<?xml version="1.0" encoding="UTF-8"?>
<testsuite xmlns:xsi="http://www.w3.org/2001/XMLSchema-instance" xsi:noNamespaceSchemaLocation="https://maven.apache.org/surefire/maven-surefire-plugin/xsd/surefire-test-report.xsd" name="org.apache.hadoop.hdds.scm.safemode.TestSCMSafeModeWithPipelineRules" time="86.492" tests="1" errors="1" skipped="0" failures="0">
  <properties>
    <property name="awt.toolkit" value="sun.awt.X11.XToolkit"/>
    <property name="file.encoding.pkg" value="sun.io"/>
    <property name="java.specification.version" value="1.8"/>
    <property name="sun.cpu.isalist" value=""/>
    <property name="sun.jnu.encoding" value="UTF-8"/>
    <property name="java.class.path" value="/workdir/hadoop-ozone/integration-test/target/test-classes:/workdir/hadoop-ozone/integration-test/target/classes:/home/user/.m2/repository/org/apache/hadoop/hadoop-ozone-common/0.5.0-SNAPSHOT/hadoop-ozone-common-0.5.0-SNAPSHOT.jar:/home/user/.m2/repository/org/apache/commons/commons-compress/1.4.1/commons-compress-1.4.1.jar:/home/user/.m2/repository/org/tukaani/xz/1.0/xz-1.0.jar:/home/user/.m2/repository/org/apache/hadoop/hadoop-common/3.2.0/hadoop-common-3.2.0.jar:/home/user/.m2/repository/org/apache/hadoop/hadoop-hdfs/3.2.0/hadoop-hdfs-3.2.0.jar:/home/user/.m2/repository/org/apache/hadoop/hadoop-hdfs-client/3.2.0/hadoop-hdfs-client-3.2.0.jar:/home/user/.m2/repository/com/fasterxml/jackson/core/jackson-annotations/2.9.9/jackson-annotations-2.9.9.jar:/home/user/.m2/repository/org/apache/hadoop/hadoop-hdds-common/0.5.0-SNAPSHOT/hadoop-hdds-common-0.5.0-SNAPSHOT.jar:/home/user/.m2/repository/javax/annotation/javax.annotation-api/1.2/javax.annotation-api-1.2.jar:/home/user/.m2/repository/org/apache/ratis/ratis-server/0.4.0/ratis-server-0.4.0.jar:/home/user/.m2/repository/org/apache/ratis/ratis-thirdparty-misc/0.2.0/ratis-thirdparty-misc-0.2.0.jar:/home/user/.m2/repository/org/apache/ratis/ratis-proto/0.4.0/ratis-proto-0.4.0.jar:/home/user/.m2/repository/org/apache/ratis/ratis-common/0.4.0/ratis-common-0.4.0.jar:/home/user/.m2/repository/org/apache/ratis/ratis-client/0.4.0/ratis-client-0.4.0.jar:/home/user/.m2/repository/org/apache/ratis/ratis-metrics/0.4.0/ratis-metrics-0.4.0.jar:/home/user/.m2/repository/com/github/joshelser/dropwizard-metrics-hadoop-metrics2-reporter/0.1.2/dropwizard-metrics-hadoop-metrics2-reporter-0.1.2.jar:/home/user/.m2/repository/io/dropwizard/metrics/metrics-jvm/3.2.5/metrics-jvm-3.2.5.jar:/home/user/.m2/repository/io/dropwizard/metrics/metrics-ganglia/3.2.5/metrics-ganglia-3.2.5.jar:/home/user/.m2/repository/info/ganglia/gmetric4j/gmetric4j/1.0.7/gmetric4j-1.0.7.jar:/home/user/.m2/repository/org/apache/ratis/ratis-netty/0.4.0/ratis-netty-0.4.0.jar:/home/user/.m2/repository/org/apache/ratis/ratis-grpc/0.4.0/ratis-grpc-0.4.0.jar:/home/user/.m2/repository/org/rocksdb/rocksdbjni/6.0.1/rocksdbjni-6.0.1.jar:/home/user/.m2/repository/org/apache/logging/log4j/log4j-api/2.11.0/log4j-api-2.11.0.jar:/home/user/.m2/repository/org/apache/logging/log4j/log4j-core/2.11.0/log4j-core-2.11.0.jar:/home/user/.m2/repository/com/lmax/disruptor/3.4.2/disruptor-3.4.2.jar:/home/user/.m2/repository/org/apache/commons/commons-pool2/2.6.0/commons-pool2-2.6.0.jar:/home/user/.m2/repository/org/bouncycastle/bcpkix-jdk15on/1.60/bcpkix-jdk15on-1.60.jar:/home/user/.m2/repository/commons-validator/commons-validator/1.6/commons-validator-1.6.jar:/home/user/.m2/repository/commons-digester/commons-digester/1.8.1/commons-digester-1.8.1.jar:/home/user/.m2/repository/io/jaegertracing/jaeger-client/0.34.0/jaeger-client-0.34.0.jar:/home/user/.m2/repository/io/jaegertracing/jaeger-thrift/0.34.0/jaeger-thrift-0.34.0.jar:/home/user/.m2/repository/org/apache/thrift/libthrift/0.12.0/libthrift-0.12.0.jar:/home/user/.m2/repository/com/squareup/okhttp3/okhttp/3.9.0/okhttp-3.9.0.jar:/home/user/.m2/repository/com/squareup/okio/okio/1.13.0/okio-1.13.0.jar:/home/user/.m2/repository/io/jaegertracing/jaeger-core/0.34.0/jaeger-core-0.34.0.jar:/home/user/.m2/repository/io/jaegertracing/jaeger-tracerresolver/0.34.0/jaeger-tracerresolver-0.34.0.jar:/home/user/.m2/repository/io/opentracing/contrib/opentracing-tracerresolver/0.1.5/opentracing-tracerresolver-0.1.5.jar:/home/user/.m2/repository/io/opentracing/opentracing-util/0.31.0/opentracing-util-0.31.0.jar:/home/user/.m2/repository/io/opentracing/opentracing-api/0.31.0/opentracing-api-0.31.0.jar:/home/user/.m2/repository/io/opentracing/opentracing-noop/0.31.0/opentracing-noop-0.31.0.jar:/home/user/.m2/repository/org/apache/hadoop/hadoop-hdds-server-framework/0.5.0-SNAPSHOT/hadoop-hdds-server-framework-0.5.0-SNAPSHOT.jar:/home/user/.m2/repository/org/apache/hadoop/hadoop-hdds-container-service/0.5.0-SNAPSHOT/hadoop-hdds-container-service-0.5.0-SNAPSHOT.jar:/home/user/.m2/repository/org/apache/hadoop/hadoop-hdds-client/0.5.0-SNAPSHOT/hadoop-hdds-client-0.5.0-SNAPSHOT.jar:/home/user/.m2/repository/org/apache/hadoop/hadoop-hdds-tools/0.5.0-SNAPSHOT/hadoop-hdds-tools-0.5.0-SNAPSHOT.jar:/home/user/.m2/repository/org/apache/hadoop/hadoop-hdds-server-scm/0.5.0-SNAPSHOT/hadoop-hdds-server-scm-0.5.0-SNAPSHOT.jar:/home/user/.m2/repository/org/apache/hadoop/hadoop-hdds-docs/0.5.0-SNAPSHOT/hadoop-hdds-docs-0.5.0-SNAPSHOT.jar:/home/user/.m2/repository/io/dropwizard/metrics/metrics-core/3.2.4/metrics-core-3.2.4.jar:/home/user/.m2/repository/org/hamcrest/hamcrest-all/1.3/hamcrest-all-1.3.jar:/home/user/.m2/repository/org/bouncycastle/bcprov-jdk15on/1.60/bcprov-jdk15on-1.60.jar:/home/user/.m2/repository/info/picocli/picocli/3.9.6/picocli-3.9.6.jar:/home/user/.m2/repository/com/google/protobuf/protobuf-java/2.5.0/protobuf-java-2.5.0.jar:/home/user/.m2/repository/com/google/guava/guava/11.0.2/guava-11.0.2.jar:/home/user/.m2/repository/org/apache/hadoop/hadoop-ozone-ozone-manager/0.5.0-SNAPSHOT/hadoop-ozone-ozone-manager-0.5.0-SNAPSHOT.jar:/home/user/.m2/repository/org/apache/hadoop/hadoop-minikdc/3.2.0/hadoop-minikdc-3.2.0.jar:/home/user/.m2/repository/commons-io/commons-io/2.5/commons-io-2.5.jar:/home/user/.m2/repository/org/apache/kerby/kerb-simplekdc/1.0.1/kerb-simplekdc-1.0.1.jar:/home/user/.m2/repository/org/apache/kerby/kerb-client/1.0.1/kerb-client-1.0.1.jar:/home/user/.m2/repository/org/apache/kerby/kerby-config/1.0.1/kerby-config-1.0.1.jar:/home/user/.m2/repository/org/apache/kerby/kerb-core/1.0.1/kerb-core-1.0.1.jar:/home/user/.m2/repository/org/apache/kerby/kerby-pkix/1.0.1/kerby-pkix-1.0.1.jar:/home/user/.m2/repository/org/apache/kerby/kerby-asn1/1.0.1/kerby-asn1-1.0.1.jar:/home/user/.m2/repository/org/apache/kerby/kerby-util/1.0.1/kerby-util-1.0.1.jar:/home/user/.m2/repository/org/apache/kerby/kerb-common/1.0.1/kerb-common-1.0.1.jar:/home/user/.m2/repository/org/apache/kerby/kerb-crypto/1.0.1/kerb-crypto-1.0.1.jar:/home/user/.m2/repository/org/apache/kerby/kerb-util/1.0.1/kerb-util-1.0.1.jar:/home/user/.m2/repository/org/apache/kerby/token-provider/1.0.1/token-provider-1.0.1.jar:/home/user/.m2/repository/org/apache/kerby/kerb-admin/1.0.1/kerb-admin-1.0.1.jar:/home/user/.m2/repository/org/apache/kerby/kerb-server/1.0.1/kerb-server-1.0.1.jar:/home/user/.m2/repository/org/apache/kerby/kerb-identity/1.0.1/kerb-identity-1.0.1.jar:/home/user/.m2/repository/org/apache/kerby/kerby-xdr/1.0.1/kerby-xdr-1.0.1.jar:/home/user/.m2/repository/org/slf4j/slf4j-log4j12/1.7.25/slf4j-log4j12-1.7.25.jar:/home/user/.m2/repository/org/apache/hadoop/hadoop-ozone-s3gateway/0.5.0-SNAPSHOT/hadoop-ozone-s3gateway-0.5.0-SNAPSHOT.jar:/home/user/.m2/repository/org/jboss/weld/servlet/weld-servlet/2.4.7.Final/weld-servlet-2.4.7.Final.jar:/home/user/.m2/repository/org/glassfish/jersey/containers/jersey-container-servlet-core/2.27/jersey-container-servlet-core-2.27.jar:/home/user/.m2/repository/org/glassfish/hk2/external/javax.inject/2.5.0-b42/javax.inject-2.5.0-b42.jar:/home/user/.m2/repository/org/glassfish/jersey/core/jersey-common/2.27/jersey-common-2.27.jar:/home/user/.m2/repository/org/glassfish/hk2/osgi-resource-locator/1.0.1/osgi-resource-locator-1.0.1.jar:/home/user/.m2/repository/javax/ws/rs/javax.ws.rs-api/2.1/javax.ws.rs-api-2.1.jar:/home/user/.m2/repository/org/glassfish/jersey/ext/cdi/jersey-cdi1x/2.27/jersey-cdi1x-2.27.jar:/home/user/.m2/repository/org/glassfish/jersey/inject/jersey-hk2/2.27/jersey-hk2-2.27.jar:/home/user/.m2/repository/org/glassfish/hk2/hk2-locator/2.5.0-b42/hk2-locator-2.5.0-b42.jar:/home/user/.m2/repository/org/javassist/javassist/3.22.0-CR2/javassist-3.22.0-CR2.jar:/home/user/.m2/repository/org/glassfish/hk2/hk2-api/2.5.0/hk2-api-2.5.0.jar:/home/user/.m2/repository/org/glassfish/hk2/external/jakarta.inject/2.5.0/jakarta.inject-2.5.0.jar:/home/user/.m2/repository/org/glassfish/hk2/hk2-utils/2.5.0/hk2-utils-2.5.0.jar:/home/user/.m2/repository/jakarta/annotation/jakarta.annotation-api/1.3.4/jakarta.annotation-api-1.3.4.jar:/home/user/.m2/repository/org/glassfish/hk2/external/aopalliance-repackaged/2.5.0/aopalliance-repackaged-2.5.0.jar:/home/user/.m2/repository/com/fasterxml/jackson/dataformat/jackson-dataformat-xml/2.9.0/jackson-dataformat-xml-2.9.0.jar:/home/user/.m2/repository/com/fasterxml/jackson/core/jackson-core/2.9.9/jackson-core-2.9.9.jar:/home/user/.m2/repository/com/fasterxml/jackson/module/jackson-module-jaxb-annotations/2.9.9/jackson-module-jaxb-annotations-2.9.9.jar:/home/user/.m2/repository/javax/enterprise/cdi-api/1.2/cdi-api-1.2.jar:/home/user/.m2/repository/javax/el/javax.el-api/3.0.0/javax.el-api-3.0.0.jar:/home/user/.m2/repository/javax/interceptor/javax.interceptor-api/1.2/javax.interceptor-api-1.2.jar:/home/user/.m2/repository/javax/inject/javax.inject/1/javax.inject-1.jar:/home/user/.m2/repository/com/sun/xml/bind/jaxb-impl/2.3.0.1/jaxb-impl-2.3.0.1.jar:/home/user/.m2/repository/com/sun/xml/bind/jaxb-core/2.3.0.1/jaxb-core-2.3.0.1.jar:/home/user/.m2/repository/javax/xml/bind/jaxb-api/2.3.0/jaxb-api-2.3.0.jar:/home/user/.m2/repository/javax/activation/activation/1.1.1/activation-1.1.1.jar:/home/user/.m2/repository/org/apache/hadoop/hadoop-ozone-csi/0.5.0-SNAPSHOT/hadoop-ozone-csi-0.5.0-SNAPSHOT.jar:/home/user/.m2/repository/com/google/protobuf/protobuf-java-util/3.5.1/protobuf-java-util-3.5.1.jar:/home/user/.m2/repository/org/apache/hadoop/hadoop-hdds-config/0.5.0-SNAPSHOT/hadoop-hdds-config-0.5.0-SNAPSHOT.jar:/home/user/.m2/repository/io/grpc/grpc-netty/1.17.1/grpc-netty-1.17.1.jar:/home/user/.m2/repository/io/grpc/grpc-core/1.17.1/grpc-core-1.17.1.jar:/home/user/.m2/repository/io/grpc/grpc-context/1.17.1/grpc-context-1.17.1.jar:/home/user/.m2/repository/com/google/errorprone/error_prone_annotations/2.2.0/error_prone_annotations-2.2.0.jar:/home/user/.m2/repository/org/codehaus/mojo/animal-sniffer-annotations/1.17/animal-sniffer-annotations-1.17.jar:/home/user/.m2/repository/io/opencensus/opencensus-api/0.17.0/opencensus-api-0.17.0.jar:/home/user/.m2/repository/io/opencensus/opencensus-contrib-grpc-metrics/0.17.0/opencensus-contrib-grpc-metrics-0.17.0.jar:/home/user/.m2/repository/io/netty/netty-codec-http2/4.1.30.Final/netty-codec-http2-4.1.30.Final.jar:/home/user/.m2/repository/io/netty/netty-codec-http/4.1.30.Final/netty-codec-http-4.1.30.Final.jar:/home/user/.m2/repository/io/netty/netty-codec/4.1.30.Final/netty-codec-4.1.30.Final.jar:/home/user/.m2/repository/io/netty/netty-handler/4.1.30.Final/netty-handler-4.1.30.Final.jar:/home/user/.m2/repository/io/netty/netty-handler-proxy/4.1.30.Final/netty-handler-proxy-4.1.30.Final.jar:/home/user/.m2/repository/io/netty/netty-codec-socks/4.1.30.Final/netty-codec-socks-4.1.30.Final.jar:/home/user/.m2/repository/io/netty/netty-transport-native-epoll/4.1.30.Final/netty-transport-native-epoll-4.1.30.Final.jar:/home/user/.m2/repository/io/netty/netty-common/4.1.30.Final/netty-common-4.1.30.Final.jar:/home/user/.m2/repository/io/netty/netty-buffer/4.1.30.Final/netty-buffer-4.1.30.Final.jar:/home/user/.m2/repository/io/netty/netty-transport/4.1.30.Final/netty-transport-4.1.30.Final.jar:/home/user/.m2/repository/io/netty/netty-resolver/4.1.30.Final/netty-resolver-4.1.30.Final.jar:/home/user/.m2/repository/io/netty/netty-transport-native-unix-common/4.1.30.Final/netty-transport-native-unix-common-4.1.30.Final.jar:/home/user/.m2/repository/io/grpc/grpc-protobuf/1.17.1/grpc-protobuf-1.17.1.jar:/home/user/.m2/repository/com/google/api/grpc/proto-google-common-protos/1.0.0/proto-google-common-protos-1.0.0.jar:/home/user/.m2/repository/io/grpc/grpc-protobuf-lite/1.17.1/grpc-protobuf-lite-1.17.1.jar:/home/user/.m2/repository/io/grpc/grpc-stub/1.17.1/grpc-stub-1.17.1.jar:/home/user/.m2/repository/org/apache/hadoop/hadoop-ozone-recon/0.5.0-SNAPSHOT/hadoop-ozone-recon-0.5.0-SNAPSHOT.jar:/home/user/.m2/repository/org/apache/hadoop/hadoop-ozone-reconcodegen/0.5.0-SNAPSHOT/hadoop-ozone-reconcodegen-0.5.0-SNAPSHOT.jar:/home/user/.m2/repository/com/google/inject/extensions/guice-multibindings/4.0/guice-multibindings-4.0.jar:/home/user/.m2/repository/com/google/inject/guice/4.0/guice-4.0.jar:/home/user/.m2/repository/aopalliance/aopalliance/1.0/aopalliance-1.0.jar:/home/user/.m2/repository/com/google/inject/extensions/guice-servlet/4.0/guice-servlet-4.0.jar:/home/user/.m2/repository/org/glassfish/jersey/containers/jersey-container-servlet/2.27/jersey-container-servlet-2.27.jar:/home/user/.m2/repository/org/glassfish/hk2/guice-bridge/2.5.0/guice-bridge-2.5.0.jar:/home/user/.m2/repository/org/glassfish/jersey/core/jersey-server/2.27/jersey-server-2.27.jar:/home/user/.m2/repository/org/glassfish/jersey/core/jersey-client/2.27/jersey-client-2.27.jar:/home/user/.m2/repository/org/glassfish/jersey/media/jersey-media-jaxb/2.27/jersey-media-jaxb-2.27.jar:/home/user/.m2/repository/javax/validation/validation-api/1.1.0.Final/validation-api-1.1.0.Final.jar:/home/user/.m2/repository/org/glassfish/jersey/media/jersey-media-json-jackson/2.27/jersey-media-json-jackson-2.27.jar:/home/user/.m2/repository/org/glassfish/jersey/ext/jersey-entity-filtering/2.27/jersey-entity-filtering-2.27.jar:/home/user/.m2/repository/com/google/inject/extensions/guice-assistedinject/4.0/guice-assistedinject-4.0.jar:/home/user/.m2/repository/org/jooq/jooq/3.11.10/jooq-3.11.10.jar:/home/user/.m2/repository/org/jooq/jooq-meta/3.11.10/jooq-meta-3.11.10.jar:/home/user/.m2/repository/org/jooq/jooq-codegen/3.11.10/jooq-codegen-3.11.10.jar:/home/user/.m2/repository/com/jolbox/bonecp/0.8.0.RELEASE/bonecp-0.8.0.RELEASE.jar:/home/user/.m2/repository/org/xerial/sqlite-jdbc/3.25.2/sqlite-jdbc-3.25.2.jar:/home/user/.m2/repository/org/springframework/spring-jdbc/5.1.3.RELEASE/spring-jdbc-5.1.3.RELEASE.jar:/home/user/.m2/repository/org/springframework/spring-beans/5.1.3.RELEASE/spring-beans-5.1.3.RELEASE.jar:/home/user/.m2/repository/org/springframework/spring-core/5.1.3.RELEASE/spring-core-5.1.3.RELEASE.jar:/home/user/.m2/repository/org/springframework/spring-jcl/5.1.3.RELEASE/spring-jcl-5.1.3.RELEASE.jar:/home/user/.m2/repository/org/springframework/spring-tx/5.1.3.RELEASE/spring-tx-5.1.3.RELEASE.jar:/home/user/.m2/repository/org/apache/hadoop/hadoop-ozone-client/0.5.0-SNAPSHOT/hadoop-ozone-client-0.5.0-SNAPSHOT.jar:/home/user/.m2/repository/commons-lang/commons-lang/2.6/commons-lang-2.6.jar:/home/user/.m2/repository/org/apache/hadoop/hadoop-ozone-ozone-manager/0.5.0-SNAPSHOT/hadoop-ozone-ozone-manager-0.5.0-SNAPSHOT-tests.jar:/home/user/.m2/repository/junit/junit/4.11/junit-4.11.jar:/home/user/.m2/repository/org/hamcrest/hamcrest-core/1.3/hamcrest-core-1.3.jar:/home/user/.m2/repository/org/openjdk/jmh/jmh-core/1.19/jmh-core-1.19.jar:/home/user/.m2/repository/net/sf/jopt-simple/jopt-simple/4.6/jopt-simple-4.6.jar:/home/user/.m2/repository/org/apache/commons/commons-math3/3.1.1/commons-math3-3.1.1.jar:/home/user/.m2/repository/org/openjdk/jmh/jmh-generator-annprocess/1.19/jmh-generator-annprocess-1.19.jar:/home/user/.m2/repository/org/mockito/mockito-all/1.8.5/mockito-all-1.8.5.jar:/home/user/.m2/repository/org/apache/hadoop/hadoop-kms/3.2.0/hadoop-kms-3.2.0.jar:/home/user/.m2/repository/org/apache/hadoop/hadoop-auth/3.2.0/hadoop-auth-3.2.0.jar:/home/user/.m2/repository/com/nimbusds/nimbus-jose-jwt/4.41.1/nimbus-jose-jwt-4.41.1.jar:/home/user/.m2/repository/com/github/stephenc/jcip/jcip-annotations/1.0-1/jcip-annotations-1.0-1.jar:/home/user/.m2/repository/net/minidev/json-smart/2.3/json-smart-2.3.jar:/home/user/.m2/repository/net/minidev/accessors-smart/1.2/accessors-smart-1.2.jar:/home/user/.m2/repository/org/ow2/asm/asm/5.0.4/asm-5.0.4.jar:/home/user/.m2/repository/org/apache/curator/curator-framework/2.12.0/curator-framework-2.12.0.jar:/home/user/.m2/repository/com/sun/jersey/jersey-core/1.19/jersey-core-1.19.jar:/home/user/.m2/repository/javax/ws/rs/jsr311-api/1.1.1/jsr311-api-1.1.1.jar:/home/user/.m2/repository/com/sun/jersey/jersey-server/1.19/jersey-server-1.19.jar:/home/user/.m2/repository/javax/servlet/javax.servlet-api/3.1.0/javax.servlet-api-3.1.0.jar:/home/user/.m2/repository/org/eclipse/jetty/jetty-server/9.3.25.v20180904/jetty-server-9.3.25.v20180904.jar:/home/user/.m2/repository/org/eclipse/jetty/jetty-http/9.3.25.v20180904/jetty-http-9.3.25.v20180904.jar:/home/user/.m2/repository/org/eclipse/jetty/jetty-io/9.3.25.v20180904/jetty-io-9.3.25.v20180904.jar:/home/user/.m2/repository/org/eclipse/jetty/jetty-webapp/9.3.25.v20180904/jetty-webapp-9.3.25.v20180904.jar:/home/user/.m2/repository/org/eclipse/jetty/jetty-xml/9.3.25.v20180904/jetty-xml-9.3.25.v20180904.jar:/home/user/.m2/repository/log4j/log4j/1.2.17/log4j-1.2.17.jar:/home/user/.m2/repository/org/slf4j/slf4j-api/1.7.25/slf4j-api-1.7.25.jar:/home/user/.m2/repository/org/slf4j/jul-to-slf4j/1.7.25/jul-to-slf4j-1.7.25.jar:/home/user/.m2/repository/org/eclipse/jetty/jetty-util/9.3.25.v20180904/jetty-util-9.3.25.v20180904.jar:/home/user/.m2/repository/com/fasterxml/jackson/core/jackson-databind/2.9.9/jackson-databind-2.9.9.jar:/home/user/.m2/repository/org/apache/hadoop/hadoop-kms/3.2.0/hadoop-kms-3.2.0-tests.jar:/home/user/.m2/repository/org/apache/hadoop/hadoop-hdds-server-scm/0.5.0-SNAPSHOT/hadoop-hdds-server-scm-0.5.0-SNAPSHOT-tests.jar:/home/user/.m2/repository/org/apache/hadoop/hadoop-hdds-container-service/0.5.0-SNAPSHOT/hadoop-hdds-container-service-0.5.0-SNAPSHOT-tests.jar:/home/user/.m2/repository/org/yaml/snakeyaml/1.16/snakeyaml-1.16.jar:/home/user/.m2/repository/org/apache/hadoop/hadoop-common/3.2.0/hadoop-common-3.2.0-tests.jar:/home/user/.m2/repository/org/apache/hadoop/hadoop-annotations/3.2.0/hadoop-annotations-3.2.0.jar:/usr/lib/jvm/java-1.8-openjdk/jre/../lib/tools.jar:/home/user/.m2/repository/commons-cli/commons-cli/1.2/commons-cli-1.2.jar:/home/user/.m2/repository/org/apache/httpcomponents/httpclient/4.5.2/httpclient-4.5.2.jar:/home/user/.m2/repository/org/apache/httpcomponents/httpcore/4.4.4/httpcore-4.4.4.jar:/home/user/.m2/repository/commons-codec/commons-codec/1.11/commons-codec-1.11.jar:/home/user/.m2/repository/commons-net/commons-net/3.6/commons-net-3.6.jar:/home/user/.m2/repository/commons-collections/commons-collections/3.2.2/commons-collections-3.2.2.jar:/home/user/.m2/repository/org/eclipse/jetty/jetty-servlet/9.3.25.v20180904/jetty-servlet-9.3.25.v20180904.jar:/home/user/.m2/repository/org/eclipse/jetty/jetty-security/9.3.25.v20180904/jetty-security-9.3.25.v20180904.jar:/home/user/.m2/repository/javax/servlet/jsp/jsp-api/2.1/jsp-api-2.1.jar:/home/user/.m2/repository/com/sun/jersey/jersey-servlet/1.19/jersey-servlet-1.19.jar:/home/user/.m2/repository/com/sun/jersey/jersey-json/1.19/jersey-json-1.19.jar:/home/user/.m2/repository/org/codehaus/jettison/jettison/1.1/jettison-1.1.jar:/home/user/.m2/repository/org/codehaus/jackson/jackson-core-asl/1.9.13/jackson-core-asl-1.9.13.jar:/home/user/.m2/repository/org/codehaus/jackson/jackson-mapper-asl/1.9.13/jackson-mapper-asl-1.9.13.jar:/home/user/.m2/repository/org/codehaus/jackson/jackson-jaxrs/1.9.13/jackson-jaxrs-1.9.13.jar:/home/user/.m2/repository/org/codehaus/jackson/jackson-xc/1.9.13/jackson-xc-1.9.13.jar:/home/user/.m2/repository/commons-logging/commons-logging/1.1.3/commons-logging-1.1.3.jar:/home/user/.m2/repository/commons-beanutils/commons-beanutils/1.9.4/commons-beanutils-1.9.4.jar:/home/user/.m2/repository/org/apache/commons/commons-configuration2/2.1.1/commons-configuration2-2.1.1.jar:/home/user/.m2/repository/org/apache/commons/commons-lang3/3.7/commons-lang3-3.7.jar:/home/user/.m2/repository/org/apache/commons/commons-text/1.4/commons-text-1.4.jar:/home/user/.m2/repository/org/apache/avro/avro/1.7.7/avro-1.7.7.jar:/home/user/.m2/repository/com/thoughtworks/paranamer/paranamer/2.3/paranamer-2.3.jar:/home/user/.m2/repository/org/xerial/snappy/snappy-java/1.0.5/snappy-java-1.0.5.jar:/home/user/.m2/repository/com/google/re2j/re2j/1.1/re2j-1.1.jar:/home/user/.m2/repository/com/google/code/gson/gson/2.2.4/gson-2.2.4.jar:/home/user/.m2/repository/com/jcraft/jsch/0.1.54/jsch-0.1.54.jar:/home/user/.m2/repository/org/apache/curator/curator-client/2.12.0/curator-client-2.12.0.jar:/home/user/.m2/repository/org/apache/curator/curator-recipes/2.12.0/curator-recipes-2.12.0.jar:/home/user/.m2/repository/com/google/code/findbugs/jsr305/3.0.0/jsr305-3.0.0.jar:/home/user/.m2/repository/org/apache/htrace/htrace-core4/4.1.0-incubating/htrace-core4-4.1.0-incubating.jar:/home/user/.m2/repository/org/apache/zookeeper/zookeeper/3.4.13/zookeeper-3.4.13.jar:/home/user/.m2/repository/jline/jline/0.9.94/jline-0.9.94.jar:/home/user/.m2/repository/org/apache/yetus/audience-annotations/0.5.0/audience-annotations-0.5.0.jar:/home/user/.m2/repository/org/codehaus/woodstox/stax2-api/3.1.4/stax2-api-3.1.4.jar:/home/user/.m2/repository/com/fasterxml/woodstox/woodstox-core/5.0.3/woodstox-core-5.0.3.jar:/home/user/.m2/repository/dnsjava/dnsjava/2.1.7/dnsjava-2.1.7.jar:/home/user/.m2/repository/org/apache/hadoop/hadoop-hdfs/3.2.0/hadoop-hdfs-3.2.0-tests.jar:/home/user/.m2/repository/org/eclipse/jetty/jetty-util-ajax/9.3.25.v20180904/jetty-util-ajax-9.3.25.v20180904.jar:/home/user/.m2/repository/commons-daemon/commons-daemon/1.0.13/commons-daemon-1.0.13.jar:/home/user/.m2/repository/io/netty/netty/3.10.5.Final/netty-3.10.5.Final.jar:/home/user/.m2/repository/io/netty/netty-all/4.0.52.Final/netty-all-4.0.52.Final.jar:/home/user/.m2/repository/org/fusesource/leveldbjni/leveldbjni-all/1.8/leveldbjni-all-1.8.jar:"/>
    <property name="java.vm.vendor" value="IcedTea"/>
    <property name="sun.arch.data.model" value="64"/>
    <property name="test.build.dir" value="/workdir/hadoop-ozone/integration-test/target/test-dir"/>
    <property name="test.cache.data" value=""/>
    <property name="java.vendor.url" value="https://icedtea.classpath.org"/>
    <property name="user.timezone" value=""/>
    <property name="java.vm.specification.version" value="1.8"/>
    <property name="os.name" value="Linux"/>
    <property name="test.build.data" value="/workdir/hadoop-ozone/integration-test/target/test-dir"/>
    <property name="user.country" value="US"/>
    <property name="sun.java.launcher" value="SUN_STANDARD"/>
    <property name="sun.boot.library.path" value="/usr/lib/jvm/java-1.8-openjdk/jre/lib/amd64"/>
    <property name="sun.java.command" value="/workdir/hadoop-ozone/integration-test/target/surefire/surefirebooter4053150228866373450.jar /workdir/hadoop-ozone/integration-test/target/surefire 2019-09-25T10-18-59_181-jvmRun1 surefire5802157812208694238tmp surefire_813614873987282894149tmp"/>
    <property name="test" value="!TestMiniChaosOzoneCluster"/>
    <property name="surefire.test.class.path" value="/workdir/hadoop-ozone/integration-test/target/test-classes:/workdir/hadoop-ozone/integration-test/target/classes:/home/user/.m2/repository/org/apache/hadoop/hadoop-ozone-common/0.5.0-SNAPSHOT/hadoop-ozone-common-0.5.0-SNAPSHOT.jar:/home/user/.m2/repository/org/apache/commons/commons-compress/1.4.1/commons-compress-1.4.1.jar:/home/user/.m2/repository/org/tukaani/xz/1.0/xz-1.0.jar:/home/user/.m2/repository/org/apache/hadoop/hadoop-common/3.2.0/hadoop-common-3.2.0.jar:/home/user/.m2/repository/org/apache/hadoop/hadoop-hdfs/3.2.0/hadoop-hdfs-3.2.0.jar:/home/user/.m2/repository/org/apache/hadoop/hadoop-hdfs-client/3.2.0/hadoop-hdfs-client-3.2.0.jar:/home/user/.m2/repository/com/fasterxml/jackson/core/jackson-annotations/2.9.9/jackson-annotations-2.9.9.jar:/home/user/.m2/repository/org/apache/hadoop/hadoop-hdds-common/0.5.0-SNAPSHOT/hadoop-hdds-common-0.5.0-SNAPSHOT.jar:/home/user/.m2/repository/javax/annotation/javax.annotation-api/1.2/javax.annotation-api-1.2.jar:/home/user/.m2/repository/org/apache/ratis/ratis-server/0.4.0/ratis-server-0.4.0.jar:/home/user/.m2/repository/org/apache/ratis/ratis-thirdparty-misc/0.2.0/ratis-thirdparty-misc-0.2.0.jar:/home/user/.m2/repository/org/apache/ratis/ratis-proto/0.4.0/ratis-proto-0.4.0.jar:/home/user/.m2/repository/org/apache/ratis/ratis-common/0.4.0/ratis-common-0.4.0.jar:/home/user/.m2/repository/org/apache/ratis/ratis-client/0.4.0/ratis-client-0.4.0.jar:/home/user/.m2/repository/org/apache/ratis/ratis-metrics/0.4.0/ratis-metrics-0.4.0.jar:/home/user/.m2/repository/com/github/joshelser/dropwizard-metrics-hadoop-metrics2-reporter/0.1.2/dropwizard-metrics-hadoop-metrics2-reporter-0.1.2.jar:/home/user/.m2/repository/io/dropwizard/metrics/metrics-jvm/3.2.5/metrics-jvm-3.2.5.jar:/home/user/.m2/repository/io/dropwizard/metrics/metrics-ganglia/3.2.5/metrics-ganglia-3.2.5.jar:/home/user/.m2/repository/info/ganglia/gmetric4j/gmetric4j/1.0.7/gmetric4j-1.0.7.jar:/home/user/.m2/repository/org/apache/ratis/ratis-netty/0.4.0/ratis-netty-0.4.0.jar:/home/user/.m2/repository/org/apache/ratis/ratis-grpc/0.4.0/ratis-grpc-0.4.0.jar:/home/user/.m2/repository/org/rocksdb/rocksdbjni/6.0.1/rocksdbjni-6.0.1.jar:/home/user/.m2/repository/org/apache/logging/log4j/log4j-api/2.11.0/log4j-api-2.11.0.jar:/home/user/.m2/repository/org/apache/logging/log4j/log4j-core/2.11.0/log4j-core-2.11.0.jar:/home/user/.m2/repository/com/lmax/disruptor/3.4.2/disruptor-3.4.2.jar:/home/user/.m2/repository/org/apache/commons/commons-pool2/2.6.0/commons-pool2-2.6.0.jar:/home/user/.m2/repository/org/bouncycastle/bcpkix-jdk15on/1.60/bcpkix-jdk15on-1.60.jar:/home/user/.m2/repository/commons-validator/commons-validator/1.6/commons-validator-1.6.jar:/home/user/.m2/repository/commons-digester/commons-digester/1.8.1/commons-digester-1.8.1.jar:/home/user/.m2/repository/io/jaegertracing/jaeger-client/0.34.0/jaeger-client-0.34.0.jar:/home/user/.m2/repository/io/jaegertracing/jaeger-thrift/0.34.0/jaeger-thrift-0.34.0.jar:/home/user/.m2/repository/org/apache/thrift/libthrift/0.12.0/libthrift-0.12.0.jar:/home/user/.m2/repository/com/squareup/okhttp3/okhttp/3.9.0/okhttp-3.9.0.jar:/home/user/.m2/repository/com/squareup/okio/okio/1.13.0/okio-1.13.0.jar:/home/user/.m2/repository/io/jaegertracing/jaeger-core/0.34.0/jaeger-core-0.34.0.jar:/home/user/.m2/repository/io/jaegertracing/jaeger-tracerresolver/0.34.0/jaeger-tracerresolver-0.34.0.jar:/home/user/.m2/repository/io/opentracing/contrib/opentracing-tracerresolver/0.1.5/opentracing-tracerresolver-0.1.5.jar:/home/user/.m2/repository/io/opentracing/opentracing-util/0.31.0/opentracing-util-0.31.0.jar:/home/user/.m2/repository/io/opentracing/opentracing-api/0.31.0/opentracing-api-0.31.0.jar:/home/user/.m2/repository/io/opentracing/opentracing-noop/0.31.0/opentracing-noop-0.31.0.jar:/home/user/.m2/repository/org/apache/hadoop/hadoop-hdds-server-framework/0.5.0-SNAPSHOT/hadoop-hdds-server-framework-0.5.0-SNAPSHOT.jar:/home/user/.m2/repository/org/apache/hadoop/hadoop-hdds-container-service/0.5.0-SNAPSHOT/hadoop-hdds-container-service-0.5.0-SNAPSHOT.jar:/home/user/.m2/repository/org/apache/hadoop/hadoop-hdds-client/0.5.0-SNAPSHOT/hadoop-hdds-client-0.5.0-SNAPSHOT.jar:/home/user/.m2/repository/org/apache/hadoop/hadoop-hdds-tools/0.5.0-SNAPSHOT/hadoop-hdds-tools-0.5.0-SNAPSHOT.jar:/home/user/.m2/repository/org/apache/hadoop/hadoop-hdds-server-scm/0.5.0-SNAPSHOT/hadoop-hdds-server-scm-0.5.0-SNAPSHOT.jar:/home/user/.m2/repository/org/apache/hadoop/hadoop-hdds-docs/0.5.0-SNAPSHOT/hadoop-hdds-docs-0.5.0-SNAPSHOT.jar:/home/user/.m2/repository/io/dropwizard/metrics/metrics-core/3.2.4/metrics-core-3.2.4.jar:/home/user/.m2/repository/org/hamcrest/hamcrest-all/1.3/hamcrest-all-1.3.jar:/home/user/.m2/repository/org/bouncycastle/bcprov-jdk15on/1.60/bcprov-jdk15on-1.60.jar:/home/user/.m2/repository/info/picocli/picocli/3.9.6/picocli-3.9.6.jar:/home/user/.m2/repository/com/google/protobuf/protobuf-java/2.5.0/protobuf-java-2.5.0.jar:/home/user/.m2/repository/com/google/guava/guava/11.0.2/guava-11.0.2.jar:/home/user/.m2/repository/org/apache/hadoop/hadoop-ozone-ozone-manager/0.5.0-SNAPSHOT/hadoop-ozone-ozone-manager-0.5.0-SNAPSHOT.jar:/home/user/.m2/repository/org/apache/hadoop/hadoop-minikdc/3.2.0/hadoop-minikdc-3.2.0.jar:/home/user/.m2/repository/commons-io/commons-io/2.5/commons-io-2.5.jar:/home/user/.m2/repository/org/apache/kerby/kerb-simplekdc/1.0.1/kerb-simplekdc-1.0.1.jar:/home/user/.m2/repository/org/apache/kerby/kerb-client/1.0.1/kerb-client-1.0.1.jar:/home/user/.m2/repository/org/apache/kerby/kerby-config/1.0.1/kerby-config-1.0.1.jar:/home/user/.m2/repository/org/apache/kerby/kerb-core/1.0.1/kerb-core-1.0.1.jar:/home/user/.m2/repository/org/apache/kerby/kerby-pkix/1.0.1/kerby-pkix-1.0.1.jar:/home/user/.m2/repository/org/apache/kerby/kerby-asn1/1.0.1/kerby-asn1-1.0.1.jar:/home/user/.m2/repository/org/apache/kerby/kerby-util/1.0.1/kerby-util-1.0.1.jar:/home/user/.m2/repository/org/apache/kerby/kerb-common/1.0.1/kerb-common-1.0.1.jar:/home/user/.m2/repository/org/apache/kerby/kerb-crypto/1.0.1/kerb-crypto-1.0.1.jar:/home/user/.m2/repository/org/apache/kerby/kerb-util/1.0.1/kerb-util-1.0.1.jar:/home/user/.m2/repository/org/apache/kerby/token-provider/1.0.1/token-provider-1.0.1.jar:/home/user/.m2/repository/org/apache/kerby/kerb-admin/1.0.1/kerb-admin-1.0.1.jar:/home/user/.m2/repository/org/apache/kerby/kerb-server/1.0.1/kerb-server-1.0.1.jar:/home/user/.m2/repository/org/apache/kerby/kerb-identity/1.0.1/kerb-identity-1.0.1.jar:/home/user/.m2/repository/org/apache/kerby/kerby-xdr/1.0.1/kerby-xdr-1.0.1.jar:/home/user/.m2/repository/org/slf4j/slf4j-log4j12/1.7.25/slf4j-log4j12-1.7.25.jar:/home/user/.m2/repository/org/apache/hadoop/hadoop-ozone-s3gateway/0.5.0-SNAPSHOT/hadoop-ozone-s3gateway-0.5.0-SNAPSHOT.jar:/home/user/.m2/repository/org/jboss/weld/servlet/weld-servlet/2.4.7.Final/weld-servlet-2.4.7.Final.jar:/home/user/.m2/repository/org/glassfish/jersey/containers/jersey-container-servlet-core/2.27/jersey-container-servlet-core-2.27.jar:/home/user/.m2/repository/org/glassfish/hk2/external/javax.inject/2.5.0-b42/javax.inject-2.5.0-b42.jar:/home/user/.m2/repository/org/glassfish/jersey/core/jersey-common/2.27/jersey-common-2.27.jar:/home/user/.m2/repository/org/glassfish/hk2/osgi-resource-locator/1.0.1/osgi-resource-locator-1.0.1.jar:/home/user/.m2/repository/javax/ws/rs/javax.ws.rs-api/2.1/javax.ws.rs-api-2.1.jar:/home/user/.m2/repository/org/glassfish/jersey/ext/cdi/jersey-cdi1x/2.27/jersey-cdi1x-2.27.jar:/home/user/.m2/repository/org/glassfish/jersey/inject/jersey-hk2/2.27/jersey-hk2-2.27.jar:/home/user/.m2/repository/org/glassfish/hk2/hk2-locator/2.5.0-b42/hk2-locator-2.5.0-b42.jar:/home/user/.m2/repository/org/javassist/javassist/3.22.0-CR2/javassist-3.22.0-CR2.jar:/home/user/.m2/repository/org/glassfish/hk2/hk2-api/2.5.0/hk2-api-2.5.0.jar:/home/user/.m2/repository/org/glassfish/hk2/external/jakarta.inject/2.5.0/jakarta.inject-2.5.0.jar:/home/user/.m2/repository/org/glassfish/hk2/hk2-utils/2.5.0/hk2-utils-2.5.0.jar:/home/user/.m2/repository/jakarta/annotation/jakarta.annotation-api/1.3.4/jakarta.annotation-api-1.3.4.jar:/home/user/.m2/repository/org/glassfish/hk2/external/aopalliance-repackaged/2.5.0/aopalliance-repackaged-2.5.0.jar:/home/user/.m2/repository/com/fasterxml/jackson/dataformat/jackson-dataformat-xml/2.9.0/jackson-dataformat-xml-2.9.0.jar:/home/user/.m2/repository/com/fasterxml/jackson/core/jackson-core/2.9.9/jackson-core-2.9.9.jar:/home/user/.m2/repository/com/fasterxml/jackson/module/jackson-module-jaxb-annotations/2.9.9/jackson-module-jaxb-annotations-2.9.9.jar:/home/user/.m2/repository/javax/enterprise/cdi-api/1.2/cdi-api-1.2.jar:/home/user/.m2/repository/javax/el/javax.el-api/3.0.0/javax.el-api-3.0.0.jar:/home/user/.m2/repository/javax/interceptor/javax.interceptor-api/1.2/javax.interceptor-api-1.2.jar:/home/user/.m2/repository/javax/inject/javax.inject/1/javax.inject-1.jar:/home/user/.m2/repository/com/sun/xml/bind/jaxb-impl/2.3.0.1/jaxb-impl-2.3.0.1.jar:/home/user/.m2/repository/com/sun/xml/bind/jaxb-core/2.3.0.1/jaxb-core-2.3.0.1.jar:/home/user/.m2/repository/javax/xml/bind/jaxb-api/2.3.0/jaxb-api-2.3.0.jar:/home/user/.m2/repository/javax/activation/activation/1.1.1/activation-1.1.1.jar:/home/user/.m2/repository/org/apache/hadoop/hadoop-ozone-csi/0.5.0-SNAPSHOT/hadoop-ozone-csi-0.5.0-SNAPSHOT.jar:/home/user/.m2/repository/com/google/protobuf/protobuf-java-util/3.5.1/protobuf-java-util-3.5.1.jar:/home/user/.m2/repository/org/apache/hadoop/hadoop-hdds-config/0.5.0-SNAPSHOT/hadoop-hdds-config-0.5.0-SNAPSHOT.jar:/home/user/.m2/repository/io/grpc/grpc-netty/1.17.1/grpc-netty-1.17.1.jar:/home/user/.m2/repository/io/grpc/grpc-core/1.17.1/grpc-core-1.17.1.jar:/home/user/.m2/repository/io/grpc/grpc-context/1.17.1/grpc-context-1.17.1.jar:/home/user/.m2/repository/com/google/errorprone/error_prone_annotations/2.2.0/error_prone_annotations-2.2.0.jar:/home/user/.m2/repository/org/codehaus/mojo/animal-sniffer-annotations/1.17/animal-sniffer-annotations-1.17.jar:/home/user/.m2/repository/io/opencensus/opencensus-api/0.17.0/opencensus-api-0.17.0.jar:/home/user/.m2/repository/io/opencensus/opencensus-contrib-grpc-metrics/0.17.0/opencensus-contrib-grpc-metrics-0.17.0.jar:/home/user/.m2/repository/io/netty/netty-codec-http2/4.1.30.Final/netty-codec-http2-4.1.30.Final.jar:/home/user/.m2/repository/io/netty/netty-codec-http/4.1.30.Final/netty-codec-http-4.1.30.Final.jar:/home/user/.m2/repository/io/netty/netty-codec/4.1.30.Final/netty-codec-4.1.30.Final.jar:/home/user/.m2/repository/io/netty/netty-handler/4.1.30.Final/netty-handler-4.1.30.Final.jar:/home/user/.m2/repository/io/netty/netty-handler-proxy/4.1.30.Final/netty-handler-proxy-4.1.30.Final.jar:/home/user/.m2/repository/io/netty/netty-codec-socks/4.1.30.Final/netty-codec-socks-4.1.30.Final.jar:/home/user/.m2/repository/io/netty/netty-transport-native-epoll/4.1.30.Final/netty-transport-native-epoll-4.1.30.Final.jar:/home/user/.m2/repository/io/netty/netty-common/4.1.30.Final/netty-common-4.1.30.Final.jar:/home/user/.m2/repository/io/netty/netty-buffer/4.1.30.Final/netty-buffer-4.1.30.Final.jar:/home/user/.m2/repository/io/netty/netty-transport/4.1.30.Final/netty-transport-4.1.30.Final.jar:/home/user/.m2/repository/io/netty/netty-resolver/4.1.30.Final/netty-resolver-4.1.30.Final.jar:/home/user/.m2/repository/io/netty/netty-transport-native-unix-common/4.1.30.Final/netty-transport-native-unix-common-4.1.30.Final.jar:/home/user/.m2/repository/io/grpc/grpc-protobuf/1.17.1/grpc-protobuf-1.17.1.jar:/home/user/.m2/repository/com/google/api/grpc/proto-google-common-protos/1.0.0/proto-google-common-protos-1.0.0.jar:/home/user/.m2/repository/io/grpc/grpc-protobuf-lite/1.17.1/grpc-protobuf-lite-1.17.1.jar:/home/user/.m2/repository/io/grpc/grpc-stub/1.17.1/grpc-stub-1.17.1.jar:/home/user/.m2/repository/org/apache/hadoop/hadoop-ozone-recon/0.5.0-SNAPSHOT/hadoop-ozone-recon-0.5.0-SNAPSHOT.jar:/home/user/.m2/repository/org/apache/hadoop/hadoop-ozone-reconcodegen/0.5.0-SNAPSHOT/hadoop-ozone-reconcodegen-0.5.0-SNAPSHOT.jar:/home/user/.m2/repository/com/google/inject/extensions/guice-multibindings/4.0/guice-multibindings-4.0.jar:/home/user/.m2/repository/com/google/inject/guice/4.0/guice-4.0.jar:/home/user/.m2/repository/aopalliance/aopalliance/1.0/aopalliance-1.0.jar:/home/user/.m2/repository/com/google/inject/extensions/guice-servlet/4.0/guice-servlet-4.0.jar:/home/user/.m2/repository/org/glassfish/jersey/containers/jersey-container-servlet/2.27/jersey-container-servlet-2.27.jar:/home/user/.m2/repository/org/glassfish/hk2/guice-bridge/2.5.0/guice-bridge-2.5.0.jar:/home/user/.m2/repository/org/glassfish/jersey/core/jersey-server/2.27/jersey-server-2.27.jar:/home/user/.m2/repository/org/glassfish/jersey/core/jersey-client/2.27/jersey-client-2.27.jar:/home/user/.m2/repository/org/glassfish/jersey/media/jersey-media-jaxb/2.27/jersey-media-jaxb-2.27.jar:/home/user/.m2/repository/javax/validation/validation-api/1.1.0.Final/validation-api-1.1.0.Final.jar:/home/user/.m2/repository/org/glassfish/jersey/media/jersey-media-json-jackson/2.27/jersey-media-json-jackson-2.27.jar:/home/user/.m2/repository/org/glassfish/jersey/ext/jersey-entity-filtering/2.27/jersey-entity-filtering-2.27.jar:/home/user/.m2/repository/com/google/inject/extensions/guice-assistedinject/4.0/guice-assistedinject-4.0.jar:/home/user/.m2/repository/org/jooq/jooq/3.11.10/jooq-3.11.10.jar:/home/user/.m2/repository/org/jooq/jooq-meta/3.11.10/jooq-meta-3.11.10.jar:/home/user/.m2/repository/org/jooq/jooq-codegen/3.11.10/jooq-codegen-3.11.10.jar:/home/user/.m2/repository/com/jolbox/bonecp/0.8.0.RELEASE/bonecp-0.8.0.RELEASE.jar:/home/user/.m2/repository/org/xerial/sqlite-jdbc/3.25.2/sqlite-jdbc-3.25.2.jar:/home/user/.m2/repository/org/springframework/spring-jdbc/5.1.3.RELEASE/spring-jdbc-5.1.3.RELEASE.jar:/home/user/.m2/repository/org/springframework/spring-beans/5.1.3.RELEASE/spring-beans-5.1.3.RELEASE.jar:/home/user/.m2/repository/org/springframework/spring-core/5.1.3.RELEASE/spring-core-5.1.3.RELEASE.jar:/home/user/.m2/repository/org/springframework/spring-jcl/5.1.3.RELEASE/spring-jcl-5.1.3.RELEASE.jar:/home/user/.m2/repository/org/springframework/spring-tx/5.1.3.RELEASE/spring-tx-5.1.3.RELEASE.jar:/home/user/.m2/repository/org/apache/hadoop/hadoop-ozone-client/0.5.0-SNAPSHOT/hadoop-ozone-client-0.5.0-SNAPSHOT.jar:/home/user/.m2/repository/commons-lang/commons-lang/2.6/commons-lang-2.6.jar:/home/user/.m2/repository/org/apache/hadoop/hadoop-ozone-ozone-manager/0.5.0-SNAPSHOT/hadoop-ozone-ozone-manager-0.5.0-SNAPSHOT-tests.jar:/home/user/.m2/repository/junit/junit/4.11/junit-4.11.jar:/home/user/.m2/repository/org/hamcrest/hamcrest-core/1.3/hamcrest-core-1.3.jar:/home/user/.m2/repository/org/openjdk/jmh/jmh-core/1.19/jmh-core-1.19.jar:/home/user/.m2/repository/net/sf/jopt-simple/jopt-simple/4.6/jopt-simple-4.6.jar:/home/user/.m2/repository/org/apache/commons/commons-math3/3.1.1/commons-math3-3.1.1.jar:/home/user/.m2/repository/org/openjdk/jmh/jmh-generator-annprocess/1.19/jmh-generator-annprocess-1.19.jar:/home/user/.m2/repository/org/mockito/mockito-all/1.8.5/mockito-all-1.8.5.jar:/home/user/.m2/repository/org/apache/hadoop/hadoop-kms/3.2.0/hadoop-kms-3.2.0.jar:/home/user/.m2/repository/org/apache/hadoop/hadoop-auth/3.2.0/hadoop-auth-3.2.0.jar:/home/user/.m2/repository/com/nimbusds/nimbus-jose-jwt/4.41.1/nimbus-jose-jwt-4.41.1.jar:/home/user/.m2/repository/com/github/stephenc/jcip/jcip-annotations/1.0-1/jcip-annotations-1.0-1.jar:/home/user/.m2/repository/net/minidev/json-smart/2.3/json-smart-2.3.jar:/home/user/.m2/repository/net/minidev/accessors-smart/1.2/accessors-smart-1.2.jar:/home/user/.m2/repository/org/ow2/asm/asm/5.0.4/asm-5.0.4.jar:/home/user/.m2/repository/org/apache/curator/curator-framework/2.12.0/curator-framework-2.12.0.jar:/home/user/.m2/repository/com/sun/jersey/jersey-core/1.19/jersey-core-1.19.jar:/home/user/.m2/repository/javax/ws/rs/jsr311-api/1.1.1/jsr311-api-1.1.1.jar:/home/user/.m2/repository/com/sun/jersey/jersey-server/1.19/jersey-server-1.19.jar:/home/user/.m2/repository/javax/servlet/javax.servlet-api/3.1.0/javax.servlet-api-3.1.0.jar:/home/user/.m2/repository/org/eclipse/jetty/jetty-server/9.3.25.v20180904/jetty-server-9.3.25.v20180904.jar:/home/user/.m2/repository/org/eclipse/jetty/jetty-http/9.3.25.v20180904/jetty-http-9.3.25.v20180904.jar:/home/user/.m2/repository/org/eclipse/jetty/jetty-io/9.3.25.v20180904/jetty-io-9.3.25.v20180904.jar:/home/user/.m2/repository/org/eclipse/jetty/jetty-webapp/9.3.25.v20180904/jetty-webapp-9.3.25.v20180904.jar:/home/user/.m2/repository/org/eclipse/jetty/jetty-xml/9.3.25.v20180904/jetty-xml-9.3.25.v20180904.jar:/home/user/.m2/repository/log4j/log4j/1.2.17/log4j-1.2.17.jar:/home/user/.m2/repository/org/slf4j/slf4j-api/1.7.25/slf4j-api-1.7.25.jar:/home/user/.m2/repository/org/slf4j/jul-to-slf4j/1.7.25/jul-to-slf4j-1.7.25.jar:/home/user/.m2/repository/org/eclipse/jetty/jetty-util/9.3.25.v20180904/jetty-util-9.3.25.v20180904.jar:/home/user/.m2/repository/com/fasterxml/jackson/core/jackson-databind/2.9.9/jackson-databind-2.9.9.jar:/home/user/.m2/repository/org/apache/hadoop/hadoop-kms/3.2.0/hadoop-kms-3.2.0-tests.jar:/home/user/.m2/repository/org/apache/hadoop/hadoop-hdds-server-scm/0.5.0-SNAPSHOT/hadoop-hdds-server-scm-0.5.0-SNAPSHOT-tests.jar:/home/user/.m2/repository/org/apache/hadoop/hadoop-hdds-container-service/0.5.0-SNAPSHOT/hadoop-hdds-container-service-0.5.0-SNAPSHOT-tests.jar:/home/user/.m2/repository/org/yaml/snakeyaml/1.16/snakeyaml-1.16.jar:/home/user/.m2/repository/org/apache/hadoop/hadoop-common/3.2.0/hadoop-common-3.2.0-tests.jar:/home/user/.m2/repository/org/apache/hadoop/hadoop-annotations/3.2.0/hadoop-annotations-3.2.0.jar:/usr/lib/jvm/java-1.8-openjdk/jre/../lib/tools.jar:/home/user/.m2/repository/commons-cli/commons-cli/1.2/commons-cli-1.2.jar:/home/user/.m2/repository/org/apache/httpcomponents/httpclient/4.5.2/httpclient-4.5.2.jar:/home/user/.m2/repository/org/apache/httpcomponents/httpcore/4.4.4/httpcore-4.4.4.jar:/home/user/.m2/repository/commons-codec/commons-codec/1.11/commons-codec-1.11.jar:/home/user/.m2/repository/commons-net/commons-net/3.6/commons-net-3.6.jar:/home/user/.m2/repository/commons-collections/commons-collections/3.2.2/commons-collections-3.2.2.jar:/home/user/.m2/repository/org/eclipse/jetty/jetty-servlet/9.3.25.v20180904/jetty-servlet-9.3.25.v20180904.jar:/home/user/.m2/repository/org/eclipse/jetty/jetty-security/9.3.25.v20180904/jetty-security-9.3.25.v20180904.jar:/home/user/.m2/repository/javax/servlet/jsp/jsp-api/2.1/jsp-api-2.1.jar:/home/user/.m2/repository/com/sun/jersey/jersey-servlet/1.19/jersey-servlet-1.19.jar:/home/user/.m2/repository/com/sun/jersey/jersey-json/1.19/jersey-json-1.19.jar:/home/user/.m2/repository/org/codehaus/jettison/jettison/1.1/jettison-1.1.jar:/home/user/.m2/repository/org/codehaus/jackson/jackson-core-asl/1.9.13/jackson-core-asl-1.9.13.jar:/home/user/.m2/repository/org/codehaus/jackson/jackson-mapper-asl/1.9.13/jackson-mapper-asl-1.9.13.jar:/home/user/.m2/repository/org/codehaus/jackson/jackson-jaxrs/1.9.13/jackson-jaxrs-1.9.13.jar:/home/user/.m2/repository/org/codehaus/jackson/jackson-xc/1.9.13/jackson-xc-1.9.13.jar:/home/user/.m2/repository/commons-logging/commons-logging/1.1.3/commons-logging-1.1.3.jar:/home/user/.m2/repository/commons-beanutils/commons-beanutils/1.9.4/commons-beanutils-1.9.4.jar:/home/user/.m2/repository/org/apache/commons/commons-configuration2/2.1.1/commons-configuration2-2.1.1.jar:/home/user/.m2/repository/org/apache/commons/commons-lang3/3.7/commons-lang3-3.7.jar:/home/user/.m2/repository/org/apache/commons/commons-text/1.4/commons-text-1.4.jar:/home/user/.m2/repository/org/apache/avro/avro/1.7.7/avro-1.7.7.jar:/home/user/.m2/repository/com/thoughtworks/paranamer/paranamer/2.3/paranamer-2.3.jar:/home/user/.m2/repository/org/xerial/snappy/snappy-java/1.0.5/snappy-java-1.0.5.jar:/home/user/.m2/repository/com/google/re2j/re2j/1.1/re2j-1.1.jar:/home/user/.m2/repository/com/google/code/gson/gson/2.2.4/gson-2.2.4.jar:/home/user/.m2/repository/com/jcraft/jsch/0.1.54/jsch-0.1.54.jar:/home/user/.m2/repository/org/apache/curator/curator-client/2.12.0/curator-client-2.12.0.jar:/home/user/.m2/repository/org/apache/curator/curator-recipes/2.12.0/curator-recipes-2.12.0.jar:/home/user/.m2/repository/com/google/code/findbugs/jsr305/3.0.0/jsr305-3.0.0.jar:/home/user/.m2/repository/org/apache/htrace/htrace-core4/4.1.0-incubating/htrace-core4-4.1.0-incubating.jar:/home/user/.m2/repository/org/apache/zookeeper/zookeeper/3.4.13/zookeeper-3.4.13.jar:/home/user/.m2/repository/jline/jline/0.9.94/jline-0.9.94.jar:/home/user/.m2/repository/org/apache/yetus/audience-annotations/0.5.0/audience-annotations-0.5.0.jar:/home/user/.m2/repository/org/codehaus/woodstox/stax2-api/3.1.4/stax2-api-3.1.4.jar:/home/user/.m2/repository/com/fasterxml/woodstox/woodstox-core/5.0.3/woodstox-core-5.0.3.jar:/home/user/.m2/repository/dnsjava/dnsjava/2.1.7/dnsjava-2.1.7.jar:/home/user/.m2/repository/org/apache/hadoop/hadoop-hdfs/3.2.0/hadoop-hdfs-3.2.0-tests.jar:/home/user/.m2/repository/org/eclipse/jetty/jetty-util-ajax/9.3.25.v20180904/jetty-util-ajax-9.3.25.v20180904.jar:/home/user/.m2/repository/commons-daemon/commons-daemon/1.0.13/commons-daemon-1.0.13.jar:/home/user/.m2/repository/io/netty/netty/3.10.5.Final/netty-3.10.5.Final.jar:/home/user/.m2/repository/io/netty/netty-all/4.0.52.Final/netty-all-4.0.52.Final.jar:/home/user/.m2/repository/org/fusesource/leveldbjni/leveldbjni-all/1.8/leveldbjni-all-1.8.jar:"/>
    <property name="sun.cpu.endian" value="little"/>
    <property name="user.home" value="/home/user"/>
    <property name="user.language" value="en"/>
    <property name="java.specification.vendor" value="Oracle Corporation"/>
    <property name="java.home" value="/usr/lib/jvm/java-1.8-openjdk/jre"/>
    <property name="java.security.krb5.conf" value="/workdir/hadoop-ozone/integration-test/target/test-classes/krb5.conf"/>
    <property name="basedir" value="/workdir/hadoop-ozone/integration-test"/>
    <property name="file.separator" value="/"/>
    <property name="line.separator" value="&#10;"/>
    <property name="java.vm.specification.vendor" value="Oracle Corporation"/>
    <property name="java.specification.name" value="Java Platform API Specification"/>
    <property name="java.awt.graphicsenv" value="sun.awt.X11GraphicsEnvironment"/>
    <property name="surefire.real.class.path" value="/workdir/hadoop-ozone/integration-test/target/surefire/surefirebooter4053150228866373450.jar"/>
    <property name="hadoop.log.dir" value="/workdir/hadoop-ozone/integration-test/target/log"/>
    <property name="sun.boot.class.path" value="/usr/lib/jvm/java-1.8-openjdk/jre/lib/resources.jar:/usr/lib/jvm/java-1.8-openjdk/jre/lib/rt.jar:/usr/lib/jvm/java-1.8-openjdk/jre/lib/sunrsasign.jar:/usr/lib/jvm/java-1.8-openjdk/jre/lib/jsse.jar:/usr/lib/jvm/java-1.8-openjdk/jre/lib/jce.jar:/usr/lib/jvm/java-1.8-openjdk/jre/lib/charsets.jar:/usr/lib/jvm/java-1.8-openjdk/jre/lib/jfr.jar:/usr/lib/jvm/java-1.8-openjdk/jre/classes"/>
    <property name="sun.management.compiler" value="HotSpot 64-Bit Tiered Compilers"/>
    <property name="java.runtime.version" value="1.8.0_212-b04"/>
    <property name="java.net.preferIPv4Stack" value="true"/>
    <property name="user.name" value="jenkins1000"/>
    <property name="path.separator" value=":"/>
    <property name="java.security.egd" value="file:///dev/urandom"/>
    <property name="os.version" value="3.10.0-957.12.2.el7.x86_64"/>
    <property name="java.endorsed.dirs" value="/usr/lib/jvm/java-1.8-openjdk/jre/lib/endorsed"/>
    <property name="java.runtime.name" value="OpenJDK Runtime Environment"/>
    <property name="file.encoding" value="UTF-8"/>
    <property name="java.vm.name" value="OpenJDK 64-Bit Server VM"/>
    <property name="test.build.webapps" value=""/>
    <property name="localRepository" value="/home/user/.m2/repository"/>
    <property name="java.vendor.url.bug" value="https://icedtea.classpath.org/bugzilla"/>
    <property name="java.io.tmpdir" value="/tmp"/>
    <property name="require.test.libhadoop" value=""/>
    <property name="java.version" value="1.8.0_212"/>
    <property name="user.dir" value="/workdir/hadoop-ozone/integration-test"/>
    <property name="os.arch" value="amd64"/>
    <property name="java.vm.specification.name" value="Java Virtual Machine Specification"/>
    <property name="test.build.classes" value="/workdir/hadoop-ozone/integration-test/target/test-classes"/>
    <property name="java.awt.printerjob" value="sun.print.PSPrinterJob"/>
    <property name="sun.os.patch.level" value="unknown"/>
    <property name="hadoop.tmp.dir" value="/workdir/hadoop-ozone/integration-test/target/tmp"/>
    <property name="java.library.path" value="/usr/lib/jvm/java-1.8-openjdk/jre/lib/amd64/server:/usr/lib/jvm/java-1.8-openjdk/jre/lib/amd64:/usr/lib/jvm/java-1.8-openjdk/jre/../lib/amd64:/workdir/hadoop-ozone/integration-test/target/native/target/usr/local/lib:/workdir/hadoop-ozone/integration-test/../../hadoop-common-project/hadoop-common/target/native/target/usr/local/lib:/usr/java/packages/lib/amd64:/usr/lib64:/lib64:/lib:/usr/lib"/>
    <property name="java.vm.info" value="mixed mode"/>
    <property name="java.vendor" value="IcedTea"/>
    <property name="java.vm.version" value="25.212-b04"/>
    <property name="java.ext.dirs" value="/usr/lib/jvm/java-1.8-openjdk/jre/lib/ext:/usr/java/packages/lib/ext"/>
    <property name="sun.io.unicode.encoding" value="UnicodeLittle"/>
    <property name="java.class.version" value="52.0"/>
  </properties>
  <testcase name="testScmSafeMode" classname="org.apache.hadoop.hdds.scm.safemode.TestSCMSafeModeWithPipelineRules" time="86.232">
    <error message="Timed out waiting for condition. Thread diagnostics:&#10;Timestamp: 2019-09-25 11:42:39,242&#10;&#10;&quot;pool-76-thread-41&quot;  prio=5 tid=665 in Object.wait()&#10;java.lang.Thread.State: WAITING (on object monitor)&#10;        at sun.misc.Unsafe.park(Native Method)&#10;        at java.util.concurrent.locks.LockSupport.park(LockSupport.java:175)&#10;        at java.util.concurrent.locks.AbstractQueuedSynchronizer$ConditionObject.await(AbstractQueuedSynchronizer.java:2039)&#10;        at java.util.concurrent.ArrayBlockingQueue.take(ArrayBlockingQueue.java:403)&#10;        at java.util.concurrent.ThreadPoolExecutor.getTask(ThreadPoolExecutor.java:1074)&#10;        at java.util.concurrent.ThreadPoolExecutor.runWorker(ThreadPoolExecutor.java:1134)&#10;        at java.util.concurrent.ThreadPoolExecutor$Worker.run(ThreadPoolExecutor.java:624)&#10;        at java.lang.Thread.run(Thread.java:748)&#10;&quot;pool-66-thread-55&quot;  prio=5 tid=617 in Object.wait()&#10;java.lang.Thread.State: WAITING (on object monitor)&#10;        at sun.misc.Unsafe.park(Native Method)&#10;        at java.util.concurrent.locks.LockSupport.park(LockSupport.java:175)&#10;        at java.util.concurrent.locks.AbstractQueuedSynchronizer$ConditionObject.await(AbstractQueuedSynchronizer.java:2039)&#10;        at java.util.concurrent.ArrayBlockingQueue.take(ArrayBlockingQueue.java:403)&#10;        at java.util.concurrent.ThreadPoolExecutor.getTask(ThreadPoolExecutor.java:1074)&#10;        at java.util.concurrent.ThreadPoolExecutor.runWorker(ThreadPoolExecutor.java:1134)&#10;        at java.util.concurrent.ThreadPoolExecutor$Worker.run(ThreadPoolExecutor.java:624)&#10;        at java.lang.Thread.run(Thread.java:748)&#10;&quot;IPC Server handler 4 on 44461&quot; daemon prio=5 tid=119 timed_waiting&#10;java.lang.Thread.State: TIMED_WAITING&#10;        at sun.misc.Unsafe.park(Native Method)&#10;        at java.util.concurrent.locks.LockSupport.parkNanos(LockSupport.java:215)&#10;        at java.util.concurrent.locks.AbstractQueuedSynchronizer$ConditionObject.awaitNanos(AbstractQueuedSynchronizer.java:2078)&#10;        at java.util.concurrent.LinkedBlockingQueue.poll(LinkedBlockingQueue.java:467)&#10;        at org.apache.hadoop.ipc.CallQueueManager.take(CallQueueManager.java:288)&#10;        at org.apache.hadoop.ipc.Server$Handler.run(Server.java:2668)&#10;&quot;pool-26-thread-15&quot;  prio=5 tid=328 in Object.wait()&#10;java.lang.Thread.State: WAITING (on object monitor)&#10;        at sun.misc.Unsafe.park(Native Method)&#10;        at java.util.concurrent.locks.LockSupport.park(LockSupport.java:175)&#10;        at java.util.concurrent.locks.AbstractQueuedSynchronizer$ConditionObject.await(AbstractQueuedSynchronizer.java:2039)&#10;        at java.util.concurrent.ArrayBlockingQueue.take(ArrayBlockingQueue.java:403)&#10;        at java.util.concurrent.ThreadPoolExecutor.getTask(ThreadPoolExecutor.java:1074)&#10;        at java.util.concurrent.ThreadPoolExecutor.runWorker(ThreadPoolExecutor.java:1134)&#10;        at java.util.concurrent.ThreadPoolExecutor$Worker.run(ThreadPoolExecutor.java:624)&#10;        at java.lang.Thread.run(Thread.java:748)&#10;&quot;pool-56-thread-19&quot;  prio=5 tid=513 in Object.wait()&#10;java.lang.Thread.State: WAITING (on object monitor)&#10;        at sun.misc.Unsafe.park(Native Method)&#10;        at java.util.concurrent.locks.LockSupport.park(LockSupport.java:175)&#10;        at java.util.concurrent.locks.AbstractQueuedSynchronizer$ConditionObject.await(AbstractQueuedSynchronizer.java:2039)&#10;        at java.util.concurrent.ArrayBlockingQueue.take(ArrayBlockingQueue.java:403)&#10;        at java.util.concurrent.ThreadPoolExecutor.getTask(ThreadPoolExecutor.java:1074)&#10;        at java.util.concurrent.ThreadPoolExecutor.runWorker(ThreadPoolExecutor.java:1134)&#10;        at java.util.concurrent.ThreadPoolExecutor$Worker.run(ThreadPoolExecutor.java:624)&#10;        at java.lang.Thread.run(Thread.java:748)&#10;&quot;grpc-default-boss-ELG-1-1&quot; daemon prio=5 tid=494 runnable&#10;java.lang.Thread.State: RUNNABLE&#10;        at sun.nio.ch.EPollArrayWrapper.epollWait(Native Method)&#10;        at sun.nio.ch.EPollArrayWrapper.poll(EPollArrayWrapper.java:269)&#10;        at sun.nio.ch.EPollSelectorImpl.doSelect(EPollSelectorImpl.java:93)&#10;        at sun.nio.ch.SelectorImpl.lockAndDoSelect(SelectorImpl.java:86)&#10;        at sun.nio.ch.SelectorImpl.select(SelectorImpl.java:97)&#10;        at org.apache.ratis.thirdparty.io.netty.channel.nio.SelectedSelectionKeySetSelector.select(SelectedSelectionKeySetSelector.java:62)&#10;        at org.apache.ratis.thirdparty.io.netty.channel.nio.NioEventLoop.select(NioEventLoop.java:753)&#10;        at org.apache.ratis.thirdparty.io.netty.channel.nio.NioEventLoop.run(NioEventLoop.java:408)&#10;        at org.apache.ratis.thirdparty.io.netty.util.concurrent.SingleThreadEventExecutor$5.run(SingleThreadEventExecutor.java:897)&#10;        at org.apache.ratis.thirdparty.io.netty.util.concurrent.FastThreadLocalRunnable.run(FastThreadLocalRunnable.java:30)&#10;        at java.lang.Thread.run(Thread.java:748)&#10;&quot;pool-36-thread-28&quot;  prio=5 tid=401 in Object.wait()&#10;java.lang.Thread.State: WAITING (on object monitor)&#10;        at sun.misc.Unsafe.park(Native Method)&#10;        at java.util.concurrent.locks.LockSupport.park(LockSupport.java:175)&#10;        at java.util.concurrent.locks.AbstractQueuedSynchronizer$ConditionObject.await(AbstractQueuedSynchronizer.java:2039)&#10;        at java.util.concurrent.ArrayBlockingQueue.take(ArrayBlockingQueue.java:403)&#10;        at java.util.concurrent.ThreadPoolExecutor.getTask(ThreadPoolExecutor.java:1074)&#10;        at java.util.concurrent.ThreadPoolExecutor.runWorker(ThreadPoolExecutor.java:1134)&#10;        at java.util.concurrent.ThreadPoolExecutor$Worker.run(ThreadPoolExecutor.java:624)&#10;        at java.lang.Thread.run(Thread.java:748)&#10;&quot;EventQueue-ProcessedPipelineReportForOneReplicaPipelineSafeModeRule&quot; daemon prio=5 tid=694 in Object.wait()&#10;java.lang.Thread.State: WAITING (on object monitor)&#10;        at sun.misc.Unsafe.park(Native Method)&#10;        at java.util.concurrent.locks.LockSupport.park(LockSupport.java:175)&#10;        at java.util.concurrent.locks.AbstractQueuedSynchronizer$ConditionObject.await(AbstractQueuedSynchronizer.java:2039)&#10;        at java.util.concurrent.LinkedBlockingQueue.take(LinkedBlockingQueue.java:442)&#10;        at java.util.concurrent.ThreadPoolExecutor.getTask(ThreadPoolExecutor.java:1074)&#10;        at java.util.concurrent.ThreadPoolExecutor.runWorker(ThreadPoolExecutor.java:1134)&#10;        at java.util.concurrent.ThreadPoolExecutor$Worker.run(ThreadPoolExecutor.java:624)&#10;        at java.lang.Thread.run(Thread.java:748)&#10;&quot;a7d59ef6-3eca-4628-b097-12d983444e7f@group-47DBAAEC82C8-StateMachineUpdater&quot; daemon prio=5 tid=762 in Object.wait()&#10;java.lang.Thread.State: WAITING (on object monitor)&#10;        at java.lang.Object.wait(Native Method)&#10;        at java.lang.Object.wait(Object.java:502)&#10;        at org.apache.ratis.server.impl.StateMachineUpdater.waitForCommit(StateMachineUpdater.java:183)&#10;        at org.apache.ratis.server.impl.StateMachineUpdater.run(StateMachineUpdater.java:148)&#10;        at java.lang.Thread.run(Thread.java:748)&#10;&quot;IPC Server handler 17 on 45005&quot; daemon prio=5 tid=46 timed_waiting&#10;java.lang.Thread.State: TIMED_WAITING&#10;        at sun.misc.Unsafe.park(Native Method)&#10;        at java.util.concurrent.locks.LockSupport.parkNanos(LockSupport.java:215)&#10;        at java.util.concurrent.locks.AbstractQueuedSynchronizer$ConditionObject.awaitNanos(AbstractQueuedSynchronizer.java:2078)&#10;        at java.util.concurrent.LinkedBlockingQueue.poll(LinkedBlockingQueue.java:467)&#10;        at org.apache.hadoop.ipc.CallQueueManager.take(CallQueueManager.java:288)&#10;        at org.apache.hadoop.ipc.Server$Handler.run(Server.java:2668)&#10;&quot;metrics-hadoop-metrics2-reporter-17-thread-1&quot; daemon prio=5 tid=775 timed_waiting&#10;java.lang.Thread.State: TIMED_WAITING&#10;        at sun.misc.Unsafe.park(Native Method)&#10;        at java.util.concurrent.locks.LockSupport.parkNanos(LockSupport.java:215)&#10;        at java.util.concurrent.locks.AbstractQueuedSynchronizer$ConditionObject.awaitNanos(AbstractQueuedSynchronizer.java:2078)&#10;        at java.util.concurrent.ScheduledThreadPoolExecutor$DelayedWorkQueue.take(ScheduledThreadPoolExecutor.java:1093)&#10;        at java.util.concurrent.ScheduledThreadPoolExecutor$DelayedWorkQueue.take(ScheduledThreadPoolExecutor.java:809)&#10;        at java.util.concurrent.ThreadPoolExecutor.getTask(ThreadPoolExecutor.java:1074)&#10;        at java.util.concurrent.ThreadPoolExecutor.runWorker(ThreadPoolExecutor.java:1134)&#10;        at java.util.concurrent.ThreadPoolExecutor$Worker.run(ThreadPoolExecutor.java:624)&#10;        at java.lang.Thread.run(Thread.java:748)&#10;&quot;pool-66-thread-37&quot;  prio=5 tid=599 in Object.wait()&#10;java.lang.Thread.State: WAITING (on object monitor)&#10;        at sun.misc.Unsafe.park(Native Method)&#10;        at java.util.concurrent.locks.LockSupport.park(LockSupport.java:175)&#10;        at java.util.concurrent.locks.AbstractQueuedSynchronizer$ConditionObject.await(AbstractQueuedSynchronizer.java:2039)&#10;        at java.util.concurrent.ArrayBlockingQueue.take(ArrayBlockingQueue.java:403)&#10;        at java.util.concurrent.ThreadPoolExecutor.getTask(ThreadPoolExecutor.java:1074)&#10;        at java.util.concurrent.ThreadPoolExecutor.runWorker(ThreadPoolExecutor.java:1134)&#10;        at java.util.concurrent.ThreadPoolExecutor$Worker.run(ThreadPoolExecutor.java:624)&#10;        at java.lang.Thread.run(Thread.java:748)&#10;&quot;jaeger.RemoteReporter-FlushTimer&quot; daemon prio=5 tid=148 timed_waiting&#10;java.lang.Thread.State: TIMED_WAITING&#10;        at java.lang.Object.wait(Native Method)&#10;        at java.util.TimerThread.mainLoop(Timer.java:552)&#10;        at java.util.TimerThread.run(Timer.java:505)&#10;&quot;org.apache.ratis.server.impl.LogAppender$AppenderDaemon$$Lambda$418/858148741@225cead4&quot; daemon prio=5 tid=1853 timed_waiting&#10;java.lang.Thread.State: TIMED_WAITING&#10;        at java.lang.Object.wait(Native Method)&#10;        at org.apache.ratis.grpc.server.GrpcLogAppender.mayWait(GrpcLogAppender.java:141)&#10;        at org.apache.ratis.grpc.server.GrpcLogAppender.runAppenderImpl(GrpcLogAppender.java:95)&#10;        at org.apache.ratis.server.impl.LogAppender$AppenderDaemon.run(LogAppender.java:76)&#10;        at org.apache.ratis.server.impl.LogAppender$AppenderDaemon$$Lambda$418/858148741.run(Unknown Source)&#10;        at java.lang.Thread.run(Thread.java:748)&#10;&quot;Thread-1173&quot; daemon prio=5 tid=1759 timed_waiting&#10;java.lang.Thread.State: TIMED_WAITING&#10;        at java.lang.Thread.sleep(Native Method)&#10;        at org.apache.ratis.util.JavaUtils.sleep(JavaUtils.java:247)&#10;        at org.apache.ratis.server.impl.FollowerState.run(FollowerState.java:96)&#10;&quot;19e67e26-3d21-4d01-be9f-29113a4a814c@group-25E28834D101-StateMachineUpdater&quot; daemon prio=5 tid=714 in Object.wait()&#10;java.lang.Thread.State: WAITING (on object monitor)&#10;        at java.lang.Object.wait(Native Method)&#10;        at java.lang.Object.wait(Object.java:502)&#10;        at org.apache.ratis.server.impl.StateMachineUpdater.waitForCommit(StateMachineUpdater.java:183)&#10;        at org.apache.ratis.server.impl.StateMachineUpdater.run(StateMachineUpdater.java:148)&#10;        at java.lang.Thread.run(Thread.java:748)&#10;&quot;org.eclipse.jetty.server.session.HashSessionManager@dc4a691Timer&quot; daemon prio=5 tid=223 timed_waiting&#10;java.lang.Thread.State: TIMED_WAITING&#10;        at sun.misc.Unsafe.park(Native Method)&#10;        at java.util.concurrent.locks.LockSupport.parkNanos(LockSupport.java:215)&#10;        at java.util.concurrent.locks.AbstractQueuedSynchronizer$ConditionObject.awaitNanos(AbstractQueuedSynchronizer.java:2078)&#10;        at java.util.concurrent.ScheduledThreadPoolExecutor$DelayedWorkQueue.take(ScheduledThreadPoolExecutor.java:1093)&#10;        at java.util.concurrent.ScheduledThreadPoolExecutor$DelayedWorkQueue.take(ScheduledThreadPoolExecutor.java:809)&#10;        at java.util.concurrent.ThreadPoolExecutor.getTask(ThreadPoolExecutor.java:1074)&#10;        at java.util.concurrent.ThreadPoolExecutor.runWorker(ThreadPoolExecutor.java:1134)&#10;        at java.util.concurrent.ThreadPoolExecutor$Worker.run(ThreadPoolExecutor.java:624)&#10;        at java.lang.Thread.run(Thread.java:748)&#10;&quot;IPC Server handler 13 on 40029&quot; daemon prio=5 tid=82 timed_waiting&#10;java.lang.Thread.State: TIMED_WAITING&#10;        at sun.misc.Unsafe.park(Native Method)&#10;        at java.util.concurrent.locks.LockSupport.parkNanos(LockSupport.java:215)&#10;        at java.util.concurrent.locks.AbstractQueuedSynchronizer$ConditionObject.awaitNanos(AbstractQueuedSynchronizer.java:2078)&#10;        at java.util.concurrent.LinkedBlockingQueue.poll(LinkedBlockingQueue.java:467)&#10;        at org.apache.hadoop.ipc.CallQueueManager.take(CallQueueManager.java:288)&#10;        at org.apache.hadoop.ipc.Server$Handler.run(Server.java:2668)&#10;&quot;pool-46-thread-8&quot;  prio=5 tid=441 in Object.wait()&#10;java.lang.Thread.State: WAITING (on object monitor)&#10;        at sun.misc.Unsafe.park(Native Method)&#10;        at java.util.concurrent.locks.LockSupport.park(LockSupport.java:175)&#10;        at java.util.concurrent.locks.AbstractQueuedSynchronizer$ConditionObject.await(AbstractQueuedSynchronizer.java:2039)&#10;        at java.util.concurrent.ArrayBlockingQueue.take(ArrayBlockingQueue.java:403)&#10;        at java.util.concurrent.ThreadPoolExecutor.getTask(ThreadPoolExecutor.java:1074)&#10;        at java.util.concurrent.ThreadPoolExecutor.runWorker(ThreadPoolExecutor.java:1134)&#10;        at java.util.concurrent.ThreadPoolExecutor$Worker.run(ThreadPoolExecutor.java:624)&#10;        at java.lang.Thread.run(Thread.java:748)&#10;&quot;Datanode ReportManager Thread - 3&quot; daemon prio=5 tid=255 in Object.wait()&#10;java.lang.Thread.State: WAITING (on object monitor)&#10;        at sun.misc.Unsafe.park(Native Method)&#10;        at java.util.concurrent.locks.LockSupport.park(LockSupport.java:175)&#10;        at java.util.concurrent.locks.AbstractQueuedSynchronizer$ConditionObject.await(AbstractQueuedSynchronizer.java:2039)&#10;        at java.util.concurrent.ScheduledThreadPoolExecutor$DelayedWorkQueue.take(ScheduledThreadPoolExecutor.java:1088)&#10;        at java.util.concurrent.ScheduledThreadPoolExecutor$DelayedWorkQueue.take(ScheduledThreadPoolExecutor.java:809)&#10;        at java.util.concurrent.ThreadPoolExecutor.getTask(ThreadPoolExecutor.java:1074)&#10;        at java.util.concurrent.ThreadPoolExecutor.runWorker(ThreadPoolExecutor.java:1134)&#10;        at java.util.concurrent.ThreadPoolExecutor$Worker.run(ThreadPoolExecutor.java:624)&#10;        at java.lang.Thread.run(Thread.java:748)&#10;&quot;pool-36-thread-4&quot;  prio=5 tid=377 in Object.wait()&#10;java.lang.Thread.State: WAITING (on object monitor)&#10;        at sun.misc.Unsafe.park(Native Method)&#10;        at java.util.concurrent.locks.LockSupport.park(LockSupport.java:175)&#10;        at java.util.concurrent.locks.AbstractQueuedSynchronizer$ConditionObject.await(AbstractQueuedSynchronizer.java:2039)&#10;        at java.util.concurrent.ArrayBlockingQueue.take(ArrayBlockingQueue.java:403)&#10;        at java.util.concurrent.ThreadPoolExecutor.getTask(ThreadPoolExecutor.java:1074)&#10;        at java.util.concurrent.ThreadPoolExecutor.runWorker(ThreadPoolExecutor.java:1134)&#10;        at java.util.concurrent.ThreadPoolExecutor$Worker.run(ThreadPoolExecutor.java:624)&#10;        at java.lang.Thread.run(Thread.java:748)&#10;&quot;Datanode ReportManager Thread - 3&quot; daemon prio=5 tid=201 in Object.wait()&#10;java.lang.Thread.State: WAITING (on object monitor)&#10;        at sun.misc.Unsafe.park(Native Method)&#10;        at java.util.concurrent.locks.LockSupport.park(LockSupport.java:175)&#10;        at java.util.concurrent.locks.AbstractQueuedSynchronizer$ConditionObject.await(AbstractQueuedSynchronizer.java:2039)&#10;        at java.util.concurrent.ScheduledThreadPoolExecutor$DelayedWorkQueue.take(ScheduledThreadPoolExecutor.java:1088)&#10;        at java.util.concurrent.ScheduledThreadPoolExecutor$DelayedWorkQueue.take(ScheduledThreadPoolExecutor.java:809)&#10;        at java.util.concurrent.ThreadPoolExecutor.getTask(ThreadPoolExecutor.java:1074)&#10;        at java.util.concurrent.ThreadPoolExecutor.runWorker(ThreadPoolExecutor.java:1134)&#10;        at java.util.concurrent.ThreadPoolExecutor$Worker.run(ThreadPoolExecutor.java:624)&#10;        at java.lang.Thread.run(Thread.java:748)&#10;&quot;grpc-default-executor-17&quot; daemon prio=5 tid=982 timed_waiting&#10;java.lang.Thread.State: TIMED_WAITING&#10;        at sun.misc.Unsafe.park(Native Method)&#10;        at java.util.concurrent.locks.LockSupport.parkNanos(LockSupport.java:215)&#10;        at java.util.concurrent.SynchronousQueue$TransferStack.awaitFulfill(SynchronousQueue.java:460)&#10;        at java.util.concurrent.SynchronousQueue$TransferStack.transfer(SynchronousQueue.java:362)&#10;        at java.util.concurrent.SynchronousQueue.poll(SynchronousQueue.java:941)&#10;        at java.util.concurrent.ThreadPoolExecutor.getTask(ThreadPoolExecutor.java:1073)&#10;        at java.util.concurrent.ThreadPoolExecutor.runWorker(ThreadPoolExecutor.java:1134)&#10;        at java.util.concurrent.ThreadPoolExecutor$Worker.run(ThreadPoolExecutor.java:624)&#10;        at java.lang.Thread.run(Thread.java:748)&#10;&quot;metrics-hadoop-metrics2-reporter-40-thread-1&quot; daemon prio=5 tid=883 timed_waiting&#10;java.lang.Thread.State: TIMED_WAITING&#10;        at sun.misc.Unsafe.park(Native Method)&#10;        at java.util.concurrent.locks.LockSupport.parkNanos(LockSupport.java:215)&#10;        at java.util.concurrent.locks.AbstractQueuedSynchronizer$ConditionObject.awaitNanos(AbstractQueuedSynchronizer.java:2078)&#10;        at java.util.concurrent.ScheduledThreadPoolExecutor$DelayedWorkQueue.take(ScheduledThreadPoolExecutor.java:1093)&#10;        at java.util.concurrent.ScheduledThreadPoolExecutor$DelayedWorkQueue.take(ScheduledThreadPoolExecutor.java:809)&#10;        at java.util.concurrent.ThreadPoolExecutor.getTask(ThreadPoolExecutor.java:1074)&#10;        at java.util.concurrent.ThreadPoolExecutor.runWorker(ThreadPoolExecutor.java:1134)&#10;        at java.util.concurrent.ThreadPoolExecutor$Worker.run(ThreadPoolExecutor.java:624)&#10;        at java.lang.Thread.run(Thread.java:748)&#10;&quot;b7064b77-9271-4e94-8225-85d895886efb@group-F2E0294EDFC2-SegmentedRaftLogWorker&quot;  prio=5 tid=845 timed_waiting&#10;java.lang.Thread.State: TIMED_WAITING&#10;        at sun.misc.Unsafe.park(Native Method)&#10;        at java.util.concurrent.locks.LockSupport.parkNanos(LockSupport.java:215)&#10;        at java.util.concurrent.locks.AbstractQueuedSynchronizer$ConditionObject.awaitNanos(AbstractQueuedSynchronizer.java:2078)&#10;        at org.apache.ratis.util.DataBlockingQueue.poll(DataBlockingQueue.java:137)&#10;        at org.apache.ratis.server.raftlog.segmented.SegmentedRaftLogWorker.run(SegmentedRaftLogWorker.java:283)&#10;        at java.lang.Thread.run(Thread.java:748)&#10;&quot;metrics-hadoop-metrics2-reporter-12-thread-1&quot; daemon prio=5 tid=746 timed_waiting&#10;java.lang.Thread.State: TIMED_WAITING&#10;        at sun.misc.Unsafe.park(Native Method)&#10;        at java.util.concurrent.locks.LockSupport.parkNanos(LockSupport.java:215)&#10;        at java.util.concurrent.locks.AbstractQueuedSynchronizer$ConditionObject.awaitNanos(AbstractQueuedSynchronizer.java:2078)&#10;        at java.util.concurrent.ScheduledThreadPoolExecutor$DelayedWorkQueue.take(ScheduledThreadPoolExecutor.java:1093)&#10;        at java.util.concurrent.ScheduledThreadPoolExecutor$DelayedWorkQueue.take(ScheduledThreadPoolExecutor.java:809)&#10;        at java.util.concurrent.ThreadPoolExecutor.getTask(ThreadPoolExecutor.java:1074)&#10;        at java.util.concurrent.ThreadPoolExecutor.runWorker(ThreadPoolExecutor.java:1134)&#10;        at java.util.concurrent.ThreadPoolExecutor$Worker.run(ThreadPoolExecutor.java:624)&#10;        at java.lang.Thread.run(Thread.java:748)&#10;&quot;pool-36-thread-25&quot;  prio=5 tid=398 in Object.wait()&#10;java.lang.Thread.State: WAITING (on object monitor)&#10;        at sun.misc.Unsafe.park(Native Method)&#10;        at java.util.concurrent.locks.LockSupport.park(LockSupport.java:175)&#10;        at java.util.concurrent.locks.AbstractQueuedSynchronizer$ConditionObject.await(AbstractQueuedSynchronizer.java:2039)&#10;        at java.util.concurrent.ArrayBlockingQueue.take(ArrayBlockingQueue.java:403)&#10;        at java.util.concurrent.ThreadPoolExecutor.getTask(ThreadPoolExecutor.java:1074)&#10;        at java.util.concurrent.ThreadPoolExecutor.runWorker(ThreadPoolExecutor.java:1134)&#10;        at java.util.concurrent.ThreadPoolExecutor$Worker.run(ThreadPoolExecutor.java:624)&#10;        at java.lang.Thread.run(Thread.java:748)&#10;&quot;metrics-hadoop-metrics2-reporter-39-thread-1&quot; daemon prio=5 tid=881 timed_waiting&#10;java.lang.Thread.State: TIMED_WAITING&#10;        at sun.misc.Unsafe.park(Native Method)&#10;        at java.util.concurrent.locks.LockSupport.parkNanos(LockSupport.java:215)&#10;        at java.util.concurrent.locks.AbstractQueuedSynchronizer$ConditionObject.awaitNanos(AbstractQueuedSynchronizer.java:2078)&#10;        at java.util.concurrent.ScheduledThreadPoolExecutor$DelayedWorkQueue.take(ScheduledThreadPoolExecutor.java:1093)&#10;        at java.util.concurrent.ScheduledThreadPoolExecutor$DelayedWorkQueue.take(ScheduledThreadPoolExecutor.java:809)&#10;        at java.util.concurrent.ThreadPoolExecutor.getTask(ThreadPoolExecutor.java:1074)&#10;        at java.util.concurrent.ThreadPoolExecutor.runWorker(ThreadPoolExecutor.java:1134)&#10;        at java.util.concurrent.ThreadPoolExecutor$Worker.run(ThreadPoolExecutor.java:624)&#10;        at java.lang.Thread.run(Thread.java:748)&#10;&quot;e081c0a5-acfc-4a29-8262-ee158adf5b11@group-34523102FCC0-StateMachineUpdater&quot; daemon prio=5 tid=901 in Object.wait()&#10;java.lang.Thread.State: WAITING (on object monitor)&#10;        at java.lang.Object.wait(Native Method)&#10;        at java.lang.Object.wait(Object.java:502)&#10;        at org.apache.ratis.server.impl.StateMachineUpdater.waitForCommit(StateMachineUpdater.java:183)&#10;        at org.apache.ratis.server.impl.StateMachineUpdater.run(StateMachineUpdater.java:148)&#10;        at java.lang.Thread.run(Thread.java:748)&#10;&quot;pool-36-thread-49&quot;  prio=5 tid=422 in Object.wait()&#10;java.lang.Thread.State: WAITING (on object monitor)&#10;        at sun.misc.Unsafe.park(Native Method)&#10;        at java.util.concurrent.locks.LockSupport.park(LockSupport.java:175)&#10;        at java.util.concurrent.locks.AbstractQueuedSynchronizer$ConditionObject.await(AbstractQueuedSynchronizer.java:2039)&#10;        at java.util.concurrent.ArrayBlockingQueue.take(ArrayBlockingQueue.java:403)&#10;        at java.util.concurrent.ThreadPoolExecutor.getTask(ThreadPoolExecutor.java:1074)&#10;        at java.util.concurrent.ThreadPoolExecutor.runWorker(ThreadPoolExecutor.java:1134)&#10;        at java.util.concurrent.ThreadPoolExecutor$Worker.run(ThreadPoolExecutor.java:624)&#10;        at java.lang.Thread.run(Thread.java:748)&#10;&quot;java.util.concurrent.ThreadPoolExecutor$Worker@19c02666[State = -1, empty queue]&quot; daemon prio=5 tid=1845 timed_waiting&#10;java.lang.Thread.State: TIMED_WAITING&#10;        at sun.misc.Unsafe.park(Native Method)&#10;        at java.util.concurrent.locks.LockSupport.parkNanos(LockSupport.java:215)&#10;        at java.util.concurrent.locks.AbstractQueuedSynchronizer$ConditionObject.awaitNanos(AbstractQueuedSynchronizer.java:2078)&#10;        at java.util.concurrent.ScheduledThreadPoolExecutor$DelayedWorkQueue.take(ScheduledThreadPoolExecutor.java:1093)&#10;        at java.util.concurrent.ScheduledThreadPoolExecutor$DelayedWorkQueue.take(ScheduledThreadPoolExecutor.java:809)&#10;        at java.util.concurrent.ThreadPoolExecutor.getTask(ThreadPoolExecutor.java:1074)&#10;        at java.util.concurrent.ThreadPoolExecutor.runWorker(ThreadPoolExecutor.java:1134)&#10;        at java.util.concurrent.ThreadPoolExecutor$Worker.run(ThreadPoolExecutor.java:624)&#10;        at java.lang.Thread.run(Thread.java:748)&#10;&quot;pool-47-thread-1&quot;  prio=5 tid=711 in Object.wait()&#10;java.lang.Thread.State: WAITING (on object monitor)&#10;        at sun.misc.Unsafe.park(Native Method)&#10;        at java.util.concurrent.locks.LockSupport.park(LockSupport.java:175)&#10;        at java.util.concurrent.locks.AbstractQueuedSynchronizer$ConditionObject.await(AbstractQueuedSynchronizer.java:2039)&#10;        at java.util.concurrent.LinkedBlockingQueue.take(LinkedBlockingQueue.java:442)&#10;        at java.util.concurrent.ThreadPoolExecutor.getTask(ThreadPoolExecutor.java:1074)&#10;        at java.util.concurrent.ThreadPoolExecutor.runWorker(ThreadPoolExecutor.java:1134)&#10;        at java.util.concurrent.ThreadPoolExecutor$Worker.run(ThreadPoolExecutor.java:624)&#10;        at java.lang.Thread.run(Thread.java:748)&#10;&quot;pool-56-thread-52&quot;  prio=5 tid=546 in Object.wait()&#10;java.lang.Thread.State: WAITING (on object monitor)&#10;        at sun.misc.Unsafe.park(Native Method)&#10;        at java.util.concurrent.locks.LockSupport.park(LockSupport.java:175)&#10;        at java.util.concurrent.locks.AbstractQueuedSynchronizer$ConditionObject.await(AbstractQueuedSynchronizer.java:2039)&#10;        at java.util.concurrent.ArrayBlockingQueue.take(ArrayBlockingQueue.java:403)&#10;        at java.util.concurrent.ThreadPoolExecutor.getTask(ThreadPoolExecutor.java:1074)&#10;        at java.util.concurrent.ThreadPoolExecutor.runWorker(ThreadPoolExecutor.java:1134)&#10;        at java.util.concurrent.ThreadPoolExecutor$Worker.run(ThreadPoolExecutor.java:624)&#10;        at java.lang.Thread.run(Thread.java:748)&#10;&quot;Command processor thread&quot; daemon prio=5 tid=283 timed_waiting&#10;java.lang.Thread.State: TIMED_WAITING&#10;        at java.lang.Thread.sleep(Native Method)&#10;        at org.apache.hadoop.ozone.container.common.statemachine.DatanodeStateMachine.lambda$initCommandHandlerThread$1(DatanodeStateMachine.java:439)&#10;        at org.apache.hadoop.ozone.container.common.statemachine.DatanodeStateMachine$$Lambda$139/2094549442.run(Unknown Source)&#10;        at java.lang.Thread.run(Thread.java:748)&#10;&quot;qtp83534488-219&quot; daemon prio=5 tid=219 timed_waiting&#10;java.lang.Thread.State: TIMED_WAITING&#10;        at sun.misc.Unsafe.park(Native Method)&#10;        at java.util.concurrent.locks.LockSupport.parkNanos(LockSupport.java:215)&#10;        at java.util.concurrent.locks.AbstractQueuedSynchronizer$ConditionObject.awaitNanos(AbstractQueuedSynchronizer.java:2078)&#10;        at org.eclipse.jetty.util.BlockingArrayQueue.poll(BlockingArrayQueue.java:392)&#10;        at org.eclipse.jetty.util.thread.QueuedThreadPool.idleJobPoll(QueuedThreadPool.java:563)&#10;        at org.eclipse.jetty.util.thread.QueuedThreadPool.access$800(QueuedThreadPool.java:48)&#10;        at org.eclipse.jetty.util.thread.QueuedThreadPool$2.run(QueuedThreadPool.java:626)&#10;        at java.lang.Thread.run(Thread.java:748)&#10;&quot;pool-36-thread-7&quot;  prio=5 tid=380 in Object.wait()&#10;java.lang.Thread.State: WAITING (on object monitor)&#10;        at sun.misc.Unsafe.park(Native Method)&#10;        at java.util.concurrent.locks.LockSupport.park(LockSupport.java:175)&#10;        at java.util.concurrent.locks.AbstractQueuedSynchronizer$ConditionObject.await(AbstractQueuedSynchronizer.java:2039)&#10;        at java.util.concurrent.ArrayBlockingQueue.take(ArrayBlockingQueue.java:403)&#10;        at java.util.concurrent.ThreadPoolExecutor.getTask(ThreadPoolExecutor.java:1074)&#10;        at java.util.concurrent.ThreadPoolExecutor.runWorker(ThreadPoolExecutor.java:1134)&#10;        at java.util.concurrent.ThreadPoolExecutor$Worker.run(ThreadPoolExecutor.java:624)&#10;        at java.lang.Thread.run(Thread.java:748)&#10;&quot;pool-56-thread-41&quot;  prio=5 tid=535 in Object.wait()&#10;java.lang.Thread.State: WAITING (on object monitor)&#10;        at sun.misc.Unsafe.park(Native Method)&#10;        at java.util.concurrent.locks.LockSupport.park(LockSupport.java:175)&#10;        at java.util.concurrent.locks.AbstractQueuedSynchronizer$ConditionObject.await(AbstractQueuedSynchronizer.java:2039)&#10;        at java.util.concurrent.ArrayBlockingQueue.take(ArrayBlockingQueue.java:403)&#10;        at java.util.concurrent.ThreadPoolExecutor.getTask(ThreadPoolExecutor.java:1074)&#10;        at java.util.concurrent.ThreadPoolExecutor.runWorker(ThreadPoolExecutor.java:1134)&#10;        at java.util.concurrent.ThreadPoolExecutor$Worker.run(ThreadPoolExecutor.java:624)&#10;        at java.lang.Thread.run(Thread.java:748)&#10;&quot;pool-76-thread-51&quot;  prio=5 tid=675 in Object.wait()&#10;java.lang.Thread.State: WAITING (on object monitor)&#10;        at sun.misc.Unsafe.park(Native Method)&#10;        at java.util.concurrent.locks.LockSupport.park(LockSupport.java:175)&#10;        at java.util.concurrent.locks.AbstractQueuedSynchronizer$ConditionObject.await(AbstractQueuedSynchronizer.java:2039)&#10;        at java.util.concurrent.ArrayBlockingQueue.take(ArrayBlockingQueue.java:403)&#10;        at java.util.concurrent.ThreadPoolExecutor.getTask(ThreadPoolExecutor.java:1074)&#10;        at java.util.concurrent.ThreadPoolExecutor.runWorker(ThreadPoolExecutor.java:1134)&#10;        at java.util.concurrent.ThreadPoolExecutor$Worker.run(ThreadPoolExecutor.java:624)&#10;        at java.lang.Thread.run(Thread.java:748)&#10;&quot;pool-36-thread-35&quot;  prio=5 tid=408 in Object.wait()&#10;java.lang.Thread.State: WAITING (on object monitor)&#10;        at sun.misc.Unsafe.park(Native Method)&#10;        at java.util.concurrent.locks.LockSupport.park(LockSupport.java:175)&#10;        at java.util.concurrent.locks.AbstractQueuedSynchronizer$ConditionObject.await(AbstractQueuedSynchronizer.java:2039)&#10;        at java.util.concurrent.ArrayBlockingQueue.take(ArrayBlockingQueue.java:403)&#10;        at java.util.concurrent.ThreadPoolExecutor.getTask(ThreadPoolExecutor.java:1074)&#10;        at java.util.concurrent.ThreadPoolExecutor.runWorker(ThreadPoolExecutor.java:1134)&#10;        at java.util.concurrent.ThreadPoolExecutor$Worker.run(ThreadPoolExecutor.java:624)&#10;        at java.lang.Thread.run(Thread.java:748)&#10;&quot;IPC Server handler 14 on 37215&quot; daemon prio=5 tid=63 timed_waiting&#10;java.lang.Thread.State: TIMED_WAITING&#10;        at sun.misc.Unsafe.park(Native Method)&#10;        at java.util.concurrent.locks.LockSupport.parkNanos(LockSupport.java:215)&#10;        at java.util.concurrent.locks.AbstractQueuedSynchronizer$ConditionObject.awaitNanos(AbstractQueuedSynchronizer.java:2078)&#10;        at java.util.concurrent.LinkedBlockingQueue.poll(LinkedBlockingQueue.java:467)&#10;        at org.apache.hadoop.ipc.CallQueueManager.take(CallQueueManager.java:288)&#10;        at org.apache.hadoop.ipc.Server$Handler.run(Server.java:2668)&#10;&quot;org.eclipse.jetty.server.session.HashSessionManager@52d97ab6Timer&quot; daemon prio=5 tid=194 timed_waiting&#10;java.lang.Thread.State: TIMED_WAITING&#10;        at sun.misc.Unsafe.park(Native Method)&#10;        at java.util.concurrent.locks.LockSupport.parkNanos(LockSupport.java:215)&#10;        at java.util.concurrent.locks.AbstractQueuedSynchronizer$ConditionObject.awaitNanos(AbstractQueuedSynchronizer.java:2078)&#10;        at java.util.concurrent.ScheduledThreadPoolExecutor$DelayedWorkQueue.take(ScheduledThreadPoolExecutor.java:1093)&#10;        at java.util.concurrent.ScheduledThreadPoolExecutor$DelayedWorkQueue.take(ScheduledThreadPoolExecutor.java:809)&#10;        at java.util.concurrent.ThreadPoolExecutor.getTask(ThreadPoolExecutor.java:1074)&#10;        at java.util.concurrent.ThreadPoolExecutor.runWorker(ThreadPoolExecutor.java:1134)&#10;        at java.util.concurrent.ThreadPoolExecutor$Worker.run(ThreadPoolExecutor.java:624)&#10;        at java.lang.Thread.run(Thread.java:748)&#10;&quot;Datanode ReportManager Thread - 3&quot; daemon prio=5 tid=228 in Object.wait()&#10;java.lang.Thread.State: WAITING (on object monitor)&#10;        at sun.misc.Unsafe.park(Native Method)&#10;        at java.util.concurrent.locks.LockSupport.park(LockSupport.java:175)&#10;        at java.util.concurrent.locks.AbstractQueuedSynchronizer$ConditionObject.await(AbstractQueuedSynchronizer.java:2039)&#10;        at java.util.concurrent.ScheduledThreadPoolExecutor$DelayedWorkQueue.take(ScheduledThreadPoolExecutor.java:1088)&#10;        at java.util.concurrent.ScheduledThreadPoolExecutor$DelayedWorkQueue.take(ScheduledThreadPoolExecutor.java:809)&#10;        at java.util.concurrent.ThreadPoolExecutor.getTask(ThreadPoolExecutor.java:1074)&#10;        at java.util.concurrent.ThreadPoolExecutor.runWorker(ThreadPoolExecutor.java:1134)&#10;        at java.util.concurrent.ThreadPoolExecutor$Worker.run(ThreadPoolExecutor.java:624)&#10;        at java.lang.Thread.run(Thread.java:748)&#10;&quot;java.util.concurrent.ThreadPoolExecutor$Worker@7233c77e[State = -1, empty queue]&quot; daemon prio=5 tid=1859 timed_waiting&#10;java.lang.Thread.State: TIMED_WAITING&#10;        at sun.misc.Unsafe.park(Native Method)&#10;        at java.util.concurrent.locks.LockSupport.parkNanos(LockSupport.java:215)&#10;        at java.util.concurrent.locks.AbstractQueuedSynchronizer$ConditionObject.awaitNanos(AbstractQueuedSynchronizer.java:2078)&#10;        at java.util.concurrent.ScheduledThreadPoolExecutor$DelayedWorkQueue.take(ScheduledThreadPoolExecutor.java:1093)&#10;        at java.util.concurrent.ScheduledThreadPoolExecutor$DelayedWorkQueue.take(ScheduledThreadPoolExecutor.java:809)&#10;        at java.util.concurrent.ThreadPoolExecutor.getTask(ThreadPoolExecutor.java:1074)&#10;        at java.util.concurrent.ThreadPoolExecutor.runWorker(ThreadPoolExecutor.java:1134)&#10;        at java.util.concurrent.ThreadPoolExecutor$Worker.run(ThreadPoolExecutor.java:624)&#10;        at java.lang.Thread.run(Thread.java:748)&#10;&quot;IPC Server handler 2 on 44461&quot; daemon prio=5 tid=117 timed_waiting&#10;java.lang.Thread.State: TIMED_WAITING&#10;        at sun.misc.Unsafe.park(Native Method)&#10;        at java.util.concurrent.locks.LockSupport.parkNanos(LockSupport.java:215)&#10;        at java.util.concurrent.locks.AbstractQueuedSynchronizer$ConditionObject.awaitNanos(AbstractQueuedSynchronizer.java:2078)&#10;        at java.util.concurrent.LinkedBlockingQueue.poll(LinkedBlockingQueue.java:467)&#10;        at org.apache.hadoop.ipc.CallQueueManager.take(CallQueueManager.java:288)&#10;        at org.apache.hadoop.ipc.Server$Handler.run(Server.java:2668)&#10;&quot;a7d59ef6-3eca-4628-b097-12d983444e7f@group-F2E0294EDFC2-SegmentedRaftLogWorker&quot;  prio=5 tid=849 timed_waiting&#10;java.lang.Thread.State: TIMED_WAITING&#10;        at sun.misc.Unsafe.park(Native Method)&#10;        at java.util.concurrent.locks.LockSupport.parkNanos(LockSupport.java:215)&#10;        at java.util.concurrent.locks.AbstractQueuedSynchronizer$ConditionObject.awaitNanos(AbstractQueuedSynchronizer.java:2078)&#10;        at org.apache.ratis.util.DataBlockingQueue.poll(DataBlockingQueue.java:137)&#10;        at org.apache.ratis.server.raftlog.segmented.SegmentedRaftLogWorker.run(SegmentedRaftLogWorker.java:283)&#10;        at java.lang.Thread.run(Thread.java:748)&#10;&quot;e081c0a5-acfc-4a29-8262-ee158adf5b11@group-6E9EB1C0F638-StateMachineUpdater&quot; daemon prio=5 tid=862 in Object.wait()&#10;java.lang.Thread.State: WAITING (on object monitor)&#10;        at java.lang.Object.wait(Native Method)&#10;        at java.lang.Object.wait(Object.java:502)&#10;        at org.apache.ratis.server.impl.StateMachineUpdater.waitForCommit(StateMachineUpdater.java:183)&#10;        at org.apache.ratis.server.impl.StateMachineUpdater.run(StateMachineUpdater.java:148)&#10;        at java.lang.Thread.run(Thread.java:748)&#10;&quot;pool-36-thread-26&quot;  prio=5 tid=399 in Object.wait()&#10;java.lang.Thread.State: WAITING (on object monitor)&#10;        at sun.misc.Unsafe.park(Native Method)&#10;        at java.util.concurrent.locks.LockSupport.park(LockSupport.java:175)&#10;        at java.util.concurrent.locks.AbstractQueuedSynchronizer$ConditionObject.await(AbstractQueuedSynchronizer.java:2039)&#10;        at java.util.concurrent.ArrayBlockingQueue.take(ArrayBlockingQueue.java:403)&#10;        at java.util.concurrent.ThreadPoolExecutor.getTask(ThreadPoolExecutor.java:1074)&#10;        at java.util.concurrent.ThreadPoolExecutor.runWorker(ThreadPoolExecutor.java:1134)&#10;        at java.util.concurrent.ThreadPoolExecutor$Worker.run(ThreadPoolExecutor.java:624)&#10;        at java.lang.Thread.run(Thread.java:748)&#10;&quot;pool-56-thread-7&quot;  prio=5 tid=501 in Object.wait()&#10;java.lang.Thread.State: WAITING (on object monitor)&#10;        at sun.misc.Unsafe.park(Native Method)&#10;        at java.util.concurrent.locks.LockSupport.park(LockSupport.java:175)&#10;        at java.util.concurrent.locks.AbstractQueuedSynchronizer$ConditionObject.await(AbstractQueuedSynchronizer.java:2039)&#10;        at java.util.concurrent.ArrayBlockingQueue.take(ArrayBlockingQueue.java:403)&#10;        at java.util.concurrent.ThreadPoolExecutor.getTask(ThreadPoolExecutor.java:1074)&#10;        at java.util.concurrent.ThreadPoolExecutor.runWorker(ThreadPoolExecutor.java:1134)&#10;        at java.util.concurrent.ThreadPoolExecutor$Worker.run(ThreadPoolExecutor.java:624)&#10;        at java.lang.Thread.run(Thread.java:748)&#10;&quot;pool-46-thread-25&quot;  prio=5 tid=458 in Object.wait()&#10;java.lang.Thread.State: WAITING (on object monitor)&#10;        at sun.misc.Unsafe.park(Native Method)&#10;        at java.util.concurrent.locks.LockSupport.park(LockSupport.java:175)&#10;        at java.util.concurrent.locks.AbstractQueuedSynchronizer$ConditionObject.await(AbstractQueuedSynchronizer.java:2039)&#10;        at java.util.concurrent.ArrayBlockingQueue.take(ArrayBlockingQueue.java:403)&#10;        at java.util.concurrent.ThreadPoolExecutor.getTask(ThreadPoolExecutor.java:1074)&#10;        at java.util.concurrent.ThreadPoolExecutor.runWorker(ThreadPoolExecutor.java:1134)&#10;        at java.util.concurrent.ThreadPoolExecutor$Worker.run(ThreadPoolExecutor.java:624)&#10;        at java.lang.Thread.run(Thread.java:748)&#10;&quot;pool-56-thread-59&quot;  prio=5 tid=553 in Object.wait()&#10;java.lang.Thread.State: WAITING (on object monitor)&#10;        at sun.misc.Unsafe.park(Native Method)&#10;        at java.util.concurrent.locks.LockSupport.park(LockSupport.java:175)&#10;        at java.util.concurrent.locks.AbstractQueuedSynchronizer$ConditionObject.await(AbstractQueuedSynchronizer.java:2039)&#10;        at java.util.concurrent.ArrayBlockingQueue.take(ArrayBlockingQueue.java:403)&#10;        at java.util.concurrent.ThreadPoolExecutor.getTask(ThreadPoolExecutor.java:1074)&#10;        at java.util.concurrent.ThreadPoolExecutor.runWorker(ThreadPoolExecutor.java:1134)&#10;        at java.util.concurrent.ThreadPoolExecutor$Worker.run(ThreadPoolExecutor.java:624)&#10;        at java.lang.Thread.run(Thread.java:748)&#10;&quot;qtp1507604180-186&quot; daemon prio=5 tid=186 runnable&#10;java.lang.Thread.State: RUNNABLE&#10;        at sun.nio.ch.EPollArrayWrapper.epollWait(Native Method)&#10;        at sun.nio.ch.EPollArrayWrapper.poll(EPollArrayWrapper.java:269)&#10;        at sun.nio.ch.EPollSelectorImpl.doSelect(EPollSelectorImpl.java:93)&#10;        at sun.nio.ch.SelectorImpl.lockAndDoSelect(SelectorImpl.java:86)&#10;        at sun.nio.ch.SelectorImpl.select(SelectorImpl.java:97)&#10;        at sun.nio.ch.SelectorImpl.select(SelectorImpl.java:101)&#10;        at org.eclipse.jetty.io.ManagedSelector$SelectorProducer.select(ManagedSelector.java:243)&#10;        at org.eclipse.jetty.io.ManagedSelector$SelectorProducer.produce(ManagedSelector.java:191)&#10;        at org.eclipse.jetty.util.thread.strategy.ExecuteProduceConsume.executeProduceConsume(ExecuteProduceConsume.java:249)&#10;        at org.eclipse.jetty.util.thread.strategy.ExecuteProduceConsume.produceConsume(ExecuteProduceConsume.java:148)&#10;        at org.eclipse.jetty.util.thread.strategy.ExecuteProduceConsume.execute(ExecuteProduceConsume.java:100)&#10;        at org.eclipse.jetty.io.ManagedSelector.run(ManagedSelector.java:147)&#10;        at org.eclipse.jetty.util.thread.QueuedThreadPool.runJob(QueuedThreadPool.java:671)&#10;        at org.eclipse.jetty.util.thread.QueuedThreadPool$2.run(QueuedThreadPool.java:589)&#10;        at java.lang.Thread.run(Thread.java:748)&#10;&quot;Thread-1233&quot; daemon prio=5 tid=1825 timed_waiting&#10;java.lang.Thread.State: TIMED_WAITING&#10;        at java.lang.Thread.sleep(Native Method)&#10;        at org.apache.ratis.util.JavaUtils.sleep(JavaUtils.java:247)&#10;        at org.apache.ratis.server.impl.FollowerState.run(FollowerState.java:96)&#10;&quot;Thread-1196&quot; daemon prio=5 tid=1782 timed_waiting&#10;java.lang.Thread.State: TIMED_WAITING&#10;        at java.lang.Thread.sleep(Native Method)&#10;        at org.apache.ratis.util.JavaUtils.sleep(JavaUtils.java:247)&#10;        at org.apache.ratis.server.impl.FollowerState.run(FollowerState.java:96)&#10;&quot;pool-36-thread-46&quot;  prio=5 tid=419 in Object.wait()&#10;java.lang.Thread.State: WAITING (on object monitor)&#10;        at sun.misc.Unsafe.park(Native Method)&#10;        at java.util.concurrent.locks.LockSupport.park(LockSupport.java:175)&#10;        at java.util.concurrent.locks.AbstractQueuedSynchronizer$ConditionObject.await(AbstractQueuedSynchronizer.java:2039)&#10;        at java.util.concurrent.ArrayBlockingQueue.take(ArrayBlockingQueue.java:403)&#10;        at java.util.concurrent.ThreadPoolExecutor.getTask(ThreadPoolExecutor.java:1074)&#10;        at java.util.concurrent.ThreadPoolExecutor.runWorker(ThreadPoolExecutor.java:1134)&#10;        at java.util.concurrent.ThreadPoolExecutor$Worker.run(ThreadPoolExecutor.java:624)&#10;        at java.lang.Thread.run(Thread.java:748)&#10;&quot;8c24ed06-386e-4085-8931-93c762a64530@group-CDCB2C8C105A-StateMachineUpdater&quot; daemon prio=5 tid=727 in Object.wait()&#10;java.lang.Thread.State: WAITING (on object monitor)&#10;        at java.lang.Object.wait(Native Method)&#10;        at java.lang.Object.wait(Object.java:502)&#10;        at org.apache.ratis.server.impl.StateMachineUpdater.waitForCommit(StateMachineUpdater.java:183)&#10;        at org.apache.ratis.server.impl.StateMachineUpdater.run(StateMachineUpdater.java:148)&#10;        at java.lang.Thread.run(Thread.java:748)&#10;&quot;Thread-1228&quot; daemon prio=5 tid=1820 timed_waiting&#10;java.lang.Thread.State: TIMED_WAITING&#10;        at java.lang.Thread.sleep(Native Method)&#10;        at org.apache.ratis.util.JavaUtils.sleep(JavaUtils.java:247)&#10;        at org.apache.ratis.server.impl.FollowerState.run(FollowerState.java:96)&#10;&quot;metrics-hadoop-metrics2-reporter-4-thread-1&quot; daemon prio=5 tid=719 timed_waiting&#10;java.lang.Thread.State: TIMED_WAITING&#10;        at sun.misc.Unsafe.park(Native Method)&#10;        at java.util.concurrent.locks.LockSupport.parkNanos(LockSupport.java:215)&#10;        at java.util.concurrent.locks.AbstractQueuedSynchronizer$ConditionObject.awaitNanos(AbstractQueuedSynchronizer.java:2078)&#10;        at java.util.concurrent.ScheduledThreadPoolExecutor$DelayedWorkQueue.take(ScheduledThreadPoolExecutor.java:1093)&#10;        at java.util.concurrent.ScheduledThreadPoolExecutor$DelayedWorkQueue.take(ScheduledThreadPoolExecutor.java:809)&#10;        at java.util.concurrent.ThreadPoolExecutor.getTask(ThreadPoolExecutor.java:1074)&#10;        at java.util.concurrent.ThreadPoolExecutor.runWorker(ThreadPoolExecutor.java:1134)&#10;        at java.util.concurrent.ThreadPoolExecutor$Worker.run(ThreadPoolExecutor.java:624)&#10;        at java.lang.Thread.run(Thread.java:748)&#10;&quot;pool-56-thread-4&quot;  prio=5 tid=498 in Object.wait()&#10;java.lang.Thread.State: WAITING (on object monitor)&#10;        at sun.misc.Unsafe.park(Native Method)&#10;        at java.util.concurrent.locks.LockSupport.park(LockSupport.java:175)&#10;        at java.util.concurrent.locks.AbstractQueuedSynchronizer$ConditionObject.await(AbstractQueuedSynchronizer.java:2039)&#10;        at java.util.concurrent.ArrayBlockingQueue.take(ArrayBlockingQueue.java:403)&#10;        at java.util.concurrent.ThreadPoolExecutor.getTask(ThreadPoolExecutor.java:1074)&#10;        at java.util.concurrent.ThreadPoolExecutor.runWorker(ThreadPoolExecutor.java:1134)&#10;        at java.util.concurrent.ThreadPoolExecutor$Worker.run(ThreadPoolExecutor.java:624)&#10;        at java.lang.Thread.run(Thread.java:748)&#10;&quot;IPC Server handler 12 on 44461&quot; daemon prio=5 tid=127 timed_waiting&#10;java.lang.Thread.State: TIMED_WAITING&#10;        at sun.misc.Unsafe.park(Native Method)&#10;        at java.util.concurrent.locks.LockSupport.parkNanos(LockSupport.java:215)&#10;        at java.util.concurrent.locks.AbstractQueuedSynchronizer$ConditionObject.awaitNanos(AbstractQueuedSynchronizer.java:2078)&#10;        at java.util.concurrent.LinkedBlockingQueue.poll(LinkedBlockingQueue.java:467)&#10;        at org.apache.hadoop.ipc.CallQueueManager.take(CallQueueManager.java:288)&#10;        at org.apache.hadoop.ipc.Server$Handler.run(Server.java:2668)&#10;&quot;pool-46-thread-59&quot;  prio=5 tid=492 in Object.wait()&#10;java.lang.Thread.State: WAITING (on object monitor)&#10;        at sun.misc.Unsafe.park(Native Method)&#10;        at java.util.concurrent.locks.LockSupport.park(LockSupport.java:175)&#10;        at java.util.concurrent.locks.AbstractQueuedSynchronizer$ConditionObject.await(AbstractQueuedSynchronizer.java:2039)&#10;        at java.util.concurrent.ArrayBlockingQueue.take(ArrayBlockingQueue.java:403)&#10;        at java.util.concurrent.ThreadPoolExecutor.getTask(ThreadPoolExecutor.java:1074)&#10;        at java.util.concurrent.ThreadPoolExecutor.runWorker(ThreadPoolExecutor.java:1134)&#10;        at java.util.concurrent.ThreadPoolExecutor$Worker.run(ThreadPoolExecutor.java:624)&#10;        at java.lang.Thread.run(Thread.java:748)&#10;&quot;pool-46-thread-37&quot;  prio=5 tid=470 in Object.wait()&#10;java.lang.Thread.State: WAITING (on object monitor)&#10;        at sun.misc.Unsafe.park(Native Method)&#10;        at java.util.concurrent.locks.LockSupport.park(LockSupport.java:175)&#10;        at java.util.concurrent.locks.AbstractQueuedSynchronizer$ConditionObject.await(AbstractQueuedSynchronizer.java:2039)&#10;        at java.util.concurrent.ArrayBlockingQueue.take(ArrayBlockingQueue.java:403)&#10;        at java.util.concurrent.ThreadPoolExecutor.getTask(ThreadPoolExecutor.java:1074)&#10;        at java.util.concurrent.ThreadPoolExecutor.runWorker(ThreadPoolExecutor.java:1134)&#10;        at java.util.concurrent.ThreadPoolExecutor$Worker.run(ThreadPoolExecutor.java:624)&#10;        at java.lang.Thread.run(Thread.java:748)&#10;&quot;Datanode State Machine Thread - 0&quot; daemon prio=5 tid=231 timed_waiting&#10;java.lang.Thread.State: TIMED_WAITING&#10;        at sun.misc.Unsafe.park(Native Method)&#10;        at java.util.concurrent.locks.LockSupport.parkNanos(LockSupport.java:215)&#10;        at java.util.concurrent.SynchronousQueue$TransferStack.awaitFulfill(SynchronousQueue.java:460)&#10;        at java.util.concurrent.SynchronousQueue$TransferStack.transfer(SynchronousQueue.java:362)&#10;        at java.util.concurrent.SynchronousQueue.poll(SynchronousQueue.java:941)&#10;        at java.util.concurrent.ThreadPoolExecutor.getTask(ThreadPoolExecutor.java:1073)&#10;        at java.util.concurrent.ThreadPoolExecutor.runWorker(ThreadPoolExecutor.java:1134)&#10;        at java.util.concurrent.ThreadPoolExecutor$Worker.run(ThreadPoolExecutor.java:624)&#10;        at java.lang.Thread.run(Thread.java:748)&#10;&quot;IPC Server Responder&quot; daemon prio=5 tid=21 runnable&#10;java.lang.Thread.State: RUNNABLE&#10;        at sun.nio.ch.EPollArrayWrapper.epollWait(Native Method)&#10;        at sun.nio.ch.EPollArrayWrapper.poll(EPollArrayWrapper.java:269)&#10;        at sun.nio.ch.EPollSelectorImpl.doSelect(EPollSelectorImpl.java:93)&#10;        at sun.nio.ch.SelectorImpl.lockAndDoSelect(SelectorImpl.java:86)&#10;        at sun.nio.ch.SelectorImpl.select(SelectorImpl.java:97)&#10;        at org.apache.hadoop.ipc.Server$Responder.doRunLoop(Server.java:1334)&#10;        at org.apache.hadoop.ipc.Server$Responder.run(Server.java:1317)&#10;&quot;pool-36-thread-34&quot;  prio=5 tid=407 in Object.wait()&#10;java.lang.Thread.State: WAITING (on object monitor)&#10;        at sun.misc.Unsafe.park(Native Method)&#10;        at java.util.concurrent.locks.LockSupport.park(LockSupport.java:175)&#10;        at java.util.concurrent.locks.AbstractQueuedSynchronizer$ConditionObject.await(AbstractQueuedSynchronizer.java:2039)&#10;        at java.util.concurrent.ArrayBlockingQueue.take(ArrayBlockingQueue.java:403)&#10;        at java.util.concurrent.ThreadPoolExecutor.getTask(ThreadPoolExecutor.java:1074)&#10;        at java.util.concurrent.ThreadPoolExecutor.runWorker(ThreadPoolExecutor.java:1134)&#10;        at java.util.concurrent.ThreadPoolExecutor$Worker.run(ThreadPoolExecutor.java:624)&#10;        at java.lang.Thread.run(Thread.java:748)&#10;&quot;BlockDeletingService#2&quot; daemon prio=5 tid=1728 in Object.wait()&#10;java.lang.Thread.State: WAITING (on object monitor)&#10;        at sun.misc.Unsafe.park(Native Method)&#10;        at java.util.concurrent.locks.LockSupport.park(LockSupport.java:175)&#10;        at java.util.concurrent.locks.AbstractQueuedSynchronizer$ConditionObject.await(AbstractQueuedSynchronizer.java:2039)&#10;        at java.util.concurrent.ScheduledThreadPoolExecutor$DelayedWorkQueue.take(ScheduledThreadPoolExecutor.java:1088)&#10;        at java.util.concurrent.ScheduledThreadPoolExecutor$DelayedWorkQueue.take(ScheduledThreadPoolExecutor.java:809)&#10;        at java.util.concurrent.ThreadPoolExecutor.getTask(ThreadPoolExecutor.java:1074)&#10;        at java.util.concurrent.ThreadPoolExecutor.runWorker(ThreadPoolExecutor.java:1134)&#10;        at java.util.concurrent.ThreadPoolExecutor$Worker.run(ThreadPoolExecutor.java:624)&#10;        at java.lang.Thread.run(Thread.java:748)&#10;&quot;pool-66-thread-38&quot;  prio=5 tid=600 in Object.wait()&#10;java.lang.Thread.State: WAITING (on object monitor)&#10;        at sun.misc.Unsafe.park(Native Method)&#10;        at java.util.concurrent.locks.LockSupport.park(LockSupport.java:175)&#10;        at java.util.concurrent.locks.AbstractQueuedSynchronizer$ConditionObject.await(AbstractQueuedSynchronizer.java:2039)&#10;        at java.util.concurrent.ArrayBlockingQueue.take(ArrayBlockingQueue.java:403)&#10;        at java.util.concurrent.ThreadPoolExecutor.getTask(ThreadPoolExecutor.java:1074)&#10;        at java.util.concurrent.ThreadPoolExecutor.runWorker(ThreadPoolExecutor.java:1134)&#10;        at java.util.concurrent.ThreadPoolExecutor$Worker.run(ThreadPoolExecutor.java:624)&#10;        at java.lang.Thread.run(Thread.java:748)&#10;&quot;Thread-1200&quot; daemon prio=5 tid=1786 timed_waiting&#10;java.lang.Thread.State: TIMED_WAITING&#10;        at sun.misc.Unsafe.park(Native Method)&#10;        at java.util.concurrent.locks.LockSupport.parkNanos(LockSupport.java:215)&#10;        at java.util.concurrent.locks.AbstractQueuedSynchronizer$ConditionObject.awaitNanos(AbstractQueuedSynchronizer.java:2078)&#10;        at java.util.concurrent.ArrayBlockingQueue.poll(ArrayBlockingQueue.java:418)&#10;        at org.apache.ratis.server.impl.LeaderState$EventQueue.poll(LeaderState.java:115)&#10;        at org.apache.ratis.server.impl.LeaderState$EventProcessor.run(LeaderState.java:457)&#10;&quot;pool-26-thread-36&quot;  prio=5 tid=349 in Object.wait()&#10;java.lang.Thread.State: WAITING (on object monitor)&#10;        at sun.misc.Unsafe.park(Native Method)&#10;        at java.util.concurrent.locks.LockSupport.park(LockSupport.java:175)&#10;        at java.util.concurrent.locks.AbstractQueuedSynchronizer$ConditionObject.await(AbstractQueuedSynchronizer.java:2039)&#10;        at java.util.concurrent.ArrayBlockingQueue.take(ArrayBlockingQueue.java:403)&#10;        at java.util.concurrent.ThreadPoolExecutor.getTask(ThreadPoolExecutor.java:1074)&#10;        at java.util.concurrent.ThreadPoolExecutor.runWorker(ThreadPoolExecutor.java:1134)&#10;        at java.util.concurrent.ThreadPoolExecutor$Worker.run(ThreadPoolExecutor.java:624)&#10;        at java.lang.Thread.run(Thread.java:748)&#10;&quot;pool-36-thread-31&quot;  prio=5 tid=404 in Object.wait()&#10;java.lang.Thread.State: WAITING (on object monitor)&#10;        at sun.misc.Unsafe.park(Native Method)&#10;        at java.util.concurrent.locks.LockSupport.park(LockSupport.java:175)&#10;        at java.util.concurrent.locks.AbstractQueuedSynchronizer$ConditionObject.await(AbstractQueuedSynchronizer.java:2039)&#10;        at java.util.concurrent.ArrayBlockingQueue.take(ArrayBlockingQueue.java:403)&#10;        at java.util.concurrent.ThreadPoolExecutor.getTask(ThreadPoolExecutor.java:1074)&#10;        at java.util.concurrent.ThreadPoolExecutor.runWorker(ThreadPoolExecutor.java:1134)&#10;        at java.util.concurrent.ThreadPoolExecutor$Worker.run(ThreadPoolExecutor.java:624)&#10;        at java.lang.Thread.run(Thread.java:748)&#10;&quot;IPC Server handler 5 on 45005&quot; daemon prio=5 tid=34 timed_waiting&#10;java.lang.Thread.State: TIMED_WAITING&#10;        at sun.misc.Unsafe.park(Native Method)&#10;        at java.util.concurrent.locks.LockSupport.parkNanos(LockSupport.java:215)&#10;        at java.util.concurrent.locks.AbstractQueuedSynchronizer$ConditionObject.awaitNanos(AbstractQueuedSynchronizer.java:2078)&#10;        at java.util.concurrent.LinkedBlockingQueue.poll(LinkedBlockingQueue.java:467)&#10;        at org.apache.hadoop.ipc.CallQueueManager.take(CallQueueManager.java:288)&#10;        at org.apache.hadoop.ipc.Server$Handler.run(Server.java:2668)&#10;&quot;pool-56-thread-38&quot;  prio=5 tid=532 in Object.wait()&#10;java.lang.Thread.State: WAITING (on object monitor)&#10;        at sun.misc.Unsafe.park(Native Method)&#10;        at java.util.concurrent.locks.LockSupport.park(LockSupport.java:175)&#10;        at java.util.concurrent.locks.AbstractQueuedSynchronizer$ConditionObject.await(AbstractQueuedSynchronizer.java:2039)&#10;        at java.util.concurrent.ArrayBlockingQueue.take(ArrayBlockingQueue.java:403)&#10;        at java.util.concurrent.ThreadPoolExecutor.getTask(ThreadPoolExecutor.java:1074)&#10;        at java.util.concurrent.ThreadPoolExecutor.runWorker(ThreadPoolExecutor.java:1134)&#10;        at java.util.concurrent.ThreadPoolExecutor$Worker.run(ThreadPoolExecutor.java:624)&#10;        at java.lang.Thread.run(Thread.java:748)&#10;&quot;metrics-hadoop-metrics2-reporter-45-thread-1&quot; daemon prio=5 tid=1040 timed_waiting&#10;java.lang.Thread.State: TIMED_WAITING&#10;        at sun.misc.Unsafe.park(Native Method)&#10;        at java.util.concurrent.locks.LockSupport.parkNanos(LockSupport.java:215)&#10;        at java.util.concurrent.locks.AbstractQueuedSynchronizer$ConditionObject.awaitNanos(AbstractQueuedSynchronizer.java:2078)&#10;        at java.util.concurrent.ScheduledThreadPoolExecutor$DelayedWorkQueue.take(ScheduledThreadPoolExecutor.java:1093)&#10;        at java.util.concurrent.ScheduledThreadPoolExecutor$DelayedWorkQueue.take(ScheduledThreadPoolExecutor.java:809)&#10;        at java.util.concurrent.ThreadPoolExecutor.getTask(ThreadPoolExecutor.java:1074)&#10;        at java.util.concurrent.ThreadPoolExecutor.runWorker(ThreadPoolExecutor.java:1134)&#10;        at java.util.concurrent.ThreadPoolExecutor$Worker.run(ThreadPoolExecutor.java:624)&#10;        at java.lang.Thread.run(Thread.java:748)&#10;&quot;pool-66-thread-32&quot;  prio=5 tid=594 in Object.wait()&#10;java.lang.Thread.State: WAITING (on object monitor)&#10;        at sun.misc.Unsafe.park(Native Method)&#10;        at java.util.concurrent.locks.LockSupport.park(LockSupport.java:175)&#10;        at java.util.concurrent.locks.AbstractQueuedSynchronizer$ConditionObject.await(AbstractQueuedSynchronizer.java:2039)&#10;        at java.util.concurrent.ArrayBlockingQueue.take(ArrayBlockingQueue.java:403)&#10;        at java.util.concurrent.ThreadPoolExecutor.getTask(ThreadPoolExecutor.java:1074)&#10;        at java.util.concurrent.ThreadPoolExecutor.runWorker(ThreadPoolExecutor.java:1134)&#10;        at java.util.concurrent.ThreadPoolExecutor$Worker.run(ThreadPoolExecutor.java:624)&#10;        at java.lang.Thread.run(Thread.java:748)&#10;&quot;pool-56-thread-36&quot;  prio=5 tid=530 in Object.wait()&#10;java.lang.Thread.State: WAITING (on object monitor)&#10;        at sun.misc.Unsafe.park(Native Method)&#10;        at java.util.concurrent.locks.LockSupport.park(LockSupport.java:175)&#10;        at java.util.concurrent.locks.AbstractQueuedSynchronizer$ConditionObject.await(AbstractQueuedSynchronizer.java:2039)&#10;        at java.util.concurrent.ArrayBlockingQueue.take(ArrayBlockingQueue.java:403)&#10;        at java.util.concurrent.ThreadPoolExecutor.getTask(ThreadPoolExecutor.java:1074)&#10;        at java.util.concurrent.ThreadPoolExecutor.runWorker(ThreadPoolExecutor.java:1134)&#10;        at java.util.concurrent.ThreadPoolExecutor$Worker.run(ThreadPoolExecutor.java:624)&#10;        at java.lang.Thread.run(Thread.java:748)&#10;&quot;qtp1680841335-240&quot; daemon prio=5 tid=240 runnable&#10;java.lang.Thread.State: RUNNABLE&#10;        at sun.nio.ch.EPollArrayWrapper.epollWait(Native Method)&#10;        at sun.nio.ch.EPollArrayWrapper.poll(EPollArrayWrapper.java:269)&#10;        at sun.nio.ch.EPollSelectorImpl.doSelect(EPollSelectorImpl.java:93)&#10;        at sun.nio.ch.SelectorImpl.lockAndDoSelect(SelectorImpl.java:86)&#10;        at sun.nio.ch.SelectorImpl.select(SelectorImpl.java:97)&#10;        at sun.nio.ch.SelectorImpl.select(SelectorImpl.java:101)&#10;        at org.eclipse.jetty.io.ManagedSelector$SelectorProducer.select(ManagedSelector.java:243)&#10;        at org.eclipse.jetty.io.ManagedSelector$SelectorProducer.produce(ManagedSelector.java:191)&#10;        at org.eclipse.jetty.util.thread.strategy.ExecuteProduceConsume.executeProduceConsume(ExecuteProduceConsume.java:249)&#10;        at org.eclipse.jetty.util.thread.strategy.ExecuteProduceConsume.produceConsume(ExecuteProduceConsume.java:148)&#10;        at org.eclipse.jetty.util.thread.strategy.ExecuteProduceConsume.execute(ExecuteProduceConsume.java:100)&#10;        at org.eclipse.jetty.io.ManagedSelector.run(ManagedSelector.java:147)&#10;        at org.eclipse.jetty.util.thread.QueuedThreadPool.runJob(QueuedThreadPool.java:671)&#10;        at org.eclipse.jetty.util.thread.QueuedThreadPool$2.run(QueuedThreadPool.java:589)&#10;        at java.lang.Thread.run(Thread.java:748)&#10;&quot;BlockDeletingService#2&quot; daemon prio=5 tid=1730 in Object.wait()&#10;java.lang.Thread.State: WAITING (on object monitor)&#10;        at sun.misc.Unsafe.park(Native Method)&#10;        at java.util.concurrent.locks.LockSupport.park(LockSupport.java:175)&#10;        at java.util.concurrent.locks.AbstractQueuedSynchronizer$ConditionObject.await(AbstractQueuedSynchronizer.java:2039)&#10;        at java.util.concurrent.ScheduledThreadPoolExecutor$DelayedWorkQueue.take(ScheduledThreadPoolExecutor.java:1088)&#10;        at java.util.concurrent.ScheduledThreadPoolExecutor$DelayedWorkQueue.take(ScheduledThreadPoolExecutor.java:809)&#10;        at java.util.concurrent.ThreadPoolExecutor.getTask(ThreadPoolExecutor.java:1074)&#10;        at java.util.concurrent.ThreadPoolExecutor.runWorker(ThreadPoolExecutor.java:1134)&#10;        at java.util.concurrent.ThreadPoolExecutor$Worker.run(ThreadPoolExecutor.java:624)&#10;        at java.lang.Thread.run(Thread.java:748)&#10;&quot;metrics-hadoop-metrics2-reporter-57-thread-1&quot; daemon prio=5 tid=1834 timed_waiting&#10;java.lang.Thread.State: TIMED_WAITING&#10;        at sun.misc.Unsafe.park(Native Method)&#10;        at java.util.concurrent.locks.LockSupport.parkNanos(LockSupport.java:215)&#10;        at java.util.concurrent.locks.AbstractQueuedSynchronizer$ConditionObject.awaitNanos(AbstractQueuedSynchronizer.java:2078)&#10;        at java.util.concurrent.ScheduledThreadPoolExecutor$DelayedWorkQueue.take(ScheduledThreadPoolExecutor.java:1093)&#10;        at java.util.concurrent.ScheduledThreadPoolExecutor$DelayedWorkQueue.take(ScheduledThreadPoolExecutor.java:809)&#10;        at java.util.concurrent.ThreadPoolExecutor.getTask(ThreadPoolExecutor.java:1074)&#10;        at java.util.concurrent.ThreadPoolExecutor.runWorker(ThreadPoolExecutor.java:1134)&#10;        at java.util.concurrent.ThreadPoolExecutor$Worker.run(ThreadPoolExecutor.java:624)&#10;        at java.lang.Thread.run(Thread.java:748)&#10;&quot;IPC Server handler 3 on 45005&quot; daemon prio=5 tid=32 timed_waiting&#10;java.lang.Thread.State: TIMED_WAITING&#10;        at sun.misc.Unsafe.park(Native Method)&#10;        at java.util.concurrent.locks.LockSupport.parkNanos(LockSupport.java:215)&#10;        at java.util.concurrent.locks.AbstractQueuedSynchronizer$ConditionObject.awaitNanos(AbstractQueuedSynchronizer.java:2078)&#10;        at java.util.concurrent.LinkedBlockingQueue.poll(LinkedBlockingQueue.java:467)&#10;        at org.apache.hadoop.ipc.CallQueueManager.take(CallQueueManager.java:288)&#10;        at org.apache.hadoop.ipc.Server$Handler.run(Server.java:2668)&#10;&quot;metrics-hadoop-metrics2-reporter-26-thread-1&quot; daemon prio=5 tid=817 timed_waiting&#10;java.lang.Thread.State: TIMED_WAITING&#10;        at sun.misc.Unsafe.park(Native Method)&#10;        at java.util.concurrent.locks.LockSupport.parkNanos(LockSupport.java:215)&#10;        at java.util.concurrent.locks.AbstractQueuedSynchronizer$ConditionObject.awaitNanos(AbstractQueuedSynchronizer.java:2078)&#10;        at java.util.concurrent.ScheduledThreadPoolExecutor$DelayedWorkQueue.take(ScheduledThreadPoolExecutor.java:1093)&#10;        at java.util.concurrent.ScheduledThreadPoolExecutor$DelayedWorkQueue.take(ScheduledThreadPoolExecutor.java:809)&#10;        at java.util.concurrent.ThreadPoolExecutor.getTask(ThreadPoolExecutor.java:1074)&#10;        at java.util.concurrent.ThreadPoolExecutor.runWorker(ThreadPoolExecutor.java:1134)&#10;        at java.util.concurrent.ThreadPoolExecutor$Worker.run(ThreadPoolExecutor.java:624)&#10;        at java.lang.Thread.run(Thread.java:748)&#10;&quot;pool-26-thread-48&quot;  prio=5 tid=361 in Object.wait()&#10;java.lang.Thread.State: WAITING (on object monitor)&#10;        at sun.misc.Unsafe.park(Native Method)&#10;        at java.util.concurrent.locks.LockSupport.park(LockSupport.java:175)&#10;        at java.util.concurrent.locks.AbstractQueuedSynchronizer$ConditionObject.await(AbstractQueuedSynchronizer.java:2039)&#10;        at java.util.concurrent.ArrayBlockingQueue.take(ArrayBlockingQueue.java:403)&#10;        at java.util.concurrent.ThreadPoolExecutor.getTask(ThreadPoolExecutor.java:1074)&#10;        at java.util.concurrent.ThreadPoolExecutor.runWorker(ThreadPoolExecutor.java:1134)&#10;        at java.util.concurrent.ThreadPoolExecutor$Worker.run(ThreadPoolExecutor.java:624)&#10;        at java.lang.Thread.run(Thread.java:748)&#10;&quot;Thread-1226&quot; daemon prio=5 tid=1818 timed_waiting&#10;java.lang.Thread.State: TIMED_WAITING&#10;        at sun.misc.Unsafe.park(Native Method)&#10;        at java.util.concurrent.locks.LockSupport.parkNanos(LockSupport.java:215)&#10;        at java.util.concurrent.locks.AbstractQueuedSynchronizer$ConditionObject.awaitNanos(AbstractQueuedSynchronizer.java:2078)&#10;        at java.util.concurrent.ArrayBlockingQueue.poll(ArrayBlockingQueue.java:418)&#10;        at org.apache.ratis.server.impl.LeaderState$EventQueue.poll(LeaderState.java:115)&#10;        at org.apache.ratis.server.impl.LeaderState$EventProcessor.run(LeaderState.java:457)&#10;&quot;qtp83534488-214-acceptor-0@fa0641f-ServerConnector@434514d8{HTTP/1.1,[http/1.1]}{0.0.0.0:39855}&quot; daemon prio=3 tid=214 runnable&#10;java.lang.Thread.State: RUNNABLE&#10;        at sun.nio.ch.ServerSocketChannelImpl.accept0(Native Method)&#10;        at sun.nio.ch.ServerSocketChannelImpl.accept(ServerSocketChannelImpl.java:422)&#10;        at sun.nio.ch.ServerSocketChannelImpl.accept(ServerSocketChannelImpl.java:250)&#10;        at org.eclipse.jetty.server.ServerConnector.accept(ServerConnector.java:397)&#10;        at org.eclipse.jetty.server.AbstractConnector$Acceptor.run(AbstractConnector.java:601)&#10;        at org.eclipse.jetty.util.thread.QueuedThreadPool.runJob(QueuedThreadPool.java:671)&#10;        at org.eclipse.jetty.util.thread.QueuedThreadPool$2.run(QueuedThreadPool.java:589)&#10;        at java.lang.Thread.run(Thread.java:748)&#10;&quot;IPC Server handler 10 on 37215&quot; daemon prio=5 tid=59 timed_waiting&#10;java.lang.Thread.State: TIMED_WAITING&#10;        at sun.misc.Unsafe.park(Native Method)&#10;        at java.util.concurrent.locks.LockSupport.parkNanos(LockSupport.java:215)&#10;        at java.util.concurrent.locks.AbstractQueuedSynchronizer$ConditionObject.awaitNanos(AbstractQueuedSynchronizer.java:2078)&#10;        at java.util.concurrent.LinkedBlockingQueue.poll(LinkedBlockingQueue.java:467)&#10;        at org.apache.hadoop.ipc.CallQueueManager.take(CallQueueManager.java:288)&#10;        at org.apache.hadoop.ipc.Server$Handler.run(Server.java:2668)&#10;&quot;a7d59ef6-3eca-4628-b097-12d983444e7f@group-6E9EB1C0F638-SegmentedRaftLogWorker&quot;  prio=5 tid=861 timed_waiting&#10;java.lang.Thread.State: TIMED_WAITING&#10;        at sun.misc.Unsafe.park(Native Method)&#10;        at java.util.concurrent.locks.LockSupport.parkNanos(LockSupport.java:215)&#10;        at java.util.concurrent.locks.AbstractQueuedSynchronizer$ConditionObject.awaitNanos(AbstractQueuedSynchronizer.java:2078)&#10;        at org.apache.ratis.util.DataBlockingQueue.poll(DataBlockingQueue.java:137)&#10;        at org.apache.ratis.server.raftlog.segmented.SegmentedRaftLogWorker.run(SegmentedRaftLogWorker.java:283)&#10;        at java.lang.Thread.run(Thread.java:748)&#10;&quot;Datanode State Machine Thread - 0&quot; daemon prio=5 tid=258 timed_waiting&#10;java.lang.Thread.State: TIMED_WAITING&#10;        at sun.misc.Unsafe.park(Native Method)&#10;        at java.util.concurrent.locks.LockSupport.parkNanos(LockSupport.java:215)&#10;        at java.util.concurrent.SynchronousQueue$TransferStack.awaitFulfill(SynchronousQueue.java:460)&#10;        at java.util.concurrent.SynchronousQueue$TransferStack.transfer(SynchronousQueue.java:362)&#10;        at java.util.concurrent.SynchronousQueue.poll(SynchronousQueue.java:941)&#10;        at java.util.concurrent.ThreadPoolExecutor.getTask(ThreadPoolExecutor.java:1073)&#10;        at java.util.concurrent.ThreadPoolExecutor.runWorker(ThreadPoolExecutor.java:1134)&#10;        at java.util.concurrent.ThreadPoolExecutor$Worker.run(ThreadPoolExecutor.java:624)&#10;        at java.lang.Thread.run(Thread.java:748)&#10;&quot;pool-56-thread-46&quot;  prio=5 tid=540 in Object.wait()&#10;java.lang.Thread.State: WAITING (on object monitor)&#10;        at sun.misc.Unsafe.park(Native Method)&#10;        at java.util.concurrent.locks.LockSupport.park(LockSupport.java:175)&#10;        at java.util.concurrent.locks.AbstractQueuedSynchronizer$ConditionObject.await(AbstractQueuedSynchronizer.java:2039)&#10;        at java.util.concurrent.ArrayBlockingQueue.take(ArrayBlockingQueue.java:403)&#10;        at java.util.concurrent.ThreadPoolExecutor.getTask(ThreadPoolExecutor.java:1074)&#10;        at java.util.concurrent.ThreadPoolExecutor.runWorker(ThreadPoolExecutor.java:1134)&#10;        at java.util.concurrent.ThreadPoolExecutor$Worker.run(ThreadPoolExecutor.java:624)&#10;        at java.lang.Thread.run(Thread.java:748)&#10;&quot;qtp1623761043-272&quot; daemon prio=5 tid=272 timed_waiting&#10;java.lang.Thread.State: TIMED_WAITING&#10;        at sun.misc.Unsafe.park(Native Method)&#10;        at java.util.concurrent.locks.LockSupport.parkNanos(LockSupport.java:215)&#10;        at java.util.concurrent.locks.AbstractQueuedSynchronizer$ConditionObject.awaitNanos(AbstractQueuedSynchronizer.java:2078)&#10;        at org.eclipse.jetty.util.BlockingArrayQueue.poll(BlockingArrayQueue.java:392)&#10;        at org.eclipse.jetty.util.thread.QueuedThreadPool.idleJobPoll(QueuedThreadPool.java:563)&#10;        at org.eclipse.jetty.util.thread.QueuedThreadPool.access$800(QueuedThreadPool.java:48)&#10;        at org.eclipse.jetty.util.thread.QueuedThreadPool$2.run(QueuedThreadPool.java:626)&#10;        at java.lang.Thread.run(Thread.java:748)&#10;&quot;IPC Server handler 4 on 37215&quot; daemon prio=5 tid=53 timed_waiting&#10;java.lang.Thread.State: TIMED_WAITING&#10;        at sun.misc.Unsafe.park(Native Method)&#10;        at java.util.concurrent.locks.LockSupport.parkNanos(LockSupport.java:215)&#10;        at java.util.concurrent.locks.AbstractQueuedSynchronizer$ConditionObject.awaitNanos(AbstractQueuedSynchronizer.java:2078)&#10;        at java.util.concurrent.LinkedBlockingQueue.poll(LinkedBlockingQueue.java:467)&#10;        at org.apache.hadoop.ipc.CallQueueManager.take(CallQueueManager.java:288)&#10;        at org.apache.hadoop.ipc.Server$Handler.run(Server.java:2668)&#10;&quot;prometheus&quot; daemon prio=5 tid=100 in Object.wait()&#10;java.lang.Thread.State: WAITING (on object monitor)&#10;        at java.lang.Object.wait(Native Method)&#10;        at java.lang.Object.wait(Object.java:502)&#10;        at org.apache.hadoop.metrics2.impl.SinkQueue.waitForData(SinkQueue.java:114)&#10;        at org.apache.hadoop.metrics2.impl.SinkQueue.consumeAll(SinkQueue.java:83)&#10;        at org.apache.hadoop.metrics2.impl.MetricsSinkAdapter.publishMetricsFromQueue(MetricsSinkAdapter.java:135)&#10;        at org.apache.hadoop.metrics2.impl.MetricsSinkAdapter$1.run(MetricsSinkAdapter.java:89)&#10;&quot;metrics-hadoop-metrics2-reporter-30-thread-1&quot; daemon prio=5 tid=837 timed_waiting&#10;java.lang.Thread.State: TIMED_WAITING&#10;        at sun.misc.Unsafe.park(Native Method)&#10;        at java.util.concurrent.locks.LockSupport.parkNanos(LockSupport.java:215)&#10;        at java.util.concurrent.locks.AbstractQueuedSynchronizer$ConditionObject.awaitNanos(AbstractQueuedSynchronizer.java:2078)&#10;        at java.util.concurrent.ScheduledThreadPoolExecutor$DelayedWorkQueue.take(ScheduledThreadPoolExecutor.java:1093)&#10;        at java.util.concurrent.ScheduledThreadPoolExecutor$DelayedWorkQueue.take(ScheduledThreadPoolExecutor.java:809)&#10;        at java.util.concurrent.ThreadPoolExecutor.getTask(ThreadPoolExecutor.java:1074)&#10;        at java.util.concurrent.ThreadPoolExecutor.runWorker(ThreadPoolExecutor.java:1134)&#10;        at java.util.concurrent.ThreadPoolExecutor$Worker.run(ThreadPoolExecutor.java:624)&#10;        at java.lang.Thread.run(Thread.java:748)&#10;&quot;refreshUsed-/workdir/hadoop-ozone/integration-test/target/test-dir/MiniOzoneClusterImpl-85c44edd-3ede-4f6a-a825-df7bd545a955/datanode-4/data/containers&quot; daemon prio=5 tid=262 timed_waiting&#10;java.lang.Thread.State: TIMED_WAITING&#10;        at java.lang.Thread.sleep(Native Method)&#10;        at org.apache.hadoop.fs.CachingGetSpaceUsed$RefreshThread.run(CachingGetSpaceUsed.java:179)&#10;        at java.lang.Thread.run(Thread.java:748)&#10;&quot;EventQueue-PipelineReportForPipelineReportHandler&quot; daemon prio=5 tid=692 in Object.wait()&#10;java.lang.Thread.State: WAITING (on object monitor)&#10;        at sun.misc.Unsafe.park(Native Method)&#10;        at java.util.concurrent.locks.LockSupport.park(LockSupport.java:175)&#10;        at java.util.concurrent.locks.AbstractQueuedSynchronizer$ConditionObject.await(AbstractQueuedSynchronizer.java:2039)&#10;        at java.util.concurrent.LinkedBlockingQueue.take(LinkedBlockingQueue.java:442)&#10;        at java.util.concurrent.ThreadPoolExecutor.getTask(ThreadPoolExecutor.java:1074)&#10;        at java.util.concurrent.ThreadPoolExecutor.runWorker(ThreadPoolExecutor.java:1134)&#10;        at java.util.concurrent.ThreadPoolExecutor$Worker.run(ThreadPoolExecutor.java:624)&#10;        at java.lang.Thread.run(Thread.java:748)&#10;&quot;org.apache.ratis.server.impl.LogAppender$AppenderDaemon$$Lambda$418/858148741@133214f1&quot; daemon prio=5 tid=1842 timed_waiting&#10;java.lang.Thread.State: TIMED_WAITING&#10;        at java.lang.Object.wait(Native Method)&#10;        at org.apache.ratis.grpc.server.GrpcLogAppender.mayWait(GrpcLogAppender.java:141)&#10;        at org.apache.ratis.grpc.server.GrpcLogAppender.runAppenderImpl(GrpcLogAppender.java:95)&#10;        at org.apache.ratis.server.impl.LogAppender$AppenderDaemon.run(LogAppender.java:76)&#10;        at org.apache.ratis.server.impl.LogAppender$AppenderDaemon$$Lambda$418/858148741.run(Unknown Source)&#10;        at java.lang.Thread.run(Thread.java:748)&#10;&quot;19e67e26-3d21-4d01-be9f-29113a4a814c@group-B9DEF2EDD277-StateMachineUpdater&quot; daemon prio=5 tid=820 in Object.wait()&#10;java.lang.Thread.State: WAITING (on object monitor)&#10;        at java.lang.Object.wait(Native Method)&#10;        at java.lang.Object.wait(Object.java:502)&#10;        at org.apache.ratis.server.impl.StateMachineUpdater.waitForCommit(StateMachineUpdater.java:183)&#10;        at org.apache.ratis.server.impl.StateMachineUpdater.run(StateMachineUpdater.java:148)&#10;        at java.lang.Thread.run(Thread.java:748)&#10;&quot;pool-76-thread-2&quot;  prio=5 tid=626 in Object.wait()&#10;java.lang.Thread.State: WAITING (on object monitor)&#10;        at sun.misc.Unsafe.park(Native Method)&#10;        at java.util.concurrent.locks.LockSupport.park(LockSupport.java:175)&#10;        at java.util.concurrent.locks.AbstractQueuedSynchronizer$ConditionObject.await(AbstractQueuedSynchronizer.java:2039)&#10;        at java.util.concurrent.ArrayBlockingQueue.take(ArrayBlockingQueue.java:403)&#10;        at java.util.concurrent.ThreadPoolExecutor.getTask(ThreadPoolExecutor.java:1074)&#10;        at java.util.concurrent.ThreadPoolExecutor.runWorker(ThreadPoolExecutor.java:1134)&#10;        at java.util.concurrent.ThreadPoolExecutor$Worker.run(ThreadPoolExecutor.java:624)&#10;        at java.lang.Thread.run(Thread.java:748)&#10;&quot;pool-46-thread-58&quot;  prio=5 tid=491 in Object.wait()&#10;java.lang.Thread.State: WAITING (on object monitor)&#10;        at sun.misc.Unsafe.park(Native Method)&#10;        at java.util.concurrent.locks.LockSupport.park(LockSupport.java:175)&#10;        at java.util.concurrent.locks.AbstractQueuedSynchronizer$ConditionObject.await(AbstractQueuedSynchronizer.java:2039)&#10;        at java.util.concurrent.ArrayBlockingQueue.take(ArrayBlockingQueue.java:403)&#10;        at java.util.concurrent.ThreadPoolExecutor.getTask(ThreadPoolExecutor.java:1074)&#10;        at java.util.concurrent.ThreadPoolExecutor.runWorker(ThreadPoolExecutor.java:1134)&#10;        at java.util.concurrent.ThreadPoolExecutor$Worker.run(ThreadPoolExecutor.java:624)&#10;        at java.lang.Thread.run(Thread.java:748)&#10;&quot;qtp219192399-163&quot; daemon prio=5 tid=163 timed_waiting&#10;java.lang.Thread.State: TIMED_WAITING&#10;        at sun.misc.Unsafe.park(Native Method)&#10;        at java.util.concurrent.locks.LockSupport.parkNanos(LockSupport.java:215)&#10;        at java.util.concurrent.locks.AbstractQueuedSynchronizer$ConditionObject.awaitNanos(AbstractQueuedSynchronizer.java:2078)&#10;        at org.eclipse.jetty.util.BlockingArrayQueue.poll(BlockingArrayQueue.java:392)&#10;        at org.eclipse.jetty.util.thread.QueuedThreadPool.idleJobPoll(QueuedThreadPool.java:563)&#10;        at org.eclipse.jetty.util.thread.QueuedThreadPool.access$800(QueuedThreadPool.java:48)&#10;        at org.eclipse.jetty.util.thread.QueuedThreadPool$2.run(QueuedThreadPool.java:626)&#10;        at java.lang.Thread.run(Thread.java:748)&#10;&quot;org.apache.hadoop.util.JvmPauseMonitor$Monitor@612e8c12&quot; daemon prio=5 tid=230 timed_waiting&#10;java.lang.Thread.State: TIMED_WAITING&#10;        at java.lang.Thread.sleep(Native Method)&#10;        at org.apache.hadoop.util.JvmPauseMonitor$Monitor.run(JvmPauseMonitor.java:192)&#10;        at java.lang.Thread.run(Thread.java:748)&#10;&quot;IPC Server handler 7 on 40029&quot; daemon prio=5 tid=76 timed_waiting&#10;java.lang.Thread.State: TIMED_WAITING&#10;        at sun.misc.Unsafe.park(Native Method)&#10;        at java.util.concurrent.locks.LockSupport.parkNanos(LockSupport.java:215)&#10;        at java.util.concurrent.locks.AbstractQueuedSynchronizer$ConditionObject.awaitNanos(AbstractQueuedSynchronizer.java:2078)&#10;        at java.util.concurrent.LinkedBlockingQueue.poll(LinkedBlockingQueue.java:467)&#10;        at org.apache.hadoop.ipc.CallQueueManager.take(CallQueueManager.java:288)&#10;        at org.apache.hadoop.ipc.Server$Handler.run(Server.java:2668)&#10;&quot;pool-56-thread-34&quot;  prio=5 tid=528 in Object.wait()&#10;java.lang.Thread.State: WAITING (on object monitor)&#10;        at sun.misc.Unsafe.park(Native Method)&#10;        at java.util.concurrent.locks.LockSupport.park(LockSupport.java:175)&#10;        at java.util.concurrent.locks.AbstractQueuedSynchronizer$ConditionObject.await(AbstractQueuedSynchronizer.java:2039)&#10;        at java.util.concurrent.ArrayBlockingQueue.take(ArrayBlockingQueue.java:403)&#10;        at java.util.concurrent.ThreadPoolExecutor.getTask(ThreadPoolExecutor.java:1074)&#10;        at java.util.concurrent.ThreadPoolExecutor.runWorker(ThreadPoolExecutor.java:1134)&#10;        at java.util.concurrent.ThreadPoolExecutor$Worker.run(ThreadPoolExecutor.java:624)&#10;        at java.lang.Thread.run(Thread.java:748)&#10;&quot;qtp1507604180-190&quot; daemon prio=5 tid=190 timed_waiting&#10;java.lang.Thread.State: TIMED_WAITING&#10;        at sun.misc.Unsafe.park(Native Method)&#10;        at java.util.concurrent.locks.LockSupport.parkNanos(LockSupport.java:215)&#10;        at java.util.concurrent.locks.AbstractQueuedSynchronizer$ConditionObject.awaitNanos(AbstractQueuedSynchronizer.java:2078)&#10;        at org.eclipse.jetty.util.BlockingArrayQueue.poll(BlockingArrayQueue.java:392)&#10;        at org.eclipse.jetty.util.thread.QueuedThreadPool.idleJobPoll(QueuedThreadPool.java:563)&#10;        at org.eclipse.jetty.util.thread.QueuedThreadPool.access$800(QueuedThreadPool.java:48)&#10;        at org.eclipse.jetty.util.thread.QueuedThreadPool$2.run(QueuedThreadPool.java:626)&#10;        at java.lang.Thread.run(Thread.java:748)&#10;&quot;pool-26-thread-1&quot;  prio=5 tid=314 in Object.wait()&#10;java.lang.Thread.State: WAITING (on object monitor)&#10;        at sun.misc.Unsafe.park(Native Method)&#10;        at java.util.concurrent.locks.LockSupport.park(LockSupport.java:175)&#10;        at java.util.concurrent.locks.AbstractQueuedSynchronizer$ConditionObject.await(AbstractQueuedSynchronizer.java:2039)&#10;        at java.util.concurrent.ArrayBlockingQueue.take(ArrayBlockingQueue.java:403)&#10;        at java.util.concurrent.ThreadPoolExecutor.getTask(ThreadPoolExecutor.java:1074)&#10;        at java.util.concurrent.ThreadPoolExecutor.runWorker(ThreadPoolExecutor.java:1134)&#10;        at java.util.concurrent.ThreadPoolExecutor$Worker.run(ThreadPoolExecutor.java:624)&#10;        at java.lang.Thread.run(Thread.java:748)&#10;&quot;IPC Server handler 1 on 44461&quot; daemon prio=5 tid=116 timed_waiting&#10;java.lang.Thread.State: TIMED_WAITING&#10;        at sun.misc.Unsafe.park(Native Method)&#10;        at java.util.concurrent.locks.LockSupport.parkNanos(LockSupport.java:215)&#10;        at java.util.concurrent.locks.AbstractQueuedSynchronizer$ConditionObject.awaitNanos(AbstractQueuedSynchronizer.java:2078)&#10;        at java.util.concurrent.LinkedBlockingQueue.poll(LinkedBlockingQueue.java:467)&#10;        at org.apache.hadoop.ipc.CallQueueManager.take(CallQueueManager.java:288)&#10;        at org.apache.hadoop.ipc.Server$Handler.run(Server.java:2668)&#10;&quot;IPC Server handler 17 on 37215&quot; daemon prio=5 tid=66 timed_waiting&#10;java.lang.Thread.State: TIMED_WAITING&#10;        at sun.misc.Unsafe.park(Native Method)&#10;        at java.util.concurrent.locks.LockSupport.parkNanos(LockSupport.java:215)&#10;        at java.util.concurrent.locks.AbstractQueuedSynchronizer$ConditionObject.awaitNanos(AbstractQueuedSynchronizer.java:2078)&#10;        at java.util.concurrent.LinkedBlockingQueue.poll(LinkedBlockingQueue.java:467)&#10;        at org.apache.hadoop.ipc.CallQueueManager.take(CallQueueManager.java:288)&#10;        at org.apache.hadoop.ipc.Server$Handler.run(Server.java:2668)&#10;&quot;a7d59ef6-3eca-4628-b097-12d983444e7f@group-F2E0294EDFC2-StateMachineUpdater&quot; daemon prio=5 tid=851 in Object.wait()&#10;java.lang.Thread.State: WAITING (on object monitor)&#10;        at java.lang.Object.wait(Native Method)&#10;        at java.lang.Object.wait(Object.java:502)&#10;        at org.apache.ratis.server.impl.StateMachineUpdater.waitForCommit(StateMachineUpdater.java:183)&#10;        at org.apache.ratis.server.impl.StateMachineUpdater.run(StateMachineUpdater.java:148)&#10;        at java.lang.Thread.run(Thread.java:748)&#10;&quot;pool-26-thread-4&quot;  prio=5 tid=317 in Object.wait()&#10;java.lang.Thread.State: WAITING (on object monitor)&#10;        at sun.misc.Unsafe.park(Native Method)&#10;        at java.util.concurrent.locks.LockSupport.park(LockSupport.java:175)&#10;        at java.util.concurrent.locks.AbstractQueuedSynchronizer$ConditionObject.await(AbstractQueuedSynchronizer.java:2039)&#10;        at java.util.concurrent.ArrayBlockingQueue.take(ArrayBlockingQueue.java:403)&#10;        at java.util.concurrent.ThreadPoolExecutor.getTask(ThreadPoolExecutor.java:1074)&#10;        at java.util.concurrent.ThreadPoolExecutor.runWorker(ThreadPoolExecutor.java:1134)&#10;        at java.util.concurrent.ThreadPoolExecutor$Worker.run(ThreadPoolExecutor.java:624)&#10;        at java.lang.Thread.run(Thread.java:748)&#10;&quot;pool-36-thread-43&quot;  prio=5 tid=416 in Object.wait()&#10;java.lang.Thread.State: WAITING (on object monitor)&#10;        at sun.misc.Unsafe.park(Native Method)&#10;        at java.util.concurrent.locks.LockSupport.park(LockSupport.java:175)&#10;        at java.util.concurrent.locks.AbstractQueuedSynchronizer$ConditionObject.await(AbstractQueuedSynchronizer.java:2039)&#10;        at java.util.concurrent.ArrayBlockingQueue.take(ArrayBlockingQueue.java:403)&#10;        at java.util.concurrent.ThreadPoolExecutor.getTask(ThreadPoolExecutor.java:1074)&#10;        at java.util.concurrent.ThreadPoolExecutor.runWorker(ThreadPoolExecutor.java:1134)&#10;        at java.util.concurrent.ThreadPoolExecutor$Worker.run(ThreadPoolExecutor.java:624)&#10;        at java.lang.Thread.run(Thread.java:748)&#10;&quot;pool-36-thread-37&quot;  prio=5 tid=410 in Object.wait()&#10;java.lang.Thread.State: WAITING (on object monitor)&#10;        at sun.misc.Unsafe.park(Native Method)&#10;        at java.util.concurrent.locks.LockSupport.park(LockSupport.java:175)&#10;        at java.util.concurrent.locks.AbstractQueuedSynchronizer$ConditionObject.await(AbstractQueuedSynchronizer.java:2039)&#10;        at java.util.concurrent.ArrayBlockingQueue.take(ArrayBlockingQueue.java:403)&#10;        at java.util.concurrent.ThreadPoolExecutor.getTask(ThreadPoolExecutor.java:1074)&#10;        at java.util.concurrent.ThreadPoolExecutor.runWorker(ThreadPoolExecutor.java:1134)&#10;        at java.util.concurrent.ThreadPoolExecutor$Worker.run(ThreadPoolExecutor.java:624)&#10;        at java.lang.Thread.run(Thread.java:748)&#10;&quot;pool-26-thread-54&quot;  prio=5 tid=367 in Object.wait()&#10;java.lang.Thread.State: WAITING (on object monitor)&#10;        at sun.misc.Unsafe.park(Native Method)&#10;        at java.util.concurrent.locks.LockSupport.park(LockSupport.java:175)&#10;        at java.util.concurrent.locks.AbstractQueuedSynchronizer$ConditionObject.await(AbstractQueuedSynchronizer.java:2039)&#10;        at java.util.concurrent.ArrayBlockingQueue.take(ArrayBlockingQueue.java:403)&#10;        at java.util.concurrent.ThreadPoolExecutor.getTask(ThreadPoolExecutor.java:1074)&#10;        at java.util.concurrent.ThreadPoolExecutor.runWorker(ThreadPoolExecutor.java:1134)&#10;        at java.util.concurrent.ThreadPoolExecutor$Worker.run(ThreadPoolExecutor.java:624)&#10;        at java.lang.Thread.run(Thread.java:748)&#10;&quot;java.util.concurrent.ThreadPoolExecutor$Worker@32c8f8a2[State = -1, empty queue]&quot; daemon prio=5 tid=1846 timed_waiting&#10;java.lang.Thread.State: TIMED_WAITING&#10;        at sun.misc.Unsafe.park(Native Method)&#10;        at java.util.concurrent.locks.LockSupport.parkNanos(LockSupport.java:215)&#10;        at java.util.concurrent.locks.AbstractQueuedSynchronizer$ConditionObject.awaitNanos(AbstractQueuedSynchronizer.java:2078)&#10;        at java.util.concurrent.ScheduledThreadPoolExecutor$DelayedWorkQueue.take(ScheduledThreadPoolExecutor.java:1093)&#10;        at java.util.concurrent.ScheduledThreadPoolExecutor$DelayedWorkQueue.take(ScheduledThreadPoolExecutor.java:809)&#10;        at java.util.concurrent.ThreadPoolExecutor.getTask(ThreadPoolExecutor.java:1074)&#10;        at java.util.concurrent.ThreadPoolExecutor.runWorker(ThreadPoolExecutor.java:1134)&#10;        at java.util.concurrent.ThreadPoolExecutor$Worker.run(ThreadPoolExecutor.java:624)&#10;        at java.lang.Thread.run(Thread.java:748)&#10;&quot;pool-56-thread-26&quot;  prio=5 tid=520 in Object.wait()&#10;java.lang.Thread.State: WAITING (on object monitor)&#10;        at sun.misc.Unsafe.park(Native Method)&#10;        at java.util.concurrent.locks.LockSupport.park(LockSupport.java:175)&#10;        at java.util.concurrent.locks.AbstractQueuedSynchronizer$ConditionObject.await(AbstractQueuedSynchronizer.java:2039)&#10;        at java.util.concurrent.ArrayBlockingQueue.take(ArrayBlockingQueue.java:403)&#10;        at java.util.concurrent.ThreadPoolExecutor.getTask(ThreadPoolExecutor.java:1074)&#10;        at java.util.concurrent.ThreadPoolExecutor.runWorker(ThreadPoolExecutor.java:1134)&#10;        at java.util.concurrent.ThreadPoolExecutor$Worker.run(ThreadPoolExecutor.java:624)&#10;        at java.lang.Thread.run(Thread.java:748)&#10;&quot;pool-26-thread-39&quot;  prio=5 tid=352 in Object.wait()&#10;java.lang.Thread.State: WAITING (on object monitor)&#10;        at sun.misc.Unsafe.park(Native Method)&#10;        at java.util.concurrent.locks.LockSupport.park(LockSupport.java:175)&#10;        at java.util.concurrent.locks.AbstractQueuedSynchronizer$ConditionObject.await(AbstractQueuedSynchronizer.java:2039)&#10;        at java.util.concurrent.ArrayBlockingQueue.take(ArrayBlockingQueue.java:403)&#10;        at java.util.concurrent.ThreadPoolExecutor.getTask(ThreadPoolExecutor.java:1074)&#10;        at java.util.concurrent.ThreadPoolExecutor.runWorker(ThreadPoolExecutor.java:1134)&#10;        at java.util.concurrent.ThreadPoolExecutor$Worker.run(ThreadPoolExecutor.java:624)&#10;        at java.lang.Thread.run(Thread.java:748)&#10;&quot;pool-26-thread-55&quot;  prio=5 tid=368 in Object.wait()&#10;java.lang.Thread.State: WAITING (on object monitor)&#10;        at sun.misc.Unsafe.park(Native Method)&#10;        at java.util.concurrent.locks.LockSupport.park(LockSupport.java:175)&#10;        at java.util.concurrent.locks.AbstractQueuedSynchronizer$ConditionObject.await(AbstractQueuedSynchronizer.java:2039)&#10;        at java.util.concurrent.ArrayBlockingQueue.take(ArrayBlockingQueue.java:403)&#10;        at java.util.concurrent.ThreadPoolExecutor.getTask(ThreadPoolExecutor.java:1074)&#10;        at java.util.concurrent.ThreadPoolExecutor.runWorker(ThreadPoolExecutor.java:1134)&#10;        at java.util.concurrent.ThreadPoolExecutor$Worker.run(ThreadPoolExecutor.java:624)&#10;        at java.lang.Thread.run(Thread.java:748)&#10;&quot;Datanode ReportManager Thread - 1&quot; daemon prio=5 tid=307 in Object.wait()&#10;java.lang.Thread.State: WAITING (on object monitor)&#10;        at sun.misc.Unsafe.park(Native Method)&#10;        at java.util.concurrent.locks.LockSupport.park(LockSupport.java:175)&#10;        at java.util.concurrent.locks.AbstractQueuedSynchronizer$ConditionObject.await(AbstractQueuedSynchronizer.java:2039)&#10;        at java.util.concurrent.ScheduledThreadPoolExecutor$DelayedWorkQueue.take(ScheduledThreadPoolExecutor.java:1088)&#10;        at java.util.concurrent.ScheduledThreadPoolExecutor$DelayedWorkQueue.take(ScheduledThreadPoolExecutor.java:809)&#10;        at java.util.concurrent.ThreadPoolExecutor.getTask(ThreadPoolExecutor.java:1074)&#10;        at java.util.concurrent.ThreadPoolExecutor.runWorker(ThreadPoolExecutor.java:1134)&#10;        at java.util.concurrent.ThreadPoolExecutor$Worker.run(ThreadPoolExecutor.java:624)&#10;        at java.lang.Thread.run(Thread.java:748)&#10;&quot;pool-76-thread-50&quot;  prio=5 tid=674 in Object.wait()&#10;java.lang.Thread.State: WAITING (on object monitor)&#10;        at sun.misc.Unsafe.park(Native Method)&#10;        at java.util.concurrent.locks.LockSupport.park(LockSupport.java:175)&#10;        at java.util.concurrent.locks.AbstractQueuedSynchronizer$ConditionObject.await(AbstractQueuedSynchronizer.java:2039)&#10;        at java.util.concurrent.ArrayBlockingQueue.take(ArrayBlockingQueue.java:403)&#10;        at java.util.concurrent.ThreadPoolExecutor.getTask(ThreadPoolExecutor.java:1074)&#10;        at java.util.concurrent.ThreadPoolExecutor.runWorker(ThreadPoolExecutor.java:1134)&#10;        at java.util.concurrent.ThreadPoolExecutor$Worker.run(ThreadPoolExecutor.java:624)&#10;        at java.lang.Thread.run(Thread.java:748)&#10;&quot;metrics-hadoop-metrics2-reporter-48-thread-1&quot; daemon prio=5 tid=1797 timed_waiting&#10;java.lang.Thread.State: TIMED_WAITING&#10;        at sun.misc.Unsafe.park(Native Method)&#10;        at java.util.concurrent.locks.LockSupport.parkNanos(LockSupport.java:215)&#10;        at java.util.concurrent.locks.AbstractQueuedSynchronizer$ConditionObject.awaitNanos(AbstractQueuedSynchronizer.java:2078)&#10;        at java.util.concurrent.ScheduledThreadPoolExecutor$DelayedWorkQueue.take(ScheduledThreadPoolExecutor.java:1093)&#10;        at java.util.concurrent.ScheduledThreadPoolExecutor$DelayedWorkQueue.take(ScheduledThreadPoolExecutor.java:809)&#10;        at java.util.concurrent.ThreadPoolExecutor.getTask(ThreadPoolExecutor.java:1074)&#10;        at java.util.concurrent.ThreadPoolExecutor.runWorker(ThreadPoolExecutor.java:1134)&#10;        at java.util.concurrent.ThreadPoolExecutor$Worker.run(ThreadPoolExecutor.java:624)&#10;        at java.lang.Thread.run(Thread.java:748)&#10;&quot;java.util.concurrent.ThreadPoolExecutor$Worker@666d2c3d[State = -1, empty queue]&quot; daemon prio=5 tid=1849 timed_waiting&#10;java.lang.Thread.State: TIMED_WAITING&#10;        at sun.misc.Unsafe.park(Native Method)&#10;        at java.util.concurrent.locks.LockSupport.parkNanos(LockSupport.java:215)&#10;        at java.util.concurrent.locks.AbstractQueuedSynchronizer$ConditionObject.awaitNanos(AbstractQueuedSynchronizer.java:2078)&#10;        at java.util.concurrent.ScheduledThreadPoolExecutor$DelayedWorkQueue.take(ScheduledThreadPoolExecutor.java:1093)&#10;        at java.util.concurrent.ScheduledThreadPoolExecutor$DelayedWorkQueue.take(ScheduledThreadPoolExecutor.java:809)&#10;        at java.util.concurrent.ThreadPoolExecutor.getTask(ThreadPoolExecutor.java:1074)&#10;        at java.util.concurrent.ThreadPoolExecutor.runWorker(ThreadPoolExecutor.java:1134)&#10;        at java.util.concurrent.ThreadPoolExecutor$Worker.run(ThreadPoolExecutor.java:624)&#10;        at java.lang.Thread.run(Thread.java:748)&#10;&quot;pool-46-thread-24&quot;  prio=5 tid=457 in Object.wait()&#10;java.lang.Thread.State: WAITING (on object monitor)&#10;        at sun.misc.Unsafe.park(Native Method)&#10;        at java.util.concurrent.locks.LockSupport.park(LockSupport.java:175)&#10;        at java.util.concurrent.locks.AbstractQueuedSynchronizer$ConditionObject.await(AbstractQueuedSynchronizer.java:2039)&#10;        at java.util.concurrent.ArrayBlockingQueue.take(ArrayBlockingQueue.java:403)&#10;        at java.util.concurrent.ThreadPoolExecutor.getTask(ThreadPoolExecutor.java:1074)&#10;        at java.util.concurrent.ThreadPoolExecutor.runWorker(ThreadPoolExecutor.java:1134)&#10;        at java.util.concurrent.ThreadPoolExecutor$Worker.run(ThreadPoolExecutor.java:624)&#10;        at java.lang.Thread.run(Thread.java:748)&#10;&quot;pool-76-thread-45&quot;  prio=5 tid=669 in Object.wait()&#10;java.lang.Thread.State: WAITING (on object monitor)&#10;        at sun.misc.Unsafe.park(Native Method)&#10;        at java.util.concurrent.locks.LockSupport.park(LockSupport.java:175)&#10;        at java.util.concurrent.locks.AbstractQueuedSynchronizer$ConditionObject.await(AbstractQueuedSynchronizer.java:2039)&#10;        at java.util.concurrent.ArrayBlockingQueue.take(ArrayBlockingQueue.java:403)&#10;        at java.util.concurrent.ThreadPoolExecutor.getTask(ThreadPoolExecutor.java:1074)&#10;        at java.util.concurrent.ThreadPoolExecutor.runWorker(ThreadPoolExecutor.java:1134)&#10;        at java.util.concurrent.ThreadPoolExecutor$Worker.run(ThreadPoolExecutor.java:624)&#10;        at java.lang.Thread.run(Thread.java:748)&#10;&quot;IPC Server handler 13 on 37215&quot; daemon prio=5 tid=62 timed_waiting&#10;java.lang.Thread.State: TIMED_WAITING&#10;        at sun.misc.Unsafe.park(Native Method)&#10;        at java.util.concurrent.locks.LockSupport.parkNanos(LockSupport.java:215)&#10;        at java.util.concurrent.locks.AbstractQueuedSynchronizer$ConditionObject.awaitNanos(AbstractQueuedSynchronizer.java:2078)&#10;        at java.util.concurrent.LinkedBlockingQueue.poll(LinkedBlockingQueue.java:467)&#10;        at org.apache.hadoop.ipc.CallQueueManager.take(CallQueueManager.java:288)&#10;        at org.apache.hadoop.ipc.Server$Handler.run(Server.java:2668)&#10;&quot;qtp1680841335-246&quot; daemon prio=5 tid=246 timed_waiting&#10;java.lang.Thread.State: TIMED_WAITING&#10;        at sun.misc.Unsafe.park(Native Method)&#10;        at java.util.concurrent.locks.LockSupport.parkNanos(LockSupport.java:215)&#10;        at java.util.concurrent.locks.AbstractQueuedSynchronizer$ConditionObject.awaitNanos(AbstractQueuedSynchronizer.java:2078)&#10;        at org.eclipse.jetty.util.BlockingArrayQueue.poll(BlockingArrayQueue.java:392)&#10;        at org.eclipse.jetty.util.thread.QueuedThreadPool.idleJobPoll(QueuedThreadPool.java:563)&#10;        at org.eclipse.jetty.util.thread.QueuedThreadPool.access$800(QueuedThreadPool.java:48)&#10;        at org.eclipse.jetty.util.thread.QueuedThreadPool$2.run(QueuedThreadPool.java:626)&#10;        at java.lang.Thread.run(Thread.java:748)&#10;&quot;a7d59ef6-3eca-4628-b097-12d983444e7f@group-7CC56FB5D3F9-SegmentedRaftLogWorker&quot;  prio=5 tid=830 timed_waiting&#10;java.lang.Thread.State: TIMED_WAITING&#10;        at sun.misc.Unsafe.park(Native Method)&#10;        at java.util.concurrent.locks.LockSupport.parkNanos(LockSupport.java:215)&#10;        at java.util.concurrent.locks.AbstractQueuedSynchronizer$ConditionObject.awaitNanos(AbstractQueuedSynchronizer.java:2078)&#10;        at org.apache.ratis.util.DataBlockingQueue.poll(DataBlockingQueue.java:137)&#10;        at org.apache.ratis.server.raftlog.segmented.SegmentedRaftLogWorker.run(SegmentedRaftLogWorker.java:283)&#10;        at java.lang.Thread.run(Thread.java:748)&#10;&quot;IPC Server handler 18 on 37215&quot; daemon prio=5 tid=67 timed_waiting&#10;java.lang.Thread.State: TIMED_WAITING&#10;        at sun.misc.Unsafe.park(Native Method)&#10;        at java.util.concurrent.locks.LockSupport.parkNanos(LockSupport.java:215)&#10;        at java.util.concurrent.locks.AbstractQueuedSynchronizer$ConditionObject.awaitNanos(AbstractQueuedSynchronizer.java:2078)&#10;        at java.util.concurrent.LinkedBlockingQueue.poll(LinkedBlockingQueue.java:467)&#10;        at org.apache.hadoop.ipc.CallQueueManager.take(CallQueueManager.java:288)&#10;        at org.apache.hadoop.ipc.Server$Handler.run(Server.java:2668)&#10;&quot;org.apache.ratis.server.impl.LogAppender$AppenderDaemon$$Lambda$418/858148741@57d329e&quot; daemon prio=5 tid=1840 timed_waiting&#10;java.lang.Thread.State: TIMED_WAITING&#10;        at java.lang.Object.wait(Native Method)&#10;        at org.apache.ratis.grpc.server.GrpcLogAppender.mayWait(GrpcLogAppender.java:141)&#10;        at org.apache.ratis.grpc.server.GrpcLogAppender.runAppenderImpl(GrpcLogAppender.java:95)&#10;        at org.apache.ratis.server.impl.LogAppender$AppenderDaemon.run(LogAppender.java:76)&#10;        at org.apache.ratis.server.impl.LogAppender$AppenderDaemon$$Lambda$418/858148741.run(Unknown Source)&#10;        at java.lang.Thread.run(Thread.java:748)&#10;&quot;pool-76-thread-1&quot;  prio=5 tid=625 in Object.wait()&#10;java.lang.Thread.State: WAITING (on object monitor)&#10;        at sun.misc.Unsafe.park(Native Method)&#10;        at java.util.concurrent.locks.LockSupport.park(LockSupport.java:175)&#10;        at java.util.concurrent.locks.AbstractQueuedSynchronizer$ConditionObject.await(AbstractQueuedSynchronizer.java:2039)&#10;        at java.util.concurrent.ArrayBlockingQueue.take(ArrayBlockingQueue.java:403)&#10;        at java.util.concurrent.ThreadPoolExecutor.getTask(ThreadPoolExecutor.java:1074)&#10;        at java.util.concurrent.ThreadPoolExecutor.runWorker(ThreadPoolExecutor.java:1134)&#10;        at java.util.concurrent.ThreadPoolExecutor$Worker.run(ThreadPoolExecutor.java:624)&#10;        at java.lang.Thread.run(Thread.java:748)&#10;&quot;org.apache.hadoop.util.JvmPauseMonitor$Monitor@4d63b624&quot; daemon prio=5 tid=102 timed_waiting&#10;java.lang.Thread.State: TIMED_WAITING&#10;        at java.lang.Thread.sleep(Native Method)&#10;        at org.apache.hadoop.util.JvmPauseMonitor$Monitor.run(JvmPauseMonitor.java:192)&#10;        at java.lang.Thread.run(Thread.java:748)&#10;&quot;pool-36-thread-11&quot;  prio=5 tid=384 in Object.wait()&#10;java.lang.Thread.State: WAITING (on object monitor)&#10;        at sun.misc.Unsafe.park(Native Method)&#10;        at java.util.concurrent.locks.LockSupport.park(LockSupport.java:175)&#10;        at java.util.concurrent.locks.AbstractQueuedSynchronizer$ConditionObject.await(AbstractQueuedSynchronizer.java:2039)&#10;        at java.util.concurrent.ArrayBlockingQueue.take(ArrayBlockingQueue.java:403)&#10;        at java.util.concurrent.ThreadPoolExecutor.getTask(ThreadPoolExecutor.java:1074)&#10;        at java.util.concurrent.ThreadPoolExecutor.runWorker(ThreadPoolExecutor.java:1134)&#10;        at java.util.concurrent.ThreadPoolExecutor$Worker.run(ThreadPoolExecutor.java:624)&#10;        at java.lang.Thread.run(Thread.java:748)&#10;&quot;pool-76-thread-37&quot;  prio=5 tid=661 in Object.wait()&#10;java.lang.Thread.State: WAITING (on object monitor)&#10;        at sun.misc.Unsafe.park(Native Method)&#10;        at java.util.concurrent.locks.LockSupport.park(LockSupport.java:175)&#10;        at java.util.concurrent.locks.AbstractQueuedSynchronizer$ConditionObject.await(AbstractQueuedSynchronizer.java:2039)&#10;        at java.util.concurrent.ArrayBlockingQueue.take(ArrayBlockingQueue.java:403)&#10;        at java.util.concurrent.ThreadPoolExecutor.getTask(ThreadPoolExecutor.java:1074)&#10;        at java.util.concurrent.ThreadPoolExecutor.runWorker(ThreadPoolExecutor.java:1134)&#10;        at java.util.concurrent.ThreadPoolExecutor$Worker.run(ThreadPoolExecutor.java:624)&#10;        at java.lang.Thread.run(Thread.java:748)&#10;&quot;pool-36-thread-23&quot;  prio=5 tid=396 in Object.wait()&#10;java.lang.Thread.State: WAITING (on object monitor)&#10;        at sun.misc.Unsafe.park(Native Method)&#10;        at java.util.concurrent.locks.LockSupport.park(LockSupport.java:175)&#10;        at java.util.concurrent.locks.AbstractQueuedSynchronizer$ConditionObject.await(AbstractQueuedSynchronizer.java:2039)&#10;        at java.util.concurrent.ArrayBlockingQueue.take(ArrayBlockingQueue.java:403)&#10;        at java.util.concurrent.ThreadPoolExecutor.getTask(ThreadPoolExecutor.java:1074)&#10;        at java.util.concurrent.ThreadPoolExecutor.runWorker(ThreadPoolExecutor.java:1134)&#10;        at java.util.concurrent.ThreadPoolExecutor$Worker.run(ThreadPoolExecutor.java:624)&#10;        at java.lang.Thread.run(Thread.java:748)&#10;&quot;pool-26-thread-14&quot;  prio=5 tid=327 in Object.wait()&#10;java.lang.Thread.State: WAITING (on object monitor)&#10;        at sun.misc.Unsafe.park(Native Method)&#10;        at java.util.concurrent.locks.LockSupport.park(LockSupport.java:175)&#10;        at java.util.concurrent.locks.AbstractQueuedSynchronizer$ConditionObject.await(AbstractQueuedSynchronizer.java:2039)&#10;        at java.util.concurrent.ArrayBlockingQueue.take(ArrayBlockingQueue.java:403)&#10;        at java.util.concurrent.ThreadPoolExecutor.getTask(ThreadPoolExecutor.java:1074)&#10;        at java.util.concurrent.ThreadPoolExecutor.runWorker(ThreadPoolExecutor.java:1134)&#10;        at java.util.concurrent.ThreadPoolExecutor$Worker.run(ThreadPoolExecutor.java:624)&#10;        at java.lang.Thread.run(Thread.java:748)&#10;&quot;Datanode State Machine Thread - 0&quot; daemon prio=5 tid=305 timed_waiting&#10;java.lang.Thread.State: TIMED_WAITING&#10;        at java.lang.Thread.sleep(Native Method)&#10;        at org.apache.hadoop.ozone.container.common.statemachine.DatanodeStateMachine.start(DatanodeStateMachine.java:191)&#10;        at org.apache.hadoop.ozone.container.common.statemachine.DatanodeStateMachine.lambda$startDaemon$0(DatanodeStateMachine.java:349)&#10;        at org.apache.hadoop.ozone.container.common.statemachine.DatanodeStateMachine$$Lambda$138/939829672.run(Unknown Source)&#10;        at java.lang.Thread.run(Thread.java:748)&#10;&quot;pool-46-thread-28&quot;  prio=5 tid=461 in Object.wait()&#10;java.lang.Thread.State: WAITING (on object monitor)&#10;        at sun.misc.Unsafe.park(Native Method)&#10;        at java.util.concurrent.locks.LockSupport.park(LockSupport.java:175)&#10;        at java.util.concurrent.locks.AbstractQueuedSynchronizer$ConditionObject.await(AbstractQueuedSynchronizer.java:2039)&#10;        at java.util.concurrent.ArrayBlockingQueue.take(ArrayBlockingQueue.java:403)&#10;        at java.util.concurrent.ThreadPoolExecutor.getTask(ThreadPoolExecutor.java:1074)&#10;        at java.util.concurrent.ThreadPoolExecutor.runWorker(ThreadPoolExecutor.java:1134)&#10;        at java.util.concurrent.ThreadPoolExecutor$Worker.run(ThreadPoolExecutor.java:624)&#10;        at java.lang.Thread.run(Thread.java:748)&#10;&quot;metrics-hadoop-metrics2-reporter-49-thread-1&quot; daemon prio=5 tid=1798 timed_waiting&#10;java.lang.Thread.State: TIMED_WAITING&#10;        at sun.misc.Unsafe.park(Native Method)&#10;        at java.util.concurrent.locks.LockSupport.parkNanos(LockSupport.java:215)&#10;        at java.util.concurrent.locks.AbstractQueuedSynchronizer$ConditionObject.awaitNanos(AbstractQueuedSynchronizer.java:2078)&#10;        at java.util.concurrent.ScheduledThreadPoolExecutor$DelayedWorkQueue.take(ScheduledThreadPoolExecutor.java:1093)&#10;        at java.util.concurrent.ScheduledThreadPoolExecutor$DelayedWorkQueue.take(ScheduledThreadPoolExecutor.java:809)&#10;        at java.util.concurrent.ThreadPoolExecutor.getTask(ThreadPoolExecutor.java:1074)&#10;        at java.util.concurrent.ThreadPoolExecutor.runWorker(ThreadPoolExecutor.java:1134)&#10;        at java.util.concurrent.ThreadPoolExecutor$Worker.run(ThreadPoolExecutor.java:624)&#10;        at java.lang.Thread.run(Thread.java:748)&#10;&quot;BlockDeletingService#1&quot; daemon prio=5 tid=561 timed_waiting&#10;java.lang.Thread.State: TIMED_WAITING&#10;        at sun.misc.Unsafe.park(Native Method)&#10;        at java.util.concurrent.locks.LockSupport.parkNanos(LockSupport.java:215)&#10;        at java.util.concurrent.locks.AbstractQueuedSynchronizer$ConditionObject.awaitNanos(AbstractQueuedSynchronizer.java:2078)&#10;        at java.util.concurrent.ScheduledThreadPoolExecutor$DelayedWorkQueue.take(ScheduledThreadPoolExecutor.java:1093)&#10;        at java.util.concurrent.ScheduledThreadPoolExecutor$DelayedWorkQueue.take(ScheduledThreadPoolExecutor.java:809)&#10;        at java.util.concurrent.ThreadPoolExecutor.getTask(ThreadPoolExecutor.java:1074)&#10;        at java.util.concurrent.ThreadPoolExecutor.runWorker(ThreadPoolExecutor.java:1134)&#10;        at java.util.concurrent.ThreadPoolExecutor$Worker.run(ThreadPoolExecutor.java:624)&#10;        at java.lang.Thread.run(Thread.java:748)&#10;&quot;IPC Server handler 18 on 44461&quot; daemon prio=5 tid=133 timed_waiting&#10;java.lang.Thread.State: TIMED_WAITING&#10;        at sun.misc.Unsafe.park(Native Method)&#10;        at java.util.concurrent.locks.LockSupport.parkNanos(LockSupport.java:215)&#10;        at java.util.concurrent.locks.AbstractQueuedSynchronizer$ConditionObject.awaitNanos(AbstractQueuedSynchronizer.java:2078)&#10;        at java.util.concurrent.LinkedBlockingQueue.poll(LinkedBlockingQueue.java:467)&#10;        at org.apache.hadoop.ipc.CallQueueManager.take(CallQueueManager.java:288)&#10;        at org.apache.hadoop.ipc.Server$Handler.run(Server.java:2668)&#10;&quot;IPC Server handler 13 on 44461&quot; daemon prio=5 tid=128 timed_waiting&#10;java.lang.Thread.State: TIMED_WAITING&#10;        at sun.misc.Unsafe.park(Native Method)&#10;        at java.util.concurrent.locks.LockSupport.parkNanos(LockSupport.java:215)&#10;        at java.util.concurrent.locks.AbstractQueuedSynchronizer$ConditionObject.awaitNanos(AbstractQueuedSynchronizer.java:2078)&#10;        at java.util.concurrent.LinkedBlockingQueue.poll(LinkedBlockingQueue.java:467)&#10;        at org.apache.hadoop.ipc.CallQueueManager.take(CallQueueManager.java:288)&#10;        at org.apache.hadoop.ipc.Server$Handler.run(Server.java:2668)&#10;&quot;pool-26-thread-43&quot;  prio=5 tid=356 in Object.wait()&#10;java.lang.Thread.State: WAITING (on object monitor)&#10;        at sun.misc.Unsafe.park(Native Method)&#10;        at java.util.concurrent.locks.LockSupport.park(LockSupport.java:175)&#10;        at java.util.concurrent.locks.AbstractQueuedSynchronizer$ConditionObject.await(AbstractQueuedSynchronizer.java:2039)&#10;        at java.util.concurrent.ArrayBlockingQueue.take(ArrayBlockingQueue.java:403)&#10;        at java.util.concurrent.ThreadPoolExecutor.getTask(ThreadPoolExecutor.java:1074)&#10;        at java.util.concurrent.ThreadPoolExecutor.runWorker(ThreadPoolExecutor.java:1134)&#10;        at java.util.concurrent.ThreadPoolExecutor$Worker.run(ThreadPoolExecutor.java:624)&#10;        at java.lang.Thread.run(Thread.java:748)&#10;&quot;org.eclipse.jetty.server.session.HashSessionManager@623dcf2aTimer&quot; daemon prio=5 tid=169 timed_waiting&#10;java.lang.Thread.State: TIMED_WAITING&#10;        at sun.misc.Unsafe.park(Native Method)&#10;        at java.util.concurrent.locks.LockSupport.parkNanos(LockSupport.java:215)&#10;        at java.util.concurrent.locks.AbstractQueuedSynchronizer$ConditionObject.awaitNanos(AbstractQueuedSynchronizer.java:2078)&#10;        at java.util.concurrent.ScheduledThreadPoolExecutor$DelayedWorkQueue.take(ScheduledThreadPoolExecutor.java:1093)&#10;        at java.util.concurrent.ScheduledThreadPoolExecutor$DelayedWorkQueue.take(ScheduledThreadPoolExecutor.java:809)&#10;        at java.util.concurrent.ThreadPoolExecutor.getTask(ThreadPoolExecutor.java:1074)&#10;        at java.util.concurrent.ThreadPoolExecutor.runWorker(ThreadPoolExecutor.java:1134)&#10;        at java.util.concurrent.ThreadPoolExecutor$Worker.run(ThreadPoolExecutor.java:624)&#10;        at java.lang.Thread.run(Thread.java:748)&#10;&quot;java.util.concurrent.ThreadPoolExecutor$Worker@38499fa4[State = -1, empty queue]&quot; daemon prio=5 tid=1847 timed_waiting&#10;java.lang.Thread.State: TIMED_WAITING&#10;        at sun.misc.Unsafe.park(Native Method)&#10;        at java.util.concurrent.locks.LockSupport.parkNanos(LockSupport.java:215)&#10;        at java.util.concurrent.locks.AbstractQueuedSynchronizer$ConditionObject.awaitNanos(AbstractQueuedSynchronizer.java:2078)&#10;        at java.util.concurrent.ScheduledThreadPoolExecutor$DelayedWorkQueue.take(ScheduledThreadPoolExecutor.java:1093)&#10;        at java.util.concurrent.ScheduledThreadPoolExecutor$DelayedWorkQueue.take(ScheduledThreadPoolExecutor.java:809)&#10;        at java.util.concurrent.ThreadPoolExecutor.getTask(ThreadPoolExecutor.java:1074)&#10;        at java.util.concurrent.ThreadPoolExecutor.runWorker(ThreadPoolExecutor.java:1134)&#10;        at java.util.concurrent.ThreadPoolExecutor$Worker.run(ThreadPoolExecutor.java:624)&#10;        at java.lang.Thread.run(Thread.java:748)&#10;&quot;pool-66-thread-12&quot;  prio=5 tid=574 in Object.wait()&#10;java.lang.Thread.State: WAITING (on object monitor)&#10;        at sun.misc.Unsafe.park(Native Method)&#10;        at java.util.concurrent.locks.LockSupport.park(LockSupport.java:175)&#10;        at java.util.concurrent.locks.AbstractQueuedSynchronizer$ConditionObject.await(AbstractQueuedSynchronizer.java:2039)&#10;        at java.util.concurrent.ArrayBlockingQueue.take(ArrayBlockingQueue.java:403)&#10;        at java.util.concurrent.ThreadPoolExecutor.getTask(ThreadPoolExecutor.java:1074)&#10;        at java.util.concurrent.ThreadPoolExecutor.runWorker(ThreadPoolExecutor.java:1134)&#10;        at java.util.concurrent.ThreadPoolExecutor$Worker.run(ThreadPoolExecutor.java:624)&#10;        at java.lang.Thread.run(Thread.java:748)&#10;&quot;java.util.concurrent.ThreadPoolExecutor$Worker@6de67f9d[State = -1, empty queue]&quot; daemon prio=5 tid=1864 timed_waiting&#10;java.lang.Thread.State: TIMED_WAITING&#10;        at sun.misc.Unsafe.park(Native Method)&#10;        at java.util.concurrent.locks.LockSupport.parkNanos(LockSupport.java:215)&#10;        at java.util.concurrent.locks.AbstractQueuedSynchronizer$ConditionObject.awaitNanos(AbstractQueuedSynchronizer.java:2078)&#10;        at java.util.concurrent.ScheduledThreadPoolExecutor$DelayedWorkQueue.take(ScheduledThreadPoolExecutor.java:1093)&#10;        at java.util.concurrent.ScheduledThreadPoolExecutor$DelayedWorkQueue.take(ScheduledThreadPoolExecutor.java:809)&#10;        at java.util.concurrent.ThreadPoolExecutor.getTask(ThreadPoolExecutor.java:1074)&#10;        at java.util.concurrent.ThreadPoolExecutor.runWorker(ThreadPoolExecutor.java:1134)&#10;        at java.util.concurrent.ThreadPoolExecutor$Worker.run(ThreadPoolExecutor.java:624)&#10;        at java.lang.Thread.run(Thread.java:748)&#10;&quot;pool-36-thread-6&quot;  prio=5 tid=379 in Object.wait()&#10;java.lang.Thread.State: WAITING (on object monitor)&#10;        at sun.misc.Unsafe.park(Native Method)&#10;        at java.util.concurrent.locks.LockSupport.park(LockSupport.java:175)&#10;        at java.util.concurrent.locks.AbstractQueuedSynchronizer$ConditionObject.await(AbstractQueuedSynchronizer.java:2039)&#10;        at java.util.concurrent.ArrayBlockingQueue.take(ArrayBlockingQueue.java:403)&#10;        at java.util.concurrent.ThreadPoolExecutor.getTask(ThreadPoolExecutor.java:1074)&#10;        at java.util.concurrent.ThreadPoolExecutor.runWorker(ThreadPoolExecutor.java:1134)&#10;        at java.util.concurrent.ThreadPoolExecutor$Worker.run(ThreadPoolExecutor.java:624)&#10;        at java.lang.Thread.run(Thread.java:748)&#10;&quot;pool-76-thread-7&quot;  prio=5 tid=631 in Object.wait()&#10;java.lang.Thread.State: WAITING (on object monitor)&#10;        at sun.misc.Unsafe.park(Native Method)&#10;        at java.util.concurrent.locks.LockSupport.park(LockSupport.java:175)&#10;        at java.util.concurrent.locks.AbstractQueuedSynchronizer$ConditionObject.await(AbstractQueuedSynchronizer.java:2039)&#10;        at java.util.concurrent.ArrayBlockingQueue.take(ArrayBlockingQueue.java:403)&#10;        at java.util.concurrent.ThreadPoolExecutor.getTask(ThreadPoolExecutor.java:1074)&#10;        at java.util.concurrent.ThreadPoolExecutor.runWorker(ThreadPoolExecutor.java:1134)&#10;        at java.util.concurrent.ThreadPoolExecutor$Worker.run(ThreadPoolExecutor.java:624)&#10;        at java.lang.Thread.run(Thread.java:748)&#10;&quot;Datanode State Machine Thread - 0&quot; daemon prio=5 tid=204 timed_waiting&#10;java.lang.Thread.State: TIMED_WAITING&#10;        at sun.misc.Unsafe.park(Native Method)&#10;        at java.util.concurrent.locks.LockSupport.parkNanos(LockSupport.java:215)&#10;        at java.util.concurrent.SynchronousQueue$TransferStack.awaitFulfill(SynchronousQueue.java:460)&#10;        at java.util.concurrent.SynchronousQueue$TransferStack.transfer(SynchronousQueue.java:362)&#10;        at java.util.concurrent.SynchronousQueue.poll(SynchronousQueue.java:941)&#10;        at java.util.concurrent.ThreadPoolExecutor.getTask(ThreadPoolExecutor.java:1073)&#10;        at java.util.concurrent.ThreadPoolExecutor.runWorker(ThreadPoolExecutor.java:1134)&#10;        at java.util.concurrent.ThreadPoolExecutor$Worker.run(ThreadPoolExecutor.java:624)&#10;        at java.lang.Thread.run(Thread.java:748)&#10;&quot;Thread-1209&quot; daemon prio=5 tid=1795 timed_waiting&#10;java.lang.Thread.State: TIMED_WAITING&#10;        at java.lang.Thread.sleep(Native Method)&#10;        at org.apache.ratis.util.JavaUtils.sleep(JavaUtils.java:247)&#10;        at org.apache.ratis.server.impl.FollowerState.run(FollowerState.java:96)&#10;&quot;Thread-1161&quot; daemon prio=5 tid=1747 timed_waiting&#10;java.lang.Thread.State: TIMED_WAITING&#10;        at java.lang.Thread.sleep(Native Method)&#10;        at org.apache.ratis.util.JavaUtils.sleep(JavaUtils.java:247)&#10;        at org.apache.ratis.server.impl.FollowerState.run(FollowerState.java:96)&#10;&quot;pool-76-thread-34&quot;  prio=5 tid=658 in Object.wait()&#10;java.lang.Thread.State: WAITING (on object monitor)&#10;        at sun.misc.Unsafe.park(Native Method)&#10;        at java.util.concurrent.locks.LockSupport.park(LockSupport.java:175)&#10;        at java.util.concurrent.locks.AbstractQueuedSynchronizer$ConditionObject.await(AbstractQueuedSynchronizer.java:2039)&#10;        at java.util.concurrent.ArrayBlockingQueue.take(ArrayBlockingQueue.java:403)&#10;        at java.util.concurrent.ThreadPoolExecutor.getTask(ThreadPoolExecutor.java:1074)&#10;        at java.util.concurrent.ThreadPoolExecutor.runWorker(ThreadPoolExecutor.java:1134)&#10;        at java.util.concurrent.ThreadPoolExecutor$Worker.run(ThreadPoolExecutor.java:624)&#10;        at java.lang.Thread.run(Thread.java:748)&#10;&quot;pool-36-thread-52&quot;  prio=5 tid=425 in Object.wait()&#10;java.lang.Thread.State: WAITING (on object monitor)&#10;        at sun.misc.Unsafe.park(Native Method)&#10;        at java.util.concurrent.locks.LockSupport.park(LockSupport.java:175)&#10;        at java.util.concurrent.locks.AbstractQueuedSynchronizer$ConditionObject.await(AbstractQueuedSynchronizer.java:2039)&#10;        at java.util.concurrent.ArrayBlockingQueue.take(ArrayBlockingQueue.java:403)&#10;        at java.util.concurrent.ThreadPoolExecutor.getTask(ThreadPoolExecutor.java:1074)&#10;        at java.util.concurrent.ThreadPoolExecutor.runWorker(ThreadPoolExecutor.java:1134)&#10;        at java.util.concurrent.ThreadPoolExecutor$Worker.run(ThreadPoolExecutor.java:624)&#10;        at java.lang.Thread.run(Thread.java:748)&#10;&quot;pool-37-thread-1&quot;  prio=5 tid=710 in Object.wait()&#10;java.lang.Thread.State: WAITING (on object monitor)&#10;        at sun.misc.Unsafe.park(Native Method)&#10;        at java.util.concurrent.locks.LockSupport.park(LockSupport.java:175)&#10;        at java.util.concurrent.locks.AbstractQueuedSynchronizer$ConditionObject.await(AbstractQueuedSynchronizer.java:2039)&#10;        at java.util.concurrent.LinkedBlockingQueue.take(LinkedBlockingQueue.java:442)&#10;        at java.util.concurrent.ThreadPoolExecutor.getTask(ThreadPoolExecutor.java:1074)&#10;        at java.util.concurrent.ThreadPoolExecutor.runWorker(ThreadPoolExecutor.java:1134)&#10;        at java.util.concurrent.ThreadPoolExecutor$Worker.run(ThreadPoolExecutor.java:624)&#10;        at java.lang.Thread.run(Thread.java:748)&#10;&quot;pool-36-thread-10&quot;  prio=5 tid=383 in Object.wait()&#10;java.lang.Thread.State: WAITING (on object monitor)&#10;        at sun.misc.Unsafe.park(Native Method)&#10;        at java.util.concurrent.locks.LockSupport.park(LockSupport.java:175)&#10;        at java.util.concurrent.locks.AbstractQueuedSynchronizer$ConditionObject.await(AbstractQueuedSynchronizer.java:2039)&#10;        at java.util.concurrent.ArrayBlockingQueue.take(ArrayBlockingQueue.java:403)&#10;        at java.util.concurrent.ThreadPoolExecutor.getTask(ThreadPoolExecutor.java:1074)&#10;        at java.util.concurrent.ThreadPoolExecutor.runWorker(ThreadPoolExecutor.java:1134)&#10;        at java.util.concurrent.ThreadPoolExecutor$Worker.run(ThreadPoolExecutor.java:624)&#10;        at java.lang.Thread.run(Thread.java:748)&#10;&quot;pool-80-thread-1&quot;  prio=5 tid=293 timed_waiting&#10;java.lang.Thread.State: TIMED_WAITING&#10;        at sun.misc.Unsafe.park(Native Method)&#10;        at java.util.concurrent.locks.LockSupport.parkNanos(LockSupport.java:215)&#10;        at java.util.concurrent.locks.AbstractQueuedSynchronizer$ConditionObject.awaitNanos(AbstractQueuedSynchronizer.java:2078)&#10;        at java.util.concurrent.ScheduledThreadPoolExecutor$DelayedWorkQueue.take(ScheduledThreadPoolExecutor.java:1093)&#10;        at java.util.concurrent.ScheduledThreadPoolExecutor$DelayedWorkQueue.take(ScheduledThreadPoolExecutor.java:809)&#10;        at java.util.concurrent.ThreadPoolExecutor.getTask(ThreadPoolExecutor.java:1074)&#10;        at java.util.concurrent.ThreadPoolExecutor.runWorker(ThreadPoolExecutor.java:1134)&#10;        at java.util.concurrent.ThreadPoolExecutor$Worker.run(ThreadPoolExecutor.java:624)&#10;        at java.lang.Thread.run(Thread.java:748)&#10;&quot;qtp1623761043-267&quot; daemon prio=5 tid=267 runnable&#10;java.lang.Thread.State: RUNNABLE&#10;        at sun.nio.ch.EPollArrayWrapper.epollWait(Native Method)&#10;        at sun.nio.ch.EPollArrayWrapper.poll(EPollArrayWrapper.java:269)&#10;        at sun.nio.ch.EPollSelectorImpl.doSelect(EPollSelectorImpl.java:93)&#10;        at sun.nio.ch.SelectorImpl.lockAndDoSelect(SelectorImpl.java:86)&#10;        at sun.nio.ch.SelectorImpl.select(SelectorImpl.java:97)&#10;        at sun.nio.ch.SelectorImpl.select(SelectorImpl.java:101)&#10;        at org.eclipse.jetty.io.ManagedSelector$SelectorProducer.select(ManagedSelector.java:243)&#10;        at org.eclipse.jetty.io.ManagedSelector$SelectorProducer.produce(ManagedSelector.java:191)&#10;        at org.eclipse.jetty.util.thread.strategy.ExecuteProduceConsume.executeProduceConsume(ExecuteProduceConsume.java:249)&#10;        at org.eclipse.jetty.util.thread.strategy.ExecuteProduceConsume.produceConsume(ExecuteProduceConsume.java:148)&#10;        at org.eclipse.jetty.util.thread.strategy.ExecuteProduceConsume.execute(ExecuteProduceConsume.java:100)&#10;        at org.eclipse.jetty.io.ManagedSelector.run(ManagedSelector.java:147)&#10;        at org.eclipse.jetty.util.thread.QueuedThreadPool.runJob(QueuedThreadPool.java:671)&#10;        at org.eclipse.jetty.util.thread.QueuedThreadPool$2.run(QueuedThreadPool.java:589)&#10;        at java.lang.Thread.run(Thread.java:748)&#10;&quot;pool-36-thread-54&quot;  prio=5 tid=427 in Object.wait()&#10;java.lang.Thread.State: WAITING (on object monitor)&#10;        at sun.misc.Unsafe.park(Native Method)&#10;        at java.util.concurrent.locks.LockSupport.park(LockSupport.java:175)&#10;        at java.util.concurrent.locks.AbstractQueuedSynchronizer$ConditionObject.await(AbstractQueuedSynchronizer.java:2039)&#10;        at java.util.concurrent.ArrayBlockingQueue.take(ArrayBlockingQueue.java:403)&#10;        at java.util.concurrent.ThreadPoolExecutor.getTask(ThreadPoolExecutor.java:1074)&#10;        at java.util.concurrent.ThreadPoolExecutor.runWorker(ThreadPoolExecutor.java:1134)&#10;        at java.util.concurrent.ThreadPoolExecutor$Worker.run(ThreadPoolExecutor.java:624)&#10;        at java.lang.Thread.run(Thread.java:748)&#10;&quot;b7064b77-9271-4e94-8225-85d895886efb@group-F2E0294EDFC2-StateMachineUpdater&quot; daemon prio=5 tid=846 in Object.wait()&#10;java.lang.Thread.State: WAITING (on object monitor)&#10;        at java.lang.Object.wait(Native Method)&#10;        at java.lang.Object.wait(Object.java:502)&#10;        at org.apache.ratis.server.impl.StateMachineUpdater.waitForCommit(StateMachineUpdater.java:183)&#10;        at org.apache.ratis.server.impl.StateMachineUpdater.run(StateMachineUpdater.java:148)&#10;        at java.lang.Thread.run(Thread.java:748)&#10;&quot;pool-26-thread-56&quot;  prio=5 tid=369 in Object.wait()&#10;java.lang.Thread.State: WAITING (on object monitor)&#10;        at sun.misc.Unsafe.park(Native Method)&#10;        at java.util.concurrent.locks.LockSupport.park(LockSupport.java:175)&#10;        at java.util.concurrent.locks.AbstractQueuedSynchronizer$ConditionObject.await(AbstractQueuedSynchronizer.java:2039)&#10;        at java.util.concurrent.ArrayBlockingQueue.take(ArrayBlockingQueue.java:403)&#10;        at java.util.concurrent.ThreadPoolExecutor.getTask(ThreadPoolExecutor.java:1074)&#10;        at java.util.concurrent.ThreadPoolExecutor.runWorker(ThreadPoolExecutor.java:1134)&#10;        at java.util.concurrent.ThreadPoolExecutor$Worker.run(ThreadPoolExecutor.java:624)&#10;        at java.lang.Thread.run(Thread.java:748)&#10;&quot;qtp219192399-164&quot; daemon prio=5 tid=164 timed_waiting&#10;java.lang.Thread.State: TIMED_WAITING&#10;        at sun.misc.Unsafe.park(Native Method)&#10;        at java.util.concurrent.locks.LockSupport.parkNanos(LockSupport.java:215)&#10;        at java.util.concurrent.locks.AbstractQueuedSynchronizer$ConditionObject.awaitNanos(AbstractQueuedSynchronizer.java:2078)&#10;        at org.eclipse.jetty.util.BlockingArrayQueue.poll(BlockingArrayQueue.java:392)&#10;        at org.eclipse.jetty.util.thread.QueuedThreadPool.idleJobPoll(QueuedThreadPool.java:563)&#10;        at org.eclipse.jetty.util.thread.QueuedThreadPool.access$800(QueuedThreadPool.java:48)&#10;        at org.eclipse.jetty.util.thread.QueuedThreadPool$2.run(QueuedThreadPool.java:626)&#10;        at java.lang.Thread.run(Thread.java:748)&#10;&quot;pool-36-thread-39&quot;  prio=5 tid=412 in Object.wait()&#10;java.lang.Thread.State: WAITING (on object monitor)&#10;        at sun.misc.Unsafe.park(Native Method)&#10;        at java.util.concurrent.locks.LockSupport.park(LockSupport.java:175)&#10;        at java.util.concurrent.locks.AbstractQueuedSynchronizer$ConditionObject.await(AbstractQueuedSynchronizer.java:2039)&#10;        at java.util.concurrent.ArrayBlockingQueue.take(ArrayBlockingQueue.java:403)&#10;        at java.util.concurrent.ThreadPoolExecutor.getTask(ThreadPoolExecutor.java:1074)&#10;        at java.util.concurrent.ThreadPoolExecutor.runWorker(ThreadPoolExecutor.java:1134)&#10;        at java.util.concurrent.ThreadPoolExecutor$Worker.run(ThreadPoolExecutor.java:624)&#10;        at java.lang.Thread.run(Thread.java:748)&#10;&quot;pool-56-thread-28&quot;  prio=5 tid=522 in Object.wait()&#10;java.lang.Thread.State: WAITING (on object monitor)&#10;        at sun.misc.Unsafe.park(Native Method)&#10;        at java.util.concurrent.locks.LockSupport.park(LockSupport.java:175)&#10;        at java.util.concurrent.locks.AbstractQueuedSynchronizer$ConditionObject.await(AbstractQueuedSynchronizer.java:2039)&#10;        at java.util.concurrent.ArrayBlockingQueue.take(ArrayBlockingQueue.java:403)&#10;        at java.util.concurrent.ThreadPoolExecutor.getTask(ThreadPoolExecutor.java:1074)&#10;        at java.util.concurrent.ThreadPoolExecutor.runWorker(ThreadPoolExecutor.java:1134)&#10;        at java.util.concurrent.ThreadPoolExecutor$Worker.run(ThreadPoolExecutor.java:624)&#10;        at java.lang.Thread.run(Thread.java:748)&#10;&quot;pool-46-thread-40&quot;  prio=5 tid=473 in Object.wait()&#10;java.lang.Thread.State: WAITING (on object monitor)&#10;        at sun.misc.Unsafe.park(Native Method)&#10;        at java.util.concurrent.locks.LockSupport.park(LockSupport.java:175)&#10;        at java.util.concurrent.locks.AbstractQueuedSynchronizer$ConditionObject.await(AbstractQueuedSynchronizer.java:2039)&#10;        at java.util.concurrent.ArrayBlockingQueue.take(ArrayBlockingQueue.java:403)&#10;        at java.util.concurrent.ThreadPoolExecutor.getTask(ThreadPoolExecutor.java:1074)&#10;        at java.util.concurrent.ThreadPoolExecutor.runWorker(ThreadPoolExecutor.java:1134)&#10;        at java.util.concurrent.ThreadPoolExecutor$Worker.run(ThreadPoolExecutor.java:624)&#10;        at java.lang.Thread.run(Thread.java:748)&#10;&quot;Thread-1166&quot; daemon prio=5 tid=1752 timed_waiting&#10;java.lang.Thread.State: TIMED_WAITING&#10;        at java.lang.Thread.sleep(Native Method)&#10;        at org.apache.ratis.util.JavaUtils.sleep(JavaUtils.java:247)&#10;        at org.apache.ratis.server.impl.FollowerState.run(FollowerState.java:96)&#10;&quot;IPC Server handler 12 on 40029&quot; daemon prio=5 tid=81 timed_waiting&#10;java.lang.Thread.State: TIMED_WAITING&#10;        at sun.misc.Unsafe.park(Native Method)&#10;        at java.util.concurrent.locks.LockSupport.parkNanos(LockSupport.java:215)&#10;        at java.util.concurrent.locks.AbstractQueuedSynchronizer$ConditionObject.awaitNanos(AbstractQueuedSynchronizer.java:2078)&#10;        at java.util.concurrent.LinkedBlockingQueue.poll(LinkedBlockingQueue.java:467)&#10;        at org.apache.hadoop.ipc.CallQueueManager.take(CallQueueManager.java:288)&#10;        at org.apache.hadoop.ipc.Server$Handler.run(Server.java:2668)&#10;&quot;a7d59ef6-3eca-4628-b097-12d983444e7f@group-47DBAAEC82C8-SegmentedRaftLogWorker&quot;  prio=5 tid=761 timed_waiting&#10;java.lang.Thread.State: TIMED_WAITING&#10;        at sun.misc.Unsafe.park(Native Method)&#10;        at java.util.concurrent.locks.LockSupport.parkNanos(LockSupport.java:215)&#10;        at java.util.concurrent.locks.AbstractQueuedSynchronizer$ConditionObject.awaitNanos(AbstractQueuedSynchronizer.java:2078)&#10;        at org.apache.ratis.util.DataBlockingQueue.poll(DataBlockingQueue.java:137)&#10;        at org.apache.ratis.server.raftlog.segmented.SegmentedRaftLogWorker.run(SegmentedRaftLogWorker.java:283)&#10;        at java.lang.Thread.run(Thread.java:748)&#10;&quot;IPC Server handler 17 on 44461&quot; daemon prio=5 tid=132 timed_waiting&#10;java.lang.Thread.State: TIMED_WAITING&#10;        at sun.misc.Unsafe.park(Native Method)&#10;        at java.util.concurrent.locks.LockSupport.parkNanos(LockSupport.java:215)&#10;        at java.util.concurrent.locks.AbstractQueuedSynchronizer$ConditionObject.awaitNanos(AbstractQueuedSynchronizer.java:2078)&#10;        at java.util.concurrent.LinkedBlockingQueue.poll(LinkedBlockingQueue.java:467)&#10;        at org.apache.hadoop.ipc.CallQueueManager.take(CallQueueManager.java:288)&#10;        at org.apache.hadoop.ipc.Server$Handler.run(Server.java:2668)&#10;&quot;Thread-1162&quot; daemon prio=5 tid=1748 timed_waiting&#10;java.lang.Thread.State: TIMED_WAITING&#10;        at java.lang.Thread.sleep(Native Method)&#10;        at org.apache.ratis.util.JavaUtils.sleep(JavaUtils.java:247)&#10;        at org.apache.ratis.server.impl.FollowerState.run(FollowerState.java:96)&#10;&quot;pool-46-thread-2&quot;  prio=5 tid=435 in Object.wait()&#10;java.lang.Thread.State: WAITING (on object monitor)&#10;        at sun.misc.Unsafe.park(Native Method)&#10;        at java.util.concurrent.locks.LockSupport.park(LockSupport.java:175)&#10;        at java.util.concurrent.locks.AbstractQueuedSynchronizer$ConditionObject.await(AbstractQueuedSynchronizer.java:2039)&#10;        at java.util.concurrent.ArrayBlockingQueue.take(ArrayBlockingQueue.java:403)&#10;        at java.util.concurrent.ThreadPoolExecutor.getTask(ThreadPoolExecutor.java:1074)&#10;        at java.util.concurrent.ThreadPoolExecutor.runWorker(ThreadPoolExecutor.java:1134)&#10;        at java.util.concurrent.ThreadPoolExecutor$Worker.run(ThreadPoolExecutor.java:624)&#10;        at java.lang.Thread.run(Thread.java:748)&#10;&quot;pool-46-thread-33&quot;  prio=5 tid=466 in Object.wait()&#10;java.lang.Thread.State: WAITING (on object monitor)&#10;        at sun.misc.Unsafe.park(Native Method)&#10;        at java.util.concurrent.locks.LockSupport.park(LockSupport.java:175)&#10;        at java.util.concurrent.locks.AbstractQueuedSynchronizer$ConditionObject.await(AbstractQueuedSynchronizer.java:2039)&#10;        at java.util.concurrent.ArrayBlockingQueue.take(ArrayBlockingQueue.java:403)&#10;        at java.util.concurrent.ThreadPoolExecutor.getTask(ThreadPoolExecutor.java:1074)&#10;        at java.util.concurrent.ThreadPoolExecutor.runWorker(ThreadPoolExecutor.java:1134)&#10;        at java.util.concurrent.ThreadPoolExecutor$Worker.run(ThreadPoolExecutor.java:624)&#10;        at java.lang.Thread.run(Thread.java:748)&#10;&quot;qtp83534488-213&quot; daemon prio=5 tid=213 runnable&#10;java.lang.Thread.State: RUNNABLE&#10;        at sun.nio.ch.EPollArrayWrapper.epollWait(Native Method)&#10;        at sun.nio.ch.EPollArrayWrapper.poll(EPollArrayWrapper.java:269)&#10;        at sun.nio.ch.EPollSelectorImpl.doSelect(EPollSelectorImpl.java:93)&#10;        at sun.nio.ch.SelectorImpl.lockAndDoSelect(SelectorImpl.java:86)&#10;        at sun.nio.ch.SelectorImpl.select(SelectorImpl.java:97)&#10;        at sun.nio.ch.SelectorImpl.select(SelectorImpl.java:101)&#10;        at org.eclipse.jetty.io.ManagedSelector$SelectorProducer.select(ManagedSelector.java:243)&#10;        at org.eclipse.jetty.io.ManagedSelector$SelectorProducer.produce(ManagedSelector.java:191)&#10;        at org.eclipse.jetty.util.thread.strategy.ExecuteProduceConsume.executeProduceConsume(ExecuteProduceConsume.java:249)&#10;        at org.eclipse.jetty.util.thread.strategy.ExecuteProduceConsume.produceConsume(ExecuteProduceConsume.java:148)&#10;        at org.eclipse.jetty.util.thread.strategy.ExecuteProduceConsume.execute(ExecuteProduceConsume.java:100)&#10;        at org.eclipse.jetty.io.ManagedSelector.run(ManagedSelector.java:147)&#10;        at org.eclipse.jetty.util.thread.QueuedThreadPool.runJob(QueuedThreadPool.java:671)&#10;        at org.eclipse.jetty.util.thread.QueuedThreadPool$2.run(QueuedThreadPool.java:589)&#10;        at java.lang.Thread.run(Thread.java:748)&#10;&quot;EventQueue-ProcessedPipelineReportForHealthyPipelineSafeModeRule&quot; daemon prio=5 tid=693 in Object.wait()&#10;java.lang.Thread.State: WAITING (on object monitor)&#10;        at sun.misc.Unsafe.park(Native Method)&#10;        at java.util.concurrent.locks.LockSupport.park(LockSupport.java:175)&#10;        at java.util.concurrent.locks.AbstractQueuedSynchronizer$ConditionObject.await(AbstractQueuedSynchronizer.java:2039)&#10;        at java.util.concurrent.LinkedBlockingQueue.take(LinkedBlockingQueue.java:442)&#10;        at java.util.concurrent.ThreadPoolExecutor.getTask(ThreadPoolExecutor.java:1074)&#10;        at java.util.concurrent.ThreadPoolExecutor.runWorker(ThreadPoolExecutor.java:1134)&#10;        at java.util.concurrent.ThreadPoolExecutor$Worker.run(ThreadPoolExecutor.java:624)&#10;        at java.lang.Thread.run(Thread.java:748)&#10;&quot;qtp1947666055-301&quot; daemon prio=5 tid=301 timed_waiting&#10;java.lang.Thread.State: TIMED_WAITING&#10;        at sun.misc.Unsafe.park(Native Method)&#10;        at java.util.concurrent.locks.LockSupport.parkNanos(LockSupport.java:215)&#10;        at java.util.concurrent.locks.AbstractQueuedSynchronizer$ConditionObject.awaitNanos(AbstractQueuedSynchronizer.java:2078)&#10;        at org.eclipse.jetty.util.BlockingArrayQueue.poll(BlockingArrayQueue.java:392)&#10;        at org.eclipse.jetty.util.thread.QueuedThreadPool.idleJobPoll(QueuedThreadPool.java:563)&#10;        at org.eclipse.jetty.util.thread.QueuedThreadPool.access$800(QueuedThreadPool.java:48)&#10;        at org.eclipse.jetty.util.thread.QueuedThreadPool$2.run(QueuedThreadPool.java:626)&#10;        at java.lang.Thread.run(Thread.java:748)&#10;&quot;grpc-default-executor-11&quot; daemon prio=5 tid=976 timed_waiting&#10;java.lang.Thread.State: TIMED_WAITING&#10;        at sun.misc.Unsafe.park(Native Method)&#10;        at java.util.concurrent.locks.LockSupport.parkNanos(LockSupport.java:215)&#10;        at java.util.concurrent.SynchronousQueue$TransferStack.awaitFulfill(SynchronousQueue.java:460)&#10;        at java.util.concurrent.SynchronousQueue$TransferStack.transfer(SynchronousQueue.java:362)&#10;        at java.util.concurrent.SynchronousQueue.poll(SynchronousQueue.java:941)&#10;        at java.util.concurrent.ThreadPoolExecutor.getTask(ThreadPoolExecutor.java:1073)&#10;        at java.util.concurrent.ThreadPoolExecutor.runWorker(ThreadPoolExecutor.java:1134)&#10;        at java.util.concurrent.ThreadPoolExecutor$Worker.run(ThreadPoolExecutor.java:624)&#10;        at java.lang.Thread.run(Thread.java:748)&#10;&quot;process reaper&quot; daemon prio=10 tid=10 timed_waiting&#10;java.lang.Thread.State: TIMED_WAITING&#10;        at sun.misc.Unsafe.park(Native Method)&#10;        at java.util.concurrent.locks.LockSupport.parkNanos(LockSupport.java:215)&#10;        at java.util.concurrent.SynchronousQueue$TransferStack.awaitFulfill(SynchronousQueue.java:460)&#10;        at java.util.concurrent.SynchronousQueue$TransferStack.transfer(SynchronousQueue.java:362)&#10;        at java.util.concurrent.SynchronousQueue.poll(SynchronousQueue.java:941)&#10;        at java.util.concurrent.ThreadPoolExecutor.getTask(ThreadPoolExecutor.java:1073)&#10;        at java.util.concurrent.ThreadPoolExecutor.runWorker(ThreadPoolExecutor.java:1134)&#10;        at java.util.concurrent.ThreadPoolExecutor$Worker.run(ThreadPoolExecutor.java:624)&#10;        at java.lang.Thread.run(Thread.java:748)&#10;&quot;IPC Server idle connection scanner for port 40029&quot; daemon prio=5 tid=16 timed_waiting&#10;java.lang.Thread.State: TIMED_WAITING&#10;        at java.lang.Object.wait(Native Method)&#10;        at java.util.TimerThread.mainLoop(Timer.java:552)&#10;        at java.util.TimerThread.run(Timer.java:505)&#10;&quot;qtp1235908203-141&quot; daemon prio=5 tid=141 timed_waiting&#10;java.lang.Thread.State: TIMED_WAITING&#10;        at sun.misc.Unsafe.park(Native Method)&#10;        at java.util.concurrent.locks.LockSupport.parkNanos(LockSupport.java:215)&#10;        at java.util.concurrent.locks.AbstractQueuedSynchronizer$ConditionObject.awaitNanos(AbstractQueuedSynchronizer.java:2078)&#10;        at org.eclipse.jetty.util.BlockingArrayQueue.poll(BlockingArrayQueue.java:392)&#10;        at org.eclipse.jetty.util.thread.QueuedThreadPool.idleJobPoll(QueuedThreadPool.java:563)&#10;        at org.eclipse.jetty.util.thread.QueuedThreadPool.access$800(QueuedThreadPool.java:48)&#10;        at org.eclipse.jetty.util.thread.QueuedThreadPool$2.run(QueuedThreadPool.java:626)&#10;        at java.lang.Thread.run(Thread.java:748)&#10;&quot;IPC Server handler 0 on 45005&quot; daemon prio=5 tid=29 timed_waiting&#10;java.lang.Thread.State: TIMED_WAITING&#10;        at sun.misc.Unsafe.park(Native Method)&#10;        at java.util.concurrent.locks.LockSupport.parkNanos(LockSupport.java:215)&#10;        at java.util.concurrent.locks.AbstractQueuedSynchronizer$ConditionObject.awaitNanos(AbstractQueuedSynchronizer.java:2078)&#10;        at java.util.concurrent.LinkedBlockingQueue.poll(LinkedBlockingQueue.java:467)&#10;        at org.apache.hadoop.ipc.CallQueueManager.take(CallQueueManager.java:288)&#10;        at org.apache.hadoop.ipc.Server$Handler.run(Server.java:2668)&#10;&quot;pool-76-thread-55&quot;  prio=5 tid=679 in Object.wait()&#10;java.lang.Thread.State: WAITING (on object monitor)&#10;        at sun.misc.Unsafe.park(Native Method)&#10;        at java.util.concurrent.locks.LockSupport.park(LockSupport.java:175)&#10;        at java.util.concurrent.locks.AbstractQueuedSynchronizer$ConditionObject.await(AbstractQueuedSynchronizer.java:2039)&#10;        at java.util.concurrent.ArrayBlockingQueue.take(ArrayBlockingQueue.java:403)&#10;        at java.util.concurrent.ThreadPoolExecutor.getTask(ThreadPoolExecutor.java:1074)&#10;        at java.util.concurrent.ThreadPoolExecutor.runWorker(ThreadPoolExecutor.java:1134)&#10;        at java.util.concurrent.ThreadPoolExecutor$Worker.run(ThreadPoolExecutor.java:624)&#10;        at java.lang.Thread.run(Thread.java:748)&#10;&quot;pool-26-thread-29&quot;  prio=5 tid=342 in Object.wait()&#10;java.lang.Thread.State: WAITING (on object monitor)&#10;        at sun.misc.Unsafe.park(Native Method)&#10;        at java.util.concurrent.locks.LockSupport.park(LockSupport.java:175)&#10;        at java.util.concurrent.locks.AbstractQueuedSynchronizer$ConditionObject.await(AbstractQueuedSynchronizer.java:2039)&#10;        at java.util.concurrent.ArrayBlockingQueue.take(ArrayBlockingQueue.java:403)&#10;        at java.util.concurrent.ThreadPoolExecutor.getTask(ThreadPoolExecutor.java:1074)&#10;        at java.util.concurrent.ThreadPoolExecutor.runWorker(ThreadPoolExecutor.java:1134)&#10;        at java.util.concurrent.ThreadPoolExecutor$Worker.run(ThreadPoolExecutor.java:624)&#10;        at java.lang.Thread.run(Thread.java:748)&#10;&quot;qtp219192399-160-acceptor-0@3a817764-ServerConnector@68a4dcc6{HTTP/1.1,[http/1.1]}{0.0.0.0:44803}&quot; daemon prio=3 tid=160 runnable&#10;java.lang.Thread.State: RUNNABLE&#10;        at sun.nio.ch.ServerSocketChannelImpl.accept0(Native Method)&#10;        at sun.nio.ch.ServerSocketChannelImpl.accept(ServerSocketChannelImpl.java:422)&#10;        at sun.nio.ch.ServerSocketChannelImpl.accept(ServerSocketChannelImpl.java:250)&#10;        at org.eclipse.jetty.server.ServerConnector.accept(ServerConnector.java:397)&#10;        at org.eclipse.jetty.server.AbstractConnector$Acceptor.run(AbstractConnector.java:601)&#10;        at org.eclipse.jetty.util.thread.QueuedThreadPool.runJob(QueuedThreadPool.java:671)&#10;        at org.eclipse.jetty.util.thread.QueuedThreadPool$2.run(QueuedThreadPool.java:589)&#10;        at java.lang.Thread.run(Thread.java:748)&#10;&quot;IPC Server handler 6 on 37215&quot; daemon prio=5 tid=55 timed_waiting&#10;java.lang.Thread.State: TIMED_WAITING&#10;        at sun.misc.Unsafe.park(Native Method)&#10;        at java.util.concurrent.locks.LockSupport.parkNanos(LockSupport.java:215)&#10;        at java.util.concurrent.locks.AbstractQueuedSynchronizer$ConditionObject.awaitNanos(AbstractQueuedSynchronizer.java:2078)&#10;        at java.util.concurrent.LinkedBlockingQueue.poll(LinkedBlockingQueue.java:467)&#10;        at org.apache.hadoop.ipc.CallQueueManager.take(CallQueueManager.java:288)&#10;        at org.apache.hadoop.ipc.Server$Handler.run(Server.java:2668)&#10;&quot;Datanode State Machine Thread - 0&quot; daemon prio=5 tid=312 timed_waiting&#10;java.lang.Thread.State: TIMED_WAITING&#10;        at sun.misc.Unsafe.park(Native Method)&#10;        at java.util.concurrent.locks.LockSupport.parkNanos(LockSupport.java:215)&#10;        at java.util.concurrent.SynchronousQueue$TransferStack.awaitFulfill(SynchronousQueue.java:460)&#10;        at java.util.concurrent.SynchronousQueue$TransferStack.transfer(SynchronousQueue.java:362)&#10;        at java.util.concurrent.SynchronousQueue.poll(SynchronousQueue.java:941)&#10;        at java.util.concurrent.ThreadPoolExecutor.getTask(ThreadPoolExecutor.java:1073)&#10;        at java.util.concurrent.ThreadPoolExecutor.runWorker(ThreadPoolExecutor.java:1134)&#10;        at java.util.concurrent.ThreadPoolExecutor$Worker.run(ThreadPoolExecutor.java:624)&#10;        at java.lang.Thread.run(Thread.java:748)&#10;&quot;org.eclipse.jetty.server.session.HashSessionManager@393881f0Timer&quot; daemon prio=5 tid=145 timed_waiting&#10;java.lang.Thread.State: TIMED_WAITING&#10;        at sun.misc.Unsafe.park(Native Method)&#10;        at java.util.concurrent.locks.LockSupport.parkNanos(LockSupport.java:215)&#10;        at java.util.concurrent.locks.AbstractQueuedSynchronizer$ConditionObject.awaitNanos(AbstractQueuedSynchronizer.java:2078)&#10;        at java.util.concurrent.ScheduledThreadPoolExecutor$DelayedWorkQueue.take(ScheduledThreadPoolExecutor.java:1093)&#10;        at java.util.concurrent.ScheduledThreadPoolExecutor$DelayedWorkQueue.take(ScheduledThreadPoolExecutor.java:809)&#10;        at java.util.concurrent.ThreadPoolExecutor.getTask(ThreadPoolExecutor.java:1074)&#10;        at java.util.concurrent.ThreadPoolExecutor.runWorker(ThreadPoolExecutor.java:1134)&#10;        at java.util.concurrent.ThreadPoolExecutor$Worker.run(ThreadPoolExecutor.java:624)&#10;        at java.lang.Thread.run(Thread.java:748)&#10;&quot;Thread-1235&quot; daemon prio=5 tid=1828 timed_waiting&#10;java.lang.Thread.State: TIMED_WAITING&#10;        at java.lang.Thread.sleep(Native Method)&#10;        at org.apache.ratis.util.JavaUtils.sleep(JavaUtils.java:247)&#10;        at org.apache.ratis.server.impl.FollowerState.run(FollowerState.java:96)&#10;&quot;Command processor thread&quot; daemon prio=5 tid=177 timed_waiting&#10;java.lang.Thread.State: TIMED_WAITING&#10;        at java.lang.Thread.sleep(Native Method)&#10;        at org.apache.hadoop.ozone.container.common.statemachine.DatanodeStateMachine.lambda$initCommandHandlerThread$1(DatanodeStateMachine.java:439)&#10;        at org.apache.hadoop.ozone.container.common.statemachine.DatanodeStateMachine$$Lambda$139/2094549442.run(Unknown Source)&#10;        at java.lang.Thread.run(Thread.java:748)&#10;&quot;IPC Server handler 6 on 45005&quot; daemon prio=5 tid=35 timed_waiting&#10;java.lang.Thread.State: TIMED_WAITING&#10;        at sun.misc.Unsafe.park(Native Method)&#10;        at java.util.concurrent.locks.LockSupport.parkNanos(LockSupport.java:215)&#10;        at java.util.concurrent.locks.AbstractQueuedSynchronizer$ConditionObject.awaitNanos(AbstractQueuedSynchronizer.java:2078)&#10;        at java.util.concurrent.LinkedBlockingQueue.poll(LinkedBlockingQueue.java:467)&#10;        at org.apache.hadoop.ipc.CallQueueManager.take(CallQueueManager.java:288)&#10;        at org.apache.hadoop.ipc.Server$Handler.run(Server.java:2668)&#10;&quot;IPC Server handler 11 on 37215&quot; daemon prio=5 tid=60 timed_waiting&#10;java.lang.Thread.State: TIMED_WAITING&#10;        at sun.misc.Unsafe.park(Native Method)&#10;        at java.util.concurrent.locks.LockSupport.parkNanos(LockSupport.java:215)&#10;        at java.util.concurrent.locks.AbstractQueuedSynchronizer$ConditionObject.awaitNanos(AbstractQueuedSynchronizer.java:2078)&#10;        at java.util.concurrent.LinkedBlockingQueue.poll(LinkedBlockingQueue.java:467)&#10;        at org.apache.hadoop.ipc.CallQueueManager.take(CallQueueManager.java:288)&#10;        at org.apache.hadoop.ipc.Server$Handler.run(Server.java:2668)&#10;&quot;d0888866-0bad-4f41-ad37-dccd4a57b958@group-ADB1B60517AF-StateMachineUpdater&quot; daemon prio=5 tid=790 in Object.wait()&#10;java.lang.Thread.State: WAITING (on object monitor)&#10;        at java.lang.Object.wait(Native Method)&#10;        at java.lang.Object.wait(Object.java:502)&#10;        at org.apache.ratis.server.impl.StateMachineUpdater.waitForCommit(StateMachineUpdater.java:183)&#10;        at org.apache.ratis.server.impl.StateMachineUpdater.run(StateMachineUpdater.java:148)&#10;        at java.lang.Thread.run(Thread.java:748)&#10;&quot;pool-76-thread-14&quot;  prio=5 tid=638 in Object.wait()&#10;java.lang.Thread.State: WAITING (on object monitor)&#10;        at sun.misc.Unsafe.park(Native Method)&#10;        at java.util.concurrent.locks.LockSupport.park(LockSupport.java:175)&#10;        at java.util.concurrent.locks.AbstractQueuedSynchronizer$ConditionObject.await(AbstractQueuedSynchronizer.java:2039)&#10;        at java.util.concurrent.ArrayBlockingQueue.take(ArrayBlockingQueue.java:403)&#10;        at java.util.concurrent.ThreadPoolExecutor.getTask(ThreadPoolExecutor.java:1074)&#10;        at java.util.concurrent.ThreadPoolExecutor.runWorker(ThreadPoolExecutor.java:1134)&#10;        at java.util.concurrent.ThreadPoolExecutor$Worker.run(ThreadPoolExecutor.java:624)&#10;        at java.lang.Thread.run(Thread.java:748)&#10;&quot;pool-76-thread-5&quot;  prio=5 tid=629 in Object.wait()&#10;java.lang.Thread.State: WAITING (on object monitor)&#10;        at sun.misc.Unsafe.park(Native Method)&#10;        at java.util.concurrent.locks.LockSupport.park(LockSupport.java:175)&#10;        at java.util.concurrent.locks.AbstractQueuedSynchronizer$ConditionObject.await(AbstractQueuedSynchronizer.java:2039)&#10;        at java.util.concurrent.ArrayBlockingQueue.take(ArrayBlockingQueue.java:403)&#10;        at java.util.concurrent.ThreadPoolExecutor.getTask(ThreadPoolExecutor.java:1074)&#10;        at java.util.concurrent.ThreadPoolExecutor.runWorker(ThreadPoolExecutor.java:1134)&#10;        at java.util.concurrent.ThreadPoolExecutor$Worker.run(ThreadPoolExecutor.java:624)&#10;        at java.lang.Thread.run(Thread.java:748)&#10;&quot;grpc-default-executor-8&quot; daemon prio=5 tid=974 timed_waiting&#10;java.lang.Thread.State: TIMED_WAITING&#10;        at sun.misc.Unsafe.park(Native Method)&#10;        at java.util.concurrent.locks.LockSupport.parkNanos(LockSupport.java:215)&#10;        at java.util.concurrent.SynchronousQueue$TransferStack.awaitFulfill(SynchronousQueue.java:460)&#10;        at java.util.concurrent.SynchronousQueue$TransferStack.transfer(SynchronousQueue.java:362)&#10;        at java.util.concurrent.SynchronousQueue.poll(SynchronousQueue.java:941)&#10;        at java.util.concurrent.ThreadPoolExecutor.getTask(ThreadPoolExecutor.java:1073)&#10;        at java.util.concurrent.ThreadPoolExecutor.runWorker(ThreadPoolExecutor.java:1134)&#10;        at java.util.concurrent.ThreadPoolExecutor$Worker.run(ThreadPoolExecutor.java:624)&#10;        at java.lang.Thread.run(Thread.java:748)&#10;&quot;qtp219192399-159&quot; daemon prio=5 tid=159 runnable&#10;java.lang.Thread.State: RUNNABLE&#10;        at sun.nio.ch.EPollArrayWrapper.epollWait(Native Method)&#10;        at sun.nio.ch.EPollArrayWrapper.poll(EPollArrayWrapper.java:269)&#10;        at sun.nio.ch.EPollSelectorImpl.doSelect(EPollSelectorImpl.java:93)&#10;        at sun.nio.ch.SelectorImpl.lockAndDoSelect(SelectorImpl.java:86)&#10;        at sun.nio.ch.SelectorImpl.select(SelectorImpl.java:97)&#10;        at sun.nio.ch.SelectorImpl.select(SelectorImpl.java:101)&#10;        at org.eclipse.jetty.io.ManagedSelector$SelectorProducer.select(ManagedSelector.java:243)&#10;        at org.eclipse.jetty.io.ManagedSelector$SelectorProducer.produce(ManagedSelector.java:191)&#10;        at org.eclipse.jetty.util.thread.strategy.ExecuteProduceConsume.executeProduceConsume(ExecuteProduceConsume.java:249)&#10;        at org.eclipse.jetty.util.thread.strategy.ExecuteProduceConsume.produceConsume(ExecuteProduceConsume.java:148)&#10;        at org.eclipse.jetty.util.thread.strategy.ExecuteProduceConsume.execute(ExecuteProduceConsume.java:100)&#10;        at org.eclipse.jetty.io.ManagedSelector.run(ManagedSelector.java:147)&#10;        at org.eclipse.jetty.util.thread.QueuedThreadPool.runJob(QueuedThreadPool.java:671)&#10;        at org.eclipse.jetty.util.thread.QueuedThreadPool$2.run(QueuedThreadPool.java:589)&#10;        at java.lang.Thread.run(Thread.java:748)&#10;&quot;8c24ed06-386e-4085-8931-93c762a64530@group-CDCB2C8C105A-SegmentedRaftLogWorker&quot;  prio=5 tid=725 timed_waiting&#10;java.lang.Thread.State: TIMED_WAITING&#10;        at sun.misc.Unsafe.park(Native Method)&#10;        at java.util.concurrent.locks.LockSupport.parkNanos(LockSupport.java:215)&#10;        at java.util.concurrent.locks.AbstractQueuedSynchronizer$ConditionObject.awaitNanos(AbstractQueuedSynchronizer.java:2078)&#10;        at org.apache.ratis.util.DataBlockingQueue.poll(DataBlockingQueue.java:137)&#10;        at org.apache.ratis.server.raftlog.segmented.SegmentedRaftLogWorker.run(SegmentedRaftLogWorker.java:283)&#10;        at java.lang.Thread.run(Thread.java:748)&#10;&quot;pool-76-thread-42&quot;  prio=5 tid=666 in Object.wait()&#10;java.lang.Thread.State: WAITING (on object monitor)&#10;        at sun.misc.Unsafe.park(Native Method)&#10;        at java.util.concurrent.locks.LockSupport.park(LockSupport.java:175)&#10;        at java.util.concurrent.locks.AbstractQueuedSynchronizer$ConditionObject.await(AbstractQueuedSynchronizer.java:2039)&#10;        at java.util.concurrent.ArrayBlockingQueue.take(ArrayBlockingQueue.java:403)&#10;        at java.util.concurrent.ThreadPoolExecutor.getTask(ThreadPoolExecutor.java:1074)&#10;        at java.util.concurrent.ThreadPoolExecutor.runWorker(ThreadPoolExecutor.java:1134)&#10;        at java.util.concurrent.ThreadPoolExecutor$Worker.run(ThreadPoolExecutor.java:624)&#10;        at java.lang.Thread.run(Thread.java:748)&#10;&quot;pool-66-thread-21&quot;  prio=5 tid=583 in Object.wait()&#10;java.lang.Thread.State: WAITING (on object monitor)&#10;        at sun.misc.Unsafe.park(Native Method)&#10;        at java.util.concurrent.locks.LockSupport.park(LockSupport.java:175)&#10;        at java.util.concurrent.locks.AbstractQueuedSynchronizer$ConditionObject.await(AbstractQueuedSynchronizer.java:2039)&#10;        at java.util.concurrent.ArrayBlockingQueue.take(ArrayBlockingQueue.java:403)&#10;        at java.util.concurrent.ThreadPoolExecutor.getTask(ThreadPoolExecutor.java:1074)&#10;        at java.util.concurrent.ThreadPoolExecutor.runWorker(ThreadPoolExecutor.java:1134)&#10;        at java.util.concurrent.ThreadPoolExecutor$Worker.run(ThreadPoolExecutor.java:624)&#10;        at java.lang.Thread.run(Thread.java:748)&#10;&quot;pool-26-thread-7&quot;  prio=5 tid=320 in Object.wait()&#10;java.lang.Thread.State: WAITING (on object monitor)&#10;        at sun.misc.Unsafe.park(Native Method)&#10;        at java.util.concurrent.locks.LockSupport.park(LockSupport.java:175)&#10;        at java.util.concurrent.locks.AbstractQueuedSynchronizer$ConditionObject.await(AbstractQueuedSynchronizer.java:2039)&#10;        at java.util.concurrent.ArrayBlockingQueue.take(ArrayBlockingQueue.java:403)&#10;        at java.util.concurrent.ThreadPoolExecutor.getTask(ThreadPoolExecutor.java:1074)&#10;        at java.util.concurrent.ThreadPoolExecutor.runWorker(ThreadPoolExecutor.java:1134)&#10;        at java.util.concurrent.ThreadPoolExecutor$Worker.run(ThreadPoolExecutor.java:624)&#10;        at java.lang.Thread.run(Thread.java:748)&#10;&quot;8c24ed06-386e-4085-8931-93c762a64530@group-B9DEF2EDD277-StateMachineUpdater&quot; daemon prio=5 tid=816 in Object.wait()&#10;java.lang.Thread.State: WAITING (on object monitor)&#10;        at java.lang.Object.wait(Native Method)&#10;        at java.lang.Object.wait(Object.java:502)&#10;        at org.apache.ratis.server.impl.StateMachineUpdater.waitForCommit(StateMachineUpdater.java:183)&#10;        at org.apache.ratis.server.impl.StateMachineUpdater.run(StateMachineUpdater.java:148)&#10;        at java.lang.Thread.run(Thread.java:748)&#10;&quot;metrics-hadoop-metrics2-reporter-52-thread-1&quot; daemon prio=5 tid=1803 timed_waiting&#10;java.lang.Thread.State: TIMED_WAITING&#10;        at sun.misc.Unsafe.park(Native Method)&#10;        at java.util.concurrent.locks.LockSupport.parkNanos(LockSupport.java:215)&#10;        at java.util.concurrent.locks.AbstractQueuedSynchronizer$ConditionObject.awaitNanos(AbstractQueuedSynchronizer.java:2078)&#10;        at java.util.concurrent.ScheduledThreadPoolExecutor$DelayedWorkQueue.take(ScheduledThreadPoolExecutor.java:1093)&#10;        at java.util.concurrent.ScheduledThreadPoolExecutor$DelayedWorkQueue.take(ScheduledThreadPoolExecutor.java:809)&#10;        at java.util.concurrent.ThreadPoolExecutor.getTask(ThreadPoolExecutor.java:1074)&#10;        at java.util.concurrent.ThreadPoolExecutor.runWorker(ThreadPoolExecutor.java:1134)&#10;        at java.util.concurrent.ThreadPoolExecutor$Worker.run(ThreadPoolExecutor.java:624)&#10;        at java.lang.Thread.run(Thread.java:748)&#10;&quot;d0888866-0bad-4f41-ad37-dccd4a57b958@group-F2E0294EDFC2-StateMachineUpdater&quot; daemon prio=5 tid=850 in Object.wait()&#10;java.lang.Thread.State: WAITING (on object monitor)&#10;        at java.lang.Object.wait(Native Method)&#10;        at java.lang.Object.wait(Object.java:502)&#10;        at org.apache.ratis.server.impl.StateMachineUpdater.waitForCommit(StateMachineUpdater.java:183)&#10;        at org.apache.ratis.server.impl.StateMachineUpdater.run(StateMachineUpdater.java:148)&#10;        at java.lang.Thread.run(Thread.java:748)&#10;&quot;grpc-default-executor-5&quot; daemon prio=5 tid=970 timed_waiting&#10;java.lang.Thread.State: TIMED_WAITING&#10;        at sun.misc.Unsafe.park(Native Method)&#10;        at java.util.concurrent.locks.LockSupport.parkNanos(LockSupport.java:215)&#10;        at java.util.concurrent.SynchronousQueue$TransferStack.awaitFulfill(SynchronousQueue.java:460)&#10;        at java.util.concurrent.SynchronousQueue$TransferStack.transfer(SynchronousQueue.java:362)&#10;        at java.util.concurrent.SynchronousQueue.poll(SynchronousQueue.java:941)&#10;        at java.util.concurrent.ThreadPoolExecutor.getTask(ThreadPoolExecutor.java:1073)&#10;        at java.util.concurrent.ThreadPoolExecutor.runWorker(ThreadPoolExecutor.java:1134)&#10;        at java.util.concurrent.ThreadPoolExecutor$Worker.run(ThreadPoolExecutor.java:624)&#10;        at java.lang.Thread.run(Thread.java:748)&#10;&quot;pool-56-thread-11&quot;  prio=5 tid=505 in Object.wait()&#10;java.lang.Thread.State: WAITING (on object monitor)&#10;        at sun.misc.Unsafe.park(Native Method)&#10;        at java.util.concurrent.locks.LockSupport.park(LockSupport.java:175)&#10;        at java.util.concurrent.locks.AbstractQueuedSynchronizer$ConditionObject.await(AbstractQueuedSynchronizer.java:2039)&#10;        at java.util.concurrent.ArrayBlockingQueue.take(ArrayBlockingQueue.java:403)&#10;        at java.util.concurrent.ThreadPoolExecutor.getTask(ThreadPoolExecutor.java:1074)&#10;        at java.util.concurrent.ThreadPoolExecutor.runWorker(ThreadPoolExecutor.java:1134)&#10;        at java.util.concurrent.ThreadPoolExecutor$Worker.run(ThreadPoolExecutor.java:624)&#10;        at java.lang.Thread.run(Thread.java:748)&#10;&quot;pool-36-thread-22&quot;  prio=5 tid=395 in Object.wait()&#10;java.lang.Thread.State: WAITING (on object monitor)&#10;        at sun.misc.Unsafe.park(Native Method)&#10;        at java.util.concurrent.locks.LockSupport.park(LockSupport.java:175)&#10;        at java.util.concurrent.locks.AbstractQueuedSynchronizer$ConditionObject.await(AbstractQueuedSynchronizer.java:2039)&#10;        at java.util.concurrent.ArrayBlockingQueue.take(ArrayBlockingQueue.java:403)&#10;        at java.util.concurrent.ThreadPoolExecutor.getTask(ThreadPoolExecutor.java:1074)&#10;        at java.util.concurrent.ThreadPoolExecutor.runWorker(ThreadPoolExecutor.java:1134)&#10;        at java.util.concurrent.ThreadPoolExecutor$Worker.run(ThreadPoolExecutor.java:624)&#10;        at java.lang.Thread.run(Thread.java:748)&#10;&quot;pool-36-thread-3&quot;  prio=5 tid=376 in Object.wait()&#10;java.lang.Thread.State: WAITING (on object monitor)&#10;        at sun.misc.Unsafe.park(Native Method)&#10;        at java.util.concurrent.locks.LockSupport.park(LockSupport.java:175)&#10;        at java.util.concurrent.locks.AbstractQueuedSynchronizer$ConditionObject.await(AbstractQueuedSynchronizer.java:2039)&#10;        at java.util.concurrent.ArrayBlockingQueue.take(ArrayBlockingQueue.java:403)&#10;        at java.util.concurrent.ThreadPoolExecutor.getTask(ThreadPoolExecutor.java:1074)&#10;        at java.util.concurrent.ThreadPoolExecutor.runWorker(ThreadPoolExecutor.java:1134)&#10;        at java.util.concurrent.ThreadPoolExecutor$Worker.run(ThreadPoolExecutor.java:624)&#10;        at java.lang.Thread.run(Thread.java:748)&#10;&quot;org.eclipse.jetty.server.session.HashSessionManager@2630dbc4Timer&quot; daemon prio=5 tid=275 timed_waiting&#10;java.lang.Thread.State: TIMED_WAITING&#10;        at sun.misc.Unsafe.park(Native Method)&#10;        at java.util.concurrent.locks.LockSupport.parkNanos(LockSupport.java:215)&#10;        at java.util.concurrent.locks.AbstractQueuedSynchronizer$ConditionObject.awaitNanos(AbstractQueuedSynchronizer.java:2078)&#10;        at java.util.concurrent.ScheduledThreadPoolExecutor$DelayedWorkQueue.take(ScheduledThreadPoolExecutor.java:1093)&#10;        at java.util.concurrent.ScheduledThreadPoolExecutor$DelayedWorkQueue.take(ScheduledThreadPoolExecutor.java:809)&#10;        at java.util.concurrent.ThreadPoolExecutor.getTask(ThreadPoolExecutor.java:1074)&#10;        at java.util.concurrent.ThreadPoolExecutor.runWorker(ThreadPoolExecutor.java:1134)&#10;        at java.util.concurrent.ThreadPoolExecutor$Worker.run(ThreadPoolExecutor.java:624)&#10;        at java.lang.Thread.run(Thread.java:748)&#10;&quot;IPC Server handler 1 on 40029&quot; daemon prio=5 tid=70 timed_waiting&#10;java.lang.Thread.State: TIMED_WAITING&#10;        at sun.misc.Unsafe.park(Native Method)&#10;        at java.util.concurrent.locks.LockSupport.parkNanos(LockSupport.java:215)&#10;        at java.util.concurrent.locks.AbstractQueuedSynchronizer$ConditionObject.awaitNanos(AbstractQueuedSynchronizer.java:2078)&#10;        at java.util.concurrent.LinkedBlockingQueue.poll(LinkedBlockingQueue.java:467)&#10;        at org.apache.hadoop.ipc.CallQueueManager.take(CallQueueManager.java:288)&#10;        at org.apache.hadoop.ipc.Server$Handler.run(Server.java:2668)&#10;&quot;d0888866-0bad-4f41-ad37-dccd4a57b958@group-DBE87B3B08CE-StateMachineUpdater&quot; daemon prio=5 tid=801 in Object.wait()&#10;java.lang.Thread.State: WAITING (on object monitor)&#10;        at java.lang.Object.wait(Native Method)&#10;        at java.lang.Object.wait(Object.java:502)&#10;        at org.apache.ratis.server.impl.StateMachineUpdater.waitForCommit(StateMachineUpdater.java:183)&#10;        at org.apache.ratis.server.impl.StateMachineUpdater.run(StateMachineUpdater.java:148)&#10;        at java.lang.Thread.run(Thread.java:748)&#10;&quot;pool-66-thread-22&quot;  prio=5 tid=584 in Object.wait()&#10;java.lang.Thread.State: WAITING (on object monitor)&#10;        at sun.misc.Unsafe.park(Native Method)&#10;        at java.util.concurrent.locks.LockSupport.park(LockSupport.java:175)&#10;        at java.util.concurrent.locks.AbstractQueuedSynchronizer$ConditionObject.await(AbstractQueuedSynchronizer.java:2039)&#10;        at java.util.concurrent.ArrayBlockingQueue.take(ArrayBlockingQueue.java:403)&#10;        at java.util.concurrent.ThreadPoolExecutor.getTask(ThreadPoolExecutor.java:1074)&#10;        at java.util.concurrent.ThreadPoolExecutor.runWorker(ThreadPoolExecutor.java:1134)&#10;        at java.util.concurrent.ThreadPoolExecutor$Worker.run(ThreadPoolExecutor.java:624)&#10;        at java.lang.Thread.run(Thread.java:748)&#10;&quot;pool-36-thread-5&quot;  prio=5 tid=378 in Object.wait()&#10;java.lang.Thread.State: WAITING (on object monitor)&#10;        at sun.misc.Unsafe.park(Native Method)&#10;        at java.util.concurrent.locks.LockSupport.park(LockSupport.java:175)&#10;        at java.util.concurrent.locks.AbstractQueuedSynchronizer$ConditionObject.await(AbstractQueuedSynchronizer.java:2039)&#10;        at java.util.concurrent.ArrayBlockingQueue.take(ArrayBlockingQueue.java:403)&#10;        at java.util.concurrent.ThreadPoolExecutor.getTask(ThreadPoolExecutor.java:1074)&#10;        at java.util.concurrent.ThreadPoolExecutor.runWorker(ThreadPoolExecutor.java:1134)&#10;        at java.util.concurrent.ThreadPoolExecutor$Worker.run(ThreadPoolExecutor.java:624)&#10;        at java.lang.Thread.run(Thread.java:748)&#10;&quot;pool-36-thread-14&quot;  prio=5 tid=387 in Object.wait()&#10;java.lang.Thread.State: WAITING (on object monitor)&#10;        at sun.misc.Unsafe.park(Native Method)&#10;        at java.util.concurrent.locks.LockSupport.park(LockSupport.java:175)&#10;        at java.util.concurrent.locks.AbstractQueuedSynchronizer$ConditionObject.await(AbstractQueuedSynchronizer.java:2039)&#10;        at java.util.concurrent.ArrayBlockingQueue.take(ArrayBlockingQueue.java:403)&#10;        at java.util.concurrent.ThreadPoolExecutor.getTask(ThreadPoolExecutor.java:1074)&#10;        at java.util.concurrent.ThreadPoolExecutor.runWorker(ThreadPoolExecutor.java:1134)&#10;        at java.util.concurrent.ThreadPoolExecutor$Worker.run(ThreadPoolExecutor.java:624)&#10;        at java.lang.Thread.run(Thread.java:748)&#10;&quot;IPC Server idle connection scanner for port 44461&quot; daemon prio=5 tid=111 timed_waiting&#10;java.lang.Thread.State: TIMED_WAITING&#10;        at java.lang.Object.wait(Native Method)&#10;        at java.util.TimerThread.mainLoop(Timer.java:552)&#10;        at java.util.TimerThread.run(Timer.java:505)&#10;&quot;java.util.concurrent.ThreadPoolExecutor$Worker@9a8bef8[State = -1, empty queue]&quot; daemon prio=5 tid=1851 timed_waiting&#10;java.lang.Thread.State: TIMED_WAITING&#10;        at sun.misc.Unsafe.park(Native Method)&#10;        at java.util.concurrent.locks.LockSupport.parkNanos(LockSupport.java:215)&#10;        at java.util.concurrent.locks.AbstractQueuedSynchronizer$ConditionObject.awaitNanos(AbstractQueuedSynchronizer.java:2078)&#10;        at java.util.concurrent.ScheduledThreadPoolExecutor$DelayedWorkQueue.take(ScheduledThreadPoolExecutor.java:1093)&#10;        at java.util.concurrent.ScheduledThreadPoolExecutor$DelayedWorkQueue.take(ScheduledThreadPoolExecutor.java:809)&#10;        at java.util.concurrent.ThreadPoolExecutor.getTask(ThreadPoolExecutor.java:1074)&#10;        at java.util.concurrent.ThreadPoolExecutor.runWorker(ThreadPoolExecutor.java:1134)&#10;        at java.util.concurrent.ThreadPoolExecutor$Worker.run(ThreadPoolExecutor.java:624)&#10;        at java.lang.Thread.run(Thread.java:748)&#10;&quot;pool-46-thread-1&quot;  prio=5 tid=434 in Object.wait()&#10;java.lang.Thread.State: WAITING (on object monitor)&#10;        at sun.misc.Unsafe.park(Native Method)&#10;        at java.util.concurrent.locks.LockSupport.park(LockSupport.java:175)&#10;        at java.util.concurrent.locks.AbstractQueuedSynchronizer$ConditionObject.await(AbstractQueuedSynchronizer.java:2039)&#10;        at java.util.concurrent.ArrayBlockingQueue.take(ArrayBlockingQueue.java:403)&#10;        at java.util.concurrent.ThreadPoolExecutor.getTask(ThreadPoolExecutor.java:1074)&#10;        at java.util.concurrent.ThreadPoolExecutor.runWorker(ThreadPoolExecutor.java:1134)&#10;        at java.util.concurrent.ThreadPoolExecutor$Worker.run(ThreadPoolExecutor.java:624)&#10;        at java.lang.Thread.run(Thread.java:748)&#10;&quot;pool-46-thread-43&quot;  prio=5 tid=476 in Object.wait()&#10;java.lang.Thread.State: WAITING (on object monitor)&#10;        at sun.misc.Unsafe.park(Native Method)&#10;        at java.util.concurrent.locks.LockSupport.park(LockSupport.java:175)&#10;        at java.util.concurrent.locks.AbstractQueuedSynchronizer$ConditionObject.await(AbstractQueuedSynchronizer.java:2039)&#10;        at java.util.concurrent.ArrayBlockingQueue.take(ArrayBlockingQueue.java:403)&#10;        at java.util.concurrent.ThreadPoolExecutor.getTask(ThreadPoolExecutor.java:1074)&#10;        at java.util.concurrent.ThreadPoolExecutor.runWorker(ThreadPoolExecutor.java:1134)&#10;        at java.util.concurrent.ThreadPoolExecutor$Worker.run(ThreadPoolExecutor.java:624)&#10;        at java.lang.Thread.run(Thread.java:748)&#10;&quot;d0888866-0bad-4f41-ad37-dccd4a57b958@group-282EF1BFFEE0-StateMachineUpdater&quot; daemon prio=5 tid=776 in Object.wait()&#10;java.lang.Thread.State: WAITING (on object monitor)&#10;        at java.lang.Object.wait(Native Method)&#10;        at java.lang.Object.wait(Object.java:502)&#10;        at org.apache.ratis.server.impl.StateMachineUpdater.waitForCommit(StateMachineUpdater.java:183)&#10;        at org.apache.ratis.server.impl.StateMachineUpdater.run(StateMachineUpdater.java:148)&#10;        at java.lang.Thread.run(Thread.java:748)&#10;&quot;metrics-hadoop-metrics2-reporter-47-thread-1&quot; daemon prio=5 tid=1042 timed_waiting&#10;java.lang.Thread.State: TIMED_WAITING&#10;        at sun.misc.Unsafe.park(Native Method)&#10;        at java.util.concurrent.locks.LockSupport.parkNanos(LockSupport.java:215)&#10;        at java.util.concurrent.locks.AbstractQueuedSynchronizer$ConditionObject.awaitNanos(AbstractQueuedSynchronizer.java:2078)&#10;        at java.util.concurrent.ScheduledThreadPoolExecutor$DelayedWorkQueue.take(ScheduledThreadPoolExecutor.java:1093)&#10;        at java.util.concurrent.ScheduledThreadPoolExecutor$DelayedWorkQueue.take(ScheduledThreadPoolExecutor.java:809)&#10;        at java.util.concurrent.ThreadPoolExecutor.getTask(ThreadPoolExecutor.java:1074)&#10;        at java.util.concurrent.ThreadPoolExecutor.runWorker(ThreadPoolExecutor.java:1134)&#10;        at java.util.concurrent.ThreadPoolExecutor$Worker.run(ThreadPoolExecutor.java:624)&#10;        at java.lang.Thread.run(Thread.java:748)&#10;&quot;pool-46-thread-4&quot;  prio=5 tid=437 in Object.wait()&#10;java.lang.Thread.State: WAITING (on object monitor)&#10;        at sun.misc.Unsafe.park(Native Method)&#10;        at java.util.concurrent.locks.LockSupport.park(LockSupport.java:175)&#10;        at java.util.concurrent.locks.AbstractQueuedSynchronizer$ConditionObject.await(AbstractQueuedSynchronizer.java:2039)&#10;        at java.util.concurrent.ArrayBlockingQueue.take(ArrayBlockingQueue.java:403)&#10;        at java.util.concurrent.ThreadPoolExecutor.getTask(ThreadPoolExecutor.java:1074)&#10;        at java.util.concurrent.ThreadPoolExecutor.runWorker(ThreadPoolExecutor.java:1134)&#10;        at java.util.concurrent.ThreadPoolExecutor$Worker.run(ThreadPoolExecutor.java:624)&#10;        at java.lang.Thread.run(Thread.java:748)&#10;&quot;pool-36-thread-18&quot;  prio=5 tid=391 in Object.wait()&#10;java.lang.Thread.State: WAITING (on object monitor)&#10;        at sun.misc.Unsafe.park(Native Method)&#10;        at java.util.concurrent.locks.LockSupport.park(LockSupport.java:175)&#10;        at java.util.concurrent.locks.AbstractQueuedSynchronizer$ConditionObject.await(AbstractQueuedSynchronizer.java:2039)&#10;        at java.util.concurrent.ArrayBlockingQueue.take(ArrayBlockingQueue.java:403)&#10;        at java.util.concurrent.ThreadPoolExecutor.getTask(ThreadPoolExecutor.java:1074)&#10;        at java.util.concurrent.ThreadPoolExecutor.runWorker(ThreadPoolExecutor.java:1134)&#10;        at java.util.concurrent.ThreadPoolExecutor$Worker.run(ThreadPoolExecutor.java:624)&#10;        at java.lang.Thread.run(Thread.java:748)&#10;&quot;qtp564272228-90&quot; daemon prio=5 tid=90 timed_waiting&#10;java.lang.Thread.State: TIMED_WAITING&#10;        at sun.misc.Unsafe.park(Native Method)&#10;        at java.util.concurrent.locks.LockSupport.parkNanos(LockSupport.java:215)&#10;        at java.util.concurrent.locks.AbstractQueuedSynchronizer$ConditionObject.awaitNanos(AbstractQueuedSynchronizer.java:2078)&#10;        at org.eclipse.jetty.util.BlockingArrayQueue.poll(BlockingArrayQueue.java:392)&#10;        at org.eclipse.jetty.util.thread.QueuedThreadPool.idleJobPoll(QueuedThreadPool.java:563)&#10;        at org.eclipse.jetty.util.thread.QueuedThreadPool.access$800(QueuedThreadPool.java:48)&#10;        at org.eclipse.jetty.util.thread.QueuedThreadPool$2.run(QueuedThreadPool.java:626)&#10;        at java.lang.Thread.run(Thread.java:748)&#10;&quot;pool-56-thread-18&quot;  prio=5 tid=512 in Object.wait()&#10;java.lang.Thread.State: WAITING (on object monitor)&#10;        at sun.misc.Unsafe.park(Native Method)&#10;        at java.util.concurrent.locks.LockSupport.park(LockSupport.java:175)&#10;        at java.util.concurrent.locks.AbstractQueuedSynchronizer$ConditionObject.await(AbstractQueuedSynchronizer.java:2039)&#10;        at java.util.concurrent.ArrayBlockingQueue.take(ArrayBlockingQueue.java:403)&#10;        at java.util.concurrent.ThreadPoolExecutor.getTask(ThreadPoolExecutor.java:1074)&#10;        at java.util.concurrent.ThreadPoolExecutor.runWorker(ThreadPoolExecutor.java:1134)&#10;        at java.util.concurrent.ThreadPoolExecutor$Worker.run(ThreadPoolExecutor.java:624)&#10;        at java.lang.Thread.run(Thread.java:748)&#10;&quot;pool-56-thread-6&quot;  prio=5 tid=500 in Object.wait()&#10;java.lang.Thread.State: WAITING (on object monitor)&#10;        at sun.misc.Unsafe.park(Native Method)&#10;        at java.util.concurrent.locks.LockSupport.park(LockSupport.java:175)&#10;        at java.util.concurrent.locks.AbstractQueuedSynchronizer$ConditionObject.await(AbstractQueuedSynchronizer.java:2039)&#10;        at java.util.concurrent.ArrayBlockingQueue.take(ArrayBlockingQueue.java:403)&#10;        at java.util.concurrent.ThreadPoolExecutor.getTask(ThreadPoolExecutor.java:1074)&#10;        at java.util.concurrent.ThreadPoolExecutor.runWorker(ThreadPoolExecutor.java:1134)&#10;        at java.util.concurrent.ThreadPoolExecutor$Worker.run(ThreadPoolExecutor.java:624)&#10;        at java.lang.Thread.run(Thread.java:748)&#10;&quot;pool-46-thread-20&quot;  prio=5 tid=453 in Object.wait()&#10;java.lang.Thread.State: WAITING (on object monitor)&#10;        at sun.misc.Unsafe.park(Native Method)&#10;        at java.util.concurrent.locks.LockSupport.park(LockSupport.java:175)&#10;        at java.util.concurrent.locks.AbstractQueuedSynchronizer$ConditionObject.await(AbstractQueuedSynchronizer.java:2039)&#10;        at java.util.concurrent.ArrayBlockingQueue.take(ArrayBlockingQueue.java:403)&#10;        at java.util.concurrent.ThreadPoolExecutor.getTask(ThreadPoolExecutor.java:1074)&#10;        at java.util.concurrent.ThreadPoolExecutor.runWorker(ThreadPoolExecutor.java:1134)&#10;        at java.util.concurrent.ThreadPoolExecutor$Worker.run(ThreadPoolExecutor.java:624)&#10;        at java.lang.Thread.run(Thread.java:748)&#10;&quot;d0888866-0bad-4f41-ad37-dccd4a57b958@group-071025EF7F78-SegmentedRaftLogWorker&quot;  prio=5 tid=877 timed_waiting&#10;java.lang.Thread.State: TIMED_WAITING&#10;        at sun.misc.Unsafe.park(Native Method)&#10;        at java.util.concurrent.locks.LockSupport.parkNanos(LockSupport.java:215)&#10;        at java.util.concurrent.locks.AbstractQueuedSynchronizer$ConditionObject.awaitNanos(AbstractQueuedSynchronizer.java:2078)&#10;        at org.apache.ratis.util.DataBlockingQueue.poll(DataBlockingQueue.java:137)&#10;        at org.apache.ratis.server.raftlog.segmented.SegmentedRaftLogWorker.run(SegmentedRaftLogWorker.java:283)&#10;        at java.lang.Thread.run(Thread.java:748)&#10;&quot;pool-66-thread-40&quot;  prio=5 tid=602 in Object.wait()&#10;java.lang.Thread.State: WAITING (on object monitor)&#10;        at sun.misc.Unsafe.park(Native Method)&#10;        at java.util.concurrent.locks.LockSupport.park(LockSupport.java:175)&#10;        at java.util.concurrent.locks.AbstractQueuedSynchronizer$ConditionObject.await(AbstractQueuedSynchronizer.java:2039)&#10;        at java.util.concurrent.ArrayBlockingQueue.take(ArrayBlockingQueue.java:403)&#10;        at java.util.concurrent.ThreadPoolExecutor.getTask(ThreadPoolExecutor.java:1074)&#10;        at java.util.concurrent.ThreadPoolExecutor.runWorker(ThreadPoolExecutor.java:1134)&#10;        at java.util.concurrent.ThreadPoolExecutor$Worker.run(ThreadPoolExecutor.java:624)&#10;        at java.lang.Thread.run(Thread.java:748)&#10;&quot;qtp564272228-96&quot; daemon prio=5 tid=96 timed_waiting&#10;java.lang.Thread.State: TIMED_WAITING&#10;        at sun.misc.Unsafe.park(Native Method)&#10;        at java.util.concurrent.locks.LockSupport.parkNanos(LockSupport.java:215)&#10;        at java.util.concurrent.locks.AbstractQueuedSynchronizer$ConditionObject.awaitNanos(AbstractQueuedSynchronizer.java:2078)&#10;        at org.eclipse.jetty.util.BlockingArrayQueue.poll(BlockingArrayQueue.java:392)&#10;        at org.eclipse.jetty.util.thread.QueuedThreadPool.idleJobPoll(QueuedThreadPool.java:563)&#10;        at org.eclipse.jetty.util.thread.QueuedThreadPool.access$800(QueuedThreadPool.java:48)&#10;        at org.eclipse.jetty.util.thread.QueuedThreadPool$2.run(QueuedThreadPool.java:626)&#10;        at java.lang.Thread.run(Thread.java:748)&#10;&quot;IPC Server handler 10 on 44461&quot; daemon prio=5 tid=125 timed_waiting&#10;java.lang.Thread.State: TIMED_WAITING&#10;        at sun.misc.Unsafe.park(Native Method)&#10;        at java.util.concurrent.locks.LockSupport.parkNanos(LockSupport.java:215)&#10;        at java.util.concurrent.locks.AbstractQueuedSynchronizer$ConditionObject.awaitNanos(AbstractQueuedSynchronizer.java:2078)&#10;        at java.util.concurrent.LinkedBlockingQueue.poll(LinkedBlockingQueue.java:467)&#10;        at org.apache.hadoop.ipc.CallQueueManager.take(CallQueueManager.java:288)&#10;        at org.apache.hadoop.ipc.Server$Handler.run(Server.java:2668)&#10;&quot;pool-44-thread-1&quot; daemon prio=5 tid=210 timed_waiting&#10;java.lang.Thread.State: TIMED_WAITING&#10;        at sun.misc.Unsafe.park(Native Method)&#10;        at java.util.concurrent.locks.LockSupport.parkNanos(LockSupport.java:215)&#10;        at java.util.concurrent.locks.AbstractQueuedSynchronizer$ConditionObject.awaitNanos(AbstractQueuedSynchronizer.java:2078)&#10;        at java.util.concurrent.ScheduledThreadPoolExecutor$DelayedWorkQueue.take(ScheduledThreadPoolExecutor.java:1093)&#10;        at java.util.concurrent.ScheduledThreadPoolExecutor$DelayedWorkQueue.take(ScheduledThreadPoolExecutor.java:809)&#10;        at java.util.concurrent.ThreadPoolExecutor.getTask(ThreadPoolExecutor.java:1074)&#10;        at java.util.concurrent.ThreadPoolExecutor.runWorker(ThreadPoolExecutor.java:1134)&#10;        at java.util.concurrent.ThreadPoolExecutor$Worker.run(ThreadPoolExecutor.java:624)&#10;        at java.lang.Thread.run(Thread.java:748)&#10;&quot;Socket Reader #1 for port 45005&quot;  prio=5 tid=23 runnable&#10;java.lang.Thread.State: RUNNABLE&#10;        at sun.nio.ch.EPollArrayWrapper.epollWait(Native Method)&#10;        at sun.nio.ch.EPollArrayWrapper.poll(EPollArrayWrapper.java:269)&#10;        at sun.nio.ch.EPollSelectorImpl.doSelect(EPollSelectorImpl.java:93)&#10;        at sun.nio.ch.SelectorImpl.lockAndDoSelect(SelectorImpl.java:86)&#10;        at sun.nio.ch.SelectorImpl.select(SelectorImpl.java:97)&#10;        at sun.nio.ch.SelectorImpl.select(SelectorImpl.java:101)&#10;        at org.apache.hadoop.ipc.Server$Listener$Reader.doRunLoop(Server.java:1097)&#10;        at org.apache.hadoop.ipc.Server$Listener$Reader.run(Server.java:1076)&#10;&quot;pool-26-thread-45&quot;  prio=5 tid=358 in Object.wait()&#10;java.lang.Thread.State: WAITING (on object monitor)&#10;        at sun.misc.Unsafe.park(Native Method)&#10;        at java.util.concurrent.locks.LockSupport.park(LockSupport.java:175)&#10;        at java.util.concurrent.locks.AbstractQueuedSynchronizer$ConditionObject.await(AbstractQueuedSynchronizer.java:2039)&#10;        at java.util.concurrent.ArrayBlockingQueue.take(ArrayBlockingQueue.java:403)&#10;        at java.util.concurrent.ThreadPoolExecutor.getTask(ThreadPoolExecutor.java:1074)&#10;        at java.util.concurrent.ThreadPoolExecutor.runWorker(ThreadPoolExecutor.java:1134)&#10;        at java.util.concurrent.ThreadPoolExecutor$Worker.run(ThreadPoolExecutor.java:624)&#10;        at java.lang.Thread.run(Thread.java:748)&#10;&quot;pool-26-thread-24&quot;  prio=5 tid=337 in Object.wait()&#10;java.lang.Thread.State: WAITING (on object monitor)&#10;        at sun.misc.Unsafe.park(Native Method)&#10;        at java.util.concurrent.locks.LockSupport.park(LockSupport.java:175)&#10;        at java.util.concurrent.locks.AbstractQueuedSynchronizer$ConditionObject.await(AbstractQueuedSynchronizer.java:2039)&#10;        at java.util.concurrent.ArrayBlockingQueue.take(ArrayBlockingQueue.java:403)&#10;        at java.util.concurrent.ThreadPoolExecutor.getTask(ThreadPoolExecutor.java:1074)&#10;        at java.util.concurrent.ThreadPoolExecutor.runWorker(ThreadPoolExecutor.java:1134)&#10;        at java.util.concurrent.ThreadPoolExecutor$Worker.run(ThreadPoolExecutor.java:624)&#10;        at java.lang.Thread.run(Thread.java:748)&#10;&quot;pool-36-thread-30&quot;  prio=5 tid=403 in Object.wait()&#10;java.lang.Thread.State: WAITING (on object monitor)&#10;        at sun.misc.Unsafe.park(Native Method)&#10;        at java.util.concurrent.locks.LockSupport.park(LockSupport.java:175)&#10;        at java.util.concurrent.locks.AbstractQueuedSynchronizer$ConditionObject.await(AbstractQueuedSynchronizer.java:2039)&#10;        at java.util.concurrent.ArrayBlockingQueue.take(ArrayBlockingQueue.java:403)&#10;        at java.util.concurrent.ThreadPoolExecutor.getTask(ThreadPoolExecutor.java:1074)&#10;        at java.util.concurrent.ThreadPoolExecutor.runWorker(ThreadPoolExecutor.java:1134)&#10;        at java.util.concurrent.ThreadPoolExecutor$Worker.run(ThreadPoolExecutor.java:624)&#10;        at java.lang.Thread.run(Thread.java:748)&#10;&quot;org.eclipse.jetty.server.session.HashSessionManager@32057e6Timer&quot; daemon prio=5 tid=97 timed_waiting&#10;java.lang.Thread.State: TIMED_WAITING&#10;        at sun.misc.Unsafe.park(Native Method)&#10;        at java.util.concurrent.locks.LockSupport.parkNanos(LockSupport.java:215)&#10;        at java.util.concurrent.locks.AbstractQueuedSynchronizer$ConditionObject.awaitNanos(AbstractQueuedSynchronizer.java:2078)&#10;        at java.util.concurrent.ScheduledThreadPoolExecutor$DelayedWorkQueue.take(ScheduledThreadPoolExecutor.java:1093)&#10;        at java.util.concurrent.ScheduledThreadPoolExecutor$DelayedWorkQueue.take(ScheduledThreadPoolExecutor.java:809)&#10;        at java.util.concurrent.ThreadPoolExecutor.getTask(ThreadPoolExecutor.java:1074)&#10;        at java.util.concurrent.ThreadPoolExecutor.runWorker(ThreadPoolExecutor.java:1134)&#10;        at java.util.concurrent.ThreadPoolExecutor$Worker.run(ThreadPoolExecutor.java:624)&#10;        at java.lang.Thread.run(Thread.java:748)&#10;&quot;pool-76-thread-26&quot;  prio=5 tid=650 in Object.wait()&#10;java.lang.Thread.State: WAITING (on object monitor)&#10;        at sun.misc.Unsafe.park(Native Method)&#10;        at java.util.concurrent.locks.LockSupport.park(LockSupport.java:175)&#10;        at java.util.concurrent.locks.AbstractQueuedSynchronizer$ConditionObject.await(AbstractQueuedSynchronizer.java:2039)&#10;        at java.util.concurrent.ArrayBlockingQueue.take(ArrayBlockingQueue.java:403)&#10;        at java.util.concurrent.ThreadPoolExecutor.getTask(ThreadPoolExecutor.java:1074)&#10;        at java.util.concurrent.ThreadPoolExecutor.runWorker(ThreadPoolExecutor.java:1134)&#10;        at java.util.concurrent.ThreadPoolExecutor$Worker.run(ThreadPoolExecutor.java:624)&#10;        at java.lang.Thread.run(Thread.java:748)&#10;&quot;pool-56-thread-60&quot;  prio=5 tid=554 in Object.wait()&#10;java.lang.Thread.State: WAITING (on object monitor)&#10;        at sun.misc.Unsafe.park(Native Method)&#10;        at java.util.concurrent.locks.LockSupport.park(LockSupport.java:175)&#10;        at java.util.concurrent.locks.AbstractQueuedSynchronizer$ConditionObject.await(AbstractQueuedSynchronizer.java:2039)&#10;        at java.util.concurrent.ArrayBlockingQueue.take(ArrayBlockingQueue.java:403)&#10;        at java.util.concurrent.ThreadPoolExecutor.getTask(ThreadPoolExecutor.java:1074)&#10;        at java.util.concurrent.ThreadPoolExecutor.runWorker(ThreadPoolExecutor.java:1134)&#10;        at java.util.concurrent.ThreadPoolExecutor$Worker.run(ThreadPoolExecutor.java:624)&#10;        at java.lang.Thread.run(Thread.java:748)&#10;&quot;pool-66-thread-58&quot;  prio=5 tid=620 in Object.wait()&#10;java.lang.Thread.State: WAITING (on object monitor)&#10;        at sun.misc.Unsafe.park(Native Method)&#10;        at java.util.concurrent.locks.LockSupport.park(LockSupport.java:175)&#10;        at java.util.concurrent.locks.AbstractQueuedSynchronizer$ConditionObject.await(AbstractQueuedSynchronizer.java:2039)&#10;        at java.util.concurrent.ArrayBlockingQueue.take(ArrayBlockingQueue.java:403)&#10;        at java.util.concurrent.ThreadPoolExecutor.getTask(ThreadPoolExecutor.java:1074)&#10;        at java.util.concurrent.ThreadPoolExecutor.runWorker(ThreadPoolExecutor.java:1134)&#10;        at java.util.concurrent.ThreadPoolExecutor$Worker.run(ThreadPoolExecutor.java:624)&#10;        at java.lang.Thread.run(Thread.java:748)&#10;&quot;e081c0a5-acfc-4a29-8262-ee158adf5b11@group-071025EF7F78-StateMachineUpdater&quot; daemon prio=5 tid=876 in Object.wait()&#10;java.lang.Thread.State: WAITING (on object monitor)&#10;        at java.lang.Object.wait(Native Method)&#10;        at java.lang.Object.wait(Object.java:502)&#10;        at org.apache.ratis.server.impl.StateMachineUpdater.waitForCommit(StateMachineUpdater.java:183)&#10;        at org.apache.ratis.server.impl.StateMachineUpdater.run(StateMachineUpdater.java:148)&#10;        at java.lang.Thread.run(Thread.java:748)&#10;&quot;pool-36-thread-42&quot;  prio=5 tid=415 in Object.wait()&#10;java.lang.Thread.State: WAITING (on object monitor)&#10;        at sun.misc.Unsafe.park(Native Method)&#10;        at java.util.concurrent.locks.LockSupport.park(LockSupport.java:175)&#10;        at java.util.concurrent.locks.AbstractQueuedSynchronizer$ConditionObject.await(AbstractQueuedSynchronizer.java:2039)&#10;        at java.util.concurrent.ArrayBlockingQueue.take(ArrayBlockingQueue.java:403)&#10;        at java.util.concurrent.ThreadPoolExecutor.getTask(ThreadPoolExecutor.java:1074)&#10;        at java.util.concurrent.ThreadPoolExecutor.runWorker(ThreadPoolExecutor.java:1134)&#10;        at java.util.concurrent.ThreadPoolExecutor$Worker.run(ThreadPoolExecutor.java:624)&#10;        at java.lang.Thread.run(Thread.java:748)&#10;&quot;Datanode ReportManager Thread - 2&quot; daemon prio=5 tid=173 timed_waiting&#10;java.lang.Thread.State: TIMED_WAITING&#10;        at sun.misc.Unsafe.park(Native Method)&#10;        at java.util.concurrent.locks.LockSupport.parkNanos(LockSupport.java:215)&#10;        at java.util.concurrent.locks.AbstractQueuedSynchronizer$ConditionObject.awaitNanos(AbstractQueuedSynchronizer.java:2078)&#10;        at java.util.concurrent.ScheduledThreadPoolExecutor$DelayedWorkQueue.take(ScheduledThreadPoolExecutor.java:1093)&#10;        at java.util.concurrent.ScheduledThreadPoolExecutor$DelayedWorkQueue.take(ScheduledThreadPoolExecutor.java:809)&#10;        at java.util.concurrent.ThreadPoolExecutor.getTask(ThreadPoolExecutor.java:1074)&#10;        at java.util.concurrent.ThreadPoolExecutor.runWorker(ThreadPoolExecutor.java:1134)&#10;        at java.util.concurrent.ThreadPoolExecutor$Worker.run(ThreadPoolExecutor.java:624)&#10;        at java.lang.Thread.run(Thread.java:748)&#10;&quot;metrics-hadoop-metrics2-reporter-27-thread-1&quot; daemon prio=5 tid=821 timed_waiting&#10;java.lang.Thread.State: TIMED_WAITING&#10;        at sun.misc.Unsafe.park(Native Method)&#10;        at java.util.concurrent.locks.LockSupport.parkNanos(LockSupport.java:215)&#10;        at java.util.concurrent.locks.AbstractQueuedSynchronizer$ConditionObject.awaitNanos(AbstractQueuedSynchronizer.java:2078)&#10;        at java.util.concurrent.ScheduledThreadPoolExecutor$DelayedWorkQueue.take(ScheduledThreadPoolExecutor.java:1093)&#10;        at java.util.concurrent.ScheduledThreadPoolExecutor$DelayedWorkQueue.take(ScheduledThreadPoolExecutor.java:809)&#10;        at java.util.concurrent.ThreadPoolExecutor.getTask(ThreadPoolExecutor.java:1074)&#10;        at java.util.concurrent.ThreadPoolExecutor.runWorker(ThreadPoolExecutor.java:1134)&#10;        at java.util.concurrent.ThreadPoolExecutor$Worker.run(ThreadPoolExecutor.java:624)&#10;        at java.lang.Thread.run(Thread.java:748)&#10;&quot;grpc-default-executor-14&quot; daemon prio=5 tid=979 timed_waiting&#10;java.lang.Thread.State: TIMED_WAITING&#10;        at sun.misc.Unsafe.park(Native Method)&#10;        at java.util.concurrent.locks.LockSupport.parkNanos(LockSupport.java:215)&#10;        at java.util.concurrent.SynchronousQueue$TransferStack.awaitFulfill(SynchronousQueue.java:460)&#10;        at java.util.concurrent.SynchronousQueue$TransferStack.transfer(SynchronousQueue.java:362)&#10;        at java.util.concurrent.SynchronousQueue.poll(SynchronousQueue.java:941)&#10;        at java.util.concurrent.ThreadPoolExecutor.getTask(ThreadPoolExecutor.java:1073)&#10;        at java.util.concurrent.ThreadPoolExecutor.runWorker(ThreadPoolExecutor.java:1134)&#10;        at java.util.concurrent.ThreadPoolExecutor$Worker.run(ThreadPoolExecutor.java:624)&#10;        at java.lang.Thread.run(Thread.java:748)&#10;&quot;pool-46-thread-55&quot;  prio=5 tid=488 in Object.wait()&#10;java.lang.Thread.State: WAITING (on object monitor)&#10;        at sun.misc.Unsafe.park(Native Method)&#10;        at java.util.concurrent.locks.LockSupport.park(LockSupport.java:175)&#10;        at java.util.concurrent.locks.AbstractQueuedSynchronizer$ConditionObject.await(AbstractQueuedSynchronizer.java:2039)&#10;        at java.util.concurrent.ArrayBlockingQueue.take(ArrayBlockingQueue.java:403)&#10;        at java.util.concurrent.ThreadPoolExecutor.getTask(ThreadPoolExecutor.java:1074)&#10;        at java.util.concurrent.ThreadPoolExecutor.runWorker(ThreadPoolExecutor.java:1134)&#10;        at java.util.concurrent.ThreadPoolExecutor$Worker.run(ThreadPoolExecutor.java:624)&#10;        at java.lang.Thread.run(Thread.java:748)&#10;&quot;pool-36-thread-32&quot;  prio=5 tid=405 in Object.wait()&#10;java.lang.Thread.State: WAITING (on object monitor)&#10;        at sun.misc.Unsafe.park(Native Method)&#10;        at java.util.concurrent.locks.LockSupport.park(LockSupport.java:175)&#10;        at java.util.concurrent.locks.AbstractQueuedSynchronizer$ConditionObject.await(AbstractQueuedSynchronizer.java:2039)&#10;        at java.util.concurrent.ArrayBlockingQueue.take(ArrayBlockingQueue.java:403)&#10;        at java.util.concurrent.ThreadPoolExecutor.getTask(ThreadPoolExecutor.java:1074)&#10;        at java.util.concurrent.ThreadPoolExecutor.runWorker(ThreadPoolExecutor.java:1134)&#10;        at java.util.concurrent.ThreadPoolExecutor$Worker.run(ThreadPoolExecutor.java:624)&#10;        at java.lang.Thread.run(Thread.java:748)&#10;&quot;e081c0a5-acfc-4a29-8262-ee158adf5b11@group-BF1BD4D8076C-SegmentedRaftLogWorker&quot;  prio=5 tid=744 timed_waiting&#10;java.lang.Thread.State: TIMED_WAITING&#10;        at sun.misc.Unsafe.park(Native Method)&#10;        at java.util.concurrent.locks.LockSupport.parkNanos(LockSupport.java:215)&#10;        at java.util.concurrent.locks.AbstractQueuedSynchronizer$ConditionObject.awaitNanos(AbstractQueuedSynchronizer.java:2078)&#10;        at org.apache.ratis.util.DataBlockingQueue.poll(DataBlockingQueue.java:137)&#10;        at org.apache.ratis.server.raftlog.segmented.SegmentedRaftLogWorker.run(SegmentedRaftLogWorker.java:283)&#10;        at java.lang.Thread.run(Thread.java:748)&#10;&quot;metrics-hadoop-metrics2-reporter-21-thread-1&quot; daemon prio=5 tid=792 timed_waiting&#10;java.lang.Thread.State: TIMED_WAITING&#10;        at sun.misc.Unsafe.park(Native Method)&#10;        at java.util.concurrent.locks.LockSupport.parkNanos(LockSupport.java:215)&#10;        at java.util.concurrent.locks.AbstractQueuedSynchronizer$ConditionObject.awaitNanos(AbstractQueuedSynchronizer.java:2078)&#10;        at java.util.concurrent.ScheduledThreadPoolExecutor$DelayedWorkQueue.take(ScheduledThreadPoolExecutor.java:1093)&#10;        at java.util.concurrent.ScheduledThreadPoolExecutor$DelayedWorkQueue.take(ScheduledThreadPoolExecutor.java:809)&#10;        at java.util.concurrent.ThreadPoolExecutor.getTask(ThreadPoolExecutor.java:1074)&#10;        at java.util.concurrent.ThreadPoolExecutor.runWorker(ThreadPoolExecutor.java:1134)&#10;        at java.util.concurrent.ThreadPoolExecutor$Worker.run(ThreadPoolExecutor.java:624)&#10;        at java.lang.Thread.run(Thread.java:748)&#10;&quot;org.apache.hadoop.util.JvmPauseMonitor$Monitor@3e7d12e5&quot; daemon prio=5 tid=203 timed_waiting&#10;java.lang.Thread.State: TIMED_WAITING&#10;        at java.lang.Thread.sleep(Native Method)&#10;        at org.apache.hadoop.util.JvmPauseMonitor$Monitor.run(JvmPauseMonitor.java:192)&#10;        at java.lang.Thread.run(Thread.java:748)&#10;&quot;grpc-default-executor-18&quot; daemon prio=5 tid=1861 timed_waiting&#10;java.lang.Thread.State: TIMED_WAITING&#10;        at sun.misc.Unsafe.park(Native Method)&#10;        at java.util.concurrent.locks.LockSupport.parkNanos(LockSupport.java:215)&#10;        at java.util.concurrent.SynchronousQueue$TransferStack.awaitFulfill(SynchronousQueue.java:460)&#10;        at java.util.concurrent.SynchronousQueue$TransferStack.transfer(SynchronousQueue.java:362)&#10;        at java.util.concurrent.SynchronousQueue.poll(SynchronousQueue.java:941)&#10;        at java.util.concurrent.ThreadPoolExecutor.getTask(ThreadPoolExecutor.java:1073)&#10;        at java.util.concurrent.ThreadPoolExecutor.runWorker(ThreadPoolExecutor.java:1134)&#10;        at java.util.concurrent.ThreadPoolExecutor$Worker.run(ThreadPoolExecutor.java:624)&#10;        at java.lang.Thread.run(Thread.java:748)&#10;&quot;qtp219192399-161&quot; daemon prio=5 tid=161 timed_waiting&#10;java.lang.Thread.State: TIMED_WAITING&#10;        at sun.misc.Unsafe.park(Native Method)&#10;        at java.util.concurrent.locks.LockSupport.parkNanos(LockSupport.java:215)&#10;        at java.util.concurrent.locks.AbstractQueuedSynchronizer$ConditionObject.awaitNanos(AbstractQueuedSynchronizer.java:2078)&#10;        at org.eclipse.jetty.util.BlockingArrayQueue.poll(BlockingArrayQueue.java:392)&#10;        at org.eclipse.jetty.util.thread.QueuedThreadPool.idleJobPoll(QueuedThreadPool.java:563)&#10;        at org.eclipse.jetty.util.thread.QueuedThreadPool.access$800(QueuedThreadPool.java:48)&#10;        at org.eclipse.jetty.util.thread.QueuedThreadPool$2.run(QueuedThreadPool.java:626)&#10;        at java.lang.Thread.run(Thread.java:748)&#10;&quot;pool-76-thread-47&quot;  prio=5 tid=671 in Object.wait()&#10;java.lang.Thread.State: WAITING (on object monitor)&#10;        at sun.misc.Unsafe.park(Native Method)&#10;        at java.util.concurrent.locks.LockSupport.park(LockSupport.java:175)&#10;        at java.util.concurrent.locks.AbstractQueuedSynchronizer$ConditionObject.await(AbstractQueuedSynchronizer.java:2039)&#10;        at java.util.concurrent.ArrayBlockingQueue.take(ArrayBlockingQueue.java:403)&#10;        at java.util.concurrent.ThreadPoolExecutor.getTask(ThreadPoolExecutor.java:1074)&#10;        at java.util.concurrent.ThreadPoolExecutor.runWorker(ThreadPoolExecutor.java:1134)&#10;        at java.util.concurrent.ThreadPoolExecutor$Worker.run(ThreadPoolExecutor.java:624)&#10;        at java.lang.Thread.run(Thread.java:748)&#10;&quot;pool-36-thread-60&quot;  prio=5 tid=433 in Object.wait()&#10;java.lang.Thread.State: WAITING (on object monitor)&#10;        at sun.misc.Unsafe.park(Native Method)&#10;        at java.util.concurrent.locks.LockSupport.park(LockSupport.java:175)&#10;        at java.util.concurrent.locks.AbstractQueuedSynchronizer$ConditionObject.await(AbstractQueuedSynchronizer.java:2039)&#10;        at java.util.concurrent.ArrayBlockingQueue.take(ArrayBlockingQueue.java:403)&#10;        at java.util.concurrent.ThreadPoolExecutor.getTask(ThreadPoolExecutor.java:1074)&#10;        at java.util.concurrent.ThreadPoolExecutor.runWorker(ThreadPoolExecutor.java:1134)&#10;        at java.util.concurrent.ThreadPoolExecutor$Worker.run(ThreadPoolExecutor.java:624)&#10;        at java.lang.Thread.run(Thread.java:748)&#10;&quot;pool-56-thread-55&quot;  prio=5 tid=549 in Object.wait()&#10;java.lang.Thread.State: WAITING (on object monitor)&#10;        at sun.misc.Unsafe.park(Native Method)&#10;        at java.util.concurrent.locks.LockSupport.park(LockSupport.java:175)&#10;        at java.util.concurrent.locks.AbstractQueuedSynchronizer$ConditionObject.await(AbstractQueuedSynchronizer.java:2039)&#10;        at java.util.concurrent.ArrayBlockingQueue.take(ArrayBlockingQueue.java:403)&#10;        at java.util.concurrent.ThreadPoolExecutor.getTask(ThreadPoolExecutor.java:1074)&#10;        at java.util.concurrent.ThreadPoolExecutor.runWorker(ThreadPoolExecutor.java:1134)&#10;        at java.util.concurrent.ThreadPoolExecutor$Worker.run(ThreadPoolExecutor.java:624)&#10;        at java.lang.Thread.run(Thread.java:748)&#10;&quot;pool-36-thread-48&quot;  prio=5 tid=421 in Object.wait()&#10;java.lang.Thread.State: WAITING (on object monitor)&#10;        at sun.misc.Unsafe.park(Native Method)&#10;        at java.util.concurrent.locks.LockSupport.park(LockSupport.java:175)&#10;        at java.util.concurrent.locks.AbstractQueuedSynchronizer$ConditionObject.await(AbstractQueuedSynchronizer.java:2039)&#10;        at java.util.concurrent.ArrayBlockingQueue.take(ArrayBlockingQueue.java:403)&#10;        at java.util.concurrent.ThreadPoolExecutor.getTask(ThreadPoolExecutor.java:1074)&#10;        at java.util.concurrent.ThreadPoolExecutor.runWorker(ThreadPoolExecutor.java:1134)&#10;        at java.util.concurrent.ThreadPoolExecutor$Worker.run(ThreadPoolExecutor.java:624)&#10;        at java.lang.Thread.run(Thread.java:748)&#10;&quot;org.eclipse.jetty.server.session.HashSessionManager@62dbe64eTimer&quot; daemon prio=5 tid=196 timed_waiting&#10;java.lang.Thread.State: TIMED_WAITING&#10;        at sun.misc.Unsafe.park(Native Method)&#10;        at java.util.concurrent.locks.LockSupport.parkNanos(LockSupport.java:215)&#10;        at java.util.concurrent.locks.AbstractQueuedSynchronizer$ConditionObject.awaitNanos(AbstractQueuedSynchronizer.java:2078)&#10;        at java.util.concurrent.ScheduledThreadPoolExecutor$DelayedWorkQueue.take(ScheduledThreadPoolExecutor.java:1093)&#10;        at java.util.concurrent.ScheduledThreadPoolExecutor$DelayedWorkQueue.take(ScheduledThreadPoolExecutor.java:809)&#10;        at java.util.concurrent.ThreadPoolExecutor.getTask(ThreadPoolExecutor.java:1074)&#10;        at java.util.concurrent.ThreadPoolExecutor.runWorker(ThreadPoolExecutor.java:1134)&#10;        at java.util.concurrent.ThreadPoolExecutor$Worker.run(ThreadPoolExecutor.java:624)&#10;        at java.lang.Thread.run(Thread.java:748)&#10;&quot;SCMBlockDeletingService#0&quot; daemon prio=5 tid=101 timed_waiting&#10;java.lang.Thread.State: TIMED_WAITING&#10;        at sun.misc.Unsafe.park(Native Method)&#10;        at java.util.concurrent.locks.LockSupport.parkNanos(LockSupport.java:215)&#10;        at java.util.concurrent.locks.AbstractQueuedSynchronizer$ConditionObject.awaitNanos(AbstractQueuedSynchronizer.java:2078)&#10;        at java.util.concurrent.ScheduledThreadPoolExecutor$DelayedWorkQueue.take(ScheduledThreadPoolExecutor.java:1093)&#10;        at java.util.concurrent.ScheduledThreadPoolExecutor$DelayedWorkQueue.take(ScheduledThreadPoolExecutor.java:809)&#10;        at java.util.concurrent.ThreadPoolExecutor.getTask(ThreadPoolExecutor.java:1074)&#10;        at java.util.concurrent.ThreadPoolExecutor.runWorker(ThreadPoolExecutor.java:1134)&#10;        at java.util.concurrent.ThreadPoolExecutor$Worker.run(ThreadPoolExecutor.java:624)&#10;        at java.lang.Thread.run(Thread.java:748)&#10;&quot;Thread-1219&quot; daemon prio=5 tid=1811 timed_waiting&#10;java.lang.Thread.State: TIMED_WAITING&#10;        at sun.misc.Unsafe.park(Native Method)&#10;        at java.util.concurrent.locks.LockSupport.parkNanos(LockSupport.java:215)&#10;        at java.util.concurrent.locks.AbstractQueuedSynchronizer$ConditionObject.awaitNanos(AbstractQueuedSynchronizer.java:2078)&#10;        at java.util.concurrent.ArrayBlockingQueue.poll(ArrayBlockingQueue.java:418)&#10;        at org.apache.ratis.server.impl.LeaderState$EventQueue.poll(LeaderState.java:115)&#10;        at org.apache.ratis.server.impl.LeaderState$EventProcessor.run(LeaderState.java:457)&#10;&quot;pool-76-thread-46&quot;  prio=5 tid=670 in Object.wait()&#10;java.lang.Thread.State: WAITING (on object monitor)&#10;        at sun.misc.Unsafe.park(Native Method)&#10;        at java.util.concurrent.locks.LockSupport.park(LockSupport.java:175)&#10;        at java.util.concurrent.locks.AbstractQueuedSynchronizer$ConditionObject.await(AbstractQueuedSynchronizer.java:2039)&#10;        at java.util.concurrent.ArrayBlockingQueue.take(ArrayBlockingQueue.java:403)&#10;        at java.util.concurrent.ThreadPoolExecutor.getTask(ThreadPoolExecutor.java:1074)&#10;        at java.util.concurrent.ThreadPoolExecutor.runWorker(ThreadPoolExecutor.java:1134)&#10;        at java.util.concurrent.ThreadPoolExecutor$Worker.run(ThreadPoolExecutor.java:624)&#10;        at java.lang.Thread.run(Thread.java:748)&#10;&quot;metrics-hadoop-metrics2-reporter-14-thread-1&quot; daemon prio=5 tid=759 timed_waiting&#10;java.lang.Thread.State: TIMED_WAITING&#10;        at sun.misc.Unsafe.park(Native Method)&#10;        at java.util.concurrent.locks.LockSupport.parkNanos(LockSupport.java:215)&#10;        at java.util.concurrent.locks.AbstractQueuedSynchronizer$ConditionObject.awaitNanos(AbstractQueuedSynchronizer.java:2078)&#10;        at java.util.concurrent.ScheduledThreadPoolExecutor$DelayedWorkQueue.take(ScheduledThreadPoolExecutor.java:1093)&#10;        at java.util.concurrent.ScheduledThreadPoolExecutor$DelayedWorkQueue.take(ScheduledThreadPoolExecutor.java:809)&#10;        at java.util.concurrent.ThreadPoolExecutor.getTask(ThreadPoolExecutor.java:1074)&#10;        at java.util.concurrent.ThreadPoolExecutor.runWorker(ThreadPoolExecutor.java:1134)&#10;        at java.util.concurrent.ThreadPoolExecutor$Worker.run(ThreadPoolExecutor.java:624)&#10;        at java.lang.Thread.run(Thread.java:748)&#10;&quot;pool-26-thread-10&quot;  prio=5 tid=323 in Object.wait()&#10;java.lang.Thread.State: WAITING (on object monitor)&#10;        at sun.misc.Unsafe.park(Native Method)&#10;        at java.util.concurrent.locks.LockSupport.park(LockSupport.java:175)&#10;        at java.util.concurrent.locks.AbstractQueuedSynchronizer$ConditionObject.await(AbstractQueuedSynchronizer.java:2039)&#10;        at java.util.concurrent.ArrayBlockingQueue.take(ArrayBlockingQueue.java:403)&#10;        at java.util.concurrent.ThreadPoolExecutor.getTask(ThreadPoolExecutor.java:1074)&#10;        at java.util.concurrent.ThreadPoolExecutor.runWorker(ThreadPoolExecutor.java:1134)&#10;        at java.util.concurrent.ThreadPoolExecutor$Worker.run(ThreadPoolExecutor.java:624)&#10;        at java.lang.Thread.run(Thread.java:748)&#10;&quot;metrics-hadoop-metrics2-reporter-7-thread-1&quot; daemon prio=5 tid=728 timed_waiting&#10;java.lang.Thread.State: TIMED_WAITING&#10;        at sun.misc.Unsafe.park(Native Method)&#10;        at java.util.concurrent.locks.LockSupport.parkNanos(LockSupport.java:215)&#10;        at java.util.concurrent.locks.AbstractQueuedSynchronizer$ConditionObject.awaitNanos(AbstractQueuedSynchronizer.java:2078)&#10;        at java.util.concurrent.ScheduledThreadPoolExecutor$DelayedWorkQueue.take(ScheduledThreadPoolExecutor.java:1093)&#10;        at java.util.concurrent.ScheduledThreadPoolExecutor$DelayedWorkQueue.take(ScheduledThreadPoolExecutor.java:809)&#10;        at java.util.concurrent.ThreadPoolExecutor.getTask(ThreadPoolExecutor.java:1074)&#10;        at java.util.concurrent.ThreadPoolExecutor.runWorker(ThreadPoolExecutor.java:1134)&#10;        at java.util.concurrent.ThreadPoolExecutor$Worker.run(ThreadPoolExecutor.java:624)&#10;        at java.lang.Thread.run(Thread.java:748)&#10;&quot;pool-56-thread-54&quot;  prio=5 tid=548 in Object.wait()&#10;java.lang.Thread.State: WAITING (on object monitor)&#10;        at sun.misc.Unsafe.park(Native Method)&#10;        at java.util.concurrent.locks.LockSupport.park(LockSupport.java:175)&#10;        at java.util.concurrent.locks.AbstractQueuedSynchronizer$ConditionObject.await(AbstractQueuedSynchronizer.java:2039)&#10;        at java.util.concurrent.ArrayBlockingQueue.take(ArrayBlockingQueue.java:403)&#10;        at java.util.concurrent.ThreadPoolExecutor.getTask(ThreadPoolExecutor.java:1074)&#10;        at java.util.concurrent.ThreadPoolExecutor.runWorker(ThreadPoolExecutor.java:1134)&#10;        at java.util.concurrent.ThreadPoolExecutor$Worker.run(ThreadPoolExecutor.java:624)&#10;        at java.lang.Thread.run(Thread.java:748)&#10;&quot;IPC Server listener on 40029&quot; daemon prio=5 tid=14 runnable&#10;java.lang.Thread.State: RUNNABLE&#10;        at sun.nio.ch.EPollArrayWrapper.epollWait(Native Method)&#10;        at sun.nio.ch.EPollArrayWrapper.poll(EPollArrayWrapper.java:269)&#10;        at sun.nio.ch.EPollSelectorImpl.doSelect(EPollSelectorImpl.java:93)&#10;        at sun.nio.ch.SelectorImpl.lockAndDoSelect(SelectorImpl.java:86)&#10;        at sun.nio.ch.SelectorImpl.select(SelectorImpl.java:97)&#10;        at sun.nio.ch.SelectorImpl.select(SelectorImpl.java:101)&#10;        at org.apache.hadoop.ipc.Server$Listener.run(Server.java:1159)&#10;&quot;BlockDeletingService#1&quot; daemon prio=5 tid=686 timed_waiting&#10;java.lang.Thread.State: TIMED_WAITING&#10;        at sun.misc.Unsafe.park(Native Method)&#10;        at java.util.concurrent.locks.LockSupport.parkNanos(LockSupport.java:215)&#10;        at java.util.concurrent.locks.AbstractQueuedSynchronizer$ConditionObject.awaitNanos(AbstractQueuedSynchronizer.java:2078)&#10;        at java.util.concurrent.ScheduledThreadPoolExecutor$DelayedWorkQueue.take(ScheduledThreadPoolExecutor.java:1093)&#10;        at java.util.concurrent.ScheduledThreadPoolExecutor$DelayedWorkQueue.take(ScheduledThreadPoolExecutor.java:809)&#10;        at java.util.concurrent.ThreadPoolExecutor.getTask(ThreadPoolExecutor.java:1074)&#10;        at java.util.concurrent.ThreadPoolExecutor.runWorker(ThreadPoolExecutor.java:1134)&#10;        at java.util.concurrent.ThreadPoolExecutor$Worker.run(ThreadPoolExecutor.java:624)&#10;        at java.lang.Thread.run(Thread.java:748)&#10;&quot;pool-66-thread-26&quot;  prio=5 tid=588 in Object.wait()&#10;java.lang.Thread.State: WAITING (on object monitor)&#10;        at sun.misc.Unsafe.park(Native Method)&#10;        at java.util.concurrent.locks.LockSupport.park(LockSupport.java:175)&#10;        at java.util.concurrent.locks.AbstractQueuedSynchronizer$ConditionObject.await(AbstractQueuedSynchronizer.java:2039)&#10;        at java.util.concurrent.ArrayBlockingQueue.take(ArrayBlockingQueue.java:403)&#10;        at java.util.concurrent.ThreadPoolExecutor.getTask(ThreadPoolExecutor.java:1074)&#10;        at java.util.concurrent.ThreadPoolExecutor.runWorker(ThreadPoolExecutor.java:1134)&#10;        at java.util.concurrent.ThreadPoolExecutor$Worker.run(ThreadPoolExecutor.java:624)&#10;        at java.lang.Thread.run(Thread.java:748)&#10;&quot;qtp1235908203-138&quot; daemon prio=5 tid=138 timed_waiting&#10;java.lang.Thread.State: TIMED_WAITING&#10;        at sun.misc.Unsafe.park(Native Method)&#10;        at java.util.concurrent.locks.LockSupport.parkNanos(LockSupport.java:215)&#10;        at java.util.concurrent.locks.AbstractQueuedSynchronizer$ConditionObject.awaitNanos(AbstractQueuedSynchronizer.java:2078)&#10;        at org.eclipse.jetty.util.BlockingArrayQueue.poll(BlockingArrayQueue.java:392)&#10;        at org.eclipse.jetty.util.thread.QueuedThreadPool.idleJobPoll(QueuedThreadPool.java:563)&#10;        at org.eclipse.jetty.util.thread.QueuedThreadPool.access$800(QueuedThreadPool.java:48)&#10;        at org.eclipse.jetty.util.thread.QueuedThreadPool$2.run(QueuedThreadPool.java:626)&#10;        at java.lang.Thread.run(Thread.java:748)&#10;&quot;Periodic HDDS volume checker&quot;  prio=5 tid=287 timed_waiting&#10;java.lang.Thread.State: TIMED_WAITING&#10;        at sun.misc.Unsafe.park(Native Method)&#10;        at java.util.concurrent.locks.LockSupport.parkNanos(LockSupport.java:215)&#10;        at java.util.concurrent.locks.AbstractQueuedSynchronizer$ConditionObject.awaitNanos(AbstractQueuedSynchronizer.java:2078)&#10;        at java.util.concurrent.ScheduledThreadPoolExecutor$DelayedWorkQueue.take(ScheduledThreadPoolExecutor.java:1093)&#10;        at java.util.concurrent.ScheduledThreadPoolExecutor$DelayedWorkQueue.take(ScheduledThreadPoolExecutor.java:809)&#10;        at java.util.concurrent.ThreadPoolExecutor.getTask(ThreadPoolExecutor.java:1074)&#10;        at java.util.concurrent.ThreadPoolExecutor.runWorker(ThreadPoolExecutor.java:1134)&#10;        at java.util.concurrent.ThreadPoolExecutor$Worker.run(ThreadPoolExecutor.java:624)&#10;        at java.lang.Thread.run(Thread.java:748)&#10;&quot;KeyDeletingService#0&quot; daemon prio=5 tid=106 timed_waiting&#10;java.lang.Thread.State: TIMED_WAITING&#10;        at sun.misc.Unsafe.park(Native Method)&#10;        at java.util.concurrent.locks.LockSupport.parkNanos(LockSupport.java:215)&#10;        at java.util.concurrent.locks.AbstractQueuedSynchronizer$ConditionObject.awaitNanos(AbstractQueuedSynchronizer.java:2078)&#10;        at java.util.concurrent.ScheduledThreadPoolExecutor$DelayedWorkQueue.take(ScheduledThreadPoolExecutor.java:1093)&#10;        at java.util.concurrent.ScheduledThreadPoolExecutor$DelayedWorkQueue.take(ScheduledThreadPoolExecutor.java:809)&#10;        at java.util.concurrent.ThreadPoolExecutor.getTask(ThreadPoolExecutor.java:1074)&#10;        at java.util.concurrent.ThreadPoolExecutor.runWorker(ThreadPoolExecutor.java:1134)&#10;        at java.util.concurrent.ThreadPoolExecutor$Worker.run(ThreadPoolExecutor.java:624)&#10;        at java.lang.Thread.run(Thread.java:748)&#10;&quot;pool-56-thread-14&quot;  prio=5 tid=508 in Object.wait()&#10;java.lang.Thread.State: WAITING (on object monitor)&#10;        at sun.misc.Unsafe.park(Native Method)&#10;        at java.util.concurrent.locks.LockSupport.park(LockSupport.java:175)&#10;        at java.util.concurrent.locks.AbstractQueuedSynchronizer$ConditionObject.await(AbstractQueuedSynchronizer.java:2039)&#10;        at java.util.concurrent.ArrayBlockingQueue.take(ArrayBlockingQueue.java:403)&#10;        at java.util.concurrent.ThreadPoolExecutor.getTask(ThreadPoolExecutor.java:1074)&#10;        at java.util.concurrent.ThreadPoolExecutor.runWorker(ThreadPoolExecutor.java:1134)&#10;        at java.util.concurrent.ThreadPoolExecutor$Worker.run(ThreadPoolExecutor.java:624)&#10;        at java.lang.Thread.run(Thread.java:748)&#10;&quot;IPC Server handler 13 on 45005&quot; daemon prio=5 tid=42 timed_waiting&#10;java.lang.Thread.State: TIMED_WAITING&#10;        at sun.misc.Unsafe.park(Native Method)&#10;        at java.util.concurrent.locks.LockSupport.parkNanos(LockSupport.java:215)&#10;        at java.util.concurrent.locks.AbstractQueuedSynchronizer$ConditionObject.awaitNanos(AbstractQueuedSynchronizer.java:2078)&#10;        at java.util.concurrent.LinkedBlockingQueue.poll(LinkedBlockingQueue.java:467)&#10;        at org.apache.hadoop.ipc.CallQueueManager.take(CallQueueManager.java:288)&#10;        at org.apache.hadoop.ipc.Server$Handler.run(Server.java:2668)&#10;&quot;pool-26-thread-27&quot;  prio=5 tid=340 in Object.wait()&#10;java.lang.Thread.State: WAITING (on object monitor)&#10;        at sun.misc.Unsafe.park(Native Method)&#10;        at java.util.concurrent.locks.LockSupport.park(LockSupport.java:175)&#10;        at java.util.concurrent.locks.AbstractQueuedSynchronizer$ConditionObject.await(AbstractQueuedSynchronizer.java:2039)&#10;        at java.util.concurrent.ArrayBlockingQueue.take(ArrayBlockingQueue.java:403)&#10;        at java.util.concurrent.ThreadPoolExecutor.getTask(ThreadPoolExecutor.java:1074)&#10;        at java.util.concurrent.ThreadPoolExecutor.runWorker(ThreadPoolExecutor.java:1134)&#10;        at java.util.concurrent.ThreadPoolExecutor$Worker.run(ThreadPoolExecutor.java:624)&#10;        at java.lang.Thread.run(Thread.java:748)&#10;&quot;IPC Server Responder&quot; daemon prio=5 tid=112 runnable&#10;java.lang.Thread.State: RUNNABLE&#10;        at sun.nio.ch.EPollArrayWrapper.epollWait(Native Method)&#10;        at sun.nio.ch.EPollArrayWrapper.poll(EPollArrayWrapper.java:269)&#10;        at sun.nio.ch.EPollSelectorImpl.doSelect(EPollSelectorImpl.java:93)&#10;        at sun.nio.ch.SelectorImpl.lockAndDoSelect(SelectorImpl.java:86)&#10;        at sun.nio.ch.SelectorImpl.select(SelectorImpl.java:97)&#10;        at org.apache.hadoop.ipc.Server$Responder.doRunLoop(Server.java:1334)&#10;        at org.apache.hadoop.ipc.Server$Responder.run(Server.java:1317)&#10;&quot;Datanode ReportManager Thread - 2&quot; daemon prio=5 tid=254 timed_waiting&#10;java.lang.Thread.State: TIMED_WAITING&#10;        at sun.misc.Unsafe.park(Native Method)&#10;        at java.util.concurrent.locks.LockSupport.parkNanos(LockSupport.java:215)&#10;        at java.util.concurrent.locks.AbstractQueuedSynchronizer$ConditionObject.awaitNanos(AbstractQueuedSynchronizer.java:2078)&#10;        at java.util.concurrent.ScheduledThreadPoolExecutor$DelayedWorkQueue.take(ScheduledThreadPoolExecutor.java:1093)&#10;        at java.util.concurrent.ScheduledThreadPoolExecutor$DelayedWorkQueue.take(ScheduledThreadPoolExecutor.java:809)&#10;        at java.util.concurrent.ThreadPoolExecutor.getTask(ThreadPoolExecutor.java:1074)&#10;        at java.util.concurrent.ThreadPoolExecutor.runWorker(ThreadPoolExecutor.java:1134)&#10;        at java.util.concurrent.ThreadPoolExecutor$Worker.run(ThreadPoolExecutor.java:624)&#10;        at java.lang.Thread.run(Thread.java:748)&#10;&quot;pool-56-thread-50&quot;  prio=5 tid=544 in Object.wait()&#10;java.lang.Thread.State: WAITING (on object monitor)&#10;        at sun.misc.Unsafe.park(Native Method)&#10;        at java.util.concurrent.locks.LockSupport.park(LockSupport.java:175)&#10;        at java.util.concurrent.locks.AbstractQueuedSynchronizer$ConditionObject.await(AbstractQueuedSynchronizer.java:2039)&#10;        at java.util.concurrent.ArrayBlockingQueue.take(ArrayBlockingQueue.java:403)&#10;        at java.util.concurrent.ThreadPoolExecutor.getTask(ThreadPoolExecutor.java:1074)&#10;        at java.util.concurrent.ThreadPoolExecutor.runWorker(ThreadPoolExecutor.java:1134)&#10;        at java.util.concurrent.ThreadPoolExecutor$Worker.run(ThreadPoolExecutor.java:624)&#10;        at java.lang.Thread.run(Thread.java:748)&#10;&quot;IPC Server handler 5 on 44461&quot; daemon prio=5 tid=120 timed_waiting&#10;java.lang.Thread.State: TIMED_WAITING&#10;        at sun.misc.Unsafe.park(Native Method)&#10;        at java.util.concurrent.locks.LockSupport.parkNanos(LockSupport.java:215)&#10;        at java.util.concurrent.locks.AbstractQueuedSynchronizer$ConditionObject.awaitNanos(AbstractQueuedSynchronizer.java:2078)&#10;        at java.util.concurrent.LinkedBlockingQueue.poll(LinkedBlockingQueue.java:467)&#10;        at org.apache.hadoop.ipc.CallQueueManager.take(CallQueueManager.java:288)&#10;        at org.apache.hadoop.ipc.Server$Handler.run(Server.java:2668)&#10;&quot;BlockDeletingService#1&quot; daemon prio=5 tid=560 timed_waiting&#10;java.lang.Thread.State: TIMED_WAITING&#10;        at sun.misc.Unsafe.park(Native Method)&#10;        at java.util.concurrent.locks.LockSupport.parkNanos(LockSupport.java:215)&#10;        at java.util.concurrent.locks.AbstractQueuedSynchronizer$ConditionObject.awaitNanos(AbstractQueuedSynchronizer.java:2078)&#10;        at java.util.concurrent.ScheduledThreadPoolExecutor$DelayedWorkQueue.take(ScheduledThreadPoolExecutor.java:1093)&#10;        at java.util.concurrent.ScheduledThreadPoolExecutor$DelayedWorkQueue.take(ScheduledThreadPoolExecutor.java:809)&#10;        at java.util.concurrent.ThreadPoolExecutor.getTask(ThreadPoolExecutor.java:1074)&#10;        at java.util.concurrent.ThreadPoolExecutor.runWorker(ThreadPoolExecutor.java:1134)&#10;        at java.util.concurrent.ThreadPoolExecutor$Worker.run(ThreadPoolExecutor.java:624)&#10;        at java.lang.Thread.run(Thread.java:748)&#10;&quot;metrics-hadoop-metrics2-reporter-9-thread-1&quot; daemon prio=5 tid=737 timed_waiting&#10;java.lang.Thread.State: TIMED_WAITING&#10;        at sun.misc.Unsafe.park(Native Method)&#10;        at java.util.concurrent.locks.LockSupport.parkNanos(LockSupport.java:215)&#10;        at java.util.concurrent.locks.AbstractQueuedSynchronizer$ConditionObject.awaitNanos(AbstractQueuedSynchronizer.java:2078)&#10;        at java.util.concurrent.ScheduledThreadPoolExecutor$DelayedWorkQueue.take(ScheduledThreadPoolExecutor.java:1093)&#10;        at java.util.concurrent.ScheduledThreadPoolExecutor$DelayedWorkQueue.take(ScheduledThreadPoolExecutor.java:809)&#10;        at java.util.concurrent.ThreadPoolExecutor.getTask(ThreadPoolExecutor.java:1074)&#10;        at java.util.concurrent.ThreadPoolExecutor.runWorker(ThreadPoolExecutor.java:1134)&#10;        at java.util.concurrent.ThreadPoolExecutor$Worker.run(ThreadPoolExecutor.java:624)&#10;        at java.lang.Thread.run(Thread.java:748)&#10;&quot;pool-74-thread-1&quot; daemon prio=5 tid=291 timed_waiting&#10;java.lang.Thread.State: TIMED_WAITING&#10;        at sun.misc.Unsafe.park(Native Method)&#10;        at java.util.concurrent.locks.LockSupport.parkNanos(LockSupport.java:215)&#10;        at java.util.concurrent.locks.AbstractQueuedSynchronizer$ConditionObject.awaitNanos(AbstractQueuedSynchronizer.java:2078)&#10;        at java.util.concurrent.ScheduledThreadPoolExecutor$DelayedWorkQueue.take(ScheduledThreadPoolExecutor.java:1093)&#10;        at java.util.concurrent.ScheduledThreadPoolExecutor$DelayedWorkQueue.take(ScheduledThreadPoolExecutor.java:809)&#10;        at java.util.concurrent.ThreadPoolExecutor.getTask(ThreadPoolExecutor.java:1074)&#10;        at java.util.concurrent.ThreadPoolExecutor.runWorker(ThreadPoolExecutor.java:1134)&#10;        at java.util.concurrent.ThreadPoolExecutor$Worker.run(ThreadPoolExecutor.java:624)&#10;        at java.lang.Thread.run(Thread.java:748)&#10;&quot;pool-46-thread-50&quot;  prio=5 tid=483 in Object.wait()&#10;java.lang.Thread.State: WAITING (on object monitor)&#10;        at sun.misc.Unsafe.park(Native Method)&#10;        at java.util.concurrent.locks.LockSupport.park(LockSupport.java:175)&#10;        at java.util.concurrent.locks.AbstractQueuedSynchronizer$ConditionObject.await(AbstractQueuedSynchronizer.java:2039)&#10;        at java.util.concurrent.ArrayBlockingQueue.take(ArrayBlockingQueue.java:403)&#10;        at java.util.concurrent.ThreadPoolExecutor.getTask(ThreadPoolExecutor.java:1074)&#10;        at java.util.concurrent.ThreadPoolExecutor.runWorker(ThreadPoolExecutor.java:1134)&#10;        at java.util.concurrent.ThreadPoolExecutor$Worker.run(ThreadPoolExecutor.java:624)&#10;        at java.lang.Thread.run(Thread.java:748)&#10;&quot;b7064b77-9271-4e94-8225-85d895886efb@group-6E9EB1C0F638-StateMachineUpdater&quot; daemon prio=5 tid=866 in Object.wait()&#10;java.lang.Thread.State: WAITING (on object monitor)&#10;        at java.lang.Object.wait(Native Method)&#10;        at java.lang.Object.wait(Object.java:502)&#10;        at org.apache.ratis.server.impl.StateMachineUpdater.waitForCommit(StateMachineUpdater.java:183)&#10;        at org.apache.ratis.server.impl.StateMachineUpdater.run(StateMachineUpdater.java:148)&#10;        at java.lang.Thread.run(Thread.java:748)&#10;&quot;pool-36-thread-21&quot;  prio=5 tid=394 in Object.wait()&#10;java.lang.Thread.State: WAITING (on object monitor)&#10;        at sun.misc.Unsafe.park(Native Method)&#10;        at java.util.concurrent.locks.LockSupport.park(LockSupport.java:175)&#10;        at java.util.concurrent.locks.AbstractQueuedSynchronizer$ConditionObject.await(AbstractQueuedSynchronizer.java:2039)&#10;        at java.util.concurrent.ArrayBlockingQueue.take(ArrayBlockingQueue.java:403)&#10;        at java.util.concurrent.ThreadPoolExecutor.getTask(ThreadPoolExecutor.java:1074)&#10;        at java.util.concurrent.ThreadPoolExecutor.runWorker(ThreadPoolExecutor.java:1134)&#10;        at java.util.concurrent.ThreadPoolExecutor$Worker.run(ThreadPoolExecutor.java:624)&#10;        at java.lang.Thread.run(Thread.java:748)&#10;&quot;pool-56-thread-22&quot;  prio=5 tid=516 in Object.wait()&#10;java.lang.Thread.State: WAITING (on object monitor)&#10;        at sun.misc.Unsafe.park(Native Method)&#10;        at java.util.concurrent.locks.LockSupport.park(LockSupport.java:175)&#10;        at java.util.concurrent.locks.AbstractQueuedSynchronizer$ConditionObject.await(AbstractQueuedSynchronizer.java:2039)&#10;        at java.util.concurrent.ArrayBlockingQueue.take(ArrayBlockingQueue.java:403)&#10;        at java.util.concurrent.ThreadPoolExecutor.getTask(ThreadPoolExecutor.java:1074)&#10;        at java.util.concurrent.ThreadPoolExecutor.runWorker(ThreadPoolExecutor.java:1134)&#10;        at java.util.concurrent.ThreadPoolExecutor$Worker.run(ThreadPoolExecutor.java:624)&#10;        at java.lang.Thread.run(Thread.java:748)&#10;&quot;pool-46-thread-16&quot;  prio=5 tid=449 in Object.wait()&#10;java.lang.Thread.State: WAITING (on object monitor)&#10;        at sun.misc.Unsafe.park(Native Method)&#10;        at java.util.concurrent.locks.LockSupport.park(LockSupport.java:175)&#10;        at java.util.concurrent.locks.AbstractQueuedSynchronizer$ConditionObject.await(AbstractQueuedSynchronizer.java:2039)&#10;        at java.util.concurrent.ArrayBlockingQueue.take(ArrayBlockingQueue.java:403)&#10;        at java.util.concurrent.ThreadPoolExecutor.getTask(ThreadPoolExecutor.java:1074)&#10;        at java.util.concurrent.ThreadPoolExecutor.runWorker(ThreadPoolExecutor.java:1134)&#10;        at java.util.concurrent.ThreadPoolExecutor$Worker.run(ThreadPoolExecutor.java:624)&#10;        at java.lang.Thread.run(Thread.java:748)&#10;&quot;pool-56-thread-17&quot;  prio=5 tid=511 in Object.wait()&#10;java.lang.Thread.State: WAITING (on object monitor)&#10;        at sun.misc.Unsafe.park(Native Method)&#10;        at java.util.concurrent.locks.LockSupport.park(LockSupport.java:175)&#10;        at java.util.concurrent.locks.AbstractQueuedSynchronizer$ConditionObject.await(AbstractQueuedSynchronizer.java:2039)&#10;        at java.util.concurrent.ArrayBlockingQueue.take(ArrayBlockingQueue.java:403)&#10;        at java.util.concurrent.ThreadPoolExecutor.getTask(ThreadPoolExecutor.java:1074)&#10;        at java.util.concurrent.ThreadPoolExecutor.runWorker(ThreadPoolExecutor.java:1134)&#10;        at java.util.concurrent.ThreadPoolExecutor$Worker.run(ThreadPoolExecutor.java:624)&#10;        at java.lang.Thread.run(Thread.java:748)&#10;&quot;a7d59ef6-3eca-4628-b097-12d983444e7f@group-282EF1BFFEE0-SegmentedRaftLogWorker&quot;  prio=5 tid=770 timed_waiting&#10;java.lang.Thread.State: TIMED_WAITING&#10;        at sun.misc.Unsafe.park(Native Method)&#10;        at java.util.concurrent.locks.LockSupport.parkNanos(LockSupport.java:215)&#10;        at java.util.concurrent.locks.AbstractQueuedSynchronizer$ConditionObject.awaitNanos(AbstractQueuedSynchronizer.java:2078)&#10;        at org.apache.ratis.util.DataBlockingQueue.poll(DataBlockingQueue.java:137)&#10;        at org.apache.ratis.server.raftlog.segmented.SegmentedRaftLogWorker.run(SegmentedRaftLogWorker.java:283)&#10;        at java.lang.Thread.run(Thread.java:748)&#10;&quot;pool-56-thread-49&quot;  prio=5 tid=543 in Object.wait()&#10;java.lang.Thread.State: WAITING (on object monitor)&#10;        at sun.misc.Unsafe.park(Native Method)&#10;        at java.util.concurrent.locks.LockSupport.park(LockSupport.java:175)&#10;        at java.util.concurrent.locks.AbstractQueuedSynchronizer$ConditionObject.await(AbstractQueuedSynchronizer.java:2039)&#10;        at java.util.concurrent.ArrayBlockingQueue.take(ArrayBlockingQueue.java:403)&#10;        at java.util.concurrent.ThreadPoolExecutor.getTask(ThreadPoolExecutor.java:1074)&#10;        at java.util.concurrent.ThreadPoolExecutor.runWorker(ThreadPoolExecutor.java:1134)&#10;        at java.util.concurrent.ThreadPoolExecutor$Worker.run(ThreadPoolExecutor.java:624)&#10;        at java.lang.Thread.run(Thread.java:748)&#10;&quot;pool-66-thread-49&quot;  prio=5 tid=611 in Object.wait()&#10;java.lang.Thread.State: WAITING (on object monitor)&#10;        at sun.misc.Unsafe.park(Native Method)&#10;        at java.util.concurrent.locks.LockSupport.park(LockSupport.java:175)&#10;        at java.util.concurrent.locks.AbstractQueuedSynchronizer$ConditionObject.await(AbstractQueuedSynchronizer.java:2039)&#10;        at java.util.concurrent.ArrayBlockingQueue.take(ArrayBlockingQueue.java:403)&#10;        at java.util.concurrent.ThreadPoolExecutor.getTask(ThreadPoolExecutor.java:1074)&#10;        at java.util.concurrent.ThreadPoolExecutor.runWorker(ThreadPoolExecutor.java:1134)&#10;        at java.util.concurrent.ThreadPoolExecutor$Worker.run(ThreadPoolExecutor.java:624)&#10;        at java.lang.Thread.run(Thread.java:748)&#10;&quot;pool-66-thread-27&quot;  prio=5 tid=589 in Object.wait()&#10;java.lang.Thread.State: WAITING (on object monitor)&#10;        at sun.misc.Unsafe.park(Native Method)&#10;        at java.util.concurrent.locks.LockSupport.park(LockSupport.java:175)&#10;        at java.util.concurrent.locks.AbstractQueuedSynchronizer$ConditionObject.await(AbstractQueuedSynchronizer.java:2039)&#10;        at java.util.concurrent.ArrayBlockingQueue.take(ArrayBlockingQueue.java:403)&#10;        at java.util.concurrent.ThreadPoolExecutor.getTask(ThreadPoolExecutor.java:1074)&#10;        at java.util.concurrent.ThreadPoolExecutor.runWorker(ThreadPoolExecutor.java:1134)&#10;        at java.util.concurrent.ThreadPoolExecutor$Worker.run(ThreadPoolExecutor.java:624)&#10;        at java.lang.Thread.run(Thread.java:748)&#10;&quot;BlockDeletingService#0&quot; daemon prio=5 tid=685 in Object.wait()&#10;java.lang.Thread.State: WAITING (on object monitor)&#10;        at sun.misc.Unsafe.park(Native Method)&#10;        at java.util.concurrent.locks.LockSupport.park(LockSupport.java:175)&#10;        at java.util.concurrent.locks.AbstractQueuedSynchronizer$ConditionObject.await(AbstractQueuedSynchronizer.java:2039)&#10;        at java.util.concurrent.ScheduledThreadPoolExecutor$DelayedWorkQueue.take(ScheduledThreadPoolExecutor.java:1088)&#10;        at java.util.concurrent.ScheduledThreadPoolExecutor$DelayedWorkQueue.take(ScheduledThreadPoolExecutor.java:809)&#10;        at java.util.concurrent.ThreadPoolExecutor.getTask(ThreadPoolExecutor.java:1074)&#10;        at java.util.concurrent.ThreadPoolExecutor.runWorker(ThreadPoolExecutor.java:1134)&#10;        at java.util.concurrent.ThreadPoolExecutor$Worker.run(ThreadPoolExecutor.java:624)&#10;        at java.lang.Thread.run(Thread.java:748)&#10;&quot;metrics-hadoop-metrics2-reporter-18-thread-1&quot; daemon prio=5 tid=777 timed_waiting&#10;java.lang.Thread.State: TIMED_WAITING&#10;        at sun.misc.Unsafe.park(Native Method)&#10;        at java.util.concurrent.locks.LockSupport.parkNanos(LockSupport.java:215)&#10;        at java.util.concurrent.locks.AbstractQueuedSynchronizer$ConditionObject.awaitNanos(AbstractQueuedSynchronizer.java:2078)&#10;        at java.util.concurrent.ScheduledThreadPoolExecutor$DelayedWorkQueue.take(ScheduledThreadPoolExecutor.java:1093)&#10;        at java.util.concurrent.ScheduledThreadPoolExecutor$DelayedWorkQueue.take(ScheduledThreadPoolExecutor.java:809)&#10;        at java.util.concurrent.ThreadPoolExecutor.getTask(ThreadPoolExecutor.java:1074)&#10;        at java.util.concurrent.ThreadPoolExecutor.runWorker(ThreadPoolExecutor.java:1134)&#10;        at java.util.concurrent.ThreadPoolExecutor$Worker.run(ThreadPoolExecutor.java:624)&#10;        at java.lang.Thread.run(Thread.java:748)&#10;&quot;Datanode ReportManager Thread - 1&quot; daemon prio=5 tid=280 in Object.wait()&#10;java.lang.Thread.State: WAITING (on object monitor)&#10;        at sun.misc.Unsafe.park(Native Method)&#10;        at java.util.concurrent.locks.LockSupport.park(LockSupport.java:175)&#10;        at java.util.concurrent.locks.AbstractQueuedSynchronizer$ConditionObject.await(AbstractQueuedSynchronizer.java:2039)&#10;        at java.util.concurrent.ScheduledThreadPoolExecutor$DelayedWorkQueue.take(ScheduledThreadPoolExecutor.java:1088)&#10;        at java.util.concurrent.ScheduledThreadPoolExecutor$DelayedWorkQueue.take(ScheduledThreadPoolExecutor.java:809)&#10;        at java.util.concurrent.ThreadPoolExecutor.getTask(ThreadPoolExecutor.java:1074)&#10;        at java.util.concurrent.ThreadPoolExecutor.runWorker(ThreadPoolExecutor.java:1134)&#10;        at java.util.concurrent.ThreadPoolExecutor$Worker.run(ThreadPoolExecutor.java:624)&#10;        at java.lang.Thread.run(Thread.java:748)&#10;&quot;qtp1235908203-143&quot; daemon prio=5 tid=143 timed_waiting&#10;java.lang.Thread.State: TIMED_WAITING&#10;        at sun.misc.Unsafe.park(Native Method)&#10;        at java.util.concurrent.locks.LockSupport.parkNanos(LockSupport.java:215)&#10;        at java.util.concurrent.locks.AbstractQueuedSynchronizer$ConditionObject.awaitNanos(AbstractQueuedSynchronizer.java:2078)&#10;        at org.eclipse.jetty.util.BlockingArrayQueue.poll(BlockingArrayQueue.java:392)&#10;        at org.eclipse.jetty.util.thread.QueuedThreadPool.idleJobPoll(QueuedThreadPool.java:563)&#10;        at org.eclipse.jetty.util.thread.QueuedThreadPool.access$800(QueuedThreadPool.java:48)&#10;        at org.eclipse.jetty.util.thread.QueuedThreadPool$2.run(QueuedThreadPool.java:626)&#10;        at java.lang.Thread.run(Thread.java:748)&#10;&quot;BlockDeletingService#0&quot; daemon prio=5 tid=623 in Object.wait()&#10;java.lang.Thread.State: WAITING (on object monitor)&#10;        at sun.misc.Unsafe.park(Native Method)&#10;        at java.util.concurrent.locks.LockSupport.park(LockSupport.java:175)&#10;        at java.util.concurrent.locks.AbstractQueuedSynchronizer$ConditionObject.await(AbstractQueuedSynchronizer.java:2039)&#10;        at java.util.concurrent.ScheduledThreadPoolExecutor$DelayedWorkQueue.take(ScheduledThreadPoolExecutor.java:1088)&#10;        at java.util.concurrent.ScheduledThreadPoolExecutor$DelayedWorkQueue.take(ScheduledThreadPoolExecutor.java:809)&#10;        at java.util.concurrent.ThreadPoolExecutor.getTask(ThreadPoolExecutor.java:1074)&#10;        at java.util.concurrent.ThreadPoolExecutor.runWorker(ThreadPoolExecutor.java:1134)&#10;        at java.util.concurrent.ThreadPoolExecutor$Worker.run(ThreadPoolExecutor.java:624)&#10;        at java.lang.Thread.run(Thread.java:748)&#10;&quot;pool-66-thread-56&quot;  prio=5 tid=618 in Object.wait()&#10;java.lang.Thread.State: WAITING (on object monitor)&#10;        at sun.misc.Unsafe.park(Native Method)&#10;        at java.util.concurrent.locks.LockSupport.park(LockSupport.java:175)&#10;        at java.util.concurrent.locks.AbstractQueuedSynchronizer$ConditionObject.await(AbstractQueuedSynchronizer.java:2039)&#10;        at java.util.concurrent.ArrayBlockingQueue.take(ArrayBlockingQueue.java:403)&#10;        at java.util.concurrent.ThreadPoolExecutor.getTask(ThreadPoolExecutor.java:1074)&#10;        at java.util.concurrent.ThreadPoolExecutor.runWorker(ThreadPoolExecutor.java:1134)&#10;        at java.util.concurrent.ThreadPoolExecutor$Worker.run(ThreadPoolExecutor.java:624)&#10;        at java.lang.Thread.run(Thread.java:748)&#10;&quot;Datanode ReportManager Thread - 0&quot; daemon prio=5 tid=306 in Object.wait()&#10;java.lang.Thread.State: WAITING (on object monitor)&#10;        at sun.misc.Unsafe.park(Native Method)&#10;        at java.util.concurrent.locks.LockSupport.park(LockSupport.java:175)&#10;        at java.util.concurrent.locks.AbstractQueuedSynchronizer$ConditionObject.await(AbstractQueuedSynchronizer.java:2039)&#10;        at java.util.concurrent.ScheduledThreadPoolExecutor$DelayedWorkQueue.take(ScheduledThreadPoolExecutor.java:1088)&#10;        at java.util.concurrent.ScheduledThreadPoolExecutor$DelayedWorkQueue.take(ScheduledThreadPoolExecutor.java:809)&#10;        at java.util.concurrent.ThreadPoolExecutor.getTask(ThreadPoolExecutor.java:1074)&#10;        at java.util.concurrent.ThreadPoolExecutor.runWorker(ThreadPoolExecutor.java:1134)&#10;        at java.util.concurrent.ThreadPoolExecutor$Worker.run(ThreadPoolExecutor.java:624)&#10;        at java.lang.Thread.run(Thread.java:748)&#10;&quot;19e67e26-3d21-4d01-be9f-29113a4a814c@group-25E28834D101-SegmentedRaftLogWorker&quot;  prio=5 tid=713 timed_waiting&#10;java.lang.Thread.State: TIMED_WAITING&#10;        at sun.misc.Unsafe.park(Native Method)&#10;        at java.util.concurrent.locks.LockSupport.parkNanos(LockSupport.java:215)&#10;        at java.util.concurrent.locks.AbstractQueuedSynchronizer$ConditionObject.awaitNanos(AbstractQueuedSynchronizer.java:2078)&#10;        at org.apache.ratis.util.DataBlockingQueue.poll(DataBlockingQueue.java:137)&#10;        at org.apache.ratis.server.raftlog.segmented.SegmentedRaftLogWorker.run(SegmentedRaftLogWorker.java:283)&#10;        at java.lang.Thread.run(Thread.java:748)&#10;&quot;metrics-hadoop-metrics2-reporter-11-thread-1&quot; daemon prio=5 tid=743 timed_waiting&#10;java.lang.Thread.State: TIMED_WAITING&#10;        at sun.misc.Unsafe.park(Native Method)&#10;        at java.util.concurrent.locks.LockSupport.parkNanos(LockSupport.java:215)&#10;        at java.util.concurrent.locks.AbstractQueuedSynchronizer$ConditionObject.awaitNanos(AbstractQueuedSynchronizer.java:2078)&#10;        at java.util.concurrent.ScheduledThreadPoolExecutor$DelayedWorkQueue.take(ScheduledThreadPoolExecutor.java:1093)&#10;        at java.util.concurrent.ScheduledThreadPoolExecutor$DelayedWorkQueue.take(ScheduledThreadPoolExecutor.java:809)&#10;        at java.util.concurrent.ThreadPoolExecutor.getTask(ThreadPoolExecutor.java:1074)&#10;        at java.util.concurrent.ThreadPoolExecutor.runWorker(ThreadPoolExecutor.java:1134)&#10;        at java.util.concurrent.ThreadPoolExecutor$Worker.run(ThreadPoolExecutor.java:624)&#10;        at java.lang.Thread.run(Thread.java:748)&#10;&quot;IPC Server handler 9 on 37215&quot; daemon prio=5 tid=58 timed_waiting&#10;java.lang.Thread.State: TIMED_WAITING&#10;        at sun.misc.Unsafe.park(Native Method)&#10;        at java.util.concurrent.locks.LockSupport.parkNanos(LockSupport.java:215)&#10;        at java.util.concurrent.locks.AbstractQueuedSynchronizer$ConditionObject.awaitNanos(AbstractQueuedSynchronizer.java:2078)&#10;        at java.util.concurrent.LinkedBlockingQueue.poll(LinkedBlockingQueue.java:467)&#10;        at org.apache.hadoop.ipc.CallQueueManager.take(CallQueueManager.java:288)&#10;        at org.apache.hadoop.ipc.Server$Handler.run(Server.java:2668)&#10;&quot;e081c0a5-acfc-4a29-8262-ee158adf5b11@group-4519217FD965-StateMachineUpdater&quot; daemon prio=5 tid=891 in Object.wait()&#10;java.lang.Thread.State: WAITING (on object monitor)&#10;        at java.lang.Object.wait(Native Method)&#10;        at java.lang.Object.wait(Object.java:502)&#10;        at org.apache.ratis.server.impl.StateMachineUpdater.waitForCommit(StateMachineUpdater.java:183)&#10;        at org.apache.ratis.server.impl.StateMachineUpdater.run(StateMachineUpdater.java:148)&#10;        at java.lang.Thread.run(Thread.java:748)&#10;&quot;pool-76-thread-40&quot;  prio=5 tid=664 in Object.wait()&#10;java.lang.Thread.State: WAITING (on object monitor)&#10;        at sun.misc.Unsafe.park(Native Method)&#10;        at java.util.concurrent.locks.LockSupport.park(LockSupport.java:175)&#10;        at java.util.concurrent.locks.AbstractQueuedSynchronizer$ConditionObject.await(AbstractQueuedSynchronizer.java:2039)&#10;        at java.util.concurrent.ArrayBlockingQueue.take(ArrayBlockingQueue.java:403)&#10;        at java.util.concurrent.ThreadPoolExecutor.getTask(ThreadPoolExecutor.java:1074)&#10;        at java.util.concurrent.ThreadPoolExecutor.runWorker(ThreadPoolExecutor.java:1134)&#10;        at java.util.concurrent.ThreadPoolExecutor$Worker.run(ThreadPoolExecutor.java:624)&#10;        at java.lang.Thread.run(Thread.java:748)&#10;&quot;b7064b77-9271-4e94-8225-85d895886efb@group-CDCB2C8C105A-StateMachineUpdater&quot; daemon prio=5 tid=722 in Object.wait()&#10;java.lang.Thread.State: WAITING (on object monitor)&#10;        at java.lang.Object.wait(Native Method)&#10;        at java.lang.Object.wait(Object.java:502)&#10;        at org.apache.ratis.server.impl.StateMachineUpdater.waitForCommit(StateMachineUpdater.java:183)&#10;        at org.apache.ratis.server.impl.StateMachineUpdater.run(StateMachineUpdater.java:148)&#10;        at java.lang.Thread.run(Thread.java:748)&#10;&quot;metrics-hadoop-metrics2-reporter-43-thread-1&quot; daemon prio=5 tid=902 timed_waiting&#10;java.lang.Thread.State: TIMED_WAITING&#10;        at sun.misc.Unsafe.park(Native Method)&#10;        at java.util.concurrent.locks.LockSupport.parkNanos(LockSupport.java:215)&#10;        at java.util.concurrent.locks.AbstractQueuedSynchronizer$ConditionObject.awaitNanos(AbstractQueuedSynchronizer.java:2078)&#10;        at java.util.concurrent.ScheduledThreadPoolExecutor$DelayedWorkQueue.take(ScheduledThreadPoolExecutor.java:1093)&#10;        at java.util.concurrent.ScheduledThreadPoolExecutor$DelayedWorkQueue.take(ScheduledThreadPoolExecutor.java:809)&#10;        at java.util.concurrent.ThreadPoolExecutor.getTask(ThreadPoolExecutor.java:1074)&#10;        at java.util.concurrent.ThreadPoolExecutor.runWorker(ThreadPoolExecutor.java:1134)&#10;        at java.util.concurrent.ThreadPoolExecutor$Worker.run(ThreadPoolExecutor.java:624)&#10;        at java.lang.Thread.run(Thread.java:748)&#10;&quot;b7064b77-9271-4e94-8225-85d895886efb@group-B9DEF2EDD277-StateMachineUpdater&quot; daemon prio=5 tid=822 in Object.wait()&#10;java.lang.Thread.State: WAITING (on object monitor)&#10;        at java.lang.Object.wait(Native Method)&#10;        at java.lang.Object.wait(Object.java:502)&#10;        at org.apache.ratis.server.impl.StateMachineUpdater.waitForCommit(StateMachineUpdater.java:183)&#10;        at org.apache.ratis.server.impl.StateMachineUpdater.run(StateMachineUpdater.java:148)&#10;        at java.lang.Thread.run(Thread.java:748)&#10;&quot;Periodic HDDS volume checker&quot;  prio=5 tid=206 timed_waiting&#10;java.lang.Thread.State: TIMED_WAITING&#10;        at sun.misc.Unsafe.park(Native Method)&#10;        at java.util.concurrent.locks.LockSupport.parkNanos(LockSupport.java:215)&#10;        at java.util.concurrent.locks.AbstractQueuedSynchronizer$ConditionObject.awaitNanos(AbstractQueuedSynchronizer.java:2078)&#10;        at java.util.concurrent.ScheduledThreadPoolExecutor$DelayedWorkQueue.take(ScheduledThreadPoolExecutor.java:1093)&#10;        at java.util.concurrent.ScheduledThreadPoolExecutor$DelayedWorkQueue.take(ScheduledThreadPoolExecutor.java:809)&#10;        at java.util.concurrent.ThreadPoolExecutor.getTask(ThreadPoolExecutor.java:1074)&#10;        at java.util.concurrent.ThreadPoolExecutor.runWorker(ThreadPoolExecutor.java:1134)&#10;        at java.util.concurrent.ThreadPoolExecutor$Worker.run(ThreadPoolExecutor.java:624)&#10;        at java.lang.Thread.run(Thread.java:748)&#10;&quot;b7064b77-9271-4e94-8225-85d895886efb@group-47DBAAEC82C8-SegmentedRaftLogWorker&quot;  prio=5 tid=756 timed_waiting&#10;java.lang.Thread.State: TIMED_WAITING&#10;        at sun.misc.Unsafe.park(Native Method)&#10;        at java.util.concurrent.locks.LockSupport.parkNanos(LockSupport.java:215)&#10;        at java.util.concurrent.locks.AbstractQueuedSynchronizer$ConditionObject.awaitNanos(AbstractQueuedSynchronizer.java:2078)&#10;        at org.apache.ratis.util.DataBlockingQueue.poll(DataBlockingQueue.java:137)&#10;        at org.apache.ratis.server.raftlog.segmented.SegmentedRaftLogWorker.run(SegmentedRaftLogWorker.java:283)&#10;        at java.lang.Thread.run(Thread.java:748)&#10;&quot;pool-66-thread-48&quot;  prio=5 tid=610 in Object.wait()&#10;java.lang.Thread.State: WAITING (on object monitor)&#10;        at sun.misc.Unsafe.park(Native Method)&#10;        at java.util.concurrent.locks.LockSupport.park(LockSupport.java:175)&#10;        at java.util.concurrent.locks.AbstractQueuedSynchronizer$ConditionObject.await(AbstractQueuedSynchronizer.java:2039)&#10;        at java.util.concurrent.ArrayBlockingQueue.take(ArrayBlockingQueue.java:403)&#10;        at java.util.concurrent.ThreadPoolExecutor.getTask(ThreadPoolExecutor.java:1074)&#10;        at java.util.concurrent.ThreadPoolExecutor.runWorker(ThreadPoolExecutor.java:1134)&#10;        at java.util.concurrent.ThreadPoolExecutor$Worker.run(ThreadPoolExecutor.java:624)&#10;        at java.lang.Thread.run(Thread.java:748)&#10;&quot;Periodic HDDS volume checker&quot;  prio=5 tid=233 timed_waiting&#10;java.lang.Thread.State: TIMED_WAITING&#10;        at sun.misc.Unsafe.park(Native Method)&#10;        at java.util.concurrent.locks.LockSupport.parkNanos(LockSupport.java:215)&#10;        at java.util.concurrent.locks.AbstractQueuedSynchronizer$ConditionObject.awaitNanos(AbstractQueuedSynchronizer.java:2078)&#10;        at java.util.concurrent.ScheduledThreadPoolExecutor$DelayedWorkQueue.take(ScheduledThreadPoolExecutor.java:1093)&#10;        at java.util.concurrent.ScheduledThreadPoolExecutor$DelayedWorkQueue.take(ScheduledThreadPoolExecutor.java:809)&#10;        at java.util.concurrent.ThreadPoolExecutor.getTask(ThreadPoolExecutor.java:1074)&#10;        at java.util.concurrent.ThreadPoolExecutor.runWorker(ThreadPoolExecutor.java:1134)&#10;        at java.util.concurrent.ThreadPoolExecutor$Worker.run(ThreadPoolExecutor.java:624)&#10;        at java.lang.Thread.run(Thread.java:748)&#10;&quot;pool-26-thread-2&quot;  prio=5 tid=315 in Object.wait()&#10;java.lang.Thread.State: WAITING (on object monitor)&#10;        at sun.misc.Unsafe.park(Native Method)&#10;        at java.util.concurrent.locks.LockSupport.park(LockSupport.java:175)&#10;        at java.util.concurrent.locks.AbstractQueuedSynchronizer$ConditionObject.await(AbstractQueuedSynchronizer.java:2039)&#10;        at java.util.concurrent.ArrayBlockingQueue.take(ArrayBlockingQueue.java:403)&#10;        at java.util.concurrent.ThreadPoolExecutor.getTask(ThreadPoolExecutor.java:1074)&#10;        at java.util.concurrent.ThreadPoolExecutor.runWorker(ThreadPoolExecutor.java:1134)&#10;        at java.util.concurrent.ThreadPoolExecutor$Worker.run(ThreadPoolExecutor.java:624)&#10;        at java.lang.Thread.run(Thread.java:748)&#10;&quot;qtp1235908203-139&quot; daemon prio=5 tid=139 timed_waiting&#10;java.lang.Thread.State: TIMED_WAITING&#10;        at sun.misc.Unsafe.park(Native Method)&#10;        at java.util.concurrent.locks.LockSupport.parkNanos(LockSupport.java:215)&#10;        at java.util.concurrent.locks.AbstractQueuedSynchronizer$ConditionObject.awaitNanos(AbstractQueuedSynchronizer.java:2078)&#10;        at org.eclipse.jetty.util.BlockingArrayQueue.poll(BlockingArrayQueue.java:392)&#10;        at org.eclipse.jetty.util.thread.QueuedThreadPool.idleJobPoll(QueuedThreadPool.java:563)&#10;        at org.eclipse.jetty.util.thread.QueuedThreadPool.access$800(QueuedThreadPool.java:48)&#10;        at org.eclipse.jetty.util.thread.QueuedThreadPool$2.run(QueuedThreadPool.java:626)&#10;        at java.lang.Thread.run(Thread.java:748)&#10;&quot;BlockDeletingService#2&quot; daemon prio=5 tid=1727 in Object.wait()&#10;java.lang.Thread.State: WAITING (on object monitor)&#10;        at sun.misc.Unsafe.park(Native Method)&#10;        at java.util.concurrent.locks.LockSupport.park(LockSupport.java:175)&#10;        at java.util.concurrent.locks.AbstractQueuedSynchronizer$ConditionObject.await(AbstractQueuedSynchronizer.java:2039)&#10;        at java.util.concurrent.ScheduledThreadPoolExecutor$DelayedWorkQueue.take(ScheduledThreadPoolExecutor.java:1088)&#10;        at java.util.concurrent.ScheduledThreadPoolExecutor$DelayedWorkQueue.take(ScheduledThreadPoolExecutor.java:809)&#10;        at java.util.concurrent.ThreadPoolExecutor.getTask(ThreadPoolExecutor.java:1074)&#10;        at java.util.concurrent.ThreadPoolExecutor.runWorker(ThreadPoolExecutor.java:1134)&#10;        at java.util.concurrent.ThreadPoolExecutor$Worker.run(ThreadPoolExecutor.java:624)&#10;        at java.lang.Thread.run(Thread.java:748)&#10;&quot;grpc-default-executor-1&quot; daemon prio=5 tid=705 timed_waiting&#10;java.lang.Thread.State: TIMED_WAITING&#10;        at sun.misc.Unsafe.park(Native Method)&#10;        at java.util.concurrent.locks.LockSupport.parkNanos(LockSupport.java:215)&#10;        at java.util.concurrent.SynchronousQueue$TransferStack.awaitFulfill(SynchronousQueue.java:460)&#10;        at java.util.concurrent.SynchronousQueue$TransferStack.transfer(SynchronousQueue.java:362)&#10;        at java.util.concurrent.SynchronousQueue.poll(SynchronousQueue.java:941)&#10;        at java.util.concurrent.ThreadPoolExecutor.getTask(ThreadPoolExecutor.java:1073)&#10;        at java.util.concurrent.ThreadPoolExecutor.runWorker(ThreadPoolExecutor.java:1134)&#10;        at java.util.concurrent.ThreadPoolExecutor$Worker.run(ThreadPoolExecutor.java:624)&#10;        at java.lang.Thread.run(Thread.java:748)&#10;&quot;pool-36-thread-8&quot;  prio=5 tid=381 in Object.wait()&#10;java.lang.Thread.State: WAITING (on object monitor)&#10;        at sun.misc.Unsafe.park(Native Method)&#10;        at java.util.concurrent.locks.LockSupport.park(LockSupport.java:175)&#10;        at java.util.concurrent.locks.AbstractQueuedSynchronizer$ConditionObject.await(AbstractQueuedSynchronizer.java:2039)&#10;        at java.util.concurrent.ArrayBlockingQueue.take(ArrayBlockingQueue.java:403)&#10;        at java.util.concurrent.ThreadPoolExecutor.getTask(ThreadPoolExecutor.java:1074)&#10;        at java.util.concurrent.ThreadPoolExecutor.runWorker(ThreadPoolExecutor.java:1134)&#10;        at java.util.concurrent.ThreadPoolExecutor$Worker.run(ThreadPoolExecutor.java:624)&#10;        at java.lang.Thread.run(Thread.java:748)&#10;&quot;org.apache.ratis.server.impl.LogAppender$AppenderDaemon$$Lambda$418/858148741@7d836c68&quot; daemon prio=5 tid=1805 timed_waiting&#10;java.lang.Thread.State: TIMED_WAITING&#10;        at java.lang.Object.wait(Native Method)&#10;        at org.apache.ratis.grpc.server.GrpcLogAppender.mayWait(GrpcLogAppender.java:141)&#10;        at org.apache.ratis.grpc.server.GrpcLogAppender.runAppenderImpl(GrpcLogAppender.java:95)&#10;        at org.apache.ratis.server.impl.LogAppender$AppenderDaemon.run(LogAppender.java:76)&#10;        at org.apache.ratis.server.impl.LogAppender$AppenderDaemon$$Lambda$418/858148741.run(Unknown Source)&#10;        at java.lang.Thread.run(Thread.java:748)&#10;&quot;BlockDeletingService#2&quot; daemon prio=5 tid=1725 in Object.wait()&#10;java.lang.Thread.State: WAITING (on object monitor)&#10;        at sun.misc.Unsafe.park(Native Method)&#10;        at java.util.concurrent.locks.LockSupport.park(LockSupport.java:175)&#10;        at java.util.concurrent.locks.AbstractQueuedSynchronizer$ConditionObject.await(AbstractQueuedSynchronizer.java:2039)&#10;        at java.util.concurrent.ScheduledThreadPoolExecutor$DelayedWorkQueue.take(ScheduledThreadPoolExecutor.java:1088)&#10;        at java.util.concurrent.ScheduledThreadPoolExecutor$DelayedWorkQueue.take(ScheduledThreadPoolExecutor.java:809)&#10;        at java.util.concurrent.ThreadPoolExecutor.getTask(ThreadPoolExecutor.java:1074)&#10;        at java.util.concurrent.ThreadPoolExecutor.runWorker(ThreadPoolExecutor.java:1134)&#10;        at java.util.concurrent.ThreadPoolExecutor$Worker.run(ThreadPoolExecutor.java:624)&#10;        at java.lang.Thread.run(Thread.java:748)&#10;&quot;pool-56-thread-51&quot;  prio=5 tid=545 in Object.wait()&#10;java.lang.Thread.State: WAITING (on object monitor)&#10;        at sun.misc.Unsafe.park(Native Method)&#10;        at java.util.concurrent.locks.LockSupport.park(LockSupport.java:175)&#10;        at java.util.concurrent.locks.AbstractQueuedSynchronizer$ConditionObject.await(AbstractQueuedSynchronizer.java:2039)&#10;        at java.util.concurrent.ArrayBlockingQueue.take(ArrayBlockingQueue.java:403)&#10;        at java.util.concurrent.ThreadPoolExecutor.getTask(ThreadPoolExecutor.java:1074)&#10;        at java.util.concurrent.ThreadPoolExecutor.runWorker(ThreadPoolExecutor.java:1134)&#10;        at java.util.concurrent.ThreadPoolExecutor$Worker.run(ThreadPoolExecutor.java:624)&#10;        at java.lang.Thread.run(Thread.java:748)&#10;&quot;Datanode ReportManager Thread - 3&quot; daemon prio=5 tid=282 in Object.wait()&#10;java.lang.Thread.State: WAITING (on object monitor)&#10;        at sun.misc.Unsafe.park(Native Method)&#10;        at java.util.concurrent.locks.LockSupport.park(LockSupport.java:175)&#10;        at java.util.concurrent.locks.AbstractQueuedSynchronizer$ConditionObject.await(AbstractQueuedSynchronizer.java:2039)&#10;        at java.util.concurrent.ScheduledThreadPoolExecutor$DelayedWorkQueue.take(ScheduledThreadPoolExecutor.java:1088)&#10;        at java.util.concurrent.ScheduledThreadPoolExecutor$DelayedWorkQueue.take(ScheduledThreadPoolExecutor.java:809)&#10;        at java.util.concurrent.ThreadPoolExecutor.getTask(ThreadPoolExecutor.java:1074)&#10;        at java.util.concurrent.ThreadPoolExecutor.runWorker(ThreadPoolExecutor.java:1134)&#10;        at java.util.concurrent.ThreadPoolExecutor$Worker.run(ThreadPoolExecutor.java:624)&#10;        at java.lang.Thread.run(Thread.java:748)&#10;&quot;pool-56-thread-40&quot;  prio=5 tid=534 in Object.wait()&#10;java.lang.Thread.State: WAITING (on object monitor)&#10;        at sun.misc.Unsafe.park(Native Method)&#10;        at java.util.concurrent.locks.LockSupport.park(LockSupport.java:175)&#10;        at java.util.concurrent.locks.AbstractQueuedSynchronizer$ConditionObject.await(AbstractQueuedSynchronizer.java:2039)&#10;        at java.util.concurrent.ArrayBlockingQueue.take(ArrayBlockingQueue.java:403)&#10;        at java.util.concurrent.ThreadPoolExecutor.getTask(ThreadPoolExecutor.java:1074)&#10;        at java.util.concurrent.ThreadPoolExecutor.runWorker(ThreadPoolExecutor.java:1134)&#10;        at java.util.concurrent.ThreadPoolExecutor$Worker.run(ThreadPoolExecutor.java:624)&#10;        at java.lang.Thread.run(Thread.java:748)&#10;&quot;org.apache.ratis.server.impl.LogAppender$AppenderDaemon$$Lambda$418/858148741@46774d23&quot; daemon prio=5 tid=1838 timed_waiting&#10;java.lang.Thread.State: TIMED_WAITING&#10;        at java.lang.Object.wait(Native Method)&#10;        at org.apache.ratis.grpc.server.GrpcLogAppender.mayWait(GrpcLogAppender.java:141)&#10;        at org.apache.ratis.grpc.server.GrpcLogAppender.runAppenderImpl(GrpcLogAppender.java:95)&#10;        at org.apache.ratis.server.impl.LogAppender$AppenderDaemon.run(LogAppender.java:76)&#10;        at org.apache.ratis.server.impl.LogAppender$AppenderDaemon$$Lambda$418/858148741.run(Unknown Source)&#10;        at java.lang.Thread.run(Thread.java:748)&#10;&quot;IPC Server handler 16 on 37215&quot; daemon prio=5 tid=65 timed_waiting&#10;java.lang.Thread.State: TIMED_WAITING&#10;        at sun.misc.Unsafe.park(Native Method)&#10;        at java.util.concurrent.locks.LockSupport.parkNanos(LockSupport.java:215)&#10;        at java.util.concurrent.locks.AbstractQueuedSynchronizer$ConditionObject.awaitNanos(AbstractQueuedSynchronizer.java:2078)&#10;        at java.util.concurrent.LinkedBlockingQueue.poll(LinkedBlockingQueue.java:467)&#10;        at org.apache.hadoop.ipc.CallQueueManager.take(CallQueueManager.java:288)&#10;        at org.apache.hadoop.ipc.Server$Handler.run(Server.java:2668)&#10;&quot;pool-46-thread-31&quot;  prio=5 tid=464 in Object.wait()&#10;java.lang.Thread.State: WAITING (on object monitor)&#10;        at sun.misc.Unsafe.park(Native Method)&#10;        at java.util.concurrent.locks.LockSupport.park(LockSupport.java:175)&#10;        at java.util.concurrent.locks.AbstractQueuedSynchronizer$ConditionObject.await(AbstractQueuedSynchronizer.java:2039)&#10;        at java.util.concurrent.ArrayBlockingQueue.take(ArrayBlockingQueue.java:403)&#10;        at java.util.concurrent.ThreadPoolExecutor.getTask(ThreadPoolExecutor.java:1074)&#10;        at java.util.concurrent.ThreadPoolExecutor.runWorker(ThreadPoolExecutor.java:1134)&#10;        at java.util.concurrent.ThreadPoolExecutor$Worker.run(ThreadPoolExecutor.java:624)&#10;        at java.lang.Thread.run(Thread.java:748)&#10;&quot;pool-56-thread-5&quot;  prio=5 tid=499 in Object.wait()&#10;java.lang.Thread.State: WAITING (on object monitor)&#10;        at sun.misc.Unsafe.park(Native Method)&#10;        at java.util.concurrent.locks.LockSupport.park(LockSupport.java:175)&#10;        at java.util.concurrent.locks.AbstractQueuedSynchronizer$ConditionObject.await(AbstractQueuedSynchronizer.java:2039)&#10;        at java.util.concurrent.ArrayBlockingQueue.take(ArrayBlockingQueue.java:403)&#10;        at java.util.concurrent.ThreadPoolExecutor.getTask(ThreadPoolExecutor.java:1074)&#10;        at java.util.concurrent.ThreadPoolExecutor.runWorker(ThreadPoolExecutor.java:1134)&#10;        at java.util.concurrent.ThreadPoolExecutor$Worker.run(ThreadPoolExecutor.java:624)&#10;        at java.lang.Thread.run(Thread.java:748)&#10;&quot;pool-46-thread-49&quot;  prio=5 tid=482 in Object.wait()&#10;java.lang.Thread.State: WAITING (on object monitor)&#10;        at sun.misc.Unsafe.park(Native Method)&#10;        at java.util.concurrent.locks.LockSupport.park(LockSupport.java:175)&#10;        at java.util.concurrent.locks.AbstractQueuedSynchronizer$ConditionObject.await(AbstractQueuedSynchronizer.java:2039)&#10;        at java.util.concurrent.ArrayBlockingQueue.take(ArrayBlockingQueue.java:403)&#10;        at java.util.concurrent.ThreadPoolExecutor.getTask(ThreadPoolExecutor.java:1074)&#10;        at java.util.concurrent.ThreadPoolExecutor.runWorker(ThreadPoolExecutor.java:1134)&#10;        at java.util.concurrent.ThreadPoolExecutor$Worker.run(ThreadPoolExecutor.java:624)&#10;        at java.lang.Thread.run(Thread.java:748)&#10;&quot;Thread-1267&quot; daemon prio=5 tid=1863 timed_waiting&#10;java.lang.Thread.State: TIMED_WAITING&#10;        at java.lang.Thread.sleep(Native Method)&#10;        at org.apache.ratis.util.JavaUtils.sleep(JavaUtils.java:247)&#10;        at org.apache.ratis.server.impl.FollowerState.run(FollowerState.java:96)&#10;&quot;e081c0a5-acfc-4a29-8262-ee158adf5b11@group-6E9EB1C0F638-SegmentedRaftLogWorker&quot;  prio=5 tid=860 timed_waiting&#10;java.lang.Thread.State: TIMED_WAITING&#10;        at sun.misc.Unsafe.park(Native Method)&#10;        at java.util.concurrent.locks.LockSupport.parkNanos(LockSupport.java:215)&#10;        at java.util.concurrent.locks.AbstractQueuedSynchronizer$ConditionObject.awaitNanos(AbstractQueuedSynchronizer.java:2078)&#10;        at org.apache.ratis.util.DataBlockingQueue.poll(DataBlockingQueue.java:137)&#10;        at org.apache.ratis.server.raftlog.segmented.SegmentedRaftLogWorker.run(SegmentedRaftLogWorker.java:283)&#10;        at java.lang.Thread.run(Thread.java:748)&#10;&quot;d0888866-0bad-4f41-ad37-dccd4a57b958@group-CDCB2C8C105A-SegmentedRaftLogWorker&quot;  prio=5 tid=724 timed_waiting&#10;java.lang.Thread.State: TIMED_WAITING&#10;        at sun.misc.Unsafe.park(Native Method)&#10;        at java.util.concurrent.locks.LockSupport.parkNanos(LockSupport.java:215)&#10;        at java.util.concurrent.locks.AbstractQueuedSynchronizer$ConditionObject.awaitNanos(AbstractQueuedSynchronizer.java:2078)&#10;        at org.apache.ratis.util.DataBlockingQueue.poll(DataBlockingQueue.java:137)&#10;        at org.apache.ratis.server.raftlog.segmented.SegmentedRaftLogWorker.run(SegmentedRaftLogWorker.java:283)&#10;        at java.lang.Thread.run(Thread.java:748)&#10;&quot;Command processor thread&quot; daemon prio=5 tid=202 timed_waiting&#10;java.lang.Thread.State: TIMED_WAITING&#10;        at java.lang.Thread.sleep(Native Method)&#10;        at org.apache.hadoop.ozone.container.common.statemachine.DatanodeStateMachine.lambda$initCommandHandlerThread$1(DatanodeStateMachine.java:439)&#10;        at org.apache.hadoop.ozone.container.common.statemachine.DatanodeStateMachine$$Lambda$139/2094549442.run(Unknown Source)&#10;        at java.lang.Thread.run(Thread.java:748)&#10;&quot;Datanode ReportManager Thread - 0&quot; daemon prio=5 tid=198 in Object.wait()&#10;java.lang.Thread.State: WAITING (on object monitor)&#10;        at sun.misc.Unsafe.park(Native Method)&#10;        at java.util.concurrent.locks.LockSupport.park(LockSupport.java:175)&#10;        at java.util.concurrent.locks.AbstractQueuedSynchronizer$ConditionObject.await(AbstractQueuedSynchronizer.java:2039)&#10;        at java.util.concurrent.ScheduledThreadPoolExecutor$DelayedWorkQueue.take(ScheduledThreadPoolExecutor.java:1088)&#10;        at java.util.concurrent.ScheduledThreadPoolExecutor$DelayedWorkQueue.take(ScheduledThreadPoolExecutor.java:809)&#10;        at java.util.concurrent.ThreadPoolExecutor.getTask(ThreadPoolExecutor.java:1074)&#10;        at java.util.concurrent.ThreadPoolExecutor.runWorker(ThreadPoolExecutor.java:1134)&#10;        at java.util.concurrent.ThreadPoolExecutor$Worker.run(ThreadPoolExecutor.java:624)&#10;        at java.lang.Thread.run(Thread.java:748)&#10;&quot;org.apache.ratis.server.impl.LogAppender$AppenderDaemon$$Lambda$418/858148741@177236f6&quot; daemon prio=5 tid=1810 timed_waiting&#10;java.lang.Thread.State: TIMED_WAITING&#10;        at java.lang.Object.wait(Native Method)&#10;        at org.apache.ratis.grpc.server.GrpcLogAppender.mayWait(GrpcLogAppender.java:141)&#10;        at org.apache.ratis.grpc.server.GrpcLogAppender.runAppenderImpl(GrpcLogAppender.java:95)&#10;        at org.apache.ratis.server.impl.LogAppender$AppenderDaemon.run(LogAppender.java:76)&#10;        at org.apache.ratis.server.impl.LogAppender$AppenderDaemon$$Lambda$418/858148741.run(Unknown Source)&#10;        at java.lang.Thread.run(Thread.java:748)&#10;&quot;pool-66-thread-23&quot;  prio=5 tid=585 in Object.wait()&#10;java.lang.Thread.State: WAITING (on object monitor)&#10;        at sun.misc.Unsafe.park(Native Method)&#10;        at java.util.concurrent.locks.LockSupport.park(LockSupport.java:175)&#10;        at java.util.concurrent.locks.AbstractQueuedSynchronizer$ConditionObject.await(AbstractQueuedSynchronizer.java:2039)&#10;        at java.util.concurrent.ArrayBlockingQueue.take(ArrayBlockingQueue.java:403)&#10;        at java.util.concurrent.ThreadPoolExecutor.getTask(ThreadPoolExecutor.java:1074)&#10;        at java.util.concurrent.ThreadPoolExecutor.runWorker(ThreadPoolExecutor.java:1134)&#10;        at java.util.concurrent.ThreadPoolExecutor$Worker.run(ThreadPoolExecutor.java:624)&#10;        at java.lang.Thread.run(Thread.java:748)&#10;&quot;Datanode State Machine Thread - 0&quot; daemon prio=5 tid=170 timed_waiting&#10;java.lang.Thread.State: TIMED_WAITING&#10;        at java.lang.Thread.sleep(Native Method)&#10;        at org.apache.hadoop.ozone.container.common.statemachine.DatanodeStateMachine.start(DatanodeStateMachine.java:191)&#10;        at org.apache.hadoop.ozone.container.common.statemachine.DatanodeStateMachine.lambda$startDaemon$0(DatanodeStateMachine.java:349)&#10;        at org.apache.hadoop.ozone.container.common.statemachine.DatanodeStateMachine$$Lambda$138/939829672.run(Unknown Source)&#10;        at java.lang.Thread.run(Thread.java:748)&#10;&quot;metrics-hadoop-metrics2-reporter-38-thread-1&quot; daemon prio=5 tid=878 timed_waiting&#10;java.lang.Thread.State: TIMED_WAITING&#10;        at sun.misc.Unsafe.park(Native Method)&#10;        at java.util.concurrent.locks.LockSupport.parkNanos(LockSupport.java:215)&#10;        at java.util.concurrent.locks.AbstractQueuedSynchronizer$ConditionObject.awaitNanos(AbstractQueuedSynchronizer.java:2078)&#10;        at java.util.concurrent.ScheduledThreadPoolExecutor$DelayedWorkQueue.take(ScheduledThreadPoolExecutor.java:1093)&#10;        at java.util.concurrent.ScheduledThreadPoolExecutor$DelayedWorkQueue.take(ScheduledThreadPoolExecutor.java:809)&#10;        at java.util.concurrent.ThreadPoolExecutor.getTask(ThreadPoolExecutor.java:1074)&#10;        at java.util.concurrent.ThreadPoolExecutor.runWorker(ThreadPoolExecutor.java:1134)&#10;        at java.util.concurrent.ThreadPoolExecutor$Worker.run(ThreadPoolExecutor.java:624)&#10;        at java.lang.Thread.run(Thread.java:748)&#10;&quot;IPC Server handler 8 on 45005&quot; daemon prio=5 tid=37 timed_waiting&#10;java.lang.Thread.State: TIMED_WAITING&#10;        at sun.misc.Unsafe.park(Native Method)&#10;        at java.util.concurrent.locks.LockSupport.parkNanos(LockSupport.java:215)&#10;        at java.util.concurrent.locks.AbstractQueuedSynchronizer$ConditionObject.awaitNanos(AbstractQueuedSynchronizer.java:2078)&#10;        at java.util.concurrent.LinkedBlockingQueue.poll(LinkedBlockingQueue.java:467)&#10;        at org.apache.hadoop.ipc.CallQueueManager.take(CallQueueManager.java:288)&#10;        at org.apache.hadoop.ipc.Server$Handler.run(Server.java:2668)&#10;&quot;metrics-hadoop-metrics2-reporter-36-thread-1&quot; daemon prio=5 tid=867 timed_waiting&#10;java.lang.Thread.State: TIMED_WAITING&#10;        at sun.misc.Unsafe.park(Native Method)&#10;        at java.util.concurrent.locks.LockSupport.parkNanos(LockSupport.java:215)&#10;        at java.util.concurrent.locks.AbstractQueuedSynchronizer$ConditionObject.awaitNanos(AbstractQueuedSynchronizer.java:2078)&#10;        at java.util.concurrent.ScheduledThreadPoolExecutor$DelayedWorkQueue.take(ScheduledThreadPoolExecutor.java:1093)&#10;        at java.util.concurrent.ScheduledThreadPoolExecutor$DelayedWorkQueue.take(ScheduledThreadPoolExecutor.java:809)&#10;        at java.util.concurrent.ThreadPoolExecutor.getTask(ThreadPoolExecutor.java:1074)&#10;        at java.util.concurrent.ThreadPoolExecutor.runWorker(ThreadPoolExecutor.java:1134)&#10;        at java.util.concurrent.ThreadPoolExecutor$Worker.run(ThreadPoolExecutor.java:624)&#10;        at java.lang.Thread.run(Thread.java:748)&#10;&quot;pool-56-thread-2&quot;  prio=5 tid=496 in Object.wait()&#10;java.lang.Thread.State: WAITING (on object monitor)&#10;        at sun.misc.Unsafe.park(Native Method)&#10;        at java.util.concurrent.locks.LockSupport.park(LockSupport.java:175)&#10;        at java.util.concurrent.locks.AbstractQueuedSynchronizer$ConditionObject.await(AbstractQueuedSynchronizer.java:2039)&#10;        at java.util.concurrent.ArrayBlockingQueue.take(ArrayBlockingQueue.java:403)&#10;        at java.util.concurrent.ThreadPoolExecutor.getTask(ThreadPoolExecutor.java:1074)&#10;        at java.util.concurrent.ThreadPoolExecutor.runWorker(ThreadPoolExecutor.java:1134)&#10;        at java.util.concurrent.ThreadPoolExecutor$Worker.run(ThreadPoolExecutor.java:624)&#10;        at java.lang.Thread.run(Thread.java:748)&#10;&quot;19e67e26-3d21-4d01-be9f-29113a4a814c@group-B9DEF2EDD277-SegmentedRaftLogWorker&quot;  prio=5 tid=818 timed_waiting&#10;java.lang.Thread.State: TIMED_WAITING&#10;        at sun.misc.Unsafe.park(Native Method)&#10;        at java.util.concurrent.locks.LockSupport.parkNanos(LockSupport.java:215)&#10;        at java.util.concurrent.locks.AbstractQueuedSynchronizer$ConditionObject.awaitNanos(AbstractQueuedSynchronizer.java:2078)&#10;        at org.apache.ratis.util.DataBlockingQueue.poll(DataBlockingQueue.java:137)&#10;        at org.apache.ratis.server.raftlog.segmented.SegmentedRaftLogWorker.run(SegmentedRaftLogWorker.java:283)&#10;        at java.lang.Thread.run(Thread.java:748)&#10;&quot;IPC Client (1009326765) connection to /0.0.0.0:40029 from jenkins1000&quot; daemon prio=5 tid=313 timed_waiting&#10;java.lang.Thread.State: TIMED_WAITING&#10;        at java.lang.Object.wait(Native Method)&#10;        at org.apache.hadoop.ipc.Client$Connection.waitForWork(Client.java:1024)&#10;        at org.apache.hadoop.ipc.Client$Connection.run(Client.java:1068)&#10;&quot;grpc-default-executor-19&quot; daemon prio=5 tid=1866 timed_waiting&#10;java.lang.Thread.State: TIMED_WAITING&#10;        at sun.misc.Unsafe.park(Native Method)&#10;        at java.util.concurrent.locks.LockSupport.parkNanos(LockSupport.java:215)&#10;        at java.util.concurrent.SynchronousQueue$TransferStack.awaitFulfill(SynchronousQueue.java:460)&#10;        at java.util.concurrent.SynchronousQueue$TransferStack.transfer(SynchronousQueue.java:362)&#10;        at java.util.concurrent.SynchronousQueue.poll(SynchronousQueue.java:941)&#10;        at java.util.concurrent.ThreadPoolExecutor.getTask(ThreadPoolExecutor.java:1073)&#10;        at java.util.concurrent.ThreadPoolExecutor.runWorker(ThreadPoolExecutor.java:1134)&#10;        at java.util.concurrent.ThreadPoolExecutor$Worker.run(ThreadPoolExecutor.java:624)&#10;        at java.lang.Thread.run(Thread.java:748)&#10;&quot;pool-76-thread-33&quot;  prio=5 tid=657 in Object.wait()&#10;java.lang.Thread.State: WAITING (on object monitor)&#10;        at sun.misc.Unsafe.park(Native Method)&#10;        at java.util.concurrent.locks.LockSupport.park(LockSupport.java:175)&#10;        at java.util.concurrent.locks.AbstractQueuedSynchronizer$ConditionObject.await(AbstractQueuedSynchronizer.java:2039)&#10;        at java.util.concurrent.ArrayBlockingQueue.take(ArrayBlockingQueue.java:403)&#10;        at java.util.concurrent.ThreadPoolExecutor.getTask(ThreadPoolExecutor.java:1074)&#10;        at java.util.concurrent.ThreadPoolExecutor.runWorker(ThreadPoolExecutor.java:1134)&#10;        at java.util.concurrent.ThreadPoolExecutor$Worker.run(ThreadPoolExecutor.java:624)&#10;        at java.lang.Thread.run(Thread.java:748)&#10;&quot;org.apache.ratis.server.impl.LogAppender$AppenderDaemon$$Lambda$418/858148741@bb81dcb&quot; daemon prio=5 tid=1835 timed_waiting&#10;java.lang.Thread.State: TIMED_WAITING&#10;        at java.lang.Object.wait(Native Method)&#10;        at org.apache.ratis.grpc.server.GrpcLogAppender.mayWait(GrpcLogAppender.java:141)&#10;        at org.apache.ratis.grpc.server.GrpcLogAppender.runAppenderImpl(GrpcLogAppender.java:95)&#10;        at org.apache.ratis.server.impl.LogAppender$AppenderDaemon.run(LogAppender.java:76)&#10;        at org.apache.ratis.server.impl.LogAppender$AppenderDaemon$$Lambda$418/858148741.run(Unknown Source)&#10;        at java.lang.Thread.run(Thread.java:748)&#10;&quot;pool-36-thread-56&quot;  prio=5 tid=429 in Object.wait()&#10;java.lang.Thread.State: WAITING (on object monitor)&#10;        at sun.misc.Unsafe.park(Native Method)&#10;        at java.util.concurrent.locks.LockSupport.park(LockSupport.java:175)&#10;        at java.util.concurrent.locks.AbstractQueuedSynchronizer$ConditionObject.await(AbstractQueuedSynchronizer.java:2039)&#10;        at java.util.concurrent.ArrayBlockingQueue.take(ArrayBlockingQueue.java:403)&#10;        at java.util.concurrent.ThreadPoolExecutor.getTask(ThreadPoolExecutor.java:1074)&#10;        at java.util.concurrent.ThreadPoolExecutor.runWorker(ThreadPoolExecutor.java:1134)&#10;        at java.util.concurrent.ThreadPoolExecutor$Worker.run(ThreadPoolExecutor.java:624)&#10;        at java.lang.Thread.run(Thread.java:748)&#10;&quot;pool-56-thread-53&quot;  prio=5 tid=547 in Object.wait()&#10;java.lang.Thread.State: WAITING (on object monitor)&#10;        at sun.misc.Unsafe.park(Native Method)&#10;        at java.util.concurrent.locks.LockSupport.park(LockSupport.java:175)&#10;        at java.util.concurrent.locks.AbstractQueuedSynchronizer$ConditionObject.await(AbstractQueuedSynchronizer.java:2039)&#10;        at java.util.concurrent.ArrayBlockingQueue.take(ArrayBlockingQueue.java:403)&#10;        at java.util.concurrent.ThreadPoolExecutor.getTask(ThreadPoolExecutor.java:1074)&#10;        at java.util.concurrent.ThreadPoolExecutor.runWorker(ThreadPoolExecutor.java:1134)&#10;        at java.util.concurrent.ThreadPoolExecutor$Worker.run(ThreadPoolExecutor.java:624)&#10;        at java.lang.Thread.run(Thread.java:748)&#10;&quot;qtp1507604180-192&quot; daemon prio=5 tid=192 timed_waiting&#10;java.lang.Thread.State: TIMED_WAITING&#10;        at sun.misc.Unsafe.park(Native Method)&#10;        at java.util.concurrent.locks.LockSupport.parkNanos(LockSupport.java:215)&#10;        at java.util.concurrent.locks.AbstractQueuedSynchronizer$ConditionObject.awaitNanos(AbstractQueuedSynchronizer.java:2078)&#10;        at org.eclipse.jetty.util.BlockingArrayQueue.poll(BlockingArrayQueue.java:392)&#10;        at org.eclipse.jetty.util.thread.QueuedThreadPool.idleJobPoll(QueuedThreadPool.java:563)&#10;        at org.eclipse.jetty.util.thread.QueuedThreadPool.access$800(QueuedThreadPool.java:48)&#10;        at org.eclipse.jetty.util.thread.QueuedThreadPool$2.run(QueuedThreadPool.java:626)&#10;        at java.lang.Thread.run(Thread.java:748)&#10;&quot;metrics-hadoop-metrics2-reporter-32-thread-1&quot; daemon prio=5 tid=848 timed_waiting&#10;java.lang.Thread.State: TIMED_WAITING&#10;        at sun.misc.Unsafe.park(Native Method)&#10;        at java.util.concurrent.locks.LockSupport.parkNanos(LockSupport.java:215)&#10;        at java.util.concurrent.locks.AbstractQueuedSynchronizer$ConditionObject.awaitNanos(AbstractQueuedSynchronizer.java:2078)&#10;        at java.util.concurrent.ScheduledThreadPoolExecutor$DelayedWorkQueue.take(ScheduledThreadPoolExecutor.java:1093)&#10;        at java.util.concurrent.ScheduledThreadPoolExecutor$DelayedWorkQueue.take(ScheduledThreadPoolExecutor.java:809)&#10;        at java.util.concurrent.ThreadPoolExecutor.getTask(ThreadPoolExecutor.java:1074)&#10;        at java.util.concurrent.ThreadPoolExecutor.runWorker(ThreadPoolExecutor.java:1134)&#10;        at java.util.concurrent.ThreadPoolExecutor$Worker.run(ThreadPoolExecutor.java:624)&#10;        at java.lang.Thread.run(Thread.java:748)&#10;&quot;pool-57-thread-1&quot;  prio=5 tid=709 in Object.wait()&#10;java.lang.Thread.State: WAITING (on object monitor)&#10;        at sun.misc.Unsafe.park(Native Method)&#10;        at java.util.concurrent.locks.LockSupport.park(LockSupport.java:175)&#10;        at java.util.concurrent.locks.AbstractQueuedSynchronizer$ConditionObject.await(AbstractQueuedSynchronizer.java:2039)&#10;        at java.util.concurrent.LinkedBlockingQueue.take(LinkedBlockingQueue.java:442)&#10;        at java.util.concurrent.ThreadPoolExecutor.getTask(ThreadPoolExecutor.java:1074)&#10;        at java.util.concurrent.ThreadPoolExecutor.runWorker(ThreadPoolExecutor.java:1134)&#10;        at java.util.concurrent.ThreadPoolExecutor$Worker.run(ThreadPoolExecutor.java:624)&#10;        at java.lang.Thread.run(Thread.java:748)&#10;&quot;pool-36-thread-15&quot;  prio=5 tid=388 in Object.wait()&#10;java.lang.Thread.State: WAITING (on object monitor)&#10;        at sun.misc.Unsafe.park(Native Method)&#10;        at java.util.concurrent.locks.LockSupport.park(LockSupport.java:175)&#10;        at java.util.concurrent.locks.AbstractQueuedSynchronizer$ConditionObject.await(AbstractQueuedSynchronizer.java:2039)&#10;        at java.util.concurrent.ArrayBlockingQueue.take(ArrayBlockingQueue.java:403)&#10;        at java.util.concurrent.ThreadPoolExecutor.getTask(ThreadPoolExecutor.java:1074)&#10;        at java.util.concurrent.ThreadPoolExecutor.runWorker(ThreadPoolExecutor.java:1134)&#10;        at java.util.concurrent.ThreadPoolExecutor$Worker.run(ThreadPoolExecutor.java:624)&#10;        at java.lang.Thread.run(Thread.java:748)&#10;&quot;pool-46-thread-45&quot;  prio=5 tid=478 in Object.wait()&#10;java.lang.Thread.State: WAITING (on object monitor)&#10;        at sun.misc.Unsafe.park(Native Method)&#10;        at java.util.concurrent.locks.LockSupport.park(LockSupport.java:175)&#10;        at java.util.concurrent.locks.AbstractQueuedSynchronizer$ConditionObject.await(AbstractQueuedSynchronizer.java:2039)&#10;        at java.util.concurrent.ArrayBlockingQueue.take(ArrayBlockingQueue.java:403)&#10;        at java.util.concurrent.ThreadPoolExecutor.getTask(ThreadPoolExecutor.java:1074)&#10;        at java.util.concurrent.ThreadPoolExecutor.runWorker(ThreadPoolExecutor.java:1134)&#10;        at java.util.concurrent.ThreadPoolExecutor$Worker.run(ThreadPoolExecutor.java:624)&#10;        at java.lang.Thread.run(Thread.java:748)&#10;&quot;metrics-hadoop-metrics2-reporter-23-thread-1&quot; daemon prio=5 tid=802 timed_waiting&#10;java.lang.Thread.State: TIMED_WAITING&#10;        at sun.misc.Unsafe.park(Native Method)&#10;        at java.util.concurrent.locks.LockSupport.parkNanos(LockSupport.java:215)&#10;        at java.util.concurrent.locks.AbstractQueuedSynchronizer$ConditionObject.awaitNanos(AbstractQueuedSynchronizer.java:2078)&#10;        at java.util.concurrent.ScheduledThreadPoolExecutor$DelayedWorkQueue.take(ScheduledThreadPoolExecutor.java:1093)&#10;        at java.util.concurrent.ScheduledThreadPoolExecutor$DelayedWorkQueue.take(ScheduledThreadPoolExecutor.java:809)&#10;        at java.util.concurrent.ThreadPoolExecutor.getTask(ThreadPoolExecutor.java:1074)&#10;        at java.util.concurrent.ThreadPoolExecutor.runWorker(ThreadPoolExecutor.java:1134)&#10;        at java.util.concurrent.ThreadPoolExecutor$Worker.run(ThreadPoolExecutor.java:624)&#10;        at java.lang.Thread.run(Thread.java:748)&#10;&quot;pool-46-thread-29&quot;  prio=5 tid=462 in Object.wait()&#10;java.lang.Thread.State: WAITING (on object monitor)&#10;        at sun.misc.Unsafe.park(Native Method)&#10;        at java.util.concurrent.locks.LockSupport.park(LockSupport.java:175)&#10;        at java.util.concurrent.locks.AbstractQueuedSynchronizer$ConditionObject.await(AbstractQueuedSynchronizer.java:2039)&#10;        at java.util.concurrent.ArrayBlockingQueue.take(ArrayBlockingQueue.java:403)&#10;        at java.util.concurrent.ThreadPoolExecutor.getTask(ThreadPoolExecutor.java:1074)&#10;        at java.util.concurrent.ThreadPoolExecutor.runWorker(ThreadPoolExecutor.java:1134)&#10;        at java.util.concurrent.ThreadPoolExecutor$Worker.run(ThreadPoolExecutor.java:624)&#10;        at java.lang.Thread.run(Thread.java:748)&#10;&quot;pool-46-thread-9&quot;  prio=5 tid=442 in Object.wait()&#10;java.lang.Thread.State: WAITING (on object monitor)&#10;        at sun.misc.Unsafe.park(Native Method)&#10;        at java.util.concurrent.locks.LockSupport.park(LockSupport.java:175)&#10;        at java.util.concurrent.locks.AbstractQueuedSynchronizer$ConditionObject.await(AbstractQueuedSynchronizer.java:2039)&#10;        at java.util.concurrent.ArrayBlockingQueue.take(ArrayBlockingQueue.java:403)&#10;        at java.util.concurrent.ThreadPoolExecutor.getTask(ThreadPoolExecutor.java:1074)&#10;        at java.util.concurrent.ThreadPoolExecutor.runWorker(ThreadPoolExecutor.java:1134)&#10;        at java.util.concurrent.ThreadPoolExecutor$Worker.run(ThreadPoolExecutor.java:624)&#10;        at java.lang.Thread.run(Thread.java:748)&#10;&quot;Datanode State Machine Thread - 0&quot; daemon prio=5 tid=183 timed_waiting&#10;java.lang.Thread.State: TIMED_WAITING&#10;        at sun.misc.Unsafe.park(Native Method)&#10;        at java.util.concurrent.locks.LockSupport.parkNanos(LockSupport.java:215)&#10;        at java.util.concurrent.SynchronousQueue$TransferStack.awaitFulfill(SynchronousQueue.java:460)&#10;        at java.util.concurrent.SynchronousQueue$TransferStack.transfer(SynchronousQueue.java:362)&#10;        at java.util.concurrent.SynchronousQueue.poll(SynchronousQueue.java:941)&#10;        at java.util.concurrent.ThreadPoolExecutor.getTask(ThreadPoolExecutor.java:1073)&#10;        at java.util.concurrent.ThreadPoolExecutor.runWorker(ThreadPoolExecutor.java:1134)&#10;        at java.util.concurrent.ThreadPoolExecutor$Worker.run(ThreadPoolExecutor.java:624)&#10;        at java.lang.Thread.run(Thread.java:748)&#10;&quot;8c24ed06-386e-4085-8931-93c762a64530@group-47DBAAEC82C8-StateMachineUpdater&quot; daemon prio=5 tid=757 in Object.wait()&#10;java.lang.Thread.State: WAITING (on object monitor)&#10;        at java.lang.Object.wait(Native Method)&#10;        at java.lang.Object.wait(Object.java:502)&#10;        at org.apache.ratis.server.impl.StateMachineUpdater.waitForCommit(StateMachineUpdater.java:183)&#10;        at org.apache.ratis.server.impl.StateMachineUpdater.run(StateMachineUpdater.java:148)&#10;        at java.lang.Thread.run(Thread.java:748)&#10;&quot;org.eclipse.jetty.server.session.HashSessionManager@1b28f282Timer&quot; daemon prio=5 tid=98 timed_waiting&#10;java.lang.Thread.State: TIMED_WAITING&#10;        at sun.misc.Unsafe.park(Native Method)&#10;        at java.util.concurrent.locks.LockSupport.parkNanos(LockSupport.java:215)&#10;        at java.util.concurrent.locks.AbstractQueuedSynchronizer$ConditionObject.awaitNanos(AbstractQueuedSynchronizer.java:2078)&#10;        at java.util.concurrent.ScheduledThreadPoolExecutor$DelayedWorkQueue.take(ScheduledThreadPoolExecutor.java:1093)&#10;        at java.util.concurrent.ScheduledThreadPoolExecutor$DelayedWorkQueue.take(ScheduledThreadPoolExecutor.java:809)&#10;        at java.util.concurrent.ThreadPoolExecutor.getTask(ThreadPoolExecutor.java:1074)&#10;        at java.util.concurrent.ThreadPoolExecutor.runWorker(ThreadPoolExecutor.java:1134)&#10;        at java.util.concurrent.ThreadPoolExecutor$Worker.run(ThreadPoolExecutor.java:624)&#10;        at java.lang.Thread.run(Thread.java:748)&#10;&quot;Thread-1207&quot; daemon prio=5 tid=1793 timed_waiting&#10;java.lang.Thread.State: TIMED_WAITING&#10;        at java.lang.Thread.sleep(Native Method)&#10;        at org.apache.ratis.util.JavaUtils.sleep(JavaUtils.java:247)&#10;        at org.apache.ratis.server.impl.FollowerState.run(FollowerState.java:96)&#10;&quot;qtp83534488-216&quot; daemon prio=5 tid=216 timed_waiting&#10;java.lang.Thread.State: TIMED_WAITING&#10;        at sun.misc.Unsafe.park(Native Method)&#10;        at java.util.concurrent.locks.LockSupport.parkNanos(LockSupport.java:215)&#10;        at java.util.concurrent.locks.AbstractQueuedSynchronizer$ConditionObject.awaitNanos(AbstractQueuedSynchronizer.java:2078)&#10;        at org.eclipse.jetty.util.BlockingArrayQueue.poll(BlockingArrayQueue.java:392)&#10;        at org.eclipse.jetty.util.thread.QueuedThreadPool.idleJobPoll(QueuedThreadPool.java:563)&#10;        at org.eclipse.jetty.util.thread.QueuedThreadPool.access$800(QueuedThreadPool.java:48)&#10;        at org.eclipse.jetty.util.thread.QueuedThreadPool$2.run(QueuedThreadPool.java:626)&#10;        at java.lang.Thread.run(Thread.java:748)&#10;&quot;pool-36-thread-59&quot;  prio=5 tid=432 in Object.wait()&#10;java.lang.Thread.State: WAITING (on object monitor)&#10;        at sun.misc.Unsafe.park(Native Method)&#10;        at java.util.concurrent.locks.LockSupport.park(LockSupport.java:175)&#10;        at java.util.concurrent.locks.AbstractQueuedSynchronizer$ConditionObject.await(AbstractQueuedSynchronizer.java:2039)&#10;        at java.util.concurrent.ArrayBlockingQueue.take(ArrayBlockingQueue.java:403)&#10;        at java.util.concurrent.ThreadPoolExecutor.getTask(ThreadPoolExecutor.java:1074)&#10;        at java.util.concurrent.ThreadPoolExecutor.runWorker(ThreadPoolExecutor.java:1134)&#10;        at java.util.concurrent.ThreadPoolExecutor$Worker.run(ThreadPoolExecutor.java:624)&#10;        at java.lang.Thread.run(Thread.java:748)&#10;&quot;pool-26-thread-19&quot;  prio=5 tid=332 in Object.wait()&#10;java.lang.Thread.State: WAITING (on object monitor)&#10;        at sun.misc.Unsafe.park(Native Method)&#10;        at java.util.concurrent.locks.LockSupport.park(LockSupport.java:175)&#10;        at java.util.concurrent.locks.AbstractQueuedSynchronizer$ConditionObject.await(AbstractQueuedSynchronizer.java:2039)&#10;        at java.util.concurrent.ArrayBlockingQueue.take(ArrayBlockingQueue.java:403)&#10;        at java.util.concurrent.ThreadPoolExecutor.getTask(ThreadPoolExecutor.java:1074)&#10;        at java.util.concurrent.ThreadPoolExecutor.runWorker(ThreadPoolExecutor.java:1134)&#10;        at java.util.concurrent.ThreadPoolExecutor$Worker.run(ThreadPoolExecutor.java:624)&#10;        at java.lang.Thread.run(Thread.java:748)&#10;&quot;pool-36-thread-20&quot;  prio=5 tid=393 in Object.wait()&#10;java.lang.Thread.State: WAITING (on object monitor)&#10;        at sun.misc.Unsafe.park(Native Method)&#10;        at java.util.concurrent.locks.LockSupport.park(LockSupport.java:175)&#10;        at java.util.concurrent.locks.AbstractQueuedSynchronizer$ConditionObject.await(AbstractQueuedSynchronizer.java:2039)&#10;        at java.util.concurrent.ArrayBlockingQueue.take(ArrayBlockingQueue.java:403)&#10;        at java.util.concurrent.ThreadPoolExecutor.getTask(ThreadPoolExecutor.java:1074)&#10;        at java.util.concurrent.ThreadPoolExecutor.runWorker(ThreadPoolExecutor.java:1134)&#10;        at java.util.concurrent.ThreadPoolExecutor$Worker.run(ThreadPoolExecutor.java:624)&#10;        at java.lang.Thread.run(Thread.java:748)&#10;&quot;metrics-hadoop-metrics2-reporter-10-thread-1&quot; daemon prio=5 tid=741 timed_waiting&#10;java.lang.Thread.State: TIMED_WAITING&#10;        at sun.misc.Unsafe.park(Native Method)&#10;        at java.util.concurrent.locks.LockSupport.parkNanos(LockSupport.java:215)&#10;        at java.util.concurrent.locks.AbstractQueuedSynchronizer$ConditionObject.awaitNanos(AbstractQueuedSynchronizer.java:2078)&#10;        at java.util.concurrent.ScheduledThreadPoolExecutor$DelayedWorkQueue.take(ScheduledThreadPoolExecutor.java:1093)&#10;        at java.util.concurrent.ScheduledThreadPoolExecutor$DelayedWorkQueue.take(ScheduledThreadPoolExecutor.java:809)&#10;        at java.util.concurrent.ThreadPoolExecutor.getTask(ThreadPoolExecutor.java:1074)&#10;        at java.util.concurrent.ThreadPoolExecutor.runWorker(ThreadPoolExecutor.java:1134)&#10;        at java.util.concurrent.ThreadPoolExecutor$Worker.run(ThreadPoolExecutor.java:624)&#10;        at java.lang.Thread.run(Thread.java:748)&#10;&quot;pool-76-thread-32&quot;  prio=5 tid=656 in Object.wait()&#10;java.lang.Thread.State: WAITING (on object monitor)&#10;        at sun.misc.Unsafe.park(Native Method)&#10;        at java.util.concurrent.locks.LockSupport.park(LockSupport.java:175)&#10;        at java.util.concurrent.locks.AbstractQueuedSynchronizer$ConditionObject.await(AbstractQueuedSynchronizer.java:2039)&#10;        at java.util.concurrent.ArrayBlockingQueue.take(ArrayBlockingQueue.java:403)&#10;        at java.util.concurrent.ThreadPoolExecutor.getTask(ThreadPoolExecutor.java:1074)&#10;        at java.util.concurrent.ThreadPoolExecutor.runWorker(ThreadPoolExecutor.java:1134)&#10;        at java.util.concurrent.ThreadPoolExecutor$Worker.run(ThreadPoolExecutor.java:624)&#10;        at java.lang.Thread.run(Thread.java:748)&#10;&quot;qtp1947666055-299&quot; daemon prio=5 tid=299 timed_waiting&#10;java.lang.Thread.State: TIMED_WAITING&#10;        at sun.misc.Unsafe.park(Native Method)&#10;        at java.util.concurrent.locks.LockSupport.parkNanos(LockSupport.java:215)&#10;        at java.util.concurrent.locks.AbstractQueuedSynchronizer$ConditionObject.awaitNanos(AbstractQueuedSynchronizer.java:2078)&#10;        at org.eclipse.jetty.util.BlockingArrayQueue.poll(BlockingArrayQueue.java:392)&#10;        at org.eclipse.jetty.util.thread.QueuedThreadPool.idleJobPoll(QueuedThreadPool.java:563)&#10;        at org.eclipse.jetty.util.thread.QueuedThreadPool.access$800(QueuedThreadPool.java:48)&#10;        at org.eclipse.jetty.util.thread.QueuedThreadPool$2.run(QueuedThreadPool.java:626)&#10;        at java.lang.Thread.run(Thread.java:748)&#10;&quot;IPC Server handler 3 on 37215&quot; daemon prio=5 tid=52 timed_waiting&#10;java.lang.Thread.State: TIMED_WAITING&#10;        at sun.misc.Unsafe.park(Native Method)&#10;        at java.util.concurrent.locks.LockSupport.parkNanos(LockSupport.java:215)&#10;        at java.util.concurrent.locks.AbstractQueuedSynchronizer$ConditionObject.awaitNanos(AbstractQueuedSynchronizer.java:2078)&#10;        at java.util.concurrent.LinkedBlockingQueue.poll(LinkedBlockingQueue.java:467)&#10;        at org.apache.hadoop.ipc.CallQueueManager.take(CallQueueManager.java:288)&#10;        at org.apache.hadoop.ipc.Server$Handler.run(Server.java:2668)&#10;&quot;pool-67-thread-1&quot;  prio=5 tid=736 in Object.wait()&#10;java.lang.Thread.State: WAITING (on object monitor)&#10;        at sun.misc.Unsafe.park(Native Method)&#10;        at java.util.concurrent.locks.LockSupport.park(LockSupport.java:175)&#10;        at java.util.concurrent.locks.AbstractQueuedSynchronizer$ConditionObject.await(AbstractQueuedSynchronizer.java:2039)&#10;        at java.util.concurrent.LinkedBlockingQueue.take(LinkedBlockingQueue.java:442)&#10;        at java.util.concurrent.ThreadPoolExecutor.getTask(ThreadPoolExecutor.java:1074)&#10;        at java.util.concurrent.ThreadPoolExecutor.runWorker(ThreadPoolExecutor.java:1134)&#10;        at java.util.concurrent.ThreadPoolExecutor$Worker.run(ThreadPoolExecutor.java:624)&#10;        at java.lang.Thread.run(Thread.java:748)&#10;&quot;IPC Parameter Sending Thread #0&quot; daemon prio=5 tid=105 timed_waiting&#10;java.lang.Thread.State: TIMED_WAITING&#10;        at sun.misc.Unsafe.park(Native Method)&#10;        at java.util.concurrent.locks.LockSupport.parkNanos(LockSupport.java:215)&#10;        at java.util.concurrent.SynchronousQueue$TransferStack.awaitFulfill(SynchronousQueue.java:460)&#10;        at java.util.concurrent.SynchronousQueue$TransferStack.transfer(SynchronousQueue.java:362)&#10;        at java.util.concurrent.SynchronousQueue.poll(SynchronousQueue.java:941)&#10;        at java.util.concurrent.ThreadPoolExecutor.getTask(ThreadPoolExecutor.java:1073)&#10;        at java.util.concurrent.ThreadPoolExecutor.runWorker(ThreadPoolExecutor.java:1134)&#10;        at java.util.concurrent.ThreadPoolExecutor$Worker.run(ThreadPoolExecutor.java:624)&#10;        at java.lang.Thread.run(Thread.java:748)&#10;&quot;BlockDeletingService#0&quot; daemon prio=5 tid=556 in Object.wait()&#10;java.lang.Thread.State: WAITING (on object monitor)&#10;        at sun.misc.Unsafe.park(Native Method)&#10;        at java.util.concurrent.locks.LockSupport.park(LockSupport.java:175)&#10;        at java.util.concurrent.locks.AbstractQueuedSynchronizer$ConditionObject.await(AbstractQueuedSynchronizer.java:2039)&#10;        at java.util.concurrent.ScheduledThreadPoolExecutor$DelayedWorkQueue.take(ScheduledThreadPoolExecutor.java:1088)&#10;        at java.util.concurrent.ScheduledThreadPoolExecutor$DelayedWorkQueue.take(ScheduledThreadPoolExecutor.java:809)&#10;        at java.util.concurrent.ThreadPoolExecutor.getTask(ThreadPoolExecutor.java:1074)&#10;        at java.util.concurrent.ThreadPoolExecutor.runWorker(ThreadPoolExecutor.java:1134)&#10;        at java.util.concurrent.ThreadPoolExecutor$Worker.run(ThreadPoolExecutor.java:624)&#10;        at java.lang.Thread.run(Thread.java:748)&#10;&quot;org.eclipse.jetty.server.session.HashSessionManager@64d4f7c7Timer&quot; daemon prio=5 tid=302 timed_waiting&#10;java.lang.Thread.State: TIMED_WAITING&#10;        at sun.misc.Unsafe.park(Native Method)&#10;        at java.util.concurrent.locks.LockSupport.parkNanos(LockSupport.java:215)&#10;        at java.util.concurrent.locks.AbstractQueuedSynchronizer$ConditionObject.awaitNanos(AbstractQueuedSynchronizer.java:2078)&#10;        at java.util.concurrent.ScheduledThreadPoolExecutor$DelayedWorkQueue.take(ScheduledThreadPoolExecutor.java:1093)&#10;        at java.util.concurrent.ScheduledThreadPoolExecutor$DelayedWorkQueue.take(ScheduledThreadPoolExecutor.java:809)&#10;        at java.util.concurrent.ThreadPoolExecutor.getTask(ThreadPoolExecutor.java:1074)&#10;        at java.util.concurrent.ThreadPoolExecutor.runWorker(ThreadPoolExecutor.java:1134)&#10;        at java.util.concurrent.ThreadPoolExecutor$Worker.run(ThreadPoolExecutor.java:624)&#10;        at java.lang.Thread.run(Thread.java:748)&#10;&quot;pool-26-thread-32&quot;  prio=5 tid=345 in Object.wait()&#10;java.lang.Thread.State: WAITING (on object monitor)&#10;        at sun.misc.Unsafe.park(Native Method)&#10;        at java.util.concurrent.locks.LockSupport.park(LockSupport.java:175)&#10;        at java.util.concurrent.locks.AbstractQueuedSynchronizer$ConditionObject.await(AbstractQueuedSynchronizer.java:2039)&#10;        at java.util.concurrent.ArrayBlockingQueue.take(ArrayBlockingQueue.java:403)&#10;        at java.util.concurrent.ThreadPoolExecutor.getTask(ThreadPoolExecutor.java:1074)&#10;        at java.util.concurrent.ThreadPoolExecutor.runWorker(ThreadPoolExecutor.java:1134)&#10;        at java.util.concurrent.ThreadPoolExecutor$Worker.run(ThreadPoolExecutor.java:624)&#10;        at java.lang.Thread.run(Thread.java:748)&#10;&quot;org.eclipse.jetty.server.session.HashSessionManager@56637cffTimer&quot; daemon prio=5 tid=276 timed_waiting&#10;java.lang.Thread.State: TIMED_WAITING&#10;        at sun.misc.Unsafe.park(Native Method)&#10;        at java.util.concurrent.locks.LockSupport.parkNanos(LockSupport.java:215)&#10;        at java.util.concurrent.locks.AbstractQueuedSynchronizer$ConditionObject.awaitNanos(AbstractQueuedSynchronizer.java:2078)&#10;        at java.util.concurrent.ScheduledThreadPoolExecutor$DelayedWorkQueue.take(ScheduledThreadPoolExecutor.java:1093)&#10;        at java.util.concurrent.ScheduledThreadPoolExecutor$DelayedWorkQueue.take(ScheduledThreadPoolExecutor.java:809)&#10;        at java.util.concurrent.ThreadPoolExecutor.getTask(ThreadPoolExecutor.java:1074)&#10;        at java.util.concurrent.ThreadPoolExecutor.runWorker(ThreadPoolExecutor.java:1134)&#10;        at java.util.concurrent.ThreadPoolExecutor$Worker.run(ThreadPoolExecutor.java:624)&#10;        at java.lang.Thread.run(Thread.java:748)&#10;&quot;pool-66-thread-8&quot;  prio=5 tid=570 in Object.wait()&#10;java.lang.Thread.State: WAITING (on object monitor)&#10;        at sun.misc.Unsafe.park(Native Method)&#10;        at java.util.concurrent.locks.LockSupport.park(LockSupport.java:175)&#10;        at java.util.concurrent.locks.AbstractQueuedSynchronizer$ConditionObject.await(AbstractQueuedSynchronizer.java:2039)&#10;        at java.util.concurrent.ArrayBlockingQueue.take(ArrayBlockingQueue.java:403)&#10;        at java.util.concurrent.ThreadPoolExecutor.getTask(ThreadPoolExecutor.java:1074)&#10;        at java.util.concurrent.ThreadPoolExecutor.runWorker(ThreadPoolExecutor.java:1134)&#10;        at java.util.concurrent.ThreadPoolExecutor$Worker.run(ThreadPoolExecutor.java:624)&#10;        at java.lang.Thread.run(Thread.java:748)&#10;&quot;grpc-default-executor-10&quot; daemon prio=5 tid=975 timed_waiting&#10;java.lang.Thread.State: TIMED_WAITING&#10;        at sun.misc.Unsafe.park(Native Method)&#10;        at java.util.concurrent.locks.LockSupport.parkNanos(LockSupport.java:215)&#10;        at java.util.concurrent.SynchronousQueue$TransferStack.awaitFulfill(SynchronousQueue.java:460)&#10;        at java.util.concurrent.SynchronousQueue$TransferStack.transfer(SynchronousQueue.java:362)&#10;        at java.util.concurrent.SynchronousQueue.poll(SynchronousQueue.java:941)&#10;        at java.util.concurrent.ThreadPoolExecutor.getTask(ThreadPoolExecutor.java:1073)&#10;        at java.util.concurrent.ThreadPoolExecutor.runWorker(ThreadPoolExecutor.java:1134)&#10;        at java.util.concurrent.ThreadPoolExecutor$Worker.run(ThreadPoolExecutor.java:624)&#10;        at java.lang.Thread.run(Thread.java:748)&#10;&quot;qtp564272228-91-acceptor-0@765bf8f3-ServerConnector@ca27722{HTTP/1.1,[http/1.1]}{0.0.0.0:36173}&quot; daemon prio=3 tid=91 runnable&#10;java.lang.Thread.State: RUNNABLE&#10;        at sun.nio.ch.ServerSocketChannelImpl.accept0(Native Method)&#10;        at sun.nio.ch.ServerSocketChannelImpl.accept(ServerSocketChannelImpl.java:422)&#10;        at sun.nio.ch.ServerSocketChannelImpl.accept(ServerSocketChannelImpl.java:250)&#10;        at org.eclipse.jetty.server.ServerConnector.accept(ServerConnector.java:397)&#10;        at org.eclipse.jetty.server.AbstractConnector$Acceptor.run(AbstractConnector.java:601)&#10;        at org.eclipse.jetty.util.thread.QueuedThreadPool.runJob(QueuedThreadPool.java:671)&#10;        at org.eclipse.jetty.util.thread.QueuedThreadPool$2.run(QueuedThreadPool.java:589)&#10;        at java.lang.Thread.run(Thread.java:748)&#10;&quot;org.eclipse.jetty.server.session.HashSessionManager@30b131b2Timer&quot; daemon prio=5 tid=195 timed_waiting&#10;java.lang.Thread.State: TIMED_WAITING&#10;        at sun.misc.Unsafe.park(Native Method)&#10;        at java.util.concurrent.locks.LockSupport.parkNanos(LockSupport.java:215)&#10;        at java.util.concurrent.locks.AbstractQueuedSynchronizer$ConditionObject.awaitNanos(AbstractQueuedSynchronizer.java:2078)&#10;        at java.util.concurrent.ScheduledThreadPoolExecutor$DelayedWorkQueue.take(ScheduledThreadPoolExecutor.java:1093)&#10;        at java.util.concurrent.ScheduledThreadPoolExecutor$DelayedWorkQueue.take(ScheduledThreadPoolExecutor.java:809)&#10;        at java.util.concurrent.ThreadPoolExecutor.getTask(ThreadPoolExecutor.java:1074)&#10;        at java.util.concurrent.ThreadPoolExecutor.runWorker(ThreadPoolExecutor.java:1134)&#10;        at java.util.concurrent.ThreadPoolExecutor$Worker.run(ThreadPoolExecutor.java:624)&#10;        at java.lang.Thread.run(Thread.java:748)&#10;&quot;pool-76-thread-12&quot;  prio=5 tid=636 in Object.wait()&#10;java.lang.Thread.State: WAITING (on object monitor)&#10;        at sun.misc.Unsafe.park(Native Method)&#10;        at java.util.concurrent.locks.LockSupport.park(LockSupport.java:175)&#10;        at java.util.concurrent.locks.AbstractQueuedSynchronizer$ConditionObject.await(AbstractQueuedSynchronizer.java:2039)&#10;        at java.util.concurrent.ArrayBlockingQueue.take(ArrayBlockingQueue.java:403)&#10;        at java.util.concurrent.ThreadPoolExecutor.getTask(ThreadPoolExecutor.java:1074)&#10;        at java.util.concurrent.ThreadPoolExecutor.runWorker(ThreadPoolExecutor.java:1134)&#10;        at java.util.concurrent.ThreadPoolExecutor$Worker.run(ThreadPoolExecutor.java:624)&#10;        at java.lang.Thread.run(Thread.java:748)&#10;&quot;a7d59ef6-3eca-4628-b097-12d983444e7f@group-7CC56FB5D3F9-StateMachineUpdater&quot; daemon prio=5 tid=831 in Object.wait()&#10;java.lang.Thread.State: WAITING (on object monitor)&#10;        at java.lang.Object.wait(Native Method)&#10;        at java.lang.Object.wait(Object.java:502)&#10;        at org.apache.ratis.server.impl.StateMachineUpdater.waitForCommit(StateMachineUpdater.java:183)&#10;        at org.apache.ratis.server.impl.StateMachineUpdater.run(StateMachineUpdater.java:148)&#10;        at java.lang.Thread.run(Thread.java:748)&#10;&quot;pool-46-thread-46&quot;  prio=5 tid=479 in Object.wait()&#10;java.lang.Thread.State: WAITING (on object monitor)&#10;        at sun.misc.Unsafe.park(Native Method)&#10;        at java.util.concurrent.locks.LockSupport.park(LockSupport.java:175)&#10;        at java.util.concurrent.locks.AbstractQueuedSynchronizer$ConditionObject.await(AbstractQueuedSynchronizer.java:2039)&#10;        at java.util.concurrent.ArrayBlockingQueue.take(ArrayBlockingQueue.java:403)&#10;        at java.util.concurrent.ThreadPoolExecutor.getTask(ThreadPoolExecutor.java:1074)&#10;        at java.util.concurrent.ThreadPoolExecutor.runWorker(ThreadPoolExecutor.java:1134)&#10;        at java.util.concurrent.ThreadPoolExecutor$Worker.run(ThreadPoolExecutor.java:624)&#10;        at java.lang.Thread.run(Thread.java:748)&#10;&quot;grpc-default-executor-2&quot; daemon prio=5 tid=708 timed_waiting&#10;java.lang.Thread.State: TIMED_WAITING&#10;        at sun.misc.Unsafe.park(Native Method)&#10;        at java.util.concurrent.locks.LockSupport.parkNanos(LockSupport.java:215)&#10;        at java.util.concurrent.SynchronousQueue$TransferStack.awaitFulfill(SynchronousQueue.java:460)&#10;        at java.util.concurrent.SynchronousQueue$TransferStack.transfer(SynchronousQueue.java:362)&#10;        at java.util.concurrent.SynchronousQueue.poll(SynchronousQueue.java:941)&#10;        at java.util.concurrent.ThreadPoolExecutor.getTask(ThreadPoolExecutor.java:1073)&#10;        at java.util.concurrent.ThreadPoolExecutor.runWorker(ThreadPoolExecutor.java:1134)&#10;        at java.util.concurrent.ThreadPoolExecutor$Worker.run(ThreadPoolExecutor.java:624)&#10;        at java.lang.Thread.run(Thread.java:748)&#10;&quot;surefire-forkedjvm-ping-30s&quot; daemon prio=5 tid=9 timed_waiting&#10;java.lang.Thread.State: TIMED_WAITING&#10;        at sun.misc.Unsafe.park(Native Method)&#10;        at java.util.concurrent.locks.LockSupport.parkNanos(LockSupport.java:215)&#10;        at java.util.concurrent.locks.AbstractQueuedSynchronizer$ConditionObject.awaitNanos(AbstractQueuedSynchronizer.java:2078)&#10;        at java.util.concurrent.ScheduledThreadPoolExecutor$DelayedWorkQueue.take(ScheduledThreadPoolExecutor.java:1093)&#10;        at java.util.concurrent.ScheduledThreadPoolExecutor$DelayedWorkQueue.take(ScheduledThreadPoolExecutor.java:809)&#10;        at java.util.concurrent.ThreadPoolExecutor.getTask(ThreadPoolExecutor.java:1074)&#10;        at java.util.concurrent.ThreadPoolExecutor.runWorker(ThreadPoolExecutor.java:1134)&#10;        at java.util.concurrent.ThreadPoolExecutor$Worker.run(ThreadPoolExecutor.java:624)&#10;        at java.lang.Thread.run(Thread.java:748)&#10;&quot;Periodic HDDS volume checker&quot;  prio=5 tid=152 timed_waiting&#10;java.lang.Thread.State: TIMED_WAITING&#10;        at sun.misc.Unsafe.park(Native Method)&#10;        at java.util.concurrent.locks.LockSupport.parkNanos(LockSupport.java:215)&#10;        at java.util.concurrent.locks.AbstractQueuedSynchronizer$ConditionObject.awaitNanos(AbstractQueuedSynchronizer.java:2078)&#10;        at java.util.concurrent.ScheduledThreadPoolExecutor$DelayedWorkQueue.take(ScheduledThreadPoolExecutor.java:1093)&#10;        at java.util.concurrent.ScheduledThreadPoolExecutor$DelayedWorkQueue.take(ScheduledThreadPoolExecutor.java:809)&#10;        at java.util.concurrent.ThreadPoolExecutor.getTask(ThreadPoolExecutor.java:1074)&#10;        at java.util.concurrent.ThreadPoolExecutor.runWorker(ThreadPoolExecutor.java:1134)&#10;        at java.util.concurrent.ThreadPoolExecutor$Worker.run(ThreadPoolExecutor.java:624)&#10;        at java.lang.Thread.run(Thread.java:748)&#10;&quot;java.util.concurrent.ThreadPoolExecutor$Worker@7d8fd850[State = -1, empty queue]&quot; daemon prio=5 tid=1843 timed_waiting&#10;java.lang.Thread.State: TIMED_WAITING&#10;        at sun.misc.Unsafe.park(Native Method)&#10;        at java.util.concurrent.locks.LockSupport.parkNanos(LockSupport.java:215)&#10;        at java.util.concurrent.locks.AbstractQueuedSynchronizer$ConditionObject.awaitNanos(AbstractQueuedSynchronizer.java:2078)&#10;        at java.util.concurrent.ScheduledThreadPoolExecutor$DelayedWorkQueue.take(ScheduledThreadPoolExecutor.java:1093)&#10;        at java.util.concurrent.ScheduledThreadPoolExecutor$DelayedWorkQueue.take(ScheduledThreadPoolExecutor.java:809)&#10;        at java.util.concurrent.ThreadPoolExecutor.getTask(ThreadPoolExecutor.java:1074)&#10;        at java.util.concurrent.ThreadPoolExecutor.runWorker(ThreadPoolExecutor.java:1134)&#10;        at java.util.concurrent.ThreadPoolExecutor$Worker.run(ThreadPoolExecutor.java:624)&#10;        at java.lang.Thread.run(Thread.java:748)&#10;&quot;IPC Server handler 1 on 37215&quot; daemon prio=5 tid=50 timed_waiting&#10;java.lang.Thread.State: TIMED_WAITING&#10;        at sun.misc.Unsafe.park(Native Method)&#10;        at java.util.concurrent.locks.LockSupport.parkNanos(LockSupport.java:215)&#10;        at java.util.concurrent.locks.AbstractQueuedSynchronizer$ConditionObject.awaitNanos(AbstractQueuedSynchronizer.java:2078)&#10;        at java.util.concurrent.LinkedBlockingQueue.poll(LinkedBlockingQueue.java:467)&#10;        at org.apache.hadoop.ipc.CallQueueManager.take(CallQueueManager.java:288)&#10;        at org.apache.hadoop.ipc.Server$Handler.run(Server.java:2668)&#10;&quot;pool-76-thread-35&quot;  prio=5 tid=659 in Object.wait()&#10;java.lang.Thread.State: WAITING (on object monitor)&#10;        at sun.misc.Unsafe.park(Native Method)&#10;        at java.util.concurrent.locks.LockSupport.park(LockSupport.java:175)&#10;        at java.util.concurrent.locks.AbstractQueuedSynchronizer$ConditionObject.await(AbstractQueuedSynchronizer.java:2039)&#10;        at java.util.concurrent.ArrayBlockingQueue.take(ArrayBlockingQueue.java:403)&#10;        at java.util.concurrent.ThreadPoolExecutor.getTask(ThreadPoolExecutor.java:1074)&#10;        at java.util.concurrent.ThreadPoolExecutor.runWorker(ThreadPoolExecutor.java:1134)&#10;        at java.util.concurrent.ThreadPoolExecutor$Worker.run(ThreadPoolExecutor.java:624)&#10;        at java.lang.Thread.run(Thread.java:748)&#10;&quot;pool-46-thread-54&quot;  prio=5 tid=487 in Object.wait()&#10;java.lang.Thread.State: WAITING (on object monitor)&#10;        at sun.misc.Unsafe.park(Native Method)&#10;        at java.util.concurrent.locks.LockSupport.park(LockSupport.java:175)&#10;        at java.util.concurrent.locks.AbstractQueuedSynchronizer$ConditionObject.await(AbstractQueuedSynchronizer.java:2039)&#10;        at java.util.concurrent.ArrayBlockingQueue.take(ArrayBlockingQueue.java:403)&#10;        at java.util.concurrent.ThreadPoolExecutor.getTask(ThreadPoolExecutor.java:1074)&#10;        at java.util.concurrent.ThreadPoolExecutor.runWorker(ThreadPoolExecutor.java:1134)&#10;        at java.util.concurrent.ThreadPoolExecutor$Worker.run(ThreadPoolExecutor.java:624)&#10;        at java.lang.Thread.run(Thread.java:748)&#10;&quot;pool-26-thread-31&quot;  prio=5 tid=344 in Object.wait()&#10;java.lang.Thread.State: WAITING (on object monitor)&#10;        at sun.misc.Unsafe.park(Native Method)&#10;        at java.util.concurrent.locks.LockSupport.park(LockSupport.java:175)&#10;        at java.util.concurrent.locks.AbstractQueuedSynchronizer$ConditionObject.await(AbstractQueuedSynchronizer.java:2039)&#10;        at java.util.concurrent.ArrayBlockingQueue.take(ArrayBlockingQueue.java:403)&#10;        at java.util.concurrent.ThreadPoolExecutor.getTask(ThreadPoolExecutor.java:1074)&#10;        at java.util.concurrent.ThreadPoolExecutor.runWorker(ThreadPoolExecutor.java:1134)&#10;        at java.util.concurrent.ThreadPoolExecutor$Worker.run(ThreadPoolExecutor.java:624)&#10;        at java.lang.Thread.run(Thread.java:748)&#10;&quot;grpc-default-executor-12&quot; daemon prio=5 tid=977 timed_waiting&#10;java.lang.Thread.State: TIMED_WAITING&#10;        at sun.misc.Unsafe.park(Native Method)&#10;        at java.util.concurrent.locks.LockSupport.parkNanos(LockSupport.java:215)&#10;        at java.util.concurrent.SynchronousQueue$TransferStack.awaitFulfill(SynchronousQueue.java:460)&#10;        at java.util.concurrent.SynchronousQueue$TransferStack.transfer(SynchronousQueue.java:362)&#10;        at java.util.concurrent.SynchronousQueue.poll(SynchronousQueue.java:941)&#10;        at java.util.concurrent.ThreadPoolExecutor.getTask(ThreadPoolExecutor.java:1073)&#10;        at java.util.concurrent.ThreadPoolExecutor.runWorker(ThreadPoolExecutor.java:1134)&#10;        at java.util.concurrent.ThreadPoolExecutor$Worker.run(ThreadPoolExecutor.java:624)&#10;        at java.lang.Thread.run(Thread.java:748)&#10;&quot;IPC Server handler 4 on 45005&quot; daemon prio=5 tid=33 timed_waiting&#10;java.lang.Thread.State: TIMED_WAITING&#10;        at sun.misc.Unsafe.park(Native Method)&#10;        at java.util.concurrent.locks.LockSupport.parkNanos(LockSupport.java:215)&#10;        at java.util.concurrent.locks.AbstractQueuedSynchronizer$ConditionObject.awaitNanos(AbstractQueuedSynchronizer.java:2078)&#10;        at java.util.concurrent.LinkedBlockingQueue.poll(LinkedBlockingQueue.java:467)&#10;        at org.apache.hadoop.ipc.CallQueueManager.take(CallQueueManager.java:288)&#10;        at org.apache.hadoop.ipc.Server$Handler.run(Server.java:2668)&#10;&quot;grpc-default-executor-0&quot; daemon prio=5 tid=699 timed_waiting&#10;java.lang.Thread.State: TIMED_WAITING&#10;        at sun.misc.Unsafe.park(Native Method)&#10;        at java.util.concurrent.locks.LockSupport.parkNanos(LockSupport.java:215)&#10;        at java.util.concurrent.SynchronousQueue$TransferStack.awaitFulfill(SynchronousQueue.java:460)&#10;        at java.util.concurrent.SynchronousQueue$TransferStack.transfer(SynchronousQueue.java:362)&#10;        at java.util.concurrent.SynchronousQueue.poll(SynchronousQueue.java:941)&#10;        at java.util.concurrent.ThreadPoolExecutor.getTask(ThreadPoolExecutor.java:1073)&#10;        at java.util.concurrent.ThreadPoolExecutor.runWorker(ThreadPoolExecutor.java:1134)&#10;        at java.util.concurrent.ThreadPoolExecutor$Worker.run(ThreadPoolExecutor.java:624)&#10;        at java.lang.Thread.run(Thread.java:748)&#10;&quot;pool-26-thread-46&quot;  prio=5 tid=359 in Object.wait()&#10;java.lang.Thread.State: WAITING (on object monitor)&#10;        at sun.misc.Unsafe.park(Native Method)&#10;        at java.util.concurrent.locks.LockSupport.park(LockSupport.java:175)&#10;        at java.util.concurrent.locks.AbstractQueuedSynchronizer$ConditionObject.await(AbstractQueuedSynchronizer.java:2039)&#10;        at java.util.concurrent.ArrayBlockingQueue.take(ArrayBlockingQueue.java:403)&#10;        at java.util.concurrent.ThreadPoolExecutor.getTask(ThreadPoolExecutor.java:1074)&#10;        at java.util.concurrent.ThreadPoolExecutor.runWorker(ThreadPoolExecutor.java:1134)&#10;        at java.util.concurrent.ThreadPoolExecutor$Worker.run(ThreadPoolExecutor.java:624)&#10;        at java.lang.Thread.run(Thread.java:748)&#10;&quot;Thread-1164&quot; daemon prio=5 tid=1750 timed_waiting&#10;java.lang.Thread.State: TIMED_WAITING&#10;        at java.lang.Thread.sleep(Native Method)&#10;        at org.apache.ratis.util.JavaUtils.sleep(JavaUtils.java:247)&#10;        at org.apache.ratis.server.impl.FollowerState.run(FollowerState.java:96)&#10;&quot;pool-50-thread-1&quot;  prio=5 tid=212 timed_waiting&#10;java.lang.Thread.State: TIMED_WAITING&#10;        at sun.misc.Unsafe.park(Native Method)&#10;        at java.util.concurrent.locks.LockSupport.parkNanos(LockSupport.java:215)&#10;        at java.util.concurrent.locks.AbstractQueuedSynchronizer$ConditionObject.awaitNanos(AbstractQueuedSynchronizer.java:2078)&#10;        at java.util.concurrent.ScheduledThreadPoolExecutor$DelayedWorkQueue.take(ScheduledThreadPoolExecutor.java:1093)&#10;        at java.util.concurrent.ScheduledThreadPoolExecutor$DelayedWorkQueue.take(ScheduledThreadPoolExecutor.java:809)&#10;        at java.util.concurrent.ThreadPoolExecutor.getTask(ThreadPoolExecutor.java:1074)&#10;        at java.util.concurrent.ThreadPoolExecutor.runWorker(ThreadPoolExecutor.java:1134)&#10;        at java.util.concurrent.ThreadPoolExecutor$Worker.run(ThreadPoolExecutor.java:624)&#10;        at java.lang.Thread.run(Thread.java:748)&#10;&quot;IPC Server idle connection scanner for port 37215&quot; daemon prio=5 tid=20 timed_waiting&#10;java.lang.Thread.State: TIMED_WAITING&#10;        at java.lang.Object.wait(Native Method)&#10;        at java.util.TimerThread.mainLoop(Timer.java:552)&#10;        at java.util.TimerThread.run(Timer.java:505)&#10;&quot;pool-66-thread-15&quot;  prio=5 tid=577 in Object.wait()&#10;java.lang.Thread.State: WAITING (on object monitor)&#10;        at sun.misc.Unsafe.park(Native Method)&#10;        at java.util.concurrent.locks.LockSupport.park(LockSupport.java:175)&#10;        at java.util.concurrent.locks.AbstractQueuedSynchronizer$ConditionObject.await(AbstractQueuedSynchronizer.java:2039)&#10;        at java.util.concurrent.ArrayBlockingQueue.take(ArrayBlockingQueue.java:403)&#10;        at java.util.concurrent.ThreadPoolExecutor.getTask(ThreadPoolExecutor.java:1074)&#10;        at java.util.concurrent.ThreadPoolExecutor.runWorker(ThreadPoolExecutor.java:1134)&#10;        at java.util.concurrent.ThreadPoolExecutor$Worker.run(ThreadPoolExecutor.java:624)&#10;        at java.lang.Thread.run(Thread.java:748)&#10;&quot;org.eclipse.jetty.server.session.HashSessionManager@715b886fTimer&quot; daemon prio=5 tid=248 timed_waiting&#10;java.lang.Thread.State: TIMED_WAITING&#10;        at sun.misc.Unsafe.park(Native Method)&#10;        at java.util.concurrent.locks.LockSupport.parkNanos(LockSupport.java:215)&#10;        at java.util.concurrent.locks.AbstractQueuedSynchronizer$ConditionObject.awaitNanos(AbstractQueuedSynchronizer.java:2078)&#10;        at java.util.concurrent.ScheduledThreadPoolExecutor$DelayedWorkQueue.take(ScheduledThreadPoolExecutor.java:1093)&#10;        at java.util.concurrent.ScheduledThreadPoolExecutor$DelayedWorkQueue.take(ScheduledThreadPoolExecutor.java:809)&#10;        at java.util.concurrent.ThreadPoolExecutor.getTask(ThreadPoolExecutor.java:1074)&#10;        at java.util.concurrent.ThreadPoolExecutor.runWorker(ThreadPoolExecutor.java:1134)&#10;        at java.util.concurrent.ThreadPoolExecutor$Worker.run(ThreadPoolExecutor.java:624)&#10;        at java.lang.Thread.run(Thread.java:748)&#10;&quot;metrics-hadoop-metrics2-reporter-5-thread-1&quot; daemon prio=5 tid=720 timed_waiting&#10;java.lang.Thread.State: TIMED_WAITING&#10;        at sun.misc.Unsafe.park(Native Method)&#10;        at java.util.concurrent.locks.LockSupport.parkNanos(LockSupport.java:215)&#10;        at java.util.concurrent.locks.AbstractQueuedSynchronizer$ConditionObject.awaitNanos(AbstractQueuedSynchronizer.java:2078)&#10;        at java.util.concurrent.ScheduledThreadPoolExecutor$DelayedWorkQueue.take(ScheduledThreadPoolExecutor.java:1093)&#10;        at java.util.concurrent.ScheduledThreadPoolExecutor$DelayedWorkQueue.take(ScheduledThreadPoolExecutor.java:809)&#10;        at java.util.concurrent.ThreadPoolExecutor.getTask(ThreadPoolExecutor.java:1074)&#10;        at java.util.concurrent.ThreadPoolExecutor.runWorker(ThreadPoolExecutor.java:1134)&#10;        at java.util.concurrent.ThreadPoolExecutor$Worker.run(ThreadPoolExecutor.java:624)&#10;        at java.lang.Thread.run(Thread.java:748)&#10;&quot;qtp1947666055-298&quot; daemon prio=5 tid=298 timed_waiting&#10;java.lang.Thread.State: TIMED_WAITING&#10;        at sun.misc.Unsafe.park(Native Method)&#10;        at java.util.concurrent.locks.LockSupport.parkNanos(LockSupport.java:215)&#10;        at java.util.concurrent.locks.AbstractQueuedSynchronizer$ConditionObject.awaitNanos(AbstractQueuedSynchronizer.java:2078)&#10;        at org.eclipse.jetty.util.BlockingArrayQueue.poll(BlockingArrayQueue.java:392)&#10;        at org.eclipse.jetty.util.thread.QueuedThreadPool.idleJobPoll(QueuedThreadPool.java:563)&#10;        at org.eclipse.jetty.util.thread.QueuedThreadPool.access$800(QueuedThreadPool.java:48)&#10;        at org.eclipse.jetty.util.thread.QueuedThreadPool$2.run(QueuedThreadPool.java:626)&#10;        at java.lang.Thread.run(Thread.java:748)&#10;&quot;pool-60-thread-1&quot;  prio=5 tid=239 timed_waiting&#10;java.lang.Thread.State: TIMED_WAITING&#10;        at sun.misc.Unsafe.park(Native Method)&#10;        at java.util.concurrent.locks.LockSupport.parkNanos(LockSupport.java:215)&#10;        at java.util.concurrent.locks.AbstractQueuedSynchronizer$ConditionObject.awaitNanos(AbstractQueuedSynchronizer.java:2078)&#10;        at java.util.concurrent.ScheduledThreadPoolExecutor$DelayedWorkQueue.take(ScheduledThreadPoolExecutor.java:1093)&#10;        at java.util.concurrent.ScheduledThreadPoolExecutor$DelayedWorkQueue.take(ScheduledThreadPoolExecutor.java:809)&#10;        at java.util.concurrent.ThreadPoolExecutor.getTask(ThreadPoolExecutor.java:1074)&#10;        at java.util.concurrent.ThreadPoolExecutor.runWorker(ThreadPoolExecutor.java:1134)&#10;        at java.util.concurrent.ThreadPoolExecutor$Worker.run(ThreadPoolExecutor.java:624)&#10;        at java.lang.Thread.run(Thread.java:748)&#10;&quot;IPC Server handler 5 on 40029&quot; daemon prio=5 tid=74 timed_waiting&#10;java.lang.Thread.State: TIMED_WAITING&#10;        at sun.misc.Unsafe.park(Native Method)&#10;        at java.util.concurrent.locks.LockSupport.parkNanos(LockSupport.java:215)&#10;        at java.util.concurrent.locks.AbstractQueuedSynchronizer$ConditionObject.awaitNanos(AbstractQueuedSynchronizer.java:2078)&#10;        at java.util.concurrent.LinkedBlockingQueue.poll(LinkedBlockingQueue.java:467)&#10;        at org.apache.hadoop.ipc.CallQueueManager.take(CallQueueManager.java:288)&#10;        at org.apache.hadoop.ipc.Server$Handler.run(Server.java:2668)&#10;&quot;IPC Server handler 3 on 44461&quot; daemon prio=5 tid=118 timed_waiting&#10;java.lang.Thread.State: TIMED_WAITING&#10;        at sun.misc.Unsafe.park(Native Method)&#10;        at java.util.concurrent.locks.LockSupport.parkNanos(LockSupport.java:215)&#10;        at java.util.concurrent.locks.AbstractQueuedSynchronizer$ConditionObject.awaitNanos(AbstractQueuedSynchronizer.java:2078)&#10;        at java.util.concurrent.LinkedBlockingQueue.poll(LinkedBlockingQueue.java:467)&#10;        at org.apache.hadoop.ipc.CallQueueManager.take(CallQueueManager.java:288)&#10;        at org.apache.hadoop.ipc.Server$Handler.run(Server.java:2668)&#10;&quot;Socket Reader #1 for port 44461&quot;  prio=5 tid=110 runnable&#10;java.lang.Thread.State: RUNNABLE&#10;        at sun.nio.ch.EPollArrayWrapper.epollWait(Native Method)&#10;        at sun.nio.ch.EPollArrayWrapper.poll(EPollArrayWrapper.java:269)&#10;        at sun.nio.ch.EPollSelectorImpl.doSelect(EPollSelectorImpl.java:93)&#10;        at sun.nio.ch.SelectorImpl.lockAndDoSelect(SelectorImpl.java:86)&#10;        at sun.nio.ch.SelectorImpl.select(SelectorImpl.java:97)&#10;        at sun.nio.ch.SelectorImpl.select(SelectorImpl.java:101)&#10;        at org.apache.hadoop.ipc.Server$Listener$Reader.doRunLoop(Server.java:1097)&#10;        at org.apache.hadoop.ipc.Server$Listener$Reader.run(Server.java:1076)&#10;&quot;grpc-default-executor-13&quot; daemon prio=5 tid=978 timed_waiting&#10;java.lang.Thread.State: TIMED_WAITING&#10;        at sun.misc.Unsafe.park(Native Method)&#10;        at java.util.concurrent.locks.LockSupport.parkNanos(LockSupport.java:215)&#10;        at java.util.concurrent.SynchronousQueue$TransferStack.awaitFulfill(SynchronousQueue.java:460)&#10;        at java.util.concurrent.SynchronousQueue$TransferStack.transfer(SynchronousQueue.java:362)&#10;        at java.util.concurrent.SynchronousQueue.poll(SynchronousQueue.java:941)&#10;        at java.util.concurrent.ThreadPoolExecutor.getTask(ThreadPoolExecutor.java:1073)&#10;        at java.util.concurrent.ThreadPoolExecutor.runWorker(ThreadPoolExecutor.java:1134)&#10;        at java.util.concurrent.ThreadPoolExecutor$Worker.run(ThreadPoolExecutor.java:624)&#10;        at java.lang.Thread.run(Thread.java:748)&#10;&quot;ReplicationMonitor&quot; daemon prio=5 tid=704 timed_waiting&#10;java.lang.Thread.State: TIMED_WAITING&#10;        at java.lang.Object.wait(Native Method)&#10;        at org.apache.hadoop.hdds.scm.container.ReplicationManager.run(ReplicationManager.java:230)&#10;        at org.apache.hadoop.hdds.scm.container.ReplicationManager$$Lambda$235/1226543496.run(Unknown Source)&#10;        at java.lang.Thread.run(Thread.java:748)&#10;&quot;pool-46-thread-12&quot;  prio=5 tid=445 in Object.wait()&#10;java.lang.Thread.State: WAITING (on object monitor)&#10;        at sun.misc.Unsafe.park(Native Method)&#10;        at java.util.concurrent.locks.LockSupport.park(LockSupport.java:175)&#10;        at java.util.concurrent.locks.AbstractQueuedSynchronizer$ConditionObject.await(AbstractQueuedSynchronizer.java:2039)&#10;        at java.util.concurrent.ArrayBlockingQueue.take(ArrayBlockingQueue.java:403)&#10;        at java.util.concurrent.ThreadPoolExecutor.getTask(ThreadPoolExecutor.java:1074)&#10;        at java.util.concurrent.ThreadPoolExecutor.runWorker(ThreadPoolExecutor.java:1134)&#10;        at java.util.concurrent.ThreadPoolExecutor$Worker.run(ThreadPoolExecutor.java:624)&#10;        at java.lang.Thread.run(Thread.java:748)&#10;&quot;IPC Server handler 7 on 45005&quot; daemon prio=5 tid=36 timed_waiting&#10;java.lang.Thread.State: TIMED_WAITING&#10;        at sun.misc.Unsafe.park(Native Method)&#10;        at java.util.concurrent.locks.LockSupport.parkNanos(LockSupport.java:215)&#10;        at java.util.concurrent.locks.AbstractQueuedSynchronizer$ConditionObject.awaitNanos(AbstractQueuedSynchronizer.java:2078)&#10;        at java.util.concurrent.LinkedBlockingQueue.poll(LinkedBlockingQueue.java:467)&#10;        at org.apache.hadoop.ipc.CallQueueManager.take(CallQueueManager.java:288)&#10;        at org.apache.hadoop.ipc.Server$Handler.run(Server.java:2668)&#10;&quot;pool-66-thread-59&quot;  prio=5 tid=621 in Object.wait()&#10;java.lang.Thread.State: WAITING (on object monitor)&#10;        at sun.misc.Unsafe.park(Native Method)&#10;        at java.util.concurrent.locks.LockSupport.park(LockSupport.java:175)&#10;        at java.util.concurrent.locks.AbstractQueuedSynchronizer$ConditionObject.await(AbstractQueuedSynchronizer.java:2039)&#10;        at java.util.concurrent.ArrayBlockingQueue.take(ArrayBlockingQueue.java:403)&#10;        at java.util.concurrent.ThreadPoolExecutor.getTask(ThreadPoolExecutor.java:1074)&#10;        at java.util.concurrent.ThreadPoolExecutor.runWorker(ThreadPoolExecutor.java:1134)&#10;        at java.util.concurrent.ThreadPoolExecutor$Worker.run(ThreadPoolExecutor.java:624)&#10;        at java.lang.Thread.run(Thread.java:748)&#10;&quot;pool-46-thread-38&quot;  prio=5 tid=471 in Object.wait()&#10;java.lang.Thread.State: WAITING (on object monitor)&#10;        at sun.misc.Unsafe.park(Native Method)&#10;        at java.util.concurrent.locks.LockSupport.park(LockSupport.java:175)&#10;        at java.util.concurrent.locks.AbstractQueuedSynchronizer$ConditionObject.await(AbstractQueuedSynchronizer.java:2039)&#10;        at java.util.concurrent.ArrayBlockingQueue.take(ArrayBlockingQueue.java:403)&#10;        at java.util.concurrent.ThreadPoolExecutor.getTask(ThreadPoolExecutor.java:1074)&#10;        at java.util.concurrent.ThreadPoolExecutor.runWorker(ThreadPoolExecutor.java:1134)&#10;        at java.util.concurrent.ThreadPoolExecutor$Worker.run(ThreadPoolExecutor.java:624)&#10;        at java.lang.Thread.run(Thread.java:748)&#10;&quot;pool-27-thread-1&quot;  prio=5 tid=703 in Object.wait()&#10;java.lang.Thread.State: WAITING (on object monitor)&#10;        at sun.misc.Unsafe.park(Native Method)&#10;        at java.util.concurrent.locks.LockSupport.park(LockSupport.java:175)&#10;        at java.util.concurrent.locks.AbstractQueuedSynchronizer$ConditionObject.await(AbstractQueuedSynchronizer.java:2039)&#10;        at java.util.concurrent.LinkedBlockingQueue.take(LinkedBlockingQueue.java:442)&#10;        at java.util.concurrent.ThreadPoolExecutor.getTask(ThreadPoolExecutor.java:1074)&#10;        at java.util.concurrent.ThreadPoolExecutor.runWorker(ThreadPoolExecutor.java:1134)&#10;        at java.util.concurrent.ThreadPoolExecutor$Worker.run(ThreadPoolExecutor.java:624)&#10;        at java.lang.Thread.run(Thread.java:748)&#10;&quot;pool-64-thread-1&quot; daemon prio=5 tid=264 timed_waiting&#10;java.lang.Thread.State: TIMED_WAITING&#10;        at sun.misc.Unsafe.park(Native Method)&#10;        at java.util.concurrent.locks.LockSupport.parkNanos(LockSupport.java:215)&#10;        at java.util.concurrent.locks.AbstractQueuedSynchronizer$ConditionObject.awaitNanos(AbstractQueuedSynchronizer.java:2078)&#10;        at java.util.concurrent.ScheduledThreadPoolExecutor$DelayedWorkQueue.take(ScheduledThreadPoolExecutor.java:1093)&#10;        at java.util.concurrent.ScheduledThreadPoolExecutor$DelayedWorkQueue.take(ScheduledThreadPoolExecutor.java:809)&#10;        at java.util.concurrent.ThreadPoolExecutor.getTask(ThreadPoolExecutor.java:1074)&#10;        at java.util.concurrent.ThreadPoolExecutor.runWorker(ThreadPoolExecutor.java:1134)&#10;        at java.util.concurrent.ThreadPoolExecutor$Worker.run(ThreadPoolExecutor.java:624)&#10;        at java.lang.Thread.run(Thread.java:748)&#10;&quot;IPC Server handler 14 on 45005&quot; daemon prio=5 tid=43 timed_waiting&#10;java.lang.Thread.State: TIMED_WAITING&#10;        at sun.misc.Unsafe.park(Native Method)&#10;        at java.util.concurrent.locks.LockSupport.parkNanos(LockSupport.java:215)&#10;        at java.util.concurrent.locks.AbstractQueuedSynchronizer$ConditionObject.awaitNanos(AbstractQueuedSynchronizer.java:2078)&#10;        at java.util.concurrent.LinkedBlockingQueue.poll(LinkedBlockingQueue.java:467)&#10;        at org.apache.hadoop.ipc.CallQueueManager.take(CallQueueManager.java:288)&#10;        at org.apache.hadoop.ipc.Server$Handler.run(Server.java:2668)&#10;&quot;pool-76-thread-49&quot;  prio=5 tid=673 in Object.wait()&#10;java.lang.Thread.State: WAITING (on object monitor)&#10;        at sun.misc.Unsafe.park(Native Method)&#10;        at java.util.concurrent.locks.LockSupport.park(LockSupport.java:175)&#10;        at java.util.concurrent.locks.AbstractQueuedSynchronizer$ConditionObject.await(AbstractQueuedSynchronizer.java:2039)&#10;        at java.util.concurrent.ArrayBlockingQueue.take(ArrayBlockingQueue.java:403)&#10;        at java.util.concurrent.ThreadPoolExecutor.getTask(ThreadPoolExecutor.java:1074)&#10;        at java.util.concurrent.ThreadPoolExecutor.runWorker(ThreadPoolExecutor.java:1134)&#10;        at java.util.concurrent.ThreadPoolExecutor$Worker.run(ThreadPoolExecutor.java:624)&#10;        at java.lang.Thread.run(Thread.java:748)&#10;&quot;pool-46-thread-60&quot;  prio=5 tid=493 in Object.wait()&#10;java.lang.Thread.State: WAITING (on object monitor)&#10;        at sun.misc.Unsafe.park(Native Method)&#10;        at java.util.concurrent.locks.LockSupport.park(LockSupport.java:175)&#10;        at java.util.concurrent.locks.AbstractQueuedSynchronizer$ConditionObject.await(AbstractQueuedSynchronizer.java:2039)&#10;        at java.util.concurrent.ArrayBlockingQueue.take(ArrayBlockingQueue.java:403)&#10;        at java.util.concurrent.ThreadPoolExecutor.getTask(ThreadPoolExecutor.java:1074)&#10;        at java.util.concurrent.ThreadPoolExecutor.runWorker(ThreadPoolExecutor.java:1134)&#10;        at java.util.concurrent.ThreadPoolExecutor$Worker.run(ThreadPoolExecutor.java:624)&#10;        at java.lang.Thread.run(Thread.java:748)&#10;&quot;pool-76-thread-53&quot;  prio=5 tid=677 in Object.wait()&#10;java.lang.Thread.State: WAITING (on object monitor)&#10;        at sun.misc.Unsafe.park(Native Method)&#10;        at java.util.concurrent.locks.LockSupport.park(LockSupport.java:175)&#10;        at java.util.concurrent.locks.AbstractQueuedSynchronizer$ConditionObject.await(AbstractQueuedSynchronizer.java:2039)&#10;        at java.util.concurrent.ArrayBlockingQueue.take(ArrayBlockingQueue.java:403)&#10;        at java.util.concurrent.ThreadPoolExecutor.getTask(ThreadPoolExecutor.java:1074)&#10;        at java.util.concurrent.ThreadPoolExecutor.runWorker(ThreadPoolExecutor.java:1134)&#10;        at java.util.concurrent.ThreadPoolExecutor$Worker.run(ThreadPoolExecutor.java:624)&#10;        at java.lang.Thread.run(Thread.java:748)&#10;&quot;pool-66-thread-29&quot;  prio=5 tid=591 in Object.wait()&#10;java.lang.Thread.State: WAITING (on object monitor)&#10;        at sun.misc.Unsafe.park(Native Method)&#10;        at java.util.concurrent.locks.LockSupport.park(LockSupport.java:175)&#10;        at java.util.concurrent.locks.AbstractQueuedSynchronizer$ConditionObject.await(AbstractQueuedSynchronizer.java:2039)&#10;        at java.util.concurrent.ArrayBlockingQueue.take(ArrayBlockingQueue.java:403)&#10;        at java.util.concurrent.ThreadPoolExecutor.getTask(ThreadPoolExecutor.java:1074)&#10;        at java.util.concurrent.ThreadPoolExecutor.runWorker(ThreadPoolExecutor.java:1134)&#10;        at java.util.concurrent.ThreadPoolExecutor$Worker.run(ThreadPoolExecutor.java:624)&#10;        at java.lang.Thread.run(Thread.java:748)&#10;&quot;pool-56-thread-16&quot;  prio=5 tid=510 in Object.wait()&#10;java.lang.Thread.State: WAITING (on object monitor)&#10;        at sun.misc.Unsafe.park(Native Method)&#10;        at java.util.concurrent.locks.LockSupport.park(LockSupport.java:175)&#10;        at java.util.concurrent.locks.AbstractQueuedSynchronizer$ConditionObject.await(AbstractQueuedSynchronizer.java:2039)&#10;        at java.util.concurrent.ArrayBlockingQueue.take(ArrayBlockingQueue.java:403)&#10;        at java.util.concurrent.ThreadPoolExecutor.getTask(ThreadPoolExecutor.java:1074)&#10;        at java.util.concurrent.ThreadPoolExecutor.runWorker(ThreadPoolExecutor.java:1134)&#10;        at java.util.concurrent.ThreadPoolExecutor$Worker.run(ThreadPoolExecutor.java:624)&#10;        at java.lang.Thread.run(Thread.java:748)&#10;&quot;pool-66-thread-5&quot;  prio=5 tid=567 in Object.wait()&#10;java.lang.Thread.State: WAITING (on object monitor)&#10;        at sun.misc.Unsafe.park(Native Method)&#10;        at java.util.concurrent.locks.LockSupport.park(LockSupport.java:175)&#10;        at java.util.concurrent.locks.AbstractQueuedSynchronizer$ConditionObject.await(AbstractQueuedSynchronizer.java:2039)&#10;        at java.util.concurrent.ArrayBlockingQueue.take(ArrayBlockingQueue.java:403)&#10;        at java.util.concurrent.ThreadPoolExecutor.getTask(ThreadPoolExecutor.java:1074)&#10;        at java.util.concurrent.ThreadPoolExecutor.runWorker(ThreadPoolExecutor.java:1134)&#10;        at java.util.concurrent.ThreadPoolExecutor$Worker.run(ThreadPoolExecutor.java:624)&#10;        at java.lang.Thread.run(Thread.java:748)&#10;&quot;IPC Server handler 8 on 37215&quot; daemon prio=5 tid=57 timed_waiting&#10;java.lang.Thread.State: TIMED_WAITING&#10;        at sun.misc.Unsafe.park(Native Method)&#10;        at java.util.concurrent.locks.LockSupport.parkNanos(LockSupport.java:215)&#10;        at java.util.concurrent.locks.AbstractQueuedSynchronizer$ConditionObject.awaitNanos(AbstractQueuedSynchronizer.java:2078)&#10;        at java.util.concurrent.LinkedBlockingQueue.poll(LinkedBlockingQueue.java:467)&#10;        at org.apache.hadoop.ipc.CallQueueManager.take(CallQueueManager.java:288)&#10;        at org.apache.hadoop.ipc.Server$Handler.run(Server.java:2668)&#10;&quot;pool-36-thread-38&quot;  prio=5 tid=411 in Object.wait()&#10;java.lang.Thread.State: WAITING (on object monitor)&#10;        at sun.misc.Unsafe.park(Native Method)&#10;        at java.util.concurrent.locks.LockSupport.park(LockSupport.java:175)&#10;        at java.util.concurrent.locks.AbstractQueuedSynchronizer$ConditionObject.await(AbstractQueuedSynchronizer.java:2039)&#10;        at java.util.concurrent.ArrayBlockingQueue.take(ArrayBlockingQueue.java:403)&#10;        at java.util.concurrent.ThreadPoolExecutor.getTask(ThreadPoolExecutor.java:1074)&#10;        at java.util.concurrent.ThreadPoolExecutor.runWorker(ThreadPoolExecutor.java:1134)&#10;        at java.util.concurrent.ThreadPoolExecutor$Worker.run(ThreadPoolExecutor.java:624)&#10;        at java.lang.Thread.run(Thread.java:748)&#10;&quot;d0888866-0bad-4f41-ad37-dccd4a57b958@group-071025EF7F78-StateMachineUpdater&quot; daemon prio=5 tid=880 in Object.wait()&#10;java.lang.Thread.State: WAITING (on object monitor)&#10;        at java.lang.Object.wait(Native Method)&#10;        at java.lang.Object.wait(Object.java:502)&#10;        at org.apache.ratis.server.impl.StateMachineUpdater.waitForCommit(StateMachineUpdater.java:183)&#10;        at org.apache.ratis.server.impl.StateMachineUpdater.run(StateMachineUpdater.java:148)&#10;        at java.lang.Thread.run(Thread.java:748)&#10;&quot;Finalizer&quot; daemon prio=8 tid=3 in Object.wait()&#10;java.lang.Thread.State: WAITING (on object monitor)&#10;        at java.lang.Object.wait(Native Method)&#10;        at java.lang.ref.ReferenceQueue.remove(ReferenceQueue.java:144)&#10;        at java.lang.ref.ReferenceQueue.remove(ReferenceQueue.java:165)&#10;        at java.lang.ref.Finalizer$FinalizerThread.run(Finalizer.java:216)&#10;&quot;pool-66-thread-10&quot;  prio=5 tid=572 in Object.wait()&#10;java.lang.Thread.State: WAITING (on object monitor)&#10;        at sun.misc.Unsafe.park(Native Method)&#10;        at java.util.concurrent.locks.LockSupport.park(LockSupport.java:175)&#10;        at java.util.concurrent.locks.AbstractQueuedSynchronizer$ConditionObject.await(AbstractQueuedSynchronizer.java:2039)&#10;        at java.util.concurrent.ArrayBlockingQueue.take(ArrayBlockingQueue.java:403)&#10;        at java.util.concurrent.ThreadPoolExecutor.getTask(ThreadPoolExecutor.java:1074)&#10;        at java.util.concurrent.ThreadPoolExecutor.runWorker(ThreadPoolExecutor.java:1134)&#10;        at java.util.concurrent.ThreadPoolExecutor$Worker.run(ThreadPoolExecutor.java:624)&#10;        at java.lang.Thread.run(Thread.java:748)&#10;&quot;pool-36-thread-29&quot;  prio=5 tid=402 in Object.wait()&#10;java.lang.Thread.State: WAITING (on object monitor)&#10;        at sun.misc.Unsafe.park(Native Method)&#10;        at java.util.concurrent.locks.LockSupport.park(LockSupport.java:175)&#10;        at java.util.concurrent.locks.AbstractQueuedSynchronizer$ConditionObject.await(AbstractQueuedSynchronizer.java:2039)&#10;        at java.util.concurrent.ArrayBlockingQueue.take(ArrayBlockingQueue.java:403)&#10;        at java.util.concurrent.ThreadPoolExecutor.getTask(ThreadPoolExecutor.java:1074)&#10;        at java.util.concurrent.ThreadPoolExecutor.runWorker(ThreadPoolExecutor.java:1134)&#10;        at java.util.concurrent.ThreadPoolExecutor$Worker.run(ThreadPoolExecutor.java:624)&#10;        at java.lang.Thread.run(Thread.java:748)&#10;&quot;pool-66-thread-41&quot;  prio=5 tid=603 in Object.wait()&#10;java.lang.Thread.State: WAITING (on object monitor)&#10;        at sun.misc.Unsafe.park(Native Method)&#10;        at java.util.concurrent.locks.LockSupport.park(LockSupport.java:175)&#10;        at java.util.concurrent.locks.AbstractQueuedSynchronizer$ConditionObject.await(AbstractQueuedSynchronizer.java:2039)&#10;        at java.util.concurrent.ArrayBlockingQueue.take(ArrayBlockingQueue.java:403)&#10;        at java.util.concurrent.ThreadPoolExecutor.getTask(ThreadPoolExecutor.java:1074)&#10;        at java.util.concurrent.ThreadPoolExecutor.runWorker(ThreadPoolExecutor.java:1134)&#10;        at java.util.concurrent.ThreadPoolExecutor$Worker.run(ThreadPoolExecutor.java:624)&#10;        at java.lang.Thread.run(Thread.java:748)&#10;&quot;pool-26-thread-53&quot;  prio=5 tid=366 in Object.wait()&#10;java.lang.Thread.State: WAITING (on object monitor)&#10;        at sun.misc.Unsafe.park(Native Method)&#10;        at java.util.concurrent.locks.LockSupport.park(LockSupport.java:175)&#10;        at java.util.concurrent.locks.AbstractQueuedSynchronizer$ConditionObject.await(AbstractQueuedSynchronizer.java:2039)&#10;        at java.util.concurrent.ArrayBlockingQueue.take(ArrayBlockingQueue.java:403)&#10;        at java.util.concurrent.ThreadPoolExecutor.getTask(ThreadPoolExecutor.java:1074)&#10;        at java.util.concurrent.ThreadPoolExecutor.runWorker(ThreadPoolExecutor.java:1134)&#10;        at java.util.concurrent.ThreadPoolExecutor$Worker.run(ThreadPoolExecutor.java:624)&#10;        at java.lang.Thread.run(Thread.java:748)&#10;&quot;java.util.concurrent.ThreadPoolExecutor$Worker@2993a47a[State = -1, empty queue]&quot; daemon prio=5 tid=1860 timed_waiting&#10;java.lang.Thread.State: TIMED_WAITING&#10;        at sun.misc.Unsafe.park(Native Method)&#10;        at java.util.concurrent.locks.LockSupport.parkNanos(LockSupport.java:215)&#10;        at java.util.concurrent.locks.AbstractQueuedSynchronizer$ConditionObject.awaitNanos(AbstractQueuedSynchronizer.java:2078)&#10;        at java.util.concurrent.ScheduledThreadPoolExecutor$DelayedWorkQueue.take(ScheduledThreadPoolExecutor.java:1093)&#10;        at java.util.concurrent.ScheduledThreadPoolExecutor$DelayedWorkQueue.take(ScheduledThreadPoolExecutor.java:809)&#10;        at java.util.concurrent.ThreadPoolExecutor.getTask(ThreadPoolExecutor.java:1074)&#10;        at java.util.concurrent.ThreadPoolExecutor.runWorker(ThreadPoolExecutor.java:1134)&#10;        at java.util.concurrent.ThreadPoolExecutor$Worker.run(ThreadPoolExecutor.java:624)&#10;        at java.lang.Thread.run(Thread.java:748)&#10;&quot;pool-26-thread-57&quot;  prio=5 tid=370 in Object.wait()&#10;java.lang.Thread.State: WAITING (on object monitor)&#10;        at sun.misc.Unsafe.park(Native Method)&#10;        at java.util.concurrent.locks.LockSupport.park(LockSupport.java:175)&#10;        at java.util.concurrent.locks.AbstractQueuedSynchronizer$ConditionObject.await(AbstractQueuedSynchronizer.java:2039)&#10;        at java.util.concurrent.ArrayBlockingQueue.take(ArrayBlockingQueue.java:403)&#10;        at java.util.concurrent.ThreadPoolExecutor.getTask(ThreadPoolExecutor.java:1074)&#10;        at java.util.concurrent.ThreadPoolExecutor.runWorker(ThreadPoolExecutor.java:1134)&#10;        at java.util.concurrent.ThreadPoolExecutor$Worker.run(ThreadPoolExecutor.java:624)&#10;        at java.lang.Thread.run(Thread.java:748)&#10;&quot;IPC Server handler 8 on 44461&quot; daemon prio=5 tid=123 timed_waiting&#10;java.lang.Thread.State: TIMED_WAITING&#10;        at sun.misc.Unsafe.park(Native Method)&#10;        at java.util.concurrent.locks.LockSupport.parkNanos(LockSupport.java:215)&#10;        at java.util.concurrent.locks.AbstractQueuedSynchronizer$ConditionObject.awaitNanos(AbstractQueuedSynchronizer.java:2078)&#10;        at java.util.concurrent.LinkedBlockingQueue.poll(LinkedBlockingQueue.java:467)&#10;        at org.apache.hadoop.ipc.CallQueueManager.take(CallQueueManager.java:288)&#10;        at org.apache.hadoop.ipc.Server$Handler.run(Server.java:2668)&#10;&quot;org.apache.ratis.server.impl.LogAppender$AppenderDaemon$$Lambda$418/858148741@461769&quot; daemon prio=5 tid=1813 timed_waiting&#10;java.lang.Thread.State: TIMED_WAITING&#10;        at java.lang.Object.wait(Native Method)&#10;        at org.apache.ratis.grpc.server.GrpcLogAppender.mayWait(GrpcLogAppender.java:141)&#10;        at org.apache.ratis.grpc.server.GrpcLogAppender.runAppenderImpl(GrpcLogAppender.java:95)&#10;        at org.apache.ratis.server.impl.LogAppender$AppenderDaemon.run(LogAppender.java:76)&#10;        at org.apache.ratis.server.impl.LogAppender$AppenderDaemon$$Lambda$418/858148741.run(Unknown Source)&#10;        at java.lang.Thread.run(Thread.java:748)&#10;&quot;IPC Server handler 2 on 40029&quot; daemon prio=5 tid=71 timed_waiting&#10;java.lang.Thread.State: TIMED_WAITING&#10;        at sun.misc.Unsafe.park(Native Method)&#10;        at java.util.concurrent.locks.LockSupport.parkNanos(LockSupport.java:215)&#10;        at java.util.concurrent.locks.AbstractQueuedSynchronizer$ConditionObject.awaitNanos(AbstractQueuedSynchronizer.java:2078)&#10;        at java.util.concurrent.LinkedBlockingQueue.poll(LinkedBlockingQueue.java:467)&#10;        at org.apache.hadoop.ipc.CallQueueManager.take(CallQueueManager.java:288)&#10;        at org.apache.hadoop.ipc.Server$Handler.run(Server.java:2668)&#10;&quot;d0888866-0bad-4f41-ad37-dccd4a57b958@group-DBE87B3B08CE-SegmentedRaftLogWorker&quot;  prio=5 tid=800 timed_waiting&#10;java.lang.Thread.State: TIMED_WAITING&#10;        at sun.misc.Unsafe.park(Native Method)&#10;        at java.util.concurrent.locks.LockSupport.parkNanos(LockSupport.java:215)&#10;        at java.util.concurrent.locks.AbstractQueuedSynchronizer$ConditionObject.awaitNanos(AbstractQueuedSynchronizer.java:2078)&#10;        at org.apache.ratis.util.DataBlockingQueue.poll(DataBlockingQueue.java:137)&#10;        at org.apache.ratis.server.raftlog.segmented.SegmentedRaftLogWorker.run(SegmentedRaftLogWorker.java:283)&#10;        at java.lang.Thread.run(Thread.java:748)&#10;&quot;pool-66-thread-50&quot;  prio=5 tid=612 in Object.wait()&#10;java.lang.Thread.State: WAITING (on object monitor)&#10;        at sun.misc.Unsafe.park(Native Method)&#10;        at java.util.concurrent.locks.LockSupport.park(LockSupport.java:175)&#10;        at java.util.concurrent.locks.AbstractQueuedSynchronizer$ConditionObject.await(AbstractQueuedSynchronizer.java:2039)&#10;        at java.util.concurrent.ArrayBlockingQueue.take(ArrayBlockingQueue.java:403)&#10;        at java.util.concurrent.ThreadPoolExecutor.getTask(ThreadPoolExecutor.java:1074)&#10;        at java.util.concurrent.ThreadPoolExecutor.runWorker(ThreadPoolExecutor.java:1134)&#10;        at java.util.concurrent.ThreadPoolExecutor$Worker.run(ThreadPoolExecutor.java:624)&#10;        at java.lang.Thread.run(Thread.java:748)&#10;&quot;pool-66-thread-17&quot;  prio=5 tid=579 in Object.wait()&#10;java.lang.Thread.State: WAITING (on object monitor)&#10;        at sun.misc.Unsafe.park(Native Method)&#10;        at java.util.concurrent.locks.LockSupport.park(LockSupport.java:175)&#10;        at java.util.concurrent.locks.AbstractQueuedSynchronizer$ConditionObject.await(AbstractQueuedSynchronizer.java:2039)&#10;        at java.util.concurrent.ArrayBlockingQueue.take(ArrayBlockingQueue.java:403)&#10;        at java.util.concurrent.ThreadPoolExecutor.getTask(ThreadPoolExecutor.java:1074)&#10;        at java.util.concurrent.ThreadPoolExecutor.runWorker(ThreadPoolExecutor.java:1134)&#10;        at java.util.concurrent.ThreadPoolExecutor$Worker.run(ThreadPoolExecutor.java:624)&#10;        at java.lang.Thread.run(Thread.java:748)&#10;&quot;pool-24-thread-1&quot; daemon prio=5 tid=156 timed_waiting&#10;java.lang.Thread.State: TIMED_WAITING&#10;        at sun.misc.Unsafe.park(Native Method)&#10;        at java.util.concurrent.locks.LockSupport.parkNanos(LockSupport.java:215)&#10;        at java.util.concurrent.locks.AbstractQueuedSynchronizer$ConditionObject.awaitNanos(AbstractQueuedSynchronizer.java:2078)&#10;        at java.util.concurrent.ScheduledThreadPoolExecutor$DelayedWorkQueue.take(ScheduledThreadPoolExecutor.java:1093)&#10;        at java.util.concurrent.ScheduledThreadPoolExecutor$DelayedWorkQueue.take(ScheduledThreadPoolExecutor.java:809)&#10;        at java.util.concurrent.ThreadPoolExecutor.getTask(ThreadPoolExecutor.java:1074)&#10;        at java.util.concurrent.ThreadPoolExecutor.runWorker(ThreadPoolExecutor.java:1134)&#10;        at java.util.concurrent.ThreadPoolExecutor$Worker.run(ThreadPoolExecutor.java:624)&#10;        at java.lang.Thread.run(Thread.java:748)&#10;&quot;pool-66-thread-16&quot;  prio=5 tid=578 in Object.wait()&#10;java.lang.Thread.State: WAITING (on object monitor)&#10;        at sun.misc.Unsafe.park(Native Method)&#10;        at java.util.concurrent.locks.LockSupport.park(LockSupport.java:175)&#10;        at java.util.concurrent.locks.AbstractQueuedSynchronizer$ConditionObject.await(AbstractQueuedSynchronizer.java:2039)&#10;        at java.util.concurrent.ArrayBlockingQueue.take(ArrayBlockingQueue.java:403)&#10;        at java.util.concurrent.ThreadPoolExecutor.getTask(ThreadPoolExecutor.java:1074)&#10;        at java.util.concurrent.ThreadPoolExecutor.runWorker(ThreadPoolExecutor.java:1134)&#10;        at java.util.concurrent.ThreadPoolExecutor$Worker.run(ThreadPoolExecutor.java:624)&#10;        at java.lang.Thread.run(Thread.java:748)&#10;&quot;pool-76-thread-21&quot;  prio=5 tid=645 in Object.wait()&#10;java.lang.Thread.State: WAITING (on object monitor)&#10;        at sun.misc.Unsafe.park(Native Method)&#10;        at java.util.concurrent.locks.LockSupport.park(LockSupport.java:175)&#10;        at java.util.concurrent.locks.AbstractQueuedSynchronizer$ConditionObject.await(AbstractQueuedSynchronizer.java:2039)&#10;        at java.util.concurrent.ArrayBlockingQueue.take(ArrayBlockingQueue.java:403)&#10;        at java.util.concurrent.ThreadPoolExecutor.getTask(ThreadPoolExecutor.java:1074)&#10;        at java.util.concurrent.ThreadPoolExecutor.runWorker(ThreadPoolExecutor.java:1134)&#10;        at java.util.concurrent.ThreadPoolExecutor$Worker.run(ThreadPoolExecutor.java:624)&#10;        at java.lang.Thread.run(Thread.java:748)&#10;&quot;refreshUsed-/workdir/hadoop-ozone/integration-test/target/test-dir/MiniOzoneClusterImpl-85c44edd-3ede-4f6a-a825-df7bd545a955/datanode-1/data/containers&quot; daemon prio=5 tid=180 timed_waiting&#10;java.lang.Thread.State: TIMED_WAITING&#10;        at java.lang.Thread.sleep(Native Method)&#10;        at org.apache.hadoop.fs.CachingGetSpaceUsed$RefreshThread.run(CachingGetSpaceUsed.java:179)&#10;        at java.lang.Thread.run(Thread.java:748)&#10;&quot;19e67e26-3d21-4d01-be9f-29113a4a814c@group-071025EF7F78-StateMachineUpdater&quot; daemon prio=5 tid=882 in Object.wait()&#10;java.lang.Thread.State: WAITING (on object monitor)&#10;        at java.lang.Object.wait(Native Method)&#10;        at java.lang.Object.wait(Object.java:502)&#10;        at org.apache.ratis.server.impl.StateMachineUpdater.waitForCommit(StateMachineUpdater.java:183)&#10;        at org.apache.ratis.server.impl.StateMachineUpdater.run(StateMachineUpdater.java:148)&#10;        at java.lang.Thread.run(Thread.java:748)&#10;&quot;pool-36-thread-17&quot;  prio=5 tid=390 in Object.wait()&#10;java.lang.Thread.State: WAITING (on object monitor)&#10;        at sun.misc.Unsafe.park(Native Method)&#10;        at java.util.concurrent.locks.LockSupport.park(LockSupport.java:175)&#10;        at java.util.concurrent.locks.AbstractQueuedSynchronizer$ConditionObject.await(AbstractQueuedSynchronizer.java:2039)&#10;        at java.util.concurrent.ArrayBlockingQueue.take(ArrayBlockingQueue.java:403)&#10;        at java.util.concurrent.ThreadPoolExecutor.getTask(ThreadPoolExecutor.java:1074)&#10;        at java.util.concurrent.ThreadPoolExecutor.runWorker(ThreadPoolExecutor.java:1134)&#10;        at java.util.concurrent.ThreadPoolExecutor$Worker.run(ThreadPoolExecutor.java:624)&#10;        at java.lang.Thread.run(Thread.java:748)&#10;&quot;metrics-hadoop-metrics2-reporter-46-thread-1&quot; daemon prio=5 tid=1041 timed_waiting&#10;java.lang.Thread.State: TIMED_WAITING&#10;        at sun.misc.Unsafe.park(Native Method)&#10;        at java.util.concurrent.locks.LockSupport.parkNanos(LockSupport.java:215)&#10;        at java.util.concurrent.locks.AbstractQueuedSynchronizer$ConditionObject.awaitNanos(AbstractQueuedSynchronizer.java:2078)&#10;        at java.util.concurrent.ScheduledThreadPoolExecutor$DelayedWorkQueue.take(ScheduledThreadPoolExecutor.java:1093)&#10;        at java.util.concurrent.ScheduledThreadPoolExecutor$DelayedWorkQueue.take(ScheduledThreadPoolExecutor.java:809)&#10;        at java.util.concurrent.ThreadPoolExecutor.getTask(ThreadPoolExecutor.java:1074)&#10;        at java.util.concurrent.ThreadPoolExecutor.runWorker(ThreadPoolExecutor.java:1134)&#10;        at java.util.concurrent.ThreadPoolExecutor$Worker.run(ThreadPoolExecutor.java:624)&#10;        at java.lang.Thread.run(Thread.java:748)&#10;&quot;pool-26-thread-35&quot;  prio=5 tid=348 in Object.wait()&#10;java.lang.Thread.State: WAITING (on object monitor)&#10;        at sun.misc.Unsafe.park(Native Method)&#10;        at java.util.concurrent.locks.LockSupport.park(LockSupport.java:175)&#10;        at java.util.concurrent.locks.AbstractQueuedSynchronizer$ConditionObject.await(AbstractQueuedSynchronizer.java:2039)&#10;        at java.util.concurrent.ArrayBlockingQueue.take(ArrayBlockingQueue.java:403)&#10;        at java.util.concurrent.ThreadPoolExecutor.getTask(ThreadPoolExecutor.java:1074)&#10;        at java.util.concurrent.ThreadPoolExecutor.runWorker(ThreadPoolExecutor.java:1134)&#10;        at java.util.concurrent.ThreadPoolExecutor$Worker.run(ThreadPoolExecutor.java:624)&#10;        at java.lang.Thread.run(Thread.java:748)&#10;&quot;Thread-1197&quot; daemon prio=5 tid=1783 timed_waiting&#10;java.lang.Thread.State: TIMED_WAITING&#10;        at sun.misc.Unsafe.park(Native Method)&#10;        at java.util.concurrent.locks.LockSupport.parkNanos(LockSupport.java:215)&#10;        at java.util.concurrent.locks.AbstractQueuedSynchronizer$ConditionObject.awaitNanos(AbstractQueuedSynchronizer.java:2078)&#10;        at java.util.concurrent.ArrayBlockingQueue.poll(ArrayBlockingQueue.java:418)&#10;        at org.apache.ratis.server.impl.LeaderState$EventQueue.poll(LeaderState.java:115)&#10;        at org.apache.ratis.server.impl.LeaderState$EventProcessor.run(LeaderState.java:457)&#10;&quot;19e67e26-3d21-4d01-be9f-29113a4a814c@group-BF1BD4D8076C-SegmentedRaftLogWorker&quot;  prio=5 tid=738 timed_waiting&#10;java.lang.Thread.State: TIMED_WAITING&#10;        at sun.misc.Unsafe.park(Native Method)&#10;        at java.util.concurrent.locks.LockSupport.parkNanos(LockSupport.java:215)&#10;        at java.util.concurrent.locks.AbstractQueuedSynchronizer$ConditionObject.awaitNanos(AbstractQueuedSynchronizer.java:2078)&#10;        at org.apache.ratis.util.DataBlockingQueue.poll(DataBlockingQueue.java:137)&#10;        at org.apache.ratis.server.raftlog.segmented.SegmentedRaftLogWorker.run(SegmentedRaftLogWorker.java:283)&#10;        at java.lang.Thread.run(Thread.java:748)&#10;&quot;IPC Server handler 17 on 40029&quot; daemon prio=5 tid=86 timed_waiting&#10;java.lang.Thread.State: TIMED_WAITING&#10;        at sun.misc.Unsafe.park(Native Method)&#10;        at java.util.concurrent.locks.LockSupport.parkNanos(LockSupport.java:215)&#10;        at java.util.concurrent.locks.AbstractQueuedSynchronizer$ConditionObject.awaitNanos(AbstractQueuedSynchronizer.java:2078)&#10;        at java.util.concurrent.LinkedBlockingQueue.poll(LinkedBlockingQueue.java:467)&#10;        at org.apache.hadoop.ipc.CallQueueManager.take(CallQueueManager.java:288)&#10;        at org.apache.hadoop.ipc.Server$Handler.run(Server.java:2668)&#10;&quot;org.apache.ratis.server.impl.LogAppender$AppenderDaemon$$Lambda$418/858148741@2804aff6&quot; daemon prio=5 tid=1833 timed_waiting&#10;java.lang.Thread.State: TIMED_WAITING&#10;        at java.lang.Object.wait(Native Method)&#10;        at org.apache.ratis.grpc.server.GrpcLogAppender.mayWait(GrpcLogAppender.java:141)&#10;        at org.apache.ratis.grpc.server.GrpcLogAppender.runAppenderImpl(GrpcLogAppender.java:95)&#10;        at org.apache.ratis.server.impl.LogAppender$AppenderDaemon.run(LogAppender.java:76)&#10;        at org.apache.ratis.server.impl.LogAppender$AppenderDaemon$$Lambda$418/858148741.run(Unknown Source)&#10;        at java.lang.Thread.run(Thread.java:748)&#10;&quot;jaeger.RemoteReporter-QueueProcessor&quot; daemon prio=5 tid=147 in Object.wait()&#10;java.lang.Thread.State: WAITING (on object monitor)&#10;        at sun.misc.Unsafe.park(Native Method)&#10;        at java.util.concurrent.locks.LockSupport.park(LockSupport.java:175)&#10;        at java.util.concurrent.locks.AbstractQueuedSynchronizer$ConditionObject.await(AbstractQueuedSynchronizer.java:2039)&#10;        at java.util.concurrent.ArrayBlockingQueue.take(ArrayBlockingQueue.java:403)&#10;        at io.jaegertracing.internal.reporters.RemoteReporter$QueueProcessor.run(RemoteReporter.java:173)&#10;        at java.lang.Thread.run(Thread.java:748)&#10;&quot;refreshUsed-/workdir/hadoop-ozone/integration-test/target/test-dir/MiniOzoneClusterImpl-85c44edd-3ede-4f6a-a825-df7bd545a955/datanode-2/data/containers&quot; daemon prio=5 tid=208 timed_waiting&#10;java.lang.Thread.State: TIMED_WAITING&#10;        at java.lang.Thread.sleep(Native Method)&#10;        at org.apache.hadoop.fs.CachingGetSpaceUsed$RefreshThread.run(CachingGetSpaceUsed.java:179)&#10;        at java.lang.Thread.run(Thread.java:748)&#10;&quot;Thread-1205&quot; daemon prio=5 tid=1791 timed_waiting&#10;java.lang.Thread.State: TIMED_WAITING&#10;        at sun.misc.Unsafe.park(Native Method)&#10;        at java.util.concurrent.locks.LockSupport.parkNanos(LockSupport.java:215)&#10;        at java.util.concurrent.locks.AbstractQueuedSynchronizer$ConditionObject.awaitNanos(AbstractQueuedSynchronizer.java:2078)&#10;        at java.util.concurrent.ArrayBlockingQueue.poll(ArrayBlockingQueue.java:418)&#10;        at org.apache.ratis.server.impl.LeaderState$EventQueue.poll(LeaderState.java:115)&#10;        at org.apache.ratis.server.impl.LeaderState$EventProcessor.run(LeaderState.java:457)&#10;&quot;pool-26-thread-17&quot;  prio=5 tid=330 in Object.wait()&#10;java.lang.Thread.State: WAITING (on object monitor)&#10;        at sun.misc.Unsafe.park(Native Method)&#10;        at java.util.concurrent.locks.LockSupport.park(LockSupport.java:175)&#10;        at java.util.concurrent.locks.AbstractQueuedSynchronizer$ConditionObject.await(AbstractQueuedSynchronizer.java:2039)&#10;        at java.util.concurrent.ArrayBlockingQueue.take(ArrayBlockingQueue.java:403)&#10;        at java.util.concurrent.ThreadPoolExecutor.getTask(ThreadPoolExecutor.java:1074)&#10;        at java.util.concurrent.ThreadPoolExecutor.runWorker(ThreadPoolExecutor.java:1134)&#10;        at java.util.concurrent.ThreadPoolExecutor$Worker.run(ThreadPoolExecutor.java:624)&#10;        at java.lang.Thread.run(Thread.java:748)&#10;&quot;metrics-hadoop-metrics2-reporter-42-thread-1&quot; daemon prio=5 tid=897 timed_waiting&#10;java.lang.Thread.State: TIMED_WAITING&#10;        at sun.misc.Unsafe.park(Native Method)&#10;        at java.util.concurrent.locks.LockSupport.parkNanos(LockSupport.java:215)&#10;        at java.util.concurrent.locks.AbstractQueuedSynchronizer$ConditionObject.awaitNanos(AbstractQueuedSynchronizer.java:2078)&#10;        at java.util.concurrent.ScheduledThreadPoolExecutor$DelayedWorkQueue.take(ScheduledThreadPoolExecutor.java:1093)&#10;        at java.util.concurrent.ScheduledThreadPoolExecutor$DelayedWorkQueue.take(ScheduledThreadPoolExecutor.java:809)&#10;        at java.util.concurrent.ThreadPoolExecutor.getTask(ThreadPoolExecutor.java:1074)&#10;        at java.util.concurrent.ThreadPoolExecutor.runWorker(ThreadPoolExecutor.java:1134)&#10;        at java.util.concurrent.ThreadPoolExecutor$Worker.run(ThreadPoolExecutor.java:624)&#10;        at java.lang.Thread.run(Thread.java:748)&#10;&quot;pool-66-thread-43&quot;  prio=5 tid=605 in Object.wait()&#10;java.lang.Thread.State: WAITING (on object monitor)&#10;        at sun.misc.Unsafe.park(Native Method)&#10;        at java.util.concurrent.locks.LockSupport.park(LockSupport.java:175)&#10;        at java.util.concurrent.locks.AbstractQueuedSynchronizer$ConditionObject.await(AbstractQueuedSynchronizer.java:2039)&#10;        at java.util.concurrent.ArrayBlockingQueue.take(ArrayBlockingQueue.java:403)&#10;        at java.util.concurrent.ThreadPoolExecutor.getTask(ThreadPoolExecutor.java:1074)&#10;        at java.util.concurrent.ThreadPoolExecutor.runWorker(ThreadPoolExecutor.java:1134)&#10;        at java.util.concurrent.ThreadPoolExecutor$Worker.run(ThreadPoolExecutor.java:624)&#10;        at java.lang.Thread.run(Thread.java:748)&#10;&quot;b7064b77-9271-4e94-8225-85d895886efb@group-CDCB2C8C105A-SegmentedRaftLogWorker&quot;  prio=5 tid=721 timed_waiting&#10;java.lang.Thread.State: TIMED_WAITING&#10;        at sun.misc.Unsafe.park(Native Method)&#10;        at java.util.concurrent.locks.LockSupport.parkNanos(LockSupport.java:215)&#10;        at java.util.concurrent.locks.AbstractQueuedSynchronizer$ConditionObject.awaitNanos(AbstractQueuedSynchronizer.java:2078)&#10;        at org.apache.ratis.util.DataBlockingQueue.poll(DataBlockingQueue.java:137)&#10;        at org.apache.ratis.server.raftlog.segmented.SegmentedRaftLogWorker.run(SegmentedRaftLogWorker.java:283)&#10;        at java.lang.Thread.run(Thread.java:748)&#10;&quot;pool-66-thread-36&quot;  prio=5 tid=598 in Object.wait()&#10;java.lang.Thread.State: WAITING (on object monitor)&#10;        at sun.misc.Unsafe.park(Native Method)&#10;        at java.util.concurrent.locks.LockSupport.park(LockSupport.java:175)&#10;        at java.util.concurrent.locks.AbstractQueuedSynchronizer$ConditionObject.await(AbstractQueuedSynchronizer.java:2039)&#10;        at java.util.concurrent.ArrayBlockingQueue.take(ArrayBlockingQueue.java:403)&#10;        at java.util.concurrent.ThreadPoolExecutor.getTask(ThreadPoolExecutor.java:1074)&#10;        at java.util.concurrent.ThreadPoolExecutor.runWorker(ThreadPoolExecutor.java:1134)&#10;        at java.util.concurrent.ThreadPoolExecutor$Worker.run(ThreadPoolExecutor.java:624)&#10;        at java.lang.Thread.run(Thread.java:748)&#10;&quot;pool-46-thread-42&quot;  prio=5 tid=475 in Object.wait()&#10;java.lang.Thread.State: WAITING (on object monitor)&#10;        at sun.misc.Unsafe.park(Native Method)&#10;        at java.util.concurrent.locks.LockSupport.park(LockSupport.java:175)&#10;        at java.util.concurrent.locks.AbstractQueuedSynchronizer$ConditionObject.await(AbstractQueuedSynchronizer.java:2039)&#10;        at java.util.concurrent.ArrayBlockingQueue.take(ArrayBlockingQueue.java:403)&#10;        at java.util.concurrent.ThreadPoolExecutor.getTask(ThreadPoolExecutor.java:1074)&#10;        at java.util.concurrent.ThreadPoolExecutor.runWorker(ThreadPoolExecutor.java:1134)&#10;        at java.util.concurrent.ThreadPoolExecutor$Worker.run(ThreadPoolExecutor.java:624)&#10;        at java.lang.Thread.run(Thread.java:748)&#10;&quot;pool-56-thread-57&quot;  prio=5 tid=551 in Object.wait()&#10;java.lang.Thread.State: WAITING (on object monitor)&#10;        at sun.misc.Unsafe.park(Native Method)&#10;        at java.util.concurrent.locks.LockSupport.park(LockSupport.java:175)&#10;        at java.util.concurrent.locks.AbstractQueuedSynchronizer$ConditionObject.await(AbstractQueuedSynchronizer.java:2039)&#10;        at java.util.concurrent.ArrayBlockingQueue.take(ArrayBlockingQueue.java:403)&#10;        at java.util.concurrent.ThreadPoolExecutor.getTask(ThreadPoolExecutor.java:1074)&#10;        at java.util.concurrent.ThreadPoolExecutor.runWorker(ThreadPoolExecutor.java:1134)&#10;        at java.util.concurrent.ThreadPoolExecutor$Worker.run(ThreadPoolExecutor.java:624)&#10;        at java.lang.Thread.run(Thread.java:748)&#10;&quot;pool-56-thread-10&quot;  prio=5 tid=504 in Object.wait()&#10;java.lang.Thread.State: WAITING (on object monitor)&#10;        at sun.misc.Unsafe.park(Native Method)&#10;        at java.util.concurrent.locks.LockSupport.park(LockSupport.java:175)&#10;        at java.util.concurrent.locks.AbstractQueuedSynchronizer$ConditionObject.await(AbstractQueuedSynchronizer.java:2039)&#10;        at java.util.concurrent.ArrayBlockingQueue.take(ArrayBlockingQueue.java:403)&#10;        at java.util.concurrent.ThreadPoolExecutor.getTask(ThreadPoolExecutor.java:1074)&#10;        at java.util.concurrent.ThreadPoolExecutor.runWorker(ThreadPoolExecutor.java:1134)&#10;        at java.util.concurrent.ThreadPoolExecutor$Worker.run(ThreadPoolExecutor.java:624)&#10;        at java.lang.Thread.run(Thread.java:748)&#10;&quot;pool-56-thread-1&quot;  prio=5 tid=495 in Object.wait()&#10;java.lang.Thread.State: WAITING (on object monitor)&#10;        at sun.misc.Unsafe.park(Native Method)&#10;        at java.util.concurrent.locks.LockSupport.park(LockSupport.java:175)&#10;        at java.util.concurrent.locks.AbstractQueuedSynchronizer$ConditionObject.await(AbstractQueuedSynchronizer.java:2039)&#10;        at java.util.concurrent.ArrayBlockingQueue.take(ArrayBlockingQueue.java:403)&#10;        at java.util.concurrent.ThreadPoolExecutor.getTask(ThreadPoolExecutor.java:1074)&#10;        at java.util.concurrent.ThreadPoolExecutor.runWorker(ThreadPoolExecutor.java:1134)&#10;        at java.util.concurrent.ThreadPoolExecutor$Worker.run(ThreadPoolExecutor.java:624)&#10;        at java.lang.Thread.run(Thread.java:748)&#10;&quot;e081c0a5-acfc-4a29-8262-ee158adf5b11@group-7CC56FB5D3F9-SegmentedRaftLogWorker&quot;  prio=5 tid=833 timed_waiting&#10;java.lang.Thread.State: TIMED_WAITING&#10;        at sun.misc.Unsafe.park(Native Method)&#10;        at java.util.concurrent.locks.LockSupport.parkNanos(LockSupport.java:215)&#10;        at java.util.concurrent.locks.AbstractQueuedSynchronizer$ConditionObject.awaitNanos(AbstractQueuedSynchronizer.java:2078)&#10;        at org.apache.ratis.util.DataBlockingQueue.poll(DataBlockingQueue.java:137)&#10;        at org.apache.ratis.server.raftlog.segmented.SegmentedRaftLogWorker.run(SegmentedRaftLogWorker.java:283)&#10;        at java.lang.Thread.run(Thread.java:748)&#10;&quot;IPC Server handler 15 on 40029&quot; daemon prio=5 tid=84 timed_waiting&#10;java.lang.Thread.State: TIMED_WAITING&#10;        at sun.misc.Unsafe.park(Native Method)&#10;        at java.util.concurrent.locks.LockSupport.parkNanos(LockSupport.java:215)&#10;        at java.util.concurrent.locks.AbstractQueuedSynchronizer$ConditionObject.awaitNanos(AbstractQueuedSynchronizer.java:2078)&#10;        at java.util.concurrent.LinkedBlockingQueue.poll(LinkedBlockingQueue.java:467)&#10;        at org.apache.hadoop.ipc.CallQueueManager.take(CallQueueManager.java:288)&#10;        at org.apache.hadoop.ipc.Server$Handler.run(Server.java:2668)&#10;&quot;pool-26-thread-16&quot;  prio=5 tid=329 in Object.wait()&#10;java.lang.Thread.State: WAITING (on object monitor)&#10;        at sun.misc.Unsafe.park(Native Method)&#10;        at java.util.concurrent.locks.LockSupport.park(LockSupport.java:175)&#10;        at java.util.concurrent.locks.AbstractQueuedSynchronizer$ConditionObject.await(AbstractQueuedSynchronizer.java:2039)&#10;        at java.util.concurrent.ArrayBlockingQueue.take(ArrayBlockingQueue.java:403)&#10;        at java.util.concurrent.ThreadPoolExecutor.getTask(ThreadPoolExecutor.java:1074)&#10;        at java.util.concurrent.ThreadPoolExecutor.runWorker(ThreadPoolExecutor.java:1134)&#10;        at java.util.concurrent.ThreadPoolExecutor$Worker.run(ThreadPoolExecutor.java:624)&#10;        at java.lang.Thread.run(Thread.java:748)&#10;&quot;Datanode ReportManager Thread - 3&quot; daemon prio=5 tid=174 in Object.wait()&#10;java.lang.Thread.State: WAITING (on object monitor)&#10;        at sun.misc.Unsafe.park(Native Method)&#10;        at java.util.concurrent.locks.LockSupport.park(LockSupport.java:175)&#10;        at java.util.concurrent.locks.AbstractQueuedSynchronizer$ConditionObject.await(AbstractQueuedSynchronizer.java:2039)&#10;        at java.util.concurrent.ScheduledThreadPoolExecutor$DelayedWorkQueue.take(ScheduledThreadPoolExecutor.java:1088)&#10;        at java.util.concurrent.ScheduledThreadPoolExecutor$DelayedWorkQueue.take(ScheduledThreadPoolExecutor.java:809)&#10;        at java.util.concurrent.ThreadPoolExecutor.getTask(ThreadPoolExecutor.java:1074)&#10;        at java.util.concurrent.ThreadPoolExecutor.runWorker(ThreadPoolExecutor.java:1134)&#10;        at java.util.concurrent.ThreadPoolExecutor$Worker.run(ThreadPoolExecutor.java:624)&#10;        at java.lang.Thread.run(Thread.java:748)&#10;&quot;pool-46-thread-41&quot;  prio=5 tid=474 in Object.wait()&#10;java.lang.Thread.State: WAITING (on object monitor)&#10;        at sun.misc.Unsafe.park(Native Method)&#10;        at java.util.concurrent.locks.LockSupport.park(LockSupport.java:175)&#10;        at java.util.concurrent.locks.AbstractQueuedSynchronizer$ConditionObject.await(AbstractQueuedSynchronizer.java:2039)&#10;        at java.util.concurrent.ArrayBlockingQueue.take(ArrayBlockingQueue.java:403)&#10;        at java.util.concurrent.ThreadPoolExecutor.getTask(ThreadPoolExecutor.java:1074)&#10;        at java.util.concurrent.ThreadPoolExecutor.runWorker(ThreadPoolExecutor.java:1134)&#10;        at java.util.concurrent.ThreadPoolExecutor$Worker.run(ThreadPoolExecutor.java:624)&#10;        at java.lang.Thread.run(Thread.java:748)&#10;&quot;grpc-default-executor-20&quot; daemon prio=5 tid=1867 timed_waiting&#10;java.lang.Thread.State: TIMED_WAITING&#10;        at sun.misc.Unsafe.park(Native Method)&#10;        at java.util.concurrent.locks.LockSupport.parkNanos(LockSupport.java:215)&#10;        at java.util.concurrent.SynchronousQueue$TransferStack.awaitFulfill(SynchronousQueue.java:460)&#10;        at java.util.concurrent.SynchronousQueue$TransferStack.transfer(SynchronousQueue.java:362)&#10;        at java.util.concurrent.SynchronousQueue.poll(SynchronousQueue.java:941)&#10;        at java.util.concurrent.ThreadPoolExecutor.getTask(ThreadPoolExecutor.java:1073)&#10;        at java.util.concurrent.ThreadPoolExecutor.runWorker(ThreadPoolExecutor.java:1134)&#10;        at java.util.concurrent.ThreadPoolExecutor$Worker.run(ThreadPoolExecutor.java:624)&#10;        at java.lang.Thread.run(Thread.java:748)&#10;&quot;IPC Server Responder&quot; daemon prio=5 tid=25 runnable&#10;java.lang.Thread.State: RUNNABLE&#10;        at sun.nio.ch.EPollArrayWrapper.epollWait(Native Method)&#10;        at sun.nio.ch.EPollArrayWrapper.poll(EPollArrayWrapper.java:269)&#10;        at sun.nio.ch.EPollSelectorImpl.doSelect(EPollSelectorImpl.java:93)&#10;        at sun.nio.ch.SelectorImpl.lockAndDoSelect(SelectorImpl.java:86)&#10;        at sun.nio.ch.SelectorImpl.select(SelectorImpl.java:97)&#10;        at org.apache.hadoop.ipc.Server$Responder.doRunLoop(Server.java:1334)&#10;        at org.apache.hadoop.ipc.Server$Responder.run(Server.java:1317)&#10;&quot;pool-26-thread-37&quot;  prio=5 tid=350 in Object.wait()&#10;java.lang.Thread.State: WAITING (on object monitor)&#10;        at sun.misc.Unsafe.park(Native Method)&#10;        at java.util.concurrent.locks.LockSupport.park(LockSupport.java:175)&#10;        at java.util.concurrent.locks.AbstractQueuedSynchronizer$ConditionObject.await(AbstractQueuedSynchronizer.java:2039)&#10;        at java.util.concurrent.ArrayBlockingQueue.take(ArrayBlockingQueue.java:403)&#10;        at java.util.concurrent.ThreadPoolExecutor.getTask(ThreadPoolExecutor.java:1074)&#10;        at java.util.concurrent.ThreadPoolExecutor.runWorker(ThreadPoolExecutor.java:1134)&#10;        at java.util.concurrent.ThreadPoolExecutor$Worker.run(ThreadPoolExecutor.java:624)&#10;        at java.lang.Thread.run(Thread.java:748)&#10;&quot;pool-46-thread-47&quot;  prio=5 tid=480 in Object.wait()&#10;java.lang.Thread.State: WAITING (on object monitor)&#10;        at sun.misc.Unsafe.park(Native Method)&#10;        at java.util.concurrent.locks.LockSupport.park(LockSupport.java:175)&#10;        at java.util.concurrent.locks.AbstractQueuedSynchronizer$ConditionObject.await(AbstractQueuedSynchronizer.java:2039)&#10;        at java.util.concurrent.ArrayBlockingQueue.take(ArrayBlockingQueue.java:403)&#10;        at java.util.concurrent.ThreadPoolExecutor.getTask(ThreadPoolExecutor.java:1074)&#10;        at java.util.concurrent.ThreadPoolExecutor.runWorker(ThreadPoolExecutor.java:1134)&#10;        at java.util.concurrent.ThreadPoolExecutor$Worker.run(ThreadPoolExecutor.java:624)&#10;        at java.lang.Thread.run(Thread.java:748)&#10;&quot;pool-76-thread-9&quot;  prio=5 tid=633 in Object.wait()&#10;java.lang.Thread.State: WAITING (on object monitor)&#10;        at sun.misc.Unsafe.park(Native Method)&#10;        at java.util.concurrent.locks.LockSupport.park(LockSupport.java:175)&#10;        at java.util.concurrent.locks.AbstractQueuedSynchronizer$ConditionObject.await(AbstractQueuedSynchronizer.java:2039)&#10;        at java.util.concurrent.ArrayBlockingQueue.take(ArrayBlockingQueue.java:403)&#10;        at java.util.concurrent.ThreadPoolExecutor.getTask(ThreadPoolExecutor.java:1074)&#10;        at java.util.concurrent.ThreadPoolExecutor.runWorker(ThreadPoolExecutor.java:1134)&#10;        at java.util.concurrent.ThreadPoolExecutor$Worker.run(ThreadPoolExecutor.java:624)&#10;        at java.lang.Thread.run(Thread.java:748)&#10;&quot;qtp1623761043-274&quot; daemon prio=5 tid=274 timed_waiting&#10;java.lang.Thread.State: TIMED_WAITING&#10;        at sun.misc.Unsafe.park(Native Method)&#10;        at java.util.concurrent.locks.LockSupport.parkNanos(LockSupport.java:215)&#10;        at java.util.concurrent.locks.AbstractQueuedSynchronizer$ConditionObject.awaitNanos(AbstractQueuedSynchronizer.java:2078)&#10;        at org.eclipse.jetty.util.BlockingArrayQueue.poll(BlockingArrayQueue.java:392)&#10;        at org.eclipse.jetty.util.thread.QueuedThreadPool.idleJobPoll(QueuedThreadPool.java:563)&#10;        at org.eclipse.jetty.util.thread.QueuedThreadPool.access$800(QueuedThreadPool.java:48)&#10;        at org.eclipse.jetty.util.thread.QueuedThreadPool$2.run(QueuedThreadPool.java:626)&#10;        at java.lang.Thread.run(Thread.java:748)&#10;&quot;qtp1680841335-245&quot; daemon prio=5 tid=245 timed_waiting&#10;java.lang.Thread.State: TIMED_WAITING&#10;        at sun.misc.Unsafe.park(Native Method)&#10;        at java.util.concurrent.locks.LockSupport.parkNanos(LockSupport.java:215)&#10;        at java.util.concurrent.locks.AbstractQueuedSynchronizer$ConditionObject.awaitNanos(AbstractQueuedSynchronizer.java:2078)&#10;        at org.eclipse.jetty.util.BlockingArrayQueue.poll(BlockingArrayQueue.java:392)&#10;        at org.eclipse.jetty.util.thread.QueuedThreadPool.idleJobPoll(QueuedThreadPool.java:563)&#10;        at org.eclipse.jetty.util.thread.QueuedThreadPool.access$800(QueuedThreadPool.java:48)&#10;        at org.eclipse.jetty.util.thread.QueuedThreadPool$2.run(QueuedThreadPool.java:626)&#10;        at java.lang.Thread.run(Thread.java:748)&#10;&quot;pool-76-thread-13&quot;  prio=5 tid=637 in Object.wait()&#10;java.lang.Thread.State: WAITING (on object monitor)&#10;        at sun.misc.Unsafe.park(Native Method)&#10;        at java.util.concurrent.locks.LockSupport.park(LockSupport.java:175)&#10;        at java.util.concurrent.locks.AbstractQueuedSynchronizer$ConditionObject.await(AbstractQueuedSynchronizer.java:2039)&#10;        at java.util.concurrent.ArrayBlockingQueue.take(ArrayBlockingQueue.java:403)&#10;        at java.util.concurrent.ThreadPoolExecutor.getTask(ThreadPoolExecutor.java:1074)&#10;        at java.util.concurrent.ThreadPoolExecutor.runWorker(ThreadPoolExecutor.java:1134)&#10;        at java.util.concurrent.ThreadPoolExecutor$Worker.run(ThreadPoolExecutor.java:624)&#10;        at java.lang.Thread.run(Thread.java:748)&#10;&quot;qtp1235908203-137-acceptor-0@36bf9c21-ServerConnector@2fc07784{HTTP/1.1,[http/1.1]}{0.0.0.0:46229}&quot; daemon prio=3 tid=137 runnable&#10;java.lang.Thread.State: RUNNABLE&#10;        at sun.nio.ch.ServerSocketChannelImpl.accept0(Native Method)&#10;        at sun.nio.ch.ServerSocketChannelImpl.accept(ServerSocketChannelImpl.java:422)&#10;        at sun.nio.ch.ServerSocketChannelImpl.accept(ServerSocketChannelImpl.java:250)&#10;        at org.eclipse.jetty.server.ServerConnector.accept(ServerConnector.java:397)&#10;        at org.eclipse.jetty.server.AbstractConnector$Acceptor.run(AbstractConnector.java:601)&#10;        at org.eclipse.jetty.util.thread.QueuedThreadPool.runJob(QueuedThreadPool.java:671)&#10;        at org.eclipse.jetty.util.thread.QueuedThreadPool$2.run(QueuedThreadPool.java:589)&#10;        at java.lang.Thread.run(Thread.java:748)&#10;&quot;IPC Server handler 10 on 45005&quot; daemon prio=5 tid=39 timed_waiting&#10;java.lang.Thread.State: TIMED_WAITING&#10;        at sun.misc.Unsafe.park(Native Method)&#10;        at java.util.concurrent.locks.LockSupport.parkNanos(LockSupport.java:215)&#10;        at java.util.concurrent.locks.AbstractQueuedSynchronizer$ConditionObject.awaitNanos(AbstractQueuedSynchronizer.java:2078)&#10;        at java.util.concurrent.LinkedBlockingQueue.poll(LinkedBlockingQueue.java:467)&#10;        at org.apache.hadoop.ipc.CallQueueManager.take(CallQueueManager.java:288)&#10;        at org.apache.hadoop.ipc.Server$Handler.run(Server.java:2668)&#10;&quot;8c24ed06-386e-4085-8931-93c762a64530@group-BF1BD4D8076C-SegmentedRaftLogWorker&quot;  prio=5 tid=739 timed_waiting&#10;java.lang.Thread.State: TIMED_WAITING&#10;        at sun.misc.Unsafe.park(Native Method)&#10;        at java.util.concurrent.locks.LockSupport.parkNanos(LockSupport.java:215)&#10;        at java.util.concurrent.locks.AbstractQueuedSynchronizer$ConditionObject.awaitNanos(AbstractQueuedSynchronizer.java:2078)&#10;        at org.apache.ratis.util.DataBlockingQueue.poll(DataBlockingQueue.java:137)&#10;        at org.apache.ratis.server.raftlog.segmented.SegmentedRaftLogWorker.run(SegmentedRaftLogWorker.java:283)&#10;        at java.lang.Thread.run(Thread.java:748)&#10;&quot;IPC Server listener on 45005&quot; daemon prio=5 tid=22 runnable&#10;java.lang.Thread.State: RUNNABLE&#10;        at sun.nio.ch.EPollArrayWrapper.epollWait(Native Method)&#10;        at sun.nio.ch.EPollArrayWrapper.poll(EPollArrayWrapper.java:269)&#10;        at sun.nio.ch.EPollSelectorImpl.doSelect(EPollSelectorImpl.java:93)&#10;        at sun.nio.ch.SelectorImpl.lockAndDoSelect(SelectorImpl.java:86)&#10;        at sun.nio.ch.SelectorImpl.select(SelectorImpl.java:97)&#10;        at sun.nio.ch.SelectorImpl.select(SelectorImpl.java:101)&#10;        at org.apache.hadoop.ipc.Server$Listener.run(Server.java:1159)&#10;&quot;qtp1947666055-297&quot; daemon prio=5 tid=297 timed_waiting&#10;java.lang.Thread.State: TIMED_WAITING&#10;        at sun.misc.Unsafe.park(Native Method)&#10;        at java.util.concurrent.locks.LockSupport.parkNanos(LockSupport.java:215)&#10;        at java.util.concurrent.locks.AbstractQueuedSynchronizer$ConditionObject.awaitNanos(AbstractQueuedSynchronizer.java:2078)&#10;        at org.eclipse.jetty.util.BlockingArrayQueue.poll(BlockingArrayQueue.java:392)&#10;        at org.eclipse.jetty.util.thread.QueuedThreadPool.idleJobPoll(QueuedThreadPool.java:563)&#10;        at org.eclipse.jetty.util.thread.QueuedThreadPool.access$800(QueuedThreadPool.java:48)&#10;        at org.eclipse.jetty.util.thread.QueuedThreadPool$2.run(QueuedThreadPool.java:626)&#10;        at java.lang.Thread.run(Thread.java:748)&#10;&quot;pool-46-thread-15&quot;  prio=5 tid=448 in Object.wait()&#10;java.lang.Thread.State: WAITING (on object monitor)&#10;        at sun.misc.Unsafe.park(Native Method)&#10;        at java.util.concurrent.locks.LockSupport.park(LockSupport.java:175)&#10;        at java.util.concurrent.locks.AbstractQueuedSynchronizer$ConditionObject.await(AbstractQueuedSynchronizer.java:2039)&#10;        at java.util.concurrent.ArrayBlockingQueue.take(ArrayBlockingQueue.java:403)&#10;        at java.util.concurrent.ThreadPoolExecutor.getTask(ThreadPoolExecutor.java:1074)&#10;        at java.util.concurrent.ThreadPoolExecutor.runWorker(ThreadPoolExecutor.java:1134)&#10;        at java.util.concurrent.ThreadPoolExecutor$Worker.run(ThreadPoolExecutor.java:624)&#10;        at java.lang.Thread.run(Thread.java:748)&#10;&quot;IPC Server handler 1 on 45005&quot; daemon prio=5 tid=30 timed_waiting&#10;java.lang.Thread.State: TIMED_WAITING&#10;        at sun.misc.Unsafe.park(Native Method)&#10;        at java.util.concurrent.locks.LockSupport.parkNanos(LockSupport.java:215)&#10;        at java.util.concurrent.locks.AbstractQueuedSynchronizer$ConditionObject.awaitNanos(AbstractQueuedSynchronizer.java:2078)&#10;        at java.util.concurrent.LinkedBlockingQueue.poll(LinkedBlockingQueue.java:467)&#10;        at org.apache.hadoop.ipc.CallQueueManager.take(CallQueueManager.java:288)&#10;        at org.apache.hadoop.ipc.Server$Handler.run(Server.java:2668)&#10;&quot;Thread-454&quot; daemon prio=5 tid=1037 timed_waiting&#10;java.lang.Thread.State: TIMED_WAITING&#10;        at sun.misc.Unsafe.park(Native Method)&#10;        at java.util.concurrent.locks.LockSupport.parkNanos(LockSupport.java:215)&#10;        at java.util.concurrent.locks.AbstractQueuedSynchronizer$ConditionObject.awaitNanos(AbstractQueuedSynchronizer.java:2078)&#10;        at java.util.concurrent.ArrayBlockingQueue.poll(ArrayBlockingQueue.java:418)&#10;        at org.apache.ratis.server.impl.LeaderState$EventQueue.poll(LeaderState.java:115)&#10;        at org.apache.ratis.server.impl.LeaderState$EventProcessor.run(LeaderState.java:457)&#10;&quot;org.apache.ratis.server.impl.LogAppender$AppenderDaemon$$Lambda$418/858148741@36179d70&quot; daemon prio=5 tid=1806 timed_waiting&#10;java.lang.Thread.State: TIMED_WAITING&#10;        at java.lang.Object.wait(Native Method)&#10;        at org.apache.ratis.grpc.server.GrpcLogAppender.mayWait(GrpcLogAppender.java:141)&#10;        at org.apache.ratis.grpc.server.GrpcLogAppender.runAppenderImpl(GrpcLogAppender.java:95)&#10;        at org.apache.ratis.server.impl.LogAppender$AppenderDaemon.run(LogAppender.java:76)&#10;        at org.apache.ratis.server.impl.LogAppender$AppenderDaemon$$Lambda$418/858148741.run(Unknown Source)&#10;        at java.lang.Thread.run(Thread.java:748)&#10;&quot;Timer-1&quot; daemon prio=5 tid=149 timed_waiting&#10;java.lang.Thread.State: TIMED_WAITING&#10;        at java.lang.Object.wait(Native Method)&#10;        at java.util.TimerThread.mainLoop(Timer.java:552)&#10;        at java.util.TimerThread.run(Timer.java:505)&#10;&quot;pool-36-thread-19&quot;  prio=5 tid=392 in Object.wait()&#10;java.lang.Thread.State: WAITING (on object monitor)&#10;        at sun.misc.Unsafe.park(Native Method)&#10;        at java.util.concurrent.locks.LockSupport.park(LockSupport.java:175)&#10;        at java.util.concurrent.locks.AbstractQueuedSynchronizer$ConditionObject.await(AbstractQueuedSynchronizer.java:2039)&#10;        at java.util.concurrent.ArrayBlockingQueue.take(ArrayBlockingQueue.java:403)&#10;        at java.util.concurrent.ThreadPoolExecutor.getTask(ThreadPoolExecutor.java:1074)&#10;        at java.util.concurrent.ThreadPoolExecutor.runWorker(ThreadPoolExecutor.java:1134)&#10;        at java.util.concurrent.ThreadPoolExecutor$Worker.run(ThreadPoolExecutor.java:624)&#10;        at java.lang.Thread.run(Thread.java:748)&#10;&quot;IPC Server handler 11 on 45005&quot; daemon prio=5 tid=40 timed_waiting&#10;java.lang.Thread.State: TIMED_WAITING&#10;        at sun.misc.Unsafe.park(Native Method)&#10;        at java.util.concurrent.locks.LockSupport.parkNanos(LockSupport.java:215)&#10;        at java.util.concurrent.locks.AbstractQueuedSynchronizer$ConditionObject.awaitNanos(AbstractQueuedSynchronizer.java:2078)&#10;        at java.util.concurrent.LinkedBlockingQueue.poll(LinkedBlockingQueue.java:467)&#10;        at org.apache.hadoop.ipc.CallQueueManager.take(CallQueueManager.java:288)&#10;        at org.apache.hadoop.ipc.Server$Handler.run(Server.java:2668)&#10;&quot;IPC Server handler 2 on 45005&quot; daemon prio=5 tid=31 timed_waiting&#10;java.lang.Thread.State: TIMED_WAITING&#10;        at sun.misc.Unsafe.park(Native Method)&#10;        at java.util.concurrent.locks.LockSupport.parkNanos(LockSupport.java:215)&#10;        at java.util.concurrent.locks.AbstractQueuedSynchronizer$ConditionObject.awaitNanos(AbstractQueuedSynchronizer.java:2078)&#10;        at java.util.concurrent.LinkedBlockingQueue.poll(LinkedBlockingQueue.java:467)&#10;        at org.apache.hadoop.ipc.CallQueueManager.take(CallQueueManager.java:288)&#10;        at org.apache.hadoop.ipc.Server$Handler.run(Server.java:2668)&#10;&quot;org.eclipse.jetty.server.session.HashSessionManager@5df778c3Timer&quot; daemon prio=5 tid=167 timed_waiting&#10;java.lang.Thread.State: TIMED_WAITING&#10;        at sun.misc.Unsafe.park(Native Method)&#10;        at java.util.concurrent.locks.LockSupport.parkNanos(LockSupport.java:215)&#10;        at java.util.concurrent.locks.AbstractQueuedSynchronizer$ConditionObject.awaitNanos(AbstractQueuedSynchronizer.java:2078)&#10;        at java.util.concurrent.ScheduledThreadPoolExecutor$DelayedWorkQueue.take(ScheduledThreadPoolExecutor.java:1093)&#10;        at java.util.concurrent.ScheduledThreadPoolExecutor$DelayedWorkQueue.take(ScheduledThreadPoolExecutor.java:809)&#10;        at java.util.concurrent.ThreadPoolExecutor.getTask(ThreadPoolExecutor.java:1074)&#10;        at java.util.concurrent.ThreadPoolExecutor.runWorker(ThreadPoolExecutor.java:1134)&#10;        at java.util.concurrent.ThreadPoolExecutor$Worker.run(ThreadPoolExecutor.java:624)&#10;        at java.lang.Thread.run(Thread.java:748)&#10;&quot;pool-66-thread-46&quot;  prio=5 tid=608 in Object.wait()&#10;java.lang.Thread.State: WAITING (on object monitor)&#10;        at sun.misc.Unsafe.park(Native Method)&#10;        at java.util.concurrent.locks.LockSupport.park(LockSupport.java:175)&#10;        at java.util.concurrent.locks.AbstractQueuedSynchronizer$ConditionObject.await(AbstractQueuedSynchronizer.java:2039)&#10;        at java.util.concurrent.ArrayBlockingQueue.take(ArrayBlockingQueue.java:403)&#10;        at java.util.concurrent.ThreadPoolExecutor.getTask(ThreadPoolExecutor.java:1074)&#10;        at java.util.concurrent.ThreadPoolExecutor.runWorker(ThreadPoolExecutor.java:1134)&#10;        at java.util.concurrent.ThreadPoolExecutor$Worker.run(ThreadPoolExecutor.java:624)&#10;        at java.lang.Thread.run(Thread.java:748)&#10;&quot;pool-46-thread-48&quot;  prio=5 tid=481 in Object.wait()&#10;java.lang.Thread.State: WAITING (on object monitor)&#10;        at sun.misc.Unsafe.park(Native Method)&#10;        at java.util.concurrent.locks.LockSupport.park(LockSupport.java:175)&#10;        at java.util.concurrent.locks.AbstractQueuedSynchronizer$ConditionObject.await(AbstractQueuedSynchronizer.java:2039)&#10;        at java.util.concurrent.ArrayBlockingQueue.take(ArrayBlockingQueue.java:403)&#10;        at java.util.concurrent.ThreadPoolExecutor.getTask(ThreadPoolExecutor.java:1074)&#10;        at java.util.concurrent.ThreadPoolExecutor.runWorker(ThreadPoolExecutor.java:1134)&#10;        at java.util.concurrent.ThreadPoolExecutor$Worker.run(ThreadPoolExecutor.java:624)&#10;        at java.lang.Thread.run(Thread.java:748)&#10;&quot;IPC Server handler 15 on 45005&quot; daemon prio=5 tid=44 timed_waiting&#10;java.lang.Thread.State: TIMED_WAITING&#10;        at sun.misc.Unsafe.park(Native Method)&#10;        at java.util.concurrent.locks.LockSupport.parkNanos(LockSupport.java:215)&#10;        at java.util.concurrent.locks.AbstractQueuedSynchronizer$ConditionObject.awaitNanos(AbstractQueuedSynchronizer.java:2078)&#10;        at java.util.concurrent.LinkedBlockingQueue.poll(LinkedBlockingQueue.java:467)&#10;        at org.apache.hadoop.ipc.CallQueueManager.take(CallQueueManager.java:288)&#10;        at org.apache.hadoop.ipc.Server$Handler.run(Server.java:2668)&#10;&quot;d0888866-0bad-4f41-ad37-dccd4a57b958@group-282EF1BFFEE0-SegmentedRaftLogWorker&quot;  prio=5 tid=773 timed_waiting&#10;java.lang.Thread.State: TIMED_WAITING&#10;        at sun.misc.Unsafe.park(Native Method)&#10;        at java.util.concurrent.locks.LockSupport.parkNanos(LockSupport.java:215)&#10;        at java.util.concurrent.locks.AbstractQueuedSynchronizer$ConditionObject.awaitNanos(AbstractQueuedSynchronizer.java:2078)&#10;        at org.apache.ratis.util.DataBlockingQueue.poll(DataBlockingQueue.java:137)&#10;        at org.apache.ratis.server.raftlog.segmented.SegmentedRaftLogWorker.run(SegmentedRaftLogWorker.java:283)&#10;        at java.lang.Thread.run(Thread.java:748)&#10;&quot;IPC Server handler 6 on 44461&quot; daemon prio=5 tid=121 timed_waiting&#10;java.lang.Thread.State: TIMED_WAITING&#10;        at sun.misc.Unsafe.park(Native Method)&#10;        at java.util.concurrent.locks.LockSupport.parkNanos(LockSupport.java:215)&#10;        at java.util.concurrent.locks.AbstractQueuedSynchronizer$ConditionObject.awaitNanos(AbstractQueuedSynchronizer.java:2078)&#10;        at java.util.concurrent.LinkedBlockingQueue.poll(LinkedBlockingQueue.java:467)&#10;        at org.apache.hadoop.ipc.CallQueueManager.take(CallQueueManager.java:288)&#10;        at org.apache.hadoop.ipc.Server$Handler.run(Server.java:2668)&#10;&quot;IPC Server handler 15 on 37215&quot; daemon prio=5 tid=64 timed_waiting&#10;java.lang.Thread.State: TIMED_WAITING&#10;        at sun.misc.Unsafe.park(Native Method)&#10;        at java.util.concurrent.locks.LockSupport.parkNanos(LockSupport.java:215)&#10;        at java.util.concurrent.locks.AbstractQueuedSynchronizer$ConditionObject.awaitNanos(AbstractQueuedSynchronizer.java:2078)&#10;        at java.util.concurrent.LinkedBlockingQueue.poll(LinkedBlockingQueue.java:467)&#10;        at org.apache.hadoop.ipc.CallQueueManager.take(CallQueueManager.java:288)&#10;        at org.apache.hadoop.ipc.Server$Handler.run(Server.java:2668)&#10;&quot;metrics-hadoop-metrics2-reporter-3-thread-1&quot; daemon prio=5 tid=718 timed_waiting&#10;java.lang.Thread.State: TIMED_WAITING&#10;        at sun.misc.Unsafe.park(Native Method)&#10;        at java.util.concurrent.locks.LockSupport.parkNanos(LockSupport.java:215)&#10;        at java.util.concurrent.locks.AbstractQueuedSynchronizer$ConditionObject.awaitNanos(AbstractQueuedSynchronizer.java:2078)&#10;        at java.util.concurrent.ScheduledThreadPoolExecutor$DelayedWorkQueue.take(ScheduledThreadPoolExecutor.java:1093)&#10;        at java.util.concurrent.ScheduledThreadPoolExecutor$DelayedWorkQueue.take(ScheduledThreadPoolExecutor.java:809)&#10;        at java.util.concurrent.ThreadPoolExecutor.getTask(ThreadPoolExecutor.java:1074)&#10;        at java.util.concurrent.ThreadPoolExecutor.runWorker(ThreadPoolExecutor.java:1134)&#10;        at java.util.concurrent.ThreadPoolExecutor$Worker.run(ThreadPoolExecutor.java:624)&#10;        at java.lang.Thread.run(Thread.java:748)&#10;&quot;pool-76-thread-56&quot;  prio=5 tid=680 in Object.wait()&#10;java.lang.Thread.State: WAITING (on object monitor)&#10;        at sun.misc.Unsafe.park(Native Method)&#10;        at java.util.concurrent.locks.LockSupport.park(LockSupport.java:175)&#10;        at java.util.concurrent.locks.AbstractQueuedSynchronizer$ConditionObject.await(AbstractQueuedSynchronizer.java:2039)&#10;        at java.util.concurrent.ArrayBlockingQueue.take(ArrayBlockingQueue.java:403)&#10;        at java.util.concurrent.ThreadPoolExecutor.getTask(ThreadPoolExecutor.java:1074)&#10;        at java.util.concurrent.ThreadPoolExecutor.runWorker(ThreadPoolExecutor.java:1134)&#10;        at java.util.concurrent.ThreadPoolExecutor$Worker.run(ThreadPoolExecutor.java:624)&#10;        at java.lang.Thread.run(Thread.java:748)&#10;&quot;pool-26-thread-12&quot;  prio=5 tid=325 in Object.wait()&#10;java.lang.Thread.State: WAITING (on object monitor)&#10;        at sun.misc.Unsafe.park(Native Method)&#10;        at java.util.concurrent.locks.LockSupport.park(LockSupport.java:175)&#10;        at java.util.concurrent.locks.AbstractQueuedSynchronizer$ConditionObject.await(AbstractQueuedSynchronizer.java:2039)&#10;        at java.util.concurrent.ArrayBlockingQueue.take(ArrayBlockingQueue.java:403)&#10;        at java.util.concurrent.ThreadPoolExecutor.getTask(ThreadPoolExecutor.java:1074)&#10;        at java.util.concurrent.ThreadPoolExecutor.runWorker(ThreadPoolExecutor.java:1134)&#10;        at java.util.concurrent.ThreadPoolExecutor$Worker.run(ThreadPoolExecutor.java:624)&#10;        at java.lang.Thread.run(Thread.java:748)&#10;&quot;pool-26-thread-59&quot;  prio=5 tid=372 in Object.wait()&#10;java.lang.Thread.State: WAITING (on object monitor)&#10;        at sun.misc.Unsafe.park(Native Method)&#10;        at java.util.concurrent.locks.LockSupport.park(LockSupport.java:175)&#10;        at java.util.concurrent.locks.AbstractQueuedSynchronizer$ConditionObject.await(AbstractQueuedSynchronizer.java:2039)&#10;        at java.util.concurrent.ArrayBlockingQueue.take(ArrayBlockingQueue.java:403)&#10;        at java.util.concurrent.ThreadPoolExecutor.getTask(ThreadPoolExecutor.java:1074)&#10;        at java.util.concurrent.ThreadPoolExecutor.runWorker(ThreadPoolExecutor.java:1134)&#10;        at java.util.concurrent.ThreadPoolExecutor$Worker.run(ThreadPoolExecutor.java:624)&#10;        at java.lang.Thread.run(Thread.java:748)&#10;&quot;qtp1680841335-241-acceptor-0@41334f0b-ServerConnector@411c6d44{HTTP/1.1,[http/1.1]}{0.0.0.0:38545}&quot; daemon prio=3 tid=241 runnable&#10;java.lang.Thread.State: RUNNABLE&#10;        at sun.nio.ch.ServerSocketChannelImpl.accept0(Native Method)&#10;        at sun.nio.ch.ServerSocketChannelImpl.accept(ServerSocketChannelImpl.java:422)&#10;        at sun.nio.ch.ServerSocketChannelImpl.accept(ServerSocketChannelImpl.java:250)&#10;        at org.eclipse.jetty.server.ServerConnector.accept(ServerConnector.java:397)&#10;        at org.eclipse.jetty.server.AbstractConnector$Acceptor.run(AbstractConnector.java:601)&#10;        at org.eclipse.jetty.util.thread.QueuedThreadPool.runJob(QueuedThreadPool.java:671)&#10;        at org.eclipse.jetty.util.thread.QueuedThreadPool$2.run(QueuedThreadPool.java:589)&#10;        at java.lang.Thread.run(Thread.java:748)&#10;&quot;Thread-1169&quot; daemon prio=5 tid=1755 timed_waiting&#10;java.lang.Thread.State: TIMED_WAITING&#10;        at java.lang.Thread.sleep(Native Method)&#10;        at org.apache.ratis.util.JavaUtils.sleep(JavaUtils.java:247)&#10;        at org.apache.ratis.server.impl.FollowerState.run(FollowerState.java:96)&#10;&quot;pool-66-thread-25&quot;  prio=5 tid=587 in Object.wait()&#10;java.lang.Thread.State: WAITING (on object monitor)&#10;        at sun.misc.Unsafe.park(Native Method)&#10;        at java.util.concurrent.locks.LockSupport.park(LockSupport.java:175)&#10;        at java.util.concurrent.locks.AbstractQueuedSynchronizer$ConditionObject.await(AbstractQueuedSynchronizer.java:2039)&#10;        at java.util.concurrent.ArrayBlockingQueue.take(ArrayBlockingQueue.java:403)&#10;        at java.util.concurrent.ThreadPoolExecutor.getTask(ThreadPoolExecutor.java:1074)&#10;        at java.util.concurrent.ThreadPoolExecutor.runWorker(ThreadPoolExecutor.java:1134)&#10;        at java.util.concurrent.ThreadPoolExecutor$Worker.run(ThreadPoolExecutor.java:624)&#10;        at java.lang.Thread.run(Thread.java:748)&#10;&quot;qtp564272228-92&quot; daemon prio=5 tid=92 timed_waiting&#10;java.lang.Thread.State: TIMED_WAITING&#10;        at sun.misc.Unsafe.park(Native Method)&#10;        at java.util.concurrent.locks.LockSupport.parkNanos(LockSupport.java:215)&#10;        at java.util.concurrent.locks.AbstractQueuedSynchronizer$ConditionObject.awaitNanos(AbstractQueuedSynchronizer.java:2078)&#10;        at org.eclipse.jetty.util.BlockingArrayQueue.poll(BlockingArrayQueue.java:392)&#10;        at org.eclipse.jetty.util.thread.QueuedThreadPool.idleJobPoll(QueuedThreadPool.java:563)&#10;        at org.eclipse.jetty.util.thread.QueuedThreadPool.access$800(QueuedThreadPool.java:48)&#10;        at org.eclipse.jetty.util.thread.QueuedThreadPool$2.run(QueuedThreadPool.java:626)&#10;        at java.lang.Thread.run(Thread.java:748)&#10;&quot;org.apache.ratis.server.impl.LogAppender$AppenderDaemon$$Lambda$418/858148741@5483bdea&quot; daemon prio=5 tid=1836 timed_waiting&#10;java.lang.Thread.State: TIMED_WAITING&#10;        at java.lang.Object.wait(Native Method)&#10;        at org.apache.ratis.grpc.server.GrpcLogAppender.mayWait(GrpcLogAppender.java:141)&#10;        at org.apache.ratis.grpc.server.GrpcLogAppender.runAppenderImpl(GrpcLogAppender.java:95)&#10;        at org.apache.ratis.server.impl.LogAppender$AppenderDaemon.run(LogAppender.java:76)&#10;        at org.apache.ratis.server.impl.LogAppender$AppenderDaemon$$Lambda$418/858148741.run(Unknown Source)&#10;        at java.lang.Thread.run(Thread.java:748)&#10;&quot;pool-56-thread-35&quot;  prio=5 tid=529 in Object.wait()&#10;java.lang.Thread.State: WAITING (on object monitor)&#10;        at sun.misc.Unsafe.park(Native Method)&#10;        at java.util.concurrent.locks.LockSupport.park(LockSupport.java:175)&#10;        at java.util.concurrent.locks.AbstractQueuedSynchronizer$ConditionObject.await(AbstractQueuedSynchronizer.java:2039)&#10;        at java.util.concurrent.ArrayBlockingQueue.take(ArrayBlockingQueue.java:403)&#10;        at java.util.concurrent.ThreadPoolExecutor.getTask(ThreadPoolExecutor.java:1074)&#10;        at java.util.concurrent.ThreadPoolExecutor.runWorker(ThreadPoolExecutor.java:1134)&#10;        at java.util.concurrent.ThreadPoolExecutor$Worker.run(ThreadPoolExecutor.java:624)&#10;        at java.lang.Thread.run(Thread.java:748)&#10;&quot;8c24ed06-386e-4085-8931-93c762a64530@group-ADB1B60517AF-StateMachineUpdater&quot; daemon prio=5 tid=786 in Object.wait()&#10;java.lang.Thread.State: WAITING (on object monitor)&#10;        at java.lang.Object.wait(Native Method)&#10;        at java.lang.Object.wait(Object.java:502)&#10;        at org.apache.ratis.server.impl.StateMachineUpdater.waitForCommit(StateMachineUpdater.java:183)&#10;        at org.apache.ratis.server.impl.StateMachineUpdater.run(StateMachineUpdater.java:148)&#10;        at java.lang.Thread.run(Thread.java:748)&#10;&quot;org.apache.hadoop.util.JvmPauseMonitor$Monitor@59f45112&quot; daemon prio=5 tid=178 timed_waiting&#10;java.lang.Thread.State: TIMED_WAITING&#10;        at java.lang.Thread.sleep(Native Method)&#10;        at org.apache.hadoop.util.JvmPauseMonitor$Monitor.run(JvmPauseMonitor.java:192)&#10;        at java.lang.Thread.run(Thread.java:748)&#10;&quot;pool-56-thread-8&quot;  prio=5 tid=502 in Object.wait()&#10;java.lang.Thread.State: WAITING (on object monitor)&#10;        at sun.misc.Unsafe.park(Native Method)&#10;        at java.util.concurrent.locks.LockSupport.park(LockSupport.java:175)&#10;        at java.util.concurrent.locks.AbstractQueuedSynchronizer$ConditionObject.await(AbstractQueuedSynchronizer.java:2039)&#10;        at java.util.concurrent.ArrayBlockingQueue.take(ArrayBlockingQueue.java:403)&#10;        at java.util.concurrent.ThreadPoolExecutor.getTask(ThreadPoolExecutor.java:1074)&#10;        at java.util.concurrent.ThreadPoolExecutor.runWorker(ThreadPoolExecutor.java:1134)&#10;        at java.util.concurrent.ThreadPoolExecutor$Worker.run(ThreadPoolExecutor.java:624)&#10;        at java.lang.Thread.run(Thread.java:748)&#10;&quot;pool-56-thread-21&quot;  prio=5 tid=515 in Object.wait()&#10;java.lang.Thread.State: WAITING (on object monitor)&#10;        at sun.misc.Unsafe.park(Native Method)&#10;        at java.util.concurrent.locks.LockSupport.park(LockSupport.java:175)&#10;        at java.util.concurrent.locks.AbstractQueuedSynchronizer$ConditionObject.await(AbstractQueuedSynchronizer.java:2039)&#10;        at java.util.concurrent.ArrayBlockingQueue.take(ArrayBlockingQueue.java:403)&#10;        at java.util.concurrent.ThreadPoolExecutor.getTask(ThreadPoolExecutor.java:1074)&#10;        at java.util.concurrent.ThreadPoolExecutor.runWorker(ThreadPoolExecutor.java:1134)&#10;        at java.util.concurrent.ThreadPoolExecutor$Worker.run(ThreadPoolExecutor.java:624)&#10;        at java.lang.Thread.run(Thread.java:748)&#10;&quot;metrics-hadoop-metrics2-reporter-20-thread-1&quot; daemon prio=5 tid=789 timed_waiting&#10;java.lang.Thread.State: TIMED_WAITING&#10;        at sun.misc.Unsafe.park(Native Method)&#10;        at java.util.concurrent.locks.LockSupport.parkNanos(LockSupport.java:215)&#10;        at java.util.concurrent.locks.AbstractQueuedSynchronizer$ConditionObject.awaitNanos(AbstractQueuedSynchronizer.java:2078)&#10;        at java.util.concurrent.ScheduledThreadPoolExecutor$DelayedWorkQueue.take(ScheduledThreadPoolExecutor.java:1093)&#10;        at java.util.concurrent.ScheduledThreadPoolExecutor$DelayedWorkQueue.take(ScheduledThreadPoolExecutor.java:809)&#10;        at java.util.concurrent.ThreadPoolExecutor.getTask(ThreadPoolExecutor.java:1074)&#10;        at java.util.concurrent.ThreadPoolExecutor.runWorker(ThreadPoolExecutor.java:1134)&#10;        at java.util.concurrent.ThreadPoolExecutor$Worker.run(ThreadPoolExecutor.java:624)&#10;        at java.lang.Thread.run(Thread.java:748)&#10;&quot;EventQueue-NodeRegistrationContainerReportForContainerSafeModeRule&quot; daemon prio=5 tid=691 in Object.wait()&#10;java.lang.Thread.State: WAITING (on object monitor)&#10;        at sun.misc.Unsafe.park(Native Method)&#10;        at java.util.concurrent.locks.LockSupport.park(LockSupport.java:175)&#10;        at java.util.concurrent.locks.AbstractQueuedSynchronizer$ConditionObject.await(AbstractQueuedSynchronizer.java:2039)&#10;        at java.util.concurrent.LinkedBlockingQueue.take(LinkedBlockingQueue.java:442)&#10;        at java.util.concurrent.ThreadPoolExecutor.getTask(ThreadPoolExecutor.java:1074)&#10;        at java.util.concurrent.ThreadPoolExecutor.runWorker(ThreadPoolExecutor.java:1134)&#10;        at java.util.concurrent.ThreadPoolExecutor$Worker.run(ThreadPoolExecutor.java:624)&#10;        at java.lang.Thread.run(Thread.java:748)&#10;&quot;b7064b77-9271-4e94-8225-85d895886efb@group-282EF1BFFEE0-StateMachineUpdater&quot; daemon prio=5 tid=774 in Object.wait()&#10;java.lang.Thread.State: WAITING (on object monitor)&#10;        at java.lang.Object.wait(Native Method)&#10;        at java.lang.Object.wait(Object.java:502)&#10;        at org.apache.ratis.server.impl.StateMachineUpdater.waitForCommit(StateMachineUpdater.java:183)&#10;        at org.apache.ratis.server.impl.StateMachineUpdater.run(StateMachineUpdater.java:148)&#10;        at java.lang.Thread.run(Thread.java:748)&#10;&quot;pool-56-thread-23&quot;  prio=5 tid=517 in Object.wait()&#10;java.lang.Thread.State: WAITING (on object monitor)&#10;        at sun.misc.Unsafe.park(Native Method)&#10;        at java.util.concurrent.locks.LockSupport.park(LockSupport.java:175)&#10;        at java.util.concurrent.locks.AbstractQueuedSynchronizer$ConditionObject.await(AbstractQueuedSynchronizer.java:2039)&#10;        at java.util.concurrent.ArrayBlockingQueue.take(ArrayBlockingQueue.java:403)&#10;        at java.util.concurrent.ThreadPoolExecutor.getTask(ThreadPoolExecutor.java:1074)&#10;        at java.util.concurrent.ThreadPoolExecutor.runWorker(ThreadPoolExecutor.java:1134)&#10;        at java.util.concurrent.ThreadPoolExecutor$Worker.run(ThreadPoolExecutor.java:624)&#10;        at java.lang.Thread.run(Thread.java:748)&#10;&quot;pool-76-thread-38&quot;  prio=5 tid=662 in Object.wait()&#10;java.lang.Thread.State: WAITING (on object monitor)&#10;        at sun.misc.Unsafe.park(Native Method)&#10;        at java.util.concurrent.locks.LockSupport.park(LockSupport.java:175)&#10;        at java.util.concurrent.locks.AbstractQueuedSynchronizer$ConditionObject.await(AbstractQueuedSynchronizer.java:2039)&#10;        at java.util.concurrent.ArrayBlockingQueue.take(ArrayBlockingQueue.java:403)&#10;        at java.util.concurrent.ThreadPoolExecutor.getTask(ThreadPoolExecutor.java:1074)&#10;        at java.util.concurrent.ThreadPoolExecutor.runWorker(ThreadPoolExecutor.java:1134)&#10;        at java.util.concurrent.ThreadPoolExecutor$Worker.run(ThreadPoolExecutor.java:624)&#10;        at java.lang.Thread.run(Thread.java:748)&#10;&quot;pool-36-thread-13&quot;  prio=5 tid=386 in Object.wait()&#10;java.lang.Thread.State: WAITING (on object monitor)&#10;        at sun.misc.Unsafe.park(Native Method)&#10;        at java.util.concurrent.locks.LockSupport.park(LockSupport.java:175)&#10;        at java.util.concurrent.locks.AbstractQueuedSynchronizer$ConditionObject.await(AbstractQueuedSynchronizer.java:2039)&#10;        at java.util.concurrent.ArrayBlockingQueue.take(ArrayBlockingQueue.java:403)&#10;        at java.util.concurrent.ThreadPoolExecutor.getTask(ThreadPoolExecutor.java:1074)&#10;        at java.util.concurrent.ThreadPoolExecutor.runWorker(ThreadPoolExecutor.java:1134)&#10;        at java.util.concurrent.ThreadPoolExecutor$Worker.run(ThreadPoolExecutor.java:624)&#10;        at java.lang.Thread.run(Thread.java:748)&#10;&quot;IPC Server handler 8 on 40029&quot; daemon prio=5 tid=77 timed_waiting&#10;java.lang.Thread.State: TIMED_WAITING&#10;        at sun.misc.Unsafe.park(Native Method)&#10;        at java.util.concurrent.locks.LockSupport.parkNanos(LockSupport.java:215)&#10;        at java.util.concurrent.locks.AbstractQueuedSynchronizer$ConditionObject.awaitNanos(AbstractQueuedSynchronizer.java:2078)&#10;        at java.util.concurrent.LinkedBlockingQueue.poll(LinkedBlockingQueue.java:467)&#10;        at org.apache.hadoop.ipc.CallQueueManager.take(CallQueueManager.java:288)&#10;        at org.apache.hadoop.ipc.Server$Handler.run(Server.java:2668)&#10;&quot;refreshUsed-/workdir/hadoop-ozone/integration-test/target/test-dir/MiniOzoneClusterImpl-85c44edd-3ede-4f6a-a825-df7bd545a955/datanode-3/data/containers&quot; daemon prio=5 tid=235 timed_waiting&#10;java.lang.Thread.State: TIMED_WAITING&#10;        at java.lang.Thread.sleep(Native Method)&#10;        at org.apache.hadoop.fs.CachingGetSpaceUsed$RefreshThread.run(CachingGetSpaceUsed.java:179)&#10;        at java.lang.Thread.run(Thread.java:748)&#10;&quot;Datanode ReportManager Thread - 0&quot; daemon prio=5 tid=225 timed_waiting&#10;java.lang.Thread.State: TIMED_WAITING&#10;        at sun.misc.Unsafe.park(Native Method)&#10;        at java.util.concurrent.locks.LockSupport.parkNanos(LockSupport.java:215)&#10;        at java.util.concurrent.locks.AbstractQueuedSynchronizer$ConditionObject.awaitNanos(AbstractQueuedSynchronizer.java:2078)&#10;        at java.util.concurrent.ScheduledThreadPoolExecutor$DelayedWorkQueue.take(ScheduledThreadPoolExecutor.java:1093)&#10;        at java.util.concurrent.ScheduledThreadPoolExecutor$DelayedWorkQueue.take(ScheduledThreadPoolExecutor.java:809)&#10;        at java.util.concurrent.ThreadPoolExecutor.getTask(ThreadPoolExecutor.java:1074)&#10;        at java.util.concurrent.ThreadPoolExecutor.runWorker(ThreadPoolExecutor.java:1134)&#10;        at java.util.concurrent.ThreadPoolExecutor$Worker.run(ThreadPoolExecutor.java:624)&#10;        at java.lang.Thread.run(Thread.java:748)&#10;&quot;EventQueue-SafemodestatusForSafeModeHandler&quot; daemon prio=5 tid=695 in Object.wait()&#10;java.lang.Thread.State: WAITING (on object monitor)&#10;        at sun.misc.Unsafe.park(Native Method)&#10;        at java.util.concurrent.locks.LockSupport.park(LockSupport.java:175)&#10;        at java.util.concurrent.locks.AbstractQueuedSynchronizer$ConditionObject.await(AbstractQueuedSynchronizer.java:2039)&#10;        at java.util.concurrent.LinkedBlockingQueue.take(LinkedBlockingQueue.java:442)&#10;        at java.util.concurrent.ThreadPoolExecutor.getTask(ThreadPoolExecutor.java:1074)&#10;        at java.util.concurrent.ThreadPoolExecutor.runWorker(ThreadPoolExecutor.java:1134)&#10;        at java.util.concurrent.ThreadPoolExecutor$Worker.run(ThreadPoolExecutor.java:624)&#10;        at java.lang.Thread.run(Thread.java:748)&#10;&quot;pool-26-thread-3&quot;  prio=5 tid=316 in Object.wait()&#10;java.lang.Thread.State: WAITING (on object monitor)&#10;        at sun.misc.Unsafe.park(Native Method)&#10;        at java.util.concurrent.locks.LockSupport.park(LockSupport.java:175)&#10;        at java.util.concurrent.locks.AbstractQueuedSynchronizer$ConditionObject.await(AbstractQueuedSynchronizer.java:2039)&#10;        at java.util.concurrent.ArrayBlockingQueue.take(ArrayBlockingQueue.java:403)&#10;        at java.util.concurrent.ThreadPoolExecutor.getTask(ThreadPoolExecutor.java:1074)&#10;        at java.util.concurrent.ThreadPoolExecutor.runWorker(ThreadPoolExecutor.java:1134)&#10;        at java.util.concurrent.ThreadPoolExecutor$Worker.run(ThreadPoolExecutor.java:624)&#10;        at java.lang.Thread.run(Thread.java:748)&#10;&quot;pool-46-thread-13&quot;  prio=5 tid=446 in Object.wait()&#10;java.lang.Thread.State: WAITING (on object monitor)&#10;        at sun.misc.Unsafe.park(Native Method)&#10;        at java.util.concurrent.locks.LockSupport.park(LockSupport.java:175)&#10;        at java.util.concurrent.locks.AbstractQueuedSynchronizer$ConditionObject.await(AbstractQueuedSynchronizer.java:2039)&#10;        at java.util.concurrent.ArrayBlockingQueue.take(ArrayBlockingQueue.java:403)&#10;        at java.util.concurrent.ThreadPoolExecutor.getTask(ThreadPoolExecutor.java:1074)&#10;        at java.util.concurrent.ThreadPoolExecutor.runWorker(ThreadPoolExecutor.java:1134)&#10;        at java.util.concurrent.ThreadPoolExecutor$Worker.run(ThreadPoolExecutor.java:624)&#10;        at java.lang.Thread.run(Thread.java:748)&#10;&quot;qtp1235908203-142&quot; daemon prio=5 tid=142 timed_waiting&#10;java.lang.Thread.State: TIMED_WAITING&#10;        at sun.misc.Unsafe.park(Native Method)&#10;        at java.util.concurrent.locks.LockSupport.parkNanos(LockSupport.java:215)&#10;        at java.util.concurrent.locks.AbstractQueuedSynchronizer$ConditionObject.awaitNanos(AbstractQueuedSynchronizer.java:2078)&#10;        at org.eclipse.jetty.util.BlockingArrayQueue.poll(BlockingArrayQueue.java:392)&#10;        at org.eclipse.jetty.util.thread.QueuedThreadPool.idleJobPoll(QueuedThreadPool.java:563)&#10;        at org.eclipse.jetty.util.thread.QueuedThreadPool.access$800(QueuedThreadPool.java:48)&#10;        at org.eclipse.jetty.util.thread.QueuedThreadPool$2.run(QueuedThreadPool.java:626)&#10;        at java.lang.Thread.run(Thread.java:748)&#10;&quot;8c24ed06-386e-4085-8931-93c762a64530@group-DBE87B3B08CE-SegmentedRaftLogWorker&quot;  prio=5 tid=803 timed_waiting&#10;java.lang.Thread.State: TIMED_WAITING&#10;        at sun.misc.Unsafe.park(Native Method)&#10;        at java.util.concurrent.locks.LockSupport.parkNanos(LockSupport.java:215)&#10;        at java.util.concurrent.locks.AbstractQueuedSynchronizer$ConditionObject.awaitNanos(AbstractQueuedSynchronizer.java:2078)&#10;        at org.apache.ratis.util.DataBlockingQueue.poll(DataBlockingQueue.java:137)&#10;        at org.apache.ratis.server.raftlog.segmented.SegmentedRaftLogWorker.run(SegmentedRaftLogWorker.java:283)&#10;        at java.lang.Thread.run(Thread.java:748)&#10;&quot;EventQueue-NodeRegistrationContainerReportForDataNodeSafeModeRule&quot; daemon prio=5 tid=690 in Object.wait()&#10;java.lang.Thread.State: WAITING (on object monitor)&#10;        at sun.misc.Unsafe.park(Native Method)&#10;        at java.util.concurrent.locks.LockSupport.park(LockSupport.java:175)&#10;        at java.util.concurrent.locks.AbstractQueuedSynchronizer$ConditionObject.await(AbstractQueuedSynchronizer.java:2039)&#10;        at java.util.concurrent.LinkedBlockingQueue.take(LinkedBlockingQueue.java:442)&#10;        at java.util.concurrent.ThreadPoolExecutor.getTask(ThreadPoolExecutor.java:1074)&#10;        at java.util.concurrent.ThreadPoolExecutor.runWorker(ThreadPoolExecutor.java:1134)&#10;        at java.util.concurrent.ThreadPoolExecutor$Worker.run(ThreadPoolExecutor.java:624)&#10;        at java.lang.Thread.run(Thread.java:748)&#10;&quot;pool-46-thread-56&quot;  prio=5 tid=489 in Object.wait()&#10;java.lang.Thread.State: WAITING (on object monitor)&#10;        at sun.misc.Unsafe.park(Native Method)&#10;        at java.util.concurrent.locks.LockSupport.park(LockSupport.java:175)&#10;        at java.util.concurrent.locks.AbstractQueuedSynchronizer$ConditionObject.await(AbstractQueuedSynchronizer.java:2039)&#10;        at java.util.concurrent.ArrayBlockingQueue.take(ArrayBlockingQueue.java:403)&#10;        at java.util.concurrent.ThreadPoolExecutor.getTask(ThreadPoolExecutor.java:1074)&#10;        at java.util.concurrent.ThreadPoolExecutor.runWorker(ThreadPoolExecutor.java:1134)&#10;        at java.util.concurrent.ThreadPoolExecutor$Worker.run(ThreadPoolExecutor.java:624)&#10;        at java.lang.Thread.run(Thread.java:748)&#10;&quot;qtp1507604180-187-acceptor-0@6b798866-ServerConnector@467b684d{HTTP/1.1,[http/1.1]}{0.0.0.0:40030}&quot; daemon prio=3 tid=187 runnable&#10;java.lang.Thread.State: RUNNABLE&#10;        at sun.nio.ch.ServerSocketChannelImpl.accept0(Native Method)&#10;        at sun.nio.ch.ServerSocketChannelImpl.accept(ServerSocketChannelImpl.java:422)&#10;        at sun.nio.ch.ServerSocketChannelImpl.accept(ServerSocketChannelImpl.java:250)&#10;        at org.eclipse.jetty.server.ServerConnector.accept(ServerConnector.java:397)&#10;        at org.eclipse.jetty.server.AbstractConnector$Acceptor.run(AbstractConnector.java:601)&#10;        at org.eclipse.jetty.util.thread.QueuedThreadPool.runJob(QueuedThreadPool.java:671)&#10;        at org.eclipse.jetty.util.thread.QueuedThreadPool$2.run(QueuedThreadPool.java:589)&#10;        at java.lang.Thread.run(Thread.java:748)&#10;&quot;BlockDeletingService#0&quot; daemon prio=5 tid=555 in Object.wait()&#10;java.lang.Thread.State: WAITING (on object monitor)&#10;        at sun.misc.Unsafe.park(Native Method)&#10;        at java.util.concurrent.locks.LockSupport.park(LockSupport.java:175)&#10;        at java.util.concurrent.locks.AbstractQueuedSynchronizer$ConditionObject.await(AbstractQueuedSynchronizer.java:2039)&#10;        at java.util.concurrent.ScheduledThreadPoolExecutor$DelayedWorkQueue.take(ScheduledThreadPoolExecutor.java:1088)&#10;        at java.util.concurrent.ScheduledThreadPoolExecutor$DelayedWorkQueue.take(ScheduledThreadPoolExecutor.java:809)&#10;        at java.util.concurrent.ThreadPoolExecutor.getTask(ThreadPoolExecutor.java:1074)&#10;        at java.util.concurrent.ThreadPoolExecutor.runWorker(ThreadPoolExecutor.java:1134)&#10;        at java.util.concurrent.ThreadPoolExecutor$Worker.run(ThreadPoolExecutor.java:624)&#10;        at java.lang.Thread.run(Thread.java:748)&#10;&quot;java.util.concurrent.ThreadPoolExecutor$Worker@21873976[State = -1, empty queue]&quot; daemon prio=5 tid=1848 timed_waiting&#10;java.lang.Thread.State: TIMED_WAITING&#10;        at sun.misc.Unsafe.park(Native Method)&#10;        at java.util.concurrent.locks.LockSupport.parkNanos(LockSupport.java:215)&#10;        at java.util.concurrent.locks.AbstractQueuedSynchronizer$ConditionObject.awaitNanos(AbstractQueuedSynchronizer.java:2078)&#10;        at java.util.concurrent.ScheduledThreadPoolExecutor$DelayedWorkQueue.take(ScheduledThreadPoolExecutor.java:1093)&#10;        at java.util.concurrent.ScheduledThreadPoolExecutor$DelayedWorkQueue.take(ScheduledThreadPoolExecutor.java:809)&#10;        at java.util.concurrent.ThreadPoolExecutor.getTask(ThreadPoolExecutor.java:1074)&#10;        at java.util.concurrent.ThreadPoolExecutor.runWorker(ThreadPoolExecutor.java:1134)&#10;        at java.util.concurrent.ThreadPoolExecutor$Worker.run(ThreadPoolExecutor.java:624)&#10;        at java.lang.Thread.run(Thread.java:748)&#10;&quot;org.apache.hadoop.util.JvmPauseMonitor$Monitor@785f55df&quot; daemon prio=5 tid=284 timed_waiting&#10;java.lang.Thread.State: TIMED_WAITING&#10;        at java.lang.Thread.sleep(Native Method)&#10;        at org.apache.hadoop.util.JvmPauseMonitor$Monitor.run(JvmPauseMonitor.java:192)&#10;        at java.lang.Thread.run(Thread.java:748)&#10;&quot;Datanode ReportManager Thread - 0&quot; daemon prio=5 tid=279 timed_waiting&#10;java.lang.Thread.State: TIMED_WAITING&#10;        at sun.misc.Unsafe.park(Native Method)&#10;        at java.util.concurrent.locks.LockSupport.parkNanos(LockSupport.java:215)&#10;        at java.util.concurrent.locks.AbstractQueuedSynchronizer$ConditionObject.awaitNanos(AbstractQueuedSynchronizer.java:2078)&#10;        at java.util.concurrent.ScheduledThreadPoolExecutor$DelayedWorkQueue.take(ScheduledThreadPoolExecutor.java:1093)&#10;        at java.util.concurrent.ScheduledThreadPoolExecutor$DelayedWorkQueue.take(ScheduledThreadPoolExecutor.java:809)&#10;        at java.util.concurrent.ThreadPoolExecutor.getTask(ThreadPoolExecutor.java:1074)&#10;        at java.util.concurrent.ThreadPoolExecutor.runWorker(ThreadPoolExecutor.java:1134)&#10;        at java.util.concurrent.ThreadPoolExecutor$Worker.run(ThreadPoolExecutor.java:624)&#10;        at java.lang.Thread.run(Thread.java:748)&#10;&quot;IPC Server handler 12 on 45005&quot; daemon prio=5 tid=41 timed_waiting&#10;java.lang.Thread.State: TIMED_WAITING&#10;        at sun.misc.Unsafe.park(Native Method)&#10;        at java.util.concurrent.locks.LockSupport.parkNanos(LockSupport.java:215)&#10;        at java.util.concurrent.locks.AbstractQueuedSynchronizer$ConditionObject.awaitNanos(AbstractQueuedSynchronizer.java:2078)&#10;        at java.util.concurrent.LinkedBlockingQueue.poll(LinkedBlockingQueue.java:467)&#10;        at org.apache.hadoop.ipc.CallQueueManager.take(CallQueueManager.java:288)&#10;        at org.apache.hadoop.ipc.Server$Handler.run(Server.java:2668)&#10;&quot;pool-66-thread-42&quot;  prio=5 tid=604 in Object.wait()&#10;java.lang.Thread.State: WAITING (on object monitor)&#10;        at sun.misc.Unsafe.park(Native Method)&#10;        at java.util.concurrent.locks.LockSupport.park(LockSupport.java:175)&#10;        at java.util.concurrent.locks.AbstractQueuedSynchronizer$ConditionObject.await(AbstractQueuedSynchronizer.java:2039)&#10;        at java.util.concurrent.ArrayBlockingQueue.take(ArrayBlockingQueue.java:403)&#10;        at java.util.concurrent.ThreadPoolExecutor.getTask(ThreadPoolExecutor.java:1074)&#10;        at java.util.concurrent.ThreadPoolExecutor.runWorker(ThreadPoolExecutor.java:1134)&#10;        at java.util.concurrent.ThreadPoolExecutor$Worker.run(ThreadPoolExecutor.java:624)&#10;        at java.lang.Thread.run(Thread.java:748)&#10;&quot;pool-56-thread-58&quot;  prio=5 tid=552 in Object.wait()&#10;java.lang.Thread.State: WAITING (on object monitor)&#10;        at sun.misc.Unsafe.park(Native Method)&#10;        at java.util.concurrent.locks.LockSupport.park(LockSupport.java:175)&#10;        at java.util.concurrent.locks.AbstractQueuedSynchronizer$ConditionObject.await(AbstractQueuedSynchronizer.java:2039)&#10;        at java.util.concurrent.ArrayBlockingQueue.take(ArrayBlockingQueue.java:403)&#10;        at java.util.concurrent.ThreadPoolExecutor.getTask(ThreadPoolExecutor.java:1074)&#10;        at java.util.concurrent.ThreadPoolExecutor.runWorker(ThreadPoolExecutor.java:1134)&#10;        at java.util.concurrent.ThreadPoolExecutor$Worker.run(ThreadPoolExecutor.java:624)&#10;        at java.lang.Thread.run(Thread.java:748)&#10;&quot;qtp1623761043-269&quot; daemon prio=5 tid=269 timed_waiting&#10;java.lang.Thread.State: TIMED_WAITING&#10;        at sun.misc.Unsafe.park(Native Method)&#10;        at java.util.concurrent.locks.LockSupport.parkNanos(LockSupport.java:215)&#10;        at java.util.concurrent.locks.AbstractQueuedSynchronizer$ConditionObject.awaitNanos(AbstractQueuedSynchronizer.java:2078)&#10;        at org.eclipse.jetty.util.BlockingArrayQueue.poll(BlockingArrayQueue.java:392)&#10;        at org.eclipse.jetty.util.thread.QueuedThreadPool.idleJobPoll(QueuedThreadPool.java:563)&#10;        at org.eclipse.jetty.util.thread.QueuedThreadPool.access$800(QueuedThreadPool.java:48)&#10;        at org.eclipse.jetty.util.thread.QueuedThreadPool$2.run(QueuedThreadPool.java:626)&#10;        at java.lang.Thread.run(Thread.java:748)&#10;&quot;IPC Server handler 19 on 44461&quot; daemon prio=5 tid=134 timed_waiting&#10;java.lang.Thread.State: TIMED_WAITING&#10;        at sun.misc.Unsafe.park(Native Method)&#10;        at java.util.concurrent.locks.LockSupport.parkNanos(LockSupport.java:215)&#10;        at java.util.concurrent.locks.AbstractQueuedSynchronizer$ConditionObject.awaitNanos(AbstractQueuedSynchronizer.java:2078)&#10;        at java.util.concurrent.LinkedBlockingQueue.poll(LinkedBlockingQueue.java:467)&#10;        at org.apache.hadoop.ipc.CallQueueManager.take(CallQueueManager.java:288)&#10;        at org.apache.hadoop.ipc.Server$Handler.run(Server.java:2668)&#10;&quot;Thread-1227&quot; daemon prio=5 tid=1819 timed_waiting&#10;java.lang.Thread.State: TIMED_WAITING&#10;        at sun.misc.Unsafe.park(Native Method)&#10;        at java.util.concurrent.locks.LockSupport.parkNanos(LockSupport.java:215)&#10;        at java.util.concurrent.locks.AbstractQueuedSynchronizer$ConditionObject.awaitNanos(AbstractQueuedSynchronizer.java:2078)&#10;        at java.util.concurrent.ArrayBlockingQueue.poll(ArrayBlockingQueue.java:418)&#10;        at org.apache.ratis.server.impl.LeaderState$EventQueue.poll(LeaderState.java:115)&#10;        at org.apache.ratis.server.impl.LeaderState$EventProcessor.run(LeaderState.java:457)&#10;&quot;pool-76-thread-60&quot;  prio=5 tid=684 in Object.wait()&#10;java.lang.Thread.State: WAITING (on object monitor)&#10;        at sun.misc.Unsafe.park(Native Method)&#10;        at java.util.concurrent.locks.LockSupport.park(LockSupport.java:175)&#10;        at java.util.concurrent.locks.AbstractQueuedSynchronizer$ConditionObject.await(AbstractQueuedSynchronizer.java:2039)&#10;        at java.util.concurrent.ArrayBlockingQueue.take(ArrayBlockingQueue.java:403)&#10;        at java.util.concurrent.ThreadPoolExecutor.getTask(ThreadPoolExecutor.java:1074)&#10;        at java.util.concurrent.ThreadPoolExecutor.runWorker(ThreadPoolExecutor.java:1134)&#10;        at java.util.concurrent.ThreadPoolExecutor$Worker.run(ThreadPoolExecutor.java:624)&#10;        at java.lang.Thread.run(Thread.java:748)&#10;&quot;IPC Server handler 14 on 44461&quot; daemon prio=5 tid=129 timed_waiting&#10;java.lang.Thread.State: TIMED_WAITING&#10;        at sun.misc.Unsafe.park(Native Method)&#10;        at java.util.concurrent.locks.LockSupport.parkNanos(LockSupport.java:215)&#10;        at java.util.concurrent.locks.AbstractQueuedSynchronizer$ConditionObject.awaitNanos(AbstractQueuedSynchronizer.java:2078)&#10;        at java.util.concurrent.LinkedBlockingQueue.poll(LinkedBlockingQueue.java:467)&#10;        at org.apache.hadoop.ipc.CallQueueManager.take(CallQueueManager.java:288)&#10;        at org.apache.hadoop.ipc.Server$Handler.run(Server.java:2668)&#10;&quot;pool-36-thread-51&quot;  prio=5 tid=424 in Object.wait()&#10;java.lang.Thread.State: WAITING (on object monitor)&#10;        at sun.misc.Unsafe.park(Native Method)&#10;        at java.util.concurrent.locks.LockSupport.park(LockSupport.java:175)&#10;        at java.util.concurrent.locks.AbstractQueuedSynchronizer$ConditionObject.await(AbstractQueuedSynchronizer.java:2039)&#10;        at java.util.concurrent.ArrayBlockingQueue.take(ArrayBlockingQueue.java:403)&#10;        at java.util.concurrent.ThreadPoolExecutor.getTask(ThreadPoolExecutor.java:1074)&#10;        at java.util.concurrent.ThreadPoolExecutor.runWorker(ThreadPoolExecutor.java:1134)&#10;        at java.util.concurrent.ThreadPoolExecutor$Worker.run(ThreadPoolExecutor.java:624)&#10;        at java.lang.Thread.run(Thread.java:748)&#10;&quot;org.eclipse.jetty.server.session.HashSessionManager@118ffcfdTimer&quot; daemon prio=5 tid=222 timed_waiting&#10;java.lang.Thread.State: TIMED_WAITING&#10;        at sun.misc.Unsafe.park(Native Method)&#10;        at java.util.concurrent.locks.LockSupport.parkNanos(LockSupport.java:215)&#10;        at java.util.concurrent.locks.AbstractQueuedSynchronizer$ConditionObject.awaitNanos(AbstractQueuedSynchronizer.java:2078)&#10;        at java.util.concurrent.ScheduledThreadPoolExecutor$DelayedWorkQueue.take(ScheduledThreadPoolExecutor.java:1093)&#10;        at java.util.concurrent.ScheduledThreadPoolExecutor$DelayedWorkQueue.take(ScheduledThreadPoolExecutor.java:809)&#10;        at java.util.concurrent.ThreadPoolExecutor.getTask(ThreadPoolExecutor.java:1074)&#10;        at java.util.concurrent.ThreadPoolExecutor.runWorker(ThreadPoolExecutor.java:1134)&#10;        at java.util.concurrent.ThreadPoolExecutor$Worker.run(ThreadPoolExecutor.java:624)&#10;        at java.lang.Thread.run(Thread.java:748)&#10;&quot;Datanode State Machine Thread - 0&quot; daemon prio=5 tid=251 timed_waiting&#10;java.lang.Thread.State: TIMED_WAITING&#10;        at java.lang.Thread.sleep(Native Method)&#10;        at org.apache.hadoop.ozone.container.common.statemachine.DatanodeStateMachine.start(DatanodeStateMachine.java:191)&#10;        at org.apache.hadoop.ozone.container.common.statemachine.DatanodeStateMachine.lambda$startDaemon$0(DatanodeStateMachine.java:349)&#10;        at org.apache.hadoop.ozone.container.common.statemachine.DatanodeStateMachine$$Lambda$138/939829672.run(Unknown Source)&#10;        at java.lang.Thread.run(Thread.java:748)&#10;&quot;Timer for &apos;StorageContainerManager&apos; metrics system&quot; daemon prio=5 tid=27 timed_waiting&#10;java.lang.Thread.State: TIMED_WAITING&#10;        at java.lang.Object.wait(Native Method)&#10;        at java.util.TimerThread.mainLoop(Timer.java:552)&#10;        at java.util.TimerThread.run(Timer.java:505)&#10;&quot;19e67e26-3d21-4d01-be9f-29113a4a814c@group-158143B13CCA-StateMachineUpdater&quot; daemon prio=5 tid=896 in Object.wait()&#10;java.lang.Thread.State: WAITING (on object monitor)&#10;        at java.lang.Object.wait(Native Method)&#10;        at java.lang.Object.wait(Object.java:502)&#10;        at org.apache.ratis.server.impl.StateMachineUpdater.waitForCommit(StateMachineUpdater.java:183)&#10;        at org.apache.ratis.server.impl.StateMachineUpdater.run(StateMachineUpdater.java:148)&#10;        at java.lang.Thread.run(Thread.java:748)&#10;&quot;metrics-hadoop-metrics2-reporter-6-thread-1&quot; daemon prio=5 tid=723 timed_waiting&#10;java.lang.Thread.State: TIMED_WAITING&#10;        at sun.misc.Unsafe.park(Native Method)&#10;        at java.util.concurrent.locks.LockSupport.parkNanos(LockSupport.java:215)&#10;        at java.util.concurrent.locks.AbstractQueuedSynchronizer$ConditionObject.awaitNanos(AbstractQueuedSynchronizer.java:2078)&#10;        at java.util.concurrent.ScheduledThreadPoolExecutor$DelayedWorkQueue.take(ScheduledThreadPoolExecutor.java:1093)&#10;        at java.util.concurrent.ScheduledThreadPoolExecutor$DelayedWorkQueue.take(ScheduledThreadPoolExecutor.java:809)&#10;        at java.util.concurrent.ThreadPoolExecutor.getTask(ThreadPoolExecutor.java:1074)&#10;        at java.util.concurrent.ThreadPoolExecutor.runWorker(ThreadPoolExecutor.java:1134)&#10;        at java.util.concurrent.ThreadPoolExecutor$Worker.run(ThreadPoolExecutor.java:624)&#10;        at java.lang.Thread.run(Thread.java:748)&#10;&quot;pool-76-thread-4&quot;  prio=5 tid=628 in Object.wait()&#10;java.lang.Thread.State: WAITING (on object monitor)&#10;        at sun.misc.Unsafe.park(Native Method)&#10;        at java.util.concurrent.locks.LockSupport.park(LockSupport.java:175)&#10;        at java.util.concurrent.locks.AbstractQueuedSynchronizer$ConditionObject.await(AbstractQueuedSynchronizer.java:2039)&#10;        at java.util.concurrent.ArrayBlockingQueue.take(ArrayBlockingQueue.java:403)&#10;        at java.util.concurrent.ThreadPoolExecutor.getTask(ThreadPoolExecutor.java:1074)&#10;        at java.util.concurrent.ThreadPoolExecutor.runWorker(ThreadPoolExecutor.java:1134)&#10;        at java.util.concurrent.ThreadPoolExecutor$Worker.run(ThreadPoolExecutor.java:624)&#10;        at java.lang.Thread.run(Thread.java:748)&#10;&quot;pool-76-thread-3&quot;  prio=5 tid=627 in Object.wait()&#10;java.lang.Thread.State: WAITING (on object monitor)&#10;        at sun.misc.Unsafe.park(Native Method)&#10;        at java.util.concurrent.locks.LockSupport.park(LockSupport.java:175)&#10;        at java.util.concurrent.locks.AbstractQueuedSynchronizer$ConditionObject.await(AbstractQueuedSynchronizer.java:2039)&#10;        at java.util.concurrent.ArrayBlockingQueue.take(ArrayBlockingQueue.java:403)&#10;        at java.util.concurrent.ThreadPoolExecutor.getTask(ThreadPoolExecutor.java:1074)&#10;        at java.util.concurrent.ThreadPoolExecutor.runWorker(ThreadPoolExecutor.java:1134)&#10;        at java.util.concurrent.ThreadPoolExecutor$Worker.run(ThreadPoolExecutor.java:624)&#10;        at java.lang.Thread.run(Thread.java:748)&#10;&quot;IPC Server handler 4 on 40029&quot; daemon prio=5 tid=73 timed_waiting&#10;java.lang.Thread.State: TIMED_WAITING&#10;        at sun.misc.Unsafe.park(Native Method)&#10;        at java.util.concurrent.locks.LockSupport.parkNanos(LockSupport.java:215)&#10;        at java.util.concurrent.locks.AbstractQueuedSynchronizer$ConditionObject.awaitNanos(AbstractQueuedSynchronizer.java:2078)&#10;        at java.util.concurrent.LinkedBlockingQueue.poll(LinkedBlockingQueue.java:467)&#10;        at org.apache.hadoop.ipc.CallQueueManager.take(CallQueueManager.java:288)&#10;        at org.apache.hadoop.ipc.Server$Handler.run(Server.java:2668)&#10;&quot;qtp1507604180-193&quot; daemon prio=5 tid=193 timed_waiting&#10;java.lang.Thread.State: TIMED_WAITING&#10;        at sun.misc.Unsafe.park(Native Method)&#10;        at java.util.concurrent.locks.LockSupport.parkNanos(LockSupport.java:215)&#10;        at java.util.concurrent.locks.AbstractQueuedSynchronizer$ConditionObject.awaitNanos(AbstractQueuedSynchronizer.java:2078)&#10;        at org.eclipse.jetty.util.BlockingArrayQueue.poll(BlockingArrayQueue.java:392)&#10;        at org.eclipse.jetty.util.thread.QueuedThreadPool.idleJobPoll(QueuedThreadPool.java:563)&#10;        at org.eclipse.jetty.util.thread.QueuedThreadPool.access$800(QueuedThreadPool.java:48)&#10;        at org.eclipse.jetty.util.thread.QueuedThreadPool$2.run(QueuedThreadPool.java:626)&#10;        at java.lang.Thread.run(Thread.java:748)&#10;&quot;metrics-hadoop-metrics2-reporter-8-thread-1&quot; daemon prio=5 tid=729 timed_waiting&#10;java.lang.Thread.State: TIMED_WAITING&#10;        at sun.misc.Unsafe.park(Native Method)&#10;        at java.util.concurrent.locks.LockSupport.parkNanos(LockSupport.java:215)&#10;        at java.util.concurrent.locks.AbstractQueuedSynchronizer$ConditionObject.awaitNanos(AbstractQueuedSynchronizer.java:2078)&#10;        at java.util.concurrent.ScheduledThreadPoolExecutor$DelayedWorkQueue.take(ScheduledThreadPoolExecutor.java:1093)&#10;        at java.util.concurrent.ScheduledThreadPoolExecutor$DelayedWorkQueue.take(ScheduledThreadPoolExecutor.java:809)&#10;        at java.util.concurrent.ThreadPoolExecutor.getTask(ThreadPoolExecutor.java:1074)&#10;        at java.util.concurrent.ThreadPoolExecutor.runWorker(ThreadPoolExecutor.java:1134)&#10;        at java.util.concurrent.ThreadPoolExecutor$Worker.run(ThreadPoolExecutor.java:624)&#10;        at java.lang.Thread.run(Thread.java:748)&#10;&quot;pool-66-thread-6&quot;  prio=5 tid=568 in Object.wait()&#10;java.lang.Thread.State: WAITING (on object monitor)&#10;        at sun.misc.Unsafe.park(Native Method)&#10;        at java.util.concurrent.locks.LockSupport.park(LockSupport.java:175)&#10;        at java.util.concurrent.locks.AbstractQueuedSynchronizer$ConditionObject.await(AbstractQueuedSynchronizer.java:2039)&#10;        at java.util.concurrent.ArrayBlockingQueue.take(ArrayBlockingQueue.java:403)&#10;        at java.util.concurrent.ThreadPoolExecutor.getTask(ThreadPoolExecutor.java:1074)&#10;        at java.util.concurrent.ThreadPoolExecutor.runWorker(ThreadPoolExecutor.java:1134)&#10;        at java.util.concurrent.ThreadPoolExecutor$Worker.run(ThreadPoolExecutor.java:624)&#10;        at java.lang.Thread.run(Thread.java:748)&#10;&quot;pool-56-thread-25&quot;  prio=5 tid=519 in Object.wait()&#10;java.lang.Thread.State: WAITING (on object monitor)&#10;        at sun.misc.Unsafe.park(Native Method)&#10;        at java.util.concurrent.locks.LockSupport.park(LockSupport.java:175)&#10;        at java.util.concurrent.locks.AbstractQueuedSynchronizer$ConditionObject.await(AbstractQueuedSynchronizer.java:2039)&#10;        at java.util.concurrent.ArrayBlockingQueue.take(ArrayBlockingQueue.java:403)&#10;        at java.util.concurrent.ThreadPoolExecutor.getTask(ThreadPoolExecutor.java:1074)&#10;        at java.util.concurrent.ThreadPoolExecutor.runWorker(ThreadPoolExecutor.java:1134)&#10;        at java.util.concurrent.ThreadPoolExecutor$Worker.run(ThreadPoolExecutor.java:624)&#10;        at java.lang.Thread.run(Thread.java:748)&#10;&quot;Datanode State Machine Thread - 0&quot; daemon prio=5 tid=197 timed_waiting&#10;java.lang.Thread.State: TIMED_WAITING&#10;        at java.lang.Thread.sleep(Native Method)&#10;        at org.apache.hadoop.ozone.container.common.statemachine.DatanodeStateMachine.start(DatanodeStateMachine.java:191)&#10;        at org.apache.hadoop.ozone.container.common.statemachine.DatanodeStateMachine.lambda$startDaemon$0(DatanodeStateMachine.java:349)&#10;        at org.apache.hadoop.ozone.container.common.statemachine.DatanodeStateMachine$$Lambda$138/939829672.run(Unknown Source)&#10;        at java.lang.Thread.run(Thread.java:748)&#10;&quot;pool-26-thread-23&quot;  prio=5 tid=336 in Object.wait()&#10;java.lang.Thread.State: WAITING (on object monitor)&#10;        at sun.misc.Unsafe.park(Native Method)&#10;        at java.util.concurrent.locks.LockSupport.park(LockSupport.java:175)&#10;        at java.util.concurrent.locks.AbstractQueuedSynchronizer$ConditionObject.await(AbstractQueuedSynchronizer.java:2039)&#10;        at java.util.concurrent.ArrayBlockingQueue.take(ArrayBlockingQueue.java:403)&#10;        at java.util.concurrent.ThreadPoolExecutor.getTask(ThreadPoolExecutor.java:1074)&#10;        at java.util.concurrent.ThreadPoolExecutor.runWorker(ThreadPoolExecutor.java:1134)&#10;        at java.util.concurrent.ThreadPoolExecutor$Worker.run(ThreadPoolExecutor.java:624)&#10;        at java.lang.Thread.run(Thread.java:748)&#10;&quot;Signal Dispatcher&quot; daemon prio=9 tid=4 runnable&#10;java.lang.Thread.State: RUNNABLE&#10;&quot;pool-56-thread-33&quot;  prio=5 tid=527 in Object.wait()&#10;java.lang.Thread.State: WAITING (on object monitor)&#10;        at sun.misc.Unsafe.park(Native Method)&#10;        at java.util.concurrent.locks.LockSupport.park(LockSupport.java:175)&#10;        at java.util.concurrent.locks.AbstractQueuedSynchronizer$ConditionObject.await(AbstractQueuedSynchronizer.java:2039)&#10;        at java.util.concurrent.ArrayBlockingQueue.take(ArrayBlockingQueue.java:403)&#10;        at java.util.concurrent.ThreadPoolExecutor.getTask(ThreadPoolExecutor.java:1074)&#10;        at java.util.concurrent.ThreadPoolExecutor.runWorker(ThreadPoolExecutor.java:1134)&#10;        at java.util.concurrent.ThreadPoolExecutor$Worker.run(ThreadPoolExecutor.java:624)&#10;        at java.lang.Thread.run(Thread.java:748)&#10;&quot;pool-26-thread-9&quot;  prio=5 tid=322 in Object.wait()&#10;java.lang.Thread.State: WAITING (on object monitor)&#10;        at sun.misc.Unsafe.park(Native Method)&#10;        at java.util.concurrent.locks.LockSupport.park(LockSupport.java:175)&#10;        at java.util.concurrent.locks.AbstractQueuedSynchronizer$ConditionObject.await(AbstractQueuedSynchronizer.java:2039)&#10;        at java.util.concurrent.ArrayBlockingQueue.take(ArrayBlockingQueue.java:403)&#10;        at java.util.concurrent.ThreadPoolExecutor.getTask(ThreadPoolExecutor.java:1074)&#10;        at java.util.concurrent.ThreadPoolExecutor.runWorker(ThreadPoolExecutor.java:1134)&#10;        at java.util.concurrent.ThreadPoolExecutor$Worker.run(ThreadPoolExecutor.java:624)&#10;        at java.lang.Thread.run(Thread.java:748)&#10;&quot;Periodic HDDS volume checker&quot;  prio=5 tid=260 timed_waiting&#10;java.lang.Thread.State: TIMED_WAITING&#10;        at sun.misc.Unsafe.park(Native Method)&#10;        at java.util.concurrent.locks.LockSupport.parkNanos(LockSupport.java:215)&#10;        at java.util.concurrent.locks.AbstractQueuedSynchronizer$ConditionObject.awaitNanos(AbstractQueuedSynchronizer.java:2078)&#10;        at java.util.concurrent.ScheduledThreadPoolExecutor$DelayedWorkQueue.take(ScheduledThreadPoolExecutor.java:1093)&#10;        at java.util.concurrent.ScheduledThreadPoolExecutor$DelayedWorkQueue.take(ScheduledThreadPoolExecutor.java:809)&#10;        at java.util.concurrent.ThreadPoolExecutor.getTask(ThreadPoolExecutor.java:1074)&#10;        at java.util.concurrent.ThreadPoolExecutor.runWorker(ThreadPoolExecutor.java:1134)&#10;        at java.util.concurrent.ThreadPoolExecutor$Worker.run(ThreadPoolExecutor.java:624)&#10;        at java.lang.Thread.run(Thread.java:748)&#10;&quot;Thread-1170&quot; daemon prio=5 tid=1756 timed_waiting&#10;java.lang.Thread.State: TIMED_WAITING&#10;        at java.lang.Thread.sleep(Native Method)&#10;        at org.apache.ratis.util.JavaUtils.sleep(JavaUtils.java:247)&#10;        at org.apache.ratis.server.impl.FollowerState.run(FollowerState.java:96)&#10;&quot;pool-66-thread-1&quot;  prio=5 tid=563 in Object.wait()&#10;java.lang.Thread.State: WAITING (on object monitor)&#10;        at sun.misc.Unsafe.park(Native Method)&#10;        at java.util.concurrent.locks.LockSupport.park(LockSupport.java:175)&#10;        at java.util.concurrent.locks.AbstractQueuedSynchronizer$ConditionObject.await(AbstractQueuedSynchronizer.java:2039)&#10;        at java.util.concurrent.ArrayBlockingQueue.take(ArrayBlockingQueue.java:403)&#10;        at java.util.concurrent.ThreadPoolExecutor.getTask(ThreadPoolExecutor.java:1074)&#10;        at java.util.concurrent.ThreadPoolExecutor.runWorker(ThreadPoolExecutor.java:1134)&#10;        at java.util.concurrent.ThreadPoolExecutor$Worker.run(ThreadPoolExecutor.java:624)&#10;        at java.lang.Thread.run(Thread.java:748)&#10;&quot;Thread-1208&quot; daemon prio=5 tid=1794 timed_waiting&#10;java.lang.Thread.State: TIMED_WAITING&#10;        at sun.misc.Unsafe.park(Native Method)&#10;        at java.util.concurrent.locks.LockSupport.parkNanos(LockSupport.java:215)&#10;        at java.util.concurrent.locks.AbstractQueuedSynchronizer$ConditionObject.awaitNanos(AbstractQueuedSynchronizer.java:2078)&#10;        at java.util.concurrent.ArrayBlockingQueue.poll(ArrayBlockingQueue.java:418)&#10;        at org.apache.ratis.server.impl.LeaderState$EventQueue.poll(LeaderState.java:115)&#10;        at org.apache.ratis.server.impl.LeaderState$EventProcessor.run(LeaderState.java:457)&#10;&quot;grpc-default-worker-ELG-3-4&quot; daemon prio=5 tid=702 runnable&#10;java.lang.Thread.State: RUNNABLE&#10;        at sun.nio.ch.EPollArrayWrapper.epollWait(Native Method)&#10;        at sun.nio.ch.EPollArrayWrapper.poll(EPollArrayWrapper.java:269)&#10;        at sun.nio.ch.EPollSelectorImpl.doSelect(EPollSelectorImpl.java:93)&#10;        at sun.nio.ch.SelectorImpl.lockAndDoSelect(SelectorImpl.java:86)&#10;        at sun.nio.ch.SelectorImpl.select(SelectorImpl.java:97)&#10;        at org.apache.ratis.thirdparty.io.netty.channel.nio.SelectedSelectionKeySetSelector.select(SelectedSelectionKeySetSelector.java:62)&#10;        at org.apache.ratis.thirdparty.io.netty.channel.nio.NioEventLoop.select(NioEventLoop.java:753)&#10;        at org.apache.ratis.thirdparty.io.netty.channel.nio.NioEventLoop.run(NioEventLoop.java:408)&#10;        at org.apache.ratis.thirdparty.io.netty.util.concurrent.SingleThreadEventExecutor$5.run(SingleThreadEventExecutor.java:897)&#10;        at org.apache.ratis.thirdparty.io.netty.util.concurrent.FastThreadLocalRunnable.run(FastThreadLocalRunnable.java:30)&#10;        at java.lang.Thread.run(Thread.java:748)&#10;&quot;pool-26-thread-13&quot;  prio=5 tid=326 in Object.wait()&#10;java.lang.Thread.State: WAITING (on object monitor)&#10;        at sun.misc.Unsafe.park(Native Method)&#10;        at java.util.concurrent.locks.LockSupport.park(LockSupport.java:175)&#10;        at java.util.concurrent.locks.AbstractQueuedSynchronizer$ConditionObject.await(AbstractQueuedSynchronizer.java:2039)&#10;        at java.util.concurrent.ArrayBlockingQueue.take(ArrayBlockingQueue.java:403)&#10;        at java.util.concurrent.ThreadPoolExecutor.getTask(ThreadPoolExecutor.java:1074)&#10;        at java.util.concurrent.ThreadPoolExecutor.runWorker(ThreadPoolExecutor.java:1134)&#10;        at java.util.concurrent.ThreadPoolExecutor$Worker.run(ThreadPoolExecutor.java:624)&#10;        at java.lang.Thread.run(Thread.java:748)&#10;&quot;Command processor thread&quot; daemon prio=5 tid=229 timed_waiting&#10;java.lang.Thread.State: TIMED_WAITING&#10;        at java.lang.Thread.sleep(Native Method)&#10;        at org.apache.hadoop.ozone.container.common.statemachine.DatanodeStateMachine.lambda$initCommandHandlerThread$1(DatanodeStateMachine.java:439)&#10;        at org.apache.hadoop.ozone.container.common.statemachine.DatanodeStateMachine$$Lambda$139/2094549442.run(Unknown Source)&#10;        at java.lang.Thread.run(Thread.java:748)&#10;&quot;metrics-hadoop-metrics2-reporter-13-thread-1&quot; daemon prio=5 tid=754 timed_waiting&#10;java.lang.Thread.State: TIMED_WAITING&#10;        at sun.misc.Unsafe.park(Native Method)&#10;        at java.util.concurrent.locks.LockSupport.parkNanos(LockSupport.java:215)&#10;        at java.util.concurrent.locks.AbstractQueuedSynchronizer$ConditionObject.awaitNanos(AbstractQueuedSynchronizer.java:2078)&#10;        at java.util.concurrent.ScheduledThreadPoolExecutor$DelayedWorkQueue.take(ScheduledThreadPoolExecutor.java:1093)&#10;        at java.util.concurrent.ScheduledThreadPoolExecutor$DelayedWorkQueue.take(ScheduledThreadPoolExecutor.java:809)&#10;        at java.util.concurrent.ThreadPoolExecutor.getTask(ThreadPoolExecutor.java:1074)&#10;        at java.util.concurrent.ThreadPoolExecutor.runWorker(ThreadPoolExecutor.java:1134)&#10;        at java.util.concurrent.ThreadPoolExecutor$Worker.run(ThreadPoolExecutor.java:624)&#10;        at java.lang.Thread.run(Thread.java:748)&#10;&quot;pool-56-thread-31&quot;  prio=5 tid=525 in Object.wait()&#10;java.lang.Thread.State: WAITING (on object monitor)&#10;        at sun.misc.Unsafe.park(Native Method)&#10;        at java.util.concurrent.locks.LockSupport.park(LockSupport.java:175)&#10;        at java.util.concurrent.locks.AbstractQueuedSynchronizer$ConditionObject.await(AbstractQueuedSynchronizer.java:2039)&#10;        at java.util.concurrent.ArrayBlockingQueue.take(ArrayBlockingQueue.java:403)&#10;        at java.util.concurrent.ThreadPoolExecutor.getTask(ThreadPoolExecutor.java:1074)&#10;        at java.util.concurrent.ThreadPoolExecutor.runWorker(ThreadPoolExecutor.java:1134)&#10;        at java.util.concurrent.ThreadPoolExecutor$Worker.run(ThreadPoolExecutor.java:624)&#10;        at java.lang.Thread.run(Thread.java:748)&#10;&quot;IPC Server handler 3 on 40029&quot; daemon prio=5 tid=72 timed_waiting&#10;java.lang.Thread.State: TIMED_WAITING&#10;        at sun.misc.Unsafe.park(Native Method)&#10;        at java.util.concurrent.locks.LockSupport.parkNanos(LockSupport.java:215)&#10;        at java.util.concurrent.locks.AbstractQueuedSynchronizer$ConditionObject.awaitNanos(AbstractQueuedSynchronizer.java:2078)&#10;        at java.util.concurrent.LinkedBlockingQueue.poll(LinkedBlockingQueue.java:467)&#10;        at org.apache.hadoop.ipc.CallQueueManager.take(CallQueueManager.java:288)&#10;        at org.apache.hadoop.ipc.Server$Handler.run(Server.java:2668)&#10;&quot;8c24ed06-386e-4085-8931-93c762a64530@group-ADB1B60517AF-SegmentedRaftLogWorker&quot;  prio=5 tid=785 timed_waiting&#10;java.lang.Thread.State: TIMED_WAITING&#10;        at sun.misc.Unsafe.park(Native Method)&#10;        at java.util.concurrent.locks.LockSupport.parkNanos(LockSupport.java:215)&#10;        at java.util.concurrent.locks.AbstractQueuedSynchronizer$ConditionObject.awaitNanos(AbstractQueuedSynchronizer.java:2078)&#10;        at org.apache.ratis.util.DataBlockingQueue.poll(DataBlockingQueue.java:137)&#10;        at org.apache.ratis.server.raftlog.segmented.SegmentedRaftLogWorker.run(SegmentedRaftLogWorker.java:283)&#10;        at java.lang.Thread.run(Thread.java:748)&#10;&quot;pool-56-thread-42&quot;  prio=5 tid=536 in Object.wait()&#10;java.lang.Thread.State: WAITING (on object monitor)&#10;        at sun.misc.Unsafe.park(Native Method)&#10;        at java.util.concurrent.locks.LockSupport.park(LockSupport.java:175)&#10;        at java.util.concurrent.locks.AbstractQueuedSynchronizer$ConditionObject.await(AbstractQueuedSynchronizer.java:2039)&#10;        at java.util.concurrent.ArrayBlockingQueue.take(ArrayBlockingQueue.java:403)&#10;        at java.util.concurrent.ThreadPoolExecutor.getTask(ThreadPoolExecutor.java:1074)&#10;        at java.util.concurrent.ThreadPoolExecutor.runWorker(ThreadPoolExecutor.java:1134)&#10;        at java.util.concurrent.ThreadPoolExecutor$Worker.run(ThreadPoolExecutor.java:624)&#10;        at java.lang.Thread.run(Thread.java:748)&#10;&quot;pool-76-thread-27&quot;  prio=5 tid=651 in Object.wait()&#10;java.lang.Thread.State: WAITING (on object monitor)&#10;        at sun.misc.Unsafe.park(Native Method)&#10;        at java.util.concurrent.locks.LockSupport.park(LockSupport.java:175)&#10;        at java.util.concurrent.locks.AbstractQueuedSynchronizer$ConditionObject.await(AbstractQueuedSynchronizer.java:2039)&#10;        at java.util.concurrent.ArrayBlockingQueue.take(ArrayBlockingQueue.java:403)&#10;        at java.util.concurrent.ThreadPoolExecutor.getTask(ThreadPoolExecutor.java:1074)&#10;        at java.util.concurrent.ThreadPoolExecutor.runWorker(ThreadPoolExecutor.java:1134)&#10;        at java.util.concurrent.ThreadPoolExecutor$Worker.run(ThreadPoolExecutor.java:624)&#10;        at java.lang.Thread.run(Thread.java:748)&#10;&quot;metrics-hadoop-metrics2-reporter-37-thread-1&quot; daemon prio=5 tid=869 timed_waiting&#10;java.lang.Thread.State: TIMED_WAITING&#10;        at sun.misc.Unsafe.park(Native Method)&#10;        at java.util.concurrent.locks.LockSupport.parkNanos(LockSupport.java:215)&#10;        at java.util.concurrent.locks.AbstractQueuedSynchronizer$ConditionObject.awaitNanos(AbstractQueuedSynchronizer.java:2078)&#10;        at java.util.concurrent.ScheduledThreadPoolExecutor$DelayedWorkQueue.take(ScheduledThreadPoolExecutor.java:1093)&#10;        at java.util.concurrent.ScheduledThreadPoolExecutor$DelayedWorkQueue.take(ScheduledThreadPoolExecutor.java:809)&#10;        at java.util.concurrent.ThreadPoolExecutor.getTask(ThreadPoolExecutor.java:1074)&#10;        at java.util.concurrent.ThreadPoolExecutor.runWorker(ThreadPoolExecutor.java:1134)&#10;        at java.util.concurrent.ThreadPoolExecutor$Worker.run(ThreadPoolExecutor.java:624)&#10;        at java.lang.Thread.run(Thread.java:748)&#10;&quot;refreshUsed-/workdir/hadoop-ozone/integration-test/target/test-dir/MiniOzoneClusterImpl-85c44edd-3ede-4f6a-a825-df7bd545a955/datanode-0/data/containers&quot; daemon prio=5 tid=154 timed_waiting&#10;java.lang.Thread.State: TIMED_WAITING&#10;        at java.lang.Thread.sleep(Native Method)&#10;        at org.apache.hadoop.fs.CachingGetSpaceUsed$RefreshThread.run(CachingGetSpaceUsed.java:179)&#10;        at java.lang.Thread.run(Thread.java:748)&#10;&quot;BlockDeletingService#2&quot; daemon prio=5 tid=1729 in Object.wait()&#10;java.lang.Thread.State: WAITING (on object monitor)&#10;        at sun.misc.Unsafe.park(Native Method)&#10;        at java.util.concurrent.locks.LockSupport.park(LockSupport.java:175)&#10;        at java.util.concurrent.locks.AbstractQueuedSynchronizer$ConditionObject.await(AbstractQueuedSynchronizer.java:2039)&#10;        at java.util.concurrent.ScheduledThreadPoolExecutor$DelayedWorkQueue.take(ScheduledThreadPoolExecutor.java:1088)&#10;        at java.util.concurrent.ScheduledThreadPoolExecutor$DelayedWorkQueue.take(ScheduledThreadPoolExecutor.java:809)&#10;        at java.util.concurrent.ThreadPoolExecutor.getTask(ThreadPoolExecutor.java:1074)&#10;        at java.util.concurrent.ThreadPoolExecutor.runWorker(ThreadPoolExecutor.java:1134)&#10;        at java.util.concurrent.ThreadPoolExecutor$Worker.run(ThreadPoolExecutor.java:624)&#10;        at java.lang.Thread.run(Thread.java:748)&#10;&quot;Command processor thread&quot; daemon prio=5 tid=256 timed_waiting&#10;java.lang.Thread.State: TIMED_WAITING&#10;        at java.lang.Thread.sleep(Native Method)&#10;        at org.apache.hadoop.ozone.container.common.statemachine.DatanodeStateMachine.lambda$initCommandHandlerThread$1(DatanodeStateMachine.java:439)&#10;        at org.apache.hadoop.ozone.container.common.statemachine.DatanodeStateMachine$$Lambda$139/2094549442.run(Unknown Source)&#10;        at java.lang.Thread.run(Thread.java:748)&#10;&quot;pool-76-thread-57&quot;  prio=5 tid=681 in Object.wait()&#10;java.lang.Thread.State: WAITING (on object monitor)&#10;        at sun.misc.Unsafe.park(Native Method)&#10;        at java.util.concurrent.locks.LockSupport.park(LockSupport.java:175)&#10;        at java.util.concurrent.locks.AbstractQueuedSynchronizer$ConditionObject.await(AbstractQueuedSynchronizer.java:2039)&#10;        at java.util.concurrent.ArrayBlockingQueue.take(ArrayBlockingQueue.java:403)&#10;        at java.util.concurrent.ThreadPoolExecutor.getTask(ThreadPoolExecutor.java:1074)&#10;        at java.util.concurrent.ThreadPoolExecutor.runWorker(ThreadPoolExecutor.java:1134)&#10;        at java.util.concurrent.ThreadPoolExecutor$Worker.run(ThreadPoolExecutor.java:624)&#10;        at java.lang.Thread.run(Thread.java:748)&#10;&quot;8c24ed06-386e-4085-8931-93c762a64530@group-47DBAAEC82C8-SegmentedRaftLogWorker&quot;  prio=5 tid=755 timed_waiting&#10;java.lang.Thread.State: TIMED_WAITING&#10;        at sun.misc.Unsafe.park(Native Method)&#10;        at java.util.concurrent.locks.LockSupport.parkNanos(LockSupport.java:215)&#10;        at java.util.concurrent.locks.AbstractQueuedSynchronizer$ConditionObject.awaitNanos(AbstractQueuedSynchronizer.java:2078)&#10;        at org.apache.ratis.util.DataBlockingQueue.poll(DataBlockingQueue.java:137)&#10;        at org.apache.ratis.server.raftlog.segmented.SegmentedRaftLogWorker.run(SegmentedRaftLogWorker.java:283)&#10;        at java.lang.Thread.run(Thread.java:748)&#10;&quot;Thread-1204&quot; daemon prio=5 tid=1790 timed_waiting&#10;java.lang.Thread.State: TIMED_WAITING&#10;        at java.lang.Thread.sleep(Native Method)&#10;        at org.apache.ratis.util.JavaUtils.sleep(JavaUtils.java:247)&#10;        at org.apache.ratis.server.impl.FollowerState.run(FollowerState.java:96)&#10;&quot;pool-66-thread-31&quot;  prio=5 tid=593 in Object.wait()&#10;java.lang.Thread.State: WAITING (on object monitor)&#10;        at sun.misc.Unsafe.park(Native Method)&#10;        at java.util.concurrent.locks.LockSupport.park(LockSupport.java:175)&#10;        at java.util.concurrent.locks.AbstractQueuedSynchronizer$ConditionObject.await(AbstractQueuedSynchronizer.java:2039)&#10;        at java.util.concurrent.ArrayBlockingQueue.take(ArrayBlockingQueue.java:403)&#10;        at java.util.concurrent.ThreadPoolExecutor.getTask(ThreadPoolExecutor.java:1074)&#10;        at java.util.concurrent.ThreadPoolExecutor.runWorker(ThreadPoolExecutor.java:1134)&#10;        at java.util.concurrent.ThreadPoolExecutor$Worker.run(ThreadPoolExecutor.java:624)&#10;        at java.lang.Thread.run(Thread.java:748)&#10;&quot;qtp1507604180-191&quot; daemon prio=5 tid=191 timed_waiting&#10;java.lang.Thread.State: TIMED_WAITING&#10;        at sun.misc.Unsafe.park(Native Method)&#10;        at java.util.concurrent.locks.LockSupport.parkNanos(LockSupport.java:215)&#10;        at java.util.concurrent.locks.AbstractQueuedSynchronizer$ConditionObject.awaitNanos(AbstractQueuedSynchronizer.java:2078)&#10;        at org.eclipse.jetty.util.BlockingArrayQueue.poll(BlockingArrayQueue.java:392)&#10;        at org.eclipse.jetty.util.thread.QueuedThreadPool.idleJobPoll(QueuedThreadPool.java:563)&#10;        at org.eclipse.jetty.util.thread.QueuedThreadPool.access$800(QueuedThreadPool.java:48)&#10;        at org.eclipse.jetty.util.thread.QueuedThreadPool$2.run(QueuedThreadPool.java:626)&#10;        at java.lang.Thread.run(Thread.java:748)&#10;&quot;Thread-1165&quot; daemon prio=5 tid=1751 timed_waiting&#10;java.lang.Thread.State: TIMED_WAITING&#10;        at java.lang.Thread.sleep(Native Method)&#10;        at org.apache.ratis.util.JavaUtils.sleep(JavaUtils.java:247)&#10;        at org.apache.ratis.server.impl.FollowerState.run(FollowerState.java:96)&#10;&quot;org.eclipse.jetty.server.session.HashSessionManager@350d3f4dTimer&quot; daemon prio=5 tid=249 timed_waiting&#10;java.lang.Thread.State: TIMED_WAITING&#10;        at sun.misc.Unsafe.park(Native Method)&#10;        at java.util.concurrent.locks.LockSupport.parkNanos(LockSupport.java:215)&#10;        at java.util.concurrent.locks.AbstractQueuedSynchronizer$ConditionObject.awaitNanos(AbstractQueuedSynchronizer.java:2078)&#10;        at java.util.concurrent.ScheduledThreadPoolExecutor$DelayedWorkQueue.take(ScheduledThreadPoolExecutor.java:1093)&#10;        at java.util.concurrent.ScheduledThreadPoolExecutor$DelayedWorkQueue.take(ScheduledThreadPoolExecutor.java:809)&#10;        at java.util.concurrent.ThreadPoolExecutor.getTask(ThreadPoolExecutor.java:1074)&#10;        at java.util.concurrent.ThreadPoolExecutor.runWorker(ThreadPoolExecutor.java:1134)&#10;        at java.util.concurrent.ThreadPoolExecutor$Worker.run(ThreadPoolExecutor.java:624)&#10;        at java.lang.Thread.run(Thread.java:748)&#10;&quot;org.apache.ratis.server.impl.LogAppender$AppenderDaemon$$Lambda$418/858148741@3182649a&quot; daemon prio=5 tid=1814 timed_waiting&#10;java.lang.Thread.State: TIMED_WAITING&#10;        at java.lang.Object.wait(Native Method)&#10;        at org.apache.ratis.grpc.server.GrpcLogAppender.mayWait(GrpcLogAppender.java:141)&#10;        at org.apache.ratis.grpc.server.GrpcLogAppender.runAppenderImpl(GrpcLogAppender.java:95)&#10;        at org.apache.ratis.server.impl.LogAppender$AppenderDaemon.run(LogAppender.java:76)&#10;        at org.apache.ratis.server.impl.LogAppender$AppenderDaemon$$Lambda$418/858148741.run(Unknown Source)&#10;        at java.lang.Thread.run(Thread.java:748)&#10;&quot;pool-76-thread-15&quot;  prio=5 tid=639 in Object.wait()&#10;java.lang.Thread.State: WAITING (on object monitor)&#10;        at sun.misc.Unsafe.park(Native Method)&#10;        at java.util.concurrent.locks.LockSupport.park(LockSupport.java:175)&#10;        at java.util.concurrent.locks.AbstractQueuedSynchronizer$ConditionObject.await(AbstractQueuedSynchronizer.java:2039)&#10;        at java.util.concurrent.ArrayBlockingQueue.take(ArrayBlockingQueue.java:403)&#10;        at java.util.concurrent.ThreadPoolExecutor.getTask(ThreadPoolExecutor.java:1074)&#10;        at java.util.concurrent.ThreadPoolExecutor.runWorker(ThreadPoolExecutor.java:1134)&#10;        at java.util.concurrent.ThreadPoolExecutor$Worker.run(ThreadPoolExecutor.java:624)&#10;        at java.lang.Thread.run(Thread.java:748)&#10;&quot;pool-26-thread-8&quot;  prio=5 tid=321 in Object.wait()&#10;java.lang.Thread.State: WAITING (on object monitor)&#10;        at sun.misc.Unsafe.park(Native Method)&#10;        at java.util.concurrent.locks.LockSupport.park(LockSupport.java:175)&#10;        at java.util.concurrent.locks.AbstractQueuedSynchronizer$ConditionObject.await(AbstractQueuedSynchronizer.java:2039)&#10;        at java.util.concurrent.ArrayBlockingQueue.take(ArrayBlockingQueue.java:403)&#10;        at java.util.concurrent.ThreadPoolExecutor.getTask(ThreadPoolExecutor.java:1074)&#10;        at java.util.concurrent.ThreadPoolExecutor.runWorker(ThreadPoolExecutor.java:1134)&#10;        at java.util.concurrent.ThreadPoolExecutor$Worker.run(ThreadPoolExecutor.java:624)&#10;        at java.lang.Thread.run(Thread.java:748)&#10;&quot;metrics-hadoop-metrics2-reporter-15-thread-1&quot; daemon prio=5 tid=760 timed_waiting&#10;java.lang.Thread.State: TIMED_WAITING&#10;        at sun.misc.Unsafe.park(Native Method)&#10;        at java.util.concurrent.locks.LockSupport.parkNanos(LockSupport.java:215)&#10;        at java.util.concurrent.locks.AbstractQueuedSynchronizer$ConditionObject.awaitNanos(AbstractQueuedSynchronizer.java:2078)&#10;        at java.util.concurrent.ScheduledThreadPoolExecutor$DelayedWorkQueue.take(ScheduledThreadPoolExecutor.java:1093)&#10;        at java.util.concurrent.ScheduledThreadPoolExecutor$DelayedWorkQueue.take(ScheduledThreadPoolExecutor.java:809)&#10;        at java.util.concurrent.ThreadPoolExecutor.getTask(ThreadPoolExecutor.java:1074)&#10;        at java.util.concurrent.ThreadPoolExecutor.runWorker(ThreadPoolExecutor.java:1134)&#10;        at java.util.concurrent.ThreadPoolExecutor$Worker.run(ThreadPoolExecutor.java:624)&#10;        at java.lang.Thread.run(Thread.java:748)&#10;&quot;qtp564272228-94&quot; daemon prio=5 tid=94 timed_waiting&#10;java.lang.Thread.State: TIMED_WAITING&#10;        at sun.misc.Unsafe.park(Native Method)&#10;        at java.util.concurrent.locks.LockSupport.parkNanos(LockSupport.java:215)&#10;        at java.util.concurrent.locks.AbstractQueuedSynchronizer$ConditionObject.awaitNanos(AbstractQueuedSynchronizer.java:2078)&#10;        at org.eclipse.jetty.util.BlockingArrayQueue.poll(BlockingArrayQueue.java:392)&#10;        at org.eclipse.jetty.util.thread.QueuedThreadPool.idleJobPoll(QueuedThreadPool.java:563)&#10;        at org.eclipse.jetty.util.thread.QueuedThreadPool.access$800(QueuedThreadPool.java:48)&#10;        at org.eclipse.jetty.util.thread.QueuedThreadPool$2.run(QueuedThreadPool.java:626)&#10;        at java.lang.Thread.run(Thread.java:748)&#10;&quot;metrics-hadoop-metrics2-reporter-28-thread-1&quot; daemon prio=5 tid=824 timed_waiting&#10;java.lang.Thread.State: TIMED_WAITING&#10;        at sun.misc.Unsafe.park(Native Method)&#10;        at java.util.concurrent.locks.LockSupport.parkNanos(LockSupport.java:215)&#10;        at java.util.concurrent.locks.AbstractQueuedSynchronizer$ConditionObject.awaitNanos(AbstractQueuedSynchronizer.java:2078)&#10;        at java.util.concurrent.ScheduledThreadPoolExecutor$DelayedWorkQueue.take(ScheduledThreadPoolExecutor.java:1093)&#10;        at java.util.concurrent.ScheduledThreadPoolExecutor$DelayedWorkQueue.take(ScheduledThreadPoolExecutor.java:809)&#10;        at java.util.concurrent.ThreadPoolExecutor.getTask(ThreadPoolExecutor.java:1074)&#10;        at java.util.concurrent.ThreadPoolExecutor.runWorker(ThreadPoolExecutor.java:1134)&#10;        at java.util.concurrent.ThreadPoolExecutor$Worker.run(ThreadPoolExecutor.java:624)&#10;        at java.lang.Thread.run(Thread.java:748)&#10;&quot;pool-46-thread-39&quot;  prio=5 tid=472 in Object.wait()&#10;java.lang.Thread.State: WAITING (on object monitor)&#10;        at sun.misc.Unsafe.park(Native Method)&#10;        at java.util.concurrent.locks.LockSupport.park(LockSupport.java:175)&#10;        at java.util.concurrent.locks.AbstractQueuedSynchronizer$ConditionObject.await(AbstractQueuedSynchronizer.java:2039)&#10;        at java.util.concurrent.ArrayBlockingQueue.take(ArrayBlockingQueue.java:403)&#10;        at java.util.concurrent.ThreadPoolExecutor.getTask(ThreadPoolExecutor.java:1074)&#10;        at java.util.concurrent.ThreadPoolExecutor.runWorker(ThreadPoolExecutor.java:1134)&#10;        at java.util.concurrent.ThreadPoolExecutor$Worker.run(ThreadPoolExecutor.java:624)&#10;        at java.lang.Thread.run(Thread.java:748)&#10;&quot;IPC Server handler 5 on 37215&quot; daemon prio=5 tid=54 timed_waiting&#10;java.lang.Thread.State: TIMED_WAITING&#10;        at sun.misc.Unsafe.park(Native Method)&#10;        at java.util.concurrent.locks.LockSupport.parkNanos(LockSupport.java:215)&#10;        at java.util.concurrent.locks.AbstractQueuedSynchronizer$ConditionObject.awaitNanos(AbstractQueuedSynchronizer.java:2078)&#10;        at java.util.concurrent.LinkedBlockingQueue.poll(LinkedBlockingQueue.java:467)&#10;        at org.apache.hadoop.ipc.CallQueueManager.take(CallQueueManager.java:288)&#10;        at org.apache.hadoop.ipc.Server$Handler.run(Server.java:2668)&#10;&quot;pool-66-thread-51&quot;  prio=5 tid=613 in Object.wait()&#10;java.lang.Thread.State: WAITING (on object monitor)&#10;        at sun.misc.Unsafe.park(Native Method)&#10;        at java.util.concurrent.locks.LockSupport.park(LockSupport.java:175)&#10;        at java.util.concurrent.locks.AbstractQueuedSynchronizer$ConditionObject.await(AbstractQueuedSynchronizer.java:2039)&#10;        at java.util.concurrent.ArrayBlockingQueue.take(ArrayBlockingQueue.java:403)&#10;        at java.util.concurrent.ThreadPoolExecutor.getTask(ThreadPoolExecutor.java:1074)&#10;        at java.util.concurrent.ThreadPoolExecutor.runWorker(ThreadPoolExecutor.java:1134)&#10;        at java.util.concurrent.ThreadPoolExecutor$Worker.run(ThreadPoolExecutor.java:624)&#10;        at java.lang.Thread.run(Thread.java:748)&#10;&quot;grpc-default-executor-4&quot; daemon prio=5 tid=969 timed_waiting&#10;java.lang.Thread.State: TIMED_WAITING&#10;        at sun.misc.Unsafe.park(Native Method)&#10;        at java.util.concurrent.locks.LockSupport.parkNanos(LockSupport.java:215)&#10;        at java.util.concurrent.SynchronousQueue$TransferStack.awaitFulfill(SynchronousQueue.java:460)&#10;        at java.util.concurrent.SynchronousQueue$TransferStack.transfer(SynchronousQueue.java:362)&#10;        at java.util.concurrent.SynchronousQueue.poll(SynchronousQueue.java:941)&#10;        at java.util.concurrent.ThreadPoolExecutor.getTask(ThreadPoolExecutor.java:1073)&#10;        at java.util.concurrent.ThreadPoolExecutor.runWorker(ThreadPoolExecutor.java:1134)&#10;        at java.util.concurrent.ThreadPoolExecutor$Worker.run(ThreadPoolExecutor.java:624)&#10;        at java.lang.Thread.run(Thread.java:748)&#10;&quot;e081c0a5-acfc-4a29-8262-ee158adf5b11@group-071025EF7F78-SegmentedRaftLogWorker&quot;  prio=5 tid=875 timed_waiting&#10;java.lang.Thread.State: TIMED_WAITING&#10;        at sun.misc.Unsafe.park(Native Method)&#10;        at java.util.concurrent.locks.LockSupport.parkNanos(LockSupport.java:215)&#10;        at java.util.concurrent.locks.AbstractQueuedSynchronizer$ConditionObject.awaitNanos(AbstractQueuedSynchronizer.java:2078)&#10;        at org.apache.ratis.util.DataBlockingQueue.poll(DataBlockingQueue.java:137)&#10;        at org.apache.ratis.server.raftlog.segmented.SegmentedRaftLogWorker.run(SegmentedRaftLogWorker.java:283)&#10;        at java.lang.Thread.run(Thread.java:748)&#10;&quot;pool-26-thread-20&quot;  prio=5 tid=333 in Object.wait()&#10;java.lang.Thread.State: WAITING (on object monitor)&#10;        at sun.misc.Unsafe.park(Native Method)&#10;        at java.util.concurrent.locks.LockSupport.park(LockSupport.java:175)&#10;        at java.util.concurrent.locks.AbstractQueuedSynchronizer$ConditionObject.await(AbstractQueuedSynchronizer.java:2039)&#10;        at java.util.concurrent.ArrayBlockingQueue.take(ArrayBlockingQueue.java:403)&#10;        at java.util.concurrent.ThreadPoolExecutor.getTask(ThreadPoolExecutor.java:1074)&#10;        at java.util.concurrent.ThreadPoolExecutor.runWorker(ThreadPoolExecutor.java:1134)&#10;        at java.util.concurrent.ThreadPoolExecutor$Worker.run(ThreadPoolExecutor.java:624)&#10;        at java.lang.Thread.run(Thread.java:748)&#10;&quot;org.eclipse.jetty.server.session.HashSessionManager@4152d38dTimer&quot; daemon prio=5 tid=99 timed_waiting&#10;java.lang.Thread.State: TIMED_WAITING&#10;        at sun.misc.Unsafe.park(Native Method)&#10;        at java.util.concurrent.locks.LockSupport.parkNanos(LockSupport.java:215)&#10;        at java.util.concurrent.locks.AbstractQueuedSynchronizer$ConditionObject.awaitNanos(AbstractQueuedSynchronizer.java:2078)&#10;        at java.util.concurrent.ScheduledThreadPoolExecutor$DelayedWorkQueue.take(ScheduledThreadPoolExecutor.java:1093)&#10;        at java.util.concurrent.ScheduledThreadPoolExecutor$DelayedWorkQueue.take(ScheduledThreadPoolExecutor.java:809)&#10;        at java.util.concurrent.ThreadPoolExecutor.getTask(ThreadPoolExecutor.java:1074)&#10;        at java.util.concurrent.ThreadPoolExecutor.runWorker(ThreadPoolExecutor.java:1134)&#10;        at java.util.concurrent.ThreadPoolExecutor$Worker.run(ThreadPoolExecutor.java:624)&#10;        at java.lang.Thread.run(Thread.java:748)&#10;&quot;pool-46-thread-51&quot;  prio=5 tid=484 in Object.wait()&#10;java.lang.Thread.State: WAITING (on object monitor)&#10;        at sun.misc.Unsafe.park(Native Method)&#10;        at java.util.concurrent.locks.LockSupport.park(LockSupport.java:175)&#10;        at java.util.concurrent.locks.AbstractQueuedSynchronizer$ConditionObject.await(AbstractQueuedSynchronizer.java:2039)&#10;        at java.util.concurrent.ArrayBlockingQueue.take(ArrayBlockingQueue.java:403)&#10;        at java.util.concurrent.ThreadPoolExecutor.getTask(ThreadPoolExecutor.java:1074)&#10;        at java.util.concurrent.ThreadPoolExecutor.runWorker(ThreadPoolExecutor.java:1134)&#10;        at java.util.concurrent.ThreadPoolExecutor$Worker.run(ThreadPoolExecutor.java:624)&#10;        at java.lang.Thread.run(Thread.java:748)&#10;&quot;pool-36-thread-36&quot;  prio=5 tid=409 in Object.wait()&#10;java.lang.Thread.State: WAITING (on object monitor)&#10;        at sun.misc.Unsafe.park(Native Method)&#10;        at java.util.concurrent.locks.LockSupport.park(LockSupport.java:175)&#10;        at java.util.concurrent.locks.AbstractQueuedSynchronizer$ConditionObject.await(AbstractQueuedSynchronizer.java:2039)&#10;        at java.util.concurrent.ArrayBlockingQueue.take(ArrayBlockingQueue.java:403)&#10;        at java.util.concurrent.ThreadPoolExecutor.getTask(ThreadPoolExecutor.java:1074)&#10;        at java.util.concurrent.ThreadPoolExecutor.runWorker(ThreadPoolExecutor.java:1134)&#10;        at java.util.concurrent.ThreadPoolExecutor$Worker.run(ThreadPoolExecutor.java:624)&#10;        at java.lang.Thread.run(Thread.java:748)&#10;&quot;Thread-455&quot; daemon prio=5 tid=1038 timed_waiting&#10;java.lang.Thread.State: TIMED_WAITING&#10;        at sun.misc.Unsafe.park(Native Method)&#10;        at java.util.concurrent.locks.LockSupport.parkNanos(LockSupport.java:215)&#10;        at java.util.concurrent.locks.AbstractQueuedSynchronizer$ConditionObject.awaitNanos(AbstractQueuedSynchronizer.java:2078)&#10;        at java.util.concurrent.ArrayBlockingQueue.poll(ArrayBlockingQueue.java:418)&#10;        at org.apache.ratis.server.impl.LeaderState$EventQueue.poll(LeaderState.java:115)&#10;        at org.apache.ratis.server.impl.LeaderState$EventProcessor.run(LeaderState.java:457)&#10;&quot;qtp1947666055-300&quot; daemon prio=5 tid=300 timed_waiting&#10;java.lang.Thread.State: TIMED_WAITING&#10;        at sun.misc.Unsafe.park(Native Method)&#10;        at java.util.concurrent.locks.LockSupport.parkNanos(LockSupport.java:215)&#10;        at java.util.concurrent.locks.AbstractQueuedSynchronizer$ConditionObject.awaitNanos(AbstractQueuedSynchronizer.java:2078)&#10;        at org.eclipse.jetty.util.BlockingArrayQueue.poll(BlockingArrayQueue.java:392)&#10;        at org.eclipse.jetty.util.thread.QueuedThreadPool.idleJobPoll(QueuedThreadPool.java:563)&#10;        at org.eclipse.jetty.util.thread.QueuedThreadPool.access$800(QueuedThreadPool.java:48)&#10;        at org.eclipse.jetty.util.thread.QueuedThreadPool$2.run(QueuedThreadPool.java:626)&#10;        at java.lang.Thread.run(Thread.java:748)&#10;&quot;b7064b77-9271-4e94-8225-85d895886efb@group-6E9EB1C0F638-SegmentedRaftLogWorker&quot;  prio=5 tid=864 timed_waiting&#10;java.lang.Thread.State: TIMED_WAITING&#10;        at sun.misc.Unsafe.park(Native Method)&#10;        at java.util.concurrent.locks.LockSupport.parkNanos(LockSupport.java:215)&#10;        at java.util.concurrent.locks.AbstractQueuedSynchronizer$ConditionObject.awaitNanos(AbstractQueuedSynchronizer.java:2078)&#10;        at org.apache.ratis.util.DataBlockingQueue.poll(DataBlockingQueue.java:137)&#10;        at org.apache.ratis.server.raftlog.segmented.SegmentedRaftLogWorker.run(SegmentedRaftLogWorker.java:283)&#10;        at java.lang.Thread.run(Thread.java:748)&#10;&quot;IPC Server listener on 44461&quot; daemon prio=5 tid=109 runnable&#10;java.lang.Thread.State: RUNNABLE&#10;        at sun.nio.ch.EPollArrayWrapper.epollWait(Native Method)&#10;        at sun.nio.ch.EPollArrayWrapper.poll(EPollArrayWrapper.java:269)&#10;        at sun.nio.ch.EPollSelectorImpl.doSelect(EPollSelectorImpl.java:93)&#10;        at sun.nio.ch.SelectorImpl.lockAndDoSelect(SelectorImpl.java:86)&#10;        at sun.nio.ch.SelectorImpl.select(SelectorImpl.java:97)&#10;        at sun.nio.ch.SelectorImpl.select(SelectorImpl.java:101)&#10;        at org.apache.hadoop.ipc.Server$Listener.run(Server.java:1159)&#10;&quot;Reference Handler&quot; daemon prio=10 tid=2 in Object.wait()&#10;java.lang.Thread.State: WAITING (on object monitor)&#10;        at java.lang.Object.wait(Native Method)&#10;        at java.lang.Object.wait(Object.java:502)&#10;        at java.lang.ref.Reference.tryHandlePending(Reference.java:191)&#10;        at java.lang.ref.Reference$ReferenceHandler.run(Reference.java:153)&#10;&quot;pool-56-thread-24&quot;  prio=5 tid=518 in Object.wait()&#10;java.lang.Thread.State: WAITING (on object monitor)&#10;        at sun.misc.Unsafe.park(Native Method)&#10;        at java.util.concurrent.locks.LockSupport.park(LockSupport.java:175)&#10;        at java.util.concurrent.locks.AbstractQueuedSynchronizer$ConditionObject.await(AbstractQueuedSynchronizer.java:2039)&#10;        at java.util.concurrent.ArrayBlockingQueue.take(ArrayBlockingQueue.java:403)&#10;        at java.util.concurrent.ThreadPoolExecutor.getTask(ThreadPoolExecutor.java:1074)&#10;        at java.util.concurrent.ThreadPoolExecutor.runWorker(ThreadPoolExecutor.java:1134)&#10;        at java.util.concurrent.ThreadPoolExecutor$Worker.run(ThreadPoolExecutor.java:624)&#10;        at java.lang.Thread.run(Thread.java:748)&#10;&quot;metrics-hadoop-metrics2-reporter-2-thread-1&quot; daemon prio=5 tid=715 timed_waiting&#10;java.lang.Thread.State: TIMED_WAITING&#10;        at sun.misc.Unsafe.park(Native Method)&#10;        at java.util.concurrent.locks.LockSupport.parkNanos(LockSupport.java:215)&#10;        at java.util.concurrent.locks.AbstractQueuedSynchronizer$ConditionObject.awaitNanos(AbstractQueuedSynchronizer.java:2078)&#10;        at java.util.concurrent.ScheduledThreadPoolExecutor$DelayedWorkQueue.take(ScheduledThreadPoolExecutor.java:1093)&#10;        at java.util.concurrent.ScheduledThreadPoolExecutor$DelayedWorkQueue.take(ScheduledThreadPoolExecutor.java:809)&#10;        at java.util.concurrent.ThreadPoolExecutor.getTask(ThreadPoolExecutor.java:1074)&#10;        at java.util.concurrent.ThreadPoolExecutor.runWorker(ThreadPoolExecutor.java:1134)&#10;        at java.util.concurrent.ThreadPoolExecutor$Worker.run(ThreadPoolExecutor.java:624)&#10;        at java.lang.Thread.run(Thread.java:748)&#10;&quot;pool-26-thread-47&quot;  prio=5 tid=360 in Object.wait()&#10;java.lang.Thread.State: WAITING (on object monitor)&#10;        at sun.misc.Unsafe.park(Native Method)&#10;        at java.util.concurrent.locks.LockSupport.park(LockSupport.java:175)&#10;        at java.util.concurrent.locks.AbstractQueuedSynchronizer$ConditionObject.await(AbstractQueuedSynchronizer.java:2039)&#10;        at java.util.concurrent.ArrayBlockingQueue.take(ArrayBlockingQueue.java:403)&#10;        at java.util.concurrent.ThreadPoolExecutor.getTask(ThreadPoolExecutor.java:1074)&#10;        at java.util.concurrent.ThreadPoolExecutor.runWorker(ThreadPoolExecutor.java:1134)&#10;        at java.util.concurrent.ThreadPoolExecutor$Worker.run(ThreadPoolExecutor.java:624)&#10;        at java.lang.Thread.run(Thread.java:748)&#10;&quot;metrics-hadoop-metrics2-reporter-50-thread-1&quot; daemon prio=5 tid=1800 timed_waiting&#10;java.lang.Thread.State: TIMED_WAITING&#10;        at sun.misc.Unsafe.park(Native Method)&#10;        at java.util.concurrent.locks.LockSupport.parkNanos(LockSupport.java:215)&#10;        at java.util.concurrent.locks.AbstractQueuedSynchronizer$ConditionObject.awaitNanos(AbstractQueuedSynchronizer.java:2078)&#10;        at java.util.concurrent.ScheduledThreadPoolExecutor$DelayedWorkQueue.take(ScheduledThreadPoolExecutor.java:1093)&#10;        at java.util.concurrent.ScheduledThreadPoolExecutor$DelayedWorkQueue.take(ScheduledThreadPoolExecutor.java:809)&#10;        at java.util.concurrent.ThreadPoolExecutor.getTask(ThreadPoolExecutor.java:1074)&#10;        at java.util.concurrent.ThreadPoolExecutor.runWorker(ThreadPoolExecutor.java:1134)&#10;        at java.util.concurrent.ThreadPoolExecutor$Worker.run(ThreadPoolExecutor.java:624)&#10;        at java.lang.Thread.run(Thread.java:748)&#10;&quot;pool-56-thread-20&quot;  prio=5 tid=514 in Object.wait()&#10;java.lang.Thread.State: WAITING (on object monitor)&#10;        at sun.misc.Unsafe.park(Native Method)&#10;        at java.util.concurrent.locks.LockSupport.park(LockSupport.java:175)&#10;        at java.util.concurrent.locks.AbstractQueuedSynchronizer$ConditionObject.await(AbstractQueuedSynchronizer.java:2039)&#10;        at java.util.concurrent.ArrayBlockingQueue.take(ArrayBlockingQueue.java:403)&#10;        at java.util.concurrent.ThreadPoolExecutor.getTask(ThreadPoolExecutor.java:1074)&#10;        at java.util.concurrent.ThreadPoolExecutor.runWorker(ThreadPoolExecutor.java:1134)&#10;        at java.util.concurrent.ThreadPoolExecutor$Worker.run(ThreadPoolExecutor.java:624)&#10;        at java.lang.Thread.run(Thread.java:748)&#10;&quot;pool-46-thread-34&quot;  prio=5 tid=467 in Object.wait()&#10;java.lang.Thread.State: WAITING (on object monitor)&#10;        at sun.misc.Unsafe.park(Native Method)&#10;        at java.util.concurrent.locks.LockSupport.park(LockSupport.java:175)&#10;        at java.util.concurrent.locks.AbstractQueuedSynchronizer$ConditionObject.await(AbstractQueuedSynchronizer.java:2039)&#10;        at java.util.concurrent.ArrayBlockingQueue.take(ArrayBlockingQueue.java:403)&#10;        at java.util.concurrent.ThreadPoolExecutor.getTask(ThreadPoolExecutor.java:1074)&#10;        at java.util.concurrent.ThreadPoolExecutor.runWorker(ThreadPoolExecutor.java:1134)&#10;        at java.util.concurrent.ThreadPoolExecutor$Worker.run(ThreadPoolExecutor.java:624)&#10;        at java.lang.Thread.run(Thread.java:748)&#10;&quot;pool-66-thread-19&quot;  prio=5 tid=581 in Object.wait()&#10;java.lang.Thread.State: WAITING (on object monitor)&#10;        at sun.misc.Unsafe.park(Native Method)&#10;        at java.util.concurrent.locks.LockSupport.park(LockSupport.java:175)&#10;        at java.util.concurrent.locks.AbstractQueuedSynchronizer$ConditionObject.await(AbstractQueuedSynchronizer.java:2039)&#10;        at java.util.concurrent.ArrayBlockingQueue.take(ArrayBlockingQueue.java:403)&#10;        at java.util.concurrent.ThreadPoolExecutor.getTask(ThreadPoolExecutor.java:1074)&#10;        at java.util.concurrent.ThreadPoolExecutor.runWorker(ThreadPoolExecutor.java:1134)&#10;        at java.util.concurrent.ThreadPoolExecutor$Worker.run(ThreadPoolExecutor.java:624)&#10;        at java.lang.Thread.run(Thread.java:748)&#10;&quot;metrics-hadoop-metrics2-reporter-53-thread-1&quot; daemon prio=5 tid=1804 timed_waiting&#10;java.lang.Thread.State: TIMED_WAITING&#10;        at sun.misc.Unsafe.park(Native Method)&#10;        at java.util.concurrent.locks.LockSupport.parkNanos(LockSupport.java:215)&#10;        at java.util.concurrent.locks.AbstractQueuedSynchronizer$ConditionObject.awaitNanos(AbstractQueuedSynchronizer.java:2078)&#10;        at java.util.concurrent.ScheduledThreadPoolExecutor$DelayedWorkQueue.take(ScheduledThreadPoolExecutor.java:1093)&#10;        at java.util.concurrent.ScheduledThreadPoolExecutor$DelayedWorkQueue.take(ScheduledThreadPoolExecutor.java:809)&#10;        at java.util.concurrent.ThreadPoolExecutor.getTask(ThreadPoolExecutor.java:1074)&#10;        at java.util.concurrent.ThreadPoolExecutor.runWorker(ThreadPoolExecutor.java:1134)&#10;        at java.util.concurrent.ThreadPoolExecutor$Worker.run(ThreadPoolExecutor.java:624)&#10;        at java.lang.Thread.run(Thread.java:748)&#10;&quot;IPC Server handler 18 on 40029&quot; daemon prio=5 tid=87 timed_waiting&#10;java.lang.Thread.State: TIMED_WAITING&#10;        at sun.misc.Unsafe.park(Native Method)&#10;        at java.util.concurrent.locks.LockSupport.parkNanos(LockSupport.java:215)&#10;        at java.util.concurrent.locks.AbstractQueuedSynchronizer$ConditionObject.awaitNanos(AbstractQueuedSynchronizer.java:2078)&#10;        at java.util.concurrent.LinkedBlockingQueue.poll(LinkedBlockingQueue.java:467)&#10;        at org.apache.hadoop.ipc.CallQueueManager.take(CallQueueManager.java:288)&#10;        at org.apache.hadoop.ipc.Server$Handler.run(Server.java:2668)&#10;&quot;pool-66-thread-60&quot;  prio=5 tid=622 in Object.wait()&#10;java.lang.Thread.State: WAITING (on object monitor)&#10;        at sun.misc.Unsafe.park(Native Method)&#10;        at java.util.concurrent.locks.LockSupport.park(LockSupport.java:175)&#10;        at java.util.concurrent.locks.AbstractQueuedSynchronizer$ConditionObject.await(AbstractQueuedSynchronizer.java:2039)&#10;        at java.util.concurrent.ArrayBlockingQueue.take(ArrayBlockingQueue.java:403)&#10;        at java.util.concurrent.ThreadPoolExecutor.getTask(ThreadPoolExecutor.java:1074)&#10;        at java.util.concurrent.ThreadPoolExecutor.runWorker(ThreadPoolExecutor.java:1134)&#10;        at java.util.concurrent.ThreadPoolExecutor$Worker.run(ThreadPoolExecutor.java:624)&#10;        at java.lang.Thread.run(Thread.java:748)&#10;&quot;IPC Server handler 19 on 37215&quot; daemon prio=5 tid=68 timed_waiting&#10;java.lang.Thread.State: TIMED_WAITING&#10;        at sun.misc.Unsafe.park(Native Method)&#10;        at java.util.concurrent.locks.LockSupport.parkNanos(LockSupport.java:215)&#10;        at java.util.concurrent.locks.AbstractQueuedSynchronizer$ConditionObject.awaitNanos(AbstractQueuedSynchronizer.java:2078)&#10;        at java.util.concurrent.LinkedBlockingQueue.poll(LinkedBlockingQueue.java:467)&#10;        at org.apache.hadoop.ipc.CallQueueManager.take(CallQueueManager.java:288)&#10;        at org.apache.hadoop.ipc.Server$Handler.run(Server.java:2668)&#10;&quot;e081c0a5-acfc-4a29-8262-ee158adf5b11@group-7CC56FB5D3F9-StateMachineUpdater&quot; daemon prio=5 tid=836 in Object.wait()&#10;java.lang.Thread.State: WAITING (on object monitor)&#10;        at java.lang.Object.wait(Native Method)&#10;        at java.lang.Object.wait(Object.java:502)&#10;        at org.apache.ratis.server.impl.StateMachineUpdater.waitForCommit(StateMachineUpdater.java:183)&#10;        at org.apache.ratis.server.impl.StateMachineUpdater.run(StateMachineUpdater.java:148)&#10;        at java.lang.Thread.run(Thread.java:748)&#10;&quot;pool-76-thread-52&quot;  prio=5 tid=676 in Object.wait()&#10;java.lang.Thread.State: WAITING (on object monitor)&#10;        at sun.misc.Unsafe.park(Native Method)&#10;        at java.util.concurrent.locks.LockSupport.park(LockSupport.java:175)&#10;        at java.util.concurrent.locks.AbstractQueuedSynchronizer$ConditionObject.await(AbstractQueuedSynchronizer.java:2039)&#10;        at java.util.concurrent.ArrayBlockingQueue.take(ArrayBlockingQueue.java:403)&#10;        at java.util.concurrent.ThreadPoolExecutor.getTask(ThreadPoolExecutor.java:1074)&#10;        at java.util.concurrent.ThreadPoolExecutor.runWorker(ThreadPoolExecutor.java:1134)&#10;        at java.util.concurrent.ThreadPoolExecutor$Worker.run(ThreadPoolExecutor.java:624)&#10;        at java.lang.Thread.run(Thread.java:748)&#10;&quot;IPC Server handler 9 on 44461&quot; daemon prio=5 tid=124 timed_waiting&#10;java.lang.Thread.State: TIMED_WAITING&#10;        at sun.misc.Unsafe.park(Native Method)&#10;        at java.util.concurrent.locks.LockSupport.parkNanos(LockSupport.java:215)&#10;        at java.util.concurrent.locks.AbstractQueuedSynchronizer$ConditionObject.awaitNanos(AbstractQueuedSynchronizer.java:2078)&#10;        at java.util.concurrent.LinkedBlockingQueue.poll(LinkedBlockingQueue.java:467)&#10;        at org.apache.hadoop.ipc.CallQueueManager.take(CallQueueManager.java:288)&#10;        at org.apache.hadoop.ipc.Server$Handler.run(Server.java:2668)&#10;&quot;19e67e26-3d21-4d01-be9f-29113a4a814c@group-7CC56FB5D3F9-SegmentedRaftLogWorker&quot;  prio=5 tid=832 timed_waiting&#10;java.lang.Thread.State: TIMED_WAITING&#10;        at sun.misc.Unsafe.park(Native Method)&#10;        at java.util.concurrent.locks.LockSupport.parkNanos(LockSupport.java:215)&#10;        at java.util.concurrent.locks.AbstractQueuedSynchronizer$ConditionObject.awaitNanos(AbstractQueuedSynchronizer.java:2078)&#10;        at org.apache.ratis.util.DataBlockingQueue.poll(DataBlockingQueue.java:137)&#10;        at org.apache.ratis.server.raftlog.segmented.SegmentedRaftLogWorker.run(SegmentedRaftLogWorker.java:283)&#10;        at java.lang.Thread.run(Thread.java:748)&#10;&quot;pool-76-thread-54&quot;  prio=5 tid=678 in Object.wait()&#10;java.lang.Thread.State: WAITING (on object monitor)&#10;        at sun.misc.Unsafe.park(Native Method)&#10;        at java.util.concurrent.locks.LockSupport.park(LockSupport.java:175)&#10;        at java.util.concurrent.locks.AbstractQueuedSynchronizer$ConditionObject.await(AbstractQueuedSynchronizer.java:2039)&#10;        at java.util.concurrent.ArrayBlockingQueue.take(ArrayBlockingQueue.java:403)&#10;        at java.util.concurrent.ThreadPoolExecutor.getTask(ThreadPoolExecutor.java:1074)&#10;        at java.util.concurrent.ThreadPoolExecutor.runWorker(ThreadPoolExecutor.java:1134)&#10;        at java.util.concurrent.ThreadPoolExecutor$Worker.run(ThreadPoolExecutor.java:624)&#10;        at java.lang.Thread.run(Thread.java:748)&#10;&quot;grpc-default-worker-ELG-3-3&quot; daemon prio=5 tid=701 runnable&#10;java.lang.Thread.State: RUNNABLE&#10;        at sun.nio.ch.EPollArrayWrapper.epollWait(Native Method)&#10;        at sun.nio.ch.EPollArrayWrapper.poll(EPollArrayWrapper.java:269)&#10;        at sun.nio.ch.EPollSelectorImpl.doSelect(EPollSelectorImpl.java:93)&#10;        at sun.nio.ch.SelectorImpl.lockAndDoSelect(SelectorImpl.java:86)&#10;        at sun.nio.ch.SelectorImpl.select(SelectorImpl.java:97)&#10;        at org.apache.ratis.thirdparty.io.netty.channel.nio.SelectedSelectionKeySetSelector.select(SelectedSelectionKeySetSelector.java:62)&#10;        at org.apache.ratis.thirdparty.io.netty.channel.nio.NioEventLoop.select(NioEventLoop.java:753)&#10;        at org.apache.ratis.thirdparty.io.netty.channel.nio.NioEventLoop.run(NioEventLoop.java:408)&#10;        at org.apache.ratis.thirdparty.io.netty.util.concurrent.SingleThreadEventExecutor$5.run(SingleThreadEventExecutor.java:897)&#10;        at org.apache.ratis.thirdparty.io.netty.util.concurrent.FastThreadLocalRunnable.run(FastThreadLocalRunnable.java:30)&#10;        at java.lang.Thread.run(Thread.java:748)&#10;&quot;pool-26-thread-38&quot;  prio=5 tid=351 in Object.wait()&#10;java.lang.Thread.State: WAITING (on object monitor)&#10;        at sun.misc.Unsafe.park(Native Method)&#10;        at java.util.concurrent.locks.LockSupport.park(LockSupport.java:175)&#10;        at java.util.concurrent.locks.AbstractQueuedSynchronizer$ConditionObject.await(AbstractQueuedSynchronizer.java:2039)&#10;        at java.util.concurrent.ArrayBlockingQueue.take(ArrayBlockingQueue.java:403)&#10;        at java.util.concurrent.ThreadPoolExecutor.getTask(ThreadPoolExecutor.java:1074)&#10;        at java.util.concurrent.ThreadPoolExecutor.runWorker(ThreadPoolExecutor.java:1134)&#10;        at java.util.concurrent.ThreadPoolExecutor$Worker.run(ThreadPoolExecutor.java:624)&#10;        at java.lang.Thread.run(Thread.java:748)&#10;&quot;org.eclipse.jetty.server.session.HashSessionManager@588f63cTimer&quot; daemon prio=5 tid=221 timed_waiting&#10;java.lang.Thread.State: TIMED_WAITING&#10;        at sun.misc.Unsafe.park(Native Method)&#10;        at java.util.concurrent.locks.LockSupport.parkNanos(LockSupport.java:215)&#10;        at java.util.concurrent.locks.AbstractQueuedSynchronizer$ConditionObject.awaitNanos(AbstractQueuedSynchronizer.java:2078)&#10;        at java.util.concurrent.ScheduledThreadPoolExecutor$DelayedWorkQueue.take(ScheduledThreadPoolExecutor.java:1093)&#10;        at java.util.concurrent.ScheduledThreadPoolExecutor$DelayedWorkQueue.take(ScheduledThreadPoolExecutor.java:809)&#10;        at java.util.concurrent.ThreadPoolExecutor.getTask(ThreadPoolExecutor.java:1074)&#10;        at java.util.concurrent.ThreadPoolExecutor.runWorker(ThreadPoolExecutor.java:1134)&#10;        at java.util.concurrent.ThreadPoolExecutor$Worker.run(ThreadPoolExecutor.java:624)&#10;        at java.lang.Thread.run(Thread.java:748)&#10;&quot;pool-26-thread-42&quot;  prio=5 tid=355 in Object.wait()&#10;java.lang.Thread.State: WAITING (on object monitor)&#10;        at sun.misc.Unsafe.park(Native Method)&#10;        at java.util.concurrent.locks.LockSupport.park(LockSupport.java:175)&#10;        at java.util.concurrent.locks.AbstractQueuedSynchronizer$ConditionObject.await(AbstractQueuedSynchronizer.java:2039)&#10;        at java.util.concurrent.ArrayBlockingQueue.take(ArrayBlockingQueue.java:403)&#10;        at java.util.concurrent.ThreadPoolExecutor.getTask(ThreadPoolExecutor.java:1074)&#10;        at java.util.concurrent.ThreadPoolExecutor.runWorker(ThreadPoolExecutor.java:1134)&#10;        at java.util.concurrent.ThreadPoolExecutor$Worker.run(ThreadPoolExecutor.java:624)&#10;        at java.lang.Thread.run(Thread.java:748)&#10;&quot;pool-66-thread-35&quot;  prio=5 tid=597 in Object.wait()&#10;java.lang.Thread.State: WAITING (on object monitor)&#10;        at sun.misc.Unsafe.park(Native Method)&#10;        at java.util.concurrent.locks.LockSupport.park(LockSupport.java:175)&#10;        at java.util.concurrent.locks.AbstractQueuedSynchronizer$ConditionObject.await(AbstractQueuedSynchronizer.java:2039)&#10;        at java.util.concurrent.ArrayBlockingQueue.take(ArrayBlockingQueue.java:403)&#10;        at java.util.concurrent.ThreadPoolExecutor.getTask(ThreadPoolExecutor.java:1074)&#10;        at java.util.concurrent.ThreadPoolExecutor.runWorker(ThreadPoolExecutor.java:1134)&#10;        at java.util.concurrent.ThreadPoolExecutor$Worker.run(ThreadPoolExecutor.java:624)&#10;        at java.lang.Thread.run(Thread.java:748)&#10;&quot;b7064b77-9271-4e94-8225-85d895886efb@group-47DBAAEC82C8-StateMachineUpdater&quot; daemon prio=5 tid=758 in Object.wait()&#10;java.lang.Thread.State: WAITING (on object monitor)&#10;        at java.lang.Object.wait(Native Method)&#10;        at java.lang.Object.wait(Object.java:502)&#10;        at org.apache.ratis.server.impl.StateMachineUpdater.waitForCommit(StateMachineUpdater.java:183)&#10;        at org.apache.ratis.server.impl.StateMachineUpdater.run(StateMachineUpdater.java:148)&#10;        at java.lang.Thread.run(Thread.java:748)&#10;&quot;IPC Server handler 18 on 45005&quot; daemon prio=5 tid=47 timed_waiting&#10;java.lang.Thread.State: TIMED_WAITING&#10;        at sun.misc.Unsafe.park(Native Method)&#10;        at java.util.concurrent.locks.LockSupport.parkNanos(LockSupport.java:215)&#10;        at java.util.concurrent.locks.AbstractQueuedSynchronizer$ConditionObject.awaitNanos(AbstractQueuedSynchronizer.java:2078)&#10;        at java.util.concurrent.LinkedBlockingQueue.poll(LinkedBlockingQueue.java:467)&#10;        at org.apache.hadoop.ipc.CallQueueManager.take(CallQueueManager.java:288)&#10;        at org.apache.hadoop.ipc.Server$Handler.run(Server.java:2668)&#10;&quot;pool-66-thread-57&quot;  prio=5 tid=619 in Object.wait()&#10;java.lang.Thread.State: WAITING (on object monitor)&#10;        at sun.misc.Unsafe.park(Native Method)&#10;        at java.util.concurrent.locks.LockSupport.park(LockSupport.java:175)&#10;        at java.util.concurrent.locks.AbstractQueuedSynchronizer$ConditionObject.await(AbstractQueuedSynchronizer.java:2039)&#10;        at java.util.concurrent.ArrayBlockingQueue.take(ArrayBlockingQueue.java:403)&#10;        at java.util.concurrent.ThreadPoolExecutor.getTask(ThreadPoolExecutor.java:1074)&#10;        at java.util.concurrent.ThreadPoolExecutor.runWorker(ThreadPoolExecutor.java:1134)&#10;        at java.util.concurrent.ThreadPoolExecutor$Worker.run(ThreadPoolExecutor.java:624)&#10;        at java.lang.Thread.run(Thread.java:748)&#10;&quot;Socket Reader #1 for port 37215&quot;  prio=5 tid=19 runnable&#10;java.lang.Thread.State: RUNNABLE&#10;        at sun.nio.ch.EPollArrayWrapper.epollWait(Native Method)&#10;        at sun.nio.ch.EPollArrayWrapper.poll(EPollArrayWrapper.java:269)&#10;        at sun.nio.ch.EPollSelectorImpl.doSelect(EPollSelectorImpl.java:93)&#10;        at sun.nio.ch.SelectorImpl.lockAndDoSelect(SelectorImpl.java:86)&#10;        at sun.nio.ch.SelectorImpl.select(SelectorImpl.java:97)&#10;        at sun.nio.ch.SelectorImpl.select(SelectorImpl.java:101)&#10;        at org.apache.hadoop.ipc.Server$Listener$Reader.doRunLoop(Server.java:1097)&#10;        at org.apache.hadoop.ipc.Server$Listener$Reader.run(Server.java:1076)&#10;&quot;Thread-1199&quot; daemon prio=5 tid=1785 timed_waiting&#10;java.lang.Thread.State: TIMED_WAITING&#10;        at sun.misc.Unsafe.park(Native Method)&#10;        at java.util.concurrent.locks.LockSupport.parkNanos(LockSupport.java:215)&#10;        at java.util.concurrent.locks.AbstractQueuedSynchronizer$ConditionObject.awaitNanos(AbstractQueuedSynchronizer.java:2078)&#10;        at java.util.concurrent.ArrayBlockingQueue.poll(ArrayBlockingQueue.java:418)&#10;        at org.apache.ratis.server.impl.LeaderState$EventQueue.poll(LeaderState.java:115)&#10;        at org.apache.ratis.server.impl.LeaderState$EventProcessor.run(LeaderState.java:457)&#10;&quot;IPC Server handler 16 on 44461&quot; daemon prio=5 tid=131 timed_waiting&#10;java.lang.Thread.State: TIMED_WAITING&#10;        at sun.misc.Unsafe.park(Native Method)&#10;        at java.util.concurrent.locks.LockSupport.parkNanos(LockSupport.java:215)&#10;        at java.util.concurrent.locks.AbstractQueuedSynchronizer$ConditionObject.awaitNanos(AbstractQueuedSynchronizer.java:2078)&#10;        at java.util.concurrent.LinkedBlockingQueue.poll(LinkedBlockingQueue.java:467)&#10;        at org.apache.hadoop.ipc.CallQueueManager.take(CallQueueManager.java:288)&#10;        at org.apache.hadoop.ipc.Server$Handler.run(Server.java:2668)&#10;&quot;qtp1680841335-247&quot; daemon prio=5 tid=247 timed_waiting&#10;java.lang.Thread.State: TIMED_WAITING&#10;        at sun.misc.Unsafe.park(Native Method)&#10;        at java.util.concurrent.locks.LockSupport.parkNanos(LockSupport.java:215)&#10;        at java.util.concurrent.locks.AbstractQueuedSynchronizer$ConditionObject.awaitNanos(AbstractQueuedSynchronizer.java:2078)&#10;        at org.eclipse.jetty.util.BlockingArrayQueue.poll(BlockingArrayQueue.java:392)&#10;        at org.eclipse.jetty.util.thread.QueuedThreadPool.idleJobPoll(QueuedThreadPool.java:563)&#10;        at org.eclipse.jetty.util.thread.QueuedThreadPool.access$800(QueuedThreadPool.java:48)&#10;        at org.eclipse.jetty.util.thread.QueuedThreadPool$2.run(QueuedThreadPool.java:626)&#10;        at java.lang.Thread.run(Thread.java:748)&#10;&quot;metrics-hadoop-metrics2-reporter-35-thread-1&quot; daemon prio=5 tid=863 timed_waiting&#10;java.lang.Thread.State: TIMED_WAITING&#10;        at sun.misc.Unsafe.park(Native Method)&#10;        at java.util.concurrent.locks.LockSupport.parkNanos(LockSupport.java:215)&#10;        at java.util.concurrent.locks.AbstractQueuedSynchronizer$ConditionObject.awaitNanos(AbstractQueuedSynchronizer.java:2078)&#10;        at java.util.concurrent.ScheduledThreadPoolExecutor$DelayedWorkQueue.take(ScheduledThreadPoolExecutor.java:1093)&#10;        at java.util.concurrent.ScheduledThreadPoolExecutor$DelayedWorkQueue.take(ScheduledThreadPoolExecutor.java:809)&#10;        at java.util.concurrent.ThreadPoolExecutor.getTask(ThreadPoolExecutor.java:1074)&#10;        at java.util.concurrent.ThreadPoolExecutor.runWorker(ThreadPoolExecutor.java:1134)&#10;        at java.util.concurrent.ThreadPoolExecutor$Worker.run(ThreadPoolExecutor.java:624)&#10;        at java.lang.Thread.run(Thread.java:748)&#10;&quot;pool-76-thread-16&quot;  prio=5 tid=640 in Object.wait()&#10;java.lang.Thread.State: WAITING (on object monitor)&#10;        at sun.misc.Unsafe.park(Native Method)&#10;        at java.util.concurrent.locks.LockSupport.park(LockSupport.java:175)&#10;        at java.util.concurrent.locks.AbstractQueuedSynchronizer$ConditionObject.await(AbstractQueuedSynchronizer.java:2039)&#10;        at java.util.concurrent.ArrayBlockingQueue.take(ArrayBlockingQueue.java:403)&#10;        at java.util.concurrent.ThreadPoolExecutor.getTask(ThreadPoolExecutor.java:1074)&#10;        at java.util.concurrent.ThreadPoolExecutor.runWorker(ThreadPoolExecutor.java:1134)&#10;        at java.util.concurrent.ThreadPoolExecutor$Worker.run(ThreadPoolExecutor.java:624)&#10;        at java.lang.Thread.run(Thread.java:748)&#10;&quot;BlockDeletingService#1&quot; daemon prio=5 tid=559 timed_waiting&#10;java.lang.Thread.State: TIMED_WAITING&#10;        at sun.misc.Unsafe.park(Native Method)&#10;        at java.util.concurrent.locks.LockSupport.parkNanos(LockSupport.java:215)&#10;        at java.util.concurrent.locks.AbstractQueuedSynchronizer$ConditionObject.awaitNanos(AbstractQueuedSynchronizer.java:2078)&#10;        at java.util.concurrent.ScheduledThreadPoolExecutor$DelayedWorkQueue.take(ScheduledThreadPoolExecutor.java:1093)&#10;        at java.util.concurrent.ScheduledThreadPoolExecutor$DelayedWorkQueue.take(ScheduledThreadPoolExecutor.java:809)&#10;        at java.util.concurrent.ThreadPoolExecutor.getTask(ThreadPoolExecutor.java:1074)&#10;        at java.util.concurrent.ThreadPoolExecutor.runWorker(ThreadPoolExecutor.java:1134)&#10;        at java.util.concurrent.ThreadPoolExecutor$Worker.run(ThreadPoolExecutor.java:624)&#10;        at java.lang.Thread.run(Thread.java:748)&#10;&quot;pool-36-thread-9&quot;  prio=5 tid=382 in Object.wait()&#10;java.lang.Thread.State: WAITING (on object monitor)&#10;        at sun.misc.Unsafe.park(Native Method)&#10;        at java.util.concurrent.locks.LockSupport.park(LockSupport.java:175)&#10;        at java.util.concurrent.locks.AbstractQueuedSynchronizer$ConditionObject.await(AbstractQueuedSynchronizer.java:2039)&#10;        at java.util.concurrent.ArrayBlockingQueue.take(ArrayBlockingQueue.java:403)&#10;        at java.util.concurrent.ThreadPoolExecutor.getTask(ThreadPoolExecutor.java:1074)&#10;        at java.util.concurrent.ThreadPoolExecutor.runWorker(ThreadPoolExecutor.java:1134)&#10;        at java.util.concurrent.ThreadPoolExecutor$Worker.run(ThreadPoolExecutor.java:624)&#10;        at java.lang.Thread.run(Thread.java:748)&#10;&quot;Thread-1167&quot; daemon prio=5 tid=1753 timed_waiting&#10;java.lang.Thread.State: TIMED_WAITING&#10;        at java.lang.Thread.sleep(Native Method)&#10;        at org.apache.ratis.util.JavaUtils.sleep(JavaUtils.java:247)&#10;        at org.apache.ratis.server.impl.FollowerState.run(FollowerState.java:96)&#10;&quot;EventQueue-ContainerReportForContainerReportHandler&quot; daemon prio=5 tid=689 in Object.wait()&#10;java.lang.Thread.State: WAITING (on object monitor)&#10;        at sun.misc.Unsafe.park(Native Method)&#10;        at java.util.concurrent.locks.LockSupport.park(LockSupport.java:175)&#10;        at java.util.concurrent.locks.AbstractQueuedSynchronizer$ConditionObject.await(AbstractQueuedSynchronizer.java:2039)&#10;        at java.util.concurrent.LinkedBlockingQueue.take(LinkedBlockingQueue.java:442)&#10;        at java.util.concurrent.ThreadPoolExecutor.getTask(ThreadPoolExecutor.java:1074)&#10;        at java.util.concurrent.ThreadPoolExecutor.runWorker(ThreadPoolExecutor.java:1134)&#10;        at java.util.concurrent.ThreadPoolExecutor$Worker.run(ThreadPoolExecutor.java:624)&#10;        at java.lang.Thread.run(Thread.java:748)&#10;&quot;8c24ed06-386e-4085-8931-93c762a64530@group-B9DEF2EDD277-SegmentedRaftLogWorker&quot;  prio=5 tid=815 timed_waiting&#10;java.lang.Thread.State: TIMED_WAITING&#10;        at sun.misc.Unsafe.park(Native Method)&#10;        at java.util.concurrent.locks.LockSupport.parkNanos(LockSupport.java:215)&#10;        at java.util.concurrent.locks.AbstractQueuedSynchronizer$ConditionObject.awaitNanos(AbstractQueuedSynchronizer.java:2078)&#10;        at org.apache.ratis.util.DataBlockingQueue.poll(DataBlockingQueue.java:137)&#10;        at org.apache.ratis.server.raftlog.segmented.SegmentedRaftLogWorker.run(SegmentedRaftLogWorker.java:283)&#10;        at java.lang.Thread.run(Thread.java:748)&#10;&quot;Datanode ReportManager Thread - 2&quot; daemon prio=5 tid=308 timed_waiting&#10;java.lang.Thread.State: TIMED_WAITING&#10;        at sun.misc.Unsafe.park(Native Method)&#10;        at java.util.concurrent.locks.LockSupport.parkNanos(LockSupport.java:215)&#10;        at java.util.concurrent.locks.AbstractQueuedSynchronizer$ConditionObject.awaitNanos(AbstractQueuedSynchronizer.java:2078)&#10;        at java.util.concurrent.ScheduledThreadPoolExecutor$DelayedWorkQueue.take(ScheduledThreadPoolExecutor.java:1093)&#10;        at java.util.concurrent.ScheduledThreadPoolExecutor$DelayedWorkQueue.take(ScheduledThreadPoolExecutor.java:809)&#10;        at java.util.concurrent.ThreadPoolExecutor.getTask(ThreadPoolExecutor.java:1074)&#10;        at java.util.concurrent.ThreadPoolExecutor.runWorker(ThreadPoolExecutor.java:1134)&#10;        at java.util.concurrent.ThreadPoolExecutor$Worker.run(ThreadPoolExecutor.java:624)&#10;        at java.lang.Thread.run(Thread.java:748)&#10;&quot;pool-36-thread-12&quot;  prio=5 tid=385 in Object.wait()&#10;java.lang.Thread.State: WAITING (on object monitor)&#10;        at sun.misc.Unsafe.park(Native Method)&#10;        at java.util.concurrent.locks.LockSupport.park(LockSupport.java:175)&#10;        at java.util.concurrent.locks.AbstractQueuedSynchronizer$ConditionObject.await(AbstractQueuedSynchronizer.java:2039)&#10;        at java.util.concurrent.ArrayBlockingQueue.take(ArrayBlockingQueue.java:403)&#10;        at java.util.concurrent.ThreadPoolExecutor.getTask(ThreadPoolExecutor.java:1074)&#10;        at java.util.concurrent.ThreadPoolExecutor.runWorker(ThreadPoolExecutor.java:1134)&#10;        at java.util.concurrent.ThreadPoolExecutor$Worker.run(ThreadPoolExecutor.java:624)&#10;        at java.lang.Thread.run(Thread.java:748)&#10;&quot;IPC Server handler 11 on 40029&quot; daemon prio=5 tid=80 timed_waiting&#10;java.lang.Thread.State: TIMED_WAITING&#10;        at sun.misc.Unsafe.park(Native Method)&#10;        at java.util.concurrent.locks.LockSupport.parkNanos(LockSupport.java:215)&#10;        at java.util.concurrent.locks.AbstractQueuedSynchronizer$ConditionObject.awaitNanos(AbstractQueuedSynchronizer.java:2078)&#10;        at java.util.concurrent.LinkedBlockingQueue.poll(LinkedBlockingQueue.java:467)&#10;        at org.apache.hadoop.ipc.CallQueueManager.take(CallQueueManager.java:288)&#10;        at org.apache.hadoop.ipc.Server$Handler.run(Server.java:2668)&#10;&quot;IPC Server listener on 37215&quot; daemon prio=5 tid=18 runnable&#10;java.lang.Thread.State: RUNNABLE&#10;        at sun.nio.ch.EPollArrayWrapper.epollWait(Native Method)&#10;        at sun.nio.ch.EPollArrayWrapper.poll(EPollArrayWrapper.java:269)&#10;        at sun.nio.ch.EPollSelectorImpl.doSelect(EPollSelectorImpl.java:93)&#10;        at sun.nio.ch.SelectorImpl.lockAndDoSelect(SelectorImpl.java:86)&#10;        at sun.nio.ch.SelectorImpl.select(SelectorImpl.java:97)&#10;        at sun.nio.ch.SelectorImpl.select(SelectorImpl.java:101)&#10;        at org.apache.hadoop.ipc.Server$Listener.run(Server.java:1159)&#10;&quot;pool-34-thread-1&quot; daemon prio=5 tid=182 timed_waiting&#10;java.lang.Thread.State: TIMED_WAITING&#10;        at sun.misc.Unsafe.park(Native Method)&#10;        at java.util.concurrent.locks.LockSupport.parkNanos(LockSupport.java:215)&#10;        at java.util.concurrent.locks.AbstractQueuedSynchronizer$ConditionObject.awaitNanos(AbstractQueuedSynchronizer.java:2078)&#10;        at java.util.concurrent.ScheduledThreadPoolExecutor$DelayedWorkQueue.take(ScheduledThreadPoolExecutor.java:1093)&#10;        at java.util.concurrent.ScheduledThreadPoolExecutor$DelayedWorkQueue.take(ScheduledThreadPoolExecutor.java:809)&#10;        at java.util.concurrent.ThreadPoolExecutor.getTask(ThreadPoolExecutor.java:1074)&#10;        at java.util.concurrent.ThreadPoolExecutor.runWorker(ThreadPoolExecutor.java:1134)&#10;        at java.util.concurrent.ThreadPoolExecutor$Worker.run(ThreadPoolExecutor.java:624)&#10;        at java.lang.Thread.run(Thread.java:748)&#10;&quot;qtp1235908203-136&quot; daemon prio=5 tid=136 runnable&#10;java.lang.Thread.State: RUNNABLE&#10;        at sun.nio.ch.EPollArrayWrapper.epollWait(Native Method)&#10;        at sun.nio.ch.EPollArrayWrapper.poll(EPollArrayWrapper.java:269)&#10;        at sun.nio.ch.EPollSelectorImpl.doSelect(EPollSelectorImpl.java:93)&#10;        at sun.nio.ch.SelectorImpl.lockAndDoSelect(SelectorImpl.java:86)&#10;        at sun.nio.ch.SelectorImpl.select(SelectorImpl.java:97)&#10;        at sun.nio.ch.SelectorImpl.select(SelectorImpl.java:101)&#10;        at org.eclipse.jetty.io.ManagedSelector$SelectorProducer.select(ManagedSelector.java:243)&#10;        at org.eclipse.jetty.io.ManagedSelector$SelectorProducer.produce(ManagedSelector.java:191)&#10;        at org.eclipse.jetty.util.thread.strategy.ExecuteProduceConsume.executeProduceConsume(ExecuteProduceConsume.java:249)&#10;        at org.eclipse.jetty.util.thread.strategy.ExecuteProduceConsume.produceConsume(ExecuteProduceConsume.java:148)&#10;        at org.eclipse.jetty.util.thread.strategy.ExecuteProduceConsume.execute(ExecuteProduceConsume.java:100)&#10;        at org.eclipse.jetty.io.ManagedSelector.run(ManagedSelector.java:147)&#10;        at org.eclipse.jetty.util.thread.QueuedThreadPool.runJob(QueuedThreadPool.java:671)&#10;        at org.eclipse.jetty.util.thread.QueuedThreadPool$2.run(QueuedThreadPool.java:589)&#10;        at java.lang.Thread.run(Thread.java:748)&#10;&quot;Thread-339&quot; daemon prio=5 tid=906 timed_waiting&#10;java.lang.Thread.State: TIMED_WAITING&#10;        at sun.misc.Unsafe.park(Native Method)&#10;        at java.util.concurrent.locks.LockSupport.parkNanos(LockSupport.java:215)&#10;        at java.util.concurrent.locks.AbstractQueuedSynchronizer$ConditionObject.awaitNanos(AbstractQueuedSynchronizer.java:2078)&#10;        at java.util.concurrent.ArrayBlockingQueue.poll(ArrayBlockingQueue.java:418)&#10;        at org.apache.ratis.server.impl.LeaderState$EventQueue.poll(LeaderState.java:115)&#10;        at org.apache.ratis.server.impl.LeaderState$EventProcessor.run(LeaderState.java:457)&#10;&quot;pool-56-thread-56&quot;  prio=5 tid=550 in Object.wait()&#10;java.lang.Thread.State: WAITING (on object monitor)&#10;        at sun.misc.Unsafe.park(Native Method)&#10;        at java.util.concurrent.locks.LockSupport.park(LockSupport.java:175)&#10;        at java.util.concurrent.locks.AbstractQueuedSynchronizer$ConditionObject.await(AbstractQueuedSynchronizer.java:2039)&#10;        at java.util.concurrent.ArrayBlockingQueue.take(ArrayBlockingQueue.java:403)&#10;        at java.util.concurrent.ThreadPoolExecutor.getTask(ThreadPoolExecutor.java:1074)&#10;        at java.util.concurrent.ThreadPoolExecutor.runWorker(ThreadPoolExecutor.java:1134)&#10;        at java.util.concurrent.ThreadPoolExecutor$Worker.run(ThreadPoolExecutor.java:624)&#10;        at java.lang.Thread.run(Thread.java:748)&#10;&quot;BlockDeletingService#1&quot; daemon prio=5 tid=562 timed_waiting&#10;java.lang.Thread.State: TIMED_WAITING&#10;        at sun.misc.Unsafe.park(Native Method)&#10;        at java.util.concurrent.locks.LockSupport.parkNanos(LockSupport.java:215)&#10;        at java.util.concurrent.locks.AbstractQueuedSynchronizer$ConditionObject.awaitNanos(AbstractQueuedSynchronizer.java:2078)&#10;        at java.util.concurrent.ScheduledThreadPoolExecutor$DelayedWorkQueue.take(ScheduledThreadPoolExecutor.java:1093)&#10;        at java.util.concurrent.ScheduledThreadPoolExecutor$DelayedWorkQueue.take(ScheduledThreadPoolExecutor.java:809)&#10;        at java.util.concurrent.ThreadPoolExecutor.getTask(ThreadPoolExecutor.java:1074)&#10;        at java.util.concurrent.ThreadPoolExecutor.runWorker(ThreadPoolExecutor.java:1134)&#10;        at java.util.concurrent.ThreadPoolExecutor$Worker.run(ThreadPoolExecutor.java:624)&#10;        at java.lang.Thread.run(Thread.java:748)&#10;&quot;qtp1235908203-140&quot; daemon prio=5 tid=140 timed_waiting&#10;java.lang.Thread.State: TIMED_WAITING&#10;        at sun.misc.Unsafe.park(Native Method)&#10;        at java.util.concurrent.locks.LockSupport.parkNanos(LockSupport.java:215)&#10;        at java.util.concurrent.locks.AbstractQueuedSynchronizer$ConditionObject.awaitNanos(AbstractQueuedSynchronizer.java:2078)&#10;        at org.eclipse.jetty.util.BlockingArrayQueue.poll(BlockingArrayQueue.java:392)&#10;        at org.eclipse.jetty.util.thread.QueuedThreadPool.idleJobPoll(QueuedThreadPool.java:563)&#10;        at org.eclipse.jetty.util.thread.QueuedThreadPool.access$800(QueuedThreadPool.java:48)&#10;        at org.eclipse.jetty.util.thread.QueuedThreadPool$2.run(QueuedThreadPool.java:626)&#10;        at java.lang.Thread.run(Thread.java:748)&#10;&quot;pool-66-thread-11&quot;  prio=5 tid=573 in Object.wait()&#10;java.lang.Thread.State: WAITING (on object monitor)&#10;        at sun.misc.Unsafe.park(Native Method)&#10;        at java.util.concurrent.locks.LockSupport.park(LockSupport.java:175)&#10;        at java.util.concurrent.locks.AbstractQueuedSynchronizer$ConditionObject.await(AbstractQueuedSynchronizer.java:2039)&#10;        at java.util.concurrent.ArrayBlockingQueue.take(ArrayBlockingQueue.java:403)&#10;        at java.util.concurrent.ThreadPoolExecutor.getTask(ThreadPoolExecutor.java:1074)&#10;        at java.util.concurrent.ThreadPoolExecutor.runWorker(ThreadPoolExecutor.java:1134)&#10;        at java.util.concurrent.ThreadPoolExecutor$Worker.run(ThreadPoolExecutor.java:624)&#10;        at java.lang.Thread.run(Thread.java:748)&#10;&quot;org.apache.hadoop.util.JvmPauseMonitor$Monitor@5d2b3fab&quot; daemon prio=5 tid=257 timed_waiting&#10;java.lang.Thread.State: TIMED_WAITING&#10;        at java.lang.Thread.sleep(Native Method)&#10;        at org.apache.hadoop.util.JvmPauseMonitor$Monitor.run(JvmPauseMonitor.java:192)&#10;        at java.lang.Thread.run(Thread.java:748)&#10;&quot;metrics-hadoop-metrics2-reporter-44-thread-1&quot; daemon prio=5 tid=907 timed_waiting&#10;java.lang.Thread.State: TIMED_WAITING&#10;        at sun.misc.Unsafe.park(Native Method)&#10;        at java.util.concurrent.locks.LockSupport.parkNanos(LockSupport.java:215)&#10;        at java.util.concurrent.locks.AbstractQueuedSynchronizer$ConditionObject.awaitNanos(AbstractQueuedSynchronizer.java:2078)&#10;        at java.util.concurrent.ScheduledThreadPoolExecutor$DelayedWorkQueue.take(ScheduledThreadPoolExecutor.java:1093)&#10;        at java.util.concurrent.ScheduledThreadPoolExecutor$DelayedWorkQueue.take(ScheduledThreadPoolExecutor.java:809)&#10;        at java.util.concurrent.ThreadPoolExecutor.getTask(ThreadPoolExecutor.java:1074)&#10;        at java.util.concurrent.ThreadPoolExecutor.runWorker(ThreadPoolExecutor.java:1134)&#10;        at java.util.concurrent.ThreadPoolExecutor$Worker.run(ThreadPoolExecutor.java:624)&#10;        at java.lang.Thread.run(Thread.java:748)&#10;&quot;pool-76-thread-10&quot;  prio=5 tid=634 in Object.wait()&#10;java.lang.Thread.State: WAITING (on object monitor)&#10;        at sun.misc.Unsafe.park(Native Method)&#10;        at java.util.concurrent.locks.LockSupport.park(LockSupport.java:175)&#10;        at java.util.concurrent.locks.AbstractQueuedSynchronizer$ConditionObject.await(AbstractQueuedSynchronizer.java:2039)&#10;        at java.util.concurrent.ArrayBlockingQueue.take(ArrayBlockingQueue.java:403)&#10;        at java.util.concurrent.ThreadPoolExecutor.getTask(ThreadPoolExecutor.java:1074)&#10;        at java.util.concurrent.ThreadPoolExecutor.runWorker(ThreadPoolExecutor.java:1134)&#10;        at java.util.concurrent.ThreadPoolExecutor$Worker.run(ThreadPoolExecutor.java:624)&#10;        at java.lang.Thread.run(Thread.java:748)&#10;&quot;pool-46-thread-11&quot;  prio=5 tid=444 in Object.wait()&#10;java.lang.Thread.State: WAITING (on object monitor)&#10;        at sun.misc.Unsafe.park(Native Method)&#10;        at java.util.concurrent.locks.LockSupport.park(LockSupport.java:175)&#10;        at java.util.concurrent.locks.AbstractQueuedSynchronizer$ConditionObject.await(AbstractQueuedSynchronizer.java:2039)&#10;        at java.util.concurrent.ArrayBlockingQueue.take(ArrayBlockingQueue.java:403)&#10;        at java.util.concurrent.ThreadPoolExecutor.getTask(ThreadPoolExecutor.java:1074)&#10;        at java.util.concurrent.ThreadPoolExecutor.runWorker(ThreadPoolExecutor.java:1134)&#10;        at java.util.concurrent.ThreadPoolExecutor$Worker.run(ThreadPoolExecutor.java:624)&#10;        at java.lang.Thread.run(Thread.java:748)&#10;&quot;pool-46-thread-7&quot;  prio=5 tid=440 in Object.wait()&#10;java.lang.Thread.State: WAITING (on object monitor)&#10;        at sun.misc.Unsafe.park(Native Method)&#10;        at java.util.concurrent.locks.LockSupport.park(LockSupport.java:175)&#10;        at java.util.concurrent.locks.AbstractQueuedSynchronizer$ConditionObject.await(AbstractQueuedSynchronizer.java:2039)&#10;        at java.util.concurrent.ArrayBlockingQueue.take(ArrayBlockingQueue.java:403)&#10;        at java.util.concurrent.ThreadPoolExecutor.getTask(ThreadPoolExecutor.java:1074)&#10;        at java.util.concurrent.ThreadPoolExecutor.runWorker(ThreadPoolExecutor.java:1134)&#10;        at java.util.concurrent.ThreadPoolExecutor$Worker.run(ThreadPoolExecutor.java:624)&#10;        at java.lang.Thread.run(Thread.java:748)&#10;&quot;org.apache.ratis.server.impl.LogAppender$AppenderDaemon$$Lambda$418/858148741@581230e8&quot; daemon prio=5 tid=1808 timed_waiting&#10;java.lang.Thread.State: TIMED_WAITING&#10;        at java.lang.Object.wait(Native Method)&#10;        at org.apache.ratis.grpc.server.GrpcLogAppender.mayWait(GrpcLogAppender.java:141)&#10;        at org.apache.ratis.grpc.server.GrpcLogAppender.runAppenderImpl(GrpcLogAppender.java:95)&#10;        at org.apache.ratis.server.impl.LogAppender$AppenderDaemon.run(LogAppender.java:76)&#10;        at org.apache.ratis.server.impl.LogAppender$AppenderDaemon$$Lambda$418/858148741.run(Unknown Source)&#10;        at java.lang.Thread.run(Thread.java:748)&#10;&quot;Thread-1236&quot; daemon prio=5 tid=1829 timed_waiting&#10;java.lang.Thread.State: TIMED_WAITING&#10;        at java.lang.Thread.sleep(Native Method)&#10;        at org.apache.ratis.util.JavaUtils.sleep(JavaUtils.java:247)&#10;        at org.apache.ratis.server.impl.FollowerState.run(FollowerState.java:96)&#10;&quot;grpc-default-worker-ELG-3-2&quot; daemon prio=5 tid=700 runnable&#10;java.lang.Thread.State: RUNNABLE&#10;        at sun.nio.ch.EPollArrayWrapper.epollWait(Native Method)&#10;        at sun.nio.ch.EPollArrayWrapper.poll(EPollArrayWrapper.java:269)&#10;        at sun.nio.ch.EPollSelectorImpl.doSelect(EPollSelectorImpl.java:93)&#10;        at sun.nio.ch.SelectorImpl.lockAndDoSelect(SelectorImpl.java:86)&#10;        at sun.nio.ch.SelectorImpl.select(SelectorImpl.java:97)&#10;        at org.apache.ratis.thirdparty.io.netty.channel.nio.SelectedSelectionKeySetSelector.select(SelectedSelectionKeySetSelector.java:62)&#10;        at org.apache.ratis.thirdparty.io.netty.channel.nio.NioEventLoop.select(NioEventLoop.java:753)&#10;        at org.apache.ratis.thirdparty.io.netty.channel.nio.NioEventLoop.run(NioEventLoop.java:408)&#10;        at org.apache.ratis.thirdparty.io.netty.util.concurrent.SingleThreadEventExecutor$5.run(SingleThreadEventExecutor.java:897)&#10;        at org.apache.ratis.thirdparty.io.netty.util.concurrent.FastThreadLocalRunnable.run(FastThreadLocalRunnable.java:30)&#10;        at java.lang.Thread.run(Thread.java:748)&#10;&quot;pool-46-thread-22&quot;  prio=5 tid=455 in Object.wait()&#10;java.lang.Thread.State: WAITING (on object monitor)&#10;        at sun.misc.Unsafe.park(Native Method)&#10;        at java.util.concurrent.locks.LockSupport.park(LockSupport.java:175)&#10;        at java.util.concurrent.locks.AbstractQueuedSynchronizer$ConditionObject.await(AbstractQueuedSynchronizer.java:2039)&#10;        at java.util.concurrent.ArrayBlockingQueue.take(ArrayBlockingQueue.java:403)&#10;        at java.util.concurrent.ThreadPoolExecutor.getTask(ThreadPoolExecutor.java:1074)&#10;        at java.util.concurrent.ThreadPoolExecutor.runWorker(ThreadPoolExecutor.java:1134)&#10;        at java.util.concurrent.ThreadPoolExecutor$Worker.run(ThreadPoolExecutor.java:624)&#10;        at java.lang.Thread.run(Thread.java:748)&#10;&quot;java.util.concurrent.ThreadPoolExecutor$Worker@7cfcadfd[State = -1, empty queue]&quot; daemon prio=5 tid=1844 timed_waiting&#10;java.lang.Thread.State: TIMED_WAITING&#10;        at sun.misc.Unsafe.park(Native Method)&#10;        at java.util.concurrent.locks.LockSupport.parkNanos(LockSupport.java:215)&#10;        at java.util.concurrent.locks.AbstractQueuedSynchronizer$ConditionObject.awaitNanos(AbstractQueuedSynchronizer.java:2078)&#10;        at java.util.concurrent.ScheduledThreadPoolExecutor$DelayedWorkQueue.take(ScheduledThreadPoolExecutor.java:1093)&#10;        at java.util.concurrent.ScheduledThreadPoolExecutor$DelayedWorkQueue.take(ScheduledThreadPoolExecutor.java:809)&#10;        at java.util.concurrent.ThreadPoolExecutor.getTask(ThreadPoolExecutor.java:1074)&#10;        at java.util.concurrent.ThreadPoolExecutor.runWorker(ThreadPoolExecutor.java:1134)&#10;        at java.util.concurrent.ThreadPoolExecutor$Worker.run(ThreadPoolExecutor.java:624)&#10;        at java.lang.Thread.run(Thread.java:748)&#10;&quot;pool-66-thread-53&quot;  prio=5 tid=615 in Object.wait()&#10;java.lang.Thread.State: WAITING (on object monitor)&#10;        at sun.misc.Unsafe.park(Native Method)&#10;        at java.util.concurrent.locks.LockSupport.park(LockSupport.java:175)&#10;        at java.util.concurrent.locks.AbstractQueuedSynchronizer$ConditionObject.await(AbstractQueuedSynchronizer.java:2039)&#10;        at java.util.concurrent.ArrayBlockingQueue.take(ArrayBlockingQueue.java:403)&#10;        at java.util.concurrent.ThreadPoolExecutor.getTask(ThreadPoolExecutor.java:1074)&#10;        at java.util.concurrent.ThreadPoolExecutor.runWorker(ThreadPoolExecutor.java:1134)&#10;        at java.util.concurrent.ThreadPoolExecutor$Worker.run(ThreadPoolExecutor.java:624)&#10;        at java.lang.Thread.run(Thread.java:748)&#10;&quot;qtp1680841335-243&quot; daemon prio=5 tid=243 timed_waiting&#10;java.lang.Thread.State: TIMED_WAITING&#10;        at sun.misc.Unsafe.park(Native Method)&#10;        at java.util.concurrent.locks.LockSupport.parkNanos(LockSupport.java:215)&#10;        at java.util.concurrent.locks.AbstractQueuedSynchronizer$ConditionObject.awaitNanos(AbstractQueuedSynchronizer.java:2078)&#10;        at org.eclipse.jetty.util.BlockingArrayQueue.poll(BlockingArrayQueue.java:392)&#10;        at org.eclipse.jetty.util.thread.QueuedThreadPool.idleJobPoll(QueuedThreadPool.java:563)&#10;        at org.eclipse.jetty.util.thread.QueuedThreadPool.access$800(QueuedThreadPool.java:48)&#10;        at org.eclipse.jetty.util.thread.QueuedThreadPool$2.run(QueuedThreadPool.java:626)&#10;        at java.lang.Thread.run(Thread.java:748)&#10;&quot;pool-56-thread-43&quot;  prio=5 tid=537 in Object.wait()&#10;java.lang.Thread.State: WAITING (on object monitor)&#10;        at sun.misc.Unsafe.park(Native Method)&#10;        at java.util.concurrent.locks.LockSupport.park(LockSupport.java:175)&#10;        at java.util.concurrent.locks.AbstractQueuedSynchronizer$ConditionObject.await(AbstractQueuedSynchronizer.java:2039)&#10;        at java.util.concurrent.ArrayBlockingQueue.take(ArrayBlockingQueue.java:403)&#10;        at java.util.concurrent.ThreadPoolExecutor.getTask(ThreadPoolExecutor.java:1074)&#10;        at java.util.concurrent.ThreadPoolExecutor.runWorker(ThreadPoolExecutor.java:1134)&#10;        at java.util.concurrent.ThreadPoolExecutor$Worker.run(ThreadPoolExecutor.java:624)&#10;        at java.lang.Thread.run(Thread.java:748)&#10;&quot;pool-46-thread-36&quot;  prio=5 tid=469 in Object.wait()&#10;java.lang.Thread.State: WAITING (on object monitor)&#10;        at sun.misc.Unsafe.park(Native Method)&#10;        at java.util.concurrent.locks.LockSupport.park(LockSupport.java:175)&#10;        at java.util.concurrent.locks.AbstractQueuedSynchronizer$ConditionObject.await(AbstractQueuedSynchronizer.java:2039)&#10;        at java.util.concurrent.ArrayBlockingQueue.take(ArrayBlockingQueue.java:403)&#10;        at java.util.concurrent.ThreadPoolExecutor.getTask(ThreadPoolExecutor.java:1074)&#10;        at java.util.concurrent.ThreadPoolExecutor.runWorker(ThreadPoolExecutor.java:1134)&#10;        at java.util.concurrent.ThreadPoolExecutor$Worker.run(ThreadPoolExecutor.java:624)&#10;        at java.lang.Thread.run(Thread.java:748)&#10;&quot;org.apache.ratis.server.impl.LogAppender$AppenderDaemon$$Lambda$418/858148741@999c782&quot; daemon prio=5 tid=1826 timed_waiting&#10;java.lang.Thread.State: TIMED_WAITING&#10;        at java.lang.Object.wait(Native Method)&#10;        at org.apache.ratis.grpc.server.GrpcLogAppender.mayWait(GrpcLogAppender.java:141)&#10;        at org.apache.ratis.grpc.server.GrpcLogAppender.runAppenderImpl(GrpcLogAppender.java:95)&#10;        at org.apache.ratis.server.impl.LogAppender$AppenderDaemon.run(LogAppender.java:76)&#10;        at org.apache.ratis.server.impl.LogAppender$AppenderDaemon$$Lambda$418/858148741.run(Unknown Source)&#10;        at java.lang.Thread.run(Thread.java:748)&#10;&quot;IPC Server handler 16 on 45005&quot; daemon prio=5 tid=45 timed_waiting&#10;java.lang.Thread.State: TIMED_WAITING&#10;        at sun.misc.Unsafe.park(Native Method)&#10;        at java.util.concurrent.locks.LockSupport.parkNanos(LockSupport.java:215)&#10;        at java.util.concurrent.locks.AbstractQueuedSynchronizer$ConditionObject.awaitNanos(AbstractQueuedSynchronizer.java:2078)&#10;        at java.util.concurrent.LinkedBlockingQueue.poll(LinkedBlockingQueue.java:467)&#10;        at org.apache.hadoop.ipc.CallQueueManager.take(CallQueueManager.java:288)&#10;        at org.apache.hadoop.ipc.Server$Handler.run(Server.java:2668)&#10;&quot;IPC Server handler 19 on 45005&quot; daemon prio=5 tid=48 timed_waiting&#10;java.lang.Thread.State: TIMED_WAITING&#10;        at sun.misc.Unsafe.park(Native Method)&#10;        at java.util.concurrent.locks.LockSupport.parkNanos(LockSupport.java:215)&#10;        at java.util.concurrent.locks.AbstractQueuedSynchronizer$ConditionObject.awaitNanos(AbstractQueuedSynchronizer.java:2078)&#10;        at java.util.concurrent.LinkedBlockingQueue.poll(LinkedBlockingQueue.java:467)&#10;        at org.apache.hadoop.ipc.CallQueueManager.take(CallQueueManager.java:288)&#10;        at org.apache.hadoop.ipc.Server$Handler.run(Server.java:2668)&#10;&quot;pool-36-thread-50&quot;  prio=5 tid=423 in Object.wait()&#10;java.lang.Thread.State: WAITING (on object monitor)&#10;        at sun.misc.Unsafe.park(Native Method)&#10;        at java.util.concurrent.locks.LockSupport.park(LockSupport.java:175)&#10;        at java.util.concurrent.locks.AbstractQueuedSynchronizer$ConditionObject.await(AbstractQueuedSynchronizer.java:2039)&#10;        at java.util.concurrent.ArrayBlockingQueue.take(ArrayBlockingQueue.java:403)&#10;        at java.util.concurrent.ThreadPoolExecutor.getTask(ThreadPoolExecutor.java:1074)&#10;        at java.util.concurrent.ThreadPoolExecutor.runWorker(ThreadPoolExecutor.java:1134)&#10;        at java.util.concurrent.ThreadPoolExecutor$Worker.run(ThreadPoolExecutor.java:624)&#10;        at java.lang.Thread.run(Thread.java:748)&#10;&quot;pool-76-thread-25&quot;  prio=5 tid=649 in Object.wait()&#10;java.lang.Thread.State: WAITING (on object monitor)&#10;        at sun.misc.Unsafe.park(Native Method)&#10;        at java.util.concurrent.locks.LockSupport.park(LockSupport.java:175)&#10;        at java.util.concurrent.locks.AbstractQueuedSynchronizer$ConditionObject.await(AbstractQueuedSynchronizer.java:2039)&#10;        at java.util.concurrent.ArrayBlockingQueue.take(ArrayBlockingQueue.java:403)&#10;        at java.util.concurrent.ThreadPoolExecutor.getTask(ThreadPoolExecutor.java:1074)&#10;        at java.util.concurrent.ThreadPoolExecutor.runWorker(ThreadPoolExecutor.java:1134)&#10;        at java.util.concurrent.ThreadPoolExecutor$Worker.run(ThreadPoolExecutor.java:624)&#10;        at java.lang.Thread.run(Thread.java:748)&#10;&quot;java.util.concurrent.ThreadPoolExecutor$Worker@2786a71d[State = -1, empty queue]&quot; daemon prio=5 tid=1852 timed_waiting&#10;java.lang.Thread.State: TIMED_WAITING&#10;        at sun.misc.Unsafe.park(Native Method)&#10;        at java.util.concurrent.locks.LockSupport.parkNanos(LockSupport.java:215)&#10;        at java.util.concurrent.locks.AbstractQueuedSynchronizer$ConditionObject.awaitNanos(AbstractQueuedSynchronizer.java:2078)&#10;        at java.util.concurrent.ScheduledThreadPoolExecutor$DelayedWorkQueue.take(ScheduledThreadPoolExecutor.java:1093)&#10;        at java.util.concurrent.ScheduledThreadPoolExecutor$DelayedWorkQueue.take(ScheduledThreadPoolExecutor.java:809)&#10;        at java.util.concurrent.ThreadPoolExecutor.getTask(ThreadPoolExecutor.java:1074)&#10;        at java.util.concurrent.ThreadPoolExecutor.runWorker(ThreadPoolExecutor.java:1134)&#10;        at java.util.concurrent.ThreadPoolExecutor$Worker.run(ThreadPoolExecutor.java:624)&#10;        at java.lang.Thread.run(Thread.java:748)&#10;&quot;pool-26-thread-6&quot;  prio=5 tid=319 in Object.wait()&#10;java.lang.Thread.State: WAITING (on object monitor)&#10;        at sun.misc.Unsafe.park(Native Method)&#10;        at java.util.concurrent.locks.LockSupport.park(LockSupport.java:175)&#10;        at java.util.concurrent.locks.AbstractQueuedSynchronizer$ConditionObject.await(AbstractQueuedSynchronizer.java:2039)&#10;        at java.util.concurrent.ArrayBlockingQueue.take(ArrayBlockingQueue.java:403)&#10;        at java.util.concurrent.ThreadPoolExecutor.getTask(ThreadPoolExecutor.java:1074)&#10;        at java.util.concurrent.ThreadPoolExecutor.runWorker(ThreadPoolExecutor.java:1134)&#10;        at java.util.concurrent.ThreadPoolExecutor$Worker.run(ThreadPoolExecutor.java:624)&#10;        at java.lang.Thread.run(Thread.java:748)&#10;&quot;pool-66-thread-9&quot;  prio=5 tid=571 in Object.wait()&#10;java.lang.Thread.State: WAITING (on object monitor)&#10;        at sun.misc.Unsafe.park(Native Method)&#10;        at java.util.concurrent.locks.LockSupport.park(LockSupport.java:175)&#10;        at java.util.concurrent.locks.AbstractQueuedSynchronizer$ConditionObject.await(AbstractQueuedSynchronizer.java:2039)&#10;        at java.util.concurrent.ArrayBlockingQueue.take(ArrayBlockingQueue.java:403)&#10;        at java.util.concurrent.ThreadPoolExecutor.getTask(ThreadPoolExecutor.java:1074)&#10;        at java.util.concurrent.ThreadPoolExecutor.runWorker(ThreadPoolExecutor.java:1134)&#10;        at java.util.concurrent.ThreadPoolExecutor$Worker.run(ThreadPoolExecutor.java:624)&#10;        at java.lang.Thread.run(Thread.java:748)&#10;&quot;Thread-1224&quot; daemon prio=5 tid=1816 timed_waiting&#10;java.lang.Thread.State: TIMED_WAITING&#10;        at sun.misc.Unsafe.park(Native Method)&#10;        at java.util.concurrent.locks.LockSupport.parkNanos(LockSupport.java:215)&#10;        at java.util.concurrent.locks.AbstractQueuedSynchronizer$ConditionObject.awaitNanos(AbstractQueuedSynchronizer.java:2078)&#10;        at java.util.concurrent.ArrayBlockingQueue.poll(ArrayBlockingQueue.java:418)&#10;        at org.apache.ratis.server.impl.LeaderState$EventQueue.poll(LeaderState.java:115)&#10;        at org.apache.ratis.server.impl.LeaderState$EventProcessor.run(LeaderState.java:457)&#10;&quot;metrics-hadoop-metrics2-reporter-55-thread-1&quot; daemon prio=5 tid=1830 timed_waiting&#10;java.lang.Thread.State: TIMED_WAITING&#10;        at sun.misc.Unsafe.park(Native Method)&#10;        at java.util.concurrent.locks.LockSupport.parkNanos(LockSupport.java:215)&#10;        at java.util.concurrent.locks.AbstractQueuedSynchronizer$ConditionObject.awaitNanos(AbstractQueuedSynchronizer.java:2078)&#10;        at java.util.concurrent.ScheduledThreadPoolExecutor$DelayedWorkQueue.take(ScheduledThreadPoolExecutor.java:1093)&#10;        at java.util.concurrent.ScheduledThreadPoolExecutor$DelayedWorkQueue.take(ScheduledThreadPoolExecutor.java:809)&#10;        at java.util.concurrent.ThreadPoolExecutor.getTask(ThreadPoolExecutor.java:1074)&#10;        at java.util.concurrent.ThreadPoolExecutor.runWorker(ThreadPoolExecutor.java:1134)&#10;        at java.util.concurrent.ThreadPoolExecutor$Worker.run(ThreadPoolExecutor.java:624)&#10;        at java.lang.Thread.run(Thread.java:748)&#10;&quot;pool-66-thread-2&quot;  prio=5 tid=564 in Object.wait()&#10;java.lang.Thread.State: WAITING (on object monitor)&#10;        at sun.misc.Unsafe.park(Native Method)&#10;        at java.util.concurrent.locks.LockSupport.park(LockSupport.java:175)&#10;        at java.util.concurrent.locks.AbstractQueuedSynchronizer$ConditionObject.await(AbstractQueuedSynchronizer.java:2039)&#10;        at java.util.concurrent.ArrayBlockingQueue.take(ArrayBlockingQueue.java:403)&#10;        at java.util.concurrent.ThreadPoolExecutor.getTask(ThreadPoolExecutor.java:1074)&#10;        at java.util.concurrent.ThreadPoolExecutor.runWorker(ThreadPoolExecutor.java:1134)&#10;        at java.util.concurrent.ThreadPoolExecutor$Worker.run(ThreadPoolExecutor.java:624)&#10;        at java.lang.Thread.run(Thread.java:748)&#10;&quot;pool-66-thread-3&quot;  prio=5 tid=565 in Object.wait()&#10;java.lang.Thread.State: WAITING (on object monitor)&#10;        at sun.misc.Unsafe.park(Native Method)&#10;        at java.util.concurrent.locks.LockSupport.park(LockSupport.java:175)&#10;        at java.util.concurrent.locks.AbstractQueuedSynchronizer$ConditionObject.await(AbstractQueuedSynchronizer.java:2039)&#10;        at java.util.concurrent.ArrayBlockingQueue.take(ArrayBlockingQueue.java:403)&#10;        at java.util.concurrent.ThreadPoolExecutor.getTask(ThreadPoolExecutor.java:1074)&#10;        at java.util.concurrent.ThreadPoolExecutor.runWorker(ThreadPoolExecutor.java:1134)&#10;        at java.util.concurrent.ThreadPoolExecutor$Worker.run(ThreadPoolExecutor.java:624)&#10;        at java.lang.Thread.run(Thread.java:748)&#10;&quot;pool-56-thread-3&quot;  prio=5 tid=497 in Object.wait()&#10;java.lang.Thread.State: WAITING (on object monitor)&#10;        at sun.misc.Unsafe.park(Native Method)&#10;        at java.util.concurrent.locks.LockSupport.park(LockSupport.java:175)&#10;        at java.util.concurrent.locks.AbstractQueuedSynchronizer$ConditionObject.await(AbstractQueuedSynchronizer.java:2039)&#10;        at java.util.concurrent.ArrayBlockingQueue.take(ArrayBlockingQueue.java:403)&#10;        at java.util.concurrent.ThreadPoolExecutor.getTask(ThreadPoolExecutor.java:1074)&#10;        at java.util.concurrent.ThreadPoolExecutor.runWorker(ThreadPoolExecutor.java:1134)&#10;        at java.util.concurrent.ThreadPoolExecutor$Worker.run(ThreadPoolExecutor.java:624)&#10;        at java.lang.Thread.run(Thread.java:748)&#10;&quot;pool-36-thread-57&quot;  prio=5 tid=430 in Object.wait()&#10;java.lang.Thread.State: WAITING (on object monitor)&#10;        at sun.misc.Unsafe.park(Native Method)&#10;        at java.util.concurrent.locks.LockSupport.park(LockSupport.java:175)&#10;        at java.util.concurrent.locks.AbstractQueuedSynchronizer$ConditionObject.await(AbstractQueuedSynchronizer.java:2039)&#10;        at java.util.concurrent.ArrayBlockingQueue.take(ArrayBlockingQueue.java:403)&#10;        at java.util.concurrent.ThreadPoolExecutor.getTask(ThreadPoolExecutor.java:1074)&#10;        at java.util.concurrent.ThreadPoolExecutor.runWorker(ThreadPoolExecutor.java:1134)&#10;        at java.util.concurrent.ThreadPoolExecutor$Worker.run(ThreadPoolExecutor.java:624)&#10;        at java.lang.Thread.run(Thread.java:748)&#10;&quot;Thread-456&quot; daemon prio=5 tid=1039 timed_waiting&#10;java.lang.Thread.State: TIMED_WAITING&#10;        at sun.misc.Unsafe.park(Native Method)&#10;        at java.util.concurrent.locks.LockSupport.parkNanos(LockSupport.java:215)&#10;        at java.util.concurrent.locks.AbstractQueuedSynchronizer$ConditionObject.awaitNanos(AbstractQueuedSynchronizer.java:2078)&#10;        at java.util.concurrent.ArrayBlockingQueue.poll(ArrayBlockingQueue.java:418)&#10;        at org.apache.ratis.server.impl.LeaderState$EventQueue.poll(LeaderState.java:115)&#10;        at org.apache.ratis.server.impl.LeaderState$EventProcessor.run(LeaderState.java:457)&#10;&quot;e081c0a5-acfc-4a29-8262-ee158adf5b11@group-34523102FCC0-SegmentedRaftLogWorker&quot;  prio=5 tid=900 timed_waiting&#10;java.lang.Thread.State: TIMED_WAITING&#10;        at sun.misc.Unsafe.park(Native Method)&#10;        at java.util.concurrent.locks.LockSupport.parkNanos(LockSupport.java:215)&#10;        at java.util.concurrent.locks.AbstractQueuedSynchronizer$ConditionObject.awaitNanos(AbstractQueuedSynchronizer.java:2078)&#10;        at org.apache.ratis.util.DataBlockingQueue.poll(DataBlockingQueue.java:137)&#10;        at org.apache.ratis.server.raftlog.segmented.SegmentedRaftLogWorker.run(SegmentedRaftLogWorker.java:283)&#10;        at java.lang.Thread.run(Thread.java:748)&#10;&quot;pool-46-thread-27&quot;  prio=5 tid=460 in Object.wait()&#10;java.lang.Thread.State: WAITING (on object monitor)&#10;        at sun.misc.Unsafe.park(Native Method)&#10;        at java.util.concurrent.locks.LockSupport.park(LockSupport.java:175)&#10;        at java.util.concurrent.locks.AbstractQueuedSynchronizer$ConditionObject.await(AbstractQueuedSynchronizer.java:2039)&#10;        at java.util.concurrent.ArrayBlockingQueue.take(ArrayBlockingQueue.java:403)&#10;        at java.util.concurrent.ThreadPoolExecutor.getTask(ThreadPoolExecutor.java:1074)&#10;        at java.util.concurrent.ThreadPoolExecutor.runWorker(ThreadPoolExecutor.java:1134)&#10;        at java.util.concurrent.ThreadPoolExecutor$Worker.run(ThreadPoolExecutor.java:624)&#10;        at java.lang.Thread.run(Thread.java:748)&#10;&quot;pool-76-thread-22&quot;  prio=5 tid=646 in Object.wait()&#10;java.lang.Thread.State: WAITING (on object monitor)&#10;        at sun.misc.Unsafe.park(Native Method)&#10;        at java.util.concurrent.locks.LockSupport.park(LockSupport.java:175)&#10;        at java.util.concurrent.locks.AbstractQueuedSynchronizer$ConditionObject.await(AbstractQueuedSynchronizer.java:2039)&#10;        at java.util.concurrent.ArrayBlockingQueue.take(ArrayBlockingQueue.java:403)&#10;        at java.util.concurrent.ThreadPoolExecutor.getTask(ThreadPoolExecutor.java:1074)&#10;        at java.util.concurrent.ThreadPoolExecutor.runWorker(ThreadPoolExecutor.java:1134)&#10;        at java.util.concurrent.ThreadPoolExecutor$Worker.run(ThreadPoolExecutor.java:624)&#10;        at java.lang.Thread.run(Thread.java:748)&#10;&quot;pool-66-thread-44&quot;  prio=5 tid=606 in Object.wait()&#10;java.lang.Thread.State: WAITING (on object monitor)&#10;        at sun.misc.Unsafe.park(Native Method)&#10;        at java.util.concurrent.locks.LockSupport.park(LockSupport.java:175)&#10;        at java.util.concurrent.locks.AbstractQueuedSynchronizer$ConditionObject.await(AbstractQueuedSynchronizer.java:2039)&#10;        at java.util.concurrent.ArrayBlockingQueue.take(ArrayBlockingQueue.java:403)&#10;        at java.util.concurrent.ThreadPoolExecutor.getTask(ThreadPoolExecutor.java:1074)&#10;        at java.util.concurrent.ThreadPoolExecutor.runWorker(ThreadPoolExecutor.java:1134)&#10;        at java.util.concurrent.ThreadPoolExecutor$Worker.run(ThreadPoolExecutor.java:624)&#10;        at java.lang.Thread.run(Thread.java:748)&#10;&quot;pool-26-thread-22&quot;  prio=5 tid=335 in Object.wait()&#10;java.lang.Thread.State: WAITING (on object monitor)&#10;        at sun.misc.Unsafe.park(Native Method)&#10;        at java.util.concurrent.locks.LockSupport.park(LockSupport.java:175)&#10;        at java.util.concurrent.locks.AbstractQueuedSynchronizer$ConditionObject.await(AbstractQueuedSynchronizer.java:2039)&#10;        at java.util.concurrent.ArrayBlockingQueue.take(ArrayBlockingQueue.java:403)&#10;        at java.util.concurrent.ThreadPoolExecutor.getTask(ThreadPoolExecutor.java:1074)&#10;        at java.util.concurrent.ThreadPoolExecutor.runWorker(ThreadPoolExecutor.java:1134)&#10;        at java.util.concurrent.ThreadPoolExecutor$Worker.run(ThreadPoolExecutor.java:624)&#10;        at java.lang.Thread.run(Thread.java:748)&#10;&quot;pool-36-thread-58&quot;  prio=5 tid=431 in Object.wait()&#10;java.lang.Thread.State: WAITING (on object monitor)&#10;        at sun.misc.Unsafe.park(Native Method)&#10;        at java.util.concurrent.locks.LockSupport.park(LockSupport.java:175)&#10;        at java.util.concurrent.locks.AbstractQueuedSynchronizer$ConditionObject.await(AbstractQueuedSynchronizer.java:2039)&#10;        at java.util.concurrent.ArrayBlockingQueue.take(ArrayBlockingQueue.java:403)&#10;        at java.util.concurrent.ThreadPoolExecutor.getTask(ThreadPoolExecutor.java:1074)&#10;        at java.util.concurrent.ThreadPoolExecutor.runWorker(ThreadPoolExecutor.java:1134)&#10;        at java.util.concurrent.ThreadPoolExecutor$Worker.run(ThreadPoolExecutor.java:624)&#10;        at java.lang.Thread.run(Thread.java:748)&#10;&quot;IPC Server handler 9 on 40029&quot; daemon prio=5 tid=78 timed_waiting&#10;java.lang.Thread.State: TIMED_WAITING&#10;        at sun.misc.Unsafe.park(Native Method)&#10;        at java.util.concurrent.locks.LockSupport.parkNanos(LockSupport.java:215)&#10;        at java.util.concurrent.locks.AbstractQueuedSynchronizer$ConditionObject.awaitNanos(AbstractQueuedSynchronizer.java:2078)&#10;        at java.util.concurrent.LinkedBlockingQueue.poll(LinkedBlockingQueue.java:467)&#10;        at org.apache.hadoop.ipc.CallQueueManager.take(CallQueueManager.java:288)&#10;        at org.apache.hadoop.ipc.Server$Handler.run(Server.java:2668)&#10;&quot;qtp83534488-218&quot; daemon prio=5 tid=218 timed_waiting&#10;java.lang.Thread.State: TIMED_WAITING&#10;        at sun.misc.Unsafe.park(Native Method)&#10;        at java.util.concurrent.locks.LockSupport.parkNanos(LockSupport.java:215)&#10;        at java.util.concurrent.locks.AbstractQueuedSynchronizer$ConditionObject.awaitNanos(AbstractQueuedSynchronizer.java:2078)&#10;        at org.eclipse.jetty.util.BlockingArrayQueue.poll(BlockingArrayQueue.java:392)&#10;        at org.eclipse.jetty.util.thread.QueuedThreadPool.idleJobPoll(QueuedThreadPool.java:563)&#10;        at org.eclipse.jetty.util.thread.QueuedThreadPool.access$800(QueuedThreadPool.java:48)&#10;        at org.eclipse.jetty.util.thread.QueuedThreadPool$2.run(QueuedThreadPool.java:626)&#10;        at java.lang.Thread.run(Thread.java:748)&#10;&quot;IPC Server Responder&quot; daemon prio=5 tid=17 runnable&#10;java.lang.Thread.State: RUNNABLE&#10;        at sun.nio.ch.EPollArrayWrapper.epollWait(Native Method)&#10;        at sun.nio.ch.EPollArrayWrapper.poll(EPollArrayWrapper.java:269)&#10;        at sun.nio.ch.EPollSelectorImpl.doSelect(EPollSelectorImpl.java:93)&#10;        at sun.nio.ch.SelectorImpl.lockAndDoSelect(SelectorImpl.java:86)&#10;        at sun.nio.ch.SelectorImpl.select(SelectorImpl.java:97)&#10;        at org.apache.hadoop.ipc.Server$Responder.doRunLoop(Server.java:1334)&#10;        at org.apache.hadoop.ipc.Server$Responder.run(Server.java:1317)&#10;&quot;pool-26-thread-34&quot;  prio=5 tid=347 in Object.wait()&#10;java.lang.Thread.State: WAITING (on object monitor)&#10;        at sun.misc.Unsafe.park(Native Method)&#10;        at java.util.concurrent.locks.LockSupport.park(LockSupport.java:175)&#10;        at java.util.concurrent.locks.AbstractQueuedSynchronizer$ConditionObject.await(AbstractQueuedSynchronizer.java:2039)&#10;        at java.util.concurrent.ArrayBlockingQueue.take(ArrayBlockingQueue.java:403)&#10;        at java.util.concurrent.ThreadPoolExecutor.getTask(ThreadPoolExecutor.java:1074)&#10;        at java.util.concurrent.ThreadPoolExecutor.runWorker(ThreadPoolExecutor.java:1134)&#10;        at java.util.concurrent.ThreadPoolExecutor$Worker.run(ThreadPoolExecutor.java:624)&#10;        at java.lang.Thread.run(Thread.java:748)&#10;&quot;BlockDeletingService#2&quot; daemon prio=5 tid=1726 in Object.wait()&#10;java.lang.Thread.State: WAITING (on object monitor)&#10;        at sun.misc.Unsafe.park(Native Method)&#10;        at java.util.concurrent.locks.LockSupport.park(LockSupport.java:175)&#10;        at java.util.concurrent.locks.AbstractQueuedSynchronizer$ConditionObject.await(AbstractQueuedSynchronizer.java:2039)&#10;        at java.util.concurrent.ScheduledThreadPoolExecutor$DelayedWorkQueue.take(ScheduledThreadPoolExecutor.java:1088)&#10;        at java.util.concurrent.ScheduledThreadPoolExecutor$DelayedWorkQueue.take(ScheduledThreadPoolExecutor.java:809)&#10;        at java.util.concurrent.ThreadPoolExecutor.getTask(ThreadPoolExecutor.java:1074)&#10;        at java.util.concurrent.ThreadPoolExecutor.runWorker(ThreadPoolExecutor.java:1134)&#10;        at java.util.concurrent.ThreadPoolExecutor$Worker.run(ThreadPoolExecutor.java:624)&#10;        at java.lang.Thread.run(Thread.java:748)&#10;&quot;pool-56-thread-44&quot;  prio=5 tid=538 in Object.wait()&#10;java.lang.Thread.State: WAITING (on object monitor)&#10;        at sun.misc.Unsafe.park(Native Method)&#10;        at java.util.concurrent.locks.LockSupport.park(LockSupport.java:175)&#10;        at java.util.concurrent.locks.AbstractQueuedSynchronizer$ConditionObject.await(AbstractQueuedSynchronizer.java:2039)&#10;        at java.util.concurrent.ArrayBlockingQueue.take(ArrayBlockingQueue.java:403)&#10;        at java.util.concurrent.ThreadPoolExecutor.getTask(ThreadPoolExecutor.java:1074)&#10;        at java.util.concurrent.ThreadPoolExecutor.runWorker(ThreadPoolExecutor.java:1134)&#10;        at java.util.concurrent.ThreadPoolExecutor$Worker.run(ThreadPoolExecutor.java:624)&#10;        at java.lang.Thread.run(Thread.java:748)&#10;&quot;Thread-1177&quot; daemon prio=5 tid=1763 timed_waiting&#10;java.lang.Thread.State: TIMED_WAITING&#10;        at java.lang.Thread.sleep(Native Method)&#10;        at org.apache.ratis.util.JavaUtils.sleep(JavaUtils.java:247)&#10;        at org.apache.ratis.server.impl.FollowerState.run(FollowerState.java:96)&#10;&quot;IPC Server handler 12 on 37215&quot; daemon prio=5 tid=61 timed_waiting&#10;java.lang.Thread.State: TIMED_WAITING&#10;        at sun.misc.Unsafe.park(Native Method)&#10;        at java.util.concurrent.locks.LockSupport.parkNanos(LockSupport.java:215)&#10;        at java.util.concurrent.locks.AbstractQueuedSynchronizer$ConditionObject.awaitNanos(AbstractQueuedSynchronizer.java:2078)&#10;        at java.util.concurrent.LinkedBlockingQueue.poll(LinkedBlockingQueue.java:467)&#10;        at org.apache.hadoop.ipc.CallQueueManager.take(CallQueueManager.java:288)&#10;        at org.apache.hadoop.ipc.Server$Handler.run(Server.java:2668)&#10;&quot;Periodic HDDS volume checker&quot;  prio=5 tid=176 timed_waiting&#10;java.lang.Thread.State: TIMED_WAITING&#10;        at sun.misc.Unsafe.park(Native Method)&#10;        at java.util.concurrent.locks.LockSupport.parkNanos(LockSupport.java:215)&#10;        at java.util.concurrent.locks.AbstractQueuedSynchronizer$ConditionObject.awaitNanos(AbstractQueuedSynchronizer.java:2078)&#10;        at java.util.concurrent.ScheduledThreadPoolExecutor$DelayedWorkQueue.take(ScheduledThreadPoolExecutor.java:1093)&#10;        at java.util.concurrent.ScheduledThreadPoolExecutor$DelayedWorkQueue.take(ScheduledThreadPoolExecutor.java:809)&#10;        at java.util.concurrent.ThreadPoolExecutor.getTask(ThreadPoolExecutor.java:1074)&#10;        at java.util.concurrent.ThreadPoolExecutor.runWorker(ThreadPoolExecutor.java:1134)&#10;        at java.util.concurrent.ThreadPoolExecutor$Worker.run(ThreadPoolExecutor.java:624)&#10;        at java.lang.Thread.run(Thread.java:748)&#10;&quot;pool-76-thread-31&quot;  prio=5 tid=655 in Object.wait()&#10;java.lang.Thread.State: WAITING (on object monitor)&#10;        at sun.misc.Unsafe.park(Native Method)&#10;        at java.util.concurrent.locks.LockSupport.park(LockSupport.java:175)&#10;        at java.util.concurrent.locks.AbstractQueuedSynchronizer$ConditionObject.await(AbstractQueuedSynchronizer.java:2039)&#10;        at java.util.concurrent.ArrayBlockingQueue.take(ArrayBlockingQueue.java:403)&#10;        at java.util.concurrent.ThreadPoolExecutor.getTask(ThreadPoolExecutor.java:1074)&#10;        at java.util.concurrent.ThreadPoolExecutor.runWorker(ThreadPoolExecutor.java:1134)&#10;        at java.util.concurrent.ThreadPoolExecutor$Worker.run(ThreadPoolExecutor.java:624)&#10;        at java.lang.Thread.run(Thread.java:748)&#10;&quot;pool-66-thread-20&quot;  prio=5 tid=582 in Object.wait()&#10;java.lang.Thread.State: WAITING (on object monitor)&#10;        at sun.misc.Unsafe.park(Native Method)&#10;        at java.util.concurrent.locks.LockSupport.park(LockSupport.java:175)&#10;        at java.util.concurrent.locks.AbstractQueuedSynchronizer$ConditionObject.await(AbstractQueuedSynchronizer.java:2039)&#10;        at java.util.concurrent.ArrayBlockingQueue.take(ArrayBlockingQueue.java:403)&#10;        at java.util.concurrent.ThreadPoolExecutor.getTask(ThreadPoolExecutor.java:1074)&#10;        at java.util.concurrent.ThreadPoolExecutor.runWorker(ThreadPoolExecutor.java:1134)&#10;        at java.util.concurrent.ThreadPoolExecutor$Worker.run(ThreadPoolExecutor.java:624)&#10;        at java.lang.Thread.run(Thread.java:748)&#10;&quot;BlockDeletingService#0&quot; daemon prio=5 tid=557 in Object.wait()&#10;java.lang.Thread.State: WAITING (on object monitor)&#10;        at sun.misc.Unsafe.park(Native Method)&#10;        at java.util.concurrent.locks.LockSupport.park(LockSupport.java:175)&#10;        at java.util.concurrent.locks.AbstractQueuedSynchronizer$ConditionObject.await(AbstractQueuedSynchronizer.java:2039)&#10;        at java.util.concurrent.ScheduledThreadPoolExecutor$DelayedWorkQueue.take(ScheduledThreadPoolExecutor.java:1088)&#10;        at java.util.concurrent.ScheduledThreadPoolExecutor$DelayedWorkQueue.take(ScheduledThreadPoolExecutor.java:809)&#10;        at java.util.concurrent.ThreadPoolExecutor.getTask(ThreadPoolExecutor.java:1074)&#10;        at java.util.concurrent.ThreadPoolExecutor.runWorker(ThreadPoolExecutor.java:1134)&#10;        at java.util.concurrent.ThreadPoolExecutor$Worker.run(ThreadPoolExecutor.java:624)&#10;        at java.lang.Thread.run(Thread.java:748)&#10;&quot;org.eclipse.jetty.server.session.HashSessionManager@3d0035d2Timer&quot; daemon prio=5 tid=304 timed_waiting&#10;java.lang.Thread.State: TIMED_WAITING&#10;        at sun.misc.Unsafe.park(Native Method)&#10;        at java.util.concurrent.locks.LockSupport.parkNanos(LockSupport.java:215)&#10;        at java.util.concurrent.locks.AbstractQueuedSynchronizer$ConditionObject.awaitNanos(AbstractQueuedSynchronizer.java:2078)&#10;        at java.util.concurrent.ScheduledThreadPoolExecutor$DelayedWorkQueue.take(ScheduledThreadPoolExecutor.java:1093)&#10;        at java.util.concurrent.ScheduledThreadPoolExecutor$DelayedWorkQueue.take(ScheduledThreadPoolExecutor.java:809)&#10;        at java.util.concurrent.ThreadPoolExecutor.getTask(ThreadPoolExecutor.java:1074)&#10;        at java.util.concurrent.ThreadPoolExecutor.runWorker(ThreadPoolExecutor.java:1134)&#10;        at java.util.concurrent.ThreadPoolExecutor$Worker.run(ThreadPoolExecutor.java:624)&#10;        at java.lang.Thread.run(Thread.java:748)&#10;&quot;pool-76-thread-6&quot;  prio=5 tid=630 in Object.wait()&#10;java.lang.Thread.State: WAITING (on object monitor)&#10;        at sun.misc.Unsafe.park(Native Method)&#10;        at java.util.concurrent.locks.LockSupport.park(LockSupport.java:175)&#10;        at java.util.concurrent.locks.AbstractQueuedSynchronizer$ConditionObject.await(AbstractQueuedSynchronizer.java:2039)&#10;        at java.util.concurrent.ArrayBlockingQueue.take(ArrayBlockingQueue.java:403)&#10;        at java.util.concurrent.ThreadPoolExecutor.getTask(ThreadPoolExecutor.java:1074)&#10;        at java.util.concurrent.ThreadPoolExecutor.runWorker(ThreadPoolExecutor.java:1134)&#10;        at java.util.concurrent.ThreadPoolExecutor$Worker.run(ThreadPoolExecutor.java:624)&#10;        at java.lang.Thread.run(Thread.java:748)&#10;&quot;Datanode ReportManager Thread - 3&quot; daemon prio=5 tid=309 in Object.wait()&#10;java.lang.Thread.State: WAITING (on object monitor)&#10;        at sun.misc.Unsafe.park(Native Method)&#10;        at java.util.concurrent.locks.LockSupport.park(LockSupport.java:175)&#10;        at java.util.concurrent.locks.AbstractQueuedSynchronizer$ConditionObject.await(AbstractQueuedSynchronizer.java:2039)&#10;        at java.util.concurrent.ScheduledThreadPoolExecutor$DelayedWorkQueue.take(ScheduledThreadPoolExecutor.java:1088)&#10;        at java.util.concurrent.ScheduledThreadPoolExecutor$DelayedWorkQueue.take(ScheduledThreadPoolExecutor.java:809)&#10;        at java.util.concurrent.ThreadPoolExecutor.getTask(ThreadPoolExecutor.java:1074)&#10;        at java.util.concurrent.ThreadPoolExecutor.runWorker(ThreadPoolExecutor.java:1134)&#10;        at java.util.concurrent.ThreadPoolExecutor$Worker.run(ThreadPoolExecutor.java:624)&#10;        at java.lang.Thread.run(Thread.java:748)&#10;&quot;qtp219192399-165&quot; daemon prio=5 tid=165 timed_waiting&#10;java.lang.Thread.State: TIMED_WAITING&#10;        at sun.misc.Unsafe.park(Native Method)&#10;        at java.util.concurrent.locks.LockSupport.parkNanos(LockSupport.java:215)&#10;        at java.util.concurrent.locks.AbstractQueuedSynchronizer$ConditionObject.awaitNanos(AbstractQueuedSynchronizer.java:2078)&#10;        at org.eclipse.jetty.util.BlockingArrayQueue.poll(BlockingArrayQueue.java:392)&#10;        at org.eclipse.jetty.util.thread.QueuedThreadPool.idleJobPoll(QueuedThreadPool.java:563)&#10;        at org.eclipse.jetty.util.thread.QueuedThreadPool.access$800(QueuedThreadPool.java:48)&#10;        at org.eclipse.jetty.util.thread.QueuedThreadPool$2.run(QueuedThreadPool.java:626)&#10;        at java.lang.Thread.run(Thread.java:748)&#10;&quot;pool-56-thread-37&quot;  prio=5 tid=531 in Object.wait()&#10;java.lang.Thread.State: WAITING (on object monitor)&#10;        at sun.misc.Unsafe.park(Native Method)&#10;        at java.util.concurrent.locks.LockSupport.park(LockSupport.java:175)&#10;        at java.util.concurrent.locks.AbstractQueuedSynchronizer$ConditionObject.await(AbstractQueuedSynchronizer.java:2039)&#10;        at java.util.concurrent.ArrayBlockingQueue.take(ArrayBlockingQueue.java:403)&#10;        at java.util.concurrent.ThreadPoolExecutor.getTask(ThreadPoolExecutor.java:1074)&#10;        at java.util.concurrent.ThreadPoolExecutor.runWorker(ThreadPoolExecutor.java:1134)&#10;        at java.util.concurrent.ThreadPoolExecutor$Worker.run(ThreadPoolExecutor.java:624)&#10;        at java.lang.Thread.run(Thread.java:748)&#10;&quot;pool-26-thread-26&quot;  prio=5 tid=339 in Object.wait()&#10;java.lang.Thread.State: WAITING (on object monitor)&#10;        at sun.misc.Unsafe.park(Native Method)&#10;        at java.util.concurrent.locks.LockSupport.park(LockSupport.java:175)&#10;        at java.util.concurrent.locks.AbstractQueuedSynchronizer$ConditionObject.await(AbstractQueuedSynchronizer.java:2039)&#10;        at java.util.concurrent.ArrayBlockingQueue.take(ArrayBlockingQueue.java:403)&#10;        at java.util.concurrent.ThreadPoolExecutor.getTask(ThreadPoolExecutor.java:1074)&#10;        at java.util.concurrent.ThreadPoolExecutor.runWorker(ThreadPoolExecutor.java:1134)&#10;        at java.util.concurrent.ThreadPoolExecutor$Worker.run(ThreadPoolExecutor.java:624)&#10;        at java.lang.Thread.run(Thread.java:748)&#10;&quot;IPC Server handler 0 on 37215&quot; daemon prio=5 tid=49 timed_waiting&#10;java.lang.Thread.State: TIMED_WAITING&#10;        at sun.misc.Unsafe.park(Native Method)&#10;        at java.util.concurrent.locks.LockSupport.parkNanos(LockSupport.java:215)&#10;        at java.util.concurrent.locks.AbstractQueuedSynchronizer$ConditionObject.awaitNanos(AbstractQueuedSynchronizer.java:2078)&#10;        at java.util.concurrent.LinkedBlockingQueue.poll(LinkedBlockingQueue.java:467)&#10;        at org.apache.hadoop.ipc.CallQueueManager.take(CallQueueManager.java:288)&#10;        at org.apache.hadoop.ipc.Server$Handler.run(Server.java:2668)&#10;&quot;pool-76-thread-20&quot;  prio=5 tid=644 in Object.wait()&#10;java.lang.Thread.State: WAITING (on object monitor)&#10;        at sun.misc.Unsafe.park(Native Method)&#10;        at java.util.concurrent.locks.LockSupport.park(LockSupport.java:175)&#10;        at java.util.concurrent.locks.AbstractQueuedSynchronizer$ConditionObject.await(AbstractQueuedSynchronizer.java:2039)&#10;        at java.util.concurrent.ArrayBlockingQueue.take(ArrayBlockingQueue.java:403)&#10;        at java.util.concurrent.ThreadPoolExecutor.getTask(ThreadPoolExecutor.java:1074)&#10;        at java.util.concurrent.ThreadPoolExecutor.runWorker(ThreadPoolExecutor.java:1134)&#10;        at java.util.concurrent.ThreadPoolExecutor$Worker.run(ThreadPoolExecutor.java:624)&#10;        at java.lang.Thread.run(Thread.java:748)&#10;&quot;pool-36-thread-33&quot;  prio=5 tid=406 in Object.wait()&#10;java.lang.Thread.State: WAITING (on object monitor)&#10;        at sun.misc.Unsafe.park(Native Method)&#10;        at java.util.concurrent.locks.LockSupport.park(LockSupport.java:175)&#10;        at java.util.concurrent.locks.AbstractQueuedSynchronizer$ConditionObject.await(AbstractQueuedSynchronizer.java:2039)&#10;        at java.util.concurrent.ArrayBlockingQueue.take(ArrayBlockingQueue.java:403)&#10;        at java.util.concurrent.ThreadPoolExecutor.getTask(ThreadPoolExecutor.java:1074)&#10;        at java.util.concurrent.ThreadPoolExecutor.runWorker(ThreadPoolExecutor.java:1134)&#10;        at java.util.concurrent.ThreadPoolExecutor$Worker.run(ThreadPoolExecutor.java:624)&#10;        at java.lang.Thread.run(Thread.java:748)&#10;&quot;Datanode ReportManager Thread - 0&quot; daemon prio=5 tid=252 in Object.wait()&#10;java.lang.Thread.State: WAITING (on object monitor)&#10;        at sun.misc.Unsafe.park(Native Method)&#10;        at java.util.concurrent.locks.LockSupport.park(LockSupport.java:175)&#10;        at java.util.concurrent.locks.AbstractQueuedSynchronizer$ConditionObject.await(AbstractQueuedSynchronizer.java:2039)&#10;        at java.util.concurrent.ScheduledThreadPoolExecutor$DelayedWorkQueue.take(ScheduledThreadPoolExecutor.java:1088)&#10;        at java.util.concurrent.ScheduledThreadPoolExecutor$DelayedWorkQueue.take(ScheduledThreadPoolExecutor.java:809)&#10;        at java.util.concurrent.ThreadPoolExecutor.getTask(ThreadPoolExecutor.java:1074)&#10;        at java.util.concurrent.ThreadPoolExecutor.runWorker(ThreadPoolExecutor.java:1134)&#10;        at java.util.concurrent.ThreadPoolExecutor$Worker.run(ThreadPoolExecutor.java:624)&#10;        at java.lang.Thread.run(Thread.java:748)&#10;&quot;pool-46-thread-19&quot;  prio=5 tid=452 in Object.wait()&#10;java.lang.Thread.State: WAITING (on object monitor)&#10;        at sun.misc.Unsafe.park(Native Method)&#10;        at java.util.concurrent.locks.LockSupport.park(LockSupport.java:175)&#10;        at java.util.concurrent.locks.AbstractQueuedSynchronizer$ConditionObject.await(AbstractQueuedSynchronizer.java:2039)&#10;        at java.util.concurrent.ArrayBlockingQueue.take(ArrayBlockingQueue.java:403)&#10;        at java.util.concurrent.ThreadPoolExecutor.getTask(ThreadPoolExecutor.java:1074)&#10;        at java.util.concurrent.ThreadPoolExecutor.runWorker(ThreadPoolExecutor.java:1134)&#10;        at java.util.concurrent.ThreadPoolExecutor$Worker.run(ThreadPoolExecutor.java:624)&#10;        at java.lang.Thread.run(Thread.java:748)&#10;&quot;Datanode ReportManager Thread - 2&quot; daemon prio=5 tid=227 in Object.wait()&#10;java.lang.Thread.State: WAITING (on object monitor)&#10;        at sun.misc.Unsafe.park(Native Method)&#10;        at java.util.concurrent.locks.LockSupport.park(LockSupport.java:175)&#10;        at java.util.concurrent.locks.AbstractQueuedSynchronizer$ConditionObject.await(AbstractQueuedSynchronizer.java:2039)&#10;        at java.util.concurrent.ScheduledThreadPoolExecutor$DelayedWorkQueue.take(ScheduledThreadPoolExecutor.java:1088)&#10;        at java.util.concurrent.ScheduledThreadPoolExecutor$DelayedWorkQueue.take(ScheduledThreadPoolExecutor.java:809)&#10;        at java.util.concurrent.ThreadPoolExecutor.getTask(ThreadPoolExecutor.java:1074)&#10;        at java.util.concurrent.ThreadPoolExecutor.runWorker(ThreadPoolExecutor.java:1134)&#10;        at java.util.concurrent.ThreadPoolExecutor$Worker.run(ThreadPoolExecutor.java:624)&#10;        at java.lang.Thread.run(Thread.java:748)&#10;&quot;8c24ed06-386e-4085-8931-93c762a64530@group-DBE87B3B08CE-StateMachineUpdater&quot; daemon prio=5 tid=805 in Object.wait()&#10;java.lang.Thread.State: WAITING (on object monitor)&#10;        at java.lang.Object.wait(Native Method)&#10;        at java.lang.Object.wait(Object.java:502)&#10;        at org.apache.ratis.server.impl.StateMachineUpdater.waitForCommit(StateMachineUpdater.java:183)&#10;        at org.apache.ratis.server.impl.StateMachineUpdater.run(StateMachineUpdater.java:148)&#10;        at java.lang.Thread.run(Thread.java:748)&#10;&quot;a7d59ef6-3eca-4628-b097-12d983444e7f@group-DBE87B3B08CE-SegmentedRaftLogWorker&quot;  prio=5 tid=804 timed_waiting&#10;java.lang.Thread.State: TIMED_WAITING&#10;        at sun.misc.Unsafe.park(Native Method)&#10;        at java.util.concurrent.locks.LockSupport.parkNanos(LockSupport.java:215)&#10;        at java.util.concurrent.locks.AbstractQueuedSynchronizer$ConditionObject.awaitNanos(AbstractQueuedSynchronizer.java:2078)&#10;        at org.apache.ratis.util.DataBlockingQueue.poll(DataBlockingQueue.java:137)&#10;        at org.apache.ratis.server.raftlog.segmented.SegmentedRaftLogWorker.run(SegmentedRaftLogWorker.java:283)&#10;        at java.lang.Thread.run(Thread.java:748)&#10;&quot;pool-66-thread-33&quot;  prio=5 tid=595 in Object.wait()&#10;java.lang.Thread.State: WAITING (on object monitor)&#10;        at sun.misc.Unsafe.park(Native Method)&#10;        at java.util.concurrent.locks.LockSupport.park(LockSupport.java:175)&#10;        at java.util.concurrent.locks.AbstractQueuedSynchronizer$ConditionObject.await(AbstractQueuedSynchronizer.java:2039)&#10;        at java.util.concurrent.ArrayBlockingQueue.take(ArrayBlockingQueue.java:403)&#10;        at java.util.concurrent.ThreadPoolExecutor.getTask(ThreadPoolExecutor.java:1074)&#10;        at java.util.concurrent.ThreadPoolExecutor.runWorker(ThreadPoolExecutor.java:1134)&#10;        at java.util.concurrent.ThreadPoolExecutor$Worker.run(ThreadPoolExecutor.java:624)&#10;        at java.lang.Thread.run(Thread.java:748)&#10;&quot;metrics-hadoop-metrics2-reporter-41-thread-1&quot; daemon prio=5 tid=892 timed_waiting&#10;java.lang.Thread.State: TIMED_WAITING&#10;        at sun.misc.Unsafe.park(Native Method)&#10;        at java.util.concurrent.locks.LockSupport.parkNanos(LockSupport.java:215)&#10;        at java.util.concurrent.locks.AbstractQueuedSynchronizer$ConditionObject.awaitNanos(AbstractQueuedSynchronizer.java:2078)&#10;        at java.util.concurrent.ScheduledThreadPoolExecutor$DelayedWorkQueue.take(ScheduledThreadPoolExecutor.java:1093)&#10;        at java.util.concurrent.ScheduledThreadPoolExecutor$DelayedWorkQueue.take(ScheduledThreadPoolExecutor.java:809)&#10;        at java.util.concurrent.ThreadPoolExecutor.getTask(ThreadPoolExecutor.java:1074)&#10;        at java.util.concurrent.ThreadPoolExecutor.runWorker(ThreadPoolExecutor.java:1134)&#10;        at java.util.concurrent.ThreadPoolExecutor$Worker.run(ThreadPoolExecutor.java:624)&#10;        at java.lang.Thread.run(Thread.java:748)&#10;&quot;pool-56-thread-12&quot;  prio=5 tid=506 in Object.wait()&#10;java.lang.Thread.State: WAITING (on object monitor)&#10;        at sun.misc.Unsafe.park(Native Method)&#10;        at java.util.concurrent.locks.LockSupport.park(LockSupport.java:175)&#10;        at java.util.concurrent.locks.AbstractQueuedSynchronizer$ConditionObject.await(AbstractQueuedSynchronizer.java:2039)&#10;        at java.util.concurrent.ArrayBlockingQueue.take(ArrayBlockingQueue.java:403)&#10;        at java.util.concurrent.ThreadPoolExecutor.getTask(ThreadPoolExecutor.java:1074)&#10;        at java.util.concurrent.ThreadPoolExecutor.runWorker(ThreadPoolExecutor.java:1134)&#10;        at java.util.concurrent.ThreadPoolExecutor$Worker.run(ThreadPoolExecutor.java:624)&#10;        at java.lang.Thread.run(Thread.java:748)&#10;&quot;IPC Server handler 11 on 44461&quot; daemon prio=5 tid=126 timed_waiting&#10;java.lang.Thread.State: TIMED_WAITING&#10;        at sun.misc.Unsafe.park(Native Method)&#10;        at java.util.concurrent.locks.LockSupport.parkNanos(LockSupport.java:215)&#10;        at java.util.concurrent.locks.AbstractQueuedSynchronizer$ConditionObject.awaitNanos(AbstractQueuedSynchronizer.java:2078)&#10;        at java.util.concurrent.LinkedBlockingQueue.poll(LinkedBlockingQueue.java:467)&#10;        at org.apache.hadoop.ipc.CallQueueManager.take(CallQueueManager.java:288)&#10;        at org.apache.hadoop.ipc.Server$Handler.run(Server.java:2668)&#10;&quot;org.apache.ratis.server.impl.LogAppender$AppenderDaemon$$Lambda$418/858148741@4e0b9d80&quot; daemon prio=5 tid=1809 timed_waiting&#10;java.lang.Thread.State: TIMED_WAITING&#10;        at java.lang.Object.wait(Native Method)&#10;        at org.apache.ratis.grpc.server.GrpcLogAppender.mayWait(GrpcLogAppender.java:141)&#10;        at org.apache.ratis.grpc.server.GrpcLogAppender.runAppenderImpl(GrpcLogAppender.java:95)&#10;        at org.apache.ratis.server.impl.LogAppender$AppenderDaemon.run(LogAppender.java:76)&#10;        at org.apache.ratis.server.impl.LogAppender$AppenderDaemon$$Lambda$418/858148741.run(Unknown Source)&#10;        at java.lang.Thread.run(Thread.java:748)&#10;&quot;pool-76-thread-58&quot;  prio=5 tid=682 in Object.wait()&#10;java.lang.Thread.State: WAITING (on object monitor)&#10;        at sun.misc.Unsafe.park(Native Method)&#10;        at java.util.concurrent.locks.LockSupport.park(LockSupport.java:175)&#10;        at java.util.concurrent.locks.AbstractQueuedSynchronizer$ConditionObject.await(AbstractQueuedSynchronizer.java:2039)&#10;        at java.util.concurrent.ArrayBlockingQueue.take(ArrayBlockingQueue.java:403)&#10;        at java.util.concurrent.ThreadPoolExecutor.getTask(ThreadPoolExecutor.java:1074)&#10;        at java.util.concurrent.ThreadPoolExecutor.runWorker(ThreadPoolExecutor.java:1134)&#10;        at java.util.concurrent.ThreadPoolExecutor$Worker.run(ThreadPoolExecutor.java:624)&#10;        at java.lang.Thread.run(Thread.java:748)&#10;&quot;Datanode ReportManager Thread - 1&quot; daemon prio=5 tid=226 in Object.wait()&#10;java.lang.Thread.State: WAITING (on object monitor)&#10;        at sun.misc.Unsafe.park(Native Method)&#10;        at java.util.concurrent.locks.LockSupport.park(LockSupport.java:175)&#10;        at java.util.concurrent.locks.AbstractQueuedSynchronizer$ConditionObject.await(AbstractQueuedSynchronizer.java:2039)&#10;        at java.util.concurrent.ScheduledThreadPoolExecutor$DelayedWorkQueue.take(ScheduledThreadPoolExecutor.java:1088)&#10;        at java.util.concurrent.ScheduledThreadPoolExecutor$DelayedWorkQueue.take(ScheduledThreadPoolExecutor.java:809)&#10;        at java.util.concurrent.ThreadPoolExecutor.getTask(ThreadPoolExecutor.java:1074)&#10;        at java.util.concurrent.ThreadPoolExecutor.runWorker(ThreadPoolExecutor.java:1134)&#10;        at java.util.concurrent.ThreadPoolExecutor$Worker.run(ThreadPoolExecutor.java:624)&#10;        at java.lang.Thread.run(Thread.java:748)&#10;&quot;Datanode ReportManager Thread - 1&quot; daemon prio=5 tid=253 in Object.wait()&#10;java.lang.Thread.State: WAITING (on object monitor)&#10;        at sun.misc.Unsafe.park(Native Method)&#10;        at java.util.concurrent.locks.LockSupport.park(LockSupport.java:175)&#10;        at java.util.concurrent.locks.AbstractQueuedSynchronizer$ConditionObject.await(AbstractQueuedSynchronizer.java:2039)&#10;        at java.util.concurrent.ScheduledThreadPoolExecutor$DelayedWorkQueue.take(ScheduledThreadPoolExecutor.java:1088)&#10;        at java.util.concurrent.ScheduledThreadPoolExecutor$DelayedWorkQueue.take(ScheduledThreadPoolExecutor.java:809)&#10;        at java.util.concurrent.ThreadPoolExecutor.getTask(ThreadPoolExecutor.java:1074)&#10;        at java.util.concurrent.ThreadPoolExecutor.runWorker(ThreadPoolExecutor.java:1134)&#10;        at java.util.concurrent.ThreadPoolExecutor$Worker.run(ThreadPoolExecutor.java:624)&#10;        at java.lang.Thread.run(Thread.java:748)&#10;&quot;IPC Server handler 10 on 40029&quot; daemon prio=5 tid=79 timed_waiting&#10;java.lang.Thread.State: TIMED_WAITING&#10;        at sun.misc.Unsafe.park(Native Method)&#10;        at java.util.concurrent.locks.LockSupport.parkNanos(LockSupport.java:215)&#10;        at java.util.concurrent.locks.AbstractQueuedSynchronizer$ConditionObject.awaitNanos(AbstractQueuedSynchronizer.java:2078)&#10;        at java.util.concurrent.LinkedBlockingQueue.poll(LinkedBlockingQueue.java:467)&#10;        at org.apache.hadoop.ipc.CallQueueManager.take(CallQueueManager.java:288)&#10;        at org.apache.hadoop.ipc.Server$Handler.run(Server.java:2668)&#10;&quot;pool-46-thread-6&quot;  prio=5 tid=439 in Object.wait()&#10;java.lang.Thread.State: WAITING (on object monitor)&#10;        at sun.misc.Unsafe.park(Native Method)&#10;        at java.util.concurrent.locks.LockSupport.park(LockSupport.java:175)&#10;        at java.util.concurrent.locks.AbstractQueuedSynchronizer$ConditionObject.await(AbstractQueuedSynchronizer.java:2039)&#10;        at java.util.concurrent.ArrayBlockingQueue.take(ArrayBlockingQueue.java:403)&#10;        at java.util.concurrent.ThreadPoolExecutor.getTask(ThreadPoolExecutor.java:1074)&#10;        at java.util.concurrent.ThreadPoolExecutor.runWorker(ThreadPoolExecutor.java:1134)&#10;        at java.util.concurrent.ThreadPoolExecutor$Worker.run(ThreadPoolExecutor.java:624)&#10;        at java.lang.Thread.run(Thread.java:748)&#10;&quot;pool-36-thread-55&quot;  prio=5 tid=428 in Object.wait()&#10;java.lang.Thread.State: WAITING (on object monitor)&#10;        at sun.misc.Unsafe.park(Native Method)&#10;        at java.util.concurrent.locks.LockSupport.park(LockSupport.java:175)&#10;        at java.util.concurrent.locks.AbstractQueuedSynchronizer$ConditionObject.await(AbstractQueuedSynchronizer.java:2039)&#10;        at java.util.concurrent.ArrayBlockingQueue.take(ArrayBlockingQueue.java:403)&#10;        at java.util.concurrent.ThreadPoolExecutor.getTask(ThreadPoolExecutor.java:1074)&#10;        at java.util.concurrent.ThreadPoolExecutor.runWorker(ThreadPoolExecutor.java:1134)&#10;        at java.util.concurrent.ThreadPoolExecutor$Worker.run(ThreadPoolExecutor.java:624)&#10;        at java.lang.Thread.run(Thread.java:748)&#10;&quot;BlockDeletingService#1&quot; daemon prio=5 tid=624 timed_waiting&#10;java.lang.Thread.State: TIMED_WAITING&#10;        at sun.misc.Unsafe.park(Native Method)&#10;        at java.util.concurrent.locks.LockSupport.parkNanos(LockSupport.java:215)&#10;        at java.util.concurrent.locks.AbstractQueuedSynchronizer$ConditionObject.awaitNanos(AbstractQueuedSynchronizer.java:2078)&#10;        at java.util.concurrent.ScheduledThreadPoolExecutor$DelayedWorkQueue.take(ScheduledThreadPoolExecutor.java:1093)&#10;        at java.util.concurrent.ScheduledThreadPoolExecutor$DelayedWorkQueue.take(ScheduledThreadPoolExecutor.java:809)&#10;        at java.util.concurrent.ThreadPoolExecutor.getTask(ThreadPoolExecutor.java:1074)&#10;        at java.util.concurrent.ThreadPoolExecutor.runWorker(ThreadPoolExecutor.java:1134)&#10;        at java.util.concurrent.ThreadPoolExecutor$Worker.run(ThreadPoolExecutor.java:624)&#10;        at java.lang.Thread.run(Thread.java:748)&#10;&quot;pool-26-thread-25&quot;  prio=5 tid=338 in Object.wait()&#10;java.lang.Thread.State: WAITING (on object monitor)&#10;        at sun.misc.Unsafe.park(Native Method)&#10;        at java.util.concurrent.locks.LockSupport.park(LockSupport.java:175)&#10;        at java.util.concurrent.locks.AbstractQueuedSynchronizer$ConditionObject.await(AbstractQueuedSynchronizer.java:2039)&#10;        at java.util.concurrent.ArrayBlockingQueue.take(ArrayBlockingQueue.java:403)&#10;        at java.util.concurrent.ThreadPoolExecutor.getTask(ThreadPoolExecutor.java:1074)&#10;        at java.util.concurrent.ThreadPoolExecutor.runWorker(ThreadPoolExecutor.java:1134)&#10;        at java.util.concurrent.ThreadPoolExecutor$Worker.run(ThreadPoolExecutor.java:624)&#10;        at java.lang.Thread.run(Thread.java:748)&#10;&quot;pool-36-thread-41&quot;  prio=5 tid=414 in Object.wait()&#10;java.lang.Thread.State: WAITING (on object monitor)&#10;        at sun.misc.Unsafe.park(Native Method)&#10;        at java.util.concurrent.locks.LockSupport.park(LockSupport.java:175)&#10;        at java.util.concurrent.locks.AbstractQueuedSynchronizer$ConditionObject.await(AbstractQueuedSynchronizer.java:2039)&#10;        at java.util.concurrent.ArrayBlockingQueue.take(ArrayBlockingQueue.java:403)&#10;        at java.util.concurrent.ThreadPoolExecutor.getTask(ThreadPoolExecutor.java:1074)&#10;        at java.util.concurrent.ThreadPoolExecutor.runWorker(ThreadPoolExecutor.java:1134)&#10;        at java.util.concurrent.ThreadPoolExecutor$Worker.run(ThreadPoolExecutor.java:624)&#10;        at java.lang.Thread.run(Thread.java:748)&#10;&quot;RatisPipelineUtilsThread&quot;  prio=5 tid=688 timed_waiting&#10;java.lang.Thread.State: TIMED_WAITING&#10;        at sun.misc.Unsafe.park(Native Method)&#10;        at java.util.concurrent.locks.LockSupport.parkNanos(LockSupport.java:215)&#10;        at java.util.concurrent.locks.AbstractQueuedSynchronizer$ConditionObject.awaitNanos(AbstractQueuedSynchronizer.java:2078)&#10;        at java.util.concurrent.ScheduledThreadPoolExecutor$DelayedWorkQueue.take(ScheduledThreadPoolExecutor.java:1093)&#10;        at java.util.concurrent.ScheduledThreadPoolExecutor$DelayedWorkQueue.take(ScheduledThreadPoolExecutor.java:809)&#10;        at java.util.concurrent.ThreadPoolExecutor.getTask(ThreadPoolExecutor.java:1074)&#10;        at java.util.concurrent.ThreadPoolExecutor.runWorker(ThreadPoolExecutor.java:1134)&#10;        at java.util.concurrent.ThreadPoolExecutor$Worker.run(ThreadPoolExecutor.java:624)&#10;        at java.lang.Thread.run(Thread.java:748)&#10;&quot;grpc-default-worker-ELG-3-1&quot; daemon prio=5 tid=698 runnable&#10;java.lang.Thread.State: RUNNABLE&#10;        at sun.nio.ch.EPollArrayWrapper.epollWait(Native Method)&#10;        at sun.nio.ch.EPollArrayWrapper.poll(EPollArrayWrapper.java:269)&#10;        at sun.nio.ch.EPollSelectorImpl.doSelect(EPollSelectorImpl.java:93)&#10;        at sun.nio.ch.SelectorImpl.lockAndDoSelect(SelectorImpl.java:86)&#10;        at sun.nio.ch.SelectorImpl.select(SelectorImpl.java:97)&#10;        at org.apache.ratis.thirdparty.io.netty.channel.nio.SelectedSelectionKeySetSelector.select(SelectedSelectionKeySetSelector.java:62)&#10;        at org.apache.ratis.thirdparty.io.netty.channel.nio.NioEventLoop.select(NioEventLoop.java:753)&#10;        at org.apache.ratis.thirdparty.io.netty.channel.nio.NioEventLoop.run(NioEventLoop.java:408)&#10;        at org.apache.ratis.thirdparty.io.netty.util.concurrent.SingleThreadEventExecutor$5.run(SingleThreadEventExecutor.java:897)&#10;        at org.apache.ratis.thirdparty.io.netty.util.concurrent.FastThreadLocalRunnable.run(FastThreadLocalRunnable.java:30)&#10;        at java.lang.Thread.run(Thread.java:748)&#10;&quot;pool-66-thread-30&quot;  prio=5 tid=592 in Object.wait()&#10;java.lang.Thread.State: WAITING (on object monitor)&#10;        at sun.misc.Unsafe.park(Native Method)&#10;        at java.util.concurrent.locks.LockSupport.park(LockSupport.java:175)&#10;        at java.util.concurrent.locks.AbstractQueuedSynchronizer$ConditionObject.await(AbstractQueuedSynchronizer.java:2039)&#10;        at java.util.concurrent.ArrayBlockingQueue.take(ArrayBlockingQueue.java:403)&#10;        at java.util.concurrent.ThreadPoolExecutor.getTask(ThreadPoolExecutor.java:1074)&#10;        at java.util.concurrent.ThreadPoolExecutor.runWorker(ThreadPoolExecutor.java:1134)&#10;        at java.util.concurrent.ThreadPoolExecutor$Worker.run(ThreadPoolExecutor.java:624)&#10;        at java.lang.Thread.run(Thread.java:748)&#10;&quot;Thread-1163&quot; daemon prio=5 tid=1749 timed_waiting&#10;java.lang.Thread.State: TIMED_WAITING&#10;        at java.lang.Thread.sleep(Native Method)&#10;        at org.apache.ratis.util.JavaUtils.sleep(JavaUtils.java:247)&#10;        at org.apache.ratis.server.impl.FollowerState.run(FollowerState.java:96)&#10;&quot;org.apache.ratis.server.impl.LogAppender$AppenderDaemon$$Lambda$418/858148741@70e6eb72&quot; daemon prio=5 tid=1812 timed_waiting&#10;java.lang.Thread.State: TIMED_WAITING&#10;        at java.lang.Object.wait(Native Method)&#10;        at org.apache.ratis.grpc.server.GrpcLogAppender.mayWait(GrpcLogAppender.java:141)&#10;        at org.apache.ratis.grpc.server.GrpcLogAppender.runAppenderImpl(GrpcLogAppender.java:95)&#10;        at org.apache.ratis.server.impl.LogAppender$AppenderDaemon.run(LogAppender.java:76)&#10;        at org.apache.ratis.server.impl.LogAppender$AppenderDaemon$$Lambda$418/858148741.run(Unknown Source)&#10;        at java.lang.Thread.run(Thread.java:748)&#10;&quot;pool-26-thread-33&quot;  prio=5 tid=346 in Object.wait()&#10;java.lang.Thread.State: WAITING (on object monitor)&#10;        at sun.misc.Unsafe.park(Native Method)&#10;        at java.util.concurrent.locks.LockSupport.park(LockSupport.java:175)&#10;        at java.util.concurrent.locks.AbstractQueuedSynchronizer$ConditionObject.await(AbstractQueuedSynchronizer.java:2039)&#10;        at java.util.concurrent.ArrayBlockingQueue.take(ArrayBlockingQueue.java:403)&#10;        at java.util.concurrent.ThreadPoolExecutor.getTask(ThreadPoolExecutor.java:1074)&#10;        at java.util.concurrent.ThreadPoolExecutor.runWorker(ThreadPoolExecutor.java:1134)&#10;        at java.util.concurrent.ThreadPoolExecutor$Worker.run(ThreadPoolExecutor.java:624)&#10;        at java.lang.Thread.run(Thread.java:748)&#10;&quot;IPC Server handler 14 on 40029&quot; daemon prio=5 tid=83 timed_waiting&#10;java.lang.Thread.State: TIMED_WAITING&#10;        at sun.misc.Unsafe.park(Native Method)&#10;        at java.util.concurrent.locks.LockSupport.parkNanos(LockSupport.java:215)&#10;        at java.util.concurrent.locks.AbstractQueuedSynchronizer$ConditionObject.awaitNanos(AbstractQueuedSynchronizer.java:2078)&#10;        at java.util.concurrent.LinkedBlockingQueue.poll(LinkedBlockingQueue.java:467)&#10;        at org.apache.hadoop.ipc.CallQueueManager.take(CallQueueManager.java:288)&#10;        at org.apache.hadoop.ipc.Server$Handler.run(Server.java:2668)&#10;&quot;pool-66-thread-34&quot;  prio=5 tid=596 in Object.wait()&#10;java.lang.Thread.State: WAITING (on object monitor)&#10;        at sun.misc.Unsafe.park(Native Method)&#10;        at java.util.concurrent.locks.LockSupport.park(LockSupport.java:175)&#10;        at java.util.concurrent.locks.AbstractQueuedSynchronizer$ConditionObject.await(AbstractQueuedSynchronizer.java:2039)&#10;        at java.util.concurrent.ArrayBlockingQueue.take(ArrayBlockingQueue.java:403)&#10;        at java.util.concurrent.ThreadPoolExecutor.getTask(ThreadPoolExecutor.java:1074)&#10;        at java.util.concurrent.ThreadPoolExecutor.runWorker(ThreadPoolExecutor.java:1134)&#10;        at java.util.concurrent.ThreadPoolExecutor$Worker.run(ThreadPoolExecutor.java:624)&#10;        at java.lang.Thread.run(Thread.java:748)&#10;&quot;pool-36-thread-24&quot;  prio=5 tid=397 in Object.wait()&#10;java.lang.Thread.State: WAITING (on object monitor)&#10;        at sun.misc.Unsafe.park(Native Method)&#10;        at java.util.concurrent.locks.LockSupport.park(LockSupport.java:175)&#10;        at java.util.concurrent.locks.AbstractQueuedSynchronizer$ConditionObject.await(AbstractQueuedSynchronizer.java:2039)&#10;        at java.util.concurrent.ArrayBlockingQueue.take(ArrayBlockingQueue.java:403)&#10;        at java.util.concurrent.ThreadPoolExecutor.getTask(ThreadPoolExecutor.java:1074)&#10;        at java.util.concurrent.ThreadPoolExecutor.runWorker(ThreadPoolExecutor.java:1134)&#10;        at java.util.concurrent.ThreadPoolExecutor$Worker.run(ThreadPoolExecutor.java:624)&#10;        at java.lang.Thread.run(Thread.java:748)&#10;&quot;qtp219192399-166&quot; daemon prio=5 tid=166 timed_waiting&#10;java.lang.Thread.State: TIMED_WAITING&#10;        at sun.misc.Unsafe.park(Native Method)&#10;        at java.util.concurrent.locks.LockSupport.parkNanos(LockSupport.java:215)&#10;        at java.util.concurrent.locks.AbstractQueuedSynchronizer$ConditionObject.awaitNanos(AbstractQueuedSynchronizer.java:2078)&#10;        at org.eclipse.jetty.util.BlockingArrayQueue.poll(BlockingArrayQueue.java:392)&#10;        at org.eclipse.jetty.util.thread.QueuedThreadPool.idleJobPoll(QueuedThreadPool.java:563)&#10;        at org.eclipse.jetty.util.thread.QueuedThreadPool.access$800(QueuedThreadPool.java:48)&#10;        at org.eclipse.jetty.util.thread.QueuedThreadPool$2.run(QueuedThreadPool.java:626)&#10;        at java.lang.Thread.run(Thread.java:748)&#10;&quot;IPC Server handler 2 on 37215&quot; daemon prio=5 tid=51 timed_waiting&#10;java.lang.Thread.State: TIMED_WAITING&#10;        at sun.misc.Unsafe.park(Native Method)&#10;        at java.util.concurrent.locks.LockSupport.parkNanos(LockSupport.java:215)&#10;        at java.util.concurrent.locks.AbstractQueuedSynchronizer$ConditionObject.awaitNanos(AbstractQueuedSynchronizer.java:2078)&#10;        at java.util.concurrent.LinkedBlockingQueue.poll(LinkedBlockingQueue.java:467)&#10;        at org.apache.hadoop.ipc.CallQueueManager.take(CallQueueManager.java:288)&#10;        at org.apache.hadoop.ipc.Server$Handler.run(Server.java:2668)&#10;&quot;SCM Heartbeat Processing Thread - 0&quot; daemon prio=5 tid=13 timed_waiting&#10;java.lang.Thread.State: TIMED_WAITING&#10;        at sun.misc.Unsafe.park(Native Method)&#10;        at java.util.concurrent.locks.LockSupport.parkNanos(LockSupport.java:215)&#10;        at java.util.concurrent.locks.AbstractQueuedSynchronizer$ConditionObject.awaitNanos(AbstractQueuedSynchronizer.java:2078)&#10;        at java.util.concurrent.ScheduledThreadPoolExecutor$DelayedWorkQueue.take(ScheduledThreadPoolExecutor.java:1093)&#10;        at java.util.concurrent.ScheduledThreadPoolExecutor$DelayedWorkQueue.take(ScheduledThreadPoolExecutor.java:809)&#10;        at java.util.concurrent.ThreadPoolExecutor.getTask(ThreadPoolExecutor.java:1074)&#10;        at java.util.concurrent.ThreadPoolExecutor.runWorker(ThreadPoolExecutor.java:1134)&#10;        at java.util.concurrent.ThreadPoolExecutor$Worker.run(ThreadPoolExecutor.java:624)&#10;        at java.lang.Thread.run(Thread.java:748)&#10;&quot;pool-66-thread-54&quot;  prio=5 tid=616 in Object.wait()&#10;java.lang.Thread.State: WAITING (on object monitor)&#10;        at sun.misc.Unsafe.park(Native Method)&#10;        at java.util.concurrent.locks.LockSupport.park(LockSupport.java:175)&#10;        at java.util.concurrent.locks.AbstractQueuedSynchronizer$ConditionObject.await(AbstractQueuedSynchronizer.java:2039)&#10;        at java.util.concurrent.ArrayBlockingQueue.take(ArrayBlockingQueue.java:403)&#10;        at java.util.concurrent.ThreadPoolExecutor.getTask(ThreadPoolExecutor.java:1074)&#10;        at java.util.concurrent.ThreadPoolExecutor.runWorker(ThreadPoolExecutor.java:1134)&#10;        at java.util.concurrent.ThreadPoolExecutor$Worker.run(ThreadPoolExecutor.java:624)&#10;        at java.lang.Thread.run(Thread.java:748)&#10;&quot;pool-26-thread-44&quot;  prio=5 tid=357 in Object.wait()&#10;java.lang.Thread.State: WAITING (on object monitor)&#10;        at sun.misc.Unsafe.park(Native Method)&#10;        at java.util.concurrent.locks.LockSupport.park(LockSupport.java:175)&#10;        at java.util.concurrent.locks.AbstractQueuedSynchronizer$ConditionObject.await(AbstractQueuedSynchronizer.java:2039)&#10;        at java.util.concurrent.ArrayBlockingQueue.take(ArrayBlockingQueue.java:403)&#10;        at java.util.concurrent.ThreadPoolExecutor.getTask(ThreadPoolExecutor.java:1074)&#10;        at java.util.concurrent.ThreadPoolExecutor.runWorker(ThreadPoolExecutor.java:1134)&#10;        at java.util.concurrent.ThreadPoolExecutor$Worker.run(ThreadPoolExecutor.java:624)&#10;        at java.lang.Thread.run(Thread.java:748)&#10;&quot;pool-46-thread-14&quot;  prio=5 tid=447 in Object.wait()&#10;java.lang.Thread.State: WAITING (on object monitor)&#10;        at sun.misc.Unsafe.park(Native Method)&#10;        at java.util.concurrent.locks.LockSupport.park(LockSupport.java:175)&#10;        at java.util.concurrent.locks.AbstractQueuedSynchronizer$ConditionObject.await(AbstractQueuedSynchronizer.java:2039)&#10;        at java.util.concurrent.ArrayBlockingQueue.take(ArrayBlockingQueue.java:403)&#10;        at java.util.concurrent.ThreadPoolExecutor.getTask(ThreadPoolExecutor.java:1074)&#10;        at java.util.concurrent.ThreadPoolExecutor.runWorker(ThreadPoolExecutor.java:1134)&#10;        at java.util.concurrent.ThreadPoolExecutor$Worker.run(ThreadPoolExecutor.java:624)&#10;        at java.lang.Thread.run(Thread.java:748)&#10;&quot;b7064b77-9271-4e94-8225-85d895886efb@group-282EF1BFFEE0-SegmentedRaftLogWorker&quot;  prio=5 tid=772 timed_waiting&#10;java.lang.Thread.State: TIMED_WAITING&#10;        at sun.misc.Unsafe.park(Native Method)&#10;        at java.util.concurrent.locks.LockSupport.parkNanos(LockSupport.java:215)&#10;        at java.util.concurrent.locks.AbstractQueuedSynchronizer$ConditionObject.awaitNanos(AbstractQueuedSynchronizer.java:2078)&#10;        at org.apache.ratis.util.DataBlockingQueue.poll(DataBlockingQueue.java:137)&#10;        at org.apache.ratis.server.raftlog.segmented.SegmentedRaftLogWorker.run(SegmentedRaftLogWorker.java:283)&#10;        at java.lang.Thread.run(Thread.java:748)&#10;&quot;pool-76-thread-29&quot;  prio=5 tid=653 in Object.wait()&#10;java.lang.Thread.State: WAITING (on object monitor)&#10;        at sun.misc.Unsafe.park(Native Method)&#10;        at java.util.concurrent.locks.LockSupport.park(LockSupport.java:175)&#10;        at java.util.concurrent.locks.AbstractQueuedSynchronizer$ConditionObject.await(AbstractQueuedSynchronizer.java:2039)&#10;        at java.util.concurrent.ArrayBlockingQueue.take(ArrayBlockingQueue.java:403)&#10;        at java.util.concurrent.ThreadPoolExecutor.getTask(ThreadPoolExecutor.java:1074)&#10;        at java.util.concurrent.ThreadPoolExecutor.runWorker(ThreadPoolExecutor.java:1134)&#10;        at java.util.concurrent.ThreadPoolExecutor$Worker.run(ThreadPoolExecutor.java:624)&#10;        at java.lang.Thread.run(Thread.java:748)&#10;&quot;qtp83534488-215&quot; daemon prio=5 tid=215 timed_waiting&#10;java.lang.Thread.State: TIMED_WAITING&#10;        at sun.misc.Unsafe.park(Native Method)&#10;        at java.util.concurrent.locks.LockSupport.parkNanos(LockSupport.java:215)&#10;        at java.util.concurrent.locks.AbstractQueuedSynchronizer$ConditionObject.awaitNanos(AbstractQueuedSynchronizer.java:2078)&#10;        at org.eclipse.jetty.util.BlockingArrayQueue.poll(BlockingArrayQueue.java:392)&#10;        at org.eclipse.jetty.util.thread.QueuedThreadPool.idleJobPoll(QueuedThreadPool.java:563)&#10;        at org.eclipse.jetty.util.thread.QueuedThreadPool.access$800(QueuedThreadPool.java:48)&#10;        at org.eclipse.jetty.util.thread.QueuedThreadPool$2.run(QueuedThreadPool.java:626)&#10;        at java.lang.Thread.run(Thread.java:748)&#10;&quot;pool-76-thread-23&quot;  prio=5 tid=647 in Object.wait()&#10;java.lang.Thread.State: WAITING (on object monitor)&#10;        at sun.misc.Unsafe.park(Native Method)&#10;        at java.util.concurrent.locks.LockSupport.park(LockSupport.java:175)&#10;        at java.util.concurrent.locks.AbstractQueuedSynchronizer$ConditionObject.await(AbstractQueuedSynchronizer.java:2039)&#10;        at java.util.concurrent.ArrayBlockingQueue.take(ArrayBlockingQueue.java:403)&#10;        at java.util.concurrent.ThreadPoolExecutor.getTask(ThreadPoolExecutor.java:1074)&#10;        at java.util.concurrent.ThreadPoolExecutor.runWorker(ThreadPoolExecutor.java:1134)&#10;        at java.util.concurrent.ThreadPoolExecutor$Worker.run(ThreadPoolExecutor.java:624)&#10;        at java.lang.Thread.run(Thread.java:748)&#10;&quot;pool-76-thread-17&quot;  prio=5 tid=641 in Object.wait()&#10;java.lang.Thread.State: WAITING (on object monitor)&#10;        at sun.misc.Unsafe.park(Native Method)&#10;        at java.util.concurrent.locks.LockSupport.park(LockSupport.java:175)&#10;        at java.util.concurrent.locks.AbstractQueuedSynchronizer$ConditionObject.await(AbstractQueuedSynchronizer.java:2039)&#10;        at java.util.concurrent.ArrayBlockingQueue.take(ArrayBlockingQueue.java:403)&#10;        at java.util.concurrent.ThreadPoolExecutor.getTask(ThreadPoolExecutor.java:1074)&#10;        at java.util.concurrent.ThreadPoolExecutor.runWorker(ThreadPoolExecutor.java:1134)&#10;        at java.util.concurrent.ThreadPoolExecutor$Worker.run(ThreadPoolExecutor.java:624)&#10;        at java.lang.Thread.run(Thread.java:748)&#10;&quot;Datanode State Machine Thread - 0&quot; daemon prio=5 tid=285 timed_waiting&#10;java.lang.Thread.State: TIMED_WAITING&#10;        at sun.misc.Unsafe.park(Native Method)&#10;        at java.util.concurrent.locks.LockSupport.parkNanos(LockSupport.java:215)&#10;        at java.util.concurrent.SynchronousQueue$TransferStack.awaitFulfill(SynchronousQueue.java:460)&#10;        at java.util.concurrent.SynchronousQueue$TransferStack.transfer(SynchronousQueue.java:362)&#10;        at java.util.concurrent.SynchronousQueue.poll(SynchronousQueue.java:941)&#10;        at java.util.concurrent.ThreadPoolExecutor.getTask(ThreadPoolExecutor.java:1073)&#10;        at java.util.concurrent.ThreadPoolExecutor.runWorker(ThreadPoolExecutor.java:1134)&#10;        at java.util.concurrent.ThreadPoolExecutor$Worker.run(ThreadPoolExecutor.java:624)&#10;        at java.lang.Thread.run(Thread.java:748)&#10;&quot;a7d59ef6-3eca-4628-b097-12d983444e7f@group-6E9EB1C0F638-StateMachineUpdater&quot; daemon prio=5 tid=865 in Object.wait()&#10;java.lang.Thread.State: WAITING (on object monitor)&#10;        at java.lang.Object.wait(Native Method)&#10;        at java.lang.Object.wait(Object.java:502)&#10;        at org.apache.ratis.server.impl.StateMachineUpdater.waitForCommit(StateMachineUpdater.java:183)&#10;        at org.apache.ratis.server.impl.StateMachineUpdater.run(StateMachineUpdater.java:148)&#10;        at java.lang.Thread.run(Thread.java:748)&#10;&quot;org.eclipse.jetty.server.session.HashSessionManager@423b2b62Timer&quot; daemon prio=5 tid=277 timed_waiting&#10;java.lang.Thread.State: TIMED_WAITING&#10;        at sun.misc.Unsafe.park(Native Method)&#10;        at java.util.concurrent.locks.LockSupport.parkNanos(LockSupport.java:215)&#10;        at java.util.concurrent.locks.AbstractQueuedSynchronizer$ConditionObject.awaitNanos(AbstractQueuedSynchronizer.java:2078)&#10;        at java.util.concurrent.ScheduledThreadPoolExecutor$DelayedWorkQueue.take(ScheduledThreadPoolExecutor.java:1093)&#10;        at java.util.concurrent.ScheduledThreadPoolExecutor$DelayedWorkQueue.take(ScheduledThreadPoolExecutor.java:809)&#10;        at java.util.concurrent.ThreadPoolExecutor.getTask(ThreadPoolExecutor.java:1074)&#10;        at java.util.concurrent.ThreadPoolExecutor.runWorker(ThreadPoolExecutor.java:1134)&#10;        at java.util.concurrent.ThreadPoolExecutor$Worker.run(ThreadPoolExecutor.java:624)&#10;        at java.lang.Thread.run(Thread.java:748)&#10;&quot;org.apache.ratis.server.impl.LogAppender$AppenderDaemon$$Lambda$418/858148741@2fe3e77c&quot; daemon prio=5 tid=1832 timed_waiting&#10;java.lang.Thread.State: TIMED_WAITING&#10;        at java.lang.Object.wait(Native Method)&#10;        at org.apache.ratis.grpc.server.GrpcLogAppender.mayWait(GrpcLogAppender.java:141)&#10;        at org.apache.ratis.grpc.server.GrpcLogAppender.runAppenderImpl(GrpcLogAppender.java:95)&#10;        at org.apache.ratis.server.impl.LogAppender$AppenderDaemon.run(LogAppender.java:76)&#10;        at org.apache.ratis.server.impl.LogAppender$AppenderDaemon$$Lambda$418/858148741.run(Unknown Source)&#10;        at java.lang.Thread.run(Thread.java:748)&#10;&quot;java.util.concurrent.ThreadPoolExecutor$Worker@558b6544[State = -1, empty queue]&quot; daemon prio=5 tid=1862 timed_waiting&#10;java.lang.Thread.State: TIMED_WAITING&#10;        at sun.misc.Unsafe.park(Native Method)&#10;        at java.util.concurrent.locks.LockSupport.parkNanos(LockSupport.java:215)&#10;        at java.util.concurrent.locks.AbstractQueuedSynchronizer$ConditionObject.awaitNanos(AbstractQueuedSynchronizer.java:2078)&#10;        at java.util.concurrent.ScheduledThreadPoolExecutor$DelayedWorkQueue.take(ScheduledThreadPoolExecutor.java:1093)&#10;        at java.util.concurrent.ScheduledThreadPoolExecutor$DelayedWorkQueue.take(ScheduledThreadPoolExecutor.java:809)&#10;        at java.util.concurrent.ThreadPoolExecutor.getTask(ThreadPoolExecutor.java:1074)&#10;        at java.util.concurrent.ThreadPoolExecutor.runWorker(ThreadPoolExecutor.java:1134)&#10;        at java.util.concurrent.ThreadPoolExecutor$Worker.run(ThreadPoolExecutor.java:624)&#10;        at java.lang.Thread.run(Thread.java:748)&#10;&quot;metrics-hadoop-metrics2-reporter-51-thread-1&quot; daemon prio=5 tid=1802 timed_waiting&#10;java.lang.Thread.State: TIMED_WAITING&#10;        at sun.misc.Unsafe.park(Native Method)&#10;        at java.util.concurrent.locks.LockSupport.parkNanos(LockSupport.java:215)&#10;        at java.util.concurrent.locks.AbstractQueuedSynchronizer$ConditionObject.awaitNanos(AbstractQueuedSynchronizer.java:2078)&#10;        at java.util.concurrent.ScheduledThreadPoolExecutor$DelayedWorkQueue.take(ScheduledThreadPoolExecutor.java:1093)&#10;        at java.util.concurrent.ScheduledThreadPoolExecutor$DelayedWorkQueue.take(ScheduledThreadPoolExecutor.java:809)&#10;        at java.util.concurrent.ThreadPoolExecutor.getTask(ThreadPoolExecutor.java:1074)&#10;        at java.util.concurrent.ThreadPoolExecutor.runWorker(ThreadPoolExecutor.java:1134)&#10;        at java.util.concurrent.ThreadPoolExecutor$Worker.run(ThreadPoolExecutor.java:624)&#10;        at java.lang.Thread.run(Thread.java:748)&#10;&quot;e081c0a5-acfc-4a29-8262-ee158adf5b11@group-BF1BD4D8076C-StateMachineUpdater&quot; daemon prio=5 tid=745 in Object.wait()&#10;java.lang.Thread.State: WAITING (on object monitor)&#10;        at java.lang.Object.wait(Native Method)&#10;        at java.lang.Object.wait(Object.java:502)&#10;        at org.apache.ratis.server.impl.StateMachineUpdater.waitForCommit(StateMachineUpdater.java:183)&#10;        at org.apache.ratis.server.impl.StateMachineUpdater.run(StateMachineUpdater.java:148)&#10;        at java.lang.Thread.run(Thread.java:748)&#10;&quot;java.util.concurrent.ThreadPoolExecutor$Worker@183c5cb9[State = -1, empty queue]&quot; daemon prio=5 tid=1865 timed_waiting&#10;java.lang.Thread.State: TIMED_WAITING&#10;        at sun.misc.Unsafe.park(Native Method)&#10;        at java.util.concurrent.locks.LockSupport.parkNanos(LockSupport.java:215)&#10;        at java.util.concurrent.locks.AbstractQueuedSynchronizer$ConditionObject.awaitNanos(AbstractQueuedSynchronizer.java:2078)&#10;        at java.util.concurrent.ScheduledThreadPoolExecutor$DelayedWorkQueue.take(ScheduledThreadPoolExecutor.java:1093)&#10;        at java.util.concurrent.ScheduledThreadPoolExecutor$DelayedWorkQueue.take(ScheduledThreadPoolExecutor.java:809)&#10;        at java.util.concurrent.ThreadPoolExecutor.getTask(ThreadPoolExecutor.java:1074)&#10;        at java.util.concurrent.ThreadPoolExecutor.runWorker(ThreadPoolExecutor.java:1134)&#10;        at java.util.concurrent.ThreadPoolExecutor$Worker.run(ThreadPoolExecutor.java:624)&#10;        at java.lang.Thread.run(Thread.java:748)&#10;&quot;pool-26-thread-41&quot;  prio=5 tid=354 in Object.wait()&#10;java.lang.Thread.State: WAITING (on object monitor)&#10;        at sun.misc.Unsafe.park(Native Method)&#10;        at java.util.concurrent.locks.LockSupport.park(LockSupport.java:175)&#10;        at java.util.concurrent.locks.AbstractQueuedSynchronizer$ConditionObject.await(AbstractQueuedSynchronizer.java:2039)&#10;        at java.util.concurrent.ArrayBlockingQueue.take(ArrayBlockingQueue.java:403)&#10;        at java.util.concurrent.ThreadPoolExecutor.getTask(ThreadPoolExecutor.java:1074)&#10;        at java.util.concurrent.ThreadPoolExecutor.runWorker(ThreadPoolExecutor.java:1134)&#10;        at java.util.concurrent.ThreadPoolExecutor$Worker.run(ThreadPoolExecutor.java:624)&#10;        at java.lang.Thread.run(Thread.java:748)&#10;&quot;pool-66-thread-18&quot;  prio=5 tid=580 in Object.wait()&#10;java.lang.Thread.State: WAITING (on object monitor)&#10;        at sun.misc.Unsafe.park(Native Method)&#10;        at java.util.concurrent.locks.LockSupport.park(LockSupport.java:175)&#10;        at java.util.concurrent.locks.AbstractQueuedSynchronizer$ConditionObject.await(AbstractQueuedSynchronizer.java:2039)&#10;        at java.util.concurrent.ArrayBlockingQueue.take(ArrayBlockingQueue.java:403)&#10;        at java.util.concurrent.ThreadPoolExecutor.getTask(ThreadPoolExecutor.java:1074)&#10;        at java.util.concurrent.ThreadPoolExecutor.runWorker(ThreadPoolExecutor.java:1134)&#10;        at java.util.concurrent.ThreadPoolExecutor$Worker.run(ThreadPoolExecutor.java:624)&#10;        at java.lang.Thread.run(Thread.java:748)&#10;&quot;pool-76-thread-36&quot;  prio=5 tid=660 in Object.wait()&#10;java.lang.Thread.State: WAITING (on object monitor)&#10;        at sun.misc.Unsafe.park(Native Method)&#10;        at java.util.concurrent.locks.LockSupport.park(LockSupport.java:175)&#10;        at java.util.concurrent.locks.AbstractQueuedSynchronizer$ConditionObject.await(AbstractQueuedSynchronizer.java:2039)&#10;        at java.util.concurrent.ArrayBlockingQueue.take(ArrayBlockingQueue.java:403)&#10;        at java.util.concurrent.ThreadPoolExecutor.getTask(ThreadPoolExecutor.java:1074)&#10;        at java.util.concurrent.ThreadPoolExecutor.runWorker(ThreadPoolExecutor.java:1134)&#10;        at java.util.concurrent.ThreadPoolExecutor$Worker.run(ThreadPoolExecutor.java:624)&#10;        at java.lang.Thread.run(Thread.java:748)&#10;&quot;d0888866-0bad-4f41-ad37-dccd4a57b958@group-CDCB2C8C105A-StateMachineUpdater&quot; daemon prio=5 tid=726 in Object.wait()&#10;java.lang.Thread.State: WAITING (on object monitor)&#10;        at java.lang.Object.wait(Native Method)&#10;        at java.lang.Object.wait(Object.java:502)&#10;        at org.apache.ratis.server.impl.StateMachineUpdater.waitForCommit(StateMachineUpdater.java:183)&#10;        at org.apache.ratis.server.impl.StateMachineUpdater.run(StateMachineUpdater.java:148)&#10;        at java.lang.Thread.run(Thread.java:748)&#10;&quot;pool-56-thread-30&quot;  prio=5 tid=524 in Object.wait()&#10;java.lang.Thread.State: WAITING (on object monitor)&#10;        at sun.misc.Unsafe.park(Native Method)&#10;        at java.util.concurrent.locks.LockSupport.park(LockSupport.java:175)&#10;        at java.util.concurrent.locks.AbstractQueuedSynchronizer$ConditionObject.await(AbstractQueuedSynchronizer.java:2039)&#10;        at java.util.concurrent.ArrayBlockingQueue.take(ArrayBlockingQueue.java:403)&#10;        at java.util.concurrent.ThreadPoolExecutor.getTask(ThreadPoolExecutor.java:1074)&#10;        at java.util.concurrent.ThreadPoolExecutor.runWorker(ThreadPoolExecutor.java:1134)&#10;        at java.util.concurrent.ThreadPoolExecutor$Worker.run(ThreadPoolExecutor.java:624)&#10;        at java.lang.Thread.run(Thread.java:748)&#10;&quot;pool-21-thread-1&quot;  prio=5 tid=135 timed_waiting&#10;java.lang.Thread.State: TIMED_WAITING&#10;        at sun.misc.Unsafe.park(Native Method)&#10;        at java.util.concurrent.locks.LockSupport.parkNanos(LockSupport.java:215)&#10;        at java.util.concurrent.locks.AbstractQueuedSynchronizer$ConditionObject.awaitNanos(AbstractQueuedSynchronizer.java:2078)&#10;        at java.util.concurrent.ScheduledThreadPoolExecutor$DelayedWorkQueue.take(ScheduledThreadPoolExecutor.java:1093)&#10;        at java.util.concurrent.ScheduledThreadPoolExecutor$DelayedWorkQueue.take(ScheduledThreadPoolExecutor.java:809)&#10;        at java.util.concurrent.ThreadPoolExecutor.getTask(ThreadPoolExecutor.java:1074)&#10;        at java.util.concurrent.ThreadPoolExecutor.runWorker(ThreadPoolExecutor.java:1134)&#10;        at java.util.concurrent.ThreadPoolExecutor$Worker.run(ThreadPoolExecutor.java:624)&#10;        at java.lang.Thread.run(Thread.java:748)&#10;&quot;metrics-hadoop-metrics2-reporter-24-thread-1&quot; daemon prio=5 tid=807 timed_waiting&#10;java.lang.Thread.State: TIMED_WAITING&#10;        at sun.misc.Unsafe.park(Native Method)&#10;        at java.util.concurrent.locks.LockSupport.parkNanos(LockSupport.java:215)&#10;        at java.util.concurrent.locks.AbstractQueuedSynchronizer$ConditionObject.awaitNanos(AbstractQueuedSynchronizer.java:2078)&#10;        at java.util.concurrent.ScheduledThreadPoolExecutor$DelayedWorkQueue.take(ScheduledThreadPoolExecutor.java:1093)&#10;        at java.util.concurrent.ScheduledThreadPoolExecutor$DelayedWorkQueue.take(ScheduledThreadPoolExecutor.java:809)&#10;        at java.util.concurrent.ThreadPoolExecutor.getTask(ThreadPoolExecutor.java:1074)&#10;        at java.util.concurrent.ThreadPoolExecutor.runWorker(ThreadPoolExecutor.java:1134)&#10;        at java.util.concurrent.ThreadPoolExecutor$Worker.run(ThreadPoolExecutor.java:624)&#10;        at java.lang.Thread.run(Thread.java:748)&#10;&quot;pool-76-thread-19&quot;  prio=5 tid=643 in Object.wait()&#10;java.lang.Thread.State: WAITING (on object monitor)&#10;        at sun.misc.Unsafe.park(Native Method)&#10;        at java.util.concurrent.locks.LockSupport.park(LockSupport.java:175)&#10;        at java.util.concurrent.locks.AbstractQueuedSynchronizer$ConditionObject.await(AbstractQueuedSynchronizer.java:2039)&#10;        at java.util.concurrent.ArrayBlockingQueue.take(ArrayBlockingQueue.java:403)&#10;        at java.util.concurrent.ThreadPoolExecutor.getTask(ThreadPoolExecutor.java:1074)&#10;        at java.util.concurrent.ThreadPoolExecutor.runWorker(ThreadPoolExecutor.java:1134)&#10;        at java.util.concurrent.ThreadPoolExecutor$Worker.run(ThreadPoolExecutor.java:624)&#10;        at java.lang.Thread.run(Thread.java:748)&#10;&quot;pool-56-thread-9&quot;  prio=5 tid=503 in Object.wait()&#10;java.lang.Thread.State: WAITING (on object monitor)&#10;        at sun.misc.Unsafe.park(Native Method)&#10;        at java.util.concurrent.locks.LockSupport.park(LockSupport.java:175)&#10;        at java.util.concurrent.locks.AbstractQueuedSynchronizer$ConditionObject.await(AbstractQueuedSynchronizer.java:2039)&#10;        at java.util.concurrent.ArrayBlockingQueue.take(ArrayBlockingQueue.java:403)&#10;        at java.util.concurrent.ThreadPoolExecutor.getTask(ThreadPoolExecutor.java:1074)&#10;        at java.util.concurrent.ThreadPoolExecutor.runWorker(ThreadPoolExecutor.java:1134)&#10;        at java.util.concurrent.ThreadPoolExecutor$Worker.run(ThreadPoolExecutor.java:624)&#10;        at java.lang.Thread.run(Thread.java:748)&#10;&quot;pool-46-thread-5&quot;  prio=5 tid=438 in Object.wait()&#10;java.lang.Thread.State: WAITING (on object monitor)&#10;        at sun.misc.Unsafe.park(Native Method)&#10;        at java.util.concurrent.locks.LockSupport.park(LockSupport.java:175)&#10;        at java.util.concurrent.locks.AbstractQueuedSynchronizer$ConditionObject.await(AbstractQueuedSynchronizer.java:2039)&#10;        at java.util.concurrent.ArrayBlockingQueue.take(ArrayBlockingQueue.java:403)&#10;        at java.util.concurrent.ThreadPoolExecutor.getTask(ThreadPoolExecutor.java:1074)&#10;        at java.util.concurrent.ThreadPoolExecutor.runWorker(ThreadPoolExecutor.java:1134)&#10;        at java.util.concurrent.ThreadPoolExecutor$Worker.run(ThreadPoolExecutor.java:624)&#10;        at java.lang.Thread.run(Thread.java:748)&#10;&quot;pool-66-thread-28&quot;  prio=5 tid=590 in Object.wait()&#10;java.lang.Thread.State: WAITING (on object monitor)&#10;        at sun.misc.Unsafe.park(Native Method)&#10;        at java.util.concurrent.locks.LockSupport.park(LockSupport.java:175)&#10;        at java.util.concurrent.locks.AbstractQueuedSynchronizer$ConditionObject.await(AbstractQueuedSynchronizer.java:2039)&#10;        at java.util.concurrent.ArrayBlockingQueue.take(ArrayBlockingQueue.java:403)&#10;        at java.util.concurrent.ThreadPoolExecutor.getTask(ThreadPoolExecutor.java:1074)&#10;        at java.util.concurrent.ThreadPoolExecutor.runWorker(ThreadPoolExecutor.java:1134)&#10;        at java.util.concurrent.ThreadPoolExecutor$Worker.run(ThreadPoolExecutor.java:624)&#10;        at java.lang.Thread.run(Thread.java:748)&#10;&quot;qtp1623761043-268-acceptor-0@39c7a2b1-ServerConnector@74ea46e2{HTTP/1.1,[http/1.1]}{0.0.0.0:38912}&quot; daemon prio=3 tid=268 runnable&#10;java.lang.Thread.State: RUNNABLE&#10;        at sun.nio.ch.ServerSocketChannelImpl.accept0(Native Method)&#10;        at sun.nio.ch.ServerSocketChannelImpl.accept(ServerSocketChannelImpl.java:422)&#10;        at sun.nio.ch.ServerSocketChannelImpl.accept(ServerSocketChannelImpl.java:250)&#10;        at org.eclipse.jetty.server.ServerConnector.accept(ServerConnector.java:397)&#10;        at org.eclipse.jetty.server.AbstractConnector$Acceptor.run(AbstractConnector.java:601)&#10;        at org.eclipse.jetty.util.thread.QueuedThreadPool.runJob(QueuedThreadPool.java:671)&#10;        at org.eclipse.jetty.util.thread.QueuedThreadPool$2.run(QueuedThreadPool.java:589)&#10;        at java.lang.Thread.run(Thread.java:748)&#10;&quot;qtp564272228-89&quot; daemon prio=5 tid=89 runnable&#10;java.lang.Thread.State: RUNNABLE&#10;        at sun.nio.ch.EPollArrayWrapper.epollWait(Native Method)&#10;        at sun.nio.ch.EPollArrayWrapper.poll(EPollArrayWrapper.java:269)&#10;        at sun.nio.ch.EPollSelectorImpl.doSelect(EPollSelectorImpl.java:93)&#10;        at sun.nio.ch.SelectorImpl.lockAndDoSelect(SelectorImpl.java:86)&#10;        at sun.nio.ch.SelectorImpl.select(SelectorImpl.java:97)&#10;        at sun.nio.ch.SelectorImpl.select(SelectorImpl.java:101)&#10;        at org.eclipse.jetty.io.ManagedSelector$SelectorProducer.select(ManagedSelector.java:243)&#10;        at org.eclipse.jetty.io.ManagedSelector$SelectorProducer.produce(ManagedSelector.java:191)&#10;        at org.eclipse.jetty.util.thread.strategy.ExecuteProduceConsume.executeProduceConsume(ExecuteProduceConsume.java:249)&#10;        at org.eclipse.jetty.util.thread.strategy.ExecuteProduceConsume.produceConsume(ExecuteProduceConsume.java:148)&#10;        at org.eclipse.jetty.util.thread.strategy.ExecuteProduceConsume.execute(ExecuteProduceConsume.java:100)&#10;        at org.eclipse.jetty.io.ManagedSelector.run(ManagedSelector.java:147)&#10;        at org.eclipse.jetty.util.thread.QueuedThreadPool.runJob(QueuedThreadPool.java:671)&#10;        at org.eclipse.jetty.util.thread.QueuedThreadPool$2.run(QueuedThreadPool.java:589)&#10;        at java.lang.Thread.run(Thread.java:748)&#10;&quot;metrics-hadoop-metrics2-reporter-22-thread-1&quot; daemon prio=5 tid=793 timed_waiting&#10;java.lang.Thread.State: TIMED_WAITING&#10;        at sun.misc.Unsafe.park(Native Method)&#10;        at java.util.concurrent.locks.LockSupport.parkNanos(LockSupport.java:215)&#10;        at java.util.concurrent.locks.AbstractQueuedSynchronizer$ConditionObject.awaitNanos(AbstractQueuedSynchronizer.java:2078)&#10;        at java.util.concurrent.ScheduledThreadPoolExecutor$DelayedWorkQueue.take(ScheduledThreadPoolExecutor.java:1093)&#10;        at java.util.concurrent.ScheduledThreadPoolExecutor$DelayedWorkQueue.take(ScheduledThreadPoolExecutor.java:809)&#10;        at java.util.concurrent.ThreadPoolExecutor.getTask(ThreadPoolExecutor.java:1074)&#10;        at java.util.concurrent.ThreadPoolExecutor.runWorker(ThreadPoolExecutor.java:1134)&#10;        at java.util.concurrent.ThreadPoolExecutor$Worker.run(ThreadPoolExecutor.java:624)&#10;        at java.lang.Thread.run(Thread.java:748)&#10;&quot;pool-56-thread-27&quot;  prio=5 tid=521 in Object.wait()&#10;java.lang.Thread.State: WAITING (on object monitor)&#10;        at sun.misc.Unsafe.park(Native Method)&#10;        at java.util.concurrent.locks.LockSupport.park(LockSupport.java:175)&#10;        at java.util.concurrent.locks.AbstractQueuedSynchronizer$ConditionObject.await(AbstractQueuedSynchronizer.java:2039)&#10;        at java.util.concurrent.ArrayBlockingQueue.take(ArrayBlockingQueue.java:403)&#10;        at java.util.concurrent.ThreadPoolExecutor.getTask(ThreadPoolExecutor.java:1074)&#10;        at java.util.concurrent.ThreadPoolExecutor.runWorker(ThreadPoolExecutor.java:1134)&#10;        at java.util.concurrent.ThreadPoolExecutor$Worker.run(ThreadPoolExecutor.java:624)&#10;        at java.lang.Thread.run(Thread.java:748)&#10;&quot;a7d59ef6-3eca-4628-b097-12d983444e7f@group-DBE87B3B08CE-StateMachineUpdater&quot; daemon prio=5 tid=806 in Object.wait()&#10;java.lang.Thread.State: WAITING (on object monitor)&#10;        at java.lang.Object.wait(Native Method)&#10;        at java.lang.Object.wait(Object.java:502)&#10;        at org.apache.ratis.server.impl.StateMachineUpdater.waitForCommit(StateMachineUpdater.java:183)&#10;        at org.apache.ratis.server.impl.StateMachineUpdater.run(StateMachineUpdater.java:148)&#10;        at java.lang.Thread.run(Thread.java:748)&#10;&quot;pool-26-thread-28&quot;  prio=5 tid=341 in Object.wait()&#10;java.lang.Thread.State: WAITING (on object monitor)&#10;        at sun.misc.Unsafe.park(Native Method)&#10;        at java.util.concurrent.locks.LockSupport.park(LockSupport.java:175)&#10;        at java.util.concurrent.locks.AbstractQueuedSynchronizer$ConditionObject.await(AbstractQueuedSynchronizer.java:2039)&#10;        at java.util.concurrent.ArrayBlockingQueue.take(ArrayBlockingQueue.java:403)&#10;        at java.util.concurrent.ThreadPoolExecutor.getTask(ThreadPoolExecutor.java:1074)&#10;        at java.util.concurrent.ThreadPoolExecutor.runWorker(ThreadPoolExecutor.java:1134)&#10;        at java.util.concurrent.ThreadPoolExecutor$Worker.run(ThreadPoolExecutor.java:624)&#10;        at java.lang.Thread.run(Thread.java:748)&#10;&quot;pool-6-thread-1&quot;  prio=5 tid=26 timed_waiting&#10;java.lang.Thread.State: TIMED_WAITING&#10;        at sun.misc.Unsafe.park(Native Method)&#10;        at java.util.concurrent.locks.LockSupport.parkNanos(LockSupport.java:215)&#10;        at java.util.concurrent.locks.AbstractQueuedSynchronizer$ConditionObject.awaitNanos(AbstractQueuedSynchronizer.java:2078)&#10;        at java.util.concurrent.ScheduledThreadPoolExecutor$DelayedWorkQueue.take(ScheduledThreadPoolExecutor.java:1093)&#10;        at java.util.concurrent.ScheduledThreadPoolExecutor$DelayedWorkQueue.take(ScheduledThreadPoolExecutor.java:809)&#10;        at java.util.concurrent.ThreadPoolExecutor.getTask(ThreadPoolExecutor.java:1074)&#10;        at java.util.concurrent.ThreadPoolExecutor.runWorker(ThreadPoolExecutor.java:1134)&#10;        at java.util.concurrent.ThreadPoolExecutor$Worker.run(ThreadPoolExecutor.java:624)&#10;        at java.lang.Thread.run(Thread.java:748)&#10;&quot;pool-46-thread-23&quot;  prio=5 tid=456 in Object.wait()&#10;java.lang.Thread.State: WAITING (on object monitor)&#10;        at sun.misc.Unsafe.park(Native Method)&#10;        at java.util.concurrent.locks.LockSupport.park(LockSupport.java:175)&#10;        at java.util.concurrent.locks.AbstractQueuedSynchronizer$ConditionObject.await(AbstractQueuedSynchronizer.java:2039)&#10;        at java.util.concurrent.ArrayBlockingQueue.take(ArrayBlockingQueue.java:403)&#10;        at java.util.concurrent.ThreadPoolExecutor.getTask(ThreadPoolExecutor.java:1074)&#10;        at java.util.concurrent.ThreadPoolExecutor.runWorker(ThreadPoolExecutor.java:1134)&#10;        at java.util.concurrent.ThreadPoolExecutor$Worker.run(ThreadPoolExecutor.java:624)&#10;        at java.lang.Thread.run(Thread.java:748)&#10;&quot;java.util.concurrent.ThreadPoolExecutor$Worker@1d017061[State = -1, empty queue]&quot; daemon prio=5 tid=1850 timed_waiting&#10;java.lang.Thread.State: TIMED_WAITING&#10;        at sun.misc.Unsafe.park(Native Method)&#10;        at java.util.concurrent.locks.LockSupport.parkNanos(LockSupport.java:215)&#10;        at java.util.concurrent.locks.AbstractQueuedSynchronizer$ConditionObject.awaitNanos(AbstractQueuedSynchronizer.java:2078)&#10;        at java.util.concurrent.ScheduledThreadPoolExecutor$DelayedWorkQueue.take(ScheduledThreadPoolExecutor.java:1093)&#10;        at java.util.concurrent.ScheduledThreadPoolExecutor$DelayedWorkQueue.take(ScheduledThreadPoolExecutor.java:809)&#10;        at java.util.concurrent.ThreadPoolExecutor.getTask(ThreadPoolExecutor.java:1074)&#10;        at java.util.concurrent.ThreadPoolExecutor.runWorker(ThreadPoolExecutor.java:1134)&#10;        at java.util.concurrent.ThreadPoolExecutor$Worker.run(ThreadPoolExecutor.java:624)&#10;        at java.lang.Thread.run(Thread.java:748)&#10;&quot;19e67e26-3d21-4d01-be9f-29113a4a814c@group-ADB1B60517AF-StateMachineUpdater&quot; daemon prio=5 tid=791 in Object.wait()&#10;java.lang.Thread.State: WAITING (on object monitor)&#10;        at java.lang.Object.wait(Native Method)&#10;        at java.lang.Object.wait(Object.java:502)&#10;        at org.apache.ratis.server.impl.StateMachineUpdater.waitForCommit(StateMachineUpdater.java:183)&#10;        at org.apache.ratis.server.impl.StateMachineUpdater.run(StateMachineUpdater.java:148)&#10;        at java.lang.Thread.run(Thread.java:748)&#10;&quot;pool-66-thread-13&quot;  prio=5 tid=575 in Object.wait()&#10;java.lang.Thread.State: WAITING (on object monitor)&#10;        at sun.misc.Unsafe.park(Native Method)&#10;        at java.util.concurrent.locks.LockSupport.park(LockSupport.java:175)&#10;        at java.util.concurrent.locks.AbstractQueuedSynchronizer$ConditionObject.await(AbstractQueuedSynchronizer.java:2039)&#10;        at java.util.concurrent.ArrayBlockingQueue.take(ArrayBlockingQueue.java:403)&#10;        at java.util.concurrent.ThreadPoolExecutor.getTask(ThreadPoolExecutor.java:1074)&#10;        at java.util.concurrent.ThreadPoolExecutor.runWorker(ThreadPoolExecutor.java:1134)&#10;        at java.util.concurrent.ThreadPoolExecutor$Worker.run(ThreadPoolExecutor.java:624)&#10;        at java.lang.Thread.run(Thread.java:748)&#10;&quot;qtp1947666055-296&quot; daemon prio=5 tid=296 timed_waiting&#10;java.lang.Thread.State: TIMED_WAITING&#10;        at sun.misc.Unsafe.park(Native Method)&#10;        at java.util.concurrent.locks.LockSupport.parkNanos(LockSupport.java:215)&#10;        at java.util.concurrent.locks.AbstractQueuedSynchronizer$ConditionObject.awaitNanos(AbstractQueuedSynchronizer.java:2078)&#10;        at org.eclipse.jetty.util.BlockingArrayQueue.poll(BlockingArrayQueue.java:392)&#10;        at org.eclipse.jetty.util.thread.QueuedThreadPool.idleJobPoll(QueuedThreadPool.java:563)&#10;        at org.eclipse.jetty.util.thread.QueuedThreadPool.access$800(QueuedThreadPool.java:48)&#10;        at org.eclipse.jetty.util.thread.QueuedThreadPool$2.run(QueuedThreadPool.java:626)&#10;        at java.lang.Thread.run(Thread.java:748)&#10;&quot;main&quot;  prio=5 tid=1 runnable&#10;java.lang.Thread.State: RUNNABLE&#10;        at java.lang.Thread.dumpThreads(Native Method)&#10;        at java.lang.Thread.getAllStackTraces(Thread.java:1610)&#10;        at org.apache.hadoop.test.TimedOutTestsListener.buildThreadDump(TimedOutTestsListener.java:87)&#10;        at org.apache.hadoop.test.TimedOutTestsListener.buildThreadDiagnosticString(TimedOutTestsListener.java:73)&#10;        at org.apache.hadoop.test.GenericTestUtils.waitFor(GenericTestUtils.java:389)&#10;        at org.apache.hadoop.hdds.scm.safemode.TestSCMSafeModeWithPipelineRules.waitForRatis3NodePipelines(TestSCMSafeModeWithPipelineRules.java:189)&#10;        at org.apache.hadoop.hdds.scm.safemode.TestSCMSafeModeWithPipelineRules.testScmSafeMode(TestSCMSafeModeWithPipelineRules.java:83)&#10;        at sun.reflect.NativeMethodAccessorImpl.invoke0(Native Method)&#10;        at sun.reflect.NativeMethodAccessorImpl.invoke(NativeMethodAccessorImpl.java:62)&#10;        at sun.reflect.DelegatingMethodAccessorImpl.invoke(DelegatingMethodAccessorImpl.java:43)&#10;        at java.lang.reflect.Method.invoke(Method.java:498)&#10;        at org.junit.runners.model.FrameworkMethod$1.runReflectiveCall(FrameworkMethod.java:47)&#10;        at org.junit.internal.runners.model.ReflectiveCallable.run(ReflectiveCallable.java:12)&#10;        at org.junit.runners.model.FrameworkMethod.invokeExplosively(FrameworkMethod.java:44)&#10;        at org.junit.internal.runners.statements.InvokeMethod.evaluate(InvokeMethod.java:17)&#10;        at org.junit.internal.runners.statements.RunAfters.evaluate(RunAfters.java:27)&#10;        at org.junit.rules.ExternalResource$1.evaluate(ExternalResource.java:48)&#10;        at org.junit.rules.RunRules.evaluate(RunRules.java:20)&#10;        at org.junit.runners.ParentRunner.runLeaf(ParentRunner.java:271)&#10;        at org.junit.runners.BlockJUnit4ClassRunner.runChild(BlockJUnit4ClassRunner.java:70)&#10;        at org.junit.runners.BlockJUnit4ClassRunner.runChild(BlockJUnit4ClassRunner.java:50)&#10;        at org.junit.runners.ParentRunner$3.run(ParentRunner.java:238)&#10;        at org.junit.runners.ParentRunner$1.schedule(ParentRunner.java:63)&#10;        at org.junit.runners.ParentRunner.runChildren(ParentRunner.java:236)&#10;        at org.junit.runners.ParentRunner.access$000(ParentRunner.java:53)&#10;        at org.junit.runners.ParentRunner$2.evaluate(ParentRunner.java:229)&#10;        at org.junit.runners.ParentRunner.run(ParentRunner.java:309)&#10;        at org.apache.maven.surefire.junit4.JUnit4Provider.execute(JUnit4Provider.java:365)&#10;        at org.apache.maven.surefire.junit4.JUnit4Provider.executeWithRerun(JUnit4Provider.java:273)&#10;        at org.apache.maven.surefire.junit4.JUnit4Provider.executeTestSet(JUnit4Provider.java:238)&#10;        at org.apache.maven.surefire.junit4.JUnit4Provider.invoke(JUnit4Provider.java:159)&#10;        at org.apache.maven.surefire.booter.ForkedBooter.invokeProviderInSameClassLoader(ForkedBooter.java:384)&#10;        at org.apache.maven.surefire.booter.ForkedBooter.runSuitesInProcess(ForkedBooter.java:345)&#10;        at org.apache.maven.surefire.booter.ForkedBooter.execute(ForkedBooter.java:126)&#10;        at org.apache.maven.surefire.booter.ForkedBooter.main(ForkedBooter.java:418)&#10;&quot;pool-66-thread-14&quot;  prio=5 tid=576 in Object.wait()&#10;java.lang.Thread.State: WAITING (on object monitor)&#10;        at sun.misc.Unsafe.park(Native Method)&#10;        at java.util.concurrent.locks.LockSupport.park(LockSupport.java:175)&#10;        at java.util.concurrent.locks.AbstractQueuedSynchronizer$ConditionObject.await(AbstractQueuedSynchronizer.java:2039)&#10;        at java.util.concurrent.ArrayBlockingQueue.take(ArrayBlockingQueue.java:403)&#10;        at java.util.concurrent.ThreadPoolExecutor.getTask(ThreadPoolExecutor.java:1074)&#10;        at java.util.concurrent.ThreadPoolExecutor.runWorker(ThreadPoolExecutor.java:1134)&#10;        at java.util.concurrent.ThreadPoolExecutor$Worker.run(ThreadPoolExecutor.java:624)&#10;        at java.lang.Thread.run(Thread.java:748)&#10;&quot;pool-66-thread-47&quot;  prio=5 tid=609 in Object.wait()&#10;java.lang.Thread.State: WAITING (on object monitor)&#10;        at sun.misc.Unsafe.park(Native Method)&#10;        at java.util.concurrent.locks.LockSupport.park(LockSupport.java:175)&#10;        at java.util.concurrent.locks.AbstractQueuedSynchronizer$ConditionObject.await(AbstractQueuedSynchronizer.java:2039)&#10;        at java.util.concurrent.ArrayBlockingQueue.take(ArrayBlockingQueue.java:403)&#10;        at java.util.concurrent.ThreadPoolExecutor.getTask(ThreadPoolExecutor.java:1074)&#10;        at java.util.concurrent.ThreadPoolExecutor.runWorker(ThreadPoolExecutor.java:1134)&#10;        at java.util.concurrent.ThreadPoolExecutor$Worker.run(ThreadPoolExecutor.java:624)&#10;        at java.lang.Thread.run(Thread.java:748)&#10;&quot;Datanode State Machine Thread - 0&quot; daemon prio=5 tid=224 timed_waiting&#10;java.lang.Thread.State: TIMED_WAITING&#10;        at java.lang.Thread.sleep(Native Method)&#10;        at org.apache.hadoop.ozone.container.common.statemachine.DatanodeStateMachine.start(DatanodeStateMachine.java:191)&#10;        at org.apache.hadoop.ozone.container.common.statemachine.DatanodeStateMachine.lambda$startDaemon$0(DatanodeStateMachine.java:349)&#10;        at org.apache.hadoop.ozone.container.common.statemachine.DatanodeStateMachine$$Lambda$138/939829672.run(Unknown Source)&#10;        at java.lang.Thread.run(Thread.java:748)&#10;&quot;19e67e26-3d21-4d01-be9f-29113a4a814c@group-BF1BD4D8076C-StateMachineUpdater&quot; daemon prio=5 tid=740 in Object.wait()&#10;java.lang.Thread.State: WAITING (on object monitor)&#10;        at java.lang.Object.wait(Native Method)&#10;        at java.lang.Object.wait(Object.java:502)&#10;        at org.apache.ratis.server.impl.StateMachineUpdater.waitForCommit(StateMachineUpdater.java:183)&#10;        at org.apache.ratis.server.impl.StateMachineUpdater.run(StateMachineUpdater.java:148)&#10;        at java.lang.Thread.run(Thread.java:748)&#10;&quot;Timer-0&quot;  prio=5 tid=114 timed_waiting&#10;java.lang.Thread.State: TIMED_WAITING&#10;        at java.lang.Object.wait(Native Method)&#10;        at java.util.TimerThread.mainLoop(Timer.java:552)&#10;        at java.util.TimerThread.run(Timer.java:505)&#10;&quot;Socket Reader #1 for port 40029&quot;  prio=5 tid=15 runnable&#10;java.lang.Thread.State: RUNNABLE&#10;        at sun.nio.ch.EPollArrayWrapper.epollWait(Native Method)&#10;        at sun.nio.ch.EPollArrayWrapper.poll(EPollArrayWrapper.java:269)&#10;        at sun.nio.ch.EPollSelectorImpl.doSelect(EPollSelectorImpl.java:93)&#10;        at sun.nio.ch.SelectorImpl.lockAndDoSelect(SelectorImpl.java:86)&#10;        at sun.nio.ch.SelectorImpl.select(SelectorImpl.java:97)&#10;        at sun.nio.ch.SelectorImpl.select(SelectorImpl.java:101)&#10;        at org.apache.hadoop.ipc.Server$Listener$Reader.doRunLoop(Server.java:1097)&#10;        at org.apache.hadoop.ipc.Server$Listener$Reader.run(Server.java:1076)&#10;&quot;metrics-hadoop-metrics2-reporter-34-thread-1&quot; daemon prio=5 tid=853 timed_waiting&#10;java.lang.Thread.State: TIMED_WAITING&#10;        at sun.misc.Unsafe.park(Native Method)&#10;        at java.util.concurrent.locks.LockSupport.parkNanos(LockSupport.java:215)&#10;        at java.util.concurrent.locks.AbstractQueuedSynchronizer$ConditionObject.awaitNanos(AbstractQueuedSynchronizer.java:2078)&#10;        at java.util.concurrent.ScheduledThreadPoolExecutor$DelayedWorkQueue.take(ScheduledThreadPoolExecutor.java:1093)&#10;        at java.util.concurrent.ScheduledThreadPoolExecutor$DelayedWorkQueue.take(ScheduledThreadPoolExecutor.java:809)&#10;        at java.util.concurrent.ThreadPoolExecutor.getTask(ThreadPoolExecutor.java:1074)&#10;        at java.util.concurrent.ThreadPoolExecutor.runWorker(ThreadPoolExecutor.java:1134)&#10;        at java.util.concurrent.ThreadPoolExecutor$Worker.run(ThreadPoolExecutor.java:624)&#10;        at java.lang.Thread.run(Thread.java:748)&#10;&quot;pool-46-thread-53&quot;  prio=5 tid=486 in Object.wait()&#10;java.lang.Thread.State: WAITING (on object monitor)&#10;        at sun.misc.Unsafe.park(Native Method)&#10;        at java.util.concurrent.locks.LockSupport.park(LockSupport.java:175)&#10;        at java.util.concurrent.locks.AbstractQueuedSynchronizer$ConditionObject.await(AbstractQueuedSynchronizer.java:2039)&#10;        at java.util.concurrent.ArrayBlockingQueue.take(ArrayBlockingQueue.java:403)&#10;        at java.util.concurrent.ThreadPoolExecutor.getTask(ThreadPoolExecutor.java:1074)&#10;        at java.util.concurrent.ThreadPoolExecutor.runWorker(ThreadPoolExecutor.java:1134)&#10;        at java.util.concurrent.ThreadPoolExecutor$Worker.run(ThreadPoolExecutor.java:624)&#10;        at java.lang.Thread.run(Thread.java:748)&#10;&quot;IPC Server handler 0 on 40029&quot; daemon prio=5 tid=69 timed_waiting&#10;java.lang.Thread.State: TIMED_WAITING&#10;        at sun.misc.Unsafe.park(Native Method)&#10;        at java.util.concurrent.locks.LockSupport.parkNanos(LockSupport.java:215)&#10;        at java.util.concurrent.locks.AbstractQueuedSynchronizer$ConditionObject.awaitNanos(AbstractQueuedSynchronizer.java:2078)&#10;        at java.util.concurrent.LinkedBlockingQueue.poll(LinkedBlockingQueue.java:467)&#10;        at org.apache.hadoop.ipc.CallQueueManager.take(CallQueueManager.java:288)&#10;        at org.apache.hadoop.ipc.Server$Handler.run(Server.java:2668)&#10;&quot;grpc-default-executor-7&quot; daemon prio=5 tid=972 timed_waiting&#10;java.lang.Thread.State: TIMED_WAITING&#10;        at sun.misc.Unsafe.park(Native Method)&#10;        at java.util.concurrent.locks.LockSupport.parkNanos(LockSupport.java:215)&#10;        at java.util.concurrent.SynchronousQueue$TransferStack.awaitFulfill(SynchronousQueue.java:460)&#10;        at java.util.concurrent.SynchronousQueue$TransferStack.transfer(SynchronousQueue.java:362)&#10;        at java.util.concurrent.SynchronousQueue.poll(SynchronousQueue.java:941)&#10;        at java.util.concurrent.ThreadPoolExecutor.getTask(ThreadPoolExecutor.java:1073)&#10;        at java.util.concurrent.ThreadPoolExecutor.runWorker(ThreadPoolExecutor.java:1134)&#10;        at java.util.concurrent.ThreadPoolExecutor$Worker.run(ThreadPoolExecutor.java:624)&#10;        at java.lang.Thread.run(Thread.java:748)&#10;&quot;pool-46-thread-57&quot;  prio=5 tid=490 in Object.wait()&#10;java.lang.Thread.State: WAITING (on object monitor)&#10;        at sun.misc.Unsafe.park(Native Method)&#10;        at java.util.concurrent.locks.LockSupport.park(LockSupport.java:175)&#10;        at java.util.concurrent.locks.AbstractQueuedSynchronizer$ConditionObject.await(AbstractQueuedSynchronizer.java:2039)&#10;        at java.util.concurrent.ArrayBlockingQueue.take(ArrayBlockingQueue.java:403)&#10;        at java.util.concurrent.ThreadPoolExecutor.getTask(ThreadPoolExecutor.java:1074)&#10;        at java.util.concurrent.ThreadPoolExecutor.runWorker(ThreadPoolExecutor.java:1134)&#10;        at java.util.concurrent.ThreadPoolExecutor$Worker.run(ThreadPoolExecutor.java:624)&#10;        at java.lang.Thread.run(Thread.java:748)&#10;&quot;org.eclipse.jetty.server.session.HashSessionManager@80bfdc6Timer&quot; daemon prio=5 tid=168 timed_waiting&#10;java.lang.Thread.State: TIMED_WAITING&#10;        at sun.misc.Unsafe.park(Native Method)&#10;        at java.util.concurrent.locks.LockSupport.parkNanos(LockSupport.java:215)&#10;        at java.util.concurrent.locks.AbstractQueuedSynchronizer$ConditionObject.awaitNanos(AbstractQueuedSynchronizer.java:2078)&#10;        at java.util.concurrent.ScheduledThreadPoolExecutor$DelayedWorkQueue.take(ScheduledThreadPoolExecutor.java:1093)&#10;        at java.util.concurrent.ScheduledThreadPoolExecutor$DelayedWorkQueue.take(ScheduledThreadPoolExecutor.java:809)&#10;        at java.util.concurrent.ThreadPoolExecutor.getTask(ThreadPoolExecutor.java:1074)&#10;        at java.util.concurrent.ThreadPoolExecutor.runWorker(ThreadPoolExecutor.java:1134)&#10;        at java.util.concurrent.ThreadPoolExecutor$Worker.run(ThreadPoolExecutor.java:624)&#10;        at java.lang.Thread.run(Thread.java:748)&#10;&quot;IPC Server handler 7 on 37215&quot; daemon prio=5 tid=56 timed_waiting&#10;java.lang.Thread.State: TIMED_WAITING&#10;        at sun.misc.Unsafe.park(Native Method)&#10;        at java.util.concurrent.locks.LockSupport.parkNanos(LockSupport.java:215)&#10;        at java.util.concurrent.locks.AbstractQueuedSynchronizer$ConditionObject.awaitNanos(AbstractQueuedSynchronizer.java:2078)&#10;        at java.util.concurrent.LinkedBlockingQueue.poll(LinkedBlockingQueue.java:467)&#10;        at org.apache.hadoop.ipc.CallQueueManager.take(CallQueueManager.java:288)&#10;        at org.apache.hadoop.ipc.Server$Handler.run(Server.java:2668)&#10;&quot;pool-56-thread-47&quot;  prio=5 tid=541 in Object.wait()&#10;java.lang.Thread.State: WAITING (on object monitor)&#10;        at sun.misc.Unsafe.park(Native Method)&#10;        at java.util.concurrent.locks.LockSupport.park(LockSupport.java:175)&#10;        at java.util.concurrent.locks.AbstractQueuedSynchronizer$ConditionObject.await(AbstractQueuedSynchronizer.java:2039)&#10;        at java.util.concurrent.ArrayBlockingQueue.take(ArrayBlockingQueue.java:403)&#10;        at java.util.concurrent.ThreadPoolExecutor.getTask(ThreadPoolExecutor.java:1074)&#10;        at java.util.concurrent.ThreadPoolExecutor.runWorker(ThreadPoolExecutor.java:1134)&#10;        at java.util.concurrent.ThreadPoolExecutor$Worker.run(ThreadPoolExecutor.java:624)&#10;        at java.lang.Thread.run(Thread.java:748)&#10;&quot;pool-56-thread-32&quot;  prio=5 tid=526 in Object.wait()&#10;java.lang.Thread.State: WAITING (on object monitor)&#10;        at sun.misc.Unsafe.park(Native Method)&#10;        at java.util.concurrent.locks.LockSupport.park(LockSupport.java:175)&#10;        at java.util.concurrent.locks.AbstractQueuedSynchronizer$ConditionObject.await(AbstractQueuedSynchronizer.java:2039)&#10;        at java.util.concurrent.ArrayBlockingQueue.take(ArrayBlockingQueue.java:403)&#10;        at java.util.concurrent.ThreadPoolExecutor.getTask(ThreadPoolExecutor.java:1074)&#10;        at java.util.concurrent.ThreadPoolExecutor.runWorker(ThreadPoolExecutor.java:1134)&#10;        at java.util.concurrent.ThreadPoolExecutor$Worker.run(ThreadPoolExecutor.java:624)&#10;        at java.lang.Thread.run(Thread.java:748)&#10;&quot;pool-77-thread-1&quot;  prio=5 tid=753 in Object.wait()&#10;java.lang.Thread.State: WAITING (on object monitor)&#10;        at sun.misc.Unsafe.park(Native Method)&#10;        at java.util.concurrent.locks.LockSupport.park(LockSupport.java:175)&#10;        at java.util.concurrent.locks.AbstractQueuedSynchronizer$ConditionObject.await(AbstractQueuedSynchronizer.java:2039)&#10;        at java.util.concurrent.LinkedBlockingQueue.take(LinkedBlockingQueue.java:442)&#10;        at java.util.concurrent.ThreadPoolExecutor.getTask(ThreadPoolExecutor.java:1074)&#10;        at java.util.concurrent.ThreadPoolExecutor.runWorker(ThreadPoolExecutor.java:1134)&#10;        at java.util.concurrent.ThreadPoolExecutor$Worker.run(ThreadPoolExecutor.java:624)&#10;        at java.lang.Thread.run(Thread.java:748)&#10;&quot;pool-26-thread-50&quot;  prio=5 tid=363 in Object.wait()&#10;java.lang.Thread.State: WAITING (on object monitor)&#10;        at sun.misc.Unsafe.park(Native Method)&#10;        at java.util.concurrent.locks.LockSupport.park(LockSupport.java:175)&#10;        at java.util.concurrent.locks.AbstractQueuedSynchronizer$ConditionObject.await(AbstractQueuedSynchronizer.java:2039)&#10;        at java.util.concurrent.ArrayBlockingQueue.take(ArrayBlockingQueue.java:403)&#10;        at java.util.concurrent.ThreadPoolExecutor.getTask(ThreadPoolExecutor.java:1074)&#10;        at java.util.concurrent.ThreadPoolExecutor.runWorker(ThreadPoolExecutor.java:1134)&#10;        at java.util.concurrent.ThreadPoolExecutor$Worker.run(ThreadPoolExecutor.java:624)&#10;        at java.lang.Thread.run(Thread.java:748)&#10;&quot;IPC Server handler 9 on 45005&quot; daemon prio=5 tid=38 timed_waiting&#10;java.lang.Thread.State: TIMED_WAITING&#10;        at sun.misc.Unsafe.park(Native Method)&#10;        at java.util.concurrent.locks.LockSupport.parkNanos(LockSupport.java:215)&#10;        at java.util.concurrent.locks.AbstractQueuedSynchronizer$ConditionObject.awaitNanos(AbstractQueuedSynchronizer.java:2078)&#10;        at java.util.concurrent.LinkedBlockingQueue.poll(LinkedBlockingQueue.java:467)&#10;        at org.apache.hadoop.ipc.CallQueueManager.take(CallQueueManager.java:288)&#10;        at org.apache.hadoop.ipc.Server$Handler.run(Server.java:2668)&#10;&quot;grpc-default-executor-9&quot; daemon prio=5 tid=973 timed_waiting&#10;java.lang.Thread.State: TIMED_WAITING&#10;        at sun.misc.Unsafe.park(Native Method)&#10;        at java.util.concurrent.locks.LockSupport.parkNanos(LockSupport.java:215)&#10;        at java.util.concurrent.SynchronousQueue$TransferStack.awaitFulfill(SynchronousQueue.java:460)&#10;        at java.util.concurrent.SynchronousQueue$TransferStack.transfer(SynchronousQueue.java:362)&#10;        at java.util.concurrent.SynchronousQueue.poll(SynchronousQueue.java:941)&#10;        at java.util.concurrent.ThreadPoolExecutor.getTask(ThreadPoolExecutor.java:1073)&#10;        at java.util.concurrent.ThreadPoolExecutor.runWorker(ThreadPoolExecutor.java:1134)&#10;        at java.util.concurrent.ThreadPoolExecutor$Worker.run(ThreadPoolExecutor.java:624)&#10;        at java.lang.Thread.run(Thread.java:748)&#10;&quot;pool-76-thread-8&quot;  prio=5 tid=632 in Object.wait()&#10;java.lang.Thread.State: WAITING (on object monitor)&#10;        at sun.misc.Unsafe.park(Native Method)&#10;        at java.util.concurrent.locks.LockSupport.park(LockSupport.java:175)&#10;        at java.util.concurrent.locks.AbstractQueuedSynchronizer$ConditionObject.await(AbstractQueuedSynchronizer.java:2039)&#10;        at java.util.concurrent.ArrayBlockingQueue.take(ArrayBlockingQueue.java:403)&#10;        at java.util.concurrent.ThreadPoolExecutor.getTask(ThreadPoolExecutor.java:1074)&#10;        at java.util.concurrent.ThreadPoolExecutor.runWorker(ThreadPoolExecutor.java:1134)&#10;        at java.util.concurrent.ThreadPoolExecutor$Worker.run(ThreadPoolExecutor.java:624)&#10;        at java.lang.Thread.run(Thread.java:748)&#10;&quot;grpc-default-executor-16&quot; daemon prio=5 tid=981 timed_waiting&#10;java.lang.Thread.State: TIMED_WAITING&#10;        at sun.misc.Unsafe.park(Native Method)&#10;        at java.util.concurrent.locks.LockSupport.parkNanos(LockSupport.java:215)&#10;        at java.util.concurrent.SynchronousQueue$TransferStack.awaitFulfill(SynchronousQueue.java:460)&#10;        at java.util.concurrent.SynchronousQueue$TransferStack.transfer(SynchronousQueue.java:362)&#10;        at java.util.concurrent.SynchronousQueue.poll(SynchronousQueue.java:941)&#10;        at java.util.concurrent.ThreadPoolExecutor.getTask(ThreadPoolExecutor.java:1073)&#10;        at java.util.concurrent.ThreadPoolExecutor.runWorker(ThreadPoolExecutor.java:1134)&#10;        at java.util.concurrent.ThreadPoolExecutor$Worker.run(ThreadPoolExecutor.java:624)&#10;        at java.lang.Thread.run(Thread.java:748)&#10;&quot;KeyDeletingService#1&quot; daemon prio=5 tid=107 in Object.wait()&#10;java.lang.Thread.State: WAITING (on object monitor)&#10;        at sun.misc.Unsafe.park(Native Method)&#10;        at java.util.concurrent.locks.LockSupport.park(LockSupport.java:175)&#10;        at java.util.concurrent.locks.AbstractQueuedSynchronizer$ConditionObject.await(AbstractQueuedSynchronizer.java:2039)&#10;        at java.util.concurrent.ScheduledThreadPoolExecutor$DelayedWorkQueue.take(ScheduledThreadPoolExecutor.java:1088)&#10;        at java.util.concurrent.ScheduledThreadPoolExecutor$DelayedWorkQueue.take(ScheduledThreadPoolExecutor.java:809)&#10;        at java.util.concurrent.ThreadPoolExecutor.getTask(ThreadPoolExecutor.java:1074)&#10;        at java.util.concurrent.ThreadPoolExecutor.runWorker(ThreadPoolExecutor.java:1134)&#10;        at java.util.concurrent.ThreadPoolExecutor$Worker.run(ThreadPoolExecutor.java:624)&#10;        at java.lang.Thread.run(Thread.java:748)&#10;&quot;pool-56-thread-13&quot;  prio=5 tid=507 in Object.wait()&#10;java.lang.Thread.State: WAITING (on object monitor)&#10;        at sun.misc.Unsafe.park(Native Method)&#10;        at java.util.concurrent.locks.LockSupport.park(LockSupport.java:175)&#10;        at java.util.concurrent.locks.AbstractQueuedSynchronizer$ConditionObject.await(AbstractQueuedSynchronizer.java:2039)&#10;        at java.util.concurrent.ArrayBlockingQueue.take(ArrayBlockingQueue.java:403)&#10;        at java.util.concurrent.ThreadPoolExecutor.getTask(ThreadPoolExecutor.java:1074)&#10;        at java.util.concurrent.ThreadPoolExecutor.runWorker(ThreadPoolExecutor.java:1134)&#10;        at java.util.concurrent.ThreadPoolExecutor$Worker.run(ThreadPoolExecutor.java:624)&#10;        at java.lang.Thread.run(Thread.java:748)&#10;&quot;OMDoubleBufferFlushThread&quot; daemon prio=5 tid=108 timed_waiting&#10;java.lang.Thread.State: TIMED_WAITING&#10;        at java.lang.Object.wait(Native Method)&#10;        at org.apache.hadoop.ozone.om.ratis.OzoneManagerDoubleBuffer.canFlush(OzoneManagerDoubleBuffer.java:320)&#10;        at org.apache.hadoop.ozone.om.ratis.OzoneManagerDoubleBuffer.flushTransactions(OzoneManagerDoubleBuffer.java:130)&#10;        at org.apache.hadoop.ozone.om.ratis.OzoneManagerDoubleBuffer$$Lambda$52/1598047636.run(Unknown Source)&#10;        at java.lang.Thread.run(Thread.java:748)&#10;&quot;Datanode ReportManager Thread - 2&quot; daemon prio=5 tid=281 in Object.wait()&#10;java.lang.Thread.State: WAITING (on object monitor)&#10;        at sun.misc.Unsafe.park(Native Method)&#10;        at java.util.concurrent.locks.LockSupport.park(LockSupport.java:175)&#10;        at java.util.concurrent.locks.AbstractQueuedSynchronizer$ConditionObject.await(AbstractQueuedSynchronizer.java:2039)&#10;        at java.util.concurrent.ScheduledThreadPoolExecutor$DelayedWorkQueue.take(ScheduledThreadPoolExecutor.java:1088)&#10;        at java.util.concurrent.ScheduledThreadPoolExecutor$DelayedWorkQueue.take(ScheduledThreadPoolExecutor.java:809)&#10;        at java.util.concurrent.ThreadPoolExecutor.getTask(ThreadPoolExecutor.java:1074)&#10;        at java.util.concurrent.ThreadPoolExecutor.runWorker(ThreadPoolExecutor.java:1134)&#10;        at java.util.concurrent.ThreadPoolExecutor$Worker.run(ThreadPoolExecutor.java:624)&#10;        at java.lang.Thread.run(Thread.java:748)&#10;&quot;pool-76-thread-28&quot;  prio=5 tid=652 in Object.wait()&#10;java.lang.Thread.State: WAITING (on object monitor)&#10;        at sun.misc.Unsafe.park(Native Method)&#10;        at java.util.concurrent.locks.LockSupport.park(LockSupport.java:175)&#10;        at java.util.concurrent.locks.AbstractQueuedSynchronizer$ConditionObject.await(AbstractQueuedSynchronizer.java:2039)&#10;        at java.util.concurrent.ArrayBlockingQueue.take(ArrayBlockingQueue.java:403)&#10;        at java.util.concurrent.ThreadPoolExecutor.getTask(ThreadPoolExecutor.java:1074)&#10;        at java.util.concurrent.ThreadPoolExecutor.runWorker(ThreadPoolExecutor.java:1134)&#10;        at java.util.concurrent.ThreadPoolExecutor$Worker.run(ThreadPoolExecutor.java:624)&#10;        at java.lang.Thread.run(Thread.java:748)&#10;&quot;surefire-forkedjvm-command-thread&quot; daemon prio=5 tid=8 runnable&#10;java.lang.Thread.State: RUNNABLE&#10;        at java.io.FileInputStream.readBytes(Native Method)&#10;        at java.io.FileInputStream.read(FileInputStream.java:255)&#10;        at java.io.BufferedInputStream.fill(BufferedInputStream.java:246)&#10;        at java.io.BufferedInputStream.read(BufferedInputStream.java:265)&#10;        at java.io.DataInputStream.readInt(DataInputStream.java:387)&#10;        at org.apache.maven.surefire.booter.MasterProcessCommand.decode(MasterProcessCommand.java:115)&#10;        at org.apache.maven.surefire.booter.CommandReader$CommandRunnable.run(CommandReader.java:390)&#10;        at java.lang.Thread.run(Thread.java:748)&#10;&quot;a7d59ef6-3eca-4628-b097-12d983444e7f@group-282EF1BFFEE0-StateMachineUpdater&quot; daemon prio=5 tid=771 in Object.wait()&#10;java.lang.Thread.State: WAITING (on object monitor)&#10;        at java.lang.Object.wait(Native Method)&#10;        at java.lang.Object.wait(Object.java:502)&#10;        at org.apache.ratis.server.impl.StateMachineUpdater.waitForCommit(StateMachineUpdater.java:183)&#10;        at org.apache.ratis.server.impl.StateMachineUpdater.run(StateMachineUpdater.java:148)&#10;        at java.lang.Thread.run(Thread.java:748)&#10;&quot;19e67e26-3d21-4d01-be9f-29113a4a814c@group-7CC56FB5D3F9-StateMachineUpdater&quot; daemon prio=5 tid=835 in Object.wait()&#10;java.lang.Thread.State: WAITING (on object monitor)&#10;        at java.lang.Object.wait(Native Method)&#10;        at java.lang.Object.wait(Object.java:502)&#10;        at org.apache.ratis.server.impl.StateMachineUpdater.waitForCommit(StateMachineUpdater.java:183)&#10;        at org.apache.ratis.server.impl.StateMachineUpdater.run(StateMachineUpdater.java:148)&#10;        at java.lang.Thread.run(Thread.java:748)&#10;&quot;pool-36-thread-45&quot;  prio=5 tid=418 in Object.wait()&#10;java.lang.Thread.State: WAITING (on object monitor)&#10;        at sun.misc.Unsafe.park(Native Method)&#10;        at java.util.concurrent.locks.LockSupport.park(LockSupport.java:175)&#10;        at java.util.concurrent.locks.AbstractQueuedSynchronizer$ConditionObject.await(AbstractQueuedSynchronizer.java:2039)&#10;        at java.util.concurrent.ArrayBlockingQueue.take(ArrayBlockingQueue.java:403)&#10;        at java.util.concurrent.ThreadPoolExecutor.getTask(ThreadPoolExecutor.java:1074)&#10;        at java.util.concurrent.ThreadPoolExecutor.runWorker(ThreadPoolExecutor.java:1134)&#10;        at java.util.concurrent.ThreadPoolExecutor$Worker.run(ThreadPoolExecutor.java:624)&#10;        at java.lang.Thread.run(Thread.java:748)&#10;&quot;pool-26-thread-21&quot;  prio=5 tid=334 in Object.wait()&#10;java.lang.Thread.State: WAITING (on object monitor)&#10;        at sun.misc.Unsafe.park(Native Method)&#10;        at java.util.concurrent.locks.LockSupport.park(LockSupport.java:175)&#10;        at java.util.concurrent.locks.AbstractQueuedSynchronizer$ConditionObject.await(AbstractQueuedSynchronizer.java:2039)&#10;        at java.util.concurrent.ArrayBlockingQueue.take(ArrayBlockingQueue.java:403)&#10;        at java.util.concurrent.ThreadPoolExecutor.getTask(ThreadPoolExecutor.java:1074)&#10;        at java.util.concurrent.ThreadPoolExecutor.runWorker(ThreadPoolExecutor.java:1134)&#10;        at java.util.concurrent.ThreadPoolExecutor$Worker.run(ThreadPoolExecutor.java:624)&#10;        at java.lang.Thread.run(Thread.java:748)&#10;&quot;pool-26-thread-5&quot;  prio=5 tid=318 in Object.wait()&#10;java.lang.Thread.State: WAITING (on object monitor)&#10;        at sun.misc.Unsafe.park(Native Method)&#10;        at java.util.concurrent.locks.LockSupport.park(LockSupport.java:175)&#10;        at java.util.concurrent.locks.AbstractQueuedSynchronizer$ConditionObject.await(AbstractQueuedSynchronizer.java:2039)&#10;        at java.util.concurrent.ArrayBlockingQueue.take(ArrayBlockingQueue.java:403)&#10;        at java.util.concurrent.ThreadPoolExecutor.getTask(ThreadPoolExecutor.java:1074)&#10;        at java.util.concurrent.ThreadPoolExecutor.runWorker(ThreadPoolExecutor.java:1134)&#10;        at java.util.concurrent.ThreadPoolExecutor$Worker.run(ThreadPoolExecutor.java:624)&#10;        at java.lang.Thread.run(Thread.java:748)&#10;&quot;pool-26-thread-49&quot;  prio=5 tid=362 in Object.wait()&#10;java.lang.Thread.State: WAITING (on object monitor)&#10;        at sun.misc.Unsafe.park(Native Method)&#10;        at java.util.concurrent.locks.LockSupport.park(LockSupport.java:175)&#10;        at java.util.concurrent.locks.AbstractQueuedSynchronizer$ConditionObject.await(AbstractQueuedSynchronizer.java:2039)&#10;        at java.util.concurrent.ArrayBlockingQueue.take(ArrayBlockingQueue.java:403)&#10;        at java.util.concurrent.ThreadPoolExecutor.getTask(ThreadPoolExecutor.java:1074)&#10;        at java.util.concurrent.ThreadPoolExecutor.runWorker(ThreadPoolExecutor.java:1134)&#10;        at java.util.concurrent.ThreadPoolExecutor$Worker.run(ThreadPoolExecutor.java:624)&#10;        at java.lang.Thread.run(Thread.java:748)&#10;&quot;pool-66-thread-7&quot;  prio=5 tid=569 in Object.wait()&#10;java.lang.Thread.State: WAITING (on object monitor)&#10;        at sun.misc.Unsafe.park(Native Method)&#10;        at java.util.concurrent.locks.LockSupport.park(LockSupport.java:175)&#10;        at java.util.concurrent.locks.AbstractQueuedSynchronizer$ConditionObject.await(AbstractQueuedSynchronizer.java:2039)&#10;        at java.util.concurrent.ArrayBlockingQueue.take(ArrayBlockingQueue.java:403)&#10;        at java.util.concurrent.ThreadPoolExecutor.getTask(ThreadPoolExecutor.java:1074)&#10;        at java.util.concurrent.ThreadPoolExecutor.runWorker(ThreadPoolExecutor.java:1134)&#10;        at java.util.concurrent.ThreadPoolExecutor$Worker.run(ThreadPoolExecutor.java:624)&#10;        at java.lang.Thread.run(Thread.java:748)&#10;&quot;Command processor thread&quot; daemon prio=5 tid=310 timed_waiting&#10;java.lang.Thread.State: TIMED_WAITING&#10;        at java.lang.Thread.sleep(Native Method)&#10;        at org.apache.hadoop.ozone.container.common.statemachine.DatanodeStateMachine.lambda$initCommandHandlerThread$1(DatanodeStateMachine.java:439)&#10;        at org.apache.hadoop.ozone.container.common.statemachine.DatanodeStateMachine$$Lambda$139/2094549442.run(Unknown Source)&#10;        at java.lang.Thread.run(Thread.java:748)&#10;&quot;d0888866-0bad-4f41-ad37-dccd4a57b958@group-ADB1B60517AF-SegmentedRaftLogWorker&quot;  prio=5 tid=787 timed_waiting&#10;java.lang.Thread.State: TIMED_WAITING&#10;        at sun.misc.Unsafe.park(Native Method)&#10;        at java.util.concurrent.locks.LockSupport.parkNanos(LockSupport.java:215)&#10;        at java.util.concurrent.locks.AbstractQueuedSynchronizer$ConditionObject.awaitNanos(AbstractQueuedSynchronizer.java:2078)&#10;        at org.apache.ratis.util.DataBlockingQueue.poll(DataBlockingQueue.java:137)&#10;        at org.apache.ratis.server.raftlog.segmented.SegmentedRaftLogWorker.run(SegmentedRaftLogWorker.java:283)&#10;        at java.lang.Thread.run(Thread.java:748)&#10;&quot;Datanode ReportManager Thread - 1&quot; daemon prio=5 tid=199 timed_waiting&#10;java.lang.Thread.State: TIMED_WAITING&#10;        at sun.misc.Unsafe.park(Native Method)&#10;        at java.util.concurrent.locks.LockSupport.parkNanos(LockSupport.java:215)&#10;        at java.util.concurrent.locks.AbstractQueuedSynchronizer$ConditionObject.awaitNanos(AbstractQueuedSynchronizer.java:2078)&#10;        at java.util.concurrent.ScheduledThreadPoolExecutor$DelayedWorkQueue.take(ScheduledThreadPoolExecutor.java:1093)&#10;        at java.util.concurrent.ScheduledThreadPoolExecutor$DelayedWorkQueue.take(ScheduledThreadPoolExecutor.java:809)&#10;        at java.util.concurrent.ThreadPoolExecutor.getTask(ThreadPoolExecutor.java:1074)&#10;        at java.util.concurrent.ThreadPoolExecutor.runWorker(ThreadPoolExecutor.java:1134)&#10;        at java.util.concurrent.ThreadPoolExecutor$Worker.run(ThreadPoolExecutor.java:624)&#10;        at java.lang.Thread.run(Thread.java:748)&#10;&quot;pool-26-thread-40&quot;  prio=5 tid=353 in Object.wait()&#10;java.lang.Thread.State: WAITING (on object monitor)&#10;        at sun.misc.Unsafe.park(Native Method)&#10;        at java.util.concurrent.locks.LockSupport.park(LockSupport.java:175)&#10;        at java.util.concurrent.locks.AbstractQueuedSynchronizer$ConditionObject.await(AbstractQueuedSynchronizer.java:2039)&#10;        at java.util.concurrent.ArrayBlockingQueue.take(ArrayBlockingQueue.java:403)&#10;        at java.util.concurrent.ThreadPoolExecutor.getTask(ThreadPoolExecutor.java:1074)&#10;        at java.util.concurrent.ThreadPoolExecutor.runWorker(ThreadPoolExecutor.java:1134)&#10;        at java.util.concurrent.ThreadPoolExecutor$Worker.run(ThreadPoolExecutor.java:624)&#10;        at java.lang.Thread.run(Thread.java:748)&#10;&quot;pool-76-thread-30&quot;  prio=5 tid=654 in Object.wait()&#10;java.lang.Thread.State: WAITING (on object monitor)&#10;        at sun.misc.Unsafe.park(Native Method)&#10;        at java.util.concurrent.locks.LockSupport.park(LockSupport.java:175)&#10;        at java.util.concurrent.locks.AbstractQueuedSynchronizer$ConditionObject.await(AbstractQueuedSynchronizer.java:2039)&#10;        at java.util.concurrent.ArrayBlockingQueue.take(ArrayBlockingQueue.java:403)&#10;        at java.util.concurrent.ThreadPoolExecutor.getTask(ThreadPoolExecutor.java:1074)&#10;        at java.util.concurrent.ThreadPoolExecutor.runWorker(ThreadPoolExecutor.java:1134)&#10;        at java.util.concurrent.ThreadPoolExecutor$Worker.run(ThreadPoolExecutor.java:624)&#10;        at java.lang.Thread.run(Thread.java:748)&#10;&quot;8c24ed06-386e-4085-8931-93c762a64530@group-BF1BD4D8076C-StateMachineUpdater&quot; daemon prio=5 tid=742 in Object.wait()&#10;java.lang.Thread.State: WAITING (on object monitor)&#10;        at java.lang.Object.wait(Native Method)&#10;        at java.lang.Object.wait(Object.java:502)&#10;        at org.apache.ratis.server.impl.StateMachineUpdater.waitForCommit(StateMachineUpdater.java:183)&#10;        at org.apache.ratis.server.impl.StateMachineUpdater.run(StateMachineUpdater.java:148)&#10;        at java.lang.Thread.run(Thread.java:748)&#10;&quot;org.eclipse.jetty.server.session.HashSessionManager@3ba46e63Timer&quot; daemon prio=5 tid=303 timed_waiting&#10;java.lang.Thread.State: TIMED_WAITING&#10;        at sun.misc.Unsafe.park(Native Method)&#10;        at java.util.concurrent.locks.LockSupport.parkNanos(LockSupport.java:215)&#10;        at java.util.concurrent.locks.AbstractQueuedSynchronizer$ConditionObject.awaitNanos(AbstractQueuedSynchronizer.java:2078)&#10;        at java.util.concurrent.ScheduledThreadPoolExecutor$DelayedWorkQueue.take(ScheduledThreadPoolExecutor.java:1093)&#10;        at java.util.concurrent.ScheduledThreadPoolExecutor$DelayedWorkQueue.take(ScheduledThreadPoolExecutor.java:809)&#10;        at java.util.concurrent.ThreadPoolExecutor.getTask(ThreadPoolExecutor.java:1074)&#10;        at java.util.concurrent.ThreadPoolExecutor.runWorker(ThreadPoolExecutor.java:1134)&#10;        at java.util.concurrent.ThreadPoolExecutor$Worker.run(ThreadPoolExecutor.java:624)&#10;        at java.lang.Thread.run(Thread.java:748)&#10;&quot;EventQueue-NodeReportForNodeReportHandler&quot; daemon prio=5 tid=1724 in Object.wait()&#10;java.lang.Thread.State: WAITING (on object monitor)&#10;        at sun.misc.Unsafe.park(Native Method)&#10;        at java.util.concurrent.locks.LockSupport.park(LockSupport.java:175)&#10;        at java.util.concurrent.locks.AbstractQueuedSynchronizer$ConditionObject.await(AbstractQueuedSynchronizer.java:2039)&#10;        at java.util.concurrent.LinkedBlockingQueue.take(LinkedBlockingQueue.java:442)&#10;        at java.util.concurrent.ThreadPoolExecutor.getTask(ThreadPoolExecutor.java:1074)&#10;        at java.util.concurrent.ThreadPoolExecutor.runWorker(ThreadPoolExecutor.java:1134)&#10;        at java.util.concurrent.ThreadPoolExecutor$Worker.run(ThreadPoolExecutor.java:624)&#10;        at java.lang.Thread.run(Thread.java:748)&#10;&quot;IPC Server handler 15 on 44461&quot; daemon prio=5 tid=130 timed_waiting&#10;java.lang.Thread.State: TIMED_WAITING&#10;        at sun.misc.Unsafe.park(Native Method)&#10;        at java.util.concurrent.locks.LockSupport.parkNanos(LockSupport.java:215)&#10;        at java.util.concurrent.locks.AbstractQueuedSynchronizer$ConditionObject.awaitNanos(AbstractQueuedSynchronizer.java:2078)&#10;        at java.util.concurrent.LinkedBlockingQueue.poll(LinkedBlockingQueue.java:467)&#10;        at org.apache.hadoop.ipc.CallQueueManager.take(CallQueueManager.java:288)&#10;        at org.apache.hadoop.ipc.Server$Handler.run(Server.java:2668)&#10;&quot;pool-46-thread-3&quot;  prio=5 tid=436 in Object.wait()&#10;java.lang.Thread.State: WAITING (on object monitor)&#10;        at sun.misc.Unsafe.park(Native Method)&#10;        at java.util.concurrent.locks.LockSupport.park(LockSupport.java:175)&#10;        at java.util.concurrent.locks.AbstractQueuedSynchronizer$ConditionObject.await(AbstractQueuedSynchronizer.java:2039)&#10;        at java.util.concurrent.ArrayBlockingQueue.take(ArrayBlockingQueue.java:403)&#10;        at java.util.concurrent.ThreadPoolExecutor.getTask(ThreadPoolExecutor.java:1074)&#10;        at java.util.concurrent.ThreadPoolExecutor.runWorker(ThreadPoolExecutor.java:1134)&#10;        at java.util.concurrent.ThreadPoolExecutor$Worker.run(ThreadPoolExecutor.java:624)&#10;        at java.lang.Thread.run(Thread.java:748)&#10;&quot;qtp1680841335-244&quot; daemon prio=5 tid=244 timed_waiting&#10;java.lang.Thread.State: TIMED_WAITING&#10;        at sun.misc.Unsafe.park(Native Method)&#10;        at java.util.concurrent.locks.LockSupport.parkNanos(LockSupport.java:215)&#10;        at java.util.concurrent.locks.AbstractQueuedSynchronizer$ConditionObject.awaitNanos(AbstractQueuedSynchronizer.java:2078)&#10;        at org.eclipse.jetty.util.BlockingArrayQueue.poll(BlockingArrayQueue.java:392)&#10;        at org.eclipse.jetty.util.thread.QueuedThreadPool.idleJobPoll(QueuedThreadPool.java:563)&#10;        at org.eclipse.jetty.util.thread.QueuedThreadPool.access$800(QueuedThreadPool.java:48)&#10;        at org.eclipse.jetty.util.thread.QueuedThreadPool$2.run(QueuedThreadPool.java:626)&#10;        at java.lang.Thread.run(Thread.java:748)&#10;&quot;pool-36-thread-47&quot;  prio=5 tid=420 in Object.wait()&#10;java.lang.Thread.State: WAITING (on object monitor)&#10;        at sun.misc.Unsafe.park(Native Method)&#10;        at java.util.concurrent.locks.LockSupport.park(LockSupport.java:175)&#10;        at java.util.concurrent.locks.AbstractQueuedSynchronizer$ConditionObject.await(AbstractQueuedSynchronizer.java:2039)&#10;        at java.util.concurrent.ArrayBlockingQueue.take(ArrayBlockingQueue.java:403)&#10;        at java.util.concurrent.ThreadPoolExecutor.getTask(ThreadPoolExecutor.java:1074)&#10;        at java.util.concurrent.ThreadPoolExecutor.runWorker(ThreadPoolExecutor.java:1134)&#10;        at java.util.concurrent.ThreadPoolExecutor$Worker.run(ThreadPoolExecutor.java:624)&#10;        at java.lang.Thread.run(Thread.java:748)&#10;&quot;metrics-hadoop-metrics2-reporter-54-thread-1&quot; daemon prio=5 tid=1827 timed_waiting&#10;java.lang.Thread.State: TIMED_WAITING&#10;        at sun.misc.Unsafe.park(Native Method)&#10;        at java.util.concurrent.locks.LockSupport.parkNanos(LockSupport.java:215)&#10;        at java.util.concurrent.locks.AbstractQueuedSynchronizer$ConditionObject.awaitNanos(AbstractQueuedSynchronizer.java:2078)&#10;        at java.util.concurrent.ScheduledThreadPoolExecutor$DelayedWorkQueue.take(ScheduledThreadPoolExecutor.java:1093)&#10;        at java.util.concurrent.ScheduledThreadPoolExecutor$DelayedWorkQueue.take(ScheduledThreadPoolExecutor.java:809)&#10;        at java.util.concurrent.ThreadPoolExecutor.getTask(ThreadPoolExecutor.java:1074)&#10;        at java.util.concurrent.ThreadPoolExecutor.runWorker(ThreadPoolExecutor.java:1134)&#10;        at java.util.concurrent.ThreadPoolExecutor$Worker.run(ThreadPoolExecutor.java:624)&#10;        at java.lang.Thread.run(Thread.java:748)&#10;&quot;java.util.concurrent.ThreadPoolExecutor$Worker@10ca7197[State = -1, empty queue]&quot; daemon prio=5 tid=1857 timed_waiting&#10;java.lang.Thread.State: TIMED_WAITING&#10;        at sun.misc.Unsafe.park(Native Method)&#10;        at java.util.concurrent.locks.LockSupport.parkNanos(LockSupport.java:215)&#10;        at java.util.concurrent.locks.AbstractQueuedSynchronizer$ConditionObject.awaitNanos(AbstractQueuedSynchronizer.java:2078)&#10;        at java.util.concurrent.ScheduledThreadPoolExecutor$DelayedWorkQueue.take(ScheduledThreadPoolExecutor.java:1093)&#10;        at java.util.concurrent.ScheduledThreadPoolExecutor$DelayedWorkQueue.take(ScheduledThreadPoolExecutor.java:809)&#10;        at java.util.concurrent.ThreadPoolExecutor.getTask(ThreadPoolExecutor.java:1074)&#10;        at java.util.concurrent.ThreadPoolExecutor.runWorker(ThreadPoolExecutor.java:1134)&#10;        at java.util.concurrent.ThreadPoolExecutor$Worker.run(ThreadPoolExecutor.java:624)&#10;        at java.lang.Thread.run(Thread.java:748)&#10;&quot;pool-26-thread-30&quot;  prio=5 tid=343 in Object.wait()&#10;java.lang.Thread.State: WAITING (on object monitor)&#10;        at sun.misc.Unsafe.park(Native Method)&#10;        at java.util.concurrent.locks.LockSupport.park(LockSupport.java:175)&#10;        at java.util.concurrent.locks.AbstractQueuedSynchronizer$ConditionObject.await(AbstractQueuedSynchronizer.java:2039)&#10;        at java.util.concurrent.ArrayBlockingQueue.take(ArrayBlockingQueue.java:403)&#10;        at java.util.concurrent.ThreadPoolExecutor.getTask(ThreadPoolExecutor.java:1074)&#10;        at java.util.concurrent.ThreadPoolExecutor.runWorker(ThreadPoolExecutor.java:1134)&#10;        at java.util.concurrent.ThreadPoolExecutor$Worker.run(ThreadPoolExecutor.java:624)&#10;        at java.lang.Thread.run(Thread.java:748)&#10;&quot;pool-46-thread-44&quot;  prio=5 tid=477 in Object.wait()&#10;java.lang.Thread.State: WAITING (on object monitor)&#10;        at sun.misc.Unsafe.park(Native Method)&#10;        at java.util.concurrent.locks.LockSupport.park(LockSupport.java:175)&#10;        at java.util.concurrent.locks.AbstractQueuedSynchronizer$ConditionObject.await(AbstractQueuedSynchronizer.java:2039)&#10;        at java.util.concurrent.ArrayBlockingQueue.take(ArrayBlockingQueue.java:403)&#10;        at java.util.concurrent.ThreadPoolExecutor.getTask(ThreadPoolExecutor.java:1074)&#10;        at java.util.concurrent.ThreadPoolExecutor.runWorker(ThreadPoolExecutor.java:1134)&#10;        at java.util.concurrent.ThreadPoolExecutor$Worker.run(ThreadPoolExecutor.java:624)&#10;        at java.lang.Thread.run(Thread.java:748)&#10;&quot;metrics-hadoop-metrics2-reporter-33-thread-1&quot; daemon prio=5 tid=852 timed_waiting&#10;java.lang.Thread.State: TIMED_WAITING&#10;        at sun.misc.Unsafe.park(Native Method)&#10;        at java.util.concurrent.locks.LockSupport.parkNanos(LockSupport.java:215)&#10;        at java.util.concurrent.locks.AbstractQueuedSynchronizer$ConditionObject.awaitNanos(AbstractQueuedSynchronizer.java:2078)&#10;        at java.util.concurrent.ScheduledThreadPoolExecutor$DelayedWorkQueue.take(ScheduledThreadPoolExecutor.java:1093)&#10;        at java.util.concurrent.ScheduledThreadPoolExecutor$DelayedWorkQueue.take(ScheduledThreadPoolExecutor.java:809)&#10;        at java.util.concurrent.ThreadPoolExecutor.getTask(ThreadPoolExecutor.java:1074)&#10;        at java.util.concurrent.ThreadPoolExecutor.runWorker(ThreadPoolExecutor.java:1134)&#10;        at java.util.concurrent.ThreadPoolExecutor$Worker.run(ThreadPoolExecutor.java:624)&#10;        at java.lang.Thread.run(Thread.java:748)&#10;&quot;pool-46-thread-17&quot;  prio=5 tid=450 in Object.wait()&#10;java.lang.Thread.State: WAITING (on object monitor)&#10;        at sun.misc.Unsafe.park(Native Method)&#10;        at java.util.concurrent.locks.LockSupport.park(LockSupport.java:175)&#10;        at java.util.concurrent.locks.AbstractQueuedSynchronizer$ConditionObject.await(AbstractQueuedSynchronizer.java:2039)&#10;        at java.util.concurrent.ArrayBlockingQueue.take(ArrayBlockingQueue.java:403)&#10;        at java.util.concurrent.ThreadPoolExecutor.getTask(ThreadPoolExecutor.java:1074)&#10;        at java.util.concurrent.ThreadPoolExecutor.runWorker(ThreadPoolExecutor.java:1134)&#10;        at java.util.concurrent.ThreadPoolExecutor$Worker.run(ThreadPoolExecutor.java:624)&#10;        at java.lang.Thread.run(Thread.java:748)&#10;&quot;grpc-default-executor-6&quot; daemon prio=5 tid=971 timed_waiting&#10;java.lang.Thread.State: TIMED_WAITING&#10;        at sun.misc.Unsafe.park(Native Method)&#10;        at java.util.concurrent.locks.LockSupport.parkNanos(LockSupport.java:215)&#10;        at java.util.concurrent.SynchronousQueue$TransferStack.awaitFulfill(SynchronousQueue.java:460)&#10;        at java.util.concurrent.SynchronousQueue$TransferStack.transfer(SynchronousQueue.java:362)&#10;        at java.util.concurrent.SynchronousQueue.poll(SynchronousQueue.java:941)&#10;        at java.util.concurrent.ThreadPoolExecutor.getTask(ThreadPoolExecutor.java:1073)&#10;        at java.util.concurrent.ThreadPoolExecutor.runWorker(ThreadPoolExecutor.java:1134)&#10;        at java.util.concurrent.ThreadPoolExecutor$Worker.run(ThreadPoolExecutor.java:624)&#10;        at java.lang.Thread.run(Thread.java:748)&#10;&quot;Datanode ReportManager Thread - 1&quot; daemon prio=5 tid=172 in Object.wait()&#10;java.lang.Thread.State: WAITING (on object monitor)&#10;        at sun.misc.Unsafe.park(Native Method)&#10;        at java.util.concurrent.locks.LockSupport.park(LockSupport.java:175)&#10;        at java.util.concurrent.locks.AbstractQueuedSynchronizer$ConditionObject.await(AbstractQueuedSynchronizer.java:2039)&#10;        at java.util.concurrent.ScheduledThreadPoolExecutor$DelayedWorkQueue.take(ScheduledThreadPoolExecutor.java:1088)&#10;        at java.util.concurrent.ScheduledThreadPoolExecutor$DelayedWorkQueue.take(ScheduledThreadPoolExecutor.java:809)&#10;        at java.util.concurrent.ThreadPoolExecutor.getTask(ThreadPoolExecutor.java:1074)&#10;        at java.util.concurrent.ThreadPoolExecutor.runWorker(ThreadPoolExecutor.java:1134)&#10;        at java.util.concurrent.ThreadPoolExecutor$Worker.run(ThreadPoolExecutor.java:624)&#10;        at java.lang.Thread.run(Thread.java:748)&#10;&quot;metrics-hadoop-metrics2-reporter-56-thread-1&quot; daemon prio=5 tid=1831 timed_waiting&#10;java.lang.Thread.State: TIMED_WAITING&#10;        at sun.misc.Unsafe.park(Native Method)&#10;        at java.util.concurrent.locks.LockSupport.parkNanos(LockSupport.java:215)&#10;        at java.util.concurrent.locks.AbstractQueuedSynchronizer$ConditionObject.awaitNanos(AbstractQueuedSynchronizer.java:2078)&#10;        at java.util.concurrent.ScheduledThreadPoolExecutor$DelayedWorkQueue.take(ScheduledThreadPoolExecutor.java:1093)&#10;        at java.util.concurrent.ScheduledThreadPoolExecutor$DelayedWorkQueue.take(ScheduledThreadPoolExecutor.java:809)&#10;        at java.util.concurrent.ThreadPoolExecutor.getTask(ThreadPoolExecutor.java:1074)&#10;        at java.util.concurrent.ThreadPoolExecutor.runWorker(ThreadPoolExecutor.java:1134)&#10;        at java.util.concurrent.ThreadPoolExecutor$Worker.run(ThreadPoolExecutor.java:624)&#10;        at java.lang.Thread.run(Thread.java:748)&#10;&quot;qtp1507604180-188&quot; daemon prio=5 tid=188 timed_waiting&#10;java.lang.Thread.State: TIMED_WAITING&#10;        at sun.misc.Unsafe.park(Native Method)&#10;        at java.util.concurrent.locks.LockSupport.parkNanos(LockSupport.java:215)&#10;        at java.util.concurrent.locks.AbstractQueuedSynchronizer$ConditionObject.awaitNanos(AbstractQueuedSynchronizer.java:2078)&#10;        at org.eclipse.jetty.util.BlockingArrayQueue.poll(BlockingArrayQueue.java:392)&#10;        at org.eclipse.jetty.util.thread.QueuedThreadPool.idleJobPoll(QueuedThreadPool.java:563)&#10;        at org.eclipse.jetty.util.thread.QueuedThreadPool.access$800(QueuedThreadPool.java:48)&#10;        at org.eclipse.jetty.util.thread.QueuedThreadPool$2.run(QueuedThreadPool.java:626)&#10;        at java.lang.Thread.run(Thread.java:748)&#10;&quot;metrics-hadoop-metrics2-reporter-29-thread-1&quot; daemon prio=5 tid=834 timed_waiting&#10;java.lang.Thread.State: TIMED_WAITING&#10;        at sun.misc.Unsafe.park(Native Method)&#10;        at java.util.concurrent.locks.LockSupport.parkNanos(LockSupport.java:215)&#10;        at java.util.concurrent.locks.AbstractQueuedSynchronizer$ConditionObject.awaitNanos(AbstractQueuedSynchronizer.java:2078)&#10;        at java.util.concurrent.ScheduledThreadPoolExecutor$DelayedWorkQueue.take(ScheduledThreadPoolExecutor.java:1093)&#10;        at java.util.concurrent.ScheduledThreadPoolExecutor$DelayedWorkQueue.take(ScheduledThreadPoolExecutor.java:809)&#10;        at java.util.concurrent.ThreadPoolExecutor.getTask(ThreadPoolExecutor.java:1074)&#10;        at java.util.concurrent.ThreadPoolExecutor.runWorker(ThreadPoolExecutor.java:1134)&#10;        at java.util.concurrent.ThreadPoolExecutor$Worker.run(ThreadPoolExecutor.java:624)&#10;        at java.lang.Thread.run(Thread.java:748)&#10;&quot;metrics-hadoop-metrics2-reporter-19-thread-1&quot; daemon prio=5 tid=778 timed_waiting&#10;java.lang.Thread.State: TIMED_WAITING&#10;        at sun.misc.Unsafe.park(Native Method)&#10;        at java.util.concurrent.locks.LockSupport.parkNanos(LockSupport.java:215)&#10;        at java.util.concurrent.locks.AbstractQueuedSynchronizer$ConditionObject.awaitNanos(AbstractQueuedSynchronizer.java:2078)&#10;        at java.util.concurrent.ScheduledThreadPoolExecutor$DelayedWorkQueue.take(ScheduledThreadPoolExecutor.java:1093)&#10;        at java.util.concurrent.ScheduledThreadPoolExecutor$DelayedWorkQueue.take(ScheduledThreadPoolExecutor.java:809)&#10;        at java.util.concurrent.ThreadPoolExecutor.getTask(ThreadPoolExecutor.java:1074)&#10;        at java.util.concurrent.ThreadPoolExecutor.runWorker(ThreadPoolExecutor.java:1134)&#10;        at java.util.concurrent.ThreadPoolExecutor$Worker.run(ThreadPoolExecutor.java:624)&#10;        at java.lang.Thread.run(Thread.java:748)&#10;&quot;pool-30-thread-1&quot;  prio=5 tid=158 timed_waiting&#10;java.lang.Thread.State: TIMED_WAITING&#10;        at sun.misc.Unsafe.park(Native Method)&#10;        at java.util.concurrent.locks.LockSupport.parkNanos(LockSupport.java:215)&#10;        at java.util.concurrent.locks.AbstractQueuedSynchronizer$ConditionObject.awaitNanos(AbstractQueuedSynchronizer.java:2078)&#10;        at java.util.concurrent.ScheduledThreadPoolExecutor$DelayedWorkQueue.take(ScheduledThreadPoolExecutor.java:1093)&#10;        at java.util.concurrent.ScheduledThreadPoolExecutor$DelayedWorkQueue.take(ScheduledThreadPoolExecutor.java:809)&#10;        at java.util.concurrent.ThreadPoolExecutor.getTask(ThreadPoolExecutor.java:1074)&#10;        at java.util.concurrent.ThreadPoolExecutor.runWorker(ThreadPoolExecutor.java:1134)&#10;        at java.util.concurrent.ThreadPoolExecutor$Worker.run(ThreadPoolExecutor.java:624)&#10;        at java.lang.Thread.run(Thread.java:748)&#10;&quot;BlockDeletingService#0&quot; daemon prio=5 tid=558 in Object.wait()&#10;java.lang.Thread.State: WAITING (on object monitor)&#10;        at sun.misc.Unsafe.park(Native Method)&#10;        at java.util.concurrent.locks.LockSupport.park(LockSupport.java:175)&#10;        at java.util.concurrent.locks.AbstractQueuedSynchronizer$ConditionObject.await(AbstractQueuedSynchronizer.java:2039)&#10;        at java.util.concurrent.ScheduledThreadPoolExecutor$DelayedWorkQueue.take(ScheduledThreadPoolExecutor.java:1088)&#10;        at java.util.concurrent.ScheduledThreadPoolExecutor$DelayedWorkQueue.take(ScheduledThreadPoolExecutor.java:809)&#10;        at java.util.concurrent.ThreadPoolExecutor.getTask(ThreadPoolExecutor.java:1074)&#10;        at java.util.concurrent.ThreadPoolExecutor.runWorker(ThreadPoolExecutor.java:1134)&#10;        at java.util.concurrent.ThreadPoolExecutor$Worker.run(ThreadPoolExecutor.java:624)&#10;        at java.lang.Thread.run(Thread.java:748)&#10;&quot;19e67e26-3d21-4d01-be9f-29113a4a814c@group-158143B13CCA-SegmentedRaftLogWorker&quot;  prio=5 tid=895 timed_waiting&#10;java.lang.Thread.State: TIMED_WAITING&#10;        at sun.misc.Unsafe.park(Native Method)&#10;        at java.util.concurrent.locks.LockSupport.parkNanos(LockSupport.java:215)&#10;        at java.util.concurrent.locks.AbstractQueuedSynchronizer$ConditionObject.awaitNanos(AbstractQueuedSynchronizer.java:2078)&#10;        at org.apache.ratis.util.DataBlockingQueue.poll(DataBlockingQueue.java:137)&#10;        at org.apache.ratis.server.raftlog.segmented.SegmentedRaftLogWorker.run(SegmentedRaftLogWorker.java:283)&#10;        at java.lang.Thread.run(Thread.java:748)&#10;&quot;pool-56-thread-29&quot;  prio=5 tid=523 in Object.wait()&#10;java.lang.Thread.State: WAITING (on object monitor)&#10;        at sun.misc.Unsafe.park(Native Method)&#10;        at java.util.concurrent.locks.LockSupport.park(LockSupport.java:175)&#10;        at java.util.concurrent.locks.AbstractQueuedSynchronizer$ConditionObject.await(AbstractQueuedSynchronizer.java:2039)&#10;        at java.util.concurrent.ArrayBlockingQueue.take(ArrayBlockingQueue.java:403)&#10;        at java.util.concurrent.ThreadPoolExecutor.getTask(ThreadPoolExecutor.java:1074)&#10;        at java.util.concurrent.ThreadPoolExecutor.runWorker(ThreadPoolExecutor.java:1134)&#10;        at java.util.concurrent.ThreadPoolExecutor$Worker.run(ThreadPoolExecutor.java:624)&#10;        at java.lang.Thread.run(Thread.java:748)&#10;&quot;qtp1947666055-294&quot; daemon prio=5 tid=294 runnable&#10;java.lang.Thread.State: RUNNABLE&#10;        at sun.nio.ch.EPollArrayWrapper.epollWait(Native Method)&#10;        at sun.nio.ch.EPollArrayWrapper.poll(EPollArrayWrapper.java:269)&#10;        at sun.nio.ch.EPollSelectorImpl.doSelect(EPollSelectorImpl.java:93)&#10;        at sun.nio.ch.SelectorImpl.lockAndDoSelect(SelectorImpl.java:86)&#10;        at sun.nio.ch.SelectorImpl.select(SelectorImpl.java:97)&#10;        at sun.nio.ch.SelectorImpl.select(SelectorImpl.java:101)&#10;        at org.eclipse.jetty.io.ManagedSelector$SelectorProducer.select(ManagedSelector.java:243)&#10;        at org.eclipse.jetty.io.ManagedSelector$SelectorProducer.produce(ManagedSelector.java:191)&#10;        at org.eclipse.jetty.util.thread.strategy.ExecuteProduceConsume.executeProduceConsume(ExecuteProduceConsume.java:249)&#10;        at org.eclipse.jetty.util.thread.strategy.ExecuteProduceConsume.produceConsume(ExecuteProduceConsume.java:148)&#10;        at org.eclipse.jetty.util.thread.strategy.ExecuteProduceConsume.execute(ExecuteProduceConsume.java:100)&#10;        at org.eclipse.jetty.io.ManagedSelector.run(ManagedSelector.java:147)&#10;        at org.eclipse.jetty.util.thread.QueuedThreadPool.runJob(QueuedThreadPool.java:671)&#10;        at org.eclipse.jetty.util.thread.QueuedThreadPool$2.run(QueuedThreadPool.java:589)&#10;        at java.lang.Thread.run(Thread.java:748)&#10;&quot;pool-54-thread-1&quot; daemon prio=5 tid=237 timed_waiting&#10;java.lang.Thread.State: TIMED_WAITING&#10;        at sun.misc.Unsafe.park(Native Method)&#10;        at java.util.concurrent.locks.LockSupport.parkNanos(LockSupport.java:215)&#10;        at java.util.concurrent.locks.AbstractQueuedSynchronizer$ConditionObject.awaitNanos(AbstractQueuedSynchronizer.java:2078)&#10;        at java.util.concurrent.ScheduledThreadPoolExecutor$DelayedWorkQueue.take(ScheduledThreadPoolExecutor.java:1093)&#10;        at java.util.concurrent.ScheduledThreadPoolExecutor$DelayedWorkQueue.take(ScheduledThreadPoolExecutor.java:809)&#10;        at java.util.concurrent.ThreadPoolExecutor.getTask(ThreadPoolExecutor.java:1074)&#10;        at java.util.concurrent.ThreadPoolExecutor.runWorker(ThreadPoolExecutor.java:1134)&#10;        at java.util.concurrent.ThreadPoolExecutor$Worker.run(ThreadPoolExecutor.java:624)&#10;        at java.lang.Thread.run(Thread.java:748)&#10;&quot;pool-70-thread-1&quot;  prio=5 tid=266 timed_waiting&#10;java.lang.Thread.State: TIMED_WAITING&#10;        at sun.misc.Unsafe.park(Native Method)&#10;        at java.util.concurrent.locks.LockSupport.parkNanos(LockSupport.java:215)&#10;        at java.util.concurrent.locks.AbstractQueuedSynchronizer$ConditionObject.awaitNanos(AbstractQueuedSynchronizer.java:2078)&#10;        at java.util.concurrent.ScheduledThreadPoolExecutor$DelayedWorkQueue.take(ScheduledThreadPoolExecutor.java:1093)&#10;        at java.util.concurrent.ScheduledThreadPoolExecutor$DelayedWorkQueue.take(ScheduledThreadPoolExecutor.java:809)&#10;        at java.util.concurrent.ThreadPoolExecutor.getTask(ThreadPoolExecutor.java:1074)&#10;        at java.util.concurrent.ThreadPoolExecutor.runWorker(ThreadPoolExecutor.java:1134)&#10;        at java.util.concurrent.ThreadPoolExecutor$Worker.run(ThreadPoolExecutor.java:624)&#10;        at java.lang.Thread.run(Thread.java:748)&#10;&quot;pool-76-thread-44&quot;  prio=5 tid=668 in Object.wait()&#10;java.lang.Thread.State: WAITING (on object monitor)&#10;        at sun.misc.Unsafe.park(Native Method)&#10;        at java.util.concurrent.locks.LockSupport.park(LockSupport.java:175)&#10;        at java.util.concurrent.locks.AbstractQueuedSynchronizer$ConditionObject.await(AbstractQueuedSynchronizer.java:2039)&#10;        at java.util.concurrent.ArrayBlockingQueue.take(ArrayBlockingQueue.java:403)&#10;        at java.util.concurrent.ThreadPoolExecutor.getTask(ThreadPoolExecutor.java:1074)&#10;        at java.util.concurrent.ThreadPoolExecutor.runWorker(ThreadPoolExecutor.java:1134)&#10;        at java.util.concurrent.ThreadPoolExecutor$Worker.run(ThreadPoolExecutor.java:624)&#10;        at java.lang.Thread.run(Thread.java:748)&#10;&quot;pool-26-thread-58&quot;  prio=5 tid=371 in Object.wait()&#10;java.lang.Thread.State: WAITING (on object monitor)&#10;        at sun.misc.Unsafe.park(Native Method)&#10;        at java.util.concurrent.locks.LockSupport.park(LockSupport.java:175)&#10;        at java.util.concurrent.locks.AbstractQueuedSynchronizer$ConditionObject.await(AbstractQueuedSynchronizer.java:2039)&#10;        at java.util.concurrent.ArrayBlockingQueue.take(ArrayBlockingQueue.java:403)&#10;        at java.util.concurrent.ThreadPoolExecutor.getTask(ThreadPoolExecutor.java:1074)&#10;        at java.util.concurrent.ThreadPoolExecutor.runWorker(ThreadPoolExecutor.java:1134)&#10;        at java.util.concurrent.ThreadPoolExecutor$Worker.run(ThreadPoolExecutor.java:624)&#10;        at java.lang.Thread.run(Thread.java:748)&#10;&quot;pool-66-thread-39&quot;  prio=5 tid=601 in Object.wait()&#10;java.lang.Thread.State: WAITING (on object monitor)&#10;        at sun.misc.Unsafe.park(Native Method)&#10;        at java.util.concurrent.locks.LockSupport.park(LockSupport.java:175)&#10;        at java.util.concurrent.locks.AbstractQueuedSynchronizer$ConditionObject.await(AbstractQueuedSynchronizer.java:2039)&#10;        at java.util.concurrent.ArrayBlockingQueue.take(ArrayBlockingQueue.java:403)&#10;        at java.util.concurrent.ThreadPoolExecutor.getTask(ThreadPoolExecutor.java:1074)&#10;        at java.util.concurrent.ThreadPoolExecutor.runWorker(ThreadPoolExecutor.java:1134)&#10;        at java.util.concurrent.ThreadPoolExecutor$Worker.run(ThreadPoolExecutor.java:624)&#10;        at java.lang.Thread.run(Thread.java:748)&#10;&quot;pool-36-thread-40&quot;  prio=5 tid=413 in Object.wait()&#10;java.lang.Thread.State: WAITING (on object monitor)&#10;        at sun.misc.Unsafe.park(Native Method)&#10;        at java.util.concurrent.locks.LockSupport.park(LockSupport.java:175)&#10;        at java.util.concurrent.locks.AbstractQueuedSynchronizer$ConditionObject.await(AbstractQueuedSynchronizer.java:2039)&#10;        at java.util.concurrent.ArrayBlockingQueue.take(ArrayBlockingQueue.java:403)&#10;        at java.util.concurrent.ThreadPoolExecutor.getTask(ThreadPoolExecutor.java:1074)&#10;        at java.util.concurrent.ThreadPoolExecutor.runWorker(ThreadPoolExecutor.java:1134)&#10;        at java.util.concurrent.ThreadPoolExecutor$Worker.run(ThreadPoolExecutor.java:624)&#10;        at java.lang.Thread.run(Thread.java:748)&#10;&quot;b7064b77-9271-4e94-8225-85d895886efb@group-B9DEF2EDD277-SegmentedRaftLogWorker&quot;  prio=5 tid=819 timed_waiting&#10;java.lang.Thread.State: TIMED_WAITING&#10;        at sun.misc.Unsafe.park(Native Method)&#10;        at java.util.concurrent.locks.LockSupport.parkNanos(LockSupport.java:215)&#10;        at java.util.concurrent.locks.AbstractQueuedSynchronizer$ConditionObject.awaitNanos(AbstractQueuedSynchronizer.java:2078)&#10;        at org.apache.ratis.util.DataBlockingQueue.poll(DataBlockingQueue.java:137)&#10;        at org.apache.ratis.server.raftlog.segmented.SegmentedRaftLogWorker.run(SegmentedRaftLogWorker.java:283)&#10;        at java.lang.Thread.run(Thread.java:748)&#10;&quot;org.eclipse.jetty.server.session.HashSessionManager@319854f0Timer&quot; daemon prio=5 tid=144 timed_waiting&#10;java.lang.Thread.State: TIMED_WAITING&#10;        at sun.misc.Unsafe.park(Native Method)&#10;        at java.util.concurrent.locks.LockSupport.parkNanos(LockSupport.java:215)&#10;        at java.util.concurrent.locks.AbstractQueuedSynchronizer$ConditionObject.awaitNanos(AbstractQueuedSynchronizer.java:2078)&#10;        at java.util.concurrent.ScheduledThreadPoolExecutor$DelayedWorkQueue.take(ScheduledThreadPoolExecutor.java:1093)&#10;        at java.util.concurrent.ScheduledThreadPoolExecutor$DelayedWorkQueue.take(ScheduledThreadPoolExecutor.java:809)&#10;        at java.util.concurrent.ThreadPoolExecutor.getTask(ThreadPoolExecutor.java:1074)&#10;        at java.util.concurrent.ThreadPoolExecutor.runWorker(ThreadPoolExecutor.java:1134)&#10;        at java.util.concurrent.ThreadPoolExecutor$Worker.run(ThreadPoolExecutor.java:624)&#10;        at java.lang.Thread.run(Thread.java:748)&#10;&quot;Thread-1210&quot; daemon prio=5 tid=1796 timed_waiting&#10;java.lang.Thread.State: TIMED_WAITING&#10;        at java.lang.Thread.sleep(Native Method)&#10;        at org.apache.ratis.util.JavaUtils.sleep(JavaUtils.java:247)&#10;        at org.apache.ratis.server.impl.FollowerState.run(FollowerState.java:96)&#10;&quot;qtp564272228-93&quot; daemon prio=5 tid=93 timed_waiting&#10;java.lang.Thread.State: TIMED_WAITING&#10;        at sun.misc.Unsafe.park(Native Method)&#10;        at java.util.concurrent.locks.LockSupport.parkNanos(LockSupport.java:215)&#10;        at java.util.concurrent.locks.AbstractQueuedSynchronizer$ConditionObject.awaitNanos(AbstractQueuedSynchronizer.java:2078)&#10;        at org.eclipse.jetty.util.BlockingArrayQueue.poll(BlockingArrayQueue.java:392)&#10;        at org.eclipse.jetty.util.thread.QueuedThreadPool.idleJobPoll(QueuedThreadPool.java:563)&#10;        at org.eclipse.jetty.util.thread.QueuedThreadPool.access$800(QueuedThreadPool.java:48)&#10;        at org.eclipse.jetty.util.thread.QueuedThreadPool$2.run(QueuedThreadPool.java:626)&#10;        at java.lang.Thread.run(Thread.java:748)&#10;&quot;qtp1623761043-271&quot; daemon prio=5 tid=271 timed_waiting&#10;java.lang.Thread.State: TIMED_WAITING&#10;        at sun.misc.Unsafe.park(Native Method)&#10;        at java.util.concurrent.locks.LockSupport.parkNanos(LockSupport.java:215)&#10;        at java.util.concurrent.locks.AbstractQueuedSynchronizer$ConditionObject.awaitNanos(AbstractQueuedSynchronizer.java:2078)&#10;        at org.eclipse.jetty.util.BlockingArrayQueue.poll(BlockingArrayQueue.java:392)&#10;        at org.eclipse.jetty.util.thread.QueuedThreadPool.idleJobPoll(QueuedThreadPool.java:563)&#10;        at org.eclipse.jetty.util.thread.QueuedThreadPool.access$800(QueuedThreadPool.java:48)&#10;        at org.eclipse.jetty.util.thread.QueuedThreadPool$2.run(QueuedThreadPool.java:626)&#10;        at java.lang.Thread.run(Thread.java:748)&#10;&quot;pool-46-thread-32&quot;  prio=5 tid=465 in Object.wait()&#10;java.lang.Thread.State: WAITING (on object monitor)&#10;        at sun.misc.Unsafe.park(Native Method)&#10;        at java.util.concurrent.locks.LockSupport.park(LockSupport.java:175)&#10;        at java.util.concurrent.locks.AbstractQueuedSynchronizer$ConditionObject.await(AbstractQueuedSynchronizer.java:2039)&#10;        at java.util.concurrent.ArrayBlockingQueue.take(ArrayBlockingQueue.java:403)&#10;        at java.util.concurrent.ThreadPoolExecutor.getTask(ThreadPoolExecutor.java:1074)&#10;        at java.util.concurrent.ThreadPoolExecutor.runWorker(ThreadPoolExecutor.java:1134)&#10;        at java.util.concurrent.ThreadPoolExecutor$Worker.run(ThreadPoolExecutor.java:624)&#10;        at java.lang.Thread.run(Thread.java:748)&#10;&quot;pool-76-thread-18&quot;  prio=5 tid=642 in Object.wait()&#10;java.lang.Thread.State: WAITING (on object monitor)&#10;        at sun.misc.Unsafe.park(Native Method)&#10;        at java.util.concurrent.locks.LockSupport.park(LockSupport.java:175)&#10;        at java.util.concurrent.locks.AbstractQueuedSynchronizer$ConditionObject.await(AbstractQueuedSynchronizer.java:2039)&#10;        at java.util.concurrent.ArrayBlockingQueue.take(ArrayBlockingQueue.java:403)&#10;        at java.util.concurrent.ThreadPoolExecutor.getTask(ThreadPoolExecutor.java:1074)&#10;        at java.util.concurrent.ThreadPoolExecutor.runWorker(ThreadPoolExecutor.java:1134)&#10;        at java.util.concurrent.ThreadPoolExecutor$Worker.run(ThreadPoolExecutor.java:624)&#10;        at java.lang.Thread.run(Thread.java:748)&#10;&quot;Datanode State Machine Thread - 0&quot; daemon prio=5 tid=278 timed_waiting&#10;java.lang.Thread.State: TIMED_WAITING&#10;        at java.lang.Thread.sleep(Native Method)&#10;        at org.apache.hadoop.ozone.container.common.statemachine.DatanodeStateMachine.start(DatanodeStateMachine.java:191)&#10;        at org.apache.hadoop.ozone.container.common.statemachine.DatanodeStateMachine.lambda$startDaemon$0(DatanodeStateMachine.java:349)&#10;        at org.apache.hadoop.ozone.container.common.statemachine.DatanodeStateMachine$$Lambda$138/939829672.run(Unknown Source)&#10;        at java.lang.Thread.run(Thread.java:748)&#10;&quot;metrics-hadoop-metrics2-reporter-16-thread-1&quot; daemon prio=5 tid=763 timed_waiting&#10;java.lang.Thread.State: TIMED_WAITING&#10;        at sun.misc.Unsafe.park(Native Method)&#10;        at java.util.concurrent.locks.LockSupport.parkNanos(LockSupport.java:215)&#10;        at java.util.concurrent.locks.AbstractQueuedSynchronizer$ConditionObject.awaitNanos(AbstractQueuedSynchronizer.java:2078)&#10;        at java.util.concurrent.ScheduledThreadPoolExecutor$DelayedWorkQueue.take(ScheduledThreadPoolExecutor.java:1093)&#10;        at java.util.concurrent.ScheduledThreadPoolExecutor$DelayedWorkQueue.take(ScheduledThreadPoolExecutor.java:809)&#10;        at java.util.concurrent.ThreadPoolExecutor.getTask(ThreadPoolExecutor.java:1074)&#10;        at java.util.concurrent.ThreadPoolExecutor.runWorker(ThreadPoolExecutor.java:1134)&#10;        at java.util.concurrent.ThreadPoolExecutor$Worker.run(ThreadPoolExecutor.java:624)&#10;        at java.lang.Thread.run(Thread.java:748)&#10;&quot;qtp83534488-217&quot; daemon prio=5 tid=217 timed_waiting&#10;java.lang.Thread.State: TIMED_WAITING&#10;        at sun.misc.Unsafe.park(Native Method)&#10;        at java.util.concurrent.locks.LockSupport.parkNanos(LockSupport.java:215)&#10;        at java.util.concurrent.locks.AbstractQueuedSynchronizer$ConditionObject.awaitNanos(AbstractQueuedSynchronizer.java:2078)&#10;        at org.eclipse.jetty.util.BlockingArrayQueue.poll(BlockingArrayQueue.java:392)&#10;        at org.eclipse.jetty.util.thread.QueuedThreadPool.idleJobPoll(QueuedThreadPool.java:563)&#10;        at org.eclipse.jetty.util.thread.QueuedThreadPool.access$800(QueuedThreadPool.java:48)&#10;        at org.eclipse.jetty.util.thread.QueuedThreadPool$2.run(QueuedThreadPool.java:626)&#10;        at java.lang.Thread.run(Thread.java:748)&#10;&quot;pool-76-thread-11&quot;  prio=5 tid=635 in Object.wait()&#10;java.lang.Thread.State: WAITING (on object monitor)&#10;        at sun.misc.Unsafe.park(Native Method)&#10;        at java.util.concurrent.locks.LockSupport.park(LockSupport.java:175)&#10;        at java.util.concurrent.locks.AbstractQueuedSynchronizer$ConditionObject.await(AbstractQueuedSynchronizer.java:2039)&#10;        at java.util.concurrent.ArrayBlockingQueue.take(ArrayBlockingQueue.java:403)&#10;        at java.util.concurrent.ThreadPoolExecutor.getTask(ThreadPoolExecutor.java:1074)&#10;        at java.util.concurrent.ThreadPoolExecutor.runWorker(ThreadPoolExecutor.java:1134)&#10;        at java.util.concurrent.ThreadPoolExecutor$Worker.run(ThreadPoolExecutor.java:624)&#10;        at java.lang.Thread.run(Thread.java:748)&#10;&quot;pool-46-thread-52&quot;  prio=5 tid=485 in Object.wait()&#10;java.lang.Thread.State: WAITING (on object monitor)&#10;        at sun.misc.Unsafe.park(Native Method)&#10;        at java.util.concurrent.locks.LockSupport.park(LockSupport.java:175)&#10;        at java.util.concurrent.locks.AbstractQueuedSynchronizer$ConditionObject.await(AbstractQueuedSynchronizer.java:2039)&#10;        at java.util.concurrent.ArrayBlockingQueue.take(ArrayBlockingQueue.java:403)&#10;        at java.util.concurrent.ThreadPoolExecutor.getTask(ThreadPoolExecutor.java:1074)&#10;        at java.util.concurrent.ThreadPoolExecutor.runWorker(ThreadPoolExecutor.java:1134)&#10;        at java.util.concurrent.ThreadPoolExecutor$Worker.run(ThreadPoolExecutor.java:624)&#10;        at java.lang.Thread.run(Thread.java:748)&#10;&quot;IPC Server idle connection scanner for port 45005&quot; daemon prio=5 tid=24 timed_waiting&#10;java.lang.Thread.State: TIMED_WAITING&#10;        at java.lang.Object.wait(Native Method)&#10;        at java.util.TimerThread.mainLoop(Timer.java:552)&#10;        at java.util.TimerThread.run(Timer.java:505)&#10;&quot;pool-76-thread-59&quot;  prio=5 tid=683 in Object.wait()&#10;java.lang.Thread.State: WAITING (on object monitor)&#10;        at sun.misc.Unsafe.park(Native Method)&#10;        at java.util.concurrent.locks.LockSupport.park(LockSupport.java:175)&#10;        at java.util.concurrent.locks.AbstractQueuedSynchronizer$ConditionObject.await(AbstractQueuedSynchronizer.java:2039)&#10;        at java.util.concurrent.ArrayBlockingQueue.take(ArrayBlockingQueue.java:403)&#10;        at java.util.concurrent.ThreadPoolExecutor.getTask(ThreadPoolExecutor.java:1074)&#10;        at java.util.concurrent.ThreadPoolExecutor.runWorker(ThreadPoolExecutor.java:1134)&#10;        at java.util.concurrent.ThreadPoolExecutor$Worker.run(ThreadPoolExecutor.java:624)&#10;        at java.lang.Thread.run(Thread.java:748)&#10;&quot;pool-56-thread-39&quot;  prio=5 tid=533 in Object.wait()&#10;java.lang.Thread.State: WAITING (on object monitor)&#10;        at sun.misc.Unsafe.park(Native Method)&#10;        at java.util.concurrent.locks.LockSupport.park(LockSupport.java:175)&#10;        at java.util.concurrent.locks.AbstractQueuedSynchronizer$ConditionObject.await(AbstractQueuedSynchronizer.java:2039)&#10;        at java.util.concurrent.ArrayBlockingQueue.take(ArrayBlockingQueue.java:403)&#10;        at java.util.concurrent.ThreadPoolExecutor.getTask(ThreadPoolExecutor.java:1074)&#10;        at java.util.concurrent.ThreadPoolExecutor.runWorker(ThreadPoolExecutor.java:1134)&#10;        at java.util.concurrent.ThreadPoolExecutor$Worker.run(ThreadPoolExecutor.java:624)&#10;        at java.lang.Thread.run(Thread.java:748)&#10;&quot;pool-46-thread-35&quot;  prio=5 tid=468 in Object.wait()&#10;java.lang.Thread.State: WAITING (on object monitor)&#10;        at sun.misc.Unsafe.park(Native Method)&#10;        at java.util.concurrent.locks.LockSupport.park(LockSupport.java:175)&#10;        at java.util.concurrent.locks.AbstractQueuedSynchronizer$ConditionObject.await(AbstractQueuedSynchronizer.java:2039)&#10;        at java.util.concurrent.ArrayBlockingQueue.take(ArrayBlockingQueue.java:403)&#10;        at java.util.concurrent.ThreadPoolExecutor.getTask(ThreadPoolExecutor.java:1074)&#10;        at java.util.concurrent.ThreadPoolExecutor.runWorker(ThreadPoolExecutor.java:1134)&#10;        at java.util.concurrent.ThreadPoolExecutor$Worker.run(ThreadPoolExecutor.java:624)&#10;        at java.lang.Thread.run(Thread.java:748)&#10;&quot;pool-66-thread-45&quot;  prio=5 tid=607 in Object.wait()&#10;java.lang.Thread.State: WAITING (on object monitor)&#10;        at sun.misc.Unsafe.park(Native Method)&#10;        at java.util.concurrent.locks.LockSupport.park(LockSupport.java:175)&#10;        at java.util.concurrent.locks.AbstractQueuedSynchronizer$ConditionObject.await(AbstractQueuedSynchronizer.java:2039)&#10;        at java.util.concurrent.ArrayBlockingQueue.take(ArrayBlockingQueue.java:403)&#10;        at java.util.concurrent.ThreadPoolExecutor.getTask(ThreadPoolExecutor.java:1074)&#10;        at java.util.concurrent.ThreadPoolExecutor.runWorker(ThreadPoolExecutor.java:1134)&#10;        at java.util.concurrent.ThreadPoolExecutor$Worker.run(ThreadPoolExecutor.java:624)&#10;        at java.lang.Thread.run(Thread.java:748)&#10;&quot;java.util.concurrent.ThreadPoolExecutor$Worker@7d2e2e8e[State = -1, empty queue]&quot; daemon prio=5 tid=1855 timed_waiting&#10;java.lang.Thread.State: TIMED_WAITING&#10;        at sun.misc.Unsafe.park(Native Method)&#10;        at java.util.concurrent.locks.LockSupport.parkNanos(LockSupport.java:215)&#10;        at java.util.concurrent.locks.AbstractQueuedSynchronizer$ConditionObject.awaitNanos(AbstractQueuedSynchronizer.java:2078)&#10;        at java.util.concurrent.ScheduledThreadPoolExecutor$DelayedWorkQueue.take(ScheduledThreadPoolExecutor.java:1093)&#10;        at java.util.concurrent.ScheduledThreadPoolExecutor$DelayedWorkQueue.take(ScheduledThreadPoolExecutor.java:809)&#10;        at java.util.concurrent.ThreadPoolExecutor.getTask(ThreadPoolExecutor.java:1074)&#10;        at java.util.concurrent.ThreadPoolExecutor.runWorker(ThreadPoolExecutor.java:1134)&#10;        at java.util.concurrent.ThreadPoolExecutor$Worker.run(ThreadPoolExecutor.java:624)&#10;        at java.lang.Thread.run(Thread.java:748)&#10;&quot;Thread-1203&quot; daemon prio=5 tid=1789 timed_waiting&#10;java.lang.Thread.State: TIMED_WAITING&#10;        at sun.misc.Unsafe.park(Native Method)&#10;        at java.util.concurrent.locks.LockSupport.parkNanos(LockSupport.java:215)&#10;        at java.util.concurrent.locks.AbstractQueuedSynchronizer$ConditionObject.awaitNanos(AbstractQueuedSynchronizer.java:2078)&#10;        at java.util.concurrent.ArrayBlockingQueue.poll(ArrayBlockingQueue.java:418)&#10;        at org.apache.ratis.server.impl.LeaderState$EventQueue.poll(LeaderState.java:115)&#10;        at org.apache.ratis.server.impl.LeaderState$EventProcessor.run(LeaderState.java:457)&#10;&quot;Datanode ReportManager Thread - 2&quot; daemon prio=5 tid=200 in Object.wait()&#10;java.lang.Thread.State: WAITING (on object monitor)&#10;        at sun.misc.Unsafe.park(Native Method)&#10;        at java.util.concurrent.locks.LockSupport.park(LockSupport.java:175)&#10;        at java.util.concurrent.locks.AbstractQueuedSynchronizer$ConditionObject.await(AbstractQueuedSynchronizer.java:2039)&#10;        at java.util.concurrent.ScheduledThreadPoolExecutor$DelayedWorkQueue.take(ScheduledThreadPoolExecutor.java:1088)&#10;        at java.util.concurrent.ScheduledThreadPoolExecutor$DelayedWorkQueue.take(ScheduledThreadPoolExecutor.java:809)&#10;        at java.util.concurrent.ThreadPoolExecutor.getTask(ThreadPoolExecutor.java:1074)&#10;        at java.util.concurrent.ThreadPoolExecutor.runWorker(ThreadPoolExecutor.java:1134)&#10;        at java.util.concurrent.ThreadPoolExecutor$Worker.run(ThreadPoolExecutor.java:624)&#10;        at java.lang.Thread.run(Thread.java:748)&#10;&quot;pool-56-thread-48&quot;  prio=5 tid=542 in Object.wait()&#10;java.lang.Thread.State: WAITING (on object monitor)&#10;        at sun.misc.Unsafe.park(Native Method)&#10;        at java.util.concurrent.locks.LockSupport.park(LockSupport.java:175)&#10;        at java.util.concurrent.locks.AbstractQueuedSynchronizer$ConditionObject.await(AbstractQueuedSynchronizer.java:2039)&#10;        at java.util.concurrent.ArrayBlockingQueue.take(ArrayBlockingQueue.java:403)&#10;        at java.util.concurrent.ThreadPoolExecutor.getTask(ThreadPoolExecutor.java:1074)&#10;        at java.util.concurrent.ThreadPoolExecutor.runWorker(ThreadPoolExecutor.java:1134)&#10;        at java.util.concurrent.ThreadPoolExecutor$Worker.run(ThreadPoolExecutor.java:624)&#10;        at java.lang.Thread.run(Thread.java:748)&#10;&quot;pool-66-thread-24&quot;  prio=5 tid=586 in Object.wait()&#10;java.lang.Thread.State: WAITING (on object monitor)&#10;        at sun.misc.Unsafe.park(Native Method)&#10;        at java.util.concurrent.locks.LockSupport.park(LockSupport.java:175)&#10;        at java.util.concurrent.locks.AbstractQueuedSynchronizer$ConditionObject.await(AbstractQueuedSynchronizer.java:2039)&#10;        at java.util.concurrent.ArrayBlockingQueue.take(ArrayBlockingQueue.java:403)&#10;        at java.util.concurrent.ThreadPoolExecutor.getTask(ThreadPoolExecutor.java:1074)&#10;        at java.util.concurrent.ThreadPoolExecutor.runWorker(ThreadPoolExecutor.java:1134)&#10;        at java.util.concurrent.ThreadPoolExecutor$Worker.run(ThreadPoolExecutor.java:624)&#10;        at java.lang.Thread.run(Thread.java:748)&#10;&quot;org.apache.ratis.server.impl.LogAppender$AppenderDaemon$$Lambda$418/858148741@313166c9&quot; daemon prio=5 tid=1839 timed_waiting&#10;java.lang.Thread.State: TIMED_WAITING&#10;        at java.lang.Object.wait(Native Method)&#10;        at org.apache.ratis.grpc.server.GrpcLogAppender.mayWait(GrpcLogAppender.java:141)&#10;        at org.apache.ratis.grpc.server.GrpcLogAppender.runAppenderImpl(GrpcLogAppender.java:95)&#10;        at org.apache.ratis.server.impl.LogAppender$AppenderDaemon.run(LogAppender.java:76)&#10;        at org.apache.ratis.server.impl.LogAppender$AppenderDaemon$$Lambda$418/858148741.run(Unknown Source)&#10;        at java.lang.Thread.run(Thread.java:748)&#10;&quot;metrics-hadoop-metrics2-reporter-31-thread-1&quot; daemon prio=5 tid=839 timed_waiting&#10;java.lang.Thread.State: TIMED_WAITING&#10;        at sun.misc.Unsafe.park(Native Method)&#10;        at java.util.concurrent.locks.LockSupport.parkNanos(LockSupport.java:215)&#10;        at java.util.concurrent.locks.AbstractQueuedSynchronizer$ConditionObject.awaitNanos(AbstractQueuedSynchronizer.java:2078)&#10;        at java.util.concurrent.ScheduledThreadPoolExecutor$DelayedWorkQueue.take(ScheduledThreadPoolExecutor.java:1093)&#10;        at java.util.concurrent.ScheduledThreadPoolExecutor$DelayedWorkQueue.take(ScheduledThreadPoolExecutor.java:809)&#10;        at java.util.concurrent.ThreadPoolExecutor.getTask(ThreadPoolExecutor.java:1074)&#10;        at java.util.concurrent.ThreadPoolExecutor.runWorker(ThreadPoolExecutor.java:1134)&#10;        at java.util.concurrent.ThreadPoolExecutor$Worker.run(ThreadPoolExecutor.java:624)&#10;        at java.lang.Thread.run(Thread.java:748)&#10;&quot;IPC Server handler 6 on 40029&quot; daemon prio=5 tid=75 timed_waiting&#10;java.lang.Thread.State: TIMED_WAITING&#10;        at sun.misc.Unsafe.park(Native Method)&#10;        at java.util.concurrent.locks.LockSupport.parkNanos(LockSupport.java:215)&#10;        at java.util.concurrent.locks.AbstractQueuedSynchronizer$ConditionObject.awaitNanos(AbstractQueuedSynchronizer.java:2078)&#10;        at java.util.concurrent.LinkedBlockingQueue.poll(LinkedBlockingQueue.java:467)&#10;        at org.apache.hadoop.ipc.CallQueueManager.take(CallQueueManager.java:288)&#10;        at org.apache.hadoop.ipc.Server$Handler.run(Server.java:2668)&#10;&quot;pool-46-thread-26&quot;  prio=5 tid=459 in Object.wait()&#10;java.lang.Thread.State: WAITING (on object monitor)&#10;        at sun.misc.Unsafe.park(Native Method)&#10;        at java.util.concurrent.locks.LockSupport.park(LockSupport.java:175)&#10;        at java.util.concurrent.locks.AbstractQueuedSynchronizer$ConditionObject.await(AbstractQueuedSynchronizer.java:2039)&#10;        at java.util.concurrent.ArrayBlockingQueue.take(ArrayBlockingQueue.java:403)&#10;        at java.util.concurrent.ThreadPoolExecutor.getTask(ThreadPoolExecutor.java:1074)&#10;        at java.util.concurrent.ThreadPoolExecutor.runWorker(ThreadPoolExecutor.java:1134)&#10;        at java.util.concurrent.ThreadPoolExecutor$Worker.run(ThreadPoolExecutor.java:624)&#10;        at java.lang.Thread.run(Thread.java:748)&#10;&quot;grpc-default-executor-15&quot; daemon prio=5 tid=980 timed_waiting&#10;java.lang.Thread.State: TIMED_WAITING&#10;        at sun.misc.Unsafe.park(Native Method)&#10;        at java.util.concurrent.locks.LockSupport.parkNanos(LockSupport.java:215)&#10;        at java.util.concurrent.SynchronousQueue$TransferStack.awaitFulfill(SynchronousQueue.java:460)&#10;        at java.util.concurrent.SynchronousQueue$TransferStack.transfer(SynchronousQueue.java:362)&#10;        at java.util.concurrent.SynchronousQueue.poll(SynchronousQueue.java:941)&#10;        at java.util.concurrent.ThreadPoolExecutor.getTask(ThreadPoolExecutor.java:1073)&#10;        at java.util.concurrent.ThreadPoolExecutor.runWorker(ThreadPoolExecutor.java:1134)&#10;        at java.util.concurrent.ThreadPoolExecutor$Worker.run(ThreadPoolExecutor.java:624)&#10;        at java.lang.Thread.run(Thread.java:748)&#10;&quot;pool-76-thread-48&quot;  prio=5 tid=672 in Object.wait()&#10;java.lang.Thread.State: WAITING (on object monitor)&#10;        at sun.misc.Unsafe.park(Native Method)&#10;        at java.util.concurrent.locks.LockSupport.park(LockSupport.java:175)&#10;        at java.util.concurrent.locks.AbstractQueuedSynchronizer$ConditionObject.await(AbstractQueuedSynchronizer.java:2039)&#10;        at java.util.concurrent.ArrayBlockingQueue.take(ArrayBlockingQueue.java:403)&#10;        at java.util.concurrent.ThreadPoolExecutor.getTask(ThreadPoolExecutor.java:1074)&#10;        at java.util.concurrent.ThreadPoolExecutor.runWorker(ThreadPoolExecutor.java:1134)&#10;        at java.util.concurrent.ThreadPoolExecutor$Worker.run(ThreadPoolExecutor.java:624)&#10;        at java.lang.Thread.run(Thread.java:748)&#10;&quot;pool-76-thread-24&quot;  prio=5 tid=648 in Object.wait()&#10;java.lang.Thread.State: WAITING (on object monitor)&#10;        at sun.misc.Unsafe.park(Native Method)&#10;        at java.util.concurrent.locks.LockSupport.park(LockSupport.java:175)&#10;        at java.util.concurrent.locks.AbstractQueuedSynchronizer$ConditionObject.await(AbstractQueuedSynchronizer.java:2039)&#10;        at java.util.concurrent.ArrayBlockingQueue.take(ArrayBlockingQueue.java:403)&#10;        at java.util.concurrent.ThreadPoolExecutor.getTask(ThreadPoolExecutor.java:1074)&#10;        at java.util.concurrent.ThreadPoolExecutor.runWorker(ThreadPoolExecutor.java:1134)&#10;        at java.util.concurrent.ThreadPoolExecutor$Worker.run(ThreadPoolExecutor.java:624)&#10;        at java.lang.Thread.run(Thread.java:748)&#10;&quot;metrics-hadoop-metrics2-reporter-1-thread-1&quot; daemon prio=5 tid=712 timed_waiting&#10;java.lang.Thread.State: TIMED_WAITING&#10;        at sun.misc.Unsafe.park(Native Method)&#10;        at java.util.concurrent.locks.LockSupport.parkNanos(LockSupport.java:215)&#10;        at java.util.concurrent.locks.AbstractQueuedSynchronizer$ConditionObject.awaitNanos(AbstractQueuedSynchronizer.java:2078)&#10;        at java.util.concurrent.ScheduledThreadPoolExecutor$DelayedWorkQueue.take(ScheduledThreadPoolExecutor.java:1093)&#10;        at java.util.concurrent.ScheduledThreadPoolExecutor$DelayedWorkQueue.take(ScheduledThreadPoolExecutor.java:809)&#10;        at java.util.concurrent.ThreadPoolExecutor.getTask(ThreadPoolExecutor.java:1074)&#10;        at java.util.concurrent.ThreadPoolExecutor.runWorker(ThreadPoolExecutor.java:1134)&#10;        at java.util.concurrent.ThreadPoolExecutor$Worker.run(ThreadPoolExecutor.java:624)&#10;        at java.lang.Thread.run(Thread.java:748)&#10;&quot;grpc-default-executor-3&quot; daemon prio=5 tid=968 timed_waiting&#10;java.lang.Thread.State: TIMED_WAITING&#10;        at sun.misc.Unsafe.park(Native Method)&#10;        at java.util.concurrent.locks.LockSupport.parkNanos(LockSupport.java:215)&#10;        at java.util.concurrent.SynchronousQueue$TransferStack.awaitFulfill(SynchronousQueue.java:460)&#10;        at java.util.concurrent.SynchronousQueue$TransferStack.transfer(SynchronousQueue.java:362)&#10;        at java.util.concurrent.SynchronousQueue.poll(SynchronousQueue.java:941)&#10;        at java.util.concurrent.ThreadPoolExecutor.getTask(ThreadPoolExecutor.java:1073)&#10;        at java.util.concurrent.ThreadPoolExecutor.runWorker(ThreadPoolExecutor.java:1134)&#10;        at java.util.concurrent.ThreadPoolExecutor$Worker.run(ThreadPoolExecutor.java:624)&#10;        at java.lang.Thread.run(Thread.java:748)&#10;&quot;pool-46-thread-30&quot;  prio=5 tid=463 in Object.wait()&#10;java.lang.Thread.State: WAITING (on object monitor)&#10;        at sun.misc.Unsafe.park(Native Method)&#10;        at java.util.concurrent.locks.LockSupport.park(LockSupport.java:175)&#10;        at java.util.concurrent.locks.AbstractQueuedSynchronizer$ConditionObject.await(AbstractQueuedSynchronizer.java:2039)&#10;        at java.util.concurrent.ArrayBlockingQueue.take(ArrayBlockingQueue.java:403)&#10;        at java.util.concurrent.ThreadPoolExecutor.getTask(ThreadPoolExecutor.java:1074)&#10;        at java.util.concurrent.ThreadPoolExecutor.runWorker(ThreadPoolExecutor.java:1134)&#10;        at java.util.concurrent.ThreadPoolExecutor$Worker.run(ThreadPoolExecutor.java:624)&#10;        at java.lang.Thread.run(Thread.java:748)&#10;&quot;qtp1507604180-189&quot; daemon prio=5 tid=189 timed_waiting&#10;java.lang.Thread.State: TIMED_WAITING&#10;        at sun.misc.Unsafe.park(Native Method)&#10;        at java.util.concurrent.locks.LockSupport.parkNanos(LockSupport.java:215)&#10;        at java.util.concurrent.locks.AbstractQueuedSynchronizer$ConditionObject.awaitNanos(AbstractQueuedSynchronizer.java:2078)&#10;        at org.eclipse.jetty.util.BlockingArrayQueue.poll(BlockingArrayQueue.java:392)&#10;        at org.eclipse.jetty.util.thread.QueuedThreadPool.idleJobPoll(QueuedThreadPool.java:563)&#10;        at org.eclipse.jetty.util.thread.QueuedThreadPool.access$800(QueuedThreadPool.java:48)&#10;        at org.eclipse.jetty.util.thread.QueuedThreadPool$2.run(QueuedThreadPool.java:626)&#10;        at java.lang.Thread.run(Thread.java:748)&#10;&quot;org.eclipse.jetty.server.session.HashSessionManager@773dab28Timer&quot; daemon prio=5 tid=146 timed_waiting&#10;java.lang.Thread.State: TIMED_WAITING&#10;        at sun.misc.Unsafe.park(Native Method)&#10;        at java.util.concurrent.locks.LockSupport.parkNanos(LockSupport.java:215)&#10;        at java.util.concurrent.locks.AbstractQueuedSynchronizer$ConditionObject.awaitNanos(AbstractQueuedSynchronizer.java:2078)&#10;        at java.util.concurrent.ScheduledThreadPoolExecutor$DelayedWorkQueue.take(ScheduledThreadPoolExecutor.java:1093)&#10;        at java.util.concurrent.ScheduledThreadPoolExecutor$DelayedWorkQueue.take(ScheduledThreadPoolExecutor.java:809)&#10;        at java.util.concurrent.ThreadPoolExecutor.getTask(ThreadPoolExecutor.java:1074)&#10;        at java.util.concurrent.ThreadPoolExecutor.runWorker(ThreadPoolExecutor.java:1134)&#10;        at java.util.concurrent.ThreadPoolExecutor$Worker.run(ThreadPoolExecutor.java:624)&#10;        at java.lang.Thread.run(Thread.java:748)&#10;&quot;pool-26-thread-18&quot;  prio=5 tid=331 in Object.wait()&#10;java.lang.Thread.State: WAITING (on object monitor)&#10;        at sun.misc.Unsafe.park(Native Method)&#10;        at java.util.concurrent.locks.LockSupport.park(LockSupport.java:175)&#10;        at java.util.concurrent.locks.AbstractQueuedSynchronizer$ConditionObject.await(AbstractQueuedSynchronizer.java:2039)&#10;        at java.util.concurrent.ArrayBlockingQueue.take(ArrayBlockingQueue.java:403)&#10;        at java.util.concurrent.ThreadPoolExecutor.getTask(ThreadPoolExecutor.java:1074)&#10;        at java.util.concurrent.ThreadPoolExecutor.runWorker(ThreadPoolExecutor.java:1134)&#10;        at java.util.concurrent.ThreadPoolExecutor$Worker.run(ThreadPoolExecutor.java:624)&#10;        at java.lang.Thread.run(Thread.java:748)&#10;&quot;qtp564272228-95&quot; daemon prio=5 tid=95 timed_waiting&#10;java.lang.Thread.State: TIMED_WAITING&#10;        at sun.misc.Unsafe.park(Native Method)&#10;        at java.util.concurrent.locks.LockSupport.parkNanos(LockSupport.java:215)&#10;        at java.util.concurrent.locks.AbstractQueuedSynchronizer$ConditionObject.awaitNanos(AbstractQueuedSynchronizer.java:2078)&#10;        at org.eclipse.jetty.util.BlockingArrayQueue.poll(BlockingArrayQueue.java:392)&#10;        at org.eclipse.jetty.util.thread.QueuedThreadPool.idleJobPoll(QueuedThreadPool.java:563)&#10;        at org.eclipse.jetty.util.thread.QueuedThreadPool.access$800(QueuedThreadPool.java:48)&#10;        at org.eclipse.jetty.util.thread.QueuedThreadPool$2.run(QueuedThreadPool.java:626)&#10;        at java.lang.Thread.run(Thread.java:748)&#10;&quot;pool-46-thread-18&quot;  prio=5 tid=451 in Object.wait()&#10;java.lang.Thread.State: WAITING (on object monitor)&#10;        at sun.misc.Unsafe.park(Native Method)&#10;        at java.util.concurrent.locks.LockSupport.park(LockSupport.java:175)&#10;        at java.util.concurrent.locks.AbstractQueuedSynchronizer$ConditionObject.await(AbstractQueuedSynchronizer.java:2039)&#10;        at java.util.concurrent.ArrayBlockingQueue.take(ArrayBlockingQueue.java:403)&#10;        at java.util.concurrent.ThreadPoolExecutor.getTask(ThreadPoolExecutor.java:1074)&#10;        at java.util.concurrent.ThreadPoolExecutor.runWorker(ThreadPoolExecutor.java:1134)&#10;        at java.util.concurrent.ThreadPoolExecutor$Worker.run(ThreadPoolExecutor.java:624)&#10;        at java.lang.Thread.run(Thread.java:748)&#10;&quot;Thread-1175&quot; daemon prio=5 tid=1761 timed_waiting&#10;java.lang.Thread.State: TIMED_WAITING&#10;        at java.lang.Thread.sleep(Native Method)&#10;        at org.apache.ratis.util.JavaUtils.sleep(JavaUtils.java:247)&#10;        at org.apache.ratis.server.impl.FollowerState.run(FollowerState.java:96)&#10;&quot;IPC Server handler 16 on 40029&quot; daemon prio=5 tid=85 timed_waiting&#10;java.lang.Thread.State: TIMED_WAITING&#10;        at sun.misc.Unsafe.park(Native Method)&#10;        at java.util.concurrent.locks.LockSupport.parkNanos(LockSupport.java:215)&#10;        at java.util.concurrent.locks.AbstractQueuedSynchronizer$ConditionObject.awaitNanos(AbstractQueuedSynchronizer.java:2078)&#10;        at java.util.concurrent.LinkedBlockingQueue.poll(LinkedBlockingQueue.java:467)&#10;        at org.apache.hadoop.ipc.CallQueueManager.take(CallQueueManager.java:288)&#10;        at org.apache.hadoop.ipc.Server$Handler.run(Server.java:2668)&#10;&quot;qtp1680841335-242&quot; daemon prio=5 tid=242 timed_waiting&#10;java.lang.Thread.State: TIMED_WAITING&#10;        at sun.misc.Unsafe.park(Native Method)&#10;        at java.util.concurrent.locks.LockSupport.parkNanos(LockSupport.java:215)&#10;        at java.util.concurrent.locks.AbstractQueuedSynchronizer$ConditionObject.awaitNanos(AbstractQueuedSynchronizer.java:2078)&#10;        at org.eclipse.jetty.util.BlockingArrayQueue.poll(BlockingArrayQueue.java:392)&#10;        at org.eclipse.jetty.util.thread.QueuedThreadPool.idleJobPoll(QueuedThreadPool.java:563)&#10;        at org.eclipse.jetty.util.thread.QueuedThreadPool.access$800(QueuedThreadPool.java:48)&#10;        at org.eclipse.jetty.util.thread.QueuedThreadPool$2.run(QueuedThreadPool.java:626)&#10;        at java.lang.Thread.run(Thread.java:748)&#10;&quot;19e67e26-3d21-4d01-be9f-29113a4a814c@group-071025EF7F78-SegmentedRaftLogWorker&quot;  prio=5 tid=879 timed_waiting&#10;java.lang.Thread.State: TIMED_WAITING&#10;        at sun.misc.Unsafe.park(Native Method)&#10;        at java.util.concurrent.locks.LockSupport.parkNanos(LockSupport.java:215)&#10;        at java.util.concurrent.locks.AbstractQueuedSynchronizer$ConditionObject.awaitNanos(AbstractQueuedSynchronizer.java:2078)&#10;        at org.apache.ratis.util.DataBlockingQueue.poll(DataBlockingQueue.java:137)&#10;        at org.apache.ratis.server.raftlog.segmented.SegmentedRaftLogWorker.run(SegmentedRaftLogWorker.java:283)&#10;        at java.lang.Thread.run(Thread.java:748)&#10;&quot;EventQueue-NewNodeForNewNodeHandler&quot; daemon prio=5 tid=687 in Object.wait()&#10;java.lang.Thread.State: WAITING (on object monitor)&#10;        at sun.misc.Unsafe.park(Native Method)&#10;        at java.util.concurrent.locks.LockSupport.park(LockSupport.java:175)&#10;        at java.util.concurrent.locks.AbstractQueuedSynchronizer$ConditionObject.await(AbstractQueuedSynchronizer.java:2039)&#10;        at java.util.concurrent.LinkedBlockingQueue.take(LinkedBlockingQueue.java:442)&#10;        at java.util.concurrent.ThreadPoolExecutor.getTask(ThreadPoolExecutor.java:1074)&#10;        at java.util.concurrent.ThreadPoolExecutor.runWorker(ThreadPoolExecutor.java:1134)&#10;        at java.util.concurrent.ThreadPoolExecutor$Worker.run(ThreadPoolExecutor.java:624)&#10;        at java.lang.Thread.run(Thread.java:748)&#10;&quot;Thread-1212&quot; daemon prio=5 tid=1801 timed_waiting&#10;java.lang.Thread.State: TIMED_WAITING&#10;        at java.lang.Thread.sleep(Native Method)&#10;        at org.apache.ratis.util.JavaUtils.sleep(JavaUtils.java:247)&#10;        at org.apache.ratis.server.impl.FollowerState.run(FollowerState.java:96)&#10;&quot;org.apache.hadoop.util.JvmPauseMonitor$Monitor@223966ff&quot; daemon prio=5 tid=311 timed_waiting&#10;java.lang.Thread.State: TIMED_WAITING&#10;        at java.lang.Thread.sleep(Native Method)&#10;        at org.apache.hadoop.util.JvmPauseMonitor$Monitor.run(JvmPauseMonitor.java:192)&#10;        at java.lang.Thread.run(Thread.java:748)&#10;&quot;d0888866-0bad-4f41-ad37-dccd4a57b958@group-F2E0294EDFC2-SegmentedRaftLogWorker&quot;  prio=5 tid=847 timed_waiting&#10;java.lang.Thread.State: TIMED_WAITING&#10;        at sun.misc.Unsafe.park(Native Method)&#10;        at java.util.concurrent.locks.LockSupport.parkNanos(LockSupport.java:215)&#10;        at java.util.concurrent.locks.AbstractQueuedSynchronizer$ConditionObject.awaitNanos(AbstractQueuedSynchronizer.java:2078)&#10;        at org.apache.ratis.util.DataBlockingQueue.poll(DataBlockingQueue.java:137)&#10;        at org.apache.ratis.server.raftlog.segmented.SegmentedRaftLogWorker.run(SegmentedRaftLogWorker.java:283)&#10;        at java.lang.Thread.run(Thread.java:748)&#10;&quot;pool-26-thread-52&quot;  prio=5 tid=365 in Object.wait()&#10;java.lang.Thread.State: WAITING (on object monitor)&#10;        at sun.misc.Unsafe.park(Native Method)&#10;        at java.util.concurrent.locks.LockSupport.park(LockSupport.java:175)&#10;        at java.util.concurrent.locks.AbstractQueuedSynchronizer$ConditionObject.await(AbstractQueuedSynchronizer.java:2039)&#10;        at java.util.concurrent.ArrayBlockingQueue.take(ArrayBlockingQueue.java:403)&#10;        at java.util.concurrent.ThreadPoolExecutor.getTask(ThreadPoolExecutor.java:1074)&#10;        at java.util.concurrent.ThreadPoolExecutor.runWorker(ThreadPoolExecutor.java:1134)&#10;        at java.util.concurrent.ThreadPoolExecutor$Worker.run(ThreadPoolExecutor.java:624)&#10;        at java.lang.Thread.run(Thread.java:748)&#10;&quot;SCMBlockDeletingService#1&quot; daemon prio=5 tid=103 in Object.wait()&#10;java.lang.Thread.State: WAITING (on object monitor)&#10;        at sun.misc.Unsafe.park(Native Method)&#10;        at java.util.concurrent.locks.LockSupport.park(LockSupport.java:175)&#10;        at java.util.concurrent.locks.AbstractQueuedSynchronizer$ConditionObject.await(AbstractQueuedSynchronizer.java:2039)&#10;        at java.util.concurrent.ScheduledThreadPoolExecutor$DelayedWorkQueue.take(ScheduledThreadPoolExecutor.java:1088)&#10;        at java.util.concurrent.ScheduledThreadPoolExecutor$DelayedWorkQueue.take(ScheduledThreadPoolExecutor.java:809)&#10;        at java.util.concurrent.ThreadPoolExecutor.getTask(ThreadPoolExecutor.java:1074)&#10;        at java.util.concurrent.ThreadPoolExecutor.runWorker(ThreadPoolExecutor.java:1134)&#10;        at java.util.concurrent.ThreadPoolExecutor$Worker.run(ThreadPoolExecutor.java:624)&#10;        at java.lang.Thread.run(Thread.java:748)&#10;&quot;pool-46-thread-10&quot;  prio=5 tid=443 in Object.wait()&#10;java.lang.Thread.State: WAITING (on object monitor)&#10;        at sun.misc.Unsafe.park(Native Method)&#10;        at java.util.concurrent.locks.LockSupport.park(LockSupport.java:175)&#10;        at java.util.concurrent.locks.AbstractQueuedSynchronizer$ConditionObject.await(AbstractQueuedSynchronizer.java:2039)&#10;        at java.util.concurrent.ArrayBlockingQueue.take(ArrayBlockingQueue.java:403)&#10;        at java.util.concurrent.ThreadPoolExecutor.getTask(ThreadPoolExecutor.java:1074)&#10;        at java.util.concurrent.ThreadPoolExecutor.runWorker(ThreadPoolExecutor.java:1134)&#10;        at java.util.concurrent.ThreadPoolExecutor$Worker.run(ThreadPoolExecutor.java:624)&#10;        at java.lang.Thread.run(Thread.java:748)&#10;&quot;java.util.concurrent.ThreadPoolExecutor$Worker@594a5b26[State = -1, empty queue]&quot; daemon prio=5 tid=1854 timed_waiting&#10;java.lang.Thread.State: TIMED_WAITING&#10;        at sun.misc.Unsafe.park(Native Method)&#10;        at java.util.concurrent.locks.LockSupport.parkNanos(LockSupport.java:215)&#10;        at java.util.concurrent.locks.AbstractQueuedSynchronizer$ConditionObject.awaitNanos(AbstractQueuedSynchronizer.java:2078)&#10;        at java.util.concurrent.ScheduledThreadPoolExecutor$DelayedWorkQueue.take(ScheduledThreadPoolExecutor.java:1093)&#10;        at java.util.concurrent.ScheduledThreadPoolExecutor$DelayedWorkQueue.take(ScheduledThreadPoolExecutor.java:809)&#10;        at java.util.concurrent.ThreadPoolExecutor.getTask(ThreadPoolExecutor.java:1074)&#10;        at java.util.concurrent.ThreadPoolExecutor.runWorker(ThreadPoolExecutor.java:1134)&#10;        at java.util.concurrent.ThreadPoolExecutor$Worker.run(ThreadPoolExecutor.java:624)&#10;        at java.lang.Thread.run(Thread.java:748)&#10;&quot;pool-36-thread-16&quot;  prio=5 tid=389 in Object.wait()&#10;java.lang.Thread.State: WAITING (on object monitor)&#10;        at sun.misc.Unsafe.park(Native Method)&#10;        at java.util.concurrent.locks.LockSupport.park(LockSupport.java:175)&#10;        at java.util.concurrent.locks.AbstractQueuedSynchronizer$ConditionObject.await(AbstractQueuedSynchronizer.java:2039)&#10;        at java.util.concurrent.ArrayBlockingQueue.take(ArrayBlockingQueue.java:403)&#10;        at java.util.concurrent.ThreadPoolExecutor.getTask(ThreadPoolExecutor.java:1074)&#10;        at java.util.concurrent.ThreadPoolExecutor.runWorker(ThreadPoolExecutor.java:1134)&#10;        at java.util.concurrent.ThreadPoolExecutor$Worker.run(ThreadPoolExecutor.java:624)&#10;        at java.lang.Thread.run(Thread.java:748)&#10;&quot;pool-76-thread-39&quot;  prio=5 tid=663 in Object.wait()&#10;java.lang.Thread.State: WAITING (on object monitor)&#10;        at sun.misc.Unsafe.park(Native Method)&#10;        at java.util.concurrent.locks.LockSupport.park(LockSupport.java:175)&#10;        at java.util.concurrent.locks.AbstractQueuedSynchronizer$ConditionObject.await(AbstractQueuedSynchronizer.java:2039)&#10;        at java.util.concurrent.ArrayBlockingQueue.take(ArrayBlockingQueue.java:403)&#10;        at java.util.concurrent.ThreadPoolExecutor.getTask(ThreadPoolExecutor.java:1074)&#10;        at java.util.concurrent.ThreadPoolExecutor.runWorker(ThreadPoolExecutor.java:1134)&#10;        at java.util.concurrent.ThreadPoolExecutor$Worker.run(ThreadPoolExecutor.java:624)&#10;        at java.lang.Thread.run(Thread.java:748)&#10;&quot;pool-36-thread-53&quot;  prio=5 tid=426 in Object.wait()&#10;java.lang.Thread.State: WAITING (on object monitor)&#10;        at sun.misc.Unsafe.park(Native Method)&#10;        at java.util.concurrent.locks.LockSupport.park(LockSupport.java:175)&#10;        at java.util.concurrent.locks.AbstractQueuedSynchronizer$ConditionObject.await(AbstractQueuedSynchronizer.java:2039)&#10;        at java.util.concurrent.ArrayBlockingQueue.take(ArrayBlockingQueue.java:403)&#10;        at java.util.concurrent.ThreadPoolExecutor.getTask(ThreadPoolExecutor.java:1074)&#10;        at java.util.concurrent.ThreadPoolExecutor.runWorker(ThreadPoolExecutor.java:1134)&#10;        at java.util.concurrent.ThreadPoolExecutor$Worker.run(ThreadPoolExecutor.java:624)&#10;        at java.lang.Thread.run(Thread.java:748)&#10;&quot;qtp83534488-220&quot; daemon prio=5 tid=220 timed_waiting&#10;java.lang.Thread.State: TIMED_WAITING&#10;        at sun.misc.Unsafe.park(Native Method)&#10;        at java.util.concurrent.locks.LockSupport.parkNanos(LockSupport.java:215)&#10;        at java.util.concurrent.locks.AbstractQueuedSynchronizer$ConditionObject.awaitNanos(AbstractQueuedSynchronizer.java:2078)&#10;        at org.eclipse.jetty.util.BlockingArrayQueue.poll(BlockingArrayQueue.java:392)&#10;        at org.eclipse.jetty.util.thread.QueuedThreadPool.idleJobPoll(QueuedThreadPool.java:563)&#10;        at org.eclipse.jetty.util.thread.QueuedThreadPool.access$800(QueuedThreadPool.java:48)&#10;        at org.eclipse.jetty.util.thread.QueuedThreadPool$2.run(QueuedThreadPool.java:626)&#10;        at java.lang.Thread.run(Thread.java:748)&#10;&quot;Thread-1211&quot; daemon prio=5 tid=1799 timed_waiting&#10;java.lang.Thread.State: TIMED_WAITING&#10;        at java.lang.Thread.sleep(Native Method)&#10;        at org.apache.ratis.util.JavaUtils.sleep(JavaUtils.java:247)&#10;        at org.apache.ratis.server.impl.FollowerState.run(FollowerState.java:96)&#10;&quot;pool-36-thread-44&quot;  prio=5 tid=417 in Object.wait()&#10;java.lang.Thread.State: WAITING (on object monitor)&#10;        at sun.misc.Unsafe.park(Native Method)&#10;        at java.util.concurrent.locks.LockSupport.park(LockSupport.java:175)&#10;        at java.util.concurrent.locks.AbstractQueuedSynchronizer$ConditionObject.await(AbstractQueuedSynchronizer.java:2039)&#10;        at java.util.concurrent.ArrayBlockingQueue.take(ArrayBlockingQueue.java:403)&#10;        at java.util.concurrent.ThreadPoolExecutor.getTask(ThreadPoolExecutor.java:1074)&#10;        at java.util.concurrent.ThreadPoolExecutor.runWorker(ThreadPoolExecutor.java:1134)&#10;        at java.util.concurrent.ThreadPoolExecutor$Worker.run(ThreadPoolExecutor.java:624)&#10;        at java.lang.Thread.run(Thread.java:748)&#10;&quot;refreshUsed-/workdir/hadoop-ozone/integration-test/target/test-dir/MiniOzoneClusterImpl-85c44edd-3ede-4f6a-a825-df7bd545a955/datanode-5/data/containers&quot; daemon prio=5 tid=289 timed_waiting&#10;java.lang.Thread.State: TIMED_WAITING&#10;        at java.lang.Thread.sleep(Native Method)&#10;        at org.apache.hadoop.fs.CachingGetSpaceUsed$RefreshThread.run(CachingGetSpaceUsed.java:179)&#10;        at java.lang.Thread.run(Thread.java:748)&#10;&quot;pool-56-thread-15&quot;  prio=5 tid=509 in Object.wait()&#10;java.lang.Thread.State: WAITING (on object monitor)&#10;        at sun.misc.Unsafe.park(Native Method)&#10;        at java.util.concurrent.locks.LockSupport.park(LockSupport.java:175)&#10;        at java.util.concurrent.locks.AbstractQueuedSynchronizer$ConditionObject.await(AbstractQueuedSynchronizer.java:2039)&#10;        at java.util.concurrent.ArrayBlockingQueue.take(ArrayBlockingQueue.java:403)&#10;        at java.util.concurrent.ThreadPoolExecutor.getTask(ThreadPoolExecutor.java:1074)&#10;        at java.util.concurrent.ThreadPoolExecutor.runWorker(ThreadPoolExecutor.java:1134)&#10;        at java.util.concurrent.ThreadPoolExecutor$Worker.run(ThreadPoolExecutor.java:624)&#10;        at java.lang.Thread.run(Thread.java:748)&#10;&quot;pool-36-thread-2&quot;  prio=5 tid=375 in Object.wait()&#10;java.lang.Thread.State: WAITING (on object monitor)&#10;        at sun.misc.Unsafe.park(Native Method)&#10;        at java.util.concurrent.locks.LockSupport.park(LockSupport.java:175)&#10;        at java.util.concurrent.locks.AbstractQueuedSynchronizer$ConditionObject.await(AbstractQueuedSynchronizer.java:2039)&#10;        at java.util.concurrent.ArrayBlockingQueue.take(ArrayBlockingQueue.java:403)&#10;        at java.util.concurrent.ThreadPoolExecutor.getTask(ThreadPoolExecutor.java:1074)&#10;        at java.util.concurrent.ThreadPoolExecutor.runWorker(ThreadPoolExecutor.java:1134)&#10;        at java.util.concurrent.ThreadPoolExecutor$Worker.run(ThreadPoolExecutor.java:624)&#10;        at java.lang.Thread.run(Thread.java:748)&#10;&quot;pool-36-thread-27&quot;  prio=5 tid=400 in Object.wait()&#10;java.lang.Thread.State: WAITING (on object monitor)&#10;        at sun.misc.Unsafe.park(Native Method)&#10;        at java.util.concurrent.locks.LockSupport.park(LockSupport.java:175)&#10;        at java.util.concurrent.locks.AbstractQueuedSynchronizer$ConditionObject.await(AbstractQueuedSynchronizer.java:2039)&#10;        at java.util.concurrent.ArrayBlockingQueue.take(ArrayBlockingQueue.java:403)&#10;        at java.util.concurrent.ThreadPoolExecutor.getTask(ThreadPoolExecutor.java:1074)&#10;        at java.util.concurrent.ThreadPoolExecutor.runWorker(ThreadPoolExecutor.java:1134)&#10;        at java.util.concurrent.ThreadPoolExecutor$Worker.run(ThreadPoolExecutor.java:624)&#10;        at java.lang.Thread.run(Thread.java:748)&#10;&quot;pool-26-thread-51&quot;  prio=5 tid=364 in Object.wait()&#10;java.lang.Thread.State: WAITING (on object monitor)&#10;        at sun.misc.Unsafe.park(Native Method)&#10;        at java.util.concurrent.locks.LockSupport.park(LockSupport.java:175)&#10;        at java.util.concurrent.locks.AbstractQueuedSynchronizer$ConditionObject.await(AbstractQueuedSynchronizer.java:2039)&#10;        at java.util.concurrent.ArrayBlockingQueue.take(ArrayBlockingQueue.java:403)&#10;        at java.util.concurrent.ThreadPoolExecutor.getTask(ThreadPoolExecutor.java:1074)&#10;        at java.util.concurrent.ThreadPoolExecutor.runWorker(ThreadPoolExecutor.java:1134)&#10;        at java.util.concurrent.ThreadPoolExecutor$Worker.run(ThreadPoolExecutor.java:624)&#10;        at java.lang.Thread.run(Thread.java:748)&#10;&quot;metrics-hadoop-metrics2-reporter-25-thread-1&quot; daemon prio=5 tid=809 timed_waiting&#10;java.lang.Thread.State: TIMED_WAITING&#10;        at sun.misc.Unsafe.park(Native Method)&#10;        at java.util.concurrent.locks.LockSupport.parkNanos(LockSupport.java:215)&#10;        at java.util.concurrent.locks.AbstractQueuedSynchronizer$ConditionObject.awaitNanos(AbstractQueuedSynchronizer.java:2078)&#10;        at java.util.concurrent.ScheduledThreadPoolExecutor$DelayedWorkQueue.take(ScheduledThreadPoolExecutor.java:1093)&#10;        at java.util.concurrent.ScheduledThreadPoolExecutor$DelayedWorkQueue.take(ScheduledThreadPoolExecutor.java:809)&#10;        at java.util.concurrent.ThreadPoolExecutor.getTask(ThreadPoolExecutor.java:1074)&#10;        at java.util.concurrent.ThreadPoolExecutor.runWorker(ThreadPoolExecutor.java:1134)&#10;        at java.util.concurrent.ThreadPoolExecutor$Worker.run(ThreadPoolExecutor.java:624)&#10;        at java.lang.Thread.run(Thread.java:748)&#10;&quot;CommandWatcher-LeaseManager#LeaseMonitor&quot; daemon prio=5 tid=28 timed_waiting&#10;java.lang.Thread.State: TIMED_WAITING&#10;        at java.lang.Thread.sleep(Native Method)&#10;        at org.apache.hadoop.ozone.lease.LeaseManager$LeaseMonitor.run(LeaseManager.java:234)&#10;        at java.lang.Thread.run(Thread.java:748)&#10;&quot;19e67e26-3d21-4d01-be9f-29113a4a814c@group-ADB1B60517AF-SegmentedRaftLogWorker&quot;  prio=5 tid=788 timed_waiting&#10;java.lang.Thread.State: TIMED_WAITING&#10;        at sun.misc.Unsafe.park(Native Method)&#10;        at java.util.concurrent.locks.LockSupport.parkNanos(LockSupport.java:215)&#10;        at java.util.concurrent.locks.AbstractQueuedSynchronizer$ConditionObject.awaitNanos(AbstractQueuedSynchronizer.java:2078)&#10;        at org.apache.ratis.util.DataBlockingQueue.poll(DataBlockingQueue.java:137)&#10;        at org.apache.ratis.server.raftlog.segmented.SegmentedRaftLogWorker.run(SegmentedRaftLogWorker.java:283)&#10;        at java.lang.Thread.run(Thread.java:748)&#10;&quot;e081c0a5-acfc-4a29-8262-ee158adf5b11@group-4519217FD965-SegmentedRaftLogWorker&quot;  prio=5 tid=890 timed_waiting&#10;java.lang.Thread.State: TIMED_WAITING&#10;        at sun.misc.Unsafe.park(Native Method)&#10;        at java.util.concurrent.locks.LockSupport.parkNanos(LockSupport.java:215)&#10;        at java.util.concurrent.locks.AbstractQueuedSynchronizer$ConditionObject.awaitNanos(AbstractQueuedSynchronizer.java:2078)&#10;        at org.apache.ratis.util.DataBlockingQueue.poll(DataBlockingQueue.java:137)&#10;        at org.apache.ratis.server.raftlog.segmented.SegmentedRaftLogWorker.run(SegmentedRaftLogWorker.java:283)&#10;        at java.lang.Thread.run(Thread.java:748)&#10;&quot;qtp1947666055-295-acceptor-0@4487a4c5-ServerConnector@7ab34619{HTTP/1.1,[http/1.1]}{0.0.0.0:38062}&quot; daemon prio=3 tid=295 runnable&#10;java.lang.Thread.State: RUNNABLE&#10;        at sun.nio.ch.ServerSocketChannelImpl.accept0(Native Method)&#10;        at sun.nio.ch.ServerSocketChannelImpl.accept(ServerSocketChannelImpl.java:422)&#10;        at sun.nio.ch.ServerSocketChannelImpl.accept(ServerSocketChannelImpl.java:250)&#10;        at org.eclipse.jetty.server.ServerConnector.accept(ServerConnector.java:397)&#10;        at org.eclipse.jetty.server.AbstractConnector$Acceptor.run(AbstractConnector.java:601)&#10;        at org.eclipse.jetty.util.thread.QueuedThreadPool.runJob(QueuedThreadPool.java:671)&#10;        at org.eclipse.jetty.util.thread.QueuedThreadPool$2.run(QueuedThreadPool.java:589)&#10;        at java.lang.Thread.run(Thread.java:748)&#10;&quot;IPC Server handler 7 on 44461&quot; daemon prio=5 tid=122 timed_waiting&#10;java.lang.Thread.State: TIMED_WAITING&#10;        at sun.misc.Unsafe.park(Native Method)&#10;        at java.util.concurrent.locks.LockSupport.parkNanos(LockSupport.java:215)&#10;        at java.util.concurrent.locks.AbstractQueuedSynchronizer$ConditionObject.awaitNanos(AbstractQueuedSynchronizer.java:2078)&#10;        at java.util.concurrent.LinkedBlockingQueue.poll(LinkedBlockingQueue.java:467)&#10;        at org.apache.hadoop.ipc.CallQueueManager.take(CallQueueManager.java:288)&#10;        at org.apache.hadoop.ipc.Server$Handler.run(Server.java:2668)&#10;&quot;qtp1623761043-270&quot; daemon prio=5 tid=270 timed_waiting&#10;java.lang.Thread.State: TIMED_WAITING&#10;        at sun.misc.Unsafe.park(Native Method)&#10;        at java.util.concurrent.locks.LockSupport.parkNanos(LockSupport.java:215)&#10;        at java.util.concurrent.locks.AbstractQueuedSynchronizer$ConditionObject.awaitNanos(AbstractQueuedSynchronizer.java:2078)&#10;        at org.eclipse.jetty.util.BlockingArrayQueue.poll(BlockingArrayQueue.java:392)&#10;        at org.eclipse.jetty.util.thread.QueuedThreadPool.idleJobPoll(QueuedThreadPool.java:563)&#10;        at org.eclipse.jetty.util.thread.QueuedThreadPool.access$800(QueuedThreadPool.java:48)&#10;        at org.eclipse.jetty.util.thread.QueuedThreadPool$2.run(QueuedThreadPool.java:626)&#10;        at java.lang.Thread.run(Thread.java:748)&#10;&quot;pool-76-thread-43&quot;  prio=5 tid=667 in Object.wait()&#10;java.lang.Thread.State: WAITING (on object monitor)&#10;        at sun.misc.Unsafe.park(Native Method)&#10;        at java.util.concurrent.locks.LockSupport.park(LockSupport.java:175)&#10;        at java.util.concurrent.locks.AbstractQueuedSynchronizer$ConditionObject.await(AbstractQueuedSynchronizer.java:2039)&#10;        at java.util.concurrent.ArrayBlockingQueue.take(ArrayBlockingQueue.java:403)&#10;        at java.util.concurrent.ThreadPoolExecutor.getTask(ThreadPoolExecutor.java:1074)&#10;        at java.util.concurrent.ThreadPoolExecutor.runWorker(ThreadPoolExecutor.java:1134)&#10;        at java.util.concurrent.ThreadPoolExecutor$Worker.run(ThreadPoolExecutor.java:624)&#10;        at java.lang.Thread.run(Thread.java:748)&#10;&quot;pool-66-thread-4&quot;  prio=5 tid=566 in Object.wait()&#10;java.lang.Thread.State: WAITING (on object monitor)&#10;        at sun.misc.Unsafe.park(Native Method)&#10;        at java.util.concurrent.locks.LockSupport.park(LockSupport.java:175)&#10;        at java.util.concurrent.locks.AbstractQueuedSynchronizer$ConditionObject.await(AbstractQueuedSynchronizer.java:2039)&#10;        at java.util.concurrent.ArrayBlockingQueue.take(ArrayBlockingQueue.java:403)&#10;        at java.util.concurrent.ThreadPoolExecutor.getTask(ThreadPoolExecutor.java:1074)&#10;        at java.util.concurrent.ThreadPoolExecutor.runWorker(ThreadPoolExecutor.java:1134)&#10;        at java.util.concurrent.ThreadPoolExecutor$Worker.run(ThreadPoolExecutor.java:624)&#10;        at java.lang.Thread.run(Thread.java:748)&#10;&quot;IPC Server handler 19 on 40029&quot; daemon prio=5 tid=88 timed_waiting&#10;java.lang.Thread.State: TIMED_WAITING&#10;        at sun.misc.Unsafe.park(Native Method)&#10;        at java.util.concurrent.locks.LockSupport.parkNanos(LockSupport.java:215)&#10;        at java.util.concurrent.locks.AbstractQueuedSynchronizer$ConditionObject.awaitNanos(AbstractQueuedSynchronizer.java:2078)&#10;        at java.util.concurrent.LinkedBlockingQueue.poll(LinkedBlockingQueue.java:467)&#10;        at org.apache.hadoop.ipc.CallQueueManager.take(CallQueueManager.java:288)&#10;        at org.apache.hadoop.ipc.Server$Handler.run(Server.java:2668)&#10;&quot;qtp219192399-162&quot; daemon prio=5 tid=162 timed_waiting&#10;java.lang.Thread.State: TIMED_WAITING&#10;        at sun.misc.Unsafe.park(Native Method)&#10;        at java.util.concurrent.locks.LockSupport.parkNanos(LockSupport.java:215)&#10;        at java.util.concurrent.locks.AbstractQueuedSynchronizer$ConditionObject.awaitNanos(AbstractQueuedSynchronizer.java:2078)&#10;        at org.eclipse.jetty.util.BlockingArrayQueue.poll(BlockingArrayQueue.java:392)&#10;        at org.eclipse.jetty.util.thread.QueuedThreadPool.idleJobPoll(QueuedThreadPool.java:563)&#10;        at org.eclipse.jetty.util.thread.QueuedThreadPool.access$800(QueuedThreadPool.java:48)&#10;        at org.eclipse.jetty.util.thread.QueuedThreadPool$2.run(QueuedThreadPool.java:626)&#10;        at java.lang.Thread.run(Thread.java:748)&#10;&quot;org.eclipse.jetty.server.session.HashSessionManager@1859e2a4Timer&quot; daemon prio=5 tid=250 timed_waiting&#10;java.lang.Thread.State: TIMED_WAITING&#10;        at sun.misc.Unsafe.park(Native Method)&#10;        at java.util.concurrent.locks.LockSupport.parkNanos(LockSupport.java:215)&#10;        at java.util.concurrent.locks.AbstractQueuedSynchronizer$ConditionObject.awaitNanos(AbstractQueuedSynchronizer.java:2078)&#10;        at java.util.concurrent.ScheduledThreadPoolExecutor$DelayedWorkQueue.take(ScheduledThreadPoolExecutor.java:1093)&#10;        at java.util.concurrent.ScheduledThreadPoolExecutor$DelayedWorkQueue.take(ScheduledThreadPoolExecutor.java:809)&#10;        at java.util.concurrent.ThreadPoolExecutor.getTask(ThreadPoolExecutor.java:1074)&#10;        at java.util.concurrent.ThreadPoolExecutor.runWorker(ThreadPoolExecutor.java:1134)&#10;        at java.util.concurrent.ThreadPoolExecutor$Worker.run(ThreadPoolExecutor.java:624)&#10;        at java.lang.Thread.run(Thread.java:748)&#10;&quot;IPC Server handler 0 on 44461&quot; daemon prio=5 tid=115 timed_waiting&#10;java.lang.Thread.State: TIMED_WAITING&#10;        at sun.misc.Unsafe.park(Native Method)&#10;        at java.util.concurrent.locks.LockSupport.parkNanos(LockSupport.java:215)&#10;        at java.util.concurrent.locks.AbstractQueuedSynchronizer$ConditionObject.awaitNanos(AbstractQueuedSynchronizer.java:2078)&#10;        at java.util.concurrent.LinkedBlockingQueue.poll(LinkedBlockingQueue.java:467)&#10;        at org.apache.hadoop.ipc.CallQueueManager.take(CallQueueManager.java:288)&#10;        at org.apache.hadoop.ipc.Server$Handler.run(Server.java:2668)&#10;&quot;pool-26-thread-60&quot;  prio=5 tid=373 in Object.wait()&#10;java.lang.Thread.State: WAITING (on object monitor)&#10;        at sun.misc.Unsafe.park(Native Method)&#10;        at java.util.concurrent.locks.LockSupport.park(LockSupport.java:175)&#10;        at java.util.concurrent.locks.AbstractQueuedSynchronizer$ConditionObject.await(AbstractQueuedSynchronizer.java:2039)&#10;        at java.util.concurrent.ArrayBlockingQueue.take(ArrayBlockingQueue.java:403)&#10;        at java.util.concurrent.ThreadPoolExecutor.getTask(ThreadPoolExecutor.java:1074)&#10;        at java.util.concurrent.ThreadPoolExecutor.runWorker(ThreadPoolExecutor.java:1134)&#10;        at java.util.concurrent.ThreadPoolExecutor$Worker.run(ThreadPoolExecutor.java:624)&#10;        at java.lang.Thread.run(Thread.java:748)&#10;&quot;pool-26-thread-11&quot;  prio=5 tid=324 in Object.wait()&#10;java.lang.Thread.State: WAITING (on object monitor)&#10;        at sun.misc.Unsafe.park(Native Method)&#10;        at java.util.concurrent.locks.LockSupport.park(LockSupport.java:175)&#10;        at java.util.concurrent.locks.AbstractQueuedSynchronizer$ConditionObject.await(AbstractQueuedSynchronizer.java:2039)&#10;        at java.util.concurrent.ArrayBlockingQueue.take(ArrayBlockingQueue.java:403)&#10;        at java.util.concurrent.ThreadPoolExecutor.getTask(ThreadPoolExecutor.java:1074)&#10;        at java.util.concurrent.ThreadPoolExecutor.runWorker(ThreadPoolExecutor.java:1134)&#10;        at java.util.concurrent.ThreadPoolExecutor$Worker.run(ThreadPoolExecutor.java:624)&#10;        at java.lang.Thread.run(Thread.java:748)&#10;&quot;java.util.concurrent.ThreadPoolExecutor$Worker@6bd327f[State = -1, empty queue]&quot; daemon prio=5 tid=1858 timed_waiting&#10;java.lang.Thread.State: TIMED_WAITING&#10;        at sun.misc.Unsafe.park(Native Method)&#10;        at java.util.concurrent.locks.LockSupport.parkNanos(LockSupport.java:215)&#10;        at java.util.concurrent.locks.AbstractQueuedSynchronizer$ConditionObject.awaitNanos(AbstractQueuedSynchronizer.java:2078)&#10;        at java.util.concurrent.ScheduledThreadPoolExecutor$DelayedWorkQueue.take(ScheduledThreadPoolExecutor.java:1093)&#10;        at java.util.concurrent.ScheduledThreadPoolExecutor$DelayedWorkQueue.take(ScheduledThreadPoolExecutor.java:809)&#10;        at java.util.concurrent.ThreadPoolExecutor.getTask(ThreadPoolExecutor.java:1074)&#10;        at java.util.concurrent.ThreadPoolExecutor.runWorker(ThreadPoolExecutor.java:1134)&#10;        at java.util.concurrent.ThreadPoolExecutor$Worker.run(ThreadPoolExecutor.java:624)&#10;        at java.lang.Thread.run(Thread.java:748)&#10;&quot;pool-46-thread-21&quot;  prio=5 tid=454 in Object.wait()&#10;java.lang.Thread.State: WAITING (on object monitor)&#10;        at sun.misc.Unsafe.park(Native Method)&#10;        at java.util.concurrent.locks.LockSupport.park(LockSupport.java:175)&#10;        at java.util.concurrent.locks.AbstractQueuedSynchronizer$ConditionObject.await(AbstractQueuedSynchronizer.java:2039)&#10;        at java.util.concurrent.ArrayBlockingQueue.take(ArrayBlockingQueue.java:403)&#10;        at java.util.concurrent.ThreadPoolExecutor.getTask(ThreadPoolExecutor.java:1074)&#10;        at java.util.concurrent.ThreadPoolExecutor.runWorker(ThreadPoolExecutor.java:1134)&#10;        at java.util.concurrent.ThreadPoolExecutor$Worker.run(ThreadPoolExecutor.java:624)&#10;        at java.lang.Thread.run(Thread.java:748)&#10;&quot;pool-36-thread-1&quot;  prio=5 tid=374 in Object.wait()&#10;java.lang.Thread.State: WAITING (on object monitor)&#10;        at sun.misc.Unsafe.park(Native Method)&#10;        at java.util.concurrent.locks.LockSupport.park(LockSupport.java:175)&#10;        at java.util.concurrent.locks.AbstractQueuedSynchronizer$ConditionObject.await(AbstractQueuedSynchronizer.java:2039)&#10;        at java.util.concurrent.ArrayBlockingQueue.take(ArrayBlockingQueue.java:403)&#10;        at java.util.concurrent.ThreadPoolExecutor.getTask(ThreadPoolExecutor.java:1074)&#10;        at java.util.concurrent.ThreadPoolExecutor.runWorker(ThreadPoolExecutor.java:1134)&#10;        at java.util.concurrent.ThreadPoolExecutor$Worker.run(ThreadPoolExecutor.java:624)&#10;        at java.lang.Thread.run(Thread.java:748)&#10;&quot;qtp1623761043-273&quot; daemon prio=5 tid=273 timed_waiting&#10;java.lang.Thread.State: TIMED_WAITING&#10;        at sun.misc.Unsafe.park(Native Method)&#10;        at java.util.concurrent.locks.LockSupport.parkNanos(LockSupport.java:215)&#10;        at java.util.concurrent.locks.AbstractQueuedSynchronizer$ConditionObject.awaitNanos(AbstractQueuedSynchronizer.java:2078)&#10;        at org.eclipse.jetty.util.BlockingArrayQueue.poll(BlockingArrayQueue.java:392)&#10;        at org.eclipse.jetty.util.thread.QueuedThreadPool.idleJobPoll(QueuedThreadPool.java:563)&#10;        at org.eclipse.jetty.util.thread.QueuedThreadPool.access$800(QueuedThreadPool.java:48)&#10;        at org.eclipse.jetty.util.thread.QueuedThreadPool$2.run(QueuedThreadPool.java:626)&#10;        at java.lang.Thread.run(Thread.java:748)&#10;&quot;pool-40-thread-1&quot;  prio=5 tid=185 timed_waiting&#10;java.lang.Thread.State: TIMED_WAITING&#10;        at sun.misc.Unsafe.park(Native Method)&#10;        at java.util.concurrent.locks.LockSupport.parkNanos(LockSupport.java:215)&#10;        at java.util.concurrent.locks.AbstractQueuedSynchronizer$ConditionObject.awaitNanos(AbstractQueuedSynchronizer.java:2078)&#10;        at java.util.concurrent.ScheduledThreadPoolExecutor$DelayedWorkQueue.take(ScheduledThreadPoolExecutor.java:1093)&#10;        at java.util.concurrent.ScheduledThreadPoolExecutor$DelayedWorkQueue.take(ScheduledThreadPoolExecutor.java:809)&#10;        at java.util.concurrent.ThreadPoolExecutor.getTask(ThreadPoolExecutor.java:1074)&#10;        at java.util.concurrent.ThreadPoolExecutor.runWorker(ThreadPoolExecutor.java:1134)&#10;        at java.util.concurrent.ThreadPoolExecutor$Worker.run(ThreadPoolExecutor.java:624)&#10;        at java.lang.Thread.run(Thread.java:748)&#10;&quot;pool-66-thread-52&quot;  prio=5 tid=614 in Object.wait()&#10;java.lang.Thread.State: WAITING (on object monitor)&#10;        at sun.misc.Unsafe.park(Native Method)&#10;        at java.util.concurrent.locks.LockSupport.park(LockSupport.java:175)&#10;        at java.util.concurrent.locks.AbstractQueuedSynchronizer$ConditionObject.await(AbstractQueuedSynchronizer.java:2039)&#10;        at java.util.concurrent.ArrayBlockingQueue.take(ArrayBlockingQueue.java:403)&#10;        at java.util.concurrent.ThreadPoolExecutor.getTask(ThreadPoolExecutor.java:1074)&#10;        at java.util.concurrent.ThreadPoolExecutor.runWorker(ThreadPoolExecutor.java:1134)&#10;        at java.util.concurrent.ThreadPoolExecutor$Worker.run(ThreadPoolExecutor.java:624)&#10;        at java.lang.Thread.run(Thread.java:748)&#10;&quot;pool-56-thread-45&quot;  prio=5 tid=539 in Object.wait()&#10;java.lang.Thread.State: WAITING (on object monitor)&#10;        at sun.misc.Unsafe.park(Native Method)&#10;        at java.util.concurrent.locks.LockSupport.park(LockSupport.java:175)&#10;        at java.util.concurrent.locks.AbstractQueuedSynchronizer$ConditionObject.await(AbstractQueuedSynchronizer.java:2039)&#10;        at java.util.concurrent.ArrayBlockingQueue.take(ArrayBlockingQueue.java:403)&#10;        at java.util.concurrent.ThreadPoolExecutor.getTask(ThreadPoolExecutor.java:1074)&#10;        at java.util.concurrent.ThreadPoolExecutor.runWorker(ThreadPoolExecutor.java:1134)&#10;        at java.util.concurrent.ThreadPoolExecutor$Worker.run(ThreadPoolExecutor.java:624)&#10;        at java.lang.Thread.run(Thread.java:748)&#10;&quot;Datanode ReportManager Thread - 0&quot; daemon prio=5 tid=171 in Object.wait()&#10;java.lang.Thread.State: WAITING (on object monitor)&#10;        at sun.misc.Unsafe.park(Native Method)&#10;        at java.util.concurrent.locks.LockSupport.park(LockSupport.java:175)&#10;        at java.util.concurrent.locks.AbstractQueuedSynchronizer$ConditionObject.await(AbstractQueuedSynchronizer.java:2039)&#10;        at java.util.concurrent.ScheduledThreadPoolExecutor$DelayedWorkQueue.take(ScheduledThreadPoolExecutor.java:1088)&#10;        at java.util.concurrent.ScheduledThreadPoolExecutor$DelayedWorkQueue.take(ScheduledThreadPoolExecutor.java:809)&#10;        at java.util.concurrent.ThreadPoolExecutor.getTask(ThreadPoolExecutor.java:1074)&#10;        at java.util.concurrent.ThreadPoolExecutor.runWorker(ThreadPoolExecutor.java:1134)&#10;        at java.util.concurrent.ThreadPoolExecutor$Worker.run(ThreadPoolExecutor.java:624)&#10;        at java.lang.Thread.run(Thread.java:748)&#10;&quot;java.util.concurrent.ThreadPoolExecutor$Worker@4ba1b9d0[State = -1, empty queue]&quot; daemon prio=5 tid=1856 timed_waiting&#10;java.lang.Thread.State: TIMED_WAITING&#10;        at sun.misc.Unsafe.park(Native Method)&#10;        at java.util.concurrent.locks.LockSupport.parkNanos(LockSupport.java:215)&#10;        at java.util.concurrent.locks.AbstractQueuedSynchronizer$ConditionObject.awaitNanos(AbstractQueuedSynchronizer.java:2078)&#10;        at java.util.concurrent.ScheduledThreadPoolExecutor$DelayedWorkQueue.take(ScheduledThreadPoolExecutor.java:1093)&#10;        at java.util.concurrent.ScheduledThreadPoolExecutor$DelayedWorkQueue.take(ScheduledThreadPoolExecutor.java:809)&#10;        at java.util.concurrent.ThreadPoolExecutor.getTask(ThreadPoolExecutor.java:1074)&#10;        at java.util.concurrent.ThreadPoolExecutor.runWorker(ThreadPoolExecutor.java:1134)&#10;        at java.util.concurrent.ThreadPoolExecutor$Worker.run(ThreadPoolExecutor.java:624)&#10;        at java.lang.Thread.run(Thread.java:748)&#10;&#10;" type="java.util.concurrent.TimeoutException">java.util.concurrent.TimeoutException: 
Timed out waiting for condition. Thread diagnostics:
Timestamp: 2019-09-25 11:42:39,242

"pool-76-thread-41"  prio=5 tid=665 in Object.wait()
java.lang.Thread.State: WAITING (on object monitor)
        at sun.misc.Unsafe.park(Native Method)
        at java.util.concurrent.locks.LockSupport.park(LockSupport.java:175)
        at java.util.concurrent.locks.AbstractQueuedSynchronizer$ConditionObject.await(AbstractQueuedSynchronizer.java:2039)
        at java.util.concurrent.ArrayBlockingQueue.take(ArrayBlockingQueue.java:403)
        at java.util.concurrent.ThreadPoolExecutor.getTask(ThreadPoolExecutor.java:1074)
        at java.util.concurrent.ThreadPoolExecutor.runWorker(ThreadPoolExecutor.java:1134)
        at java.util.concurrent.ThreadPoolExecutor$Worker.run(ThreadPoolExecutor.java:624)
        at java.lang.Thread.run(Thread.java:748)
"pool-66-thread-55"  prio=5 tid=617 in Object.wait()
java.lang.Thread.State: WAITING (on object monitor)
        at sun.misc.Unsafe.park(Native Method)
        at java.util.concurrent.locks.LockSupport.park(LockSupport.java:175)
        at java.util.concurrent.locks.AbstractQueuedSynchronizer$ConditionObject.await(AbstractQueuedSynchronizer.java:2039)
        at java.util.concurrent.ArrayBlockingQueue.take(ArrayBlockingQueue.java:403)
        at java.util.concurrent.ThreadPoolExecutor.getTask(ThreadPoolExecutor.java:1074)
        at java.util.concurrent.ThreadPoolExecutor.runWorker(ThreadPoolExecutor.java:1134)
        at java.util.concurrent.ThreadPoolExecutor$Worker.run(ThreadPoolExecutor.java:624)
        at java.lang.Thread.run(Thread.java:748)
"IPC Server handler 4 on 44461" daemon prio=5 tid=119 timed_waiting
java.lang.Thread.State: TIMED_WAITING
        at sun.misc.Unsafe.park(Native Method)
        at java.util.concurrent.locks.LockSupport.parkNanos(LockSupport.java:215)
        at java.util.concurrent.locks.AbstractQueuedSynchronizer$ConditionObject.awaitNanos(AbstractQueuedSynchronizer.java:2078)
        at java.util.concurrent.LinkedBlockingQueue.poll(LinkedBlockingQueue.java:467)
        at org.apache.hadoop.ipc.CallQueueManager.take(CallQueueManager.java:288)
        at org.apache.hadoop.ipc.Server$Handler.run(Server.java:2668)
"pool-26-thread-15"  prio=5 tid=328 in Object.wait()
java.lang.Thread.State: WAITING (on object monitor)
        at sun.misc.Unsafe.park(Native Method)
        at java.util.concurrent.locks.LockSupport.park(LockSupport.java:175)
        at java.util.concurrent.locks.AbstractQueuedSynchronizer$ConditionObject.await(AbstractQueuedSynchronizer.java:2039)
        at java.util.concurrent.ArrayBlockingQueue.take(ArrayBlockingQueue.java:403)
        at java.util.concurrent.ThreadPoolExecutor.getTask(ThreadPoolExecutor.java:1074)
        at java.util.concurrent.ThreadPoolExecutor.runWorker(ThreadPoolExecutor.java:1134)
        at java.util.concurrent.ThreadPoolExecutor$Worker.run(ThreadPoolExecutor.java:624)
        at java.lang.Thread.run(Thread.java:748)
"pool-56-thread-19"  prio=5 tid=513 in Object.wait()
java.lang.Thread.State: WAITING (on object monitor)
        at sun.misc.Unsafe.park(Native Method)
        at java.util.concurrent.locks.LockSupport.park(LockSupport.java:175)
        at java.util.concurrent.locks.AbstractQueuedSynchronizer$ConditionObject.await(AbstractQueuedSynchronizer.java:2039)
        at java.util.concurrent.ArrayBlockingQueue.take(ArrayBlockingQueue.java:403)
        at java.util.concurrent.ThreadPoolExecutor.getTask(ThreadPoolExecutor.java:1074)
        at java.util.concurrent.ThreadPoolExecutor.runWorker(ThreadPoolExecutor.java:1134)
        at java.util.concurrent.ThreadPoolExecutor$Worker.run(ThreadPoolExecutor.java:624)
        at java.lang.Thread.run(Thread.java:748)
"grpc-default-boss-ELG-1-1" daemon prio=5 tid=494 runnable
java.lang.Thread.State: RUNNABLE
        at sun.nio.ch.EPollArrayWrapper.epollWait(Native Method)
        at sun.nio.ch.EPollArrayWrapper.poll(EPollArrayWrapper.java:269)
        at sun.nio.ch.EPollSelectorImpl.doSelect(EPollSelectorImpl.java:93)
        at sun.nio.ch.SelectorImpl.lockAndDoSelect(SelectorImpl.java:86)
        at sun.nio.ch.SelectorImpl.select(SelectorImpl.java:97)
        at org.apache.ratis.thirdparty.io.netty.channel.nio.SelectedSelectionKeySetSelector.select(SelectedSelectionKeySetSelector.java:62)
        at org.apache.ratis.thirdparty.io.netty.channel.nio.NioEventLoop.select(NioEventLoop.java:753)
        at org.apache.ratis.thirdparty.io.netty.channel.nio.NioEventLoop.run(NioEventLoop.java:408)
        at org.apache.ratis.thirdparty.io.netty.util.concurrent.SingleThreadEventExecutor$5.run(SingleThreadEventExecutor.java:897)
        at org.apache.ratis.thirdparty.io.netty.util.concurrent.FastThreadLocalRunnable.run(FastThreadLocalRunnable.java:30)
        at java.lang.Thread.run(Thread.java:748)
"pool-36-thread-28"  prio=5 tid=401 in Object.wait()
java.lang.Thread.State: WAITING (on object monitor)
        at sun.misc.Unsafe.park(Native Method)
        at java.util.concurrent.locks.LockSupport.park(LockSupport.java:175)
        at java.util.concurrent.locks.AbstractQueuedSynchronizer$ConditionObject.await(AbstractQueuedSynchronizer.java:2039)
        at java.util.concurrent.ArrayBlockingQueue.take(ArrayBlockingQueue.java:403)
        at java.util.concurrent.ThreadPoolExecutor.getTask(ThreadPoolExecutor.java:1074)
        at java.util.concurrent.ThreadPoolExecutor.runWorker(ThreadPoolExecutor.java:1134)
        at java.util.concurrent.ThreadPoolExecutor$Worker.run(ThreadPoolExecutor.java:624)
        at java.lang.Thread.run(Thread.java:748)
"EventQueue-ProcessedPipelineReportForOneReplicaPipelineSafeModeRule" daemon prio=5 tid=694 in Object.wait()
java.lang.Thread.State: WAITING (on object monitor)
        at sun.misc.Unsafe.park(Native Method)
        at java.util.concurrent.locks.LockSupport.park(LockSupport.java:175)
        at java.util.concurrent.locks.AbstractQueuedSynchronizer$ConditionObject.await(AbstractQueuedSynchronizer.java:2039)
        at java.util.concurrent.LinkedBlockingQueue.take(LinkedBlockingQueue.java:442)
        at java.util.concurrent.ThreadPoolExecutor.getTask(ThreadPoolExecutor.java:1074)
        at java.util.concurrent.ThreadPoolExecutor.runWorker(ThreadPoolExecutor.java:1134)
        at java.util.concurrent.ThreadPoolExecutor$Worker.run(ThreadPoolExecutor.java:624)
        at java.lang.Thread.run(Thread.java:748)
"a7d59ef6-3eca-4628-b097-12d983444e7f@group-47DBAAEC82C8-StateMachineUpdater" daemon prio=5 tid=762 in Object.wait()
java.lang.Thread.State: WAITING (on object monitor)
        at java.lang.Object.wait(Native Method)
        at java.lang.Object.wait(Object.java:502)
        at org.apache.ratis.server.impl.StateMachineUpdater.waitForCommit(StateMachineUpdater.java:183)
        at org.apache.ratis.server.impl.StateMachineUpdater.run(StateMachineUpdater.java:148)
        at java.lang.Thread.run(Thread.java:748)
"IPC Server handler 17 on 45005" daemon prio=5 tid=46 timed_waiting
java.lang.Thread.State: TIMED_WAITING
        at sun.misc.Unsafe.park(Native Method)
        at java.util.concurrent.locks.LockSupport.parkNanos(LockSupport.java:215)
        at java.util.concurrent.locks.AbstractQueuedSynchronizer$ConditionObject.awaitNanos(AbstractQueuedSynchronizer.java:2078)
        at java.util.concurrent.LinkedBlockingQueue.poll(LinkedBlockingQueue.java:467)
        at org.apache.hadoop.ipc.CallQueueManager.take(CallQueueManager.java:288)
        at org.apache.hadoop.ipc.Server$Handler.run(Server.java:2668)
"metrics-hadoop-metrics2-reporter-17-thread-1" daemon prio=5 tid=775 timed_waiting
java.lang.Thread.State: TIMED_WAITING
        at sun.misc.Unsafe.park(Native Method)
        at java.util.concurrent.locks.LockSupport.parkNanos(LockSupport.java:215)
        at java.util.concurrent.locks.AbstractQueuedSynchronizer$ConditionObject.awaitNanos(AbstractQueuedSynchronizer.java:2078)
        at java.util.concurrent.ScheduledThreadPoolExecutor$DelayedWorkQueue.take(ScheduledThreadPoolExecutor.java:1093)
        at java.util.concurrent.ScheduledThreadPoolExecutor$DelayedWorkQueue.take(ScheduledThreadPoolExecutor.java:809)
        at java.util.concurrent.ThreadPoolExecutor.getTask(ThreadPoolExecutor.java:1074)
        at java.util.concurrent.ThreadPoolExecutor.runWorker(ThreadPoolExecutor.java:1134)
        at java.util.concurrent.ThreadPoolExecutor$Worker.run(ThreadPoolExecutor.java:624)
        at java.lang.Thread.run(Thread.java:748)
"pool-66-thread-37"  prio=5 tid=599 in Object.wait()
java.lang.Thread.State: WAITING (on object monitor)
        at sun.misc.Unsafe.park(Native Method)
        at java.util.concurrent.locks.LockSupport.park(LockSupport.java:175)
        at java.util.concurrent.locks.AbstractQueuedSynchronizer$ConditionObject.await(AbstractQueuedSynchronizer.java:2039)
        at java.util.concurrent.ArrayBlockingQueue.take(ArrayBlockingQueue.java:403)
        at java.util.concurrent.ThreadPoolExecutor.getTask(ThreadPoolExecutor.java:1074)
        at java.util.concurrent.ThreadPoolExecutor.runWorker(ThreadPoolExecutor.java:1134)
        at java.util.concurrent.ThreadPoolExecutor$Worker.run(ThreadPoolExecutor.java:624)
        at java.lang.Thread.run(Thread.java:748)
"jaeger.RemoteReporter-FlushTimer" daemon prio=5 tid=148 timed_waiting
java.lang.Thread.State: TIMED_WAITING
        at java.lang.Object.wait(Native Method)
        at java.util.TimerThread.mainLoop(Timer.java:552)
        at java.util.TimerThread.run(Timer.java:505)
"org.apache.ratis.server.impl.LogAppender$AppenderDaemon$$Lambda$418/858148741@225cead4" daemon prio=5 tid=1853 timed_waiting
java.lang.Thread.State: TIMED_WAITING
        at java.lang.Object.wait(Native Method)
        at org.apache.ratis.grpc.server.GrpcLogAppender.mayWait(GrpcLogAppender.java:141)
        at org.apache.ratis.grpc.server.GrpcLogAppender.runAppenderImpl(GrpcLogAppender.java:95)
        at org.apache.ratis.server.impl.LogAppender$AppenderDaemon.run(LogAppender.java:76)
        at org.apache.ratis.server.impl.LogAppender$AppenderDaemon$$Lambda$418/858148741.run(Unknown Source)
        at java.lang.Thread.run(Thread.java:748)
"Thread-1173" daemon prio=5 tid=1759 timed_waiting
java.lang.Thread.State: TIMED_WAITING
        at java.lang.Thread.sleep(Native Method)
        at org.apache.ratis.util.JavaUtils.sleep(JavaUtils.java:247)
        at org.apache.ratis.server.impl.FollowerState.run(FollowerState.java:96)
"19e67e26-3d21-4d01-be9f-29113a4a814c@group-25E28834D101-StateMachineUpdater" daemon prio=5 tid=714 in Object.wait()
java.lang.Thread.State: WAITING (on object monitor)
        at java.lang.Object.wait(Native Method)
        at java.lang.Object.wait(Object.java:502)
        at org.apache.ratis.server.impl.StateMachineUpdater.waitForCommit(StateMachineUpdater.java:183)
        at org.apache.ratis.server.impl.StateMachineUpdater.run(StateMachineUpdater.java:148)
        at java.lang.Thread.run(Thread.java:748)
"org.eclipse.jetty.server.session.HashSessionManager@dc4a691Timer" daemon prio=5 tid=223 timed_waiting
java.lang.Thread.State: TIMED_WAITING
        at sun.misc.Unsafe.park(Native Method)
        at java.util.concurrent.locks.LockSupport.parkNanos(LockSupport.java:215)
        at java.util.concurrent.locks.AbstractQueuedSynchronizer$ConditionObject.awaitNanos(AbstractQueuedSynchronizer.java:2078)
        at java.util.concurrent.ScheduledThreadPoolExecutor$DelayedWorkQueue.take(ScheduledThreadPoolExecutor.java:1093)
        at java.util.concurrent.ScheduledThreadPoolExecutor$DelayedWorkQueue.take(ScheduledThreadPoolExecutor.java:809)
        at java.util.concurrent.ThreadPoolExecutor.getTask(ThreadPoolExecutor.java:1074)
        at java.util.concurrent.ThreadPoolExecutor.runWorker(ThreadPoolExecutor.java:1134)
        at java.util.concurrent.ThreadPoolExecutor$Worker.run(ThreadPoolExecutor.java:624)
        at java.lang.Thread.run(Thread.java:748)
"IPC Server handler 13 on 40029" daemon prio=5 tid=82 timed_waiting
java.lang.Thread.State: TIMED_WAITING
        at sun.misc.Unsafe.park(Native Method)
        at java.util.concurrent.locks.LockSupport.parkNanos(LockSupport.java:215)
        at java.util.concurrent.locks.AbstractQueuedSynchronizer$ConditionObject.awaitNanos(AbstractQueuedSynchronizer.java:2078)
        at java.util.concurrent.LinkedBlockingQueue.poll(LinkedBlockingQueue.java:467)
        at org.apache.hadoop.ipc.CallQueueManager.take(CallQueueManager.java:288)
        at org.apache.hadoop.ipc.Server$Handler.run(Server.java:2668)
"pool-46-thread-8"  prio=5 tid=441 in Object.wait()
java.lang.Thread.State: WAITING (on object monitor)
        at sun.misc.Unsafe.park(Native Method)
        at java.util.concurrent.locks.LockSupport.park(LockSupport.java:175)
        at java.util.concurrent.locks.AbstractQueuedSynchronizer$ConditionObject.await(AbstractQueuedSynchronizer.java:2039)
        at java.util.concurrent.ArrayBlockingQueue.take(ArrayBlockingQueue.java:403)
        at java.util.concurrent.ThreadPoolExecutor.getTask(ThreadPoolExecutor.java:1074)
        at java.util.concurrent.ThreadPoolExecutor.runWorker(ThreadPoolExecutor.java:1134)
        at java.util.concurrent.ThreadPoolExecutor$Worker.run(ThreadPoolExecutor.java:624)
        at java.lang.Thread.run(Thread.java:748)
"Datanode ReportManager Thread - 3" daemon prio=5 tid=255 in Object.wait()
java.lang.Thread.State: WAITING (on object monitor)
        at sun.misc.Unsafe.park(Native Method)
        at java.util.concurrent.locks.LockSupport.park(LockSupport.java:175)
        at java.util.concurrent.locks.AbstractQueuedSynchronizer$ConditionObject.await(AbstractQueuedSynchronizer.java:2039)
        at java.util.concurrent.ScheduledThreadPoolExecutor$DelayedWorkQueue.take(ScheduledThreadPoolExecutor.java:1088)
        at java.util.concurrent.ScheduledThreadPoolExecutor$DelayedWorkQueue.take(ScheduledThreadPoolExecutor.java:809)
        at java.util.concurrent.ThreadPoolExecutor.getTask(ThreadPoolExecutor.java:1074)
        at java.util.concurrent.ThreadPoolExecutor.runWorker(ThreadPoolExecutor.java:1134)
        at java.util.concurrent.ThreadPoolExecutor$Worker.run(ThreadPoolExecutor.java:624)
        at java.lang.Thread.run(Thread.java:748)
"pool-36-thread-4"  prio=5 tid=377 in Object.wait()
java.lang.Thread.State: WAITING (on object monitor)
        at sun.misc.Unsafe.park(Native Method)
        at java.util.concurrent.locks.LockSupport.park(LockSupport.java:175)
        at java.util.concurrent.locks.AbstractQueuedSynchronizer$ConditionObject.await(AbstractQueuedSynchronizer.java:2039)
        at java.util.concurrent.ArrayBlockingQueue.take(ArrayBlockingQueue.java:403)
        at java.util.concurrent.ThreadPoolExecutor.getTask(ThreadPoolExecutor.java:1074)
        at java.util.concurrent.ThreadPoolExecutor.runWorker(ThreadPoolExecutor.java:1134)
        at java.util.concurrent.ThreadPoolExecutor$Worker.run(ThreadPoolExecutor.java:624)
        at java.lang.Thread.run(Thread.java:748)
"Datanode ReportManager Thread - 3" daemon prio=5 tid=201 in Object.wait()
java.lang.Thread.State: WAITING (on object monitor)
        at sun.misc.Unsafe.park(Native Method)
        at java.util.concurrent.locks.LockSupport.park(LockSupport.java:175)
        at java.util.concurrent.locks.AbstractQueuedSynchronizer$ConditionObject.await(AbstractQueuedSynchronizer.java:2039)
        at java.util.concurrent.ScheduledThreadPoolExecutor$DelayedWorkQueue.take(ScheduledThreadPoolExecutor.java:1088)
        at java.util.concurrent.ScheduledThreadPoolExecutor$DelayedWorkQueue.take(ScheduledThreadPoolExecutor.java:809)
        at java.util.concurrent.ThreadPoolExecutor.getTask(ThreadPoolExecutor.java:1074)
        at java.util.concurrent.ThreadPoolExecutor.runWorker(ThreadPoolExecutor.java:1134)
        at java.util.concurrent.ThreadPoolExecutor$Worker.run(ThreadPoolExecutor.java:624)
        at java.lang.Thread.run(Thread.java:748)
"grpc-default-executor-17" daemon prio=5 tid=982 timed_waiting
java.lang.Thread.State: TIMED_WAITING
        at sun.misc.Unsafe.park(Native Method)
        at java.util.concurrent.locks.LockSupport.parkNanos(LockSupport.java:215)
        at java.util.concurrent.SynchronousQueue$TransferStack.awaitFulfill(SynchronousQueue.java:460)
        at java.util.concurrent.SynchronousQueue$TransferStack.transfer(SynchronousQueue.java:362)
        at java.util.concurrent.SynchronousQueue.poll(SynchronousQueue.java:941)
        at java.util.concurrent.ThreadPoolExecutor.getTask(ThreadPoolExecutor.java:1073)
        at java.util.concurrent.ThreadPoolExecutor.runWorker(ThreadPoolExecutor.java:1134)
        at java.util.concurrent.ThreadPoolExecutor$Worker.run(ThreadPoolExecutor.java:624)
        at java.lang.Thread.run(Thread.java:748)
"metrics-hadoop-metrics2-reporter-40-thread-1" daemon prio=5 tid=883 timed_waiting
java.lang.Thread.State: TIMED_WAITING
        at sun.misc.Unsafe.park(Native Method)
        at java.util.concurrent.locks.LockSupport.parkNanos(LockSupport.java:215)
        at java.util.concurrent.locks.AbstractQueuedSynchronizer$ConditionObject.awaitNanos(AbstractQueuedSynchronizer.java:2078)
        at java.util.concurrent.ScheduledThreadPoolExecutor$DelayedWorkQueue.take(ScheduledThreadPoolExecutor.java:1093)
        at java.util.concurrent.ScheduledThreadPoolExecutor$DelayedWorkQueue.take(ScheduledThreadPoolExecutor.java:809)
        at java.util.concurrent.ThreadPoolExecutor.getTask(ThreadPoolExecutor.java:1074)
        at java.util.concurrent.ThreadPoolExecutor.runWorker(ThreadPoolExecutor.java:1134)
        at java.util.concurrent.ThreadPoolExecutor$Worker.run(ThreadPoolExecutor.java:624)
        at java.lang.Thread.run(Thread.java:748)
"b7064b77-9271-4e94-8225-85d895886efb@group-F2E0294EDFC2-SegmentedRaftLogWorker"  prio=5 tid=845 timed_waiting
java.lang.Thread.State: TIMED_WAITING
        at sun.misc.Unsafe.park(Native Method)
        at java.util.concurrent.locks.LockSupport.parkNanos(LockSupport.java:215)
        at java.util.concurrent.locks.AbstractQueuedSynchronizer$ConditionObject.awaitNanos(AbstractQueuedSynchronizer.java:2078)
        at org.apache.ratis.util.DataBlockingQueue.poll(DataBlockingQueue.java:137)
        at org.apache.ratis.server.raftlog.segmented.SegmentedRaftLogWorker.run(SegmentedRaftLogWorker.java:283)
        at java.lang.Thread.run(Thread.java:748)
"metrics-hadoop-metrics2-reporter-12-thread-1" daemon prio=5 tid=746 timed_waiting
java.lang.Thread.State: TIMED_WAITING
        at sun.misc.Unsafe.park(Native Method)
        at java.util.concurrent.locks.LockSupport.parkNanos(LockSupport.java:215)
        at java.util.concurrent.locks.AbstractQueuedSynchronizer$ConditionObject.awaitNanos(AbstractQueuedSynchronizer.java:2078)
        at java.util.concurrent.ScheduledThreadPoolExecutor$DelayedWorkQueue.take(ScheduledThreadPoolExecutor.java:1093)
        at java.util.concurrent.ScheduledThreadPoolExecutor$DelayedWorkQueue.take(ScheduledThreadPoolExecutor.java:809)
        at java.util.concurrent.ThreadPoolExecutor.getTask(ThreadPoolExecutor.java:1074)
        at java.util.concurrent.ThreadPoolExecutor.runWorker(ThreadPoolExecutor.java:1134)
        at java.util.concurrent.ThreadPoolExecutor$Worker.run(ThreadPoolExecutor.java:624)
        at java.lang.Thread.run(Thread.java:748)
"pool-36-thread-25"  prio=5 tid=398 in Object.wait()
java.lang.Thread.State: WAITING (on object monitor)
        at sun.misc.Unsafe.park(Native Method)
        at java.util.concurrent.locks.LockSupport.park(LockSupport.java:175)
        at java.util.concurrent.locks.AbstractQueuedSynchronizer$ConditionObject.await(AbstractQueuedSynchronizer.java:2039)
        at java.util.concurrent.ArrayBlockingQueue.take(ArrayBlockingQueue.java:403)
        at java.util.concurrent.ThreadPoolExecutor.getTask(ThreadPoolExecutor.java:1074)
        at java.util.concurrent.ThreadPoolExecutor.runWorker(ThreadPoolExecutor.java:1134)
        at java.util.concurrent.ThreadPoolExecutor$Worker.run(ThreadPoolExecutor.java:624)
        at java.lang.Thread.run(Thread.java:748)
"metrics-hadoop-metrics2-reporter-39-thread-1" daemon prio=5 tid=881 timed_waiting
java.lang.Thread.State: TIMED_WAITING
        at sun.misc.Unsafe.park(Native Method)
        at java.util.concurrent.locks.LockSupport.parkNanos(LockSupport.java:215)
        at java.util.concurrent.locks.AbstractQueuedSynchronizer$ConditionObject.awaitNanos(AbstractQueuedSynchronizer.java:2078)
        at java.util.concurrent.ScheduledThreadPoolExecutor$DelayedWorkQueue.take(ScheduledThreadPoolExecutor.java:1093)
        at java.util.concurrent.ScheduledThreadPoolExecutor$DelayedWorkQueue.take(ScheduledThreadPoolExecutor.java:809)
        at java.util.concurrent.ThreadPoolExecutor.getTask(ThreadPoolExecutor.java:1074)
        at java.util.concurrent.ThreadPoolExecutor.runWorker(ThreadPoolExecutor.java:1134)
        at java.util.concurrent.ThreadPoolExecutor$Worker.run(ThreadPoolExecutor.java:624)
        at java.lang.Thread.run(Thread.java:748)
"e081c0a5-acfc-4a29-8262-ee158adf5b11@group-34523102FCC0-StateMachineUpdater" daemon prio=5 tid=901 in Object.wait()
java.lang.Thread.State: WAITING (on object monitor)
        at java.lang.Object.wait(Native Method)
        at java.lang.Object.wait(Object.java:502)
        at org.apache.ratis.server.impl.StateMachineUpdater.waitForCommit(StateMachineUpdater.java:183)
        at org.apache.ratis.server.impl.StateMachineUpdater.run(StateMachineUpdater.java:148)
        at java.lang.Thread.run(Thread.java:748)
"pool-36-thread-49"  prio=5 tid=422 in Object.wait()
java.lang.Thread.State: WAITING (on object monitor)
        at sun.misc.Unsafe.park(Native Method)
        at java.util.concurrent.locks.LockSupport.park(LockSupport.java:175)
        at java.util.concurrent.locks.AbstractQueuedSynchronizer$ConditionObject.await(AbstractQueuedSynchronizer.java:2039)
        at java.util.concurrent.ArrayBlockingQueue.take(ArrayBlockingQueue.java:403)
        at java.util.concurrent.ThreadPoolExecutor.getTask(ThreadPoolExecutor.java:1074)
        at java.util.concurrent.ThreadPoolExecutor.runWorker(ThreadPoolExecutor.java:1134)
        at java.util.concurrent.ThreadPoolExecutor$Worker.run(ThreadPoolExecutor.java:624)
        at java.lang.Thread.run(Thread.java:748)
"java.util.concurrent.ThreadPoolExecutor$Worker@19c02666[State = -1, empty queue]" daemon prio=5 tid=1845 timed_waiting
java.lang.Thread.State: TIMED_WAITING
        at sun.misc.Unsafe.park(Native Method)
        at java.util.concurrent.locks.LockSupport.parkNanos(LockSupport.java:215)
        at java.util.concurrent.locks.AbstractQueuedSynchronizer$ConditionObject.awaitNanos(AbstractQueuedSynchronizer.java:2078)
        at java.util.concurrent.ScheduledThreadPoolExecutor$DelayedWorkQueue.take(ScheduledThreadPoolExecutor.java:1093)
        at java.util.concurrent.ScheduledThreadPoolExecutor$DelayedWorkQueue.take(ScheduledThreadPoolExecutor.java:809)
        at java.util.concurrent.ThreadPoolExecutor.getTask(ThreadPoolExecutor.java:1074)
        at java.util.concurrent.ThreadPoolExecutor.runWorker(ThreadPoolExecutor.java:1134)
        at java.util.concurrent.ThreadPoolExecutor$Worker.run(ThreadPoolExecutor.java:624)
        at java.lang.Thread.run(Thread.java:748)
"pool-47-thread-1"  prio=5 tid=711 in Object.wait()
java.lang.Thread.State: WAITING (on object monitor)
        at sun.misc.Unsafe.park(Native Method)
        at java.util.concurrent.locks.LockSupport.park(LockSupport.java:175)
        at java.util.concurrent.locks.AbstractQueuedSynchronizer$ConditionObject.await(AbstractQueuedSynchronizer.java:2039)
        at java.util.concurrent.LinkedBlockingQueue.take(LinkedBlockingQueue.java:442)
        at java.util.concurrent.ThreadPoolExecutor.getTask(ThreadPoolExecutor.java:1074)
        at java.util.concurrent.ThreadPoolExecutor.runWorker(ThreadPoolExecutor.java:1134)
        at java.util.concurrent.ThreadPoolExecutor$Worker.run(ThreadPoolExecutor.java:624)
        at java.lang.Thread.run(Thread.java:748)
"pool-56-thread-52"  prio=5 tid=546 in Object.wait()
java.lang.Thread.State: WAITING (on object monitor)
        at sun.misc.Unsafe.park(Native Method)
        at java.util.concurrent.locks.LockSupport.park(LockSupport.java:175)
        at java.util.concurrent.locks.AbstractQueuedSynchronizer$ConditionObject.await(AbstractQueuedSynchronizer.java:2039)
        at java.util.concurrent.ArrayBlockingQueue.take(ArrayBlockingQueue.java:403)
        at java.util.concurrent.ThreadPoolExecutor.getTask(ThreadPoolExecutor.java:1074)
        at java.util.concurrent.ThreadPoolExecutor.runWorker(ThreadPoolExecutor.java:1134)
        at java.util.concurrent.ThreadPoolExecutor$Worker.run(ThreadPoolExecutor.java:624)
        at java.lang.Thread.run(Thread.java:748)
"Command processor thread" daemon prio=5 tid=283 timed_waiting
java.lang.Thread.State: TIMED_WAITING
        at java.lang.Thread.sleep(Native Method)
        at org.apache.hadoop.ozone.container.common.statemachine.DatanodeStateMachine.lambda$initCommandHandlerThread$1(DatanodeStateMachine.java:439)
        at org.apache.hadoop.ozone.container.common.statemachine.DatanodeStateMachine$$Lambda$139/2094549442.run(Unknown Source)
        at java.lang.Thread.run(Thread.java:748)
"qtp83534488-219" daemon prio=5 tid=219 timed_waiting
java.lang.Thread.State: TIMED_WAITING
        at sun.misc.Unsafe.park(Native Method)
        at java.util.concurrent.locks.LockSupport.parkNanos(LockSupport.java:215)
        at java.util.concurrent.locks.AbstractQueuedSynchronizer$ConditionObject.awaitNanos(AbstractQueuedSynchronizer.java:2078)
        at org.eclipse.jetty.util.BlockingArrayQueue.poll(BlockingArrayQueue.java:392)
        at org.eclipse.jetty.util.thread.QueuedThreadPool.idleJobPoll(QueuedThreadPool.java:563)
        at org.eclipse.jetty.util.thread.QueuedThreadPool.access$800(QueuedThreadPool.java:48)
        at org.eclipse.jetty.util.thread.QueuedThreadPool$2.run(QueuedThreadPool.java:626)
        at java.lang.Thread.run(Thread.java:748)
"pool-36-thread-7"  prio=5 tid=380 in Object.wait()
java.lang.Thread.State: WAITING (on object monitor)
        at sun.misc.Unsafe.park(Native Method)
        at java.util.concurrent.locks.LockSupport.park(LockSupport.java:175)
        at java.util.concurrent.locks.AbstractQueuedSynchronizer$ConditionObject.await(AbstractQueuedSynchronizer.java:2039)
        at java.util.concurrent.ArrayBlockingQueue.take(ArrayBlockingQueue.java:403)
        at java.util.concurrent.ThreadPoolExecutor.getTask(ThreadPoolExecutor.java:1074)
        at java.util.concurrent.ThreadPoolExecutor.runWorker(ThreadPoolExecutor.java:1134)
        at java.util.concurrent.ThreadPoolExecutor$Worker.run(ThreadPoolExecutor.java:624)
        at java.lang.Thread.run(Thread.java:748)
"pool-56-thread-41"  prio=5 tid=535 in Object.wait()
java.lang.Thread.State: WAITING (on object monitor)
        at sun.misc.Unsafe.park(Native Method)
        at java.util.concurrent.locks.LockSupport.park(LockSupport.java:175)
        at java.util.concurrent.locks.AbstractQueuedSynchronizer$ConditionObject.await(AbstractQueuedSynchronizer.java:2039)
        at java.util.concurrent.ArrayBlockingQueue.take(ArrayBlockingQueue.java:403)
        at java.util.concurrent.ThreadPoolExecutor.getTask(ThreadPoolExecutor.java:1074)
        at java.util.concurrent.ThreadPoolExecutor.runWorker(ThreadPoolExecutor.java:1134)
        at java.util.concurrent.ThreadPoolExecutor$Worker.run(ThreadPoolExecutor.java:624)
        at java.lang.Thread.run(Thread.java:748)
"pool-76-thread-51"  prio=5 tid=675 in Object.wait()
java.lang.Thread.State: WAITING (on object monitor)
        at sun.misc.Unsafe.park(Native Method)
        at java.util.concurrent.locks.LockSupport.park(LockSupport.java:175)
        at java.util.concurrent.locks.AbstractQueuedSynchronizer$ConditionObject.await(AbstractQueuedSynchronizer.java:2039)
        at java.util.concurrent.ArrayBlockingQueue.take(ArrayBlockingQueue.java:403)
        at java.util.concurrent.ThreadPoolExecutor.getTask(ThreadPoolExecutor.java:1074)
        at java.util.concurrent.ThreadPoolExecutor.runWorker(ThreadPoolExecutor.java:1134)
        at java.util.concurrent.ThreadPoolExecutor$Worker.run(ThreadPoolExecutor.java:624)
        at java.lang.Thread.run(Thread.java:748)
"pool-36-thread-35"  prio=5 tid=408 in Object.wait()
java.lang.Thread.State: WAITING (on object monitor)
        at sun.misc.Unsafe.park(Native Method)
        at java.util.concurrent.locks.LockSupport.park(LockSupport.java:175)
        at java.util.concurrent.locks.AbstractQueuedSynchronizer$ConditionObject.await(AbstractQueuedSynchronizer.java:2039)
        at java.util.concurrent.ArrayBlockingQueue.take(ArrayBlockingQueue.java:403)
        at java.util.concurrent.ThreadPoolExecutor.getTask(ThreadPoolExecutor.java:1074)
        at java.util.concurrent.ThreadPoolExecutor.runWorker(ThreadPoolExecutor.java:1134)
        at java.util.concurrent.ThreadPoolExecutor$Worker.run(ThreadPoolExecutor.java:624)
        at java.lang.Thread.run(Thread.java:748)
"IPC Server handler 14 on 37215" daemon prio=5 tid=63 timed_waiting
java.lang.Thread.State: TIMED_WAITING
        at sun.misc.Unsafe.park(Native Method)
        at java.util.concurrent.locks.LockSupport.parkNanos(LockSupport.java:215)
        at java.util.concurrent.locks.AbstractQueuedSynchronizer$ConditionObject.awaitNanos(AbstractQueuedSynchronizer.java:2078)
        at java.util.concurrent.LinkedBlockingQueue.poll(LinkedBlockingQueue.java:467)
        at org.apache.hadoop.ipc.CallQueueManager.take(CallQueueManager.java:288)
        at org.apache.hadoop.ipc.Server$Handler.run(Server.java:2668)
"org.eclipse.jetty.server.session.HashSessionManager@52d97ab6Timer" daemon prio=5 tid=194 timed_waiting
java.lang.Thread.State: TIMED_WAITING
        at sun.misc.Unsafe.park(Native Method)
        at java.util.concurrent.locks.LockSupport.parkNanos(LockSupport.java:215)
        at java.util.concurrent.locks.AbstractQueuedSynchronizer$ConditionObject.awaitNanos(AbstractQueuedSynchronizer.java:2078)
        at java.util.concurrent.ScheduledThreadPoolExecutor$DelayedWorkQueue.take(ScheduledThreadPoolExecutor.java:1093)
        at java.util.concurrent.ScheduledThreadPoolExecutor$DelayedWorkQueue.take(ScheduledThreadPoolExecutor.java:809)
        at java.util.concurrent.ThreadPoolExecutor.getTask(ThreadPoolExecutor.java:1074)
        at java.util.concurrent.ThreadPoolExecutor.runWorker(ThreadPoolExecutor.java:1134)
        at java.util.concurrent.ThreadPoolExecutor$Worker.run(ThreadPoolExecutor.java:624)
        at java.lang.Thread.run(Thread.java:748)
"Datanode ReportManager Thread - 3" daemon prio=5 tid=228 in Object.wait()
java.lang.Thread.State: WAITING (on object monitor)
        at sun.misc.Unsafe.park(Native Method)
        at java.util.concurrent.locks.LockSupport.park(LockSupport.java:175)
        at java.util.concurrent.locks.AbstractQueuedSynchronizer$ConditionObject.await(AbstractQueuedSynchronizer.java:2039)
        at java.util.concurrent.ScheduledThreadPoolExecutor$DelayedWorkQueue.take(ScheduledThreadPoolExecutor.java:1088)
        at java.util.concurrent.ScheduledThreadPoolExecutor$DelayedWorkQueue.take(ScheduledThreadPoolExecutor.java:809)
        at java.util.concurrent.ThreadPoolExecutor.getTask(ThreadPoolExecutor.java:1074)
        at java.util.concurrent.ThreadPoolExecutor.runWorker(ThreadPoolExecutor.java:1134)
        at java.util.concurrent.ThreadPoolExecutor$Worker.run(ThreadPoolExecutor.java:624)
        at java.lang.Thread.run(Thread.java:748)
"java.util.concurrent.ThreadPoolExecutor$Worker@7233c77e[State = -1, empty queue]" daemon prio=5 tid=1859 timed_waiting
java.lang.Thread.State: TIMED_WAITING
        at sun.misc.Unsafe.park(Native Method)
        at java.util.concurrent.locks.LockSupport.parkNanos(LockSupport.java:215)
        at java.util.concurrent.locks.AbstractQueuedSynchronizer$ConditionObject.awaitNanos(AbstractQueuedSynchronizer.java:2078)
        at java.util.concurrent.ScheduledThreadPoolExecutor$DelayedWorkQueue.take(ScheduledThreadPoolExecutor.java:1093)
        at java.util.concurrent.ScheduledThreadPoolExecutor$DelayedWorkQueue.take(ScheduledThreadPoolExecutor.java:809)
        at java.util.concurrent.ThreadPoolExecutor.getTask(ThreadPoolExecutor.java:1074)
        at java.util.concurrent.ThreadPoolExecutor.runWorker(ThreadPoolExecutor.java:1134)
        at java.util.concurrent.ThreadPoolExecutor$Worker.run(ThreadPoolExecutor.java:624)
        at java.lang.Thread.run(Thread.java:748)
"IPC Server handler 2 on 44461" daemon prio=5 tid=117 timed_waiting
java.lang.Thread.State: TIMED_WAITING
        at sun.misc.Unsafe.park(Native Method)
        at java.util.concurrent.locks.LockSupport.parkNanos(LockSupport.java:215)
        at java.util.concurrent.locks.AbstractQueuedSynchronizer$ConditionObject.awaitNanos(AbstractQueuedSynchronizer.java:2078)
        at java.util.concurrent.LinkedBlockingQueue.poll(LinkedBlockingQueue.java:467)
        at org.apache.hadoop.ipc.CallQueueManager.take(CallQueueManager.java:288)
        at org.apache.hadoop.ipc.Server$Handler.run(Server.java:2668)
"a7d59ef6-3eca-4628-b097-12d983444e7f@group-F2E0294EDFC2-SegmentedRaftLogWorker"  prio=5 tid=849 timed_waiting
java.lang.Thread.State: TIMED_WAITING
        at sun.misc.Unsafe.park(Native Method)
        at java.util.concurrent.locks.LockSupport.parkNanos(LockSupport.java:215)
        at java.util.concurrent.locks.AbstractQueuedSynchronizer$ConditionObject.awaitNanos(AbstractQueuedSynchronizer.java:2078)
        at org.apache.ratis.util.DataBlockingQueue.poll(DataBlockingQueue.java:137)
        at org.apache.ratis.server.raftlog.segmented.SegmentedRaftLogWorker.run(SegmentedRaftLogWorker.java:283)
        at java.lang.Thread.run(Thread.java:748)
"e081c0a5-acfc-4a29-8262-ee158adf5b11@group-6E9EB1C0F638-StateMachineUpdater" daemon prio=5 tid=862 in Object.wait()
java.lang.Thread.State: WAITING (on object monitor)
        at java.lang.Object.wait(Native Method)
        at java.lang.Object.wait(Object.java:502)
        at org.apache.ratis.server.impl.StateMachineUpdater.waitForCommit(StateMachineUpdater.java:183)
        at org.apache.ratis.server.impl.StateMachineUpdater.run(StateMachineUpdater.java:148)
        at java.lang.Thread.run(Thread.java:748)
"pool-36-thread-26"  prio=5 tid=399 in Object.wait()
java.lang.Thread.State: WAITING (on object monitor)
        at sun.misc.Unsafe.park(Native Method)
        at java.util.concurrent.locks.LockSupport.park(LockSupport.java:175)
        at java.util.concurrent.locks.AbstractQueuedSynchronizer$ConditionObject.await(AbstractQueuedSynchronizer.java:2039)
        at java.util.concurrent.ArrayBlockingQueue.take(ArrayBlockingQueue.java:403)
        at java.util.concurrent.ThreadPoolExecutor.getTask(ThreadPoolExecutor.java:1074)
        at java.util.concurrent.ThreadPoolExecutor.runWorker(ThreadPoolExecutor.java:1134)
        at java.util.concurrent.ThreadPoolExecutor$Worker.run(ThreadPoolExecutor.java:624)
        at java.lang.Thread.run(Thread.java:748)
"pool-56-thread-7"  prio=5 tid=501 in Object.wait()
java.lang.Thread.State: WAITING (on object monitor)
        at sun.misc.Unsafe.park(Native Method)
        at java.util.concurrent.locks.LockSupport.park(LockSupport.java:175)
        at java.util.concurrent.locks.AbstractQueuedSynchronizer$ConditionObject.await(AbstractQueuedSynchronizer.java:2039)
        at java.util.concurrent.ArrayBlockingQueue.take(ArrayBlockingQueue.java:403)
        at java.util.concurrent.ThreadPoolExecutor.getTask(ThreadPoolExecutor.java:1074)
        at java.util.concurrent.ThreadPoolExecutor.runWorker(ThreadPoolExecutor.java:1134)
        at java.util.concurrent.ThreadPoolExecutor$Worker.run(ThreadPoolExecutor.java:624)
        at java.lang.Thread.run(Thread.java:748)
"pool-46-thread-25"  prio=5 tid=458 in Object.wait()
java.lang.Thread.State: WAITING (on object monitor)
        at sun.misc.Unsafe.park(Native Method)
        at java.util.concurrent.locks.LockSupport.park(LockSupport.java:175)
        at java.util.concurrent.locks.AbstractQueuedSynchronizer$ConditionObject.await(AbstractQueuedSynchronizer.java:2039)
        at java.util.concurrent.ArrayBlockingQueue.take(ArrayBlockingQueue.java:403)
        at java.util.concurrent.ThreadPoolExecutor.getTask(ThreadPoolExecutor.java:1074)
        at java.util.concurrent.ThreadPoolExecutor.runWorker(ThreadPoolExecutor.java:1134)
        at java.util.concurrent.ThreadPoolExecutor$Worker.run(ThreadPoolExecutor.java:624)
        at java.lang.Thread.run(Thread.java:748)
"pool-56-thread-59"  prio=5 tid=553 in Object.wait()
java.lang.Thread.State: WAITING (on object monitor)
        at sun.misc.Unsafe.park(Native Method)
        at java.util.concurrent.locks.LockSupport.park(LockSupport.java:175)
        at java.util.concurrent.locks.AbstractQueuedSynchronizer$ConditionObject.await(AbstractQueuedSynchronizer.java:2039)
        at java.util.concurrent.ArrayBlockingQueue.take(ArrayBlockingQueue.java:403)
        at java.util.concurrent.ThreadPoolExecutor.getTask(ThreadPoolExecutor.java:1074)
        at java.util.concurrent.ThreadPoolExecutor.runWorker(ThreadPoolExecutor.java:1134)
        at java.util.concurrent.ThreadPoolExecutor$Worker.run(ThreadPoolExecutor.java:624)
        at java.lang.Thread.run(Thread.java:748)
"qtp1507604180-186" daemon prio=5 tid=186 runnable
java.lang.Thread.State: RUNNABLE
        at sun.nio.ch.EPollArrayWrapper.epollWait(Native Method)
        at sun.nio.ch.EPollArrayWrapper.poll(EPollArrayWrapper.java:269)
        at sun.nio.ch.EPollSelectorImpl.doSelect(EPollSelectorImpl.java:93)
        at sun.nio.ch.SelectorImpl.lockAndDoSelect(SelectorImpl.java:86)
        at sun.nio.ch.SelectorImpl.select(SelectorImpl.java:97)
        at sun.nio.ch.SelectorImpl.select(SelectorImpl.java:101)
        at org.eclipse.jetty.io.ManagedSelector$SelectorProducer.select(ManagedSelector.java:243)
        at org.eclipse.jetty.io.ManagedSelector$SelectorProducer.produce(ManagedSelector.java:191)
        at org.eclipse.jetty.util.thread.strategy.ExecuteProduceConsume.executeProduceConsume(ExecuteProduceConsume.java:249)
        at org.eclipse.jetty.util.thread.strategy.ExecuteProduceConsume.produceConsume(ExecuteProduceConsume.java:148)
        at org.eclipse.jetty.util.thread.strategy.ExecuteProduceConsume.execute(ExecuteProduceConsume.java:100)
        at org.eclipse.jetty.io.ManagedSelector.run(ManagedSelector.java:147)
        at org.eclipse.jetty.util.thread.QueuedThreadPool.runJob(QueuedThreadPool.java:671)
        at org.eclipse.jetty.util.thread.QueuedThreadPool$2.run(QueuedThreadPool.java:589)
        at java.lang.Thread.run(Thread.java:748)
"Thread-1233" daemon prio=5 tid=1825 timed_waiting
java.lang.Thread.State: TIMED_WAITING
        at java.lang.Thread.sleep(Native Method)
        at org.apache.ratis.util.JavaUtils.sleep(JavaUtils.java:247)
        at org.apache.ratis.server.impl.FollowerState.run(FollowerState.java:96)
"Thread-1196" daemon prio=5 tid=1782 timed_waiting
java.lang.Thread.State: TIMED_WAITING
        at java.lang.Thread.sleep(Native Method)
        at org.apache.ratis.util.JavaUtils.sleep(JavaUtils.java:247)
        at org.apache.ratis.server.impl.FollowerState.run(FollowerState.java:96)
"pool-36-thread-46"  prio=5 tid=419 in Object.wait()
java.lang.Thread.State: WAITING (on object monitor)
        at sun.misc.Unsafe.park(Native Method)
        at java.util.concurrent.locks.LockSupport.park(LockSupport.java:175)
        at java.util.concurrent.locks.AbstractQueuedSynchronizer$ConditionObject.await(AbstractQueuedSynchronizer.java:2039)
        at java.util.concurrent.ArrayBlockingQueue.take(ArrayBlockingQueue.java:403)
        at java.util.concurrent.ThreadPoolExecutor.getTask(ThreadPoolExecutor.java:1074)
        at java.util.concurrent.ThreadPoolExecutor.runWorker(ThreadPoolExecutor.java:1134)
        at java.util.concurrent.ThreadPoolExecutor$Worker.run(ThreadPoolExecutor.java:624)
        at java.lang.Thread.run(Thread.java:748)
"8c24ed06-386e-4085-8931-93c762a64530@group-CDCB2C8C105A-StateMachineUpdater" daemon prio=5 tid=727 in Object.wait()
java.lang.Thread.State: WAITING (on object monitor)
        at java.lang.Object.wait(Native Method)
        at java.lang.Object.wait(Object.java:502)
        at org.apache.ratis.server.impl.StateMachineUpdater.waitForCommit(StateMachineUpdater.java:183)
        at org.apache.ratis.server.impl.StateMachineUpdater.run(StateMachineUpdater.java:148)
        at java.lang.Thread.run(Thread.java:748)
"Thread-1228" daemon prio=5 tid=1820 timed_waiting
java.lang.Thread.State: TIMED_WAITING
        at java.lang.Thread.sleep(Native Method)
        at org.apache.ratis.util.JavaUtils.sleep(JavaUtils.java:247)
        at org.apache.ratis.server.impl.FollowerState.run(FollowerState.java:96)
"metrics-hadoop-metrics2-reporter-4-thread-1" daemon prio=5 tid=719 timed_waiting
java.lang.Thread.State: TIMED_WAITING
        at sun.misc.Unsafe.park(Native Method)
        at java.util.concurrent.locks.LockSupport.parkNanos(LockSupport.java:215)
        at java.util.concurrent.locks.AbstractQueuedSynchronizer$ConditionObject.awaitNanos(AbstractQueuedSynchronizer.java:2078)
        at java.util.concurrent.ScheduledThreadPoolExecutor$DelayedWorkQueue.take(ScheduledThreadPoolExecutor.java:1093)
        at java.util.concurrent.ScheduledThreadPoolExecutor$DelayedWorkQueue.take(ScheduledThreadPoolExecutor.java:809)
        at java.util.concurrent.ThreadPoolExecutor.getTask(ThreadPoolExecutor.java:1074)
        at java.util.concurrent.ThreadPoolExecutor.runWorker(ThreadPoolExecutor.java:1134)
        at java.util.concurrent.ThreadPoolExecutor$Worker.run(ThreadPoolExecutor.java:624)
        at java.lang.Thread.run(Thread.java:748)
"pool-56-thread-4"  prio=5 tid=498 in Object.wait()
java.lang.Thread.State: WAITING (on object monitor)
        at sun.misc.Unsafe.park(Native Method)
        at java.util.concurrent.locks.LockSupport.park(LockSupport.java:175)
        at java.util.concurrent.locks.AbstractQueuedSynchronizer$ConditionObject.await(AbstractQueuedSynchronizer.java:2039)
        at java.util.concurrent.ArrayBlockingQueue.take(ArrayBlockingQueue.java:403)
        at java.util.concurrent.ThreadPoolExecutor.getTask(ThreadPoolExecutor.java:1074)
        at java.util.concurrent.ThreadPoolExecutor.runWorker(ThreadPoolExecutor.java:1134)
        at java.util.concurrent.ThreadPoolExecutor$Worker.run(ThreadPoolExecutor.java:624)
        at java.lang.Thread.run(Thread.java:748)
"IPC Server handler 12 on 44461" daemon prio=5 tid=127 timed_waiting
java.lang.Thread.State: TIMED_WAITING
        at sun.misc.Unsafe.park(Native Method)
        at java.util.concurrent.locks.LockSupport.parkNanos(LockSupport.java:215)
        at java.util.concurrent.locks.AbstractQueuedSynchronizer$ConditionObject.awaitNanos(AbstractQueuedSynchronizer.java:2078)
        at java.util.concurrent.LinkedBlockingQueue.poll(LinkedBlockingQueue.java:467)
        at org.apache.hadoop.ipc.CallQueueManager.take(CallQueueManager.java:288)
        at org.apache.hadoop.ipc.Server$Handler.run(Server.java:2668)
"pool-46-thread-59"  prio=5 tid=492 in Object.wait()
java.lang.Thread.State: WAITING (on object monitor)
        at sun.misc.Unsafe.park(Native Method)
        at java.util.concurrent.locks.LockSupport.park(LockSupport.java:175)
        at java.util.concurrent.locks.AbstractQueuedSynchronizer$ConditionObject.await(AbstractQueuedSynchronizer.java:2039)
        at java.util.concurrent.ArrayBlockingQueue.take(ArrayBlockingQueue.java:403)
        at java.util.concurrent.ThreadPoolExecutor.getTask(ThreadPoolExecutor.java:1074)
        at java.util.concurrent.ThreadPoolExecutor.runWorker(ThreadPoolExecutor.java:1134)
        at java.util.concurrent.ThreadPoolExecutor$Worker.run(ThreadPoolExecutor.java:624)
        at java.lang.Thread.run(Thread.java:748)
"pool-46-thread-37"  prio=5 tid=470 in Object.wait()
java.lang.Thread.State: WAITING (on object monitor)
        at sun.misc.Unsafe.park(Native Method)
        at java.util.concurrent.locks.LockSupport.park(LockSupport.java:175)
        at java.util.concurrent.locks.AbstractQueuedSynchronizer$ConditionObject.await(AbstractQueuedSynchronizer.java:2039)
        at java.util.concurrent.ArrayBlockingQueue.take(ArrayBlockingQueue.java:403)
        at java.util.concurrent.ThreadPoolExecutor.getTask(ThreadPoolExecutor.java:1074)
        at java.util.concurrent.ThreadPoolExecutor.runWorker(ThreadPoolExecutor.java:1134)
        at java.util.concurrent.ThreadPoolExecutor$Worker.run(ThreadPoolExecutor.java:624)
        at java.lang.Thread.run(Thread.java:748)
"Datanode State Machine Thread - 0" daemon prio=5 tid=231 timed_waiting
java.lang.Thread.State: TIMED_WAITING
        at sun.misc.Unsafe.park(Native Method)
        at java.util.concurrent.locks.LockSupport.parkNanos(LockSupport.java:215)
        at java.util.concurrent.SynchronousQueue$TransferStack.awaitFulfill(SynchronousQueue.java:460)
        at java.util.concurrent.SynchronousQueue$TransferStack.transfer(SynchronousQueue.java:362)
        at java.util.concurrent.SynchronousQueue.poll(SynchronousQueue.java:941)
        at java.util.concurrent.ThreadPoolExecutor.getTask(ThreadPoolExecutor.java:1073)
        at java.util.concurrent.ThreadPoolExecutor.runWorker(ThreadPoolExecutor.java:1134)
        at java.util.concurrent.ThreadPoolExecutor$Worker.run(ThreadPoolExecutor.java:624)
        at java.lang.Thread.run(Thread.java:748)
"IPC Server Responder" daemon prio=5 tid=21 runnable
java.lang.Thread.State: RUNNABLE
        at sun.nio.ch.EPollArrayWrapper.epollWait(Native Method)
        at sun.nio.ch.EPollArrayWrapper.poll(EPollArrayWrapper.java:269)
        at sun.nio.ch.EPollSelectorImpl.doSelect(EPollSelectorImpl.java:93)
        at sun.nio.ch.SelectorImpl.lockAndDoSelect(SelectorImpl.java:86)
        at sun.nio.ch.SelectorImpl.select(SelectorImpl.java:97)
        at org.apache.hadoop.ipc.Server$Responder.doRunLoop(Server.java:1334)
        at org.apache.hadoop.ipc.Server$Responder.run(Server.java:1317)
"pool-36-thread-34"  prio=5 tid=407 in Object.wait()
java.lang.Thread.State: WAITING (on object monitor)
        at sun.misc.Unsafe.park(Native Method)
        at java.util.concurrent.locks.LockSupport.park(LockSupport.java:175)
        at java.util.concurrent.locks.AbstractQueuedSynchronizer$ConditionObject.await(AbstractQueuedSynchronizer.java:2039)
        at java.util.concurrent.ArrayBlockingQueue.take(ArrayBlockingQueue.java:403)
        at java.util.concurrent.ThreadPoolExecutor.getTask(ThreadPoolExecutor.java:1074)
        at java.util.concurrent.ThreadPoolExecutor.runWorker(ThreadPoolExecutor.java:1134)
        at java.util.concurrent.ThreadPoolExecutor$Worker.run(ThreadPoolExecutor.java:624)
        at java.lang.Thread.run(Thread.java:748)
"BlockDeletingService#2" daemon prio=5 tid=1728 in Object.wait()
java.lang.Thread.State: WAITING (on object monitor)
        at sun.misc.Unsafe.park(Native Method)
        at java.util.concurrent.locks.LockSupport.park(LockSupport.java:175)
        at java.util.concurrent.locks.AbstractQueuedSynchronizer$ConditionObject.await(AbstractQueuedSynchronizer.java:2039)
        at java.util.concurrent.ScheduledThreadPoolExecutor$DelayedWorkQueue.take(ScheduledThreadPoolExecutor.java:1088)
        at java.util.concurrent.ScheduledThreadPoolExecutor$DelayedWorkQueue.take(ScheduledThreadPoolExecutor.java:809)
        at java.util.concurrent.ThreadPoolExecutor.getTask(ThreadPoolExecutor.java:1074)
        at java.util.concurrent.ThreadPoolExecutor.runWorker(ThreadPoolExecutor.java:1134)
        at java.util.concurrent.ThreadPoolExecutor$Worker.run(ThreadPoolExecutor.java:624)
        at java.lang.Thread.run(Thread.java:748)
"pool-66-thread-38"  prio=5 tid=600 in Object.wait()
java.lang.Thread.State: WAITING (on object monitor)
        at sun.misc.Unsafe.park(Native Method)
        at java.util.concurrent.locks.LockSupport.park(LockSupport.java:175)
        at java.util.concurrent.locks.AbstractQueuedSynchronizer$ConditionObject.await(AbstractQueuedSynchronizer.java:2039)
        at java.util.concurrent.ArrayBlockingQueue.take(ArrayBlockingQueue.java:403)
        at java.util.concurrent.ThreadPoolExecutor.getTask(ThreadPoolExecutor.java:1074)
        at java.util.concurrent.ThreadPoolExecutor.runWorker(ThreadPoolExecutor.java:1134)
        at java.util.concurrent.ThreadPoolExecutor$Worker.run(ThreadPoolExecutor.java:624)
        at java.lang.Thread.run(Thread.java:748)
"Thread-1200" daemon prio=5 tid=1786 timed_waiting
java.lang.Thread.State: TIMED_WAITING
        at sun.misc.Unsafe.park(Native Method)
        at java.util.concurrent.locks.LockSupport.parkNanos(LockSupport.java:215)
        at java.util.concurrent.locks.AbstractQueuedSynchronizer$ConditionObject.awaitNanos(AbstractQueuedSynchronizer.java:2078)
        at java.util.concurrent.ArrayBlockingQueue.poll(ArrayBlockingQueue.java:418)
        at org.apache.ratis.server.impl.LeaderState$EventQueue.poll(LeaderState.java:115)
        at org.apache.ratis.server.impl.LeaderState$EventProcessor.run(LeaderState.java:457)
"pool-26-thread-36"  prio=5 tid=349 in Object.wait()
java.lang.Thread.State: WAITING (on object monitor)
        at sun.misc.Unsafe.park(Native Method)
        at java.util.concurrent.locks.LockSupport.park(LockSupport.java:175)
        at java.util.concurrent.locks.AbstractQueuedSynchronizer$ConditionObject.await(AbstractQueuedSynchronizer.java:2039)
        at java.util.concurrent.ArrayBlockingQueue.take(ArrayBlockingQueue.java:403)
        at java.util.concurrent.ThreadPoolExecutor.getTask(ThreadPoolExecutor.java:1074)
        at java.util.concurrent.ThreadPoolExecutor.runWorker(ThreadPoolExecutor.java:1134)
        at java.util.concurrent.ThreadPoolExecutor$Worker.run(ThreadPoolExecutor.java:624)
        at java.lang.Thread.run(Thread.java:748)
"pool-36-thread-31"  prio=5 tid=404 in Object.wait()
java.lang.Thread.State: WAITING (on object monitor)
        at sun.misc.Unsafe.park(Native Method)
        at java.util.concurrent.locks.LockSupport.park(LockSupport.java:175)
        at java.util.concurrent.locks.AbstractQueuedSynchronizer$ConditionObject.await(AbstractQueuedSynchronizer.java:2039)
        at java.util.concurrent.ArrayBlockingQueue.take(ArrayBlockingQueue.java:403)
        at java.util.concurrent.ThreadPoolExecutor.getTask(ThreadPoolExecutor.java:1074)
        at java.util.concurrent.ThreadPoolExecutor.runWorker(ThreadPoolExecutor.java:1134)
        at java.util.concurrent.ThreadPoolExecutor$Worker.run(ThreadPoolExecutor.java:624)
        at java.lang.Thread.run(Thread.java:748)
"IPC Server handler 5 on 45005" daemon prio=5 tid=34 timed_waiting
java.lang.Thread.State: TIMED_WAITING
        at sun.misc.Unsafe.park(Native Method)
        at java.util.concurrent.locks.LockSupport.parkNanos(LockSupport.java:215)
        at java.util.concurrent.locks.AbstractQueuedSynchronizer$ConditionObject.awaitNanos(AbstractQueuedSynchronizer.java:2078)
        at java.util.concurrent.LinkedBlockingQueue.poll(LinkedBlockingQueue.java:467)
        at org.apache.hadoop.ipc.CallQueueManager.take(CallQueueManager.java:288)
        at org.apache.hadoop.ipc.Server$Handler.run(Server.java:2668)
"pool-56-thread-38"  prio=5 tid=532 in Object.wait()
java.lang.Thread.State: WAITING (on object monitor)
        at sun.misc.Unsafe.park(Native Method)
        at java.util.concurrent.locks.LockSupport.park(LockSupport.java:175)
        at java.util.concurrent.locks.AbstractQueuedSynchronizer$ConditionObject.await(AbstractQueuedSynchronizer.java:2039)
        at java.util.concurrent.ArrayBlockingQueue.take(ArrayBlockingQueue.java:403)
        at java.util.concurrent.ThreadPoolExecutor.getTask(ThreadPoolExecutor.java:1074)
        at java.util.concurrent.ThreadPoolExecutor.runWorker(ThreadPoolExecutor.java:1134)
        at java.util.concurrent.ThreadPoolExecutor$Worker.run(ThreadPoolExecutor.java:624)
        at java.lang.Thread.run(Thread.java:748)
"metrics-hadoop-metrics2-reporter-45-thread-1" daemon prio=5 tid=1040 timed_waiting
java.lang.Thread.State: TIMED_WAITING
        at sun.misc.Unsafe.park(Native Method)
        at java.util.concurrent.locks.LockSupport.parkNanos(LockSupport.java:215)
        at java.util.concurrent.locks.AbstractQueuedSynchronizer$ConditionObject.awaitNanos(AbstractQueuedSynchronizer.java:2078)
        at java.util.concurrent.ScheduledThreadPoolExecutor$DelayedWorkQueue.take(ScheduledThreadPoolExecutor.java:1093)
        at java.util.concurrent.ScheduledThreadPoolExecutor$DelayedWorkQueue.take(ScheduledThreadPoolExecutor.java:809)
        at java.util.concurrent.ThreadPoolExecutor.getTask(ThreadPoolExecutor.java:1074)
        at java.util.concurrent.ThreadPoolExecutor.runWorker(ThreadPoolExecutor.java:1134)
        at java.util.concurrent.ThreadPoolExecutor$Worker.run(ThreadPoolExecutor.java:624)
        at java.lang.Thread.run(Thread.java:748)
"pool-66-thread-32"  prio=5 tid=594 in Object.wait()
java.lang.Thread.State: WAITING (on object monitor)
        at sun.misc.Unsafe.park(Native Method)
        at java.util.concurrent.locks.LockSupport.park(LockSupport.java:175)
        at java.util.concurrent.locks.AbstractQueuedSynchronizer$ConditionObject.await(AbstractQueuedSynchronizer.java:2039)
        at java.util.concurrent.ArrayBlockingQueue.take(ArrayBlockingQueue.java:403)
        at java.util.concurrent.ThreadPoolExecutor.getTask(ThreadPoolExecutor.java:1074)
        at java.util.concurrent.ThreadPoolExecutor.runWorker(ThreadPoolExecutor.java:1134)
        at java.util.concurrent.ThreadPoolExecutor$Worker.run(ThreadPoolExecutor.java:624)
        at java.lang.Thread.run(Thread.java:748)
"pool-56-thread-36"  prio=5 tid=530 in Object.wait()
java.lang.Thread.State: WAITING (on object monitor)
        at sun.misc.Unsafe.park(Native Method)
        at java.util.concurrent.locks.LockSupport.park(LockSupport.java:175)
        at java.util.concurrent.locks.AbstractQueuedSynchronizer$ConditionObject.await(AbstractQueuedSynchronizer.java:2039)
        at java.util.concurrent.ArrayBlockingQueue.take(ArrayBlockingQueue.java:403)
        at java.util.concurrent.ThreadPoolExecutor.getTask(ThreadPoolExecutor.java:1074)
        at java.util.concurrent.ThreadPoolExecutor.runWorker(ThreadPoolExecutor.java:1134)
        at java.util.concurrent.ThreadPoolExecutor$Worker.run(ThreadPoolExecutor.java:624)
        at java.lang.Thread.run(Thread.java:748)
"qtp1680841335-240" daemon prio=5 tid=240 runnable
java.lang.Thread.State: RUNNABLE
        at sun.nio.ch.EPollArrayWrapper.epollWait(Native Method)
        at sun.nio.ch.EPollArrayWrapper.poll(EPollArrayWrapper.java:269)
        at sun.nio.ch.EPollSelectorImpl.doSelect(EPollSelectorImpl.java:93)
        at sun.nio.ch.SelectorImpl.lockAndDoSelect(SelectorImpl.java:86)
        at sun.nio.ch.SelectorImpl.select(SelectorImpl.java:97)
        at sun.nio.ch.SelectorImpl.select(SelectorImpl.java:101)
        at org.eclipse.jetty.io.ManagedSelector$SelectorProducer.select(ManagedSelector.java:243)
        at org.eclipse.jetty.io.ManagedSelector$SelectorProducer.produce(ManagedSelector.java:191)
        at org.eclipse.jetty.util.thread.strategy.ExecuteProduceConsume.executeProduceConsume(ExecuteProduceConsume.java:249)
        at org.eclipse.jetty.util.thread.strategy.ExecuteProduceConsume.produceConsume(ExecuteProduceConsume.java:148)
        at org.eclipse.jetty.util.thread.strategy.ExecuteProduceConsume.execute(ExecuteProduceConsume.java:100)
        at org.eclipse.jetty.io.ManagedSelector.run(ManagedSelector.java:147)
        at org.eclipse.jetty.util.thread.QueuedThreadPool.runJob(QueuedThreadPool.java:671)
        at org.eclipse.jetty.util.thread.QueuedThreadPool$2.run(QueuedThreadPool.java:589)
        at java.lang.Thread.run(Thread.java:748)
"BlockDeletingService#2" daemon prio=5 tid=1730 in Object.wait()
java.lang.Thread.State: WAITING (on object monitor)
        at sun.misc.Unsafe.park(Native Method)
        at java.util.concurrent.locks.LockSupport.park(LockSupport.java:175)
        at java.util.concurrent.locks.AbstractQueuedSynchronizer$ConditionObject.await(AbstractQueuedSynchronizer.java:2039)
        at java.util.concurrent.ScheduledThreadPoolExecutor$DelayedWorkQueue.take(ScheduledThreadPoolExecutor.java:1088)
        at java.util.concurrent.ScheduledThreadPoolExecutor$DelayedWorkQueue.take(ScheduledThreadPoolExecutor.java:809)
        at java.util.concurrent.ThreadPoolExecutor.getTask(ThreadPoolExecutor.java:1074)
        at java.util.concurrent.ThreadPoolExecutor.runWorker(ThreadPoolExecutor.java:1134)
        at java.util.concurrent.ThreadPoolExecutor$Worker.run(ThreadPoolExecutor.java:624)
        at java.lang.Thread.run(Thread.java:748)
"metrics-hadoop-metrics2-reporter-57-thread-1" daemon prio=5 tid=1834 timed_waiting
java.lang.Thread.State: TIMED_WAITING
        at sun.misc.Unsafe.park(Native Method)
        at java.util.concurrent.locks.LockSupport.parkNanos(LockSupport.java:215)
        at java.util.concurrent.locks.AbstractQueuedSynchronizer$ConditionObject.awaitNanos(AbstractQueuedSynchronizer.java:2078)
        at java.util.concurrent.ScheduledThreadPoolExecutor$DelayedWorkQueue.take(ScheduledThreadPoolExecutor.java:1093)
        at java.util.concurrent.ScheduledThreadPoolExecutor$DelayedWorkQueue.take(ScheduledThreadPoolExecutor.java:809)
        at java.util.concurrent.ThreadPoolExecutor.getTask(ThreadPoolExecutor.java:1074)
        at java.util.concurrent.ThreadPoolExecutor.runWorker(ThreadPoolExecutor.java:1134)
        at java.util.concurrent.ThreadPoolExecutor$Worker.run(ThreadPoolExecutor.java:624)
        at java.lang.Thread.run(Thread.java:748)
"IPC Server handler 3 on 45005" daemon prio=5 tid=32 timed_waiting
java.lang.Thread.State: TIMED_WAITING
        at sun.misc.Unsafe.park(Native Method)
        at java.util.concurrent.locks.LockSupport.parkNanos(LockSupport.java:215)
        at java.util.concurrent.locks.AbstractQueuedSynchronizer$ConditionObject.awaitNanos(AbstractQueuedSynchronizer.java:2078)
        at java.util.concurrent.LinkedBlockingQueue.poll(LinkedBlockingQueue.java:467)
        at org.apache.hadoop.ipc.CallQueueManager.take(CallQueueManager.java:288)
        at org.apache.hadoop.ipc.Server$Handler.run(Server.java:2668)
"metrics-hadoop-metrics2-reporter-26-thread-1" daemon prio=5 tid=817 timed_waiting
java.lang.Thread.State: TIMED_WAITING
        at sun.misc.Unsafe.park(Native Method)
        at java.util.concurrent.locks.LockSupport.parkNanos(LockSupport.java:215)
        at java.util.concurrent.locks.AbstractQueuedSynchronizer$ConditionObject.awaitNanos(AbstractQueuedSynchronizer.java:2078)
        at java.util.concurrent.ScheduledThreadPoolExecutor$DelayedWorkQueue.take(ScheduledThreadPoolExecutor.java:1093)
        at java.util.concurrent.ScheduledThreadPoolExecutor$DelayedWorkQueue.take(ScheduledThreadPoolExecutor.java:809)
        at java.util.concurrent.ThreadPoolExecutor.getTask(ThreadPoolExecutor.java:1074)
        at java.util.concurrent.ThreadPoolExecutor.runWorker(ThreadPoolExecutor.java:1134)
        at java.util.concurrent.ThreadPoolExecutor$Worker.run(ThreadPoolExecutor.java:624)
        at java.lang.Thread.run(Thread.java:748)
"pool-26-thread-48"  prio=5 tid=361 in Object.wait()
java.lang.Thread.State: WAITING (on object monitor)
        at sun.misc.Unsafe.park(Native Method)
        at java.util.concurrent.locks.LockSupport.park(LockSupport.java:175)
        at java.util.concurrent.locks.AbstractQueuedSynchronizer$ConditionObject.await(AbstractQueuedSynchronizer.java:2039)
        at java.util.concurrent.ArrayBlockingQueue.take(ArrayBlockingQueue.java:403)
        at java.util.concurrent.ThreadPoolExecutor.getTask(ThreadPoolExecutor.java:1074)
        at java.util.concurrent.ThreadPoolExecutor.runWorker(ThreadPoolExecutor.java:1134)
        at java.util.concurrent.ThreadPoolExecutor$Worker.run(ThreadPoolExecutor.java:624)
        at java.lang.Thread.run(Thread.java:748)
"Thread-1226" daemon prio=5 tid=1818 timed_waiting
java.lang.Thread.State: TIMED_WAITING
        at sun.misc.Unsafe.park(Native Method)
        at java.util.concurrent.locks.LockSupport.parkNanos(LockSupport.java:215)
        at java.util.concurrent.locks.AbstractQueuedSynchronizer$ConditionObject.awaitNanos(AbstractQueuedSynchronizer.java:2078)
        at java.util.concurrent.ArrayBlockingQueue.poll(ArrayBlockingQueue.java:418)
        at org.apache.ratis.server.impl.LeaderState$EventQueue.poll(LeaderState.java:115)
        at org.apache.ratis.server.impl.LeaderState$EventProcessor.run(LeaderState.java:457)
"qtp83534488-214-acceptor-0@fa0641f-ServerConnector@434514d8{HTTP/1.1,[http/1.1]}{0.0.0.0:39855}" daemon prio=3 tid=214 runnable
java.lang.Thread.State: RUNNABLE
        at sun.nio.ch.ServerSocketChannelImpl.accept0(Native Method)
        at sun.nio.ch.ServerSocketChannelImpl.accept(ServerSocketChannelImpl.java:422)
        at sun.nio.ch.ServerSocketChannelImpl.accept(ServerSocketChannelImpl.java:250)
        at org.eclipse.jetty.server.ServerConnector.accept(ServerConnector.java:397)
        at org.eclipse.jetty.server.AbstractConnector$Acceptor.run(AbstractConnector.java:601)
        at org.eclipse.jetty.util.thread.QueuedThreadPool.runJob(QueuedThreadPool.java:671)
        at org.eclipse.jetty.util.thread.QueuedThreadPool$2.run(QueuedThreadPool.java:589)
        at java.lang.Thread.run(Thread.java:748)
"IPC Server handler 10 on 37215" daemon prio=5 tid=59 timed_waiting
java.lang.Thread.State: TIMED_WAITING
        at sun.misc.Unsafe.park(Native Method)
        at java.util.concurrent.locks.LockSupport.parkNanos(LockSupport.java:215)
        at java.util.concurrent.locks.AbstractQueuedSynchronizer$ConditionObject.awaitNanos(AbstractQueuedSynchronizer.java:2078)
        at java.util.concurrent.LinkedBlockingQueue.poll(LinkedBlockingQueue.java:467)
        at org.apache.hadoop.ipc.CallQueueManager.take(CallQueueManager.java:288)
        at org.apache.hadoop.ipc.Server$Handler.run(Server.java:2668)
"a7d59ef6-3eca-4628-b097-12d983444e7f@group-6E9EB1C0F638-SegmentedRaftLogWorker"  prio=5 tid=861 timed_waiting
java.lang.Thread.State: TIMED_WAITING
        at sun.misc.Unsafe.park(Native Method)
        at java.util.concurrent.locks.LockSupport.parkNanos(LockSupport.java:215)
        at java.util.concurrent.locks.AbstractQueuedSynchronizer$ConditionObject.awaitNanos(AbstractQueuedSynchronizer.java:2078)
        at org.apache.ratis.util.DataBlockingQueue.poll(DataBlockingQueue.java:137)
        at org.apache.ratis.server.raftlog.segmented.SegmentedRaftLogWorker.run(SegmentedRaftLogWorker.java:283)
        at java.lang.Thread.run(Thread.java:748)
"Datanode State Machine Thread - 0" daemon prio=5 tid=258 timed_waiting
java.lang.Thread.State: TIMED_WAITING
        at sun.misc.Unsafe.park(Native Method)
        at java.util.concurrent.locks.LockSupport.parkNanos(LockSupport.java:215)
        at java.util.concurrent.SynchronousQueue$TransferStack.awaitFulfill(SynchronousQueue.java:460)
        at java.util.concurrent.SynchronousQueue$TransferStack.transfer(SynchronousQueue.java:362)
        at java.util.concurrent.SynchronousQueue.poll(SynchronousQueue.java:941)
        at java.util.concurrent.ThreadPoolExecutor.getTask(ThreadPoolExecutor.java:1073)
        at java.util.concurrent.ThreadPoolExecutor.runWorker(ThreadPoolExecutor.java:1134)
        at java.util.concurrent.ThreadPoolExecutor$Worker.run(ThreadPoolExecutor.java:624)
        at java.lang.Thread.run(Thread.java:748)
"pool-56-thread-46"  prio=5 tid=540 in Object.wait()
java.lang.Thread.State: WAITING (on object monitor)
        at sun.misc.Unsafe.park(Native Method)
        at java.util.concurrent.locks.LockSupport.park(LockSupport.java:175)
        at java.util.concurrent.locks.AbstractQueuedSynchronizer$ConditionObject.await(AbstractQueuedSynchronizer.java:2039)
        at java.util.concurrent.ArrayBlockingQueue.take(ArrayBlockingQueue.java:403)
        at java.util.concurrent.ThreadPoolExecutor.getTask(ThreadPoolExecutor.java:1074)
        at java.util.concurrent.ThreadPoolExecutor.runWorker(ThreadPoolExecutor.java:1134)
        at java.util.concurrent.ThreadPoolExecutor$Worker.run(ThreadPoolExecutor.java:624)
        at java.lang.Thread.run(Thread.java:748)
"qtp1623761043-272" daemon prio=5 tid=272 timed_waiting
java.lang.Thread.State: TIMED_WAITING
        at sun.misc.Unsafe.park(Native Method)
        at java.util.concurrent.locks.LockSupport.parkNanos(LockSupport.java:215)
        at java.util.concurrent.locks.AbstractQueuedSynchronizer$ConditionObject.awaitNanos(AbstractQueuedSynchronizer.java:2078)
        at org.eclipse.jetty.util.BlockingArrayQueue.poll(BlockingArrayQueue.java:392)
        at org.eclipse.jetty.util.thread.QueuedThreadPool.idleJobPoll(QueuedThreadPool.java:563)
        at org.eclipse.jetty.util.thread.QueuedThreadPool.access$800(QueuedThreadPool.java:48)
        at org.eclipse.jetty.util.thread.QueuedThreadPool$2.run(QueuedThreadPool.java:626)
        at java.lang.Thread.run(Thread.java:748)
"IPC Server handler 4 on 37215" daemon prio=5 tid=53 timed_waiting
java.lang.Thread.State: TIMED_WAITING
        at sun.misc.Unsafe.park(Native Method)
        at java.util.concurrent.locks.LockSupport.parkNanos(LockSupport.java:215)
        at java.util.concurrent.locks.AbstractQueuedSynchronizer$ConditionObject.awaitNanos(AbstractQueuedSynchronizer.java:2078)
        at java.util.concurrent.LinkedBlockingQueue.poll(LinkedBlockingQueue.java:467)
        at org.apache.hadoop.ipc.CallQueueManager.take(CallQueueManager.java:288)
        at org.apache.hadoop.ipc.Server$Handler.run(Server.java:2668)
"prometheus" daemon prio=5 tid=100 in Object.wait()
java.lang.Thread.State: WAITING (on object monitor)
        at java.lang.Object.wait(Native Method)
        at java.lang.Object.wait(Object.java:502)
        at org.apache.hadoop.metrics2.impl.SinkQueue.waitForData(SinkQueue.java:114)
        at org.apache.hadoop.metrics2.impl.SinkQueue.consumeAll(SinkQueue.java:83)
        at org.apache.hadoop.metrics2.impl.MetricsSinkAdapter.publishMetricsFromQueue(MetricsSinkAdapter.java:135)
        at org.apache.hadoop.metrics2.impl.MetricsSinkAdapter$1.run(MetricsSinkAdapter.java:89)
"metrics-hadoop-metrics2-reporter-30-thread-1" daemon prio=5 tid=837 timed_waiting
java.lang.Thread.State: TIMED_WAITING
        at sun.misc.Unsafe.park(Native Method)
        at java.util.concurrent.locks.LockSupport.parkNanos(LockSupport.java:215)
        at java.util.concurrent.locks.AbstractQueuedSynchronizer$ConditionObject.awaitNanos(AbstractQueuedSynchronizer.java:2078)
        at java.util.concurrent.ScheduledThreadPoolExecutor$DelayedWorkQueue.take(ScheduledThreadPoolExecutor.java:1093)
        at java.util.concurrent.ScheduledThreadPoolExecutor$DelayedWorkQueue.take(ScheduledThreadPoolExecutor.java:809)
        at java.util.concurrent.ThreadPoolExecutor.getTask(ThreadPoolExecutor.java:1074)
        at java.util.concurrent.ThreadPoolExecutor.runWorker(ThreadPoolExecutor.java:1134)
        at java.util.concurrent.ThreadPoolExecutor$Worker.run(ThreadPoolExecutor.java:624)
        at java.lang.Thread.run(Thread.java:748)
"refreshUsed-/workdir/hadoop-ozone/integration-test/target/test-dir/MiniOzoneClusterImpl-85c44edd-3ede-4f6a-a825-df7bd545a955/datanode-4/data/containers" daemon prio=5 tid=262 timed_waiting
java.lang.Thread.State: TIMED_WAITING
        at java.lang.Thread.sleep(Native Method)
        at org.apache.hadoop.fs.CachingGetSpaceUsed$RefreshThread.run(CachingGetSpaceUsed.java:179)
        at java.lang.Thread.run(Thread.java:748)
"EventQueue-PipelineReportForPipelineReportHandler" daemon prio=5 tid=692 in Object.wait()
java.lang.Thread.State: WAITING (on object monitor)
        at sun.misc.Unsafe.park(Native Method)
        at java.util.concurrent.locks.LockSupport.park(LockSupport.java:175)
        at java.util.concurrent.locks.AbstractQueuedSynchronizer$ConditionObject.await(AbstractQueuedSynchronizer.java:2039)
        at java.util.concurrent.LinkedBlockingQueue.take(LinkedBlockingQueue.java:442)
        at java.util.concurrent.ThreadPoolExecutor.getTask(ThreadPoolExecutor.java:1074)
        at java.util.concurrent.ThreadPoolExecutor.runWorker(ThreadPoolExecutor.java:1134)
        at java.util.concurrent.ThreadPoolExecutor$Worker.run(ThreadPoolExecutor.java:624)
        at java.lang.Thread.run(Thread.java:748)
"org.apache.ratis.server.impl.LogAppender$AppenderDaemon$$Lambda$418/858148741@133214f1" daemon prio=5 tid=1842 timed_waiting
java.lang.Thread.State: TIMED_WAITING
        at java.lang.Object.wait(Native Method)
        at org.apache.ratis.grpc.server.GrpcLogAppender.mayWait(GrpcLogAppender.java:141)
        at org.apache.ratis.grpc.server.GrpcLogAppender.runAppenderImpl(GrpcLogAppender.java:95)
        at org.apache.ratis.server.impl.LogAppender$AppenderDaemon.run(LogAppender.java:76)
        at org.apache.ratis.server.impl.LogAppender$AppenderDaemon$$Lambda$418/858148741.run(Unknown Source)
        at java.lang.Thread.run(Thread.java:748)
"19e67e26-3d21-4d01-be9f-29113a4a814c@group-B9DEF2EDD277-StateMachineUpdater" daemon prio=5 tid=820 in Object.wait()
java.lang.Thread.State: WAITING (on object monitor)
        at java.lang.Object.wait(Native Method)
        at java.lang.Object.wait(Object.java:502)
        at org.apache.ratis.server.impl.StateMachineUpdater.waitForCommit(StateMachineUpdater.java:183)
        at org.apache.ratis.server.impl.StateMachineUpdater.run(StateMachineUpdater.java:148)
        at java.lang.Thread.run(Thread.java:748)
"pool-76-thread-2"  prio=5 tid=626 in Object.wait()
java.lang.Thread.State: WAITING (on object monitor)
        at sun.misc.Unsafe.park(Native Method)
        at java.util.concurrent.locks.LockSupport.park(LockSupport.java:175)
        at java.util.concurrent.locks.AbstractQueuedSynchronizer$ConditionObject.await(AbstractQueuedSynchronizer.java:2039)
        at java.util.concurrent.ArrayBlockingQueue.take(ArrayBlockingQueue.java:403)
        at java.util.concurrent.ThreadPoolExecutor.getTask(ThreadPoolExecutor.java:1074)
        at java.util.concurrent.ThreadPoolExecutor.runWorker(ThreadPoolExecutor.java:1134)
        at java.util.concurrent.ThreadPoolExecutor$Worker.run(ThreadPoolExecutor.java:624)
        at java.lang.Thread.run(Thread.java:748)
"pool-46-thread-58"  prio=5 tid=491 in Object.wait()
java.lang.Thread.State: WAITING (on object monitor)
        at sun.misc.Unsafe.park(Native Method)
        at java.util.concurrent.locks.LockSupport.park(LockSupport.java:175)
        at java.util.concurrent.locks.AbstractQueuedSynchronizer$ConditionObject.await(AbstractQueuedSynchronizer.java:2039)
        at java.util.concurrent.ArrayBlockingQueue.take(ArrayBlockingQueue.java:403)
        at java.util.concurrent.ThreadPoolExecutor.getTask(ThreadPoolExecutor.java:1074)
        at java.util.concurrent.ThreadPoolExecutor.runWorker(ThreadPoolExecutor.java:1134)
        at java.util.concurrent.ThreadPoolExecutor$Worker.run(ThreadPoolExecutor.java:624)
        at java.lang.Thread.run(Thread.java:748)
"qtp219192399-163" daemon prio=5 tid=163 timed_waiting
java.lang.Thread.State: TIMED_WAITING
        at sun.misc.Unsafe.park(Native Method)
        at java.util.concurrent.locks.LockSupport.parkNanos(LockSupport.java:215)
        at java.util.concurrent.locks.AbstractQueuedSynchronizer$ConditionObject.awaitNanos(AbstractQueuedSynchronizer.java:2078)
        at org.eclipse.jetty.util.BlockingArrayQueue.poll(BlockingArrayQueue.java:392)
        at org.eclipse.jetty.util.thread.QueuedThreadPool.idleJobPoll(QueuedThreadPool.java:563)
        at org.eclipse.jetty.util.thread.QueuedThreadPool.access$800(QueuedThreadPool.java:48)
        at org.eclipse.jetty.util.thread.QueuedThreadPool$2.run(QueuedThreadPool.java:626)
        at java.lang.Thread.run(Thread.java:748)
"org.apache.hadoop.util.JvmPauseMonitor$Monitor@612e8c12" daemon prio=5 tid=230 timed_waiting
java.lang.Thread.State: TIMED_WAITING
        at java.lang.Thread.sleep(Native Method)
        at org.apache.hadoop.util.JvmPauseMonitor$Monitor.run(JvmPauseMonitor.java:192)
        at java.lang.Thread.run(Thread.java:748)
"IPC Server handler 7 on 40029" daemon prio=5 tid=76 timed_waiting
java.lang.Thread.State: TIMED_WAITING
        at sun.misc.Unsafe.park(Native Method)
        at java.util.concurrent.locks.LockSupport.parkNanos(LockSupport.java:215)
        at java.util.concurrent.locks.AbstractQueuedSynchronizer$ConditionObject.awaitNanos(AbstractQueuedSynchronizer.java:2078)
        at java.util.concurrent.LinkedBlockingQueue.poll(LinkedBlockingQueue.java:467)
        at org.apache.hadoop.ipc.CallQueueManager.take(CallQueueManager.java:288)
        at org.apache.hadoop.ipc.Server$Handler.run(Server.java:2668)
"pool-56-thread-34"  prio=5 tid=528 in Object.wait()
java.lang.Thread.State: WAITING (on object monitor)
        at sun.misc.Unsafe.park(Native Method)
        at java.util.concurrent.locks.LockSupport.park(LockSupport.java:175)
        at java.util.concurrent.locks.AbstractQueuedSynchronizer$ConditionObject.await(AbstractQueuedSynchronizer.java:2039)
        at java.util.concurrent.ArrayBlockingQueue.take(ArrayBlockingQueue.java:403)
        at java.util.concurrent.ThreadPoolExecutor.getTask(ThreadPoolExecutor.java:1074)
        at java.util.concurrent.ThreadPoolExecutor.runWorker(ThreadPoolExecutor.java:1134)
        at java.util.concurrent.ThreadPoolExecutor$Worker.run(ThreadPoolExecutor.java:624)
        at java.lang.Thread.run(Thread.java:748)
"qtp1507604180-190" daemon prio=5 tid=190 timed_waiting
java.lang.Thread.State: TIMED_WAITING
        at sun.misc.Unsafe.park(Native Method)
        at java.util.concurrent.locks.LockSupport.parkNanos(LockSupport.java:215)
        at java.util.concurrent.locks.AbstractQueuedSynchronizer$ConditionObject.awaitNanos(AbstractQueuedSynchronizer.java:2078)
        at org.eclipse.jetty.util.BlockingArrayQueue.poll(BlockingArrayQueue.java:392)
        at org.eclipse.jetty.util.thread.QueuedThreadPool.idleJobPoll(QueuedThreadPool.java:563)
        at org.eclipse.jetty.util.thread.QueuedThreadPool.access$800(QueuedThreadPool.java:48)
        at org.eclipse.jetty.util.thread.QueuedThreadPool$2.run(QueuedThreadPool.java:626)
        at java.lang.Thread.run(Thread.java:748)
"pool-26-thread-1"  prio=5 tid=314 in Object.wait()
java.lang.Thread.State: WAITING (on object monitor)
        at sun.misc.Unsafe.park(Native Method)
        at java.util.concurrent.locks.LockSupport.park(LockSupport.java:175)
        at java.util.concurrent.locks.AbstractQueuedSynchronizer$ConditionObject.await(AbstractQueuedSynchronizer.java:2039)
        at java.util.concurrent.ArrayBlockingQueue.take(ArrayBlockingQueue.java:403)
        at java.util.concurrent.ThreadPoolExecutor.getTask(ThreadPoolExecutor.java:1074)
        at java.util.concurrent.ThreadPoolExecutor.runWorker(ThreadPoolExecutor.java:1134)
        at java.util.concurrent.ThreadPoolExecutor$Worker.run(ThreadPoolExecutor.java:624)
        at java.lang.Thread.run(Thread.java:748)
"IPC Server handler 1 on 44461" daemon prio=5 tid=116 timed_waiting
java.lang.Thread.State: TIMED_WAITING
        at sun.misc.Unsafe.park(Native Method)
        at java.util.concurrent.locks.LockSupport.parkNanos(LockSupport.java:215)
        at java.util.concurrent.locks.AbstractQueuedSynchronizer$ConditionObject.awaitNanos(AbstractQueuedSynchronizer.java:2078)
        at java.util.concurrent.LinkedBlockingQueue.poll(LinkedBlockingQueue.java:467)
        at org.apache.hadoop.ipc.CallQueueManager.take(CallQueueManager.java:288)
        at org.apache.hadoop.ipc.Server$Handler.run(Server.java:2668)
"IPC Server handler 17 on 37215" daemon prio=5 tid=66 timed_waiting
java.lang.Thread.State: TIMED_WAITING
        at sun.misc.Unsafe.park(Native Method)
        at java.util.concurrent.locks.LockSupport.parkNanos(LockSupport.java:215)
        at java.util.concurrent.locks.AbstractQueuedSynchronizer$ConditionObject.awaitNanos(AbstractQueuedSynchronizer.java:2078)
        at java.util.concurrent.LinkedBlockingQueue.poll(LinkedBlockingQueue.java:467)
        at org.apache.hadoop.ipc.CallQueueManager.take(CallQueueManager.java:288)
        at org.apache.hadoop.ipc.Server$Handler.run(Server.java:2668)
"a7d59ef6-3eca-4628-b097-12d983444e7f@group-F2E0294EDFC2-StateMachineUpdater" daemon prio=5 tid=851 in Object.wait()
java.lang.Thread.State: WAITING (on object monitor)
        at java.lang.Object.wait(Native Method)
        at java.lang.Object.wait(Object.java:502)
        at org.apache.ratis.server.impl.StateMachineUpdater.waitForCommit(StateMachineUpdater.java:183)
        at org.apache.ratis.server.impl.StateMachineUpdater.run(StateMachineUpdater.java:148)
        at java.lang.Thread.run(Thread.java:748)
"pool-26-thread-4"  prio=5 tid=317 in Object.wait()
java.lang.Thread.State: WAITING (on object monitor)
        at sun.misc.Unsafe.park(Native Method)
        at java.util.concurrent.locks.LockSupport.park(LockSupport.java:175)
        at java.util.concurrent.locks.AbstractQueuedSynchronizer$ConditionObject.await(AbstractQueuedSynchronizer.java:2039)
        at java.util.concurrent.ArrayBlockingQueue.take(ArrayBlockingQueue.java:403)
        at java.util.concurrent.ThreadPoolExecutor.getTask(ThreadPoolExecutor.java:1074)
        at java.util.concurrent.ThreadPoolExecutor.runWorker(ThreadPoolExecutor.java:1134)
        at java.util.concurrent.ThreadPoolExecutor$Worker.run(ThreadPoolExecutor.java:624)
        at java.lang.Thread.run(Thread.java:748)
"pool-36-thread-43"  prio=5 tid=416 in Object.wait()
java.lang.Thread.State: WAITING (on object monitor)
        at sun.misc.Unsafe.park(Native Method)
        at java.util.concurrent.locks.LockSupport.park(LockSupport.java:175)
        at java.util.concurrent.locks.AbstractQueuedSynchronizer$ConditionObject.await(AbstractQueuedSynchronizer.java:2039)
        at java.util.concurrent.ArrayBlockingQueue.take(ArrayBlockingQueue.java:403)
        at java.util.concurrent.ThreadPoolExecutor.getTask(ThreadPoolExecutor.java:1074)
        at java.util.concurrent.ThreadPoolExecutor.runWorker(ThreadPoolExecutor.java:1134)
        at java.util.concurrent.ThreadPoolExecutor$Worker.run(ThreadPoolExecutor.java:624)
        at java.lang.Thread.run(Thread.java:748)
"pool-36-thread-37"  prio=5 tid=410 in Object.wait()
java.lang.Thread.State: WAITING (on object monitor)
        at sun.misc.Unsafe.park(Native Method)
        at java.util.concurrent.locks.LockSupport.park(LockSupport.java:175)
        at java.util.concurrent.locks.AbstractQueuedSynchronizer$ConditionObject.await(AbstractQueuedSynchronizer.java:2039)
        at java.util.concurrent.ArrayBlockingQueue.take(ArrayBlockingQueue.java:403)
        at java.util.concurrent.ThreadPoolExecutor.getTask(ThreadPoolExecutor.java:1074)
        at java.util.concurrent.ThreadPoolExecutor.runWorker(ThreadPoolExecutor.java:1134)
        at java.util.concurrent.ThreadPoolExecutor$Worker.run(ThreadPoolExecutor.java:624)
        at java.lang.Thread.run(Thread.java:748)
"pool-26-thread-54"  prio=5 tid=367 in Object.wait()
java.lang.Thread.State: WAITING (on object monitor)
        at sun.misc.Unsafe.park(Native Method)
        at java.util.concurrent.locks.LockSupport.park(LockSupport.java:175)
        at java.util.concurrent.locks.AbstractQueuedSynchronizer$ConditionObject.await(AbstractQueuedSynchronizer.java:2039)
        at java.util.concurrent.ArrayBlockingQueue.take(ArrayBlockingQueue.java:403)
        at java.util.concurrent.ThreadPoolExecutor.getTask(ThreadPoolExecutor.java:1074)
        at java.util.concurrent.ThreadPoolExecutor.runWorker(ThreadPoolExecutor.java:1134)
        at java.util.concurrent.ThreadPoolExecutor$Worker.run(ThreadPoolExecutor.java:624)
        at java.lang.Thread.run(Thread.java:748)
"java.util.concurrent.ThreadPoolExecutor$Worker@32c8f8a2[State = -1, empty queue]" daemon prio=5 tid=1846 timed_waiting
java.lang.Thread.State: TIMED_WAITING
        at sun.misc.Unsafe.park(Native Method)
        at java.util.concurrent.locks.LockSupport.parkNanos(LockSupport.java:215)
        at java.util.concurrent.locks.AbstractQueuedSynchronizer$ConditionObject.awaitNanos(AbstractQueuedSynchronizer.java:2078)
        at java.util.concurrent.ScheduledThreadPoolExecutor$DelayedWorkQueue.take(ScheduledThreadPoolExecutor.java:1093)
        at java.util.concurrent.ScheduledThreadPoolExecutor$DelayedWorkQueue.take(ScheduledThreadPoolExecutor.java:809)
        at java.util.concurrent.ThreadPoolExecutor.getTask(ThreadPoolExecutor.java:1074)
        at java.util.concurrent.ThreadPoolExecutor.runWorker(ThreadPoolExecutor.java:1134)
        at java.util.concurrent.ThreadPoolExecutor$Worker.run(ThreadPoolExecutor.java:624)
        at java.lang.Thread.run(Thread.java:748)
"pool-56-thread-26"  prio=5 tid=520 in Object.wait()
java.lang.Thread.State: WAITING (on object monitor)
        at sun.misc.Unsafe.park(Native Method)
        at java.util.concurrent.locks.LockSupport.park(LockSupport.java:175)
        at java.util.concurrent.locks.AbstractQueuedSynchronizer$ConditionObject.await(AbstractQueuedSynchronizer.java:2039)
        at java.util.concurrent.ArrayBlockingQueue.take(ArrayBlockingQueue.java:403)
        at java.util.concurrent.ThreadPoolExecutor.getTask(ThreadPoolExecutor.java:1074)
        at java.util.concurrent.ThreadPoolExecutor.runWorker(ThreadPoolExecutor.java:1134)
        at java.util.concurrent.ThreadPoolExecutor$Worker.run(ThreadPoolExecutor.java:624)
        at java.lang.Thread.run(Thread.java:748)
"pool-26-thread-39"  prio=5 tid=352 in Object.wait()
java.lang.Thread.State: WAITING (on object monitor)
        at sun.misc.Unsafe.park(Native Method)
        at java.util.concurrent.locks.LockSupport.park(LockSupport.java:175)
        at java.util.concurrent.locks.AbstractQueuedSynchronizer$ConditionObject.await(AbstractQueuedSynchronizer.java:2039)
        at java.util.concurrent.ArrayBlockingQueue.take(ArrayBlockingQueue.java:403)
        at java.util.concurrent.ThreadPoolExecutor.getTask(ThreadPoolExecutor.java:1074)
        at java.util.concurrent.ThreadPoolExecutor.runWorker(ThreadPoolExecutor.java:1134)
        at java.util.concurrent.ThreadPoolExecutor$Worker.run(ThreadPoolExecutor.java:624)
        at java.lang.Thread.run(Thread.java:748)
"pool-26-thread-55"  prio=5 tid=368 in Object.wait()
java.lang.Thread.State: WAITING (on object monitor)
        at sun.misc.Unsafe.park(Native Method)
        at java.util.concurrent.locks.LockSupport.park(LockSupport.java:175)
        at java.util.concurrent.locks.AbstractQueuedSynchronizer$ConditionObject.await(AbstractQueuedSynchronizer.java:2039)
        at java.util.concurrent.ArrayBlockingQueue.take(ArrayBlockingQueue.java:403)
        at java.util.concurrent.ThreadPoolExecutor.getTask(ThreadPoolExecutor.java:1074)
        at java.util.concurrent.ThreadPoolExecutor.runWorker(ThreadPoolExecutor.java:1134)
        at java.util.concurrent.ThreadPoolExecutor$Worker.run(ThreadPoolExecutor.java:624)
        at java.lang.Thread.run(Thread.java:748)
"Datanode ReportManager Thread - 1" daemon prio=5 tid=307 in Object.wait()
java.lang.Thread.State: WAITING (on object monitor)
        at sun.misc.Unsafe.park(Native Method)
        at java.util.concurrent.locks.LockSupport.park(LockSupport.java:175)
        at java.util.concurrent.locks.AbstractQueuedSynchronizer$ConditionObject.await(AbstractQueuedSynchronizer.java:2039)
        at java.util.concurrent.ScheduledThreadPoolExecutor$DelayedWorkQueue.take(ScheduledThreadPoolExecutor.java:1088)
        at java.util.concurrent.ScheduledThreadPoolExecutor$DelayedWorkQueue.take(ScheduledThreadPoolExecutor.java:809)
        at java.util.concurrent.ThreadPoolExecutor.getTask(ThreadPoolExecutor.java:1074)
        at java.util.concurrent.ThreadPoolExecutor.runWorker(ThreadPoolExecutor.java:1134)
        at java.util.concurrent.ThreadPoolExecutor$Worker.run(ThreadPoolExecutor.java:624)
        at java.lang.Thread.run(Thread.java:748)
"pool-76-thread-50"  prio=5 tid=674 in Object.wait()
java.lang.Thread.State: WAITING (on object monitor)
        at sun.misc.Unsafe.park(Native Method)
        at java.util.concurrent.locks.LockSupport.park(LockSupport.java:175)
        at java.util.concurrent.locks.AbstractQueuedSynchronizer$ConditionObject.await(AbstractQueuedSynchronizer.java:2039)
        at java.util.concurrent.ArrayBlockingQueue.take(ArrayBlockingQueue.java:403)
        at java.util.concurrent.ThreadPoolExecutor.getTask(ThreadPoolExecutor.java:1074)
        at java.util.concurrent.ThreadPoolExecutor.runWorker(ThreadPoolExecutor.java:1134)
        at java.util.concurrent.ThreadPoolExecutor$Worker.run(ThreadPoolExecutor.java:624)
        at java.lang.Thread.run(Thread.java:748)
"metrics-hadoop-metrics2-reporter-48-thread-1" daemon prio=5 tid=1797 timed_waiting
java.lang.Thread.State: TIMED_WAITING
        at sun.misc.Unsafe.park(Native Method)
        at java.util.concurrent.locks.LockSupport.parkNanos(LockSupport.java:215)
        at java.util.concurrent.locks.AbstractQueuedSynchronizer$ConditionObject.awaitNanos(AbstractQueuedSynchronizer.java:2078)
        at java.util.concurrent.ScheduledThreadPoolExecutor$DelayedWorkQueue.take(ScheduledThreadPoolExecutor.java:1093)
        at java.util.concurrent.ScheduledThreadPoolExecutor$DelayedWorkQueue.take(ScheduledThreadPoolExecutor.java:809)
        at java.util.concurrent.ThreadPoolExecutor.getTask(ThreadPoolExecutor.java:1074)
        at java.util.concurrent.ThreadPoolExecutor.runWorker(ThreadPoolExecutor.java:1134)
        at java.util.concurrent.ThreadPoolExecutor$Worker.run(ThreadPoolExecutor.java:624)
        at java.lang.Thread.run(Thread.java:748)
"java.util.concurrent.ThreadPoolExecutor$Worker@666d2c3d[State = -1, empty queue]" daemon prio=5 tid=1849 timed_waiting
java.lang.Thread.State: TIMED_WAITING
        at sun.misc.Unsafe.park(Native Method)
        at java.util.concurrent.locks.LockSupport.parkNanos(LockSupport.java:215)
        at java.util.concurrent.locks.AbstractQueuedSynchronizer$ConditionObject.awaitNanos(AbstractQueuedSynchronizer.java:2078)
        at java.util.concurrent.ScheduledThreadPoolExecutor$DelayedWorkQueue.take(ScheduledThreadPoolExecutor.java:1093)
        at java.util.concurrent.ScheduledThreadPoolExecutor$DelayedWorkQueue.take(ScheduledThreadPoolExecutor.java:809)
        at java.util.concurrent.ThreadPoolExecutor.getTask(ThreadPoolExecutor.java:1074)
        at java.util.concurrent.ThreadPoolExecutor.runWorker(ThreadPoolExecutor.java:1134)
        at java.util.concurrent.ThreadPoolExecutor$Worker.run(ThreadPoolExecutor.java:624)
        at java.lang.Thread.run(Thread.java:748)
"pool-46-thread-24"  prio=5 tid=457 in Object.wait()
java.lang.Thread.State: WAITING (on object monitor)
        at sun.misc.Unsafe.park(Native Method)
        at java.util.concurrent.locks.LockSupport.park(LockSupport.java:175)
        at java.util.concurrent.locks.AbstractQueuedSynchronizer$ConditionObject.await(AbstractQueuedSynchronizer.java:2039)
        at java.util.concurrent.ArrayBlockingQueue.take(ArrayBlockingQueue.java:403)
        at java.util.concurrent.ThreadPoolExecutor.getTask(ThreadPoolExecutor.java:1074)
        at java.util.concurrent.ThreadPoolExecutor.runWorker(ThreadPoolExecutor.java:1134)
        at java.util.concurrent.ThreadPoolExecutor$Worker.run(ThreadPoolExecutor.java:624)
        at java.lang.Thread.run(Thread.java:748)
"pool-76-thread-45"  prio=5 tid=669 in Object.wait()
java.lang.Thread.State: WAITING (on object monitor)
        at sun.misc.Unsafe.park(Native Method)
        at java.util.concurrent.locks.LockSupport.park(LockSupport.java:175)
        at java.util.concurrent.locks.AbstractQueuedSynchronizer$ConditionObject.await(AbstractQueuedSynchronizer.java:2039)
        at java.util.concurrent.ArrayBlockingQueue.take(ArrayBlockingQueue.java:403)
        at java.util.concurrent.ThreadPoolExecutor.getTask(ThreadPoolExecutor.java:1074)
        at java.util.concurrent.ThreadPoolExecutor.runWorker(ThreadPoolExecutor.java:1134)
        at java.util.concurrent.ThreadPoolExecutor$Worker.run(ThreadPoolExecutor.java:624)
        at java.lang.Thread.run(Thread.java:748)
"IPC Server handler 13 on 37215" daemon prio=5 tid=62 timed_waiting
java.lang.Thread.State: TIMED_WAITING
        at sun.misc.Unsafe.park(Native Method)
        at java.util.concurrent.locks.LockSupport.parkNanos(LockSupport.java:215)
        at java.util.concurrent.locks.AbstractQueuedSynchronizer$ConditionObject.awaitNanos(AbstractQueuedSynchronizer.java:2078)
        at java.util.concurrent.LinkedBlockingQueue.poll(LinkedBlockingQueue.java:467)
        at org.apache.hadoop.ipc.CallQueueManager.take(CallQueueManager.java:288)
        at org.apache.hadoop.ipc.Server$Handler.run(Server.java:2668)
"qtp1680841335-246" daemon prio=5 tid=246 timed_waiting
java.lang.Thread.State: TIMED_WAITING
        at sun.misc.Unsafe.park(Native Method)
        at java.util.concurrent.locks.LockSupport.parkNanos(LockSupport.java:215)
        at java.util.concurrent.locks.AbstractQueuedSynchronizer$ConditionObject.awaitNanos(AbstractQueuedSynchronizer.java:2078)
        at org.eclipse.jetty.util.BlockingArrayQueue.poll(BlockingArrayQueue.java:392)
        at org.eclipse.jetty.util.thread.QueuedThreadPool.idleJobPoll(QueuedThreadPool.java:563)
        at org.eclipse.jetty.util.thread.QueuedThreadPool.access$800(QueuedThreadPool.java:48)
        at org.eclipse.jetty.util.thread.QueuedThreadPool$2.run(QueuedThreadPool.java:626)
        at java.lang.Thread.run(Thread.java:748)
"a7d59ef6-3eca-4628-b097-12d983444e7f@group-7CC56FB5D3F9-SegmentedRaftLogWorker"  prio=5 tid=830 timed_waiting
java.lang.Thread.State: TIMED_WAITING
        at sun.misc.Unsafe.park(Native Method)
        at java.util.concurrent.locks.LockSupport.parkNanos(LockSupport.java:215)
        at java.util.concurrent.locks.AbstractQueuedSynchronizer$ConditionObject.awaitNanos(AbstractQueuedSynchronizer.java:2078)
        at org.apache.ratis.util.DataBlockingQueue.poll(DataBlockingQueue.java:137)
        at org.apache.ratis.server.raftlog.segmented.SegmentedRaftLogWorker.run(SegmentedRaftLogWorker.java:283)
        at java.lang.Thread.run(Thread.java:748)
"IPC Server handler 18 on 37215" daemon prio=5 tid=67 timed_waiting
java.lang.Thread.State: TIMED_WAITING
        at sun.misc.Unsafe.park(Native Method)
        at java.util.concurrent.locks.LockSupport.parkNanos(LockSupport.java:215)
        at java.util.concurrent.locks.AbstractQueuedSynchronizer$ConditionObject.awaitNanos(AbstractQueuedSynchronizer.java:2078)
        at java.util.concurrent.LinkedBlockingQueue.poll(LinkedBlockingQueue.java:467)
        at org.apache.hadoop.ipc.CallQueueManager.take(CallQueueManager.java:288)
        at org.apache.hadoop.ipc.Server$Handler.run(Server.java:2668)
"org.apache.ratis.server.impl.LogAppender$AppenderDaemon$$Lambda$418/858148741@57d329e" daemon prio=5 tid=1840 timed_waiting
java.lang.Thread.State: TIMED_WAITING
        at java.lang.Object.wait(Native Method)
        at org.apache.ratis.grpc.server.GrpcLogAppender.mayWait(GrpcLogAppender.java:141)
        at org.apache.ratis.grpc.server.GrpcLogAppender.runAppenderImpl(GrpcLogAppender.java:95)
        at org.apache.ratis.server.impl.LogAppender$AppenderDaemon.run(LogAppender.java:76)
        at org.apache.ratis.server.impl.LogAppender$AppenderDaemon$$Lambda$418/858148741.run(Unknown Source)
        at java.lang.Thread.run(Thread.java:748)
"pool-76-thread-1"  prio=5 tid=625 in Object.wait()
java.lang.Thread.State: WAITING (on object monitor)
        at sun.misc.Unsafe.park(Native Method)
        at java.util.concurrent.locks.LockSupport.park(LockSupport.java:175)
        at java.util.concurrent.locks.AbstractQueuedSynchronizer$ConditionObject.await(AbstractQueuedSynchronizer.java:2039)
        at java.util.concurrent.ArrayBlockingQueue.take(ArrayBlockingQueue.java:403)
        at java.util.concurrent.ThreadPoolExecutor.getTask(ThreadPoolExecutor.java:1074)
        at java.util.concurrent.ThreadPoolExecutor.runWorker(ThreadPoolExecutor.java:1134)
        at java.util.concurrent.ThreadPoolExecutor$Worker.run(ThreadPoolExecutor.java:624)
        at java.lang.Thread.run(Thread.java:748)
"org.apache.hadoop.util.JvmPauseMonitor$Monitor@4d63b624" daemon prio=5 tid=102 timed_waiting
java.lang.Thread.State: TIMED_WAITING
        at java.lang.Thread.sleep(Native Method)
        at org.apache.hadoop.util.JvmPauseMonitor$Monitor.run(JvmPauseMonitor.java:192)
        at java.lang.Thread.run(Thread.java:748)
"pool-36-thread-11"  prio=5 tid=384 in Object.wait()
java.lang.Thread.State: WAITING (on object monitor)
        at sun.misc.Unsafe.park(Native Method)
        at java.util.concurrent.locks.LockSupport.park(LockSupport.java:175)
        at java.util.concurrent.locks.AbstractQueuedSynchronizer$ConditionObject.await(AbstractQueuedSynchronizer.java:2039)
        at java.util.concurrent.ArrayBlockingQueue.take(ArrayBlockingQueue.java:403)
        at java.util.concurrent.ThreadPoolExecutor.getTask(ThreadPoolExecutor.java:1074)
        at java.util.concurrent.ThreadPoolExecutor.runWorker(ThreadPoolExecutor.java:1134)
        at java.util.concurrent.ThreadPoolExecutor$Worker.run(ThreadPoolExecutor.java:624)
        at java.lang.Thread.run(Thread.java:748)
"pool-76-thread-37"  prio=5 tid=661 in Object.wait()
java.lang.Thread.State: WAITING (on object monitor)
        at sun.misc.Unsafe.park(Native Method)
        at java.util.concurrent.locks.LockSupport.park(LockSupport.java:175)
        at java.util.concurrent.locks.AbstractQueuedSynchronizer$ConditionObject.await(AbstractQueuedSynchronizer.java:2039)
        at java.util.concurrent.ArrayBlockingQueue.take(ArrayBlockingQueue.java:403)
        at java.util.concurrent.ThreadPoolExecutor.getTask(ThreadPoolExecutor.java:1074)
        at java.util.concurrent.ThreadPoolExecutor.runWorker(ThreadPoolExecutor.java:1134)
        at java.util.concurrent.ThreadPoolExecutor$Worker.run(ThreadPoolExecutor.java:624)
        at java.lang.Thread.run(Thread.java:748)
"pool-36-thread-23"  prio=5 tid=396 in Object.wait()
java.lang.Thread.State: WAITING (on object monitor)
        at sun.misc.Unsafe.park(Native Method)
        at java.util.concurrent.locks.LockSupport.park(LockSupport.java:175)
        at java.util.concurrent.locks.AbstractQueuedSynchronizer$ConditionObject.await(AbstractQueuedSynchronizer.java:2039)
        at java.util.concurrent.ArrayBlockingQueue.take(ArrayBlockingQueue.java:403)
        at java.util.concurrent.ThreadPoolExecutor.getTask(ThreadPoolExecutor.java:1074)
        at java.util.concurrent.ThreadPoolExecutor.runWorker(ThreadPoolExecutor.java:1134)
        at java.util.concurrent.ThreadPoolExecutor$Worker.run(ThreadPoolExecutor.java:624)
        at java.lang.Thread.run(Thread.java:748)
"pool-26-thread-14"  prio=5 tid=327 in Object.wait()
java.lang.Thread.State: WAITING (on object monitor)
        at sun.misc.Unsafe.park(Native Method)
        at java.util.concurrent.locks.LockSupport.park(LockSupport.java:175)
        at java.util.concurrent.locks.AbstractQueuedSynchronizer$ConditionObject.await(AbstractQueuedSynchronizer.java:2039)
        at java.util.concurrent.ArrayBlockingQueue.take(ArrayBlockingQueue.java:403)
        at java.util.concurrent.ThreadPoolExecutor.getTask(ThreadPoolExecutor.java:1074)
        at java.util.concurrent.ThreadPoolExecutor.runWorker(ThreadPoolExecutor.java:1134)
        at java.util.concurrent.ThreadPoolExecutor$Worker.run(ThreadPoolExecutor.java:624)
        at java.lang.Thread.run(Thread.java:748)
"Datanode State Machine Thread - 0" daemon prio=5 tid=305 timed_waiting
java.lang.Thread.State: TIMED_WAITING
        at java.lang.Thread.sleep(Native Method)
        at org.apache.hadoop.ozone.container.common.statemachine.DatanodeStateMachine.start(DatanodeStateMachine.java:191)
        at org.apache.hadoop.ozone.container.common.statemachine.DatanodeStateMachine.lambda$startDaemon$0(DatanodeStateMachine.java:349)
        at org.apache.hadoop.ozone.container.common.statemachine.DatanodeStateMachine$$Lambda$138/939829672.run(Unknown Source)
        at java.lang.Thread.run(Thread.java:748)
"pool-46-thread-28"  prio=5 tid=461 in Object.wait()
java.lang.Thread.State: WAITING (on object monitor)
        at sun.misc.Unsafe.park(Native Method)
        at java.util.concurrent.locks.LockSupport.park(LockSupport.java:175)
        at java.util.concurrent.locks.AbstractQueuedSynchronizer$ConditionObject.await(AbstractQueuedSynchronizer.java:2039)
        at java.util.concurrent.ArrayBlockingQueue.take(ArrayBlockingQueue.java:403)
        at java.util.concurrent.ThreadPoolExecutor.getTask(ThreadPoolExecutor.java:1074)
        at java.util.concurrent.ThreadPoolExecutor.runWorker(ThreadPoolExecutor.java:1134)
        at java.util.concurrent.ThreadPoolExecutor$Worker.run(ThreadPoolExecutor.java:624)
        at java.lang.Thread.run(Thread.java:748)
"metrics-hadoop-metrics2-reporter-49-thread-1" daemon prio=5 tid=1798 timed_waiting
java.lang.Thread.State: TIMED_WAITING
        at sun.misc.Unsafe.park(Native Method)
        at java.util.concurrent.locks.LockSupport.parkNanos(LockSupport.java:215)
        at java.util.concurrent.locks.AbstractQueuedSynchronizer$ConditionObject.awaitNanos(AbstractQueuedSynchronizer.java:2078)
        at java.util.concurrent.ScheduledThreadPoolExecutor$DelayedWorkQueue.take(ScheduledThreadPoolExecutor.java:1093)
        at java.util.concurrent.ScheduledThreadPoolExecutor$DelayedWorkQueue.take(ScheduledThreadPoolExecutor.java:809)
        at java.util.concurrent.ThreadPoolExecutor.getTask(ThreadPoolExecutor.java:1074)
        at java.util.concurrent.ThreadPoolExecutor.runWorker(ThreadPoolExecutor.java:1134)
        at java.util.concurrent.ThreadPoolExecutor$Worker.run(ThreadPoolExecutor.java:624)
        at java.lang.Thread.run(Thread.java:748)
"BlockDeletingService#1" daemon prio=5 tid=561 timed_waiting
java.lang.Thread.State: TIMED_WAITING
        at sun.misc.Unsafe.park(Native Method)
        at java.util.concurrent.locks.LockSupport.parkNanos(LockSupport.java:215)
        at java.util.concurrent.locks.AbstractQueuedSynchronizer$ConditionObject.awaitNanos(AbstractQueuedSynchronizer.java:2078)
        at java.util.concurrent.ScheduledThreadPoolExecutor$DelayedWorkQueue.take(ScheduledThreadPoolExecutor.java:1093)
        at java.util.concurrent.ScheduledThreadPoolExecutor$DelayedWorkQueue.take(ScheduledThreadPoolExecutor.java:809)
        at java.util.concurrent.ThreadPoolExecutor.getTask(ThreadPoolExecutor.java:1074)
        at java.util.concurrent.ThreadPoolExecutor.runWorker(ThreadPoolExecutor.java:1134)
        at java.util.concurrent.ThreadPoolExecutor$Worker.run(ThreadPoolExecutor.java:624)
        at java.lang.Thread.run(Thread.java:748)
"IPC Server handler 18 on 44461" daemon prio=5 tid=133 timed_waiting
java.lang.Thread.State: TIMED_WAITING
        at sun.misc.Unsafe.park(Native Method)
        at java.util.concurrent.locks.LockSupport.parkNanos(LockSupport.java:215)
        at java.util.concurrent.locks.AbstractQueuedSynchronizer$ConditionObject.awaitNanos(AbstractQueuedSynchronizer.java:2078)
        at java.util.concurrent.LinkedBlockingQueue.poll(LinkedBlockingQueue.java:467)
        at org.apache.hadoop.ipc.CallQueueManager.take(CallQueueManager.java:288)
        at org.apache.hadoop.ipc.Server$Handler.run(Server.java:2668)
"IPC Server handler 13 on 44461" daemon prio=5 tid=128 timed_waiting
java.lang.Thread.State: TIMED_WAITING
        at sun.misc.Unsafe.park(Native Method)
        at java.util.concurrent.locks.LockSupport.parkNanos(LockSupport.java:215)
        at java.util.concurrent.locks.AbstractQueuedSynchronizer$ConditionObject.awaitNanos(AbstractQueuedSynchronizer.java:2078)
        at java.util.concurrent.LinkedBlockingQueue.poll(LinkedBlockingQueue.java:467)
        at org.apache.hadoop.ipc.CallQueueManager.take(CallQueueManager.java:288)
        at org.apache.hadoop.ipc.Server$Handler.run(Server.java:2668)
"pool-26-thread-43"  prio=5 tid=356 in Object.wait()
java.lang.Thread.State: WAITING (on object monitor)
        at sun.misc.Unsafe.park(Native Method)
        at java.util.concurrent.locks.LockSupport.park(LockSupport.java:175)
        at java.util.concurrent.locks.AbstractQueuedSynchronizer$ConditionObject.await(AbstractQueuedSynchronizer.java:2039)
        at java.util.concurrent.ArrayBlockingQueue.take(ArrayBlockingQueue.java:403)
        at java.util.concurrent.ThreadPoolExecutor.getTask(ThreadPoolExecutor.java:1074)
        at java.util.concurrent.ThreadPoolExecutor.runWorker(ThreadPoolExecutor.java:1134)
        at java.util.concurrent.ThreadPoolExecutor$Worker.run(ThreadPoolExecutor.java:624)
        at java.lang.Thread.run(Thread.java:748)
"org.eclipse.jetty.server.session.HashSessionManager@623dcf2aTimer" daemon prio=5 tid=169 timed_waiting
java.lang.Thread.State: TIMED_WAITING
        at sun.misc.Unsafe.park(Native Method)
        at java.util.concurrent.locks.LockSupport.parkNanos(LockSupport.java:215)
        at java.util.concurrent.locks.AbstractQueuedSynchronizer$ConditionObject.awaitNanos(AbstractQueuedSynchronizer.java:2078)
        at java.util.concurrent.ScheduledThreadPoolExecutor$DelayedWorkQueue.take(ScheduledThreadPoolExecutor.java:1093)
        at java.util.concurrent.ScheduledThreadPoolExecutor$DelayedWorkQueue.take(ScheduledThreadPoolExecutor.java:809)
        at java.util.concurrent.ThreadPoolExecutor.getTask(ThreadPoolExecutor.java:1074)
        at java.util.concurrent.ThreadPoolExecutor.runWorker(ThreadPoolExecutor.java:1134)
        at java.util.concurrent.ThreadPoolExecutor$Worker.run(ThreadPoolExecutor.java:624)
        at java.lang.Thread.run(Thread.java:748)
"java.util.concurrent.ThreadPoolExecutor$Worker@38499fa4[State = -1, empty queue]" daemon prio=5 tid=1847 timed_waiting
java.lang.Thread.State: TIMED_WAITING
        at sun.misc.Unsafe.park(Native Method)
        at java.util.concurrent.locks.LockSupport.parkNanos(LockSupport.java:215)
        at java.util.concurrent.locks.AbstractQueuedSynchronizer$ConditionObject.awaitNanos(AbstractQueuedSynchronizer.java:2078)
        at java.util.concurrent.ScheduledThreadPoolExecutor$DelayedWorkQueue.take(ScheduledThreadPoolExecutor.java:1093)
        at java.util.concurrent.ScheduledThreadPoolExecutor$DelayedWorkQueue.take(ScheduledThreadPoolExecutor.java:809)
        at java.util.concurrent.ThreadPoolExecutor.getTask(ThreadPoolExecutor.java:1074)
        at java.util.concurrent.ThreadPoolExecutor.runWorker(ThreadPoolExecutor.java:1134)
        at java.util.concurrent.ThreadPoolExecutor$Worker.run(ThreadPoolExecutor.java:624)
        at java.lang.Thread.run(Thread.java:748)
"pool-66-thread-12"  prio=5 tid=574 in Object.wait()
java.lang.Thread.State: WAITING (on object monitor)
        at sun.misc.Unsafe.park(Native Method)
        at java.util.concurrent.locks.LockSupport.park(LockSupport.java:175)
        at java.util.concurrent.locks.AbstractQueuedSynchronizer$ConditionObject.await(AbstractQueuedSynchronizer.java:2039)
        at java.util.concurrent.ArrayBlockingQueue.take(ArrayBlockingQueue.java:403)
        at java.util.concurrent.ThreadPoolExecutor.getTask(ThreadPoolExecutor.java:1074)
        at java.util.concurrent.ThreadPoolExecutor.runWorker(ThreadPoolExecutor.java:1134)
        at java.util.concurrent.ThreadPoolExecutor$Worker.run(ThreadPoolExecutor.java:624)
        at java.lang.Thread.run(Thread.java:748)
"java.util.concurrent.ThreadPoolExecutor$Worker@6de67f9d[State = -1, empty queue]" daemon prio=5 tid=1864 timed_waiting
java.lang.Thread.State: TIMED_WAITING
        at sun.misc.Unsafe.park(Native Method)
        at java.util.concurrent.locks.LockSupport.parkNanos(LockSupport.java:215)
        at java.util.concurrent.locks.AbstractQueuedSynchronizer$ConditionObject.awaitNanos(AbstractQueuedSynchronizer.java:2078)
        at java.util.concurrent.ScheduledThreadPoolExecutor$DelayedWorkQueue.take(ScheduledThreadPoolExecutor.java:1093)
        at java.util.concurrent.ScheduledThreadPoolExecutor$DelayedWorkQueue.take(ScheduledThreadPoolExecutor.java:809)
        at java.util.concurrent.ThreadPoolExecutor.getTask(ThreadPoolExecutor.java:1074)
        at java.util.concurrent.ThreadPoolExecutor.runWorker(ThreadPoolExecutor.java:1134)
        at java.util.concurrent.ThreadPoolExecutor$Worker.run(ThreadPoolExecutor.java:624)
        at java.lang.Thread.run(Thread.java:748)
"pool-36-thread-6"  prio=5 tid=379 in Object.wait()
java.lang.Thread.State: WAITING (on object monitor)
        at sun.misc.Unsafe.park(Native Method)
        at java.util.concurrent.locks.LockSupport.park(LockSupport.java:175)
        at java.util.concurrent.locks.AbstractQueuedSynchronizer$ConditionObject.await(AbstractQueuedSynchronizer.java:2039)
        at java.util.concurrent.ArrayBlockingQueue.take(ArrayBlockingQueue.java:403)
        at java.util.concurrent.ThreadPoolExecutor.getTask(ThreadPoolExecutor.java:1074)
        at java.util.concurrent.ThreadPoolExecutor.runWorker(ThreadPoolExecutor.java:1134)
        at java.util.concurrent.ThreadPoolExecutor$Worker.run(ThreadPoolExecutor.java:624)
        at java.lang.Thread.run(Thread.java:748)
"pool-76-thread-7"  prio=5 tid=631 in Object.wait()
java.lang.Thread.State: WAITING (on object monitor)
        at sun.misc.Unsafe.park(Native Method)
        at java.util.concurrent.locks.LockSupport.park(LockSupport.java:175)
        at java.util.concurrent.locks.AbstractQueuedSynchronizer$ConditionObject.await(AbstractQueuedSynchronizer.java:2039)
        at java.util.concurrent.ArrayBlockingQueue.take(ArrayBlockingQueue.java:403)
        at java.util.concurrent.ThreadPoolExecutor.getTask(ThreadPoolExecutor.java:1074)
        at java.util.concurrent.ThreadPoolExecutor.runWorker(ThreadPoolExecutor.java:1134)
        at java.util.concurrent.ThreadPoolExecutor$Worker.run(ThreadPoolExecutor.java:624)
        at java.lang.Thread.run(Thread.java:748)
"Datanode State Machine Thread - 0" daemon prio=5 tid=204 timed_waiting
java.lang.Thread.State: TIMED_WAITING
        at sun.misc.Unsafe.park(Native Method)
        at java.util.concurrent.locks.LockSupport.parkNanos(LockSupport.java:215)
        at java.util.concurrent.SynchronousQueue$TransferStack.awaitFulfill(SynchronousQueue.java:460)
        at java.util.concurrent.SynchronousQueue$TransferStack.transfer(SynchronousQueue.java:362)
        at java.util.concurrent.SynchronousQueue.poll(SynchronousQueue.java:941)
        at java.util.concurrent.ThreadPoolExecutor.getTask(ThreadPoolExecutor.java:1073)
        at java.util.concurrent.ThreadPoolExecutor.runWorker(ThreadPoolExecutor.java:1134)
        at java.util.concurrent.ThreadPoolExecutor$Worker.run(ThreadPoolExecutor.java:624)
        at java.lang.Thread.run(Thread.java:748)
"Thread-1209" daemon prio=5 tid=1795 timed_waiting
java.lang.Thread.State: TIMED_WAITING
        at java.lang.Thread.sleep(Native Method)
        at org.apache.ratis.util.JavaUtils.sleep(JavaUtils.java:247)
        at org.apache.ratis.server.impl.FollowerState.run(FollowerState.java:96)
"Thread-1161" daemon prio=5 tid=1747 timed_waiting
java.lang.Thread.State: TIMED_WAITING
        at java.lang.Thread.sleep(Native Method)
        at org.apache.ratis.util.JavaUtils.sleep(JavaUtils.java:247)
        at org.apache.ratis.server.impl.FollowerState.run(FollowerState.java:96)
"pool-76-thread-34"  prio=5 tid=658 in Object.wait()
java.lang.Thread.State: WAITING (on object monitor)
        at sun.misc.Unsafe.park(Native Method)
        at java.util.concurrent.locks.LockSupport.park(LockSupport.java:175)
        at java.util.concurrent.locks.AbstractQueuedSynchronizer$ConditionObject.await(AbstractQueuedSynchronizer.java:2039)
        at java.util.concurrent.ArrayBlockingQueue.take(ArrayBlockingQueue.java:403)
        at java.util.concurrent.ThreadPoolExecutor.getTask(ThreadPoolExecutor.java:1074)
        at java.util.concurrent.ThreadPoolExecutor.runWorker(ThreadPoolExecutor.java:1134)
        at java.util.concurrent.ThreadPoolExecutor$Worker.run(ThreadPoolExecutor.java:624)
        at java.lang.Thread.run(Thread.java:748)
"pool-36-thread-52"  prio=5 tid=425 in Object.wait()
java.lang.Thread.State: WAITING (on object monitor)
        at sun.misc.Unsafe.park(Native Method)
        at java.util.concurrent.locks.LockSupport.park(LockSupport.java:175)
        at java.util.concurrent.locks.AbstractQueuedSynchronizer$ConditionObject.await(AbstractQueuedSynchronizer.java:2039)
        at java.util.concurrent.ArrayBlockingQueue.take(ArrayBlockingQueue.java:403)
        at java.util.concurrent.ThreadPoolExecutor.getTask(ThreadPoolExecutor.java:1074)
        at java.util.concurrent.ThreadPoolExecutor.runWorker(ThreadPoolExecutor.java:1134)
        at java.util.concurrent.ThreadPoolExecutor$Worker.run(ThreadPoolExecutor.java:624)
        at java.lang.Thread.run(Thread.java:748)
"pool-37-thread-1"  prio=5 tid=710 in Object.wait()
java.lang.Thread.State: WAITING (on object monitor)
        at sun.misc.Unsafe.park(Native Method)
        at java.util.concurrent.locks.LockSupport.park(LockSupport.java:175)
        at java.util.concurrent.locks.AbstractQueuedSynchronizer$ConditionObject.await(AbstractQueuedSynchronizer.java:2039)
        at java.util.concurrent.LinkedBlockingQueue.take(LinkedBlockingQueue.java:442)
        at java.util.concurrent.ThreadPoolExecutor.getTask(ThreadPoolExecutor.java:1074)
        at java.util.concurrent.ThreadPoolExecutor.runWorker(ThreadPoolExecutor.java:1134)
        at java.util.concurrent.ThreadPoolExecutor$Worker.run(ThreadPoolExecutor.java:624)
        at java.lang.Thread.run(Thread.java:748)
"pool-36-thread-10"  prio=5 tid=383 in Object.wait()
java.lang.Thread.State: WAITING (on object monitor)
        at sun.misc.Unsafe.park(Native Method)
        at java.util.concurrent.locks.LockSupport.park(LockSupport.java:175)
        at java.util.concurrent.locks.AbstractQueuedSynchronizer$ConditionObject.await(AbstractQueuedSynchronizer.java:2039)
        at java.util.concurrent.ArrayBlockingQueue.take(ArrayBlockingQueue.java:403)
        at java.util.concurrent.ThreadPoolExecutor.getTask(ThreadPoolExecutor.java:1074)
        at java.util.concurrent.ThreadPoolExecutor.runWorker(ThreadPoolExecutor.java:1134)
        at java.util.concurrent.ThreadPoolExecutor$Worker.run(ThreadPoolExecutor.java:624)
        at java.lang.Thread.run(Thread.java:748)
"pool-80-thread-1"  prio=5 tid=293 timed_waiting
java.lang.Thread.State: TIMED_WAITING
        at sun.misc.Unsafe.park(Native Method)
        at java.util.concurrent.locks.LockSupport.parkNanos(LockSupport.java:215)
        at java.util.concurrent.locks.AbstractQueuedSynchronizer$ConditionObject.awaitNanos(AbstractQueuedSynchronizer.java:2078)
        at java.util.concurrent.ScheduledThreadPoolExecutor$DelayedWorkQueue.take(ScheduledThreadPoolExecutor.java:1093)
        at java.util.concurrent.ScheduledThreadPoolExecutor$DelayedWorkQueue.take(ScheduledThreadPoolExecutor.java:809)
        at java.util.concurrent.ThreadPoolExecutor.getTask(ThreadPoolExecutor.java:1074)
        at java.util.concurrent.ThreadPoolExecutor.runWorker(ThreadPoolExecutor.java:1134)
        at java.util.concurrent.ThreadPoolExecutor$Worker.run(ThreadPoolExecutor.java:624)
        at java.lang.Thread.run(Thread.java:748)
"qtp1623761043-267" daemon prio=5 tid=267 runnable
java.lang.Thread.State: RUNNABLE
        at sun.nio.ch.EPollArrayWrapper.epollWait(Native Method)
        at sun.nio.ch.EPollArrayWrapper.poll(EPollArrayWrapper.java:269)
        at sun.nio.ch.EPollSelectorImpl.doSelect(EPollSelectorImpl.java:93)
        at sun.nio.ch.SelectorImpl.lockAndDoSelect(SelectorImpl.java:86)
        at sun.nio.ch.SelectorImpl.select(SelectorImpl.java:97)
        at sun.nio.ch.SelectorImpl.select(SelectorImpl.java:101)
        at org.eclipse.jetty.io.ManagedSelector$SelectorProducer.select(ManagedSelector.java:243)
        at org.eclipse.jetty.io.ManagedSelector$SelectorProducer.produce(ManagedSelector.java:191)
        at org.eclipse.jetty.util.thread.strategy.ExecuteProduceConsume.executeProduceConsume(ExecuteProduceConsume.java:249)
        at org.eclipse.jetty.util.thread.strategy.ExecuteProduceConsume.produceConsume(ExecuteProduceConsume.java:148)
        at org.eclipse.jetty.util.thread.strategy.ExecuteProduceConsume.execute(ExecuteProduceConsume.java:100)
        at org.eclipse.jetty.io.ManagedSelector.run(ManagedSelector.java:147)
        at org.eclipse.jetty.util.thread.QueuedThreadPool.runJob(QueuedThreadPool.java:671)
        at org.eclipse.jetty.util.thread.QueuedThreadPool$2.run(QueuedThreadPool.java:589)
        at java.lang.Thread.run(Thread.java:748)
"pool-36-thread-54"  prio=5 tid=427 in Object.wait()
java.lang.Thread.State: WAITING (on object monitor)
        at sun.misc.Unsafe.park(Native Method)
        at java.util.concurrent.locks.LockSupport.park(LockSupport.java:175)
        at java.util.concurrent.locks.AbstractQueuedSynchronizer$ConditionObject.await(AbstractQueuedSynchronizer.java:2039)
        at java.util.concurrent.ArrayBlockingQueue.take(ArrayBlockingQueue.java:403)
        at java.util.concurrent.ThreadPoolExecutor.getTask(ThreadPoolExecutor.java:1074)
        at java.util.concurrent.ThreadPoolExecutor.runWorker(ThreadPoolExecutor.java:1134)
        at java.util.concurrent.ThreadPoolExecutor$Worker.run(ThreadPoolExecutor.java:624)
        at java.lang.Thread.run(Thread.java:748)
"b7064b77-9271-4e94-8225-85d895886efb@group-F2E0294EDFC2-StateMachineUpdater" daemon prio=5 tid=846 in Object.wait()
java.lang.Thread.State: WAITING (on object monitor)
        at java.lang.Object.wait(Native Method)
        at java.lang.Object.wait(Object.java:502)
        at org.apache.ratis.server.impl.StateMachineUpdater.waitForCommit(StateMachineUpdater.java:183)
        at org.apache.ratis.server.impl.StateMachineUpdater.run(StateMachineUpdater.java:148)
        at java.lang.Thread.run(Thread.java:748)
"pool-26-thread-56"  prio=5 tid=369 in Object.wait()
java.lang.Thread.State: WAITING (on object monitor)
        at sun.misc.Unsafe.park(Native Method)
        at java.util.concurrent.locks.LockSupport.park(LockSupport.java:175)
        at java.util.concurrent.locks.AbstractQueuedSynchronizer$ConditionObject.await(AbstractQueuedSynchronizer.java:2039)
        at java.util.concurrent.ArrayBlockingQueue.take(ArrayBlockingQueue.java:403)
        at java.util.concurrent.ThreadPoolExecutor.getTask(ThreadPoolExecutor.java:1074)
        at java.util.concurrent.ThreadPoolExecutor.runWorker(ThreadPoolExecutor.java:1134)
        at java.util.concurrent.ThreadPoolExecutor$Worker.run(ThreadPoolExecutor.java:624)
        at java.lang.Thread.run(Thread.java:748)
"qtp219192399-164" daemon prio=5 tid=164 timed_waiting
java.lang.Thread.State: TIMED_WAITING
        at sun.misc.Unsafe.park(Native Method)
        at java.util.concurrent.locks.LockSupport.parkNanos(LockSupport.java:215)
        at java.util.concurrent.locks.AbstractQueuedSynchronizer$ConditionObject.awaitNanos(AbstractQueuedSynchronizer.java:2078)
        at org.eclipse.jetty.util.BlockingArrayQueue.poll(BlockingArrayQueue.java:392)
        at org.eclipse.jetty.util.thread.QueuedThreadPool.idleJobPoll(QueuedThreadPool.java:563)
        at org.eclipse.jetty.util.thread.QueuedThreadPool.access$800(QueuedThreadPool.java:48)
        at org.eclipse.jetty.util.thread.QueuedThreadPool$2.run(QueuedThreadPool.java:626)
        at java.lang.Thread.run(Thread.java:748)
"pool-36-thread-39"  prio=5 tid=412 in Object.wait()
java.lang.Thread.State: WAITING (on object monitor)
        at sun.misc.Unsafe.park(Native Method)
        at java.util.concurrent.locks.LockSupport.park(LockSupport.java:175)
        at java.util.concurrent.locks.AbstractQueuedSynchronizer$ConditionObject.await(AbstractQueuedSynchronizer.java:2039)
        at java.util.concurrent.ArrayBlockingQueue.take(ArrayBlockingQueue.java:403)
        at java.util.concurrent.ThreadPoolExecutor.getTask(ThreadPoolExecutor.java:1074)
        at java.util.concurrent.ThreadPoolExecutor.runWorker(ThreadPoolExecutor.java:1134)
        at java.util.concurrent.ThreadPoolExecutor$Worker.run(ThreadPoolExecutor.java:624)
        at java.lang.Thread.run(Thread.java:748)
"pool-56-thread-28"  prio=5 tid=522 in Object.wait()
java.lang.Thread.State: WAITING (on object monitor)
        at sun.misc.Unsafe.park(Native Method)
        at java.util.concurrent.locks.LockSupport.park(LockSupport.java:175)
        at java.util.concurrent.locks.AbstractQueuedSynchronizer$ConditionObject.await(AbstractQueuedSynchronizer.java:2039)
        at java.util.concurrent.ArrayBlockingQueue.take(ArrayBlockingQueue.java:403)
        at java.util.concurrent.ThreadPoolExecutor.getTask(ThreadPoolExecutor.java:1074)
        at java.util.concurrent.ThreadPoolExecutor.runWorker(ThreadPoolExecutor.java:1134)
        at java.util.concurrent.ThreadPoolExecutor$Worker.run(ThreadPoolExecutor.java:624)
        at java.lang.Thread.run(Thread.java:748)
"pool-46-thread-40"  prio=5 tid=473 in Object.wait()
java.lang.Thread.State: WAITING (on object monitor)
        at sun.misc.Unsafe.park(Native Method)
        at java.util.concurrent.locks.LockSupport.park(LockSupport.java:175)
        at java.util.concurrent.locks.AbstractQueuedSynchronizer$ConditionObject.await(AbstractQueuedSynchronizer.java:2039)
        at java.util.concurrent.ArrayBlockingQueue.take(ArrayBlockingQueue.java:403)
        at java.util.concurrent.ThreadPoolExecutor.getTask(ThreadPoolExecutor.java:1074)
        at java.util.concurrent.ThreadPoolExecutor.runWorker(ThreadPoolExecutor.java:1134)
        at java.util.concurrent.ThreadPoolExecutor$Worker.run(ThreadPoolExecutor.java:624)
        at java.lang.Thread.run(Thread.java:748)
"Thread-1166" daemon prio=5 tid=1752 timed_waiting
java.lang.Thread.State: TIMED_WAITING
        at java.lang.Thread.sleep(Native Method)
        at org.apache.ratis.util.JavaUtils.sleep(JavaUtils.java:247)
        at org.apache.ratis.server.impl.FollowerState.run(FollowerState.java:96)
"IPC Server handler 12 on 40029" daemon prio=5 tid=81 timed_waiting
java.lang.Thread.State: TIMED_WAITING
        at sun.misc.Unsafe.park(Native Method)
        at java.util.concurrent.locks.LockSupport.parkNanos(LockSupport.java:215)
        at java.util.concurrent.locks.AbstractQueuedSynchronizer$ConditionObject.awaitNanos(AbstractQueuedSynchronizer.java:2078)
        at java.util.concurrent.LinkedBlockingQueue.poll(LinkedBlockingQueue.java:467)
        at org.apache.hadoop.ipc.CallQueueManager.take(CallQueueManager.java:288)
        at org.apache.hadoop.ipc.Server$Handler.run(Server.java:2668)
"a7d59ef6-3eca-4628-b097-12d983444e7f@group-47DBAAEC82C8-SegmentedRaftLogWorker"  prio=5 tid=761 timed_waiting
java.lang.Thread.State: TIMED_WAITING
        at sun.misc.Unsafe.park(Native Method)
        at java.util.concurrent.locks.LockSupport.parkNanos(LockSupport.java:215)
        at java.util.concurrent.locks.AbstractQueuedSynchronizer$ConditionObject.awaitNanos(AbstractQueuedSynchronizer.java:2078)
        at org.apache.ratis.util.DataBlockingQueue.poll(DataBlockingQueue.java:137)
        at org.apache.ratis.server.raftlog.segmented.SegmentedRaftLogWorker.run(SegmentedRaftLogWorker.java:283)
        at java.lang.Thread.run(Thread.java:748)
"IPC Server handler 17 on 44461" daemon prio=5 tid=132 timed_waiting
java.lang.Thread.State: TIMED_WAITING
        at sun.misc.Unsafe.park(Native Method)
        at java.util.concurrent.locks.LockSupport.parkNanos(LockSupport.java:215)
        at java.util.concurrent.locks.AbstractQueuedSynchronizer$ConditionObject.awaitNanos(AbstractQueuedSynchronizer.java:2078)
        at java.util.concurrent.LinkedBlockingQueue.poll(LinkedBlockingQueue.java:467)
        at org.apache.hadoop.ipc.CallQueueManager.take(CallQueueManager.java:288)
        at org.apache.hadoop.ipc.Server$Handler.run(Server.java:2668)
"Thread-1162" daemon prio=5 tid=1748 timed_waiting
java.lang.Thread.State: TIMED_WAITING
        at java.lang.Thread.sleep(Native Method)
        at org.apache.ratis.util.JavaUtils.sleep(JavaUtils.java:247)
        at org.apache.ratis.server.impl.FollowerState.run(FollowerState.java:96)
"pool-46-thread-2"  prio=5 tid=435 in Object.wait()
java.lang.Thread.State: WAITING (on object monitor)
        at sun.misc.Unsafe.park(Native Method)
        at java.util.concurrent.locks.LockSupport.park(LockSupport.java:175)
        at java.util.concurrent.locks.AbstractQueuedSynchronizer$ConditionObject.await(AbstractQueuedSynchronizer.java:2039)
        at java.util.concurrent.ArrayBlockingQueue.take(ArrayBlockingQueue.java:403)
        at java.util.concurrent.ThreadPoolExecutor.getTask(ThreadPoolExecutor.java:1074)
        at java.util.concurrent.ThreadPoolExecutor.runWorker(ThreadPoolExecutor.java:1134)
        at java.util.concurrent.ThreadPoolExecutor$Worker.run(ThreadPoolExecutor.java:624)
        at java.lang.Thread.run(Thread.java:748)
"pool-46-thread-33"  prio=5 tid=466 in Object.wait()
java.lang.Thread.State: WAITING (on object monitor)
        at sun.misc.Unsafe.park(Native Method)
        at java.util.concurrent.locks.LockSupport.park(LockSupport.java:175)
        at java.util.concurrent.locks.AbstractQueuedSynchronizer$ConditionObject.await(AbstractQueuedSynchronizer.java:2039)
        at java.util.concurrent.ArrayBlockingQueue.take(ArrayBlockingQueue.java:403)
        at java.util.concurrent.ThreadPoolExecutor.getTask(ThreadPoolExecutor.java:1074)
        at java.util.concurrent.ThreadPoolExecutor.runWorker(ThreadPoolExecutor.java:1134)
        at java.util.concurrent.ThreadPoolExecutor$Worker.run(ThreadPoolExecutor.java:624)
        at java.lang.Thread.run(Thread.java:748)
"qtp83534488-213" daemon prio=5 tid=213 runnable
java.lang.Thread.State: RUNNABLE
        at sun.nio.ch.EPollArrayWrapper.epollWait(Native Method)
        at sun.nio.ch.EPollArrayWrapper.poll(EPollArrayWrapper.java:269)
        at sun.nio.ch.EPollSelectorImpl.doSelect(EPollSelectorImpl.java:93)
        at sun.nio.ch.SelectorImpl.lockAndDoSelect(SelectorImpl.java:86)
        at sun.nio.ch.SelectorImpl.select(SelectorImpl.java:97)
        at sun.nio.ch.SelectorImpl.select(SelectorImpl.java:101)
        at org.eclipse.jetty.io.ManagedSelector$SelectorProducer.select(ManagedSelector.java:243)
        at org.eclipse.jetty.io.ManagedSelector$SelectorProducer.produce(ManagedSelector.java:191)
        at org.eclipse.jetty.util.thread.strategy.ExecuteProduceConsume.executeProduceConsume(ExecuteProduceConsume.java:249)
        at org.eclipse.jetty.util.thread.strategy.ExecuteProduceConsume.produceConsume(ExecuteProduceConsume.java:148)
        at org.eclipse.jetty.util.thread.strategy.ExecuteProduceConsume.execute(ExecuteProduceConsume.java:100)
        at org.eclipse.jetty.io.ManagedSelector.run(ManagedSelector.java:147)
        at org.eclipse.jetty.util.thread.QueuedThreadPool.runJob(QueuedThreadPool.java:671)
        at org.eclipse.jetty.util.thread.QueuedThreadPool$2.run(QueuedThreadPool.java:589)
        at java.lang.Thread.run(Thread.java:748)
"EventQueue-ProcessedPipelineReportForHealthyPipelineSafeModeRule" daemon prio=5 tid=693 in Object.wait()
java.lang.Thread.State: WAITING (on object monitor)
        at sun.misc.Unsafe.park(Native Method)
        at java.util.concurrent.locks.LockSupport.park(LockSupport.java:175)
        at java.util.concurrent.locks.AbstractQueuedSynchronizer$ConditionObject.await(AbstractQueuedSynchronizer.java:2039)
        at java.util.concurrent.LinkedBlockingQueue.take(LinkedBlockingQueue.java:442)
        at java.util.concurrent.ThreadPoolExecutor.getTask(ThreadPoolExecutor.java:1074)
        at java.util.concurrent.ThreadPoolExecutor.runWorker(ThreadPoolExecutor.java:1134)
        at java.util.concurrent.ThreadPoolExecutor$Worker.run(ThreadPoolExecutor.java:624)
        at java.lang.Thread.run(Thread.java:748)
"qtp1947666055-301" daemon prio=5 tid=301 timed_waiting
java.lang.Thread.State: TIMED_WAITING
        at sun.misc.Unsafe.park(Native Method)
        at java.util.concurrent.locks.LockSupport.parkNanos(LockSupport.java:215)
        at java.util.concurrent.locks.AbstractQueuedSynchronizer$ConditionObject.awaitNanos(AbstractQueuedSynchronizer.java:2078)
        at org.eclipse.jetty.util.BlockingArrayQueue.poll(BlockingArrayQueue.java:392)
        at org.eclipse.jetty.util.thread.QueuedThreadPool.idleJobPoll(QueuedThreadPool.java:563)
        at org.eclipse.jetty.util.thread.QueuedThreadPool.access$800(QueuedThreadPool.java:48)
        at org.eclipse.jetty.util.thread.QueuedThreadPool$2.run(QueuedThreadPool.java:626)
        at java.lang.Thread.run(Thread.java:748)
"grpc-default-executor-11" daemon prio=5 tid=976 timed_waiting
java.lang.Thread.State: TIMED_WAITING
        at sun.misc.Unsafe.park(Native Method)
        at java.util.concurrent.locks.LockSupport.parkNanos(LockSupport.java:215)
        at java.util.concurrent.SynchronousQueue$TransferStack.awaitFulfill(SynchronousQueue.java:460)
        at java.util.concurrent.SynchronousQueue$TransferStack.transfer(SynchronousQueue.java:362)
        at java.util.concurrent.SynchronousQueue.poll(SynchronousQueue.java:941)
        at java.util.concurrent.ThreadPoolExecutor.getTask(ThreadPoolExecutor.java:1073)
        at java.util.concurrent.ThreadPoolExecutor.runWorker(ThreadPoolExecutor.java:1134)
        at java.util.concurrent.ThreadPoolExecutor$Worker.run(ThreadPoolExecutor.java:624)
        at java.lang.Thread.run(Thread.java:748)
"process reaper" daemon prio=10 tid=10 timed_waiting
java.lang.Thread.State: TIMED_WAITING
        at sun.misc.Unsafe.park(Native Method)
        at java.util.concurrent.locks.LockSupport.parkNanos(LockSupport.java:215)
        at java.util.concurrent.SynchronousQueue$TransferStack.awaitFulfill(SynchronousQueue.java:460)
        at java.util.concurrent.SynchronousQueue$TransferStack.transfer(SynchronousQueue.java:362)
        at java.util.concurrent.SynchronousQueue.poll(SynchronousQueue.java:941)
        at java.util.concurrent.ThreadPoolExecutor.getTask(ThreadPoolExecutor.java:1073)
        at java.util.concurrent.ThreadPoolExecutor.runWorker(ThreadPoolExecutor.java:1134)
        at java.util.concurrent.ThreadPoolExecutor$Worker.run(ThreadPoolExecutor.java:624)
        at java.lang.Thread.run(Thread.java:748)
"IPC Server idle connection scanner for port 40029" daemon prio=5 tid=16 timed_waiting
java.lang.Thread.State: TIMED_WAITING
        at java.lang.Object.wait(Native Method)
        at java.util.TimerThread.mainLoop(Timer.java:552)
        at java.util.TimerThread.run(Timer.java:505)
"qtp1235908203-141" daemon prio=5 tid=141 timed_waiting
java.lang.Thread.State: TIMED_WAITING
        at sun.misc.Unsafe.park(Native Method)
        at java.util.concurrent.locks.LockSupport.parkNanos(LockSupport.java:215)
        at java.util.concurrent.locks.AbstractQueuedSynchronizer$ConditionObject.awaitNanos(AbstractQueuedSynchronizer.java:2078)
        at org.eclipse.jetty.util.BlockingArrayQueue.poll(BlockingArrayQueue.java:392)
        at org.eclipse.jetty.util.thread.QueuedThreadPool.idleJobPoll(QueuedThreadPool.java:563)
        at org.eclipse.jetty.util.thread.QueuedThreadPool.access$800(QueuedThreadPool.java:48)
        at org.eclipse.jetty.util.thread.QueuedThreadPool$2.run(QueuedThreadPool.java:626)
        at java.lang.Thread.run(Thread.java:748)
"IPC Server handler 0 on 45005" daemon prio=5 tid=29 timed_waiting
java.lang.Thread.State: TIMED_WAITING
        at sun.misc.Unsafe.park(Native Method)
        at java.util.concurrent.locks.LockSupport.parkNanos(LockSupport.java:215)
        at java.util.concurrent.locks.AbstractQueuedSynchronizer$ConditionObject.awaitNanos(AbstractQueuedSynchronizer.java:2078)
        at java.util.concurrent.LinkedBlockingQueue.poll(LinkedBlockingQueue.java:467)
        at org.apache.hadoop.ipc.CallQueueManager.take(CallQueueManager.java:288)
        at org.apache.hadoop.ipc.Server$Handler.run(Server.java:2668)
"pool-76-thread-55"  prio=5 tid=679 in Object.wait()
java.lang.Thread.State: WAITING (on object monitor)
        at sun.misc.Unsafe.park(Native Method)
        at java.util.concurrent.locks.LockSupport.park(LockSupport.java:175)
        at java.util.concurrent.locks.AbstractQueuedSynchronizer$ConditionObject.await(AbstractQueuedSynchronizer.java:2039)
        at java.util.concurrent.ArrayBlockingQueue.take(ArrayBlockingQueue.java:403)
        at java.util.concurrent.ThreadPoolExecutor.getTask(ThreadPoolExecutor.java:1074)
        at java.util.concurrent.ThreadPoolExecutor.runWorker(ThreadPoolExecutor.java:1134)
        at java.util.concurrent.ThreadPoolExecutor$Worker.run(ThreadPoolExecutor.java:624)
        at java.lang.Thread.run(Thread.java:748)
"pool-26-thread-29"  prio=5 tid=342 in Object.wait()
java.lang.Thread.State: WAITING (on object monitor)
        at sun.misc.Unsafe.park(Native Method)
        at java.util.concurrent.locks.LockSupport.park(LockSupport.java:175)
        at java.util.concurrent.locks.AbstractQueuedSynchronizer$ConditionObject.await(AbstractQueuedSynchronizer.java:2039)
        at java.util.concurrent.ArrayBlockingQueue.take(ArrayBlockingQueue.java:403)
        at java.util.concurrent.ThreadPoolExecutor.getTask(ThreadPoolExecutor.java:1074)
        at java.util.concurrent.ThreadPoolExecutor.runWorker(ThreadPoolExecutor.java:1134)
        at java.util.concurrent.ThreadPoolExecutor$Worker.run(ThreadPoolExecutor.java:624)
        at java.lang.Thread.run(Thread.java:748)
"qtp219192399-160-acceptor-0@3a817764-ServerConnector@68a4dcc6{HTTP/1.1,[http/1.1]}{0.0.0.0:44803}" daemon prio=3 tid=160 runnable
java.lang.Thread.State: RUNNABLE
        at sun.nio.ch.ServerSocketChannelImpl.accept0(Native Method)
        at sun.nio.ch.ServerSocketChannelImpl.accept(ServerSocketChannelImpl.java:422)
        at sun.nio.ch.ServerSocketChannelImpl.accept(ServerSocketChannelImpl.java:250)
        at org.eclipse.jetty.server.ServerConnector.accept(ServerConnector.java:397)
        at org.eclipse.jetty.server.AbstractConnector$Acceptor.run(AbstractConnector.java:601)
        at org.eclipse.jetty.util.thread.QueuedThreadPool.runJob(QueuedThreadPool.java:671)
        at org.eclipse.jetty.util.thread.QueuedThreadPool$2.run(QueuedThreadPool.java:589)
        at java.lang.Thread.run(Thread.java:748)
"IPC Server handler 6 on 37215" daemon prio=5 tid=55 timed_waiting
java.lang.Thread.State: TIMED_WAITING
        at sun.misc.Unsafe.park(Native Method)
        at java.util.concurrent.locks.LockSupport.parkNanos(LockSupport.java:215)
        at java.util.concurrent.locks.AbstractQueuedSynchronizer$ConditionObject.awaitNanos(AbstractQueuedSynchronizer.java:2078)
        at java.util.concurrent.LinkedBlockingQueue.poll(LinkedBlockingQueue.java:467)
        at org.apache.hadoop.ipc.CallQueueManager.take(CallQueueManager.java:288)
        at org.apache.hadoop.ipc.Server$Handler.run(Server.java:2668)
"Datanode State Machine Thread - 0" daemon prio=5 tid=312 timed_waiting
java.lang.Thread.State: TIMED_WAITING
        at sun.misc.Unsafe.park(Native Method)
        at java.util.concurrent.locks.LockSupport.parkNanos(LockSupport.java:215)
        at java.util.concurrent.SynchronousQueue$TransferStack.awaitFulfill(SynchronousQueue.java:460)
        at java.util.concurrent.SynchronousQueue$TransferStack.transfer(SynchronousQueue.java:362)
        at java.util.concurrent.SynchronousQueue.poll(SynchronousQueue.java:941)
        at java.util.concurrent.ThreadPoolExecutor.getTask(ThreadPoolExecutor.java:1073)
        at java.util.concurrent.ThreadPoolExecutor.runWorker(ThreadPoolExecutor.java:1134)
        at java.util.concurrent.ThreadPoolExecutor$Worker.run(ThreadPoolExecutor.java:624)
        at java.lang.Thread.run(Thread.java:748)
"org.eclipse.jetty.server.session.HashSessionManager@393881f0Timer" daemon prio=5 tid=145 timed_waiting
java.lang.Thread.State: TIMED_WAITING
        at sun.misc.Unsafe.park(Native Method)
        at java.util.concurrent.locks.LockSupport.parkNanos(LockSupport.java:215)
        at java.util.concurrent.locks.AbstractQueuedSynchronizer$ConditionObject.awaitNanos(AbstractQueuedSynchronizer.java:2078)
        at java.util.concurrent.ScheduledThreadPoolExecutor$DelayedWorkQueue.take(ScheduledThreadPoolExecutor.java:1093)
        at java.util.concurrent.ScheduledThreadPoolExecutor$DelayedWorkQueue.take(ScheduledThreadPoolExecutor.java:809)
        at java.util.concurrent.ThreadPoolExecutor.getTask(ThreadPoolExecutor.java:1074)
        at java.util.concurrent.ThreadPoolExecutor.runWorker(ThreadPoolExecutor.java:1134)
        at java.util.concurrent.ThreadPoolExecutor$Worker.run(ThreadPoolExecutor.java:624)
        at java.lang.Thread.run(Thread.java:748)
"Thread-1235" daemon prio=5 tid=1828 timed_waiting
java.lang.Thread.State: TIMED_WAITING
        at java.lang.Thread.sleep(Native Method)
        at org.apache.ratis.util.JavaUtils.sleep(JavaUtils.java:247)
        at org.apache.ratis.server.impl.FollowerState.run(FollowerState.java:96)
"Command processor thread" daemon prio=5 tid=177 timed_waiting
java.lang.Thread.State: TIMED_WAITING
        at java.lang.Thread.sleep(Native Method)
        at org.apache.hadoop.ozone.container.common.statemachine.DatanodeStateMachine.lambda$initCommandHandlerThread$1(DatanodeStateMachine.java:439)
        at org.apache.hadoop.ozone.container.common.statemachine.DatanodeStateMachine$$Lambda$139/2094549442.run(Unknown Source)
        at java.lang.Thread.run(Thread.java:748)
"IPC Server handler 6 on 45005" daemon prio=5 tid=35 timed_waiting
java.lang.Thread.State: TIMED_WAITING
        at sun.misc.Unsafe.park(Native Method)
        at java.util.concurrent.locks.LockSupport.parkNanos(LockSupport.java:215)
        at java.util.concurrent.locks.AbstractQueuedSynchronizer$ConditionObject.awaitNanos(AbstractQueuedSynchronizer.java:2078)
        at java.util.concurrent.LinkedBlockingQueue.poll(LinkedBlockingQueue.java:467)
        at org.apache.hadoop.ipc.CallQueueManager.take(CallQueueManager.java:288)
        at org.apache.hadoop.ipc.Server$Handler.run(Server.java:2668)
"IPC Server handler 11 on 37215" daemon prio=5 tid=60 timed_waiting
java.lang.Thread.State: TIMED_WAITING
        at sun.misc.Unsafe.park(Native Method)
        at java.util.concurrent.locks.LockSupport.parkNanos(LockSupport.java:215)
        at java.util.concurrent.locks.AbstractQueuedSynchronizer$ConditionObject.awaitNanos(AbstractQueuedSynchronizer.java:2078)
        at java.util.concurrent.LinkedBlockingQueue.poll(LinkedBlockingQueue.java:467)
        at org.apache.hadoop.ipc.CallQueueManager.take(CallQueueManager.java:288)
        at org.apache.hadoop.ipc.Server$Handler.run(Server.java:2668)
"d0888866-0bad-4f41-ad37-dccd4a57b958@group-ADB1B60517AF-StateMachineUpdater" daemon prio=5 tid=790 in Object.wait()
java.lang.Thread.State: WAITING (on object monitor)
        at java.lang.Object.wait(Native Method)
        at java.lang.Object.wait(Object.java:502)
        at org.apache.ratis.server.impl.StateMachineUpdater.waitForCommit(StateMachineUpdater.java:183)
        at org.apache.ratis.server.impl.StateMachineUpdater.run(StateMachineUpdater.java:148)
        at java.lang.Thread.run(Thread.java:748)
"pool-76-thread-14"  prio=5 tid=638 in Object.wait()
java.lang.Thread.State: WAITING (on object monitor)
        at sun.misc.Unsafe.park(Native Method)
        at java.util.concurrent.locks.LockSupport.park(LockSupport.java:175)
        at java.util.concurrent.locks.AbstractQueuedSynchronizer$ConditionObject.await(AbstractQueuedSynchronizer.java:2039)
        at java.util.concurrent.ArrayBlockingQueue.take(ArrayBlockingQueue.java:403)
        at java.util.concurrent.ThreadPoolExecutor.getTask(ThreadPoolExecutor.java:1074)
        at java.util.concurrent.ThreadPoolExecutor.runWorker(ThreadPoolExecutor.java:1134)
        at java.util.concurrent.ThreadPoolExecutor$Worker.run(ThreadPoolExecutor.java:624)
        at java.lang.Thread.run(Thread.java:748)
"pool-76-thread-5"  prio=5 tid=629 in Object.wait()
java.lang.Thread.State: WAITING (on object monitor)
        at sun.misc.Unsafe.park(Native Method)
        at java.util.concurrent.locks.LockSupport.park(LockSupport.java:175)
        at java.util.concurrent.locks.AbstractQueuedSynchronizer$ConditionObject.await(AbstractQueuedSynchronizer.java:2039)
        at java.util.concurrent.ArrayBlockingQueue.take(ArrayBlockingQueue.java:403)
        at java.util.concurrent.ThreadPoolExecutor.getTask(ThreadPoolExecutor.java:1074)
        at java.util.concurrent.ThreadPoolExecutor.runWorker(ThreadPoolExecutor.java:1134)
        at java.util.concurrent.ThreadPoolExecutor$Worker.run(ThreadPoolExecutor.java:624)
        at java.lang.Thread.run(Thread.java:748)
"grpc-default-executor-8" daemon prio=5 tid=974 timed_waiting
java.lang.Thread.State: TIMED_WAITING
        at sun.misc.Unsafe.park(Native Method)
        at java.util.concurrent.locks.LockSupport.parkNanos(LockSupport.java:215)
        at java.util.concurrent.SynchronousQueue$TransferStack.awaitFulfill(SynchronousQueue.java:460)
        at java.util.concurrent.SynchronousQueue$TransferStack.transfer(SynchronousQueue.java:362)
        at java.util.concurrent.SynchronousQueue.poll(SynchronousQueue.java:941)
        at java.util.concurrent.ThreadPoolExecutor.getTask(ThreadPoolExecutor.java:1073)
        at java.util.concurrent.ThreadPoolExecutor.runWorker(ThreadPoolExecutor.java:1134)
        at java.util.concurrent.ThreadPoolExecutor$Worker.run(ThreadPoolExecutor.java:624)
        at java.lang.Thread.run(Thread.java:748)
"qtp219192399-159" daemon prio=5 tid=159 runnable
java.lang.Thread.State: RUNNABLE
        at sun.nio.ch.EPollArrayWrapper.epollWait(Native Method)
        at sun.nio.ch.EPollArrayWrapper.poll(EPollArrayWrapper.java:269)
        at sun.nio.ch.EPollSelectorImpl.doSelect(EPollSelectorImpl.java:93)
        at sun.nio.ch.SelectorImpl.lockAndDoSelect(SelectorImpl.java:86)
        at sun.nio.ch.SelectorImpl.select(SelectorImpl.java:97)
        at sun.nio.ch.SelectorImpl.select(SelectorImpl.java:101)
        at org.eclipse.jetty.io.ManagedSelector$SelectorProducer.select(ManagedSelector.java:243)
        at org.eclipse.jetty.io.ManagedSelector$SelectorProducer.produce(ManagedSelector.java:191)
        at org.eclipse.jetty.util.thread.strategy.ExecuteProduceConsume.executeProduceConsume(ExecuteProduceConsume.java:249)
        at org.eclipse.jetty.util.thread.strategy.ExecuteProduceConsume.produceConsume(ExecuteProduceConsume.java:148)
        at org.eclipse.jetty.util.thread.strategy.ExecuteProduceConsume.execute(ExecuteProduceConsume.java:100)
        at org.eclipse.jetty.io.ManagedSelector.run(ManagedSelector.java:147)
        at org.eclipse.jetty.util.thread.QueuedThreadPool.runJob(QueuedThreadPool.java:671)
        at org.eclipse.jetty.util.thread.QueuedThreadPool$2.run(QueuedThreadPool.java:589)
        at java.lang.Thread.run(Thread.java:748)
"8c24ed06-386e-4085-8931-93c762a64530@group-CDCB2C8C105A-SegmentedRaftLogWorker"  prio=5 tid=725 timed_waiting
java.lang.Thread.State: TIMED_WAITING
        at sun.misc.Unsafe.park(Native Method)
        at java.util.concurrent.locks.LockSupport.parkNanos(LockSupport.java:215)
        at java.util.concurrent.locks.AbstractQueuedSynchronizer$ConditionObject.awaitNanos(AbstractQueuedSynchronizer.java:2078)
        at org.apache.ratis.util.DataBlockingQueue.poll(DataBlockingQueue.java:137)
        at org.apache.ratis.server.raftlog.segmented.SegmentedRaftLogWorker.run(SegmentedRaftLogWorker.java:283)
        at java.lang.Thread.run(Thread.java:748)
"pool-76-thread-42"  prio=5 tid=666 in Object.wait()
java.lang.Thread.State: WAITING (on object monitor)
        at sun.misc.Unsafe.park(Native Method)
        at java.util.concurrent.locks.LockSupport.park(LockSupport.java:175)
        at java.util.concurrent.locks.AbstractQueuedSynchronizer$ConditionObject.await(AbstractQueuedSynchronizer.java:2039)
        at java.util.concurrent.ArrayBlockingQueue.take(ArrayBlockingQueue.java:403)
        at java.util.concurrent.ThreadPoolExecutor.getTask(ThreadPoolExecutor.java:1074)
        at java.util.concurrent.ThreadPoolExecutor.runWorker(ThreadPoolExecutor.java:1134)
        at java.util.concurrent.ThreadPoolExecutor$Worker.run(ThreadPoolExecutor.java:624)
        at java.lang.Thread.run(Thread.java:748)
"pool-66-thread-21"  prio=5 tid=583 in Object.wait()
java.lang.Thread.State: WAITING (on object monitor)
        at sun.misc.Unsafe.park(Native Method)
        at java.util.concurrent.locks.LockSupport.park(LockSupport.java:175)
        at java.util.concurrent.locks.AbstractQueuedSynchronizer$ConditionObject.await(AbstractQueuedSynchronizer.java:2039)
        at java.util.concurrent.ArrayBlockingQueue.take(ArrayBlockingQueue.java:403)
        at java.util.concurrent.ThreadPoolExecutor.getTask(ThreadPoolExecutor.java:1074)
        at java.util.concurrent.ThreadPoolExecutor.runWorker(ThreadPoolExecutor.java:1134)
        at java.util.concurrent.ThreadPoolExecutor$Worker.run(ThreadPoolExecutor.java:624)
        at java.lang.Thread.run(Thread.java:748)
"pool-26-thread-7"  prio=5 tid=320 in Object.wait()
java.lang.Thread.State: WAITING (on object monitor)
        at sun.misc.Unsafe.park(Native Method)
        at java.util.concurrent.locks.LockSupport.park(LockSupport.java:175)
        at java.util.concurrent.locks.AbstractQueuedSynchronizer$ConditionObject.await(AbstractQueuedSynchronizer.java:2039)
        at java.util.concurrent.ArrayBlockingQueue.take(ArrayBlockingQueue.java:403)
        at java.util.concurrent.ThreadPoolExecutor.getTask(ThreadPoolExecutor.java:1074)
        at java.util.concurrent.ThreadPoolExecutor.runWorker(ThreadPoolExecutor.java:1134)
        at java.util.concurrent.ThreadPoolExecutor$Worker.run(ThreadPoolExecutor.java:624)
        at java.lang.Thread.run(Thread.java:748)
"8c24ed06-386e-4085-8931-93c762a64530@group-B9DEF2EDD277-StateMachineUpdater" daemon prio=5 tid=816 in Object.wait()
java.lang.Thread.State: WAITING (on object monitor)
        at java.lang.Object.wait(Native Method)
        at java.lang.Object.wait(Object.java:502)
        at org.apache.ratis.server.impl.StateMachineUpdater.waitForCommit(StateMachineUpdater.java:183)
        at org.apache.ratis.server.impl.StateMachineUpdater.run(StateMachineUpdater.java:148)
        at java.lang.Thread.run(Thread.java:748)
"metrics-hadoop-metrics2-reporter-52-thread-1" daemon prio=5 tid=1803 timed_waiting
java.lang.Thread.State: TIMED_WAITING
        at sun.misc.Unsafe.park(Native Method)
        at java.util.concurrent.locks.LockSupport.parkNanos(LockSupport.java:215)
        at java.util.concurrent.locks.AbstractQueuedSynchronizer$ConditionObject.awaitNanos(AbstractQueuedSynchronizer.java:2078)
        at java.util.concurrent.ScheduledThreadPoolExecutor$DelayedWorkQueue.take(ScheduledThreadPoolExecutor.java:1093)
        at java.util.concurrent.ScheduledThreadPoolExecutor$DelayedWorkQueue.take(ScheduledThreadPoolExecutor.java:809)
        at java.util.concurrent.ThreadPoolExecutor.getTask(ThreadPoolExecutor.java:1074)
        at java.util.concurrent.ThreadPoolExecutor.runWorker(ThreadPoolExecutor.java:1134)
        at java.util.concurrent.ThreadPoolExecutor$Worker.run(ThreadPoolExecutor.java:624)
        at java.lang.Thread.run(Thread.java:748)
"d0888866-0bad-4f41-ad37-dccd4a57b958@group-F2E0294EDFC2-StateMachineUpdater" daemon prio=5 tid=850 in Object.wait()
java.lang.Thread.State: WAITING (on object monitor)
        at java.lang.Object.wait(Native Method)
        at java.lang.Object.wait(Object.java:502)
        at org.apache.ratis.server.impl.StateMachineUpdater.waitForCommit(StateMachineUpdater.java:183)
        at org.apache.ratis.server.impl.StateMachineUpdater.run(StateMachineUpdater.java:148)
        at java.lang.Thread.run(Thread.java:748)
"grpc-default-executor-5" daemon prio=5 tid=970 timed_waiting
java.lang.Thread.State: TIMED_WAITING
        at sun.misc.Unsafe.park(Native Method)
        at java.util.concurrent.locks.LockSupport.parkNanos(LockSupport.java:215)
        at java.util.concurrent.SynchronousQueue$TransferStack.awaitFulfill(SynchronousQueue.java:460)
        at java.util.concurrent.SynchronousQueue$TransferStack.transfer(SynchronousQueue.java:362)
        at java.util.concurrent.SynchronousQueue.poll(SynchronousQueue.java:941)
        at java.util.concurrent.ThreadPoolExecutor.getTask(ThreadPoolExecutor.java:1073)
        at java.util.concurrent.ThreadPoolExecutor.runWorker(ThreadPoolExecutor.java:1134)
        at java.util.concurrent.ThreadPoolExecutor$Worker.run(ThreadPoolExecutor.java:624)
        at java.lang.Thread.run(Thread.java:748)
"pool-56-thread-11"  prio=5 tid=505 in Object.wait()
java.lang.Thread.State: WAITING (on object monitor)
        at sun.misc.Unsafe.park(Native Method)
        at java.util.concurrent.locks.LockSupport.park(LockSupport.java:175)
        at java.util.concurrent.locks.AbstractQueuedSynchronizer$ConditionObject.await(AbstractQueuedSynchronizer.java:2039)
        at java.util.concurrent.ArrayBlockingQueue.take(ArrayBlockingQueue.java:403)
        at java.util.concurrent.ThreadPoolExecutor.getTask(ThreadPoolExecutor.java:1074)
        at java.util.concurrent.ThreadPoolExecutor.runWorker(ThreadPoolExecutor.java:1134)
        at java.util.concurrent.ThreadPoolExecutor$Worker.run(ThreadPoolExecutor.java:624)
        at java.lang.Thread.run(Thread.java:748)
"pool-36-thread-22"  prio=5 tid=395 in Object.wait()
java.lang.Thread.State: WAITING (on object monitor)
        at sun.misc.Unsafe.park(Native Method)
        at java.util.concurrent.locks.LockSupport.park(LockSupport.java:175)
        at java.util.concurrent.locks.AbstractQueuedSynchronizer$ConditionObject.await(AbstractQueuedSynchronizer.java:2039)
        at java.util.concurrent.ArrayBlockingQueue.take(ArrayBlockingQueue.java:403)
        at java.util.concurrent.ThreadPoolExecutor.getTask(ThreadPoolExecutor.java:1074)
        at java.util.concurrent.ThreadPoolExecutor.runWorker(ThreadPoolExecutor.java:1134)
        at java.util.concurrent.ThreadPoolExecutor$Worker.run(ThreadPoolExecutor.java:624)
        at java.lang.Thread.run(Thread.java:748)
"pool-36-thread-3"  prio=5 tid=376 in Object.wait()
java.lang.Thread.State: WAITING (on object monitor)
        at sun.misc.Unsafe.park(Native Method)
        at java.util.concurrent.locks.LockSupport.park(LockSupport.java:175)
        at java.util.concurrent.locks.AbstractQueuedSynchronizer$ConditionObject.await(AbstractQueuedSynchronizer.java:2039)
        at java.util.concurrent.ArrayBlockingQueue.take(ArrayBlockingQueue.java:403)
        at java.util.concurrent.ThreadPoolExecutor.getTask(ThreadPoolExecutor.java:1074)
        at java.util.concurrent.ThreadPoolExecutor.runWorker(ThreadPoolExecutor.java:1134)
        at java.util.concurrent.ThreadPoolExecutor$Worker.run(ThreadPoolExecutor.java:624)
        at java.lang.Thread.run(Thread.java:748)
"org.eclipse.jetty.server.session.HashSessionManager@2630dbc4Timer" daemon prio=5 tid=275 timed_waiting
java.lang.Thread.State: TIMED_WAITING
        at sun.misc.Unsafe.park(Native Method)
        at java.util.concurrent.locks.LockSupport.parkNanos(LockSupport.java:215)
        at java.util.concurrent.locks.AbstractQueuedSynchronizer$ConditionObject.awaitNanos(AbstractQueuedSynchronizer.java:2078)
        at java.util.concurrent.ScheduledThreadPoolExecutor$DelayedWorkQueue.take(ScheduledThreadPoolExecutor.java:1093)
        at java.util.concurrent.ScheduledThreadPoolExecutor$DelayedWorkQueue.take(ScheduledThreadPoolExecutor.java:809)
        at java.util.concurrent.ThreadPoolExecutor.getTask(ThreadPoolExecutor.java:1074)
        at java.util.concurrent.ThreadPoolExecutor.runWorker(ThreadPoolExecutor.java:1134)
        at java.util.concurrent.ThreadPoolExecutor$Worker.run(ThreadPoolExecutor.java:624)
        at java.lang.Thread.run(Thread.java:748)
"IPC Server handler 1 on 40029" daemon prio=5 tid=70 timed_waiting
java.lang.Thread.State: TIMED_WAITING
        at sun.misc.Unsafe.park(Native Method)
        at java.util.concurrent.locks.LockSupport.parkNanos(LockSupport.java:215)
        at java.util.concurrent.locks.AbstractQueuedSynchronizer$ConditionObject.awaitNanos(AbstractQueuedSynchronizer.java:2078)
        at java.util.concurrent.LinkedBlockingQueue.poll(LinkedBlockingQueue.java:467)
        at org.apache.hadoop.ipc.CallQueueManager.take(CallQueueManager.java:288)
        at org.apache.hadoop.ipc.Server$Handler.run(Server.java:2668)
"d0888866-0bad-4f41-ad37-dccd4a57b958@group-DBE87B3B08CE-StateMachineUpdater" daemon prio=5 tid=801 in Object.wait()
java.lang.Thread.State: WAITING (on object monitor)
        at java.lang.Object.wait(Native Method)
        at java.lang.Object.wait(Object.java:502)
        at org.apache.ratis.server.impl.StateMachineUpdater.waitForCommit(StateMachineUpdater.java:183)
        at org.apache.ratis.server.impl.StateMachineUpdater.run(StateMachineUpdater.java:148)
        at java.lang.Thread.run(Thread.java:748)
"pool-66-thread-22"  prio=5 tid=584 in Object.wait()
java.lang.Thread.State: WAITING (on object monitor)
        at sun.misc.Unsafe.park(Native Method)
        at java.util.concurrent.locks.LockSupport.park(LockSupport.java:175)
        at java.util.concurrent.locks.AbstractQueuedSynchronizer$ConditionObject.await(AbstractQueuedSynchronizer.java:2039)
        at java.util.concurrent.ArrayBlockingQueue.take(ArrayBlockingQueue.java:403)
        at java.util.concurrent.ThreadPoolExecutor.getTask(ThreadPoolExecutor.java:1074)
        at java.util.concurrent.ThreadPoolExecutor.runWorker(ThreadPoolExecutor.java:1134)
        at java.util.concurrent.ThreadPoolExecutor$Worker.run(ThreadPoolExecutor.java:624)
        at java.lang.Thread.run(Thread.java:748)
"pool-36-thread-5"  prio=5 tid=378 in Object.wait()
java.lang.Thread.State: WAITING (on object monitor)
        at sun.misc.Unsafe.park(Native Method)
        at java.util.concurrent.locks.LockSupport.park(LockSupport.java:175)
        at java.util.concurrent.locks.AbstractQueuedSynchronizer$ConditionObject.await(AbstractQueuedSynchronizer.java:2039)
        at java.util.concurrent.ArrayBlockingQueue.take(ArrayBlockingQueue.java:403)
        at java.util.concurrent.ThreadPoolExecutor.getTask(ThreadPoolExecutor.java:1074)
        at java.util.concurrent.ThreadPoolExecutor.runWorker(ThreadPoolExecutor.java:1134)
        at java.util.concurrent.ThreadPoolExecutor$Worker.run(ThreadPoolExecutor.java:624)
        at java.lang.Thread.run(Thread.java:748)
"pool-36-thread-14"  prio=5 tid=387 in Object.wait()
java.lang.Thread.State: WAITING (on object monitor)
        at sun.misc.Unsafe.park(Native Method)
        at java.util.concurrent.locks.LockSupport.park(LockSupport.java:175)
        at java.util.concurrent.locks.AbstractQueuedSynchronizer$ConditionObject.await(AbstractQueuedSynchronizer.java:2039)
        at java.util.concurrent.ArrayBlockingQueue.take(ArrayBlockingQueue.java:403)
        at java.util.concurrent.ThreadPoolExecutor.getTask(ThreadPoolExecutor.java:1074)
        at java.util.concurrent.ThreadPoolExecutor.runWorker(ThreadPoolExecutor.java:1134)
        at java.util.concurrent.ThreadPoolExecutor$Worker.run(ThreadPoolExecutor.java:624)
        at java.lang.Thread.run(Thread.java:748)
"IPC Server idle connection scanner for port 44461" daemon prio=5 tid=111 timed_waiting
java.lang.Thread.State: TIMED_WAITING
        at java.lang.Object.wait(Native Method)
        at java.util.TimerThread.mainLoop(Timer.java:552)
        at java.util.TimerThread.run(Timer.java:505)
"java.util.concurrent.ThreadPoolExecutor$Worker@9a8bef8[State = -1, empty queue]" daemon prio=5 tid=1851 timed_waiting
java.lang.Thread.State: TIMED_WAITING
        at sun.misc.Unsafe.park(Native Method)
        at java.util.concurrent.locks.LockSupport.parkNanos(LockSupport.java:215)
        at java.util.concurrent.locks.AbstractQueuedSynchronizer$ConditionObject.awaitNanos(AbstractQueuedSynchronizer.java:2078)
        at java.util.concurrent.ScheduledThreadPoolExecutor$DelayedWorkQueue.take(ScheduledThreadPoolExecutor.java:1093)
        at java.util.concurrent.ScheduledThreadPoolExecutor$DelayedWorkQueue.take(ScheduledThreadPoolExecutor.java:809)
        at java.util.concurrent.ThreadPoolExecutor.getTask(ThreadPoolExecutor.java:1074)
        at java.util.concurrent.ThreadPoolExecutor.runWorker(ThreadPoolExecutor.java:1134)
        at java.util.concurrent.ThreadPoolExecutor$Worker.run(ThreadPoolExecutor.java:624)
        at java.lang.Thread.run(Thread.java:748)
"pool-46-thread-1"  prio=5 tid=434 in Object.wait()
java.lang.Thread.State: WAITING (on object monitor)
        at sun.misc.Unsafe.park(Native Method)
        at java.util.concurrent.locks.LockSupport.park(LockSupport.java:175)
        at java.util.concurrent.locks.AbstractQueuedSynchronizer$ConditionObject.await(AbstractQueuedSynchronizer.java:2039)
        at java.util.concurrent.ArrayBlockingQueue.take(ArrayBlockingQueue.java:403)
        at java.util.concurrent.ThreadPoolExecutor.getTask(ThreadPoolExecutor.java:1074)
        at java.util.concurrent.ThreadPoolExecutor.runWorker(ThreadPoolExecutor.java:1134)
        at java.util.concurrent.ThreadPoolExecutor$Worker.run(ThreadPoolExecutor.java:624)
        at java.lang.Thread.run(Thread.java:748)
"pool-46-thread-43"  prio=5 tid=476 in Object.wait()
java.lang.Thread.State: WAITING (on object monitor)
        at sun.misc.Unsafe.park(Native Method)
        at java.util.concurrent.locks.LockSupport.park(LockSupport.java:175)
        at java.util.concurrent.locks.AbstractQueuedSynchronizer$ConditionObject.await(AbstractQueuedSynchronizer.java:2039)
        at java.util.concurrent.ArrayBlockingQueue.take(ArrayBlockingQueue.java:403)
        at java.util.concurrent.ThreadPoolExecutor.getTask(ThreadPoolExecutor.java:1074)
        at java.util.concurrent.ThreadPoolExecutor.runWorker(ThreadPoolExecutor.java:1134)
        at java.util.concurrent.ThreadPoolExecutor$Worker.run(ThreadPoolExecutor.java:624)
        at java.lang.Thread.run(Thread.java:748)
"d0888866-0bad-4f41-ad37-dccd4a57b958@group-282EF1BFFEE0-StateMachineUpdater" daemon prio=5 tid=776 in Object.wait()
java.lang.Thread.State: WAITING (on object monitor)
        at java.lang.Object.wait(Native Method)
        at java.lang.Object.wait(Object.java:502)
        at org.apache.ratis.server.impl.StateMachineUpdater.waitForCommit(StateMachineUpdater.java:183)
        at org.apache.ratis.server.impl.StateMachineUpdater.run(StateMachineUpdater.java:148)
        at java.lang.Thread.run(Thread.java:748)
"metrics-hadoop-metrics2-reporter-47-thread-1" daemon prio=5 tid=1042 timed_waiting
java.lang.Thread.State: TIMED_WAITING
        at sun.misc.Unsafe.park(Native Method)
        at java.util.concurrent.locks.LockSupport.parkNanos(LockSupport.java:215)
        at java.util.concurrent.locks.AbstractQueuedSynchronizer$ConditionObject.awaitNanos(AbstractQueuedSynchronizer.java:2078)
        at java.util.concurrent.ScheduledThreadPoolExecutor$DelayedWorkQueue.take(ScheduledThreadPoolExecutor.java:1093)
        at java.util.concurrent.ScheduledThreadPoolExecutor$DelayedWorkQueue.take(ScheduledThreadPoolExecutor.java:809)
        at java.util.concurrent.ThreadPoolExecutor.getTask(ThreadPoolExecutor.java:1074)
        at java.util.concurrent.ThreadPoolExecutor.runWorker(ThreadPoolExecutor.java:1134)
        at java.util.concurrent.ThreadPoolExecutor$Worker.run(ThreadPoolExecutor.java:624)
        at java.lang.Thread.run(Thread.java:748)
"pool-46-thread-4"  prio=5 tid=437 in Object.wait()
java.lang.Thread.State: WAITING (on object monitor)
        at sun.misc.Unsafe.park(Native Method)
        at java.util.concurrent.locks.LockSupport.park(LockSupport.java:175)
        at java.util.concurrent.locks.AbstractQueuedSynchronizer$ConditionObject.await(AbstractQueuedSynchronizer.java:2039)
        at java.util.concurrent.ArrayBlockingQueue.take(ArrayBlockingQueue.java:403)
        at java.util.concurrent.ThreadPoolExecutor.getTask(ThreadPoolExecutor.java:1074)
        at java.util.concurrent.ThreadPoolExecutor.runWorker(ThreadPoolExecutor.java:1134)
        at java.util.concurrent.ThreadPoolExecutor$Worker.run(ThreadPoolExecutor.java:624)
        at java.lang.Thread.run(Thread.java:748)
"pool-36-thread-18"  prio=5 tid=391 in Object.wait()
java.lang.Thread.State: WAITING (on object monitor)
        at sun.misc.Unsafe.park(Native Method)
        at java.util.concurrent.locks.LockSupport.park(LockSupport.java:175)
        at java.util.concurrent.locks.AbstractQueuedSynchronizer$ConditionObject.await(AbstractQueuedSynchronizer.java:2039)
        at java.util.concurrent.ArrayBlockingQueue.take(ArrayBlockingQueue.java:403)
        at java.util.concurrent.ThreadPoolExecutor.getTask(ThreadPoolExecutor.java:1074)
        at java.util.concurrent.ThreadPoolExecutor.runWorker(ThreadPoolExecutor.java:1134)
        at java.util.concurrent.ThreadPoolExecutor$Worker.run(ThreadPoolExecutor.java:624)
        at java.lang.Thread.run(Thread.java:748)
"qtp564272228-90" daemon prio=5 tid=90 timed_waiting
java.lang.Thread.State: TIMED_WAITING
        at sun.misc.Unsafe.park(Native Method)
        at java.util.concurrent.locks.LockSupport.parkNanos(LockSupport.java:215)
        at java.util.concurrent.locks.AbstractQueuedSynchronizer$ConditionObject.awaitNanos(AbstractQueuedSynchronizer.java:2078)
        at org.eclipse.jetty.util.BlockingArrayQueue.poll(BlockingArrayQueue.java:392)
        at org.eclipse.jetty.util.thread.QueuedThreadPool.idleJobPoll(QueuedThreadPool.java:563)
        at org.eclipse.jetty.util.thread.QueuedThreadPool.access$800(QueuedThreadPool.java:48)
        at org.eclipse.jetty.util.thread.QueuedThreadPool$2.run(QueuedThreadPool.java:626)
        at java.lang.Thread.run(Thread.java:748)
"pool-56-thread-18"  prio=5 tid=512 in Object.wait()
java.lang.Thread.State: WAITING (on object monitor)
        at sun.misc.Unsafe.park(Native Method)
        at java.util.concurrent.locks.LockSupport.park(LockSupport.java:175)
        at java.util.concurrent.locks.AbstractQueuedSynchronizer$ConditionObject.await(AbstractQueuedSynchronizer.java:2039)
        at java.util.concurrent.ArrayBlockingQueue.take(ArrayBlockingQueue.java:403)
        at java.util.concurrent.ThreadPoolExecutor.getTask(ThreadPoolExecutor.java:1074)
        at java.util.concurrent.ThreadPoolExecutor.runWorker(ThreadPoolExecutor.java:1134)
        at java.util.concurrent.ThreadPoolExecutor$Worker.run(ThreadPoolExecutor.java:624)
        at java.lang.Thread.run(Thread.java:748)
"pool-56-thread-6"  prio=5 tid=500 in Object.wait()
java.lang.Thread.State: WAITING (on object monitor)
        at sun.misc.Unsafe.park(Native Method)
        at java.util.concurrent.locks.LockSupport.park(LockSupport.java:175)
        at java.util.concurrent.locks.AbstractQueuedSynchronizer$ConditionObject.await(AbstractQueuedSynchronizer.java:2039)
        at java.util.concurrent.ArrayBlockingQueue.take(ArrayBlockingQueue.java:403)
        at java.util.concurrent.ThreadPoolExecutor.getTask(ThreadPoolExecutor.java:1074)
        at java.util.concurrent.ThreadPoolExecutor.runWorker(ThreadPoolExecutor.java:1134)
        at java.util.concurrent.ThreadPoolExecutor$Worker.run(ThreadPoolExecutor.java:624)
        at java.lang.Thread.run(Thread.java:748)
"pool-46-thread-20"  prio=5 tid=453 in Object.wait()
java.lang.Thread.State: WAITING (on object monitor)
        at sun.misc.Unsafe.park(Native Method)
        at java.util.concurrent.locks.LockSupport.park(LockSupport.java:175)
        at java.util.concurrent.locks.AbstractQueuedSynchronizer$ConditionObject.await(AbstractQueuedSynchronizer.java:2039)
        at java.util.concurrent.ArrayBlockingQueue.take(ArrayBlockingQueue.java:403)
        at java.util.concurrent.ThreadPoolExecutor.getTask(ThreadPoolExecutor.java:1074)
        at java.util.concurrent.ThreadPoolExecutor.runWorker(ThreadPoolExecutor.java:1134)
        at java.util.concurrent.ThreadPoolExecutor$Worker.run(ThreadPoolExecutor.java:624)
        at java.lang.Thread.run(Thread.java:748)
"d0888866-0bad-4f41-ad37-dccd4a57b958@group-071025EF7F78-SegmentedRaftLogWorker"  prio=5 tid=877 timed_waiting
java.lang.Thread.State: TIMED_WAITING
        at sun.misc.Unsafe.park(Native Method)
        at java.util.concurrent.locks.LockSupport.parkNanos(LockSupport.java:215)
        at java.util.concurrent.locks.AbstractQueuedSynchronizer$ConditionObject.awaitNanos(AbstractQueuedSynchronizer.java:2078)
        at org.apache.ratis.util.DataBlockingQueue.poll(DataBlockingQueue.java:137)
        at org.apache.ratis.server.raftlog.segmented.SegmentedRaftLogWorker.run(SegmentedRaftLogWorker.java:283)
        at java.lang.Thread.run(Thread.java:748)
"pool-66-thread-40"  prio=5 tid=602 in Object.wait()
java.lang.Thread.State: WAITING (on object monitor)
        at sun.misc.Unsafe.park(Native Method)
        at java.util.concurrent.locks.LockSupport.park(LockSupport.java:175)
        at java.util.concurrent.locks.AbstractQueuedSynchronizer$ConditionObject.await(AbstractQueuedSynchronizer.java:2039)
        at java.util.concurrent.ArrayBlockingQueue.take(ArrayBlockingQueue.java:403)
        at java.util.concurrent.ThreadPoolExecutor.getTask(ThreadPoolExecutor.java:1074)
        at java.util.concurrent.ThreadPoolExecutor.runWorker(ThreadPoolExecutor.java:1134)
        at java.util.concurrent.ThreadPoolExecutor$Worker.run(ThreadPoolExecutor.java:624)
        at java.lang.Thread.run(Thread.java:748)
"qtp564272228-96" daemon prio=5 tid=96 timed_waiting
java.lang.Thread.State: TIMED_WAITING
        at sun.misc.Unsafe.park(Native Method)
        at java.util.concurrent.locks.LockSupport.parkNanos(LockSupport.java:215)
        at java.util.concurrent.locks.AbstractQueuedSynchronizer$ConditionObject.awaitNanos(AbstractQueuedSynchronizer.java:2078)
        at org.eclipse.jetty.util.BlockingArrayQueue.poll(BlockingArrayQueue.java:392)
        at org.eclipse.jetty.util.thread.QueuedThreadPool.idleJobPoll(QueuedThreadPool.java:563)
        at org.eclipse.jetty.util.thread.QueuedThreadPool.access$800(QueuedThreadPool.java:48)
        at org.eclipse.jetty.util.thread.QueuedThreadPool$2.run(QueuedThreadPool.java:626)
        at java.lang.Thread.run(Thread.java:748)
"IPC Server handler 10 on 44461" daemon prio=5 tid=125 timed_waiting
java.lang.Thread.State: TIMED_WAITING
        at sun.misc.Unsafe.park(Native Method)
        at java.util.concurrent.locks.LockSupport.parkNanos(LockSupport.java:215)
        at java.util.concurrent.locks.AbstractQueuedSynchronizer$ConditionObject.awaitNanos(AbstractQueuedSynchronizer.java:2078)
        at java.util.concurrent.LinkedBlockingQueue.poll(LinkedBlockingQueue.java:467)
        at org.apache.hadoop.ipc.CallQueueManager.take(CallQueueManager.java:288)
        at org.apache.hadoop.ipc.Server$Handler.run(Server.java:2668)
"pool-44-thread-1" daemon prio=5 tid=210 timed_waiting
java.lang.Thread.State: TIMED_WAITING
        at sun.misc.Unsafe.park(Native Method)
        at java.util.concurrent.locks.LockSupport.parkNanos(LockSupport.java:215)
        at java.util.concurrent.locks.AbstractQueuedSynchronizer$ConditionObject.awaitNanos(AbstractQueuedSynchronizer.java:2078)
        at java.util.concurrent.ScheduledThreadPoolExecutor$DelayedWorkQueue.take(ScheduledThreadPoolExecutor.java:1093)
        at java.util.concurrent.ScheduledThreadPoolExecutor$DelayedWorkQueue.take(ScheduledThreadPoolExecutor.java:809)
        at java.util.concurrent.ThreadPoolExecutor.getTask(ThreadPoolExecutor.java:1074)
        at java.util.concurrent.ThreadPoolExecutor.runWorker(ThreadPoolExecutor.java:1134)
        at java.util.concurrent.ThreadPoolExecutor$Worker.run(ThreadPoolExecutor.java:624)
        at java.lang.Thread.run(Thread.java:748)
"Socket Reader #1 for port 45005"  prio=5 tid=23 runnable
java.lang.Thread.State: RUNNABLE
        at sun.nio.ch.EPollArrayWrapper.epollWait(Native Method)
        at sun.nio.ch.EPollArrayWrapper.poll(EPollArrayWrapper.java:269)
        at sun.nio.ch.EPollSelectorImpl.doSelect(EPollSelectorImpl.java:93)
        at sun.nio.ch.SelectorImpl.lockAndDoSelect(SelectorImpl.java:86)
        at sun.nio.ch.SelectorImpl.select(SelectorImpl.java:97)
        at sun.nio.ch.SelectorImpl.select(SelectorImpl.java:101)
        at org.apache.hadoop.ipc.Server$Listener$Reader.doRunLoop(Server.java:1097)
        at org.apache.hadoop.ipc.Server$Listener$Reader.run(Server.java:1076)
"pool-26-thread-45"  prio=5 tid=358 in Object.wait()
java.lang.Thread.State: WAITING (on object monitor)
        at sun.misc.Unsafe.park(Native Method)
        at java.util.concurrent.locks.LockSupport.park(LockSupport.java:175)
        at java.util.concurrent.locks.AbstractQueuedSynchronizer$ConditionObject.await(AbstractQueuedSynchronizer.java:2039)
        at java.util.concurrent.ArrayBlockingQueue.take(ArrayBlockingQueue.java:403)
        at java.util.concurrent.ThreadPoolExecutor.getTask(ThreadPoolExecutor.java:1074)
        at java.util.concurrent.ThreadPoolExecutor.runWorker(ThreadPoolExecutor.java:1134)
        at java.util.concurrent.ThreadPoolExecutor$Worker.run(ThreadPoolExecutor.java:624)
        at java.lang.Thread.run(Thread.java:748)
"pool-26-thread-24"  prio=5 tid=337 in Object.wait()
java.lang.Thread.State: WAITING (on object monitor)
        at sun.misc.Unsafe.park(Native Method)
        at java.util.concurrent.locks.LockSupport.park(LockSupport.java:175)
        at java.util.concurrent.locks.AbstractQueuedSynchronizer$ConditionObject.await(AbstractQueuedSynchronizer.java:2039)
        at java.util.concurrent.ArrayBlockingQueue.take(ArrayBlockingQueue.java:403)
        at java.util.concurrent.ThreadPoolExecutor.getTask(ThreadPoolExecutor.java:1074)
        at java.util.concurrent.ThreadPoolExecutor.runWorker(ThreadPoolExecutor.java:1134)
        at java.util.concurrent.ThreadPoolExecutor$Worker.run(ThreadPoolExecutor.java:624)
        at java.lang.Thread.run(Thread.java:748)
"pool-36-thread-30"  prio=5 tid=403 in Object.wait()
java.lang.Thread.State: WAITING (on object monitor)
        at sun.misc.Unsafe.park(Native Method)
        at java.util.concurrent.locks.LockSupport.park(LockSupport.java:175)
        at java.util.concurrent.locks.AbstractQueuedSynchronizer$ConditionObject.await(AbstractQueuedSynchronizer.java:2039)
        at java.util.concurrent.ArrayBlockingQueue.take(ArrayBlockingQueue.java:403)
        at java.util.concurrent.ThreadPoolExecutor.getTask(ThreadPoolExecutor.java:1074)
        at java.util.concurrent.ThreadPoolExecutor.runWorker(ThreadPoolExecutor.java:1134)
        at java.util.concurrent.ThreadPoolExecutor$Worker.run(ThreadPoolExecutor.java:624)
        at java.lang.Thread.run(Thread.java:748)
"org.eclipse.jetty.server.session.HashSessionManager@32057e6Timer" daemon prio=5 tid=97 timed_waiting
java.lang.Thread.State: TIMED_WAITING
        at sun.misc.Unsafe.park(Native Method)
        at java.util.concurrent.locks.LockSupport.parkNanos(LockSupport.java:215)
        at java.util.concurrent.locks.AbstractQueuedSynchronizer$ConditionObject.awaitNanos(AbstractQueuedSynchronizer.java:2078)
        at java.util.concurrent.ScheduledThreadPoolExecutor$DelayedWorkQueue.take(ScheduledThreadPoolExecutor.java:1093)
        at java.util.concurrent.ScheduledThreadPoolExecutor$DelayedWorkQueue.take(ScheduledThreadPoolExecutor.java:809)
        at java.util.concurrent.ThreadPoolExecutor.getTask(ThreadPoolExecutor.java:1074)
        at java.util.concurrent.ThreadPoolExecutor.runWorker(ThreadPoolExecutor.java:1134)
        at java.util.concurrent.ThreadPoolExecutor$Worker.run(ThreadPoolExecutor.java:624)
        at java.lang.Thread.run(Thread.java:748)
"pool-76-thread-26"  prio=5 tid=650 in Object.wait()
java.lang.Thread.State: WAITING (on object monitor)
        at sun.misc.Unsafe.park(Native Method)
        at java.util.concurrent.locks.LockSupport.park(LockSupport.java:175)
        at java.util.concurrent.locks.AbstractQueuedSynchronizer$ConditionObject.await(AbstractQueuedSynchronizer.java:2039)
        at java.util.concurrent.ArrayBlockingQueue.take(ArrayBlockingQueue.java:403)
        at java.util.concurrent.ThreadPoolExecutor.getTask(ThreadPoolExecutor.java:1074)
        at java.util.concurrent.ThreadPoolExecutor.runWorker(ThreadPoolExecutor.java:1134)
        at java.util.concurrent.ThreadPoolExecutor$Worker.run(ThreadPoolExecutor.java:624)
        at java.lang.Thread.run(Thread.java:748)
"pool-56-thread-60"  prio=5 tid=554 in Object.wait()
java.lang.Thread.State: WAITING (on object monitor)
        at sun.misc.Unsafe.park(Native Method)
        at java.util.concurrent.locks.LockSupport.park(LockSupport.java:175)
        at java.util.concurrent.locks.AbstractQueuedSynchronizer$ConditionObject.await(AbstractQueuedSynchronizer.java:2039)
        at java.util.concurrent.ArrayBlockingQueue.take(ArrayBlockingQueue.java:403)
        at java.util.concurrent.ThreadPoolExecutor.getTask(ThreadPoolExecutor.java:1074)
        at java.util.concurrent.ThreadPoolExecutor.runWorker(ThreadPoolExecutor.java:1134)
        at java.util.concurrent.ThreadPoolExecutor$Worker.run(ThreadPoolExecutor.java:624)
        at java.lang.Thread.run(Thread.java:748)
"pool-66-thread-58"  prio=5 tid=620 in Object.wait()
java.lang.Thread.State: WAITING (on object monitor)
        at sun.misc.Unsafe.park(Native Method)
        at java.util.concurrent.locks.LockSupport.park(LockSupport.java:175)
        at java.util.concurrent.locks.AbstractQueuedSynchronizer$ConditionObject.await(AbstractQueuedSynchronizer.java:2039)
        at java.util.concurrent.ArrayBlockingQueue.take(ArrayBlockingQueue.java:403)
        at java.util.concurrent.ThreadPoolExecutor.getTask(ThreadPoolExecutor.java:1074)
        at java.util.concurrent.ThreadPoolExecutor.runWorker(ThreadPoolExecutor.java:1134)
        at java.util.concurrent.ThreadPoolExecutor$Worker.run(ThreadPoolExecutor.java:624)
        at java.lang.Thread.run(Thread.java:748)
"e081c0a5-acfc-4a29-8262-ee158adf5b11@group-071025EF7F78-StateMachineUpdater" daemon prio=5 tid=876 in Object.wait()
java.lang.Thread.State: WAITING (on object monitor)
        at java.lang.Object.wait(Native Method)
        at java.lang.Object.wait(Object.java:502)
        at org.apache.ratis.server.impl.StateMachineUpdater.waitForCommit(StateMachineUpdater.java:183)
        at org.apache.ratis.server.impl.StateMachineUpdater.run(StateMachineUpdater.java:148)
        at java.lang.Thread.run(Thread.java:748)
"pool-36-thread-42"  prio=5 tid=415 in Object.wait()
java.lang.Thread.State: WAITING (on object monitor)
        at sun.misc.Unsafe.park(Native Method)
        at java.util.concurrent.locks.LockSupport.park(LockSupport.java:175)
        at java.util.concurrent.locks.AbstractQueuedSynchronizer$ConditionObject.await(AbstractQueuedSynchronizer.java:2039)
        at java.util.concurrent.ArrayBlockingQueue.take(ArrayBlockingQueue.java:403)
        at java.util.concurrent.ThreadPoolExecutor.getTask(ThreadPoolExecutor.java:1074)
        at java.util.concurrent.ThreadPoolExecutor.runWorker(ThreadPoolExecutor.java:1134)
        at java.util.concurrent.ThreadPoolExecutor$Worker.run(ThreadPoolExecutor.java:624)
        at java.lang.Thread.run(Thread.java:748)
"Datanode ReportManager Thread - 2" daemon prio=5 tid=173 timed_waiting
java.lang.Thread.State: TIMED_WAITING
        at sun.misc.Unsafe.park(Native Method)
        at java.util.concurrent.locks.LockSupport.parkNanos(LockSupport.java:215)
        at java.util.concurrent.locks.AbstractQueuedSynchronizer$ConditionObject.awaitNanos(AbstractQueuedSynchronizer.java:2078)
        at java.util.concurrent.ScheduledThreadPoolExecutor$DelayedWorkQueue.take(ScheduledThreadPoolExecutor.java:1093)
        at java.util.concurrent.ScheduledThreadPoolExecutor$DelayedWorkQueue.take(ScheduledThreadPoolExecutor.java:809)
        at java.util.concurrent.ThreadPoolExecutor.getTask(ThreadPoolExecutor.java:1074)
        at java.util.concurrent.ThreadPoolExecutor.runWorker(ThreadPoolExecutor.java:1134)
        at java.util.concurrent.ThreadPoolExecutor$Worker.run(ThreadPoolExecutor.java:624)
        at java.lang.Thread.run(Thread.java:748)
"metrics-hadoop-metrics2-reporter-27-thread-1" daemon prio=5 tid=821 timed_waiting
java.lang.Thread.State: TIMED_WAITING
        at sun.misc.Unsafe.park(Native Method)
        at java.util.concurrent.locks.LockSupport.parkNanos(LockSupport.java:215)
        at java.util.concurrent.locks.AbstractQueuedSynchronizer$ConditionObject.awaitNanos(AbstractQueuedSynchronizer.java:2078)
        at java.util.concurrent.ScheduledThreadPoolExecutor$DelayedWorkQueue.take(ScheduledThreadPoolExecutor.java:1093)
        at java.util.concurrent.ScheduledThreadPoolExecutor$DelayedWorkQueue.take(ScheduledThreadPoolExecutor.java:809)
        at java.util.concurrent.ThreadPoolExecutor.getTask(ThreadPoolExecutor.java:1074)
        at java.util.concurrent.ThreadPoolExecutor.runWorker(ThreadPoolExecutor.java:1134)
        at java.util.concurrent.ThreadPoolExecutor$Worker.run(ThreadPoolExecutor.java:624)
        at java.lang.Thread.run(Thread.java:748)
"grpc-default-executor-14" daemon prio=5 tid=979 timed_waiting
java.lang.Thread.State: TIMED_WAITING
        at sun.misc.Unsafe.park(Native Method)
        at java.util.concurrent.locks.LockSupport.parkNanos(LockSupport.java:215)
        at java.util.concurrent.SynchronousQueue$TransferStack.awaitFulfill(SynchronousQueue.java:460)
        at java.util.concurrent.SynchronousQueue$TransferStack.transfer(SynchronousQueue.java:362)
        at java.util.concurrent.SynchronousQueue.poll(SynchronousQueue.java:941)
        at java.util.concurrent.ThreadPoolExecutor.getTask(ThreadPoolExecutor.java:1073)
        at java.util.concurrent.ThreadPoolExecutor.runWorker(ThreadPoolExecutor.java:1134)
        at java.util.concurrent.ThreadPoolExecutor$Worker.run(ThreadPoolExecutor.java:624)
        at java.lang.Thread.run(Thread.java:748)
"pool-46-thread-55"  prio=5 tid=488 in Object.wait()
java.lang.Thread.State: WAITING (on object monitor)
        at sun.misc.Unsafe.park(Native Method)
        at java.util.concurrent.locks.LockSupport.park(LockSupport.java:175)
        at java.util.concurrent.locks.AbstractQueuedSynchronizer$ConditionObject.await(AbstractQueuedSynchronizer.java:2039)
        at java.util.concurrent.ArrayBlockingQueue.take(ArrayBlockingQueue.java:403)
        at java.util.concurrent.ThreadPoolExecutor.getTask(ThreadPoolExecutor.java:1074)
        at java.util.concurrent.ThreadPoolExecutor.runWorker(ThreadPoolExecutor.java:1134)
        at java.util.concurrent.ThreadPoolExecutor$Worker.run(ThreadPoolExecutor.java:624)
        at java.lang.Thread.run(Thread.java:748)
"pool-36-thread-32"  prio=5 tid=405 in Object.wait()
java.lang.Thread.State: WAITING (on object monitor)
        at sun.misc.Unsafe.park(Native Method)
        at java.util.concurrent.locks.LockSupport.park(LockSupport.java:175)
        at java.util.concurrent.locks.AbstractQueuedSynchronizer$ConditionObject.await(AbstractQueuedSynchronizer.java:2039)
        at java.util.concurrent.ArrayBlockingQueue.take(ArrayBlockingQueue.java:403)
        at java.util.concurrent.ThreadPoolExecutor.getTask(ThreadPoolExecutor.java:1074)
        at java.util.concurrent.ThreadPoolExecutor.runWorker(ThreadPoolExecutor.java:1134)
        at java.util.concurrent.ThreadPoolExecutor$Worker.run(ThreadPoolExecutor.java:624)
        at java.lang.Thread.run(Thread.java:748)
"e081c0a5-acfc-4a29-8262-ee158adf5b11@group-BF1BD4D8076C-SegmentedRaftLogWorker"  prio=5 tid=744 timed_waiting
java.lang.Thread.State: TIMED_WAITING
        at sun.misc.Unsafe.park(Native Method)
        at java.util.concurrent.locks.LockSupport.parkNanos(LockSupport.java:215)
        at java.util.concurrent.locks.AbstractQueuedSynchronizer$ConditionObject.awaitNanos(AbstractQueuedSynchronizer.java:2078)
        at org.apache.ratis.util.DataBlockingQueue.poll(DataBlockingQueue.java:137)
        at org.apache.ratis.server.raftlog.segmented.SegmentedRaftLogWorker.run(SegmentedRaftLogWorker.java:283)
        at java.lang.Thread.run(Thread.java:748)
"metrics-hadoop-metrics2-reporter-21-thread-1" daemon prio=5 tid=792 timed_waiting
java.lang.Thread.State: TIMED_WAITING
        at sun.misc.Unsafe.park(Native Method)
        at java.util.concurrent.locks.LockSupport.parkNanos(LockSupport.java:215)
        at java.util.concurrent.locks.AbstractQueuedSynchronizer$ConditionObject.awaitNanos(AbstractQueuedSynchronizer.java:2078)
        at java.util.concurrent.ScheduledThreadPoolExecutor$DelayedWorkQueue.take(ScheduledThreadPoolExecutor.java:1093)
        at java.util.concurrent.ScheduledThreadPoolExecutor$DelayedWorkQueue.take(ScheduledThreadPoolExecutor.java:809)
        at java.util.concurrent.ThreadPoolExecutor.getTask(ThreadPoolExecutor.java:1074)
        at java.util.concurrent.ThreadPoolExecutor.runWorker(ThreadPoolExecutor.java:1134)
        at java.util.concurrent.ThreadPoolExecutor$Worker.run(ThreadPoolExecutor.java:624)
        at java.lang.Thread.run(Thread.java:748)
"org.apache.hadoop.util.JvmPauseMonitor$Monitor@3e7d12e5" daemon prio=5 tid=203 timed_waiting
java.lang.Thread.State: TIMED_WAITING
        at java.lang.Thread.sleep(Native Method)
        at org.apache.hadoop.util.JvmPauseMonitor$Monitor.run(JvmPauseMonitor.java:192)
        at java.lang.Thread.run(Thread.java:748)
"grpc-default-executor-18" daemon prio=5 tid=1861 timed_waiting
java.lang.Thread.State: TIMED_WAITING
        at sun.misc.Unsafe.park(Native Method)
        at java.util.concurrent.locks.LockSupport.parkNanos(LockSupport.java:215)
        at java.util.concurrent.SynchronousQueue$TransferStack.awaitFulfill(SynchronousQueue.java:460)
        at java.util.concurrent.SynchronousQueue$TransferStack.transfer(SynchronousQueue.java:362)
        at java.util.concurrent.SynchronousQueue.poll(SynchronousQueue.java:941)
        at java.util.concurrent.ThreadPoolExecutor.getTask(ThreadPoolExecutor.java:1073)
        at java.util.concurrent.ThreadPoolExecutor.runWorker(ThreadPoolExecutor.java:1134)
        at java.util.concurrent.ThreadPoolExecutor$Worker.run(ThreadPoolExecutor.java:624)
        at java.lang.Thread.run(Thread.java:748)
"qtp219192399-161" daemon prio=5 tid=161 timed_waiting
java.lang.Thread.State: TIMED_WAITING
        at sun.misc.Unsafe.park(Native Method)
        at java.util.concurrent.locks.LockSupport.parkNanos(LockSupport.java:215)
        at java.util.concurrent.locks.AbstractQueuedSynchronizer$ConditionObject.awaitNanos(AbstractQueuedSynchronizer.java:2078)
        at org.eclipse.jetty.util.BlockingArrayQueue.poll(BlockingArrayQueue.java:392)
        at org.eclipse.jetty.util.thread.QueuedThreadPool.idleJobPoll(QueuedThreadPool.java:563)
        at org.eclipse.jetty.util.thread.QueuedThreadPool.access$800(QueuedThreadPool.java:48)
        at org.eclipse.jetty.util.thread.QueuedThreadPool$2.run(QueuedThreadPool.java:626)
        at java.lang.Thread.run(Thread.java:748)
"pool-76-thread-47"  prio=5 tid=671 in Object.wait()
java.lang.Thread.State: WAITING (on object monitor)
        at sun.misc.Unsafe.park(Native Method)
        at java.util.concurrent.locks.LockSupport.park(LockSupport.java:175)
        at java.util.concurrent.locks.AbstractQueuedSynchronizer$ConditionObject.await(AbstractQueuedSynchronizer.java:2039)
        at java.util.concurrent.ArrayBlockingQueue.take(ArrayBlockingQueue.java:403)
        at java.util.concurrent.ThreadPoolExecutor.getTask(ThreadPoolExecutor.java:1074)
        at java.util.concurrent.ThreadPoolExecutor.runWorker(ThreadPoolExecutor.java:1134)
        at java.util.concurrent.ThreadPoolExecutor$Worker.run(ThreadPoolExecutor.java:624)
        at java.lang.Thread.run(Thread.java:748)
"pool-36-thread-60"  prio=5 tid=433 in Object.wait()
java.lang.Thread.State: WAITING (on object monitor)
        at sun.misc.Unsafe.park(Native Method)
        at java.util.concurrent.locks.LockSupport.park(LockSupport.java:175)
        at java.util.concurrent.locks.AbstractQueuedSynchronizer$ConditionObject.await(AbstractQueuedSynchronizer.java:2039)
        at java.util.concurrent.ArrayBlockingQueue.take(ArrayBlockingQueue.java:403)
        at java.util.concurrent.ThreadPoolExecutor.getTask(ThreadPoolExecutor.java:1074)
        at java.util.concurrent.ThreadPoolExecutor.runWorker(ThreadPoolExecutor.java:1134)
        at java.util.concurrent.ThreadPoolExecutor$Worker.run(ThreadPoolExecutor.java:624)
        at java.lang.Thread.run(Thread.java:748)
"pool-56-thread-55"  prio=5 tid=549 in Object.wait()
java.lang.Thread.State: WAITING (on object monitor)
        at sun.misc.Unsafe.park(Native Method)
        at java.util.concurrent.locks.LockSupport.park(LockSupport.java:175)
        at java.util.concurrent.locks.AbstractQueuedSynchronizer$ConditionObject.await(AbstractQueuedSynchronizer.java:2039)
        at java.util.concurrent.ArrayBlockingQueue.take(ArrayBlockingQueue.java:403)
        at java.util.concurrent.ThreadPoolExecutor.getTask(ThreadPoolExecutor.java:1074)
        at java.util.concurrent.ThreadPoolExecutor.runWorker(ThreadPoolExecutor.java:1134)
        at java.util.concurrent.ThreadPoolExecutor$Worker.run(ThreadPoolExecutor.java:624)
        at java.lang.Thread.run(Thread.java:748)
"pool-36-thread-48"  prio=5 tid=421 in Object.wait()
java.lang.Thread.State: WAITING (on object monitor)
        at sun.misc.Unsafe.park(Native Method)
        at java.util.concurrent.locks.LockSupport.park(LockSupport.java:175)
        at java.util.concurrent.locks.AbstractQueuedSynchronizer$ConditionObject.await(AbstractQueuedSynchronizer.java:2039)
        at java.util.concurrent.ArrayBlockingQueue.take(ArrayBlockingQueue.java:403)
        at java.util.concurrent.ThreadPoolExecutor.getTask(ThreadPoolExecutor.java:1074)
        at java.util.concurrent.ThreadPoolExecutor.runWorker(ThreadPoolExecutor.java:1134)
        at java.util.concurrent.ThreadPoolExecutor$Worker.run(ThreadPoolExecutor.java:624)
        at java.lang.Thread.run(Thread.java:748)
"org.eclipse.jetty.server.session.HashSessionManager@62dbe64eTimer" daemon prio=5 tid=196 timed_waiting
java.lang.Thread.State: TIMED_WAITING
        at sun.misc.Unsafe.park(Native Method)
        at java.util.concurrent.locks.LockSupport.parkNanos(LockSupport.java:215)
        at java.util.concurrent.locks.AbstractQueuedSynchronizer$ConditionObject.awaitNanos(AbstractQueuedSynchronizer.java:2078)
        at java.util.concurrent.ScheduledThreadPoolExecutor$DelayedWorkQueue.take(ScheduledThreadPoolExecutor.java:1093)
        at java.util.concurrent.ScheduledThreadPoolExecutor$DelayedWorkQueue.take(ScheduledThreadPoolExecutor.java:809)
        at java.util.concurrent.ThreadPoolExecutor.getTask(ThreadPoolExecutor.java:1074)
        at java.util.concurrent.ThreadPoolExecutor.runWorker(ThreadPoolExecutor.java:1134)
        at java.util.concurrent.ThreadPoolExecutor$Worker.run(ThreadPoolExecutor.java:624)
        at java.lang.Thread.run(Thread.java:748)
"SCMBlockDeletingService#0" daemon prio=5 tid=101 timed_waiting
java.lang.Thread.State: TIMED_WAITING
        at sun.misc.Unsafe.park(Native Method)
        at java.util.concurrent.locks.LockSupport.parkNanos(LockSupport.java:215)
        at java.util.concurrent.locks.AbstractQueuedSynchronizer$ConditionObject.awaitNanos(AbstractQueuedSynchronizer.java:2078)
        at java.util.concurrent.ScheduledThreadPoolExecutor$DelayedWorkQueue.take(ScheduledThreadPoolExecutor.java:1093)
        at java.util.concurrent.ScheduledThreadPoolExecutor$DelayedWorkQueue.take(ScheduledThreadPoolExecutor.java:809)
        at java.util.concurrent.ThreadPoolExecutor.getTask(ThreadPoolExecutor.java:1074)
        at java.util.concurrent.ThreadPoolExecutor.runWorker(ThreadPoolExecutor.java:1134)
        at java.util.concurrent.ThreadPoolExecutor$Worker.run(ThreadPoolExecutor.java:624)
        at java.lang.Thread.run(Thread.java:748)
"Thread-1219" daemon prio=5 tid=1811 timed_waiting
java.lang.Thread.State: TIMED_WAITING
        at sun.misc.Unsafe.park(Native Method)
        at java.util.concurrent.locks.LockSupport.parkNanos(LockSupport.java:215)
        at java.util.concurrent.locks.AbstractQueuedSynchronizer$ConditionObject.awaitNanos(AbstractQueuedSynchronizer.java:2078)
        at java.util.concurrent.ArrayBlockingQueue.poll(ArrayBlockingQueue.java:418)
        at org.apache.ratis.server.impl.LeaderState$EventQueue.poll(LeaderState.java:115)
        at org.apache.ratis.server.impl.LeaderState$EventProcessor.run(LeaderState.java:457)
"pool-76-thread-46"  prio=5 tid=670 in Object.wait()
java.lang.Thread.State: WAITING (on object monitor)
        at sun.misc.Unsafe.park(Native Method)
        at java.util.concurrent.locks.LockSupport.park(LockSupport.java:175)
        at java.util.concurrent.locks.AbstractQueuedSynchronizer$ConditionObject.await(AbstractQueuedSynchronizer.java:2039)
        at java.util.concurrent.ArrayBlockingQueue.take(ArrayBlockingQueue.java:403)
        at java.util.concurrent.ThreadPoolExecutor.getTask(ThreadPoolExecutor.java:1074)
        at java.util.concurrent.ThreadPoolExecutor.runWorker(ThreadPoolExecutor.java:1134)
        at java.util.concurrent.ThreadPoolExecutor$Worker.run(ThreadPoolExecutor.java:624)
        at java.lang.Thread.run(Thread.java:748)
"metrics-hadoop-metrics2-reporter-14-thread-1" daemon prio=5 tid=759 timed_waiting
java.lang.Thread.State: TIMED_WAITING
        at sun.misc.Unsafe.park(Native Method)
        at java.util.concurrent.locks.LockSupport.parkNanos(LockSupport.java:215)
        at java.util.concurrent.locks.AbstractQueuedSynchronizer$ConditionObject.awaitNanos(AbstractQueuedSynchronizer.java:2078)
        at java.util.concurrent.ScheduledThreadPoolExecutor$DelayedWorkQueue.take(ScheduledThreadPoolExecutor.java:1093)
        at java.util.concurrent.ScheduledThreadPoolExecutor$DelayedWorkQueue.take(ScheduledThreadPoolExecutor.java:809)
        at java.util.concurrent.ThreadPoolExecutor.getTask(ThreadPoolExecutor.java:1074)
        at java.util.concurrent.ThreadPoolExecutor.runWorker(ThreadPoolExecutor.java:1134)
        at java.util.concurrent.ThreadPoolExecutor$Worker.run(ThreadPoolExecutor.java:624)
        at java.lang.Thread.run(Thread.java:748)
"pool-26-thread-10"  prio=5 tid=323 in Object.wait()
java.lang.Thread.State: WAITING (on object monitor)
        at sun.misc.Unsafe.park(Native Method)
        at java.util.concurrent.locks.LockSupport.park(LockSupport.java:175)
        at java.util.concurrent.locks.AbstractQueuedSynchronizer$ConditionObject.await(AbstractQueuedSynchronizer.java:2039)
        at java.util.concurrent.ArrayBlockingQueue.take(ArrayBlockingQueue.java:403)
        at java.util.concurrent.ThreadPoolExecutor.getTask(ThreadPoolExecutor.java:1074)
        at java.util.concurrent.ThreadPoolExecutor.runWorker(ThreadPoolExecutor.java:1134)
        at java.util.concurrent.ThreadPoolExecutor$Worker.run(ThreadPoolExecutor.java:624)
        at java.lang.Thread.run(Thread.java:748)
"metrics-hadoop-metrics2-reporter-7-thread-1" daemon prio=5 tid=728 timed_waiting
java.lang.Thread.State: TIMED_WAITING
        at sun.misc.Unsafe.park(Native Method)
        at java.util.concurrent.locks.LockSupport.parkNanos(LockSupport.java:215)
        at java.util.concurrent.locks.AbstractQueuedSynchronizer$ConditionObject.awaitNanos(AbstractQueuedSynchronizer.java:2078)
        at java.util.concurrent.ScheduledThreadPoolExecutor$DelayedWorkQueue.take(ScheduledThreadPoolExecutor.java:1093)
        at java.util.concurrent.ScheduledThreadPoolExecutor$DelayedWorkQueue.take(ScheduledThreadPoolExecutor.java:809)
        at java.util.concurrent.ThreadPoolExecutor.getTask(ThreadPoolExecutor.java:1074)
        at java.util.concurrent.ThreadPoolExecutor.runWorker(ThreadPoolExecutor.java:1134)
        at java.util.concurrent.ThreadPoolExecutor$Worker.run(ThreadPoolExecutor.java:624)
        at java.lang.Thread.run(Thread.java:748)
"pool-56-thread-54"  prio=5 tid=548 in Object.wait()
java.lang.Thread.State: WAITING (on object monitor)
        at sun.misc.Unsafe.park(Native Method)
        at java.util.concurrent.locks.LockSupport.park(LockSupport.java:175)
        at java.util.concurrent.locks.AbstractQueuedSynchronizer$ConditionObject.await(AbstractQueuedSynchronizer.java:2039)
        at java.util.concurrent.ArrayBlockingQueue.take(ArrayBlockingQueue.java:403)
        at java.util.concurrent.ThreadPoolExecutor.getTask(ThreadPoolExecutor.java:1074)
        at java.util.concurrent.ThreadPoolExecutor.runWorker(ThreadPoolExecutor.java:1134)
        at java.util.concurrent.ThreadPoolExecutor$Worker.run(ThreadPoolExecutor.java:624)
        at java.lang.Thread.run(Thread.java:748)
"IPC Server listener on 40029" daemon prio=5 tid=14 runnable
java.lang.Thread.State: RUNNABLE
        at sun.nio.ch.EPollArrayWrapper.epollWait(Native Method)
        at sun.nio.ch.EPollArrayWrapper.poll(EPollArrayWrapper.java:269)
        at sun.nio.ch.EPollSelectorImpl.doSelect(EPollSelectorImpl.java:93)
        at sun.nio.ch.SelectorImpl.lockAndDoSelect(SelectorImpl.java:86)
        at sun.nio.ch.SelectorImpl.select(SelectorImpl.java:97)
        at sun.nio.ch.SelectorImpl.select(SelectorImpl.java:101)
        at org.apache.hadoop.ipc.Server$Listener.run(Server.java:1159)
"BlockDeletingService#1" daemon prio=5 tid=686 timed_waiting
java.lang.Thread.State: TIMED_WAITING
        at sun.misc.Unsafe.park(Native Method)
        at java.util.concurrent.locks.LockSupport.parkNanos(LockSupport.java:215)
        at java.util.concurrent.locks.AbstractQueuedSynchronizer$ConditionObject.awaitNanos(AbstractQueuedSynchronizer.java:2078)
        at java.util.concurrent.ScheduledThreadPoolExecutor$DelayedWorkQueue.take(ScheduledThreadPoolExecutor.java:1093)
        at java.util.concurrent.ScheduledThreadPoolExecutor$DelayedWorkQueue.take(ScheduledThreadPoolExecutor.java:809)
        at java.util.concurrent.ThreadPoolExecutor.getTask(ThreadPoolExecutor.java:1074)
        at java.util.concurrent.ThreadPoolExecutor.runWorker(ThreadPoolExecutor.java:1134)
        at java.util.concurrent.ThreadPoolExecutor$Worker.run(ThreadPoolExecutor.java:624)
        at java.lang.Thread.run(Thread.java:748)
"pool-66-thread-26"  prio=5 tid=588 in Object.wait()
java.lang.Thread.State: WAITING (on object monitor)
        at sun.misc.Unsafe.park(Native Method)
        at java.util.concurrent.locks.LockSupport.park(LockSupport.java:175)
        at java.util.concurrent.locks.AbstractQueuedSynchronizer$ConditionObject.await(AbstractQueuedSynchronizer.java:2039)
        at java.util.concurrent.ArrayBlockingQueue.take(ArrayBlockingQueue.java:403)
        at java.util.concurrent.ThreadPoolExecutor.getTask(ThreadPoolExecutor.java:1074)
        at java.util.concurrent.ThreadPoolExecutor.runWorker(ThreadPoolExecutor.java:1134)
        at java.util.concurrent.ThreadPoolExecutor$Worker.run(ThreadPoolExecutor.java:624)
        at java.lang.Thread.run(Thread.java:748)
"qtp1235908203-138" daemon prio=5 tid=138 timed_waiting
java.lang.Thread.State: TIMED_WAITING
        at sun.misc.Unsafe.park(Native Method)
        at java.util.concurrent.locks.LockSupport.parkNanos(LockSupport.java:215)
        at java.util.concurrent.locks.AbstractQueuedSynchronizer$ConditionObject.awaitNanos(AbstractQueuedSynchronizer.java:2078)
        at org.eclipse.jetty.util.BlockingArrayQueue.poll(BlockingArrayQueue.java:392)
        at org.eclipse.jetty.util.thread.QueuedThreadPool.idleJobPoll(QueuedThreadPool.java:563)
        at org.eclipse.jetty.util.thread.QueuedThreadPool.access$800(QueuedThreadPool.java:48)
        at org.eclipse.jetty.util.thread.QueuedThreadPool$2.run(QueuedThreadPool.java:626)
        at java.lang.Thread.run(Thread.java:748)
"Periodic HDDS volume checker"  prio=5 tid=287 timed_waiting
java.lang.Thread.State: TIMED_WAITING
        at sun.misc.Unsafe.park(Native Method)
        at java.util.concurrent.locks.LockSupport.parkNanos(LockSupport.java:215)
        at java.util.concurrent.locks.AbstractQueuedSynchronizer$ConditionObject.awaitNanos(AbstractQueuedSynchronizer.java:2078)
        at java.util.concurrent.ScheduledThreadPoolExecutor$DelayedWorkQueue.take(ScheduledThreadPoolExecutor.java:1093)
        at java.util.concurrent.ScheduledThreadPoolExecutor$DelayedWorkQueue.take(ScheduledThreadPoolExecutor.java:809)
        at java.util.concurrent.ThreadPoolExecutor.getTask(ThreadPoolExecutor.java:1074)
        at java.util.concurrent.ThreadPoolExecutor.runWorker(ThreadPoolExecutor.java:1134)
        at java.util.concurrent.ThreadPoolExecutor$Worker.run(ThreadPoolExecutor.java:624)
        at java.lang.Thread.run(Thread.java:748)
"KeyDeletingService#0" daemon prio=5 tid=106 timed_waiting
java.lang.Thread.State: TIMED_WAITING
        at sun.misc.Unsafe.park(Native Method)
        at java.util.concurrent.locks.LockSupport.parkNanos(LockSupport.java:215)
        at java.util.concurrent.locks.AbstractQueuedSynchronizer$ConditionObject.awaitNanos(AbstractQueuedSynchronizer.java:2078)
        at java.util.concurrent.ScheduledThreadPoolExecutor$DelayedWorkQueue.take(ScheduledThreadPoolExecutor.java:1093)
        at java.util.concurrent.ScheduledThreadPoolExecutor$DelayedWorkQueue.take(ScheduledThreadPoolExecutor.java:809)
        at java.util.concurrent.ThreadPoolExecutor.getTask(ThreadPoolExecutor.java:1074)
        at java.util.concurrent.ThreadPoolExecutor.runWorker(ThreadPoolExecutor.java:1134)
        at java.util.concurrent.ThreadPoolExecutor$Worker.run(ThreadPoolExecutor.java:624)
        at java.lang.Thread.run(Thread.java:748)
"pool-56-thread-14"  prio=5 tid=508 in Object.wait()
java.lang.Thread.State: WAITING (on object monitor)
        at sun.misc.Unsafe.park(Native Method)
        at java.util.concurrent.locks.LockSupport.park(LockSupport.java:175)
        at java.util.concurrent.locks.AbstractQueuedSynchronizer$ConditionObject.await(AbstractQueuedSynchronizer.java:2039)
        at java.util.concurrent.ArrayBlockingQueue.take(ArrayBlockingQueue.java:403)
        at java.util.concurrent.ThreadPoolExecutor.getTask(ThreadPoolExecutor.java:1074)
        at java.util.concurrent.ThreadPoolExecutor.runWorker(ThreadPoolExecutor.java:1134)
        at java.util.concurrent.ThreadPoolExecutor$Worker.run(ThreadPoolExecutor.java:624)
        at java.lang.Thread.run(Thread.java:748)
"IPC Server handler 13 on 45005" daemon prio=5 tid=42 timed_waiting
java.lang.Thread.State: TIMED_WAITING
        at sun.misc.Unsafe.park(Native Method)
        at java.util.concurrent.locks.LockSupport.parkNanos(LockSupport.java:215)
        at java.util.concurrent.locks.AbstractQueuedSynchronizer$ConditionObject.awaitNanos(AbstractQueuedSynchronizer.java:2078)
        at java.util.concurrent.LinkedBlockingQueue.poll(LinkedBlockingQueue.java:467)
        at org.apache.hadoop.ipc.CallQueueManager.take(CallQueueManager.java:288)
        at org.apache.hadoop.ipc.Server$Handler.run(Server.java:2668)
"pool-26-thread-27"  prio=5 tid=340 in Object.wait()
java.lang.Thread.State: WAITING (on object monitor)
        at sun.misc.Unsafe.park(Native Method)
        at java.util.concurrent.locks.LockSupport.park(LockSupport.java:175)
        at java.util.concurrent.locks.AbstractQueuedSynchronizer$ConditionObject.await(AbstractQueuedSynchronizer.java:2039)
        at java.util.concurrent.ArrayBlockingQueue.take(ArrayBlockingQueue.java:403)
        at java.util.concurrent.ThreadPoolExecutor.getTask(ThreadPoolExecutor.java:1074)
        at java.util.concurrent.ThreadPoolExecutor.runWorker(ThreadPoolExecutor.java:1134)
        at java.util.concurrent.ThreadPoolExecutor$Worker.run(ThreadPoolExecutor.java:624)
        at java.lang.Thread.run(Thread.java:748)
"IPC Server Responder" daemon prio=5 tid=112 runnable
java.lang.Thread.State: RUNNABLE
        at sun.nio.ch.EPollArrayWrapper.epollWait(Native Method)
        at sun.nio.ch.EPollArrayWrapper.poll(EPollArrayWrapper.java:269)
        at sun.nio.ch.EPollSelectorImpl.doSelect(EPollSelectorImpl.java:93)
        at sun.nio.ch.SelectorImpl.lockAndDoSelect(SelectorImpl.java:86)
        at sun.nio.ch.SelectorImpl.select(SelectorImpl.java:97)
        at org.apache.hadoop.ipc.Server$Responder.doRunLoop(Server.java:1334)
        at org.apache.hadoop.ipc.Server$Responder.run(Server.java:1317)
"Datanode ReportManager Thread - 2" daemon prio=5 tid=254 timed_waiting
java.lang.Thread.State: TIMED_WAITING
        at sun.misc.Unsafe.park(Native Method)
        at java.util.concurrent.locks.LockSupport.parkNanos(LockSupport.java:215)
        at java.util.concurrent.locks.AbstractQueuedSynchronizer$ConditionObject.awaitNanos(AbstractQueuedSynchronizer.java:2078)
        at java.util.concurrent.ScheduledThreadPoolExecutor$DelayedWorkQueue.take(ScheduledThreadPoolExecutor.java:1093)
        at java.util.concurrent.ScheduledThreadPoolExecutor$DelayedWorkQueue.take(ScheduledThreadPoolExecutor.java:809)
        at java.util.concurrent.ThreadPoolExecutor.getTask(ThreadPoolExecutor.java:1074)
        at java.util.concurrent.ThreadPoolExecutor.runWorker(ThreadPoolExecutor.java:1134)
        at java.util.concurrent.ThreadPoolExecutor$Worker.run(ThreadPoolExecutor.java:624)
        at java.lang.Thread.run(Thread.java:748)
"pool-56-thread-50"  prio=5 tid=544 in Object.wait()
java.lang.Thread.State: WAITING (on object monitor)
        at sun.misc.Unsafe.park(Native Method)
        at java.util.concurrent.locks.LockSupport.park(LockSupport.java:175)
        at java.util.concurrent.locks.AbstractQueuedSynchronizer$ConditionObject.await(AbstractQueuedSynchronizer.java:2039)
        at java.util.concurrent.ArrayBlockingQueue.take(ArrayBlockingQueue.java:403)
        at java.util.concurrent.ThreadPoolExecutor.getTask(ThreadPoolExecutor.java:1074)
        at java.util.concurrent.ThreadPoolExecutor.runWorker(ThreadPoolExecutor.java:1134)
        at java.util.concurrent.ThreadPoolExecutor$Worker.run(ThreadPoolExecutor.java:624)
        at java.lang.Thread.run(Thread.java:748)
"IPC Server handler 5 on 44461" daemon prio=5 tid=120 timed_waiting
java.lang.Thread.State: TIMED_WAITING
        at sun.misc.Unsafe.park(Native Method)
        at java.util.concurrent.locks.LockSupport.parkNanos(LockSupport.java:215)
        at java.util.concurrent.locks.AbstractQueuedSynchronizer$ConditionObject.awaitNanos(AbstractQueuedSynchronizer.java:2078)
        at java.util.concurrent.LinkedBlockingQueue.poll(LinkedBlockingQueue.java:467)
        at org.apache.hadoop.ipc.CallQueueManager.take(CallQueueManager.java:288)
        at org.apache.hadoop.ipc.Server$Handler.run(Server.java:2668)
"BlockDeletingService#1" daemon prio=5 tid=560 timed_waiting
java.lang.Thread.State: TIMED_WAITING
        at sun.misc.Unsafe.park(Native Method)
        at java.util.concurrent.locks.LockSupport.parkNanos(LockSupport.java:215)
        at java.util.concurrent.locks.AbstractQueuedSynchronizer$ConditionObject.awaitNanos(AbstractQueuedSynchronizer.java:2078)
        at java.util.concurrent.ScheduledThreadPoolExecutor$DelayedWorkQueue.take(ScheduledThreadPoolExecutor.java:1093)
        at java.util.concurrent.ScheduledThreadPoolExecutor$DelayedWorkQueue.take(ScheduledThreadPoolExecutor.java:809)
        at java.util.concurrent.ThreadPoolExecutor.getTask(ThreadPoolExecutor.java:1074)
        at java.util.concurrent.ThreadPoolExecutor.runWorker(ThreadPoolExecutor.java:1134)
        at java.util.concurrent.ThreadPoolExecutor$Worker.run(ThreadPoolExecutor.java:624)
        at java.lang.Thread.run(Thread.java:748)
"metrics-hadoop-metrics2-reporter-9-thread-1" daemon prio=5 tid=737 timed_waiting
java.lang.Thread.State: TIMED_WAITING
        at sun.misc.Unsafe.park(Native Method)
        at java.util.concurrent.locks.LockSupport.parkNanos(LockSupport.java:215)
        at java.util.concurrent.locks.AbstractQueuedSynchronizer$ConditionObject.awaitNanos(AbstractQueuedSynchronizer.java:2078)
        at java.util.concurrent.ScheduledThreadPoolExecutor$DelayedWorkQueue.take(ScheduledThreadPoolExecutor.java:1093)
        at java.util.concurrent.ScheduledThreadPoolExecutor$DelayedWorkQueue.take(ScheduledThreadPoolExecutor.java:809)
        at java.util.concurrent.ThreadPoolExecutor.getTask(ThreadPoolExecutor.java:1074)
        at java.util.concurrent.ThreadPoolExecutor.runWorker(ThreadPoolExecutor.java:1134)
        at java.util.concurrent.ThreadPoolExecutor$Worker.run(ThreadPoolExecutor.java:624)
        at java.lang.Thread.run(Thread.java:748)
"pool-74-thread-1" daemon prio=5 tid=291 timed_waiting
java.lang.Thread.State: TIMED_WAITING
        at sun.misc.Unsafe.park(Native Method)
        at java.util.concurrent.locks.LockSupport.parkNanos(LockSupport.java:215)
        at java.util.concurrent.locks.AbstractQueuedSynchronizer$ConditionObject.awaitNanos(AbstractQueuedSynchronizer.java:2078)
        at java.util.concurrent.ScheduledThreadPoolExecutor$DelayedWorkQueue.take(ScheduledThreadPoolExecutor.java:1093)
        at java.util.concurrent.ScheduledThreadPoolExecutor$DelayedWorkQueue.take(ScheduledThreadPoolExecutor.java:809)
        at java.util.concurrent.ThreadPoolExecutor.getTask(ThreadPoolExecutor.java:1074)
        at java.util.concurrent.ThreadPoolExecutor.runWorker(ThreadPoolExecutor.java:1134)
        at java.util.concurrent.ThreadPoolExecutor$Worker.run(ThreadPoolExecutor.java:624)
        at java.lang.Thread.run(Thread.java:748)
"pool-46-thread-50"  prio=5 tid=483 in Object.wait()
java.lang.Thread.State: WAITING (on object monitor)
        at sun.misc.Unsafe.park(Native Method)
        at java.util.concurrent.locks.LockSupport.park(LockSupport.java:175)
        at java.util.concurrent.locks.AbstractQueuedSynchronizer$ConditionObject.await(AbstractQueuedSynchronizer.java:2039)
        at java.util.concurrent.ArrayBlockingQueue.take(ArrayBlockingQueue.java:403)
        at java.util.concurrent.ThreadPoolExecutor.getTask(ThreadPoolExecutor.java:1074)
        at java.util.concurrent.ThreadPoolExecutor.runWorker(ThreadPoolExecutor.java:1134)
        at java.util.concurrent.ThreadPoolExecutor$Worker.run(ThreadPoolExecutor.java:624)
        at java.lang.Thread.run(Thread.java:748)
"b7064b77-9271-4e94-8225-85d895886efb@group-6E9EB1C0F638-StateMachineUpdater" daemon prio=5 tid=866 in Object.wait()
java.lang.Thread.State: WAITING (on object monitor)
        at java.lang.Object.wait(Native Method)
        at java.lang.Object.wait(Object.java:502)
        at org.apache.ratis.server.impl.StateMachineUpdater.waitForCommit(StateMachineUpdater.java:183)
        at org.apache.ratis.server.impl.StateMachineUpdater.run(StateMachineUpdater.java:148)
        at java.lang.Thread.run(Thread.java:748)
"pool-36-thread-21"  prio=5 tid=394 in Object.wait()
java.lang.Thread.State: WAITING (on object monitor)
        at sun.misc.Unsafe.park(Native Method)
        at java.util.concurrent.locks.LockSupport.park(LockSupport.java:175)
        at java.util.concurrent.locks.AbstractQueuedSynchronizer$ConditionObject.await(AbstractQueuedSynchronizer.java:2039)
        at java.util.concurrent.ArrayBlockingQueue.take(ArrayBlockingQueue.java:403)
        at java.util.concurrent.ThreadPoolExecutor.getTask(ThreadPoolExecutor.java:1074)
        at java.util.concurrent.ThreadPoolExecutor.runWorker(ThreadPoolExecutor.java:1134)
        at java.util.concurrent.ThreadPoolExecutor$Worker.run(ThreadPoolExecutor.java:624)
        at java.lang.Thread.run(Thread.java:748)
"pool-56-thread-22"  prio=5 tid=516 in Object.wait()
java.lang.Thread.State: WAITING (on object monitor)
        at sun.misc.Unsafe.park(Native Method)
        at java.util.concurrent.locks.LockSupport.park(LockSupport.java:175)
        at java.util.concurrent.locks.AbstractQueuedSynchronizer$ConditionObject.await(AbstractQueuedSynchronizer.java:2039)
        at java.util.concurrent.ArrayBlockingQueue.take(ArrayBlockingQueue.java:403)
        at java.util.concurrent.ThreadPoolExecutor.getTask(ThreadPoolExecutor.java:1074)
        at java.util.concurrent.ThreadPoolExecutor.runWorker(ThreadPoolExecutor.java:1134)
        at java.util.concurrent.ThreadPoolExecutor$Worker.run(ThreadPoolExecutor.java:624)
        at java.lang.Thread.run(Thread.java:748)
"pool-46-thread-16"  prio=5 tid=449 in Object.wait()
java.lang.Thread.State: WAITING (on object monitor)
        at sun.misc.Unsafe.park(Native Method)
        at java.util.concurrent.locks.LockSupport.park(LockSupport.java:175)
        at java.util.concurrent.locks.AbstractQueuedSynchronizer$ConditionObject.await(AbstractQueuedSynchronizer.java:2039)
        at java.util.concurrent.ArrayBlockingQueue.take(ArrayBlockingQueue.java:403)
        at java.util.concurrent.ThreadPoolExecutor.getTask(ThreadPoolExecutor.java:1074)
        at java.util.concurrent.ThreadPoolExecutor.runWorker(ThreadPoolExecutor.java:1134)
        at java.util.concurrent.ThreadPoolExecutor$Worker.run(ThreadPoolExecutor.java:624)
        at java.lang.Thread.run(Thread.java:748)
"pool-56-thread-17"  prio=5 tid=511 in Object.wait()
java.lang.Thread.State: WAITING (on object monitor)
        at sun.misc.Unsafe.park(Native Method)
        at java.util.concurrent.locks.LockSupport.park(LockSupport.java:175)
        at java.util.concurrent.locks.AbstractQueuedSynchronizer$ConditionObject.await(AbstractQueuedSynchronizer.java:2039)
        at java.util.concurrent.ArrayBlockingQueue.take(ArrayBlockingQueue.java:403)
        at java.util.concurrent.ThreadPoolExecutor.getTask(ThreadPoolExecutor.java:1074)
        at java.util.concurrent.ThreadPoolExecutor.runWorker(ThreadPoolExecutor.java:1134)
        at java.util.concurrent.ThreadPoolExecutor$Worker.run(ThreadPoolExecutor.java:624)
        at java.lang.Thread.run(Thread.java:748)
"a7d59ef6-3eca-4628-b097-12d983444e7f@group-282EF1BFFEE0-SegmentedRaftLogWorker"  prio=5 tid=770 timed_waiting
java.lang.Thread.State: TIMED_WAITING
        at sun.misc.Unsafe.park(Native Method)
        at java.util.concurrent.locks.LockSupport.parkNanos(LockSupport.java:215)
        at java.util.concurrent.locks.AbstractQueuedSynchronizer$ConditionObject.awaitNanos(AbstractQueuedSynchronizer.java:2078)
        at org.apache.ratis.util.DataBlockingQueue.poll(DataBlockingQueue.java:137)
        at org.apache.ratis.server.raftlog.segmented.SegmentedRaftLogWorker.run(SegmentedRaftLogWorker.java:283)
        at java.lang.Thread.run(Thread.java:748)
"pool-56-thread-49"  prio=5 tid=543 in Object.wait()
java.lang.Thread.State: WAITING (on object monitor)
        at sun.misc.Unsafe.park(Native Method)
        at java.util.concurrent.locks.LockSupport.park(LockSupport.java:175)
        at java.util.concurrent.locks.AbstractQueuedSynchronizer$ConditionObject.await(AbstractQueuedSynchronizer.java:2039)
        at java.util.concurrent.ArrayBlockingQueue.take(ArrayBlockingQueue.java:403)
        at java.util.concurrent.ThreadPoolExecutor.getTask(ThreadPoolExecutor.java:1074)
        at java.util.concurrent.ThreadPoolExecutor.runWorker(ThreadPoolExecutor.java:1134)
        at java.util.concurrent.ThreadPoolExecutor$Worker.run(ThreadPoolExecutor.java:624)
        at java.lang.Thread.run(Thread.java:748)
"pool-66-thread-49"  prio=5 tid=611 in Object.wait()
java.lang.Thread.State: WAITING (on object monitor)
        at sun.misc.Unsafe.park(Native Method)
        at java.util.concurrent.locks.LockSupport.park(LockSupport.java:175)
        at java.util.concurrent.locks.AbstractQueuedSynchronizer$ConditionObject.await(AbstractQueuedSynchronizer.java:2039)
        at java.util.concurrent.ArrayBlockingQueue.take(ArrayBlockingQueue.java:403)
        at java.util.concurrent.ThreadPoolExecutor.getTask(ThreadPoolExecutor.java:1074)
        at java.util.concurrent.ThreadPoolExecutor.runWorker(ThreadPoolExecutor.java:1134)
        at java.util.concurrent.ThreadPoolExecutor$Worker.run(ThreadPoolExecutor.java:624)
        at java.lang.Thread.run(Thread.java:748)
"pool-66-thread-27"  prio=5 tid=589 in Object.wait()
java.lang.Thread.State: WAITING (on object monitor)
        at sun.misc.Unsafe.park(Native Method)
        at java.util.concurrent.locks.LockSupport.park(LockSupport.java:175)
        at java.util.concurrent.locks.AbstractQueuedSynchronizer$ConditionObject.await(AbstractQueuedSynchronizer.java:2039)
        at java.util.concurrent.ArrayBlockingQueue.take(ArrayBlockingQueue.java:403)
        at java.util.concurrent.ThreadPoolExecutor.getTask(ThreadPoolExecutor.java:1074)
        at java.util.concurrent.ThreadPoolExecutor.runWorker(ThreadPoolExecutor.java:1134)
        at java.util.concurrent.ThreadPoolExecutor$Worker.run(ThreadPoolExecutor.java:624)
        at java.lang.Thread.run(Thread.java:748)
"BlockDeletingService#0" daemon prio=5 tid=685 in Object.wait()
java.lang.Thread.State: WAITING (on object monitor)
        at sun.misc.Unsafe.park(Native Method)
        at java.util.concurrent.locks.LockSupport.park(LockSupport.java:175)
        at java.util.concurrent.locks.AbstractQueuedSynchronizer$ConditionObject.await(AbstractQueuedSynchronizer.java:2039)
        at java.util.concurrent.ScheduledThreadPoolExecutor$DelayedWorkQueue.take(ScheduledThreadPoolExecutor.java:1088)
        at java.util.concurrent.ScheduledThreadPoolExecutor$DelayedWorkQueue.take(ScheduledThreadPoolExecutor.java:809)
        at java.util.concurrent.ThreadPoolExecutor.getTask(ThreadPoolExecutor.java:1074)
        at java.util.concurrent.ThreadPoolExecutor.runWorker(ThreadPoolExecutor.java:1134)
        at java.util.concurrent.ThreadPoolExecutor$Worker.run(ThreadPoolExecutor.java:624)
        at java.lang.Thread.run(Thread.java:748)
"metrics-hadoop-metrics2-reporter-18-thread-1" daemon prio=5 tid=777 timed_waiting
java.lang.Thread.State: TIMED_WAITING
        at sun.misc.Unsafe.park(Native Method)
        at java.util.concurrent.locks.LockSupport.parkNanos(LockSupport.java:215)
        at java.util.concurrent.locks.AbstractQueuedSynchronizer$ConditionObject.awaitNanos(AbstractQueuedSynchronizer.java:2078)
        at java.util.concurrent.ScheduledThreadPoolExecutor$DelayedWorkQueue.take(ScheduledThreadPoolExecutor.java:1093)
        at java.util.concurrent.ScheduledThreadPoolExecutor$DelayedWorkQueue.take(ScheduledThreadPoolExecutor.java:809)
        at java.util.concurrent.ThreadPoolExecutor.getTask(ThreadPoolExecutor.java:1074)
        at java.util.concurrent.ThreadPoolExecutor.runWorker(ThreadPoolExecutor.java:1134)
        at java.util.concurrent.ThreadPoolExecutor$Worker.run(ThreadPoolExecutor.java:624)
        at java.lang.Thread.run(Thread.java:748)
"Datanode ReportManager Thread - 1" daemon prio=5 tid=280 in Object.wait()
java.lang.Thread.State: WAITING (on object monitor)
        at sun.misc.Unsafe.park(Native Method)
        at java.util.concurrent.locks.LockSupport.park(LockSupport.java:175)
        at java.util.concurrent.locks.AbstractQueuedSynchronizer$ConditionObject.await(AbstractQueuedSynchronizer.java:2039)
        at java.util.concurrent.ScheduledThreadPoolExecutor$DelayedWorkQueue.take(ScheduledThreadPoolExecutor.java:1088)
        at java.util.concurrent.ScheduledThreadPoolExecutor$DelayedWorkQueue.take(ScheduledThreadPoolExecutor.java:809)
        at java.util.concurrent.ThreadPoolExecutor.getTask(ThreadPoolExecutor.java:1074)
        at java.util.concurrent.ThreadPoolExecutor.runWorker(ThreadPoolExecutor.java:1134)
        at java.util.concurrent.ThreadPoolExecutor$Worker.run(ThreadPoolExecutor.java:624)
        at java.lang.Thread.run(Thread.java:748)
"qtp1235908203-143" daemon prio=5 tid=143 timed_waiting
java.lang.Thread.State: TIMED_WAITING
        at sun.misc.Unsafe.park(Native Method)
        at java.util.concurrent.locks.LockSupport.parkNanos(LockSupport.java:215)
        at java.util.concurrent.locks.AbstractQueuedSynchronizer$ConditionObject.awaitNanos(AbstractQueuedSynchronizer.java:2078)
        at org.eclipse.jetty.util.BlockingArrayQueue.poll(BlockingArrayQueue.java:392)
        at org.eclipse.jetty.util.thread.QueuedThreadPool.idleJobPoll(QueuedThreadPool.java:563)
        at org.eclipse.jetty.util.thread.QueuedThreadPool.access$800(QueuedThreadPool.java:48)
        at org.eclipse.jetty.util.thread.QueuedThreadPool$2.run(QueuedThreadPool.java:626)
        at java.lang.Thread.run(Thread.java:748)
"BlockDeletingService#0" daemon prio=5 tid=623 in Object.wait()
java.lang.Thread.State: WAITING (on object monitor)
        at sun.misc.Unsafe.park(Native Method)
        at java.util.concurrent.locks.LockSupport.park(LockSupport.java:175)
        at java.util.concurrent.locks.AbstractQueuedSynchronizer$ConditionObject.await(AbstractQueuedSynchronizer.java:2039)
        at java.util.concurrent.ScheduledThreadPoolExecutor$DelayedWorkQueue.take(ScheduledThreadPoolExecutor.java:1088)
        at java.util.concurrent.ScheduledThreadPoolExecutor$DelayedWorkQueue.take(ScheduledThreadPoolExecutor.java:809)
        at java.util.concurrent.ThreadPoolExecutor.getTask(ThreadPoolExecutor.java:1074)
        at java.util.concurrent.ThreadPoolExecutor.runWorker(ThreadPoolExecutor.java:1134)
        at java.util.concurrent.ThreadPoolExecutor$Worker.run(ThreadPoolExecutor.java:624)
        at java.lang.Thread.run(Thread.java:748)
"pool-66-thread-56"  prio=5 tid=618 in Object.wait()
java.lang.Thread.State: WAITING (on object monitor)
        at sun.misc.Unsafe.park(Native Method)
        at java.util.concurrent.locks.LockSupport.park(LockSupport.java:175)
        at java.util.concurrent.locks.AbstractQueuedSynchronizer$ConditionObject.await(AbstractQueuedSynchronizer.java:2039)
        at java.util.concurrent.ArrayBlockingQueue.take(ArrayBlockingQueue.java:403)
        at java.util.concurrent.ThreadPoolExecutor.getTask(ThreadPoolExecutor.java:1074)
        at java.util.concurrent.ThreadPoolExecutor.runWorker(ThreadPoolExecutor.java:1134)
        at java.util.concurrent.ThreadPoolExecutor$Worker.run(ThreadPoolExecutor.java:624)
        at java.lang.Thread.run(Thread.java:748)
"Datanode ReportManager Thread - 0" daemon prio=5 tid=306 in Object.wait()
java.lang.Thread.State: WAITING (on object monitor)
        at sun.misc.Unsafe.park(Native Method)
        at java.util.concurrent.locks.LockSupport.park(LockSupport.java:175)
        at java.util.concurrent.locks.AbstractQueuedSynchronizer$ConditionObject.await(AbstractQueuedSynchronizer.java:2039)
        at java.util.concurrent.ScheduledThreadPoolExecutor$DelayedWorkQueue.take(ScheduledThreadPoolExecutor.java:1088)
        at java.util.concurrent.ScheduledThreadPoolExecutor$DelayedWorkQueue.take(ScheduledThreadPoolExecutor.java:809)
        at java.util.concurrent.ThreadPoolExecutor.getTask(ThreadPoolExecutor.java:1074)
        at java.util.concurrent.ThreadPoolExecutor.runWorker(ThreadPoolExecutor.java:1134)
        at java.util.concurrent.ThreadPoolExecutor$Worker.run(ThreadPoolExecutor.java:624)
        at java.lang.Thread.run(Thread.java:748)
"19e67e26-3d21-4d01-be9f-29113a4a814c@group-25E28834D101-SegmentedRaftLogWorker"  prio=5 tid=713 timed_waiting
java.lang.Thread.State: TIMED_WAITING
        at sun.misc.Unsafe.park(Native Method)
        at java.util.concurrent.locks.LockSupport.parkNanos(LockSupport.java:215)
        at java.util.concurrent.locks.AbstractQueuedSynchronizer$ConditionObject.awaitNanos(AbstractQueuedSynchronizer.java:2078)
        at org.apache.ratis.util.DataBlockingQueue.poll(DataBlockingQueue.java:137)
        at org.apache.ratis.server.raftlog.segmented.SegmentedRaftLogWorker.run(SegmentedRaftLogWorker.java:283)
        at java.lang.Thread.run(Thread.java:748)
"metrics-hadoop-metrics2-reporter-11-thread-1" daemon prio=5 tid=743 timed_waiting
java.lang.Thread.State: TIMED_WAITING
        at sun.misc.Unsafe.park(Native Method)
        at java.util.concurrent.locks.LockSupport.parkNanos(LockSupport.java:215)
        at java.util.concurrent.locks.AbstractQueuedSynchronizer$ConditionObject.awaitNanos(AbstractQueuedSynchronizer.java:2078)
        at java.util.concurrent.ScheduledThreadPoolExecutor$DelayedWorkQueue.take(ScheduledThreadPoolExecutor.java:1093)
        at java.util.concurrent.ScheduledThreadPoolExecutor$DelayedWorkQueue.take(ScheduledThreadPoolExecutor.java:809)
        at java.util.concurrent.ThreadPoolExecutor.getTask(ThreadPoolExecutor.java:1074)
        at java.util.concurrent.ThreadPoolExecutor.runWorker(ThreadPoolExecutor.java:1134)
        at java.util.concurrent.ThreadPoolExecutor$Worker.run(ThreadPoolExecutor.java:624)
        at java.lang.Thread.run(Thread.java:748)
"IPC Server handler 9 on 37215" daemon prio=5 tid=58 timed_waiting
java.lang.Thread.State: TIMED_WAITING
        at sun.misc.Unsafe.park(Native Method)
        at java.util.concurrent.locks.LockSupport.parkNanos(LockSupport.java:215)
        at java.util.concurrent.locks.AbstractQueuedSynchronizer$ConditionObject.awaitNanos(AbstractQueuedSynchronizer.java:2078)
        at java.util.concurrent.LinkedBlockingQueue.poll(LinkedBlockingQueue.java:467)
        at org.apache.hadoop.ipc.CallQueueManager.take(CallQueueManager.java:288)
        at org.apache.hadoop.ipc.Server$Handler.run(Server.java:2668)
"e081c0a5-acfc-4a29-8262-ee158adf5b11@group-4519217FD965-StateMachineUpdater" daemon prio=5 tid=891 in Object.wait()
java.lang.Thread.State: WAITING (on object monitor)
        at java.lang.Object.wait(Native Method)
        at java.lang.Object.wait(Object.java:502)
        at org.apache.ratis.server.impl.StateMachineUpdater.waitForCommit(StateMachineUpdater.java:183)
        at org.apache.ratis.server.impl.StateMachineUpdater.run(StateMachineUpdater.java:148)
        at java.lang.Thread.run(Thread.java:748)
"pool-76-thread-40"  prio=5 tid=664 in Object.wait()
java.lang.Thread.State: WAITING (on object monitor)
        at sun.misc.Unsafe.park(Native Method)
        at java.util.concurrent.locks.LockSupport.park(LockSupport.java:175)
        at java.util.concurrent.locks.AbstractQueuedSynchronizer$ConditionObject.await(AbstractQueuedSynchronizer.java:2039)
        at java.util.concurrent.ArrayBlockingQueue.take(ArrayBlockingQueue.java:403)
        at java.util.concurrent.ThreadPoolExecutor.getTask(ThreadPoolExecutor.java:1074)
        at java.util.concurrent.ThreadPoolExecutor.runWorker(ThreadPoolExecutor.java:1134)
        at java.util.concurrent.ThreadPoolExecutor$Worker.run(ThreadPoolExecutor.java:624)
        at java.lang.Thread.run(Thread.java:748)
"b7064b77-9271-4e94-8225-85d895886efb@group-CDCB2C8C105A-StateMachineUpdater" daemon prio=5 tid=722 in Object.wait()
java.lang.Thread.State: WAITING (on object monitor)
        at java.lang.Object.wait(Native Method)
        at java.lang.Object.wait(Object.java:502)
        at org.apache.ratis.server.impl.StateMachineUpdater.waitForCommit(StateMachineUpdater.java:183)
        at org.apache.ratis.server.impl.StateMachineUpdater.run(StateMachineUpdater.java:148)
        at java.lang.Thread.run(Thread.java:748)
"metrics-hadoop-metrics2-reporter-43-thread-1" daemon prio=5 tid=902 timed_waiting
java.lang.Thread.State: TIMED_WAITING
        at sun.misc.Unsafe.park(Native Method)
        at java.util.concurrent.locks.LockSupport.parkNanos(LockSupport.java:215)
        at java.util.concurrent.locks.AbstractQueuedSynchronizer$ConditionObject.awaitNanos(AbstractQueuedSynchronizer.java:2078)
        at java.util.concurrent.ScheduledThreadPoolExecutor$DelayedWorkQueue.take(ScheduledThreadPoolExecutor.java:1093)
        at java.util.concurrent.ScheduledThreadPoolExecutor$DelayedWorkQueue.take(ScheduledThreadPoolExecutor.java:809)
        at java.util.concurrent.ThreadPoolExecutor.getTask(ThreadPoolExecutor.java:1074)
        at java.util.concurrent.ThreadPoolExecutor.runWorker(ThreadPoolExecutor.java:1134)
        at java.util.concurrent.ThreadPoolExecutor$Worker.run(ThreadPoolExecutor.java:624)
        at java.lang.Thread.run(Thread.java:748)
"b7064b77-9271-4e94-8225-85d895886efb@group-B9DEF2EDD277-StateMachineUpdater" daemon prio=5 tid=822 in Object.wait()
java.lang.Thread.State: WAITING (on object monitor)
        at java.lang.Object.wait(Native Method)
        at java.lang.Object.wait(Object.java:502)
        at org.apache.ratis.server.impl.StateMachineUpdater.waitForCommit(StateMachineUpdater.java:183)
        at org.apache.ratis.server.impl.StateMachineUpdater.run(StateMachineUpdater.java:148)
        at java.lang.Thread.run(Thread.java:748)
"Periodic HDDS volume checker"  prio=5 tid=206 timed_waiting
java.lang.Thread.State: TIMED_WAITING
        at sun.misc.Unsafe.park(Native Method)
        at java.util.concurrent.locks.LockSupport.parkNanos(LockSupport.java:215)
        at java.util.concurrent.locks.AbstractQueuedSynchronizer$ConditionObject.awaitNanos(AbstractQueuedSynchronizer.java:2078)
        at java.util.concurrent.ScheduledThreadPoolExecutor$DelayedWorkQueue.take(ScheduledThreadPoolExecutor.java:1093)
        at java.util.concurrent.ScheduledThreadPoolExecutor$DelayedWorkQueue.take(ScheduledThreadPoolExecutor.java:809)
        at java.util.concurrent.ThreadPoolExecutor.getTask(ThreadPoolExecutor.java:1074)
        at java.util.concurrent.ThreadPoolExecutor.runWorker(ThreadPoolExecutor.java:1134)
        at java.util.concurrent.ThreadPoolExecutor$Worker.run(ThreadPoolExecutor.java:624)
        at java.lang.Thread.run(Thread.java:748)
"b7064b77-9271-4e94-8225-85d895886efb@group-47DBAAEC82C8-SegmentedRaftLogWorker"  prio=5 tid=756 timed_waiting
java.lang.Thread.State: TIMED_WAITING
        at sun.misc.Unsafe.park(Native Method)
        at java.util.concurrent.locks.LockSupport.parkNanos(LockSupport.java:215)
        at java.util.concurrent.locks.AbstractQueuedSynchronizer$ConditionObject.awaitNanos(AbstractQueuedSynchronizer.java:2078)
        at org.apache.ratis.util.DataBlockingQueue.poll(DataBlockingQueue.java:137)
        at org.apache.ratis.server.raftlog.segmented.SegmentedRaftLogWorker.run(SegmentedRaftLogWorker.java:283)
        at java.lang.Thread.run(Thread.java:748)
"pool-66-thread-48"  prio=5 tid=610 in Object.wait()
java.lang.Thread.State: WAITING (on object monitor)
        at sun.misc.Unsafe.park(Native Method)
        at java.util.concurrent.locks.LockSupport.park(LockSupport.java:175)
        at java.util.concurrent.locks.AbstractQueuedSynchronizer$ConditionObject.await(AbstractQueuedSynchronizer.java:2039)
        at java.util.concurrent.ArrayBlockingQueue.take(ArrayBlockingQueue.java:403)
        at java.util.concurrent.ThreadPoolExecutor.getTask(ThreadPoolExecutor.java:1074)
        at java.util.concurrent.ThreadPoolExecutor.runWorker(ThreadPoolExecutor.java:1134)
        at java.util.concurrent.ThreadPoolExecutor$Worker.run(ThreadPoolExecutor.java:624)
        at java.lang.Thread.run(Thread.java:748)
"Periodic HDDS volume checker"  prio=5 tid=233 timed_waiting
java.lang.Thread.State: TIMED_WAITING
        at sun.misc.Unsafe.park(Native Method)
        at java.util.concurrent.locks.LockSupport.parkNanos(LockSupport.java:215)
        at java.util.concurrent.locks.AbstractQueuedSynchronizer$ConditionObject.awaitNanos(AbstractQueuedSynchronizer.java:2078)
        at java.util.concurrent.ScheduledThreadPoolExecutor$DelayedWorkQueue.take(ScheduledThreadPoolExecutor.java:1093)
        at java.util.concurrent.ScheduledThreadPoolExecutor$DelayedWorkQueue.take(ScheduledThreadPoolExecutor.java:809)
        at java.util.concurrent.ThreadPoolExecutor.getTask(ThreadPoolExecutor.java:1074)
        at java.util.concurrent.ThreadPoolExecutor.runWorker(ThreadPoolExecutor.java:1134)
        at java.util.concurrent.ThreadPoolExecutor$Worker.run(ThreadPoolExecutor.java:624)
        at java.lang.Thread.run(Thread.java:748)
"pool-26-thread-2"  prio=5 tid=315 in Object.wait()
java.lang.Thread.State: WAITING (on object monitor)
        at sun.misc.Unsafe.park(Native Method)
        at java.util.concurrent.locks.LockSupport.park(LockSupport.java:175)
        at java.util.concurrent.locks.AbstractQueuedSynchronizer$ConditionObject.await(AbstractQueuedSynchronizer.java:2039)
        at java.util.concurrent.ArrayBlockingQueue.take(ArrayBlockingQueue.java:403)
        at java.util.concurrent.ThreadPoolExecutor.getTask(ThreadPoolExecutor.java:1074)
        at java.util.concurrent.ThreadPoolExecutor.runWorker(ThreadPoolExecutor.java:1134)
        at java.util.concurrent.ThreadPoolExecutor$Worker.run(ThreadPoolExecutor.java:624)
        at java.lang.Thread.run(Thread.java:748)
"qtp1235908203-139" daemon prio=5 tid=139 timed_waiting
java.lang.Thread.State: TIMED_WAITING
        at sun.misc.Unsafe.park(Native Method)
        at java.util.concurrent.locks.LockSupport.parkNanos(LockSupport.java:215)
        at java.util.concurrent.locks.AbstractQueuedSynchronizer$ConditionObject.awaitNanos(AbstractQueuedSynchronizer.java:2078)
        at org.eclipse.jetty.util.BlockingArrayQueue.poll(BlockingArrayQueue.java:392)
        at org.eclipse.jetty.util.thread.QueuedThreadPool.idleJobPoll(QueuedThreadPool.java:563)
        at org.eclipse.jetty.util.thread.QueuedThreadPool.access$800(QueuedThreadPool.java:48)
        at org.eclipse.jetty.util.thread.QueuedThreadPool$2.run(QueuedThreadPool.java:626)
        at java.lang.Thread.run(Thread.java:748)
"BlockDeletingService#2" daemon prio=5 tid=1727 in Object.wait()
java.lang.Thread.State: WAITING (on object monitor)
        at sun.misc.Unsafe.park(Native Method)
        at java.util.concurrent.locks.LockSupport.park(LockSupport.java:175)
        at java.util.concurrent.locks.AbstractQueuedSynchronizer$ConditionObject.await(AbstractQueuedSynchronizer.java:2039)
        at java.util.concurrent.ScheduledThreadPoolExecutor$DelayedWorkQueue.take(ScheduledThreadPoolExecutor.java:1088)
        at java.util.concurrent.ScheduledThreadPoolExecutor$DelayedWorkQueue.take(ScheduledThreadPoolExecutor.java:809)
        at java.util.concurrent.ThreadPoolExecutor.getTask(ThreadPoolExecutor.java:1074)
        at java.util.concurrent.ThreadPoolExecutor.runWorker(ThreadPoolExecutor.java:1134)
        at java.util.concurrent.ThreadPoolExecutor$Worker.run(ThreadPoolExecutor.java:624)
        at java.lang.Thread.run(Thread.java:748)
"grpc-default-executor-1" daemon prio=5 tid=705 timed_waiting
java.lang.Thread.State: TIMED_WAITING
        at sun.misc.Unsafe.park(Native Method)
        at java.util.concurrent.locks.LockSupport.parkNanos(LockSupport.java:215)
        at java.util.concurrent.SynchronousQueue$TransferStack.awaitFulfill(SynchronousQueue.java:460)
        at java.util.concurrent.SynchronousQueue$TransferStack.transfer(SynchronousQueue.java:362)
        at java.util.concurrent.SynchronousQueue.poll(SynchronousQueue.java:941)
        at java.util.concurrent.ThreadPoolExecutor.getTask(ThreadPoolExecutor.java:1073)
        at java.util.concurrent.ThreadPoolExecutor.runWorker(ThreadPoolExecutor.java:1134)
        at java.util.concurrent.ThreadPoolExecutor$Worker.run(ThreadPoolExecutor.java:624)
        at java.lang.Thread.run(Thread.java:748)
"pool-36-thread-8"  prio=5 tid=381 in Object.wait()
java.lang.Thread.State: WAITING (on object monitor)
        at sun.misc.Unsafe.park(Native Method)
        at java.util.concurrent.locks.LockSupport.park(LockSupport.java:175)
        at java.util.concurrent.locks.AbstractQueuedSynchronizer$ConditionObject.await(AbstractQueuedSynchronizer.java:2039)
        at java.util.concurrent.ArrayBlockingQueue.take(ArrayBlockingQueue.java:403)
        at java.util.concurrent.ThreadPoolExecutor.getTask(ThreadPoolExecutor.java:1074)
        at java.util.concurrent.ThreadPoolExecutor.runWorker(ThreadPoolExecutor.java:1134)
        at java.util.concurrent.ThreadPoolExecutor$Worker.run(ThreadPoolExecutor.java:624)
        at java.lang.Thread.run(Thread.java:748)
"org.apache.ratis.server.impl.LogAppender$AppenderDaemon$$Lambda$418/858148741@7d836c68" daemon prio=5 tid=1805 timed_waiting
java.lang.Thread.State: TIMED_WAITING
        at java.lang.Object.wait(Native Method)
        at org.apache.ratis.grpc.server.GrpcLogAppender.mayWait(GrpcLogAppender.java:141)
        at org.apache.ratis.grpc.server.GrpcLogAppender.runAppenderImpl(GrpcLogAppender.java:95)
        at org.apache.ratis.server.impl.LogAppender$AppenderDaemon.run(LogAppender.java:76)
        at org.apache.ratis.server.impl.LogAppender$AppenderDaemon$$Lambda$418/858148741.run(Unknown Source)
        at java.lang.Thread.run(Thread.java:748)
"BlockDeletingService#2" daemon prio=5 tid=1725 in Object.wait()
java.lang.Thread.State: WAITING (on object monitor)
        at sun.misc.Unsafe.park(Native Method)
        at java.util.concurrent.locks.LockSupport.park(LockSupport.java:175)
        at java.util.concurrent.locks.AbstractQueuedSynchronizer$ConditionObject.await(AbstractQueuedSynchronizer.java:2039)
        at java.util.concurrent.ScheduledThreadPoolExecutor$DelayedWorkQueue.take(ScheduledThreadPoolExecutor.java:1088)
        at java.util.concurrent.ScheduledThreadPoolExecutor$DelayedWorkQueue.take(ScheduledThreadPoolExecutor.java:809)
        at java.util.concurrent.ThreadPoolExecutor.getTask(ThreadPoolExecutor.java:1074)
        at java.util.concurrent.ThreadPoolExecutor.runWorker(ThreadPoolExecutor.java:1134)
        at java.util.concurrent.ThreadPoolExecutor$Worker.run(ThreadPoolExecutor.java:624)
        at java.lang.Thread.run(Thread.java:748)
"pool-56-thread-51"  prio=5 tid=545 in Object.wait()
java.lang.Thread.State: WAITING (on object monitor)
        at sun.misc.Unsafe.park(Native Method)
        at java.util.concurrent.locks.LockSupport.park(LockSupport.java:175)
        at java.util.concurrent.locks.AbstractQueuedSynchronizer$ConditionObject.await(AbstractQueuedSynchronizer.java:2039)
        at java.util.concurrent.ArrayBlockingQueue.take(ArrayBlockingQueue.java:403)
        at java.util.concurrent.ThreadPoolExecutor.getTask(ThreadPoolExecutor.java:1074)
        at java.util.concurrent.ThreadPoolExecutor.runWorker(ThreadPoolExecutor.java:1134)
        at java.util.concurrent.ThreadPoolExecutor$Worker.run(ThreadPoolExecutor.java:624)
        at java.lang.Thread.run(Thread.java:748)
"Datanode ReportManager Thread - 3" daemon prio=5 tid=282 in Object.wait()
java.lang.Thread.State: WAITING (on object monitor)
        at sun.misc.Unsafe.park(Native Method)
        at java.util.concurrent.locks.LockSupport.park(LockSupport.java:175)
        at java.util.concurrent.locks.AbstractQueuedSynchronizer$ConditionObject.await(AbstractQueuedSynchronizer.java:2039)
        at java.util.concurrent.ScheduledThreadPoolExecutor$DelayedWorkQueue.take(ScheduledThreadPoolExecutor.java:1088)
        at java.util.concurrent.ScheduledThreadPoolExecutor$DelayedWorkQueue.take(ScheduledThreadPoolExecutor.java:809)
        at java.util.concurrent.ThreadPoolExecutor.getTask(ThreadPoolExecutor.java:1074)
        at java.util.concurrent.ThreadPoolExecutor.runWorker(ThreadPoolExecutor.java:1134)
        at java.util.concurrent.ThreadPoolExecutor$Worker.run(ThreadPoolExecutor.java:624)
        at java.lang.Thread.run(Thread.java:748)
"pool-56-thread-40"  prio=5 tid=534 in Object.wait()
java.lang.Thread.State: WAITING (on object monitor)
        at sun.misc.Unsafe.park(Native Method)
        at java.util.concurrent.locks.LockSupport.park(LockSupport.java:175)
        at java.util.concurrent.locks.AbstractQueuedSynchronizer$ConditionObject.await(AbstractQueuedSynchronizer.java:2039)
        at java.util.concurrent.ArrayBlockingQueue.take(ArrayBlockingQueue.java:403)
        at java.util.concurrent.ThreadPoolExecutor.getTask(ThreadPoolExecutor.java:1074)
        at java.util.concurrent.ThreadPoolExecutor.runWorker(ThreadPoolExecutor.java:1134)
        at java.util.concurrent.ThreadPoolExecutor$Worker.run(ThreadPoolExecutor.java:624)
        at java.lang.Thread.run(Thread.java:748)
"org.apache.ratis.server.impl.LogAppender$AppenderDaemon$$Lambda$418/858148741@46774d23" daemon prio=5 tid=1838 timed_waiting
java.lang.Thread.State: TIMED_WAITING
        at java.lang.Object.wait(Native Method)
        at org.apache.ratis.grpc.server.GrpcLogAppender.mayWait(GrpcLogAppender.java:141)
        at org.apache.ratis.grpc.server.GrpcLogAppender.runAppenderImpl(GrpcLogAppender.java:95)
        at org.apache.ratis.server.impl.LogAppender$AppenderDaemon.run(LogAppender.java:76)
        at org.apache.ratis.server.impl.LogAppender$AppenderDaemon$$Lambda$418/858148741.run(Unknown Source)
        at java.lang.Thread.run(Thread.java:748)
"IPC Server handler 16 on 37215" daemon prio=5 tid=65 timed_waiting
java.lang.Thread.State: TIMED_WAITING
        at sun.misc.Unsafe.park(Native Method)
        at java.util.concurrent.locks.LockSupport.parkNanos(LockSupport.java:215)
        at java.util.concurrent.locks.AbstractQueuedSynchronizer$ConditionObject.awaitNanos(AbstractQueuedSynchronizer.java:2078)
        at java.util.concurrent.LinkedBlockingQueue.poll(LinkedBlockingQueue.java:467)
        at org.apache.hadoop.ipc.CallQueueManager.take(CallQueueManager.java:288)
        at org.apache.hadoop.ipc.Server$Handler.run(Server.java:2668)
"pool-46-thread-31"  prio=5 tid=464 in Object.wait()
java.lang.Thread.State: WAITING (on object monitor)
        at sun.misc.Unsafe.park(Native Method)
        at java.util.concurrent.locks.LockSupport.park(LockSupport.java:175)
        at java.util.concurrent.locks.AbstractQueuedSynchronizer$ConditionObject.await(AbstractQueuedSynchronizer.java:2039)
        at java.util.concurrent.ArrayBlockingQueue.take(ArrayBlockingQueue.java:403)
        at java.util.concurrent.ThreadPoolExecutor.getTask(ThreadPoolExecutor.java:1074)
        at java.util.concurrent.ThreadPoolExecutor.runWorker(ThreadPoolExecutor.java:1134)
        at java.util.concurrent.ThreadPoolExecutor$Worker.run(ThreadPoolExecutor.java:624)
        at java.lang.Thread.run(Thread.java:748)
"pool-56-thread-5"  prio=5 tid=499 in Object.wait()
java.lang.Thread.State: WAITING (on object monitor)
        at sun.misc.Unsafe.park(Native Method)
        at java.util.concurrent.locks.LockSupport.park(LockSupport.java:175)
        at java.util.concurrent.locks.AbstractQueuedSynchronizer$ConditionObject.await(AbstractQueuedSynchronizer.java:2039)
        at java.util.concurrent.ArrayBlockingQueue.take(ArrayBlockingQueue.java:403)
        at java.util.concurrent.ThreadPoolExecutor.getTask(ThreadPoolExecutor.java:1074)
        at java.util.concurrent.ThreadPoolExecutor.runWorker(ThreadPoolExecutor.java:1134)
        at java.util.concurrent.ThreadPoolExecutor$Worker.run(ThreadPoolExecutor.java:624)
        at java.lang.Thread.run(Thread.java:748)
"pool-46-thread-49"  prio=5 tid=482 in Object.wait()
java.lang.Thread.State: WAITING (on object monitor)
        at sun.misc.Unsafe.park(Native Method)
        at java.util.concurrent.locks.LockSupport.park(LockSupport.java:175)
        at java.util.concurrent.locks.AbstractQueuedSynchronizer$ConditionObject.await(AbstractQueuedSynchronizer.java:2039)
        at java.util.concurrent.ArrayBlockingQueue.take(ArrayBlockingQueue.java:403)
        at java.util.concurrent.ThreadPoolExecutor.getTask(ThreadPoolExecutor.java:1074)
        at java.util.concurrent.ThreadPoolExecutor.runWorker(ThreadPoolExecutor.java:1134)
        at java.util.concurrent.ThreadPoolExecutor$Worker.run(ThreadPoolExecutor.java:624)
        at java.lang.Thread.run(Thread.java:748)
"Thread-1267" daemon prio=5 tid=1863 timed_waiting
java.lang.Thread.State: TIMED_WAITING
        at java.lang.Thread.sleep(Native Method)
        at org.apache.ratis.util.JavaUtils.sleep(JavaUtils.java:247)
        at org.apache.ratis.server.impl.FollowerState.run(FollowerState.java:96)
"e081c0a5-acfc-4a29-8262-ee158adf5b11@group-6E9EB1C0F638-SegmentedRaftLogWorker"  prio=5 tid=860 timed_waiting
java.lang.Thread.State: TIMED_WAITING
        at sun.misc.Unsafe.park(Native Method)
        at java.util.concurrent.locks.LockSupport.parkNanos(LockSupport.java:215)
        at java.util.concurrent.locks.AbstractQueuedSynchronizer$ConditionObject.awaitNanos(AbstractQueuedSynchronizer.java:2078)
        at org.apache.ratis.util.DataBlockingQueue.poll(DataBlockingQueue.java:137)
        at org.apache.ratis.server.raftlog.segmented.SegmentedRaftLogWorker.run(SegmentedRaftLogWorker.java:283)
        at java.lang.Thread.run(Thread.java:748)
"d0888866-0bad-4f41-ad37-dccd4a57b958@group-CDCB2C8C105A-SegmentedRaftLogWorker"  prio=5 tid=724 timed_waiting
java.lang.Thread.State: TIMED_WAITING
        at sun.misc.Unsafe.park(Native Method)
        at java.util.concurrent.locks.LockSupport.parkNanos(LockSupport.java:215)
        at java.util.concurrent.locks.AbstractQueuedSynchronizer$ConditionObject.awaitNanos(AbstractQueuedSynchronizer.java:2078)
        at org.apache.ratis.util.DataBlockingQueue.poll(DataBlockingQueue.java:137)
        at org.apache.ratis.server.raftlog.segmented.SegmentedRaftLogWorker.run(SegmentedRaftLogWorker.java:283)
        at java.lang.Thread.run(Thread.java:748)
"Command processor thread" daemon prio=5 tid=202 timed_waiting
java.lang.Thread.State: TIMED_WAITING
        at java.lang.Thread.sleep(Native Method)
        at org.apache.hadoop.ozone.container.common.statemachine.DatanodeStateMachine.lambda$initCommandHandlerThread$1(DatanodeStateMachine.java:439)
        at org.apache.hadoop.ozone.container.common.statemachine.DatanodeStateMachine$$Lambda$139/2094549442.run(Unknown Source)
        at java.lang.Thread.run(Thread.java:748)
"Datanode ReportManager Thread - 0" daemon prio=5 tid=198 in Object.wait()
java.lang.Thread.State: WAITING (on object monitor)
        at sun.misc.Unsafe.park(Native Method)
        at java.util.concurrent.locks.LockSupport.park(LockSupport.java:175)
        at java.util.concurrent.locks.AbstractQueuedSynchronizer$ConditionObject.await(AbstractQueuedSynchronizer.java:2039)
        at java.util.concurrent.ScheduledThreadPoolExecutor$DelayedWorkQueue.take(ScheduledThreadPoolExecutor.java:1088)
        at java.util.concurrent.ScheduledThreadPoolExecutor$DelayedWorkQueue.take(ScheduledThreadPoolExecutor.java:809)
        at java.util.concurrent.ThreadPoolExecutor.getTask(ThreadPoolExecutor.java:1074)
        at java.util.concurrent.ThreadPoolExecutor.runWorker(ThreadPoolExecutor.java:1134)
        at java.util.concurrent.ThreadPoolExecutor$Worker.run(ThreadPoolExecutor.java:624)
        at java.lang.Thread.run(Thread.java:748)
"org.apache.ratis.server.impl.LogAppender$AppenderDaemon$$Lambda$418/858148741@177236f6" daemon prio=5 tid=1810 timed_waiting
java.lang.Thread.State: TIMED_WAITING
        at java.lang.Object.wait(Native Method)
        at org.apache.ratis.grpc.server.GrpcLogAppender.mayWait(GrpcLogAppender.java:141)
        at org.apache.ratis.grpc.server.GrpcLogAppender.runAppenderImpl(GrpcLogAppender.java:95)
        at org.apache.ratis.server.impl.LogAppender$AppenderDaemon.run(LogAppender.java:76)
        at org.apache.ratis.server.impl.LogAppender$AppenderDaemon$$Lambda$418/858148741.run(Unknown Source)
        at java.lang.Thread.run(Thread.java:748)
"pool-66-thread-23"  prio=5 tid=585 in Object.wait()
java.lang.Thread.State: WAITING (on object monitor)
        at sun.misc.Unsafe.park(Native Method)
        at java.util.concurrent.locks.LockSupport.park(LockSupport.java:175)
        at java.util.concurrent.locks.AbstractQueuedSynchronizer$ConditionObject.await(AbstractQueuedSynchronizer.java:2039)
        at java.util.concurrent.ArrayBlockingQueue.take(ArrayBlockingQueue.java:403)
        at java.util.concurrent.ThreadPoolExecutor.getTask(ThreadPoolExecutor.java:1074)
        at java.util.concurrent.ThreadPoolExecutor.runWorker(ThreadPoolExecutor.java:1134)
        at java.util.concurrent.ThreadPoolExecutor$Worker.run(ThreadPoolExecutor.java:624)
        at java.lang.Thread.run(Thread.java:748)
"Datanode State Machine Thread - 0" daemon prio=5 tid=170 timed_waiting
java.lang.Thread.State: TIMED_WAITING
        at java.lang.Thread.sleep(Native Method)
        at org.apache.hadoop.ozone.container.common.statemachine.DatanodeStateMachine.start(DatanodeStateMachine.java:191)
        at org.apache.hadoop.ozone.container.common.statemachine.DatanodeStateMachine.lambda$startDaemon$0(DatanodeStateMachine.java:349)
        at org.apache.hadoop.ozone.container.common.statemachine.DatanodeStateMachine$$Lambda$138/939829672.run(Unknown Source)
        at java.lang.Thread.run(Thread.java:748)
"metrics-hadoop-metrics2-reporter-38-thread-1" daemon prio=5 tid=878 timed_waiting
java.lang.Thread.State: TIMED_WAITING
        at sun.misc.Unsafe.park(Native Method)
        at java.util.concurrent.locks.LockSupport.parkNanos(LockSupport.java:215)
        at java.util.concurrent.locks.AbstractQueuedSynchronizer$ConditionObject.awaitNanos(AbstractQueuedSynchronizer.java:2078)
        at java.util.concurrent.ScheduledThreadPoolExecutor$DelayedWorkQueue.take(ScheduledThreadPoolExecutor.java:1093)
        at java.util.concurrent.ScheduledThreadPoolExecutor$DelayedWorkQueue.take(ScheduledThreadPoolExecutor.java:809)
        at java.util.concurrent.ThreadPoolExecutor.getTask(ThreadPoolExecutor.java:1074)
        at java.util.concurrent.ThreadPoolExecutor.runWorker(ThreadPoolExecutor.java:1134)
        at java.util.concurrent.ThreadPoolExecutor$Worker.run(ThreadPoolExecutor.java:624)
        at java.lang.Thread.run(Thread.java:748)
"IPC Server handler 8 on 45005" daemon prio=5 tid=37 timed_waiting
java.lang.Thread.State: TIMED_WAITING
        at sun.misc.Unsafe.park(Native Method)
        at java.util.concurrent.locks.LockSupport.parkNanos(LockSupport.java:215)
        at java.util.concurrent.locks.AbstractQueuedSynchronizer$ConditionObject.awaitNanos(AbstractQueuedSynchronizer.java:2078)
        at java.util.concurrent.LinkedBlockingQueue.poll(LinkedBlockingQueue.java:467)
        at org.apache.hadoop.ipc.CallQueueManager.take(CallQueueManager.java:288)
        at org.apache.hadoop.ipc.Server$Handler.run(Server.java:2668)
"metrics-hadoop-metrics2-reporter-36-thread-1" daemon prio=5 tid=867 timed_waiting
java.lang.Thread.State: TIMED_WAITING
        at sun.misc.Unsafe.park(Native Method)
        at java.util.concurrent.locks.LockSupport.parkNanos(LockSupport.java:215)
        at java.util.concurrent.locks.AbstractQueuedSynchronizer$ConditionObject.awaitNanos(AbstractQueuedSynchronizer.java:2078)
        at java.util.concurrent.ScheduledThreadPoolExecutor$DelayedWorkQueue.take(ScheduledThreadPoolExecutor.java:1093)
        at java.util.concurrent.ScheduledThreadPoolExecutor$DelayedWorkQueue.take(ScheduledThreadPoolExecutor.java:809)
        at java.util.concurrent.ThreadPoolExecutor.getTask(ThreadPoolExecutor.java:1074)
        at java.util.concurrent.ThreadPoolExecutor.runWorker(ThreadPoolExecutor.java:1134)
        at java.util.concurrent.ThreadPoolExecutor$Worker.run(ThreadPoolExecutor.java:624)
        at java.lang.Thread.run(Thread.java:748)
"pool-56-thread-2"  prio=5 tid=496 in Object.wait()
java.lang.Thread.State: WAITING (on object monitor)
        at sun.misc.Unsafe.park(Native Method)
        at java.util.concurrent.locks.LockSupport.park(LockSupport.java:175)
        at java.util.concurrent.locks.AbstractQueuedSynchronizer$ConditionObject.await(AbstractQueuedSynchronizer.java:2039)
        at java.util.concurrent.ArrayBlockingQueue.take(ArrayBlockingQueue.java:403)
        at java.util.concurrent.ThreadPoolExecutor.getTask(ThreadPoolExecutor.java:1074)
        at java.util.concurrent.ThreadPoolExecutor.runWorker(ThreadPoolExecutor.java:1134)
        at java.util.concurrent.ThreadPoolExecutor$Worker.run(ThreadPoolExecutor.java:624)
        at java.lang.Thread.run(Thread.java:748)
"19e67e26-3d21-4d01-be9f-29113a4a814c@group-B9DEF2EDD277-SegmentedRaftLogWorker"  prio=5 tid=818 timed_waiting
java.lang.Thread.State: TIMED_WAITING
        at sun.misc.Unsafe.park(Native Method)
        at java.util.concurrent.locks.LockSupport.parkNanos(LockSupport.java:215)
        at java.util.concurrent.locks.AbstractQueuedSynchronizer$ConditionObject.awaitNanos(AbstractQueuedSynchronizer.java:2078)
        at org.apache.ratis.util.DataBlockingQueue.poll(DataBlockingQueue.java:137)
        at org.apache.ratis.server.raftlog.segmented.SegmentedRaftLogWorker.run(SegmentedRaftLogWorker.java:283)
        at java.lang.Thread.run(Thread.java:748)
"IPC Client (1009326765) connection to /0.0.0.0:40029 from jenkins1000" daemon prio=5 tid=313 timed_waiting
java.lang.Thread.State: TIMED_WAITING
        at java.lang.Object.wait(Native Method)
        at org.apache.hadoop.ipc.Client$Connection.waitForWork(Client.java:1024)
        at org.apache.hadoop.ipc.Client$Connection.run(Client.java:1068)
"grpc-default-executor-19" daemon prio=5 tid=1866 timed_waiting
java.lang.Thread.State: TIMED_WAITING
        at sun.misc.Unsafe.park(Native Method)
        at java.util.concurrent.locks.LockSupport.parkNanos(LockSupport.java:215)
        at java.util.concurrent.SynchronousQueue$TransferStack.awaitFulfill(SynchronousQueue.java:460)
        at java.util.concurrent.SynchronousQueue$TransferStack.transfer(SynchronousQueue.java:362)
        at java.util.concurrent.SynchronousQueue.poll(SynchronousQueue.java:941)
        at java.util.concurrent.ThreadPoolExecutor.getTask(ThreadPoolExecutor.java:1073)
        at java.util.concurrent.ThreadPoolExecutor.runWorker(ThreadPoolExecutor.java:1134)
        at java.util.concurrent.ThreadPoolExecutor$Worker.run(ThreadPoolExecutor.java:624)
        at java.lang.Thread.run(Thread.java:748)
"pool-76-thread-33"  prio=5 tid=657 in Object.wait()
java.lang.Thread.State: WAITING (on object monitor)
        at sun.misc.Unsafe.park(Native Method)
        at java.util.concurrent.locks.LockSupport.park(LockSupport.java:175)
        at java.util.concurrent.locks.AbstractQueuedSynchronizer$ConditionObject.await(AbstractQueuedSynchronizer.java:2039)
        at java.util.concurrent.ArrayBlockingQueue.take(ArrayBlockingQueue.java:403)
        at java.util.concurrent.ThreadPoolExecutor.getTask(ThreadPoolExecutor.java:1074)
        at java.util.concurrent.ThreadPoolExecutor.runWorker(ThreadPoolExecutor.java:1134)
        at java.util.concurrent.ThreadPoolExecutor$Worker.run(ThreadPoolExecutor.java:624)
        at java.lang.Thread.run(Thread.java:748)
"org.apache.ratis.server.impl.LogAppender$AppenderDaemon$$Lambda$418/858148741@bb81dcb" daemon prio=5 tid=1835 timed_waiting
java.lang.Thread.State: TIMED_WAITING
        at java.lang.Object.wait(Native Method)
        at org.apache.ratis.grpc.server.GrpcLogAppender.mayWait(GrpcLogAppender.java:141)
        at org.apache.ratis.grpc.server.GrpcLogAppender.runAppenderImpl(GrpcLogAppender.java:95)
        at org.apache.ratis.server.impl.LogAppender$AppenderDaemon.run(LogAppender.java:76)
        at org.apache.ratis.server.impl.LogAppender$AppenderDaemon$$Lambda$418/858148741.run(Unknown Source)
        at java.lang.Thread.run(Thread.java:748)
"pool-36-thread-56"  prio=5 tid=429 in Object.wait()
java.lang.Thread.State: WAITING (on object monitor)
        at sun.misc.Unsafe.park(Native Method)
        at java.util.concurrent.locks.LockSupport.park(LockSupport.java:175)
        at java.util.concurrent.locks.AbstractQueuedSynchronizer$ConditionObject.await(AbstractQueuedSynchronizer.java:2039)
        at java.util.concurrent.ArrayBlockingQueue.take(ArrayBlockingQueue.java:403)
        at java.util.concurrent.ThreadPoolExecutor.getTask(ThreadPoolExecutor.java:1074)
        at java.util.concurrent.ThreadPoolExecutor.runWorker(ThreadPoolExecutor.java:1134)
        at java.util.concurrent.ThreadPoolExecutor$Worker.run(ThreadPoolExecutor.java:624)
        at java.lang.Thread.run(Thread.java:748)
"pool-56-thread-53"  prio=5 tid=547 in Object.wait()
java.lang.Thread.State: WAITING (on object monitor)
        at sun.misc.Unsafe.park(Native Method)
        at java.util.concurrent.locks.LockSupport.park(LockSupport.java:175)
        at java.util.concurrent.locks.AbstractQueuedSynchronizer$ConditionObject.await(AbstractQueuedSynchronizer.java:2039)
        at java.util.concurrent.ArrayBlockingQueue.take(ArrayBlockingQueue.java:403)
        at java.util.concurrent.ThreadPoolExecutor.getTask(ThreadPoolExecutor.java:1074)
        at java.util.concurrent.ThreadPoolExecutor.runWorker(ThreadPoolExecutor.java:1134)
        at java.util.concurrent.ThreadPoolExecutor$Worker.run(ThreadPoolExecutor.java:624)
        at java.lang.Thread.run(Thread.java:748)
"qtp1507604180-192" daemon prio=5 tid=192 timed_waiting
java.lang.Thread.State: TIMED_WAITING
        at sun.misc.Unsafe.park(Native Method)
        at java.util.concurrent.locks.LockSupport.parkNanos(LockSupport.java:215)
        at java.util.concurrent.locks.AbstractQueuedSynchronizer$ConditionObject.awaitNanos(AbstractQueuedSynchronizer.java:2078)
        at org.eclipse.jetty.util.BlockingArrayQueue.poll(BlockingArrayQueue.java:392)
        at org.eclipse.jetty.util.thread.QueuedThreadPool.idleJobPoll(QueuedThreadPool.java:563)
        at org.eclipse.jetty.util.thread.QueuedThreadPool.access$800(QueuedThreadPool.java:48)
        at org.eclipse.jetty.util.thread.QueuedThreadPool$2.run(QueuedThreadPool.java:626)
        at java.lang.Thread.run(Thread.java:748)
"metrics-hadoop-metrics2-reporter-32-thread-1" daemon prio=5 tid=848 timed_waiting
java.lang.Thread.State: TIMED_WAITING
        at sun.misc.Unsafe.park(Native Method)
        at java.util.concurrent.locks.LockSupport.parkNanos(LockSupport.java:215)
        at java.util.concurrent.locks.AbstractQueuedSynchronizer$ConditionObject.awaitNanos(AbstractQueuedSynchronizer.java:2078)
        at java.util.concurrent.ScheduledThreadPoolExecutor$DelayedWorkQueue.take(ScheduledThreadPoolExecutor.java:1093)
        at java.util.concurrent.ScheduledThreadPoolExecutor$DelayedWorkQueue.take(ScheduledThreadPoolExecutor.java:809)
        at java.util.concurrent.ThreadPoolExecutor.getTask(ThreadPoolExecutor.java:1074)
        at java.util.concurrent.ThreadPoolExecutor.runWorker(ThreadPoolExecutor.java:1134)
        at java.util.concurrent.ThreadPoolExecutor$Worker.run(ThreadPoolExecutor.java:624)
        at java.lang.Thread.run(Thread.java:748)
"pool-57-thread-1"  prio=5 tid=709 in Object.wait()
java.lang.Thread.State: WAITING (on object monitor)
        at sun.misc.Unsafe.park(Native Method)
        at java.util.concurrent.locks.LockSupport.park(LockSupport.java:175)
        at java.util.concurrent.locks.AbstractQueuedSynchronizer$ConditionObject.await(AbstractQueuedSynchronizer.java:2039)
        at java.util.concurrent.LinkedBlockingQueue.take(LinkedBlockingQueue.java:442)
        at java.util.concurrent.ThreadPoolExecutor.getTask(ThreadPoolExecutor.java:1074)
        at java.util.concurrent.ThreadPoolExecutor.runWorker(ThreadPoolExecutor.java:1134)
        at java.util.concurrent.ThreadPoolExecutor$Worker.run(ThreadPoolExecutor.java:624)
        at java.lang.Thread.run(Thread.java:748)
"pool-36-thread-15"  prio=5 tid=388 in Object.wait()
java.lang.Thread.State: WAITING (on object monitor)
        at sun.misc.Unsafe.park(Native Method)
        at java.util.concurrent.locks.LockSupport.park(LockSupport.java:175)
        at java.util.concurrent.locks.AbstractQueuedSynchronizer$ConditionObject.await(AbstractQueuedSynchronizer.java:2039)
        at java.util.concurrent.ArrayBlockingQueue.take(ArrayBlockingQueue.java:403)
        at java.util.concurrent.ThreadPoolExecutor.getTask(ThreadPoolExecutor.java:1074)
        at java.util.concurrent.ThreadPoolExecutor.runWorker(ThreadPoolExecutor.java:1134)
        at java.util.concurrent.ThreadPoolExecutor$Worker.run(ThreadPoolExecutor.java:624)
        at java.lang.Thread.run(Thread.java:748)
"pool-46-thread-45"  prio=5 tid=478 in Object.wait()
java.lang.Thread.State: WAITING (on object monitor)
        at sun.misc.Unsafe.park(Native Method)
        at java.util.concurrent.locks.LockSupport.park(LockSupport.java:175)
        at java.util.concurrent.locks.AbstractQueuedSynchronizer$ConditionObject.await(AbstractQueuedSynchronizer.java:2039)
        at java.util.concurrent.ArrayBlockingQueue.take(ArrayBlockingQueue.java:403)
        at java.util.concurrent.ThreadPoolExecutor.getTask(ThreadPoolExecutor.java:1074)
        at java.util.concurrent.ThreadPoolExecutor.runWorker(ThreadPoolExecutor.java:1134)
        at java.util.concurrent.ThreadPoolExecutor$Worker.run(ThreadPoolExecutor.java:624)
        at java.lang.Thread.run(Thread.java:748)
"metrics-hadoop-metrics2-reporter-23-thread-1" daemon prio=5 tid=802 timed_waiting
java.lang.Thread.State: TIMED_WAITING
        at sun.misc.Unsafe.park(Native Method)
        at java.util.concurrent.locks.LockSupport.parkNanos(LockSupport.java:215)
        at java.util.concurrent.locks.AbstractQueuedSynchronizer$ConditionObject.awaitNanos(AbstractQueuedSynchronizer.java:2078)
        at java.util.concurrent.ScheduledThreadPoolExecutor$DelayedWorkQueue.take(ScheduledThreadPoolExecutor.java:1093)
        at java.util.concurrent.ScheduledThreadPoolExecutor$DelayedWorkQueue.take(ScheduledThreadPoolExecutor.java:809)
        at java.util.concurrent.ThreadPoolExecutor.getTask(ThreadPoolExecutor.java:1074)
        at java.util.concurrent.ThreadPoolExecutor.runWorker(ThreadPoolExecutor.java:1134)
        at java.util.concurrent.ThreadPoolExecutor$Worker.run(ThreadPoolExecutor.java:624)
        at java.lang.Thread.run(Thread.java:748)
"pool-46-thread-29"  prio=5 tid=462 in Object.wait()
java.lang.Thread.State: WAITING (on object monitor)
        at sun.misc.Unsafe.park(Native Method)
        at java.util.concurrent.locks.LockSupport.park(LockSupport.java:175)
        at java.util.concurrent.locks.AbstractQueuedSynchronizer$ConditionObject.await(AbstractQueuedSynchronizer.java:2039)
        at java.util.concurrent.ArrayBlockingQueue.take(ArrayBlockingQueue.java:403)
        at java.util.concurrent.ThreadPoolExecutor.getTask(ThreadPoolExecutor.java:1074)
        at java.util.concurrent.ThreadPoolExecutor.runWorker(ThreadPoolExecutor.java:1134)
        at java.util.concurrent.ThreadPoolExecutor$Worker.run(ThreadPoolExecutor.java:624)
        at java.lang.Thread.run(Thread.java:748)
"pool-46-thread-9"  prio=5 tid=442 in Object.wait()
java.lang.Thread.State: WAITING (on object monitor)
        at sun.misc.Unsafe.park(Native Method)
        at java.util.concurrent.locks.LockSupport.park(LockSupport.java:175)
        at java.util.concurrent.locks.AbstractQueuedSynchronizer$ConditionObject.await(AbstractQueuedSynchronizer.java:2039)
        at java.util.concurrent.ArrayBlockingQueue.take(ArrayBlockingQueue.java:403)
        at java.util.concurrent.ThreadPoolExecutor.getTask(ThreadPoolExecutor.java:1074)
        at java.util.concurrent.ThreadPoolExecutor.runWorker(ThreadPoolExecutor.java:1134)
        at java.util.concurrent.ThreadPoolExecutor$Worker.run(ThreadPoolExecutor.java:624)
        at java.lang.Thread.run(Thread.java:748)
"Datanode State Machine Thread - 0" daemon prio=5 tid=183 timed_waiting
java.lang.Thread.State: TIMED_WAITING
        at sun.misc.Unsafe.park(Native Method)
        at java.util.concurrent.locks.LockSupport.parkNanos(LockSupport.java:215)
        at java.util.concurrent.SynchronousQueue$TransferStack.awaitFulfill(SynchronousQueue.java:460)
        at java.util.concurrent.SynchronousQueue$TransferStack.transfer(SynchronousQueue.java:362)
        at java.util.concurrent.SynchronousQueue.poll(SynchronousQueue.java:941)
        at java.util.concurrent.ThreadPoolExecutor.getTask(ThreadPoolExecutor.java:1073)
        at java.util.concurrent.ThreadPoolExecutor.runWorker(ThreadPoolExecutor.java:1134)
        at java.util.concurrent.ThreadPoolExecutor$Worker.run(ThreadPoolExecutor.java:624)
        at java.lang.Thread.run(Thread.java:748)
"8c24ed06-386e-4085-8931-93c762a64530@group-47DBAAEC82C8-StateMachineUpdater" daemon prio=5 tid=757 in Object.wait()
java.lang.Thread.State: WAITING (on object monitor)
        at java.lang.Object.wait(Native Method)
        at java.lang.Object.wait(Object.java:502)
        at org.apache.ratis.server.impl.StateMachineUpdater.waitForCommit(StateMachineUpdater.java:183)
        at org.apache.ratis.server.impl.StateMachineUpdater.run(StateMachineUpdater.java:148)
        at java.lang.Thread.run(Thread.java:748)
"org.eclipse.jetty.server.session.HashSessionManager@1b28f282Timer" daemon prio=5 tid=98 timed_waiting
java.lang.Thread.State: TIMED_WAITING
        at sun.misc.Unsafe.park(Native Method)
        at java.util.concurrent.locks.LockSupport.parkNanos(LockSupport.java:215)
        at java.util.concurrent.locks.AbstractQueuedSynchronizer$ConditionObject.awaitNanos(AbstractQueuedSynchronizer.java:2078)
        at java.util.concurrent.ScheduledThreadPoolExecutor$DelayedWorkQueue.take(ScheduledThreadPoolExecutor.java:1093)
        at java.util.concurrent.ScheduledThreadPoolExecutor$DelayedWorkQueue.take(ScheduledThreadPoolExecutor.java:809)
        at java.util.concurrent.ThreadPoolExecutor.getTask(ThreadPoolExecutor.java:1074)
        at java.util.concurrent.ThreadPoolExecutor.runWorker(ThreadPoolExecutor.java:1134)
        at java.util.concurrent.ThreadPoolExecutor$Worker.run(ThreadPoolExecutor.java:624)
        at java.lang.Thread.run(Thread.java:748)
"Thread-1207" daemon prio=5 tid=1793 timed_waiting
java.lang.Thread.State: TIMED_WAITING
        at java.lang.Thread.sleep(Native Method)
        at org.apache.ratis.util.JavaUtils.sleep(JavaUtils.java:247)
        at org.apache.ratis.server.impl.FollowerState.run(FollowerState.java:96)
"qtp83534488-216" daemon prio=5 tid=216 timed_waiting
java.lang.Thread.State: TIMED_WAITING
        at sun.misc.Unsafe.park(Native Method)
        at java.util.concurrent.locks.LockSupport.parkNanos(LockSupport.java:215)
        at java.util.concurrent.locks.AbstractQueuedSynchronizer$ConditionObject.awaitNanos(AbstractQueuedSynchronizer.java:2078)
        at org.eclipse.jetty.util.BlockingArrayQueue.poll(BlockingArrayQueue.java:392)
        at org.eclipse.jetty.util.thread.QueuedThreadPool.idleJobPoll(QueuedThreadPool.java:563)
        at org.eclipse.jetty.util.thread.QueuedThreadPool.access$800(QueuedThreadPool.java:48)
        at org.eclipse.jetty.util.thread.QueuedThreadPool$2.run(QueuedThreadPool.java:626)
        at java.lang.Thread.run(Thread.java:748)
"pool-36-thread-59"  prio=5 tid=432 in Object.wait()
java.lang.Thread.State: WAITING (on object monitor)
        at sun.misc.Unsafe.park(Native Method)
        at java.util.concurrent.locks.LockSupport.park(LockSupport.java:175)
        at java.util.concurrent.locks.AbstractQueuedSynchronizer$ConditionObject.await(AbstractQueuedSynchronizer.java:2039)
        at java.util.concurrent.ArrayBlockingQueue.take(ArrayBlockingQueue.java:403)
        at java.util.concurrent.ThreadPoolExecutor.getTask(ThreadPoolExecutor.java:1074)
        at java.util.concurrent.ThreadPoolExecutor.runWorker(ThreadPoolExecutor.java:1134)
        at java.util.concurrent.ThreadPoolExecutor$Worker.run(ThreadPoolExecutor.java:624)
        at java.lang.Thread.run(Thread.java:748)
"pool-26-thread-19"  prio=5 tid=332 in Object.wait()
java.lang.Thread.State: WAITING (on object monitor)
        at sun.misc.Unsafe.park(Native Method)
        at java.util.concurrent.locks.LockSupport.park(LockSupport.java:175)
        at java.util.concurrent.locks.AbstractQueuedSynchronizer$ConditionObject.await(AbstractQueuedSynchronizer.java:2039)
        at java.util.concurrent.ArrayBlockingQueue.take(ArrayBlockingQueue.java:403)
        at java.util.concurrent.ThreadPoolExecutor.getTask(ThreadPoolExecutor.java:1074)
        at java.util.concurrent.ThreadPoolExecutor.runWorker(ThreadPoolExecutor.java:1134)
        at java.util.concurrent.ThreadPoolExecutor$Worker.run(ThreadPoolExecutor.java:624)
        at java.lang.Thread.run(Thread.java:748)
"pool-36-thread-20"  prio=5 tid=393 in Object.wait()
java.lang.Thread.State: WAITING (on object monitor)
        at sun.misc.Unsafe.park(Native Method)
        at java.util.concurrent.locks.LockSupport.park(LockSupport.java:175)
        at java.util.concurrent.locks.AbstractQueuedSynchronizer$ConditionObject.await(AbstractQueuedSynchronizer.java:2039)
        at java.util.concurrent.ArrayBlockingQueue.take(ArrayBlockingQueue.java:403)
        at java.util.concurrent.ThreadPoolExecutor.getTask(ThreadPoolExecutor.java:1074)
        at java.util.concurrent.ThreadPoolExecutor.runWorker(ThreadPoolExecutor.java:1134)
        at java.util.concurrent.ThreadPoolExecutor$Worker.run(ThreadPoolExecutor.java:624)
        at java.lang.Thread.run(Thread.java:748)
"metrics-hadoop-metrics2-reporter-10-thread-1" daemon prio=5 tid=741 timed_waiting
java.lang.Thread.State: TIMED_WAITING
        at sun.misc.Unsafe.park(Native Method)
        at java.util.concurrent.locks.LockSupport.parkNanos(LockSupport.java:215)
        at java.util.concurrent.locks.AbstractQueuedSynchronizer$ConditionObject.awaitNanos(AbstractQueuedSynchronizer.java:2078)
        at java.util.concurrent.ScheduledThreadPoolExecutor$DelayedWorkQueue.take(ScheduledThreadPoolExecutor.java:1093)
        at java.util.concurrent.ScheduledThreadPoolExecutor$DelayedWorkQueue.take(ScheduledThreadPoolExecutor.java:809)
        at java.util.concurrent.ThreadPoolExecutor.getTask(ThreadPoolExecutor.java:1074)
        at java.util.concurrent.ThreadPoolExecutor.runWorker(ThreadPoolExecutor.java:1134)
        at java.util.concurrent.ThreadPoolExecutor$Worker.run(ThreadPoolExecutor.java:624)
        at java.lang.Thread.run(Thread.java:748)
"pool-76-thread-32"  prio=5 tid=656 in Object.wait()
java.lang.Thread.State: WAITING (on object monitor)
        at sun.misc.Unsafe.park(Native Method)
        at java.util.concurrent.locks.LockSupport.park(LockSupport.java:175)
        at java.util.concurrent.locks.AbstractQueuedSynchronizer$ConditionObject.await(AbstractQueuedSynchronizer.java:2039)
        at java.util.concurrent.ArrayBlockingQueue.take(ArrayBlockingQueue.java:403)
        at java.util.concurrent.ThreadPoolExecutor.getTask(ThreadPoolExecutor.java:1074)
        at java.util.concurrent.ThreadPoolExecutor.runWorker(ThreadPoolExecutor.java:1134)
        at java.util.concurrent.ThreadPoolExecutor$Worker.run(ThreadPoolExecutor.java:624)
        at java.lang.Thread.run(Thread.java:748)
"qtp1947666055-299" daemon prio=5 tid=299 timed_waiting
java.lang.Thread.State: TIMED_WAITING
        at sun.misc.Unsafe.park(Native Method)
        at java.util.concurrent.locks.LockSupport.parkNanos(LockSupport.java:215)
        at java.util.concurrent.locks.AbstractQueuedSynchronizer$ConditionObject.awaitNanos(AbstractQueuedSynchronizer.java:2078)
        at org.eclipse.jetty.util.BlockingArrayQueue.poll(BlockingArrayQueue.java:392)
        at org.eclipse.jetty.util.thread.QueuedThreadPool.idleJobPoll(QueuedThreadPool.java:563)
        at org.eclipse.jetty.util.thread.QueuedThreadPool.access$800(QueuedThreadPool.java:48)
        at org.eclipse.jetty.util.thread.QueuedThreadPool$2.run(QueuedThreadPool.java:626)
        at java.lang.Thread.run(Thread.java:748)
"IPC Server handler 3 on 37215" daemon prio=5 tid=52 timed_waiting
java.lang.Thread.State: TIMED_WAITING
        at sun.misc.Unsafe.park(Native Method)
        at java.util.concurrent.locks.LockSupport.parkNanos(LockSupport.java:215)
        at java.util.concurrent.locks.AbstractQueuedSynchronizer$ConditionObject.awaitNanos(AbstractQueuedSynchronizer.java:2078)
        at java.util.concurrent.LinkedBlockingQueue.poll(LinkedBlockingQueue.java:467)
        at org.apache.hadoop.ipc.CallQueueManager.take(CallQueueManager.java:288)
        at org.apache.hadoop.ipc.Server$Handler.run(Server.java:2668)
"pool-67-thread-1"  prio=5 tid=736 in Object.wait()
java.lang.Thread.State: WAITING (on object monitor)
        at sun.misc.Unsafe.park(Native Method)
        at java.util.concurrent.locks.LockSupport.park(LockSupport.java:175)
        at java.util.concurrent.locks.AbstractQueuedSynchronizer$ConditionObject.await(AbstractQueuedSynchronizer.java:2039)
        at java.util.concurrent.LinkedBlockingQueue.take(LinkedBlockingQueue.java:442)
        at java.util.concurrent.ThreadPoolExecutor.getTask(ThreadPoolExecutor.java:1074)
        at java.util.concurrent.ThreadPoolExecutor.runWorker(ThreadPoolExecutor.java:1134)
        at java.util.concurrent.ThreadPoolExecutor$Worker.run(ThreadPoolExecutor.java:624)
        at java.lang.Thread.run(Thread.java:748)
"IPC Parameter Sending Thread #0" daemon prio=5 tid=105 timed_waiting
java.lang.Thread.State: TIMED_WAITING
        at sun.misc.Unsafe.park(Native Method)
        at java.util.concurrent.locks.LockSupport.parkNanos(LockSupport.java:215)
        at java.util.concurrent.SynchronousQueue$TransferStack.awaitFulfill(SynchronousQueue.java:460)
        at java.util.concurrent.SynchronousQueue$TransferStack.transfer(SynchronousQueue.java:362)
        at java.util.concurrent.SynchronousQueue.poll(SynchronousQueue.java:941)
        at java.util.concurrent.ThreadPoolExecutor.getTask(ThreadPoolExecutor.java:1073)
        at java.util.concurrent.ThreadPoolExecutor.runWorker(ThreadPoolExecutor.java:1134)
        at java.util.concurrent.ThreadPoolExecutor$Worker.run(ThreadPoolExecutor.java:624)
        at java.lang.Thread.run(Thread.java:748)
"BlockDeletingService#0" daemon prio=5 tid=556 in Object.wait()
java.lang.Thread.State: WAITING (on object monitor)
        at sun.misc.Unsafe.park(Native Method)
        at java.util.concurrent.locks.LockSupport.park(LockSupport.java:175)
        at java.util.concurrent.locks.AbstractQueuedSynchronizer$ConditionObject.await(AbstractQueuedSynchronizer.java:2039)
        at java.util.concurrent.ScheduledThreadPoolExecutor$DelayedWorkQueue.take(ScheduledThreadPoolExecutor.java:1088)
        at java.util.concurrent.ScheduledThreadPoolExecutor$DelayedWorkQueue.take(ScheduledThreadPoolExecutor.java:809)
        at java.util.concurrent.ThreadPoolExecutor.getTask(ThreadPoolExecutor.java:1074)
        at java.util.concurrent.ThreadPoolExecutor.runWorker(ThreadPoolExecutor.java:1134)
        at java.util.concurrent.ThreadPoolExecutor$Worker.run(ThreadPoolExecutor.java:624)
        at java.lang.Thread.run(Thread.java:748)
"org.eclipse.jetty.server.session.HashSessionManager@64d4f7c7Timer" daemon prio=5 tid=302 timed_waiting
java.lang.Thread.State: TIMED_WAITING
        at sun.misc.Unsafe.park(Native Method)
        at java.util.concurrent.locks.LockSupport.parkNanos(LockSupport.java:215)
        at java.util.concurrent.locks.AbstractQueuedSynchronizer$ConditionObject.awaitNanos(AbstractQueuedSynchronizer.java:2078)
        at java.util.concurrent.ScheduledThreadPoolExecutor$DelayedWorkQueue.take(ScheduledThreadPoolExecutor.java:1093)
        at java.util.concurrent.ScheduledThreadPoolExecutor$DelayedWorkQueue.take(ScheduledThreadPoolExecutor.java:809)
        at java.util.concurrent.ThreadPoolExecutor.getTask(ThreadPoolExecutor.java:1074)
        at java.util.concurrent.ThreadPoolExecutor.runWorker(ThreadPoolExecutor.java:1134)
        at java.util.concurrent.ThreadPoolExecutor$Worker.run(ThreadPoolExecutor.java:624)
        at java.lang.Thread.run(Thread.java:748)
"pool-26-thread-32"  prio=5 tid=345 in Object.wait()
java.lang.Thread.State: WAITING (on object monitor)
        at sun.misc.Unsafe.park(Native Method)
        at java.util.concurrent.locks.LockSupport.park(LockSupport.java:175)
        at java.util.concurrent.locks.AbstractQueuedSynchronizer$ConditionObject.await(AbstractQueuedSynchronizer.java:2039)
        at java.util.concurrent.ArrayBlockingQueue.take(ArrayBlockingQueue.java:403)
        at java.util.concurrent.ThreadPoolExecutor.getTask(ThreadPoolExecutor.java:1074)
        at java.util.concurrent.ThreadPoolExecutor.runWorker(ThreadPoolExecutor.java:1134)
        at java.util.concurrent.ThreadPoolExecutor$Worker.run(ThreadPoolExecutor.java:624)
        at java.lang.Thread.run(Thread.java:748)
"org.eclipse.jetty.server.session.HashSessionManager@56637cffTimer" daemon prio=5 tid=276 timed_waiting
java.lang.Thread.State: TIMED_WAITING
        at sun.misc.Unsafe.park(Native Method)
        at java.util.concurrent.locks.LockSupport.parkNanos(LockSupport.java:215)
        at java.util.concurrent.locks.AbstractQueuedSynchronizer$ConditionObject.awaitNanos(AbstractQueuedSynchronizer.java:2078)
        at java.util.concurrent.ScheduledThreadPoolExecutor$DelayedWorkQueue.take(ScheduledThreadPoolExecutor.java:1093)
        at java.util.concurrent.ScheduledThreadPoolExecutor$DelayedWorkQueue.take(ScheduledThreadPoolExecutor.java:809)
        at java.util.concurrent.ThreadPoolExecutor.getTask(ThreadPoolExecutor.java:1074)
        at java.util.concurrent.ThreadPoolExecutor.runWorker(ThreadPoolExecutor.java:1134)
        at java.util.concurrent.ThreadPoolExecutor$Worker.run(ThreadPoolExecutor.java:624)
        at java.lang.Thread.run(Thread.java:748)
"pool-66-thread-8"  prio=5 tid=570 in Object.wait()
java.lang.Thread.State: WAITING (on object monitor)
        at sun.misc.Unsafe.park(Native Method)
        at java.util.concurrent.locks.LockSupport.park(LockSupport.java:175)
        at java.util.concurrent.locks.AbstractQueuedSynchronizer$ConditionObject.await(AbstractQueuedSynchronizer.java:2039)
        at java.util.concurrent.ArrayBlockingQueue.take(ArrayBlockingQueue.java:403)
        at java.util.concurrent.ThreadPoolExecutor.getTask(ThreadPoolExecutor.java:1074)
        at java.util.concurrent.ThreadPoolExecutor.runWorker(ThreadPoolExecutor.java:1134)
        at java.util.concurrent.ThreadPoolExecutor$Worker.run(ThreadPoolExecutor.java:624)
        at java.lang.Thread.run(Thread.java:748)
"grpc-default-executor-10" daemon prio=5 tid=975 timed_waiting
java.lang.Thread.State: TIMED_WAITING
        at sun.misc.Unsafe.park(Native Method)
        at java.util.concurrent.locks.LockSupport.parkNanos(LockSupport.java:215)
        at java.util.concurrent.SynchronousQueue$TransferStack.awaitFulfill(SynchronousQueue.java:460)
        at java.util.concurrent.SynchronousQueue$TransferStack.transfer(SynchronousQueue.java:362)
        at java.util.concurrent.SynchronousQueue.poll(SynchronousQueue.java:941)
        at java.util.concurrent.ThreadPoolExecutor.getTask(ThreadPoolExecutor.java:1073)
        at java.util.concurrent.ThreadPoolExecutor.runWorker(ThreadPoolExecutor.java:1134)
        at java.util.concurrent.ThreadPoolExecutor$Worker.run(ThreadPoolExecutor.java:624)
        at java.lang.Thread.run(Thread.java:748)
"qtp564272228-91-acceptor-0@765bf8f3-ServerConnector@ca27722{HTTP/1.1,[http/1.1]}{0.0.0.0:36173}" daemon prio=3 tid=91 runnable
java.lang.Thread.State: RUNNABLE
        at sun.nio.ch.ServerSocketChannelImpl.accept0(Native Method)
        at sun.nio.ch.ServerSocketChannelImpl.accept(ServerSocketChannelImpl.java:422)
        at sun.nio.ch.ServerSocketChannelImpl.accept(ServerSocketChannelImpl.java:250)
        at org.eclipse.jetty.server.ServerConnector.accept(ServerConnector.java:397)
        at org.eclipse.jetty.server.AbstractConnector$Acceptor.run(AbstractConnector.java:601)
        at org.eclipse.jetty.util.thread.QueuedThreadPool.runJob(QueuedThreadPool.java:671)
        at org.eclipse.jetty.util.thread.QueuedThreadPool$2.run(QueuedThreadPool.java:589)
        at java.lang.Thread.run(Thread.java:748)
"org.eclipse.jetty.server.session.HashSessionManager@30b131b2Timer" daemon prio=5 tid=195 timed_waiting
java.lang.Thread.State: TIMED_WAITING
        at sun.misc.Unsafe.park(Native Method)
        at java.util.concurrent.locks.LockSupport.parkNanos(LockSupport.java:215)
        at java.util.concurrent.locks.AbstractQueuedSynchronizer$ConditionObject.awaitNanos(AbstractQueuedSynchronizer.java:2078)
        at java.util.concurrent.ScheduledThreadPoolExecutor$DelayedWorkQueue.take(ScheduledThreadPoolExecutor.java:1093)
        at java.util.concurrent.ScheduledThreadPoolExecutor$DelayedWorkQueue.take(ScheduledThreadPoolExecutor.java:809)
        at java.util.concurrent.ThreadPoolExecutor.getTask(ThreadPoolExecutor.java:1074)
        at java.util.concurrent.ThreadPoolExecutor.runWorker(ThreadPoolExecutor.java:1134)
        at java.util.concurrent.ThreadPoolExecutor$Worker.run(ThreadPoolExecutor.java:624)
        at java.lang.Thread.run(Thread.java:748)
"pool-76-thread-12"  prio=5 tid=636 in Object.wait()
java.lang.Thread.State: WAITING (on object monitor)
        at sun.misc.Unsafe.park(Native Method)
        at java.util.concurrent.locks.LockSupport.park(LockSupport.java:175)
        at java.util.concurrent.locks.AbstractQueuedSynchronizer$ConditionObject.await(AbstractQueuedSynchronizer.java:2039)
        at java.util.concurrent.ArrayBlockingQueue.take(ArrayBlockingQueue.java:403)
        at java.util.concurrent.ThreadPoolExecutor.getTask(ThreadPoolExecutor.java:1074)
        at java.util.concurrent.ThreadPoolExecutor.runWorker(ThreadPoolExecutor.java:1134)
        at java.util.concurrent.ThreadPoolExecutor$Worker.run(ThreadPoolExecutor.java:624)
        at java.lang.Thread.run(Thread.java:748)
"a7d59ef6-3eca-4628-b097-12d983444e7f@group-7CC56FB5D3F9-StateMachineUpdater" daemon prio=5 tid=831 in Object.wait()
java.lang.Thread.State: WAITING (on object monitor)
        at java.lang.Object.wait(Native Method)
        at java.lang.Object.wait(Object.java:502)
        at org.apache.ratis.server.impl.StateMachineUpdater.waitForCommit(StateMachineUpdater.java:183)
        at org.apache.ratis.server.impl.StateMachineUpdater.run(StateMachineUpdater.java:148)
        at java.lang.Thread.run(Thread.java:748)
"pool-46-thread-46"  prio=5 tid=479 in Object.wait()
java.lang.Thread.State: WAITING (on object monitor)
        at sun.misc.Unsafe.park(Native Method)
        at java.util.concurrent.locks.LockSupport.park(LockSupport.java:175)
        at java.util.concurrent.locks.AbstractQueuedSynchronizer$ConditionObject.await(AbstractQueuedSynchronizer.java:2039)
        at java.util.concurrent.ArrayBlockingQueue.take(ArrayBlockingQueue.java:403)
        at java.util.concurrent.ThreadPoolExecutor.getTask(ThreadPoolExecutor.java:1074)
        at java.util.concurrent.ThreadPoolExecutor.runWorker(ThreadPoolExecutor.java:1134)
        at java.util.concurrent.ThreadPoolExecutor$Worker.run(ThreadPoolExecutor.java:624)
        at java.lang.Thread.run(Thread.java:748)
"grpc-default-executor-2" daemon prio=5 tid=708 timed_waiting
java.lang.Thread.State: TIMED_WAITING
        at sun.misc.Unsafe.park(Native Method)
        at java.util.concurrent.locks.LockSupport.parkNanos(LockSupport.java:215)
        at java.util.concurrent.SynchronousQueue$TransferStack.awaitFulfill(SynchronousQueue.java:460)
        at java.util.concurrent.SynchronousQueue$TransferStack.transfer(SynchronousQueue.java:362)
        at java.util.concurrent.SynchronousQueue.poll(SynchronousQueue.java:941)
        at java.util.concurrent.ThreadPoolExecutor.getTask(ThreadPoolExecutor.java:1073)
        at java.util.concurrent.ThreadPoolExecutor.runWorker(ThreadPoolExecutor.java:1134)
        at java.util.concurrent.ThreadPoolExecutor$Worker.run(ThreadPoolExecutor.java:624)
        at java.lang.Thread.run(Thread.java:748)
"surefire-forkedjvm-ping-30s" daemon prio=5 tid=9 timed_waiting
java.lang.Thread.State: TIMED_WAITING
        at sun.misc.Unsafe.park(Native Method)
        at java.util.concurrent.locks.LockSupport.parkNanos(LockSupport.java:215)
        at java.util.concurrent.locks.AbstractQueuedSynchronizer$ConditionObject.awaitNanos(AbstractQueuedSynchronizer.java:2078)
        at java.util.concurrent.ScheduledThreadPoolExecutor$DelayedWorkQueue.take(ScheduledThreadPoolExecutor.java:1093)
        at java.util.concurrent.ScheduledThreadPoolExecutor$DelayedWorkQueue.take(ScheduledThreadPoolExecutor.java:809)
        at java.util.concurrent.ThreadPoolExecutor.getTask(ThreadPoolExecutor.java:1074)
        at java.util.concurrent.ThreadPoolExecutor.runWorker(ThreadPoolExecutor.java:1134)
        at java.util.concurrent.ThreadPoolExecutor$Worker.run(ThreadPoolExecutor.java:624)
        at java.lang.Thread.run(Thread.java:748)
"Periodic HDDS volume checker"  prio=5 tid=152 timed_waiting
java.lang.Thread.State: TIMED_WAITING
        at sun.misc.Unsafe.park(Native Method)
        at java.util.concurrent.locks.LockSupport.parkNanos(LockSupport.java:215)
        at java.util.concurrent.locks.AbstractQueuedSynchronizer$ConditionObject.awaitNanos(AbstractQueuedSynchronizer.java:2078)
        at java.util.concurrent.ScheduledThreadPoolExecutor$DelayedWorkQueue.take(ScheduledThreadPoolExecutor.java:1093)
        at java.util.concurrent.ScheduledThreadPoolExecutor$DelayedWorkQueue.take(ScheduledThreadPoolExecutor.java:809)
        at java.util.concurrent.ThreadPoolExecutor.getTask(ThreadPoolExecutor.java:1074)
        at java.util.concurrent.ThreadPoolExecutor.runWorker(ThreadPoolExecutor.java:1134)
        at java.util.concurrent.ThreadPoolExecutor$Worker.run(ThreadPoolExecutor.java:624)
        at java.lang.Thread.run(Thread.java:748)
"java.util.concurrent.ThreadPoolExecutor$Worker@7d8fd850[State = -1, empty queue]" daemon prio=5 tid=1843 timed_waiting
java.lang.Thread.State: TIMED_WAITING
        at sun.misc.Unsafe.park(Native Method)
        at java.util.concurrent.locks.LockSupport.parkNanos(LockSupport.java:215)
        at java.util.concurrent.locks.AbstractQueuedSynchronizer$ConditionObject.awaitNanos(AbstractQueuedSynchronizer.java:2078)
        at java.util.concurrent.ScheduledThreadPoolExecutor$DelayedWorkQueue.take(ScheduledThreadPoolExecutor.java:1093)
        at java.util.concurrent.ScheduledThreadPoolExecutor$DelayedWorkQueue.take(ScheduledThreadPoolExecutor.java:809)
        at java.util.concurrent.ThreadPoolExecutor.getTask(ThreadPoolExecutor.java:1074)
        at java.util.concurrent.ThreadPoolExecutor.runWorker(ThreadPoolExecutor.java:1134)
        at java.util.concurrent.ThreadPoolExecutor$Worker.run(ThreadPoolExecutor.java:624)
        at java.lang.Thread.run(Thread.java:748)
"IPC Server handler 1 on 37215" daemon prio=5 tid=50 timed_waiting
java.lang.Thread.State: TIMED_WAITING
        at sun.misc.Unsafe.park(Native Method)
        at java.util.concurrent.locks.LockSupport.parkNanos(LockSupport.java:215)
        at java.util.concurrent.locks.AbstractQueuedSynchronizer$ConditionObject.awaitNanos(AbstractQueuedSynchronizer.java:2078)
        at java.util.concurrent.LinkedBlockingQueue.poll(LinkedBlockingQueue.java:467)
        at org.apache.hadoop.ipc.CallQueueManager.take(CallQueueManager.java:288)
        at org.apache.hadoop.ipc.Server$Handler.run(Server.java:2668)
"pool-76-thread-35"  prio=5 tid=659 in Object.wait()
java.lang.Thread.State: WAITING (on object monitor)
        at sun.misc.Unsafe.park(Native Method)
        at java.util.concurrent.locks.LockSupport.park(LockSupport.java:175)
        at java.util.concurrent.locks.AbstractQueuedSynchronizer$ConditionObject.await(AbstractQueuedSynchronizer.java:2039)
        at java.util.concurrent.ArrayBlockingQueue.take(ArrayBlockingQueue.java:403)
        at java.util.concurrent.ThreadPoolExecutor.getTask(ThreadPoolExecutor.java:1074)
        at java.util.concurrent.ThreadPoolExecutor.runWorker(ThreadPoolExecutor.java:1134)
        at java.util.concurrent.ThreadPoolExecutor$Worker.run(ThreadPoolExecutor.java:624)
        at java.lang.Thread.run(Thread.java:748)
"pool-46-thread-54"  prio=5 tid=487 in Object.wait()
java.lang.Thread.State: WAITING (on object monitor)
        at sun.misc.Unsafe.park(Native Method)
        at java.util.concurrent.locks.LockSupport.park(LockSupport.java:175)
        at java.util.concurrent.locks.AbstractQueuedSynchronizer$ConditionObject.await(AbstractQueuedSynchronizer.java:2039)
        at java.util.concurrent.ArrayBlockingQueue.take(ArrayBlockingQueue.java:403)
        at java.util.concurrent.ThreadPoolExecutor.getTask(ThreadPoolExecutor.java:1074)
        at java.util.concurrent.ThreadPoolExecutor.runWorker(ThreadPoolExecutor.java:1134)
        at java.util.concurrent.ThreadPoolExecutor$Worker.run(ThreadPoolExecutor.java:624)
        at java.lang.Thread.run(Thread.java:748)
"pool-26-thread-31"  prio=5 tid=344 in Object.wait()
java.lang.Thread.State: WAITING (on object monitor)
        at sun.misc.Unsafe.park(Native Method)
        at java.util.concurrent.locks.LockSupport.park(LockSupport.java:175)
        at java.util.concurrent.locks.AbstractQueuedSynchronizer$ConditionObject.await(AbstractQueuedSynchronizer.java:2039)
        at java.util.concurrent.ArrayBlockingQueue.take(ArrayBlockingQueue.java:403)
        at java.util.concurrent.ThreadPoolExecutor.getTask(ThreadPoolExecutor.java:1074)
        at java.util.concurrent.ThreadPoolExecutor.runWorker(ThreadPoolExecutor.java:1134)
        at java.util.concurrent.ThreadPoolExecutor$Worker.run(ThreadPoolExecutor.java:624)
        at java.lang.Thread.run(Thread.java:748)
"grpc-default-executor-12" daemon prio=5 tid=977 timed_waiting
java.lang.Thread.State: TIMED_WAITING
        at sun.misc.Unsafe.park(Native Method)
        at java.util.concurrent.locks.LockSupport.parkNanos(LockSupport.java:215)
        at java.util.concurrent.SynchronousQueue$TransferStack.awaitFulfill(SynchronousQueue.java:460)
        at java.util.concurrent.SynchronousQueue$TransferStack.transfer(SynchronousQueue.java:362)
        at java.util.concurrent.SynchronousQueue.poll(SynchronousQueue.java:941)
        at java.util.concurrent.ThreadPoolExecutor.getTask(ThreadPoolExecutor.java:1073)
        at java.util.concurrent.ThreadPoolExecutor.runWorker(ThreadPoolExecutor.java:1134)
        at java.util.concurrent.ThreadPoolExecutor$Worker.run(ThreadPoolExecutor.java:624)
        at java.lang.Thread.run(Thread.java:748)
"IPC Server handler 4 on 45005" daemon prio=5 tid=33 timed_waiting
java.lang.Thread.State: TIMED_WAITING
        at sun.misc.Unsafe.park(Native Method)
        at java.util.concurrent.locks.LockSupport.parkNanos(LockSupport.java:215)
        at java.util.concurrent.locks.AbstractQueuedSynchronizer$ConditionObject.awaitNanos(AbstractQueuedSynchronizer.java:2078)
        at java.util.concurrent.LinkedBlockingQueue.poll(LinkedBlockingQueue.java:467)
        at org.apache.hadoop.ipc.CallQueueManager.take(CallQueueManager.java:288)
        at org.apache.hadoop.ipc.Server$Handler.run(Server.java:2668)
"grpc-default-executor-0" daemon prio=5 tid=699 timed_waiting
java.lang.Thread.State: TIMED_WAITING
        at sun.misc.Unsafe.park(Native Method)
        at java.util.concurrent.locks.LockSupport.parkNanos(LockSupport.java:215)
        at java.util.concurrent.SynchronousQueue$TransferStack.awaitFulfill(SynchronousQueue.java:460)
        at java.util.concurrent.SynchronousQueue$TransferStack.transfer(SynchronousQueue.java:362)
        at java.util.concurrent.SynchronousQueue.poll(SynchronousQueue.java:941)
        at java.util.concurrent.ThreadPoolExecutor.getTask(ThreadPoolExecutor.java:1073)
        at java.util.concurrent.ThreadPoolExecutor.runWorker(ThreadPoolExecutor.java:1134)
        at java.util.concurrent.ThreadPoolExecutor$Worker.run(ThreadPoolExecutor.java:624)
        at java.lang.Thread.run(Thread.java:748)
"pool-26-thread-46"  prio=5 tid=359 in Object.wait()
java.lang.Thread.State: WAITING (on object monitor)
        at sun.misc.Unsafe.park(Native Method)
        at java.util.concurrent.locks.LockSupport.park(LockSupport.java:175)
        at java.util.concurrent.locks.AbstractQueuedSynchronizer$ConditionObject.await(AbstractQueuedSynchronizer.java:2039)
        at java.util.concurrent.ArrayBlockingQueue.take(ArrayBlockingQueue.java:403)
        at java.util.concurrent.ThreadPoolExecutor.getTask(ThreadPoolExecutor.java:1074)
        at java.util.concurrent.ThreadPoolExecutor.runWorker(ThreadPoolExecutor.java:1134)
        at java.util.concurrent.ThreadPoolExecutor$Worker.run(ThreadPoolExecutor.java:624)
        at java.lang.Thread.run(Thread.java:748)
"Thread-1164" daemon prio=5 tid=1750 timed_waiting
java.lang.Thread.State: TIMED_WAITING
        at java.lang.Thread.sleep(Native Method)
        at org.apache.ratis.util.JavaUtils.sleep(JavaUtils.java:247)
        at org.apache.ratis.server.impl.FollowerState.run(FollowerState.java:96)
"pool-50-thread-1"  prio=5 tid=212 timed_waiting
java.lang.Thread.State: TIMED_WAITING
        at sun.misc.Unsafe.park(Native Method)
        at java.util.concurrent.locks.LockSupport.parkNanos(LockSupport.java:215)
        at java.util.concurrent.locks.AbstractQueuedSynchronizer$ConditionObject.awaitNanos(AbstractQueuedSynchronizer.java:2078)
        at java.util.concurrent.ScheduledThreadPoolExecutor$DelayedWorkQueue.take(ScheduledThreadPoolExecutor.java:1093)
        at java.util.concurrent.ScheduledThreadPoolExecutor$DelayedWorkQueue.take(ScheduledThreadPoolExecutor.java:809)
        at java.util.concurrent.ThreadPoolExecutor.getTask(ThreadPoolExecutor.java:1074)
        at java.util.concurrent.ThreadPoolExecutor.runWorker(ThreadPoolExecutor.java:1134)
        at java.util.concurrent.ThreadPoolExecutor$Worker.run(ThreadPoolExecutor.java:624)
        at java.lang.Thread.run(Thread.java:748)
"IPC Server idle connection scanner for port 37215" daemon prio=5 tid=20 timed_waiting
java.lang.Thread.State: TIMED_WAITING
        at java.lang.Object.wait(Native Method)
        at java.util.TimerThread.mainLoop(Timer.java:552)
        at java.util.TimerThread.run(Timer.java:505)
"pool-66-thread-15"  prio=5 tid=577 in Object.wait()
java.lang.Thread.State: WAITING (on object monitor)
        at sun.misc.Unsafe.park(Native Method)
        at java.util.concurrent.locks.LockSupport.park(LockSupport.java:175)
        at java.util.concurrent.locks.AbstractQueuedSynchronizer$ConditionObject.await(AbstractQueuedSynchronizer.java:2039)
        at java.util.concurrent.ArrayBlockingQueue.take(ArrayBlockingQueue.java:403)
        at java.util.concurrent.ThreadPoolExecutor.getTask(ThreadPoolExecutor.java:1074)
        at java.util.concurrent.ThreadPoolExecutor.runWorker(ThreadPoolExecutor.java:1134)
        at java.util.concurrent.ThreadPoolExecutor$Worker.run(ThreadPoolExecutor.java:624)
        at java.lang.Thread.run(Thread.java:748)
"org.eclipse.jetty.server.session.HashSessionManager@715b886fTimer" daemon prio=5 tid=248 timed_waiting
java.lang.Thread.State: TIMED_WAITING
        at sun.misc.Unsafe.park(Native Method)
        at java.util.concurrent.locks.LockSupport.parkNanos(LockSupport.java:215)
        at java.util.concurrent.locks.AbstractQueuedSynchronizer$ConditionObject.awaitNanos(AbstractQueuedSynchronizer.java:2078)
        at java.util.concurrent.ScheduledThreadPoolExecutor$DelayedWorkQueue.take(ScheduledThreadPoolExecutor.java:1093)
        at java.util.concurrent.ScheduledThreadPoolExecutor$DelayedWorkQueue.take(ScheduledThreadPoolExecutor.java:809)
        at java.util.concurrent.ThreadPoolExecutor.getTask(ThreadPoolExecutor.java:1074)
        at java.util.concurrent.ThreadPoolExecutor.runWorker(ThreadPoolExecutor.java:1134)
        at java.util.concurrent.ThreadPoolExecutor$Worker.run(ThreadPoolExecutor.java:624)
        at java.lang.Thread.run(Thread.java:748)
"metrics-hadoop-metrics2-reporter-5-thread-1" daemon prio=5 tid=720 timed_waiting
java.lang.Thread.State: TIMED_WAITING
        at sun.misc.Unsafe.park(Native Method)
        at java.util.concurrent.locks.LockSupport.parkNanos(LockSupport.java:215)
        at java.util.concurrent.locks.AbstractQueuedSynchronizer$ConditionObject.awaitNanos(AbstractQueuedSynchronizer.java:2078)
        at java.util.concurrent.ScheduledThreadPoolExecutor$DelayedWorkQueue.take(ScheduledThreadPoolExecutor.java:1093)
        at java.util.concurrent.ScheduledThreadPoolExecutor$DelayedWorkQueue.take(ScheduledThreadPoolExecutor.java:809)
        at java.util.concurrent.ThreadPoolExecutor.getTask(ThreadPoolExecutor.java:1074)
        at java.util.concurrent.ThreadPoolExecutor.runWorker(ThreadPoolExecutor.java:1134)
        at java.util.concurrent.ThreadPoolExecutor$Worker.run(ThreadPoolExecutor.java:624)
        at java.lang.Thread.run(Thread.java:748)
"qtp1947666055-298" daemon prio=5 tid=298 timed_waiting
java.lang.Thread.State: TIMED_WAITING
        at sun.misc.Unsafe.park(Native Method)
        at java.util.concurrent.locks.LockSupport.parkNanos(LockSupport.java:215)
        at java.util.concurrent.locks.AbstractQueuedSynchronizer$ConditionObject.awaitNanos(AbstractQueuedSynchronizer.java:2078)
        at org.eclipse.jetty.util.BlockingArrayQueue.poll(BlockingArrayQueue.java:392)
        at org.eclipse.jetty.util.thread.QueuedThreadPool.idleJobPoll(QueuedThreadPool.java:563)
        at org.eclipse.jetty.util.thread.QueuedThreadPool.access$800(QueuedThreadPool.java:48)
        at org.eclipse.jetty.util.thread.QueuedThreadPool$2.run(QueuedThreadPool.java:626)
        at java.lang.Thread.run(Thread.java:748)
"pool-60-thread-1"  prio=5 tid=239 timed_waiting
java.lang.Thread.State: TIMED_WAITING
        at sun.misc.Unsafe.park(Native Method)
        at java.util.concurrent.locks.LockSupport.parkNanos(LockSupport.java:215)
        at java.util.concurrent.locks.AbstractQueuedSynchronizer$ConditionObject.awaitNanos(AbstractQueuedSynchronizer.java:2078)
        at java.util.concurrent.ScheduledThreadPoolExecutor$DelayedWorkQueue.take(ScheduledThreadPoolExecutor.java:1093)
        at java.util.concurrent.ScheduledThreadPoolExecutor$DelayedWorkQueue.take(ScheduledThreadPoolExecutor.java:809)
        at java.util.concurrent.ThreadPoolExecutor.getTask(ThreadPoolExecutor.java:1074)
        at java.util.concurrent.ThreadPoolExecutor.runWorker(ThreadPoolExecutor.java:1134)
        at java.util.concurrent.ThreadPoolExecutor$Worker.run(ThreadPoolExecutor.java:624)
        at java.lang.Thread.run(Thread.java:748)
"IPC Server handler 5 on 40029" daemon prio=5 tid=74 timed_waiting
java.lang.Thread.State: TIMED_WAITING
        at sun.misc.Unsafe.park(Native Method)
        at java.util.concurrent.locks.LockSupport.parkNanos(LockSupport.java:215)
        at java.util.concurrent.locks.AbstractQueuedSynchronizer$ConditionObject.awaitNanos(AbstractQueuedSynchronizer.java:2078)
        at java.util.concurrent.LinkedBlockingQueue.poll(LinkedBlockingQueue.java:467)
        at org.apache.hadoop.ipc.CallQueueManager.take(CallQueueManager.java:288)
        at org.apache.hadoop.ipc.Server$Handler.run(Server.java:2668)
"IPC Server handler 3 on 44461" daemon prio=5 tid=118 timed_waiting
java.lang.Thread.State: TIMED_WAITING
        at sun.misc.Unsafe.park(Native Method)
        at java.util.concurrent.locks.LockSupport.parkNanos(LockSupport.java:215)
        at java.util.concurrent.locks.AbstractQueuedSynchronizer$ConditionObject.awaitNanos(AbstractQueuedSynchronizer.java:2078)
        at java.util.concurrent.LinkedBlockingQueue.poll(LinkedBlockingQueue.java:467)
        at org.apache.hadoop.ipc.CallQueueManager.take(CallQueueManager.java:288)
        at org.apache.hadoop.ipc.Server$Handler.run(Server.java:2668)
"Socket Reader #1 for port 44461"  prio=5 tid=110 runnable
java.lang.Thread.State: RUNNABLE
        at sun.nio.ch.EPollArrayWrapper.epollWait(Native Method)
        at sun.nio.ch.EPollArrayWrapper.poll(EPollArrayWrapper.java:269)
        at sun.nio.ch.EPollSelectorImpl.doSelect(EPollSelectorImpl.java:93)
        at sun.nio.ch.SelectorImpl.lockAndDoSelect(SelectorImpl.java:86)
        at sun.nio.ch.SelectorImpl.select(SelectorImpl.java:97)
        at sun.nio.ch.SelectorImpl.select(SelectorImpl.java:101)
        at org.apache.hadoop.ipc.Server$Listener$Reader.doRunLoop(Server.java:1097)
        at org.apache.hadoop.ipc.Server$Listener$Reader.run(Server.java:1076)
"grpc-default-executor-13" daemon prio=5 tid=978 timed_waiting
java.lang.Thread.State: TIMED_WAITING
        at sun.misc.Unsafe.park(Native Method)
        at java.util.concurrent.locks.LockSupport.parkNanos(LockSupport.java:215)
        at java.util.concurrent.SynchronousQueue$TransferStack.awaitFulfill(SynchronousQueue.java:460)
        at java.util.concurrent.SynchronousQueue$TransferStack.transfer(SynchronousQueue.java:362)
        at java.util.concurrent.SynchronousQueue.poll(SynchronousQueue.java:941)
        at java.util.concurrent.ThreadPoolExecutor.getTask(ThreadPoolExecutor.java:1073)
        at java.util.concurrent.ThreadPoolExecutor.runWorker(ThreadPoolExecutor.java:1134)
        at java.util.concurrent.ThreadPoolExecutor$Worker.run(ThreadPoolExecutor.java:624)
        at java.lang.Thread.run(Thread.java:748)
"ReplicationMonitor" daemon prio=5 tid=704 timed_waiting
java.lang.Thread.State: TIMED_WAITING
        at java.lang.Object.wait(Native Method)
        at org.apache.hadoop.hdds.scm.container.ReplicationManager.run(ReplicationManager.java:230)
        at org.apache.hadoop.hdds.scm.container.ReplicationManager$$Lambda$235/1226543496.run(Unknown Source)
        at java.lang.Thread.run(Thread.java:748)
"pool-46-thread-12"  prio=5 tid=445 in Object.wait()
java.lang.Thread.State: WAITING (on object monitor)
        at sun.misc.Unsafe.park(Native Method)
        at java.util.concurrent.locks.LockSupport.park(LockSupport.java:175)
        at java.util.concurrent.locks.AbstractQueuedSynchronizer$ConditionObject.await(AbstractQueuedSynchronizer.java:2039)
        at java.util.concurrent.ArrayBlockingQueue.take(ArrayBlockingQueue.java:403)
        at java.util.concurrent.ThreadPoolExecutor.getTask(ThreadPoolExecutor.java:1074)
        at java.util.concurrent.ThreadPoolExecutor.runWorker(ThreadPoolExecutor.java:1134)
        at java.util.concurrent.ThreadPoolExecutor$Worker.run(ThreadPoolExecutor.java:624)
        at java.lang.Thread.run(Thread.java:748)
"IPC Server handler 7 on 45005" daemon prio=5 tid=36 timed_waiting
java.lang.Thread.State: TIMED_WAITING
        at sun.misc.Unsafe.park(Native Method)
        at java.util.concurrent.locks.LockSupport.parkNanos(LockSupport.java:215)
        at java.util.concurrent.locks.AbstractQueuedSynchronizer$ConditionObject.awaitNanos(AbstractQueuedSynchronizer.java:2078)
        at java.util.concurrent.LinkedBlockingQueue.poll(LinkedBlockingQueue.java:467)
        at org.apache.hadoop.ipc.CallQueueManager.take(CallQueueManager.java:288)
        at org.apache.hadoop.ipc.Server$Handler.run(Server.java:2668)
"pool-66-thread-59"  prio=5 tid=621 in Object.wait()
java.lang.Thread.State: WAITING (on object monitor)
        at sun.misc.Unsafe.park(Native Method)
        at java.util.concurrent.locks.LockSupport.park(LockSupport.java:175)
        at java.util.concurrent.locks.AbstractQueuedSynchronizer$ConditionObject.await(AbstractQueuedSynchronizer.java:2039)
        at java.util.concurrent.ArrayBlockingQueue.take(ArrayBlockingQueue.java:403)
        at java.util.concurrent.ThreadPoolExecutor.getTask(ThreadPoolExecutor.java:1074)
        at java.util.concurrent.ThreadPoolExecutor.runWorker(ThreadPoolExecutor.java:1134)
        at java.util.concurrent.ThreadPoolExecutor$Worker.run(ThreadPoolExecutor.java:624)
        at java.lang.Thread.run(Thread.java:748)
"pool-46-thread-38"  prio=5 tid=471 in Object.wait()
java.lang.Thread.State: WAITING (on object monitor)
        at sun.misc.Unsafe.park(Native Method)
        at java.util.concurrent.locks.LockSupport.park(LockSupport.java:175)
        at java.util.concurrent.locks.AbstractQueuedSynchronizer$ConditionObject.await(AbstractQueuedSynchronizer.java:2039)
        at java.util.concurrent.ArrayBlockingQueue.take(ArrayBlockingQueue.java:403)
        at java.util.concurrent.ThreadPoolExecutor.getTask(ThreadPoolExecutor.java:1074)
        at java.util.concurrent.ThreadPoolExecutor.runWorker(ThreadPoolExecutor.java:1134)
        at java.util.concurrent.ThreadPoolExecutor$Worker.run(ThreadPoolExecutor.java:624)
        at java.lang.Thread.run(Thread.java:748)
"pool-27-thread-1"  prio=5 tid=703 in Object.wait()
java.lang.Thread.State: WAITING (on object monitor)
        at sun.misc.Unsafe.park(Native Method)
        at java.util.concurrent.locks.LockSupport.park(LockSupport.java:175)
        at java.util.concurrent.locks.AbstractQueuedSynchronizer$ConditionObject.await(AbstractQueuedSynchronizer.java:2039)
        at java.util.concurrent.LinkedBlockingQueue.take(LinkedBlockingQueue.java:442)
        at java.util.concurrent.ThreadPoolExecutor.getTask(ThreadPoolExecutor.java:1074)
        at java.util.concurrent.ThreadPoolExecutor.runWorker(ThreadPoolExecutor.java:1134)
        at java.util.concurrent.ThreadPoolExecutor$Worker.run(ThreadPoolExecutor.java:624)
        at java.lang.Thread.run(Thread.java:748)
"pool-64-thread-1" daemon prio=5 tid=264 timed_waiting
java.lang.Thread.State: TIMED_WAITING
        at sun.misc.Unsafe.park(Native Method)
        at java.util.concurrent.locks.LockSupport.parkNanos(LockSupport.java:215)
        at java.util.concurrent.locks.AbstractQueuedSynchronizer$ConditionObject.awaitNanos(AbstractQueuedSynchronizer.java:2078)
        at java.util.concurrent.ScheduledThreadPoolExecutor$DelayedWorkQueue.take(ScheduledThreadPoolExecutor.java:1093)
        at java.util.concurrent.ScheduledThreadPoolExecutor$DelayedWorkQueue.take(ScheduledThreadPoolExecutor.java:809)
        at java.util.concurrent.ThreadPoolExecutor.getTask(ThreadPoolExecutor.java:1074)
        at java.util.concurrent.ThreadPoolExecutor.runWorker(ThreadPoolExecutor.java:1134)
        at java.util.concurrent.ThreadPoolExecutor$Worker.run(ThreadPoolExecutor.java:624)
        at java.lang.Thread.run(Thread.java:748)
"IPC Server handler 14 on 45005" daemon prio=5 tid=43 timed_waiting
java.lang.Thread.State: TIMED_WAITING
        at sun.misc.Unsafe.park(Native Method)
        at java.util.concurrent.locks.LockSupport.parkNanos(LockSupport.java:215)
        at java.util.concurrent.locks.AbstractQueuedSynchronizer$ConditionObject.awaitNanos(AbstractQueuedSynchronizer.java:2078)
        at java.util.concurrent.LinkedBlockingQueue.poll(LinkedBlockingQueue.java:467)
        at org.apache.hadoop.ipc.CallQueueManager.take(CallQueueManager.java:288)
        at org.apache.hadoop.ipc.Server$Handler.run(Server.java:2668)
"pool-76-thread-49"  prio=5 tid=673 in Object.wait()
java.lang.Thread.State: WAITING (on object monitor)
        at sun.misc.Unsafe.park(Native Method)
        at java.util.concurrent.locks.LockSupport.park(LockSupport.java:175)
        at java.util.concurrent.locks.AbstractQueuedSynchronizer$ConditionObject.await(AbstractQueuedSynchronizer.java:2039)
        at java.util.concurrent.ArrayBlockingQueue.take(ArrayBlockingQueue.java:403)
        at java.util.concurrent.ThreadPoolExecutor.getTask(ThreadPoolExecutor.java:1074)
        at java.util.concurrent.ThreadPoolExecutor.runWorker(ThreadPoolExecutor.java:1134)
        at java.util.concurrent.ThreadPoolExecutor$Worker.run(ThreadPoolExecutor.java:624)
        at java.lang.Thread.run(Thread.java:748)
"pool-46-thread-60"  prio=5 tid=493 in Object.wait()
java.lang.Thread.State: WAITING (on object monitor)
        at sun.misc.Unsafe.park(Native Method)
        at java.util.concurrent.locks.LockSupport.park(LockSupport.java:175)
        at java.util.concurrent.locks.AbstractQueuedSynchronizer$ConditionObject.await(AbstractQueuedSynchronizer.java:2039)
        at java.util.concurrent.ArrayBlockingQueue.take(ArrayBlockingQueue.java:403)
        at java.util.concurrent.ThreadPoolExecutor.getTask(ThreadPoolExecutor.java:1074)
        at java.util.concurrent.ThreadPoolExecutor.runWorker(ThreadPoolExecutor.java:1134)
        at java.util.concurrent.ThreadPoolExecutor$Worker.run(ThreadPoolExecutor.java:624)
        at java.lang.Thread.run(Thread.java:748)
"pool-76-thread-53"  prio=5 tid=677 in Object.wait()
java.lang.Thread.State: WAITING (on object monitor)
        at sun.misc.Unsafe.park(Native Method)
        at java.util.concurrent.locks.LockSupport.park(LockSupport.java:175)
        at java.util.concurrent.locks.AbstractQueuedSynchronizer$ConditionObject.await(AbstractQueuedSynchronizer.java:2039)
        at java.util.concurrent.ArrayBlockingQueue.take(ArrayBlockingQueue.java:403)
        at java.util.concurrent.ThreadPoolExecutor.getTask(ThreadPoolExecutor.java:1074)
        at java.util.concurrent.ThreadPoolExecutor.runWorker(ThreadPoolExecutor.java:1134)
        at java.util.concurrent.ThreadPoolExecutor$Worker.run(ThreadPoolExecutor.java:624)
        at java.lang.Thread.run(Thread.java:748)
"pool-66-thread-29"  prio=5 tid=591 in Object.wait()
java.lang.Thread.State: WAITING (on object monitor)
        at sun.misc.Unsafe.park(Native Method)
        at java.util.concurrent.locks.LockSupport.park(LockSupport.java:175)
        at java.util.concurrent.locks.AbstractQueuedSynchronizer$ConditionObject.await(AbstractQueuedSynchronizer.java:2039)
        at java.util.concurrent.ArrayBlockingQueue.take(ArrayBlockingQueue.java:403)
        at java.util.concurrent.ThreadPoolExecutor.getTask(ThreadPoolExecutor.java:1074)
        at java.util.concurrent.ThreadPoolExecutor.runWorker(ThreadPoolExecutor.java:1134)
        at java.util.concurrent.ThreadPoolExecutor$Worker.run(ThreadPoolExecutor.java:624)
        at java.lang.Thread.run(Thread.java:748)
"pool-56-thread-16"  prio=5 tid=510 in Object.wait()
java.lang.Thread.State: WAITING (on object monitor)
        at sun.misc.Unsafe.park(Native Method)
        at java.util.concurrent.locks.LockSupport.park(LockSupport.java:175)
        at java.util.concurrent.locks.AbstractQueuedSynchronizer$ConditionObject.await(AbstractQueuedSynchronizer.java:2039)
        at java.util.concurrent.ArrayBlockingQueue.take(ArrayBlockingQueue.java:403)
        at java.util.concurrent.ThreadPoolExecutor.getTask(ThreadPoolExecutor.java:1074)
        at java.util.concurrent.ThreadPoolExecutor.runWorker(ThreadPoolExecutor.java:1134)
        at java.util.concurrent.ThreadPoolExecutor$Worker.run(ThreadPoolExecutor.java:624)
        at java.lang.Thread.run(Thread.java:748)
"pool-66-thread-5"  prio=5 tid=567 in Object.wait()
java.lang.Thread.State: WAITING (on object monitor)
        at sun.misc.Unsafe.park(Native Method)
        at java.util.concurrent.locks.LockSupport.park(LockSupport.java:175)
        at java.util.concurrent.locks.AbstractQueuedSynchronizer$ConditionObject.await(AbstractQueuedSynchronizer.java:2039)
        at java.util.concurrent.ArrayBlockingQueue.take(ArrayBlockingQueue.java:403)
        at java.util.concurrent.ThreadPoolExecutor.getTask(ThreadPoolExecutor.java:1074)
        at java.util.concurrent.ThreadPoolExecutor.runWorker(ThreadPoolExecutor.java:1134)
        at java.util.concurrent.ThreadPoolExecutor$Worker.run(ThreadPoolExecutor.java:624)
        at java.lang.Thread.run(Thread.java:748)
"IPC Server handler 8 on 37215" daemon prio=5 tid=57 timed_waiting
java.lang.Thread.State: TIMED_WAITING
        at sun.misc.Unsafe.park(Native Method)
        at java.util.concurrent.locks.LockSupport.parkNanos(LockSupport.java:215)
        at java.util.concurrent.locks.AbstractQueuedSynchronizer$ConditionObject.awaitNanos(AbstractQueuedSynchronizer.java:2078)
        at java.util.concurrent.LinkedBlockingQueue.poll(LinkedBlockingQueue.java:467)
        at org.apache.hadoop.ipc.CallQueueManager.take(CallQueueManager.java:288)
        at org.apache.hadoop.ipc.Server$Handler.run(Server.java:2668)
"pool-36-thread-38"  prio=5 tid=411 in Object.wait()
java.lang.Thread.State: WAITING (on object monitor)
        at sun.misc.Unsafe.park(Native Method)
        at java.util.concurrent.locks.LockSupport.park(LockSupport.java:175)
        at java.util.concurrent.locks.AbstractQueuedSynchronizer$ConditionObject.await(AbstractQueuedSynchronizer.java:2039)
        at java.util.concurrent.ArrayBlockingQueue.take(ArrayBlockingQueue.java:403)
        at java.util.concurrent.ThreadPoolExecutor.getTask(ThreadPoolExecutor.java:1074)
        at java.util.concurrent.ThreadPoolExecutor.runWorker(ThreadPoolExecutor.java:1134)
        at java.util.concurrent.ThreadPoolExecutor$Worker.run(ThreadPoolExecutor.java:624)
        at java.lang.Thread.run(Thread.java:748)
"d0888866-0bad-4f41-ad37-dccd4a57b958@group-071025EF7F78-StateMachineUpdater" daemon prio=5 tid=880 in Object.wait()
java.lang.Thread.State: WAITING (on object monitor)
        at java.lang.Object.wait(Native Method)
        at java.lang.Object.wait(Object.java:502)
        at org.apache.ratis.server.impl.StateMachineUpdater.waitForCommit(StateMachineUpdater.java:183)
        at org.apache.ratis.server.impl.StateMachineUpdater.run(StateMachineUpdater.java:148)
        at java.lang.Thread.run(Thread.java:748)
"Finalizer" daemon prio=8 tid=3 in Object.wait()
java.lang.Thread.State: WAITING (on object monitor)
        at java.lang.Object.wait(Native Method)
        at java.lang.ref.ReferenceQueue.remove(ReferenceQueue.java:144)
        at java.lang.ref.ReferenceQueue.remove(ReferenceQueue.java:165)
        at java.lang.ref.Finalizer$FinalizerThread.run(Finalizer.java:216)
"pool-66-thread-10"  prio=5 tid=572 in Object.wait()
java.lang.Thread.State: WAITING (on object monitor)
        at sun.misc.Unsafe.park(Native Method)
        at java.util.concurrent.locks.LockSupport.park(LockSupport.java:175)
        at java.util.concurrent.locks.AbstractQueuedSynchronizer$ConditionObject.await(AbstractQueuedSynchronizer.java:2039)
        at java.util.concurrent.ArrayBlockingQueue.take(ArrayBlockingQueue.java:403)
        at java.util.concurrent.ThreadPoolExecutor.getTask(ThreadPoolExecutor.java:1074)
        at java.util.concurrent.ThreadPoolExecutor.runWorker(ThreadPoolExecutor.java:1134)
        at java.util.concurrent.ThreadPoolExecutor$Worker.run(ThreadPoolExecutor.java:624)
        at java.lang.Thread.run(Thread.java:748)
"pool-36-thread-29"  prio=5 tid=402 in Object.wait()
java.lang.Thread.State: WAITING (on object monitor)
        at sun.misc.Unsafe.park(Native Method)
        at java.util.concurrent.locks.LockSupport.park(LockSupport.java:175)
        at java.util.concurrent.locks.AbstractQueuedSynchronizer$ConditionObject.await(AbstractQueuedSynchronizer.java:2039)
        at java.util.concurrent.ArrayBlockingQueue.take(ArrayBlockingQueue.java:403)
        at java.util.concurrent.ThreadPoolExecutor.getTask(ThreadPoolExecutor.java:1074)
        at java.util.concurrent.ThreadPoolExecutor.runWorker(ThreadPoolExecutor.java:1134)
        at java.util.concurrent.ThreadPoolExecutor$Worker.run(ThreadPoolExecutor.java:624)
        at java.lang.Thread.run(Thread.java:748)
"pool-66-thread-41"  prio=5 tid=603 in Object.wait()
java.lang.Thread.State: WAITING (on object monitor)
        at sun.misc.Unsafe.park(Native Method)
        at java.util.concurrent.locks.LockSupport.park(LockSupport.java:175)
        at java.util.concurrent.locks.AbstractQueuedSynchronizer$ConditionObject.await(AbstractQueuedSynchronizer.java:2039)
        at java.util.concurrent.ArrayBlockingQueue.take(ArrayBlockingQueue.java:403)
        at java.util.concurrent.ThreadPoolExecutor.getTask(ThreadPoolExecutor.java:1074)
        at java.util.concurrent.ThreadPoolExecutor.runWorker(ThreadPoolExecutor.java:1134)
        at java.util.concurrent.ThreadPoolExecutor$Worker.run(ThreadPoolExecutor.java:624)
        at java.lang.Thread.run(Thread.java:748)
"pool-26-thread-53"  prio=5 tid=366 in Object.wait()
java.lang.Thread.State: WAITING (on object monitor)
        at sun.misc.Unsafe.park(Native Method)
        at java.util.concurrent.locks.LockSupport.park(LockSupport.java:175)
        at java.util.concurrent.locks.AbstractQueuedSynchronizer$ConditionObject.await(AbstractQueuedSynchronizer.java:2039)
        at java.util.concurrent.ArrayBlockingQueue.take(ArrayBlockingQueue.java:403)
        at java.util.concurrent.ThreadPoolExecutor.getTask(ThreadPoolExecutor.java:1074)
        at java.util.concurrent.ThreadPoolExecutor.runWorker(ThreadPoolExecutor.java:1134)
        at java.util.concurrent.ThreadPoolExecutor$Worker.run(ThreadPoolExecutor.java:624)
        at java.lang.Thread.run(Thread.java:748)
"java.util.concurrent.ThreadPoolExecutor$Worker@2993a47a[State = -1, empty queue]" daemon prio=5 tid=1860 timed_waiting
java.lang.Thread.State: TIMED_WAITING
        at sun.misc.Unsafe.park(Native Method)
        at java.util.concurrent.locks.LockSupport.parkNanos(LockSupport.java:215)
        at java.util.concurrent.locks.AbstractQueuedSynchronizer$ConditionObject.awaitNanos(AbstractQueuedSynchronizer.java:2078)
        at java.util.concurrent.ScheduledThreadPoolExecutor$DelayedWorkQueue.take(ScheduledThreadPoolExecutor.java:1093)
        at java.util.concurrent.ScheduledThreadPoolExecutor$DelayedWorkQueue.take(ScheduledThreadPoolExecutor.java:809)
        at java.util.concurrent.ThreadPoolExecutor.getTask(ThreadPoolExecutor.java:1074)
        at java.util.concurrent.ThreadPoolExecutor.runWorker(ThreadPoolExecutor.java:1134)
        at java.util.concurrent.ThreadPoolExecutor$Worker.run(ThreadPoolExecutor.java:624)
        at java.lang.Thread.run(Thread.java:748)
"pool-26-thread-57"  prio=5 tid=370 in Object.wait()
java.lang.Thread.State: WAITING (on object monitor)
        at sun.misc.Unsafe.park(Native Method)
        at java.util.concurrent.locks.LockSupport.park(LockSupport.java:175)
        at java.util.concurrent.locks.AbstractQueuedSynchronizer$ConditionObject.await(AbstractQueuedSynchronizer.java:2039)
        at java.util.concurrent.ArrayBlockingQueue.take(ArrayBlockingQueue.java:403)
        at java.util.concurrent.ThreadPoolExecutor.getTask(ThreadPoolExecutor.java:1074)
        at java.util.concurrent.ThreadPoolExecutor.runWorker(ThreadPoolExecutor.java:1134)
        at java.util.concurrent.ThreadPoolExecutor$Worker.run(ThreadPoolExecutor.java:624)
        at java.lang.Thread.run(Thread.java:748)
"IPC Server handler 8 on 44461" daemon prio=5 tid=123 timed_waiting
java.lang.Thread.State: TIMED_WAITING
        at sun.misc.Unsafe.park(Native Method)
        at java.util.concurrent.locks.LockSupport.parkNanos(LockSupport.java:215)
        at java.util.concurrent.locks.AbstractQueuedSynchronizer$ConditionObject.awaitNanos(AbstractQueuedSynchronizer.java:2078)
        at java.util.concurrent.LinkedBlockingQueue.poll(LinkedBlockingQueue.java:467)
        at org.apache.hadoop.ipc.CallQueueManager.take(CallQueueManager.java:288)
        at org.apache.hadoop.ipc.Server$Handler.run(Server.java:2668)
"org.apache.ratis.server.impl.LogAppender$AppenderDaemon$$Lambda$418/858148741@461769" daemon prio=5 tid=1813 timed_waiting
java.lang.Thread.State: TIMED_WAITING
        at java.lang.Object.wait(Native Method)
        at org.apache.ratis.grpc.server.GrpcLogAppender.mayWait(GrpcLogAppender.java:141)
        at org.apache.ratis.grpc.server.GrpcLogAppender.runAppenderImpl(GrpcLogAppender.java:95)
        at org.apache.ratis.server.impl.LogAppender$AppenderDaemon.run(LogAppender.java:76)
        at org.apache.ratis.server.impl.LogAppender$AppenderDaemon$$Lambda$418/858148741.run(Unknown Source)
        at java.lang.Thread.run(Thread.java:748)
"IPC Server handler 2 on 40029" daemon prio=5 tid=71 timed_waiting
java.lang.Thread.State: TIMED_WAITING
        at sun.misc.Unsafe.park(Native Method)
        at java.util.concurrent.locks.LockSupport.parkNanos(LockSupport.java:215)
        at java.util.concurrent.locks.AbstractQueuedSynchronizer$ConditionObject.awaitNanos(AbstractQueuedSynchronizer.java:2078)
        at java.util.concurrent.LinkedBlockingQueue.poll(LinkedBlockingQueue.java:467)
        at org.apache.hadoop.ipc.CallQueueManager.take(CallQueueManager.java:288)
        at org.apache.hadoop.ipc.Server$Handler.run(Server.java:2668)
"d0888866-0bad-4f41-ad37-dccd4a57b958@group-DBE87B3B08CE-SegmentedRaftLogWorker"  prio=5 tid=800 timed_waiting
java.lang.Thread.State: TIMED_WAITING
        at sun.misc.Unsafe.park(Native Method)
        at java.util.concurrent.locks.LockSupport.parkNanos(LockSupport.java:215)
        at java.util.concurrent.locks.AbstractQueuedSynchronizer$ConditionObject.awaitNanos(AbstractQueuedSynchronizer.java:2078)
        at org.apache.ratis.util.DataBlockingQueue.poll(DataBlockingQueue.java:137)
        at org.apache.ratis.server.raftlog.segmented.SegmentedRaftLogWorker.run(SegmentedRaftLogWorker.java:283)
        at java.lang.Thread.run(Thread.java:748)
"pool-66-thread-50"  prio=5 tid=612 in Object.wait()
java.lang.Thread.State: WAITING (on object monitor)
        at sun.misc.Unsafe.park(Native Method)
        at java.util.concurrent.locks.LockSupport.park(LockSupport.java:175)
        at java.util.concurrent.locks.AbstractQueuedSynchronizer$ConditionObject.await(AbstractQueuedSynchronizer.java:2039)
        at java.util.concurrent.ArrayBlockingQueue.take(ArrayBlockingQueue.java:403)
        at java.util.concurrent.ThreadPoolExecutor.getTask(ThreadPoolExecutor.java:1074)
        at java.util.concurrent.ThreadPoolExecutor.runWorker(ThreadPoolExecutor.java:1134)
        at java.util.concurrent.ThreadPoolExecutor$Worker.run(ThreadPoolExecutor.java:624)
        at java.lang.Thread.run(Thread.java:748)
"pool-66-thread-17"  prio=5 tid=579 in Object.wait()
java.lang.Thread.State: WAITING (on object monitor)
        at sun.misc.Unsafe.park(Native Method)
        at java.util.concurrent.locks.LockSupport.park(LockSupport.java:175)
        at java.util.concurrent.locks.AbstractQueuedSynchronizer$ConditionObject.await(AbstractQueuedSynchronizer.java:2039)
        at java.util.concurrent.ArrayBlockingQueue.take(ArrayBlockingQueue.java:403)
        at java.util.concurrent.ThreadPoolExecutor.getTask(ThreadPoolExecutor.java:1074)
        at java.util.concurrent.ThreadPoolExecutor.runWorker(ThreadPoolExecutor.java:1134)
        at java.util.concurrent.ThreadPoolExecutor$Worker.run(ThreadPoolExecutor.java:624)
        at java.lang.Thread.run(Thread.java:748)
"pool-24-thread-1" daemon prio=5 tid=156 timed_waiting
java.lang.Thread.State: TIMED_WAITING
        at sun.misc.Unsafe.park(Native Method)
        at java.util.concurrent.locks.LockSupport.parkNanos(LockSupport.java:215)
        at java.util.concurrent.locks.AbstractQueuedSynchronizer$ConditionObject.awaitNanos(AbstractQueuedSynchronizer.java:2078)
        at java.util.concurrent.ScheduledThreadPoolExecutor$DelayedWorkQueue.take(ScheduledThreadPoolExecutor.java:1093)
        at java.util.concurrent.ScheduledThreadPoolExecutor$DelayedWorkQueue.take(ScheduledThreadPoolExecutor.java:809)
        at java.util.concurrent.ThreadPoolExecutor.getTask(ThreadPoolExecutor.java:1074)
        at java.util.concurrent.ThreadPoolExecutor.runWorker(ThreadPoolExecutor.java:1134)
        at java.util.concurrent.ThreadPoolExecutor$Worker.run(ThreadPoolExecutor.java:624)
        at java.lang.Thread.run(Thread.java:748)
"pool-66-thread-16"  prio=5 tid=578 in Object.wait()
java.lang.Thread.State: WAITING (on object monitor)
        at sun.misc.Unsafe.park(Native Method)
        at java.util.concurrent.locks.LockSupport.park(LockSupport.java:175)
        at java.util.concurrent.locks.AbstractQueuedSynchronizer$ConditionObject.await(AbstractQueuedSynchronizer.java:2039)
        at java.util.concurrent.ArrayBlockingQueue.take(ArrayBlockingQueue.java:403)
        at java.util.concurrent.ThreadPoolExecutor.getTask(ThreadPoolExecutor.java:1074)
        at java.util.concurrent.ThreadPoolExecutor.runWorker(ThreadPoolExecutor.java:1134)
        at java.util.concurrent.ThreadPoolExecutor$Worker.run(ThreadPoolExecutor.java:624)
        at java.lang.Thread.run(Thread.java:748)
"pool-76-thread-21"  prio=5 tid=645 in Object.wait()
java.lang.Thread.State: WAITING (on object monitor)
        at sun.misc.Unsafe.park(Native Method)
        at java.util.concurrent.locks.LockSupport.park(LockSupport.java:175)
        at java.util.concurrent.locks.AbstractQueuedSynchronizer$ConditionObject.await(AbstractQueuedSynchronizer.java:2039)
        at java.util.concurrent.ArrayBlockingQueue.take(ArrayBlockingQueue.java:403)
        at java.util.concurrent.ThreadPoolExecutor.getTask(ThreadPoolExecutor.java:1074)
        at java.util.concurrent.ThreadPoolExecutor.runWorker(ThreadPoolExecutor.java:1134)
        at java.util.concurrent.ThreadPoolExecutor$Worker.run(ThreadPoolExecutor.java:624)
        at java.lang.Thread.run(Thread.java:748)
"refreshUsed-/workdir/hadoop-ozone/integration-test/target/test-dir/MiniOzoneClusterImpl-85c44edd-3ede-4f6a-a825-df7bd545a955/datanode-1/data/containers" daemon prio=5 tid=180 timed_waiting
java.lang.Thread.State: TIMED_WAITING
        at java.lang.Thread.sleep(Native Method)
        at org.apache.hadoop.fs.CachingGetSpaceUsed$RefreshThread.run(CachingGetSpaceUsed.java:179)
        at java.lang.Thread.run(Thread.java:748)
"19e67e26-3d21-4d01-be9f-29113a4a814c@group-071025EF7F78-StateMachineUpdater" daemon prio=5 tid=882 in Object.wait()
java.lang.Thread.State: WAITING (on object monitor)
        at java.lang.Object.wait(Native Method)
        at java.lang.Object.wait(Object.java:502)
        at org.apache.ratis.server.impl.StateMachineUpdater.waitForCommit(StateMachineUpdater.java:183)
        at org.apache.ratis.server.impl.StateMachineUpdater.run(StateMachineUpdater.java:148)
        at java.lang.Thread.run(Thread.java:748)
"pool-36-thread-17"  prio=5 tid=390 in Object.wait()
java.lang.Thread.State: WAITING (on object monitor)
        at sun.misc.Unsafe.park(Native Method)
        at java.util.concurrent.locks.LockSupport.park(LockSupport.java:175)
        at java.util.concurrent.locks.AbstractQueuedSynchronizer$ConditionObject.await(AbstractQueuedSynchronizer.java:2039)
        at java.util.concurrent.ArrayBlockingQueue.take(ArrayBlockingQueue.java:403)
        at java.util.concurrent.ThreadPoolExecutor.getTask(ThreadPoolExecutor.java:1074)
        at java.util.concurrent.ThreadPoolExecutor.runWorker(ThreadPoolExecutor.java:1134)
        at java.util.concurrent.ThreadPoolExecutor$Worker.run(ThreadPoolExecutor.java:624)
        at java.lang.Thread.run(Thread.java:748)
"metrics-hadoop-metrics2-reporter-46-thread-1" daemon prio=5 tid=1041 timed_waiting
java.lang.Thread.State: TIMED_WAITING
        at sun.misc.Unsafe.park(Native Method)
        at java.util.concurrent.locks.LockSupport.parkNanos(LockSupport.java:215)
        at java.util.concurrent.locks.AbstractQueuedSynchronizer$ConditionObject.awaitNanos(AbstractQueuedSynchronizer.java:2078)
        at java.util.concurrent.ScheduledThreadPoolExecutor$DelayedWorkQueue.take(ScheduledThreadPoolExecutor.java:1093)
        at java.util.concurrent.ScheduledThreadPoolExecutor$DelayedWorkQueue.take(ScheduledThreadPoolExecutor.java:809)
        at java.util.concurrent.ThreadPoolExecutor.getTask(ThreadPoolExecutor.java:1074)
        at java.util.concurrent.ThreadPoolExecutor.runWorker(ThreadPoolExecutor.java:1134)
        at java.util.concurrent.ThreadPoolExecutor$Worker.run(ThreadPoolExecutor.java:624)
        at java.lang.Thread.run(Thread.java:748)
"pool-26-thread-35"  prio=5 tid=348 in Object.wait()
java.lang.Thread.State: WAITING (on object monitor)
        at sun.misc.Unsafe.park(Native Method)
        at java.util.concurrent.locks.LockSupport.park(LockSupport.java:175)
        at java.util.concurrent.locks.AbstractQueuedSynchronizer$ConditionObject.await(AbstractQueuedSynchronizer.java:2039)
        at java.util.concurrent.ArrayBlockingQueue.take(ArrayBlockingQueue.java:403)
        at java.util.concurrent.ThreadPoolExecutor.getTask(ThreadPoolExecutor.java:1074)
        at java.util.concurrent.ThreadPoolExecutor.runWorker(ThreadPoolExecutor.java:1134)
        at java.util.concurrent.ThreadPoolExecutor$Worker.run(ThreadPoolExecutor.java:624)
        at java.lang.Thread.run(Thread.java:748)
"Thread-1197" daemon prio=5 tid=1783 timed_waiting
java.lang.Thread.State: TIMED_WAITING
        at sun.misc.Unsafe.park(Native Method)
        at java.util.concurrent.locks.LockSupport.parkNanos(LockSupport.java:215)
        at java.util.concurrent.locks.AbstractQueuedSynchronizer$ConditionObject.awaitNanos(AbstractQueuedSynchronizer.java:2078)
        at java.util.concurrent.ArrayBlockingQueue.poll(ArrayBlockingQueue.java:418)
        at org.apache.ratis.server.impl.LeaderState$EventQueue.poll(LeaderState.java:115)
        at org.apache.ratis.server.impl.LeaderState$EventProcessor.run(LeaderState.java:457)
"19e67e26-3d21-4d01-be9f-29113a4a814c@group-BF1BD4D8076C-SegmentedRaftLogWorker"  prio=5 tid=738 timed_waiting
java.lang.Thread.State: TIMED_WAITING
        at sun.misc.Unsafe.park(Native Method)
        at java.util.concurrent.locks.LockSupport.parkNanos(LockSupport.java:215)
        at java.util.concurrent.locks.AbstractQueuedSynchronizer$ConditionObject.awaitNanos(AbstractQueuedSynchronizer.java:2078)
        at org.apache.ratis.util.DataBlockingQueue.poll(DataBlockingQueue.java:137)
        at org.apache.ratis.server.raftlog.segmented.SegmentedRaftLogWorker.run(SegmentedRaftLogWorker.java:283)
        at java.lang.Thread.run(Thread.java:748)
"IPC Server handler 17 on 40029" daemon prio=5 tid=86 timed_waiting
java.lang.Thread.State: TIMED_WAITING
        at sun.misc.Unsafe.park(Native Method)
        at java.util.concurrent.locks.LockSupport.parkNanos(LockSupport.java:215)
        at java.util.concurrent.locks.AbstractQueuedSynchronizer$ConditionObject.awaitNanos(AbstractQueuedSynchronizer.java:2078)
        at java.util.concurrent.LinkedBlockingQueue.poll(LinkedBlockingQueue.java:467)
        at org.apache.hadoop.ipc.CallQueueManager.take(CallQueueManager.java:288)
        at org.apache.hadoop.ipc.Server$Handler.run(Server.java:2668)
"org.apache.ratis.server.impl.LogAppender$AppenderDaemon$$Lambda$418/858148741@2804aff6" daemon prio=5 tid=1833 timed_waiting
java.lang.Thread.State: TIMED_WAITING
        at java.lang.Object.wait(Native Method)
        at org.apache.ratis.grpc.server.GrpcLogAppender.mayWait(GrpcLogAppender.java:141)
        at org.apache.ratis.grpc.server.GrpcLogAppender.runAppenderImpl(GrpcLogAppender.java:95)
        at org.apache.ratis.server.impl.LogAppender$AppenderDaemon.run(LogAppender.java:76)
        at org.apache.ratis.server.impl.LogAppender$AppenderDaemon$$Lambda$418/858148741.run(Unknown Source)
        at java.lang.Thread.run(Thread.java:748)
"jaeger.RemoteReporter-QueueProcessor" daemon prio=5 tid=147 in Object.wait()
java.lang.Thread.State: WAITING (on object monitor)
        at sun.misc.Unsafe.park(Native Method)
        at java.util.concurrent.locks.LockSupport.park(LockSupport.java:175)
        at java.util.concurrent.locks.AbstractQueuedSynchronizer$ConditionObject.await(AbstractQueuedSynchronizer.java:2039)
        at java.util.concurrent.ArrayBlockingQueue.take(ArrayBlockingQueue.java:403)
        at io.jaegertracing.internal.reporters.RemoteReporter$QueueProcessor.run(RemoteReporter.java:173)
        at java.lang.Thread.run(Thread.java:748)
"refreshUsed-/workdir/hadoop-ozone/integration-test/target/test-dir/MiniOzoneClusterImpl-85c44edd-3ede-4f6a-a825-df7bd545a955/datanode-2/data/containers" daemon prio=5 tid=208 timed_waiting
java.lang.Thread.State: TIMED_WAITING
        at java.lang.Thread.sleep(Native Method)
        at org.apache.hadoop.fs.CachingGetSpaceUsed$RefreshThread.run(CachingGetSpaceUsed.java:179)
        at java.lang.Thread.run(Thread.java:748)
"Thread-1205" daemon prio=5 tid=1791 timed_waiting
java.lang.Thread.State: TIMED_WAITING
        at sun.misc.Unsafe.park(Native Method)
        at java.util.concurrent.locks.LockSupport.parkNanos(LockSupport.java:215)
        at java.util.concurrent.locks.AbstractQueuedSynchronizer$ConditionObject.awaitNanos(AbstractQueuedSynchronizer.java:2078)
        at java.util.concurrent.ArrayBlockingQueue.poll(ArrayBlockingQueue.java:418)
        at org.apache.ratis.server.impl.LeaderState$EventQueue.poll(LeaderState.java:115)
        at org.apache.ratis.server.impl.LeaderState$EventProcessor.run(LeaderState.java:457)
"pool-26-thread-17"  prio=5 tid=330 in Object.wait()
java.lang.Thread.State: WAITING (on object monitor)
        at sun.misc.Unsafe.park(Native Method)
        at java.util.concurrent.locks.LockSupport.park(LockSupport.java:175)
        at java.util.concurrent.locks.AbstractQueuedSynchronizer$ConditionObject.await(AbstractQueuedSynchronizer.java:2039)
        at java.util.concurrent.ArrayBlockingQueue.take(ArrayBlockingQueue.java:403)
        at java.util.concurrent.ThreadPoolExecutor.getTask(ThreadPoolExecutor.java:1074)
        at java.util.concurrent.ThreadPoolExecutor.runWorker(ThreadPoolExecutor.java:1134)
        at java.util.concurrent.ThreadPoolExecutor$Worker.run(ThreadPoolExecutor.java:624)
        at java.lang.Thread.run(Thread.java:748)
"metrics-hadoop-metrics2-reporter-42-thread-1" daemon prio=5 tid=897 timed_waiting
java.lang.Thread.State: TIMED_WAITING
        at sun.misc.Unsafe.park(Native Method)
        at java.util.concurrent.locks.LockSupport.parkNanos(LockSupport.java:215)
        at java.util.concurrent.locks.AbstractQueuedSynchronizer$ConditionObject.awaitNanos(AbstractQueuedSynchronizer.java:2078)
        at java.util.concurrent.ScheduledThreadPoolExecutor$DelayedWorkQueue.take(ScheduledThreadPoolExecutor.java:1093)
        at java.util.concurrent.ScheduledThreadPoolExecutor$DelayedWorkQueue.take(ScheduledThreadPoolExecutor.java:809)
        at java.util.concurrent.ThreadPoolExecutor.getTask(ThreadPoolExecutor.java:1074)
        at java.util.concurrent.ThreadPoolExecutor.runWorker(ThreadPoolExecutor.java:1134)
        at java.util.concurrent.ThreadPoolExecutor$Worker.run(ThreadPoolExecutor.java:624)
        at java.lang.Thread.run(Thread.java:748)
"pool-66-thread-43"  prio=5 tid=605 in Object.wait()
java.lang.Thread.State: WAITING (on object monitor)
        at sun.misc.Unsafe.park(Native Method)
        at java.util.concurrent.locks.LockSupport.park(LockSupport.java:175)
        at java.util.concurrent.locks.AbstractQueuedSynchronizer$ConditionObject.await(AbstractQueuedSynchronizer.java:2039)
        at java.util.concurrent.ArrayBlockingQueue.take(ArrayBlockingQueue.java:403)
        at java.util.concurrent.ThreadPoolExecutor.getTask(ThreadPoolExecutor.java:1074)
        at java.util.concurrent.ThreadPoolExecutor.runWorker(ThreadPoolExecutor.java:1134)
        at java.util.concurrent.ThreadPoolExecutor$Worker.run(ThreadPoolExecutor.java:624)
        at java.lang.Thread.run(Thread.java:748)
"b7064b77-9271-4e94-8225-85d895886efb@group-CDCB2C8C105A-SegmentedRaftLogWorker"  prio=5 tid=721 timed_waiting
java.lang.Thread.State: TIMED_WAITING
        at sun.misc.Unsafe.park(Native Method)
        at java.util.concurrent.locks.LockSupport.parkNanos(LockSupport.java:215)
        at java.util.concurrent.locks.AbstractQueuedSynchronizer$ConditionObject.awaitNanos(AbstractQueuedSynchronizer.java:2078)
        at org.apache.ratis.util.DataBlockingQueue.poll(DataBlockingQueue.java:137)
        at org.apache.ratis.server.raftlog.segmented.SegmentedRaftLogWorker.run(SegmentedRaftLogWorker.java:283)
        at java.lang.Thread.run(Thread.java:748)
"pool-66-thread-36"  prio=5 tid=598 in Object.wait()
java.lang.Thread.State: WAITING (on object monitor)
        at sun.misc.Unsafe.park(Native Method)
        at java.util.concurrent.locks.LockSupport.park(LockSupport.java:175)
        at java.util.concurrent.locks.AbstractQueuedSynchronizer$ConditionObject.await(AbstractQueuedSynchronizer.java:2039)
        at java.util.concurrent.ArrayBlockingQueue.take(ArrayBlockingQueue.java:403)
        at java.util.concurrent.ThreadPoolExecutor.getTask(ThreadPoolExecutor.java:1074)
        at java.util.concurrent.ThreadPoolExecutor.runWorker(ThreadPoolExecutor.java:1134)
        at java.util.concurrent.ThreadPoolExecutor$Worker.run(ThreadPoolExecutor.java:624)
        at java.lang.Thread.run(Thread.java:748)
"pool-46-thread-42"  prio=5 tid=475 in Object.wait()
java.lang.Thread.State: WAITING (on object monitor)
        at sun.misc.Unsafe.park(Native Method)
        at java.util.concurrent.locks.LockSupport.park(LockSupport.java:175)
        at java.util.concurrent.locks.AbstractQueuedSynchronizer$ConditionObject.await(AbstractQueuedSynchronizer.java:2039)
        at java.util.concurrent.ArrayBlockingQueue.take(ArrayBlockingQueue.java:403)
        at java.util.concurrent.ThreadPoolExecutor.getTask(ThreadPoolExecutor.java:1074)
        at java.util.concurrent.ThreadPoolExecutor.runWorker(ThreadPoolExecutor.java:1134)
        at java.util.concurrent.ThreadPoolExecutor$Worker.run(ThreadPoolExecutor.java:624)
        at java.lang.Thread.run(Thread.java:748)
"pool-56-thread-57"  prio=5 tid=551 in Object.wait()
java.lang.Thread.State: WAITING (on object monitor)
        at sun.misc.Unsafe.park(Native Method)
        at java.util.concurrent.locks.LockSupport.park(LockSupport.java:175)
        at java.util.concurrent.locks.AbstractQueuedSynchronizer$ConditionObject.await(AbstractQueuedSynchronizer.java:2039)
        at java.util.concurrent.ArrayBlockingQueue.take(ArrayBlockingQueue.java:403)
        at java.util.concurrent.ThreadPoolExecutor.getTask(ThreadPoolExecutor.java:1074)
        at java.util.concurrent.ThreadPoolExecutor.runWorker(ThreadPoolExecutor.java:1134)
        at java.util.concurrent.ThreadPoolExecutor$Worker.run(ThreadPoolExecutor.java:624)
        at java.lang.Thread.run(Thread.java:748)
"pool-56-thread-10"  prio=5 tid=504 in Object.wait()
java.lang.Thread.State: WAITING (on object monitor)
        at sun.misc.Unsafe.park(Native Method)
        at java.util.concurrent.locks.LockSupport.park(LockSupport.java:175)
        at java.util.concurrent.locks.AbstractQueuedSynchronizer$ConditionObject.await(AbstractQueuedSynchronizer.java:2039)
        at java.util.concurrent.ArrayBlockingQueue.take(ArrayBlockingQueue.java:403)
        at java.util.concurrent.ThreadPoolExecutor.getTask(ThreadPoolExecutor.java:1074)
        at java.util.concurrent.ThreadPoolExecutor.runWorker(ThreadPoolExecutor.java:1134)
        at java.util.concurrent.ThreadPoolExecutor$Worker.run(ThreadPoolExecutor.java:624)
        at java.lang.Thread.run(Thread.java:748)
"pool-56-thread-1"  prio=5 tid=495 in Object.wait()
java.lang.Thread.State: WAITING (on object monitor)
        at sun.misc.Unsafe.park(Native Method)
        at java.util.concurrent.locks.LockSupport.park(LockSupport.java:175)
        at java.util.concurrent.locks.AbstractQueuedSynchronizer$ConditionObject.await(AbstractQueuedSynchronizer.java:2039)
        at java.util.concurrent.ArrayBlockingQueue.take(ArrayBlockingQueue.java:403)
        at java.util.concurrent.ThreadPoolExecutor.getTask(ThreadPoolExecutor.java:1074)
        at java.util.concurrent.ThreadPoolExecutor.runWorker(ThreadPoolExecutor.java:1134)
        at java.util.concurrent.ThreadPoolExecutor$Worker.run(ThreadPoolExecutor.java:624)
        at java.lang.Thread.run(Thread.java:748)
"e081c0a5-acfc-4a29-8262-ee158adf5b11@group-7CC56FB5D3F9-SegmentedRaftLogWorker"  prio=5 tid=833 timed_waiting
java.lang.Thread.State: TIMED_WAITING
        at sun.misc.Unsafe.park(Native Method)
        at java.util.concurrent.locks.LockSupport.parkNanos(LockSupport.java:215)
        at java.util.concurrent.locks.AbstractQueuedSynchronizer$ConditionObject.awaitNanos(AbstractQueuedSynchronizer.java:2078)
        at org.apache.ratis.util.DataBlockingQueue.poll(DataBlockingQueue.java:137)
        at org.apache.ratis.server.raftlog.segmented.SegmentedRaftLogWorker.run(SegmentedRaftLogWorker.java:283)
        at java.lang.Thread.run(Thread.java:748)
"IPC Server handler 15 on 40029" daemon prio=5 tid=84 timed_waiting
java.lang.Thread.State: TIMED_WAITING
        at sun.misc.Unsafe.park(Native Method)
        at java.util.concurrent.locks.LockSupport.parkNanos(LockSupport.java:215)
        at java.util.concurrent.locks.AbstractQueuedSynchronizer$ConditionObject.awaitNanos(AbstractQueuedSynchronizer.java:2078)
        at java.util.concurrent.LinkedBlockingQueue.poll(LinkedBlockingQueue.java:467)
        at org.apache.hadoop.ipc.CallQueueManager.take(CallQueueManager.java:288)
        at org.apache.hadoop.ipc.Server$Handler.run(Server.java:2668)
"pool-26-thread-16"  prio=5 tid=329 in Object.wait()
java.lang.Thread.State: WAITING (on object monitor)
        at sun.misc.Unsafe.park(Native Method)
        at java.util.concurrent.locks.LockSupport.park(LockSupport.java:175)
        at java.util.concurrent.locks.AbstractQueuedSynchronizer$ConditionObject.await(AbstractQueuedSynchronizer.java:2039)
        at java.util.concurrent.ArrayBlockingQueue.take(ArrayBlockingQueue.java:403)
        at java.util.concurrent.ThreadPoolExecutor.getTask(ThreadPoolExecutor.java:1074)
        at java.util.concurrent.ThreadPoolExecutor.runWorker(ThreadPoolExecutor.java:1134)
        at java.util.concurrent.ThreadPoolExecutor$Worker.run(ThreadPoolExecutor.java:624)
        at java.lang.Thread.run(Thread.java:748)
"Datanode ReportManager Thread - 3" daemon prio=5 tid=174 in Object.wait()
java.lang.Thread.State: WAITING (on object monitor)
        at sun.misc.Unsafe.park(Native Method)
        at java.util.concurrent.locks.LockSupport.park(LockSupport.java:175)
        at java.util.concurrent.locks.AbstractQueuedSynchronizer$ConditionObject.await(AbstractQueuedSynchronizer.java:2039)
        at java.util.concurrent.ScheduledThreadPoolExecutor$DelayedWorkQueue.take(ScheduledThreadPoolExecutor.java:1088)
        at java.util.concurrent.ScheduledThreadPoolExecutor$DelayedWorkQueue.take(ScheduledThreadPoolExecutor.java:809)
        at java.util.concurrent.ThreadPoolExecutor.getTask(ThreadPoolExecutor.java:1074)
        at java.util.concurrent.ThreadPoolExecutor.runWorker(ThreadPoolExecutor.java:1134)
        at java.util.concurrent.ThreadPoolExecutor$Worker.run(ThreadPoolExecutor.java:624)
        at java.lang.Thread.run(Thread.java:748)
"pool-46-thread-41"  prio=5 tid=474 in Object.wait()
java.lang.Thread.State: WAITING (on object monitor)
        at sun.misc.Unsafe.park(Native Method)
        at java.util.concurrent.locks.LockSupport.park(LockSupport.java:175)
        at java.util.concurrent.locks.AbstractQueuedSynchronizer$ConditionObject.await(AbstractQueuedSynchronizer.java:2039)
        at java.util.concurrent.ArrayBlockingQueue.take(ArrayBlockingQueue.java:403)
        at java.util.concurrent.ThreadPoolExecutor.getTask(ThreadPoolExecutor.java:1074)
        at java.util.concurrent.ThreadPoolExecutor.runWorker(ThreadPoolExecutor.java:1134)
        at java.util.concurrent.ThreadPoolExecutor$Worker.run(ThreadPoolExecutor.java:624)
        at java.lang.Thread.run(Thread.java:748)
"grpc-default-executor-20" daemon prio=5 tid=1867 timed_waiting
java.lang.Thread.State: TIMED_WAITING
        at sun.misc.Unsafe.park(Native Method)
        at java.util.concurrent.locks.LockSupport.parkNanos(LockSupport.java:215)
        at java.util.concurrent.SynchronousQueue$TransferStack.awaitFulfill(SynchronousQueue.java:460)
        at java.util.concurrent.SynchronousQueue$TransferStack.transfer(SynchronousQueue.java:362)
        at java.util.concurrent.SynchronousQueue.poll(SynchronousQueue.java:941)
        at java.util.concurrent.ThreadPoolExecutor.getTask(ThreadPoolExecutor.java:1073)
        at java.util.concurrent.ThreadPoolExecutor.runWorker(ThreadPoolExecutor.java:1134)
        at java.util.concurrent.ThreadPoolExecutor$Worker.run(ThreadPoolExecutor.java:624)
        at java.lang.Thread.run(Thread.java:748)
"IPC Server Responder" daemon prio=5 tid=25 runnable
java.lang.Thread.State: RUNNABLE
        at sun.nio.ch.EPollArrayWrapper.epollWait(Native Method)
        at sun.nio.ch.EPollArrayWrapper.poll(EPollArrayWrapper.java:269)
        at sun.nio.ch.EPollSelectorImpl.doSelect(EPollSelectorImpl.java:93)
        at sun.nio.ch.SelectorImpl.lockAndDoSelect(SelectorImpl.java:86)
        at sun.nio.ch.SelectorImpl.select(SelectorImpl.java:97)
        at org.apache.hadoop.ipc.Server$Responder.doRunLoop(Server.java:1334)
        at org.apache.hadoop.ipc.Server$Responder.run(Server.java:1317)
"pool-26-thread-37"  prio=5 tid=350 in Object.wait()
java.lang.Thread.State: WAITING (on object monitor)
        at sun.misc.Unsafe.park(Native Method)
        at java.util.concurrent.locks.LockSupport.park(LockSupport.java:175)
        at java.util.concurrent.locks.AbstractQueuedSynchronizer$ConditionObject.await(AbstractQueuedSynchronizer.java:2039)
        at java.util.concurrent.ArrayBlockingQueue.take(ArrayBlockingQueue.java:403)
        at java.util.concurrent.ThreadPoolExecutor.getTask(ThreadPoolExecutor.java:1074)
        at java.util.concurrent.ThreadPoolExecutor.runWorker(ThreadPoolExecutor.java:1134)
        at java.util.concurrent.ThreadPoolExecutor$Worker.run(ThreadPoolExecutor.java:624)
        at java.lang.Thread.run(Thread.java:748)
"pool-46-thread-47"  prio=5 tid=480 in Object.wait()
java.lang.Thread.State: WAITING (on object monitor)
        at sun.misc.Unsafe.park(Native Method)
        at java.util.concurrent.locks.LockSupport.park(LockSupport.java:175)
        at java.util.concurrent.locks.AbstractQueuedSynchronizer$ConditionObject.await(AbstractQueuedSynchronizer.java:2039)
        at java.util.concurrent.ArrayBlockingQueue.take(ArrayBlockingQueue.java:403)
        at java.util.concurrent.ThreadPoolExecutor.getTask(ThreadPoolExecutor.java:1074)
        at java.util.concurrent.ThreadPoolExecutor.runWorker(ThreadPoolExecutor.java:1134)
        at java.util.concurrent.ThreadPoolExecutor$Worker.run(ThreadPoolExecutor.java:624)
        at java.lang.Thread.run(Thread.java:748)
"pool-76-thread-9"  prio=5 tid=633 in Object.wait()
java.lang.Thread.State: WAITING (on object monitor)
        at sun.misc.Unsafe.park(Native Method)
        at java.util.concurrent.locks.LockSupport.park(LockSupport.java:175)
        at java.util.concurrent.locks.AbstractQueuedSynchronizer$ConditionObject.await(AbstractQueuedSynchronizer.java:2039)
        at java.util.concurrent.ArrayBlockingQueue.take(ArrayBlockingQueue.java:403)
        at java.util.concurrent.ThreadPoolExecutor.getTask(ThreadPoolExecutor.java:1074)
        at java.util.concurrent.ThreadPoolExecutor.runWorker(ThreadPoolExecutor.java:1134)
        at java.util.concurrent.ThreadPoolExecutor$Worker.run(ThreadPoolExecutor.java:624)
        at java.lang.Thread.run(Thread.java:748)
"qtp1623761043-274" daemon prio=5 tid=274 timed_waiting
java.lang.Thread.State: TIMED_WAITING
        at sun.misc.Unsafe.park(Native Method)
        at java.util.concurrent.locks.LockSupport.parkNanos(LockSupport.java:215)
        at java.util.concurrent.locks.AbstractQueuedSynchronizer$ConditionObject.awaitNanos(AbstractQueuedSynchronizer.java:2078)
        at org.eclipse.jetty.util.BlockingArrayQueue.poll(BlockingArrayQueue.java:392)
        at org.eclipse.jetty.util.thread.QueuedThreadPool.idleJobPoll(QueuedThreadPool.java:563)
        at org.eclipse.jetty.util.thread.QueuedThreadPool.access$800(QueuedThreadPool.java:48)
        at org.eclipse.jetty.util.thread.QueuedThreadPool$2.run(QueuedThreadPool.java:626)
        at java.lang.Thread.run(Thread.java:748)
"qtp1680841335-245" daemon prio=5 tid=245 timed_waiting
java.lang.Thread.State: TIMED_WAITING
        at sun.misc.Unsafe.park(Native Method)
        at java.util.concurrent.locks.LockSupport.parkNanos(LockSupport.java:215)
        at java.util.concurrent.locks.AbstractQueuedSynchronizer$ConditionObject.awaitNanos(AbstractQueuedSynchronizer.java:2078)
        at org.eclipse.jetty.util.BlockingArrayQueue.poll(BlockingArrayQueue.java:392)
        at org.eclipse.jetty.util.thread.QueuedThreadPool.idleJobPoll(QueuedThreadPool.java:563)
        at org.eclipse.jetty.util.thread.QueuedThreadPool.access$800(QueuedThreadPool.java:48)
        at org.eclipse.jetty.util.thread.QueuedThreadPool$2.run(QueuedThreadPool.java:626)
        at java.lang.Thread.run(Thread.java:748)
"pool-76-thread-13"  prio=5 tid=637 in Object.wait()
java.lang.Thread.State: WAITING (on object monitor)
        at sun.misc.Unsafe.park(Native Method)
        at java.util.concurrent.locks.LockSupport.park(LockSupport.java:175)
        at java.util.concurrent.locks.AbstractQueuedSynchronizer$ConditionObject.await(AbstractQueuedSynchronizer.java:2039)
        at java.util.concurrent.ArrayBlockingQueue.take(ArrayBlockingQueue.java:403)
        at java.util.concurrent.ThreadPoolExecutor.getTask(ThreadPoolExecutor.java:1074)
        at java.util.concurrent.ThreadPoolExecutor.runWorker(ThreadPoolExecutor.java:1134)
        at java.util.concurrent.ThreadPoolExecutor$Worker.run(ThreadPoolExecutor.java:624)
        at java.lang.Thread.run(Thread.java:748)
"qtp1235908203-137-acceptor-0@36bf9c21-ServerConnector@2fc07784{HTTP/1.1,[http/1.1]}{0.0.0.0:46229}" daemon prio=3 tid=137 runnable
java.lang.Thread.State: RUNNABLE
        at sun.nio.ch.ServerSocketChannelImpl.accept0(Native Method)
        at sun.nio.ch.ServerSocketChannelImpl.accept(ServerSocketChannelImpl.java:422)
        at sun.nio.ch.ServerSocketChannelImpl.accept(ServerSocketChannelImpl.java:250)
        at org.eclipse.jetty.server.ServerConnector.accept(ServerConnector.java:397)
        at org.eclipse.jetty.server.AbstractConnector$Acceptor.run(AbstractConnector.java:601)
        at org.eclipse.jetty.util.thread.QueuedThreadPool.runJob(QueuedThreadPool.java:671)
        at org.eclipse.jetty.util.thread.QueuedThreadPool$2.run(QueuedThreadPool.java:589)
        at java.lang.Thread.run(Thread.java:748)
"IPC Server handler 10 on 45005" daemon prio=5 tid=39 timed_waiting
java.lang.Thread.State: TIMED_WAITING
        at sun.misc.Unsafe.park(Native Method)
        at java.util.concurrent.locks.LockSupport.parkNanos(LockSupport.java:215)
        at java.util.concurrent.locks.AbstractQueuedSynchronizer$ConditionObject.awaitNanos(AbstractQueuedSynchronizer.java:2078)
        at java.util.concurrent.LinkedBlockingQueue.poll(LinkedBlockingQueue.java:467)
        at org.apache.hadoop.ipc.CallQueueManager.take(CallQueueManager.java:288)
        at org.apache.hadoop.ipc.Server$Handler.run(Server.java:2668)
"8c24ed06-386e-4085-8931-93c762a64530@group-BF1BD4D8076C-SegmentedRaftLogWorker"  prio=5 tid=739 timed_waiting
java.lang.Thread.State: TIMED_WAITING
        at sun.misc.Unsafe.park(Native Method)
        at java.util.concurrent.locks.LockSupport.parkNanos(LockSupport.java:215)
        at java.util.concurrent.locks.AbstractQueuedSynchronizer$ConditionObject.awaitNanos(AbstractQueuedSynchronizer.java:2078)
        at org.apache.ratis.util.DataBlockingQueue.poll(DataBlockingQueue.java:137)
        at org.apache.ratis.server.raftlog.segmented.SegmentedRaftLogWorker.run(SegmentedRaftLogWorker.java:283)
        at java.lang.Thread.run(Thread.java:748)
"IPC Server listener on 45005" daemon prio=5 tid=22 runnable
java.lang.Thread.State: RUNNABLE
        at sun.nio.ch.EPollArrayWrapper.epollWait(Native Method)
        at sun.nio.ch.EPollArrayWrapper.poll(EPollArrayWrapper.java:269)
        at sun.nio.ch.EPollSelectorImpl.doSelect(EPollSelectorImpl.java:93)
        at sun.nio.ch.SelectorImpl.lockAndDoSelect(SelectorImpl.java:86)
        at sun.nio.ch.SelectorImpl.select(SelectorImpl.java:97)
        at sun.nio.ch.SelectorImpl.select(SelectorImpl.java:101)
        at org.apache.hadoop.ipc.Server$Listener.run(Server.java:1159)
"qtp1947666055-297" daemon prio=5 tid=297 timed_waiting
java.lang.Thread.State: TIMED_WAITING
        at sun.misc.Unsafe.park(Native Method)
        at java.util.concurrent.locks.LockSupport.parkNanos(LockSupport.java:215)
        at java.util.concurrent.locks.AbstractQueuedSynchronizer$ConditionObject.awaitNanos(AbstractQueuedSynchronizer.java:2078)
        at org.eclipse.jetty.util.BlockingArrayQueue.poll(BlockingArrayQueue.java:392)
        at org.eclipse.jetty.util.thread.QueuedThreadPool.idleJobPoll(QueuedThreadPool.java:563)
        at org.eclipse.jetty.util.thread.QueuedThreadPool.access$800(QueuedThreadPool.java:48)
        at org.eclipse.jetty.util.thread.QueuedThreadPool$2.run(QueuedThreadPool.java:626)
        at java.lang.Thread.run(Thread.java:748)
"pool-46-thread-15"  prio=5 tid=448 in Object.wait()
java.lang.Thread.State: WAITING (on object monitor)
        at sun.misc.Unsafe.park(Native Method)
        at java.util.concurrent.locks.LockSupport.park(LockSupport.java:175)
        at java.util.concurrent.locks.AbstractQueuedSynchronizer$ConditionObject.await(AbstractQueuedSynchronizer.java:2039)
        at java.util.concurrent.ArrayBlockingQueue.take(ArrayBlockingQueue.java:403)
        at java.util.concurrent.ThreadPoolExecutor.getTask(ThreadPoolExecutor.java:1074)
        at java.util.concurrent.ThreadPoolExecutor.runWorker(ThreadPoolExecutor.java:1134)
        at java.util.concurrent.ThreadPoolExecutor$Worker.run(ThreadPoolExecutor.java:624)
        at java.lang.Thread.run(Thread.java:748)
"IPC Server handler 1 on 45005" daemon prio=5 tid=30 timed_waiting
java.lang.Thread.State: TIMED_WAITING
        at sun.misc.Unsafe.park(Native Method)
        at java.util.concurrent.locks.LockSupport.parkNanos(LockSupport.java:215)
        at java.util.concurrent.locks.AbstractQueuedSynchronizer$ConditionObject.awaitNanos(AbstractQueuedSynchronizer.java:2078)
        at java.util.concurrent.LinkedBlockingQueue.poll(LinkedBlockingQueue.java:467)
        at org.apache.hadoop.ipc.CallQueueManager.take(CallQueueManager.java:288)
        at org.apache.hadoop.ipc.Server$Handler.run(Server.java:2668)
"Thread-454" daemon prio=5 tid=1037 timed_waiting
java.lang.Thread.State: TIMED_WAITING
        at sun.misc.Unsafe.park(Native Method)
        at java.util.concurrent.locks.LockSupport.parkNanos(LockSupport.java:215)
        at java.util.concurrent.locks.AbstractQueuedSynchronizer$ConditionObject.awaitNanos(AbstractQueuedSynchronizer.java:2078)
        at java.util.concurrent.ArrayBlockingQueue.poll(ArrayBlockingQueue.java:418)
        at org.apache.ratis.server.impl.LeaderState$EventQueue.poll(LeaderState.java:115)
        at org.apache.ratis.server.impl.LeaderState$EventProcessor.run(LeaderState.java:457)
"org.apache.ratis.server.impl.LogAppender$AppenderDaemon$$Lambda$418/858148741@36179d70" daemon prio=5 tid=1806 timed_waiting
java.lang.Thread.State: TIMED_WAITING
        at java.lang.Object.wait(Native Method)
        at org.apache.ratis.grpc.server.GrpcLogAppender.mayWait(GrpcLogAppender.java:141)
        at org.apache.ratis.grpc.server.GrpcLogAppender.runAppenderImpl(GrpcLogAppender.java:95)
        at org.apache.ratis.server.impl.LogAppender$AppenderDaemon.run(LogAppender.java:76)
        at org.apache.ratis.server.impl.LogAppender$AppenderDaemon$$Lambda$418/858148741.run(Unknown Source)
        at java.lang.Thread.run(Thread.java:748)
"Timer-1" daemon prio=5 tid=149 timed_waiting
java.lang.Thread.State: TIMED_WAITING
        at java.lang.Object.wait(Native Method)
        at java.util.TimerThread.mainLoop(Timer.java:552)
        at java.util.TimerThread.run(Timer.java:505)
"pool-36-thread-19"  prio=5 tid=392 in Object.wait()
java.lang.Thread.State: WAITING (on object monitor)
        at sun.misc.Unsafe.park(Native Method)
        at java.util.concurrent.locks.LockSupport.park(LockSupport.java:175)
        at java.util.concurrent.locks.AbstractQueuedSynchronizer$ConditionObject.await(AbstractQueuedSynchronizer.java:2039)
        at java.util.concurrent.ArrayBlockingQueue.take(ArrayBlockingQueue.java:403)
        at java.util.concurrent.ThreadPoolExecutor.getTask(ThreadPoolExecutor.java:1074)
        at java.util.concurrent.ThreadPoolExecutor.runWorker(ThreadPoolExecutor.java:1134)
        at java.util.concurrent.ThreadPoolExecutor$Worker.run(ThreadPoolExecutor.java:624)
        at java.lang.Thread.run(Thread.java:748)
"IPC Server handler 11 on 45005" daemon prio=5 tid=40 timed_waiting
java.lang.Thread.State: TIMED_WAITING
        at sun.misc.Unsafe.park(Native Method)
        at java.util.concurrent.locks.LockSupport.parkNanos(LockSupport.java:215)
        at java.util.concurrent.locks.AbstractQueuedSynchronizer$ConditionObject.awaitNanos(AbstractQueuedSynchronizer.java:2078)
        at java.util.concurrent.LinkedBlockingQueue.poll(LinkedBlockingQueue.java:467)
        at org.apache.hadoop.ipc.CallQueueManager.take(CallQueueManager.java:288)
        at org.apache.hadoop.ipc.Server$Handler.run(Server.java:2668)
"IPC Server handler 2 on 45005" daemon prio=5 tid=31 timed_waiting
java.lang.Thread.State: TIMED_WAITING
        at sun.misc.Unsafe.park(Native Method)
        at java.util.concurrent.locks.LockSupport.parkNanos(LockSupport.java:215)
        at java.util.concurrent.locks.AbstractQueuedSynchronizer$ConditionObject.awaitNanos(AbstractQueuedSynchronizer.java:2078)
        at java.util.concurrent.LinkedBlockingQueue.poll(LinkedBlockingQueue.java:467)
        at org.apache.hadoop.ipc.CallQueueManager.take(CallQueueManager.java:288)
        at org.apache.hadoop.ipc.Server$Handler.run(Server.java:2668)
"org.eclipse.jetty.server.session.HashSessionManager@5df778c3Timer" daemon prio=5 tid=167 timed_waiting
java.lang.Thread.State: TIMED_WAITING
        at sun.misc.Unsafe.park(Native Method)
        at java.util.concurrent.locks.LockSupport.parkNanos(LockSupport.java:215)
        at java.util.concurrent.locks.AbstractQueuedSynchronizer$ConditionObject.awaitNanos(AbstractQueuedSynchronizer.java:2078)
        at java.util.concurrent.ScheduledThreadPoolExecutor$DelayedWorkQueue.take(ScheduledThreadPoolExecutor.java:1093)
        at java.util.concurrent.ScheduledThreadPoolExecutor$DelayedWorkQueue.take(ScheduledThreadPoolExecutor.java:809)
        at java.util.concurrent.ThreadPoolExecutor.getTask(ThreadPoolExecutor.java:1074)
        at java.util.concurrent.ThreadPoolExecutor.runWorker(ThreadPoolExecutor.java:1134)
        at java.util.concurrent.ThreadPoolExecutor$Worker.run(ThreadPoolExecutor.java:624)
        at java.lang.Thread.run(Thread.java:748)
"pool-66-thread-46"  prio=5 tid=608 in Object.wait()
java.lang.Thread.State: WAITING (on object monitor)
        at sun.misc.Unsafe.park(Native Method)
        at java.util.concurrent.locks.LockSupport.park(LockSupport.java:175)
        at java.util.concurrent.locks.AbstractQueuedSynchronizer$ConditionObject.await(AbstractQueuedSynchronizer.java:2039)
        at java.util.concurrent.ArrayBlockingQueue.take(ArrayBlockingQueue.java:403)
        at java.util.concurrent.ThreadPoolExecutor.getTask(ThreadPoolExecutor.java:1074)
        at java.util.concurrent.ThreadPoolExecutor.runWorker(ThreadPoolExecutor.java:1134)
        at java.util.concurrent.ThreadPoolExecutor$Worker.run(ThreadPoolExecutor.java:624)
        at java.lang.Thread.run(Thread.java:748)
"pool-46-thread-48"  prio=5 tid=481 in Object.wait()
java.lang.Thread.State: WAITING (on object monitor)
        at sun.misc.Unsafe.park(Native Method)
        at java.util.concurrent.locks.LockSupport.park(LockSupport.java:175)
        at java.util.concurrent.locks.AbstractQueuedSynchronizer$ConditionObject.await(AbstractQueuedSynchronizer.java:2039)
        at java.util.concurrent.ArrayBlockingQueue.take(ArrayBlockingQueue.java:403)
        at java.util.concurrent.ThreadPoolExecutor.getTask(ThreadPoolExecutor.java:1074)
        at java.util.concurrent.ThreadPoolExecutor.runWorker(ThreadPoolExecutor.java:1134)
        at java.util.concurrent.ThreadPoolExecutor$Worker.run(ThreadPoolExecutor.java:624)
        at java.lang.Thread.run(Thread.java:748)
"IPC Server handler 15 on 45005" daemon prio=5 tid=44 timed_waiting
java.lang.Thread.State: TIMED_WAITING
        at sun.misc.Unsafe.park(Native Method)
        at java.util.concurrent.locks.LockSupport.parkNanos(LockSupport.java:215)
        at java.util.concurrent.locks.AbstractQueuedSynchronizer$ConditionObject.awaitNanos(AbstractQueuedSynchronizer.java:2078)
        at java.util.concurrent.LinkedBlockingQueue.poll(LinkedBlockingQueue.java:467)
        at org.apache.hadoop.ipc.CallQueueManager.take(CallQueueManager.java:288)
        at org.apache.hadoop.ipc.Server$Handler.run(Server.java:2668)
"d0888866-0bad-4f41-ad37-dccd4a57b958@group-282EF1BFFEE0-SegmentedRaftLogWorker"  prio=5 tid=773 timed_waiting
java.lang.Thread.State: TIMED_WAITING
        at sun.misc.Unsafe.park(Native Method)
        at java.util.concurrent.locks.LockSupport.parkNanos(LockSupport.java:215)
        at java.util.concurrent.locks.AbstractQueuedSynchronizer$ConditionObject.awaitNanos(AbstractQueuedSynchronizer.java:2078)
        at org.apache.ratis.util.DataBlockingQueue.poll(DataBlockingQueue.java:137)
        at org.apache.ratis.server.raftlog.segmented.SegmentedRaftLogWorker.run(SegmentedRaftLogWorker.java:283)
        at java.lang.Thread.run(Thread.java:748)
"IPC Server handler 6 on 44461" daemon prio=5 tid=121 timed_waiting
java.lang.Thread.State: TIMED_WAITING
        at sun.misc.Unsafe.park(Native Method)
        at java.util.concurrent.locks.LockSupport.parkNanos(LockSupport.java:215)
        at java.util.concurrent.locks.AbstractQueuedSynchronizer$ConditionObject.awaitNanos(AbstractQueuedSynchronizer.java:2078)
        at java.util.concurrent.LinkedBlockingQueue.poll(LinkedBlockingQueue.java:467)
        at org.apache.hadoop.ipc.CallQueueManager.take(CallQueueManager.java:288)
        at org.apache.hadoop.ipc.Server$Handler.run(Server.java:2668)
"IPC Server handler 15 on 37215" daemon prio=5 tid=64 timed_waiting
java.lang.Thread.State: TIMED_WAITING
        at sun.misc.Unsafe.park(Native Method)
        at java.util.concurrent.locks.LockSupport.parkNanos(LockSupport.java:215)
        at java.util.concurrent.locks.AbstractQueuedSynchronizer$ConditionObject.awaitNanos(AbstractQueuedSynchronizer.java:2078)
        at java.util.concurrent.LinkedBlockingQueue.poll(LinkedBlockingQueue.java:467)
        at org.apache.hadoop.ipc.CallQueueManager.take(CallQueueManager.java:288)
        at org.apache.hadoop.ipc.Server$Handler.run(Server.java:2668)
"metrics-hadoop-metrics2-reporter-3-thread-1" daemon prio=5 tid=718 timed_waiting
java.lang.Thread.State: TIMED_WAITING
        at sun.misc.Unsafe.park(Native Method)
        at java.util.concurrent.locks.LockSupport.parkNanos(LockSupport.java:215)
        at java.util.concurrent.locks.AbstractQueuedSynchronizer$ConditionObject.awaitNanos(AbstractQueuedSynchronizer.java:2078)
        at java.util.concurrent.ScheduledThreadPoolExecutor$DelayedWorkQueue.take(ScheduledThreadPoolExecutor.java:1093)
        at java.util.concurrent.ScheduledThreadPoolExecutor$DelayedWorkQueue.take(ScheduledThreadPoolExecutor.java:809)
        at java.util.concurrent.ThreadPoolExecutor.getTask(ThreadPoolExecutor.java:1074)
        at java.util.concurrent.ThreadPoolExecutor.runWorker(ThreadPoolExecutor.java:1134)
        at java.util.concurrent.ThreadPoolExecutor$Worker.run(ThreadPoolExecutor.java:624)
        at java.lang.Thread.run(Thread.java:748)
"pool-76-thread-56"  prio=5 tid=680 in Object.wait()
java.lang.Thread.State: WAITING (on object monitor)
        at sun.misc.Unsafe.park(Native Method)
        at java.util.concurrent.locks.LockSupport.park(LockSupport.java:175)
        at java.util.concurrent.locks.AbstractQueuedSynchronizer$ConditionObject.await(AbstractQueuedSynchronizer.java:2039)
        at java.util.concurrent.ArrayBlockingQueue.take(ArrayBlockingQueue.java:403)
        at java.util.concurrent.ThreadPoolExecutor.getTask(ThreadPoolExecutor.java:1074)
        at java.util.concurrent.ThreadPoolExecutor.runWorker(ThreadPoolExecutor.java:1134)
        at java.util.concurrent.ThreadPoolExecutor$Worker.run(ThreadPoolExecutor.java:624)
        at java.lang.Thread.run(Thread.java:748)
"pool-26-thread-12"  prio=5 tid=325 in Object.wait()
java.lang.Thread.State: WAITING (on object monitor)
        at sun.misc.Unsafe.park(Native Method)
        at java.util.concurrent.locks.LockSupport.park(LockSupport.java:175)
        at java.util.concurrent.locks.AbstractQueuedSynchronizer$ConditionObject.await(AbstractQueuedSynchronizer.java:2039)
        at java.util.concurrent.ArrayBlockingQueue.take(ArrayBlockingQueue.java:403)
        at java.util.concurrent.ThreadPoolExecutor.getTask(ThreadPoolExecutor.java:1074)
        at java.util.concurrent.ThreadPoolExecutor.runWorker(ThreadPoolExecutor.java:1134)
        at java.util.concurrent.ThreadPoolExecutor$Worker.run(ThreadPoolExecutor.java:624)
        at java.lang.Thread.run(Thread.java:748)
"pool-26-thread-59"  prio=5 tid=372 in Object.wait()
java.lang.Thread.State: WAITING (on object monitor)
        at sun.misc.Unsafe.park(Native Method)
        at java.util.concurrent.locks.LockSupport.park(LockSupport.java:175)
        at java.util.concurrent.locks.AbstractQueuedSynchronizer$ConditionObject.await(AbstractQueuedSynchronizer.java:2039)
        at java.util.concurrent.ArrayBlockingQueue.take(ArrayBlockingQueue.java:403)
        at java.util.concurrent.ThreadPoolExecutor.getTask(ThreadPoolExecutor.java:1074)
        at java.util.concurrent.ThreadPoolExecutor.runWorker(ThreadPoolExecutor.java:1134)
        at java.util.concurrent.ThreadPoolExecutor$Worker.run(ThreadPoolExecutor.java:624)
        at java.lang.Thread.run(Thread.java:748)
"qtp1680841335-241-acceptor-0@41334f0b-ServerConnector@411c6d44{HTTP/1.1,[http/1.1]}{0.0.0.0:38545}" daemon prio=3 tid=241 runnable
java.lang.Thread.State: RUNNABLE
        at sun.nio.ch.ServerSocketChannelImpl.accept0(Native Method)
        at sun.nio.ch.ServerSocketChannelImpl.accept(ServerSocketChannelImpl.java:422)
        at sun.nio.ch.ServerSocketChannelImpl.accept(ServerSocketChannelImpl.java:250)
        at org.eclipse.jetty.server.ServerConnector.accept(ServerConnector.java:397)
        at org.eclipse.jetty.server.AbstractConnector$Acceptor.run(AbstractConnector.java:601)
        at org.eclipse.jetty.util.thread.QueuedThreadPool.runJob(QueuedThreadPool.java:671)
        at org.eclipse.jetty.util.thread.QueuedThreadPool$2.run(QueuedThreadPool.java:589)
        at java.lang.Thread.run(Thread.java:748)
"Thread-1169" daemon prio=5 tid=1755 timed_waiting
java.lang.Thread.State: TIMED_WAITING
        at java.lang.Thread.sleep(Native Method)
        at org.apache.ratis.util.JavaUtils.sleep(JavaUtils.java:247)
        at org.apache.ratis.server.impl.FollowerState.run(FollowerState.java:96)
"pool-66-thread-25"  prio=5 tid=587 in Object.wait()
java.lang.Thread.State: WAITING (on object monitor)
        at sun.misc.Unsafe.park(Native Method)
        at java.util.concurrent.locks.LockSupport.park(LockSupport.java:175)
        at java.util.concurrent.locks.AbstractQueuedSynchronizer$ConditionObject.await(AbstractQueuedSynchronizer.java:2039)
        at java.util.concurrent.ArrayBlockingQueue.take(ArrayBlockingQueue.java:403)
        at java.util.concurrent.ThreadPoolExecutor.getTask(ThreadPoolExecutor.java:1074)
        at java.util.concurrent.ThreadPoolExecutor.runWorker(ThreadPoolExecutor.java:1134)
        at java.util.concurrent.ThreadPoolExecutor$Worker.run(ThreadPoolExecutor.java:624)
        at java.lang.Thread.run(Thread.java:748)
"qtp564272228-92" daemon prio=5 tid=92 timed_waiting
java.lang.Thread.State: TIMED_WAITING
        at sun.misc.Unsafe.park(Native Method)
        at java.util.concurrent.locks.LockSupport.parkNanos(LockSupport.java:215)
        at java.util.concurrent.locks.AbstractQueuedSynchronizer$ConditionObject.awaitNanos(AbstractQueuedSynchronizer.java:2078)
        at org.eclipse.jetty.util.BlockingArrayQueue.poll(BlockingArrayQueue.java:392)
        at org.eclipse.jetty.util.thread.QueuedThreadPool.idleJobPoll(QueuedThreadPool.java:563)
        at org.eclipse.jetty.util.thread.QueuedThreadPool.access$800(QueuedThreadPool.java:48)
        at org.eclipse.jetty.util.thread.QueuedThreadPool$2.run(QueuedThreadPool.java:626)
        at java.lang.Thread.run(Thread.java:748)
"org.apache.ratis.server.impl.LogAppender$AppenderDaemon$$Lambda$418/858148741@5483bdea" daemon prio=5 tid=1836 timed_waiting
java.lang.Thread.State: TIMED_WAITING
        at java.lang.Object.wait(Native Method)
        at org.apache.ratis.grpc.server.GrpcLogAppender.mayWait(GrpcLogAppender.java:141)
        at org.apache.ratis.grpc.server.GrpcLogAppender.runAppenderImpl(GrpcLogAppender.java:95)
        at org.apache.ratis.server.impl.LogAppender$AppenderDaemon.run(LogAppender.java:76)
        at org.apache.ratis.server.impl.LogAppender$AppenderDaemon$$Lambda$418/858148741.run(Unknown Source)
        at java.lang.Thread.run(Thread.java:748)
"pool-56-thread-35"  prio=5 tid=529 in Object.wait()
java.lang.Thread.State: WAITING (on object monitor)
        at sun.misc.Unsafe.park(Native Method)
        at java.util.concurrent.locks.LockSupport.park(LockSupport.java:175)
        at java.util.concurrent.locks.AbstractQueuedSynchronizer$ConditionObject.await(AbstractQueuedSynchronizer.java:2039)
        at java.util.concurrent.ArrayBlockingQueue.take(ArrayBlockingQueue.java:403)
        at java.util.concurrent.ThreadPoolExecutor.getTask(ThreadPoolExecutor.java:1074)
        at java.util.concurrent.ThreadPoolExecutor.runWorker(ThreadPoolExecutor.java:1134)
        at java.util.concurrent.ThreadPoolExecutor$Worker.run(ThreadPoolExecutor.java:624)
        at java.lang.Thread.run(Thread.java:748)
"8c24ed06-386e-4085-8931-93c762a64530@group-ADB1B60517AF-StateMachineUpdater" daemon prio=5 tid=786 in Object.wait()
java.lang.Thread.State: WAITING (on object monitor)
        at java.lang.Object.wait(Native Method)
        at java.lang.Object.wait(Object.java:502)
        at org.apache.ratis.server.impl.StateMachineUpdater.waitForCommit(StateMachineUpdater.java:183)
        at org.apache.ratis.server.impl.StateMachineUpdater.run(StateMachineUpdater.java:148)
        at java.lang.Thread.run(Thread.java:748)
"org.apache.hadoop.util.JvmPauseMonitor$Monitor@59f45112" daemon prio=5 tid=178 timed_waiting
java.lang.Thread.State: TIMED_WAITING
        at java.lang.Thread.sleep(Native Method)
        at org.apache.hadoop.util.JvmPauseMonitor$Monitor.run(JvmPauseMonitor.java:192)
        at java.lang.Thread.run(Thread.java:748)
"pool-56-thread-8"  prio=5 tid=502 in Object.wait()
java.lang.Thread.State: WAITING (on object monitor)
        at sun.misc.Unsafe.park(Native Method)
        at java.util.concurrent.locks.LockSupport.park(LockSupport.java:175)
        at java.util.concurrent.locks.AbstractQueuedSynchronizer$ConditionObject.await(AbstractQueuedSynchronizer.java:2039)
        at java.util.concurrent.ArrayBlockingQueue.take(ArrayBlockingQueue.java:403)
        at java.util.concurrent.ThreadPoolExecutor.getTask(ThreadPoolExecutor.java:1074)
        at java.util.concurrent.ThreadPoolExecutor.runWorker(ThreadPoolExecutor.java:1134)
        at java.util.concurrent.ThreadPoolExecutor$Worker.run(ThreadPoolExecutor.java:624)
        at java.lang.Thread.run(Thread.java:748)
"pool-56-thread-21"  prio=5 tid=515 in Object.wait()
java.lang.Thread.State: WAITING (on object monitor)
        at sun.misc.Unsafe.park(Native Method)
        at java.util.concurrent.locks.LockSupport.park(LockSupport.java:175)
        at java.util.concurrent.locks.AbstractQueuedSynchronizer$ConditionObject.await(AbstractQueuedSynchronizer.java:2039)
        at java.util.concurrent.ArrayBlockingQueue.take(ArrayBlockingQueue.java:403)
        at java.util.concurrent.ThreadPoolExecutor.getTask(ThreadPoolExecutor.java:1074)
        at java.util.concurrent.ThreadPoolExecutor.runWorker(ThreadPoolExecutor.java:1134)
        at java.util.concurrent.ThreadPoolExecutor$Worker.run(ThreadPoolExecutor.java:624)
        at java.lang.Thread.run(Thread.java:748)
"metrics-hadoop-metrics2-reporter-20-thread-1" daemon prio=5 tid=789 timed_waiting
java.lang.Thread.State: TIMED_WAITING
        at sun.misc.Unsafe.park(Native Method)
        at java.util.concurrent.locks.LockSupport.parkNanos(LockSupport.java:215)
        at java.util.concurrent.locks.AbstractQueuedSynchronizer$ConditionObject.awaitNanos(AbstractQueuedSynchronizer.java:2078)
        at java.util.concurrent.ScheduledThreadPoolExecutor$DelayedWorkQueue.take(ScheduledThreadPoolExecutor.java:1093)
        at java.util.concurrent.ScheduledThreadPoolExecutor$DelayedWorkQueue.take(ScheduledThreadPoolExecutor.java:809)
        at java.util.concurrent.ThreadPoolExecutor.getTask(ThreadPoolExecutor.java:1074)
        at java.util.concurrent.ThreadPoolExecutor.runWorker(ThreadPoolExecutor.java:1134)
        at java.util.concurrent.ThreadPoolExecutor$Worker.run(ThreadPoolExecutor.java:624)
        at java.lang.Thread.run(Thread.java:748)
"EventQueue-NodeRegistrationContainerReportForContainerSafeModeRule" daemon prio=5 tid=691 in Object.wait()
java.lang.Thread.State: WAITING (on object monitor)
        at sun.misc.Unsafe.park(Native Method)
        at java.util.concurrent.locks.LockSupport.park(LockSupport.java:175)
        at java.util.concurrent.locks.AbstractQueuedSynchronizer$ConditionObject.await(AbstractQueuedSynchronizer.java:2039)
        at java.util.concurrent.LinkedBlockingQueue.take(LinkedBlockingQueue.java:442)
        at java.util.concurrent.ThreadPoolExecutor.getTask(ThreadPoolExecutor.java:1074)
        at java.util.concurrent.ThreadPoolExecutor.runWorker(ThreadPoolExecutor.java:1134)
        at java.util.concurrent.ThreadPoolExecutor$Worker.run(ThreadPoolExecutor.java:624)
        at java.lang.Thread.run(Thread.java:748)
"b7064b77-9271-4e94-8225-85d895886efb@group-282EF1BFFEE0-StateMachineUpdater" daemon prio=5 tid=774 in Object.wait()
java.lang.Thread.State: WAITING (on object monitor)
        at java.lang.Object.wait(Native Method)
        at java.lang.Object.wait(Object.java:502)
        at org.apache.ratis.server.impl.StateMachineUpdater.waitForCommit(StateMachineUpdater.java:183)
        at org.apache.ratis.server.impl.StateMachineUpdater.run(StateMachineUpdater.java:148)
        at java.lang.Thread.run(Thread.java:748)
"pool-56-thread-23"  prio=5 tid=517 in Object.wait()
java.lang.Thread.State: WAITING (on object monitor)
        at sun.misc.Unsafe.park(Native Method)
        at java.util.concurrent.locks.LockSupport.park(LockSupport.java:175)
        at java.util.concurrent.locks.AbstractQueuedSynchronizer$ConditionObject.await(AbstractQueuedSynchronizer.java:2039)
        at java.util.concurrent.ArrayBlockingQueue.take(ArrayBlockingQueue.java:403)
        at java.util.concurrent.ThreadPoolExecutor.getTask(ThreadPoolExecutor.java:1074)
        at java.util.concurrent.ThreadPoolExecutor.runWorker(ThreadPoolExecutor.java:1134)
        at java.util.concurrent.ThreadPoolExecutor$Worker.run(ThreadPoolExecutor.java:624)
        at java.lang.Thread.run(Thread.java:748)
"pool-76-thread-38"  prio=5 tid=662 in Object.wait()
java.lang.Thread.State: WAITING (on object monitor)
        at sun.misc.Unsafe.park(Native Method)
        at java.util.concurrent.locks.LockSupport.park(LockSupport.java:175)
        at java.util.concurrent.locks.AbstractQueuedSynchronizer$ConditionObject.await(AbstractQueuedSynchronizer.java:2039)
        at java.util.concurrent.ArrayBlockingQueue.take(ArrayBlockingQueue.java:403)
        at java.util.concurrent.ThreadPoolExecutor.getTask(ThreadPoolExecutor.java:1074)
        at java.util.concurrent.ThreadPoolExecutor.runWorker(ThreadPoolExecutor.java:1134)
        at java.util.concurrent.ThreadPoolExecutor$Worker.run(ThreadPoolExecutor.java:624)
        at java.lang.Thread.run(Thread.java:748)
"pool-36-thread-13"  prio=5 tid=386 in Object.wait()
java.lang.Thread.State: WAITING (on object monitor)
        at sun.misc.Unsafe.park(Native Method)
        at java.util.concurrent.locks.LockSupport.park(LockSupport.java:175)
        at java.util.concurrent.locks.AbstractQueuedSynchronizer$ConditionObject.await(AbstractQueuedSynchronizer.java:2039)
        at java.util.concurrent.ArrayBlockingQueue.take(ArrayBlockingQueue.java:403)
        at java.util.concurrent.ThreadPoolExecutor.getTask(ThreadPoolExecutor.java:1074)
        at java.util.concurrent.ThreadPoolExecutor.runWorker(ThreadPoolExecutor.java:1134)
        at java.util.concurrent.ThreadPoolExecutor$Worker.run(ThreadPoolExecutor.java:624)
        at java.lang.Thread.run(Thread.java:748)
"IPC Server handler 8 on 40029" daemon prio=5 tid=77 timed_waiting
java.lang.Thread.State: TIMED_WAITING
        at sun.misc.Unsafe.park(Native Method)
        at java.util.concurrent.locks.LockSupport.parkNanos(LockSupport.java:215)
        at java.util.concurrent.locks.AbstractQueuedSynchronizer$ConditionObject.awaitNanos(AbstractQueuedSynchronizer.java:2078)
        at java.util.concurrent.LinkedBlockingQueue.poll(LinkedBlockingQueue.java:467)
        at org.apache.hadoop.ipc.CallQueueManager.take(CallQueueManager.java:288)
        at org.apache.hadoop.ipc.Server$Handler.run(Server.java:2668)
"refreshUsed-/workdir/hadoop-ozone/integration-test/target/test-dir/MiniOzoneClusterImpl-85c44edd-3ede-4f6a-a825-df7bd545a955/datanode-3/data/containers" daemon prio=5 tid=235 timed_waiting
java.lang.Thread.State: TIMED_WAITING
        at java.lang.Thread.sleep(Native Method)
        at org.apache.hadoop.fs.CachingGetSpaceUsed$RefreshThread.run(CachingGetSpaceUsed.java:179)
        at java.lang.Thread.run(Thread.java:748)
"Datanode ReportManager Thread - 0" daemon prio=5 tid=225 timed_waiting
java.lang.Thread.State: TIMED_WAITING
        at sun.misc.Unsafe.park(Native Method)
        at java.util.concurrent.locks.LockSupport.parkNanos(LockSupport.java:215)
        at java.util.concurrent.locks.AbstractQueuedSynchronizer$ConditionObject.awaitNanos(AbstractQueuedSynchronizer.java:2078)
        at java.util.concurrent.ScheduledThreadPoolExecutor$DelayedWorkQueue.take(ScheduledThreadPoolExecutor.java:1093)
        at java.util.concurrent.ScheduledThreadPoolExecutor$DelayedWorkQueue.take(ScheduledThreadPoolExecutor.java:809)
        at java.util.concurrent.ThreadPoolExecutor.getTask(ThreadPoolExecutor.java:1074)
        at java.util.concurrent.ThreadPoolExecutor.runWorker(ThreadPoolExecutor.java:1134)
        at java.util.concurrent.ThreadPoolExecutor$Worker.run(ThreadPoolExecutor.java:624)
        at java.lang.Thread.run(Thread.java:748)
"EventQueue-SafemodestatusForSafeModeHandler" daemon prio=5 tid=695 in Object.wait()
java.lang.Thread.State: WAITING (on object monitor)
        at sun.misc.Unsafe.park(Native Method)
        at java.util.concurrent.locks.LockSupport.park(LockSupport.java:175)
        at java.util.concurrent.locks.AbstractQueuedSynchronizer$ConditionObject.await(AbstractQueuedSynchronizer.java:2039)
        at java.util.concurrent.LinkedBlockingQueue.take(LinkedBlockingQueue.java:442)
        at java.util.concurrent.ThreadPoolExecutor.getTask(ThreadPoolExecutor.java:1074)
        at java.util.concurrent.ThreadPoolExecutor.runWorker(ThreadPoolExecutor.java:1134)
        at java.util.concurrent.ThreadPoolExecutor$Worker.run(ThreadPoolExecutor.java:624)
        at java.lang.Thread.run(Thread.java:748)
"pool-26-thread-3"  prio=5 tid=316 in Object.wait()
java.lang.Thread.State: WAITING (on object monitor)
        at sun.misc.Unsafe.park(Native Method)
        at java.util.concurrent.locks.LockSupport.park(LockSupport.java:175)
        at java.util.concurrent.locks.AbstractQueuedSynchronizer$ConditionObject.await(AbstractQueuedSynchronizer.java:2039)
        at java.util.concurrent.ArrayBlockingQueue.take(ArrayBlockingQueue.java:403)
        at java.util.concurrent.ThreadPoolExecutor.getTask(ThreadPoolExecutor.java:1074)
        at java.util.concurrent.ThreadPoolExecutor.runWorker(ThreadPoolExecutor.java:1134)
        at java.util.concurrent.ThreadPoolExecutor$Worker.run(ThreadPoolExecutor.java:624)
        at java.lang.Thread.run(Thread.java:748)
"pool-46-thread-13"  prio=5 tid=446 in Object.wait()
java.lang.Thread.State: WAITING (on object monitor)
        at sun.misc.Unsafe.park(Native Method)
        at java.util.concurrent.locks.LockSupport.park(LockSupport.java:175)
        at java.util.concurrent.locks.AbstractQueuedSynchronizer$ConditionObject.await(AbstractQueuedSynchronizer.java:2039)
        at java.util.concurrent.ArrayBlockingQueue.take(ArrayBlockingQueue.java:403)
        at java.util.concurrent.ThreadPoolExecutor.getTask(ThreadPoolExecutor.java:1074)
        at java.util.concurrent.ThreadPoolExecutor.runWorker(ThreadPoolExecutor.java:1134)
        at java.util.concurrent.ThreadPoolExecutor$Worker.run(ThreadPoolExecutor.java:624)
        at java.lang.Thread.run(Thread.java:748)
"qtp1235908203-142" daemon prio=5 tid=142 timed_waiting
java.lang.Thread.State: TIMED_WAITING
        at sun.misc.Unsafe.park(Native Method)
        at java.util.concurrent.locks.LockSupport.parkNanos(LockSupport.java:215)
        at java.util.concurrent.locks.AbstractQueuedSynchronizer$ConditionObject.awaitNanos(AbstractQueuedSynchronizer.java:2078)
        at org.eclipse.jetty.util.BlockingArrayQueue.poll(BlockingArrayQueue.java:392)
        at org.eclipse.jetty.util.thread.QueuedThreadPool.idleJobPoll(QueuedThreadPool.java:563)
        at org.eclipse.jetty.util.thread.QueuedThreadPool.access$800(QueuedThreadPool.java:48)
        at org.eclipse.jetty.util.thread.QueuedThreadPool$2.run(QueuedThreadPool.java:626)
        at java.lang.Thread.run(Thread.java:748)
"8c24ed06-386e-4085-8931-93c762a64530@group-DBE87B3B08CE-SegmentedRaftLogWorker"  prio=5 tid=803 timed_waiting
java.lang.Thread.State: TIMED_WAITING
        at sun.misc.Unsafe.park(Native Method)
        at java.util.concurrent.locks.LockSupport.parkNanos(LockSupport.java:215)
        at java.util.concurrent.locks.AbstractQueuedSynchronizer$ConditionObject.awaitNanos(AbstractQueuedSynchronizer.java:2078)
        at org.apache.ratis.util.DataBlockingQueue.poll(DataBlockingQueue.java:137)
        at org.apache.ratis.server.raftlog.segmented.SegmentedRaftLogWorker.run(SegmentedRaftLogWorker.java:283)
        at java.lang.Thread.run(Thread.java:748)
"EventQueue-NodeRegistrationContainerReportForDataNodeSafeModeRule" daemon prio=5 tid=690 in Object.wait()
java.lang.Thread.State: WAITING (on object monitor)
        at sun.misc.Unsafe.park(Native Method)
        at java.util.concurrent.locks.LockSupport.park(LockSupport.java:175)
        at java.util.concurrent.locks.AbstractQueuedSynchronizer$ConditionObject.await(AbstractQueuedSynchronizer.java:2039)
        at java.util.concurrent.LinkedBlockingQueue.take(LinkedBlockingQueue.java:442)
        at java.util.concurrent.ThreadPoolExecutor.getTask(ThreadPoolExecutor.java:1074)
        at java.util.concurrent.ThreadPoolExecutor.runWorker(ThreadPoolExecutor.java:1134)
        at java.util.concurrent.ThreadPoolExecutor$Worker.run(ThreadPoolExecutor.java:624)
        at java.lang.Thread.run(Thread.java:748)
"pool-46-thread-56"  prio=5 tid=489 in Object.wait()
java.lang.Thread.State: WAITING (on object monitor)
        at sun.misc.Unsafe.park(Native Method)
        at java.util.concurrent.locks.LockSupport.park(LockSupport.java:175)
        at java.util.concurrent.locks.AbstractQueuedSynchronizer$ConditionObject.await(AbstractQueuedSynchronizer.java:2039)
        at java.util.concurrent.ArrayBlockingQueue.take(ArrayBlockingQueue.java:403)
        at java.util.concurrent.ThreadPoolExecutor.getTask(ThreadPoolExecutor.java:1074)
        at java.util.concurrent.ThreadPoolExecutor.runWorker(ThreadPoolExecutor.java:1134)
        at java.util.concurrent.ThreadPoolExecutor$Worker.run(ThreadPoolExecutor.java:624)
        at java.lang.Thread.run(Thread.java:748)
"qtp1507604180-187-acceptor-0@6b798866-ServerConnector@467b684d{HTTP/1.1,[http/1.1]}{0.0.0.0:40030}" daemon prio=3 tid=187 runnable
java.lang.Thread.State: RUNNABLE
        at sun.nio.ch.ServerSocketChannelImpl.accept0(Native Method)
        at sun.nio.ch.ServerSocketChannelImpl.accept(ServerSocketChannelImpl.java:422)
        at sun.nio.ch.ServerSocketChannelImpl.accept(ServerSocketChannelImpl.java:250)
        at org.eclipse.jetty.server.ServerConnector.accept(ServerConnector.java:397)
        at org.eclipse.jetty.server.AbstractConnector$Acceptor.run(AbstractConnector.java:601)
        at org.eclipse.jetty.util.thread.QueuedThreadPool.runJob(QueuedThreadPool.java:671)
        at org.eclipse.jetty.util.thread.QueuedThreadPool$2.run(QueuedThreadPool.java:589)
        at java.lang.Thread.run(Thread.java:748)
"BlockDeletingService#0" daemon prio=5 tid=555 in Object.wait()
java.lang.Thread.State: WAITING (on object monitor)
        at sun.misc.Unsafe.park(Native Method)
        at java.util.concurrent.locks.LockSupport.park(LockSupport.java:175)
        at java.util.concurrent.locks.AbstractQueuedSynchronizer$ConditionObject.await(AbstractQueuedSynchronizer.java:2039)
        at java.util.concurrent.ScheduledThreadPoolExecutor$DelayedWorkQueue.take(ScheduledThreadPoolExecutor.java:1088)
        at java.util.concurrent.ScheduledThreadPoolExecutor$DelayedWorkQueue.take(ScheduledThreadPoolExecutor.java:809)
        at java.util.concurrent.ThreadPoolExecutor.getTask(ThreadPoolExecutor.java:1074)
        at java.util.concurrent.ThreadPoolExecutor.runWorker(ThreadPoolExecutor.java:1134)
        at java.util.concurrent.ThreadPoolExecutor$Worker.run(ThreadPoolExecutor.java:624)
        at java.lang.Thread.run(Thread.java:748)
"java.util.concurrent.ThreadPoolExecutor$Worker@21873976[State = -1, empty queue]" daemon prio=5 tid=1848 timed_waiting
java.lang.Thread.State: TIMED_WAITING
        at sun.misc.Unsafe.park(Native Method)
        at java.util.concurrent.locks.LockSupport.parkNanos(LockSupport.java:215)
        at java.util.concurrent.locks.AbstractQueuedSynchronizer$ConditionObject.awaitNanos(AbstractQueuedSynchronizer.java:2078)
        at java.util.concurrent.ScheduledThreadPoolExecutor$DelayedWorkQueue.take(ScheduledThreadPoolExecutor.java:1093)
        at java.util.concurrent.ScheduledThreadPoolExecutor$DelayedWorkQueue.take(ScheduledThreadPoolExecutor.java:809)
        at java.util.concurrent.ThreadPoolExecutor.getTask(ThreadPoolExecutor.java:1074)
        at java.util.concurrent.ThreadPoolExecutor.runWorker(ThreadPoolExecutor.java:1134)
        at java.util.concurrent.ThreadPoolExecutor$Worker.run(ThreadPoolExecutor.java:624)
        at java.lang.Thread.run(Thread.java:748)
"org.apache.hadoop.util.JvmPauseMonitor$Monitor@785f55df" daemon prio=5 tid=284 timed_waiting
java.lang.Thread.State: TIMED_WAITING
        at java.lang.Thread.sleep(Native Method)
        at org.apache.hadoop.util.JvmPauseMonitor$Monitor.run(JvmPauseMonitor.java:192)
        at java.lang.Thread.run(Thread.java:748)
"Datanode ReportManager Thread - 0" daemon prio=5 tid=279 timed_waiting
java.lang.Thread.State: TIMED_WAITING
        at sun.misc.Unsafe.park(Native Method)
        at java.util.concurrent.locks.LockSupport.parkNanos(LockSupport.java:215)
        at java.util.concurrent.locks.AbstractQueuedSynchronizer$ConditionObject.awaitNanos(AbstractQueuedSynchronizer.java:2078)
        at java.util.concurrent.ScheduledThreadPoolExecutor$DelayedWorkQueue.take(ScheduledThreadPoolExecutor.java:1093)
        at java.util.concurrent.ScheduledThreadPoolExecutor$DelayedWorkQueue.take(ScheduledThreadPoolExecutor.java:809)
        at java.util.concurrent.ThreadPoolExecutor.getTask(ThreadPoolExecutor.java:1074)
        at java.util.concurrent.ThreadPoolExecutor.runWorker(ThreadPoolExecutor.java:1134)
        at java.util.concurrent.ThreadPoolExecutor$Worker.run(ThreadPoolExecutor.java:624)
        at java.lang.Thread.run(Thread.java:748)
"IPC Server handler 12 on 45005" daemon prio=5 tid=41 timed_waiting
java.lang.Thread.State: TIMED_WAITING
        at sun.misc.Unsafe.park(Native Method)
        at java.util.concurrent.locks.LockSupport.parkNanos(LockSupport.java:215)
        at java.util.concurrent.locks.AbstractQueuedSynchronizer$ConditionObject.awaitNanos(AbstractQueuedSynchronizer.java:2078)
        at java.util.concurrent.LinkedBlockingQueue.poll(LinkedBlockingQueue.java:467)
        at org.apache.hadoop.ipc.CallQueueManager.take(CallQueueManager.java:288)
        at org.apache.hadoop.ipc.Server$Handler.run(Server.java:2668)
"pool-66-thread-42"  prio=5 tid=604 in Object.wait()
java.lang.Thread.State: WAITING (on object monitor)
        at sun.misc.Unsafe.park(Native Method)
        at java.util.concurrent.locks.LockSupport.park(LockSupport.java:175)
        at java.util.concurrent.locks.AbstractQueuedSynchronizer$ConditionObject.await(AbstractQueuedSynchronizer.java:2039)
        at java.util.concurrent.ArrayBlockingQueue.take(ArrayBlockingQueue.java:403)
        at java.util.concurrent.ThreadPoolExecutor.getTask(ThreadPoolExecutor.java:1074)
        at java.util.concurrent.ThreadPoolExecutor.runWorker(ThreadPoolExecutor.java:1134)
        at java.util.concurrent.ThreadPoolExecutor$Worker.run(ThreadPoolExecutor.java:624)
        at java.lang.Thread.run(Thread.java:748)
"pool-56-thread-58"  prio=5 tid=552 in Object.wait()
java.lang.Thread.State: WAITING (on object monitor)
        at sun.misc.Unsafe.park(Native Method)
        at java.util.concurrent.locks.LockSupport.park(LockSupport.java:175)
        at java.util.concurrent.locks.AbstractQueuedSynchronizer$ConditionObject.await(AbstractQueuedSynchronizer.java:2039)
        at java.util.concurrent.ArrayBlockingQueue.take(ArrayBlockingQueue.java:403)
        at java.util.concurrent.ThreadPoolExecutor.getTask(ThreadPoolExecutor.java:1074)
        at java.util.concurrent.ThreadPoolExecutor.runWorker(ThreadPoolExecutor.java:1134)
        at java.util.concurrent.ThreadPoolExecutor$Worker.run(ThreadPoolExecutor.java:624)
        at java.lang.Thread.run(Thread.java:748)
"qtp1623761043-269" daemon prio=5 tid=269 timed_waiting
java.lang.Thread.State: TIMED_WAITING
        at sun.misc.Unsafe.park(Native Method)
        at java.util.concurrent.locks.LockSupport.parkNanos(LockSupport.java:215)
        at java.util.concurrent.locks.AbstractQueuedSynchronizer$ConditionObject.awaitNanos(AbstractQueuedSynchronizer.java:2078)
        at org.eclipse.jetty.util.BlockingArrayQueue.poll(BlockingArrayQueue.java:392)
        at org.eclipse.jetty.util.thread.QueuedThreadPool.idleJobPoll(QueuedThreadPool.java:563)
        at org.eclipse.jetty.util.thread.QueuedThreadPool.access$800(QueuedThreadPool.java:48)
        at org.eclipse.jetty.util.thread.QueuedThreadPool$2.run(QueuedThreadPool.java:626)
        at java.lang.Thread.run(Thread.java:748)
"IPC Server handler 19 on 44461" daemon prio=5 tid=134 timed_waiting
java.lang.Thread.State: TIMED_WAITING
        at sun.misc.Unsafe.park(Native Method)
        at java.util.concurrent.locks.LockSupport.parkNanos(LockSupport.java:215)
        at java.util.concurrent.locks.AbstractQueuedSynchronizer$ConditionObject.awaitNanos(AbstractQueuedSynchronizer.java:2078)
        at java.util.concurrent.LinkedBlockingQueue.poll(LinkedBlockingQueue.java:467)
        at org.apache.hadoop.ipc.CallQueueManager.take(CallQueueManager.java:288)
        at org.apache.hadoop.ipc.Server$Handler.run(Server.java:2668)
"Thread-1227" daemon prio=5 tid=1819 timed_waiting
java.lang.Thread.State: TIMED_WAITING
        at sun.misc.Unsafe.park(Native Method)
        at java.util.concurrent.locks.LockSupport.parkNanos(LockSupport.java:215)
        at java.util.concurrent.locks.AbstractQueuedSynchronizer$ConditionObject.awaitNanos(AbstractQueuedSynchronizer.java:2078)
        at java.util.concurrent.ArrayBlockingQueue.poll(ArrayBlockingQueue.java:418)
        at org.apache.ratis.server.impl.LeaderState$EventQueue.poll(LeaderState.java:115)
        at org.apache.ratis.server.impl.LeaderState$EventProcessor.run(LeaderState.java:457)
"pool-76-thread-60"  prio=5 tid=684 in Object.wait()
java.lang.Thread.State: WAITING (on object monitor)
        at sun.misc.Unsafe.park(Native Method)
        at java.util.concurrent.locks.LockSupport.park(LockSupport.java:175)
        at java.util.concurrent.locks.AbstractQueuedSynchronizer$ConditionObject.await(AbstractQueuedSynchronizer.java:2039)
        at java.util.concurrent.ArrayBlockingQueue.take(ArrayBlockingQueue.java:403)
        at java.util.concurrent.ThreadPoolExecutor.getTask(ThreadPoolExecutor.java:1074)
        at java.util.concurrent.ThreadPoolExecutor.runWorker(ThreadPoolExecutor.java:1134)
        at java.util.concurrent.ThreadPoolExecutor$Worker.run(ThreadPoolExecutor.java:624)
        at java.lang.Thread.run(Thread.java:748)
"IPC Server handler 14 on 44461" daemon prio=5 tid=129 timed_waiting
java.lang.Thread.State: TIMED_WAITING
        at sun.misc.Unsafe.park(Native Method)
        at java.util.concurrent.locks.LockSupport.parkNanos(LockSupport.java:215)
        at java.util.concurrent.locks.AbstractQueuedSynchronizer$ConditionObject.awaitNanos(AbstractQueuedSynchronizer.java:2078)
        at java.util.concurrent.LinkedBlockingQueue.poll(LinkedBlockingQueue.java:467)
        at org.apache.hadoop.ipc.CallQueueManager.take(CallQueueManager.java:288)
        at org.apache.hadoop.ipc.Server$Handler.run(Server.java:2668)
"pool-36-thread-51"  prio=5 tid=424 in Object.wait()
java.lang.Thread.State: WAITING (on object monitor)
        at sun.misc.Unsafe.park(Native Method)
        at java.util.concurrent.locks.LockSupport.park(LockSupport.java:175)
        at java.util.concurrent.locks.AbstractQueuedSynchronizer$ConditionObject.await(AbstractQueuedSynchronizer.java:2039)
        at java.util.concurrent.ArrayBlockingQueue.take(ArrayBlockingQueue.java:403)
        at java.util.concurrent.ThreadPoolExecutor.getTask(ThreadPoolExecutor.java:1074)
        at java.util.concurrent.ThreadPoolExecutor.runWorker(ThreadPoolExecutor.java:1134)
        at java.util.concurrent.ThreadPoolExecutor$Worker.run(ThreadPoolExecutor.java:624)
        at java.lang.Thread.run(Thread.java:748)
"org.eclipse.jetty.server.session.HashSessionManager@118ffcfdTimer" daemon prio=5 tid=222 timed_waiting
java.lang.Thread.State: TIMED_WAITING
        at sun.misc.Unsafe.park(Native Method)
        at java.util.concurrent.locks.LockSupport.parkNanos(LockSupport.java:215)
        at java.util.concurrent.locks.AbstractQueuedSynchronizer$ConditionObject.awaitNanos(AbstractQueuedSynchronizer.java:2078)
        at java.util.concurrent.ScheduledThreadPoolExecutor$DelayedWorkQueue.take(ScheduledThreadPoolExecutor.java:1093)
        at java.util.concurrent.ScheduledThreadPoolExecutor$DelayedWorkQueue.take(ScheduledThreadPoolExecutor.java:809)
        at java.util.concurrent.ThreadPoolExecutor.getTask(ThreadPoolExecutor.java:1074)
        at java.util.concurrent.ThreadPoolExecutor.runWorker(ThreadPoolExecutor.java:1134)
        at java.util.concurrent.ThreadPoolExecutor$Worker.run(ThreadPoolExecutor.java:624)
        at java.lang.Thread.run(Thread.java:748)
"Datanode State Machine Thread - 0" daemon prio=5 tid=251 timed_waiting
java.lang.Thread.State: TIMED_WAITING
        at java.lang.Thread.sleep(Native Method)
        at org.apache.hadoop.ozone.container.common.statemachine.DatanodeStateMachine.start(DatanodeStateMachine.java:191)
        at org.apache.hadoop.ozone.container.common.statemachine.DatanodeStateMachine.lambda$startDaemon$0(DatanodeStateMachine.java:349)
        at org.apache.hadoop.ozone.container.common.statemachine.DatanodeStateMachine$$Lambda$138/939829672.run(Unknown Source)
        at java.lang.Thread.run(Thread.java:748)
"Timer for 'StorageContainerManager' metrics system" daemon prio=5 tid=27 timed_waiting
java.lang.Thread.State: TIMED_WAITING
        at java.lang.Object.wait(Native Method)
        at java.util.TimerThread.mainLoop(Timer.java:552)
        at java.util.TimerThread.run(Timer.java:505)
"19e67e26-3d21-4d01-be9f-29113a4a814c@group-158143B13CCA-StateMachineUpdater" daemon prio=5 tid=896 in Object.wait()
java.lang.Thread.State: WAITING (on object monitor)
        at java.lang.Object.wait(Native Method)
        at java.lang.Object.wait(Object.java:502)
        at org.apache.ratis.server.impl.StateMachineUpdater.waitForCommit(StateMachineUpdater.java:183)
        at org.apache.ratis.server.impl.StateMachineUpdater.run(StateMachineUpdater.java:148)
        at java.lang.Thread.run(Thread.java:748)
"metrics-hadoop-metrics2-reporter-6-thread-1" daemon prio=5 tid=723 timed_waiting
java.lang.Thread.State: TIMED_WAITING
        at sun.misc.Unsafe.park(Native Method)
        at java.util.concurrent.locks.LockSupport.parkNanos(LockSupport.java:215)
        at java.util.concurrent.locks.AbstractQueuedSynchronizer$ConditionObject.awaitNanos(AbstractQueuedSynchronizer.java:2078)
        at java.util.concurrent.ScheduledThreadPoolExecutor$DelayedWorkQueue.take(ScheduledThreadPoolExecutor.java:1093)
        at java.util.concurrent.ScheduledThreadPoolExecutor$DelayedWorkQueue.take(ScheduledThreadPoolExecutor.java:809)
        at java.util.concurrent.ThreadPoolExecutor.getTask(ThreadPoolExecutor.java:1074)
        at java.util.concurrent.ThreadPoolExecutor.runWorker(ThreadPoolExecutor.java:1134)
        at java.util.concurrent.ThreadPoolExecutor$Worker.run(ThreadPoolExecutor.java:624)
        at java.lang.Thread.run(Thread.java:748)
"pool-76-thread-4"  prio=5 tid=628 in Object.wait()
java.lang.Thread.State: WAITING (on object monitor)
        at sun.misc.Unsafe.park(Native Method)
        at java.util.concurrent.locks.LockSupport.park(LockSupport.java:175)
        at java.util.concurrent.locks.AbstractQueuedSynchronizer$ConditionObject.await(AbstractQueuedSynchronizer.java:2039)
        at java.util.concurrent.ArrayBlockingQueue.take(ArrayBlockingQueue.java:403)
        at java.util.concurrent.ThreadPoolExecutor.getTask(ThreadPoolExecutor.java:1074)
        at java.util.concurrent.ThreadPoolExecutor.runWorker(ThreadPoolExecutor.java:1134)
        at java.util.concurrent.ThreadPoolExecutor$Worker.run(ThreadPoolExecutor.java:624)
        at java.lang.Thread.run(Thread.java:748)
"pool-76-thread-3"  prio=5 tid=627 in Object.wait()
java.lang.Thread.State: WAITING (on object monitor)
        at sun.misc.Unsafe.park(Native Method)
        at java.util.concurrent.locks.LockSupport.park(LockSupport.java:175)
        at java.util.concurrent.locks.AbstractQueuedSynchronizer$ConditionObject.await(AbstractQueuedSynchronizer.java:2039)
        at java.util.concurrent.ArrayBlockingQueue.take(ArrayBlockingQueue.java:403)
        at java.util.concurrent.ThreadPoolExecutor.getTask(ThreadPoolExecutor.java:1074)
        at java.util.concurrent.ThreadPoolExecutor.runWorker(ThreadPoolExecutor.java:1134)
        at java.util.concurrent.ThreadPoolExecutor$Worker.run(ThreadPoolExecutor.java:624)
        at java.lang.Thread.run(Thread.java:748)
"IPC Server handler 4 on 40029" daemon prio=5 tid=73 timed_waiting
java.lang.Thread.State: TIMED_WAITING
        at sun.misc.Unsafe.park(Native Method)
        at java.util.concurrent.locks.LockSupport.parkNanos(LockSupport.java:215)
        at java.util.concurrent.locks.AbstractQueuedSynchronizer$ConditionObject.awaitNanos(AbstractQueuedSynchronizer.java:2078)
        at java.util.concurrent.LinkedBlockingQueue.poll(LinkedBlockingQueue.java:467)
        at org.apache.hadoop.ipc.CallQueueManager.take(CallQueueManager.java:288)
        at org.apache.hadoop.ipc.Server$Handler.run(Server.java:2668)
"qtp1507604180-193" daemon prio=5 tid=193 timed_waiting
java.lang.Thread.State: TIMED_WAITING
        at sun.misc.Unsafe.park(Native Method)
        at java.util.concurrent.locks.LockSupport.parkNanos(LockSupport.java:215)
        at java.util.concurrent.locks.AbstractQueuedSynchronizer$ConditionObject.awaitNanos(AbstractQueuedSynchronizer.java:2078)
        at org.eclipse.jetty.util.BlockingArrayQueue.poll(BlockingArrayQueue.java:392)
        at org.eclipse.jetty.util.thread.QueuedThreadPool.idleJobPoll(QueuedThreadPool.java:563)
        at org.eclipse.jetty.util.thread.QueuedThreadPool.access$800(QueuedThreadPool.java:48)
        at org.eclipse.jetty.util.thread.QueuedThreadPool$2.run(QueuedThreadPool.java:626)
        at java.lang.Thread.run(Thread.java:748)
"metrics-hadoop-metrics2-reporter-8-thread-1" daemon prio=5 tid=729 timed_waiting
java.lang.Thread.State: TIMED_WAITING
        at sun.misc.Unsafe.park(Native Method)
        at java.util.concurrent.locks.LockSupport.parkNanos(LockSupport.java:215)
        at java.util.concurrent.locks.AbstractQueuedSynchronizer$ConditionObject.awaitNanos(AbstractQueuedSynchronizer.java:2078)
        at java.util.concurrent.ScheduledThreadPoolExecutor$DelayedWorkQueue.take(ScheduledThreadPoolExecutor.java:1093)
        at java.util.concurrent.ScheduledThreadPoolExecutor$DelayedWorkQueue.take(ScheduledThreadPoolExecutor.java:809)
        at java.util.concurrent.ThreadPoolExecutor.getTask(ThreadPoolExecutor.java:1074)
        at java.util.concurrent.ThreadPoolExecutor.runWorker(ThreadPoolExecutor.java:1134)
        at java.util.concurrent.ThreadPoolExecutor$Worker.run(ThreadPoolExecutor.java:624)
        at java.lang.Thread.run(Thread.java:748)
"pool-66-thread-6"  prio=5 tid=568 in Object.wait()
java.lang.Thread.State: WAITING (on object monitor)
        at sun.misc.Unsafe.park(Native Method)
        at java.util.concurrent.locks.LockSupport.park(LockSupport.java:175)
        at java.util.concurrent.locks.AbstractQueuedSynchronizer$ConditionObject.await(AbstractQueuedSynchronizer.java:2039)
        at java.util.concurrent.ArrayBlockingQueue.take(ArrayBlockingQueue.java:403)
        at java.util.concurrent.ThreadPoolExecutor.getTask(ThreadPoolExecutor.java:1074)
        at java.util.concurrent.ThreadPoolExecutor.runWorker(ThreadPoolExecutor.java:1134)
        at java.util.concurrent.ThreadPoolExecutor$Worker.run(ThreadPoolExecutor.java:624)
        at java.lang.Thread.run(Thread.java:748)
"pool-56-thread-25"  prio=5 tid=519 in Object.wait()
java.lang.Thread.State: WAITING (on object monitor)
        at sun.misc.Unsafe.park(Native Method)
        at java.util.concurrent.locks.LockSupport.park(LockSupport.java:175)
        at java.util.concurrent.locks.AbstractQueuedSynchronizer$ConditionObject.await(AbstractQueuedSynchronizer.java:2039)
        at java.util.concurrent.ArrayBlockingQueue.take(ArrayBlockingQueue.java:403)
        at java.util.concurrent.ThreadPoolExecutor.getTask(ThreadPoolExecutor.java:1074)
        at java.util.concurrent.ThreadPoolExecutor.runWorker(ThreadPoolExecutor.java:1134)
        at java.util.concurrent.ThreadPoolExecutor$Worker.run(ThreadPoolExecutor.java:624)
        at java.lang.Thread.run(Thread.java:748)
"Datanode State Machine Thread - 0" daemon prio=5 tid=197 timed_waiting
java.lang.Thread.State: TIMED_WAITING
        at java.lang.Thread.sleep(Native Method)
        at org.apache.hadoop.ozone.container.common.statemachine.DatanodeStateMachine.start(DatanodeStateMachine.java:191)
        at org.apache.hadoop.ozone.container.common.statemachine.DatanodeStateMachine.lambda$startDaemon$0(DatanodeStateMachine.java:349)
        at org.apache.hadoop.ozone.container.common.statemachine.DatanodeStateMachine$$Lambda$138/939829672.run(Unknown Source)
        at java.lang.Thread.run(Thread.java:748)
"pool-26-thread-23"  prio=5 tid=336 in Object.wait()
java.lang.Thread.State: WAITING (on object monitor)
        at sun.misc.Unsafe.park(Native Method)
        at java.util.concurrent.locks.LockSupport.park(LockSupport.java:175)
        at java.util.concurrent.locks.AbstractQueuedSynchronizer$ConditionObject.await(AbstractQueuedSynchronizer.java:2039)
        at java.util.concurrent.ArrayBlockingQueue.take(ArrayBlockingQueue.java:403)
        at java.util.concurrent.ThreadPoolExecutor.getTask(ThreadPoolExecutor.java:1074)
        at java.util.concurrent.ThreadPoolExecutor.runWorker(ThreadPoolExecutor.java:1134)
        at java.util.concurrent.ThreadPoolExecutor$Worker.run(ThreadPoolExecutor.java:624)
        at java.lang.Thread.run(Thread.java:748)
"Signal Dispatcher" daemon prio=9 tid=4 runnable
java.lang.Thread.State: RUNNABLE
"pool-56-thread-33"  prio=5 tid=527 in Object.wait()
java.lang.Thread.State: WAITING (on object monitor)
        at sun.misc.Unsafe.park(Native Method)
        at java.util.concurrent.locks.LockSupport.park(LockSupport.java:175)
        at java.util.concurrent.locks.AbstractQueuedSynchronizer$ConditionObject.await(AbstractQueuedSynchronizer.java:2039)
        at java.util.concurrent.ArrayBlockingQueue.take(ArrayBlockingQueue.java:403)
        at java.util.concurrent.ThreadPoolExecutor.getTask(ThreadPoolExecutor.java:1074)
        at java.util.concurrent.ThreadPoolExecutor.runWorker(ThreadPoolExecutor.java:1134)
        at java.util.concurrent.ThreadPoolExecutor$Worker.run(ThreadPoolExecutor.java:624)
        at java.lang.Thread.run(Thread.java:748)
"pool-26-thread-9"  prio=5 tid=322 in Object.wait()
java.lang.Thread.State: WAITING (on object monitor)
        at sun.misc.Unsafe.park(Native Method)
        at java.util.concurrent.locks.LockSupport.park(LockSupport.java:175)
        at java.util.concurrent.locks.AbstractQueuedSynchronizer$ConditionObject.await(AbstractQueuedSynchronizer.java:2039)
        at java.util.concurrent.ArrayBlockingQueue.take(ArrayBlockingQueue.java:403)
        at java.util.concurrent.ThreadPoolExecutor.getTask(ThreadPoolExecutor.java:1074)
        at java.util.concurrent.ThreadPoolExecutor.runWorker(ThreadPoolExecutor.java:1134)
        at java.util.concurrent.ThreadPoolExecutor$Worker.run(ThreadPoolExecutor.java:624)
        at java.lang.Thread.run(Thread.java:748)
"Periodic HDDS volume checker"  prio=5 tid=260 timed_waiting
java.lang.Thread.State: TIMED_WAITING
        at sun.misc.Unsafe.park(Native Method)
        at java.util.concurrent.locks.LockSupport.parkNanos(LockSupport.java:215)
        at java.util.concurrent.locks.AbstractQueuedSynchronizer$ConditionObject.awaitNanos(AbstractQueuedSynchronizer.java:2078)
        at java.util.concurrent.ScheduledThreadPoolExecutor$DelayedWorkQueue.take(ScheduledThreadPoolExecutor.java:1093)
        at java.util.concurrent.ScheduledThreadPoolExecutor$DelayedWorkQueue.take(ScheduledThreadPoolExecutor.java:809)
        at java.util.concurrent.ThreadPoolExecutor.getTask(ThreadPoolExecutor.java:1074)
        at java.util.concurrent.ThreadPoolExecutor.runWorker(ThreadPoolExecutor.java:1134)
        at java.util.concurrent.ThreadPoolExecutor$Worker.run(ThreadPoolExecutor.java:624)
        at java.lang.Thread.run(Thread.java:748)
"Thread-1170" daemon prio=5 tid=1756 timed_waiting
java.lang.Thread.State: TIMED_WAITING
        at java.lang.Thread.sleep(Native Method)
        at org.apache.ratis.util.JavaUtils.sleep(JavaUtils.java:247)
        at org.apache.ratis.server.impl.FollowerState.run(FollowerState.java:96)
"pool-66-thread-1"  prio=5 tid=563 in Object.wait()
java.lang.Thread.State: WAITING (on object monitor)
        at sun.misc.Unsafe.park(Native Method)
        at java.util.concurrent.locks.LockSupport.park(LockSupport.java:175)
        at java.util.concurrent.locks.AbstractQueuedSynchronizer$ConditionObject.await(AbstractQueuedSynchronizer.java:2039)
        at java.util.concurrent.ArrayBlockingQueue.take(ArrayBlockingQueue.java:403)
        at java.util.concurrent.ThreadPoolExecutor.getTask(ThreadPoolExecutor.java:1074)
        at java.util.concurrent.ThreadPoolExecutor.runWorker(ThreadPoolExecutor.java:1134)
        at java.util.concurrent.ThreadPoolExecutor$Worker.run(ThreadPoolExecutor.java:624)
        at java.lang.Thread.run(Thread.java:748)
"Thread-1208" daemon prio=5 tid=1794 timed_waiting
java.lang.Thread.State: TIMED_WAITING
        at sun.misc.Unsafe.park(Native Method)
        at java.util.concurrent.locks.LockSupport.parkNanos(LockSupport.java:215)
        at java.util.concurrent.locks.AbstractQueuedSynchronizer$ConditionObject.awaitNanos(AbstractQueuedSynchronizer.java:2078)
        at java.util.concurrent.ArrayBlockingQueue.poll(ArrayBlockingQueue.java:418)
        at org.apache.ratis.server.impl.LeaderState$EventQueue.poll(LeaderState.java:115)
        at org.apache.ratis.server.impl.LeaderState$EventProcessor.run(LeaderState.java:457)
"grpc-default-worker-ELG-3-4" daemon prio=5 tid=702 runnable
java.lang.Thread.State: RUNNABLE
        at sun.nio.ch.EPollArrayWrapper.epollWait(Native Method)
        at sun.nio.ch.EPollArrayWrapper.poll(EPollArrayWrapper.java:269)
        at sun.nio.ch.EPollSelectorImpl.doSelect(EPollSelectorImpl.java:93)
        at sun.nio.ch.SelectorImpl.lockAndDoSelect(SelectorImpl.java:86)
        at sun.nio.ch.SelectorImpl.select(SelectorImpl.java:97)
        at org.apache.ratis.thirdparty.io.netty.channel.nio.SelectedSelectionKeySetSelector.select(SelectedSelectionKeySetSelector.java:62)
        at org.apache.ratis.thirdparty.io.netty.channel.nio.NioEventLoop.select(NioEventLoop.java:753)
        at org.apache.ratis.thirdparty.io.netty.channel.nio.NioEventLoop.run(NioEventLoop.java:408)
        at org.apache.ratis.thirdparty.io.netty.util.concurrent.SingleThreadEventExecutor$5.run(SingleThreadEventExecutor.java:897)
        at org.apache.ratis.thirdparty.io.netty.util.concurrent.FastThreadLocalRunnable.run(FastThreadLocalRunnable.java:30)
        at java.lang.Thread.run(Thread.java:748)
"pool-26-thread-13"  prio=5 tid=326 in Object.wait()
java.lang.Thread.State: WAITING (on object monitor)
        at sun.misc.Unsafe.park(Native Method)
        at java.util.concurrent.locks.LockSupport.park(LockSupport.java:175)
        at java.util.concurrent.locks.AbstractQueuedSynchronizer$ConditionObject.await(AbstractQueuedSynchronizer.java:2039)
        at java.util.concurrent.ArrayBlockingQueue.take(ArrayBlockingQueue.java:403)
        at java.util.concurrent.ThreadPoolExecutor.getTask(ThreadPoolExecutor.java:1074)
        at java.util.concurrent.ThreadPoolExecutor.runWorker(ThreadPoolExecutor.java:1134)
        at java.util.concurrent.ThreadPoolExecutor$Worker.run(ThreadPoolExecutor.java:624)
        at java.lang.Thread.run(Thread.java:748)
"Command processor thread" daemon prio=5 tid=229 timed_waiting
java.lang.Thread.State: TIMED_WAITING
        at java.lang.Thread.sleep(Native Method)
        at org.apache.hadoop.ozone.container.common.statemachine.DatanodeStateMachine.lambda$initCommandHandlerThread$1(DatanodeStateMachine.java:439)
        at org.apache.hadoop.ozone.container.common.statemachine.DatanodeStateMachine$$Lambda$139/2094549442.run(Unknown Source)
        at java.lang.Thread.run(Thread.java:748)
"metrics-hadoop-metrics2-reporter-13-thread-1" daemon prio=5 tid=754 timed_waiting
java.lang.Thread.State: TIMED_WAITING
        at sun.misc.Unsafe.park(Native Method)
        at java.util.concurrent.locks.LockSupport.parkNanos(LockSupport.java:215)
        at java.util.concurrent.locks.AbstractQueuedSynchronizer$ConditionObject.awaitNanos(AbstractQueuedSynchronizer.java:2078)
        at java.util.concurrent.ScheduledThreadPoolExecutor$DelayedWorkQueue.take(ScheduledThreadPoolExecutor.java:1093)
        at java.util.concurrent.ScheduledThreadPoolExecutor$DelayedWorkQueue.take(ScheduledThreadPoolExecutor.java:809)
        at java.util.concurrent.ThreadPoolExecutor.getTask(ThreadPoolExecutor.java:1074)
        at java.util.concurrent.ThreadPoolExecutor.runWorker(ThreadPoolExecutor.java:1134)
        at java.util.concurrent.ThreadPoolExecutor$Worker.run(ThreadPoolExecutor.java:624)
        at java.lang.Thread.run(Thread.java:748)
"pool-56-thread-31"  prio=5 tid=525 in Object.wait()
java.lang.Thread.State: WAITING (on object monitor)
        at sun.misc.Unsafe.park(Native Method)
        at java.util.concurrent.locks.LockSupport.park(LockSupport.java:175)
        at java.util.concurrent.locks.AbstractQueuedSynchronizer$ConditionObject.await(AbstractQueuedSynchronizer.java:2039)
        at java.util.concurrent.ArrayBlockingQueue.take(ArrayBlockingQueue.java:403)
        at java.util.concurrent.ThreadPoolExecutor.getTask(ThreadPoolExecutor.java:1074)
        at java.util.concurrent.ThreadPoolExecutor.runWorker(ThreadPoolExecutor.java:1134)
        at java.util.concurrent.ThreadPoolExecutor$Worker.run(ThreadPoolExecutor.java:624)
        at java.lang.Thread.run(Thread.java:748)
"IPC Server handler 3 on 40029" daemon prio=5 tid=72 timed_waiting
java.lang.Thread.State: TIMED_WAITING
        at sun.misc.Unsafe.park(Native Method)
        at java.util.concurrent.locks.LockSupport.parkNanos(LockSupport.java:215)
        at java.util.concurrent.locks.AbstractQueuedSynchronizer$ConditionObject.awaitNanos(AbstractQueuedSynchronizer.java:2078)
        at java.util.concurrent.LinkedBlockingQueue.poll(LinkedBlockingQueue.java:467)
        at org.apache.hadoop.ipc.CallQueueManager.take(CallQueueManager.java:288)
        at org.apache.hadoop.ipc.Server$Handler.run(Server.java:2668)
"8c24ed06-386e-4085-8931-93c762a64530@group-ADB1B60517AF-SegmentedRaftLogWorker"  prio=5 tid=785 timed_waiting
java.lang.Thread.State: TIMED_WAITING
        at sun.misc.Unsafe.park(Native Method)
        at java.util.concurrent.locks.LockSupport.parkNanos(LockSupport.java:215)
        at java.util.concurrent.locks.AbstractQueuedSynchronizer$ConditionObject.awaitNanos(AbstractQueuedSynchronizer.java:2078)
        at org.apache.ratis.util.DataBlockingQueue.poll(DataBlockingQueue.java:137)
        at org.apache.ratis.server.raftlog.segmented.SegmentedRaftLogWorker.run(SegmentedRaftLogWorker.java:283)
        at java.lang.Thread.run(Thread.java:748)
"pool-56-thread-42"  prio=5 tid=536 in Object.wait()
java.lang.Thread.State: WAITING (on object monitor)
        at sun.misc.Unsafe.park(Native Method)
        at java.util.concurrent.locks.LockSupport.park(LockSupport.java:175)
        at java.util.concurrent.locks.AbstractQueuedSynchronizer$ConditionObject.await(AbstractQueuedSynchronizer.java:2039)
        at java.util.concurrent.ArrayBlockingQueue.take(ArrayBlockingQueue.java:403)
        at java.util.concurrent.ThreadPoolExecutor.getTask(ThreadPoolExecutor.java:1074)
        at java.util.concurrent.ThreadPoolExecutor.runWorker(ThreadPoolExecutor.java:1134)
        at java.util.concurrent.ThreadPoolExecutor$Worker.run(ThreadPoolExecutor.java:624)
        at java.lang.Thread.run(Thread.java:748)
"pool-76-thread-27"  prio=5 tid=651 in Object.wait()
java.lang.Thread.State: WAITING (on object monitor)
        at sun.misc.Unsafe.park(Native Method)
        at java.util.concurrent.locks.LockSupport.park(LockSupport.java:175)
        at java.util.concurrent.locks.AbstractQueuedSynchronizer$ConditionObject.await(AbstractQueuedSynchronizer.java:2039)
        at java.util.concurrent.ArrayBlockingQueue.take(ArrayBlockingQueue.java:403)
        at java.util.concurrent.ThreadPoolExecutor.getTask(ThreadPoolExecutor.java:1074)
        at java.util.concurrent.ThreadPoolExecutor.runWorker(ThreadPoolExecutor.java:1134)
        at java.util.concurrent.ThreadPoolExecutor$Worker.run(ThreadPoolExecutor.java:624)
        at java.lang.Thread.run(Thread.java:748)
"metrics-hadoop-metrics2-reporter-37-thread-1" daemon prio=5 tid=869 timed_waiting
java.lang.Thread.State: TIMED_WAITING
        at sun.misc.Unsafe.park(Native Method)
        at java.util.concurrent.locks.LockSupport.parkNanos(LockSupport.java:215)
        at java.util.concurrent.locks.AbstractQueuedSynchronizer$ConditionObject.awaitNanos(AbstractQueuedSynchronizer.java:2078)
        at java.util.concurrent.ScheduledThreadPoolExecutor$DelayedWorkQueue.take(ScheduledThreadPoolExecutor.java:1093)
        at java.util.concurrent.ScheduledThreadPoolExecutor$DelayedWorkQueue.take(ScheduledThreadPoolExecutor.java:809)
        at java.util.concurrent.ThreadPoolExecutor.getTask(ThreadPoolExecutor.java:1074)
        at java.util.concurrent.ThreadPoolExecutor.runWorker(ThreadPoolExecutor.java:1134)
        at java.util.concurrent.ThreadPoolExecutor$Worker.run(ThreadPoolExecutor.java:624)
        at java.lang.Thread.run(Thread.java:748)
"refreshUsed-/workdir/hadoop-ozone/integration-test/target/test-dir/MiniOzoneClusterImpl-85c44edd-3ede-4f6a-a825-df7bd545a955/datanode-0/data/containers" daemon prio=5 tid=154 timed_waiting
java.lang.Thread.State: TIMED_WAITING
        at java.lang.Thread.sleep(Native Method)
        at org.apache.hadoop.fs.CachingGetSpaceUsed$RefreshThread.run(CachingGetSpaceUsed.java:179)
        at java.lang.Thread.run(Thread.java:748)
"BlockDeletingService#2" daemon prio=5 tid=1729 in Object.wait()
java.lang.Thread.State: WAITING (on object monitor)
        at sun.misc.Unsafe.park(Native Method)
        at java.util.concurrent.locks.LockSupport.park(LockSupport.java:175)
        at java.util.concurrent.locks.AbstractQueuedSynchronizer$ConditionObject.await(AbstractQueuedSynchronizer.java:2039)
        at java.util.concurrent.ScheduledThreadPoolExecutor$DelayedWorkQueue.take(ScheduledThreadPoolExecutor.java:1088)
        at java.util.concurrent.ScheduledThreadPoolExecutor$DelayedWorkQueue.take(ScheduledThreadPoolExecutor.java:809)
        at java.util.concurrent.ThreadPoolExecutor.getTask(ThreadPoolExecutor.java:1074)
        at java.util.concurrent.ThreadPoolExecutor.runWorker(ThreadPoolExecutor.java:1134)
        at java.util.concurrent.ThreadPoolExecutor$Worker.run(ThreadPoolExecutor.java:624)
        at java.lang.Thread.run(Thread.java:748)
"Command processor thread" daemon prio=5 tid=256 timed_waiting
java.lang.Thread.State: TIMED_WAITING
        at java.lang.Thread.sleep(Native Method)
        at org.apache.hadoop.ozone.container.common.statemachine.DatanodeStateMachine.lambda$initCommandHandlerThread$1(DatanodeStateMachine.java:439)
        at org.apache.hadoop.ozone.container.common.statemachine.DatanodeStateMachine$$Lambda$139/2094549442.run(Unknown Source)
        at java.lang.Thread.run(Thread.java:748)
"pool-76-thread-57"  prio=5 tid=681 in Object.wait()
java.lang.Thread.State: WAITING (on object monitor)
        at sun.misc.Unsafe.park(Native Method)
        at java.util.concurrent.locks.LockSupport.park(LockSupport.java:175)
        at java.util.concurrent.locks.AbstractQueuedSynchronizer$ConditionObject.await(AbstractQueuedSynchronizer.java:2039)
        at java.util.concurrent.ArrayBlockingQueue.take(ArrayBlockingQueue.java:403)
        at java.util.concurrent.ThreadPoolExecutor.getTask(ThreadPoolExecutor.java:1074)
        at java.util.concurrent.ThreadPoolExecutor.runWorker(ThreadPoolExecutor.java:1134)
        at java.util.concurrent.ThreadPoolExecutor$Worker.run(ThreadPoolExecutor.java:624)
        at java.lang.Thread.run(Thread.java:748)
"8c24ed06-386e-4085-8931-93c762a64530@group-47DBAAEC82C8-SegmentedRaftLogWorker"  prio=5 tid=755 timed_waiting
java.lang.Thread.State: TIMED_WAITING
        at sun.misc.Unsafe.park(Native Method)
        at java.util.concurrent.locks.LockSupport.parkNanos(LockSupport.java:215)
        at java.util.concurrent.locks.AbstractQueuedSynchronizer$ConditionObject.awaitNanos(AbstractQueuedSynchronizer.java:2078)
        at org.apache.ratis.util.DataBlockingQueue.poll(DataBlockingQueue.java:137)
        at org.apache.ratis.server.raftlog.segmented.SegmentedRaftLogWorker.run(SegmentedRaftLogWorker.java:283)
        at java.lang.Thread.run(Thread.java:748)
"Thread-1204" daemon prio=5 tid=1790 timed_waiting
java.lang.Thread.State: TIMED_WAITING
        at java.lang.Thread.sleep(Native Method)
        at org.apache.ratis.util.JavaUtils.sleep(JavaUtils.java:247)
        at org.apache.ratis.server.impl.FollowerState.run(FollowerState.java:96)
"pool-66-thread-31"  prio=5 tid=593 in Object.wait()
java.lang.Thread.State: WAITING (on object monitor)
        at sun.misc.Unsafe.park(Native Method)
        at java.util.concurrent.locks.LockSupport.park(LockSupport.java:175)
        at java.util.concurrent.locks.AbstractQueuedSynchronizer$ConditionObject.await(AbstractQueuedSynchronizer.java:2039)
        at java.util.concurrent.ArrayBlockingQueue.take(ArrayBlockingQueue.java:403)
        at java.util.concurrent.ThreadPoolExecutor.getTask(ThreadPoolExecutor.java:1074)
        at java.util.concurrent.ThreadPoolExecutor.runWorker(ThreadPoolExecutor.java:1134)
        at java.util.concurrent.ThreadPoolExecutor$Worker.run(ThreadPoolExecutor.java:624)
        at java.lang.Thread.run(Thread.java:748)
"qtp1507604180-191" daemon prio=5 tid=191 timed_waiting
java.lang.Thread.State: TIMED_WAITING
        at sun.misc.Unsafe.park(Native Method)
        at java.util.concurrent.locks.LockSupport.parkNanos(LockSupport.java:215)
        at java.util.concurrent.locks.AbstractQueuedSynchronizer$ConditionObject.awaitNanos(AbstractQueuedSynchronizer.java:2078)
        at org.eclipse.jetty.util.BlockingArrayQueue.poll(BlockingArrayQueue.java:392)
        at org.eclipse.jetty.util.thread.QueuedThreadPool.idleJobPoll(QueuedThreadPool.java:563)
        at org.eclipse.jetty.util.thread.QueuedThreadPool.access$800(QueuedThreadPool.java:48)
        at org.eclipse.jetty.util.thread.QueuedThreadPool$2.run(QueuedThreadPool.java:626)
        at java.lang.Thread.run(Thread.java:748)
"Thread-1165" daemon prio=5 tid=1751 timed_waiting
java.lang.Thread.State: TIMED_WAITING
        at java.lang.Thread.sleep(Native Method)
        at org.apache.ratis.util.JavaUtils.sleep(JavaUtils.java:247)
        at org.apache.ratis.server.impl.FollowerState.run(FollowerState.java:96)
"org.eclipse.jetty.server.session.HashSessionManager@350d3f4dTimer" daemon prio=5 tid=249 timed_waiting
java.lang.Thread.State: TIMED_WAITING
        at sun.misc.Unsafe.park(Native Method)
        at java.util.concurrent.locks.LockSupport.parkNanos(LockSupport.java:215)
        at java.util.concurrent.locks.AbstractQueuedSynchronizer$ConditionObject.awaitNanos(AbstractQueuedSynchronizer.java:2078)
        at java.util.concurrent.ScheduledThreadPoolExecutor$DelayedWorkQueue.take(ScheduledThreadPoolExecutor.java:1093)
        at java.util.concurrent.ScheduledThreadPoolExecutor$DelayedWorkQueue.take(ScheduledThreadPoolExecutor.java:809)
        at java.util.concurrent.ThreadPoolExecutor.getTask(ThreadPoolExecutor.java:1074)
        at java.util.concurrent.ThreadPoolExecutor.runWorker(ThreadPoolExecutor.java:1134)
        at java.util.concurrent.ThreadPoolExecutor$Worker.run(ThreadPoolExecutor.java:624)
        at java.lang.Thread.run(Thread.java:748)
"org.apache.ratis.server.impl.LogAppender$AppenderDaemon$$Lambda$418/858148741@3182649a" daemon prio=5 tid=1814 timed_waiting
java.lang.Thread.State: TIMED_WAITING
        at java.lang.Object.wait(Native Method)
        at org.apache.ratis.grpc.server.GrpcLogAppender.mayWait(GrpcLogAppender.java:141)
        at org.apache.ratis.grpc.server.GrpcLogAppender.runAppenderImpl(GrpcLogAppender.java:95)
        at org.apache.ratis.server.impl.LogAppender$AppenderDaemon.run(LogAppender.java:76)
        at org.apache.ratis.server.impl.LogAppender$AppenderDaemon$$Lambda$418/858148741.run(Unknown Source)
        at java.lang.Thread.run(Thread.java:748)
"pool-76-thread-15"  prio=5 tid=639 in Object.wait()
java.lang.Thread.State: WAITING (on object monitor)
        at sun.misc.Unsafe.park(Native Method)
        at java.util.concurrent.locks.LockSupport.park(LockSupport.java:175)
        at java.util.concurrent.locks.AbstractQueuedSynchronizer$ConditionObject.await(AbstractQueuedSynchronizer.java:2039)
        at java.util.concurrent.ArrayBlockingQueue.take(ArrayBlockingQueue.java:403)
        at java.util.concurrent.ThreadPoolExecutor.getTask(ThreadPoolExecutor.java:1074)
        at java.util.concurrent.ThreadPoolExecutor.runWorker(ThreadPoolExecutor.java:1134)
        at java.util.concurrent.ThreadPoolExecutor$Worker.run(ThreadPoolExecutor.java:624)
        at java.lang.Thread.run(Thread.java:748)
"pool-26-thread-8"  prio=5 tid=321 in Object.wait()
java.lang.Thread.State: WAITING (on object monitor)
        at sun.misc.Unsafe.park(Native Method)
        at java.util.concurrent.locks.LockSupport.park(LockSupport.java:175)
        at java.util.concurrent.locks.AbstractQueuedSynchronizer$ConditionObject.await(AbstractQueuedSynchronizer.java:2039)
        at java.util.concurrent.ArrayBlockingQueue.take(ArrayBlockingQueue.java:403)
        at java.util.concurrent.ThreadPoolExecutor.getTask(ThreadPoolExecutor.java:1074)
        at java.util.concurrent.ThreadPoolExecutor.runWorker(ThreadPoolExecutor.java:1134)
        at java.util.concurrent.ThreadPoolExecutor$Worker.run(ThreadPoolExecutor.java:624)
        at java.lang.Thread.run(Thread.java:748)
"metrics-hadoop-metrics2-reporter-15-thread-1" daemon prio=5 tid=760 timed_waiting
java.lang.Thread.State: TIMED_WAITING
        at sun.misc.Unsafe.park(Native Method)
        at java.util.concurrent.locks.LockSupport.parkNanos(LockSupport.java:215)
        at java.util.concurrent.locks.AbstractQueuedSynchronizer$ConditionObject.awaitNanos(AbstractQueuedSynchronizer.java:2078)
        at java.util.concurrent.ScheduledThreadPoolExecutor$DelayedWorkQueue.take(ScheduledThreadPoolExecutor.java:1093)
        at java.util.concurrent.ScheduledThreadPoolExecutor$DelayedWorkQueue.take(ScheduledThreadPoolExecutor.java:809)
        at java.util.concurrent.ThreadPoolExecutor.getTask(ThreadPoolExecutor.java:1074)
        at java.util.concurrent.ThreadPoolExecutor.runWorker(ThreadPoolExecutor.java:1134)
        at java.util.concurrent.ThreadPoolExecutor$Worker.run(ThreadPoolExecutor.java:624)
        at java.lang.Thread.run(Thread.java:748)
"qtp564272228-94" daemon prio=5 tid=94 timed_waiting
java.lang.Thread.State: TIMED_WAITING
        at sun.misc.Unsafe.park(Native Method)
        at java.util.concurrent.locks.LockSupport.parkNanos(LockSupport.java:215)
        at java.util.concurrent.locks.AbstractQueuedSynchronizer$ConditionObject.awaitNanos(AbstractQueuedSynchronizer.java:2078)
        at org.eclipse.jetty.util.BlockingArrayQueue.poll(BlockingArrayQueue.java:392)
        at org.eclipse.jetty.util.thread.QueuedThreadPool.idleJobPoll(QueuedThreadPool.java:563)
        at org.eclipse.jetty.util.thread.QueuedThreadPool.access$800(QueuedThreadPool.java:48)
        at org.eclipse.jetty.util.thread.QueuedThreadPool$2.run(QueuedThreadPool.java:626)
        at java.lang.Thread.run(Thread.java:748)
"metrics-hadoop-metrics2-reporter-28-thread-1" daemon prio=5 tid=824 timed_waiting
java.lang.Thread.State: TIMED_WAITING
        at sun.misc.Unsafe.park(Native Method)
        at java.util.concurrent.locks.LockSupport.parkNanos(LockSupport.java:215)
        at java.util.concurrent.locks.AbstractQueuedSynchronizer$ConditionObject.awaitNanos(AbstractQueuedSynchronizer.java:2078)
        at java.util.concurrent.ScheduledThreadPoolExecutor$DelayedWorkQueue.take(ScheduledThreadPoolExecutor.java:1093)
        at java.util.concurrent.ScheduledThreadPoolExecutor$DelayedWorkQueue.take(ScheduledThreadPoolExecutor.java:809)
        at java.util.concurrent.ThreadPoolExecutor.getTask(ThreadPoolExecutor.java:1074)
        at java.util.concurrent.ThreadPoolExecutor.runWorker(ThreadPoolExecutor.java:1134)
        at java.util.concurrent.ThreadPoolExecutor$Worker.run(ThreadPoolExecutor.java:624)
        at java.lang.Thread.run(Thread.java:748)
"pool-46-thread-39"  prio=5 tid=472 in Object.wait()
java.lang.Thread.State: WAITING (on object monitor)
        at sun.misc.Unsafe.park(Native Method)
        at java.util.concurrent.locks.LockSupport.park(LockSupport.java:175)
        at java.util.concurrent.locks.AbstractQueuedSynchronizer$ConditionObject.await(AbstractQueuedSynchronizer.java:2039)
        at java.util.concurrent.ArrayBlockingQueue.take(ArrayBlockingQueue.java:403)
        at java.util.concurrent.ThreadPoolExecutor.getTask(ThreadPoolExecutor.java:1074)
        at java.util.concurrent.ThreadPoolExecutor.runWorker(ThreadPoolExecutor.java:1134)
        at java.util.concurrent.ThreadPoolExecutor$Worker.run(ThreadPoolExecutor.java:624)
        at java.lang.Thread.run(Thread.java:748)
"IPC Server handler 5 on 37215" daemon prio=5 tid=54 timed_waiting
java.lang.Thread.State: TIMED_WAITING
        at sun.misc.Unsafe.park(Native Method)
        at java.util.concurrent.locks.LockSupport.parkNanos(LockSupport.java:215)
        at java.util.concurrent.locks.AbstractQueuedSynchronizer$ConditionObject.awaitNanos(AbstractQueuedSynchronizer.java:2078)
        at java.util.concurrent.LinkedBlockingQueue.poll(LinkedBlockingQueue.java:467)
        at org.apache.hadoop.ipc.CallQueueManager.take(CallQueueManager.java:288)
        at org.apache.hadoop.ipc.Server$Handler.run(Server.java:2668)
"pool-66-thread-51"  prio=5 tid=613 in Object.wait()
java.lang.Thread.State: WAITING (on object monitor)
        at sun.misc.Unsafe.park(Native Method)
        at java.util.concurrent.locks.LockSupport.park(LockSupport.java:175)
        at java.util.concurrent.locks.AbstractQueuedSynchronizer$ConditionObject.await(AbstractQueuedSynchronizer.java:2039)
        at java.util.concurrent.ArrayBlockingQueue.take(ArrayBlockingQueue.java:403)
        at java.util.concurrent.ThreadPoolExecutor.getTask(ThreadPoolExecutor.java:1074)
        at java.util.concurrent.ThreadPoolExecutor.runWorker(ThreadPoolExecutor.java:1134)
        at java.util.concurrent.ThreadPoolExecutor$Worker.run(ThreadPoolExecutor.java:624)
        at java.lang.Thread.run(Thread.java:748)
"grpc-default-executor-4" daemon prio=5 tid=969 timed_waiting
java.lang.Thread.State: TIMED_WAITING
        at sun.misc.Unsafe.park(Native Method)
        at java.util.concurrent.locks.LockSupport.parkNanos(LockSupport.java:215)
        at java.util.concurrent.SynchronousQueue$TransferStack.awaitFulfill(SynchronousQueue.java:460)
        at java.util.concurrent.SynchronousQueue$TransferStack.transfer(SynchronousQueue.java:362)
        at java.util.concurrent.SynchronousQueue.poll(SynchronousQueue.java:941)
        at java.util.concurrent.ThreadPoolExecutor.getTask(ThreadPoolExecutor.java:1073)
        at java.util.concurrent.ThreadPoolExecutor.runWorker(ThreadPoolExecutor.java:1134)
        at java.util.concurrent.ThreadPoolExecutor$Worker.run(ThreadPoolExecutor.java:624)
        at java.lang.Thread.run(Thread.java:748)
"e081c0a5-acfc-4a29-8262-ee158adf5b11@group-071025EF7F78-SegmentedRaftLogWorker"  prio=5 tid=875 timed_waiting
java.lang.Thread.State: TIMED_WAITING
        at sun.misc.Unsafe.park(Native Method)
        at java.util.concurrent.locks.LockSupport.parkNanos(LockSupport.java:215)
        at java.util.concurrent.locks.AbstractQueuedSynchronizer$ConditionObject.awaitNanos(AbstractQueuedSynchronizer.java:2078)
        at org.apache.ratis.util.DataBlockingQueue.poll(DataBlockingQueue.java:137)
        at org.apache.ratis.server.raftlog.segmented.SegmentedRaftLogWorker.run(SegmentedRaftLogWorker.java:283)
        at java.lang.Thread.run(Thread.java:748)
"pool-26-thread-20"  prio=5 tid=333 in Object.wait()
java.lang.Thread.State: WAITING (on object monitor)
        at sun.misc.Unsafe.park(Native Method)
        at java.util.concurrent.locks.LockSupport.park(LockSupport.java:175)
        at java.util.concurrent.locks.AbstractQueuedSynchronizer$ConditionObject.await(AbstractQueuedSynchronizer.java:2039)
        at java.util.concurrent.ArrayBlockingQueue.take(ArrayBlockingQueue.java:403)
        at java.util.concurrent.ThreadPoolExecutor.getTask(ThreadPoolExecutor.java:1074)
        at java.util.concurrent.ThreadPoolExecutor.runWorker(ThreadPoolExecutor.java:1134)
        at java.util.concurrent.ThreadPoolExecutor$Worker.run(ThreadPoolExecutor.java:624)
        at java.lang.Thread.run(Thread.java:748)
"org.eclipse.jetty.server.session.HashSessionManager@4152d38dTimer" daemon prio=5 tid=99 timed_waiting
java.lang.Thread.State: TIMED_WAITING
        at sun.misc.Unsafe.park(Native Method)
        at java.util.concurrent.locks.LockSupport.parkNanos(LockSupport.java:215)
        at java.util.concurrent.locks.AbstractQueuedSynchronizer$ConditionObject.awaitNanos(AbstractQueuedSynchronizer.java:2078)
        at java.util.concurrent.ScheduledThreadPoolExecutor$DelayedWorkQueue.take(ScheduledThreadPoolExecutor.java:1093)
        at java.util.concurrent.ScheduledThreadPoolExecutor$DelayedWorkQueue.take(ScheduledThreadPoolExecutor.java:809)
        at java.util.concurrent.ThreadPoolExecutor.getTask(ThreadPoolExecutor.java:1074)
        at java.util.concurrent.ThreadPoolExecutor.runWorker(ThreadPoolExecutor.java:1134)
        at java.util.concurrent.ThreadPoolExecutor$Worker.run(ThreadPoolExecutor.java:624)
        at java.lang.Thread.run(Thread.java:748)
"pool-46-thread-51"  prio=5 tid=484 in Object.wait()
java.lang.Thread.State: WAITING (on object monitor)
        at sun.misc.Unsafe.park(Native Method)
        at java.util.concurrent.locks.LockSupport.park(LockSupport.java:175)
        at java.util.concurrent.locks.AbstractQueuedSynchronizer$ConditionObject.await(AbstractQueuedSynchronizer.java:2039)
        at java.util.concurrent.ArrayBlockingQueue.take(ArrayBlockingQueue.java:403)
        at java.util.concurrent.ThreadPoolExecutor.getTask(ThreadPoolExecutor.java:1074)
        at java.util.concurrent.ThreadPoolExecutor.runWorker(ThreadPoolExecutor.java:1134)
        at java.util.concurrent.ThreadPoolExecutor$Worker.run(ThreadPoolExecutor.java:624)
        at java.lang.Thread.run(Thread.java:748)
"pool-36-thread-36"  prio=5 tid=409 in Object.wait()
java.lang.Thread.State: WAITING (on object monitor)
        at sun.misc.Unsafe.park(Native Method)
        at java.util.concurrent.locks.LockSupport.park(LockSupport.java:175)
        at java.util.concurrent.locks.AbstractQueuedSynchronizer$ConditionObject.await(AbstractQueuedSynchronizer.java:2039)
        at java.util.concurrent.ArrayBlockingQueue.take(ArrayBlockingQueue.java:403)
        at java.util.concurrent.ThreadPoolExecutor.getTask(ThreadPoolExecutor.java:1074)
        at java.util.concurrent.ThreadPoolExecutor.runWorker(ThreadPoolExecutor.java:1134)
        at java.util.concurrent.ThreadPoolExecutor$Worker.run(ThreadPoolExecutor.java:624)
        at java.lang.Thread.run(Thread.java:748)
"Thread-455" daemon prio=5 tid=1038 timed_waiting
java.lang.Thread.State: TIMED_WAITING
        at sun.misc.Unsafe.park(Native Method)
        at java.util.concurrent.locks.LockSupport.parkNanos(LockSupport.java:215)
        at java.util.concurrent.locks.AbstractQueuedSynchronizer$ConditionObject.awaitNanos(AbstractQueuedSynchronizer.java:2078)
        at java.util.concurrent.ArrayBlockingQueue.poll(ArrayBlockingQueue.java:418)
        at org.apache.ratis.server.impl.LeaderState$EventQueue.poll(LeaderState.java:115)
        at org.apache.ratis.server.impl.LeaderState$EventProcessor.run(LeaderState.java:457)
"qtp1947666055-300" daemon prio=5 tid=300 timed_waiting
java.lang.Thread.State: TIMED_WAITING
        at sun.misc.Unsafe.park(Native Method)
        at java.util.concurrent.locks.LockSupport.parkNanos(LockSupport.java:215)
        at java.util.concurrent.locks.AbstractQueuedSynchronizer$ConditionObject.awaitNanos(AbstractQueuedSynchronizer.java:2078)
        at org.eclipse.jetty.util.BlockingArrayQueue.poll(BlockingArrayQueue.java:392)
        at org.eclipse.jetty.util.thread.QueuedThreadPool.idleJobPoll(QueuedThreadPool.java:563)
        at org.eclipse.jetty.util.thread.QueuedThreadPool.access$800(QueuedThreadPool.java:48)
        at org.eclipse.jetty.util.thread.QueuedThreadPool$2.run(QueuedThreadPool.java:626)
        at java.lang.Thread.run(Thread.java:748)
"b7064b77-9271-4e94-8225-85d895886efb@group-6E9EB1C0F638-SegmentedRaftLogWorker"  prio=5 tid=864 timed_waiting
java.lang.Thread.State: TIMED_WAITING
        at sun.misc.Unsafe.park(Native Method)
        at java.util.concurrent.locks.LockSupport.parkNanos(LockSupport.java:215)
        at java.util.concurrent.locks.AbstractQueuedSynchronizer$ConditionObject.awaitNanos(AbstractQueuedSynchronizer.java:2078)
        at org.apache.ratis.util.DataBlockingQueue.poll(DataBlockingQueue.java:137)
        at org.apache.ratis.server.raftlog.segmented.SegmentedRaftLogWorker.run(SegmentedRaftLogWorker.java:283)
        at java.lang.Thread.run(Thread.java:748)
"IPC Server listener on 44461" daemon prio=5 tid=109 runnable
java.lang.Thread.State: RUNNABLE
        at sun.nio.ch.EPollArrayWrapper.epollWait(Native Method)
        at sun.nio.ch.EPollArrayWrapper.poll(EPollArrayWrapper.java:269)
        at sun.nio.ch.EPollSelectorImpl.doSelect(EPollSelectorImpl.java:93)
        at sun.nio.ch.SelectorImpl.lockAndDoSelect(SelectorImpl.java:86)
        at sun.nio.ch.SelectorImpl.select(SelectorImpl.java:97)
        at sun.nio.ch.SelectorImpl.select(SelectorImpl.java:101)
        at org.apache.hadoop.ipc.Server$Listener.run(Server.java:1159)
"Reference Handler" daemon prio=10 tid=2 in Object.wait()
java.lang.Thread.State: WAITING (on object monitor)
        at java.lang.Object.wait(Native Method)
        at java.lang.Object.wait(Object.java:502)
        at java.lang.ref.Reference.tryHandlePending(Reference.java:191)
        at java.lang.ref.Reference$ReferenceHandler.run(Reference.java:153)
"pool-56-thread-24"  prio=5 tid=518 in Object.wait()
java.lang.Thread.State: WAITING (on object monitor)
        at sun.misc.Unsafe.park(Native Method)
        at java.util.concurrent.locks.LockSupport.park(LockSupport.java:175)
        at java.util.concurrent.locks.AbstractQueuedSynchronizer$ConditionObject.await(AbstractQueuedSynchronizer.java:2039)
        at java.util.concurrent.ArrayBlockingQueue.take(ArrayBlockingQueue.java:403)
        at java.util.concurrent.ThreadPoolExecutor.getTask(ThreadPoolExecutor.java:1074)
        at java.util.concurrent.ThreadPoolExecutor.runWorker(ThreadPoolExecutor.java:1134)
        at java.util.concurrent.ThreadPoolExecutor$Worker.run(ThreadPoolExecutor.java:624)
        at java.lang.Thread.run(Thread.java:748)
"metrics-hadoop-metrics2-reporter-2-thread-1" daemon prio=5 tid=715 timed_waiting
java.lang.Thread.State: TIMED_WAITING
        at sun.misc.Unsafe.park(Native Method)
        at java.util.concurrent.locks.LockSupport.parkNanos(LockSupport.java:215)
        at java.util.concurrent.locks.AbstractQueuedSynchronizer$ConditionObject.awaitNanos(AbstractQueuedSynchronizer.java:2078)
        at java.util.concurrent.ScheduledThreadPoolExecutor$DelayedWorkQueue.take(ScheduledThreadPoolExecutor.java:1093)
        at java.util.concurrent.ScheduledThreadPoolExecutor$DelayedWorkQueue.take(ScheduledThreadPoolExecutor.java:809)
        at java.util.concurrent.ThreadPoolExecutor.getTask(ThreadPoolExecutor.java:1074)
        at java.util.concurrent.ThreadPoolExecutor.runWorker(ThreadPoolExecutor.java:1134)
        at java.util.concurrent.ThreadPoolExecutor$Worker.run(ThreadPoolExecutor.java:624)
        at java.lang.Thread.run(Thread.java:748)
"pool-26-thread-47"  prio=5 tid=360 in Object.wait()
java.lang.Thread.State: WAITING (on object monitor)
        at sun.misc.Unsafe.park(Native Method)
        at java.util.concurrent.locks.LockSupport.park(LockSupport.java:175)
        at java.util.concurrent.locks.AbstractQueuedSynchronizer$ConditionObject.await(AbstractQueuedSynchronizer.java:2039)
        at java.util.concurrent.ArrayBlockingQueue.take(ArrayBlockingQueue.java:403)
        at java.util.concurrent.ThreadPoolExecutor.getTask(ThreadPoolExecutor.java:1074)
        at java.util.concurrent.ThreadPoolExecutor.runWorker(ThreadPoolExecutor.java:1134)
        at java.util.concurrent.ThreadPoolExecutor$Worker.run(ThreadPoolExecutor.java:624)
        at java.lang.Thread.run(Thread.java:748)
"metrics-hadoop-metrics2-reporter-50-thread-1" daemon prio=5 tid=1800 timed_waiting
java.lang.Thread.State: TIMED_WAITING
        at sun.misc.Unsafe.park(Native Method)
        at java.util.concurrent.locks.LockSupport.parkNanos(LockSupport.java:215)
        at java.util.concurrent.locks.AbstractQueuedSynchronizer$ConditionObject.awaitNanos(AbstractQueuedSynchronizer.java:2078)
        at java.util.concurrent.ScheduledThreadPoolExecutor$DelayedWorkQueue.take(ScheduledThreadPoolExecutor.java:1093)
        at java.util.concurrent.ScheduledThreadPoolExecutor$DelayedWorkQueue.take(ScheduledThreadPoolExecutor.java:809)
        at java.util.concurrent.ThreadPoolExecutor.getTask(ThreadPoolExecutor.java:1074)
        at java.util.concurrent.ThreadPoolExecutor.runWorker(ThreadPoolExecutor.java:1134)
        at java.util.concurrent.ThreadPoolExecutor$Worker.run(ThreadPoolExecutor.java:624)
        at java.lang.Thread.run(Thread.java:748)
"pool-56-thread-20"  prio=5 tid=514 in Object.wait()
java.lang.Thread.State: WAITING (on object monitor)
        at sun.misc.Unsafe.park(Native Method)
        at java.util.concurrent.locks.LockSupport.park(LockSupport.java:175)
        at java.util.concurrent.locks.AbstractQueuedSynchronizer$ConditionObject.await(AbstractQueuedSynchronizer.java:2039)
        at java.util.concurrent.ArrayBlockingQueue.take(ArrayBlockingQueue.java:403)
        at java.util.concurrent.ThreadPoolExecutor.getTask(ThreadPoolExecutor.java:1074)
        at java.util.concurrent.ThreadPoolExecutor.runWorker(ThreadPoolExecutor.java:1134)
        at java.util.concurrent.ThreadPoolExecutor$Worker.run(ThreadPoolExecutor.java:624)
        at java.lang.Thread.run(Thread.java:748)
"pool-46-thread-34"  prio=5 tid=467 in Object.wait()
java.lang.Thread.State: WAITING (on object monitor)
        at sun.misc.Unsafe.park(Native Method)
        at java.util.concurrent.locks.LockSupport.park(LockSupport.java:175)
        at java.util.concurrent.locks.AbstractQueuedSynchronizer$ConditionObject.await(AbstractQueuedSynchronizer.java:2039)
        at java.util.concurrent.ArrayBlockingQueue.take(ArrayBlockingQueue.java:403)
        at java.util.concurrent.ThreadPoolExecutor.getTask(ThreadPoolExecutor.java:1074)
        at java.util.concurrent.ThreadPoolExecutor.runWorker(ThreadPoolExecutor.java:1134)
        at java.util.concurrent.ThreadPoolExecutor$Worker.run(ThreadPoolExecutor.java:624)
        at java.lang.Thread.run(Thread.java:748)
"pool-66-thread-19"  prio=5 tid=581 in Object.wait()
java.lang.Thread.State: WAITING (on object monitor)
        at sun.misc.Unsafe.park(Native Method)
        at java.util.concurrent.locks.LockSupport.park(LockSupport.java:175)
        at java.util.concurrent.locks.AbstractQueuedSynchronizer$ConditionObject.await(AbstractQueuedSynchronizer.java:2039)
        at java.util.concurrent.ArrayBlockingQueue.take(ArrayBlockingQueue.java:403)
        at java.util.concurrent.ThreadPoolExecutor.getTask(ThreadPoolExecutor.java:1074)
        at java.util.concurrent.ThreadPoolExecutor.runWorker(ThreadPoolExecutor.java:1134)
        at java.util.concurrent.ThreadPoolExecutor$Worker.run(ThreadPoolExecutor.java:624)
        at java.lang.Thread.run(Thread.java:748)
"metrics-hadoop-metrics2-reporter-53-thread-1" daemon prio=5 tid=1804 timed_waiting
java.lang.Thread.State: TIMED_WAITING
        at sun.misc.Unsafe.park(Native Method)
        at java.util.concurrent.locks.LockSupport.parkNanos(LockSupport.java:215)
        at java.util.concurrent.locks.AbstractQueuedSynchronizer$ConditionObject.awaitNanos(AbstractQueuedSynchronizer.java:2078)
        at java.util.concurrent.ScheduledThreadPoolExecutor$DelayedWorkQueue.take(ScheduledThreadPoolExecutor.java:1093)
        at java.util.concurrent.ScheduledThreadPoolExecutor$DelayedWorkQueue.take(ScheduledThreadPoolExecutor.java:809)
        at java.util.concurrent.ThreadPoolExecutor.getTask(ThreadPoolExecutor.java:1074)
        at java.util.concurrent.ThreadPoolExecutor.runWorker(ThreadPoolExecutor.java:1134)
        at java.util.concurrent.ThreadPoolExecutor$Worker.run(ThreadPoolExecutor.java:624)
        at java.lang.Thread.run(Thread.java:748)
"IPC Server handler 18 on 40029" daemon prio=5 tid=87 timed_waiting
java.lang.Thread.State: TIMED_WAITING
        at sun.misc.Unsafe.park(Native Method)
        at java.util.concurrent.locks.LockSupport.parkNanos(LockSupport.java:215)
        at java.util.concurrent.locks.AbstractQueuedSynchronizer$ConditionObject.awaitNanos(AbstractQueuedSynchronizer.java:2078)
        at java.util.concurrent.LinkedBlockingQueue.poll(LinkedBlockingQueue.java:467)
        at org.apache.hadoop.ipc.CallQueueManager.take(CallQueueManager.java:288)
        at org.apache.hadoop.ipc.Server$Handler.run(Server.java:2668)
"pool-66-thread-60"  prio=5 tid=622 in Object.wait()
java.lang.Thread.State: WAITING (on object monitor)
        at sun.misc.Unsafe.park(Native Method)
        at java.util.concurrent.locks.LockSupport.park(LockSupport.java:175)
        at java.util.concurrent.locks.AbstractQueuedSynchronizer$ConditionObject.await(AbstractQueuedSynchronizer.java:2039)
        at java.util.concurrent.ArrayBlockingQueue.take(ArrayBlockingQueue.java:403)
        at java.util.concurrent.ThreadPoolExecutor.getTask(ThreadPoolExecutor.java:1074)
        at java.util.concurrent.ThreadPoolExecutor.runWorker(ThreadPoolExecutor.java:1134)
        at java.util.concurrent.ThreadPoolExecutor$Worker.run(ThreadPoolExecutor.java:624)
        at java.lang.Thread.run(Thread.java:748)
"IPC Server handler 19 on 37215" daemon prio=5 tid=68 timed_waiting
java.lang.Thread.State: TIMED_WAITING
        at sun.misc.Unsafe.park(Native Method)
        at java.util.concurrent.locks.LockSupport.parkNanos(LockSupport.java:215)
        at java.util.concurrent.locks.AbstractQueuedSynchronizer$ConditionObject.awaitNanos(AbstractQueuedSynchronizer.java:2078)
        at java.util.concurrent.LinkedBlockingQueue.poll(LinkedBlockingQueue.java:467)
        at org.apache.hadoop.ipc.CallQueueManager.take(CallQueueManager.java:288)
        at org.apache.hadoop.ipc.Server$Handler.run(Server.java:2668)
"e081c0a5-acfc-4a29-8262-ee158adf5b11@group-7CC56FB5D3F9-StateMachineUpdater" daemon prio=5 tid=836 in Object.wait()
java.lang.Thread.State: WAITING (on object monitor)
        at java.lang.Object.wait(Native Method)
        at java.lang.Object.wait(Object.java:502)
        at org.apache.ratis.server.impl.StateMachineUpdater.waitForCommit(StateMachineUpdater.java:183)
        at org.apache.ratis.server.impl.StateMachineUpdater.run(StateMachineUpdater.java:148)
        at java.lang.Thread.run(Thread.java:748)
"pool-76-thread-52"  prio=5 tid=676 in Object.wait()
java.lang.Thread.State: WAITING (on object monitor)
        at sun.misc.Unsafe.park(Native Method)
        at java.util.concurrent.locks.LockSupport.park(LockSupport.java:175)
        at java.util.concurrent.locks.AbstractQueuedSynchronizer$ConditionObject.await(AbstractQueuedSynchronizer.java:2039)
        at java.util.concurrent.ArrayBlockingQueue.take(ArrayBlockingQueue.java:403)
        at java.util.concurrent.ThreadPoolExecutor.getTask(ThreadPoolExecutor.java:1074)
        at java.util.concurrent.ThreadPoolExecutor.runWorker(ThreadPoolExecutor.java:1134)
        at java.util.concurrent.ThreadPoolExecutor$Worker.run(ThreadPoolExecutor.java:624)
        at java.lang.Thread.run(Thread.java:748)
"IPC Server handler 9 on 44461" daemon prio=5 tid=124 timed_waiting
java.lang.Thread.State: TIMED_WAITING
        at sun.misc.Unsafe.park(Native Method)
        at java.util.concurrent.locks.LockSupport.parkNanos(LockSupport.java:215)
        at java.util.concurrent.locks.AbstractQueuedSynchronizer$ConditionObject.awaitNanos(AbstractQueuedSynchronizer.java:2078)
        at java.util.concurrent.LinkedBlockingQueue.poll(LinkedBlockingQueue.java:467)
        at org.apache.hadoop.ipc.CallQueueManager.take(CallQueueManager.java:288)
        at org.apache.hadoop.ipc.Server$Handler.run(Server.java:2668)
"19e67e26-3d21-4d01-be9f-29113a4a814c@group-7CC56FB5D3F9-SegmentedRaftLogWorker"  prio=5 tid=832 timed_waiting
java.lang.Thread.State: TIMED_WAITING
        at sun.misc.Unsafe.park(Native Method)
        at java.util.concurrent.locks.LockSupport.parkNanos(LockSupport.java:215)
        at java.util.concurrent.locks.AbstractQueuedSynchronizer$ConditionObject.awaitNanos(AbstractQueuedSynchronizer.java:2078)
        at org.apache.ratis.util.DataBlockingQueue.poll(DataBlockingQueue.java:137)
        at org.apache.ratis.server.raftlog.segmented.SegmentedRaftLogWorker.run(SegmentedRaftLogWorker.java:283)
        at java.lang.Thread.run(Thread.java:748)
"pool-76-thread-54"  prio=5 tid=678 in Object.wait()
java.lang.Thread.State: WAITING (on object monitor)
        at sun.misc.Unsafe.park(Native Method)
        at java.util.concurrent.locks.LockSupport.park(LockSupport.java:175)
        at java.util.concurrent.locks.AbstractQueuedSynchronizer$ConditionObject.await(AbstractQueuedSynchronizer.java:2039)
        at java.util.concurrent.ArrayBlockingQueue.take(ArrayBlockingQueue.java:403)
        at java.util.concurrent.ThreadPoolExecutor.getTask(ThreadPoolExecutor.java:1074)
        at java.util.concurrent.ThreadPoolExecutor.runWorker(ThreadPoolExecutor.java:1134)
        at java.util.concurrent.ThreadPoolExecutor$Worker.run(ThreadPoolExecutor.java:624)
        at java.lang.Thread.run(Thread.java:748)
"grpc-default-worker-ELG-3-3" daemon prio=5 tid=701 runnable
java.lang.Thread.State: RUNNABLE
        at sun.nio.ch.EPollArrayWrapper.epollWait(Native Method)
        at sun.nio.ch.EPollArrayWrapper.poll(EPollArrayWrapper.java:269)
        at sun.nio.ch.EPollSelectorImpl.doSelect(EPollSelectorImpl.java:93)
        at sun.nio.ch.SelectorImpl.lockAndDoSelect(SelectorImpl.java:86)
        at sun.nio.ch.SelectorImpl.select(SelectorImpl.java:97)
        at org.apache.ratis.thirdparty.io.netty.channel.nio.SelectedSelectionKeySetSelector.select(SelectedSelectionKeySetSelector.java:62)
        at org.apache.ratis.thirdparty.io.netty.channel.nio.NioEventLoop.select(NioEventLoop.java:753)
        at org.apache.ratis.thirdparty.io.netty.channel.nio.NioEventLoop.run(NioEventLoop.java:408)
        at org.apache.ratis.thirdparty.io.netty.util.concurrent.SingleThreadEventExecutor$5.run(SingleThreadEventExecutor.java:897)
        at org.apache.ratis.thirdparty.io.netty.util.concurrent.FastThreadLocalRunnable.run(FastThreadLocalRunnable.java:30)
        at java.lang.Thread.run(Thread.java:748)
"pool-26-thread-38"  prio=5 tid=351 in Object.wait()
java.lang.Thread.State: WAITING (on object monitor)
        at sun.misc.Unsafe.park(Native Method)
        at java.util.concurrent.locks.LockSupport.park(LockSupport.java:175)
        at java.util.concurrent.locks.AbstractQueuedSynchronizer$ConditionObject.await(AbstractQueuedSynchronizer.java:2039)
        at java.util.concurrent.ArrayBlockingQueue.take(ArrayBlockingQueue.java:403)
        at java.util.concurrent.ThreadPoolExecutor.getTask(ThreadPoolExecutor.java:1074)
        at java.util.concurrent.ThreadPoolExecutor.runWorker(ThreadPoolExecutor.java:1134)
        at java.util.concurrent.ThreadPoolExecutor$Worker.run(ThreadPoolExecutor.java:624)
        at java.lang.Thread.run(Thread.java:748)
"org.eclipse.jetty.server.session.HashSessionManager@588f63cTimer" daemon prio=5 tid=221 timed_waiting
java.lang.Thread.State: TIMED_WAITING
        at sun.misc.Unsafe.park(Native Method)
        at java.util.concurrent.locks.LockSupport.parkNanos(LockSupport.java:215)
        at java.util.concurrent.locks.AbstractQueuedSynchronizer$ConditionObject.awaitNanos(AbstractQueuedSynchronizer.java:2078)
        at java.util.concurrent.ScheduledThreadPoolExecutor$DelayedWorkQueue.take(ScheduledThreadPoolExecutor.java:1093)
        at java.util.concurrent.ScheduledThreadPoolExecutor$DelayedWorkQueue.take(ScheduledThreadPoolExecutor.java:809)
        at java.util.concurrent.ThreadPoolExecutor.getTask(ThreadPoolExecutor.java:1074)
        at java.util.concurrent.ThreadPoolExecutor.runWorker(ThreadPoolExecutor.java:1134)
        at java.util.concurrent.ThreadPoolExecutor$Worker.run(ThreadPoolExecutor.java:624)
        at java.lang.Thread.run(Thread.java:748)
"pool-26-thread-42"  prio=5 tid=355 in Object.wait()
java.lang.Thread.State: WAITING (on object monitor)
        at sun.misc.Unsafe.park(Native Method)
        at java.util.concurrent.locks.LockSupport.park(LockSupport.java:175)
        at java.util.concurrent.locks.AbstractQueuedSynchronizer$ConditionObject.await(AbstractQueuedSynchronizer.java:2039)
        at java.util.concurrent.ArrayBlockingQueue.take(ArrayBlockingQueue.java:403)
        at java.util.concurrent.ThreadPoolExecutor.getTask(ThreadPoolExecutor.java:1074)
        at java.util.concurrent.ThreadPoolExecutor.runWorker(ThreadPoolExecutor.java:1134)
        at java.util.concurrent.ThreadPoolExecutor$Worker.run(ThreadPoolExecutor.java:624)
        at java.lang.Thread.run(Thread.java:748)
"pool-66-thread-35"  prio=5 tid=597 in Object.wait()
java.lang.Thread.State: WAITING (on object monitor)
        at sun.misc.Unsafe.park(Native Method)
        at java.util.concurrent.locks.LockSupport.park(LockSupport.java:175)
        at java.util.concurrent.locks.AbstractQueuedSynchronizer$ConditionObject.await(AbstractQueuedSynchronizer.java:2039)
        at java.util.concurrent.ArrayBlockingQueue.take(ArrayBlockingQueue.java:403)
        at java.util.concurrent.ThreadPoolExecutor.getTask(ThreadPoolExecutor.java:1074)
        at java.util.concurrent.ThreadPoolExecutor.runWorker(ThreadPoolExecutor.java:1134)
        at java.util.concurrent.ThreadPoolExecutor$Worker.run(ThreadPoolExecutor.java:624)
        at java.lang.Thread.run(Thread.java:748)
"b7064b77-9271-4e94-8225-85d895886efb@group-47DBAAEC82C8-StateMachineUpdater" daemon prio=5 tid=758 in Object.wait()
java.lang.Thread.State: WAITING (on object monitor)
        at java.lang.Object.wait(Native Method)
        at java.lang.Object.wait(Object.java:502)
        at org.apache.ratis.server.impl.StateMachineUpdater.waitForCommit(StateMachineUpdater.java:183)
        at org.apache.ratis.server.impl.StateMachineUpdater.run(StateMachineUpdater.java:148)
        at java.lang.Thread.run(Thread.java:748)
"IPC Server handler 18 on 45005" daemon prio=5 tid=47 timed_waiting
java.lang.Thread.State: TIMED_WAITING
        at sun.misc.Unsafe.park(Native Method)
        at java.util.concurrent.locks.LockSupport.parkNanos(LockSupport.java:215)
        at java.util.concurrent.locks.AbstractQueuedSynchronizer$ConditionObject.awaitNanos(AbstractQueuedSynchronizer.java:2078)
        at java.util.concurrent.LinkedBlockingQueue.poll(LinkedBlockingQueue.java:467)
        at org.apache.hadoop.ipc.CallQueueManager.take(CallQueueManager.java:288)
        at org.apache.hadoop.ipc.Server$Handler.run(Server.java:2668)
"pool-66-thread-57"  prio=5 tid=619 in Object.wait()
java.lang.Thread.State: WAITING (on object monitor)
        at sun.misc.Unsafe.park(Native Method)
        at java.util.concurrent.locks.LockSupport.park(LockSupport.java:175)
        at java.util.concurrent.locks.AbstractQueuedSynchronizer$ConditionObject.await(AbstractQueuedSynchronizer.java:2039)
        at java.util.concurrent.ArrayBlockingQueue.take(ArrayBlockingQueue.java:403)
        at java.util.concurrent.ThreadPoolExecutor.getTask(ThreadPoolExecutor.java:1074)
        at java.util.concurrent.ThreadPoolExecutor.runWorker(ThreadPoolExecutor.java:1134)
        at java.util.concurrent.ThreadPoolExecutor$Worker.run(ThreadPoolExecutor.java:624)
        at java.lang.Thread.run(Thread.java:748)
"Socket Reader #1 for port 37215"  prio=5 tid=19 runnable
java.lang.Thread.State: RUNNABLE
        at sun.nio.ch.EPollArrayWrapper.epollWait(Native Method)
        at sun.nio.ch.EPollArrayWrapper.poll(EPollArrayWrapper.java:269)
        at sun.nio.ch.EPollSelectorImpl.doSelect(EPollSelectorImpl.java:93)
        at sun.nio.ch.SelectorImpl.lockAndDoSelect(SelectorImpl.java:86)
        at sun.nio.ch.SelectorImpl.select(SelectorImpl.java:97)
        at sun.nio.ch.SelectorImpl.select(SelectorImpl.java:101)
        at org.apache.hadoop.ipc.Server$Listener$Reader.doRunLoop(Server.java:1097)
        at org.apache.hadoop.ipc.Server$Listener$Reader.run(Server.java:1076)
"Thread-1199" daemon prio=5 tid=1785 timed_waiting
java.lang.Thread.State: TIMED_WAITING
        at sun.misc.Unsafe.park(Native Method)
        at java.util.concurrent.locks.LockSupport.parkNanos(LockSupport.java:215)
        at java.util.concurrent.locks.AbstractQueuedSynchronizer$ConditionObject.awaitNanos(AbstractQueuedSynchronizer.java:2078)
        at java.util.concurrent.ArrayBlockingQueue.poll(ArrayBlockingQueue.java:418)
        at org.apache.ratis.server.impl.LeaderState$EventQueue.poll(LeaderState.java:115)
        at org.apache.ratis.server.impl.LeaderState$EventProcessor.run(LeaderState.java:457)
"IPC Server handler 16 on 44461" daemon prio=5 tid=131 timed_waiting
java.lang.Thread.State: TIMED_WAITING
        at sun.misc.Unsafe.park(Native Method)
        at java.util.concurrent.locks.LockSupport.parkNanos(LockSupport.java:215)
        at java.util.concurrent.locks.AbstractQueuedSynchronizer$ConditionObject.awaitNanos(AbstractQueuedSynchronizer.java:2078)
        at java.util.concurrent.LinkedBlockingQueue.poll(LinkedBlockingQueue.java:467)
        at org.apache.hadoop.ipc.CallQueueManager.take(CallQueueManager.java:288)
        at org.apache.hadoop.ipc.Server$Handler.run(Server.java:2668)
"qtp1680841335-247" daemon prio=5 tid=247 timed_waiting
java.lang.Thread.State: TIMED_WAITING
        at sun.misc.Unsafe.park(Native Method)
        at java.util.concurrent.locks.LockSupport.parkNanos(LockSupport.java:215)
        at java.util.concurrent.locks.AbstractQueuedSynchronizer$ConditionObject.awaitNanos(AbstractQueuedSynchronizer.java:2078)
        at org.eclipse.jetty.util.BlockingArrayQueue.poll(BlockingArrayQueue.java:392)
        at org.eclipse.jetty.util.thread.QueuedThreadPool.idleJobPoll(QueuedThreadPool.java:563)
        at org.eclipse.jetty.util.thread.QueuedThreadPool.access$800(QueuedThreadPool.java:48)
        at org.eclipse.jetty.util.thread.QueuedThreadPool$2.run(QueuedThreadPool.java:626)
        at java.lang.Thread.run(Thread.java:748)
"metrics-hadoop-metrics2-reporter-35-thread-1" daemon prio=5 tid=863 timed_waiting
java.lang.Thread.State: TIMED_WAITING
        at sun.misc.Unsafe.park(Native Method)
        at java.util.concurrent.locks.LockSupport.parkNanos(LockSupport.java:215)
        at java.util.concurrent.locks.AbstractQueuedSynchronizer$ConditionObject.awaitNanos(AbstractQueuedSynchronizer.java:2078)
        at java.util.concurrent.ScheduledThreadPoolExecutor$DelayedWorkQueue.take(ScheduledThreadPoolExecutor.java:1093)
        at java.util.concurrent.ScheduledThreadPoolExecutor$DelayedWorkQueue.take(ScheduledThreadPoolExecutor.java:809)
        at java.util.concurrent.ThreadPoolExecutor.getTask(ThreadPoolExecutor.java:1074)
        at java.util.concurrent.ThreadPoolExecutor.runWorker(ThreadPoolExecutor.java:1134)
        at java.util.concurrent.ThreadPoolExecutor$Worker.run(ThreadPoolExecutor.java:624)
        at java.lang.Thread.run(Thread.java:748)
"pool-76-thread-16"  prio=5 tid=640 in Object.wait()
java.lang.Thread.State: WAITING (on object monitor)
        at sun.misc.Unsafe.park(Native Method)
        at java.util.concurrent.locks.LockSupport.park(LockSupport.java:175)
        at java.util.concurrent.locks.AbstractQueuedSynchronizer$ConditionObject.await(AbstractQueuedSynchronizer.java:2039)
        at java.util.concurrent.ArrayBlockingQueue.take(ArrayBlockingQueue.java:403)
        at java.util.concurrent.ThreadPoolExecutor.getTask(ThreadPoolExecutor.java:1074)
        at java.util.concurrent.ThreadPoolExecutor.runWorker(ThreadPoolExecutor.java:1134)
        at java.util.concurrent.ThreadPoolExecutor$Worker.run(ThreadPoolExecutor.java:624)
        at java.lang.Thread.run(Thread.java:748)
"BlockDeletingService#1" daemon prio=5 tid=559 timed_waiting
java.lang.Thread.State: TIMED_WAITING
        at sun.misc.Unsafe.park(Native Method)
        at java.util.concurrent.locks.LockSupport.parkNanos(LockSupport.java:215)
        at java.util.concurrent.locks.AbstractQueuedSynchronizer$ConditionObject.awaitNanos(AbstractQueuedSynchronizer.java:2078)
        at java.util.concurrent.ScheduledThreadPoolExecutor$DelayedWorkQueue.take(ScheduledThreadPoolExecutor.java:1093)
        at java.util.concurrent.ScheduledThreadPoolExecutor$DelayedWorkQueue.take(ScheduledThreadPoolExecutor.java:809)
        at java.util.concurrent.ThreadPoolExecutor.getTask(ThreadPoolExecutor.java:1074)
        at java.util.concurrent.ThreadPoolExecutor.runWorker(ThreadPoolExecutor.java:1134)
        at java.util.concurrent.ThreadPoolExecutor$Worker.run(ThreadPoolExecutor.java:624)
        at java.lang.Thread.run(Thread.java:748)
"pool-36-thread-9"  prio=5 tid=382 in Object.wait()
java.lang.Thread.State: WAITING (on object monitor)
        at sun.misc.Unsafe.park(Native Method)
        at java.util.concurrent.locks.LockSupport.park(LockSupport.java:175)
        at java.util.concurrent.locks.AbstractQueuedSynchronizer$ConditionObject.await(AbstractQueuedSynchronizer.java:2039)
        at java.util.concurrent.ArrayBlockingQueue.take(ArrayBlockingQueue.java:403)
        at java.util.concurrent.ThreadPoolExecutor.getTask(ThreadPoolExecutor.java:1074)
        at java.util.concurrent.ThreadPoolExecutor.runWorker(ThreadPoolExecutor.java:1134)
        at java.util.concurrent.ThreadPoolExecutor$Worker.run(ThreadPoolExecutor.java:624)
        at java.lang.Thread.run(Thread.java:748)
"Thread-1167" daemon prio=5 tid=1753 timed_waiting
java.lang.Thread.State: TIMED_WAITING
        at java.lang.Thread.sleep(Native Method)
        at org.apache.ratis.util.JavaUtils.sleep(JavaUtils.java:247)
        at org.apache.ratis.server.impl.FollowerState.run(FollowerState.java:96)
"EventQueue-ContainerReportForContainerReportHandler" daemon prio=5 tid=689 in Object.wait()
java.lang.Thread.State: WAITING (on object monitor)
        at sun.misc.Unsafe.park(Native Method)
        at java.util.concurrent.locks.LockSupport.park(LockSupport.java:175)
        at java.util.concurrent.locks.AbstractQueuedSynchronizer$ConditionObject.await(AbstractQueuedSynchronizer.java:2039)
        at java.util.concurrent.LinkedBlockingQueue.take(LinkedBlockingQueue.java:442)
        at java.util.concurrent.ThreadPoolExecutor.getTask(ThreadPoolExecutor.java:1074)
        at java.util.concurrent.ThreadPoolExecutor.runWorker(ThreadPoolExecutor.java:1134)
        at java.util.concurrent.ThreadPoolExecutor$Worker.run(ThreadPoolExecutor.java:624)
        at java.lang.Thread.run(Thread.java:748)
"8c24ed06-386e-4085-8931-93c762a64530@group-B9DEF2EDD277-SegmentedRaftLogWorker"  prio=5 tid=815 timed_waiting
java.lang.Thread.State: TIMED_WAITING
        at sun.misc.Unsafe.park(Native Method)
        at java.util.concurrent.locks.LockSupport.parkNanos(LockSupport.java:215)
        at java.util.concurrent.locks.AbstractQueuedSynchronizer$ConditionObject.awaitNanos(AbstractQueuedSynchronizer.java:2078)
        at org.apache.ratis.util.DataBlockingQueue.poll(DataBlockingQueue.java:137)
        at org.apache.ratis.server.raftlog.segmented.SegmentedRaftLogWorker.run(SegmentedRaftLogWorker.java:283)
        at java.lang.Thread.run(Thread.java:748)
"Datanode ReportManager Thread - 2" daemon prio=5 tid=308 timed_waiting
java.lang.Thread.State: TIMED_WAITING
        at sun.misc.Unsafe.park(Native Method)
        at java.util.concurrent.locks.LockSupport.parkNanos(LockSupport.java:215)
        at java.util.concurrent.locks.AbstractQueuedSynchronizer$ConditionObject.awaitNanos(AbstractQueuedSynchronizer.java:2078)
        at java.util.concurrent.ScheduledThreadPoolExecutor$DelayedWorkQueue.take(ScheduledThreadPoolExecutor.java:1093)
        at java.util.concurrent.ScheduledThreadPoolExecutor$DelayedWorkQueue.take(ScheduledThreadPoolExecutor.java:809)
        at java.util.concurrent.ThreadPoolExecutor.getTask(ThreadPoolExecutor.java:1074)
        at java.util.concurrent.ThreadPoolExecutor.runWorker(ThreadPoolExecutor.java:1134)
        at java.util.concurrent.ThreadPoolExecutor$Worker.run(ThreadPoolExecutor.java:624)
        at java.lang.Thread.run(Thread.java:748)
"pool-36-thread-12"  prio=5 tid=385 in Object.wait()
java.lang.Thread.State: WAITING (on object monitor)
        at sun.misc.Unsafe.park(Native Method)
        at java.util.concurrent.locks.LockSupport.park(LockSupport.java:175)
        at java.util.concurrent.locks.AbstractQueuedSynchronizer$ConditionObject.await(AbstractQueuedSynchronizer.java:2039)
        at java.util.concurrent.ArrayBlockingQueue.take(ArrayBlockingQueue.java:403)
        at java.util.concurrent.ThreadPoolExecutor.getTask(ThreadPoolExecutor.java:1074)
        at java.util.concurrent.ThreadPoolExecutor.runWorker(ThreadPoolExecutor.java:1134)
        at java.util.concurrent.ThreadPoolExecutor$Worker.run(ThreadPoolExecutor.java:624)
        at java.lang.Thread.run(Thread.java:748)
"IPC Server handler 11 on 40029" daemon prio=5 tid=80 timed_waiting
java.lang.Thread.State: TIMED_WAITING
        at sun.misc.Unsafe.park(Native Method)
        at java.util.concurrent.locks.LockSupport.parkNanos(LockSupport.java:215)
        at java.util.concurrent.locks.AbstractQueuedSynchronizer$ConditionObject.awaitNanos(AbstractQueuedSynchronizer.java:2078)
        at java.util.concurrent.LinkedBlockingQueue.poll(LinkedBlockingQueue.java:467)
        at org.apache.hadoop.ipc.CallQueueManager.take(CallQueueManager.java:288)
        at org.apache.hadoop.ipc.Server$Handler.run(Server.java:2668)
"IPC Server listener on 37215" daemon prio=5 tid=18 runnable
java.lang.Thread.State: RUNNABLE
        at sun.nio.ch.EPollArrayWrapper.epollWait(Native Method)
        at sun.nio.ch.EPollArrayWrapper.poll(EPollArrayWrapper.java:269)
        at sun.nio.ch.EPollSelectorImpl.doSelect(EPollSelectorImpl.java:93)
        at sun.nio.ch.SelectorImpl.lockAndDoSelect(SelectorImpl.java:86)
        at sun.nio.ch.SelectorImpl.select(SelectorImpl.java:97)
        at sun.nio.ch.SelectorImpl.select(SelectorImpl.java:101)
        at org.apache.hadoop.ipc.Server$Listener.run(Server.java:1159)
"pool-34-thread-1" daemon prio=5 tid=182 timed_waiting
java.lang.Thread.State: TIMED_WAITING
        at sun.misc.Unsafe.park(Native Method)
        at java.util.concurrent.locks.LockSupport.parkNanos(LockSupport.java:215)
        at java.util.concurrent.locks.AbstractQueuedSynchronizer$ConditionObject.awaitNanos(AbstractQueuedSynchronizer.java:2078)
        at java.util.concurrent.ScheduledThreadPoolExecutor$DelayedWorkQueue.take(ScheduledThreadPoolExecutor.java:1093)
        at java.util.concurrent.ScheduledThreadPoolExecutor$DelayedWorkQueue.take(ScheduledThreadPoolExecutor.java:809)
        at java.util.concurrent.ThreadPoolExecutor.getTask(ThreadPoolExecutor.java:1074)
        at java.util.concurrent.ThreadPoolExecutor.runWorker(ThreadPoolExecutor.java:1134)
        at java.util.concurrent.ThreadPoolExecutor$Worker.run(ThreadPoolExecutor.java:624)
        at java.lang.Thread.run(Thread.java:748)
"qtp1235908203-136" daemon prio=5 tid=136 runnable
java.lang.Thread.State: RUNNABLE
        at sun.nio.ch.EPollArrayWrapper.epollWait(Native Method)
        at sun.nio.ch.EPollArrayWrapper.poll(EPollArrayWrapper.java:269)
        at sun.nio.ch.EPollSelectorImpl.doSelect(EPollSelectorImpl.java:93)
        at sun.nio.ch.SelectorImpl.lockAndDoSelect(SelectorImpl.java:86)
        at sun.nio.ch.SelectorImpl.select(SelectorImpl.java:97)
        at sun.nio.ch.SelectorImpl.select(SelectorImpl.java:101)
        at org.eclipse.jetty.io.ManagedSelector$SelectorProducer.select(ManagedSelector.java:243)
        at org.eclipse.jetty.io.ManagedSelector$SelectorProducer.produce(ManagedSelector.java:191)
        at org.eclipse.jetty.util.thread.strategy.ExecuteProduceConsume.executeProduceConsume(ExecuteProduceConsume.java:249)
        at org.eclipse.jetty.util.thread.strategy.ExecuteProduceConsume.produceConsume(ExecuteProduceConsume.java:148)
        at org.eclipse.jetty.util.thread.strategy.ExecuteProduceConsume.execute(ExecuteProduceConsume.java:100)
        at org.eclipse.jetty.io.ManagedSelector.run(ManagedSelector.java:147)
        at org.eclipse.jetty.util.thread.QueuedThreadPool.runJob(QueuedThreadPool.java:671)
        at org.eclipse.jetty.util.thread.QueuedThreadPool$2.run(QueuedThreadPool.java:589)
        at java.lang.Thread.run(Thread.java:748)
"Thread-339" daemon prio=5 tid=906 timed_waiting
java.lang.Thread.State: TIMED_WAITING
        at sun.misc.Unsafe.park(Native Method)
        at java.util.concurrent.locks.LockSupport.parkNanos(LockSupport.java:215)
        at java.util.concurrent.locks.AbstractQueuedSynchronizer$ConditionObject.awaitNanos(AbstractQueuedSynchronizer.java:2078)
        at java.util.concurrent.ArrayBlockingQueue.poll(ArrayBlockingQueue.java:418)
        at org.apache.ratis.server.impl.LeaderState$EventQueue.poll(LeaderState.java:115)
        at org.apache.ratis.server.impl.LeaderState$EventProcessor.run(LeaderState.java:457)
"pool-56-thread-56"  prio=5 tid=550 in Object.wait()
java.lang.Thread.State: WAITING (on object monitor)
        at sun.misc.Unsafe.park(Native Method)
        at java.util.concurrent.locks.LockSupport.park(LockSupport.java:175)
        at java.util.concurrent.locks.AbstractQueuedSynchronizer$ConditionObject.await(AbstractQueuedSynchronizer.java:2039)
        at java.util.concurrent.ArrayBlockingQueue.take(ArrayBlockingQueue.java:403)
        at java.util.concurrent.ThreadPoolExecutor.getTask(ThreadPoolExecutor.java:1074)
        at java.util.concurrent.ThreadPoolExecutor.runWorker(ThreadPoolExecutor.java:1134)
        at java.util.concurrent.ThreadPoolExecutor$Worker.run(ThreadPoolExecutor.java:624)
        at java.lang.Thread.run(Thread.java:748)
"BlockDeletingService#1" daemon prio=5 tid=562 timed_waiting
java.lang.Thread.State: TIMED_WAITING
        at sun.misc.Unsafe.park(Native Method)
        at java.util.concurrent.locks.LockSupport.parkNanos(LockSupport.java:215)
        at java.util.concurrent.locks.AbstractQueuedSynchronizer$ConditionObject.awaitNanos(AbstractQueuedSynchronizer.java:2078)
        at java.util.concurrent.ScheduledThreadPoolExecutor$DelayedWorkQueue.take(ScheduledThreadPoolExecutor.java:1093)
        at java.util.concurrent.ScheduledThreadPoolExecutor$DelayedWorkQueue.take(ScheduledThreadPoolExecutor.java:809)
        at java.util.concurrent.ThreadPoolExecutor.getTask(ThreadPoolExecutor.java:1074)
        at java.util.concurrent.ThreadPoolExecutor.runWorker(ThreadPoolExecutor.java:1134)
        at java.util.concurrent.ThreadPoolExecutor$Worker.run(ThreadPoolExecutor.java:624)
        at java.lang.Thread.run(Thread.java:748)
"qtp1235908203-140" daemon prio=5 tid=140 timed_waiting
java.lang.Thread.State: TIMED_WAITING
        at sun.misc.Unsafe.park(Native Method)
        at java.util.concurrent.locks.LockSupport.parkNanos(LockSupport.java:215)
        at java.util.concurrent.locks.AbstractQueuedSynchronizer$ConditionObject.awaitNanos(AbstractQueuedSynchronizer.java:2078)
        at org.eclipse.jetty.util.BlockingArrayQueue.poll(BlockingArrayQueue.java:392)
        at org.eclipse.jetty.util.thread.QueuedThreadPool.idleJobPoll(QueuedThreadPool.java:563)
        at org.eclipse.jetty.util.thread.QueuedThreadPool.access$800(QueuedThreadPool.java:48)
        at org.eclipse.jetty.util.thread.QueuedThreadPool$2.run(QueuedThreadPool.java:626)
        at java.lang.Thread.run(Thread.java:748)
"pool-66-thread-11"  prio=5 tid=573 in Object.wait()
java.lang.Thread.State: WAITING (on object monitor)
        at sun.misc.Unsafe.park(Native Method)
        at java.util.concurrent.locks.LockSupport.park(LockSupport.java:175)
        at java.util.concurrent.locks.AbstractQueuedSynchronizer$ConditionObject.await(AbstractQueuedSynchronizer.java:2039)
        at java.util.concurrent.ArrayBlockingQueue.take(ArrayBlockingQueue.java:403)
        at java.util.concurrent.ThreadPoolExecutor.getTask(ThreadPoolExecutor.java:1074)
        at java.util.concurrent.ThreadPoolExecutor.runWorker(ThreadPoolExecutor.java:1134)
        at java.util.concurrent.ThreadPoolExecutor$Worker.run(ThreadPoolExecutor.java:624)
        at java.lang.Thread.run(Thread.java:748)
"org.apache.hadoop.util.JvmPauseMonitor$Monitor@5d2b3fab" daemon prio=5 tid=257 timed_waiting
java.lang.Thread.State: TIMED_WAITING
        at java.lang.Thread.sleep(Native Method)
        at org.apache.hadoop.util.JvmPauseMonitor$Monitor.run(JvmPauseMonitor.java:192)
        at java.lang.Thread.run(Thread.java:748)
"metrics-hadoop-metrics2-reporter-44-thread-1" daemon prio=5 tid=907 timed_waiting
java.lang.Thread.State: TIMED_WAITING
        at sun.misc.Unsafe.park(Native Method)
        at java.util.concurrent.locks.LockSupport.parkNanos(LockSupport.java:215)
        at java.util.concurrent.locks.AbstractQueuedSynchronizer$ConditionObject.awaitNanos(AbstractQueuedSynchronizer.java:2078)
        at java.util.concurrent.ScheduledThreadPoolExecutor$DelayedWorkQueue.take(ScheduledThreadPoolExecutor.java:1093)
        at java.util.concurrent.ScheduledThreadPoolExecutor$DelayedWorkQueue.take(ScheduledThreadPoolExecutor.java:809)
        at java.util.concurrent.ThreadPoolExecutor.getTask(ThreadPoolExecutor.java:1074)
        at java.util.concurrent.ThreadPoolExecutor.runWorker(ThreadPoolExecutor.java:1134)
        at java.util.concurrent.ThreadPoolExecutor$Worker.run(ThreadPoolExecutor.java:624)
        at java.lang.Thread.run(Thread.java:748)
"pool-76-thread-10"  prio=5 tid=634 in Object.wait()
java.lang.Thread.State: WAITING (on object monitor)
        at sun.misc.Unsafe.park(Native Method)
        at java.util.concurrent.locks.LockSupport.park(LockSupport.java:175)
        at java.util.concurrent.locks.AbstractQueuedSynchronizer$ConditionObject.await(AbstractQueuedSynchronizer.java:2039)
        at java.util.concurrent.ArrayBlockingQueue.take(ArrayBlockingQueue.java:403)
        at java.util.concurrent.ThreadPoolExecutor.getTask(ThreadPoolExecutor.java:1074)
        at java.util.concurrent.ThreadPoolExecutor.runWorker(ThreadPoolExecutor.java:1134)
        at java.util.concurrent.ThreadPoolExecutor$Worker.run(ThreadPoolExecutor.java:624)
        at java.lang.Thread.run(Thread.java:748)
"pool-46-thread-11"  prio=5 tid=444 in Object.wait()
java.lang.Thread.State: WAITING (on object monitor)
        at sun.misc.Unsafe.park(Native Method)
        at java.util.concurrent.locks.LockSupport.park(LockSupport.java:175)
        at java.util.concurrent.locks.AbstractQueuedSynchronizer$ConditionObject.await(AbstractQueuedSynchronizer.java:2039)
        at java.util.concurrent.ArrayBlockingQueue.take(ArrayBlockingQueue.java:403)
        at java.util.concurrent.ThreadPoolExecutor.getTask(ThreadPoolExecutor.java:1074)
        at java.util.concurrent.ThreadPoolExecutor.runWorker(ThreadPoolExecutor.java:1134)
        at java.util.concurrent.ThreadPoolExecutor$Worker.run(ThreadPoolExecutor.java:624)
        at java.lang.Thread.run(Thread.java:748)
"pool-46-thread-7"  prio=5 tid=440 in Object.wait()
java.lang.Thread.State: WAITING (on object monitor)
        at sun.misc.Unsafe.park(Native Method)
        at java.util.concurrent.locks.LockSupport.park(LockSupport.java:175)
        at java.util.concurrent.locks.AbstractQueuedSynchronizer$ConditionObject.await(AbstractQueuedSynchronizer.java:2039)
        at java.util.concurrent.ArrayBlockingQueue.take(ArrayBlockingQueue.java:403)
        at java.util.concurrent.ThreadPoolExecutor.getTask(ThreadPoolExecutor.java:1074)
        at java.util.concurrent.ThreadPoolExecutor.runWorker(ThreadPoolExecutor.java:1134)
        at java.util.concurrent.ThreadPoolExecutor$Worker.run(ThreadPoolExecutor.java:624)
        at java.lang.Thread.run(Thread.java:748)
"org.apache.ratis.server.impl.LogAppender$AppenderDaemon$$Lambda$418/858148741@581230e8" daemon prio=5 tid=1808 timed_waiting
java.lang.Thread.State: TIMED_WAITING
        at java.lang.Object.wait(Native Method)
        at org.apache.ratis.grpc.server.GrpcLogAppender.mayWait(GrpcLogAppender.java:141)
        at org.apache.ratis.grpc.server.GrpcLogAppender.runAppenderImpl(GrpcLogAppender.java:95)
        at org.apache.ratis.server.impl.LogAppender$AppenderDaemon.run(LogAppender.java:76)
        at org.apache.ratis.server.impl.LogAppender$AppenderDaemon$$Lambda$418/858148741.run(Unknown Source)
        at java.lang.Thread.run(Thread.java:748)
"Thread-1236" daemon prio=5 tid=1829 timed_waiting
java.lang.Thread.State: TIMED_WAITING
        at java.lang.Thread.sleep(Native Method)
        at org.apache.ratis.util.JavaUtils.sleep(JavaUtils.java:247)
        at org.apache.ratis.server.impl.FollowerState.run(FollowerState.java:96)
"grpc-default-worker-ELG-3-2" daemon prio=5 tid=700 runnable
java.lang.Thread.State: RUNNABLE
        at sun.nio.ch.EPollArrayWrapper.epollWait(Native Method)
        at sun.nio.ch.EPollArrayWrapper.poll(EPollArrayWrapper.java:269)
        at sun.nio.ch.EPollSelectorImpl.doSelect(EPollSelectorImpl.java:93)
        at sun.nio.ch.SelectorImpl.lockAndDoSelect(SelectorImpl.java:86)
        at sun.nio.ch.SelectorImpl.select(SelectorImpl.java:97)
        at org.apache.ratis.thirdparty.io.netty.channel.nio.SelectedSelectionKeySetSelector.select(SelectedSelectionKeySetSelector.java:62)
        at org.apache.ratis.thirdparty.io.netty.channel.nio.NioEventLoop.select(NioEventLoop.java:753)
        at org.apache.ratis.thirdparty.io.netty.channel.nio.NioEventLoop.run(NioEventLoop.java:408)
        at org.apache.ratis.thirdparty.io.netty.util.concurrent.SingleThreadEventExecutor$5.run(SingleThreadEventExecutor.java:897)
        at org.apache.ratis.thirdparty.io.netty.util.concurrent.FastThreadLocalRunnable.run(FastThreadLocalRunnable.java:30)
        at java.lang.Thread.run(Thread.java:748)
"pool-46-thread-22"  prio=5 tid=455 in Object.wait()
java.lang.Thread.State: WAITING (on object monitor)
        at sun.misc.Unsafe.park(Native Method)
        at java.util.concurrent.locks.LockSupport.park(LockSupport.java:175)
        at java.util.concurrent.locks.AbstractQueuedSynchronizer$ConditionObject.await(AbstractQueuedSynchronizer.java:2039)
        at java.util.concurrent.ArrayBlockingQueue.take(ArrayBlockingQueue.java:403)
        at java.util.concurrent.ThreadPoolExecutor.getTask(ThreadPoolExecutor.java:1074)
        at java.util.concurrent.ThreadPoolExecutor.runWorker(ThreadPoolExecutor.java:1134)
        at java.util.concurrent.ThreadPoolExecutor$Worker.run(ThreadPoolExecutor.java:624)
        at java.lang.Thread.run(Thread.java:748)
"java.util.concurrent.ThreadPoolExecutor$Worker@7cfcadfd[State = -1, empty queue]" daemon prio=5 tid=1844 timed_waiting
java.lang.Thread.State: TIMED_WAITING
        at sun.misc.Unsafe.park(Native Method)
        at java.util.concurrent.locks.LockSupport.parkNanos(LockSupport.java:215)
        at java.util.concurrent.locks.AbstractQueuedSynchronizer$ConditionObject.awaitNanos(AbstractQueuedSynchronizer.java:2078)
        at java.util.concurrent.ScheduledThreadPoolExecutor$DelayedWorkQueue.take(ScheduledThreadPoolExecutor.java:1093)
        at java.util.concurrent.ScheduledThreadPoolExecutor$DelayedWorkQueue.take(ScheduledThreadPoolExecutor.java:809)
        at java.util.concurrent.ThreadPoolExecutor.getTask(ThreadPoolExecutor.java:1074)
        at java.util.concurrent.ThreadPoolExecutor.runWorker(ThreadPoolExecutor.java:1134)
        at java.util.concurrent.ThreadPoolExecutor$Worker.run(ThreadPoolExecutor.java:624)
        at java.lang.Thread.run(Thread.java:748)
"pool-66-thread-53"  prio=5 tid=615 in Object.wait()
java.lang.Thread.State: WAITING (on object monitor)
        at sun.misc.Unsafe.park(Native Method)
        at java.util.concurrent.locks.LockSupport.park(LockSupport.java:175)
        at java.util.concurrent.locks.AbstractQueuedSynchronizer$ConditionObject.await(AbstractQueuedSynchronizer.java:2039)
        at java.util.concurrent.ArrayBlockingQueue.take(ArrayBlockingQueue.java:403)
        at java.util.concurrent.ThreadPoolExecutor.getTask(ThreadPoolExecutor.java:1074)
        at java.util.concurrent.ThreadPoolExecutor.runWorker(ThreadPoolExecutor.java:1134)
        at java.util.concurrent.ThreadPoolExecutor$Worker.run(ThreadPoolExecutor.java:624)
        at java.lang.Thread.run(Thread.java:748)
"qtp1680841335-243" daemon prio=5 tid=243 timed_waiting
java.lang.Thread.State: TIMED_WAITING
        at sun.misc.Unsafe.park(Native Method)
        at java.util.concurrent.locks.LockSupport.parkNanos(LockSupport.java:215)
        at java.util.concurrent.locks.AbstractQueuedSynchronizer$ConditionObject.awaitNanos(AbstractQueuedSynchronizer.java:2078)
        at org.eclipse.jetty.util.BlockingArrayQueue.poll(BlockingArrayQueue.java:392)
        at org.eclipse.jetty.util.thread.QueuedThreadPool.idleJobPoll(QueuedThreadPool.java:563)
        at org.eclipse.jetty.util.thread.QueuedThreadPool.access$800(QueuedThreadPool.java:48)
        at org.eclipse.jetty.util.thread.QueuedThreadPool$2.run(QueuedThreadPool.java:626)
        at java.lang.Thread.run(Thread.java:748)
"pool-56-thread-43"  prio=5 tid=537 in Object.wait()
java.lang.Thread.State: WAITING (on object monitor)
        at sun.misc.Unsafe.park(Native Method)
        at java.util.concurrent.locks.LockSupport.park(LockSupport.java:175)
        at java.util.concurrent.locks.AbstractQueuedSynchronizer$ConditionObject.await(AbstractQueuedSynchronizer.java:2039)
        at java.util.concurrent.ArrayBlockingQueue.take(ArrayBlockingQueue.java:403)
        at java.util.concurrent.ThreadPoolExecutor.getTask(ThreadPoolExecutor.java:1074)
        at java.util.concurrent.ThreadPoolExecutor.runWorker(ThreadPoolExecutor.java:1134)
        at java.util.concurrent.ThreadPoolExecutor$Worker.run(ThreadPoolExecutor.java:624)
        at java.lang.Thread.run(Thread.java:748)
"pool-46-thread-36"  prio=5 tid=469 in Object.wait()
java.lang.Thread.State: WAITING (on object monitor)
        at sun.misc.Unsafe.park(Native Method)
        at java.util.concurrent.locks.LockSupport.park(LockSupport.java:175)
        at java.util.concurrent.locks.AbstractQueuedSynchronizer$ConditionObject.await(AbstractQueuedSynchronizer.java:2039)
        at java.util.concurrent.ArrayBlockingQueue.take(ArrayBlockingQueue.java:403)
        at java.util.concurrent.ThreadPoolExecutor.getTask(ThreadPoolExecutor.java:1074)
        at java.util.concurrent.ThreadPoolExecutor.runWorker(ThreadPoolExecutor.java:1134)
        at java.util.concurrent.ThreadPoolExecutor$Worker.run(ThreadPoolExecutor.java:624)
        at java.lang.Thread.run(Thread.java:748)
"org.apache.ratis.server.impl.LogAppender$AppenderDaemon$$Lambda$418/858148741@999c782" daemon prio=5 tid=1826 timed_waiting
java.lang.Thread.State: TIMED_WAITING
        at java.lang.Object.wait(Native Method)
        at org.apache.ratis.grpc.server.GrpcLogAppender.mayWait(GrpcLogAppender.java:141)
        at org.apache.ratis.grpc.server.GrpcLogAppender.runAppenderImpl(GrpcLogAppender.java:95)
        at org.apache.ratis.server.impl.LogAppender$AppenderDaemon.run(LogAppender.java:76)
        at org.apache.ratis.server.impl.LogAppender$AppenderDaemon$$Lambda$418/858148741.run(Unknown Source)
        at java.lang.Thread.run(Thread.java:748)
"IPC Server handler 16 on 45005" daemon prio=5 tid=45 timed_waiting
java.lang.Thread.State: TIMED_WAITING
        at sun.misc.Unsafe.park(Native Method)
        at java.util.concurrent.locks.LockSupport.parkNanos(LockSupport.java:215)
        at java.util.concurrent.locks.AbstractQueuedSynchronizer$ConditionObject.awaitNanos(AbstractQueuedSynchronizer.java:2078)
        at java.util.concurrent.LinkedBlockingQueue.poll(LinkedBlockingQueue.java:467)
        at org.apache.hadoop.ipc.CallQueueManager.take(CallQueueManager.java:288)
        at org.apache.hadoop.ipc.Server$Handler.run(Server.java:2668)
"IPC Server handler 19 on 45005" daemon prio=5 tid=48 timed_waiting
java.lang.Thread.State: TIMED_WAITING
        at sun.misc.Unsafe.park(Native Method)
        at java.util.concurrent.locks.LockSupport.parkNanos(LockSupport.java:215)
        at java.util.concurrent.locks.AbstractQueuedSynchronizer$ConditionObject.awaitNanos(AbstractQueuedSynchronizer.java:2078)
        at java.util.concurrent.LinkedBlockingQueue.poll(LinkedBlockingQueue.java:467)
        at org.apache.hadoop.ipc.CallQueueManager.take(CallQueueManager.java:288)
        at org.apache.hadoop.ipc.Server$Handler.run(Server.java:2668)
"pool-36-thread-50"  prio=5 tid=423 in Object.wait()
java.lang.Thread.State: WAITING (on object monitor)
        at sun.misc.Unsafe.park(Native Method)
        at java.util.concurrent.locks.LockSupport.park(LockSupport.java:175)
        at java.util.concurrent.locks.AbstractQueuedSynchronizer$ConditionObject.await(AbstractQueuedSynchronizer.java:2039)
        at java.util.concurrent.ArrayBlockingQueue.take(ArrayBlockingQueue.java:403)
        at java.util.concurrent.ThreadPoolExecutor.getTask(ThreadPoolExecutor.java:1074)
        at java.util.concurrent.ThreadPoolExecutor.runWorker(ThreadPoolExecutor.java:1134)
        at java.util.concurrent.ThreadPoolExecutor$Worker.run(ThreadPoolExecutor.java:624)
        at java.lang.Thread.run(Thread.java:748)
"pool-76-thread-25"  prio=5 tid=649 in Object.wait()
java.lang.Thread.State: WAITING (on object monitor)
        at sun.misc.Unsafe.park(Native Method)
        at java.util.concurrent.locks.LockSupport.park(LockSupport.java:175)
        at java.util.concurrent.locks.AbstractQueuedSynchronizer$ConditionObject.await(AbstractQueuedSynchronizer.java:2039)
        at java.util.concurrent.ArrayBlockingQueue.take(ArrayBlockingQueue.java:403)
        at java.util.concurrent.ThreadPoolExecutor.getTask(ThreadPoolExecutor.java:1074)
        at java.util.concurrent.ThreadPoolExecutor.runWorker(ThreadPoolExecutor.java:1134)
        at java.util.concurrent.ThreadPoolExecutor$Worker.run(ThreadPoolExecutor.java:624)
        at java.lang.Thread.run(Thread.java:748)
"java.util.concurrent.ThreadPoolExecutor$Worker@2786a71d[State = -1, empty queue]" daemon prio=5 tid=1852 timed_waiting
java.lang.Thread.State: TIMED_WAITING
        at sun.misc.Unsafe.park(Native Method)
        at java.util.concurrent.locks.LockSupport.parkNanos(LockSupport.java:215)
        at java.util.concurrent.locks.AbstractQueuedSynchronizer$ConditionObject.awaitNanos(AbstractQueuedSynchronizer.java:2078)
        at java.util.concurrent.ScheduledThreadPoolExecutor$DelayedWorkQueue.take(ScheduledThreadPoolExecutor.java:1093)
        at java.util.concurrent.ScheduledThreadPoolExecutor$DelayedWorkQueue.take(ScheduledThreadPoolExecutor.java:809)
        at java.util.concurrent.ThreadPoolExecutor.getTask(ThreadPoolExecutor.java:1074)
        at java.util.concurrent.ThreadPoolExecutor.runWorker(ThreadPoolExecutor.java:1134)
        at java.util.concurrent.ThreadPoolExecutor$Worker.run(ThreadPoolExecutor.java:624)
        at java.lang.Thread.run(Thread.java:748)
"pool-26-thread-6"  prio=5 tid=319 in Object.wait()
java.lang.Thread.State: WAITING (on object monitor)
        at sun.misc.Unsafe.park(Native Method)
        at java.util.concurrent.locks.LockSupport.park(LockSupport.java:175)
        at java.util.concurrent.locks.AbstractQueuedSynchronizer$ConditionObject.await(AbstractQueuedSynchronizer.java:2039)
        at java.util.concurrent.ArrayBlockingQueue.take(ArrayBlockingQueue.java:403)
        at java.util.concurrent.ThreadPoolExecutor.getTask(ThreadPoolExecutor.java:1074)
        at java.util.concurrent.ThreadPoolExecutor.runWorker(ThreadPoolExecutor.java:1134)
        at java.util.concurrent.ThreadPoolExecutor$Worker.run(ThreadPoolExecutor.java:624)
        at java.lang.Thread.run(Thread.java:748)
"pool-66-thread-9"  prio=5 tid=571 in Object.wait()
java.lang.Thread.State: WAITING (on object monitor)
        at sun.misc.Unsafe.park(Native Method)
        at java.util.concurrent.locks.LockSupport.park(LockSupport.java:175)
        at java.util.concurrent.locks.AbstractQueuedSynchronizer$ConditionObject.await(AbstractQueuedSynchronizer.java:2039)
        at java.util.concurrent.ArrayBlockingQueue.take(ArrayBlockingQueue.java:403)
        at java.util.concurrent.ThreadPoolExecutor.getTask(ThreadPoolExecutor.java:1074)
        at java.util.concurrent.ThreadPoolExecutor.runWorker(ThreadPoolExecutor.java:1134)
        at java.util.concurrent.ThreadPoolExecutor$Worker.run(ThreadPoolExecutor.java:624)
        at java.lang.Thread.run(Thread.java:748)
"Thread-1224" daemon prio=5 tid=1816 timed_waiting
java.lang.Thread.State: TIMED_WAITING
        at sun.misc.Unsafe.park(Native Method)
        at java.util.concurrent.locks.LockSupport.parkNanos(LockSupport.java:215)
        at java.util.concurrent.locks.AbstractQueuedSynchronizer$ConditionObject.awaitNanos(AbstractQueuedSynchronizer.java:2078)
        at java.util.concurrent.ArrayBlockingQueue.poll(ArrayBlockingQueue.java:418)
        at org.apache.ratis.server.impl.LeaderState$EventQueue.poll(LeaderState.java:115)
        at org.apache.ratis.server.impl.LeaderState$EventProcessor.run(LeaderState.java:457)
"metrics-hadoop-metrics2-reporter-55-thread-1" daemon prio=5 tid=1830 timed_waiting
java.lang.Thread.State: TIMED_WAITING
        at sun.misc.Unsafe.park(Native Method)
        at java.util.concurrent.locks.LockSupport.parkNanos(LockSupport.java:215)
        at java.util.concurrent.locks.AbstractQueuedSynchronizer$ConditionObject.awaitNanos(AbstractQueuedSynchronizer.java:2078)
        at java.util.concurrent.ScheduledThreadPoolExecutor$DelayedWorkQueue.take(ScheduledThreadPoolExecutor.java:1093)
        at java.util.concurrent.ScheduledThreadPoolExecutor$DelayedWorkQueue.take(ScheduledThreadPoolExecutor.java:809)
        at java.util.concurrent.ThreadPoolExecutor.getTask(ThreadPoolExecutor.java:1074)
        at java.util.concurrent.ThreadPoolExecutor.runWorker(ThreadPoolExecutor.java:1134)
        at java.util.concurrent.ThreadPoolExecutor$Worker.run(ThreadPoolExecutor.java:624)
        at java.lang.Thread.run(Thread.java:748)
"pool-66-thread-2"  prio=5 tid=564 in Object.wait()
java.lang.Thread.State: WAITING (on object monitor)
        at sun.misc.Unsafe.park(Native Method)
        at java.util.concurrent.locks.LockSupport.park(LockSupport.java:175)
        at java.util.concurrent.locks.AbstractQueuedSynchronizer$ConditionObject.await(AbstractQueuedSynchronizer.java:2039)
        at java.util.concurrent.ArrayBlockingQueue.take(ArrayBlockingQueue.java:403)
        at java.util.concurrent.ThreadPoolExecutor.getTask(ThreadPoolExecutor.java:1074)
        at java.util.concurrent.ThreadPoolExecutor.runWorker(ThreadPoolExecutor.java:1134)
        at java.util.concurrent.ThreadPoolExecutor$Worker.run(ThreadPoolExecutor.java:624)
        at java.lang.Thread.run(Thread.java:748)
"pool-66-thread-3"  prio=5 tid=565 in Object.wait()
java.lang.Thread.State: WAITING (on object monitor)
        at sun.misc.Unsafe.park(Native Method)
        at java.util.concurrent.locks.LockSupport.park(LockSupport.java:175)
        at java.util.concurrent.locks.AbstractQueuedSynchronizer$ConditionObject.await(AbstractQueuedSynchronizer.java:2039)
        at java.util.concurrent.ArrayBlockingQueue.take(ArrayBlockingQueue.java:403)
        at java.util.concurrent.ThreadPoolExecutor.getTask(ThreadPoolExecutor.java:1074)
        at java.util.concurrent.ThreadPoolExecutor.runWorker(ThreadPoolExecutor.java:1134)
        at java.util.concurrent.ThreadPoolExecutor$Worker.run(ThreadPoolExecutor.java:624)
        at java.lang.Thread.run(Thread.java:748)
"pool-56-thread-3"  prio=5 tid=497 in Object.wait()
java.lang.Thread.State: WAITING (on object monitor)
        at sun.misc.Unsafe.park(Native Method)
        at java.util.concurrent.locks.LockSupport.park(LockSupport.java:175)
        at java.util.concurrent.locks.AbstractQueuedSynchronizer$ConditionObject.await(AbstractQueuedSynchronizer.java:2039)
        at java.util.concurrent.ArrayBlockingQueue.take(ArrayBlockingQueue.java:403)
        at java.util.concurrent.ThreadPoolExecutor.getTask(ThreadPoolExecutor.java:1074)
        at java.util.concurrent.ThreadPoolExecutor.runWorker(ThreadPoolExecutor.java:1134)
        at java.util.concurrent.ThreadPoolExecutor$Worker.run(ThreadPoolExecutor.java:624)
        at java.lang.Thread.run(Thread.java:748)
"pool-36-thread-57"  prio=5 tid=430 in Object.wait()
java.lang.Thread.State: WAITING (on object monitor)
        at sun.misc.Unsafe.park(Native Method)
        at java.util.concurrent.locks.LockSupport.park(LockSupport.java:175)
        at java.util.concurrent.locks.AbstractQueuedSynchronizer$ConditionObject.await(AbstractQueuedSynchronizer.java:2039)
        at java.util.concurrent.ArrayBlockingQueue.take(ArrayBlockingQueue.java:403)
        at java.util.concurrent.ThreadPoolExecutor.getTask(ThreadPoolExecutor.java:1074)
        at java.util.concurrent.ThreadPoolExecutor.runWorker(ThreadPoolExecutor.java:1134)
        at java.util.concurrent.ThreadPoolExecutor$Worker.run(ThreadPoolExecutor.java:624)
        at java.lang.Thread.run(Thread.java:748)
"Thread-456" daemon prio=5 tid=1039 timed_waiting
java.lang.Thread.State: TIMED_WAITING
        at sun.misc.Unsafe.park(Native Method)
        at java.util.concurrent.locks.LockSupport.parkNanos(LockSupport.java:215)
        at java.util.concurrent.locks.AbstractQueuedSynchronizer$ConditionObject.awaitNanos(AbstractQueuedSynchronizer.java:2078)
        at java.util.concurrent.ArrayBlockingQueue.poll(ArrayBlockingQueue.java:418)
        at org.apache.ratis.server.impl.LeaderState$EventQueue.poll(LeaderState.java:115)
        at org.apache.ratis.server.impl.LeaderState$EventProcessor.run(LeaderState.java:457)
"e081c0a5-acfc-4a29-8262-ee158adf5b11@group-34523102FCC0-SegmentedRaftLogWorker"  prio=5 tid=900 timed_waiting
java.lang.Thread.State: TIMED_WAITING
        at sun.misc.Unsafe.park(Native Method)
        at java.util.concurrent.locks.LockSupport.parkNanos(LockSupport.java:215)
        at java.util.concurrent.locks.AbstractQueuedSynchronizer$ConditionObject.awaitNanos(AbstractQueuedSynchronizer.java:2078)
        at org.apache.ratis.util.DataBlockingQueue.poll(DataBlockingQueue.java:137)
        at org.apache.ratis.server.raftlog.segmented.SegmentedRaftLogWorker.run(SegmentedRaftLogWorker.java:283)
        at java.lang.Thread.run(Thread.java:748)
"pool-46-thread-27"  prio=5 tid=460 in Object.wait()
java.lang.Thread.State: WAITING (on object monitor)
        at sun.misc.Unsafe.park(Native Method)
        at java.util.concurrent.locks.LockSupport.park(LockSupport.java:175)
        at java.util.concurrent.locks.AbstractQueuedSynchronizer$ConditionObject.await(AbstractQueuedSynchronizer.java:2039)
        at java.util.concurrent.ArrayBlockingQueue.take(ArrayBlockingQueue.java:403)
        at java.util.concurrent.ThreadPoolExecutor.getTask(ThreadPoolExecutor.java:1074)
        at java.util.concurrent.ThreadPoolExecutor.runWorker(ThreadPoolExecutor.java:1134)
        at java.util.concurrent.ThreadPoolExecutor$Worker.run(ThreadPoolExecutor.java:624)
        at java.lang.Thread.run(Thread.java:748)
"pool-76-thread-22"  prio=5 tid=646 in Object.wait()
java.lang.Thread.State: WAITING (on object monitor)
        at sun.misc.Unsafe.park(Native Method)
        at java.util.concurrent.locks.LockSupport.park(LockSupport.java:175)
        at java.util.concurrent.locks.AbstractQueuedSynchronizer$ConditionObject.await(AbstractQueuedSynchronizer.java:2039)
        at java.util.concurrent.ArrayBlockingQueue.take(ArrayBlockingQueue.java:403)
        at java.util.concurrent.ThreadPoolExecutor.getTask(ThreadPoolExecutor.java:1074)
        at java.util.concurrent.ThreadPoolExecutor.runWorker(ThreadPoolExecutor.java:1134)
        at java.util.concurrent.ThreadPoolExecutor$Worker.run(ThreadPoolExecutor.java:624)
        at java.lang.Thread.run(Thread.java:748)
"pool-66-thread-44"  prio=5 tid=606 in Object.wait()
java.lang.Thread.State: WAITING (on object monitor)
        at sun.misc.Unsafe.park(Native Method)
        at java.util.concurrent.locks.LockSupport.park(LockSupport.java:175)
        at java.util.concurrent.locks.AbstractQueuedSynchronizer$ConditionObject.await(AbstractQueuedSynchronizer.java:2039)
        at java.util.concurrent.ArrayBlockingQueue.take(ArrayBlockingQueue.java:403)
        at java.util.concurrent.ThreadPoolExecutor.getTask(ThreadPoolExecutor.java:1074)
        at java.util.concurrent.ThreadPoolExecutor.runWorker(ThreadPoolExecutor.java:1134)
        at java.util.concurrent.ThreadPoolExecutor$Worker.run(ThreadPoolExecutor.java:624)
        at java.lang.Thread.run(Thread.java:748)
"pool-26-thread-22"  prio=5 tid=335 in Object.wait()
java.lang.Thread.State: WAITING (on object monitor)
        at sun.misc.Unsafe.park(Native Method)
        at java.util.concurrent.locks.LockSupport.park(LockSupport.java:175)
        at java.util.concurrent.locks.AbstractQueuedSynchronizer$ConditionObject.await(AbstractQueuedSynchronizer.java:2039)
        at java.util.concurrent.ArrayBlockingQueue.take(ArrayBlockingQueue.java:403)
        at java.util.concurrent.ThreadPoolExecutor.getTask(ThreadPoolExecutor.java:1074)
        at java.util.concurrent.ThreadPoolExecutor.runWorker(ThreadPoolExecutor.java:1134)
        at java.util.concurrent.ThreadPoolExecutor$Worker.run(ThreadPoolExecutor.java:624)
        at java.lang.Thread.run(Thread.java:748)
"pool-36-thread-58"  prio=5 tid=431 in Object.wait()
java.lang.Thread.State: WAITING (on object monitor)
        at sun.misc.Unsafe.park(Native Method)
        at java.util.concurrent.locks.LockSupport.park(LockSupport.java:175)
        at java.util.concurrent.locks.AbstractQueuedSynchronizer$ConditionObject.await(AbstractQueuedSynchronizer.java:2039)
        at java.util.concurrent.ArrayBlockingQueue.take(ArrayBlockingQueue.java:403)
        at java.util.concurrent.ThreadPoolExecutor.getTask(ThreadPoolExecutor.java:1074)
        at java.util.concurrent.ThreadPoolExecutor.runWorker(ThreadPoolExecutor.java:1134)
        at java.util.concurrent.ThreadPoolExecutor$Worker.run(ThreadPoolExecutor.java:624)
        at java.lang.Thread.run(Thread.java:748)
"IPC Server handler 9 on 40029" daemon prio=5 tid=78 timed_waiting
java.lang.Thread.State: TIMED_WAITING
        at sun.misc.Unsafe.park(Native Method)
        at java.util.concurrent.locks.LockSupport.parkNanos(LockSupport.java:215)
        at java.util.concurrent.locks.AbstractQueuedSynchronizer$ConditionObject.awaitNanos(AbstractQueuedSynchronizer.java:2078)
        at java.util.concurrent.LinkedBlockingQueue.poll(LinkedBlockingQueue.java:467)
        at org.apache.hadoop.ipc.CallQueueManager.take(CallQueueManager.java:288)
        at org.apache.hadoop.ipc.Server$Handler.run(Server.java:2668)
"qtp83534488-218" daemon prio=5 tid=218 timed_waiting
java.lang.Thread.State: TIMED_WAITING
        at sun.misc.Unsafe.park(Native Method)
        at java.util.concurrent.locks.LockSupport.parkNanos(LockSupport.java:215)
        at java.util.concurrent.locks.AbstractQueuedSynchronizer$ConditionObject.awaitNanos(AbstractQueuedSynchronizer.java:2078)
        at org.eclipse.jetty.util.BlockingArrayQueue.poll(BlockingArrayQueue.java:392)
        at org.eclipse.jetty.util.thread.QueuedThreadPool.idleJobPoll(QueuedThreadPool.java:563)
        at org.eclipse.jetty.util.thread.QueuedThreadPool.access$800(QueuedThreadPool.java:48)
        at org.eclipse.jetty.util.thread.QueuedThreadPool$2.run(QueuedThreadPool.java:626)
        at java.lang.Thread.run(Thread.java:748)
"IPC Server Responder" daemon prio=5 tid=17 runnable
java.lang.Thread.State: RUNNABLE
        at sun.nio.ch.EPollArrayWrapper.epollWait(Native Method)
        at sun.nio.ch.EPollArrayWrapper.poll(EPollArrayWrapper.java:269)
        at sun.nio.ch.EPollSelectorImpl.doSelect(EPollSelectorImpl.java:93)
        at sun.nio.ch.SelectorImpl.lockAndDoSelect(SelectorImpl.java:86)
        at sun.nio.ch.SelectorImpl.select(SelectorImpl.java:97)
        at org.apache.hadoop.ipc.Server$Responder.doRunLoop(Server.java:1334)
        at org.apache.hadoop.ipc.Server$Responder.run(Server.java:1317)
"pool-26-thread-34"  prio=5 tid=347 in Object.wait()
java.lang.Thread.State: WAITING (on object monitor)
        at sun.misc.Unsafe.park(Native Method)
        at java.util.concurrent.locks.LockSupport.park(LockSupport.java:175)
        at java.util.concurrent.locks.AbstractQueuedSynchronizer$ConditionObject.await(AbstractQueuedSynchronizer.java:2039)
        at java.util.concurrent.ArrayBlockingQueue.take(ArrayBlockingQueue.java:403)
        at java.util.concurrent.ThreadPoolExecutor.getTask(ThreadPoolExecutor.java:1074)
        at java.util.concurrent.ThreadPoolExecutor.runWorker(ThreadPoolExecutor.java:1134)
        at java.util.concurrent.ThreadPoolExecutor$Worker.run(ThreadPoolExecutor.java:624)
        at java.lang.Thread.run(Thread.java:748)
"BlockDeletingService#2" daemon prio=5 tid=1726 in Object.wait()
java.lang.Thread.State: WAITING (on object monitor)
        at sun.misc.Unsafe.park(Native Method)
        at java.util.concurrent.locks.LockSupport.park(LockSupport.java:175)
        at java.util.concurrent.locks.AbstractQueuedSynchronizer$ConditionObject.await(AbstractQueuedSynchronizer.java:2039)
        at java.util.concurrent.ScheduledThreadPoolExecutor$DelayedWorkQueue.take(ScheduledThreadPoolExecutor.java:1088)
        at java.util.concurrent.ScheduledThreadPoolExecutor$DelayedWorkQueue.take(ScheduledThreadPoolExecutor.java:809)
        at java.util.concurrent.ThreadPoolExecutor.getTask(ThreadPoolExecutor.java:1074)
        at java.util.concurrent.ThreadPoolExecutor.runWorker(ThreadPoolExecutor.java:1134)
        at java.util.concurrent.ThreadPoolExecutor$Worker.run(ThreadPoolExecutor.java:624)
        at java.lang.Thread.run(Thread.java:748)
"pool-56-thread-44"  prio=5 tid=538 in Object.wait()
java.lang.Thread.State: WAITING (on object monitor)
        at sun.misc.Unsafe.park(Native Method)
        at java.util.concurrent.locks.LockSupport.park(LockSupport.java:175)
        at java.util.concurrent.locks.AbstractQueuedSynchronizer$ConditionObject.await(AbstractQueuedSynchronizer.java:2039)
        at java.util.concurrent.ArrayBlockingQueue.take(ArrayBlockingQueue.java:403)
        at java.util.concurrent.ThreadPoolExecutor.getTask(ThreadPoolExecutor.java:1074)
        at java.util.concurrent.ThreadPoolExecutor.runWorker(ThreadPoolExecutor.java:1134)
        at java.util.concurrent.ThreadPoolExecutor$Worker.run(ThreadPoolExecutor.java:624)
        at java.lang.Thread.run(Thread.java:748)
"Thread-1177" daemon prio=5 tid=1763 timed_waiting
java.lang.Thread.State: TIMED_WAITING
        at java.lang.Thread.sleep(Native Method)
        at org.apache.ratis.util.JavaUtils.sleep(JavaUtils.java:247)
        at org.apache.ratis.server.impl.FollowerState.run(FollowerState.java:96)
"IPC Server handler 12 on 37215" daemon prio=5 tid=61 timed_waiting
java.lang.Thread.State: TIMED_WAITING
        at sun.misc.Unsafe.park(Native Method)
        at java.util.concurrent.locks.LockSupport.parkNanos(LockSupport.java:215)
        at java.util.concurrent.locks.AbstractQueuedSynchronizer$ConditionObject.awaitNanos(AbstractQueuedSynchronizer.java:2078)
        at java.util.concurrent.LinkedBlockingQueue.poll(LinkedBlockingQueue.java:467)
        at org.apache.hadoop.ipc.CallQueueManager.take(CallQueueManager.java:288)
        at org.apache.hadoop.ipc.Server$Handler.run(Server.java:2668)
"Periodic HDDS volume checker"  prio=5 tid=176 timed_waiting
java.lang.Thread.State: TIMED_WAITING
        at sun.misc.Unsafe.park(Native Method)
        at java.util.concurrent.locks.LockSupport.parkNanos(LockSupport.java:215)
        at java.util.concurrent.locks.AbstractQueuedSynchronizer$ConditionObject.awaitNanos(AbstractQueuedSynchronizer.java:2078)
        at java.util.concurrent.ScheduledThreadPoolExecutor$DelayedWorkQueue.take(ScheduledThreadPoolExecutor.java:1093)
        at java.util.concurrent.ScheduledThreadPoolExecutor$DelayedWorkQueue.take(ScheduledThreadPoolExecutor.java:809)
        at java.util.concurrent.ThreadPoolExecutor.getTask(ThreadPoolExecutor.java:1074)
        at java.util.concurrent.ThreadPoolExecutor.runWorker(ThreadPoolExecutor.java:1134)
        at java.util.concurrent.ThreadPoolExecutor$Worker.run(ThreadPoolExecutor.java:624)
        at java.lang.Thread.run(Thread.java:748)
"pool-76-thread-31"  prio=5 tid=655 in Object.wait()
java.lang.Thread.State: WAITING (on object monitor)
        at sun.misc.Unsafe.park(Native Method)
        at java.util.concurrent.locks.LockSupport.park(LockSupport.java:175)
        at java.util.concurrent.locks.AbstractQueuedSynchronizer$ConditionObject.await(AbstractQueuedSynchronizer.java:2039)
        at java.util.concurrent.ArrayBlockingQueue.take(ArrayBlockingQueue.java:403)
        at java.util.concurrent.ThreadPoolExecutor.getTask(ThreadPoolExecutor.java:1074)
        at java.util.concurrent.ThreadPoolExecutor.runWorker(ThreadPoolExecutor.java:1134)
        at java.util.concurrent.ThreadPoolExecutor$Worker.run(ThreadPoolExecutor.java:624)
        at java.lang.Thread.run(Thread.java:748)
"pool-66-thread-20"  prio=5 tid=582 in Object.wait()
java.lang.Thread.State: WAITING (on object monitor)
        at sun.misc.Unsafe.park(Native Method)
        at java.util.concurrent.locks.LockSupport.park(LockSupport.java:175)
        at java.util.concurrent.locks.AbstractQueuedSynchronizer$ConditionObject.await(AbstractQueuedSynchronizer.java:2039)
        at java.util.concurrent.ArrayBlockingQueue.take(ArrayBlockingQueue.java:403)
        at java.util.concurrent.ThreadPoolExecutor.getTask(ThreadPoolExecutor.java:1074)
        at java.util.concurrent.ThreadPoolExecutor.runWorker(ThreadPoolExecutor.java:1134)
        at java.util.concurrent.ThreadPoolExecutor$Worker.run(ThreadPoolExecutor.java:624)
        at java.lang.Thread.run(Thread.java:748)
"BlockDeletingService#0" daemon prio=5 tid=557 in Object.wait()
java.lang.Thread.State: WAITING (on object monitor)
        at sun.misc.Unsafe.park(Native Method)
        at java.util.concurrent.locks.LockSupport.park(LockSupport.java:175)
        at java.util.concurrent.locks.AbstractQueuedSynchronizer$ConditionObject.await(AbstractQueuedSynchronizer.java:2039)
        at java.util.concurrent.ScheduledThreadPoolExecutor$DelayedWorkQueue.take(ScheduledThreadPoolExecutor.java:1088)
        at java.util.concurrent.ScheduledThreadPoolExecutor$DelayedWorkQueue.take(ScheduledThreadPoolExecutor.java:809)
        at java.util.concurrent.ThreadPoolExecutor.getTask(ThreadPoolExecutor.java:1074)
        at java.util.concurrent.ThreadPoolExecutor.runWorker(ThreadPoolExecutor.java:1134)
        at java.util.concurrent.ThreadPoolExecutor$Worker.run(ThreadPoolExecutor.java:624)
        at java.lang.Thread.run(Thread.java:748)
"org.eclipse.jetty.server.session.HashSessionManager@3d0035d2Timer" daemon prio=5 tid=304 timed_waiting
java.lang.Thread.State: TIMED_WAITING
        at sun.misc.Unsafe.park(Native Method)
        at java.util.concurrent.locks.LockSupport.parkNanos(LockSupport.java:215)
        at java.util.concurrent.locks.AbstractQueuedSynchronizer$ConditionObject.awaitNanos(AbstractQueuedSynchronizer.java:2078)
        at java.util.concurrent.ScheduledThreadPoolExecutor$DelayedWorkQueue.take(ScheduledThreadPoolExecutor.java:1093)
        at java.util.concurrent.ScheduledThreadPoolExecutor$DelayedWorkQueue.take(ScheduledThreadPoolExecutor.java:809)
        at java.util.concurrent.ThreadPoolExecutor.getTask(ThreadPoolExecutor.java:1074)
        at java.util.concurrent.ThreadPoolExecutor.runWorker(ThreadPoolExecutor.java:1134)
        at java.util.concurrent.ThreadPoolExecutor$Worker.run(ThreadPoolExecutor.java:624)
        at java.lang.Thread.run(Thread.java:748)
"pool-76-thread-6"  prio=5 tid=630 in Object.wait()
java.lang.Thread.State: WAITING (on object monitor)
        at sun.misc.Unsafe.park(Native Method)
        at java.util.concurrent.locks.LockSupport.park(LockSupport.java:175)
        at java.util.concurrent.locks.AbstractQueuedSynchronizer$ConditionObject.await(AbstractQueuedSynchronizer.java:2039)
        at java.util.concurrent.ArrayBlockingQueue.take(ArrayBlockingQueue.java:403)
        at java.util.concurrent.ThreadPoolExecutor.getTask(ThreadPoolExecutor.java:1074)
        at java.util.concurrent.ThreadPoolExecutor.runWorker(ThreadPoolExecutor.java:1134)
        at java.util.concurrent.ThreadPoolExecutor$Worker.run(ThreadPoolExecutor.java:624)
        at java.lang.Thread.run(Thread.java:748)
"Datanode ReportManager Thread - 3" daemon prio=5 tid=309 in Object.wait()
java.lang.Thread.State: WAITING (on object monitor)
        at sun.misc.Unsafe.park(Native Method)
        at java.util.concurrent.locks.LockSupport.park(LockSupport.java:175)
        at java.util.concurrent.locks.AbstractQueuedSynchronizer$ConditionObject.await(AbstractQueuedSynchronizer.java:2039)
        at java.util.concurrent.ScheduledThreadPoolExecutor$DelayedWorkQueue.take(ScheduledThreadPoolExecutor.java:1088)
        at java.util.concurrent.ScheduledThreadPoolExecutor$DelayedWorkQueue.take(ScheduledThreadPoolExecutor.java:809)
        at java.util.concurrent.ThreadPoolExecutor.getTask(ThreadPoolExecutor.java:1074)
        at java.util.concurrent.ThreadPoolExecutor.runWorker(ThreadPoolExecutor.java:1134)
        at java.util.concurrent.ThreadPoolExecutor$Worker.run(ThreadPoolExecutor.java:624)
        at java.lang.Thread.run(Thread.java:748)
"qtp219192399-165" daemon prio=5 tid=165 timed_waiting
java.lang.Thread.State: TIMED_WAITING
        at sun.misc.Unsafe.park(Native Method)
        at java.util.concurrent.locks.LockSupport.parkNanos(LockSupport.java:215)
        at java.util.concurrent.locks.AbstractQueuedSynchronizer$ConditionObject.awaitNanos(AbstractQueuedSynchronizer.java:2078)
        at org.eclipse.jetty.util.BlockingArrayQueue.poll(BlockingArrayQueue.java:392)
        at org.eclipse.jetty.util.thread.QueuedThreadPool.idleJobPoll(QueuedThreadPool.java:563)
        at org.eclipse.jetty.util.thread.QueuedThreadPool.access$800(QueuedThreadPool.java:48)
        at org.eclipse.jetty.util.thread.QueuedThreadPool$2.run(QueuedThreadPool.java:626)
        at java.lang.Thread.run(Thread.java:748)
"pool-56-thread-37"  prio=5 tid=531 in Object.wait()
java.lang.Thread.State: WAITING (on object monitor)
        at sun.misc.Unsafe.park(Native Method)
        at java.util.concurrent.locks.LockSupport.park(LockSupport.java:175)
        at java.util.concurrent.locks.AbstractQueuedSynchronizer$ConditionObject.await(AbstractQueuedSynchronizer.java:2039)
        at java.util.concurrent.ArrayBlockingQueue.take(ArrayBlockingQueue.java:403)
        at java.util.concurrent.ThreadPoolExecutor.getTask(ThreadPoolExecutor.java:1074)
        at java.util.concurrent.ThreadPoolExecutor.runWorker(ThreadPoolExecutor.java:1134)
        at java.util.concurrent.ThreadPoolExecutor$Worker.run(ThreadPoolExecutor.java:624)
        at java.lang.Thread.run(Thread.java:748)
"pool-26-thread-26"  prio=5 tid=339 in Object.wait()
java.lang.Thread.State: WAITING (on object monitor)
        at sun.misc.Unsafe.park(Native Method)
        at java.util.concurrent.locks.LockSupport.park(LockSupport.java:175)
        at java.util.concurrent.locks.AbstractQueuedSynchronizer$ConditionObject.await(AbstractQueuedSynchronizer.java:2039)
        at java.util.concurrent.ArrayBlockingQueue.take(ArrayBlockingQueue.java:403)
        at java.util.concurrent.ThreadPoolExecutor.getTask(ThreadPoolExecutor.java:1074)
        at java.util.concurrent.ThreadPoolExecutor.runWorker(ThreadPoolExecutor.java:1134)
        at java.util.concurrent.ThreadPoolExecutor$Worker.run(ThreadPoolExecutor.java:624)
        at java.lang.Thread.run(Thread.java:748)
"IPC Server handler 0 on 37215" daemon prio=5 tid=49 timed_waiting
java.lang.Thread.State: TIMED_WAITING
        at sun.misc.Unsafe.park(Native Method)
        at java.util.concurrent.locks.LockSupport.parkNanos(LockSupport.java:215)
        at java.util.concurrent.locks.AbstractQueuedSynchronizer$ConditionObject.awaitNanos(AbstractQueuedSynchronizer.java:2078)
        at java.util.concurrent.LinkedBlockingQueue.poll(LinkedBlockingQueue.java:467)
        at org.apache.hadoop.ipc.CallQueueManager.take(CallQueueManager.java:288)
        at org.apache.hadoop.ipc.Server$Handler.run(Server.java:2668)
"pool-76-thread-20"  prio=5 tid=644 in Object.wait()
java.lang.Thread.State: WAITING (on object monitor)
        at sun.misc.Unsafe.park(Native Method)
        at java.util.concurrent.locks.LockSupport.park(LockSupport.java:175)
        at java.util.concurrent.locks.AbstractQueuedSynchronizer$ConditionObject.await(AbstractQueuedSynchronizer.java:2039)
        at java.util.concurrent.ArrayBlockingQueue.take(ArrayBlockingQueue.java:403)
        at java.util.concurrent.ThreadPoolExecutor.getTask(ThreadPoolExecutor.java:1074)
        at java.util.concurrent.ThreadPoolExecutor.runWorker(ThreadPoolExecutor.java:1134)
        at java.util.concurrent.ThreadPoolExecutor$Worker.run(ThreadPoolExecutor.java:624)
        at java.lang.Thread.run(Thread.java:748)
"pool-36-thread-33"  prio=5 tid=406 in Object.wait()
java.lang.Thread.State: WAITING (on object monitor)
        at sun.misc.Unsafe.park(Native Method)
        at java.util.concurrent.locks.LockSupport.park(LockSupport.java:175)
        at java.util.concurrent.locks.AbstractQueuedSynchronizer$ConditionObject.await(AbstractQueuedSynchronizer.java:2039)
        at java.util.concurrent.ArrayBlockingQueue.take(ArrayBlockingQueue.java:403)
        at java.util.concurrent.ThreadPoolExecutor.getTask(ThreadPoolExecutor.java:1074)
        at java.util.concurrent.ThreadPoolExecutor.runWorker(ThreadPoolExecutor.java:1134)
        at java.util.concurrent.ThreadPoolExecutor$Worker.run(ThreadPoolExecutor.java:624)
        at java.lang.Thread.run(Thread.java:748)
"Datanode ReportManager Thread - 0" daemon prio=5 tid=252 in Object.wait()
java.lang.Thread.State: WAITING (on object monitor)
        at sun.misc.Unsafe.park(Native Method)
        at java.util.concurrent.locks.LockSupport.park(LockSupport.java:175)
        at java.util.concurrent.locks.AbstractQueuedSynchronizer$ConditionObject.await(AbstractQueuedSynchronizer.java:2039)
        at java.util.concurrent.ScheduledThreadPoolExecutor$DelayedWorkQueue.take(ScheduledThreadPoolExecutor.java:1088)
        at java.util.concurrent.ScheduledThreadPoolExecutor$DelayedWorkQueue.take(ScheduledThreadPoolExecutor.java:809)
        at java.util.concurrent.ThreadPoolExecutor.getTask(ThreadPoolExecutor.java:1074)
        at java.util.concurrent.ThreadPoolExecutor.runWorker(ThreadPoolExecutor.java:1134)
        at java.util.concurrent.ThreadPoolExecutor$Worker.run(ThreadPoolExecutor.java:624)
        at java.lang.Thread.run(Thread.java:748)
"pool-46-thread-19"  prio=5 tid=452 in Object.wait()
java.lang.Thread.State: WAITING (on object monitor)
        at sun.misc.Unsafe.park(Native Method)
        at java.util.concurrent.locks.LockSupport.park(LockSupport.java:175)
        at java.util.concurrent.locks.AbstractQueuedSynchronizer$ConditionObject.await(AbstractQueuedSynchronizer.java:2039)
        at java.util.concurrent.ArrayBlockingQueue.take(ArrayBlockingQueue.java:403)
        at java.util.concurrent.ThreadPoolExecutor.getTask(ThreadPoolExecutor.java:1074)
        at java.util.concurrent.ThreadPoolExecutor.runWorker(ThreadPoolExecutor.java:1134)
        at java.util.concurrent.ThreadPoolExecutor$Worker.run(ThreadPoolExecutor.java:624)
        at java.lang.Thread.run(Thread.java:748)
"Datanode ReportManager Thread - 2" daemon prio=5 tid=227 in Object.wait()
java.lang.Thread.State: WAITING (on object monitor)
        at sun.misc.Unsafe.park(Native Method)
        at java.util.concurrent.locks.LockSupport.park(LockSupport.java:175)
        at java.util.concurrent.locks.AbstractQueuedSynchronizer$ConditionObject.await(AbstractQueuedSynchronizer.java:2039)
        at java.util.concurrent.ScheduledThreadPoolExecutor$DelayedWorkQueue.take(ScheduledThreadPoolExecutor.java:1088)
        at java.util.concurrent.ScheduledThreadPoolExecutor$DelayedWorkQueue.take(ScheduledThreadPoolExecutor.java:809)
        at java.util.concurrent.ThreadPoolExecutor.getTask(ThreadPoolExecutor.java:1074)
        at java.util.concurrent.ThreadPoolExecutor.runWorker(ThreadPoolExecutor.java:1134)
        at java.util.concurrent.ThreadPoolExecutor$Worker.run(ThreadPoolExecutor.java:624)
        at java.lang.Thread.run(Thread.java:748)
"8c24ed06-386e-4085-8931-93c762a64530@group-DBE87B3B08CE-StateMachineUpdater" daemon prio=5 tid=805 in Object.wait()
java.lang.Thread.State: WAITING (on object monitor)
        at java.lang.Object.wait(Native Method)
        at java.lang.Object.wait(Object.java:502)
        at org.apache.ratis.server.impl.StateMachineUpdater.waitForCommit(StateMachineUpdater.java:183)
        at org.apache.ratis.server.impl.StateMachineUpdater.run(StateMachineUpdater.java:148)
        at java.lang.Thread.run(Thread.java:748)
"a7d59ef6-3eca-4628-b097-12d983444e7f@group-DBE87B3B08CE-SegmentedRaftLogWorker"  prio=5 tid=804 timed_waiting
java.lang.Thread.State: TIMED_WAITING
        at sun.misc.Unsafe.park(Native Method)
        at java.util.concurrent.locks.LockSupport.parkNanos(LockSupport.java:215)
        at java.util.concurrent.locks.AbstractQueuedSynchronizer$ConditionObject.awaitNanos(AbstractQueuedSynchronizer.java:2078)
        at org.apache.ratis.util.DataBlockingQueue.poll(DataBlockingQueue.java:137)
        at org.apache.ratis.server.raftlog.segmented.SegmentedRaftLogWorker.run(SegmentedRaftLogWorker.java:283)
        at java.lang.Thread.run(Thread.java:748)
"pool-66-thread-33"  prio=5 tid=595 in Object.wait()
java.lang.Thread.State: WAITING (on object monitor)
        at sun.misc.Unsafe.park(Native Method)
        at java.util.concurrent.locks.LockSupport.park(LockSupport.java:175)
        at java.util.concurrent.locks.AbstractQueuedSynchronizer$ConditionObject.await(AbstractQueuedSynchronizer.java:2039)
        at java.util.concurrent.ArrayBlockingQueue.take(ArrayBlockingQueue.java:403)
        at java.util.concurrent.ThreadPoolExecutor.getTask(ThreadPoolExecutor.java:1074)
        at java.util.concurrent.ThreadPoolExecutor.runWorker(ThreadPoolExecutor.java:1134)
        at java.util.concurrent.ThreadPoolExecutor$Worker.run(ThreadPoolExecutor.java:624)
        at java.lang.Thread.run(Thread.java:748)
"metrics-hadoop-metrics2-reporter-41-thread-1" daemon prio=5 tid=892 timed_waiting
java.lang.Thread.State: TIMED_WAITING
        at sun.misc.Unsafe.park(Native Method)
        at java.util.concurrent.locks.LockSupport.parkNanos(LockSupport.java:215)
        at java.util.concurrent.locks.AbstractQueuedSynchronizer$ConditionObject.awaitNanos(AbstractQueuedSynchronizer.java:2078)
        at java.util.concurrent.ScheduledThreadPoolExecutor$DelayedWorkQueue.take(ScheduledThreadPoolExecutor.java:1093)
        at java.util.concurrent.ScheduledThreadPoolExecutor$DelayedWorkQueue.take(ScheduledThreadPoolExecutor.java:809)
        at java.util.concurrent.ThreadPoolExecutor.getTask(ThreadPoolExecutor.java:1074)
        at java.util.concurrent.ThreadPoolExecutor.runWorker(ThreadPoolExecutor.java:1134)
        at java.util.concurrent.ThreadPoolExecutor$Worker.run(ThreadPoolExecutor.java:624)
        at java.lang.Thread.run(Thread.java:748)
"pool-56-thread-12"  prio=5 tid=506 in Object.wait()
java.lang.Thread.State: WAITING (on object monitor)
        at sun.misc.Unsafe.park(Native Method)
        at java.util.concurrent.locks.LockSupport.park(LockSupport.java:175)
        at java.util.concurrent.locks.AbstractQueuedSynchronizer$ConditionObject.await(AbstractQueuedSynchronizer.java:2039)
        at java.util.concurrent.ArrayBlockingQueue.take(ArrayBlockingQueue.java:403)
        at java.util.concurrent.ThreadPoolExecutor.getTask(ThreadPoolExecutor.java:1074)
        at java.util.concurrent.ThreadPoolExecutor.runWorker(ThreadPoolExecutor.java:1134)
        at java.util.concurrent.ThreadPoolExecutor$Worker.run(ThreadPoolExecutor.java:624)
        at java.lang.Thread.run(Thread.java:748)
"IPC Server handler 11 on 44461" daemon prio=5 tid=126 timed_waiting
java.lang.Thread.State: TIMED_WAITING
        at sun.misc.Unsafe.park(Native Method)
        at java.util.concurrent.locks.LockSupport.parkNanos(LockSupport.java:215)
        at java.util.concurrent.locks.AbstractQueuedSynchronizer$ConditionObject.awaitNanos(AbstractQueuedSynchronizer.java:2078)
        at java.util.concurrent.LinkedBlockingQueue.poll(LinkedBlockingQueue.java:467)
        at org.apache.hadoop.ipc.CallQueueManager.take(CallQueueManager.java:288)
        at org.apache.hadoop.ipc.Server$Handler.run(Server.java:2668)
"org.apache.ratis.server.impl.LogAppender$AppenderDaemon$$Lambda$418/858148741@4e0b9d80" daemon prio=5 tid=1809 timed_waiting
java.lang.Thread.State: TIMED_WAITING
        at java.lang.Object.wait(Native Method)
        at org.apache.ratis.grpc.server.GrpcLogAppender.mayWait(GrpcLogAppender.java:141)
        at org.apache.ratis.grpc.server.GrpcLogAppender.runAppenderImpl(GrpcLogAppender.java:95)
        at org.apache.ratis.server.impl.LogAppender$AppenderDaemon.run(LogAppender.java:76)
        at org.apache.ratis.server.impl.LogAppender$AppenderDaemon$$Lambda$418/858148741.run(Unknown Source)
        at java.lang.Thread.run(Thread.java:748)
"pool-76-thread-58"  prio=5 tid=682 in Object.wait()
java.lang.Thread.State: WAITING (on object monitor)
        at sun.misc.Unsafe.park(Native Method)
        at java.util.concurrent.locks.LockSupport.park(LockSupport.java:175)
        at java.util.concurrent.locks.AbstractQueuedSynchronizer$ConditionObject.await(AbstractQueuedSynchronizer.java:2039)
        at java.util.concurrent.ArrayBlockingQueue.take(ArrayBlockingQueue.java:403)
        at java.util.concurrent.ThreadPoolExecutor.getTask(ThreadPoolExecutor.java:1074)
        at java.util.concurrent.ThreadPoolExecutor.runWorker(ThreadPoolExecutor.java:1134)
        at java.util.concurrent.ThreadPoolExecutor$Worker.run(ThreadPoolExecutor.java:624)
        at java.lang.Thread.run(Thread.java:748)
"Datanode ReportManager Thread - 1" daemon prio=5 tid=226 in Object.wait()
java.lang.Thread.State: WAITING (on object monitor)
        at sun.misc.Unsafe.park(Native Method)
        at java.util.concurrent.locks.LockSupport.park(LockSupport.java:175)
        at java.util.concurrent.locks.AbstractQueuedSynchronizer$ConditionObject.await(AbstractQueuedSynchronizer.java:2039)
        at java.util.concurrent.ScheduledThreadPoolExecutor$DelayedWorkQueue.take(ScheduledThreadPoolExecutor.java:1088)
        at java.util.concurrent.ScheduledThreadPoolExecutor$DelayedWorkQueue.take(ScheduledThreadPoolExecutor.java:809)
        at java.util.concurrent.ThreadPoolExecutor.getTask(ThreadPoolExecutor.java:1074)
        at java.util.concurrent.ThreadPoolExecutor.runWorker(ThreadPoolExecutor.java:1134)
        at java.util.concurrent.ThreadPoolExecutor$Worker.run(ThreadPoolExecutor.java:624)
        at java.lang.Thread.run(Thread.java:748)
"Datanode ReportManager Thread - 1" daemon prio=5 tid=253 in Object.wait()
java.lang.Thread.State: WAITING (on object monitor)
        at sun.misc.Unsafe.park(Native Method)
        at java.util.concurrent.locks.LockSupport.park(LockSupport.java:175)
        at java.util.concurrent.locks.AbstractQueuedSynchronizer$ConditionObject.await(AbstractQueuedSynchronizer.java:2039)
        at java.util.concurrent.ScheduledThreadPoolExecutor$DelayedWorkQueue.take(ScheduledThreadPoolExecutor.java:1088)
        at java.util.concurrent.ScheduledThreadPoolExecutor$DelayedWorkQueue.take(ScheduledThreadPoolExecutor.java:809)
        at java.util.concurrent.ThreadPoolExecutor.getTask(ThreadPoolExecutor.java:1074)
        at java.util.concurrent.ThreadPoolExecutor.runWorker(ThreadPoolExecutor.java:1134)
        at java.util.concurrent.ThreadPoolExecutor$Worker.run(ThreadPoolExecutor.java:624)
        at java.lang.Thread.run(Thread.java:748)
"IPC Server handler 10 on 40029" daemon prio=5 tid=79 timed_waiting
java.lang.Thread.State: TIMED_WAITING
        at sun.misc.Unsafe.park(Native Method)
        at java.util.concurrent.locks.LockSupport.parkNanos(LockSupport.java:215)
        at java.util.concurrent.locks.AbstractQueuedSynchronizer$ConditionObject.awaitNanos(AbstractQueuedSynchronizer.java:2078)
        at java.util.concurrent.LinkedBlockingQueue.poll(LinkedBlockingQueue.java:467)
        at org.apache.hadoop.ipc.CallQueueManager.take(CallQueueManager.java:288)
        at org.apache.hadoop.ipc.Server$Handler.run(Server.java:2668)
"pool-46-thread-6"  prio=5 tid=439 in Object.wait()
java.lang.Thread.State: WAITING (on object monitor)
        at sun.misc.Unsafe.park(Native Method)
        at java.util.concurrent.locks.LockSupport.park(LockSupport.java:175)
        at java.util.concurrent.locks.AbstractQueuedSynchronizer$ConditionObject.await(AbstractQueuedSynchronizer.java:2039)
        at java.util.concurrent.ArrayBlockingQueue.take(ArrayBlockingQueue.java:403)
        at java.util.concurrent.ThreadPoolExecutor.getTask(ThreadPoolExecutor.java:1074)
        at java.util.concurrent.ThreadPoolExecutor.runWorker(ThreadPoolExecutor.java:1134)
        at java.util.concurrent.ThreadPoolExecutor$Worker.run(ThreadPoolExecutor.java:624)
        at java.lang.Thread.run(Thread.java:748)
"pool-36-thread-55"  prio=5 tid=428 in Object.wait()
java.lang.Thread.State: WAITING (on object monitor)
        at sun.misc.Unsafe.park(Native Method)
        at java.util.concurrent.locks.LockSupport.park(LockSupport.java:175)
        at java.util.concurrent.locks.AbstractQueuedSynchronizer$ConditionObject.await(AbstractQueuedSynchronizer.java:2039)
        at java.util.concurrent.ArrayBlockingQueue.take(ArrayBlockingQueue.java:403)
        at java.util.concurrent.ThreadPoolExecutor.getTask(ThreadPoolExecutor.java:1074)
        at java.util.concurrent.ThreadPoolExecutor.runWorker(ThreadPoolExecutor.java:1134)
        at java.util.concurrent.ThreadPoolExecutor$Worker.run(ThreadPoolExecutor.java:624)
        at java.lang.Thread.run(Thread.java:748)
"BlockDeletingService#1" daemon prio=5 tid=624 timed_waiting
java.lang.Thread.State: TIMED_WAITING
        at sun.misc.Unsafe.park(Native Method)
        at java.util.concurrent.locks.LockSupport.parkNanos(LockSupport.java:215)
        at java.util.concurrent.locks.AbstractQueuedSynchronizer$ConditionObject.awaitNanos(AbstractQueuedSynchronizer.java:2078)
        at java.util.concurrent.ScheduledThreadPoolExecutor$DelayedWorkQueue.take(ScheduledThreadPoolExecutor.java:1093)
        at java.util.concurrent.ScheduledThreadPoolExecutor$DelayedWorkQueue.take(ScheduledThreadPoolExecutor.java:809)
        at java.util.concurrent.ThreadPoolExecutor.getTask(ThreadPoolExecutor.java:1074)
        at java.util.concurrent.ThreadPoolExecutor.runWorker(ThreadPoolExecutor.java:1134)
        at java.util.concurrent.ThreadPoolExecutor$Worker.run(ThreadPoolExecutor.java:624)
        at java.lang.Thread.run(Thread.java:748)
"pool-26-thread-25"  prio=5 tid=338 in Object.wait()
java.lang.Thread.State: WAITING (on object monitor)
        at sun.misc.Unsafe.park(Native Method)
        at java.util.concurrent.locks.LockSupport.park(LockSupport.java:175)
        at java.util.concurrent.locks.AbstractQueuedSynchronizer$ConditionObject.await(AbstractQueuedSynchronizer.java:2039)
        at java.util.concurrent.ArrayBlockingQueue.take(ArrayBlockingQueue.java:403)
        at java.util.concurrent.ThreadPoolExecutor.getTask(ThreadPoolExecutor.java:1074)
        at java.util.concurrent.ThreadPoolExecutor.runWorker(ThreadPoolExecutor.java:1134)
        at java.util.concurrent.ThreadPoolExecutor$Worker.run(ThreadPoolExecutor.java:624)
        at java.lang.Thread.run(Thread.java:748)
"pool-36-thread-41"  prio=5 tid=414 in Object.wait()
java.lang.Thread.State: WAITING (on object monitor)
        at sun.misc.Unsafe.park(Native Method)
        at java.util.concurrent.locks.LockSupport.park(LockSupport.java:175)
        at java.util.concurrent.locks.AbstractQueuedSynchronizer$ConditionObject.await(AbstractQueuedSynchronizer.java:2039)
        at java.util.concurrent.ArrayBlockingQueue.take(ArrayBlockingQueue.java:403)
        at java.util.concurrent.ThreadPoolExecutor.getTask(ThreadPoolExecutor.java:1074)
        at java.util.concurrent.ThreadPoolExecutor.runWorker(ThreadPoolExecutor.java:1134)
        at java.util.concurrent.ThreadPoolExecutor$Worker.run(ThreadPoolExecutor.java:624)
        at java.lang.Thread.run(Thread.java:748)
"RatisPipelineUtilsThread"  prio=5 tid=688 timed_waiting
java.lang.Thread.State: TIMED_WAITING
        at sun.misc.Unsafe.park(Native Method)
        at java.util.concurrent.locks.LockSupport.parkNanos(LockSupport.java:215)
        at java.util.concurrent.locks.AbstractQueuedSynchronizer$ConditionObject.awaitNanos(AbstractQueuedSynchronizer.java:2078)
        at java.util.concurrent.ScheduledThreadPoolExecutor$DelayedWorkQueue.take(ScheduledThreadPoolExecutor.java:1093)
        at java.util.concurrent.ScheduledThreadPoolExecutor$DelayedWorkQueue.take(ScheduledThreadPoolExecutor.java:809)
        at java.util.concurrent.ThreadPoolExecutor.getTask(ThreadPoolExecutor.java:1074)
        at java.util.concurrent.ThreadPoolExecutor.runWorker(ThreadPoolExecutor.java:1134)
        at java.util.concurrent.ThreadPoolExecutor$Worker.run(ThreadPoolExecutor.java:624)
        at java.lang.Thread.run(Thread.java:748)
"grpc-default-worker-ELG-3-1" daemon prio=5 tid=698 runnable
java.lang.Thread.State: RUNNABLE
        at sun.nio.ch.EPollArrayWrapper.epollWait(Native Method)
        at sun.nio.ch.EPollArrayWrapper.poll(EPollArrayWrapper.java:269)
        at sun.nio.ch.EPollSelectorImpl.doSelect(EPollSelectorImpl.java:93)
        at sun.nio.ch.SelectorImpl.lockAndDoSelect(SelectorImpl.java:86)
        at sun.nio.ch.SelectorImpl.select(SelectorImpl.java:97)
        at org.apache.ratis.thirdparty.io.netty.channel.nio.SelectedSelectionKeySetSelector.select(SelectedSelectionKeySetSelector.java:62)
        at org.apache.ratis.thirdparty.io.netty.channel.nio.NioEventLoop.select(NioEventLoop.java:753)
        at org.apache.ratis.thirdparty.io.netty.channel.nio.NioEventLoop.run(NioEventLoop.java:408)
        at org.apache.ratis.thirdparty.io.netty.util.concurrent.SingleThreadEventExecutor$5.run(SingleThreadEventExecutor.java:897)
        at org.apache.ratis.thirdparty.io.netty.util.concurrent.FastThreadLocalRunnable.run(FastThreadLocalRunnable.java:30)
        at java.lang.Thread.run(Thread.java:748)
"pool-66-thread-30"  prio=5 tid=592 in Object.wait()
java.lang.Thread.State: WAITING (on object monitor)
        at sun.misc.Unsafe.park(Native Method)
        at java.util.concurrent.locks.LockSupport.park(LockSupport.java:175)
        at java.util.concurrent.locks.AbstractQueuedSynchronizer$ConditionObject.await(AbstractQueuedSynchronizer.java:2039)
        at java.util.concurrent.ArrayBlockingQueue.take(ArrayBlockingQueue.java:403)
        at java.util.concurrent.ThreadPoolExecutor.getTask(ThreadPoolExecutor.java:1074)
        at java.util.concurrent.ThreadPoolExecutor.runWorker(ThreadPoolExecutor.java:1134)
        at java.util.concurrent.ThreadPoolExecutor$Worker.run(ThreadPoolExecutor.java:624)
        at java.lang.Thread.run(Thread.java:748)
"Thread-1163" daemon prio=5 tid=1749 timed_waiting
java.lang.Thread.State: TIMED_WAITING
        at java.lang.Thread.sleep(Native Method)
        at org.apache.ratis.util.JavaUtils.sleep(JavaUtils.java:247)
        at org.apache.ratis.server.impl.FollowerState.run(FollowerState.java:96)
"org.apache.ratis.server.impl.LogAppender$AppenderDaemon$$Lambda$418/858148741@70e6eb72" daemon prio=5 tid=1812 timed_waiting
java.lang.Thread.State: TIMED_WAITING
        at java.lang.Object.wait(Native Method)
        at org.apache.ratis.grpc.server.GrpcLogAppender.mayWait(GrpcLogAppender.java:141)
        at org.apache.ratis.grpc.server.GrpcLogAppender.runAppenderImpl(GrpcLogAppender.java:95)
        at org.apache.ratis.server.impl.LogAppender$AppenderDaemon.run(LogAppender.java:76)
        at org.apache.ratis.server.impl.LogAppender$AppenderDaemon$$Lambda$418/858148741.run(Unknown Source)
        at java.lang.Thread.run(Thread.java:748)
"pool-26-thread-33"  prio=5 tid=346 in Object.wait()
java.lang.Thread.State: WAITING (on object monitor)
        at sun.misc.Unsafe.park(Native Method)
        at java.util.concurrent.locks.LockSupport.park(LockSupport.java:175)
        at java.util.concurrent.locks.AbstractQueuedSynchronizer$ConditionObject.await(AbstractQueuedSynchronizer.java:2039)
        at java.util.concurrent.ArrayBlockingQueue.take(ArrayBlockingQueue.java:403)
        at java.util.concurrent.ThreadPoolExecutor.getTask(ThreadPoolExecutor.java:1074)
        at java.util.concurrent.ThreadPoolExecutor.runWorker(ThreadPoolExecutor.java:1134)
        at java.util.concurrent.ThreadPoolExecutor$Worker.run(ThreadPoolExecutor.java:624)
        at java.lang.Thread.run(Thread.java:748)
"IPC Server handler 14 on 40029" daemon prio=5 tid=83 timed_waiting
java.lang.Thread.State: TIMED_WAITING
        at sun.misc.Unsafe.park(Native Method)
        at java.util.concurrent.locks.LockSupport.parkNanos(LockSupport.java:215)
        at java.util.concurrent.locks.AbstractQueuedSynchronizer$ConditionObject.awaitNanos(AbstractQueuedSynchronizer.java:2078)
        at java.util.concurrent.LinkedBlockingQueue.poll(LinkedBlockingQueue.java:467)
        at org.apache.hadoop.ipc.CallQueueManager.take(CallQueueManager.java:288)
        at org.apache.hadoop.ipc.Server$Handler.run(Server.java:2668)
"pool-66-thread-34"  prio=5 tid=596 in Object.wait()
java.lang.Thread.State: WAITING (on object monitor)
        at sun.misc.Unsafe.park(Native Method)
        at java.util.concurrent.locks.LockSupport.park(LockSupport.java:175)
        at java.util.concurrent.locks.AbstractQueuedSynchronizer$ConditionObject.await(AbstractQueuedSynchronizer.java:2039)
        at java.util.concurrent.ArrayBlockingQueue.take(ArrayBlockingQueue.java:403)
        at java.util.concurrent.ThreadPoolExecutor.getTask(ThreadPoolExecutor.java:1074)
        at java.util.concurrent.ThreadPoolExecutor.runWorker(ThreadPoolExecutor.java:1134)
        at java.util.concurrent.ThreadPoolExecutor$Worker.run(ThreadPoolExecutor.java:624)
        at java.lang.Thread.run(Thread.java:748)
"pool-36-thread-24"  prio=5 tid=397 in Object.wait()
java.lang.Thread.State: WAITING (on object monitor)
        at sun.misc.Unsafe.park(Native Method)
        at java.util.concurrent.locks.LockSupport.park(LockSupport.java:175)
        at java.util.concurrent.locks.AbstractQueuedSynchronizer$ConditionObject.await(AbstractQueuedSynchronizer.java:2039)
        at java.util.concurrent.ArrayBlockingQueue.take(ArrayBlockingQueue.java:403)
        at java.util.concurrent.ThreadPoolExecutor.getTask(ThreadPoolExecutor.java:1074)
        at java.util.concurrent.ThreadPoolExecutor.runWorker(ThreadPoolExecutor.java:1134)
        at java.util.concurrent.ThreadPoolExecutor$Worker.run(ThreadPoolExecutor.java:624)
        at java.lang.Thread.run(Thread.java:748)
"qtp219192399-166" daemon prio=5 tid=166 timed_waiting
java.lang.Thread.State: TIMED_WAITING
        at sun.misc.Unsafe.park(Native Method)
        at java.util.concurrent.locks.LockSupport.parkNanos(LockSupport.java:215)
        at java.util.concurrent.locks.AbstractQueuedSynchronizer$ConditionObject.awaitNanos(AbstractQueuedSynchronizer.java:2078)
        at org.eclipse.jetty.util.BlockingArrayQueue.poll(BlockingArrayQueue.java:392)
        at org.eclipse.jetty.util.thread.QueuedThreadPool.idleJobPoll(QueuedThreadPool.java:563)
        at org.eclipse.jetty.util.thread.QueuedThreadPool.access$800(QueuedThreadPool.java:48)
        at org.eclipse.jetty.util.thread.QueuedThreadPool$2.run(QueuedThreadPool.java:626)
        at java.lang.Thread.run(Thread.java:748)
"IPC Server handler 2 on 37215" daemon prio=5 tid=51 timed_waiting
java.lang.Thread.State: TIMED_WAITING
        at sun.misc.Unsafe.park(Native Method)
        at java.util.concurrent.locks.LockSupport.parkNanos(LockSupport.java:215)
        at java.util.concurrent.locks.AbstractQueuedSynchronizer$ConditionObject.awaitNanos(AbstractQueuedSynchronizer.java:2078)
        at java.util.concurrent.LinkedBlockingQueue.poll(LinkedBlockingQueue.java:467)
        at org.apache.hadoop.ipc.CallQueueManager.take(CallQueueManager.java:288)
        at org.apache.hadoop.ipc.Server$Handler.run(Server.java:2668)
"SCM Heartbeat Processing Thread - 0" daemon prio=5 tid=13 timed_waiting
java.lang.Thread.State: TIMED_WAITING
        at sun.misc.Unsafe.park(Native Method)
        at java.util.concurrent.locks.LockSupport.parkNanos(LockSupport.java:215)
        at java.util.concurrent.locks.AbstractQueuedSynchronizer$ConditionObject.awaitNanos(AbstractQueuedSynchronizer.java:2078)
        at java.util.concurrent.ScheduledThreadPoolExecutor$DelayedWorkQueue.take(ScheduledThreadPoolExecutor.java:1093)
        at java.util.concurrent.ScheduledThreadPoolExecutor$DelayedWorkQueue.take(ScheduledThreadPoolExecutor.java:809)
        at java.util.concurrent.ThreadPoolExecutor.getTask(ThreadPoolExecutor.java:1074)
        at java.util.concurrent.ThreadPoolExecutor.runWorker(ThreadPoolExecutor.java:1134)
        at java.util.concurrent.ThreadPoolExecutor$Worker.run(ThreadPoolExecutor.java:624)
        at java.lang.Thread.run(Thread.java:748)
"pool-66-thread-54"  prio=5 tid=616 in Object.wait()
java.lang.Thread.State: WAITING (on object monitor)
        at sun.misc.Unsafe.park(Native Method)
        at java.util.concurrent.locks.LockSupport.park(LockSupport.java:175)
        at java.util.concurrent.locks.AbstractQueuedSynchronizer$ConditionObject.await(AbstractQueuedSynchronizer.java:2039)
        at java.util.concurrent.ArrayBlockingQueue.take(ArrayBlockingQueue.java:403)
        at java.util.concurrent.ThreadPoolExecutor.getTask(ThreadPoolExecutor.java:1074)
        at java.util.concurrent.ThreadPoolExecutor.runWorker(ThreadPoolExecutor.java:1134)
        at java.util.concurrent.ThreadPoolExecutor$Worker.run(ThreadPoolExecutor.java:624)
        at java.lang.Thread.run(Thread.java:748)
"pool-26-thread-44"  prio=5 tid=357 in Object.wait()
java.lang.Thread.State: WAITING (on object monitor)
        at sun.misc.Unsafe.park(Native Method)
        at java.util.concurrent.locks.LockSupport.park(LockSupport.java:175)
        at java.util.concurrent.locks.AbstractQueuedSynchronizer$ConditionObject.await(AbstractQueuedSynchronizer.java:2039)
        at java.util.concurrent.ArrayBlockingQueue.take(ArrayBlockingQueue.java:403)
        at java.util.concurrent.ThreadPoolExecutor.getTask(ThreadPoolExecutor.java:1074)
        at java.util.concurrent.ThreadPoolExecutor.runWorker(ThreadPoolExecutor.java:1134)
        at java.util.concurrent.ThreadPoolExecutor$Worker.run(ThreadPoolExecutor.java:624)
        at java.lang.Thread.run(Thread.java:748)
"pool-46-thread-14"  prio=5 tid=447 in Object.wait()
java.lang.Thread.State: WAITING (on object monitor)
        at sun.misc.Unsafe.park(Native Method)
        at java.util.concurrent.locks.LockSupport.park(LockSupport.java:175)
        at java.util.concurrent.locks.AbstractQueuedSynchronizer$ConditionObject.await(AbstractQueuedSynchronizer.java:2039)
        at java.util.concurrent.ArrayBlockingQueue.take(ArrayBlockingQueue.java:403)
        at java.util.concurrent.ThreadPoolExecutor.getTask(ThreadPoolExecutor.java:1074)
        at java.util.concurrent.ThreadPoolExecutor.runWorker(ThreadPoolExecutor.java:1134)
        at java.util.concurrent.ThreadPoolExecutor$Worker.run(ThreadPoolExecutor.java:624)
        at java.lang.Thread.run(Thread.java:748)
"b7064b77-9271-4e94-8225-85d895886efb@group-282EF1BFFEE0-SegmentedRaftLogWorker"  prio=5 tid=772 timed_waiting
java.lang.Thread.State: TIMED_WAITING
        at sun.misc.Unsafe.park(Native Method)
        at java.util.concurrent.locks.LockSupport.parkNanos(LockSupport.java:215)
        at java.util.concurrent.locks.AbstractQueuedSynchronizer$ConditionObject.awaitNanos(AbstractQueuedSynchronizer.java:2078)
        at org.apache.ratis.util.DataBlockingQueue.poll(DataBlockingQueue.java:137)
        at org.apache.ratis.server.raftlog.segmented.SegmentedRaftLogWorker.run(SegmentedRaftLogWorker.java:283)
        at java.lang.Thread.run(Thread.java:748)
"pool-76-thread-29"  prio=5 tid=653 in Object.wait()
java.lang.Thread.State: WAITING (on object monitor)
        at sun.misc.Unsafe.park(Native Method)
        at java.util.concurrent.locks.LockSupport.park(LockSupport.java:175)
        at java.util.concurrent.locks.AbstractQueuedSynchronizer$ConditionObject.await(AbstractQueuedSynchronizer.java:2039)
        at java.util.concurrent.ArrayBlockingQueue.take(ArrayBlockingQueue.java:403)
        at java.util.concurrent.ThreadPoolExecutor.getTask(ThreadPoolExecutor.java:1074)
        at java.util.concurrent.ThreadPoolExecutor.runWorker(ThreadPoolExecutor.java:1134)
        at java.util.concurrent.ThreadPoolExecutor$Worker.run(ThreadPoolExecutor.java:624)
        at java.lang.Thread.run(Thread.java:748)
"qtp83534488-215" daemon prio=5 tid=215 timed_waiting
java.lang.Thread.State: TIMED_WAITING
        at sun.misc.Unsafe.park(Native Method)
        at java.util.concurrent.locks.LockSupport.parkNanos(LockSupport.java:215)
        at java.util.concurrent.locks.AbstractQueuedSynchronizer$ConditionObject.awaitNanos(AbstractQueuedSynchronizer.java:2078)
        at org.eclipse.jetty.util.BlockingArrayQueue.poll(BlockingArrayQueue.java:392)
        at org.eclipse.jetty.util.thread.QueuedThreadPool.idleJobPoll(QueuedThreadPool.java:563)
        at org.eclipse.jetty.util.thread.QueuedThreadPool.access$800(QueuedThreadPool.java:48)
        at org.eclipse.jetty.util.thread.QueuedThreadPool$2.run(QueuedThreadPool.java:626)
        at java.lang.Thread.run(Thread.java:748)
"pool-76-thread-23"  prio=5 tid=647 in Object.wait()
java.lang.Thread.State: WAITING (on object monitor)
        at sun.misc.Unsafe.park(Native Method)
        at java.util.concurrent.locks.LockSupport.park(LockSupport.java:175)
        at java.util.concurrent.locks.AbstractQueuedSynchronizer$ConditionObject.await(AbstractQueuedSynchronizer.java:2039)
        at java.util.concurrent.ArrayBlockingQueue.take(ArrayBlockingQueue.java:403)
        at java.util.concurrent.ThreadPoolExecutor.getTask(ThreadPoolExecutor.java:1074)
        at java.util.concurrent.ThreadPoolExecutor.runWorker(ThreadPoolExecutor.java:1134)
        at java.util.concurrent.ThreadPoolExecutor$Worker.run(ThreadPoolExecutor.java:624)
        at java.lang.Thread.run(Thread.java:748)
"pool-76-thread-17"  prio=5 tid=641 in Object.wait()
java.lang.Thread.State: WAITING (on object monitor)
        at sun.misc.Unsafe.park(Native Method)
        at java.util.concurrent.locks.LockSupport.park(LockSupport.java:175)
        at java.util.concurrent.locks.AbstractQueuedSynchronizer$ConditionObject.await(AbstractQueuedSynchronizer.java:2039)
        at java.util.concurrent.ArrayBlockingQueue.take(ArrayBlockingQueue.java:403)
        at java.util.concurrent.ThreadPoolExecutor.getTask(ThreadPoolExecutor.java:1074)
        at java.util.concurrent.ThreadPoolExecutor.runWorker(ThreadPoolExecutor.java:1134)
        at java.util.concurrent.ThreadPoolExecutor$Worker.run(ThreadPoolExecutor.java:624)
        at java.lang.Thread.run(Thread.java:748)
"Datanode State Machine Thread - 0" daemon prio=5 tid=285 timed_waiting
java.lang.Thread.State: TIMED_WAITING
        at sun.misc.Unsafe.park(Native Method)
        at java.util.concurrent.locks.LockSupport.parkNanos(LockSupport.java:215)
        at java.util.concurrent.SynchronousQueue$TransferStack.awaitFulfill(SynchronousQueue.java:460)
        at java.util.concurrent.SynchronousQueue$TransferStack.transfer(SynchronousQueue.java:362)
        at java.util.concurrent.SynchronousQueue.poll(SynchronousQueue.java:941)
        at java.util.concurrent.ThreadPoolExecutor.getTask(ThreadPoolExecutor.java:1073)
        at java.util.concurrent.ThreadPoolExecutor.runWorker(ThreadPoolExecutor.java:1134)
        at java.util.concurrent.ThreadPoolExecutor$Worker.run(ThreadPoolExecutor.java:624)
        at java.lang.Thread.run(Thread.java:748)
"a7d59ef6-3eca-4628-b097-12d983444e7f@group-6E9EB1C0F638-StateMachineUpdater" daemon prio=5 tid=865 in Object.wait()
java.lang.Thread.State: WAITING (on object monitor)
        at java.lang.Object.wait(Native Method)
        at java.lang.Object.wait(Object.java:502)
        at org.apache.ratis.server.impl.StateMachineUpdater.waitForCommit(StateMachineUpdater.java:183)
        at org.apache.ratis.server.impl.StateMachineUpdater.run(StateMachineUpdater.java:148)
        at java.lang.Thread.run(Thread.java:748)
"org.eclipse.jetty.server.session.HashSessionManager@423b2b62Timer" daemon prio=5 tid=277 timed_waiting
java.lang.Thread.State: TIMED_WAITING
        at sun.misc.Unsafe.park(Native Method)
        at java.util.concurrent.locks.LockSupport.parkNanos(LockSupport.java:215)
        at java.util.concurrent.locks.AbstractQueuedSynchronizer$ConditionObject.awaitNanos(AbstractQueuedSynchronizer.java:2078)
        at java.util.concurrent.ScheduledThreadPoolExecutor$DelayedWorkQueue.take(ScheduledThreadPoolExecutor.java:1093)
        at java.util.concurrent.ScheduledThreadPoolExecutor$DelayedWorkQueue.take(ScheduledThreadPoolExecutor.java:809)
        at java.util.concurrent.ThreadPoolExecutor.getTask(ThreadPoolExecutor.java:1074)
        at java.util.concurrent.ThreadPoolExecutor.runWorker(ThreadPoolExecutor.java:1134)
        at java.util.concurrent.ThreadPoolExecutor$Worker.run(ThreadPoolExecutor.java:624)
        at java.lang.Thread.run(Thread.java:748)
"org.apache.ratis.server.impl.LogAppender$AppenderDaemon$$Lambda$418/858148741@2fe3e77c" daemon prio=5 tid=1832 timed_waiting
java.lang.Thread.State: TIMED_WAITING
        at java.lang.Object.wait(Native Method)
        at org.apache.ratis.grpc.server.GrpcLogAppender.mayWait(GrpcLogAppender.java:141)
        at org.apache.ratis.grpc.server.GrpcLogAppender.runAppenderImpl(GrpcLogAppender.java:95)
        at org.apache.ratis.server.impl.LogAppender$AppenderDaemon.run(LogAppender.java:76)
        at org.apache.ratis.server.impl.LogAppender$AppenderDaemon$$Lambda$418/858148741.run(Unknown Source)
        at java.lang.Thread.run(Thread.java:748)
"java.util.concurrent.ThreadPoolExecutor$Worker@558b6544[State = -1, empty queue]" daemon prio=5 tid=1862 timed_waiting
java.lang.Thread.State: TIMED_WAITING
        at sun.misc.Unsafe.park(Native Method)
        at java.util.concurrent.locks.LockSupport.parkNanos(LockSupport.java:215)
        at java.util.concurrent.locks.AbstractQueuedSynchronizer$ConditionObject.awaitNanos(AbstractQueuedSynchronizer.java:2078)
        at java.util.concurrent.ScheduledThreadPoolExecutor$DelayedWorkQueue.take(ScheduledThreadPoolExecutor.java:1093)
        at java.util.concurrent.ScheduledThreadPoolExecutor$DelayedWorkQueue.take(ScheduledThreadPoolExecutor.java:809)
        at java.util.concurrent.ThreadPoolExecutor.getTask(ThreadPoolExecutor.java:1074)
        at java.util.concurrent.ThreadPoolExecutor.runWorker(ThreadPoolExecutor.java:1134)
        at java.util.concurrent.ThreadPoolExecutor$Worker.run(ThreadPoolExecutor.java:624)
        at java.lang.Thread.run(Thread.java:748)
"metrics-hadoop-metrics2-reporter-51-thread-1" daemon prio=5 tid=1802 timed_waiting
java.lang.Thread.State: TIMED_WAITING
        at sun.misc.Unsafe.park(Native Method)
        at java.util.concurrent.locks.LockSupport.parkNanos(LockSupport.java:215)
        at java.util.concurrent.locks.AbstractQueuedSynchronizer$ConditionObject.awaitNanos(AbstractQueuedSynchronizer.java:2078)
        at java.util.concurrent.ScheduledThreadPoolExecutor$DelayedWorkQueue.take(ScheduledThreadPoolExecutor.java:1093)
        at java.util.concurrent.ScheduledThreadPoolExecutor$DelayedWorkQueue.take(ScheduledThreadPoolExecutor.java:809)
        at java.util.concurrent.ThreadPoolExecutor.getTask(ThreadPoolExecutor.java:1074)
        at java.util.concurrent.ThreadPoolExecutor.runWorker(ThreadPoolExecutor.java:1134)
        at java.util.concurrent.ThreadPoolExecutor$Worker.run(ThreadPoolExecutor.java:624)
        at java.lang.Thread.run(Thread.java:748)
"e081c0a5-acfc-4a29-8262-ee158adf5b11@group-BF1BD4D8076C-StateMachineUpdater" daemon prio=5 tid=745 in Object.wait()
java.lang.Thread.State: WAITING (on object monitor)
        at java.lang.Object.wait(Native Method)
        at java.lang.Object.wait(Object.java:502)
        at org.apache.ratis.server.impl.StateMachineUpdater.waitForCommit(StateMachineUpdater.java:183)
        at org.apache.ratis.server.impl.StateMachineUpdater.run(StateMachineUpdater.java:148)
        at java.lang.Thread.run(Thread.java:748)
"java.util.concurrent.ThreadPoolExecutor$Worker@183c5cb9[State = -1, empty queue]" daemon prio=5 tid=1865 timed_waiting
java.lang.Thread.State: TIMED_WAITING
        at sun.misc.Unsafe.park(Native Method)
        at java.util.concurrent.locks.LockSupport.parkNanos(LockSupport.java:215)
        at java.util.concurrent.locks.AbstractQueuedSynchronizer$ConditionObject.awaitNanos(AbstractQueuedSynchronizer.java:2078)
        at java.util.concurrent.ScheduledThreadPoolExecutor$DelayedWorkQueue.take(ScheduledThreadPoolExecutor.java:1093)
        at java.util.concurrent.ScheduledThreadPoolExecutor$DelayedWorkQueue.take(ScheduledThreadPoolExecutor.java:809)
        at java.util.concurrent.ThreadPoolExecutor.getTask(ThreadPoolExecutor.java:1074)
        at java.util.concurrent.ThreadPoolExecutor.runWorker(ThreadPoolExecutor.java:1134)
        at java.util.concurrent.ThreadPoolExecutor$Worker.run(ThreadPoolExecutor.java:624)
        at java.lang.Thread.run(Thread.java:748)
"pool-26-thread-41"  prio=5 tid=354 in Object.wait()
java.lang.Thread.State: WAITING (on object monitor)
        at sun.misc.Unsafe.park(Native Method)
        at java.util.concurrent.locks.LockSupport.park(LockSupport.java:175)
        at java.util.concurrent.locks.AbstractQueuedSynchronizer$ConditionObject.await(AbstractQueuedSynchronizer.java:2039)
        at java.util.concurrent.ArrayBlockingQueue.take(ArrayBlockingQueue.java:403)
        at java.util.concurrent.ThreadPoolExecutor.getTask(ThreadPoolExecutor.java:1074)
        at java.util.concurrent.ThreadPoolExecutor.runWorker(ThreadPoolExecutor.java:1134)
        at java.util.concurrent.ThreadPoolExecutor$Worker.run(ThreadPoolExecutor.java:624)
        at java.lang.Thread.run(Thread.java:748)
"pool-66-thread-18"  prio=5 tid=580 in Object.wait()
java.lang.Thread.State: WAITING (on object monitor)
        at sun.misc.Unsafe.park(Native Method)
        at java.util.concurrent.locks.LockSupport.park(LockSupport.java:175)
        at java.util.concurrent.locks.AbstractQueuedSynchronizer$ConditionObject.await(AbstractQueuedSynchronizer.java:2039)
        at java.util.concurrent.ArrayBlockingQueue.take(ArrayBlockingQueue.java:403)
        at java.util.concurrent.ThreadPoolExecutor.getTask(ThreadPoolExecutor.java:1074)
        at java.util.concurrent.ThreadPoolExecutor.runWorker(ThreadPoolExecutor.java:1134)
        at java.util.concurrent.ThreadPoolExecutor$Worker.run(ThreadPoolExecutor.java:624)
        at java.lang.Thread.run(Thread.java:748)
"pool-76-thread-36"  prio=5 tid=660 in Object.wait()
java.lang.Thread.State: WAITING (on object monitor)
        at sun.misc.Unsafe.park(Native Method)
        at java.util.concurrent.locks.LockSupport.park(LockSupport.java:175)
        at java.util.concurrent.locks.AbstractQueuedSynchronizer$ConditionObject.await(AbstractQueuedSynchronizer.java:2039)
        at java.util.concurrent.ArrayBlockingQueue.take(ArrayBlockingQueue.java:403)
        at java.util.concurrent.ThreadPoolExecutor.getTask(ThreadPoolExecutor.java:1074)
        at java.util.concurrent.ThreadPoolExecutor.runWorker(ThreadPoolExecutor.java:1134)
        at java.util.concurrent.ThreadPoolExecutor$Worker.run(ThreadPoolExecutor.java:624)
        at java.lang.Thread.run(Thread.java:748)
"d0888866-0bad-4f41-ad37-dccd4a57b958@group-CDCB2C8C105A-StateMachineUpdater" daemon prio=5 tid=726 in Object.wait()
java.lang.Thread.State: WAITING (on object monitor)
        at java.lang.Object.wait(Native Method)
        at java.lang.Object.wait(Object.java:502)
        at org.apache.ratis.server.impl.StateMachineUpdater.waitForCommit(StateMachineUpdater.java:183)
        at org.apache.ratis.server.impl.StateMachineUpdater.run(StateMachineUpdater.java:148)
        at java.lang.Thread.run(Thread.java:748)
"pool-56-thread-30"  prio=5 tid=524 in Object.wait()
java.lang.Thread.State: WAITING (on object monitor)
        at sun.misc.Unsafe.park(Native Method)
        at java.util.concurrent.locks.LockSupport.park(LockSupport.java:175)
        at java.util.concurrent.locks.AbstractQueuedSynchronizer$ConditionObject.await(AbstractQueuedSynchronizer.java:2039)
        at java.util.concurrent.ArrayBlockingQueue.take(ArrayBlockingQueue.java:403)
        at java.util.concurrent.ThreadPoolExecutor.getTask(ThreadPoolExecutor.java:1074)
        at java.util.concurrent.ThreadPoolExecutor.runWorker(ThreadPoolExecutor.java:1134)
        at java.util.concurrent.ThreadPoolExecutor$Worker.run(ThreadPoolExecutor.java:624)
        at java.lang.Thread.run(Thread.java:748)
"pool-21-thread-1"  prio=5 tid=135 timed_waiting
java.lang.Thread.State: TIMED_WAITING
        at sun.misc.Unsafe.park(Native Method)
        at java.util.concurrent.locks.LockSupport.parkNanos(LockSupport.java:215)
        at java.util.concurrent.locks.AbstractQueuedSynchronizer$ConditionObject.awaitNanos(AbstractQueuedSynchronizer.java:2078)
        at java.util.concurrent.ScheduledThreadPoolExecutor$DelayedWorkQueue.take(ScheduledThreadPoolExecutor.java:1093)
        at java.util.concurrent.ScheduledThreadPoolExecutor$DelayedWorkQueue.take(ScheduledThreadPoolExecutor.java:809)
        at java.util.concurrent.ThreadPoolExecutor.getTask(ThreadPoolExecutor.java:1074)
        at java.util.concurrent.ThreadPoolExecutor.runWorker(ThreadPoolExecutor.java:1134)
        at java.util.concurrent.ThreadPoolExecutor$Worker.run(ThreadPoolExecutor.java:624)
        at java.lang.Thread.run(Thread.java:748)
"metrics-hadoop-metrics2-reporter-24-thread-1" daemon prio=5 tid=807 timed_waiting
java.lang.Thread.State: TIMED_WAITING
        at sun.misc.Unsafe.park(Native Method)
        at java.util.concurrent.locks.LockSupport.parkNanos(LockSupport.java:215)
        at java.util.concurrent.locks.AbstractQueuedSynchronizer$ConditionObject.awaitNanos(AbstractQueuedSynchronizer.java:2078)
        at java.util.concurrent.ScheduledThreadPoolExecutor$DelayedWorkQueue.take(ScheduledThreadPoolExecutor.java:1093)
        at java.util.concurrent.ScheduledThreadPoolExecutor$DelayedWorkQueue.take(ScheduledThreadPoolExecutor.java:809)
        at java.util.concurrent.ThreadPoolExecutor.getTask(ThreadPoolExecutor.java:1074)
        at java.util.concurrent.ThreadPoolExecutor.runWorker(ThreadPoolExecutor.java:1134)
        at java.util.concurrent.ThreadPoolExecutor$Worker.run(ThreadPoolExecutor.java:624)
        at java.lang.Thread.run(Thread.java:748)
"pool-76-thread-19"  prio=5 tid=643 in Object.wait()
java.lang.Thread.State: WAITING (on object monitor)
        at sun.misc.Unsafe.park(Native Method)
        at java.util.concurrent.locks.LockSupport.park(LockSupport.java:175)
        at java.util.concurrent.locks.AbstractQueuedSynchronizer$ConditionObject.await(AbstractQueuedSynchronizer.java:2039)
        at java.util.concurrent.ArrayBlockingQueue.take(ArrayBlockingQueue.java:403)
        at java.util.concurrent.ThreadPoolExecutor.getTask(ThreadPoolExecutor.java:1074)
        at java.util.concurrent.ThreadPoolExecutor.runWorker(ThreadPoolExecutor.java:1134)
        at java.util.concurrent.ThreadPoolExecutor$Worker.run(ThreadPoolExecutor.java:624)
        at java.lang.Thread.run(Thread.java:748)
"pool-56-thread-9"  prio=5 tid=503 in Object.wait()
java.lang.Thread.State: WAITING (on object monitor)
        at sun.misc.Unsafe.park(Native Method)
        at java.util.concurrent.locks.LockSupport.park(LockSupport.java:175)
        at java.util.concurrent.locks.AbstractQueuedSynchronizer$ConditionObject.await(AbstractQueuedSynchronizer.java:2039)
        at java.util.concurrent.ArrayBlockingQueue.take(ArrayBlockingQueue.java:403)
        at java.util.concurrent.ThreadPoolExecutor.getTask(ThreadPoolExecutor.java:1074)
        at java.util.concurrent.ThreadPoolExecutor.runWorker(ThreadPoolExecutor.java:1134)
        at java.util.concurrent.ThreadPoolExecutor$Worker.run(ThreadPoolExecutor.java:624)
        at java.lang.Thread.run(Thread.java:748)
"pool-46-thread-5"  prio=5 tid=438 in Object.wait()
java.lang.Thread.State: WAITING (on object monitor)
        at sun.misc.Unsafe.park(Native Method)
        at java.util.concurrent.locks.LockSupport.park(LockSupport.java:175)
        at java.util.concurrent.locks.AbstractQueuedSynchronizer$ConditionObject.await(AbstractQueuedSynchronizer.java:2039)
        at java.util.concurrent.ArrayBlockingQueue.take(ArrayBlockingQueue.java:403)
        at java.util.concurrent.ThreadPoolExecutor.getTask(ThreadPoolExecutor.java:1074)
        at java.util.concurrent.ThreadPoolExecutor.runWorker(ThreadPoolExecutor.java:1134)
        at java.util.concurrent.ThreadPoolExecutor$Worker.run(ThreadPoolExecutor.java:624)
        at java.lang.Thread.run(Thread.java:748)
"pool-66-thread-28"  prio=5 tid=590 in Object.wait()
java.lang.Thread.State: WAITING (on object monitor)
        at sun.misc.Unsafe.park(Native Method)
        at java.util.concurrent.locks.LockSupport.park(LockSupport.java:175)
        at java.util.concurrent.locks.AbstractQueuedSynchronizer$ConditionObject.await(AbstractQueuedSynchronizer.java:2039)
        at java.util.concurrent.ArrayBlockingQueue.take(ArrayBlockingQueue.java:403)
        at java.util.concurrent.ThreadPoolExecutor.getTask(ThreadPoolExecutor.java:1074)
        at java.util.concurrent.ThreadPoolExecutor.runWorker(ThreadPoolExecutor.java:1134)
        at java.util.concurrent.ThreadPoolExecutor$Worker.run(ThreadPoolExecutor.java:624)
        at java.lang.Thread.run(Thread.java:748)
"qtp1623761043-268-acceptor-0@39c7a2b1-ServerConnector@74ea46e2{HTTP/1.1,[http/1.1]}{0.0.0.0:38912}" daemon prio=3 tid=268 runnable
java.lang.Thread.State: RUNNABLE
        at sun.nio.ch.ServerSocketChannelImpl.accept0(Native Method)
        at sun.nio.ch.ServerSocketChannelImpl.accept(ServerSocketChannelImpl.java:422)
        at sun.nio.ch.ServerSocketChannelImpl.accept(ServerSocketChannelImpl.java:250)
        at org.eclipse.jetty.server.ServerConnector.accept(ServerConnector.java:397)
        at org.eclipse.jetty.server.AbstractConnector$Acceptor.run(AbstractConnector.java:601)
        at org.eclipse.jetty.util.thread.QueuedThreadPool.runJob(QueuedThreadPool.java:671)
        at org.eclipse.jetty.util.thread.QueuedThreadPool$2.run(QueuedThreadPool.java:589)
        at java.lang.Thread.run(Thread.java:748)
"qtp564272228-89" daemon prio=5 tid=89 runnable
java.lang.Thread.State: RUNNABLE
        at sun.nio.ch.EPollArrayWrapper.epollWait(Native Method)
        at sun.nio.ch.EPollArrayWrapper.poll(EPollArrayWrapper.java:269)
        at sun.nio.ch.EPollSelectorImpl.doSelect(EPollSelectorImpl.java:93)
        at sun.nio.ch.SelectorImpl.lockAndDoSelect(SelectorImpl.java:86)
        at sun.nio.ch.SelectorImpl.select(SelectorImpl.java:97)
        at sun.nio.ch.SelectorImpl.select(SelectorImpl.java:101)
        at org.eclipse.jetty.io.ManagedSelector$SelectorProducer.select(ManagedSelector.java:243)
        at org.eclipse.jetty.io.ManagedSelector$SelectorProducer.produce(ManagedSelector.java:191)
        at org.eclipse.jetty.util.thread.strategy.ExecuteProduceConsume.executeProduceConsume(ExecuteProduceConsume.java:249)
        at org.eclipse.jetty.util.thread.strategy.ExecuteProduceConsume.produceConsume(ExecuteProduceConsume.java:148)
        at org.eclipse.jetty.util.thread.strategy.ExecuteProduceConsume.execute(ExecuteProduceConsume.java:100)
        at org.eclipse.jetty.io.ManagedSelector.run(ManagedSelector.java:147)
        at org.eclipse.jetty.util.thread.QueuedThreadPool.runJob(QueuedThreadPool.java:671)
        at org.eclipse.jetty.util.thread.QueuedThreadPool$2.run(QueuedThreadPool.java:589)
        at java.lang.Thread.run(Thread.java:748)
"metrics-hadoop-metrics2-reporter-22-thread-1" daemon prio=5 tid=793 timed_waiting
java.lang.Thread.State: TIMED_WAITING
        at sun.misc.Unsafe.park(Native Method)
        at java.util.concurrent.locks.LockSupport.parkNanos(LockSupport.java:215)
        at java.util.concurrent.locks.AbstractQueuedSynchronizer$ConditionObject.awaitNanos(AbstractQueuedSynchronizer.java:2078)
        at java.util.concurrent.ScheduledThreadPoolExecutor$DelayedWorkQueue.take(ScheduledThreadPoolExecutor.java:1093)
        at java.util.concurrent.ScheduledThreadPoolExecutor$DelayedWorkQueue.take(ScheduledThreadPoolExecutor.java:809)
        at java.util.concurrent.ThreadPoolExecutor.getTask(ThreadPoolExecutor.java:1074)
        at java.util.concurrent.ThreadPoolExecutor.runWorker(ThreadPoolExecutor.java:1134)
        at java.util.concurrent.ThreadPoolExecutor$Worker.run(ThreadPoolExecutor.java:624)
        at java.lang.Thread.run(Thread.java:748)
"pool-56-thread-27"  prio=5 tid=521 in Object.wait()
java.lang.Thread.State: WAITING (on object monitor)
        at sun.misc.Unsafe.park(Native Method)
        at java.util.concurrent.locks.LockSupport.park(LockSupport.java:175)
        at java.util.concurrent.locks.AbstractQueuedSynchronizer$ConditionObject.await(AbstractQueuedSynchronizer.java:2039)
        at java.util.concurrent.ArrayBlockingQueue.take(ArrayBlockingQueue.java:403)
        at java.util.concurrent.ThreadPoolExecutor.getTask(ThreadPoolExecutor.java:1074)
        at java.util.concurrent.ThreadPoolExecutor.runWorker(ThreadPoolExecutor.java:1134)
        at java.util.concurrent.ThreadPoolExecutor$Worker.run(ThreadPoolExecutor.java:624)
        at java.lang.Thread.run(Thread.java:748)
"a7d59ef6-3eca-4628-b097-12d983444e7f@group-DBE87B3B08CE-StateMachineUpdater" daemon prio=5 tid=806 in Object.wait()
java.lang.Thread.State: WAITING (on object monitor)
        at java.lang.Object.wait(Native Method)
        at java.lang.Object.wait(Object.java:502)
        at org.apache.ratis.server.impl.StateMachineUpdater.waitForCommit(StateMachineUpdater.java:183)
        at org.apache.ratis.server.impl.StateMachineUpdater.run(StateMachineUpdater.java:148)
        at java.lang.Thread.run(Thread.java:748)
"pool-26-thread-28"  prio=5 tid=341 in Object.wait()
java.lang.Thread.State: WAITING (on object monitor)
        at sun.misc.Unsafe.park(Native Method)
        at java.util.concurrent.locks.LockSupport.park(LockSupport.java:175)
        at java.util.concurrent.locks.AbstractQueuedSynchronizer$ConditionObject.await(AbstractQueuedSynchronizer.java:2039)
        at java.util.concurrent.ArrayBlockingQueue.take(ArrayBlockingQueue.java:403)
        at java.util.concurrent.ThreadPoolExecutor.getTask(ThreadPoolExecutor.java:1074)
        at java.util.concurrent.ThreadPoolExecutor.runWorker(ThreadPoolExecutor.java:1134)
        at java.util.concurrent.ThreadPoolExecutor$Worker.run(ThreadPoolExecutor.java:624)
        at java.lang.Thread.run(Thread.java:748)
"pool-6-thread-1"  prio=5 tid=26 timed_waiting
java.lang.Thread.State: TIMED_WAITING
        at sun.misc.Unsafe.park(Native Method)
        at java.util.concurrent.locks.LockSupport.parkNanos(LockSupport.java:215)
        at java.util.concurrent.locks.AbstractQueuedSynchronizer$ConditionObject.awaitNanos(AbstractQueuedSynchronizer.java:2078)
        at java.util.concurrent.ScheduledThreadPoolExecutor$DelayedWorkQueue.take(ScheduledThreadPoolExecutor.java:1093)
        at java.util.concurrent.ScheduledThreadPoolExecutor$DelayedWorkQueue.take(ScheduledThreadPoolExecutor.java:809)
        at java.util.concurrent.ThreadPoolExecutor.getTask(ThreadPoolExecutor.java:1074)
        at java.util.concurrent.ThreadPoolExecutor.runWorker(ThreadPoolExecutor.java:1134)
        at java.util.concurrent.ThreadPoolExecutor$Worker.run(ThreadPoolExecutor.java:624)
        at java.lang.Thread.run(Thread.java:748)
"pool-46-thread-23"  prio=5 tid=456 in Object.wait()
java.lang.Thread.State: WAITING (on object monitor)
        at sun.misc.Unsafe.park(Native Method)
        at java.util.concurrent.locks.LockSupport.park(LockSupport.java:175)
        at java.util.concurrent.locks.AbstractQueuedSynchronizer$ConditionObject.await(AbstractQueuedSynchronizer.java:2039)
        at java.util.concurrent.ArrayBlockingQueue.take(ArrayBlockingQueue.java:403)
        at java.util.concurrent.ThreadPoolExecutor.getTask(ThreadPoolExecutor.java:1074)
        at java.util.concurrent.ThreadPoolExecutor.runWorker(ThreadPoolExecutor.java:1134)
        at java.util.concurrent.ThreadPoolExecutor$Worker.run(ThreadPoolExecutor.java:624)
        at java.lang.Thread.run(Thread.java:748)
"java.util.concurrent.ThreadPoolExecutor$Worker@1d017061[State = -1, empty queue]" daemon prio=5 tid=1850 timed_waiting
java.lang.Thread.State: TIMED_WAITING
        at sun.misc.Unsafe.park(Native Method)
        at java.util.concurrent.locks.LockSupport.parkNanos(LockSupport.java:215)
        at java.util.concurrent.locks.AbstractQueuedSynchronizer$ConditionObject.awaitNanos(AbstractQueuedSynchronizer.java:2078)
        at java.util.concurrent.ScheduledThreadPoolExecutor$DelayedWorkQueue.take(ScheduledThreadPoolExecutor.java:1093)
        at java.util.concurrent.ScheduledThreadPoolExecutor$DelayedWorkQueue.take(ScheduledThreadPoolExecutor.java:809)
        at java.util.concurrent.ThreadPoolExecutor.getTask(ThreadPoolExecutor.java:1074)
        at java.util.concurrent.ThreadPoolExecutor.runWorker(ThreadPoolExecutor.java:1134)
        at java.util.concurrent.ThreadPoolExecutor$Worker.run(ThreadPoolExecutor.java:624)
        at java.lang.Thread.run(Thread.java:748)
"19e67e26-3d21-4d01-be9f-29113a4a814c@group-ADB1B60517AF-StateMachineUpdater" daemon prio=5 tid=791 in Object.wait()
java.lang.Thread.State: WAITING (on object monitor)
        at java.lang.Object.wait(Native Method)
        at java.lang.Object.wait(Object.java:502)
        at org.apache.ratis.server.impl.StateMachineUpdater.waitForCommit(StateMachineUpdater.java:183)
        at org.apache.ratis.server.impl.StateMachineUpdater.run(StateMachineUpdater.java:148)
        at java.lang.Thread.run(Thread.java:748)
"pool-66-thread-13"  prio=5 tid=575 in Object.wait()
java.lang.Thread.State: WAITING (on object monitor)
        at sun.misc.Unsafe.park(Native Method)
        at java.util.concurrent.locks.LockSupport.park(LockSupport.java:175)
        at java.util.concurrent.locks.AbstractQueuedSynchronizer$ConditionObject.await(AbstractQueuedSynchronizer.java:2039)
        at java.util.concurrent.ArrayBlockingQueue.take(ArrayBlockingQueue.java:403)
        at java.util.concurrent.ThreadPoolExecutor.getTask(ThreadPoolExecutor.java:1074)
        at java.util.concurrent.ThreadPoolExecutor.runWorker(ThreadPoolExecutor.java:1134)
        at java.util.concurrent.ThreadPoolExecutor$Worker.run(ThreadPoolExecutor.java:624)
        at java.lang.Thread.run(Thread.java:748)
"qtp1947666055-296" daemon prio=5 tid=296 timed_waiting
java.lang.Thread.State: TIMED_WAITING
        at sun.misc.Unsafe.park(Native Method)
        at java.util.concurrent.locks.LockSupport.parkNanos(LockSupport.java:215)
        at java.util.concurrent.locks.AbstractQueuedSynchronizer$ConditionObject.awaitNanos(AbstractQueuedSynchronizer.java:2078)
        at org.eclipse.jetty.util.BlockingArrayQueue.poll(BlockingArrayQueue.java:392)
        at org.eclipse.jetty.util.thread.QueuedThreadPool.idleJobPoll(QueuedThreadPool.java:563)
        at org.eclipse.jetty.util.thread.QueuedThreadPool.access$800(QueuedThreadPool.java:48)
        at org.eclipse.jetty.util.thread.QueuedThreadPool$2.run(QueuedThreadPool.java:626)
        at java.lang.Thread.run(Thread.java:748)
"main"  prio=5 tid=1 runnable
java.lang.Thread.State: RUNNABLE
        at java.lang.Thread.dumpThreads(Native Method)
        at java.lang.Thread.getAllStackTraces(Thread.java:1610)
        at org.apache.hadoop.test.TimedOutTestsListener.buildThreadDump(TimedOutTestsListener.java:87)
        at org.apache.hadoop.test.TimedOutTestsListener.buildThreadDiagnosticString(TimedOutTestsListener.java:73)
        at org.apache.hadoop.test.GenericTestUtils.waitFor(GenericTestUtils.java:389)
        at org.apache.hadoop.hdds.scm.safemode.TestSCMSafeModeWithPipelineRules.waitForRatis3NodePipelines(TestSCMSafeModeWithPipelineRules.java:189)
        at org.apache.hadoop.hdds.scm.safemode.TestSCMSafeModeWithPipelineRules.testScmSafeMode(TestSCMSafeModeWithPipelineRules.java:83)
        at sun.reflect.NativeMethodAccessorImpl.invoke0(Native Method)
        at sun.reflect.NativeMethodAccessorImpl.invoke(NativeMethodAccessorImpl.java:62)
        at sun.reflect.DelegatingMethodAccessorImpl.invoke(DelegatingMethodAccessorImpl.java:43)
        at java.lang.reflect.Method.invoke(Method.java:498)
        at org.junit.runners.model.FrameworkMethod$1.runReflectiveCall(FrameworkMethod.java:47)
        at org.junit.internal.runners.model.ReflectiveCallable.run(ReflectiveCallable.java:12)
        at org.junit.runners.model.FrameworkMethod.invokeExplosively(FrameworkMethod.java:44)
        at org.junit.internal.runners.statements.InvokeMethod.evaluate(InvokeMethod.java:17)
        at org.junit.internal.runners.statements.RunAfters.evaluate(RunAfters.java:27)
        at org.junit.rules.ExternalResource$1.evaluate(ExternalResource.java:48)
        at org.junit.rules.RunRules.evaluate(RunRules.java:20)
        at org.junit.runners.ParentRunner.runLeaf(ParentRunner.java:271)
        at org.junit.runners.BlockJUnit4ClassRunner.runChild(BlockJUnit4ClassRunner.java:70)
        at org.junit.runners.BlockJUnit4ClassRunner.runChild(BlockJUnit4ClassRunner.java:50)
        at org.junit.runners.ParentRunner$3.run(ParentRunner.java:238)
        at org.junit.runners.ParentRunner$1.schedule(ParentRunner.java:63)
        at org.junit.runners.ParentRunner.runChildren(ParentRunner.java:236)
        at org.junit.runners.ParentRunner.access$000(ParentRunner.java:53)
        at org.junit.runners.ParentRunner$2.evaluate(ParentRunner.java:229)
        at org.junit.runners.ParentRunner.run(ParentRunner.java:309)
        at org.apache.maven.surefire.junit4.JUnit4Provider.execute(JUnit4Provider.java:365)
        at org.apache.maven.surefire.junit4.JUnit4Provider.executeWithRerun(JUnit4Provider.java:273)
        at org.apache.maven.surefire.junit4.JUnit4Provider.executeTestSet(JUnit4Provider.java:238)
        at org.apache.maven.surefire.junit4.JUnit4Provider.invoke(JUnit4Provider.java:159)
        at org.apache.maven.surefire.booter.ForkedBooter.invokeProviderInSameClassLoader(ForkedBooter.java:384)
        at org.apache.maven.surefire.booter.ForkedBooter.runSuitesInProcess(ForkedBooter.java:345)
        at org.apache.maven.surefire.booter.ForkedBooter.execute(ForkedBooter.java:126)
        at org.apache.maven.surefire.booter.ForkedBooter.main(ForkedBooter.java:418)
"pool-66-thread-14"  prio=5 tid=576 in Object.wait()
java.lang.Thread.State: WAITING (on object monitor)
        at sun.misc.Unsafe.park(Native Method)
        at java.util.concurrent.locks.LockSupport.park(LockSupport.java:175)
        at java.util.concurrent.locks.AbstractQueuedSynchronizer$ConditionObject.await(AbstractQueuedSynchronizer.java:2039)
        at java.util.concurrent.ArrayBlockingQueue.take(ArrayBlockingQueue.java:403)
        at java.util.concurrent.ThreadPoolExecutor.getTask(ThreadPoolExecutor.java:1074)
        at java.util.concurrent.ThreadPoolExecutor.runWorker(ThreadPoolExecutor.java:1134)
        at java.util.concurrent.ThreadPoolExecutor$Worker.run(ThreadPoolExecutor.java:624)
        at java.lang.Thread.run(Thread.java:748)
"pool-66-thread-47"  prio=5 tid=609 in Object.wait()
java.lang.Thread.State: WAITING (on object monitor)
        at sun.misc.Unsafe.park(Native Method)
        at java.util.concurrent.locks.LockSupport.park(LockSupport.java:175)
        at java.util.concurrent.locks.AbstractQueuedSynchronizer$ConditionObject.await(AbstractQueuedSynchronizer.java:2039)
        at java.util.concurrent.ArrayBlockingQueue.take(ArrayBlockingQueue.java:403)
        at java.util.concurrent.ThreadPoolExecutor.getTask(ThreadPoolExecutor.java:1074)
        at java.util.concurrent.ThreadPoolExecutor.runWorker(ThreadPoolExecutor.java:1134)
        at java.util.concurrent.ThreadPoolExecutor$Worker.run(ThreadPoolExecutor.java:624)
        at java.lang.Thread.run(Thread.java:748)
"Datanode State Machine Thread - 0" daemon prio=5 tid=224 timed_waiting
java.lang.Thread.State: TIMED_WAITING
        at java.lang.Thread.sleep(Native Method)
        at org.apache.hadoop.ozone.container.common.statemachine.DatanodeStateMachine.start(DatanodeStateMachine.java:191)
        at org.apache.hadoop.ozone.container.common.statemachine.DatanodeStateMachine.lambda$startDaemon$0(DatanodeStateMachine.java:349)
        at org.apache.hadoop.ozone.container.common.statemachine.DatanodeStateMachine$$Lambda$138/939829672.run(Unknown Source)
        at java.lang.Thread.run(Thread.java:748)
"19e67e26-3d21-4d01-be9f-29113a4a814c@group-BF1BD4D8076C-StateMachineUpdater" daemon prio=5 tid=740 in Object.wait()
java.lang.Thread.State: WAITING (on object monitor)
        at java.lang.Object.wait(Native Method)
        at java.lang.Object.wait(Object.java:502)
        at org.apache.ratis.server.impl.StateMachineUpdater.waitForCommit(StateMachineUpdater.java:183)
        at org.apache.ratis.server.impl.StateMachineUpdater.run(StateMachineUpdater.java:148)
        at java.lang.Thread.run(Thread.java:748)
"Timer-0"  prio=5 tid=114 timed_waiting
java.lang.Thread.State: TIMED_WAITING
        at java.lang.Object.wait(Native Method)
        at java.util.TimerThread.mainLoop(Timer.java:552)
        at java.util.TimerThread.run(Timer.java:505)
"Socket Reader #1 for port 40029"  prio=5 tid=15 runnable
java.lang.Thread.State: RUNNABLE
        at sun.nio.ch.EPollArrayWrapper.epollWait(Native Method)
        at sun.nio.ch.EPollArrayWrapper.poll(EPollArrayWrapper.java:269)
        at sun.nio.ch.EPollSelectorImpl.doSelect(EPollSelectorImpl.java:93)
        at sun.nio.ch.SelectorImpl.lockAndDoSelect(SelectorImpl.java:86)
        at sun.nio.ch.SelectorImpl.select(SelectorImpl.java:97)
        at sun.nio.ch.SelectorImpl.select(SelectorImpl.java:101)
        at org.apache.hadoop.ipc.Server$Listener$Reader.doRunLoop(Server.java:1097)
        at org.apache.hadoop.ipc.Server$Listener$Reader.run(Server.java:1076)
"metrics-hadoop-metrics2-reporter-34-thread-1" daemon prio=5 tid=853 timed_waiting
java.lang.Thread.State: TIMED_WAITING
        at sun.misc.Unsafe.park(Native Method)
        at java.util.concurrent.locks.LockSupport.parkNanos(LockSupport.java:215)
        at java.util.concurrent.locks.AbstractQueuedSynchronizer$ConditionObject.awaitNanos(AbstractQueuedSynchronizer.java:2078)
        at java.util.concurrent.ScheduledThreadPoolExecutor$DelayedWorkQueue.take(ScheduledThreadPoolExecutor.java:1093)
        at java.util.concurrent.ScheduledThreadPoolExecutor$DelayedWorkQueue.take(ScheduledThreadPoolExecutor.java:809)
        at java.util.concurrent.ThreadPoolExecutor.getTask(ThreadPoolExecutor.java:1074)
        at java.util.concurrent.ThreadPoolExecutor.runWorker(ThreadPoolExecutor.java:1134)
        at java.util.concurrent.ThreadPoolExecutor$Worker.run(ThreadPoolExecutor.java:624)
        at java.lang.Thread.run(Thread.java:748)
"pool-46-thread-53"  prio=5 tid=486 in Object.wait()
java.lang.Thread.State: WAITING (on object monitor)
        at sun.misc.Unsafe.park(Native Method)
        at java.util.concurrent.locks.LockSupport.park(LockSupport.java:175)
        at java.util.concurrent.locks.AbstractQueuedSynchronizer$ConditionObject.await(AbstractQueuedSynchronizer.java:2039)
        at java.util.concurrent.ArrayBlockingQueue.take(ArrayBlockingQueue.java:403)
        at java.util.concurrent.ThreadPoolExecutor.getTask(ThreadPoolExecutor.java:1074)
        at java.util.concurrent.ThreadPoolExecutor.runWorker(ThreadPoolExecutor.java:1134)
        at java.util.concurrent.ThreadPoolExecutor$Worker.run(ThreadPoolExecutor.java:624)
        at java.lang.Thread.run(Thread.java:748)
"IPC Server handler 0 on 40029" daemon prio=5 tid=69 timed_waiting
java.lang.Thread.State: TIMED_WAITING
        at sun.misc.Unsafe.park(Native Method)
        at java.util.concurrent.locks.LockSupport.parkNanos(LockSupport.java:215)
        at java.util.concurrent.locks.AbstractQueuedSynchronizer$ConditionObject.awaitNanos(AbstractQueuedSynchronizer.java:2078)
        at java.util.concurrent.LinkedBlockingQueue.poll(LinkedBlockingQueue.java:467)
        at org.apache.hadoop.ipc.CallQueueManager.take(CallQueueManager.java:288)
        at org.apache.hadoop.ipc.Server$Handler.run(Server.java:2668)
"grpc-default-executor-7" daemon prio=5 tid=972 timed_waiting
java.lang.Thread.State: TIMED_WAITING
        at sun.misc.Unsafe.park(Native Method)
        at java.util.concurrent.locks.LockSupport.parkNanos(LockSupport.java:215)
        at java.util.concurrent.SynchronousQueue$TransferStack.awaitFulfill(SynchronousQueue.java:460)
        at java.util.concurrent.SynchronousQueue$TransferStack.transfer(SynchronousQueue.java:362)
        at java.util.concurrent.SynchronousQueue.poll(SynchronousQueue.java:941)
        at java.util.concurrent.ThreadPoolExecutor.getTask(ThreadPoolExecutor.java:1073)
        at java.util.concurrent.ThreadPoolExecutor.runWorker(ThreadPoolExecutor.java:1134)
        at java.util.concurrent.ThreadPoolExecutor$Worker.run(ThreadPoolExecutor.java:624)
        at java.lang.Thread.run(Thread.java:748)
"pool-46-thread-57"  prio=5 tid=490 in Object.wait()
java.lang.Thread.State: WAITING (on object monitor)
        at sun.misc.Unsafe.park(Native Method)
        at java.util.concurrent.locks.LockSupport.park(LockSupport.java:175)
        at java.util.concurrent.locks.AbstractQueuedSynchronizer$ConditionObject.await(AbstractQueuedSynchronizer.java:2039)
        at java.util.concurrent.ArrayBlockingQueue.take(ArrayBlockingQueue.java:403)
        at java.util.concurrent.ThreadPoolExecutor.getTask(ThreadPoolExecutor.java:1074)
        at java.util.concurrent.ThreadPoolExecutor.runWorker(ThreadPoolExecutor.java:1134)
        at java.util.concurrent.ThreadPoolExecutor$Worker.run(ThreadPoolExecutor.java:624)
        at java.lang.Thread.run(Thread.java:748)
"org.eclipse.jetty.server.session.HashSessionManager@80bfdc6Timer" daemon prio=5 tid=168 timed_waiting
java.lang.Thread.State: TIMED_WAITING
        at sun.misc.Unsafe.park(Native Method)
        at java.util.concurrent.locks.LockSupport.parkNanos(LockSupport.java:215)
        at java.util.concurrent.locks.AbstractQueuedSynchronizer$ConditionObject.awaitNanos(AbstractQueuedSynchronizer.java:2078)
        at java.util.concurrent.ScheduledThreadPoolExecutor$DelayedWorkQueue.take(ScheduledThreadPoolExecutor.java:1093)
        at java.util.concurrent.ScheduledThreadPoolExecutor$DelayedWorkQueue.take(ScheduledThreadPoolExecutor.java:809)
        at java.util.concurrent.ThreadPoolExecutor.getTask(ThreadPoolExecutor.java:1074)
        at java.util.concurrent.ThreadPoolExecutor.runWorker(ThreadPoolExecutor.java:1134)
        at java.util.concurrent.ThreadPoolExecutor$Worker.run(ThreadPoolExecutor.java:624)
        at java.lang.Thread.run(Thread.java:748)
"IPC Server handler 7 on 37215" daemon prio=5 tid=56 timed_waiting
java.lang.Thread.State: TIMED_WAITING
        at sun.misc.Unsafe.park(Native Method)
        at java.util.concurrent.locks.LockSupport.parkNanos(LockSupport.java:215)
        at java.util.concurrent.locks.AbstractQueuedSynchronizer$ConditionObject.awaitNanos(AbstractQueuedSynchronizer.java:2078)
        at java.util.concurrent.LinkedBlockingQueue.poll(LinkedBlockingQueue.java:467)
        at org.apache.hadoop.ipc.CallQueueManager.take(CallQueueManager.java:288)
        at org.apache.hadoop.ipc.Server$Handler.run(Server.java:2668)
"pool-56-thread-47"  prio=5 tid=541 in Object.wait()
java.lang.Thread.State: WAITING (on object monitor)
        at sun.misc.Unsafe.park(Native Method)
        at java.util.concurrent.locks.LockSupport.park(LockSupport.java:175)
        at java.util.concurrent.locks.AbstractQueuedSynchronizer$ConditionObject.await(AbstractQueuedSynchronizer.java:2039)
        at java.util.concurrent.ArrayBlockingQueue.take(ArrayBlockingQueue.java:403)
        at java.util.concurrent.ThreadPoolExecutor.getTask(ThreadPoolExecutor.java:1074)
        at java.util.concurrent.ThreadPoolExecutor.runWorker(ThreadPoolExecutor.java:1134)
        at java.util.concurrent.ThreadPoolExecutor$Worker.run(ThreadPoolExecutor.java:624)
        at java.lang.Thread.run(Thread.java:748)
"pool-56-thread-32"  prio=5 tid=526 in Object.wait()
java.lang.Thread.State: WAITING (on object monitor)
        at sun.misc.Unsafe.park(Native Method)
        at java.util.concurrent.locks.LockSupport.park(LockSupport.java:175)
        at java.util.concurrent.locks.AbstractQueuedSynchronizer$ConditionObject.await(AbstractQueuedSynchronizer.java:2039)
        at java.util.concurrent.ArrayBlockingQueue.take(ArrayBlockingQueue.java:403)
        at java.util.concurrent.ThreadPoolExecutor.getTask(ThreadPoolExecutor.java:1074)
        at java.util.concurrent.ThreadPoolExecutor.runWorker(ThreadPoolExecutor.java:1134)
        at java.util.concurrent.ThreadPoolExecutor$Worker.run(ThreadPoolExecutor.java:624)
        at java.lang.Thread.run(Thread.java:748)
"pool-77-thread-1"  prio=5 tid=753 in Object.wait()
java.lang.Thread.State: WAITING (on object monitor)
        at sun.misc.Unsafe.park(Native Method)
        at java.util.concurrent.locks.LockSupport.park(LockSupport.java:175)
        at java.util.concurrent.locks.AbstractQueuedSynchronizer$ConditionObject.await(AbstractQueuedSynchronizer.java:2039)
        at java.util.concurrent.LinkedBlockingQueue.take(LinkedBlockingQueue.java:442)
        at java.util.concurrent.ThreadPoolExecutor.getTask(ThreadPoolExecutor.java:1074)
        at java.util.concurrent.ThreadPoolExecutor.runWorker(ThreadPoolExecutor.java:1134)
        at java.util.concurrent.ThreadPoolExecutor$Worker.run(ThreadPoolExecutor.java:624)
        at java.lang.Thread.run(Thread.java:748)
"pool-26-thread-50"  prio=5 tid=363 in Object.wait()
java.lang.Thread.State: WAITING (on object monitor)
        at sun.misc.Unsafe.park(Native Method)
        at java.util.concurrent.locks.LockSupport.park(LockSupport.java:175)
        at java.util.concurrent.locks.AbstractQueuedSynchronizer$ConditionObject.await(AbstractQueuedSynchronizer.java:2039)
        at java.util.concurrent.ArrayBlockingQueue.take(ArrayBlockingQueue.java:403)
        at java.util.concurrent.ThreadPoolExecutor.getTask(ThreadPoolExecutor.java:1074)
        at java.util.concurrent.ThreadPoolExecutor.runWorker(ThreadPoolExecutor.java:1134)
        at java.util.concurrent.ThreadPoolExecutor$Worker.run(ThreadPoolExecutor.java:624)
        at java.lang.Thread.run(Thread.java:748)
"IPC Server handler 9 on 45005" daemon prio=5 tid=38 timed_waiting
java.lang.Thread.State: TIMED_WAITING
        at sun.misc.Unsafe.park(Native Method)
        at java.util.concurrent.locks.LockSupport.parkNanos(LockSupport.java:215)
        at java.util.concurrent.locks.AbstractQueuedSynchronizer$ConditionObject.awaitNanos(AbstractQueuedSynchronizer.java:2078)
        at java.util.concurrent.LinkedBlockingQueue.poll(LinkedBlockingQueue.java:467)
        at org.apache.hadoop.ipc.CallQueueManager.take(CallQueueManager.java:288)
        at org.apache.hadoop.ipc.Server$Handler.run(Server.java:2668)
"grpc-default-executor-9" daemon prio=5 tid=973 timed_waiting
java.lang.Thread.State: TIMED_WAITING
        at sun.misc.Unsafe.park(Native Method)
        at java.util.concurrent.locks.LockSupport.parkNanos(LockSupport.java:215)
        at java.util.concurrent.SynchronousQueue$TransferStack.awaitFulfill(SynchronousQueue.java:460)
        at java.util.concurrent.SynchronousQueue$TransferStack.transfer(SynchronousQueue.java:362)
        at java.util.concurrent.SynchronousQueue.poll(SynchronousQueue.java:941)
        at java.util.concurrent.ThreadPoolExecutor.getTask(ThreadPoolExecutor.java:1073)
        at java.util.concurrent.ThreadPoolExecutor.runWorker(ThreadPoolExecutor.java:1134)
        at java.util.concurrent.ThreadPoolExecutor$Worker.run(ThreadPoolExecutor.java:624)
        at java.lang.Thread.run(Thread.java:748)
"pool-76-thread-8"  prio=5 tid=632 in Object.wait()
java.lang.Thread.State: WAITING (on object monitor)
        at sun.misc.Unsafe.park(Native Method)
        at java.util.concurrent.locks.LockSupport.park(LockSupport.java:175)
        at java.util.concurrent.locks.AbstractQueuedSynchronizer$ConditionObject.await(AbstractQueuedSynchronizer.java:2039)
        at java.util.concurrent.ArrayBlockingQueue.take(ArrayBlockingQueue.java:403)
        at java.util.concurrent.ThreadPoolExecutor.getTask(ThreadPoolExecutor.java:1074)
        at java.util.concurrent.ThreadPoolExecutor.runWorker(ThreadPoolExecutor.java:1134)
        at java.util.concurrent.ThreadPoolExecutor$Worker.run(ThreadPoolExecutor.java:624)
        at java.lang.Thread.run(Thread.java:748)
"grpc-default-executor-16" daemon prio=5 tid=981 timed_waiting
java.lang.Thread.State: TIMED_WAITING
        at sun.misc.Unsafe.park(Native Method)
        at java.util.concurrent.locks.LockSupport.parkNanos(LockSupport.java:215)
        at java.util.concurrent.SynchronousQueue$TransferStack.awaitFulfill(SynchronousQueue.java:460)
        at java.util.concurrent.SynchronousQueue$TransferStack.transfer(SynchronousQueue.java:362)
        at java.util.concurrent.SynchronousQueue.poll(SynchronousQueue.java:941)
        at java.util.concurrent.ThreadPoolExecutor.getTask(ThreadPoolExecutor.java:1073)
        at java.util.concurrent.ThreadPoolExecutor.runWorker(ThreadPoolExecutor.java:1134)
        at java.util.concurrent.ThreadPoolExecutor$Worker.run(ThreadPoolExecutor.java:624)
        at java.lang.Thread.run(Thread.java:748)
"KeyDeletingService#1" daemon prio=5 tid=107 in Object.wait()
java.lang.Thread.State: WAITING (on object monitor)
        at sun.misc.Unsafe.park(Native Method)
        at java.util.concurrent.locks.LockSupport.park(LockSupport.java:175)
        at java.util.concurrent.locks.AbstractQueuedSynchronizer$ConditionObject.await(AbstractQueuedSynchronizer.java:2039)
        at java.util.concurrent.ScheduledThreadPoolExecutor$DelayedWorkQueue.take(ScheduledThreadPoolExecutor.java:1088)
        at java.util.concurrent.ScheduledThreadPoolExecutor$DelayedWorkQueue.take(ScheduledThreadPoolExecutor.java:809)
        at java.util.concurrent.ThreadPoolExecutor.getTask(ThreadPoolExecutor.java:1074)
        at java.util.concurrent.ThreadPoolExecutor.runWorker(ThreadPoolExecutor.java:1134)
        at java.util.concurrent.ThreadPoolExecutor$Worker.run(ThreadPoolExecutor.java:624)
        at java.lang.Thread.run(Thread.java:748)
"pool-56-thread-13"  prio=5 tid=507 in Object.wait()
java.lang.Thread.State: WAITING (on object monitor)
        at sun.misc.Unsafe.park(Native Method)
        at java.util.concurrent.locks.LockSupport.park(LockSupport.java:175)
        at java.util.concurrent.locks.AbstractQueuedSynchronizer$ConditionObject.await(AbstractQueuedSynchronizer.java:2039)
        at java.util.concurrent.ArrayBlockingQueue.take(ArrayBlockingQueue.java:403)
        at java.util.concurrent.ThreadPoolExecutor.getTask(ThreadPoolExecutor.java:1074)
        at java.util.concurrent.ThreadPoolExecutor.runWorker(ThreadPoolExecutor.java:1134)
        at java.util.concurrent.ThreadPoolExecutor$Worker.run(ThreadPoolExecutor.java:624)
        at java.lang.Thread.run(Thread.java:748)
"OMDoubleBufferFlushThread" daemon prio=5 tid=108 timed_waiting
java.lang.Thread.State: TIMED_WAITING
        at java.lang.Object.wait(Native Method)
        at org.apache.hadoop.ozone.om.ratis.OzoneManagerDoubleBuffer.canFlush(OzoneManagerDoubleBuffer.java:320)
        at org.apache.hadoop.ozone.om.ratis.OzoneManagerDoubleBuffer.flushTransactions(OzoneManagerDoubleBuffer.java:130)
        at org.apache.hadoop.ozone.om.ratis.OzoneManagerDoubleBuffer$$Lambda$52/1598047636.run(Unknown Source)
        at java.lang.Thread.run(Thread.java:748)
"Datanode ReportManager Thread - 2" daemon prio=5 tid=281 in Object.wait()
java.lang.Thread.State: WAITING (on object monitor)
        at sun.misc.Unsafe.park(Native Method)
        at java.util.concurrent.locks.LockSupport.park(LockSupport.java:175)
        at java.util.concurrent.locks.AbstractQueuedSynchronizer$ConditionObject.await(AbstractQueuedSynchronizer.java:2039)
        at java.util.concurrent.ScheduledThreadPoolExecutor$DelayedWorkQueue.take(ScheduledThreadPoolExecutor.java:1088)
        at java.util.concurrent.ScheduledThreadPoolExecutor$DelayedWorkQueue.take(ScheduledThreadPoolExecutor.java:809)
        at java.util.concurrent.ThreadPoolExecutor.getTask(ThreadPoolExecutor.java:1074)
        at java.util.concurrent.ThreadPoolExecutor.runWorker(ThreadPoolExecutor.java:1134)
        at java.util.concurrent.ThreadPoolExecutor$Worker.run(ThreadPoolExecutor.java:624)
        at java.lang.Thread.run(Thread.java:748)
"pool-76-thread-28"  prio=5 tid=652 in Object.wait()
java.lang.Thread.State: WAITING (on object monitor)
        at sun.misc.Unsafe.park(Native Method)
        at java.util.concurrent.locks.LockSupport.park(LockSupport.java:175)
        at java.util.concurrent.locks.AbstractQueuedSynchronizer$ConditionObject.await(AbstractQueuedSynchronizer.java:2039)
        at java.util.concurrent.ArrayBlockingQueue.take(ArrayBlockingQueue.java:403)
        at java.util.concurrent.ThreadPoolExecutor.getTask(ThreadPoolExecutor.java:1074)
        at java.util.concurrent.ThreadPoolExecutor.runWorker(ThreadPoolExecutor.java:1134)
        at java.util.concurrent.ThreadPoolExecutor$Worker.run(ThreadPoolExecutor.java:624)
        at java.lang.Thread.run(Thread.java:748)
"surefire-forkedjvm-command-thread" daemon prio=5 tid=8 runnable
java.lang.Thread.State: RUNNABLE
        at java.io.FileInputStream.readBytes(Native Method)
        at java.io.FileInputStream.read(FileInputStream.java:255)
        at java.io.BufferedInputStream.fill(BufferedInputStream.java:246)
        at java.io.BufferedInputStream.read(BufferedInputStream.java:265)
        at java.io.DataInputStream.readInt(DataInputStream.java:387)
        at org.apache.maven.surefire.booter.MasterProcessCommand.decode(MasterProcessCommand.java:115)
        at org.apache.maven.surefire.booter.CommandReader$CommandRunnable.run(CommandReader.java:390)
        at java.lang.Thread.run(Thread.java:748)
"a7d59ef6-3eca-4628-b097-12d983444e7f@group-282EF1BFFEE0-StateMachineUpdater" daemon prio=5 tid=771 in Object.wait()
java.lang.Thread.State: WAITING (on object monitor)
        at java.lang.Object.wait(Native Method)
        at java.lang.Object.wait(Object.java:502)
        at org.apache.ratis.server.impl.StateMachineUpdater.waitForCommit(StateMachineUpdater.java:183)
        at org.apache.ratis.server.impl.StateMachineUpdater.run(StateMachineUpdater.java:148)
        at java.lang.Thread.run(Thread.java:748)
"19e67e26-3d21-4d01-be9f-29113a4a814c@group-7CC56FB5D3F9-StateMachineUpdater" daemon prio=5 tid=835 in Object.wait()
java.lang.Thread.State: WAITING (on object monitor)
        at java.lang.Object.wait(Native Method)
        at java.lang.Object.wait(Object.java:502)
        at org.apache.ratis.server.impl.StateMachineUpdater.waitForCommit(StateMachineUpdater.java:183)
        at org.apache.ratis.server.impl.StateMachineUpdater.run(StateMachineUpdater.java:148)
        at java.lang.Thread.run(Thread.java:748)
"pool-36-thread-45"  prio=5 tid=418 in Object.wait()
java.lang.Thread.State: WAITING (on object monitor)
        at sun.misc.Unsafe.park(Native Method)
        at java.util.concurrent.locks.LockSupport.park(LockSupport.java:175)
        at java.util.concurrent.locks.AbstractQueuedSynchronizer$ConditionObject.await(AbstractQueuedSynchronizer.java:2039)
        at java.util.concurrent.ArrayBlockingQueue.take(ArrayBlockingQueue.java:403)
        at java.util.concurrent.ThreadPoolExecutor.getTask(ThreadPoolExecutor.java:1074)
        at java.util.concurrent.ThreadPoolExecutor.runWorker(ThreadPoolExecutor.java:1134)
        at java.util.concurrent.ThreadPoolExecutor$Worker.run(ThreadPoolExecutor.java:624)
        at java.lang.Thread.run(Thread.java:748)
"pool-26-thread-21"  prio=5 tid=334 in Object.wait()
java.lang.Thread.State: WAITING (on object monitor)
        at sun.misc.Unsafe.park(Native Method)
        at java.util.concurrent.locks.LockSupport.park(LockSupport.java:175)
        at java.util.concurrent.locks.AbstractQueuedSynchronizer$ConditionObject.await(AbstractQueuedSynchronizer.java:2039)
        at java.util.concurrent.ArrayBlockingQueue.take(ArrayBlockingQueue.java:403)
        at java.util.concurrent.ThreadPoolExecutor.getTask(ThreadPoolExecutor.java:1074)
        at java.util.concurrent.ThreadPoolExecutor.runWorker(ThreadPoolExecutor.java:1134)
        at java.util.concurrent.ThreadPoolExecutor$Worker.run(ThreadPoolExecutor.java:624)
        at java.lang.Thread.run(Thread.java:748)
"pool-26-thread-5"  prio=5 tid=318 in Object.wait()
java.lang.Thread.State: WAITING (on object monitor)
        at sun.misc.Unsafe.park(Native Method)
        at java.util.concurrent.locks.LockSupport.park(LockSupport.java:175)
        at java.util.concurrent.locks.AbstractQueuedSynchronizer$ConditionObject.await(AbstractQueuedSynchronizer.java:2039)
        at java.util.concurrent.ArrayBlockingQueue.take(ArrayBlockingQueue.java:403)
        at java.util.concurrent.ThreadPoolExecutor.getTask(ThreadPoolExecutor.java:1074)
        at java.util.concurrent.ThreadPoolExecutor.runWorker(ThreadPoolExecutor.java:1134)
        at java.util.concurrent.ThreadPoolExecutor$Worker.run(ThreadPoolExecutor.java:624)
        at java.lang.Thread.run(Thread.java:748)
"pool-26-thread-49"  prio=5 tid=362 in Object.wait()
java.lang.Thread.State: WAITING (on object monitor)
        at sun.misc.Unsafe.park(Native Method)
        at java.util.concurrent.locks.LockSupport.park(LockSupport.java:175)
        at java.util.concurrent.locks.AbstractQueuedSynchronizer$ConditionObject.await(AbstractQueuedSynchronizer.java:2039)
        at java.util.concurrent.ArrayBlockingQueue.take(ArrayBlockingQueue.java:403)
        at java.util.concurrent.ThreadPoolExecutor.getTask(ThreadPoolExecutor.java:1074)
        at java.util.concurrent.ThreadPoolExecutor.runWorker(ThreadPoolExecutor.java:1134)
        at java.util.concurrent.ThreadPoolExecutor$Worker.run(ThreadPoolExecutor.java:624)
        at java.lang.Thread.run(Thread.java:748)
"pool-66-thread-7"  prio=5 tid=569 in Object.wait()
java.lang.Thread.State: WAITING (on object monitor)
        at sun.misc.Unsafe.park(Native Method)
        at java.util.concurrent.locks.LockSupport.park(LockSupport.java:175)
        at java.util.concurrent.locks.AbstractQueuedSynchronizer$ConditionObject.await(AbstractQueuedSynchronizer.java:2039)
        at java.util.concurrent.ArrayBlockingQueue.take(ArrayBlockingQueue.java:403)
        at java.util.concurrent.ThreadPoolExecutor.getTask(ThreadPoolExecutor.java:1074)
        at java.util.concurrent.ThreadPoolExecutor.runWorker(ThreadPoolExecutor.java:1134)
        at java.util.concurrent.ThreadPoolExecutor$Worker.run(ThreadPoolExecutor.java:624)
        at java.lang.Thread.run(Thread.java:748)
"Command processor thread" daemon prio=5 tid=310 timed_waiting
java.lang.Thread.State: TIMED_WAITING
        at java.lang.Thread.sleep(Native Method)
        at org.apache.hadoop.ozone.container.common.statemachine.DatanodeStateMachine.lambda$initCommandHandlerThread$1(DatanodeStateMachine.java:439)
        at org.apache.hadoop.ozone.container.common.statemachine.DatanodeStateMachine$$Lambda$139/2094549442.run(Unknown Source)
        at java.lang.Thread.run(Thread.java:748)
"d0888866-0bad-4f41-ad37-dccd4a57b958@group-ADB1B60517AF-SegmentedRaftLogWorker"  prio=5 tid=787 timed_waiting
java.lang.Thread.State: TIMED_WAITING
        at sun.misc.Unsafe.park(Native Method)
        at java.util.concurrent.locks.LockSupport.parkNanos(LockSupport.java:215)
        at java.util.concurrent.locks.AbstractQueuedSynchronizer$ConditionObject.awaitNanos(AbstractQueuedSynchronizer.java:2078)
        at org.apache.ratis.util.DataBlockingQueue.poll(DataBlockingQueue.java:137)
        at org.apache.ratis.server.raftlog.segmented.SegmentedRaftLogWorker.run(SegmentedRaftLogWorker.java:283)
        at java.lang.Thread.run(Thread.java:748)
"Datanode ReportManager Thread - 1" daemon prio=5 tid=199 timed_waiting
java.lang.Thread.State: TIMED_WAITING
        at sun.misc.Unsafe.park(Native Method)
        at java.util.concurrent.locks.LockSupport.parkNanos(LockSupport.java:215)
        at java.util.concurrent.locks.AbstractQueuedSynchronizer$ConditionObject.awaitNanos(AbstractQueuedSynchronizer.java:2078)
        at java.util.concurrent.ScheduledThreadPoolExecutor$DelayedWorkQueue.take(ScheduledThreadPoolExecutor.java:1093)
        at java.util.concurrent.ScheduledThreadPoolExecutor$DelayedWorkQueue.take(ScheduledThreadPoolExecutor.java:809)
        at java.util.concurrent.ThreadPoolExecutor.getTask(ThreadPoolExecutor.java:1074)
        at java.util.concurrent.ThreadPoolExecutor.runWorker(ThreadPoolExecutor.java:1134)
        at java.util.concurrent.ThreadPoolExecutor$Worker.run(ThreadPoolExecutor.java:624)
        at java.lang.Thread.run(Thread.java:748)
"pool-26-thread-40"  prio=5 tid=353 in Object.wait()
java.lang.Thread.State: WAITING (on object monitor)
        at sun.misc.Unsafe.park(Native Method)
        at java.util.concurrent.locks.LockSupport.park(LockSupport.java:175)
        at java.util.concurrent.locks.AbstractQueuedSynchronizer$ConditionObject.await(AbstractQueuedSynchronizer.java:2039)
        at java.util.concurrent.ArrayBlockingQueue.take(ArrayBlockingQueue.java:403)
        at java.util.concurrent.ThreadPoolExecutor.getTask(ThreadPoolExecutor.java:1074)
        at java.util.concurrent.ThreadPoolExecutor.runWorker(ThreadPoolExecutor.java:1134)
        at java.util.concurrent.ThreadPoolExecutor$Worker.run(ThreadPoolExecutor.java:624)
        at java.lang.Thread.run(Thread.java:748)
"pool-76-thread-30"  prio=5 tid=654 in Object.wait()
java.lang.Thread.State: WAITING (on object monitor)
        at sun.misc.Unsafe.park(Native Method)
        at java.util.concurrent.locks.LockSupport.park(LockSupport.java:175)
        at java.util.concurrent.locks.AbstractQueuedSynchronizer$ConditionObject.await(AbstractQueuedSynchronizer.java:2039)
        at java.util.concurrent.ArrayBlockingQueue.take(ArrayBlockingQueue.java:403)
        at java.util.concurrent.ThreadPoolExecutor.getTask(ThreadPoolExecutor.java:1074)
        at java.util.concurrent.ThreadPoolExecutor.runWorker(ThreadPoolExecutor.java:1134)
        at java.util.concurrent.ThreadPoolExecutor$Worker.run(ThreadPoolExecutor.java:624)
        at java.lang.Thread.run(Thread.java:748)
"8c24ed06-386e-4085-8931-93c762a64530@group-BF1BD4D8076C-StateMachineUpdater" daemon prio=5 tid=742 in Object.wait()
java.lang.Thread.State: WAITING (on object monitor)
        at java.lang.Object.wait(Native Method)
        at java.lang.Object.wait(Object.java:502)
        at org.apache.ratis.server.impl.StateMachineUpdater.waitForCommit(StateMachineUpdater.java:183)
        at org.apache.ratis.server.impl.StateMachineUpdater.run(StateMachineUpdater.java:148)
        at java.lang.Thread.run(Thread.java:748)
"org.eclipse.jetty.server.session.HashSessionManager@3ba46e63Timer" daemon prio=5 tid=303 timed_waiting
java.lang.Thread.State: TIMED_WAITING
        at sun.misc.Unsafe.park(Native Method)
        at java.util.concurrent.locks.LockSupport.parkNanos(LockSupport.java:215)
        at java.util.concurrent.locks.AbstractQueuedSynchronizer$ConditionObject.awaitNanos(AbstractQueuedSynchronizer.java:2078)
        at java.util.concurrent.ScheduledThreadPoolExecutor$DelayedWorkQueue.take(ScheduledThreadPoolExecutor.java:1093)
        at java.util.concurrent.ScheduledThreadPoolExecutor$DelayedWorkQueue.take(ScheduledThreadPoolExecutor.java:809)
        at java.util.concurrent.ThreadPoolExecutor.getTask(ThreadPoolExecutor.java:1074)
        at java.util.concurrent.ThreadPoolExecutor.runWorker(ThreadPoolExecutor.java:1134)
        at java.util.concurrent.ThreadPoolExecutor$Worker.run(ThreadPoolExecutor.java:624)
        at java.lang.Thread.run(Thread.java:748)
"EventQueue-NodeReportForNodeReportHandler" daemon prio=5 tid=1724 in Object.wait()
java.lang.Thread.State: WAITING (on object monitor)
        at sun.misc.Unsafe.park(Native Method)
        at java.util.concurrent.locks.LockSupport.park(LockSupport.java:175)
        at java.util.concurrent.locks.AbstractQueuedSynchronizer$ConditionObject.await(AbstractQueuedSynchronizer.java:2039)
        at java.util.concurrent.LinkedBlockingQueue.take(LinkedBlockingQueue.java:442)
        at java.util.concurrent.ThreadPoolExecutor.getTask(ThreadPoolExecutor.java:1074)
        at java.util.concurrent.ThreadPoolExecutor.runWorker(ThreadPoolExecutor.java:1134)
        at java.util.concurrent.ThreadPoolExecutor$Worker.run(ThreadPoolExecutor.java:624)
        at java.lang.Thread.run(Thread.java:748)
"IPC Server handler 15 on 44461" daemon prio=5 tid=130 timed_waiting
java.lang.Thread.State: TIMED_WAITING
        at sun.misc.Unsafe.park(Native Method)
        at java.util.concurrent.locks.LockSupport.parkNanos(LockSupport.java:215)
        at java.util.concurrent.locks.AbstractQueuedSynchronizer$ConditionObject.awaitNanos(AbstractQueuedSynchronizer.java:2078)
        at java.util.concurrent.LinkedBlockingQueue.poll(LinkedBlockingQueue.java:467)
        at org.apache.hadoop.ipc.CallQueueManager.take(CallQueueManager.java:288)
        at org.apache.hadoop.ipc.Server$Handler.run(Server.java:2668)
"pool-46-thread-3"  prio=5 tid=436 in Object.wait()
java.lang.Thread.State: WAITING (on object monitor)
        at sun.misc.Unsafe.park(Native Method)
        at java.util.concurrent.locks.LockSupport.park(LockSupport.java:175)
        at java.util.concurrent.locks.AbstractQueuedSynchronizer$ConditionObject.await(AbstractQueuedSynchronizer.java:2039)
        at java.util.concurrent.ArrayBlockingQueue.take(ArrayBlockingQueue.java:403)
        at java.util.concurrent.ThreadPoolExecutor.getTask(ThreadPoolExecutor.java:1074)
        at java.util.concurrent.ThreadPoolExecutor.runWorker(ThreadPoolExecutor.java:1134)
        at java.util.concurrent.ThreadPoolExecutor$Worker.run(ThreadPoolExecutor.java:624)
        at java.lang.Thread.run(Thread.java:748)
"qtp1680841335-244" daemon prio=5 tid=244 timed_waiting
java.lang.Thread.State: TIMED_WAITING
        at sun.misc.Unsafe.park(Native Method)
        at java.util.concurrent.locks.LockSupport.parkNanos(LockSupport.java:215)
        at java.util.concurrent.locks.AbstractQueuedSynchronizer$ConditionObject.awaitNanos(AbstractQueuedSynchronizer.java:2078)
        at org.eclipse.jetty.util.BlockingArrayQueue.poll(BlockingArrayQueue.java:392)
        at org.eclipse.jetty.util.thread.QueuedThreadPool.idleJobPoll(QueuedThreadPool.java:563)
        at org.eclipse.jetty.util.thread.QueuedThreadPool.access$800(QueuedThreadPool.java:48)
        at org.eclipse.jetty.util.thread.QueuedThreadPool$2.run(QueuedThreadPool.java:626)
        at java.lang.Thread.run(Thread.java:748)
"pool-36-thread-47"  prio=5 tid=420 in Object.wait()
java.lang.Thread.State: WAITING (on object monitor)
        at sun.misc.Unsafe.park(Native Method)
        at java.util.concurrent.locks.LockSupport.park(LockSupport.java:175)
        at java.util.concurrent.locks.AbstractQueuedSynchronizer$ConditionObject.await(AbstractQueuedSynchronizer.java:2039)
        at java.util.concurrent.ArrayBlockingQueue.take(ArrayBlockingQueue.java:403)
        at java.util.concurrent.ThreadPoolExecutor.getTask(ThreadPoolExecutor.java:1074)
        at java.util.concurrent.ThreadPoolExecutor.runWorker(ThreadPoolExecutor.java:1134)
        at java.util.concurrent.ThreadPoolExecutor$Worker.run(ThreadPoolExecutor.java:624)
        at java.lang.Thread.run(Thread.java:748)
"metrics-hadoop-metrics2-reporter-54-thread-1" daemon prio=5 tid=1827 timed_waiting
java.lang.Thread.State: TIMED_WAITING
        at sun.misc.Unsafe.park(Native Method)
        at java.util.concurrent.locks.LockSupport.parkNanos(LockSupport.java:215)
        at java.util.concurrent.locks.AbstractQueuedSynchronizer$ConditionObject.awaitNanos(AbstractQueuedSynchronizer.java:2078)
        at java.util.concurrent.ScheduledThreadPoolExecutor$DelayedWorkQueue.take(ScheduledThreadPoolExecutor.java:1093)
        at java.util.concurrent.ScheduledThreadPoolExecutor$DelayedWorkQueue.take(ScheduledThreadPoolExecutor.java:809)
        at java.util.concurrent.ThreadPoolExecutor.getTask(ThreadPoolExecutor.java:1074)
        at java.util.concurrent.ThreadPoolExecutor.runWorker(ThreadPoolExecutor.java:1134)
        at java.util.concurrent.ThreadPoolExecutor$Worker.run(ThreadPoolExecutor.java:624)
        at java.lang.Thread.run(Thread.java:748)
"java.util.concurrent.ThreadPoolExecutor$Worker@10ca7197[State = -1, empty queue]" daemon prio=5 tid=1857 timed_waiting
java.lang.Thread.State: TIMED_WAITING
        at sun.misc.Unsafe.park(Native Method)
        at java.util.concurrent.locks.LockSupport.parkNanos(LockSupport.java:215)
        at java.util.concurrent.locks.AbstractQueuedSynchronizer$ConditionObject.awaitNanos(AbstractQueuedSynchronizer.java:2078)
        at java.util.concurrent.ScheduledThreadPoolExecutor$DelayedWorkQueue.take(ScheduledThreadPoolExecutor.java:1093)
        at java.util.concurrent.ScheduledThreadPoolExecutor$DelayedWorkQueue.take(ScheduledThreadPoolExecutor.java:809)
        at java.util.concurrent.ThreadPoolExecutor.getTask(ThreadPoolExecutor.java:1074)
        at java.util.concurrent.ThreadPoolExecutor.runWorker(ThreadPoolExecutor.java:1134)
        at java.util.concurrent.ThreadPoolExecutor$Worker.run(ThreadPoolExecutor.java:624)
        at java.lang.Thread.run(Thread.java:748)
"pool-26-thread-30"  prio=5 tid=343 in Object.wait()
java.lang.Thread.State: WAITING (on object monitor)
        at sun.misc.Unsafe.park(Native Method)
        at java.util.concurrent.locks.LockSupport.park(LockSupport.java:175)
        at java.util.concurrent.locks.AbstractQueuedSynchronizer$ConditionObject.await(AbstractQueuedSynchronizer.java:2039)
        at java.util.concurrent.ArrayBlockingQueue.take(ArrayBlockingQueue.java:403)
        at java.util.concurrent.ThreadPoolExecutor.getTask(ThreadPoolExecutor.java:1074)
        at java.util.concurrent.ThreadPoolExecutor.runWorker(ThreadPoolExecutor.java:1134)
        at java.util.concurrent.ThreadPoolExecutor$Worker.run(ThreadPoolExecutor.java:624)
        at java.lang.Thread.run(Thread.java:748)
"pool-46-thread-44"  prio=5 tid=477 in Object.wait()
java.lang.Thread.State: WAITING (on object monitor)
        at sun.misc.Unsafe.park(Native Method)
        at java.util.concurrent.locks.LockSupport.park(LockSupport.java:175)
        at java.util.concurrent.locks.AbstractQueuedSynchronizer$ConditionObject.await(AbstractQueuedSynchronizer.java:2039)
        at java.util.concurrent.ArrayBlockingQueue.take(ArrayBlockingQueue.java:403)
        at java.util.concurrent.ThreadPoolExecutor.getTask(ThreadPoolExecutor.java:1074)
        at java.util.concurrent.ThreadPoolExecutor.runWorker(ThreadPoolExecutor.java:1134)
        at java.util.concurrent.ThreadPoolExecutor$Worker.run(ThreadPoolExecutor.java:624)
        at java.lang.Thread.run(Thread.java:748)
"metrics-hadoop-metrics2-reporter-33-thread-1" daemon prio=5 tid=852 timed_waiting
java.lang.Thread.State: TIMED_WAITING
        at sun.misc.Unsafe.park(Native Method)
        at java.util.concurrent.locks.LockSupport.parkNanos(LockSupport.java:215)
        at java.util.concurrent.locks.AbstractQueuedSynchronizer$ConditionObject.awaitNanos(AbstractQueuedSynchronizer.java:2078)
        at java.util.concurrent.ScheduledThreadPoolExecutor$DelayedWorkQueue.take(ScheduledThreadPoolExecutor.java:1093)
        at java.util.concurrent.ScheduledThreadPoolExecutor$DelayedWorkQueue.take(ScheduledThreadPoolExecutor.java:809)
        at java.util.concurrent.ThreadPoolExecutor.getTask(ThreadPoolExecutor.java:1074)
        at java.util.concurrent.ThreadPoolExecutor.runWorker(ThreadPoolExecutor.java:1134)
        at java.util.concurrent.ThreadPoolExecutor$Worker.run(ThreadPoolExecutor.java:624)
        at java.lang.Thread.run(Thread.java:748)
"pool-46-thread-17"  prio=5 tid=450 in Object.wait()
java.lang.Thread.State: WAITING (on object monitor)
        at sun.misc.Unsafe.park(Native Method)
        at java.util.concurrent.locks.LockSupport.park(LockSupport.java:175)
        at java.util.concurrent.locks.AbstractQueuedSynchronizer$ConditionObject.await(AbstractQueuedSynchronizer.java:2039)
        at java.util.concurrent.ArrayBlockingQueue.take(ArrayBlockingQueue.java:403)
        at java.util.concurrent.ThreadPoolExecutor.getTask(ThreadPoolExecutor.java:1074)
        at java.util.concurrent.ThreadPoolExecutor.runWorker(ThreadPoolExecutor.java:1134)
        at java.util.concurrent.ThreadPoolExecutor$Worker.run(ThreadPoolExecutor.java:624)
        at java.lang.Thread.run(Thread.java:748)
"grpc-default-executor-6" daemon prio=5 tid=971 timed_waiting
java.lang.Thread.State: TIMED_WAITING
        at sun.misc.Unsafe.park(Native Method)
        at java.util.concurrent.locks.LockSupport.parkNanos(LockSupport.java:215)
        at java.util.concurrent.SynchronousQueue$TransferStack.awaitFulfill(SynchronousQueue.java:460)
        at java.util.concurrent.SynchronousQueue$TransferStack.transfer(SynchronousQueue.java:362)
        at java.util.concurrent.SynchronousQueue.poll(SynchronousQueue.java:941)
        at java.util.concurrent.ThreadPoolExecutor.getTask(ThreadPoolExecutor.java:1073)
        at java.util.concurrent.ThreadPoolExecutor.runWorker(ThreadPoolExecutor.java:1134)
        at java.util.concurrent.ThreadPoolExecutor$Worker.run(ThreadPoolExecutor.java:624)
        at java.lang.Thread.run(Thread.java:748)
"Datanode ReportManager Thread - 1" daemon prio=5 tid=172 in Object.wait()
java.lang.Thread.State: WAITING (on object monitor)
        at sun.misc.Unsafe.park(Native Method)
        at java.util.concurrent.locks.LockSupport.park(LockSupport.java:175)
        at java.util.concurrent.locks.AbstractQueuedSynchronizer$ConditionObject.await(AbstractQueuedSynchronizer.java:2039)
        at java.util.concurrent.ScheduledThreadPoolExecutor$DelayedWorkQueue.take(ScheduledThreadPoolExecutor.java:1088)
        at java.util.concurrent.ScheduledThreadPoolExecutor$DelayedWorkQueue.take(ScheduledThreadPoolExecutor.java:809)
        at java.util.concurrent.ThreadPoolExecutor.getTask(ThreadPoolExecutor.java:1074)
        at java.util.concurrent.ThreadPoolExecutor.runWorker(ThreadPoolExecutor.java:1134)
        at java.util.concurrent.ThreadPoolExecutor$Worker.run(ThreadPoolExecutor.java:624)
        at java.lang.Thread.run(Thread.java:748)
"metrics-hadoop-metrics2-reporter-56-thread-1" daemon prio=5 tid=1831 timed_waiting
java.lang.Thread.State: TIMED_WAITING
        at sun.misc.Unsafe.park(Native Method)
        at java.util.concurrent.locks.LockSupport.parkNanos(LockSupport.java:215)
        at java.util.concurrent.locks.AbstractQueuedSynchronizer$ConditionObject.awaitNanos(AbstractQueuedSynchronizer.java:2078)
        at java.util.concurrent.ScheduledThreadPoolExecutor$DelayedWorkQueue.take(ScheduledThreadPoolExecutor.java:1093)
        at java.util.concurrent.ScheduledThreadPoolExecutor$DelayedWorkQueue.take(ScheduledThreadPoolExecutor.java:809)
        at java.util.concurrent.ThreadPoolExecutor.getTask(ThreadPoolExecutor.java:1074)
        at java.util.concurrent.ThreadPoolExecutor.runWorker(ThreadPoolExecutor.java:1134)
        at java.util.concurrent.ThreadPoolExecutor$Worker.run(ThreadPoolExecutor.java:624)
        at java.lang.Thread.run(Thread.java:748)
"qtp1507604180-188" daemon prio=5 tid=188 timed_waiting
java.lang.Thread.State: TIMED_WAITING
        at sun.misc.Unsafe.park(Native Method)
        at java.util.concurrent.locks.LockSupport.parkNanos(LockSupport.java:215)
        at java.util.concurrent.locks.AbstractQueuedSynchronizer$ConditionObject.awaitNanos(AbstractQueuedSynchronizer.java:2078)
        at org.eclipse.jetty.util.BlockingArrayQueue.poll(BlockingArrayQueue.java:392)
        at org.eclipse.jetty.util.thread.QueuedThreadPool.idleJobPoll(QueuedThreadPool.java:563)
        at org.eclipse.jetty.util.thread.QueuedThreadPool.access$800(QueuedThreadPool.java:48)
        at org.eclipse.jetty.util.thread.QueuedThreadPool$2.run(QueuedThreadPool.java:626)
        at java.lang.Thread.run(Thread.java:748)
"metrics-hadoop-metrics2-reporter-29-thread-1" daemon prio=5 tid=834 timed_waiting
java.lang.Thread.State: TIMED_WAITING
        at sun.misc.Unsafe.park(Native Method)
        at java.util.concurrent.locks.LockSupport.parkNanos(LockSupport.java:215)
        at java.util.concurrent.locks.AbstractQueuedSynchronizer$ConditionObject.awaitNanos(AbstractQueuedSynchronizer.java:2078)
        at java.util.concurrent.ScheduledThreadPoolExecutor$DelayedWorkQueue.take(ScheduledThreadPoolExecutor.java:1093)
        at java.util.concurrent.ScheduledThreadPoolExecutor$DelayedWorkQueue.take(ScheduledThreadPoolExecutor.java:809)
        at java.util.concurrent.ThreadPoolExecutor.getTask(ThreadPoolExecutor.java:1074)
        at java.util.concurrent.ThreadPoolExecutor.runWorker(ThreadPoolExecutor.java:1134)
        at java.util.concurrent.ThreadPoolExecutor$Worker.run(ThreadPoolExecutor.java:624)
        at java.lang.Thread.run(Thread.java:748)
"metrics-hadoop-metrics2-reporter-19-thread-1" daemon prio=5 tid=778 timed_waiting
java.lang.Thread.State: TIMED_WAITING
        at sun.misc.Unsafe.park(Native Method)
        at java.util.concurrent.locks.LockSupport.parkNanos(LockSupport.java:215)
        at java.util.concurrent.locks.AbstractQueuedSynchronizer$ConditionObject.awaitNanos(AbstractQueuedSynchronizer.java:2078)
        at java.util.concurrent.ScheduledThreadPoolExecutor$DelayedWorkQueue.take(ScheduledThreadPoolExecutor.java:1093)
        at java.util.concurrent.ScheduledThreadPoolExecutor$DelayedWorkQueue.take(ScheduledThreadPoolExecutor.java:809)
        at java.util.concurrent.ThreadPoolExecutor.getTask(ThreadPoolExecutor.java:1074)
        at java.util.concurrent.ThreadPoolExecutor.runWorker(ThreadPoolExecutor.java:1134)
        at java.util.concurrent.ThreadPoolExecutor$Worker.run(ThreadPoolExecutor.java:624)
        at java.lang.Thread.run(Thread.java:748)
"pool-30-thread-1"  prio=5 tid=158 timed_waiting
java.lang.Thread.State: TIMED_WAITING
        at sun.misc.Unsafe.park(Native Method)
        at java.util.concurrent.locks.LockSupport.parkNanos(LockSupport.java:215)
        at java.util.concurrent.locks.AbstractQueuedSynchronizer$ConditionObject.awaitNanos(AbstractQueuedSynchronizer.java:2078)
        at java.util.concurrent.ScheduledThreadPoolExecutor$DelayedWorkQueue.take(ScheduledThreadPoolExecutor.java:1093)
        at java.util.concurrent.ScheduledThreadPoolExecutor$DelayedWorkQueue.take(ScheduledThreadPoolExecutor.java:809)
        at java.util.concurrent.ThreadPoolExecutor.getTask(ThreadPoolExecutor.java:1074)
        at java.util.concurrent.ThreadPoolExecutor.runWorker(ThreadPoolExecutor.java:1134)
        at java.util.concurrent.ThreadPoolExecutor$Worker.run(ThreadPoolExecutor.java:624)
        at java.lang.Thread.run(Thread.java:748)
"BlockDeletingService#0" daemon prio=5 tid=558 in Object.wait()
java.lang.Thread.State: WAITING (on object monitor)
        at sun.misc.Unsafe.park(Native Method)
        at java.util.concurrent.locks.LockSupport.park(LockSupport.java:175)
        at java.util.concurrent.locks.AbstractQueuedSynchronizer$ConditionObject.await(AbstractQueuedSynchronizer.java:2039)
        at java.util.concurrent.ScheduledThreadPoolExecutor$DelayedWorkQueue.take(ScheduledThreadPoolExecutor.java:1088)
        at java.util.concurrent.ScheduledThreadPoolExecutor$DelayedWorkQueue.take(ScheduledThreadPoolExecutor.java:809)
        at java.util.concurrent.ThreadPoolExecutor.getTask(ThreadPoolExecutor.java:1074)
        at java.util.concurrent.ThreadPoolExecutor.runWorker(ThreadPoolExecutor.java:1134)
        at java.util.concurrent.ThreadPoolExecutor$Worker.run(ThreadPoolExecutor.java:624)
        at java.lang.Thread.run(Thread.java:748)
"19e67e26-3d21-4d01-be9f-29113a4a814c@group-158143B13CCA-SegmentedRaftLogWorker"  prio=5 tid=895 timed_waiting
java.lang.Thread.State: TIMED_WAITING
        at sun.misc.Unsafe.park(Native Method)
        at java.util.concurrent.locks.LockSupport.parkNanos(LockSupport.java:215)
        at java.util.concurrent.locks.AbstractQueuedSynchronizer$ConditionObject.awaitNanos(AbstractQueuedSynchronizer.java:2078)
        at org.apache.ratis.util.DataBlockingQueue.poll(DataBlockingQueue.java:137)
        at org.apache.ratis.server.raftlog.segmented.SegmentedRaftLogWorker.run(SegmentedRaftLogWorker.java:283)
        at java.lang.Thread.run(Thread.java:748)
"pool-56-thread-29"  prio=5 tid=523 in Object.wait()
java.lang.Thread.State: WAITING (on object monitor)
        at sun.misc.Unsafe.park(Native Method)
        at java.util.concurrent.locks.LockSupport.park(LockSupport.java:175)
        at java.util.concurrent.locks.AbstractQueuedSynchronizer$ConditionObject.await(AbstractQueuedSynchronizer.java:2039)
        at java.util.concurrent.ArrayBlockingQueue.take(ArrayBlockingQueue.java:403)
        at java.util.concurrent.ThreadPoolExecutor.getTask(ThreadPoolExecutor.java:1074)
        at java.util.concurrent.ThreadPoolExecutor.runWorker(ThreadPoolExecutor.java:1134)
        at java.util.concurrent.ThreadPoolExecutor$Worker.run(ThreadPoolExecutor.java:624)
        at java.lang.Thread.run(Thread.java:748)
"qtp1947666055-294" daemon prio=5 tid=294 runnable
java.lang.Thread.State: RUNNABLE
        at sun.nio.ch.EPollArrayWrapper.epollWait(Native Method)
        at sun.nio.ch.EPollArrayWrapper.poll(EPollArrayWrapper.java:269)
        at sun.nio.ch.EPollSelectorImpl.doSelect(EPollSelectorImpl.java:93)
        at sun.nio.ch.SelectorImpl.lockAndDoSelect(SelectorImpl.java:86)
        at sun.nio.ch.SelectorImpl.select(SelectorImpl.java:97)
        at sun.nio.ch.SelectorImpl.select(SelectorImpl.java:101)
        at org.eclipse.jetty.io.ManagedSelector$SelectorProducer.select(ManagedSelector.java:243)
        at org.eclipse.jetty.io.ManagedSelector$SelectorProducer.produce(ManagedSelector.java:191)
        at org.eclipse.jetty.util.thread.strategy.ExecuteProduceConsume.executeProduceConsume(ExecuteProduceConsume.java:249)
        at org.eclipse.jetty.util.thread.strategy.ExecuteProduceConsume.produceConsume(ExecuteProduceConsume.java:148)
        at org.eclipse.jetty.util.thread.strategy.ExecuteProduceConsume.execute(ExecuteProduceConsume.java:100)
        at org.eclipse.jetty.io.ManagedSelector.run(ManagedSelector.java:147)
        at org.eclipse.jetty.util.thread.QueuedThreadPool.runJob(QueuedThreadPool.java:671)
        at org.eclipse.jetty.util.thread.QueuedThreadPool$2.run(QueuedThreadPool.java:589)
        at java.lang.Thread.run(Thread.java:748)
"pool-54-thread-1" daemon prio=5 tid=237 timed_waiting
java.lang.Thread.State: TIMED_WAITING
        at sun.misc.Unsafe.park(Native Method)
        at java.util.concurrent.locks.LockSupport.parkNanos(LockSupport.java:215)
        at java.util.concurrent.locks.AbstractQueuedSynchronizer$ConditionObject.awaitNanos(AbstractQueuedSynchronizer.java:2078)
        at java.util.concurrent.ScheduledThreadPoolExecutor$DelayedWorkQueue.take(ScheduledThreadPoolExecutor.java:1093)
        at java.util.concurrent.ScheduledThreadPoolExecutor$DelayedWorkQueue.take(ScheduledThreadPoolExecutor.java:809)
        at java.util.concurrent.ThreadPoolExecutor.getTask(ThreadPoolExecutor.java:1074)
        at java.util.concurrent.ThreadPoolExecutor.runWorker(ThreadPoolExecutor.java:1134)
        at java.util.concurrent.ThreadPoolExecutor$Worker.run(ThreadPoolExecutor.java:624)
        at java.lang.Thread.run(Thread.java:748)
"pool-70-thread-1"  prio=5 tid=266 timed_waiting
java.lang.Thread.State: TIMED_WAITING
        at sun.misc.Unsafe.park(Native Method)
        at java.util.concurrent.locks.LockSupport.parkNanos(LockSupport.java:215)
        at java.util.concurrent.locks.AbstractQueuedSynchronizer$ConditionObject.awaitNanos(AbstractQueuedSynchronizer.java:2078)
        at java.util.concurrent.ScheduledThreadPoolExecutor$DelayedWorkQueue.take(ScheduledThreadPoolExecutor.java:1093)
        at java.util.concurrent.ScheduledThreadPoolExecutor$DelayedWorkQueue.take(ScheduledThreadPoolExecutor.java:809)
        at java.util.concurrent.ThreadPoolExecutor.getTask(ThreadPoolExecutor.java:1074)
        at java.util.concurrent.ThreadPoolExecutor.runWorker(ThreadPoolExecutor.java:1134)
        at java.util.concurrent.ThreadPoolExecutor$Worker.run(ThreadPoolExecutor.java:624)
        at java.lang.Thread.run(Thread.java:748)
"pool-76-thread-44"  prio=5 tid=668 in Object.wait()
java.lang.Thread.State: WAITING (on object monitor)
        at sun.misc.Unsafe.park(Native Method)
        at java.util.concurrent.locks.LockSupport.park(LockSupport.java:175)
        at java.util.concurrent.locks.AbstractQueuedSynchronizer$ConditionObject.await(AbstractQueuedSynchronizer.java:2039)
        at java.util.concurrent.ArrayBlockingQueue.take(ArrayBlockingQueue.java:403)
        at java.util.concurrent.ThreadPoolExecutor.getTask(ThreadPoolExecutor.java:1074)
        at java.util.concurrent.ThreadPoolExecutor.runWorker(ThreadPoolExecutor.java:1134)
        at java.util.concurrent.ThreadPoolExecutor$Worker.run(ThreadPoolExecutor.java:624)
        at java.lang.Thread.run(Thread.java:748)
"pool-26-thread-58"  prio=5 tid=371 in Object.wait()
java.lang.Thread.State: WAITING (on object monitor)
        at sun.misc.Unsafe.park(Native Method)
        at java.util.concurrent.locks.LockSupport.park(LockSupport.java:175)
        at java.util.concurrent.locks.AbstractQueuedSynchronizer$ConditionObject.await(AbstractQueuedSynchronizer.java:2039)
        at java.util.concurrent.ArrayBlockingQueue.take(ArrayBlockingQueue.java:403)
        at java.util.concurrent.ThreadPoolExecutor.getTask(ThreadPoolExecutor.java:1074)
        at java.util.concurrent.ThreadPoolExecutor.runWorker(ThreadPoolExecutor.java:1134)
        at java.util.concurrent.ThreadPoolExecutor$Worker.run(ThreadPoolExecutor.java:624)
        at java.lang.Thread.run(Thread.java:748)
"pool-66-thread-39"  prio=5 tid=601 in Object.wait()
java.lang.Thread.State: WAITING (on object monitor)
        at sun.misc.Unsafe.park(Native Method)
        at java.util.concurrent.locks.LockSupport.park(LockSupport.java:175)
        at java.util.concurrent.locks.AbstractQueuedSynchronizer$ConditionObject.await(AbstractQueuedSynchronizer.java:2039)
        at java.util.concurrent.ArrayBlockingQueue.take(ArrayBlockingQueue.java:403)
        at java.util.concurrent.ThreadPoolExecutor.getTask(ThreadPoolExecutor.java:1074)
        at java.util.concurrent.ThreadPoolExecutor.runWorker(ThreadPoolExecutor.java:1134)
        at java.util.concurrent.ThreadPoolExecutor$Worker.run(ThreadPoolExecutor.java:624)
        at java.lang.Thread.run(Thread.java:748)
"pool-36-thread-40"  prio=5 tid=413 in Object.wait()
java.lang.Thread.State: WAITING (on object monitor)
        at sun.misc.Unsafe.park(Native Method)
        at java.util.concurrent.locks.LockSupport.park(LockSupport.java:175)
        at java.util.concurrent.locks.AbstractQueuedSynchronizer$ConditionObject.await(AbstractQueuedSynchronizer.java:2039)
        at java.util.concurrent.ArrayBlockingQueue.take(ArrayBlockingQueue.java:403)
        at java.util.concurrent.ThreadPoolExecutor.getTask(ThreadPoolExecutor.java:1074)
        at java.util.concurrent.ThreadPoolExecutor.runWorker(ThreadPoolExecutor.java:1134)
        at java.util.concurrent.ThreadPoolExecutor$Worker.run(ThreadPoolExecutor.java:624)
        at java.lang.Thread.run(Thread.java:748)
"b7064b77-9271-4e94-8225-85d895886efb@group-B9DEF2EDD277-SegmentedRaftLogWorker"  prio=5 tid=819 timed_waiting
java.lang.Thread.State: TIMED_WAITING
        at sun.misc.Unsafe.park(Native Method)
        at java.util.concurrent.locks.LockSupport.parkNanos(LockSupport.java:215)
        at java.util.concurrent.locks.AbstractQueuedSynchronizer$ConditionObject.awaitNanos(AbstractQueuedSynchronizer.java:2078)
        at org.apache.ratis.util.DataBlockingQueue.poll(DataBlockingQueue.java:137)
        at org.apache.ratis.server.raftlog.segmented.SegmentedRaftLogWorker.run(SegmentedRaftLogWorker.java:283)
        at java.lang.Thread.run(Thread.java:748)
"org.eclipse.jetty.server.session.HashSessionManager@319854f0Timer" daemon prio=5 tid=144 timed_waiting
java.lang.Thread.State: TIMED_WAITING
        at sun.misc.Unsafe.park(Native Method)
        at java.util.concurrent.locks.LockSupport.parkNanos(LockSupport.java:215)
        at java.util.concurrent.locks.AbstractQueuedSynchronizer$ConditionObject.awaitNanos(AbstractQueuedSynchronizer.java:2078)
        at java.util.concurrent.ScheduledThreadPoolExecutor$DelayedWorkQueue.take(ScheduledThreadPoolExecutor.java:1093)
        at java.util.concurrent.ScheduledThreadPoolExecutor$DelayedWorkQueue.take(ScheduledThreadPoolExecutor.java:809)
        at java.util.concurrent.ThreadPoolExecutor.getTask(ThreadPoolExecutor.java:1074)
        at java.util.concurrent.ThreadPoolExecutor.runWorker(ThreadPoolExecutor.java:1134)
        at java.util.concurrent.ThreadPoolExecutor$Worker.run(ThreadPoolExecutor.java:624)
        at java.lang.Thread.run(Thread.java:748)
"Thread-1210" daemon prio=5 tid=1796 timed_waiting
java.lang.Thread.State: TIMED_WAITING
        at java.lang.Thread.sleep(Native Method)
        at org.apache.ratis.util.JavaUtils.sleep(JavaUtils.java:247)
        at org.apache.ratis.server.impl.FollowerState.run(FollowerState.java:96)
"qtp564272228-93" daemon prio=5 tid=93 timed_waiting
java.lang.Thread.State: TIMED_WAITING
        at sun.misc.Unsafe.park(Native Method)
        at java.util.concurrent.locks.LockSupport.parkNanos(LockSupport.java:215)
        at java.util.concurrent.locks.AbstractQueuedSynchronizer$ConditionObject.awaitNanos(AbstractQueuedSynchronizer.java:2078)
        at org.eclipse.jetty.util.BlockingArrayQueue.poll(BlockingArrayQueue.java:392)
        at org.eclipse.jetty.util.thread.QueuedThreadPool.idleJobPoll(QueuedThreadPool.java:563)
        at org.eclipse.jetty.util.thread.QueuedThreadPool.access$800(QueuedThreadPool.java:48)
        at org.eclipse.jetty.util.thread.QueuedThreadPool$2.run(QueuedThreadPool.java:626)
        at java.lang.Thread.run(Thread.java:748)
"qtp1623761043-271" daemon prio=5 tid=271 timed_waiting
java.lang.Thread.State: TIMED_WAITING
        at sun.misc.Unsafe.park(Native Method)
        at java.util.concurrent.locks.LockSupport.parkNanos(LockSupport.java:215)
        at java.util.concurrent.locks.AbstractQueuedSynchronizer$ConditionObject.awaitNanos(AbstractQueuedSynchronizer.java:2078)
        at org.eclipse.jetty.util.BlockingArrayQueue.poll(BlockingArrayQueue.java:392)
        at org.eclipse.jetty.util.thread.QueuedThreadPool.idleJobPoll(QueuedThreadPool.java:563)
        at org.eclipse.jetty.util.thread.QueuedThreadPool.access$800(QueuedThreadPool.java:48)
        at org.eclipse.jetty.util.thread.QueuedThreadPool$2.run(QueuedThreadPool.java:626)
        at java.lang.Thread.run(Thread.java:748)
"pool-46-thread-32"  prio=5 tid=465 in Object.wait()
java.lang.Thread.State: WAITING (on object monitor)
        at sun.misc.Unsafe.park(Native Method)
        at java.util.concurrent.locks.LockSupport.park(LockSupport.java:175)
        at java.util.concurrent.locks.AbstractQueuedSynchronizer$ConditionObject.await(AbstractQueuedSynchronizer.java:2039)
        at java.util.concurrent.ArrayBlockingQueue.take(ArrayBlockingQueue.java:403)
        at java.util.concurrent.ThreadPoolExecutor.getTask(ThreadPoolExecutor.java:1074)
        at java.util.concurrent.ThreadPoolExecutor.runWorker(ThreadPoolExecutor.java:1134)
        at java.util.concurrent.ThreadPoolExecutor$Worker.run(ThreadPoolExecutor.java:624)
        at java.lang.Thread.run(Thread.java:748)
"pool-76-thread-18"  prio=5 tid=642 in Object.wait()
java.lang.Thread.State: WAITING (on object monitor)
        at sun.misc.Unsafe.park(Native Method)
        at java.util.concurrent.locks.LockSupport.park(LockSupport.java:175)
        at java.util.concurrent.locks.AbstractQueuedSynchronizer$ConditionObject.await(AbstractQueuedSynchronizer.java:2039)
        at java.util.concurrent.ArrayBlockingQueue.take(ArrayBlockingQueue.java:403)
        at java.util.concurrent.ThreadPoolExecutor.getTask(ThreadPoolExecutor.java:1074)
        at java.util.concurrent.ThreadPoolExecutor.runWorker(ThreadPoolExecutor.java:1134)
        at java.util.concurrent.ThreadPoolExecutor$Worker.run(ThreadPoolExecutor.java:624)
        at java.lang.Thread.run(Thread.java:748)
"Datanode State Machine Thread - 0" daemon prio=5 tid=278 timed_waiting
java.lang.Thread.State: TIMED_WAITING
        at java.lang.Thread.sleep(Native Method)
        at org.apache.hadoop.ozone.container.common.statemachine.DatanodeStateMachine.start(DatanodeStateMachine.java:191)
        at org.apache.hadoop.ozone.container.common.statemachine.DatanodeStateMachine.lambda$startDaemon$0(DatanodeStateMachine.java:349)
        at org.apache.hadoop.ozone.container.common.statemachine.DatanodeStateMachine$$Lambda$138/939829672.run(Unknown Source)
        at java.lang.Thread.run(Thread.java:748)
"metrics-hadoop-metrics2-reporter-16-thread-1" daemon prio=5 tid=763 timed_waiting
java.lang.Thread.State: TIMED_WAITING
        at sun.misc.Unsafe.park(Native Method)
        at java.util.concurrent.locks.LockSupport.parkNanos(LockSupport.java:215)
        at java.util.concurrent.locks.AbstractQueuedSynchronizer$ConditionObject.awaitNanos(AbstractQueuedSynchronizer.java:2078)
        at java.util.concurrent.ScheduledThreadPoolExecutor$DelayedWorkQueue.take(ScheduledThreadPoolExecutor.java:1093)
        at java.util.concurrent.ScheduledThreadPoolExecutor$DelayedWorkQueue.take(ScheduledThreadPoolExecutor.java:809)
        at java.util.concurrent.ThreadPoolExecutor.getTask(ThreadPoolExecutor.java:1074)
        at java.util.concurrent.ThreadPoolExecutor.runWorker(ThreadPoolExecutor.java:1134)
        at java.util.concurrent.ThreadPoolExecutor$Worker.run(ThreadPoolExecutor.java:624)
        at java.lang.Thread.run(Thread.java:748)
"qtp83534488-217" daemon prio=5 tid=217 timed_waiting
java.lang.Thread.State: TIMED_WAITING
        at sun.misc.Unsafe.park(Native Method)
        at java.util.concurrent.locks.LockSupport.parkNanos(LockSupport.java:215)
        at java.util.concurrent.locks.AbstractQueuedSynchronizer$ConditionObject.awaitNanos(AbstractQueuedSynchronizer.java:2078)
        at org.eclipse.jetty.util.BlockingArrayQueue.poll(BlockingArrayQueue.java:392)
        at org.eclipse.jetty.util.thread.QueuedThreadPool.idleJobPoll(QueuedThreadPool.java:563)
        at org.eclipse.jetty.util.thread.QueuedThreadPool.access$800(QueuedThreadPool.java:48)
        at org.eclipse.jetty.util.thread.QueuedThreadPool$2.run(QueuedThreadPool.java:626)
        at java.lang.Thread.run(Thread.java:748)
"pool-76-thread-11"  prio=5 tid=635 in Object.wait()
java.lang.Thread.State: WAITING (on object monitor)
        at sun.misc.Unsafe.park(Native Method)
        at java.util.concurrent.locks.LockSupport.park(LockSupport.java:175)
        at java.util.concurrent.locks.AbstractQueuedSynchronizer$ConditionObject.await(AbstractQueuedSynchronizer.java:2039)
        at java.util.concurrent.ArrayBlockingQueue.take(ArrayBlockingQueue.java:403)
        at java.util.concurrent.ThreadPoolExecutor.getTask(ThreadPoolExecutor.java:1074)
        at java.util.concurrent.ThreadPoolExecutor.runWorker(ThreadPoolExecutor.java:1134)
        at java.util.concurrent.ThreadPoolExecutor$Worker.run(ThreadPoolExecutor.java:624)
        at java.lang.Thread.run(Thread.java:748)
"pool-46-thread-52"  prio=5 tid=485 in Object.wait()
java.lang.Thread.State: WAITING (on object monitor)
        at sun.misc.Unsafe.park(Native Method)
        at java.util.concurrent.locks.LockSupport.park(LockSupport.java:175)
        at java.util.concurrent.locks.AbstractQueuedSynchronizer$ConditionObject.await(AbstractQueuedSynchronizer.java:2039)
        at java.util.concurrent.ArrayBlockingQueue.take(ArrayBlockingQueue.java:403)
        at java.util.concurrent.ThreadPoolExecutor.getTask(ThreadPoolExecutor.java:1074)
        at java.util.concurrent.ThreadPoolExecutor.runWorker(ThreadPoolExecutor.java:1134)
        at java.util.concurrent.ThreadPoolExecutor$Worker.run(ThreadPoolExecutor.java:624)
        at java.lang.Thread.run(Thread.java:748)
"IPC Server idle connection scanner for port 45005" daemon prio=5 tid=24 timed_waiting
java.lang.Thread.State: TIMED_WAITING
        at java.lang.Object.wait(Native Method)
        at java.util.TimerThread.mainLoop(Timer.java:552)
        at java.util.TimerThread.run(Timer.java:505)
"pool-76-thread-59"  prio=5 tid=683 in Object.wait()
java.lang.Thread.State: WAITING (on object monitor)
        at sun.misc.Unsafe.park(Native Method)
        at java.util.concurrent.locks.LockSupport.park(LockSupport.java:175)
        at java.util.concurrent.locks.AbstractQueuedSynchronizer$ConditionObject.await(AbstractQueuedSynchronizer.java:2039)
        at java.util.concurrent.ArrayBlockingQueue.take(ArrayBlockingQueue.java:403)
        at java.util.concurrent.ThreadPoolExecutor.getTask(ThreadPoolExecutor.java:1074)
        at java.util.concurrent.ThreadPoolExecutor.runWorker(ThreadPoolExecutor.java:1134)
        at java.util.concurrent.ThreadPoolExecutor$Worker.run(ThreadPoolExecutor.java:624)
        at java.lang.Thread.run(Thread.java:748)
"pool-56-thread-39"  prio=5 tid=533 in Object.wait()
java.lang.Thread.State: WAITING (on object monitor)
        at sun.misc.Unsafe.park(Native Method)
        at java.util.concurrent.locks.LockSupport.park(LockSupport.java:175)
        at java.util.concurrent.locks.AbstractQueuedSynchronizer$ConditionObject.await(AbstractQueuedSynchronizer.java:2039)
        at java.util.concurrent.ArrayBlockingQueue.take(ArrayBlockingQueue.java:403)
        at java.util.concurrent.ThreadPoolExecutor.getTask(ThreadPoolExecutor.java:1074)
        at java.util.concurrent.ThreadPoolExecutor.runWorker(ThreadPoolExecutor.java:1134)
        at java.util.concurrent.ThreadPoolExecutor$Worker.run(ThreadPoolExecutor.java:624)
        at java.lang.Thread.run(Thread.java:748)
"pool-46-thread-35"  prio=5 tid=468 in Object.wait()
java.lang.Thread.State: WAITING (on object monitor)
        at sun.misc.Unsafe.park(Native Method)
        at java.util.concurrent.locks.LockSupport.park(LockSupport.java:175)
        at java.util.concurrent.locks.AbstractQueuedSynchronizer$ConditionObject.await(AbstractQueuedSynchronizer.java:2039)
        at java.util.concurrent.ArrayBlockingQueue.take(ArrayBlockingQueue.java:403)
        at java.util.concurrent.ThreadPoolExecutor.getTask(ThreadPoolExecutor.java:1074)
        at java.util.concurrent.ThreadPoolExecutor.runWorker(ThreadPoolExecutor.java:1134)
        at java.util.concurrent.ThreadPoolExecutor$Worker.run(ThreadPoolExecutor.java:624)
        at java.lang.Thread.run(Thread.java:748)
"pool-66-thread-45"  prio=5 tid=607 in Object.wait()
java.lang.Thread.State: WAITING (on object monitor)
        at sun.misc.Unsafe.park(Native Method)
        at java.util.concurrent.locks.LockSupport.park(LockSupport.java:175)
        at java.util.concurrent.locks.AbstractQueuedSynchronizer$ConditionObject.await(AbstractQueuedSynchronizer.java:2039)
        at java.util.concurrent.ArrayBlockingQueue.take(ArrayBlockingQueue.java:403)
        at java.util.concurrent.ThreadPoolExecutor.getTask(ThreadPoolExecutor.java:1074)
        at java.util.concurrent.ThreadPoolExecutor.runWorker(ThreadPoolExecutor.java:1134)
        at java.util.concurrent.ThreadPoolExecutor$Worker.run(ThreadPoolExecutor.java:624)
        at java.lang.Thread.run(Thread.java:748)
"java.util.concurrent.ThreadPoolExecutor$Worker@7d2e2e8e[State = -1, empty queue]" daemon prio=5 tid=1855 timed_waiting
java.lang.Thread.State: TIMED_WAITING
        at sun.misc.Unsafe.park(Native Method)
        at java.util.concurrent.locks.LockSupport.parkNanos(LockSupport.java:215)
        at java.util.concurrent.locks.AbstractQueuedSynchronizer$ConditionObject.awaitNanos(AbstractQueuedSynchronizer.java:2078)
        at java.util.concurrent.ScheduledThreadPoolExecutor$DelayedWorkQueue.take(ScheduledThreadPoolExecutor.java:1093)
        at java.util.concurrent.ScheduledThreadPoolExecutor$DelayedWorkQueue.take(ScheduledThreadPoolExecutor.java:809)
        at java.util.concurrent.ThreadPoolExecutor.getTask(ThreadPoolExecutor.java:1074)
        at java.util.concurrent.ThreadPoolExecutor.runWorker(ThreadPoolExecutor.java:1134)
        at java.util.concurrent.ThreadPoolExecutor$Worker.run(ThreadPoolExecutor.java:624)
        at java.lang.Thread.run(Thread.java:748)
"Thread-1203" daemon prio=5 tid=1789 timed_waiting
java.lang.Thread.State: TIMED_WAITING
        at sun.misc.Unsafe.park(Native Method)
        at java.util.concurrent.locks.LockSupport.parkNanos(LockSupport.java:215)
        at java.util.concurrent.locks.AbstractQueuedSynchronizer$ConditionObject.awaitNanos(AbstractQueuedSynchronizer.java:2078)
        at java.util.concurrent.ArrayBlockingQueue.poll(ArrayBlockingQueue.java:418)
        at org.apache.ratis.server.impl.LeaderState$EventQueue.poll(LeaderState.java:115)
        at org.apache.ratis.server.impl.LeaderState$EventProcessor.run(LeaderState.java:457)
"Datanode ReportManager Thread - 2" daemon prio=5 tid=200 in Object.wait()
java.lang.Thread.State: WAITING (on object monitor)
        at sun.misc.Unsafe.park(Native Method)
        at java.util.concurrent.locks.LockSupport.park(LockSupport.java:175)
        at java.util.concurrent.locks.AbstractQueuedSynchronizer$ConditionObject.await(AbstractQueuedSynchronizer.java:2039)
        at java.util.concurrent.ScheduledThreadPoolExecutor$DelayedWorkQueue.take(ScheduledThreadPoolExecutor.java:1088)
        at java.util.concurrent.ScheduledThreadPoolExecutor$DelayedWorkQueue.take(ScheduledThreadPoolExecutor.java:809)
        at java.util.concurrent.ThreadPoolExecutor.getTask(ThreadPoolExecutor.java:1074)
        at java.util.concurrent.ThreadPoolExecutor.runWorker(ThreadPoolExecutor.java:1134)
        at java.util.concurrent.ThreadPoolExecutor$Worker.run(ThreadPoolExecutor.java:624)
        at java.lang.Thread.run(Thread.java:748)
"pool-56-thread-48"  prio=5 tid=542 in Object.wait()
java.lang.Thread.State: WAITING (on object monitor)
        at sun.misc.Unsafe.park(Native Method)
        at java.util.concurrent.locks.LockSupport.park(LockSupport.java:175)
        at java.util.concurrent.locks.AbstractQueuedSynchronizer$ConditionObject.await(AbstractQueuedSynchronizer.java:2039)
        at java.util.concurrent.ArrayBlockingQueue.take(ArrayBlockingQueue.java:403)
        at java.util.concurrent.ThreadPoolExecutor.getTask(ThreadPoolExecutor.java:1074)
        at java.util.concurrent.ThreadPoolExecutor.runWorker(ThreadPoolExecutor.java:1134)
        at java.util.concurrent.ThreadPoolExecutor$Worker.run(ThreadPoolExecutor.java:624)
        at java.lang.Thread.run(Thread.java:748)
"pool-66-thread-24"  prio=5 tid=586 in Object.wait()
java.lang.Thread.State: WAITING (on object monitor)
        at sun.misc.Unsafe.park(Native Method)
        at java.util.concurrent.locks.LockSupport.park(LockSupport.java:175)
        at java.util.concurrent.locks.AbstractQueuedSynchronizer$ConditionObject.await(AbstractQueuedSynchronizer.java:2039)
        at java.util.concurrent.ArrayBlockingQueue.take(ArrayBlockingQueue.java:403)
        at java.util.concurrent.ThreadPoolExecutor.getTask(ThreadPoolExecutor.java:1074)
        at java.util.concurrent.ThreadPoolExecutor.runWorker(ThreadPoolExecutor.java:1134)
        at java.util.concurrent.ThreadPoolExecutor$Worker.run(ThreadPoolExecutor.java:624)
        at java.lang.Thread.run(Thread.java:748)
"org.apache.ratis.server.impl.LogAppender$AppenderDaemon$$Lambda$418/858148741@313166c9" daemon prio=5 tid=1839 timed_waiting
java.lang.Thread.State: TIMED_WAITING
        at java.lang.Object.wait(Native Method)
        at org.apache.ratis.grpc.server.GrpcLogAppender.mayWait(GrpcLogAppender.java:141)
        at org.apache.ratis.grpc.server.GrpcLogAppender.runAppenderImpl(GrpcLogAppender.java:95)
        at org.apache.ratis.server.impl.LogAppender$AppenderDaemon.run(LogAppender.java:76)
        at org.apache.ratis.server.impl.LogAppender$AppenderDaemon$$Lambda$418/858148741.run(Unknown Source)
        at java.lang.Thread.run(Thread.java:748)
"metrics-hadoop-metrics2-reporter-31-thread-1" daemon prio=5 tid=839 timed_waiting
java.lang.Thread.State: TIMED_WAITING
        at sun.misc.Unsafe.park(Native Method)
        at java.util.concurrent.locks.LockSupport.parkNanos(LockSupport.java:215)
        at java.util.concurrent.locks.AbstractQueuedSynchronizer$ConditionObject.awaitNanos(AbstractQueuedSynchronizer.java:2078)
        at java.util.concurrent.ScheduledThreadPoolExecutor$DelayedWorkQueue.take(ScheduledThreadPoolExecutor.java:1093)
        at java.util.concurrent.ScheduledThreadPoolExecutor$DelayedWorkQueue.take(ScheduledThreadPoolExecutor.java:809)
        at java.util.concurrent.ThreadPoolExecutor.getTask(ThreadPoolExecutor.java:1074)
        at java.util.concurrent.ThreadPoolExecutor.runWorker(ThreadPoolExecutor.java:1134)
        at java.util.concurrent.ThreadPoolExecutor$Worker.run(ThreadPoolExecutor.java:624)
        at java.lang.Thread.run(Thread.java:748)
"IPC Server handler 6 on 40029" daemon prio=5 tid=75 timed_waiting
java.lang.Thread.State: TIMED_WAITING
        at sun.misc.Unsafe.park(Native Method)
        at java.util.concurrent.locks.LockSupport.parkNanos(LockSupport.java:215)
        at java.util.concurrent.locks.AbstractQueuedSynchronizer$ConditionObject.awaitNanos(AbstractQueuedSynchronizer.java:2078)
        at java.util.concurrent.LinkedBlockingQueue.poll(LinkedBlockingQueue.java:467)
        at org.apache.hadoop.ipc.CallQueueManager.take(CallQueueManager.java:288)
        at org.apache.hadoop.ipc.Server$Handler.run(Server.java:2668)
"pool-46-thread-26"  prio=5 tid=459 in Object.wait()
java.lang.Thread.State: WAITING (on object monitor)
        at sun.misc.Unsafe.park(Native Method)
        at java.util.concurrent.locks.LockSupport.park(LockSupport.java:175)
        at java.util.concurrent.locks.AbstractQueuedSynchronizer$ConditionObject.await(AbstractQueuedSynchronizer.java:2039)
        at java.util.concurrent.ArrayBlockingQueue.take(ArrayBlockingQueue.java:403)
        at java.util.concurrent.ThreadPoolExecutor.getTask(ThreadPoolExecutor.java:1074)
        at java.util.concurrent.ThreadPoolExecutor.runWorker(ThreadPoolExecutor.java:1134)
        at java.util.concurrent.ThreadPoolExecutor$Worker.run(ThreadPoolExecutor.java:624)
        at java.lang.Thread.run(Thread.java:748)
"grpc-default-executor-15" daemon prio=5 tid=980 timed_waiting
java.lang.Thread.State: TIMED_WAITING
        at sun.misc.Unsafe.park(Native Method)
        at java.util.concurrent.locks.LockSupport.parkNanos(LockSupport.java:215)
        at java.util.concurrent.SynchronousQueue$TransferStack.awaitFulfill(SynchronousQueue.java:460)
        at java.util.concurrent.SynchronousQueue$TransferStack.transfer(SynchronousQueue.java:362)
        at java.util.concurrent.SynchronousQueue.poll(SynchronousQueue.java:941)
        at java.util.concurrent.ThreadPoolExecutor.getTask(ThreadPoolExecutor.java:1073)
        at java.util.concurrent.ThreadPoolExecutor.runWorker(ThreadPoolExecutor.java:1134)
        at java.util.concurrent.ThreadPoolExecutor$Worker.run(ThreadPoolExecutor.java:624)
        at java.lang.Thread.run(Thread.java:748)
"pool-76-thread-48"  prio=5 tid=672 in Object.wait()
java.lang.Thread.State: WAITING (on object monitor)
        at sun.misc.Unsafe.park(Native Method)
        at java.util.concurrent.locks.LockSupport.park(LockSupport.java:175)
        at java.util.concurrent.locks.AbstractQueuedSynchronizer$ConditionObject.await(AbstractQueuedSynchronizer.java:2039)
        at java.util.concurrent.ArrayBlockingQueue.take(ArrayBlockingQueue.java:403)
        at java.util.concurrent.ThreadPoolExecutor.getTask(ThreadPoolExecutor.java:1074)
        at java.util.concurrent.ThreadPoolExecutor.runWorker(ThreadPoolExecutor.java:1134)
        at java.util.concurrent.ThreadPoolExecutor$Worker.run(ThreadPoolExecutor.java:624)
        at java.lang.Thread.run(Thread.java:748)
"pool-76-thread-24"  prio=5 tid=648 in Object.wait()
java.lang.Thread.State: WAITING (on object monitor)
        at sun.misc.Unsafe.park(Native Method)
        at java.util.concurrent.locks.LockSupport.park(LockSupport.java:175)
        at java.util.concurrent.locks.AbstractQueuedSynchronizer$ConditionObject.await(AbstractQueuedSynchronizer.java:2039)
        at java.util.concurrent.ArrayBlockingQueue.take(ArrayBlockingQueue.java:403)
        at java.util.concurrent.ThreadPoolExecutor.getTask(ThreadPoolExecutor.java:1074)
        at java.util.concurrent.ThreadPoolExecutor.runWorker(ThreadPoolExecutor.java:1134)
        at java.util.concurrent.ThreadPoolExecutor$Worker.run(ThreadPoolExecutor.java:624)
        at java.lang.Thread.run(Thread.java:748)
"metrics-hadoop-metrics2-reporter-1-thread-1" daemon prio=5 tid=712 timed_waiting
java.lang.Thread.State: TIMED_WAITING
        at sun.misc.Unsafe.park(Native Method)
        at java.util.concurrent.locks.LockSupport.parkNanos(LockSupport.java:215)
        at java.util.concurrent.locks.AbstractQueuedSynchronizer$ConditionObject.awaitNanos(AbstractQueuedSynchronizer.java:2078)
        at java.util.concurrent.ScheduledThreadPoolExecutor$DelayedWorkQueue.take(ScheduledThreadPoolExecutor.java:1093)
        at java.util.concurrent.ScheduledThreadPoolExecutor$DelayedWorkQueue.take(ScheduledThreadPoolExecutor.java:809)
        at java.util.concurrent.ThreadPoolExecutor.getTask(ThreadPoolExecutor.java:1074)
        at java.util.concurrent.ThreadPoolExecutor.runWorker(ThreadPoolExecutor.java:1134)
        at java.util.concurrent.ThreadPoolExecutor$Worker.run(ThreadPoolExecutor.java:624)
        at java.lang.Thread.run(Thread.java:748)
"grpc-default-executor-3" daemon prio=5 tid=968 timed_waiting
java.lang.Thread.State: TIMED_WAITING
        at sun.misc.Unsafe.park(Native Method)
        at java.util.concurrent.locks.LockSupport.parkNanos(LockSupport.java:215)
        at java.util.concurrent.SynchronousQueue$TransferStack.awaitFulfill(SynchronousQueue.java:460)
        at java.util.concurrent.SynchronousQueue$TransferStack.transfer(SynchronousQueue.java:362)
        at java.util.concurrent.SynchronousQueue.poll(SynchronousQueue.java:941)
        at java.util.concurrent.ThreadPoolExecutor.getTask(ThreadPoolExecutor.java:1073)
        at java.util.concurrent.ThreadPoolExecutor.runWorker(ThreadPoolExecutor.java:1134)
        at java.util.concurrent.ThreadPoolExecutor$Worker.run(ThreadPoolExecutor.java:624)
        at java.lang.Thread.run(Thread.java:748)
"pool-46-thread-30"  prio=5 tid=463 in Object.wait()
java.lang.Thread.State: WAITING (on object monitor)
        at sun.misc.Unsafe.park(Native Method)
        at java.util.concurrent.locks.LockSupport.park(LockSupport.java:175)
        at java.util.concurrent.locks.AbstractQueuedSynchronizer$ConditionObject.await(AbstractQueuedSynchronizer.java:2039)
        at java.util.concurrent.ArrayBlockingQueue.take(ArrayBlockingQueue.java:403)
        at java.util.concurrent.ThreadPoolExecutor.getTask(ThreadPoolExecutor.java:1074)
        at java.util.concurrent.ThreadPoolExecutor.runWorker(ThreadPoolExecutor.java:1134)
        at java.util.concurrent.ThreadPoolExecutor$Worker.run(ThreadPoolExecutor.java:624)
        at java.lang.Thread.run(Thread.java:748)
"qtp1507604180-189" daemon prio=5 tid=189 timed_waiting
java.lang.Thread.State: TIMED_WAITING
        at sun.misc.Unsafe.park(Native Method)
        at java.util.concurrent.locks.LockSupport.parkNanos(LockSupport.java:215)
        at java.util.concurrent.locks.AbstractQueuedSynchronizer$ConditionObject.awaitNanos(AbstractQueuedSynchronizer.java:2078)
        at org.eclipse.jetty.util.BlockingArrayQueue.poll(BlockingArrayQueue.java:392)
        at org.eclipse.jetty.util.thread.QueuedThreadPool.idleJobPoll(QueuedThreadPool.java:563)
        at org.eclipse.jetty.util.thread.QueuedThreadPool.access$800(QueuedThreadPool.java:48)
        at org.eclipse.jetty.util.thread.QueuedThreadPool$2.run(QueuedThreadPool.java:626)
        at java.lang.Thread.run(Thread.java:748)
"org.eclipse.jetty.server.session.HashSessionManager@773dab28Timer" daemon prio=5 tid=146 timed_waiting
java.lang.Thread.State: TIMED_WAITING
        at sun.misc.Unsafe.park(Native Method)
        at java.util.concurrent.locks.LockSupport.parkNanos(LockSupport.java:215)
        at java.util.concurrent.locks.AbstractQueuedSynchronizer$ConditionObject.awaitNanos(AbstractQueuedSynchronizer.java:2078)
        at java.util.concurrent.ScheduledThreadPoolExecutor$DelayedWorkQueue.take(ScheduledThreadPoolExecutor.java:1093)
        at java.util.concurrent.ScheduledThreadPoolExecutor$DelayedWorkQueue.take(ScheduledThreadPoolExecutor.java:809)
        at java.util.concurrent.ThreadPoolExecutor.getTask(ThreadPoolExecutor.java:1074)
        at java.util.concurrent.ThreadPoolExecutor.runWorker(ThreadPoolExecutor.java:1134)
        at java.util.concurrent.ThreadPoolExecutor$Worker.run(ThreadPoolExecutor.java:624)
        at java.lang.Thread.run(Thread.java:748)
"pool-26-thread-18"  prio=5 tid=331 in Object.wait()
java.lang.Thread.State: WAITING (on object monitor)
        at sun.misc.Unsafe.park(Native Method)
        at java.util.concurrent.locks.LockSupport.park(LockSupport.java:175)
        at java.util.concurrent.locks.AbstractQueuedSynchronizer$ConditionObject.await(AbstractQueuedSynchronizer.java:2039)
        at java.util.concurrent.ArrayBlockingQueue.take(ArrayBlockingQueue.java:403)
        at java.util.concurrent.ThreadPoolExecutor.getTask(ThreadPoolExecutor.java:1074)
        at java.util.concurrent.ThreadPoolExecutor.runWorker(ThreadPoolExecutor.java:1134)
        at java.util.concurrent.ThreadPoolExecutor$Worker.run(ThreadPoolExecutor.java:624)
        at java.lang.Thread.run(Thread.java:748)
"qtp564272228-95" daemon prio=5 tid=95 timed_waiting
java.lang.Thread.State: TIMED_WAITING
        at sun.misc.Unsafe.park(Native Method)
        at java.util.concurrent.locks.LockSupport.parkNanos(LockSupport.java:215)
        at java.util.concurrent.locks.AbstractQueuedSynchronizer$ConditionObject.awaitNanos(AbstractQueuedSynchronizer.java:2078)
        at org.eclipse.jetty.util.BlockingArrayQueue.poll(BlockingArrayQueue.java:392)
        at org.eclipse.jetty.util.thread.QueuedThreadPool.idleJobPoll(QueuedThreadPool.java:563)
        at org.eclipse.jetty.util.thread.QueuedThreadPool.access$800(QueuedThreadPool.java:48)
        at org.eclipse.jetty.util.thread.QueuedThreadPool$2.run(QueuedThreadPool.java:626)
        at java.lang.Thread.run(Thread.java:748)
"pool-46-thread-18"  prio=5 tid=451 in Object.wait()
java.lang.Thread.State: WAITING (on object monitor)
        at sun.misc.Unsafe.park(Native Method)
        at java.util.concurrent.locks.LockSupport.park(LockSupport.java:175)
        at java.util.concurrent.locks.AbstractQueuedSynchronizer$ConditionObject.await(AbstractQueuedSynchronizer.java:2039)
        at java.util.concurrent.ArrayBlockingQueue.take(ArrayBlockingQueue.java:403)
        at java.util.concurrent.ThreadPoolExecutor.getTask(ThreadPoolExecutor.java:1074)
        at java.util.concurrent.ThreadPoolExecutor.runWorker(ThreadPoolExecutor.java:1134)
        at java.util.concurrent.ThreadPoolExecutor$Worker.run(ThreadPoolExecutor.java:624)
        at java.lang.Thread.run(Thread.java:748)
"Thread-1175" daemon prio=5 tid=1761 timed_waiting
java.lang.Thread.State: TIMED_WAITING
        at java.lang.Thread.sleep(Native Method)
        at org.apache.ratis.util.JavaUtils.sleep(JavaUtils.java:247)
        at org.apache.ratis.server.impl.FollowerState.run(FollowerState.java:96)
"IPC Server handler 16 on 40029" daemon prio=5 tid=85 timed_waiting
java.lang.Thread.State: TIMED_WAITING
        at sun.misc.Unsafe.park(Native Method)
        at java.util.concurrent.locks.LockSupport.parkNanos(LockSupport.java:215)
        at java.util.concurrent.locks.AbstractQueuedSynchronizer$ConditionObject.awaitNanos(AbstractQueuedSynchronizer.java:2078)
        at java.util.concurrent.LinkedBlockingQueue.poll(LinkedBlockingQueue.java:467)
        at org.apache.hadoop.ipc.CallQueueManager.take(CallQueueManager.java:288)
        at org.apache.hadoop.ipc.Server$Handler.run(Server.java:2668)
"qtp1680841335-242" daemon prio=5 tid=242 timed_waiting
java.lang.Thread.State: TIMED_WAITING
        at sun.misc.Unsafe.park(Native Method)
        at java.util.concurrent.locks.LockSupport.parkNanos(LockSupport.java:215)
        at java.util.concurrent.locks.AbstractQueuedSynchronizer$ConditionObject.awaitNanos(AbstractQueuedSynchronizer.java:2078)
        at org.eclipse.jetty.util.BlockingArrayQueue.poll(BlockingArrayQueue.java:392)
        at org.eclipse.jetty.util.thread.QueuedThreadPool.idleJobPoll(QueuedThreadPool.java:563)
        at org.eclipse.jetty.util.thread.QueuedThreadPool.access$800(QueuedThreadPool.java:48)
        at org.eclipse.jetty.util.thread.QueuedThreadPool$2.run(QueuedThreadPool.java:626)
        at java.lang.Thread.run(Thread.java:748)
"19e67e26-3d21-4d01-be9f-29113a4a814c@group-071025EF7F78-SegmentedRaftLogWorker"  prio=5 tid=879 timed_waiting
java.lang.Thread.State: TIMED_WAITING
        at sun.misc.Unsafe.park(Native Method)
        at java.util.concurrent.locks.LockSupport.parkNanos(LockSupport.java:215)
        at java.util.concurrent.locks.AbstractQueuedSynchronizer$ConditionObject.awaitNanos(AbstractQueuedSynchronizer.java:2078)
        at org.apache.ratis.util.DataBlockingQueue.poll(DataBlockingQueue.java:137)
        at org.apache.ratis.server.raftlog.segmented.SegmentedRaftLogWorker.run(SegmentedRaftLogWorker.java:283)
        at java.lang.Thread.run(Thread.java:748)
"EventQueue-NewNodeForNewNodeHandler" daemon prio=5 tid=687 in Object.wait()
java.lang.Thread.State: WAITING (on object monitor)
        at sun.misc.Unsafe.park(Native Method)
        at java.util.concurrent.locks.LockSupport.park(LockSupport.java:175)
        at java.util.concurrent.locks.AbstractQueuedSynchronizer$ConditionObject.await(AbstractQueuedSynchronizer.java:2039)
        at java.util.concurrent.LinkedBlockingQueue.take(LinkedBlockingQueue.java:442)
        at java.util.concurrent.ThreadPoolExecutor.getTask(ThreadPoolExecutor.java:1074)
        at java.util.concurrent.ThreadPoolExecutor.runWorker(ThreadPoolExecutor.java:1134)
        at java.util.concurrent.ThreadPoolExecutor$Worker.run(ThreadPoolExecutor.java:624)
        at java.lang.Thread.run(Thread.java:748)
"Thread-1212" daemon prio=5 tid=1801 timed_waiting
java.lang.Thread.State: TIMED_WAITING
        at java.lang.Thread.sleep(Native Method)
        at org.apache.ratis.util.JavaUtils.sleep(JavaUtils.java:247)
        at org.apache.ratis.server.impl.FollowerState.run(FollowerState.java:96)
"org.apache.hadoop.util.JvmPauseMonitor$Monitor@223966ff" daemon prio=5 tid=311 timed_waiting
java.lang.Thread.State: TIMED_WAITING
        at java.lang.Thread.sleep(Native Method)
        at org.apache.hadoop.util.JvmPauseMonitor$Monitor.run(JvmPauseMonitor.java:192)
        at java.lang.Thread.run(Thread.java:748)
"d0888866-0bad-4f41-ad37-dccd4a57b958@group-F2E0294EDFC2-SegmentedRaftLogWorker"  prio=5 tid=847 timed_waiting
java.lang.Thread.State: TIMED_WAITING
        at sun.misc.Unsafe.park(Native Method)
        at java.util.concurrent.locks.LockSupport.parkNanos(LockSupport.java:215)
        at java.util.concurrent.locks.AbstractQueuedSynchronizer$ConditionObject.awaitNanos(AbstractQueuedSynchronizer.java:2078)
        at org.apache.ratis.util.DataBlockingQueue.poll(DataBlockingQueue.java:137)
        at org.apache.ratis.server.raftlog.segmented.SegmentedRaftLogWorker.run(SegmentedRaftLogWorker.java:283)
        at java.lang.Thread.run(Thread.java:748)
"pool-26-thread-52"  prio=5 tid=365 in Object.wait()
java.lang.Thread.State: WAITING (on object monitor)
        at sun.misc.Unsafe.park(Native Method)
        at java.util.concurrent.locks.LockSupport.park(LockSupport.java:175)
        at java.util.concurrent.locks.AbstractQueuedSynchronizer$ConditionObject.await(AbstractQueuedSynchronizer.java:2039)
        at java.util.concurrent.ArrayBlockingQueue.take(ArrayBlockingQueue.java:403)
        at java.util.concurrent.ThreadPoolExecutor.getTask(ThreadPoolExecutor.java:1074)
        at java.util.concurrent.ThreadPoolExecutor.runWorker(ThreadPoolExecutor.java:1134)
        at java.util.concurrent.ThreadPoolExecutor$Worker.run(ThreadPoolExecutor.java:624)
        at java.lang.Thread.run(Thread.java:748)
"SCMBlockDeletingService#1" daemon prio=5 tid=103 in Object.wait()
java.lang.Thread.State: WAITING (on object monitor)
        at sun.misc.Unsafe.park(Native Method)
        at java.util.concurrent.locks.LockSupport.park(LockSupport.java:175)
        at java.util.concurrent.locks.AbstractQueuedSynchronizer$ConditionObject.await(AbstractQueuedSynchronizer.java:2039)
        at java.util.concurrent.ScheduledThreadPoolExecutor$DelayedWorkQueue.take(ScheduledThreadPoolExecutor.java:1088)
        at java.util.concurrent.ScheduledThreadPoolExecutor$DelayedWorkQueue.take(ScheduledThreadPoolExecutor.java:809)
        at java.util.concurrent.ThreadPoolExecutor.getTask(ThreadPoolExecutor.java:1074)
        at java.util.concurrent.ThreadPoolExecutor.runWorker(ThreadPoolExecutor.java:1134)
        at java.util.concurrent.ThreadPoolExecutor$Worker.run(ThreadPoolExecutor.java:624)
        at java.lang.Thread.run(Thread.java:748)
"pool-46-thread-10"  prio=5 tid=443 in Object.wait()
java.lang.Thread.State: WAITING (on object monitor)
        at sun.misc.Unsafe.park(Native Method)
        at java.util.concurrent.locks.LockSupport.park(LockSupport.java:175)
        at java.util.concurrent.locks.AbstractQueuedSynchronizer$ConditionObject.await(AbstractQueuedSynchronizer.java:2039)
        at java.util.concurrent.ArrayBlockingQueue.take(ArrayBlockingQueue.java:403)
        at java.util.concurrent.ThreadPoolExecutor.getTask(ThreadPoolExecutor.java:1074)
        at java.util.concurrent.ThreadPoolExecutor.runWorker(ThreadPoolExecutor.java:1134)
        at java.util.concurrent.ThreadPoolExecutor$Worker.run(ThreadPoolExecutor.java:624)
        at java.lang.Thread.run(Thread.java:748)
"java.util.concurrent.ThreadPoolExecutor$Worker@594a5b26[State = -1, empty queue]" daemon prio=5 tid=1854 timed_waiting
java.lang.Thread.State: TIMED_WAITING
        at sun.misc.Unsafe.park(Native Method)
        at java.util.concurrent.locks.LockSupport.parkNanos(LockSupport.java:215)
        at java.util.concurrent.locks.AbstractQueuedSynchronizer$ConditionObject.awaitNanos(AbstractQueuedSynchronizer.java:2078)
        at java.util.concurrent.ScheduledThreadPoolExecutor$DelayedWorkQueue.take(ScheduledThreadPoolExecutor.java:1093)
        at java.util.concurrent.ScheduledThreadPoolExecutor$DelayedWorkQueue.take(ScheduledThreadPoolExecutor.java:809)
        at java.util.concurrent.ThreadPoolExecutor.getTask(ThreadPoolExecutor.java:1074)
        at java.util.concurrent.ThreadPoolExecutor.runWorker(ThreadPoolExecutor.java:1134)
        at java.util.concurrent.ThreadPoolExecutor$Worker.run(ThreadPoolExecutor.java:624)
        at java.lang.Thread.run(Thread.java:748)
"pool-36-thread-16"  prio=5 tid=389 in Object.wait()
java.lang.Thread.State: WAITING (on object monitor)
        at sun.misc.Unsafe.park(Native Method)
        at java.util.concurrent.locks.LockSupport.park(LockSupport.java:175)
        at java.util.concurrent.locks.AbstractQueuedSynchronizer$ConditionObject.await(AbstractQueuedSynchronizer.java:2039)
        at java.util.concurrent.ArrayBlockingQueue.take(ArrayBlockingQueue.java:403)
        at java.util.concurrent.ThreadPoolExecutor.getTask(ThreadPoolExecutor.java:1074)
        at java.util.concurrent.ThreadPoolExecutor.runWorker(ThreadPoolExecutor.java:1134)
        at java.util.concurrent.ThreadPoolExecutor$Worker.run(ThreadPoolExecutor.java:624)
        at java.lang.Thread.run(Thread.java:748)
"pool-76-thread-39"  prio=5 tid=663 in Object.wait()
java.lang.Thread.State: WAITING (on object monitor)
        at sun.misc.Unsafe.park(Native Method)
        at java.util.concurrent.locks.LockSupport.park(LockSupport.java:175)
        at java.util.concurrent.locks.AbstractQueuedSynchronizer$ConditionObject.await(AbstractQueuedSynchronizer.java:2039)
        at java.util.concurrent.ArrayBlockingQueue.take(ArrayBlockingQueue.java:403)
        at java.util.concurrent.ThreadPoolExecutor.getTask(ThreadPoolExecutor.java:1074)
        at java.util.concurrent.ThreadPoolExecutor.runWorker(ThreadPoolExecutor.java:1134)
        at java.util.concurrent.ThreadPoolExecutor$Worker.run(ThreadPoolExecutor.java:624)
        at java.lang.Thread.run(Thread.java:748)
"pool-36-thread-53"  prio=5 tid=426 in Object.wait()
java.lang.Thread.State: WAITING (on object monitor)
        at sun.misc.Unsafe.park(Native Method)
        at java.util.concurrent.locks.LockSupport.park(LockSupport.java:175)
        at java.util.concurrent.locks.AbstractQueuedSynchronizer$ConditionObject.await(AbstractQueuedSynchronizer.java:2039)
        at java.util.concurrent.ArrayBlockingQueue.take(ArrayBlockingQueue.java:403)
        at java.util.concurrent.ThreadPoolExecutor.getTask(ThreadPoolExecutor.java:1074)
        at java.util.concurrent.ThreadPoolExecutor.runWorker(ThreadPoolExecutor.java:1134)
        at java.util.concurrent.ThreadPoolExecutor$Worker.run(ThreadPoolExecutor.java:624)
        at java.lang.Thread.run(Thread.java:748)
"qtp83534488-220" daemon prio=5 tid=220 timed_waiting
java.lang.Thread.State: TIMED_WAITING
        at sun.misc.Unsafe.park(Native Method)
        at java.util.concurrent.locks.LockSupport.parkNanos(LockSupport.java:215)
        at java.util.concurrent.locks.AbstractQueuedSynchronizer$ConditionObject.awaitNanos(AbstractQueuedSynchronizer.java:2078)
        at org.eclipse.jetty.util.BlockingArrayQueue.poll(BlockingArrayQueue.java:392)
        at org.eclipse.jetty.util.thread.QueuedThreadPool.idleJobPoll(QueuedThreadPool.java:563)
        at org.eclipse.jetty.util.thread.QueuedThreadPool.access$800(QueuedThreadPool.java:48)
        at org.eclipse.jetty.util.thread.QueuedThreadPool$2.run(QueuedThreadPool.java:626)
        at java.lang.Thread.run(Thread.java:748)
"Thread-1211" daemon prio=5 tid=1799 timed_waiting
java.lang.Thread.State: TIMED_WAITING
        at java.lang.Thread.sleep(Native Method)
        at org.apache.ratis.util.JavaUtils.sleep(JavaUtils.java:247)
        at org.apache.ratis.server.impl.FollowerState.run(FollowerState.java:96)
"pool-36-thread-44"  prio=5 tid=417 in Object.wait()
java.lang.Thread.State: WAITING (on object monitor)
        at sun.misc.Unsafe.park(Native Method)
        at java.util.concurrent.locks.LockSupport.park(LockSupport.java:175)
        at java.util.concurrent.locks.AbstractQueuedSynchronizer$ConditionObject.await(AbstractQueuedSynchronizer.java:2039)
        at java.util.concurrent.ArrayBlockingQueue.take(ArrayBlockingQueue.java:403)
        at java.util.concurrent.ThreadPoolExecutor.getTask(ThreadPoolExecutor.java:1074)
        at java.util.concurrent.ThreadPoolExecutor.runWorker(ThreadPoolExecutor.java:1134)
        at java.util.concurrent.ThreadPoolExecutor$Worker.run(ThreadPoolExecutor.java:624)
        at java.lang.Thread.run(Thread.java:748)
"refreshUsed-/workdir/hadoop-ozone/integration-test/target/test-dir/MiniOzoneClusterImpl-85c44edd-3ede-4f6a-a825-df7bd545a955/datanode-5/data/containers" daemon prio=5 tid=289 timed_waiting
java.lang.Thread.State: TIMED_WAITING
        at java.lang.Thread.sleep(Native Method)
        at org.apache.hadoop.fs.CachingGetSpaceUsed$RefreshThread.run(CachingGetSpaceUsed.java:179)
        at java.lang.Thread.run(Thread.java:748)
"pool-56-thread-15"  prio=5 tid=509 in Object.wait()
java.lang.Thread.State: WAITING (on object monitor)
        at sun.misc.Unsafe.park(Native Method)
        at java.util.concurrent.locks.LockSupport.park(LockSupport.java:175)
        at java.util.concurrent.locks.AbstractQueuedSynchronizer$ConditionObject.await(AbstractQueuedSynchronizer.java:2039)
        at java.util.concurrent.ArrayBlockingQueue.take(ArrayBlockingQueue.java:403)
        at java.util.concurrent.ThreadPoolExecutor.getTask(ThreadPoolExecutor.java:1074)
        at java.util.concurrent.ThreadPoolExecutor.runWorker(ThreadPoolExecutor.java:1134)
        at java.util.concurrent.ThreadPoolExecutor$Worker.run(ThreadPoolExecutor.java:624)
        at java.lang.Thread.run(Thread.java:748)
"pool-36-thread-2"  prio=5 tid=375 in Object.wait()
java.lang.Thread.State: WAITING (on object monitor)
        at sun.misc.Unsafe.park(Native Method)
        at java.util.concurrent.locks.LockSupport.park(LockSupport.java:175)
        at java.util.concurrent.locks.AbstractQueuedSynchronizer$ConditionObject.await(AbstractQueuedSynchronizer.java:2039)
        at java.util.concurrent.ArrayBlockingQueue.take(ArrayBlockingQueue.java:403)
        at java.util.concurrent.ThreadPoolExecutor.getTask(ThreadPoolExecutor.java:1074)
        at java.util.concurrent.ThreadPoolExecutor.runWorker(ThreadPoolExecutor.java:1134)
        at java.util.concurrent.ThreadPoolExecutor$Worker.run(ThreadPoolExecutor.java:624)
        at java.lang.Thread.run(Thread.java:748)
"pool-36-thread-27"  prio=5 tid=400 in Object.wait()
java.lang.Thread.State: WAITING (on object monitor)
        at sun.misc.Unsafe.park(Native Method)
        at java.util.concurrent.locks.LockSupport.park(LockSupport.java:175)
        at java.util.concurrent.locks.AbstractQueuedSynchronizer$ConditionObject.await(AbstractQueuedSynchronizer.java:2039)
        at java.util.concurrent.ArrayBlockingQueue.take(ArrayBlockingQueue.java:403)
        at java.util.concurrent.ThreadPoolExecutor.getTask(ThreadPoolExecutor.java:1074)
        at java.util.concurrent.ThreadPoolExecutor.runWorker(ThreadPoolExecutor.java:1134)
        at java.util.concurrent.ThreadPoolExecutor$Worker.run(ThreadPoolExecutor.java:624)
        at java.lang.Thread.run(Thread.java:748)
"pool-26-thread-51"  prio=5 tid=364 in Object.wait()
java.lang.Thread.State: WAITING (on object monitor)
        at sun.misc.Unsafe.park(Native Method)
        at java.util.concurrent.locks.LockSupport.park(LockSupport.java:175)
        at java.util.concurrent.locks.AbstractQueuedSynchronizer$ConditionObject.await(AbstractQueuedSynchronizer.java:2039)
        at java.util.concurrent.ArrayBlockingQueue.take(ArrayBlockingQueue.java:403)
        at java.util.concurrent.ThreadPoolExecutor.getTask(ThreadPoolExecutor.java:1074)
        at java.util.concurrent.ThreadPoolExecutor.runWorker(ThreadPoolExecutor.java:1134)
        at java.util.concurrent.ThreadPoolExecutor$Worker.run(ThreadPoolExecutor.java:624)
        at java.lang.Thread.run(Thread.java:748)
"metrics-hadoop-metrics2-reporter-25-thread-1" daemon prio=5 tid=809 timed_waiting
java.lang.Thread.State: TIMED_WAITING
        at sun.misc.Unsafe.park(Native Method)
        at java.util.concurrent.locks.LockSupport.parkNanos(LockSupport.java:215)
        at java.util.concurrent.locks.AbstractQueuedSynchronizer$ConditionObject.awaitNanos(AbstractQueuedSynchronizer.java:2078)
        at java.util.concurrent.ScheduledThreadPoolExecutor$DelayedWorkQueue.take(ScheduledThreadPoolExecutor.java:1093)
        at java.util.concurrent.ScheduledThreadPoolExecutor$DelayedWorkQueue.take(ScheduledThreadPoolExecutor.java:809)
        at java.util.concurrent.ThreadPoolExecutor.getTask(ThreadPoolExecutor.java:1074)
        at java.util.concurrent.ThreadPoolExecutor.runWorker(ThreadPoolExecutor.java:1134)
        at java.util.concurrent.ThreadPoolExecutor$Worker.run(ThreadPoolExecutor.java:624)
        at java.lang.Thread.run(Thread.java:748)
"CommandWatcher-LeaseManager#LeaseMonitor" daemon prio=5 tid=28 timed_waiting
java.lang.Thread.State: TIMED_WAITING
        at java.lang.Thread.sleep(Native Method)
        at org.apache.hadoop.ozone.lease.LeaseManager$LeaseMonitor.run(LeaseManager.java:234)
        at java.lang.Thread.run(Thread.java:748)
"19e67e26-3d21-4d01-be9f-29113a4a814c@group-ADB1B60517AF-SegmentedRaftLogWorker"  prio=5 tid=788 timed_waiting
java.lang.Thread.State: TIMED_WAITING
        at sun.misc.Unsafe.park(Native Method)
        at java.util.concurrent.locks.LockSupport.parkNanos(LockSupport.java:215)
        at java.util.concurrent.locks.AbstractQueuedSynchronizer$ConditionObject.awaitNanos(AbstractQueuedSynchronizer.java:2078)
        at org.apache.ratis.util.DataBlockingQueue.poll(DataBlockingQueue.java:137)
        at org.apache.ratis.server.raftlog.segmented.SegmentedRaftLogWorker.run(SegmentedRaftLogWorker.java:283)
        at java.lang.Thread.run(Thread.java:748)
"e081c0a5-acfc-4a29-8262-ee158adf5b11@group-4519217FD965-SegmentedRaftLogWorker"  prio=5 tid=890 timed_waiting
java.lang.Thread.State: TIMED_WAITING
        at sun.misc.Unsafe.park(Native Method)
        at java.util.concurrent.locks.LockSupport.parkNanos(LockSupport.java:215)
        at java.util.concurrent.locks.AbstractQueuedSynchronizer$ConditionObject.awaitNanos(AbstractQueuedSynchronizer.java:2078)
        at org.apache.ratis.util.DataBlockingQueue.poll(DataBlockingQueue.java:137)
        at org.apache.ratis.server.raftlog.segmented.SegmentedRaftLogWorker.run(SegmentedRaftLogWorker.java:283)
        at java.lang.Thread.run(Thread.java:748)
"qtp1947666055-295-acceptor-0@4487a4c5-ServerConnector@7ab34619{HTTP/1.1,[http/1.1]}{0.0.0.0:38062}" daemon prio=3 tid=295 runnable
java.lang.Thread.State: RUNNABLE
        at sun.nio.ch.ServerSocketChannelImpl.accept0(Native Method)
        at sun.nio.ch.ServerSocketChannelImpl.accept(ServerSocketChannelImpl.java:422)
        at sun.nio.ch.ServerSocketChannelImpl.accept(ServerSocketChannelImpl.java:250)
        at org.eclipse.jetty.server.ServerConnector.accept(ServerConnector.java:397)
        at org.eclipse.jetty.server.AbstractConnector$Acceptor.run(AbstractConnector.java:601)
        at org.eclipse.jetty.util.thread.QueuedThreadPool.runJob(QueuedThreadPool.java:671)
        at org.eclipse.jetty.util.thread.QueuedThreadPool$2.run(QueuedThreadPool.java:589)
        at java.lang.Thread.run(Thread.java:748)
"IPC Server handler 7 on 44461" daemon prio=5 tid=122 timed_waiting
java.lang.Thread.State: TIMED_WAITING
        at sun.misc.Unsafe.park(Native Method)
        at java.util.concurrent.locks.LockSupport.parkNanos(LockSupport.java:215)
        at java.util.concurrent.locks.AbstractQueuedSynchronizer$ConditionObject.awaitNanos(AbstractQueuedSynchronizer.java:2078)
        at java.util.concurrent.LinkedBlockingQueue.poll(LinkedBlockingQueue.java:467)
        at org.apache.hadoop.ipc.CallQueueManager.take(CallQueueManager.java:288)
        at org.apache.hadoop.ipc.Server$Handler.run(Server.java:2668)
"qtp1623761043-270" daemon prio=5 tid=270 timed_waiting
java.lang.Thread.State: TIMED_WAITING
        at sun.misc.Unsafe.park(Native Method)
        at java.util.concurrent.locks.LockSupport.parkNanos(LockSupport.java:215)
        at java.util.concurrent.locks.AbstractQueuedSynchronizer$ConditionObject.awaitNanos(AbstractQueuedSynchronizer.java:2078)
        at org.eclipse.jetty.util.BlockingArrayQueue.poll(BlockingArrayQueue.java:392)
        at org.eclipse.jetty.util.thread.QueuedThreadPool.idleJobPoll(QueuedThreadPool.java:563)
        at org.eclipse.jetty.util.thread.QueuedThreadPool.access$800(QueuedThreadPool.java:48)
        at org.eclipse.jetty.util.thread.QueuedThreadPool$2.run(QueuedThreadPool.java:626)
        at java.lang.Thread.run(Thread.java:748)
"pool-76-thread-43"  prio=5 tid=667 in Object.wait()
java.lang.Thread.State: WAITING (on object monitor)
        at sun.misc.Unsafe.park(Native Method)
        at java.util.concurrent.locks.LockSupport.park(LockSupport.java:175)
        at java.util.concurrent.locks.AbstractQueuedSynchronizer$ConditionObject.await(AbstractQueuedSynchronizer.java:2039)
        at java.util.concurrent.ArrayBlockingQueue.take(ArrayBlockingQueue.java:403)
        at java.util.concurrent.ThreadPoolExecutor.getTask(ThreadPoolExecutor.java:1074)
        at java.util.concurrent.ThreadPoolExecutor.runWorker(ThreadPoolExecutor.java:1134)
        at java.util.concurrent.ThreadPoolExecutor$Worker.run(ThreadPoolExecutor.java:624)
        at java.lang.Thread.run(Thread.java:748)
"pool-66-thread-4"  prio=5 tid=566 in Object.wait()
java.lang.Thread.State: WAITING (on object monitor)
        at sun.misc.Unsafe.park(Native Method)
        at java.util.concurrent.locks.LockSupport.park(LockSupport.java:175)
        at java.util.concurrent.locks.AbstractQueuedSynchronizer$ConditionObject.await(AbstractQueuedSynchronizer.java:2039)
        at java.util.concurrent.ArrayBlockingQueue.take(ArrayBlockingQueue.java:403)
        at java.util.concurrent.ThreadPoolExecutor.getTask(ThreadPoolExecutor.java:1074)
        at java.util.concurrent.ThreadPoolExecutor.runWorker(ThreadPoolExecutor.java:1134)
        at java.util.concurrent.ThreadPoolExecutor$Worker.run(ThreadPoolExecutor.java:624)
        at java.lang.Thread.run(Thread.java:748)
"IPC Server handler 19 on 40029" daemon prio=5 tid=88 timed_waiting
java.lang.Thread.State: TIMED_WAITING
        at sun.misc.Unsafe.park(Native Method)
        at java.util.concurrent.locks.LockSupport.parkNanos(LockSupport.java:215)
        at java.util.concurrent.locks.AbstractQueuedSynchronizer$ConditionObject.awaitNanos(AbstractQueuedSynchronizer.java:2078)
        at java.util.concurrent.LinkedBlockingQueue.poll(LinkedBlockingQueue.java:467)
        at org.apache.hadoop.ipc.CallQueueManager.take(CallQueueManager.java:288)
        at org.apache.hadoop.ipc.Server$Handler.run(Server.java:2668)
"qtp219192399-162" daemon prio=5 tid=162 timed_waiting
java.lang.Thread.State: TIMED_WAITING
        at sun.misc.Unsafe.park(Native Method)
        at java.util.concurrent.locks.LockSupport.parkNanos(LockSupport.java:215)
        at java.util.concurrent.locks.AbstractQueuedSynchronizer$ConditionObject.awaitNanos(AbstractQueuedSynchronizer.java:2078)
        at org.eclipse.jetty.util.BlockingArrayQueue.poll(BlockingArrayQueue.java:392)
        at org.eclipse.jetty.util.thread.QueuedThreadPool.idleJobPoll(QueuedThreadPool.java:563)
        at org.eclipse.jetty.util.thread.QueuedThreadPool.access$800(QueuedThreadPool.java:48)
        at org.eclipse.jetty.util.thread.QueuedThreadPool$2.run(QueuedThreadPool.java:626)
        at java.lang.Thread.run(Thread.java:748)
"org.eclipse.jetty.server.session.HashSessionManager@1859e2a4Timer" daemon prio=5 tid=250 timed_waiting
java.lang.Thread.State: TIMED_WAITING
        at sun.misc.Unsafe.park(Native Method)
        at java.util.concurrent.locks.LockSupport.parkNanos(LockSupport.java:215)
        at java.util.concurrent.locks.AbstractQueuedSynchronizer$ConditionObject.awaitNanos(AbstractQueuedSynchronizer.java:2078)
        at java.util.concurrent.ScheduledThreadPoolExecutor$DelayedWorkQueue.take(ScheduledThreadPoolExecutor.java:1093)
        at java.util.concurrent.ScheduledThreadPoolExecutor$DelayedWorkQueue.take(ScheduledThreadPoolExecutor.java:809)
        at java.util.concurrent.ThreadPoolExecutor.getTask(ThreadPoolExecutor.java:1074)
        at java.util.concurrent.ThreadPoolExecutor.runWorker(ThreadPoolExecutor.java:1134)
        at java.util.concurrent.ThreadPoolExecutor$Worker.run(ThreadPoolExecutor.java:624)
        at java.lang.Thread.run(Thread.java:748)
"IPC Server handler 0 on 44461" daemon prio=5 tid=115 timed_waiting
java.lang.Thread.State: TIMED_WAITING
        at sun.misc.Unsafe.park(Native Method)
        at java.util.concurrent.locks.LockSupport.parkNanos(LockSupport.java:215)
        at java.util.concurrent.locks.AbstractQueuedSynchronizer$ConditionObject.awaitNanos(AbstractQueuedSynchronizer.java:2078)
        at java.util.concurrent.LinkedBlockingQueue.poll(LinkedBlockingQueue.java:467)
        at org.apache.hadoop.ipc.CallQueueManager.take(CallQueueManager.java:288)
        at org.apache.hadoop.ipc.Server$Handler.run(Server.java:2668)
"pool-26-thread-60"  prio=5 tid=373 in Object.wait()
java.lang.Thread.State: WAITING (on object monitor)
        at sun.misc.Unsafe.park(Native Method)
        at java.util.concurrent.locks.LockSupport.park(LockSupport.java:175)
        at java.util.concurrent.locks.AbstractQueuedSynchronizer$ConditionObject.await(AbstractQueuedSynchronizer.java:2039)
        at java.util.concurrent.ArrayBlockingQueue.take(ArrayBlockingQueue.java:403)
        at java.util.concurrent.ThreadPoolExecutor.getTask(ThreadPoolExecutor.java:1074)
        at java.util.concurrent.ThreadPoolExecutor.runWorker(ThreadPoolExecutor.java:1134)
        at java.util.concurrent.ThreadPoolExecutor$Worker.run(ThreadPoolExecutor.java:624)
        at java.lang.Thread.run(Thread.java:748)
"pool-26-thread-11"  prio=5 tid=324 in Object.wait()
java.lang.Thread.State: WAITING (on object monitor)
        at sun.misc.Unsafe.park(Native Method)
        at java.util.concurrent.locks.LockSupport.park(LockSupport.java:175)
        at java.util.concurrent.locks.AbstractQueuedSynchronizer$ConditionObject.await(AbstractQueuedSynchronizer.java:2039)
        at java.util.concurrent.ArrayBlockingQueue.take(ArrayBlockingQueue.java:403)
        at java.util.concurrent.ThreadPoolExecutor.getTask(ThreadPoolExecutor.java:1074)
        at java.util.concurrent.ThreadPoolExecutor.runWorker(ThreadPoolExecutor.java:1134)
        at java.util.concurrent.ThreadPoolExecutor$Worker.run(ThreadPoolExecutor.java:624)
        at java.lang.Thread.run(Thread.java:748)
"java.util.concurrent.ThreadPoolExecutor$Worker@6bd327f[State = -1, empty queue]" daemon prio=5 tid=1858 timed_waiting
java.lang.Thread.State: TIMED_WAITING
        at sun.misc.Unsafe.park(Native Method)
        at java.util.concurrent.locks.LockSupport.parkNanos(LockSupport.java:215)
        at java.util.concurrent.locks.AbstractQueuedSynchronizer$ConditionObject.awaitNanos(AbstractQueuedSynchronizer.java:2078)
        at java.util.concurrent.ScheduledThreadPoolExecutor$DelayedWorkQueue.take(ScheduledThreadPoolExecutor.java:1093)
        at java.util.concurrent.ScheduledThreadPoolExecutor$DelayedWorkQueue.take(ScheduledThreadPoolExecutor.java:809)
        at java.util.concurrent.ThreadPoolExecutor.getTask(ThreadPoolExecutor.java:1074)
        at java.util.concurrent.ThreadPoolExecutor.runWorker(ThreadPoolExecutor.java:1134)
        at java.util.concurrent.ThreadPoolExecutor$Worker.run(ThreadPoolExecutor.java:624)
        at java.lang.Thread.run(Thread.java:748)
"pool-46-thread-21"  prio=5 tid=454 in Object.wait()
java.lang.Thread.State: WAITING (on object monitor)
        at sun.misc.Unsafe.park(Native Method)
        at java.util.concurrent.locks.LockSupport.park(LockSupport.java:175)
        at java.util.concurrent.locks.AbstractQueuedSynchronizer$ConditionObject.await(AbstractQueuedSynchronizer.java:2039)
        at java.util.concurrent.ArrayBlockingQueue.take(ArrayBlockingQueue.java:403)
        at java.util.concurrent.ThreadPoolExecutor.getTask(ThreadPoolExecutor.java:1074)
        at java.util.concurrent.ThreadPoolExecutor.runWorker(ThreadPoolExecutor.java:1134)
        at java.util.concurrent.ThreadPoolExecutor$Worker.run(ThreadPoolExecutor.java:624)
        at java.lang.Thread.run(Thread.java:748)
"pool-36-thread-1"  prio=5 tid=374 in Object.wait()
java.lang.Thread.State: WAITING (on object monitor)
        at sun.misc.Unsafe.park(Native Method)
        at java.util.concurrent.locks.LockSupport.park(LockSupport.java:175)
        at java.util.concurrent.locks.AbstractQueuedSynchronizer$ConditionObject.await(AbstractQueuedSynchronizer.java:2039)
        at java.util.concurrent.ArrayBlockingQueue.take(ArrayBlockingQueue.java:403)
        at java.util.concurrent.ThreadPoolExecutor.getTask(ThreadPoolExecutor.java:1074)
        at java.util.concurrent.ThreadPoolExecutor.runWorker(ThreadPoolExecutor.java:1134)
        at java.util.concurrent.ThreadPoolExecutor$Worker.run(ThreadPoolExecutor.java:624)
        at java.lang.Thread.run(Thread.java:748)
"qtp1623761043-273" daemon prio=5 tid=273 timed_waiting
java.lang.Thread.State: TIMED_WAITING
        at sun.misc.Unsafe.park(Native Method)
        at java.util.concurrent.locks.LockSupport.parkNanos(LockSupport.java:215)
        at java.util.concurrent.locks.AbstractQueuedSynchronizer$ConditionObject.awaitNanos(AbstractQueuedSynchronizer.java:2078)
        at org.eclipse.jetty.util.BlockingArrayQueue.poll(BlockingArrayQueue.java:392)
        at org.eclipse.jetty.util.thread.QueuedThreadPool.idleJobPoll(QueuedThreadPool.java:563)
        at org.eclipse.jetty.util.thread.QueuedThreadPool.access$800(QueuedThreadPool.java:48)
        at org.eclipse.jetty.util.thread.QueuedThreadPool$2.run(QueuedThreadPool.java:626)
        at java.lang.Thread.run(Thread.java:748)
"pool-40-thread-1"  prio=5 tid=185 timed_waiting
java.lang.Thread.State: TIMED_WAITING
        at sun.misc.Unsafe.park(Native Method)
        at java.util.concurrent.locks.LockSupport.parkNanos(LockSupport.java:215)
        at java.util.concurrent.locks.AbstractQueuedSynchronizer$ConditionObject.awaitNanos(AbstractQueuedSynchronizer.java:2078)
        at java.util.concurrent.ScheduledThreadPoolExecutor$DelayedWorkQueue.take(ScheduledThreadPoolExecutor.java:1093)
        at java.util.concurrent.ScheduledThreadPoolExecutor$DelayedWorkQueue.take(ScheduledThreadPoolExecutor.java:809)
        at java.util.concurrent.ThreadPoolExecutor.getTask(ThreadPoolExecutor.java:1074)
        at java.util.concurrent.ThreadPoolExecutor.runWorker(ThreadPoolExecutor.java:1134)
        at java.util.concurrent.ThreadPoolExecutor$Worker.run(ThreadPoolExecutor.java:624)
        at java.lang.Thread.run(Thread.java:748)
"pool-66-thread-52"  prio=5 tid=614 in Object.wait()
java.lang.Thread.State: WAITING (on object monitor)
        at sun.misc.Unsafe.park(Native Method)
        at java.util.concurrent.locks.LockSupport.park(LockSupport.java:175)
        at java.util.concurrent.locks.AbstractQueuedSynchronizer$ConditionObject.await(AbstractQueuedSynchronizer.java:2039)
        at java.util.concurrent.ArrayBlockingQueue.take(ArrayBlockingQueue.java:403)
        at java.util.concurrent.ThreadPoolExecutor.getTask(ThreadPoolExecutor.java:1074)
        at java.util.concurrent.ThreadPoolExecutor.runWorker(ThreadPoolExecutor.java:1134)
        at java.util.concurrent.ThreadPoolExecutor$Worker.run(ThreadPoolExecutor.java:624)
        at java.lang.Thread.run(Thread.java:748)
"pool-56-thread-45"  prio=5 tid=539 in Object.wait()
java.lang.Thread.State: WAITING (on object monitor)
        at sun.misc.Unsafe.park(Native Method)
        at java.util.concurrent.locks.LockSupport.park(LockSupport.java:175)
        at java.util.concurrent.locks.AbstractQueuedSynchronizer$ConditionObject.await(AbstractQueuedSynchronizer.java:2039)
        at java.util.concurrent.ArrayBlockingQueue.take(ArrayBlockingQueue.java:403)
        at java.util.concurrent.ThreadPoolExecutor.getTask(ThreadPoolExecutor.java:1074)
        at java.util.concurrent.ThreadPoolExecutor.runWorker(ThreadPoolExecutor.java:1134)
        at java.util.concurrent.ThreadPoolExecutor$Worker.run(ThreadPoolExecutor.java:624)
        at java.lang.Thread.run(Thread.java:748)
"Datanode ReportManager Thread - 0" daemon prio=5 tid=171 in Object.wait()
java.lang.Thread.State: WAITING (on object monitor)
        at sun.misc.Unsafe.park(Native Method)
        at java.util.concurrent.locks.LockSupport.park(LockSupport.java:175)
        at java.util.concurrent.locks.AbstractQueuedSynchronizer$ConditionObject.await(AbstractQueuedSynchronizer.java:2039)
        at java.util.concurrent.ScheduledThreadPoolExecutor$DelayedWorkQueue.take(ScheduledThreadPoolExecutor.java:1088)
        at java.util.concurrent.ScheduledThreadPoolExecutor$DelayedWorkQueue.take(ScheduledThreadPoolExecutor.java:809)
        at java.util.concurrent.ThreadPoolExecutor.getTask(ThreadPoolExecutor.java:1074)
        at java.util.concurrent.ThreadPoolExecutor.runWorker(ThreadPoolExecutor.java:1134)
        at java.util.concurrent.ThreadPoolExecutor$Worker.run(ThreadPoolExecutor.java:624)
        at java.lang.Thread.run(Thread.java:748)
"java.util.concurrent.ThreadPoolExecutor$Worker@4ba1b9d0[State = -1, empty queue]" daemon prio=5 tid=1856 timed_waiting
java.lang.Thread.State: TIMED_WAITING
        at sun.misc.Unsafe.park(Native Method)
        at java.util.concurrent.locks.LockSupport.parkNanos(LockSupport.java:215)
        at java.util.concurrent.locks.AbstractQueuedSynchronizer$ConditionObject.awaitNanos(AbstractQueuedSynchronizer.java:2078)
        at java.util.concurrent.ScheduledThreadPoolExecutor$DelayedWorkQueue.take(ScheduledThreadPoolExecutor.java:1093)
        at java.util.concurrent.ScheduledThreadPoolExecutor$DelayedWorkQueue.take(ScheduledThreadPoolExecutor.java:809)
        at java.util.concurrent.ThreadPoolExecutor.getTask(ThreadPoolExecutor.java:1074)
        at java.util.concurrent.ThreadPoolExecutor.runWorker(ThreadPoolExecutor.java:1134)
        at java.util.concurrent.ThreadPoolExecutor$Worker.run(ThreadPoolExecutor.java:624)
        at java.lang.Thread.run(Thread.java:748)


	at org.apache.hadoop.test.GenericTestUtils.waitFor(GenericTestUtils.java:389)
	at org.apache.hadoop.hdds.scm.safemode.TestSCMSafeModeWithPipelineRules.waitForRatis3NodePipelines(TestSCMSafeModeWithPipelineRules.java:189)
	at org.apache.hadoop.hdds.scm.safemode.TestSCMSafeModeWithPipelineRules.testScmSafeMode(TestSCMSafeModeWithPipelineRules.java:83)
	at sun.reflect.NativeMethodAccessorImpl.invoke0(Native Method)
	at sun.reflect.NativeMethodAccessorImpl.invoke(NativeMethodAccessorImpl.java:62)
	at sun.reflect.DelegatingMethodAccessorImpl.invoke(DelegatingMethodAccessorImpl.java:43)
	at java.lang.reflect.Method.invoke(Method.java:498)
	at org.junit.runners.model.FrameworkMethod$1.runReflectiveCall(FrameworkMethod.java:47)
	at org.junit.internal.runners.model.ReflectiveCallable.run(ReflectiveCallable.java:12)
	at org.junit.runners.model.FrameworkMethod.invokeExplosively(FrameworkMethod.java:44)
	at org.junit.internal.runners.statements.InvokeMethod.evaluate(InvokeMethod.java:17)
	at org.junit.internal.runners.statements.RunAfters.evaluate(RunAfters.java:27)
	at org.junit.rules.ExternalResource$1.evaluate(ExternalResource.java:48)
	at org.junit.rules.RunRules.evaluate(RunRules.java:20)
	at org.junit.runners.ParentRunner.runLeaf(ParentRunner.java:271)
	at org.junit.runners.BlockJUnit4ClassRunner.runChild(BlockJUnit4ClassRunner.java:70)
	at org.junit.runners.BlockJUnit4ClassRunner.runChild(BlockJUnit4ClassRunner.java:50)
	at org.junit.runners.ParentRunner$3.run(ParentRunner.java:238)
	at org.junit.runners.ParentRunner$1.schedule(ParentRunner.java:63)
	at org.junit.runners.ParentRunner.runChildren(ParentRunner.java:236)
	at org.junit.runners.ParentRunner.access$000(ParentRunner.java:53)
	at org.junit.runners.ParentRunner$2.evaluate(ParentRunner.java:229)
	at org.junit.runners.ParentRunner.run(ParentRunner.java:309)
	at org.apache.maven.surefire.junit4.JUnit4Provider.execute(JUnit4Provider.java:365)
	at org.apache.maven.surefire.junit4.JUnit4Provider.executeWithRerun(JUnit4Provider.java:273)
	at org.apache.maven.surefire.junit4.JUnit4Provider.executeTestSet(JUnit4Provider.java:238)
	at org.apache.maven.surefire.junit4.JUnit4Provider.invoke(JUnit4Provider.java:159)
	at org.apache.maven.surefire.booter.ForkedBooter.invokeProviderInSameClassLoader(ForkedBooter.java:384)
	at org.apache.maven.surefire.booter.ForkedBooter.runSuitesInProcess(ForkedBooter.java:345)
	at org.apache.maven.surefire.booter.ForkedBooter.execute(ForkedBooter.java:126)
	at org.apache.maven.surefire.booter.ForkedBooter.main(ForkedBooter.java:418)
</error>
    <system-out><![CDATA[2019-09-25 11:41:29,304 [main] WARN  server.ServerUtils (ServerUtils.java:getScmDbDir(145)) - ozone.scm.db.dirs is not configured. We recommend adding this setting. Falling back to ozone.metadata.dirs instead.
2019-09-25 11:41:29,408 [main] WARN  server.ServerUtils (ServerUtils.java:getScmDbDir(145)) - ozone.scm.db.dirs is not configured. We recommend adding this setting. Falling back to ozone.metadata.dirs instead.
2019-09-25 11:41:29,411 [main] WARN  server.ServerUtils (ServerUtils.java:getScmDbDir(145)) - ozone.scm.db.dirs is not configured. We recommend adding this setting. Falling back to ozone.metadata.dirs instead.
2019-09-25 11:41:29,430 [main] INFO  util.log (Log.java:initialized(192)) - Logging initialized @895ms
2019-09-25 11:41:29,538 [main] INFO  db.DBStoreBuilder (DBStoreBuilder.java:addTable(110)) - using custom profile for table: deletedBlocks
2019-09-25 11:41:29,538 [main] INFO  db.DBStoreBuilder (DBStoreBuilder.java:processTables(161)) - Using default column profile:DBProfile.DISK for Table:deletedBlocks
2019-09-25 11:41:29,539 [main] INFO  db.DBStoreBuilder (DBStoreBuilder.java:addTable(110)) - using custom profile for table: validCerts
2019-09-25 11:41:29,539 [main] INFO  db.DBStoreBuilder (DBStoreBuilder.java:processTables(161)) - Using default column profile:DBProfile.DISK for Table:validCerts
2019-09-25 11:41:29,539 [main] INFO  db.DBStoreBuilder (DBStoreBuilder.java:addTable(110)) - using custom profile for table: revokedCerts
2019-09-25 11:41:29,539 [main] INFO  db.DBStoreBuilder (DBStoreBuilder.java:processTables(161)) - Using default column profile:DBProfile.DISK for Table:revokedCerts
2019-09-25 11:41:29,552 [main] INFO  db.DBStoreBuilder (DBStoreBuilder.java:addTable(110)) - using custom profile for table: default
2019-09-25 11:41:29,552 [main] INFO  db.DBStoreBuilder (DBStoreBuilder.java:processTables(167)) - Using default column profile:DBProfile.DISK for Table:default
2019-09-25 11:41:29,553 [main] INFO  db.DBStoreBuilder (DBStoreBuilder.java:getDbProfile(198)) - Using default options. DBProfile.DISK
2019-09-25 11:41:29,802 [main] INFO  net.NodeSchemaLoader (NodeSchemaLoader.java:loadSchemaFromFile(125)) - Loading file from sun.misc.CompoundEnumeration@7b98f307
2019-09-25 11:41:29,804 [main] INFO  net.NodeSchemaLoader (NodeSchemaLoader.java:loadSchema(171)) - Loading network topology layer schema file
2019-09-25 11:41:29,877 [main] INFO  node.SCMNodeManager (SCMNodeManager.java:<init>(114)) - Entering startup safe mode.
2019-09-25 11:41:29,954 [main] INFO  algorithms.ContainerPlacementPolicyFactory (ContainerPlacementPolicyFactory.java:getPolicy(59)) - Create container placement policy of type org.apache.hadoop.hdds.scm.container.placement.algorithms.SCMContainerPlacementRandom
2019-09-25 11:41:29,970 [main] WARN  server.ServerUtils (ServerUtils.java:getScmDbDir(145)) - ozone.scm.db.dirs is not configured. We recommend adding this setting. Falling back to ozone.metadata.dirs instead.
2019-09-25 11:41:30,031 [main] INFO  pipeline.SCMPipelineManager (SCMPipelineManager.java:initializePipelineState(132)) - No pipeline exists in current db
2019-09-25 11:41:30,034 [main] WARN  server.ServerUtils (ServerUtils.java:getScmDbDir(145)) - ozone.scm.db.dirs is not configured. We recommend adding this setting. Falling back to ozone.metadata.dirs instead.
2019-09-25 11:41:30,133 [main] INFO  safemode.HealthyPipelineSafeModeRule (HealthyPipelineSafeModeRule.java:<init>(89)) -  Total pipeline count is 0, healthy pipeline threshold count is 0
2019-09-25 11:41:30,134 [main] INFO  safemode.OneReplicaPipelineSafeModeRule (OneReplicaPipelineSafeModeRule.java:<init>(84)) -  Total pipeline count is 0, pipeline's with atleast one datanode reported threshold count is 0
2019-09-25 11:41:30,134 [main] WARN  events.EventQueue (EventQueue.java:fireEvent(183)) - No event handler registered for event TypedEvent{payloadType=SafeModeStatus, name='SafeModeStatus'}
2019-09-25 11:41:30,503 [main] INFO  ipc.CallQueueManager (CallQueueManager.java:<init>(84)) - Using callQueue: class java.util.concurrent.LinkedBlockingQueue, queueCapacity: 2000, scheduler: class org.apache.hadoop.ipc.DefaultRpcScheduler, ipcBackoff: false.
2019-09-25 11:41:30,532 [Socket Reader #1 for port 40029] INFO  ipc.Server (Server.java:run(1074)) - Starting Socket Reader #1 for port 40029
2019-09-25 11:41:30,679 [main] INFO  ipc.CallQueueManager (CallQueueManager.java:<init>(84)) - Using callQueue: class java.util.concurrent.LinkedBlockingQueue, queueCapacity: 2000, scheduler: class org.apache.hadoop.ipc.DefaultRpcScheduler, ipcBackoff: false.
2019-09-25 11:41:30,681 [Socket Reader #1 for port 37215] INFO  ipc.Server (Server.java:run(1074)) - Starting Socket Reader #1 for port 37215
2019-09-25 11:41:30,693 [main] INFO  ipc.CallQueueManager (CallQueueManager.java:<init>(84)) - Using callQueue: class java.util.concurrent.LinkedBlockingQueue, queueCapacity: 2000, scheduler: class org.apache.hadoop.ipc.DefaultRpcScheduler, ipcBackoff: false.
2019-09-25 11:41:30,694 [Socket Reader #1 for port 45005] INFO  ipc.Server (Server.java:run(1074)) - Starting Socket Reader #1 for port 45005
2019-09-25 11:41:30,720 [main] INFO  hdfs.DFSUtil (DFSUtil.java:httpServerTemplateForNNAndJN(1641)) - Starting Web-server for scm at: http://0.0.0.0:0
2019-09-25 11:41:30,882 [main] INFO  server.AuthenticationFilter (AuthenticationFilter.java:constructSecretProvider(240)) - Unable to initialize FileSignerSecretProvider, falling back to use random secrets.
2019-09-25 11:41:30,894 [main] WARN  http.HttpRequestLog (HttpRequestLog.java:getRequestLog(97)) - Jetty request log can only be enabled using Log4j
2019-09-25 11:41:30,904 [main] INFO  http.HttpServer2 (HttpServer2.java:addGlobalFilter(975)) - Added global filter 'safety' (class=org.apache.hadoop.http.HttpServer2$QuotingInputFilter)
2019-09-25 11:41:30,908 [main] INFO  http.HttpServer2 (HttpServer2.java:addFilter(948)) - Added filter static_user_filter (class=org.apache.hadoop.http.lib.StaticUserWebFilter$StaticUserFilter) to context scm
2019-09-25 11:41:30,908 [main] INFO  http.HttpServer2 (HttpServer2.java:addFilter(958)) - Added filter static_user_filter (class=org.apache.hadoop.http.lib.StaticUserWebFilter$StaticUserFilter) to context static
2019-09-25 11:41:30,908 [main] INFO  http.HttpServer2 (HttpServer2.java:addFilter(958)) - Added filter static_user_filter (class=org.apache.hadoop.http.lib.StaticUserWebFilter$StaticUserFilter) to context logs
2019-09-25 11:41:30,943 [main] INFO  server.StorageContainerManager (StorageContainerManager.java:start(770)) - StorageContainerLocationProtocol RPC server is listening at /0.0.0.0:45005
2019-09-25 11:41:31,016 [main] WARN  impl.MetricsConfig (MetricsConfig.java:loadFirst(134)) - Cannot locate configuration: tried hadoop-metrics2-storagecontainermanager.properties,hadoop-metrics2.properties
2019-09-25 11:41:31,031 [main] INFO  impl.MetricsSystemImpl (MetricsSystemImpl.java:startTimer(374)) - Scheduled Metric snapshot period at 10 second(s).
2019-09-25 11:41:31,031 [main] INFO  impl.MetricsSystemImpl (MetricsSystemImpl.java:start(191)) - StorageContainerManager metrics system started
2019-09-25 11:41:31,295 [main] INFO  server.SCMClientProtocolServer (SCMClientProtocolServer.java:start(151)) - RPC server for Client  is listening at /0.0.0.0:45005
2019-09-25 11:41:31,296 [IPC Server Responder] INFO  ipc.Server (Server.java:run(1314)) - IPC Server Responder: starting
2019-09-25 11:41:31,296 [IPC Server listener on 45005] INFO  ipc.Server (Server.java:run(1153)) - IPC Server listener on 45005: starting
2019-09-25 11:41:31,298 [main] INFO  server.StorageContainerManager (StorageContainerManager.java:start(780)) - ScmBlockLocationProtocol RPC server is listening at /0.0.0.0:37215
2019-09-25 11:41:31,300 [main] INFO  server.SCMBlockProtocolServer (SCMBlockProtocolServer.java:start(146)) - RPC server for Block Protocol is listening at /0.0.0.0:37215
2019-09-25 11:41:31,300 [IPC Server Responder] INFO  ipc.Server (Server.java:run(1314)) - IPC Server Responder: starting
2019-09-25 11:41:31,300 [IPC Server listener on 37215] INFO  ipc.Server (Server.java:run(1153)) - IPC Server listener on 37215: starting
2019-09-25 11:41:31,302 [main] INFO  server.StorageContainerManager (StorageContainerManager.java:start(784)) - ScmDatanodeProtocl RPC server is listening at /0.0.0.0:40029
2019-09-25 11:41:31,303 [main] INFO  server.SCMDatanodeProtocolServer (SCMDatanodeProtocolServer.java:start(191)) - RPC server for DataNodes is listening at /0.0.0.0:40029
2019-09-25 11:41:31,303 [IPC Server Responder] INFO  ipc.Server (Server.java:run(1314)) - IPC Server Responder: starting
2019-09-25 11:41:31,303 [IPC Server listener on 40029] INFO  ipc.Server (Server.java:run(1153)) - IPC Server listener on 40029: starting
2019-09-25 11:41:31,306 [main] INFO  http.HttpServer2 (HttpServer2.java:bindListener(1191)) - Jetty bound to port 36173
2019-09-25 11:41:31,308 [main] INFO  server.Server (Server.java:doStart(351)) - jetty-9.3.25.v20180904, build timestamp: 2018-09-04T21:11:46Z, git hash: 3ce520221d0240229c862b122d2b06c12a625732
2019-09-25 11:41:31,345 [main] INFO  handler.ContextHandler (ContextHandler.java:doStart(781)) - Started o.e.j.s.ServletContextHandler@3300f4fd{/logs,file:///workdir/hadoop-ozone/integration-test/target/log,AVAILABLE}
2019-09-25 11:41:31,346 [main] INFO  handler.ContextHandler (ContextHandler.java:doStart(781)) - Started o.e.j.s.ServletContextHandler@70ab2d48{/static,file:///workdir/hadoop-ozone/integration-test/target/test-classes/webapps/static,AVAILABLE}
2019-09-25 11:41:31,380 [main] INFO  handler.ContextHandler (ContextHandler.java:doStart(781)) - Started o.e.j.w.WebAppContext@e24ddd0{/,file:///workdir/hadoop-ozone/integration-test/target/test-classes/webapps/scm/,AVAILABLE}{/scm}
2019-09-25 11:41:31,386 [main] INFO  server.AbstractConnector (AbstractConnector.java:doStart(278)) - Started ServerConnector@ca27722{HTTP/1.1,[http/1.1]}{0.0.0.0:36173}
2019-09-25 11:41:31,386 [main] INFO  server.Server (Server.java:doStart(419)) - Started @2851ms
2019-09-25 11:41:31,389 [main] INFO  impl.MetricsSinkAdapter (MetricsSinkAdapter.java:start(204)) - Sink prometheus started
2019-09-25 11:41:31,389 [main] INFO  impl.MetricsSystemImpl (MetricsSystemImpl.java:registerSink(301)) - Registered sink prometheus
2019-09-25 11:41:31,390 [main] INFO  server.BaseHttpServer (BaseHttpServer.java:updateConnectorAddress(215)) - HTTP server of SCM is listening at http://0.0.0.0:36173
2019-09-25 11:41:31,399 [org.apache.hadoop.util.JvmPauseMonitor$Monitor@4d63b624] INFO  util.JvmPauseMonitor (JvmPauseMonitor.java:run(188)) - Starting JVM pause monitor
2019-09-25 11:41:31,403 [main] WARN  server.ServerUtils (ServerUtils.java:getDBPath(222)) - ozone.om.db.dirs is not configured. We recommend adding this setting. Falling back to ozone.metadata.dirs instead.
2019-09-25 11:41:31,534 [main] WARN  server.ServerUtils (ServerUtils.java:getDBPath(222)) - ozone.om.db.dirs is not configured. We recommend adding this setting. Falling back to ozone.metadata.dirs instead.
2019-09-25 11:41:31,535 [main] WARN  server.ServerUtils (ServerUtils.java:getDBPath(222)) - ozone.om.db.dirs is not configured. We recommend adding this setting. Falling back to ozone.metadata.dirs instead.
2019-09-25 11:41:31,536 [main] INFO  om.OzoneManager (OzoneManager.java:setOMNodeDetails(652)) - OM Service ID is not set. Setting it to the default ID: omServiceIdDefault
2019-09-25 11:41:31,536 [main] INFO  om.OzoneManager (OzoneManager.java:setOMNodeDetails(658)) - OM Node ID is not set. Setting it to the OmStorage's OmID: 3f863ddd-ca7d-41d7-857d-a7147121e4c1
2019-09-25 11:41:31,537 [main] INFO  om.OzoneManager (OzoneManager.java:loadOMHAConfigs(609)) - Found matching OM address with OMServiceId: null, OMNodeId: null, RPC Address: localhost:0 and Ratis port: 9872
2019-09-25 11:41:32,292 [main] WARN  server.ServerUtils (ServerUtils.java:getDBPath(222)) - ozone.om.db.dirs is not configured. We recommend adding this setting. Falling back to ozone.metadata.dirs instead.
2019-09-25 11:41:32,300 [main] INFO  db.DBStoreBuilder (DBStoreBuilder.java:addTable(110)) - using custom profile for table: userTable
2019-09-25 11:41:32,300 [main] INFO  db.DBStoreBuilder (DBStoreBuilder.java:processTables(161)) - Using default column profile:DBProfile.DISK for Table:userTable
2019-09-25 11:41:32,301 [main] INFO  db.DBStoreBuilder (DBStoreBuilder.java:addTable(110)) - using custom profile for table: volumeTable
2019-09-25 11:41:32,301 [main] INFO  db.DBStoreBuilder (DBStoreBuilder.java:processTables(161)) - Using default column profile:DBProfile.DISK for Table:volumeTable
2019-09-25 11:41:32,301 [main] INFO  db.DBStoreBuilder (DBStoreBuilder.java:addTable(110)) - using custom profile for table: bucketTable
2019-09-25 11:41:32,301 [main] INFO  db.DBStoreBuilder (DBStoreBuilder.java:processTables(161)) - Using default column profile:DBProfile.DISK for Table:bucketTable
2019-09-25 11:41:32,302 [main] INFO  db.DBStoreBuilder (DBStoreBuilder.java:addTable(110)) - using custom profile for table: keyTable
2019-09-25 11:41:32,302 [main] INFO  db.DBStoreBuilder (DBStoreBuilder.java:processTables(161)) - Using default column profile:DBProfile.DISK for Table:keyTable
2019-09-25 11:41:32,302 [main] INFO  db.DBStoreBuilder (DBStoreBuilder.java:addTable(110)) - using custom profile for table: deletedTable
2019-09-25 11:41:32,302 [main] INFO  db.DBStoreBuilder (DBStoreBuilder.java:processTables(161)) - Using default column profile:DBProfile.DISK for Table:deletedTable
2019-09-25 11:41:32,303 [main] INFO  db.DBStoreBuilder (DBStoreBuilder.java:addTable(110)) - using custom profile for table: openKeyTable
2019-09-25 11:41:32,303 [main] INFO  db.DBStoreBuilder (DBStoreBuilder.java:processTables(161)) - Using default column profile:DBProfile.DISK for Table:openKeyTable
2019-09-25 11:41:32,303 [main] INFO  db.DBStoreBuilder (DBStoreBuilder.java:addTable(110)) - using custom profile for table: s3Table
2019-09-25 11:41:32,303 [main] INFO  db.DBStoreBuilder (DBStoreBuilder.java:processTables(161)) - Using default column profile:DBProfile.DISK for Table:s3Table
2019-09-25 11:41:32,304 [main] INFO  db.DBStoreBuilder (DBStoreBuilder.java:addTable(110)) - using custom profile for table: multipartInfoTable
2019-09-25 11:41:32,304 [main] INFO  db.DBStoreBuilder (DBStoreBuilder.java:processTables(161)) - Using default column profile:DBProfile.DISK for Table:multipartInfoTable
2019-09-25 11:41:32,304 [main] INFO  db.DBStoreBuilder (DBStoreBuilder.java:addTable(110)) - using custom profile for table: dTokenTable
2019-09-25 11:41:32,304 [main] INFO  db.DBStoreBuilder (DBStoreBuilder.java:processTables(161)) - Using default column profile:DBProfile.DISK for Table:dTokenTable
2019-09-25 11:41:32,305 [main] INFO  db.DBStoreBuilder (DBStoreBuilder.java:addTable(110)) - using custom profile for table: s3SecretTable
2019-09-25 11:41:32,305 [main] INFO  db.DBStoreBuilder (DBStoreBuilder.java:processTables(161)) - Using default column profile:DBProfile.DISK for Table:s3SecretTable
2019-09-25 11:41:32,305 [main] INFO  db.DBStoreBuilder (DBStoreBuilder.java:addTable(110)) - using custom profile for table: prefixTable
2019-09-25 11:41:32,305 [main] INFO  db.DBStoreBuilder (DBStoreBuilder.java:processTables(161)) - Using default column profile:DBProfile.DISK for Table:prefixTable
2019-09-25 11:41:32,306 [main] INFO  db.DBStoreBuilder (DBStoreBuilder.java:addTable(110)) - using custom profile for table: default
2019-09-25 11:41:32,306 [main] INFO  db.DBStoreBuilder (DBStoreBuilder.java:processTables(167)) - Using default column profile:DBProfile.DISK for Table:default
2019-09-25 11:41:32,306 [main] INFO  db.DBStoreBuilder (DBStoreBuilder.java:getDbProfile(198)) - Using default options. DBProfile.DISK
2019-09-25 11:41:32,787 [main] INFO  ipc.CallQueueManager (CallQueueManager.java:<init>(84)) - Using callQueue: class java.util.concurrent.LinkedBlockingQueue, queueCapacity: 2000, scheduler: class org.apache.hadoop.ipc.DefaultRpcScheduler, ipcBackoff: false.
2019-09-25 11:41:32,788 [Socket Reader #1 for port 44461] INFO  ipc.Server (Server.java:run(1074)) - Starting Socket Reader #1 for port 44461
2019-09-25 11:41:32,810 [main] INFO  om.OzoneManager (OzoneManager.java:start(1243)) - OzoneManager RPC server is listening at localhost/127.0.0.1:44461
2019-09-25 11:41:32,810 [main] INFO  impl.MetricsSystemImpl (MetricsSystemImpl.java:init(158)) - OzoneManager metrics system started (again)
2019-09-25 11:41:32,811 [IPC Server Responder] INFO  ipc.Server (Server.java:run(1314)) - IPC Server Responder: starting
2019-09-25 11:41:32,812 [IPC Server listener on 44461] INFO  ipc.Server (Server.java:run(1153)) - IPC Server listener on 44461: starting
2019-09-25 11:41:32,817 [main] INFO  hdfs.DFSUtil (DFSUtil.java:httpServerTemplateForNNAndJN(1641)) - Starting Web-server for ozoneManager at: http://0.0.0.0:0
2019-09-25 11:41:32,818 [main] INFO  server.AuthenticationFilter (AuthenticationFilter.java:constructSecretProvider(240)) - Unable to initialize FileSignerSecretProvider, falling back to use random secrets.
2019-09-25 11:41:32,819 [main] WARN  http.HttpRequestLog (HttpRequestLog.java:getRequestLog(97)) - Jetty request log can only be enabled using Log4j
2019-09-25 11:41:32,821 [main] INFO  http.HttpServer2 (HttpServer2.java:addGlobalFilter(975)) - Added global filter 'safety' (class=org.apache.hadoop.http.HttpServer2$QuotingInputFilter)
2019-09-25 11:41:32,822 [main] INFO  http.HttpServer2 (HttpServer2.java:addFilter(948)) - Added filter static_user_filter (class=org.apache.hadoop.http.lib.StaticUserWebFilter$StaticUserFilter) to context ozoneManager
2019-09-25 11:41:32,822 [main] INFO  http.HttpServer2 (HttpServer2.java:addFilter(958)) - Added filter static_user_filter (class=org.apache.hadoop.http.lib.StaticUserWebFilter$StaticUserFilter) to context logs
2019-09-25 11:41:32,822 [main] INFO  http.HttpServer2 (HttpServer2.java:addFilter(958)) - Added filter static_user_filter (class=org.apache.hadoop.http.lib.StaticUserWebFilter$StaticUserFilter) to context static
2019-09-25 11:41:32,824 [main] INFO  http.HttpServer2 (HttpServer2.java:bindListener(1191)) - Jetty bound to port 46229
2019-09-25 11:41:32,825 [main] INFO  server.Server (Server.java:doStart(351)) - jetty-9.3.25.v20180904, build timestamp: 2018-09-04T21:11:46Z, git hash: 3ce520221d0240229c862b122d2b06c12a625732
2019-09-25 11:41:32,827 [main] INFO  handler.ContextHandler (ContextHandler.java:doStart(781)) - Started o.e.j.s.ServletContextHandler@562c877a{/logs,file:///workdir/hadoop-ozone/integration-test/target/log,AVAILABLE}
2019-09-25 11:41:32,827 [main] INFO  handler.ContextHandler (ContextHandler.java:doStart(781)) - Started o.e.j.s.ServletContextHandler@989da1{/static,file:///workdir/hadoop-ozone/integration-test/target/test-classes/webapps/static,AVAILABLE}
2019-09-25 11:41:32,832 [main] INFO  handler.ContextHandler (ContextHandler.java:doStart(781)) - Started o.e.j.w.WebAppContext@1965539b{/,file:///workdir/hadoop-ozone/integration-test/target/test-classes/webapps/ozoneManager/,AVAILABLE}{/ozoneManager}
2019-09-25 11:41:32,833 [main] INFO  server.AbstractConnector (AbstractConnector.java:doStart(278)) - Started ServerConnector@2fc07784{HTTP/1.1,[http/1.1]}{0.0.0.0:46229}
2019-09-25 11:41:32,834 [main] INFO  server.Server (Server.java:doStart(419)) - Started @4299ms
2019-09-25 11:41:32,834 [main] WARN  impl.MetricsSystemImpl (MetricsSystemImpl.java:register(276)) - Sink prometheus already exists!
2019-09-25 11:41:32,835 [main] INFO  server.BaseHttpServer (BaseHttpServer.java:updateConnectorAddress(215)) - HTTP server of OZONEMANAGER is listening at http://0.0.0.0:46229
2019-09-25 11:41:33,150 [main] INFO  impl.MetricsSystemImpl (MetricsSystemImpl.java:init(158)) - HddsDatanode metrics system started (again)
2019-09-25 11:41:33,217 [main] INFO  ozone.HddsDatanodeService (HddsDatanodeService.java:start(184)) - HddsDatanodeService host:pr-hdds-1569-5gmkr-4255264070 ip:192.168.30.6
2019-09-25 11:41:33,259 [main] INFO  volume.HddsVolume (HddsVolume.java:<init>(176)) - Creating Volume: /workdir/hadoop-ozone/integration-test/target/test-dir/MiniOzoneClusterImpl-85c44edd-3ede-4f6a-a825-df7bd545a955/datanode-0/data/containers/hdds of  storage type : DISK and capacity : 1482555576320
2019-09-25 11:41:33,262 [main] INFO  volume.VolumeSet (VolumeSet.java:initializeVolumeSet(170)) - Added Volume : /workdir/hadoop-ozone/integration-test/target/test-dir/MiniOzoneClusterImpl-85c44edd-3ede-4f6a-a825-df7bd545a955/datanode-0/data/containers/hdds to VolumeSet
2019-09-25 11:41:33,268 [main] INFO  volume.ThrottledAsyncChecker (ThrottledAsyncChecker.java:schedule(139)) - Scheduling a check for org.apache.hadoop.ozone.container.common.volume.HddsVolume@bb9ab64
2019-09-25 11:41:33,288 [main] INFO  volume.HddsVolumeChecker (HddsVolumeChecker.java:checkAllVolumes(202)) - Scheduled health check for volume org.apache.hadoop.ozone.container.common.volume.HddsVolume@bb9ab64
2019-09-25 11:41:33,398 [main] INFO  impl.RaftServerProxy (ConfUtils.java:logGet(43)) - raft.rpc.type = GRPC (default)
2019-09-25 11:41:33,455 [main] INFO  grpc.GrpcFactory (GrpcFactory.java:checkPooledByteBufAllocatorUseCacheForAllThreads(45)) - PERFORMANCE WARNING: useCacheForAllThreads is true that may cause Netty to create a lot garbage objects and, as a result, trigger GC.
	It is recommended to disable useCacheForAllThreads by setting -Dorg.apache.ratis.thirdparty.io.netty.allocator.useCacheForAllThreads=false in command line.
2019-09-25 11:41:33,460 [main] INFO  grpc.GrpcConfigKeys$Server (ConfUtils.java:logGet(43)) - raft.grpc.server.port = 0 (default)
2019-09-25 11:41:33,460 [main] INFO  server.GrpcService (ConfUtils.java:logGet(43)) - raft.grpc.message.size.max = 33570816 (custom)
2019-09-25 11:41:33,462 [main] INFO  server.RaftServerConfigKeys (ConfUtils.java:logGet(43)) - raft.server.log.appender.buffer.byte-limit = 33554432 (custom)
2019-09-25 11:41:33,463 [main] INFO  server.GrpcService (ConfUtils.java:logGet(43)) - raft.grpc.flow.control.window = 1MB (=1048576) (default)
2019-09-25 11:41:33,463 [main] INFO  server.RaftServerConfigKeys (ConfUtils.java:logGet(43)) - raft.server.rpc.request.timeout = 3000ms (default)
2019-09-25 11:41:33,613 [main] INFO  server.RaftServerConfigKeys (ConfUtils.java:logGet(43)) - raft.server.storage.dir = [/workdir/hadoop-ozone/integration-test/target/test-dir/MiniOzoneClusterImpl-85c44edd-3ede-4f6a-a825-df7bd545a955/datanode-0/data/ratis] (custom)
2019-09-25 11:41:33,675 [main] INFO  hdfs.DFSUtil (DFSUtil.java:httpServerTemplateForNNAndJN(1641)) - Starting Web-server for hddsDatanode at: http://0.0.0.0:0
2019-09-25 11:41:33,679 [main] INFO  server.AuthenticationFilter (AuthenticationFilter.java:constructSecretProvider(240)) - Unable to initialize FileSignerSecretProvider, falling back to use random secrets.
2019-09-25 11:41:33,680 [main] WARN  http.HttpRequestLog (HttpRequestLog.java:getRequestLog(97)) - Jetty request log can only be enabled using Log4j
2019-09-25 11:41:33,684 [main] INFO  http.HttpServer2 (HttpServer2.java:addGlobalFilter(975)) - Added global filter 'safety' (class=org.apache.hadoop.http.HttpServer2$QuotingInputFilter)
2019-09-25 11:41:33,686 [main] INFO  http.HttpServer2 (HttpServer2.java:addFilter(948)) - Added filter static_user_filter (class=org.apache.hadoop.http.lib.StaticUserWebFilter$StaticUserFilter) to context hddsDatanode
2019-09-25 11:41:33,686 [main] INFO  http.HttpServer2 (HttpServer2.java:addFilter(958)) - Added filter static_user_filter (class=org.apache.hadoop.http.lib.StaticUserWebFilter$StaticUserFilter) to context logs
2019-09-25 11:41:33,687 [main] INFO  http.HttpServer2 (HttpServer2.java:addFilter(958)) - Added filter static_user_filter (class=org.apache.hadoop.http.lib.StaticUserWebFilter$StaticUserFilter) to context static
2019-09-25 11:41:33,689 [main] INFO  http.HttpServer2 (HttpServer2.java:bindListener(1191)) - Jetty bound to port 44803
2019-09-25 11:41:33,689 [main] INFO  server.Server (Server.java:doStart(351)) - jetty-9.3.25.v20180904, build timestamp: 2018-09-04T21:11:46Z, git hash: 3ce520221d0240229c862b122d2b06c12a625732
2019-09-25 11:41:33,693 [main] INFO  handler.ContextHandler (ContextHandler.java:doStart(781)) - Started o.e.j.s.ServletContextHandler@9596ce8{/logs,file:///workdir/hadoop-ozone/integration-test/target/log,AVAILABLE}
2019-09-25 11:41:33,694 [main] INFO  handler.ContextHandler (ContextHandler.java:doStart(781)) - Started o.e.j.s.ServletContextHandler@70228253{/static,jar:file:/home/user/.m2/repository/org/apache/hadoop/hadoop-hdds-container-service/0.5.0-SNAPSHOT/hadoop-hdds-container-service-0.5.0-SNAPSHOT.jar!/webapps/static,AVAILABLE}
2019-09-25 11:41:33,746 [main] INFO  handler.ContextHandler (ContextHandler.java:doStart(781)) - Started o.e.j.w.WebAppContext@e84fb85{/,file:///tmp/jetty-0.0.0.0-44803-hddsDatanode-_-any-3937673232310334788.dir/webapp/,AVAILABLE}{/hddsDatanode}
2019-09-25 11:41:33,748 [main] INFO  server.AbstractConnector (AbstractConnector.java:doStart(278)) - Started ServerConnector@68a4dcc6{HTTP/1.1,[http/1.1]}{0.0.0.0:44803}
2019-09-25 11:41:33,749 [main] INFO  server.Server (Server.java:doStart(419)) - Started @5213ms
2019-09-25 11:41:33,750 [main] WARN  impl.MetricsSystemImpl (MetricsSystemImpl.java:register(276)) - Sink prometheus already exists!
2019-09-25 11:41:33,750 [main] INFO  server.BaseHttpServer (BaseHttpServer.java:updateConnectorAddress(215)) - HTTP server of HDDSDATANODE is listening at http://0.0.0.0:44803
2019-09-25 11:41:33,752 [main] INFO  impl.MetricsSystemImpl (MetricsSystemImpl.java:init(158)) - HddsDatanode metrics system started (again)
2019-09-25 11:41:33,756 [main] INFO  ozone.HddsDatanodeService (HddsDatanodeService.java:start(184)) - HddsDatanodeService host:pr-hdds-1569-5gmkr-4255264070 ip:192.168.30.6
2019-09-25 11:41:33,760 [org.apache.hadoop.util.JvmPauseMonitor$Monitor@59f45112] INFO  util.JvmPauseMonitor (JvmPauseMonitor.java:run(188)) - Starting JVM pause monitor
2019-09-25 11:41:33,767 [main] INFO  volume.HddsVolume (HddsVolume.java:<init>(176)) - Creating Volume: /workdir/hadoop-ozone/integration-test/target/test-dir/MiniOzoneClusterImpl-85c44edd-3ede-4f6a-a825-df7bd545a955/datanode-1/data/containers/hdds of  storage type : DISK and capacity : 1482555576320
2019-09-25 11:41:33,767 [main] INFO  volume.VolumeSet (VolumeSet.java:initializeVolumeSet(170)) - Added Volume : /workdir/hadoop-ozone/integration-test/target/test-dir/MiniOzoneClusterImpl-85c44edd-3ede-4f6a-a825-df7bd545a955/datanode-1/data/containers/hdds to VolumeSet
2019-09-25 11:41:33,768 [main] INFO  volume.ThrottledAsyncChecker (ThrottledAsyncChecker.java:schedule(139)) - Scheduling a check for org.apache.hadoop.ozone.container.common.volume.HddsVolume@26cb5207
2019-09-25 11:41:33,769 [main] INFO  volume.HddsVolumeChecker (HddsVolumeChecker.java:checkAllVolumes(202)) - Scheduled health check for volume org.apache.hadoop.ozone.container.common.volume.HddsVolume@26cb5207
2019-09-25 11:41:33,790 [main] INFO  impl.RaftServerProxy (ConfUtils.java:logGet(43)) - raft.rpc.type = GRPC (default)
2019-09-25 11:41:33,791 [main] INFO  grpc.GrpcFactory (GrpcFactory.java:checkPooledByteBufAllocatorUseCacheForAllThreads(45)) - PERFORMANCE WARNING: useCacheForAllThreads is true that may cause Netty to create a lot garbage objects and, as a result, trigger GC.
	It is recommended to disable useCacheForAllThreads by setting -Dorg.apache.ratis.thirdparty.io.netty.allocator.useCacheForAllThreads=false in command line.
2019-09-25 11:41:33,791 [main] INFO  grpc.GrpcConfigKeys$Server (ConfUtils.java:logGet(43)) - raft.grpc.server.port = 0 (default)
2019-09-25 11:41:33,791 [main] INFO  server.GrpcService (ConfUtils.java:logGet(43)) - raft.grpc.message.size.max = 33570816 (custom)
2019-09-25 11:41:33,792 [main] INFO  server.RaftServerConfigKeys (ConfUtils.java:logGet(43)) - raft.server.log.appender.buffer.byte-limit = 33554432 (custom)
2019-09-25 11:41:33,792 [main] INFO  server.GrpcService (ConfUtils.java:logGet(43)) - raft.grpc.flow.control.window = 1MB (=1048576) (default)
2019-09-25 11:41:33,792 [main] INFO  server.RaftServerConfigKeys (ConfUtils.java:logGet(43)) - raft.server.rpc.request.timeout = 3000ms (default)
2019-09-25 11:41:33,793 [main] INFO  server.RaftServerConfigKeys (ConfUtils.java:logGet(43)) - raft.server.storage.dir = [/workdir/hadoop-ozone/integration-test/target/test-dir/MiniOzoneClusterImpl-85c44edd-3ede-4f6a-a825-df7bd545a955/datanode-1/data/ratis] (custom)
2019-09-25 11:41:33,795 [main] INFO  hdfs.DFSUtil (DFSUtil.java:httpServerTemplateForNNAndJN(1641)) - Starting Web-server for hddsDatanode at: http://0.0.0.0:0
2019-09-25 11:41:33,796 [main] INFO  server.AuthenticationFilter (AuthenticationFilter.java:constructSecretProvider(240)) - Unable to initialize FileSignerSecretProvider, falling back to use random secrets.
2019-09-25 11:41:33,797 [main] WARN  http.HttpRequestLog (HttpRequestLog.java:getRequestLog(97)) - Jetty request log can only be enabled using Log4j
2019-09-25 11:41:33,799 [main] INFO  http.HttpServer2 (HttpServer2.java:addGlobalFilter(975)) - Added global filter 'safety' (class=org.apache.hadoop.http.HttpServer2$QuotingInputFilter)
2019-09-25 11:41:33,800 [main] INFO  http.HttpServer2 (HttpServer2.java:addFilter(948)) - Added filter static_user_filter (class=org.apache.hadoop.http.lib.StaticUserWebFilter$StaticUserFilter) to context hddsDatanode
2019-09-25 11:41:33,800 [main] INFO  http.HttpServer2 (HttpServer2.java:addFilter(958)) - Added filter static_user_filter (class=org.apache.hadoop.http.lib.StaticUserWebFilter$StaticUserFilter) to context logs
2019-09-25 11:41:33,800 [main] INFO  http.HttpServer2 (HttpServer2.java:addFilter(958)) - Added filter static_user_filter (class=org.apache.hadoop.http.lib.StaticUserWebFilter$StaticUserFilter) to context static
2019-09-25 11:41:33,801 [main] INFO  http.HttpServer2 (HttpServer2.java:bindListener(1191)) - Jetty bound to port 40030
2019-09-25 11:41:33,801 [main] INFO  server.Server (Server.java:doStart(351)) - jetty-9.3.25.v20180904, build timestamp: 2018-09-04T21:11:46Z, git hash: 3ce520221d0240229c862b122d2b06c12a625732
2019-09-25 11:41:33,805 [main] INFO  handler.ContextHandler (ContextHandler.java:doStart(781)) - Started o.e.j.s.ServletContextHandler@4f0f7849{/logs,file:///workdir/hadoop-ozone/integration-test/target/log,AVAILABLE}
2019-09-25 11:41:33,806 [main] INFO  handler.ContextHandler (ContextHandler.java:doStart(781)) - Started o.e.j.s.ServletContextHandler@3ee0b4f7{/static,jar:file:/home/user/.m2/repository/org/apache/hadoop/hadoop-hdds-container-service/0.5.0-SNAPSHOT/hadoop-hdds-container-service-0.5.0-SNAPSHOT.jar!/webapps/static,AVAILABLE}
2019-09-25 11:41:33,838 [main] INFO  handler.ContextHandler (ContextHandler.java:doStart(781)) - Started o.e.j.w.WebAppContext@6e0c6a7a{/,file:///tmp/jetty-0.0.0.0-40030-hddsDatanode-_-any-6332307411267527663.dir/webapp/,AVAILABLE}{/hddsDatanode}
2019-09-25 11:41:33,839 [main] INFO  server.AbstractConnector (AbstractConnector.java:doStart(278)) - Started ServerConnector@467b684d{HTTP/1.1,[http/1.1]}{0.0.0.0:40030}
2019-09-25 11:41:33,840 [main] INFO  server.Server (Server.java:doStart(419)) - Started @5305ms
2019-09-25 11:41:33,841 [main] WARN  impl.MetricsSystemImpl (MetricsSystemImpl.java:register(276)) - Sink prometheus already exists!
2019-09-25 11:41:33,842 [main] INFO  server.BaseHttpServer (BaseHttpServer.java:updateConnectorAddress(215)) - HTTP server of HDDSDATANODE is listening at http://0.0.0.0:40030
2019-09-25 11:41:33,842 [main] INFO  impl.MetricsSystemImpl (MetricsSystemImpl.java:init(158)) - HddsDatanode metrics system started (again)
2019-09-25 11:41:33,846 [main] INFO  ozone.HddsDatanodeService (HddsDatanodeService.java:start(184)) - HddsDatanodeService host:pr-hdds-1569-5gmkr-4255264070 ip:192.168.30.6
2019-09-25 11:41:33,846 [org.apache.hadoop.util.JvmPauseMonitor$Monitor@3e7d12e5] INFO  util.JvmPauseMonitor (JvmPauseMonitor.java:run(188)) - Starting JVM pause monitor
2019-09-25 11:41:33,854 [main] INFO  volume.HddsVolume (HddsVolume.java:<init>(176)) - Creating Volume: /workdir/hadoop-ozone/integration-test/target/test-dir/MiniOzoneClusterImpl-85c44edd-3ede-4f6a-a825-df7bd545a955/datanode-2/data/containers/hdds of  storage type : DISK and capacity : 1482555576320
2019-09-25 11:41:33,856 [main] INFO  volume.VolumeSet (VolumeSet.java:initializeVolumeSet(170)) - Added Volume : /workdir/hadoop-ozone/integration-test/target/test-dir/MiniOzoneClusterImpl-85c44edd-3ede-4f6a-a825-df7bd545a955/datanode-2/data/containers/hdds to VolumeSet
2019-09-25 11:41:33,856 [main] INFO  volume.ThrottledAsyncChecker (ThrottledAsyncChecker.java:schedule(139)) - Scheduling a check for org.apache.hadoop.ozone.container.common.volume.HddsVolume@2e66bc32
2019-09-25 11:41:33,857 [main] INFO  volume.HddsVolumeChecker (HddsVolumeChecker.java:checkAllVolumes(202)) - Scheduled health check for volume org.apache.hadoop.ozone.container.common.volume.HddsVolume@2e66bc32
2019-09-25 11:41:33,871 [main] INFO  impl.RaftServerProxy (ConfUtils.java:logGet(43)) - raft.rpc.type = GRPC (default)
2019-09-25 11:41:33,871 [main] INFO  grpc.GrpcFactory (GrpcFactory.java:checkPooledByteBufAllocatorUseCacheForAllThreads(45)) - PERFORMANCE WARNING: useCacheForAllThreads is true that may cause Netty to create a lot garbage objects and, as a result, trigger GC.
	It is recommended to disable useCacheForAllThreads by setting -Dorg.apache.ratis.thirdparty.io.netty.allocator.useCacheForAllThreads=false in command line.
2019-09-25 11:41:33,872 [main] INFO  grpc.GrpcConfigKeys$Server (ConfUtils.java:logGet(43)) - raft.grpc.server.port = 0 (default)
2019-09-25 11:41:33,872 [main] INFO  server.GrpcService (ConfUtils.java:logGet(43)) - raft.grpc.message.size.max = 33570816 (custom)
2019-09-25 11:41:33,872 [main] INFO  server.RaftServerConfigKeys (ConfUtils.java:logGet(43)) - raft.server.log.appender.buffer.byte-limit = 33554432 (custom)
2019-09-25 11:41:33,872 [main] INFO  server.GrpcService (ConfUtils.java:logGet(43)) - raft.grpc.flow.control.window = 1MB (=1048576) (default)
2019-09-25 11:41:33,873 [main] INFO  server.RaftServerConfigKeys (ConfUtils.java:logGet(43)) - raft.server.rpc.request.timeout = 3000ms (default)
2019-09-25 11:41:33,873 [main] INFO  server.RaftServerConfigKeys (ConfUtils.java:logGet(43)) - raft.server.storage.dir = [/workdir/hadoop-ozone/integration-test/target/test-dir/MiniOzoneClusterImpl-85c44edd-3ede-4f6a-a825-df7bd545a955/datanode-2/data/ratis] (custom)
2019-09-25 11:41:33,875 [main] INFO  hdfs.DFSUtil (DFSUtil.java:httpServerTemplateForNNAndJN(1641)) - Starting Web-server for hddsDatanode at: http://0.0.0.0:0
2019-09-25 11:41:33,876 [main] INFO  server.AuthenticationFilter (AuthenticationFilter.java:constructSecretProvider(240)) - Unable to initialize FileSignerSecretProvider, falling back to use random secrets.
2019-09-25 11:41:33,877 [main] WARN  http.HttpRequestLog (HttpRequestLog.java:getRequestLog(97)) - Jetty request log can only be enabled using Log4j
2019-09-25 11:41:33,879 [main] INFO  http.HttpServer2 (HttpServer2.java:addGlobalFilter(975)) - Added global filter 'safety' (class=org.apache.hadoop.http.HttpServer2$QuotingInputFilter)
2019-09-25 11:41:33,879 [main] INFO  http.HttpServer2 (HttpServer2.java:addFilter(948)) - Added filter static_user_filter (class=org.apache.hadoop.http.lib.StaticUserWebFilter$StaticUserFilter) to context hddsDatanode
2019-09-25 11:41:33,879 [main] INFO  http.HttpServer2 (HttpServer2.java:addFilter(958)) - Added filter static_user_filter (class=org.apache.hadoop.http.lib.StaticUserWebFilter$StaticUserFilter) to context static
2019-09-25 11:41:33,879 [main] INFO  http.HttpServer2 (HttpServer2.java:addFilter(958)) - Added filter static_user_filter (class=org.apache.hadoop.http.lib.StaticUserWebFilter$StaticUserFilter) to context logs
2019-09-25 11:41:33,880 [main] INFO  http.HttpServer2 (HttpServer2.java:bindListener(1191)) - Jetty bound to port 39855
2019-09-25 11:41:33,880 [main] INFO  server.Server (Server.java:doStart(351)) - jetty-9.3.25.v20180904, build timestamp: 2018-09-04T21:11:46Z, git hash: 3ce520221d0240229c862b122d2b06c12a625732
2019-09-25 11:41:33,882 [main] INFO  handler.ContextHandler (ContextHandler.java:doStart(781)) - Started o.e.j.s.ServletContextHandler@b52b755{/logs,file:///workdir/hadoop-ozone/integration-test/target/log,AVAILABLE}
2019-09-25 11:41:33,883 [main] INFO  handler.ContextHandler (ContextHandler.java:doStart(781)) - Started o.e.j.s.ServletContextHandler@40e37b06{/static,jar:file:/home/user/.m2/repository/org/apache/hadoop/hadoop-hdds-container-service/0.5.0-SNAPSHOT/hadoop-hdds-container-service-0.5.0-SNAPSHOT.jar!/webapps/static,AVAILABLE}
2019-09-25 11:41:33,904 [Datanode State Machine Thread - 0] INFO  datanode.InitDatanodeState (InitDatanodeState.java:persistContainerDatanodeDetails(140)) - DatanodeDetails is persisted to /workdir/hadoop-ozone/integration-test/target/test-dir/MiniOzoneClusterImpl-85c44edd-3ede-4f6a-a825-df7bd545a955/datanode-0/meta/datanode.id
2019-09-25 11:41:33,909 [Datanode State Machine Thread - 0] INFO  datanode.InitDatanodeState (InitDatanodeState.java:persistContainerDatanodeDetails(140)) - DatanodeDetails is persisted to /workdir/hadoop-ozone/integration-test/target/test-dir/MiniOzoneClusterImpl-85c44edd-3ede-4f6a-a825-df7bd545a955/datanode-1/meta/datanode.id
2019-09-25 11:41:33,917 [main] INFO  handler.ContextHandler (ContextHandler.java:doStart(781)) - Started o.e.j.w.WebAppContext@36c2b646{/,file:///tmp/jetty-0.0.0.0-39855-hddsDatanode-_-any-7212345838187419070.dir/webapp/,AVAILABLE}{/hddsDatanode}
2019-09-25 11:41:33,917 [main] INFO  server.AbstractConnector (AbstractConnector.java:doStart(278)) - Started ServerConnector@434514d8{HTTP/1.1,[http/1.1]}{0.0.0.0:39855}
2019-09-25 11:41:33,918 [main] INFO  server.Server (Server.java:doStart(419)) - Started @5383ms
2019-09-25 11:41:33,918 [main] WARN  impl.MetricsSystemImpl (MetricsSystemImpl.java:register(276)) - Sink prometheus already exists!
2019-09-25 11:41:33,920 [main] INFO  server.BaseHttpServer (BaseHttpServer.java:updateConnectorAddress(215)) - HTTP server of HDDSDATANODE is listening at http://0.0.0.0:39855
2019-09-25 11:41:33,920 [main] INFO  impl.MetricsSystemImpl (MetricsSystemImpl.java:init(158)) - HddsDatanode metrics system started (again)
2019-09-25 11:41:33,923 [main] INFO  ozone.HddsDatanodeService (HddsDatanodeService.java:start(184)) - HddsDatanodeService host:pr-hdds-1569-5gmkr-4255264070 ip:192.168.30.6
2019-09-25 11:41:33,924 [org.apache.hadoop.util.JvmPauseMonitor$Monitor@612e8c12] INFO  util.JvmPauseMonitor (JvmPauseMonitor.java:run(188)) - Starting JVM pause monitor
2019-09-25 11:41:33,927 [Datanode State Machine Thread - 0] INFO  datanode.InitDatanodeState (InitDatanodeState.java:persistContainerDatanodeDetails(140)) - DatanodeDetails is persisted to /workdir/hadoop-ozone/integration-test/target/test-dir/MiniOzoneClusterImpl-85c44edd-3ede-4f6a-a825-df7bd545a955/datanode-2/meta/datanode.id
2019-09-25 11:41:33,931 [main] INFO  volume.HddsVolume (HddsVolume.java:<init>(176)) - Creating Volume: /workdir/hadoop-ozone/integration-test/target/test-dir/MiniOzoneClusterImpl-85c44edd-3ede-4f6a-a825-df7bd545a955/datanode-3/data/containers/hdds of  storage type : DISK and capacity : 1482555576320
2019-09-25 11:41:33,932 [main] INFO  volume.VolumeSet (VolumeSet.java:initializeVolumeSet(170)) - Added Volume : /workdir/hadoop-ozone/integration-test/target/test-dir/MiniOzoneClusterImpl-85c44edd-3ede-4f6a-a825-df7bd545a955/datanode-3/data/containers/hdds to VolumeSet
2019-09-25 11:41:33,932 [main] INFO  volume.ThrottledAsyncChecker (ThrottledAsyncChecker.java:schedule(139)) - Scheduling a check for org.apache.hadoop.ozone.container.common.volume.HddsVolume@517a2b0
2019-09-25 11:41:33,933 [main] INFO  volume.HddsVolumeChecker (HddsVolumeChecker.java:checkAllVolumes(202)) - Scheduled health check for volume org.apache.hadoop.ozone.container.common.volume.HddsVolume@517a2b0
2019-09-25 11:41:33,946 [main] INFO  impl.RaftServerProxy (ConfUtils.java:logGet(43)) - raft.rpc.type = GRPC (default)
2019-09-25 11:41:33,947 [main] INFO  grpc.GrpcFactory (GrpcFactory.java:checkPooledByteBufAllocatorUseCacheForAllThreads(45)) - PERFORMANCE WARNING: useCacheForAllThreads is true that may cause Netty to create a lot garbage objects and, as a result, trigger GC.
	It is recommended to disable useCacheForAllThreads by setting -Dorg.apache.ratis.thirdparty.io.netty.allocator.useCacheForAllThreads=false in command line.
2019-09-25 11:41:33,947 [main] INFO  grpc.GrpcConfigKeys$Server (ConfUtils.java:logGet(43)) - raft.grpc.server.port = 0 (default)
2019-09-25 11:41:33,947 [main] INFO  server.GrpcService (ConfUtils.java:logGet(43)) - raft.grpc.message.size.max = 33570816 (custom)
2019-09-25 11:41:33,947 [main] INFO  server.RaftServerConfigKeys (ConfUtils.java:logGet(43)) - raft.server.log.appender.buffer.byte-limit = 33554432 (custom)
2019-09-25 11:41:33,948 [main] INFO  server.GrpcService (ConfUtils.java:logGet(43)) - raft.grpc.flow.control.window = 1MB (=1048576) (default)
2019-09-25 11:41:33,948 [main] INFO  server.RaftServerConfigKeys (ConfUtils.java:logGet(43)) - raft.server.rpc.request.timeout = 3000ms (default)
2019-09-25 11:41:33,949 [main] INFO  server.RaftServerConfigKeys (ConfUtils.java:logGet(43)) - raft.server.storage.dir = [/workdir/hadoop-ozone/integration-test/target/test-dir/MiniOzoneClusterImpl-85c44edd-3ede-4f6a-a825-df7bd545a955/datanode-3/data/ratis] (custom)
2019-09-25 11:41:33,950 [main] INFO  hdfs.DFSUtil (DFSUtil.java:httpServerTemplateForNNAndJN(1641)) - Starting Web-server for hddsDatanode at: http://0.0.0.0:0
2019-09-25 11:41:33,952 [main] INFO  server.AuthenticationFilter (AuthenticationFilter.java:constructSecretProvider(240)) - Unable to initialize FileSignerSecretProvider, falling back to use random secrets.
2019-09-25 11:41:33,952 [main] WARN  http.HttpRequestLog (HttpRequestLog.java:getRequestLog(97)) - Jetty request log can only be enabled using Log4j
2019-09-25 11:41:33,953 [main] INFO  http.HttpServer2 (HttpServer2.java:addGlobalFilter(975)) - Added global filter 'safety' (class=org.apache.hadoop.http.HttpServer2$QuotingInputFilter)
2019-09-25 11:41:33,954 [main] INFO  http.HttpServer2 (HttpServer2.java:addFilter(948)) - Added filter static_user_filter (class=org.apache.hadoop.http.lib.StaticUserWebFilter$StaticUserFilter) to context hddsDatanode
2019-09-25 11:41:33,954 [main] INFO  http.HttpServer2 (HttpServer2.java:addFilter(958)) - Added filter static_user_filter (class=org.apache.hadoop.http.lib.StaticUserWebFilter$StaticUserFilter) to context logs
2019-09-25 11:41:33,954 [main] INFO  http.HttpServer2 (HttpServer2.java:addFilter(958)) - Added filter static_user_filter (class=org.apache.hadoop.http.lib.StaticUserWebFilter$StaticUserFilter) to context static
2019-09-25 11:41:33,955 [main] INFO  http.HttpServer2 (HttpServer2.java:bindListener(1191)) - Jetty bound to port 38545
2019-09-25 11:41:33,955 [main] INFO  server.Server (Server.java:doStart(351)) - jetty-9.3.25.v20180904, build timestamp: 2018-09-04T21:11:46Z, git hash: 3ce520221d0240229c862b122d2b06c12a625732
2019-09-25 11:41:33,959 [main] INFO  handler.ContextHandler (ContextHandler.java:doStart(781)) - Started o.e.j.s.ServletContextHandler@3d4e405e{/logs,file:///workdir/hadoop-ozone/integration-test/target/log,AVAILABLE}
2019-09-25 11:41:33,960 [main] INFO  handler.ContextHandler (ContextHandler.java:doStart(781)) - Started o.e.j.s.ServletContextHandler@70972170{/static,jar:file:/home/user/.m2/repository/org/apache/hadoop/hadoop-hdds-container-service/0.5.0-SNAPSHOT/hadoop-hdds-container-service-0.5.0-SNAPSHOT.jar!/webapps/static,AVAILABLE}
2019-09-25 11:41:33,984 [main] INFO  handler.ContextHandler (ContextHandler.java:doStart(781)) - Started o.e.j.w.WebAppContext@176996c3{/,file:///tmp/jetty-0.0.0.0-38545-hddsDatanode-_-any-8001047273812904657.dir/webapp/,AVAILABLE}{/hddsDatanode}
2019-09-25 11:41:33,984 [main] INFO  server.AbstractConnector (AbstractConnector.java:doStart(278)) - Started ServerConnector@411c6d44{HTTP/1.1,[http/1.1]}{0.0.0.0:38545}
2019-09-25 11:41:33,985 [main] INFO  server.Server (Server.java:doStart(419)) - Started @5450ms
2019-09-25 11:41:33,985 [main] WARN  impl.MetricsSystemImpl (MetricsSystemImpl.java:register(276)) - Sink prometheus already exists!
2019-09-25 11:41:33,987 [main] INFO  server.BaseHttpServer (BaseHttpServer.java:updateConnectorAddress(215)) - HTTP server of HDDSDATANODE is listening at http://0.0.0.0:38545
2019-09-25 11:41:33,987 [main] INFO  impl.MetricsSystemImpl (MetricsSystemImpl.java:init(158)) - HddsDatanode metrics system started (again)
2019-09-25 11:41:33,991 [main] INFO  ozone.HddsDatanodeService (HddsDatanodeService.java:start(184)) - HddsDatanodeService host:pr-hdds-1569-5gmkr-4255264070 ip:192.168.30.6
2019-09-25 11:41:33,991 [org.apache.hadoop.util.JvmPauseMonitor$Monitor@5d2b3fab] INFO  util.JvmPauseMonitor (JvmPauseMonitor.java:run(188)) - Starting JVM pause monitor
2019-09-25 11:41:33,995 [Datanode State Machine Thread - 0] INFO  datanode.InitDatanodeState (InitDatanodeState.java:persistContainerDatanodeDetails(140)) - DatanodeDetails is persisted to /workdir/hadoop-ozone/integration-test/target/test-dir/MiniOzoneClusterImpl-85c44edd-3ede-4f6a-a825-df7bd545a955/datanode-3/meta/datanode.id
2019-09-25 11:41:34,000 [main] INFO  volume.HddsVolume (HddsVolume.java:<init>(176)) - Creating Volume: /workdir/hadoop-ozone/integration-test/target/test-dir/MiniOzoneClusterImpl-85c44edd-3ede-4f6a-a825-df7bd545a955/datanode-4/data/containers/hdds of  storage type : DISK and capacity : 1482555576320
2019-09-25 11:41:34,000 [main] INFO  volume.VolumeSet (VolumeSet.java:initializeVolumeSet(170)) - Added Volume : /workdir/hadoop-ozone/integration-test/target/test-dir/MiniOzoneClusterImpl-85c44edd-3ede-4f6a-a825-df7bd545a955/datanode-4/data/containers/hdds to VolumeSet
2019-09-25 11:41:34,000 [main] INFO  volume.ThrottledAsyncChecker (ThrottledAsyncChecker.java:schedule(139)) - Scheduling a check for org.apache.hadoop.ozone.container.common.volume.HddsVolume@6c0e13b7
2019-09-25 11:41:34,001 [main] INFO  volume.HddsVolumeChecker (HddsVolumeChecker.java:checkAllVolumes(202)) - Scheduled health check for volume org.apache.hadoop.ozone.container.common.volume.HddsVolume@6c0e13b7
2019-09-25 11:41:34,013 [main] INFO  impl.RaftServerProxy (ConfUtils.java:logGet(43)) - raft.rpc.type = GRPC (default)
2019-09-25 11:41:34,014 [main] INFO  grpc.GrpcFactory (GrpcFactory.java:checkPooledByteBufAllocatorUseCacheForAllThreads(45)) - PERFORMANCE WARNING: useCacheForAllThreads is true that may cause Netty to create a lot garbage objects and, as a result, trigger GC.
	It is recommended to disable useCacheForAllThreads by setting -Dorg.apache.ratis.thirdparty.io.netty.allocator.useCacheForAllThreads=false in command line.
2019-09-25 11:41:34,014 [main] INFO  grpc.GrpcConfigKeys$Server (ConfUtils.java:logGet(43)) - raft.grpc.server.port = 0 (default)
2019-09-25 11:41:34,014 [main] INFO  server.GrpcService (ConfUtils.java:logGet(43)) - raft.grpc.message.size.max = 33570816 (custom)
2019-09-25 11:41:34,014 [main] INFO  server.RaftServerConfigKeys (ConfUtils.java:logGet(43)) - raft.server.log.appender.buffer.byte-limit = 33554432 (custom)
2019-09-25 11:41:34,015 [main] INFO  server.GrpcService (ConfUtils.java:logGet(43)) - raft.grpc.flow.control.window = 1MB (=1048576) (default)
2019-09-25 11:41:34,015 [main] INFO  server.RaftServerConfigKeys (ConfUtils.java:logGet(43)) - raft.server.rpc.request.timeout = 3000ms (default)
2019-09-25 11:41:34,015 [main] INFO  server.RaftServerConfigKeys (ConfUtils.java:logGet(43)) - raft.server.storage.dir = [/workdir/hadoop-ozone/integration-test/target/test-dir/MiniOzoneClusterImpl-85c44edd-3ede-4f6a-a825-df7bd545a955/datanode-4/data/ratis] (custom)
2019-09-25 11:41:34,017 [main] INFO  hdfs.DFSUtil (DFSUtil.java:httpServerTemplateForNNAndJN(1641)) - Starting Web-server for hddsDatanode at: http://0.0.0.0:0
2019-09-25 11:41:34,018 [main] INFO  server.AuthenticationFilter (AuthenticationFilter.java:constructSecretProvider(240)) - Unable to initialize FileSignerSecretProvider, falling back to use random secrets.
2019-09-25 11:41:34,019 [main] WARN  http.HttpRequestLog (HttpRequestLog.java:getRequestLog(97)) - Jetty request log can only be enabled using Log4j
2019-09-25 11:41:34,020 [main] INFO  http.HttpServer2 (HttpServer2.java:addGlobalFilter(975)) - Added global filter 'safety' (class=org.apache.hadoop.http.HttpServer2$QuotingInputFilter)
2019-09-25 11:41:34,020 [main] INFO  http.HttpServer2 (HttpServer2.java:addFilter(948)) - Added filter static_user_filter (class=org.apache.hadoop.http.lib.StaticUserWebFilter$StaticUserFilter) to context hddsDatanode
2019-09-25 11:41:34,021 [main] INFO  http.HttpServer2 (HttpServer2.java:addFilter(958)) - Added filter static_user_filter (class=org.apache.hadoop.http.lib.StaticUserWebFilter$StaticUserFilter) to context static
2019-09-25 11:41:34,021 [main] INFO  http.HttpServer2 (HttpServer2.java:addFilter(958)) - Added filter static_user_filter (class=org.apache.hadoop.http.lib.StaticUserWebFilter$StaticUserFilter) to context logs
2019-09-25 11:41:34,022 [main] INFO  http.HttpServer2 (HttpServer2.java:bindListener(1191)) - Jetty bound to port 38912
2019-09-25 11:41:34,022 [main] INFO  server.Server (Server.java:doStart(351)) - jetty-9.3.25.v20180904, build timestamp: 2018-09-04T21:11:46Z, git hash: 3ce520221d0240229c862b122d2b06c12a625732
2019-09-25 11:41:34,024 [main] INFO  handler.ContextHandler (ContextHandler.java:doStart(781)) - Started o.e.j.s.ServletContextHandler@c755b2{/logs,file:///workdir/hadoop-ozone/integration-test/target/log,AVAILABLE}
2019-09-25 11:41:34,024 [main] INFO  handler.ContextHandler (ContextHandler.java:doStart(781)) - Started o.e.j.s.ServletContextHandler@250a500b{/static,jar:file:/home/user/.m2/repository/org/apache/hadoop/hadoop-hdds-container-service/0.5.0-SNAPSHOT/hadoop-hdds-container-service-0.5.0-SNAPSHOT.jar!/webapps/static,AVAILABLE}
2019-09-25 11:41:34,062 [main] INFO  handler.ContextHandler (ContextHandler.java:doStart(781)) - Started o.e.j.w.WebAppContext@6ad16c5d{/,file:///tmp/jetty-0.0.0.0-38912-hddsDatanode-_-any-6103377870561789516.dir/webapp/,AVAILABLE}{/hddsDatanode}
2019-09-25 11:41:34,064 [main] INFO  server.AbstractConnector (AbstractConnector.java:doStart(278)) - Started ServerConnector@74ea46e2{HTTP/1.1,[http/1.1]}{0.0.0.0:38912}
2019-09-25 11:41:34,064 [main] INFO  server.Server (Server.java:doStart(419)) - Started @5529ms
2019-09-25 11:41:34,068 [main] WARN  impl.MetricsSystemImpl (MetricsSystemImpl.java:register(276)) - Sink prometheus already exists!
2019-09-25 11:41:34,068 [main] INFO  server.BaseHttpServer (BaseHttpServer.java:updateConnectorAddress(215)) - HTTP server of HDDSDATANODE is listening at http://0.0.0.0:38912
2019-09-25 11:41:34,069 [main] INFO  impl.MetricsSystemImpl (MetricsSystemImpl.java:init(158)) - HddsDatanode metrics system started (again)
2019-09-25 11:41:34,073 [main] INFO  ozone.HddsDatanodeService (HddsDatanodeService.java:start(184)) - HddsDatanodeService host:pr-hdds-1569-5gmkr-4255264070 ip:192.168.30.6
2019-09-25 11:41:34,073 [org.apache.hadoop.util.JvmPauseMonitor$Monitor@785f55df] INFO  util.JvmPauseMonitor (JvmPauseMonitor.java:run(188)) - Starting JVM pause monitor
2019-09-25 11:41:34,081 [main] INFO  volume.HddsVolume (HddsVolume.java:<init>(176)) - Creating Volume: /workdir/hadoop-ozone/integration-test/target/test-dir/MiniOzoneClusterImpl-85c44edd-3ede-4f6a-a825-df7bd545a955/datanode-5/data/containers/hdds of  storage type : DISK and capacity : 1482555576320
2019-09-25 11:41:34,082 [main] INFO  volume.VolumeSet (VolumeSet.java:initializeVolumeSet(170)) - Added Volume : /workdir/hadoop-ozone/integration-test/target/test-dir/MiniOzoneClusterImpl-85c44edd-3ede-4f6a-a825-df7bd545a955/datanode-5/data/containers/hdds to VolumeSet
2019-09-25 11:41:34,082 [main] INFO  volume.ThrottledAsyncChecker (ThrottledAsyncChecker.java:schedule(139)) - Scheduling a check for org.apache.hadoop.ozone.container.common.volume.HddsVolume@ccf91df
2019-09-25 11:41:34,083 [main] INFO  volume.HddsVolumeChecker (HddsVolumeChecker.java:checkAllVolumes(202)) - Scheduled health check for volume org.apache.hadoop.ozone.container.common.volume.HddsVolume@ccf91df
2019-09-25 11:41:34,084 [Datanode State Machine Thread - 0] INFO  datanode.InitDatanodeState (InitDatanodeState.java:persistContainerDatanodeDetails(140)) - DatanodeDetails is persisted to /workdir/hadoop-ozone/integration-test/target/test-dir/MiniOzoneClusterImpl-85c44edd-3ede-4f6a-a825-df7bd545a955/datanode-4/meta/datanode.id
2019-09-25 11:41:34,098 [main] INFO  impl.RaftServerProxy (ConfUtils.java:logGet(43)) - raft.rpc.type = GRPC (default)
2019-09-25 11:41:34,098 [main] INFO  grpc.GrpcFactory (GrpcFactory.java:checkPooledByteBufAllocatorUseCacheForAllThreads(45)) - PERFORMANCE WARNING: useCacheForAllThreads is true that may cause Netty to create a lot garbage objects and, as a result, trigger GC.
	It is recommended to disable useCacheForAllThreads by setting -Dorg.apache.ratis.thirdparty.io.netty.allocator.useCacheForAllThreads=false in command line.
2019-09-25 11:41:34,098 [main] INFO  grpc.GrpcConfigKeys$Server (ConfUtils.java:logGet(43)) - raft.grpc.server.port = 0 (default)
2019-09-25 11:41:34,098 [main] INFO  server.GrpcService (ConfUtils.java:logGet(43)) - raft.grpc.message.size.max = 33570816 (custom)
2019-09-25 11:41:34,099 [main] INFO  server.RaftServerConfigKeys (ConfUtils.java:logGet(43)) - raft.server.log.appender.buffer.byte-limit = 33554432 (custom)
2019-09-25 11:41:34,099 [main] INFO  server.GrpcService (ConfUtils.java:logGet(43)) - raft.grpc.flow.control.window = 1MB (=1048576) (default)
2019-09-25 11:41:34,099 [main] INFO  server.RaftServerConfigKeys (ConfUtils.java:logGet(43)) - raft.server.rpc.request.timeout = 3000ms (default)
2019-09-25 11:41:34,099 [main] INFO  server.RaftServerConfigKeys (ConfUtils.java:logGet(43)) - raft.server.storage.dir = [/workdir/hadoop-ozone/integration-test/target/test-dir/MiniOzoneClusterImpl-85c44edd-3ede-4f6a-a825-df7bd545a955/datanode-5/data/ratis] (custom)
2019-09-25 11:41:34,101 [main] INFO  hdfs.DFSUtil (DFSUtil.java:httpServerTemplateForNNAndJN(1641)) - Starting Web-server for hddsDatanode at: http://0.0.0.0:0
2019-09-25 11:41:34,102 [main] INFO  server.AuthenticationFilter (AuthenticationFilter.java:constructSecretProvider(240)) - Unable to initialize FileSignerSecretProvider, falling back to use random secrets.
2019-09-25 11:41:34,103 [main] WARN  http.HttpRequestLog (HttpRequestLog.java:getRequestLog(97)) - Jetty request log can only be enabled using Log4j
2019-09-25 11:41:34,104 [main] INFO  http.HttpServer2 (HttpServer2.java:addGlobalFilter(975)) - Added global filter 'safety' (class=org.apache.hadoop.http.HttpServer2$QuotingInputFilter)
2019-09-25 11:41:34,104 [main] INFO  http.HttpServer2 (HttpServer2.java:addFilter(948)) - Added filter static_user_filter (class=org.apache.hadoop.http.lib.StaticUserWebFilter$StaticUserFilter) to context hddsDatanode
2019-09-25 11:41:34,104 [main] INFO  http.HttpServer2 (HttpServer2.java:addFilter(958)) - Added filter static_user_filter (class=org.apache.hadoop.http.lib.StaticUserWebFilter$StaticUserFilter) to context static
2019-09-25 11:41:34,105 [main] INFO  http.HttpServer2 (HttpServer2.java:addFilter(958)) - Added filter static_user_filter (class=org.apache.hadoop.http.lib.StaticUserWebFilter$StaticUserFilter) to context logs
2019-09-25 11:41:34,105 [main] INFO  http.HttpServer2 (HttpServer2.java:bindListener(1191)) - Jetty bound to port 38062
2019-09-25 11:41:34,105 [main] INFO  server.Server (Server.java:doStart(351)) - jetty-9.3.25.v20180904, build timestamp: 2018-09-04T21:11:46Z, git hash: 3ce520221d0240229c862b122d2b06c12a625732
2019-09-25 11:41:34,107 [main] INFO  handler.ContextHandler (ContextHandler.java:doStart(781)) - Started o.e.j.s.ServletContextHandler@77bb48d5{/logs,file:///workdir/hadoop-ozone/integration-test/target/log,AVAILABLE}
2019-09-25 11:41:34,108 [main] INFO  handler.ContextHandler (ContextHandler.java:doStart(781)) - Started o.e.j.s.ServletContextHandler@12d5c30e{/static,jar:file:/home/user/.m2/repository/org/apache/hadoop/hadoop-hdds-container-service/0.5.0-SNAPSHOT/hadoop-hdds-container-service-0.5.0-SNAPSHOT.jar!/webapps/static,AVAILABLE}
2019-09-25 11:41:34,133 [main] INFO  handler.ContextHandler (ContextHandler.java:doStart(781)) - Started o.e.j.w.WebAppContext@46a145ba{/,file:///tmp/jetty-0.0.0.0-38062-hddsDatanode-_-any-2818247143604378441.dir/webapp/,AVAILABLE}{/hddsDatanode}
2019-09-25 11:41:34,134 [main] INFO  server.AbstractConnector (AbstractConnector.java:doStart(278)) - Started ServerConnector@7ab34619{HTTP/1.1,[http/1.1]}{0.0.0.0:38062}
2019-09-25 11:41:34,135 [main] INFO  server.Server (Server.java:doStart(419)) - Started @5600ms
2019-09-25 11:41:34,135 [main] WARN  impl.MetricsSystemImpl (MetricsSystemImpl.java:register(276)) - Sink prometheus already exists!
2019-09-25 11:41:34,136 [main] INFO  server.BaseHttpServer (BaseHttpServer.java:updateConnectorAddress(215)) - HTTP server of HDDSDATANODE is listening at http://0.0.0.0:38062
2019-09-25 11:41:34,138 [main] INFO  ozone.MiniOzoneClusterImpl (MiniOzoneClusterImpl.java:lambda$waitForClusterToBeReady$0(147)) - Waiting for cluster to be ready. Got 0 of 6 DN Heartbeats.
2019-09-25 11:41:34,139 [org.apache.hadoop.util.JvmPauseMonitor$Monitor@223966ff] INFO  util.JvmPauseMonitor (JvmPauseMonitor.java:run(188)) - Starting JVM pause monitor
2019-09-25 11:41:34,143 [Datanode State Machine Thread - 0] INFO  datanode.InitDatanodeState (InitDatanodeState.java:persistContainerDatanodeDetails(140)) - DatanodeDetails is persisted to /workdir/hadoop-ozone/integration-test/target/test-dir/MiniOzoneClusterImpl-85c44edd-3ede-4f6a-a825-df7bd545a955/datanode-5/meta/datanode.id
2019-09-25 11:41:35,139 [main] INFO  ozone.MiniOzoneClusterImpl (MiniOzoneClusterImpl.java:lambda$waitForClusterToBeReady$0(147)) - Waiting for cluster to be ready. Got 0 of 6 DN Heartbeats.
2019-09-25 11:41:35,823 [Datanode State Machine Thread - 0] INFO  ozoneimpl.OzoneContainer (OzoneContainer.java:start(217)) - Attempting to start container services.
2019-09-25 11:41:35,827 [Datanode State Machine Thread - 0] INFO  ozoneimpl.OzoneContainer (OzoneContainer.java:startContainerScrub(179)) - Background container scanner has been disabled.
2019-09-25 11:41:35,827 [Datanode State Machine Thread - 0] INFO  ratis.XceiverServerRatis (XceiverServerRatis.java:start(411)) - Starting XceiverServerRatis 19e67e26-3d21-4d01-be9f-29113a4a814c at port 0
2019-09-25 11:41:35,858 [Datanode State Machine Thread - 0] INFO  impl.RaftServerProxy (RaftServerProxy.java:lambda$start$3(299)) - 19e67e26-3d21-4d01-be9f-29113a4a814c: start RPC server
2019-09-25 11:41:35,870 [Datanode State Machine Thread - 0] INFO  ozoneimpl.OzoneContainer (OzoneContainer.java:start(217)) - Attempting to start container services.
2019-09-25 11:41:35,877 [Datanode State Machine Thread - 0] INFO  ozoneimpl.OzoneContainer (OzoneContainer.java:startContainerScrub(179)) - Background container scanner has been disabled.
2019-09-25 11:41:35,877 [Datanode State Machine Thread - 0] INFO  ratis.XceiverServerRatis (XceiverServerRatis.java:start(411)) - Starting XceiverServerRatis b7064b77-9271-4e94-8225-85d895886efb at port 0
2019-09-25 11:41:35,887 [Datanode State Machine Thread - 0] INFO  impl.RaftServerProxy (RaftServerProxy.java:lambda$start$3(299)) - b7064b77-9271-4e94-8225-85d895886efb: start RPC server
2019-09-25 11:41:35,941 [Datanode State Machine Thread - 0] INFO  ozoneimpl.OzoneContainer (OzoneContainer.java:start(217)) - Attempting to start container services.
2019-09-25 11:41:35,944 [Datanode State Machine Thread - 0] INFO  ozoneimpl.OzoneContainer (OzoneContainer.java:startContainerScrub(179)) - Background container scanner has been disabled.
2019-09-25 11:41:35,945 [Datanode State Machine Thread - 0] INFO  ratis.XceiverServerRatis (XceiverServerRatis.java:start(411)) - Starting XceiverServerRatis d0888866-0bad-4f41-ad37-dccd4a57b958 at port 0
2019-09-25 11:41:35,953 [Datanode State Machine Thread - 0] INFO  impl.RaftServerProxy (RaftServerProxy.java:lambda$start$3(299)) - d0888866-0bad-4f41-ad37-dccd4a57b958: start RPC server
2019-09-25 11:41:36,010 [Datanode State Machine Thread - 0] INFO  ozoneimpl.OzoneContainer (OzoneContainer.java:start(217)) - Attempting to start container services.
2019-09-25 11:41:36,017 [Datanode State Machine Thread - 0] INFO  ozoneimpl.OzoneContainer (OzoneContainer.java:startContainerScrub(179)) - Background container scanner has been disabled.
2019-09-25 11:41:36,017 [Datanode State Machine Thread - 0] INFO  ratis.XceiverServerRatis (XceiverServerRatis.java:start(411)) - Starting XceiverServerRatis 8c24ed06-386e-4085-8931-93c762a64530 at port 0
2019-09-25 11:41:36,023 [Datanode State Machine Thread - 0] INFO  server.GrpcService (GrpcService.java:startImpl(158)) - 19e67e26-3d21-4d01-be9f-29113a4a814c: GrpcService started, listening on 0.0.0.0/0.0.0.0:34535
2019-09-25 11:41:36,023 [Datanode State Machine Thread - 0] INFO  server.GrpcService (GrpcService.java:startImpl(158)) - b7064b77-9271-4e94-8225-85d895886efb: GrpcService started, listening on 0.0.0.0/0.0.0.0:41519
2019-09-25 11:41:36,024 [Datanode State Machine Thread - 0] INFO  ratis.XceiverServerRatis (XceiverServerRatis.java:start(421)) - XceiverServerRatis 19e67e26-3d21-4d01-be9f-29113a4a814c is started using port 34535
2019-09-25 11:41:36,023 [Datanode State Machine Thread - 0] INFO  server.GrpcService (GrpcService.java:startImpl(158)) - d0888866-0bad-4f41-ad37-dccd4a57b958: GrpcService started, listening on 0.0.0.0/0.0.0.0:45405
2019-09-25 11:41:36,025 [Datanode State Machine Thread - 0] INFO  ratis.XceiverServerRatis (XceiverServerRatis.java:start(421)) - XceiverServerRatis b7064b77-9271-4e94-8225-85d895886efb is started using port 41519
2019-09-25 11:41:36,025 [Datanode State Machine Thread - 0] INFO  ratis.XceiverServerRatis (XceiverServerRatis.java:start(421)) - XceiverServerRatis d0888866-0bad-4f41-ad37-dccd4a57b958 is started using port 45405
2019-09-25 11:41:36,030 [Datanode State Machine Thread - 0] INFO  impl.RaftServerProxy (RaftServerProxy.java:lambda$start$3(299)) - 8c24ed06-386e-4085-8931-93c762a64530: start RPC server
2019-09-25 11:41:36,035 [Datanode State Machine Thread - 0] INFO  server.XceiverServerGrpc (XceiverServerGrpc.java:start(149)) - XceiverServerGrpc 19e67e26-3d21-4d01-be9f-29113a4a814c is started using port 40783
2019-09-25 11:41:36,035 [Datanode State Machine Thread - 0] INFO  server.XceiverServerGrpc (XceiverServerGrpc.java:start(149)) - XceiverServerGrpc b7064b77-9271-4e94-8225-85d895886efb is started using port 45065
2019-09-25 11:41:36,036 [Datanode State Machine Thread - 0] INFO  server.GrpcService (GrpcService.java:startImpl(158)) - 8c24ed06-386e-4085-8931-93c762a64530: GrpcService started, listening on 0.0.0.0/0.0.0.0:32862
2019-09-25 11:41:36,036 [Datanode State Machine Thread - 0] INFO  server.XceiverServerGrpc (XceiverServerGrpc.java:start(149)) - XceiverServerGrpc d0888866-0bad-4f41-ad37-dccd4a57b958 is started using port 46321
2019-09-25 11:41:36,037 [Datanode State Machine Thread - 0] INFO  ratis.XceiverServerRatis (XceiverServerRatis.java:start(421)) - XceiverServerRatis 8c24ed06-386e-4085-8931-93c762a64530 is started using port 32862
2019-09-25 11:41:36,039 [Datanode State Machine Thread - 0] INFO  server.XceiverServerGrpc (XceiverServerGrpc.java:start(149)) - XceiverServerGrpc 8c24ed06-386e-4085-8931-93c762a64530 is started using port 36603
2019-09-25 11:41:36,090 [Datanode State Machine Thread - 0] INFO  ozoneimpl.OzoneContainer (OzoneContainer.java:start(217)) - Attempting to start container services.
2019-09-25 11:41:36,090 [Datanode State Machine Thread - 0] INFO  ozoneimpl.OzoneContainer (OzoneContainer.java:startContainerScrub(179)) - Background container scanner has been disabled.
2019-09-25 11:41:36,090 [Datanode State Machine Thread - 0] INFO  ratis.XceiverServerRatis (XceiverServerRatis.java:start(411)) - Starting XceiverServerRatis e081c0a5-acfc-4a29-8262-ee158adf5b11 at port 0
2019-09-25 11:41:36,098 [Datanode State Machine Thread - 0] INFO  impl.RaftServerProxy (RaftServerProxy.java:lambda$start$3(299)) - e081c0a5-acfc-4a29-8262-ee158adf5b11: start RPC server
2019-09-25 11:41:36,102 [Datanode State Machine Thread - 0] INFO  server.GrpcService (GrpcService.java:startImpl(158)) - e081c0a5-acfc-4a29-8262-ee158adf5b11: GrpcService started, listening on 0.0.0.0/0.0.0.0:37941
2019-09-25 11:41:36,102 [Datanode State Machine Thread - 0] INFO  ratis.XceiverServerRatis (XceiverServerRatis.java:start(421)) - XceiverServerRatis e081c0a5-acfc-4a29-8262-ee158adf5b11 is started using port 37941
2019-09-25 11:41:36,105 [Datanode State Machine Thread - 0] INFO  server.XceiverServerGrpc (XceiverServerGrpc.java:start(149)) - XceiverServerGrpc e081c0a5-acfc-4a29-8262-ee158adf5b11 is started using port 46015
2019-09-25 11:41:36,140 [main] INFO  ozone.MiniOzoneClusterImpl (MiniOzoneClusterImpl.java:lambda$waitForClusterToBeReady$0(147)) - Waiting for cluster to be ready. Got 0 of 6 DN Heartbeats.
2019-09-25 11:41:36,157 [Datanode State Machine Thread - 0] INFO  ozoneimpl.OzoneContainer (OzoneContainer.java:start(217)) - Attempting to start container services.
2019-09-25 11:41:36,157 [Datanode State Machine Thread - 0] INFO  ozoneimpl.OzoneContainer (OzoneContainer.java:startContainerScrub(179)) - Background container scanner has been disabled.
2019-09-25 11:41:36,157 [Datanode State Machine Thread - 0] INFO  ratis.XceiverServerRatis (XceiverServerRatis.java:start(411)) - Starting XceiverServerRatis a7d59ef6-3eca-4628-b097-12d983444e7f at port 0
2019-09-25 11:41:36,164 [Datanode State Machine Thread - 0] INFO  impl.RaftServerProxy (RaftServerProxy.java:lambda$start$3(299)) - a7d59ef6-3eca-4628-b097-12d983444e7f: start RPC server
2019-09-25 11:41:36,169 [Datanode State Machine Thread - 0] INFO  server.GrpcService (GrpcService.java:startImpl(158)) - a7d59ef6-3eca-4628-b097-12d983444e7f: GrpcService started, listening on 0.0.0.0/0.0.0.0:43486
2019-09-25 11:41:36,169 [Datanode State Machine Thread - 0] INFO  ratis.XceiverServerRatis (XceiverServerRatis.java:start(421)) - XceiverServerRatis a7d59ef6-3eca-4628-b097-12d983444e7f is started using port 43486
2019-09-25 11:41:36,172 [Datanode State Machine Thread - 0] INFO  server.XceiverServerGrpc (XceiverServerGrpc.java:start(149)) - XceiverServerGrpc a7d59ef6-3eca-4628-b097-12d983444e7f is started using port 33331
2019-09-25 11:41:37,142 [main] INFO  ozone.MiniOzoneClusterImpl (MiniOzoneClusterImpl.java:lambda$waitForClusterToBeReady$0(147)) - Waiting for cluster to be ready. Got 0 of 6 DN Heartbeats.
2019-09-25 11:41:37,804 [IPC Server handler 0 on 40029] INFO  net.NetworkTopology (NetworkTopologyImpl.java:add(111)) - Added a new node: /default-rack/19e67e26-3d21-4d01-be9f-29113a4a814c
2019-09-25 11:41:37,805 [IPC Server handler 0 on 40029] INFO  node.SCMNodeManager (SCMNodeManager.java:register(266)) - Registered Data node : 19e67e26-3d21-4d01-be9f-29113a4a814c{ip: 192.168.30.6, host: pr-hdds-1569-5gmkr-4255264070, networkLocation: /default-rack, certSerialId: null}
2019-09-25 11:41:37,810 [EventQueue-NodeRegistrationContainerReportForDataNodeSafeModeRule] INFO  safemode.SCMSafeModeManager (DataNodeSafeModeRule.java:process(71)) - SCM in safe mode. 1 DataNodes registered, 1 required.
2019-09-25 11:41:37,811 [EventQueue-ProcessedPipelineReportForOneReplicaPipelineSafeModeRule] INFO  safemode.SCMSafeModeManager (SCMSafeModeManager.java:validateSafeModeExitRules(177)) - ScmSafeModeManager, all rules are successfully validated
2019-09-25 11:41:37,811 [EventQueue-ProcessedPipelineReportForOneReplicaPipelineSafeModeRule] INFO  safemode.SCMSafeModeManager (SCMSafeModeManager.java:exitSafeMode(193)) - SCM exiting safe mode.
2019-09-25 11:41:37,853 [IPC Server handler 4 on 40029] INFO  net.NetworkTopology (NetworkTopologyImpl.java:add(111)) - Added a new node: /default-rack/b7064b77-9271-4e94-8225-85d895886efb
2019-09-25 11:41:37,853 [IPC Server handler 4 on 40029] INFO  node.SCMNodeManager (SCMNodeManager.java:register(266)) - Registered Data node : b7064b77-9271-4e94-8225-85d895886efb{ip: 192.168.30.6, host: pr-hdds-1569-5gmkr-4255264070, networkLocation: /default-rack, certSerialId: null}
2019-09-25 11:41:37,928 [IPC Server handler 2 on 40029] INFO  net.NetworkTopology (NetworkTopologyImpl.java:add(111)) - Added a new node: /default-rack/d0888866-0bad-4f41-ad37-dccd4a57b958
2019-09-25 11:41:37,928 [IPC Server handler 2 on 40029] INFO  node.SCMNodeManager (SCMNodeManager.java:register(266)) - Registered Data node : d0888866-0bad-4f41-ad37-dccd4a57b958{ip: 192.168.30.6, host: pr-hdds-1569-5gmkr-4255264070, networkLocation: /default-rack, certSerialId: null}
2019-09-25 11:41:37,996 [IPC Server handler 7 on 40029] INFO  net.NetworkTopology (NetworkTopologyImpl.java:add(111)) - Added a new node: /default-rack/8c24ed06-386e-4085-8931-93c762a64530
2019-09-25 11:41:37,997 [IPC Server handler 7 on 40029] INFO  node.SCMNodeManager (SCMNodeManager.java:register(266)) - Registered Data node : 8c24ed06-386e-4085-8931-93c762a64530{ip: 192.168.30.6, host: pr-hdds-1569-5gmkr-4255264070, networkLocation: /default-rack, certSerialId: null}
2019-09-25 11:41:38,077 [IPC Server handler 1 on 40029] INFO  net.NetworkTopology (NetworkTopologyImpl.java:add(111)) - Added a new node: /default-rack/e081c0a5-acfc-4a29-8262-ee158adf5b11
2019-09-25 11:41:38,077 [IPC Server handler 1 on 40029] INFO  node.SCMNodeManager (SCMNodeManager.java:register(266)) - Registered Data node : e081c0a5-acfc-4a29-8262-ee158adf5b11{ip: 192.168.30.6, host: pr-hdds-1569-5gmkr-4255264070, networkLocation: /default-rack, certSerialId: null}
2019-09-25 11:41:38,143 [main] INFO  ozone.MiniOzoneClusterImpl (MiniOzoneClusterImpl.java:lambda$waitForClusterToBeReady$0(147)) - Waiting for cluster to be ready. Got 5 of 6 DN Heartbeats.
2019-09-25 11:41:38,143 [IPC Server handler 5 on 40029] INFO  net.NetworkTopology (NetworkTopologyImpl.java:add(111)) - Added a new node: /default-rack/a7d59ef6-3eca-4628-b097-12d983444e7f
2019-09-25 11:41:38,144 [IPC Server handler 5 on 40029] INFO  node.SCMNodeManager (SCMNodeManager.java:register(266)) - Registered Data node : a7d59ef6-3eca-4628-b097-12d983444e7f{ip: 192.168.30.6, host: pr-hdds-1569-5gmkr-4255264070, networkLocation: /default-rack, certSerialId: null}
2019-09-25 11:41:38,337 [grpc-default-executor-0] INFO  impl.RaftServerProxy (RaftServerProxy.java:addNew(89)) - 19e67e26-3d21-4d01-be9f-29113a4a814c: addNew group-25E28834D101:[19e67e26-3d21-4d01-be9f-29113a4a814c:192.168.30.6:34535] returns group-25E28834D101:java.util.concurrent.CompletableFuture@3df5f387[Not completed]
2019-09-25 11:41:38,359 [pool-27-thread-1] INFO  impl.RaftServerImpl (RaftServerImpl.java:<init>(95)) - 19e67e26-3d21-4d01-be9f-29113a4a814c: new RaftServerImpl for group-25E28834D101:[19e67e26-3d21-4d01-be9f-29113a4a814c:192.168.30.6:34535] with ContainerStateMachine:uninitialized
2019-09-25 11:41:38,361 [pool-27-thread-1] INFO  server.RaftServerConfigKeys (ConfUtils.java:logGet(43)) - raft.server.rpc.timeout.min = 5s (custom)
2019-09-25 11:41:38,363 [pool-27-thread-1] INFO  server.RaftServerConfigKeys (ConfUtils.java:logGet(43)) - raft.server.rpc.timeout.max = 5200ms (custom)
2019-09-25 11:41:38,363 [pool-27-thread-1] INFO  server.RaftServerConfigKeys (ConfUtils.java:logGet(43)) - raft.server.rpcslowness.timeout = 120s (custom)
2019-09-25 11:41:38,364 [pool-27-thread-1] INFO  server.RaftServerConfigKeys (ConfUtils.java:logGet(43)) - raft.server.sleep.deviation.threshold = 300 (default)
2019-09-25 11:41:38,365 [pool-27-thread-1] INFO  server.RaftServerConfigKeys (ConfUtils.java:logGet(43)) - raft.server.log.appender.install.snapshot.enabled = false (custom)
2019-09-25 11:41:38,375 [pool-27-thread-1] INFO  impl.RaftServerImpl (ServerState.java:<init>(103)) - 19e67e26-3d21-4d01-be9f-29113a4a814c@group-25E28834D101: ConfigurationManager, init=-1: [19e67e26-3d21-4d01-be9f-29113a4a814c:192.168.30.6:34535], old=null, confs=<EMPTY_MAP>
2019-09-25 11:41:38,375 [pool-27-thread-1] INFO  server.RaftServerConfigKeys (ConfUtils.java:logGet(43)) - raft.server.storage.dir = [/workdir/hadoop-ozone/integration-test/target/test-dir/MiniOzoneClusterImpl-85c44edd-3ede-4f6a-a825-df7bd545a955/datanode-0/data/ratis] (custom)
2019-09-25 11:41:38,384 [pool-27-thread-1] INFO  storage.RaftStorageDirectory (RaftStorageDirectory.java:analyzeStorage(246)) - The storage directory /workdir/hadoop-ozone/integration-test/target/test-dir/MiniOzoneClusterImpl-85c44edd-3ede-4f6a-a825-df7bd545a955/datanode-0/data/ratis/11d193ee-fec7-4362-8ee6-25e28834d101 does not exist. Creating ...
2019-09-25 11:41:39,143 [main] INFO  ozone.MiniOzoneClusterImpl (MiniOzoneClusterImpl.java:lambda$waitForClusterToBeReady$0(147)) - Cluster is ready. Got 6 of 6 DN Heartbeats.
2019-09-25 11:41:39,560 [pool-27-thread-1] INFO  storage.RaftStorageDirectory (RaftStorageDirectory.java:tryLock(328)) - Lock on /workdir/hadoop-ozone/integration-test/target/test-dir/MiniOzoneClusterImpl-85c44edd-3ede-4f6a-a825-df7bd545a955/datanode-0/data/ratis/11d193ee-fec7-4362-8ee6-25e28834d101/in_use.lock acquired by nodename 6054@pr-hdds-1569-5gmkr-4255264070
2019-09-25 11:41:40,817 [Thread-225] INFO  container.ReplicationManager (ReplicationManager.java:start(163)) - Starting Replication Monitor Thread.
2019-09-25 11:41:40,819 [ReplicationMonitor] INFO  container.ReplicationManager (ReplicationManager.java:run(226)) - Replication Monitor Thread took 1 milliseconds for processing 0 containers.
2019-09-25 11:41:41,006 [RATISCREATEPIPELINE1] ERROR pipeline.RatisPipelineProvider (RatisPipelineProvider.java:lambda$null$2(181)) - Failed invoke Ratis rpc org.apache.hadoop.hdds.scm.pipeline.RatisPipelineProvider$$Lambda$185/1492973245@ebf61a8 for 19e67e26-3d21-4d01-be9f-29113a4a814c
org.apache.ratis.protocol.TimeoutIOException: deadline exceeded after 2955312817ns
	at org.apache.ratis.grpc.GrpcUtil.tryUnwrapException(GrpcUtil.java:82)
	at org.apache.ratis.grpc.GrpcUtil.unwrapException(GrpcUtil.java:75)
	at org.apache.ratis.grpc.client.GrpcClientProtocolClient.blockingCall(GrpcClientProtocolClient.java:178)
	at org.apache.ratis.grpc.client.GrpcClientProtocolClient.groupAdd(GrpcClientProtocolClient.java:147)
	at org.apache.ratis.grpc.client.GrpcClientRpc.sendRequest(GrpcClientRpc.java:94)
	at org.apache.ratis.client.impl.RaftClientImpl.sendRequest(RaftClientImpl.java:278)
	at org.apache.ratis.client.impl.RaftClientImpl.groupAdd(RaftClientImpl.java:205)
	at org.apache.hadoop.hdds.scm.pipeline.RatisPipelineProvider.lambda$initializePipeline$1(RatisPipelineProvider.java:142)
	at org.apache.hadoop.hdds.scm.pipeline.RatisPipelineProvider.lambda$null$2(RatisPipelineProvider.java:177)
	at java.util.stream.ForEachOps$ForEachOp$OfRef.accept(ForEachOps.java:184)
	at java.util.ArrayList$ArrayListSpliterator.forEachRemaining(ArrayList.java:1382)
	at java.util.stream.AbstractPipeline.copyInto(AbstractPipeline.java:482)
	at java.util.stream.ForEachOps$ForEachTask.compute(ForEachOps.java:291)
	at java.util.concurrent.CountedCompleter.exec(CountedCompleter.java:731)
	at java.util.concurrent.ForkJoinTask.doExec(ForkJoinTask.java:289)
	at java.util.concurrent.ForkJoinTask.doInvoke(ForkJoinTask.java:401)
	at java.util.concurrent.ForkJoinTask.invoke(ForkJoinTask.java:734)
	at java.util.stream.ForEachOps$ForEachOp.evaluateParallel(ForEachOps.java:160)
	at java.util.stream.ForEachOps$ForEachOp$OfRef.evaluateParallel(ForEachOps.java:174)
	at java.util.stream.AbstractPipeline.evaluate(AbstractPipeline.java:233)
	at java.util.stream.ReferencePipeline.forEach(ReferencePipeline.java:418)
	at java.util.stream.ReferencePipeline$Head.forEach(ReferencePipeline.java:583)
	at org.apache.hadoop.hdds.scm.pipeline.RatisPipelineProvider.lambda$callRatisRpc$3(RatisPipelineProvider.java:171)
	at java.util.concurrent.ForkJoinTask$AdaptedRunnableAction.exec(ForkJoinTask.java:1386)
	at java.util.concurrent.ForkJoinTask.doExec(ForkJoinTask.java:289)
	at java.util.concurrent.ForkJoinPool$WorkQueue.runTask(ForkJoinPool.java:1056)
	at java.util.concurrent.ForkJoinPool.runWorker(ForkJoinPool.java:1692)
	at java.util.concurrent.ForkJoinWorkerThread.run(ForkJoinWorkerThread.java:157)
Caused by: org.apache.ratis.thirdparty.io.grpc.StatusRuntimeException: DEADLINE_EXCEEDED: deadline exceeded after 2955312817ns
	at org.apache.ratis.thirdparty.io.grpc.stub.ClientCalls.toStatusRuntimeException(ClientCalls.java:233)
	at org.apache.ratis.thirdparty.io.grpc.stub.ClientCalls.getUnchecked(ClientCalls.java:214)
	at org.apache.ratis.thirdparty.io.grpc.stub.ClientCalls.blockingUnaryCall(ClientCalls.java:139)
	at org.apache.ratis.proto.grpc.AdminProtocolServiceGrpc$AdminProtocolServiceBlockingStub.groupManagement(AdminProtocolServiceGrpc.java:274)
	at org.apache.ratis.grpc.client.GrpcClientProtocolClient.lambda$groupAdd$3(GrpcClientProtocolClient.java:149)
	at org.apache.ratis.grpc.client.GrpcClientProtocolClient.blockingCall(GrpcClientProtocolClient.java:176)
	... 25 more
2019-09-25 11:41:41,011 [RatisPipelineUtilsThread] ERROR pipeline.SCMPipelineManager (SCMPipelineManager.java:createPipeline(167)) - Pipeline creation failed.
java.io.IOException: Failed invoke Ratis rpc org.apache.hadoop.hdds.scm.pipeline.RatisPipelineProvider$$Lambda$185/1492973245@ebf61a8 for 19e67e26-3d21-4d01-be9f-29113a4a814c
	at org.apache.hadoop.hdds.scm.pipeline.RatisPipelineProvider.lambda$null$2(RatisPipelineProvider.java:182)
	at java.util.stream.ForEachOps$ForEachOp$OfRef.accept(ForEachOps.java:184)
	at java.util.ArrayList$ArrayListSpliterator.forEachRemaining(ArrayList.java:1382)
	at java.util.stream.AbstractPipeline.copyInto(AbstractPipeline.java:482)
	at java.util.stream.ForEachOps$ForEachTask.compute(ForEachOps.java:291)
	at java.util.concurrent.CountedCompleter.exec(CountedCompleter.java:731)
	at java.util.concurrent.ForkJoinTask.doExec(ForkJoinTask.java:289)
	at java.util.concurrent.ForkJoinTask.doInvoke(ForkJoinTask.java:401)
	at java.util.concurrent.ForkJoinTask.invoke(ForkJoinTask.java:734)
	at java.util.stream.ForEachOps$ForEachOp.evaluateParallel(ForEachOps.java:160)
	at java.util.stream.ForEachOps$ForEachOp$OfRef.evaluateParallel(ForEachOps.java:174)
	at java.util.stream.AbstractPipeline.evaluate(AbstractPipeline.java:233)
	at java.util.stream.ReferencePipeline.forEach(ReferencePipeline.java:418)
	at java.util.stream.ReferencePipeline$Head.forEach(ReferencePipeline.java:583)
	at org.apache.hadoop.hdds.scm.pipeline.RatisPipelineProvider.lambda$callRatisRpc$3(RatisPipelineProvider.java:171)
	at java.util.concurrent.ForkJoinTask$AdaptedRunnableAction.exec(ForkJoinTask.java:1386)
	at java.util.concurrent.ForkJoinTask.doExec(ForkJoinTask.java:289)
	at java.util.concurrent.ForkJoinPool$WorkQueue.runTask(ForkJoinPool.java:1056)
	at java.util.concurrent.ForkJoinPool.runWorker(ForkJoinPool.java:1692)
	at java.util.concurrent.ForkJoinWorkerThread.run(ForkJoinWorkerThread.java:157)
Caused by: org.apache.ratis.protocol.TimeoutIOException: deadline exceeded after 2955312817ns
	at org.apache.ratis.grpc.GrpcUtil.tryUnwrapException(GrpcUtil.java:82)
	at org.apache.ratis.grpc.GrpcUtil.unwrapException(GrpcUtil.java:75)
	at org.apache.ratis.grpc.client.GrpcClientProtocolClient.blockingCall(GrpcClientProtocolClient.java:178)
	at org.apache.ratis.grpc.client.GrpcClientProtocolClient.groupAdd(GrpcClientProtocolClient.java:147)
	at org.apache.ratis.grpc.client.GrpcClientRpc.sendRequest(GrpcClientRpc.java:94)
	at org.apache.ratis.client.impl.RaftClientImpl.sendRequest(RaftClientImpl.java:278)
	at org.apache.ratis.client.impl.RaftClientImpl.groupAdd(RaftClientImpl.java:205)
	at org.apache.hadoop.hdds.scm.pipeline.RatisPipelineProvider.lambda$initializePipeline$1(RatisPipelineProvider.java:142)
	at org.apache.hadoop.hdds.scm.pipeline.RatisPipelineProvider.lambda$null$2(RatisPipelineProvider.java:177)
	... 19 more
Caused by: org.apache.ratis.thirdparty.io.grpc.StatusRuntimeException: DEADLINE_EXCEEDED: deadline exceeded after 2955312817ns
	at org.apache.ratis.thirdparty.io.grpc.stub.ClientCalls.toStatusRuntimeException(ClientCalls.java:233)
	at org.apache.ratis.thirdparty.io.grpc.stub.ClientCalls.getUnchecked(ClientCalls.java:214)
	at org.apache.ratis.thirdparty.io.grpc.stub.ClientCalls.blockingUnaryCall(ClientCalls.java:139)
	at org.apache.ratis.proto.grpc.AdminProtocolServiceGrpc$AdminProtocolServiceBlockingStub.groupManagement(AdminProtocolServiceGrpc.java:274)
	at org.apache.ratis.grpc.client.GrpcClientProtocolClient.lambda$groupAdd$3(GrpcClientProtocolClient.java:149)
	at org.apache.ratis.grpc.client.GrpcClientProtocolClient.blockingCall(GrpcClientProtocolClient.java:176)
	... 25 more
2019-09-25 11:41:41,064 [grpc-default-executor-2] INFO  impl.RaftServerProxy (RaftServerProxy.java:addNew(89)) - 8c24ed06-386e-4085-8931-93c762a64530: addNew group-CDCB2C8C105A:[d0888866-0bad-4f41-ad37-dccd4a57b958:192.168.30.6:45405, 8c24ed06-386e-4085-8931-93c762a64530:192.168.30.6:32862, b7064b77-9271-4e94-8225-85d895886efb:192.168.30.6:41519] returns group-CDCB2C8C105A:java.util.concurrent.CompletableFuture@6afa0169[Not completed]
2019-09-25 11:41:41,066 [grpc-default-executor-1] INFO  impl.RaftServerProxy (RaftServerProxy.java:addNew(89)) - b7064b77-9271-4e94-8225-85d895886efb: addNew group-CDCB2C8C105A:[d0888866-0bad-4f41-ad37-dccd4a57b958:192.168.30.6:45405, 8c24ed06-386e-4085-8931-93c762a64530:192.168.30.6:32862, b7064b77-9271-4e94-8225-85d895886efb:192.168.30.6:41519] returns group-CDCB2C8C105A:java.util.concurrent.CompletableFuture@3be5cd7b[Not completed]
2019-09-25 11:41:41,066 [grpc-default-executor-0] INFO  impl.RaftServerProxy (RaftServerProxy.java:addNew(89)) - d0888866-0bad-4f41-ad37-dccd4a57b958: addNew group-CDCB2C8C105A:[d0888866-0bad-4f41-ad37-dccd4a57b958:192.168.30.6:45405, 8c24ed06-386e-4085-8931-93c762a64530:192.168.30.6:32862, b7064b77-9271-4e94-8225-85d895886efb:192.168.30.6:41519] returns group-CDCB2C8C105A:java.util.concurrent.CompletableFuture@23302893[Not completed]
2019-09-25 11:41:41,234 [pool-37-thread-1] INFO  impl.RaftServerImpl (RaftServerImpl.java:<init>(95)) - b7064b77-9271-4e94-8225-85d895886efb: new RaftServerImpl for group-CDCB2C8C105A:[d0888866-0bad-4f41-ad37-dccd4a57b958:192.168.30.6:45405, 8c24ed06-386e-4085-8931-93c762a64530:192.168.30.6:32862, b7064b77-9271-4e94-8225-85d895886efb:192.168.30.6:41519] with ContainerStateMachine:uninitialized
2019-09-25 11:41:41,237 [pool-37-thread-1] INFO  server.RaftServerConfigKeys (ConfUtils.java:logGet(43)) - raft.server.rpc.timeout.min = 5s (custom)
2019-09-25 11:41:41,240 [pool-37-thread-1] INFO  server.RaftServerConfigKeys (ConfUtils.java:logGet(43)) - raft.server.rpc.timeout.max = 5200ms (custom)
2019-09-25 11:41:41,249 [pool-37-thread-1] INFO  server.RaftServerConfigKeys (ConfUtils.java:logGet(43)) - raft.server.rpcslowness.timeout = 120s (custom)
2019-09-25 11:41:41,253 [pool-37-thread-1] INFO  server.RaftServerConfigKeys (ConfUtils.java:logGet(43)) - raft.server.sleep.deviation.threshold = 300 (default)
2019-09-25 11:41:41,254 [pool-37-thread-1] INFO  server.RaftServerConfigKeys (ConfUtils.java:logGet(43)) - raft.server.log.appender.install.snapshot.enabled = false (custom)
2019-09-25 11:41:41,255 [pool-37-thread-1] INFO  impl.RaftServerImpl (ServerState.java:<init>(103)) - b7064b77-9271-4e94-8225-85d895886efb@group-CDCB2C8C105A: ConfigurationManager, init=-1: [d0888866-0bad-4f41-ad37-dccd4a57b958:192.168.30.6:45405, 8c24ed06-386e-4085-8931-93c762a64530:192.168.30.6:32862, b7064b77-9271-4e94-8225-85d895886efb:192.168.30.6:41519], old=null, confs=<EMPTY_MAP>
2019-09-25 11:41:41,255 [pool-37-thread-1] INFO  server.RaftServerConfigKeys (ConfUtils.java:logGet(43)) - raft.server.storage.dir = [/workdir/hadoop-ozone/integration-test/target/test-dir/MiniOzoneClusterImpl-85c44edd-3ede-4f6a-a825-df7bd545a955/datanode-1/data/ratis] (custom)
2019-09-25 11:41:41,255 [pool-37-thread-1] INFO  storage.RaftStorageDirectory (RaftStorageDirectory.java:analyzeStorage(246)) - The storage directory /workdir/hadoop-ozone/integration-test/target/test-dir/MiniOzoneClusterImpl-85c44edd-3ede-4f6a-a825-df7bd545a955/datanode-1/data/ratis/5ad4bb6d-a156-4e0b-8d13-cdcb2c8c105a does not exist. Creating ...
2019-09-25 11:41:41,256 [pool-47-thread-1] INFO  impl.RaftServerImpl (RaftServerImpl.java:<init>(95)) - d0888866-0bad-4f41-ad37-dccd4a57b958: new RaftServerImpl for group-CDCB2C8C105A:[d0888866-0bad-4f41-ad37-dccd4a57b958:192.168.30.6:45405, 8c24ed06-386e-4085-8931-93c762a64530:192.168.30.6:32862, b7064b77-9271-4e94-8225-85d895886efb:192.168.30.6:41519] with ContainerStateMachine:uninitialized
2019-09-25 11:41:41,257 [pool-47-thread-1] INFO  server.RaftServerConfigKeys (ConfUtils.java:logGet(43)) - raft.server.rpc.timeout.min = 5s (custom)
2019-09-25 11:41:41,257 [pool-47-thread-1] INFO  server.RaftServerConfigKeys (ConfUtils.java:logGet(43)) - raft.server.rpc.timeout.max = 5200ms (custom)
2019-09-25 11:41:41,257 [pool-47-thread-1] INFO  server.RaftServerConfigKeys (ConfUtils.java:logGet(43)) - raft.server.rpcslowness.timeout = 120s (custom)
2019-09-25 11:41:41,257 [pool-47-thread-1] INFO  server.RaftServerConfigKeys (ConfUtils.java:logGet(43)) - raft.server.sleep.deviation.threshold = 300 (default)
2019-09-25 11:41:41,258 [pool-47-thread-1] INFO  server.RaftServerConfigKeys (ConfUtils.java:logGet(43)) - raft.server.log.appender.install.snapshot.enabled = false (custom)
2019-09-25 11:41:41,258 [pool-47-thread-1] INFO  impl.RaftServerImpl (ServerState.java:<init>(103)) - d0888866-0bad-4f41-ad37-dccd4a57b958@group-CDCB2C8C105A: ConfigurationManager, init=-1: [d0888866-0bad-4f41-ad37-dccd4a57b958:192.168.30.6:45405, 8c24ed06-386e-4085-8931-93c762a64530:192.168.30.6:32862, b7064b77-9271-4e94-8225-85d895886efb:192.168.30.6:41519], old=null, confs=<EMPTY_MAP>
2019-09-25 11:41:41,258 [pool-47-thread-1] INFO  server.RaftServerConfigKeys (ConfUtils.java:logGet(43)) - raft.server.storage.dir = [/workdir/hadoop-ozone/integration-test/target/test-dir/MiniOzoneClusterImpl-85c44edd-3ede-4f6a-a825-df7bd545a955/datanode-2/data/ratis] (custom)
2019-09-25 11:41:41,260 [pool-57-thread-1] INFO  impl.RaftServerImpl (RaftServerImpl.java:<init>(95)) - 8c24ed06-386e-4085-8931-93c762a64530: new RaftServerImpl for group-CDCB2C8C105A:[d0888866-0bad-4f41-ad37-dccd4a57b958:192.168.30.6:45405, 8c24ed06-386e-4085-8931-93c762a64530:192.168.30.6:32862, b7064b77-9271-4e94-8225-85d895886efb:192.168.30.6:41519] with ContainerStateMachine:uninitialized
2019-09-25 11:41:41,260 [pool-47-thread-1] INFO  storage.RaftStorageDirectory (RaftStorageDirectory.java:analyzeStorage(246)) - The storage directory /workdir/hadoop-ozone/integration-test/target/test-dir/MiniOzoneClusterImpl-85c44edd-3ede-4f6a-a825-df7bd545a955/datanode-2/data/ratis/5ad4bb6d-a156-4e0b-8d13-cdcb2c8c105a does not exist. Creating ...
2019-09-25 11:41:41,260 [pool-57-thread-1] INFO  server.RaftServerConfigKeys (ConfUtils.java:logGet(43)) - raft.server.rpc.timeout.min = 5s (custom)
2019-09-25 11:41:41,260 [pool-57-thread-1] INFO  server.RaftServerConfigKeys (ConfUtils.java:logGet(43)) - raft.server.rpc.timeout.max = 5200ms (custom)
2019-09-25 11:41:41,261 [pool-57-thread-1] INFO  server.RaftServerConfigKeys (ConfUtils.java:logGet(43)) - raft.server.rpcslowness.timeout = 120s (custom)
2019-09-25 11:41:41,261 [pool-57-thread-1] INFO  server.RaftServerConfigKeys (ConfUtils.java:logGet(43)) - raft.server.sleep.deviation.threshold = 300 (default)
2019-09-25 11:41:41,261 [pool-57-thread-1] INFO  server.RaftServerConfigKeys (ConfUtils.java:logGet(43)) - raft.server.log.appender.install.snapshot.enabled = false (custom)
2019-09-25 11:41:41,262 [pool-57-thread-1] INFO  impl.RaftServerImpl (ServerState.java:<init>(103)) - 8c24ed06-386e-4085-8931-93c762a64530@group-CDCB2C8C105A: ConfigurationManager, init=-1: [d0888866-0bad-4f41-ad37-dccd4a57b958:192.168.30.6:45405, 8c24ed06-386e-4085-8931-93c762a64530:192.168.30.6:32862, b7064b77-9271-4e94-8225-85d895886efb:192.168.30.6:41519], old=null, confs=<EMPTY_MAP>
2019-09-25 11:41:41,262 [pool-57-thread-1] INFO  server.RaftServerConfigKeys (ConfUtils.java:logGet(43)) - raft.server.storage.dir = [/workdir/hadoop-ozone/integration-test/target/test-dir/MiniOzoneClusterImpl-85c44edd-3ede-4f6a-a825-df7bd545a955/datanode-3/data/ratis] (custom)
2019-09-25 11:41:41,263 [pool-57-thread-1] INFO  storage.RaftStorageDirectory (RaftStorageDirectory.java:analyzeStorage(246)) - The storage directory /workdir/hadoop-ozone/integration-test/target/test-dir/MiniOzoneClusterImpl-85c44edd-3ede-4f6a-a825-df7bd545a955/datanode-3/data/ratis/5ad4bb6d-a156-4e0b-8d13-cdcb2c8c105a does not exist. Creating ...
2019-09-25 11:41:41,961 [pool-27-thread-1] INFO  storage.RaftStorage (RaftStorage.java:format(72)) - Storage directory /workdir/hadoop-ozone/integration-test/target/test-dir/MiniOzoneClusterImpl-85c44edd-3ede-4f6a-a825-df7bd545a955/datanode-0/data/ratis/11d193ee-fec7-4362-8ee6-25e28834d101 has been successfully formatted.
2019-09-25 11:41:41,965 [pool-27-thread-1] INFO  ratis.ContainerStateMachine (ContainerStateMachine.java:loadSnapshot(230)) - group-25E28834D101: The snapshot info is null. Setting the last applied indexto:(t:0, i:~)
2019-09-25 11:41:41,966 [pool-27-thread-1] INFO  server.RaftServerConfigKeys (ConfUtils.java:logGet(43)) - raft.server.notification.no-leader.timeout = 120s (custom)
2019-09-25 11:41:41,969 [pool-27-thread-1] INFO  server.RaftServerConfigKeys (ConfUtils.java:logGet(43)) - raft.server.log.use.memory = false (default)
2019-09-25 11:41:41,978 [pool-27-thread-1] INFO  server.RaftServerConfigKeys (ConfUtils.java:logGet(43)) - raft.server.log.purge.gap = 1000000 (custom)
2019-09-25 11:41:41,978 [pool-27-thread-1] INFO  server.RaftServerConfigKeys (ConfUtils.java:logGet(43)) - raft.server.log.appender.buffer.byte-limit = 33554432 (custom)
2019-09-25 11:41:41,982 [pool-27-thread-1] INFO  server.RaftServerConfigKeys (ConfUtils.java:logGet(43)) - raft.server.log.segment.size.max = 1048576 (custom)
2019-09-25 11:41:41,989 [pool-27-thread-1] INFO  server.RaftServerConfigKeys (ConfUtils.java:logGet(43)) - raft.server.log.segment.cache.num.max = 2 (custom)
2019-09-25 11:41:41,999 [pool-27-thread-1] INFO  segmented.SegmentedRaftLogWorker (SegmentedRaftLogWorker.java:<init>(172)) - new 19e67e26-3d21-4d01-be9f-29113a4a814c@group-25E28834D101-SegmentedRaftLogWorker for RaftStorage:Storage Directory /workdir/hadoop-ozone/integration-test/target/test-dir/MiniOzoneClusterImpl-85c44edd-3ede-4f6a-a825-df7bd545a955/datanode-0/data/ratis/11d193ee-fec7-4362-8ee6-25e28834d101
2019-09-25 11:41:42,001 [pool-27-thread-1] INFO  impl.MetricsSystemImpl (MetricsSystemImpl.java:init(158)) - ratis metrics system started (again)
2019-09-25 11:41:42,009 [pool-27-thread-1] INFO  metrics.MetricRegistries (MetricRegistriesLoader.java:load(64)) - Loaded MetricRegistries class org.apache.ratis.metrics.impl.MetricRegistriesImpl
2019-09-25 11:41:42,043 [pool-27-thread-1] INFO  server.RaftServerConfigKeys (ConfUtils.java:logGet(43)) - raft.server.log.queue.byte-limit = 2147483647 (custom)
2019-09-25 11:41:42,044 [pool-27-thread-1] INFO  server.RaftServerConfigKeys (ConfUtils.java:logGet(43)) - raft.server.log.queue.element-limit = 1024 (custom)
2019-09-25 11:41:42,047 [pool-27-thread-1] INFO  server.RaftServerConfigKeys (ConfUtils.java:logGet(43)) - raft.server.log.segment.size.max = 1048576 (custom)
2019-09-25 11:41:42,048 [pool-27-thread-1] INFO  server.RaftServerConfigKeys (ConfUtils.java:logGet(43)) - raft.server.log.preallocated.size = 16384 (custom)
2019-09-25 11:41:42,048 [pool-27-thread-1] INFO  server.RaftServerConfigKeys (ConfUtils.java:logGet(43)) - raft.server.log.write.buffer.size = 33554432 (custom)
2019-09-25 11:41:42,049 [pool-27-thread-1] INFO  server.RaftServerConfigKeys (ConfUtils.java:logGet(43)) - raft.server.log.force.sync.num = 128 (default)
2019-09-25 11:41:42,050 [pool-27-thread-1] INFO  server.RaftServerConfigKeys (ConfUtils.java:logGet(43)) - raft.server.log.statemachine.data.sync = true (default)
2019-09-25 11:41:42,050 [pool-27-thread-1] INFO  server.RaftServerConfigKeys (ConfUtils.java:logGet(43)) - raft.server.log.statemachine.data.sync.timeout = 10s (default)
2019-09-25 11:41:42,051 [pool-27-thread-1] INFO  server.RaftServerConfigKeys (ConfUtils.java:logGet(43)) - raft.server.log.statemachine.data.sync.timeout.retry = -1 (default)
2019-09-25 11:41:42,060 [pool-27-thread-1] INFO  server.RaftServerConfigKeys (ConfUtils.java:logGet(43)) - raft.server.log.statemachine.data.caching.enabled = true (custom)
2019-09-25 11:41:42,065 [pool-27-thread-1] INFO  segmented.SegmentedRaftLogWorker (SegmentedRaftLogWorker.java:lambda$new$0(132)) - 19e67e26-3d21-4d01-be9f-29113a4a814c@group-25E28834D101-SegmentedRaftLogWorker: flushIndex: setUnconditionally 0 -> -1
2019-09-25 11:41:42,069 [pool-27-thread-1] INFO  server.RaftServerConfigKeys (ConfUtils.java:logGet(43)) - raft.server.snapshot.auto.trigger.enabled = true (custom)
2019-09-25 11:41:42,070 [pool-27-thread-1] INFO  server.RaftServerConfigKeys (ConfUtils.java:logGet(43)) - raft.server.snapshot.auto.trigger.threshold = 10000 (custom)
2019-09-25 11:41:42,070 [pool-27-thread-1] INFO  server.RaftServerConfigKeys (ConfUtils.java:logGet(43)) - raft.server.snapshot.retention.num.files = 5 (custom)
2019-09-25 11:41:42,071 [pool-27-thread-1] INFO  server.RaftServerConfigKeys (ConfUtils.java:logGet(43)) - raft.server.retrycache.expirytime = 600000ms (custom)
2019-09-25 11:41:42,101 [pool-27-thread-1] INFO  impl.RaftServerImpl (RaftServerImpl.java:start(185)) - 19e67e26-3d21-4d01-be9f-29113a4a814c@group-25E28834D101: start as a follower, conf=-1: [19e67e26-3d21-4d01-be9f-29113a4a814c:192.168.30.6:34535], old=null
2019-09-25 11:41:42,102 [pool-27-thread-1] INFO  impl.RaftServerImpl (RaftServerImpl.java:setRole(174)) - 19e67e26-3d21-4d01-be9f-29113a4a814c@group-25E28834D101: changes role from      null to FOLLOWER at term 0 for startAsFollower
2019-09-25 11:41:42,103 [pool-27-thread-1] INFO  impl.RoleInfo (RoleInfo.java:updateAndGet(143)) - 19e67e26-3d21-4d01-be9f-29113a4a814c: start FollowerState
2019-09-25 11:41:42,105 [pool-27-thread-1] INFO  util.JmxRegister (JmxRegister.java:tryRegister(44)) - Successfully registered JMX Bean with object name Ratis:service=RaftServer,group=group-25E28834D101,id=19e67e26-3d21-4d01-be9f-29113a4a814c
2019-09-25 11:41:42,821 [pool-37-thread-1] INFO  storage.RaftStorageDirectory (RaftStorageDirectory.java:tryLock(328)) - Lock on /workdir/hadoop-ozone/integration-test/target/test-dir/MiniOzoneClusterImpl-85c44edd-3ede-4f6a-a825-df7bd545a955/datanode-1/data/ratis/5ad4bb6d-a156-4e0b-8d13-cdcb2c8c105a/in_use.lock acquired by nodename 6054@pr-hdds-1569-5gmkr-4255264070
2019-09-25 11:41:42,821 [pool-57-thread-1] INFO  storage.RaftStorageDirectory (RaftStorageDirectory.java:tryLock(328)) - Lock on /workdir/hadoop-ozone/integration-test/target/test-dir/MiniOzoneClusterImpl-85c44edd-3ede-4f6a-a825-df7bd545a955/datanode-3/data/ratis/5ad4bb6d-a156-4e0b-8d13-cdcb2c8c105a/in_use.lock acquired by nodename 6054@pr-hdds-1569-5gmkr-4255264070
2019-09-25 11:41:42,821 [pool-47-thread-1] INFO  storage.RaftStorageDirectory (RaftStorageDirectory.java:tryLock(328)) - Lock on /workdir/hadoop-ozone/integration-test/target/test-dir/MiniOzoneClusterImpl-85c44edd-3ede-4f6a-a825-df7bd545a955/datanode-2/data/ratis/5ad4bb6d-a156-4e0b-8d13-cdcb2c8c105a/in_use.lock acquired by nodename 6054@pr-hdds-1569-5gmkr-4255264070
2019-09-25 11:41:43,015 [pool-37-thread-1] INFO  storage.RaftStorage (RaftStorage.java:format(72)) - Storage directory /workdir/hadoop-ozone/integration-test/target/test-dir/MiniOzoneClusterImpl-85c44edd-3ede-4f6a-a825-df7bd545a955/datanode-1/data/ratis/5ad4bb6d-a156-4e0b-8d13-cdcb2c8c105a has been successfully formatted.
2019-09-25 11:41:43,015 [pool-47-thread-1] INFO  storage.RaftStorage (RaftStorage.java:format(72)) - Storage directory /workdir/hadoop-ozone/integration-test/target/test-dir/MiniOzoneClusterImpl-85c44edd-3ede-4f6a-a825-df7bd545a955/datanode-2/data/ratis/5ad4bb6d-a156-4e0b-8d13-cdcb2c8c105a has been successfully formatted.
2019-09-25 11:41:43,015 [pool-57-thread-1] INFO  storage.RaftStorage (RaftStorage.java:format(72)) - Storage directory /workdir/hadoop-ozone/integration-test/target/test-dir/MiniOzoneClusterImpl-85c44edd-3ede-4f6a-a825-df7bd545a955/datanode-3/data/ratis/5ad4bb6d-a156-4e0b-8d13-cdcb2c8c105a has been successfully formatted.
2019-09-25 11:41:43,018 [pool-37-thread-1] INFO  ratis.ContainerStateMachine (ContainerStateMachine.java:loadSnapshot(230)) - group-CDCB2C8C105A: The snapshot info is null. Setting the last applied indexto:(t:0, i:~)
2019-09-25 11:41:43,020 [pool-47-thread-1] INFO  ratis.ContainerStateMachine (ContainerStateMachine.java:loadSnapshot(230)) - group-CDCB2C8C105A: The snapshot info is null. Setting the last applied indexto:(t:0, i:~)
2019-09-25 11:41:43,021 [pool-37-thread-1] INFO  server.RaftServerConfigKeys (ConfUtils.java:logGet(43)) - raft.server.notification.no-leader.timeout = 120s (custom)
2019-09-25 11:41:43,021 [pool-57-thread-1] INFO  ratis.ContainerStateMachine (ContainerStateMachine.java:loadSnapshot(230)) - group-CDCB2C8C105A: The snapshot info is null. Setting the last applied indexto:(t:0, i:~)
2019-09-25 11:41:43,021 [pool-37-thread-1] INFO  server.RaftServerConfigKeys (ConfUtils.java:logGet(43)) - raft.server.log.use.memory = false (default)
2019-09-25 11:41:43,021 [pool-47-thread-1] INFO  server.RaftServerConfigKeys (ConfUtils.java:logGet(43)) - raft.server.notification.no-leader.timeout = 120s (custom)
2019-09-25 11:41:43,021 [pool-37-thread-1] INFO  server.RaftServerConfigKeys (ConfUtils.java:logGet(43)) - raft.server.log.purge.gap = 1000000 (custom)
2019-09-25 11:41:43,021 [pool-57-thread-1] INFO  server.RaftServerConfigKeys (ConfUtils.java:logGet(43)) - raft.server.notification.no-leader.timeout = 120s (custom)
2019-09-25 11:41:43,022 [pool-37-thread-1] INFO  server.RaftServerConfigKeys (ConfUtils.java:logGet(43)) - raft.server.log.appender.buffer.byte-limit = 33554432 (custom)
2019-09-25 11:41:43,022 [pool-47-thread-1] INFO  server.RaftServerConfigKeys (ConfUtils.java:logGet(43)) - raft.server.log.use.memory = false (default)
2019-09-25 11:41:43,022 [pool-37-thread-1] INFO  server.RaftServerConfigKeys (ConfUtils.java:logGet(43)) - raft.server.log.segment.size.max = 1048576 (custom)
2019-09-25 11:41:43,022 [pool-57-thread-1] INFO  server.RaftServerConfigKeys (ConfUtils.java:logGet(43)) - raft.server.log.use.memory = false (default)
2019-09-25 11:41:43,023 [pool-37-thread-1] INFO  server.RaftServerConfigKeys (ConfUtils.java:logGet(43)) - raft.server.log.segment.cache.num.max = 2 (custom)
2019-09-25 11:41:43,023 [pool-47-thread-1] INFO  server.RaftServerConfigKeys (ConfUtils.java:logGet(43)) - raft.server.log.purge.gap = 1000000 (custom)
2019-09-25 11:41:43,023 [pool-37-thread-1] INFO  segmented.SegmentedRaftLogWorker (SegmentedRaftLogWorker.java:<init>(172)) - new b7064b77-9271-4e94-8225-85d895886efb@group-CDCB2C8C105A-SegmentedRaftLogWorker for RaftStorage:Storage Directory /workdir/hadoop-ozone/integration-test/target/test-dir/MiniOzoneClusterImpl-85c44edd-3ede-4f6a-a825-df7bd545a955/datanode-1/data/ratis/5ad4bb6d-a156-4e0b-8d13-cdcb2c8c105a
2019-09-25 11:41:43,023 [pool-57-thread-1] INFO  server.RaftServerConfigKeys (ConfUtils.java:logGet(43)) - raft.server.log.purge.gap = 1000000 (custom)
2019-09-25 11:41:43,025 [pool-47-thread-1] INFO  server.RaftServerConfigKeys (ConfUtils.java:logGet(43)) - raft.server.log.appender.buffer.byte-limit = 33554432 (custom)
2019-09-25 11:41:43,026 [pool-57-thread-1] INFO  server.RaftServerConfigKeys (ConfUtils.java:logGet(43)) - raft.server.log.appender.buffer.byte-limit = 33554432 (custom)
2019-09-25 11:41:43,062 [pool-47-thread-1] INFO  server.RaftServerConfigKeys (ConfUtils.java:logGet(43)) - raft.server.log.segment.size.max = 1048576 (custom)
2019-09-25 11:41:43,062 [pool-57-thread-1] INFO  server.RaftServerConfigKeys (ConfUtils.java:logGet(43)) - raft.server.log.segment.size.max = 1048576 (custom)
2019-09-25 11:41:43,062 [pool-47-thread-1] INFO  server.RaftServerConfigKeys (ConfUtils.java:logGet(43)) - raft.server.log.segment.cache.num.max = 2 (custom)
2019-09-25 11:41:43,062 [pool-57-thread-1] INFO  server.RaftServerConfigKeys (ConfUtils.java:logGet(43)) - raft.server.log.segment.cache.num.max = 2 (custom)
2019-09-25 11:41:43,063 [pool-47-thread-1] INFO  segmented.SegmentedRaftLogWorker (SegmentedRaftLogWorker.java:<init>(172)) - new d0888866-0bad-4f41-ad37-dccd4a57b958@group-CDCB2C8C105A-SegmentedRaftLogWorker for RaftStorage:Storage Directory /workdir/hadoop-ozone/integration-test/target/test-dir/MiniOzoneClusterImpl-85c44edd-3ede-4f6a-a825-df7bd545a955/datanode-2/data/ratis/5ad4bb6d-a156-4e0b-8d13-cdcb2c8c105a
2019-09-25 11:41:43,063 [pool-57-thread-1] INFO  segmented.SegmentedRaftLogWorker (SegmentedRaftLogWorker.java:<init>(172)) - new 8c24ed06-386e-4085-8931-93c762a64530@group-CDCB2C8C105A-SegmentedRaftLogWorker for RaftStorage:Storage Directory /workdir/hadoop-ozone/integration-test/target/test-dir/MiniOzoneClusterImpl-85c44edd-3ede-4f6a-a825-df7bd545a955/datanode-3/data/ratis/5ad4bb6d-a156-4e0b-8d13-cdcb2c8c105a
2019-09-25 11:41:43,069 [pool-37-thread-1] INFO  server.RaftServerConfigKeys (ConfUtils.java:logGet(43)) - raft.server.log.queue.byte-limit = 2147483647 (custom)
2019-09-25 11:41:43,069 [pool-37-thread-1] INFO  server.RaftServerConfigKeys (ConfUtils.java:logGet(43)) - raft.server.log.queue.element-limit = 1024 (custom)
2019-09-25 11:41:43,070 [pool-37-thread-1] INFO  server.RaftServerConfigKeys (ConfUtils.java:logGet(43)) - raft.server.log.segment.size.max = 1048576 (custom)
2019-09-25 11:41:43,070 [pool-37-thread-1] INFO  server.RaftServerConfigKeys (ConfUtils.java:logGet(43)) - raft.server.log.preallocated.size = 16384 (custom)
2019-09-25 11:41:43,070 [pool-37-thread-1] INFO  server.RaftServerConfigKeys (ConfUtils.java:logGet(43)) - raft.server.log.write.buffer.size = 33554432 (custom)
2019-09-25 11:41:43,071 [pool-37-thread-1] INFO  server.RaftServerConfigKeys (ConfUtils.java:logGet(43)) - raft.server.log.force.sync.num = 128 (default)
2019-09-25 11:41:43,071 [pool-37-thread-1] INFO  server.RaftServerConfigKeys (ConfUtils.java:logGet(43)) - raft.server.log.statemachine.data.sync = true (default)
2019-09-25 11:41:43,071 [pool-47-thread-1] INFO  server.RaftServerConfigKeys (ConfUtils.java:logGet(43)) - raft.server.log.queue.byte-limit = 2147483647 (custom)
2019-09-25 11:41:43,071 [pool-37-thread-1] INFO  server.RaftServerConfigKeys (ConfUtils.java:logGet(43)) - raft.server.log.statemachine.data.sync.timeout = 10s (default)
2019-09-25 11:41:43,071 [pool-47-thread-1] INFO  server.RaftServerConfigKeys (ConfUtils.java:logGet(43)) - raft.server.log.queue.element-limit = 1024 (custom)
2019-09-25 11:41:43,071 [pool-57-thread-1] INFO  server.RaftServerConfigKeys (ConfUtils.java:logGet(43)) - raft.server.log.queue.byte-limit = 2147483647 (custom)
2019-09-25 11:41:43,071 [pool-37-thread-1] INFO  server.RaftServerConfigKeys (ConfUtils.java:logGet(43)) - raft.server.log.statemachine.data.sync.timeout.retry = -1 (default)
2019-09-25 11:41:43,072 [pool-57-thread-1] INFO  server.RaftServerConfigKeys (ConfUtils.java:logGet(43)) - raft.server.log.queue.element-limit = 1024 (custom)
2019-09-25 11:41:43,072 [pool-47-thread-1] INFO  server.RaftServerConfigKeys (ConfUtils.java:logGet(43)) - raft.server.log.segment.size.max = 1048576 (custom)
2019-09-25 11:41:43,072 [pool-37-thread-1] INFO  server.RaftServerConfigKeys (ConfUtils.java:logGet(43)) - raft.server.log.statemachine.data.caching.enabled = true (custom)
2019-09-25 11:41:43,072 [pool-47-thread-1] INFO  server.RaftServerConfigKeys (ConfUtils.java:logGet(43)) - raft.server.log.preallocated.size = 16384 (custom)
2019-09-25 11:41:43,072 [pool-57-thread-1] INFO  server.RaftServerConfigKeys (ConfUtils.java:logGet(43)) - raft.server.log.segment.size.max = 1048576 (custom)
2019-09-25 11:41:43,073 [pool-37-thread-1] INFO  segmented.SegmentedRaftLogWorker (SegmentedRaftLogWorker.java:lambda$new$0(132)) - b7064b77-9271-4e94-8225-85d895886efb@group-CDCB2C8C105A-SegmentedRaftLogWorker: flushIndex: setUnconditionally 0 -> -1
2019-09-25 11:41:43,073 [pool-47-thread-1] INFO  server.RaftServerConfigKeys (ConfUtils.java:logGet(43)) - raft.server.log.write.buffer.size = 33554432 (custom)
2019-09-25 11:41:43,073 [pool-57-thread-1] INFO  server.RaftServerConfigKeys (ConfUtils.java:logGet(43)) - raft.server.log.preallocated.size = 16384 (custom)
2019-09-25 11:41:43,073 [pool-37-thread-1] INFO  server.RaftServerConfigKeys (ConfUtils.java:logGet(43)) - raft.server.snapshot.auto.trigger.enabled = true (custom)
2019-09-25 11:41:43,073 [pool-47-thread-1] INFO  server.RaftServerConfigKeys (ConfUtils.java:logGet(43)) - raft.server.log.force.sync.num = 128 (default)
2019-09-25 11:41:43,074 [pool-37-thread-1] INFO  server.RaftServerConfigKeys (ConfUtils.java:logGet(43)) - raft.server.snapshot.auto.trigger.threshold = 10000 (custom)
2019-09-25 11:41:43,073 [pool-57-thread-1] INFO  server.RaftServerConfigKeys (ConfUtils.java:logGet(43)) - raft.server.log.write.buffer.size = 33554432 (custom)
2019-09-25 11:41:43,074 [pool-37-thread-1] INFO  server.RaftServerConfigKeys (ConfUtils.java:logGet(43)) - raft.server.snapshot.retention.num.files = 5 (custom)
2019-09-25 11:41:43,074 [pool-47-thread-1] INFO  server.RaftServerConfigKeys (ConfUtils.java:logGet(43)) - raft.server.log.statemachine.data.sync = true (default)
2019-09-25 11:41:43,074 [pool-37-thread-1] INFO  server.RaftServerConfigKeys (ConfUtils.java:logGet(43)) - raft.server.retrycache.expirytime = 600000ms (custom)
2019-09-25 11:41:43,074 [pool-57-thread-1] INFO  server.RaftServerConfigKeys (ConfUtils.java:logGet(43)) - raft.server.log.force.sync.num = 128 (default)
2019-09-25 11:41:43,074 [pool-47-thread-1] INFO  server.RaftServerConfigKeys (ConfUtils.java:logGet(43)) - raft.server.log.statemachine.data.sync.timeout = 10s (default)
2019-09-25 11:41:43,075 [pool-57-thread-1] INFO  server.RaftServerConfigKeys (ConfUtils.java:logGet(43)) - raft.server.log.statemachine.data.sync = true (default)
2019-09-25 11:41:43,077 [pool-47-thread-1] INFO  server.RaftServerConfigKeys (ConfUtils.java:logGet(43)) - raft.server.log.statemachine.data.sync.timeout.retry = -1 (default)
2019-09-25 11:41:43,077 [pool-57-thread-1] INFO  server.RaftServerConfigKeys (ConfUtils.java:logGet(43)) - raft.server.log.statemachine.data.sync.timeout = 10s (default)
2019-09-25 11:41:43,077 [pool-57-thread-1] INFO  server.RaftServerConfigKeys (ConfUtils.java:logGet(43)) - raft.server.log.statemachine.data.sync.timeout.retry = -1 (default)
2019-09-25 11:41:43,078 [pool-47-thread-1] INFO  server.RaftServerConfigKeys (ConfUtils.java:logGet(43)) - raft.server.log.statemachine.data.caching.enabled = true (custom)
2019-09-25 11:41:43,078 [pool-57-thread-1] INFO  server.RaftServerConfigKeys (ConfUtils.java:logGet(43)) - raft.server.log.statemachine.data.caching.enabled = true (custom)
2019-09-25 11:41:43,078 [pool-47-thread-1] INFO  segmented.SegmentedRaftLogWorker (SegmentedRaftLogWorker.java:lambda$new$0(132)) - d0888866-0bad-4f41-ad37-dccd4a57b958@group-CDCB2C8C105A-SegmentedRaftLogWorker: flushIndex: setUnconditionally 0 -> -1
2019-09-25 11:41:43,079 [pool-57-thread-1] INFO  segmented.SegmentedRaftLogWorker (SegmentedRaftLogWorker.java:lambda$new$0(132)) - 8c24ed06-386e-4085-8931-93c762a64530@group-CDCB2C8C105A-SegmentedRaftLogWorker: flushIndex: setUnconditionally 0 -> -1
2019-09-25 11:41:43,079 [pool-47-thread-1] INFO  server.RaftServerConfigKeys (ConfUtils.java:logGet(43)) - raft.server.snapshot.auto.trigger.enabled = true (custom)
2019-09-25 11:41:43,079 [pool-47-thread-1] INFO  server.RaftServerConfigKeys (ConfUtils.java:logGet(43)) - raft.server.snapshot.auto.trigger.threshold = 10000 (custom)
2019-09-25 11:41:43,079 [pool-57-thread-1] INFO  server.RaftServerConfigKeys (ConfUtils.java:logGet(43)) - raft.server.snapshot.auto.trigger.enabled = true (custom)
2019-09-25 11:41:43,079 [pool-47-thread-1] INFO  server.RaftServerConfigKeys (ConfUtils.java:logGet(43)) - raft.server.snapshot.retention.num.files = 5 (custom)
2019-09-25 11:41:43,079 [pool-57-thread-1] INFO  server.RaftServerConfigKeys (ConfUtils.java:logGet(43)) - raft.server.snapshot.auto.trigger.threshold = 10000 (custom)
2019-09-25 11:41:43,080 [pool-47-thread-1] INFO  server.RaftServerConfigKeys (ConfUtils.java:logGet(43)) - raft.server.retrycache.expirytime = 600000ms (custom)
2019-09-25 11:41:43,080 [pool-57-thread-1] INFO  server.RaftServerConfigKeys (ConfUtils.java:logGet(43)) - raft.server.snapshot.retention.num.files = 5 (custom)
2019-09-25 11:41:43,080 [pool-57-thread-1] INFO  server.RaftServerConfigKeys (ConfUtils.java:logGet(43)) - raft.server.retrycache.expirytime = 600000ms (custom)
2019-09-25 11:41:43,083 [pool-37-thread-1] INFO  impl.RaftServerImpl (RaftServerImpl.java:start(185)) - b7064b77-9271-4e94-8225-85d895886efb@group-CDCB2C8C105A: start as a follower, conf=-1: [d0888866-0bad-4f41-ad37-dccd4a57b958:192.168.30.6:45405, 8c24ed06-386e-4085-8931-93c762a64530:192.168.30.6:32862, b7064b77-9271-4e94-8225-85d895886efb:192.168.30.6:41519], old=null
2019-09-25 11:41:43,083 [pool-37-thread-1] INFO  impl.RaftServerImpl (RaftServerImpl.java:setRole(174)) - b7064b77-9271-4e94-8225-85d895886efb@group-CDCB2C8C105A: changes role from      null to FOLLOWER at term 0 for startAsFollower
2019-09-25 11:41:43,084 [pool-37-thread-1] INFO  impl.RoleInfo (RoleInfo.java:updateAndGet(143)) - b7064b77-9271-4e94-8225-85d895886efb: start FollowerState
2019-09-25 11:41:43,086 [pool-37-thread-1] INFO  util.JmxRegister (JmxRegister.java:tryRegister(44)) - Successfully registered JMX Bean with object name Ratis:service=RaftServer,group=group-CDCB2C8C105A,id=b7064b77-9271-4e94-8225-85d895886efb
2019-09-25 11:41:43,092 [pool-47-thread-1] INFO  impl.RaftServerImpl (RaftServerImpl.java:start(185)) - d0888866-0bad-4f41-ad37-dccd4a57b958@group-CDCB2C8C105A: start as a follower, conf=-1: [d0888866-0bad-4f41-ad37-dccd4a57b958:192.168.30.6:45405, 8c24ed06-386e-4085-8931-93c762a64530:192.168.30.6:32862, b7064b77-9271-4e94-8225-85d895886efb:192.168.30.6:41519], old=null
2019-09-25 11:41:43,092 [pool-47-thread-1] INFO  impl.RaftServerImpl (RaftServerImpl.java:setRole(174)) - d0888866-0bad-4f41-ad37-dccd4a57b958@group-CDCB2C8C105A: changes role from      null to FOLLOWER at term 0 for startAsFollower
2019-09-25 11:41:43,092 [pool-47-thread-1] INFO  impl.RoleInfo (RoleInfo.java:updateAndGet(143)) - d0888866-0bad-4f41-ad37-dccd4a57b958: start FollowerState
2019-09-25 11:41:43,092 [pool-57-thread-1] INFO  impl.RaftServerImpl (RaftServerImpl.java:start(185)) - 8c24ed06-386e-4085-8931-93c762a64530@group-CDCB2C8C105A: start as a follower, conf=-1: [d0888866-0bad-4f41-ad37-dccd4a57b958:192.168.30.6:45405, 8c24ed06-386e-4085-8931-93c762a64530:192.168.30.6:32862, b7064b77-9271-4e94-8225-85d895886efb:192.168.30.6:41519], old=null
2019-09-25 11:41:43,093 [pool-57-thread-1] INFO  impl.RaftServerImpl (RaftServerImpl.java:setRole(174)) - 8c24ed06-386e-4085-8931-93c762a64530@group-CDCB2C8C105A: changes role from      null to FOLLOWER at term 0 for startAsFollower
2019-09-25 11:41:43,094 [pool-57-thread-1] INFO  impl.RoleInfo (RoleInfo.java:updateAndGet(143)) - 8c24ed06-386e-4085-8931-93c762a64530: start FollowerState
2019-09-25 11:41:43,094 [pool-47-thread-1] INFO  util.JmxRegister (JmxRegister.java:tryRegister(44)) - Successfully registered JMX Bean with object name Ratis:service=RaftServer,group=group-CDCB2C8C105A,id=d0888866-0bad-4f41-ad37-dccd4a57b958
2019-09-25 11:41:43,095 [pool-57-thread-1] INFO  util.JmxRegister (JmxRegister.java:tryRegister(44)) - Successfully registered JMX Bean with object name Ratis:service=RaftServer,group=group-CDCB2C8C105A,id=8c24ed06-386e-4085-8931-93c762a64530
2019-09-25 11:41:43,148 [RatisPipelineUtilsThread] INFO  pipeline.PipelineStateManager (PipelineStateManager.java:addPipeline(56)) - Created pipeline Pipeline[ Id: 5ad4bb6d-a156-4e0b-8d13-cdcb2c8c105a, Nodes: b7064b77-9271-4e94-8225-85d895886efb{ip: 192.168.30.6, host: pr-hdds-1569-5gmkr-4255264070, networkLocation: /default-rack, certSerialId: null}d0888866-0bad-4f41-ad37-dccd4a57b958{ip: 192.168.30.6, host: pr-hdds-1569-5gmkr-4255264070, networkLocation: /default-rack, certSerialId: null}8c24ed06-386e-4085-8931-93c762a64530{ip: 192.168.30.6, host: pr-hdds-1569-5gmkr-4255264070, networkLocation: /default-rack, certSerialId: null}, Type:RATIS, Factor:THREE, State:OPEN]
2019-09-25 11:41:43,193 [grpc-default-executor-1] INFO  impl.RaftServerProxy (RaftServerProxy.java:addNew(89)) - 8c24ed06-386e-4085-8931-93c762a64530: addNew group-BF1BD4D8076C:[e081c0a5-acfc-4a29-8262-ee158adf5b11:192.168.30.6:37941, 19e67e26-3d21-4d01-be9f-29113a4a814c:192.168.30.6:34535, 8c24ed06-386e-4085-8931-93c762a64530:192.168.30.6:32862] returns group-BF1BD4D8076C:java.util.concurrent.CompletableFuture@3acb966f[Not completed]
2019-09-25 11:41:43,196 [grpc-default-executor-2] INFO  impl.RaftServerProxy (RaftServerProxy.java:addNew(89)) - 19e67e26-3d21-4d01-be9f-29113a4a814c: addNew group-BF1BD4D8076C:[e081c0a5-acfc-4a29-8262-ee158adf5b11:192.168.30.6:37941, 19e67e26-3d21-4d01-be9f-29113a4a814c:192.168.30.6:34535, 8c24ed06-386e-4085-8931-93c762a64530:192.168.30.6:32862] returns group-BF1BD4D8076C:java.util.concurrent.CompletableFuture@5c597716[Not completed]
2019-09-25 11:41:43,197 [grpc-default-executor-1] INFO  impl.RaftServerProxy (RaftServerProxy.java:addNew(89)) - e081c0a5-acfc-4a29-8262-ee158adf5b11: addNew group-BF1BD4D8076C:[e081c0a5-acfc-4a29-8262-ee158adf5b11:192.168.30.6:37941, 19e67e26-3d21-4d01-be9f-29113a4a814c:192.168.30.6:34535, 8c24ed06-386e-4085-8931-93c762a64530:192.168.30.6:32862] returns group-BF1BD4D8076C:java.util.concurrent.CompletableFuture@616ff69d[Not completed]
2019-09-25 11:41:43,199 [pool-57-thread-1] INFO  impl.RaftServerImpl (RaftServerImpl.java:<init>(95)) - 8c24ed06-386e-4085-8931-93c762a64530: new RaftServerImpl for group-BF1BD4D8076C:[e081c0a5-acfc-4a29-8262-ee158adf5b11:192.168.30.6:37941, 19e67e26-3d21-4d01-be9f-29113a4a814c:192.168.30.6:34535, 8c24ed06-386e-4085-8931-93c762a64530:192.168.30.6:32862] with ContainerStateMachine:uninitialized
2019-09-25 11:41:43,199 [pool-57-thread-1] INFO  server.RaftServerConfigKeys (ConfUtils.java:logGet(43)) - raft.server.rpc.timeout.min = 5s (custom)
2019-09-25 11:41:43,199 [pool-57-thread-1] INFO  server.RaftServerConfigKeys (ConfUtils.java:logGet(43)) - raft.server.rpc.timeout.max = 5200ms (custom)
2019-09-25 11:41:43,199 [pool-57-thread-1] INFO  server.RaftServerConfigKeys (ConfUtils.java:logGet(43)) - raft.server.rpcslowness.timeout = 120s (custom)
2019-09-25 11:41:43,200 [pool-57-thread-1] INFO  server.RaftServerConfigKeys (ConfUtils.java:logGet(43)) - raft.server.sleep.deviation.threshold = 300 (default)
2019-09-25 11:41:43,202 [pool-67-thread-1] INFO  impl.RaftServerImpl (RaftServerImpl.java:<init>(95)) - e081c0a5-acfc-4a29-8262-ee158adf5b11: new RaftServerImpl for group-BF1BD4D8076C:[e081c0a5-acfc-4a29-8262-ee158adf5b11:192.168.30.6:37941, 19e67e26-3d21-4d01-be9f-29113a4a814c:192.168.30.6:34535, 8c24ed06-386e-4085-8931-93c762a64530:192.168.30.6:32862] with ContainerStateMachine:uninitialized
2019-09-25 11:41:43,202 [pool-57-thread-1] INFO  server.RaftServerConfigKeys (ConfUtils.java:logGet(43)) - raft.server.log.appender.install.snapshot.enabled = false (custom)
2019-09-25 11:41:43,203 [pool-67-thread-1] INFO  server.RaftServerConfigKeys (ConfUtils.java:logGet(43)) - raft.server.rpc.timeout.min = 5s (custom)
2019-09-25 11:41:43,203 [pool-57-thread-1] INFO  impl.RaftServerImpl (ServerState.java:<init>(103)) - 8c24ed06-386e-4085-8931-93c762a64530@group-BF1BD4D8076C: ConfigurationManager, init=-1: [e081c0a5-acfc-4a29-8262-ee158adf5b11:192.168.30.6:37941, 19e67e26-3d21-4d01-be9f-29113a4a814c:192.168.30.6:34535, 8c24ed06-386e-4085-8931-93c762a64530:192.168.30.6:32862], old=null, confs=<EMPTY_MAP>
2019-09-25 11:41:43,203 [pool-67-thread-1] INFO  server.RaftServerConfigKeys (ConfUtils.java:logGet(43)) - raft.server.rpc.timeout.max = 5200ms (custom)
2019-09-25 11:41:43,203 [pool-57-thread-1] INFO  server.RaftServerConfigKeys (ConfUtils.java:logGet(43)) - raft.server.storage.dir = [/workdir/hadoop-ozone/integration-test/target/test-dir/MiniOzoneClusterImpl-85c44edd-3ede-4f6a-a825-df7bd545a955/datanode-3/data/ratis] (custom)
2019-09-25 11:41:43,203 [pool-67-thread-1] INFO  server.RaftServerConfigKeys (ConfUtils.java:logGet(43)) - raft.server.rpcslowness.timeout = 120s (custom)
2019-09-25 11:41:43,203 [pool-67-thread-1] INFO  server.RaftServerConfigKeys (ConfUtils.java:logGet(43)) - raft.server.sleep.deviation.threshold = 300 (default)
2019-09-25 11:41:43,204 [pool-67-thread-1] INFO  server.RaftServerConfigKeys (ConfUtils.java:logGet(43)) - raft.server.log.appender.install.snapshot.enabled = false (custom)
2019-09-25 11:41:43,204 [pool-57-thread-1] INFO  storage.RaftStorageDirectory (RaftStorageDirectory.java:analyzeStorage(246)) - The storage directory /workdir/hadoop-ozone/integration-test/target/test-dir/MiniOzoneClusterImpl-85c44edd-3ede-4f6a-a825-df7bd545a955/datanode-3/data/ratis/9a9bdc2b-91a8-4192-99cd-bf1bd4d8076c does not exist. Creating ...
2019-09-25 11:41:43,204 [pool-67-thread-1] INFO  impl.RaftServerImpl (ServerState.java:<init>(103)) - e081c0a5-acfc-4a29-8262-ee158adf5b11@group-BF1BD4D8076C: ConfigurationManager, init=-1: [e081c0a5-acfc-4a29-8262-ee158adf5b11:192.168.30.6:37941, 19e67e26-3d21-4d01-be9f-29113a4a814c:192.168.30.6:34535, 8c24ed06-386e-4085-8931-93c762a64530:192.168.30.6:32862], old=null, confs=<EMPTY_MAP>
2019-09-25 11:41:43,204 [pool-27-thread-1] INFO  impl.RaftServerImpl (RaftServerImpl.java:<init>(95)) - 19e67e26-3d21-4d01-be9f-29113a4a814c: new RaftServerImpl for group-BF1BD4D8076C:[e081c0a5-acfc-4a29-8262-ee158adf5b11:192.168.30.6:37941, 19e67e26-3d21-4d01-be9f-29113a4a814c:192.168.30.6:34535, 8c24ed06-386e-4085-8931-93c762a64530:192.168.30.6:32862] with ContainerStateMachine:uninitialized
2019-09-25 11:41:43,204 [pool-67-thread-1] INFO  server.RaftServerConfigKeys (ConfUtils.java:logGet(43)) - raft.server.storage.dir = [/workdir/hadoop-ozone/integration-test/target/test-dir/MiniOzoneClusterImpl-85c44edd-3ede-4f6a-a825-df7bd545a955/datanode-4/data/ratis] (custom)
2019-09-25 11:41:43,204 [pool-27-thread-1] INFO  server.RaftServerConfigKeys (ConfUtils.java:logGet(43)) - raft.server.rpc.timeout.min = 5s (custom)
2019-09-25 11:41:43,205 [pool-27-thread-1] INFO  server.RaftServerConfigKeys (ConfUtils.java:logGet(43)) - raft.server.rpc.timeout.max = 5200ms (custom)
2019-09-25 11:41:43,205 [pool-67-thread-1] INFO  storage.RaftStorageDirectory (RaftStorageDirectory.java:analyzeStorage(246)) - The storage directory /workdir/hadoop-ozone/integration-test/target/test-dir/MiniOzoneClusterImpl-85c44edd-3ede-4f6a-a825-df7bd545a955/datanode-4/data/ratis/9a9bdc2b-91a8-4192-99cd-bf1bd4d8076c does not exist. Creating ...
2019-09-25 11:41:43,205 [pool-27-thread-1] INFO  server.RaftServerConfigKeys (ConfUtils.java:logGet(43)) - raft.server.rpcslowness.timeout = 120s (custom)
2019-09-25 11:41:43,205 [pool-27-thread-1] INFO  server.RaftServerConfigKeys (ConfUtils.java:logGet(43)) - raft.server.sleep.deviation.threshold = 300 (default)
2019-09-25 11:41:43,205 [pool-27-thread-1] INFO  server.RaftServerConfigKeys (ConfUtils.java:logGet(43)) - raft.server.log.appender.install.snapshot.enabled = false (custom)
2019-09-25 11:41:43,205 [pool-27-thread-1] INFO  impl.RaftServerImpl (ServerState.java:<init>(103)) - 19e67e26-3d21-4d01-be9f-29113a4a814c@group-BF1BD4D8076C: ConfigurationManager, init=-1: [e081c0a5-acfc-4a29-8262-ee158adf5b11:192.168.30.6:37941, 19e67e26-3d21-4d01-be9f-29113a4a814c:192.168.30.6:34535, 8c24ed06-386e-4085-8931-93c762a64530:192.168.30.6:32862], old=null, confs=<EMPTY_MAP>
2019-09-25 11:41:43,206 [pool-27-thread-1] INFO  server.RaftServerConfigKeys (ConfUtils.java:logGet(43)) - raft.server.storage.dir = [/workdir/hadoop-ozone/integration-test/target/test-dir/MiniOzoneClusterImpl-85c44edd-3ede-4f6a-a825-df7bd545a955/datanode-0/data/ratis] (custom)
2019-09-25 11:41:43,206 [pool-27-thread-1] INFO  storage.RaftStorageDirectory (RaftStorageDirectory.java:analyzeStorage(246)) - The storage directory /workdir/hadoop-ozone/integration-test/target/test-dir/MiniOzoneClusterImpl-85c44edd-3ede-4f6a-a825-df7bd545a955/datanode-0/data/ratis/9a9bdc2b-91a8-4192-99cd-bf1bd4d8076c does not exist. Creating ...
2019-09-25 11:41:43,210 [pool-67-thread-1] INFO  storage.RaftStorageDirectory (RaftStorageDirectory.java:tryLock(328)) - Lock on /workdir/hadoop-ozone/integration-test/target/test-dir/MiniOzoneClusterImpl-85c44edd-3ede-4f6a-a825-df7bd545a955/datanode-4/data/ratis/9a9bdc2b-91a8-4192-99cd-bf1bd4d8076c/in_use.lock acquired by nodename 6054@pr-hdds-1569-5gmkr-4255264070
2019-09-25 11:41:43,210 [pool-57-thread-1] INFO  storage.RaftStorageDirectory (RaftStorageDirectory.java:tryLock(328)) - Lock on /workdir/hadoop-ozone/integration-test/target/test-dir/MiniOzoneClusterImpl-85c44edd-3ede-4f6a-a825-df7bd545a955/datanode-3/data/ratis/9a9bdc2b-91a8-4192-99cd-bf1bd4d8076c/in_use.lock acquired by nodename 6054@pr-hdds-1569-5gmkr-4255264070
2019-09-25 11:41:43,210 [pool-27-thread-1] INFO  storage.RaftStorageDirectory (RaftStorageDirectory.java:tryLock(328)) - Lock on /workdir/hadoop-ozone/integration-test/target/test-dir/MiniOzoneClusterImpl-85c44edd-3ede-4f6a-a825-df7bd545a955/datanode-0/data/ratis/9a9bdc2b-91a8-4192-99cd-bf1bd4d8076c/in_use.lock acquired by nodename 6054@pr-hdds-1569-5gmkr-4255264070
2019-09-25 11:41:43,219 [pool-67-thread-1] INFO  storage.RaftStorage (RaftStorage.java:format(72)) - Storage directory /workdir/hadoop-ozone/integration-test/target/test-dir/MiniOzoneClusterImpl-85c44edd-3ede-4f6a-a825-df7bd545a955/datanode-4/data/ratis/9a9bdc2b-91a8-4192-99cd-bf1bd4d8076c has been successfully formatted.
2019-09-25 11:41:43,219 [pool-57-thread-1] INFO  storage.RaftStorage (RaftStorage.java:format(72)) - Storage directory /workdir/hadoop-ozone/integration-test/target/test-dir/MiniOzoneClusterImpl-85c44edd-3ede-4f6a-a825-df7bd545a955/datanode-3/data/ratis/9a9bdc2b-91a8-4192-99cd-bf1bd4d8076c has been successfully formatted.
2019-09-25 11:41:43,219 [pool-27-thread-1] INFO  storage.RaftStorage (RaftStorage.java:format(72)) - Storage directory /workdir/hadoop-ozone/integration-test/target/test-dir/MiniOzoneClusterImpl-85c44edd-3ede-4f6a-a825-df7bd545a955/datanode-0/data/ratis/9a9bdc2b-91a8-4192-99cd-bf1bd4d8076c has been successfully formatted.
2019-09-25 11:41:43,219 [pool-67-thread-1] INFO  ratis.ContainerStateMachine (ContainerStateMachine.java:loadSnapshot(230)) - group-BF1BD4D8076C: The snapshot info is null. Setting the last applied indexto:(t:0, i:~)
2019-09-25 11:41:43,220 [pool-57-thread-1] INFO  ratis.ContainerStateMachine (ContainerStateMachine.java:loadSnapshot(230)) - group-BF1BD4D8076C: The snapshot info is null. Setting the last applied indexto:(t:0, i:~)
2019-09-25 11:41:43,220 [pool-27-thread-1] INFO  ratis.ContainerStateMachine (ContainerStateMachine.java:loadSnapshot(230)) - group-BF1BD4D8076C: The snapshot info is null. Setting the last applied indexto:(t:0, i:~)
2019-09-25 11:41:43,220 [pool-67-thread-1] INFO  server.RaftServerConfigKeys (ConfUtils.java:logGet(43)) - raft.server.notification.no-leader.timeout = 120s (custom)
2019-09-25 11:41:43,220 [pool-27-thread-1] INFO  server.RaftServerConfigKeys (ConfUtils.java:logGet(43)) - raft.server.notification.no-leader.timeout = 120s (custom)
2019-09-25 11:41:43,220 [pool-57-thread-1] INFO  server.RaftServerConfigKeys (ConfUtils.java:logGet(43)) - raft.server.notification.no-leader.timeout = 120s (custom)
2019-09-25 11:41:43,220 [pool-27-thread-1] INFO  server.RaftServerConfigKeys (ConfUtils.java:logGet(43)) - raft.server.log.use.memory = false (default)
2019-09-25 11:41:43,220 [pool-67-thread-1] INFO  server.RaftServerConfigKeys (ConfUtils.java:logGet(43)) - raft.server.log.use.memory = false (default)
2019-09-25 11:41:43,221 [pool-27-thread-1] INFO  server.RaftServerConfigKeys (ConfUtils.java:logGet(43)) - raft.server.log.purge.gap = 1000000 (custom)
2019-09-25 11:41:43,220 [pool-57-thread-1] INFO  server.RaftServerConfigKeys (ConfUtils.java:logGet(43)) - raft.server.log.use.memory = false (default)
2019-09-25 11:41:43,221 [pool-27-thread-1] INFO  server.RaftServerConfigKeys (ConfUtils.java:logGet(43)) - raft.server.log.appender.buffer.byte-limit = 33554432 (custom)
2019-09-25 11:41:43,221 [pool-67-thread-1] INFO  server.RaftServerConfigKeys (ConfUtils.java:logGet(43)) - raft.server.log.purge.gap = 1000000 (custom)
2019-09-25 11:41:43,221 [pool-27-thread-1] INFO  server.RaftServerConfigKeys (ConfUtils.java:logGet(43)) - raft.server.log.segment.size.max = 1048576 (custom)
2019-09-25 11:41:43,221 [pool-57-thread-1] INFO  server.RaftServerConfigKeys (ConfUtils.java:logGet(43)) - raft.server.log.purge.gap = 1000000 (custom)
2019-09-25 11:41:43,222 [pool-27-thread-1] INFO  server.RaftServerConfigKeys (ConfUtils.java:logGet(43)) - raft.server.log.segment.cache.num.max = 2 (custom)
2019-09-25 11:41:43,221 [pool-67-thread-1] INFO  server.RaftServerConfigKeys (ConfUtils.java:logGet(43)) - raft.server.log.appender.buffer.byte-limit = 33554432 (custom)
2019-09-25 11:41:43,222 [pool-27-thread-1] INFO  segmented.SegmentedRaftLogWorker (SegmentedRaftLogWorker.java:<init>(172)) - new 19e67e26-3d21-4d01-be9f-29113a4a814c@group-BF1BD4D8076C-SegmentedRaftLogWorker for RaftStorage:Storage Directory /workdir/hadoop-ozone/integration-test/target/test-dir/MiniOzoneClusterImpl-85c44edd-3ede-4f6a-a825-df7bd545a955/datanode-0/data/ratis/9a9bdc2b-91a8-4192-99cd-bf1bd4d8076c
2019-09-25 11:41:43,222 [pool-57-thread-1] INFO  server.RaftServerConfigKeys (ConfUtils.java:logGet(43)) - raft.server.log.appender.buffer.byte-limit = 33554432 (custom)
2019-09-25 11:41:43,222 [pool-27-thread-1] INFO  server.RaftServerConfigKeys (ConfUtils.java:logGet(43)) - raft.server.log.queue.byte-limit = 2147483647 (custom)
2019-09-25 11:41:43,222 [pool-67-thread-1] INFO  server.RaftServerConfigKeys (ConfUtils.java:logGet(43)) - raft.server.log.segment.size.max = 1048576 (custom)
2019-09-25 11:41:43,222 [pool-27-thread-1] INFO  server.RaftServerConfigKeys (ConfUtils.java:logGet(43)) - raft.server.log.queue.element-limit = 1024 (custom)
2019-09-25 11:41:43,222 [pool-57-thread-1] INFO  server.RaftServerConfigKeys (ConfUtils.java:logGet(43)) - raft.server.log.segment.size.max = 1048576 (custom)
2019-09-25 11:41:43,223 [pool-27-thread-1] INFO  server.RaftServerConfigKeys (ConfUtils.java:logGet(43)) - raft.server.log.segment.size.max = 1048576 (custom)
2019-09-25 11:41:43,223 [pool-67-thread-1] INFO  server.RaftServerConfigKeys (ConfUtils.java:logGet(43)) - raft.server.log.segment.cache.num.max = 2 (custom)
2019-09-25 11:41:43,223 [pool-27-thread-1] INFO  server.RaftServerConfigKeys (ConfUtils.java:logGet(43)) - raft.server.log.preallocated.size = 16384 (custom)
2019-09-25 11:41:43,223 [pool-57-thread-1] INFO  server.RaftServerConfigKeys (ConfUtils.java:logGet(43)) - raft.server.log.segment.cache.num.max = 2 (custom)
2019-09-25 11:41:43,223 [pool-27-thread-1] INFO  server.RaftServerConfigKeys (ConfUtils.java:logGet(43)) - raft.server.log.write.buffer.size = 33554432 (custom)
2019-09-25 11:41:43,223 [pool-67-thread-1] INFO  segmented.SegmentedRaftLogWorker (SegmentedRaftLogWorker.java:<init>(172)) - new e081c0a5-acfc-4a29-8262-ee158adf5b11@group-BF1BD4D8076C-SegmentedRaftLogWorker for RaftStorage:Storage Directory /workdir/hadoop-ozone/integration-test/target/test-dir/MiniOzoneClusterImpl-85c44edd-3ede-4f6a-a825-df7bd545a955/datanode-4/data/ratis/9a9bdc2b-91a8-4192-99cd-bf1bd4d8076c
2019-09-25 11:41:43,224 [pool-27-thread-1] INFO  server.RaftServerConfigKeys (ConfUtils.java:logGet(43)) - raft.server.log.force.sync.num = 128 (default)
2019-09-25 11:41:43,224 [pool-57-thread-1] INFO  segmented.SegmentedRaftLogWorker (SegmentedRaftLogWorker.java:<init>(172)) - new 8c24ed06-386e-4085-8931-93c762a64530@group-BF1BD4D8076C-SegmentedRaftLogWorker for RaftStorage:Storage Directory /workdir/hadoop-ozone/integration-test/target/test-dir/MiniOzoneClusterImpl-85c44edd-3ede-4f6a-a825-df7bd545a955/datanode-3/data/ratis/9a9bdc2b-91a8-4192-99cd-bf1bd4d8076c
2019-09-25 11:41:43,224 [pool-27-thread-1] INFO  server.RaftServerConfigKeys (ConfUtils.java:logGet(43)) - raft.server.log.statemachine.data.sync = true (default)
2019-09-25 11:41:43,224 [pool-57-thread-1] INFO  server.RaftServerConfigKeys (ConfUtils.java:logGet(43)) - raft.server.log.queue.byte-limit = 2147483647 (custom)
2019-09-25 11:41:43,224 [pool-27-thread-1] INFO  server.RaftServerConfigKeys (ConfUtils.java:logGet(43)) - raft.server.log.statemachine.data.sync.timeout = 10s (default)
2019-09-25 11:41:43,225 [pool-57-thread-1] INFO  server.RaftServerConfigKeys (ConfUtils.java:logGet(43)) - raft.server.log.queue.element-limit = 1024 (custom)
2019-09-25 11:41:43,225 [pool-27-thread-1] INFO  server.RaftServerConfigKeys (ConfUtils.java:logGet(43)) - raft.server.log.statemachine.data.sync.timeout.retry = -1 (default)
2019-09-25 11:41:43,225 [pool-57-thread-1] INFO  server.RaftServerConfigKeys (ConfUtils.java:logGet(43)) - raft.server.log.segment.size.max = 1048576 (custom)
2019-09-25 11:41:43,225 [pool-27-thread-1] INFO  server.RaftServerConfigKeys (ConfUtils.java:logGet(43)) - raft.server.log.statemachine.data.caching.enabled = true (custom)
2019-09-25 11:41:43,225 [pool-57-thread-1] INFO  server.RaftServerConfigKeys (ConfUtils.java:logGet(43)) - raft.server.log.preallocated.size = 16384 (custom)
2019-09-25 11:41:43,226 [pool-57-thread-1] INFO  server.RaftServerConfigKeys (ConfUtils.java:logGet(43)) - raft.server.log.write.buffer.size = 33554432 (custom)
2019-09-25 11:41:43,226 [pool-27-thread-1] INFO  segmented.SegmentedRaftLogWorker (SegmentedRaftLogWorker.java:lambda$new$0(132)) - 19e67e26-3d21-4d01-be9f-29113a4a814c@group-BF1BD4D8076C-SegmentedRaftLogWorker: flushIndex: setUnconditionally 0 -> -1
2019-09-25 11:41:43,226 [pool-57-thread-1] INFO  server.RaftServerConfigKeys (ConfUtils.java:logGet(43)) - raft.server.log.force.sync.num = 128 (default)
2019-09-25 11:41:43,226 [pool-57-thread-1] INFO  server.RaftServerConfigKeys (ConfUtils.java:logGet(43)) - raft.server.log.statemachine.data.sync = true (default)
2019-09-25 11:41:43,226 [pool-27-thread-1] INFO  server.RaftServerConfigKeys (ConfUtils.java:logGet(43)) - raft.server.snapshot.auto.trigger.enabled = true (custom)
2019-09-25 11:41:43,226 [pool-57-thread-1] INFO  server.RaftServerConfigKeys (ConfUtils.java:logGet(43)) - raft.server.log.statemachine.data.sync.timeout = 10s (default)
2019-09-25 11:41:43,226 [pool-27-thread-1] INFO  server.RaftServerConfigKeys (ConfUtils.java:logGet(43)) - raft.server.snapshot.auto.trigger.threshold = 10000 (custom)
2019-09-25 11:41:43,227 [pool-57-thread-1] INFO  server.RaftServerConfigKeys (ConfUtils.java:logGet(43)) - raft.server.log.statemachine.data.sync.timeout.retry = -1 (default)
2019-09-25 11:41:43,227 [pool-27-thread-1] INFO  server.RaftServerConfigKeys (ConfUtils.java:logGet(43)) - raft.server.snapshot.retention.num.files = 5 (custom)
2019-09-25 11:41:43,227 [pool-57-thread-1] INFO  server.RaftServerConfigKeys (ConfUtils.java:logGet(43)) - raft.server.log.statemachine.data.caching.enabled = true (custom)
2019-09-25 11:41:43,227 [pool-27-thread-1] INFO  server.RaftServerConfigKeys (ConfUtils.java:logGet(43)) - raft.server.retrycache.expirytime = 600000ms (custom)
2019-09-25 11:41:43,227 [pool-57-thread-1] INFO  segmented.SegmentedRaftLogWorker (SegmentedRaftLogWorker.java:lambda$new$0(132)) - 8c24ed06-386e-4085-8931-93c762a64530@group-BF1BD4D8076C-SegmentedRaftLogWorker: flushIndex: setUnconditionally 0 -> -1
2019-09-25 11:41:43,228 [pool-57-thread-1] INFO  server.RaftServerConfigKeys (ConfUtils.java:logGet(43)) - raft.server.snapshot.auto.trigger.enabled = true (custom)
2019-09-25 11:41:43,228 [pool-57-thread-1] INFO  server.RaftServerConfigKeys (ConfUtils.java:logGet(43)) - raft.server.snapshot.auto.trigger.threshold = 10000 (custom)
2019-09-25 11:41:43,228 [pool-57-thread-1] INFO  server.RaftServerConfigKeys (ConfUtils.java:logGet(43)) - raft.server.snapshot.retention.num.files = 5 (custom)
2019-09-25 11:41:43,228 [pool-67-thread-1] INFO  server.RaftServerConfigKeys (ConfUtils.java:logGet(43)) - raft.server.log.queue.byte-limit = 2147483647 (custom)
2019-09-25 11:41:43,228 [pool-57-thread-1] INFO  server.RaftServerConfigKeys (ConfUtils.java:logGet(43)) - raft.server.retrycache.expirytime = 600000ms (custom)
2019-09-25 11:41:43,228 [pool-67-thread-1] INFO  server.RaftServerConfigKeys (ConfUtils.java:logGet(43)) - raft.server.log.queue.element-limit = 1024 (custom)
2019-09-25 11:41:43,229 [pool-67-thread-1] INFO  server.RaftServerConfigKeys (ConfUtils.java:logGet(43)) - raft.server.log.segment.size.max = 1048576 (custom)
2019-09-25 11:41:43,229 [pool-67-thread-1] INFO  server.RaftServerConfigKeys (ConfUtils.java:logGet(43)) - raft.server.log.preallocated.size = 16384 (custom)
2019-09-25 11:41:43,229 [pool-67-thread-1] INFO  server.RaftServerConfigKeys (ConfUtils.java:logGet(43)) - raft.server.log.write.buffer.size = 33554432 (custom)
2019-09-25 11:41:43,229 [pool-67-thread-1] INFO  server.RaftServerConfigKeys (ConfUtils.java:logGet(43)) - raft.server.log.force.sync.num = 128 (default)
2019-09-25 11:41:43,229 [pool-67-thread-1] INFO  server.RaftServerConfigKeys (ConfUtils.java:logGet(43)) - raft.server.log.statemachine.data.sync = true (default)
2019-09-25 11:41:43,229 [pool-67-thread-1] INFO  server.RaftServerConfigKeys (ConfUtils.java:logGet(43)) - raft.server.log.statemachine.data.sync.timeout = 10s (default)
2019-09-25 11:41:43,229 [pool-67-thread-1] INFO  server.RaftServerConfigKeys (ConfUtils.java:logGet(43)) - raft.server.log.statemachine.data.sync.timeout.retry = -1 (default)
2019-09-25 11:41:43,230 [pool-67-thread-1] INFO  server.RaftServerConfigKeys (ConfUtils.java:logGet(43)) - raft.server.log.statemachine.data.caching.enabled = true (custom)
2019-09-25 11:41:43,230 [pool-67-thread-1] INFO  segmented.SegmentedRaftLogWorker (SegmentedRaftLogWorker.java:lambda$new$0(132)) - e081c0a5-acfc-4a29-8262-ee158adf5b11@group-BF1BD4D8076C-SegmentedRaftLogWorker: flushIndex: setUnconditionally 0 -> -1
2019-09-25 11:41:43,230 [pool-67-thread-1] INFO  server.RaftServerConfigKeys (ConfUtils.java:logGet(43)) - raft.server.snapshot.auto.trigger.enabled = true (custom)
2019-09-25 11:41:43,231 [pool-67-thread-1] INFO  server.RaftServerConfigKeys (ConfUtils.java:logGet(43)) - raft.server.snapshot.auto.trigger.threshold = 10000 (custom)
2019-09-25 11:41:43,231 [pool-67-thread-1] INFO  server.RaftServerConfigKeys (ConfUtils.java:logGet(43)) - raft.server.snapshot.retention.num.files = 5 (custom)
2019-09-25 11:41:43,231 [pool-67-thread-1] INFO  server.RaftServerConfigKeys (ConfUtils.java:logGet(43)) - raft.server.retrycache.expirytime = 600000ms (custom)
2019-09-25 11:41:43,233 [pool-27-thread-1] INFO  impl.RaftServerImpl (RaftServerImpl.java:start(185)) - 19e67e26-3d21-4d01-be9f-29113a4a814c@group-BF1BD4D8076C: start as a follower, conf=-1: [e081c0a5-acfc-4a29-8262-ee158adf5b11:192.168.30.6:37941, 19e67e26-3d21-4d01-be9f-29113a4a814c:192.168.30.6:34535, 8c24ed06-386e-4085-8931-93c762a64530:192.168.30.6:32862], old=null
2019-09-25 11:41:43,233 [pool-27-thread-1] INFO  impl.RaftServerImpl (RaftServerImpl.java:setRole(174)) - 19e67e26-3d21-4d01-be9f-29113a4a814c@group-BF1BD4D8076C: changes role from      null to FOLLOWER at term 0 for startAsFollower
2019-09-25 11:41:43,233 [pool-27-thread-1] INFO  impl.RoleInfo (RoleInfo.java:updateAndGet(143)) - 19e67e26-3d21-4d01-be9f-29113a4a814c: start FollowerState
2019-09-25 11:41:43,234 [pool-57-thread-1] INFO  impl.RaftServerImpl (RaftServerImpl.java:start(185)) - 8c24ed06-386e-4085-8931-93c762a64530@group-BF1BD4D8076C: start as a follower, conf=-1: [e081c0a5-acfc-4a29-8262-ee158adf5b11:192.168.30.6:37941, 19e67e26-3d21-4d01-be9f-29113a4a814c:192.168.30.6:34535, 8c24ed06-386e-4085-8931-93c762a64530:192.168.30.6:32862], old=null
2019-09-25 11:41:43,234 [pool-27-thread-1] INFO  util.JmxRegister (JmxRegister.java:tryRegister(44)) - Successfully registered JMX Bean with object name Ratis:service=RaftServer,group=group-BF1BD4D8076C,id=19e67e26-3d21-4d01-be9f-29113a4a814c
2019-09-25 11:41:43,234 [pool-57-thread-1] INFO  impl.RaftServerImpl (RaftServerImpl.java:setRole(174)) - 8c24ed06-386e-4085-8931-93c762a64530@group-BF1BD4D8076C: changes role from      null to FOLLOWER at term 0 for startAsFollower
2019-09-25 11:41:43,234 [pool-57-thread-1] INFO  impl.RoleInfo (RoleInfo.java:updateAndGet(143)) - 8c24ed06-386e-4085-8931-93c762a64530: start FollowerState
2019-09-25 11:41:43,235 [pool-57-thread-1] INFO  util.JmxRegister (JmxRegister.java:tryRegister(44)) - Successfully registered JMX Bean with object name Ratis:service=RaftServer,group=group-BF1BD4D8076C,id=8c24ed06-386e-4085-8931-93c762a64530
2019-09-25 11:41:43,236 [pool-67-thread-1] INFO  impl.RaftServerImpl (RaftServerImpl.java:start(185)) - e081c0a5-acfc-4a29-8262-ee158adf5b11@group-BF1BD4D8076C: start as a follower, conf=-1: [e081c0a5-acfc-4a29-8262-ee158adf5b11:192.168.30.6:37941, 19e67e26-3d21-4d01-be9f-29113a4a814c:192.168.30.6:34535, 8c24ed06-386e-4085-8931-93c762a64530:192.168.30.6:32862], old=null
2019-09-25 11:41:43,238 [pool-67-thread-1] INFO  impl.RaftServerImpl (RaftServerImpl.java:setRole(174)) - e081c0a5-acfc-4a29-8262-ee158adf5b11@group-BF1BD4D8076C: changes role from      null to FOLLOWER at term 0 for startAsFollower
2019-09-25 11:41:43,238 [pool-67-thread-1] INFO  impl.RoleInfo (RoleInfo.java:updateAndGet(143)) - e081c0a5-acfc-4a29-8262-ee158adf5b11: start FollowerState
2019-09-25 11:41:43,240 [pool-67-thread-1] INFO  util.JmxRegister (JmxRegister.java:tryRegister(44)) - Successfully registered JMX Bean with object name Ratis:service=RaftServer,group=group-BF1BD4D8076C,id=e081c0a5-acfc-4a29-8262-ee158adf5b11
2019-09-25 11:41:43,262 [RatisPipelineUtilsThread] INFO  pipeline.PipelineStateManager (PipelineStateManager.java:addPipeline(56)) - Created pipeline Pipeline[ Id: 9a9bdc2b-91a8-4192-99cd-bf1bd4d8076c, Nodes: e081c0a5-acfc-4a29-8262-ee158adf5b11{ip: 192.168.30.6, host: pr-hdds-1569-5gmkr-4255264070, networkLocation: /default-rack, certSerialId: null}8c24ed06-386e-4085-8931-93c762a64530{ip: 192.168.30.6, host: pr-hdds-1569-5gmkr-4255264070, networkLocation: /default-rack, certSerialId: null}19e67e26-3d21-4d01-be9f-29113a4a814c{ip: 192.168.30.6, host: pr-hdds-1569-5gmkr-4255264070, networkLocation: /default-rack, certSerialId: null}, Type:RATIS, Factor:THREE, State:OPEN]
2019-09-25 11:41:43,284 [grpc-default-executor-2] INFO  impl.RaftServerProxy (RaftServerProxy.java:addNew(89)) - a7d59ef6-3eca-4628-b097-12d983444e7f: addNew group-47DBAAEC82C8:[a7d59ef6-3eca-4628-b097-12d983444e7f:192.168.30.6:43486, 8c24ed06-386e-4085-8931-93c762a64530:192.168.30.6:32862, b7064b77-9271-4e94-8225-85d895886efb:192.168.30.6:41519] returns group-47DBAAEC82C8:java.util.concurrent.CompletableFuture@4fd77d1d[Not completed]
2019-09-25 11:41:43,284 [grpc-default-executor-1] INFO  impl.RaftServerProxy (RaftServerProxy.java:addNew(89)) - b7064b77-9271-4e94-8225-85d895886efb: addNew group-47DBAAEC82C8:[a7d59ef6-3eca-4628-b097-12d983444e7f:192.168.30.6:43486, 8c24ed06-386e-4085-8931-93c762a64530:192.168.30.6:32862, b7064b77-9271-4e94-8225-85d895886efb:192.168.30.6:41519] returns group-47DBAAEC82C8:java.util.concurrent.CompletableFuture@3e854815[Not completed]
2019-09-25 11:41:43,284 [grpc-default-executor-0] INFO  impl.RaftServerProxy (RaftServerProxy.java:addNew(89)) - 8c24ed06-386e-4085-8931-93c762a64530: addNew group-47DBAAEC82C8:[a7d59ef6-3eca-4628-b097-12d983444e7f:192.168.30.6:43486, 8c24ed06-386e-4085-8931-93c762a64530:192.168.30.6:32862, b7064b77-9271-4e94-8225-85d895886efb:192.168.30.6:41519] returns group-47DBAAEC82C8:java.util.concurrent.CompletableFuture@68aff91b[Not completed]
2019-09-25 11:41:43,288 [pool-37-thread-1] INFO  impl.RaftServerImpl (RaftServerImpl.java:<init>(95)) - b7064b77-9271-4e94-8225-85d895886efb: new RaftServerImpl for group-47DBAAEC82C8:[a7d59ef6-3eca-4628-b097-12d983444e7f:192.168.30.6:43486, 8c24ed06-386e-4085-8931-93c762a64530:192.168.30.6:32862, b7064b77-9271-4e94-8225-85d895886efb:192.168.30.6:41519] with ContainerStateMachine:uninitialized
2019-09-25 11:41:43,288 [pool-37-thread-1] INFO  server.RaftServerConfigKeys (ConfUtils.java:logGet(43)) - raft.server.rpc.timeout.min = 5s (custom)
2019-09-25 11:41:43,288 [pool-37-thread-1] INFO  server.RaftServerConfigKeys (ConfUtils.java:logGet(43)) - raft.server.rpc.timeout.max = 5200ms (custom)
2019-09-25 11:41:43,288 [pool-37-thread-1] INFO  server.RaftServerConfigKeys (ConfUtils.java:logGet(43)) - raft.server.rpcslowness.timeout = 120s (custom)
2019-09-25 11:41:43,288 [pool-37-thread-1] INFO  server.RaftServerConfigKeys (ConfUtils.java:logGet(43)) - raft.server.sleep.deviation.threshold = 300 (default)
2019-09-25 11:41:43,288 [pool-37-thread-1] INFO  server.RaftServerConfigKeys (ConfUtils.java:logGet(43)) - raft.server.log.appender.install.snapshot.enabled = false (custom)
2019-09-25 11:41:43,289 [pool-37-thread-1] INFO  impl.RaftServerImpl (ServerState.java:<init>(103)) - b7064b77-9271-4e94-8225-85d895886efb@group-47DBAAEC82C8: ConfigurationManager, init=-1: [a7d59ef6-3eca-4628-b097-12d983444e7f:192.168.30.6:43486, 8c24ed06-386e-4085-8931-93c762a64530:192.168.30.6:32862, b7064b77-9271-4e94-8225-85d895886efb:192.168.30.6:41519], old=null, confs=<EMPTY_MAP>
2019-09-25 11:41:43,289 [pool-37-thread-1] INFO  server.RaftServerConfigKeys (ConfUtils.java:logGet(43)) - raft.server.storage.dir = [/workdir/hadoop-ozone/integration-test/target/test-dir/MiniOzoneClusterImpl-85c44edd-3ede-4f6a-a825-df7bd545a955/datanode-1/data/ratis] (custom)
2019-09-25 11:41:43,291 [pool-77-thread-1] INFO  impl.RaftServerImpl (RaftServerImpl.java:<init>(95)) - a7d59ef6-3eca-4628-b097-12d983444e7f: new RaftServerImpl for group-47DBAAEC82C8:[a7d59ef6-3eca-4628-b097-12d983444e7f:192.168.30.6:43486, 8c24ed06-386e-4085-8931-93c762a64530:192.168.30.6:32862, b7064b77-9271-4e94-8225-85d895886efb:192.168.30.6:41519] with ContainerStateMachine:uninitialized
2019-09-25 11:41:43,291 [pool-37-thread-1] INFO  storage.RaftStorageDirectory (RaftStorageDirectory.java:analyzeStorage(246)) - The storage directory /workdir/hadoop-ozone/integration-test/target/test-dir/MiniOzoneClusterImpl-85c44edd-3ede-4f6a-a825-df7bd545a955/datanode-1/data/ratis/e82fb40c-29ee-44a8-987b-47dbaaec82c8 does not exist. Creating ...
2019-09-25 11:41:43,292 [pool-77-thread-1] INFO  server.RaftServerConfigKeys (ConfUtils.java:logGet(43)) - raft.server.rpc.timeout.min = 5s (custom)
2019-09-25 11:41:43,292 [pool-77-thread-1] INFO  server.RaftServerConfigKeys (ConfUtils.java:logGet(43)) - raft.server.rpc.timeout.max = 5200ms (custom)
2019-09-25 11:41:43,292 [pool-57-thread-1] INFO  impl.RaftServerImpl (RaftServerImpl.java:<init>(95)) - 8c24ed06-386e-4085-8931-93c762a64530: new RaftServerImpl for group-47DBAAEC82C8:[a7d59ef6-3eca-4628-b097-12d983444e7f:192.168.30.6:43486, 8c24ed06-386e-4085-8931-93c762a64530:192.168.30.6:32862, b7064b77-9271-4e94-8225-85d895886efb:192.168.30.6:41519] with ContainerStateMachine:uninitialized
2019-09-25 11:41:43,292 [pool-77-thread-1] INFO  server.RaftServerConfigKeys (ConfUtils.java:logGet(43)) - raft.server.rpcslowness.timeout = 120s (custom)
2019-09-25 11:41:43,292 [pool-57-thread-1] INFO  server.RaftServerConfigKeys (ConfUtils.java:logGet(43)) - raft.server.rpc.timeout.min = 5s (custom)
2019-09-25 11:41:43,292 [pool-77-thread-1] INFO  server.RaftServerConfigKeys (ConfUtils.java:logGet(43)) - raft.server.sleep.deviation.threshold = 300 (default)
2019-09-25 11:41:43,292 [pool-57-thread-1] INFO  server.RaftServerConfigKeys (ConfUtils.java:logGet(43)) - raft.server.rpc.timeout.max = 5200ms (custom)
2019-09-25 11:41:43,292 [pool-77-thread-1] INFO  server.RaftServerConfigKeys (ConfUtils.java:logGet(43)) - raft.server.log.appender.install.snapshot.enabled = false (custom)
2019-09-25 11:41:43,293 [pool-57-thread-1] INFO  server.RaftServerConfigKeys (ConfUtils.java:logGet(43)) - raft.server.rpcslowness.timeout = 120s (custom)
2019-09-25 11:41:43,293 [pool-77-thread-1] INFO  impl.RaftServerImpl (ServerState.java:<init>(103)) - a7d59ef6-3eca-4628-b097-12d983444e7f@group-47DBAAEC82C8: ConfigurationManager, init=-1: [a7d59ef6-3eca-4628-b097-12d983444e7f:192.168.30.6:43486, 8c24ed06-386e-4085-8931-93c762a64530:192.168.30.6:32862, b7064b77-9271-4e94-8225-85d895886efb:192.168.30.6:41519], old=null, confs=<EMPTY_MAP>
2019-09-25 11:41:43,293 [pool-57-thread-1] INFO  server.RaftServerConfigKeys (ConfUtils.java:logGet(43)) - raft.server.sleep.deviation.threshold = 300 (default)
2019-09-25 11:41:43,293 [pool-57-thread-1] INFO  server.RaftServerConfigKeys (ConfUtils.java:logGet(43)) - raft.server.log.appender.install.snapshot.enabled = false (custom)
2019-09-25 11:41:43,293 [pool-77-thread-1] INFO  server.RaftServerConfigKeys (ConfUtils.java:logGet(43)) - raft.server.storage.dir = [/workdir/hadoop-ozone/integration-test/target/test-dir/MiniOzoneClusterImpl-85c44edd-3ede-4f6a-a825-df7bd545a955/datanode-5/data/ratis] (custom)
2019-09-25 11:41:43,293 [pool-57-thread-1] INFO  impl.RaftServerImpl (ServerState.java:<init>(103)) - 8c24ed06-386e-4085-8931-93c762a64530@group-47DBAAEC82C8: ConfigurationManager, init=-1: [a7d59ef6-3eca-4628-b097-12d983444e7f:192.168.30.6:43486, 8c24ed06-386e-4085-8931-93c762a64530:192.168.30.6:32862, b7064b77-9271-4e94-8225-85d895886efb:192.168.30.6:41519], old=null, confs=<EMPTY_MAP>
2019-09-25 11:41:43,293 [pool-57-thread-1] INFO  server.RaftServerConfigKeys (ConfUtils.java:logGet(43)) - raft.server.storage.dir = [/workdir/hadoop-ozone/integration-test/target/test-dir/MiniOzoneClusterImpl-85c44edd-3ede-4f6a-a825-df7bd545a955/datanode-3/data/ratis] (custom)
2019-09-25 11:41:43,294 [pool-77-thread-1] INFO  storage.RaftStorageDirectory (RaftStorageDirectory.java:analyzeStorage(246)) - The storage directory /workdir/hadoop-ozone/integration-test/target/test-dir/MiniOzoneClusterImpl-85c44edd-3ede-4f6a-a825-df7bd545a955/datanode-5/data/ratis/e82fb40c-29ee-44a8-987b-47dbaaec82c8 does not exist. Creating ...
2019-09-25 11:41:43,294 [pool-57-thread-1] INFO  storage.RaftStorageDirectory (RaftStorageDirectory.java:analyzeStorage(246)) - The storage directory /workdir/hadoop-ozone/integration-test/target/test-dir/MiniOzoneClusterImpl-85c44edd-3ede-4f6a-a825-df7bd545a955/datanode-3/data/ratis/e82fb40c-29ee-44a8-987b-47dbaaec82c8 does not exist. Creating ...
2019-09-25 11:41:43,302 [pool-57-thread-1] INFO  storage.RaftStorageDirectory (RaftStorageDirectory.java:tryLock(328)) - Lock on /workdir/hadoop-ozone/integration-test/target/test-dir/MiniOzoneClusterImpl-85c44edd-3ede-4f6a-a825-df7bd545a955/datanode-3/data/ratis/e82fb40c-29ee-44a8-987b-47dbaaec82c8/in_use.lock acquired by nodename 6054@pr-hdds-1569-5gmkr-4255264070
2019-09-25 11:41:43,302 [pool-77-thread-1] INFO  storage.RaftStorageDirectory (RaftStorageDirectory.java:tryLock(328)) - Lock on /workdir/hadoop-ozone/integration-test/target/test-dir/MiniOzoneClusterImpl-85c44edd-3ede-4f6a-a825-df7bd545a955/datanode-5/data/ratis/e82fb40c-29ee-44a8-987b-47dbaaec82c8/in_use.lock acquired by nodename 6054@pr-hdds-1569-5gmkr-4255264070
2019-09-25 11:41:43,302 [pool-37-thread-1] INFO  storage.RaftStorageDirectory (RaftStorageDirectory.java:tryLock(328)) - Lock on /workdir/hadoop-ozone/integration-test/target/test-dir/MiniOzoneClusterImpl-85c44edd-3ede-4f6a-a825-df7bd545a955/datanode-1/data/ratis/e82fb40c-29ee-44a8-987b-47dbaaec82c8/in_use.lock acquired by nodename 6054@pr-hdds-1569-5gmkr-4255264070
2019-09-25 11:41:43,316 [pool-77-thread-1] INFO  storage.RaftStorage (RaftStorage.java:format(72)) - Storage directory /workdir/hadoop-ozone/integration-test/target/test-dir/MiniOzoneClusterImpl-85c44edd-3ede-4f6a-a825-df7bd545a955/datanode-5/data/ratis/e82fb40c-29ee-44a8-987b-47dbaaec82c8 has been successfully formatted.
2019-09-25 11:41:43,316 [pool-57-thread-1] INFO  storage.RaftStorage (RaftStorage.java:format(72)) - Storage directory /workdir/hadoop-ozone/integration-test/target/test-dir/MiniOzoneClusterImpl-85c44edd-3ede-4f6a-a825-df7bd545a955/datanode-3/data/ratis/e82fb40c-29ee-44a8-987b-47dbaaec82c8 has been successfully formatted.
2019-09-25 11:41:43,316 [pool-37-thread-1] INFO  storage.RaftStorage (RaftStorage.java:format(72)) - Storage directory /workdir/hadoop-ozone/integration-test/target/test-dir/MiniOzoneClusterImpl-85c44edd-3ede-4f6a-a825-df7bd545a955/datanode-1/data/ratis/e82fb40c-29ee-44a8-987b-47dbaaec82c8 has been successfully formatted.
2019-09-25 11:41:43,317 [pool-77-thread-1] INFO  ratis.ContainerStateMachine (ContainerStateMachine.java:loadSnapshot(230)) - group-47DBAAEC82C8: The snapshot info is null. Setting the last applied indexto:(t:0, i:~)
2019-09-25 11:41:43,317 [pool-57-thread-1] INFO  ratis.ContainerStateMachine (ContainerStateMachine.java:loadSnapshot(230)) - group-47DBAAEC82C8: The snapshot info is null. Setting the last applied indexto:(t:0, i:~)
2019-09-25 11:41:43,317 [pool-77-thread-1] INFO  server.RaftServerConfigKeys (ConfUtils.java:logGet(43)) - raft.server.notification.no-leader.timeout = 120s (custom)
2019-09-25 11:41:43,317 [pool-37-thread-1] INFO  ratis.ContainerStateMachine (ContainerStateMachine.java:loadSnapshot(230)) - group-47DBAAEC82C8: The snapshot info is null. Setting the last applied indexto:(t:0, i:~)
2019-09-25 11:41:43,317 [pool-77-thread-1] INFO  server.RaftServerConfigKeys (ConfUtils.java:logGet(43)) - raft.server.log.use.memory = false (default)
2019-09-25 11:41:43,317 [pool-57-thread-1] INFO  server.RaftServerConfigKeys (ConfUtils.java:logGet(43)) - raft.server.notification.no-leader.timeout = 120s (custom)
2019-09-25 11:41:43,317 [pool-77-thread-1] INFO  server.RaftServerConfigKeys (ConfUtils.java:logGet(43)) - raft.server.log.purge.gap = 1000000 (custom)
2019-09-25 11:41:43,317 [pool-37-thread-1] INFO  server.RaftServerConfigKeys (ConfUtils.java:logGet(43)) - raft.server.notification.no-leader.timeout = 120s (custom)
2019-09-25 11:41:43,318 [pool-77-thread-1] INFO  server.RaftServerConfigKeys (ConfUtils.java:logGet(43)) - raft.server.log.appender.buffer.byte-limit = 33554432 (custom)
2019-09-25 11:41:43,318 [pool-57-thread-1] INFO  server.RaftServerConfigKeys (ConfUtils.java:logGet(43)) - raft.server.log.use.memory = false (default)
2019-09-25 11:41:43,318 [pool-77-thread-1] INFO  server.RaftServerConfigKeys (ConfUtils.java:logGet(43)) - raft.server.log.segment.size.max = 1048576 (custom)
2019-09-25 11:41:43,318 [pool-37-thread-1] INFO  server.RaftServerConfigKeys (ConfUtils.java:logGet(43)) - raft.server.log.use.memory = false (default)
2019-09-25 11:41:43,318 [pool-77-thread-1] INFO  server.RaftServerConfigKeys (ConfUtils.java:logGet(43)) - raft.server.log.segment.cache.num.max = 2 (custom)
2019-09-25 11:41:43,318 [pool-57-thread-1] INFO  server.RaftServerConfigKeys (ConfUtils.java:logGet(43)) - raft.server.log.purge.gap = 1000000 (custom)
2019-09-25 11:41:43,318 [pool-77-thread-1] INFO  segmented.SegmentedRaftLogWorker (SegmentedRaftLogWorker.java:<init>(172)) - new a7d59ef6-3eca-4628-b097-12d983444e7f@group-47DBAAEC82C8-SegmentedRaftLogWorker for RaftStorage:Storage Directory /workdir/hadoop-ozone/integration-test/target/test-dir/MiniOzoneClusterImpl-85c44edd-3ede-4f6a-a825-df7bd545a955/datanode-5/data/ratis/e82fb40c-29ee-44a8-987b-47dbaaec82c8
2019-09-25 11:41:43,318 [pool-37-thread-1] INFO  server.RaftServerConfigKeys (ConfUtils.java:logGet(43)) - raft.server.log.purge.gap = 1000000 (custom)
2019-09-25 11:41:43,319 [pool-57-thread-1] INFO  server.RaftServerConfigKeys (ConfUtils.java:logGet(43)) - raft.server.log.appender.buffer.byte-limit = 33554432 (custom)
2019-09-25 11:41:43,319 [pool-37-thread-1] INFO  server.RaftServerConfigKeys (ConfUtils.java:logGet(43)) - raft.server.log.appender.buffer.byte-limit = 33554432 (custom)
2019-09-25 11:41:43,319 [pool-57-thread-1] INFO  server.RaftServerConfigKeys (ConfUtils.java:logGet(43)) - raft.server.log.segment.size.max = 1048576 (custom)
2019-09-25 11:41:43,319 [pool-37-thread-1] INFO  server.RaftServerConfigKeys (ConfUtils.java:logGet(43)) - raft.server.log.segment.size.max = 1048576 (custom)
2019-09-25 11:41:43,319 [pool-57-thread-1] INFO  server.RaftServerConfigKeys (ConfUtils.java:logGet(43)) - raft.server.log.segment.cache.num.max = 2 (custom)
2019-09-25 11:41:43,319 [pool-37-thread-1] INFO  server.RaftServerConfigKeys (ConfUtils.java:logGet(43)) - raft.server.log.segment.cache.num.max = 2 (custom)
2019-09-25 11:41:43,319 [pool-57-thread-1] INFO  segmented.SegmentedRaftLogWorker (SegmentedRaftLogWorker.java:<init>(172)) - new 8c24ed06-386e-4085-8931-93c762a64530@group-47DBAAEC82C8-SegmentedRaftLogWorker for RaftStorage:Storage Directory /workdir/hadoop-ozone/integration-test/target/test-dir/MiniOzoneClusterImpl-85c44edd-3ede-4f6a-a825-df7bd545a955/datanode-3/data/ratis/e82fb40c-29ee-44a8-987b-47dbaaec82c8
2019-09-25 11:41:43,319 [pool-37-thread-1] INFO  segmented.SegmentedRaftLogWorker (SegmentedRaftLogWorker.java:<init>(172)) - new b7064b77-9271-4e94-8225-85d895886efb@group-47DBAAEC82C8-SegmentedRaftLogWorker for RaftStorage:Storage Directory /workdir/hadoop-ozone/integration-test/target/test-dir/MiniOzoneClusterImpl-85c44edd-3ede-4f6a-a825-df7bd545a955/datanode-1/data/ratis/e82fb40c-29ee-44a8-987b-47dbaaec82c8
2019-09-25 11:41:43,320 [pool-57-thread-1] INFO  server.RaftServerConfigKeys (ConfUtils.java:logGet(43)) - raft.server.log.queue.byte-limit = 2147483647 (custom)
2019-09-25 11:41:43,320 [pool-37-thread-1] INFO  server.RaftServerConfigKeys (ConfUtils.java:logGet(43)) - raft.server.log.queue.byte-limit = 2147483647 (custom)
2019-09-25 11:41:43,320 [pool-57-thread-1] INFO  server.RaftServerConfigKeys (ConfUtils.java:logGet(43)) - raft.server.log.queue.element-limit = 1024 (custom)
2019-09-25 11:41:43,320 [pool-37-thread-1] INFO  server.RaftServerConfigKeys (ConfUtils.java:logGet(43)) - raft.server.log.queue.element-limit = 1024 (custom)
2019-09-25 11:41:43,320 [pool-57-thread-1] INFO  server.RaftServerConfigKeys (ConfUtils.java:logGet(43)) - raft.server.log.segment.size.max = 1048576 (custom)
2019-09-25 11:41:43,320 [pool-37-thread-1] INFO  server.RaftServerConfigKeys (ConfUtils.java:logGet(43)) - raft.server.log.segment.size.max = 1048576 (custom)
2019-09-25 11:41:43,320 [pool-57-thread-1] INFO  server.RaftServerConfigKeys (ConfUtils.java:logGet(43)) - raft.server.log.preallocated.size = 16384 (custom)
2019-09-25 11:41:43,320 [pool-37-thread-1] INFO  server.RaftServerConfigKeys (ConfUtils.java:logGet(43)) - raft.server.log.preallocated.size = 16384 (custom)
2019-09-25 11:41:43,320 [pool-57-thread-1] INFO  server.RaftServerConfigKeys (ConfUtils.java:logGet(43)) - raft.server.log.write.buffer.size = 33554432 (custom)
2019-09-25 11:41:43,321 [pool-37-thread-1] INFO  server.RaftServerConfigKeys (ConfUtils.java:logGet(43)) - raft.server.log.write.buffer.size = 33554432 (custom)
2019-09-25 11:41:43,321 [pool-57-thread-1] INFO  server.RaftServerConfigKeys (ConfUtils.java:logGet(43)) - raft.server.log.force.sync.num = 128 (default)
2019-09-25 11:41:43,321 [pool-37-thread-1] INFO  server.RaftServerConfigKeys (ConfUtils.java:logGet(43)) - raft.server.log.force.sync.num = 128 (default)
2019-09-25 11:41:43,321 [pool-57-thread-1] INFO  server.RaftServerConfigKeys (ConfUtils.java:logGet(43)) - raft.server.log.statemachine.data.sync = true (default)
2019-09-25 11:41:43,321 [pool-37-thread-1] INFO  server.RaftServerConfigKeys (ConfUtils.java:logGet(43)) - raft.server.log.statemachine.data.sync = true (default)
2019-09-25 11:41:43,321 [pool-57-thread-1] INFO  server.RaftServerConfigKeys (ConfUtils.java:logGet(43)) - raft.server.log.statemachine.data.sync.timeout = 10s (default)
2019-09-25 11:41:43,321 [pool-37-thread-1] INFO  server.RaftServerConfigKeys (ConfUtils.java:logGet(43)) - raft.server.log.statemachine.data.sync.timeout = 10s (default)
2019-09-25 11:41:43,321 [pool-57-thread-1] INFO  server.RaftServerConfigKeys (ConfUtils.java:logGet(43)) - raft.server.log.statemachine.data.sync.timeout.retry = -1 (default)
2019-09-25 11:41:43,322 [pool-37-thread-1] INFO  server.RaftServerConfigKeys (ConfUtils.java:logGet(43)) - raft.server.log.statemachine.data.sync.timeout.retry = -1 (default)
2019-09-25 11:41:43,322 [pool-57-thread-1] INFO  server.RaftServerConfigKeys (ConfUtils.java:logGet(43)) - raft.server.log.statemachine.data.caching.enabled = true (custom)
2019-09-25 11:41:43,322 [pool-37-thread-1] INFO  server.RaftServerConfigKeys (ConfUtils.java:logGet(43)) - raft.server.log.statemachine.data.caching.enabled = true (custom)
2019-09-25 11:41:43,322 [pool-77-thread-1] INFO  server.RaftServerConfigKeys (ConfUtils.java:logGet(43)) - raft.server.log.queue.byte-limit = 2147483647 (custom)
2019-09-25 11:41:43,322 [pool-37-thread-1] INFO  segmented.SegmentedRaftLogWorker (SegmentedRaftLogWorker.java:lambda$new$0(132)) - b7064b77-9271-4e94-8225-85d895886efb@group-47DBAAEC82C8-SegmentedRaftLogWorker: flushIndex: setUnconditionally 0 -> -1
2019-09-25 11:41:43,322 [pool-57-thread-1] INFO  segmented.SegmentedRaftLogWorker (SegmentedRaftLogWorker.java:lambda$new$0(132)) - 8c24ed06-386e-4085-8931-93c762a64530@group-47DBAAEC82C8-SegmentedRaftLogWorker: flushIndex: setUnconditionally 0 -> -1
2019-09-25 11:41:43,322 [pool-77-thread-1] INFO  server.RaftServerConfigKeys (ConfUtils.java:logGet(43)) - raft.server.log.queue.element-limit = 1024 (custom)
2019-09-25 11:41:43,323 [pool-57-thread-1] INFO  server.RaftServerConfigKeys (ConfUtils.java:logGet(43)) - raft.server.snapshot.auto.trigger.enabled = true (custom)
2019-09-25 11:41:43,323 [pool-37-thread-1] INFO  server.RaftServerConfigKeys (ConfUtils.java:logGet(43)) - raft.server.snapshot.auto.trigger.enabled = true (custom)
2019-09-25 11:41:43,323 [pool-57-thread-1] INFO  server.RaftServerConfigKeys (ConfUtils.java:logGet(43)) - raft.server.snapshot.auto.trigger.threshold = 10000 (custom)
2019-09-25 11:41:43,323 [pool-77-thread-1] INFO  server.RaftServerConfigKeys (ConfUtils.java:logGet(43)) - raft.server.log.segment.size.max = 1048576 (custom)
2019-09-25 11:41:43,323 [pool-57-thread-1] INFO  server.RaftServerConfigKeys (ConfUtils.java:logGet(43)) - raft.server.snapshot.retention.num.files = 5 (custom)
2019-09-25 11:41:43,323 [pool-37-thread-1] INFO  server.RaftServerConfigKeys (ConfUtils.java:logGet(43)) - raft.server.snapshot.auto.trigger.threshold = 10000 (custom)
2019-09-25 11:41:43,323 [pool-57-thread-1] INFO  server.RaftServerConfigKeys (ConfUtils.java:logGet(43)) - raft.server.retrycache.expirytime = 600000ms (custom)
2019-09-25 11:41:43,323 [pool-77-thread-1] INFO  server.RaftServerConfigKeys (ConfUtils.java:logGet(43)) - raft.server.log.preallocated.size = 16384 (custom)
2019-09-25 11:41:43,323 [pool-37-thread-1] INFO  server.RaftServerConfigKeys (ConfUtils.java:logGet(43)) - raft.server.snapshot.retention.num.files = 5 (custom)
2019-09-25 11:41:43,324 [pool-77-thread-1] INFO  server.RaftServerConfigKeys (ConfUtils.java:logGet(43)) - raft.server.log.write.buffer.size = 33554432 (custom)
2019-09-25 11:41:43,324 [pool-37-thread-1] INFO  server.RaftServerConfigKeys (ConfUtils.java:logGet(43)) - raft.server.retrycache.expirytime = 600000ms (custom)
2019-09-25 11:41:43,324 [pool-77-thread-1] INFO  server.RaftServerConfigKeys (ConfUtils.java:logGet(43)) - raft.server.log.force.sync.num = 128 (default)
2019-09-25 11:41:43,324 [pool-77-thread-1] INFO  server.RaftServerConfigKeys (ConfUtils.java:logGet(43)) - raft.server.log.statemachine.data.sync = true (default)
2019-09-25 11:41:43,324 [pool-77-thread-1] INFO  server.RaftServerConfigKeys (ConfUtils.java:logGet(43)) - raft.server.log.statemachine.data.sync.timeout = 10s (default)
2019-09-25 11:41:43,325 [pool-77-thread-1] INFO  server.RaftServerConfigKeys (ConfUtils.java:logGet(43)) - raft.server.log.statemachine.data.sync.timeout.retry = -1 (default)
2019-09-25 11:41:43,325 [pool-77-thread-1] INFO  server.RaftServerConfigKeys (ConfUtils.java:logGet(43)) - raft.server.log.statemachine.data.caching.enabled = true (custom)
2019-09-25 11:41:43,325 [pool-77-thread-1] INFO  segmented.SegmentedRaftLogWorker (SegmentedRaftLogWorker.java:lambda$new$0(132)) - a7d59ef6-3eca-4628-b097-12d983444e7f@group-47DBAAEC82C8-SegmentedRaftLogWorker: flushIndex: setUnconditionally 0 -> -1
2019-09-25 11:41:43,326 [pool-77-thread-1] INFO  server.RaftServerConfigKeys (ConfUtils.java:logGet(43)) - raft.server.snapshot.auto.trigger.enabled = true (custom)
2019-09-25 11:41:43,326 [pool-77-thread-1] INFO  server.RaftServerConfigKeys (ConfUtils.java:logGet(43)) - raft.server.snapshot.auto.trigger.threshold = 10000 (custom)
2019-09-25 11:41:43,326 [pool-77-thread-1] INFO  server.RaftServerConfigKeys (ConfUtils.java:logGet(43)) - raft.server.snapshot.retention.num.files = 5 (custom)
2019-09-25 11:41:43,326 [pool-77-thread-1] INFO  server.RaftServerConfigKeys (ConfUtils.java:logGet(43)) - raft.server.retrycache.expirytime = 600000ms (custom)
2019-09-25 11:41:43,327 [pool-57-thread-1] INFO  impl.RaftServerImpl (RaftServerImpl.java:start(185)) - 8c24ed06-386e-4085-8931-93c762a64530@group-47DBAAEC82C8: start as a follower, conf=-1: [a7d59ef6-3eca-4628-b097-12d983444e7f:192.168.30.6:43486, 8c24ed06-386e-4085-8931-93c762a64530:192.168.30.6:32862, b7064b77-9271-4e94-8225-85d895886efb:192.168.30.6:41519], old=null
2019-09-25 11:41:43,328 [pool-57-thread-1] INFO  impl.RaftServerImpl (RaftServerImpl.java:setRole(174)) - 8c24ed06-386e-4085-8931-93c762a64530@group-47DBAAEC82C8: changes role from      null to FOLLOWER at term 0 for startAsFollower
2019-09-25 11:41:43,328 [pool-57-thread-1] INFO  impl.RoleInfo (RoleInfo.java:updateAndGet(143)) - 8c24ed06-386e-4085-8931-93c762a64530: start FollowerState
2019-09-25 11:41:43,328 [pool-57-thread-1] INFO  util.JmxRegister (JmxRegister.java:tryRegister(44)) - Successfully registered JMX Bean with object name Ratis:service=RaftServer,group=group-47DBAAEC82C8,id=8c24ed06-386e-4085-8931-93c762a64530
2019-09-25 11:41:43,329 [pool-37-thread-1] INFO  impl.RaftServerImpl (RaftServerImpl.java:start(185)) - b7064b77-9271-4e94-8225-85d895886efb@group-47DBAAEC82C8: start as a follower, conf=-1: [a7d59ef6-3eca-4628-b097-12d983444e7f:192.168.30.6:43486, 8c24ed06-386e-4085-8931-93c762a64530:192.168.30.6:32862, b7064b77-9271-4e94-8225-85d895886efb:192.168.30.6:41519], old=null
2019-09-25 11:41:43,329 [pool-37-thread-1] INFO  impl.RaftServerImpl (RaftServerImpl.java:setRole(174)) - b7064b77-9271-4e94-8225-85d895886efb@group-47DBAAEC82C8: changes role from      null to FOLLOWER at term 0 for startAsFollower
2019-09-25 11:41:43,329 [pool-37-thread-1] INFO  impl.RoleInfo (RoleInfo.java:updateAndGet(143)) - b7064b77-9271-4e94-8225-85d895886efb: start FollowerState
2019-09-25 11:41:43,330 [pool-37-thread-1] INFO  util.JmxRegister (JmxRegister.java:tryRegister(44)) - Successfully registered JMX Bean with object name Ratis:service=RaftServer,group=group-47DBAAEC82C8,id=b7064b77-9271-4e94-8225-85d895886efb
2019-09-25 11:41:43,330 [pool-77-thread-1] INFO  impl.RaftServerImpl (RaftServerImpl.java:start(185)) - a7d59ef6-3eca-4628-b097-12d983444e7f@group-47DBAAEC82C8: start as a follower, conf=-1: [a7d59ef6-3eca-4628-b097-12d983444e7f:192.168.30.6:43486, 8c24ed06-386e-4085-8931-93c762a64530:192.168.30.6:32862, b7064b77-9271-4e94-8225-85d895886efb:192.168.30.6:41519], old=null
2019-09-25 11:41:43,330 [pool-77-thread-1] INFO  impl.RaftServerImpl (RaftServerImpl.java:setRole(174)) - a7d59ef6-3eca-4628-b097-12d983444e7f@group-47DBAAEC82C8: changes role from      null to FOLLOWER at term 0 for startAsFollower
2019-09-25 11:41:43,330 [pool-77-thread-1] INFO  impl.RoleInfo (RoleInfo.java:updateAndGet(143)) - a7d59ef6-3eca-4628-b097-12d983444e7f: start FollowerState
2019-09-25 11:41:43,332 [pool-77-thread-1] INFO  util.JmxRegister (JmxRegister.java:tryRegister(44)) - Successfully registered JMX Bean with object name Ratis:service=RaftServer,group=group-47DBAAEC82C8,id=a7d59ef6-3eca-4628-b097-12d983444e7f
2019-09-25 11:41:43,349 [RatisPipelineUtilsThread] INFO  pipeline.PipelineStateManager (PipelineStateManager.java:addPipeline(56)) - Created pipeline Pipeline[ Id: e82fb40c-29ee-44a8-987b-47dbaaec82c8, Nodes: a7d59ef6-3eca-4628-b097-12d983444e7f{ip: 192.168.30.6, host: pr-hdds-1569-5gmkr-4255264070, networkLocation: /default-rack, certSerialId: null}b7064b77-9271-4e94-8225-85d895886efb{ip: 192.168.30.6, host: pr-hdds-1569-5gmkr-4255264070, networkLocation: /default-rack, certSerialId: null}8c24ed06-386e-4085-8931-93c762a64530{ip: 192.168.30.6, host: pr-hdds-1569-5gmkr-4255264070, networkLocation: /default-rack, certSerialId: null}, Type:RATIS, Factor:THREE, State:OPEN]
2019-09-25 11:41:43,372 [grpc-default-executor-2] INFO  impl.RaftServerProxy (RaftServerProxy.java:addNew(89)) - a7d59ef6-3eca-4628-b097-12d983444e7f: addNew group-282EF1BFFEE0:[d0888866-0bad-4f41-ad37-dccd4a57b958:192.168.30.6:45405, a7d59ef6-3eca-4628-b097-12d983444e7f:192.168.30.6:43486, b7064b77-9271-4e94-8225-85d895886efb:192.168.30.6:41519] returns group-282EF1BFFEE0:java.util.concurrent.CompletableFuture@2f9a1f8c[Not completed]
2019-09-25 11:41:43,373 [grpc-default-executor-1] INFO  impl.RaftServerProxy (RaftServerProxy.java:addNew(89)) - b7064b77-9271-4e94-8225-85d895886efb: addNew group-282EF1BFFEE0:[d0888866-0bad-4f41-ad37-dccd4a57b958:192.168.30.6:45405, a7d59ef6-3eca-4628-b097-12d983444e7f:192.168.30.6:43486, b7064b77-9271-4e94-8225-85d895886efb:192.168.30.6:41519] returns group-282EF1BFFEE0:java.util.concurrent.CompletableFuture@f6dd0e1[Not completed]
2019-09-25 11:41:43,373 [grpc-default-executor-0] INFO  impl.RaftServerProxy (RaftServerProxy.java:addNew(89)) - d0888866-0bad-4f41-ad37-dccd4a57b958: addNew group-282EF1BFFEE0:[d0888866-0bad-4f41-ad37-dccd4a57b958:192.168.30.6:45405, a7d59ef6-3eca-4628-b097-12d983444e7f:192.168.30.6:43486, b7064b77-9271-4e94-8225-85d895886efb:192.168.30.6:41519] returns group-282EF1BFFEE0:java.util.concurrent.CompletableFuture@46edcf96[Not completed]
2019-09-25 11:41:43,376 [pool-77-thread-1] INFO  impl.RaftServerImpl (RaftServerImpl.java:<init>(95)) - a7d59ef6-3eca-4628-b097-12d983444e7f: new RaftServerImpl for group-282EF1BFFEE0:[d0888866-0bad-4f41-ad37-dccd4a57b958:192.168.30.6:45405, a7d59ef6-3eca-4628-b097-12d983444e7f:192.168.30.6:43486, b7064b77-9271-4e94-8225-85d895886efb:192.168.30.6:41519] with ContainerStateMachine:uninitialized
2019-09-25 11:41:43,376 [pool-77-thread-1] INFO  server.RaftServerConfigKeys (ConfUtils.java:logGet(43)) - raft.server.rpc.timeout.min = 5s (custom)
2019-09-25 11:41:43,377 [pool-77-thread-1] INFO  server.RaftServerConfigKeys (ConfUtils.java:logGet(43)) - raft.server.rpc.timeout.max = 5200ms (custom)
2019-09-25 11:41:43,377 [pool-77-thread-1] INFO  server.RaftServerConfigKeys (ConfUtils.java:logGet(43)) - raft.server.rpcslowness.timeout = 120s (custom)
2019-09-25 11:41:43,377 [pool-77-thread-1] INFO  server.RaftServerConfigKeys (ConfUtils.java:logGet(43)) - raft.server.sleep.deviation.threshold = 300 (default)
2019-09-25 11:41:43,377 [pool-77-thread-1] INFO  server.RaftServerConfigKeys (ConfUtils.java:logGet(43)) - raft.server.log.appender.install.snapshot.enabled = false (custom)
2019-09-25 11:41:43,377 [pool-37-thread-1] INFO  impl.RaftServerImpl (RaftServerImpl.java:<init>(95)) - b7064b77-9271-4e94-8225-85d895886efb: new RaftServerImpl for group-282EF1BFFEE0:[d0888866-0bad-4f41-ad37-dccd4a57b958:192.168.30.6:45405, a7d59ef6-3eca-4628-b097-12d983444e7f:192.168.30.6:43486, b7064b77-9271-4e94-8225-85d895886efb:192.168.30.6:41519] with ContainerStateMachine:uninitialized
2019-09-25 11:41:43,377 [pool-77-thread-1] INFO  impl.RaftServerImpl (ServerState.java:<init>(103)) - a7d59ef6-3eca-4628-b097-12d983444e7f@group-282EF1BFFEE0: ConfigurationManager, init=-1: [d0888866-0bad-4f41-ad37-dccd4a57b958:192.168.30.6:45405, a7d59ef6-3eca-4628-b097-12d983444e7f:192.168.30.6:43486, b7064b77-9271-4e94-8225-85d895886efb:192.168.30.6:41519], old=null, confs=<EMPTY_MAP>
2019-09-25 11:41:43,378 [pool-37-thread-1] INFO  server.RaftServerConfigKeys (ConfUtils.java:logGet(43)) - raft.server.rpc.timeout.min = 5s (custom)
2019-09-25 11:41:43,378 [pool-77-thread-1] INFO  server.RaftServerConfigKeys (ConfUtils.java:logGet(43)) - raft.server.storage.dir = [/workdir/hadoop-ozone/integration-test/target/test-dir/MiniOzoneClusterImpl-85c44edd-3ede-4f6a-a825-df7bd545a955/datanode-5/data/ratis] (custom)
2019-09-25 11:41:43,378 [pool-37-thread-1] INFO  server.RaftServerConfigKeys (ConfUtils.java:logGet(43)) - raft.server.rpc.timeout.max = 5200ms (custom)
2019-09-25 11:41:43,378 [pool-47-thread-1] INFO  impl.RaftServerImpl (RaftServerImpl.java:<init>(95)) - d0888866-0bad-4f41-ad37-dccd4a57b958: new RaftServerImpl for group-282EF1BFFEE0:[d0888866-0bad-4f41-ad37-dccd4a57b958:192.168.30.6:45405, a7d59ef6-3eca-4628-b097-12d983444e7f:192.168.30.6:43486, b7064b77-9271-4e94-8225-85d895886efb:192.168.30.6:41519] with ContainerStateMachine:uninitialized
2019-09-25 11:41:43,378 [pool-37-thread-1] INFO  server.RaftServerConfigKeys (ConfUtils.java:logGet(43)) - raft.server.rpcslowness.timeout = 120s (custom)
2019-09-25 11:41:43,378 [pool-77-thread-1] INFO  storage.RaftStorageDirectory (RaftStorageDirectory.java:analyzeStorage(246)) - The storage directory /workdir/hadoop-ozone/integration-test/target/test-dir/MiniOzoneClusterImpl-85c44edd-3ede-4f6a-a825-df7bd545a955/datanode-5/data/ratis/b2a88284-798d-4142-9ac4-282ef1bffee0 does not exist. Creating ...
2019-09-25 11:41:43,378 [pool-47-thread-1] INFO  server.RaftServerConfigKeys (ConfUtils.java:logGet(43)) - raft.server.rpc.timeout.min = 5s (custom)
2019-09-25 11:41:43,379 [pool-37-thread-1] INFO  server.RaftServerConfigKeys (ConfUtils.java:logGet(43)) - raft.server.sleep.deviation.threshold = 300 (default)
2019-09-25 11:41:43,379 [pool-47-thread-1] INFO  server.RaftServerConfigKeys (ConfUtils.java:logGet(43)) - raft.server.rpc.timeout.max = 5200ms (custom)
2019-09-25 11:41:43,379 [pool-37-thread-1] INFO  server.RaftServerConfigKeys (ConfUtils.java:logGet(43)) - raft.server.log.appender.install.snapshot.enabled = false (custom)
2019-09-25 11:41:43,379 [pool-47-thread-1] INFO  server.RaftServerConfigKeys (ConfUtils.java:logGet(43)) - raft.server.rpcslowness.timeout = 120s (custom)
2019-09-25 11:41:43,379 [pool-37-thread-1] INFO  impl.RaftServerImpl (ServerState.java:<init>(103)) - b7064b77-9271-4e94-8225-85d895886efb@group-282EF1BFFEE0: ConfigurationManager, init=-1: [d0888866-0bad-4f41-ad37-dccd4a57b958:192.168.30.6:45405, a7d59ef6-3eca-4628-b097-12d983444e7f:192.168.30.6:43486, b7064b77-9271-4e94-8225-85d895886efb:192.168.30.6:41519], old=null, confs=<EMPTY_MAP>
2019-09-25 11:41:43,379 [pool-47-thread-1] INFO  server.RaftServerConfigKeys (ConfUtils.java:logGet(43)) - raft.server.sleep.deviation.threshold = 300 (default)
2019-09-25 11:41:43,380 [pool-47-thread-1] INFO  server.RaftServerConfigKeys (ConfUtils.java:logGet(43)) - raft.server.log.appender.install.snapshot.enabled = false (custom)
2019-09-25 11:41:43,380 [pool-37-thread-1] INFO  server.RaftServerConfigKeys (ConfUtils.java:logGet(43)) - raft.server.storage.dir = [/workdir/hadoop-ozone/integration-test/target/test-dir/MiniOzoneClusterImpl-85c44edd-3ede-4f6a-a825-df7bd545a955/datanode-1/data/ratis] (custom)
2019-09-25 11:41:43,380 [pool-47-thread-1] INFO  impl.RaftServerImpl (ServerState.java:<init>(103)) - d0888866-0bad-4f41-ad37-dccd4a57b958@group-282EF1BFFEE0: ConfigurationManager, init=-1: [d0888866-0bad-4f41-ad37-dccd4a57b958:192.168.30.6:45405, a7d59ef6-3eca-4628-b097-12d983444e7f:192.168.30.6:43486, b7064b77-9271-4e94-8225-85d895886efb:192.168.30.6:41519], old=null, confs=<EMPTY_MAP>
2019-09-25 11:41:43,380 [pool-47-thread-1] INFO  server.RaftServerConfigKeys (ConfUtils.java:logGet(43)) - raft.server.storage.dir = [/workdir/hadoop-ozone/integration-test/target/test-dir/MiniOzoneClusterImpl-85c44edd-3ede-4f6a-a825-df7bd545a955/datanode-2/data/ratis] (custom)
2019-09-25 11:41:43,380 [pool-37-thread-1] INFO  storage.RaftStorageDirectory (RaftStorageDirectory.java:analyzeStorage(246)) - The storage directory /workdir/hadoop-ozone/integration-test/target/test-dir/MiniOzoneClusterImpl-85c44edd-3ede-4f6a-a825-df7bd545a955/datanode-1/data/ratis/b2a88284-798d-4142-9ac4-282ef1bffee0 does not exist. Creating ...
2019-09-25 11:41:43,380 [pool-47-thread-1] INFO  storage.RaftStorageDirectory (RaftStorageDirectory.java:analyzeStorage(246)) - The storage directory /workdir/hadoop-ozone/integration-test/target/test-dir/MiniOzoneClusterImpl-85c44edd-3ede-4f6a-a825-df7bd545a955/datanode-2/data/ratis/b2a88284-798d-4142-9ac4-282ef1bffee0 does not exist. Creating ...
2019-09-25 11:41:43,386 [pool-37-thread-1] INFO  storage.RaftStorageDirectory (RaftStorageDirectory.java:tryLock(328)) - Lock on /workdir/hadoop-ozone/integration-test/target/test-dir/MiniOzoneClusterImpl-85c44edd-3ede-4f6a-a825-df7bd545a955/datanode-1/data/ratis/b2a88284-798d-4142-9ac4-282ef1bffee0/in_use.lock acquired by nodename 6054@pr-hdds-1569-5gmkr-4255264070
2019-09-25 11:41:43,386 [pool-77-thread-1] INFO  storage.RaftStorageDirectory (RaftStorageDirectory.java:tryLock(328)) - Lock on /workdir/hadoop-ozone/integration-test/target/test-dir/MiniOzoneClusterImpl-85c44edd-3ede-4f6a-a825-df7bd545a955/datanode-5/data/ratis/b2a88284-798d-4142-9ac4-282ef1bffee0/in_use.lock acquired by nodename 6054@pr-hdds-1569-5gmkr-4255264070
2019-09-25 11:41:43,386 [pool-47-thread-1] INFO  storage.RaftStorageDirectory (RaftStorageDirectory.java:tryLock(328)) - Lock on /workdir/hadoop-ozone/integration-test/target/test-dir/MiniOzoneClusterImpl-85c44edd-3ede-4f6a-a825-df7bd545a955/datanode-2/data/ratis/b2a88284-798d-4142-9ac4-282ef1bffee0/in_use.lock acquired by nodename 6054@pr-hdds-1569-5gmkr-4255264070
2019-09-25 11:41:43,394 [pool-37-thread-1] INFO  storage.RaftStorage (RaftStorage.java:format(72)) - Storage directory /workdir/hadoop-ozone/integration-test/target/test-dir/MiniOzoneClusterImpl-85c44edd-3ede-4f6a-a825-df7bd545a955/datanode-1/data/ratis/b2a88284-798d-4142-9ac4-282ef1bffee0 has been successfully formatted.
2019-09-25 11:41:43,394 [pool-77-thread-1] INFO  storage.RaftStorage (RaftStorage.java:format(72)) - Storage directory /workdir/hadoop-ozone/integration-test/target/test-dir/MiniOzoneClusterImpl-85c44edd-3ede-4f6a-a825-df7bd545a955/datanode-5/data/ratis/b2a88284-798d-4142-9ac4-282ef1bffee0 has been successfully formatted.
2019-09-25 11:41:43,394 [pool-47-thread-1] INFO  storage.RaftStorage (RaftStorage.java:format(72)) - Storage directory /workdir/hadoop-ozone/integration-test/target/test-dir/MiniOzoneClusterImpl-85c44edd-3ede-4f6a-a825-df7bd545a955/datanode-2/data/ratis/b2a88284-798d-4142-9ac4-282ef1bffee0 has been successfully formatted.
2019-09-25 11:41:43,394 [pool-37-thread-1] INFO  ratis.ContainerStateMachine (ContainerStateMachine.java:loadSnapshot(230)) - group-282EF1BFFEE0: The snapshot info is null. Setting the last applied indexto:(t:0, i:~)
2019-09-25 11:41:43,394 [pool-47-thread-1] INFO  ratis.ContainerStateMachine (ContainerStateMachine.java:loadSnapshot(230)) - group-282EF1BFFEE0: The snapshot info is null. Setting the last applied indexto:(t:0, i:~)
2019-09-25 11:41:43,394 [pool-37-thread-1] INFO  server.RaftServerConfigKeys (ConfUtils.java:logGet(43)) - raft.server.notification.no-leader.timeout = 120s (custom)
2019-09-25 11:41:43,394 [pool-77-thread-1] INFO  ratis.ContainerStateMachine (ContainerStateMachine.java:loadSnapshot(230)) - group-282EF1BFFEE0: The snapshot info is null. Setting the last applied indexto:(t:0, i:~)
2019-09-25 11:41:43,394 [pool-37-thread-1] INFO  server.RaftServerConfigKeys (ConfUtils.java:logGet(43)) - raft.server.log.use.memory = false (default)
2019-09-25 11:41:43,395 [pool-77-thread-1] INFO  server.RaftServerConfigKeys (ConfUtils.java:logGet(43)) - raft.server.notification.no-leader.timeout = 120s (custom)
2019-09-25 11:41:43,394 [pool-47-thread-1] INFO  server.RaftServerConfigKeys (ConfUtils.java:logGet(43)) - raft.server.notification.no-leader.timeout = 120s (custom)
2019-09-25 11:41:43,395 [pool-77-thread-1] INFO  server.RaftServerConfigKeys (ConfUtils.java:logGet(43)) - raft.server.log.use.memory = false (default)
2019-09-25 11:41:43,395 [pool-37-thread-1] INFO  server.RaftServerConfigKeys (ConfUtils.java:logGet(43)) - raft.server.log.purge.gap = 1000000 (custom)
2019-09-25 11:41:43,395 [pool-77-thread-1] INFO  server.RaftServerConfigKeys (ConfUtils.java:logGet(43)) - raft.server.log.purge.gap = 1000000 (custom)
2019-09-25 11:41:43,395 [pool-47-thread-1] INFO  server.RaftServerConfigKeys (ConfUtils.java:logGet(43)) - raft.server.log.use.memory = false (default)
2019-09-25 11:41:43,395 [pool-77-thread-1] INFO  server.RaftServerConfigKeys (ConfUtils.java:logGet(43)) - raft.server.log.appender.buffer.byte-limit = 33554432 (custom)
2019-09-25 11:41:43,395 [pool-37-thread-1] INFO  server.RaftServerConfigKeys (ConfUtils.java:logGet(43)) - raft.server.log.appender.buffer.byte-limit = 33554432 (custom)
2019-09-25 11:41:43,396 [pool-77-thread-1] INFO  server.RaftServerConfigKeys (ConfUtils.java:logGet(43)) - raft.server.log.segment.size.max = 1048576 (custom)
2019-09-25 11:41:43,395 [pool-47-thread-1] INFO  server.RaftServerConfigKeys (ConfUtils.java:logGet(43)) - raft.server.log.purge.gap = 1000000 (custom)
2019-09-25 11:41:43,396 [pool-77-thread-1] INFO  server.RaftServerConfigKeys (ConfUtils.java:logGet(43)) - raft.server.log.segment.cache.num.max = 2 (custom)
2019-09-25 11:41:43,396 [pool-37-thread-1] INFO  server.RaftServerConfigKeys (ConfUtils.java:logGet(43)) - raft.server.log.segment.size.max = 1048576 (custom)
2019-09-25 11:41:43,396 [pool-77-thread-1] INFO  segmented.SegmentedRaftLogWorker (SegmentedRaftLogWorker.java:<init>(172)) - new a7d59ef6-3eca-4628-b097-12d983444e7f@group-282EF1BFFEE0-SegmentedRaftLogWorker for RaftStorage:Storage Directory /workdir/hadoop-ozone/integration-test/target/test-dir/MiniOzoneClusterImpl-85c44edd-3ede-4f6a-a825-df7bd545a955/datanode-5/data/ratis/b2a88284-798d-4142-9ac4-282ef1bffee0
2019-09-25 11:41:43,396 [pool-47-thread-1] INFO  server.RaftServerConfigKeys (ConfUtils.java:logGet(43)) - raft.server.log.appender.buffer.byte-limit = 33554432 (custom)
2019-09-25 11:41:43,396 [pool-77-thread-1] INFO  server.RaftServerConfigKeys (ConfUtils.java:logGet(43)) - raft.server.log.queue.byte-limit = 2147483647 (custom)
2019-09-25 11:41:43,396 [pool-37-thread-1] INFO  server.RaftServerConfigKeys (ConfUtils.java:logGet(43)) - raft.server.log.segment.cache.num.max = 2 (custom)
2019-09-25 11:41:43,397 [pool-77-thread-1] INFO  server.RaftServerConfigKeys (ConfUtils.java:logGet(43)) - raft.server.log.queue.element-limit = 1024 (custom)
2019-09-25 11:41:43,397 [pool-47-thread-1] INFO  server.RaftServerConfigKeys (ConfUtils.java:logGet(43)) - raft.server.log.segment.size.max = 1048576 (custom)
2019-09-25 11:41:43,397 [pool-37-thread-1] INFO  segmented.SegmentedRaftLogWorker (SegmentedRaftLogWorker.java:<init>(172)) - new b7064b77-9271-4e94-8225-85d895886efb@group-282EF1BFFEE0-SegmentedRaftLogWorker for RaftStorage:Storage Directory /workdir/hadoop-ozone/integration-test/target/test-dir/MiniOzoneClusterImpl-85c44edd-3ede-4f6a-a825-df7bd545a955/datanode-1/data/ratis/b2a88284-798d-4142-9ac4-282ef1bffee0
2019-09-25 11:41:43,397 [pool-77-thread-1] INFO  server.RaftServerConfigKeys (ConfUtils.java:logGet(43)) - raft.server.log.segment.size.max = 1048576 (custom)
2019-09-25 11:41:43,397 [pool-47-thread-1] INFO  server.RaftServerConfigKeys (ConfUtils.java:logGet(43)) - raft.server.log.segment.cache.num.max = 2 (custom)
2019-09-25 11:41:43,397 [pool-77-thread-1] INFO  server.RaftServerConfigKeys (ConfUtils.java:logGet(43)) - raft.server.log.preallocated.size = 16384 (custom)
2019-09-25 11:41:43,397 [pool-37-thread-1] INFO  server.RaftServerConfigKeys (ConfUtils.java:logGet(43)) - raft.server.log.queue.byte-limit = 2147483647 (custom)
2019-09-25 11:41:43,398 [pool-77-thread-1] INFO  server.RaftServerConfigKeys (ConfUtils.java:logGet(43)) - raft.server.log.write.buffer.size = 33554432 (custom)
2019-09-25 11:41:43,397 [pool-47-thread-1] INFO  segmented.SegmentedRaftLogWorker (SegmentedRaftLogWorker.java:<init>(172)) - new d0888866-0bad-4f41-ad37-dccd4a57b958@group-282EF1BFFEE0-SegmentedRaftLogWorker for RaftStorage:Storage Directory /workdir/hadoop-ozone/integration-test/target/test-dir/MiniOzoneClusterImpl-85c44edd-3ede-4f6a-a825-df7bd545a955/datanode-2/data/ratis/b2a88284-798d-4142-9ac4-282ef1bffee0
2019-09-25 11:41:43,398 [pool-77-thread-1] INFO  server.RaftServerConfigKeys (ConfUtils.java:logGet(43)) - raft.server.log.force.sync.num = 128 (default)
2019-09-25 11:41:43,398 [pool-37-thread-1] INFO  server.RaftServerConfigKeys (ConfUtils.java:logGet(43)) - raft.server.log.queue.element-limit = 1024 (custom)
2019-09-25 11:41:43,398 [pool-77-thread-1] INFO  server.RaftServerConfigKeys (ConfUtils.java:logGet(43)) - raft.server.log.statemachine.data.sync = true (default)
2019-09-25 11:41:43,398 [pool-47-thread-1] INFO  server.RaftServerConfigKeys (ConfUtils.java:logGet(43)) - raft.server.log.queue.byte-limit = 2147483647 (custom)
2019-09-25 11:41:43,398 [pool-77-thread-1] INFO  server.RaftServerConfigKeys (ConfUtils.java:logGet(43)) - raft.server.log.statemachine.data.sync.timeout = 10s (default)
2019-09-25 11:41:43,398 [pool-37-thread-1] INFO  server.RaftServerConfigKeys (ConfUtils.java:logGet(43)) - raft.server.log.segment.size.max = 1048576 (custom)
2019-09-25 11:41:43,399 [pool-77-thread-1] INFO  server.RaftServerConfigKeys (ConfUtils.java:logGet(43)) - raft.server.log.statemachine.data.sync.timeout.retry = -1 (default)
2019-09-25 11:41:43,398 [pool-47-thread-1] INFO  server.RaftServerConfigKeys (ConfUtils.java:logGet(43)) - raft.server.log.queue.element-limit = 1024 (custom)
2019-09-25 11:41:43,399 [pool-37-thread-1] INFO  server.RaftServerConfigKeys (ConfUtils.java:logGet(43)) - raft.server.log.preallocated.size = 16384 (custom)
2019-09-25 11:41:43,399 [pool-77-thread-1] INFO  server.RaftServerConfigKeys (ConfUtils.java:logGet(43)) - raft.server.log.statemachine.data.caching.enabled = true (custom)
2019-09-25 11:41:43,399 [pool-47-thread-1] INFO  server.RaftServerConfigKeys (ConfUtils.java:logGet(43)) - raft.server.log.segment.size.max = 1048576 (custom)
2019-09-25 11:41:43,399 [pool-37-thread-1] INFO  server.RaftServerConfigKeys (ConfUtils.java:logGet(43)) - raft.server.log.write.buffer.size = 33554432 (custom)
2019-09-25 11:41:43,399 [pool-47-thread-1] INFO  server.RaftServerConfigKeys (ConfUtils.java:logGet(43)) - raft.server.log.preallocated.size = 16384 (custom)
2019-09-25 11:41:43,400 [pool-77-thread-1] INFO  segmented.SegmentedRaftLogWorker (SegmentedRaftLogWorker.java:lambda$new$0(132)) - a7d59ef6-3eca-4628-b097-12d983444e7f@group-282EF1BFFEE0-SegmentedRaftLogWorker: flushIndex: setUnconditionally 0 -> -1
2019-09-25 11:41:43,399 [pool-37-thread-1] INFO  server.RaftServerConfigKeys (ConfUtils.java:logGet(43)) - raft.server.log.force.sync.num = 128 (default)
2019-09-25 11:41:43,400 [pool-47-thread-1] INFO  server.RaftServerConfigKeys (ConfUtils.java:logGet(43)) - raft.server.log.write.buffer.size = 33554432 (custom)
2019-09-25 11:41:43,400 [pool-37-thread-1] INFO  server.RaftServerConfigKeys (ConfUtils.java:logGet(43)) - raft.server.log.statemachine.data.sync = true (default)
2019-09-25 11:41:43,400 [pool-77-thread-1] INFO  server.RaftServerConfigKeys (ConfUtils.java:logGet(43)) - raft.server.snapshot.auto.trigger.enabled = true (custom)
2019-09-25 11:41:43,400 [pool-47-thread-1] INFO  server.RaftServerConfigKeys (ConfUtils.java:logGet(43)) - raft.server.log.force.sync.num = 128 (default)
2019-09-25 11:41:43,400 [pool-77-thread-1] INFO  server.RaftServerConfigKeys (ConfUtils.java:logGet(43)) - raft.server.snapshot.auto.trigger.threshold = 10000 (custom)
2019-09-25 11:41:43,400 [pool-37-thread-1] INFO  server.RaftServerConfigKeys (ConfUtils.java:logGet(43)) - raft.server.log.statemachine.data.sync.timeout = 10s (default)
2019-09-25 11:41:43,401 [pool-77-thread-1] INFO  server.RaftServerConfigKeys (ConfUtils.java:logGet(43)) - raft.server.snapshot.retention.num.files = 5 (custom)
2019-09-25 11:41:43,400 [pool-47-thread-1] INFO  server.RaftServerConfigKeys (ConfUtils.java:logGet(43)) - raft.server.log.statemachine.data.sync = true (default)
2019-09-25 11:41:43,401 [pool-37-thread-1] INFO  server.RaftServerConfigKeys (ConfUtils.java:logGet(43)) - raft.server.log.statemachine.data.sync.timeout.retry = -1 (default)
2019-09-25 11:41:43,401 [pool-77-thread-1] INFO  server.RaftServerConfigKeys (ConfUtils.java:logGet(43)) - raft.server.retrycache.expirytime = 600000ms (custom)
2019-09-25 11:41:43,401 [pool-47-thread-1] INFO  server.RaftServerConfigKeys (ConfUtils.java:logGet(43)) - raft.server.log.statemachine.data.sync.timeout = 10s (default)
2019-09-25 11:41:43,401 [pool-37-thread-1] INFO  server.RaftServerConfigKeys (ConfUtils.java:logGet(43)) - raft.server.log.statemachine.data.caching.enabled = true (custom)
2019-09-25 11:41:43,401 [pool-47-thread-1] INFO  server.RaftServerConfigKeys (ConfUtils.java:logGet(43)) - raft.server.log.statemachine.data.sync.timeout.retry = -1 (default)
2019-09-25 11:41:43,402 [pool-37-thread-1] INFO  segmented.SegmentedRaftLogWorker (SegmentedRaftLogWorker.java:lambda$new$0(132)) - b7064b77-9271-4e94-8225-85d895886efb@group-282EF1BFFEE0-SegmentedRaftLogWorker: flushIndex: setUnconditionally 0 -> -1
2019-09-25 11:41:43,402 [pool-47-thread-1] INFO  server.RaftServerConfigKeys (ConfUtils.java:logGet(43)) - raft.server.log.statemachine.data.caching.enabled = true (custom)
2019-09-25 11:41:43,402 [pool-37-thread-1] INFO  server.RaftServerConfigKeys (ConfUtils.java:logGet(43)) - raft.server.snapshot.auto.trigger.enabled = true (custom)
2019-09-25 11:41:43,402 [pool-47-thread-1] INFO  segmented.SegmentedRaftLogWorker (SegmentedRaftLogWorker.java:lambda$new$0(132)) - d0888866-0bad-4f41-ad37-dccd4a57b958@group-282EF1BFFEE0-SegmentedRaftLogWorker: flushIndex: setUnconditionally 0 -> -1
2019-09-25 11:41:43,402 [pool-37-thread-1] INFO  server.RaftServerConfigKeys (ConfUtils.java:logGet(43)) - raft.server.snapshot.auto.trigger.threshold = 10000 (custom)
2019-09-25 11:41:43,402 [pool-37-thread-1] INFO  server.RaftServerConfigKeys (ConfUtils.java:logGet(43)) - raft.server.snapshot.retention.num.files = 5 (custom)
2019-09-25 11:41:43,402 [pool-47-thread-1] INFO  server.RaftServerConfigKeys (ConfUtils.java:logGet(43)) - raft.server.snapshot.auto.trigger.enabled = true (custom)
2019-09-25 11:41:43,402 [pool-37-thread-1] INFO  server.RaftServerConfigKeys (ConfUtils.java:logGet(43)) - raft.server.retrycache.expirytime = 600000ms (custom)
2019-09-25 11:41:43,402 [pool-47-thread-1] INFO  server.RaftServerConfigKeys (ConfUtils.java:logGet(43)) - raft.server.snapshot.auto.trigger.threshold = 10000 (custom)
2019-09-25 11:41:43,403 [pool-47-thread-1] INFO  server.RaftServerConfigKeys (ConfUtils.java:logGet(43)) - raft.server.snapshot.retention.num.files = 5 (custom)
2019-09-25 11:41:43,403 [pool-47-thread-1] INFO  server.RaftServerConfigKeys (ConfUtils.java:logGet(43)) - raft.server.retrycache.expirytime = 600000ms (custom)
2019-09-25 11:41:43,406 [pool-77-thread-1] INFO  impl.RaftServerImpl (RaftServerImpl.java:start(185)) - a7d59ef6-3eca-4628-b097-12d983444e7f@group-282EF1BFFEE0: start as a follower, conf=-1: [d0888866-0bad-4f41-ad37-dccd4a57b958:192.168.30.6:45405, a7d59ef6-3eca-4628-b097-12d983444e7f:192.168.30.6:43486, b7064b77-9271-4e94-8225-85d895886efb:192.168.30.6:41519], old=null
2019-09-25 11:41:43,406 [pool-37-thread-1] INFO  impl.RaftServerImpl (RaftServerImpl.java:start(185)) - b7064b77-9271-4e94-8225-85d895886efb@group-282EF1BFFEE0: start as a follower, conf=-1: [d0888866-0bad-4f41-ad37-dccd4a57b958:192.168.30.6:45405, a7d59ef6-3eca-4628-b097-12d983444e7f:192.168.30.6:43486, b7064b77-9271-4e94-8225-85d895886efb:192.168.30.6:41519], old=null
2019-09-25 11:41:43,406 [pool-77-thread-1] INFO  impl.RaftServerImpl (RaftServerImpl.java:setRole(174)) - a7d59ef6-3eca-4628-b097-12d983444e7f@group-282EF1BFFEE0: changes role from      null to FOLLOWER at term 0 for startAsFollower
2019-09-25 11:41:43,407 [pool-37-thread-1] INFO  impl.RaftServerImpl (RaftServerImpl.java:setRole(174)) - b7064b77-9271-4e94-8225-85d895886efb@group-282EF1BFFEE0: changes role from      null to FOLLOWER at term 0 for startAsFollower
2019-09-25 11:41:43,407 [pool-47-thread-1] INFO  impl.RaftServerImpl (RaftServerImpl.java:start(185)) - d0888866-0bad-4f41-ad37-dccd4a57b958@group-282EF1BFFEE0: start as a follower, conf=-1: [d0888866-0bad-4f41-ad37-dccd4a57b958:192.168.30.6:45405, a7d59ef6-3eca-4628-b097-12d983444e7f:192.168.30.6:43486, b7064b77-9271-4e94-8225-85d895886efb:192.168.30.6:41519], old=null
2019-09-25 11:41:43,407 [pool-37-thread-1] INFO  impl.RoleInfo (RoleInfo.java:updateAndGet(143)) - b7064b77-9271-4e94-8225-85d895886efb: start FollowerState
2019-09-25 11:41:43,407 [pool-77-thread-1] INFO  impl.RoleInfo (RoleInfo.java:updateAndGet(143)) - a7d59ef6-3eca-4628-b097-12d983444e7f: start FollowerState
2019-09-25 11:41:43,407 [pool-47-thread-1] INFO  impl.RaftServerImpl (RaftServerImpl.java:setRole(174)) - d0888866-0bad-4f41-ad37-dccd4a57b958@group-282EF1BFFEE0: changes role from      null to FOLLOWER at term 0 for startAsFollower
2019-09-25 11:41:43,407 [pool-47-thread-1] INFO  impl.RoleInfo (RoleInfo.java:updateAndGet(143)) - d0888866-0bad-4f41-ad37-dccd4a57b958: start FollowerState
2019-09-25 11:41:43,408 [pool-37-thread-1] INFO  util.JmxRegister (JmxRegister.java:tryRegister(44)) - Successfully registered JMX Bean with object name Ratis:service=RaftServer,group=group-282EF1BFFEE0,id=b7064b77-9271-4e94-8225-85d895886efb
2019-09-25 11:41:43,408 [pool-77-thread-1] INFO  util.JmxRegister (JmxRegister.java:tryRegister(44)) - Successfully registered JMX Bean with object name Ratis:service=RaftServer,group=group-282EF1BFFEE0,id=a7d59ef6-3eca-4628-b097-12d983444e7f
2019-09-25 11:41:43,408 [pool-47-thread-1] INFO  util.JmxRegister (JmxRegister.java:tryRegister(44)) - Successfully registered JMX Bean with object name Ratis:service=RaftServer,group=group-282EF1BFFEE0,id=d0888866-0bad-4f41-ad37-dccd4a57b958
2019-09-25 11:41:43,426 [RatisPipelineUtilsThread] INFO  pipeline.PipelineStateManager (PipelineStateManager.java:addPipeline(56)) - Created pipeline Pipeline[ Id: b2a88284-798d-4142-9ac4-282ef1bffee0, Nodes: a7d59ef6-3eca-4628-b097-12d983444e7f{ip: 192.168.30.6, host: pr-hdds-1569-5gmkr-4255264070, networkLocation: /default-rack, certSerialId: null}d0888866-0bad-4f41-ad37-dccd4a57b958{ip: 192.168.30.6, host: pr-hdds-1569-5gmkr-4255264070, networkLocation: /default-rack, certSerialId: null}b7064b77-9271-4e94-8225-85d895886efb{ip: 192.168.30.6, host: pr-hdds-1569-5gmkr-4255264070, networkLocation: /default-rack, certSerialId: null}, Type:RATIS, Factor:THREE, State:OPEN]
2019-09-25 11:41:43,448 [grpc-default-executor-0] INFO  impl.RaftServerProxy (RaftServerProxy.java:addNew(89)) - 19e67e26-3d21-4d01-be9f-29113a4a814c: addNew group-ADB1B60517AF:[d0888866-0bad-4f41-ad37-dccd4a57b958:192.168.30.6:45405, 19e67e26-3d21-4d01-be9f-29113a4a814c:192.168.30.6:34535, 8c24ed06-386e-4085-8931-93c762a64530:192.168.30.6:32862] returns group-ADB1B60517AF:java.util.concurrent.CompletableFuture@780a6f89[Not completed]
2019-09-25 11:41:43,449 [grpc-default-executor-1] INFO  impl.RaftServerProxy (RaftServerProxy.java:addNew(89)) - 8c24ed06-386e-4085-8931-93c762a64530: addNew group-ADB1B60517AF:[d0888866-0bad-4f41-ad37-dccd4a57b958:192.168.30.6:45405, 19e67e26-3d21-4d01-be9f-29113a4a814c:192.168.30.6:34535, 8c24ed06-386e-4085-8931-93c762a64530:192.168.30.6:32862] returns group-ADB1B60517AF:java.util.concurrent.CompletableFuture@1d8dbf38[Not completed]
2019-09-25 11:41:43,449 [grpc-default-executor-2] INFO  impl.RaftServerProxy (RaftServerProxy.java:addNew(89)) - d0888866-0bad-4f41-ad37-dccd4a57b958: addNew group-ADB1B60517AF:[d0888866-0bad-4f41-ad37-dccd4a57b958:192.168.30.6:45405, 19e67e26-3d21-4d01-be9f-29113a4a814c:192.168.30.6:34535, 8c24ed06-386e-4085-8931-93c762a64530:192.168.30.6:32862] returns group-ADB1B60517AF:java.util.concurrent.CompletableFuture@4b99c673[Not completed]
2019-09-25 11:41:43,451 [pool-27-thread-1] INFO  impl.RaftServerImpl (RaftServerImpl.java:<init>(95)) - 19e67e26-3d21-4d01-be9f-29113a4a814c: new RaftServerImpl for group-ADB1B60517AF:[d0888866-0bad-4f41-ad37-dccd4a57b958:192.168.30.6:45405, 19e67e26-3d21-4d01-be9f-29113a4a814c:192.168.30.6:34535, 8c24ed06-386e-4085-8931-93c762a64530:192.168.30.6:32862] with ContainerStateMachine:uninitialized
2019-09-25 11:41:43,451 [pool-27-thread-1] INFO  server.RaftServerConfigKeys (ConfUtils.java:logGet(43)) - raft.server.rpc.timeout.min = 5s (custom)
2019-09-25 11:41:43,451 [pool-27-thread-1] INFO  server.RaftServerConfigKeys (ConfUtils.java:logGet(43)) - raft.server.rpc.timeout.max = 5200ms (custom)
2019-09-25 11:41:43,452 [pool-27-thread-1] INFO  server.RaftServerConfigKeys (ConfUtils.java:logGet(43)) - raft.server.rpcslowness.timeout = 120s (custom)
2019-09-25 11:41:43,452 [pool-27-thread-1] INFO  server.RaftServerConfigKeys (ConfUtils.java:logGet(43)) - raft.server.sleep.deviation.threshold = 300 (default)
2019-09-25 11:41:43,452 [pool-27-thread-1] INFO  server.RaftServerConfigKeys (ConfUtils.java:logGet(43)) - raft.server.log.appender.install.snapshot.enabled = false (custom)
2019-09-25 11:41:43,452 [pool-27-thread-1] INFO  impl.RaftServerImpl (ServerState.java:<init>(103)) - 19e67e26-3d21-4d01-be9f-29113a4a814c@group-ADB1B60517AF: ConfigurationManager, init=-1: [d0888866-0bad-4f41-ad37-dccd4a57b958:192.168.30.6:45405, 19e67e26-3d21-4d01-be9f-29113a4a814c:192.168.30.6:34535, 8c24ed06-386e-4085-8931-93c762a64530:192.168.30.6:32862], old=null, confs=<EMPTY_MAP>
2019-09-25 11:41:43,452 [pool-27-thread-1] INFO  server.RaftServerConfigKeys (ConfUtils.java:logGet(43)) - raft.server.storage.dir = [/workdir/hadoop-ozone/integration-test/target/test-dir/MiniOzoneClusterImpl-85c44edd-3ede-4f6a-a825-df7bd545a955/datanode-0/data/ratis] (custom)
2019-09-25 11:41:43,452 [pool-47-thread-1] INFO  impl.RaftServerImpl (RaftServerImpl.java:<init>(95)) - d0888866-0bad-4f41-ad37-dccd4a57b958: new RaftServerImpl for group-ADB1B60517AF:[d0888866-0bad-4f41-ad37-dccd4a57b958:192.168.30.6:45405, 19e67e26-3d21-4d01-be9f-29113a4a814c:192.168.30.6:34535, 8c24ed06-386e-4085-8931-93c762a64530:192.168.30.6:32862] with ContainerStateMachine:uninitialized
2019-09-25 11:41:43,453 [pool-27-thread-1] INFO  storage.RaftStorageDirectory (RaftStorageDirectory.java:analyzeStorage(246)) - The storage directory /workdir/hadoop-ozone/integration-test/target/test-dir/MiniOzoneClusterImpl-85c44edd-3ede-4f6a-a825-df7bd545a955/datanode-0/data/ratis/5c44fbfe-369d-45ad-8e0d-adb1b60517af does not exist. Creating ...
2019-09-25 11:41:43,453 [pool-47-thread-1] INFO  server.RaftServerConfigKeys (ConfUtils.java:logGet(43)) - raft.server.rpc.timeout.min = 5s (custom)
2019-09-25 11:41:43,453 [pool-47-thread-1] INFO  server.RaftServerConfigKeys (ConfUtils.java:logGet(43)) - raft.server.rpc.timeout.max = 5200ms (custom)
2019-09-25 11:41:43,453 [pool-47-thread-1] INFO  server.RaftServerConfigKeys (ConfUtils.java:logGet(43)) - raft.server.rpcslowness.timeout = 120s (custom)
2019-09-25 11:41:43,453 [pool-57-thread-1] INFO  impl.RaftServerImpl (RaftServerImpl.java:<init>(95)) - 8c24ed06-386e-4085-8931-93c762a64530: new RaftServerImpl for group-ADB1B60517AF:[d0888866-0bad-4f41-ad37-dccd4a57b958:192.168.30.6:45405, 19e67e26-3d21-4d01-be9f-29113a4a814c:192.168.30.6:34535, 8c24ed06-386e-4085-8931-93c762a64530:192.168.30.6:32862] with ContainerStateMachine:uninitialized
2019-09-25 11:41:43,453 [pool-47-thread-1] INFO  server.RaftServerConfigKeys (ConfUtils.java:logGet(43)) - raft.server.sleep.deviation.threshold = 300 (default)
2019-09-25 11:41:43,453 [pool-57-thread-1] INFO  server.RaftServerConfigKeys (ConfUtils.java:logGet(43)) - raft.server.rpc.timeout.min = 5s (custom)
2019-09-25 11:41:43,453 [pool-47-thread-1] INFO  server.RaftServerConfigKeys (ConfUtils.java:logGet(43)) - raft.server.log.appender.install.snapshot.enabled = false (custom)
2019-09-25 11:41:43,453 [pool-57-thread-1] INFO  server.RaftServerConfigKeys (ConfUtils.java:logGet(43)) - raft.server.rpc.timeout.max = 5200ms (custom)
2019-09-25 11:41:43,454 [pool-47-thread-1] INFO  impl.RaftServerImpl (ServerState.java:<init>(103)) - d0888866-0bad-4f41-ad37-dccd4a57b958@group-ADB1B60517AF: ConfigurationManager, init=-1: [d0888866-0bad-4f41-ad37-dccd4a57b958:192.168.30.6:45405, 19e67e26-3d21-4d01-be9f-29113a4a814c:192.168.30.6:34535, 8c24ed06-386e-4085-8931-93c762a64530:192.168.30.6:32862], old=null, confs=<EMPTY_MAP>
2019-09-25 11:41:43,454 [pool-57-thread-1] INFO  server.RaftServerConfigKeys (ConfUtils.java:logGet(43)) - raft.server.rpcslowness.timeout = 120s (custom)
2019-09-25 11:41:43,454 [pool-47-thread-1] INFO  server.RaftServerConfigKeys (ConfUtils.java:logGet(43)) - raft.server.storage.dir = [/workdir/hadoop-ozone/integration-test/target/test-dir/MiniOzoneClusterImpl-85c44edd-3ede-4f6a-a825-df7bd545a955/datanode-2/data/ratis] (custom)
2019-09-25 11:41:43,454 [pool-57-thread-1] INFO  server.RaftServerConfigKeys (ConfUtils.java:logGet(43)) - raft.server.sleep.deviation.threshold = 300 (default)
2019-09-25 11:41:43,454 [pool-57-thread-1] INFO  server.RaftServerConfigKeys (ConfUtils.java:logGet(43)) - raft.server.log.appender.install.snapshot.enabled = false (custom)
2019-09-25 11:41:43,454 [pool-57-thread-1] INFO  impl.RaftServerImpl (ServerState.java:<init>(103)) - 8c24ed06-386e-4085-8931-93c762a64530@group-ADB1B60517AF: ConfigurationManager, init=-1: [d0888866-0bad-4f41-ad37-dccd4a57b958:192.168.30.6:45405, 19e67e26-3d21-4d01-be9f-29113a4a814c:192.168.30.6:34535, 8c24ed06-386e-4085-8931-93c762a64530:192.168.30.6:32862], old=null, confs=<EMPTY_MAP>
2019-09-25 11:41:43,454 [pool-47-thread-1] INFO  storage.RaftStorageDirectory (RaftStorageDirectory.java:analyzeStorage(246)) - The storage directory /workdir/hadoop-ozone/integration-test/target/test-dir/MiniOzoneClusterImpl-85c44edd-3ede-4f6a-a825-df7bd545a955/datanode-2/data/ratis/5c44fbfe-369d-45ad-8e0d-adb1b60517af does not exist. Creating ...
2019-09-25 11:41:43,454 [pool-57-thread-1] INFO  server.RaftServerConfigKeys (ConfUtils.java:logGet(43)) - raft.server.storage.dir = [/workdir/hadoop-ozone/integration-test/target/test-dir/MiniOzoneClusterImpl-85c44edd-3ede-4f6a-a825-df7bd545a955/datanode-3/data/ratis] (custom)
2019-09-25 11:41:43,455 [pool-57-thread-1] INFO  storage.RaftStorageDirectory (RaftStorageDirectory.java:analyzeStorage(246)) - The storage directory /workdir/hadoop-ozone/integration-test/target/test-dir/MiniOzoneClusterImpl-85c44edd-3ede-4f6a-a825-df7bd545a955/datanode-3/data/ratis/5c44fbfe-369d-45ad-8e0d-adb1b60517af does not exist. Creating ...
2019-09-25 11:41:43,461 [pool-57-thread-1] INFO  storage.RaftStorageDirectory (RaftStorageDirectory.java:tryLock(328)) - Lock on /workdir/hadoop-ozone/integration-test/target/test-dir/MiniOzoneClusterImpl-85c44edd-3ede-4f6a-a825-df7bd545a955/datanode-3/data/ratis/5c44fbfe-369d-45ad-8e0d-adb1b60517af/in_use.lock acquired by nodename 6054@pr-hdds-1569-5gmkr-4255264070
2019-09-25 11:41:43,461 [pool-27-thread-1] INFO  storage.RaftStorageDirectory (RaftStorageDirectory.java:tryLock(328)) - Lock on /workdir/hadoop-ozone/integration-test/target/test-dir/MiniOzoneClusterImpl-85c44edd-3ede-4f6a-a825-df7bd545a955/datanode-0/data/ratis/5c44fbfe-369d-45ad-8e0d-adb1b60517af/in_use.lock acquired by nodename 6054@pr-hdds-1569-5gmkr-4255264070
2019-09-25 11:41:43,461 [pool-47-thread-1] INFO  storage.RaftStorageDirectory (RaftStorageDirectory.java:tryLock(328)) - Lock on /workdir/hadoop-ozone/integration-test/target/test-dir/MiniOzoneClusterImpl-85c44edd-3ede-4f6a-a825-df7bd545a955/datanode-2/data/ratis/5c44fbfe-369d-45ad-8e0d-adb1b60517af/in_use.lock acquired by nodename 6054@pr-hdds-1569-5gmkr-4255264070
2019-09-25 11:41:43,476 [pool-27-thread-1] INFO  storage.RaftStorage (RaftStorage.java:format(72)) - Storage directory /workdir/hadoop-ozone/integration-test/target/test-dir/MiniOzoneClusterImpl-85c44edd-3ede-4f6a-a825-df7bd545a955/datanode-0/data/ratis/5c44fbfe-369d-45ad-8e0d-adb1b60517af has been successfully formatted.
2019-09-25 11:41:43,476 [pool-47-thread-1] INFO  storage.RaftStorage (RaftStorage.java:format(72)) - Storage directory /workdir/hadoop-ozone/integration-test/target/test-dir/MiniOzoneClusterImpl-85c44edd-3ede-4f6a-a825-df7bd545a955/datanode-2/data/ratis/5c44fbfe-369d-45ad-8e0d-adb1b60517af has been successfully formatted.
2019-09-25 11:41:43,476 [pool-57-thread-1] INFO  storage.RaftStorage (RaftStorage.java:format(72)) - Storage directory /workdir/hadoop-ozone/integration-test/target/test-dir/MiniOzoneClusterImpl-85c44edd-3ede-4f6a-a825-df7bd545a955/datanode-3/data/ratis/5c44fbfe-369d-45ad-8e0d-adb1b60517af has been successfully formatted.
2019-09-25 11:41:43,476 [pool-27-thread-1] INFO  ratis.ContainerStateMachine (ContainerStateMachine.java:loadSnapshot(230)) - group-ADB1B60517AF: The snapshot info is null. Setting the last applied indexto:(t:0, i:~)
2019-09-25 11:41:43,476 [pool-47-thread-1] INFO  ratis.ContainerStateMachine (ContainerStateMachine.java:loadSnapshot(230)) - group-ADB1B60517AF: The snapshot info is null. Setting the last applied indexto:(t:0, i:~)
2019-09-25 11:41:43,476 [pool-57-thread-1] INFO  ratis.ContainerStateMachine (ContainerStateMachine.java:loadSnapshot(230)) - group-ADB1B60517AF: The snapshot info is null. Setting the last applied indexto:(t:0, i:~)
2019-09-25 11:41:43,476 [pool-27-thread-1] INFO  server.RaftServerConfigKeys (ConfUtils.java:logGet(43)) - raft.server.notification.no-leader.timeout = 120s (custom)
2019-09-25 11:41:43,477 [pool-57-thread-1] INFO  server.RaftServerConfigKeys (ConfUtils.java:logGet(43)) - raft.server.notification.no-leader.timeout = 120s (custom)
2019-09-25 11:41:43,477 [pool-47-thread-1] INFO  server.RaftServerConfigKeys (ConfUtils.java:logGet(43)) - raft.server.notification.no-leader.timeout = 120s (custom)
2019-09-25 11:41:43,477 [pool-57-thread-1] INFO  server.RaftServerConfigKeys (ConfUtils.java:logGet(43)) - raft.server.log.use.memory = false (default)
2019-09-25 11:41:43,477 [pool-27-thread-1] INFO  server.RaftServerConfigKeys (ConfUtils.java:logGet(43)) - raft.server.log.use.memory = false (default)
2019-09-25 11:41:43,477 [pool-57-thread-1] INFO  server.RaftServerConfigKeys (ConfUtils.java:logGet(43)) - raft.server.log.purge.gap = 1000000 (custom)
2019-09-25 11:41:43,477 [pool-47-thread-1] INFO  server.RaftServerConfigKeys (ConfUtils.java:logGet(43)) - raft.server.log.use.memory = false (default)
2019-09-25 11:41:43,477 [pool-57-thread-1] INFO  server.RaftServerConfigKeys (ConfUtils.java:logGet(43)) - raft.server.log.appender.buffer.byte-limit = 33554432 (custom)
2019-09-25 11:41:43,477 [pool-27-thread-1] INFO  server.RaftServerConfigKeys (ConfUtils.java:logGet(43)) - raft.server.log.purge.gap = 1000000 (custom)
2019-09-25 11:41:43,478 [pool-57-thread-1] INFO  server.RaftServerConfigKeys (ConfUtils.java:logGet(43)) - raft.server.log.segment.size.max = 1048576 (custom)
2019-09-25 11:41:43,478 [pool-47-thread-1] INFO  server.RaftServerConfigKeys (ConfUtils.java:logGet(43)) - raft.server.log.purge.gap = 1000000 (custom)
2019-09-25 11:41:43,478 [pool-57-thread-1] INFO  server.RaftServerConfigKeys (ConfUtils.java:logGet(43)) - raft.server.log.segment.cache.num.max = 2 (custom)
2019-09-25 11:41:43,478 [pool-27-thread-1] INFO  server.RaftServerConfigKeys (ConfUtils.java:logGet(43)) - raft.server.log.appender.buffer.byte-limit = 33554432 (custom)
2019-09-25 11:41:43,478 [pool-57-thread-1] INFO  segmented.SegmentedRaftLogWorker (SegmentedRaftLogWorker.java:<init>(172)) - new 8c24ed06-386e-4085-8931-93c762a64530@group-ADB1B60517AF-SegmentedRaftLogWorker for RaftStorage:Storage Directory /workdir/hadoop-ozone/integration-test/target/test-dir/MiniOzoneClusterImpl-85c44edd-3ede-4f6a-a825-df7bd545a955/datanode-3/data/ratis/5c44fbfe-369d-45ad-8e0d-adb1b60517af
2019-09-25 11:41:43,478 [pool-47-thread-1] INFO  server.RaftServerConfigKeys (ConfUtils.java:logGet(43)) - raft.server.log.appender.buffer.byte-limit = 33554432 (custom)
2019-09-25 11:41:43,479 [pool-57-thread-1] INFO  server.RaftServerConfigKeys (ConfUtils.java:logGet(43)) - raft.server.log.queue.byte-limit = 2147483647 (custom)
2019-09-25 11:41:43,478 [pool-27-thread-1] INFO  server.RaftServerConfigKeys (ConfUtils.java:logGet(43)) - raft.server.log.segment.size.max = 1048576 (custom)
2019-09-25 11:41:43,479 [pool-57-thread-1] INFO  server.RaftServerConfigKeys (ConfUtils.java:logGet(43)) - raft.server.log.queue.element-limit = 1024 (custom)
2019-09-25 11:41:43,479 [pool-47-thread-1] INFO  server.RaftServerConfigKeys (ConfUtils.java:logGet(43)) - raft.server.log.segment.size.max = 1048576 (custom)
2019-09-25 11:41:43,479 [pool-57-thread-1] INFO  server.RaftServerConfigKeys (ConfUtils.java:logGet(43)) - raft.server.log.segment.size.max = 1048576 (custom)
2019-09-25 11:41:43,479 [pool-27-thread-1] INFO  server.RaftServerConfigKeys (ConfUtils.java:logGet(43)) - raft.server.log.segment.cache.num.max = 2 (custom)
2019-09-25 11:41:43,479 [pool-57-thread-1] INFO  server.RaftServerConfigKeys (ConfUtils.java:logGet(43)) - raft.server.log.preallocated.size = 16384 (custom)
2019-09-25 11:41:43,479 [pool-47-thread-1] INFO  server.RaftServerConfigKeys (ConfUtils.java:logGet(43)) - raft.server.log.segment.cache.num.max = 2 (custom)
2019-09-25 11:41:43,480 [pool-57-thread-1] INFO  server.RaftServerConfigKeys (ConfUtils.java:logGet(43)) - raft.server.log.write.buffer.size = 33554432 (custom)
2019-09-25 11:41:43,480 [pool-27-thread-1] INFO  segmented.SegmentedRaftLogWorker (SegmentedRaftLogWorker.java:<init>(172)) - new 19e67e26-3d21-4d01-be9f-29113a4a814c@group-ADB1B60517AF-SegmentedRaftLogWorker for RaftStorage:Storage Directory /workdir/hadoop-ozone/integration-test/target/test-dir/MiniOzoneClusterImpl-85c44edd-3ede-4f6a-a825-df7bd545a955/datanode-0/data/ratis/5c44fbfe-369d-45ad-8e0d-adb1b60517af
2019-09-25 11:41:43,480 [pool-57-thread-1] INFO  server.RaftServerConfigKeys (ConfUtils.java:logGet(43)) - raft.server.log.force.sync.num = 128 (default)
2019-09-25 11:41:43,480 [pool-47-thread-1] INFO  segmented.SegmentedRaftLogWorker (SegmentedRaftLogWorker.java:<init>(172)) - new d0888866-0bad-4f41-ad37-dccd4a57b958@group-ADB1B60517AF-SegmentedRaftLogWorker for RaftStorage:Storage Directory /workdir/hadoop-ozone/integration-test/target/test-dir/MiniOzoneClusterImpl-85c44edd-3ede-4f6a-a825-df7bd545a955/datanode-2/data/ratis/5c44fbfe-369d-45ad-8e0d-adb1b60517af
2019-09-25 11:41:43,480 [pool-57-thread-1] INFO  server.RaftServerConfigKeys (ConfUtils.java:logGet(43)) - raft.server.log.statemachine.data.sync = true (default)
2019-09-25 11:41:43,480 [pool-27-thread-1] INFO  server.RaftServerConfigKeys (ConfUtils.java:logGet(43)) - raft.server.log.queue.byte-limit = 2147483647 (custom)
2019-09-25 11:41:43,480 [pool-57-thread-1] INFO  server.RaftServerConfigKeys (ConfUtils.java:logGet(43)) - raft.server.log.statemachine.data.sync.timeout = 10s (default)
2019-09-25 11:41:43,480 [pool-47-thread-1] INFO  server.RaftServerConfigKeys (ConfUtils.java:logGet(43)) - raft.server.log.queue.byte-limit = 2147483647 (custom)
2019-09-25 11:41:43,481 [pool-57-thread-1] INFO  server.RaftServerConfigKeys (ConfUtils.java:logGet(43)) - raft.server.log.statemachine.data.sync.timeout.retry = -1 (default)
2019-09-25 11:41:43,481 [pool-27-thread-1] INFO  server.RaftServerConfigKeys (ConfUtils.java:logGet(43)) - raft.server.log.queue.element-limit = 1024 (custom)
2019-09-25 11:41:43,481 [pool-47-thread-1] INFO  server.RaftServerConfigKeys (ConfUtils.java:logGet(43)) - raft.server.log.queue.element-limit = 1024 (custom)
2019-09-25 11:41:43,481 [pool-57-thread-1] INFO  server.RaftServerConfigKeys (ConfUtils.java:logGet(43)) - raft.server.log.statemachine.data.caching.enabled = true (custom)
2019-09-25 11:41:43,481 [pool-27-thread-1] INFO  server.RaftServerConfigKeys (ConfUtils.java:logGet(43)) - raft.server.log.segment.size.max = 1048576 (custom)
2019-09-25 11:41:43,481 [pool-47-thread-1] INFO  server.RaftServerConfigKeys (ConfUtils.java:logGet(43)) - raft.server.log.segment.size.max = 1048576 (custom)
2019-09-25 11:41:43,481 [pool-27-thread-1] INFO  server.RaftServerConfigKeys (ConfUtils.java:logGet(43)) - raft.server.log.preallocated.size = 16384 (custom)
2019-09-25 11:41:43,482 [pool-47-thread-1] INFO  server.RaftServerConfigKeys (ConfUtils.java:logGet(43)) - raft.server.log.preallocated.size = 16384 (custom)
2019-09-25 11:41:43,482 [pool-57-thread-1] INFO  segmented.SegmentedRaftLogWorker (SegmentedRaftLogWorker.java:lambda$new$0(132)) - 8c24ed06-386e-4085-8931-93c762a64530@group-ADB1B60517AF-SegmentedRaftLogWorker: flushIndex: setUnconditionally 0 -> -1
2019-09-25 11:41:43,482 [pool-47-thread-1] INFO  server.RaftServerConfigKeys (ConfUtils.java:logGet(43)) - raft.server.log.write.buffer.size = 33554432 (custom)
2019-09-25 11:41:43,482 [pool-27-thread-1] INFO  server.RaftServerConfigKeys (ConfUtils.java:logGet(43)) - raft.server.log.write.buffer.size = 33554432 (custom)
2019-09-25 11:41:43,482 [pool-57-thread-1] INFO  server.RaftServerConfigKeys (ConfUtils.java:logGet(43)) - raft.server.snapshot.auto.trigger.enabled = true (custom)
2019-09-25 11:41:43,482 [pool-47-thread-1] INFO  server.RaftServerConfigKeys (ConfUtils.java:logGet(43)) - raft.server.log.force.sync.num = 128 (default)
2019-09-25 11:41:43,482 [pool-57-thread-1] INFO  server.RaftServerConfigKeys (ConfUtils.java:logGet(43)) - raft.server.snapshot.auto.trigger.threshold = 10000 (custom)
2019-09-25 11:41:43,482 [pool-27-thread-1] INFO  server.RaftServerConfigKeys (ConfUtils.java:logGet(43)) - raft.server.log.force.sync.num = 128 (default)
2019-09-25 11:41:43,483 [pool-57-thread-1] INFO  server.RaftServerConfigKeys (ConfUtils.java:logGet(43)) - raft.server.snapshot.retention.num.files = 5 (custom)
2019-09-25 11:41:43,483 [pool-47-thread-1] INFO  server.RaftServerConfigKeys (ConfUtils.java:logGet(43)) - raft.server.log.statemachine.data.sync = true (default)
2019-09-25 11:41:43,483 [pool-57-thread-1] INFO  server.RaftServerConfigKeys (ConfUtils.java:logGet(43)) - raft.server.retrycache.expirytime = 600000ms (custom)
2019-09-25 11:41:43,483 [pool-27-thread-1] INFO  server.RaftServerConfigKeys (ConfUtils.java:logGet(43)) - raft.server.log.statemachine.data.sync = true (default)
2019-09-25 11:41:43,483 [pool-47-thread-1] INFO  server.RaftServerConfigKeys (ConfUtils.java:logGet(43)) - raft.server.log.statemachine.data.sync.timeout = 10s (default)
2019-09-25 11:41:43,483 [pool-27-thread-1] INFO  server.RaftServerConfigKeys (ConfUtils.java:logGet(43)) - raft.server.log.statemachine.data.sync.timeout = 10s (default)
2019-09-25 11:41:43,483 [pool-47-thread-1] INFO  server.RaftServerConfigKeys (ConfUtils.java:logGet(43)) - raft.server.log.statemachine.data.sync.timeout.retry = -1 (default)
2019-09-25 11:41:43,484 [pool-27-thread-1] INFO  server.RaftServerConfigKeys (ConfUtils.java:logGet(43)) - raft.server.log.statemachine.data.sync.timeout.retry = -1 (default)
2019-09-25 11:41:43,484 [pool-47-thread-1] INFO  server.RaftServerConfigKeys (ConfUtils.java:logGet(43)) - raft.server.log.statemachine.data.caching.enabled = true (custom)
2019-09-25 11:41:43,484 [pool-27-thread-1] INFO  server.RaftServerConfigKeys (ConfUtils.java:logGet(43)) - raft.server.log.statemachine.data.caching.enabled = true (custom)
2019-09-25 11:41:43,484 [pool-47-thread-1] INFO  segmented.SegmentedRaftLogWorker (SegmentedRaftLogWorker.java:lambda$new$0(132)) - d0888866-0bad-4f41-ad37-dccd4a57b958@group-ADB1B60517AF-SegmentedRaftLogWorker: flushIndex: setUnconditionally 0 -> -1
2019-09-25 11:41:43,484 [pool-27-thread-1] INFO  segmented.SegmentedRaftLogWorker (SegmentedRaftLogWorker.java:lambda$new$0(132)) - 19e67e26-3d21-4d01-be9f-29113a4a814c@group-ADB1B60517AF-SegmentedRaftLogWorker: flushIndex: setUnconditionally 0 -> -1
2019-09-25 11:41:43,484 [pool-47-thread-1] INFO  server.RaftServerConfigKeys (ConfUtils.java:logGet(43)) - raft.server.snapshot.auto.trigger.enabled = true (custom)
2019-09-25 11:41:43,485 [pool-27-thread-1] INFO  server.RaftServerConfigKeys (ConfUtils.java:logGet(43)) - raft.server.snapshot.auto.trigger.enabled = true (custom)
2019-09-25 11:41:43,485 [pool-47-thread-1] INFO  server.RaftServerConfigKeys (ConfUtils.java:logGet(43)) - raft.server.snapshot.auto.trigger.threshold = 10000 (custom)
2019-09-25 11:41:43,485 [pool-27-thread-1] INFO  server.RaftServerConfigKeys (ConfUtils.java:logGet(43)) - raft.server.snapshot.auto.trigger.threshold = 10000 (custom)
2019-09-25 11:41:43,487 [pool-47-thread-1] INFO  server.RaftServerConfigKeys (ConfUtils.java:logGet(43)) - raft.server.snapshot.retention.num.files = 5 (custom)
2019-09-25 11:41:43,487 [pool-27-thread-1] INFO  server.RaftServerConfigKeys (ConfUtils.java:logGet(43)) - raft.server.snapshot.retention.num.files = 5 (custom)
2019-09-25 11:41:43,487 [pool-47-thread-1] INFO  server.RaftServerConfigKeys (ConfUtils.java:logGet(43)) - raft.server.retrycache.expirytime = 600000ms (custom)
2019-09-25 11:41:43,487 [pool-27-thread-1] INFO  server.RaftServerConfigKeys (ConfUtils.java:logGet(43)) - raft.server.retrycache.expirytime = 600000ms (custom)
2019-09-25 11:41:43,489 [pool-57-thread-1] INFO  impl.RaftServerImpl (RaftServerImpl.java:start(185)) - 8c24ed06-386e-4085-8931-93c762a64530@group-ADB1B60517AF: start as a follower, conf=-1: [d0888866-0bad-4f41-ad37-dccd4a57b958:192.168.30.6:45405, 19e67e26-3d21-4d01-be9f-29113a4a814c:192.168.30.6:34535, 8c24ed06-386e-4085-8931-93c762a64530:192.168.30.6:32862], old=null
2019-09-25 11:41:43,489 [pool-57-thread-1] INFO  impl.RaftServerImpl (RaftServerImpl.java:setRole(174)) - 8c24ed06-386e-4085-8931-93c762a64530@group-ADB1B60517AF: changes role from      null to FOLLOWER at term 0 for startAsFollower
2019-09-25 11:41:43,489 [pool-57-thread-1] INFO  impl.RoleInfo (RoleInfo.java:updateAndGet(143)) - 8c24ed06-386e-4085-8931-93c762a64530: start FollowerState
2019-09-25 11:41:43,489 [pool-57-thread-1] INFO  util.JmxRegister (JmxRegister.java:tryRegister(44)) - Successfully registered JMX Bean with object name Ratis:service=RaftServer,group=group-ADB1B60517AF,id=8c24ed06-386e-4085-8931-93c762a64530
2019-09-25 11:41:43,491 [pool-47-thread-1] INFO  impl.RaftServerImpl (RaftServerImpl.java:start(185)) - d0888866-0bad-4f41-ad37-dccd4a57b958@group-ADB1B60517AF: start as a follower, conf=-1: [d0888866-0bad-4f41-ad37-dccd4a57b958:192.168.30.6:45405, 19e67e26-3d21-4d01-be9f-29113a4a814c:192.168.30.6:34535, 8c24ed06-386e-4085-8931-93c762a64530:192.168.30.6:32862], old=null
2019-09-25 11:41:43,491 [pool-27-thread-1] INFO  impl.RaftServerImpl (RaftServerImpl.java:start(185)) - 19e67e26-3d21-4d01-be9f-29113a4a814c@group-ADB1B60517AF: start as a follower, conf=-1: [d0888866-0bad-4f41-ad37-dccd4a57b958:192.168.30.6:45405, 19e67e26-3d21-4d01-be9f-29113a4a814c:192.168.30.6:34535, 8c24ed06-386e-4085-8931-93c762a64530:192.168.30.6:32862], old=null
2019-09-25 11:41:43,491 [pool-47-thread-1] INFO  impl.RaftServerImpl (RaftServerImpl.java:setRole(174)) - d0888866-0bad-4f41-ad37-dccd4a57b958@group-ADB1B60517AF: changes role from      null to FOLLOWER at term 0 for startAsFollower
2019-09-25 11:41:43,491 [pool-27-thread-1] INFO  impl.RaftServerImpl (RaftServerImpl.java:setRole(174)) - 19e67e26-3d21-4d01-be9f-29113a4a814c@group-ADB1B60517AF: changes role from      null to FOLLOWER at term 0 for startAsFollower
2019-09-25 11:41:43,491 [pool-47-thread-1] INFO  impl.RoleInfo (RoleInfo.java:updateAndGet(143)) - d0888866-0bad-4f41-ad37-dccd4a57b958: start FollowerState
2019-09-25 11:41:43,491 [pool-27-thread-1] INFO  impl.RoleInfo (RoleInfo.java:updateAndGet(143)) - 19e67e26-3d21-4d01-be9f-29113a4a814c: start FollowerState
2019-09-25 11:41:43,492 [pool-47-thread-1] INFO  util.JmxRegister (JmxRegister.java:tryRegister(44)) - Successfully registered JMX Bean with object name Ratis:service=RaftServer,group=group-ADB1B60517AF,id=d0888866-0bad-4f41-ad37-dccd4a57b958
2019-09-25 11:41:43,492 [pool-27-thread-1] INFO  util.JmxRegister (JmxRegister.java:tryRegister(44)) - Successfully registered JMX Bean with object name Ratis:service=RaftServer,group=group-ADB1B60517AF,id=19e67e26-3d21-4d01-be9f-29113a4a814c
2019-09-25 11:41:43,507 [RatisPipelineUtilsThread] INFO  pipeline.PipelineStateManager (PipelineStateManager.java:addPipeline(56)) - Created pipeline Pipeline[ Id: 5c44fbfe-369d-45ad-8e0d-adb1b60517af, Nodes: 19e67e26-3d21-4d01-be9f-29113a4a814c{ip: 192.168.30.6, host: pr-hdds-1569-5gmkr-4255264070, networkLocation: /default-rack, certSerialId: null}8c24ed06-386e-4085-8931-93c762a64530{ip: 192.168.30.6, host: pr-hdds-1569-5gmkr-4255264070, networkLocation: /default-rack, certSerialId: null}d0888866-0bad-4f41-ad37-dccd4a57b958{ip: 192.168.30.6, host: pr-hdds-1569-5gmkr-4255264070, networkLocation: /default-rack, certSerialId: null}, Type:RATIS, Factor:THREE, State:OPEN]
2019-09-25 11:41:43,523 [grpc-default-executor-1] INFO  impl.RaftServerProxy (RaftServerProxy.java:addNew(89)) - 8c24ed06-386e-4085-8931-93c762a64530: addNew group-DBE87B3B08CE:[d0888866-0bad-4f41-ad37-dccd4a57b958:192.168.30.6:45405, a7d59ef6-3eca-4628-b097-12d983444e7f:192.168.30.6:43486, 8c24ed06-386e-4085-8931-93c762a64530:192.168.30.6:32862] returns group-DBE87B3B08CE:java.util.concurrent.CompletableFuture@2d453a51[Not completed]
2019-09-25 11:41:43,523 [grpc-default-executor-0] INFO  impl.RaftServerProxy (RaftServerProxy.java:addNew(89)) - a7d59ef6-3eca-4628-b097-12d983444e7f: addNew group-DBE87B3B08CE:[d0888866-0bad-4f41-ad37-dccd4a57b958:192.168.30.6:45405, a7d59ef6-3eca-4628-b097-12d983444e7f:192.168.30.6:43486, 8c24ed06-386e-4085-8931-93c762a64530:192.168.30.6:32862] returns group-DBE87B3B08CE:java.util.concurrent.CompletableFuture@6d1a5cea[Not completed]
2019-09-25 11:41:43,524 [grpc-default-executor-2] INFO  impl.RaftServerProxy (RaftServerProxy.java:addNew(89)) - d0888866-0bad-4f41-ad37-dccd4a57b958: addNew group-DBE87B3B08CE:[d0888866-0bad-4f41-ad37-dccd4a57b958:192.168.30.6:45405, a7d59ef6-3eca-4628-b097-12d983444e7f:192.168.30.6:43486, 8c24ed06-386e-4085-8931-93c762a64530:192.168.30.6:32862] returns group-DBE87B3B08CE:java.util.concurrent.CompletableFuture@66620718[Not completed]
2019-09-25 11:41:43,526 [pool-57-thread-1] INFO  impl.RaftServerImpl (RaftServerImpl.java:<init>(95)) - 8c24ed06-386e-4085-8931-93c762a64530: new RaftServerImpl for group-DBE87B3B08CE:[d0888866-0bad-4f41-ad37-dccd4a57b958:192.168.30.6:45405, a7d59ef6-3eca-4628-b097-12d983444e7f:192.168.30.6:43486, 8c24ed06-386e-4085-8931-93c762a64530:192.168.30.6:32862] with ContainerStateMachine:uninitialized
2019-09-25 11:41:43,527 [pool-57-thread-1] INFO  server.RaftServerConfigKeys (ConfUtils.java:logGet(43)) - raft.server.rpc.timeout.min = 5s (custom)
2019-09-25 11:41:43,527 [pool-57-thread-1] INFO  server.RaftServerConfigKeys (ConfUtils.java:logGet(43)) - raft.server.rpc.timeout.max = 5200ms (custom)
2019-09-25 11:41:43,527 [pool-57-thread-1] INFO  server.RaftServerConfigKeys (ConfUtils.java:logGet(43)) - raft.server.rpcslowness.timeout = 120s (custom)
2019-09-25 11:41:43,527 [pool-57-thread-1] INFO  server.RaftServerConfigKeys (ConfUtils.java:logGet(43)) - raft.server.sleep.deviation.threshold = 300 (default)
2019-09-25 11:41:43,527 [pool-57-thread-1] INFO  server.RaftServerConfigKeys (ConfUtils.java:logGet(43)) - raft.server.log.appender.install.snapshot.enabled = false (custom)
2019-09-25 11:41:43,527 [pool-57-thread-1] INFO  impl.RaftServerImpl (ServerState.java:<init>(103)) - 8c24ed06-386e-4085-8931-93c762a64530@group-DBE87B3B08CE: ConfigurationManager, init=-1: [d0888866-0bad-4f41-ad37-dccd4a57b958:192.168.30.6:45405, a7d59ef6-3eca-4628-b097-12d983444e7f:192.168.30.6:43486, 8c24ed06-386e-4085-8931-93c762a64530:192.168.30.6:32862], old=null, confs=<EMPTY_MAP>
2019-09-25 11:41:43,528 [pool-57-thread-1] INFO  server.RaftServerConfigKeys (ConfUtils.java:logGet(43)) - raft.server.storage.dir = [/workdir/hadoop-ozone/integration-test/target/test-dir/MiniOzoneClusterImpl-85c44edd-3ede-4f6a-a825-df7bd545a955/datanode-3/data/ratis] (custom)
2019-09-25 11:41:43,528 [pool-77-thread-1] INFO  impl.RaftServerImpl (RaftServerImpl.java:<init>(95)) - a7d59ef6-3eca-4628-b097-12d983444e7f: new RaftServerImpl for group-DBE87B3B08CE:[d0888866-0bad-4f41-ad37-dccd4a57b958:192.168.30.6:45405, a7d59ef6-3eca-4628-b097-12d983444e7f:192.168.30.6:43486, 8c24ed06-386e-4085-8931-93c762a64530:192.168.30.6:32862] with ContainerStateMachine:uninitialized
2019-09-25 11:41:43,528 [pool-77-thread-1] INFO  server.RaftServerConfigKeys (ConfUtils.java:logGet(43)) - raft.server.rpc.timeout.min = 5s (custom)
2019-09-25 11:41:43,528 [pool-57-thread-1] INFO  storage.RaftStorageDirectory (RaftStorageDirectory.java:analyzeStorage(246)) - The storage directory /workdir/hadoop-ozone/integration-test/target/test-dir/MiniOzoneClusterImpl-85c44edd-3ede-4f6a-a825-df7bd545a955/datanode-3/data/ratis/e84d2017-21a0-412b-9f57-dbe87b3b08ce does not exist. Creating ...
2019-09-25 11:41:43,528 [pool-77-thread-1] INFO  server.RaftServerConfigKeys (ConfUtils.java:logGet(43)) - raft.server.rpc.timeout.max = 5200ms (custom)
2019-09-25 11:41:43,529 [pool-77-thread-1] INFO  server.RaftServerConfigKeys (ConfUtils.java:logGet(43)) - raft.server.rpcslowness.timeout = 120s (custom)
2019-09-25 11:41:43,529 [pool-77-thread-1] INFO  server.RaftServerConfigKeys (ConfUtils.java:logGet(43)) - raft.server.sleep.deviation.threshold = 300 (default)
2019-09-25 11:41:43,529 [pool-77-thread-1] INFO  server.RaftServerConfigKeys (ConfUtils.java:logGet(43)) - raft.server.log.appender.install.snapshot.enabled = false (custom)
2019-09-25 11:41:43,529 [pool-77-thread-1] INFO  impl.RaftServerImpl (ServerState.java:<init>(103)) - a7d59ef6-3eca-4628-b097-12d983444e7f@group-DBE87B3B08CE: ConfigurationManager, init=-1: [d0888866-0bad-4f41-ad37-dccd4a57b958:192.168.30.6:45405, a7d59ef6-3eca-4628-b097-12d983444e7f:192.168.30.6:43486, 8c24ed06-386e-4085-8931-93c762a64530:192.168.30.6:32862], old=null, confs=<EMPTY_MAP>
2019-09-25 11:41:43,529 [pool-47-thread-1] INFO  impl.RaftServerImpl (RaftServerImpl.java:<init>(95)) - d0888866-0bad-4f41-ad37-dccd4a57b958: new RaftServerImpl for group-DBE87B3B08CE:[d0888866-0bad-4f41-ad37-dccd4a57b958:192.168.30.6:45405, a7d59ef6-3eca-4628-b097-12d983444e7f:192.168.30.6:43486, 8c24ed06-386e-4085-8931-93c762a64530:192.168.30.6:32862] with ContainerStateMachine:uninitialized
2019-09-25 11:41:43,529 [pool-77-thread-1] INFO  server.RaftServerConfigKeys (ConfUtils.java:logGet(43)) - raft.server.storage.dir = [/workdir/hadoop-ozone/integration-test/target/test-dir/MiniOzoneClusterImpl-85c44edd-3ede-4f6a-a825-df7bd545a955/datanode-5/data/ratis] (custom)
2019-09-25 11:41:43,530 [pool-47-thread-1] INFO  server.RaftServerConfigKeys (ConfUtils.java:logGet(43)) - raft.server.rpc.timeout.min = 5s (custom)
2019-09-25 11:41:43,530 [pool-47-thread-1] INFO  server.RaftServerConfigKeys (ConfUtils.java:logGet(43)) - raft.server.rpc.timeout.max = 5200ms (custom)
2019-09-25 11:41:43,530 [pool-77-thread-1] INFO  storage.RaftStorageDirectory (RaftStorageDirectory.java:analyzeStorage(246)) - The storage directory /workdir/hadoop-ozone/integration-test/target/test-dir/MiniOzoneClusterImpl-85c44edd-3ede-4f6a-a825-df7bd545a955/datanode-5/data/ratis/e84d2017-21a0-412b-9f57-dbe87b3b08ce does not exist. Creating ...
2019-09-25 11:41:43,530 [pool-47-thread-1] INFO  server.RaftServerConfigKeys (ConfUtils.java:logGet(43)) - raft.server.rpcslowness.timeout = 120s (custom)
2019-09-25 11:41:43,530 [pool-47-thread-1] INFO  server.RaftServerConfigKeys (ConfUtils.java:logGet(43)) - raft.server.sleep.deviation.threshold = 300 (default)
2019-09-25 11:41:43,530 [pool-47-thread-1] INFO  server.RaftServerConfigKeys (ConfUtils.java:logGet(43)) - raft.server.log.appender.install.snapshot.enabled = false (custom)
2019-09-25 11:41:43,531 [pool-47-thread-1] INFO  impl.RaftServerImpl (ServerState.java:<init>(103)) - d0888866-0bad-4f41-ad37-dccd4a57b958@group-DBE87B3B08CE: ConfigurationManager, init=-1: [d0888866-0bad-4f41-ad37-dccd4a57b958:192.168.30.6:45405, a7d59ef6-3eca-4628-b097-12d983444e7f:192.168.30.6:43486, 8c24ed06-386e-4085-8931-93c762a64530:192.168.30.6:32862], old=null, confs=<EMPTY_MAP>
2019-09-25 11:41:43,531 [pool-47-thread-1] INFO  server.RaftServerConfigKeys (ConfUtils.java:logGet(43)) - raft.server.storage.dir = [/workdir/hadoop-ozone/integration-test/target/test-dir/MiniOzoneClusterImpl-85c44edd-3ede-4f6a-a825-df7bd545a955/datanode-2/data/ratis] (custom)
2019-09-25 11:41:43,531 [pool-47-thread-1] INFO  storage.RaftStorageDirectory (RaftStorageDirectory.java:analyzeStorage(246)) - The storage directory /workdir/hadoop-ozone/integration-test/target/test-dir/MiniOzoneClusterImpl-85c44edd-3ede-4f6a-a825-df7bd545a955/datanode-2/data/ratis/e84d2017-21a0-412b-9f57-dbe87b3b08ce does not exist. Creating ...
2019-09-25 11:41:43,541 [pool-57-thread-1] INFO  storage.RaftStorageDirectory (RaftStorageDirectory.java:tryLock(328)) - Lock on /workdir/hadoop-ozone/integration-test/target/test-dir/MiniOzoneClusterImpl-85c44edd-3ede-4f6a-a825-df7bd545a955/datanode-3/data/ratis/e84d2017-21a0-412b-9f57-dbe87b3b08ce/in_use.lock acquired by nodename 6054@pr-hdds-1569-5gmkr-4255264070
2019-09-25 11:41:43,541 [pool-47-thread-1] INFO  storage.RaftStorageDirectory (RaftStorageDirectory.java:tryLock(328)) - Lock on /workdir/hadoop-ozone/integration-test/target/test-dir/MiniOzoneClusterImpl-85c44edd-3ede-4f6a-a825-df7bd545a955/datanode-2/data/ratis/e84d2017-21a0-412b-9f57-dbe87b3b08ce/in_use.lock acquired by nodename 6054@pr-hdds-1569-5gmkr-4255264070
2019-09-25 11:41:43,541 [pool-77-thread-1] INFO  storage.RaftStorageDirectory (RaftStorageDirectory.java:tryLock(328)) - Lock on /workdir/hadoop-ozone/integration-test/target/test-dir/MiniOzoneClusterImpl-85c44edd-3ede-4f6a-a825-df7bd545a955/datanode-5/data/ratis/e84d2017-21a0-412b-9f57-dbe87b3b08ce/in_use.lock acquired by nodename 6054@pr-hdds-1569-5gmkr-4255264070
2019-09-25 11:41:43,556 [pool-57-thread-1] INFO  storage.RaftStorage (RaftStorage.java:format(72)) - Storage directory /workdir/hadoop-ozone/integration-test/target/test-dir/MiniOzoneClusterImpl-85c44edd-3ede-4f6a-a825-df7bd545a955/datanode-3/data/ratis/e84d2017-21a0-412b-9f57-dbe87b3b08ce has been successfully formatted.
2019-09-25 11:41:43,556 [pool-77-thread-1] INFO  storage.RaftStorage (RaftStorage.java:format(72)) - Storage directory /workdir/hadoop-ozone/integration-test/target/test-dir/MiniOzoneClusterImpl-85c44edd-3ede-4f6a-a825-df7bd545a955/datanode-5/data/ratis/e84d2017-21a0-412b-9f57-dbe87b3b08ce has been successfully formatted.
2019-09-25 11:41:43,556 [pool-47-thread-1] INFO  storage.RaftStorage (RaftStorage.java:format(72)) - Storage directory /workdir/hadoop-ozone/integration-test/target/test-dir/MiniOzoneClusterImpl-85c44edd-3ede-4f6a-a825-df7bd545a955/datanode-2/data/ratis/e84d2017-21a0-412b-9f57-dbe87b3b08ce has been successfully formatted.
2019-09-25 11:41:43,556 [pool-57-thread-1] INFO  ratis.ContainerStateMachine (ContainerStateMachine.java:loadSnapshot(230)) - group-DBE87B3B08CE: The snapshot info is null. Setting the last applied indexto:(t:0, i:~)
2019-09-25 11:41:43,557 [pool-77-thread-1] INFO  ratis.ContainerStateMachine (ContainerStateMachine.java:loadSnapshot(230)) - group-DBE87B3B08CE: The snapshot info is null. Setting the last applied indexto:(t:0, i:~)
2019-09-25 11:41:43,557 [pool-47-thread-1] INFO  ratis.ContainerStateMachine (ContainerStateMachine.java:loadSnapshot(230)) - group-DBE87B3B08CE: The snapshot info is null. Setting the last applied indexto:(t:0, i:~)
2019-09-25 11:41:43,557 [pool-57-thread-1] INFO  server.RaftServerConfigKeys (ConfUtils.java:logGet(43)) - raft.server.notification.no-leader.timeout = 120s (custom)
2019-09-25 11:41:43,557 [pool-47-thread-1] INFO  server.RaftServerConfigKeys (ConfUtils.java:logGet(43)) - raft.server.notification.no-leader.timeout = 120s (custom)
2019-09-25 11:41:43,557 [pool-77-thread-1] INFO  server.RaftServerConfigKeys (ConfUtils.java:logGet(43)) - raft.server.notification.no-leader.timeout = 120s (custom)
2019-09-25 11:41:43,557 [pool-47-thread-1] INFO  server.RaftServerConfigKeys (ConfUtils.java:logGet(43)) - raft.server.log.use.memory = false (default)
2019-09-25 11:41:43,557 [pool-57-thread-1] INFO  server.RaftServerConfigKeys (ConfUtils.java:logGet(43)) - raft.server.log.use.memory = false (default)
2019-09-25 11:41:43,558 [pool-47-thread-1] INFO  server.RaftServerConfigKeys (ConfUtils.java:logGet(43)) - raft.server.log.purge.gap = 1000000 (custom)
2019-09-25 11:41:43,558 [pool-77-thread-1] INFO  server.RaftServerConfigKeys (ConfUtils.java:logGet(43)) - raft.server.log.use.memory = false (default)
2019-09-25 11:41:43,558 [pool-47-thread-1] INFO  server.RaftServerConfigKeys (ConfUtils.java:logGet(43)) - raft.server.log.appender.buffer.byte-limit = 33554432 (custom)
2019-09-25 11:41:43,558 [pool-57-thread-1] INFO  server.RaftServerConfigKeys (ConfUtils.java:logGet(43)) - raft.server.log.purge.gap = 1000000 (custom)
2019-09-25 11:41:43,558 [pool-47-thread-1] INFO  server.RaftServerConfigKeys (ConfUtils.java:logGet(43)) - raft.server.log.segment.size.max = 1048576 (custom)
2019-09-25 11:41:43,558 [pool-77-thread-1] INFO  server.RaftServerConfigKeys (ConfUtils.java:logGet(43)) - raft.server.log.purge.gap = 1000000 (custom)
2019-09-25 11:41:43,559 [pool-47-thread-1] INFO  server.RaftServerConfigKeys (ConfUtils.java:logGet(43)) - raft.server.log.segment.cache.num.max = 2 (custom)
2019-09-25 11:41:43,559 [pool-57-thread-1] INFO  server.RaftServerConfigKeys (ConfUtils.java:logGet(43)) - raft.server.log.appender.buffer.byte-limit = 33554432 (custom)
2019-09-25 11:41:43,559 [pool-47-thread-1] INFO  segmented.SegmentedRaftLogWorker (SegmentedRaftLogWorker.java:<init>(172)) - new d0888866-0bad-4f41-ad37-dccd4a57b958@group-DBE87B3B08CE-SegmentedRaftLogWorker for RaftStorage:Storage Directory /workdir/hadoop-ozone/integration-test/target/test-dir/MiniOzoneClusterImpl-85c44edd-3ede-4f6a-a825-df7bd545a955/datanode-2/data/ratis/e84d2017-21a0-412b-9f57-dbe87b3b08ce
2019-09-25 11:41:43,559 [pool-77-thread-1] INFO  server.RaftServerConfigKeys (ConfUtils.java:logGet(43)) - raft.server.log.appender.buffer.byte-limit = 33554432 (custom)
2019-09-25 11:41:43,559 [pool-47-thread-1] INFO  server.RaftServerConfigKeys (ConfUtils.java:logGet(43)) - raft.server.log.queue.byte-limit = 2147483647 (custom)
2019-09-25 11:41:43,559 [pool-57-thread-1] INFO  server.RaftServerConfigKeys (ConfUtils.java:logGet(43)) - raft.server.log.segment.size.max = 1048576 (custom)
2019-09-25 11:41:43,560 [pool-47-thread-1] INFO  server.RaftServerConfigKeys (ConfUtils.java:logGet(43)) - raft.server.log.queue.element-limit = 1024 (custom)
2019-09-25 11:41:43,560 [pool-77-thread-1] INFO  server.RaftServerConfigKeys (ConfUtils.java:logGet(43)) - raft.server.log.segment.size.max = 1048576 (custom)
2019-09-25 11:41:43,560 [pool-47-thread-1] INFO  server.RaftServerConfigKeys (ConfUtils.java:logGet(43)) - raft.server.log.segment.size.max = 1048576 (custom)
2019-09-25 11:41:43,560 [pool-57-thread-1] INFO  server.RaftServerConfigKeys (ConfUtils.java:logGet(43)) - raft.server.log.segment.cache.num.max = 2 (custom)
2019-09-25 11:41:43,560 [pool-47-thread-1] INFO  server.RaftServerConfigKeys (ConfUtils.java:logGet(43)) - raft.server.log.preallocated.size = 16384 (custom)
2019-09-25 11:41:43,560 [pool-77-thread-1] INFO  server.RaftServerConfigKeys (ConfUtils.java:logGet(43)) - raft.server.log.segment.cache.num.max = 2 (custom)
2019-09-25 11:41:43,561 [pool-47-thread-1] INFO  server.RaftServerConfigKeys (ConfUtils.java:logGet(43)) - raft.server.log.write.buffer.size = 33554432 (custom)
2019-09-25 11:41:43,561 [pool-57-thread-1] INFO  segmented.SegmentedRaftLogWorker (SegmentedRaftLogWorker.java:<init>(172)) - new 8c24ed06-386e-4085-8931-93c762a64530@group-DBE87B3B08CE-SegmentedRaftLogWorker for RaftStorage:Storage Directory /workdir/hadoop-ozone/integration-test/target/test-dir/MiniOzoneClusterImpl-85c44edd-3ede-4f6a-a825-df7bd545a955/datanode-3/data/ratis/e84d2017-21a0-412b-9f57-dbe87b3b08ce
2019-09-25 11:41:43,561 [pool-47-thread-1] INFO  server.RaftServerConfigKeys (ConfUtils.java:logGet(43)) - raft.server.log.force.sync.num = 128 (default)
2019-09-25 11:41:43,561 [pool-77-thread-1] INFO  segmented.SegmentedRaftLogWorker (SegmentedRaftLogWorker.java:<init>(172)) - new a7d59ef6-3eca-4628-b097-12d983444e7f@group-DBE87B3B08CE-SegmentedRaftLogWorker for RaftStorage:Storage Directory /workdir/hadoop-ozone/integration-test/target/test-dir/MiniOzoneClusterImpl-85c44edd-3ede-4f6a-a825-df7bd545a955/datanode-5/data/ratis/e84d2017-21a0-412b-9f57-dbe87b3b08ce
2019-09-25 11:41:43,561 [pool-47-thread-1] INFO  server.RaftServerConfigKeys (ConfUtils.java:logGet(43)) - raft.server.log.statemachine.data.sync = true (default)
2019-09-25 11:41:43,561 [pool-57-thread-1] INFO  server.RaftServerConfigKeys (ConfUtils.java:logGet(43)) - raft.server.log.queue.byte-limit = 2147483647 (custom)
2019-09-25 11:41:43,562 [pool-47-thread-1] INFO  server.RaftServerConfigKeys (ConfUtils.java:logGet(43)) - raft.server.log.statemachine.data.sync.timeout = 10s (default)
2019-09-25 11:41:43,562 [pool-77-thread-1] INFO  server.RaftServerConfigKeys (ConfUtils.java:logGet(43)) - raft.server.log.queue.byte-limit = 2147483647 (custom)
2019-09-25 11:41:43,562 [pool-47-thread-1] INFO  server.RaftServerConfigKeys (ConfUtils.java:logGet(43)) - raft.server.log.statemachine.data.sync.timeout.retry = -1 (default)
2019-09-25 11:41:43,562 [pool-57-thread-1] INFO  server.RaftServerConfigKeys (ConfUtils.java:logGet(43)) - raft.server.log.queue.element-limit = 1024 (custom)
2019-09-25 11:41:43,565 [pool-47-thread-1] INFO  server.RaftServerConfigKeys (ConfUtils.java:logGet(43)) - raft.server.log.statemachine.data.caching.enabled = true (custom)
2019-09-25 11:41:43,562 [pool-77-thread-1] INFO  server.RaftServerConfigKeys (ConfUtils.java:logGet(43)) - raft.server.log.queue.element-limit = 1024 (custom)
2019-09-25 11:41:43,567 [pool-57-thread-1] INFO  server.RaftServerConfigKeys (ConfUtils.java:logGet(43)) - raft.server.log.segment.size.max = 1048576 (custom)
2019-09-25 11:41:43,567 [pool-47-thread-1] INFO  segmented.SegmentedRaftLogWorker (SegmentedRaftLogWorker.java:lambda$new$0(132)) - d0888866-0bad-4f41-ad37-dccd4a57b958@group-DBE87B3B08CE-SegmentedRaftLogWorker: flushIndex: setUnconditionally 0 -> -1
2019-09-25 11:41:43,567 [pool-77-thread-1] INFO  server.RaftServerConfigKeys (ConfUtils.java:logGet(43)) - raft.server.log.segment.size.max = 1048576 (custom)
2019-09-25 11:41:43,567 [pool-57-thread-1] INFO  server.RaftServerConfigKeys (ConfUtils.java:logGet(43)) - raft.server.log.preallocated.size = 16384 (custom)
2019-09-25 11:41:43,568 [pool-47-thread-1] INFO  server.RaftServerConfigKeys (ConfUtils.java:logGet(43)) - raft.server.snapshot.auto.trigger.enabled = true (custom)
2019-09-25 11:41:43,568 [pool-77-thread-1] INFO  server.RaftServerConfigKeys (ConfUtils.java:logGet(43)) - raft.server.log.preallocated.size = 16384 (custom)
2019-09-25 11:41:43,568 [pool-47-thread-1] INFO  server.RaftServerConfigKeys (ConfUtils.java:logGet(43)) - raft.server.snapshot.auto.trigger.threshold = 10000 (custom)
2019-09-25 11:41:43,568 [pool-57-thread-1] INFO  server.RaftServerConfigKeys (ConfUtils.java:logGet(43)) - raft.server.log.write.buffer.size = 33554432 (custom)
2019-09-25 11:41:43,568 [pool-47-thread-1] INFO  server.RaftServerConfigKeys (ConfUtils.java:logGet(43)) - raft.server.snapshot.retention.num.files = 5 (custom)
2019-09-25 11:41:43,568 [pool-77-thread-1] INFO  server.RaftServerConfigKeys (ConfUtils.java:logGet(43)) - raft.server.log.write.buffer.size = 33554432 (custom)
2019-09-25 11:41:43,569 [pool-47-thread-1] INFO  server.RaftServerConfigKeys (ConfUtils.java:logGet(43)) - raft.server.retrycache.expirytime = 600000ms (custom)
2019-09-25 11:41:43,568 [pool-57-thread-1] INFO  server.RaftServerConfigKeys (ConfUtils.java:logGet(43)) - raft.server.log.force.sync.num = 128 (default)
2019-09-25 11:41:43,569 [pool-77-thread-1] INFO  server.RaftServerConfigKeys (ConfUtils.java:logGet(43)) - raft.server.log.force.sync.num = 128 (default)
2019-09-25 11:41:43,569 [pool-57-thread-1] INFO  server.RaftServerConfigKeys (ConfUtils.java:logGet(43)) - raft.server.log.statemachine.data.sync = true (default)
2019-09-25 11:41:43,569 [pool-77-thread-1] INFO  server.RaftServerConfigKeys (ConfUtils.java:logGet(43)) - raft.server.log.statemachine.data.sync = true (default)
2019-09-25 11:41:43,570 [pool-57-thread-1] INFO  server.RaftServerConfigKeys (ConfUtils.java:logGet(43)) - raft.server.log.statemachine.data.sync.timeout = 10s (default)
2019-09-25 11:41:43,570 [pool-77-thread-1] INFO  server.RaftServerConfigKeys (ConfUtils.java:logGet(43)) - raft.server.log.statemachine.data.sync.timeout = 10s (default)
2019-09-25 11:41:43,570 [pool-57-thread-1] INFO  server.RaftServerConfigKeys (ConfUtils.java:logGet(43)) - raft.server.log.statemachine.data.sync.timeout.retry = -1 (default)
2019-09-25 11:41:43,570 [pool-77-thread-1] INFO  server.RaftServerConfigKeys (ConfUtils.java:logGet(43)) - raft.server.log.statemachine.data.sync.timeout.retry = -1 (default)
2019-09-25 11:41:43,570 [pool-57-thread-1] INFO  server.RaftServerConfigKeys (ConfUtils.java:logGet(43)) - raft.server.log.statemachine.data.caching.enabled = true (custom)
2019-09-25 11:41:43,570 [pool-77-thread-1] INFO  server.RaftServerConfigKeys (ConfUtils.java:logGet(43)) - raft.server.log.statemachine.data.caching.enabled = true (custom)
2019-09-25 11:41:43,571 [pool-57-thread-1] INFO  segmented.SegmentedRaftLogWorker (SegmentedRaftLogWorker.java:lambda$new$0(132)) - 8c24ed06-386e-4085-8931-93c762a64530@group-DBE87B3B08CE-SegmentedRaftLogWorker: flushIndex: setUnconditionally 0 -> -1
2019-09-25 11:41:43,571 [pool-77-thread-1] INFO  segmented.SegmentedRaftLogWorker (SegmentedRaftLogWorker.java:lambda$new$0(132)) - a7d59ef6-3eca-4628-b097-12d983444e7f@group-DBE87B3B08CE-SegmentedRaftLogWorker: flushIndex: setUnconditionally 0 -> -1
2019-09-25 11:41:43,571 [pool-57-thread-1] INFO  server.RaftServerConfigKeys (ConfUtils.java:logGet(43)) - raft.server.snapshot.auto.trigger.enabled = true (custom)
2019-09-25 11:41:43,571 [pool-57-thread-1] INFO  server.RaftServerConfigKeys (ConfUtils.java:logGet(43)) - raft.server.snapshot.auto.trigger.threshold = 10000 (custom)
2019-09-25 11:41:43,571 [pool-77-thread-1] INFO  server.RaftServerConfigKeys (ConfUtils.java:logGet(43)) - raft.server.snapshot.auto.trigger.enabled = true (custom)
2019-09-25 11:41:43,571 [pool-57-thread-1] INFO  server.RaftServerConfigKeys (ConfUtils.java:logGet(43)) - raft.server.snapshot.retention.num.files = 5 (custom)
2019-09-25 11:41:43,572 [pool-77-thread-1] INFO  server.RaftServerConfigKeys (ConfUtils.java:logGet(43)) - raft.server.snapshot.auto.trigger.threshold = 10000 (custom)
2019-09-25 11:41:43,572 [pool-57-thread-1] INFO  server.RaftServerConfigKeys (ConfUtils.java:logGet(43)) - raft.server.retrycache.expirytime = 600000ms (custom)
2019-09-25 11:41:43,572 [pool-77-thread-1] INFO  server.RaftServerConfigKeys (ConfUtils.java:logGet(43)) - raft.server.snapshot.retention.num.files = 5 (custom)
2019-09-25 11:41:43,572 [pool-77-thread-1] INFO  server.RaftServerConfigKeys (ConfUtils.java:logGet(43)) - raft.server.retrycache.expirytime = 600000ms (custom)
2019-09-25 11:41:43,572 [pool-47-thread-1] INFO  impl.RaftServerImpl (RaftServerImpl.java:start(185)) - d0888866-0bad-4f41-ad37-dccd4a57b958@group-DBE87B3B08CE: start as a follower, conf=-1: [d0888866-0bad-4f41-ad37-dccd4a57b958:192.168.30.6:45405, a7d59ef6-3eca-4628-b097-12d983444e7f:192.168.30.6:43486, 8c24ed06-386e-4085-8931-93c762a64530:192.168.30.6:32862], old=null
2019-09-25 11:41:43,573 [pool-47-thread-1] INFO  impl.RaftServerImpl (RaftServerImpl.java:setRole(174)) - d0888866-0bad-4f41-ad37-dccd4a57b958@group-DBE87B3B08CE: changes role from      null to FOLLOWER at term 0 for startAsFollower
2019-09-25 11:41:43,573 [pool-47-thread-1] INFO  impl.RoleInfo (RoleInfo.java:updateAndGet(143)) - d0888866-0bad-4f41-ad37-dccd4a57b958: start FollowerState
2019-09-25 11:41:43,574 [pool-47-thread-1] INFO  util.JmxRegister (JmxRegister.java:tryRegister(44)) - Successfully registered JMX Bean with object name Ratis:service=RaftServer,group=group-DBE87B3B08CE,id=d0888866-0bad-4f41-ad37-dccd4a57b958
2019-09-25 11:41:43,576 [pool-57-thread-1] INFO  impl.RaftServerImpl (RaftServerImpl.java:start(185)) - 8c24ed06-386e-4085-8931-93c762a64530@group-DBE87B3B08CE: start as a follower, conf=-1: [d0888866-0bad-4f41-ad37-dccd4a57b958:192.168.30.6:45405, a7d59ef6-3eca-4628-b097-12d983444e7f:192.168.30.6:43486, 8c24ed06-386e-4085-8931-93c762a64530:192.168.30.6:32862], old=null
2019-09-25 11:41:43,576 [pool-57-thread-1] INFO  impl.RaftServerImpl (RaftServerImpl.java:setRole(174)) - 8c24ed06-386e-4085-8931-93c762a64530@group-DBE87B3B08CE: changes role from      null to FOLLOWER at term 0 for startAsFollower
2019-09-25 11:41:43,576 [pool-57-thread-1] INFO  impl.RoleInfo (RoleInfo.java:updateAndGet(143)) - 8c24ed06-386e-4085-8931-93c762a64530: start FollowerState
2019-09-25 11:41:43,579 [pool-77-thread-1] INFO  impl.RaftServerImpl (RaftServerImpl.java:start(185)) - a7d59ef6-3eca-4628-b097-12d983444e7f@group-DBE87B3B08CE: start as a follower, conf=-1: [d0888866-0bad-4f41-ad37-dccd4a57b958:192.168.30.6:45405, a7d59ef6-3eca-4628-b097-12d983444e7f:192.168.30.6:43486, 8c24ed06-386e-4085-8931-93c762a64530:192.168.30.6:32862], old=null
2019-09-25 11:41:43,579 [pool-77-thread-1] INFO  impl.RaftServerImpl (RaftServerImpl.java:setRole(174)) - a7d59ef6-3eca-4628-b097-12d983444e7f@group-DBE87B3B08CE: changes role from      null to FOLLOWER at term 0 for startAsFollower
2019-09-25 11:41:43,579 [pool-57-thread-1] INFO  util.JmxRegister (JmxRegister.java:tryRegister(44)) - Successfully registered JMX Bean with object name Ratis:service=RaftServer,group=group-DBE87B3B08CE,id=8c24ed06-386e-4085-8931-93c762a64530
2019-09-25 11:41:43,579 [pool-77-thread-1] INFO  impl.RoleInfo (RoleInfo.java:updateAndGet(143)) - a7d59ef6-3eca-4628-b097-12d983444e7f: start FollowerState
2019-09-25 11:41:43,580 [pool-77-thread-1] INFO  util.JmxRegister (JmxRegister.java:tryRegister(44)) - Successfully registered JMX Bean with object name Ratis:service=RaftServer,group=group-DBE87B3B08CE,id=a7d59ef6-3eca-4628-b097-12d983444e7f
2019-09-25 11:41:43,588 [RatisPipelineUtilsThread] INFO  pipeline.PipelineStateManager (PipelineStateManager.java:addPipeline(56)) - Created pipeline Pipeline[ Id: e84d2017-21a0-412b-9f57-dbe87b3b08ce, Nodes: d0888866-0bad-4f41-ad37-dccd4a57b958{ip: 192.168.30.6, host: pr-hdds-1569-5gmkr-4255264070, networkLocation: /default-rack, certSerialId: null}8c24ed06-386e-4085-8931-93c762a64530{ip: 192.168.30.6, host: pr-hdds-1569-5gmkr-4255264070, networkLocation: /default-rack, certSerialId: null}a7d59ef6-3eca-4628-b097-12d983444e7f{ip: 192.168.30.6, host: pr-hdds-1569-5gmkr-4255264070, networkLocation: /default-rack, certSerialId: null}, Type:RATIS, Factor:THREE, State:OPEN]
2019-09-25 11:41:43,610 [grpc-default-executor-0] INFO  impl.RaftServerProxy (RaftServerProxy.java:addNew(89)) - b7064b77-9271-4e94-8225-85d895886efb: addNew group-B9DEF2EDD277:[19e67e26-3d21-4d01-be9f-29113a4a814c:192.168.30.6:34535, 8c24ed06-386e-4085-8931-93c762a64530:192.168.30.6:32862, b7064b77-9271-4e94-8225-85d895886efb:192.168.30.6:41519] returns group-B9DEF2EDD277:java.util.concurrent.CompletableFuture@a63c78d[Not completed]
2019-09-25 11:41:43,613 [grpc-default-executor-1] INFO  impl.RaftServerProxy (RaftServerProxy.java:addNew(89)) - 8c24ed06-386e-4085-8931-93c762a64530: addNew group-B9DEF2EDD277:[19e67e26-3d21-4d01-be9f-29113a4a814c:192.168.30.6:34535, 8c24ed06-386e-4085-8931-93c762a64530:192.168.30.6:32862, b7064b77-9271-4e94-8225-85d895886efb:192.168.30.6:41519] returns group-B9DEF2EDD277:java.util.concurrent.CompletableFuture@30af84e6[Not completed]
2019-09-25 11:41:43,617 [grpc-default-executor-1] INFO  impl.RaftServerProxy (RaftServerProxy.java:addNew(89)) - 19e67e26-3d21-4d01-be9f-29113a4a814c: addNew group-B9DEF2EDD277:[19e67e26-3d21-4d01-be9f-29113a4a814c:192.168.30.6:34535, 8c24ed06-386e-4085-8931-93c762a64530:192.168.30.6:32862, b7064b77-9271-4e94-8225-85d895886efb:192.168.30.6:41519] returns group-B9DEF2EDD277:java.util.concurrent.CompletableFuture@cd24a0b[Not completed]
2019-09-25 11:41:43,618 [pool-57-thread-1] INFO  impl.RaftServerImpl (RaftServerImpl.java:<init>(95)) - 8c24ed06-386e-4085-8931-93c762a64530: new RaftServerImpl for group-B9DEF2EDD277:[19e67e26-3d21-4d01-be9f-29113a4a814c:192.168.30.6:34535, 8c24ed06-386e-4085-8931-93c762a64530:192.168.30.6:32862, b7064b77-9271-4e94-8225-85d895886efb:192.168.30.6:41519] with ContainerStateMachine:uninitialized
2019-09-25 11:41:43,618 [pool-57-thread-1] INFO  server.RaftServerConfigKeys (ConfUtils.java:logGet(43)) - raft.server.rpc.timeout.min = 5s (custom)
2019-09-25 11:41:43,618 [pool-57-thread-1] INFO  server.RaftServerConfigKeys (ConfUtils.java:logGet(43)) - raft.server.rpc.timeout.max = 5200ms (custom)
2019-09-25 11:41:43,618 [pool-57-thread-1] INFO  server.RaftServerConfigKeys (ConfUtils.java:logGet(43)) - raft.server.rpcslowness.timeout = 120s (custom)
2019-09-25 11:41:43,618 [pool-27-thread-1] INFO  impl.RaftServerImpl (RaftServerImpl.java:<init>(95)) - 19e67e26-3d21-4d01-be9f-29113a4a814c: new RaftServerImpl for group-B9DEF2EDD277:[19e67e26-3d21-4d01-be9f-29113a4a814c:192.168.30.6:34535, 8c24ed06-386e-4085-8931-93c762a64530:192.168.30.6:32862, b7064b77-9271-4e94-8225-85d895886efb:192.168.30.6:41519] with ContainerStateMachine:uninitialized
2019-09-25 11:41:43,618 [pool-57-thread-1] INFO  server.RaftServerConfigKeys (ConfUtils.java:logGet(43)) - raft.server.sleep.deviation.threshold = 300 (default)
2019-09-25 11:41:43,618 [pool-27-thread-1] INFO  server.RaftServerConfigKeys (ConfUtils.java:logGet(43)) - raft.server.rpc.timeout.min = 5s (custom)
2019-09-25 11:41:43,618 [pool-57-thread-1] INFO  server.RaftServerConfigKeys (ConfUtils.java:logGet(43)) - raft.server.log.appender.install.snapshot.enabled = false (custom)
2019-09-25 11:41:43,618 [pool-27-thread-1] INFO  server.RaftServerConfigKeys (ConfUtils.java:logGet(43)) - raft.server.rpc.timeout.max = 5200ms (custom)
2019-09-25 11:41:43,619 [pool-57-thread-1] INFO  impl.RaftServerImpl (ServerState.java:<init>(103)) - 8c24ed06-386e-4085-8931-93c762a64530@group-B9DEF2EDD277: ConfigurationManager, init=-1: [19e67e26-3d21-4d01-be9f-29113a4a814c:192.168.30.6:34535, 8c24ed06-386e-4085-8931-93c762a64530:192.168.30.6:32862, b7064b77-9271-4e94-8225-85d895886efb:192.168.30.6:41519], old=null, confs=<EMPTY_MAP>
2019-09-25 11:41:43,619 [pool-27-thread-1] INFO  server.RaftServerConfigKeys (ConfUtils.java:logGet(43)) - raft.server.rpcslowness.timeout = 120s (custom)
2019-09-25 11:41:43,619 [pool-27-thread-1] INFO  server.RaftServerConfigKeys (ConfUtils.java:logGet(43)) - raft.server.sleep.deviation.threshold = 300 (default)
2019-09-25 11:41:43,619 [pool-57-thread-1] INFO  server.RaftServerConfigKeys (ConfUtils.java:logGet(43)) - raft.server.storage.dir = [/workdir/hadoop-ozone/integration-test/target/test-dir/MiniOzoneClusterImpl-85c44edd-3ede-4f6a-a825-df7bd545a955/datanode-3/data/ratis] (custom)
2019-09-25 11:41:43,619 [pool-27-thread-1] INFO  server.RaftServerConfigKeys (ConfUtils.java:logGet(43)) - raft.server.log.appender.install.snapshot.enabled = false (custom)
2019-09-25 11:41:43,619 [pool-27-thread-1] INFO  impl.RaftServerImpl (ServerState.java:<init>(103)) - 19e67e26-3d21-4d01-be9f-29113a4a814c@group-B9DEF2EDD277: ConfigurationManager, init=-1: [19e67e26-3d21-4d01-be9f-29113a4a814c:192.168.30.6:34535, 8c24ed06-386e-4085-8931-93c762a64530:192.168.30.6:32862, b7064b77-9271-4e94-8225-85d895886efb:192.168.30.6:41519], old=null, confs=<EMPTY_MAP>
2019-09-25 11:41:43,619 [pool-27-thread-1] INFO  server.RaftServerConfigKeys (ConfUtils.java:logGet(43)) - raft.server.storage.dir = [/workdir/hadoop-ozone/integration-test/target/test-dir/MiniOzoneClusterImpl-85c44edd-3ede-4f6a-a825-df7bd545a955/datanode-0/data/ratis] (custom)
2019-09-25 11:41:43,619 [pool-57-thread-1] INFO  storage.RaftStorageDirectory (RaftStorageDirectory.java:analyzeStorage(246)) - The storage directory /workdir/hadoop-ozone/integration-test/target/test-dir/MiniOzoneClusterImpl-85c44edd-3ede-4f6a-a825-df7bd545a955/datanode-3/data/ratis/1e819206-fc07-42e3-8b57-b9def2edd277 does not exist. Creating ...
2019-09-25 11:41:43,620 [pool-27-thread-1] INFO  storage.RaftStorageDirectory (RaftStorageDirectory.java:analyzeStorage(246)) - The storage directory /workdir/hadoop-ozone/integration-test/target/test-dir/MiniOzoneClusterImpl-85c44edd-3ede-4f6a-a825-df7bd545a955/datanode-0/data/ratis/1e819206-fc07-42e3-8b57-b9def2edd277 does not exist. Creating ...
2019-09-25 11:41:43,620 [pool-37-thread-1] INFO  impl.RaftServerImpl (RaftServerImpl.java:<init>(95)) - b7064b77-9271-4e94-8225-85d895886efb: new RaftServerImpl for group-B9DEF2EDD277:[19e67e26-3d21-4d01-be9f-29113a4a814c:192.168.30.6:34535, 8c24ed06-386e-4085-8931-93c762a64530:192.168.30.6:32862, b7064b77-9271-4e94-8225-85d895886efb:192.168.30.6:41519] with ContainerStateMachine:uninitialized
2019-09-25 11:41:43,620 [pool-37-thread-1] INFO  server.RaftServerConfigKeys (ConfUtils.java:logGet(43)) - raft.server.rpc.timeout.min = 5s (custom)
2019-09-25 11:41:43,620 [pool-37-thread-1] INFO  server.RaftServerConfigKeys (ConfUtils.java:logGet(43)) - raft.server.rpc.timeout.max = 5200ms (custom)
2019-09-25 11:41:43,620 [pool-37-thread-1] INFO  server.RaftServerConfigKeys (ConfUtils.java:logGet(43)) - raft.server.rpcslowness.timeout = 120s (custom)
2019-09-25 11:41:43,620 [pool-37-thread-1] INFO  server.RaftServerConfigKeys (ConfUtils.java:logGet(43)) - raft.server.sleep.deviation.threshold = 300 (default)
2019-09-25 11:41:43,621 [pool-37-thread-1] INFO  server.RaftServerConfigKeys (ConfUtils.java:logGet(43)) - raft.server.log.appender.install.snapshot.enabled = false (custom)
2019-09-25 11:41:43,621 [pool-37-thread-1] INFO  impl.RaftServerImpl (ServerState.java:<init>(103)) - b7064b77-9271-4e94-8225-85d895886efb@group-B9DEF2EDD277: ConfigurationManager, init=-1: [19e67e26-3d21-4d01-be9f-29113a4a814c:192.168.30.6:34535, 8c24ed06-386e-4085-8931-93c762a64530:192.168.30.6:32862, b7064b77-9271-4e94-8225-85d895886efb:192.168.30.6:41519], old=null, confs=<EMPTY_MAP>
2019-09-25 11:41:43,621 [pool-37-thread-1] INFO  server.RaftServerConfigKeys (ConfUtils.java:logGet(43)) - raft.server.storage.dir = [/workdir/hadoop-ozone/integration-test/target/test-dir/MiniOzoneClusterImpl-85c44edd-3ede-4f6a-a825-df7bd545a955/datanode-1/data/ratis] (custom)
2019-09-25 11:41:43,622 [pool-37-thread-1] INFO  storage.RaftStorageDirectory (RaftStorageDirectory.java:analyzeStorage(246)) - The storage directory /workdir/hadoop-ozone/integration-test/target/test-dir/MiniOzoneClusterImpl-85c44edd-3ede-4f6a-a825-df7bd545a955/datanode-1/data/ratis/1e819206-fc07-42e3-8b57-b9def2edd277 does not exist. Creating ...
2019-09-25 11:41:43,635 [pool-37-thread-1] INFO  storage.RaftStorageDirectory (RaftStorageDirectory.java:tryLock(328)) - Lock on /workdir/hadoop-ozone/integration-test/target/test-dir/MiniOzoneClusterImpl-85c44edd-3ede-4f6a-a825-df7bd545a955/datanode-1/data/ratis/1e819206-fc07-42e3-8b57-b9def2edd277/in_use.lock acquired by nodename 6054@pr-hdds-1569-5gmkr-4255264070
2019-09-25 11:41:43,635 [pool-57-thread-1] INFO  storage.RaftStorageDirectory (RaftStorageDirectory.java:tryLock(328)) - Lock on /workdir/hadoop-ozone/integration-test/target/test-dir/MiniOzoneClusterImpl-85c44edd-3ede-4f6a-a825-df7bd545a955/datanode-3/data/ratis/1e819206-fc07-42e3-8b57-b9def2edd277/in_use.lock acquired by nodename 6054@pr-hdds-1569-5gmkr-4255264070
2019-09-25 11:41:43,635 [pool-27-thread-1] INFO  storage.RaftStorageDirectory (RaftStorageDirectory.java:tryLock(328)) - Lock on /workdir/hadoop-ozone/integration-test/target/test-dir/MiniOzoneClusterImpl-85c44edd-3ede-4f6a-a825-df7bd545a955/datanode-0/data/ratis/1e819206-fc07-42e3-8b57-b9def2edd277/in_use.lock acquired by nodename 6054@pr-hdds-1569-5gmkr-4255264070
2019-09-25 11:41:43,652 [pool-27-thread-1] INFO  storage.RaftStorage (RaftStorage.java:format(72)) - Storage directory /workdir/hadoop-ozone/integration-test/target/test-dir/MiniOzoneClusterImpl-85c44edd-3ede-4f6a-a825-df7bd545a955/datanode-0/data/ratis/1e819206-fc07-42e3-8b57-b9def2edd277 has been successfully formatted.
2019-09-25 11:41:43,652 [pool-37-thread-1] INFO  storage.RaftStorage (RaftStorage.java:format(72)) - Storage directory /workdir/hadoop-ozone/integration-test/target/test-dir/MiniOzoneClusterImpl-85c44edd-3ede-4f6a-a825-df7bd545a955/datanode-1/data/ratis/1e819206-fc07-42e3-8b57-b9def2edd277 has been successfully formatted.
2019-09-25 11:41:43,652 [pool-57-thread-1] INFO  storage.RaftStorage (RaftStorage.java:format(72)) - Storage directory /workdir/hadoop-ozone/integration-test/target/test-dir/MiniOzoneClusterImpl-85c44edd-3ede-4f6a-a825-df7bd545a955/datanode-3/data/ratis/1e819206-fc07-42e3-8b57-b9def2edd277 has been successfully formatted.
2019-09-25 11:41:43,653 [pool-27-thread-1] INFO  ratis.ContainerStateMachine (ContainerStateMachine.java:loadSnapshot(230)) - group-B9DEF2EDD277: The snapshot info is null. Setting the last applied indexto:(t:0, i:~)
2019-09-25 11:41:43,653 [pool-37-thread-1] INFO  ratis.ContainerStateMachine (ContainerStateMachine.java:loadSnapshot(230)) - group-B9DEF2EDD277: The snapshot info is null. Setting the last applied indexto:(t:0, i:~)
2019-09-25 11:41:43,653 [pool-57-thread-1] INFO  ratis.ContainerStateMachine (ContainerStateMachine.java:loadSnapshot(230)) - group-B9DEF2EDD277: The snapshot info is null. Setting the last applied indexto:(t:0, i:~)
2019-09-25 11:41:43,653 [pool-27-thread-1] INFO  server.RaftServerConfigKeys (ConfUtils.java:logGet(43)) - raft.server.notification.no-leader.timeout = 120s (custom)
2019-09-25 11:41:43,653 [pool-57-thread-1] INFO  server.RaftServerConfigKeys (ConfUtils.java:logGet(43)) - raft.server.notification.no-leader.timeout = 120s (custom)
2019-09-25 11:41:43,653 [pool-37-thread-1] INFO  server.RaftServerConfigKeys (ConfUtils.java:logGet(43)) - raft.server.notification.no-leader.timeout = 120s (custom)
2019-09-25 11:41:43,653 [pool-57-thread-1] INFO  server.RaftServerConfigKeys (ConfUtils.java:logGet(43)) - raft.server.log.use.memory = false (default)
2019-09-25 11:41:43,653 [pool-27-thread-1] INFO  server.RaftServerConfigKeys (ConfUtils.java:logGet(43)) - raft.server.log.use.memory = false (default)
2019-09-25 11:41:43,654 [pool-57-thread-1] INFO  server.RaftServerConfigKeys (ConfUtils.java:logGet(43)) - raft.server.log.purge.gap = 1000000 (custom)
2019-09-25 11:41:43,654 [pool-37-thread-1] INFO  server.RaftServerConfigKeys (ConfUtils.java:logGet(43)) - raft.server.log.use.memory = false (default)
2019-09-25 11:41:43,654 [pool-57-thread-1] INFO  server.RaftServerConfigKeys (ConfUtils.java:logGet(43)) - raft.server.log.appender.buffer.byte-limit = 33554432 (custom)
2019-09-25 11:41:43,654 [pool-27-thread-1] INFO  server.RaftServerConfigKeys (ConfUtils.java:logGet(43)) - raft.server.log.purge.gap = 1000000 (custom)
2019-09-25 11:41:43,654 [pool-57-thread-1] INFO  server.RaftServerConfigKeys (ConfUtils.java:logGet(43)) - raft.server.log.segment.size.max = 1048576 (custom)
2019-09-25 11:41:43,654 [pool-37-thread-1] INFO  server.RaftServerConfigKeys (ConfUtils.java:logGet(43)) - raft.server.log.purge.gap = 1000000 (custom)
2019-09-25 11:41:43,654 [pool-57-thread-1] INFO  server.RaftServerConfigKeys (ConfUtils.java:logGet(43)) - raft.server.log.segment.cache.num.max = 2 (custom)
2019-09-25 11:41:43,654 [pool-27-thread-1] INFO  server.RaftServerConfigKeys (ConfUtils.java:logGet(43)) - raft.server.log.appender.buffer.byte-limit = 33554432 (custom)
2019-09-25 11:41:43,655 [pool-57-thread-1] INFO  segmented.SegmentedRaftLogWorker (SegmentedRaftLogWorker.java:<init>(172)) - new 8c24ed06-386e-4085-8931-93c762a64530@group-B9DEF2EDD277-SegmentedRaftLogWorker for RaftStorage:Storage Directory /workdir/hadoop-ozone/integration-test/target/test-dir/MiniOzoneClusterImpl-85c44edd-3ede-4f6a-a825-df7bd545a955/datanode-3/data/ratis/1e819206-fc07-42e3-8b57-b9def2edd277
2019-09-25 11:41:43,655 [pool-37-thread-1] INFO  server.RaftServerConfigKeys (ConfUtils.java:logGet(43)) - raft.server.log.appender.buffer.byte-limit = 33554432 (custom)
2019-09-25 11:41:43,655 [pool-57-thread-1] INFO  server.RaftServerConfigKeys (ConfUtils.java:logGet(43)) - raft.server.log.queue.byte-limit = 2147483647 (custom)
2019-09-25 11:41:43,655 [pool-27-thread-1] INFO  server.RaftServerConfigKeys (ConfUtils.java:logGet(43)) - raft.server.log.segment.size.max = 1048576 (custom)
2019-09-25 11:41:43,655 [pool-57-thread-1] INFO  server.RaftServerConfigKeys (ConfUtils.java:logGet(43)) - raft.server.log.queue.element-limit = 1024 (custom)
2019-09-25 11:41:43,655 [pool-37-thread-1] INFO  server.RaftServerConfigKeys (ConfUtils.java:logGet(43)) - raft.server.log.segment.size.max = 1048576 (custom)
2019-09-25 11:41:43,656 [pool-57-thread-1] INFO  server.RaftServerConfigKeys (ConfUtils.java:logGet(43)) - raft.server.log.segment.size.max = 1048576 (custom)
2019-09-25 11:41:43,655 [pool-27-thread-1] INFO  server.RaftServerConfigKeys (ConfUtils.java:logGet(43)) - raft.server.log.segment.cache.num.max = 2 (custom)
2019-09-25 11:41:43,656 [pool-57-thread-1] INFO  server.RaftServerConfigKeys (ConfUtils.java:logGet(43)) - raft.server.log.preallocated.size = 16384 (custom)
2019-09-25 11:41:43,656 [pool-37-thread-1] INFO  server.RaftServerConfigKeys (ConfUtils.java:logGet(43)) - raft.server.log.segment.cache.num.max = 2 (custom)
2019-09-25 11:41:43,656 [pool-57-thread-1] INFO  server.RaftServerConfigKeys (ConfUtils.java:logGet(43)) - raft.server.log.write.buffer.size = 33554432 (custom)
2019-09-25 11:41:43,656 [pool-27-thread-1] INFO  segmented.SegmentedRaftLogWorker (SegmentedRaftLogWorker.java:<init>(172)) - new 19e67e26-3d21-4d01-be9f-29113a4a814c@group-B9DEF2EDD277-SegmentedRaftLogWorker for RaftStorage:Storage Directory /workdir/hadoop-ozone/integration-test/target/test-dir/MiniOzoneClusterImpl-85c44edd-3ede-4f6a-a825-df7bd545a955/datanode-0/data/ratis/1e819206-fc07-42e3-8b57-b9def2edd277
2019-09-25 11:41:43,656 [pool-57-thread-1] INFO  server.RaftServerConfigKeys (ConfUtils.java:logGet(43)) - raft.server.log.force.sync.num = 128 (default)
2019-09-25 11:41:43,656 [pool-37-thread-1] INFO  segmented.SegmentedRaftLogWorker (SegmentedRaftLogWorker.java:<init>(172)) - new b7064b77-9271-4e94-8225-85d895886efb@group-B9DEF2EDD277-SegmentedRaftLogWorker for RaftStorage:Storage Directory /workdir/hadoop-ozone/integration-test/target/test-dir/MiniOzoneClusterImpl-85c44edd-3ede-4f6a-a825-df7bd545a955/datanode-1/data/ratis/1e819206-fc07-42e3-8b57-b9def2edd277
2019-09-25 11:41:43,657 [pool-57-thread-1] INFO  server.RaftServerConfigKeys (ConfUtils.java:logGet(43)) - raft.server.log.statemachine.data.sync = true (default)
2019-09-25 11:41:43,657 [pool-27-thread-1] INFO  server.RaftServerConfigKeys (ConfUtils.java:logGet(43)) - raft.server.log.queue.byte-limit = 2147483647 (custom)
2019-09-25 11:41:43,657 [pool-57-thread-1] INFO  server.RaftServerConfigKeys (ConfUtils.java:logGet(43)) - raft.server.log.statemachine.data.sync.timeout = 10s (default)
2019-09-25 11:41:43,657 [pool-57-thread-1] INFO  server.RaftServerConfigKeys (ConfUtils.java:logGet(43)) - raft.server.log.statemachine.data.sync.timeout.retry = -1 (default)
2019-09-25 11:41:43,657 [pool-37-thread-1] INFO  server.RaftServerConfigKeys (ConfUtils.java:logGet(43)) - raft.server.log.queue.byte-limit = 2147483647 (custom)
2019-09-25 11:41:43,657 [pool-57-thread-1] INFO  server.RaftServerConfigKeys (ConfUtils.java:logGet(43)) - raft.server.log.statemachine.data.caching.enabled = true (custom)
2019-09-25 11:41:43,657 [pool-27-thread-1] INFO  server.RaftServerConfigKeys (ConfUtils.java:logGet(43)) - raft.server.log.queue.element-limit = 1024 (custom)
2019-09-25 11:41:43,658 [pool-37-thread-1] INFO  server.RaftServerConfigKeys (ConfUtils.java:logGet(43)) - raft.server.log.queue.element-limit = 1024 (custom)
2019-09-25 11:41:43,658 [pool-57-thread-1] INFO  segmented.SegmentedRaftLogWorker (SegmentedRaftLogWorker.java:lambda$new$0(132)) - 8c24ed06-386e-4085-8931-93c762a64530@group-B9DEF2EDD277-SegmentedRaftLogWorker: flushIndex: setUnconditionally 0 -> -1
2019-09-25 11:41:43,658 [pool-27-thread-1] INFO  server.RaftServerConfigKeys (ConfUtils.java:logGet(43)) - raft.server.log.segment.size.max = 1048576 (custom)
2019-09-25 11:41:43,658 [pool-37-thread-1] INFO  server.RaftServerConfigKeys (ConfUtils.java:logGet(43)) - raft.server.log.segment.size.max = 1048576 (custom)
2019-09-25 11:41:43,658 [pool-57-thread-1] INFO  server.RaftServerConfigKeys (ConfUtils.java:logGet(43)) - raft.server.snapshot.auto.trigger.enabled = true (custom)
2019-09-25 11:41:43,658 [pool-27-thread-1] INFO  server.RaftServerConfigKeys (ConfUtils.java:logGet(43)) - raft.server.log.preallocated.size = 16384 (custom)
2019-09-25 11:41:43,658 [pool-57-thread-1] INFO  server.RaftServerConfigKeys (ConfUtils.java:logGet(43)) - raft.server.snapshot.auto.trigger.threshold = 10000 (custom)
2019-09-25 11:41:43,658 [pool-37-thread-1] INFO  server.RaftServerConfigKeys (ConfUtils.java:logGet(43)) - raft.server.log.preallocated.size = 16384 (custom)
2019-09-25 11:41:43,659 [pool-57-thread-1] INFO  server.RaftServerConfigKeys (ConfUtils.java:logGet(43)) - raft.server.snapshot.retention.num.files = 5 (custom)
2019-09-25 11:41:43,659 [pool-27-thread-1] INFO  server.RaftServerConfigKeys (ConfUtils.java:logGet(43)) - raft.server.log.write.buffer.size = 33554432 (custom)
2019-09-25 11:41:43,659 [pool-37-thread-1] INFO  server.RaftServerConfigKeys (ConfUtils.java:logGet(43)) - raft.server.log.write.buffer.size = 33554432 (custom)
2019-09-25 11:41:43,659 [pool-57-thread-1] INFO  server.RaftServerConfigKeys (ConfUtils.java:logGet(43)) - raft.server.retrycache.expirytime = 600000ms (custom)
2019-09-25 11:41:43,659 [pool-27-thread-1] INFO  server.RaftServerConfigKeys (ConfUtils.java:logGet(43)) - raft.server.log.force.sync.num = 128 (default)
2019-09-25 11:41:43,659 [pool-37-thread-1] INFO  server.RaftServerConfigKeys (ConfUtils.java:logGet(43)) - raft.server.log.force.sync.num = 128 (default)
2019-09-25 11:41:43,659 [pool-27-thread-1] INFO  server.RaftServerConfigKeys (ConfUtils.java:logGet(43)) - raft.server.log.statemachine.data.sync = true (default)
2019-09-25 11:41:43,660 [pool-37-thread-1] INFO  server.RaftServerConfigKeys (ConfUtils.java:logGet(43)) - raft.server.log.statemachine.data.sync = true (default)
2019-09-25 11:41:43,660 [pool-27-thread-1] INFO  server.RaftServerConfigKeys (ConfUtils.java:logGet(43)) - raft.server.log.statemachine.data.sync.timeout = 10s (default)
2019-09-25 11:41:43,660 [pool-37-thread-1] INFO  server.RaftServerConfigKeys (ConfUtils.java:logGet(43)) - raft.server.log.statemachine.data.sync.timeout = 10s (default)
2019-09-25 11:41:43,660 [pool-27-thread-1] INFO  server.RaftServerConfigKeys (ConfUtils.java:logGet(43)) - raft.server.log.statemachine.data.sync.timeout.retry = -1 (default)
2019-09-25 11:41:43,660 [pool-37-thread-1] INFO  server.RaftServerConfigKeys (ConfUtils.java:logGet(43)) - raft.server.log.statemachine.data.sync.timeout.retry = -1 (default)
2019-09-25 11:41:43,660 [pool-27-thread-1] INFO  server.RaftServerConfigKeys (ConfUtils.java:logGet(43)) - raft.server.log.statemachine.data.caching.enabled = true (custom)
2019-09-25 11:41:43,661 [pool-37-thread-1] INFO  server.RaftServerConfigKeys (ConfUtils.java:logGet(43)) - raft.server.log.statemachine.data.caching.enabled = true (custom)
2019-09-25 11:41:43,661 [pool-27-thread-1] INFO  segmented.SegmentedRaftLogWorker (SegmentedRaftLogWorker.java:lambda$new$0(132)) - 19e67e26-3d21-4d01-be9f-29113a4a814c@group-B9DEF2EDD277-SegmentedRaftLogWorker: flushIndex: setUnconditionally 0 -> -1
2019-09-25 11:41:43,661 [pool-27-thread-1] INFO  server.RaftServerConfigKeys (ConfUtils.java:logGet(43)) - raft.server.snapshot.auto.trigger.enabled = true (custom)
2019-09-25 11:41:43,661 [pool-37-thread-1] INFO  segmented.SegmentedRaftLogWorker (SegmentedRaftLogWorker.java:lambda$new$0(132)) - b7064b77-9271-4e94-8225-85d895886efb@group-B9DEF2EDD277-SegmentedRaftLogWorker: flushIndex: setUnconditionally 0 -> -1
2019-09-25 11:41:43,661 [pool-27-thread-1] INFO  server.RaftServerConfigKeys (ConfUtils.java:logGet(43)) - raft.server.snapshot.auto.trigger.threshold = 10000 (custom)
2019-09-25 11:41:43,661 [pool-27-thread-1] INFO  server.RaftServerConfigKeys (ConfUtils.java:logGet(43)) - raft.server.snapshot.retention.num.files = 5 (custom)
2019-09-25 11:41:43,662 [pool-27-thread-1] INFO  server.RaftServerConfigKeys (ConfUtils.java:logGet(43)) - raft.server.retrycache.expirytime = 600000ms (custom)
2019-09-25 11:41:43,662 [pool-37-thread-1] INFO  server.RaftServerConfigKeys (ConfUtils.java:logGet(43)) - raft.server.snapshot.auto.trigger.enabled = true (custom)
2019-09-25 11:41:43,662 [pool-37-thread-1] INFO  server.RaftServerConfigKeys (ConfUtils.java:logGet(43)) - raft.server.snapshot.auto.trigger.threshold = 10000 (custom)
2019-09-25 11:41:43,662 [pool-37-thread-1] INFO  server.RaftServerConfigKeys (ConfUtils.java:logGet(43)) - raft.server.snapshot.retention.num.files = 5 (custom)
2019-09-25 11:41:43,662 [pool-37-thread-1] INFO  server.RaftServerConfigKeys (ConfUtils.java:logGet(43)) - raft.server.retrycache.expirytime = 600000ms (custom)
2019-09-25 11:41:43,663 [pool-57-thread-1] INFO  impl.RaftServerImpl (RaftServerImpl.java:start(185)) - 8c24ed06-386e-4085-8931-93c762a64530@group-B9DEF2EDD277: start as a follower, conf=-1: [19e67e26-3d21-4d01-be9f-29113a4a814c:192.168.30.6:34535, 8c24ed06-386e-4085-8931-93c762a64530:192.168.30.6:32862, b7064b77-9271-4e94-8225-85d895886efb:192.168.30.6:41519], old=null
2019-09-25 11:41:43,663 [pool-57-thread-1] INFO  impl.RaftServerImpl (RaftServerImpl.java:setRole(174)) - 8c24ed06-386e-4085-8931-93c762a64530@group-B9DEF2EDD277: changes role from      null to FOLLOWER at term 0 for startAsFollower
2019-09-25 11:41:43,663 [pool-57-thread-1] INFO  impl.RoleInfo (RoleInfo.java:updateAndGet(143)) - 8c24ed06-386e-4085-8931-93c762a64530: start FollowerState
2019-09-25 11:41:43,670 [pool-57-thread-1] INFO  util.JmxRegister (JmxRegister.java:tryRegister(44)) - Successfully registered JMX Bean with object name Ratis:service=RaftServer,group=group-B9DEF2EDD277,id=8c24ed06-386e-4085-8931-93c762a64530
2019-09-25 11:41:43,671 [pool-27-thread-1] INFO  impl.RaftServerImpl (RaftServerImpl.java:start(185)) - 19e67e26-3d21-4d01-be9f-29113a4a814c@group-B9DEF2EDD277: start as a follower, conf=-1: [19e67e26-3d21-4d01-be9f-29113a4a814c:192.168.30.6:34535, 8c24ed06-386e-4085-8931-93c762a64530:192.168.30.6:32862, b7064b77-9271-4e94-8225-85d895886efb:192.168.30.6:41519], old=null
2019-09-25 11:41:43,675 [pool-27-thread-1] INFO  impl.RaftServerImpl (RaftServerImpl.java:setRole(174)) - 19e67e26-3d21-4d01-be9f-29113a4a814c@group-B9DEF2EDD277: changes role from      null to FOLLOWER at term 0 for startAsFollower
2019-09-25 11:41:43,675 [pool-27-thread-1] INFO  impl.RoleInfo (RoleInfo.java:updateAndGet(143)) - 19e67e26-3d21-4d01-be9f-29113a4a814c: start FollowerState
2019-09-25 11:41:43,675 [pool-27-thread-1] INFO  util.JmxRegister (JmxRegister.java:tryRegister(44)) - Successfully registered JMX Bean with object name Ratis:service=RaftServer,group=group-B9DEF2EDD277,id=19e67e26-3d21-4d01-be9f-29113a4a814c
2019-09-25 11:41:43,677 [pool-37-thread-1] INFO  impl.RaftServerImpl (RaftServerImpl.java:start(185)) - b7064b77-9271-4e94-8225-85d895886efb@group-B9DEF2EDD277: start as a follower, conf=-1: [19e67e26-3d21-4d01-be9f-29113a4a814c:192.168.30.6:34535, 8c24ed06-386e-4085-8931-93c762a64530:192.168.30.6:32862, b7064b77-9271-4e94-8225-85d895886efb:192.168.30.6:41519], old=null
2019-09-25 11:41:43,677 [pool-37-thread-1] INFO  impl.RaftServerImpl (RaftServerImpl.java:setRole(174)) - b7064b77-9271-4e94-8225-85d895886efb@group-B9DEF2EDD277: changes role from      null to FOLLOWER at term 0 for startAsFollower
2019-09-25 11:41:43,677 [pool-37-thread-1] INFO  impl.RoleInfo (RoleInfo.java:updateAndGet(143)) - b7064b77-9271-4e94-8225-85d895886efb: start FollowerState
2019-09-25 11:41:43,682 [pool-37-thread-1] INFO  util.JmxRegister (JmxRegister.java:tryRegister(44)) - Successfully registered JMX Bean with object name Ratis:service=RaftServer,group=group-B9DEF2EDD277,id=b7064b77-9271-4e94-8225-85d895886efb
2019-09-25 11:41:43,688 [RatisPipelineUtilsThread] INFO  pipeline.PipelineStateManager (PipelineStateManager.java:addPipeline(56)) - Created pipeline Pipeline[ Id: 1e819206-fc07-42e3-8b57-b9def2edd277, Nodes: 19e67e26-3d21-4d01-be9f-29113a4a814c{ip: 192.168.30.6, host: pr-hdds-1569-5gmkr-4255264070, networkLocation: /default-rack, certSerialId: null}8c24ed06-386e-4085-8931-93c762a64530{ip: 192.168.30.6, host: pr-hdds-1569-5gmkr-4255264070, networkLocation: /default-rack, certSerialId: null}b7064b77-9271-4e94-8225-85d895886efb{ip: 192.168.30.6, host: pr-hdds-1569-5gmkr-4255264070, networkLocation: /default-rack, certSerialId: null}, Type:RATIS, Factor:THREE, State:OPEN]
2019-09-25 11:41:43,689 [RatisPipelineUtilsThread] INFO  pipeline.PipelinePlacementPolicy (PipelinePlacementPolicy.java:meetCriteria(91)) - Pipeline Placement: can't place more pipeline on heavy datanode： 8c24ed06-386e-4085-8931-93c762a64530 Heaviness: 6 limit: 5
2019-09-25 11:41:43,700 [grpc-default-executor-2] INFO  impl.RaftServerProxy (RaftServerProxy.java:addNew(89)) - 19e67e26-3d21-4d01-be9f-29113a4a814c: addNew group-7CC56FB5D3F9:[e081c0a5-acfc-4a29-8262-ee158adf5b11:192.168.30.6:37941, 19e67e26-3d21-4d01-be9f-29113a4a814c:192.168.30.6:34535, a7d59ef6-3eca-4628-b097-12d983444e7f:192.168.30.6:43486] returns group-7CC56FB5D3F9:java.util.concurrent.CompletableFuture@e3f2ed7[Not completed]
2019-09-25 11:41:43,701 [grpc-default-executor-0] INFO  impl.RaftServerProxy (RaftServerProxy.java:addNew(89)) - e081c0a5-acfc-4a29-8262-ee158adf5b11: addNew group-7CC56FB5D3F9:[e081c0a5-acfc-4a29-8262-ee158adf5b11:192.168.30.6:37941, 19e67e26-3d21-4d01-be9f-29113a4a814c:192.168.30.6:34535, a7d59ef6-3eca-4628-b097-12d983444e7f:192.168.30.6:43486] returns group-7CC56FB5D3F9:java.util.concurrent.CompletableFuture@3566c04a[Not completed]
2019-09-25 11:41:43,703 [pool-27-thread-1] INFO  impl.RaftServerImpl (RaftServerImpl.java:<init>(95)) - 19e67e26-3d21-4d01-be9f-29113a4a814c: new RaftServerImpl for group-7CC56FB5D3F9:[e081c0a5-acfc-4a29-8262-ee158adf5b11:192.168.30.6:37941, 19e67e26-3d21-4d01-be9f-29113a4a814c:192.168.30.6:34535, a7d59ef6-3eca-4628-b097-12d983444e7f:192.168.30.6:43486] with ContainerStateMachine:uninitialized
2019-09-25 11:41:43,704 [pool-27-thread-1] INFO  server.RaftServerConfigKeys (ConfUtils.java:logGet(43)) - raft.server.rpc.timeout.min = 5s (custom)
2019-09-25 11:41:43,704 [pool-27-thread-1] INFO  server.RaftServerConfigKeys (ConfUtils.java:logGet(43)) - raft.server.rpc.timeout.max = 5200ms (custom)
2019-09-25 11:41:43,704 [grpc-default-executor-0] INFO  impl.RaftServerProxy (RaftServerProxy.java:addNew(89)) - a7d59ef6-3eca-4628-b097-12d983444e7f: addNew group-7CC56FB5D3F9:[e081c0a5-acfc-4a29-8262-ee158adf5b11:192.168.30.6:37941, 19e67e26-3d21-4d01-be9f-29113a4a814c:192.168.30.6:34535, a7d59ef6-3eca-4628-b097-12d983444e7f:192.168.30.6:43486] returns group-7CC56FB5D3F9:java.util.concurrent.CompletableFuture@601dda50[Not completed]
2019-09-25 11:41:43,704 [pool-27-thread-1] INFO  server.RaftServerConfigKeys (ConfUtils.java:logGet(43)) - raft.server.rpcslowness.timeout = 120s (custom)
2019-09-25 11:41:43,704 [pool-27-thread-1] INFO  server.RaftServerConfigKeys (ConfUtils.java:logGet(43)) - raft.server.sleep.deviation.threshold = 300 (default)
2019-09-25 11:41:43,704 [pool-27-thread-1] INFO  server.RaftServerConfigKeys (ConfUtils.java:logGet(43)) - raft.server.log.appender.install.snapshot.enabled = false (custom)
2019-09-25 11:41:43,704 [pool-27-thread-1] INFO  impl.RaftServerImpl (ServerState.java:<init>(103)) - 19e67e26-3d21-4d01-be9f-29113a4a814c@group-7CC56FB5D3F9: ConfigurationManager, init=-1: [e081c0a5-acfc-4a29-8262-ee158adf5b11:192.168.30.6:37941, 19e67e26-3d21-4d01-be9f-29113a4a814c:192.168.30.6:34535, a7d59ef6-3eca-4628-b097-12d983444e7f:192.168.30.6:43486], old=null, confs=<EMPTY_MAP>
2019-09-25 11:41:43,705 [pool-27-thread-1] INFO  server.RaftServerConfigKeys (ConfUtils.java:logGet(43)) - raft.server.storage.dir = [/workdir/hadoop-ozone/integration-test/target/test-dir/MiniOzoneClusterImpl-85c44edd-3ede-4f6a-a825-df7bd545a955/datanode-0/data/ratis] (custom)
2019-09-25 11:41:43,705 [pool-27-thread-1] INFO  storage.RaftStorageDirectory (RaftStorageDirectory.java:analyzeStorage(246)) - The storage directory /workdir/hadoop-ozone/integration-test/target/test-dir/MiniOzoneClusterImpl-85c44edd-3ede-4f6a-a825-df7bd545a955/datanode-0/data/ratis/fcaffb94-232f-4f20-a01e-7cc56fb5d3f9 does not exist. Creating ...
2019-09-25 11:41:43,705 [pool-67-thread-1] INFO  impl.RaftServerImpl (RaftServerImpl.java:<init>(95)) - e081c0a5-acfc-4a29-8262-ee158adf5b11: new RaftServerImpl for group-7CC56FB5D3F9:[e081c0a5-acfc-4a29-8262-ee158adf5b11:192.168.30.6:37941, 19e67e26-3d21-4d01-be9f-29113a4a814c:192.168.30.6:34535, a7d59ef6-3eca-4628-b097-12d983444e7f:192.168.30.6:43486] with ContainerStateMachine:uninitialized
2019-09-25 11:41:43,705 [pool-67-thread-1] INFO  server.RaftServerConfigKeys (ConfUtils.java:logGet(43)) - raft.server.rpc.timeout.min = 5s (custom)
2019-09-25 11:41:43,705 [pool-67-thread-1] INFO  server.RaftServerConfigKeys (ConfUtils.java:logGet(43)) - raft.server.rpc.timeout.max = 5200ms (custom)
2019-09-25 11:41:43,706 [pool-67-thread-1] INFO  server.RaftServerConfigKeys (ConfUtils.java:logGet(43)) - raft.server.rpcslowness.timeout = 120s (custom)
2019-09-25 11:41:43,706 [pool-67-thread-1] INFO  server.RaftServerConfigKeys (ConfUtils.java:logGet(43)) - raft.server.sleep.deviation.threshold = 300 (default)
2019-09-25 11:41:43,706 [pool-77-thread-1] INFO  impl.RaftServerImpl (RaftServerImpl.java:<init>(95)) - a7d59ef6-3eca-4628-b097-12d983444e7f: new RaftServerImpl for group-7CC56FB5D3F9:[e081c0a5-acfc-4a29-8262-ee158adf5b11:192.168.30.6:37941, 19e67e26-3d21-4d01-be9f-29113a4a814c:192.168.30.6:34535, a7d59ef6-3eca-4628-b097-12d983444e7f:192.168.30.6:43486] with ContainerStateMachine:uninitialized
2019-09-25 11:41:43,706 [pool-67-thread-1] INFO  server.RaftServerConfigKeys (ConfUtils.java:logGet(43)) - raft.server.log.appender.install.snapshot.enabled = false (custom)
2019-09-25 11:41:43,706 [pool-77-thread-1] INFO  server.RaftServerConfigKeys (ConfUtils.java:logGet(43)) - raft.server.rpc.timeout.min = 5s (custom)
2019-09-25 11:41:43,706 [pool-67-thread-1] INFO  impl.RaftServerImpl (ServerState.java:<init>(103)) - e081c0a5-acfc-4a29-8262-ee158adf5b11@group-7CC56FB5D3F9: ConfigurationManager, init=-1: [e081c0a5-acfc-4a29-8262-ee158adf5b11:192.168.30.6:37941, 19e67e26-3d21-4d01-be9f-29113a4a814c:192.168.30.6:34535, a7d59ef6-3eca-4628-b097-12d983444e7f:192.168.30.6:43486], old=null, confs=<EMPTY_MAP>
2019-09-25 11:41:43,706 [pool-77-thread-1] INFO  server.RaftServerConfigKeys (ConfUtils.java:logGet(43)) - raft.server.rpc.timeout.max = 5200ms (custom)
2019-09-25 11:41:43,707 [pool-67-thread-1] INFO  server.RaftServerConfigKeys (ConfUtils.java:logGet(43)) - raft.server.storage.dir = [/workdir/hadoop-ozone/integration-test/target/test-dir/MiniOzoneClusterImpl-85c44edd-3ede-4f6a-a825-df7bd545a955/datanode-4/data/ratis] (custom)
2019-09-25 11:41:43,707 [pool-77-thread-1] INFO  server.RaftServerConfigKeys (ConfUtils.java:logGet(43)) - raft.server.rpcslowness.timeout = 120s (custom)
2019-09-25 11:41:43,707 [pool-77-thread-1] INFO  server.RaftServerConfigKeys (ConfUtils.java:logGet(43)) - raft.server.sleep.deviation.threshold = 300 (default)
2019-09-25 11:41:43,707 [pool-77-thread-1] INFO  server.RaftServerConfigKeys (ConfUtils.java:logGet(43)) - raft.server.log.appender.install.snapshot.enabled = false (custom)
2019-09-25 11:41:43,707 [pool-67-thread-1] INFO  storage.RaftStorageDirectory (RaftStorageDirectory.java:analyzeStorage(246)) - The storage directory /workdir/hadoop-ozone/integration-test/target/test-dir/MiniOzoneClusterImpl-85c44edd-3ede-4f6a-a825-df7bd545a955/datanode-4/data/ratis/fcaffb94-232f-4f20-a01e-7cc56fb5d3f9 does not exist. Creating ...
2019-09-25 11:41:43,707 [pool-77-thread-1] INFO  impl.RaftServerImpl (ServerState.java:<init>(103)) - a7d59ef6-3eca-4628-b097-12d983444e7f@group-7CC56FB5D3F9: ConfigurationManager, init=-1: [e081c0a5-acfc-4a29-8262-ee158adf5b11:192.168.30.6:37941, 19e67e26-3d21-4d01-be9f-29113a4a814c:192.168.30.6:34535, a7d59ef6-3eca-4628-b097-12d983444e7f:192.168.30.6:43486], old=null, confs=<EMPTY_MAP>
2019-09-25 11:41:43,708 [pool-77-thread-1] INFO  server.RaftServerConfigKeys (ConfUtils.java:logGet(43)) - raft.server.storage.dir = [/workdir/hadoop-ozone/integration-test/target/test-dir/MiniOzoneClusterImpl-85c44edd-3ede-4f6a-a825-df7bd545a955/datanode-5/data/ratis] (custom)
2019-09-25 11:41:43,708 [pool-77-thread-1] INFO  storage.RaftStorageDirectory (RaftStorageDirectory.java:analyzeStorage(246)) - The storage directory /workdir/hadoop-ozone/integration-test/target/test-dir/MiniOzoneClusterImpl-85c44edd-3ede-4f6a-a825-df7bd545a955/datanode-5/data/ratis/fcaffb94-232f-4f20-a01e-7cc56fb5d3f9 does not exist. Creating ...
2019-09-25 11:41:43,718 [pool-27-thread-1] INFO  storage.RaftStorageDirectory (RaftStorageDirectory.java:tryLock(328)) - Lock on /workdir/hadoop-ozone/integration-test/target/test-dir/MiniOzoneClusterImpl-85c44edd-3ede-4f6a-a825-df7bd545a955/datanode-0/data/ratis/fcaffb94-232f-4f20-a01e-7cc56fb5d3f9/in_use.lock acquired by nodename 6054@pr-hdds-1569-5gmkr-4255264070
2019-09-25 11:41:43,718 [pool-67-thread-1] INFO  storage.RaftStorageDirectory (RaftStorageDirectory.java:tryLock(328)) - Lock on /workdir/hadoop-ozone/integration-test/target/test-dir/MiniOzoneClusterImpl-85c44edd-3ede-4f6a-a825-df7bd545a955/datanode-4/data/ratis/fcaffb94-232f-4f20-a01e-7cc56fb5d3f9/in_use.lock acquired by nodename 6054@pr-hdds-1569-5gmkr-4255264070
2019-09-25 11:41:43,718 [pool-77-thread-1] INFO  storage.RaftStorageDirectory (RaftStorageDirectory.java:tryLock(328)) - Lock on /workdir/hadoop-ozone/integration-test/target/test-dir/MiniOzoneClusterImpl-85c44edd-3ede-4f6a-a825-df7bd545a955/datanode-5/data/ratis/fcaffb94-232f-4f20-a01e-7cc56fb5d3f9/in_use.lock acquired by nodename 6054@pr-hdds-1569-5gmkr-4255264070
2019-09-25 11:41:43,733 [pool-67-thread-1] INFO  storage.RaftStorage (RaftStorage.java:format(72)) - Storage directory /workdir/hadoop-ozone/integration-test/target/test-dir/MiniOzoneClusterImpl-85c44edd-3ede-4f6a-a825-df7bd545a955/datanode-4/data/ratis/fcaffb94-232f-4f20-a01e-7cc56fb5d3f9 has been successfully formatted.
2019-09-25 11:41:43,733 [pool-27-thread-1] INFO  storage.RaftStorage (RaftStorage.java:format(72)) - Storage directory /workdir/hadoop-ozone/integration-test/target/test-dir/MiniOzoneClusterImpl-85c44edd-3ede-4f6a-a825-df7bd545a955/datanode-0/data/ratis/fcaffb94-232f-4f20-a01e-7cc56fb5d3f9 has been successfully formatted.
2019-09-25 11:41:43,733 [pool-77-thread-1] INFO  storage.RaftStorage (RaftStorage.java:format(72)) - Storage directory /workdir/hadoop-ozone/integration-test/target/test-dir/MiniOzoneClusterImpl-85c44edd-3ede-4f6a-a825-df7bd545a955/datanode-5/data/ratis/fcaffb94-232f-4f20-a01e-7cc56fb5d3f9 has been successfully formatted.
2019-09-25 11:41:43,733 [pool-27-thread-1] INFO  ratis.ContainerStateMachine (ContainerStateMachine.java:loadSnapshot(230)) - group-7CC56FB5D3F9: The snapshot info is null. Setting the last applied indexto:(t:0, i:~)
2019-09-25 11:41:43,733 [pool-67-thread-1] INFO  ratis.ContainerStateMachine (ContainerStateMachine.java:loadSnapshot(230)) - group-7CC56FB5D3F9: The snapshot info is null. Setting the last applied indexto:(t:0, i:~)
2019-09-25 11:41:43,733 [pool-77-thread-1] INFO  ratis.ContainerStateMachine (ContainerStateMachine.java:loadSnapshot(230)) - group-7CC56FB5D3F9: The snapshot info is null. Setting the last applied indexto:(t:0, i:~)
2019-09-25 11:41:43,733 [pool-27-thread-1] INFO  server.RaftServerConfigKeys (ConfUtils.java:logGet(43)) - raft.server.notification.no-leader.timeout = 120s (custom)
2019-09-25 11:41:43,734 [pool-77-thread-1] INFO  server.RaftServerConfigKeys (ConfUtils.java:logGet(43)) - raft.server.notification.no-leader.timeout = 120s (custom)
2019-09-25 11:41:43,733 [pool-67-thread-1] INFO  server.RaftServerConfigKeys (ConfUtils.java:logGet(43)) - raft.server.notification.no-leader.timeout = 120s (custom)
2019-09-25 11:41:43,734 [pool-77-thread-1] INFO  server.RaftServerConfigKeys (ConfUtils.java:logGet(43)) - raft.server.log.use.memory = false (default)
2019-09-25 11:41:43,734 [pool-27-thread-1] INFO  server.RaftServerConfigKeys (ConfUtils.java:logGet(43)) - raft.server.log.use.memory = false (default)
2019-09-25 11:41:43,734 [pool-77-thread-1] INFO  server.RaftServerConfigKeys (ConfUtils.java:logGet(43)) - raft.server.log.purge.gap = 1000000 (custom)
2019-09-25 11:41:43,734 [pool-67-thread-1] INFO  server.RaftServerConfigKeys (ConfUtils.java:logGet(43)) - raft.server.log.use.memory = false (default)
2019-09-25 11:41:43,734 [pool-77-thread-1] INFO  server.RaftServerConfigKeys (ConfUtils.java:logGet(43)) - raft.server.log.appender.buffer.byte-limit = 33554432 (custom)
2019-09-25 11:41:43,734 [pool-27-thread-1] INFO  server.RaftServerConfigKeys (ConfUtils.java:logGet(43)) - raft.server.log.purge.gap = 1000000 (custom)
2019-09-25 11:41:43,735 [pool-77-thread-1] INFO  server.RaftServerConfigKeys (ConfUtils.java:logGet(43)) - raft.server.log.segment.size.max = 1048576 (custom)
2019-09-25 11:41:43,735 [pool-67-thread-1] INFO  server.RaftServerConfigKeys (ConfUtils.java:logGet(43)) - raft.server.log.purge.gap = 1000000 (custom)
2019-09-25 11:41:43,735 [pool-77-thread-1] INFO  server.RaftServerConfigKeys (ConfUtils.java:logGet(43)) - raft.server.log.segment.cache.num.max = 2 (custom)
2019-09-25 11:41:43,735 [pool-27-thread-1] INFO  server.RaftServerConfigKeys (ConfUtils.java:logGet(43)) - raft.server.log.appender.buffer.byte-limit = 33554432 (custom)
2019-09-25 11:41:43,735 [pool-77-thread-1] INFO  segmented.SegmentedRaftLogWorker (SegmentedRaftLogWorker.java:<init>(172)) - new a7d59ef6-3eca-4628-b097-12d983444e7f@group-7CC56FB5D3F9-SegmentedRaftLogWorker for RaftStorage:Storage Directory /workdir/hadoop-ozone/integration-test/target/test-dir/MiniOzoneClusterImpl-85c44edd-3ede-4f6a-a825-df7bd545a955/datanode-5/data/ratis/fcaffb94-232f-4f20-a01e-7cc56fb5d3f9
2019-09-25 11:41:43,735 [pool-67-thread-1] INFO  server.RaftServerConfigKeys (ConfUtils.java:logGet(43)) - raft.server.log.appender.buffer.byte-limit = 33554432 (custom)
2019-09-25 11:41:43,736 [pool-77-thread-1] INFO  server.RaftServerConfigKeys (ConfUtils.java:logGet(43)) - raft.server.log.queue.byte-limit = 2147483647 (custom)
2019-09-25 11:41:43,735 [pool-27-thread-1] INFO  server.RaftServerConfigKeys (ConfUtils.java:logGet(43)) - raft.server.log.segment.size.max = 1048576 (custom)
2019-09-25 11:41:43,736 [pool-77-thread-1] INFO  server.RaftServerConfigKeys (ConfUtils.java:logGet(43)) - raft.server.log.queue.element-limit = 1024 (custom)
2019-09-25 11:41:43,736 [pool-67-thread-1] INFO  server.RaftServerConfigKeys (ConfUtils.java:logGet(43)) - raft.server.log.segment.size.max = 1048576 (custom)
2019-09-25 11:41:43,736 [pool-77-thread-1] INFO  server.RaftServerConfigKeys (ConfUtils.java:logGet(43)) - raft.server.log.segment.size.max = 1048576 (custom)
2019-09-25 11:41:43,736 [pool-27-thread-1] INFO  server.RaftServerConfigKeys (ConfUtils.java:logGet(43)) - raft.server.log.segment.cache.num.max = 2 (custom)
2019-09-25 11:41:43,736 [pool-77-thread-1] INFO  server.RaftServerConfigKeys (ConfUtils.java:logGet(43)) - raft.server.log.preallocated.size = 16384 (custom)
2019-09-25 11:41:43,736 [pool-67-thread-1] INFO  server.RaftServerConfigKeys (ConfUtils.java:logGet(43)) - raft.server.log.segment.cache.num.max = 2 (custom)
2019-09-25 11:41:43,737 [pool-77-thread-1] INFO  server.RaftServerConfigKeys (ConfUtils.java:logGet(43)) - raft.server.log.write.buffer.size = 33554432 (custom)
2019-09-25 11:41:43,737 [pool-27-thread-1] INFO  segmented.SegmentedRaftLogWorker (SegmentedRaftLogWorker.java:<init>(172)) - new 19e67e26-3d21-4d01-be9f-29113a4a814c@group-7CC56FB5D3F9-SegmentedRaftLogWorker for RaftStorage:Storage Directory /workdir/hadoop-ozone/integration-test/target/test-dir/MiniOzoneClusterImpl-85c44edd-3ede-4f6a-a825-df7bd545a955/datanode-0/data/ratis/fcaffb94-232f-4f20-a01e-7cc56fb5d3f9
2019-09-25 11:41:43,737 [pool-77-thread-1] INFO  server.RaftServerConfigKeys (ConfUtils.java:logGet(43)) - raft.server.log.force.sync.num = 128 (default)
2019-09-25 11:41:43,737 [pool-67-thread-1] INFO  segmented.SegmentedRaftLogWorker (SegmentedRaftLogWorker.java:<init>(172)) - new e081c0a5-acfc-4a29-8262-ee158adf5b11@group-7CC56FB5D3F9-SegmentedRaftLogWorker for RaftStorage:Storage Directory /workdir/hadoop-ozone/integration-test/target/test-dir/MiniOzoneClusterImpl-85c44edd-3ede-4f6a-a825-df7bd545a955/datanode-4/data/ratis/fcaffb94-232f-4f20-a01e-7cc56fb5d3f9
2019-09-25 11:41:43,737 [pool-77-thread-1] INFO  server.RaftServerConfigKeys (ConfUtils.java:logGet(43)) - raft.server.log.statemachine.data.sync = true (default)
2019-09-25 11:41:43,737 [pool-27-thread-1] INFO  server.RaftServerConfigKeys (ConfUtils.java:logGet(43)) - raft.server.log.queue.byte-limit = 2147483647 (custom)
2019-09-25 11:41:43,738 [pool-77-thread-1] INFO  server.RaftServerConfigKeys (ConfUtils.java:logGet(43)) - raft.server.log.statemachine.data.sync.timeout = 10s (default)
2019-09-25 11:41:43,737 [pool-67-thread-1] INFO  server.RaftServerConfigKeys (ConfUtils.java:logGet(43)) - raft.server.log.queue.byte-limit = 2147483647 (custom)
2019-09-25 11:41:43,738 [pool-77-thread-1] INFO  server.RaftServerConfigKeys (ConfUtils.java:logGet(43)) - raft.server.log.statemachine.data.sync.timeout.retry = -1 (default)
2019-09-25 11:41:43,738 [pool-27-thread-1] INFO  server.RaftServerConfigKeys (ConfUtils.java:logGet(43)) - raft.server.log.queue.element-limit = 1024 (custom)
2019-09-25 11:41:43,738 [pool-67-thread-1] INFO  server.RaftServerConfigKeys (ConfUtils.java:logGet(43)) - raft.server.log.queue.element-limit = 1024 (custom)
2019-09-25 11:41:43,738 [pool-77-thread-1] INFO  server.RaftServerConfigKeys (ConfUtils.java:logGet(43)) - raft.server.log.statemachine.data.caching.enabled = true (custom)
2019-09-25 11:41:43,738 [pool-27-thread-1] INFO  server.RaftServerConfigKeys (ConfUtils.java:logGet(43)) - raft.server.log.segment.size.max = 1048576 (custom)
2019-09-25 11:41:43,739 [pool-67-thread-1] INFO  server.RaftServerConfigKeys (ConfUtils.java:logGet(43)) - raft.server.log.segment.size.max = 1048576 (custom)
2019-09-25 11:41:43,739 [pool-27-thread-1] INFO  server.RaftServerConfigKeys (ConfUtils.java:logGet(43)) - raft.server.log.preallocated.size = 16384 (custom)
2019-09-25 11:41:43,739 [pool-77-thread-1] INFO  segmented.SegmentedRaftLogWorker (SegmentedRaftLogWorker.java:lambda$new$0(132)) - a7d59ef6-3eca-4628-b097-12d983444e7f@group-7CC56FB5D3F9-SegmentedRaftLogWorker: flushIndex: setUnconditionally 0 -> -1
2019-09-25 11:41:43,739 [pool-67-thread-1] INFO  server.RaftServerConfigKeys (ConfUtils.java:logGet(43)) - raft.server.log.preallocated.size = 16384 (custom)
2019-09-25 11:41:43,739 [pool-27-thread-1] INFO  server.RaftServerConfigKeys (ConfUtils.java:logGet(43)) - raft.server.log.write.buffer.size = 33554432 (custom)
2019-09-25 11:41:43,739 [pool-77-thread-1] INFO  server.RaftServerConfigKeys (ConfUtils.java:logGet(43)) - raft.server.snapshot.auto.trigger.enabled = true (custom)
2019-09-25 11:41:43,739 [pool-67-thread-1] INFO  server.RaftServerConfigKeys (ConfUtils.java:logGet(43)) - raft.server.log.write.buffer.size = 33554432 (custom)
2019-09-25 11:41:43,740 [pool-77-thread-1] INFO  server.RaftServerConfigKeys (ConfUtils.java:logGet(43)) - raft.server.snapshot.auto.trigger.threshold = 10000 (custom)
2019-09-25 11:41:43,739 [pool-27-thread-1] INFO  server.RaftServerConfigKeys (ConfUtils.java:logGet(43)) - raft.server.log.force.sync.num = 128 (default)
2019-09-25 11:41:43,740 [pool-77-thread-1] INFO  server.RaftServerConfigKeys (ConfUtils.java:logGet(43)) - raft.server.snapshot.retention.num.files = 5 (custom)
2019-09-25 11:41:43,740 [pool-67-thread-1] INFO  server.RaftServerConfigKeys (ConfUtils.java:logGet(43)) - raft.server.log.force.sync.num = 128 (default)
2019-09-25 11:41:43,740 [pool-27-thread-1] INFO  server.RaftServerConfigKeys (ConfUtils.java:logGet(43)) - raft.server.log.statemachine.data.sync = true (default)
2019-09-25 11:41:43,740 [pool-77-thread-1] INFO  server.RaftServerConfigKeys (ConfUtils.java:logGet(43)) - raft.server.retrycache.expirytime = 600000ms (custom)
2019-09-25 11:41:43,740 [pool-67-thread-1] INFO  server.RaftServerConfigKeys (ConfUtils.java:logGet(43)) - raft.server.log.statemachine.data.sync = true (default)
2019-09-25 11:41:43,740 [pool-27-thread-1] INFO  server.RaftServerConfigKeys (ConfUtils.java:logGet(43)) - raft.server.log.statemachine.data.sync.timeout = 10s (default)
2019-09-25 11:41:43,741 [pool-67-thread-1] INFO  server.RaftServerConfigKeys (ConfUtils.java:logGet(43)) - raft.server.log.statemachine.data.sync.timeout = 10s (default)
2019-09-25 11:41:43,741 [pool-27-thread-1] INFO  server.RaftServerConfigKeys (ConfUtils.java:logGet(43)) - raft.server.log.statemachine.data.sync.timeout.retry = -1 (default)
2019-09-25 11:41:43,741 [pool-67-thread-1] INFO  server.RaftServerConfigKeys (ConfUtils.java:logGet(43)) - raft.server.log.statemachine.data.sync.timeout.retry = -1 (default)
2019-09-25 11:41:43,741 [pool-27-thread-1] INFO  server.RaftServerConfigKeys (ConfUtils.java:logGet(43)) - raft.server.log.statemachine.data.caching.enabled = true (custom)
2019-09-25 11:41:43,741 [pool-67-thread-1] INFO  server.RaftServerConfigKeys (ConfUtils.java:logGet(43)) - raft.server.log.statemachine.data.caching.enabled = true (custom)
2019-09-25 11:41:43,742 [pool-27-thread-1] INFO  segmented.SegmentedRaftLogWorker (SegmentedRaftLogWorker.java:lambda$new$0(132)) - 19e67e26-3d21-4d01-be9f-29113a4a814c@group-7CC56FB5D3F9-SegmentedRaftLogWorker: flushIndex: setUnconditionally 0 -> -1
2019-09-25 11:41:43,742 [pool-67-thread-1] INFO  segmented.SegmentedRaftLogWorker (SegmentedRaftLogWorker.java:lambda$new$0(132)) - e081c0a5-acfc-4a29-8262-ee158adf5b11@group-7CC56FB5D3F9-SegmentedRaftLogWorker: flushIndex: setUnconditionally 0 -> -1
2019-09-25 11:41:43,742 [pool-27-thread-1] INFO  server.RaftServerConfigKeys (ConfUtils.java:logGet(43)) - raft.server.snapshot.auto.trigger.enabled = true (custom)
2019-09-25 11:41:43,742 [pool-67-thread-1] INFO  server.RaftServerConfigKeys (ConfUtils.java:logGet(43)) - raft.server.snapshot.auto.trigger.enabled = true (custom)
2019-09-25 11:41:43,742 [pool-27-thread-1] INFO  server.RaftServerConfigKeys (ConfUtils.java:logGet(43)) - raft.server.snapshot.auto.trigger.threshold = 10000 (custom)
2019-09-25 11:41:43,742 [pool-67-thread-1] INFO  server.RaftServerConfigKeys (ConfUtils.java:logGet(43)) - raft.server.snapshot.auto.trigger.threshold = 10000 (custom)
2019-09-25 11:41:43,742 [pool-27-thread-1] INFO  server.RaftServerConfigKeys (ConfUtils.java:logGet(43)) - raft.server.snapshot.retention.num.files = 5 (custom)
2019-09-25 11:41:43,742 [pool-67-thread-1] INFO  server.RaftServerConfigKeys (ConfUtils.java:logGet(43)) - raft.server.snapshot.retention.num.files = 5 (custom)
2019-09-25 11:41:43,743 [pool-27-thread-1] INFO  server.RaftServerConfigKeys (ConfUtils.java:logGet(43)) - raft.server.retrycache.expirytime = 600000ms (custom)
2019-09-25 11:41:43,743 [pool-67-thread-1] INFO  server.RaftServerConfigKeys (ConfUtils.java:logGet(43)) - raft.server.retrycache.expirytime = 600000ms (custom)
2019-09-25 11:41:43,744 [pool-77-thread-1] INFO  impl.RaftServerImpl (RaftServerImpl.java:start(185)) - a7d59ef6-3eca-4628-b097-12d983444e7f@group-7CC56FB5D3F9: start as a follower, conf=-1: [e081c0a5-acfc-4a29-8262-ee158adf5b11:192.168.30.6:37941, 19e67e26-3d21-4d01-be9f-29113a4a814c:192.168.30.6:34535, a7d59ef6-3eca-4628-b097-12d983444e7f:192.168.30.6:43486], old=null
2019-09-25 11:41:43,744 [pool-77-thread-1] INFO  impl.RaftServerImpl (RaftServerImpl.java:setRole(174)) - a7d59ef6-3eca-4628-b097-12d983444e7f@group-7CC56FB5D3F9: changes role from      null to FOLLOWER at term 0 for startAsFollower
2019-09-25 11:41:43,744 [pool-77-thread-1] INFO  impl.RoleInfo (RoleInfo.java:updateAndGet(143)) - a7d59ef6-3eca-4628-b097-12d983444e7f: start FollowerState
2019-09-25 11:41:43,745 [pool-77-thread-1] INFO  util.JmxRegister (JmxRegister.java:tryRegister(44)) - Successfully registered JMX Bean with object name Ratis:service=RaftServer,group=group-7CC56FB5D3F9,id=a7d59ef6-3eca-4628-b097-12d983444e7f
2019-09-25 11:41:43,747 [pool-27-thread-1] INFO  impl.RaftServerImpl (RaftServerImpl.java:start(185)) - 19e67e26-3d21-4d01-be9f-29113a4a814c@group-7CC56FB5D3F9: start as a follower, conf=-1: [e081c0a5-acfc-4a29-8262-ee158adf5b11:192.168.30.6:37941, 19e67e26-3d21-4d01-be9f-29113a4a814c:192.168.30.6:34535, a7d59ef6-3eca-4628-b097-12d983444e7f:192.168.30.6:43486], old=null
2019-09-25 11:41:43,747 [pool-67-thread-1] INFO  impl.RaftServerImpl (RaftServerImpl.java:start(185)) - e081c0a5-acfc-4a29-8262-ee158adf5b11@group-7CC56FB5D3F9: start as a follower, conf=-1: [e081c0a5-acfc-4a29-8262-ee158adf5b11:192.168.30.6:37941, 19e67e26-3d21-4d01-be9f-29113a4a814c:192.168.30.6:34535, a7d59ef6-3eca-4628-b097-12d983444e7f:192.168.30.6:43486], old=null
2019-09-25 11:41:43,747 [pool-27-thread-1] INFO  impl.RaftServerImpl (RaftServerImpl.java:setRole(174)) - 19e67e26-3d21-4d01-be9f-29113a4a814c@group-7CC56FB5D3F9: changes role from      null to FOLLOWER at term 0 for startAsFollower
2019-09-25 11:41:43,748 [pool-67-thread-1] INFO  impl.RaftServerImpl (RaftServerImpl.java:setRole(174)) - e081c0a5-acfc-4a29-8262-ee158adf5b11@group-7CC56FB5D3F9: changes role from      null to FOLLOWER at term 0 for startAsFollower
2019-09-25 11:41:43,749 [pool-27-thread-1] INFO  impl.RoleInfo (RoleInfo.java:updateAndGet(143)) - 19e67e26-3d21-4d01-be9f-29113a4a814c: start FollowerState
2019-09-25 11:41:43,749 [pool-67-thread-1] INFO  impl.RoleInfo (RoleInfo.java:updateAndGet(143)) - e081c0a5-acfc-4a29-8262-ee158adf5b11: start FollowerState
2019-09-25 11:41:43,750 [pool-27-thread-1] INFO  util.JmxRegister (JmxRegister.java:tryRegister(44)) - Successfully registered JMX Bean with object name Ratis:service=RaftServer,group=group-7CC56FB5D3F9,id=19e67e26-3d21-4d01-be9f-29113a4a814c
2019-09-25 11:41:43,750 [pool-67-thread-1] INFO  util.JmxRegister (JmxRegister.java:tryRegister(44)) - Successfully registered JMX Bean with object name Ratis:service=RaftServer,group=group-7CC56FB5D3F9,id=e081c0a5-acfc-4a29-8262-ee158adf5b11
2019-09-25 11:41:43,757 [RatisPipelineUtilsThread] INFO  pipeline.PipelineStateManager (PipelineStateManager.java:addPipeline(56)) - Created pipeline Pipeline[ Id: fcaffb94-232f-4f20-a01e-7cc56fb5d3f9, Nodes: 19e67e26-3d21-4d01-be9f-29113a4a814c{ip: 192.168.30.6, host: pr-hdds-1569-5gmkr-4255264070, networkLocation: /default-rack, certSerialId: null}a7d59ef6-3eca-4628-b097-12d983444e7f{ip: 192.168.30.6, host: pr-hdds-1569-5gmkr-4255264070, networkLocation: /default-rack, certSerialId: null}e081c0a5-acfc-4a29-8262-ee158adf5b11{ip: 192.168.30.6, host: pr-hdds-1569-5gmkr-4255264070, networkLocation: /default-rack, certSerialId: null}, Type:RATIS, Factor:THREE, State:OPEN]
2019-09-25 11:41:43,757 [RatisPipelineUtilsThread] INFO  pipeline.PipelinePlacementPolicy (PipelinePlacementPolicy.java:meetCriteria(91)) - Pipeline Placement: can't place more pipeline on heavy datanode： 8c24ed06-386e-4085-8931-93c762a64530 Heaviness: 6 limit: 5
2019-09-25 11:41:43,773 [grpc-default-executor-1] INFO  impl.RaftServerProxy (RaftServerProxy.java:addNew(89)) - a7d59ef6-3eca-4628-b097-12d983444e7f: addNew group-F2E0294EDFC2:[d0888866-0bad-4f41-ad37-dccd4a57b958:192.168.30.6:45405, a7d59ef6-3eca-4628-b097-12d983444e7f:192.168.30.6:43486, b7064b77-9271-4e94-8225-85d895886efb:192.168.30.6:41519] returns group-F2E0294EDFC2:java.util.concurrent.CompletableFuture@580fe0a2[Not completed]
2019-09-25 11:41:43,779 [grpc-default-executor-1] INFO  impl.RaftServerProxy (RaftServerProxy.java:addNew(89)) - b7064b77-9271-4e94-8225-85d895886efb: addNew group-F2E0294EDFC2:[d0888866-0bad-4f41-ad37-dccd4a57b958:192.168.30.6:45405, a7d59ef6-3eca-4628-b097-12d983444e7f:192.168.30.6:43486, b7064b77-9271-4e94-8225-85d895886efb:192.168.30.6:41519] returns group-F2E0294EDFC2:java.util.concurrent.CompletableFuture@46136bba[Not completed]
2019-09-25 11:41:43,780 [grpc-default-executor-2] INFO  impl.RaftServerProxy (RaftServerProxy.java:addNew(89)) - d0888866-0bad-4f41-ad37-dccd4a57b958: addNew group-F2E0294EDFC2:[d0888866-0bad-4f41-ad37-dccd4a57b958:192.168.30.6:45405, a7d59ef6-3eca-4628-b097-12d983444e7f:192.168.30.6:43486, b7064b77-9271-4e94-8225-85d895886efb:192.168.30.6:41519] returns group-F2E0294EDFC2:java.util.concurrent.CompletableFuture@152f3e29[Not completed]
2019-09-25 11:41:43,781 [pool-77-thread-1] INFO  impl.RaftServerImpl (RaftServerImpl.java:<init>(95)) - a7d59ef6-3eca-4628-b097-12d983444e7f: new RaftServerImpl for group-F2E0294EDFC2:[d0888866-0bad-4f41-ad37-dccd4a57b958:192.168.30.6:45405, a7d59ef6-3eca-4628-b097-12d983444e7f:192.168.30.6:43486, b7064b77-9271-4e94-8225-85d895886efb:192.168.30.6:41519] with ContainerStateMachine:uninitialized
2019-09-25 11:41:43,781 [pool-77-thread-1] INFO  server.RaftServerConfigKeys (ConfUtils.java:logGet(43)) - raft.server.rpc.timeout.min = 5s (custom)
2019-09-25 11:41:43,781 [pool-77-thread-1] INFO  server.RaftServerConfigKeys (ConfUtils.java:logGet(43)) - raft.server.rpc.timeout.max = 5200ms (custom)
2019-09-25 11:41:43,781 [pool-77-thread-1] INFO  server.RaftServerConfigKeys (ConfUtils.java:logGet(43)) - raft.server.rpcslowness.timeout = 120s (custom)
2019-09-25 11:41:43,782 [pool-77-thread-1] INFO  server.RaftServerConfigKeys (ConfUtils.java:logGet(43)) - raft.server.sleep.deviation.threshold = 300 (default)
2019-09-25 11:41:43,782 [pool-77-thread-1] INFO  server.RaftServerConfigKeys (ConfUtils.java:logGet(43)) - raft.server.log.appender.install.snapshot.enabled = false (custom)
2019-09-25 11:41:43,782 [pool-77-thread-1] INFO  impl.RaftServerImpl (ServerState.java:<init>(103)) - a7d59ef6-3eca-4628-b097-12d983444e7f@group-F2E0294EDFC2: ConfigurationManager, init=-1: [d0888866-0bad-4f41-ad37-dccd4a57b958:192.168.30.6:45405, a7d59ef6-3eca-4628-b097-12d983444e7f:192.168.30.6:43486, b7064b77-9271-4e94-8225-85d895886efb:192.168.30.6:41519], old=null, confs=<EMPTY_MAP>
2019-09-25 11:41:43,782 [pool-37-thread-1] INFO  impl.RaftServerImpl (RaftServerImpl.java:<init>(95)) - b7064b77-9271-4e94-8225-85d895886efb: new RaftServerImpl for group-F2E0294EDFC2:[d0888866-0bad-4f41-ad37-dccd4a57b958:192.168.30.6:45405, a7d59ef6-3eca-4628-b097-12d983444e7f:192.168.30.6:43486, b7064b77-9271-4e94-8225-85d895886efb:192.168.30.6:41519] with ContainerStateMachine:uninitialized
2019-09-25 11:41:43,782 [pool-77-thread-1] INFO  server.RaftServerConfigKeys (ConfUtils.java:logGet(43)) - raft.server.storage.dir = [/workdir/hadoop-ozone/integration-test/target/test-dir/MiniOzoneClusterImpl-85c44edd-3ede-4f6a-a825-df7bd545a955/datanode-5/data/ratis] (custom)
2019-09-25 11:41:43,782 [pool-37-thread-1] INFO  server.RaftServerConfigKeys (ConfUtils.java:logGet(43)) - raft.server.rpc.timeout.min = 5s (custom)
2019-09-25 11:41:43,782 [pool-37-thread-1] INFO  server.RaftServerConfigKeys (ConfUtils.java:logGet(43)) - raft.server.rpc.timeout.max = 5200ms (custom)
2019-09-25 11:41:43,783 [pool-77-thread-1] INFO  storage.RaftStorageDirectory (RaftStorageDirectory.java:analyzeStorage(246)) - The storage directory /workdir/hadoop-ozone/integration-test/target/test-dir/MiniOzoneClusterImpl-85c44edd-3ede-4f6a-a825-df7bd545a955/datanode-5/data/ratis/4e9d2ca0-9eb4-4e63-94e5-f2e0294edfc2 does not exist. Creating ...
2019-09-25 11:41:43,783 [pool-37-thread-1] INFO  server.RaftServerConfigKeys (ConfUtils.java:logGet(43)) - raft.server.rpcslowness.timeout = 120s (custom)
2019-09-25 11:41:43,783 [pool-47-thread-1] INFO  impl.RaftServerImpl (RaftServerImpl.java:<init>(95)) - d0888866-0bad-4f41-ad37-dccd4a57b958: new RaftServerImpl for group-F2E0294EDFC2:[d0888866-0bad-4f41-ad37-dccd4a57b958:192.168.30.6:45405, a7d59ef6-3eca-4628-b097-12d983444e7f:192.168.30.6:43486, b7064b77-9271-4e94-8225-85d895886efb:192.168.30.6:41519] with ContainerStateMachine:uninitialized
2019-09-25 11:41:43,783 [pool-37-thread-1] INFO  server.RaftServerConfigKeys (ConfUtils.java:logGet(43)) - raft.server.sleep.deviation.threshold = 300 (default)
2019-09-25 11:41:43,783 [pool-47-thread-1] INFO  server.RaftServerConfigKeys (ConfUtils.java:logGet(43)) - raft.server.rpc.timeout.min = 5s (custom)
2019-09-25 11:41:43,783 [pool-37-thread-1] INFO  server.RaftServerConfigKeys (ConfUtils.java:logGet(43)) - raft.server.log.appender.install.snapshot.enabled = false (custom)
2019-09-25 11:41:43,783 [pool-47-thread-1] INFO  server.RaftServerConfigKeys (ConfUtils.java:logGet(43)) - raft.server.rpc.timeout.max = 5200ms (custom)
2019-09-25 11:41:43,783 [pool-37-thread-1] INFO  impl.RaftServerImpl (ServerState.java:<init>(103)) - b7064b77-9271-4e94-8225-85d895886efb@group-F2E0294EDFC2: ConfigurationManager, init=-1: [d0888866-0bad-4f41-ad37-dccd4a57b958:192.168.30.6:45405, a7d59ef6-3eca-4628-b097-12d983444e7f:192.168.30.6:43486, b7064b77-9271-4e94-8225-85d895886efb:192.168.30.6:41519], old=null, confs=<EMPTY_MAP>
2019-09-25 11:41:43,784 [pool-47-thread-1] INFO  server.RaftServerConfigKeys (ConfUtils.java:logGet(43)) - raft.server.rpcslowness.timeout = 120s (custom)
2019-09-25 11:41:43,784 [pool-37-thread-1] INFO  server.RaftServerConfigKeys (ConfUtils.java:logGet(43)) - raft.server.storage.dir = [/workdir/hadoop-ozone/integration-test/target/test-dir/MiniOzoneClusterImpl-85c44edd-3ede-4f6a-a825-df7bd545a955/datanode-1/data/ratis] (custom)
2019-09-25 11:41:43,784 [pool-47-thread-1] INFO  server.RaftServerConfigKeys (ConfUtils.java:logGet(43)) - raft.server.sleep.deviation.threshold = 300 (default)
2019-09-25 11:41:43,784 [pool-47-thread-1] INFO  server.RaftServerConfigKeys (ConfUtils.java:logGet(43)) - raft.server.log.appender.install.snapshot.enabled = false (custom)
2019-09-25 11:41:43,784 [pool-37-thread-1] INFO  storage.RaftStorageDirectory (RaftStorageDirectory.java:analyzeStorage(246)) - The storage directory /workdir/hadoop-ozone/integration-test/target/test-dir/MiniOzoneClusterImpl-85c44edd-3ede-4f6a-a825-df7bd545a955/datanode-1/data/ratis/4e9d2ca0-9eb4-4e63-94e5-f2e0294edfc2 does not exist. Creating ...
2019-09-25 11:41:43,784 [pool-47-thread-1] INFO  impl.RaftServerImpl (ServerState.java:<init>(103)) - d0888866-0bad-4f41-ad37-dccd4a57b958@group-F2E0294EDFC2: ConfigurationManager, init=-1: [d0888866-0bad-4f41-ad37-dccd4a57b958:192.168.30.6:45405, a7d59ef6-3eca-4628-b097-12d983444e7f:192.168.30.6:43486, b7064b77-9271-4e94-8225-85d895886efb:192.168.30.6:41519], old=null, confs=<EMPTY_MAP>
2019-09-25 11:41:43,785 [pool-47-thread-1] INFO  server.RaftServerConfigKeys (ConfUtils.java:logGet(43)) - raft.server.storage.dir = [/workdir/hadoop-ozone/integration-test/target/test-dir/MiniOzoneClusterImpl-85c44edd-3ede-4f6a-a825-df7bd545a955/datanode-2/data/ratis] (custom)
2019-09-25 11:41:43,785 [pool-47-thread-1] INFO  storage.RaftStorageDirectory (RaftStorageDirectory.java:analyzeStorage(246)) - The storage directory /workdir/hadoop-ozone/integration-test/target/test-dir/MiniOzoneClusterImpl-85c44edd-3ede-4f6a-a825-df7bd545a955/datanode-2/data/ratis/4e9d2ca0-9eb4-4e63-94e5-f2e0294edfc2 does not exist. Creating ...
2019-09-25 11:41:43,796 [pool-77-thread-1] INFO  storage.RaftStorageDirectory (RaftStorageDirectory.java:tryLock(328)) - Lock on /workdir/hadoop-ozone/integration-test/target/test-dir/MiniOzoneClusterImpl-85c44edd-3ede-4f6a-a825-df7bd545a955/datanode-5/data/ratis/4e9d2ca0-9eb4-4e63-94e5-f2e0294edfc2/in_use.lock acquired by nodename 6054@pr-hdds-1569-5gmkr-4255264070
2019-09-25 11:41:43,796 [pool-37-thread-1] INFO  storage.RaftStorageDirectory (RaftStorageDirectory.java:tryLock(328)) - Lock on /workdir/hadoop-ozone/integration-test/target/test-dir/MiniOzoneClusterImpl-85c44edd-3ede-4f6a-a825-df7bd545a955/datanode-1/data/ratis/4e9d2ca0-9eb4-4e63-94e5-f2e0294edfc2/in_use.lock acquired by nodename 6054@pr-hdds-1569-5gmkr-4255264070
2019-09-25 11:41:43,796 [pool-47-thread-1] INFO  storage.RaftStorageDirectory (RaftStorageDirectory.java:tryLock(328)) - Lock on /workdir/hadoop-ozone/integration-test/target/test-dir/MiniOzoneClusterImpl-85c44edd-3ede-4f6a-a825-df7bd545a955/datanode-2/data/ratis/4e9d2ca0-9eb4-4e63-94e5-f2e0294edfc2/in_use.lock acquired by nodename 6054@pr-hdds-1569-5gmkr-4255264070
2019-09-25 11:41:43,810 [pool-77-thread-1] INFO  storage.RaftStorage (RaftStorage.java:format(72)) - Storage directory /workdir/hadoop-ozone/integration-test/target/test-dir/MiniOzoneClusterImpl-85c44edd-3ede-4f6a-a825-df7bd545a955/datanode-5/data/ratis/4e9d2ca0-9eb4-4e63-94e5-f2e0294edfc2 has been successfully formatted.
2019-09-25 11:41:43,810 [pool-47-thread-1] INFO  storage.RaftStorage (RaftStorage.java:format(72)) - Storage directory /workdir/hadoop-ozone/integration-test/target/test-dir/MiniOzoneClusterImpl-85c44edd-3ede-4f6a-a825-df7bd545a955/datanode-2/data/ratis/4e9d2ca0-9eb4-4e63-94e5-f2e0294edfc2 has been successfully formatted.
2019-09-25 11:41:43,810 [pool-37-thread-1] INFO  storage.RaftStorage (RaftStorage.java:format(72)) - Storage directory /workdir/hadoop-ozone/integration-test/target/test-dir/MiniOzoneClusterImpl-85c44edd-3ede-4f6a-a825-df7bd545a955/datanode-1/data/ratis/4e9d2ca0-9eb4-4e63-94e5-f2e0294edfc2 has been successfully formatted.
2019-09-25 11:41:43,811 [pool-47-thread-1] INFO  ratis.ContainerStateMachine (ContainerStateMachine.java:loadSnapshot(230)) - group-F2E0294EDFC2: The snapshot info is null. Setting the last applied indexto:(t:0, i:~)
2019-09-25 11:41:43,811 [pool-77-thread-1] INFO  ratis.ContainerStateMachine (ContainerStateMachine.java:loadSnapshot(230)) - group-F2E0294EDFC2: The snapshot info is null. Setting the last applied indexto:(t:0, i:~)
2019-09-25 11:41:43,811 [pool-47-thread-1] INFO  server.RaftServerConfigKeys (ConfUtils.java:logGet(43)) - raft.server.notification.no-leader.timeout = 120s (custom)
2019-09-25 11:41:43,811 [pool-37-thread-1] INFO  ratis.ContainerStateMachine (ContainerStateMachine.java:loadSnapshot(230)) - group-F2E0294EDFC2: The snapshot info is null. Setting the last applied indexto:(t:0, i:~)
2019-09-25 11:41:43,811 [pool-77-thread-1] INFO  server.RaftServerConfigKeys (ConfUtils.java:logGet(43)) - raft.server.notification.no-leader.timeout = 120s (custom)
2019-09-25 11:41:43,812 [pool-37-thread-1] INFO  server.RaftServerConfigKeys (ConfUtils.java:logGet(43)) - raft.server.notification.no-leader.timeout = 120s (custom)
2019-09-25 11:41:43,811 [pool-47-thread-1] INFO  server.RaftServerConfigKeys (ConfUtils.java:logGet(43)) - raft.server.log.use.memory = false (default)
2019-09-25 11:41:43,812 [pool-37-thread-1] INFO  server.RaftServerConfigKeys (ConfUtils.java:logGet(43)) - raft.server.log.use.memory = false (default)
2019-09-25 11:41:43,812 [pool-77-thread-1] INFO  server.RaftServerConfigKeys (ConfUtils.java:logGet(43)) - raft.server.log.use.memory = false (default)
2019-09-25 11:41:43,812 [pool-37-thread-1] INFO  server.RaftServerConfigKeys (ConfUtils.java:logGet(43)) - raft.server.log.purge.gap = 1000000 (custom)
2019-09-25 11:41:43,812 [pool-47-thread-1] INFO  server.RaftServerConfigKeys (ConfUtils.java:logGet(43)) - raft.server.log.purge.gap = 1000000 (custom)
2019-09-25 11:41:43,813 [pool-37-thread-1] INFO  server.RaftServerConfigKeys (ConfUtils.java:logGet(43)) - raft.server.log.appender.buffer.byte-limit = 33554432 (custom)
2019-09-25 11:41:43,812 [pool-77-thread-1] INFO  server.RaftServerConfigKeys (ConfUtils.java:logGet(43)) - raft.server.log.purge.gap = 1000000 (custom)
2019-09-25 11:41:43,813 [pool-37-thread-1] INFO  server.RaftServerConfigKeys (ConfUtils.java:logGet(43)) - raft.server.log.segment.size.max = 1048576 (custom)
2019-09-25 11:41:43,813 [pool-47-thread-1] INFO  server.RaftServerConfigKeys (ConfUtils.java:logGet(43)) - raft.server.log.appender.buffer.byte-limit = 33554432 (custom)
2019-09-25 11:41:43,813 [pool-37-thread-1] INFO  server.RaftServerConfigKeys (ConfUtils.java:logGet(43)) - raft.server.log.segment.cache.num.max = 2 (custom)
2019-09-25 11:41:43,813 [pool-77-thread-1] INFO  server.RaftServerConfigKeys (ConfUtils.java:logGet(43)) - raft.server.log.appender.buffer.byte-limit = 33554432 (custom)
2019-09-25 11:41:43,814 [pool-37-thread-1] INFO  segmented.SegmentedRaftLogWorker (SegmentedRaftLogWorker.java:<init>(172)) - new b7064b77-9271-4e94-8225-85d895886efb@group-F2E0294EDFC2-SegmentedRaftLogWorker for RaftStorage:Storage Directory /workdir/hadoop-ozone/integration-test/target/test-dir/MiniOzoneClusterImpl-85c44edd-3ede-4f6a-a825-df7bd545a955/datanode-1/data/ratis/4e9d2ca0-9eb4-4e63-94e5-f2e0294edfc2
2019-09-25 11:41:43,814 [pool-47-thread-1] INFO  server.RaftServerConfigKeys (ConfUtils.java:logGet(43)) - raft.server.log.segment.size.max = 1048576 (custom)
2019-09-25 11:41:43,814 [pool-37-thread-1] INFO  server.RaftServerConfigKeys (ConfUtils.java:logGet(43)) - raft.server.log.queue.byte-limit = 2147483647 (custom)
2019-09-25 11:41:43,814 [pool-77-thread-1] INFO  server.RaftServerConfigKeys (ConfUtils.java:logGet(43)) - raft.server.log.segment.size.max = 1048576 (custom)
2019-09-25 11:41:43,814 [pool-37-thread-1] INFO  server.RaftServerConfigKeys (ConfUtils.java:logGet(43)) - raft.server.log.queue.element-limit = 1024 (custom)
2019-09-25 11:41:43,814 [pool-47-thread-1] INFO  server.RaftServerConfigKeys (ConfUtils.java:logGet(43)) - raft.server.log.segment.cache.num.max = 2 (custom)
2019-09-25 11:41:43,815 [pool-37-thread-1] INFO  server.RaftServerConfigKeys (ConfUtils.java:logGet(43)) - raft.server.log.segment.size.max = 1048576 (custom)
2019-09-25 11:41:43,814 [pool-77-thread-1] INFO  server.RaftServerConfigKeys (ConfUtils.java:logGet(43)) - raft.server.log.segment.cache.num.max = 2 (custom)
2019-09-25 11:41:43,815 [pool-37-thread-1] INFO  server.RaftServerConfigKeys (ConfUtils.java:logGet(43)) - raft.server.log.preallocated.size = 16384 (custom)
2019-09-25 11:41:43,815 [pool-47-thread-1] INFO  segmented.SegmentedRaftLogWorker (SegmentedRaftLogWorker.java:<init>(172)) - new d0888866-0bad-4f41-ad37-dccd4a57b958@group-F2E0294EDFC2-SegmentedRaftLogWorker for RaftStorage:Storage Directory /workdir/hadoop-ozone/integration-test/target/test-dir/MiniOzoneClusterImpl-85c44edd-3ede-4f6a-a825-df7bd545a955/datanode-2/data/ratis/4e9d2ca0-9eb4-4e63-94e5-f2e0294edfc2
2019-09-25 11:41:43,815 [pool-37-thread-1] INFO  server.RaftServerConfigKeys (ConfUtils.java:logGet(43)) - raft.server.log.write.buffer.size = 33554432 (custom)
2019-09-25 11:41:43,815 [pool-77-thread-1] INFO  segmented.SegmentedRaftLogWorker (SegmentedRaftLogWorker.java:<init>(172)) - new a7d59ef6-3eca-4628-b097-12d983444e7f@group-F2E0294EDFC2-SegmentedRaftLogWorker for RaftStorage:Storage Directory /workdir/hadoop-ozone/integration-test/target/test-dir/MiniOzoneClusterImpl-85c44edd-3ede-4f6a-a825-df7bd545a955/datanode-5/data/ratis/4e9d2ca0-9eb4-4e63-94e5-f2e0294edfc2
2019-09-25 11:41:43,816 [pool-37-thread-1] INFO  server.RaftServerConfigKeys (ConfUtils.java:logGet(43)) - raft.server.log.force.sync.num = 128 (default)
2019-09-25 11:41:43,815 [pool-47-thread-1] INFO  server.RaftServerConfigKeys (ConfUtils.java:logGet(43)) - raft.server.log.queue.byte-limit = 2147483647 (custom)
2019-09-25 11:41:43,816 [pool-37-thread-1] INFO  server.RaftServerConfigKeys (ConfUtils.java:logGet(43)) - raft.server.log.statemachine.data.sync = true (default)
2019-09-25 11:41:43,816 [pool-77-thread-1] INFO  server.RaftServerConfigKeys (ConfUtils.java:logGet(43)) - raft.server.log.queue.byte-limit = 2147483647 (custom)
2019-09-25 11:41:43,816 [pool-37-thread-1] INFO  server.RaftServerConfigKeys (ConfUtils.java:logGet(43)) - raft.server.log.statemachine.data.sync.timeout = 10s (default)
2019-09-25 11:41:43,816 [pool-47-thread-1] INFO  server.RaftServerConfigKeys (ConfUtils.java:logGet(43)) - raft.server.log.queue.element-limit = 1024 (custom)
2019-09-25 11:41:43,817 [pool-37-thread-1] INFO  server.RaftServerConfigKeys (ConfUtils.java:logGet(43)) - raft.server.log.statemachine.data.sync.timeout.retry = -1 (default)
2019-09-25 11:41:43,817 [pool-77-thread-1] INFO  server.RaftServerConfigKeys (ConfUtils.java:logGet(43)) - raft.server.log.queue.element-limit = 1024 (custom)
2019-09-25 11:41:43,817 [pool-37-thread-1] INFO  server.RaftServerConfigKeys (ConfUtils.java:logGet(43)) - raft.server.log.statemachine.data.caching.enabled = true (custom)
2019-09-25 11:41:43,817 [pool-47-thread-1] INFO  server.RaftServerConfigKeys (ConfUtils.java:logGet(43)) - raft.server.log.segment.size.max = 1048576 (custom)
2019-09-25 11:41:43,817 [pool-77-thread-1] INFO  server.RaftServerConfigKeys (ConfUtils.java:logGet(43)) - raft.server.log.segment.size.max = 1048576 (custom)
2019-09-25 11:41:43,818 [pool-47-thread-1] INFO  server.RaftServerConfigKeys (ConfUtils.java:logGet(43)) - raft.server.log.preallocated.size = 16384 (custom)
2019-09-25 11:41:43,818 [pool-37-thread-1] INFO  segmented.SegmentedRaftLogWorker (SegmentedRaftLogWorker.java:lambda$new$0(132)) - b7064b77-9271-4e94-8225-85d895886efb@group-F2E0294EDFC2-SegmentedRaftLogWorker: flushIndex: setUnconditionally 0 -> -1
2019-09-25 11:41:43,818 [pool-77-thread-1] INFO  server.RaftServerConfigKeys (ConfUtils.java:logGet(43)) - raft.server.log.preallocated.size = 16384 (custom)
2019-09-25 11:41:43,818 [pool-37-thread-1] INFO  server.RaftServerConfigKeys (ConfUtils.java:logGet(43)) - raft.server.snapshot.auto.trigger.enabled = true (custom)
2019-09-25 11:41:43,818 [pool-47-thread-1] INFO  server.RaftServerConfigKeys (ConfUtils.java:logGet(43)) - raft.server.log.write.buffer.size = 33554432 (custom)
2019-09-25 11:41:43,819 [pool-37-thread-1] INFO  server.RaftServerConfigKeys (ConfUtils.java:logGet(43)) - raft.server.snapshot.auto.trigger.threshold = 10000 (custom)
2019-09-25 11:41:43,818 [pool-77-thread-1] INFO  server.RaftServerConfigKeys (ConfUtils.java:logGet(43)) - raft.server.log.write.buffer.size = 33554432 (custom)
2019-09-25 11:41:43,819 [pool-37-thread-1] INFO  server.RaftServerConfigKeys (ConfUtils.java:logGet(43)) - raft.server.snapshot.retention.num.files = 5 (custom)
2019-09-25 11:41:43,819 [pool-47-thread-1] INFO  server.RaftServerConfigKeys (ConfUtils.java:logGet(43)) - raft.server.log.force.sync.num = 128 (default)
2019-09-25 11:41:43,819 [pool-37-thread-1] INFO  server.RaftServerConfigKeys (ConfUtils.java:logGet(43)) - raft.server.retrycache.expirytime = 600000ms (custom)
2019-09-25 11:41:43,819 [pool-77-thread-1] INFO  server.RaftServerConfigKeys (ConfUtils.java:logGet(43)) - raft.server.log.force.sync.num = 128 (default)
2019-09-25 11:41:43,819 [pool-47-thread-1] INFO  server.RaftServerConfigKeys (ConfUtils.java:logGet(43)) - raft.server.log.statemachine.data.sync = true (default)
2019-09-25 11:41:43,823 [pool-77-thread-1] INFO  server.RaftServerConfigKeys (ConfUtils.java:logGet(43)) - raft.server.log.statemachine.data.sync = true (default)
2019-09-25 11:41:43,823 [pool-47-thread-1] INFO  server.RaftServerConfigKeys (ConfUtils.java:logGet(43)) - raft.server.log.statemachine.data.sync.timeout = 10s (default)
2019-09-25 11:41:43,823 [pool-77-thread-1] INFO  server.RaftServerConfigKeys (ConfUtils.java:logGet(43)) - raft.server.log.statemachine.data.sync.timeout = 10s (default)
2019-09-25 11:41:43,823 [pool-47-thread-1] INFO  server.RaftServerConfigKeys (ConfUtils.java:logGet(43)) - raft.server.log.statemachine.data.sync.timeout.retry = -1 (default)
2019-09-25 11:41:43,823 [pool-77-thread-1] INFO  server.RaftServerConfigKeys (ConfUtils.java:logGet(43)) - raft.server.log.statemachine.data.sync.timeout.retry = -1 (default)
2019-09-25 11:41:43,824 [pool-47-thread-1] INFO  server.RaftServerConfigKeys (ConfUtils.java:logGet(43)) - raft.server.log.statemachine.data.caching.enabled = true (custom)
2019-09-25 11:41:43,824 [pool-77-thread-1] INFO  server.RaftServerConfigKeys (ConfUtils.java:logGet(43)) - raft.server.log.statemachine.data.caching.enabled = true (custom)
2019-09-25 11:41:43,824 [pool-47-thread-1] INFO  segmented.SegmentedRaftLogWorker (SegmentedRaftLogWorker.java:lambda$new$0(132)) - d0888866-0bad-4f41-ad37-dccd4a57b958@group-F2E0294EDFC2-SegmentedRaftLogWorker: flushIndex: setUnconditionally 0 -> -1
2019-09-25 11:41:43,824 [pool-77-thread-1] INFO  segmented.SegmentedRaftLogWorker (SegmentedRaftLogWorker.java:lambda$new$0(132)) - a7d59ef6-3eca-4628-b097-12d983444e7f@group-F2E0294EDFC2-SegmentedRaftLogWorker: flushIndex: setUnconditionally 0 -> -1
2019-09-25 11:41:43,824 [pool-47-thread-1] INFO  server.RaftServerConfigKeys (ConfUtils.java:logGet(43)) - raft.server.snapshot.auto.trigger.enabled = true (custom)
2019-09-25 11:41:43,829 [pool-47-thread-1] INFO  server.RaftServerConfigKeys (ConfUtils.java:logGet(43)) - raft.server.snapshot.auto.trigger.threshold = 10000 (custom)
2019-09-25 11:41:43,829 [pool-77-thread-1] INFO  server.RaftServerConfigKeys (ConfUtils.java:logGet(43)) - raft.server.snapshot.auto.trigger.enabled = true (custom)
2019-09-25 11:41:43,831 [pool-47-thread-1] INFO  server.RaftServerConfigKeys (ConfUtils.java:logGet(43)) - raft.server.snapshot.retention.num.files = 5 (custom)
2019-09-25 11:41:43,831 [pool-77-thread-1] INFO  server.RaftServerConfigKeys (ConfUtils.java:logGet(43)) - raft.server.snapshot.auto.trigger.threshold = 10000 (custom)
2019-09-25 11:41:43,831 [pool-47-thread-1] INFO  server.RaftServerConfigKeys (ConfUtils.java:logGet(43)) - raft.server.retrycache.expirytime = 600000ms (custom)
2019-09-25 11:41:43,831 [pool-77-thread-1] INFO  server.RaftServerConfigKeys (ConfUtils.java:logGet(43)) - raft.server.snapshot.retention.num.files = 5 (custom)
2019-09-25 11:41:43,832 [pool-77-thread-1] INFO  server.RaftServerConfigKeys (ConfUtils.java:logGet(43)) - raft.server.retrycache.expirytime = 600000ms (custom)
2019-09-25 11:41:43,833 [pool-37-thread-1] INFO  impl.RaftServerImpl (RaftServerImpl.java:start(185)) - b7064b77-9271-4e94-8225-85d895886efb@group-F2E0294EDFC2: start as a follower, conf=-1: [d0888866-0bad-4f41-ad37-dccd4a57b958:192.168.30.6:45405, a7d59ef6-3eca-4628-b097-12d983444e7f:192.168.30.6:43486, b7064b77-9271-4e94-8225-85d895886efb:192.168.30.6:41519], old=null
2019-09-25 11:41:43,833 [pool-37-thread-1] INFO  impl.RaftServerImpl (RaftServerImpl.java:setRole(174)) - b7064b77-9271-4e94-8225-85d895886efb@group-F2E0294EDFC2: changes role from      null to FOLLOWER at term 0 for startAsFollower
2019-09-25 11:41:43,833 [pool-37-thread-1] INFO  impl.RoleInfo (RoleInfo.java:updateAndGet(143)) - b7064b77-9271-4e94-8225-85d895886efb: start FollowerState
2019-09-25 11:41:43,834 [pool-37-thread-1] INFO  util.JmxRegister (JmxRegister.java:tryRegister(44)) - Successfully registered JMX Bean with object name Ratis:service=RaftServer,group=group-F2E0294EDFC2,id=b7064b77-9271-4e94-8225-85d895886efb
2019-09-25 11:41:43,835 [pool-47-thread-1] INFO  impl.RaftServerImpl (RaftServerImpl.java:start(185)) - d0888866-0bad-4f41-ad37-dccd4a57b958@group-F2E0294EDFC2: start as a follower, conf=-1: [d0888866-0bad-4f41-ad37-dccd4a57b958:192.168.30.6:45405, a7d59ef6-3eca-4628-b097-12d983444e7f:192.168.30.6:43486, b7064b77-9271-4e94-8225-85d895886efb:192.168.30.6:41519], old=null
2019-09-25 11:41:43,835 [pool-47-thread-1] INFO  impl.RaftServerImpl (RaftServerImpl.java:setRole(174)) - d0888866-0bad-4f41-ad37-dccd4a57b958@group-F2E0294EDFC2: changes role from      null to FOLLOWER at term 0 for startAsFollower
2019-09-25 11:41:43,835 [pool-47-thread-1] INFO  impl.RoleInfo (RoleInfo.java:updateAndGet(143)) - d0888866-0bad-4f41-ad37-dccd4a57b958: start FollowerState
2019-09-25 11:41:43,835 [pool-77-thread-1] INFO  impl.RaftServerImpl (RaftServerImpl.java:start(185)) - a7d59ef6-3eca-4628-b097-12d983444e7f@group-F2E0294EDFC2: start as a follower, conf=-1: [d0888866-0bad-4f41-ad37-dccd4a57b958:192.168.30.6:45405, a7d59ef6-3eca-4628-b097-12d983444e7f:192.168.30.6:43486, b7064b77-9271-4e94-8225-85d895886efb:192.168.30.6:41519], old=null
2019-09-25 11:41:43,835 [pool-77-thread-1] INFO  impl.RaftServerImpl (RaftServerImpl.java:setRole(174)) - a7d59ef6-3eca-4628-b097-12d983444e7f@group-F2E0294EDFC2: changes role from      null to FOLLOWER at term 0 for startAsFollower
2019-09-25 11:41:43,835 [pool-47-thread-1] INFO  util.JmxRegister (JmxRegister.java:tryRegister(44)) - Successfully registered JMX Bean with object name Ratis:service=RaftServer,group=group-F2E0294EDFC2,id=d0888866-0bad-4f41-ad37-dccd4a57b958
2019-09-25 11:41:43,836 [pool-77-thread-1] INFO  impl.RoleInfo (RoleInfo.java:updateAndGet(143)) - a7d59ef6-3eca-4628-b097-12d983444e7f: start FollowerState
2019-09-25 11:41:43,836 [pool-77-thread-1] INFO  util.JmxRegister (JmxRegister.java:tryRegister(44)) - Successfully registered JMX Bean with object name Ratis:service=RaftServer,group=group-F2E0294EDFC2,id=a7d59ef6-3eca-4628-b097-12d983444e7f
2019-09-25 11:41:43,844 [RatisPipelineUtilsThread] INFO  pipeline.PipelineStateManager (PipelineStateManager.java:addPipeline(56)) - Created pipeline Pipeline[ Id: 4e9d2ca0-9eb4-4e63-94e5-f2e0294edfc2, Nodes: d0888866-0bad-4f41-ad37-dccd4a57b958{ip: 192.168.30.6, host: pr-hdds-1569-5gmkr-4255264070, networkLocation: /default-rack, certSerialId: null}a7d59ef6-3eca-4628-b097-12d983444e7f{ip: 192.168.30.6, host: pr-hdds-1569-5gmkr-4255264070, networkLocation: /default-rack, certSerialId: null}b7064b77-9271-4e94-8225-85d895886efb{ip: 192.168.30.6, host: pr-hdds-1569-5gmkr-4255264070, networkLocation: /default-rack, certSerialId: null}, Type:RATIS, Factor:THREE, State:OPEN]
2019-09-25 11:41:43,845 [RatisPipelineUtilsThread] INFO  pipeline.PipelinePlacementPolicy (PipelinePlacementPolicy.java:meetCriteria(91)) - Pipeline Placement: can't place more pipeline on heavy datanode： 8c24ed06-386e-4085-8931-93c762a64530 Heaviness: 6 limit: 5
2019-09-25 11:41:43,858 [grpc-default-executor-0] INFO  impl.RaftServerProxy (RaftServerProxy.java:addNew(89)) - e081c0a5-acfc-4a29-8262-ee158adf5b11: addNew group-6E9EB1C0F638:[e081c0a5-acfc-4a29-8262-ee158adf5b11:192.168.30.6:37941, a7d59ef6-3eca-4628-b097-12d983444e7f:192.168.30.6:43486, b7064b77-9271-4e94-8225-85d895886efb:192.168.30.6:41519] returns group-6E9EB1C0F638:java.util.concurrent.CompletableFuture@5c3914c2[Not completed]
2019-09-25 11:41:43,863 [grpc-default-executor-0] INFO  impl.RaftServerProxy (RaftServerProxy.java:addNew(89)) - a7d59ef6-3eca-4628-b097-12d983444e7f: addNew group-6E9EB1C0F638:[e081c0a5-acfc-4a29-8262-ee158adf5b11:192.168.30.6:37941, a7d59ef6-3eca-4628-b097-12d983444e7f:192.168.30.6:43486, b7064b77-9271-4e94-8225-85d895886efb:192.168.30.6:41519] returns group-6E9EB1C0F638:java.util.concurrent.CompletableFuture@52f89a4f[Not completed]
2019-09-25 11:41:43,863 [grpc-default-executor-1] INFO  impl.RaftServerProxy (RaftServerProxy.java:addNew(89)) - b7064b77-9271-4e94-8225-85d895886efb: addNew group-6E9EB1C0F638:[e081c0a5-acfc-4a29-8262-ee158adf5b11:192.168.30.6:37941, a7d59ef6-3eca-4628-b097-12d983444e7f:192.168.30.6:43486, b7064b77-9271-4e94-8225-85d895886efb:192.168.30.6:41519] returns group-6E9EB1C0F638:java.util.concurrent.CompletableFuture@fd0093f[Not completed]
2019-09-25 11:41:43,864 [pool-67-thread-1] INFO  impl.RaftServerImpl (RaftServerImpl.java:<init>(95)) - e081c0a5-acfc-4a29-8262-ee158adf5b11: new RaftServerImpl for group-6E9EB1C0F638:[e081c0a5-acfc-4a29-8262-ee158adf5b11:192.168.30.6:37941, a7d59ef6-3eca-4628-b097-12d983444e7f:192.168.30.6:43486, b7064b77-9271-4e94-8225-85d895886efb:192.168.30.6:41519] with ContainerStateMachine:uninitialized
2019-09-25 11:41:43,864 [pool-67-thread-1] INFO  server.RaftServerConfigKeys (ConfUtils.java:logGet(43)) - raft.server.rpc.timeout.min = 5s (custom)
2019-09-25 11:41:43,864 [pool-67-thread-1] INFO  server.RaftServerConfigKeys (ConfUtils.java:logGet(43)) - raft.server.rpc.timeout.max = 5200ms (custom)
2019-09-25 11:41:43,865 [pool-67-thread-1] INFO  server.RaftServerConfigKeys (ConfUtils.java:logGet(43)) - raft.server.rpcslowness.timeout = 120s (custom)
2019-09-25 11:41:43,865 [pool-77-thread-1] INFO  impl.RaftServerImpl (RaftServerImpl.java:<init>(95)) - a7d59ef6-3eca-4628-b097-12d983444e7f: new RaftServerImpl for group-6E9EB1C0F638:[e081c0a5-acfc-4a29-8262-ee158adf5b11:192.168.30.6:37941, a7d59ef6-3eca-4628-b097-12d983444e7f:192.168.30.6:43486, b7064b77-9271-4e94-8225-85d895886efb:192.168.30.6:41519] with ContainerStateMachine:uninitialized
2019-09-25 11:41:43,865 [pool-67-thread-1] INFO  server.RaftServerConfigKeys (ConfUtils.java:logGet(43)) - raft.server.sleep.deviation.threshold = 300 (default)
2019-09-25 11:41:43,865 [pool-77-thread-1] INFO  server.RaftServerConfigKeys (ConfUtils.java:logGet(43)) - raft.server.rpc.timeout.min = 5s (custom)
2019-09-25 11:41:43,865 [pool-67-thread-1] INFO  server.RaftServerConfigKeys (ConfUtils.java:logGet(43)) - raft.server.log.appender.install.snapshot.enabled = false (custom)
2019-09-25 11:41:43,865 [pool-77-thread-1] INFO  server.RaftServerConfigKeys (ConfUtils.java:logGet(43)) - raft.server.rpc.timeout.max = 5200ms (custom)
2019-09-25 11:41:43,865 [pool-67-thread-1] INFO  impl.RaftServerImpl (ServerState.java:<init>(103)) - e081c0a5-acfc-4a29-8262-ee158adf5b11@group-6E9EB1C0F638: ConfigurationManager, init=-1: [e081c0a5-acfc-4a29-8262-ee158adf5b11:192.168.30.6:37941, a7d59ef6-3eca-4628-b097-12d983444e7f:192.168.30.6:43486, b7064b77-9271-4e94-8225-85d895886efb:192.168.30.6:41519], old=null, confs=<EMPTY_MAP>
2019-09-25 11:41:43,866 [pool-77-thread-1] INFO  server.RaftServerConfigKeys (ConfUtils.java:logGet(43)) - raft.server.rpcslowness.timeout = 120s (custom)
2019-09-25 11:41:43,866 [pool-77-thread-1] INFO  server.RaftServerConfigKeys (ConfUtils.java:logGet(43)) - raft.server.sleep.deviation.threshold = 300 (default)
2019-09-25 11:41:43,866 [pool-67-thread-1] INFO  server.RaftServerConfigKeys (ConfUtils.java:logGet(43)) - raft.server.storage.dir = [/workdir/hadoop-ozone/integration-test/target/test-dir/MiniOzoneClusterImpl-85c44edd-3ede-4f6a-a825-df7bd545a955/datanode-4/data/ratis] (custom)
2019-09-25 11:41:43,866 [pool-37-thread-1] INFO  impl.RaftServerImpl (RaftServerImpl.java:<init>(95)) - b7064b77-9271-4e94-8225-85d895886efb: new RaftServerImpl for group-6E9EB1C0F638:[e081c0a5-acfc-4a29-8262-ee158adf5b11:192.168.30.6:37941, a7d59ef6-3eca-4628-b097-12d983444e7f:192.168.30.6:43486, b7064b77-9271-4e94-8225-85d895886efb:192.168.30.6:41519] with ContainerStateMachine:uninitialized
2019-09-25 11:41:43,866 [pool-77-thread-1] INFO  server.RaftServerConfigKeys (ConfUtils.java:logGet(43)) - raft.server.log.appender.install.snapshot.enabled = false (custom)
2019-09-25 11:41:43,866 [pool-37-thread-1] INFO  server.RaftServerConfigKeys (ConfUtils.java:logGet(43)) - raft.server.rpc.timeout.min = 5s (custom)
2019-09-25 11:41:43,867 [pool-67-thread-1] INFO  storage.RaftStorageDirectory (RaftStorageDirectory.java:analyzeStorage(246)) - The storage directory /workdir/hadoop-ozone/integration-test/target/test-dir/MiniOzoneClusterImpl-85c44edd-3ede-4f6a-a825-df7bd545a955/datanode-4/data/ratis/f1ecf8f3-051e-482f-a76d-6e9eb1c0f638 does not exist. Creating ...
2019-09-25 11:41:43,866 [pool-77-thread-1] INFO  impl.RaftServerImpl (ServerState.java:<init>(103)) - a7d59ef6-3eca-4628-b097-12d983444e7f@group-6E9EB1C0F638: ConfigurationManager, init=-1: [e081c0a5-acfc-4a29-8262-ee158adf5b11:192.168.30.6:37941, a7d59ef6-3eca-4628-b097-12d983444e7f:192.168.30.6:43486, b7064b77-9271-4e94-8225-85d895886efb:192.168.30.6:41519], old=null, confs=<EMPTY_MAP>
2019-09-25 11:41:43,867 [pool-37-thread-1] INFO  server.RaftServerConfigKeys (ConfUtils.java:logGet(43)) - raft.server.rpc.timeout.max = 5200ms (custom)
2019-09-25 11:41:43,867 [pool-77-thread-1] INFO  server.RaftServerConfigKeys (ConfUtils.java:logGet(43)) - raft.server.storage.dir = [/workdir/hadoop-ozone/integration-test/target/test-dir/MiniOzoneClusterImpl-85c44edd-3ede-4f6a-a825-df7bd545a955/datanode-5/data/ratis] (custom)
2019-09-25 11:41:43,867 [pool-37-thread-1] INFO  server.RaftServerConfigKeys (ConfUtils.java:logGet(43)) - raft.server.rpcslowness.timeout = 120s (custom)
2019-09-25 11:41:43,867 [pool-37-thread-1] INFO  server.RaftServerConfigKeys (ConfUtils.java:logGet(43)) - raft.server.sleep.deviation.threshold = 300 (default)
2019-09-25 11:41:43,867 [pool-77-thread-1] INFO  storage.RaftStorageDirectory (RaftStorageDirectory.java:analyzeStorage(246)) - The storage directory /workdir/hadoop-ozone/integration-test/target/test-dir/MiniOzoneClusterImpl-85c44edd-3ede-4f6a-a825-df7bd545a955/datanode-5/data/ratis/f1ecf8f3-051e-482f-a76d-6e9eb1c0f638 does not exist. Creating ...
2019-09-25 11:41:43,868 [pool-37-thread-1] INFO  server.RaftServerConfigKeys (ConfUtils.java:logGet(43)) - raft.server.log.appender.install.snapshot.enabled = false (custom)
2019-09-25 11:41:43,868 [pool-37-thread-1] INFO  impl.RaftServerImpl (ServerState.java:<init>(103)) - b7064b77-9271-4e94-8225-85d895886efb@group-6E9EB1C0F638: ConfigurationManager, init=-1: [e081c0a5-acfc-4a29-8262-ee158adf5b11:192.168.30.6:37941, a7d59ef6-3eca-4628-b097-12d983444e7f:192.168.30.6:43486, b7064b77-9271-4e94-8225-85d895886efb:192.168.30.6:41519], old=null, confs=<EMPTY_MAP>
2019-09-25 11:41:43,868 [pool-37-thread-1] INFO  server.RaftServerConfigKeys (ConfUtils.java:logGet(43)) - raft.server.storage.dir = [/workdir/hadoop-ozone/integration-test/target/test-dir/MiniOzoneClusterImpl-85c44edd-3ede-4f6a-a825-df7bd545a955/datanode-1/data/ratis] (custom)
2019-09-25 11:41:43,868 [pool-37-thread-1] INFO  storage.RaftStorageDirectory (RaftStorageDirectory.java:analyzeStorage(246)) - The storage directory /workdir/hadoop-ozone/integration-test/target/test-dir/MiniOzoneClusterImpl-85c44edd-3ede-4f6a-a825-df7bd545a955/datanode-1/data/ratis/f1ecf8f3-051e-482f-a76d-6e9eb1c0f638 does not exist. Creating ...
2019-09-25 11:41:43,896 [pool-67-thread-1] INFO  storage.RaftStorageDirectory (RaftStorageDirectory.java:tryLock(328)) - Lock on /workdir/hadoop-ozone/integration-test/target/test-dir/MiniOzoneClusterImpl-85c44edd-3ede-4f6a-a825-df7bd545a955/datanode-4/data/ratis/f1ecf8f3-051e-482f-a76d-6e9eb1c0f638/in_use.lock acquired by nodename 6054@pr-hdds-1569-5gmkr-4255264070
2019-09-25 11:41:43,896 [pool-37-thread-1] INFO  storage.RaftStorageDirectory (RaftStorageDirectory.java:tryLock(328)) - Lock on /workdir/hadoop-ozone/integration-test/target/test-dir/MiniOzoneClusterImpl-85c44edd-3ede-4f6a-a825-df7bd545a955/datanode-1/data/ratis/f1ecf8f3-051e-482f-a76d-6e9eb1c0f638/in_use.lock acquired by nodename 6054@pr-hdds-1569-5gmkr-4255264070
2019-09-25 11:41:43,896 [pool-77-thread-1] INFO  storage.RaftStorageDirectory (RaftStorageDirectory.java:tryLock(328)) - Lock on /workdir/hadoop-ozone/integration-test/target/test-dir/MiniOzoneClusterImpl-85c44edd-3ede-4f6a-a825-df7bd545a955/datanode-5/data/ratis/f1ecf8f3-051e-482f-a76d-6e9eb1c0f638/in_use.lock acquired by nodename 6054@pr-hdds-1569-5gmkr-4255264070
2019-09-25 11:41:43,910 [pool-67-thread-1] INFO  storage.RaftStorage (RaftStorage.java:format(72)) - Storage directory /workdir/hadoop-ozone/integration-test/target/test-dir/MiniOzoneClusterImpl-85c44edd-3ede-4f6a-a825-df7bd545a955/datanode-4/data/ratis/f1ecf8f3-051e-482f-a76d-6e9eb1c0f638 has been successfully formatted.
2019-09-25 11:41:43,910 [pool-77-thread-1] INFO  storage.RaftStorage (RaftStorage.java:format(72)) - Storage directory /workdir/hadoop-ozone/integration-test/target/test-dir/MiniOzoneClusterImpl-85c44edd-3ede-4f6a-a825-df7bd545a955/datanode-5/data/ratis/f1ecf8f3-051e-482f-a76d-6e9eb1c0f638 has been successfully formatted.
2019-09-25 11:41:43,910 [pool-37-thread-1] INFO  storage.RaftStorage (RaftStorage.java:format(72)) - Storage directory /workdir/hadoop-ozone/integration-test/target/test-dir/MiniOzoneClusterImpl-85c44edd-3ede-4f6a-a825-df7bd545a955/datanode-1/data/ratis/f1ecf8f3-051e-482f-a76d-6e9eb1c0f638 has been successfully formatted.
2019-09-25 11:41:43,911 [pool-77-thread-1] INFO  ratis.ContainerStateMachine (ContainerStateMachine.java:loadSnapshot(230)) - group-6E9EB1C0F638: The snapshot info is null. Setting the last applied indexto:(t:0, i:~)
2019-09-25 11:41:43,911 [pool-67-thread-1] INFO  ratis.ContainerStateMachine (ContainerStateMachine.java:loadSnapshot(230)) - group-6E9EB1C0F638: The snapshot info is null. Setting the last applied indexto:(t:0, i:~)
2019-09-25 11:41:43,911 [pool-77-thread-1] INFO  server.RaftServerConfigKeys (ConfUtils.java:logGet(43)) - raft.server.notification.no-leader.timeout = 120s (custom)
2019-09-25 11:41:43,911 [pool-67-thread-1] INFO  server.RaftServerConfigKeys (ConfUtils.java:logGet(43)) - raft.server.notification.no-leader.timeout = 120s (custom)
2019-09-25 11:41:43,911 [pool-37-thread-1] INFO  ratis.ContainerStateMachine (ContainerStateMachine.java:loadSnapshot(230)) - group-6E9EB1C0F638: The snapshot info is null. Setting the last applied indexto:(t:0, i:~)
2019-09-25 11:41:43,912 [pool-67-thread-1] INFO  server.RaftServerConfigKeys (ConfUtils.java:logGet(43)) - raft.server.log.use.memory = false (default)
2019-09-25 11:41:43,911 [pool-77-thread-1] INFO  server.RaftServerConfigKeys (ConfUtils.java:logGet(43)) - raft.server.log.use.memory = false (default)
2019-09-25 11:41:43,912 [pool-67-thread-1] INFO  server.RaftServerConfigKeys (ConfUtils.java:logGet(43)) - raft.server.log.purge.gap = 1000000 (custom)
2019-09-25 11:41:43,912 [pool-37-thread-1] INFO  server.RaftServerConfigKeys (ConfUtils.java:logGet(43)) - raft.server.notification.no-leader.timeout = 120s (custom)
2019-09-25 11:41:43,912 [pool-67-thread-1] INFO  server.RaftServerConfigKeys (ConfUtils.java:logGet(43)) - raft.server.log.appender.buffer.byte-limit = 33554432 (custom)
2019-09-25 11:41:43,912 [pool-77-thread-1] INFO  server.RaftServerConfigKeys (ConfUtils.java:logGet(43)) - raft.server.log.purge.gap = 1000000 (custom)
2019-09-25 11:41:43,912 [pool-67-thread-1] INFO  server.RaftServerConfigKeys (ConfUtils.java:logGet(43)) - raft.server.log.segment.size.max = 1048576 (custom)
2019-09-25 11:41:43,912 [pool-37-thread-1] INFO  server.RaftServerConfigKeys (ConfUtils.java:logGet(43)) - raft.server.log.use.memory = false (default)
2019-09-25 11:41:43,913 [pool-67-thread-1] INFO  server.RaftServerConfigKeys (ConfUtils.java:logGet(43)) - raft.server.log.segment.cache.num.max = 2 (custom)
2019-09-25 11:41:43,912 [pool-77-thread-1] INFO  server.RaftServerConfigKeys (ConfUtils.java:logGet(43)) - raft.server.log.appender.buffer.byte-limit = 33554432 (custom)
2019-09-25 11:41:43,913 [pool-67-thread-1] INFO  segmented.SegmentedRaftLogWorker (SegmentedRaftLogWorker.java:<init>(172)) - new e081c0a5-acfc-4a29-8262-ee158adf5b11@group-6E9EB1C0F638-SegmentedRaftLogWorker for RaftStorage:Storage Directory /workdir/hadoop-ozone/integration-test/target/test-dir/MiniOzoneClusterImpl-85c44edd-3ede-4f6a-a825-df7bd545a955/datanode-4/data/ratis/f1ecf8f3-051e-482f-a76d-6e9eb1c0f638
2019-09-25 11:41:43,913 [pool-37-thread-1] INFO  server.RaftServerConfigKeys (ConfUtils.java:logGet(43)) - raft.server.log.purge.gap = 1000000 (custom)
2019-09-25 11:41:43,913 [pool-67-thread-1] INFO  server.RaftServerConfigKeys (ConfUtils.java:logGet(43)) - raft.server.log.queue.byte-limit = 2147483647 (custom)
2019-09-25 11:41:43,913 [pool-77-thread-1] INFO  server.RaftServerConfigKeys (ConfUtils.java:logGet(43)) - raft.server.log.segment.size.max = 1048576 (custom)
2019-09-25 11:41:43,913 [pool-67-thread-1] INFO  server.RaftServerConfigKeys (ConfUtils.java:logGet(43)) - raft.server.log.queue.element-limit = 1024 (custom)
2019-09-25 11:41:43,913 [pool-37-thread-1] INFO  server.RaftServerConfigKeys (ConfUtils.java:logGet(43)) - raft.server.log.appender.buffer.byte-limit = 33554432 (custom)
2019-09-25 11:41:43,914 [pool-67-thread-1] INFO  server.RaftServerConfigKeys (ConfUtils.java:logGet(43)) - raft.server.log.segment.size.max = 1048576 (custom)
2019-09-25 11:41:43,914 [pool-77-thread-1] INFO  server.RaftServerConfigKeys (ConfUtils.java:logGet(43)) - raft.server.log.segment.cache.num.max = 2 (custom)
2019-09-25 11:41:43,914 [pool-67-thread-1] INFO  server.RaftServerConfigKeys (ConfUtils.java:logGet(43)) - raft.server.log.preallocated.size = 16384 (custom)
2019-09-25 11:41:43,914 [pool-37-thread-1] INFO  server.RaftServerConfigKeys (ConfUtils.java:logGet(43)) - raft.server.log.segment.size.max = 1048576 (custom)
2019-09-25 11:41:43,914 [pool-67-thread-1] INFO  server.RaftServerConfigKeys (ConfUtils.java:logGet(43)) - raft.server.log.write.buffer.size = 33554432 (custom)
2019-09-25 11:41:43,914 [pool-77-thread-1] INFO  segmented.SegmentedRaftLogWorker (SegmentedRaftLogWorker.java:<init>(172)) - new a7d59ef6-3eca-4628-b097-12d983444e7f@group-6E9EB1C0F638-SegmentedRaftLogWorker for RaftStorage:Storage Directory /workdir/hadoop-ozone/integration-test/target/test-dir/MiniOzoneClusterImpl-85c44edd-3ede-4f6a-a825-df7bd545a955/datanode-5/data/ratis/f1ecf8f3-051e-482f-a76d-6e9eb1c0f638
2019-09-25 11:41:43,914 [pool-67-thread-1] INFO  server.RaftServerConfigKeys (ConfUtils.java:logGet(43)) - raft.server.log.force.sync.num = 128 (default)
2019-09-25 11:41:43,914 [pool-37-thread-1] INFO  server.RaftServerConfigKeys (ConfUtils.java:logGet(43)) - raft.server.log.segment.cache.num.max = 2 (custom)
2019-09-25 11:41:43,915 [pool-67-thread-1] INFO  server.RaftServerConfigKeys (ConfUtils.java:logGet(43)) - raft.server.log.statemachine.data.sync = true (default)
2019-09-25 11:41:43,915 [pool-77-thread-1] INFO  server.RaftServerConfigKeys (ConfUtils.java:logGet(43)) - raft.server.log.queue.byte-limit = 2147483647 (custom)
2019-09-25 11:41:43,915 [pool-37-thread-1] INFO  segmented.SegmentedRaftLogWorker (SegmentedRaftLogWorker.java:<init>(172)) - new b7064b77-9271-4e94-8225-85d895886efb@group-6E9EB1C0F638-SegmentedRaftLogWorker for RaftStorage:Storage Directory /workdir/hadoop-ozone/integration-test/target/test-dir/MiniOzoneClusterImpl-85c44edd-3ede-4f6a-a825-df7bd545a955/datanode-1/data/ratis/f1ecf8f3-051e-482f-a76d-6e9eb1c0f638
2019-09-25 11:41:43,915 [pool-77-thread-1] INFO  server.RaftServerConfigKeys (ConfUtils.java:logGet(43)) - raft.server.log.queue.element-limit = 1024 (custom)
2019-09-25 11:41:43,915 [pool-67-thread-1] INFO  server.RaftServerConfigKeys (ConfUtils.java:logGet(43)) - raft.server.log.statemachine.data.sync.timeout = 10s (default)
2019-09-25 11:41:43,915 [pool-77-thread-1] INFO  server.RaftServerConfigKeys (ConfUtils.java:logGet(43)) - raft.server.log.segment.size.max = 1048576 (custom)
2019-09-25 11:41:43,915 [pool-37-thread-1] INFO  server.RaftServerConfigKeys (ConfUtils.java:logGet(43)) - raft.server.log.queue.byte-limit = 2147483647 (custom)
2019-09-25 11:41:43,916 [pool-77-thread-1] INFO  server.RaftServerConfigKeys (ConfUtils.java:logGet(43)) - raft.server.log.preallocated.size = 16384 (custom)
2019-09-25 11:41:43,916 [pool-67-thread-1] INFO  server.RaftServerConfigKeys (ConfUtils.java:logGet(43)) - raft.server.log.statemachine.data.sync.timeout.retry = -1 (default)
2019-09-25 11:41:43,916 [pool-77-thread-1] INFO  server.RaftServerConfigKeys (ConfUtils.java:logGet(43)) - raft.server.log.write.buffer.size = 33554432 (custom)
2019-09-25 11:41:43,916 [pool-37-thread-1] INFO  server.RaftServerConfigKeys (ConfUtils.java:logGet(43)) - raft.server.log.queue.element-limit = 1024 (custom)
2019-09-25 11:41:43,916 [pool-77-thread-1] INFO  server.RaftServerConfigKeys (ConfUtils.java:logGet(43)) - raft.server.log.force.sync.num = 128 (default)
2019-09-25 11:41:43,916 [pool-67-thread-1] INFO  server.RaftServerConfigKeys (ConfUtils.java:logGet(43)) - raft.server.log.statemachine.data.caching.enabled = true (custom)
2019-09-25 11:41:43,917 [pool-77-thread-1] INFO  server.RaftServerConfigKeys (ConfUtils.java:logGet(43)) - raft.server.log.statemachine.data.sync = true (default)
2019-09-25 11:41:43,916 [pool-37-thread-1] INFO  server.RaftServerConfigKeys (ConfUtils.java:logGet(43)) - raft.server.log.segment.size.max = 1048576 (custom)
2019-09-25 11:41:43,917 [pool-67-thread-1] INFO  segmented.SegmentedRaftLogWorker (SegmentedRaftLogWorker.java:lambda$new$0(132)) - e081c0a5-acfc-4a29-8262-ee158adf5b11@group-6E9EB1C0F638-SegmentedRaftLogWorker: flushIndex: setUnconditionally 0 -> -1
2019-09-25 11:41:43,917 [pool-77-thread-1] INFO  server.RaftServerConfigKeys (ConfUtils.java:logGet(43)) - raft.server.log.statemachine.data.sync.timeout = 10s (default)
2019-09-25 11:41:43,917 [pool-37-thread-1] INFO  server.RaftServerConfigKeys (ConfUtils.java:logGet(43)) - raft.server.log.preallocated.size = 16384 (custom)
2019-09-25 11:41:43,917 [pool-67-thread-1] INFO  server.RaftServerConfigKeys (ConfUtils.java:logGet(43)) - raft.server.snapshot.auto.trigger.enabled = true (custom)
2019-09-25 11:41:43,917 [pool-77-thread-1] INFO  server.RaftServerConfigKeys (ConfUtils.java:logGet(43)) - raft.server.log.statemachine.data.sync.timeout.retry = -1 (default)
2019-09-25 11:41:43,918 [pool-67-thread-1] INFO  server.RaftServerConfigKeys (ConfUtils.java:logGet(43)) - raft.server.snapshot.auto.trigger.threshold = 10000 (custom)
2019-09-25 11:41:43,918 [pool-37-thread-1] INFO  server.RaftServerConfigKeys (ConfUtils.java:logGet(43)) - raft.server.log.write.buffer.size = 33554432 (custom)
2019-09-25 11:41:43,918 [pool-67-thread-1] INFO  server.RaftServerConfigKeys (ConfUtils.java:logGet(43)) - raft.server.snapshot.retention.num.files = 5 (custom)
2019-09-25 11:41:43,918 [pool-77-thread-1] INFO  server.RaftServerConfigKeys (ConfUtils.java:logGet(43)) - raft.server.log.statemachine.data.caching.enabled = true (custom)
2019-09-25 11:41:43,918 [pool-67-thread-1] INFO  server.RaftServerConfigKeys (ConfUtils.java:logGet(43)) - raft.server.retrycache.expirytime = 600000ms (custom)
2019-09-25 11:41:43,918 [pool-37-thread-1] INFO  server.RaftServerConfigKeys (ConfUtils.java:logGet(43)) - raft.server.log.force.sync.num = 128 (default)
2019-09-25 11:41:43,918 [pool-77-thread-1] INFO  segmented.SegmentedRaftLogWorker (SegmentedRaftLogWorker.java:lambda$new$0(132)) - a7d59ef6-3eca-4628-b097-12d983444e7f@group-6E9EB1C0F638-SegmentedRaftLogWorker: flushIndex: setUnconditionally 0 -> -1
2019-09-25 11:41:43,919 [pool-37-thread-1] INFO  server.RaftServerConfigKeys (ConfUtils.java:logGet(43)) - raft.server.log.statemachine.data.sync = true (default)
2019-09-25 11:41:43,919 [pool-37-thread-1] INFO  server.RaftServerConfigKeys (ConfUtils.java:logGet(43)) - raft.server.log.statemachine.data.sync.timeout = 10s (default)
2019-09-25 11:41:43,919 [pool-77-thread-1] INFO  server.RaftServerConfigKeys (ConfUtils.java:logGet(43)) - raft.server.snapshot.auto.trigger.enabled = true (custom)
2019-09-25 11:41:43,919 [pool-37-thread-1] INFO  server.RaftServerConfigKeys (ConfUtils.java:logGet(43)) - raft.server.log.statemachine.data.sync.timeout.retry = -1 (default)
2019-09-25 11:41:43,919 [pool-77-thread-1] INFO  server.RaftServerConfigKeys (ConfUtils.java:logGet(43)) - raft.server.snapshot.auto.trigger.threshold = 10000 (custom)
2019-09-25 11:41:43,919 [pool-37-thread-1] INFO  server.RaftServerConfigKeys (ConfUtils.java:logGet(43)) - raft.server.log.statemachine.data.caching.enabled = true (custom)
2019-09-25 11:41:43,920 [pool-77-thread-1] INFO  server.RaftServerConfigKeys (ConfUtils.java:logGet(43)) - raft.server.snapshot.retention.num.files = 5 (custom)
2019-09-25 11:41:43,920 [pool-37-thread-1] INFO  segmented.SegmentedRaftLogWorker (SegmentedRaftLogWorker.java:lambda$new$0(132)) - b7064b77-9271-4e94-8225-85d895886efb@group-6E9EB1C0F638-SegmentedRaftLogWorker: flushIndex: setUnconditionally 0 -> -1
2019-09-25 11:41:43,920 [pool-77-thread-1] INFO  server.RaftServerConfigKeys (ConfUtils.java:logGet(43)) - raft.server.retrycache.expirytime = 600000ms (custom)
2019-09-25 11:41:43,920 [pool-37-thread-1] INFO  server.RaftServerConfigKeys (ConfUtils.java:logGet(43)) - raft.server.snapshot.auto.trigger.enabled = true (custom)
2019-09-25 11:41:43,920 [pool-37-thread-1] INFO  server.RaftServerConfigKeys (ConfUtils.java:logGet(43)) - raft.server.snapshot.auto.trigger.threshold = 10000 (custom)
2019-09-25 11:41:43,921 [pool-37-thread-1] INFO  server.RaftServerConfigKeys (ConfUtils.java:logGet(43)) - raft.server.snapshot.retention.num.files = 5 (custom)
2019-09-25 11:41:43,921 [pool-37-thread-1] INFO  server.RaftServerConfigKeys (ConfUtils.java:logGet(43)) - raft.server.retrycache.expirytime = 600000ms (custom)
2019-09-25 11:41:43,921 [pool-67-thread-1] INFO  impl.RaftServerImpl (RaftServerImpl.java:start(185)) - e081c0a5-acfc-4a29-8262-ee158adf5b11@group-6E9EB1C0F638: start as a follower, conf=-1: [e081c0a5-acfc-4a29-8262-ee158adf5b11:192.168.30.6:37941, a7d59ef6-3eca-4628-b097-12d983444e7f:192.168.30.6:43486, b7064b77-9271-4e94-8225-85d895886efb:192.168.30.6:41519], old=null
2019-09-25 11:41:43,921 [pool-67-thread-1] INFO  impl.RaftServerImpl (RaftServerImpl.java:setRole(174)) - e081c0a5-acfc-4a29-8262-ee158adf5b11@group-6E9EB1C0F638: changes role from      null to FOLLOWER at term 0 for startAsFollower
2019-09-25 11:41:43,921 [pool-67-thread-1] INFO  impl.RoleInfo (RoleInfo.java:updateAndGet(143)) - e081c0a5-acfc-4a29-8262-ee158adf5b11: start FollowerState
2019-09-25 11:41:43,922 [pool-67-thread-1] INFO  util.JmxRegister (JmxRegister.java:tryRegister(44)) - Successfully registered JMX Bean with object name Ratis:service=RaftServer,group=group-6E9EB1C0F638,id=e081c0a5-acfc-4a29-8262-ee158adf5b11
2019-09-25 11:41:43,926 [pool-77-thread-1] INFO  impl.RaftServerImpl (RaftServerImpl.java:start(185)) - a7d59ef6-3eca-4628-b097-12d983444e7f@group-6E9EB1C0F638: start as a follower, conf=-1: [e081c0a5-acfc-4a29-8262-ee158adf5b11:192.168.30.6:37941, a7d59ef6-3eca-4628-b097-12d983444e7f:192.168.30.6:43486, b7064b77-9271-4e94-8225-85d895886efb:192.168.30.6:41519], old=null
2019-09-25 11:41:43,926 [pool-77-thread-1] INFO  impl.RaftServerImpl (RaftServerImpl.java:setRole(174)) - a7d59ef6-3eca-4628-b097-12d983444e7f@group-6E9EB1C0F638: changes role from      null to FOLLOWER at term 0 for startAsFollower
2019-09-25 11:41:43,929 [pool-77-thread-1] INFO  impl.RoleInfo (RoleInfo.java:updateAndGet(143)) - a7d59ef6-3eca-4628-b097-12d983444e7f: start FollowerState
2019-09-25 11:41:43,929 [pool-37-thread-1] INFO  impl.RaftServerImpl (RaftServerImpl.java:start(185)) - b7064b77-9271-4e94-8225-85d895886efb@group-6E9EB1C0F638: start as a follower, conf=-1: [e081c0a5-acfc-4a29-8262-ee158adf5b11:192.168.30.6:37941, a7d59ef6-3eca-4628-b097-12d983444e7f:192.168.30.6:43486, b7064b77-9271-4e94-8225-85d895886efb:192.168.30.6:41519], old=null
2019-09-25 11:41:43,929 [pool-77-thread-1] INFO  util.JmxRegister (JmxRegister.java:tryRegister(44)) - Successfully registered JMX Bean with object name Ratis:service=RaftServer,group=group-6E9EB1C0F638,id=a7d59ef6-3eca-4628-b097-12d983444e7f
2019-09-25 11:41:43,929 [pool-37-thread-1] INFO  impl.RaftServerImpl (RaftServerImpl.java:setRole(174)) - b7064b77-9271-4e94-8225-85d895886efb@group-6E9EB1C0F638: changes role from      null to FOLLOWER at term 0 for startAsFollower
2019-09-25 11:41:43,930 [pool-37-thread-1] INFO  impl.RoleInfo (RoleInfo.java:updateAndGet(143)) - b7064b77-9271-4e94-8225-85d895886efb: start FollowerState
2019-09-25 11:41:43,930 [pool-37-thread-1] INFO  util.JmxRegister (JmxRegister.java:tryRegister(44)) - Successfully registered JMX Bean with object name Ratis:service=RaftServer,group=group-6E9EB1C0F638,id=b7064b77-9271-4e94-8225-85d895886efb
2019-09-25 11:41:43,938 [RatisPipelineUtilsThread] INFO  pipeline.PipelineStateManager (PipelineStateManager.java:addPipeline(56)) - Created pipeline Pipeline[ Id: f1ecf8f3-051e-482f-a76d-6e9eb1c0f638, Nodes: e081c0a5-acfc-4a29-8262-ee158adf5b11{ip: 192.168.30.6, host: pr-hdds-1569-5gmkr-4255264070, networkLocation: /default-rack, certSerialId: null}a7d59ef6-3eca-4628-b097-12d983444e7f{ip: 192.168.30.6, host: pr-hdds-1569-5gmkr-4255264070, networkLocation: /default-rack, certSerialId: null}b7064b77-9271-4e94-8225-85d895886efb{ip: 192.168.30.6, host: pr-hdds-1569-5gmkr-4255264070, networkLocation: /default-rack, certSerialId: null}, Type:RATIS, Factor:THREE, State:OPEN]
2019-09-25 11:41:43,939 [RatisPipelineUtilsThread] INFO  pipeline.PipelinePlacementPolicy (PipelinePlacementPolicy.java:meetCriteria(91)) - Pipeline Placement: can't place more pipeline on heavy datanode： a7d59ef6-3eca-4628-b097-12d983444e7f Heaviness: 6 limit: 5
2019-09-25 11:41:43,939 [RatisPipelineUtilsThread] INFO  pipeline.PipelinePlacementPolicy (PipelinePlacementPolicy.java:meetCriteria(91)) - Pipeline Placement: can't place more pipeline on heavy datanode： 8c24ed06-386e-4085-8931-93c762a64530 Heaviness: 6 limit: 5
2019-09-25 11:41:43,939 [RatisPipelineUtilsThread] INFO  pipeline.PipelinePlacementPolicy (PipelinePlacementPolicy.java:meetCriteria(91)) - Pipeline Placement: can't place more pipeline on heavy datanode： b7064b77-9271-4e94-8225-85d895886efb Heaviness: 6 limit: 5
2019-09-25 11:41:43,961 [grpc-default-executor-2] INFO  impl.RaftServerProxy (RaftServerProxy.java:addNew(89)) - d0888866-0bad-4f41-ad37-dccd4a57b958: addNew group-071025EF7F78:[e081c0a5-acfc-4a29-8262-ee158adf5b11:192.168.30.6:37941, d0888866-0bad-4f41-ad37-dccd4a57b958:192.168.30.6:45405, 19e67e26-3d21-4d01-be9f-29113a4a814c:192.168.30.6:34535] returns group-071025EF7F78:java.util.concurrent.CompletableFuture@10f3307b[Not completed]
2019-09-25 11:41:43,963 [grpc-default-executor-0] INFO  impl.RaftServerProxy (RaftServerProxy.java:addNew(89)) - 19e67e26-3d21-4d01-be9f-29113a4a814c: addNew group-071025EF7F78:[e081c0a5-acfc-4a29-8262-ee158adf5b11:192.168.30.6:37941, d0888866-0bad-4f41-ad37-dccd4a57b958:192.168.30.6:45405, 19e67e26-3d21-4d01-be9f-29113a4a814c:192.168.30.6:34535] returns group-071025EF7F78:java.util.concurrent.CompletableFuture@3ff12ba4[Not completed]
2019-09-25 11:41:43,963 [grpc-default-executor-1] INFO  impl.RaftServerProxy (RaftServerProxy.java:addNew(89)) - e081c0a5-acfc-4a29-8262-ee158adf5b11: addNew group-071025EF7F78:[e081c0a5-acfc-4a29-8262-ee158adf5b11:192.168.30.6:37941, d0888866-0bad-4f41-ad37-dccd4a57b958:192.168.30.6:45405, 19e67e26-3d21-4d01-be9f-29113a4a814c:192.168.30.6:34535] returns group-071025EF7F78:java.util.concurrent.CompletableFuture@75ee1299[Not completed]
2019-09-25 11:41:43,965 [pool-47-thread-1] INFO  impl.RaftServerImpl (RaftServerImpl.java:<init>(95)) - d0888866-0bad-4f41-ad37-dccd4a57b958: new RaftServerImpl for group-071025EF7F78:[e081c0a5-acfc-4a29-8262-ee158adf5b11:192.168.30.6:37941, d0888866-0bad-4f41-ad37-dccd4a57b958:192.168.30.6:45405, 19e67e26-3d21-4d01-be9f-29113a4a814c:192.168.30.6:34535] with ContainerStateMachine:uninitialized
2019-09-25 11:41:43,966 [pool-47-thread-1] INFO  server.RaftServerConfigKeys (ConfUtils.java:logGet(43)) - raft.server.rpc.timeout.min = 5s (custom)
2019-09-25 11:41:43,966 [pool-47-thread-1] INFO  server.RaftServerConfigKeys (ConfUtils.java:logGet(43)) - raft.server.rpc.timeout.max = 5200ms (custom)
2019-09-25 11:41:43,966 [pool-47-thread-1] INFO  server.RaftServerConfigKeys (ConfUtils.java:logGet(43)) - raft.server.rpcslowness.timeout = 120s (custom)
2019-09-25 11:41:43,966 [pool-47-thread-1] INFO  server.RaftServerConfigKeys (ConfUtils.java:logGet(43)) - raft.server.sleep.deviation.threshold = 300 (default)
2019-09-25 11:41:43,966 [pool-67-thread-1] INFO  impl.RaftServerImpl (RaftServerImpl.java:<init>(95)) - e081c0a5-acfc-4a29-8262-ee158adf5b11: new RaftServerImpl for group-071025EF7F78:[e081c0a5-acfc-4a29-8262-ee158adf5b11:192.168.30.6:37941, d0888866-0bad-4f41-ad37-dccd4a57b958:192.168.30.6:45405, 19e67e26-3d21-4d01-be9f-29113a4a814c:192.168.30.6:34535] with ContainerStateMachine:uninitialized
2019-09-25 11:41:43,966 [pool-47-thread-1] INFO  server.RaftServerConfigKeys (ConfUtils.java:logGet(43)) - raft.server.log.appender.install.snapshot.enabled = false (custom)
2019-09-25 11:41:43,966 [pool-67-thread-1] INFO  server.RaftServerConfigKeys (ConfUtils.java:logGet(43)) - raft.server.rpc.timeout.min = 5s (custom)
2019-09-25 11:41:43,967 [pool-47-thread-1] INFO  impl.RaftServerImpl (ServerState.java:<init>(103)) - d0888866-0bad-4f41-ad37-dccd4a57b958@group-071025EF7F78: ConfigurationManager, init=-1: [e081c0a5-acfc-4a29-8262-ee158adf5b11:192.168.30.6:37941, d0888866-0bad-4f41-ad37-dccd4a57b958:192.168.30.6:45405, 19e67e26-3d21-4d01-be9f-29113a4a814c:192.168.30.6:34535], old=null, confs=<EMPTY_MAP>
2019-09-25 11:41:43,967 [pool-67-thread-1] INFO  server.RaftServerConfigKeys (ConfUtils.java:logGet(43)) - raft.server.rpc.timeout.max = 5200ms (custom)
2019-09-25 11:41:43,967 [pool-27-thread-1] INFO  impl.RaftServerImpl (RaftServerImpl.java:<init>(95)) - 19e67e26-3d21-4d01-be9f-29113a4a814c: new RaftServerImpl for group-071025EF7F78:[e081c0a5-acfc-4a29-8262-ee158adf5b11:192.168.30.6:37941, d0888866-0bad-4f41-ad37-dccd4a57b958:192.168.30.6:45405, 19e67e26-3d21-4d01-be9f-29113a4a814c:192.168.30.6:34535] with ContainerStateMachine:uninitialized
2019-09-25 11:41:43,967 [pool-47-thread-1] INFO  server.RaftServerConfigKeys (ConfUtils.java:logGet(43)) - raft.server.storage.dir = [/workdir/hadoop-ozone/integration-test/target/test-dir/MiniOzoneClusterImpl-85c44edd-3ede-4f6a-a825-df7bd545a955/datanode-2/data/ratis] (custom)
2019-09-25 11:41:43,967 [pool-67-thread-1] INFO  server.RaftServerConfigKeys (ConfUtils.java:logGet(43)) - raft.server.rpcslowness.timeout = 120s (custom)
2019-09-25 11:41:43,967 [pool-27-thread-1] INFO  server.RaftServerConfigKeys (ConfUtils.java:logGet(43)) - raft.server.rpc.timeout.min = 5s (custom)
2019-09-25 11:41:43,967 [pool-67-thread-1] INFO  server.RaftServerConfigKeys (ConfUtils.java:logGet(43)) - raft.server.sleep.deviation.threshold = 300 (default)
2019-09-25 11:41:43,968 [pool-47-thread-1] INFO  storage.RaftStorageDirectory (RaftStorageDirectory.java:analyzeStorage(246)) - The storage directory /workdir/hadoop-ozone/integration-test/target/test-dir/MiniOzoneClusterImpl-85c44edd-3ede-4f6a-a825-df7bd545a955/datanode-2/data/ratis/5fac202b-89a0-4582-8898-071025ef7f78 does not exist. Creating ...
2019-09-25 11:41:43,968 [pool-27-thread-1] INFO  server.RaftServerConfigKeys (ConfUtils.java:logGet(43)) - raft.server.rpc.timeout.max = 5200ms (custom)
2019-09-25 11:41:43,968 [pool-67-thread-1] INFO  server.RaftServerConfigKeys (ConfUtils.java:logGet(43)) - raft.server.log.appender.install.snapshot.enabled = false (custom)
2019-09-25 11:41:43,968 [pool-27-thread-1] INFO  server.RaftServerConfigKeys (ConfUtils.java:logGet(43)) - raft.server.rpcslowness.timeout = 120s (custom)
2019-09-25 11:41:43,968 [pool-67-thread-1] INFO  impl.RaftServerImpl (ServerState.java:<init>(103)) - e081c0a5-acfc-4a29-8262-ee158adf5b11@group-071025EF7F78: ConfigurationManager, init=-1: [e081c0a5-acfc-4a29-8262-ee158adf5b11:192.168.30.6:37941, d0888866-0bad-4f41-ad37-dccd4a57b958:192.168.30.6:45405, 19e67e26-3d21-4d01-be9f-29113a4a814c:192.168.30.6:34535], old=null, confs=<EMPTY_MAP>
2019-09-25 11:41:43,968 [pool-27-thread-1] INFO  server.RaftServerConfigKeys (ConfUtils.java:logGet(43)) - raft.server.sleep.deviation.threshold = 300 (default)
2019-09-25 11:41:43,968 [pool-27-thread-1] INFO  server.RaftServerConfigKeys (ConfUtils.java:logGet(43)) - raft.server.log.appender.install.snapshot.enabled = false (custom)
2019-09-25 11:41:43,968 [pool-67-thread-1] INFO  server.RaftServerConfigKeys (ConfUtils.java:logGet(43)) - raft.server.storage.dir = [/workdir/hadoop-ozone/integration-test/target/test-dir/MiniOzoneClusterImpl-85c44edd-3ede-4f6a-a825-df7bd545a955/datanode-4/data/ratis] (custom)
2019-09-25 11:41:43,968 [pool-27-thread-1] INFO  impl.RaftServerImpl (ServerState.java:<init>(103)) - 19e67e26-3d21-4d01-be9f-29113a4a814c@group-071025EF7F78: ConfigurationManager, init=-1: [e081c0a5-acfc-4a29-8262-ee158adf5b11:192.168.30.6:37941, d0888866-0bad-4f41-ad37-dccd4a57b958:192.168.30.6:45405, 19e67e26-3d21-4d01-be9f-29113a4a814c:192.168.30.6:34535], old=null, confs=<EMPTY_MAP>
2019-09-25 11:41:43,969 [pool-27-thread-1] INFO  server.RaftServerConfigKeys (ConfUtils.java:logGet(43)) - raft.server.storage.dir = [/workdir/hadoop-ozone/integration-test/target/test-dir/MiniOzoneClusterImpl-85c44edd-3ede-4f6a-a825-df7bd545a955/datanode-0/data/ratis] (custom)
2019-09-25 11:41:43,969 [pool-67-thread-1] INFO  storage.RaftStorageDirectory (RaftStorageDirectory.java:analyzeStorage(246)) - The storage directory /workdir/hadoop-ozone/integration-test/target/test-dir/MiniOzoneClusterImpl-85c44edd-3ede-4f6a-a825-df7bd545a955/datanode-4/data/ratis/5fac202b-89a0-4582-8898-071025ef7f78 does not exist. Creating ...
2019-09-25 11:41:43,969 [pool-27-thread-1] INFO  storage.RaftStorageDirectory (RaftStorageDirectory.java:analyzeStorage(246)) - The storage directory /workdir/hadoop-ozone/integration-test/target/test-dir/MiniOzoneClusterImpl-85c44edd-3ede-4f6a-a825-df7bd545a955/datanode-0/data/ratis/5fac202b-89a0-4582-8898-071025ef7f78 does not exist. Creating ...
2019-09-25 11:41:43,993 [pool-47-thread-1] INFO  storage.RaftStorageDirectory (RaftStorageDirectory.java:tryLock(328)) - Lock on /workdir/hadoop-ozone/integration-test/target/test-dir/MiniOzoneClusterImpl-85c44edd-3ede-4f6a-a825-df7bd545a955/datanode-2/data/ratis/5fac202b-89a0-4582-8898-071025ef7f78/in_use.lock acquired by nodename 6054@pr-hdds-1569-5gmkr-4255264070
2019-09-25 11:41:43,993 [pool-67-thread-1] INFO  storage.RaftStorageDirectory (RaftStorageDirectory.java:tryLock(328)) - Lock on /workdir/hadoop-ozone/integration-test/target/test-dir/MiniOzoneClusterImpl-85c44edd-3ede-4f6a-a825-df7bd545a955/datanode-4/data/ratis/5fac202b-89a0-4582-8898-071025ef7f78/in_use.lock acquired by nodename 6054@pr-hdds-1569-5gmkr-4255264070
2019-09-25 11:41:43,993 [pool-27-thread-1] INFO  storage.RaftStorageDirectory (RaftStorageDirectory.java:tryLock(328)) - Lock on /workdir/hadoop-ozone/integration-test/target/test-dir/MiniOzoneClusterImpl-85c44edd-3ede-4f6a-a825-df7bd545a955/datanode-0/data/ratis/5fac202b-89a0-4582-8898-071025ef7f78/in_use.lock acquired by nodename 6054@pr-hdds-1569-5gmkr-4255264070
2019-09-25 11:41:44,023 [pool-67-thread-1] INFO  storage.RaftStorage (RaftStorage.java:format(72)) - Storage directory /workdir/hadoop-ozone/integration-test/target/test-dir/MiniOzoneClusterImpl-85c44edd-3ede-4f6a-a825-df7bd545a955/datanode-4/data/ratis/5fac202b-89a0-4582-8898-071025ef7f78 has been successfully formatted.
2019-09-25 11:41:44,023 [pool-27-thread-1] INFO  storage.RaftStorage (RaftStorage.java:format(72)) - Storage directory /workdir/hadoop-ozone/integration-test/target/test-dir/MiniOzoneClusterImpl-85c44edd-3ede-4f6a-a825-df7bd545a955/datanode-0/data/ratis/5fac202b-89a0-4582-8898-071025ef7f78 has been successfully formatted.
2019-09-25 11:41:44,023 [pool-47-thread-1] INFO  storage.RaftStorage (RaftStorage.java:format(72)) - Storage directory /workdir/hadoop-ozone/integration-test/target/test-dir/MiniOzoneClusterImpl-85c44edd-3ede-4f6a-a825-df7bd545a955/datanode-2/data/ratis/5fac202b-89a0-4582-8898-071025ef7f78 has been successfully formatted.
2019-09-25 11:41:44,023 [pool-67-thread-1] INFO  ratis.ContainerStateMachine (ContainerStateMachine.java:loadSnapshot(230)) - group-071025EF7F78: The snapshot info is null. Setting the last applied indexto:(t:0, i:~)
2019-09-25 11:41:44,024 [pool-27-thread-1] INFO  ratis.ContainerStateMachine (ContainerStateMachine.java:loadSnapshot(230)) - group-071025EF7F78: The snapshot info is null. Setting the last applied indexto:(t:0, i:~)
2019-09-25 11:41:44,024 [pool-67-thread-1] INFO  server.RaftServerConfigKeys (ConfUtils.java:logGet(43)) - raft.server.notification.no-leader.timeout = 120s (custom)
2019-09-25 11:41:44,024 [pool-47-thread-1] INFO  ratis.ContainerStateMachine (ContainerStateMachine.java:loadSnapshot(230)) - group-071025EF7F78: The snapshot info is null. Setting the last applied indexto:(t:0, i:~)
2019-09-25 11:41:44,024 [pool-67-thread-1] INFO  server.RaftServerConfigKeys (ConfUtils.java:logGet(43)) - raft.server.log.use.memory = false (default)
2019-09-25 11:41:44,024 [pool-27-thread-1] INFO  server.RaftServerConfigKeys (ConfUtils.java:logGet(43)) - raft.server.notification.no-leader.timeout = 120s (custom)
2019-09-25 11:41:44,024 [pool-67-thread-1] INFO  server.RaftServerConfigKeys (ConfUtils.java:logGet(43)) - raft.server.log.purge.gap = 1000000 (custom)
2019-09-25 11:41:44,024 [pool-47-thread-1] INFO  server.RaftServerConfigKeys (ConfUtils.java:logGet(43)) - raft.server.notification.no-leader.timeout = 120s (custom)
2019-09-25 11:41:44,025 [pool-67-thread-1] INFO  server.RaftServerConfigKeys (ConfUtils.java:logGet(43)) - raft.server.log.appender.buffer.byte-limit = 33554432 (custom)
2019-09-25 11:41:44,024 [pool-27-thread-1] INFO  server.RaftServerConfigKeys (ConfUtils.java:logGet(43)) - raft.server.log.use.memory = false (default)
2019-09-25 11:41:44,025 [pool-67-thread-1] INFO  server.RaftServerConfigKeys (ConfUtils.java:logGet(43)) - raft.server.log.segment.size.max = 1048576 (custom)
2019-09-25 11:41:44,025 [pool-47-thread-1] INFO  server.RaftServerConfigKeys (ConfUtils.java:logGet(43)) - raft.server.log.use.memory = false (default)
2019-09-25 11:41:44,025 [pool-67-thread-1] INFO  server.RaftServerConfigKeys (ConfUtils.java:logGet(43)) - raft.server.log.segment.cache.num.max = 2 (custom)
2019-09-25 11:41:44,025 [pool-27-thread-1] INFO  server.RaftServerConfigKeys (ConfUtils.java:logGet(43)) - raft.server.log.purge.gap = 1000000 (custom)
2019-09-25 11:41:44,026 [pool-67-thread-1] INFO  segmented.SegmentedRaftLogWorker (SegmentedRaftLogWorker.java:<init>(172)) - new e081c0a5-acfc-4a29-8262-ee158adf5b11@group-071025EF7F78-SegmentedRaftLogWorker for RaftStorage:Storage Directory /workdir/hadoop-ozone/integration-test/target/test-dir/MiniOzoneClusterImpl-85c44edd-3ede-4f6a-a825-df7bd545a955/datanode-4/data/ratis/5fac202b-89a0-4582-8898-071025ef7f78
2019-09-25 11:41:44,025 [pool-47-thread-1] INFO  server.RaftServerConfigKeys (ConfUtils.java:logGet(43)) - raft.server.log.purge.gap = 1000000 (custom)
2019-09-25 11:41:44,026 [pool-67-thread-1] INFO  server.RaftServerConfigKeys (ConfUtils.java:logGet(43)) - raft.server.log.queue.byte-limit = 2147483647 (custom)
2019-09-25 11:41:44,026 [pool-27-thread-1] INFO  server.RaftServerConfigKeys (ConfUtils.java:logGet(43)) - raft.server.log.appender.buffer.byte-limit = 33554432 (custom)
2019-09-25 11:41:44,026 [pool-67-thread-1] INFO  server.RaftServerConfigKeys (ConfUtils.java:logGet(43)) - raft.server.log.queue.element-limit = 1024 (custom)
2019-09-25 11:41:44,026 [pool-47-thread-1] INFO  server.RaftServerConfigKeys (ConfUtils.java:logGet(43)) - raft.server.log.appender.buffer.byte-limit = 33554432 (custom)
2019-09-25 11:41:44,027 [pool-67-thread-1] INFO  server.RaftServerConfigKeys (ConfUtils.java:logGet(43)) - raft.server.log.segment.size.max = 1048576 (custom)
2019-09-25 11:41:44,026 [pool-27-thread-1] INFO  server.RaftServerConfigKeys (ConfUtils.java:logGet(43)) - raft.server.log.segment.size.max = 1048576 (custom)
2019-09-25 11:41:44,027 [pool-67-thread-1] INFO  server.RaftServerConfigKeys (ConfUtils.java:logGet(43)) - raft.server.log.preallocated.size = 16384 (custom)
2019-09-25 11:41:44,027 [pool-47-thread-1] INFO  server.RaftServerConfigKeys (ConfUtils.java:logGet(43)) - raft.server.log.segment.size.max = 1048576 (custom)
2019-09-25 11:41:44,027 [pool-67-thread-1] INFO  server.RaftServerConfigKeys (ConfUtils.java:logGet(43)) - raft.server.log.write.buffer.size = 33554432 (custom)
2019-09-25 11:41:44,027 [pool-27-thread-1] INFO  server.RaftServerConfigKeys (ConfUtils.java:logGet(43)) - raft.server.log.segment.cache.num.max = 2 (custom)
2019-09-25 11:41:44,027 [pool-67-thread-1] INFO  server.RaftServerConfigKeys (ConfUtils.java:logGet(43)) - raft.server.log.force.sync.num = 128 (default)
2019-09-25 11:41:44,027 [pool-47-thread-1] INFO  server.RaftServerConfigKeys (ConfUtils.java:logGet(43)) - raft.server.log.segment.cache.num.max = 2 (custom)
2019-09-25 11:41:44,028 [pool-67-thread-1] INFO  server.RaftServerConfigKeys (ConfUtils.java:logGet(43)) - raft.server.log.statemachine.data.sync = true (default)
2019-09-25 11:41:44,028 [pool-27-thread-1] INFO  segmented.SegmentedRaftLogWorker (SegmentedRaftLogWorker.java:<init>(172)) - new 19e67e26-3d21-4d01-be9f-29113a4a814c@group-071025EF7F78-SegmentedRaftLogWorker for RaftStorage:Storage Directory /workdir/hadoop-ozone/integration-test/target/test-dir/MiniOzoneClusterImpl-85c44edd-3ede-4f6a-a825-df7bd545a955/datanode-0/data/ratis/5fac202b-89a0-4582-8898-071025ef7f78
2019-09-25 11:41:44,028 [pool-67-thread-1] INFO  server.RaftServerConfigKeys (ConfUtils.java:logGet(43)) - raft.server.log.statemachine.data.sync.timeout = 10s (default)
2019-09-25 11:41:44,028 [pool-47-thread-1] INFO  segmented.SegmentedRaftLogWorker (SegmentedRaftLogWorker.java:<init>(172)) - new d0888866-0bad-4f41-ad37-dccd4a57b958@group-071025EF7F78-SegmentedRaftLogWorker for RaftStorage:Storage Directory /workdir/hadoop-ozone/integration-test/target/test-dir/MiniOzoneClusterImpl-85c44edd-3ede-4f6a-a825-df7bd545a955/datanode-2/data/ratis/5fac202b-89a0-4582-8898-071025ef7f78
2019-09-25 11:41:44,028 [pool-67-thread-1] INFO  server.RaftServerConfigKeys (ConfUtils.java:logGet(43)) - raft.server.log.statemachine.data.sync.timeout.retry = -1 (default)
2019-09-25 11:41:44,028 [pool-27-thread-1] INFO  server.RaftServerConfigKeys (ConfUtils.java:logGet(43)) - raft.server.log.queue.byte-limit = 2147483647 (custom)
2019-09-25 11:41:44,029 [pool-67-thread-1] INFO  server.RaftServerConfigKeys (ConfUtils.java:logGet(43)) - raft.server.log.statemachine.data.caching.enabled = true (custom)
2019-09-25 11:41:44,029 [pool-47-thread-1] INFO  server.RaftServerConfigKeys (ConfUtils.java:logGet(43)) - raft.server.log.queue.byte-limit = 2147483647 (custom)
2019-09-25 11:41:44,029 [pool-27-thread-1] INFO  server.RaftServerConfigKeys (ConfUtils.java:logGet(43)) - raft.server.log.queue.element-limit = 1024 (custom)
2019-09-25 11:41:44,029 [pool-67-thread-1] INFO  segmented.SegmentedRaftLogWorker (SegmentedRaftLogWorker.java:lambda$new$0(132)) - e081c0a5-acfc-4a29-8262-ee158adf5b11@group-071025EF7F78-SegmentedRaftLogWorker: flushIndex: setUnconditionally 0 -> -1
2019-09-25 11:41:44,029 [pool-47-thread-1] INFO  server.RaftServerConfigKeys (ConfUtils.java:logGet(43)) - raft.server.log.queue.element-limit = 1024 (custom)
2019-09-25 11:41:44,029 [pool-27-thread-1] INFO  server.RaftServerConfigKeys (ConfUtils.java:logGet(43)) - raft.server.log.segment.size.max = 1048576 (custom)
2019-09-25 11:41:44,030 [pool-47-thread-1] INFO  server.RaftServerConfigKeys (ConfUtils.java:logGet(43)) - raft.server.log.segment.size.max = 1048576 (custom)
2019-09-25 11:41:44,030 [pool-67-thread-1] INFO  server.RaftServerConfigKeys (ConfUtils.java:logGet(43)) - raft.server.snapshot.auto.trigger.enabled = true (custom)
2019-09-25 11:41:44,030 [pool-47-thread-1] INFO  server.RaftServerConfigKeys (ConfUtils.java:logGet(43)) - raft.server.log.preallocated.size = 16384 (custom)
2019-09-25 11:41:44,030 [pool-27-thread-1] INFO  server.RaftServerConfigKeys (ConfUtils.java:logGet(43)) - raft.server.log.preallocated.size = 16384 (custom)
2019-09-25 11:41:44,030 [pool-47-thread-1] INFO  server.RaftServerConfigKeys (ConfUtils.java:logGet(43)) - raft.server.log.write.buffer.size = 33554432 (custom)
2019-09-25 11:41:44,030 [pool-67-thread-1] INFO  server.RaftServerConfigKeys (ConfUtils.java:logGet(43)) - raft.server.snapshot.auto.trigger.threshold = 10000 (custom)
2019-09-25 11:41:44,031 [pool-47-thread-1] INFO  server.RaftServerConfigKeys (ConfUtils.java:logGet(43)) - raft.server.log.force.sync.num = 128 (default)
2019-09-25 11:41:44,030 [pool-27-thread-1] INFO  server.RaftServerConfigKeys (ConfUtils.java:logGet(43)) - raft.server.log.write.buffer.size = 33554432 (custom)
2019-09-25 11:41:44,031 [pool-47-thread-1] INFO  server.RaftServerConfigKeys (ConfUtils.java:logGet(43)) - raft.server.log.statemachine.data.sync = true (default)
2019-09-25 11:41:44,031 [pool-67-thread-1] INFO  server.RaftServerConfigKeys (ConfUtils.java:logGet(43)) - raft.server.snapshot.retention.num.files = 5 (custom)
2019-09-25 11:41:44,031 [pool-47-thread-1] INFO  server.RaftServerConfigKeys (ConfUtils.java:logGet(43)) - raft.server.log.statemachine.data.sync.timeout = 10s (default)
2019-09-25 11:41:44,031 [pool-27-thread-1] INFO  server.RaftServerConfigKeys (ConfUtils.java:logGet(43)) - raft.server.log.force.sync.num = 128 (default)
2019-09-25 11:41:44,032 [pool-47-thread-1] INFO  server.RaftServerConfigKeys (ConfUtils.java:logGet(43)) - raft.server.log.statemachine.data.sync.timeout.retry = -1 (default)
2019-09-25 11:41:44,031 [pool-67-thread-1] INFO  server.RaftServerConfigKeys (ConfUtils.java:logGet(43)) - raft.server.retrycache.expirytime = 600000ms (custom)
2019-09-25 11:41:44,032 [pool-47-thread-1] INFO  server.RaftServerConfigKeys (ConfUtils.java:logGet(43)) - raft.server.log.statemachine.data.caching.enabled = true (custom)
2019-09-25 11:41:44,032 [pool-27-thread-1] INFO  server.RaftServerConfigKeys (ConfUtils.java:logGet(43)) - raft.server.log.statemachine.data.sync = true (default)
2019-09-25 11:41:44,032 [pool-47-thread-1] INFO  segmented.SegmentedRaftLogWorker (SegmentedRaftLogWorker.java:lambda$new$0(132)) - d0888866-0bad-4f41-ad37-dccd4a57b958@group-071025EF7F78-SegmentedRaftLogWorker: flushIndex: setUnconditionally 0 -> -1
2019-09-25 11:41:44,032 [pool-27-thread-1] INFO  server.RaftServerConfigKeys (ConfUtils.java:logGet(43)) - raft.server.log.statemachine.data.sync.timeout = 10s (default)
2019-09-25 11:41:44,033 [pool-47-thread-1] INFO  server.RaftServerConfigKeys (ConfUtils.java:logGet(43)) - raft.server.snapshot.auto.trigger.enabled = true (custom)
2019-09-25 11:41:44,033 [pool-27-thread-1] INFO  server.RaftServerConfigKeys (ConfUtils.java:logGet(43)) - raft.server.log.statemachine.data.sync.timeout.retry = -1 (default)
2019-09-25 11:41:44,033 [pool-47-thread-1] INFO  server.RaftServerConfigKeys (ConfUtils.java:logGet(43)) - raft.server.snapshot.auto.trigger.threshold = 10000 (custom)
2019-09-25 11:41:44,033 [pool-27-thread-1] INFO  server.RaftServerConfigKeys (ConfUtils.java:logGet(43)) - raft.server.log.statemachine.data.caching.enabled = true (custom)
2019-09-25 11:41:44,033 [pool-47-thread-1] INFO  server.RaftServerConfigKeys (ConfUtils.java:logGet(43)) - raft.server.snapshot.retention.num.files = 5 (custom)
2019-09-25 11:41:44,034 [pool-47-thread-1] INFO  server.RaftServerConfigKeys (ConfUtils.java:logGet(43)) - raft.server.retrycache.expirytime = 600000ms (custom)
2019-09-25 11:41:44,034 [pool-27-thread-1] INFO  segmented.SegmentedRaftLogWorker (SegmentedRaftLogWorker.java:lambda$new$0(132)) - 19e67e26-3d21-4d01-be9f-29113a4a814c@group-071025EF7F78-SegmentedRaftLogWorker: flushIndex: setUnconditionally 0 -> -1
2019-09-25 11:41:44,034 [pool-27-thread-1] INFO  server.RaftServerConfigKeys (ConfUtils.java:logGet(43)) - raft.server.snapshot.auto.trigger.enabled = true (custom)
2019-09-25 11:41:44,034 [pool-27-thread-1] INFO  server.RaftServerConfigKeys (ConfUtils.java:logGet(43)) - raft.server.snapshot.auto.trigger.threshold = 10000 (custom)
2019-09-25 11:41:44,034 [pool-27-thread-1] INFO  server.RaftServerConfigKeys (ConfUtils.java:logGet(43)) - raft.server.snapshot.retention.num.files = 5 (custom)
2019-09-25 11:41:44,035 [pool-27-thread-1] INFO  server.RaftServerConfigKeys (ConfUtils.java:logGet(43)) - raft.server.retrycache.expirytime = 600000ms (custom)
2019-09-25 11:41:44,035 [pool-67-thread-1] INFO  impl.RaftServerImpl (RaftServerImpl.java:start(185)) - e081c0a5-acfc-4a29-8262-ee158adf5b11@group-071025EF7F78: start as a follower, conf=-1: [e081c0a5-acfc-4a29-8262-ee158adf5b11:192.168.30.6:37941, d0888866-0bad-4f41-ad37-dccd4a57b958:192.168.30.6:45405, 19e67e26-3d21-4d01-be9f-29113a4a814c:192.168.30.6:34535], old=null
2019-09-25 11:41:44,035 [pool-67-thread-1] INFO  impl.RaftServerImpl (RaftServerImpl.java:setRole(174)) - e081c0a5-acfc-4a29-8262-ee158adf5b11@group-071025EF7F78: changes role from      null to FOLLOWER at term 0 for startAsFollower
2019-09-25 11:41:44,036 [pool-67-thread-1] INFO  impl.RoleInfo (RoleInfo.java:updateAndGet(143)) - e081c0a5-acfc-4a29-8262-ee158adf5b11: start FollowerState
2019-09-25 11:41:44,036 [pool-67-thread-1] INFO  util.JmxRegister (JmxRegister.java:tryRegister(44)) - Successfully registered JMX Bean with object name Ratis:service=RaftServer,group=group-071025EF7F78,id=e081c0a5-acfc-4a29-8262-ee158adf5b11
2019-09-25 11:41:44,037 [pool-47-thread-1] INFO  impl.RaftServerImpl (RaftServerImpl.java:start(185)) - d0888866-0bad-4f41-ad37-dccd4a57b958@group-071025EF7F78: start as a follower, conf=-1: [e081c0a5-acfc-4a29-8262-ee158adf5b11:192.168.30.6:37941, d0888866-0bad-4f41-ad37-dccd4a57b958:192.168.30.6:45405, 19e67e26-3d21-4d01-be9f-29113a4a814c:192.168.30.6:34535], old=null
2019-09-25 11:41:44,037 [pool-47-thread-1] INFO  impl.RaftServerImpl (RaftServerImpl.java:setRole(174)) - d0888866-0bad-4f41-ad37-dccd4a57b958@group-071025EF7F78: changes role from      null to FOLLOWER at term 0 for startAsFollower
2019-09-25 11:41:44,038 [pool-47-thread-1] INFO  impl.RoleInfo (RoleInfo.java:updateAndGet(143)) - d0888866-0bad-4f41-ad37-dccd4a57b958: start FollowerState
2019-09-25 11:41:44,038 [pool-47-thread-1] INFO  util.JmxRegister (JmxRegister.java:tryRegister(44)) - Successfully registered JMX Bean with object name Ratis:service=RaftServer,group=group-071025EF7F78,id=d0888866-0bad-4f41-ad37-dccd4a57b958
2019-09-25 11:41:44,038 [pool-27-thread-1] INFO  impl.RaftServerImpl (RaftServerImpl.java:start(185)) - 19e67e26-3d21-4d01-be9f-29113a4a814c@group-071025EF7F78: start as a follower, conf=-1: [e081c0a5-acfc-4a29-8262-ee158adf5b11:192.168.30.6:37941, d0888866-0bad-4f41-ad37-dccd4a57b958:192.168.30.6:45405, 19e67e26-3d21-4d01-be9f-29113a4a814c:192.168.30.6:34535], old=null
2019-09-25 11:41:44,038 [pool-27-thread-1] INFO  impl.RaftServerImpl (RaftServerImpl.java:setRole(174)) - 19e67e26-3d21-4d01-be9f-29113a4a814c@group-071025EF7F78: changes role from      null to FOLLOWER at term 0 for startAsFollower
2019-09-25 11:41:44,039 [pool-27-thread-1] INFO  impl.RoleInfo (RoleInfo.java:updateAndGet(143)) - 19e67e26-3d21-4d01-be9f-29113a4a814c: start FollowerState
2019-09-25 11:41:44,039 [pool-27-thread-1] INFO  util.JmxRegister (JmxRegister.java:tryRegister(44)) - Successfully registered JMX Bean with object name Ratis:service=RaftServer,group=group-071025EF7F78,id=19e67e26-3d21-4d01-be9f-29113a4a814c
2019-09-25 11:41:44,050 [RatisPipelineUtilsThread] INFO  pipeline.PipelineStateManager (PipelineStateManager.java:addPipeline(56)) - Created pipeline Pipeline[ Id: 5fac202b-89a0-4582-8898-071025ef7f78, Nodes: e081c0a5-acfc-4a29-8262-ee158adf5b11{ip: 192.168.30.6, host: pr-hdds-1569-5gmkr-4255264070, networkLocation: /default-rack, certSerialId: null}d0888866-0bad-4f41-ad37-dccd4a57b958{ip: 192.168.30.6, host: pr-hdds-1569-5gmkr-4255264070, networkLocation: /default-rack, certSerialId: null}19e67e26-3d21-4d01-be9f-29113a4a814c{ip: 192.168.30.6, host: pr-hdds-1569-5gmkr-4255264070, networkLocation: /default-rack, certSerialId: null}, Type:RATIS, Factor:THREE, State:OPEN]
2019-09-25 11:41:44,051 [RatisPipelineUtilsThread] INFO  pipeline.PipelinePlacementPolicy (PipelinePlacementPolicy.java:meetCriteria(91)) - Pipeline Placement: can't place more pipeline on heavy datanode： a7d59ef6-3eca-4628-b097-12d983444e7f Heaviness: 6 limit: 5
2019-09-25 11:41:44,051 [RatisPipelineUtilsThread] INFO  pipeline.PipelinePlacementPolicy (PipelinePlacementPolicy.java:meetCriteria(91)) - Pipeline Placement: can't place more pipeline on heavy datanode： d0888866-0bad-4f41-ad37-dccd4a57b958 Heaviness: 6 limit: 5
2019-09-25 11:41:44,051 [RatisPipelineUtilsThread] INFO  pipeline.PipelinePlacementPolicy (PipelinePlacementPolicy.java:meetCriteria(91)) - Pipeline Placement: can't place more pipeline on heavy datanode： 8c24ed06-386e-4085-8931-93c762a64530 Heaviness: 6 limit: 5
2019-09-25 11:41:44,051 [RatisPipelineUtilsThread] INFO  pipeline.PipelinePlacementPolicy (PipelinePlacementPolicy.java:meetCriteria(91)) - Pipeline Placement: can't place more pipeline on heavy datanode： b7064b77-9271-4e94-8225-85d895886efb Heaviness: 6 limit: 5
2019-09-25 11:41:44,052 [RatisPipelineUtilsThread] ERROR pipeline.PipelinePlacementPolicy (PipelinePlacementPolicy.java:filterViableNodes(148)) - Unable to find enough nodes that meet the criteria that cannot engage in more than 5 pipelines. Nodes required: 3 Found: 2, healthy nodes count inNodeManager: 6.
2019-09-25 11:41:44,054 [RatisPipelineUtilsThread] ERROR pipeline.SCMPipelineManager (SCMPipelineManager.java:createPipeline(167)) - Pipeline creation failed.
org.apache.hadoop.hdds.scm.exceptions.SCMException: Unable to find enough nodes that meet the criteria that cannot engage in more than 5 pipelines. Nodes required: 3 Found: 2, healthy nodes count inNodeManager: 6.
	at org.apache.hadoop.hdds.scm.pipeline.PipelinePlacementPolicy.filterViableNodes(PipelinePlacementPolicy.java:149)
	at org.apache.hadoop.hdds.scm.pipeline.PipelinePlacementPolicy.chooseDatanodes(PipelinePlacementPolicy.java:172)
	at org.apache.hadoop.hdds.scm.pipeline.RatisPipelineProvider.create(RatisPipelineProvider.java:93)
	at org.apache.hadoop.hdds.scm.pipeline.PipelineFactory.create(PipelineFactory.java:58)
	at org.apache.hadoop.hdds.scm.pipeline.SCMPipelineManager.createPipeline(SCMPipelineManager.java:155)
	at org.apache.hadoop.hdds.scm.pipeline.BackgroundPipelineCreator.createPipelines(BackgroundPipelineCreator.java:99)
	at java.util.concurrent.Executors$RunnableAdapter.call(Executors.java:511)
	at java.util.concurrent.FutureTask.run(FutureTask.java:266)
	at java.util.concurrent.ScheduledThreadPoolExecutor$ScheduledFutureTask.access$201(ScheduledThreadPoolExecutor.java:180)
	at java.util.concurrent.ScheduledThreadPoolExecutor$ScheduledFutureTask.run(ScheduledThreadPoolExecutor.java:293)
	at java.util.concurrent.ThreadPoolExecutor.runWorker(ThreadPoolExecutor.java:1149)
	at java.util.concurrent.ThreadPoolExecutor$Worker.run(ThreadPoolExecutor.java:624)
	at java.lang.Thread.run(Thread.java:748)
2019-09-25 11:41:44,055 [RatisPipelineUtilsThread] INFO  pipeline.PipelinePlacementPolicy (PipelinePlacementPolicy.java:meetCriteria(91)) - Pipeline Placement: can't place more pipeline on heavy datanode： a7d59ef6-3eca-4628-b097-12d983444e7f Heaviness: 6 limit: 5
2019-09-25 11:41:44,056 [RatisPipelineUtilsThread] INFO  pipeline.PipelinePlacementPolicy (PipelinePlacementPolicy.java:meetCriteria(91)) - Pipeline Placement: can't place more pipeline on heavy datanode： d0888866-0bad-4f41-ad37-dccd4a57b958 Heaviness: 6 limit: 5
2019-09-25 11:41:44,056 [RatisPipelineUtilsThread] INFO  pipeline.PipelinePlacementPolicy (PipelinePlacementPolicy.java:meetCriteria(91)) - Pipeline Placement: can't place more pipeline on heavy datanode： 8c24ed06-386e-4085-8931-93c762a64530 Heaviness: 6 limit: 5
2019-09-25 11:41:44,056 [RatisPipelineUtilsThread] INFO  pipeline.PipelinePlacementPolicy (PipelinePlacementPolicy.java:meetCriteria(91)) - Pipeline Placement: can't place more pipeline on heavy datanode： b7064b77-9271-4e94-8225-85d895886efb Heaviness: 6 limit: 5
2019-09-25 11:41:44,069 [grpc-default-executor-1] INFO  impl.RaftServerProxy (RaftServerProxy.java:addNew(89)) - e081c0a5-acfc-4a29-8262-ee158adf5b11: addNew group-4519217FD965:[e081c0a5-acfc-4a29-8262-ee158adf5b11:192.168.30.6:37941] returns group-4519217FD965:java.util.concurrent.CompletableFuture@2af522ad[Not completed]
2019-09-25 11:41:44,073 [pool-67-thread-1] INFO  impl.RaftServerImpl (RaftServerImpl.java:<init>(95)) - e081c0a5-acfc-4a29-8262-ee158adf5b11: new RaftServerImpl for group-4519217FD965:[e081c0a5-acfc-4a29-8262-ee158adf5b11:192.168.30.6:37941] with ContainerStateMachine:uninitialized
2019-09-25 11:41:44,073 [pool-67-thread-1] INFO  server.RaftServerConfigKeys (ConfUtils.java:logGet(43)) - raft.server.rpc.timeout.min = 5s (custom)
2019-09-25 11:41:44,073 [pool-67-thread-1] INFO  server.RaftServerConfigKeys (ConfUtils.java:logGet(43)) - raft.server.rpc.timeout.max = 5200ms (custom)
2019-09-25 11:41:44,073 [pool-67-thread-1] INFO  server.RaftServerConfigKeys (ConfUtils.java:logGet(43)) - raft.server.rpcslowness.timeout = 120s (custom)
2019-09-25 11:41:44,074 [pool-67-thread-1] INFO  server.RaftServerConfigKeys (ConfUtils.java:logGet(43)) - raft.server.sleep.deviation.threshold = 300 (default)
2019-09-25 11:41:44,074 [pool-67-thread-1] INFO  server.RaftServerConfigKeys (ConfUtils.java:logGet(43)) - raft.server.log.appender.install.snapshot.enabled = false (custom)
2019-09-25 11:41:44,074 [pool-67-thread-1] INFO  impl.RaftServerImpl (ServerState.java:<init>(103)) - e081c0a5-acfc-4a29-8262-ee158adf5b11@group-4519217FD965: ConfigurationManager, init=-1: [e081c0a5-acfc-4a29-8262-ee158adf5b11:192.168.30.6:37941], old=null, confs=<EMPTY_MAP>
2019-09-25 11:41:44,074 [pool-67-thread-1] INFO  server.RaftServerConfigKeys (ConfUtils.java:logGet(43)) - raft.server.storage.dir = [/workdir/hadoop-ozone/integration-test/target/test-dir/MiniOzoneClusterImpl-85c44edd-3ede-4f6a-a825-df7bd545a955/datanode-4/data/ratis] (custom)
2019-09-25 11:41:44,074 [pool-67-thread-1] INFO  storage.RaftStorageDirectory (RaftStorageDirectory.java:analyzeStorage(246)) - The storage directory /workdir/hadoop-ozone/integration-test/target/test-dir/MiniOzoneClusterImpl-85c44edd-3ede-4f6a-a825-df7bd545a955/datanode-4/data/ratis/6c9b1c5b-b51c-4927-8036-4519217fd965 does not exist. Creating ...
2019-09-25 11:41:44,088 [pool-67-thread-1] INFO  storage.RaftStorageDirectory (RaftStorageDirectory.java:tryLock(328)) - Lock on /workdir/hadoop-ozone/integration-test/target/test-dir/MiniOzoneClusterImpl-85c44edd-3ede-4f6a-a825-df7bd545a955/datanode-4/data/ratis/6c9b1c5b-b51c-4927-8036-4519217fd965/in_use.lock acquired by nodename 6054@pr-hdds-1569-5gmkr-4255264070
2019-09-25 11:41:44,101 [pool-67-thread-1] INFO  storage.RaftStorage (RaftStorage.java:format(72)) - Storage directory /workdir/hadoop-ozone/integration-test/target/test-dir/MiniOzoneClusterImpl-85c44edd-3ede-4f6a-a825-df7bd545a955/datanode-4/data/ratis/6c9b1c5b-b51c-4927-8036-4519217fd965 has been successfully formatted.
2019-09-25 11:41:44,101 [pool-67-thread-1] INFO  ratis.ContainerStateMachine (ContainerStateMachine.java:loadSnapshot(230)) - group-4519217FD965: The snapshot info is null. Setting the last applied indexto:(t:0, i:~)
2019-09-25 11:41:44,101 [pool-67-thread-1] INFO  server.RaftServerConfigKeys (ConfUtils.java:logGet(43)) - raft.server.notification.no-leader.timeout = 120s (custom)
2019-09-25 11:41:44,102 [pool-67-thread-1] INFO  server.RaftServerConfigKeys (ConfUtils.java:logGet(43)) - raft.server.log.use.memory = false (default)
2019-09-25 11:41:44,102 [pool-67-thread-1] INFO  server.RaftServerConfigKeys (ConfUtils.java:logGet(43)) - raft.server.log.purge.gap = 1000000 (custom)
2019-09-25 11:41:44,102 [pool-67-thread-1] INFO  server.RaftServerConfigKeys (ConfUtils.java:logGet(43)) - raft.server.log.appender.buffer.byte-limit = 33554432 (custom)
2019-09-25 11:41:44,102 [pool-67-thread-1] INFO  server.RaftServerConfigKeys (ConfUtils.java:logGet(43)) - raft.server.log.segment.size.max = 1048576 (custom)
2019-09-25 11:41:44,102 [pool-67-thread-1] INFO  server.RaftServerConfigKeys (ConfUtils.java:logGet(43)) - raft.server.log.segment.cache.num.max = 2 (custom)
2019-09-25 11:41:44,102 [pool-67-thread-1] INFO  segmented.SegmentedRaftLogWorker (SegmentedRaftLogWorker.java:<init>(172)) - new e081c0a5-acfc-4a29-8262-ee158adf5b11@group-4519217FD965-SegmentedRaftLogWorker for RaftStorage:Storage Directory /workdir/hadoop-ozone/integration-test/target/test-dir/MiniOzoneClusterImpl-85c44edd-3ede-4f6a-a825-df7bd545a955/datanode-4/data/ratis/6c9b1c5b-b51c-4927-8036-4519217fd965
2019-09-25 11:41:44,103 [pool-67-thread-1] INFO  server.RaftServerConfigKeys (ConfUtils.java:logGet(43)) - raft.server.log.queue.byte-limit = 2147483647 (custom)
2019-09-25 11:41:44,103 [pool-67-thread-1] INFO  server.RaftServerConfigKeys (ConfUtils.java:logGet(43)) - raft.server.log.queue.element-limit = 1024 (custom)
2019-09-25 11:41:44,103 [pool-67-thread-1] INFO  server.RaftServerConfigKeys (ConfUtils.java:logGet(43)) - raft.server.log.segment.size.max = 1048576 (custom)
2019-09-25 11:41:44,103 [pool-67-thread-1] INFO  server.RaftServerConfigKeys (ConfUtils.java:logGet(43)) - raft.server.log.preallocated.size = 16384 (custom)
2019-09-25 11:41:44,103 [pool-67-thread-1] INFO  server.RaftServerConfigKeys (ConfUtils.java:logGet(43)) - raft.server.log.write.buffer.size = 33554432 (custom)
2019-09-25 11:41:44,103 [pool-67-thread-1] INFO  server.RaftServerConfigKeys (ConfUtils.java:logGet(43)) - raft.server.log.force.sync.num = 128 (default)
2019-09-25 11:41:44,103 [pool-67-thread-1] INFO  server.RaftServerConfigKeys (ConfUtils.java:logGet(43)) - raft.server.log.statemachine.data.sync = true (default)
2019-09-25 11:41:44,104 [pool-67-thread-1] INFO  server.RaftServerConfigKeys (ConfUtils.java:logGet(43)) - raft.server.log.statemachine.data.sync.timeout = 10s (default)
2019-09-25 11:41:44,104 [pool-67-thread-1] INFO  server.RaftServerConfigKeys (ConfUtils.java:logGet(43)) - raft.server.log.statemachine.data.sync.timeout.retry = -1 (default)
2019-09-25 11:41:44,104 [pool-67-thread-1] INFO  server.RaftServerConfigKeys (ConfUtils.java:logGet(43)) - raft.server.log.statemachine.data.caching.enabled = true (custom)
2019-09-25 11:41:44,104 [pool-67-thread-1] INFO  segmented.SegmentedRaftLogWorker (SegmentedRaftLogWorker.java:lambda$new$0(132)) - e081c0a5-acfc-4a29-8262-ee158adf5b11@group-4519217FD965-SegmentedRaftLogWorker: flushIndex: setUnconditionally 0 -> -1
2019-09-25 11:41:44,105 [pool-67-thread-1] INFO  server.RaftServerConfigKeys (ConfUtils.java:logGet(43)) - raft.server.snapshot.auto.trigger.enabled = true (custom)
2019-09-25 11:41:44,105 [pool-67-thread-1] INFO  server.RaftServerConfigKeys (ConfUtils.java:logGet(43)) - raft.server.snapshot.auto.trigger.threshold = 10000 (custom)
2019-09-25 11:41:44,105 [pool-67-thread-1] INFO  server.RaftServerConfigKeys (ConfUtils.java:logGet(43)) - raft.server.snapshot.retention.num.files = 5 (custom)
2019-09-25 11:41:44,105 [pool-67-thread-1] INFO  server.RaftServerConfigKeys (ConfUtils.java:logGet(43)) - raft.server.retrycache.expirytime = 600000ms (custom)
2019-09-25 11:41:44,108 [pool-67-thread-1] INFO  impl.RaftServerImpl (RaftServerImpl.java:start(185)) - e081c0a5-acfc-4a29-8262-ee158adf5b11@group-4519217FD965: start as a follower, conf=-1: [e081c0a5-acfc-4a29-8262-ee158adf5b11:192.168.30.6:37941], old=null
2019-09-25 11:41:44,109 [pool-67-thread-1] INFO  impl.RaftServerImpl (RaftServerImpl.java:setRole(174)) - e081c0a5-acfc-4a29-8262-ee158adf5b11@group-4519217FD965: changes role from      null to FOLLOWER at term 0 for startAsFollower
2019-09-25 11:41:44,109 [pool-67-thread-1] INFO  impl.RoleInfo (RoleInfo.java:updateAndGet(143)) - e081c0a5-acfc-4a29-8262-ee158adf5b11: start FollowerState
2019-09-25 11:41:44,109 [pool-67-thread-1] INFO  util.JmxRegister (JmxRegister.java:tryRegister(44)) - Successfully registered JMX Bean with object name Ratis:service=RaftServer,group=group-4519217FD965,id=e081c0a5-acfc-4a29-8262-ee158adf5b11
2019-09-25 11:41:44,117 [RatisPipelineUtilsThread] INFO  pipeline.PipelineStateManager (PipelineStateManager.java:addPipeline(56)) - Created pipeline Pipeline[ Id: 6c9b1c5b-b51c-4927-8036-4519217fd965, Nodes: e081c0a5-acfc-4a29-8262-ee158adf5b11{ip: 192.168.30.6, host: pr-hdds-1569-5gmkr-4255264070, networkLocation: /default-rack, certSerialId: null}, Type:RATIS, Factor:ONE, State:OPEN]
2019-09-25 11:41:44,117 [RatisPipelineUtilsThread] INFO  pipeline.PipelinePlacementPolicy (PipelinePlacementPolicy.java:meetCriteria(91)) - Pipeline Placement: can't place more pipeline on heavy datanode： a7d59ef6-3eca-4628-b097-12d983444e7f Heaviness: 6 limit: 5
2019-09-25 11:41:44,117 [RatisPipelineUtilsThread] INFO  pipeline.PipelinePlacementPolicy (PipelinePlacementPolicy.java:meetCriteria(91)) - Pipeline Placement: can't place more pipeline on heavy datanode： d0888866-0bad-4f41-ad37-dccd4a57b958 Heaviness: 6 limit: 5
2019-09-25 11:41:44,118 [RatisPipelineUtilsThread] INFO  pipeline.PipelinePlacementPolicy (PipelinePlacementPolicy.java:meetCriteria(91)) - Pipeline Placement: can't place more pipeline on heavy datanode： 8c24ed06-386e-4085-8931-93c762a64530 Heaviness: 6 limit: 5
2019-09-25 11:41:44,118 [RatisPipelineUtilsThread] INFO  pipeline.PipelinePlacementPolicy (PipelinePlacementPolicy.java:meetCriteria(91)) - Pipeline Placement: can't place more pipeline on heavy datanode： b7064b77-9271-4e94-8225-85d895886efb Heaviness: 6 limit: 5
2019-09-25 11:41:44,131 [grpc-default-executor-1] INFO  impl.RaftServerProxy (RaftServerProxy.java:addNew(89)) - 19e67e26-3d21-4d01-be9f-29113a4a814c: addNew group-158143B13CCA:[19e67e26-3d21-4d01-be9f-29113a4a814c:192.168.30.6:34535] returns group-158143B13CCA:java.util.concurrent.CompletableFuture@682429c6[Not completed]
2019-09-25 11:41:44,133 [pool-27-thread-1] INFO  impl.RaftServerImpl (RaftServerImpl.java:<init>(95)) - 19e67e26-3d21-4d01-be9f-29113a4a814c: new RaftServerImpl for group-158143B13CCA:[19e67e26-3d21-4d01-be9f-29113a4a814c:192.168.30.6:34535] with ContainerStateMachine:uninitialized
2019-09-25 11:41:44,133 [pool-27-thread-1] INFO  server.RaftServerConfigKeys (ConfUtils.java:logGet(43)) - raft.server.rpc.timeout.min = 5s (custom)
2019-09-25 11:41:44,133 [pool-27-thread-1] INFO  server.RaftServerConfigKeys (ConfUtils.java:logGet(43)) - raft.server.rpc.timeout.max = 5200ms (custom)
2019-09-25 11:41:44,133 [pool-27-thread-1] INFO  server.RaftServerConfigKeys (ConfUtils.java:logGet(43)) - raft.server.rpcslowness.timeout = 120s (custom)
2019-09-25 11:41:44,133 [pool-27-thread-1] INFO  server.RaftServerConfigKeys (ConfUtils.java:logGet(43)) - raft.server.sleep.deviation.threshold = 300 (default)
2019-09-25 11:41:44,134 [pool-27-thread-1] INFO  server.RaftServerConfigKeys (ConfUtils.java:logGet(43)) - raft.server.log.appender.install.snapshot.enabled = false (custom)
2019-09-25 11:41:44,134 [pool-27-thread-1] INFO  impl.RaftServerImpl (ServerState.java:<init>(103)) - 19e67e26-3d21-4d01-be9f-29113a4a814c@group-158143B13CCA: ConfigurationManager, init=-1: [19e67e26-3d21-4d01-be9f-29113a4a814c:192.168.30.6:34535], old=null, confs=<EMPTY_MAP>
2019-09-25 11:41:44,134 [pool-27-thread-1] INFO  server.RaftServerConfigKeys (ConfUtils.java:logGet(43)) - raft.server.storage.dir = [/workdir/hadoop-ozone/integration-test/target/test-dir/MiniOzoneClusterImpl-85c44edd-3ede-4f6a-a825-df7bd545a955/datanode-0/data/ratis] (custom)
2019-09-25 11:41:44,135 [pool-27-thread-1] INFO  storage.RaftStorageDirectory (RaftStorageDirectory.java:analyzeStorage(246)) - The storage directory /workdir/hadoop-ozone/integration-test/target/test-dir/MiniOzoneClusterImpl-85c44edd-3ede-4f6a-a825-df7bd545a955/datanode-0/data/ratis/05f3517d-94f3-47e8-ba09-158143b13cca does not exist. Creating ...
2019-09-25 11:41:44,149 [pool-27-thread-1] INFO  storage.RaftStorageDirectory (RaftStorageDirectory.java:tryLock(328)) - Lock on /workdir/hadoop-ozone/integration-test/target/test-dir/MiniOzoneClusterImpl-85c44edd-3ede-4f6a-a825-df7bd545a955/datanode-0/data/ratis/05f3517d-94f3-47e8-ba09-158143b13cca/in_use.lock acquired by nodename 6054@pr-hdds-1569-5gmkr-4255264070
2019-09-25 11:41:44,174 [pool-27-thread-1] INFO  storage.RaftStorage (RaftStorage.java:format(72)) - Storage directory /workdir/hadoop-ozone/integration-test/target/test-dir/MiniOzoneClusterImpl-85c44edd-3ede-4f6a-a825-df7bd545a955/datanode-0/data/ratis/05f3517d-94f3-47e8-ba09-158143b13cca has been successfully formatted.
2019-09-25 11:41:44,174 [pool-27-thread-1] INFO  ratis.ContainerStateMachine (ContainerStateMachine.java:loadSnapshot(230)) - group-158143B13CCA: The snapshot info is null. Setting the last applied indexto:(t:0, i:~)
2019-09-25 11:41:44,174 [pool-27-thread-1] INFO  server.RaftServerConfigKeys (ConfUtils.java:logGet(43)) - raft.server.notification.no-leader.timeout = 120s (custom)
2019-09-25 11:41:44,175 [pool-27-thread-1] INFO  server.RaftServerConfigKeys (ConfUtils.java:logGet(43)) - raft.server.log.use.memory = false (default)
2019-09-25 11:41:44,175 [pool-27-thread-1] INFO  server.RaftServerConfigKeys (ConfUtils.java:logGet(43)) - raft.server.log.purge.gap = 1000000 (custom)
2019-09-25 11:41:44,175 [pool-27-thread-1] INFO  server.RaftServerConfigKeys (ConfUtils.java:logGet(43)) - raft.server.log.appender.buffer.byte-limit = 33554432 (custom)
2019-09-25 11:41:44,175 [pool-27-thread-1] INFO  server.RaftServerConfigKeys (ConfUtils.java:logGet(43)) - raft.server.log.segment.size.max = 1048576 (custom)
2019-09-25 11:41:44,175 [pool-27-thread-1] INFO  server.RaftServerConfigKeys (ConfUtils.java:logGet(43)) - raft.server.log.segment.cache.num.max = 2 (custom)
2019-09-25 11:41:44,175 [pool-27-thread-1] INFO  segmented.SegmentedRaftLogWorker (SegmentedRaftLogWorker.java:<init>(172)) - new 19e67e26-3d21-4d01-be9f-29113a4a814c@group-158143B13CCA-SegmentedRaftLogWorker for RaftStorage:Storage Directory /workdir/hadoop-ozone/integration-test/target/test-dir/MiniOzoneClusterImpl-85c44edd-3ede-4f6a-a825-df7bd545a955/datanode-0/data/ratis/05f3517d-94f3-47e8-ba09-158143b13cca
2019-09-25 11:41:44,176 [pool-27-thread-1] INFO  server.RaftServerConfigKeys (ConfUtils.java:logGet(43)) - raft.server.log.queue.byte-limit = 2147483647 (custom)
2019-09-25 11:41:44,176 [pool-27-thread-1] INFO  server.RaftServerConfigKeys (ConfUtils.java:logGet(43)) - raft.server.log.queue.element-limit = 1024 (custom)
2019-09-25 11:41:44,176 [pool-27-thread-1] INFO  server.RaftServerConfigKeys (ConfUtils.java:logGet(43)) - raft.server.log.segment.size.max = 1048576 (custom)
2019-09-25 11:41:44,176 [pool-27-thread-1] INFO  server.RaftServerConfigKeys (ConfUtils.java:logGet(43)) - raft.server.log.preallocated.size = 16384 (custom)
2019-09-25 11:41:44,176 [pool-27-thread-1] INFO  server.RaftServerConfigKeys (ConfUtils.java:logGet(43)) - raft.server.log.write.buffer.size = 33554432 (custom)
2019-09-25 11:41:44,176 [pool-27-thread-1] INFO  server.RaftServerConfigKeys (ConfUtils.java:logGet(43)) - raft.server.log.force.sync.num = 128 (default)
2019-09-25 11:41:44,177 [pool-27-thread-1] INFO  server.RaftServerConfigKeys (ConfUtils.java:logGet(43)) - raft.server.log.statemachine.data.sync = true (default)
2019-09-25 11:41:44,177 [pool-27-thread-1] INFO  server.RaftServerConfigKeys (ConfUtils.java:logGet(43)) - raft.server.log.statemachine.data.sync.timeout = 10s (default)
2019-09-25 11:41:44,177 [pool-27-thread-1] INFO  server.RaftServerConfigKeys (ConfUtils.java:logGet(43)) - raft.server.log.statemachine.data.sync.timeout.retry = -1 (default)
2019-09-25 11:41:44,177 [pool-27-thread-1] INFO  server.RaftServerConfigKeys (ConfUtils.java:logGet(43)) - raft.server.log.statemachine.data.caching.enabled = true (custom)
2019-09-25 11:41:44,178 [pool-27-thread-1] INFO  segmented.SegmentedRaftLogWorker (SegmentedRaftLogWorker.java:lambda$new$0(132)) - 19e67e26-3d21-4d01-be9f-29113a4a814c@group-158143B13CCA-SegmentedRaftLogWorker: flushIndex: setUnconditionally 0 -> -1
2019-09-25 11:41:44,178 [pool-27-thread-1] INFO  server.RaftServerConfigKeys (ConfUtils.java:logGet(43)) - raft.server.snapshot.auto.trigger.enabled = true (custom)
2019-09-25 11:41:44,178 [pool-27-thread-1] INFO  server.RaftServerConfigKeys (ConfUtils.java:logGet(43)) - raft.server.snapshot.auto.trigger.threshold = 10000 (custom)
2019-09-25 11:41:44,178 [pool-27-thread-1] INFO  server.RaftServerConfigKeys (ConfUtils.java:logGet(43)) - raft.server.snapshot.retention.num.files = 5 (custom)
2019-09-25 11:41:44,179 [pool-27-thread-1] INFO  server.RaftServerConfigKeys (ConfUtils.java:logGet(43)) - raft.server.retrycache.expirytime = 600000ms (custom)
2019-09-25 11:41:44,182 [pool-27-thread-1] INFO  impl.RaftServerImpl (RaftServerImpl.java:start(185)) - 19e67e26-3d21-4d01-be9f-29113a4a814c@group-158143B13CCA: start as a follower, conf=-1: [19e67e26-3d21-4d01-be9f-29113a4a814c:192.168.30.6:34535], old=null
2019-09-25 11:41:44,182 [pool-27-thread-1] INFO  impl.RaftServerImpl (RaftServerImpl.java:setRole(174)) - 19e67e26-3d21-4d01-be9f-29113a4a814c@group-158143B13CCA: changes role from      null to FOLLOWER at term 0 for startAsFollower
2019-09-25 11:41:44,182 [pool-27-thread-1] INFO  impl.RoleInfo (RoleInfo.java:updateAndGet(143)) - 19e67e26-3d21-4d01-be9f-29113a4a814c: start FollowerState
2019-09-25 11:41:44,183 [pool-27-thread-1] INFO  util.JmxRegister (JmxRegister.java:tryRegister(44)) - Successfully registered JMX Bean with object name Ratis:service=RaftServer,group=group-158143B13CCA,id=19e67e26-3d21-4d01-be9f-29113a4a814c
2019-09-25 11:41:44,189 [RatisPipelineUtilsThread] INFO  pipeline.PipelineStateManager (PipelineStateManager.java:addPipeline(56)) - Created pipeline Pipeline[ Id: 05f3517d-94f3-47e8-ba09-158143b13cca, Nodes: 19e67e26-3d21-4d01-be9f-29113a4a814c{ip: 192.168.30.6, host: pr-hdds-1569-5gmkr-4255264070, networkLocation: /default-rack, certSerialId: null}, Type:RATIS, Factor:ONE, State:OPEN]
2019-09-25 11:41:44,190 [RatisPipelineUtilsThread] INFO  pipeline.PipelinePlacementPolicy (PipelinePlacementPolicy.java:meetCriteria(91)) - Pipeline Placement: can't place more pipeline on heavy datanode： a7d59ef6-3eca-4628-b097-12d983444e7f Heaviness: 6 limit: 5
2019-09-25 11:41:44,190 [RatisPipelineUtilsThread] INFO  pipeline.PipelinePlacementPolicy (PipelinePlacementPolicy.java:meetCriteria(91)) - Pipeline Placement: can't place more pipeline on heavy datanode： d0888866-0bad-4f41-ad37-dccd4a57b958 Heaviness: 6 limit: 5
2019-09-25 11:41:44,190 [RatisPipelineUtilsThread] INFO  pipeline.PipelinePlacementPolicy (PipelinePlacementPolicy.java:meetCriteria(91)) - Pipeline Placement: can't place more pipeline on heavy datanode： 19e67e26-3d21-4d01-be9f-29113a4a814c Heaviness: 6 limit: 5
2019-09-25 11:41:44,191 [RatisPipelineUtilsThread] INFO  pipeline.PipelinePlacementPolicy (PipelinePlacementPolicy.java:meetCriteria(91)) - Pipeline Placement: can't place more pipeline on heavy datanode： 8c24ed06-386e-4085-8931-93c762a64530 Heaviness: 6 limit: 5
2019-09-25 11:41:44,191 [RatisPipelineUtilsThread] INFO  pipeline.PipelinePlacementPolicy (PipelinePlacementPolicy.java:meetCriteria(91)) - Pipeline Placement: can't place more pipeline on heavy datanode： b7064b77-9271-4e94-8225-85d895886efb Heaviness: 6 limit: 5
2019-09-25 11:41:44,202 [grpc-default-executor-1] INFO  impl.RaftServerProxy (RaftServerProxy.java:addNew(89)) - e081c0a5-acfc-4a29-8262-ee158adf5b11: addNew group-34523102FCC0:[e081c0a5-acfc-4a29-8262-ee158adf5b11:192.168.30.6:37941] returns group-34523102FCC0:java.util.concurrent.CompletableFuture@546da7bd[Not completed]
2019-09-25 11:41:44,204 [pool-67-thread-1] INFO  impl.RaftServerImpl (RaftServerImpl.java:<init>(95)) - e081c0a5-acfc-4a29-8262-ee158adf5b11: new RaftServerImpl for group-34523102FCC0:[e081c0a5-acfc-4a29-8262-ee158adf5b11:192.168.30.6:37941] with ContainerStateMachine:uninitialized
2019-09-25 11:41:44,205 [pool-67-thread-1] INFO  server.RaftServerConfigKeys (ConfUtils.java:logGet(43)) - raft.server.rpc.timeout.min = 5s (custom)
2019-09-25 11:41:44,205 [pool-67-thread-1] INFO  server.RaftServerConfigKeys (ConfUtils.java:logGet(43)) - raft.server.rpc.timeout.max = 5200ms (custom)
2019-09-25 11:41:44,205 [pool-67-thread-1] INFO  server.RaftServerConfigKeys (ConfUtils.java:logGet(43)) - raft.server.rpcslowness.timeout = 120s (custom)
2019-09-25 11:41:44,205 [pool-67-thread-1] INFO  server.RaftServerConfigKeys (ConfUtils.java:logGet(43)) - raft.server.sleep.deviation.threshold = 300 (default)
2019-09-25 11:41:44,205 [pool-67-thread-1] INFO  server.RaftServerConfigKeys (ConfUtils.java:logGet(43)) - raft.server.log.appender.install.snapshot.enabled = false (custom)
2019-09-25 11:41:44,205 [pool-67-thread-1] INFO  impl.RaftServerImpl (ServerState.java:<init>(103)) - e081c0a5-acfc-4a29-8262-ee158adf5b11@group-34523102FCC0: ConfigurationManager, init=-1: [e081c0a5-acfc-4a29-8262-ee158adf5b11:192.168.30.6:37941], old=null, confs=<EMPTY_MAP>
2019-09-25 11:41:44,206 [pool-67-thread-1] INFO  server.RaftServerConfigKeys (ConfUtils.java:logGet(43)) - raft.server.storage.dir = [/workdir/hadoop-ozone/integration-test/target/test-dir/MiniOzoneClusterImpl-85c44edd-3ede-4f6a-a825-df7bd545a955/datanode-4/data/ratis] (custom)
2019-09-25 11:41:44,206 [pool-67-thread-1] INFO  storage.RaftStorageDirectory (RaftStorageDirectory.java:analyzeStorage(246)) - The storage directory /workdir/hadoop-ozone/integration-test/target/test-dir/MiniOzoneClusterImpl-85c44edd-3ede-4f6a-a825-df7bd545a955/datanode-4/data/ratis/74b22748-6fb9-413d-b284-34523102fcc0 does not exist. Creating ...
2019-09-25 11:41:44,219 [pool-67-thread-1] INFO  storage.RaftStorageDirectory (RaftStorageDirectory.java:tryLock(328)) - Lock on /workdir/hadoop-ozone/integration-test/target/test-dir/MiniOzoneClusterImpl-85c44edd-3ede-4f6a-a825-df7bd545a955/datanode-4/data/ratis/74b22748-6fb9-413d-b284-34523102fcc0/in_use.lock acquired by nodename 6054@pr-hdds-1569-5gmkr-4255264070
2019-09-25 11:41:44,233 [pool-67-thread-1] INFO  storage.RaftStorage (RaftStorage.java:format(72)) - Storage directory /workdir/hadoop-ozone/integration-test/target/test-dir/MiniOzoneClusterImpl-85c44edd-3ede-4f6a-a825-df7bd545a955/datanode-4/data/ratis/74b22748-6fb9-413d-b284-34523102fcc0 has been successfully formatted.
2019-09-25 11:41:44,233 [pool-67-thread-1] INFO  ratis.ContainerStateMachine (ContainerStateMachine.java:loadSnapshot(230)) - group-34523102FCC0: The snapshot info is null. Setting the last applied indexto:(t:0, i:~)
2019-09-25 11:41:44,234 [pool-67-thread-1] INFO  server.RaftServerConfigKeys (ConfUtils.java:logGet(43)) - raft.server.notification.no-leader.timeout = 120s (custom)
2019-09-25 11:41:44,234 [pool-67-thread-1] INFO  server.RaftServerConfigKeys (ConfUtils.java:logGet(43)) - raft.server.log.use.memory = false (default)
2019-09-25 11:41:44,234 [pool-67-thread-1] INFO  server.RaftServerConfigKeys (ConfUtils.java:logGet(43)) - raft.server.log.purge.gap = 1000000 (custom)
2019-09-25 11:41:44,234 [pool-67-thread-1] INFO  server.RaftServerConfigKeys (ConfUtils.java:logGet(43)) - raft.server.log.appender.buffer.byte-limit = 33554432 (custom)
2019-09-25 11:41:44,234 [pool-67-thread-1] INFO  server.RaftServerConfigKeys (ConfUtils.java:logGet(43)) - raft.server.log.segment.size.max = 1048576 (custom)
2019-09-25 11:41:44,235 [pool-67-thread-1] INFO  server.RaftServerConfigKeys (ConfUtils.java:logGet(43)) - raft.server.log.segment.cache.num.max = 2 (custom)
2019-09-25 11:41:44,235 [pool-67-thread-1] INFO  segmented.SegmentedRaftLogWorker (SegmentedRaftLogWorker.java:<init>(172)) - new e081c0a5-acfc-4a29-8262-ee158adf5b11@group-34523102FCC0-SegmentedRaftLogWorker for RaftStorage:Storage Directory /workdir/hadoop-ozone/integration-test/target/test-dir/MiniOzoneClusterImpl-85c44edd-3ede-4f6a-a825-df7bd545a955/datanode-4/data/ratis/74b22748-6fb9-413d-b284-34523102fcc0
2019-09-25 11:41:44,235 [pool-67-thread-1] INFO  server.RaftServerConfigKeys (ConfUtils.java:logGet(43)) - raft.server.log.queue.byte-limit = 2147483647 (custom)
2019-09-25 11:41:44,235 [pool-67-thread-1] INFO  server.RaftServerConfigKeys (ConfUtils.java:logGet(43)) - raft.server.log.queue.element-limit = 1024 (custom)
2019-09-25 11:41:44,235 [pool-67-thread-1] INFO  server.RaftServerConfigKeys (ConfUtils.java:logGet(43)) - raft.server.log.segment.size.max = 1048576 (custom)
2019-09-25 11:41:44,235 [pool-67-thread-1] INFO  server.RaftServerConfigKeys (ConfUtils.java:logGet(43)) - raft.server.log.preallocated.size = 16384 (custom)
2019-09-25 11:41:44,236 [pool-67-thread-1] INFO  server.RaftServerConfigKeys (ConfUtils.java:logGet(43)) - raft.server.log.write.buffer.size = 33554432 (custom)
2019-09-25 11:41:44,236 [pool-67-thread-1] INFO  server.RaftServerConfigKeys (ConfUtils.java:logGet(43)) - raft.server.log.force.sync.num = 128 (default)
2019-09-25 11:41:44,236 [pool-67-thread-1] INFO  server.RaftServerConfigKeys (ConfUtils.java:logGet(43)) - raft.server.log.statemachine.data.sync = true (default)
2019-09-25 11:41:44,236 [pool-67-thread-1] INFO  server.RaftServerConfigKeys (ConfUtils.java:logGet(43)) - raft.server.log.statemachine.data.sync.timeout = 10s (default)
2019-09-25 11:41:44,236 [pool-67-thread-1] INFO  server.RaftServerConfigKeys (ConfUtils.java:logGet(43)) - raft.server.log.statemachine.data.sync.timeout.retry = -1 (default)
2019-09-25 11:41:44,236 [pool-67-thread-1] INFO  server.RaftServerConfigKeys (ConfUtils.java:logGet(43)) - raft.server.log.statemachine.data.caching.enabled = true (custom)
2019-09-25 11:41:44,237 [pool-67-thread-1] INFO  segmented.SegmentedRaftLogWorker (SegmentedRaftLogWorker.java:lambda$new$0(132)) - e081c0a5-acfc-4a29-8262-ee158adf5b11@group-34523102FCC0-SegmentedRaftLogWorker: flushIndex: setUnconditionally 0 -> -1
2019-09-25 11:41:44,237 [pool-67-thread-1] INFO  server.RaftServerConfigKeys (ConfUtils.java:logGet(43)) - raft.server.snapshot.auto.trigger.enabled = true (custom)
2019-09-25 11:41:44,237 [pool-67-thread-1] INFO  server.RaftServerConfigKeys (ConfUtils.java:logGet(43)) - raft.server.snapshot.auto.trigger.threshold = 10000 (custom)
2019-09-25 11:41:44,237 [pool-67-thread-1] INFO  server.RaftServerConfigKeys (ConfUtils.java:logGet(43)) - raft.server.snapshot.retention.num.files = 5 (custom)
2019-09-25 11:41:44,238 [pool-67-thread-1] INFO  server.RaftServerConfigKeys (ConfUtils.java:logGet(43)) - raft.server.retrycache.expirytime = 600000ms (custom)
2019-09-25 11:41:44,241 [pool-67-thread-1] INFO  impl.RaftServerImpl (RaftServerImpl.java:start(185)) - e081c0a5-acfc-4a29-8262-ee158adf5b11@group-34523102FCC0: start as a follower, conf=-1: [e081c0a5-acfc-4a29-8262-ee158adf5b11:192.168.30.6:37941], old=null
2019-09-25 11:41:44,241 [pool-67-thread-1] INFO  impl.RaftServerImpl (RaftServerImpl.java:setRole(174)) - e081c0a5-acfc-4a29-8262-ee158adf5b11@group-34523102FCC0: changes role from      null to FOLLOWER at term 0 for startAsFollower
2019-09-25 11:41:44,241 [pool-67-thread-1] INFO  impl.RoleInfo (RoleInfo.java:updateAndGet(143)) - e081c0a5-acfc-4a29-8262-ee158adf5b11: start FollowerState
2019-09-25 11:41:44,242 [pool-67-thread-1] INFO  util.JmxRegister (JmxRegister.java:tryRegister(44)) - Successfully registered JMX Bean with object name Ratis:service=RaftServer,group=group-34523102FCC0,id=e081c0a5-acfc-4a29-8262-ee158adf5b11
2019-09-25 11:41:44,248 [RatisPipelineUtilsThread] INFO  pipeline.PipelineStateManager (PipelineStateManager.java:addPipeline(56)) - Created pipeline Pipeline[ Id: 74b22748-6fb9-413d-b284-34523102fcc0, Nodes: e081c0a5-acfc-4a29-8262-ee158adf5b11{ip: 192.168.30.6, host: pr-hdds-1569-5gmkr-4255264070, networkLocation: /default-rack, certSerialId: null}, Type:RATIS, Factor:ONE, State:OPEN]
2019-09-25 11:41:44,249 [RatisPipelineUtilsThread] INFO  pipeline.PipelinePlacementPolicy (PipelinePlacementPolicy.java:meetCriteria(91)) - Pipeline Placement: can't place more pipeline on heavy datanode： a7d59ef6-3eca-4628-b097-12d983444e7f Heaviness: 6 limit: 5
2019-09-25 11:41:44,249 [RatisPipelineUtilsThread] INFO  pipeline.PipelinePlacementPolicy (PipelinePlacementPolicy.java:meetCriteria(91)) - Pipeline Placement: can't place more pipeline on heavy datanode： d0888866-0bad-4f41-ad37-dccd4a57b958 Heaviness: 6 limit: 5
2019-09-25 11:41:44,249 [RatisPipelineUtilsThread] INFO  pipeline.PipelinePlacementPolicy (PipelinePlacementPolicy.java:meetCriteria(91)) - Pipeline Placement: can't place more pipeline on heavy datanode： 19e67e26-3d21-4d01-be9f-29113a4a814c Heaviness: 6 limit: 5
2019-09-25 11:41:44,249 [RatisPipelineUtilsThread] INFO  pipeline.PipelinePlacementPolicy (PipelinePlacementPolicy.java:meetCriteria(91)) - Pipeline Placement: can't place more pipeline on heavy datanode： e081c0a5-acfc-4a29-8262-ee158adf5b11 Heaviness: 6 limit: 5
2019-09-25 11:41:44,249 [RatisPipelineUtilsThread] INFO  pipeline.PipelinePlacementPolicy (PipelinePlacementPolicy.java:meetCriteria(91)) - Pipeline Placement: can't place more pipeline on heavy datanode： 8c24ed06-386e-4085-8931-93c762a64530 Heaviness: 6 limit: 5
2019-09-25 11:41:44,249 [RatisPipelineUtilsThread] INFO  pipeline.PipelinePlacementPolicy (PipelinePlacementPolicy.java:meetCriteria(91)) - Pipeline Placement: can't place more pipeline on heavy datanode： b7064b77-9271-4e94-8225-85d895886efb Heaviness: 6 limit: 5
2019-09-25 11:41:44,250 [RatisPipelineUtilsThread] ERROR pipeline.PipelinePlacementPolicy (PipelinePlacementPolicy.java:filterViableNodes(148)) - Unable to find enough nodes that meet the criteria that cannot engage in more than 5 pipelines. Nodes required: 1 Found: 0, healthy nodes count inNodeManager: 6.
2019-09-25 11:41:44,250 [RatisPipelineUtilsThread] ERROR pipeline.SCMPipelineManager (SCMPipelineManager.java:createPipeline(167)) - Pipeline creation failed.
org.apache.hadoop.hdds.scm.exceptions.SCMException: Unable to find enough nodes that meet the criteria that cannot engage in more than 5 pipelines. Nodes required: 1 Found: 0, healthy nodes count inNodeManager: 6.
	at org.apache.hadoop.hdds.scm.pipeline.PipelinePlacementPolicy.filterViableNodes(PipelinePlacementPolicy.java:149)
	at org.apache.hadoop.hdds.scm.pipeline.PipelinePlacementPolicy.chooseDatanodes(PipelinePlacementPolicy.java:172)
	at org.apache.hadoop.hdds.scm.pipeline.RatisPipelineProvider.create(RatisPipelineProvider.java:93)
	at org.apache.hadoop.hdds.scm.pipeline.PipelineFactory.create(PipelineFactory.java:58)
	at org.apache.hadoop.hdds.scm.pipeline.SCMPipelineManager.createPipeline(SCMPipelineManager.java:155)
	at org.apache.hadoop.hdds.scm.pipeline.BackgroundPipelineCreator.createPipelines(BackgroundPipelineCreator.java:99)
	at org.apache.hadoop.hdds.scm.pipeline.BackgroundPipelineCreator.lambda$startFixedIntervalPipelineCreator$0(BackgroundPipelineCreator.java:70)
	at java.util.concurrent.Executors$RunnableAdapter.call(Executors.java:511)
	at java.util.concurrent.FutureTask.runAndReset(FutureTask.java:308)
	at java.util.concurrent.ScheduledThreadPoolExecutor$ScheduledFutureTask.access$301(ScheduledThreadPoolExecutor.java:180)
	at java.util.concurrent.ScheduledThreadPoolExecutor$ScheduledFutureTask.run(ScheduledThreadPoolExecutor.java:294)
	at java.util.concurrent.ThreadPoolExecutor.runWorker(ThreadPoolExecutor.java:1149)
	at java.util.concurrent.ThreadPoolExecutor$Worker.run(ThreadPoolExecutor.java:624)
	at java.lang.Thread.run(Thread.java:748)
2019-09-25 11:41:44,250 [RatisPipelineUtilsThread] INFO  pipeline.PipelinePlacementPolicy (PipelinePlacementPolicy.java:meetCriteria(91)) - Pipeline Placement: can't place more pipeline on heavy datanode： a7d59ef6-3eca-4628-b097-12d983444e7f Heaviness: 6 limit: 5
2019-09-25 11:41:44,251 [RatisPipelineUtilsThread] INFO  pipeline.PipelinePlacementPolicy (PipelinePlacementPolicy.java:meetCriteria(91)) - Pipeline Placement: can't place more pipeline on heavy datanode： d0888866-0bad-4f41-ad37-dccd4a57b958 Heaviness: 6 limit: 5
2019-09-25 11:41:44,251 [RatisPipelineUtilsThread] INFO  pipeline.PipelinePlacementPolicy (PipelinePlacementPolicy.java:meetCriteria(91)) - Pipeline Placement: can't place more pipeline on heavy datanode： 19e67e26-3d21-4d01-be9f-29113a4a814c Heaviness: 6 limit: 5
2019-09-25 11:41:44,251 [RatisPipelineUtilsThread] INFO  pipeline.PipelinePlacementPolicy (PipelinePlacementPolicy.java:meetCriteria(91)) - Pipeline Placement: can't place more pipeline on heavy datanode： e081c0a5-acfc-4a29-8262-ee158adf5b11 Heaviness: 6 limit: 5
2019-09-25 11:41:44,251 [RatisPipelineUtilsThread] INFO  pipeline.PipelinePlacementPolicy (PipelinePlacementPolicy.java:meetCriteria(91)) - Pipeline Placement: can't place more pipeline on heavy datanode： 8c24ed06-386e-4085-8931-93c762a64530 Heaviness: 6 limit: 5
2019-09-25 11:41:44,251 [RatisPipelineUtilsThread] INFO  pipeline.PipelinePlacementPolicy (PipelinePlacementPolicy.java:meetCriteria(91)) - Pipeline Placement: can't place more pipeline on heavy datanode： b7064b77-9271-4e94-8225-85d895886efb Heaviness: 6 limit: 5
2019-09-25 11:41:44,251 [RatisPipelineUtilsThread] ERROR pipeline.PipelinePlacementPolicy (PipelinePlacementPolicy.java:filterViableNodes(148)) - Unable to find enough nodes that meet the criteria that cannot engage in more than 5 pipelines. Nodes required: 3 Found: 0, healthy nodes count inNodeManager: 6.
2019-09-25 11:41:44,251 [RatisPipelineUtilsThread] ERROR pipeline.SCMPipelineManager (SCMPipelineManager.java:createPipeline(167)) - Pipeline creation failed.
org.apache.hadoop.hdds.scm.exceptions.SCMException: Unable to find enough nodes that meet the criteria that cannot engage in more than 5 pipelines. Nodes required: 3 Found: 0, healthy nodes count inNodeManager: 6.
	at org.apache.hadoop.hdds.scm.pipeline.PipelinePlacementPolicy.filterViableNodes(PipelinePlacementPolicy.java:149)
	at org.apache.hadoop.hdds.scm.pipeline.PipelinePlacementPolicy.chooseDatanodes(PipelinePlacementPolicy.java:172)
	at org.apache.hadoop.hdds.scm.pipeline.RatisPipelineProvider.create(RatisPipelineProvider.java:93)
	at org.apache.hadoop.hdds.scm.pipeline.PipelineFactory.create(PipelineFactory.java:58)
	at org.apache.hadoop.hdds.scm.pipeline.SCMPipelineManager.createPipeline(SCMPipelineManager.java:155)
	at org.apache.hadoop.hdds.scm.pipeline.BackgroundPipelineCreator.createPipelines(BackgroundPipelineCreator.java:99)
	at org.apache.hadoop.hdds.scm.pipeline.BackgroundPipelineCreator.lambda$startFixedIntervalPipelineCreator$0(BackgroundPipelineCreator.java:70)
	at java.util.concurrent.Executors$RunnableAdapter.call(Executors.java:511)
	at java.util.concurrent.FutureTask.runAndReset(FutureTask.java:308)
	at java.util.concurrent.ScheduledThreadPoolExecutor$ScheduledFutureTask.access$301(ScheduledThreadPoolExecutor.java:180)
	at java.util.concurrent.ScheduledThreadPoolExecutor$ScheduledFutureTask.run(ScheduledThreadPoolExecutor.java:294)
	at java.util.concurrent.ThreadPoolExecutor.runWorker(ThreadPoolExecutor.java:1149)
	at java.util.concurrent.ThreadPoolExecutor$Worker.run(ThreadPoolExecutor.java:624)
	at java.lang.Thread.run(Thread.java:748)
2019-09-25 11:41:47,254 [Thread-228] INFO  impl.FollowerState (FollowerState.java:run(106)) - 19e67e26-3d21-4d01-be9f-29113a4a814c:group-25E28834D101 changes to CANDIDATE, lastRpcTime:5151, electionTimeout:5150ms
2019-09-25 11:41:47,259 [Thread-228] INFO  impl.RoleInfo (RoleInfo.java:shutdownFollowerState(121)) - 19e67e26-3d21-4d01-be9f-29113a4a814c: shutdown FollowerState
2019-09-25 11:41:47,259 [Thread-228] INFO  impl.RaftServerImpl (RaftServerImpl.java:setRole(174)) - 19e67e26-3d21-4d01-be9f-29113a4a814c@group-25E28834D101: changes role from  FOLLOWER to CANDIDATE at term 0 for changeToCandidate
2019-09-25 11:41:47,266 [Thread-228] INFO  impl.RoleInfo (RoleInfo.java:updateAndGet(143)) - 19e67e26-3d21-4d01-be9f-29113a4a814c: start LeaderElection
2019-09-25 11:41:47,286 [19e67e26-3d21-4d01-be9f-29113a4a814c@group-25E28834D101:LeaderElection1] INFO  impl.LeaderElection (LeaderElection.java:askForVotes(182)) - 19e67e26-3d21-4d01-be9f-29113a4a814c@group-25E28834D101:LeaderElection1: begin an election at term 1 for -1: [19e67e26-3d21-4d01-be9f-29113a4a814c:192.168.30.6:34535], old=null
2019-09-25 11:41:47,287 [19e67e26-3d21-4d01-be9f-29113a4a814c@group-25E28834D101:LeaderElection1] INFO  impl.RoleInfo (RoleInfo.java:shutdownLeaderElection(134)) - 19e67e26-3d21-4d01-be9f-29113a4a814c: shutdown LeaderElection
2019-09-25 11:41:47,288 [19e67e26-3d21-4d01-be9f-29113a4a814c@group-25E28834D101:LeaderElection1] INFO  impl.RaftServerImpl (RaftServerImpl.java:setRole(174)) - 19e67e26-3d21-4d01-be9f-29113a4a814c@group-25E28834D101: changes role from CANDIDATE to LEADER at term 1 for changeToLeader
2019-09-25 11:41:47,288 [19e67e26-3d21-4d01-be9f-29113a4a814c@group-25E28834D101:LeaderElection1] INFO  impl.RaftServerImpl (ServerState.java:setLeader(253)) - 19e67e26-3d21-4d01-be9f-29113a4a814c@group-25E28834D101: change Leader from null to 19e67e26-3d21-4d01-be9f-29113a4a814c at term 1 for becomeLeader, leader elected after 5322ms
2019-09-25 11:41:47,296 [19e67e26-3d21-4d01-be9f-29113a4a814c@group-25E28834D101:LeaderElection1] INFO  server.RaftServerConfigKeys (ConfUtils.java:logGet(43)) - raft.server.staging.catchup.gap = 1000 (default)
2019-09-25 11:41:47,296 [19e67e26-3d21-4d01-be9f-29113a4a814c@group-25E28834D101:LeaderElection1] INFO  server.RaftServerConfigKeys (ConfUtils.java:logGet(43)) - raft.server.rpc.sleep.time = 25ms (default)
2019-09-25 11:41:47,299 [19e67e26-3d21-4d01-be9f-29113a4a814c@group-25E28834D101:LeaderElection1] INFO  server.RaftServerConfigKeys (ConfUtils.java:logGet(43)) - raft.server.write.element-limit = 4096 (default)
2019-09-25 11:41:47,302 [19e67e26-3d21-4d01-be9f-29113a4a814c@group-25E28834D101:LeaderElection1] INFO  server.RaftServerConfigKeys (ConfUtils.java:logGet(43)) - raft.server.watch.timeout = 10s (default)
2019-09-25 11:41:47,302 [19e67e26-3d21-4d01-be9f-29113a4a814c@group-25E28834D101:LeaderElection1] INFO  server.RaftServerConfigKeys (ConfUtils.java:logGet(43)) - raft.server.watch.timeout.denomination = 1s (default)
2019-09-25 11:41:47,303 [19e67e26-3d21-4d01-be9f-29113a4a814c@group-25E28834D101:LeaderElection1] INFO  server.RaftServerConfigKeys (ConfUtils.java:logGet(43)) - raft.server.watch.element-limit = 65536 (default)
2019-09-25 11:41:47,313 [19e67e26-3d21-4d01-be9f-29113a4a814c@group-25E28834D101:LeaderElection1] INFO  impl.RoleInfo (RoleInfo.java:updateAndGet(143)) - 19e67e26-3d21-4d01-be9f-29113a4a814c: start LeaderState
2019-09-25 11:41:47,339 [19e67e26-3d21-4d01-be9f-29113a4a814c@group-25E28834D101:LeaderElection1] INFO  segmented.SegmentedRaftLogWorker (SegmentedRaftLogWorker.java:startLogSegment(380)) - 19e67e26-3d21-4d01-be9f-29113a4a814c@group-25E28834D101-SegmentedRaftLogWorker: Starting segment from index:0
2019-09-25 11:41:47,348 [19e67e26-3d21-4d01-be9f-29113a4a814c@group-25E28834D101:LeaderElection1] INFO  impl.RaftServerImpl (ServerState.java:setRaftConf(354)) - 19e67e26-3d21-4d01-be9f-29113a4a814c@group-25E28834D101: set configuration 0: [19e67e26-3d21-4d01-be9f-29113a4a814c:192.168.30.6:34535], old=null at 0
2019-09-25 11:41:47,530 [19e67e26-3d21-4d01-be9f-29113a4a814c@group-25E28834D101-SegmentedRaftLogWorker] INFO  segmented.SegmentedRaftLogWorker (SegmentedRaftLogWorker.java:execute(569)) - 19e67e26-3d21-4d01-be9f-29113a4a814c@group-25E28834D101-SegmentedRaftLogWorker: created new log segment /workdir/hadoop-ozone/integration-test/target/test-dir/MiniOzoneClusterImpl-85c44edd-3ede-4f6a-a825-df7bd545a955/datanode-0/data/ratis/11d193ee-fec7-4362-8ee6-25e28834d101/current/log_inprogress_0
2019-09-25 11:41:48,211 [Thread-236] INFO  impl.FollowerState (FollowerState.java:run(106)) - 8c24ed06-386e-4085-8931-93c762a64530:group-CDCB2C8C105A changes to CANDIDATE, lastRpcTime:5117, electionTimeout:5116ms
2019-09-25 11:41:48,214 [Thread-236] INFO  impl.RoleInfo (RoleInfo.java:shutdownFollowerState(121)) - 8c24ed06-386e-4085-8931-93c762a64530: shutdown FollowerState
2019-09-25 11:41:48,214 [Thread-236] INFO  impl.RaftServerImpl (RaftServerImpl.java:setRole(174)) - 8c24ed06-386e-4085-8931-93c762a64530@group-CDCB2C8C105A: changes role from  FOLLOWER to CANDIDATE at term 0 for changeToCandidate
2019-09-25 11:41:48,214 [Thread-236] INFO  impl.RoleInfo (RoleInfo.java:updateAndGet(143)) - 8c24ed06-386e-4085-8931-93c762a64530: start LeaderElection
2019-09-25 11:41:48,225 [Thread-233] INFO  impl.FollowerState (FollowerState.java:run(106)) - b7064b77-9271-4e94-8225-85d895886efb:group-CDCB2C8C105A changes to CANDIDATE, lastRpcTime:5141, electionTimeout:5139ms
2019-09-25 11:41:48,225 [Thread-233] INFO  impl.RoleInfo (RoleInfo.java:shutdownFollowerState(121)) - b7064b77-9271-4e94-8225-85d895886efb: shutdown FollowerState
2019-09-25 11:41:48,225 [Thread-233] INFO  impl.RaftServerImpl (RaftServerImpl.java:setRole(174)) - b7064b77-9271-4e94-8225-85d895886efb@group-CDCB2C8C105A: changes role from  FOLLOWER to CANDIDATE at term 0 for changeToCandidate
2019-09-25 11:41:48,225 [Thread-233] INFO  impl.RoleInfo (RoleInfo.java:updateAndGet(143)) - b7064b77-9271-4e94-8225-85d895886efb: start LeaderElection
2019-09-25 11:41:48,252 [Thread-243] INFO  impl.FollowerState (FollowerState.java:run(106)) - 8c24ed06-386e-4085-8931-93c762a64530:group-BF1BD4D8076C changes to CANDIDATE, lastRpcTime:5017, electionTimeout:5017ms
2019-09-25 11:41:48,252 [Thread-243] INFO  impl.RoleInfo (RoleInfo.java:shutdownFollowerState(121)) - 8c24ed06-386e-4085-8931-93c762a64530: shutdown FollowerState
2019-09-25 11:41:48,252 [Thread-243] INFO  impl.RaftServerImpl (RaftServerImpl.java:setRole(174)) - 8c24ed06-386e-4085-8931-93c762a64530@group-BF1BD4D8076C: changes role from  FOLLOWER to CANDIDATE at term 0 for changeToCandidate
2019-09-25 11:41:48,253 [Thread-243] INFO  impl.RoleInfo (RoleInfo.java:updateAndGet(143)) - 8c24ed06-386e-4085-8931-93c762a64530: start LeaderElection
2019-09-25 11:41:48,258 [Thread-235] INFO  impl.FollowerState (FollowerState.java:run(106)) - d0888866-0bad-4f41-ad37-dccd4a57b958:group-CDCB2C8C105A changes to CANDIDATE, lastRpcTime:5165, electionTimeout:5163ms
2019-09-25 11:41:48,258 [Thread-235] INFO  impl.RoleInfo (RoleInfo.java:shutdownFollowerState(121)) - d0888866-0bad-4f41-ad37-dccd4a57b958: shutdown FollowerState
2019-09-25 11:41:48,259 [Thread-235] INFO  impl.RaftServerImpl (RaftServerImpl.java:setRole(174)) - d0888866-0bad-4f41-ad37-dccd4a57b958@group-CDCB2C8C105A: changes role from  FOLLOWER to CANDIDATE at term 0 for changeToCandidate
2019-09-25 11:41:48,259 [Thread-235] INFO  impl.RoleInfo (RoleInfo.java:updateAndGet(143)) - d0888866-0bad-4f41-ad37-dccd4a57b958: start LeaderElection
2019-09-25 11:41:48,299 [Thread-242] INFO  impl.FollowerState (FollowerState.java:run(106)) - 19e67e26-3d21-4d01-be9f-29113a4a814c:group-BF1BD4D8076C changes to CANDIDATE, lastRpcTime:5065, electionTimeout:5065ms
2019-09-25 11:41:48,299 [Thread-242] INFO  impl.RoleInfo (RoleInfo.java:shutdownFollowerState(121)) - 19e67e26-3d21-4d01-be9f-29113a4a814c: shutdown FollowerState
2019-09-25 11:41:48,300 [Thread-242] INFO  impl.RaftServerImpl (RaftServerImpl.java:setRole(174)) - 19e67e26-3d21-4d01-be9f-29113a4a814c@group-BF1BD4D8076C: changes role from  FOLLOWER to CANDIDATE at term 0 for changeToCandidate
2019-09-25 11:41:48,300 [Thread-242] INFO  impl.RoleInfo (RoleInfo.java:updateAndGet(143)) - 19e67e26-3d21-4d01-be9f-29113a4a814c: start LeaderElection
2019-09-25 11:41:48,380 [Thread-246] INFO  impl.FollowerState (FollowerState.java:run(106)) - e081c0a5-acfc-4a29-8262-ee158adf5b11:group-BF1BD4D8076C changes to CANDIDATE, lastRpcTime:5141, electionTimeout:5140ms
2019-09-25 11:41:48,380 [Thread-246] INFO  impl.RoleInfo (RoleInfo.java:shutdownFollowerState(121)) - e081c0a5-acfc-4a29-8262-ee158adf5b11: shutdown FollowerState
2019-09-25 11:41:48,380 [Thread-246] INFO  impl.RaftServerImpl (RaftServerImpl.java:setRole(174)) - e081c0a5-acfc-4a29-8262-ee158adf5b11@group-BF1BD4D8076C: changes role from  FOLLOWER to CANDIDATE at term 0 for changeToCandidate
2019-09-25 11:41:48,381 [Thread-246] INFO  impl.RoleInfo (RoleInfo.java:updateAndGet(143)) - e081c0a5-acfc-4a29-8262-ee158adf5b11: start LeaderElection
2019-09-25 11:41:48,419 [Thread-261] INFO  impl.FollowerState (FollowerState.java:run(106)) - b7064b77-9271-4e94-8225-85d895886efb:group-282EF1BFFEE0 changes to CANDIDATE, lastRpcTime:5011, electionTimeout:5011ms
2019-09-25 11:41:48,419 [Thread-261] INFO  impl.RoleInfo (RoleInfo.java:shutdownFollowerState(121)) - b7064b77-9271-4e94-8225-85d895886efb: shutdown FollowerState
2019-09-25 11:41:48,419 [Thread-261] INFO  impl.RaftServerImpl (RaftServerImpl.java:setRole(174)) - b7064b77-9271-4e94-8225-85d895886efb@group-282EF1BFFEE0: changes role from  FOLLOWER to CANDIDATE at term 0 for changeToCandidate
2019-09-25 11:41:48,419 [Thread-261] INFO  impl.RoleInfo (RoleInfo.java:updateAndGet(143)) - b7064b77-9271-4e94-8225-85d895886efb: start LeaderElection
2019-09-25 11:41:48,427 [Thread-260] INFO  impl.FollowerState (FollowerState.java:run(106)) - a7d59ef6-3eca-4628-b097-12d983444e7f:group-282EF1BFFEE0 changes to CANDIDATE, lastRpcTime:5019, electionTimeout:5019ms
2019-09-25 11:41:48,427 [Thread-260] INFO  impl.RoleInfo (RoleInfo.java:shutdownFollowerState(121)) - a7d59ef6-3eca-4628-b097-12d983444e7f: shutdown FollowerState
2019-09-25 11:41:48,427 [Thread-260] INFO  impl.RaftServerImpl (RaftServerImpl.java:setRole(174)) - a7d59ef6-3eca-4628-b097-12d983444e7f@group-282EF1BFFEE0: changes role from  FOLLOWER to CANDIDATE at term 0 for changeToCandidate
2019-09-25 11:41:48,427 [Thread-260] INFO  impl.RoleInfo (RoleInfo.java:updateAndGet(143)) - a7d59ef6-3eca-4628-b097-12d983444e7f: start LeaderElection
2019-09-25 11:41:48,431 [Thread-253] INFO  impl.FollowerState (FollowerState.java:run(106)) - b7064b77-9271-4e94-8225-85d895886efb:group-47DBAAEC82C8 changes to CANDIDATE, lastRpcTime:5101, electionTimeout:5100ms
2019-09-25 11:41:48,431 [Thread-253] INFO  impl.RoleInfo (RoleInfo.java:shutdownFollowerState(121)) - b7064b77-9271-4e94-8225-85d895886efb: shutdown FollowerState
2019-09-25 11:41:48,431 [Thread-253] INFO  impl.RaftServerImpl (RaftServerImpl.java:setRole(174)) - b7064b77-9271-4e94-8225-85d895886efb@group-47DBAAEC82C8: changes role from  FOLLOWER to CANDIDATE at term 0 for changeToCandidate
2019-09-25 11:41:48,431 [Thread-253] INFO  impl.RoleInfo (RoleInfo.java:updateAndGet(143)) - b7064b77-9271-4e94-8225-85d895886efb: start LeaderElection
2019-09-25 11:41:48,465 [Thread-254] INFO  impl.FollowerState (FollowerState.java:run(106)) - a7d59ef6-3eca-4628-b097-12d983444e7f:group-47DBAAEC82C8 changes to CANDIDATE, lastRpcTime:5134, electionTimeout:5132ms
2019-09-25 11:41:48,465 [Thread-254] INFO  impl.RoleInfo (RoleInfo.java:shutdownFollowerState(121)) - a7d59ef6-3eca-4628-b097-12d983444e7f: shutdown FollowerState
2019-09-25 11:41:48,465 [Thread-254] INFO  impl.RaftServerImpl (RaftServerImpl.java:setRole(174)) - a7d59ef6-3eca-4628-b097-12d983444e7f@group-47DBAAEC82C8: changes role from  FOLLOWER to CANDIDATE at term 0 for changeToCandidate
2019-09-25 11:41:48,466 [Thread-254] INFO  impl.RoleInfo (RoleInfo.java:updateAndGet(143)) - a7d59ef6-3eca-4628-b097-12d983444e7f: start LeaderElection
2019-09-25 11:41:48,474 [Thread-262] INFO  impl.FollowerState (FollowerState.java:run(106)) - d0888866-0bad-4f41-ad37-dccd4a57b958:group-282EF1BFFEE0 changes to CANDIDATE, lastRpcTime:5066, electionTimeout:5066ms
2019-09-25 11:41:48,474 [Thread-262] INFO  impl.RoleInfo (RoleInfo.java:shutdownFollowerState(121)) - d0888866-0bad-4f41-ad37-dccd4a57b958: shutdown FollowerState
2019-09-25 11:41:48,474 [Thread-262] INFO  impl.RaftServerImpl (RaftServerImpl.java:setRole(174)) - d0888866-0bad-4f41-ad37-dccd4a57b958@group-282EF1BFFEE0: changes role from  FOLLOWER to CANDIDATE at term 0 for changeToCandidate
2019-09-25 11:41:48,475 [Thread-262] INFO  impl.RoleInfo (RoleInfo.java:updateAndGet(143)) - d0888866-0bad-4f41-ad37-dccd4a57b958: start LeaderElection
2019-09-25 11:41:48,494 [Thread-251] INFO  impl.FollowerState (FollowerState.java:run(106)) - 8c24ed06-386e-4085-8931-93c762a64530:group-47DBAAEC82C8 changes to CANDIDATE, lastRpcTime:5166, electionTimeout:5166ms
2019-09-25 11:41:48,495 [Thread-251] INFO  impl.RoleInfo (RoleInfo.java:shutdownFollowerState(121)) - 8c24ed06-386e-4085-8931-93c762a64530: shutdown FollowerState
2019-09-25 11:41:48,495 [Thread-251] INFO  impl.RaftServerImpl (RaftServerImpl.java:setRole(174)) - 8c24ed06-386e-4085-8931-93c762a64530@group-47DBAAEC82C8: changes role from  FOLLOWER to CANDIDATE at term 0 for changeToCandidate
2019-09-25 11:41:48,495 [Thread-251] INFO  impl.RoleInfo (RoleInfo.java:updateAndGet(143)) - 8c24ed06-386e-4085-8931-93c762a64530: start LeaderElection
2019-09-25 11:41:48,552 [Thread-269] INFO  impl.FollowerState (FollowerState.java:run(106)) - 8c24ed06-386e-4085-8931-93c762a64530:group-ADB1B60517AF changes to CANDIDATE, lastRpcTime:5062, electionTimeout:5062ms
2019-09-25 11:41:48,552 [Thread-269] INFO  impl.RoleInfo (RoleInfo.java:shutdownFollowerState(121)) - 8c24ed06-386e-4085-8931-93c762a64530: shutdown FollowerState
2019-09-25 11:41:48,552 [Thread-269] INFO  impl.RaftServerImpl (RaftServerImpl.java:setRole(174)) - 8c24ed06-386e-4085-8931-93c762a64530@group-ADB1B60517AF: changes role from  FOLLOWER to CANDIDATE at term 0 for changeToCandidate
2019-09-25 11:41:48,552 [Thread-269] INFO  impl.RoleInfo (RoleInfo.java:updateAndGet(143)) - 8c24ed06-386e-4085-8931-93c762a64530: start LeaderElection
2019-09-25 11:41:48,571 [Thread-271] INFO  impl.FollowerState (FollowerState.java:run(106)) - d0888866-0bad-4f41-ad37-dccd4a57b958:group-ADB1B60517AF changes to CANDIDATE, lastRpcTime:5079, electionTimeout:5079ms
2019-09-25 11:41:48,571 [Thread-271] INFO  impl.RoleInfo (RoleInfo.java:shutdownFollowerState(121)) - d0888866-0bad-4f41-ad37-dccd4a57b958: shutdown FollowerState
2019-09-25 11:41:48,571 [Thread-271] INFO  impl.RaftServerImpl (RaftServerImpl.java:setRole(174)) - d0888866-0bad-4f41-ad37-dccd4a57b958@group-ADB1B60517AF: changes role from  FOLLOWER to CANDIDATE at term 0 for changeToCandidate
2019-09-25 11:41:48,571 [Thread-271] INFO  impl.RoleInfo (RoleInfo.java:updateAndGet(143)) - d0888866-0bad-4f41-ad37-dccd4a57b958: start LeaderElection
2019-09-25 11:41:48,620 [Thread-278] INFO  impl.FollowerState (FollowerState.java:run(106)) - d0888866-0bad-4f41-ad37-dccd4a57b958:group-DBE87B3B08CE changes to CANDIDATE, lastRpcTime:5046, electionTimeout:5046ms
2019-09-25 11:41:48,620 [Thread-278] INFO  impl.RoleInfo (RoleInfo.java:shutdownFollowerState(121)) - d0888866-0bad-4f41-ad37-dccd4a57b958: shutdown FollowerState
2019-09-25 11:41:48,620 [Thread-278] INFO  impl.RaftServerImpl (RaftServerImpl.java:setRole(174)) - d0888866-0bad-4f41-ad37-dccd4a57b958@group-DBE87B3B08CE: changes role from  FOLLOWER to CANDIDATE at term 0 for changeToCandidate
2019-09-25 11:41:48,621 [Thread-278] INFO  impl.RoleInfo (RoleInfo.java:updateAndGet(143)) - d0888866-0bad-4f41-ad37-dccd4a57b958: start LeaderElection
2019-09-25 11:41:48,654 [Thread-272] INFO  impl.FollowerState (FollowerState.java:run(106)) - 19e67e26-3d21-4d01-be9f-29113a4a814c:group-ADB1B60517AF changes to CANDIDATE, lastRpcTime:5162, electionTimeout:5162ms
2019-09-25 11:41:48,654 [Thread-272] INFO  impl.RoleInfo (RoleInfo.java:shutdownFollowerState(121)) - 19e67e26-3d21-4d01-be9f-29113a4a814c: shutdown FollowerState
2019-09-25 11:41:48,655 [Thread-272] INFO  impl.RaftServerImpl (RaftServerImpl.java:setRole(174)) - 19e67e26-3d21-4d01-be9f-29113a4a814c@group-ADB1B60517AF: changes role from  FOLLOWER to CANDIDATE at term 0 for changeToCandidate
2019-09-25 11:41:48,655 [Thread-272] INFO  impl.RoleInfo (RoleInfo.java:updateAndGet(143)) - 19e67e26-3d21-4d01-be9f-29113a4a814c: start LeaderElection
2019-09-25 11:41:48,669 [Thread-280] INFO  impl.FollowerState (FollowerState.java:run(106)) - 8c24ed06-386e-4085-8931-93c762a64530:group-DBE87B3B08CE changes to CANDIDATE, lastRpcTime:5093, electionTimeout:5090ms
2019-09-25 11:41:48,670 [Thread-280] INFO  impl.RoleInfo (RoleInfo.java:shutdownFollowerState(121)) - 8c24ed06-386e-4085-8931-93c762a64530: shutdown FollowerState
2019-09-25 11:41:48,670 [Thread-280] INFO  impl.RaftServerImpl (RaftServerImpl.java:setRole(174)) - 8c24ed06-386e-4085-8931-93c762a64530@group-DBE87B3B08CE: changes role from  FOLLOWER to CANDIDATE at term 0 for changeToCandidate
2019-09-25 11:41:48,670 [Thread-280] INFO  impl.RoleInfo (RoleInfo.java:updateAndGet(143)) - 8c24ed06-386e-4085-8931-93c762a64530: start LeaderElection
2019-09-25 11:41:48,675 [Thread-287] INFO  impl.FollowerState (FollowerState.java:run(106)) - 8c24ed06-386e-4085-8931-93c762a64530:group-B9DEF2EDD277 changes to CANDIDATE, lastRpcTime:5012, electionTimeout:5004ms
2019-09-25 11:41:48,676 [Thread-287] INFO  impl.RoleInfo (RoleInfo.java:shutdownFollowerState(121)) - 8c24ed06-386e-4085-8931-93c762a64530: shutdown FollowerState
2019-09-25 11:41:48,676 [Thread-287] INFO  impl.RaftServerImpl (RaftServerImpl.java:setRole(174)) - 8c24ed06-386e-4085-8931-93c762a64530@group-B9DEF2EDD277: changes role from  FOLLOWER to CANDIDATE at term 0 for changeToCandidate
2019-09-25 11:41:48,676 [Thread-287] INFO  impl.RoleInfo (RoleInfo.java:updateAndGet(143)) - 8c24ed06-386e-4085-8931-93c762a64530: start LeaderElection
2019-09-25 11:41:48,682 [Thread-281] INFO  impl.FollowerState (FollowerState.java:run(106)) - a7d59ef6-3eca-4628-b097-12d983444e7f:group-DBE87B3B08CE changes to CANDIDATE, lastRpcTime:5102, electionTimeout:5099ms
2019-09-25 11:41:48,682 [Thread-281] INFO  impl.RoleInfo (RoleInfo.java:shutdownFollowerState(121)) - a7d59ef6-3eca-4628-b097-12d983444e7f: shutdown FollowerState
2019-09-25 11:41:48,682 [Thread-281] INFO  impl.RaftServerImpl (RaftServerImpl.java:setRole(174)) - a7d59ef6-3eca-4628-b097-12d983444e7f@group-DBE87B3B08CE: changes role from  FOLLOWER to CANDIDATE at term 0 for changeToCandidate
2019-09-25 11:41:48,682 [Thread-281] INFO  impl.RoleInfo (RoleInfo.java:updateAndGet(143)) - a7d59ef6-3eca-4628-b097-12d983444e7f: start LeaderElection
2019-09-25 11:41:48,752 [Thread-299] INFO  impl.FollowerState (FollowerState.java:run(106)) - e081c0a5-acfc-4a29-8262-ee158adf5b11:group-7CC56FB5D3F9 changes to CANDIDATE, lastRpcTime:5002, electionTimeout:5002ms
2019-09-25 11:41:48,753 [Thread-299] INFO  impl.RoleInfo (RoleInfo.java:shutdownFollowerState(121)) - e081c0a5-acfc-4a29-8262-ee158adf5b11: shutdown FollowerState
2019-09-25 11:41:48,753 [Thread-299] INFO  impl.RaftServerImpl (RaftServerImpl.java:setRole(174)) - e081c0a5-acfc-4a29-8262-ee158adf5b11@group-7CC56FB5D3F9: changes role from  FOLLOWER to CANDIDATE at term 0 for changeToCandidate
2019-09-25 11:41:48,753 [Thread-299] INFO  impl.RoleInfo (RoleInfo.java:updateAndGet(143)) - e081c0a5-acfc-4a29-8262-ee158adf5b11: start LeaderElection
2019-09-25 11:41:48,808 [Thread-291] INFO  impl.FollowerState (FollowerState.java:run(106)) - b7064b77-9271-4e94-8225-85d895886efb:group-B9DEF2EDD277 changes to CANDIDATE, lastRpcTime:5130, electionTimeout:5125ms
2019-09-25 11:41:48,808 [Thread-291] INFO  impl.RoleInfo (RoleInfo.java:shutdownFollowerState(121)) - b7064b77-9271-4e94-8225-85d895886efb: shutdown FollowerState
2019-09-25 11:41:48,808 [Thread-291] INFO  impl.RaftServerImpl (RaftServerImpl.java:setRole(174)) - b7064b77-9271-4e94-8225-85d895886efb@group-B9DEF2EDD277: changes role from  FOLLOWER to CANDIDATE at term 0 for changeToCandidate
2019-09-25 11:41:48,808 [Thread-291] INFO  impl.RoleInfo (RoleInfo.java:updateAndGet(143)) - b7064b77-9271-4e94-8225-85d895886efb: start LeaderElection
2019-09-25 11:41:48,855 [Thread-289] INFO  impl.FollowerState (FollowerState.java:run(106)) - 19e67e26-3d21-4d01-be9f-29113a4a814c:group-B9DEF2EDD277 changes to CANDIDATE, lastRpcTime:5180, electionTimeout:5180ms
2019-09-25 11:41:48,856 [Thread-289] INFO  impl.RoleInfo (RoleInfo.java:shutdownFollowerState(121)) - 19e67e26-3d21-4d01-be9f-29113a4a814c: shutdown FollowerState
2019-09-25 11:41:48,856 [Thread-289] INFO  impl.RaftServerImpl (RaftServerImpl.java:setRole(174)) - 19e67e26-3d21-4d01-be9f-29113a4a814c@group-B9DEF2EDD277: changes role from  FOLLOWER to CANDIDATE at term 0 for changeToCandidate
2019-09-25 11:41:48,856 [Thread-289] INFO  impl.RoleInfo (RoleInfo.java:updateAndGet(143)) - 19e67e26-3d21-4d01-be9f-29113a4a814c: start LeaderElection
2019-09-25 11:41:48,873 [Thread-308] INFO  impl.FollowerState (FollowerState.java:run(106)) - a7d59ef6-3eca-4628-b097-12d983444e7f:group-F2E0294EDFC2 changes to CANDIDATE, lastRpcTime:5037, electionTimeout:5037ms
2019-09-25 11:41:48,873 [Thread-308] INFO  impl.RoleInfo (RoleInfo.java:shutdownFollowerState(121)) - a7d59ef6-3eca-4628-b097-12d983444e7f: shutdown FollowerState
2019-09-25 11:41:48,874 [Thread-308] INFO  impl.RaftServerImpl (RaftServerImpl.java:setRole(174)) - a7d59ef6-3eca-4628-b097-12d983444e7f@group-F2E0294EDFC2: changes role from  FOLLOWER to CANDIDATE at term 0 for changeToCandidate
2019-09-25 11:41:48,874 [Thread-308] INFO  impl.RoleInfo (RoleInfo.java:updateAndGet(143)) - a7d59ef6-3eca-4628-b097-12d983444e7f: start LeaderElection
2019-09-25 11:41:48,883 [Thread-296] INFO  impl.FollowerState (FollowerState.java:run(106)) - a7d59ef6-3eca-4628-b097-12d983444e7f:group-7CC56FB5D3F9 changes to CANDIDATE, lastRpcTime:5138, electionTimeout:5138ms
2019-09-25 11:41:48,883 [Thread-296] INFO  impl.RoleInfo (RoleInfo.java:shutdownFollowerState(121)) - a7d59ef6-3eca-4628-b097-12d983444e7f: shutdown FollowerState
2019-09-25 11:41:48,883 [Thread-296] INFO  impl.RaftServerImpl (RaftServerImpl.java:setRole(174)) - a7d59ef6-3eca-4628-b097-12d983444e7f@group-7CC56FB5D3F9: changes role from  FOLLOWER to CANDIDATE at term 0 for changeToCandidate
2019-09-25 11:41:48,884 [Thread-296] INFO  impl.RoleInfo (RoleInfo.java:updateAndGet(143)) - a7d59ef6-3eca-4628-b097-12d983444e7f: start LeaderElection
2019-09-25 11:41:48,910 [Thread-307] INFO  impl.FollowerState (FollowerState.java:run(106)) - d0888866-0bad-4f41-ad37-dccd4a57b958:group-F2E0294EDFC2 changes to CANDIDATE, lastRpcTime:5074, electionTimeout:5074ms
2019-09-25 11:41:48,910 [Thread-307] INFO  impl.RoleInfo (RoleInfo.java:shutdownFollowerState(121)) - d0888866-0bad-4f41-ad37-dccd4a57b958: shutdown FollowerState
2019-09-25 11:41:48,910 [Thread-307] INFO  impl.RaftServerImpl (RaftServerImpl.java:setRole(174)) - d0888866-0bad-4f41-ad37-dccd4a57b958@group-F2E0294EDFC2: changes role from  FOLLOWER to CANDIDATE at term 0 for changeToCandidate
2019-09-25 11:41:48,910 [Thread-307] INFO  impl.RoleInfo (RoleInfo.java:updateAndGet(143)) - d0888866-0bad-4f41-ad37-dccd4a57b958: start LeaderElection
2019-09-25 11:41:48,948 [Thread-298] INFO  impl.FollowerState (FollowerState.java:run(106)) - 19e67e26-3d21-4d01-be9f-29113a4a814c:group-7CC56FB5D3F9 changes to CANDIDATE, lastRpcTime:5198, electionTimeout:5198ms
2019-09-25 11:41:48,948 [Thread-298] INFO  impl.RoleInfo (RoleInfo.java:shutdownFollowerState(121)) - 19e67e26-3d21-4d01-be9f-29113a4a814c: shutdown FollowerState
2019-09-25 11:41:48,949 [Thread-298] INFO  impl.RaftServerImpl (RaftServerImpl.java:setRole(174)) - 19e67e26-3d21-4d01-be9f-29113a4a814c@group-7CC56FB5D3F9: changes role from  FOLLOWER to CANDIDATE at term 0 for changeToCandidate
2019-09-25 11:41:48,949 [Thread-298] INFO  impl.RoleInfo (RoleInfo.java:updateAndGet(143)) - 19e67e26-3d21-4d01-be9f-29113a4a814c: start LeaderElection
2019-09-25 11:41:48,949 [Thread-316] INFO  impl.FollowerState (FollowerState.java:run(106)) - a7d59ef6-3eca-4628-b097-12d983444e7f:group-6E9EB1C0F638 changes to CANDIDATE, lastRpcTime:5020, electionTimeout:5020ms
2019-09-25 11:41:48,952 [Thread-316] INFO  impl.RoleInfo (RoleInfo.java:shutdownFollowerState(121)) - a7d59ef6-3eca-4628-b097-12d983444e7f: shutdown FollowerState
2019-09-25 11:41:48,952 [Thread-316] INFO  impl.RaftServerImpl (RaftServerImpl.java:setRole(174)) - a7d59ef6-3eca-4628-b097-12d983444e7f@group-6E9EB1C0F638: changes role from  FOLLOWER to CANDIDATE at term 0 for changeToCandidate
2019-09-25 11:41:48,952 [Thread-316] INFO  impl.RoleInfo (RoleInfo.java:updateAndGet(143)) - a7d59ef6-3eca-4628-b097-12d983444e7f: start LeaderElection
2019-09-25 11:41:49,046 [Thread-305] INFO  impl.FollowerState (FollowerState.java:run(106)) - b7064b77-9271-4e94-8225-85d895886efb:group-F2E0294EDFC2 changes to CANDIDATE, lastRpcTime:5213, electionTimeout:5160ms
2019-09-25 11:41:49,057 [Thread-305] INFO  impl.RoleInfo (RoleInfo.java:shutdownFollowerState(121)) - b7064b77-9271-4e94-8225-85d895886efb: shutdown FollowerState
2019-09-25 11:41:49,059 [Thread-325] INFO  impl.FollowerState (FollowerState.java:run(106)) - d0888866-0bad-4f41-ad37-dccd4a57b958:group-071025EF7F78 changes to CANDIDATE, lastRpcTime:5021, electionTimeout:5020ms
2019-09-25 11:41:49,060 [Thread-305] INFO  impl.RaftServerImpl (RaftServerImpl.java:setRole(174)) - b7064b77-9271-4e94-8225-85d895886efb@group-F2E0294EDFC2: changes role from  FOLLOWER to CANDIDATE at term 0 for changeToCandidate
2019-09-25 11:41:49,060 [Thread-325] INFO  impl.RoleInfo (RoleInfo.java:shutdownFollowerState(121)) - d0888866-0bad-4f41-ad37-dccd4a57b958: shutdown FollowerState
2019-09-25 11:41:49,060 [Thread-305] INFO  impl.RoleInfo (RoleInfo.java:updateAndGet(143)) - b7064b77-9271-4e94-8225-85d895886efb: start LeaderElection
2019-09-25 11:41:49,060 [Thread-325] INFO  impl.RaftServerImpl (RaftServerImpl.java:setRole(174)) - d0888866-0bad-4f41-ad37-dccd4a57b958@group-071025EF7F78: changes role from  FOLLOWER to CANDIDATE at term 0 for changeToCandidate
2019-09-25 11:41:49,060 [Thread-325] INFO  impl.RoleInfo (RoleInfo.java:updateAndGet(143)) - d0888866-0bad-4f41-ad37-dccd4a57b958: start LeaderElection
2019-09-25 11:41:49,071 [Thread-317] INFO  impl.FollowerState (FollowerState.java:run(106)) - b7064b77-9271-4e94-8225-85d895886efb:group-6E9EB1C0F638 changes to CANDIDATE, lastRpcTime:5141, electionTimeout:5140ms
2019-09-25 11:41:49,073 [Thread-317] INFO  impl.RoleInfo (RoleInfo.java:shutdownFollowerState(121)) - b7064b77-9271-4e94-8225-85d895886efb: shutdown FollowerState
2019-09-25 11:41:49,073 [Thread-317] INFO  impl.RaftServerImpl (RaftServerImpl.java:setRole(174)) - b7064b77-9271-4e94-8225-85d895886efb@group-6E9EB1C0F638: changes role from  FOLLOWER to CANDIDATE at term 0 for changeToCandidate
2019-09-25 11:41:49,073 [Thread-317] INFO  impl.RoleInfo (RoleInfo.java:updateAndGet(143)) - b7064b77-9271-4e94-8225-85d895886efb: start LeaderElection
2019-09-25 11:41:49,114 [Thread-314] INFO  impl.FollowerState (FollowerState.java:run(106)) - e081c0a5-acfc-4a29-8262-ee158adf5b11:group-6E9EB1C0F638 changes to CANDIDATE, lastRpcTime:5192, electionTimeout:5192ms
2019-09-25 11:41:49,114 [Thread-314] INFO  impl.RoleInfo (RoleInfo.java:shutdownFollowerState(121)) - e081c0a5-acfc-4a29-8262-ee158adf5b11: shutdown FollowerState
2019-09-25 11:41:49,114 [Thread-314] INFO  impl.RaftServerImpl (RaftServerImpl.java:setRole(174)) - e081c0a5-acfc-4a29-8262-ee158adf5b11@group-6E9EB1C0F638: changes role from  FOLLOWER to CANDIDATE at term 0 for changeToCandidate
2019-09-25 11:41:49,114 [Thread-314] INFO  impl.RoleInfo (RoleInfo.java:updateAndGet(143)) - e081c0a5-acfc-4a29-8262-ee158adf5b11: start LeaderElection
2019-09-25 11:41:49,208 [Thread-327] INFO  impl.FollowerState (FollowerState.java:run(106)) - 19e67e26-3d21-4d01-be9f-29113a4a814c:group-071025EF7F78 changes to CANDIDATE, lastRpcTime:5163, electionTimeout:5163ms
2019-09-25 11:41:49,212 [Thread-330] INFO  impl.FollowerState (FollowerState.java:run(106)) - e081c0a5-acfc-4a29-8262-ee158adf5b11:group-4519217FD965 changes to CANDIDATE, lastRpcTime:5102, electionTimeout:5099ms
2019-09-25 11:41:49,212 [Thread-327] INFO  impl.RoleInfo (RoleInfo.java:shutdownFollowerState(121)) - 19e67e26-3d21-4d01-be9f-29113a4a814c: shutdown FollowerState
2019-09-25 11:41:49,212 [Thread-330] INFO  impl.RoleInfo (RoleInfo.java:shutdownFollowerState(121)) - e081c0a5-acfc-4a29-8262-ee158adf5b11: shutdown FollowerState
2019-09-25 11:41:49,212 [Thread-327] INFO  impl.RaftServerImpl (RaftServerImpl.java:setRole(174)) - 19e67e26-3d21-4d01-be9f-29113a4a814c@group-071025EF7F78: changes role from  FOLLOWER to CANDIDATE at term 0 for changeToCandidate
2019-09-25 11:41:49,212 [Thread-330] INFO  impl.RaftServerImpl (RaftServerImpl.java:setRole(174)) - e081c0a5-acfc-4a29-8262-ee158adf5b11@group-4519217FD965: changes role from  FOLLOWER to CANDIDATE at term 0 for changeToCandidate
2019-09-25 11:41:49,212 [Thread-327] INFO  impl.RoleInfo (RoleInfo.java:updateAndGet(143)) - 19e67e26-3d21-4d01-be9f-29113a4a814c: start LeaderElection
2019-09-25 11:41:49,212 [Thread-330] INFO  impl.RoleInfo (RoleInfo.java:updateAndGet(143)) - e081c0a5-acfc-4a29-8262-ee158adf5b11: start LeaderElection
2019-09-25 11:41:49,228 [Thread-323] INFO  impl.FollowerState (FollowerState.java:run(106)) - e081c0a5-acfc-4a29-8262-ee158adf5b11:group-071025EF7F78 changes to CANDIDATE, lastRpcTime:5192, electionTimeout:5192ms
2019-09-25 11:41:49,229 [Thread-323] INFO  impl.RoleInfo (RoleInfo.java:shutdownFollowerState(121)) - e081c0a5-acfc-4a29-8262-ee158adf5b11: shutdown FollowerState
2019-09-25 11:41:49,229 [Thread-323] INFO  impl.RaftServerImpl (RaftServerImpl.java:setRole(174)) - e081c0a5-acfc-4a29-8262-ee158adf5b11@group-071025EF7F78: changes role from  FOLLOWER to CANDIDATE at term 0 for changeToCandidate
2019-09-25 11:41:49,229 [Thread-323] INFO  impl.RoleInfo (RoleInfo.java:updateAndGet(143)) - e081c0a5-acfc-4a29-8262-ee158adf5b11: start LeaderElection
2019-09-25 11:41:49,268 [Thread-333] INFO  impl.FollowerState (FollowerState.java:run(106)) - 19e67e26-3d21-4d01-be9f-29113a4a814c:group-158143B13CCA changes to CANDIDATE, lastRpcTime:5085, electionTimeout:5085ms
2019-09-25 11:41:49,268 [Thread-333] INFO  impl.RoleInfo (RoleInfo.java:shutdownFollowerState(121)) - 19e67e26-3d21-4d01-be9f-29113a4a814c: shutdown FollowerState
2019-09-25 11:41:49,268 [Thread-333] INFO  impl.RaftServerImpl (RaftServerImpl.java:setRole(174)) - 19e67e26-3d21-4d01-be9f-29113a4a814c@group-158143B13CCA: changes role from  FOLLOWER to CANDIDATE at term 0 for changeToCandidate
2019-09-25 11:41:49,269 [Thread-333] INFO  impl.RoleInfo (RoleInfo.java:updateAndGet(143)) - 19e67e26-3d21-4d01-be9f-29113a4a814c: start LeaderElection
2019-09-25 11:41:49,364 [Thread-336] INFO  impl.FollowerState (FollowerState.java:run(106)) - e081c0a5-acfc-4a29-8262-ee158adf5b11:group-34523102FCC0 changes to CANDIDATE, lastRpcTime:5122, electionTimeout:5122ms
2019-09-25 11:41:49,364 [Thread-336] INFO  impl.RoleInfo (RoleInfo.java:shutdownFollowerState(121)) - e081c0a5-acfc-4a29-8262-ee158adf5b11: shutdown FollowerState
2019-09-25 11:41:49,364 [Thread-336] INFO  impl.RaftServerImpl (RaftServerImpl.java:setRole(174)) - e081c0a5-acfc-4a29-8262-ee158adf5b11@group-34523102FCC0: changes role from  FOLLOWER to CANDIDATE at term 0 for changeToCandidate
2019-09-25 11:41:49,365 [Thread-336] INFO  impl.RoleInfo (RoleInfo.java:updateAndGet(143)) - e081c0a5-acfc-4a29-8262-ee158adf5b11: start LeaderElection
2019-09-25 11:41:49,875 [8c24ed06-386e-4085-8931-93c762a64530@group-CDCB2C8C105A:LeaderElection2] INFO  impl.LeaderElection (LeaderElection.java:askForVotes(182)) - 8c24ed06-386e-4085-8931-93c762a64530@group-CDCB2C8C105A:LeaderElection2: begin an election at term 1 for -1: [d0888866-0bad-4f41-ad37-dccd4a57b958:192.168.30.6:45405, 8c24ed06-386e-4085-8931-93c762a64530:192.168.30.6:32862, b7064b77-9271-4e94-8225-85d895886efb:192.168.30.6:41519], old=null
2019-09-25 11:41:49,875 [b7064b77-9271-4e94-8225-85d895886efb@group-282EF1BFFEE0:LeaderElection8] INFO  impl.LeaderElection (LeaderElection.java:askForVotes(182)) - b7064b77-9271-4e94-8225-85d895886efb@group-282EF1BFFEE0:LeaderElection8: begin an election at term 1 for -1: [d0888866-0bad-4f41-ad37-dccd4a57b958:192.168.30.6:45405, a7d59ef6-3eca-4628-b097-12d983444e7f:192.168.30.6:43486, b7064b77-9271-4e94-8225-85d895886efb:192.168.30.6:41519], old=null
2019-09-25 11:41:49,875 [8c24ed06-386e-4085-8931-93c762a64530@group-BF1BD4D8076C:LeaderElection4] INFO  impl.LeaderElection (LeaderElection.java:askForVotes(182)) - 8c24ed06-386e-4085-8931-93c762a64530@group-BF1BD4D8076C:LeaderElection4: begin an election at term 1 for -1: [e081c0a5-acfc-4a29-8262-ee158adf5b11:192.168.30.6:37941, 19e67e26-3d21-4d01-be9f-29113a4a814c:192.168.30.6:34535, 8c24ed06-386e-4085-8931-93c762a64530:192.168.30.6:32862], old=null
2019-09-25 11:41:49,875 [8c24ed06-386e-4085-8931-93c762a64530@group-47DBAAEC82C8:LeaderElection13] INFO  impl.LeaderElection (LeaderElection.java:askForVotes(182)) - 8c24ed06-386e-4085-8931-93c762a64530@group-47DBAAEC82C8:LeaderElection13: begin an election at term 1 for -1: [a7d59ef6-3eca-4628-b097-12d983444e7f:192.168.30.6:43486, 8c24ed06-386e-4085-8931-93c762a64530:192.168.30.6:32862, b7064b77-9271-4e94-8225-85d895886efb:192.168.30.6:41519], old=null
2019-09-25 11:41:49,875 [b7064b77-9271-4e94-8225-85d895886efb@group-47DBAAEC82C8:LeaderElection10] INFO  impl.LeaderElection (LeaderElection.java:askForVotes(182)) - b7064b77-9271-4e94-8225-85d895886efb@group-47DBAAEC82C8:LeaderElection10: begin an election at term 1 for -1: [a7d59ef6-3eca-4628-b097-12d983444e7f:192.168.30.6:43486, 8c24ed06-386e-4085-8931-93c762a64530:192.168.30.6:32862, b7064b77-9271-4e94-8225-85d895886efb:192.168.30.6:41519], old=null
2019-09-25 11:41:49,875 [d0888866-0bad-4f41-ad37-dccd4a57b958@group-CDCB2C8C105A:LeaderElection5] INFO  impl.LeaderElection (LeaderElection.java:askForVotes(182)) - d0888866-0bad-4f41-ad37-dccd4a57b958@group-CDCB2C8C105A:LeaderElection5: begin an election at term 1 for -1: [d0888866-0bad-4f41-ad37-dccd4a57b958:192.168.30.6:45405, 8c24ed06-386e-4085-8931-93c762a64530:192.168.30.6:32862, b7064b77-9271-4e94-8225-85d895886efb:192.168.30.6:41519], old=null
2019-09-25 11:41:49,875 [d0888866-0bad-4f41-ad37-dccd4a57b958@group-282EF1BFFEE0:LeaderElection12] INFO  impl.LeaderElection (LeaderElection.java:askForVotes(182)) - d0888866-0bad-4f41-ad37-dccd4a57b958@group-282EF1BFFEE0:LeaderElection12: begin an election at term 1 for -1: [d0888866-0bad-4f41-ad37-dccd4a57b958:192.168.30.6:45405, a7d59ef6-3eca-4628-b097-12d983444e7f:192.168.30.6:43486, b7064b77-9271-4e94-8225-85d895886efb:192.168.30.6:41519], old=null
2019-09-25 11:41:49,875 [e081c0a5-acfc-4a29-8262-ee158adf5b11@group-BF1BD4D8076C:LeaderElection7] INFO  impl.LeaderElection (LeaderElection.java:askForVotes(182)) - e081c0a5-acfc-4a29-8262-ee158adf5b11@group-BF1BD4D8076C:LeaderElection7: begin an election at term 1 for -1: [e081c0a5-acfc-4a29-8262-ee158adf5b11:192.168.30.6:37941, 19e67e26-3d21-4d01-be9f-29113a4a814c:192.168.30.6:34535, 8c24ed06-386e-4085-8931-93c762a64530:192.168.30.6:32862], old=null
2019-09-25 11:41:49,875 [a7d59ef6-3eca-4628-b097-12d983444e7f@group-47DBAAEC82C8:LeaderElection11] INFO  impl.LeaderElection (LeaderElection.java:askForVotes(182)) - a7d59ef6-3eca-4628-b097-12d983444e7f@group-47DBAAEC82C8:LeaderElection11: begin an election at term 1 for -1: [a7d59ef6-3eca-4628-b097-12d983444e7f:192.168.30.6:43486, 8c24ed06-386e-4085-8931-93c762a64530:192.168.30.6:32862, b7064b77-9271-4e94-8225-85d895886efb:192.168.30.6:41519], old=null
2019-09-25 11:41:49,875 [19e67e26-3d21-4d01-be9f-29113a4a814c@group-BF1BD4D8076C:LeaderElection6] INFO  impl.LeaderElection (LeaderElection.java:askForVotes(182)) - 19e67e26-3d21-4d01-be9f-29113a4a814c@group-BF1BD4D8076C:LeaderElection6: begin an election at term 1 for -1: [e081c0a5-acfc-4a29-8262-ee158adf5b11:192.168.30.6:37941, 19e67e26-3d21-4d01-be9f-29113a4a814c:192.168.30.6:34535, 8c24ed06-386e-4085-8931-93c762a64530:192.168.30.6:32862], old=null
2019-09-25 11:41:49,875 [b7064b77-9271-4e94-8225-85d895886efb@group-CDCB2C8C105A:LeaderElection3] INFO  impl.LeaderElection (LeaderElection.java:askForVotes(182)) - b7064b77-9271-4e94-8225-85d895886efb@group-CDCB2C8C105A:LeaderElection3: begin an election at term 1 for -1: [d0888866-0bad-4f41-ad37-dccd4a57b958:192.168.30.6:45405, 8c24ed06-386e-4085-8931-93c762a64530:192.168.30.6:32862, b7064b77-9271-4e94-8225-85d895886efb:192.168.30.6:41519], old=null
2019-09-25 11:41:49,875 [a7d59ef6-3eca-4628-b097-12d983444e7f@group-282EF1BFFEE0:LeaderElection9] INFO  impl.LeaderElection (LeaderElection.java:askForVotes(182)) - a7d59ef6-3eca-4628-b097-12d983444e7f@group-282EF1BFFEE0:LeaderElection9: begin an election at term 1 for -1: [d0888866-0bad-4f41-ad37-dccd4a57b958:192.168.30.6:45405, a7d59ef6-3eca-4628-b097-12d983444e7f:192.168.30.6:43486, b7064b77-9271-4e94-8225-85d895886efb:192.168.30.6:41519], old=null
2019-09-25 11:41:49,972 [8c24ed06-386e-4085-8931-93c762a64530@group-BF1BD4D8076C:LeaderElection4] INFO  impl.LeaderElection (LeaderElection.java:logAndReturn(56)) - 8c24ed06-386e-4085-8931-93c762a64530@group-BF1BD4D8076C:LeaderElection4: Election REJECTED; received 2 response(s) [8c24ed06-386e-4085-8931-93c762a64530<-e081c0a5-acfc-4a29-8262-ee158adf5b11#0:FAIL-t1, 8c24ed06-386e-4085-8931-93c762a64530<-19e67e26-3d21-4d01-be9f-29113a4a814c#0:FAIL-t1] and 0 exception(s); 8c24ed06-386e-4085-8931-93c762a64530@group-BF1BD4D8076C:t1, leader=null, voted=8c24ed06-386e-4085-8931-93c762a64530, raftlog=8c24ed06-386e-4085-8931-93c762a64530@group-BF1BD4D8076C-SegmentedRaftLog:OPENED:c-1,f-1,i0, conf=-1: [e081c0a5-acfc-4a29-8262-ee158adf5b11:192.168.30.6:37941, 19e67e26-3d21-4d01-be9f-29113a4a814c:192.168.30.6:34535, 8c24ed06-386e-4085-8931-93c762a64530:192.168.30.6:32862], old=null
2019-09-25 11:41:49,972 [b7064b77-9271-4e94-8225-85d895886efb@group-282EF1BFFEE0:LeaderElection8] INFO  impl.LeaderElection (LeaderElection.java:logAndReturn(56)) - b7064b77-9271-4e94-8225-85d895886efb@group-282EF1BFFEE0:LeaderElection8: Election REJECTED; received 2 response(s) [b7064b77-9271-4e94-8225-85d895886efb<-d0888866-0bad-4f41-ad37-dccd4a57b958#0:FAIL-t1, b7064b77-9271-4e94-8225-85d895886efb<-a7d59ef6-3eca-4628-b097-12d983444e7f#0:FAIL-t1] and 0 exception(s); b7064b77-9271-4e94-8225-85d895886efb@group-282EF1BFFEE0:t1, leader=null, voted=b7064b77-9271-4e94-8225-85d895886efb, raftlog=b7064b77-9271-4e94-8225-85d895886efb@group-282EF1BFFEE0-SegmentedRaftLog:OPENED:c-1,f-1,i0, conf=-1: [d0888866-0bad-4f41-ad37-dccd4a57b958:192.168.30.6:45405, a7d59ef6-3eca-4628-b097-12d983444e7f:192.168.30.6:43486, b7064b77-9271-4e94-8225-85d895886efb:192.168.30.6:41519], old=null
2019-09-25 11:41:49,972 [8c24ed06-386e-4085-8931-93c762a64530@group-47DBAAEC82C8:LeaderElection13] INFO  impl.LeaderElection (LeaderElection.java:logAndReturn(56)) - 8c24ed06-386e-4085-8931-93c762a64530@group-47DBAAEC82C8:LeaderElection13: Election REJECTED; received 2 response(s) [8c24ed06-386e-4085-8931-93c762a64530<-a7d59ef6-3eca-4628-b097-12d983444e7f#0:FAIL-t1, 8c24ed06-386e-4085-8931-93c762a64530<-b7064b77-9271-4e94-8225-85d895886efb#0:FAIL-t1] and 0 exception(s); 8c24ed06-386e-4085-8931-93c762a64530@group-47DBAAEC82C8:t1, leader=null, voted=8c24ed06-386e-4085-8931-93c762a64530, raftlog=8c24ed06-386e-4085-8931-93c762a64530@group-47DBAAEC82C8-SegmentedRaftLog:OPENED:c-1,f-1,i0, conf=-1: [a7d59ef6-3eca-4628-b097-12d983444e7f:192.168.30.6:43486, 8c24ed06-386e-4085-8931-93c762a64530:192.168.30.6:32862, b7064b77-9271-4e94-8225-85d895886efb:192.168.30.6:41519], old=null
2019-09-25 11:41:49,972 [19e67e26-3d21-4d01-be9f-29113a4a814c@group-BF1BD4D8076C:LeaderElection6] INFO  impl.LeaderElection (LeaderElection.java:logAndReturn(56)) - 19e67e26-3d21-4d01-be9f-29113a4a814c@group-BF1BD4D8076C:LeaderElection6: Election REJECTED; received 2 response(s) [19e67e26-3d21-4d01-be9f-29113a4a814c<-e081c0a5-acfc-4a29-8262-ee158adf5b11#0:FAIL-t1, 19e67e26-3d21-4d01-be9f-29113a4a814c<-8c24ed06-386e-4085-8931-93c762a64530#0:FAIL-t1] and 0 exception(s); 19e67e26-3d21-4d01-be9f-29113a4a814c@group-BF1BD4D8076C:t1, leader=null, voted=19e67e26-3d21-4d01-be9f-29113a4a814c, raftlog=19e67e26-3d21-4d01-be9f-29113a4a814c@group-BF1BD4D8076C-SegmentedRaftLog:OPENED:c-1,f-1,i0, conf=-1: [e081c0a5-acfc-4a29-8262-ee158adf5b11:192.168.30.6:37941, 19e67e26-3d21-4d01-be9f-29113a4a814c:192.168.30.6:34535, 8c24ed06-386e-4085-8931-93c762a64530:192.168.30.6:32862], old=null
2019-09-25 11:41:49,983 [8c24ed06-386e-4085-8931-93c762a64530@group-BF1BD4D8076C:LeaderElection4] INFO  impl.RaftServerImpl (RaftServerImpl.java:setRole(174)) - 8c24ed06-386e-4085-8931-93c762a64530@group-BF1BD4D8076C: changes role from CANDIDATE to FOLLOWER at term 1 for DISCOVERED_A_NEW_TERM
2019-09-25 11:41:49,984 [19e67e26-3d21-4d01-be9f-29113a4a814c@group-BF1BD4D8076C:LeaderElection6] INFO  impl.RaftServerImpl (RaftServerImpl.java:setRole(174)) - 19e67e26-3d21-4d01-be9f-29113a4a814c@group-BF1BD4D8076C: changes role from CANDIDATE to FOLLOWER at term 1 for DISCOVERED_A_NEW_TERM
2019-09-25 11:41:49,986 [b7064b77-9271-4e94-8225-85d895886efb@group-47DBAAEC82C8:LeaderElection10] INFO  impl.LeaderElection (LeaderElection.java:logAndReturn(56)) - b7064b77-9271-4e94-8225-85d895886efb@group-47DBAAEC82C8:LeaderElection10: Election REJECTED; received 2 response(s) [b7064b77-9271-4e94-8225-85d895886efb<-a7d59ef6-3eca-4628-b097-12d983444e7f#0:FAIL-t1, b7064b77-9271-4e94-8225-85d895886efb<-8c24ed06-386e-4085-8931-93c762a64530#0:FAIL-t1] and 0 exception(s); b7064b77-9271-4e94-8225-85d895886efb@group-47DBAAEC82C8:t1, leader=null, voted=b7064b77-9271-4e94-8225-85d895886efb, raftlog=b7064b77-9271-4e94-8225-85d895886efb@group-47DBAAEC82C8-SegmentedRaftLog:OPENED:c-1,f-1,i0, conf=-1: [a7d59ef6-3eca-4628-b097-12d983444e7f:192.168.30.6:43486, 8c24ed06-386e-4085-8931-93c762a64530:192.168.30.6:32862, b7064b77-9271-4e94-8225-85d895886efb:192.168.30.6:41519], old=null
2019-09-25 11:41:49,984 [8c24ed06-386e-4085-8931-93c762a64530@group-BF1BD4D8076C:LeaderElection4] INFO  impl.RoleInfo (RoleInfo.java:shutdownLeaderElection(134)) - 8c24ed06-386e-4085-8931-93c762a64530: shutdown LeaderElection
2019-09-25 11:41:49,984 [8c24ed06-386e-4085-8931-93c762a64530@group-47DBAAEC82C8:LeaderElection13] INFO  impl.RaftServerImpl (RaftServerImpl.java:setRole(174)) - 8c24ed06-386e-4085-8931-93c762a64530@group-47DBAAEC82C8: changes role from CANDIDATE to FOLLOWER at term 1 for DISCOVERED_A_NEW_TERM
2019-09-25 11:41:49,983 [b7064b77-9271-4e94-8225-85d895886efb@group-282EF1BFFEE0:LeaderElection8] INFO  impl.RaftServerImpl (RaftServerImpl.java:setRole(174)) - b7064b77-9271-4e94-8225-85d895886efb@group-282EF1BFFEE0: changes role from CANDIDATE to FOLLOWER at term 1 for DISCOVERED_A_NEW_TERM
2019-09-25 11:41:49,990 [8c24ed06-386e-4085-8931-93c762a64530@group-47DBAAEC82C8:LeaderElection13] INFO  impl.RoleInfo (RoleInfo.java:shutdownLeaderElection(134)) - 8c24ed06-386e-4085-8931-93c762a64530: shutdown LeaderElection
2019-09-25 11:41:49,986 [b7064b77-9271-4e94-8225-85d895886efb@group-47DBAAEC82C8:LeaderElection10] INFO  impl.RaftServerImpl (RaftServerImpl.java:setRole(174)) - b7064b77-9271-4e94-8225-85d895886efb@group-47DBAAEC82C8: changes role from CANDIDATE to FOLLOWER at term 1 for DISCOVERED_A_NEW_TERM
2019-09-25 11:41:49,986 [b7064b77-9271-4e94-8225-85d895886efb@group-CDCB2C8C105A:LeaderElection3] INFO  impl.LeaderElection (LeaderElection.java:logAndReturn(56)) - b7064b77-9271-4e94-8225-85d895886efb@group-CDCB2C8C105A:LeaderElection3: Election REJECTED; received 2 response(s) [b7064b77-9271-4e94-8225-85d895886efb<-d0888866-0bad-4f41-ad37-dccd4a57b958#0:FAIL-t1, b7064b77-9271-4e94-8225-85d895886efb<-8c24ed06-386e-4085-8931-93c762a64530#0:FAIL-t1] and 0 exception(s); b7064b77-9271-4e94-8225-85d895886efb@group-CDCB2C8C105A:t1, leader=null, voted=b7064b77-9271-4e94-8225-85d895886efb, raftlog=b7064b77-9271-4e94-8225-85d895886efb@group-CDCB2C8C105A-SegmentedRaftLog:OPENED:c-1,f-1,i0, conf=-1: [d0888866-0bad-4f41-ad37-dccd4a57b958:192.168.30.6:45405, 8c24ed06-386e-4085-8931-93c762a64530:192.168.30.6:32862, b7064b77-9271-4e94-8225-85d895886efb:192.168.30.6:41519], old=null
2019-09-25 11:41:49,986 [19e67e26-3d21-4d01-be9f-29113a4a814c@group-BF1BD4D8076C:LeaderElection6] INFO  impl.RoleInfo (RoleInfo.java:shutdownLeaderElection(134)) - 19e67e26-3d21-4d01-be9f-29113a4a814c: shutdown LeaderElection
2019-09-25 11:41:49,991 [b7064b77-9271-4e94-8225-85d895886efb@group-CDCB2C8C105A:LeaderElection3] INFO  impl.RaftServerImpl (RaftServerImpl.java:setRole(174)) - b7064b77-9271-4e94-8225-85d895886efb@group-CDCB2C8C105A: changes role from CANDIDATE to FOLLOWER at term 1 for DISCOVERED_A_NEW_TERM
2019-09-25 11:41:49,995 [b7064b77-9271-4e94-8225-85d895886efb@group-CDCB2C8C105A:LeaderElection3] INFO  impl.RoleInfo (RoleInfo.java:shutdownLeaderElection(134)) - b7064b77-9271-4e94-8225-85d895886efb: shutdown LeaderElection
2019-09-25 11:41:49,990 [b7064b77-9271-4e94-8225-85d895886efb@group-47DBAAEC82C8:LeaderElection10] INFO  impl.RoleInfo (RoleInfo.java:shutdownLeaderElection(134)) - b7064b77-9271-4e94-8225-85d895886efb: shutdown LeaderElection
2019-09-25 11:41:49,990 [8c24ed06-386e-4085-8931-93c762a64530@group-47DBAAEC82C8:LeaderElection13] INFO  impl.RoleInfo (RoleInfo.java:updateAndGet(143)) - 8c24ed06-386e-4085-8931-93c762a64530: start FollowerState
2019-09-25 11:41:49,990 [8c24ed06-386e-4085-8931-93c762a64530@group-BF1BD4D8076C:LeaderElection4] INFO  impl.RoleInfo (RoleInfo.java:updateAndGet(143)) - 8c24ed06-386e-4085-8931-93c762a64530: start FollowerState
2019-09-25 11:41:49,990 [b7064b77-9271-4e94-8225-85d895886efb@group-282EF1BFFEE0:LeaderElection8] INFO  impl.RoleInfo (RoleInfo.java:shutdownLeaderElection(134)) - b7064b77-9271-4e94-8225-85d895886efb: shutdown LeaderElection
2019-09-25 11:41:49,995 [b7064b77-9271-4e94-8225-85d895886efb@group-47DBAAEC82C8:LeaderElection10] INFO  impl.RoleInfo (RoleInfo.java:updateAndGet(143)) - b7064b77-9271-4e94-8225-85d895886efb: start FollowerState
2019-09-25 11:41:49,997 [b7064b77-9271-4e94-8225-85d895886efb@group-282EF1BFFEE0:LeaderElection8] INFO  impl.RoleInfo (RoleInfo.java:updateAndGet(143)) - b7064b77-9271-4e94-8225-85d895886efb: start FollowerState
2019-09-25 11:41:49,995 [b7064b77-9271-4e94-8225-85d895886efb@group-CDCB2C8C105A:LeaderElection3] INFO  impl.RoleInfo (RoleInfo.java:updateAndGet(143)) - b7064b77-9271-4e94-8225-85d895886efb: start FollowerState
2019-09-25 11:41:49,994 [19e67e26-3d21-4d01-be9f-29113a4a814c@group-BF1BD4D8076C:LeaderElection6] INFO  impl.RoleInfo (RoleInfo.java:updateAndGet(143)) - 19e67e26-3d21-4d01-be9f-29113a4a814c: start FollowerState
2019-09-25 11:41:50,005 [a7d59ef6-3eca-4628-b097-12d983444e7f@group-47DBAAEC82C8:LeaderElection11] INFO  impl.LeaderElection (LeaderElection.java:logAndReturn(56)) - a7d59ef6-3eca-4628-b097-12d983444e7f@group-47DBAAEC82C8:LeaderElection11: Election REJECTED; received 2 response(s) [a7d59ef6-3eca-4628-b097-12d983444e7f<-8c24ed06-386e-4085-8931-93c762a64530#0:FAIL-t1, a7d59ef6-3eca-4628-b097-12d983444e7f<-b7064b77-9271-4e94-8225-85d895886efb#0:FAIL-t1] and 0 exception(s); a7d59ef6-3eca-4628-b097-12d983444e7f@group-47DBAAEC82C8:t1, leader=null, voted=a7d59ef6-3eca-4628-b097-12d983444e7f, raftlog=a7d59ef6-3eca-4628-b097-12d983444e7f@group-47DBAAEC82C8-SegmentedRaftLog:OPENED:c-1,f-1,i0, conf=-1: [a7d59ef6-3eca-4628-b097-12d983444e7f:192.168.30.6:43486, 8c24ed06-386e-4085-8931-93c762a64530:192.168.30.6:32862, b7064b77-9271-4e94-8225-85d895886efb:192.168.30.6:41519], old=null
2019-09-25 11:41:50,005 [a7d59ef6-3eca-4628-b097-12d983444e7f@group-47DBAAEC82C8:LeaderElection11] INFO  impl.RaftServerImpl (RaftServerImpl.java:setRole(174)) - a7d59ef6-3eca-4628-b097-12d983444e7f@group-47DBAAEC82C8: changes role from CANDIDATE to FOLLOWER at term 1 for DISCOVERED_A_NEW_TERM
2019-09-25 11:41:50,011 [a7d59ef6-3eca-4628-b097-12d983444e7f@group-47DBAAEC82C8:LeaderElection11] INFO  impl.RoleInfo (RoleInfo.java:shutdownLeaderElection(134)) - a7d59ef6-3eca-4628-b097-12d983444e7f: shutdown LeaderElection
2019-09-25 11:41:50,012 [a7d59ef6-3eca-4628-b097-12d983444e7f@group-282EF1BFFEE0:LeaderElection9] INFO  impl.LeaderElection (LeaderElection.java:logAndReturn(56)) - a7d59ef6-3eca-4628-b097-12d983444e7f@group-282EF1BFFEE0:LeaderElection9: Election REJECTED; received 2 response(s) [a7d59ef6-3eca-4628-b097-12d983444e7f<-d0888866-0bad-4f41-ad37-dccd4a57b958#0:FAIL-t1, a7d59ef6-3eca-4628-b097-12d983444e7f<-b7064b77-9271-4e94-8225-85d895886efb#0:FAIL-t1] and 0 exception(s); a7d59ef6-3eca-4628-b097-12d983444e7f@group-282EF1BFFEE0:t1, leader=null, voted=a7d59ef6-3eca-4628-b097-12d983444e7f, raftlog=a7d59ef6-3eca-4628-b097-12d983444e7f@group-282EF1BFFEE0-SegmentedRaftLog:OPENED:c-1,f-1,i0, conf=-1: [d0888866-0bad-4f41-ad37-dccd4a57b958:192.168.30.6:45405, a7d59ef6-3eca-4628-b097-12d983444e7f:192.168.30.6:43486, b7064b77-9271-4e94-8225-85d895886efb:192.168.30.6:41519], old=null
2019-09-25 11:41:50,013 [a7d59ef6-3eca-4628-b097-12d983444e7f@group-47DBAAEC82C8:LeaderElection11] INFO  impl.RoleInfo (RoleInfo.java:updateAndGet(143)) - a7d59ef6-3eca-4628-b097-12d983444e7f: start FollowerState
2019-09-25 11:41:50,014 [a7d59ef6-3eca-4628-b097-12d983444e7f@group-282EF1BFFEE0:LeaderElection9] INFO  impl.RaftServerImpl (RaftServerImpl.java:setRole(174)) - a7d59ef6-3eca-4628-b097-12d983444e7f@group-282EF1BFFEE0: changes role from CANDIDATE to FOLLOWER at term 1 for DISCOVERED_A_NEW_TERM
2019-09-25 11:41:50,015 [a7d59ef6-3eca-4628-b097-12d983444e7f@group-282EF1BFFEE0:LeaderElection9] INFO  impl.RoleInfo (RoleInfo.java:shutdownLeaderElection(134)) - a7d59ef6-3eca-4628-b097-12d983444e7f: shutdown LeaderElection
2019-09-25 11:41:50,016 [a7d59ef6-3eca-4628-b097-12d983444e7f@group-282EF1BFFEE0:LeaderElection9] INFO  impl.RoleInfo (RoleInfo.java:updateAndGet(143)) - a7d59ef6-3eca-4628-b097-12d983444e7f: start FollowerState
2019-09-25 11:41:50,019 [e081c0a5-acfc-4a29-8262-ee158adf5b11@group-BF1BD4D8076C:LeaderElection7] INFO  impl.LeaderElection (LeaderElection.java:logAndReturn(56)) - e081c0a5-acfc-4a29-8262-ee158adf5b11@group-BF1BD4D8076C:LeaderElection7: Election REJECTED; received 2 response(s) [e081c0a5-acfc-4a29-8262-ee158adf5b11<-19e67e26-3d21-4d01-be9f-29113a4a814c#0:FAIL-t1, e081c0a5-acfc-4a29-8262-ee158adf5b11<-8c24ed06-386e-4085-8931-93c762a64530#0:FAIL-t1] and 0 exception(s); e081c0a5-acfc-4a29-8262-ee158adf5b11@group-BF1BD4D8076C:t1, leader=null, voted=e081c0a5-acfc-4a29-8262-ee158adf5b11, raftlog=e081c0a5-acfc-4a29-8262-ee158adf5b11@group-BF1BD4D8076C-SegmentedRaftLog:OPENED:c-1,f-1,i0, conf=-1: [e081c0a5-acfc-4a29-8262-ee158adf5b11:192.168.30.6:37941, 19e67e26-3d21-4d01-be9f-29113a4a814c:192.168.30.6:34535, 8c24ed06-386e-4085-8931-93c762a64530:192.168.30.6:32862], old=null
2019-09-25 11:41:50,019 [e081c0a5-acfc-4a29-8262-ee158adf5b11@group-BF1BD4D8076C:LeaderElection7] INFO  impl.RaftServerImpl (RaftServerImpl.java:setRole(174)) - e081c0a5-acfc-4a29-8262-ee158adf5b11@group-BF1BD4D8076C: changes role from CANDIDATE to FOLLOWER at term 1 for DISCOVERED_A_NEW_TERM
2019-09-25 11:41:50,019 [e081c0a5-acfc-4a29-8262-ee158adf5b11@group-BF1BD4D8076C:LeaderElection7] INFO  impl.RoleInfo (RoleInfo.java:shutdownLeaderElection(134)) - e081c0a5-acfc-4a29-8262-ee158adf5b11: shutdown LeaderElection
2019-09-25 11:41:50,019 [e081c0a5-acfc-4a29-8262-ee158adf5b11@group-BF1BD4D8076C:LeaderElection7] INFO  impl.RoleInfo (RoleInfo.java:updateAndGet(143)) - e081c0a5-acfc-4a29-8262-ee158adf5b11: start FollowerState
2019-09-25 11:41:50,020 [8c24ed06-386e-4085-8931-93c762a64530@group-CDCB2C8C105A:LeaderElection2] INFO  impl.LeaderElection (LeaderElection.java:logAndReturn(56)) - 8c24ed06-386e-4085-8931-93c762a64530@group-CDCB2C8C105A:LeaderElection2: Election REJECTED; received 2 response(s) [8c24ed06-386e-4085-8931-93c762a64530<-d0888866-0bad-4f41-ad37-dccd4a57b958#0:FAIL-t1, 8c24ed06-386e-4085-8931-93c762a64530<-b7064b77-9271-4e94-8225-85d895886efb#0:FAIL-t1] and 0 exception(s); 8c24ed06-386e-4085-8931-93c762a64530@group-CDCB2C8C105A:t1, leader=null, voted=8c24ed06-386e-4085-8931-93c762a64530, raftlog=8c24ed06-386e-4085-8931-93c762a64530@group-CDCB2C8C105A-SegmentedRaftLog:OPENED:c-1,f-1,i0, conf=-1: [d0888866-0bad-4f41-ad37-dccd4a57b958:192.168.30.6:45405, 8c24ed06-386e-4085-8931-93c762a64530:192.168.30.6:32862, b7064b77-9271-4e94-8225-85d895886efb:192.168.30.6:41519], old=null
2019-09-25 11:41:50,026 [8c24ed06-386e-4085-8931-93c762a64530@group-CDCB2C8C105A:LeaderElection2] INFO  impl.RaftServerImpl (RaftServerImpl.java:setRole(174)) - 8c24ed06-386e-4085-8931-93c762a64530@group-CDCB2C8C105A: changes role from CANDIDATE to FOLLOWER at term 1 for DISCOVERED_A_NEW_TERM
2019-09-25 11:41:50,026 [8c24ed06-386e-4085-8931-93c762a64530@group-CDCB2C8C105A:LeaderElection2] INFO  impl.RoleInfo (RoleInfo.java:shutdownLeaderElection(134)) - 8c24ed06-386e-4085-8931-93c762a64530: shutdown LeaderElection
2019-09-25 11:41:50,026 [8c24ed06-386e-4085-8931-93c762a64530@group-CDCB2C8C105A:LeaderElection2] INFO  impl.RoleInfo (RoleInfo.java:updateAndGet(143)) - 8c24ed06-386e-4085-8931-93c762a64530: start FollowerState
2019-09-25 11:41:50,026 [d0888866-0bad-4f41-ad37-dccd4a57b958@group-CDCB2C8C105A:LeaderElection5] INFO  impl.LeaderElection (LeaderElection.java:logAndReturn(56)) - d0888866-0bad-4f41-ad37-dccd4a57b958@group-CDCB2C8C105A:LeaderElection5: Election REJECTED; received 2 response(s) [d0888866-0bad-4f41-ad37-dccd4a57b958<-8c24ed06-386e-4085-8931-93c762a64530#0:FAIL-t1, d0888866-0bad-4f41-ad37-dccd4a57b958<-b7064b77-9271-4e94-8225-85d895886efb#0:FAIL-t1] and 0 exception(s); d0888866-0bad-4f41-ad37-dccd4a57b958@group-CDCB2C8C105A:t1, leader=null, voted=d0888866-0bad-4f41-ad37-dccd4a57b958, raftlog=d0888866-0bad-4f41-ad37-dccd4a57b958@group-CDCB2C8C105A-SegmentedRaftLog:OPENED:c-1,f-1,i0, conf=-1: [d0888866-0bad-4f41-ad37-dccd4a57b958:192.168.30.6:45405, 8c24ed06-386e-4085-8931-93c762a64530:192.168.30.6:32862, b7064b77-9271-4e94-8225-85d895886efb:192.168.30.6:41519], old=null
2019-09-25 11:41:50,028 [d0888866-0bad-4f41-ad37-dccd4a57b958@group-CDCB2C8C105A:LeaderElection5] INFO  impl.RaftServerImpl (RaftServerImpl.java:setRole(174)) - d0888866-0bad-4f41-ad37-dccd4a57b958@group-CDCB2C8C105A: changes role from CANDIDATE to FOLLOWER at term 1 for DISCOVERED_A_NEW_TERM
2019-09-25 11:41:50,028 [d0888866-0bad-4f41-ad37-dccd4a57b958@group-CDCB2C8C105A:LeaderElection5] INFO  impl.RoleInfo (RoleInfo.java:shutdownLeaderElection(134)) - d0888866-0bad-4f41-ad37-dccd4a57b958: shutdown LeaderElection
2019-09-25 11:41:50,028 [d0888866-0bad-4f41-ad37-dccd4a57b958@group-282EF1BFFEE0:LeaderElection12] INFO  impl.LeaderElection (LeaderElection.java:logAndReturn(56)) - d0888866-0bad-4f41-ad37-dccd4a57b958@group-282EF1BFFEE0:LeaderElection12: Election REJECTED; received 2 response(s) [d0888866-0bad-4f41-ad37-dccd4a57b958<-a7d59ef6-3eca-4628-b097-12d983444e7f#0:FAIL-t1, d0888866-0bad-4f41-ad37-dccd4a57b958<-b7064b77-9271-4e94-8225-85d895886efb#0:FAIL-t1] and 0 exception(s); d0888866-0bad-4f41-ad37-dccd4a57b958@group-282EF1BFFEE0:t1, leader=null, voted=d0888866-0bad-4f41-ad37-dccd4a57b958, raftlog=d0888866-0bad-4f41-ad37-dccd4a57b958@group-282EF1BFFEE0-SegmentedRaftLog:OPENED:c-1,f-1,i0, conf=-1: [d0888866-0bad-4f41-ad37-dccd4a57b958:192.168.30.6:45405, a7d59ef6-3eca-4628-b097-12d983444e7f:192.168.30.6:43486, b7064b77-9271-4e94-8225-85d895886efb:192.168.30.6:41519], old=null
2019-09-25 11:41:50,029 [d0888866-0bad-4f41-ad37-dccd4a57b958@group-CDCB2C8C105A:LeaderElection5] INFO  impl.RoleInfo (RoleInfo.java:updateAndGet(143)) - d0888866-0bad-4f41-ad37-dccd4a57b958: start FollowerState
2019-09-25 11:41:50,029 [d0888866-0bad-4f41-ad37-dccd4a57b958@group-282EF1BFFEE0:LeaderElection12] INFO  impl.RaftServerImpl (RaftServerImpl.java:setRole(174)) - d0888866-0bad-4f41-ad37-dccd4a57b958@group-282EF1BFFEE0: changes role from CANDIDATE to FOLLOWER at term 1 for DISCOVERED_A_NEW_TERM
2019-09-25 11:41:50,031 [d0888866-0bad-4f41-ad37-dccd4a57b958@group-282EF1BFFEE0:LeaderElection12] INFO  impl.RoleInfo (RoleInfo.java:shutdownLeaderElection(134)) - d0888866-0bad-4f41-ad37-dccd4a57b958: shutdown LeaderElection
2019-09-25 11:41:50,031 [d0888866-0bad-4f41-ad37-dccd4a57b958@group-282EF1BFFEE0:LeaderElection12] INFO  impl.RoleInfo (RoleInfo.java:updateAndGet(143)) - d0888866-0bad-4f41-ad37-dccd4a57b958: start FollowerState
2019-09-25 11:41:50,519 [e081c0a5-acfc-4a29-8262-ee158adf5b11@group-7CC56FB5D3F9:LeaderElection21] INFO  impl.LeaderElection (LeaderElection.java:askForVotes(182)) - e081c0a5-acfc-4a29-8262-ee158adf5b11@group-7CC56FB5D3F9:LeaderElection21: begin an election at term 1 for -1: [e081c0a5-acfc-4a29-8262-ee158adf5b11:192.168.30.6:37941, 19e67e26-3d21-4d01-be9f-29113a4a814c:192.168.30.6:34535, a7d59ef6-3eca-4628-b097-12d983444e7f:192.168.30.6:43486], old=null
2019-09-25 11:41:50,519 [19e67e26-3d21-4d01-be9f-29113a4a814c@group-ADB1B60517AF:LeaderElection17] INFO  impl.LeaderElection (LeaderElection.java:askForVotes(182)) - 19e67e26-3d21-4d01-be9f-29113a4a814c@group-ADB1B60517AF:LeaderElection17: begin an election at term 1 for -1: [d0888866-0bad-4f41-ad37-dccd4a57b958:192.168.30.6:45405, 19e67e26-3d21-4d01-be9f-29113a4a814c:192.168.30.6:34535, 8c24ed06-386e-4085-8931-93c762a64530:192.168.30.6:32862], old=null
2019-09-25 11:41:50,519 [8c24ed06-386e-4085-8931-93c762a64530@group-DBE87B3B08CE:LeaderElection18] INFO  impl.LeaderElection (LeaderElection.java:askForVotes(182)) - 8c24ed06-386e-4085-8931-93c762a64530@group-DBE87B3B08CE:LeaderElection18: begin an election at term 1 for -1: [d0888866-0bad-4f41-ad37-dccd4a57b958:192.168.30.6:45405, a7d59ef6-3eca-4628-b097-12d983444e7f:192.168.30.6:43486, 8c24ed06-386e-4085-8931-93c762a64530:192.168.30.6:32862], old=null
2019-09-25 11:41:50,519 [d0888866-0bad-4f41-ad37-dccd4a57b958@group-F2E0294EDFC2:LeaderElection26] INFO  impl.LeaderElection (LeaderElection.java:askForVotes(182)) - d0888866-0bad-4f41-ad37-dccd4a57b958@group-F2E0294EDFC2:LeaderElection26: begin an election at term 1 for -1: [d0888866-0bad-4f41-ad37-dccd4a57b958:192.168.30.6:45405, a7d59ef6-3eca-4628-b097-12d983444e7f:192.168.30.6:43486, b7064b77-9271-4e94-8225-85d895886efb:192.168.30.6:41519], old=null
2019-09-25 11:41:50,519 [e081c0a5-acfc-4a29-8262-ee158adf5b11@group-071025EF7F78:LeaderElection35] INFO  impl.LeaderElection (LeaderElection.java:askForVotes(182)) - e081c0a5-acfc-4a29-8262-ee158adf5b11@group-071025EF7F78:LeaderElection35: begin an election at term 1 for -1: [e081c0a5-acfc-4a29-8262-ee158adf5b11:192.168.30.6:37941, d0888866-0bad-4f41-ad37-dccd4a57b958:192.168.30.6:45405, 19e67e26-3d21-4d01-be9f-29113a4a814c:192.168.30.6:34535], old=null
2019-09-25 11:41:50,519 [a7d59ef6-3eca-4628-b097-12d983444e7f@group-F2E0294EDFC2:LeaderElection24] INFO  impl.LeaderElection (LeaderElection.java:askForVotes(182)) - a7d59ef6-3eca-4628-b097-12d983444e7f@group-F2E0294EDFC2:LeaderElection24: begin an election at term 1 for -1: [d0888866-0bad-4f41-ad37-dccd4a57b958:192.168.30.6:45405, a7d59ef6-3eca-4628-b097-12d983444e7f:192.168.30.6:43486, b7064b77-9271-4e94-8225-85d895886efb:192.168.30.6:41519], old=null
2019-09-25 11:41:50,519 [19e67e26-3d21-4d01-be9f-29113a4a814c@group-071025EF7F78:LeaderElection33] INFO  impl.LeaderElection (LeaderElection.java:askForVotes(182)) - 19e67e26-3d21-4d01-be9f-29113a4a814c@group-071025EF7F78:LeaderElection33: begin an election at term 1 for -1: [e081c0a5-acfc-4a29-8262-ee158adf5b11:192.168.30.6:37941, d0888866-0bad-4f41-ad37-dccd4a57b958:192.168.30.6:45405, 19e67e26-3d21-4d01-be9f-29113a4a814c:192.168.30.6:34535], old=null
2019-09-25 11:41:50,519 [d0888866-0bad-4f41-ad37-dccd4a57b958@group-ADB1B60517AF:LeaderElection15] INFO  impl.LeaderElection (LeaderElection.java:askForVotes(182)) - d0888866-0bad-4f41-ad37-dccd4a57b958@group-ADB1B60517AF:LeaderElection15: begin an election at term 1 for -1: [d0888866-0bad-4f41-ad37-dccd4a57b958:192.168.30.6:45405, 19e67e26-3d21-4d01-be9f-29113a4a814c:192.168.30.6:34535, 8c24ed06-386e-4085-8931-93c762a64530:192.168.30.6:32862], old=null
2019-09-25 11:41:50,519 [e081c0a5-acfc-4a29-8262-ee158adf5b11@group-34523102FCC0:LeaderElection37] INFO  impl.LeaderElection (LeaderElection.java:askForVotes(182)) - e081c0a5-acfc-4a29-8262-ee158adf5b11@group-34523102FCC0:LeaderElection37: begin an election at term 1 for -1: [e081c0a5-acfc-4a29-8262-ee158adf5b11:192.168.30.6:37941], old=null
2019-09-25 11:41:50,519 [a7d59ef6-3eca-4628-b097-12d983444e7f@group-DBE87B3B08CE:LeaderElection20] INFO  impl.LeaderElection (LeaderElection.java:askForVotes(182)) - a7d59ef6-3eca-4628-b097-12d983444e7f@group-DBE87B3B08CE:LeaderElection20: begin an election at term 1 for -1: [d0888866-0bad-4f41-ad37-dccd4a57b958:192.168.30.6:45405, a7d59ef6-3eca-4628-b097-12d983444e7f:192.168.30.6:43486, 8c24ed06-386e-4085-8931-93c762a64530:192.168.30.6:32862], old=null
2019-09-25 11:41:50,519 [e081c0a5-acfc-4a29-8262-ee158adf5b11@group-6E9EB1C0F638:LeaderElection32] INFO  impl.LeaderElection (LeaderElection.java:askForVotes(182)) - e081c0a5-acfc-4a29-8262-ee158adf5b11@group-6E9EB1C0F638:LeaderElection32: begin an election at term 1 for -1: [e081c0a5-acfc-4a29-8262-ee158adf5b11:192.168.30.6:37941, a7d59ef6-3eca-4628-b097-12d983444e7f:192.168.30.6:43486, b7064b77-9271-4e94-8225-85d895886efb:192.168.30.6:41519], old=null
2019-09-25 11:41:50,519 [b7064b77-9271-4e94-8225-85d895886efb@group-F2E0294EDFC2:LeaderElection29] INFO  impl.LeaderElection (LeaderElection.java:askForVotes(182)) - b7064b77-9271-4e94-8225-85d895886efb@group-F2E0294EDFC2:LeaderElection29: begin an election at term 1 for -1: [d0888866-0bad-4f41-ad37-dccd4a57b958:192.168.30.6:45405, a7d59ef6-3eca-4628-b097-12d983444e7f:192.168.30.6:43486, b7064b77-9271-4e94-8225-85d895886efb:192.168.30.6:41519], old=null
2019-09-25 11:41:50,519 [19e67e26-3d21-4d01-be9f-29113a4a814c@group-7CC56FB5D3F9:LeaderElection27] INFO  impl.LeaderElection (LeaderElection.java:askForVotes(182)) - 19e67e26-3d21-4d01-be9f-29113a4a814c@group-7CC56FB5D3F9:LeaderElection27: begin an election at term 1 for -1: [e081c0a5-acfc-4a29-8262-ee158adf5b11:192.168.30.6:37941, 19e67e26-3d21-4d01-be9f-29113a4a814c:192.168.30.6:34535, a7d59ef6-3eca-4628-b097-12d983444e7f:192.168.30.6:43486], old=null
2019-09-25 11:41:50,519 [b7064b77-9271-4e94-8225-85d895886efb@group-B9DEF2EDD277:LeaderElection22] INFO  impl.LeaderElection (LeaderElection.java:askForVotes(182)) - b7064b77-9271-4e94-8225-85d895886efb@group-B9DEF2EDD277:LeaderElection22: begin an election at term 1 for -1: [19e67e26-3d21-4d01-be9f-29113a4a814c:192.168.30.6:34535, 8c24ed06-386e-4085-8931-93c762a64530:192.168.30.6:32862, b7064b77-9271-4e94-8225-85d895886efb:192.168.30.6:41519], old=null
2019-09-25 11:41:50,519 [19e67e26-3d21-4d01-be9f-29113a4a814c@group-158143B13CCA:LeaderElection36] INFO  impl.LeaderElection (LeaderElection.java:askForVotes(182)) - 19e67e26-3d21-4d01-be9f-29113a4a814c@group-158143B13CCA:LeaderElection36: begin an election at term 1 for -1: [19e67e26-3d21-4d01-be9f-29113a4a814c:192.168.30.6:34535], old=null
2019-09-25 11:41:50,519 [a7d59ef6-3eca-4628-b097-12d983444e7f@group-6E9EB1C0F638:LeaderElection28] INFO  impl.LeaderElection (LeaderElection.java:askForVotes(182)) - a7d59ef6-3eca-4628-b097-12d983444e7f@group-6E9EB1C0F638:LeaderElection28: begin an election at term 1 for -1: [e081c0a5-acfc-4a29-8262-ee158adf5b11:192.168.30.6:37941, a7d59ef6-3eca-4628-b097-12d983444e7f:192.168.30.6:43486, b7064b77-9271-4e94-8225-85d895886efb:192.168.30.6:41519], old=null
2019-09-25 11:41:50,522 [19e67e26-3d21-4d01-be9f-29113a4a814c@group-158143B13CCA:LeaderElection36] INFO  impl.RoleInfo (RoleInfo.java:shutdownLeaderElection(134)) - 19e67e26-3d21-4d01-be9f-29113a4a814c: shutdown LeaderElection
2019-09-25 11:41:50,520 [e081c0a5-acfc-4a29-8262-ee158adf5b11@group-34523102FCC0:LeaderElection37] INFO  impl.RoleInfo (RoleInfo.java:shutdownLeaderElection(134)) - e081c0a5-acfc-4a29-8262-ee158adf5b11: shutdown LeaderElection
2019-09-25 11:41:50,519 [8c24ed06-386e-4085-8931-93c762a64530@group-B9DEF2EDD277:LeaderElection19] INFO  impl.LeaderElection (LeaderElection.java:askForVotes(182)) - 8c24ed06-386e-4085-8931-93c762a64530@group-B9DEF2EDD277:LeaderElection19: begin an election at term 1 for -1: [19e67e26-3d21-4d01-be9f-29113a4a814c:192.168.30.6:34535, 8c24ed06-386e-4085-8931-93c762a64530:192.168.30.6:32862, b7064b77-9271-4e94-8225-85d895886efb:192.168.30.6:41519], old=null
2019-09-25 11:41:50,519 [b7064b77-9271-4e94-8225-85d895886efb@group-6E9EB1C0F638:LeaderElection31] INFO  impl.LeaderElection (LeaderElection.java:askForVotes(182)) - b7064b77-9271-4e94-8225-85d895886efb@group-6E9EB1C0F638:LeaderElection31: begin an election at term 1 for -1: [e081c0a5-acfc-4a29-8262-ee158adf5b11:192.168.30.6:37941, a7d59ef6-3eca-4628-b097-12d983444e7f:192.168.30.6:43486, b7064b77-9271-4e94-8225-85d895886efb:192.168.30.6:41519], old=null
2019-09-25 11:41:50,519 [d0888866-0bad-4f41-ad37-dccd4a57b958@group-071025EF7F78:LeaderElection30] INFO  impl.LeaderElection (LeaderElection.java:askForVotes(182)) - d0888866-0bad-4f41-ad37-dccd4a57b958@group-071025EF7F78:LeaderElection30: begin an election at term 1 for -1: [e081c0a5-acfc-4a29-8262-ee158adf5b11:192.168.30.6:37941, d0888866-0bad-4f41-ad37-dccd4a57b958:192.168.30.6:45405, 19e67e26-3d21-4d01-be9f-29113a4a814c:192.168.30.6:34535], old=null
2019-09-25 11:41:50,519 [8c24ed06-386e-4085-8931-93c762a64530@group-ADB1B60517AF:LeaderElection14] INFO  impl.LeaderElection (LeaderElection.java:askForVotes(182)) - 8c24ed06-386e-4085-8931-93c762a64530@group-ADB1B60517AF:LeaderElection14: begin an election at term 1 for -1: [d0888866-0bad-4f41-ad37-dccd4a57b958:192.168.30.6:45405, 19e67e26-3d21-4d01-be9f-29113a4a814c:192.168.30.6:34535, 8c24ed06-386e-4085-8931-93c762a64530:192.168.30.6:32862], old=null
2019-09-25 11:41:50,519 [e081c0a5-acfc-4a29-8262-ee158adf5b11@group-4519217FD965:LeaderElection34] INFO  impl.LeaderElection (LeaderElection.java:askForVotes(182)) - e081c0a5-acfc-4a29-8262-ee158adf5b11@group-4519217FD965:LeaderElection34: begin an election at term 1 for -1: [e081c0a5-acfc-4a29-8262-ee158adf5b11:192.168.30.6:37941], old=null
2019-09-25 11:41:50,519 [a7d59ef6-3eca-4628-b097-12d983444e7f@group-7CC56FB5D3F9:LeaderElection25] INFO  impl.LeaderElection (LeaderElection.java:askForVotes(182)) - a7d59ef6-3eca-4628-b097-12d983444e7f@group-7CC56FB5D3F9:LeaderElection25: begin an election at term 1 for -1: [e081c0a5-acfc-4a29-8262-ee158adf5b11:192.168.30.6:37941, 19e67e26-3d21-4d01-be9f-29113a4a814c:192.168.30.6:34535, a7d59ef6-3eca-4628-b097-12d983444e7f:192.168.30.6:43486], old=null
2019-09-25 11:41:50,519 [19e67e26-3d21-4d01-be9f-29113a4a814c@group-B9DEF2EDD277:LeaderElection23] INFO  impl.LeaderElection (LeaderElection.java:askForVotes(182)) - 19e67e26-3d21-4d01-be9f-29113a4a814c@group-B9DEF2EDD277:LeaderElection23: begin an election at term 1 for -1: [19e67e26-3d21-4d01-be9f-29113a4a814c:192.168.30.6:34535, 8c24ed06-386e-4085-8931-93c762a64530:192.168.30.6:32862, b7064b77-9271-4e94-8225-85d895886efb:192.168.30.6:41519], old=null
2019-09-25 11:41:50,519 [d0888866-0bad-4f41-ad37-dccd4a57b958@group-DBE87B3B08CE:LeaderElection16] INFO  impl.LeaderElection (LeaderElection.java:askForVotes(182)) - d0888866-0bad-4f41-ad37-dccd4a57b958@group-DBE87B3B08CE:LeaderElection16: begin an election at term 1 for -1: [d0888866-0bad-4f41-ad37-dccd4a57b958:192.168.30.6:45405, a7d59ef6-3eca-4628-b097-12d983444e7f:192.168.30.6:43486, 8c24ed06-386e-4085-8931-93c762a64530:192.168.30.6:32862], old=null
2019-09-25 11:41:50,524 [e081c0a5-acfc-4a29-8262-ee158adf5b11@group-4519217FD965:LeaderElection34] INFO  impl.RoleInfo (RoleInfo.java:shutdownLeaderElection(134)) - e081c0a5-acfc-4a29-8262-ee158adf5b11: shutdown LeaderElection
2019-09-25 11:41:50,522 [e081c0a5-acfc-4a29-8262-ee158adf5b11@group-34523102FCC0:LeaderElection37] INFO  impl.RaftServerImpl (RaftServerImpl.java:setRole(174)) - e081c0a5-acfc-4a29-8262-ee158adf5b11@group-34523102FCC0: changes role from CANDIDATE to LEADER at term 1 for changeToLeader
2019-09-25 11:41:50,522 [19e67e26-3d21-4d01-be9f-29113a4a814c@group-158143B13CCA:LeaderElection36] INFO  impl.RaftServerImpl (RaftServerImpl.java:setRole(174)) - 19e67e26-3d21-4d01-be9f-29113a4a814c@group-158143B13CCA: changes role from CANDIDATE to LEADER at term 1 for changeToLeader
2019-09-25 11:41:50,529 [19e67e26-3d21-4d01-be9f-29113a4a814c@group-158143B13CCA:LeaderElection36] INFO  impl.RaftServerImpl (ServerState.java:setLeader(253)) - 19e67e26-3d21-4d01-be9f-29113a4a814c@group-158143B13CCA: change Leader from null to 19e67e26-3d21-4d01-be9f-29113a4a814c at term 1 for becomeLeader, leader elected after 6354ms
2019-09-25 11:41:50,529 [e081c0a5-acfc-4a29-8262-ee158adf5b11@group-34523102FCC0:LeaderElection37] INFO  impl.RaftServerImpl (ServerState.java:setLeader(253)) - e081c0a5-acfc-4a29-8262-ee158adf5b11@group-34523102FCC0: change Leader from null to e081c0a5-acfc-4a29-8262-ee158adf5b11 at term 1 for becomeLeader, leader elected after 6290ms
2019-09-25 11:41:50,524 [e081c0a5-acfc-4a29-8262-ee158adf5b11@group-4519217FD965:LeaderElection34] INFO  impl.RaftServerImpl (RaftServerImpl.java:setRole(174)) - e081c0a5-acfc-4a29-8262-ee158adf5b11@group-4519217FD965: changes role from CANDIDATE to LEADER at term 1 for changeToLeader
2019-09-25 11:41:50,529 [19e67e26-3d21-4d01-be9f-29113a4a814c@group-158143B13CCA:LeaderElection36] INFO  server.RaftServerConfigKeys (ConfUtils.java:logGet(43)) - raft.server.staging.catchup.gap = 1000 (default)
2019-09-25 11:41:50,530 [e081c0a5-acfc-4a29-8262-ee158adf5b11@group-4519217FD965:LeaderElection34] INFO  impl.RaftServerImpl (ServerState.java:setLeader(253)) - e081c0a5-acfc-4a29-8262-ee158adf5b11@group-4519217FD965: change Leader from null to e081c0a5-acfc-4a29-8262-ee158adf5b11 at term 1 for becomeLeader, leader elected after 6428ms
2019-09-25 11:41:50,534 [19e67e26-3d21-4d01-be9f-29113a4a814c@group-158143B13CCA:LeaderElection36] INFO  server.RaftServerConfigKeys (ConfUtils.java:logGet(43)) - raft.server.rpc.sleep.time = 25ms (default)
2019-09-25 11:41:50,533 [e081c0a5-acfc-4a29-8262-ee158adf5b11@group-34523102FCC0:LeaderElection37] INFO  server.RaftServerConfigKeys (ConfUtils.java:logGet(43)) - raft.server.staging.catchup.gap = 1000 (default)
2019-09-25 11:41:50,534 [e081c0a5-acfc-4a29-8262-ee158adf5b11@group-4519217FD965:LeaderElection34] INFO  server.RaftServerConfigKeys (ConfUtils.java:logGet(43)) - raft.server.staging.catchup.gap = 1000 (default)
2019-09-25 11:41:50,534 [e081c0a5-acfc-4a29-8262-ee158adf5b11@group-34523102FCC0:LeaderElection37] INFO  server.RaftServerConfigKeys (ConfUtils.java:logGet(43)) - raft.server.rpc.sleep.time = 25ms (default)
2019-09-25 11:41:50,534 [19e67e26-3d21-4d01-be9f-29113a4a814c@group-158143B13CCA:LeaderElection36] INFO  server.RaftServerConfigKeys (ConfUtils.java:logGet(43)) - raft.server.write.element-limit = 4096 (default)
2019-09-25 11:41:50,534 [e081c0a5-acfc-4a29-8262-ee158adf5b11@group-34523102FCC0:LeaderElection37] INFO  server.RaftServerConfigKeys (ConfUtils.java:logGet(43)) - raft.server.write.element-limit = 4096 (default)
2019-09-25 11:41:50,534 [e081c0a5-acfc-4a29-8262-ee158adf5b11@group-4519217FD965:LeaderElection34] INFO  server.RaftServerConfigKeys (ConfUtils.java:logGet(43)) - raft.server.rpc.sleep.time = 25ms (default)
2019-09-25 11:41:50,535 [e081c0a5-acfc-4a29-8262-ee158adf5b11@group-34523102FCC0:LeaderElection37] INFO  server.RaftServerConfigKeys (ConfUtils.java:logGet(43)) - raft.server.watch.timeout = 10s (default)
2019-09-25 11:41:50,535 [19e67e26-3d21-4d01-be9f-29113a4a814c@group-158143B13CCA:LeaderElection36] INFO  server.RaftServerConfigKeys (ConfUtils.java:logGet(43)) - raft.server.watch.timeout = 10s (default)
2019-09-25 11:41:50,535 [e081c0a5-acfc-4a29-8262-ee158adf5b11@group-34523102FCC0:LeaderElection37] INFO  server.RaftServerConfigKeys (ConfUtils.java:logGet(43)) - raft.server.watch.timeout.denomination = 1s (default)
2019-09-25 11:41:50,535 [e081c0a5-acfc-4a29-8262-ee158adf5b11@group-4519217FD965:LeaderElection34] INFO  server.RaftServerConfigKeys (ConfUtils.java:logGet(43)) - raft.server.write.element-limit = 4096 (default)
2019-09-25 11:41:50,535 [e081c0a5-acfc-4a29-8262-ee158adf5b11@group-34523102FCC0:LeaderElection37] INFO  server.RaftServerConfigKeys (ConfUtils.java:logGet(43)) - raft.server.watch.element-limit = 65536 (default)
2019-09-25 11:41:50,535 [19e67e26-3d21-4d01-be9f-29113a4a814c@group-158143B13CCA:LeaderElection36] INFO  server.RaftServerConfigKeys (ConfUtils.java:logGet(43)) - raft.server.watch.timeout.denomination = 1s (default)
2019-09-25 11:41:50,535 [e081c0a5-acfc-4a29-8262-ee158adf5b11@group-4519217FD965:LeaderElection34] INFO  server.RaftServerConfigKeys (ConfUtils.java:logGet(43)) - raft.server.watch.timeout = 10s (default)
2019-09-25 11:41:50,536 [19e67e26-3d21-4d01-be9f-29113a4a814c@group-158143B13CCA:LeaderElection36] INFO  server.RaftServerConfigKeys (ConfUtils.java:logGet(43)) - raft.server.watch.element-limit = 65536 (default)
2019-09-25 11:41:50,536 [e081c0a5-acfc-4a29-8262-ee158adf5b11@group-4519217FD965:LeaderElection34] INFO  server.RaftServerConfigKeys (ConfUtils.java:logGet(43)) - raft.server.watch.timeout.denomination = 1s (default)
2019-09-25 11:41:50,536 [e081c0a5-acfc-4a29-8262-ee158adf5b11@group-4519217FD965:LeaderElection34] INFO  server.RaftServerConfigKeys (ConfUtils.java:logGet(43)) - raft.server.watch.element-limit = 65536 (default)
2019-09-25 11:41:50,546 [e081c0a5-acfc-4a29-8262-ee158adf5b11@group-34523102FCC0:LeaderElection37] INFO  impl.RoleInfo (RoleInfo.java:updateAndGet(143)) - e081c0a5-acfc-4a29-8262-ee158adf5b11: start LeaderState
2019-09-25 11:41:50,547 [e081c0a5-acfc-4a29-8262-ee158adf5b11@group-34523102FCC0:LeaderElection37] INFO  segmented.SegmentedRaftLogWorker (SegmentedRaftLogWorker.java:startLogSegment(380)) - e081c0a5-acfc-4a29-8262-ee158adf5b11@group-34523102FCC0-SegmentedRaftLogWorker: Starting segment from index:0
2019-09-25 11:41:50,547 [e081c0a5-acfc-4a29-8262-ee158adf5b11@group-34523102FCC0:LeaderElection37] INFO  impl.RaftServerImpl (ServerState.java:setRaftConf(354)) - e081c0a5-acfc-4a29-8262-ee158adf5b11@group-34523102FCC0: set configuration 0: [e081c0a5-acfc-4a29-8262-ee158adf5b11:192.168.30.6:37941], old=null at 0
2019-09-25 11:41:50,550 [e081c0a5-acfc-4a29-8262-ee158adf5b11@group-4519217FD965:LeaderElection34] INFO  impl.RoleInfo (RoleInfo.java:updateAndGet(143)) - e081c0a5-acfc-4a29-8262-ee158adf5b11: start LeaderState
2019-09-25 11:41:50,550 [e081c0a5-acfc-4a29-8262-ee158adf5b11@group-4519217FD965:LeaderElection34] INFO  segmented.SegmentedRaftLogWorker (SegmentedRaftLogWorker.java:startLogSegment(380)) - e081c0a5-acfc-4a29-8262-ee158adf5b11@group-4519217FD965-SegmentedRaftLogWorker: Starting segment from index:0
2019-09-25 11:41:50,550 [19e67e26-3d21-4d01-be9f-29113a4a814c@group-158143B13CCA:LeaderElection36] INFO  impl.RoleInfo (RoleInfo.java:updateAndGet(143)) - 19e67e26-3d21-4d01-be9f-29113a4a814c: start LeaderState
2019-09-25 11:41:50,551 [19e67e26-3d21-4d01-be9f-29113a4a814c@group-158143B13CCA:LeaderElection36] INFO  segmented.SegmentedRaftLogWorker (SegmentedRaftLogWorker.java:startLogSegment(380)) - 19e67e26-3d21-4d01-be9f-29113a4a814c@group-158143B13CCA-SegmentedRaftLogWorker: Starting segment from index:0
2019-09-25 11:41:50,551 [e081c0a5-acfc-4a29-8262-ee158adf5b11@group-4519217FD965:LeaderElection34] INFO  impl.RaftServerImpl (ServerState.java:setRaftConf(354)) - e081c0a5-acfc-4a29-8262-ee158adf5b11@group-4519217FD965: set configuration 0: [e081c0a5-acfc-4a29-8262-ee158adf5b11:192.168.30.6:37941], old=null at 0
2019-09-25 11:41:50,584 [19e67e26-3d21-4d01-be9f-29113a4a814c@group-158143B13CCA:LeaderElection36] INFO  impl.RaftServerImpl (ServerState.java:setRaftConf(354)) - 19e67e26-3d21-4d01-be9f-29113a4a814c@group-158143B13CCA: set configuration 0: [19e67e26-3d21-4d01-be9f-29113a4a814c:192.168.30.6:34535], old=null at 0
2019-09-25 11:41:50,644 [d0888866-0bad-4f41-ad37-dccd4a57b958@group-F2E0294EDFC2:LeaderElection26] INFO  impl.LeaderElection (LeaderElection.java:logAndReturn(56)) - d0888866-0bad-4f41-ad37-dccd4a57b958@group-F2E0294EDFC2:LeaderElection26: Election REJECTED; received 2 response(s) [d0888866-0bad-4f41-ad37-dccd4a57b958<-a7d59ef6-3eca-4628-b097-12d983444e7f#0:FAIL-t1, d0888866-0bad-4f41-ad37-dccd4a57b958<-b7064b77-9271-4e94-8225-85d895886efb#0:FAIL-t1] and 0 exception(s); d0888866-0bad-4f41-ad37-dccd4a57b958@group-F2E0294EDFC2:t1, leader=null, voted=d0888866-0bad-4f41-ad37-dccd4a57b958, raftlog=d0888866-0bad-4f41-ad37-dccd4a57b958@group-F2E0294EDFC2-SegmentedRaftLog:OPENED:c-1,f-1,i0, conf=-1: [d0888866-0bad-4f41-ad37-dccd4a57b958:192.168.30.6:45405, a7d59ef6-3eca-4628-b097-12d983444e7f:192.168.30.6:43486, b7064b77-9271-4e94-8225-85d895886efb:192.168.30.6:41519], old=null
2019-09-25 11:41:50,644 [d0888866-0bad-4f41-ad37-dccd4a57b958@group-F2E0294EDFC2:LeaderElection26] INFO  impl.RaftServerImpl (RaftServerImpl.java:setRole(174)) - d0888866-0bad-4f41-ad37-dccd4a57b958@group-F2E0294EDFC2: changes role from CANDIDATE to FOLLOWER at term 1 for DISCOVERED_A_NEW_TERM
2019-09-25 11:41:50,646 [d0888866-0bad-4f41-ad37-dccd4a57b958@group-F2E0294EDFC2:LeaderElection26] INFO  impl.RoleInfo (RoleInfo.java:shutdownLeaderElection(134)) - d0888866-0bad-4f41-ad37-dccd4a57b958: shutdown LeaderElection
2019-09-25 11:41:50,651 [d0888866-0bad-4f41-ad37-dccd4a57b958@group-F2E0294EDFC2:LeaderElection26] INFO  impl.RoleInfo (RoleInfo.java:updateAndGet(143)) - d0888866-0bad-4f41-ad37-dccd4a57b958: start FollowerState
2019-09-25 11:41:50,659 [d0888866-0bad-4f41-ad37-dccd4a57b958@group-DBE87B3B08CE:LeaderElection16] INFO  impl.LeaderElection (LeaderElection.java:logAndReturn(56)) - d0888866-0bad-4f41-ad37-dccd4a57b958@group-DBE87B3B08CE:LeaderElection16: Election REJECTED; received 2 response(s) [d0888866-0bad-4f41-ad37-dccd4a57b958<-a7d59ef6-3eca-4628-b097-12d983444e7f#0:FAIL-t1, d0888866-0bad-4f41-ad37-dccd4a57b958<-8c24ed06-386e-4085-8931-93c762a64530#0:FAIL-t1] and 0 exception(s); d0888866-0bad-4f41-ad37-dccd4a57b958@group-DBE87B3B08CE:t1, leader=null, voted=d0888866-0bad-4f41-ad37-dccd4a57b958, raftlog=d0888866-0bad-4f41-ad37-dccd4a57b958@group-DBE87B3B08CE-SegmentedRaftLog:OPENED:c-1,f-1,i0, conf=-1: [d0888866-0bad-4f41-ad37-dccd4a57b958:192.168.30.6:45405, a7d59ef6-3eca-4628-b097-12d983444e7f:192.168.30.6:43486, 8c24ed06-386e-4085-8931-93c762a64530:192.168.30.6:32862], old=null
2019-09-25 11:41:50,663 [d0888866-0bad-4f41-ad37-dccd4a57b958@group-DBE87B3B08CE:LeaderElection16] INFO  impl.RaftServerImpl (RaftServerImpl.java:setRole(174)) - d0888866-0bad-4f41-ad37-dccd4a57b958@group-DBE87B3B08CE: changes role from CANDIDATE to FOLLOWER at term 1 for DISCOVERED_A_NEW_TERM
2019-09-25 11:41:50,667 [d0888866-0bad-4f41-ad37-dccd4a57b958@group-DBE87B3B08CE:LeaderElection16] INFO  impl.RoleInfo (RoleInfo.java:shutdownLeaderElection(134)) - d0888866-0bad-4f41-ad37-dccd4a57b958: shutdown LeaderElection
2019-09-25 11:41:50,667 [d0888866-0bad-4f41-ad37-dccd4a57b958@group-DBE87B3B08CE:LeaderElection16] INFO  impl.RoleInfo (RoleInfo.java:updateAndGet(143)) - d0888866-0bad-4f41-ad37-dccd4a57b958: start FollowerState
2019-09-25 11:41:50,667 [d0888866-0bad-4f41-ad37-dccd4a57b958@group-ADB1B60517AF:LeaderElection15] INFO  impl.LeaderElection (LeaderElection.java:logAndReturn(56)) - d0888866-0bad-4f41-ad37-dccd4a57b958@group-ADB1B60517AF:LeaderElection15: Election REJECTED; received 2 response(s) [d0888866-0bad-4f41-ad37-dccd4a57b958<-19e67e26-3d21-4d01-be9f-29113a4a814c#0:FAIL-t1, d0888866-0bad-4f41-ad37-dccd4a57b958<-8c24ed06-386e-4085-8931-93c762a64530#0:FAIL-t1] and 0 exception(s); d0888866-0bad-4f41-ad37-dccd4a57b958@group-ADB1B60517AF:t1, leader=null, voted=d0888866-0bad-4f41-ad37-dccd4a57b958, raftlog=d0888866-0bad-4f41-ad37-dccd4a57b958@group-ADB1B60517AF-SegmentedRaftLog:OPENED:c-1,f-1,i0, conf=-1: [d0888866-0bad-4f41-ad37-dccd4a57b958:192.168.30.6:45405, 19e67e26-3d21-4d01-be9f-29113a4a814c:192.168.30.6:34535, 8c24ed06-386e-4085-8931-93c762a64530:192.168.30.6:32862], old=null
2019-09-25 11:41:50,670 [d0888866-0bad-4f41-ad37-dccd4a57b958@group-ADB1B60517AF:LeaderElection15] INFO  impl.RaftServerImpl (RaftServerImpl.java:setRole(174)) - d0888866-0bad-4f41-ad37-dccd4a57b958@group-ADB1B60517AF: changes role from CANDIDATE to FOLLOWER at term 1 for DISCOVERED_A_NEW_TERM
2019-09-25 11:41:50,673 [d0888866-0bad-4f41-ad37-dccd4a57b958@group-ADB1B60517AF:LeaderElection15] INFO  impl.RoleInfo (RoleInfo.java:shutdownLeaderElection(134)) - d0888866-0bad-4f41-ad37-dccd4a57b958: shutdown LeaderElection
2019-09-25 11:41:50,673 [d0888866-0bad-4f41-ad37-dccd4a57b958@group-ADB1B60517AF:LeaderElection15] INFO  impl.RoleInfo (RoleInfo.java:updateAndGet(143)) - d0888866-0bad-4f41-ad37-dccd4a57b958: start FollowerState
2019-09-25 11:41:50,673 [b7064b77-9271-4e94-8225-85d895886efb@group-F2E0294EDFC2:LeaderElection29] INFO  impl.LeaderElection (LeaderElection.java:logAndReturn(56)) - b7064b77-9271-4e94-8225-85d895886efb@group-F2E0294EDFC2:LeaderElection29: Election REJECTED; received 2 response(s) [b7064b77-9271-4e94-8225-85d895886efb<-d0888866-0bad-4f41-ad37-dccd4a57b958#0:FAIL-t1, b7064b77-9271-4e94-8225-85d895886efb<-a7d59ef6-3eca-4628-b097-12d983444e7f#0:FAIL-t1] and 0 exception(s); b7064b77-9271-4e94-8225-85d895886efb@group-F2E0294EDFC2:t1, leader=null, voted=b7064b77-9271-4e94-8225-85d895886efb, raftlog=b7064b77-9271-4e94-8225-85d895886efb@group-F2E0294EDFC2-SegmentedRaftLog:OPENED:c-1,f-1,i0, conf=-1: [d0888866-0bad-4f41-ad37-dccd4a57b958:192.168.30.6:45405, a7d59ef6-3eca-4628-b097-12d983444e7f:192.168.30.6:43486, b7064b77-9271-4e94-8225-85d895886efb:192.168.30.6:41519], old=null
2019-09-25 11:41:50,675 [b7064b77-9271-4e94-8225-85d895886efb@group-F2E0294EDFC2:LeaderElection29] INFO  impl.RaftServerImpl (RaftServerImpl.java:setRole(174)) - b7064b77-9271-4e94-8225-85d895886efb@group-F2E0294EDFC2: changes role from CANDIDATE to FOLLOWER at term 1 for DISCOVERED_A_NEW_TERM
2019-09-25 11:41:50,677 [b7064b77-9271-4e94-8225-85d895886efb@group-F2E0294EDFC2:LeaderElection29] INFO  impl.RoleInfo (RoleInfo.java:shutdownLeaderElection(134)) - b7064b77-9271-4e94-8225-85d895886efb: shutdown LeaderElection
2019-09-25 11:41:50,677 [b7064b77-9271-4e94-8225-85d895886efb@group-F2E0294EDFC2:LeaderElection29] INFO  impl.RoleInfo (RoleInfo.java:updateAndGet(143)) - b7064b77-9271-4e94-8225-85d895886efb: start FollowerState
2019-09-25 11:41:50,680 [e081c0a5-acfc-4a29-8262-ee158adf5b11@group-071025EF7F78:LeaderElection35] INFO  impl.LeaderElection (LeaderElection.java:logAndReturn(56)) - e081c0a5-acfc-4a29-8262-ee158adf5b11@group-071025EF7F78:LeaderElection35: Election REJECTED; received 2 response(s) [e081c0a5-acfc-4a29-8262-ee158adf5b11<-d0888866-0bad-4f41-ad37-dccd4a57b958#0:FAIL-t1, e081c0a5-acfc-4a29-8262-ee158adf5b11<-19e67e26-3d21-4d01-be9f-29113a4a814c#0:FAIL-t1] and 0 exception(s); e081c0a5-acfc-4a29-8262-ee158adf5b11@group-071025EF7F78:t1, leader=null, voted=e081c0a5-acfc-4a29-8262-ee158adf5b11, raftlog=e081c0a5-acfc-4a29-8262-ee158adf5b11@group-071025EF7F78-SegmentedRaftLog:OPENED:c-1,f-1,i0, conf=-1: [e081c0a5-acfc-4a29-8262-ee158adf5b11:192.168.30.6:37941, d0888866-0bad-4f41-ad37-dccd4a57b958:192.168.30.6:45405, 19e67e26-3d21-4d01-be9f-29113a4a814c:192.168.30.6:34535], old=null
2019-09-25 11:41:50,680 [a7d59ef6-3eca-4628-b097-12d983444e7f@group-DBE87B3B08CE:LeaderElection20] INFO  impl.LeaderElection (LeaderElection.java:logAndReturn(56)) - a7d59ef6-3eca-4628-b097-12d983444e7f@group-DBE87B3B08CE:LeaderElection20: Election REJECTED; received 2 response(s) [a7d59ef6-3eca-4628-b097-12d983444e7f<-d0888866-0bad-4f41-ad37-dccd4a57b958#0:FAIL-t1, a7d59ef6-3eca-4628-b097-12d983444e7f<-8c24ed06-386e-4085-8931-93c762a64530#0:FAIL-t1] and 0 exception(s); a7d59ef6-3eca-4628-b097-12d983444e7f@group-DBE87B3B08CE:t1, leader=null, voted=a7d59ef6-3eca-4628-b097-12d983444e7f, raftlog=a7d59ef6-3eca-4628-b097-12d983444e7f@group-DBE87B3B08CE-SegmentedRaftLog:OPENED:c-1,f-1,i0, conf=-1: [d0888866-0bad-4f41-ad37-dccd4a57b958:192.168.30.6:45405, a7d59ef6-3eca-4628-b097-12d983444e7f:192.168.30.6:43486, 8c24ed06-386e-4085-8931-93c762a64530:192.168.30.6:32862], old=null
2019-09-25 11:41:50,682 [e081c0a5-acfc-4a29-8262-ee158adf5b11@group-071025EF7F78:LeaderElection35] INFO  impl.RaftServerImpl (RaftServerImpl.java:setRole(174)) - e081c0a5-acfc-4a29-8262-ee158adf5b11@group-071025EF7F78: changes role from CANDIDATE to FOLLOWER at term 1 for DISCOVERED_A_NEW_TERM
2019-09-25 11:41:50,688 [8c24ed06-386e-4085-8931-93c762a64530@group-ADB1B60517AF:LeaderElection14] INFO  impl.LeaderElection (LeaderElection.java:logAndReturn(56)) - 8c24ed06-386e-4085-8931-93c762a64530@group-ADB1B60517AF:LeaderElection14: Election REJECTED; received 2 response(s) [8c24ed06-386e-4085-8931-93c762a64530<-d0888866-0bad-4f41-ad37-dccd4a57b958#0:FAIL-t1, 8c24ed06-386e-4085-8931-93c762a64530<-19e67e26-3d21-4d01-be9f-29113a4a814c#0:FAIL-t1] and 0 exception(s); 8c24ed06-386e-4085-8931-93c762a64530@group-ADB1B60517AF:t1, leader=null, voted=8c24ed06-386e-4085-8931-93c762a64530, raftlog=8c24ed06-386e-4085-8931-93c762a64530@group-ADB1B60517AF-SegmentedRaftLog:OPENED:c-1,f-1,i0, conf=-1: [d0888866-0bad-4f41-ad37-dccd4a57b958:192.168.30.6:45405, 19e67e26-3d21-4d01-be9f-29113a4a814c:192.168.30.6:34535, 8c24ed06-386e-4085-8931-93c762a64530:192.168.30.6:32862], old=null
2019-09-25 11:41:50,685 [a7d59ef6-3eca-4628-b097-12d983444e7f@group-DBE87B3B08CE:LeaderElection20] INFO  impl.RaftServerImpl (RaftServerImpl.java:setRole(174)) - a7d59ef6-3eca-4628-b097-12d983444e7f@group-DBE87B3B08CE: changes role from CANDIDATE to FOLLOWER at term 1 for DISCOVERED_A_NEW_TERM
2019-09-25 11:41:50,690 [8c24ed06-386e-4085-8931-93c762a64530@group-ADB1B60517AF:LeaderElection14] INFO  impl.RaftServerImpl (RaftServerImpl.java:setRole(174)) - 8c24ed06-386e-4085-8931-93c762a64530@group-ADB1B60517AF: changes role from CANDIDATE to FOLLOWER at term 1 for DISCOVERED_A_NEW_TERM
2019-09-25 11:41:50,688 [e081c0a5-acfc-4a29-8262-ee158adf5b11@group-071025EF7F78:LeaderElection35] INFO  impl.RoleInfo (RoleInfo.java:shutdownLeaderElection(134)) - e081c0a5-acfc-4a29-8262-ee158adf5b11: shutdown LeaderElection
2019-09-25 11:41:50,694 [8c24ed06-386e-4085-8931-93c762a64530@group-ADB1B60517AF:LeaderElection14] INFO  impl.RoleInfo (RoleInfo.java:shutdownLeaderElection(134)) - 8c24ed06-386e-4085-8931-93c762a64530: shutdown LeaderElection
2019-09-25 11:41:50,694 [8c24ed06-386e-4085-8931-93c762a64530@group-DBE87B3B08CE:LeaderElection18] INFO  impl.LeaderElection (LeaderElection.java:logAndReturn(56)) - 8c24ed06-386e-4085-8931-93c762a64530@group-DBE87B3B08CE:LeaderElection18: Election REJECTED; received 2 response(s) [8c24ed06-386e-4085-8931-93c762a64530<-d0888866-0bad-4f41-ad37-dccd4a57b958#0:FAIL-t1, 8c24ed06-386e-4085-8931-93c762a64530<-a7d59ef6-3eca-4628-b097-12d983444e7f#0:FAIL-t1] and 0 exception(s); 8c24ed06-386e-4085-8931-93c762a64530@group-DBE87B3B08CE:t1, leader=null, voted=8c24ed06-386e-4085-8931-93c762a64530, raftlog=8c24ed06-386e-4085-8931-93c762a64530@group-DBE87B3B08CE-SegmentedRaftLog:OPENED:c-1,f-1,i0, conf=-1: [d0888866-0bad-4f41-ad37-dccd4a57b958:192.168.30.6:45405, a7d59ef6-3eca-4628-b097-12d983444e7f:192.168.30.6:43486, 8c24ed06-386e-4085-8931-93c762a64530:192.168.30.6:32862], old=null
2019-09-25 11:41:50,693 [a7d59ef6-3eca-4628-b097-12d983444e7f@group-DBE87B3B08CE:LeaderElection20] INFO  impl.RoleInfo (RoleInfo.java:shutdownLeaderElection(134)) - a7d59ef6-3eca-4628-b097-12d983444e7f: shutdown LeaderElection
2019-09-25 11:41:50,695 [8c24ed06-386e-4085-8931-93c762a64530@group-DBE87B3B08CE:LeaderElection18] INFO  impl.RaftServerImpl (RaftServerImpl.java:setRole(174)) - 8c24ed06-386e-4085-8931-93c762a64530@group-DBE87B3B08CE: changes role from CANDIDATE to FOLLOWER at term 1 for DISCOVERED_A_NEW_TERM
2019-09-25 11:41:50,695 [8c24ed06-386e-4085-8931-93c762a64530@group-ADB1B60517AF:LeaderElection14] INFO  impl.RoleInfo (RoleInfo.java:updateAndGet(143)) - 8c24ed06-386e-4085-8931-93c762a64530: start FollowerState
2019-09-25 11:41:50,695 [8c24ed06-386e-4085-8931-93c762a64530@group-B9DEF2EDD277:LeaderElection19] INFO  impl.LeaderElection (LeaderElection.java:logAndReturn(56)) - 8c24ed06-386e-4085-8931-93c762a64530@group-B9DEF2EDD277:LeaderElection19: Election REJECTED; received 2 response(s) [8c24ed06-386e-4085-8931-93c762a64530<-19e67e26-3d21-4d01-be9f-29113a4a814c#0:FAIL-t1, 8c24ed06-386e-4085-8931-93c762a64530<-b7064b77-9271-4e94-8225-85d895886efb#0:FAIL-t1] and 0 exception(s); 8c24ed06-386e-4085-8931-93c762a64530@group-B9DEF2EDD277:t1, leader=null, voted=8c24ed06-386e-4085-8931-93c762a64530, raftlog=8c24ed06-386e-4085-8931-93c762a64530@group-B9DEF2EDD277-SegmentedRaftLog:OPENED:c-1,f-1,i0, conf=-1: [19e67e26-3d21-4d01-be9f-29113a4a814c:192.168.30.6:34535, 8c24ed06-386e-4085-8931-93c762a64530:192.168.30.6:32862, b7064b77-9271-4e94-8225-85d895886efb:192.168.30.6:41519], old=null
2019-09-25 11:41:50,695 [e081c0a5-acfc-4a29-8262-ee158adf5b11@group-071025EF7F78:LeaderElection35] INFO  impl.RoleInfo (RoleInfo.java:updateAndGet(143)) - e081c0a5-acfc-4a29-8262-ee158adf5b11: start FollowerState
2019-09-25 11:41:50,700 [8c24ed06-386e-4085-8931-93c762a64530@group-B9DEF2EDD277:LeaderElection19] INFO  impl.RaftServerImpl (RaftServerImpl.java:setRole(174)) - 8c24ed06-386e-4085-8931-93c762a64530@group-B9DEF2EDD277: changes role from CANDIDATE to FOLLOWER at term 1 for DISCOVERED_A_NEW_TERM
2019-09-25 11:41:50,703 [8c24ed06-386e-4085-8931-93c762a64530@group-B9DEF2EDD277:LeaderElection19] INFO  impl.RoleInfo (RoleInfo.java:shutdownLeaderElection(134)) - 8c24ed06-386e-4085-8931-93c762a64530: shutdown LeaderElection
2019-09-25 11:41:50,700 [8c24ed06-386e-4085-8931-93c762a64530@group-DBE87B3B08CE:LeaderElection18] INFO  impl.RoleInfo (RoleInfo.java:shutdownLeaderElection(134)) - 8c24ed06-386e-4085-8931-93c762a64530: shutdown LeaderElection
2019-09-25 11:41:50,698 [a7d59ef6-3eca-4628-b097-12d983444e7f@group-DBE87B3B08CE:LeaderElection20] INFO  impl.RoleInfo (RoleInfo.java:updateAndGet(143)) - a7d59ef6-3eca-4628-b097-12d983444e7f: start FollowerState
2019-09-25 11:41:50,703 [8c24ed06-386e-4085-8931-93c762a64530@group-DBE87B3B08CE:LeaderElection18] INFO  impl.RoleInfo (RoleInfo.java:updateAndGet(143)) - 8c24ed06-386e-4085-8931-93c762a64530: start FollowerState
2019-09-25 11:41:50,703 [8c24ed06-386e-4085-8931-93c762a64530@group-B9DEF2EDD277:LeaderElection19] INFO  impl.RoleInfo (RoleInfo.java:updateAndGet(143)) - 8c24ed06-386e-4085-8931-93c762a64530: start FollowerState
2019-09-25 11:41:50,702 [19e67e26-3d21-4d01-be9f-29113a4a814c@group-7CC56FB5D3F9:LeaderElection27] INFO  impl.LeaderElection (LeaderElection.java:logAndReturn(56)) - 19e67e26-3d21-4d01-be9f-29113a4a814c@group-7CC56FB5D3F9:LeaderElection27: Election REJECTED; received 2 response(s) [19e67e26-3d21-4d01-be9f-29113a4a814c<-e081c0a5-acfc-4a29-8262-ee158adf5b11#0:FAIL-t1, 19e67e26-3d21-4d01-be9f-29113a4a814c<-a7d59ef6-3eca-4628-b097-12d983444e7f#0:FAIL-t1] and 0 exception(s); 19e67e26-3d21-4d01-be9f-29113a4a814c@group-7CC56FB5D3F9:t1, leader=null, voted=19e67e26-3d21-4d01-be9f-29113a4a814c, raftlog=19e67e26-3d21-4d01-be9f-29113a4a814c@group-7CC56FB5D3F9-SegmentedRaftLog:OPENED:c-1,f-1,i0, conf=-1: [e081c0a5-acfc-4a29-8262-ee158adf5b11:192.168.30.6:37941, 19e67e26-3d21-4d01-be9f-29113a4a814c:192.168.30.6:34535, a7d59ef6-3eca-4628-b097-12d983444e7f:192.168.30.6:43486], old=null
2019-09-25 11:41:50,704 [19e67e26-3d21-4d01-be9f-29113a4a814c@group-7CC56FB5D3F9:LeaderElection27] INFO  impl.RaftServerImpl (RaftServerImpl.java:setRole(174)) - 19e67e26-3d21-4d01-be9f-29113a4a814c@group-7CC56FB5D3F9: changes role from CANDIDATE to FOLLOWER at term 1 for DISCOVERED_A_NEW_TERM
2019-09-25 11:41:50,710 [19e67e26-3d21-4d01-be9f-29113a4a814c@group-7CC56FB5D3F9:LeaderElection27] INFO  impl.RoleInfo (RoleInfo.java:shutdownLeaderElection(134)) - 19e67e26-3d21-4d01-be9f-29113a4a814c: shutdown LeaderElection
2019-09-25 11:41:50,710 [19e67e26-3d21-4d01-be9f-29113a4a814c@group-7CC56FB5D3F9:LeaderElection27] INFO  impl.RoleInfo (RoleInfo.java:updateAndGet(143)) - 19e67e26-3d21-4d01-be9f-29113a4a814c: start FollowerState
2019-09-25 11:41:50,713 [e081c0a5-acfc-4a29-8262-ee158adf5b11@group-7CC56FB5D3F9:LeaderElection21] INFO  impl.LeaderElection (LeaderElection.java:logAndReturn(56)) - e081c0a5-acfc-4a29-8262-ee158adf5b11@group-7CC56FB5D3F9:LeaderElection21: Election REJECTED; received 2 response(s) [e081c0a5-acfc-4a29-8262-ee158adf5b11<-19e67e26-3d21-4d01-be9f-29113a4a814c#0:FAIL-t1, e081c0a5-acfc-4a29-8262-ee158adf5b11<-a7d59ef6-3eca-4628-b097-12d983444e7f#0:FAIL-t1] and 0 exception(s); e081c0a5-acfc-4a29-8262-ee158adf5b11@group-7CC56FB5D3F9:t1, leader=null, voted=e081c0a5-acfc-4a29-8262-ee158adf5b11, raftlog=e081c0a5-acfc-4a29-8262-ee158adf5b11@group-7CC56FB5D3F9-SegmentedRaftLog:OPENED:c-1,f-1,i0, conf=-1: [e081c0a5-acfc-4a29-8262-ee158adf5b11:192.168.30.6:37941, 19e67e26-3d21-4d01-be9f-29113a4a814c:192.168.30.6:34535, a7d59ef6-3eca-4628-b097-12d983444e7f:192.168.30.6:43486], old=null
2019-09-25 11:41:50,715 [e081c0a5-acfc-4a29-8262-ee158adf5b11@group-7CC56FB5D3F9:LeaderElection21] INFO  impl.RaftServerImpl (RaftServerImpl.java:setRole(174)) - e081c0a5-acfc-4a29-8262-ee158adf5b11@group-7CC56FB5D3F9: changes role from CANDIDATE to FOLLOWER at term 1 for DISCOVERED_A_NEW_TERM
2019-09-25 11:41:50,715 [e081c0a5-acfc-4a29-8262-ee158adf5b11@group-7CC56FB5D3F9:LeaderElection21] INFO  impl.RoleInfo (RoleInfo.java:shutdownLeaderElection(134)) - e081c0a5-acfc-4a29-8262-ee158adf5b11: shutdown LeaderElection
2019-09-25 11:41:50,715 [e081c0a5-acfc-4a29-8262-ee158adf5b11@group-7CC56FB5D3F9:LeaderElection21] INFO  impl.RoleInfo (RoleInfo.java:updateAndGet(143)) - e081c0a5-acfc-4a29-8262-ee158adf5b11: start FollowerState
2019-09-25 11:41:50,715 [b7064b77-9271-4e94-8225-85d895886efb@group-6E9EB1C0F638:LeaderElection31] INFO  impl.LeaderElection (LeaderElection.java:logAndReturn(56)) - b7064b77-9271-4e94-8225-85d895886efb@group-6E9EB1C0F638:LeaderElection31: Election REJECTED; received 2 response(s) [b7064b77-9271-4e94-8225-85d895886efb<-e081c0a5-acfc-4a29-8262-ee158adf5b11#0:FAIL-t1, b7064b77-9271-4e94-8225-85d895886efb<-a7d59ef6-3eca-4628-b097-12d983444e7f#0:FAIL-t1] and 0 exception(s); b7064b77-9271-4e94-8225-85d895886efb@group-6E9EB1C0F638:t1, leader=null, voted=b7064b77-9271-4e94-8225-85d895886efb, raftlog=b7064b77-9271-4e94-8225-85d895886efb@group-6E9EB1C0F638-SegmentedRaftLog:OPENED:c-1,f-1,i0, conf=-1: [e081c0a5-acfc-4a29-8262-ee158adf5b11:192.168.30.6:37941, a7d59ef6-3eca-4628-b097-12d983444e7f:192.168.30.6:43486, b7064b77-9271-4e94-8225-85d895886efb:192.168.30.6:41519], old=null
2019-09-25 11:41:50,716 [b7064b77-9271-4e94-8225-85d895886efb@group-6E9EB1C0F638:LeaderElection31] INFO  impl.RaftServerImpl (RaftServerImpl.java:setRole(174)) - b7064b77-9271-4e94-8225-85d895886efb@group-6E9EB1C0F638: changes role from CANDIDATE to FOLLOWER at term 1 for DISCOVERED_A_NEW_TERM
2019-09-25 11:41:50,716 [b7064b77-9271-4e94-8225-85d895886efb@group-6E9EB1C0F638:LeaderElection31] INFO  impl.RoleInfo (RoleInfo.java:shutdownLeaderElection(134)) - b7064b77-9271-4e94-8225-85d895886efb: shutdown LeaderElection
2019-09-25 11:41:50,717 [b7064b77-9271-4e94-8225-85d895886efb@group-6E9EB1C0F638:LeaderElection31] INFO  impl.RoleInfo (RoleInfo.java:updateAndGet(143)) - b7064b77-9271-4e94-8225-85d895886efb: start FollowerState
2019-09-25 11:41:50,718 [a7d59ef6-3eca-4628-b097-12d983444e7f@group-7CC56FB5D3F9:LeaderElection25] INFO  impl.LeaderElection (LeaderElection.java:logAndReturn(56)) - a7d59ef6-3eca-4628-b097-12d983444e7f@group-7CC56FB5D3F9:LeaderElection25: Election REJECTED; received 2 response(s) [a7d59ef6-3eca-4628-b097-12d983444e7f<-e081c0a5-acfc-4a29-8262-ee158adf5b11#0:FAIL-t1, a7d59ef6-3eca-4628-b097-12d983444e7f<-19e67e26-3d21-4d01-be9f-29113a4a814c#0:FAIL-t1] and 0 exception(s); a7d59ef6-3eca-4628-b097-12d983444e7f@group-7CC56FB5D3F9:t1, leader=null, voted=a7d59ef6-3eca-4628-b097-12d983444e7f, raftlog=a7d59ef6-3eca-4628-b097-12d983444e7f@group-7CC56FB5D3F9-SegmentedRaftLog:OPENED:c-1,f-1,i0, conf=-1: [e081c0a5-acfc-4a29-8262-ee158adf5b11:192.168.30.6:37941, 19e67e26-3d21-4d01-be9f-29113a4a814c:192.168.30.6:34535, a7d59ef6-3eca-4628-b097-12d983444e7f:192.168.30.6:43486], old=null
2019-09-25 11:41:50,719 [a7d59ef6-3eca-4628-b097-12d983444e7f@group-7CC56FB5D3F9:LeaderElection25] INFO  impl.RaftServerImpl (RaftServerImpl.java:setRole(174)) - a7d59ef6-3eca-4628-b097-12d983444e7f@group-7CC56FB5D3F9: changes role from CANDIDATE to FOLLOWER at term 1 for DISCOVERED_A_NEW_TERM
2019-09-25 11:41:50,719 [a7d59ef6-3eca-4628-b097-12d983444e7f@group-7CC56FB5D3F9:LeaderElection25] INFO  impl.RoleInfo (RoleInfo.java:shutdownLeaderElection(134)) - a7d59ef6-3eca-4628-b097-12d983444e7f: shutdown LeaderElection
2019-09-25 11:41:50,719 [a7d59ef6-3eca-4628-b097-12d983444e7f@group-7CC56FB5D3F9:LeaderElection25] INFO  impl.RoleInfo (RoleInfo.java:updateAndGet(143)) - a7d59ef6-3eca-4628-b097-12d983444e7f: start FollowerState
2019-09-25 11:41:50,720 [a7d59ef6-3eca-4628-b097-12d983444e7f@group-F2E0294EDFC2:LeaderElection24] INFO  impl.LeaderElection (LeaderElection.java:logAndReturn(56)) - a7d59ef6-3eca-4628-b097-12d983444e7f@group-F2E0294EDFC2:LeaderElection24: Election REJECTED; received 2 response(s) [a7d59ef6-3eca-4628-b097-12d983444e7f<-d0888866-0bad-4f41-ad37-dccd4a57b958#0:FAIL-t1, a7d59ef6-3eca-4628-b097-12d983444e7f<-b7064b77-9271-4e94-8225-85d895886efb#0:FAIL-t1] and 0 exception(s); a7d59ef6-3eca-4628-b097-12d983444e7f@group-F2E0294EDFC2:t1, leader=null, voted=a7d59ef6-3eca-4628-b097-12d983444e7f, raftlog=a7d59ef6-3eca-4628-b097-12d983444e7f@group-F2E0294EDFC2-SegmentedRaftLog:OPENED:c-1,f-1,i0, conf=-1: [d0888866-0bad-4f41-ad37-dccd4a57b958:192.168.30.6:45405, a7d59ef6-3eca-4628-b097-12d983444e7f:192.168.30.6:43486, b7064b77-9271-4e94-8225-85d895886efb:192.168.30.6:41519], old=null
2019-09-25 11:41:50,721 [a7d59ef6-3eca-4628-b097-12d983444e7f@group-F2E0294EDFC2:LeaderElection24] INFO  impl.RaftServerImpl (RaftServerImpl.java:setRole(174)) - a7d59ef6-3eca-4628-b097-12d983444e7f@group-F2E0294EDFC2: changes role from CANDIDATE to FOLLOWER at term 1 for DISCOVERED_A_NEW_TERM
2019-09-25 11:41:50,721 [a7d59ef6-3eca-4628-b097-12d983444e7f@group-6E9EB1C0F638:LeaderElection28] INFO  impl.LeaderElection (LeaderElection.java:logAndReturn(56)) - a7d59ef6-3eca-4628-b097-12d983444e7f@group-6E9EB1C0F638:LeaderElection28: Election REJECTED; received 2 response(s) [a7d59ef6-3eca-4628-b097-12d983444e7f<-e081c0a5-acfc-4a29-8262-ee158adf5b11#0:FAIL-t1, a7d59ef6-3eca-4628-b097-12d983444e7f<-b7064b77-9271-4e94-8225-85d895886efb#0:FAIL-t1] and 0 exception(s); a7d59ef6-3eca-4628-b097-12d983444e7f@group-6E9EB1C0F638:t1, leader=null, voted=a7d59ef6-3eca-4628-b097-12d983444e7f, raftlog=a7d59ef6-3eca-4628-b097-12d983444e7f@group-6E9EB1C0F638-SegmentedRaftLog:OPENED:c-1,f-1,i0, conf=-1: [e081c0a5-acfc-4a29-8262-ee158adf5b11:192.168.30.6:37941, a7d59ef6-3eca-4628-b097-12d983444e7f:192.168.30.6:43486, b7064b77-9271-4e94-8225-85d895886efb:192.168.30.6:41519], old=null
2019-09-25 11:41:50,721 [a7d59ef6-3eca-4628-b097-12d983444e7f@group-F2E0294EDFC2:LeaderElection24] INFO  impl.RoleInfo (RoleInfo.java:shutdownLeaderElection(134)) - a7d59ef6-3eca-4628-b097-12d983444e7f: shutdown LeaderElection
2019-09-25 11:41:50,723 [a7d59ef6-3eca-4628-b097-12d983444e7f@group-6E9EB1C0F638:LeaderElection28] INFO  impl.RaftServerImpl (RaftServerImpl.java:setRole(174)) - a7d59ef6-3eca-4628-b097-12d983444e7f@group-6E9EB1C0F638: changes role from CANDIDATE to FOLLOWER at term 1 for DISCOVERED_A_NEW_TERM
2019-09-25 11:41:50,725 [a7d59ef6-3eca-4628-b097-12d983444e7f@group-F2E0294EDFC2:LeaderElection24] INFO  impl.RoleInfo (RoleInfo.java:updateAndGet(143)) - a7d59ef6-3eca-4628-b097-12d983444e7f: start FollowerState
2019-09-25 11:41:50,725 [a7d59ef6-3eca-4628-b097-12d983444e7f@group-6E9EB1C0F638:LeaderElection28] INFO  impl.RoleInfo (RoleInfo.java:shutdownLeaderElection(134)) - a7d59ef6-3eca-4628-b097-12d983444e7f: shutdown LeaderElection
2019-09-25 11:41:50,725 [a7d59ef6-3eca-4628-b097-12d983444e7f@group-6E9EB1C0F638:LeaderElection28] INFO  impl.RoleInfo (RoleInfo.java:updateAndGet(143)) - a7d59ef6-3eca-4628-b097-12d983444e7f: start FollowerState
2019-09-25 11:41:50,725 [e081c0a5-acfc-4a29-8262-ee158adf5b11@group-6E9EB1C0F638:LeaderElection32] INFO  impl.LeaderElection (LeaderElection.java:logAndReturn(56)) - e081c0a5-acfc-4a29-8262-ee158adf5b11@group-6E9EB1C0F638:LeaderElection32: Election REJECTED; received 2 response(s) [e081c0a5-acfc-4a29-8262-ee158adf5b11<-a7d59ef6-3eca-4628-b097-12d983444e7f#0:FAIL-t1, e081c0a5-acfc-4a29-8262-ee158adf5b11<-b7064b77-9271-4e94-8225-85d895886efb#0:FAIL-t1] and 0 exception(s); e081c0a5-acfc-4a29-8262-ee158adf5b11@group-6E9EB1C0F638:t1, leader=null, voted=e081c0a5-acfc-4a29-8262-ee158adf5b11, raftlog=e081c0a5-acfc-4a29-8262-ee158adf5b11@group-6E9EB1C0F638-SegmentedRaftLog:OPENED:c-1,f-1,i0, conf=-1: [e081c0a5-acfc-4a29-8262-ee158adf5b11:192.168.30.6:37941, a7d59ef6-3eca-4628-b097-12d983444e7f:192.168.30.6:43486, b7064b77-9271-4e94-8225-85d895886efb:192.168.30.6:41519], old=null
2019-09-25 11:41:50,725 [e081c0a5-acfc-4a29-8262-ee158adf5b11@group-6E9EB1C0F638:LeaderElection32] INFO  impl.RaftServerImpl (RaftServerImpl.java:setRole(174)) - e081c0a5-acfc-4a29-8262-ee158adf5b11@group-6E9EB1C0F638: changes role from CANDIDATE to FOLLOWER at term 1 for DISCOVERED_A_NEW_TERM
2019-09-25 11:41:50,725 [e081c0a5-acfc-4a29-8262-ee158adf5b11@group-6E9EB1C0F638:LeaderElection32] INFO  impl.RoleInfo (RoleInfo.java:shutdownLeaderElection(134)) - e081c0a5-acfc-4a29-8262-ee158adf5b11: shutdown LeaderElection
2019-09-25 11:41:50,726 [e081c0a5-acfc-4a29-8262-ee158adf5b11@group-6E9EB1C0F638:LeaderElection32] INFO  impl.RoleInfo (RoleInfo.java:updateAndGet(143)) - e081c0a5-acfc-4a29-8262-ee158adf5b11: start FollowerState
2019-09-25 11:41:50,728 [19e67e26-3d21-4d01-be9f-29113a4a814c@group-B9DEF2EDD277:LeaderElection23] INFO  impl.LeaderElection (LeaderElection.java:logAndReturn(56)) - 19e67e26-3d21-4d01-be9f-29113a4a814c@group-B9DEF2EDD277:LeaderElection23: Election REJECTED; received 2 response(s) [19e67e26-3d21-4d01-be9f-29113a4a814c<-8c24ed06-386e-4085-8931-93c762a64530#0:FAIL-t1, 19e67e26-3d21-4d01-be9f-29113a4a814c<-b7064b77-9271-4e94-8225-85d895886efb#0:FAIL-t1] and 0 exception(s); 19e67e26-3d21-4d01-be9f-29113a4a814c@group-B9DEF2EDD277:t1, leader=null, voted=19e67e26-3d21-4d01-be9f-29113a4a814c, raftlog=19e67e26-3d21-4d01-be9f-29113a4a814c@group-B9DEF2EDD277-SegmentedRaftLog:OPENED:c-1,f-1,i0, conf=-1: [19e67e26-3d21-4d01-be9f-29113a4a814c:192.168.30.6:34535, 8c24ed06-386e-4085-8931-93c762a64530:192.168.30.6:32862, b7064b77-9271-4e94-8225-85d895886efb:192.168.30.6:41519], old=null
2019-09-25 11:41:50,729 [19e67e26-3d21-4d01-be9f-29113a4a814c@group-B9DEF2EDD277:LeaderElection23] INFO  impl.RaftServerImpl (RaftServerImpl.java:setRole(174)) - 19e67e26-3d21-4d01-be9f-29113a4a814c@group-B9DEF2EDD277: changes role from CANDIDATE to FOLLOWER at term 1 for DISCOVERED_A_NEW_TERM
2019-09-25 11:41:50,729 [19e67e26-3d21-4d01-be9f-29113a4a814c@group-B9DEF2EDD277:LeaderElection23] INFO  impl.RoleInfo (RoleInfo.java:shutdownLeaderElection(134)) - 19e67e26-3d21-4d01-be9f-29113a4a814c: shutdown LeaderElection
2019-09-25 11:41:50,730 [19e67e26-3d21-4d01-be9f-29113a4a814c@group-B9DEF2EDD277:LeaderElection23] INFO  impl.RoleInfo (RoleInfo.java:updateAndGet(143)) - 19e67e26-3d21-4d01-be9f-29113a4a814c: start FollowerState
2019-09-25 11:41:50,730 [19e67e26-3d21-4d01-be9f-29113a4a814c@group-071025EF7F78:LeaderElection33] INFO  impl.LeaderElection (LeaderElection.java:logAndReturn(56)) - 19e67e26-3d21-4d01-be9f-29113a4a814c@group-071025EF7F78:LeaderElection33: Election REJECTED; received 2 response(s) [19e67e26-3d21-4d01-be9f-29113a4a814c<-e081c0a5-acfc-4a29-8262-ee158adf5b11#0:FAIL-t1, 19e67e26-3d21-4d01-be9f-29113a4a814c<-d0888866-0bad-4f41-ad37-dccd4a57b958#0:FAIL-t1] and 0 exception(s); 19e67e26-3d21-4d01-be9f-29113a4a814c@group-071025EF7F78:t1, leader=null, voted=19e67e26-3d21-4d01-be9f-29113a4a814c, raftlog=19e67e26-3d21-4d01-be9f-29113a4a814c@group-071025EF7F78-SegmentedRaftLog:OPENED:c-1,f-1,i0, conf=-1: [e081c0a5-acfc-4a29-8262-ee158adf5b11:192.168.30.6:37941, d0888866-0bad-4f41-ad37-dccd4a57b958:192.168.30.6:45405, 19e67e26-3d21-4d01-be9f-29113a4a814c:192.168.30.6:34535], old=null
2019-09-25 11:41:50,736 [19e67e26-3d21-4d01-be9f-29113a4a814c@group-071025EF7F78:LeaderElection33] INFO  impl.RaftServerImpl (RaftServerImpl.java:setRole(174)) - 19e67e26-3d21-4d01-be9f-29113a4a814c@group-071025EF7F78: changes role from CANDIDATE to FOLLOWER at term 1 for DISCOVERED_A_NEW_TERM
2019-09-25 11:41:50,736 [19e67e26-3d21-4d01-be9f-29113a4a814c@group-071025EF7F78:LeaderElection33] INFO  impl.RoleInfo (RoleInfo.java:shutdownLeaderElection(134)) - 19e67e26-3d21-4d01-be9f-29113a4a814c: shutdown LeaderElection
2019-09-25 11:41:50,736 [19e67e26-3d21-4d01-be9f-29113a4a814c@group-ADB1B60517AF:LeaderElection17] INFO  impl.LeaderElection (LeaderElection.java:logAndReturn(56)) - 19e67e26-3d21-4d01-be9f-29113a4a814c@group-ADB1B60517AF:LeaderElection17: Election REJECTED; received 2 response(s) [19e67e26-3d21-4d01-be9f-29113a4a814c<-d0888866-0bad-4f41-ad37-dccd4a57b958#0:FAIL-t1, 19e67e26-3d21-4d01-be9f-29113a4a814c<-8c24ed06-386e-4085-8931-93c762a64530#0:FAIL-t1] and 0 exception(s); 19e67e26-3d21-4d01-be9f-29113a4a814c@group-ADB1B60517AF:t1, leader=null, voted=19e67e26-3d21-4d01-be9f-29113a4a814c, raftlog=19e67e26-3d21-4d01-be9f-29113a4a814c@group-ADB1B60517AF-SegmentedRaftLog:OPENED:c-1,f-1,i0, conf=-1: [d0888866-0bad-4f41-ad37-dccd4a57b958:192.168.30.6:45405, 19e67e26-3d21-4d01-be9f-29113a4a814c:192.168.30.6:34535, 8c24ed06-386e-4085-8931-93c762a64530:192.168.30.6:32862], old=null
2019-09-25 11:41:50,736 [19e67e26-3d21-4d01-be9f-29113a4a814c@group-071025EF7F78:LeaderElection33] INFO  impl.RoleInfo (RoleInfo.java:updateAndGet(143)) - 19e67e26-3d21-4d01-be9f-29113a4a814c: start FollowerState
2019-09-25 11:41:50,736 [19e67e26-3d21-4d01-be9f-29113a4a814c@group-ADB1B60517AF:LeaderElection17] INFO  impl.RaftServerImpl (RaftServerImpl.java:setRole(174)) - 19e67e26-3d21-4d01-be9f-29113a4a814c@group-ADB1B60517AF: changes role from CANDIDATE to FOLLOWER at term 1 for DISCOVERED_A_NEW_TERM
2019-09-25 11:41:50,737 [19e67e26-3d21-4d01-be9f-29113a4a814c@group-ADB1B60517AF:LeaderElection17] INFO  impl.RoleInfo (RoleInfo.java:shutdownLeaderElection(134)) - 19e67e26-3d21-4d01-be9f-29113a4a814c: shutdown LeaderElection
2019-09-25 11:41:50,737 [19e67e26-3d21-4d01-be9f-29113a4a814c@group-ADB1B60517AF:LeaderElection17] INFO  impl.RoleInfo (RoleInfo.java:updateAndGet(143)) - 19e67e26-3d21-4d01-be9f-29113a4a814c: start FollowerState
2019-09-25 11:41:50,739 [b7064b77-9271-4e94-8225-85d895886efb@group-B9DEF2EDD277:LeaderElection22] INFO  impl.LeaderElection (LeaderElection.java:logAndReturn(56)) - b7064b77-9271-4e94-8225-85d895886efb@group-B9DEF2EDD277:LeaderElection22: Election REJECTED; received 2 response(s) [b7064b77-9271-4e94-8225-85d895886efb<-19e67e26-3d21-4d01-be9f-29113a4a814c#0:FAIL-t1, b7064b77-9271-4e94-8225-85d895886efb<-8c24ed06-386e-4085-8931-93c762a64530#0:FAIL-t1] and 0 exception(s); b7064b77-9271-4e94-8225-85d895886efb@group-B9DEF2EDD277:t1, leader=null, voted=b7064b77-9271-4e94-8225-85d895886efb, raftlog=b7064b77-9271-4e94-8225-85d895886efb@group-B9DEF2EDD277-SegmentedRaftLog:OPENED:c-1,f-1,i0, conf=-1: [19e67e26-3d21-4d01-be9f-29113a4a814c:192.168.30.6:34535, 8c24ed06-386e-4085-8931-93c762a64530:192.168.30.6:32862, b7064b77-9271-4e94-8225-85d895886efb:192.168.30.6:41519], old=null
2019-09-25 11:41:50,739 [b7064b77-9271-4e94-8225-85d895886efb@group-B9DEF2EDD277:LeaderElection22] INFO  impl.RaftServerImpl (RaftServerImpl.java:setRole(174)) - b7064b77-9271-4e94-8225-85d895886efb@group-B9DEF2EDD277: changes role from CANDIDATE to FOLLOWER at term 1 for DISCOVERED_A_NEW_TERM
2019-09-25 11:41:50,739 [b7064b77-9271-4e94-8225-85d895886efb@group-B9DEF2EDD277:LeaderElection22] INFO  impl.RoleInfo (RoleInfo.java:shutdownLeaderElection(134)) - b7064b77-9271-4e94-8225-85d895886efb: shutdown LeaderElection
2019-09-25 11:41:50,739 [b7064b77-9271-4e94-8225-85d895886efb@group-B9DEF2EDD277:LeaderElection22] INFO  impl.RoleInfo (RoleInfo.java:updateAndGet(143)) - b7064b77-9271-4e94-8225-85d895886efb: start FollowerState
2019-09-25 11:41:50,739 [d0888866-0bad-4f41-ad37-dccd4a57b958@group-071025EF7F78:LeaderElection30] INFO  impl.LeaderElection (LeaderElection.java:logAndReturn(56)) - d0888866-0bad-4f41-ad37-dccd4a57b958@group-071025EF7F78:LeaderElection30: Election REJECTED; received 2 response(s) [d0888866-0bad-4f41-ad37-dccd4a57b958<-e081c0a5-acfc-4a29-8262-ee158adf5b11#0:FAIL-t1, d0888866-0bad-4f41-ad37-dccd4a57b958<-19e67e26-3d21-4d01-be9f-29113a4a814c#0:FAIL-t1] and 0 exception(s); d0888866-0bad-4f41-ad37-dccd4a57b958@group-071025EF7F78:t1, leader=null, voted=d0888866-0bad-4f41-ad37-dccd4a57b958, raftlog=d0888866-0bad-4f41-ad37-dccd4a57b958@group-071025EF7F78-SegmentedRaftLog:OPENED:c-1,f-1,i0, conf=-1: [e081c0a5-acfc-4a29-8262-ee158adf5b11:192.168.30.6:37941, d0888866-0bad-4f41-ad37-dccd4a57b958:192.168.30.6:45405, 19e67e26-3d21-4d01-be9f-29113a4a814c:192.168.30.6:34535], old=null
2019-09-25 11:41:50,739 [d0888866-0bad-4f41-ad37-dccd4a57b958@group-071025EF7F78:LeaderElection30] INFO  impl.RaftServerImpl (RaftServerImpl.java:setRole(174)) - d0888866-0bad-4f41-ad37-dccd4a57b958@group-071025EF7F78: changes role from CANDIDATE to FOLLOWER at term 1 for DISCOVERED_A_NEW_TERM
2019-09-25 11:41:50,740 [d0888866-0bad-4f41-ad37-dccd4a57b958@group-071025EF7F78:LeaderElection30] INFO  impl.RoleInfo (RoleInfo.java:shutdownLeaderElection(134)) - d0888866-0bad-4f41-ad37-dccd4a57b958: shutdown LeaderElection
2019-09-25 11:41:50,740 [d0888866-0bad-4f41-ad37-dccd4a57b958@group-071025EF7F78:LeaderElection30] INFO  impl.RoleInfo (RoleInfo.java:updateAndGet(143)) - d0888866-0bad-4f41-ad37-dccd4a57b958: start FollowerState
2019-09-25 11:41:52,385 [e081c0a5-acfc-4a29-8262-ee158adf5b11@group-34523102FCC0-SegmentedRaftLogWorker] INFO  segmented.SegmentedRaftLogWorker (SegmentedRaftLogWorker.java:execute(569)) - e081c0a5-acfc-4a29-8262-ee158adf5b11@group-34523102FCC0-SegmentedRaftLogWorker: created new log segment /workdir/hadoop-ozone/integration-test/target/test-dir/MiniOzoneClusterImpl-85c44edd-3ede-4f6a-a825-df7bd545a955/datanode-4/data/ratis/74b22748-6fb9-413d-b284-34523102fcc0/current/log_inprogress_0
2019-09-25 11:41:52,385 [19e67e26-3d21-4d01-be9f-29113a4a814c@group-158143B13CCA-SegmentedRaftLogWorker] INFO  segmented.SegmentedRaftLogWorker (SegmentedRaftLogWorker.java:execute(569)) - 19e67e26-3d21-4d01-be9f-29113a4a814c@group-158143B13CCA-SegmentedRaftLogWorker: created new log segment /workdir/hadoop-ozone/integration-test/target/test-dir/MiniOzoneClusterImpl-85c44edd-3ede-4f6a-a825-df7bd545a955/datanode-0/data/ratis/05f3517d-94f3-47e8-ba09-158143b13cca/current/log_inprogress_0
2019-09-25 11:41:52,385 [e081c0a5-acfc-4a29-8262-ee158adf5b11@group-4519217FD965-SegmentedRaftLogWorker] INFO  segmented.SegmentedRaftLogWorker (SegmentedRaftLogWorker.java:execute(569)) - e081c0a5-acfc-4a29-8262-ee158adf5b11@group-4519217FD965-SegmentedRaftLogWorker: created new log segment /workdir/hadoop-ozone/integration-test/target/test-dir/MiniOzoneClusterImpl-85c44edd-3ede-4f6a-a825-df7bd545a955/datanode-4/data/ratis/6c9b1c5b-b51c-4927-8036-4519217fd965/current/log_inprogress_0
2019-09-25 11:41:54,252 [RatisPipelineUtilsThread] INFO  pipeline.PipelinePlacementPolicy (PipelinePlacementPolicy.java:meetCriteria(91)) - Pipeline Placement: can't place more pipeline on heavy datanode： a7d59ef6-3eca-4628-b097-12d983444e7f Heaviness: 6 limit: 5
2019-09-25 11:41:54,252 [RatisPipelineUtilsThread] INFO  pipeline.PipelinePlacementPolicy (PipelinePlacementPolicy.java:meetCriteria(91)) - Pipeline Placement: can't place more pipeline on heavy datanode： d0888866-0bad-4f41-ad37-dccd4a57b958 Heaviness: 6 limit: 5
2019-09-25 11:41:54,253 [RatisPipelineUtilsThread] INFO  pipeline.PipelinePlacementPolicy (PipelinePlacementPolicy.java:meetCriteria(91)) - Pipeline Placement: can't place more pipeline on heavy datanode： 19e67e26-3d21-4d01-be9f-29113a4a814c Heaviness: 6 limit: 5
2019-09-25 11:41:54,253 [RatisPipelineUtilsThread] INFO  pipeline.PipelinePlacementPolicy (PipelinePlacementPolicy.java:meetCriteria(91)) - Pipeline Placement: can't place more pipeline on heavy datanode： e081c0a5-acfc-4a29-8262-ee158adf5b11 Heaviness: 6 limit: 5
2019-09-25 11:41:54,253 [RatisPipelineUtilsThread] INFO  pipeline.PipelinePlacementPolicy (PipelinePlacementPolicy.java:meetCriteria(91)) - Pipeline Placement: can't place more pipeline on heavy datanode： 8c24ed06-386e-4085-8931-93c762a64530 Heaviness: 6 limit: 5
2019-09-25 11:41:54,253 [RatisPipelineUtilsThread] INFO  pipeline.PipelinePlacementPolicy (PipelinePlacementPolicy.java:meetCriteria(91)) - Pipeline Placement: can't place more pipeline on heavy datanode： b7064b77-9271-4e94-8225-85d895886efb Heaviness: 6 limit: 5
2019-09-25 11:41:54,253 [RatisPipelineUtilsThread] ERROR pipeline.PipelinePlacementPolicy (PipelinePlacementPolicy.java:filterViableNodes(148)) - Unable to find enough nodes that meet the criteria that cannot engage in more than 5 pipelines. Nodes required: 1 Found: 0, healthy nodes count inNodeManager: 6.
2019-09-25 11:41:54,253 [RatisPipelineUtilsThread] ERROR pipeline.SCMPipelineManager (SCMPipelineManager.java:createPipeline(167)) - Pipeline creation failed.
org.apache.hadoop.hdds.scm.exceptions.SCMException: Unable to find enough nodes that meet the criteria that cannot engage in more than 5 pipelines. Nodes required: 1 Found: 0, healthy nodes count inNodeManager: 6.
	at org.apache.hadoop.hdds.scm.pipeline.PipelinePlacementPolicy.filterViableNodes(PipelinePlacementPolicy.java:149)
	at org.apache.hadoop.hdds.scm.pipeline.PipelinePlacementPolicy.chooseDatanodes(PipelinePlacementPolicy.java:172)
	at org.apache.hadoop.hdds.scm.pipeline.RatisPipelineProvider.create(RatisPipelineProvider.java:93)
	at org.apache.hadoop.hdds.scm.pipeline.PipelineFactory.create(PipelineFactory.java:58)
	at org.apache.hadoop.hdds.scm.pipeline.SCMPipelineManager.createPipeline(SCMPipelineManager.java:155)
	at org.apache.hadoop.hdds.scm.pipeline.BackgroundPipelineCreator.createPipelines(BackgroundPipelineCreator.java:99)
	at org.apache.hadoop.hdds.scm.pipeline.BackgroundPipelineCreator.lambda$startFixedIntervalPipelineCreator$0(BackgroundPipelineCreator.java:70)
	at java.util.concurrent.Executors$RunnableAdapter.call(Executors.java:511)
	at java.util.concurrent.FutureTask.runAndReset(FutureTask.java:308)
	at java.util.concurrent.ScheduledThreadPoolExecutor$ScheduledFutureTask.access$301(ScheduledThreadPoolExecutor.java:180)
	at java.util.concurrent.ScheduledThreadPoolExecutor$ScheduledFutureTask.run(ScheduledThreadPoolExecutor.java:294)
	at java.util.concurrent.ThreadPoolExecutor.runWorker(ThreadPoolExecutor.java:1149)
	at java.util.concurrent.ThreadPoolExecutor$Worker.run(ThreadPoolExecutor.java:624)
	at java.lang.Thread.run(Thread.java:748)
2019-09-25 11:41:54,254 [RatisPipelineUtilsThread] INFO  pipeline.PipelinePlacementPolicy (PipelinePlacementPolicy.java:meetCriteria(91)) - Pipeline Placement: can't place more pipeline on heavy datanode： a7d59ef6-3eca-4628-b097-12d983444e7f Heaviness: 6 limit: 5
2019-09-25 11:41:54,254 [RatisPipelineUtilsThread] INFO  pipeline.PipelinePlacementPolicy (PipelinePlacementPolicy.java:meetCriteria(91)) - Pipeline Placement: can't place more pipeline on heavy datanode： d0888866-0bad-4f41-ad37-dccd4a57b958 Heaviness: 6 limit: 5
2019-09-25 11:41:54,254 [RatisPipelineUtilsThread] INFO  pipeline.PipelinePlacementPolicy (PipelinePlacementPolicy.java:meetCriteria(91)) - Pipeline Placement: can't place more pipeline on heavy datanode： 19e67e26-3d21-4d01-be9f-29113a4a814c Heaviness: 6 limit: 5
2019-09-25 11:41:54,254 [RatisPipelineUtilsThread] INFO  pipeline.PipelinePlacementPolicy (PipelinePlacementPolicy.java:meetCriteria(91)) - Pipeline Placement: can't place more pipeline on heavy datanode： e081c0a5-acfc-4a29-8262-ee158adf5b11 Heaviness: 6 limit: 5
2019-09-25 11:41:54,255 [RatisPipelineUtilsThread] INFO  pipeline.PipelinePlacementPolicy (PipelinePlacementPolicy.java:meetCriteria(91)) - Pipeline Placement: can't place more pipeline on heavy datanode： 8c24ed06-386e-4085-8931-93c762a64530 Heaviness: 6 limit: 5
2019-09-25 11:41:54,255 [RatisPipelineUtilsThread] INFO  pipeline.PipelinePlacementPolicy (PipelinePlacementPolicy.java:meetCriteria(91)) - Pipeline Placement: can't place more pipeline on heavy datanode： b7064b77-9271-4e94-8225-85d895886efb Heaviness: 6 limit: 5
2019-09-25 11:41:54,255 [RatisPipelineUtilsThread] ERROR pipeline.PipelinePlacementPolicy (PipelinePlacementPolicy.java:filterViableNodes(148)) - Unable to find enough nodes that meet the criteria that cannot engage in more than 5 pipelines. Nodes required: 3 Found: 0, healthy nodes count inNodeManager: 6.
2019-09-25 11:41:54,255 [RatisPipelineUtilsThread] ERROR pipeline.SCMPipelineManager (SCMPipelineManager.java:createPipeline(167)) - Pipeline creation failed.
org.apache.hadoop.hdds.scm.exceptions.SCMException: Unable to find enough nodes that meet the criteria that cannot engage in more than 5 pipelines. Nodes required: 3 Found: 0, healthy nodes count inNodeManager: 6.
	at org.apache.hadoop.hdds.scm.pipeline.PipelinePlacementPolicy.filterViableNodes(PipelinePlacementPolicy.java:149)
	at org.apache.hadoop.hdds.scm.pipeline.PipelinePlacementPolicy.chooseDatanodes(PipelinePlacementPolicy.java:172)
	at org.apache.hadoop.hdds.scm.pipeline.RatisPipelineProvider.create(RatisPipelineProvider.java:93)
	at org.apache.hadoop.hdds.scm.pipeline.PipelineFactory.create(PipelineFactory.java:58)
	at org.apache.hadoop.hdds.scm.pipeline.SCMPipelineManager.createPipeline(SCMPipelineManager.java:155)
	at org.apache.hadoop.hdds.scm.pipeline.BackgroundPipelineCreator.createPipelines(BackgroundPipelineCreator.java:99)
	at org.apache.hadoop.hdds.scm.pipeline.BackgroundPipelineCreator.lambda$startFixedIntervalPipelineCreator$0(BackgroundPipelineCreator.java:70)
	at java.util.concurrent.Executors$RunnableAdapter.call(Executors.java:511)
	at java.util.concurrent.FutureTask.runAndReset(FutureTask.java:308)
	at java.util.concurrent.ScheduledThreadPoolExecutor$ScheduledFutureTask.access$301(ScheduledThreadPoolExecutor.java:180)
	at java.util.concurrent.ScheduledThreadPoolExecutor$ScheduledFutureTask.run(ScheduledThreadPoolExecutor.java:294)
	at java.util.concurrent.ThreadPoolExecutor.runWorker(ThreadPoolExecutor.java:1149)
	at java.util.concurrent.ThreadPoolExecutor$Worker.run(ThreadPoolExecutor.java:624)
	at java.lang.Thread.run(Thread.java:748)
2019-09-25 11:41:55,016 [Thread-406] INFO  impl.FollowerState (FollowerState.java:run(106)) - a7d59ef6-3eca-4628-b097-12d983444e7f:group-47DBAAEC82C8 changes to CANDIDATE, lastRpcTime:5002, electionTimeout:5000ms
2019-09-25 11:41:55,016 [Thread-406] INFO  impl.RoleInfo (RoleInfo.java:shutdownFollowerState(121)) - a7d59ef6-3eca-4628-b097-12d983444e7f: shutdown FollowerState
2019-09-25 11:41:55,016 [Thread-406] INFO  impl.RaftServerImpl (RaftServerImpl.java:setRole(174)) - a7d59ef6-3eca-4628-b097-12d983444e7f@group-47DBAAEC82C8: changes role from  FOLLOWER to CANDIDATE at term 1 for changeToCandidate
2019-09-25 11:41:55,016 [Thread-406] INFO  impl.RoleInfo (RoleInfo.java:updateAndGet(143)) - a7d59ef6-3eca-4628-b097-12d983444e7f: start LeaderElection
2019-09-25 11:41:55,017 [Thread-405] INFO  impl.FollowerState (FollowerState.java:run(106)) - b7064b77-9271-4e94-8225-85d895886efb:group-282EF1BFFEE0 changes to CANDIDATE, lastRpcTime:5019, electionTimeout:5014ms
2019-09-25 11:41:55,020 [Thread-405] INFO  impl.RoleInfo (RoleInfo.java:shutdownFollowerState(121)) - b7064b77-9271-4e94-8225-85d895886efb: shutdown FollowerState
2019-09-25 11:41:55,020 [Thread-405] INFO  impl.RaftServerImpl (RaftServerImpl.java:setRole(174)) - b7064b77-9271-4e94-8225-85d895886efb@group-282EF1BFFEE0: changes role from  FOLLOWER to CANDIDATE at term 1 for changeToCandidate
2019-09-25 11:41:55,020 [Thread-405] INFO  impl.RoleInfo (RoleInfo.java:updateAndGet(143)) - b7064b77-9271-4e94-8225-85d895886efb: start LeaderElection
2019-09-25 11:41:55,070 [Thread-400] INFO  impl.FollowerState (FollowerState.java:run(106)) - 8c24ed06-386e-4085-8931-93c762a64530:group-BF1BD4D8076C changes to CANDIDATE, lastRpcTime:5079, electionTimeout:5073ms
2019-09-25 11:41:55,070 [Thread-400] INFO  impl.RoleInfo (RoleInfo.java:shutdownFollowerState(121)) - 8c24ed06-386e-4085-8931-93c762a64530: shutdown FollowerState
2019-09-25 11:41:55,070 [Thread-400] INFO  impl.RaftServerImpl (RaftServerImpl.java:setRole(174)) - 8c24ed06-386e-4085-8931-93c762a64530@group-BF1BD4D8076C: changes role from  FOLLOWER to CANDIDATE at term 1 for changeToCandidate
2019-09-25 11:41:55,071 [Thread-400] INFO  impl.RoleInfo (RoleInfo.java:updateAndGet(143)) - 8c24ed06-386e-4085-8931-93c762a64530: start LeaderElection
2019-09-25 11:41:55,074 [Thread-411] INFO  impl.FollowerState (FollowerState.java:run(106)) - d0888866-0bad-4f41-ad37-dccd4a57b958:group-282EF1BFFEE0 changes to CANDIDATE, lastRpcTime:5042, electionTimeout:5041ms
2019-09-25 11:41:55,074 [Thread-411] INFO  impl.RoleInfo (RoleInfo.java:shutdownFollowerState(121)) - d0888866-0bad-4f41-ad37-dccd4a57b958: shutdown FollowerState
2019-09-25 11:41:55,074 [Thread-411] INFO  impl.RaftServerImpl (RaftServerImpl.java:setRole(174)) - d0888866-0bad-4f41-ad37-dccd4a57b958@group-282EF1BFFEE0: changes role from  FOLLOWER to CANDIDATE at term 1 for changeToCandidate
2019-09-25 11:41:55,075 [Thread-411] INFO  impl.RoleInfo (RoleInfo.java:updateAndGet(143)) - d0888866-0bad-4f41-ad37-dccd4a57b958: start LeaderElection
2019-09-25 11:41:55,078 [Thread-403] INFO  impl.FollowerState (FollowerState.java:run(106)) - b7064b77-9271-4e94-8225-85d895886efb:group-CDCB2C8C105A changes to CANDIDATE, lastRpcTime:5083, electionTimeout:5077ms
2019-09-25 11:41:55,078 [Thread-403] INFO  impl.RoleInfo (RoleInfo.java:shutdownFollowerState(121)) - b7064b77-9271-4e94-8225-85d895886efb: shutdown FollowerState
2019-09-25 11:41:55,079 [Thread-403] INFO  impl.RaftServerImpl (RaftServerImpl.java:setRole(174)) - b7064b77-9271-4e94-8225-85d895886efb@group-CDCB2C8C105A: changes role from  FOLLOWER to CANDIDATE at term 1 for changeToCandidate
2019-09-25 11:41:55,079 [Thread-403] INFO  impl.RoleInfo (RoleInfo.java:updateAndGet(143)) - b7064b77-9271-4e94-8225-85d895886efb: start LeaderElection
2019-09-25 11:41:55,081 [Thread-407] INFO  impl.FollowerState (FollowerState.java:run(106)) - a7d59ef6-3eca-4628-b097-12d983444e7f:group-282EF1BFFEE0 changes to CANDIDATE, lastRpcTime:5065, electionTimeout:5064ms
2019-09-25 11:41:55,081 [Thread-407] INFO  impl.RoleInfo (RoleInfo.java:shutdownFollowerState(121)) - a7d59ef6-3eca-4628-b097-12d983444e7f: shutdown FollowerState
2019-09-25 11:41:55,082 [Thread-407] INFO  impl.RaftServerImpl (RaftServerImpl.java:setRole(174)) - a7d59ef6-3eca-4628-b097-12d983444e7f@group-282EF1BFFEE0: changes role from  FOLLOWER to CANDIDATE at term 1 for changeToCandidate
2019-09-25 11:41:55,082 [Thread-407] INFO  impl.RoleInfo (RoleInfo.java:updateAndGet(143)) - a7d59ef6-3eca-4628-b097-12d983444e7f: start LeaderElection
2019-09-25 11:41:55,088 [Thread-402] INFO  impl.FollowerState (FollowerState.java:run(106)) - 19e67e26-3d21-4d01-be9f-29113a4a814c:group-BF1BD4D8076C changes to CANDIDATE, lastRpcTime:5093, electionTimeout:5085ms
2019-09-25 11:41:55,088 [Thread-402] INFO  impl.RoleInfo (RoleInfo.java:shutdownFollowerState(121)) - 19e67e26-3d21-4d01-be9f-29113a4a814c: shutdown FollowerState
2019-09-25 11:41:55,088 [Thread-402] INFO  impl.RaftServerImpl (RaftServerImpl.java:setRole(174)) - 19e67e26-3d21-4d01-be9f-29113a4a814c@group-BF1BD4D8076C: changes role from  FOLLOWER to CANDIDATE at term 1 for changeToCandidate
2019-09-25 11:41:55,089 [Thread-402] INFO  impl.RoleInfo (RoleInfo.java:updateAndGet(143)) - 19e67e26-3d21-4d01-be9f-29113a4a814c: start LeaderElection
2019-09-25 11:41:55,092 [Thread-404] INFO  impl.FollowerState (FollowerState.java:run(106)) - b7064b77-9271-4e94-8225-85d895886efb:group-47DBAAEC82C8 changes to CANDIDATE, lastRpcTime:5097, electionTimeout:5094ms
2019-09-25 11:41:55,093 [Thread-404] INFO  impl.RoleInfo (RoleInfo.java:shutdownFollowerState(121)) - b7064b77-9271-4e94-8225-85d895886efb: shutdown FollowerState
2019-09-25 11:41:55,093 [Thread-404] INFO  impl.RaftServerImpl (RaftServerImpl.java:setRole(174)) - b7064b77-9271-4e94-8225-85d895886efb@group-47DBAAEC82C8: changes role from  FOLLOWER to CANDIDATE at term 1 for changeToCandidate
2019-09-25 11:41:55,093 [Thread-404] INFO  impl.RoleInfo (RoleInfo.java:updateAndGet(143)) - b7064b77-9271-4e94-8225-85d895886efb: start LeaderElection
2019-09-25 11:41:55,114 [Thread-408] INFO  impl.FollowerState (FollowerState.java:run(106)) - e081c0a5-acfc-4a29-8262-ee158adf5b11:group-BF1BD4D8076C changes to CANDIDATE, lastRpcTime:5094, electionTimeout:5094ms
2019-09-25 11:41:55,114 [Thread-408] INFO  impl.RoleInfo (RoleInfo.java:shutdownFollowerState(121)) - e081c0a5-acfc-4a29-8262-ee158adf5b11: shutdown FollowerState
2019-09-25 11:41:55,114 [Thread-408] INFO  impl.RaftServerImpl (RaftServerImpl.java:setRole(174)) - e081c0a5-acfc-4a29-8262-ee158adf5b11@group-BF1BD4D8076C: changes role from  FOLLOWER to CANDIDATE at term 1 for changeToCandidate
2019-09-25 11:41:55,114 [Thread-408] INFO  impl.RoleInfo (RoleInfo.java:updateAndGet(143)) - e081c0a5-acfc-4a29-8262-ee158adf5b11: start LeaderElection
2019-09-25 11:41:55,138 [Thread-409] INFO  impl.FollowerState (FollowerState.java:run(106)) - 8c24ed06-386e-4085-8931-93c762a64530:group-CDCB2C8C105A changes to CANDIDATE, lastRpcTime:5111, electionTimeout:5110ms
2019-09-25 11:41:55,138 [Thread-409] INFO  impl.RoleInfo (RoleInfo.java:shutdownFollowerState(121)) - 8c24ed06-386e-4085-8931-93c762a64530: shutdown FollowerState
2019-09-25 11:41:55,139 [Thread-409] INFO  impl.RaftServerImpl (RaftServerImpl.java:setRole(174)) - 8c24ed06-386e-4085-8931-93c762a64530@group-CDCB2C8C105A: changes role from  FOLLOWER to CANDIDATE at term 1 for changeToCandidate
2019-09-25 11:41:55,139 [Thread-409] INFO  impl.RoleInfo (RoleInfo.java:updateAndGet(143)) - 8c24ed06-386e-4085-8931-93c762a64530: start LeaderElection
2019-09-25 11:41:55,184 [Thread-401] INFO  impl.FollowerState (FollowerState.java:run(106)) - 8c24ed06-386e-4085-8931-93c762a64530:group-47DBAAEC82C8 changes to CANDIDATE, lastRpcTime:5193, electionTimeout:5187ms
2019-09-25 11:41:55,184 [Thread-401] INFO  impl.RoleInfo (RoleInfo.java:shutdownFollowerState(121)) - 8c24ed06-386e-4085-8931-93c762a64530: shutdown FollowerState
2019-09-25 11:41:55,184 [Thread-401] INFO  impl.RaftServerImpl (RaftServerImpl.java:setRole(174)) - 8c24ed06-386e-4085-8931-93c762a64530@group-47DBAAEC82C8: changes role from  FOLLOWER to CANDIDATE at term 1 for changeToCandidate
2019-09-25 11:41:55,184 [Thread-401] INFO  impl.RoleInfo (RoleInfo.java:updateAndGet(143)) - 8c24ed06-386e-4085-8931-93c762a64530: start LeaderElection
2019-09-25 11:41:55,198 [Thread-410] INFO  impl.FollowerState (FollowerState.java:run(106)) - d0888866-0bad-4f41-ad37-dccd4a57b958:group-CDCB2C8C105A changes to CANDIDATE, lastRpcTime:5168, electionTimeout:5167ms
2019-09-25 11:41:55,199 [Thread-410] INFO  impl.RoleInfo (RoleInfo.java:shutdownFollowerState(121)) - d0888866-0bad-4f41-ad37-dccd4a57b958: shutdown FollowerState
2019-09-25 11:41:55,199 [Thread-410] INFO  impl.RaftServerImpl (RaftServerImpl.java:setRole(174)) - d0888866-0bad-4f41-ad37-dccd4a57b958@group-CDCB2C8C105A: changes role from  FOLLOWER to CANDIDATE at term 1 for changeToCandidate
2019-09-25 11:41:55,199 [Thread-410] INFO  impl.RoleInfo (RoleInfo.java:updateAndGet(143)) - d0888866-0bad-4f41-ad37-dccd4a57b958: start LeaderElection
2019-09-25 11:41:55,724 [Thread-461] INFO  impl.FollowerState (FollowerState.java:run(106)) - e081c0a5-acfc-4a29-8262-ee158adf5b11:group-071025EF7F78 changes to CANDIDATE, lastRpcTime:5028, electionTimeout:5020ms
2019-09-25 11:41:55,724 [Thread-461] INFO  impl.RoleInfo (RoleInfo.java:shutdownFollowerState(121)) - e081c0a5-acfc-4a29-8262-ee158adf5b11: shutdown FollowerState
2019-09-25 11:41:55,724 [Thread-461] INFO  impl.RaftServerImpl (RaftServerImpl.java:setRole(174)) - e081c0a5-acfc-4a29-8262-ee158adf5b11@group-071025EF7F78: changes role from  FOLLOWER to CANDIDATE at term 1 for changeToCandidate
2019-09-25 11:41:55,724 [Thread-461] INFO  impl.RoleInfo (RoleInfo.java:updateAndGet(143)) - e081c0a5-acfc-4a29-8262-ee158adf5b11: start LeaderElection
2019-09-25 11:41:55,745 [Thread-463] INFO  impl.FollowerState (FollowerState.java:run(106)) - a7d59ef6-3eca-4628-b097-12d983444e7f:group-DBE87B3B08CE changes to CANDIDATE, lastRpcTime:5046, electionTimeout:5041ms
2019-09-25 11:41:55,745 [Thread-463] INFO  impl.RoleInfo (RoleInfo.java:shutdownFollowerState(121)) - a7d59ef6-3eca-4628-b097-12d983444e7f: shutdown FollowerState
2019-09-25 11:41:55,745 [Thread-463] INFO  impl.RaftServerImpl (RaftServerImpl.java:setRole(174)) - a7d59ef6-3eca-4628-b097-12d983444e7f@group-DBE87B3B08CE: changes role from  FOLLOWER to CANDIDATE at term 1 for changeToCandidate
2019-09-25 11:41:55,746 [Thread-463] INFO  impl.RoleInfo (RoleInfo.java:updateAndGet(143)) - a7d59ef6-3eca-4628-b097-12d983444e7f: start LeaderElection
2019-09-25 11:41:55,750 [Thread-457] INFO  impl.FollowerState (FollowerState.java:run(106)) - d0888866-0bad-4f41-ad37-dccd4a57b958:group-F2E0294EDFC2 changes to CANDIDATE, lastRpcTime:5098, electionTimeout:5096ms
2019-09-25 11:41:55,750 [Thread-457] INFO  impl.RoleInfo (RoleInfo.java:shutdownFollowerState(121)) - d0888866-0bad-4f41-ad37-dccd4a57b958: shutdown FollowerState
2019-09-25 11:41:55,750 [Thread-457] INFO  impl.RaftServerImpl (RaftServerImpl.java:setRole(174)) - d0888866-0bad-4f41-ad37-dccd4a57b958@group-F2E0294EDFC2: changes role from  FOLLOWER to CANDIDATE at term 1 for changeToCandidate
2019-09-25 11:41:55,750 [Thread-468] INFO  impl.FollowerState (FollowerState.java:run(106)) - b7064b77-9271-4e94-8225-85d895886efb:group-6E9EB1C0F638 changes to CANDIDATE, lastRpcTime:5033, electionTimeout:5033ms
2019-09-25 11:41:55,750 [Thread-457] INFO  impl.RoleInfo (RoleInfo.java:updateAndGet(143)) - d0888866-0bad-4f41-ad37-dccd4a57b958: start LeaderElection
2019-09-25 11:41:55,750 [Thread-468] INFO  impl.RoleInfo (RoleInfo.java:shutdownFollowerState(121)) - b7064b77-9271-4e94-8225-85d895886efb: shutdown FollowerState
2019-09-25 11:41:55,750 [Thread-468] INFO  impl.RaftServerImpl (RaftServerImpl.java:setRole(174)) - b7064b77-9271-4e94-8225-85d895886efb@group-6E9EB1C0F638: changes role from  FOLLOWER to CANDIDATE at term 1 for changeToCandidate
2019-09-25 11:41:55,753 [Thread-468] INFO  impl.RoleInfo (RoleInfo.java:updateAndGet(143)) - b7064b77-9271-4e94-8225-85d895886efb: start LeaderElection
2019-09-25 11:41:55,769 [Thread-469] INFO  impl.FollowerState (FollowerState.java:run(106)) - a7d59ef6-3eca-4628-b097-12d983444e7f:group-7CC56FB5D3F9 changes to CANDIDATE, lastRpcTime:5049, electionTimeout:5049ms
2019-09-25 11:41:55,769 [Thread-469] INFO  impl.RoleInfo (RoleInfo.java:shutdownFollowerState(121)) - a7d59ef6-3eca-4628-b097-12d983444e7f: shutdown FollowerState
2019-09-25 11:41:55,769 [Thread-469] INFO  impl.RaftServerImpl (RaftServerImpl.java:setRole(174)) - a7d59ef6-3eca-4628-b097-12d983444e7f@group-7CC56FB5D3F9: changes role from  FOLLOWER to CANDIDATE at term 1 for changeToCandidate
2019-09-25 11:41:55,769 [Thread-465] INFO  impl.FollowerState (FollowerState.java:run(106)) - 8c24ed06-386e-4085-8931-93c762a64530:group-DBE87B3B08CE changes to CANDIDATE, lastRpcTime:5065, electionTimeout:5059ms
2019-09-25 11:41:55,769 [Thread-469] INFO  impl.RoleInfo (RoleInfo.java:updateAndGet(143)) - a7d59ef6-3eca-4628-b097-12d983444e7f: start LeaderElection
2019-09-25 11:41:55,770 [Thread-465] INFO  impl.RoleInfo (RoleInfo.java:shutdownFollowerState(121)) - 8c24ed06-386e-4085-8931-93c762a64530: shutdown FollowerState
2019-09-25 11:41:55,770 [Thread-465] INFO  impl.RaftServerImpl (RaftServerImpl.java:setRole(174)) - 8c24ed06-386e-4085-8931-93c762a64530@group-DBE87B3B08CE: changes role from  FOLLOWER to CANDIDATE at term 1 for changeToCandidate
2019-09-25 11:41:55,772 [Thread-459] INFO  impl.FollowerState (FollowerState.java:run(106)) - d0888866-0bad-4f41-ad37-dccd4a57b958:group-ADB1B60517AF changes to CANDIDATE, lastRpcTime:5099, electionTimeout:5097ms
2019-09-25 11:41:55,772 [Thread-465] INFO  impl.RoleInfo (RoleInfo.java:updateAndGet(143)) - 8c24ed06-386e-4085-8931-93c762a64530: start LeaderElection
2019-09-25 11:41:55,773 [Thread-459] INFO  impl.RoleInfo (RoleInfo.java:shutdownFollowerState(121)) - d0888866-0bad-4f41-ad37-dccd4a57b958: shutdown FollowerState
2019-09-25 11:41:55,773 [Thread-459] INFO  impl.RaftServerImpl (RaftServerImpl.java:setRole(174)) - d0888866-0bad-4f41-ad37-dccd4a57b958@group-ADB1B60517AF: changes role from  FOLLOWER to CANDIDATE at term 1 for changeToCandidate
2019-09-25 11:41:55,775 [Thread-459] INFO  impl.RoleInfo (RoleInfo.java:updateAndGet(143)) - d0888866-0bad-4f41-ad37-dccd4a57b958: start LeaderElection
2019-09-25 11:41:55,811 [Thread-472] INFO  impl.FollowerState (FollowerState.java:run(106)) - e081c0a5-acfc-4a29-8262-ee158adf5b11:group-6E9EB1C0F638 changes to CANDIDATE, lastRpcTime:5085, electionTimeout:5085ms
2019-09-25 11:41:55,811 [Thread-472] INFO  impl.RoleInfo (RoleInfo.java:shutdownFollowerState(121)) - e081c0a5-acfc-4a29-8262-ee158adf5b11: shutdown FollowerState
2019-09-25 11:41:55,812 [Thread-472] INFO  impl.RaftServerImpl (RaftServerImpl.java:setRole(174)) - e081c0a5-acfc-4a29-8262-ee158adf5b11@group-6E9EB1C0F638: changes role from  FOLLOWER to CANDIDATE at term 1 for changeToCandidate
2019-09-25 11:41:55,812 [Thread-472] INFO  impl.RoleInfo (RoleInfo.java:updateAndGet(143)) - e081c0a5-acfc-4a29-8262-ee158adf5b11: start LeaderElection
2019-09-25 11:41:55,829 [Thread-466] INFO  impl.FollowerState (FollowerState.java:run(106)) - 19e67e26-3d21-4d01-be9f-29113a4a814c:group-7CC56FB5D3F9 changes to CANDIDATE, lastRpcTime:5118, electionTimeout:5118ms
2019-09-25 11:41:55,829 [Thread-466] INFO  impl.RoleInfo (RoleInfo.java:shutdownFollowerState(121)) - 19e67e26-3d21-4d01-be9f-29113a4a814c: shutdown FollowerState
2019-09-25 11:41:55,829 [Thread-466] INFO  impl.RaftServerImpl (RaftServerImpl.java:setRole(174)) - 19e67e26-3d21-4d01-be9f-29113a4a814c@group-7CC56FB5D3F9: changes role from  FOLLOWER to CANDIDATE at term 1 for changeToCandidate
2019-09-25 11:41:55,830 [Thread-466] INFO  impl.RoleInfo (RoleInfo.java:updateAndGet(143)) - 19e67e26-3d21-4d01-be9f-29113a4a814c: start LeaderElection
2019-09-25 11:41:55,839 [Thread-467] INFO  impl.FollowerState (FollowerState.java:run(106)) - e081c0a5-acfc-4a29-8262-ee158adf5b11:group-7CC56FB5D3F9 changes to CANDIDATE, lastRpcTime:5123, electionTimeout:5122ms
2019-09-25 11:41:55,839 [Thread-467] INFO  impl.RoleInfo (RoleInfo.java:shutdownFollowerState(121)) - e081c0a5-acfc-4a29-8262-ee158adf5b11: shutdown FollowerState
2019-09-25 11:41:55,839 [Thread-467] INFO  impl.RaftServerImpl (RaftServerImpl.java:setRole(174)) - e081c0a5-acfc-4a29-8262-ee158adf5b11@group-7CC56FB5D3F9: changes role from  FOLLOWER to CANDIDATE at term 1 for changeToCandidate
2019-09-25 11:41:55,839 [Thread-467] INFO  impl.RoleInfo (RoleInfo.java:updateAndGet(143)) - e081c0a5-acfc-4a29-8262-ee158adf5b11: start LeaderElection
2019-09-25 11:41:55,854 [Thread-470] INFO  impl.FollowerState (FollowerState.java:run(106)) - a7d59ef6-3eca-4628-b097-12d983444e7f:group-F2E0294EDFC2 changes to CANDIDATE, lastRpcTime:5129, electionTimeout:5129ms
2019-09-25 11:41:55,854 [Thread-470] INFO  impl.RoleInfo (RoleInfo.java:shutdownFollowerState(121)) - a7d59ef6-3eca-4628-b097-12d983444e7f: shutdown FollowerState
2019-09-25 11:41:55,855 [Thread-470] INFO  impl.RaftServerImpl (RaftServerImpl.java:setRole(174)) - a7d59ef6-3eca-4628-b097-12d983444e7f@group-F2E0294EDFC2: changes role from  FOLLOWER to CANDIDATE at term 1 for changeToCandidate
2019-09-25 11:41:55,855 [Thread-462] INFO  impl.FollowerState (FollowerState.java:run(106)) - 8c24ed06-386e-4085-8931-93c762a64530:group-ADB1B60517AF changes to CANDIDATE, lastRpcTime:5160, electionTimeout:5153ms
2019-09-25 11:41:55,855 [Thread-470] INFO  impl.RoleInfo (RoleInfo.java:updateAndGet(143)) - a7d59ef6-3eca-4628-b097-12d983444e7f: start LeaderElection
2019-09-25 11:41:55,855 [Thread-462] INFO  impl.RoleInfo (RoleInfo.java:shutdownFollowerState(121)) - 8c24ed06-386e-4085-8931-93c762a64530: shutdown FollowerState
2019-09-25 11:41:55,855 [Thread-462] INFO  impl.RaftServerImpl (RaftServerImpl.java:setRole(174)) - 8c24ed06-386e-4085-8931-93c762a64530@group-ADB1B60517AF: changes role from  FOLLOWER to CANDIDATE at term 1 for changeToCandidate
2019-09-25 11:41:55,855 [Thread-462] INFO  impl.RoleInfo (RoleInfo.java:updateAndGet(143)) - 8c24ed06-386e-4085-8931-93c762a64530: start LeaderElection
2019-09-25 11:41:55,856 [Thread-458] INFO  impl.FollowerState (FollowerState.java:run(106)) - d0888866-0bad-4f41-ad37-dccd4a57b958:group-DBE87B3B08CE changes to CANDIDATE, lastRpcTime:5189, electionTimeout:5187ms
2019-09-25 11:41:55,857 [Thread-458] INFO  impl.RoleInfo (RoleInfo.java:shutdownFollowerState(121)) - d0888866-0bad-4f41-ad37-dccd4a57b958: shutdown FollowerState
2019-09-25 11:41:55,857 [Thread-458] INFO  impl.RaftServerImpl (RaftServerImpl.java:setRole(174)) - d0888866-0bad-4f41-ad37-dccd4a57b958@group-DBE87B3B08CE: changes role from  FOLLOWER to CANDIDATE at term 1 for changeToCandidate
2019-09-25 11:41:55,857 [Thread-458] INFO  impl.RoleInfo (RoleInfo.java:updateAndGet(143)) - d0888866-0bad-4f41-ad37-dccd4a57b958: start LeaderElection
2019-09-25 11:41:55,871 [Thread-460] INFO  impl.FollowerState (FollowerState.java:run(106)) - b7064b77-9271-4e94-8225-85d895886efb:group-F2E0294EDFC2 changes to CANDIDATE, lastRpcTime:5193, electionTimeout:5193ms
2019-09-25 11:41:55,871 [Thread-460] INFO  impl.RoleInfo (RoleInfo.java:shutdownFollowerState(121)) - b7064b77-9271-4e94-8225-85d895886efb: shutdown FollowerState
2019-09-25 11:41:55,871 [Thread-460] INFO  impl.RaftServerImpl (RaftServerImpl.java:setRole(174)) - b7064b77-9271-4e94-8225-85d895886efb@group-F2E0294EDFC2: changes role from  FOLLOWER to CANDIDATE at term 1 for changeToCandidate
2019-09-25 11:41:55,872 [Thread-460] INFO  impl.RoleInfo (RoleInfo.java:updateAndGet(143)) - b7064b77-9271-4e94-8225-85d895886efb: start LeaderElection
2019-09-25 11:41:55,873 [Thread-471] INFO  impl.FollowerState (FollowerState.java:run(106)) - a7d59ef6-3eca-4628-b097-12d983444e7f:group-6E9EB1C0F638 changes to CANDIDATE, lastRpcTime:5147, electionTimeout:5147ms
2019-09-25 11:41:55,873 [Thread-471] INFO  impl.RoleInfo (RoleInfo.java:shutdownFollowerState(121)) - a7d59ef6-3eca-4628-b097-12d983444e7f: shutdown FollowerState
2019-09-25 11:41:55,873 [Thread-471] INFO  impl.RaftServerImpl (RaftServerImpl.java:setRole(174)) - a7d59ef6-3eca-4628-b097-12d983444e7f@group-6E9EB1C0F638: changes role from  FOLLOWER to CANDIDATE at term 1 for changeToCandidate
2019-09-25 11:41:55,873 [Thread-471] INFO  impl.RoleInfo (RoleInfo.java:updateAndGet(143)) - a7d59ef6-3eca-4628-b097-12d983444e7f: start LeaderElection
2019-09-25 11:41:55,875 [Thread-474] INFO  impl.FollowerState (FollowerState.java:run(106)) - 19e67e26-3d21-4d01-be9f-29113a4a814c:group-071025EF7F78 changes to CANDIDATE, lastRpcTime:5138, electionTimeout:5138ms
2019-09-25 11:41:55,875 [Thread-474] INFO  impl.RoleInfo (RoleInfo.java:shutdownFollowerState(121)) - 19e67e26-3d21-4d01-be9f-29113a4a814c: shutdown FollowerState
2019-09-25 11:41:55,875 [Thread-474] INFO  impl.RaftServerImpl (RaftServerImpl.java:setRole(174)) - 19e67e26-3d21-4d01-be9f-29113a4a814c@group-071025EF7F78: changes role from  FOLLOWER to CANDIDATE at term 1 for changeToCandidate
2019-09-25 11:41:55,875 [Thread-474] INFO  impl.RoleInfo (RoleInfo.java:updateAndGet(143)) - 19e67e26-3d21-4d01-be9f-29113a4a814c: start LeaderElection
2019-09-25 11:41:55,887 [Thread-464] INFO  impl.FollowerState (FollowerState.java:run(106)) - 8c24ed06-386e-4085-8931-93c762a64530:group-B9DEF2EDD277 changes to CANDIDATE, lastRpcTime:5183, electionTimeout:5177ms
2019-09-25 11:41:55,888 [Thread-464] INFO  impl.RoleInfo (RoleInfo.java:shutdownFollowerState(121)) - 8c24ed06-386e-4085-8931-93c762a64530: shutdown FollowerState
2019-09-25 11:41:55,888 [Thread-464] INFO  impl.RaftServerImpl (RaftServerImpl.java:setRole(174)) - 8c24ed06-386e-4085-8931-93c762a64530@group-B9DEF2EDD277: changes role from  FOLLOWER to CANDIDATE at term 1 for changeToCandidate
2019-09-25 11:41:55,888 [Thread-464] INFO  impl.RoleInfo (RoleInfo.java:updateAndGet(143)) - 8c24ed06-386e-4085-8931-93c762a64530: start LeaderElection
2019-09-25 11:41:55,893 [Thread-476] INFO  impl.FollowerState (FollowerState.java:run(106)) - b7064b77-9271-4e94-8225-85d895886efb:group-B9DEF2EDD277 changes to CANDIDATE, lastRpcTime:5153, electionTimeout:5153ms
2019-09-25 11:41:55,893 [Thread-476] INFO  impl.RoleInfo (RoleInfo.java:shutdownFollowerState(121)) - b7064b77-9271-4e94-8225-85d895886efb: shutdown FollowerState
2019-09-25 11:41:55,893 [Thread-476] INFO  impl.RaftServerImpl (RaftServerImpl.java:setRole(174)) - b7064b77-9271-4e94-8225-85d895886efb@group-B9DEF2EDD277: changes role from  FOLLOWER to CANDIDATE at term 1 for changeToCandidate
2019-09-25 11:41:55,893 [Thread-476] INFO  impl.RoleInfo (RoleInfo.java:updateAndGet(143)) - b7064b77-9271-4e94-8225-85d895886efb: start LeaderElection
2019-09-25 11:41:55,920 [Thread-473] INFO  impl.FollowerState (FollowerState.java:run(106)) - 19e67e26-3d21-4d01-be9f-29113a4a814c:group-B9DEF2EDD277 changes to CANDIDATE, lastRpcTime:5190, electionTimeout:5190ms
2019-09-25 11:41:55,920 [Thread-473] INFO  impl.RoleInfo (RoleInfo.java:shutdownFollowerState(121)) - 19e67e26-3d21-4d01-be9f-29113a4a814c: shutdown FollowerState
2019-09-25 11:41:55,920 [Thread-473] INFO  impl.RaftServerImpl (RaftServerImpl.java:setRole(174)) - 19e67e26-3d21-4d01-be9f-29113a4a814c@group-B9DEF2EDD277: changes role from  FOLLOWER to CANDIDATE at term 1 for changeToCandidate
2019-09-25 11:41:55,921 [Thread-473] INFO  impl.RoleInfo (RoleInfo.java:updateAndGet(143)) - 19e67e26-3d21-4d01-be9f-29113a4a814c: start LeaderElection
2019-09-25 11:41:55,930 [Thread-477] INFO  impl.FollowerState (FollowerState.java:run(106)) - d0888866-0bad-4f41-ad37-dccd4a57b958:group-071025EF7F78 changes to CANDIDATE, lastRpcTime:5190, electionTimeout:5190ms
2019-09-25 11:41:55,931 [Thread-477] INFO  impl.RoleInfo (RoleInfo.java:shutdownFollowerState(121)) - d0888866-0bad-4f41-ad37-dccd4a57b958: shutdown FollowerState
2019-09-25 11:41:55,931 [Thread-477] INFO  impl.RaftServerImpl (RaftServerImpl.java:setRole(174)) - d0888866-0bad-4f41-ad37-dccd4a57b958@group-071025EF7F78: changes role from  FOLLOWER to CANDIDATE at term 1 for changeToCandidate
2019-09-25 11:41:55,931 [Thread-477] INFO  impl.RoleInfo (RoleInfo.java:updateAndGet(143)) - d0888866-0bad-4f41-ad37-dccd4a57b958: start LeaderElection
2019-09-25 11:41:55,932 [Thread-475] INFO  impl.FollowerState (FollowerState.java:run(106)) - 19e67e26-3d21-4d01-be9f-29113a4a814c:group-ADB1B60517AF changes to CANDIDATE, lastRpcTime:5195, electionTimeout:5195ms
2019-09-25 11:41:55,932 [Thread-475] INFO  impl.RoleInfo (RoleInfo.java:shutdownFollowerState(121)) - 19e67e26-3d21-4d01-be9f-29113a4a814c: shutdown FollowerState
2019-09-25 11:41:55,933 [Thread-475] INFO  impl.RaftServerImpl (RaftServerImpl.java:setRole(174)) - 19e67e26-3d21-4d01-be9f-29113a4a814c@group-ADB1B60517AF: changes role from  FOLLOWER to CANDIDATE at term 1 for changeToCandidate
2019-09-25 11:41:55,933 [Thread-475] INFO  impl.RoleInfo (RoleInfo.java:updateAndGet(143)) - 19e67e26-3d21-4d01-be9f-29113a4a814c: start LeaderElection
2019-09-25 11:41:56,672 [a7d59ef6-3eca-4628-b097-12d983444e7f@group-47DBAAEC82C8:LeaderElection38] INFO  impl.LeaderElection (LeaderElection.java:askForVotes(182)) - a7d59ef6-3eca-4628-b097-12d983444e7f@group-47DBAAEC82C8:LeaderElection38: begin an election at term 2 for -1: [a7d59ef6-3eca-4628-b097-12d983444e7f:192.168.30.6:43486, 8c24ed06-386e-4085-8931-93c762a64530:192.168.30.6:32862, b7064b77-9271-4e94-8225-85d895886efb:192.168.30.6:41519], old=null
2019-09-25 11:41:56,673 [b7064b77-9271-4e94-8225-85d895886efb@group-47DBAAEC82C8:LeaderElection45] INFO  impl.LeaderElection (LeaderElection.java:askForVotes(182)) - b7064b77-9271-4e94-8225-85d895886efb@group-47DBAAEC82C8:LeaderElection45: begin an election at term 2 for -1: [a7d59ef6-3eca-4628-b097-12d983444e7f:192.168.30.6:43486, 8c24ed06-386e-4085-8931-93c762a64530:192.168.30.6:32862, b7064b77-9271-4e94-8225-85d895886efb:192.168.30.6:41519], old=null
2019-09-25 11:41:56,672 [d0888866-0bad-4f41-ad37-dccd4a57b958@group-CDCB2C8C105A:LeaderElection49] INFO  impl.LeaderElection (LeaderElection.java:askForVotes(182)) - d0888866-0bad-4f41-ad37-dccd4a57b958@group-CDCB2C8C105A:LeaderElection49: begin an election at term 2 for -1: [d0888866-0bad-4f41-ad37-dccd4a57b958:192.168.30.6:45405, 8c24ed06-386e-4085-8931-93c762a64530:192.168.30.6:32862, b7064b77-9271-4e94-8225-85d895886efb:192.168.30.6:41519], old=null
2019-09-25 11:41:56,672 [d0888866-0bad-4f41-ad37-dccd4a57b958@group-282EF1BFFEE0:LeaderElection41] INFO  impl.LeaderElection (LeaderElection.java:askForVotes(182)) - d0888866-0bad-4f41-ad37-dccd4a57b958@group-282EF1BFFEE0:LeaderElection41: begin an election at term 2 for -1: [d0888866-0bad-4f41-ad37-dccd4a57b958:192.168.30.6:45405, a7d59ef6-3eca-4628-b097-12d983444e7f:192.168.30.6:43486, b7064b77-9271-4e94-8225-85d895886efb:192.168.30.6:41519], old=null
2019-09-25 11:41:56,672 [8c24ed06-386e-4085-8931-93c762a64530@group-CDCB2C8C105A:LeaderElection47] INFO  impl.LeaderElection (LeaderElection.java:askForVotes(182)) - 8c24ed06-386e-4085-8931-93c762a64530@group-CDCB2C8C105A:LeaderElection47: begin an election at term 2 for -1: [d0888866-0bad-4f41-ad37-dccd4a57b958:192.168.30.6:45405, 8c24ed06-386e-4085-8931-93c762a64530:192.168.30.6:32862, b7064b77-9271-4e94-8225-85d895886efb:192.168.30.6:41519], old=null
2019-09-25 11:41:56,672 [b7064b77-9271-4e94-8225-85d895886efb@group-CDCB2C8C105A:LeaderElection42] INFO  impl.LeaderElection (LeaderElection.java:askForVotes(182)) - b7064b77-9271-4e94-8225-85d895886efb@group-CDCB2C8C105A:LeaderElection42: begin an election at term 2 for -1: [d0888866-0bad-4f41-ad37-dccd4a57b958:192.168.30.6:45405, 8c24ed06-386e-4085-8931-93c762a64530:192.168.30.6:32862, b7064b77-9271-4e94-8225-85d895886efb:192.168.30.6:41519], old=null
2019-09-25 11:41:56,672 [19e67e26-3d21-4d01-be9f-29113a4a814c@group-BF1BD4D8076C:LeaderElection44] INFO  impl.LeaderElection (LeaderElection.java:askForVotes(182)) - 19e67e26-3d21-4d01-be9f-29113a4a814c@group-BF1BD4D8076C:LeaderElection44: begin an election at term 2 for -1: [e081c0a5-acfc-4a29-8262-ee158adf5b11:192.168.30.6:37941, 19e67e26-3d21-4d01-be9f-29113a4a814c:192.168.30.6:34535, 8c24ed06-386e-4085-8931-93c762a64530:192.168.30.6:32862], old=null
2019-09-25 11:41:56,672 [8c24ed06-386e-4085-8931-93c762a64530@group-47DBAAEC82C8:LeaderElection48] INFO  impl.LeaderElection (LeaderElection.java:askForVotes(182)) - 8c24ed06-386e-4085-8931-93c762a64530@group-47DBAAEC82C8:LeaderElection48: begin an election at term 2 for -1: [a7d59ef6-3eca-4628-b097-12d983444e7f:192.168.30.6:43486, 8c24ed06-386e-4085-8931-93c762a64530:192.168.30.6:32862, b7064b77-9271-4e94-8225-85d895886efb:192.168.30.6:41519], old=null
2019-09-25 11:41:56,672 [e081c0a5-acfc-4a29-8262-ee158adf5b11@group-BF1BD4D8076C:LeaderElection46] INFO  impl.LeaderElection (LeaderElection.java:askForVotes(182)) - e081c0a5-acfc-4a29-8262-ee158adf5b11@group-BF1BD4D8076C:LeaderElection46: begin an election at term 2 for -1: [e081c0a5-acfc-4a29-8262-ee158adf5b11:192.168.30.6:37941, 19e67e26-3d21-4d01-be9f-29113a4a814c:192.168.30.6:34535, 8c24ed06-386e-4085-8931-93c762a64530:192.168.30.6:32862], old=null
2019-09-25 11:41:56,675 [e081c0a5-acfc-4a29-8262-ee158adf5b11@group-7CC56FB5D3F9:LeaderElection59] INFO  impl.LeaderElection (LeaderElection.java:askForVotes(182)) - e081c0a5-acfc-4a29-8262-ee158adf5b11@group-7CC56FB5D3F9:LeaderElection59: begin an election at term 2 for -1: [e081c0a5-acfc-4a29-8262-ee158adf5b11:192.168.30.6:37941, 19e67e26-3d21-4d01-be9f-29113a4a814c:192.168.30.6:34535, a7d59ef6-3eca-4628-b097-12d983444e7f:192.168.30.6:43486], old=null
2019-09-25 11:41:56,675 [19e67e26-3d21-4d01-be9f-29113a4a814c@group-ADB1B60517AF:LeaderElection70] INFO  impl.LeaderElection (LeaderElection.java:askForVotes(182)) - 19e67e26-3d21-4d01-be9f-29113a4a814c@group-ADB1B60517AF:LeaderElection70: begin an election at term 2 for -1: [d0888866-0bad-4f41-ad37-dccd4a57b958:192.168.30.6:45405, 19e67e26-3d21-4d01-be9f-29113a4a814c:192.168.30.6:34535, 8c24ed06-386e-4085-8931-93c762a64530:192.168.30.6:32862], old=null
2019-09-25 11:41:56,672 [b7064b77-9271-4e94-8225-85d895886efb@group-282EF1BFFEE0:LeaderElection39] INFO  impl.LeaderElection (LeaderElection.java:askForVotes(182)) - b7064b77-9271-4e94-8225-85d895886efb@group-282EF1BFFEE0:LeaderElection39: begin an election at term 2 for -1: [d0888866-0bad-4f41-ad37-dccd4a57b958:192.168.30.6:45405, a7d59ef6-3eca-4628-b097-12d983444e7f:192.168.30.6:43486, b7064b77-9271-4e94-8225-85d895886efb:192.168.30.6:41519], old=null
2019-09-25 11:41:56,672 [a7d59ef6-3eca-4628-b097-12d983444e7f@group-282EF1BFFEE0:LeaderElection43] INFO  impl.LeaderElection (LeaderElection.java:askForVotes(182)) - a7d59ef6-3eca-4628-b097-12d983444e7f@group-282EF1BFFEE0:LeaderElection43: begin an election at term 2 for -1: [d0888866-0bad-4f41-ad37-dccd4a57b958:192.168.30.6:45405, a7d59ef6-3eca-4628-b097-12d983444e7f:192.168.30.6:43486, b7064b77-9271-4e94-8225-85d895886efb:192.168.30.6:41519], old=null
2019-09-25 11:41:56,672 [8c24ed06-386e-4085-8931-93c762a64530@group-BF1BD4D8076C:LeaderElection40] INFO  impl.LeaderElection (LeaderElection.java:askForVotes(182)) - 8c24ed06-386e-4085-8931-93c762a64530@group-BF1BD4D8076C:LeaderElection40: begin an election at term 2 for -1: [e081c0a5-acfc-4a29-8262-ee158adf5b11:192.168.30.6:37941, 19e67e26-3d21-4d01-be9f-29113a4a814c:192.168.30.6:34535, 8c24ed06-386e-4085-8931-93c762a64530:192.168.30.6:32862], old=null
2019-09-25 11:41:56,676 [e081c0a5-acfc-4a29-8262-ee158adf5b11@group-071025EF7F78:LeaderElection50] INFO  impl.LeaderElection (LeaderElection.java:askForVotes(182)) - e081c0a5-acfc-4a29-8262-ee158adf5b11@group-071025EF7F78:LeaderElection50: begin an election at term 2 for -1: [e081c0a5-acfc-4a29-8262-ee158adf5b11:192.168.30.6:37941, d0888866-0bad-4f41-ad37-dccd4a57b958:192.168.30.6:45405, 19e67e26-3d21-4d01-be9f-29113a4a814c:192.168.30.6:34535], old=null
2019-09-25 11:41:56,676 [d0888866-0bad-4f41-ad37-dccd4a57b958@group-F2E0294EDFC2:LeaderElection52] INFO  impl.LeaderElection (LeaderElection.java:askForVotes(182)) - d0888866-0bad-4f41-ad37-dccd4a57b958@group-F2E0294EDFC2:LeaderElection52: begin an election at term 2 for -1: [d0888866-0bad-4f41-ad37-dccd4a57b958:192.168.30.6:45405, a7d59ef6-3eca-4628-b097-12d983444e7f:192.168.30.6:43486, b7064b77-9271-4e94-8225-85d895886efb:192.168.30.6:41519], old=null
2019-09-25 11:41:56,676 [19e67e26-3d21-4d01-be9f-29113a4a814c@group-7CC56FB5D3F9:LeaderElection58] INFO  impl.LeaderElection (LeaderElection.java:askForVotes(182)) - 19e67e26-3d21-4d01-be9f-29113a4a814c@group-7CC56FB5D3F9:LeaderElection58: begin an election at term 2 for -1: [e081c0a5-acfc-4a29-8262-ee158adf5b11:192.168.30.6:37941, 19e67e26-3d21-4d01-be9f-29113a4a814c:192.168.30.6:34535, a7d59ef6-3eca-4628-b097-12d983444e7f:192.168.30.6:43486], old=null
2019-09-25 11:41:56,676 [a7d59ef6-3eca-4628-b097-12d983444e7f@group-6E9EB1C0F638:LeaderElection64] INFO  impl.LeaderElection (LeaderElection.java:askForVotes(182)) - a7d59ef6-3eca-4628-b097-12d983444e7f@group-6E9EB1C0F638:LeaderElection64: begin an election at term 2 for -1: [e081c0a5-acfc-4a29-8262-ee158adf5b11:192.168.30.6:37941, a7d59ef6-3eca-4628-b097-12d983444e7f:192.168.30.6:43486, b7064b77-9271-4e94-8225-85d895886efb:192.168.30.6:41519], old=null
2019-09-25 11:41:56,675 [d0888866-0bad-4f41-ad37-dccd4a57b958@group-071025EF7F78:LeaderElection69] INFO  impl.LeaderElection (LeaderElection.java:askForVotes(182)) - d0888866-0bad-4f41-ad37-dccd4a57b958@group-071025EF7F78:LeaderElection69: begin an election at term 2 for -1: [e081c0a5-acfc-4a29-8262-ee158adf5b11:192.168.30.6:37941, d0888866-0bad-4f41-ad37-dccd4a57b958:192.168.30.6:45405, 19e67e26-3d21-4d01-be9f-29113a4a814c:192.168.30.6:34535], old=null
2019-09-25 11:41:56,675 [19e67e26-3d21-4d01-be9f-29113a4a814c@group-071025EF7F78:LeaderElection65] INFO  impl.LeaderElection (LeaderElection.java:askForVotes(182)) - 19e67e26-3d21-4d01-be9f-29113a4a814c@group-071025EF7F78:LeaderElection65: begin an election at term 2 for -1: [e081c0a5-acfc-4a29-8262-ee158adf5b11:192.168.30.6:37941, d0888866-0bad-4f41-ad37-dccd4a57b958:192.168.30.6:45405, 19e67e26-3d21-4d01-be9f-29113a4a814c:192.168.30.6:34535], old=null
2019-09-25 11:41:56,675 [8c24ed06-386e-4085-8931-93c762a64530@group-ADB1B60517AF:LeaderElection61] INFO  impl.LeaderElection (LeaderElection.java:askForVotes(182)) - 8c24ed06-386e-4085-8931-93c762a64530@group-ADB1B60517AF:LeaderElection61: begin an election at term 2 for -1: [d0888866-0bad-4f41-ad37-dccd4a57b958:192.168.30.6:45405, 19e67e26-3d21-4d01-be9f-29113a4a814c:192.168.30.6:34535, 8c24ed06-386e-4085-8931-93c762a64530:192.168.30.6:32862], old=null
2019-09-25 11:41:56,675 [e081c0a5-acfc-4a29-8262-ee158adf5b11@group-6E9EB1C0F638:LeaderElection57] INFO  impl.LeaderElection (LeaderElection.java:askForVotes(182)) - e081c0a5-acfc-4a29-8262-ee158adf5b11@group-6E9EB1C0F638:LeaderElection57: begin an election at term 2 for -1: [e081c0a5-acfc-4a29-8262-ee158adf5b11:192.168.30.6:37941, a7d59ef6-3eca-4628-b097-12d983444e7f:192.168.30.6:43486, b7064b77-9271-4e94-8225-85d895886efb:192.168.30.6:41519], old=null
2019-09-25 11:41:56,675 [d0888866-0bad-4f41-ad37-dccd4a57b958@group-ADB1B60517AF:LeaderElection56] INFO  impl.LeaderElection (LeaderElection.java:askForVotes(182)) - d0888866-0bad-4f41-ad37-dccd4a57b958@group-ADB1B60517AF:LeaderElection56: begin an election at term 2 for -1: [d0888866-0bad-4f41-ad37-dccd4a57b958:192.168.30.6:45405, 19e67e26-3d21-4d01-be9f-29113a4a814c:192.168.30.6:34535, 8c24ed06-386e-4085-8931-93c762a64530:192.168.30.6:32862], old=null
2019-09-25 11:41:56,675 [a7d59ef6-3eca-4628-b097-12d983444e7f@group-F2E0294EDFC2:LeaderElection60] INFO  impl.LeaderElection (LeaderElection.java:askForVotes(182)) - a7d59ef6-3eca-4628-b097-12d983444e7f@group-F2E0294EDFC2:LeaderElection60: begin an election at term 2 for -1: [d0888866-0bad-4f41-ad37-dccd4a57b958:192.168.30.6:45405, a7d59ef6-3eca-4628-b097-12d983444e7f:192.168.30.6:43486, b7064b77-9271-4e94-8225-85d895886efb:192.168.30.6:41519], old=null
2019-09-25 11:41:56,675 [b7064b77-9271-4e94-8225-85d895886efb@group-F2E0294EDFC2:LeaderElection63] INFO  impl.LeaderElection (LeaderElection.java:askForVotes(182)) - b7064b77-9271-4e94-8225-85d895886efb@group-F2E0294EDFC2:LeaderElection63: begin an election at term 2 for -1: [d0888866-0bad-4f41-ad37-dccd4a57b958:192.168.30.6:45405, a7d59ef6-3eca-4628-b097-12d983444e7f:192.168.30.6:43486, b7064b77-9271-4e94-8225-85d895886efb:192.168.30.6:41519], old=null
2019-09-25 11:41:56,675 [a7d59ef6-3eca-4628-b097-12d983444e7f@group-7CC56FB5D3F9:LeaderElection54] INFO  impl.LeaderElection (LeaderElection.java:askForVotes(182)) - a7d59ef6-3eca-4628-b097-12d983444e7f@group-7CC56FB5D3F9:LeaderElection54: begin an election at term 2 for -1: [e081c0a5-acfc-4a29-8262-ee158adf5b11:192.168.30.6:37941, 19e67e26-3d21-4d01-be9f-29113a4a814c:192.168.30.6:34535, a7d59ef6-3eca-4628-b097-12d983444e7f:192.168.30.6:43486], old=null
2019-09-25 11:41:56,675 [d0888866-0bad-4f41-ad37-dccd4a57b958@group-DBE87B3B08CE:LeaderElection62] INFO  impl.LeaderElection (LeaderElection.java:askForVotes(182)) - d0888866-0bad-4f41-ad37-dccd4a57b958@group-DBE87B3B08CE:LeaderElection62: begin an election at term 2 for -1: [d0888866-0bad-4f41-ad37-dccd4a57b958:192.168.30.6:45405, a7d59ef6-3eca-4628-b097-12d983444e7f:192.168.30.6:43486, 8c24ed06-386e-4085-8931-93c762a64530:192.168.30.6:32862], old=null
2019-09-25 11:41:56,675 [b7064b77-9271-4e94-8225-85d895886efb@group-6E9EB1C0F638:LeaderElection53] INFO  impl.LeaderElection (LeaderElection.java:askForVotes(182)) - b7064b77-9271-4e94-8225-85d895886efb@group-6E9EB1C0F638:LeaderElection53: begin an election at term 2 for -1: [e081c0a5-acfc-4a29-8262-ee158adf5b11:192.168.30.6:37941, a7d59ef6-3eca-4628-b097-12d983444e7f:192.168.30.6:43486, b7064b77-9271-4e94-8225-85d895886efb:192.168.30.6:41519], old=null
2019-09-25 11:41:56,675 [19e67e26-3d21-4d01-be9f-29113a4a814c@group-B9DEF2EDD277:LeaderElection68] INFO  impl.LeaderElection (LeaderElection.java:askForVotes(182)) - 19e67e26-3d21-4d01-be9f-29113a4a814c@group-B9DEF2EDD277:LeaderElection68: begin an election at term 2 for -1: [19e67e26-3d21-4d01-be9f-29113a4a814c:192.168.30.6:34535, 8c24ed06-386e-4085-8931-93c762a64530:192.168.30.6:32862, b7064b77-9271-4e94-8225-85d895886efb:192.168.30.6:41519], old=null
2019-09-25 11:41:56,675 [b7064b77-9271-4e94-8225-85d895886efb@group-B9DEF2EDD277:LeaderElection67] INFO  impl.LeaderElection (LeaderElection.java:askForVotes(182)) - b7064b77-9271-4e94-8225-85d895886efb@group-B9DEF2EDD277:LeaderElection67: begin an election at term 2 for -1: [19e67e26-3d21-4d01-be9f-29113a4a814c:192.168.30.6:34535, 8c24ed06-386e-4085-8931-93c762a64530:192.168.30.6:32862, b7064b77-9271-4e94-8225-85d895886efb:192.168.30.6:41519], old=null
2019-09-25 11:41:56,675 [8c24ed06-386e-4085-8931-93c762a64530@group-B9DEF2EDD277:LeaderElection66] INFO  impl.LeaderElection (LeaderElection.java:askForVotes(182)) - 8c24ed06-386e-4085-8931-93c762a64530@group-B9DEF2EDD277:LeaderElection66: begin an election at term 2 for -1: [19e67e26-3d21-4d01-be9f-29113a4a814c:192.168.30.6:34535, 8c24ed06-386e-4085-8931-93c762a64530:192.168.30.6:32862, b7064b77-9271-4e94-8225-85d895886efb:192.168.30.6:41519], old=null
2019-09-25 11:41:56,675 [8c24ed06-386e-4085-8931-93c762a64530@group-DBE87B3B08CE:LeaderElection55] INFO  impl.LeaderElection (LeaderElection.java:askForVotes(182)) - 8c24ed06-386e-4085-8931-93c762a64530@group-DBE87B3B08CE:LeaderElection55: begin an election at term 2 for -1: [d0888866-0bad-4f41-ad37-dccd4a57b958:192.168.30.6:45405, a7d59ef6-3eca-4628-b097-12d983444e7f:192.168.30.6:43486, 8c24ed06-386e-4085-8931-93c762a64530:192.168.30.6:32862], old=null
2019-09-25 11:41:56,675 [a7d59ef6-3eca-4628-b097-12d983444e7f@group-DBE87B3B08CE:LeaderElection51] INFO  impl.LeaderElection (LeaderElection.java:askForVotes(182)) - a7d59ef6-3eca-4628-b097-12d983444e7f@group-DBE87B3B08CE:LeaderElection51: begin an election at term 2 for -1: [d0888866-0bad-4f41-ad37-dccd4a57b958:192.168.30.6:45405, a7d59ef6-3eca-4628-b097-12d983444e7f:192.168.30.6:43486, 8c24ed06-386e-4085-8931-93c762a64530:192.168.30.6:32862], old=null
2019-09-25 11:41:56,708 [b7064b77-9271-4e94-8225-85d895886efb@group-47DBAAEC82C8:LeaderElection45] INFO  impl.LeaderElection (LeaderElection.java:logAndReturn(56)) - b7064b77-9271-4e94-8225-85d895886efb@group-47DBAAEC82C8:LeaderElection45: Election REJECTED; received 2 response(s) [b7064b77-9271-4e94-8225-85d895886efb<-a7d59ef6-3eca-4628-b097-12d983444e7f#0:FAIL-t2, b7064b77-9271-4e94-8225-85d895886efb<-8c24ed06-386e-4085-8931-93c762a64530#0:FAIL-t2] and 0 exception(s); b7064b77-9271-4e94-8225-85d895886efb@group-47DBAAEC82C8:t2, leader=null, voted=b7064b77-9271-4e94-8225-85d895886efb, raftlog=b7064b77-9271-4e94-8225-85d895886efb@group-47DBAAEC82C8-SegmentedRaftLog:OPENED:c-1,f-1,i0, conf=-1: [a7d59ef6-3eca-4628-b097-12d983444e7f:192.168.30.6:43486, 8c24ed06-386e-4085-8931-93c762a64530:192.168.30.6:32862, b7064b77-9271-4e94-8225-85d895886efb:192.168.30.6:41519], old=null
2019-09-25 11:41:56,708 [b7064b77-9271-4e94-8225-85d895886efb@group-47DBAAEC82C8:LeaderElection45] INFO  impl.RaftServerImpl (RaftServerImpl.java:setRole(174)) - b7064b77-9271-4e94-8225-85d895886efb@group-47DBAAEC82C8: changes role from CANDIDATE to FOLLOWER at term 2 for DISCOVERED_A_NEW_TERM
2019-09-25 11:41:56,708 [b7064b77-9271-4e94-8225-85d895886efb@group-47DBAAEC82C8:LeaderElection45] INFO  impl.RoleInfo (RoleInfo.java:shutdownLeaderElection(134)) - b7064b77-9271-4e94-8225-85d895886efb: shutdown LeaderElection
2019-09-25 11:41:56,709 [b7064b77-9271-4e94-8225-85d895886efb@group-47DBAAEC82C8:LeaderElection45] INFO  impl.RoleInfo (RoleInfo.java:updateAndGet(143)) - b7064b77-9271-4e94-8225-85d895886efb: start FollowerState
2019-09-25 11:41:56,710 [a7d59ef6-3eca-4628-b097-12d983444e7f@group-47DBAAEC82C8:LeaderElection38] INFO  impl.LeaderElection (LeaderElection.java:logAndReturn(56)) - a7d59ef6-3eca-4628-b097-12d983444e7f@group-47DBAAEC82C8:LeaderElection38: Election REJECTED; received 2 response(s) [a7d59ef6-3eca-4628-b097-12d983444e7f<-8c24ed06-386e-4085-8931-93c762a64530#0:FAIL-t2, a7d59ef6-3eca-4628-b097-12d983444e7f<-b7064b77-9271-4e94-8225-85d895886efb#0:FAIL-t2] and 0 exception(s); a7d59ef6-3eca-4628-b097-12d983444e7f@group-47DBAAEC82C8:t2, leader=null, voted=a7d59ef6-3eca-4628-b097-12d983444e7f, raftlog=a7d59ef6-3eca-4628-b097-12d983444e7f@group-47DBAAEC82C8-SegmentedRaftLog:OPENED:c-1,f-1,i0, conf=-1: [a7d59ef6-3eca-4628-b097-12d983444e7f:192.168.30.6:43486, 8c24ed06-386e-4085-8931-93c762a64530:192.168.30.6:32862, b7064b77-9271-4e94-8225-85d895886efb:192.168.30.6:41519], old=null
2019-09-25 11:41:56,710 [a7d59ef6-3eca-4628-b097-12d983444e7f@group-282EF1BFFEE0:LeaderElection43] INFO  impl.LeaderElection (LeaderElection.java:logAndReturn(56)) - a7d59ef6-3eca-4628-b097-12d983444e7f@group-282EF1BFFEE0:LeaderElection43: Election REJECTED; received 2 response(s) [a7d59ef6-3eca-4628-b097-12d983444e7f<-d0888866-0bad-4f41-ad37-dccd4a57b958#0:FAIL-t2, a7d59ef6-3eca-4628-b097-12d983444e7f<-b7064b77-9271-4e94-8225-85d895886efb#0:FAIL-t2] and 0 exception(s); a7d59ef6-3eca-4628-b097-12d983444e7f@group-282EF1BFFEE0:t2, leader=null, voted=a7d59ef6-3eca-4628-b097-12d983444e7f, raftlog=a7d59ef6-3eca-4628-b097-12d983444e7f@group-282EF1BFFEE0-SegmentedRaftLog:OPENED:c-1,f-1,i0, conf=-1: [d0888866-0bad-4f41-ad37-dccd4a57b958:192.168.30.6:45405, a7d59ef6-3eca-4628-b097-12d983444e7f:192.168.30.6:43486, b7064b77-9271-4e94-8225-85d895886efb:192.168.30.6:41519], old=null
2019-09-25 11:41:56,710 [a7d59ef6-3eca-4628-b097-12d983444e7f@group-47DBAAEC82C8:LeaderElection38] INFO  impl.RaftServerImpl (RaftServerImpl.java:setRole(174)) - a7d59ef6-3eca-4628-b097-12d983444e7f@group-47DBAAEC82C8: changes role from CANDIDATE to FOLLOWER at term 2 for DISCOVERED_A_NEW_TERM
2019-09-25 11:41:56,711 [b7064b77-9271-4e94-8225-85d895886efb@group-CDCB2C8C105A:LeaderElection42] INFO  impl.LeaderElection (LeaderElection.java:logAndReturn(56)) - b7064b77-9271-4e94-8225-85d895886efb@group-CDCB2C8C105A:LeaderElection42: Election REJECTED; received 2 response(s) [b7064b77-9271-4e94-8225-85d895886efb<-d0888866-0bad-4f41-ad37-dccd4a57b958#0:FAIL-t2, b7064b77-9271-4e94-8225-85d895886efb<-8c24ed06-386e-4085-8931-93c762a64530#0:FAIL-t2] and 0 exception(s); b7064b77-9271-4e94-8225-85d895886efb@group-CDCB2C8C105A:t2, leader=null, voted=b7064b77-9271-4e94-8225-85d895886efb, raftlog=b7064b77-9271-4e94-8225-85d895886efb@group-CDCB2C8C105A-SegmentedRaftLog:OPENED:c-1,f-1,i0, conf=-1: [d0888866-0bad-4f41-ad37-dccd4a57b958:192.168.30.6:45405, 8c24ed06-386e-4085-8931-93c762a64530:192.168.30.6:32862, b7064b77-9271-4e94-8225-85d895886efb:192.168.30.6:41519], old=null
2019-09-25 11:41:56,711 [a7d59ef6-3eca-4628-b097-12d983444e7f@group-282EF1BFFEE0:LeaderElection43] INFO  impl.RaftServerImpl (RaftServerImpl.java:setRole(174)) - a7d59ef6-3eca-4628-b097-12d983444e7f@group-282EF1BFFEE0: changes role from CANDIDATE to FOLLOWER at term 2 for DISCOVERED_A_NEW_TERM
2019-09-25 11:41:56,711 [b7064b77-9271-4e94-8225-85d895886efb@group-282EF1BFFEE0:LeaderElection39] INFO  impl.LeaderElection (LeaderElection.java:logAndReturn(56)) - b7064b77-9271-4e94-8225-85d895886efb@group-282EF1BFFEE0:LeaderElection39: Election REJECTED; received 2 response(s) [b7064b77-9271-4e94-8225-85d895886efb<-d0888866-0bad-4f41-ad37-dccd4a57b958#0:FAIL-t2, b7064b77-9271-4e94-8225-85d895886efb<-a7d59ef6-3eca-4628-b097-12d983444e7f#0:FAIL-t2] and 0 exception(s); b7064b77-9271-4e94-8225-85d895886efb@group-282EF1BFFEE0:t2, leader=null, voted=b7064b77-9271-4e94-8225-85d895886efb, raftlog=b7064b77-9271-4e94-8225-85d895886efb@group-282EF1BFFEE0-SegmentedRaftLog:OPENED:c-1,f-1,i0, conf=-1: [d0888866-0bad-4f41-ad37-dccd4a57b958:192.168.30.6:45405, a7d59ef6-3eca-4628-b097-12d983444e7f:192.168.30.6:43486, b7064b77-9271-4e94-8225-85d895886efb:192.168.30.6:41519], old=null
2019-09-25 11:41:56,711 [a7d59ef6-3eca-4628-b097-12d983444e7f@group-282EF1BFFEE0:LeaderElection43] INFO  impl.RoleInfo (RoleInfo.java:shutdownLeaderElection(134)) - a7d59ef6-3eca-4628-b097-12d983444e7f: shutdown LeaderElection
2019-09-25 11:41:56,711 [b7064b77-9271-4e94-8225-85d895886efb@group-CDCB2C8C105A:LeaderElection42] INFO  impl.RaftServerImpl (RaftServerImpl.java:setRole(174)) - b7064b77-9271-4e94-8225-85d895886efb@group-CDCB2C8C105A: changes role from CANDIDATE to FOLLOWER at term 2 for DISCOVERED_A_NEW_TERM
2019-09-25 11:41:56,711 [a7d59ef6-3eca-4628-b097-12d983444e7f@group-47DBAAEC82C8:LeaderElection38] INFO  impl.RoleInfo (RoleInfo.java:shutdownLeaderElection(134)) - a7d59ef6-3eca-4628-b097-12d983444e7f: shutdown LeaderElection
2019-09-25 11:41:56,712 [b7064b77-9271-4e94-8225-85d895886efb@group-CDCB2C8C105A:LeaderElection42] INFO  impl.RoleInfo (RoleInfo.java:shutdownLeaderElection(134)) - b7064b77-9271-4e94-8225-85d895886efb: shutdown LeaderElection
2019-09-25 11:41:56,712 [a7d59ef6-3eca-4628-b097-12d983444e7f@group-282EF1BFFEE0:LeaderElection43] INFO  impl.RoleInfo (RoleInfo.java:updateAndGet(143)) - a7d59ef6-3eca-4628-b097-12d983444e7f: start FollowerState
2019-09-25 11:41:56,711 [b7064b77-9271-4e94-8225-85d895886efb@group-282EF1BFFEE0:LeaderElection39] INFO  impl.RaftServerImpl (RaftServerImpl.java:setRole(174)) - b7064b77-9271-4e94-8225-85d895886efb@group-282EF1BFFEE0: changes role from CANDIDATE to FOLLOWER at term 2 for DISCOVERED_A_NEW_TERM
2019-09-25 11:41:56,712 [b7064b77-9271-4e94-8225-85d895886efb@group-CDCB2C8C105A:LeaderElection42] INFO  impl.RoleInfo (RoleInfo.java:updateAndGet(143)) - b7064b77-9271-4e94-8225-85d895886efb: start FollowerState
2019-09-25 11:41:56,712 [a7d59ef6-3eca-4628-b097-12d983444e7f@group-47DBAAEC82C8:LeaderElection38] INFO  impl.RoleInfo (RoleInfo.java:updateAndGet(143)) - a7d59ef6-3eca-4628-b097-12d983444e7f: start FollowerState
2019-09-25 11:41:56,712 [b7064b77-9271-4e94-8225-85d895886efb@group-282EF1BFFEE0:LeaderElection39] INFO  impl.RoleInfo (RoleInfo.java:shutdownLeaderElection(134)) - b7064b77-9271-4e94-8225-85d895886efb: shutdown LeaderElection
2019-09-25 11:41:56,713 [b7064b77-9271-4e94-8225-85d895886efb@group-282EF1BFFEE0:LeaderElection39] INFO  impl.RoleInfo (RoleInfo.java:updateAndGet(143)) - b7064b77-9271-4e94-8225-85d895886efb: start FollowerState
2019-09-25 11:41:56,715 [8c24ed06-386e-4085-8931-93c762a64530@group-BF1BD4D8076C:LeaderElection40] INFO  impl.LeaderElection (LeaderElection.java:logAndReturn(56)) - 8c24ed06-386e-4085-8931-93c762a64530@group-BF1BD4D8076C:LeaderElection40: Election REJECTED; received 2 response(s) [8c24ed06-386e-4085-8931-93c762a64530<-e081c0a5-acfc-4a29-8262-ee158adf5b11#0:FAIL-t2, 8c24ed06-386e-4085-8931-93c762a64530<-19e67e26-3d21-4d01-be9f-29113a4a814c#0:FAIL-t2] and 0 exception(s); 8c24ed06-386e-4085-8931-93c762a64530@group-BF1BD4D8076C:t2, leader=null, voted=8c24ed06-386e-4085-8931-93c762a64530, raftlog=8c24ed06-386e-4085-8931-93c762a64530@group-BF1BD4D8076C-SegmentedRaftLog:OPENED:c-1,f-1,i0, conf=-1: [e081c0a5-acfc-4a29-8262-ee158adf5b11:192.168.30.6:37941, 19e67e26-3d21-4d01-be9f-29113a4a814c:192.168.30.6:34535, 8c24ed06-386e-4085-8931-93c762a64530:192.168.30.6:32862], old=null
2019-09-25 11:41:56,715 [8c24ed06-386e-4085-8931-93c762a64530@group-BF1BD4D8076C:LeaderElection40] INFO  impl.RaftServerImpl (RaftServerImpl.java:setRole(174)) - 8c24ed06-386e-4085-8931-93c762a64530@group-BF1BD4D8076C: changes role from CANDIDATE to FOLLOWER at term 2 for DISCOVERED_A_NEW_TERM
2019-09-25 11:41:56,715 [8c24ed06-386e-4085-8931-93c762a64530@group-BF1BD4D8076C:LeaderElection40] INFO  impl.RoleInfo (RoleInfo.java:shutdownLeaderElection(134)) - 8c24ed06-386e-4085-8931-93c762a64530: shutdown LeaderElection
2019-09-25 11:41:56,715 [8c24ed06-386e-4085-8931-93c762a64530@group-BF1BD4D8076C:LeaderElection40] INFO  impl.RoleInfo (RoleInfo.java:updateAndGet(143)) - 8c24ed06-386e-4085-8931-93c762a64530: start FollowerState
2019-09-25 11:41:56,717 [d0888866-0bad-4f41-ad37-dccd4a57b958@group-ADB1B60517AF:LeaderElection56] INFO  impl.LeaderElection (LeaderElection.java:logAndReturn(56)) - d0888866-0bad-4f41-ad37-dccd4a57b958@group-ADB1B60517AF:LeaderElection56: Election REJECTED; received 2 response(s) [d0888866-0bad-4f41-ad37-dccd4a57b958<-19e67e26-3d21-4d01-be9f-29113a4a814c#0:FAIL-t2, d0888866-0bad-4f41-ad37-dccd4a57b958<-8c24ed06-386e-4085-8931-93c762a64530#0:FAIL-t2] and 0 exception(s); d0888866-0bad-4f41-ad37-dccd4a57b958@group-ADB1B60517AF:t2, leader=null, voted=d0888866-0bad-4f41-ad37-dccd4a57b958, raftlog=d0888866-0bad-4f41-ad37-dccd4a57b958@group-ADB1B60517AF-SegmentedRaftLog:OPENED:c-1,f-1,i0, conf=-1: [d0888866-0bad-4f41-ad37-dccd4a57b958:192.168.30.6:45405, 19e67e26-3d21-4d01-be9f-29113a4a814c:192.168.30.6:34535, 8c24ed06-386e-4085-8931-93c762a64530:192.168.30.6:32862], old=null
2019-09-25 11:41:56,717 [d0888866-0bad-4f41-ad37-dccd4a57b958@group-ADB1B60517AF:LeaderElection56] INFO  impl.RaftServerImpl (RaftServerImpl.java:setRole(174)) - d0888866-0bad-4f41-ad37-dccd4a57b958@group-ADB1B60517AF: changes role from CANDIDATE to FOLLOWER at term 2 for DISCOVERED_A_NEW_TERM
2019-09-25 11:41:56,717 [e081c0a5-acfc-4a29-8262-ee158adf5b11@group-071025EF7F78:LeaderElection50] INFO  impl.LeaderElection (LeaderElection.java:logAndReturn(56)) - e081c0a5-acfc-4a29-8262-ee158adf5b11@group-071025EF7F78:LeaderElection50: Election REJECTED; received 2 response(s) [e081c0a5-acfc-4a29-8262-ee158adf5b11<-d0888866-0bad-4f41-ad37-dccd4a57b958#0:FAIL-t2, e081c0a5-acfc-4a29-8262-ee158adf5b11<-19e67e26-3d21-4d01-be9f-29113a4a814c#0:FAIL-t2] and 0 exception(s); e081c0a5-acfc-4a29-8262-ee158adf5b11@group-071025EF7F78:t2, leader=null, voted=e081c0a5-acfc-4a29-8262-ee158adf5b11, raftlog=e081c0a5-acfc-4a29-8262-ee158adf5b11@group-071025EF7F78-SegmentedRaftLog:OPENED:c-1,f-1,i0, conf=-1: [e081c0a5-acfc-4a29-8262-ee158adf5b11:192.168.30.6:37941, d0888866-0bad-4f41-ad37-dccd4a57b958:192.168.30.6:45405, 19e67e26-3d21-4d01-be9f-29113a4a814c:192.168.30.6:34535], old=null
2019-09-25 11:41:56,717 [d0888866-0bad-4f41-ad37-dccd4a57b958@group-ADB1B60517AF:LeaderElection56] INFO  impl.RoleInfo (RoleInfo.java:shutdownLeaderElection(134)) - d0888866-0bad-4f41-ad37-dccd4a57b958: shutdown LeaderElection
2019-09-25 11:41:56,718 [e081c0a5-acfc-4a29-8262-ee158adf5b11@group-071025EF7F78:LeaderElection50] INFO  impl.RaftServerImpl (RaftServerImpl.java:setRole(174)) - e081c0a5-acfc-4a29-8262-ee158adf5b11@group-071025EF7F78: changes role from CANDIDATE to FOLLOWER at term 2 for DISCOVERED_A_NEW_TERM
2019-09-25 11:41:56,718 [d0888866-0bad-4f41-ad37-dccd4a57b958@group-ADB1B60517AF:LeaderElection56] INFO  impl.RoleInfo (RoleInfo.java:updateAndGet(143)) - d0888866-0bad-4f41-ad37-dccd4a57b958: start FollowerState
2019-09-25 11:41:56,718 [e081c0a5-acfc-4a29-8262-ee158adf5b11@group-071025EF7F78:LeaderElection50] INFO  impl.RoleInfo (RoleInfo.java:shutdownLeaderElection(134)) - e081c0a5-acfc-4a29-8262-ee158adf5b11: shutdown LeaderElection
2019-09-25 11:41:56,718 [e081c0a5-acfc-4a29-8262-ee158adf5b11@group-071025EF7F78:LeaderElection50] INFO  impl.RoleInfo (RoleInfo.java:updateAndGet(143)) - e081c0a5-acfc-4a29-8262-ee158adf5b11: start FollowerState
2019-09-25 11:41:56,718 [b7064b77-9271-4e94-8225-85d895886efb@group-F2E0294EDFC2:LeaderElection63] INFO  impl.LeaderElection (LeaderElection.java:logAndReturn(56)) - b7064b77-9271-4e94-8225-85d895886efb@group-F2E0294EDFC2:LeaderElection63: Election REJECTED; received 2 response(s) [b7064b77-9271-4e94-8225-85d895886efb<-d0888866-0bad-4f41-ad37-dccd4a57b958#0:FAIL-t2, b7064b77-9271-4e94-8225-85d895886efb<-a7d59ef6-3eca-4628-b097-12d983444e7f#0:FAIL-t2] and 0 exception(s); b7064b77-9271-4e94-8225-85d895886efb@group-F2E0294EDFC2:t2, leader=null, voted=b7064b77-9271-4e94-8225-85d895886efb, raftlog=b7064b77-9271-4e94-8225-85d895886efb@group-F2E0294EDFC2-SegmentedRaftLog:OPENED:c-1,f-1,i0, conf=-1: [d0888866-0bad-4f41-ad37-dccd4a57b958:192.168.30.6:45405, a7d59ef6-3eca-4628-b097-12d983444e7f:192.168.30.6:43486, b7064b77-9271-4e94-8225-85d895886efb:192.168.30.6:41519], old=null
2019-09-25 11:41:56,719 [e081c0a5-acfc-4a29-8262-ee158adf5b11@group-7CC56FB5D3F9:LeaderElection59] INFO  impl.LeaderElection (LeaderElection.java:logAndReturn(56)) - e081c0a5-acfc-4a29-8262-ee158adf5b11@group-7CC56FB5D3F9:LeaderElection59: Election REJECTED; received 2 response(s) [e081c0a5-acfc-4a29-8262-ee158adf5b11<-19e67e26-3d21-4d01-be9f-29113a4a814c#0:FAIL-t2, e081c0a5-acfc-4a29-8262-ee158adf5b11<-a7d59ef6-3eca-4628-b097-12d983444e7f#0:FAIL-t2] and 0 exception(s); e081c0a5-acfc-4a29-8262-ee158adf5b11@group-7CC56FB5D3F9:t2, leader=null, voted=e081c0a5-acfc-4a29-8262-ee158adf5b11, raftlog=e081c0a5-acfc-4a29-8262-ee158adf5b11@group-7CC56FB5D3F9-SegmentedRaftLog:OPENED:c-1,f-1,i0, conf=-1: [e081c0a5-acfc-4a29-8262-ee158adf5b11:192.168.30.6:37941, 19e67e26-3d21-4d01-be9f-29113a4a814c:192.168.30.6:34535, a7d59ef6-3eca-4628-b097-12d983444e7f:192.168.30.6:43486], old=null
2019-09-25 11:41:56,719 [b7064b77-9271-4e94-8225-85d895886efb@group-F2E0294EDFC2:LeaderElection63] INFO  impl.RaftServerImpl (RaftServerImpl.java:setRole(174)) - b7064b77-9271-4e94-8225-85d895886efb@group-F2E0294EDFC2: changes role from CANDIDATE to FOLLOWER at term 2 for DISCOVERED_A_NEW_TERM
2019-09-25 11:41:56,719 [a7d59ef6-3eca-4628-b097-12d983444e7f@group-DBE87B3B08CE:LeaderElection51] INFO  impl.LeaderElection (LeaderElection.java:logAndReturn(56)) - a7d59ef6-3eca-4628-b097-12d983444e7f@group-DBE87B3B08CE:LeaderElection51: Election REJECTED; received 2 response(s) [a7d59ef6-3eca-4628-b097-12d983444e7f<-d0888866-0bad-4f41-ad37-dccd4a57b958#0:FAIL-t2, a7d59ef6-3eca-4628-b097-12d983444e7f<-8c24ed06-386e-4085-8931-93c762a64530#0:FAIL-t2] and 0 exception(s); a7d59ef6-3eca-4628-b097-12d983444e7f@group-DBE87B3B08CE:t2, leader=null, voted=a7d59ef6-3eca-4628-b097-12d983444e7f, raftlog=a7d59ef6-3eca-4628-b097-12d983444e7f@group-DBE87B3B08CE-SegmentedRaftLog:OPENED:c-1,f-1,i0, conf=-1: [d0888866-0bad-4f41-ad37-dccd4a57b958:192.168.30.6:45405, a7d59ef6-3eca-4628-b097-12d983444e7f:192.168.30.6:43486, 8c24ed06-386e-4085-8931-93c762a64530:192.168.30.6:32862], old=null
2019-09-25 11:41:56,719 [e081c0a5-acfc-4a29-8262-ee158adf5b11@group-7CC56FB5D3F9:LeaderElection59] INFO  impl.RaftServerImpl (RaftServerImpl.java:setRole(174)) - e081c0a5-acfc-4a29-8262-ee158adf5b11@group-7CC56FB5D3F9: changes role from CANDIDATE to FOLLOWER at term 2 for DISCOVERED_A_NEW_TERM
2019-09-25 11:41:56,719 [a7d59ef6-3eca-4628-b097-12d983444e7f@group-DBE87B3B08CE:LeaderElection51] INFO  impl.RaftServerImpl (RaftServerImpl.java:setRole(174)) - a7d59ef6-3eca-4628-b097-12d983444e7f@group-DBE87B3B08CE: changes role from CANDIDATE to FOLLOWER at term 2 for DISCOVERED_A_NEW_TERM
2019-09-25 11:41:56,719 [b7064b77-9271-4e94-8225-85d895886efb@group-F2E0294EDFC2:LeaderElection63] INFO  impl.RoleInfo (RoleInfo.java:shutdownLeaderElection(134)) - b7064b77-9271-4e94-8225-85d895886efb: shutdown LeaderElection
2019-09-25 11:41:56,719 [a7d59ef6-3eca-4628-b097-12d983444e7f@group-DBE87B3B08CE:LeaderElection51] INFO  impl.RoleInfo (RoleInfo.java:shutdownLeaderElection(134)) - a7d59ef6-3eca-4628-b097-12d983444e7f: shutdown LeaderElection
2019-09-25 11:41:56,719 [e081c0a5-acfc-4a29-8262-ee158adf5b11@group-7CC56FB5D3F9:LeaderElection59] INFO  impl.RoleInfo (RoleInfo.java:shutdownLeaderElection(134)) - e081c0a5-acfc-4a29-8262-ee158adf5b11: shutdown LeaderElection
2019-09-25 11:41:56,720 [a7d59ef6-3eca-4628-b097-12d983444e7f@group-DBE87B3B08CE:LeaderElection51] INFO  impl.RoleInfo (RoleInfo.java:updateAndGet(143)) - a7d59ef6-3eca-4628-b097-12d983444e7f: start FollowerState
2019-09-25 11:41:56,719 [b7064b77-9271-4e94-8225-85d895886efb@group-F2E0294EDFC2:LeaderElection63] INFO  impl.RoleInfo (RoleInfo.java:updateAndGet(143)) - b7064b77-9271-4e94-8225-85d895886efb: start FollowerState
2019-09-25 11:41:56,720 [e081c0a5-acfc-4a29-8262-ee158adf5b11@group-7CC56FB5D3F9:LeaderElection59] INFO  impl.RoleInfo (RoleInfo.java:updateAndGet(143)) - e081c0a5-acfc-4a29-8262-ee158adf5b11: start FollowerState
2019-09-25 11:41:56,720 [19e67e26-3d21-4d01-be9f-29113a4a814c@group-B9DEF2EDD277:LeaderElection68] INFO  impl.LeaderElection (LeaderElection.java:logAndReturn(56)) - 19e67e26-3d21-4d01-be9f-29113a4a814c@group-B9DEF2EDD277:LeaderElection68: Election REJECTED; received 2 response(s) [19e67e26-3d21-4d01-be9f-29113a4a814c<-8c24ed06-386e-4085-8931-93c762a64530#0:FAIL-t2, 19e67e26-3d21-4d01-be9f-29113a4a814c<-b7064b77-9271-4e94-8225-85d895886efb#0:FAIL-t2] and 0 exception(s); 19e67e26-3d21-4d01-be9f-29113a4a814c@group-B9DEF2EDD277:t2, leader=null, voted=19e67e26-3d21-4d01-be9f-29113a4a814c, raftlog=19e67e26-3d21-4d01-be9f-29113a4a814c@group-B9DEF2EDD277-SegmentedRaftLog:OPENED:c-1,f-1,i0, conf=-1: [19e67e26-3d21-4d01-be9f-29113a4a814c:192.168.30.6:34535, 8c24ed06-386e-4085-8931-93c762a64530:192.168.30.6:32862, b7064b77-9271-4e94-8225-85d895886efb:192.168.30.6:41519], old=null
2019-09-25 11:41:56,720 [19e67e26-3d21-4d01-be9f-29113a4a814c@group-B9DEF2EDD277:LeaderElection68] INFO  impl.RaftServerImpl (RaftServerImpl.java:setRole(174)) - 19e67e26-3d21-4d01-be9f-29113a4a814c@group-B9DEF2EDD277: changes role from CANDIDATE to FOLLOWER at term 2 for DISCOVERED_A_NEW_TERM
2019-09-25 11:41:56,720 [d0888866-0bad-4f41-ad37-dccd4a57b958@group-DBE87B3B08CE:LeaderElection62] INFO  impl.LeaderElection (LeaderElection.java:logAndReturn(56)) - d0888866-0bad-4f41-ad37-dccd4a57b958@group-DBE87B3B08CE:LeaderElection62: Election REJECTED; received 2 response(s) [d0888866-0bad-4f41-ad37-dccd4a57b958<-a7d59ef6-3eca-4628-b097-12d983444e7f#0:FAIL-t2, d0888866-0bad-4f41-ad37-dccd4a57b958<-8c24ed06-386e-4085-8931-93c762a64530#0:FAIL-t2] and 0 exception(s); d0888866-0bad-4f41-ad37-dccd4a57b958@group-DBE87B3B08CE:t2, leader=null, voted=d0888866-0bad-4f41-ad37-dccd4a57b958, raftlog=d0888866-0bad-4f41-ad37-dccd4a57b958@group-DBE87B3B08CE-SegmentedRaftLog:OPENED:c-1,f-1,i0, conf=-1: [d0888866-0bad-4f41-ad37-dccd4a57b958:192.168.30.6:45405, a7d59ef6-3eca-4628-b097-12d983444e7f:192.168.30.6:43486, 8c24ed06-386e-4085-8931-93c762a64530:192.168.30.6:32862], old=null
2019-09-25 11:41:56,721 [19e67e26-3d21-4d01-be9f-29113a4a814c@group-B9DEF2EDD277:LeaderElection68] INFO  impl.RoleInfo (RoleInfo.java:shutdownLeaderElection(134)) - 19e67e26-3d21-4d01-be9f-29113a4a814c: shutdown LeaderElection
2019-09-25 11:41:56,721 [d0888866-0bad-4f41-ad37-dccd4a57b958@group-DBE87B3B08CE:LeaderElection62] INFO  impl.RaftServerImpl (RaftServerImpl.java:setRole(174)) - d0888866-0bad-4f41-ad37-dccd4a57b958@group-DBE87B3B08CE: changes role from CANDIDATE to FOLLOWER at term 2 for DISCOVERED_A_NEW_TERM
2019-09-25 11:41:56,721 [19e67e26-3d21-4d01-be9f-29113a4a814c@group-B9DEF2EDD277:LeaderElection68] INFO  impl.RoleInfo (RoleInfo.java:updateAndGet(143)) - 19e67e26-3d21-4d01-be9f-29113a4a814c: start FollowerState
2019-09-25 11:41:56,721 [d0888866-0bad-4f41-ad37-dccd4a57b958@group-DBE87B3B08CE:LeaderElection62] INFO  impl.RoleInfo (RoleInfo.java:shutdownLeaderElection(134)) - d0888866-0bad-4f41-ad37-dccd4a57b958: shutdown LeaderElection
2019-09-25 11:41:56,721 [19e67e26-3d21-4d01-be9f-29113a4a814c@group-BF1BD4D8076C:LeaderElection44] INFO  impl.LeaderElection (LeaderElection.java:logAndReturn(56)) - 19e67e26-3d21-4d01-be9f-29113a4a814c@group-BF1BD4D8076C:LeaderElection44: Election REJECTED; received 2 response(s) [19e67e26-3d21-4d01-be9f-29113a4a814c<-e081c0a5-acfc-4a29-8262-ee158adf5b11#0:FAIL-t2, 19e67e26-3d21-4d01-be9f-29113a4a814c<-8c24ed06-386e-4085-8931-93c762a64530#0:FAIL-t2] and 0 exception(s); 19e67e26-3d21-4d01-be9f-29113a4a814c@group-BF1BD4D8076C:t2, leader=null, voted=19e67e26-3d21-4d01-be9f-29113a4a814c, raftlog=19e67e26-3d21-4d01-be9f-29113a4a814c@group-BF1BD4D8076C-SegmentedRaftLog:OPENED:c-1,f-1,i0, conf=-1: [e081c0a5-acfc-4a29-8262-ee158adf5b11:192.168.30.6:37941, 19e67e26-3d21-4d01-be9f-29113a4a814c:192.168.30.6:34535, 8c24ed06-386e-4085-8931-93c762a64530:192.168.30.6:32862], old=null
2019-09-25 11:41:56,721 [d0888866-0bad-4f41-ad37-dccd4a57b958@group-DBE87B3B08CE:LeaderElection62] INFO  impl.RoleInfo (RoleInfo.java:updateAndGet(143)) - d0888866-0bad-4f41-ad37-dccd4a57b958: start FollowerState
2019-09-25 11:41:56,722 [19e67e26-3d21-4d01-be9f-29113a4a814c@group-BF1BD4D8076C:LeaderElection44] INFO  impl.RaftServerImpl (RaftServerImpl.java:setRole(174)) - 19e67e26-3d21-4d01-be9f-29113a4a814c@group-BF1BD4D8076C: changes role from CANDIDATE to FOLLOWER at term 2 for DISCOVERED_A_NEW_TERM
2019-09-25 11:41:56,722 [19e67e26-3d21-4d01-be9f-29113a4a814c@group-BF1BD4D8076C:LeaderElection44] INFO  impl.RoleInfo (RoleInfo.java:shutdownLeaderElection(134)) - 19e67e26-3d21-4d01-be9f-29113a4a814c: shutdown LeaderElection
2019-09-25 11:41:56,722 [19e67e26-3d21-4d01-be9f-29113a4a814c@group-BF1BD4D8076C:LeaderElection44] INFO  impl.RoleInfo (RoleInfo.java:updateAndGet(143)) - 19e67e26-3d21-4d01-be9f-29113a4a814c: start FollowerState
2019-09-25 11:41:56,723 [19e67e26-3d21-4d01-be9f-29113a4a814c@group-ADB1B60517AF:LeaderElection70] INFO  impl.LeaderElection (LeaderElection.java:logAndReturn(56)) - 19e67e26-3d21-4d01-be9f-29113a4a814c@group-ADB1B60517AF:LeaderElection70: Election REJECTED; received 2 response(s) [19e67e26-3d21-4d01-be9f-29113a4a814c<-d0888866-0bad-4f41-ad37-dccd4a57b958#0:FAIL-t2, 19e67e26-3d21-4d01-be9f-29113a4a814c<-8c24ed06-386e-4085-8931-93c762a64530#0:FAIL-t2] and 0 exception(s); 19e67e26-3d21-4d01-be9f-29113a4a814c@group-ADB1B60517AF:t2, leader=null, voted=19e67e26-3d21-4d01-be9f-29113a4a814c, raftlog=19e67e26-3d21-4d01-be9f-29113a4a814c@group-ADB1B60517AF-SegmentedRaftLog:OPENED:c-1,f-1,i0, conf=-1: [d0888866-0bad-4f41-ad37-dccd4a57b958:192.168.30.6:45405, 19e67e26-3d21-4d01-be9f-29113a4a814c:192.168.30.6:34535, 8c24ed06-386e-4085-8931-93c762a64530:192.168.30.6:32862], old=null
2019-09-25 11:41:56,723 [b7064b77-9271-4e94-8225-85d895886efb@group-B9DEF2EDD277:LeaderElection67] INFO  impl.LeaderElection (LeaderElection.java:logAndReturn(56)) - b7064b77-9271-4e94-8225-85d895886efb@group-B9DEF2EDD277:LeaderElection67: Election REJECTED; received 2 response(s) [b7064b77-9271-4e94-8225-85d895886efb<-19e67e26-3d21-4d01-be9f-29113a4a814c#0:FAIL-t2, b7064b77-9271-4e94-8225-85d895886efb<-8c24ed06-386e-4085-8931-93c762a64530#0:FAIL-t2] and 0 exception(s); b7064b77-9271-4e94-8225-85d895886efb@group-B9DEF2EDD277:t2, leader=null, voted=b7064b77-9271-4e94-8225-85d895886efb, raftlog=b7064b77-9271-4e94-8225-85d895886efb@group-B9DEF2EDD277-SegmentedRaftLog:OPENED:c-1,f-1,i0, conf=-1: [19e67e26-3d21-4d01-be9f-29113a4a814c:192.168.30.6:34535, 8c24ed06-386e-4085-8931-93c762a64530:192.168.30.6:32862, b7064b77-9271-4e94-8225-85d895886efb:192.168.30.6:41519], old=null
2019-09-25 11:41:56,724 [19e67e26-3d21-4d01-be9f-29113a4a814c@group-ADB1B60517AF:LeaderElection70] INFO  impl.RaftServerImpl (RaftServerImpl.java:setRole(174)) - 19e67e26-3d21-4d01-be9f-29113a4a814c@group-ADB1B60517AF: changes role from CANDIDATE to FOLLOWER at term 2 for DISCOVERED_A_NEW_TERM
2019-09-25 11:41:56,724 [b7064b77-9271-4e94-8225-85d895886efb@group-B9DEF2EDD277:LeaderElection67] INFO  impl.RaftServerImpl (RaftServerImpl.java:setRole(174)) - b7064b77-9271-4e94-8225-85d895886efb@group-B9DEF2EDD277: changes role from CANDIDATE to FOLLOWER at term 2 for DISCOVERED_A_NEW_TERM
2019-09-25 11:41:56,724 [19e67e26-3d21-4d01-be9f-29113a4a814c@group-ADB1B60517AF:LeaderElection70] INFO  impl.RoleInfo (RoleInfo.java:shutdownLeaderElection(134)) - 19e67e26-3d21-4d01-be9f-29113a4a814c: shutdown LeaderElection
2019-09-25 11:41:56,724 [b7064b77-9271-4e94-8225-85d895886efb@group-B9DEF2EDD277:LeaderElection67] INFO  impl.RoleInfo (RoleInfo.java:shutdownLeaderElection(134)) - b7064b77-9271-4e94-8225-85d895886efb: shutdown LeaderElection
2019-09-25 11:41:56,724 [19e67e26-3d21-4d01-be9f-29113a4a814c@group-ADB1B60517AF:LeaderElection70] INFO  impl.RoleInfo (RoleInfo.java:updateAndGet(143)) - 19e67e26-3d21-4d01-be9f-29113a4a814c: start FollowerState
2019-09-25 11:41:56,724 [b7064b77-9271-4e94-8225-85d895886efb@group-B9DEF2EDD277:LeaderElection67] INFO  impl.RoleInfo (RoleInfo.java:updateAndGet(143)) - b7064b77-9271-4e94-8225-85d895886efb: start FollowerState
2019-09-25 11:41:56,725 [d0888866-0bad-4f41-ad37-dccd4a57b958@group-071025EF7F78:LeaderElection69] INFO  impl.LeaderElection (LeaderElection.java:logAndReturn(56)) - d0888866-0bad-4f41-ad37-dccd4a57b958@group-071025EF7F78:LeaderElection69: Election REJECTED; received 2 response(s) [d0888866-0bad-4f41-ad37-dccd4a57b958<-e081c0a5-acfc-4a29-8262-ee158adf5b11#0:FAIL-t2, d0888866-0bad-4f41-ad37-dccd4a57b958<-19e67e26-3d21-4d01-be9f-29113a4a814c#0:FAIL-t2] and 0 exception(s); d0888866-0bad-4f41-ad37-dccd4a57b958@group-071025EF7F78:t2, leader=null, voted=d0888866-0bad-4f41-ad37-dccd4a57b958, raftlog=d0888866-0bad-4f41-ad37-dccd4a57b958@group-071025EF7F78-SegmentedRaftLog:OPENED:c-1,f-1,i0, conf=-1: [e081c0a5-acfc-4a29-8262-ee158adf5b11:192.168.30.6:37941, d0888866-0bad-4f41-ad37-dccd4a57b958:192.168.30.6:45405, 19e67e26-3d21-4d01-be9f-29113a4a814c:192.168.30.6:34535], old=null
2019-09-25 11:41:56,725 [a7d59ef6-3eca-4628-b097-12d983444e7f@group-6E9EB1C0F638:LeaderElection64] INFO  impl.LeaderElection (LeaderElection.java:logAndReturn(56)) - a7d59ef6-3eca-4628-b097-12d983444e7f@group-6E9EB1C0F638:LeaderElection64: Election REJECTED; received 2 response(s) [a7d59ef6-3eca-4628-b097-12d983444e7f<-e081c0a5-acfc-4a29-8262-ee158adf5b11#0:FAIL-t2, a7d59ef6-3eca-4628-b097-12d983444e7f<-b7064b77-9271-4e94-8225-85d895886efb#0:FAIL-t2] and 0 exception(s); a7d59ef6-3eca-4628-b097-12d983444e7f@group-6E9EB1C0F638:t2, leader=null, voted=a7d59ef6-3eca-4628-b097-12d983444e7f, raftlog=a7d59ef6-3eca-4628-b097-12d983444e7f@group-6E9EB1C0F638-SegmentedRaftLog:OPENED:c-1,f-1,i0, conf=-1: [e081c0a5-acfc-4a29-8262-ee158adf5b11:192.168.30.6:37941, a7d59ef6-3eca-4628-b097-12d983444e7f:192.168.30.6:43486, b7064b77-9271-4e94-8225-85d895886efb:192.168.30.6:41519], old=null
2019-09-25 11:41:56,725 [d0888866-0bad-4f41-ad37-dccd4a57b958@group-071025EF7F78:LeaderElection69] INFO  impl.RaftServerImpl (RaftServerImpl.java:setRole(174)) - d0888866-0bad-4f41-ad37-dccd4a57b958@group-071025EF7F78: changes role from CANDIDATE to FOLLOWER at term 2 for DISCOVERED_A_NEW_TERM
2019-09-25 11:41:56,725 [a7d59ef6-3eca-4628-b097-12d983444e7f@group-F2E0294EDFC2:LeaderElection60] INFO  impl.LeaderElection (LeaderElection.java:logAndReturn(56)) - a7d59ef6-3eca-4628-b097-12d983444e7f@group-F2E0294EDFC2:LeaderElection60: Election REJECTED; received 2 response(s) [a7d59ef6-3eca-4628-b097-12d983444e7f<-d0888866-0bad-4f41-ad37-dccd4a57b958#0:FAIL-t2, a7d59ef6-3eca-4628-b097-12d983444e7f<-b7064b77-9271-4e94-8225-85d895886efb#0:FAIL-t2] and 0 exception(s); a7d59ef6-3eca-4628-b097-12d983444e7f@group-F2E0294EDFC2:t2, leader=null, voted=a7d59ef6-3eca-4628-b097-12d983444e7f, raftlog=a7d59ef6-3eca-4628-b097-12d983444e7f@group-F2E0294EDFC2-SegmentedRaftLog:OPENED:c-1,f-1,i0, conf=-1: [d0888866-0bad-4f41-ad37-dccd4a57b958:192.168.30.6:45405, a7d59ef6-3eca-4628-b097-12d983444e7f:192.168.30.6:43486, b7064b77-9271-4e94-8225-85d895886efb:192.168.30.6:41519], old=null
2019-09-25 11:41:56,725 [d0888866-0bad-4f41-ad37-dccd4a57b958@group-071025EF7F78:LeaderElection69] INFO  impl.RoleInfo (RoleInfo.java:shutdownLeaderElection(134)) - d0888866-0bad-4f41-ad37-dccd4a57b958: shutdown LeaderElection
2019-09-25 11:41:56,725 [a7d59ef6-3eca-4628-b097-12d983444e7f@group-6E9EB1C0F638:LeaderElection64] INFO  impl.RaftServerImpl (RaftServerImpl.java:setRole(174)) - a7d59ef6-3eca-4628-b097-12d983444e7f@group-6E9EB1C0F638: changes role from CANDIDATE to FOLLOWER at term 2 for DISCOVERED_A_NEW_TERM
2019-09-25 11:41:56,726 [d0888866-0bad-4f41-ad37-dccd4a57b958@group-071025EF7F78:LeaderElection69] INFO  impl.RoleInfo (RoleInfo.java:updateAndGet(143)) - d0888866-0bad-4f41-ad37-dccd4a57b958: start FollowerState
2019-09-25 11:41:56,726 [a7d59ef6-3eca-4628-b097-12d983444e7f@group-F2E0294EDFC2:LeaderElection60] INFO  impl.RaftServerImpl (RaftServerImpl.java:setRole(174)) - a7d59ef6-3eca-4628-b097-12d983444e7f@group-F2E0294EDFC2: changes role from CANDIDATE to FOLLOWER at term 2 for DISCOVERED_A_NEW_TERM
2019-09-25 11:41:56,726 [a7d59ef6-3eca-4628-b097-12d983444e7f@group-7CC56FB5D3F9:LeaderElection54] INFO  impl.LeaderElection (LeaderElection.java:logAndReturn(56)) - a7d59ef6-3eca-4628-b097-12d983444e7f@group-7CC56FB5D3F9:LeaderElection54: Election REJECTED; received 2 response(s) [a7d59ef6-3eca-4628-b097-12d983444e7f<-e081c0a5-acfc-4a29-8262-ee158adf5b11#0:FAIL-t2, a7d59ef6-3eca-4628-b097-12d983444e7f<-19e67e26-3d21-4d01-be9f-29113a4a814c#0:FAIL-t2] and 0 exception(s); a7d59ef6-3eca-4628-b097-12d983444e7f@group-7CC56FB5D3F9:t2, leader=null, voted=a7d59ef6-3eca-4628-b097-12d983444e7f, raftlog=a7d59ef6-3eca-4628-b097-12d983444e7f@group-7CC56FB5D3F9-SegmentedRaftLog:OPENED:c-1,f-1,i0, conf=-1: [e081c0a5-acfc-4a29-8262-ee158adf5b11:192.168.30.6:37941, 19e67e26-3d21-4d01-be9f-29113a4a814c:192.168.30.6:34535, a7d59ef6-3eca-4628-b097-12d983444e7f:192.168.30.6:43486], old=null
2019-09-25 11:41:56,726 [a7d59ef6-3eca-4628-b097-12d983444e7f@group-F2E0294EDFC2:LeaderElection60] INFO  impl.RoleInfo (RoleInfo.java:shutdownLeaderElection(134)) - a7d59ef6-3eca-4628-b097-12d983444e7f: shutdown LeaderElection
2019-09-25 11:41:56,726 [a7d59ef6-3eca-4628-b097-12d983444e7f@group-6E9EB1C0F638:LeaderElection64] INFO  impl.RoleInfo (RoleInfo.java:shutdownLeaderElection(134)) - a7d59ef6-3eca-4628-b097-12d983444e7f: shutdown LeaderElection
2019-09-25 11:41:56,727 [a7d59ef6-3eca-4628-b097-12d983444e7f@group-F2E0294EDFC2:LeaderElection60] INFO  impl.RoleInfo (RoleInfo.java:updateAndGet(143)) - a7d59ef6-3eca-4628-b097-12d983444e7f: start FollowerState
2019-09-25 11:41:56,726 [19e67e26-3d21-4d01-be9f-29113a4a814c@group-7CC56FB5D3F9:LeaderElection58] INFO  impl.LeaderElection (LeaderElection.java:logAndReturn(56)) - 19e67e26-3d21-4d01-be9f-29113a4a814c@group-7CC56FB5D3F9:LeaderElection58: Election REJECTED; received 2 response(s) [19e67e26-3d21-4d01-be9f-29113a4a814c<-e081c0a5-acfc-4a29-8262-ee158adf5b11#0:FAIL-t2, 19e67e26-3d21-4d01-be9f-29113a4a814c<-a7d59ef6-3eca-4628-b097-12d983444e7f#0:FAIL-t2] and 0 exception(s); 19e67e26-3d21-4d01-be9f-29113a4a814c@group-7CC56FB5D3F9:t2, leader=null, voted=19e67e26-3d21-4d01-be9f-29113a4a814c, raftlog=19e67e26-3d21-4d01-be9f-29113a4a814c@group-7CC56FB5D3F9-SegmentedRaftLog:OPENED:c-1,f-1,i0, conf=-1: [e081c0a5-acfc-4a29-8262-ee158adf5b11:192.168.30.6:37941, 19e67e26-3d21-4d01-be9f-29113a4a814c:192.168.30.6:34535, a7d59ef6-3eca-4628-b097-12d983444e7f:192.168.30.6:43486], old=null
2019-09-25 11:41:56,726 [a7d59ef6-3eca-4628-b097-12d983444e7f@group-7CC56FB5D3F9:LeaderElection54] INFO  impl.RaftServerImpl (RaftServerImpl.java:setRole(174)) - a7d59ef6-3eca-4628-b097-12d983444e7f@group-7CC56FB5D3F9: changes role from CANDIDATE to FOLLOWER at term 2 for DISCOVERED_A_NEW_TERM
2019-09-25 11:41:56,727 [19e67e26-3d21-4d01-be9f-29113a4a814c@group-7CC56FB5D3F9:LeaderElection58] INFO  impl.RaftServerImpl (RaftServerImpl.java:setRole(174)) - 19e67e26-3d21-4d01-be9f-29113a4a814c@group-7CC56FB5D3F9: changes role from CANDIDATE to FOLLOWER at term 2 for DISCOVERED_A_NEW_TERM
2019-09-25 11:41:56,727 [a7d59ef6-3eca-4628-b097-12d983444e7f@group-6E9EB1C0F638:LeaderElection64] INFO  impl.RoleInfo (RoleInfo.java:updateAndGet(143)) - a7d59ef6-3eca-4628-b097-12d983444e7f: start FollowerState
2019-09-25 11:41:56,727 [d0888866-0bad-4f41-ad37-dccd4a57b958@group-CDCB2C8C105A:LeaderElection49] INFO  impl.LeaderElection (LeaderElection.java:logAndReturn(56)) - d0888866-0bad-4f41-ad37-dccd4a57b958@group-CDCB2C8C105A:LeaderElection49: Election REJECTED; received 2 response(s) [d0888866-0bad-4f41-ad37-dccd4a57b958<-8c24ed06-386e-4085-8931-93c762a64530#0:FAIL-t2, d0888866-0bad-4f41-ad37-dccd4a57b958<-b7064b77-9271-4e94-8225-85d895886efb#0:FAIL-t2] and 0 exception(s); d0888866-0bad-4f41-ad37-dccd4a57b958@group-CDCB2C8C105A:t2, leader=null, voted=d0888866-0bad-4f41-ad37-dccd4a57b958, raftlog=d0888866-0bad-4f41-ad37-dccd4a57b958@group-CDCB2C8C105A-SegmentedRaftLog:OPENED:c-1,f-1,i0, conf=-1: [d0888866-0bad-4f41-ad37-dccd4a57b958:192.168.30.6:45405, 8c24ed06-386e-4085-8931-93c762a64530:192.168.30.6:32862, b7064b77-9271-4e94-8225-85d895886efb:192.168.30.6:41519], old=null
2019-09-25 11:41:56,727 [19e67e26-3d21-4d01-be9f-29113a4a814c@group-7CC56FB5D3F9:LeaderElection58] INFO  impl.RoleInfo (RoleInfo.java:shutdownLeaderElection(134)) - 19e67e26-3d21-4d01-be9f-29113a4a814c: shutdown LeaderElection
2019-09-25 11:41:56,728 [d0888866-0bad-4f41-ad37-dccd4a57b958@group-282EF1BFFEE0:LeaderElection41] INFO  impl.LeaderElection (LeaderElection.java:logAndReturn(56)) - d0888866-0bad-4f41-ad37-dccd4a57b958@group-282EF1BFFEE0:LeaderElection41: Election REJECTED; received 2 response(s) [d0888866-0bad-4f41-ad37-dccd4a57b958<-a7d59ef6-3eca-4628-b097-12d983444e7f#0:FAIL-t2, d0888866-0bad-4f41-ad37-dccd4a57b958<-b7064b77-9271-4e94-8225-85d895886efb#0:FAIL-t2] and 0 exception(s); d0888866-0bad-4f41-ad37-dccd4a57b958@group-282EF1BFFEE0:t2, leader=null, voted=d0888866-0bad-4f41-ad37-dccd4a57b958, raftlog=d0888866-0bad-4f41-ad37-dccd4a57b958@group-282EF1BFFEE0-SegmentedRaftLog:OPENED:c-1,f-1,i0, conf=-1: [d0888866-0bad-4f41-ad37-dccd4a57b958:192.168.30.6:45405, a7d59ef6-3eca-4628-b097-12d983444e7f:192.168.30.6:43486, b7064b77-9271-4e94-8225-85d895886efb:192.168.30.6:41519], old=null
2019-09-25 11:41:56,727 [a7d59ef6-3eca-4628-b097-12d983444e7f@group-7CC56FB5D3F9:LeaderElection54] INFO  impl.RoleInfo (RoleInfo.java:shutdownLeaderElection(134)) - a7d59ef6-3eca-4628-b097-12d983444e7f: shutdown LeaderElection
2019-09-25 11:41:56,728 [d0888866-0bad-4f41-ad37-dccd4a57b958@group-282EF1BFFEE0:LeaderElection41] INFO  impl.RaftServerImpl (RaftServerImpl.java:setRole(174)) - d0888866-0bad-4f41-ad37-dccd4a57b958@group-282EF1BFFEE0: changes role from CANDIDATE to FOLLOWER at term 2 for DISCOVERED_A_NEW_TERM
2019-09-25 11:41:56,728 [19e67e26-3d21-4d01-be9f-29113a4a814c@group-7CC56FB5D3F9:LeaderElection58] INFO  impl.RoleInfo (RoleInfo.java:updateAndGet(143)) - 19e67e26-3d21-4d01-be9f-29113a4a814c: start FollowerState
2019-09-25 11:41:56,728 [d0888866-0bad-4f41-ad37-dccd4a57b958@group-CDCB2C8C105A:LeaderElection49] INFO  impl.RaftServerImpl (RaftServerImpl.java:setRole(174)) - d0888866-0bad-4f41-ad37-dccd4a57b958@group-CDCB2C8C105A: changes role from CANDIDATE to FOLLOWER at term 2 for DISCOVERED_A_NEW_TERM
2019-09-25 11:41:56,727 [d0888866-0bad-4f41-ad37-dccd4a57b958@group-F2E0294EDFC2:LeaderElection52] INFO  impl.LeaderElection (LeaderElection.java:logAndReturn(56)) - d0888866-0bad-4f41-ad37-dccd4a57b958@group-F2E0294EDFC2:LeaderElection52: Election REJECTED; received 2 response(s) [d0888866-0bad-4f41-ad37-dccd4a57b958<-a7d59ef6-3eca-4628-b097-12d983444e7f#0:FAIL-t2, d0888866-0bad-4f41-ad37-dccd4a57b958<-b7064b77-9271-4e94-8225-85d895886efb#0:FAIL-t2] and 0 exception(s); d0888866-0bad-4f41-ad37-dccd4a57b958@group-F2E0294EDFC2:t2, leader=null, voted=d0888866-0bad-4f41-ad37-dccd4a57b958, raftlog=d0888866-0bad-4f41-ad37-dccd4a57b958@group-F2E0294EDFC2-SegmentedRaftLog:OPENED:c-1,f-1,i0, conf=-1: [d0888866-0bad-4f41-ad37-dccd4a57b958:192.168.30.6:45405, a7d59ef6-3eca-4628-b097-12d983444e7f:192.168.30.6:43486, b7064b77-9271-4e94-8225-85d895886efb:192.168.30.6:41519], old=null
2019-09-25 11:41:56,728 [d0888866-0bad-4f41-ad37-dccd4a57b958@group-CDCB2C8C105A:LeaderElection49] INFO  impl.RoleInfo (RoleInfo.java:shutdownLeaderElection(134)) - d0888866-0bad-4f41-ad37-dccd4a57b958: shutdown LeaderElection
2019-09-25 11:41:56,728 [e081c0a5-acfc-4a29-8262-ee158adf5b11@group-BF1BD4D8076C:LeaderElection46] INFO  impl.LeaderElection (LeaderElection.java:logAndReturn(56)) - e081c0a5-acfc-4a29-8262-ee158adf5b11@group-BF1BD4D8076C:LeaderElection46: Election REJECTED; received 2 response(s) [e081c0a5-acfc-4a29-8262-ee158adf5b11<-19e67e26-3d21-4d01-be9f-29113a4a814c#0:FAIL-t2, e081c0a5-acfc-4a29-8262-ee158adf5b11<-8c24ed06-386e-4085-8931-93c762a64530#0:FAIL-t2] and 0 exception(s); e081c0a5-acfc-4a29-8262-ee158adf5b11@group-BF1BD4D8076C:t2, leader=null, voted=e081c0a5-acfc-4a29-8262-ee158adf5b11, raftlog=e081c0a5-acfc-4a29-8262-ee158adf5b11@group-BF1BD4D8076C-SegmentedRaftLog:OPENED:c-1,f-1,i0, conf=-1: [e081c0a5-acfc-4a29-8262-ee158adf5b11:192.168.30.6:37941, 19e67e26-3d21-4d01-be9f-29113a4a814c:192.168.30.6:34535, 8c24ed06-386e-4085-8931-93c762a64530:192.168.30.6:32862], old=null
2019-09-25 11:41:56,728 [d0888866-0bad-4f41-ad37-dccd4a57b958@group-282EF1BFFEE0:LeaderElection41] INFO  impl.RoleInfo (RoleInfo.java:shutdownLeaderElection(134)) - d0888866-0bad-4f41-ad37-dccd4a57b958: shutdown LeaderElection
2019-09-25 11:41:56,729 [e081c0a5-acfc-4a29-8262-ee158adf5b11@group-BF1BD4D8076C:LeaderElection46] INFO  impl.RaftServerImpl (RaftServerImpl.java:setRole(174)) - e081c0a5-acfc-4a29-8262-ee158adf5b11@group-BF1BD4D8076C: changes role from CANDIDATE to FOLLOWER at term 2 for DISCOVERED_A_NEW_TERM
2019-09-25 11:41:56,728 [a7d59ef6-3eca-4628-b097-12d983444e7f@group-7CC56FB5D3F9:LeaderElection54] INFO  impl.RoleInfo (RoleInfo.java:updateAndGet(143)) - a7d59ef6-3eca-4628-b097-12d983444e7f: start FollowerState
2019-09-25 11:41:56,729 [e081c0a5-acfc-4a29-8262-ee158adf5b11@group-BF1BD4D8076C:LeaderElection46] INFO  impl.RoleInfo (RoleInfo.java:shutdownLeaderElection(134)) - e081c0a5-acfc-4a29-8262-ee158adf5b11: shutdown LeaderElection
2019-09-25 11:41:56,729 [d0888866-0bad-4f41-ad37-dccd4a57b958@group-282EF1BFFEE0:LeaderElection41] INFO  impl.RoleInfo (RoleInfo.java:updateAndGet(143)) - d0888866-0bad-4f41-ad37-dccd4a57b958: start FollowerState
2019-09-25 11:41:56,729 [8c24ed06-386e-4085-8931-93c762a64530@group-B9DEF2EDD277:LeaderElection66] INFO  impl.LeaderElection (LeaderElection.java:logAndReturn(56)) - 8c24ed06-386e-4085-8931-93c762a64530@group-B9DEF2EDD277:LeaderElection66: Election REJECTED; received 2 response(s) [8c24ed06-386e-4085-8931-93c762a64530<-19e67e26-3d21-4d01-be9f-29113a4a814c#0:FAIL-t2, 8c24ed06-386e-4085-8931-93c762a64530<-b7064b77-9271-4e94-8225-85d895886efb#0:FAIL-t2] and 0 exception(s); 8c24ed06-386e-4085-8931-93c762a64530@group-B9DEF2EDD277:t2, leader=null, voted=8c24ed06-386e-4085-8931-93c762a64530, raftlog=8c24ed06-386e-4085-8931-93c762a64530@group-B9DEF2EDD277-SegmentedRaftLog:OPENED:c-1,f-1,i0, conf=-1: [19e67e26-3d21-4d01-be9f-29113a4a814c:192.168.30.6:34535, 8c24ed06-386e-4085-8931-93c762a64530:192.168.30.6:32862, b7064b77-9271-4e94-8225-85d895886efb:192.168.30.6:41519], old=null
2019-09-25 11:41:56,729 [d0888866-0bad-4f41-ad37-dccd4a57b958@group-CDCB2C8C105A:LeaderElection49] INFO  impl.RoleInfo (RoleInfo.java:updateAndGet(143)) - d0888866-0bad-4f41-ad37-dccd4a57b958: start FollowerState
2019-09-25 11:41:56,729 [8c24ed06-386e-4085-8931-93c762a64530@group-CDCB2C8C105A:LeaderElection47] INFO  impl.LeaderElection (LeaderElection.java:logAndReturn(56)) - 8c24ed06-386e-4085-8931-93c762a64530@group-CDCB2C8C105A:LeaderElection47: Election REJECTED; received 2 response(s) [8c24ed06-386e-4085-8931-93c762a64530<-d0888866-0bad-4f41-ad37-dccd4a57b958#0:FAIL-t2, 8c24ed06-386e-4085-8931-93c762a64530<-b7064b77-9271-4e94-8225-85d895886efb#0:FAIL-t2] and 0 exception(s); 8c24ed06-386e-4085-8931-93c762a64530@group-CDCB2C8C105A:t2, leader=null, voted=8c24ed06-386e-4085-8931-93c762a64530, raftlog=8c24ed06-386e-4085-8931-93c762a64530@group-CDCB2C8C105A-SegmentedRaftLog:OPENED:c-1,f-1,i0, conf=-1: [d0888866-0bad-4f41-ad37-dccd4a57b958:192.168.30.6:45405, 8c24ed06-386e-4085-8931-93c762a64530:192.168.30.6:32862, b7064b77-9271-4e94-8225-85d895886efb:192.168.30.6:41519], old=null
2019-09-25 11:41:56,729 [d0888866-0bad-4f41-ad37-dccd4a57b958@group-F2E0294EDFC2:LeaderElection52] INFO  impl.RaftServerImpl (RaftServerImpl.java:setRole(174)) - d0888866-0bad-4f41-ad37-dccd4a57b958@group-F2E0294EDFC2: changes role from CANDIDATE to FOLLOWER at term 2 for DISCOVERED_A_NEW_TERM
2019-09-25 11:41:56,730 [8c24ed06-386e-4085-8931-93c762a64530@group-CDCB2C8C105A:LeaderElection47] INFO  impl.RaftServerImpl (RaftServerImpl.java:setRole(174)) - 8c24ed06-386e-4085-8931-93c762a64530@group-CDCB2C8C105A: changes role from CANDIDATE to FOLLOWER at term 2 for DISCOVERED_A_NEW_TERM
2019-09-25 11:41:56,731 [e081c0a5-acfc-4a29-8262-ee158adf5b11@group-6E9EB1C0F638:LeaderElection57] INFO  impl.LeaderElection (LeaderElection.java:logAndReturn(56)) - e081c0a5-acfc-4a29-8262-ee158adf5b11@group-6E9EB1C0F638:LeaderElection57: Election REJECTED; received 2 response(s) [e081c0a5-acfc-4a29-8262-ee158adf5b11<-a7d59ef6-3eca-4628-b097-12d983444e7f#0:FAIL-t2, e081c0a5-acfc-4a29-8262-ee158adf5b11<-b7064b77-9271-4e94-8225-85d895886efb#0:FAIL-t2] and 0 exception(s); e081c0a5-acfc-4a29-8262-ee158adf5b11@group-6E9EB1C0F638:t2, leader=null, voted=e081c0a5-acfc-4a29-8262-ee158adf5b11, raftlog=e081c0a5-acfc-4a29-8262-ee158adf5b11@group-6E9EB1C0F638-SegmentedRaftLog:OPENED:c-1,f-1,i0, conf=-1: [e081c0a5-acfc-4a29-8262-ee158adf5b11:192.168.30.6:37941, a7d59ef6-3eca-4628-b097-12d983444e7f:192.168.30.6:43486, b7064b77-9271-4e94-8225-85d895886efb:192.168.30.6:41519], old=null
2019-09-25 11:41:56,730 [b7064b77-9271-4e94-8225-85d895886efb@group-6E9EB1C0F638:LeaderElection53] INFO  impl.LeaderElection (LeaderElection.java:logAndReturn(56)) - b7064b77-9271-4e94-8225-85d895886efb@group-6E9EB1C0F638:LeaderElection53: Election REJECTED; received 2 response(s) [b7064b77-9271-4e94-8225-85d895886efb<-e081c0a5-acfc-4a29-8262-ee158adf5b11#0:FAIL-t2, b7064b77-9271-4e94-8225-85d895886efb<-a7d59ef6-3eca-4628-b097-12d983444e7f#0:FAIL-t2] and 0 exception(s); b7064b77-9271-4e94-8225-85d895886efb@group-6E9EB1C0F638:t2, leader=null, voted=b7064b77-9271-4e94-8225-85d895886efb, raftlog=b7064b77-9271-4e94-8225-85d895886efb@group-6E9EB1C0F638-SegmentedRaftLog:OPENED:c-1,f-1,i0, conf=-1: [e081c0a5-acfc-4a29-8262-ee158adf5b11:192.168.30.6:37941, a7d59ef6-3eca-4628-b097-12d983444e7f:192.168.30.6:43486, b7064b77-9271-4e94-8225-85d895886efb:192.168.30.6:41519], old=null
2019-09-25 11:41:56,730 [8c24ed06-386e-4085-8931-93c762a64530@group-B9DEF2EDD277:LeaderElection66] INFO  impl.RaftServerImpl (RaftServerImpl.java:setRole(174)) - 8c24ed06-386e-4085-8931-93c762a64530@group-B9DEF2EDD277: changes role from CANDIDATE to FOLLOWER at term 2 for DISCOVERED_A_NEW_TERM
2019-09-25 11:41:56,729 [e081c0a5-acfc-4a29-8262-ee158adf5b11@group-BF1BD4D8076C:LeaderElection46] INFO  impl.RoleInfo (RoleInfo.java:updateAndGet(143)) - e081c0a5-acfc-4a29-8262-ee158adf5b11: start FollowerState
2019-09-25 11:41:56,731 [8c24ed06-386e-4085-8931-93c762a64530@group-B9DEF2EDD277:LeaderElection66] INFO  impl.RoleInfo (RoleInfo.java:shutdownLeaderElection(134)) - 8c24ed06-386e-4085-8931-93c762a64530: shutdown LeaderElection
2019-09-25 11:41:56,731 [b7064b77-9271-4e94-8225-85d895886efb@group-6E9EB1C0F638:LeaderElection53] INFO  impl.RaftServerImpl (RaftServerImpl.java:setRole(174)) - b7064b77-9271-4e94-8225-85d895886efb@group-6E9EB1C0F638: changes role from CANDIDATE to FOLLOWER at term 2 for DISCOVERED_A_NEW_TERM
2019-09-25 11:41:56,731 [19e67e26-3d21-4d01-be9f-29113a4a814c@group-071025EF7F78:LeaderElection65] INFO  impl.LeaderElection (LeaderElection.java:logAndReturn(56)) - 19e67e26-3d21-4d01-be9f-29113a4a814c@group-071025EF7F78:LeaderElection65: Election REJECTED; received 2 response(s) [19e67e26-3d21-4d01-be9f-29113a4a814c<-e081c0a5-acfc-4a29-8262-ee158adf5b11#0:FAIL-t2, 19e67e26-3d21-4d01-be9f-29113a4a814c<-d0888866-0bad-4f41-ad37-dccd4a57b958#0:FAIL-t2] and 0 exception(s); 19e67e26-3d21-4d01-be9f-29113a4a814c@group-071025EF7F78:t2, leader=null, voted=19e67e26-3d21-4d01-be9f-29113a4a814c, raftlog=19e67e26-3d21-4d01-be9f-29113a4a814c@group-071025EF7F78-SegmentedRaftLog:OPENED:c-1,f-1,i0, conf=-1: [e081c0a5-acfc-4a29-8262-ee158adf5b11:192.168.30.6:37941, d0888866-0bad-4f41-ad37-dccd4a57b958:192.168.30.6:45405, 19e67e26-3d21-4d01-be9f-29113a4a814c:192.168.30.6:34535], old=null
2019-09-25 11:41:56,731 [e081c0a5-acfc-4a29-8262-ee158adf5b11@group-6E9EB1C0F638:LeaderElection57] INFO  impl.RaftServerImpl (RaftServerImpl.java:setRole(174)) - e081c0a5-acfc-4a29-8262-ee158adf5b11@group-6E9EB1C0F638: changes role from CANDIDATE to FOLLOWER at term 2 for DISCOVERED_A_NEW_TERM
2019-09-25 11:41:56,731 [8c24ed06-386e-4085-8931-93c762a64530@group-CDCB2C8C105A:LeaderElection47] INFO  impl.RoleInfo (RoleInfo.java:shutdownLeaderElection(134)) - 8c24ed06-386e-4085-8931-93c762a64530: shutdown LeaderElection
2019-09-25 11:41:56,730 [d0888866-0bad-4f41-ad37-dccd4a57b958@group-F2E0294EDFC2:LeaderElection52] INFO  impl.RoleInfo (RoleInfo.java:shutdownLeaderElection(134)) - d0888866-0bad-4f41-ad37-dccd4a57b958: shutdown LeaderElection
2019-09-25 11:41:56,732 [8c24ed06-386e-4085-8931-93c762a64530@group-CDCB2C8C105A:LeaderElection47] INFO  impl.RoleInfo (RoleInfo.java:updateAndGet(143)) - 8c24ed06-386e-4085-8931-93c762a64530: start FollowerState
2019-09-25 11:41:56,732 [e081c0a5-acfc-4a29-8262-ee158adf5b11@group-6E9EB1C0F638:LeaderElection57] INFO  impl.RoleInfo (RoleInfo.java:shutdownLeaderElection(134)) - e081c0a5-acfc-4a29-8262-ee158adf5b11: shutdown LeaderElection
2019-09-25 11:41:56,732 [19e67e26-3d21-4d01-be9f-29113a4a814c@group-071025EF7F78:LeaderElection65] INFO  impl.RaftServerImpl (RaftServerImpl.java:setRole(174)) - 19e67e26-3d21-4d01-be9f-29113a4a814c@group-071025EF7F78: changes role from CANDIDATE to FOLLOWER at term 2 for DISCOVERED_A_NEW_TERM
2019-09-25 11:41:56,731 [b7064b77-9271-4e94-8225-85d895886efb@group-6E9EB1C0F638:LeaderElection53] INFO  impl.RoleInfo (RoleInfo.java:shutdownLeaderElection(134)) - b7064b77-9271-4e94-8225-85d895886efb: shutdown LeaderElection
2019-09-25 11:41:56,731 [8c24ed06-386e-4085-8931-93c762a64530@group-B9DEF2EDD277:LeaderElection66] INFO  impl.RoleInfo (RoleInfo.java:updateAndGet(143)) - 8c24ed06-386e-4085-8931-93c762a64530: start FollowerState
2019-09-25 11:41:56,732 [b7064b77-9271-4e94-8225-85d895886efb@group-6E9EB1C0F638:LeaderElection53] INFO  impl.RoleInfo (RoleInfo.java:updateAndGet(143)) - b7064b77-9271-4e94-8225-85d895886efb: start FollowerState
2019-09-25 11:41:56,732 [19e67e26-3d21-4d01-be9f-29113a4a814c@group-071025EF7F78:LeaderElection65] INFO  impl.RoleInfo (RoleInfo.java:shutdownLeaderElection(134)) - 19e67e26-3d21-4d01-be9f-29113a4a814c: shutdown LeaderElection
2019-09-25 11:41:56,732 [e081c0a5-acfc-4a29-8262-ee158adf5b11@group-6E9EB1C0F638:LeaderElection57] INFO  impl.RoleInfo (RoleInfo.java:updateAndGet(143)) - e081c0a5-acfc-4a29-8262-ee158adf5b11: start FollowerState
2019-09-25 11:41:56,732 [8c24ed06-386e-4085-8931-93c762a64530@group-47DBAAEC82C8:LeaderElection48] INFO  impl.LeaderElection (LeaderElection.java:logAndReturn(56)) - 8c24ed06-386e-4085-8931-93c762a64530@group-47DBAAEC82C8:LeaderElection48: Election REJECTED; received 2 response(s) [8c24ed06-386e-4085-8931-93c762a64530<-a7d59ef6-3eca-4628-b097-12d983444e7f#0:FAIL-t2, 8c24ed06-386e-4085-8931-93c762a64530<-b7064b77-9271-4e94-8225-85d895886efb#0:FAIL-t2] and 0 exception(s); 8c24ed06-386e-4085-8931-93c762a64530@group-47DBAAEC82C8:t2, leader=null, voted=8c24ed06-386e-4085-8931-93c762a64530, raftlog=8c24ed06-386e-4085-8931-93c762a64530@group-47DBAAEC82C8-SegmentedRaftLog:OPENED:c-1,f-1,i0, conf=-1: [a7d59ef6-3eca-4628-b097-12d983444e7f:192.168.30.6:43486, 8c24ed06-386e-4085-8931-93c762a64530:192.168.30.6:32862, b7064b77-9271-4e94-8225-85d895886efb:192.168.30.6:41519], old=null
2019-09-25 11:41:56,732 [d0888866-0bad-4f41-ad37-dccd4a57b958@group-F2E0294EDFC2:LeaderElection52] INFO  impl.RoleInfo (RoleInfo.java:updateAndGet(143)) - d0888866-0bad-4f41-ad37-dccd4a57b958: start FollowerState
2019-09-25 11:41:56,733 [8c24ed06-386e-4085-8931-93c762a64530@group-47DBAAEC82C8:LeaderElection48] INFO  impl.RaftServerImpl (RaftServerImpl.java:setRole(174)) - 8c24ed06-386e-4085-8931-93c762a64530@group-47DBAAEC82C8: changes role from CANDIDATE to FOLLOWER at term 2 for DISCOVERED_A_NEW_TERM
2019-09-25 11:41:56,733 [8c24ed06-386e-4085-8931-93c762a64530@group-DBE87B3B08CE:LeaderElection55] INFO  impl.LeaderElection (LeaderElection.java:logAndReturn(56)) - 8c24ed06-386e-4085-8931-93c762a64530@group-DBE87B3B08CE:LeaderElection55: Election REJECTED; received 2 response(s) [8c24ed06-386e-4085-8931-93c762a64530<-d0888866-0bad-4f41-ad37-dccd4a57b958#0:FAIL-t2, 8c24ed06-386e-4085-8931-93c762a64530<-a7d59ef6-3eca-4628-b097-12d983444e7f#0:FAIL-t2] and 0 exception(s); 8c24ed06-386e-4085-8931-93c762a64530@group-DBE87B3B08CE:t2, leader=null, voted=8c24ed06-386e-4085-8931-93c762a64530, raftlog=8c24ed06-386e-4085-8931-93c762a64530@group-DBE87B3B08CE-SegmentedRaftLog:OPENED:c-1,f-1,i0, conf=-1: [d0888866-0bad-4f41-ad37-dccd4a57b958:192.168.30.6:45405, a7d59ef6-3eca-4628-b097-12d983444e7f:192.168.30.6:43486, 8c24ed06-386e-4085-8931-93c762a64530:192.168.30.6:32862], old=null
2019-09-25 11:41:56,733 [19e67e26-3d21-4d01-be9f-29113a4a814c@group-071025EF7F78:LeaderElection65] INFO  impl.RoleInfo (RoleInfo.java:updateAndGet(143)) - 19e67e26-3d21-4d01-be9f-29113a4a814c: start FollowerState
2019-09-25 11:41:56,733 [8c24ed06-386e-4085-8931-93c762a64530@group-ADB1B60517AF:LeaderElection61] INFO  impl.LeaderElection (LeaderElection.java:logAndReturn(56)) - 8c24ed06-386e-4085-8931-93c762a64530@group-ADB1B60517AF:LeaderElection61: Election REJECTED; received 2 response(s) [8c24ed06-386e-4085-8931-93c762a64530<-d0888866-0bad-4f41-ad37-dccd4a57b958#0:FAIL-t2, 8c24ed06-386e-4085-8931-93c762a64530<-19e67e26-3d21-4d01-be9f-29113a4a814c#0:FAIL-t2] and 0 exception(s); 8c24ed06-386e-4085-8931-93c762a64530@group-ADB1B60517AF:t2, leader=null, voted=8c24ed06-386e-4085-8931-93c762a64530, raftlog=8c24ed06-386e-4085-8931-93c762a64530@group-ADB1B60517AF-SegmentedRaftLog:OPENED:c-1,f-1,i0, conf=-1: [d0888866-0bad-4f41-ad37-dccd4a57b958:192.168.30.6:45405, 19e67e26-3d21-4d01-be9f-29113a4a814c:192.168.30.6:34535, 8c24ed06-386e-4085-8931-93c762a64530:192.168.30.6:32862], old=null
2019-09-25 11:41:56,734 [8c24ed06-386e-4085-8931-93c762a64530@group-DBE87B3B08CE:LeaderElection55] INFO  impl.RaftServerImpl (RaftServerImpl.java:setRole(174)) - 8c24ed06-386e-4085-8931-93c762a64530@group-DBE87B3B08CE: changes role from CANDIDATE to FOLLOWER at term 2 for DISCOVERED_A_NEW_TERM
2019-09-25 11:41:56,733 [8c24ed06-386e-4085-8931-93c762a64530@group-47DBAAEC82C8:LeaderElection48] INFO  impl.RoleInfo (RoleInfo.java:shutdownLeaderElection(134)) - 8c24ed06-386e-4085-8931-93c762a64530: shutdown LeaderElection
2019-09-25 11:41:56,734 [8c24ed06-386e-4085-8931-93c762a64530@group-DBE87B3B08CE:LeaderElection55] INFO  impl.RoleInfo (RoleInfo.java:shutdownLeaderElection(134)) - 8c24ed06-386e-4085-8931-93c762a64530: shutdown LeaderElection
2019-09-25 11:41:56,734 [8c24ed06-386e-4085-8931-93c762a64530@group-ADB1B60517AF:LeaderElection61] INFO  impl.RaftServerImpl (RaftServerImpl.java:setRole(174)) - 8c24ed06-386e-4085-8931-93c762a64530@group-ADB1B60517AF: changes role from CANDIDATE to FOLLOWER at term 2 for DISCOVERED_A_NEW_TERM
2019-09-25 11:41:56,734 [8c24ed06-386e-4085-8931-93c762a64530@group-DBE87B3B08CE:LeaderElection55] INFO  impl.RoleInfo (RoleInfo.java:updateAndGet(143)) - 8c24ed06-386e-4085-8931-93c762a64530: start FollowerState
2019-09-25 11:41:56,734 [8c24ed06-386e-4085-8931-93c762a64530@group-47DBAAEC82C8:LeaderElection48] INFO  impl.RoleInfo (RoleInfo.java:updateAndGet(143)) - 8c24ed06-386e-4085-8931-93c762a64530: start FollowerState
2019-09-25 11:41:56,734 [8c24ed06-386e-4085-8931-93c762a64530@group-ADB1B60517AF:LeaderElection61] INFO  impl.RoleInfo (RoleInfo.java:shutdownLeaderElection(134)) - 8c24ed06-386e-4085-8931-93c762a64530: shutdown LeaderElection
2019-09-25 11:41:56,735 [8c24ed06-386e-4085-8931-93c762a64530@group-ADB1B60517AF:LeaderElection61] INFO  impl.RoleInfo (RoleInfo.java:updateAndGet(143)) - 8c24ed06-386e-4085-8931-93c762a64530: start FollowerState
2019-09-25 11:42:01,721 [Thread-584] INFO  impl.FollowerState (FollowerState.java:run(106)) - e081c0a5-acfc-4a29-8262-ee158adf5b11:group-071025EF7F78 changes to CANDIDATE, lastRpcTime:5002, electionTimeout:5002ms
2019-09-25 11:42:01,721 [Thread-584] INFO  impl.RoleInfo (RoleInfo.java:shutdownFollowerState(121)) - e081c0a5-acfc-4a29-8262-ee158adf5b11: shutdown FollowerState
2019-09-25 11:42:01,721 [Thread-584] INFO  impl.RaftServerImpl (RaftServerImpl.java:setRole(174)) - e081c0a5-acfc-4a29-8262-ee158adf5b11@group-071025EF7F78: changes role from  FOLLOWER to CANDIDATE at term 2 for changeToCandidate
2019-09-25 11:42:01,721 [Thread-584] INFO  impl.RoleInfo (RoleInfo.java:updateAndGet(143)) - e081c0a5-acfc-4a29-8262-ee158adf5b11: start LeaderElection
2019-09-25 11:42:01,724 [Thread-582] INFO  impl.FollowerState (FollowerState.java:run(106)) - 8c24ed06-386e-4085-8931-93c762a64530:group-BF1BD4D8076C changes to CANDIDATE, lastRpcTime:5008, electionTimeout:5008ms
2019-09-25 11:42:01,724 [Thread-582] INFO  impl.RoleInfo (RoleInfo.java:shutdownFollowerState(121)) - 8c24ed06-386e-4085-8931-93c762a64530: shutdown FollowerState
2019-09-25 11:42:01,724 [Thread-582] INFO  impl.RaftServerImpl (RaftServerImpl.java:setRole(174)) - 8c24ed06-386e-4085-8931-93c762a64530@group-BF1BD4D8076C: changes role from  FOLLOWER to CANDIDATE at term 2 for changeToCandidate
2019-09-25 11:42:01,725 [Thread-582] INFO  impl.RoleInfo (RoleInfo.java:updateAndGet(143)) - 8c24ed06-386e-4085-8931-93c762a64530: start LeaderElection
2019-09-25 11:42:01,742 [Thread-600] INFO  impl.FollowerState (FollowerState.java:run(106)) - e081c0a5-acfc-4a29-8262-ee158adf5b11:group-BF1BD4D8076C changes to CANDIDATE, lastRpcTime:5012, electionTimeout:5010ms
2019-09-25 11:42:01,742 [Thread-600] INFO  impl.RoleInfo (RoleInfo.java:shutdownFollowerState(121)) - e081c0a5-acfc-4a29-8262-ee158adf5b11: shutdown FollowerState
2019-09-25 11:42:01,742 [Thread-600] INFO  impl.RaftServerImpl (RaftServerImpl.java:setRole(174)) - e081c0a5-acfc-4a29-8262-ee158adf5b11@group-BF1BD4D8076C: changes role from  FOLLOWER to CANDIDATE at term 2 for changeToCandidate
2019-09-25 11:42:01,742 [Thread-600] INFO  impl.RoleInfo (RoleInfo.java:updateAndGet(143)) - e081c0a5-acfc-4a29-8262-ee158adf5b11: start LeaderElection
2019-09-25 11:42:01,743 [Thread-587] INFO  impl.FollowerState (FollowerState.java:run(106)) - e081c0a5-acfc-4a29-8262-ee158adf5b11:group-7CC56FB5D3F9 changes to CANDIDATE, lastRpcTime:5023, electionTimeout:5022ms
2019-09-25 11:42:01,743 [Thread-587] INFO  impl.RoleInfo (RoleInfo.java:shutdownFollowerState(121)) - e081c0a5-acfc-4a29-8262-ee158adf5b11: shutdown FollowerState
2019-09-25 11:42:01,743 [Thread-587] INFO  impl.RaftServerImpl (RaftServerImpl.java:setRole(174)) - e081c0a5-acfc-4a29-8262-ee158adf5b11@group-7CC56FB5D3F9: changes role from  FOLLOWER to CANDIDATE at term 2 for changeToCandidate
2019-09-25 11:42:01,743 [Thread-587] INFO  impl.RoleInfo (RoleInfo.java:updateAndGet(143)) - e081c0a5-acfc-4a29-8262-ee158adf5b11: start LeaderElection
2019-09-25 11:42:01,745 [Thread-596] INFO  impl.FollowerState (FollowerState.java:run(106)) - 19e67e26-3d21-4d01-be9f-29113a4a814c:group-7CC56FB5D3F9 changes to CANDIDATE, lastRpcTime:5016, electionTimeout:5016ms
2019-09-25 11:42:01,745 [Thread-596] INFO  impl.RoleInfo (RoleInfo.java:shutdownFollowerState(121)) - 19e67e26-3d21-4d01-be9f-29113a4a814c: shutdown FollowerState
2019-09-25 11:42:01,745 [Thread-596] INFO  impl.RaftServerImpl (RaftServerImpl.java:setRole(174)) - 19e67e26-3d21-4d01-be9f-29113a4a814c@group-7CC56FB5D3F9: changes role from  FOLLOWER to CANDIDATE at term 2 for changeToCandidate
2019-09-25 11:42:01,745 [Thread-596] INFO  impl.RoleInfo (RoleInfo.java:updateAndGet(143)) - 19e67e26-3d21-4d01-be9f-29113a4a814c: start LeaderElection
2019-09-25 11:42:01,749 [Thread-577] INFO  impl.FollowerState (FollowerState.java:run(106)) - b7064b77-9271-4e94-8225-85d895886efb:group-47DBAAEC82C8 changes to CANDIDATE, lastRpcTime:5040, electionTimeout:5040ms
2019-09-25 11:42:01,749 [Thread-583] INFO  impl.FollowerState (FollowerState.java:run(106)) - d0888866-0bad-4f41-ad37-dccd4a57b958:group-ADB1B60517AF changes to CANDIDATE, lastRpcTime:5031, electionTimeout:5031ms
2019-09-25 11:42:01,749 [Thread-577] INFO  impl.RoleInfo (RoleInfo.java:shutdownFollowerState(121)) - b7064b77-9271-4e94-8225-85d895886efb: shutdown FollowerState
2019-09-25 11:42:01,749 [Thread-583] INFO  impl.RoleInfo (RoleInfo.java:shutdownFollowerState(121)) - d0888866-0bad-4f41-ad37-dccd4a57b958: shutdown FollowerState
2019-09-25 11:42:01,750 [Thread-577] INFO  impl.RaftServerImpl (RaftServerImpl.java:setRole(174)) - b7064b77-9271-4e94-8225-85d895886efb@group-47DBAAEC82C8: changes role from  FOLLOWER to CANDIDATE at term 2 for changeToCandidate
2019-09-25 11:42:01,750 [Thread-583] INFO  impl.RaftServerImpl (RaftServerImpl.java:setRole(174)) - d0888866-0bad-4f41-ad37-dccd4a57b958@group-ADB1B60517AF: changes role from  FOLLOWER to CANDIDATE at term 2 for changeToCandidate
2019-09-25 11:42:01,750 [Thread-577] INFO  impl.RoleInfo (RoleInfo.java:updateAndGet(143)) - b7064b77-9271-4e94-8225-85d895886efb: start LeaderElection
2019-09-25 11:42:01,750 [Thread-583] INFO  impl.RoleInfo (RoleInfo.java:updateAndGet(143)) - d0888866-0bad-4f41-ad37-dccd4a57b958: start LeaderElection
2019-09-25 11:42:01,755 [Thread-588] INFO  impl.FollowerState (FollowerState.java:run(106)) - 19e67e26-3d21-4d01-be9f-29113a4a814c:group-B9DEF2EDD277 changes to CANDIDATE, lastRpcTime:5033, electionTimeout:5033ms
2019-09-25 11:42:01,755 [Thread-588] INFO  impl.RoleInfo (RoleInfo.java:shutdownFollowerState(121)) - 19e67e26-3d21-4d01-be9f-29113a4a814c: shutdown FollowerState
2019-09-25 11:42:01,755 [Thread-588] INFO  impl.RaftServerImpl (RaftServerImpl.java:setRole(174)) - 19e67e26-3d21-4d01-be9f-29113a4a814c@group-B9DEF2EDD277: changes role from  FOLLOWER to CANDIDATE at term 2 for changeToCandidate
2019-09-25 11:42:01,755 [Thread-588] INFO  impl.RoleInfo (RoleInfo.java:updateAndGet(143)) - 19e67e26-3d21-4d01-be9f-29113a4a814c: start LeaderElection
2019-09-25 11:42:01,780 [Thread-586] INFO  impl.FollowerState (FollowerState.java:run(106)) - a7d59ef6-3eca-4628-b097-12d983444e7f:group-DBE87B3B08CE changes to CANDIDATE, lastRpcTime:5060, electionTimeout:5060ms
2019-09-25 11:42:01,781 [Thread-586] INFO  impl.RoleInfo (RoleInfo.java:shutdownFollowerState(121)) - a7d59ef6-3eca-4628-b097-12d983444e7f: shutdown FollowerState
2019-09-25 11:42:01,781 [Thread-586] INFO  impl.RaftServerImpl (RaftServerImpl.java:setRole(174)) - a7d59ef6-3eca-4628-b097-12d983444e7f@group-DBE87B3B08CE: changes role from  FOLLOWER to CANDIDATE at term 2 for changeToCandidate
2019-09-25 11:42:01,781 [Thread-586] INFO  impl.RoleInfo (RoleInfo.java:updateAndGet(143)) - a7d59ef6-3eca-4628-b097-12d983444e7f: start LeaderElection
2019-09-25 11:42:01,784 [Thread-591] INFO  impl.FollowerState (FollowerState.java:run(106)) - 19e67e26-3d21-4d01-be9f-29113a4a814c:group-ADB1B60517AF changes to CANDIDATE, lastRpcTime:5059, electionTimeout:5059ms
2019-09-25 11:42:01,784 [Thread-591] INFO  impl.RoleInfo (RoleInfo.java:shutdownFollowerState(121)) - 19e67e26-3d21-4d01-be9f-29113a4a814c: shutdown FollowerState
2019-09-25 11:42:01,784 [Thread-591] INFO  impl.RaftServerImpl (RaftServerImpl.java:setRole(174)) - 19e67e26-3d21-4d01-be9f-29113a4a814c@group-ADB1B60517AF: changes role from  FOLLOWER to CANDIDATE at term 2 for changeToCandidate
2019-09-25 11:42:01,785 [Thread-591] INFO  impl.RoleInfo (RoleInfo.java:updateAndGet(143)) - 19e67e26-3d21-4d01-be9f-29113a4a814c: start LeaderElection
2019-09-25 11:42:01,787 [Thread-603] INFO  impl.FollowerState (FollowerState.java:run(106)) - d0888866-0bad-4f41-ad37-dccd4a57b958:group-F2E0294EDFC2 changes to CANDIDATE, lastRpcTime:5054, electionTimeout:5053ms
2019-09-25 11:42:01,787 [Thread-603] INFO  impl.RoleInfo (RoleInfo.java:shutdownFollowerState(121)) - d0888866-0bad-4f41-ad37-dccd4a57b958: shutdown FollowerState
2019-09-25 11:42:01,787 [Thread-603] INFO  impl.RaftServerImpl (RaftServerImpl.java:setRole(174)) - d0888866-0bad-4f41-ad37-dccd4a57b958@group-F2E0294EDFC2: changes role from  FOLLOWER to CANDIDATE at term 2 for changeToCandidate
2019-09-25 11:42:01,787 [Thread-603] INFO  impl.RoleInfo (RoleInfo.java:updateAndGet(143)) - d0888866-0bad-4f41-ad37-dccd4a57b958: start LeaderElection
2019-09-25 11:42:01,790 [Thread-597] INFO  impl.FollowerState (FollowerState.java:run(106)) - a7d59ef6-3eca-4628-b097-12d983444e7f:group-7CC56FB5D3F9 changes to CANDIDATE, lastRpcTime:5061, electionTimeout:5060ms
2019-09-25 11:42:01,790 [Thread-597] INFO  impl.RoleInfo (RoleInfo.java:shutdownFollowerState(121)) - a7d59ef6-3eca-4628-b097-12d983444e7f: shutdown FollowerState
2019-09-25 11:42:01,790 [Thread-597] INFO  impl.RaftServerImpl (RaftServerImpl.java:setRole(174)) - a7d59ef6-3eca-4628-b097-12d983444e7f@group-7CC56FB5D3F9: changes role from  FOLLOWER to CANDIDATE at term 2 for changeToCandidate
2019-09-25 11:42:01,790 [Thread-597] INFO  impl.RoleInfo (RoleInfo.java:updateAndGet(143)) - a7d59ef6-3eca-4628-b097-12d983444e7f: start LeaderElection
2019-09-25 11:42:01,796 [Thread-590] INFO  impl.FollowerState (FollowerState.java:run(106)) - 19e67e26-3d21-4d01-be9f-29113a4a814c:group-BF1BD4D8076C changes to CANDIDATE, lastRpcTime:5073, electionTimeout:5073ms
2019-09-25 11:42:01,796 [Thread-590] INFO  impl.RoleInfo (RoleInfo.java:shutdownFollowerState(121)) - 19e67e26-3d21-4d01-be9f-29113a4a814c: shutdown FollowerState
2019-09-25 11:42:01,796 [Thread-590] INFO  impl.RaftServerImpl (RaftServerImpl.java:setRole(174)) - 19e67e26-3d21-4d01-be9f-29113a4a814c@group-BF1BD4D8076C: changes role from  FOLLOWER to CANDIDATE at term 2 for changeToCandidate
2019-09-25 11:42:01,796 [Thread-590] INFO  impl.RoleInfo (RoleInfo.java:updateAndGet(143)) - 19e67e26-3d21-4d01-be9f-29113a4a814c: start LeaderElection
2019-09-25 11:42:01,800 [Thread-607] INFO  impl.FollowerState (FollowerState.java:run(106)) - 8c24ed06-386e-4085-8931-93c762a64530:group-47DBAAEC82C8 changes to CANDIDATE, lastRpcTime:5065, electionTimeout:5065ms
2019-09-25 11:42:01,800 [Thread-607] INFO  impl.RoleInfo (RoleInfo.java:shutdownFollowerState(121)) - 8c24ed06-386e-4085-8931-93c762a64530: shutdown FollowerState
2019-09-25 11:42:01,800 [Thread-607] INFO  impl.RaftServerImpl (RaftServerImpl.java:setRole(174)) - 8c24ed06-386e-4085-8931-93c762a64530@group-47DBAAEC82C8: changes role from  FOLLOWER to CANDIDATE at term 2 for changeToCandidate
2019-09-25 11:42:01,800 [Thread-607] INFO  impl.RoleInfo (RoleInfo.java:updateAndGet(143)) - 8c24ed06-386e-4085-8931-93c762a64530: start LeaderElection
2019-09-25 11:42:01,808 [Thread-595] INFO  impl.FollowerState (FollowerState.java:run(106)) - a7d59ef6-3eca-4628-b097-12d983444e7f:group-6E9EB1C0F638 changes to CANDIDATE, lastRpcTime:5081, electionTimeout:5080ms
2019-09-25 11:42:01,808 [Thread-595] INFO  impl.RoleInfo (RoleInfo.java:shutdownFollowerState(121)) - a7d59ef6-3eca-4628-b097-12d983444e7f: shutdown FollowerState
2019-09-25 11:42:01,808 [Thread-595] INFO  impl.RaftServerImpl (RaftServerImpl.java:setRole(174)) - a7d59ef6-3eca-4628-b097-12d983444e7f@group-6E9EB1C0F638: changes role from  FOLLOWER to CANDIDATE at term 2 for changeToCandidate
2019-09-25 11:42:01,808 [Thread-595] INFO  impl.RoleInfo (RoleInfo.java:updateAndGet(143)) - a7d59ef6-3eca-4628-b097-12d983444e7f: start LeaderElection
2019-09-25 11:42:01,812 [Thread-604] INFO  impl.FollowerState (FollowerState.java:run(106)) - e081c0a5-acfc-4a29-8262-ee158adf5b11:group-6E9EB1C0F638 changes to CANDIDATE, lastRpcTime:5080, electionTimeout:5079ms
2019-09-25 11:42:01,813 [Thread-604] INFO  impl.RoleInfo (RoleInfo.java:shutdownFollowerState(121)) - e081c0a5-acfc-4a29-8262-ee158adf5b11: shutdown FollowerState
2019-09-25 11:42:01,813 [Thread-604] INFO  impl.RaftServerImpl (RaftServerImpl.java:setRole(174)) - e081c0a5-acfc-4a29-8262-ee158adf5b11@group-6E9EB1C0F638: changes role from  FOLLOWER to CANDIDATE at term 2 for changeToCandidate
2019-09-25 11:42:01,813 [Thread-604] INFO  impl.RoleInfo (RoleInfo.java:updateAndGet(143)) - e081c0a5-acfc-4a29-8262-ee158adf5b11: start LeaderElection
2019-09-25 11:42:01,816 [Thread-594] INFO  impl.FollowerState (FollowerState.java:run(106)) - a7d59ef6-3eca-4628-b097-12d983444e7f:group-F2E0294EDFC2 changes to CANDIDATE, lastRpcTime:5089, electionTimeout:5089ms
2019-09-25 11:42:01,816 [Thread-594] INFO  impl.RoleInfo (RoleInfo.java:shutdownFollowerState(121)) - a7d59ef6-3eca-4628-b097-12d983444e7f: shutdown FollowerState
2019-09-25 11:42:01,816 [Thread-594] INFO  impl.RaftServerImpl (RaftServerImpl.java:setRole(174)) - a7d59ef6-3eca-4628-b097-12d983444e7f@group-F2E0294EDFC2: changes role from  FOLLOWER to CANDIDATE at term 2 for changeToCandidate
2019-09-25 11:42:01,817 [Thread-594] INFO  impl.RoleInfo (RoleInfo.java:updateAndGet(143)) - a7d59ef6-3eca-4628-b097-12d983444e7f: start LeaderElection
2019-09-25 11:42:01,826 [Thread-602] INFO  impl.FollowerState (FollowerState.java:run(106)) - 8c24ed06-386e-4085-8931-93c762a64530:group-CDCB2C8C105A changes to CANDIDATE, lastRpcTime:5094, electionTimeout:5094ms
2019-09-25 11:42:01,827 [Thread-602] INFO  impl.RoleInfo (RoleInfo.java:shutdownFollowerState(121)) - 8c24ed06-386e-4085-8931-93c762a64530: shutdown FollowerState
2019-09-25 11:42:01,827 [Thread-602] INFO  impl.RaftServerImpl (RaftServerImpl.java:setRole(174)) - 8c24ed06-386e-4085-8931-93c762a64530@group-CDCB2C8C105A: changes role from  FOLLOWER to CANDIDATE at term 2 for changeToCandidate
2019-09-25 11:42:01,827 [Thread-602] INFO  impl.RoleInfo (RoleInfo.java:updateAndGet(143)) - 8c24ed06-386e-4085-8931-93c762a64530: start LeaderElection
2019-09-25 11:42:01,827 [Thread-592] INFO  impl.FollowerState (FollowerState.java:run(106)) - b7064b77-9271-4e94-8225-85d895886efb:group-B9DEF2EDD277 changes to CANDIDATE, lastRpcTime:5102, electionTimeout:5102ms
2019-09-25 11:42:01,827 [Thread-592] INFO  impl.RoleInfo (RoleInfo.java:shutdownFollowerState(121)) - b7064b77-9271-4e94-8225-85d895886efb: shutdown FollowerState
2019-09-25 11:42:01,827 [Thread-592] INFO  impl.RaftServerImpl (RaftServerImpl.java:setRole(174)) - b7064b77-9271-4e94-8225-85d895886efb@group-B9DEF2EDD277: changes role from  FOLLOWER to CANDIDATE at term 2 for changeToCandidate
2019-09-25 11:42:01,828 [Thread-592] INFO  impl.RoleInfo (RoleInfo.java:updateAndGet(143)) - b7064b77-9271-4e94-8225-85d895886efb: start LeaderElection
2019-09-25 11:42:01,829 [Thread-605] INFO  impl.FollowerState (FollowerState.java:run(106)) - b7064b77-9271-4e94-8225-85d895886efb:group-6E9EB1C0F638 changes to CANDIDATE, lastRpcTime:5096, electionTimeout:5096ms
2019-09-25 11:42:01,829 [Thread-605] INFO  impl.RoleInfo (RoleInfo.java:shutdownFollowerState(121)) - b7064b77-9271-4e94-8225-85d895886efb: shutdown FollowerState
2019-09-25 11:42:01,829 [Thread-605] INFO  impl.RaftServerImpl (RaftServerImpl.java:setRole(174)) - b7064b77-9271-4e94-8225-85d895886efb@group-6E9EB1C0F638: changes role from  FOLLOWER to CANDIDATE at term 2 for changeToCandidate
2019-09-25 11:42:01,830 [Thread-605] INFO  impl.RoleInfo (RoleInfo.java:updateAndGet(143)) - b7064b77-9271-4e94-8225-85d895886efb: start LeaderElection
2019-09-25 11:42:01,833 [Thread-609] INFO  impl.FollowerState (FollowerState.java:run(106)) - 8c24ed06-386e-4085-8931-93c762a64530:group-ADB1B60517AF changes to CANDIDATE, lastRpcTime:5098, electionTimeout:5098ms
2019-09-25 11:42:01,833 [Thread-609] INFO  impl.RoleInfo (RoleInfo.java:shutdownFollowerState(121)) - 8c24ed06-386e-4085-8931-93c762a64530: shutdown FollowerState
2019-09-25 11:42:01,833 [Thread-609] INFO  impl.RaftServerImpl (RaftServerImpl.java:setRole(174)) - 8c24ed06-386e-4085-8931-93c762a64530@group-ADB1B60517AF: changes role from  FOLLOWER to CANDIDATE at term 2 for changeToCandidate
2019-09-25 11:42:01,834 [Thread-609] INFO  impl.RoleInfo (RoleInfo.java:updateAndGet(143)) - 8c24ed06-386e-4085-8931-93c762a64530: start LeaderElection
2019-09-25 11:42:01,847 [Thread-606] INFO  impl.FollowerState (FollowerState.java:run(106)) - 19e67e26-3d21-4d01-be9f-29113a4a814c:group-071025EF7F78 changes to CANDIDATE, lastRpcTime:5114, electionTimeout:5113ms
2019-09-25 11:42:01,847 [Thread-606] INFO  impl.RoleInfo (RoleInfo.java:shutdownFollowerState(121)) - 19e67e26-3d21-4d01-be9f-29113a4a814c: shutdown FollowerState
2019-09-25 11:42:01,847 [Thread-606] INFO  impl.RaftServerImpl (RaftServerImpl.java:setRole(174)) - 19e67e26-3d21-4d01-be9f-29113a4a814c@group-071025EF7F78: changes role from  FOLLOWER to CANDIDATE at term 2 for changeToCandidate
2019-09-25 11:42:01,847 [Thread-581] INFO  impl.FollowerState (FollowerState.java:run(106)) - b7064b77-9271-4e94-8225-85d895886efb:group-282EF1BFFEE0 changes to CANDIDATE, lastRpcTime:5134, electionTimeout:5134ms
2019-09-25 11:42:01,848 [Thread-606] INFO  impl.RoleInfo (RoleInfo.java:updateAndGet(143)) - 19e67e26-3d21-4d01-be9f-29113a4a814c: start LeaderElection
2019-09-25 11:42:01,848 [Thread-581] INFO  impl.RoleInfo (RoleInfo.java:shutdownFollowerState(121)) - b7064b77-9271-4e94-8225-85d895886efb: shutdown FollowerState
2019-09-25 11:42:01,848 [Thread-581] INFO  impl.RaftServerImpl (RaftServerImpl.java:setRole(174)) - b7064b77-9271-4e94-8225-85d895886efb@group-282EF1BFFEE0: changes role from  FOLLOWER to CANDIDATE at term 2 for changeToCandidate
2019-09-25 11:42:01,848 [Thread-581] INFO  impl.RoleInfo (RoleInfo.java:updateAndGet(143)) - b7064b77-9271-4e94-8225-85d895886efb: start LeaderElection
2019-09-25 11:42:01,855 [Thread-601] INFO  impl.FollowerState (FollowerState.java:run(106)) - 8c24ed06-386e-4085-8931-93c762a64530:group-B9DEF2EDD277 changes to CANDIDATE, lastRpcTime:5123, electionTimeout:5122ms
2019-09-25 11:42:01,855 [Thread-601] INFO  impl.RoleInfo (RoleInfo.java:shutdownFollowerState(121)) - 8c24ed06-386e-4085-8931-93c762a64530: shutdown FollowerState
2019-09-25 11:42:01,855 [Thread-601] INFO  impl.RaftServerImpl (RaftServerImpl.java:setRole(174)) - 8c24ed06-386e-4085-8931-93c762a64530@group-B9DEF2EDD277: changes role from  FOLLOWER to CANDIDATE at term 2 for changeToCandidate
2019-09-25 11:42:01,855 [Thread-601] INFO  impl.RoleInfo (RoleInfo.java:updateAndGet(143)) - 8c24ed06-386e-4085-8931-93c762a64530: start LeaderElection
2019-09-25 11:42:01,860 [Thread-599] INFO  impl.FollowerState (FollowerState.java:run(106)) - d0888866-0bad-4f41-ad37-dccd4a57b958:group-282EF1BFFEE0 changes to CANDIDATE, lastRpcTime:5130, electionTimeout:5130ms
2019-09-25 11:42:01,860 [Thread-599] INFO  impl.RoleInfo (RoleInfo.java:shutdownFollowerState(121)) - d0888866-0bad-4f41-ad37-dccd4a57b958: shutdown FollowerState
2019-09-25 11:42:01,860 [Thread-599] INFO  impl.RaftServerImpl (RaftServerImpl.java:setRole(174)) - d0888866-0bad-4f41-ad37-dccd4a57b958@group-282EF1BFFEE0: changes role from  FOLLOWER to CANDIDATE at term 2 for changeToCandidate
2019-09-25 11:42:01,860 [Thread-598] INFO  impl.FollowerState (FollowerState.java:run(106)) - d0888866-0bad-4f41-ad37-dccd4a57b958:group-CDCB2C8C105A changes to CANDIDATE, lastRpcTime:5131, electionTimeout:5130ms
2019-09-25 11:42:01,860 [Thread-599] INFO  impl.RoleInfo (RoleInfo.java:updateAndGet(143)) - d0888866-0bad-4f41-ad37-dccd4a57b958: start LeaderElection
2019-09-25 11:42:01,861 [Thread-598] INFO  impl.RoleInfo (RoleInfo.java:shutdownFollowerState(121)) - d0888866-0bad-4f41-ad37-dccd4a57b958: shutdown FollowerState
2019-09-25 11:42:01,860 [Thread-593] INFO  impl.FollowerState (FollowerState.java:run(106)) - d0888866-0bad-4f41-ad37-dccd4a57b958:group-071025EF7F78 changes to CANDIDATE, lastRpcTime:5134, electionTimeout:5134ms
2019-09-25 11:42:01,861 [Thread-598] INFO  impl.RaftServerImpl (RaftServerImpl.java:setRole(174)) - d0888866-0bad-4f41-ad37-dccd4a57b958@group-CDCB2C8C105A: changes role from  FOLLOWER to CANDIDATE at term 2 for changeToCandidate
2019-09-25 11:42:01,861 [Thread-593] INFO  impl.RoleInfo (RoleInfo.java:shutdownFollowerState(121)) - d0888866-0bad-4f41-ad37-dccd4a57b958: shutdown FollowerState
2019-09-25 11:42:01,861 [Thread-598] INFO  impl.RoleInfo (RoleInfo.java:updateAndGet(143)) - d0888866-0bad-4f41-ad37-dccd4a57b958: start LeaderElection
2019-09-25 11:42:01,861 [Thread-593] INFO  impl.RaftServerImpl (RaftServerImpl.java:setRole(174)) - d0888866-0bad-4f41-ad37-dccd4a57b958@group-071025EF7F78: changes role from  FOLLOWER to CANDIDATE at term 2 for changeToCandidate
2019-09-25 11:42:01,861 [Thread-593] INFO  impl.RoleInfo (RoleInfo.java:updateAndGet(143)) - d0888866-0bad-4f41-ad37-dccd4a57b958: start LeaderElection
2019-09-25 11:42:01,872 [Thread-578] INFO  impl.FollowerState (FollowerState.java:run(106)) - a7d59ef6-3eca-4628-b097-12d983444e7f:group-282EF1BFFEE0 changes to CANDIDATE, lastRpcTime:5160, electionTimeout:5159ms
2019-09-25 11:42:01,872 [Thread-578] INFO  impl.RoleInfo (RoleInfo.java:shutdownFollowerState(121)) - a7d59ef6-3eca-4628-b097-12d983444e7f: shutdown FollowerState
2019-09-25 11:42:01,872 [Thread-578] INFO  impl.RaftServerImpl (RaftServerImpl.java:setRole(174)) - a7d59ef6-3eca-4628-b097-12d983444e7f@group-282EF1BFFEE0: changes role from  FOLLOWER to CANDIDATE at term 2 for changeToCandidate
2019-09-25 11:42:01,872 [Thread-578] INFO  impl.RoleInfo (RoleInfo.java:updateAndGet(143)) - a7d59ef6-3eca-4628-b097-12d983444e7f: start LeaderElection
2019-09-25 11:42:01,888 [Thread-579] INFO  impl.FollowerState (FollowerState.java:run(106)) - a7d59ef6-3eca-4628-b097-12d983444e7f:group-47DBAAEC82C8 changes to CANDIDATE, lastRpcTime:5176, electionTimeout:5175ms
2019-09-25 11:42:01,888 [Thread-579] INFO  impl.RoleInfo (RoleInfo.java:shutdownFollowerState(121)) - a7d59ef6-3eca-4628-b097-12d983444e7f: shutdown FollowerState
2019-09-25 11:42:01,889 [Thread-579] INFO  impl.RaftServerImpl (RaftServerImpl.java:setRole(174)) - a7d59ef6-3eca-4628-b097-12d983444e7f@group-47DBAAEC82C8: changes role from  FOLLOWER to CANDIDATE at term 2 for changeToCandidate
2019-09-25 11:42:01,889 [Thread-579] INFO  impl.RoleInfo (RoleInfo.java:updateAndGet(143)) - a7d59ef6-3eca-4628-b097-12d983444e7f: start LeaderElection
2019-09-25 11:42:01,892 [Thread-580] INFO  impl.FollowerState (FollowerState.java:run(106)) - b7064b77-9271-4e94-8225-85d895886efb:group-CDCB2C8C105A changes to CANDIDATE, lastRpcTime:5179, electionTimeout:5179ms
2019-09-25 11:42:01,892 [Thread-580] INFO  impl.RoleInfo (RoleInfo.java:shutdownFollowerState(121)) - b7064b77-9271-4e94-8225-85d895886efb: shutdown FollowerState
2019-09-25 11:42:01,892 [Thread-580] INFO  impl.RaftServerImpl (RaftServerImpl.java:setRole(174)) - b7064b77-9271-4e94-8225-85d895886efb@group-CDCB2C8C105A: changes role from  FOLLOWER to CANDIDATE at term 2 for changeToCandidate
2019-09-25 11:42:01,893 [Thread-580] INFO  impl.RoleInfo (RoleInfo.java:updateAndGet(143)) - b7064b77-9271-4e94-8225-85d895886efb: start LeaderElection
2019-09-25 11:42:01,895 [Thread-585] INFO  impl.FollowerState (FollowerState.java:run(106)) - b7064b77-9271-4e94-8225-85d895886efb:group-F2E0294EDFC2 changes to CANDIDATE, lastRpcTime:5175, electionTimeout:5174ms
2019-09-25 11:42:01,895 [Thread-585] INFO  impl.RoleInfo (RoleInfo.java:shutdownFollowerState(121)) - b7064b77-9271-4e94-8225-85d895886efb: shutdown FollowerState
2019-09-25 11:42:01,895 [Thread-585] INFO  impl.RaftServerImpl (RaftServerImpl.java:setRole(174)) - b7064b77-9271-4e94-8225-85d895886efb@group-F2E0294EDFC2: changes role from  FOLLOWER to CANDIDATE at term 2 for changeToCandidate
2019-09-25 11:42:01,895 [Thread-585] INFO  impl.RoleInfo (RoleInfo.java:updateAndGet(143)) - b7064b77-9271-4e94-8225-85d895886efb: start LeaderElection
2019-09-25 11:42:01,921 [Thread-589] INFO  impl.FollowerState (FollowerState.java:run(106)) - d0888866-0bad-4f41-ad37-dccd4a57b958:group-DBE87B3B08CE changes to CANDIDATE, lastRpcTime:5199, electionTimeout:5199ms
2019-09-25 11:42:01,922 [Thread-589] INFO  impl.RoleInfo (RoleInfo.java:shutdownFollowerState(121)) - d0888866-0bad-4f41-ad37-dccd4a57b958: shutdown FollowerState
2019-09-25 11:42:01,922 [Thread-589] INFO  impl.RaftServerImpl (RaftServerImpl.java:setRole(174)) - d0888866-0bad-4f41-ad37-dccd4a57b958@group-DBE87B3B08CE: changes role from  FOLLOWER to CANDIDATE at term 2 for changeToCandidate
2019-09-25 11:42:01,922 [Thread-589] INFO  impl.RoleInfo (RoleInfo.java:updateAndGet(143)) - d0888866-0bad-4f41-ad37-dccd4a57b958: start LeaderElection
2019-09-25 11:42:01,927 [Thread-608] INFO  impl.FollowerState (FollowerState.java:run(106)) - 8c24ed06-386e-4085-8931-93c762a64530:group-DBE87B3B08CE changes to CANDIDATE, lastRpcTime:5192, electionTimeout:5192ms
2019-09-25 11:42:01,927 [Thread-608] INFO  impl.RoleInfo (RoleInfo.java:shutdownFollowerState(121)) - 8c24ed06-386e-4085-8931-93c762a64530: shutdown FollowerState
2019-09-25 11:42:01,927 [Thread-608] INFO  impl.RaftServerImpl (RaftServerImpl.java:setRole(174)) - 8c24ed06-386e-4085-8931-93c762a64530@group-DBE87B3B08CE: changes role from  FOLLOWER to CANDIDATE at term 2 for changeToCandidate
2019-09-25 11:42:01,927 [Thread-608] INFO  impl.RoleInfo (RoleInfo.java:updateAndGet(143)) - 8c24ed06-386e-4085-8931-93c762a64530: start LeaderElection
2019-09-25 11:42:04,036 [e081c0a5-acfc-4a29-8262-ee158adf5b11@group-BF1BD4D8076C:LeaderElection73] INFO  impl.LeaderElection (LeaderElection.java:askForVotes(182)) - e081c0a5-acfc-4a29-8262-ee158adf5b11@group-BF1BD4D8076C:LeaderElection73: begin an election at term 3 for -1: [e081c0a5-acfc-4a29-8262-ee158adf5b11:192.168.30.6:37941, 19e67e26-3d21-4d01-be9f-29113a4a814c:192.168.30.6:34535, 8c24ed06-386e-4085-8931-93c762a64530:192.168.30.6:32862], old=null
2019-09-25 11:42:04,037 [a7d59ef6-3eca-4628-b097-12d983444e7f@group-F2E0294EDFC2:LeaderElection87] INFO  impl.LeaderElection (LeaderElection.java:askForVotes(182)) - a7d59ef6-3eca-4628-b097-12d983444e7f@group-F2E0294EDFC2:LeaderElection87: begin an election at term 3 for -1: [d0888866-0bad-4f41-ad37-dccd4a57b958:192.168.30.6:45405, a7d59ef6-3eca-4628-b097-12d983444e7f:192.168.30.6:43486, b7064b77-9271-4e94-8225-85d895886efb:192.168.30.6:41519], old=null
2019-09-25 11:42:04,037 [b7064b77-9271-4e94-8225-85d895886efb@group-47DBAAEC82C8:LeaderElection76] INFO  impl.LeaderElection (LeaderElection.java:askForVotes(182)) - b7064b77-9271-4e94-8225-85d895886efb@group-47DBAAEC82C8:LeaderElection76: begin an election at term 3 for -1: [a7d59ef6-3eca-4628-b097-12d983444e7f:192.168.30.6:43486, 8c24ed06-386e-4085-8931-93c762a64530:192.168.30.6:32862, b7064b77-9271-4e94-8225-85d895886efb:192.168.30.6:41519], old=null
2019-09-25 11:42:04,037 [8c24ed06-386e-4085-8931-93c762a64530@group-47DBAAEC82C8:LeaderElection84] INFO  impl.LeaderElection (LeaderElection.java:askForVotes(182)) - 8c24ed06-386e-4085-8931-93c762a64530@group-47DBAAEC82C8:LeaderElection84: begin an election at term 3 for -1: [a7d59ef6-3eca-4628-b097-12d983444e7f:192.168.30.6:43486, 8c24ed06-386e-4085-8931-93c762a64530:192.168.30.6:32862, b7064b77-9271-4e94-8225-85d895886efb:192.168.30.6:41519], old=null
2019-09-25 11:42:04,037 [b7064b77-9271-4e94-8225-85d895886efb@group-CDCB2C8C105A:LeaderElection100] INFO  impl.LeaderElection (LeaderElection.java:askForVotes(182)) - b7064b77-9271-4e94-8225-85d895886efb@group-CDCB2C8C105A:LeaderElection100: begin an election at term 3 for -1: [d0888866-0bad-4f41-ad37-dccd4a57b958:192.168.30.6:45405, 8c24ed06-386e-4085-8931-93c762a64530:192.168.30.6:32862, b7064b77-9271-4e94-8225-85d895886efb:192.168.30.6:41519], old=null
2019-09-25 11:42:04,037 [d0888866-0bad-4f41-ad37-dccd4a57b958@group-CDCB2C8C105A:LeaderElection96] INFO  impl.LeaderElection (LeaderElection.java:askForVotes(182)) - d0888866-0bad-4f41-ad37-dccd4a57b958@group-CDCB2C8C105A:LeaderElection96: begin an election at term 3 for -1: [d0888866-0bad-4f41-ad37-dccd4a57b958:192.168.30.6:45405, 8c24ed06-386e-4085-8931-93c762a64530:192.168.30.6:32862, b7064b77-9271-4e94-8225-85d895886efb:192.168.30.6:41519], old=null
2019-09-25 11:42:04,037 [8c24ed06-386e-4085-8931-93c762a64530@group-B9DEF2EDD277:LeaderElection94] INFO  impl.LeaderElection (LeaderElection.java:askForVotes(182)) - 8c24ed06-386e-4085-8931-93c762a64530@group-B9DEF2EDD277:LeaderElection94: begin an election at term 3 for -1: [19e67e26-3d21-4d01-be9f-29113a4a814c:192.168.30.6:34535, 8c24ed06-386e-4085-8931-93c762a64530:192.168.30.6:32862, b7064b77-9271-4e94-8225-85d895886efb:192.168.30.6:41519], old=null
2019-09-25 11:42:04,037 [19e67e26-3d21-4d01-be9f-29113a4a814c@group-7CC56FB5D3F9:LeaderElection75] INFO  impl.LeaderElection (LeaderElection.java:askForVotes(182)) - 19e67e26-3d21-4d01-be9f-29113a4a814c@group-7CC56FB5D3F9:LeaderElection75: begin an election at term 3 for -1: [e081c0a5-acfc-4a29-8262-ee158adf5b11:192.168.30.6:37941, 19e67e26-3d21-4d01-be9f-29113a4a814c:192.168.30.6:34535, a7d59ef6-3eca-4628-b097-12d983444e7f:192.168.30.6:43486], old=null
2019-09-25 11:42:04,037 [d0888866-0bad-4f41-ad37-dccd4a57b958@group-DBE87B3B08CE:LeaderElection102] INFO  impl.LeaderElection (LeaderElection.java:askForVotes(182)) - d0888866-0bad-4f41-ad37-dccd4a57b958@group-DBE87B3B08CE:LeaderElection102: begin an election at term 3 for -1: [d0888866-0bad-4f41-ad37-dccd4a57b958:192.168.30.6:45405, a7d59ef6-3eca-4628-b097-12d983444e7f:192.168.30.6:43486, 8c24ed06-386e-4085-8931-93c762a64530:192.168.30.6:32862], old=null
2019-09-25 11:42:04,037 [8c24ed06-386e-4085-8931-93c762a64530@group-BF1BD4D8076C:LeaderElection72] INFO  impl.LeaderElection (LeaderElection.java:askForVotes(182)) - 8c24ed06-386e-4085-8931-93c762a64530@group-BF1BD4D8076C:LeaderElection72: begin an election at term 3 for -1: [e081c0a5-acfc-4a29-8262-ee158adf5b11:192.168.30.6:37941, 19e67e26-3d21-4d01-be9f-29113a4a814c:192.168.30.6:34535, 8c24ed06-386e-4085-8931-93c762a64530:192.168.30.6:32862], old=null
2019-09-25 11:42:04,037 [d0888866-0bad-4f41-ad37-dccd4a57b958@group-F2E0294EDFC2:LeaderElection81] INFO  impl.LeaderElection (LeaderElection.java:askForVotes(182)) - d0888866-0bad-4f41-ad37-dccd4a57b958@group-F2E0294EDFC2:LeaderElection81: begin an election at term 3 for -1: [d0888866-0bad-4f41-ad37-dccd4a57b958:192.168.30.6:45405, a7d59ef6-3eca-4628-b097-12d983444e7f:192.168.30.6:43486, b7064b77-9271-4e94-8225-85d895886efb:192.168.30.6:41519], old=null
2019-09-25 11:42:04,036 [8c24ed06-386e-4085-8931-93c762a64530@group-ADB1B60517AF:LeaderElection91] INFO  impl.LeaderElection (LeaderElection.java:askForVotes(182)) - 8c24ed06-386e-4085-8931-93c762a64530@group-ADB1B60517AF:LeaderElection91: begin an election at term 3 for -1: [d0888866-0bad-4f41-ad37-dccd4a57b958:192.168.30.6:45405, 19e67e26-3d21-4d01-be9f-29113a4a814c:192.168.30.6:34535, 8c24ed06-386e-4085-8931-93c762a64530:192.168.30.6:32862], old=null
2019-09-25 11:42:04,036 [8c24ed06-386e-4085-8931-93c762a64530@group-DBE87B3B08CE:LeaderElection103] INFO  impl.LeaderElection (LeaderElection.java:askForVotes(182)) - 8c24ed06-386e-4085-8931-93c762a64530@group-DBE87B3B08CE:LeaderElection103: begin an election at term 3 for -1: [d0888866-0bad-4f41-ad37-dccd4a57b958:192.168.30.6:45405, a7d59ef6-3eca-4628-b097-12d983444e7f:192.168.30.6:43486, 8c24ed06-386e-4085-8931-93c762a64530:192.168.30.6:32862], old=null
2019-09-25 11:42:04,036 [e081c0a5-acfc-4a29-8262-ee158adf5b11@group-071025EF7F78:LeaderElection71] INFO  impl.LeaderElection (LeaderElection.java:askForVotes(182)) - e081c0a5-acfc-4a29-8262-ee158adf5b11@group-071025EF7F78:LeaderElection71: begin an election at term 3 for -1: [e081c0a5-acfc-4a29-8262-ee158adf5b11:192.168.30.6:37941, d0888866-0bad-4f41-ad37-dccd4a57b958:192.168.30.6:45405, 19e67e26-3d21-4d01-be9f-29113a4a814c:192.168.30.6:34535], old=null
2019-09-25 11:42:04,036 [19e67e26-3d21-4d01-be9f-29113a4a814c@group-ADB1B60517AF:LeaderElection80] INFO  impl.LeaderElection (LeaderElection.java:askForVotes(182)) - 19e67e26-3d21-4d01-be9f-29113a4a814c@group-ADB1B60517AF:LeaderElection80: begin an election at term 3 for -1: [d0888866-0bad-4f41-ad37-dccd4a57b958:192.168.30.6:45405, 19e67e26-3d21-4d01-be9f-29113a4a814c:192.168.30.6:34535, 8c24ed06-386e-4085-8931-93c762a64530:192.168.30.6:32862], old=null
2019-09-25 11:42:04,036 [a7d59ef6-3eca-4628-b097-12d983444e7f@group-DBE87B3B08CE:LeaderElection79] INFO  impl.LeaderElection (LeaderElection.java:askForVotes(182)) - a7d59ef6-3eca-4628-b097-12d983444e7f@group-DBE87B3B08CE:LeaderElection79: begin an election at term 3 for -1: [d0888866-0bad-4f41-ad37-dccd4a57b958:192.168.30.6:45405, a7d59ef6-3eca-4628-b097-12d983444e7f:192.168.30.6:43486, 8c24ed06-386e-4085-8931-93c762a64530:192.168.30.6:32862], old=null
2019-09-25 11:42:04,036 [19e67e26-3d21-4d01-be9f-29113a4a814c@group-071025EF7F78:LeaderElection92] INFO  impl.LeaderElection (LeaderElection.java:askForVotes(182)) - 19e67e26-3d21-4d01-be9f-29113a4a814c@group-071025EF7F78:LeaderElection92: begin an election at term 3 for -1: [e081c0a5-acfc-4a29-8262-ee158adf5b11:192.168.30.6:37941, d0888866-0bad-4f41-ad37-dccd4a57b958:192.168.30.6:45405, 19e67e26-3d21-4d01-be9f-29113a4a814c:192.168.30.6:34535], old=null
2019-09-25 11:42:04,036 [a7d59ef6-3eca-4628-b097-12d983444e7f@group-6E9EB1C0F638:LeaderElection85] INFO  impl.LeaderElection (LeaderElection.java:askForVotes(182)) - a7d59ef6-3eca-4628-b097-12d983444e7f@group-6E9EB1C0F638:LeaderElection85: begin an election at term 3 for -1: [e081c0a5-acfc-4a29-8262-ee158adf5b11:192.168.30.6:37941, a7d59ef6-3eca-4628-b097-12d983444e7f:192.168.30.6:43486, b7064b77-9271-4e94-8225-85d895886efb:192.168.30.6:41519], old=null
2019-09-25 11:42:04,036 [b7064b77-9271-4e94-8225-85d895886efb@group-6E9EB1C0F638:LeaderElection90] INFO  impl.LeaderElection (LeaderElection.java:askForVotes(182)) - b7064b77-9271-4e94-8225-85d895886efb@group-6E9EB1C0F638:LeaderElection90: begin an election at term 3 for -1: [e081c0a5-acfc-4a29-8262-ee158adf5b11:192.168.30.6:37941, a7d59ef6-3eca-4628-b097-12d983444e7f:192.168.30.6:43486, b7064b77-9271-4e94-8225-85d895886efb:192.168.30.6:41519], old=null
2019-09-25 11:42:04,036 [d0888866-0bad-4f41-ad37-dccd4a57b958@group-071025EF7F78:LeaderElection97] INFO  impl.LeaderElection (LeaderElection.java:askForVotes(182)) - d0888866-0bad-4f41-ad37-dccd4a57b958@group-071025EF7F78:LeaderElection97: begin an election at term 3 for -1: [e081c0a5-acfc-4a29-8262-ee158adf5b11:192.168.30.6:37941, d0888866-0bad-4f41-ad37-dccd4a57b958:192.168.30.6:45405, 19e67e26-3d21-4d01-be9f-29113a4a814c:192.168.30.6:34535], old=null
2019-09-25 11:42:04,036 [19e67e26-3d21-4d01-be9f-29113a4a814c@group-B9DEF2EDD277:LeaderElection78] INFO  impl.LeaderElection (LeaderElection.java:askForVotes(182)) - 19e67e26-3d21-4d01-be9f-29113a4a814c@group-B9DEF2EDD277:LeaderElection78: begin an election at term 3 for -1: [19e67e26-3d21-4d01-be9f-29113a4a814c:192.168.30.6:34535, 8c24ed06-386e-4085-8931-93c762a64530:192.168.30.6:32862, b7064b77-9271-4e94-8225-85d895886efb:192.168.30.6:41519], old=null
2019-09-25 11:42:04,036 [19e67e26-3d21-4d01-be9f-29113a4a814c@group-BF1BD4D8076C:LeaderElection83] INFO  impl.LeaderElection (LeaderElection.java:askForVotes(182)) - 19e67e26-3d21-4d01-be9f-29113a4a814c@group-BF1BD4D8076C:LeaderElection83: begin an election at term 3 for -1: [e081c0a5-acfc-4a29-8262-ee158adf5b11:192.168.30.6:37941, 19e67e26-3d21-4d01-be9f-29113a4a814c:192.168.30.6:34535, 8c24ed06-386e-4085-8931-93c762a64530:192.168.30.6:32862], old=null
2019-09-25 11:42:04,036 [e081c0a5-acfc-4a29-8262-ee158adf5b11@group-7CC56FB5D3F9:LeaderElection74] INFO  impl.LeaderElection (LeaderElection.java:askForVotes(182)) - e081c0a5-acfc-4a29-8262-ee158adf5b11@group-7CC56FB5D3F9:LeaderElection74: begin an election at term 3 for -1: [e081c0a5-acfc-4a29-8262-ee158adf5b11:192.168.30.6:37941, 19e67e26-3d21-4d01-be9f-29113a4a814c:192.168.30.6:34535, a7d59ef6-3eca-4628-b097-12d983444e7f:192.168.30.6:43486], old=null
2019-09-25 11:42:04,038 [d0888866-0bad-4f41-ad37-dccd4a57b958@group-282EF1BFFEE0:LeaderElection95] INFO  impl.LeaderElection (LeaderElection.java:askForVotes(182)) - d0888866-0bad-4f41-ad37-dccd4a57b958@group-282EF1BFFEE0:LeaderElection95: begin an election at term 3 for -1: [d0888866-0bad-4f41-ad37-dccd4a57b958:192.168.30.6:45405, a7d59ef6-3eca-4628-b097-12d983444e7f:192.168.30.6:43486, b7064b77-9271-4e94-8225-85d895886efb:192.168.30.6:41519], old=null
2019-09-25 11:42:04,038 [b7064b77-9271-4e94-8225-85d895886efb@group-282EF1BFFEE0:LeaderElection93] INFO  impl.LeaderElection (LeaderElection.java:askForVotes(182)) - b7064b77-9271-4e94-8225-85d895886efb@group-282EF1BFFEE0:LeaderElection93: begin an election at term 3 for -1: [d0888866-0bad-4f41-ad37-dccd4a57b958:192.168.30.6:45405, a7d59ef6-3eca-4628-b097-12d983444e7f:192.168.30.6:43486, b7064b77-9271-4e94-8225-85d895886efb:192.168.30.6:41519], old=null
2019-09-25 11:42:04,038 [a7d59ef6-3eca-4628-b097-12d983444e7f@group-47DBAAEC82C8:LeaderElection99] INFO  impl.LeaderElection (LeaderElection.java:askForVotes(182)) - a7d59ef6-3eca-4628-b097-12d983444e7f@group-47DBAAEC82C8:LeaderElection99: begin an election at term 3 for -1: [a7d59ef6-3eca-4628-b097-12d983444e7f:192.168.30.6:43486, 8c24ed06-386e-4085-8931-93c762a64530:192.168.30.6:32862, b7064b77-9271-4e94-8225-85d895886efb:192.168.30.6:41519], old=null
2019-09-25 11:42:04,038 [8c24ed06-386e-4085-8931-93c762a64530@group-CDCB2C8C105A:LeaderElection88] INFO  impl.LeaderElection (LeaderElection.java:askForVotes(182)) - 8c24ed06-386e-4085-8931-93c762a64530@group-CDCB2C8C105A:LeaderElection88: begin an election at term 3 for -1: [d0888866-0bad-4f41-ad37-dccd4a57b958:192.168.30.6:45405, 8c24ed06-386e-4085-8931-93c762a64530:192.168.30.6:32862, b7064b77-9271-4e94-8225-85d895886efb:192.168.30.6:41519], old=null
2019-09-25 11:42:04,037 [d0888866-0bad-4f41-ad37-dccd4a57b958@group-ADB1B60517AF:LeaderElection77] INFO  impl.LeaderElection (LeaderElection.java:askForVotes(182)) - d0888866-0bad-4f41-ad37-dccd4a57b958@group-ADB1B60517AF:LeaderElection77: begin an election at term 3 for -1: [d0888866-0bad-4f41-ad37-dccd4a57b958:192.168.30.6:45405, 19e67e26-3d21-4d01-be9f-29113a4a814c:192.168.30.6:34535, 8c24ed06-386e-4085-8931-93c762a64530:192.168.30.6:32862], old=null
2019-09-25 11:42:04,037 [b7064b77-9271-4e94-8225-85d895886efb@group-B9DEF2EDD277:LeaderElection89] INFO  impl.LeaderElection (LeaderElection.java:askForVotes(182)) - b7064b77-9271-4e94-8225-85d895886efb@group-B9DEF2EDD277:LeaderElection89: begin an election at term 3 for -1: [19e67e26-3d21-4d01-be9f-29113a4a814c:192.168.30.6:34535, 8c24ed06-386e-4085-8931-93c762a64530:192.168.30.6:32862, b7064b77-9271-4e94-8225-85d895886efb:192.168.30.6:41519], old=null
2019-09-25 11:42:04,037 [b7064b77-9271-4e94-8225-85d895886efb@group-F2E0294EDFC2:LeaderElection101] INFO  impl.LeaderElection (LeaderElection.java:askForVotes(182)) - b7064b77-9271-4e94-8225-85d895886efb@group-F2E0294EDFC2:LeaderElection101: begin an election at term 3 for -1: [d0888866-0bad-4f41-ad37-dccd4a57b958:192.168.30.6:45405, a7d59ef6-3eca-4628-b097-12d983444e7f:192.168.30.6:43486, b7064b77-9271-4e94-8225-85d895886efb:192.168.30.6:41519], old=null
2019-09-25 11:42:04,037 [e081c0a5-acfc-4a29-8262-ee158adf5b11@group-6E9EB1C0F638:LeaderElection86] INFO  impl.LeaderElection (LeaderElection.java:askForVotes(182)) - e081c0a5-acfc-4a29-8262-ee158adf5b11@group-6E9EB1C0F638:LeaderElection86: begin an election at term 3 for -1: [e081c0a5-acfc-4a29-8262-ee158adf5b11:192.168.30.6:37941, a7d59ef6-3eca-4628-b097-12d983444e7f:192.168.30.6:43486, b7064b77-9271-4e94-8225-85d895886efb:192.168.30.6:41519], old=null
2019-09-25 11:42:04,037 [a7d59ef6-3eca-4628-b097-12d983444e7f@group-282EF1BFFEE0:LeaderElection98] INFO  impl.LeaderElection (LeaderElection.java:askForVotes(182)) - a7d59ef6-3eca-4628-b097-12d983444e7f@group-282EF1BFFEE0:LeaderElection98: begin an election at term 3 for -1: [d0888866-0bad-4f41-ad37-dccd4a57b958:192.168.30.6:45405, a7d59ef6-3eca-4628-b097-12d983444e7f:192.168.30.6:43486, b7064b77-9271-4e94-8225-85d895886efb:192.168.30.6:41519], old=null
2019-09-25 11:42:04,037 [a7d59ef6-3eca-4628-b097-12d983444e7f@group-7CC56FB5D3F9:LeaderElection82] INFO  impl.LeaderElection (LeaderElection.java:askForVotes(182)) - a7d59ef6-3eca-4628-b097-12d983444e7f@group-7CC56FB5D3F9:LeaderElection82: begin an election at term 3 for -1: [e081c0a5-acfc-4a29-8262-ee158adf5b11:192.168.30.6:37941, 19e67e26-3d21-4d01-be9f-29113a4a814c:192.168.30.6:34535, a7d59ef6-3eca-4628-b097-12d983444e7f:192.168.30.6:43486], old=null
2019-09-25 11:42:04,071 [8c24ed06-386e-4085-8931-93c762a64530@group-B9DEF2EDD277:LeaderElection94] INFO  impl.LeaderElection (LeaderElection.java:logAndReturn(56)) - 8c24ed06-386e-4085-8931-93c762a64530@group-B9DEF2EDD277:LeaderElection94: Election REJECTED; received 2 response(s) [8c24ed06-386e-4085-8931-93c762a64530<-19e67e26-3d21-4d01-be9f-29113a4a814c#0:FAIL-t3, 8c24ed06-386e-4085-8931-93c762a64530<-b7064b77-9271-4e94-8225-85d895886efb#0:FAIL-t3] and 0 exception(s); 8c24ed06-386e-4085-8931-93c762a64530@group-B9DEF2EDD277:t3, leader=null, voted=8c24ed06-386e-4085-8931-93c762a64530, raftlog=8c24ed06-386e-4085-8931-93c762a64530@group-B9DEF2EDD277-SegmentedRaftLog:OPENED:c-1,f-1,i0, conf=-1: [19e67e26-3d21-4d01-be9f-29113a4a814c:192.168.30.6:34535, 8c24ed06-386e-4085-8931-93c762a64530:192.168.30.6:32862, b7064b77-9271-4e94-8225-85d895886efb:192.168.30.6:41519], old=null
2019-09-25 11:42:04,072 [8c24ed06-386e-4085-8931-93c762a64530@group-B9DEF2EDD277:LeaderElection94] INFO  impl.RaftServerImpl (RaftServerImpl.java:setRole(174)) - 8c24ed06-386e-4085-8931-93c762a64530@group-B9DEF2EDD277: changes role from CANDIDATE to FOLLOWER at term 3 for DISCOVERED_A_NEW_TERM
2019-09-25 11:42:04,072 [8c24ed06-386e-4085-8931-93c762a64530@group-B9DEF2EDD277:LeaderElection94] INFO  impl.RoleInfo (RoleInfo.java:shutdownLeaderElection(134)) - 8c24ed06-386e-4085-8931-93c762a64530: shutdown LeaderElection
2019-09-25 11:42:04,072 [19e67e26-3d21-4d01-be9f-29113a4a814c@group-7CC56FB5D3F9:LeaderElection75] INFO  impl.LeaderElection (LeaderElection.java:logAndReturn(56)) - 19e67e26-3d21-4d01-be9f-29113a4a814c@group-7CC56FB5D3F9:LeaderElection75: Election REJECTED; received 2 response(s) [19e67e26-3d21-4d01-be9f-29113a4a814c<-e081c0a5-acfc-4a29-8262-ee158adf5b11#0:FAIL-t3, 19e67e26-3d21-4d01-be9f-29113a4a814c<-a7d59ef6-3eca-4628-b097-12d983444e7f#0:FAIL-t3] and 0 exception(s); 19e67e26-3d21-4d01-be9f-29113a4a814c@group-7CC56FB5D3F9:t3, leader=null, voted=19e67e26-3d21-4d01-be9f-29113a4a814c, raftlog=19e67e26-3d21-4d01-be9f-29113a4a814c@group-7CC56FB5D3F9-SegmentedRaftLog:OPENED:c-1,f-1,i0, conf=-1: [e081c0a5-acfc-4a29-8262-ee158adf5b11:192.168.30.6:37941, 19e67e26-3d21-4d01-be9f-29113a4a814c:192.168.30.6:34535, a7d59ef6-3eca-4628-b097-12d983444e7f:192.168.30.6:43486], old=null
2019-09-25 11:42:04,072 [8c24ed06-386e-4085-8931-93c762a64530@group-B9DEF2EDD277:LeaderElection94] INFO  impl.RoleInfo (RoleInfo.java:updateAndGet(143)) - 8c24ed06-386e-4085-8931-93c762a64530: start FollowerState
2019-09-25 11:42:04,073 [19e67e26-3d21-4d01-be9f-29113a4a814c@group-7CC56FB5D3F9:LeaderElection75] INFO  impl.RaftServerImpl (RaftServerImpl.java:setRole(174)) - 19e67e26-3d21-4d01-be9f-29113a4a814c@group-7CC56FB5D3F9: changes role from CANDIDATE to FOLLOWER at term 3 for DISCOVERED_A_NEW_TERM
2019-09-25 11:42:04,073 [19e67e26-3d21-4d01-be9f-29113a4a814c@group-7CC56FB5D3F9:LeaderElection75] INFO  impl.RoleInfo (RoleInfo.java:shutdownLeaderElection(134)) - 19e67e26-3d21-4d01-be9f-29113a4a814c: shutdown LeaderElection
2019-09-25 11:42:04,073 [19e67e26-3d21-4d01-be9f-29113a4a814c@group-7CC56FB5D3F9:LeaderElection75] INFO  impl.RoleInfo (RoleInfo.java:updateAndGet(143)) - 19e67e26-3d21-4d01-be9f-29113a4a814c: start FollowerState
2019-09-25 11:42:04,074 [a7d59ef6-3eca-4628-b097-12d983444e7f@group-7CC56FB5D3F9:LeaderElection82] INFO  impl.LeaderElection (LeaderElection.java:logAndReturn(56)) - a7d59ef6-3eca-4628-b097-12d983444e7f@group-7CC56FB5D3F9:LeaderElection82: Election REJECTED; received 2 response(s) [a7d59ef6-3eca-4628-b097-12d983444e7f<-e081c0a5-acfc-4a29-8262-ee158adf5b11#0:FAIL-t3, a7d59ef6-3eca-4628-b097-12d983444e7f<-19e67e26-3d21-4d01-be9f-29113a4a814c#0:FAIL-t3] and 0 exception(s); a7d59ef6-3eca-4628-b097-12d983444e7f@group-7CC56FB5D3F9:t3, leader=null, voted=a7d59ef6-3eca-4628-b097-12d983444e7f, raftlog=a7d59ef6-3eca-4628-b097-12d983444e7f@group-7CC56FB5D3F9-SegmentedRaftLog:OPENED:c-1,f-1,i0, conf=-1: [e081c0a5-acfc-4a29-8262-ee158adf5b11:192.168.30.6:37941, 19e67e26-3d21-4d01-be9f-29113a4a814c:192.168.30.6:34535, a7d59ef6-3eca-4628-b097-12d983444e7f:192.168.30.6:43486], old=null
2019-09-25 11:42:04,074 [a7d59ef6-3eca-4628-b097-12d983444e7f@group-7CC56FB5D3F9:LeaderElection82] INFO  impl.RaftServerImpl (RaftServerImpl.java:setRole(174)) - a7d59ef6-3eca-4628-b097-12d983444e7f@group-7CC56FB5D3F9: changes role from CANDIDATE to FOLLOWER at term 3 for DISCOVERED_A_NEW_TERM
2019-09-25 11:42:04,075 [a7d59ef6-3eca-4628-b097-12d983444e7f@group-7CC56FB5D3F9:LeaderElection82] INFO  impl.RoleInfo (RoleInfo.java:shutdownLeaderElection(134)) - a7d59ef6-3eca-4628-b097-12d983444e7f: shutdown LeaderElection
2019-09-25 11:42:04,075 [a7d59ef6-3eca-4628-b097-12d983444e7f@group-7CC56FB5D3F9:LeaderElection82] INFO  impl.RoleInfo (RoleInfo.java:updateAndGet(143)) - a7d59ef6-3eca-4628-b097-12d983444e7f: start FollowerState
2019-09-25 11:42:04,080 [d0888866-0bad-4f41-ad37-dccd4a57b958@group-ADB1B60517AF:LeaderElection77] INFO  impl.LeaderElection (LeaderElection.java:logAndReturn(56)) - d0888866-0bad-4f41-ad37-dccd4a57b958@group-ADB1B60517AF:LeaderElection77: Election REJECTED; received 2 response(s) [d0888866-0bad-4f41-ad37-dccd4a57b958<-19e67e26-3d21-4d01-be9f-29113a4a814c#0:FAIL-t3, d0888866-0bad-4f41-ad37-dccd4a57b958<-8c24ed06-386e-4085-8931-93c762a64530#0:FAIL-t3] and 0 exception(s); d0888866-0bad-4f41-ad37-dccd4a57b958@group-ADB1B60517AF:t3, leader=null, voted=d0888866-0bad-4f41-ad37-dccd4a57b958, raftlog=d0888866-0bad-4f41-ad37-dccd4a57b958@group-ADB1B60517AF-SegmentedRaftLog:OPENED:c-1,f-1,i0, conf=-1: [d0888866-0bad-4f41-ad37-dccd4a57b958:192.168.30.6:45405, 19e67e26-3d21-4d01-be9f-29113a4a814c:192.168.30.6:34535, 8c24ed06-386e-4085-8931-93c762a64530:192.168.30.6:32862], old=null
2019-09-25 11:42:04,081 [d0888866-0bad-4f41-ad37-dccd4a57b958@group-ADB1B60517AF:LeaderElection77] INFO  impl.RaftServerImpl (RaftServerImpl.java:setRole(174)) - d0888866-0bad-4f41-ad37-dccd4a57b958@group-ADB1B60517AF: changes role from CANDIDATE to FOLLOWER at term 3 for DISCOVERED_A_NEW_TERM
2019-09-25 11:42:04,081 [b7064b77-9271-4e94-8225-85d895886efb@group-47DBAAEC82C8:LeaderElection76] INFO  impl.LeaderElection (LeaderElection.java:logAndReturn(56)) - b7064b77-9271-4e94-8225-85d895886efb@group-47DBAAEC82C8:LeaderElection76: Election REJECTED; received 2 response(s) [b7064b77-9271-4e94-8225-85d895886efb<-a7d59ef6-3eca-4628-b097-12d983444e7f#0:FAIL-t3, b7064b77-9271-4e94-8225-85d895886efb<-8c24ed06-386e-4085-8931-93c762a64530#0:FAIL-t3] and 0 exception(s); b7064b77-9271-4e94-8225-85d895886efb@group-47DBAAEC82C8:t3, leader=null, voted=b7064b77-9271-4e94-8225-85d895886efb, raftlog=b7064b77-9271-4e94-8225-85d895886efb@group-47DBAAEC82C8-SegmentedRaftLog:OPENED:c-1,f-1,i0, conf=-1: [a7d59ef6-3eca-4628-b097-12d983444e7f:192.168.30.6:43486, 8c24ed06-386e-4085-8931-93c762a64530:192.168.30.6:32862, b7064b77-9271-4e94-8225-85d895886efb:192.168.30.6:41519], old=null
2019-09-25 11:42:04,081 [b7064b77-9271-4e94-8225-85d895886efb@group-282EF1BFFEE0:LeaderElection93] INFO  impl.LeaderElection (LeaderElection.java:logAndReturn(56)) - b7064b77-9271-4e94-8225-85d895886efb@group-282EF1BFFEE0:LeaderElection93: Election REJECTED; received 2 response(s) [b7064b77-9271-4e94-8225-85d895886efb<-d0888866-0bad-4f41-ad37-dccd4a57b958#0:FAIL-t3, b7064b77-9271-4e94-8225-85d895886efb<-a7d59ef6-3eca-4628-b097-12d983444e7f#0:FAIL-t3] and 0 exception(s); b7064b77-9271-4e94-8225-85d895886efb@group-282EF1BFFEE0:t3, leader=null, voted=b7064b77-9271-4e94-8225-85d895886efb, raftlog=b7064b77-9271-4e94-8225-85d895886efb@group-282EF1BFFEE0-SegmentedRaftLog:OPENED:c-1,f-1,i0, conf=-1: [d0888866-0bad-4f41-ad37-dccd4a57b958:192.168.30.6:45405, a7d59ef6-3eca-4628-b097-12d983444e7f:192.168.30.6:43486, b7064b77-9271-4e94-8225-85d895886efb:192.168.30.6:41519], old=null
2019-09-25 11:42:04,081 [d0888866-0bad-4f41-ad37-dccd4a57b958@group-ADB1B60517AF:LeaderElection77] INFO  impl.RoleInfo (RoleInfo.java:shutdownLeaderElection(134)) - d0888866-0bad-4f41-ad37-dccd4a57b958: shutdown LeaderElection
2019-09-25 11:42:04,082 [b7064b77-9271-4e94-8225-85d895886efb@group-282EF1BFFEE0:LeaderElection93] INFO  impl.RaftServerImpl (RaftServerImpl.java:setRole(174)) - b7064b77-9271-4e94-8225-85d895886efb@group-282EF1BFFEE0: changes role from CANDIDATE to FOLLOWER at term 3 for DISCOVERED_A_NEW_TERM
2019-09-25 11:42:04,082 [d0888866-0bad-4f41-ad37-dccd4a57b958@group-ADB1B60517AF:LeaderElection77] INFO  impl.RoleInfo (RoleInfo.java:updateAndGet(143)) - d0888866-0bad-4f41-ad37-dccd4a57b958: start FollowerState
2019-09-25 11:42:04,082 [19e67e26-3d21-4d01-be9f-29113a4a814c@group-B9DEF2EDD277:LeaderElection78] INFO  impl.LeaderElection (LeaderElection.java:logAndReturn(56)) - 19e67e26-3d21-4d01-be9f-29113a4a814c@group-B9DEF2EDD277:LeaderElection78: Election REJECTED; received 2 response(s) [19e67e26-3d21-4d01-be9f-29113a4a814c<-8c24ed06-386e-4085-8931-93c762a64530#0:FAIL-t3, 19e67e26-3d21-4d01-be9f-29113a4a814c<-b7064b77-9271-4e94-8225-85d895886efb#0:FAIL-t3] and 0 exception(s); 19e67e26-3d21-4d01-be9f-29113a4a814c@group-B9DEF2EDD277:t3, leader=null, voted=19e67e26-3d21-4d01-be9f-29113a4a814c, raftlog=19e67e26-3d21-4d01-be9f-29113a4a814c@group-B9DEF2EDD277-SegmentedRaftLog:OPENED:c-1,f-1,i0, conf=-1: [19e67e26-3d21-4d01-be9f-29113a4a814c:192.168.30.6:34535, 8c24ed06-386e-4085-8931-93c762a64530:192.168.30.6:32862, b7064b77-9271-4e94-8225-85d895886efb:192.168.30.6:41519], old=null
2019-09-25 11:42:04,081 [b7064b77-9271-4e94-8225-85d895886efb@group-47DBAAEC82C8:LeaderElection76] INFO  impl.RaftServerImpl (RaftServerImpl.java:setRole(174)) - b7064b77-9271-4e94-8225-85d895886efb@group-47DBAAEC82C8: changes role from CANDIDATE to FOLLOWER at term 3 for DISCOVERED_A_NEW_TERM
2019-09-25 11:42:04,082 [19e67e26-3d21-4d01-be9f-29113a4a814c@group-B9DEF2EDD277:LeaderElection78] INFO  impl.RaftServerImpl (RaftServerImpl.java:setRole(174)) - 19e67e26-3d21-4d01-be9f-29113a4a814c@group-B9DEF2EDD277: changes role from CANDIDATE to FOLLOWER at term 3 for DISCOVERED_A_NEW_TERM
2019-09-25 11:42:04,082 [b7064b77-9271-4e94-8225-85d895886efb@group-282EF1BFFEE0:LeaderElection93] INFO  impl.RoleInfo (RoleInfo.java:shutdownLeaderElection(134)) - b7064b77-9271-4e94-8225-85d895886efb: shutdown LeaderElection
2019-09-25 11:42:04,083 [8c24ed06-386e-4085-8931-93c762a64530@group-47DBAAEC82C8:LeaderElection84] INFO  impl.LeaderElection (LeaderElection.java:logAndReturn(56)) - 8c24ed06-386e-4085-8931-93c762a64530@group-47DBAAEC82C8:LeaderElection84: Election REJECTED; received 2 response(s) [8c24ed06-386e-4085-8931-93c762a64530<-a7d59ef6-3eca-4628-b097-12d983444e7f#0:FAIL-t3, 8c24ed06-386e-4085-8931-93c762a64530<-b7064b77-9271-4e94-8225-85d895886efb#0:FAIL-t3] and 0 exception(s); 8c24ed06-386e-4085-8931-93c762a64530@group-47DBAAEC82C8:t3, leader=null, voted=8c24ed06-386e-4085-8931-93c762a64530, raftlog=8c24ed06-386e-4085-8931-93c762a64530@group-47DBAAEC82C8-SegmentedRaftLog:OPENED:c-1,f-1,i0, conf=-1: [a7d59ef6-3eca-4628-b097-12d983444e7f:192.168.30.6:43486, 8c24ed06-386e-4085-8931-93c762a64530:192.168.30.6:32862, b7064b77-9271-4e94-8225-85d895886efb:192.168.30.6:41519], old=null
2019-09-25 11:42:04,083 [19e67e26-3d21-4d01-be9f-29113a4a814c@group-B9DEF2EDD277:LeaderElection78] INFO  impl.RoleInfo (RoleInfo.java:shutdownLeaderElection(134)) - 19e67e26-3d21-4d01-be9f-29113a4a814c: shutdown LeaderElection
2019-09-25 11:42:04,083 [e081c0a5-acfc-4a29-8262-ee158adf5b11@group-071025EF7F78:LeaderElection71] INFO  impl.LeaderElection (LeaderElection.java:logAndReturn(56)) - e081c0a5-acfc-4a29-8262-ee158adf5b11@group-071025EF7F78:LeaderElection71: Election REJECTED; received 2 response(s) [e081c0a5-acfc-4a29-8262-ee158adf5b11<-d0888866-0bad-4f41-ad37-dccd4a57b958#0:FAIL-t3, e081c0a5-acfc-4a29-8262-ee158adf5b11<-19e67e26-3d21-4d01-be9f-29113a4a814c#0:FAIL-t3] and 0 exception(s); e081c0a5-acfc-4a29-8262-ee158adf5b11@group-071025EF7F78:t3, leader=null, voted=e081c0a5-acfc-4a29-8262-ee158adf5b11, raftlog=e081c0a5-acfc-4a29-8262-ee158adf5b11@group-071025EF7F78-SegmentedRaftLog:OPENED:c-1,f-1,i0, conf=-1: [e081c0a5-acfc-4a29-8262-ee158adf5b11:192.168.30.6:37941, d0888866-0bad-4f41-ad37-dccd4a57b958:192.168.30.6:45405, 19e67e26-3d21-4d01-be9f-29113a4a814c:192.168.30.6:34535], old=null
2019-09-25 11:42:04,083 [b7064b77-9271-4e94-8225-85d895886efb@group-47DBAAEC82C8:LeaderElection76] INFO  impl.RoleInfo (RoleInfo.java:shutdownLeaderElection(134)) - b7064b77-9271-4e94-8225-85d895886efb: shutdown LeaderElection
2019-09-25 11:42:04,084 [e081c0a5-acfc-4a29-8262-ee158adf5b11@group-071025EF7F78:LeaderElection71] INFO  impl.RaftServerImpl (RaftServerImpl.java:setRole(174)) - e081c0a5-acfc-4a29-8262-ee158adf5b11@group-071025EF7F78: changes role from CANDIDATE to FOLLOWER at term 3 for DISCOVERED_A_NEW_TERM
2019-09-25 11:42:04,084 [d0888866-0bad-4f41-ad37-dccd4a57b958@group-071025EF7F78:LeaderElection97] INFO  impl.LeaderElection (LeaderElection.java:logAndReturn(56)) - d0888866-0bad-4f41-ad37-dccd4a57b958@group-071025EF7F78:LeaderElection97: Election REJECTED; received 2 response(s) [d0888866-0bad-4f41-ad37-dccd4a57b958<-e081c0a5-acfc-4a29-8262-ee158adf5b11#0:FAIL-t3, d0888866-0bad-4f41-ad37-dccd4a57b958<-19e67e26-3d21-4d01-be9f-29113a4a814c#0:FAIL-t3] and 0 exception(s); d0888866-0bad-4f41-ad37-dccd4a57b958@group-071025EF7F78:t3, leader=null, voted=d0888866-0bad-4f41-ad37-dccd4a57b958, raftlog=d0888866-0bad-4f41-ad37-dccd4a57b958@group-071025EF7F78-SegmentedRaftLog:OPENED:c-1,f-1,i0, conf=-1: [e081c0a5-acfc-4a29-8262-ee158adf5b11:192.168.30.6:37941, d0888866-0bad-4f41-ad37-dccd4a57b958:192.168.30.6:45405, 19e67e26-3d21-4d01-be9f-29113a4a814c:192.168.30.6:34535], old=null
2019-09-25 11:42:04,084 [e081c0a5-acfc-4a29-8262-ee158adf5b11@group-6E9EB1C0F638:LeaderElection86] INFO  impl.LeaderElection (LeaderElection.java:logAndReturn(56)) - e081c0a5-acfc-4a29-8262-ee158adf5b11@group-6E9EB1C0F638:LeaderElection86: Election REJECTED; received 2 response(s) [e081c0a5-acfc-4a29-8262-ee158adf5b11<-a7d59ef6-3eca-4628-b097-12d983444e7f#0:FAIL-t3, e081c0a5-acfc-4a29-8262-ee158adf5b11<-b7064b77-9271-4e94-8225-85d895886efb#0:FAIL-t3] and 0 exception(s); e081c0a5-acfc-4a29-8262-ee158adf5b11@group-6E9EB1C0F638:t3, leader=null, voted=e081c0a5-acfc-4a29-8262-ee158adf5b11, raftlog=e081c0a5-acfc-4a29-8262-ee158adf5b11@group-6E9EB1C0F638-SegmentedRaftLog:OPENED:c-1,f-1,i0, conf=-1: [e081c0a5-acfc-4a29-8262-ee158adf5b11:192.168.30.6:37941, a7d59ef6-3eca-4628-b097-12d983444e7f:192.168.30.6:43486, b7064b77-9271-4e94-8225-85d895886efb:192.168.30.6:41519], old=null
2019-09-25 11:42:04,083 [19e67e26-3d21-4d01-be9f-29113a4a814c@group-B9DEF2EDD277:LeaderElection78] INFO  impl.RoleInfo (RoleInfo.java:updateAndGet(143)) - 19e67e26-3d21-4d01-be9f-29113a4a814c: start FollowerState
2019-09-25 11:42:04,083 [8c24ed06-386e-4085-8931-93c762a64530@group-47DBAAEC82C8:LeaderElection84] INFO  impl.RaftServerImpl (RaftServerImpl.java:setRole(174)) - 8c24ed06-386e-4085-8931-93c762a64530@group-47DBAAEC82C8: changes role from CANDIDATE to FOLLOWER at term 3 for DISCOVERED_A_NEW_TERM
2019-09-25 11:42:04,083 [a7d59ef6-3eca-4628-b097-12d983444e7f@group-DBE87B3B08CE:LeaderElection79] INFO  impl.LeaderElection (LeaderElection.java:logAndReturn(56)) - a7d59ef6-3eca-4628-b097-12d983444e7f@group-DBE87B3B08CE:LeaderElection79: Election REJECTED; received 2 response(s) [a7d59ef6-3eca-4628-b097-12d983444e7f<-d0888866-0bad-4f41-ad37-dccd4a57b958#0:FAIL-t3, a7d59ef6-3eca-4628-b097-12d983444e7f<-8c24ed06-386e-4085-8931-93c762a64530#0:FAIL-t3] and 0 exception(s); a7d59ef6-3eca-4628-b097-12d983444e7f@group-DBE87B3B08CE:t3, leader=null, voted=a7d59ef6-3eca-4628-b097-12d983444e7f, raftlog=a7d59ef6-3eca-4628-b097-12d983444e7f@group-DBE87B3B08CE-SegmentedRaftLog:OPENED:c-1,f-1,i0, conf=-1: [d0888866-0bad-4f41-ad37-dccd4a57b958:192.168.30.6:45405, a7d59ef6-3eca-4628-b097-12d983444e7f:192.168.30.6:43486, 8c24ed06-386e-4085-8931-93c762a64530:192.168.30.6:32862], old=null
2019-09-25 11:42:04,083 [b7064b77-9271-4e94-8225-85d895886efb@group-282EF1BFFEE0:LeaderElection93] INFO  impl.RoleInfo (RoleInfo.java:updateAndGet(143)) - b7064b77-9271-4e94-8225-85d895886efb: start FollowerState
2019-09-25 11:42:04,085 [a7d59ef6-3eca-4628-b097-12d983444e7f@group-DBE87B3B08CE:LeaderElection79] INFO  impl.RaftServerImpl (RaftServerImpl.java:setRole(174)) - a7d59ef6-3eca-4628-b097-12d983444e7f@group-DBE87B3B08CE: changes role from CANDIDATE to FOLLOWER at term 3 for DISCOVERED_A_NEW_TERM
2019-09-25 11:42:04,086 [a7d59ef6-3eca-4628-b097-12d983444e7f@group-DBE87B3B08CE:LeaderElection79] INFO  impl.RoleInfo (RoleInfo.java:shutdownLeaderElection(134)) - a7d59ef6-3eca-4628-b097-12d983444e7f: shutdown LeaderElection
2019-09-25 11:42:04,085 [8c24ed06-386e-4085-8931-93c762a64530@group-47DBAAEC82C8:LeaderElection84] INFO  impl.RoleInfo (RoleInfo.java:shutdownLeaderElection(134)) - 8c24ed06-386e-4085-8931-93c762a64530: shutdown LeaderElection
2019-09-25 11:42:04,085 [e081c0a5-acfc-4a29-8262-ee158adf5b11@group-6E9EB1C0F638:LeaderElection86] INFO  impl.RaftServerImpl (RaftServerImpl.java:setRole(174)) - e081c0a5-acfc-4a29-8262-ee158adf5b11@group-6E9EB1C0F638: changes role from CANDIDATE to FOLLOWER at term 3 for DISCOVERED_A_NEW_TERM
2019-09-25 11:42:04,085 [a7d59ef6-3eca-4628-b097-12d983444e7f@group-47DBAAEC82C8:LeaderElection99] INFO  impl.LeaderElection (LeaderElection.java:logAndReturn(56)) - a7d59ef6-3eca-4628-b097-12d983444e7f@group-47DBAAEC82C8:LeaderElection99: Election REJECTED; received 2 response(s) [a7d59ef6-3eca-4628-b097-12d983444e7f<-8c24ed06-386e-4085-8931-93c762a64530#0:FAIL-t3, a7d59ef6-3eca-4628-b097-12d983444e7f<-b7064b77-9271-4e94-8225-85d895886efb#0:FAIL-t3] and 0 exception(s); a7d59ef6-3eca-4628-b097-12d983444e7f@group-47DBAAEC82C8:t3, leader=null, voted=a7d59ef6-3eca-4628-b097-12d983444e7f, raftlog=a7d59ef6-3eca-4628-b097-12d983444e7f@group-47DBAAEC82C8-SegmentedRaftLog:OPENED:c-1,f-1,i0, conf=-1: [a7d59ef6-3eca-4628-b097-12d983444e7f:192.168.30.6:43486, 8c24ed06-386e-4085-8931-93c762a64530:192.168.30.6:32862, b7064b77-9271-4e94-8225-85d895886efb:192.168.30.6:41519], old=null
2019-09-25 11:42:04,084 [d0888866-0bad-4f41-ad37-dccd4a57b958@group-071025EF7F78:LeaderElection97] INFO  impl.RaftServerImpl (RaftServerImpl.java:setRole(174)) - d0888866-0bad-4f41-ad37-dccd4a57b958@group-071025EF7F78: changes role from CANDIDATE to FOLLOWER at term 3 for DISCOVERED_A_NEW_TERM
2019-09-25 11:42:04,084 [b7064b77-9271-4e94-8225-85d895886efb@group-B9DEF2EDD277:LeaderElection89] INFO  impl.LeaderElection (LeaderElection.java:logAndReturn(56)) - b7064b77-9271-4e94-8225-85d895886efb@group-B9DEF2EDD277:LeaderElection89: Election REJECTED; received 2 response(s) [b7064b77-9271-4e94-8225-85d895886efb<-19e67e26-3d21-4d01-be9f-29113a4a814c#0:FAIL-t3, b7064b77-9271-4e94-8225-85d895886efb<-8c24ed06-386e-4085-8931-93c762a64530#0:FAIL-t3] and 0 exception(s); b7064b77-9271-4e94-8225-85d895886efb@group-B9DEF2EDD277:t3, leader=null, voted=b7064b77-9271-4e94-8225-85d895886efb, raftlog=b7064b77-9271-4e94-8225-85d895886efb@group-B9DEF2EDD277-SegmentedRaftLog:OPENED:c-1,f-1,i0, conf=-1: [19e67e26-3d21-4d01-be9f-29113a4a814c:192.168.30.6:34535, 8c24ed06-386e-4085-8931-93c762a64530:192.168.30.6:32862, b7064b77-9271-4e94-8225-85d895886efb:192.168.30.6:41519], old=null
2019-09-25 11:42:04,084 [a7d59ef6-3eca-4628-b097-12d983444e7f@group-282EF1BFFEE0:LeaderElection98] INFO  impl.LeaderElection (LeaderElection.java:logAndReturn(56)) - a7d59ef6-3eca-4628-b097-12d983444e7f@group-282EF1BFFEE0:LeaderElection98: Election REJECTED; received 2 response(s) [a7d59ef6-3eca-4628-b097-12d983444e7f<-d0888866-0bad-4f41-ad37-dccd4a57b958#0:FAIL-t3, a7d59ef6-3eca-4628-b097-12d983444e7f<-b7064b77-9271-4e94-8225-85d895886efb#0:FAIL-t3] and 0 exception(s); a7d59ef6-3eca-4628-b097-12d983444e7f@group-282EF1BFFEE0:t3, leader=null, voted=a7d59ef6-3eca-4628-b097-12d983444e7f, raftlog=a7d59ef6-3eca-4628-b097-12d983444e7f@group-282EF1BFFEE0-SegmentedRaftLog:OPENED:c-1,f-1,i0, conf=-1: [d0888866-0bad-4f41-ad37-dccd4a57b958:192.168.30.6:45405, a7d59ef6-3eca-4628-b097-12d983444e7f:192.168.30.6:43486, b7064b77-9271-4e94-8225-85d895886efb:192.168.30.6:41519], old=null
2019-09-25 11:42:04,084 [e081c0a5-acfc-4a29-8262-ee158adf5b11@group-071025EF7F78:LeaderElection71] INFO  impl.RoleInfo (RoleInfo.java:shutdownLeaderElection(134)) - e081c0a5-acfc-4a29-8262-ee158adf5b11: shutdown LeaderElection
2019-09-25 11:42:04,087 [a7d59ef6-3eca-4628-b097-12d983444e7f@group-282EF1BFFEE0:LeaderElection98] INFO  impl.RaftServerImpl (RaftServerImpl.java:setRole(174)) - a7d59ef6-3eca-4628-b097-12d983444e7f@group-282EF1BFFEE0: changes role from CANDIDATE to FOLLOWER at term 3 for DISCOVERED_A_NEW_TERM
2019-09-25 11:42:04,087 [8c24ed06-386e-4085-8931-93c762a64530@group-ADB1B60517AF:LeaderElection91] INFO  impl.LeaderElection (LeaderElection.java:logAndReturn(56)) - 8c24ed06-386e-4085-8931-93c762a64530@group-ADB1B60517AF:LeaderElection91: Election REJECTED; received 2 response(s) [8c24ed06-386e-4085-8931-93c762a64530<-d0888866-0bad-4f41-ad37-dccd4a57b958#0:FAIL-t3, 8c24ed06-386e-4085-8931-93c762a64530<-19e67e26-3d21-4d01-be9f-29113a4a814c#0:FAIL-t3] and 0 exception(s); 8c24ed06-386e-4085-8931-93c762a64530@group-ADB1B60517AF:t3, leader=null, voted=8c24ed06-386e-4085-8931-93c762a64530, raftlog=8c24ed06-386e-4085-8931-93c762a64530@group-ADB1B60517AF-SegmentedRaftLog:OPENED:c-1,f-1,i0, conf=-1: [d0888866-0bad-4f41-ad37-dccd4a57b958:192.168.30.6:45405, 19e67e26-3d21-4d01-be9f-29113a4a814c:192.168.30.6:34535, 8c24ed06-386e-4085-8931-93c762a64530:192.168.30.6:32862], old=null
2019-09-25 11:42:04,084 [b7064b77-9271-4e94-8225-85d895886efb@group-47DBAAEC82C8:LeaderElection76] INFO  impl.RoleInfo (RoleInfo.java:updateAndGet(143)) - b7064b77-9271-4e94-8225-85d895886efb: start FollowerState
2019-09-25 11:42:04,084 [e081c0a5-acfc-4a29-8262-ee158adf5b11@group-7CC56FB5D3F9:LeaderElection74] INFO  impl.LeaderElection (LeaderElection.java:logAndReturn(56)) - e081c0a5-acfc-4a29-8262-ee158adf5b11@group-7CC56FB5D3F9:LeaderElection74: Election REJECTED; received 2 response(s) [e081c0a5-acfc-4a29-8262-ee158adf5b11<-19e67e26-3d21-4d01-be9f-29113a4a814c#0:FAIL-t3, e081c0a5-acfc-4a29-8262-ee158adf5b11<-a7d59ef6-3eca-4628-b097-12d983444e7f#0:FAIL-t3] and 0 exception(s); e081c0a5-acfc-4a29-8262-ee158adf5b11@group-7CC56FB5D3F9:t3, leader=null, voted=e081c0a5-acfc-4a29-8262-ee158adf5b11, raftlog=e081c0a5-acfc-4a29-8262-ee158adf5b11@group-7CC56FB5D3F9-SegmentedRaftLog:OPENED:c-1,f-1,i0, conf=-1: [e081c0a5-acfc-4a29-8262-ee158adf5b11:192.168.30.6:37941, 19e67e26-3d21-4d01-be9f-29113a4a814c:192.168.30.6:34535, a7d59ef6-3eca-4628-b097-12d983444e7f:192.168.30.6:43486], old=null
2019-09-25 11:42:04,088 [8c24ed06-386e-4085-8931-93c762a64530@group-BF1BD4D8076C:LeaderElection72] INFO  impl.LeaderElection (LeaderElection.java:logAndReturn(56)) - 8c24ed06-386e-4085-8931-93c762a64530@group-BF1BD4D8076C:LeaderElection72: Election REJECTED; received 2 response(s) [8c24ed06-386e-4085-8931-93c762a64530<-e081c0a5-acfc-4a29-8262-ee158adf5b11#0:FAIL-t3, 8c24ed06-386e-4085-8931-93c762a64530<-19e67e26-3d21-4d01-be9f-29113a4a814c#0:FAIL-t3] and 0 exception(s); 8c24ed06-386e-4085-8931-93c762a64530@group-BF1BD4D8076C:t3, leader=null, voted=8c24ed06-386e-4085-8931-93c762a64530, raftlog=8c24ed06-386e-4085-8931-93c762a64530@group-BF1BD4D8076C-SegmentedRaftLog:OPENED:c-1,f-1,i0, conf=-1: [e081c0a5-acfc-4a29-8262-ee158adf5b11:192.168.30.6:37941, 19e67e26-3d21-4d01-be9f-29113a4a814c:192.168.30.6:34535, 8c24ed06-386e-4085-8931-93c762a64530:192.168.30.6:32862], old=null
2019-09-25 11:42:04,087 [8c24ed06-386e-4085-8931-93c762a64530@group-ADB1B60517AF:LeaderElection91] INFO  impl.RaftServerImpl (RaftServerImpl.java:setRole(174)) - 8c24ed06-386e-4085-8931-93c762a64530@group-ADB1B60517AF: changes role from CANDIDATE to FOLLOWER at term 3 for DISCOVERED_A_NEW_TERM
2019-09-25 11:42:04,087 [d0888866-0bad-4f41-ad37-dccd4a57b958@group-F2E0294EDFC2:LeaderElection81] INFO  impl.LeaderElection (LeaderElection.java:logAndReturn(56)) - d0888866-0bad-4f41-ad37-dccd4a57b958@group-F2E0294EDFC2:LeaderElection81: Election REJECTED; received 2 response(s) [d0888866-0bad-4f41-ad37-dccd4a57b958<-a7d59ef6-3eca-4628-b097-12d983444e7f#0:FAIL-t3, d0888866-0bad-4f41-ad37-dccd4a57b958<-b7064b77-9271-4e94-8225-85d895886efb#0:FAIL-t3] and 0 exception(s); d0888866-0bad-4f41-ad37-dccd4a57b958@group-F2E0294EDFC2:t3, leader=null, voted=d0888866-0bad-4f41-ad37-dccd4a57b958, raftlog=d0888866-0bad-4f41-ad37-dccd4a57b958@group-F2E0294EDFC2-SegmentedRaftLog:OPENED:c-1,f-1,i0, conf=-1: [d0888866-0bad-4f41-ad37-dccd4a57b958:192.168.30.6:45405, a7d59ef6-3eca-4628-b097-12d983444e7f:192.168.30.6:43486, b7064b77-9271-4e94-8225-85d895886efb:192.168.30.6:41519], old=null
2019-09-25 11:42:04,087 [a7d59ef6-3eca-4628-b097-12d983444e7f@group-282EF1BFFEE0:LeaderElection98] INFO  impl.RoleInfo (RoleInfo.java:shutdownLeaderElection(134)) - a7d59ef6-3eca-4628-b097-12d983444e7f: shutdown LeaderElection
2019-09-25 11:42:04,087 [d0888866-0bad-4f41-ad37-dccd4a57b958@group-282EF1BFFEE0:LeaderElection95] INFO  impl.LeaderElection (LeaderElection.java:logAndReturn(56)) - d0888866-0bad-4f41-ad37-dccd4a57b958@group-282EF1BFFEE0:LeaderElection95: Election REJECTED; received 2 response(s) [d0888866-0bad-4f41-ad37-dccd4a57b958<-a7d59ef6-3eca-4628-b097-12d983444e7f#0:FAIL-t3, d0888866-0bad-4f41-ad37-dccd4a57b958<-b7064b77-9271-4e94-8225-85d895886efb#0:FAIL-t3] and 0 exception(s); d0888866-0bad-4f41-ad37-dccd4a57b958@group-282EF1BFFEE0:t3, leader=null, voted=d0888866-0bad-4f41-ad37-dccd4a57b958, raftlog=d0888866-0bad-4f41-ad37-dccd4a57b958@group-282EF1BFFEE0-SegmentedRaftLog:OPENED:c-1,f-1,i0, conf=-1: [d0888866-0bad-4f41-ad37-dccd4a57b958:192.168.30.6:45405, a7d59ef6-3eca-4628-b097-12d983444e7f:192.168.30.6:43486, b7064b77-9271-4e94-8225-85d895886efb:192.168.30.6:41519], old=null
2019-09-25 11:42:04,087 [e081c0a5-acfc-4a29-8262-ee158adf5b11@group-071025EF7F78:LeaderElection71] INFO  impl.RoleInfo (RoleInfo.java:updateAndGet(143)) - e081c0a5-acfc-4a29-8262-ee158adf5b11: start FollowerState
2019-09-25 11:42:04,087 [d0888866-0bad-4f41-ad37-dccd4a57b958@group-DBE87B3B08CE:LeaderElection102] INFO  impl.LeaderElection (LeaderElection.java:logAndReturn(56)) - d0888866-0bad-4f41-ad37-dccd4a57b958@group-DBE87B3B08CE:LeaderElection102: Election REJECTED; received 2 response(s) [d0888866-0bad-4f41-ad37-dccd4a57b958<-a7d59ef6-3eca-4628-b097-12d983444e7f#0:FAIL-t3, d0888866-0bad-4f41-ad37-dccd4a57b958<-8c24ed06-386e-4085-8931-93c762a64530#0:FAIL-t3] and 0 exception(s); d0888866-0bad-4f41-ad37-dccd4a57b958@group-DBE87B3B08CE:t3, leader=null, voted=d0888866-0bad-4f41-ad37-dccd4a57b958, raftlog=d0888866-0bad-4f41-ad37-dccd4a57b958@group-DBE87B3B08CE-SegmentedRaftLog:OPENED:c-1,f-1,i0, conf=-1: [d0888866-0bad-4f41-ad37-dccd4a57b958:192.168.30.6:45405, a7d59ef6-3eca-4628-b097-12d983444e7f:192.168.30.6:43486, 8c24ed06-386e-4085-8931-93c762a64530:192.168.30.6:32862], old=null
2019-09-25 11:42:04,087 [e081c0a5-acfc-4a29-8262-ee158adf5b11@group-BF1BD4D8076C:LeaderElection73] INFO  impl.LeaderElection (LeaderElection.java:logAndReturn(56)) - e081c0a5-acfc-4a29-8262-ee158adf5b11@group-BF1BD4D8076C:LeaderElection73: Election REJECTED; received 2 response(s) [e081c0a5-acfc-4a29-8262-ee158adf5b11<-19e67e26-3d21-4d01-be9f-29113a4a814c#0:FAIL-t3, e081c0a5-acfc-4a29-8262-ee158adf5b11<-8c24ed06-386e-4085-8931-93c762a64530#0:FAIL-t3] and 0 exception(s); e081c0a5-acfc-4a29-8262-ee158adf5b11@group-BF1BD4D8076C:t3, leader=null, voted=e081c0a5-acfc-4a29-8262-ee158adf5b11, raftlog=e081c0a5-acfc-4a29-8262-ee158adf5b11@group-BF1BD4D8076C-SegmentedRaftLog:OPENED:c-1,f-1,i0, conf=-1: [e081c0a5-acfc-4a29-8262-ee158adf5b11:192.168.30.6:37941, 19e67e26-3d21-4d01-be9f-29113a4a814c:192.168.30.6:34535, 8c24ed06-386e-4085-8931-93c762a64530:192.168.30.6:32862], old=null
2019-09-25 11:42:04,087 [b7064b77-9271-4e94-8225-85d895886efb@group-B9DEF2EDD277:LeaderElection89] INFO  impl.RaftServerImpl (RaftServerImpl.java:setRole(174)) - b7064b77-9271-4e94-8225-85d895886efb@group-B9DEF2EDD277: changes role from CANDIDATE to FOLLOWER at term 3 for DISCOVERED_A_NEW_TERM
2019-09-25 11:42:04,086 [d0888866-0bad-4f41-ad37-dccd4a57b958@group-071025EF7F78:LeaderElection97] INFO  impl.RoleInfo (RoleInfo.java:shutdownLeaderElection(134)) - d0888866-0bad-4f41-ad37-dccd4a57b958: shutdown LeaderElection
2019-09-25 11:42:04,086 [a7d59ef6-3eca-4628-b097-12d983444e7f@group-47DBAAEC82C8:LeaderElection99] INFO  impl.RaftServerImpl (RaftServerImpl.java:setRole(174)) - a7d59ef6-3eca-4628-b097-12d983444e7f@group-47DBAAEC82C8: changes role from CANDIDATE to FOLLOWER at term 3 for DISCOVERED_A_NEW_TERM
2019-09-25 11:42:04,086 [e081c0a5-acfc-4a29-8262-ee158adf5b11@group-6E9EB1C0F638:LeaderElection86] INFO  impl.RoleInfo (RoleInfo.java:shutdownLeaderElection(134)) - e081c0a5-acfc-4a29-8262-ee158adf5b11: shutdown LeaderElection
2019-09-25 11:42:04,086 [8c24ed06-386e-4085-8931-93c762a64530@group-47DBAAEC82C8:LeaderElection84] INFO  impl.RoleInfo (RoleInfo.java:updateAndGet(143)) - 8c24ed06-386e-4085-8931-93c762a64530: start FollowerState
2019-09-25 11:42:04,086 [a7d59ef6-3eca-4628-b097-12d983444e7f@group-DBE87B3B08CE:LeaderElection79] INFO  impl.RoleInfo (RoleInfo.java:updateAndGet(143)) - a7d59ef6-3eca-4628-b097-12d983444e7f: start FollowerState
2019-09-25 11:42:04,090 [b7064b77-9271-4e94-8225-85d895886efb@group-F2E0294EDFC2:LeaderElection101] INFO  impl.LeaderElection (LeaderElection.java:logAndReturn(56)) - b7064b77-9271-4e94-8225-85d895886efb@group-F2E0294EDFC2:LeaderElection101: Election REJECTED; received 2 response(s) [b7064b77-9271-4e94-8225-85d895886efb<-d0888866-0bad-4f41-ad37-dccd4a57b958#0:FAIL-t3, b7064b77-9271-4e94-8225-85d895886efb<-a7d59ef6-3eca-4628-b097-12d983444e7f#0:FAIL-t3] and 0 exception(s); b7064b77-9271-4e94-8225-85d895886efb@group-F2E0294EDFC2:t3, leader=null, voted=b7064b77-9271-4e94-8225-85d895886efb, raftlog=b7064b77-9271-4e94-8225-85d895886efb@group-F2E0294EDFC2-SegmentedRaftLog:OPENED:c-1,f-1,i0, conf=-1: [d0888866-0bad-4f41-ad37-dccd4a57b958:192.168.30.6:45405, a7d59ef6-3eca-4628-b097-12d983444e7f:192.168.30.6:43486, b7064b77-9271-4e94-8225-85d895886efb:192.168.30.6:41519], old=null
2019-09-25 11:42:04,090 [e081c0a5-acfc-4a29-8262-ee158adf5b11@group-6E9EB1C0F638:LeaderElection86] INFO  impl.RoleInfo (RoleInfo.java:updateAndGet(143)) - e081c0a5-acfc-4a29-8262-ee158adf5b11: start FollowerState
2019-09-25 11:42:04,090 [a7d59ef6-3eca-4628-b097-12d983444e7f@group-47DBAAEC82C8:LeaderElection99] INFO  impl.RoleInfo (RoleInfo.java:shutdownLeaderElection(134)) - a7d59ef6-3eca-4628-b097-12d983444e7f: shutdown LeaderElection
2019-09-25 11:42:04,090 [d0888866-0bad-4f41-ad37-dccd4a57b958@group-071025EF7F78:LeaderElection97] INFO  impl.RoleInfo (RoleInfo.java:updateAndGet(143)) - d0888866-0bad-4f41-ad37-dccd4a57b958: start FollowerState
2019-09-25 11:42:04,090 [b7064b77-9271-4e94-8225-85d895886efb@group-B9DEF2EDD277:LeaderElection89] INFO  impl.RoleInfo (RoleInfo.java:shutdownLeaderElection(134)) - b7064b77-9271-4e94-8225-85d895886efb: shutdown LeaderElection
2019-09-25 11:42:04,090 [e081c0a5-acfc-4a29-8262-ee158adf5b11@group-BF1BD4D8076C:LeaderElection73] INFO  impl.RaftServerImpl (RaftServerImpl.java:setRole(174)) - e081c0a5-acfc-4a29-8262-ee158adf5b11@group-BF1BD4D8076C: changes role from CANDIDATE to FOLLOWER at term 3 for DISCOVERED_A_NEW_TERM
2019-09-25 11:42:04,089 [d0888866-0bad-4f41-ad37-dccd4a57b958@group-DBE87B3B08CE:LeaderElection102] INFO  impl.RaftServerImpl (RaftServerImpl.java:setRole(174)) - d0888866-0bad-4f41-ad37-dccd4a57b958@group-DBE87B3B08CE: changes role from CANDIDATE to FOLLOWER at term 3 for DISCOVERED_A_NEW_TERM
2019-09-25 11:42:04,089 [19e67e26-3d21-4d01-be9f-29113a4a814c@group-BF1BD4D8076C:LeaderElection83] INFO  impl.LeaderElection (LeaderElection.java:logAndReturn(56)) - 19e67e26-3d21-4d01-be9f-29113a4a814c@group-BF1BD4D8076C:LeaderElection83: Election REJECTED; received 2 response(s) [19e67e26-3d21-4d01-be9f-29113a4a814c<-e081c0a5-acfc-4a29-8262-ee158adf5b11#0:FAIL-t3, 19e67e26-3d21-4d01-be9f-29113a4a814c<-8c24ed06-386e-4085-8931-93c762a64530#0:FAIL-t3] and 0 exception(s); 19e67e26-3d21-4d01-be9f-29113a4a814c@group-BF1BD4D8076C:t3, leader=null, voted=19e67e26-3d21-4d01-be9f-29113a4a814c, raftlog=19e67e26-3d21-4d01-be9f-29113a4a814c@group-BF1BD4D8076C-SegmentedRaftLog:OPENED:c-1,f-1,i0, conf=-1: [e081c0a5-acfc-4a29-8262-ee158adf5b11:192.168.30.6:37941, 19e67e26-3d21-4d01-be9f-29113a4a814c:192.168.30.6:34535, 8c24ed06-386e-4085-8931-93c762a64530:192.168.30.6:32862], old=null
2019-09-25 11:42:04,089 [d0888866-0bad-4f41-ad37-dccd4a57b958@group-282EF1BFFEE0:LeaderElection95] INFO  impl.RaftServerImpl (RaftServerImpl.java:setRole(174)) - d0888866-0bad-4f41-ad37-dccd4a57b958@group-282EF1BFFEE0: changes role from CANDIDATE to FOLLOWER at term 3 for DISCOVERED_A_NEW_TERM
2019-09-25 11:42:04,089 [a7d59ef6-3eca-4628-b097-12d983444e7f@group-282EF1BFFEE0:LeaderElection98] INFO  impl.RoleInfo (RoleInfo.java:updateAndGet(143)) - a7d59ef6-3eca-4628-b097-12d983444e7f: start FollowerState
2019-09-25 11:42:04,088 [d0888866-0bad-4f41-ad37-dccd4a57b958@group-F2E0294EDFC2:LeaderElection81] INFO  impl.RaftServerImpl (RaftServerImpl.java:setRole(174)) - d0888866-0bad-4f41-ad37-dccd4a57b958@group-F2E0294EDFC2: changes role from CANDIDATE to FOLLOWER at term 3 for DISCOVERED_A_NEW_TERM
2019-09-25 11:42:04,088 [8c24ed06-386e-4085-8931-93c762a64530@group-ADB1B60517AF:LeaderElection91] INFO  impl.RoleInfo (RoleInfo.java:shutdownLeaderElection(134)) - 8c24ed06-386e-4085-8931-93c762a64530: shutdown LeaderElection
2019-09-25 11:42:04,092 [a7d59ef6-3eca-4628-b097-12d983444e7f@group-6E9EB1C0F638:LeaderElection85] INFO  impl.LeaderElection (LeaderElection.java:logAndReturn(56)) - a7d59ef6-3eca-4628-b097-12d983444e7f@group-6E9EB1C0F638:LeaderElection85: Election REJECTED; received 2 response(s) [a7d59ef6-3eca-4628-b097-12d983444e7f<-e081c0a5-acfc-4a29-8262-ee158adf5b11#0:FAIL-t3, a7d59ef6-3eca-4628-b097-12d983444e7f<-b7064b77-9271-4e94-8225-85d895886efb#0:FAIL-t3] and 0 exception(s); a7d59ef6-3eca-4628-b097-12d983444e7f@group-6E9EB1C0F638:t3, leader=null, voted=a7d59ef6-3eca-4628-b097-12d983444e7f, raftlog=a7d59ef6-3eca-4628-b097-12d983444e7f@group-6E9EB1C0F638-SegmentedRaftLog:OPENED:c-1,f-1,i0, conf=-1: [e081c0a5-acfc-4a29-8262-ee158adf5b11:192.168.30.6:37941, a7d59ef6-3eca-4628-b097-12d983444e7f:192.168.30.6:43486, b7064b77-9271-4e94-8225-85d895886efb:192.168.30.6:41519], old=null
2019-09-25 11:42:04,088 [8c24ed06-386e-4085-8931-93c762a64530@group-BF1BD4D8076C:LeaderElection72] INFO  impl.RaftServerImpl (RaftServerImpl.java:setRole(174)) - 8c24ed06-386e-4085-8931-93c762a64530@group-BF1BD4D8076C: changes role from CANDIDATE to FOLLOWER at term 3 for DISCOVERED_A_NEW_TERM
2019-09-25 11:42:04,088 [e081c0a5-acfc-4a29-8262-ee158adf5b11@group-7CC56FB5D3F9:LeaderElection74] INFO  impl.RaftServerImpl (RaftServerImpl.java:setRole(174)) - e081c0a5-acfc-4a29-8262-ee158adf5b11@group-7CC56FB5D3F9: changes role from CANDIDATE to FOLLOWER at term 3 for DISCOVERED_A_NEW_TERM
2019-09-25 11:42:04,093 [e081c0a5-acfc-4a29-8262-ee158adf5b11@group-7CC56FB5D3F9:LeaderElection74] INFO  impl.RoleInfo (RoleInfo.java:shutdownLeaderElection(134)) - e081c0a5-acfc-4a29-8262-ee158adf5b11: shutdown LeaderElection
2019-09-25 11:42:04,088 [8c24ed06-386e-4085-8931-93c762a64530@group-DBE87B3B08CE:LeaderElection103] INFO  impl.LeaderElection (LeaderElection.java:logAndReturn(56)) - 8c24ed06-386e-4085-8931-93c762a64530@group-DBE87B3B08CE:LeaderElection103: Election REJECTED; received 2 response(s) [8c24ed06-386e-4085-8931-93c762a64530<-d0888866-0bad-4f41-ad37-dccd4a57b958#0:FAIL-t3, 8c24ed06-386e-4085-8931-93c762a64530<-a7d59ef6-3eca-4628-b097-12d983444e7f#0:FAIL-t3] and 0 exception(s); 8c24ed06-386e-4085-8931-93c762a64530@group-DBE87B3B08CE:t3, leader=null, voted=8c24ed06-386e-4085-8931-93c762a64530, raftlog=8c24ed06-386e-4085-8931-93c762a64530@group-DBE87B3B08CE-SegmentedRaftLog:OPENED:c-1,f-1,i0, conf=-1: [d0888866-0bad-4f41-ad37-dccd4a57b958:192.168.30.6:45405, a7d59ef6-3eca-4628-b097-12d983444e7f:192.168.30.6:43486, 8c24ed06-386e-4085-8931-93c762a64530:192.168.30.6:32862], old=null
2019-09-25 11:42:04,093 [8c24ed06-386e-4085-8931-93c762a64530@group-CDCB2C8C105A:LeaderElection88] INFO  impl.LeaderElection (LeaderElection.java:logAndReturn(56)) - 8c24ed06-386e-4085-8931-93c762a64530@group-CDCB2C8C105A:LeaderElection88: Election REJECTED; received 2 response(s) [8c24ed06-386e-4085-8931-93c762a64530<-d0888866-0bad-4f41-ad37-dccd4a57b958#0:FAIL-t3, 8c24ed06-386e-4085-8931-93c762a64530<-b7064b77-9271-4e94-8225-85d895886efb#0:FAIL-t3] and 0 exception(s); 8c24ed06-386e-4085-8931-93c762a64530@group-CDCB2C8C105A:t3, leader=null, voted=8c24ed06-386e-4085-8931-93c762a64530, raftlog=8c24ed06-386e-4085-8931-93c762a64530@group-CDCB2C8C105A-SegmentedRaftLog:OPENED:c-1,f-1,i0, conf=-1: [d0888866-0bad-4f41-ad37-dccd4a57b958:192.168.30.6:45405, 8c24ed06-386e-4085-8931-93c762a64530:192.168.30.6:32862, b7064b77-9271-4e94-8225-85d895886efb:192.168.30.6:41519], old=null
2019-09-25 11:42:04,093 [e081c0a5-acfc-4a29-8262-ee158adf5b11@group-7CC56FB5D3F9:LeaderElection74] INFO  impl.RoleInfo (RoleInfo.java:updateAndGet(143)) - e081c0a5-acfc-4a29-8262-ee158adf5b11: start FollowerState
2019-09-25 11:42:04,093 [8c24ed06-386e-4085-8931-93c762a64530@group-BF1BD4D8076C:LeaderElection72] INFO  impl.RoleInfo (RoleInfo.java:shutdownLeaderElection(134)) - 8c24ed06-386e-4085-8931-93c762a64530: shutdown LeaderElection
2019-09-25 11:42:04,093 [a7d59ef6-3eca-4628-b097-12d983444e7f@group-6E9EB1C0F638:LeaderElection85] INFO  impl.RaftServerImpl (RaftServerImpl.java:setRole(174)) - a7d59ef6-3eca-4628-b097-12d983444e7f@group-6E9EB1C0F638: changes role from CANDIDATE to FOLLOWER at term 3 for DISCOVERED_A_NEW_TERM
2019-09-25 11:42:04,092 [8c24ed06-386e-4085-8931-93c762a64530@group-ADB1B60517AF:LeaderElection91] INFO  impl.RoleInfo (RoleInfo.java:updateAndGet(143)) - 8c24ed06-386e-4085-8931-93c762a64530: start FollowerState
2019-09-25 11:42:04,092 [a7d59ef6-3eca-4628-b097-12d983444e7f@group-F2E0294EDFC2:LeaderElection87] INFO  impl.LeaderElection (LeaderElection.java:logAndReturn(56)) - a7d59ef6-3eca-4628-b097-12d983444e7f@group-F2E0294EDFC2:LeaderElection87: Election REJECTED; received 2 response(s) [a7d59ef6-3eca-4628-b097-12d983444e7f<-d0888866-0bad-4f41-ad37-dccd4a57b958#0:FAIL-t3, a7d59ef6-3eca-4628-b097-12d983444e7f<-b7064b77-9271-4e94-8225-85d895886efb#0:FAIL-t3] and 0 exception(s); a7d59ef6-3eca-4628-b097-12d983444e7f@group-F2E0294EDFC2:t3, leader=null, voted=a7d59ef6-3eca-4628-b097-12d983444e7f, raftlog=a7d59ef6-3eca-4628-b097-12d983444e7f@group-F2E0294EDFC2-SegmentedRaftLog:OPENED:c-1,f-1,i0, conf=-1: [d0888866-0bad-4f41-ad37-dccd4a57b958:192.168.30.6:45405, a7d59ef6-3eca-4628-b097-12d983444e7f:192.168.30.6:43486, b7064b77-9271-4e94-8225-85d895886efb:192.168.30.6:41519], old=null
2019-09-25 11:42:04,092 [d0888866-0bad-4f41-ad37-dccd4a57b958@group-F2E0294EDFC2:LeaderElection81] INFO  impl.RoleInfo (RoleInfo.java:shutdownLeaderElection(134)) - d0888866-0bad-4f41-ad37-dccd4a57b958: shutdown LeaderElection
2019-09-25 11:42:04,092 [d0888866-0bad-4f41-ad37-dccd4a57b958@group-282EF1BFFEE0:LeaderElection95] INFO  impl.RoleInfo (RoleInfo.java:shutdownLeaderElection(134)) - d0888866-0bad-4f41-ad37-dccd4a57b958: shutdown LeaderElection
2019-09-25 11:42:04,092 [19e67e26-3d21-4d01-be9f-29113a4a814c@group-BF1BD4D8076C:LeaderElection83] INFO  impl.RaftServerImpl (RaftServerImpl.java:setRole(174)) - 19e67e26-3d21-4d01-be9f-29113a4a814c@group-BF1BD4D8076C: changes role from CANDIDATE to FOLLOWER at term 3 for DISCOVERED_A_NEW_TERM
2019-09-25 11:42:04,092 [d0888866-0bad-4f41-ad37-dccd4a57b958@group-DBE87B3B08CE:LeaderElection102] INFO  impl.RoleInfo (RoleInfo.java:shutdownLeaderElection(134)) - d0888866-0bad-4f41-ad37-dccd4a57b958: shutdown LeaderElection
2019-09-25 11:42:04,091 [b7064b77-9271-4e94-8225-85d895886efb@group-CDCB2C8C105A:LeaderElection100] INFO  impl.LeaderElection (LeaderElection.java:logAndReturn(56)) - b7064b77-9271-4e94-8225-85d895886efb@group-CDCB2C8C105A:LeaderElection100: Election REJECTED; received 2 response(s) [b7064b77-9271-4e94-8225-85d895886efb<-d0888866-0bad-4f41-ad37-dccd4a57b958#0:FAIL-t3, b7064b77-9271-4e94-8225-85d895886efb<-8c24ed06-386e-4085-8931-93c762a64530#0:FAIL-t3] and 0 exception(s); b7064b77-9271-4e94-8225-85d895886efb@group-CDCB2C8C105A:t3, leader=null, voted=b7064b77-9271-4e94-8225-85d895886efb, raftlog=b7064b77-9271-4e94-8225-85d895886efb@group-CDCB2C8C105A-SegmentedRaftLog:OPENED:c-1,f-1,i0, conf=-1: [d0888866-0bad-4f41-ad37-dccd4a57b958:192.168.30.6:45405, 8c24ed06-386e-4085-8931-93c762a64530:192.168.30.6:32862, b7064b77-9271-4e94-8225-85d895886efb:192.168.30.6:41519], old=null
2019-09-25 11:42:04,091 [e081c0a5-acfc-4a29-8262-ee158adf5b11@group-BF1BD4D8076C:LeaderElection73] INFO  impl.RoleInfo (RoleInfo.java:shutdownLeaderElection(134)) - e081c0a5-acfc-4a29-8262-ee158adf5b11: shutdown LeaderElection
2019-09-25 11:42:04,091 [b7064b77-9271-4e94-8225-85d895886efb@group-B9DEF2EDD277:LeaderElection89] INFO  impl.RoleInfo (RoleInfo.java:updateAndGet(143)) - b7064b77-9271-4e94-8225-85d895886efb: start FollowerState
2019-09-25 11:42:04,091 [a7d59ef6-3eca-4628-b097-12d983444e7f@group-47DBAAEC82C8:LeaderElection99] INFO  impl.RoleInfo (RoleInfo.java:updateAndGet(143)) - a7d59ef6-3eca-4628-b097-12d983444e7f: start FollowerState
2019-09-25 11:42:04,091 [b7064b77-9271-4e94-8225-85d895886efb@group-F2E0294EDFC2:LeaderElection101] INFO  impl.RaftServerImpl (RaftServerImpl.java:setRole(174)) - b7064b77-9271-4e94-8225-85d895886efb@group-F2E0294EDFC2: changes role from CANDIDATE to FOLLOWER at term 3 for DISCOVERED_A_NEW_TERM
2019-09-25 11:42:04,095 [e081c0a5-acfc-4a29-8262-ee158adf5b11@group-BF1BD4D8076C:LeaderElection73] INFO  impl.RoleInfo (RoleInfo.java:updateAndGet(143)) - e081c0a5-acfc-4a29-8262-ee158adf5b11: start FollowerState
2019-09-25 11:42:04,095 [b7064b77-9271-4e94-8225-85d895886efb@group-CDCB2C8C105A:LeaderElection100] INFO  impl.RaftServerImpl (RaftServerImpl.java:setRole(174)) - b7064b77-9271-4e94-8225-85d895886efb@group-CDCB2C8C105A: changes role from CANDIDATE to FOLLOWER at term 3 for DISCOVERED_A_NEW_TERM
2019-09-25 11:42:04,096 [b7064b77-9271-4e94-8225-85d895886efb@group-CDCB2C8C105A:LeaderElection100] INFO  impl.RoleInfo (RoleInfo.java:shutdownLeaderElection(134)) - b7064b77-9271-4e94-8225-85d895886efb: shutdown LeaderElection
2019-09-25 11:42:04,095 [b7064b77-9271-4e94-8225-85d895886efb@group-6E9EB1C0F638:LeaderElection90] INFO  impl.LeaderElection (LeaderElection.java:logAndReturn(56)) - b7064b77-9271-4e94-8225-85d895886efb@group-6E9EB1C0F638:LeaderElection90: Election REJECTED; received 2 response(s) [b7064b77-9271-4e94-8225-85d895886efb<-e081c0a5-acfc-4a29-8262-ee158adf5b11#0:FAIL-t3, b7064b77-9271-4e94-8225-85d895886efb<-a7d59ef6-3eca-4628-b097-12d983444e7f#0:FAIL-t3] and 0 exception(s); b7064b77-9271-4e94-8225-85d895886efb@group-6E9EB1C0F638:t3, leader=null, voted=b7064b77-9271-4e94-8225-85d895886efb, raftlog=b7064b77-9271-4e94-8225-85d895886efb@group-6E9EB1C0F638-SegmentedRaftLog:OPENED:c-1,f-1,i0, conf=-1: [e081c0a5-acfc-4a29-8262-ee158adf5b11:192.168.30.6:37941, a7d59ef6-3eca-4628-b097-12d983444e7f:192.168.30.6:43486, b7064b77-9271-4e94-8225-85d895886efb:192.168.30.6:41519], old=null
2019-09-25 11:42:04,095 [d0888866-0bad-4f41-ad37-dccd4a57b958@group-DBE87B3B08CE:LeaderElection102] INFO  impl.RoleInfo (RoleInfo.java:updateAndGet(143)) - d0888866-0bad-4f41-ad37-dccd4a57b958: start FollowerState
2019-09-25 11:42:04,095 [19e67e26-3d21-4d01-be9f-29113a4a814c@group-071025EF7F78:LeaderElection92] INFO  impl.LeaderElection (LeaderElection.java:logAndReturn(56)) - 19e67e26-3d21-4d01-be9f-29113a4a814c@group-071025EF7F78:LeaderElection92: Election REJECTED; received 2 response(s) [19e67e26-3d21-4d01-be9f-29113a4a814c<-e081c0a5-acfc-4a29-8262-ee158adf5b11#0:FAIL-t3, 19e67e26-3d21-4d01-be9f-29113a4a814c<-d0888866-0bad-4f41-ad37-dccd4a57b958#0:FAIL-t3] and 0 exception(s); 19e67e26-3d21-4d01-be9f-29113a4a814c@group-071025EF7F78:t3, leader=null, voted=19e67e26-3d21-4d01-be9f-29113a4a814c, raftlog=19e67e26-3d21-4d01-be9f-29113a4a814c@group-071025EF7F78-SegmentedRaftLog:OPENED:c-1,f-1,i0, conf=-1: [e081c0a5-acfc-4a29-8262-ee158adf5b11:192.168.30.6:37941, d0888866-0bad-4f41-ad37-dccd4a57b958:192.168.30.6:45405, 19e67e26-3d21-4d01-be9f-29113a4a814c:192.168.30.6:34535], old=null
2019-09-25 11:42:04,095 [19e67e26-3d21-4d01-be9f-29113a4a814c@group-BF1BD4D8076C:LeaderElection83] INFO  impl.RoleInfo (RoleInfo.java:shutdownLeaderElection(134)) - 19e67e26-3d21-4d01-be9f-29113a4a814c: shutdown LeaderElection
2019-09-25 11:42:04,095 [d0888866-0bad-4f41-ad37-dccd4a57b958@group-282EF1BFFEE0:LeaderElection95] INFO  impl.RoleInfo (RoleInfo.java:updateAndGet(143)) - d0888866-0bad-4f41-ad37-dccd4a57b958: start FollowerState
2019-09-25 11:42:04,095 [19e67e26-3d21-4d01-be9f-29113a4a814c@group-ADB1B60517AF:LeaderElection80] INFO  impl.LeaderElection (LeaderElection.java:logAndReturn(56)) - 19e67e26-3d21-4d01-be9f-29113a4a814c@group-ADB1B60517AF:LeaderElection80: Election REJECTED; received 2 response(s) [19e67e26-3d21-4d01-be9f-29113a4a814c<-d0888866-0bad-4f41-ad37-dccd4a57b958#0:FAIL-t3, 19e67e26-3d21-4d01-be9f-29113a4a814c<-8c24ed06-386e-4085-8931-93c762a64530#0:FAIL-t3] and 0 exception(s); 19e67e26-3d21-4d01-be9f-29113a4a814c@group-ADB1B60517AF:t3, leader=null, voted=19e67e26-3d21-4d01-be9f-29113a4a814c, raftlog=19e67e26-3d21-4d01-be9f-29113a4a814c@group-ADB1B60517AF-SegmentedRaftLog:OPENED:c-1,f-1,i0, conf=-1: [d0888866-0bad-4f41-ad37-dccd4a57b958:192.168.30.6:45405, 19e67e26-3d21-4d01-be9f-29113a4a814c:192.168.30.6:34535, 8c24ed06-386e-4085-8931-93c762a64530:192.168.30.6:32862], old=null
2019-09-25 11:42:04,094 [d0888866-0bad-4f41-ad37-dccd4a57b958@group-F2E0294EDFC2:LeaderElection81] INFO  impl.RoleInfo (RoleInfo.java:updateAndGet(143)) - d0888866-0bad-4f41-ad37-dccd4a57b958: start FollowerState
2019-09-25 11:42:04,094 [a7d59ef6-3eca-4628-b097-12d983444e7f@group-F2E0294EDFC2:LeaderElection87] INFO  impl.RaftServerImpl (RaftServerImpl.java:setRole(174)) - a7d59ef6-3eca-4628-b097-12d983444e7f@group-F2E0294EDFC2: changes role from CANDIDATE to FOLLOWER at term 3 for DISCOVERED_A_NEW_TERM
2019-09-25 11:42:04,094 [a7d59ef6-3eca-4628-b097-12d983444e7f@group-6E9EB1C0F638:LeaderElection85] INFO  impl.RoleInfo (RoleInfo.java:shutdownLeaderElection(134)) - a7d59ef6-3eca-4628-b097-12d983444e7f: shutdown LeaderElection
2019-09-25 11:42:04,094 [8c24ed06-386e-4085-8931-93c762a64530@group-BF1BD4D8076C:LeaderElection72] INFO  impl.RoleInfo (RoleInfo.java:updateAndGet(143)) - 8c24ed06-386e-4085-8931-93c762a64530: start FollowerState
2019-09-25 11:42:04,098 [a7d59ef6-3eca-4628-b097-12d983444e7f@group-6E9EB1C0F638:LeaderElection85] INFO  impl.RoleInfo (RoleInfo.java:updateAndGet(143)) - a7d59ef6-3eca-4628-b097-12d983444e7f: start FollowerState
2019-09-25 11:42:04,094 [8c24ed06-386e-4085-8931-93c762a64530@group-CDCB2C8C105A:LeaderElection88] INFO  impl.RaftServerImpl (RaftServerImpl.java:setRole(174)) - 8c24ed06-386e-4085-8931-93c762a64530@group-CDCB2C8C105A: changes role from CANDIDATE to FOLLOWER at term 3 for DISCOVERED_A_NEW_TERM
2019-09-25 11:42:04,093 [d0888866-0bad-4f41-ad37-dccd4a57b958@group-CDCB2C8C105A:LeaderElection96] INFO  impl.LeaderElection (LeaderElection.java:logAndReturn(56)) - d0888866-0bad-4f41-ad37-dccd4a57b958@group-CDCB2C8C105A:LeaderElection96: Election REJECTED; received 2 response(s) [d0888866-0bad-4f41-ad37-dccd4a57b958<-8c24ed06-386e-4085-8931-93c762a64530#0:FAIL-t3, d0888866-0bad-4f41-ad37-dccd4a57b958<-b7064b77-9271-4e94-8225-85d895886efb#0:FAIL-t3] and 0 exception(s); d0888866-0bad-4f41-ad37-dccd4a57b958@group-CDCB2C8C105A:t3, leader=null, voted=d0888866-0bad-4f41-ad37-dccd4a57b958, raftlog=d0888866-0bad-4f41-ad37-dccd4a57b958@group-CDCB2C8C105A-SegmentedRaftLog:OPENED:c-1,f-1,i0, conf=-1: [d0888866-0bad-4f41-ad37-dccd4a57b958:192.168.30.6:45405, 8c24ed06-386e-4085-8931-93c762a64530:192.168.30.6:32862, b7064b77-9271-4e94-8225-85d895886efb:192.168.30.6:41519], old=null
2019-09-25 11:42:04,093 [8c24ed06-386e-4085-8931-93c762a64530@group-DBE87B3B08CE:LeaderElection103] INFO  impl.RaftServerImpl (RaftServerImpl.java:setRole(174)) - 8c24ed06-386e-4085-8931-93c762a64530@group-DBE87B3B08CE: changes role from CANDIDATE to FOLLOWER at term 3 for DISCOVERED_A_NEW_TERM
2019-09-25 11:42:04,098 [d0888866-0bad-4f41-ad37-dccd4a57b958@group-CDCB2C8C105A:LeaderElection96] INFO  impl.RaftServerImpl (RaftServerImpl.java:setRole(174)) - d0888866-0bad-4f41-ad37-dccd4a57b958@group-CDCB2C8C105A: changes role from CANDIDATE to FOLLOWER at term 3 for DISCOVERED_A_NEW_TERM
2019-09-25 11:42:04,098 [8c24ed06-386e-4085-8931-93c762a64530@group-CDCB2C8C105A:LeaderElection88] INFO  impl.RoleInfo (RoleInfo.java:shutdownLeaderElection(134)) - 8c24ed06-386e-4085-8931-93c762a64530: shutdown LeaderElection
2019-09-25 11:42:04,097 [a7d59ef6-3eca-4628-b097-12d983444e7f@group-F2E0294EDFC2:LeaderElection87] INFO  impl.RoleInfo (RoleInfo.java:shutdownLeaderElection(134)) - a7d59ef6-3eca-4628-b097-12d983444e7f: shutdown LeaderElection
2019-09-25 11:42:04,097 [19e67e26-3d21-4d01-be9f-29113a4a814c@group-ADB1B60517AF:LeaderElection80] INFO  impl.RaftServerImpl (RaftServerImpl.java:setRole(174)) - 19e67e26-3d21-4d01-be9f-29113a4a814c@group-ADB1B60517AF: changes role from CANDIDATE to FOLLOWER at term 3 for DISCOVERED_A_NEW_TERM
2019-09-25 11:42:04,099 [19e67e26-3d21-4d01-be9f-29113a4a814c@group-ADB1B60517AF:LeaderElection80] INFO  impl.RoleInfo (RoleInfo.java:shutdownLeaderElection(134)) - 19e67e26-3d21-4d01-be9f-29113a4a814c: shutdown LeaderElection
2019-09-25 11:42:04,097 [19e67e26-3d21-4d01-be9f-29113a4a814c@group-BF1BD4D8076C:LeaderElection83] INFO  impl.RoleInfo (RoleInfo.java:updateAndGet(143)) - 19e67e26-3d21-4d01-be9f-29113a4a814c: start FollowerState
2019-09-25 11:42:04,096 [19e67e26-3d21-4d01-be9f-29113a4a814c@group-071025EF7F78:LeaderElection92] INFO  impl.RaftServerImpl (RaftServerImpl.java:setRole(174)) - 19e67e26-3d21-4d01-be9f-29113a4a814c@group-071025EF7F78: changes role from CANDIDATE to FOLLOWER at term 3 for DISCOVERED_A_NEW_TERM
2019-09-25 11:42:04,099 [19e67e26-3d21-4d01-be9f-29113a4a814c@group-071025EF7F78:LeaderElection92] INFO  impl.RoleInfo (RoleInfo.java:shutdownLeaderElection(134)) - 19e67e26-3d21-4d01-be9f-29113a4a814c: shutdown LeaderElection
2019-09-25 11:42:04,096 [b7064b77-9271-4e94-8225-85d895886efb@group-6E9EB1C0F638:LeaderElection90] INFO  impl.RaftServerImpl (RaftServerImpl.java:setRole(174)) - b7064b77-9271-4e94-8225-85d895886efb@group-6E9EB1C0F638: changes role from CANDIDATE to FOLLOWER at term 3 for DISCOVERED_A_NEW_TERM
2019-09-25 11:42:04,096 [b7064b77-9271-4e94-8225-85d895886efb@group-CDCB2C8C105A:LeaderElection100] INFO  impl.RoleInfo (RoleInfo.java:updateAndGet(143)) - b7064b77-9271-4e94-8225-85d895886efb: start FollowerState
2019-09-25 11:42:04,096 [b7064b77-9271-4e94-8225-85d895886efb@group-F2E0294EDFC2:LeaderElection101] INFO  impl.RoleInfo (RoleInfo.java:shutdownLeaderElection(134)) - b7064b77-9271-4e94-8225-85d895886efb: shutdown LeaderElection
2019-09-25 11:42:04,099 [b7064b77-9271-4e94-8225-85d895886efb@group-6E9EB1C0F638:LeaderElection90] INFO  impl.RoleInfo (RoleInfo.java:shutdownLeaderElection(134)) - b7064b77-9271-4e94-8225-85d895886efb: shutdown LeaderElection
2019-09-25 11:42:04,099 [19e67e26-3d21-4d01-be9f-29113a4a814c@group-071025EF7F78:LeaderElection92] INFO  impl.RoleInfo (RoleInfo.java:updateAndGet(143)) - 19e67e26-3d21-4d01-be9f-29113a4a814c: start FollowerState
2019-09-25 11:42:04,099 [19e67e26-3d21-4d01-be9f-29113a4a814c@group-ADB1B60517AF:LeaderElection80] INFO  impl.RoleInfo (RoleInfo.java:updateAndGet(143)) - 19e67e26-3d21-4d01-be9f-29113a4a814c: start FollowerState
2019-09-25 11:42:04,099 [a7d59ef6-3eca-4628-b097-12d983444e7f@group-F2E0294EDFC2:LeaderElection87] INFO  impl.RoleInfo (RoleInfo.java:updateAndGet(143)) - a7d59ef6-3eca-4628-b097-12d983444e7f: start FollowerState
2019-09-25 11:42:04,099 [8c24ed06-386e-4085-8931-93c762a64530@group-CDCB2C8C105A:LeaderElection88] INFO  impl.RoleInfo (RoleInfo.java:updateAndGet(143)) - 8c24ed06-386e-4085-8931-93c762a64530: start FollowerState
2019-09-25 11:42:04,098 [d0888866-0bad-4f41-ad37-dccd4a57b958@group-CDCB2C8C105A:LeaderElection96] INFO  impl.RoleInfo (RoleInfo.java:shutdownLeaderElection(134)) - d0888866-0bad-4f41-ad37-dccd4a57b958: shutdown LeaderElection
2019-09-25 11:42:04,098 [8c24ed06-386e-4085-8931-93c762a64530@group-DBE87B3B08CE:LeaderElection103] INFO  impl.RoleInfo (RoleInfo.java:shutdownLeaderElection(134)) - 8c24ed06-386e-4085-8931-93c762a64530: shutdown LeaderElection
2019-09-25 11:42:04,101 [d0888866-0bad-4f41-ad37-dccd4a57b958@group-CDCB2C8C105A:LeaderElection96] INFO  impl.RoleInfo (RoleInfo.java:updateAndGet(143)) - d0888866-0bad-4f41-ad37-dccd4a57b958: start FollowerState
2019-09-25 11:42:04,100 [b7064b77-9271-4e94-8225-85d895886efb@group-6E9EB1C0F638:LeaderElection90] INFO  impl.RoleInfo (RoleInfo.java:updateAndGet(143)) - b7064b77-9271-4e94-8225-85d895886efb: start FollowerState
2019-09-25 11:42:04,100 [b7064b77-9271-4e94-8225-85d895886efb@group-F2E0294EDFC2:LeaderElection101] INFO  impl.RoleInfo (RoleInfo.java:updateAndGet(143)) - b7064b77-9271-4e94-8225-85d895886efb: start FollowerState
2019-09-25 11:42:04,101 [8c24ed06-386e-4085-8931-93c762a64530@group-DBE87B3B08CE:LeaderElection103] INFO  impl.RoleInfo (RoleInfo.java:updateAndGet(143)) - 8c24ed06-386e-4085-8931-93c762a64530: start FollowerState
2019-09-25 11:42:04,256 [RatisPipelineUtilsThread] INFO  pipeline.PipelinePlacementPolicy (PipelinePlacementPolicy.java:meetCriteria(91)) - Pipeline Placement: can't place more pipeline on heavy datanode： a7d59ef6-3eca-4628-b097-12d983444e7f Heaviness: 6 limit: 5
2019-09-25 11:42:04,256 [RatisPipelineUtilsThread] INFO  pipeline.PipelinePlacementPolicy (PipelinePlacementPolicy.java:meetCriteria(91)) - Pipeline Placement: can't place more pipeline on heavy datanode： d0888866-0bad-4f41-ad37-dccd4a57b958 Heaviness: 6 limit: 5
2019-09-25 11:42:04,256 [RatisPipelineUtilsThread] INFO  pipeline.PipelinePlacementPolicy (PipelinePlacementPolicy.java:meetCriteria(91)) - Pipeline Placement: can't place more pipeline on heavy datanode： 19e67e26-3d21-4d01-be9f-29113a4a814c Heaviness: 6 limit: 5
2019-09-25 11:42:04,256 [RatisPipelineUtilsThread] INFO  pipeline.PipelinePlacementPolicy (PipelinePlacementPolicy.java:meetCriteria(91)) - Pipeline Placement: can't place more pipeline on heavy datanode： e081c0a5-acfc-4a29-8262-ee158adf5b11 Heaviness: 6 limit: 5
2019-09-25 11:42:04,257 [RatisPipelineUtilsThread] INFO  pipeline.PipelinePlacementPolicy (PipelinePlacementPolicy.java:meetCriteria(91)) - Pipeline Placement: can't place more pipeline on heavy datanode： 8c24ed06-386e-4085-8931-93c762a64530 Heaviness: 6 limit: 5
2019-09-25 11:42:04,257 [RatisPipelineUtilsThread] INFO  pipeline.PipelinePlacementPolicy (PipelinePlacementPolicy.java:meetCriteria(91)) - Pipeline Placement: can't place more pipeline on heavy datanode： b7064b77-9271-4e94-8225-85d895886efb Heaviness: 6 limit: 5
2019-09-25 11:42:04,257 [RatisPipelineUtilsThread] ERROR pipeline.PipelinePlacementPolicy (PipelinePlacementPolicy.java:filterViableNodes(148)) - Unable to find enough nodes that meet the criteria that cannot engage in more than 5 pipelines. Nodes required: 1 Found: 0, healthy nodes count inNodeManager: 6.
2019-09-25 11:42:04,257 [RatisPipelineUtilsThread] ERROR pipeline.SCMPipelineManager (SCMPipelineManager.java:createPipeline(167)) - Pipeline creation failed.
org.apache.hadoop.hdds.scm.exceptions.SCMException: Unable to find enough nodes that meet the criteria that cannot engage in more than 5 pipelines. Nodes required: 1 Found: 0, healthy nodes count inNodeManager: 6.
	at org.apache.hadoop.hdds.scm.pipeline.PipelinePlacementPolicy.filterViableNodes(PipelinePlacementPolicy.java:149)
	at org.apache.hadoop.hdds.scm.pipeline.PipelinePlacementPolicy.chooseDatanodes(PipelinePlacementPolicy.java:172)
	at org.apache.hadoop.hdds.scm.pipeline.RatisPipelineProvider.create(RatisPipelineProvider.java:93)
	at org.apache.hadoop.hdds.scm.pipeline.PipelineFactory.create(PipelineFactory.java:58)
	at org.apache.hadoop.hdds.scm.pipeline.SCMPipelineManager.createPipeline(SCMPipelineManager.java:155)
	at org.apache.hadoop.hdds.scm.pipeline.BackgroundPipelineCreator.createPipelines(BackgroundPipelineCreator.java:99)
	at org.apache.hadoop.hdds.scm.pipeline.BackgroundPipelineCreator.lambda$startFixedIntervalPipelineCreator$0(BackgroundPipelineCreator.java:70)
	at java.util.concurrent.Executors$RunnableAdapter.call(Executors.java:511)
	at java.util.concurrent.FutureTask.runAndReset(FutureTask.java:308)
	at java.util.concurrent.ScheduledThreadPoolExecutor$ScheduledFutureTask.access$301(ScheduledThreadPoolExecutor.java:180)
	at java.util.concurrent.ScheduledThreadPoolExecutor$ScheduledFutureTask.run(ScheduledThreadPoolExecutor.java:294)
	at java.util.concurrent.ThreadPoolExecutor.runWorker(ThreadPoolExecutor.java:1149)
	at java.util.concurrent.ThreadPoolExecutor$Worker.run(ThreadPoolExecutor.java:624)
	at java.lang.Thread.run(Thread.java:748)
2019-09-25 11:42:04,258 [RatisPipelineUtilsThread] INFO  pipeline.PipelinePlacementPolicy (PipelinePlacementPolicy.java:meetCriteria(91)) - Pipeline Placement: can't place more pipeline on heavy datanode： a7d59ef6-3eca-4628-b097-12d983444e7f Heaviness: 6 limit: 5
2019-09-25 11:42:04,258 [RatisPipelineUtilsThread] INFO  pipeline.PipelinePlacementPolicy (PipelinePlacementPolicy.java:meetCriteria(91)) - Pipeline Placement: can't place more pipeline on heavy datanode： d0888866-0bad-4f41-ad37-dccd4a57b958 Heaviness: 6 limit: 5
2019-09-25 11:42:04,259 [RatisPipelineUtilsThread] INFO  pipeline.PipelinePlacementPolicy (PipelinePlacementPolicy.java:meetCriteria(91)) - Pipeline Placement: can't place more pipeline on heavy datanode： 19e67e26-3d21-4d01-be9f-29113a4a814c Heaviness: 6 limit: 5
2019-09-25 11:42:04,259 [RatisPipelineUtilsThread] INFO  pipeline.PipelinePlacementPolicy (PipelinePlacementPolicy.java:meetCriteria(91)) - Pipeline Placement: can't place more pipeline on heavy datanode： e081c0a5-acfc-4a29-8262-ee158adf5b11 Heaviness: 6 limit: 5
2019-09-25 11:42:04,259 [RatisPipelineUtilsThread] INFO  pipeline.PipelinePlacementPolicy (PipelinePlacementPolicy.java:meetCriteria(91)) - Pipeline Placement: can't place more pipeline on heavy datanode： 8c24ed06-386e-4085-8931-93c762a64530 Heaviness: 6 limit: 5
2019-09-25 11:42:04,259 [RatisPipelineUtilsThread] INFO  pipeline.PipelinePlacementPolicy (PipelinePlacementPolicy.java:meetCriteria(91)) - Pipeline Placement: can't place more pipeline on heavy datanode： b7064b77-9271-4e94-8225-85d895886efb Heaviness: 6 limit: 5
2019-09-25 11:42:04,260 [RatisPipelineUtilsThread] ERROR pipeline.PipelinePlacementPolicy (PipelinePlacementPolicy.java:filterViableNodes(148)) - Unable to find enough nodes that meet the criteria that cannot engage in more than 5 pipelines. Nodes required: 3 Found: 0, healthy nodes count inNodeManager: 6.
2019-09-25 11:42:04,260 [RatisPipelineUtilsThread] ERROR pipeline.SCMPipelineManager (SCMPipelineManager.java:createPipeline(167)) - Pipeline creation failed.
org.apache.hadoop.hdds.scm.exceptions.SCMException: Unable to find enough nodes that meet the criteria that cannot engage in more than 5 pipelines. Nodes required: 3 Found: 0, healthy nodes count inNodeManager: 6.
	at org.apache.hadoop.hdds.scm.pipeline.PipelinePlacementPolicy.filterViableNodes(PipelinePlacementPolicy.java:149)
	at org.apache.hadoop.hdds.scm.pipeline.PipelinePlacementPolicy.chooseDatanodes(PipelinePlacementPolicy.java:172)
	at org.apache.hadoop.hdds.scm.pipeline.RatisPipelineProvider.create(RatisPipelineProvider.java:93)
	at org.apache.hadoop.hdds.scm.pipeline.PipelineFactory.create(PipelineFactory.java:58)
	at org.apache.hadoop.hdds.scm.pipeline.SCMPipelineManager.createPipeline(SCMPipelineManager.java:155)
	at org.apache.hadoop.hdds.scm.pipeline.BackgroundPipelineCreator.createPipelines(BackgroundPipelineCreator.java:99)
	at org.apache.hadoop.hdds.scm.pipeline.BackgroundPipelineCreator.lambda$startFixedIntervalPipelineCreator$0(BackgroundPipelineCreator.java:70)
	at java.util.concurrent.Executors$RunnableAdapter.call(Executors.java:511)
	at java.util.concurrent.FutureTask.runAndReset(FutureTask.java:308)
	at java.util.concurrent.ScheduledThreadPoolExecutor$ScheduledFutureTask.access$301(ScheduledThreadPoolExecutor.java:180)
	at java.util.concurrent.ScheduledThreadPoolExecutor$ScheduledFutureTask.run(ScheduledThreadPoolExecutor.java:294)
	at java.util.concurrent.ThreadPoolExecutor.runWorker(ThreadPoolExecutor.java:1149)
	at java.util.concurrent.ThreadPoolExecutor$Worker.run(ThreadPoolExecutor.java:624)
	at java.lang.Thread.run(Thread.java:748)
2019-09-25 11:42:09,101 [Thread-712] INFO  impl.FollowerState (FollowerState.java:run(106)) - d0888866-0bad-4f41-ad37-dccd4a57b958:group-ADB1B60517AF changes to CANDIDATE, lastRpcTime:5018, electionTimeout:5018ms
2019-09-25 11:42:09,101 [Thread-712] INFO  impl.RoleInfo (RoleInfo.java:shutdownFollowerState(121)) - d0888866-0bad-4f41-ad37-dccd4a57b958: shutdown FollowerState
2019-09-25 11:42:09,101 [Thread-712] INFO  impl.RaftServerImpl (RaftServerImpl.java:setRole(174)) - d0888866-0bad-4f41-ad37-dccd4a57b958@group-ADB1B60517AF: changes role from  FOLLOWER to CANDIDATE at term 3 for changeToCandidate
2019-09-25 11:42:09,101 [Thread-712] INFO  impl.RoleInfo (RoleInfo.java:updateAndGet(143)) - d0888866-0bad-4f41-ad37-dccd4a57b958: start LeaderElection
2019-09-25 11:42:09,104 [Thread-728] INFO  impl.FollowerState (FollowerState.java:run(106)) - d0888866-0bad-4f41-ad37-dccd4a57b958:group-282EF1BFFEE0 changes to CANDIDATE, lastRpcTime:5009, electionTimeout:5007ms
2019-09-25 11:42:09,104 [Thread-728] INFO  impl.RoleInfo (RoleInfo.java:shutdownFollowerState(121)) - d0888866-0bad-4f41-ad37-dccd4a57b958: shutdown FollowerState
2019-09-25 11:42:09,104 [Thread-728] INFO  impl.RaftServerImpl (RaftServerImpl.java:setRole(174)) - d0888866-0bad-4f41-ad37-dccd4a57b958@group-282EF1BFFEE0: changes role from  FOLLOWER to CANDIDATE at term 3 for changeToCandidate
2019-09-25 11:42:09,105 [Thread-728] INFO  impl.RoleInfo (RoleInfo.java:updateAndGet(143)) - d0888866-0bad-4f41-ad37-dccd4a57b958: start LeaderElection
2019-09-25 11:42:09,111 [Thread-720] INFO  impl.FollowerState (FollowerState.java:run(106)) - d0888866-0bad-4f41-ad37-dccd4a57b958:group-071025EF7F78 changes to CANDIDATE, lastRpcTime:5020, electionTimeout:5019ms
2019-09-25 11:42:09,111 [Thread-720] INFO  impl.RoleInfo (RoleInfo.java:shutdownFollowerState(121)) - d0888866-0bad-4f41-ad37-dccd4a57b958: shutdown FollowerState
2019-09-25 11:42:09,111 [Thread-720] INFO  impl.RaftServerImpl (RaftServerImpl.java:setRole(174)) - d0888866-0bad-4f41-ad37-dccd4a57b958@group-071025EF7F78: changes role from  FOLLOWER to CANDIDATE at term 3 for changeToCandidate
2019-09-25 11:42:09,111 [Thread-720] INFO  impl.RoleInfo (RoleInfo.java:updateAndGet(143)) - d0888866-0bad-4f41-ad37-dccd4a57b958: start LeaderElection
2019-09-25 11:42:09,120 [Thread-738] INFO  impl.FollowerState (FollowerState.java:run(106)) - b7064b77-9271-4e94-8225-85d895886efb:group-F2E0294EDFC2 changes to CANDIDATE, lastRpcTime:5019, electionTimeout:5018ms
2019-09-25 11:42:09,120 [Thread-738] INFO  impl.RoleInfo (RoleInfo.java:shutdownFollowerState(121)) - b7064b77-9271-4e94-8225-85d895886efb: shutdown FollowerState
2019-09-25 11:42:09,120 [Thread-738] INFO  impl.RaftServerImpl (RaftServerImpl.java:setRole(174)) - b7064b77-9271-4e94-8225-85d895886efb@group-F2E0294EDFC2: changes role from  FOLLOWER to CANDIDATE at term 3 for changeToCandidate
2019-09-25 11:42:09,120 [Thread-738] INFO  impl.RoleInfo (RoleInfo.java:updateAndGet(143)) - b7064b77-9271-4e94-8225-85d895886efb: start LeaderElection
2019-09-25 11:42:09,127 [Thread-709] INFO  impl.FollowerState (FollowerState.java:run(106)) - 8c24ed06-386e-4085-8931-93c762a64530:group-B9DEF2EDD277 changes to CANDIDATE, lastRpcTime:5054, electionTimeout:5054ms
2019-09-25 11:42:09,128 [Thread-709] INFO  impl.RoleInfo (RoleInfo.java:shutdownFollowerState(121)) - 8c24ed06-386e-4085-8931-93c762a64530: shutdown FollowerState
2019-09-25 11:42:09,128 [Thread-709] INFO  impl.RaftServerImpl (RaftServerImpl.java:setRole(174)) - 8c24ed06-386e-4085-8931-93c762a64530@group-B9DEF2EDD277: changes role from  FOLLOWER to CANDIDATE at term 3 for changeToCandidate
2019-09-25 11:42:09,128 [Thread-709] INFO  impl.RoleInfo (RoleInfo.java:updateAndGet(143)) - 8c24ed06-386e-4085-8931-93c762a64530: start LeaderElection
2019-09-25 11:42:09,139 [Thread-721] INFO  impl.FollowerState (FollowerState.java:run(106)) - e081c0a5-acfc-4a29-8262-ee158adf5b11:group-6E9EB1C0F638 changes to CANDIDATE, lastRpcTime:5049, electionTimeout:5048ms
2019-09-25 11:42:09,139 [Thread-721] INFO  impl.RoleInfo (RoleInfo.java:shutdownFollowerState(121)) - e081c0a5-acfc-4a29-8262-ee158adf5b11: shutdown FollowerState
2019-09-25 11:42:09,140 [Thread-721] INFO  impl.RaftServerImpl (RaftServerImpl.java:setRole(174)) - e081c0a5-acfc-4a29-8262-ee158adf5b11@group-6E9EB1C0F638: changes role from  FOLLOWER to CANDIDATE at term 3 for changeToCandidate
2019-09-25 11:42:09,140 [Thread-721] INFO  impl.RoleInfo (RoleInfo.java:updateAndGet(143)) - e081c0a5-acfc-4a29-8262-ee158adf5b11: start LeaderElection
2019-09-25 11:42:09,144 [Thread-735] INFO  impl.FollowerState (FollowerState.java:run(106)) - a7d59ef6-3eca-4628-b097-12d983444e7f:group-F2E0294EDFC2 changes to CANDIDATE, lastRpcTime:5044, electionTimeout:5043ms
2019-09-25 11:42:09,144 [Thread-718] INFO  impl.FollowerState (FollowerState.java:run(106)) - e081c0a5-acfc-4a29-8262-ee158adf5b11:group-071025EF7F78 changes to CANDIDATE, lastRpcTime:5056, electionTimeout:5054ms
2019-09-25 11:42:09,144 [Thread-735] INFO  impl.RoleInfo (RoleInfo.java:shutdownFollowerState(121)) - a7d59ef6-3eca-4628-b097-12d983444e7f: shutdown FollowerState
2019-09-25 11:42:09,144 [Thread-718] INFO  impl.RoleInfo (RoleInfo.java:shutdownFollowerState(121)) - e081c0a5-acfc-4a29-8262-ee158adf5b11: shutdown FollowerState
2019-09-25 11:42:09,144 [Thread-735] INFO  impl.RaftServerImpl (RaftServerImpl.java:setRole(174)) - a7d59ef6-3eca-4628-b097-12d983444e7f@group-F2E0294EDFC2: changes role from  FOLLOWER to CANDIDATE at term 3 for changeToCandidate
2019-09-25 11:42:09,144 [Thread-718] INFO  impl.RaftServerImpl (RaftServerImpl.java:setRole(174)) - e081c0a5-acfc-4a29-8262-ee158adf5b11@group-071025EF7F78: changes role from  FOLLOWER to CANDIDATE at term 3 for changeToCandidate
2019-09-25 11:42:09,144 [Thread-735] INFO  impl.RoleInfo (RoleInfo.java:updateAndGet(143)) - a7d59ef6-3eca-4628-b097-12d983444e7f: start LeaderElection
2019-09-25 11:42:09,144 [Thread-718] INFO  impl.RoleInfo (RoleInfo.java:updateAndGet(143)) - e081c0a5-acfc-4a29-8262-ee158adf5b11: start LeaderElection
2019-09-25 11:42:09,151 [Thread-732] INFO  impl.FollowerState (FollowerState.java:run(106)) - 19e67e26-3d21-4d01-be9f-29113a4a814c:group-BF1BD4D8076C changes to CANDIDATE, lastRpcTime:5054, electionTimeout:5052ms
2019-09-25 11:42:09,152 [Thread-732] INFO  impl.RoleInfo (RoleInfo.java:shutdownFollowerState(121)) - 19e67e26-3d21-4d01-be9f-29113a4a814c: shutdown FollowerState
2019-09-25 11:42:09,152 [Thread-732] INFO  impl.RaftServerImpl (RaftServerImpl.java:setRole(174)) - 19e67e26-3d21-4d01-be9f-29113a4a814c@group-BF1BD4D8076C: changes role from  FOLLOWER to CANDIDATE at term 3 for changeToCandidate
2019-09-25 11:42:09,152 [Thread-732] INFO  impl.RoleInfo (RoleInfo.java:updateAndGet(143)) - 19e67e26-3d21-4d01-be9f-29113a4a814c: start LeaderElection
2019-09-25 11:42:09,152 [Thread-725] INFO  impl.FollowerState (FollowerState.java:run(106)) - e081c0a5-acfc-4a29-8262-ee158adf5b11:group-7CC56FB5D3F9 changes to CANDIDATE, lastRpcTime:5059, electionTimeout:5058ms
2019-09-25 11:42:09,152 [Thread-725] INFO  impl.RoleInfo (RoleInfo.java:shutdownFollowerState(121)) - e081c0a5-acfc-4a29-8262-ee158adf5b11: shutdown FollowerState
2019-09-25 11:42:09,152 [Thread-725] INFO  impl.RaftServerImpl (RaftServerImpl.java:setRole(174)) - e081c0a5-acfc-4a29-8262-ee158adf5b11@group-7CC56FB5D3F9: changes role from  FOLLOWER to CANDIDATE at term 3 for changeToCandidate
2019-09-25 11:42:09,153 [Thread-725] INFO  impl.RoleInfo (RoleInfo.java:updateAndGet(143)) - e081c0a5-acfc-4a29-8262-ee158adf5b11: start LeaderElection
2019-09-25 11:42:09,156 [Thread-714] INFO  impl.FollowerState (FollowerState.java:run(106)) - 19e67e26-3d21-4d01-be9f-29113a4a814c:group-B9DEF2EDD277 changes to CANDIDATE, lastRpcTime:5072, electionTimeout:5071ms
2019-09-25 11:42:09,156 [Thread-716] INFO  impl.FollowerState (FollowerState.java:run(106)) - a7d59ef6-3eca-4628-b097-12d983444e7f:group-DBE87B3B08CE changes to CANDIDATE, lastRpcTime:5070, electionTimeout:5065ms
2019-09-25 11:42:09,156 [Thread-714] INFO  impl.RoleInfo (RoleInfo.java:shutdownFollowerState(121)) - 19e67e26-3d21-4d01-be9f-29113a4a814c: shutdown FollowerState
2019-09-25 11:42:09,156 [Thread-716] INFO  impl.RoleInfo (RoleInfo.java:shutdownFollowerState(121)) - a7d59ef6-3eca-4628-b097-12d983444e7f: shutdown FollowerState
2019-09-25 11:42:09,157 [Thread-714] INFO  impl.RaftServerImpl (RaftServerImpl.java:setRole(174)) - 19e67e26-3d21-4d01-be9f-29113a4a814c@group-B9DEF2EDD277: changes role from  FOLLOWER to CANDIDATE at term 3 for changeToCandidate
2019-09-25 11:42:09,157 [Thread-716] INFO  impl.RaftServerImpl (RaftServerImpl.java:setRole(174)) - a7d59ef6-3eca-4628-b097-12d983444e7f@group-DBE87B3B08CE: changes role from  FOLLOWER to CANDIDATE at term 3 for changeToCandidate
2019-09-25 11:42:09,157 [Thread-714] INFO  impl.RoleInfo (RoleInfo.java:updateAndGet(143)) - 19e67e26-3d21-4d01-be9f-29113a4a814c: start LeaderElection
2019-09-25 11:42:09,157 [Thread-716] INFO  impl.RoleInfo (RoleInfo.java:updateAndGet(143)) - a7d59ef6-3eca-4628-b097-12d983444e7f: start LeaderElection
2019-09-25 11:42:09,157 [Thread-715] INFO  impl.FollowerState (FollowerState.java:run(106)) - b7064b77-9271-4e94-8225-85d895886efb:group-47DBAAEC82C8 changes to CANDIDATE, lastRpcTime:5073, electionTimeout:5069ms
2019-09-25 11:42:09,157 [Thread-715] INFO  impl.RoleInfo (RoleInfo.java:shutdownFollowerState(121)) - b7064b77-9271-4e94-8225-85d895886efb: shutdown FollowerState
2019-09-25 11:42:09,158 [Thread-715] INFO  impl.RaftServerImpl (RaftServerImpl.java:setRole(174)) - b7064b77-9271-4e94-8225-85d895886efb@group-47DBAAEC82C8: changes role from  FOLLOWER to CANDIDATE at term 3 for changeToCandidate
2019-09-25 11:42:09,158 [Thread-715] INFO  impl.RoleInfo (RoleInfo.java:updateAndGet(143)) - b7064b77-9271-4e94-8225-85d895886efb: start LeaderElection
2019-09-25 11:42:09,161 [Thread-717] INFO  impl.FollowerState (FollowerState.java:run(106)) - 8c24ed06-386e-4085-8931-93c762a64530:group-47DBAAEC82C8 changes to CANDIDATE, lastRpcTime:5074, electionTimeout:5070ms
2019-09-25 11:42:09,161 [Thread-717] INFO  impl.RoleInfo (RoleInfo.java:shutdownFollowerState(121)) - 8c24ed06-386e-4085-8931-93c762a64530: shutdown FollowerState
2019-09-25 11:42:09,161 [Thread-717] INFO  impl.RaftServerImpl (RaftServerImpl.java:setRole(174)) - 8c24ed06-386e-4085-8931-93c762a64530@group-47DBAAEC82C8: changes role from  FOLLOWER to CANDIDATE at term 3 for changeToCandidate
2019-09-25 11:42:09,161 [Thread-717] INFO  impl.RoleInfo (RoleInfo.java:updateAndGet(143)) - 8c24ed06-386e-4085-8931-93c762a64530: start LeaderElection
2019-09-25 11:42:09,173 [Thread-713] INFO  impl.FollowerState (FollowerState.java:run(106)) - b7064b77-9271-4e94-8225-85d895886efb:group-282EF1BFFEE0 changes to CANDIDATE, lastRpcTime:5089, electionTimeout:5087ms
2019-09-25 11:42:09,173 [Thread-713] INFO  impl.RoleInfo (RoleInfo.java:shutdownFollowerState(121)) - b7064b77-9271-4e94-8225-85d895886efb: shutdown FollowerState
2019-09-25 11:42:09,173 [Thread-713] INFO  impl.RaftServerImpl (RaftServerImpl.java:setRole(174)) - b7064b77-9271-4e94-8225-85d895886efb@group-282EF1BFFEE0: changes role from  FOLLOWER to CANDIDATE at term 3 for changeToCandidate
2019-09-25 11:42:09,173 [Thread-713] INFO  impl.RoleInfo (RoleInfo.java:updateAndGet(143)) - b7064b77-9271-4e94-8225-85d895886efb: start LeaderElection
2019-09-25 11:42:09,176 [Thread-722] INFO  impl.FollowerState (FollowerState.java:run(106)) - a7d59ef6-3eca-4628-b097-12d983444e7f:group-47DBAAEC82C8 changes to CANDIDATE, lastRpcTime:5084, electionTimeout:5080ms
2019-09-25 11:42:09,176 [Thread-722] INFO  impl.RoleInfo (RoleInfo.java:shutdownFollowerState(121)) - a7d59ef6-3eca-4628-b097-12d983444e7f: shutdown FollowerState
2019-09-25 11:42:09,176 [Thread-722] INFO  impl.RaftServerImpl (RaftServerImpl.java:setRole(174)) - a7d59ef6-3eca-4628-b097-12d983444e7f@group-47DBAAEC82C8: changes role from  FOLLOWER to CANDIDATE at term 3 for changeToCandidate
2019-09-25 11:42:09,176 [Thread-722] INFO  impl.RoleInfo (RoleInfo.java:updateAndGet(143)) - a7d59ef6-3eca-4628-b097-12d983444e7f: start LeaderElection
2019-09-25 11:42:09,179 [Thread-723] INFO  impl.FollowerState (FollowerState.java:run(106)) - b7064b77-9271-4e94-8225-85d895886efb:group-B9DEF2EDD277 changes to CANDIDATE, lastRpcTime:5087, electionTimeout:5083ms
2019-09-25 11:42:09,179 [Thread-723] INFO  impl.RoleInfo (RoleInfo.java:shutdownFollowerState(121)) - b7064b77-9271-4e94-8225-85d895886efb: shutdown FollowerState
2019-09-25 11:42:09,179 [Thread-723] INFO  impl.RaftServerImpl (RaftServerImpl.java:setRole(174)) - b7064b77-9271-4e94-8225-85d895886efb@group-B9DEF2EDD277: changes role from  FOLLOWER to CANDIDATE at term 3 for changeToCandidate
2019-09-25 11:42:09,179 [Thread-723] INFO  impl.RoleInfo (RoleInfo.java:updateAndGet(143)) - b7064b77-9271-4e94-8225-85d895886efb: start LeaderElection
2019-09-25 11:42:09,179 [Thread-737] INFO  impl.FollowerState (FollowerState.java:run(106)) - 19e67e26-3d21-4d01-be9f-29113a4a814c:group-071025EF7F78 changes to CANDIDATE, lastRpcTime:5079, electionTimeout:5079ms
2019-09-25 11:42:09,179 [Thread-737] INFO  impl.RoleInfo (RoleInfo.java:shutdownFollowerState(121)) - 19e67e26-3d21-4d01-be9f-29113a4a814c: shutdown FollowerState
2019-09-25 11:42:09,180 [Thread-737] INFO  impl.RaftServerImpl (RaftServerImpl.java:setRole(174)) - 19e67e26-3d21-4d01-be9f-29113a4a814c@group-071025EF7F78: changes role from  FOLLOWER to CANDIDATE at term 3 for changeToCandidate
2019-09-25 11:42:09,180 [Thread-737] INFO  impl.RoleInfo (RoleInfo.java:updateAndGet(143)) - 19e67e26-3d21-4d01-be9f-29113a4a814c: start LeaderElection
2019-09-25 11:42:09,187 [Thread-741] INFO  impl.FollowerState (FollowerState.java:run(106)) - 8c24ed06-386e-4085-8931-93c762a64530:group-DBE87B3B08CE changes to CANDIDATE, lastRpcTime:5086, electionTimeout:5085ms
2019-09-25 11:42:09,187 [Thread-741] INFO  impl.RoleInfo (RoleInfo.java:shutdownFollowerState(121)) - 8c24ed06-386e-4085-8931-93c762a64530: shutdown FollowerState
2019-09-25 11:42:09,187 [Thread-741] INFO  impl.RaftServerImpl (RaftServerImpl.java:setRole(174)) - 8c24ed06-386e-4085-8931-93c762a64530@group-DBE87B3B08CE: changes role from  FOLLOWER to CANDIDATE at term 3 for changeToCandidate
2019-09-25 11:42:09,187 [Thread-741] INFO  impl.RoleInfo (RoleInfo.java:updateAndGet(143)) - 8c24ed06-386e-4085-8931-93c762a64530: start LeaderElection
2019-09-25 11:42:09,192 [Thread-740] INFO  impl.FollowerState (FollowerState.java:run(106)) - d0888866-0bad-4f41-ad37-dccd4a57b958:group-CDCB2C8C105A changes to CANDIDATE, lastRpcTime:5091, electionTimeout:5091ms
2019-09-25 11:42:09,192 [Thread-740] INFO  impl.RoleInfo (RoleInfo.java:shutdownFollowerState(121)) - d0888866-0bad-4f41-ad37-dccd4a57b958: shutdown FollowerState
2019-09-25 11:42:09,192 [Thread-740] INFO  impl.RaftServerImpl (RaftServerImpl.java:setRole(174)) - d0888866-0bad-4f41-ad37-dccd4a57b958@group-CDCB2C8C105A: changes role from  FOLLOWER to CANDIDATE at term 3 for changeToCandidate
2019-09-25 11:42:09,193 [Thread-740] INFO  impl.RoleInfo (RoleInfo.java:updateAndGet(143)) - d0888866-0bad-4f41-ad37-dccd4a57b958: start LeaderElection
2019-09-25 11:42:09,196 [Thread-719] INFO  impl.FollowerState (FollowerState.java:run(106)) - a7d59ef6-3eca-4628-b097-12d983444e7f:group-282EF1BFFEE0 changes to CANDIDATE, lastRpcTime:5106, electionTimeout:5103ms
2019-09-25 11:42:09,196 [Thread-719] INFO  impl.RoleInfo (RoleInfo.java:shutdownFollowerState(121)) - a7d59ef6-3eca-4628-b097-12d983444e7f: shutdown FollowerState
2019-09-25 11:42:09,196 [Thread-719] INFO  impl.RaftServerImpl (RaftServerImpl.java:setRole(174)) - a7d59ef6-3eca-4628-b097-12d983444e7f@group-282EF1BFFEE0: changes role from  FOLLOWER to CANDIDATE at term 3 for changeToCandidate
2019-09-25 11:42:09,196 [Thread-719] INFO  impl.RoleInfo (RoleInfo.java:updateAndGet(143)) - a7d59ef6-3eca-4628-b097-12d983444e7f: start LeaderElection
2019-09-25 11:42:09,203 [Thread-736] INFO  impl.FollowerState (FollowerState.java:run(106)) - 19e67e26-3d21-4d01-be9f-29113a4a814c:group-ADB1B60517AF changes to CANDIDATE, lastRpcTime:5104, electionTimeout:5103ms
2019-09-25 11:42:09,204 [Thread-736] INFO  impl.RoleInfo (RoleInfo.java:shutdownFollowerState(121)) - 19e67e26-3d21-4d01-be9f-29113a4a814c: shutdown FollowerState
2019-09-25 11:42:09,204 [Thread-736] INFO  impl.RaftServerImpl (RaftServerImpl.java:setRole(174)) - 19e67e26-3d21-4d01-be9f-29113a4a814c@group-ADB1B60517AF: changes role from  FOLLOWER to CANDIDATE at term 3 for changeToCandidate
2019-09-25 11:42:09,204 [Thread-731] INFO  impl.FollowerState (FollowerState.java:run(106)) - b7064b77-9271-4e94-8225-85d895886efb:group-CDCB2C8C105A changes to CANDIDATE, lastRpcTime:5107, electionTimeout:5104ms
2019-09-25 11:42:09,204 [Thread-736] INFO  impl.RoleInfo (RoleInfo.java:updateAndGet(143)) - 19e67e26-3d21-4d01-be9f-29113a4a814c: start LeaderElection
2019-09-25 11:42:09,204 [Thread-731] INFO  impl.RoleInfo (RoleInfo.java:shutdownFollowerState(121)) - b7064b77-9271-4e94-8225-85d895886efb: shutdown FollowerState
2019-09-25 11:42:09,204 [Thread-731] INFO  impl.RaftServerImpl (RaftServerImpl.java:setRole(174)) - b7064b77-9271-4e94-8225-85d895886efb@group-CDCB2C8C105A: changes role from  FOLLOWER to CANDIDATE at term 3 for changeToCandidate
2019-09-25 11:42:09,204 [Thread-731] INFO  impl.RoleInfo (RoleInfo.java:updateAndGet(143)) - b7064b77-9271-4e94-8225-85d895886efb: start LeaderElection
2019-09-25 11:42:09,208 [Thread-711] INFO  impl.FollowerState (FollowerState.java:run(106)) - a7d59ef6-3eca-4628-b097-12d983444e7f:group-7CC56FB5D3F9 changes to CANDIDATE, lastRpcTime:5132, electionTimeout:5132ms
2019-09-25 11:42:09,208 [Thread-711] INFO  impl.RoleInfo (RoleInfo.java:shutdownFollowerState(121)) - a7d59ef6-3eca-4628-b097-12d983444e7f: shutdown FollowerState
2019-09-25 11:42:09,208 [Thread-711] INFO  impl.RaftServerImpl (RaftServerImpl.java:setRole(174)) - a7d59ef6-3eca-4628-b097-12d983444e7f@group-7CC56FB5D3F9: changes role from  FOLLOWER to CANDIDATE at term 3 for changeToCandidate
2019-09-25 11:42:09,208 [Thread-711] INFO  impl.RoleInfo (RoleInfo.java:updateAndGet(143)) - a7d59ef6-3eca-4628-b097-12d983444e7f: start LeaderElection
2019-09-25 11:42:09,210 [Thread-727] INFO  impl.FollowerState (FollowerState.java:run(106)) - d0888866-0bad-4f41-ad37-dccd4a57b958:group-F2E0294EDFC2 changes to CANDIDATE, lastRpcTime:5115, electionTimeout:5112ms
2019-09-25 11:42:09,210 [Thread-727] INFO  impl.RoleInfo (RoleInfo.java:shutdownFollowerState(121)) - d0888866-0bad-4f41-ad37-dccd4a57b958: shutdown FollowerState
2019-09-25 11:42:09,210 [Thread-727] INFO  impl.RaftServerImpl (RaftServerImpl.java:setRole(174)) - d0888866-0bad-4f41-ad37-dccd4a57b958@group-F2E0294EDFC2: changes role from  FOLLOWER to CANDIDATE at term 3 for changeToCandidate
2019-09-25 11:42:09,210 [Thread-727] INFO  impl.RoleInfo (RoleInfo.java:updateAndGet(143)) - d0888866-0bad-4f41-ad37-dccd4a57b958: start LeaderElection
2019-09-25 11:42:09,211 [Thread-730] INFO  impl.FollowerState (FollowerState.java:run(106)) - e081c0a5-acfc-4a29-8262-ee158adf5b11:group-BF1BD4D8076C changes to CANDIDATE, lastRpcTime:5115, electionTimeout:5115ms
2019-09-25 11:42:09,211 [Thread-730] INFO  impl.RoleInfo (RoleInfo.java:shutdownFollowerState(121)) - e081c0a5-acfc-4a29-8262-ee158adf5b11: shutdown FollowerState
2019-09-25 11:42:09,211 [Thread-730] INFO  impl.RaftServerImpl (RaftServerImpl.java:setRole(174)) - e081c0a5-acfc-4a29-8262-ee158adf5b11@group-BF1BD4D8076C: changes role from  FOLLOWER to CANDIDATE at term 3 for changeToCandidate
2019-09-25 11:42:09,211 [Thread-730] INFO  impl.RoleInfo (RoleInfo.java:updateAndGet(143)) - e081c0a5-acfc-4a29-8262-ee158adf5b11: start LeaderElection
2019-09-25 11:42:09,217 [Thread-710] INFO  impl.FollowerState (FollowerState.java:run(106)) - 19e67e26-3d21-4d01-be9f-29113a4a814c:group-7CC56FB5D3F9 changes to CANDIDATE, lastRpcTime:5143, electionTimeout:5143ms
2019-09-25 11:42:09,217 [Thread-710] INFO  impl.RoleInfo (RoleInfo.java:shutdownFollowerState(121)) - 19e67e26-3d21-4d01-be9f-29113a4a814c: shutdown FollowerState
2019-09-25 11:42:09,217 [Thread-710] INFO  impl.RaftServerImpl (RaftServerImpl.java:setRole(174)) - 19e67e26-3d21-4d01-be9f-29113a4a814c@group-7CC56FB5D3F9: changes role from  FOLLOWER to CANDIDATE at term 3 for changeToCandidate
2019-09-25 11:42:09,217 [Thread-710] INFO  impl.RoleInfo (RoleInfo.java:updateAndGet(143)) - 19e67e26-3d21-4d01-be9f-29113a4a814c: start LeaderElection
2019-09-25 11:42:09,227 [Thread-734] INFO  impl.FollowerState (FollowerState.java:run(106)) - 8c24ed06-386e-4085-8931-93c762a64530:group-CDCB2C8C105A changes to CANDIDATE, lastRpcTime:5128, electionTimeout:5126ms
2019-09-25 11:42:09,227 [Thread-734] INFO  impl.RoleInfo (RoleInfo.java:shutdownFollowerState(121)) - 8c24ed06-386e-4085-8931-93c762a64530: shutdown FollowerState
2019-09-25 11:42:09,227 [Thread-734] INFO  impl.RaftServerImpl (RaftServerImpl.java:setRole(174)) - 8c24ed06-386e-4085-8931-93c762a64530@group-CDCB2C8C105A: changes role from  FOLLOWER to CANDIDATE at term 3 for changeToCandidate
2019-09-25 11:42:09,227 [Thread-734] INFO  impl.RoleInfo (RoleInfo.java:updateAndGet(143)) - 8c24ed06-386e-4085-8931-93c762a64530: start LeaderElection
2019-09-25 11:42:09,230 [Thread-733] INFO  impl.FollowerState (FollowerState.java:run(106)) - a7d59ef6-3eca-4628-b097-12d983444e7f:group-6E9EB1C0F638 changes to CANDIDATE, lastRpcTime:5132, electionTimeout:5131ms
2019-09-25 11:42:09,231 [Thread-733] INFO  impl.RoleInfo (RoleInfo.java:shutdownFollowerState(121)) - a7d59ef6-3eca-4628-b097-12d983444e7f: shutdown FollowerState
2019-09-25 11:42:09,231 [Thread-733] INFO  impl.RaftServerImpl (RaftServerImpl.java:setRole(174)) - a7d59ef6-3eca-4628-b097-12d983444e7f@group-6E9EB1C0F638: changes role from  FOLLOWER to CANDIDATE at term 3 for changeToCandidate
2019-09-25 11:42:09,231 [Thread-733] INFO  impl.RoleInfo (RoleInfo.java:updateAndGet(143)) - a7d59ef6-3eca-4628-b097-12d983444e7f: start LeaderElection
2019-09-25 11:42:09,256 [Thread-739] INFO  impl.FollowerState (FollowerState.java:run(106)) - b7064b77-9271-4e94-8225-85d895886efb:group-6E9EB1C0F638 changes to CANDIDATE, lastRpcTime:5156, electionTimeout:5155ms
2019-09-25 11:42:09,257 [Thread-739] INFO  impl.RoleInfo (RoleInfo.java:shutdownFollowerState(121)) - b7064b77-9271-4e94-8225-85d895886efb: shutdown FollowerState
2019-09-25 11:42:09,257 [Thread-739] INFO  impl.RaftServerImpl (RaftServerImpl.java:setRole(174)) - b7064b77-9271-4e94-8225-85d895886efb@group-6E9EB1C0F638: changes role from  FOLLOWER to CANDIDATE at term 3 for changeToCandidate
2019-09-25 11:42:09,257 [Thread-739] INFO  impl.RoleInfo (RoleInfo.java:updateAndGet(143)) - b7064b77-9271-4e94-8225-85d895886efb: start LeaderElection
2019-09-25 11:42:09,258 [Thread-726] INFO  impl.FollowerState (FollowerState.java:run(106)) - 8c24ed06-386e-4085-8931-93c762a64530:group-BF1BD4D8076C changes to CANDIDATE, lastRpcTime:5164, electionTimeout:5160ms
2019-09-25 11:42:09,258 [Thread-726] INFO  impl.RoleInfo (RoleInfo.java:shutdownFollowerState(121)) - 8c24ed06-386e-4085-8931-93c762a64530: shutdown FollowerState
2019-09-25 11:42:09,258 [Thread-726] INFO  impl.RaftServerImpl (RaftServerImpl.java:setRole(174)) - 8c24ed06-386e-4085-8931-93c762a64530@group-BF1BD4D8076C: changes role from  FOLLOWER to CANDIDATE at term 3 for changeToCandidate
2019-09-25 11:42:09,258 [Thread-726] INFO  impl.RoleInfo (RoleInfo.java:updateAndGet(143)) - 8c24ed06-386e-4085-8931-93c762a64530: start LeaderElection
2019-09-25 11:42:09,279 [Thread-729] INFO  impl.FollowerState (FollowerState.java:run(106)) - d0888866-0bad-4f41-ad37-dccd4a57b958:group-DBE87B3B08CE changes to CANDIDATE, lastRpcTime:5183, electionTimeout:5182ms
2019-09-25 11:42:09,279 [Thread-729] INFO  impl.RoleInfo (RoleInfo.java:shutdownFollowerState(121)) - d0888866-0bad-4f41-ad37-dccd4a57b958: shutdown FollowerState
2019-09-25 11:42:09,279 [Thread-729] INFO  impl.RaftServerImpl (RaftServerImpl.java:setRole(174)) - d0888866-0bad-4f41-ad37-dccd4a57b958@group-DBE87B3B08CE: changes role from  FOLLOWER to CANDIDATE at term 3 for changeToCandidate
2019-09-25 11:42:09,279 [Thread-729] INFO  impl.RoleInfo (RoleInfo.java:updateAndGet(143)) - d0888866-0bad-4f41-ad37-dccd4a57b958: start LeaderElection
2019-09-25 11:42:09,287 [Thread-724] INFO  impl.FollowerState (FollowerState.java:run(106)) - 8c24ed06-386e-4085-8931-93c762a64530:group-ADB1B60517AF changes to CANDIDATE, lastRpcTime:5194, electionTimeout:5193ms
2019-09-25 11:42:09,288 [Thread-724] INFO  impl.RoleInfo (RoleInfo.java:shutdownFollowerState(121)) - 8c24ed06-386e-4085-8931-93c762a64530: shutdown FollowerState
2019-09-25 11:42:09,288 [Thread-724] INFO  impl.RaftServerImpl (RaftServerImpl.java:setRole(174)) - 8c24ed06-386e-4085-8931-93c762a64530@group-ADB1B60517AF: changes role from  FOLLOWER to CANDIDATE at term 3 for changeToCandidate
2019-09-25 11:42:09,288 [Thread-724] INFO  impl.RoleInfo (RoleInfo.java:updateAndGet(143)) - 8c24ed06-386e-4085-8931-93c762a64530: start LeaderElection
2019-09-25 11:42:14,261 [RatisPipelineUtilsThread] INFO  pipeline.PipelinePlacementPolicy (PipelinePlacementPolicy.java:meetCriteria(91)) - Pipeline Placement: can't place more pipeline on heavy datanode： a7d59ef6-3eca-4628-b097-12d983444e7f Heaviness: 6 limit: 5
2019-09-25 11:42:14,261 [RatisPipelineUtilsThread] INFO  pipeline.PipelinePlacementPolicy (PipelinePlacementPolicy.java:meetCriteria(91)) - Pipeline Placement: can't place more pipeline on heavy datanode： d0888866-0bad-4f41-ad37-dccd4a57b958 Heaviness: 6 limit: 5
2019-09-25 11:42:14,261 [RatisPipelineUtilsThread] INFO  pipeline.PipelinePlacementPolicy (PipelinePlacementPolicy.java:meetCriteria(91)) - Pipeline Placement: can't place more pipeline on heavy datanode： 19e67e26-3d21-4d01-be9f-29113a4a814c Heaviness: 6 limit: 5
2019-09-25 11:42:14,262 [RatisPipelineUtilsThread] INFO  pipeline.PipelinePlacementPolicy (PipelinePlacementPolicy.java:meetCriteria(91)) - Pipeline Placement: can't place more pipeline on heavy datanode： e081c0a5-acfc-4a29-8262-ee158adf5b11 Heaviness: 6 limit: 5
2019-09-25 11:42:14,262 [RatisPipelineUtilsThread] INFO  pipeline.PipelinePlacementPolicy (PipelinePlacementPolicy.java:meetCriteria(91)) - Pipeline Placement: can't place more pipeline on heavy datanode： 8c24ed06-386e-4085-8931-93c762a64530 Heaviness: 6 limit: 5
2019-09-25 11:42:14,262 [RatisPipelineUtilsThread] INFO  pipeline.PipelinePlacementPolicy (PipelinePlacementPolicy.java:meetCriteria(91)) - Pipeline Placement: can't place more pipeline on heavy datanode： b7064b77-9271-4e94-8225-85d895886efb Heaviness: 6 limit: 5
2019-09-25 11:42:14,262 [RatisPipelineUtilsThread] ERROR pipeline.PipelinePlacementPolicy (PipelinePlacementPolicy.java:filterViableNodes(148)) - Unable to find enough nodes that meet the criteria that cannot engage in more than 5 pipelines. Nodes required: 1 Found: 0, healthy nodes count inNodeManager: 6.
2019-09-25 11:42:14,262 [RatisPipelineUtilsThread] ERROR pipeline.SCMPipelineManager (SCMPipelineManager.java:createPipeline(167)) - Pipeline creation failed.
org.apache.hadoop.hdds.scm.exceptions.SCMException: Unable to find enough nodes that meet the criteria that cannot engage in more than 5 pipelines. Nodes required: 1 Found: 0, healthy nodes count inNodeManager: 6.
	at org.apache.hadoop.hdds.scm.pipeline.PipelinePlacementPolicy.filterViableNodes(PipelinePlacementPolicy.java:149)
	at org.apache.hadoop.hdds.scm.pipeline.PipelinePlacementPolicy.chooseDatanodes(PipelinePlacementPolicy.java:172)
	at org.apache.hadoop.hdds.scm.pipeline.RatisPipelineProvider.create(RatisPipelineProvider.java:93)
	at org.apache.hadoop.hdds.scm.pipeline.PipelineFactory.create(PipelineFactory.java:58)
	at org.apache.hadoop.hdds.scm.pipeline.SCMPipelineManager.createPipeline(SCMPipelineManager.java:155)
	at org.apache.hadoop.hdds.scm.pipeline.BackgroundPipelineCreator.createPipelines(BackgroundPipelineCreator.java:99)
	at org.apache.hadoop.hdds.scm.pipeline.BackgroundPipelineCreator.lambda$startFixedIntervalPipelineCreator$0(BackgroundPipelineCreator.java:70)
	at java.util.concurrent.Executors$RunnableAdapter.call(Executors.java:511)
	at java.util.concurrent.FutureTask.runAndReset(FutureTask.java:308)
	at java.util.concurrent.ScheduledThreadPoolExecutor$ScheduledFutureTask.access$301(ScheduledThreadPoolExecutor.java:180)
	at java.util.concurrent.ScheduledThreadPoolExecutor$ScheduledFutureTask.run(ScheduledThreadPoolExecutor.java:294)
	at java.util.concurrent.ThreadPoolExecutor.runWorker(ThreadPoolExecutor.java:1149)
	at java.util.concurrent.ThreadPoolExecutor$Worker.run(ThreadPoolExecutor.java:624)
	at java.lang.Thread.run(Thread.java:748)
2019-09-25 11:42:14,263 [RatisPipelineUtilsThread] INFO  pipeline.PipelinePlacementPolicy (PipelinePlacementPolicy.java:meetCriteria(91)) - Pipeline Placement: can't place more pipeline on heavy datanode： a7d59ef6-3eca-4628-b097-12d983444e7f Heaviness: 6 limit: 5
2019-09-25 11:42:14,263 [RatisPipelineUtilsThread] INFO  pipeline.PipelinePlacementPolicy (PipelinePlacementPolicy.java:meetCriteria(91)) - Pipeline Placement: can't place more pipeline on heavy datanode： d0888866-0bad-4f41-ad37-dccd4a57b958 Heaviness: 6 limit: 5
2019-09-25 11:42:14,264 [RatisPipelineUtilsThread] INFO  pipeline.PipelinePlacementPolicy (PipelinePlacementPolicy.java:meetCriteria(91)) - Pipeline Placement: can't place more pipeline on heavy datanode： 19e67e26-3d21-4d01-be9f-29113a4a814c Heaviness: 6 limit: 5
2019-09-25 11:42:14,264 [RatisPipelineUtilsThread] INFO  pipeline.PipelinePlacementPolicy (PipelinePlacementPolicy.java:meetCriteria(91)) - Pipeline Placement: can't place more pipeline on heavy datanode： e081c0a5-acfc-4a29-8262-ee158adf5b11 Heaviness: 6 limit: 5
2019-09-25 11:42:14,264 [RatisPipelineUtilsThread] INFO  pipeline.PipelinePlacementPolicy (PipelinePlacementPolicy.java:meetCriteria(91)) - Pipeline Placement: can't place more pipeline on heavy datanode： 8c24ed06-386e-4085-8931-93c762a64530 Heaviness: 6 limit: 5
2019-09-25 11:42:14,264 [RatisPipelineUtilsThread] INFO  pipeline.PipelinePlacementPolicy (PipelinePlacementPolicy.java:meetCriteria(91)) - Pipeline Placement: can't place more pipeline on heavy datanode： b7064b77-9271-4e94-8225-85d895886efb Heaviness: 6 limit: 5
2019-09-25 11:42:14,264 [RatisPipelineUtilsThread] ERROR pipeline.PipelinePlacementPolicy (PipelinePlacementPolicy.java:filterViableNodes(148)) - Unable to find enough nodes that meet the criteria that cannot engage in more than 5 pipelines. Nodes required: 3 Found: 0, healthy nodes count inNodeManager: 6.
2019-09-25 11:42:14,264 [RatisPipelineUtilsThread] ERROR pipeline.SCMPipelineManager (SCMPipelineManager.java:createPipeline(167)) - Pipeline creation failed.
org.apache.hadoop.hdds.scm.exceptions.SCMException: Unable to find enough nodes that meet the criteria that cannot engage in more than 5 pipelines. Nodes required: 3 Found: 0, healthy nodes count inNodeManager: 6.
	at org.apache.hadoop.hdds.scm.pipeline.PipelinePlacementPolicy.filterViableNodes(PipelinePlacementPolicy.java:149)
	at org.apache.hadoop.hdds.scm.pipeline.PipelinePlacementPolicy.chooseDatanodes(PipelinePlacementPolicy.java:172)
	at org.apache.hadoop.hdds.scm.pipeline.RatisPipelineProvider.create(RatisPipelineProvider.java:93)
	at org.apache.hadoop.hdds.scm.pipeline.PipelineFactory.create(PipelineFactory.java:58)
	at org.apache.hadoop.hdds.scm.pipeline.SCMPipelineManager.createPipeline(SCMPipelineManager.java:155)
	at org.apache.hadoop.hdds.scm.pipeline.BackgroundPipelineCreator.createPipelines(BackgroundPipelineCreator.java:99)
	at org.apache.hadoop.hdds.scm.pipeline.BackgroundPipelineCreator.lambda$startFixedIntervalPipelineCreator$0(BackgroundPipelineCreator.java:70)
	at java.util.concurrent.Executors$RunnableAdapter.call(Executors.java:511)
	at java.util.concurrent.FutureTask.runAndReset(FutureTask.java:308)
	at java.util.concurrent.ScheduledThreadPoolExecutor$ScheduledFutureTask.access$301(ScheduledThreadPoolExecutor.java:180)
	at java.util.concurrent.ScheduledThreadPoolExecutor$ScheduledFutureTask.run(ScheduledThreadPoolExecutor.java:294)
	at java.util.concurrent.ThreadPoolExecutor.runWorker(ThreadPoolExecutor.java:1149)
	at java.util.concurrent.ThreadPoolExecutor$Worker.run(ThreadPoolExecutor.java:624)
	at java.lang.Thread.run(Thread.java:748)
2019-09-25 11:42:14,403 [8c24ed06-386e-4085-8931-93c762a64530@group-DBE87B3B08CE:LeaderElection122] INFO  impl.LeaderElection (LeaderElection.java:askForVotes(182)) - 8c24ed06-386e-4085-8931-93c762a64530@group-DBE87B3B08CE:LeaderElection122: begin an election at term 4 for -1: [d0888866-0bad-4f41-ad37-dccd4a57b958:192.168.30.6:45405, a7d59ef6-3eca-4628-b097-12d983444e7f:192.168.30.6:43486, 8c24ed06-386e-4085-8931-93c762a64530:192.168.30.6:32862], old=null
2019-09-25 11:42:14,403 [19e67e26-3d21-4d01-be9f-29113a4a814c@group-ADB1B60517AF:LeaderElection125] INFO  impl.LeaderElection (LeaderElection.java:askForVotes(182)) - 19e67e26-3d21-4d01-be9f-29113a4a814c@group-ADB1B60517AF:LeaderElection125: begin an election at term 4 for -1: [d0888866-0bad-4f41-ad37-dccd4a57b958:192.168.30.6:45405, 19e67e26-3d21-4d01-be9f-29113a4a814c:192.168.30.6:34535, 8c24ed06-386e-4085-8931-93c762a64530:192.168.30.6:32862], old=null
2019-09-25 11:42:14,404 [19e67e26-3d21-4d01-be9f-29113a4a814c@group-BF1BD4D8076C:LeaderElection112] INFO  impl.LeaderElection (LeaderElection.java:askForVotes(182)) - 19e67e26-3d21-4d01-be9f-29113a4a814c@group-BF1BD4D8076C:LeaderElection112: begin an election at term 4 for -1: [e081c0a5-acfc-4a29-8262-ee158adf5b11:192.168.30.6:37941, 19e67e26-3d21-4d01-be9f-29113a4a814c:192.168.30.6:34535, 8c24ed06-386e-4085-8931-93c762a64530:192.168.30.6:32862], old=null
2019-09-25 11:42:14,404 [a7d59ef6-3eca-4628-b097-12d983444e7f@group-6E9EB1C0F638:LeaderElection132] INFO  impl.LeaderElection (LeaderElection.java:askForVotes(182)) - a7d59ef6-3eca-4628-b097-12d983444e7f@group-6E9EB1C0F638:LeaderElection132: begin an election at term 4 for -1: [e081c0a5-acfc-4a29-8262-ee158adf5b11:192.168.30.6:37941, a7d59ef6-3eca-4628-b097-12d983444e7f:192.168.30.6:43486, b7064b77-9271-4e94-8225-85d895886efb:192.168.30.6:41519], old=null
2019-09-25 11:42:14,403 [19e67e26-3d21-4d01-be9f-29113a4a814c@group-7CC56FB5D3F9:LeaderElection130] INFO  impl.LeaderElection (LeaderElection.java:askForVotes(182)) - 19e67e26-3d21-4d01-be9f-29113a4a814c@group-7CC56FB5D3F9:LeaderElection130: begin an election at term 4 for -1: [e081c0a5-acfc-4a29-8262-ee158adf5b11:192.168.30.6:37941, 19e67e26-3d21-4d01-be9f-29113a4a814c:192.168.30.6:34535, a7d59ef6-3eca-4628-b097-12d983444e7f:192.168.30.6:43486], old=null
2019-09-25 11:42:14,403 [d0888866-0bad-4f41-ad37-dccd4a57b958@group-DBE87B3B08CE:LeaderElection135] INFO  impl.LeaderElection (LeaderElection.java:askForVotes(182)) - d0888866-0bad-4f41-ad37-dccd4a57b958@group-DBE87B3B08CE:LeaderElection135: begin an election at term 4 for -1: [d0888866-0bad-4f41-ad37-dccd4a57b958:192.168.30.6:45405, a7d59ef6-3eca-4628-b097-12d983444e7f:192.168.30.6:43486, 8c24ed06-386e-4085-8931-93c762a64530:192.168.30.6:32862], old=null
2019-09-25 11:42:14,403 [d0888866-0bad-4f41-ad37-dccd4a57b958@group-071025EF7F78:LeaderElection106] INFO  impl.LeaderElection (LeaderElection.java:askForVotes(182)) - d0888866-0bad-4f41-ad37-dccd4a57b958@group-071025EF7F78:LeaderElection106: begin an election at term 4 for -1: [e081c0a5-acfc-4a29-8262-ee158adf5b11:192.168.30.6:37941, d0888866-0bad-4f41-ad37-dccd4a57b958:192.168.30.6:45405, 19e67e26-3d21-4d01-be9f-29113a4a814c:192.168.30.6:34535], old=null
2019-09-25 11:42:14,403 [8c24ed06-386e-4085-8931-93c762a64530@group-BF1BD4D8076C:LeaderElection134] INFO  impl.LeaderElection (LeaderElection.java:askForVotes(182)) - 8c24ed06-386e-4085-8931-93c762a64530@group-BF1BD4D8076C:LeaderElection134: begin an election at term 4 for -1: [e081c0a5-acfc-4a29-8262-ee158adf5b11:192.168.30.6:37941, 19e67e26-3d21-4d01-be9f-29113a4a814c:192.168.30.6:34535, 8c24ed06-386e-4085-8931-93c762a64530:192.168.30.6:32862], old=null
2019-09-25 11:42:14,403 [a7d59ef6-3eca-4628-b097-12d983444e7f@group-F2E0294EDFC2:LeaderElection110] INFO  impl.LeaderElection (LeaderElection.java:askForVotes(182)) - a7d59ef6-3eca-4628-b097-12d983444e7f@group-F2E0294EDFC2:LeaderElection110: begin an election at term 4 for -1: [d0888866-0bad-4f41-ad37-dccd4a57b958:192.168.30.6:45405, a7d59ef6-3eca-4628-b097-12d983444e7f:192.168.30.6:43486, b7064b77-9271-4e94-8225-85d895886efb:192.168.30.6:41519], old=null
2019-09-25 11:42:14,403 [d0888866-0bad-4f41-ad37-dccd4a57b958@group-F2E0294EDFC2:LeaderElection128] INFO  impl.LeaderElection (LeaderElection.java:askForVotes(182)) - d0888866-0bad-4f41-ad37-dccd4a57b958@group-F2E0294EDFC2:LeaderElection128: begin an election at term 4 for -1: [d0888866-0bad-4f41-ad37-dccd4a57b958:192.168.30.6:45405, a7d59ef6-3eca-4628-b097-12d983444e7f:192.168.30.6:43486, b7064b77-9271-4e94-8225-85d895886efb:192.168.30.6:41519], old=null
2019-09-25 11:42:14,403 [e081c0a5-acfc-4a29-8262-ee158adf5b11@group-7CC56FB5D3F9:LeaderElection113] INFO  impl.LeaderElection (LeaderElection.java:askForVotes(182)) - e081c0a5-acfc-4a29-8262-ee158adf5b11@group-7CC56FB5D3F9:LeaderElection113: begin an election at term 4 for -1: [e081c0a5-acfc-4a29-8262-ee158adf5b11:192.168.30.6:37941, 19e67e26-3d21-4d01-be9f-29113a4a814c:192.168.30.6:34535, a7d59ef6-3eca-4628-b097-12d983444e7f:192.168.30.6:43486], old=null
2019-09-25 11:42:14,403 [a7d59ef6-3eca-4628-b097-12d983444e7f@group-7CC56FB5D3F9:LeaderElection127] INFO  impl.LeaderElection (LeaderElection.java:askForVotes(182)) - a7d59ef6-3eca-4628-b097-12d983444e7f@group-7CC56FB5D3F9:LeaderElection127: begin an election at term 4 for -1: [e081c0a5-acfc-4a29-8262-ee158adf5b11:192.168.30.6:37941, 19e67e26-3d21-4d01-be9f-29113a4a814c:192.168.30.6:34535, a7d59ef6-3eca-4628-b097-12d983444e7f:192.168.30.6:43486], old=null
2019-09-25 11:42:14,403 [b7064b77-9271-4e94-8225-85d895886efb@group-CDCB2C8C105A:LeaderElection126] INFO  impl.LeaderElection (LeaderElection.java:askForVotes(182)) - b7064b77-9271-4e94-8225-85d895886efb@group-CDCB2C8C105A:LeaderElection126: begin an election at term 4 for -1: [d0888866-0bad-4f41-ad37-dccd4a57b958:192.168.30.6:45405, 8c24ed06-386e-4085-8931-93c762a64530:192.168.30.6:32862, b7064b77-9271-4e94-8225-85d895886efb:192.168.30.6:41519], old=null
2019-09-25 11:42:14,403 [b7064b77-9271-4e94-8225-85d895886efb@group-47DBAAEC82C8:LeaderElection116] INFO  impl.LeaderElection (LeaderElection.java:askForVotes(182)) - b7064b77-9271-4e94-8225-85d895886efb@group-47DBAAEC82C8:LeaderElection116: begin an election at term 4 for -1: [a7d59ef6-3eca-4628-b097-12d983444e7f:192.168.30.6:43486, 8c24ed06-386e-4085-8931-93c762a64530:192.168.30.6:32862, b7064b77-9271-4e94-8225-85d895886efb:192.168.30.6:41519], old=null
2019-09-25 11:42:14,403 [19e67e26-3d21-4d01-be9f-29113a4a814c@group-071025EF7F78:LeaderElection121] INFO  impl.LeaderElection (LeaderElection.java:askForVotes(182)) - 19e67e26-3d21-4d01-be9f-29113a4a814c@group-071025EF7F78:LeaderElection121: begin an election at term 4 for -1: [e081c0a5-acfc-4a29-8262-ee158adf5b11:192.168.30.6:37941, d0888866-0bad-4f41-ad37-dccd4a57b958:192.168.30.6:45405, 19e67e26-3d21-4d01-be9f-29113a4a814c:192.168.30.6:34535], old=null
2019-09-25 11:42:14,403 [b7064b77-9271-4e94-8225-85d895886efb@group-282EF1BFFEE0:LeaderElection118] INFO  impl.LeaderElection (LeaderElection.java:askForVotes(182)) - b7064b77-9271-4e94-8225-85d895886efb@group-282EF1BFFEE0:LeaderElection118: begin an election at term 4 for -1: [d0888866-0bad-4f41-ad37-dccd4a57b958:192.168.30.6:45405, a7d59ef6-3eca-4628-b097-12d983444e7f:192.168.30.6:43486, b7064b77-9271-4e94-8225-85d895886efb:192.168.30.6:41519], old=null
2019-09-25 11:42:14,403 [d0888866-0bad-4f41-ad37-dccd4a57b958@group-CDCB2C8C105A:LeaderElection123] INFO  impl.LeaderElection (LeaderElection.java:askForVotes(182)) - d0888866-0bad-4f41-ad37-dccd4a57b958@group-CDCB2C8C105A:LeaderElection123: begin an election at term 4 for -1: [d0888866-0bad-4f41-ad37-dccd4a57b958:192.168.30.6:45405, 8c24ed06-386e-4085-8931-93c762a64530:192.168.30.6:32862, b7064b77-9271-4e94-8225-85d895886efb:192.168.30.6:41519], old=null
2019-09-25 11:42:14,403 [d0888866-0bad-4f41-ad37-dccd4a57b958@group-282EF1BFFEE0:LeaderElection105] INFO  impl.LeaderElection (LeaderElection.java:askForVotes(182)) - d0888866-0bad-4f41-ad37-dccd4a57b958@group-282EF1BFFEE0:LeaderElection105: begin an election at term 4 for -1: [d0888866-0bad-4f41-ad37-dccd4a57b958:192.168.30.6:45405, a7d59ef6-3eca-4628-b097-12d983444e7f:192.168.30.6:43486, b7064b77-9271-4e94-8225-85d895886efb:192.168.30.6:41519], old=null
2019-09-25 11:42:14,403 [e081c0a5-acfc-4a29-8262-ee158adf5b11@group-6E9EB1C0F638:LeaderElection109] INFO  impl.LeaderElection (LeaderElection.java:askForVotes(182)) - e081c0a5-acfc-4a29-8262-ee158adf5b11@group-6E9EB1C0F638:LeaderElection109: begin an election at term 4 for -1: [e081c0a5-acfc-4a29-8262-ee158adf5b11:192.168.30.6:37941, a7d59ef6-3eca-4628-b097-12d983444e7f:192.168.30.6:43486, b7064b77-9271-4e94-8225-85d895886efb:192.168.30.6:41519], old=null
2019-09-25 11:42:14,403 [b7064b77-9271-4e94-8225-85d895886efb@group-6E9EB1C0F638:LeaderElection133] INFO  impl.LeaderElection (LeaderElection.java:askForVotes(182)) - b7064b77-9271-4e94-8225-85d895886efb@group-6E9EB1C0F638:LeaderElection133: begin an election at term 4 for -1: [e081c0a5-acfc-4a29-8262-ee158adf5b11:192.168.30.6:37941, a7d59ef6-3eca-4628-b097-12d983444e7f:192.168.30.6:43486, b7064b77-9271-4e94-8225-85d895886efb:192.168.30.6:41519], old=null
2019-09-25 11:42:14,403 [e081c0a5-acfc-4a29-8262-ee158adf5b11@group-BF1BD4D8076C:LeaderElection129] INFO  impl.LeaderElection (LeaderElection.java:askForVotes(182)) - e081c0a5-acfc-4a29-8262-ee158adf5b11@group-BF1BD4D8076C:LeaderElection129: begin an election at term 4 for -1: [e081c0a5-acfc-4a29-8262-ee158adf5b11:192.168.30.6:37941, 19e67e26-3d21-4d01-be9f-29113a4a814c:192.168.30.6:34535, 8c24ed06-386e-4085-8931-93c762a64530:192.168.30.6:32862], old=null
2019-09-25 11:42:14,403 [b7064b77-9271-4e94-8225-85d895886efb@group-B9DEF2EDD277:LeaderElection120] INFO  impl.LeaderElection (LeaderElection.java:askForVotes(182)) - b7064b77-9271-4e94-8225-85d895886efb@group-B9DEF2EDD277:LeaderElection120: begin an election at term 4 for -1: [19e67e26-3d21-4d01-be9f-29113a4a814c:192.168.30.6:34535, 8c24ed06-386e-4085-8931-93c762a64530:192.168.30.6:32862, b7064b77-9271-4e94-8225-85d895886efb:192.168.30.6:41519], old=null
2019-09-25 11:42:14,403 [8c24ed06-386e-4085-8931-93c762a64530@group-47DBAAEC82C8:LeaderElection117] INFO  impl.LeaderElection (LeaderElection.java:askForVotes(182)) - 8c24ed06-386e-4085-8931-93c762a64530@group-47DBAAEC82C8:LeaderElection117: begin an election at term 4 for -1: [a7d59ef6-3eca-4628-b097-12d983444e7f:192.168.30.6:43486, 8c24ed06-386e-4085-8931-93c762a64530:192.168.30.6:32862, b7064b77-9271-4e94-8225-85d895886efb:192.168.30.6:41519], old=null
2019-09-25 11:42:14,404 [d0888866-0bad-4f41-ad37-dccd4a57b958@group-ADB1B60517AF:LeaderElection104] INFO  impl.LeaderElection (LeaderElection.java:askForVotes(182)) - d0888866-0bad-4f41-ad37-dccd4a57b958@group-ADB1B60517AF:LeaderElection104: begin an election at term 4 for -1: [d0888866-0bad-4f41-ad37-dccd4a57b958:192.168.30.6:45405, 19e67e26-3d21-4d01-be9f-29113a4a814c:192.168.30.6:34535, 8c24ed06-386e-4085-8931-93c762a64530:192.168.30.6:32862], old=null
2019-09-25 11:42:14,404 [8c24ed06-386e-4085-8931-93c762a64530@group-B9DEF2EDD277:LeaderElection108] INFO  impl.LeaderElection (LeaderElection.java:askForVotes(182)) - 8c24ed06-386e-4085-8931-93c762a64530@group-B9DEF2EDD277:LeaderElection108: begin an election at term 4 for -1: [19e67e26-3d21-4d01-be9f-29113a4a814c:192.168.30.6:34535, 8c24ed06-386e-4085-8931-93c762a64530:192.168.30.6:32862, b7064b77-9271-4e94-8225-85d895886efb:192.168.30.6:41519], old=null
2019-09-25 11:42:14,404 [e081c0a5-acfc-4a29-8262-ee158adf5b11@group-071025EF7F78:LeaderElection111] INFO  impl.LeaderElection (LeaderElection.java:askForVotes(182)) - e081c0a5-acfc-4a29-8262-ee158adf5b11@group-071025EF7F78:LeaderElection111: begin an election at term 4 for -1: [e081c0a5-acfc-4a29-8262-ee158adf5b11:192.168.30.6:37941, d0888866-0bad-4f41-ad37-dccd4a57b958:192.168.30.6:45405, 19e67e26-3d21-4d01-be9f-29113a4a814c:192.168.30.6:34535], old=null
2019-09-25 11:42:14,404 [a7d59ef6-3eca-4628-b097-12d983444e7f@group-47DBAAEC82C8:LeaderElection119] INFO  impl.LeaderElection (LeaderElection.java:askForVotes(182)) - a7d59ef6-3eca-4628-b097-12d983444e7f@group-47DBAAEC82C8:LeaderElection119: begin an election at term 4 for -1: [a7d59ef6-3eca-4628-b097-12d983444e7f:192.168.30.6:43486, 8c24ed06-386e-4085-8931-93c762a64530:192.168.30.6:32862, b7064b77-9271-4e94-8225-85d895886efb:192.168.30.6:41519], old=null
2019-09-25 11:42:14,404 [b7064b77-9271-4e94-8225-85d895886efb@group-F2E0294EDFC2:LeaderElection107] INFO  impl.LeaderElection (LeaderElection.java:askForVotes(182)) - b7064b77-9271-4e94-8225-85d895886efb@group-F2E0294EDFC2:LeaderElection107: begin an election at term 4 for -1: [d0888866-0bad-4f41-ad37-dccd4a57b958:192.168.30.6:45405, a7d59ef6-3eca-4628-b097-12d983444e7f:192.168.30.6:43486, b7064b77-9271-4e94-8225-85d895886efb:192.168.30.6:41519], old=null
2019-09-25 11:42:14,404 [a7d59ef6-3eca-4628-b097-12d983444e7f@group-282EF1BFFEE0:LeaderElection124] INFO  impl.LeaderElection (LeaderElection.java:askForVotes(182)) - a7d59ef6-3eca-4628-b097-12d983444e7f@group-282EF1BFFEE0:LeaderElection124: begin an election at term 4 for -1: [d0888866-0bad-4f41-ad37-dccd4a57b958:192.168.30.6:45405, a7d59ef6-3eca-4628-b097-12d983444e7f:192.168.30.6:43486, b7064b77-9271-4e94-8225-85d895886efb:192.168.30.6:41519], old=null
2019-09-25 11:42:14,404 [19e67e26-3d21-4d01-be9f-29113a4a814c@group-B9DEF2EDD277:LeaderElection114] INFO  impl.LeaderElection (LeaderElection.java:askForVotes(182)) - 19e67e26-3d21-4d01-be9f-29113a4a814c@group-B9DEF2EDD277:LeaderElection114: begin an election at term 4 for -1: [19e67e26-3d21-4d01-be9f-29113a4a814c:192.168.30.6:34535, 8c24ed06-386e-4085-8931-93c762a64530:192.168.30.6:32862, b7064b77-9271-4e94-8225-85d895886efb:192.168.30.6:41519], old=null
2019-09-25 11:42:14,404 [8c24ed06-386e-4085-8931-93c762a64530@group-ADB1B60517AF:LeaderElection136] INFO  impl.LeaderElection (LeaderElection.java:askForVotes(182)) - 8c24ed06-386e-4085-8931-93c762a64530@group-ADB1B60517AF:LeaderElection136: begin an election at term 4 for -1: [d0888866-0bad-4f41-ad37-dccd4a57b958:192.168.30.6:45405, 19e67e26-3d21-4d01-be9f-29113a4a814c:192.168.30.6:34535, 8c24ed06-386e-4085-8931-93c762a64530:192.168.30.6:32862], old=null
2019-09-25 11:42:14,404 [a7d59ef6-3eca-4628-b097-12d983444e7f@group-DBE87B3B08CE:LeaderElection115] INFO  impl.LeaderElection (LeaderElection.java:askForVotes(182)) - a7d59ef6-3eca-4628-b097-12d983444e7f@group-DBE87B3B08CE:LeaderElection115: begin an election at term 4 for -1: [d0888866-0bad-4f41-ad37-dccd4a57b958:192.168.30.6:45405, a7d59ef6-3eca-4628-b097-12d983444e7f:192.168.30.6:43486, 8c24ed06-386e-4085-8931-93c762a64530:192.168.30.6:32862], old=null
2019-09-25 11:42:14,404 [8c24ed06-386e-4085-8931-93c762a64530@group-CDCB2C8C105A:LeaderElection131] INFO  impl.LeaderElection (LeaderElection.java:askForVotes(182)) - 8c24ed06-386e-4085-8931-93c762a64530@group-CDCB2C8C105A:LeaderElection131: begin an election at term 4 for -1: [d0888866-0bad-4f41-ad37-dccd4a57b958:192.168.30.6:45405, 8c24ed06-386e-4085-8931-93c762a64530:192.168.30.6:32862, b7064b77-9271-4e94-8225-85d895886efb:192.168.30.6:41519], old=null
2019-09-25 11:42:14,441 [8c24ed06-386e-4085-8931-93c762a64530@group-DBE87B3B08CE:LeaderElection122] INFO  impl.LeaderElection (LeaderElection.java:logAndReturn(56)) - 8c24ed06-386e-4085-8931-93c762a64530@group-DBE87B3B08CE:LeaderElection122: Election REJECTED; received 2 response(s) [8c24ed06-386e-4085-8931-93c762a64530<-d0888866-0bad-4f41-ad37-dccd4a57b958#0:FAIL-t4, 8c24ed06-386e-4085-8931-93c762a64530<-a7d59ef6-3eca-4628-b097-12d983444e7f#0:FAIL-t4] and 0 exception(s); 8c24ed06-386e-4085-8931-93c762a64530@group-DBE87B3B08CE:t4, leader=null, voted=8c24ed06-386e-4085-8931-93c762a64530, raftlog=8c24ed06-386e-4085-8931-93c762a64530@group-DBE87B3B08CE-SegmentedRaftLog:OPENED:c-1,f-1,i0, conf=-1: [d0888866-0bad-4f41-ad37-dccd4a57b958:192.168.30.6:45405, a7d59ef6-3eca-4628-b097-12d983444e7f:192.168.30.6:43486, 8c24ed06-386e-4085-8931-93c762a64530:192.168.30.6:32862], old=null
2019-09-25 11:42:14,441 [8c24ed06-386e-4085-8931-93c762a64530@group-DBE87B3B08CE:LeaderElection122] INFO  impl.RaftServerImpl (RaftServerImpl.java:setRole(174)) - 8c24ed06-386e-4085-8931-93c762a64530@group-DBE87B3B08CE: changes role from CANDIDATE to FOLLOWER at term 4 for DISCOVERED_A_NEW_TERM
2019-09-25 11:42:14,441 [8c24ed06-386e-4085-8931-93c762a64530@group-DBE87B3B08CE:LeaderElection122] INFO  impl.RoleInfo (RoleInfo.java:shutdownLeaderElection(134)) - 8c24ed06-386e-4085-8931-93c762a64530: shutdown LeaderElection
2019-09-25 11:42:14,441 [d0888866-0bad-4f41-ad37-dccd4a57b958@group-F2E0294EDFC2:LeaderElection128] INFO  impl.LeaderElection (LeaderElection.java:logAndReturn(56)) - d0888866-0bad-4f41-ad37-dccd4a57b958@group-F2E0294EDFC2:LeaderElection128: Election REJECTED; received 2 response(s) [d0888866-0bad-4f41-ad37-dccd4a57b958<-a7d59ef6-3eca-4628-b097-12d983444e7f#0:FAIL-t4, d0888866-0bad-4f41-ad37-dccd4a57b958<-b7064b77-9271-4e94-8225-85d895886efb#0:FAIL-t4] and 0 exception(s); d0888866-0bad-4f41-ad37-dccd4a57b958@group-F2E0294EDFC2:t4, leader=null, voted=d0888866-0bad-4f41-ad37-dccd4a57b958, raftlog=d0888866-0bad-4f41-ad37-dccd4a57b958@group-F2E0294EDFC2-SegmentedRaftLog:OPENED:c-1,f-1,i0, conf=-1: [d0888866-0bad-4f41-ad37-dccd4a57b958:192.168.30.6:45405, a7d59ef6-3eca-4628-b097-12d983444e7f:192.168.30.6:43486, b7064b77-9271-4e94-8225-85d895886efb:192.168.30.6:41519], old=null
2019-09-25 11:42:14,442 [8c24ed06-386e-4085-8931-93c762a64530@group-DBE87B3B08CE:LeaderElection122] INFO  impl.RoleInfo (RoleInfo.java:updateAndGet(143)) - 8c24ed06-386e-4085-8931-93c762a64530: start FollowerState
2019-09-25 11:42:14,442 [d0888866-0bad-4f41-ad37-dccd4a57b958@group-F2E0294EDFC2:LeaderElection128] INFO  impl.RaftServerImpl (RaftServerImpl.java:setRole(174)) - d0888866-0bad-4f41-ad37-dccd4a57b958@group-F2E0294EDFC2: changes role from CANDIDATE to FOLLOWER at term 4 for DISCOVERED_A_NEW_TERM
2019-09-25 11:42:14,442 [d0888866-0bad-4f41-ad37-dccd4a57b958@group-F2E0294EDFC2:LeaderElection128] INFO  impl.RoleInfo (RoleInfo.java:shutdownLeaderElection(134)) - d0888866-0bad-4f41-ad37-dccd4a57b958: shutdown LeaderElection
2019-09-25 11:42:14,442 [d0888866-0bad-4f41-ad37-dccd4a57b958@group-F2E0294EDFC2:LeaderElection128] INFO  impl.RoleInfo (RoleInfo.java:updateAndGet(143)) - d0888866-0bad-4f41-ad37-dccd4a57b958: start FollowerState
2019-09-25 11:42:14,442 [a7d59ef6-3eca-4628-b097-12d983444e7f@group-DBE87B3B08CE:LeaderElection115] INFO  impl.LeaderElection (LeaderElection.java:logAndReturn(56)) - a7d59ef6-3eca-4628-b097-12d983444e7f@group-DBE87B3B08CE:LeaderElection115: Election REJECTED; received 2 response(s) [a7d59ef6-3eca-4628-b097-12d983444e7f<-d0888866-0bad-4f41-ad37-dccd4a57b958#0:FAIL-t4, a7d59ef6-3eca-4628-b097-12d983444e7f<-8c24ed06-386e-4085-8931-93c762a64530#0:FAIL-t4] and 0 exception(s); a7d59ef6-3eca-4628-b097-12d983444e7f@group-DBE87B3B08CE:t4, leader=null, voted=a7d59ef6-3eca-4628-b097-12d983444e7f, raftlog=a7d59ef6-3eca-4628-b097-12d983444e7f@group-DBE87B3B08CE-SegmentedRaftLog:OPENED:c-1,f-1,i0, conf=-1: [d0888866-0bad-4f41-ad37-dccd4a57b958:192.168.30.6:45405, a7d59ef6-3eca-4628-b097-12d983444e7f:192.168.30.6:43486, 8c24ed06-386e-4085-8931-93c762a64530:192.168.30.6:32862], old=null
2019-09-25 11:42:14,443 [a7d59ef6-3eca-4628-b097-12d983444e7f@group-DBE87B3B08CE:LeaderElection115] INFO  impl.RaftServerImpl (RaftServerImpl.java:setRole(174)) - a7d59ef6-3eca-4628-b097-12d983444e7f@group-DBE87B3B08CE: changes role from CANDIDATE to FOLLOWER at term 4 for DISCOVERED_A_NEW_TERM
2019-09-25 11:42:14,443 [a7d59ef6-3eca-4628-b097-12d983444e7f@group-DBE87B3B08CE:LeaderElection115] INFO  impl.RoleInfo (RoleInfo.java:shutdownLeaderElection(134)) - a7d59ef6-3eca-4628-b097-12d983444e7f: shutdown LeaderElection
2019-09-25 11:42:14,443 [e081c0a5-acfc-4a29-8262-ee158adf5b11@group-071025EF7F78:LeaderElection111] INFO  impl.LeaderElection (LeaderElection.java:logAndReturn(56)) - e081c0a5-acfc-4a29-8262-ee158adf5b11@group-071025EF7F78:LeaderElection111: Election REJECTED; received 2 response(s) [e081c0a5-acfc-4a29-8262-ee158adf5b11<-d0888866-0bad-4f41-ad37-dccd4a57b958#0:FAIL-t4, e081c0a5-acfc-4a29-8262-ee158adf5b11<-19e67e26-3d21-4d01-be9f-29113a4a814c#0:FAIL-t4] and 0 exception(s); e081c0a5-acfc-4a29-8262-ee158adf5b11@group-071025EF7F78:t4, leader=null, voted=e081c0a5-acfc-4a29-8262-ee158adf5b11, raftlog=e081c0a5-acfc-4a29-8262-ee158adf5b11@group-071025EF7F78-SegmentedRaftLog:OPENED:c-1,f-1,i0, conf=-1: [e081c0a5-acfc-4a29-8262-ee158adf5b11:192.168.30.6:37941, d0888866-0bad-4f41-ad37-dccd4a57b958:192.168.30.6:45405, 19e67e26-3d21-4d01-be9f-29113a4a814c:192.168.30.6:34535], old=null
2019-09-25 11:42:14,443 [a7d59ef6-3eca-4628-b097-12d983444e7f@group-DBE87B3B08CE:LeaderElection115] INFO  impl.RoleInfo (RoleInfo.java:updateAndGet(143)) - a7d59ef6-3eca-4628-b097-12d983444e7f: start FollowerState
2019-09-25 11:42:14,443 [e081c0a5-acfc-4a29-8262-ee158adf5b11@group-071025EF7F78:LeaderElection111] INFO  impl.RaftServerImpl (RaftServerImpl.java:setRole(174)) - e081c0a5-acfc-4a29-8262-ee158adf5b11@group-071025EF7F78: changes role from CANDIDATE to FOLLOWER at term 4 for DISCOVERED_A_NEW_TERM
2019-09-25 11:42:14,443 [e081c0a5-acfc-4a29-8262-ee158adf5b11@group-071025EF7F78:LeaderElection111] INFO  impl.RoleInfo (RoleInfo.java:shutdownLeaderElection(134)) - e081c0a5-acfc-4a29-8262-ee158adf5b11: shutdown LeaderElection
2019-09-25 11:42:14,443 [e081c0a5-acfc-4a29-8262-ee158adf5b11@group-071025EF7F78:LeaderElection111] INFO  impl.RoleInfo (RoleInfo.java:updateAndGet(143)) - e081c0a5-acfc-4a29-8262-ee158adf5b11: start FollowerState
2019-09-25 11:42:14,444 [d0888866-0bad-4f41-ad37-dccd4a57b958@group-ADB1B60517AF:LeaderElection104] INFO  impl.LeaderElection (LeaderElection.java:logAndReturn(56)) - d0888866-0bad-4f41-ad37-dccd4a57b958@group-ADB1B60517AF:LeaderElection104: Election REJECTED; received 2 response(s) [d0888866-0bad-4f41-ad37-dccd4a57b958<-19e67e26-3d21-4d01-be9f-29113a4a814c#0:FAIL-t4, d0888866-0bad-4f41-ad37-dccd4a57b958<-8c24ed06-386e-4085-8931-93c762a64530#0:FAIL-t4] and 0 exception(s); d0888866-0bad-4f41-ad37-dccd4a57b958@group-ADB1B60517AF:t4, leader=null, voted=d0888866-0bad-4f41-ad37-dccd4a57b958, raftlog=d0888866-0bad-4f41-ad37-dccd4a57b958@group-ADB1B60517AF-SegmentedRaftLog:OPENED:c-1,f-1,i0, conf=-1: [d0888866-0bad-4f41-ad37-dccd4a57b958:192.168.30.6:45405, 19e67e26-3d21-4d01-be9f-29113a4a814c:192.168.30.6:34535, 8c24ed06-386e-4085-8931-93c762a64530:192.168.30.6:32862], old=null
2019-09-25 11:42:14,444 [d0888866-0bad-4f41-ad37-dccd4a57b958@group-ADB1B60517AF:LeaderElection104] INFO  impl.RaftServerImpl (RaftServerImpl.java:setRole(174)) - d0888866-0bad-4f41-ad37-dccd4a57b958@group-ADB1B60517AF: changes role from CANDIDATE to FOLLOWER at term 4 for DISCOVERED_A_NEW_TERM
2019-09-25 11:42:14,444 [d0888866-0bad-4f41-ad37-dccd4a57b958@group-ADB1B60517AF:LeaderElection104] INFO  impl.RoleInfo (RoleInfo.java:shutdownLeaderElection(134)) - d0888866-0bad-4f41-ad37-dccd4a57b958: shutdown LeaderElection
2019-09-25 11:42:14,444 [d0888866-0bad-4f41-ad37-dccd4a57b958@group-071025EF7F78:LeaderElection106] INFO  impl.LeaderElection (LeaderElection.java:logAndReturn(56)) - d0888866-0bad-4f41-ad37-dccd4a57b958@group-071025EF7F78:LeaderElection106: Election REJECTED; received 2 response(s) [d0888866-0bad-4f41-ad37-dccd4a57b958<-e081c0a5-acfc-4a29-8262-ee158adf5b11#0:FAIL-t4, d0888866-0bad-4f41-ad37-dccd4a57b958<-19e67e26-3d21-4d01-be9f-29113a4a814c#0:FAIL-t4] and 0 exception(s); d0888866-0bad-4f41-ad37-dccd4a57b958@group-071025EF7F78:t4, leader=null, voted=d0888866-0bad-4f41-ad37-dccd4a57b958, raftlog=d0888866-0bad-4f41-ad37-dccd4a57b958@group-071025EF7F78-SegmentedRaftLog:OPENED:c-1,f-1,i0, conf=-1: [e081c0a5-acfc-4a29-8262-ee158adf5b11:192.168.30.6:37941, d0888866-0bad-4f41-ad37-dccd4a57b958:192.168.30.6:45405, 19e67e26-3d21-4d01-be9f-29113a4a814c:192.168.30.6:34535], old=null
2019-09-25 11:42:14,447 [d0888866-0bad-4f41-ad37-dccd4a57b958@group-ADB1B60517AF:LeaderElection104] INFO  impl.RoleInfo (RoleInfo.java:updateAndGet(143)) - d0888866-0bad-4f41-ad37-dccd4a57b958: start FollowerState
2019-09-25 11:42:14,447 [d0888866-0bad-4f41-ad37-dccd4a57b958@group-071025EF7F78:LeaderElection106] INFO  impl.RaftServerImpl (RaftServerImpl.java:setRole(174)) - d0888866-0bad-4f41-ad37-dccd4a57b958@group-071025EF7F78: changes role from CANDIDATE to FOLLOWER at term 4 for DISCOVERED_A_NEW_TERM
2019-09-25 11:42:14,448 [d0888866-0bad-4f41-ad37-dccd4a57b958@group-071025EF7F78:LeaderElection106] INFO  impl.RoleInfo (RoleInfo.java:shutdownLeaderElection(134)) - d0888866-0bad-4f41-ad37-dccd4a57b958: shutdown LeaderElection
2019-09-25 11:42:14,448 [d0888866-0bad-4f41-ad37-dccd4a57b958@group-071025EF7F78:LeaderElection106] INFO  impl.RoleInfo (RoleInfo.java:updateAndGet(143)) - d0888866-0bad-4f41-ad37-dccd4a57b958: start FollowerState
2019-09-25 11:42:14,448 [b7064b77-9271-4e94-8225-85d895886efb@group-282EF1BFFEE0:LeaderElection118] INFO  impl.LeaderElection (LeaderElection.java:logAndReturn(56)) - b7064b77-9271-4e94-8225-85d895886efb@group-282EF1BFFEE0:LeaderElection118: Election REJECTED; received 2 response(s) [b7064b77-9271-4e94-8225-85d895886efb<-d0888866-0bad-4f41-ad37-dccd4a57b958#0:FAIL-t4, b7064b77-9271-4e94-8225-85d895886efb<-a7d59ef6-3eca-4628-b097-12d983444e7f#0:FAIL-t4] and 0 exception(s); b7064b77-9271-4e94-8225-85d895886efb@group-282EF1BFFEE0:t4, leader=null, voted=b7064b77-9271-4e94-8225-85d895886efb, raftlog=b7064b77-9271-4e94-8225-85d895886efb@group-282EF1BFFEE0-SegmentedRaftLog:OPENED:c-1,f-1,i0, conf=-1: [d0888866-0bad-4f41-ad37-dccd4a57b958:192.168.30.6:45405, a7d59ef6-3eca-4628-b097-12d983444e7f:192.168.30.6:43486, b7064b77-9271-4e94-8225-85d895886efb:192.168.30.6:41519], old=null
2019-09-25 11:42:14,448 [b7064b77-9271-4e94-8225-85d895886efb@group-F2E0294EDFC2:LeaderElection107] INFO  impl.LeaderElection (LeaderElection.java:logAndReturn(56)) - b7064b77-9271-4e94-8225-85d895886efb@group-F2E0294EDFC2:LeaderElection107: Election REJECTED; received 2 response(s) [b7064b77-9271-4e94-8225-85d895886efb<-d0888866-0bad-4f41-ad37-dccd4a57b958#0:FAIL-t4, b7064b77-9271-4e94-8225-85d895886efb<-a7d59ef6-3eca-4628-b097-12d983444e7f#0:FAIL-t4] and 0 exception(s); b7064b77-9271-4e94-8225-85d895886efb@group-F2E0294EDFC2:t4, leader=null, voted=b7064b77-9271-4e94-8225-85d895886efb, raftlog=b7064b77-9271-4e94-8225-85d895886efb@group-F2E0294EDFC2-SegmentedRaftLog:OPENED:c-1,f-1,i0, conf=-1: [d0888866-0bad-4f41-ad37-dccd4a57b958:192.168.30.6:45405, a7d59ef6-3eca-4628-b097-12d983444e7f:192.168.30.6:43486, b7064b77-9271-4e94-8225-85d895886efb:192.168.30.6:41519], old=null
2019-09-25 11:42:14,448 [b7064b77-9271-4e94-8225-85d895886efb@group-282EF1BFFEE0:LeaderElection118] INFO  impl.RaftServerImpl (RaftServerImpl.java:setRole(174)) - b7064b77-9271-4e94-8225-85d895886efb@group-282EF1BFFEE0: changes role from CANDIDATE to FOLLOWER at term 4 for DISCOVERED_A_NEW_TERM
2019-09-25 11:42:14,449 [b7064b77-9271-4e94-8225-85d895886efb@group-F2E0294EDFC2:LeaderElection107] INFO  impl.RaftServerImpl (RaftServerImpl.java:setRole(174)) - b7064b77-9271-4e94-8225-85d895886efb@group-F2E0294EDFC2: changes role from CANDIDATE to FOLLOWER at term 4 for DISCOVERED_A_NEW_TERM
2019-09-25 11:42:14,449 [19e67e26-3d21-4d01-be9f-29113a4a814c@group-7CC56FB5D3F9:LeaderElection130] INFO  impl.LeaderElection (LeaderElection.java:logAndReturn(56)) - 19e67e26-3d21-4d01-be9f-29113a4a814c@group-7CC56FB5D3F9:LeaderElection130: Election REJECTED; received 2 response(s) [19e67e26-3d21-4d01-be9f-29113a4a814c<-e081c0a5-acfc-4a29-8262-ee158adf5b11#0:FAIL-t4, 19e67e26-3d21-4d01-be9f-29113a4a814c<-a7d59ef6-3eca-4628-b097-12d983444e7f#0:FAIL-t4] and 0 exception(s); 19e67e26-3d21-4d01-be9f-29113a4a814c@group-7CC56FB5D3F9:t4, leader=null, voted=19e67e26-3d21-4d01-be9f-29113a4a814c, raftlog=19e67e26-3d21-4d01-be9f-29113a4a814c@group-7CC56FB5D3F9-SegmentedRaftLog:OPENED:c-1,f-1,i0, conf=-1: [e081c0a5-acfc-4a29-8262-ee158adf5b11:192.168.30.6:37941, 19e67e26-3d21-4d01-be9f-29113a4a814c:192.168.30.6:34535, a7d59ef6-3eca-4628-b097-12d983444e7f:192.168.30.6:43486], old=null
2019-09-25 11:42:14,449 [b7064b77-9271-4e94-8225-85d895886efb@group-282EF1BFFEE0:LeaderElection118] INFO  impl.RoleInfo (RoleInfo.java:shutdownLeaderElection(134)) - b7064b77-9271-4e94-8225-85d895886efb: shutdown LeaderElection
2019-09-25 11:42:14,449 [19e67e26-3d21-4d01-be9f-29113a4a814c@group-7CC56FB5D3F9:LeaderElection130] INFO  impl.RaftServerImpl (RaftServerImpl.java:setRole(174)) - 19e67e26-3d21-4d01-be9f-29113a4a814c@group-7CC56FB5D3F9: changes role from CANDIDATE to FOLLOWER at term 4 for DISCOVERED_A_NEW_TERM
2019-09-25 11:42:14,449 [19e67e26-3d21-4d01-be9f-29113a4a814c@group-B9DEF2EDD277:LeaderElection114] INFO  impl.LeaderElection (LeaderElection.java:logAndReturn(56)) - 19e67e26-3d21-4d01-be9f-29113a4a814c@group-B9DEF2EDD277:LeaderElection114: Election REJECTED; received 2 response(s) [19e67e26-3d21-4d01-be9f-29113a4a814c<-8c24ed06-386e-4085-8931-93c762a64530#0:FAIL-t4, 19e67e26-3d21-4d01-be9f-29113a4a814c<-b7064b77-9271-4e94-8225-85d895886efb#0:FAIL-t4] and 0 exception(s); 19e67e26-3d21-4d01-be9f-29113a4a814c@group-B9DEF2EDD277:t4, leader=null, voted=19e67e26-3d21-4d01-be9f-29113a4a814c, raftlog=19e67e26-3d21-4d01-be9f-29113a4a814c@group-B9DEF2EDD277-SegmentedRaftLog:OPENED:c-1,f-1,i0, conf=-1: [19e67e26-3d21-4d01-be9f-29113a4a814c:192.168.30.6:34535, 8c24ed06-386e-4085-8931-93c762a64530:192.168.30.6:32862, b7064b77-9271-4e94-8225-85d895886efb:192.168.30.6:41519], old=null
2019-09-25 11:42:14,449 [19e67e26-3d21-4d01-be9f-29113a4a814c@group-BF1BD4D8076C:LeaderElection112] INFO  impl.LeaderElection (LeaderElection.java:logAndReturn(56)) - 19e67e26-3d21-4d01-be9f-29113a4a814c@group-BF1BD4D8076C:LeaderElection112: Election REJECTED; received 2 response(s) [19e67e26-3d21-4d01-be9f-29113a4a814c<-e081c0a5-acfc-4a29-8262-ee158adf5b11#0:FAIL-t4, 19e67e26-3d21-4d01-be9f-29113a4a814c<-8c24ed06-386e-4085-8931-93c762a64530#0:FAIL-t4] and 0 exception(s); 19e67e26-3d21-4d01-be9f-29113a4a814c@group-BF1BD4D8076C:t4, leader=null, voted=19e67e26-3d21-4d01-be9f-29113a4a814c, raftlog=19e67e26-3d21-4d01-be9f-29113a4a814c@group-BF1BD4D8076C-SegmentedRaftLog:OPENED:c-1,f-1,i0, conf=-1: [e081c0a5-acfc-4a29-8262-ee158adf5b11:192.168.30.6:37941, 19e67e26-3d21-4d01-be9f-29113a4a814c:192.168.30.6:34535, 8c24ed06-386e-4085-8931-93c762a64530:192.168.30.6:32862], old=null
2019-09-25 11:42:14,449 [b7064b77-9271-4e94-8225-85d895886efb@group-F2E0294EDFC2:LeaderElection107] INFO  impl.RoleInfo (RoleInfo.java:shutdownLeaderElection(134)) - b7064b77-9271-4e94-8225-85d895886efb: shutdown LeaderElection
2019-09-25 11:42:14,450 [19e67e26-3d21-4d01-be9f-29113a4a814c@group-BF1BD4D8076C:LeaderElection112] INFO  impl.RaftServerImpl (RaftServerImpl.java:setRole(174)) - 19e67e26-3d21-4d01-be9f-29113a4a814c@group-BF1BD4D8076C: changes role from CANDIDATE to FOLLOWER at term 4 for DISCOVERED_A_NEW_TERM
2019-09-25 11:42:14,449 [19e67e26-3d21-4d01-be9f-29113a4a814c@group-B9DEF2EDD277:LeaderElection114] INFO  impl.RaftServerImpl (RaftServerImpl.java:setRole(174)) - 19e67e26-3d21-4d01-be9f-29113a4a814c@group-B9DEF2EDD277: changes role from CANDIDATE to FOLLOWER at term 4 for DISCOVERED_A_NEW_TERM
2019-09-25 11:42:14,449 [19e67e26-3d21-4d01-be9f-29113a4a814c@group-7CC56FB5D3F9:LeaderElection130] INFO  impl.RoleInfo (RoleInfo.java:shutdownLeaderElection(134)) - 19e67e26-3d21-4d01-be9f-29113a4a814c: shutdown LeaderElection
2019-09-25 11:42:14,449 [b7064b77-9271-4e94-8225-85d895886efb@group-282EF1BFFEE0:LeaderElection118] INFO  impl.RoleInfo (RoleInfo.java:updateAndGet(143)) - b7064b77-9271-4e94-8225-85d895886efb: start FollowerState
2019-09-25 11:42:14,450 [19e67e26-3d21-4d01-be9f-29113a4a814c@group-7CC56FB5D3F9:LeaderElection130] INFO  impl.RoleInfo (RoleInfo.java:updateAndGet(143)) - 19e67e26-3d21-4d01-be9f-29113a4a814c: start FollowerState
2019-09-25 11:42:14,450 [19e67e26-3d21-4d01-be9f-29113a4a814c@group-B9DEF2EDD277:LeaderElection114] INFO  impl.RoleInfo (RoleInfo.java:shutdownLeaderElection(134)) - 19e67e26-3d21-4d01-be9f-29113a4a814c: shutdown LeaderElection
2019-09-25 11:42:14,450 [19e67e26-3d21-4d01-be9f-29113a4a814c@group-BF1BD4D8076C:LeaderElection112] INFO  impl.RoleInfo (RoleInfo.java:shutdownLeaderElection(134)) - 19e67e26-3d21-4d01-be9f-29113a4a814c: shutdown LeaderElection
2019-09-25 11:42:14,450 [b7064b77-9271-4e94-8225-85d895886efb@group-F2E0294EDFC2:LeaderElection107] INFO  impl.RoleInfo (RoleInfo.java:updateAndGet(143)) - b7064b77-9271-4e94-8225-85d895886efb: start FollowerState
2019-09-25 11:42:14,451 [19e67e26-3d21-4d01-be9f-29113a4a814c@group-BF1BD4D8076C:LeaderElection112] INFO  impl.RoleInfo (RoleInfo.java:updateAndGet(143)) - 19e67e26-3d21-4d01-be9f-29113a4a814c: start FollowerState
2019-09-25 11:42:14,450 [19e67e26-3d21-4d01-be9f-29113a4a814c@group-B9DEF2EDD277:LeaderElection114] INFO  impl.RoleInfo (RoleInfo.java:updateAndGet(143)) - 19e67e26-3d21-4d01-be9f-29113a4a814c: start FollowerState
2019-09-25 11:42:14,452 [8c24ed06-386e-4085-8931-93c762a64530@group-BF1BD4D8076C:LeaderElection134] INFO  impl.LeaderElection (LeaderElection.java:logAndReturn(56)) - 8c24ed06-386e-4085-8931-93c762a64530@group-BF1BD4D8076C:LeaderElection134: Election REJECTED; received 2 response(s) [8c24ed06-386e-4085-8931-93c762a64530<-e081c0a5-acfc-4a29-8262-ee158adf5b11#0:FAIL-t4, 8c24ed06-386e-4085-8931-93c762a64530<-19e67e26-3d21-4d01-be9f-29113a4a814c#0:FAIL-t4] and 0 exception(s); 8c24ed06-386e-4085-8931-93c762a64530@group-BF1BD4D8076C:t4, leader=null, voted=8c24ed06-386e-4085-8931-93c762a64530, raftlog=8c24ed06-386e-4085-8931-93c762a64530@group-BF1BD4D8076C-SegmentedRaftLog:OPENED:c-1,f-1,i0, conf=-1: [e081c0a5-acfc-4a29-8262-ee158adf5b11:192.168.30.6:37941, 19e67e26-3d21-4d01-be9f-29113a4a814c:192.168.30.6:34535, 8c24ed06-386e-4085-8931-93c762a64530:192.168.30.6:32862], old=null
2019-09-25 11:42:14,452 [8c24ed06-386e-4085-8931-93c762a64530@group-ADB1B60517AF:LeaderElection136] INFO  impl.LeaderElection (LeaderElection.java:logAndReturn(56)) - 8c24ed06-386e-4085-8931-93c762a64530@group-ADB1B60517AF:LeaderElection136: Election REJECTED; received 2 response(s) [8c24ed06-386e-4085-8931-93c762a64530<-d0888866-0bad-4f41-ad37-dccd4a57b958#0:FAIL-t4, 8c24ed06-386e-4085-8931-93c762a64530<-19e67e26-3d21-4d01-be9f-29113a4a814c#0:FAIL-t4] and 0 exception(s); 8c24ed06-386e-4085-8931-93c762a64530@group-ADB1B60517AF:t4, leader=null, voted=8c24ed06-386e-4085-8931-93c762a64530, raftlog=8c24ed06-386e-4085-8931-93c762a64530@group-ADB1B60517AF-SegmentedRaftLog:OPENED:c-1,f-1,i0, conf=-1: [d0888866-0bad-4f41-ad37-dccd4a57b958:192.168.30.6:45405, 19e67e26-3d21-4d01-be9f-29113a4a814c:192.168.30.6:34535, 8c24ed06-386e-4085-8931-93c762a64530:192.168.30.6:32862], old=null
2019-09-25 11:42:14,452 [8c24ed06-386e-4085-8931-93c762a64530@group-BF1BD4D8076C:LeaderElection134] INFO  impl.RaftServerImpl (RaftServerImpl.java:setRole(174)) - 8c24ed06-386e-4085-8931-93c762a64530@group-BF1BD4D8076C: changes role from CANDIDATE to FOLLOWER at term 4 for DISCOVERED_A_NEW_TERM
2019-09-25 11:42:14,453 [8c24ed06-386e-4085-8931-93c762a64530@group-ADB1B60517AF:LeaderElection136] INFO  impl.RaftServerImpl (RaftServerImpl.java:setRole(174)) - 8c24ed06-386e-4085-8931-93c762a64530@group-ADB1B60517AF: changes role from CANDIDATE to FOLLOWER at term 4 for DISCOVERED_A_NEW_TERM
2019-09-25 11:42:14,453 [8c24ed06-386e-4085-8931-93c762a64530@group-BF1BD4D8076C:LeaderElection134] INFO  impl.RoleInfo (RoleInfo.java:shutdownLeaderElection(134)) - 8c24ed06-386e-4085-8931-93c762a64530: shutdown LeaderElection
2019-09-25 11:42:14,453 [a7d59ef6-3eca-4628-b097-12d983444e7f@group-F2E0294EDFC2:LeaderElection110] INFO  impl.LeaderElection (LeaderElection.java:logAndReturn(56)) - a7d59ef6-3eca-4628-b097-12d983444e7f@group-F2E0294EDFC2:LeaderElection110: Election REJECTED; received 2 response(s) [a7d59ef6-3eca-4628-b097-12d983444e7f<-d0888866-0bad-4f41-ad37-dccd4a57b958#0:FAIL-t4, a7d59ef6-3eca-4628-b097-12d983444e7f<-b7064b77-9271-4e94-8225-85d895886efb#0:FAIL-t4] and 0 exception(s); a7d59ef6-3eca-4628-b097-12d983444e7f@group-F2E0294EDFC2:t4, leader=null, voted=a7d59ef6-3eca-4628-b097-12d983444e7f, raftlog=a7d59ef6-3eca-4628-b097-12d983444e7f@group-F2E0294EDFC2-SegmentedRaftLog:OPENED:c-1,f-1,i0, conf=-1: [d0888866-0bad-4f41-ad37-dccd4a57b958:192.168.30.6:45405, a7d59ef6-3eca-4628-b097-12d983444e7f:192.168.30.6:43486, b7064b77-9271-4e94-8225-85d895886efb:192.168.30.6:41519], old=null
2019-09-25 11:42:14,453 [8c24ed06-386e-4085-8931-93c762a64530@group-BF1BD4D8076C:LeaderElection134] INFO  impl.RoleInfo (RoleInfo.java:updateAndGet(143)) - 8c24ed06-386e-4085-8931-93c762a64530: start FollowerState
2019-09-25 11:42:14,453 [a7d59ef6-3eca-4628-b097-12d983444e7f@group-282EF1BFFEE0:LeaderElection124] INFO  impl.LeaderElection (LeaderElection.java:logAndReturn(56)) - a7d59ef6-3eca-4628-b097-12d983444e7f@group-282EF1BFFEE0:LeaderElection124: Election REJECTED; received 2 response(s) [a7d59ef6-3eca-4628-b097-12d983444e7f<-d0888866-0bad-4f41-ad37-dccd4a57b958#0:FAIL-t4, a7d59ef6-3eca-4628-b097-12d983444e7f<-b7064b77-9271-4e94-8225-85d895886efb#0:FAIL-t4] and 0 exception(s); a7d59ef6-3eca-4628-b097-12d983444e7f@group-282EF1BFFEE0:t4, leader=null, voted=a7d59ef6-3eca-4628-b097-12d983444e7f, raftlog=a7d59ef6-3eca-4628-b097-12d983444e7f@group-282EF1BFFEE0-SegmentedRaftLog:OPENED:c-1,f-1,i0, conf=-1: [d0888866-0bad-4f41-ad37-dccd4a57b958:192.168.30.6:45405, a7d59ef6-3eca-4628-b097-12d983444e7f:192.168.30.6:43486, b7064b77-9271-4e94-8225-85d895886efb:192.168.30.6:41519], old=null
2019-09-25 11:42:14,453 [d0888866-0bad-4f41-ad37-dccd4a57b958@group-DBE87B3B08CE:LeaderElection135] INFO  impl.LeaderElection (LeaderElection.java:logAndReturn(56)) - d0888866-0bad-4f41-ad37-dccd4a57b958@group-DBE87B3B08CE:LeaderElection135: Election REJECTED; received 2 response(s) [d0888866-0bad-4f41-ad37-dccd4a57b958<-a7d59ef6-3eca-4628-b097-12d983444e7f#0:FAIL-t4, d0888866-0bad-4f41-ad37-dccd4a57b958<-8c24ed06-386e-4085-8931-93c762a64530#0:FAIL-t4] and 0 exception(s); d0888866-0bad-4f41-ad37-dccd4a57b958@group-DBE87B3B08CE:t4, leader=null, voted=d0888866-0bad-4f41-ad37-dccd4a57b958, raftlog=d0888866-0bad-4f41-ad37-dccd4a57b958@group-DBE87B3B08CE-SegmentedRaftLog:OPENED:c-1,f-1,i0, conf=-1: [d0888866-0bad-4f41-ad37-dccd4a57b958:192.168.30.6:45405, a7d59ef6-3eca-4628-b097-12d983444e7f:192.168.30.6:43486, 8c24ed06-386e-4085-8931-93c762a64530:192.168.30.6:32862], old=null
2019-09-25 11:42:14,453 [8c24ed06-386e-4085-8931-93c762a64530@group-ADB1B60517AF:LeaderElection136] INFO  impl.RoleInfo (RoleInfo.java:shutdownLeaderElection(134)) - 8c24ed06-386e-4085-8931-93c762a64530: shutdown LeaderElection
2019-09-25 11:42:14,453 [d0888866-0bad-4f41-ad37-dccd4a57b958@group-DBE87B3B08CE:LeaderElection135] INFO  impl.RaftServerImpl (RaftServerImpl.java:setRole(174)) - d0888866-0bad-4f41-ad37-dccd4a57b958@group-DBE87B3B08CE: changes role from CANDIDATE to FOLLOWER at term 4 for DISCOVERED_A_NEW_TERM
2019-09-25 11:42:14,453 [a7d59ef6-3eca-4628-b097-12d983444e7f@group-282EF1BFFEE0:LeaderElection124] INFO  impl.RaftServerImpl (RaftServerImpl.java:setRole(174)) - a7d59ef6-3eca-4628-b097-12d983444e7f@group-282EF1BFFEE0: changes role from CANDIDATE to FOLLOWER at term 4 for DISCOVERED_A_NEW_TERM
2019-09-25 11:42:14,453 [a7d59ef6-3eca-4628-b097-12d983444e7f@group-47DBAAEC82C8:LeaderElection119] INFO  impl.LeaderElection (LeaderElection.java:logAndReturn(56)) - a7d59ef6-3eca-4628-b097-12d983444e7f@group-47DBAAEC82C8:LeaderElection119: Election REJECTED; received 2 response(s) [a7d59ef6-3eca-4628-b097-12d983444e7f<-8c24ed06-386e-4085-8931-93c762a64530#0:FAIL-t4, a7d59ef6-3eca-4628-b097-12d983444e7f<-b7064b77-9271-4e94-8225-85d895886efb#0:FAIL-t4] and 0 exception(s); a7d59ef6-3eca-4628-b097-12d983444e7f@group-47DBAAEC82C8:t4, leader=null, voted=a7d59ef6-3eca-4628-b097-12d983444e7f, raftlog=a7d59ef6-3eca-4628-b097-12d983444e7f@group-47DBAAEC82C8-SegmentedRaftLog:OPENED:c-1,f-1,i0, conf=-1: [a7d59ef6-3eca-4628-b097-12d983444e7f:192.168.30.6:43486, 8c24ed06-386e-4085-8931-93c762a64530:192.168.30.6:32862, b7064b77-9271-4e94-8225-85d895886efb:192.168.30.6:41519], old=null
2019-09-25 11:42:14,453 [a7d59ef6-3eca-4628-b097-12d983444e7f@group-F2E0294EDFC2:LeaderElection110] INFO  impl.RaftServerImpl (RaftServerImpl.java:setRole(174)) - a7d59ef6-3eca-4628-b097-12d983444e7f@group-F2E0294EDFC2: changes role from CANDIDATE to FOLLOWER at term 4 for DISCOVERED_A_NEW_TERM
2019-09-25 11:42:14,453 [d0888866-0bad-4f41-ad37-dccd4a57b958@group-CDCB2C8C105A:LeaderElection123] INFO  impl.LeaderElection (LeaderElection.java:logAndReturn(56)) - d0888866-0bad-4f41-ad37-dccd4a57b958@group-CDCB2C8C105A:LeaderElection123: Election REJECTED; received 2 response(s) [d0888866-0bad-4f41-ad37-dccd4a57b958<-8c24ed06-386e-4085-8931-93c762a64530#0:FAIL-t4, d0888866-0bad-4f41-ad37-dccd4a57b958<-b7064b77-9271-4e94-8225-85d895886efb#0:FAIL-t4] and 0 exception(s); d0888866-0bad-4f41-ad37-dccd4a57b958@group-CDCB2C8C105A:t4, leader=null, voted=d0888866-0bad-4f41-ad37-dccd4a57b958, raftlog=d0888866-0bad-4f41-ad37-dccd4a57b958@group-CDCB2C8C105A-SegmentedRaftLog:OPENED:c-1,f-1,i0, conf=-1: [d0888866-0bad-4f41-ad37-dccd4a57b958:192.168.30.6:45405, 8c24ed06-386e-4085-8931-93c762a64530:192.168.30.6:32862, b7064b77-9271-4e94-8225-85d895886efb:192.168.30.6:41519], old=null
2019-09-25 11:42:14,454 [a7d59ef6-3eca-4628-b097-12d983444e7f@group-F2E0294EDFC2:LeaderElection110] INFO  impl.RoleInfo (RoleInfo.java:shutdownLeaderElection(134)) - a7d59ef6-3eca-4628-b097-12d983444e7f: shutdown LeaderElection
2019-09-25 11:42:14,454 [a7d59ef6-3eca-4628-b097-12d983444e7f@group-47DBAAEC82C8:LeaderElection119] INFO  impl.RaftServerImpl (RaftServerImpl.java:setRole(174)) - a7d59ef6-3eca-4628-b097-12d983444e7f@group-47DBAAEC82C8: changes role from CANDIDATE to FOLLOWER at term 4 for DISCOVERED_A_NEW_TERM
2019-09-25 11:42:14,454 [19e67e26-3d21-4d01-be9f-29113a4a814c@group-ADB1B60517AF:LeaderElection125] INFO  impl.LeaderElection (LeaderElection.java:logAndReturn(56)) - 19e67e26-3d21-4d01-be9f-29113a4a814c@group-ADB1B60517AF:LeaderElection125: Election REJECTED; received 2 response(s) [19e67e26-3d21-4d01-be9f-29113a4a814c<-d0888866-0bad-4f41-ad37-dccd4a57b958#0:FAIL-t4, 19e67e26-3d21-4d01-be9f-29113a4a814c<-8c24ed06-386e-4085-8931-93c762a64530#0:FAIL-t4] and 0 exception(s); 19e67e26-3d21-4d01-be9f-29113a4a814c@group-ADB1B60517AF:t4, leader=null, voted=19e67e26-3d21-4d01-be9f-29113a4a814c, raftlog=19e67e26-3d21-4d01-be9f-29113a4a814c@group-ADB1B60517AF-SegmentedRaftLog:OPENED:c-1,f-1,i0, conf=-1: [d0888866-0bad-4f41-ad37-dccd4a57b958:192.168.30.6:45405, 19e67e26-3d21-4d01-be9f-29113a4a814c:192.168.30.6:34535, 8c24ed06-386e-4085-8931-93c762a64530:192.168.30.6:32862], old=null
2019-09-25 11:42:14,454 [a7d59ef6-3eca-4628-b097-12d983444e7f@group-6E9EB1C0F638:LeaderElection132] INFO  impl.LeaderElection (LeaderElection.java:logAndReturn(56)) - a7d59ef6-3eca-4628-b097-12d983444e7f@group-6E9EB1C0F638:LeaderElection132: Election REJECTED; received 2 response(s) [a7d59ef6-3eca-4628-b097-12d983444e7f<-e081c0a5-acfc-4a29-8262-ee158adf5b11#0:FAIL-t4, a7d59ef6-3eca-4628-b097-12d983444e7f<-b7064b77-9271-4e94-8225-85d895886efb#0:FAIL-t4] and 0 exception(s); a7d59ef6-3eca-4628-b097-12d983444e7f@group-6E9EB1C0F638:t4, leader=null, voted=a7d59ef6-3eca-4628-b097-12d983444e7f, raftlog=a7d59ef6-3eca-4628-b097-12d983444e7f@group-6E9EB1C0F638-SegmentedRaftLog:OPENED:c-1,f-1,i0, conf=-1: [e081c0a5-acfc-4a29-8262-ee158adf5b11:192.168.30.6:37941, a7d59ef6-3eca-4628-b097-12d983444e7f:192.168.30.6:43486, b7064b77-9271-4e94-8225-85d895886efb:192.168.30.6:41519], old=null
2019-09-25 11:42:14,454 [a7d59ef6-3eca-4628-b097-12d983444e7f@group-282EF1BFFEE0:LeaderElection124] INFO  impl.RoleInfo (RoleInfo.java:shutdownLeaderElection(134)) - a7d59ef6-3eca-4628-b097-12d983444e7f: shutdown LeaderElection
2019-09-25 11:42:14,454 [d0888866-0bad-4f41-ad37-dccd4a57b958@group-DBE87B3B08CE:LeaderElection135] INFO  impl.RoleInfo (RoleInfo.java:shutdownLeaderElection(134)) - d0888866-0bad-4f41-ad37-dccd4a57b958: shutdown LeaderElection
2019-09-25 11:42:14,454 [8c24ed06-386e-4085-8931-93c762a64530@group-ADB1B60517AF:LeaderElection136] INFO  impl.RoleInfo (RoleInfo.java:updateAndGet(143)) - 8c24ed06-386e-4085-8931-93c762a64530: start FollowerState
2019-09-25 11:42:14,455 [d0888866-0bad-4f41-ad37-dccd4a57b958@group-DBE87B3B08CE:LeaderElection135] INFO  impl.RoleInfo (RoleInfo.java:updateAndGet(143)) - d0888866-0bad-4f41-ad37-dccd4a57b958: start FollowerState
2019-09-25 11:42:14,455 [b7064b77-9271-4e94-8225-85d895886efb@group-CDCB2C8C105A:LeaderElection126] INFO  impl.LeaderElection (LeaderElection.java:logAndReturn(56)) - b7064b77-9271-4e94-8225-85d895886efb@group-CDCB2C8C105A:LeaderElection126: Election REJECTED; received 2 response(s) [b7064b77-9271-4e94-8225-85d895886efb<-d0888866-0bad-4f41-ad37-dccd4a57b958#0:FAIL-t4, b7064b77-9271-4e94-8225-85d895886efb<-8c24ed06-386e-4085-8931-93c762a64530#0:FAIL-t4] and 0 exception(s); b7064b77-9271-4e94-8225-85d895886efb@group-CDCB2C8C105A:t4, leader=null, voted=b7064b77-9271-4e94-8225-85d895886efb, raftlog=b7064b77-9271-4e94-8225-85d895886efb@group-CDCB2C8C105A-SegmentedRaftLog:OPENED:c-1,f-1,i0, conf=-1: [d0888866-0bad-4f41-ad37-dccd4a57b958:192.168.30.6:45405, 8c24ed06-386e-4085-8931-93c762a64530:192.168.30.6:32862, b7064b77-9271-4e94-8225-85d895886efb:192.168.30.6:41519], old=null
2019-09-25 11:42:14,455 [a7d59ef6-3eca-4628-b097-12d983444e7f@group-282EF1BFFEE0:LeaderElection124] INFO  impl.RoleInfo (RoleInfo.java:updateAndGet(143)) - a7d59ef6-3eca-4628-b097-12d983444e7f: start FollowerState
2019-09-25 11:42:14,455 [a7d59ef6-3eca-4628-b097-12d983444e7f@group-6E9EB1C0F638:LeaderElection132] INFO  impl.RaftServerImpl (RaftServerImpl.java:setRole(174)) - a7d59ef6-3eca-4628-b097-12d983444e7f@group-6E9EB1C0F638: changes role from CANDIDATE to FOLLOWER at term 4 for DISCOVERED_A_NEW_TERM
2019-09-25 11:42:14,455 [19e67e26-3d21-4d01-be9f-29113a4a814c@group-ADB1B60517AF:LeaderElection125] INFO  impl.RaftServerImpl (RaftServerImpl.java:setRole(174)) - 19e67e26-3d21-4d01-be9f-29113a4a814c@group-ADB1B60517AF: changes role from CANDIDATE to FOLLOWER at term 4 for DISCOVERED_A_NEW_TERM
2019-09-25 11:42:14,456 [19e67e26-3d21-4d01-be9f-29113a4a814c@group-ADB1B60517AF:LeaderElection125] INFO  impl.RoleInfo (RoleInfo.java:shutdownLeaderElection(134)) - 19e67e26-3d21-4d01-be9f-29113a4a814c: shutdown LeaderElection
2019-09-25 11:42:14,455 [a7d59ef6-3eca-4628-b097-12d983444e7f@group-47DBAAEC82C8:LeaderElection119] INFO  impl.RoleInfo (RoleInfo.java:shutdownLeaderElection(134)) - a7d59ef6-3eca-4628-b097-12d983444e7f: shutdown LeaderElection
2019-09-25 11:42:14,455 [a7d59ef6-3eca-4628-b097-12d983444e7f@group-F2E0294EDFC2:LeaderElection110] INFO  impl.RoleInfo (RoleInfo.java:updateAndGet(143)) - a7d59ef6-3eca-4628-b097-12d983444e7f: start FollowerState
2019-09-25 11:42:14,454 [d0888866-0bad-4f41-ad37-dccd4a57b958@group-CDCB2C8C105A:LeaderElection123] INFO  impl.RaftServerImpl (RaftServerImpl.java:setRole(174)) - d0888866-0bad-4f41-ad37-dccd4a57b958@group-CDCB2C8C105A: changes role from CANDIDATE to FOLLOWER at term 4 for DISCOVERED_A_NEW_TERM
2019-09-25 11:42:14,457 [a7d59ef6-3eca-4628-b097-12d983444e7f@group-47DBAAEC82C8:LeaderElection119] INFO  impl.RoleInfo (RoleInfo.java:updateAndGet(143)) - a7d59ef6-3eca-4628-b097-12d983444e7f: start FollowerState
2019-09-25 11:42:14,456 [19e67e26-3d21-4d01-be9f-29113a4a814c@group-ADB1B60517AF:LeaderElection125] INFO  impl.RoleInfo (RoleInfo.java:updateAndGet(143)) - 19e67e26-3d21-4d01-be9f-29113a4a814c: start FollowerState
2019-09-25 11:42:14,456 [b7064b77-9271-4e94-8225-85d895886efb@group-47DBAAEC82C8:LeaderElection116] INFO  impl.LeaderElection (LeaderElection.java:logAndReturn(56)) - b7064b77-9271-4e94-8225-85d895886efb@group-47DBAAEC82C8:LeaderElection116: Election REJECTED; received 2 response(s) [b7064b77-9271-4e94-8225-85d895886efb<-a7d59ef6-3eca-4628-b097-12d983444e7f#0:FAIL-t4, b7064b77-9271-4e94-8225-85d895886efb<-8c24ed06-386e-4085-8931-93c762a64530#0:FAIL-t4] and 0 exception(s); b7064b77-9271-4e94-8225-85d895886efb@group-47DBAAEC82C8:t4, leader=null, voted=b7064b77-9271-4e94-8225-85d895886efb, raftlog=b7064b77-9271-4e94-8225-85d895886efb@group-47DBAAEC82C8-SegmentedRaftLog:OPENED:c-1,f-1,i0, conf=-1: [a7d59ef6-3eca-4628-b097-12d983444e7f:192.168.30.6:43486, 8c24ed06-386e-4085-8931-93c762a64530:192.168.30.6:32862, b7064b77-9271-4e94-8225-85d895886efb:192.168.30.6:41519], old=null
2019-09-25 11:42:14,457 [8c24ed06-386e-4085-8931-93c762a64530@group-47DBAAEC82C8:LeaderElection117] INFO  impl.LeaderElection (LeaderElection.java:logAndReturn(56)) - 8c24ed06-386e-4085-8931-93c762a64530@group-47DBAAEC82C8:LeaderElection117: Election REJECTED; received 2 response(s) [8c24ed06-386e-4085-8931-93c762a64530<-a7d59ef6-3eca-4628-b097-12d983444e7f#0:FAIL-t4, 8c24ed06-386e-4085-8931-93c762a64530<-b7064b77-9271-4e94-8225-85d895886efb#0:FAIL-t4] and 0 exception(s); 8c24ed06-386e-4085-8931-93c762a64530@group-47DBAAEC82C8:t4, leader=null, voted=8c24ed06-386e-4085-8931-93c762a64530, raftlog=8c24ed06-386e-4085-8931-93c762a64530@group-47DBAAEC82C8-SegmentedRaftLog:OPENED:c-1,f-1,i0, conf=-1: [a7d59ef6-3eca-4628-b097-12d983444e7f:192.168.30.6:43486, 8c24ed06-386e-4085-8931-93c762a64530:192.168.30.6:32862, b7064b77-9271-4e94-8225-85d895886efb:192.168.30.6:41519], old=null
2019-09-25 11:42:14,456 [a7d59ef6-3eca-4628-b097-12d983444e7f@group-6E9EB1C0F638:LeaderElection132] INFO  impl.RoleInfo (RoleInfo.java:shutdownLeaderElection(134)) - a7d59ef6-3eca-4628-b097-12d983444e7f: shutdown LeaderElection
2019-09-25 11:42:14,456 [b7064b77-9271-4e94-8225-85d895886efb@group-CDCB2C8C105A:LeaderElection126] INFO  impl.RaftServerImpl (RaftServerImpl.java:setRole(174)) - b7064b77-9271-4e94-8225-85d895886efb@group-CDCB2C8C105A: changes role from CANDIDATE to FOLLOWER at term 4 for DISCOVERED_A_NEW_TERM
2019-09-25 11:42:14,456 [b7064b77-9271-4e94-8225-85d895886efb@group-B9DEF2EDD277:LeaderElection120] INFO  impl.LeaderElection (LeaderElection.java:logAndReturn(56)) - b7064b77-9271-4e94-8225-85d895886efb@group-B9DEF2EDD277:LeaderElection120: Election REJECTED; received 2 response(s) [b7064b77-9271-4e94-8225-85d895886efb<-19e67e26-3d21-4d01-be9f-29113a4a814c#0:FAIL-t4, b7064b77-9271-4e94-8225-85d895886efb<-8c24ed06-386e-4085-8931-93c762a64530#0:FAIL-t4] and 0 exception(s); b7064b77-9271-4e94-8225-85d895886efb@group-B9DEF2EDD277:t4, leader=null, voted=b7064b77-9271-4e94-8225-85d895886efb, raftlog=b7064b77-9271-4e94-8225-85d895886efb@group-B9DEF2EDD277-SegmentedRaftLog:OPENED:c-1,f-1,i0, conf=-1: [19e67e26-3d21-4d01-be9f-29113a4a814c:192.168.30.6:34535, 8c24ed06-386e-4085-8931-93c762a64530:192.168.30.6:32862, b7064b77-9271-4e94-8225-85d895886efb:192.168.30.6:41519], old=null
2019-09-25 11:42:14,458 [b7064b77-9271-4e94-8225-85d895886efb@group-CDCB2C8C105A:LeaderElection126] INFO  impl.RoleInfo (RoleInfo.java:shutdownLeaderElection(134)) - b7064b77-9271-4e94-8225-85d895886efb: shutdown LeaderElection
2019-09-25 11:42:14,458 [8c24ed06-386e-4085-8931-93c762a64530@group-CDCB2C8C105A:LeaderElection131] INFO  impl.LeaderElection (LeaderElection.java:logAndReturn(56)) - 8c24ed06-386e-4085-8931-93c762a64530@group-CDCB2C8C105A:LeaderElection131: Election REJECTED; received 2 response(s) [8c24ed06-386e-4085-8931-93c762a64530<-d0888866-0bad-4f41-ad37-dccd4a57b958#0:FAIL-t4, 8c24ed06-386e-4085-8931-93c762a64530<-b7064b77-9271-4e94-8225-85d895886efb#0:FAIL-t4] and 0 exception(s); 8c24ed06-386e-4085-8931-93c762a64530@group-CDCB2C8C105A:t4, leader=null, voted=8c24ed06-386e-4085-8931-93c762a64530, raftlog=8c24ed06-386e-4085-8931-93c762a64530@group-CDCB2C8C105A-SegmentedRaftLog:OPENED:c-1,f-1,i0, conf=-1: [d0888866-0bad-4f41-ad37-dccd4a57b958:192.168.30.6:45405, 8c24ed06-386e-4085-8931-93c762a64530:192.168.30.6:32862, b7064b77-9271-4e94-8225-85d895886efb:192.168.30.6:41519], old=null
2019-09-25 11:42:14,458 [a7d59ef6-3eca-4628-b097-12d983444e7f@group-6E9EB1C0F638:LeaderElection132] INFO  impl.RoleInfo (RoleInfo.java:updateAndGet(143)) - a7d59ef6-3eca-4628-b097-12d983444e7f: start FollowerState
2019-09-25 11:42:14,458 [8c24ed06-386e-4085-8931-93c762a64530@group-47DBAAEC82C8:LeaderElection117] INFO  impl.RaftServerImpl (RaftServerImpl.java:setRole(174)) - 8c24ed06-386e-4085-8931-93c762a64530@group-47DBAAEC82C8: changes role from CANDIDATE to FOLLOWER at term 4 for DISCOVERED_A_NEW_TERM
2019-09-25 11:42:14,457 [8c24ed06-386e-4085-8931-93c762a64530@group-B9DEF2EDD277:LeaderElection108] INFO  impl.LeaderElection (LeaderElection.java:logAndReturn(56)) - 8c24ed06-386e-4085-8931-93c762a64530@group-B9DEF2EDD277:LeaderElection108: Election REJECTED; received 2 response(s) [8c24ed06-386e-4085-8931-93c762a64530<-19e67e26-3d21-4d01-be9f-29113a4a814c#0:FAIL-t4, 8c24ed06-386e-4085-8931-93c762a64530<-b7064b77-9271-4e94-8225-85d895886efb#0:FAIL-t4] and 0 exception(s); 8c24ed06-386e-4085-8931-93c762a64530@group-B9DEF2EDD277:t4, leader=null, voted=8c24ed06-386e-4085-8931-93c762a64530, raftlog=8c24ed06-386e-4085-8931-93c762a64530@group-B9DEF2EDD277-SegmentedRaftLog:OPENED:c-1,f-1,i0, conf=-1: [19e67e26-3d21-4d01-be9f-29113a4a814c:192.168.30.6:34535, 8c24ed06-386e-4085-8931-93c762a64530:192.168.30.6:32862, b7064b77-9271-4e94-8225-85d895886efb:192.168.30.6:41519], old=null
2019-09-25 11:42:14,457 [b7064b77-9271-4e94-8225-85d895886efb@group-47DBAAEC82C8:LeaderElection116] INFO  impl.RaftServerImpl (RaftServerImpl.java:setRole(174)) - b7064b77-9271-4e94-8225-85d895886efb@group-47DBAAEC82C8: changes role from CANDIDATE to FOLLOWER at term 4 for DISCOVERED_A_NEW_TERM
2019-09-25 11:42:14,457 [d0888866-0bad-4f41-ad37-dccd4a57b958@group-CDCB2C8C105A:LeaderElection123] INFO  impl.RoleInfo (RoleInfo.java:shutdownLeaderElection(134)) - d0888866-0bad-4f41-ad37-dccd4a57b958: shutdown LeaderElection
2019-09-25 11:42:14,459 [b7064b77-9271-4e94-8225-85d895886efb@group-47DBAAEC82C8:LeaderElection116] INFO  impl.RoleInfo (RoleInfo.java:shutdownLeaderElection(134)) - b7064b77-9271-4e94-8225-85d895886efb: shutdown LeaderElection
2019-09-25 11:42:14,459 [8c24ed06-386e-4085-8931-93c762a64530@group-B9DEF2EDD277:LeaderElection108] INFO  impl.RaftServerImpl (RaftServerImpl.java:setRole(174)) - 8c24ed06-386e-4085-8931-93c762a64530@group-B9DEF2EDD277: changes role from CANDIDATE to FOLLOWER at term 4 for DISCOVERED_A_NEW_TERM
2019-09-25 11:42:14,458 [8c24ed06-386e-4085-8931-93c762a64530@group-47DBAAEC82C8:LeaderElection117] INFO  impl.RoleInfo (RoleInfo.java:shutdownLeaderElection(134)) - 8c24ed06-386e-4085-8931-93c762a64530: shutdown LeaderElection
2019-09-25 11:42:14,458 [8c24ed06-386e-4085-8931-93c762a64530@group-CDCB2C8C105A:LeaderElection131] INFO  impl.RaftServerImpl (RaftServerImpl.java:setRole(174)) - 8c24ed06-386e-4085-8931-93c762a64530@group-CDCB2C8C105A: changes role from CANDIDATE to FOLLOWER at term 4 for DISCOVERED_A_NEW_TERM
2019-09-25 11:42:14,458 [e081c0a5-acfc-4a29-8262-ee158adf5b11@group-BF1BD4D8076C:LeaderElection129] INFO  impl.LeaderElection (LeaderElection.java:logAndReturn(56)) - e081c0a5-acfc-4a29-8262-ee158adf5b11@group-BF1BD4D8076C:LeaderElection129: Election REJECTED; received 2 response(s) [e081c0a5-acfc-4a29-8262-ee158adf5b11<-19e67e26-3d21-4d01-be9f-29113a4a814c#0:FAIL-t4, e081c0a5-acfc-4a29-8262-ee158adf5b11<-8c24ed06-386e-4085-8931-93c762a64530#0:FAIL-t4] and 0 exception(s); e081c0a5-acfc-4a29-8262-ee158adf5b11@group-BF1BD4D8076C:t4, leader=null, voted=e081c0a5-acfc-4a29-8262-ee158adf5b11, raftlog=e081c0a5-acfc-4a29-8262-ee158adf5b11@group-BF1BD4D8076C-SegmentedRaftLog:OPENED:c-1,f-1,i0, conf=-1: [e081c0a5-acfc-4a29-8262-ee158adf5b11:192.168.30.6:37941, 19e67e26-3d21-4d01-be9f-29113a4a814c:192.168.30.6:34535, 8c24ed06-386e-4085-8931-93c762a64530:192.168.30.6:32862], old=null
2019-09-25 11:42:14,458 [b7064b77-9271-4e94-8225-85d895886efb@group-CDCB2C8C105A:LeaderElection126] INFO  impl.RoleInfo (RoleInfo.java:updateAndGet(143)) - b7064b77-9271-4e94-8225-85d895886efb: start FollowerState
2019-09-25 11:42:14,458 [b7064b77-9271-4e94-8225-85d895886efb@group-B9DEF2EDD277:LeaderElection120] INFO  impl.RaftServerImpl (RaftServerImpl.java:setRole(174)) - b7064b77-9271-4e94-8225-85d895886efb@group-B9DEF2EDD277: changes role from CANDIDATE to FOLLOWER at term 4 for DISCOVERED_A_NEW_TERM
2019-09-25 11:42:14,459 [e081c0a5-acfc-4a29-8262-ee158adf5b11@group-BF1BD4D8076C:LeaderElection129] INFO  impl.RaftServerImpl (RaftServerImpl.java:setRole(174)) - e081c0a5-acfc-4a29-8262-ee158adf5b11@group-BF1BD4D8076C: changes role from CANDIDATE to FOLLOWER at term 4 for DISCOVERED_A_NEW_TERM
2019-09-25 11:42:14,459 [8c24ed06-386e-4085-8931-93c762a64530@group-CDCB2C8C105A:LeaderElection131] INFO  impl.RoleInfo (RoleInfo.java:shutdownLeaderElection(134)) - 8c24ed06-386e-4085-8931-93c762a64530: shutdown LeaderElection
2019-09-25 11:42:14,459 [8c24ed06-386e-4085-8931-93c762a64530@group-47DBAAEC82C8:LeaderElection117] INFO  impl.RoleInfo (RoleInfo.java:updateAndGet(143)) - 8c24ed06-386e-4085-8931-93c762a64530: start FollowerState
2019-09-25 11:42:14,459 [8c24ed06-386e-4085-8931-93c762a64530@group-B9DEF2EDD277:LeaderElection108] INFO  impl.RoleInfo (RoleInfo.java:shutdownLeaderElection(134)) - 8c24ed06-386e-4085-8931-93c762a64530: shutdown LeaderElection
2019-09-25 11:42:14,459 [b7064b77-9271-4e94-8225-85d895886efb@group-47DBAAEC82C8:LeaderElection116] INFO  impl.RoleInfo (RoleInfo.java:updateAndGet(143)) - b7064b77-9271-4e94-8225-85d895886efb: start FollowerState
2019-09-25 11:42:14,459 [d0888866-0bad-4f41-ad37-dccd4a57b958@group-CDCB2C8C105A:LeaderElection123] INFO  impl.RoleInfo (RoleInfo.java:updateAndGet(143)) - d0888866-0bad-4f41-ad37-dccd4a57b958: start FollowerState
2019-09-25 11:42:14,461 [a7d59ef6-3eca-4628-b097-12d983444e7f@group-7CC56FB5D3F9:LeaderElection127] INFO  impl.LeaderElection (LeaderElection.java:logAndReturn(56)) - a7d59ef6-3eca-4628-b097-12d983444e7f@group-7CC56FB5D3F9:LeaderElection127: Election REJECTED; received 2 response(s) [a7d59ef6-3eca-4628-b097-12d983444e7f<-e081c0a5-acfc-4a29-8262-ee158adf5b11#0:FAIL-t4, a7d59ef6-3eca-4628-b097-12d983444e7f<-19e67e26-3d21-4d01-be9f-29113a4a814c#0:FAIL-t4] and 0 exception(s); a7d59ef6-3eca-4628-b097-12d983444e7f@group-7CC56FB5D3F9:t4, leader=null, voted=a7d59ef6-3eca-4628-b097-12d983444e7f, raftlog=a7d59ef6-3eca-4628-b097-12d983444e7f@group-7CC56FB5D3F9-SegmentedRaftLog:OPENED:c-1,f-1,i0, conf=-1: [e081c0a5-acfc-4a29-8262-ee158adf5b11:192.168.30.6:37941, 19e67e26-3d21-4d01-be9f-29113a4a814c:192.168.30.6:34535, a7d59ef6-3eca-4628-b097-12d983444e7f:192.168.30.6:43486], old=null
2019-09-25 11:42:14,460 [8c24ed06-386e-4085-8931-93c762a64530@group-B9DEF2EDD277:LeaderElection108] INFO  impl.RoleInfo (RoleInfo.java:updateAndGet(143)) - 8c24ed06-386e-4085-8931-93c762a64530: start FollowerState
2019-09-25 11:42:14,460 [d0888866-0bad-4f41-ad37-dccd4a57b958@group-282EF1BFFEE0:LeaderElection105] INFO  impl.LeaderElection (LeaderElection.java:logAndReturn(56)) - d0888866-0bad-4f41-ad37-dccd4a57b958@group-282EF1BFFEE0:LeaderElection105: Election REJECTED; received 2 response(s) [d0888866-0bad-4f41-ad37-dccd4a57b958<-a7d59ef6-3eca-4628-b097-12d983444e7f#0:FAIL-t4, d0888866-0bad-4f41-ad37-dccd4a57b958<-b7064b77-9271-4e94-8225-85d895886efb#0:FAIL-t4] and 0 exception(s); d0888866-0bad-4f41-ad37-dccd4a57b958@group-282EF1BFFEE0:t4, leader=null, voted=d0888866-0bad-4f41-ad37-dccd4a57b958, raftlog=d0888866-0bad-4f41-ad37-dccd4a57b958@group-282EF1BFFEE0-SegmentedRaftLog:OPENED:c-1,f-1,i0, conf=-1: [d0888866-0bad-4f41-ad37-dccd4a57b958:192.168.30.6:45405, a7d59ef6-3eca-4628-b097-12d983444e7f:192.168.30.6:43486, b7064b77-9271-4e94-8225-85d895886efb:192.168.30.6:41519], old=null
2019-09-25 11:42:14,460 [8c24ed06-386e-4085-8931-93c762a64530@group-CDCB2C8C105A:LeaderElection131] INFO  impl.RoleInfo (RoleInfo.java:updateAndGet(143)) - 8c24ed06-386e-4085-8931-93c762a64530: start FollowerState
2019-09-25 11:42:14,460 [e081c0a5-acfc-4a29-8262-ee158adf5b11@group-BF1BD4D8076C:LeaderElection129] INFO  impl.RoleInfo (RoleInfo.java:shutdownLeaderElection(134)) - e081c0a5-acfc-4a29-8262-ee158adf5b11: shutdown LeaderElection
2019-09-25 11:42:14,460 [19e67e26-3d21-4d01-be9f-29113a4a814c@group-071025EF7F78:LeaderElection121] INFO  impl.LeaderElection (LeaderElection.java:logAndReturn(56)) - 19e67e26-3d21-4d01-be9f-29113a4a814c@group-071025EF7F78:LeaderElection121: Election REJECTED; received 2 response(s) [19e67e26-3d21-4d01-be9f-29113a4a814c<-e081c0a5-acfc-4a29-8262-ee158adf5b11#0:FAIL-t4, 19e67e26-3d21-4d01-be9f-29113a4a814c<-d0888866-0bad-4f41-ad37-dccd4a57b958#0:FAIL-t4] and 0 exception(s); 19e67e26-3d21-4d01-be9f-29113a4a814c@group-071025EF7F78:t4, leader=null, voted=19e67e26-3d21-4d01-be9f-29113a4a814c, raftlog=19e67e26-3d21-4d01-be9f-29113a4a814c@group-071025EF7F78-SegmentedRaftLog:OPENED:c-1,f-1,i0, conf=-1: [e081c0a5-acfc-4a29-8262-ee158adf5b11:192.168.30.6:37941, d0888866-0bad-4f41-ad37-dccd4a57b958:192.168.30.6:45405, 19e67e26-3d21-4d01-be9f-29113a4a814c:192.168.30.6:34535], old=null
2019-09-25 11:42:14,460 [b7064b77-9271-4e94-8225-85d895886efb@group-B9DEF2EDD277:LeaderElection120] INFO  impl.RoleInfo (RoleInfo.java:shutdownLeaderElection(134)) - b7064b77-9271-4e94-8225-85d895886efb: shutdown LeaderElection
2019-09-25 11:42:14,462 [19e67e26-3d21-4d01-be9f-29113a4a814c@group-071025EF7F78:LeaderElection121] INFO  impl.RaftServerImpl (RaftServerImpl.java:setRole(174)) - 19e67e26-3d21-4d01-be9f-29113a4a814c@group-071025EF7F78: changes role from CANDIDATE to FOLLOWER at term 4 for DISCOVERED_A_NEW_TERM
2019-09-25 11:42:14,461 [e081c0a5-acfc-4a29-8262-ee158adf5b11@group-BF1BD4D8076C:LeaderElection129] INFO  impl.RoleInfo (RoleInfo.java:updateAndGet(143)) - e081c0a5-acfc-4a29-8262-ee158adf5b11: start FollowerState
2019-09-25 11:42:14,461 [d0888866-0bad-4f41-ad37-dccd4a57b958@group-282EF1BFFEE0:LeaderElection105] INFO  impl.RaftServerImpl (RaftServerImpl.java:setRole(174)) - d0888866-0bad-4f41-ad37-dccd4a57b958@group-282EF1BFFEE0: changes role from CANDIDATE to FOLLOWER at term 4 for DISCOVERED_A_NEW_TERM
2019-09-25 11:42:14,461 [a7d59ef6-3eca-4628-b097-12d983444e7f@group-7CC56FB5D3F9:LeaderElection127] INFO  impl.RaftServerImpl (RaftServerImpl.java:setRole(174)) - a7d59ef6-3eca-4628-b097-12d983444e7f@group-7CC56FB5D3F9: changes role from CANDIDATE to FOLLOWER at term 4 for DISCOVERED_A_NEW_TERM
2019-09-25 11:42:14,462 [b7064b77-9271-4e94-8225-85d895886efb@group-6E9EB1C0F638:LeaderElection133] INFO  impl.LeaderElection (LeaderElection.java:logAndReturn(56)) - b7064b77-9271-4e94-8225-85d895886efb@group-6E9EB1C0F638:LeaderElection133: Election REJECTED; received 2 response(s) [b7064b77-9271-4e94-8225-85d895886efb<-e081c0a5-acfc-4a29-8262-ee158adf5b11#0:FAIL-t4, b7064b77-9271-4e94-8225-85d895886efb<-a7d59ef6-3eca-4628-b097-12d983444e7f#0:FAIL-t4] and 0 exception(s); b7064b77-9271-4e94-8225-85d895886efb@group-6E9EB1C0F638:t4, leader=null, voted=b7064b77-9271-4e94-8225-85d895886efb, raftlog=b7064b77-9271-4e94-8225-85d895886efb@group-6E9EB1C0F638-SegmentedRaftLog:OPENED:c-1,f-1,i0, conf=-1: [e081c0a5-acfc-4a29-8262-ee158adf5b11:192.168.30.6:37941, a7d59ef6-3eca-4628-b097-12d983444e7f:192.168.30.6:43486, b7064b77-9271-4e94-8225-85d895886efb:192.168.30.6:41519], old=null
2019-09-25 11:42:14,462 [a7d59ef6-3eca-4628-b097-12d983444e7f@group-7CC56FB5D3F9:LeaderElection127] INFO  impl.RoleInfo (RoleInfo.java:shutdownLeaderElection(134)) - a7d59ef6-3eca-4628-b097-12d983444e7f: shutdown LeaderElection
2019-09-25 11:42:14,462 [d0888866-0bad-4f41-ad37-dccd4a57b958@group-282EF1BFFEE0:LeaderElection105] INFO  impl.RoleInfo (RoleInfo.java:shutdownLeaderElection(134)) - d0888866-0bad-4f41-ad37-dccd4a57b958: shutdown LeaderElection
2019-09-25 11:42:14,462 [e081c0a5-acfc-4a29-8262-ee158adf5b11@group-7CC56FB5D3F9:LeaderElection113] INFO  impl.LeaderElection (LeaderElection.java:logAndReturn(56)) - e081c0a5-acfc-4a29-8262-ee158adf5b11@group-7CC56FB5D3F9:LeaderElection113: Election REJECTED; received 2 response(s) [e081c0a5-acfc-4a29-8262-ee158adf5b11<-19e67e26-3d21-4d01-be9f-29113a4a814c#0:FAIL-t4, e081c0a5-acfc-4a29-8262-ee158adf5b11<-a7d59ef6-3eca-4628-b097-12d983444e7f#0:FAIL-t4] and 0 exception(s); e081c0a5-acfc-4a29-8262-ee158adf5b11@group-7CC56FB5D3F9:t4, leader=null, voted=e081c0a5-acfc-4a29-8262-ee158adf5b11, raftlog=e081c0a5-acfc-4a29-8262-ee158adf5b11@group-7CC56FB5D3F9-SegmentedRaftLog:OPENED:c-1,f-1,i0, conf=-1: [e081c0a5-acfc-4a29-8262-ee158adf5b11:192.168.30.6:37941, 19e67e26-3d21-4d01-be9f-29113a4a814c:192.168.30.6:34535, a7d59ef6-3eca-4628-b097-12d983444e7f:192.168.30.6:43486], old=null
2019-09-25 11:42:14,462 [19e67e26-3d21-4d01-be9f-29113a4a814c@group-071025EF7F78:LeaderElection121] INFO  impl.RoleInfo (RoleInfo.java:shutdownLeaderElection(134)) - 19e67e26-3d21-4d01-be9f-29113a4a814c: shutdown LeaderElection
2019-09-25 11:42:14,462 [e081c0a5-acfc-4a29-8262-ee158adf5b11@group-6E9EB1C0F638:LeaderElection109] INFO  impl.LeaderElection (LeaderElection.java:logAndReturn(56)) - e081c0a5-acfc-4a29-8262-ee158adf5b11@group-6E9EB1C0F638:LeaderElection109: Election REJECTED; received 2 response(s) [e081c0a5-acfc-4a29-8262-ee158adf5b11<-a7d59ef6-3eca-4628-b097-12d983444e7f#0:FAIL-t4, e081c0a5-acfc-4a29-8262-ee158adf5b11<-b7064b77-9271-4e94-8225-85d895886efb#0:FAIL-t4] and 0 exception(s); e081c0a5-acfc-4a29-8262-ee158adf5b11@group-6E9EB1C0F638:t4, leader=null, voted=e081c0a5-acfc-4a29-8262-ee158adf5b11, raftlog=e081c0a5-acfc-4a29-8262-ee158adf5b11@group-6E9EB1C0F638-SegmentedRaftLog:OPENED:c-1,f-1,i0, conf=-1: [e081c0a5-acfc-4a29-8262-ee158adf5b11:192.168.30.6:37941, a7d59ef6-3eca-4628-b097-12d983444e7f:192.168.30.6:43486, b7064b77-9271-4e94-8225-85d895886efb:192.168.30.6:41519], old=null
2019-09-25 11:42:14,462 [b7064b77-9271-4e94-8225-85d895886efb@group-B9DEF2EDD277:LeaderElection120] INFO  impl.RoleInfo (RoleInfo.java:updateAndGet(143)) - b7064b77-9271-4e94-8225-85d895886efb: start FollowerState
2019-09-25 11:42:14,463 [e081c0a5-acfc-4a29-8262-ee158adf5b11@group-6E9EB1C0F638:LeaderElection109] INFO  impl.RaftServerImpl (RaftServerImpl.java:setRole(174)) - e081c0a5-acfc-4a29-8262-ee158adf5b11@group-6E9EB1C0F638: changes role from CANDIDATE to FOLLOWER at term 4 for DISCOVERED_A_NEW_TERM
2019-09-25 11:42:14,463 [19e67e26-3d21-4d01-be9f-29113a4a814c@group-071025EF7F78:LeaderElection121] INFO  impl.RoleInfo (RoleInfo.java:updateAndGet(143)) - 19e67e26-3d21-4d01-be9f-29113a4a814c: start FollowerState
2019-09-25 11:42:14,463 [e081c0a5-acfc-4a29-8262-ee158adf5b11@group-7CC56FB5D3F9:LeaderElection113] INFO  impl.RaftServerImpl (RaftServerImpl.java:setRole(174)) - e081c0a5-acfc-4a29-8262-ee158adf5b11@group-7CC56FB5D3F9: changes role from CANDIDATE to FOLLOWER at term 4 for DISCOVERED_A_NEW_TERM
2019-09-25 11:42:14,463 [d0888866-0bad-4f41-ad37-dccd4a57b958@group-282EF1BFFEE0:LeaderElection105] INFO  impl.RoleInfo (RoleInfo.java:updateAndGet(143)) - d0888866-0bad-4f41-ad37-dccd4a57b958: start FollowerState
2019-09-25 11:42:14,463 [a7d59ef6-3eca-4628-b097-12d983444e7f@group-7CC56FB5D3F9:LeaderElection127] INFO  impl.RoleInfo (RoleInfo.java:updateAndGet(143)) - a7d59ef6-3eca-4628-b097-12d983444e7f: start FollowerState
2019-09-25 11:42:14,462 [b7064b77-9271-4e94-8225-85d895886efb@group-6E9EB1C0F638:LeaderElection133] INFO  impl.RaftServerImpl (RaftServerImpl.java:setRole(174)) - b7064b77-9271-4e94-8225-85d895886efb@group-6E9EB1C0F638: changes role from CANDIDATE to FOLLOWER at term 4 for DISCOVERED_A_NEW_TERM
2019-09-25 11:42:14,463 [e081c0a5-acfc-4a29-8262-ee158adf5b11@group-7CC56FB5D3F9:LeaderElection113] INFO  impl.RoleInfo (RoleInfo.java:shutdownLeaderElection(134)) - e081c0a5-acfc-4a29-8262-ee158adf5b11: shutdown LeaderElection
2019-09-25 11:42:14,463 [e081c0a5-acfc-4a29-8262-ee158adf5b11@group-6E9EB1C0F638:LeaderElection109] INFO  impl.RoleInfo (RoleInfo.java:shutdownLeaderElection(134)) - e081c0a5-acfc-4a29-8262-ee158adf5b11: shutdown LeaderElection
2019-09-25 11:42:14,464 [e081c0a5-acfc-4a29-8262-ee158adf5b11@group-7CC56FB5D3F9:LeaderElection113] INFO  impl.RoleInfo (RoleInfo.java:updateAndGet(143)) - e081c0a5-acfc-4a29-8262-ee158adf5b11: start FollowerState
2019-09-25 11:42:14,464 [b7064b77-9271-4e94-8225-85d895886efb@group-6E9EB1C0F638:LeaderElection133] INFO  impl.RoleInfo (RoleInfo.java:shutdownLeaderElection(134)) - b7064b77-9271-4e94-8225-85d895886efb: shutdown LeaderElection
2019-09-25 11:42:14,464 [e081c0a5-acfc-4a29-8262-ee158adf5b11@group-6E9EB1C0F638:LeaderElection109] INFO  impl.RoleInfo (RoleInfo.java:updateAndGet(143)) - e081c0a5-acfc-4a29-8262-ee158adf5b11: start FollowerState
2019-09-25 11:42:14,464 [b7064b77-9271-4e94-8225-85d895886efb@group-6E9EB1C0F638:LeaderElection133] INFO  impl.RoleInfo (RoleInfo.java:updateAndGet(143)) - b7064b77-9271-4e94-8225-85d895886efb: start FollowerState
2019-09-25 11:42:19,444 [Thread-842] INFO  impl.FollowerState (FollowerState.java:run(106)) - d0888866-0bad-4f41-ad37-dccd4a57b958:group-F2E0294EDFC2 changes to CANDIDATE, lastRpcTime:5001, electionTimeout:5001ms
2019-09-25 11:42:19,444 [Thread-842] INFO  impl.RoleInfo (RoleInfo.java:shutdownFollowerState(121)) - d0888866-0bad-4f41-ad37-dccd4a57b958: shutdown FollowerState
2019-09-25 11:42:19,444 [Thread-842] INFO  impl.RaftServerImpl (RaftServerImpl.java:setRole(174)) - d0888866-0bad-4f41-ad37-dccd4a57b958@group-F2E0294EDFC2: changes role from  FOLLOWER to CANDIDATE at term 4 for changeToCandidate
2019-09-25 11:42:19,445 [Thread-842] INFO  impl.RoleInfo (RoleInfo.java:updateAndGet(143)) - d0888866-0bad-4f41-ad37-dccd4a57b958: start LeaderElection
2019-09-25 11:42:19,451 [Thread-851] INFO  impl.FollowerState (FollowerState.java:run(106)) - 19e67e26-3d21-4d01-be9f-29113a4a814c:group-BF1BD4D8076C changes to CANDIDATE, lastRpcTime:5000, electionTimeout:5000ms
2019-09-25 11:42:19,451 [Thread-851] INFO  impl.RoleInfo (RoleInfo.java:shutdownFollowerState(121)) - 19e67e26-3d21-4d01-be9f-29113a4a814c: shutdown FollowerState
2019-09-25 11:42:19,452 [Thread-851] INFO  impl.RaftServerImpl (RaftServerImpl.java:setRole(174)) - 19e67e26-3d21-4d01-be9f-29113a4a814c@group-BF1BD4D8076C: changes role from  FOLLOWER to CANDIDATE at term 4 for changeToCandidate
2019-09-25 11:42:19,452 [Thread-851] INFO  impl.RoleInfo (RoleInfo.java:updateAndGet(143)) - 19e67e26-3d21-4d01-be9f-29113a4a814c: start LeaderElection
2019-09-25 11:42:19,459 [Thread-847] INFO  impl.FollowerState (FollowerState.java:run(106)) - b7064b77-9271-4e94-8225-85d895886efb:group-282EF1BFFEE0 changes to CANDIDATE, lastRpcTime:5009, electionTimeout:5008ms
2019-09-25 11:42:19,459 [Thread-847] INFO  impl.RoleInfo (RoleInfo.java:shutdownFollowerState(121)) - b7064b77-9271-4e94-8225-85d895886efb: shutdown FollowerState
2019-09-25 11:42:19,459 [Thread-847] INFO  impl.RaftServerImpl (RaftServerImpl.java:setRole(174)) - b7064b77-9271-4e94-8225-85d895886efb@group-282EF1BFFEE0: changes role from  FOLLOWER to CANDIDATE at term 4 for changeToCandidate
2019-09-25 11:42:19,459 [Thread-847] INFO  impl.RoleInfo (RoleInfo.java:updateAndGet(143)) - b7064b77-9271-4e94-8225-85d895886efb: start LeaderElection
2019-09-25 11:42:19,462 [Thread-864] INFO  impl.FollowerState (FollowerState.java:run(106)) - 8c24ed06-386e-4085-8931-93c762a64530:group-CDCB2C8C105A changes to CANDIDATE, lastRpcTime:5001, electionTimeout:5000ms
2019-09-25 11:42:19,462 [Thread-864] INFO  impl.RoleInfo (RoleInfo.java:shutdownFollowerState(121)) - 8c24ed06-386e-4085-8931-93c762a64530: shutdown FollowerState
2019-09-25 11:42:19,462 [Thread-864] INFO  impl.RaftServerImpl (RaftServerImpl.java:setRole(174)) - 8c24ed06-386e-4085-8931-93c762a64530@group-CDCB2C8C105A: changes role from  FOLLOWER to CANDIDATE at term 4 for changeToCandidate
2019-09-25 11:42:19,462 [Thread-864] INFO  impl.RoleInfo (RoleInfo.java:updateAndGet(143)) - 8c24ed06-386e-4085-8931-93c762a64530: start LeaderElection
2019-09-25 11:42:19,469 [Thread-853] INFO  impl.FollowerState (FollowerState.java:run(106)) - 8c24ed06-386e-4085-8931-93c762a64530:group-ADB1B60517AF changes to CANDIDATE, lastRpcTime:5015, electionTimeout:5013ms
2019-09-25 11:42:19,469 [Thread-853] INFO  impl.RoleInfo (RoleInfo.java:shutdownFollowerState(121)) - 8c24ed06-386e-4085-8931-93c762a64530: shutdown FollowerState
2019-09-25 11:42:19,469 [Thread-853] INFO  impl.RaftServerImpl (RaftServerImpl.java:setRole(174)) - 8c24ed06-386e-4085-8931-93c762a64530@group-ADB1B60517AF: changes role from  FOLLOWER to CANDIDATE at term 4 for changeToCandidate
2019-09-25 11:42:19,469 [Thread-853] INFO  impl.RoleInfo (RoleInfo.java:updateAndGet(143)) - 8c24ed06-386e-4085-8931-93c762a64530: start LeaderElection
2019-09-25 11:42:19,470 [Thread-868] INFO  impl.FollowerState (FollowerState.java:run(106)) - a7d59ef6-3eca-4628-b097-12d983444e7f:group-7CC56FB5D3F9 changes to CANDIDATE, lastRpcTime:5007, electionTimeout:5006ms
2019-09-25 11:42:19,470 [Thread-868] INFO  impl.RoleInfo (RoleInfo.java:shutdownFollowerState(121)) - a7d59ef6-3eca-4628-b097-12d983444e7f: shutdown FollowerState
2019-09-25 11:42:19,470 [Thread-868] INFO  impl.RaftServerImpl (RaftServerImpl.java:setRole(174)) - a7d59ef6-3eca-4628-b097-12d983444e7f@group-7CC56FB5D3F9: changes role from  FOLLOWER to CANDIDATE at term 4 for changeToCandidate
2019-09-25 11:42:19,471 [Thread-868] INFO  impl.RoleInfo (RoleInfo.java:updateAndGet(143)) - a7d59ef6-3eca-4628-b097-12d983444e7f: start LeaderElection
2019-09-25 11:42:19,474 [Thread-872] INFO  impl.FollowerState (FollowerState.java:run(106)) - e081c0a5-acfc-4a29-8262-ee158adf5b11:group-6E9EB1C0F638 changes to CANDIDATE, lastRpcTime:5009, electionTimeout:5009ms
2019-09-25 11:42:19,474 [Thread-872] INFO  impl.RoleInfo (RoleInfo.java:shutdownFollowerState(121)) - e081c0a5-acfc-4a29-8262-ee158adf5b11: shutdown FollowerState
2019-09-25 11:42:19,474 [Thread-872] INFO  impl.RaftServerImpl (RaftServerImpl.java:setRole(174)) - e081c0a5-acfc-4a29-8262-ee158adf5b11@group-6E9EB1C0F638: changes role from  FOLLOWER to CANDIDATE at term 4 for changeToCandidate
2019-09-25 11:42:19,474 [Thread-872] INFO  impl.RoleInfo (RoleInfo.java:updateAndGet(143)) - e081c0a5-acfc-4a29-8262-ee158adf5b11: start LeaderElection
2019-09-25 11:42:19,480 [Thread-860] INFO  impl.FollowerState (FollowerState.java:run(106)) - b7064b77-9271-4e94-8225-85d895886efb:group-CDCB2C8C105A changes to CANDIDATE, lastRpcTime:5022, electionTimeout:5020ms
2019-09-25 11:42:19,480 [Thread-860] INFO  impl.RoleInfo (RoleInfo.java:shutdownFollowerState(121)) - b7064b77-9271-4e94-8225-85d895886efb: shutdown FollowerState
2019-09-25 11:42:19,480 [Thread-860] INFO  impl.RaftServerImpl (RaftServerImpl.java:setRole(174)) - b7064b77-9271-4e94-8225-85d895886efb@group-CDCB2C8C105A: changes role from  FOLLOWER to CANDIDATE at term 4 for changeToCandidate
2019-09-25 11:42:19,481 [Thread-860] INFO  impl.RoleInfo (RoleInfo.java:updateAndGet(143)) - b7064b77-9271-4e94-8225-85d895886efb: start LeaderElection
2019-09-25 11:42:19,481 [Thread-841] INFO  impl.FollowerState (FollowerState.java:run(106)) - 8c24ed06-386e-4085-8931-93c762a64530:group-DBE87B3B08CE changes to CANDIDATE, lastRpcTime:5039, electionTimeout:5039ms
2019-09-25 11:42:19,481 [Thread-841] INFO  impl.RoleInfo (RoleInfo.java:shutdownFollowerState(121)) - 8c24ed06-386e-4085-8931-93c762a64530: shutdown FollowerState
2019-09-25 11:42:19,481 [Thread-841] INFO  impl.RaftServerImpl (RaftServerImpl.java:setRole(174)) - 8c24ed06-386e-4085-8931-93c762a64530@group-DBE87B3B08CE: changes role from  FOLLOWER to CANDIDATE at term 4 for changeToCandidate
2019-09-25 11:42:19,482 [Thread-841] INFO  impl.RoleInfo (RoleInfo.java:updateAndGet(143)) - 8c24ed06-386e-4085-8931-93c762a64530: start LeaderElection
2019-09-25 11:42:19,486 [Thread-849] INFO  impl.FollowerState (FollowerState.java:run(106)) - 19e67e26-3d21-4d01-be9f-29113a4a814c:group-7CC56FB5D3F9 changes to CANDIDATE, lastRpcTime:5035, electionTimeout:5035ms
2019-09-25 11:42:19,486 [Thread-849] INFO  impl.RoleInfo (RoleInfo.java:shutdownFollowerState(121)) - 19e67e26-3d21-4d01-be9f-29113a4a814c: shutdown FollowerState
2019-09-25 11:42:19,486 [Thread-849] INFO  impl.RaftServerImpl (RaftServerImpl.java:setRole(174)) - 19e67e26-3d21-4d01-be9f-29113a4a814c@group-7CC56FB5D3F9: changes role from  FOLLOWER to CANDIDATE at term 4 for changeToCandidate
2019-09-25 11:42:19,486 [Thread-849] INFO  impl.RoleInfo (RoleInfo.java:updateAndGet(143)) - 19e67e26-3d21-4d01-be9f-29113a4a814c: start LeaderElection
2019-09-25 11:42:19,487 [Thread-854] INFO  impl.FollowerState (FollowerState.java:run(106)) - a7d59ef6-3eca-4628-b097-12d983444e7f:group-F2E0294EDFC2 changes to CANDIDATE, lastRpcTime:5032, electionTimeout:5030ms
2019-09-25 11:42:19,487 [Thread-854] INFO  impl.RoleInfo (RoleInfo.java:shutdownFollowerState(121)) - a7d59ef6-3eca-4628-b097-12d983444e7f: shutdown FollowerState
2019-09-25 11:42:19,487 [Thread-854] INFO  impl.RaftServerImpl (RaftServerImpl.java:setRole(174)) - a7d59ef6-3eca-4628-b097-12d983444e7f@group-F2E0294EDFC2: changes role from  FOLLOWER to CANDIDATE at term 4 for changeToCandidate
2019-09-25 11:42:19,487 [Thread-854] INFO  impl.RoleInfo (RoleInfo.java:updateAndGet(143)) - a7d59ef6-3eca-4628-b097-12d983444e7f: start LeaderElection
2019-09-25 11:42:19,495 [Thread-846] INFO  impl.FollowerState (FollowerState.java:run(106)) - d0888866-0bad-4f41-ad37-dccd4a57b958:group-071025EF7F78 changes to CANDIDATE, lastRpcTime:5047, electionTimeout:5047ms
2019-09-25 11:42:19,495 [Thread-846] INFO  impl.RoleInfo (RoleInfo.java:shutdownFollowerState(121)) - d0888866-0bad-4f41-ad37-dccd4a57b958: shutdown FollowerState
2019-09-25 11:42:19,495 [Thread-846] INFO  impl.RaftServerImpl (RaftServerImpl.java:setRole(174)) - d0888866-0bad-4f41-ad37-dccd4a57b958@group-071025EF7F78: changes role from  FOLLOWER to CANDIDATE at term 4 for changeToCandidate
2019-09-25 11:42:19,496 [Thread-846] INFO  impl.RoleInfo (RoleInfo.java:updateAndGet(143)) - d0888866-0bad-4f41-ad37-dccd4a57b958: start LeaderElection
2019-09-25 11:42:19,500 [Thread-867] INFO  impl.FollowerState (FollowerState.java:run(106)) - b7064b77-9271-4e94-8225-85d895886efb:group-B9DEF2EDD277 changes to CANDIDATE, lastRpcTime:5038, electionTimeout:5037ms
2019-09-25 11:42:19,500 [Thread-867] INFO  impl.RoleInfo (RoleInfo.java:shutdownFollowerState(121)) - b7064b77-9271-4e94-8225-85d895886efb: shutdown FollowerState
2019-09-25 11:42:19,501 [Thread-867] INFO  impl.RaftServerImpl (RaftServerImpl.java:setRole(174)) - b7064b77-9271-4e94-8225-85d895886efb@group-B9DEF2EDD277: changes role from  FOLLOWER to CANDIDATE at term 4 for changeToCandidate
2019-09-25 11:42:19,501 [Thread-867] INFO  impl.RoleInfo (RoleInfo.java:updateAndGet(143)) - b7064b77-9271-4e94-8225-85d895886efb: start LeaderElection
2019-09-25 11:42:19,502 [Thread-844] INFO  impl.FollowerState (FollowerState.java:run(106)) - e081c0a5-acfc-4a29-8262-ee158adf5b11:group-071025EF7F78 changes to CANDIDATE, lastRpcTime:5058, electionTimeout:5058ms
2019-09-25 11:42:19,502 [Thread-844] INFO  impl.RoleInfo (RoleInfo.java:shutdownFollowerState(121)) - e081c0a5-acfc-4a29-8262-ee158adf5b11: shutdown FollowerState
2019-09-25 11:42:19,502 [Thread-844] INFO  impl.RaftServerImpl (RaftServerImpl.java:setRole(174)) - e081c0a5-acfc-4a29-8262-ee158adf5b11@group-071025EF7F78: changes role from  FOLLOWER to CANDIDATE at term 4 for changeToCandidate
2019-09-25 11:42:19,502 [Thread-844] INFO  impl.RoleInfo (RoleInfo.java:updateAndGet(143)) - e081c0a5-acfc-4a29-8262-ee158adf5b11: start LeaderElection
2019-09-25 11:42:19,506 [Thread-843] INFO  impl.FollowerState (FollowerState.java:run(106)) - a7d59ef6-3eca-4628-b097-12d983444e7f:group-DBE87B3B08CE changes to CANDIDATE, lastRpcTime:5063, electionTimeout:5063ms
2019-09-25 11:42:19,507 [Thread-843] INFO  impl.RoleInfo (RoleInfo.java:shutdownFollowerState(121)) - a7d59ef6-3eca-4628-b097-12d983444e7f: shutdown FollowerState
2019-09-25 11:42:19,507 [Thread-843] INFO  impl.RaftServerImpl (RaftServerImpl.java:setRole(174)) - a7d59ef6-3eca-4628-b097-12d983444e7f@group-DBE87B3B08CE: changes role from  FOLLOWER to CANDIDATE at term 4 for changeToCandidate
2019-09-25 11:42:19,507 [Thread-843] INFO  impl.RoleInfo (RoleInfo.java:updateAndGet(143)) - a7d59ef6-3eca-4628-b097-12d983444e7f: start LeaderElection
2019-09-25 11:42:19,508 [Thread-873] INFO  impl.FollowerState (FollowerState.java:run(106)) - b7064b77-9271-4e94-8225-85d895886efb:group-6E9EB1C0F638 changes to CANDIDATE, lastRpcTime:5043, electionTimeout:5043ms
2019-09-25 11:42:19,508 [Thread-873] INFO  impl.RoleInfo (RoleInfo.java:shutdownFollowerState(121)) - b7064b77-9271-4e94-8225-85d895886efb: shutdown FollowerState
2019-09-25 11:42:19,508 [Thread-873] INFO  impl.RaftServerImpl (RaftServerImpl.java:setRole(174)) - b7064b77-9271-4e94-8225-85d895886efb@group-6E9EB1C0F638: changes role from  FOLLOWER to CANDIDATE at term 4 for changeToCandidate
2019-09-25 11:42:19,508 [Thread-873] INFO  impl.RoleInfo (RoleInfo.java:updateAndGet(143)) - b7064b77-9271-4e94-8225-85d895886efb: start LeaderElection
2019-09-25 11:42:19,509 [Thread-858] INFO  impl.FollowerState (FollowerState.java:run(106)) - a7d59ef6-3eca-4628-b097-12d983444e7f:group-47DBAAEC82C8 changes to CANDIDATE, lastRpcTime:5052, electionTimeout:5052ms
2019-09-25 11:42:19,509 [Thread-858] INFO  impl.RoleInfo (RoleInfo.java:shutdownFollowerState(121)) - a7d59ef6-3eca-4628-b097-12d983444e7f: shutdown FollowerState
2019-09-25 11:42:19,510 [Thread-858] INFO  impl.RaftServerImpl (RaftServerImpl.java:setRole(174)) - a7d59ef6-3eca-4628-b097-12d983444e7f@group-47DBAAEC82C8: changes role from  FOLLOWER to CANDIDATE at term 4 for changeToCandidate
2019-09-25 11:42:19,510 [Thread-858] INFO  impl.RoleInfo (RoleInfo.java:updateAndGet(143)) - a7d59ef6-3eca-4628-b097-12d983444e7f: start LeaderElection
2019-09-25 11:42:19,514 [Thread-857] INFO  impl.FollowerState (FollowerState.java:run(106)) - 19e67e26-3d21-4d01-be9f-29113a4a814c:group-ADB1B60517AF changes to CANDIDATE, lastRpcTime:5057, electionTimeout:5056ms
2019-09-25 11:42:19,514 [Thread-857] INFO  impl.RoleInfo (RoleInfo.java:shutdownFollowerState(121)) - 19e67e26-3d21-4d01-be9f-29113a4a814c: shutdown FollowerState
2019-09-25 11:42:19,514 [Thread-857] INFO  impl.RaftServerImpl (RaftServerImpl.java:setRole(174)) - 19e67e26-3d21-4d01-be9f-29113a4a814c@group-ADB1B60517AF: changes role from  FOLLOWER to CANDIDATE at term 4 for changeToCandidate
2019-09-25 11:42:19,514 [Thread-857] INFO  impl.RoleInfo (RoleInfo.java:updateAndGet(143)) - 19e67e26-3d21-4d01-be9f-29113a4a814c: start LeaderElection
2019-09-25 11:42:19,517 [Thread-863] INFO  impl.FollowerState (FollowerState.java:run(106)) - 8c24ed06-386e-4085-8931-93c762a64530:group-47DBAAEC82C8 changes to CANDIDATE, lastRpcTime:5057, electionTimeout:5056ms
2019-09-25 11:42:19,517 [Thread-863] INFO  impl.RoleInfo (RoleInfo.java:shutdownFollowerState(121)) - 8c24ed06-386e-4085-8931-93c762a64530: shutdown FollowerState
2019-09-25 11:42:19,517 [Thread-863] INFO  impl.RaftServerImpl (RaftServerImpl.java:setRole(174)) - 8c24ed06-386e-4085-8931-93c762a64530@group-47DBAAEC82C8: changes role from  FOLLOWER to CANDIDATE at term 4 for changeToCandidate
2019-09-25 11:42:19,517 [Thread-863] INFO  impl.RoleInfo (RoleInfo.java:updateAndGet(143)) - 8c24ed06-386e-4085-8931-93c762a64530: start LeaderElection
2019-09-25 11:42:19,522 [Thread-869] INFO  impl.FollowerState (FollowerState.java:run(106)) - d0888866-0bad-4f41-ad37-dccd4a57b958:group-282EF1BFFEE0 changes to CANDIDATE, lastRpcTime:5059, electionTimeout:5058ms
2019-09-25 11:42:19,522 [Thread-869] INFO  impl.RoleInfo (RoleInfo.java:shutdownFollowerState(121)) - d0888866-0bad-4f41-ad37-dccd4a57b958: shutdown FollowerState
2019-09-25 11:42:19,522 [Thread-869] INFO  impl.RaftServerImpl (RaftServerImpl.java:setRole(174)) - d0888866-0bad-4f41-ad37-dccd4a57b958@group-282EF1BFFEE0: changes role from  FOLLOWER to CANDIDATE at term 4 for changeToCandidate
2019-09-25 11:42:19,522 [Thread-869] INFO  impl.RoleInfo (RoleInfo.java:updateAndGet(143)) - d0888866-0bad-4f41-ad37-dccd4a57b958: start LeaderElection
2019-09-25 11:42:19,523 [Thread-859] INFO  impl.FollowerState (FollowerState.java:run(106)) - a7d59ef6-3eca-4628-b097-12d983444e7f:group-6E9EB1C0F638 changes to CANDIDATE, lastRpcTime:5064, electionTimeout:5064ms
2019-09-25 11:42:19,523 [Thread-859] INFO  impl.RoleInfo (RoleInfo.java:shutdownFollowerState(121)) - a7d59ef6-3eca-4628-b097-12d983444e7f: shutdown FollowerState
2019-09-25 11:42:19,523 [Thread-859] INFO  impl.RaftServerImpl (RaftServerImpl.java:setRole(174)) - a7d59ef6-3eca-4628-b097-12d983444e7f@group-6E9EB1C0F638: changes role from  FOLLOWER to CANDIDATE at term 4 for changeToCandidate
2019-09-25 11:42:19,523 [Thread-859] INFO  impl.RoleInfo (RoleInfo.java:updateAndGet(143)) - a7d59ef6-3eca-4628-b097-12d983444e7f: start LeaderElection
2019-09-25 11:42:19,535 [Thread-870] INFO  impl.FollowerState (FollowerState.java:run(106)) - 19e67e26-3d21-4d01-be9f-29113a4a814c:group-071025EF7F78 changes to CANDIDATE, lastRpcTime:5071, electionTimeout:5071ms
2019-09-25 11:42:19,535 [Thread-870] INFO  impl.RoleInfo (RoleInfo.java:shutdownFollowerState(121)) - 19e67e26-3d21-4d01-be9f-29113a4a814c: shutdown FollowerState
2019-09-25 11:42:19,535 [Thread-870] INFO  impl.RaftServerImpl (RaftServerImpl.java:setRole(174)) - 19e67e26-3d21-4d01-be9f-29113a4a814c@group-071025EF7F78: changes role from  FOLLOWER to CANDIDATE at term 4 for changeToCandidate
2019-09-25 11:42:19,535 [Thread-870] INFO  impl.RoleInfo (RoleInfo.java:updateAndGet(143)) - 19e67e26-3d21-4d01-be9f-29113a4a814c: start LeaderElection
2019-09-25 11:42:19,542 [Thread-866] INFO  impl.FollowerState (FollowerState.java:run(106)) - e081c0a5-acfc-4a29-8262-ee158adf5b11:group-BF1BD4D8076C changes to CANDIDATE, lastRpcTime:5080, electionTimeout:5080ms
2019-09-25 11:42:19,542 [Thread-866] INFO  impl.RoleInfo (RoleInfo.java:shutdownFollowerState(121)) - e081c0a5-acfc-4a29-8262-ee158adf5b11: shutdown FollowerState
2019-09-25 11:42:19,543 [Thread-866] INFO  impl.RaftServerImpl (RaftServerImpl.java:setRole(174)) - e081c0a5-acfc-4a29-8262-ee158adf5b11@group-BF1BD4D8076C: changes role from  FOLLOWER to CANDIDATE at term 4 for changeToCandidate
2019-09-25 11:42:19,543 [Thread-866] INFO  impl.RoleInfo (RoleInfo.java:updateAndGet(143)) - e081c0a5-acfc-4a29-8262-ee158adf5b11: start LeaderElection
2019-09-25 11:42:19,564 [Thread-871] INFO  impl.FollowerState (FollowerState.java:run(106)) - e081c0a5-acfc-4a29-8262-ee158adf5b11:group-7CC56FB5D3F9 changes to CANDIDATE, lastRpcTime:5100, electionTimeout:5100ms
2019-09-25 11:42:19,565 [Thread-871] INFO  impl.RoleInfo (RoleInfo.java:shutdownFollowerState(121)) - e081c0a5-acfc-4a29-8262-ee158adf5b11: shutdown FollowerState
2019-09-25 11:42:19,565 [Thread-871] INFO  impl.RaftServerImpl (RaftServerImpl.java:setRole(174)) - e081c0a5-acfc-4a29-8262-ee158adf5b11@group-7CC56FB5D3F9: changes role from  FOLLOWER to CANDIDATE at term 4 for changeToCandidate
2019-09-25 11:42:19,565 [Thread-871] INFO  impl.RoleInfo (RoleInfo.java:updateAndGet(143)) - e081c0a5-acfc-4a29-8262-ee158adf5b11: start LeaderElection
2019-09-25 11:42:19,571 [Thread-865] INFO  impl.FollowerState (FollowerState.java:run(106)) - 8c24ed06-386e-4085-8931-93c762a64530:group-B9DEF2EDD277 changes to CANDIDATE, lastRpcTime:5110, electionTimeout:5109ms
2019-09-25 11:42:19,571 [Thread-865] INFO  impl.RoleInfo (RoleInfo.java:shutdownFollowerState(121)) - 8c24ed06-386e-4085-8931-93c762a64530: shutdown FollowerState
2019-09-25 11:42:19,571 [Thread-865] INFO  impl.RaftServerImpl (RaftServerImpl.java:setRole(174)) - 8c24ed06-386e-4085-8931-93c762a64530@group-B9DEF2EDD277: changes role from  FOLLOWER to CANDIDATE at term 4 for changeToCandidate
2019-09-25 11:42:19,571 [Thread-865] INFO  impl.RoleInfo (RoleInfo.java:updateAndGet(143)) - 8c24ed06-386e-4085-8931-93c762a64530: start LeaderElection
2019-09-25 11:42:19,572 [Thread-862] INFO  impl.FollowerState (FollowerState.java:run(106)) - b7064b77-9271-4e94-8225-85d895886efb:group-47DBAAEC82C8 changes to CANDIDATE, lastRpcTime:5113, electionTimeout:5111ms
2019-09-25 11:42:19,572 [Thread-862] INFO  impl.RoleInfo (RoleInfo.java:shutdownFollowerState(121)) - b7064b77-9271-4e94-8225-85d895886efb: shutdown FollowerState
2019-09-25 11:42:19,572 [Thread-862] INFO  impl.RaftServerImpl (RaftServerImpl.java:setRole(174)) - b7064b77-9271-4e94-8225-85d895886efb@group-47DBAAEC82C8: changes role from  FOLLOWER to CANDIDATE at term 4 for changeToCandidate
2019-09-25 11:42:19,572 [Thread-862] INFO  impl.RoleInfo (RoleInfo.java:updateAndGet(143)) - b7064b77-9271-4e94-8225-85d895886efb: start LeaderElection
2019-09-25 11:42:19,583 [Thread-845] INFO  impl.FollowerState (FollowerState.java:run(106)) - d0888866-0bad-4f41-ad37-dccd4a57b958:group-ADB1B60517AF changes to CANDIDATE, lastRpcTime:5135, electionTimeout:5135ms
2019-09-25 11:42:19,583 [Thread-845] INFO  impl.RoleInfo (RoleInfo.java:shutdownFollowerState(121)) - d0888866-0bad-4f41-ad37-dccd4a57b958: shutdown FollowerState
2019-09-25 11:42:19,583 [Thread-845] INFO  impl.RaftServerImpl (RaftServerImpl.java:setRole(174)) - d0888866-0bad-4f41-ad37-dccd4a57b958@group-ADB1B60517AF: changes role from  FOLLOWER to CANDIDATE at term 4 for changeToCandidate
2019-09-25 11:42:19,583 [Thread-845] INFO  impl.RoleInfo (RoleInfo.java:updateAndGet(143)) - d0888866-0bad-4f41-ad37-dccd4a57b958: start LeaderElection
2019-09-25 11:42:19,587 [Thread-861] INFO  impl.FollowerState (FollowerState.java:run(106)) - d0888866-0bad-4f41-ad37-dccd4a57b958:group-CDCB2C8C105A changes to CANDIDATE, lastRpcTime:5128, electionTimeout:5126ms
2019-09-25 11:42:19,587 [Thread-855] INFO  impl.FollowerState (FollowerState.java:run(106)) - a7d59ef6-3eca-4628-b097-12d983444e7f:group-282EF1BFFEE0 changes to CANDIDATE, lastRpcTime:5131, electionTimeout:5131ms
2019-09-25 11:42:19,587 [Thread-861] INFO  impl.RoleInfo (RoleInfo.java:shutdownFollowerState(121)) - d0888866-0bad-4f41-ad37-dccd4a57b958: shutdown FollowerState
2019-09-25 11:42:19,587 [Thread-855] INFO  impl.RoleInfo (RoleInfo.java:shutdownFollowerState(121)) - a7d59ef6-3eca-4628-b097-12d983444e7f: shutdown FollowerState
2019-09-25 11:42:19,588 [Thread-861] INFO  impl.RaftServerImpl (RaftServerImpl.java:setRole(174)) - d0888866-0bad-4f41-ad37-dccd4a57b958@group-CDCB2C8C105A: changes role from  FOLLOWER to CANDIDATE at term 4 for changeToCandidate
2019-09-25 11:42:19,588 [Thread-855] INFO  impl.RaftServerImpl (RaftServerImpl.java:setRole(174)) - a7d59ef6-3eca-4628-b097-12d983444e7f@group-282EF1BFFEE0: changes role from  FOLLOWER to CANDIDATE at term 4 for changeToCandidate
2019-09-25 11:42:19,588 [Thread-861] INFO  impl.RoleInfo (RoleInfo.java:updateAndGet(143)) - d0888866-0bad-4f41-ad37-dccd4a57b958: start LeaderElection
2019-09-25 11:42:19,588 [Thread-855] INFO  impl.RoleInfo (RoleInfo.java:updateAndGet(143)) - a7d59ef6-3eca-4628-b097-12d983444e7f: start LeaderElection
2019-09-25 11:42:19,592 [Thread-850] INFO  impl.FollowerState (FollowerState.java:run(106)) - 19e67e26-3d21-4d01-be9f-29113a4a814c:group-B9DEF2EDD277 changes to CANDIDATE, lastRpcTime:5141, electionTimeout:5141ms
2019-09-25 11:42:19,592 [Thread-850] INFO  impl.RoleInfo (RoleInfo.java:shutdownFollowerState(121)) - 19e67e26-3d21-4d01-be9f-29113a4a814c: shutdown FollowerState
2019-09-25 11:42:19,593 [Thread-850] INFO  impl.RaftServerImpl (RaftServerImpl.java:setRole(174)) - 19e67e26-3d21-4d01-be9f-29113a4a814c@group-B9DEF2EDD277: changes role from  FOLLOWER to CANDIDATE at term 4 for changeToCandidate
2019-09-25 11:42:19,593 [Thread-850] INFO  impl.RoleInfo (RoleInfo.java:updateAndGet(143)) - 19e67e26-3d21-4d01-be9f-29113a4a814c: start LeaderElection
2019-09-25 11:42:19,601 [Thread-848] INFO  impl.FollowerState (FollowerState.java:run(106)) - b7064b77-9271-4e94-8225-85d895886efb:group-F2E0294EDFC2 changes to CANDIDATE, lastRpcTime:5151, electionTimeout:5150ms
2019-09-25 11:42:19,601 [Thread-848] INFO  impl.RoleInfo (RoleInfo.java:shutdownFollowerState(121)) - b7064b77-9271-4e94-8225-85d895886efb: shutdown FollowerState
2019-09-25 11:42:19,601 [Thread-848] INFO  impl.RaftServerImpl (RaftServerImpl.java:setRole(174)) - b7064b77-9271-4e94-8225-85d895886efb@group-F2E0294EDFC2: changes role from  FOLLOWER to CANDIDATE at term 4 for changeToCandidate
2019-09-25 11:42:19,602 [Thread-848] INFO  impl.RoleInfo (RoleInfo.java:updateAndGet(143)) - b7064b77-9271-4e94-8225-85d895886efb: start LeaderElection
2019-09-25 11:42:19,611 [Thread-856] INFO  impl.FollowerState (FollowerState.java:run(106)) - d0888866-0bad-4f41-ad37-dccd4a57b958:group-DBE87B3B08CE changes to CANDIDATE, lastRpcTime:5155, electionTimeout:5155ms
2019-09-25 11:42:19,611 [Thread-856] INFO  impl.RoleInfo (RoleInfo.java:shutdownFollowerState(121)) - d0888866-0bad-4f41-ad37-dccd4a57b958: shutdown FollowerState
2019-09-25 11:42:19,611 [Thread-856] INFO  impl.RaftServerImpl (RaftServerImpl.java:setRole(174)) - d0888866-0bad-4f41-ad37-dccd4a57b958@group-DBE87B3B08CE: changes role from  FOLLOWER to CANDIDATE at term 4 for changeToCandidate
2019-09-25 11:42:19,611 [Thread-856] INFO  impl.RoleInfo (RoleInfo.java:updateAndGet(143)) - d0888866-0bad-4f41-ad37-dccd4a57b958: start LeaderElection
2019-09-25 11:42:19,649 [Thread-852] INFO  impl.FollowerState (FollowerState.java:run(106)) - 8c24ed06-386e-4085-8931-93c762a64530:group-BF1BD4D8076C changes to CANDIDATE, lastRpcTime:5195, electionTimeout:5195ms
2019-09-25 11:42:19,649 [Thread-852] INFO  impl.RoleInfo (RoleInfo.java:shutdownFollowerState(121)) - 8c24ed06-386e-4085-8931-93c762a64530: shutdown FollowerState
2019-09-25 11:42:19,649 [Thread-852] INFO  impl.RaftServerImpl (RaftServerImpl.java:setRole(174)) - 8c24ed06-386e-4085-8931-93c762a64530@group-BF1BD4D8076C: changes role from  FOLLOWER to CANDIDATE at term 4 for changeToCandidate
2019-09-25 11:42:19,649 [Thread-852] INFO  impl.RoleInfo (RoleInfo.java:updateAndGet(143)) - 8c24ed06-386e-4085-8931-93c762a64530: start LeaderElection
2019-09-25 11:42:24,265 [RatisPipelineUtilsThread] INFO  pipeline.PipelinePlacementPolicy (PipelinePlacementPolicy.java:meetCriteria(91)) - Pipeline Placement: can't place more pipeline on heavy datanode： a7d59ef6-3eca-4628-b097-12d983444e7f Heaviness: 6 limit: 5
2019-09-25 11:42:24,266 [RatisPipelineUtilsThread] INFO  pipeline.PipelinePlacementPolicy (PipelinePlacementPolicy.java:meetCriteria(91)) - Pipeline Placement: can't place more pipeline on heavy datanode： d0888866-0bad-4f41-ad37-dccd4a57b958 Heaviness: 6 limit: 5
2019-09-25 11:42:24,267 [RatisPipelineUtilsThread] INFO  pipeline.PipelinePlacementPolicy (PipelinePlacementPolicy.java:meetCriteria(91)) - Pipeline Placement: can't place more pipeline on heavy datanode： 19e67e26-3d21-4d01-be9f-29113a4a814c Heaviness: 6 limit: 5
2019-09-25 11:42:24,267 [RatisPipelineUtilsThread] INFO  pipeline.PipelinePlacementPolicy (PipelinePlacementPolicy.java:meetCriteria(91)) - Pipeline Placement: can't place more pipeline on heavy datanode： e081c0a5-acfc-4a29-8262-ee158adf5b11 Heaviness: 6 limit: 5
2019-09-25 11:42:24,267 [RatisPipelineUtilsThread] INFO  pipeline.PipelinePlacementPolicy (PipelinePlacementPolicy.java:meetCriteria(91)) - Pipeline Placement: can't place more pipeline on heavy datanode： 8c24ed06-386e-4085-8931-93c762a64530 Heaviness: 6 limit: 5
2019-09-25 11:42:24,267 [RatisPipelineUtilsThread] INFO  pipeline.PipelinePlacementPolicy (PipelinePlacementPolicy.java:meetCriteria(91)) - Pipeline Placement: can't place more pipeline on heavy datanode： b7064b77-9271-4e94-8225-85d895886efb Heaviness: 6 limit: 5
2019-09-25 11:42:24,268 [RatisPipelineUtilsThread] ERROR pipeline.PipelinePlacementPolicy (PipelinePlacementPolicy.java:filterViableNodes(148)) - Unable to find enough nodes that meet the criteria that cannot engage in more than 5 pipelines. Nodes required: 1 Found: 0, healthy nodes count inNodeManager: 6.
2019-09-25 11:42:24,268 [RatisPipelineUtilsThread] ERROR pipeline.SCMPipelineManager (SCMPipelineManager.java:createPipeline(167)) - Pipeline creation failed.
org.apache.hadoop.hdds.scm.exceptions.SCMException: Unable to find enough nodes that meet the criteria that cannot engage in more than 5 pipelines. Nodes required: 1 Found: 0, healthy nodes count inNodeManager: 6.
	at org.apache.hadoop.hdds.scm.pipeline.PipelinePlacementPolicy.filterViableNodes(PipelinePlacementPolicy.java:149)
	at org.apache.hadoop.hdds.scm.pipeline.PipelinePlacementPolicy.chooseDatanodes(PipelinePlacementPolicy.java:172)
	at org.apache.hadoop.hdds.scm.pipeline.RatisPipelineProvider.create(RatisPipelineProvider.java:93)
	at org.apache.hadoop.hdds.scm.pipeline.PipelineFactory.create(PipelineFactory.java:58)
	at org.apache.hadoop.hdds.scm.pipeline.SCMPipelineManager.createPipeline(SCMPipelineManager.java:155)
	at org.apache.hadoop.hdds.scm.pipeline.BackgroundPipelineCreator.createPipelines(BackgroundPipelineCreator.java:99)
	at org.apache.hadoop.hdds.scm.pipeline.BackgroundPipelineCreator.lambda$startFixedIntervalPipelineCreator$0(BackgroundPipelineCreator.java:70)
	at java.util.concurrent.Executors$RunnableAdapter.call(Executors.java:511)
	at java.util.concurrent.FutureTask.runAndReset(FutureTask.java:308)
	at java.util.concurrent.ScheduledThreadPoolExecutor$ScheduledFutureTask.access$301(ScheduledThreadPoolExecutor.java:180)
	at java.util.concurrent.ScheduledThreadPoolExecutor$ScheduledFutureTask.run(ScheduledThreadPoolExecutor.java:294)
	at java.util.concurrent.ThreadPoolExecutor.runWorker(ThreadPoolExecutor.java:1149)
	at java.util.concurrent.ThreadPoolExecutor$Worker.run(ThreadPoolExecutor.java:624)
	at java.lang.Thread.run(Thread.java:748)
2019-09-25 11:42:24,269 [RatisPipelineUtilsThread] INFO  pipeline.PipelinePlacementPolicy (PipelinePlacementPolicy.java:meetCriteria(91)) - Pipeline Placement: can't place more pipeline on heavy datanode： a7d59ef6-3eca-4628-b097-12d983444e7f Heaviness: 6 limit: 5
2019-09-25 11:42:24,269 [RatisPipelineUtilsThread] INFO  pipeline.PipelinePlacementPolicy (PipelinePlacementPolicy.java:meetCriteria(91)) - Pipeline Placement: can't place more pipeline on heavy datanode： d0888866-0bad-4f41-ad37-dccd4a57b958 Heaviness: 6 limit: 5
2019-09-25 11:42:24,269 [RatisPipelineUtilsThread] INFO  pipeline.PipelinePlacementPolicy (PipelinePlacementPolicy.java:meetCriteria(91)) - Pipeline Placement: can't place more pipeline on heavy datanode： 19e67e26-3d21-4d01-be9f-29113a4a814c Heaviness: 6 limit: 5
2019-09-25 11:42:24,270 [RatisPipelineUtilsThread] INFO  pipeline.PipelinePlacementPolicy (PipelinePlacementPolicy.java:meetCriteria(91)) - Pipeline Placement: can't place more pipeline on heavy datanode： e081c0a5-acfc-4a29-8262-ee158adf5b11 Heaviness: 6 limit: 5
2019-09-25 11:42:24,270 [RatisPipelineUtilsThread] INFO  pipeline.PipelinePlacementPolicy (PipelinePlacementPolicy.java:meetCriteria(91)) - Pipeline Placement: can't place more pipeline on heavy datanode： 8c24ed06-386e-4085-8931-93c762a64530 Heaviness: 6 limit: 5
2019-09-25 11:42:24,270 [RatisPipelineUtilsThread] INFO  pipeline.PipelinePlacementPolicy (PipelinePlacementPolicy.java:meetCriteria(91)) - Pipeline Placement: can't place more pipeline on heavy datanode： b7064b77-9271-4e94-8225-85d895886efb Heaviness: 6 limit: 5
2019-09-25 11:42:24,270 [RatisPipelineUtilsThread] ERROR pipeline.PipelinePlacementPolicy (PipelinePlacementPolicy.java:filterViableNodes(148)) - Unable to find enough nodes that meet the criteria that cannot engage in more than 5 pipelines. Nodes required: 3 Found: 0, healthy nodes count inNodeManager: 6.
2019-09-25 11:42:24,271 [RatisPipelineUtilsThread] ERROR pipeline.SCMPipelineManager (SCMPipelineManager.java:createPipeline(167)) - Pipeline creation failed.
org.apache.hadoop.hdds.scm.exceptions.SCMException: Unable to find enough nodes that meet the criteria that cannot engage in more than 5 pipelines. Nodes required: 3 Found: 0, healthy nodes count inNodeManager: 6.
	at org.apache.hadoop.hdds.scm.pipeline.PipelinePlacementPolicy.filterViableNodes(PipelinePlacementPolicy.java:149)
	at org.apache.hadoop.hdds.scm.pipeline.PipelinePlacementPolicy.chooseDatanodes(PipelinePlacementPolicy.java:172)
	at org.apache.hadoop.hdds.scm.pipeline.RatisPipelineProvider.create(RatisPipelineProvider.java:93)
	at org.apache.hadoop.hdds.scm.pipeline.PipelineFactory.create(PipelineFactory.java:58)
	at org.apache.hadoop.hdds.scm.pipeline.SCMPipelineManager.createPipeline(SCMPipelineManager.java:155)
	at org.apache.hadoop.hdds.scm.pipeline.BackgroundPipelineCreator.createPipelines(BackgroundPipelineCreator.java:99)
	at org.apache.hadoop.hdds.scm.pipeline.BackgroundPipelineCreator.lambda$startFixedIntervalPipelineCreator$0(BackgroundPipelineCreator.java:70)
	at java.util.concurrent.Executors$RunnableAdapter.call(Executors.java:511)
	at java.util.concurrent.FutureTask.runAndReset(FutureTask.java:308)
	at java.util.concurrent.ScheduledThreadPoolExecutor$ScheduledFutureTask.access$301(ScheduledThreadPoolExecutor.java:180)
	at java.util.concurrent.ScheduledThreadPoolExecutor$ScheduledFutureTask.run(ScheduledThreadPoolExecutor.java:294)
	at java.util.concurrent.ThreadPoolExecutor.runWorker(ThreadPoolExecutor.java:1149)
	at java.util.concurrent.ThreadPoolExecutor$Worker.run(ThreadPoolExecutor.java:624)
	at java.lang.Thread.run(Thread.java:748)
2019-09-25 11:42:26,404 [b7064b77-9271-4e94-8225-85d895886efb@group-282EF1BFFEE0:LeaderElection139] INFO  impl.LeaderElection (LeaderElection.java:askForVotes(182)) - b7064b77-9271-4e94-8225-85d895886efb@group-282EF1BFFEE0:LeaderElection139: begin an election at term 5 for -1: [d0888866-0bad-4f41-ad37-dccd4a57b958:192.168.30.6:45405, a7d59ef6-3eca-4628-b097-12d983444e7f:192.168.30.6:43486, b7064b77-9271-4e94-8225-85d895886efb:192.168.30.6:41519], old=null
2019-09-25 11:42:26,405 [a7d59ef6-3eca-4628-b097-12d983444e7f@group-6E9EB1C0F638:LeaderElection157] INFO  impl.LeaderElection (LeaderElection.java:askForVotes(182)) - a7d59ef6-3eca-4628-b097-12d983444e7f@group-6E9EB1C0F638:LeaderElection157: begin an election at term 5 for -1: [e081c0a5-acfc-4a29-8262-ee158adf5b11:192.168.30.6:37941, a7d59ef6-3eca-4628-b097-12d983444e7f:192.168.30.6:43486, b7064b77-9271-4e94-8225-85d895886efb:192.168.30.6:41519], old=null
2019-09-25 11:42:26,405 [19e67e26-3d21-4d01-be9f-29113a4a814c@group-BF1BD4D8076C:LeaderElection138] INFO  impl.LeaderElection (LeaderElection.java:askForVotes(182)) - 19e67e26-3d21-4d01-be9f-29113a4a814c@group-BF1BD4D8076C:LeaderElection138: begin an election at term 5 for -1: [e081c0a5-acfc-4a29-8262-ee158adf5b11:192.168.30.6:37941, 19e67e26-3d21-4d01-be9f-29113a4a814c:192.168.30.6:34535, 8c24ed06-386e-4085-8931-93c762a64530:192.168.30.6:32862], old=null
2019-09-25 11:42:26,405 [8c24ed06-386e-4085-8931-93c762a64530@group-B9DEF2EDD277:LeaderElection161] INFO  impl.LeaderElection (LeaderElection.java:askForVotes(182)) - 8c24ed06-386e-4085-8931-93c762a64530@group-B9DEF2EDD277:LeaderElection161: begin an election at term 5 for -1: [19e67e26-3d21-4d01-be9f-29113a4a814c:192.168.30.6:34535, 8c24ed06-386e-4085-8931-93c762a64530:192.168.30.6:32862, b7064b77-9271-4e94-8225-85d895886efb:192.168.30.6:41519], old=null
2019-09-25 11:42:26,405 [d0888866-0bad-4f41-ad37-dccd4a57b958@group-F2E0294EDFC2:LeaderElection137] INFO  impl.LeaderElection (LeaderElection.java:askForVotes(182)) - d0888866-0bad-4f41-ad37-dccd4a57b958@group-F2E0294EDFC2:LeaderElection137: begin an election at term 5 for -1: [d0888866-0bad-4f41-ad37-dccd4a57b958:192.168.30.6:45405, a7d59ef6-3eca-4628-b097-12d983444e7f:192.168.30.6:43486, b7064b77-9271-4e94-8225-85d895886efb:192.168.30.6:41519], old=null
2019-09-25 11:42:26,405 [d0888866-0bad-4f41-ad37-dccd4a57b958@group-071025EF7F78:LeaderElection148] INFO  impl.LeaderElection (LeaderElection.java:askForVotes(182)) - d0888866-0bad-4f41-ad37-dccd4a57b958@group-071025EF7F78:LeaderElection148: begin an election at term 5 for -1: [e081c0a5-acfc-4a29-8262-ee158adf5b11:192.168.30.6:37941, d0888866-0bad-4f41-ad37-dccd4a57b958:192.168.30.6:45405, 19e67e26-3d21-4d01-be9f-29113a4a814c:192.168.30.6:34535], old=null
2019-09-25 11:42:26,405 [a7d59ef6-3eca-4628-b097-12d983444e7f@group-47DBAAEC82C8:LeaderElection153] INFO  impl.LeaderElection (LeaderElection.java:askForVotes(182)) - a7d59ef6-3eca-4628-b097-12d983444e7f@group-47DBAAEC82C8:LeaderElection153: begin an election at term 5 for -1: [a7d59ef6-3eca-4628-b097-12d983444e7f:192.168.30.6:43486, 8c24ed06-386e-4085-8931-93c762a64530:192.168.30.6:32862, b7064b77-9271-4e94-8225-85d895886efb:192.168.30.6:41519], old=null
2019-09-25 11:42:26,404 [a7d59ef6-3eca-4628-b097-12d983444e7f@group-282EF1BFFEE0:LeaderElection165] INFO  impl.LeaderElection (LeaderElection.java:askForVotes(182)) - a7d59ef6-3eca-4628-b097-12d983444e7f@group-282EF1BFFEE0:LeaderElection165: begin an election at term 5 for -1: [d0888866-0bad-4f41-ad37-dccd4a57b958:192.168.30.6:45405, a7d59ef6-3eca-4628-b097-12d983444e7f:192.168.30.6:43486, b7064b77-9271-4e94-8225-85d895886efb:192.168.30.6:41519], old=null
2019-09-25 11:42:26,405 [b7064b77-9271-4e94-8225-85d895886efb@group-47DBAAEC82C8:LeaderElection162] INFO  impl.LeaderElection (LeaderElection.java:askForVotes(182)) - b7064b77-9271-4e94-8225-85d895886efb@group-47DBAAEC82C8:LeaderElection162: begin an election at term 5 for -1: [a7d59ef6-3eca-4628-b097-12d983444e7f:192.168.30.6:43486, 8c24ed06-386e-4085-8931-93c762a64530:192.168.30.6:32862, b7064b77-9271-4e94-8225-85d895886efb:192.168.30.6:41519], old=null
2019-09-25 11:42:26,405 [b7064b77-9271-4e94-8225-85d895886efb@group-CDCB2C8C105A:LeaderElection144] INFO  impl.LeaderElection (LeaderElection.java:askForVotes(182)) - b7064b77-9271-4e94-8225-85d895886efb@group-CDCB2C8C105A:LeaderElection144: begin an election at term 5 for -1: [d0888866-0bad-4f41-ad37-dccd4a57b958:192.168.30.6:45405, 8c24ed06-386e-4085-8931-93c762a64530:192.168.30.6:32862, b7064b77-9271-4e94-8225-85d895886efb:192.168.30.6:41519], old=null
2019-09-25 11:42:26,405 [8c24ed06-386e-4085-8931-93c762a64530@group-DBE87B3B08CE:LeaderElection145] INFO  impl.LeaderElection (LeaderElection.java:askForVotes(182)) - 8c24ed06-386e-4085-8931-93c762a64530@group-DBE87B3B08CE:LeaderElection145: begin an election at term 5 for -1: [d0888866-0bad-4f41-ad37-dccd4a57b958:192.168.30.6:45405, a7d59ef6-3eca-4628-b097-12d983444e7f:192.168.30.6:43486, 8c24ed06-386e-4085-8931-93c762a64530:192.168.30.6:32862], old=null
2019-09-25 11:42:26,405 [d0888866-0bad-4f41-ad37-dccd4a57b958@group-CDCB2C8C105A:LeaderElection164] INFO  impl.LeaderElection (LeaderElection.java:askForVotes(182)) - d0888866-0bad-4f41-ad37-dccd4a57b958@group-CDCB2C8C105A:LeaderElection164: begin an election at term 5 for -1: [d0888866-0bad-4f41-ad37-dccd4a57b958:192.168.30.6:45405, 8c24ed06-386e-4085-8931-93c762a64530:192.168.30.6:32862, b7064b77-9271-4e94-8225-85d895886efb:192.168.30.6:41519], old=null
2019-09-25 11:42:26,405 [b7064b77-9271-4e94-8225-85d895886efb@group-6E9EB1C0F638:LeaderElection152] INFO  impl.LeaderElection (LeaderElection.java:askForVotes(182)) - b7064b77-9271-4e94-8225-85d895886efb@group-6E9EB1C0F638:LeaderElection152: begin an election at term 5 for -1: [e081c0a5-acfc-4a29-8262-ee158adf5b11:192.168.30.6:37941, a7d59ef6-3eca-4628-b097-12d983444e7f:192.168.30.6:43486, b7064b77-9271-4e94-8225-85d895886efb:192.168.30.6:41519], old=null
2019-09-25 11:42:26,405 [19e67e26-3d21-4d01-be9f-29113a4a814c@group-071025EF7F78:LeaderElection158] INFO  impl.LeaderElection (LeaderElection.java:askForVotes(182)) - 19e67e26-3d21-4d01-be9f-29113a4a814c@group-071025EF7F78:LeaderElection158: begin an election at term 5 for -1: [e081c0a5-acfc-4a29-8262-ee158adf5b11:192.168.30.6:37941, d0888866-0bad-4f41-ad37-dccd4a57b958:192.168.30.6:45405, 19e67e26-3d21-4d01-be9f-29113a4a814c:192.168.30.6:34535], old=null
2019-09-25 11:42:26,405 [a7d59ef6-3eca-4628-b097-12d983444e7f@group-F2E0294EDFC2:LeaderElection147] INFO  impl.LeaderElection (LeaderElection.java:askForVotes(182)) - a7d59ef6-3eca-4628-b097-12d983444e7f@group-F2E0294EDFC2:LeaderElection147: begin an election at term 5 for -1: [d0888866-0bad-4f41-ad37-dccd4a57b958:192.168.30.6:45405, a7d59ef6-3eca-4628-b097-12d983444e7f:192.168.30.6:43486, b7064b77-9271-4e94-8225-85d895886efb:192.168.30.6:41519], old=null
2019-09-25 11:42:26,405 [8c24ed06-386e-4085-8931-93c762a64530@group-BF1BD4D8076C:LeaderElection169] INFO  impl.LeaderElection (LeaderElection.java:askForVotes(182)) - 8c24ed06-386e-4085-8931-93c762a64530@group-BF1BD4D8076C:LeaderElection169: begin an election at term 5 for -1: [e081c0a5-acfc-4a29-8262-ee158adf5b11:192.168.30.6:37941, 19e67e26-3d21-4d01-be9f-29113a4a814c:192.168.30.6:34535, 8c24ed06-386e-4085-8931-93c762a64530:192.168.30.6:32862], old=null
2019-09-25 11:42:26,405 [8c24ed06-386e-4085-8931-93c762a64530@group-ADB1B60517AF:LeaderElection141] INFO  impl.LeaderElection (LeaderElection.java:askForVotes(182)) - 8c24ed06-386e-4085-8931-93c762a64530@group-ADB1B60517AF:LeaderElection141: begin an election at term 5 for -1: [d0888866-0bad-4f41-ad37-dccd4a57b958:192.168.30.6:45405, 19e67e26-3d21-4d01-be9f-29113a4a814c:192.168.30.6:34535, 8c24ed06-386e-4085-8931-93c762a64530:192.168.30.6:32862], old=null
2019-09-25 11:42:26,405 [19e67e26-3d21-4d01-be9f-29113a4a814c@group-7CC56FB5D3F9:LeaderElection146] INFO  impl.LeaderElection (LeaderElection.java:askForVotes(182)) - 19e67e26-3d21-4d01-be9f-29113a4a814c@group-7CC56FB5D3F9:LeaderElection146: begin an election at term 5 for -1: [e081c0a5-acfc-4a29-8262-ee158adf5b11:192.168.30.6:37941, 19e67e26-3d21-4d01-be9f-29113a4a814c:192.168.30.6:34535, a7d59ef6-3eca-4628-b097-12d983444e7f:192.168.30.6:43486], old=null
2019-09-25 11:42:26,405 [d0888866-0bad-4f41-ad37-dccd4a57b958@group-DBE87B3B08CE:LeaderElection168] INFO  impl.LeaderElection (LeaderElection.java:askForVotes(182)) - d0888866-0bad-4f41-ad37-dccd4a57b958@group-DBE87B3B08CE:LeaderElection168: begin an election at term 5 for -1: [d0888866-0bad-4f41-ad37-dccd4a57b958:192.168.30.6:45405, a7d59ef6-3eca-4628-b097-12d983444e7f:192.168.30.6:43486, 8c24ed06-386e-4085-8931-93c762a64530:192.168.30.6:32862], old=null
2019-09-25 11:42:26,405 [19e67e26-3d21-4d01-be9f-29113a4a814c@group-ADB1B60517AF:LeaderElection154] INFO  impl.LeaderElection (LeaderElection.java:askForVotes(182)) - 19e67e26-3d21-4d01-be9f-29113a4a814c@group-ADB1B60517AF:LeaderElection154: begin an election at term 5 for -1: [d0888866-0bad-4f41-ad37-dccd4a57b958:192.168.30.6:45405, 19e67e26-3d21-4d01-be9f-29113a4a814c:192.168.30.6:34535, 8c24ed06-386e-4085-8931-93c762a64530:192.168.30.6:32862], old=null
2019-09-25 11:42:26,405 [d0888866-0bad-4f41-ad37-dccd4a57b958@group-282EF1BFFEE0:LeaderElection156] INFO  impl.LeaderElection (LeaderElection.java:askForVotes(182)) - d0888866-0bad-4f41-ad37-dccd4a57b958@group-282EF1BFFEE0:LeaderElection156: begin an election at term 5 for -1: [d0888866-0bad-4f41-ad37-dccd4a57b958:192.168.30.6:45405, a7d59ef6-3eca-4628-b097-12d983444e7f:192.168.30.6:43486, b7064b77-9271-4e94-8225-85d895886efb:192.168.30.6:41519], old=null
2019-09-25 11:42:26,405 [a7d59ef6-3eca-4628-b097-12d983444e7f@group-DBE87B3B08CE:LeaderElection151] INFO  impl.LeaderElection (LeaderElection.java:askForVotes(182)) - a7d59ef6-3eca-4628-b097-12d983444e7f@group-DBE87B3B08CE:LeaderElection151: begin an election at term 5 for -1: [d0888866-0bad-4f41-ad37-dccd4a57b958:192.168.30.6:45405, a7d59ef6-3eca-4628-b097-12d983444e7f:192.168.30.6:43486, 8c24ed06-386e-4085-8931-93c762a64530:192.168.30.6:32862], old=null
2019-09-25 11:42:26,405 [e081c0a5-acfc-4a29-8262-ee158adf5b11@group-7CC56FB5D3F9:LeaderElection160] INFO  impl.LeaderElection (LeaderElection.java:askForVotes(182)) - e081c0a5-acfc-4a29-8262-ee158adf5b11@group-7CC56FB5D3F9:LeaderElection160: begin an election at term 5 for -1: [e081c0a5-acfc-4a29-8262-ee158adf5b11:192.168.30.6:37941, 19e67e26-3d21-4d01-be9f-29113a4a814c:192.168.30.6:34535, a7d59ef6-3eca-4628-b097-12d983444e7f:192.168.30.6:43486], old=null
2019-09-25 11:42:26,405 [8c24ed06-386e-4085-8931-93c762a64530@group-47DBAAEC82C8:LeaderElection155] INFO  impl.LeaderElection (LeaderElection.java:askForVotes(182)) - 8c24ed06-386e-4085-8931-93c762a64530@group-47DBAAEC82C8:LeaderElection155: begin an election at term 5 for -1: [a7d59ef6-3eca-4628-b097-12d983444e7f:192.168.30.6:43486, 8c24ed06-386e-4085-8931-93c762a64530:192.168.30.6:32862, b7064b77-9271-4e94-8225-85d895886efb:192.168.30.6:41519], old=null
2019-09-25 11:42:26,405 [b7064b77-9271-4e94-8225-85d895886efb@group-B9DEF2EDD277:LeaderElection149] INFO  impl.LeaderElection (LeaderElection.java:askForVotes(182)) - b7064b77-9271-4e94-8225-85d895886efb@group-B9DEF2EDD277:LeaderElection149: begin an election at term 5 for -1: [19e67e26-3d21-4d01-be9f-29113a4a814c:192.168.30.6:34535, 8c24ed06-386e-4085-8931-93c762a64530:192.168.30.6:32862, b7064b77-9271-4e94-8225-85d895886efb:192.168.30.6:41519], old=null
2019-09-25 11:42:26,405 [e081c0a5-acfc-4a29-8262-ee158adf5b11@group-BF1BD4D8076C:LeaderElection159] INFO  impl.LeaderElection (LeaderElection.java:askForVotes(182)) - e081c0a5-acfc-4a29-8262-ee158adf5b11@group-BF1BD4D8076C:LeaderElection159: begin an election at term 5 for -1: [e081c0a5-acfc-4a29-8262-ee158adf5b11:192.168.30.6:37941, 19e67e26-3d21-4d01-be9f-29113a4a814c:192.168.30.6:34535, 8c24ed06-386e-4085-8931-93c762a64530:192.168.30.6:32862], old=null
2019-09-25 11:42:26,405 [e081c0a5-acfc-4a29-8262-ee158adf5b11@group-071025EF7F78:LeaderElection150] INFO  impl.LeaderElection (LeaderElection.java:askForVotes(182)) - e081c0a5-acfc-4a29-8262-ee158adf5b11@group-071025EF7F78:LeaderElection150: begin an election at term 5 for -1: [e081c0a5-acfc-4a29-8262-ee158adf5b11:192.168.30.6:37941, d0888866-0bad-4f41-ad37-dccd4a57b958:192.168.30.6:45405, 19e67e26-3d21-4d01-be9f-29113a4a814c:192.168.30.6:34535], old=null
2019-09-25 11:42:26,405 [a7d59ef6-3eca-4628-b097-12d983444e7f@group-7CC56FB5D3F9:LeaderElection142] INFO  impl.LeaderElection (LeaderElection.java:askForVotes(182)) - a7d59ef6-3eca-4628-b097-12d983444e7f@group-7CC56FB5D3F9:LeaderElection142: begin an election at term 5 for -1: [e081c0a5-acfc-4a29-8262-ee158adf5b11:192.168.30.6:37941, 19e67e26-3d21-4d01-be9f-29113a4a814c:192.168.30.6:34535, a7d59ef6-3eca-4628-b097-12d983444e7f:192.168.30.6:43486], old=null
2019-09-25 11:42:26,405 [19e67e26-3d21-4d01-be9f-29113a4a814c@group-B9DEF2EDD277:LeaderElection166] INFO  impl.LeaderElection (LeaderElection.java:askForVotes(182)) - 19e67e26-3d21-4d01-be9f-29113a4a814c@group-B9DEF2EDD277:LeaderElection166: begin an election at term 5 for -1: [19e67e26-3d21-4d01-be9f-29113a4a814c:192.168.30.6:34535, 8c24ed06-386e-4085-8931-93c762a64530:192.168.30.6:32862, b7064b77-9271-4e94-8225-85d895886efb:192.168.30.6:41519], old=null
2019-09-25 11:42:26,404 [b7064b77-9271-4e94-8225-85d895886efb@group-F2E0294EDFC2:LeaderElection167] INFO  impl.LeaderElection (LeaderElection.java:askForVotes(182)) - b7064b77-9271-4e94-8225-85d895886efb@group-F2E0294EDFC2:LeaderElection167: begin an election at term 5 for -1: [d0888866-0bad-4f41-ad37-dccd4a57b958:192.168.30.6:45405, a7d59ef6-3eca-4628-b097-12d983444e7f:192.168.30.6:43486, b7064b77-9271-4e94-8225-85d895886efb:192.168.30.6:41519], old=null
2019-09-25 11:42:26,404 [e081c0a5-acfc-4a29-8262-ee158adf5b11@group-6E9EB1C0F638:LeaderElection143] INFO  impl.LeaderElection (LeaderElection.java:askForVotes(182)) - e081c0a5-acfc-4a29-8262-ee158adf5b11@group-6E9EB1C0F638:LeaderElection143: begin an election at term 5 for -1: [e081c0a5-acfc-4a29-8262-ee158adf5b11:192.168.30.6:37941, a7d59ef6-3eca-4628-b097-12d983444e7f:192.168.30.6:43486, b7064b77-9271-4e94-8225-85d895886efb:192.168.30.6:41519], old=null
2019-09-25 11:42:26,404 [8c24ed06-386e-4085-8931-93c762a64530@group-CDCB2C8C105A:LeaderElection140] INFO  impl.LeaderElection (LeaderElection.java:askForVotes(182)) - 8c24ed06-386e-4085-8931-93c762a64530@group-CDCB2C8C105A:LeaderElection140: begin an election at term 5 for -1: [d0888866-0bad-4f41-ad37-dccd4a57b958:192.168.30.6:45405, 8c24ed06-386e-4085-8931-93c762a64530:192.168.30.6:32862, b7064b77-9271-4e94-8225-85d895886efb:192.168.30.6:41519], old=null
2019-09-25 11:42:26,404 [d0888866-0bad-4f41-ad37-dccd4a57b958@group-ADB1B60517AF:LeaderElection163] INFO  impl.LeaderElection (LeaderElection.java:askForVotes(182)) - d0888866-0bad-4f41-ad37-dccd4a57b958@group-ADB1B60517AF:LeaderElection163: begin an election at term 5 for -1: [d0888866-0bad-4f41-ad37-dccd4a57b958:192.168.30.6:45405, 19e67e26-3d21-4d01-be9f-29113a4a814c:192.168.30.6:34535, 8c24ed06-386e-4085-8931-93c762a64530:192.168.30.6:32862], old=null
2019-09-25 11:42:26,439 [d0888866-0bad-4f41-ad37-dccd4a57b958@group-071025EF7F78:LeaderElection148] INFO  impl.LeaderElection (LeaderElection.java:logAndReturn(56)) - d0888866-0bad-4f41-ad37-dccd4a57b958@group-071025EF7F78:LeaderElection148: Election REJECTED; received 2 response(s) [d0888866-0bad-4f41-ad37-dccd4a57b958<-e081c0a5-acfc-4a29-8262-ee158adf5b11#0:FAIL-t5, d0888866-0bad-4f41-ad37-dccd4a57b958<-19e67e26-3d21-4d01-be9f-29113a4a814c#0:FAIL-t5] and 0 exception(s); d0888866-0bad-4f41-ad37-dccd4a57b958@group-071025EF7F78:t5, leader=null, voted=d0888866-0bad-4f41-ad37-dccd4a57b958, raftlog=d0888866-0bad-4f41-ad37-dccd4a57b958@group-071025EF7F78-SegmentedRaftLog:OPENED:c-1,f-1,i0, conf=-1: [e081c0a5-acfc-4a29-8262-ee158adf5b11:192.168.30.6:37941, d0888866-0bad-4f41-ad37-dccd4a57b958:192.168.30.6:45405, 19e67e26-3d21-4d01-be9f-29113a4a814c:192.168.30.6:34535], old=null
2019-09-25 11:42:26,439 [d0888866-0bad-4f41-ad37-dccd4a57b958@group-071025EF7F78:LeaderElection148] INFO  impl.RaftServerImpl (RaftServerImpl.java:setRole(174)) - d0888866-0bad-4f41-ad37-dccd4a57b958@group-071025EF7F78: changes role from CANDIDATE to FOLLOWER at term 5 for DISCOVERED_A_NEW_TERM
2019-09-25 11:42:26,439 [d0888866-0bad-4f41-ad37-dccd4a57b958@group-071025EF7F78:LeaderElection148] INFO  impl.RoleInfo (RoleInfo.java:shutdownLeaderElection(134)) - d0888866-0bad-4f41-ad37-dccd4a57b958: shutdown LeaderElection
2019-09-25 11:42:26,440 [b7064b77-9271-4e94-8225-85d895886efb@group-282EF1BFFEE0:LeaderElection139] INFO  impl.LeaderElection (LeaderElection.java:logAndReturn(56)) - b7064b77-9271-4e94-8225-85d895886efb@group-282EF1BFFEE0:LeaderElection139: Election REJECTED; received 2 response(s) [b7064b77-9271-4e94-8225-85d895886efb<-d0888866-0bad-4f41-ad37-dccd4a57b958#0:FAIL-t5, b7064b77-9271-4e94-8225-85d895886efb<-a7d59ef6-3eca-4628-b097-12d983444e7f#0:FAIL-t5] and 0 exception(s); b7064b77-9271-4e94-8225-85d895886efb@group-282EF1BFFEE0:t5, leader=null, voted=b7064b77-9271-4e94-8225-85d895886efb, raftlog=b7064b77-9271-4e94-8225-85d895886efb@group-282EF1BFFEE0-SegmentedRaftLog:OPENED:c-1,f-1,i0, conf=-1: [d0888866-0bad-4f41-ad37-dccd4a57b958:192.168.30.6:45405, a7d59ef6-3eca-4628-b097-12d983444e7f:192.168.30.6:43486, b7064b77-9271-4e94-8225-85d895886efb:192.168.30.6:41519], old=null
2019-09-25 11:42:26,440 [d0888866-0bad-4f41-ad37-dccd4a57b958@group-071025EF7F78:LeaderElection148] INFO  impl.RoleInfo (RoleInfo.java:updateAndGet(143)) - d0888866-0bad-4f41-ad37-dccd4a57b958: start FollowerState
2019-09-25 11:42:26,440 [b7064b77-9271-4e94-8225-85d895886efb@group-282EF1BFFEE0:LeaderElection139] INFO  impl.RaftServerImpl (RaftServerImpl.java:setRole(174)) - b7064b77-9271-4e94-8225-85d895886efb@group-282EF1BFFEE0: changes role from CANDIDATE to FOLLOWER at term 5 for DISCOVERED_A_NEW_TERM
2019-09-25 11:42:26,440 [b7064b77-9271-4e94-8225-85d895886efb@group-282EF1BFFEE0:LeaderElection139] INFO  impl.RoleInfo (RoleInfo.java:shutdownLeaderElection(134)) - b7064b77-9271-4e94-8225-85d895886efb: shutdown LeaderElection
2019-09-25 11:42:26,441 [b7064b77-9271-4e94-8225-85d895886efb@group-282EF1BFFEE0:LeaderElection139] INFO  impl.RoleInfo (RoleInfo.java:updateAndGet(143)) - b7064b77-9271-4e94-8225-85d895886efb: start FollowerState
2019-09-25 11:42:26,442 [8c24ed06-386e-4085-8931-93c762a64530@group-BF1BD4D8076C:LeaderElection169] INFO  impl.LeaderElection (LeaderElection.java:logAndReturn(56)) - 8c24ed06-386e-4085-8931-93c762a64530@group-BF1BD4D8076C:LeaderElection169: Election REJECTED; received 2 response(s) [8c24ed06-386e-4085-8931-93c762a64530<-e081c0a5-acfc-4a29-8262-ee158adf5b11#0:FAIL-t5, 8c24ed06-386e-4085-8931-93c762a64530<-19e67e26-3d21-4d01-be9f-29113a4a814c#0:FAIL-t5] and 0 exception(s); 8c24ed06-386e-4085-8931-93c762a64530@group-BF1BD4D8076C:t5, leader=null, voted=8c24ed06-386e-4085-8931-93c762a64530, raftlog=8c24ed06-386e-4085-8931-93c762a64530@group-BF1BD4D8076C-SegmentedRaftLog:OPENED:c-1,f-1,i0, conf=-1: [e081c0a5-acfc-4a29-8262-ee158adf5b11:192.168.30.6:37941, 19e67e26-3d21-4d01-be9f-29113a4a814c:192.168.30.6:34535, 8c24ed06-386e-4085-8931-93c762a64530:192.168.30.6:32862], old=null
2019-09-25 11:42:26,443 [8c24ed06-386e-4085-8931-93c762a64530@group-BF1BD4D8076C:LeaderElection169] INFO  impl.RaftServerImpl (RaftServerImpl.java:setRole(174)) - 8c24ed06-386e-4085-8931-93c762a64530@group-BF1BD4D8076C: changes role from CANDIDATE to FOLLOWER at term 5 for DISCOVERED_A_NEW_TERM
2019-09-25 11:42:26,443 [8c24ed06-386e-4085-8931-93c762a64530@group-BF1BD4D8076C:LeaderElection169] INFO  impl.RoleInfo (RoleInfo.java:shutdownLeaderElection(134)) - 8c24ed06-386e-4085-8931-93c762a64530: shutdown LeaderElection
2019-09-25 11:42:26,443 [8c24ed06-386e-4085-8931-93c762a64530@group-BF1BD4D8076C:LeaderElection169] INFO  impl.RoleInfo (RoleInfo.java:updateAndGet(143)) - 8c24ed06-386e-4085-8931-93c762a64530: start FollowerState
2019-09-25 11:42:26,443 [a7d59ef6-3eca-4628-b097-12d983444e7f@group-282EF1BFFEE0:LeaderElection165] INFO  impl.LeaderElection (LeaderElection.java:logAndReturn(56)) - a7d59ef6-3eca-4628-b097-12d983444e7f@group-282EF1BFFEE0:LeaderElection165: Election REJECTED; received 2 response(s) [a7d59ef6-3eca-4628-b097-12d983444e7f<-d0888866-0bad-4f41-ad37-dccd4a57b958#0:FAIL-t5, a7d59ef6-3eca-4628-b097-12d983444e7f<-b7064b77-9271-4e94-8225-85d895886efb#0:FAIL-t5] and 0 exception(s); a7d59ef6-3eca-4628-b097-12d983444e7f@group-282EF1BFFEE0:t5, leader=null, voted=a7d59ef6-3eca-4628-b097-12d983444e7f, raftlog=a7d59ef6-3eca-4628-b097-12d983444e7f@group-282EF1BFFEE0-SegmentedRaftLog:OPENED:c-1,f-1,i0, conf=-1: [d0888866-0bad-4f41-ad37-dccd4a57b958:192.168.30.6:45405, a7d59ef6-3eca-4628-b097-12d983444e7f:192.168.30.6:43486, b7064b77-9271-4e94-8225-85d895886efb:192.168.30.6:41519], old=null
2019-09-25 11:42:26,444 [a7d59ef6-3eca-4628-b097-12d983444e7f@group-282EF1BFFEE0:LeaderElection165] INFO  impl.RaftServerImpl (RaftServerImpl.java:setRole(174)) - a7d59ef6-3eca-4628-b097-12d983444e7f@group-282EF1BFFEE0: changes role from CANDIDATE to FOLLOWER at term 5 for DISCOVERED_A_NEW_TERM
2019-09-25 11:42:26,444 [a7d59ef6-3eca-4628-b097-12d983444e7f@group-282EF1BFFEE0:LeaderElection165] INFO  impl.RoleInfo (RoleInfo.java:shutdownLeaderElection(134)) - a7d59ef6-3eca-4628-b097-12d983444e7f: shutdown LeaderElection
2019-09-25 11:42:26,444 [a7d59ef6-3eca-4628-b097-12d983444e7f@group-282EF1BFFEE0:LeaderElection165] INFO  impl.RoleInfo (RoleInfo.java:updateAndGet(143)) - a7d59ef6-3eca-4628-b097-12d983444e7f: start FollowerState
2019-09-25 11:42:26,444 [d0888866-0bad-4f41-ad37-dccd4a57b958@group-F2E0294EDFC2:LeaderElection137] INFO  impl.LeaderElection (LeaderElection.java:logAndReturn(56)) - d0888866-0bad-4f41-ad37-dccd4a57b958@group-F2E0294EDFC2:LeaderElection137: Election REJECTED; received 2 response(s) [d0888866-0bad-4f41-ad37-dccd4a57b958<-a7d59ef6-3eca-4628-b097-12d983444e7f#0:FAIL-t5, d0888866-0bad-4f41-ad37-dccd4a57b958<-b7064b77-9271-4e94-8225-85d895886efb#0:FAIL-t5] and 0 exception(s); d0888866-0bad-4f41-ad37-dccd4a57b958@group-F2E0294EDFC2:t5, leader=null, voted=d0888866-0bad-4f41-ad37-dccd4a57b958, raftlog=d0888866-0bad-4f41-ad37-dccd4a57b958@group-F2E0294EDFC2-SegmentedRaftLog:OPENED:c-1,f-1,i0, conf=-1: [d0888866-0bad-4f41-ad37-dccd4a57b958:192.168.30.6:45405, a7d59ef6-3eca-4628-b097-12d983444e7f:192.168.30.6:43486, b7064b77-9271-4e94-8225-85d895886efb:192.168.30.6:41519], old=null
2019-09-25 11:42:26,445 [d0888866-0bad-4f41-ad37-dccd4a57b958@group-F2E0294EDFC2:LeaderElection137] INFO  impl.RaftServerImpl (RaftServerImpl.java:setRole(174)) - d0888866-0bad-4f41-ad37-dccd4a57b958@group-F2E0294EDFC2: changes role from CANDIDATE to FOLLOWER at term 5 for DISCOVERED_A_NEW_TERM
2019-09-25 11:42:26,445 [d0888866-0bad-4f41-ad37-dccd4a57b958@group-F2E0294EDFC2:LeaderElection137] INFO  impl.RoleInfo (RoleInfo.java:shutdownLeaderElection(134)) - d0888866-0bad-4f41-ad37-dccd4a57b958: shutdown LeaderElection
2019-09-25 11:42:26,445 [d0888866-0bad-4f41-ad37-dccd4a57b958@group-F2E0294EDFC2:LeaderElection137] INFO  impl.RoleInfo (RoleInfo.java:updateAndGet(143)) - d0888866-0bad-4f41-ad37-dccd4a57b958: start FollowerState
2019-09-25 11:42:26,446 [19e67e26-3d21-4d01-be9f-29113a4a814c@group-BF1BD4D8076C:LeaderElection138] INFO  impl.LeaderElection (LeaderElection.java:logAndReturn(56)) - 19e67e26-3d21-4d01-be9f-29113a4a814c@group-BF1BD4D8076C:LeaderElection138: Election REJECTED; received 2 response(s) [19e67e26-3d21-4d01-be9f-29113a4a814c<-e081c0a5-acfc-4a29-8262-ee158adf5b11#0:FAIL-t5, 19e67e26-3d21-4d01-be9f-29113a4a814c<-8c24ed06-386e-4085-8931-93c762a64530#0:FAIL-t5] and 0 exception(s); 19e67e26-3d21-4d01-be9f-29113a4a814c@group-BF1BD4D8076C:t5, leader=null, voted=19e67e26-3d21-4d01-be9f-29113a4a814c, raftlog=19e67e26-3d21-4d01-be9f-29113a4a814c@group-BF1BD4D8076C-SegmentedRaftLog:OPENED:c-1,f-1,i0, conf=-1: [e081c0a5-acfc-4a29-8262-ee158adf5b11:192.168.30.6:37941, 19e67e26-3d21-4d01-be9f-29113a4a814c:192.168.30.6:34535, 8c24ed06-386e-4085-8931-93c762a64530:192.168.30.6:32862], old=null
2019-09-25 11:42:26,446 [a7d59ef6-3eca-4628-b097-12d983444e7f@group-6E9EB1C0F638:LeaderElection157] INFO  impl.LeaderElection (LeaderElection.java:logAndReturn(56)) - a7d59ef6-3eca-4628-b097-12d983444e7f@group-6E9EB1C0F638:LeaderElection157: Election REJECTED; received 2 response(s) [a7d59ef6-3eca-4628-b097-12d983444e7f<-e081c0a5-acfc-4a29-8262-ee158adf5b11#0:FAIL-t5, a7d59ef6-3eca-4628-b097-12d983444e7f<-b7064b77-9271-4e94-8225-85d895886efb#0:FAIL-t5] and 0 exception(s); a7d59ef6-3eca-4628-b097-12d983444e7f@group-6E9EB1C0F638:t5, leader=null, voted=a7d59ef6-3eca-4628-b097-12d983444e7f, raftlog=a7d59ef6-3eca-4628-b097-12d983444e7f@group-6E9EB1C0F638-SegmentedRaftLog:OPENED:c-1,f-1,i0, conf=-1: [e081c0a5-acfc-4a29-8262-ee158adf5b11:192.168.30.6:37941, a7d59ef6-3eca-4628-b097-12d983444e7f:192.168.30.6:43486, b7064b77-9271-4e94-8225-85d895886efb:192.168.30.6:41519], old=null
2019-09-25 11:42:26,446 [19e67e26-3d21-4d01-be9f-29113a4a814c@group-BF1BD4D8076C:LeaderElection138] INFO  impl.RaftServerImpl (RaftServerImpl.java:setRole(174)) - 19e67e26-3d21-4d01-be9f-29113a4a814c@group-BF1BD4D8076C: changes role from CANDIDATE to FOLLOWER at term 5 for DISCOVERED_A_NEW_TERM
2019-09-25 11:42:26,446 [a7d59ef6-3eca-4628-b097-12d983444e7f@group-6E9EB1C0F638:LeaderElection157] INFO  impl.RaftServerImpl (RaftServerImpl.java:setRole(174)) - a7d59ef6-3eca-4628-b097-12d983444e7f@group-6E9EB1C0F638: changes role from CANDIDATE to FOLLOWER at term 5 for DISCOVERED_A_NEW_TERM
2019-09-25 11:42:26,446 [19e67e26-3d21-4d01-be9f-29113a4a814c@group-BF1BD4D8076C:LeaderElection138] INFO  impl.RoleInfo (RoleInfo.java:shutdownLeaderElection(134)) - 19e67e26-3d21-4d01-be9f-29113a4a814c: shutdown LeaderElection
2019-09-25 11:42:26,446 [d0888866-0bad-4f41-ad37-dccd4a57b958@group-CDCB2C8C105A:LeaderElection164] INFO  impl.LeaderElection (LeaderElection.java:logAndReturn(56)) - d0888866-0bad-4f41-ad37-dccd4a57b958@group-CDCB2C8C105A:LeaderElection164: Election REJECTED; received 2 response(s) [d0888866-0bad-4f41-ad37-dccd4a57b958<-8c24ed06-386e-4085-8931-93c762a64530#0:FAIL-t5, d0888866-0bad-4f41-ad37-dccd4a57b958<-b7064b77-9271-4e94-8225-85d895886efb#0:FAIL-t5] and 0 exception(s); d0888866-0bad-4f41-ad37-dccd4a57b958@group-CDCB2C8C105A:t5, leader=null, voted=d0888866-0bad-4f41-ad37-dccd4a57b958, raftlog=d0888866-0bad-4f41-ad37-dccd4a57b958@group-CDCB2C8C105A-SegmentedRaftLog:OPENED:c-1,f-1,i0, conf=-1: [d0888866-0bad-4f41-ad37-dccd4a57b958:192.168.30.6:45405, 8c24ed06-386e-4085-8931-93c762a64530:192.168.30.6:32862, b7064b77-9271-4e94-8225-85d895886efb:192.168.30.6:41519], old=null
2019-09-25 11:42:26,446 [a7d59ef6-3eca-4628-b097-12d983444e7f@group-6E9EB1C0F638:LeaderElection157] INFO  impl.RoleInfo (RoleInfo.java:shutdownLeaderElection(134)) - a7d59ef6-3eca-4628-b097-12d983444e7f: shutdown LeaderElection
2019-09-25 11:42:26,447 [d0888866-0bad-4f41-ad37-dccd4a57b958@group-CDCB2C8C105A:LeaderElection164] INFO  impl.RaftServerImpl (RaftServerImpl.java:setRole(174)) - d0888866-0bad-4f41-ad37-dccd4a57b958@group-CDCB2C8C105A: changes role from CANDIDATE to FOLLOWER at term 5 for DISCOVERED_A_NEW_TERM
2019-09-25 11:42:26,447 [d0888866-0bad-4f41-ad37-dccd4a57b958@group-CDCB2C8C105A:LeaderElection164] INFO  impl.RoleInfo (RoleInfo.java:shutdownLeaderElection(134)) - d0888866-0bad-4f41-ad37-dccd4a57b958: shutdown LeaderElection
2019-09-25 11:42:26,447 [19e67e26-3d21-4d01-be9f-29113a4a814c@group-7CC56FB5D3F9:LeaderElection146] INFO  impl.LeaderElection (LeaderElection.java:logAndReturn(56)) - 19e67e26-3d21-4d01-be9f-29113a4a814c@group-7CC56FB5D3F9:LeaderElection146: Election REJECTED; received 2 response(s) [19e67e26-3d21-4d01-be9f-29113a4a814c<-e081c0a5-acfc-4a29-8262-ee158adf5b11#0:FAIL-t5, 19e67e26-3d21-4d01-be9f-29113a4a814c<-a7d59ef6-3eca-4628-b097-12d983444e7f#0:FAIL-t5] and 0 exception(s); 19e67e26-3d21-4d01-be9f-29113a4a814c@group-7CC56FB5D3F9:t5, leader=null, voted=19e67e26-3d21-4d01-be9f-29113a4a814c, raftlog=19e67e26-3d21-4d01-be9f-29113a4a814c@group-7CC56FB5D3F9-SegmentedRaftLog:OPENED:c-1,f-1,i0, conf=-1: [e081c0a5-acfc-4a29-8262-ee158adf5b11:192.168.30.6:37941, 19e67e26-3d21-4d01-be9f-29113a4a814c:192.168.30.6:34535, a7d59ef6-3eca-4628-b097-12d983444e7f:192.168.30.6:43486], old=null
2019-09-25 11:42:26,447 [19e67e26-3d21-4d01-be9f-29113a4a814c@group-BF1BD4D8076C:LeaderElection138] INFO  impl.RoleInfo (RoleInfo.java:updateAndGet(143)) - 19e67e26-3d21-4d01-be9f-29113a4a814c: start FollowerState
2019-09-25 11:42:26,447 [d0888866-0bad-4f41-ad37-dccd4a57b958@group-ADB1B60517AF:LeaderElection163] INFO  impl.LeaderElection (LeaderElection.java:logAndReturn(56)) - d0888866-0bad-4f41-ad37-dccd4a57b958@group-ADB1B60517AF:LeaderElection163: Election REJECTED; received 2 response(s) [d0888866-0bad-4f41-ad37-dccd4a57b958<-19e67e26-3d21-4d01-be9f-29113a4a814c#0:FAIL-t5, d0888866-0bad-4f41-ad37-dccd4a57b958<-8c24ed06-386e-4085-8931-93c762a64530#0:FAIL-t5] and 0 exception(s); d0888866-0bad-4f41-ad37-dccd4a57b958@group-ADB1B60517AF:t5, leader=null, voted=d0888866-0bad-4f41-ad37-dccd4a57b958, raftlog=d0888866-0bad-4f41-ad37-dccd4a57b958@group-ADB1B60517AF-SegmentedRaftLog:OPENED:c-1,f-1,i0, conf=-1: [d0888866-0bad-4f41-ad37-dccd4a57b958:192.168.30.6:45405, 19e67e26-3d21-4d01-be9f-29113a4a814c:192.168.30.6:34535, 8c24ed06-386e-4085-8931-93c762a64530:192.168.30.6:32862], old=null
2019-09-25 11:42:26,448 [19e67e26-3d21-4d01-be9f-29113a4a814c@group-7CC56FB5D3F9:LeaderElection146] INFO  impl.RaftServerImpl (RaftServerImpl.java:setRole(174)) - 19e67e26-3d21-4d01-be9f-29113a4a814c@group-7CC56FB5D3F9: changes role from CANDIDATE to FOLLOWER at term 5 for DISCOVERED_A_NEW_TERM
2019-09-25 11:42:26,447 [d0888866-0bad-4f41-ad37-dccd4a57b958@group-CDCB2C8C105A:LeaderElection164] INFO  impl.RoleInfo (RoleInfo.java:updateAndGet(143)) - d0888866-0bad-4f41-ad37-dccd4a57b958: start FollowerState
2019-09-25 11:42:26,447 [a7d59ef6-3eca-4628-b097-12d983444e7f@group-6E9EB1C0F638:LeaderElection157] INFO  impl.RoleInfo (RoleInfo.java:updateAndGet(143)) - a7d59ef6-3eca-4628-b097-12d983444e7f: start FollowerState
2019-09-25 11:42:26,448 [19e67e26-3d21-4d01-be9f-29113a4a814c@group-7CC56FB5D3F9:LeaderElection146] INFO  impl.RoleInfo (RoleInfo.java:shutdownLeaderElection(134)) - 19e67e26-3d21-4d01-be9f-29113a4a814c: shutdown LeaderElection
2019-09-25 11:42:26,448 [b7064b77-9271-4e94-8225-85d895886efb@group-F2E0294EDFC2:LeaderElection167] INFO  impl.LeaderElection (LeaderElection.java:logAndReturn(56)) - b7064b77-9271-4e94-8225-85d895886efb@group-F2E0294EDFC2:LeaderElection167: Election REJECTED; received 2 response(s) [b7064b77-9271-4e94-8225-85d895886efb<-d0888866-0bad-4f41-ad37-dccd4a57b958#0:FAIL-t5, b7064b77-9271-4e94-8225-85d895886efb<-a7d59ef6-3eca-4628-b097-12d983444e7f#0:FAIL-t5] and 0 exception(s); b7064b77-9271-4e94-8225-85d895886efb@group-F2E0294EDFC2:t5, leader=null, voted=b7064b77-9271-4e94-8225-85d895886efb, raftlog=b7064b77-9271-4e94-8225-85d895886efb@group-F2E0294EDFC2-SegmentedRaftLog:OPENED:c-1,f-1,i0, conf=-1: [d0888866-0bad-4f41-ad37-dccd4a57b958:192.168.30.6:45405, a7d59ef6-3eca-4628-b097-12d983444e7f:192.168.30.6:43486, b7064b77-9271-4e94-8225-85d895886efb:192.168.30.6:41519], old=null
2019-09-25 11:42:26,448 [d0888866-0bad-4f41-ad37-dccd4a57b958@group-ADB1B60517AF:LeaderElection163] INFO  impl.RaftServerImpl (RaftServerImpl.java:setRole(174)) - d0888866-0bad-4f41-ad37-dccd4a57b958@group-ADB1B60517AF: changes role from CANDIDATE to FOLLOWER at term 5 for DISCOVERED_A_NEW_TERM
2019-09-25 11:42:26,449 [b7064b77-9271-4e94-8225-85d895886efb@group-F2E0294EDFC2:LeaderElection167] INFO  impl.RaftServerImpl (RaftServerImpl.java:setRole(174)) - b7064b77-9271-4e94-8225-85d895886efb@group-F2E0294EDFC2: changes role from CANDIDATE to FOLLOWER at term 5 for DISCOVERED_A_NEW_TERM
2019-09-25 11:42:26,449 [19e67e26-3d21-4d01-be9f-29113a4a814c@group-7CC56FB5D3F9:LeaderElection146] INFO  impl.RoleInfo (RoleInfo.java:updateAndGet(143)) - 19e67e26-3d21-4d01-be9f-29113a4a814c: start FollowerState
2019-09-25 11:42:26,449 [b7064b77-9271-4e94-8225-85d895886efb@group-F2E0294EDFC2:LeaderElection167] INFO  impl.RoleInfo (RoleInfo.java:shutdownLeaderElection(134)) - b7064b77-9271-4e94-8225-85d895886efb: shutdown LeaderElection
2019-09-25 11:42:26,449 [e081c0a5-acfc-4a29-8262-ee158adf5b11@group-071025EF7F78:LeaderElection150] INFO  impl.LeaderElection (LeaderElection.java:logAndReturn(56)) - e081c0a5-acfc-4a29-8262-ee158adf5b11@group-071025EF7F78:LeaderElection150: Election REJECTED; received 2 response(s) [e081c0a5-acfc-4a29-8262-ee158adf5b11<-d0888866-0bad-4f41-ad37-dccd4a57b958#0:FAIL-t5, e081c0a5-acfc-4a29-8262-ee158adf5b11<-19e67e26-3d21-4d01-be9f-29113a4a814c#0:FAIL-t5] and 0 exception(s); e081c0a5-acfc-4a29-8262-ee158adf5b11@group-071025EF7F78:t5, leader=null, voted=e081c0a5-acfc-4a29-8262-ee158adf5b11, raftlog=e081c0a5-acfc-4a29-8262-ee158adf5b11@group-071025EF7F78-SegmentedRaftLog:OPENED:c-1,f-1,i0, conf=-1: [e081c0a5-acfc-4a29-8262-ee158adf5b11:192.168.30.6:37941, d0888866-0bad-4f41-ad37-dccd4a57b958:192.168.30.6:45405, 19e67e26-3d21-4d01-be9f-29113a4a814c:192.168.30.6:34535], old=null
2019-09-25 11:42:26,449 [d0888866-0bad-4f41-ad37-dccd4a57b958@group-ADB1B60517AF:LeaderElection163] INFO  impl.RoleInfo (RoleInfo.java:shutdownLeaderElection(134)) - d0888866-0bad-4f41-ad37-dccd4a57b958: shutdown LeaderElection
2019-09-25 11:42:26,450 [e081c0a5-acfc-4a29-8262-ee158adf5b11@group-071025EF7F78:LeaderElection150] INFO  impl.RaftServerImpl (RaftServerImpl.java:setRole(174)) - e081c0a5-acfc-4a29-8262-ee158adf5b11@group-071025EF7F78: changes role from CANDIDATE to FOLLOWER at term 5 for DISCOVERED_A_NEW_TERM
2019-09-25 11:42:26,450 [d0888866-0bad-4f41-ad37-dccd4a57b958@group-DBE87B3B08CE:LeaderElection168] INFO  impl.LeaderElection (LeaderElection.java:logAndReturn(56)) - d0888866-0bad-4f41-ad37-dccd4a57b958@group-DBE87B3B08CE:LeaderElection168: Election REJECTED; received 2 response(s) [d0888866-0bad-4f41-ad37-dccd4a57b958<-a7d59ef6-3eca-4628-b097-12d983444e7f#0:FAIL-t5, d0888866-0bad-4f41-ad37-dccd4a57b958<-8c24ed06-386e-4085-8931-93c762a64530#0:FAIL-t5] and 0 exception(s); d0888866-0bad-4f41-ad37-dccd4a57b958@group-DBE87B3B08CE:t5, leader=null, voted=d0888866-0bad-4f41-ad37-dccd4a57b958, raftlog=d0888866-0bad-4f41-ad37-dccd4a57b958@group-DBE87B3B08CE-SegmentedRaftLog:OPENED:c-1,f-1,i0, conf=-1: [d0888866-0bad-4f41-ad37-dccd4a57b958:192.168.30.6:45405, a7d59ef6-3eca-4628-b097-12d983444e7f:192.168.30.6:43486, 8c24ed06-386e-4085-8931-93c762a64530:192.168.30.6:32862], old=null
2019-09-25 11:42:26,449 [b7064b77-9271-4e94-8225-85d895886efb@group-F2E0294EDFC2:LeaderElection167] INFO  impl.RoleInfo (RoleInfo.java:updateAndGet(143)) - b7064b77-9271-4e94-8225-85d895886efb: start FollowerState
2019-09-25 11:42:26,450 [d0888866-0bad-4f41-ad37-dccd4a57b958@group-DBE87B3B08CE:LeaderElection168] INFO  impl.RaftServerImpl (RaftServerImpl.java:setRole(174)) - d0888866-0bad-4f41-ad37-dccd4a57b958@group-DBE87B3B08CE: changes role from CANDIDATE to FOLLOWER at term 5 for DISCOVERED_A_NEW_TERM
2019-09-25 11:42:26,450 [a7d59ef6-3eca-4628-b097-12d983444e7f@group-F2E0294EDFC2:LeaderElection147] INFO  impl.LeaderElection (LeaderElection.java:logAndReturn(56)) - a7d59ef6-3eca-4628-b097-12d983444e7f@group-F2E0294EDFC2:LeaderElection147: Election REJECTED; received 2 response(s) [a7d59ef6-3eca-4628-b097-12d983444e7f<-d0888866-0bad-4f41-ad37-dccd4a57b958#0:FAIL-t5, a7d59ef6-3eca-4628-b097-12d983444e7f<-b7064b77-9271-4e94-8225-85d895886efb#0:FAIL-t5] and 0 exception(s); a7d59ef6-3eca-4628-b097-12d983444e7f@group-F2E0294EDFC2:t5, leader=null, voted=a7d59ef6-3eca-4628-b097-12d983444e7f, raftlog=a7d59ef6-3eca-4628-b097-12d983444e7f@group-F2E0294EDFC2-SegmentedRaftLog:OPENED:c-1,f-1,i0, conf=-1: [d0888866-0bad-4f41-ad37-dccd4a57b958:192.168.30.6:45405, a7d59ef6-3eca-4628-b097-12d983444e7f:192.168.30.6:43486, b7064b77-9271-4e94-8225-85d895886efb:192.168.30.6:41519], old=null
2019-09-25 11:42:26,450 [e081c0a5-acfc-4a29-8262-ee158adf5b11@group-071025EF7F78:LeaderElection150] INFO  impl.RoleInfo (RoleInfo.java:shutdownLeaderElection(134)) - e081c0a5-acfc-4a29-8262-ee158adf5b11: shutdown LeaderElection
2019-09-25 11:42:26,450 [d0888866-0bad-4f41-ad37-dccd4a57b958@group-ADB1B60517AF:LeaderElection163] INFO  impl.RoleInfo (RoleInfo.java:updateAndGet(143)) - d0888866-0bad-4f41-ad37-dccd4a57b958: start FollowerState
2019-09-25 11:42:26,450 [a7d59ef6-3eca-4628-b097-12d983444e7f@group-47DBAAEC82C8:LeaderElection153] INFO  impl.LeaderElection (LeaderElection.java:logAndReturn(56)) - a7d59ef6-3eca-4628-b097-12d983444e7f@group-47DBAAEC82C8:LeaderElection153: Election REJECTED; received 2 response(s) [a7d59ef6-3eca-4628-b097-12d983444e7f<-8c24ed06-386e-4085-8931-93c762a64530#0:FAIL-t5, a7d59ef6-3eca-4628-b097-12d983444e7f<-b7064b77-9271-4e94-8225-85d895886efb#0:FAIL-t5] and 0 exception(s); a7d59ef6-3eca-4628-b097-12d983444e7f@group-47DBAAEC82C8:t5, leader=null, voted=a7d59ef6-3eca-4628-b097-12d983444e7f, raftlog=a7d59ef6-3eca-4628-b097-12d983444e7f@group-47DBAAEC82C8-SegmentedRaftLog:OPENED:c-1,f-1,i0, conf=-1: [a7d59ef6-3eca-4628-b097-12d983444e7f:192.168.30.6:43486, 8c24ed06-386e-4085-8931-93c762a64530:192.168.30.6:32862, b7064b77-9271-4e94-8225-85d895886efb:192.168.30.6:41519], old=null
2019-09-25 11:42:26,451 [d0888866-0bad-4f41-ad37-dccd4a57b958@group-282EF1BFFEE0:LeaderElection156] INFO  impl.LeaderElection (LeaderElection.java:logAndReturn(56)) - d0888866-0bad-4f41-ad37-dccd4a57b958@group-282EF1BFFEE0:LeaderElection156: Election REJECTED; received 2 response(s) [d0888866-0bad-4f41-ad37-dccd4a57b958<-a7d59ef6-3eca-4628-b097-12d983444e7f#0:FAIL-t5, d0888866-0bad-4f41-ad37-dccd4a57b958<-b7064b77-9271-4e94-8225-85d895886efb#0:FAIL-t5] and 0 exception(s); d0888866-0bad-4f41-ad37-dccd4a57b958@group-282EF1BFFEE0:t5, leader=null, voted=d0888866-0bad-4f41-ad37-dccd4a57b958, raftlog=d0888866-0bad-4f41-ad37-dccd4a57b958@group-282EF1BFFEE0-SegmentedRaftLog:OPENED:c-1,f-1,i0, conf=-1: [d0888866-0bad-4f41-ad37-dccd4a57b958:192.168.30.6:45405, a7d59ef6-3eca-4628-b097-12d983444e7f:192.168.30.6:43486, b7064b77-9271-4e94-8225-85d895886efb:192.168.30.6:41519], old=null
2019-09-25 11:42:26,451 [e081c0a5-acfc-4a29-8262-ee158adf5b11@group-071025EF7F78:LeaderElection150] INFO  impl.RoleInfo (RoleInfo.java:updateAndGet(143)) - e081c0a5-acfc-4a29-8262-ee158adf5b11: start FollowerState
2019-09-25 11:42:26,451 [a7d59ef6-3eca-4628-b097-12d983444e7f@group-F2E0294EDFC2:LeaderElection147] INFO  impl.RaftServerImpl (RaftServerImpl.java:setRole(174)) - a7d59ef6-3eca-4628-b097-12d983444e7f@group-F2E0294EDFC2: changes role from CANDIDATE to FOLLOWER at term 5 for DISCOVERED_A_NEW_TERM
2019-09-25 11:42:26,452 [a7d59ef6-3eca-4628-b097-12d983444e7f@group-F2E0294EDFC2:LeaderElection147] INFO  impl.RoleInfo (RoleInfo.java:shutdownLeaderElection(134)) - a7d59ef6-3eca-4628-b097-12d983444e7f: shutdown LeaderElection
2019-09-25 11:42:26,451 [d0888866-0bad-4f41-ad37-dccd4a57b958@group-DBE87B3B08CE:LeaderElection168] INFO  impl.RoleInfo (RoleInfo.java:shutdownLeaderElection(134)) - d0888866-0bad-4f41-ad37-dccd4a57b958: shutdown LeaderElection
2019-09-25 11:42:26,452 [a7d59ef6-3eca-4628-b097-12d983444e7f@group-DBE87B3B08CE:LeaderElection151] INFO  impl.LeaderElection (LeaderElection.java:logAndReturn(56)) - a7d59ef6-3eca-4628-b097-12d983444e7f@group-DBE87B3B08CE:LeaderElection151: Election REJECTED; received 2 response(s) [a7d59ef6-3eca-4628-b097-12d983444e7f<-d0888866-0bad-4f41-ad37-dccd4a57b958#0:FAIL-t5, a7d59ef6-3eca-4628-b097-12d983444e7f<-8c24ed06-386e-4085-8931-93c762a64530#0:FAIL-t5] and 0 exception(s); a7d59ef6-3eca-4628-b097-12d983444e7f@group-DBE87B3B08CE:t5, leader=null, voted=a7d59ef6-3eca-4628-b097-12d983444e7f, raftlog=a7d59ef6-3eca-4628-b097-12d983444e7f@group-DBE87B3B08CE-SegmentedRaftLog:OPENED:c-1,f-1,i0, conf=-1: [d0888866-0bad-4f41-ad37-dccd4a57b958:192.168.30.6:45405, a7d59ef6-3eca-4628-b097-12d983444e7f:192.168.30.6:43486, 8c24ed06-386e-4085-8931-93c762a64530:192.168.30.6:32862], old=null
2019-09-25 11:42:26,452 [d0888866-0bad-4f41-ad37-dccd4a57b958@group-DBE87B3B08CE:LeaderElection168] INFO  impl.RoleInfo (RoleInfo.java:updateAndGet(143)) - d0888866-0bad-4f41-ad37-dccd4a57b958: start FollowerState
2019-09-25 11:42:26,452 [d0888866-0bad-4f41-ad37-dccd4a57b958@group-282EF1BFFEE0:LeaderElection156] INFO  impl.RaftServerImpl (RaftServerImpl.java:setRole(174)) - d0888866-0bad-4f41-ad37-dccd4a57b958@group-282EF1BFFEE0: changes role from CANDIDATE to FOLLOWER at term 5 for DISCOVERED_A_NEW_TERM
2019-09-25 11:42:26,452 [19e67e26-3d21-4d01-be9f-29113a4a814c@group-B9DEF2EDD277:LeaderElection166] INFO  impl.LeaderElection (LeaderElection.java:logAndReturn(56)) - 19e67e26-3d21-4d01-be9f-29113a4a814c@group-B9DEF2EDD277:LeaderElection166: Election REJECTED; received 2 response(s) [19e67e26-3d21-4d01-be9f-29113a4a814c<-8c24ed06-386e-4085-8931-93c762a64530#0:FAIL-t5, 19e67e26-3d21-4d01-be9f-29113a4a814c<-b7064b77-9271-4e94-8225-85d895886efb#0:FAIL-t5] and 0 exception(s); 19e67e26-3d21-4d01-be9f-29113a4a814c@group-B9DEF2EDD277:t5, leader=null, voted=19e67e26-3d21-4d01-be9f-29113a4a814c, raftlog=19e67e26-3d21-4d01-be9f-29113a4a814c@group-B9DEF2EDD277-SegmentedRaftLog:OPENED:c-1,f-1,i0, conf=-1: [19e67e26-3d21-4d01-be9f-29113a4a814c:192.168.30.6:34535, 8c24ed06-386e-4085-8931-93c762a64530:192.168.30.6:32862, b7064b77-9271-4e94-8225-85d895886efb:192.168.30.6:41519], old=null
2019-09-25 11:42:26,451 [a7d59ef6-3eca-4628-b097-12d983444e7f@group-47DBAAEC82C8:LeaderElection153] INFO  impl.RaftServerImpl (RaftServerImpl.java:setRole(174)) - a7d59ef6-3eca-4628-b097-12d983444e7f@group-47DBAAEC82C8: changes role from CANDIDATE to FOLLOWER at term 5 for DISCOVERED_A_NEW_TERM
2019-09-25 11:42:26,453 [19e67e26-3d21-4d01-be9f-29113a4a814c@group-B9DEF2EDD277:LeaderElection166] INFO  impl.RaftServerImpl (RaftServerImpl.java:setRole(174)) - 19e67e26-3d21-4d01-be9f-29113a4a814c@group-B9DEF2EDD277: changes role from CANDIDATE to FOLLOWER at term 5 for DISCOVERED_A_NEW_TERM
2019-09-25 11:42:26,453 [19e67e26-3d21-4d01-be9f-29113a4a814c@group-B9DEF2EDD277:LeaderElection166] INFO  impl.RoleInfo (RoleInfo.java:shutdownLeaderElection(134)) - 19e67e26-3d21-4d01-be9f-29113a4a814c: shutdown LeaderElection
2019-09-25 11:42:26,453 [d0888866-0bad-4f41-ad37-dccd4a57b958@group-282EF1BFFEE0:LeaderElection156] INFO  impl.RoleInfo (RoleInfo.java:shutdownLeaderElection(134)) - d0888866-0bad-4f41-ad37-dccd4a57b958: shutdown LeaderElection
2019-09-25 11:42:26,453 [a7d59ef6-3eca-4628-b097-12d983444e7f@group-DBE87B3B08CE:LeaderElection151] INFO  impl.RaftServerImpl (RaftServerImpl.java:setRole(174)) - a7d59ef6-3eca-4628-b097-12d983444e7f@group-DBE87B3B08CE: changes role from CANDIDATE to FOLLOWER at term 5 for DISCOVERED_A_NEW_TERM
2019-09-25 11:42:26,452 [a7d59ef6-3eca-4628-b097-12d983444e7f@group-F2E0294EDFC2:LeaderElection147] INFO  impl.RoleInfo (RoleInfo.java:updateAndGet(143)) - a7d59ef6-3eca-4628-b097-12d983444e7f: start FollowerState
2019-09-25 11:42:26,454 [8c24ed06-386e-4085-8931-93c762a64530@group-B9DEF2EDD277:LeaderElection161] INFO  impl.LeaderElection (LeaderElection.java:logAndReturn(56)) - 8c24ed06-386e-4085-8931-93c762a64530@group-B9DEF2EDD277:LeaderElection161: Election REJECTED; received 2 response(s) [8c24ed06-386e-4085-8931-93c762a64530<-19e67e26-3d21-4d01-be9f-29113a4a814c#0:FAIL-t5, 8c24ed06-386e-4085-8931-93c762a64530<-b7064b77-9271-4e94-8225-85d895886efb#0:FAIL-t5] and 0 exception(s); 8c24ed06-386e-4085-8931-93c762a64530@group-B9DEF2EDD277:t5, leader=null, voted=8c24ed06-386e-4085-8931-93c762a64530, raftlog=8c24ed06-386e-4085-8931-93c762a64530@group-B9DEF2EDD277-SegmentedRaftLog:OPENED:c-1,f-1,i0, conf=-1: [19e67e26-3d21-4d01-be9f-29113a4a814c:192.168.30.6:34535, 8c24ed06-386e-4085-8931-93c762a64530:192.168.30.6:32862, b7064b77-9271-4e94-8225-85d895886efb:192.168.30.6:41519], old=null
2019-09-25 11:42:26,454 [a7d59ef6-3eca-4628-b097-12d983444e7f@group-DBE87B3B08CE:LeaderElection151] INFO  impl.RoleInfo (RoleInfo.java:shutdownLeaderElection(134)) - a7d59ef6-3eca-4628-b097-12d983444e7f: shutdown LeaderElection
2019-09-25 11:42:26,454 [d0888866-0bad-4f41-ad37-dccd4a57b958@group-282EF1BFFEE0:LeaderElection156] INFO  impl.RoleInfo (RoleInfo.java:updateAndGet(143)) - d0888866-0bad-4f41-ad37-dccd4a57b958: start FollowerState
2019-09-25 11:42:26,453 [19e67e26-3d21-4d01-be9f-29113a4a814c@group-B9DEF2EDD277:LeaderElection166] INFO  impl.RoleInfo (RoleInfo.java:updateAndGet(143)) - 19e67e26-3d21-4d01-be9f-29113a4a814c: start FollowerState
2019-09-25 11:42:26,453 [8c24ed06-386e-4085-8931-93c762a64530@group-DBE87B3B08CE:LeaderElection145] INFO  impl.LeaderElection (LeaderElection.java:logAndReturn(56)) - 8c24ed06-386e-4085-8931-93c762a64530@group-DBE87B3B08CE:LeaderElection145: Election REJECTED; received 2 response(s) [8c24ed06-386e-4085-8931-93c762a64530<-d0888866-0bad-4f41-ad37-dccd4a57b958#0:FAIL-t5, 8c24ed06-386e-4085-8931-93c762a64530<-a7d59ef6-3eca-4628-b097-12d983444e7f#0:FAIL-t5] and 0 exception(s); 8c24ed06-386e-4085-8931-93c762a64530@group-DBE87B3B08CE:t5, leader=null, voted=8c24ed06-386e-4085-8931-93c762a64530, raftlog=8c24ed06-386e-4085-8931-93c762a64530@group-DBE87B3B08CE-SegmentedRaftLog:OPENED:c-1,f-1,i0, conf=-1: [d0888866-0bad-4f41-ad37-dccd4a57b958:192.168.30.6:45405, a7d59ef6-3eca-4628-b097-12d983444e7f:192.168.30.6:43486, 8c24ed06-386e-4085-8931-93c762a64530:192.168.30.6:32862], old=null
2019-09-25 11:42:26,453 [a7d59ef6-3eca-4628-b097-12d983444e7f@group-47DBAAEC82C8:LeaderElection153] INFO  impl.RoleInfo (RoleInfo.java:shutdownLeaderElection(134)) - a7d59ef6-3eca-4628-b097-12d983444e7f: shutdown LeaderElection
2019-09-25 11:42:26,453 [8c24ed06-386e-4085-8931-93c762a64530@group-ADB1B60517AF:LeaderElection141] INFO  impl.LeaderElection (LeaderElection.java:logAndReturn(56)) - 8c24ed06-386e-4085-8931-93c762a64530@group-ADB1B60517AF:LeaderElection141: Election REJECTED; received 2 response(s) [8c24ed06-386e-4085-8931-93c762a64530<-d0888866-0bad-4f41-ad37-dccd4a57b958#0:FAIL-t5, 8c24ed06-386e-4085-8931-93c762a64530<-19e67e26-3d21-4d01-be9f-29113a4a814c#0:FAIL-t5] and 0 exception(s); 8c24ed06-386e-4085-8931-93c762a64530@group-ADB1B60517AF:t5, leader=null, voted=8c24ed06-386e-4085-8931-93c762a64530, raftlog=8c24ed06-386e-4085-8931-93c762a64530@group-ADB1B60517AF-SegmentedRaftLog:OPENED:c-1,f-1,i0, conf=-1: [d0888866-0bad-4f41-ad37-dccd4a57b958:192.168.30.6:45405, 19e67e26-3d21-4d01-be9f-29113a4a814c:192.168.30.6:34535, 8c24ed06-386e-4085-8931-93c762a64530:192.168.30.6:32862], old=null
2019-09-25 11:42:26,455 [b7064b77-9271-4e94-8225-85d895886efb@group-47DBAAEC82C8:LeaderElection162] INFO  impl.LeaderElection (LeaderElection.java:logAndReturn(56)) - b7064b77-9271-4e94-8225-85d895886efb@group-47DBAAEC82C8:LeaderElection162: Election REJECTED; received 2 response(s) [b7064b77-9271-4e94-8225-85d895886efb<-a7d59ef6-3eca-4628-b097-12d983444e7f#0:FAIL-t5, b7064b77-9271-4e94-8225-85d895886efb<-8c24ed06-386e-4085-8931-93c762a64530#0:FAIL-t5] and 0 exception(s); b7064b77-9271-4e94-8225-85d895886efb@group-47DBAAEC82C8:t5, leader=null, voted=b7064b77-9271-4e94-8225-85d895886efb, raftlog=b7064b77-9271-4e94-8225-85d895886efb@group-47DBAAEC82C8-SegmentedRaftLog:OPENED:c-1,f-1,i0, conf=-1: [a7d59ef6-3eca-4628-b097-12d983444e7f:192.168.30.6:43486, 8c24ed06-386e-4085-8931-93c762a64530:192.168.30.6:32862, b7064b77-9271-4e94-8225-85d895886efb:192.168.30.6:41519], old=null
2019-09-25 11:42:26,455 [a7d59ef6-3eca-4628-b097-12d983444e7f@group-47DBAAEC82C8:LeaderElection153] INFO  impl.RoleInfo (RoleInfo.java:updateAndGet(143)) - a7d59ef6-3eca-4628-b097-12d983444e7f: start FollowerState
2019-09-25 11:42:26,455 [8c24ed06-386e-4085-8931-93c762a64530@group-DBE87B3B08CE:LeaderElection145] INFO  impl.RaftServerImpl (RaftServerImpl.java:setRole(174)) - 8c24ed06-386e-4085-8931-93c762a64530@group-DBE87B3B08CE: changes role from CANDIDATE to FOLLOWER at term 5 for DISCOVERED_A_NEW_TERM
2019-09-25 11:42:26,454 [b7064b77-9271-4e94-8225-85d895886efb@group-6E9EB1C0F638:LeaderElection152] INFO  impl.LeaderElection (LeaderElection.java:logAndReturn(56)) - b7064b77-9271-4e94-8225-85d895886efb@group-6E9EB1C0F638:LeaderElection152: Election REJECTED; received 2 response(s) [b7064b77-9271-4e94-8225-85d895886efb<-e081c0a5-acfc-4a29-8262-ee158adf5b11#0:FAIL-t5, b7064b77-9271-4e94-8225-85d895886efb<-a7d59ef6-3eca-4628-b097-12d983444e7f#0:FAIL-t5] and 0 exception(s); b7064b77-9271-4e94-8225-85d895886efb@group-6E9EB1C0F638:t5, leader=null, voted=b7064b77-9271-4e94-8225-85d895886efb, raftlog=b7064b77-9271-4e94-8225-85d895886efb@group-6E9EB1C0F638-SegmentedRaftLog:OPENED:c-1,f-1,i0, conf=-1: [e081c0a5-acfc-4a29-8262-ee158adf5b11:192.168.30.6:37941, a7d59ef6-3eca-4628-b097-12d983444e7f:192.168.30.6:43486, b7064b77-9271-4e94-8225-85d895886efb:192.168.30.6:41519], old=null
2019-09-25 11:42:26,454 [a7d59ef6-3eca-4628-b097-12d983444e7f@group-DBE87B3B08CE:LeaderElection151] INFO  impl.RoleInfo (RoleInfo.java:updateAndGet(143)) - a7d59ef6-3eca-4628-b097-12d983444e7f: start FollowerState
2019-09-25 11:42:26,454 [8c24ed06-386e-4085-8931-93c762a64530@group-B9DEF2EDD277:LeaderElection161] INFO  impl.RaftServerImpl (RaftServerImpl.java:setRole(174)) - 8c24ed06-386e-4085-8931-93c762a64530@group-B9DEF2EDD277: changes role from CANDIDATE to FOLLOWER at term 5 for DISCOVERED_A_NEW_TERM
2019-09-25 11:42:26,456 [e081c0a5-acfc-4a29-8262-ee158adf5b11@group-BF1BD4D8076C:LeaderElection159] INFO  impl.LeaderElection (LeaderElection.java:logAndReturn(56)) - e081c0a5-acfc-4a29-8262-ee158adf5b11@group-BF1BD4D8076C:LeaderElection159: Election REJECTED; received 2 response(s) [e081c0a5-acfc-4a29-8262-ee158adf5b11<-19e67e26-3d21-4d01-be9f-29113a4a814c#0:FAIL-t5, e081c0a5-acfc-4a29-8262-ee158adf5b11<-8c24ed06-386e-4085-8931-93c762a64530#0:FAIL-t5] and 0 exception(s); e081c0a5-acfc-4a29-8262-ee158adf5b11@group-BF1BD4D8076C:t5, leader=null, voted=e081c0a5-acfc-4a29-8262-ee158adf5b11, raftlog=e081c0a5-acfc-4a29-8262-ee158adf5b11@group-BF1BD4D8076C-SegmentedRaftLog:OPENED:c-1,f-1,i0, conf=-1: [e081c0a5-acfc-4a29-8262-ee158adf5b11:192.168.30.6:37941, 19e67e26-3d21-4d01-be9f-29113a4a814c:192.168.30.6:34535, 8c24ed06-386e-4085-8931-93c762a64530:192.168.30.6:32862], old=null
2019-09-25 11:42:26,456 [b7064b77-9271-4e94-8225-85d895886efb@group-6E9EB1C0F638:LeaderElection152] INFO  impl.RaftServerImpl (RaftServerImpl.java:setRole(174)) - b7064b77-9271-4e94-8225-85d895886efb@group-6E9EB1C0F638: changes role from CANDIDATE to FOLLOWER at term 5 for DISCOVERED_A_NEW_TERM
2019-09-25 11:42:26,456 [8c24ed06-386e-4085-8931-93c762a64530@group-DBE87B3B08CE:LeaderElection145] INFO  impl.RoleInfo (RoleInfo.java:shutdownLeaderElection(134)) - 8c24ed06-386e-4085-8931-93c762a64530: shutdown LeaderElection
2019-09-25 11:42:26,455 [b7064b77-9271-4e94-8225-85d895886efb@group-CDCB2C8C105A:LeaderElection144] INFO  impl.LeaderElection (LeaderElection.java:logAndReturn(56)) - b7064b77-9271-4e94-8225-85d895886efb@group-CDCB2C8C105A:LeaderElection144: Election REJECTED; received 2 response(s) [b7064b77-9271-4e94-8225-85d895886efb<-d0888866-0bad-4f41-ad37-dccd4a57b958#0:FAIL-t5, b7064b77-9271-4e94-8225-85d895886efb<-8c24ed06-386e-4085-8931-93c762a64530#0:FAIL-t5] and 0 exception(s); b7064b77-9271-4e94-8225-85d895886efb@group-CDCB2C8C105A:t5, leader=null, voted=b7064b77-9271-4e94-8225-85d895886efb, raftlog=b7064b77-9271-4e94-8225-85d895886efb@group-CDCB2C8C105A-SegmentedRaftLog:OPENED:c-1,f-1,i0, conf=-1: [d0888866-0bad-4f41-ad37-dccd4a57b958:192.168.30.6:45405, 8c24ed06-386e-4085-8931-93c762a64530:192.168.30.6:32862, b7064b77-9271-4e94-8225-85d895886efb:192.168.30.6:41519], old=null
2019-09-25 11:42:26,455 [b7064b77-9271-4e94-8225-85d895886efb@group-47DBAAEC82C8:LeaderElection162] INFO  impl.RaftServerImpl (RaftServerImpl.java:setRole(174)) - b7064b77-9271-4e94-8225-85d895886efb@group-47DBAAEC82C8: changes role from CANDIDATE to FOLLOWER at term 5 for DISCOVERED_A_NEW_TERM
2019-09-25 11:42:26,455 [b7064b77-9271-4e94-8225-85d895886efb@group-B9DEF2EDD277:LeaderElection149] INFO  impl.LeaderElection (LeaderElection.java:logAndReturn(56)) - b7064b77-9271-4e94-8225-85d895886efb@group-B9DEF2EDD277:LeaderElection149: Election REJECTED; received 2 response(s) [b7064b77-9271-4e94-8225-85d895886efb<-19e67e26-3d21-4d01-be9f-29113a4a814c#0:FAIL-t5, b7064b77-9271-4e94-8225-85d895886efb<-8c24ed06-386e-4085-8931-93c762a64530#0:FAIL-t5] and 0 exception(s); b7064b77-9271-4e94-8225-85d895886efb@group-B9DEF2EDD277:t5, leader=null, voted=b7064b77-9271-4e94-8225-85d895886efb, raftlog=b7064b77-9271-4e94-8225-85d895886efb@group-B9DEF2EDD277-SegmentedRaftLog:OPENED:c-1,f-1,i0, conf=-1: [19e67e26-3d21-4d01-be9f-29113a4a814c:192.168.30.6:34535, 8c24ed06-386e-4085-8931-93c762a64530:192.168.30.6:32862, b7064b77-9271-4e94-8225-85d895886efb:192.168.30.6:41519], old=null
2019-09-25 11:42:26,455 [8c24ed06-386e-4085-8931-93c762a64530@group-ADB1B60517AF:LeaderElection141] INFO  impl.RaftServerImpl (RaftServerImpl.java:setRole(174)) - 8c24ed06-386e-4085-8931-93c762a64530@group-ADB1B60517AF: changes role from CANDIDATE to FOLLOWER at term 5 for DISCOVERED_A_NEW_TERM
2019-09-25 11:42:26,457 [b7064b77-9271-4e94-8225-85d895886efb@group-B9DEF2EDD277:LeaderElection149] INFO  impl.RaftServerImpl (RaftServerImpl.java:setRole(174)) - b7064b77-9271-4e94-8225-85d895886efb@group-B9DEF2EDD277: changes role from CANDIDATE to FOLLOWER at term 5 for DISCOVERED_A_NEW_TERM
2019-09-25 11:42:26,457 [b7064b77-9271-4e94-8225-85d895886efb@group-47DBAAEC82C8:LeaderElection162] INFO  impl.RoleInfo (RoleInfo.java:shutdownLeaderElection(134)) - b7064b77-9271-4e94-8225-85d895886efb: shutdown LeaderElection
2019-09-25 11:42:26,457 [b7064b77-9271-4e94-8225-85d895886efb@group-CDCB2C8C105A:LeaderElection144] INFO  impl.RaftServerImpl (RaftServerImpl.java:setRole(174)) - b7064b77-9271-4e94-8225-85d895886efb@group-CDCB2C8C105A: changes role from CANDIDATE to FOLLOWER at term 5 for DISCOVERED_A_NEW_TERM
2019-09-25 11:42:26,457 [8c24ed06-386e-4085-8931-93c762a64530@group-DBE87B3B08CE:LeaderElection145] INFO  impl.RoleInfo (RoleInfo.java:updateAndGet(143)) - 8c24ed06-386e-4085-8931-93c762a64530: start FollowerState
2019-09-25 11:42:26,456 [b7064b77-9271-4e94-8225-85d895886efb@group-6E9EB1C0F638:LeaderElection152] INFO  impl.RoleInfo (RoleInfo.java:shutdownLeaderElection(134)) - b7064b77-9271-4e94-8225-85d895886efb: shutdown LeaderElection
2019-09-25 11:42:26,456 [e081c0a5-acfc-4a29-8262-ee158adf5b11@group-BF1BD4D8076C:LeaderElection159] INFO  impl.RaftServerImpl (RaftServerImpl.java:setRole(174)) - e081c0a5-acfc-4a29-8262-ee158adf5b11@group-BF1BD4D8076C: changes role from CANDIDATE to FOLLOWER at term 5 for DISCOVERED_A_NEW_TERM
2019-09-25 11:42:26,456 [8c24ed06-386e-4085-8931-93c762a64530@group-B9DEF2EDD277:LeaderElection161] INFO  impl.RoleInfo (RoleInfo.java:shutdownLeaderElection(134)) - 8c24ed06-386e-4085-8931-93c762a64530: shutdown LeaderElection
2019-09-25 11:42:26,458 [19e67e26-3d21-4d01-be9f-29113a4a814c@group-ADB1B60517AF:LeaderElection154] INFO  impl.LeaderElection (LeaderElection.java:logAndReturn(56)) - 19e67e26-3d21-4d01-be9f-29113a4a814c@group-ADB1B60517AF:LeaderElection154: Election REJECTED; received 2 response(s) [19e67e26-3d21-4d01-be9f-29113a4a814c<-d0888866-0bad-4f41-ad37-dccd4a57b958#0:FAIL-t5, 19e67e26-3d21-4d01-be9f-29113a4a814c<-8c24ed06-386e-4085-8931-93c762a64530#0:FAIL-t5] and 0 exception(s); 19e67e26-3d21-4d01-be9f-29113a4a814c@group-ADB1B60517AF:t5, leader=null, voted=19e67e26-3d21-4d01-be9f-29113a4a814c, raftlog=19e67e26-3d21-4d01-be9f-29113a4a814c@group-ADB1B60517AF-SegmentedRaftLog:OPENED:c-1,f-1,i0, conf=-1: [d0888866-0bad-4f41-ad37-dccd4a57b958:192.168.30.6:45405, 19e67e26-3d21-4d01-be9f-29113a4a814c:192.168.30.6:34535, 8c24ed06-386e-4085-8931-93c762a64530:192.168.30.6:32862], old=null
2019-09-25 11:42:26,458 [19e67e26-3d21-4d01-be9f-29113a4a814c@group-071025EF7F78:LeaderElection158] INFO  impl.LeaderElection (LeaderElection.java:logAndReturn(56)) - 19e67e26-3d21-4d01-be9f-29113a4a814c@group-071025EF7F78:LeaderElection158: Election REJECTED; received 2 response(s) [19e67e26-3d21-4d01-be9f-29113a4a814c<-e081c0a5-acfc-4a29-8262-ee158adf5b11#0:FAIL-t5, 19e67e26-3d21-4d01-be9f-29113a4a814c<-d0888866-0bad-4f41-ad37-dccd4a57b958#0:FAIL-t5] and 0 exception(s); 19e67e26-3d21-4d01-be9f-29113a4a814c@group-071025EF7F78:t5, leader=null, voted=19e67e26-3d21-4d01-be9f-29113a4a814c, raftlog=19e67e26-3d21-4d01-be9f-29113a4a814c@group-071025EF7F78-SegmentedRaftLog:OPENED:c-1,f-1,i0, conf=-1: [e081c0a5-acfc-4a29-8262-ee158adf5b11:192.168.30.6:37941, d0888866-0bad-4f41-ad37-dccd4a57b958:192.168.30.6:45405, 19e67e26-3d21-4d01-be9f-29113a4a814c:192.168.30.6:34535], old=null
2019-09-25 11:42:26,458 [19e67e26-3d21-4d01-be9f-29113a4a814c@group-ADB1B60517AF:LeaderElection154] INFO  impl.RaftServerImpl (RaftServerImpl.java:setRole(174)) - 19e67e26-3d21-4d01-be9f-29113a4a814c@group-ADB1B60517AF: changes role from CANDIDATE to FOLLOWER at term 5 for DISCOVERED_A_NEW_TERM
2019-09-25 11:42:26,458 [e081c0a5-acfc-4a29-8262-ee158adf5b11@group-BF1BD4D8076C:LeaderElection159] INFO  impl.RoleInfo (RoleInfo.java:shutdownLeaderElection(134)) - e081c0a5-acfc-4a29-8262-ee158adf5b11: shutdown LeaderElection
2019-09-25 11:42:26,458 [b7064b77-9271-4e94-8225-85d895886efb@group-6E9EB1C0F638:LeaderElection152] INFO  impl.RoleInfo (RoleInfo.java:updateAndGet(143)) - b7064b77-9271-4e94-8225-85d895886efb: start FollowerState
2019-09-25 11:42:26,458 [b7064b77-9271-4e94-8225-85d895886efb@group-CDCB2C8C105A:LeaderElection144] INFO  impl.RoleInfo (RoleInfo.java:shutdownLeaderElection(134)) - b7064b77-9271-4e94-8225-85d895886efb: shutdown LeaderElection
2019-09-25 11:42:26,458 [b7064b77-9271-4e94-8225-85d895886efb@group-47DBAAEC82C8:LeaderElection162] INFO  impl.RoleInfo (RoleInfo.java:updateAndGet(143)) - b7064b77-9271-4e94-8225-85d895886efb: start FollowerState
2019-09-25 11:42:26,457 [b7064b77-9271-4e94-8225-85d895886efb@group-B9DEF2EDD277:LeaderElection149] INFO  impl.RoleInfo (RoleInfo.java:shutdownLeaderElection(134)) - b7064b77-9271-4e94-8225-85d895886efb: shutdown LeaderElection
2019-09-25 11:42:26,457 [8c24ed06-386e-4085-8931-93c762a64530@group-ADB1B60517AF:LeaderElection141] INFO  impl.RoleInfo (RoleInfo.java:shutdownLeaderElection(134)) - 8c24ed06-386e-4085-8931-93c762a64530: shutdown LeaderElection
2019-09-25 11:42:26,460 [b7064b77-9271-4e94-8225-85d895886efb@group-B9DEF2EDD277:LeaderElection149] INFO  impl.RoleInfo (RoleInfo.java:updateAndGet(143)) - b7064b77-9271-4e94-8225-85d895886efb: start FollowerState
2019-09-25 11:42:26,459 [8c24ed06-386e-4085-8931-93c762a64530@group-47DBAAEC82C8:LeaderElection155] INFO  impl.LeaderElection (LeaderElection.java:logAndReturn(56)) - 8c24ed06-386e-4085-8931-93c762a64530@group-47DBAAEC82C8:LeaderElection155: Election REJECTED; received 2 response(s) [8c24ed06-386e-4085-8931-93c762a64530<-a7d59ef6-3eca-4628-b097-12d983444e7f#0:FAIL-t5, 8c24ed06-386e-4085-8931-93c762a64530<-b7064b77-9271-4e94-8225-85d895886efb#0:FAIL-t5] and 0 exception(s); 8c24ed06-386e-4085-8931-93c762a64530@group-47DBAAEC82C8:t5, leader=null, voted=8c24ed06-386e-4085-8931-93c762a64530, raftlog=8c24ed06-386e-4085-8931-93c762a64530@group-47DBAAEC82C8-SegmentedRaftLog:OPENED:c-1,f-1,i0, conf=-1: [a7d59ef6-3eca-4628-b097-12d983444e7f:192.168.30.6:43486, 8c24ed06-386e-4085-8931-93c762a64530:192.168.30.6:32862, b7064b77-9271-4e94-8225-85d895886efb:192.168.30.6:41519], old=null
2019-09-25 11:42:26,459 [b7064b77-9271-4e94-8225-85d895886efb@group-CDCB2C8C105A:LeaderElection144] INFO  impl.RoleInfo (RoleInfo.java:updateAndGet(143)) - b7064b77-9271-4e94-8225-85d895886efb: start FollowerState
2019-09-25 11:42:26,459 [e081c0a5-acfc-4a29-8262-ee158adf5b11@group-7CC56FB5D3F9:LeaderElection160] INFO  impl.LeaderElection (LeaderElection.java:logAndReturn(56)) - e081c0a5-acfc-4a29-8262-ee158adf5b11@group-7CC56FB5D3F9:LeaderElection160: Election REJECTED; received 2 response(s) [e081c0a5-acfc-4a29-8262-ee158adf5b11<-19e67e26-3d21-4d01-be9f-29113a4a814c#0:FAIL-t5, e081c0a5-acfc-4a29-8262-ee158adf5b11<-a7d59ef6-3eca-4628-b097-12d983444e7f#0:FAIL-t5] and 0 exception(s); e081c0a5-acfc-4a29-8262-ee158adf5b11@group-7CC56FB5D3F9:t5, leader=null, voted=e081c0a5-acfc-4a29-8262-ee158adf5b11, raftlog=e081c0a5-acfc-4a29-8262-ee158adf5b11@group-7CC56FB5D3F9-SegmentedRaftLog:OPENED:c-1,f-1,i0, conf=-1: [e081c0a5-acfc-4a29-8262-ee158adf5b11:192.168.30.6:37941, 19e67e26-3d21-4d01-be9f-29113a4a814c:192.168.30.6:34535, a7d59ef6-3eca-4628-b097-12d983444e7f:192.168.30.6:43486], old=null
2019-09-25 11:42:26,459 [e081c0a5-acfc-4a29-8262-ee158adf5b11@group-BF1BD4D8076C:LeaderElection159] INFO  impl.RoleInfo (RoleInfo.java:updateAndGet(143)) - e081c0a5-acfc-4a29-8262-ee158adf5b11: start FollowerState
2019-09-25 11:42:26,459 [8c24ed06-386e-4085-8931-93c762a64530@group-CDCB2C8C105A:LeaderElection140] INFO  impl.LeaderElection (LeaderElection.java:logAndReturn(56)) - 8c24ed06-386e-4085-8931-93c762a64530@group-CDCB2C8C105A:LeaderElection140: Election REJECTED; received 2 response(s) [8c24ed06-386e-4085-8931-93c762a64530<-d0888866-0bad-4f41-ad37-dccd4a57b958#0:FAIL-t5, 8c24ed06-386e-4085-8931-93c762a64530<-b7064b77-9271-4e94-8225-85d895886efb#0:FAIL-t5] and 0 exception(s); 8c24ed06-386e-4085-8931-93c762a64530@group-CDCB2C8C105A:t5, leader=null, voted=8c24ed06-386e-4085-8931-93c762a64530, raftlog=8c24ed06-386e-4085-8931-93c762a64530@group-CDCB2C8C105A-SegmentedRaftLog:OPENED:c-1,f-1,i0, conf=-1: [d0888866-0bad-4f41-ad37-dccd4a57b958:192.168.30.6:45405, 8c24ed06-386e-4085-8931-93c762a64530:192.168.30.6:32862, b7064b77-9271-4e94-8225-85d895886efb:192.168.30.6:41519], old=null
2019-09-25 11:42:26,459 [e081c0a5-acfc-4a29-8262-ee158adf5b11@group-6E9EB1C0F638:LeaderElection143] INFO  impl.LeaderElection (LeaderElection.java:logAndReturn(56)) - e081c0a5-acfc-4a29-8262-ee158adf5b11@group-6E9EB1C0F638:LeaderElection143: Election REJECTED; received 2 response(s) [e081c0a5-acfc-4a29-8262-ee158adf5b11<-a7d59ef6-3eca-4628-b097-12d983444e7f#0:FAIL-t5, e081c0a5-acfc-4a29-8262-ee158adf5b11<-b7064b77-9271-4e94-8225-85d895886efb#0:FAIL-t5] and 0 exception(s); e081c0a5-acfc-4a29-8262-ee158adf5b11@group-6E9EB1C0F638:t5, leader=null, voted=e081c0a5-acfc-4a29-8262-ee158adf5b11, raftlog=e081c0a5-acfc-4a29-8262-ee158adf5b11@group-6E9EB1C0F638-SegmentedRaftLog:OPENED:c-1,f-1,i0, conf=-1: [e081c0a5-acfc-4a29-8262-ee158adf5b11:192.168.30.6:37941, a7d59ef6-3eca-4628-b097-12d983444e7f:192.168.30.6:43486, b7064b77-9271-4e94-8225-85d895886efb:192.168.30.6:41519], old=null
2019-09-25 11:42:26,459 [19e67e26-3d21-4d01-be9f-29113a4a814c@group-ADB1B60517AF:LeaderElection154] INFO  impl.RoleInfo (RoleInfo.java:shutdownLeaderElection(134)) - 19e67e26-3d21-4d01-be9f-29113a4a814c: shutdown LeaderElection
2019-09-25 11:42:26,459 [19e67e26-3d21-4d01-be9f-29113a4a814c@group-071025EF7F78:LeaderElection158] INFO  impl.RaftServerImpl (RaftServerImpl.java:setRole(174)) - 19e67e26-3d21-4d01-be9f-29113a4a814c@group-071025EF7F78: changes role from CANDIDATE to FOLLOWER at term 5 for DISCOVERED_A_NEW_TERM
2019-09-25 11:42:26,458 [8c24ed06-386e-4085-8931-93c762a64530@group-B9DEF2EDD277:LeaderElection161] INFO  impl.RoleInfo (RoleInfo.java:updateAndGet(143)) - 8c24ed06-386e-4085-8931-93c762a64530: start FollowerState
2019-09-25 11:42:26,461 [19e67e26-3d21-4d01-be9f-29113a4a814c@group-071025EF7F78:LeaderElection158] INFO  impl.RoleInfo (RoleInfo.java:shutdownLeaderElection(134)) - 19e67e26-3d21-4d01-be9f-29113a4a814c: shutdown LeaderElection
2019-09-25 11:42:26,461 [19e67e26-3d21-4d01-be9f-29113a4a814c@group-ADB1B60517AF:LeaderElection154] INFO  impl.RoleInfo (RoleInfo.java:updateAndGet(143)) - 19e67e26-3d21-4d01-be9f-29113a4a814c: start FollowerState
2019-09-25 11:42:26,461 [e081c0a5-acfc-4a29-8262-ee158adf5b11@group-6E9EB1C0F638:LeaderElection143] INFO  impl.RaftServerImpl (RaftServerImpl.java:setRole(174)) - e081c0a5-acfc-4a29-8262-ee158adf5b11@group-6E9EB1C0F638: changes role from CANDIDATE to FOLLOWER at term 5 for DISCOVERED_A_NEW_TERM
2019-09-25 11:42:26,461 [8c24ed06-386e-4085-8931-93c762a64530@group-CDCB2C8C105A:LeaderElection140] INFO  impl.RaftServerImpl (RaftServerImpl.java:setRole(174)) - 8c24ed06-386e-4085-8931-93c762a64530@group-CDCB2C8C105A: changes role from CANDIDATE to FOLLOWER at term 5 for DISCOVERED_A_NEW_TERM
2019-09-25 11:42:26,460 [e081c0a5-acfc-4a29-8262-ee158adf5b11@group-7CC56FB5D3F9:LeaderElection160] INFO  impl.RaftServerImpl (RaftServerImpl.java:setRole(174)) - e081c0a5-acfc-4a29-8262-ee158adf5b11@group-7CC56FB5D3F9: changes role from CANDIDATE to FOLLOWER at term 5 for DISCOVERED_A_NEW_TERM
2019-09-25 11:42:26,460 [8c24ed06-386e-4085-8931-93c762a64530@group-47DBAAEC82C8:LeaderElection155] INFO  impl.RaftServerImpl (RaftServerImpl.java:setRole(174)) - 8c24ed06-386e-4085-8931-93c762a64530@group-47DBAAEC82C8: changes role from CANDIDATE to FOLLOWER at term 5 for DISCOVERED_A_NEW_TERM
2019-09-25 11:42:26,462 [8c24ed06-386e-4085-8931-93c762a64530@group-47DBAAEC82C8:LeaderElection155] INFO  impl.RoleInfo (RoleInfo.java:shutdownLeaderElection(134)) - 8c24ed06-386e-4085-8931-93c762a64530: shutdown LeaderElection
2019-09-25 11:42:26,460 [8c24ed06-386e-4085-8931-93c762a64530@group-ADB1B60517AF:LeaderElection141] INFO  impl.RoleInfo (RoleInfo.java:updateAndGet(143)) - 8c24ed06-386e-4085-8931-93c762a64530: start FollowerState
2019-09-25 11:42:26,460 [a7d59ef6-3eca-4628-b097-12d983444e7f@group-7CC56FB5D3F9:LeaderElection142] INFO  impl.LeaderElection (LeaderElection.java:logAndReturn(56)) - a7d59ef6-3eca-4628-b097-12d983444e7f@group-7CC56FB5D3F9:LeaderElection142: Election REJECTED; received 2 response(s) [a7d59ef6-3eca-4628-b097-12d983444e7f<-e081c0a5-acfc-4a29-8262-ee158adf5b11#0:FAIL-t5, a7d59ef6-3eca-4628-b097-12d983444e7f<-19e67e26-3d21-4d01-be9f-29113a4a814c#0:FAIL-t5] and 0 exception(s); a7d59ef6-3eca-4628-b097-12d983444e7f@group-7CC56FB5D3F9:t5, leader=null, voted=a7d59ef6-3eca-4628-b097-12d983444e7f, raftlog=a7d59ef6-3eca-4628-b097-12d983444e7f@group-7CC56FB5D3F9-SegmentedRaftLog:OPENED:c-1,f-1,i0, conf=-1: [e081c0a5-acfc-4a29-8262-ee158adf5b11:192.168.30.6:37941, 19e67e26-3d21-4d01-be9f-29113a4a814c:192.168.30.6:34535, a7d59ef6-3eca-4628-b097-12d983444e7f:192.168.30.6:43486], old=null
2019-09-25 11:42:26,462 [8c24ed06-386e-4085-8931-93c762a64530@group-47DBAAEC82C8:LeaderElection155] INFO  impl.RoleInfo (RoleInfo.java:updateAndGet(143)) - 8c24ed06-386e-4085-8931-93c762a64530: start FollowerState
2019-09-25 11:42:26,462 [e081c0a5-acfc-4a29-8262-ee158adf5b11@group-7CC56FB5D3F9:LeaderElection160] INFO  impl.RoleInfo (RoleInfo.java:shutdownLeaderElection(134)) - e081c0a5-acfc-4a29-8262-ee158adf5b11: shutdown LeaderElection
2019-09-25 11:42:26,462 [8c24ed06-386e-4085-8931-93c762a64530@group-CDCB2C8C105A:LeaderElection140] INFO  impl.RoleInfo (RoleInfo.java:shutdownLeaderElection(134)) - 8c24ed06-386e-4085-8931-93c762a64530: shutdown LeaderElection
2019-09-25 11:42:26,462 [e081c0a5-acfc-4a29-8262-ee158adf5b11@group-6E9EB1C0F638:LeaderElection143] INFO  impl.RoleInfo (RoleInfo.java:shutdownLeaderElection(134)) - e081c0a5-acfc-4a29-8262-ee158adf5b11: shutdown LeaderElection
2019-09-25 11:42:26,462 [19e67e26-3d21-4d01-be9f-29113a4a814c@group-071025EF7F78:LeaderElection158] INFO  impl.RoleInfo (RoleInfo.java:updateAndGet(143)) - 19e67e26-3d21-4d01-be9f-29113a4a814c: start FollowerState
2019-09-25 11:42:26,463 [e081c0a5-acfc-4a29-8262-ee158adf5b11@group-6E9EB1C0F638:LeaderElection143] INFO  impl.RoleInfo (RoleInfo.java:updateAndGet(143)) - e081c0a5-acfc-4a29-8262-ee158adf5b11: start FollowerState
2019-09-25 11:42:26,463 [8c24ed06-386e-4085-8931-93c762a64530@group-CDCB2C8C105A:LeaderElection140] INFO  impl.RoleInfo (RoleInfo.java:updateAndGet(143)) - 8c24ed06-386e-4085-8931-93c762a64530: start FollowerState
2019-09-25 11:42:26,463 [e081c0a5-acfc-4a29-8262-ee158adf5b11@group-7CC56FB5D3F9:LeaderElection160] INFO  impl.RoleInfo (RoleInfo.java:updateAndGet(143)) - e081c0a5-acfc-4a29-8262-ee158adf5b11: start FollowerState
2019-09-25 11:42:26,463 [a7d59ef6-3eca-4628-b097-12d983444e7f@group-7CC56FB5D3F9:LeaderElection142] INFO  impl.RaftServerImpl (RaftServerImpl.java:setRole(174)) - a7d59ef6-3eca-4628-b097-12d983444e7f@group-7CC56FB5D3F9: changes role from CANDIDATE to FOLLOWER at term 5 for DISCOVERED_A_NEW_TERM
2019-09-25 11:42:26,464 [a7d59ef6-3eca-4628-b097-12d983444e7f@group-7CC56FB5D3F9:LeaderElection142] INFO  impl.RoleInfo (RoleInfo.java:shutdownLeaderElection(134)) - a7d59ef6-3eca-4628-b097-12d983444e7f: shutdown LeaderElection
2019-09-25 11:42:26,464 [a7d59ef6-3eca-4628-b097-12d983444e7f@group-7CC56FB5D3F9:LeaderElection142] INFO  impl.RoleInfo (RoleInfo.java:updateAndGet(143)) - a7d59ef6-3eca-4628-b097-12d983444e7f: start FollowerState
2019-09-25 11:42:31,451 [Thread-973] INFO  impl.FollowerState (FollowerState.java:run(106)) - d0888866-0bad-4f41-ad37-dccd4a57b958:group-071025EF7F78 changes to CANDIDATE, lastRpcTime:5010, electionTimeout:5010ms
2019-09-25 11:42:31,451 [Thread-973] INFO  impl.RoleInfo (RoleInfo.java:shutdownFollowerState(121)) - d0888866-0bad-4f41-ad37-dccd4a57b958: shutdown FollowerState
2019-09-25 11:42:31,451 [Thread-973] INFO  impl.RaftServerImpl (RaftServerImpl.java:setRole(174)) - d0888866-0bad-4f41-ad37-dccd4a57b958@group-071025EF7F78: changes role from  FOLLOWER to CANDIDATE at term 5 for changeToCandidate
2019-09-25 11:42:31,451 [Thread-973] INFO  impl.RoleInfo (RoleInfo.java:updateAndGet(143)) - d0888866-0bad-4f41-ad37-dccd4a57b958: start LeaderElection
2019-09-25 11:42:31,456 [Thread-988] INFO  impl.FollowerState (FollowerState.java:run(106)) - d0888866-0bad-4f41-ad37-dccd4a57b958:group-282EF1BFFEE0 changes to CANDIDATE, lastRpcTime:5002, electionTimeout:5001ms
2019-09-25 11:42:31,456 [Thread-988] INFO  impl.RoleInfo (RoleInfo.java:shutdownFollowerState(121)) - d0888866-0bad-4f41-ad37-dccd4a57b958: shutdown FollowerState
2019-09-25 11:42:31,456 [Thread-988] INFO  impl.RaftServerImpl (RaftServerImpl.java:setRole(174)) - d0888866-0bad-4f41-ad37-dccd4a57b958@group-282EF1BFFEE0: changes role from  FOLLOWER to CANDIDATE at term 5 for changeToCandidate
2019-09-25 11:42:31,456 [Thread-988] INFO  impl.RoleInfo (RoleInfo.java:updateAndGet(143)) - d0888866-0bad-4f41-ad37-dccd4a57b958: start LeaderElection
2019-09-25 11:42:31,462 [Thread-990] INFO  impl.FollowerState (FollowerState.java:run(106)) - a7d59ef6-3eca-4628-b097-12d983444e7f:group-47DBAAEC82C8 changes to CANDIDATE, lastRpcTime:5007, electionTimeout:5006ms
2019-09-25 11:42:31,462 [Thread-990] INFO  impl.RoleInfo (RoleInfo.java:shutdownFollowerState(121)) - a7d59ef6-3eca-4628-b097-12d983444e7f: shutdown FollowerState
2019-09-25 11:42:31,462 [Thread-990] INFO  impl.RaftServerImpl (RaftServerImpl.java:setRole(174)) - a7d59ef6-3eca-4628-b097-12d983444e7f@group-47DBAAEC82C8: changes role from  FOLLOWER to CANDIDATE at term 5 for changeToCandidate
2019-09-25 11:42:31,463 [Thread-990] INFO  impl.RoleInfo (RoleInfo.java:updateAndGet(143)) - a7d59ef6-3eca-4628-b097-12d983444e7f: start LeaderElection
2019-09-25 11:42:31,471 [Thread-987] INFO  impl.FollowerState (FollowerState.java:run(106)) - 19e67e26-3d21-4d01-be9f-29113a4a814c:group-B9DEF2EDD277 changes to CANDIDATE, lastRpcTime:5017, electionTimeout:5016ms
2019-09-25 11:42:31,471 [Thread-987] INFO  impl.RoleInfo (RoleInfo.java:shutdownFollowerState(121)) - 19e67e26-3d21-4d01-be9f-29113a4a814c: shutdown FollowerState
2019-09-25 11:42:31,472 [Thread-987] INFO  impl.RaftServerImpl (RaftServerImpl.java:setRole(174)) - 19e67e26-3d21-4d01-be9f-29113a4a814c@group-B9DEF2EDD277: changes role from  FOLLOWER to CANDIDATE at term 5 for changeToCandidate
2019-09-25 11:42:31,472 [Thread-994] INFO  impl.FollowerState (FollowerState.java:run(106)) - 8c24ed06-386e-4085-8931-93c762a64530:group-B9DEF2EDD277 changes to CANDIDATE, lastRpcTime:5013, electionTimeout:5010ms
2019-09-25 11:42:31,472 [Thread-987] INFO  impl.RoleInfo (RoleInfo.java:updateAndGet(143)) - 19e67e26-3d21-4d01-be9f-29113a4a814c: start LeaderElection
2019-09-25 11:42:31,472 [Thread-994] INFO  impl.RoleInfo (RoleInfo.java:shutdownFollowerState(121)) - 8c24ed06-386e-4085-8931-93c762a64530: shutdown FollowerState
2019-09-25 11:42:31,472 [Thread-994] INFO  impl.RaftServerImpl (RaftServerImpl.java:setRole(174)) - 8c24ed06-386e-4085-8931-93c762a64530@group-B9DEF2EDD277: changes role from  FOLLOWER to CANDIDATE at term 5 for changeToCandidate
2019-09-25 11:42:31,472 [Thread-994] INFO  impl.RoleInfo (RoleInfo.java:updateAndGet(143)) - 8c24ed06-386e-4085-8931-93c762a64530: start LeaderElection
2019-09-25 11:42:31,475 [Thread-982] INFO  impl.FollowerState (FollowerState.java:run(106)) - b7064b77-9271-4e94-8225-85d895886efb:group-F2E0294EDFC2 changes to CANDIDATE, lastRpcTime:5025, electionTimeout:5024ms
2019-09-25 11:42:31,475 [Thread-982] INFO  impl.RoleInfo (RoleInfo.java:shutdownFollowerState(121)) - b7064b77-9271-4e94-8225-85d895886efb: shutdown FollowerState
2019-09-25 11:42:31,475 [Thread-982] INFO  impl.RaftServerImpl (RaftServerImpl.java:setRole(174)) - b7064b77-9271-4e94-8225-85d895886efb@group-F2E0294EDFC2: changes role from  FOLLOWER to CANDIDATE at term 5 for changeToCandidate
2019-09-25 11:42:31,475 [Thread-982] INFO  impl.RoleInfo (RoleInfo.java:updateAndGet(143)) - b7064b77-9271-4e94-8225-85d895886efb: start LeaderElection
2019-09-25 11:42:31,489 [Thread-991] INFO  impl.FollowerState (FollowerState.java:run(106)) - 8c24ed06-386e-4085-8931-93c762a64530:group-DBE87B3B08CE changes to CANDIDATE, lastRpcTime:5032, electionTimeout:5031ms
2019-09-25 11:42:31,489 [Thread-991] INFO  impl.RoleInfo (RoleInfo.java:shutdownFollowerState(121)) - 8c24ed06-386e-4085-8931-93c762a64530: shutdown FollowerState
2019-09-25 11:42:31,490 [Thread-991] INFO  impl.RaftServerImpl (RaftServerImpl.java:setRole(174)) - 8c24ed06-386e-4085-8931-93c762a64530@group-DBE87B3B08CE: changes role from  FOLLOWER to CANDIDATE at term 5 for changeToCandidate
2019-09-25 11:42:31,490 [Thread-991] INFO  impl.RoleInfo (RoleInfo.java:updateAndGet(143)) - 8c24ed06-386e-4085-8931-93c762a64530: start LeaderElection
2019-09-25 11:42:31,505 [Thread-983] INFO  impl.FollowerState (FollowerState.java:run(106)) - d0888866-0bad-4f41-ad37-dccd4a57b958:group-ADB1B60517AF changes to CANDIDATE, lastRpcTime:5054, electionTimeout:5053ms
2019-09-25 11:42:31,505 [Thread-983] INFO  impl.RoleInfo (RoleInfo.java:shutdownFollowerState(121)) - d0888866-0bad-4f41-ad37-dccd4a57b958: shutdown FollowerState
2019-09-25 11:42:31,505 [Thread-983] INFO  impl.RaftServerImpl (RaftServerImpl.java:setRole(174)) - d0888866-0bad-4f41-ad37-dccd4a57b958@group-ADB1B60517AF: changes role from  FOLLOWER to CANDIDATE at term 5 for changeToCandidate
2019-09-25 11:42:31,505 [Thread-983] INFO  impl.RoleInfo (RoleInfo.java:updateAndGet(143)) - d0888866-0bad-4f41-ad37-dccd4a57b958: start LeaderElection
2019-09-25 11:42:31,510 [Thread-976] INFO  impl.FollowerState (FollowerState.java:run(106)) - a7d59ef6-3eca-4628-b097-12d983444e7f:group-282EF1BFFEE0 changes to CANDIDATE, lastRpcTime:5065, electionTimeout:5065ms
2019-09-25 11:42:31,510 [Thread-976] INFO  impl.RoleInfo (RoleInfo.java:shutdownFollowerState(121)) - a7d59ef6-3eca-4628-b097-12d983444e7f: shutdown FollowerState
2019-09-25 11:42:31,510 [Thread-976] INFO  impl.RaftServerImpl (RaftServerImpl.java:setRole(174)) - a7d59ef6-3eca-4628-b097-12d983444e7f@group-282EF1BFFEE0: changes role from  FOLLOWER to CANDIDATE at term 5 for changeToCandidate
2019-09-25 11:42:31,510 [Thread-976] INFO  impl.RoleInfo (RoleInfo.java:updateAndGet(143)) - a7d59ef6-3eca-4628-b097-12d983444e7f: start LeaderElection
2019-09-25 11:42:31,518 [Thread-989] INFO  impl.FollowerState (FollowerState.java:run(106)) - a7d59ef6-3eca-4628-b097-12d983444e7f:group-DBE87B3B08CE changes to CANDIDATE, lastRpcTime:5064, electionTimeout:5062ms
2019-09-25 11:42:31,519 [Thread-989] INFO  impl.RoleInfo (RoleInfo.java:shutdownFollowerState(121)) - a7d59ef6-3eca-4628-b097-12d983444e7f: shutdown FollowerState
2019-09-25 11:42:31,519 [Thread-989] INFO  impl.RaftServerImpl (RaftServerImpl.java:setRole(174)) - a7d59ef6-3eca-4628-b097-12d983444e7f@group-DBE87B3B08CE: changes role from  FOLLOWER to CANDIDATE at term 5 for changeToCandidate
2019-09-25 11:42:31,519 [Thread-989] INFO  impl.RoleInfo (RoleInfo.java:updateAndGet(143)) - a7d59ef6-3eca-4628-b097-12d983444e7f: start LeaderElection
2019-09-25 11:42:31,522 [Thread-979] INFO  impl.FollowerState (FollowerState.java:run(106)) - a7d59ef6-3eca-4628-b097-12d983444e7f:group-6E9EB1C0F638 changes to CANDIDATE, lastRpcTime:5074, electionTimeout:5073ms
2019-09-25 11:42:31,522 [Thread-979] INFO  impl.RoleInfo (RoleInfo.java:shutdownFollowerState(121)) - a7d59ef6-3eca-4628-b097-12d983444e7f: shutdown FollowerState
2019-09-25 11:42:31,522 [Thread-979] INFO  impl.RaftServerImpl (RaftServerImpl.java:setRole(174)) - a7d59ef6-3eca-4628-b097-12d983444e7f@group-6E9EB1C0F638: changes role from  FOLLOWER to CANDIDATE at term 5 for changeToCandidate
2019-09-25 11:42:31,523 [Thread-979] INFO  impl.RoleInfo (RoleInfo.java:updateAndGet(143)) - a7d59ef6-3eca-4628-b097-12d983444e7f: start LeaderElection
2019-09-25 11:42:31,527 [Thread-978] INFO  impl.FollowerState (FollowerState.java:run(106)) - 19e67e26-3d21-4d01-be9f-29113a4a814c:group-BF1BD4D8076C changes to CANDIDATE, lastRpcTime:5080, electionTimeout:5079ms
2019-09-25 11:42:31,528 [Thread-978] INFO  impl.RoleInfo (RoleInfo.java:shutdownFollowerState(121)) - 19e67e26-3d21-4d01-be9f-29113a4a814c: shutdown FollowerState
2019-09-25 11:42:31,528 [Thread-978] INFO  impl.RaftServerImpl (RaftServerImpl.java:setRole(174)) - 19e67e26-3d21-4d01-be9f-29113a4a814c@group-BF1BD4D8076C: changes role from  FOLLOWER to CANDIDATE at term 5 for changeToCandidate
2019-09-25 11:42:31,528 [Thread-978] INFO  impl.RoleInfo (RoleInfo.java:updateAndGet(143)) - 19e67e26-3d21-4d01-be9f-29113a4a814c: start LeaderElection
2019-09-25 11:42:31,530 [Thread-981] INFO  impl.FollowerState (FollowerState.java:run(106)) - 19e67e26-3d21-4d01-be9f-29113a4a814c:group-7CC56FB5D3F9 changes to CANDIDATE, lastRpcTime:5081, electionTimeout:5080ms
2019-09-25 11:42:31,530 [Thread-981] INFO  impl.RoleInfo (RoleInfo.java:shutdownFollowerState(121)) - 19e67e26-3d21-4d01-be9f-29113a4a814c: shutdown FollowerState
2019-09-25 11:42:31,530 [Thread-981] INFO  impl.RaftServerImpl (RaftServerImpl.java:setRole(174)) - 19e67e26-3d21-4d01-be9f-29113a4a814c@group-7CC56FB5D3F9: changes role from  FOLLOWER to CANDIDATE at term 5 for changeToCandidate
2019-09-25 11:42:31,530 [Thread-981] INFO  impl.RoleInfo (RoleInfo.java:updateAndGet(143)) - 19e67e26-3d21-4d01-be9f-29113a4a814c: start LeaderElection
2019-09-25 11:42:31,533 [Thread-997] INFO  impl.FollowerState (FollowerState.java:run(106)) - b7064b77-9271-4e94-8225-85d895886efb:group-B9DEF2EDD277 changes to CANDIDATE, lastRpcTime:5073, electionTimeout:5073ms
2019-09-25 11:42:31,533 [Thread-997] INFO  impl.RoleInfo (RoleInfo.java:shutdownFollowerState(121)) - b7064b77-9271-4e94-8225-85d895886efb: shutdown FollowerState
2019-09-25 11:42:31,534 [Thread-997] INFO  impl.RaftServerImpl (RaftServerImpl.java:setRole(174)) - b7064b77-9271-4e94-8225-85d895886efb@group-B9DEF2EDD277: changes role from  FOLLOWER to CANDIDATE at term 5 for changeToCandidate
2019-09-25 11:42:31,534 [Thread-997] INFO  impl.RoleInfo (RoleInfo.java:updateAndGet(143)) - b7064b77-9271-4e94-8225-85d895886efb: start LeaderElection
2019-09-25 11:42:31,537 [Thread-986] INFO  impl.FollowerState (FollowerState.java:run(106)) - d0888866-0bad-4f41-ad37-dccd4a57b958:group-DBE87B3B08CE changes to CANDIDATE, lastRpcTime:5084, electionTimeout:5084ms
2019-09-25 11:42:31,537 [Thread-986] INFO  impl.RoleInfo (RoleInfo.java:shutdownFollowerState(121)) - d0888866-0bad-4f41-ad37-dccd4a57b958: shutdown FollowerState
2019-09-25 11:42:31,537 [Thread-986] INFO  impl.RaftServerImpl (RaftServerImpl.java:setRole(174)) - d0888866-0bad-4f41-ad37-dccd4a57b958@group-DBE87B3B08CE: changes role from  FOLLOWER to CANDIDATE at term 5 for changeToCandidate
2019-09-25 11:42:31,538 [Thread-986] INFO  impl.RoleInfo (RoleInfo.java:updateAndGet(143)) - d0888866-0bad-4f41-ad37-dccd4a57b958: start LeaderElection
2019-09-25 11:42:31,539 [Thread-996] INFO  impl.FollowerState (FollowerState.java:run(106)) - b7064b77-9271-4e94-8225-85d895886efb:group-CDCB2C8C105A changes to CANDIDATE, lastRpcTime:5079, electionTimeout:5078ms
2019-09-25 11:42:31,539 [Thread-996] INFO  impl.RoleInfo (RoleInfo.java:shutdownFollowerState(121)) - b7064b77-9271-4e94-8225-85d895886efb: shutdown FollowerState
2019-09-25 11:42:31,539 [Thread-996] INFO  impl.RaftServerImpl (RaftServerImpl.java:setRole(174)) - b7064b77-9271-4e94-8225-85d895886efb@group-CDCB2C8C105A: changes role from  FOLLOWER to CANDIDATE at term 5 for changeToCandidate
2019-09-25 11:42:31,539 [Thread-996] INFO  impl.RoleInfo (RoleInfo.java:updateAndGet(143)) - b7064b77-9271-4e94-8225-85d895886efb: start LeaderElection
2019-09-25 11:42:31,543 [Thread-975] INFO  impl.FollowerState (FollowerState.java:run(106)) - 8c24ed06-386e-4085-8931-93c762a64530:group-BF1BD4D8076C changes to CANDIDATE, lastRpcTime:5100, electionTimeout:5100ms
2019-09-25 11:42:31,544 [Thread-975] INFO  impl.RoleInfo (RoleInfo.java:shutdownFollowerState(121)) - 8c24ed06-386e-4085-8931-93c762a64530: shutdown FollowerState
2019-09-25 11:42:31,544 [Thread-975] INFO  impl.RaftServerImpl (RaftServerImpl.java:setRole(174)) - 8c24ed06-386e-4085-8931-93c762a64530@group-BF1BD4D8076C: changes role from  FOLLOWER to CANDIDATE at term 5 for changeToCandidate
2019-09-25 11:42:31,544 [Thread-975] INFO  impl.RoleInfo (RoleInfo.java:updateAndGet(143)) - 8c24ed06-386e-4085-8931-93c762a64530: start LeaderElection
2019-09-25 11:42:31,547 [Thread-974] INFO  impl.FollowerState (FollowerState.java:run(106)) - b7064b77-9271-4e94-8225-85d895886efb:group-282EF1BFFEE0 changes to CANDIDATE, lastRpcTime:5106, electionTimeout:5106ms
2019-09-25 11:42:31,547 [Thread-974] INFO  impl.RoleInfo (RoleInfo.java:shutdownFollowerState(121)) - b7064b77-9271-4e94-8225-85d895886efb: shutdown FollowerState
2019-09-25 11:42:31,548 [Thread-974] INFO  impl.RaftServerImpl (RaftServerImpl.java:setRole(174)) - b7064b77-9271-4e94-8225-85d895886efb@group-282EF1BFFEE0: changes role from  FOLLOWER to CANDIDATE at term 5 for changeToCandidate
2019-09-25 11:42:31,548 [Thread-974] INFO  impl.RoleInfo (RoleInfo.java:updateAndGet(143)) - b7064b77-9271-4e94-8225-85d895886efb: start LeaderElection
2019-09-25 11:42:31,553 [Thread-993] INFO  impl.FollowerState (FollowerState.java:run(106)) - b7064b77-9271-4e94-8225-85d895886efb:group-6E9EB1C0F638 changes to CANDIDATE, lastRpcTime:5094, electionTimeout:5093ms
2019-09-25 11:42:31,553 [Thread-993] INFO  impl.RoleInfo (RoleInfo.java:shutdownFollowerState(121)) - b7064b77-9271-4e94-8225-85d895886efb: shutdown FollowerState
2019-09-25 11:42:31,553 [Thread-993] INFO  impl.RaftServerImpl (RaftServerImpl.java:setRole(174)) - b7064b77-9271-4e94-8225-85d895886efb@group-6E9EB1C0F638: changes role from  FOLLOWER to CANDIDATE at term 5 for changeToCandidate
2019-09-25 11:42:31,553 [Thread-993] INFO  impl.RoleInfo (RoleInfo.java:updateAndGet(143)) - b7064b77-9271-4e94-8225-85d895886efb: start LeaderElection
2019-09-25 11:42:31,562 [Thread-992] INFO  impl.FollowerState (FollowerState.java:run(106)) - b7064b77-9271-4e94-8225-85d895886efb:group-47DBAAEC82C8 changes to CANDIDATE, lastRpcTime:5104, electionTimeout:5102ms
2019-09-25 11:42:31,562 [Thread-992] INFO  impl.RoleInfo (RoleInfo.java:shutdownFollowerState(121)) - b7064b77-9271-4e94-8225-85d895886efb: shutdown FollowerState
2019-09-25 11:42:31,562 [Thread-992] INFO  impl.RaftServerImpl (RaftServerImpl.java:setRole(174)) - b7064b77-9271-4e94-8225-85d895886efb@group-47DBAAEC82C8: changes role from  FOLLOWER to CANDIDATE at term 5 for changeToCandidate
2019-09-25 11:42:31,562 [Thread-992] INFO  impl.RoleInfo (RoleInfo.java:updateAndGet(143)) - b7064b77-9271-4e94-8225-85d895886efb: start LeaderElection
2019-09-25 11:42:31,565 [Thread-1000] INFO  impl.FollowerState (FollowerState.java:run(106)) - 19e67e26-3d21-4d01-be9f-29113a4a814c:group-071025EF7F78 changes to CANDIDATE, lastRpcTime:5103, electionTimeout:5101ms
2019-09-25 11:42:31,565 [Thread-1000] INFO  impl.RoleInfo (RoleInfo.java:shutdownFollowerState(121)) - 19e67e26-3d21-4d01-be9f-29113a4a814c: shutdown FollowerState
2019-09-25 11:42:31,565 [Thread-1000] INFO  impl.RaftServerImpl (RaftServerImpl.java:setRole(174)) - 19e67e26-3d21-4d01-be9f-29113a4a814c@group-071025EF7F78: changes role from  FOLLOWER to CANDIDATE at term 5 for changeToCandidate
2019-09-25 11:42:31,566 [Thread-1000] INFO  impl.RoleInfo (RoleInfo.java:updateAndGet(143)) - 19e67e26-3d21-4d01-be9f-29113a4a814c: start LeaderElection
2019-09-25 11:42:31,567 [Thread-977] INFO  impl.FollowerState (FollowerState.java:run(106)) - d0888866-0bad-4f41-ad37-dccd4a57b958:group-F2E0294EDFC2 changes to CANDIDATE, lastRpcTime:5121, electionTimeout:5121ms
2019-09-25 11:42:31,567 [Thread-977] INFO  impl.RoleInfo (RoleInfo.java:shutdownFollowerState(121)) - d0888866-0bad-4f41-ad37-dccd4a57b958: shutdown FollowerState
2019-09-25 11:42:31,567 [Thread-977] INFO  impl.RaftServerImpl (RaftServerImpl.java:setRole(174)) - d0888866-0bad-4f41-ad37-dccd4a57b958@group-F2E0294EDFC2: changes role from  FOLLOWER to CANDIDATE at term 5 for changeToCandidate
2019-09-25 11:42:31,567 [Thread-977] INFO  impl.RoleInfo (RoleInfo.java:updateAndGet(143)) - d0888866-0bad-4f41-ad37-dccd4a57b958: start LeaderElection
2019-09-25 11:42:31,570 [Thread-1004] INFO  impl.FollowerState (FollowerState.java:run(106)) - e081c0a5-acfc-4a29-8262-ee158adf5b11:group-6E9EB1C0F638 changes to CANDIDATE, lastRpcTime:5106, electionTimeout:5106ms
2019-09-25 11:42:31,570 [Thread-1004] INFO  impl.RoleInfo (RoleInfo.java:shutdownFollowerState(121)) - e081c0a5-acfc-4a29-8262-ee158adf5b11: shutdown FollowerState
2019-09-25 11:42:31,570 [Thread-1004] INFO  impl.RaftServerImpl (RaftServerImpl.java:setRole(174)) - e081c0a5-acfc-4a29-8262-ee158adf5b11@group-6E9EB1C0F638: changes role from  FOLLOWER to CANDIDATE at term 5 for changeToCandidate
2019-09-25 11:42:31,570 [Thread-1004] INFO  impl.RoleInfo (RoleInfo.java:updateAndGet(143)) - e081c0a5-acfc-4a29-8262-ee158adf5b11: start LeaderElection
2019-09-25 11:42:31,578 [Thread-984] INFO  impl.FollowerState (FollowerState.java:run(106)) - e081c0a5-acfc-4a29-8262-ee158adf5b11:group-071025EF7F78 changes to CANDIDATE, lastRpcTime:5127, electionTimeout:5125ms
2019-09-25 11:42:31,578 [Thread-984] INFO  impl.RoleInfo (RoleInfo.java:shutdownFollowerState(121)) - e081c0a5-acfc-4a29-8262-ee158adf5b11: shutdown FollowerState
2019-09-25 11:42:31,578 [Thread-984] INFO  impl.RaftServerImpl (RaftServerImpl.java:setRole(174)) - e081c0a5-acfc-4a29-8262-ee158adf5b11@group-071025EF7F78: changes role from  FOLLOWER to CANDIDATE at term 5 for changeToCandidate
2019-09-25 11:42:31,578 [Thread-984] INFO  impl.RoleInfo (RoleInfo.java:updateAndGet(143)) - e081c0a5-acfc-4a29-8262-ee158adf5b11: start LeaderElection
2019-09-25 11:42:31,580 [Thread-1003] INFO  impl.FollowerState (FollowerState.java:run(106)) - 8c24ed06-386e-4085-8931-93c762a64530:group-CDCB2C8C105A changes to CANDIDATE, lastRpcTime:5117, electionTimeout:5116ms
2019-09-25 11:42:31,580 [Thread-1003] INFO  impl.RoleInfo (RoleInfo.java:shutdownFollowerState(121)) - 8c24ed06-386e-4085-8931-93c762a64530: shutdown FollowerState
2019-09-25 11:42:31,580 [Thread-1003] INFO  impl.RaftServerImpl (RaftServerImpl.java:setRole(174)) - 8c24ed06-386e-4085-8931-93c762a64530@group-CDCB2C8C105A: changes role from  FOLLOWER to CANDIDATE at term 5 for changeToCandidate
2019-09-25 11:42:31,581 [Thread-1003] INFO  impl.RoleInfo (RoleInfo.java:updateAndGet(143)) - 8c24ed06-386e-4085-8931-93c762a64530: start LeaderElection
2019-09-25 11:42:31,605 [Thread-1001] INFO  impl.FollowerState (FollowerState.java:run(106)) - 8c24ed06-386e-4085-8931-93c762a64530:group-47DBAAEC82C8 changes to CANDIDATE, lastRpcTime:5142, electionTimeout:5142ms
2019-09-25 11:42:31,605 [Thread-1001] INFO  impl.RoleInfo (RoleInfo.java:shutdownFollowerState(121)) - 8c24ed06-386e-4085-8931-93c762a64530: shutdown FollowerState
2019-09-25 11:42:31,605 [Thread-1001] INFO  impl.RaftServerImpl (RaftServerImpl.java:setRole(174)) - 8c24ed06-386e-4085-8931-93c762a64530@group-47DBAAEC82C8: changes role from  FOLLOWER to CANDIDATE at term 5 for changeToCandidate
2019-09-25 11:42:31,606 [Thread-1001] INFO  impl.RoleInfo (RoleInfo.java:updateAndGet(143)) - 8c24ed06-386e-4085-8931-93c762a64530: start LeaderElection
2019-09-25 11:42:31,609 [Thread-985] INFO  impl.FollowerState (FollowerState.java:run(106)) - a7d59ef6-3eca-4628-b097-12d983444e7f:group-F2E0294EDFC2 changes to CANDIDATE, lastRpcTime:5156, electionTimeout:5155ms
2019-09-25 11:42:31,609 [Thread-985] INFO  impl.RoleInfo (RoleInfo.java:shutdownFollowerState(121)) - a7d59ef6-3eca-4628-b097-12d983444e7f: shutdown FollowerState
2019-09-25 11:42:31,610 [Thread-985] INFO  impl.RaftServerImpl (RaftServerImpl.java:setRole(174)) - a7d59ef6-3eca-4628-b097-12d983444e7f@group-F2E0294EDFC2: changes role from  FOLLOWER to CANDIDATE at term 5 for changeToCandidate
2019-09-25 11:42:31,610 [Thread-985] INFO  impl.RoleInfo (RoleInfo.java:updateAndGet(143)) - a7d59ef6-3eca-4628-b097-12d983444e7f: start LeaderElection
2019-09-25 11:42:31,617 [Thread-1002] INFO  impl.FollowerState (FollowerState.java:run(106)) - e081c0a5-acfc-4a29-8262-ee158adf5b11:group-7CC56FB5D3F9 changes to CANDIDATE, lastRpcTime:5154, electionTimeout:5153ms
2019-09-25 11:42:31,617 [Thread-1002] INFO  impl.RoleInfo (RoleInfo.java:shutdownFollowerState(121)) - e081c0a5-acfc-4a29-8262-ee158adf5b11: shutdown FollowerState
2019-09-25 11:42:31,617 [Thread-1002] INFO  impl.RaftServerImpl (RaftServerImpl.java:setRole(174)) - e081c0a5-acfc-4a29-8262-ee158adf5b11@group-7CC56FB5D3F9: changes role from  FOLLOWER to CANDIDATE at term 5 for changeToCandidate
2019-09-25 11:42:31,618 [Thread-1002] INFO  impl.RoleInfo (RoleInfo.java:updateAndGet(143)) - e081c0a5-acfc-4a29-8262-ee158adf5b11: start LeaderElection
2019-09-25 11:42:31,618 [Thread-980] INFO  impl.FollowerState (FollowerState.java:run(106)) - d0888866-0bad-4f41-ad37-dccd4a57b958:group-CDCB2C8C105A changes to CANDIDATE, lastRpcTime:5170, electionTimeout:5169ms
2019-09-25 11:42:31,618 [Thread-980] INFO  impl.RoleInfo (RoleInfo.java:shutdownFollowerState(121)) - d0888866-0bad-4f41-ad37-dccd4a57b958: shutdown FollowerState
2019-09-25 11:42:31,618 [Thread-980] INFO  impl.RaftServerImpl (RaftServerImpl.java:setRole(174)) - d0888866-0bad-4f41-ad37-dccd4a57b958@group-CDCB2C8C105A: changes role from  FOLLOWER to CANDIDATE at term 5 for changeToCandidate
2019-09-25 11:42:31,618 [Thread-980] INFO  impl.RoleInfo (RoleInfo.java:updateAndGet(143)) - d0888866-0bad-4f41-ad37-dccd4a57b958: start LeaderElection
2019-09-25 11:42:31,619 [Thread-995] INFO  impl.FollowerState (FollowerState.java:run(106)) - e081c0a5-acfc-4a29-8262-ee158adf5b11:group-BF1BD4D8076C changes to CANDIDATE, lastRpcTime:5159, electionTimeout:5158ms
2019-09-25 11:42:31,619 [Thread-995] INFO  impl.RoleInfo (RoleInfo.java:shutdownFollowerState(121)) - e081c0a5-acfc-4a29-8262-ee158adf5b11: shutdown FollowerState
2019-09-25 11:42:31,619 [Thread-995] INFO  impl.RaftServerImpl (RaftServerImpl.java:setRole(174)) - e081c0a5-acfc-4a29-8262-ee158adf5b11@group-BF1BD4D8076C: changes role from  FOLLOWER to CANDIDATE at term 5 for changeToCandidate
2019-09-25 11:42:31,619 [Thread-995] INFO  impl.RoleInfo (RoleInfo.java:updateAndGet(143)) - e081c0a5-acfc-4a29-8262-ee158adf5b11: start LeaderElection
2019-09-25 11:42:31,633 [Thread-998] INFO  impl.FollowerState (FollowerState.java:run(106)) - 8c24ed06-386e-4085-8931-93c762a64530:group-ADB1B60517AF changes to CANDIDATE, lastRpcTime:5173, electionTimeout:5170ms
2019-09-25 11:42:31,633 [Thread-998] INFO  impl.RoleInfo (RoleInfo.java:shutdownFollowerState(121)) - 8c24ed06-386e-4085-8931-93c762a64530: shutdown FollowerState
2019-09-25 11:42:31,633 [Thread-998] INFO  impl.RaftServerImpl (RaftServerImpl.java:setRole(174)) - 8c24ed06-386e-4085-8931-93c762a64530@group-ADB1B60517AF: changes role from  FOLLOWER to CANDIDATE at term 5 for changeToCandidate
2019-09-25 11:42:31,633 [Thread-998] INFO  impl.RoleInfo (RoleInfo.java:updateAndGet(143)) - 8c24ed06-386e-4085-8931-93c762a64530: start LeaderElection
2019-09-25 11:42:31,656 [Thread-999] INFO  impl.FollowerState (FollowerState.java:run(106)) - 19e67e26-3d21-4d01-be9f-29113a4a814c:group-ADB1B60517AF changes to CANDIDATE, lastRpcTime:5194, electionTimeout:5194ms
2019-09-25 11:42:31,656 [Thread-999] INFO  impl.RoleInfo (RoleInfo.java:shutdownFollowerState(121)) - 19e67e26-3d21-4d01-be9f-29113a4a814c: shutdown FollowerState
2019-09-25 11:42:31,656 [Thread-999] INFO  impl.RaftServerImpl (RaftServerImpl.java:setRole(174)) - 19e67e26-3d21-4d01-be9f-29113a4a814c@group-ADB1B60517AF: changes role from  FOLLOWER to CANDIDATE at term 5 for changeToCandidate
2019-09-25 11:42:31,656 [Thread-999] INFO  impl.RoleInfo (RoleInfo.java:updateAndGet(143)) - 19e67e26-3d21-4d01-be9f-29113a4a814c: start LeaderElection
2019-09-25 11:42:31,660 [Thread-1005] INFO  impl.FollowerState (FollowerState.java:run(106)) - a7d59ef6-3eca-4628-b097-12d983444e7f:group-7CC56FB5D3F9 changes to CANDIDATE, lastRpcTime:5196, electionTimeout:5196ms
2019-09-25 11:42:31,661 [Thread-1005] INFO  impl.RoleInfo (RoleInfo.java:shutdownFollowerState(121)) - a7d59ef6-3eca-4628-b097-12d983444e7f: shutdown FollowerState
2019-09-25 11:42:31,661 [Thread-1005] INFO  impl.RaftServerImpl (RaftServerImpl.java:setRole(174)) - a7d59ef6-3eca-4628-b097-12d983444e7f@group-7CC56FB5D3F9: changes role from  FOLLOWER to CANDIDATE at term 5 for changeToCandidate
2019-09-25 11:42:31,661 [Thread-1005] INFO  impl.RoleInfo (RoleInfo.java:updateAndGet(143)) - a7d59ef6-3eca-4628-b097-12d983444e7f: start LeaderElection
2019-09-25 11:42:33,288 [a7d59ef6-3eca-4628-b097-12d983444e7f@group-F2E0294EDFC2:LeaderElection196] INFO  impl.LeaderElection (LeaderElection.java:askForVotes(182)) - a7d59ef6-3eca-4628-b097-12d983444e7f@group-F2E0294EDFC2:LeaderElection196: begin an election at term 6 for -1: [d0888866-0bad-4f41-ad37-dccd4a57b958:192.168.30.6:45405, a7d59ef6-3eca-4628-b097-12d983444e7f:192.168.30.6:43486, b7064b77-9271-4e94-8225-85d895886efb:192.168.30.6:41519], old=null
2019-09-25 11:42:33,288 [19e67e26-3d21-4d01-be9f-29113a4a814c@group-ADB1B60517AF:LeaderElection201] INFO  impl.LeaderElection (LeaderElection.java:askForVotes(182)) - 19e67e26-3d21-4d01-be9f-29113a4a814c@group-ADB1B60517AF:LeaderElection201: begin an election at term 6 for -1: [d0888866-0bad-4f41-ad37-dccd4a57b958:192.168.30.6:45405, 19e67e26-3d21-4d01-be9f-29113a4a814c:192.168.30.6:34535, 8c24ed06-386e-4085-8931-93c762a64530:192.168.30.6:32862], old=null
2019-09-25 11:42:33,288 [b7064b77-9271-4e94-8225-85d895886efb@group-F2E0294EDFC2:LeaderElection175] INFO  impl.LeaderElection (LeaderElection.java:askForVotes(182)) - b7064b77-9271-4e94-8225-85d895886efb@group-F2E0294EDFC2:LeaderElection175: begin an election at term 6 for -1: [d0888866-0bad-4f41-ad37-dccd4a57b958:192.168.30.6:45405, a7d59ef6-3eca-4628-b097-12d983444e7f:192.168.30.6:43486, b7064b77-9271-4e94-8225-85d895886efb:192.168.30.6:41519], old=null
2019-09-25 11:42:33,288 [a7d59ef6-3eca-4628-b097-12d983444e7f@group-7CC56FB5D3F9:LeaderElection202] INFO  impl.LeaderElection (LeaderElection.java:askForVotes(182)) - a7d59ef6-3eca-4628-b097-12d983444e7f@group-7CC56FB5D3F9:LeaderElection202: begin an election at term 6 for -1: [e081c0a5-acfc-4a29-8262-ee158adf5b11:192.168.30.6:37941, 19e67e26-3d21-4d01-be9f-29113a4a814c:192.168.30.6:34535, a7d59ef6-3eca-4628-b097-12d983444e7f:192.168.30.6:43486], old=null
2019-09-25 11:42:33,288 [d0888866-0bad-4f41-ad37-dccd4a57b958@group-071025EF7F78:LeaderElection170] INFO  impl.LeaderElection (LeaderElection.java:askForVotes(182)) - d0888866-0bad-4f41-ad37-dccd4a57b958@group-071025EF7F78:LeaderElection170: begin an election at term 6 for -1: [e081c0a5-acfc-4a29-8262-ee158adf5b11:192.168.30.6:37941, d0888866-0bad-4f41-ad37-dccd4a57b958:192.168.30.6:45405, 19e67e26-3d21-4d01-be9f-29113a4a814c:192.168.30.6:34535], old=null
2019-09-25 11:42:33,288 [19e67e26-3d21-4d01-be9f-29113a4a814c@group-071025EF7F78:LeaderElection190] INFO  impl.LeaderElection (LeaderElection.java:askForVotes(182)) - 19e67e26-3d21-4d01-be9f-29113a4a814c@group-071025EF7F78:LeaderElection190: begin an election at term 6 for -1: [e081c0a5-acfc-4a29-8262-ee158adf5b11:192.168.30.6:37941, d0888866-0bad-4f41-ad37-dccd4a57b958:192.168.30.6:45405, 19e67e26-3d21-4d01-be9f-29113a4a814c:192.168.30.6:34535], old=null
2019-09-25 11:42:33,288 [b7064b77-9271-4e94-8225-85d895886efb@group-B9DEF2EDD277:LeaderElection183] INFO  impl.LeaderElection (LeaderElection.java:askForVotes(182)) - b7064b77-9271-4e94-8225-85d895886efb@group-B9DEF2EDD277:LeaderElection183: begin an election at term 6 for -1: [19e67e26-3d21-4d01-be9f-29113a4a814c:192.168.30.6:34535, 8c24ed06-386e-4085-8931-93c762a64530:192.168.30.6:32862, b7064b77-9271-4e94-8225-85d895886efb:192.168.30.6:41519], old=null
2019-09-25 11:42:33,288 [d0888866-0bad-4f41-ad37-dccd4a57b958@group-DBE87B3B08CE:LeaderElection184] INFO  impl.LeaderElection (LeaderElection.java:askForVotes(182)) - d0888866-0bad-4f41-ad37-dccd4a57b958@group-DBE87B3B08CE:LeaderElection184: begin an election at term 6 for -1: [d0888866-0bad-4f41-ad37-dccd4a57b958:192.168.30.6:45405, a7d59ef6-3eca-4628-b097-12d983444e7f:192.168.30.6:43486, 8c24ed06-386e-4085-8931-93c762a64530:192.168.30.6:32862], old=null
2019-09-25 11:42:33,288 [a7d59ef6-3eca-4628-b097-12d983444e7f@group-DBE87B3B08CE:LeaderElection179] INFO  impl.LeaderElection (LeaderElection.java:askForVotes(182)) - a7d59ef6-3eca-4628-b097-12d983444e7f@group-DBE87B3B08CE:LeaderElection179: begin an election at term 6 for -1: [d0888866-0bad-4f41-ad37-dccd4a57b958:192.168.30.6:45405, a7d59ef6-3eca-4628-b097-12d983444e7f:192.168.30.6:43486, 8c24ed06-386e-4085-8931-93c762a64530:192.168.30.6:32862], old=null
2019-09-25 11:42:33,288 [8c24ed06-386e-4085-8931-93c762a64530@group-BF1BD4D8076C:LeaderElection186] INFO  impl.LeaderElection (LeaderElection.java:askForVotes(182)) - 8c24ed06-386e-4085-8931-93c762a64530@group-BF1BD4D8076C:LeaderElection186: begin an election at term 6 for -1: [e081c0a5-acfc-4a29-8262-ee158adf5b11:192.168.30.6:37941, 19e67e26-3d21-4d01-be9f-29113a4a814c:192.168.30.6:34535, 8c24ed06-386e-4085-8931-93c762a64530:192.168.30.6:32862], old=null
2019-09-25 11:42:33,288 [19e67e26-3d21-4d01-be9f-29113a4a814c@group-7CC56FB5D3F9:LeaderElection182] INFO  impl.LeaderElection (LeaderElection.java:askForVotes(182)) - 19e67e26-3d21-4d01-be9f-29113a4a814c@group-7CC56FB5D3F9:LeaderElection182: begin an election at term 6 for -1: [e081c0a5-acfc-4a29-8262-ee158adf5b11:192.168.30.6:37941, 19e67e26-3d21-4d01-be9f-29113a4a814c:192.168.30.6:34535, a7d59ef6-3eca-4628-b097-12d983444e7f:192.168.30.6:43486], old=null
2019-09-25 11:42:33,288 [8c24ed06-386e-4085-8931-93c762a64530@group-CDCB2C8C105A:LeaderElection194] INFO  impl.LeaderElection (LeaderElection.java:askForVotes(182)) - 8c24ed06-386e-4085-8931-93c762a64530@group-CDCB2C8C105A:LeaderElection194: begin an election at term 6 for -1: [d0888866-0bad-4f41-ad37-dccd4a57b958:192.168.30.6:45405, 8c24ed06-386e-4085-8931-93c762a64530:192.168.30.6:32862, b7064b77-9271-4e94-8225-85d895886efb:192.168.30.6:41519], old=null
2019-09-25 11:42:33,288 [d0888866-0bad-4f41-ad37-dccd4a57b958@group-282EF1BFFEE0:LeaderElection171] INFO  impl.LeaderElection (LeaderElection.java:askForVotes(182)) - d0888866-0bad-4f41-ad37-dccd4a57b958@group-282EF1BFFEE0:LeaderElection171: begin an election at term 6 for -1: [d0888866-0bad-4f41-ad37-dccd4a57b958:192.168.30.6:45405, a7d59ef6-3eca-4628-b097-12d983444e7f:192.168.30.6:43486, b7064b77-9271-4e94-8225-85d895886efb:192.168.30.6:41519], old=null
2019-09-25 11:42:33,288 [b7064b77-9271-4e94-8225-85d895886efb@group-282EF1BFFEE0:LeaderElection187] INFO  impl.LeaderElection (LeaderElection.java:askForVotes(182)) - b7064b77-9271-4e94-8225-85d895886efb@group-282EF1BFFEE0:LeaderElection187: begin an election at term 6 for -1: [d0888866-0bad-4f41-ad37-dccd4a57b958:192.168.30.6:45405, a7d59ef6-3eca-4628-b097-12d983444e7f:192.168.30.6:43486, b7064b77-9271-4e94-8225-85d895886efb:192.168.30.6:41519], old=null
2019-09-25 11:42:33,288 [8c24ed06-386e-4085-8931-93c762a64530@group-DBE87B3B08CE:LeaderElection176] INFO  impl.LeaderElection (LeaderElection.java:askForVotes(182)) - 8c24ed06-386e-4085-8931-93c762a64530@group-DBE87B3B08CE:LeaderElection176: begin an election at term 6 for -1: [d0888866-0bad-4f41-ad37-dccd4a57b958:192.168.30.6:45405, a7d59ef6-3eca-4628-b097-12d983444e7f:192.168.30.6:43486, 8c24ed06-386e-4085-8931-93c762a64530:192.168.30.6:32862], old=null
2019-09-25 11:42:33,288 [d0888866-0bad-4f41-ad37-dccd4a57b958@group-F2E0294EDFC2:LeaderElection191] INFO  impl.LeaderElection (LeaderElection.java:askForVotes(182)) - d0888866-0bad-4f41-ad37-dccd4a57b958@group-F2E0294EDFC2:LeaderElection191: begin an election at term 6 for -1: [d0888866-0bad-4f41-ad37-dccd4a57b958:192.168.30.6:45405, a7d59ef6-3eca-4628-b097-12d983444e7f:192.168.30.6:43486, b7064b77-9271-4e94-8225-85d895886efb:192.168.30.6:41519], old=null
2019-09-25 11:42:33,288 [a7d59ef6-3eca-4628-b097-12d983444e7f@group-6E9EB1C0F638:LeaderElection180] INFO  impl.LeaderElection (LeaderElection.java:askForVotes(182)) - a7d59ef6-3eca-4628-b097-12d983444e7f@group-6E9EB1C0F638:LeaderElection180: begin an election at term 6 for -1: [e081c0a5-acfc-4a29-8262-ee158adf5b11:192.168.30.6:37941, a7d59ef6-3eca-4628-b097-12d983444e7f:192.168.30.6:43486, b7064b77-9271-4e94-8225-85d895886efb:192.168.30.6:41519], old=null
2019-09-25 11:42:33,288 [a7d59ef6-3eca-4628-b097-12d983444e7f@group-47DBAAEC82C8:LeaderElection172] INFO  impl.LeaderElection (LeaderElection.java:askForVotes(182)) - a7d59ef6-3eca-4628-b097-12d983444e7f@group-47DBAAEC82C8:LeaderElection172: begin an election at term 6 for -1: [a7d59ef6-3eca-4628-b097-12d983444e7f:192.168.30.6:43486, 8c24ed06-386e-4085-8931-93c762a64530:192.168.30.6:32862, b7064b77-9271-4e94-8225-85d895886efb:192.168.30.6:41519], old=null
2019-09-25 11:42:33,288 [8c24ed06-386e-4085-8931-93c762a64530@group-B9DEF2EDD277:LeaderElection174] INFO  impl.LeaderElection (LeaderElection.java:askForVotes(182)) - 8c24ed06-386e-4085-8931-93c762a64530@group-B9DEF2EDD277:LeaderElection174: begin an election at term 6 for -1: [19e67e26-3d21-4d01-be9f-29113a4a814c:192.168.30.6:34535, 8c24ed06-386e-4085-8931-93c762a64530:192.168.30.6:32862, b7064b77-9271-4e94-8225-85d895886efb:192.168.30.6:41519], old=null
2019-09-25 11:42:33,288 [b7064b77-9271-4e94-8225-85d895886efb@group-47DBAAEC82C8:LeaderElection189] INFO  impl.LeaderElection (LeaderElection.java:askForVotes(182)) - b7064b77-9271-4e94-8225-85d895886efb@group-47DBAAEC82C8:LeaderElection189: begin an election at term 6 for -1: [a7d59ef6-3eca-4628-b097-12d983444e7f:192.168.30.6:43486, 8c24ed06-386e-4085-8931-93c762a64530:192.168.30.6:32862, b7064b77-9271-4e94-8225-85d895886efb:192.168.30.6:41519], old=null
2019-09-25 11:42:33,288 [a7d59ef6-3eca-4628-b097-12d983444e7f@group-282EF1BFFEE0:LeaderElection178] INFO  impl.LeaderElection (LeaderElection.java:askForVotes(182)) - a7d59ef6-3eca-4628-b097-12d983444e7f@group-282EF1BFFEE0:LeaderElection178: begin an election at term 6 for -1: [d0888866-0bad-4f41-ad37-dccd4a57b958:192.168.30.6:45405, a7d59ef6-3eca-4628-b097-12d983444e7f:192.168.30.6:43486, b7064b77-9271-4e94-8225-85d895886efb:192.168.30.6:41519], old=null
2019-09-25 11:42:33,288 [19e67e26-3d21-4d01-be9f-29113a4a814c@group-B9DEF2EDD277:LeaderElection173] INFO  impl.LeaderElection (LeaderElection.java:askForVotes(182)) - 19e67e26-3d21-4d01-be9f-29113a4a814c@group-B9DEF2EDD277:LeaderElection173: begin an election at term 6 for -1: [19e67e26-3d21-4d01-be9f-29113a4a814c:192.168.30.6:34535, 8c24ed06-386e-4085-8931-93c762a64530:192.168.30.6:32862, b7064b77-9271-4e94-8225-85d895886efb:192.168.30.6:41519], old=null
2019-09-25 11:42:33,288 [e081c0a5-acfc-4a29-8262-ee158adf5b11@group-6E9EB1C0F638:LeaderElection192] INFO  impl.LeaderElection (LeaderElection.java:askForVotes(182)) - e081c0a5-acfc-4a29-8262-ee158adf5b11@group-6E9EB1C0F638:LeaderElection192: begin an election at term 6 for -1: [e081c0a5-acfc-4a29-8262-ee158adf5b11:192.168.30.6:37941, a7d59ef6-3eca-4628-b097-12d983444e7f:192.168.30.6:43486, b7064b77-9271-4e94-8225-85d895886efb:192.168.30.6:41519], old=null
2019-09-25 11:42:33,289 [d0888866-0bad-4f41-ad37-dccd4a57b958@group-CDCB2C8C105A:LeaderElection198] INFO  impl.LeaderElection (LeaderElection.java:askForVotes(182)) - d0888866-0bad-4f41-ad37-dccd4a57b958@group-CDCB2C8C105A:LeaderElection198: begin an election at term 6 for -1: [d0888866-0bad-4f41-ad37-dccd4a57b958:192.168.30.6:45405, 8c24ed06-386e-4085-8931-93c762a64530:192.168.30.6:32862, b7064b77-9271-4e94-8225-85d895886efb:192.168.30.6:41519], old=null
2019-09-25 11:42:33,289 [19e67e26-3d21-4d01-be9f-29113a4a814c@group-BF1BD4D8076C:LeaderElection181] INFO  impl.LeaderElection (LeaderElection.java:askForVotes(182)) - 19e67e26-3d21-4d01-be9f-29113a4a814c@group-BF1BD4D8076C:LeaderElection181: begin an election at term 6 for -1: [e081c0a5-acfc-4a29-8262-ee158adf5b11:192.168.30.6:37941, 19e67e26-3d21-4d01-be9f-29113a4a814c:192.168.30.6:34535, 8c24ed06-386e-4085-8931-93c762a64530:192.168.30.6:32862], old=null
2019-09-25 11:42:33,289 [8c24ed06-386e-4085-8931-93c762a64530@group-ADB1B60517AF:LeaderElection200] INFO  impl.LeaderElection (LeaderElection.java:askForVotes(182)) - 8c24ed06-386e-4085-8931-93c762a64530@group-ADB1B60517AF:LeaderElection200: begin an election at term 6 for -1: [d0888866-0bad-4f41-ad37-dccd4a57b958:192.168.30.6:45405, 19e67e26-3d21-4d01-be9f-29113a4a814c:192.168.30.6:34535, 8c24ed06-386e-4085-8931-93c762a64530:192.168.30.6:32862], old=null
2019-09-25 11:42:33,289 [b7064b77-9271-4e94-8225-85d895886efb@group-CDCB2C8C105A:LeaderElection185] INFO  impl.LeaderElection (LeaderElection.java:askForVotes(182)) - b7064b77-9271-4e94-8225-85d895886efb@group-CDCB2C8C105A:LeaderElection185: begin an election at term 6 for -1: [d0888866-0bad-4f41-ad37-dccd4a57b958:192.168.30.6:45405, 8c24ed06-386e-4085-8931-93c762a64530:192.168.30.6:32862, b7064b77-9271-4e94-8225-85d895886efb:192.168.30.6:41519], old=null
2019-09-25 11:42:33,289 [e081c0a5-acfc-4a29-8262-ee158adf5b11@group-BF1BD4D8076C:LeaderElection199] INFO  impl.LeaderElection (LeaderElection.java:askForVotes(182)) - e081c0a5-acfc-4a29-8262-ee158adf5b11@group-BF1BD4D8076C:LeaderElection199: begin an election at term 6 for -1: [e081c0a5-acfc-4a29-8262-ee158adf5b11:192.168.30.6:37941, 19e67e26-3d21-4d01-be9f-29113a4a814c:192.168.30.6:34535, 8c24ed06-386e-4085-8931-93c762a64530:192.168.30.6:32862], old=null
2019-09-25 11:42:33,289 [d0888866-0bad-4f41-ad37-dccd4a57b958@group-ADB1B60517AF:LeaderElection177] INFO  impl.LeaderElection (LeaderElection.java:askForVotes(182)) - d0888866-0bad-4f41-ad37-dccd4a57b958@group-ADB1B60517AF:LeaderElection177: begin an election at term 6 for -1: [d0888866-0bad-4f41-ad37-dccd4a57b958:192.168.30.6:45405, 19e67e26-3d21-4d01-be9f-29113a4a814c:192.168.30.6:34535, 8c24ed06-386e-4085-8931-93c762a64530:192.168.30.6:32862], old=null
2019-09-25 11:42:33,289 [b7064b77-9271-4e94-8225-85d895886efb@group-6E9EB1C0F638:LeaderElection188] INFO  impl.LeaderElection (LeaderElection.java:askForVotes(182)) - b7064b77-9271-4e94-8225-85d895886efb@group-6E9EB1C0F638:LeaderElection188: begin an election at term 6 for -1: [e081c0a5-acfc-4a29-8262-ee158adf5b11:192.168.30.6:37941, a7d59ef6-3eca-4628-b097-12d983444e7f:192.168.30.6:43486, b7064b77-9271-4e94-8225-85d895886efb:192.168.30.6:41519], old=null
2019-09-25 11:42:33,288 [8c24ed06-386e-4085-8931-93c762a64530@group-47DBAAEC82C8:LeaderElection195] INFO  impl.LeaderElection (LeaderElection.java:askForVotes(182)) - 8c24ed06-386e-4085-8931-93c762a64530@group-47DBAAEC82C8:LeaderElection195: begin an election at term 6 for -1: [a7d59ef6-3eca-4628-b097-12d983444e7f:192.168.30.6:43486, 8c24ed06-386e-4085-8931-93c762a64530:192.168.30.6:32862, b7064b77-9271-4e94-8225-85d895886efb:192.168.30.6:41519], old=null
2019-09-25 11:42:33,288 [e081c0a5-acfc-4a29-8262-ee158adf5b11@group-071025EF7F78:LeaderElection193] INFO  impl.LeaderElection (LeaderElection.java:askForVotes(182)) - e081c0a5-acfc-4a29-8262-ee158adf5b11@group-071025EF7F78:LeaderElection193: begin an election at term 6 for -1: [e081c0a5-acfc-4a29-8262-ee158adf5b11:192.168.30.6:37941, d0888866-0bad-4f41-ad37-dccd4a57b958:192.168.30.6:45405, 19e67e26-3d21-4d01-be9f-29113a4a814c:192.168.30.6:34535], old=null
2019-09-25 11:42:33,288 [e081c0a5-acfc-4a29-8262-ee158adf5b11@group-7CC56FB5D3F9:LeaderElection197] INFO  impl.LeaderElection (LeaderElection.java:askForVotes(182)) - e081c0a5-acfc-4a29-8262-ee158adf5b11@group-7CC56FB5D3F9:LeaderElection197: begin an election at term 6 for -1: [e081c0a5-acfc-4a29-8262-ee158adf5b11:192.168.30.6:37941, 19e67e26-3d21-4d01-be9f-29113a4a814c:192.168.30.6:34535, a7d59ef6-3eca-4628-b097-12d983444e7f:192.168.30.6:43486], old=null
2019-09-25 11:42:33,310 [19e67e26-3d21-4d01-be9f-29113a4a814c@group-071025EF7F78:LeaderElection190] INFO  impl.LeaderElection (LeaderElection.java:logAndReturn(56)) - 19e67e26-3d21-4d01-be9f-29113a4a814c@group-071025EF7F78:LeaderElection190: Election REJECTED; received 2 response(s) [19e67e26-3d21-4d01-be9f-29113a4a814c<-e081c0a5-acfc-4a29-8262-ee158adf5b11#0:FAIL-t6, 19e67e26-3d21-4d01-be9f-29113a4a814c<-d0888866-0bad-4f41-ad37-dccd4a57b958#0:FAIL-t6] and 0 exception(s); 19e67e26-3d21-4d01-be9f-29113a4a814c@group-071025EF7F78:t6, leader=null, voted=19e67e26-3d21-4d01-be9f-29113a4a814c, raftlog=19e67e26-3d21-4d01-be9f-29113a4a814c@group-071025EF7F78-SegmentedRaftLog:OPENED:c-1,f-1,i0, conf=-1: [e081c0a5-acfc-4a29-8262-ee158adf5b11:192.168.30.6:37941, d0888866-0bad-4f41-ad37-dccd4a57b958:192.168.30.6:45405, 19e67e26-3d21-4d01-be9f-29113a4a814c:192.168.30.6:34535], old=null
2019-09-25 11:42:33,311 [19e67e26-3d21-4d01-be9f-29113a4a814c@group-071025EF7F78:LeaderElection190] INFO  impl.RaftServerImpl (RaftServerImpl.java:setRole(174)) - 19e67e26-3d21-4d01-be9f-29113a4a814c@group-071025EF7F78: changes role from CANDIDATE to FOLLOWER at term 6 for DISCOVERED_A_NEW_TERM
2019-09-25 11:42:33,311 [19e67e26-3d21-4d01-be9f-29113a4a814c@group-071025EF7F78:LeaderElection190] INFO  impl.RoleInfo (RoleInfo.java:shutdownLeaderElection(134)) - 19e67e26-3d21-4d01-be9f-29113a4a814c: shutdown LeaderElection
2019-09-25 11:42:33,311 [19e67e26-3d21-4d01-be9f-29113a4a814c@group-071025EF7F78:LeaderElection190] INFO  impl.RoleInfo (RoleInfo.java:updateAndGet(143)) - 19e67e26-3d21-4d01-be9f-29113a4a814c: start FollowerState
2019-09-25 11:42:33,311 [b7064b77-9271-4e94-8225-85d895886efb@group-F2E0294EDFC2:LeaderElection175] INFO  impl.LeaderElection (LeaderElection.java:logAndReturn(56)) - b7064b77-9271-4e94-8225-85d895886efb@group-F2E0294EDFC2:LeaderElection175: Election REJECTED; received 2 response(s) [b7064b77-9271-4e94-8225-85d895886efb<-d0888866-0bad-4f41-ad37-dccd4a57b958#0:FAIL-t6, b7064b77-9271-4e94-8225-85d895886efb<-a7d59ef6-3eca-4628-b097-12d983444e7f#0:FAIL-t6] and 0 exception(s); b7064b77-9271-4e94-8225-85d895886efb@group-F2E0294EDFC2:t6, leader=null, voted=b7064b77-9271-4e94-8225-85d895886efb, raftlog=b7064b77-9271-4e94-8225-85d895886efb@group-F2E0294EDFC2-SegmentedRaftLog:OPENED:c-1,f-1,i0, conf=-1: [d0888866-0bad-4f41-ad37-dccd4a57b958:192.168.30.6:45405, a7d59ef6-3eca-4628-b097-12d983444e7f:192.168.30.6:43486, b7064b77-9271-4e94-8225-85d895886efb:192.168.30.6:41519], old=null
2019-09-25 11:42:33,312 [b7064b77-9271-4e94-8225-85d895886efb@group-F2E0294EDFC2:LeaderElection175] INFO  impl.RaftServerImpl (RaftServerImpl.java:setRole(174)) - b7064b77-9271-4e94-8225-85d895886efb@group-F2E0294EDFC2: changes role from CANDIDATE to FOLLOWER at term 6 for DISCOVERED_A_NEW_TERM
2019-09-25 11:42:33,312 [b7064b77-9271-4e94-8225-85d895886efb@group-F2E0294EDFC2:LeaderElection175] INFO  impl.RoleInfo (RoleInfo.java:shutdownLeaderElection(134)) - b7064b77-9271-4e94-8225-85d895886efb: shutdown LeaderElection
2019-09-25 11:42:33,312 [b7064b77-9271-4e94-8225-85d895886efb@group-F2E0294EDFC2:LeaderElection175] INFO  impl.RoleInfo (RoleInfo.java:updateAndGet(143)) - b7064b77-9271-4e94-8225-85d895886efb: start FollowerState
2019-09-25 11:42:33,315 [a7d59ef6-3eca-4628-b097-12d983444e7f@group-F2E0294EDFC2:LeaderElection196] INFO  impl.LeaderElection (LeaderElection.java:logAndReturn(56)) - a7d59ef6-3eca-4628-b097-12d983444e7f@group-F2E0294EDFC2:LeaderElection196: Election REJECTED; received 2 response(s) [a7d59ef6-3eca-4628-b097-12d983444e7f<-d0888866-0bad-4f41-ad37-dccd4a57b958#0:FAIL-t6, a7d59ef6-3eca-4628-b097-12d983444e7f<-b7064b77-9271-4e94-8225-85d895886efb#0:FAIL-t6] and 0 exception(s); a7d59ef6-3eca-4628-b097-12d983444e7f@group-F2E0294EDFC2:t6, leader=null, voted=a7d59ef6-3eca-4628-b097-12d983444e7f, raftlog=a7d59ef6-3eca-4628-b097-12d983444e7f@group-F2E0294EDFC2-SegmentedRaftLog:OPENED:c-1,f-1,i0, conf=-1: [d0888866-0bad-4f41-ad37-dccd4a57b958:192.168.30.6:45405, a7d59ef6-3eca-4628-b097-12d983444e7f:192.168.30.6:43486, b7064b77-9271-4e94-8225-85d895886efb:192.168.30.6:41519], old=null
2019-09-25 11:42:33,316 [a7d59ef6-3eca-4628-b097-12d983444e7f@group-F2E0294EDFC2:LeaderElection196] INFO  impl.RaftServerImpl (RaftServerImpl.java:setRole(174)) - a7d59ef6-3eca-4628-b097-12d983444e7f@group-F2E0294EDFC2: changes role from CANDIDATE to FOLLOWER at term 6 for DISCOVERED_A_NEW_TERM
2019-09-25 11:42:33,316 [a7d59ef6-3eca-4628-b097-12d983444e7f@group-F2E0294EDFC2:LeaderElection196] INFO  impl.RoleInfo (RoleInfo.java:shutdownLeaderElection(134)) - a7d59ef6-3eca-4628-b097-12d983444e7f: shutdown LeaderElection
2019-09-25 11:42:33,316 [a7d59ef6-3eca-4628-b097-12d983444e7f@group-F2E0294EDFC2:LeaderElection196] INFO  impl.RoleInfo (RoleInfo.java:updateAndGet(143)) - a7d59ef6-3eca-4628-b097-12d983444e7f: start FollowerState
2019-09-25 11:42:33,320 [a7d59ef6-3eca-4628-b097-12d983444e7f@group-282EF1BFFEE0:LeaderElection178] INFO  impl.LeaderElection (LeaderElection.java:logAndReturn(56)) - a7d59ef6-3eca-4628-b097-12d983444e7f@group-282EF1BFFEE0:LeaderElection178: Election REJECTED; received 2 response(s) [a7d59ef6-3eca-4628-b097-12d983444e7f<-d0888866-0bad-4f41-ad37-dccd4a57b958#0:FAIL-t6, a7d59ef6-3eca-4628-b097-12d983444e7f<-b7064b77-9271-4e94-8225-85d895886efb#0:FAIL-t6] and 0 exception(s); a7d59ef6-3eca-4628-b097-12d983444e7f@group-282EF1BFFEE0:t6, leader=null, voted=a7d59ef6-3eca-4628-b097-12d983444e7f, raftlog=a7d59ef6-3eca-4628-b097-12d983444e7f@group-282EF1BFFEE0-SegmentedRaftLog:OPENED:c-1,f-1,i0, conf=-1: [d0888866-0bad-4f41-ad37-dccd4a57b958:192.168.30.6:45405, a7d59ef6-3eca-4628-b097-12d983444e7f:192.168.30.6:43486, b7064b77-9271-4e94-8225-85d895886efb:192.168.30.6:41519], old=null
2019-09-25 11:42:33,321 [a7d59ef6-3eca-4628-b097-12d983444e7f@group-282EF1BFFEE0:LeaderElection178] INFO  impl.RaftServerImpl (RaftServerImpl.java:setRole(174)) - a7d59ef6-3eca-4628-b097-12d983444e7f@group-282EF1BFFEE0: changes role from CANDIDATE to FOLLOWER at term 6 for DISCOVERED_A_NEW_TERM
2019-09-25 11:42:33,321 [a7d59ef6-3eca-4628-b097-12d983444e7f@group-282EF1BFFEE0:LeaderElection178] INFO  impl.RoleInfo (RoleInfo.java:shutdownLeaderElection(134)) - a7d59ef6-3eca-4628-b097-12d983444e7f: shutdown LeaderElection
2019-09-25 11:42:33,321 [a7d59ef6-3eca-4628-b097-12d983444e7f@group-282EF1BFFEE0:LeaderElection178] INFO  impl.RoleInfo (RoleInfo.java:updateAndGet(143)) - a7d59ef6-3eca-4628-b097-12d983444e7f: start FollowerState
2019-09-25 11:42:33,322 [19e67e26-3d21-4d01-be9f-29113a4a814c@group-ADB1B60517AF:LeaderElection201] INFO  impl.LeaderElection (LeaderElection.java:logAndReturn(56)) - 19e67e26-3d21-4d01-be9f-29113a4a814c@group-ADB1B60517AF:LeaderElection201: Election REJECTED; received 2 response(s) [19e67e26-3d21-4d01-be9f-29113a4a814c<-d0888866-0bad-4f41-ad37-dccd4a57b958#0:FAIL-t6, 19e67e26-3d21-4d01-be9f-29113a4a814c<-8c24ed06-386e-4085-8931-93c762a64530#0:FAIL-t6] and 0 exception(s); 19e67e26-3d21-4d01-be9f-29113a4a814c@group-ADB1B60517AF:t6, leader=null, voted=19e67e26-3d21-4d01-be9f-29113a4a814c, raftlog=19e67e26-3d21-4d01-be9f-29113a4a814c@group-ADB1B60517AF-SegmentedRaftLog:OPENED:c-1,f-1,i0, conf=-1: [d0888866-0bad-4f41-ad37-dccd4a57b958:192.168.30.6:45405, 19e67e26-3d21-4d01-be9f-29113a4a814c:192.168.30.6:34535, 8c24ed06-386e-4085-8931-93c762a64530:192.168.30.6:32862], old=null
2019-09-25 11:42:33,322 [19e67e26-3d21-4d01-be9f-29113a4a814c@group-ADB1B60517AF:LeaderElection201] INFO  impl.RaftServerImpl (RaftServerImpl.java:setRole(174)) - 19e67e26-3d21-4d01-be9f-29113a4a814c@group-ADB1B60517AF: changes role from CANDIDATE to FOLLOWER at term 6 for DISCOVERED_A_NEW_TERM
2019-09-25 11:42:33,322 [19e67e26-3d21-4d01-be9f-29113a4a814c@group-ADB1B60517AF:LeaderElection201] INFO  impl.RoleInfo (RoleInfo.java:shutdownLeaderElection(134)) - 19e67e26-3d21-4d01-be9f-29113a4a814c: shutdown LeaderElection
2019-09-25 11:42:33,322 [19e67e26-3d21-4d01-be9f-29113a4a814c@group-ADB1B60517AF:LeaderElection201] INFO  impl.RoleInfo (RoleInfo.java:updateAndGet(143)) - 19e67e26-3d21-4d01-be9f-29113a4a814c: start FollowerState
2019-09-25 11:42:33,322 [19e67e26-3d21-4d01-be9f-29113a4a814c@group-B9DEF2EDD277:LeaderElection173] INFO  impl.LeaderElection (LeaderElection.java:logAndReturn(56)) - 19e67e26-3d21-4d01-be9f-29113a4a814c@group-B9DEF2EDD277:LeaderElection173: Election REJECTED; received 2 response(s) [19e67e26-3d21-4d01-be9f-29113a4a814c<-8c24ed06-386e-4085-8931-93c762a64530#0:FAIL-t6, 19e67e26-3d21-4d01-be9f-29113a4a814c<-b7064b77-9271-4e94-8225-85d895886efb#0:FAIL-t6] and 0 exception(s); 19e67e26-3d21-4d01-be9f-29113a4a814c@group-B9DEF2EDD277:t6, leader=null, voted=19e67e26-3d21-4d01-be9f-29113a4a814c, raftlog=19e67e26-3d21-4d01-be9f-29113a4a814c@group-B9DEF2EDD277-SegmentedRaftLog:OPENED:c-1,f-1,i0, conf=-1: [19e67e26-3d21-4d01-be9f-29113a4a814c:192.168.30.6:34535, 8c24ed06-386e-4085-8931-93c762a64530:192.168.30.6:32862, b7064b77-9271-4e94-8225-85d895886efb:192.168.30.6:41519], old=null
2019-09-25 11:42:33,322 [d0888866-0bad-4f41-ad37-dccd4a57b958@group-ADB1B60517AF:LeaderElection177] INFO  impl.LeaderElection (LeaderElection.java:logAndReturn(56)) - d0888866-0bad-4f41-ad37-dccd4a57b958@group-ADB1B60517AF:LeaderElection177: Election REJECTED; received 2 response(s) [d0888866-0bad-4f41-ad37-dccd4a57b958<-19e67e26-3d21-4d01-be9f-29113a4a814c#0:FAIL-t6, d0888866-0bad-4f41-ad37-dccd4a57b958<-8c24ed06-386e-4085-8931-93c762a64530#0:FAIL-t6] and 0 exception(s); d0888866-0bad-4f41-ad37-dccd4a57b958@group-ADB1B60517AF:t6, leader=null, voted=d0888866-0bad-4f41-ad37-dccd4a57b958, raftlog=d0888866-0bad-4f41-ad37-dccd4a57b958@group-ADB1B60517AF-SegmentedRaftLog:OPENED:c-1,f-1,i0, conf=-1: [d0888866-0bad-4f41-ad37-dccd4a57b958:192.168.30.6:45405, 19e67e26-3d21-4d01-be9f-29113a4a814c:192.168.30.6:34535, 8c24ed06-386e-4085-8931-93c762a64530:192.168.30.6:32862], old=null
2019-09-25 11:42:33,323 [19e67e26-3d21-4d01-be9f-29113a4a814c@group-B9DEF2EDD277:LeaderElection173] INFO  impl.RaftServerImpl (RaftServerImpl.java:setRole(174)) - 19e67e26-3d21-4d01-be9f-29113a4a814c@group-B9DEF2EDD277: changes role from CANDIDATE to FOLLOWER at term 6 for DISCOVERED_A_NEW_TERM
2019-09-25 11:42:33,323 [d0888866-0bad-4f41-ad37-dccd4a57b958@group-ADB1B60517AF:LeaderElection177] INFO  impl.RaftServerImpl (RaftServerImpl.java:setRole(174)) - d0888866-0bad-4f41-ad37-dccd4a57b958@group-ADB1B60517AF: changes role from CANDIDATE to FOLLOWER at term 6 for DISCOVERED_A_NEW_TERM
2019-09-25 11:42:33,323 [d0888866-0bad-4f41-ad37-dccd4a57b958@group-CDCB2C8C105A:LeaderElection198] INFO  impl.LeaderElection (LeaderElection.java:logAndReturn(56)) - d0888866-0bad-4f41-ad37-dccd4a57b958@group-CDCB2C8C105A:LeaderElection198: Election REJECTED; received 2 response(s) [d0888866-0bad-4f41-ad37-dccd4a57b958<-8c24ed06-386e-4085-8931-93c762a64530#0:FAIL-t6, d0888866-0bad-4f41-ad37-dccd4a57b958<-b7064b77-9271-4e94-8225-85d895886efb#0:FAIL-t6] and 0 exception(s); d0888866-0bad-4f41-ad37-dccd4a57b958@group-CDCB2C8C105A:t6, leader=null, voted=d0888866-0bad-4f41-ad37-dccd4a57b958, raftlog=d0888866-0bad-4f41-ad37-dccd4a57b958@group-CDCB2C8C105A-SegmentedRaftLog:OPENED:c-1,f-1,i0, conf=-1: [d0888866-0bad-4f41-ad37-dccd4a57b958:192.168.30.6:45405, 8c24ed06-386e-4085-8931-93c762a64530:192.168.30.6:32862, b7064b77-9271-4e94-8225-85d895886efb:192.168.30.6:41519], old=null
2019-09-25 11:42:33,323 [19e67e26-3d21-4d01-be9f-29113a4a814c@group-B9DEF2EDD277:LeaderElection173] INFO  impl.RoleInfo (RoleInfo.java:shutdownLeaderElection(134)) - 19e67e26-3d21-4d01-be9f-29113a4a814c: shutdown LeaderElection
2019-09-25 11:42:33,324 [d0888866-0bad-4f41-ad37-dccd4a57b958@group-CDCB2C8C105A:LeaderElection198] INFO  impl.RaftServerImpl (RaftServerImpl.java:setRole(174)) - d0888866-0bad-4f41-ad37-dccd4a57b958@group-CDCB2C8C105A: changes role from CANDIDATE to FOLLOWER at term 6 for DISCOVERED_A_NEW_TERM
2019-09-25 11:42:33,324 [b7064b77-9271-4e94-8225-85d895886efb@group-CDCB2C8C105A:LeaderElection185] INFO  impl.LeaderElection (LeaderElection.java:logAndReturn(56)) - b7064b77-9271-4e94-8225-85d895886efb@group-CDCB2C8C105A:LeaderElection185: Election REJECTED; received 2 response(s) [b7064b77-9271-4e94-8225-85d895886efb<-d0888866-0bad-4f41-ad37-dccd4a57b958#0:FAIL-t6, b7064b77-9271-4e94-8225-85d895886efb<-8c24ed06-386e-4085-8931-93c762a64530#0:FAIL-t6] and 0 exception(s); b7064b77-9271-4e94-8225-85d895886efb@group-CDCB2C8C105A:t6, leader=null, voted=b7064b77-9271-4e94-8225-85d895886efb, raftlog=b7064b77-9271-4e94-8225-85d895886efb@group-CDCB2C8C105A-SegmentedRaftLog:OPENED:c-1,f-1,i0, conf=-1: [d0888866-0bad-4f41-ad37-dccd4a57b958:192.168.30.6:45405, 8c24ed06-386e-4085-8931-93c762a64530:192.168.30.6:32862, b7064b77-9271-4e94-8225-85d895886efb:192.168.30.6:41519], old=null
2019-09-25 11:42:33,323 [d0888866-0bad-4f41-ad37-dccd4a57b958@group-ADB1B60517AF:LeaderElection177] INFO  impl.RoleInfo (RoleInfo.java:shutdownLeaderElection(134)) - d0888866-0bad-4f41-ad37-dccd4a57b958: shutdown LeaderElection
2019-09-25 11:42:33,324 [b7064b77-9271-4e94-8225-85d895886efb@group-CDCB2C8C105A:LeaderElection185] INFO  impl.RaftServerImpl (RaftServerImpl.java:setRole(174)) - b7064b77-9271-4e94-8225-85d895886efb@group-CDCB2C8C105A: changes role from CANDIDATE to FOLLOWER at term 6 for DISCOVERED_A_NEW_TERM
2019-09-25 11:42:33,324 [e081c0a5-acfc-4a29-8262-ee158adf5b11@group-7CC56FB5D3F9:LeaderElection197] INFO  impl.LeaderElection (LeaderElection.java:logAndReturn(56)) - e081c0a5-acfc-4a29-8262-ee158adf5b11@group-7CC56FB5D3F9:LeaderElection197: Election REJECTED; received 2 response(s) [e081c0a5-acfc-4a29-8262-ee158adf5b11<-19e67e26-3d21-4d01-be9f-29113a4a814c#0:FAIL-t6, e081c0a5-acfc-4a29-8262-ee158adf5b11<-a7d59ef6-3eca-4628-b097-12d983444e7f#0:FAIL-t6] and 0 exception(s); e081c0a5-acfc-4a29-8262-ee158adf5b11@group-7CC56FB5D3F9:t6, leader=null, voted=e081c0a5-acfc-4a29-8262-ee158adf5b11, raftlog=e081c0a5-acfc-4a29-8262-ee158adf5b11@group-7CC56FB5D3F9-SegmentedRaftLog:OPENED:c-1,f-1,i0, conf=-1: [e081c0a5-acfc-4a29-8262-ee158adf5b11:192.168.30.6:37941, 19e67e26-3d21-4d01-be9f-29113a4a814c:192.168.30.6:34535, a7d59ef6-3eca-4628-b097-12d983444e7f:192.168.30.6:43486], old=null
2019-09-25 11:42:33,324 [d0888866-0bad-4f41-ad37-dccd4a57b958@group-CDCB2C8C105A:LeaderElection198] INFO  impl.RoleInfo (RoleInfo.java:shutdownLeaderElection(134)) - d0888866-0bad-4f41-ad37-dccd4a57b958: shutdown LeaderElection
2019-09-25 11:42:33,324 [19e67e26-3d21-4d01-be9f-29113a4a814c@group-B9DEF2EDD277:LeaderElection173] INFO  impl.RoleInfo (RoleInfo.java:updateAndGet(143)) - 19e67e26-3d21-4d01-be9f-29113a4a814c: start FollowerState
2019-09-25 11:42:33,325 [d0888866-0bad-4f41-ad37-dccd4a57b958@group-CDCB2C8C105A:LeaderElection198] INFO  impl.RoleInfo (RoleInfo.java:updateAndGet(143)) - d0888866-0bad-4f41-ad37-dccd4a57b958: start FollowerState
2019-09-25 11:42:33,325 [e081c0a5-acfc-4a29-8262-ee158adf5b11@group-7CC56FB5D3F9:LeaderElection197] INFO  impl.RaftServerImpl (RaftServerImpl.java:setRole(174)) - e081c0a5-acfc-4a29-8262-ee158adf5b11@group-7CC56FB5D3F9: changes role from CANDIDATE to FOLLOWER at term 6 for DISCOVERED_A_NEW_TERM
2019-09-25 11:42:33,325 [e081c0a5-acfc-4a29-8262-ee158adf5b11@group-071025EF7F78:LeaderElection193] INFO  impl.LeaderElection (LeaderElection.java:logAndReturn(56)) - e081c0a5-acfc-4a29-8262-ee158adf5b11@group-071025EF7F78:LeaderElection193: Election REJECTED; received 2 response(s) [e081c0a5-acfc-4a29-8262-ee158adf5b11<-d0888866-0bad-4f41-ad37-dccd4a57b958#0:FAIL-t6, e081c0a5-acfc-4a29-8262-ee158adf5b11<-19e67e26-3d21-4d01-be9f-29113a4a814c#0:FAIL-t6] and 0 exception(s); e081c0a5-acfc-4a29-8262-ee158adf5b11@group-071025EF7F78:t6, leader=null, voted=e081c0a5-acfc-4a29-8262-ee158adf5b11, raftlog=e081c0a5-acfc-4a29-8262-ee158adf5b11@group-071025EF7F78-SegmentedRaftLog:OPENED:c-1,f-1,i0, conf=-1: [e081c0a5-acfc-4a29-8262-ee158adf5b11:192.168.30.6:37941, d0888866-0bad-4f41-ad37-dccd4a57b958:192.168.30.6:45405, 19e67e26-3d21-4d01-be9f-29113a4a814c:192.168.30.6:34535], old=null
2019-09-25 11:42:33,325 [b7064b77-9271-4e94-8225-85d895886efb@group-CDCB2C8C105A:LeaderElection185] INFO  impl.RoleInfo (RoleInfo.java:shutdownLeaderElection(134)) - b7064b77-9271-4e94-8225-85d895886efb: shutdown LeaderElection
2019-09-25 11:42:33,324 [8c24ed06-386e-4085-8931-93c762a64530@group-47DBAAEC82C8:LeaderElection195] INFO  impl.LeaderElection (LeaderElection.java:logAndReturn(56)) - 8c24ed06-386e-4085-8931-93c762a64530@group-47DBAAEC82C8:LeaderElection195: Election REJECTED; received 2 response(s) [8c24ed06-386e-4085-8931-93c762a64530<-a7d59ef6-3eca-4628-b097-12d983444e7f#0:FAIL-t6, 8c24ed06-386e-4085-8931-93c762a64530<-b7064b77-9271-4e94-8225-85d895886efb#0:FAIL-t6] and 0 exception(s); 8c24ed06-386e-4085-8931-93c762a64530@group-47DBAAEC82C8:t6, leader=null, voted=8c24ed06-386e-4085-8931-93c762a64530, raftlog=8c24ed06-386e-4085-8931-93c762a64530@group-47DBAAEC82C8-SegmentedRaftLog:OPENED:c-1,f-1,i0, conf=-1: [a7d59ef6-3eca-4628-b097-12d983444e7f:192.168.30.6:43486, 8c24ed06-386e-4085-8931-93c762a64530:192.168.30.6:32862, b7064b77-9271-4e94-8225-85d895886efb:192.168.30.6:41519], old=null
2019-09-25 11:42:33,324 [d0888866-0bad-4f41-ad37-dccd4a57b958@group-ADB1B60517AF:LeaderElection177] INFO  impl.RoleInfo (RoleInfo.java:updateAndGet(143)) - d0888866-0bad-4f41-ad37-dccd4a57b958: start FollowerState
2019-09-25 11:42:33,326 [8c24ed06-386e-4085-8931-93c762a64530@group-47DBAAEC82C8:LeaderElection195] INFO  impl.RaftServerImpl (RaftServerImpl.java:setRole(174)) - 8c24ed06-386e-4085-8931-93c762a64530@group-47DBAAEC82C8: changes role from CANDIDATE to FOLLOWER at term 6 for DISCOVERED_A_NEW_TERM
2019-09-25 11:42:33,326 [e081c0a5-acfc-4a29-8262-ee158adf5b11@group-6E9EB1C0F638:LeaderElection192] INFO  impl.LeaderElection (LeaderElection.java:logAndReturn(56)) - e081c0a5-acfc-4a29-8262-ee158adf5b11@group-6E9EB1C0F638:LeaderElection192: Election REJECTED; received 2 response(s) [e081c0a5-acfc-4a29-8262-ee158adf5b11<-a7d59ef6-3eca-4628-b097-12d983444e7f#0:FAIL-t6, e081c0a5-acfc-4a29-8262-ee158adf5b11<-b7064b77-9271-4e94-8225-85d895886efb#0:FAIL-t6] and 0 exception(s); e081c0a5-acfc-4a29-8262-ee158adf5b11@group-6E9EB1C0F638:t6, leader=null, voted=e081c0a5-acfc-4a29-8262-ee158adf5b11, raftlog=e081c0a5-acfc-4a29-8262-ee158adf5b11@group-6E9EB1C0F638-SegmentedRaftLog:OPENED:c-1,f-1,i0, conf=-1: [e081c0a5-acfc-4a29-8262-ee158adf5b11:192.168.30.6:37941, a7d59ef6-3eca-4628-b097-12d983444e7f:192.168.30.6:43486, b7064b77-9271-4e94-8225-85d895886efb:192.168.30.6:41519], old=null
2019-09-25 11:42:33,326 [b7064b77-9271-4e94-8225-85d895886efb@group-CDCB2C8C105A:LeaderElection185] INFO  impl.RoleInfo (RoleInfo.java:updateAndGet(143)) - b7064b77-9271-4e94-8225-85d895886efb: start FollowerState
2019-09-25 11:42:33,326 [e081c0a5-acfc-4a29-8262-ee158adf5b11@group-071025EF7F78:LeaderElection193] INFO  impl.RaftServerImpl (RaftServerImpl.java:setRole(174)) - e081c0a5-acfc-4a29-8262-ee158adf5b11@group-071025EF7F78: changes role from CANDIDATE to FOLLOWER at term 6 for DISCOVERED_A_NEW_TERM
2019-09-25 11:42:33,326 [e081c0a5-acfc-4a29-8262-ee158adf5b11@group-7CC56FB5D3F9:LeaderElection197] INFO  impl.RoleInfo (RoleInfo.java:shutdownLeaderElection(134)) - e081c0a5-acfc-4a29-8262-ee158adf5b11: shutdown LeaderElection
2019-09-25 11:42:33,327 [e081c0a5-acfc-4a29-8262-ee158adf5b11@group-071025EF7F78:LeaderElection193] INFO  impl.RoleInfo (RoleInfo.java:shutdownLeaderElection(134)) - e081c0a5-acfc-4a29-8262-ee158adf5b11: shutdown LeaderElection
2019-09-25 11:42:33,327 [e081c0a5-acfc-4a29-8262-ee158adf5b11@group-6E9EB1C0F638:LeaderElection192] INFO  impl.RaftServerImpl (RaftServerImpl.java:setRole(174)) - e081c0a5-acfc-4a29-8262-ee158adf5b11@group-6E9EB1C0F638: changes role from CANDIDATE to FOLLOWER at term 6 for DISCOVERED_A_NEW_TERM
2019-09-25 11:42:33,327 [8c24ed06-386e-4085-8931-93c762a64530@group-47DBAAEC82C8:LeaderElection195] INFO  impl.RoleInfo (RoleInfo.java:shutdownLeaderElection(134)) - 8c24ed06-386e-4085-8931-93c762a64530: shutdown LeaderElection
2019-09-25 11:42:33,328 [e081c0a5-acfc-4a29-8262-ee158adf5b11@group-6E9EB1C0F638:LeaderElection192] INFO  impl.RoleInfo (RoleInfo.java:shutdownLeaderElection(134)) - e081c0a5-acfc-4a29-8262-ee158adf5b11: shutdown LeaderElection
2019-09-25 11:42:33,327 [e081c0a5-acfc-4a29-8262-ee158adf5b11@group-071025EF7F78:LeaderElection193] INFO  impl.RoleInfo (RoleInfo.java:updateAndGet(143)) - e081c0a5-acfc-4a29-8262-ee158adf5b11: start FollowerState
2019-09-25 11:42:33,327 [e081c0a5-acfc-4a29-8262-ee158adf5b11@group-7CC56FB5D3F9:LeaderElection197] INFO  impl.RoleInfo (RoleInfo.java:updateAndGet(143)) - e081c0a5-acfc-4a29-8262-ee158adf5b11: start FollowerState
2019-09-25 11:42:33,328 [e081c0a5-acfc-4a29-8262-ee158adf5b11@group-6E9EB1C0F638:LeaderElection192] INFO  impl.RoleInfo (RoleInfo.java:updateAndGet(143)) - e081c0a5-acfc-4a29-8262-ee158adf5b11: start FollowerState
2019-09-25 11:42:33,328 [8c24ed06-386e-4085-8931-93c762a64530@group-47DBAAEC82C8:LeaderElection195] INFO  impl.RoleInfo (RoleInfo.java:updateAndGet(143)) - 8c24ed06-386e-4085-8931-93c762a64530: start FollowerState
2019-09-25 11:42:33,330 [b7064b77-9271-4e94-8225-85d895886efb@group-47DBAAEC82C8:LeaderElection189] INFO  impl.LeaderElection (LeaderElection.java:logAndReturn(56)) - b7064b77-9271-4e94-8225-85d895886efb@group-47DBAAEC82C8:LeaderElection189: Election REJECTED; received 2 response(s) [b7064b77-9271-4e94-8225-85d895886efb<-a7d59ef6-3eca-4628-b097-12d983444e7f#0:FAIL-t6, b7064b77-9271-4e94-8225-85d895886efb<-8c24ed06-386e-4085-8931-93c762a64530#0:FAIL-t6] and 0 exception(s); b7064b77-9271-4e94-8225-85d895886efb@group-47DBAAEC82C8:t6, leader=null, voted=b7064b77-9271-4e94-8225-85d895886efb, raftlog=b7064b77-9271-4e94-8225-85d895886efb@group-47DBAAEC82C8-SegmentedRaftLog:OPENED:c-1,f-1,i0, conf=-1: [a7d59ef6-3eca-4628-b097-12d983444e7f:192.168.30.6:43486, 8c24ed06-386e-4085-8931-93c762a64530:192.168.30.6:32862, b7064b77-9271-4e94-8225-85d895886efb:192.168.30.6:41519], old=null
2019-09-25 11:42:33,330 [b7064b77-9271-4e94-8225-85d895886efb@group-47DBAAEC82C8:LeaderElection189] INFO  impl.RaftServerImpl (RaftServerImpl.java:setRole(174)) - b7064b77-9271-4e94-8225-85d895886efb@group-47DBAAEC82C8: changes role from CANDIDATE to FOLLOWER at term 6 for DISCOVERED_A_NEW_TERM
2019-09-25 11:42:33,330 [b7064b77-9271-4e94-8225-85d895886efb@group-47DBAAEC82C8:LeaderElection189] INFO  impl.RoleInfo (RoleInfo.java:shutdownLeaderElection(134)) - b7064b77-9271-4e94-8225-85d895886efb: shutdown LeaderElection
2019-09-25 11:42:33,331 [d0888866-0bad-4f41-ad37-dccd4a57b958@group-F2E0294EDFC2:LeaderElection191] INFO  impl.LeaderElection (LeaderElection.java:logAndReturn(56)) - d0888866-0bad-4f41-ad37-dccd4a57b958@group-F2E0294EDFC2:LeaderElection191: Election REJECTED; received 2 response(s) [d0888866-0bad-4f41-ad37-dccd4a57b958<-a7d59ef6-3eca-4628-b097-12d983444e7f#0:FAIL-t6, d0888866-0bad-4f41-ad37-dccd4a57b958<-b7064b77-9271-4e94-8225-85d895886efb#0:FAIL-t6] and 0 exception(s); d0888866-0bad-4f41-ad37-dccd4a57b958@group-F2E0294EDFC2:t6, leader=null, voted=d0888866-0bad-4f41-ad37-dccd4a57b958, raftlog=d0888866-0bad-4f41-ad37-dccd4a57b958@group-F2E0294EDFC2-SegmentedRaftLog:OPENED:c-1,f-1,i0, conf=-1: [d0888866-0bad-4f41-ad37-dccd4a57b958:192.168.30.6:45405, a7d59ef6-3eca-4628-b097-12d983444e7f:192.168.30.6:43486, b7064b77-9271-4e94-8225-85d895886efb:192.168.30.6:41519], old=null
2019-09-25 11:42:33,331 [b7064b77-9271-4e94-8225-85d895886efb@group-47DBAAEC82C8:LeaderElection189] INFO  impl.RoleInfo (RoleInfo.java:updateAndGet(143)) - b7064b77-9271-4e94-8225-85d895886efb: start FollowerState
2019-09-25 11:42:33,331 [d0888866-0bad-4f41-ad37-dccd4a57b958@group-F2E0294EDFC2:LeaderElection191] INFO  impl.RaftServerImpl (RaftServerImpl.java:setRole(174)) - d0888866-0bad-4f41-ad37-dccd4a57b958@group-F2E0294EDFC2: changes role from CANDIDATE to FOLLOWER at term 6 for DISCOVERED_A_NEW_TERM
2019-09-25 11:42:33,331 [d0888866-0bad-4f41-ad37-dccd4a57b958@group-F2E0294EDFC2:LeaderElection191] INFO  impl.RoleInfo (RoleInfo.java:shutdownLeaderElection(134)) - d0888866-0bad-4f41-ad37-dccd4a57b958: shutdown LeaderElection
2019-09-25 11:42:33,332 [a7d59ef6-3eca-4628-b097-12d983444e7f@group-47DBAAEC82C8:LeaderElection172] INFO  impl.LeaderElection (LeaderElection.java:logAndReturn(56)) - a7d59ef6-3eca-4628-b097-12d983444e7f@group-47DBAAEC82C8:LeaderElection172: Election REJECTED; received 2 response(s) [a7d59ef6-3eca-4628-b097-12d983444e7f<-8c24ed06-386e-4085-8931-93c762a64530#0:FAIL-t6, a7d59ef6-3eca-4628-b097-12d983444e7f<-b7064b77-9271-4e94-8225-85d895886efb#0:FAIL-t6] and 0 exception(s); a7d59ef6-3eca-4628-b097-12d983444e7f@group-47DBAAEC82C8:t6, leader=null, voted=a7d59ef6-3eca-4628-b097-12d983444e7f, raftlog=a7d59ef6-3eca-4628-b097-12d983444e7f@group-47DBAAEC82C8-SegmentedRaftLog:OPENED:c-1,f-1,i0, conf=-1: [a7d59ef6-3eca-4628-b097-12d983444e7f:192.168.30.6:43486, 8c24ed06-386e-4085-8931-93c762a64530:192.168.30.6:32862, b7064b77-9271-4e94-8225-85d895886efb:192.168.30.6:41519], old=null
2019-09-25 11:42:33,332 [d0888866-0bad-4f41-ad37-dccd4a57b958@group-F2E0294EDFC2:LeaderElection191] INFO  impl.RoleInfo (RoleInfo.java:updateAndGet(143)) - d0888866-0bad-4f41-ad37-dccd4a57b958: start FollowerState
2019-09-25 11:42:33,332 [d0888866-0bad-4f41-ad37-dccd4a57b958@group-DBE87B3B08CE:LeaderElection184] INFO  impl.LeaderElection (LeaderElection.java:logAndReturn(56)) - d0888866-0bad-4f41-ad37-dccd4a57b958@group-DBE87B3B08CE:LeaderElection184: Election REJECTED; received 2 response(s) [d0888866-0bad-4f41-ad37-dccd4a57b958<-a7d59ef6-3eca-4628-b097-12d983444e7f#0:FAIL-t6, d0888866-0bad-4f41-ad37-dccd4a57b958<-8c24ed06-386e-4085-8931-93c762a64530#0:FAIL-t6] and 0 exception(s); d0888866-0bad-4f41-ad37-dccd4a57b958@group-DBE87B3B08CE:t6, leader=null, voted=d0888866-0bad-4f41-ad37-dccd4a57b958, raftlog=d0888866-0bad-4f41-ad37-dccd4a57b958@group-DBE87B3B08CE-SegmentedRaftLog:OPENED:c-1,f-1,i0, conf=-1: [d0888866-0bad-4f41-ad37-dccd4a57b958:192.168.30.6:45405, a7d59ef6-3eca-4628-b097-12d983444e7f:192.168.30.6:43486, 8c24ed06-386e-4085-8931-93c762a64530:192.168.30.6:32862], old=null
2019-09-25 11:42:33,332 [a7d59ef6-3eca-4628-b097-12d983444e7f@group-47DBAAEC82C8:LeaderElection172] INFO  impl.RaftServerImpl (RaftServerImpl.java:setRole(174)) - a7d59ef6-3eca-4628-b097-12d983444e7f@group-47DBAAEC82C8: changes role from CANDIDATE to FOLLOWER at term 6 for DISCOVERED_A_NEW_TERM
2019-09-25 11:42:33,333 [8c24ed06-386e-4085-8931-93c762a64530@group-B9DEF2EDD277:LeaderElection174] INFO  impl.LeaderElection (LeaderElection.java:logAndReturn(56)) - 8c24ed06-386e-4085-8931-93c762a64530@group-B9DEF2EDD277:LeaderElection174: Election REJECTED; received 2 response(s) [8c24ed06-386e-4085-8931-93c762a64530<-19e67e26-3d21-4d01-be9f-29113a4a814c#0:FAIL-t6, 8c24ed06-386e-4085-8931-93c762a64530<-b7064b77-9271-4e94-8225-85d895886efb#0:FAIL-t6] and 0 exception(s); 8c24ed06-386e-4085-8931-93c762a64530@group-B9DEF2EDD277:t6, leader=null, voted=8c24ed06-386e-4085-8931-93c762a64530, raftlog=8c24ed06-386e-4085-8931-93c762a64530@group-B9DEF2EDD277-SegmentedRaftLog:OPENED:c-1,f-1,i0, conf=-1: [19e67e26-3d21-4d01-be9f-29113a4a814c:192.168.30.6:34535, 8c24ed06-386e-4085-8931-93c762a64530:192.168.30.6:32862, b7064b77-9271-4e94-8225-85d895886efb:192.168.30.6:41519], old=null
2019-09-25 11:42:33,332 [d0888866-0bad-4f41-ad37-dccd4a57b958@group-DBE87B3B08CE:LeaderElection184] INFO  impl.RaftServerImpl (RaftServerImpl.java:setRole(174)) - d0888866-0bad-4f41-ad37-dccd4a57b958@group-DBE87B3B08CE: changes role from CANDIDATE to FOLLOWER at term 6 for DISCOVERED_A_NEW_TERM
2019-09-25 11:42:33,333 [8c24ed06-386e-4085-8931-93c762a64530@group-B9DEF2EDD277:LeaderElection174] INFO  impl.RaftServerImpl (RaftServerImpl.java:setRole(174)) - 8c24ed06-386e-4085-8931-93c762a64530@group-B9DEF2EDD277: changes role from CANDIDATE to FOLLOWER at term 6 for DISCOVERED_A_NEW_TERM
2019-09-25 11:42:33,333 [a7d59ef6-3eca-4628-b097-12d983444e7f@group-47DBAAEC82C8:LeaderElection172] INFO  impl.RoleInfo (RoleInfo.java:shutdownLeaderElection(134)) - a7d59ef6-3eca-4628-b097-12d983444e7f: shutdown LeaderElection
2019-09-25 11:42:33,333 [a7d59ef6-3eca-4628-b097-12d983444e7f@group-6E9EB1C0F638:LeaderElection180] INFO  impl.LeaderElection (LeaderElection.java:logAndReturn(56)) - a7d59ef6-3eca-4628-b097-12d983444e7f@group-6E9EB1C0F638:LeaderElection180: Election REJECTED; received 2 response(s) [a7d59ef6-3eca-4628-b097-12d983444e7f<-e081c0a5-acfc-4a29-8262-ee158adf5b11#0:FAIL-t6, a7d59ef6-3eca-4628-b097-12d983444e7f<-b7064b77-9271-4e94-8225-85d895886efb#0:FAIL-t6] and 0 exception(s); a7d59ef6-3eca-4628-b097-12d983444e7f@group-6E9EB1C0F638:t6, leader=null, voted=a7d59ef6-3eca-4628-b097-12d983444e7f, raftlog=a7d59ef6-3eca-4628-b097-12d983444e7f@group-6E9EB1C0F638-SegmentedRaftLog:OPENED:c-1,f-1,i0, conf=-1: [e081c0a5-acfc-4a29-8262-ee158adf5b11:192.168.30.6:37941, a7d59ef6-3eca-4628-b097-12d983444e7f:192.168.30.6:43486, b7064b77-9271-4e94-8225-85d895886efb:192.168.30.6:41519], old=null
2019-09-25 11:42:33,333 [8c24ed06-386e-4085-8931-93c762a64530@group-B9DEF2EDD277:LeaderElection174] INFO  impl.RoleInfo (RoleInfo.java:shutdownLeaderElection(134)) - 8c24ed06-386e-4085-8931-93c762a64530: shutdown LeaderElection
2019-09-25 11:42:33,333 [d0888866-0bad-4f41-ad37-dccd4a57b958@group-DBE87B3B08CE:LeaderElection184] INFO  impl.RoleInfo (RoleInfo.java:shutdownLeaderElection(134)) - d0888866-0bad-4f41-ad37-dccd4a57b958: shutdown LeaderElection
2019-09-25 11:42:33,334 [8c24ed06-386e-4085-8931-93c762a64530@group-B9DEF2EDD277:LeaderElection174] INFO  impl.RoleInfo (RoleInfo.java:updateAndGet(143)) - 8c24ed06-386e-4085-8931-93c762a64530: start FollowerState
2019-09-25 11:42:33,333 [a7d59ef6-3eca-4628-b097-12d983444e7f@group-6E9EB1C0F638:LeaderElection180] INFO  impl.RaftServerImpl (RaftServerImpl.java:setRole(174)) - a7d59ef6-3eca-4628-b097-12d983444e7f@group-6E9EB1C0F638: changes role from CANDIDATE to FOLLOWER at term 6 for DISCOVERED_A_NEW_TERM
2019-09-25 11:42:33,333 [a7d59ef6-3eca-4628-b097-12d983444e7f@group-47DBAAEC82C8:LeaderElection172] INFO  impl.RoleInfo (RoleInfo.java:updateAndGet(143)) - a7d59ef6-3eca-4628-b097-12d983444e7f: start FollowerState
2019-09-25 11:42:33,334 [a7d59ef6-3eca-4628-b097-12d983444e7f@group-6E9EB1C0F638:LeaderElection180] INFO  impl.RoleInfo (RoleInfo.java:shutdownLeaderElection(134)) - a7d59ef6-3eca-4628-b097-12d983444e7f: shutdown LeaderElection
2019-09-25 11:42:33,334 [d0888866-0bad-4f41-ad37-dccd4a57b958@group-DBE87B3B08CE:LeaderElection184] INFO  impl.RoleInfo (RoleInfo.java:updateAndGet(143)) - d0888866-0bad-4f41-ad37-dccd4a57b958: start FollowerState
2019-09-25 11:42:33,334 [a7d59ef6-3eca-4628-b097-12d983444e7f@group-6E9EB1C0F638:LeaderElection180] INFO  impl.RoleInfo (RoleInfo.java:updateAndGet(143)) - a7d59ef6-3eca-4628-b097-12d983444e7f: start FollowerState
2019-09-25 11:42:33,335 [19e67e26-3d21-4d01-be9f-29113a4a814c@group-7CC56FB5D3F9:LeaderElection182] INFO  impl.LeaderElection (LeaderElection.java:logAndReturn(56)) - 19e67e26-3d21-4d01-be9f-29113a4a814c@group-7CC56FB5D3F9:LeaderElection182: Election REJECTED; received 2 response(s) [19e67e26-3d21-4d01-be9f-29113a4a814c<-e081c0a5-acfc-4a29-8262-ee158adf5b11#0:FAIL-t6, 19e67e26-3d21-4d01-be9f-29113a4a814c<-a7d59ef6-3eca-4628-b097-12d983444e7f#0:FAIL-t6] and 0 exception(s); 19e67e26-3d21-4d01-be9f-29113a4a814c@group-7CC56FB5D3F9:t6, leader=null, voted=19e67e26-3d21-4d01-be9f-29113a4a814c, raftlog=19e67e26-3d21-4d01-be9f-29113a4a814c@group-7CC56FB5D3F9-SegmentedRaftLog:OPENED:c-1,f-1,i0, conf=-1: [e081c0a5-acfc-4a29-8262-ee158adf5b11:192.168.30.6:37941, 19e67e26-3d21-4d01-be9f-29113a4a814c:192.168.30.6:34535, a7d59ef6-3eca-4628-b097-12d983444e7f:192.168.30.6:43486], old=null
2019-09-25 11:42:33,335 [19e67e26-3d21-4d01-be9f-29113a4a814c@group-7CC56FB5D3F9:LeaderElection182] INFO  impl.RaftServerImpl (RaftServerImpl.java:setRole(174)) - 19e67e26-3d21-4d01-be9f-29113a4a814c@group-7CC56FB5D3F9: changes role from CANDIDATE to FOLLOWER at term 6 for DISCOVERED_A_NEW_TERM
2019-09-25 11:42:33,335 [19e67e26-3d21-4d01-be9f-29113a4a814c@group-7CC56FB5D3F9:LeaderElection182] INFO  impl.RoleInfo (RoleInfo.java:shutdownLeaderElection(134)) - 19e67e26-3d21-4d01-be9f-29113a4a814c: shutdown LeaderElection
2019-09-25 11:42:33,336 [19e67e26-3d21-4d01-be9f-29113a4a814c@group-7CC56FB5D3F9:LeaderElection182] INFO  impl.RoleInfo (RoleInfo.java:updateAndGet(143)) - 19e67e26-3d21-4d01-be9f-29113a4a814c: start FollowerState
2019-09-25 11:42:33,341 [b7064b77-9271-4e94-8225-85d895886efb@group-282EF1BFFEE0:LeaderElection187] INFO  impl.LeaderElection (LeaderElection.java:logAndReturn(56)) - b7064b77-9271-4e94-8225-85d895886efb@group-282EF1BFFEE0:LeaderElection187: Election REJECTED; received 2 response(s) [b7064b77-9271-4e94-8225-85d895886efb<-d0888866-0bad-4f41-ad37-dccd4a57b958#0:FAIL-t6, b7064b77-9271-4e94-8225-85d895886efb<-a7d59ef6-3eca-4628-b097-12d983444e7f#0:FAIL-t6] and 0 exception(s); b7064b77-9271-4e94-8225-85d895886efb@group-282EF1BFFEE0:t6, leader=null, voted=b7064b77-9271-4e94-8225-85d895886efb, raftlog=b7064b77-9271-4e94-8225-85d895886efb@group-282EF1BFFEE0-SegmentedRaftLog:OPENED:c-1,f-1,i0, conf=-1: [d0888866-0bad-4f41-ad37-dccd4a57b958:192.168.30.6:45405, a7d59ef6-3eca-4628-b097-12d983444e7f:192.168.30.6:43486, b7064b77-9271-4e94-8225-85d895886efb:192.168.30.6:41519], old=null
2019-09-25 11:42:33,341 [b7064b77-9271-4e94-8225-85d895886efb@group-282EF1BFFEE0:LeaderElection187] INFO  impl.RaftServerImpl (RaftServerImpl.java:setRole(174)) - b7064b77-9271-4e94-8225-85d895886efb@group-282EF1BFFEE0: changes role from CANDIDATE to FOLLOWER at term 6 for DISCOVERED_A_NEW_TERM
2019-09-25 11:42:33,341 [b7064b77-9271-4e94-8225-85d895886efb@group-282EF1BFFEE0:LeaderElection187] INFO  impl.RoleInfo (RoleInfo.java:shutdownLeaderElection(134)) - b7064b77-9271-4e94-8225-85d895886efb: shutdown LeaderElection
2019-09-25 11:42:33,341 [b7064b77-9271-4e94-8225-85d895886efb@group-282EF1BFFEE0:LeaderElection187] INFO  impl.RoleInfo (RoleInfo.java:updateAndGet(143)) - b7064b77-9271-4e94-8225-85d895886efb: start FollowerState
2019-09-25 11:42:33,341 [e081c0a5-acfc-4a29-8262-ee158adf5b11@group-BF1BD4D8076C:LeaderElection199] INFO  impl.LeaderElection (LeaderElection.java:logAndReturn(56)) - e081c0a5-acfc-4a29-8262-ee158adf5b11@group-BF1BD4D8076C:LeaderElection199: Election REJECTED; received 2 response(s) [e081c0a5-acfc-4a29-8262-ee158adf5b11<-19e67e26-3d21-4d01-be9f-29113a4a814c#0:FAIL-t6, e081c0a5-acfc-4a29-8262-ee158adf5b11<-8c24ed06-386e-4085-8931-93c762a64530#0:FAIL-t6] and 0 exception(s); e081c0a5-acfc-4a29-8262-ee158adf5b11@group-BF1BD4D8076C:t6, leader=null, voted=e081c0a5-acfc-4a29-8262-ee158adf5b11, raftlog=e081c0a5-acfc-4a29-8262-ee158adf5b11@group-BF1BD4D8076C-SegmentedRaftLog:OPENED:c-1,f-1,i0, conf=-1: [e081c0a5-acfc-4a29-8262-ee158adf5b11:192.168.30.6:37941, 19e67e26-3d21-4d01-be9f-29113a4a814c:192.168.30.6:34535, 8c24ed06-386e-4085-8931-93c762a64530:192.168.30.6:32862], old=null
2019-09-25 11:42:33,342 [e081c0a5-acfc-4a29-8262-ee158adf5b11@group-BF1BD4D8076C:LeaderElection199] INFO  impl.RaftServerImpl (RaftServerImpl.java:setRole(174)) - e081c0a5-acfc-4a29-8262-ee158adf5b11@group-BF1BD4D8076C: changes role from CANDIDATE to FOLLOWER at term 6 for DISCOVERED_A_NEW_TERM
2019-09-25 11:42:33,342 [8c24ed06-386e-4085-8931-93c762a64530@group-ADB1B60517AF:LeaderElection200] INFO  impl.LeaderElection (LeaderElection.java:logAndReturn(56)) - 8c24ed06-386e-4085-8931-93c762a64530@group-ADB1B60517AF:LeaderElection200: Election REJECTED; received 2 response(s) [8c24ed06-386e-4085-8931-93c762a64530<-d0888866-0bad-4f41-ad37-dccd4a57b958#0:FAIL-t6, 8c24ed06-386e-4085-8931-93c762a64530<-19e67e26-3d21-4d01-be9f-29113a4a814c#0:FAIL-t6] and 0 exception(s); 8c24ed06-386e-4085-8931-93c762a64530@group-ADB1B60517AF:t6, leader=null, voted=8c24ed06-386e-4085-8931-93c762a64530, raftlog=8c24ed06-386e-4085-8931-93c762a64530@group-ADB1B60517AF-SegmentedRaftLog:OPENED:c-1,f-1,i0, conf=-1: [d0888866-0bad-4f41-ad37-dccd4a57b958:192.168.30.6:45405, 19e67e26-3d21-4d01-be9f-29113a4a814c:192.168.30.6:34535, 8c24ed06-386e-4085-8931-93c762a64530:192.168.30.6:32862], old=null
2019-09-25 11:42:33,342 [a7d59ef6-3eca-4628-b097-12d983444e7f@group-DBE87B3B08CE:LeaderElection179] INFO  impl.LeaderElection (LeaderElection.java:logAndReturn(56)) - a7d59ef6-3eca-4628-b097-12d983444e7f@group-DBE87B3B08CE:LeaderElection179: Election REJECTED; received 2 response(s) [a7d59ef6-3eca-4628-b097-12d983444e7f<-d0888866-0bad-4f41-ad37-dccd4a57b958#0:FAIL-t6, a7d59ef6-3eca-4628-b097-12d983444e7f<-8c24ed06-386e-4085-8931-93c762a64530#0:FAIL-t6] and 0 exception(s); a7d59ef6-3eca-4628-b097-12d983444e7f@group-DBE87B3B08CE:t6, leader=null, voted=a7d59ef6-3eca-4628-b097-12d983444e7f, raftlog=a7d59ef6-3eca-4628-b097-12d983444e7f@group-DBE87B3B08CE-SegmentedRaftLog:OPENED:c-1,f-1,i0, conf=-1: [d0888866-0bad-4f41-ad37-dccd4a57b958:192.168.30.6:45405, a7d59ef6-3eca-4628-b097-12d983444e7f:192.168.30.6:43486, 8c24ed06-386e-4085-8931-93c762a64530:192.168.30.6:32862], old=null
2019-09-25 11:42:33,342 [8c24ed06-386e-4085-8931-93c762a64530@group-ADB1B60517AF:LeaderElection200] INFO  impl.RaftServerImpl (RaftServerImpl.java:setRole(174)) - 8c24ed06-386e-4085-8931-93c762a64530@group-ADB1B60517AF: changes role from CANDIDATE to FOLLOWER at term 6 for DISCOVERED_A_NEW_TERM
2019-09-25 11:42:33,342 [a7d59ef6-3eca-4628-b097-12d983444e7f@group-7CC56FB5D3F9:LeaderElection202] INFO  impl.LeaderElection (LeaderElection.java:logAndReturn(56)) - a7d59ef6-3eca-4628-b097-12d983444e7f@group-7CC56FB5D3F9:LeaderElection202: Election REJECTED; received 2 response(s) [a7d59ef6-3eca-4628-b097-12d983444e7f<-e081c0a5-acfc-4a29-8262-ee158adf5b11#0:FAIL-t6, a7d59ef6-3eca-4628-b097-12d983444e7f<-19e67e26-3d21-4d01-be9f-29113a4a814c#0:FAIL-t6] and 0 exception(s); a7d59ef6-3eca-4628-b097-12d983444e7f@group-7CC56FB5D3F9:t6, leader=null, voted=a7d59ef6-3eca-4628-b097-12d983444e7f, raftlog=a7d59ef6-3eca-4628-b097-12d983444e7f@group-7CC56FB5D3F9-SegmentedRaftLog:OPENED:c-1,f-1,i0, conf=-1: [e081c0a5-acfc-4a29-8262-ee158adf5b11:192.168.30.6:37941, 19e67e26-3d21-4d01-be9f-29113a4a814c:192.168.30.6:34535, a7d59ef6-3eca-4628-b097-12d983444e7f:192.168.30.6:43486], old=null
2019-09-25 11:42:33,342 [e081c0a5-acfc-4a29-8262-ee158adf5b11@group-BF1BD4D8076C:LeaderElection199] INFO  impl.RoleInfo (RoleInfo.java:shutdownLeaderElection(134)) - e081c0a5-acfc-4a29-8262-ee158adf5b11: shutdown LeaderElection
2019-09-25 11:42:33,343 [a7d59ef6-3eca-4628-b097-12d983444e7f@group-7CC56FB5D3F9:LeaderElection202] INFO  impl.RaftServerImpl (RaftServerImpl.java:setRole(174)) - a7d59ef6-3eca-4628-b097-12d983444e7f@group-7CC56FB5D3F9: changes role from CANDIDATE to FOLLOWER at term 6 for DISCOVERED_A_NEW_TERM
2019-09-25 11:42:33,343 [8c24ed06-386e-4085-8931-93c762a64530@group-ADB1B60517AF:LeaderElection200] INFO  impl.RoleInfo (RoleInfo.java:shutdownLeaderElection(134)) - 8c24ed06-386e-4085-8931-93c762a64530: shutdown LeaderElection
2019-09-25 11:42:33,343 [a7d59ef6-3eca-4628-b097-12d983444e7f@group-DBE87B3B08CE:LeaderElection179] INFO  impl.RaftServerImpl (RaftServerImpl.java:setRole(174)) - a7d59ef6-3eca-4628-b097-12d983444e7f@group-DBE87B3B08CE: changes role from CANDIDATE to FOLLOWER at term 6 for DISCOVERED_A_NEW_TERM
2019-09-25 11:42:33,343 [8c24ed06-386e-4085-8931-93c762a64530@group-ADB1B60517AF:LeaderElection200] INFO  impl.RoleInfo (RoleInfo.java:updateAndGet(143)) - 8c24ed06-386e-4085-8931-93c762a64530: start FollowerState
2019-09-25 11:42:33,343 [a7d59ef6-3eca-4628-b097-12d983444e7f@group-7CC56FB5D3F9:LeaderElection202] INFO  impl.RoleInfo (RoleInfo.java:shutdownLeaderElection(134)) - a7d59ef6-3eca-4628-b097-12d983444e7f: shutdown LeaderElection
2019-09-25 11:42:33,343 [e081c0a5-acfc-4a29-8262-ee158adf5b11@group-BF1BD4D8076C:LeaderElection199] INFO  impl.RoleInfo (RoleInfo.java:updateAndGet(143)) - e081c0a5-acfc-4a29-8262-ee158adf5b11: start FollowerState
2019-09-25 11:42:33,344 [a7d59ef6-3eca-4628-b097-12d983444e7f@group-7CC56FB5D3F9:LeaderElection202] INFO  impl.RoleInfo (RoleInfo.java:updateAndGet(143)) - a7d59ef6-3eca-4628-b097-12d983444e7f: start FollowerState
2019-09-25 11:42:33,344 [b7064b77-9271-4e94-8225-85d895886efb@group-B9DEF2EDD277:LeaderElection183] INFO  impl.LeaderElection (LeaderElection.java:logAndReturn(56)) - b7064b77-9271-4e94-8225-85d895886efb@group-B9DEF2EDD277:LeaderElection183: Election REJECTED; received 2 response(s) [b7064b77-9271-4e94-8225-85d895886efb<-19e67e26-3d21-4d01-be9f-29113a4a814c#0:FAIL-t6, b7064b77-9271-4e94-8225-85d895886efb<-8c24ed06-386e-4085-8931-93c762a64530#0:FAIL-t6] and 0 exception(s); b7064b77-9271-4e94-8225-85d895886efb@group-B9DEF2EDD277:t6, leader=null, voted=b7064b77-9271-4e94-8225-85d895886efb, raftlog=b7064b77-9271-4e94-8225-85d895886efb@group-B9DEF2EDD277-SegmentedRaftLog:OPENED:c-1,f-1,i0, conf=-1: [19e67e26-3d21-4d01-be9f-29113a4a814c:192.168.30.6:34535, 8c24ed06-386e-4085-8931-93c762a64530:192.168.30.6:32862, b7064b77-9271-4e94-8225-85d895886efb:192.168.30.6:41519], old=null
2019-09-25 11:42:33,343 [a7d59ef6-3eca-4628-b097-12d983444e7f@group-DBE87B3B08CE:LeaderElection179] INFO  impl.RoleInfo (RoleInfo.java:shutdownLeaderElection(134)) - a7d59ef6-3eca-4628-b097-12d983444e7f: shutdown LeaderElection
2019-09-25 11:42:33,344 [b7064b77-9271-4e94-8225-85d895886efb@group-B9DEF2EDD277:LeaderElection183] INFO  impl.RaftServerImpl (RaftServerImpl.java:setRole(174)) - b7064b77-9271-4e94-8225-85d895886efb@group-B9DEF2EDD277: changes role from CANDIDATE to FOLLOWER at term 6 for DISCOVERED_A_NEW_TERM
2019-09-25 11:42:33,344 [8c24ed06-386e-4085-8931-93c762a64530@group-DBE87B3B08CE:LeaderElection176] INFO  impl.LeaderElection (LeaderElection.java:logAndReturn(56)) - 8c24ed06-386e-4085-8931-93c762a64530@group-DBE87B3B08CE:LeaderElection176: Election REJECTED; received 2 response(s) [8c24ed06-386e-4085-8931-93c762a64530<-d0888866-0bad-4f41-ad37-dccd4a57b958#0:FAIL-t6, 8c24ed06-386e-4085-8931-93c762a64530<-a7d59ef6-3eca-4628-b097-12d983444e7f#0:FAIL-t6] and 0 exception(s); 8c24ed06-386e-4085-8931-93c762a64530@group-DBE87B3B08CE:t6, leader=null, voted=8c24ed06-386e-4085-8931-93c762a64530, raftlog=8c24ed06-386e-4085-8931-93c762a64530@group-DBE87B3B08CE-SegmentedRaftLog:OPENED:c-1,f-1,i0, conf=-1: [d0888866-0bad-4f41-ad37-dccd4a57b958:192.168.30.6:45405, a7d59ef6-3eca-4628-b097-12d983444e7f:192.168.30.6:43486, 8c24ed06-386e-4085-8931-93c762a64530:192.168.30.6:32862], old=null
2019-09-25 11:42:33,345 [b7064b77-9271-4e94-8225-85d895886efb@group-B9DEF2EDD277:LeaderElection183] INFO  impl.RoleInfo (RoleInfo.java:shutdownLeaderElection(134)) - b7064b77-9271-4e94-8225-85d895886efb: shutdown LeaderElection
2019-09-25 11:42:33,345 [d0888866-0bad-4f41-ad37-dccd4a57b958@group-282EF1BFFEE0:LeaderElection171] INFO  impl.LeaderElection (LeaderElection.java:logAndReturn(56)) - d0888866-0bad-4f41-ad37-dccd4a57b958@group-282EF1BFFEE0:LeaderElection171: Election REJECTED; received 2 response(s) [d0888866-0bad-4f41-ad37-dccd4a57b958<-a7d59ef6-3eca-4628-b097-12d983444e7f#0:FAIL-t6, d0888866-0bad-4f41-ad37-dccd4a57b958<-b7064b77-9271-4e94-8225-85d895886efb#0:FAIL-t6] and 0 exception(s); d0888866-0bad-4f41-ad37-dccd4a57b958@group-282EF1BFFEE0:t6, leader=null, voted=d0888866-0bad-4f41-ad37-dccd4a57b958, raftlog=d0888866-0bad-4f41-ad37-dccd4a57b958@group-282EF1BFFEE0-SegmentedRaftLog:OPENED:c-1,f-1,i0, conf=-1: [d0888866-0bad-4f41-ad37-dccd4a57b958:192.168.30.6:45405, a7d59ef6-3eca-4628-b097-12d983444e7f:192.168.30.6:43486, b7064b77-9271-4e94-8225-85d895886efb:192.168.30.6:41519], old=null
2019-09-25 11:42:33,345 [d0888866-0bad-4f41-ad37-dccd4a57b958@group-071025EF7F78:LeaderElection170] INFO  impl.LeaderElection (LeaderElection.java:logAndReturn(56)) - d0888866-0bad-4f41-ad37-dccd4a57b958@group-071025EF7F78:LeaderElection170: Election REJECTED; received 2 response(s) [d0888866-0bad-4f41-ad37-dccd4a57b958<-e081c0a5-acfc-4a29-8262-ee158adf5b11#0:FAIL-t6, d0888866-0bad-4f41-ad37-dccd4a57b958<-19e67e26-3d21-4d01-be9f-29113a4a814c#0:FAIL-t6] and 0 exception(s); d0888866-0bad-4f41-ad37-dccd4a57b958@group-071025EF7F78:t6, leader=null, voted=d0888866-0bad-4f41-ad37-dccd4a57b958, raftlog=d0888866-0bad-4f41-ad37-dccd4a57b958@group-071025EF7F78-SegmentedRaftLog:OPENED:c-1,f-1,i0, conf=-1: [e081c0a5-acfc-4a29-8262-ee158adf5b11:192.168.30.6:37941, d0888866-0bad-4f41-ad37-dccd4a57b958:192.168.30.6:45405, 19e67e26-3d21-4d01-be9f-29113a4a814c:192.168.30.6:34535], old=null
2019-09-25 11:42:33,345 [a7d59ef6-3eca-4628-b097-12d983444e7f@group-DBE87B3B08CE:LeaderElection179] INFO  impl.RoleInfo (RoleInfo.java:updateAndGet(143)) - a7d59ef6-3eca-4628-b097-12d983444e7f: start FollowerState
2019-09-25 11:42:33,346 [d0888866-0bad-4f41-ad37-dccd4a57b958@group-071025EF7F78:LeaderElection170] INFO  impl.RaftServerImpl (RaftServerImpl.java:setRole(174)) - d0888866-0bad-4f41-ad37-dccd4a57b958@group-071025EF7F78: changes role from CANDIDATE to FOLLOWER at term 6 for DISCOVERED_A_NEW_TERM
2019-09-25 11:42:33,346 [8c24ed06-386e-4085-8931-93c762a64530@group-CDCB2C8C105A:LeaderElection194] INFO  impl.LeaderElection (LeaderElection.java:logAndReturn(56)) - 8c24ed06-386e-4085-8931-93c762a64530@group-CDCB2C8C105A:LeaderElection194: Election REJECTED; received 2 response(s) [8c24ed06-386e-4085-8931-93c762a64530<-d0888866-0bad-4f41-ad37-dccd4a57b958#0:FAIL-t6, 8c24ed06-386e-4085-8931-93c762a64530<-b7064b77-9271-4e94-8225-85d895886efb#0:FAIL-t6] and 0 exception(s); 8c24ed06-386e-4085-8931-93c762a64530@group-CDCB2C8C105A:t6, leader=null, voted=8c24ed06-386e-4085-8931-93c762a64530, raftlog=8c24ed06-386e-4085-8931-93c762a64530@group-CDCB2C8C105A-SegmentedRaftLog:OPENED:c-1,f-1,i0, conf=-1: [d0888866-0bad-4f41-ad37-dccd4a57b958:192.168.30.6:45405, 8c24ed06-386e-4085-8931-93c762a64530:192.168.30.6:32862, b7064b77-9271-4e94-8225-85d895886efb:192.168.30.6:41519], old=null
2019-09-25 11:42:33,345 [8c24ed06-386e-4085-8931-93c762a64530@group-BF1BD4D8076C:LeaderElection186] INFO  impl.LeaderElection (LeaderElection.java:logAndReturn(56)) - 8c24ed06-386e-4085-8931-93c762a64530@group-BF1BD4D8076C:LeaderElection186: Election REJECTED; received 2 response(s) [8c24ed06-386e-4085-8931-93c762a64530<-e081c0a5-acfc-4a29-8262-ee158adf5b11#0:FAIL-t6, 8c24ed06-386e-4085-8931-93c762a64530<-19e67e26-3d21-4d01-be9f-29113a4a814c#0:FAIL-t6] and 0 exception(s); 8c24ed06-386e-4085-8931-93c762a64530@group-BF1BD4D8076C:t6, leader=null, voted=8c24ed06-386e-4085-8931-93c762a64530, raftlog=8c24ed06-386e-4085-8931-93c762a64530@group-BF1BD4D8076C-SegmentedRaftLog:OPENED:c-1,f-1,i0, conf=-1: [e081c0a5-acfc-4a29-8262-ee158adf5b11:192.168.30.6:37941, 19e67e26-3d21-4d01-be9f-29113a4a814c:192.168.30.6:34535, 8c24ed06-386e-4085-8931-93c762a64530:192.168.30.6:32862], old=null
2019-09-25 11:42:33,345 [d0888866-0bad-4f41-ad37-dccd4a57b958@group-282EF1BFFEE0:LeaderElection171] INFO  impl.RaftServerImpl (RaftServerImpl.java:setRole(174)) - d0888866-0bad-4f41-ad37-dccd4a57b958@group-282EF1BFFEE0: changes role from CANDIDATE to FOLLOWER at term 6 for DISCOVERED_A_NEW_TERM
2019-09-25 11:42:33,345 [b7064b77-9271-4e94-8225-85d895886efb@group-B9DEF2EDD277:LeaderElection183] INFO  impl.RoleInfo (RoleInfo.java:updateAndGet(143)) - b7064b77-9271-4e94-8225-85d895886efb: start FollowerState
2019-09-25 11:42:33,345 [8c24ed06-386e-4085-8931-93c762a64530@group-DBE87B3B08CE:LeaderElection176] INFO  impl.RaftServerImpl (RaftServerImpl.java:setRole(174)) - 8c24ed06-386e-4085-8931-93c762a64530@group-DBE87B3B08CE: changes role from CANDIDATE to FOLLOWER at term 6 for DISCOVERED_A_NEW_TERM
2019-09-25 11:42:33,347 [d0888866-0bad-4f41-ad37-dccd4a57b958@group-282EF1BFFEE0:LeaderElection171] INFO  impl.RoleInfo (RoleInfo.java:shutdownLeaderElection(134)) - d0888866-0bad-4f41-ad37-dccd4a57b958: shutdown LeaderElection
2019-09-25 11:42:33,347 [b7064b77-9271-4e94-8225-85d895886efb@group-6E9EB1C0F638:LeaderElection188] INFO  impl.LeaderElection (LeaderElection.java:logAndReturn(56)) - b7064b77-9271-4e94-8225-85d895886efb@group-6E9EB1C0F638:LeaderElection188: Election REJECTED; received 2 response(s) [b7064b77-9271-4e94-8225-85d895886efb<-e081c0a5-acfc-4a29-8262-ee158adf5b11#0:FAIL-t6, b7064b77-9271-4e94-8225-85d895886efb<-a7d59ef6-3eca-4628-b097-12d983444e7f#0:FAIL-t6] and 0 exception(s); b7064b77-9271-4e94-8225-85d895886efb@group-6E9EB1C0F638:t6, leader=null, voted=b7064b77-9271-4e94-8225-85d895886efb, raftlog=b7064b77-9271-4e94-8225-85d895886efb@group-6E9EB1C0F638-SegmentedRaftLog:OPENED:c-1,f-1,i0, conf=-1: [e081c0a5-acfc-4a29-8262-ee158adf5b11:192.168.30.6:37941, a7d59ef6-3eca-4628-b097-12d983444e7f:192.168.30.6:43486, b7064b77-9271-4e94-8225-85d895886efb:192.168.30.6:41519], old=null
2019-09-25 11:42:33,347 [19e67e26-3d21-4d01-be9f-29113a4a814c@group-BF1BD4D8076C:LeaderElection181] INFO  impl.LeaderElection (LeaderElection.java:logAndReturn(56)) - 19e67e26-3d21-4d01-be9f-29113a4a814c@group-BF1BD4D8076C:LeaderElection181: Election REJECTED; received 2 response(s) [19e67e26-3d21-4d01-be9f-29113a4a814c<-e081c0a5-acfc-4a29-8262-ee158adf5b11#0:FAIL-t6, 19e67e26-3d21-4d01-be9f-29113a4a814c<-8c24ed06-386e-4085-8931-93c762a64530#0:FAIL-t6] and 0 exception(s); 19e67e26-3d21-4d01-be9f-29113a4a814c@group-BF1BD4D8076C:t6, leader=null, voted=19e67e26-3d21-4d01-be9f-29113a4a814c, raftlog=19e67e26-3d21-4d01-be9f-29113a4a814c@group-BF1BD4D8076C-SegmentedRaftLog:OPENED:c-1,f-1,i0, conf=-1: [e081c0a5-acfc-4a29-8262-ee158adf5b11:192.168.30.6:37941, 19e67e26-3d21-4d01-be9f-29113a4a814c:192.168.30.6:34535, 8c24ed06-386e-4085-8931-93c762a64530:192.168.30.6:32862], old=null
2019-09-25 11:42:33,347 [8c24ed06-386e-4085-8931-93c762a64530@group-BF1BD4D8076C:LeaderElection186] INFO  impl.RaftServerImpl (RaftServerImpl.java:setRole(174)) - 8c24ed06-386e-4085-8931-93c762a64530@group-BF1BD4D8076C: changes role from CANDIDATE to FOLLOWER at term 6 for DISCOVERED_A_NEW_TERM
2019-09-25 11:42:33,346 [8c24ed06-386e-4085-8931-93c762a64530@group-CDCB2C8C105A:LeaderElection194] INFO  impl.RaftServerImpl (RaftServerImpl.java:setRole(174)) - 8c24ed06-386e-4085-8931-93c762a64530@group-CDCB2C8C105A: changes role from CANDIDATE to FOLLOWER at term 6 for DISCOVERED_A_NEW_TERM
2019-09-25 11:42:33,346 [d0888866-0bad-4f41-ad37-dccd4a57b958@group-071025EF7F78:LeaderElection170] INFO  impl.RoleInfo (RoleInfo.java:shutdownLeaderElection(134)) - d0888866-0bad-4f41-ad37-dccd4a57b958: shutdown LeaderElection
2019-09-25 11:42:33,348 [8c24ed06-386e-4085-8931-93c762a64530@group-CDCB2C8C105A:LeaderElection194] INFO  impl.RoleInfo (RoleInfo.java:shutdownLeaderElection(134)) - 8c24ed06-386e-4085-8931-93c762a64530: shutdown LeaderElection
2019-09-25 11:42:33,347 [8c24ed06-386e-4085-8931-93c762a64530@group-BF1BD4D8076C:LeaderElection186] INFO  impl.RoleInfo (RoleInfo.java:shutdownLeaderElection(134)) - 8c24ed06-386e-4085-8931-93c762a64530: shutdown LeaderElection
2019-09-25 11:42:33,347 [19e67e26-3d21-4d01-be9f-29113a4a814c@group-BF1BD4D8076C:LeaderElection181] INFO  impl.RaftServerImpl (RaftServerImpl.java:setRole(174)) - 19e67e26-3d21-4d01-be9f-29113a4a814c@group-BF1BD4D8076C: changes role from CANDIDATE to FOLLOWER at term 6 for DISCOVERED_A_NEW_TERM
2019-09-25 11:42:33,347 [b7064b77-9271-4e94-8225-85d895886efb@group-6E9EB1C0F638:LeaderElection188] INFO  impl.RaftServerImpl (RaftServerImpl.java:setRole(174)) - b7064b77-9271-4e94-8225-85d895886efb@group-6E9EB1C0F638: changes role from CANDIDATE to FOLLOWER at term 6 for DISCOVERED_A_NEW_TERM
2019-09-25 11:42:33,348 [b7064b77-9271-4e94-8225-85d895886efb@group-6E9EB1C0F638:LeaderElection188] INFO  impl.RoleInfo (RoleInfo.java:shutdownLeaderElection(134)) - b7064b77-9271-4e94-8225-85d895886efb: shutdown LeaderElection
2019-09-25 11:42:33,347 [d0888866-0bad-4f41-ad37-dccd4a57b958@group-282EF1BFFEE0:LeaderElection171] INFO  impl.RoleInfo (RoleInfo.java:updateAndGet(143)) - d0888866-0bad-4f41-ad37-dccd4a57b958: start FollowerState
2019-09-25 11:42:33,347 [8c24ed06-386e-4085-8931-93c762a64530@group-DBE87B3B08CE:LeaderElection176] INFO  impl.RoleInfo (RoleInfo.java:shutdownLeaderElection(134)) - 8c24ed06-386e-4085-8931-93c762a64530: shutdown LeaderElection
2019-09-25 11:42:33,348 [b7064b77-9271-4e94-8225-85d895886efb@group-6E9EB1C0F638:LeaderElection188] INFO  impl.RoleInfo (RoleInfo.java:updateAndGet(143)) - b7064b77-9271-4e94-8225-85d895886efb: start FollowerState
2019-09-25 11:42:33,348 [19e67e26-3d21-4d01-be9f-29113a4a814c@group-BF1BD4D8076C:LeaderElection181] INFO  impl.RoleInfo (RoleInfo.java:shutdownLeaderElection(134)) - 19e67e26-3d21-4d01-be9f-29113a4a814c: shutdown LeaderElection
2019-09-25 11:42:33,348 [8c24ed06-386e-4085-8931-93c762a64530@group-BF1BD4D8076C:LeaderElection186] INFO  impl.RoleInfo (RoleInfo.java:updateAndGet(143)) - 8c24ed06-386e-4085-8931-93c762a64530: start FollowerState
2019-09-25 11:42:33,348 [8c24ed06-386e-4085-8931-93c762a64530@group-CDCB2C8C105A:LeaderElection194] INFO  impl.RoleInfo (RoleInfo.java:updateAndGet(143)) - 8c24ed06-386e-4085-8931-93c762a64530: start FollowerState
2019-09-25 11:42:33,348 [d0888866-0bad-4f41-ad37-dccd4a57b958@group-071025EF7F78:LeaderElection170] INFO  impl.RoleInfo (RoleInfo.java:updateAndGet(143)) - d0888866-0bad-4f41-ad37-dccd4a57b958: start FollowerState
2019-09-25 11:42:33,349 [19e67e26-3d21-4d01-be9f-29113a4a814c@group-BF1BD4D8076C:LeaderElection181] INFO  impl.RoleInfo (RoleInfo.java:updateAndGet(143)) - 19e67e26-3d21-4d01-be9f-29113a4a814c: start FollowerState
2019-09-25 11:42:33,349 [8c24ed06-386e-4085-8931-93c762a64530@group-DBE87B3B08CE:LeaderElection176] INFO  impl.RoleInfo (RoleInfo.java:updateAndGet(143)) - 8c24ed06-386e-4085-8931-93c762a64530: start FollowerState
2019-09-25 11:42:34,272 [RatisPipelineUtilsThread] INFO  pipeline.PipelinePlacementPolicy (PipelinePlacementPolicy.java:meetCriteria(91)) - Pipeline Placement: can't place more pipeline on heavy datanode： a7d59ef6-3eca-4628-b097-12d983444e7f Heaviness: 6 limit: 5
2019-09-25 11:42:34,272 [RatisPipelineUtilsThread] INFO  pipeline.PipelinePlacementPolicy (PipelinePlacementPolicy.java:meetCriteria(91)) - Pipeline Placement: can't place more pipeline on heavy datanode： d0888866-0bad-4f41-ad37-dccd4a57b958 Heaviness: 6 limit: 5
2019-09-25 11:42:34,272 [RatisPipelineUtilsThread] INFO  pipeline.PipelinePlacementPolicy (PipelinePlacementPolicy.java:meetCriteria(91)) - Pipeline Placement: can't place more pipeline on heavy datanode： 19e67e26-3d21-4d01-be9f-29113a4a814c Heaviness: 6 limit: 5
2019-09-25 11:42:34,273 [RatisPipelineUtilsThread] INFO  pipeline.PipelinePlacementPolicy (PipelinePlacementPolicy.java:meetCriteria(91)) - Pipeline Placement: can't place more pipeline on heavy datanode： e081c0a5-acfc-4a29-8262-ee158adf5b11 Heaviness: 6 limit: 5
2019-09-25 11:42:34,273 [RatisPipelineUtilsThread] INFO  pipeline.PipelinePlacementPolicy (PipelinePlacementPolicy.java:meetCriteria(91)) - Pipeline Placement: can't place more pipeline on heavy datanode： 8c24ed06-386e-4085-8931-93c762a64530 Heaviness: 6 limit: 5
2019-09-25 11:42:34,273 [RatisPipelineUtilsThread] INFO  pipeline.PipelinePlacementPolicy (PipelinePlacementPolicy.java:meetCriteria(91)) - Pipeline Placement: can't place more pipeline on heavy datanode： b7064b77-9271-4e94-8225-85d895886efb Heaviness: 6 limit: 5
2019-09-25 11:42:34,273 [RatisPipelineUtilsThread] ERROR pipeline.PipelinePlacementPolicy (PipelinePlacementPolicy.java:filterViableNodes(148)) - Unable to find enough nodes that meet the criteria that cannot engage in more than 5 pipelines. Nodes required: 1 Found: 0, healthy nodes count inNodeManager: 6.
2019-09-25 11:42:34,273 [RatisPipelineUtilsThread] ERROR pipeline.SCMPipelineManager (SCMPipelineManager.java:createPipeline(167)) - Pipeline creation failed.
org.apache.hadoop.hdds.scm.exceptions.SCMException: Unable to find enough nodes that meet the criteria that cannot engage in more than 5 pipelines. Nodes required: 1 Found: 0, healthy nodes count inNodeManager: 6.
	at org.apache.hadoop.hdds.scm.pipeline.PipelinePlacementPolicy.filterViableNodes(PipelinePlacementPolicy.java:149)
	at org.apache.hadoop.hdds.scm.pipeline.PipelinePlacementPolicy.chooseDatanodes(PipelinePlacementPolicy.java:172)
	at org.apache.hadoop.hdds.scm.pipeline.RatisPipelineProvider.create(RatisPipelineProvider.java:93)
	at org.apache.hadoop.hdds.scm.pipeline.PipelineFactory.create(PipelineFactory.java:58)
	at org.apache.hadoop.hdds.scm.pipeline.SCMPipelineManager.createPipeline(SCMPipelineManager.java:155)
	at org.apache.hadoop.hdds.scm.pipeline.BackgroundPipelineCreator.createPipelines(BackgroundPipelineCreator.java:99)
	at org.apache.hadoop.hdds.scm.pipeline.BackgroundPipelineCreator.lambda$startFixedIntervalPipelineCreator$0(BackgroundPipelineCreator.java:70)
	at java.util.concurrent.Executors$RunnableAdapter.call(Executors.java:511)
	at java.util.concurrent.FutureTask.runAndReset(FutureTask.java:308)
	at java.util.concurrent.ScheduledThreadPoolExecutor$ScheduledFutureTask.access$301(ScheduledThreadPoolExecutor.java:180)
	at java.util.concurrent.ScheduledThreadPoolExecutor$ScheduledFutureTask.run(ScheduledThreadPoolExecutor.java:294)
	at java.util.concurrent.ThreadPoolExecutor.runWorker(ThreadPoolExecutor.java:1149)
	at java.util.concurrent.ThreadPoolExecutor$Worker.run(ThreadPoolExecutor.java:624)
	at java.lang.Thread.run(Thread.java:748)
2019-09-25 11:42:34,274 [RatisPipelineUtilsThread] INFO  pipeline.PipelinePlacementPolicy (PipelinePlacementPolicy.java:meetCriteria(91)) - Pipeline Placement: can't place more pipeline on heavy datanode： a7d59ef6-3eca-4628-b097-12d983444e7f Heaviness: 6 limit: 5
2019-09-25 11:42:34,274 [RatisPipelineUtilsThread] INFO  pipeline.PipelinePlacementPolicy (PipelinePlacementPolicy.java:meetCriteria(91)) - Pipeline Placement: can't place more pipeline on heavy datanode： d0888866-0bad-4f41-ad37-dccd4a57b958 Heaviness: 6 limit: 5
2019-09-25 11:42:34,274 [RatisPipelineUtilsThread] INFO  pipeline.PipelinePlacementPolicy (PipelinePlacementPolicy.java:meetCriteria(91)) - Pipeline Placement: can't place more pipeline on heavy datanode： 19e67e26-3d21-4d01-be9f-29113a4a814c Heaviness: 6 limit: 5
2019-09-25 11:42:34,275 [RatisPipelineUtilsThread] INFO  pipeline.PipelinePlacementPolicy (PipelinePlacementPolicy.java:meetCriteria(91)) - Pipeline Placement: can't place more pipeline on heavy datanode： e081c0a5-acfc-4a29-8262-ee158adf5b11 Heaviness: 6 limit: 5
2019-09-25 11:42:34,275 [RatisPipelineUtilsThread] INFO  pipeline.PipelinePlacementPolicy (PipelinePlacementPolicy.java:meetCriteria(91)) - Pipeline Placement: can't place more pipeline on heavy datanode： 8c24ed06-386e-4085-8931-93c762a64530 Heaviness: 6 limit: 5
2019-09-25 11:42:34,275 [RatisPipelineUtilsThread] INFO  pipeline.PipelinePlacementPolicy (PipelinePlacementPolicy.java:meetCriteria(91)) - Pipeline Placement: can't place more pipeline on heavy datanode： b7064b77-9271-4e94-8225-85d895886efb Heaviness: 6 limit: 5
2019-09-25 11:42:34,275 [RatisPipelineUtilsThread] ERROR pipeline.PipelinePlacementPolicy (PipelinePlacementPolicy.java:filterViableNodes(148)) - Unable to find enough nodes that meet the criteria that cannot engage in more than 5 pipelines. Nodes required: 3 Found: 0, healthy nodes count inNodeManager: 6.
2019-09-25 11:42:34,275 [RatisPipelineUtilsThread] ERROR pipeline.SCMPipelineManager (SCMPipelineManager.java:createPipeline(167)) - Pipeline creation failed.
org.apache.hadoop.hdds.scm.exceptions.SCMException: Unable to find enough nodes that meet the criteria that cannot engage in more than 5 pipelines. Nodes required: 3 Found: 0, healthy nodes count inNodeManager: 6.
	at org.apache.hadoop.hdds.scm.pipeline.PipelinePlacementPolicy.filterViableNodes(PipelinePlacementPolicy.java:149)
	at org.apache.hadoop.hdds.scm.pipeline.PipelinePlacementPolicy.chooseDatanodes(PipelinePlacementPolicy.java:172)
	at org.apache.hadoop.hdds.scm.pipeline.RatisPipelineProvider.create(RatisPipelineProvider.java:93)
	at org.apache.hadoop.hdds.scm.pipeline.PipelineFactory.create(PipelineFactory.java:58)
	at org.apache.hadoop.hdds.scm.pipeline.SCMPipelineManager.createPipeline(SCMPipelineManager.java:155)
	at org.apache.hadoop.hdds.scm.pipeline.BackgroundPipelineCreator.createPipelines(BackgroundPipelineCreator.java:99)
	at org.apache.hadoop.hdds.scm.pipeline.BackgroundPipelineCreator.lambda$startFixedIntervalPipelineCreator$0(BackgroundPipelineCreator.java:70)
	at java.util.concurrent.Executors$RunnableAdapter.call(Executors.java:511)
	at java.util.concurrent.FutureTask.runAndReset(FutureTask.java:308)
	at java.util.concurrent.ScheduledThreadPoolExecutor$ScheduledFutureTask.access$301(ScheduledThreadPoolExecutor.java:180)
	at java.util.concurrent.ScheduledThreadPoolExecutor$ScheduledFutureTask.run(ScheduledThreadPoolExecutor.java:294)
	at java.util.concurrent.ThreadPoolExecutor.runWorker(ThreadPoolExecutor.java:1149)
	at java.util.concurrent.ThreadPoolExecutor$Worker.run(ThreadPoolExecutor.java:624)
	at java.lang.Thread.run(Thread.java:748)
2019-09-25 11:42:38,343 [Thread-1122] INFO  impl.FollowerState (FollowerState.java:run(106)) - d0888866-0bad-4f41-ad37-dccd4a57b958:group-DBE87B3B08CE changes to CANDIDATE, lastRpcTime:5009, electionTimeout:5008ms
2019-09-25 11:42:38,344 [Thread-1122] INFO  impl.RoleInfo (RoleInfo.java:shutdownFollowerState(121)) - d0888866-0bad-4f41-ad37-dccd4a57b958: shutdown FollowerState
2019-09-25 11:42:38,344 [Thread-1122] INFO  impl.RaftServerImpl (RaftServerImpl.java:setRole(174)) - d0888866-0bad-4f41-ad37-dccd4a57b958@group-DBE87B3B08CE: changes role from  FOLLOWER to CANDIDATE at term 6 for changeToCandidate
2019-09-25 11:42:38,344 [Thread-1122] INFO  impl.RoleInfo (RoleInfo.java:updateAndGet(143)) - d0888866-0bad-4f41-ad37-dccd4a57b958: start LeaderElection
2019-09-25 11:42:38,373 [Thread-1123] INFO  impl.FollowerState (FollowerState.java:run(106)) - a7d59ef6-3eca-4628-b097-12d983444e7f:group-6E9EB1C0F638 changes to CANDIDATE, lastRpcTime:5038, electionTimeout:5037ms
2019-09-25 11:42:38,373 [Thread-1123] INFO  impl.RoleInfo (RoleInfo.java:shutdownFollowerState(121)) - a7d59ef6-3eca-4628-b097-12d983444e7f: shutdown FollowerState
2019-09-25 11:42:38,373 [Thread-1123] INFO  impl.RaftServerImpl (RaftServerImpl.java:setRole(174)) - a7d59ef6-3eca-4628-b097-12d983444e7f@group-6E9EB1C0F638: changes role from  FOLLOWER to CANDIDATE at term 6 for changeToCandidate
2019-09-25 11:42:38,373 [Thread-1123] INFO  impl.RoleInfo (RoleInfo.java:updateAndGet(143)) - a7d59ef6-3eca-4628-b097-12d983444e7f: start LeaderElection
2019-09-25 11:42:38,380 [Thread-1137] INFO  impl.FollowerState (FollowerState.java:run(106)) - 19e67e26-3d21-4d01-be9f-29113a4a814c:group-BF1BD4D8076C changes to CANDIDATE, lastRpcTime:5031, electionTimeout:5030ms
2019-09-25 11:42:38,380 [Thread-1137] INFO  impl.RoleInfo (RoleInfo.java:shutdownFollowerState(121)) - 19e67e26-3d21-4d01-be9f-29113a4a814c: shutdown FollowerState
2019-09-25 11:42:38,380 [Thread-1137] INFO  impl.RaftServerImpl (RaftServerImpl.java:setRole(174)) - 19e67e26-3d21-4d01-be9f-29113a4a814c@group-BF1BD4D8076C: changes role from  FOLLOWER to CANDIDATE at term 6 for changeToCandidate
2019-09-25 11:42:38,381 [Thread-1137] INFO  impl.RoleInfo (RoleInfo.java:updateAndGet(143)) - 19e67e26-3d21-4d01-be9f-29113a4a814c: start LeaderElection
2019-09-25 11:42:38,383 [Thread-1124] INFO  impl.FollowerState (FollowerState.java:run(106)) - 19e67e26-3d21-4d01-be9f-29113a4a814c:group-7CC56FB5D3F9 changes to CANDIDATE, lastRpcTime:5047, electionTimeout:5044ms
2019-09-25 11:42:38,383 [Thread-1124] INFO  impl.RoleInfo (RoleInfo.java:shutdownFollowerState(121)) - 19e67e26-3d21-4d01-be9f-29113a4a814c: shutdown FollowerState
2019-09-25 11:42:38,384 [Thread-1124] INFO  impl.RaftServerImpl (RaftServerImpl.java:setRole(174)) - 19e67e26-3d21-4d01-be9f-29113a4a814c@group-7CC56FB5D3F9: changes role from  FOLLOWER to CANDIDATE at term 6 for changeToCandidate
2019-09-25 11:42:38,384 [Thread-1124] INFO  impl.RoleInfo (RoleInfo.java:updateAndGet(143)) - 19e67e26-3d21-4d01-be9f-29113a4a814c: start LeaderElection
2019-09-25 11:42:38,393 [Thread-1113] INFO  impl.FollowerState (FollowerState.java:run(106)) - b7064b77-9271-4e94-8225-85d895886efb:group-CDCB2C8C105A changes to CANDIDATE, lastRpcTime:5067, electionTimeout:5066ms
2019-09-25 11:42:38,393 [Thread-1113] INFO  impl.RoleInfo (RoleInfo.java:shutdownFollowerState(121)) - b7064b77-9271-4e94-8225-85d895886efb: shutdown FollowerState
2019-09-25 11:42:38,393 [Thread-1113] INFO  impl.RaftServerImpl (RaftServerImpl.java:setRole(174)) - b7064b77-9271-4e94-8225-85d895886efb@group-CDCB2C8C105A: changes role from  FOLLOWER to CANDIDATE at term 6 for changeToCandidate
2019-09-25 11:42:38,394 [Thread-1113] INFO  impl.RoleInfo (RoleInfo.java:updateAndGet(143)) - b7064b77-9271-4e94-8225-85d895886efb: start LeaderElection
2019-09-25 11:42:38,398 [a7d59ef6-3eca-4628-b097-12d983444e7f@group-6E9EB1C0F638:LeaderElection204] INFO  impl.LeaderElection (LeaderElection.java:askForVotes(182)) - a7d59ef6-3eca-4628-b097-12d983444e7f@group-6E9EB1C0F638:LeaderElection204: begin an election at term 7 for -1: [e081c0a5-acfc-4a29-8262-ee158adf5b11:192.168.30.6:37941, a7d59ef6-3eca-4628-b097-12d983444e7f:192.168.30.6:43486, b7064b77-9271-4e94-8225-85d895886efb:192.168.30.6:41519], old=null
2019-09-25 11:42:38,398 [d0888866-0bad-4f41-ad37-dccd4a57b958@group-DBE87B3B08CE:LeaderElection203] INFO  impl.LeaderElection (LeaderElection.java:askForVotes(182)) - d0888866-0bad-4f41-ad37-dccd4a57b958@group-DBE87B3B08CE:LeaderElection203: begin an election at term 7 for -1: [d0888866-0bad-4f41-ad37-dccd4a57b958:192.168.30.6:45405, a7d59ef6-3eca-4628-b097-12d983444e7f:192.168.30.6:43486, 8c24ed06-386e-4085-8931-93c762a64530:192.168.30.6:32862], old=null
2019-09-25 11:42:38,398 [19e67e26-3d21-4d01-be9f-29113a4a814c@group-BF1BD4D8076C:LeaderElection205] INFO  impl.LeaderElection (LeaderElection.java:askForVotes(182)) - 19e67e26-3d21-4d01-be9f-29113a4a814c@group-BF1BD4D8076C:LeaderElection205: begin an election at term 7 for -1: [e081c0a5-acfc-4a29-8262-ee158adf5b11:192.168.30.6:37941, 19e67e26-3d21-4d01-be9f-29113a4a814c:192.168.30.6:34535, 8c24ed06-386e-4085-8931-93c762a64530:192.168.30.6:32862], old=null
2019-09-25 11:42:38,398 [b7064b77-9271-4e94-8225-85d895886efb@group-CDCB2C8C105A:LeaderElection207] INFO  impl.LeaderElection (LeaderElection.java:askForVotes(182)) - b7064b77-9271-4e94-8225-85d895886efb@group-CDCB2C8C105A:LeaderElection207: begin an election at term 7 for -1: [d0888866-0bad-4f41-ad37-dccd4a57b958:192.168.30.6:45405, 8c24ed06-386e-4085-8931-93c762a64530:192.168.30.6:32862, b7064b77-9271-4e94-8225-85d895886efb:192.168.30.6:41519], old=null
2019-09-25 11:42:38,398 [19e67e26-3d21-4d01-be9f-29113a4a814c@group-7CC56FB5D3F9:LeaderElection206] INFO  impl.LeaderElection (LeaderElection.java:askForVotes(182)) - 19e67e26-3d21-4d01-be9f-29113a4a814c@group-7CC56FB5D3F9:LeaderElection206: begin an election at term 7 for -1: [e081c0a5-acfc-4a29-8262-ee158adf5b11:192.168.30.6:37941, 19e67e26-3d21-4d01-be9f-29113a4a814c:192.168.30.6:34535, a7d59ef6-3eca-4628-b097-12d983444e7f:192.168.30.6:43486], old=null
2019-09-25 11:42:38,399 [Thread-1120] INFO  impl.FollowerState (FollowerState.java:run(106)) - a7d59ef6-3eca-4628-b097-12d983444e7f:group-47DBAAEC82C8 changes to CANDIDATE, lastRpcTime:5065, electionTimeout:5064ms
2019-09-25 11:42:38,399 [Thread-1120] INFO  impl.RoleInfo (RoleInfo.java:shutdownFollowerState(121)) - a7d59ef6-3eca-4628-b097-12d983444e7f: shutdown FollowerState
2019-09-25 11:42:38,399 [Thread-1120] INFO  impl.RaftServerImpl (RaftServerImpl.java:setRole(174)) - a7d59ef6-3eca-4628-b097-12d983444e7f@group-47DBAAEC82C8: changes role from  FOLLOWER to CANDIDATE at term 6 for changeToCandidate
2019-09-25 11:42:38,400 [Thread-1120] INFO  impl.RoleInfo (RoleInfo.java:updateAndGet(143)) - a7d59ef6-3eca-4628-b097-12d983444e7f: start LeaderElection
2019-09-25 11:42:38,403 [grpc-default-executor-14] INFO  impl.RaftServerImpl (RaftServerImpl.java:setRole(174)) - d0888866-0bad-4f41-ad37-dccd4a57b958@group-CDCB2C8C105A: changes role from  FOLLOWER to FOLLOWER at term 7 for recognizeCandidate:b7064b77-9271-4e94-8225-85d895886efb
2019-09-25 11:42:38,403 [grpc-default-executor-12] INFO  impl.RaftServerImpl (RaftServerImpl.java:setRole(174)) - e081c0a5-acfc-4a29-8262-ee158adf5b11@group-6E9EB1C0F638: changes role from  FOLLOWER to FOLLOWER at term 7 for recognizeCandidate:a7d59ef6-3eca-4628-b097-12d983444e7f
2019-09-25 11:42:38,403 [grpc-default-executor-9] INFO  impl.RaftServerImpl (RaftServerImpl.java:setRole(174)) - e081c0a5-acfc-4a29-8262-ee158adf5b11@group-7CC56FB5D3F9: changes role from  FOLLOWER to FOLLOWER at term 7 for recognizeCandidate:19e67e26-3d21-4d01-be9f-29113a4a814c
2019-09-25 11:42:38,403 [grpc-default-executor-14] INFO  impl.RoleInfo (RoleInfo.java:shutdownFollowerState(121)) - d0888866-0bad-4f41-ad37-dccd4a57b958: shutdown FollowerState
2019-09-25 11:42:38,403 [grpc-default-executor-9] INFO  impl.RoleInfo (RoleInfo.java:shutdownFollowerState(121)) - e081c0a5-acfc-4a29-8262-ee158adf5b11: shutdown FollowerState
2019-09-25 11:42:38,403 [grpc-default-executor-11] INFO  impl.RaftServerImpl (RaftServerImpl.java:setRole(174)) - 8c24ed06-386e-4085-8931-93c762a64530@group-CDCB2C8C105A: changes role from  FOLLOWER to FOLLOWER at term 7 for recognizeCandidate:b7064b77-9271-4e94-8225-85d895886efb
2019-09-25 11:42:38,403 [grpc-default-executor-12] INFO  impl.RoleInfo (RoleInfo.java:shutdownFollowerState(121)) - e081c0a5-acfc-4a29-8262-ee158adf5b11: shutdown FollowerState
2019-09-25 11:42:38,404 [grpc-default-executor-11] INFO  impl.RoleInfo (RoleInfo.java:shutdownFollowerState(121)) - 8c24ed06-386e-4085-8931-93c762a64530: shutdown FollowerState
2019-09-25 11:42:38,404 [Thread-1114] INFO  impl.FollowerState (FollowerState.java:run(115)) - e081c0a5-acfc-4a29-8262-ee158adf5b11: FollowerState was interrupted: java.lang.InterruptedException: sleep interrupted
2019-09-25 11:42:38,404 [grpc-default-executor-9] INFO  impl.RoleInfo (RoleInfo.java:updateAndGet(143)) - e081c0a5-acfc-4a29-8262-ee158adf5b11: start FollowerState
2019-09-25 11:42:38,404 [Thread-1112] INFO  impl.FollowerState (FollowerState.java:run(115)) - d0888866-0bad-4f41-ad37-dccd4a57b958: FollowerState was interrupted: java.lang.InterruptedException: sleep interrupted
2019-09-25 11:42:38,404 [grpc-default-executor-14] INFO  impl.RoleInfo (RoleInfo.java:updateAndGet(143)) - d0888866-0bad-4f41-ad37-dccd4a57b958: start FollowerState
2019-09-25 11:42:38,405 [grpc-default-executor-15] INFO  impl.RaftServerImpl (RaftServerImpl.java:setRole(174)) - 8c24ed06-386e-4085-8931-93c762a64530@group-DBE87B3B08CE: changes role from  FOLLOWER to FOLLOWER at term 7 for recognizeCandidate:d0888866-0bad-4f41-ad37-dccd4a57b958
2019-09-25 11:42:38,406 [grpc-default-executor-15] INFO  impl.RoleInfo (RoleInfo.java:shutdownFollowerState(121)) - 8c24ed06-386e-4085-8931-93c762a64530: shutdown FollowerState
2019-09-25 11:42:38,405 [grpc-default-executor-7] INFO  impl.RaftServerImpl (RaftServerImpl.java:setRole(174)) - a7d59ef6-3eca-4628-b097-12d983444e7f@group-7CC56FB5D3F9: changes role from  FOLLOWER to FOLLOWER at term 7 for recognizeCandidate:19e67e26-3d21-4d01-be9f-29113a4a814c
2019-09-25 11:42:38,406 [grpc-default-executor-7] INFO  impl.RoleInfo (RoleInfo.java:shutdownFollowerState(121)) - a7d59ef6-3eca-4628-b097-12d983444e7f: shutdown FollowerState
2019-09-25 11:42:38,405 [Thread-1133] INFO  impl.FollowerState (FollowerState.java:run(115)) - 8c24ed06-386e-4085-8931-93c762a64530: FollowerState was interrupted: java.lang.InterruptedException: sleep interrupted
2019-09-25 11:42:38,406 [Thread-1128] INFO  impl.FollowerState (FollowerState.java:run(115)) - a7d59ef6-3eca-4628-b097-12d983444e7f: FollowerState was interrupted: java.lang.InterruptedException: sleep interrupted
2019-09-25 11:42:38,406 [Thread-1119] INFO  impl.FollowerState (FollowerState.java:run(106)) - d0888866-0bad-4f41-ad37-dccd4a57b958:group-F2E0294EDFC2 changes to CANDIDATE, lastRpcTime:5074, electionTimeout:5074ms
2019-09-25 11:42:38,407 [grpc-default-executor-17] INFO  impl.RaftServerImpl (RaftServerImpl.java:setRole(174)) - a7d59ef6-3eca-4628-b097-12d983444e7f@group-DBE87B3B08CE: changes role from  FOLLOWER to FOLLOWER at term 7 for recognizeCandidate:d0888866-0bad-4f41-ad37-dccd4a57b958
2019-09-25 11:42:38,405 [grpc-default-executor-11] INFO  impl.RoleInfo (RoleInfo.java:updateAndGet(143)) - 8c24ed06-386e-4085-8931-93c762a64530: start FollowerState
2019-09-25 11:42:38,405 [Thread-1117] INFO  impl.FollowerState (FollowerState.java:run(115)) - e081c0a5-acfc-4a29-8262-ee158adf5b11: FollowerState was interrupted: java.lang.InterruptedException: sleep interrupted
2019-09-25 11:42:38,404 [grpc-default-executor-12] INFO  impl.RoleInfo (RoleInfo.java:updateAndGet(143)) - e081c0a5-acfc-4a29-8262-ee158adf5b11: start FollowerState
2019-09-25 11:42:38,407 [grpc-default-executor-17] INFO  impl.RoleInfo (RoleInfo.java:shutdownFollowerState(121)) - a7d59ef6-3eca-4628-b097-12d983444e7f: shutdown FollowerState
2019-09-25 11:42:38,407 [Thread-1119] INFO  impl.RoleInfo (RoleInfo.java:shutdownFollowerState(121)) - d0888866-0bad-4f41-ad37-dccd4a57b958: shutdown FollowerState
2019-09-25 11:42:38,414 [Thread-1119] INFO  impl.RaftServerImpl (RaftServerImpl.java:setRole(174)) - d0888866-0bad-4f41-ad37-dccd4a57b958@group-F2E0294EDFC2: changes role from  FOLLOWER to CANDIDATE at term 6 for changeToCandidate
2019-09-25 11:42:38,406 [grpc-default-executor-10] INFO  impl.RaftServerImpl (RaftServerImpl.java:setRole(174)) - b7064b77-9271-4e94-8225-85d895886efb@group-6E9EB1C0F638: changes role from  FOLLOWER to FOLLOWER at term 7 for recognizeCandidate:a7d59ef6-3eca-4628-b097-12d983444e7f
2019-09-25 11:42:38,414 [grpc-default-executor-10] INFO  impl.RoleInfo (RoleInfo.java:shutdownFollowerState(121)) - b7064b77-9271-4e94-8225-85d895886efb: shutdown FollowerState
2019-09-25 11:42:38,406 [grpc-default-executor-7] INFO  impl.RoleInfo (RoleInfo.java:updateAndGet(143)) - a7d59ef6-3eca-4628-b097-12d983444e7f: start FollowerState
2019-09-25 11:42:38,406 [grpc-default-executor-16] INFO  impl.RaftServerImpl (RaftServerImpl.java:setRole(174)) - e081c0a5-acfc-4a29-8262-ee158adf5b11@group-BF1BD4D8076C: changes role from  FOLLOWER to FOLLOWER at term 7 for recognizeCandidate:19e67e26-3d21-4d01-be9f-29113a4a814c
2019-09-25 11:42:38,406 [Thread-1136] INFO  impl.FollowerState (FollowerState.java:run(115)) - 8c24ed06-386e-4085-8931-93c762a64530: FollowerState was interrupted: java.lang.InterruptedException: sleep interrupted
2019-09-25 11:42:38,406 [grpc-default-executor-15] INFO  impl.RoleInfo (RoleInfo.java:updateAndGet(143)) - 8c24ed06-386e-4085-8931-93c762a64530: start FollowerState
2019-09-25 11:42:38,406 [grpc-default-executor-4] INFO  impl.RaftServerImpl (RaftServerImpl.java:setRole(174)) - 8c24ed06-386e-4085-8931-93c762a64530@group-BF1BD4D8076C: changes role from  FOLLOWER to FOLLOWER at term 7 for recognizeCandidate:19e67e26-3d21-4d01-be9f-29113a4a814c
2019-09-25 11:42:38,415 [grpc-default-executor-16] INFO  impl.RoleInfo (RoleInfo.java:shutdownFollowerState(121)) - e081c0a5-acfc-4a29-8262-ee158adf5b11: shutdown FollowerState
2019-09-25 11:42:38,415 [Thread-1110] INFO  impl.FollowerState (FollowerState.java:run(106)) - 19e67e26-3d21-4d01-be9f-29113a4a814c:group-B9DEF2EDD277 changes to CANDIDATE, lastRpcTime:5090, electionTimeout:5089ms
2019-09-25 11:42:38,414 [Thread-1135] INFO  impl.FollowerState (FollowerState.java:run(115)) - b7064b77-9271-4e94-8225-85d895886efb: FollowerState was interrupted: java.lang.InterruptedException: sleep interrupted
2019-09-25 11:42:38,414 [grpc-default-executor-10] INFO  impl.RoleInfo (RoleInfo.java:updateAndGet(143)) - b7064b77-9271-4e94-8225-85d895886efb: start FollowerState
2019-09-25 11:42:38,414 [a7d59ef6-3eca-4628-b097-12d983444e7f@group-47DBAAEC82C8:LeaderElection208] INFO  impl.LeaderElection (LeaderElection.java:askForVotes(182)) - a7d59ef6-3eca-4628-b097-12d983444e7f@group-47DBAAEC82C8:LeaderElection208: begin an election at term 7 for -1: [a7d59ef6-3eca-4628-b097-12d983444e7f:192.168.30.6:43486, 8c24ed06-386e-4085-8931-93c762a64530:192.168.30.6:32862, b7064b77-9271-4e94-8225-85d895886efb:192.168.30.6:41519], old=null
2019-09-25 11:42:38,414 [Thread-1119] INFO  impl.RoleInfo (RoleInfo.java:updateAndGet(143)) - d0888866-0bad-4f41-ad37-dccd4a57b958: start LeaderElection
2019-09-25 11:42:38,414 [Thread-1129] INFO  impl.FollowerState (FollowerState.java:run(115)) - a7d59ef6-3eca-4628-b097-12d983444e7f: FollowerState was interrupted: java.lang.InterruptedException: sleep interrupted
2019-09-25 11:42:38,414 [grpc-default-executor-17] INFO  impl.RoleInfo (RoleInfo.java:updateAndGet(143)) - a7d59ef6-3eca-4628-b097-12d983444e7f: start FollowerState
2019-09-25 11:42:38,416 [Thread-1110] INFO  impl.RoleInfo (RoleInfo.java:shutdownFollowerState(121)) - 19e67e26-3d21-4d01-be9f-29113a4a814c: shutdown FollowerState
2019-09-25 11:42:38,416 [Thread-1126] INFO  impl.FollowerState (FollowerState.java:run(115)) - e081c0a5-acfc-4a29-8262-ee158adf5b11: FollowerState was interrupted: java.lang.InterruptedException: sleep interrupted
2019-09-25 11:42:38,415 [grpc-default-executor-16] INFO  impl.RoleInfo (RoleInfo.java:updateAndGet(143)) - e081c0a5-acfc-4a29-8262-ee158adf5b11: start FollowerState
2019-09-25 11:42:38,415 [grpc-default-executor-4] INFO  impl.RoleInfo (RoleInfo.java:shutdownFollowerState(121)) - 8c24ed06-386e-4085-8931-93c762a64530: shutdown FollowerState
2019-09-25 11:42:38,417 [Thread-1110] INFO  impl.RaftServerImpl (RaftServerImpl.java:setRole(174)) - 19e67e26-3d21-4d01-be9f-29113a4a814c@group-B9DEF2EDD277: changes role from  FOLLOWER to CANDIDATE at term 6 for changeToCandidate
2019-09-25 11:42:38,418 [grpc-default-executor-4] INFO  impl.RoleInfo (RoleInfo.java:updateAndGet(143)) - 8c24ed06-386e-4085-8931-93c762a64530: start FollowerState
2019-09-25 11:42:38,418 [Thread-1110] INFO  impl.RoleInfo (RoleInfo.java:updateAndGet(143)) - 19e67e26-3d21-4d01-be9f-29113a4a814c: start LeaderElection
2019-09-25 11:42:38,418 [Thread-1134] INFO  impl.FollowerState (FollowerState.java:run(115)) - 8c24ed06-386e-4085-8931-93c762a64530: FollowerState was interrupted: java.lang.InterruptedException: sleep interrupted
2019-09-25 11:42:38,420 [grpc-default-executor-6] INFO  impl.RaftServerImpl (RaftServerImpl.java:setRole(174)) - 8c24ed06-386e-4085-8931-93c762a64530@group-47DBAAEC82C8: changes role from  FOLLOWER to FOLLOWER at term 7 for recognizeCandidate:a7d59ef6-3eca-4628-b097-12d983444e7f
2019-09-25 11:42:38,420 [grpc-default-executor-6] INFO  impl.RoleInfo (RoleInfo.java:shutdownFollowerState(121)) - 8c24ed06-386e-4085-8931-93c762a64530: shutdown FollowerState
2019-09-25 11:42:38,420 [grpc-default-executor-6] INFO  impl.RoleInfo (RoleInfo.java:updateAndGet(143)) - 8c24ed06-386e-4085-8931-93c762a64530: start FollowerState
2019-09-25 11:42:38,420 [Thread-1116] INFO  impl.FollowerState (FollowerState.java:run(115)) - 8c24ed06-386e-4085-8931-93c762a64530: FollowerState was interrupted: java.lang.InterruptedException: sleep interrupted
2019-09-25 11:42:38,421 [Thread-1107] INFO  impl.FollowerState (FollowerState.java:run(106)) - a7d59ef6-3eca-4628-b097-12d983444e7f:group-F2E0294EDFC2 changes to CANDIDATE, lastRpcTime:5104, electionTimeout:5104ms
2019-09-25 11:42:38,421 [Thread-1107] INFO  impl.RoleInfo (RoleInfo.java:shutdownFollowerState(121)) - a7d59ef6-3eca-4628-b097-12d983444e7f: shutdown FollowerState
2019-09-25 11:42:38,421 [grpc-default-executor-8] INFO  impl.RaftServerImpl (RaftServerImpl.java:setRole(174)) - b7064b77-9271-4e94-8225-85d895886efb@group-47DBAAEC82C8: changes role from  FOLLOWER to FOLLOWER at term 7 for recognizeCandidate:a7d59ef6-3eca-4628-b097-12d983444e7f
2019-09-25 11:42:38,421 [Thread-1107] INFO  impl.RaftServerImpl (RaftServerImpl.java:setRole(174)) - a7d59ef6-3eca-4628-b097-12d983444e7f@group-F2E0294EDFC2: changes role from  FOLLOWER to CANDIDATE at term 6 for changeToCandidate
2019-09-25 11:42:38,421 [grpc-default-executor-8] INFO  impl.RoleInfo (RoleInfo.java:shutdownFollowerState(121)) - b7064b77-9271-4e94-8225-85d895886efb: shutdown FollowerState
2019-09-25 11:42:38,421 [Thread-1107] INFO  impl.RoleInfo (RoleInfo.java:updateAndGet(143)) - a7d59ef6-3eca-4628-b097-12d983444e7f: start LeaderElection
2019-09-25 11:42:38,421 [Thread-1118] INFO  impl.FollowerState (FollowerState.java:run(115)) - b7064b77-9271-4e94-8225-85d895886efb: FollowerState was interrupted: java.lang.InterruptedException: sleep interrupted
2019-09-25 11:42:38,421 [grpc-default-executor-8] INFO  impl.RoleInfo (RoleInfo.java:updateAndGet(143)) - b7064b77-9271-4e94-8225-85d895886efb: start FollowerState
2019-09-25 11:42:38,427 [Thread-1105] INFO  impl.FollowerState (FollowerState.java:run(106)) - 19e67e26-3d21-4d01-be9f-29113a4a814c:group-071025EF7F78 changes to CANDIDATE, lastRpcTime:5115, electionTimeout:5115ms
2019-09-25 11:42:38,427 [Thread-1105] INFO  impl.RoleInfo (RoleInfo.java:shutdownFollowerState(121)) - 19e67e26-3d21-4d01-be9f-29113a4a814c: shutdown FollowerState
2019-09-25 11:42:38,427 [Thread-1105] INFO  impl.RaftServerImpl (RaftServerImpl.java:setRole(174)) - 19e67e26-3d21-4d01-be9f-29113a4a814c@group-071025EF7F78: changes role from  FOLLOWER to CANDIDATE at term 6 for changeToCandidate
2019-09-25 11:42:38,427 [Thread-1105] INFO  impl.RoleInfo (RoleInfo.java:updateAndGet(143)) - 19e67e26-3d21-4d01-be9f-29113a4a814c: start LeaderElection
2019-09-25 11:42:38,435 [Thread-1108] INFO  impl.FollowerState (FollowerState.java:run(106)) - a7d59ef6-3eca-4628-b097-12d983444e7f:group-282EF1BFFEE0 changes to CANDIDATE, lastRpcTime:5113, electionTimeout:5113ms
2019-09-25 11:42:38,435 [Thread-1108] INFO  impl.RoleInfo (RoleInfo.java:shutdownFollowerState(121)) - a7d59ef6-3eca-4628-b097-12d983444e7f: shutdown FollowerState
2019-09-25 11:42:38,435 [Thread-1108] INFO  impl.RaftServerImpl (RaftServerImpl.java:setRole(174)) - a7d59ef6-3eca-4628-b097-12d983444e7f@group-282EF1BFFEE0: changes role from  FOLLOWER to CANDIDATE at term 6 for changeToCandidate
2019-09-25 11:42:38,435 [Thread-1108] INFO  impl.RoleInfo (RoleInfo.java:updateAndGet(143)) - a7d59ef6-3eca-4628-b097-12d983444e7f: start LeaderElection
2019-09-25 11:42:38,438 [Thread-1132] INFO  impl.FollowerState (FollowerState.java:run(106)) - d0888866-0bad-4f41-ad37-dccd4a57b958:group-071025EF7F78 changes to CANDIDATE, lastRpcTime:5090, electionTimeout:5088ms
2019-09-25 11:42:38,438 [Thread-1132] INFO  impl.RoleInfo (RoleInfo.java:shutdownFollowerState(121)) - d0888866-0bad-4f41-ad37-dccd4a57b958: shutdown FollowerState
2019-09-25 11:42:38,438 [Thread-1132] INFO  impl.RaftServerImpl (RaftServerImpl.java:setRole(174)) - d0888866-0bad-4f41-ad37-dccd4a57b958@group-071025EF7F78: changes role from  FOLLOWER to CANDIDATE at term 6 for changeToCandidate
2019-09-25 11:42:38,438 [Thread-1132] INFO  impl.RoleInfo (RoleInfo.java:updateAndGet(143)) - d0888866-0bad-4f41-ad37-dccd4a57b958: start LeaderElection
2019-09-25 11:42:38,441 [d0888866-0bad-4f41-ad37-dccd4a57b958@group-F2E0294EDFC2:LeaderElection209] INFO  impl.LeaderElection (LeaderElection.java:askForVotes(182)) - d0888866-0bad-4f41-ad37-dccd4a57b958@group-F2E0294EDFC2:LeaderElection209: begin an election at term 7 for -1: [d0888866-0bad-4f41-ad37-dccd4a57b958:192.168.30.6:45405, a7d59ef6-3eca-4628-b097-12d983444e7f:192.168.30.6:43486, b7064b77-9271-4e94-8225-85d895886efb:192.168.30.6:41519], old=null
2019-09-25 11:42:38,441 [Thread-1109] INFO  impl.FollowerState (FollowerState.java:run(106)) - 19e67e26-3d21-4d01-be9f-29113a4a814c:group-ADB1B60517AF changes to CANDIDATE, lastRpcTime:5118, electionTimeout:5118ms
2019-09-25 11:42:38,441 [19e67e26-3d21-4d01-be9f-29113a4a814c@group-B9DEF2EDD277:LeaderElection210] INFO  impl.LeaderElection (LeaderElection.java:askForVotes(182)) - 19e67e26-3d21-4d01-be9f-29113a4a814c@group-B9DEF2EDD277:LeaderElection210: begin an election at term 7 for -1: [19e67e26-3d21-4d01-be9f-29113a4a814c:192.168.30.6:34535, 8c24ed06-386e-4085-8931-93c762a64530:192.168.30.6:32862, b7064b77-9271-4e94-8225-85d895886efb:192.168.30.6:41519], old=null
2019-09-25 11:42:38,441 [a7d59ef6-3eca-4628-b097-12d983444e7f@group-F2E0294EDFC2:LeaderElection211] INFO  impl.LeaderElection (LeaderElection.java:askForVotes(182)) - a7d59ef6-3eca-4628-b097-12d983444e7f@group-F2E0294EDFC2:LeaderElection211: begin an election at term 7 for -1: [d0888866-0bad-4f41-ad37-dccd4a57b958:192.168.30.6:45405, a7d59ef6-3eca-4628-b097-12d983444e7f:192.168.30.6:43486, b7064b77-9271-4e94-8225-85d895886efb:192.168.30.6:41519], old=null
2019-09-25 11:42:38,441 [Thread-1109] INFO  impl.RoleInfo (RoleInfo.java:shutdownFollowerState(121)) - 19e67e26-3d21-4d01-be9f-29113a4a814c: shutdown FollowerState
2019-09-25 11:42:38,442 [Thread-1109] INFO  impl.RaftServerImpl (RaftServerImpl.java:setRole(174)) - 19e67e26-3d21-4d01-be9f-29113a4a814c@group-ADB1B60517AF: changes role from  FOLLOWER to CANDIDATE at term 6 for changeToCandidate
2019-09-25 11:42:38,442 [Thread-1109] INFO  impl.RoleInfo (RoleInfo.java:updateAndGet(143)) - 19e67e26-3d21-4d01-be9f-29113a4a814c: start LeaderElection
2019-09-25 11:42:38,443 [19e67e26-3d21-4d01-be9f-29113a4a814c@group-7CC56FB5D3F9:LeaderElection206] INFO  impl.LeaderElection (LeaderElection.java:logAndReturn(56)) - 19e67e26-3d21-4d01-be9f-29113a4a814c@group-7CC56FB5D3F9:LeaderElection206: Election PASSED; received 1 response(s) [19e67e26-3d21-4d01-be9f-29113a4a814c<-a7d59ef6-3eca-4628-b097-12d983444e7f#0:OK-t7] and 0 exception(s); 19e67e26-3d21-4d01-be9f-29113a4a814c@group-7CC56FB5D3F9:t7, leader=null, voted=19e67e26-3d21-4d01-be9f-29113a4a814c, raftlog=19e67e26-3d21-4d01-be9f-29113a4a814c@group-7CC56FB5D3F9-SegmentedRaftLog:OPENED:c-1,f-1,i0, conf=-1: [e081c0a5-acfc-4a29-8262-ee158adf5b11:192.168.30.6:37941, 19e67e26-3d21-4d01-be9f-29113a4a814c:192.168.30.6:34535, a7d59ef6-3eca-4628-b097-12d983444e7f:192.168.30.6:43486], old=null
2019-09-25 11:42:38,443 [a7d59ef6-3eca-4628-b097-12d983444e7f@group-6E9EB1C0F638:LeaderElection204] INFO  impl.LeaderElection (LeaderElection.java:logAndReturn(56)) - a7d59ef6-3eca-4628-b097-12d983444e7f@group-6E9EB1C0F638:LeaderElection204: Election PASSED; received 1 response(s) [a7d59ef6-3eca-4628-b097-12d983444e7f<-e081c0a5-acfc-4a29-8262-ee158adf5b11#0:OK-t7] and 0 exception(s); a7d59ef6-3eca-4628-b097-12d983444e7f@group-6E9EB1C0F638:t7, leader=null, voted=a7d59ef6-3eca-4628-b097-12d983444e7f, raftlog=a7d59ef6-3eca-4628-b097-12d983444e7f@group-6E9EB1C0F638-SegmentedRaftLog:OPENED:c-1,f-1,i0, conf=-1: [e081c0a5-acfc-4a29-8262-ee158adf5b11:192.168.30.6:37941, a7d59ef6-3eca-4628-b097-12d983444e7f:192.168.30.6:43486, b7064b77-9271-4e94-8225-85d895886efb:192.168.30.6:41519], old=null
2019-09-25 11:42:38,443 [19e67e26-3d21-4d01-be9f-29113a4a814c@group-7CC56FB5D3F9:LeaderElection206] INFO  impl.RoleInfo (RoleInfo.java:shutdownLeaderElection(134)) - 19e67e26-3d21-4d01-be9f-29113a4a814c: shutdown LeaderElection
2019-09-25 11:42:38,443 [a7d59ef6-3eca-4628-b097-12d983444e7f@group-6E9EB1C0F638:LeaderElection204] INFO  impl.RoleInfo (RoleInfo.java:shutdownLeaderElection(134)) - a7d59ef6-3eca-4628-b097-12d983444e7f: shutdown LeaderElection
2019-09-25 11:42:38,444 [a7d59ef6-3eca-4628-b097-12d983444e7f@group-282EF1BFFEE0:LeaderElection213] INFO  impl.LeaderElection (LeaderElection.java:askForVotes(182)) - a7d59ef6-3eca-4628-b097-12d983444e7f@group-282EF1BFFEE0:LeaderElection213: begin an election at term 7 for -1: [d0888866-0bad-4f41-ad37-dccd4a57b958:192.168.30.6:45405, a7d59ef6-3eca-4628-b097-12d983444e7f:192.168.30.6:43486, b7064b77-9271-4e94-8225-85d895886efb:192.168.30.6:41519], old=null
2019-09-25 11:42:38,443 [19e67e26-3d21-4d01-be9f-29113a4a814c@group-7CC56FB5D3F9:LeaderElection206] INFO  impl.RaftServerImpl (RaftServerImpl.java:setRole(174)) - 19e67e26-3d21-4d01-be9f-29113a4a814c@group-7CC56FB5D3F9: changes role from CANDIDATE to LEADER at term 7 for changeToLeader
2019-09-25 11:42:38,444 [19e67e26-3d21-4d01-be9f-29113a4a814c@group-BF1BD4D8076C:LeaderElection205] INFO  impl.LeaderElection (LeaderElection.java:logAndReturn(56)) - 19e67e26-3d21-4d01-be9f-29113a4a814c@group-BF1BD4D8076C:LeaderElection205: Election PASSED; received 1 response(s) [19e67e26-3d21-4d01-be9f-29113a4a814c<-e081c0a5-acfc-4a29-8262-ee158adf5b11#0:OK-t7] and 0 exception(s); 19e67e26-3d21-4d01-be9f-29113a4a814c@group-BF1BD4D8076C:t7, leader=null, voted=19e67e26-3d21-4d01-be9f-29113a4a814c, raftlog=19e67e26-3d21-4d01-be9f-29113a4a814c@group-BF1BD4D8076C-SegmentedRaftLog:OPENED:c-1,f-1,i0, conf=-1: [e081c0a5-acfc-4a29-8262-ee158adf5b11:192.168.30.6:37941, 19e67e26-3d21-4d01-be9f-29113a4a814c:192.168.30.6:34535, 8c24ed06-386e-4085-8931-93c762a64530:192.168.30.6:32862], old=null
2019-09-25 11:42:38,444 [b7064b77-9271-4e94-8225-85d895886efb@group-CDCB2C8C105A:LeaderElection207] INFO  impl.LeaderElection (LeaderElection.java:logAndReturn(56)) - b7064b77-9271-4e94-8225-85d895886efb@group-CDCB2C8C105A:LeaderElection207: Election PASSED; received 1 response(s) [b7064b77-9271-4e94-8225-85d895886efb<-8c24ed06-386e-4085-8931-93c762a64530#0:OK-t7] and 0 exception(s); b7064b77-9271-4e94-8225-85d895886efb@group-CDCB2C8C105A:t7, leader=null, voted=b7064b77-9271-4e94-8225-85d895886efb, raftlog=b7064b77-9271-4e94-8225-85d895886efb@group-CDCB2C8C105A-SegmentedRaftLog:OPENED:c-1,f-1,i0, conf=-1: [d0888866-0bad-4f41-ad37-dccd4a57b958:192.168.30.6:45405, 8c24ed06-386e-4085-8931-93c762a64530:192.168.30.6:32862, b7064b77-9271-4e94-8225-85d895886efb:192.168.30.6:41519], old=null
2019-09-25 11:42:38,444 [a7d59ef6-3eca-4628-b097-12d983444e7f@group-47DBAAEC82C8:LeaderElection208] INFO  impl.LeaderElection (LeaderElection.java:logAndReturn(56)) - a7d59ef6-3eca-4628-b097-12d983444e7f@group-47DBAAEC82C8:LeaderElection208: Election PASSED; received 1 response(s) [a7d59ef6-3eca-4628-b097-12d983444e7f<-b7064b77-9271-4e94-8225-85d895886efb#0:OK-t7] and 0 exception(s); a7d59ef6-3eca-4628-b097-12d983444e7f@group-47DBAAEC82C8:t7, leader=null, voted=a7d59ef6-3eca-4628-b097-12d983444e7f, raftlog=a7d59ef6-3eca-4628-b097-12d983444e7f@group-47DBAAEC82C8-SegmentedRaftLog:OPENED:c-1,f-1,i0, conf=-1: [a7d59ef6-3eca-4628-b097-12d983444e7f:192.168.30.6:43486, 8c24ed06-386e-4085-8931-93c762a64530:192.168.30.6:32862, b7064b77-9271-4e94-8225-85d895886efb:192.168.30.6:41519], old=null
2019-09-25 11:42:38,444 [19e67e26-3d21-4d01-be9f-29113a4a814c@group-071025EF7F78:LeaderElection212] INFO  impl.LeaderElection (LeaderElection.java:askForVotes(182)) - 19e67e26-3d21-4d01-be9f-29113a4a814c@group-071025EF7F78:LeaderElection212: begin an election at term 7 for -1: [e081c0a5-acfc-4a29-8262-ee158adf5b11:192.168.30.6:37941, d0888866-0bad-4f41-ad37-dccd4a57b958:192.168.30.6:45405, 19e67e26-3d21-4d01-be9f-29113a4a814c:192.168.30.6:34535], old=null
2019-09-25 11:42:38,444 [a7d59ef6-3eca-4628-b097-12d983444e7f@group-6E9EB1C0F638:LeaderElection204] INFO  impl.RaftServerImpl (RaftServerImpl.java:setRole(174)) - a7d59ef6-3eca-4628-b097-12d983444e7f@group-6E9EB1C0F638: changes role from CANDIDATE to LEADER at term 7 for changeToLeader
2019-09-25 11:42:38,445 [d0888866-0bad-4f41-ad37-dccd4a57b958@group-071025EF7F78:LeaderElection214] INFO  impl.LeaderElection (LeaderElection.java:askForVotes(182)) - d0888866-0bad-4f41-ad37-dccd4a57b958@group-071025EF7F78:LeaderElection214: begin an election at term 7 for -1: [e081c0a5-acfc-4a29-8262-ee158adf5b11:192.168.30.6:37941, d0888866-0bad-4f41-ad37-dccd4a57b958:192.168.30.6:45405, 19e67e26-3d21-4d01-be9f-29113a4a814c:192.168.30.6:34535], old=null
2019-09-25 11:42:38,445 [a7d59ef6-3eca-4628-b097-12d983444e7f@group-47DBAAEC82C8:LeaderElection208] INFO  impl.RoleInfo (RoleInfo.java:shutdownLeaderElection(134)) - a7d59ef6-3eca-4628-b097-12d983444e7f: shutdown LeaderElection
2019-09-25 11:42:38,444 [b7064b77-9271-4e94-8225-85d895886efb@group-CDCB2C8C105A:LeaderElection207] INFO  impl.RoleInfo (RoleInfo.java:shutdownLeaderElection(134)) - b7064b77-9271-4e94-8225-85d895886efb: shutdown LeaderElection
2019-09-25 11:42:38,444 [19e67e26-3d21-4d01-be9f-29113a4a814c@group-BF1BD4D8076C:LeaderElection205] INFO  impl.RoleInfo (RoleInfo.java:shutdownLeaderElection(134)) - 19e67e26-3d21-4d01-be9f-29113a4a814c: shutdown LeaderElection
2019-09-25 11:42:38,444 [19e67e26-3d21-4d01-be9f-29113a4a814c@group-7CC56FB5D3F9:LeaderElection206] INFO  impl.RaftServerImpl (ServerState.java:setLeader(253)) - 19e67e26-3d21-4d01-be9f-29113a4a814c@group-7CC56FB5D3F9: change Leader from null to 19e67e26-3d21-4d01-be9f-29113a4a814c at term 7 for becomeLeader, leader elected after 54710ms
2019-09-25 11:42:38,446 [19e67e26-3d21-4d01-be9f-29113a4a814c@group-BF1BD4D8076C:LeaderElection205] INFO  impl.RaftServerImpl (RaftServerImpl.java:setRole(174)) - 19e67e26-3d21-4d01-be9f-29113a4a814c@group-BF1BD4D8076C: changes role from CANDIDATE to LEADER at term 7 for changeToLeader
2019-09-25 11:42:38,446 [b7064b77-9271-4e94-8225-85d895886efb@group-CDCB2C8C105A:LeaderElection207] INFO  impl.RaftServerImpl (RaftServerImpl.java:setRole(174)) - b7064b77-9271-4e94-8225-85d895886efb@group-CDCB2C8C105A: changes role from CANDIDATE to LEADER at term 7 for changeToLeader
2019-09-25 11:42:38,446 [d0888866-0bad-4f41-ad37-dccd4a57b958@group-DBE87B3B08CE:LeaderElection203] INFO  impl.LeaderElection (LeaderElection.java:logAndReturn(56)) - d0888866-0bad-4f41-ad37-dccd4a57b958@group-DBE87B3B08CE:LeaderElection203: Election PASSED; received 1 response(s) [d0888866-0bad-4f41-ad37-dccd4a57b958<-8c24ed06-386e-4085-8931-93c762a64530#0:OK-t7] and 0 exception(s); d0888866-0bad-4f41-ad37-dccd4a57b958@group-DBE87B3B08CE:t7, leader=null, voted=d0888866-0bad-4f41-ad37-dccd4a57b958, raftlog=d0888866-0bad-4f41-ad37-dccd4a57b958@group-DBE87B3B08CE-SegmentedRaftLog:OPENED:c-1,f-1,i0, conf=-1: [d0888866-0bad-4f41-ad37-dccd4a57b958:192.168.30.6:45405, a7d59ef6-3eca-4628-b097-12d983444e7f:192.168.30.6:43486, 8c24ed06-386e-4085-8931-93c762a64530:192.168.30.6:32862], old=null
2019-09-25 11:42:38,446 [grpc-default-executor-11] INFO  impl.RaftServerImpl (RaftServerImpl.java:setRole(174)) - b7064b77-9271-4e94-8225-85d895886efb@group-F2E0294EDFC2: changes role from  FOLLOWER to FOLLOWER at term 7 for recognizeCandidate:a7d59ef6-3eca-4628-b097-12d983444e7f
2019-09-25 11:42:38,446 [a7d59ef6-3eca-4628-b097-12d983444e7f@group-47DBAAEC82C8:LeaderElection208] INFO  impl.RaftServerImpl (RaftServerImpl.java:setRole(174)) - a7d59ef6-3eca-4628-b097-12d983444e7f@group-47DBAAEC82C8: changes role from CANDIDATE to LEADER at term 7 for changeToLeader
2019-09-25 11:42:38,446 [19e67e26-3d21-4d01-be9f-29113a4a814c@group-ADB1B60517AF:LeaderElection215] INFO  impl.LeaderElection (LeaderElection.java:askForVotes(182)) - 19e67e26-3d21-4d01-be9f-29113a4a814c@group-ADB1B60517AF:LeaderElection215: begin an election at term 7 for -1: [d0888866-0bad-4f41-ad37-dccd4a57b958:192.168.30.6:45405, 19e67e26-3d21-4d01-be9f-29113a4a814c:192.168.30.6:34535, 8c24ed06-386e-4085-8931-93c762a64530:192.168.30.6:32862], old=null
2019-09-25 11:42:38,445 [a7d59ef6-3eca-4628-b097-12d983444e7f@group-6E9EB1C0F638:LeaderElection204] INFO  impl.RaftServerImpl (ServerState.java:setLeader(253)) - a7d59ef6-3eca-4628-b097-12d983444e7f@group-6E9EB1C0F638: change Leader from null to a7d59ef6-3eca-4628-b097-12d983444e7f at term 7 for becomeLeader, leader elected after 54533ms
2019-09-25 11:42:38,447 [a7d59ef6-3eca-4628-b097-12d983444e7f@group-47DBAAEC82C8:LeaderElection208] INFO  impl.RaftServerImpl (ServerState.java:setLeader(253)) - a7d59ef6-3eca-4628-b097-12d983444e7f@group-47DBAAEC82C8: change Leader from null to a7d59ef6-3eca-4628-b097-12d983444e7f at term 7 for becomeLeader, leader elected after 55129ms
2019-09-25 11:42:38,447 [grpc-default-executor-11] INFO  impl.RoleInfo (RoleInfo.java:shutdownFollowerState(121)) - b7064b77-9271-4e94-8225-85d895886efb: shutdown FollowerState
2019-09-25 11:42:38,446 [d0888866-0bad-4f41-ad37-dccd4a57b958@group-DBE87B3B08CE:LeaderElection203] INFO  impl.RoleInfo (RoleInfo.java:shutdownLeaderElection(134)) - d0888866-0bad-4f41-ad37-dccd4a57b958: shutdown LeaderElection
2019-09-25 11:42:38,446 [b7064b77-9271-4e94-8225-85d895886efb@group-CDCB2C8C105A:LeaderElection207] INFO  impl.RaftServerImpl (ServerState.java:setLeader(253)) - b7064b77-9271-4e94-8225-85d895886efb@group-CDCB2C8C105A: change Leader from null to b7064b77-9271-4e94-8225-85d895886efb at term 7 for becomeLeader, leader elected after 55425ms
2019-09-25 11:42:38,446 [19e67e26-3d21-4d01-be9f-29113a4a814c@group-7CC56FB5D3F9:LeaderElection206] INFO  server.RaftServerConfigKeys (ConfUtils.java:logGet(43)) - raft.server.staging.catchup.gap = 1000 (default)
2019-09-25 11:42:38,446 [19e67e26-3d21-4d01-be9f-29113a4a814c@group-BF1BD4D8076C:LeaderElection205] INFO  impl.RaftServerImpl (ServerState.java:setLeader(253)) - 19e67e26-3d21-4d01-be9f-29113a4a814c@group-BF1BD4D8076C: change Leader from null to 19e67e26-3d21-4d01-be9f-29113a4a814c at term 7 for becomeLeader, leader elected after 55225ms
2019-09-25 11:42:38,452 [19e67e26-3d21-4d01-be9f-29113a4a814c@group-7CC56FB5D3F9:LeaderElection206] INFO  server.RaftServerConfigKeys (ConfUtils.java:logGet(43)) - raft.server.rpc.sleep.time = 25ms (default)
2019-09-25 11:42:38,452 [b7064b77-9271-4e94-8225-85d895886efb@group-CDCB2C8C105A:LeaderElection207] INFO  server.RaftServerConfigKeys (ConfUtils.java:logGet(43)) - raft.server.staging.catchup.gap = 1000 (default)
2019-09-25 11:42:38,450 [Thread-1125] INFO  impl.FollowerState (FollowerState.java:run(106)) - b7064b77-9271-4e94-8225-85d895886efb:group-282EF1BFFEE0 changes to CANDIDATE, lastRpcTime:5108, electionTimeout:5108ms
2019-09-25 11:42:38,450 [d0888866-0bad-4f41-ad37-dccd4a57b958@group-DBE87B3B08CE:LeaderElection203] INFO  impl.RaftServerImpl (RaftServerImpl.java:setRole(174)) - d0888866-0bad-4f41-ad37-dccd4a57b958@group-DBE87B3B08CE: changes role from CANDIDATE to LEADER at term 7 for changeToLeader
2019-09-25 11:42:38,452 [d0888866-0bad-4f41-ad37-dccd4a57b958@group-DBE87B3B08CE:LeaderElection203] INFO  impl.RaftServerImpl (ServerState.java:setLeader(253)) - d0888866-0bad-4f41-ad37-dccd4a57b958@group-DBE87B3B08CE: change Leader from null to d0888866-0bad-4f41-ad37-dccd4a57b958 at term 7 for becomeLeader, leader elected after 54895ms
2019-09-25 11:42:38,450 [Thread-1106] INFO  impl.FollowerState (FollowerState.java:run(115)) - b7064b77-9271-4e94-8225-85d895886efb: FollowerState was interrupted: java.lang.InterruptedException: sleep interrupted
2019-09-25 11:42:38,450 [grpc-default-executor-11] INFO  impl.RoleInfo (RoleInfo.java:updateAndGet(143)) - b7064b77-9271-4e94-8225-85d895886efb: start FollowerState
2019-09-25 11:42:38,450 [a7d59ef6-3eca-4628-b097-12d983444e7f@group-47DBAAEC82C8:LeaderElection208] INFO  server.RaftServerConfigKeys (ConfUtils.java:logGet(43)) - raft.server.staging.catchup.gap = 1000 (default)
2019-09-25 11:42:38,450 [Thread-1121] INFO  impl.FollowerState (FollowerState.java:run(106)) - 8c24ed06-386e-4085-8931-93c762a64530:group-B9DEF2EDD277 changes to CANDIDATE, lastRpcTime:5115, electionTimeout:5114ms
2019-09-25 11:42:38,455 [Thread-1121] INFO  impl.RoleInfo (RoleInfo.java:shutdownFollowerState(121)) - 8c24ed06-386e-4085-8931-93c762a64530: shutdown FollowerState
2019-09-25 11:42:38,449 [a7d59ef6-3eca-4628-b097-12d983444e7f@group-6E9EB1C0F638:LeaderElection204] INFO  server.RaftServerConfigKeys (ConfUtils.java:logGet(43)) - raft.server.staging.catchup.gap = 1000 (default)
2019-09-25 11:42:38,455 [Thread-1121] INFO  impl.RaftServerImpl (RaftServerImpl.java:setRole(174)) - 8c24ed06-386e-4085-8931-93c762a64530@group-B9DEF2EDD277: changes role from  FOLLOWER to CANDIDATE at term 6 for changeToCandidate
2019-09-25 11:42:38,455 [a7d59ef6-3eca-4628-b097-12d983444e7f@group-47DBAAEC82C8:LeaderElection208] INFO  server.RaftServerConfigKeys (ConfUtils.java:logGet(43)) - raft.server.rpc.sleep.time = 25ms (default)
2019-09-25 11:42:38,454 [d0888866-0bad-4f41-ad37-dccd4a57b958@group-DBE87B3B08CE:LeaderElection203] INFO  server.RaftServerConfigKeys (ConfUtils.java:logGet(43)) - raft.server.staging.catchup.gap = 1000 (default)
2019-09-25 11:42:38,454 [Thread-1130] INFO  impl.FollowerState (FollowerState.java:run(106)) - b7064b77-9271-4e94-8225-85d895886efb:group-B9DEF2EDD277 changes to CANDIDATE, lastRpcTime:5109, electionTimeout:5107ms
2019-09-25 11:42:38,452 [Thread-1125] INFO  impl.RoleInfo (RoleInfo.java:shutdownFollowerState(121)) - b7064b77-9271-4e94-8225-85d895886efb: shutdown FollowerState
2019-09-25 11:42:38,452 [b7064b77-9271-4e94-8225-85d895886efb@group-CDCB2C8C105A:LeaderElection207] INFO  server.RaftServerConfigKeys (ConfUtils.java:logGet(43)) - raft.server.rpc.sleep.time = 25ms (default)
2019-09-25 11:42:38,452 [19e67e26-3d21-4d01-be9f-29113a4a814c@group-7CC56FB5D3F9:LeaderElection206] INFO  server.RaftServerConfigKeys (ConfUtils.java:logGet(43)) - raft.server.write.element-limit = 4096 (default)
2019-09-25 11:42:38,452 [19e67e26-3d21-4d01-be9f-29113a4a814c@group-BF1BD4D8076C:LeaderElection205] INFO  server.RaftServerConfigKeys (ConfUtils.java:logGet(43)) - raft.server.staging.catchup.gap = 1000 (default)
2019-09-25 11:42:38,456 [19e67e26-3d21-4d01-be9f-29113a4a814c@group-7CC56FB5D3F9:LeaderElection206] INFO  server.RaftServerConfigKeys (ConfUtils.java:logGet(43)) - raft.server.watch.timeout = 10s (default)
2019-09-25 11:42:38,456 [b7064b77-9271-4e94-8225-85d895886efb@group-CDCB2C8C105A:LeaderElection207] INFO  server.RaftServerConfigKeys (ConfUtils.java:logGet(43)) - raft.server.write.element-limit = 4096 (default)
2019-09-25 11:42:38,457 [grpc-default-executor-14] INFO  impl.RaftServerImpl (RaftServerImpl.java:setRole(174)) - d0888866-0bad-4f41-ad37-dccd4a57b958@group-ADB1B60517AF: changes role from  FOLLOWER to FOLLOWER at term 7 for recognizeCandidate:19e67e26-3d21-4d01-be9f-29113a4a814c
2019-09-25 11:42:38,456 [Thread-1125] INFO  impl.RaftServerImpl (RaftServerImpl.java:setRole(174)) - b7064b77-9271-4e94-8225-85d895886efb@group-282EF1BFFEE0: changes role from  FOLLOWER to CANDIDATE at term 6 for changeToCandidate
2019-09-25 11:42:38,456 [grpc-default-executor-6] INFO  impl.RaftServerImpl (RaftServerImpl.java:setRole(174)) - d0888866-0bad-4f41-ad37-dccd4a57b958@group-282EF1BFFEE0: changes role from  FOLLOWER to FOLLOWER at term 7 for recognizeCandidate:a7d59ef6-3eca-4628-b097-12d983444e7f
2019-09-25 11:42:38,457 [grpc-default-executor-6] INFO  impl.RoleInfo (RoleInfo.java:shutdownFollowerState(121)) - d0888866-0bad-4f41-ad37-dccd4a57b958: shutdown FollowerState
2019-09-25 11:42:38,456 [Thread-1130] INFO  impl.RoleInfo (RoleInfo.java:shutdownFollowerState(121)) - b7064b77-9271-4e94-8225-85d895886efb: shutdown FollowerState
2019-09-25 11:42:38,456 [d0888866-0bad-4f41-ad37-dccd4a57b958@group-DBE87B3B08CE:LeaderElection203] INFO  server.RaftServerConfigKeys (ConfUtils.java:logGet(43)) - raft.server.rpc.sleep.time = 25ms (default)
2019-09-25 11:42:38,456 [a7d59ef6-3eca-4628-b097-12d983444e7f@group-47DBAAEC82C8:LeaderElection208] INFO  server.RaftServerConfigKeys (ConfUtils.java:logGet(43)) - raft.server.write.element-limit = 4096 (default)
2019-09-25 11:42:38,455 [grpc-default-executor-17] INFO  impl.RaftServerImpl (RaftServerImpl.java:setRole(174)) - e081c0a5-acfc-4a29-8262-ee158adf5b11@group-071025EF7F78: changes role from  FOLLOWER to FOLLOWER at term 7 for recognizeCandidate:19e67e26-3d21-4d01-be9f-29113a4a814c
2019-09-25 11:42:38,458 [grpc-default-executor-17] INFO  impl.RoleInfo (RoleInfo.java:shutdownFollowerState(121)) - e081c0a5-acfc-4a29-8262-ee158adf5b11: shutdown FollowerState
2019-09-25 11:42:38,455 [Thread-1121] INFO  impl.RoleInfo (RoleInfo.java:updateAndGet(143)) - 8c24ed06-386e-4085-8931-93c762a64530: start LeaderElection
2019-09-25 11:42:38,455 [a7d59ef6-3eca-4628-b097-12d983444e7f@group-6E9EB1C0F638:LeaderElection204] INFO  server.RaftServerConfigKeys (ConfUtils.java:logGet(43)) - raft.server.rpc.sleep.time = 25ms (default)
2019-09-25 11:42:38,458 [Thread-1115] INFO  impl.FollowerState (FollowerState.java:run(115)) - e081c0a5-acfc-4a29-8262-ee158adf5b11: FollowerState was interrupted: java.lang.InterruptedException: sleep interrupted
2019-09-25 11:42:38,458 [grpc-default-executor-17] INFO  impl.RoleInfo (RoleInfo.java:updateAndGet(143)) - e081c0a5-acfc-4a29-8262-ee158adf5b11: start FollowerState
2019-09-25 11:42:38,458 [a7d59ef6-3eca-4628-b097-12d983444e7f@group-47DBAAEC82C8:LeaderElection208] INFO  server.RaftServerConfigKeys (ConfUtils.java:logGet(43)) - raft.server.watch.timeout = 10s (default)
2019-09-25 11:42:38,458 [d0888866-0bad-4f41-ad37-dccd4a57b958@group-DBE87B3B08CE:LeaderElection203] INFO  server.RaftServerConfigKeys (ConfUtils.java:logGet(43)) - raft.server.write.element-limit = 4096 (default)
2019-09-25 11:42:38,457 [Thread-1130] INFO  impl.RaftServerImpl (RaftServerImpl.java:setRole(174)) - b7064b77-9271-4e94-8225-85d895886efb@group-B9DEF2EDD277: changes role from  FOLLOWER to CANDIDATE at term 6 for changeToCandidate
2019-09-25 11:42:38,457 [Thread-1131] INFO  impl.FollowerState (FollowerState.java:run(115)) - d0888866-0bad-4f41-ad37-dccd4a57b958: FollowerState was interrupted: java.lang.InterruptedException: sleep interrupted
2019-09-25 11:42:38,457 [grpc-default-executor-6] INFO  impl.RoleInfo (RoleInfo.java:updateAndGet(143)) - d0888866-0bad-4f41-ad37-dccd4a57b958: start FollowerState
2019-09-25 11:42:38,457 [Thread-1125] INFO  impl.RoleInfo (RoleInfo.java:updateAndGet(143)) - b7064b77-9271-4e94-8225-85d895886efb: start LeaderElection
2019-09-25 11:42:38,457 [grpc-default-executor-14] INFO  impl.RoleInfo (RoleInfo.java:shutdownFollowerState(121)) - d0888866-0bad-4f41-ad37-dccd4a57b958: shutdown FollowerState
2019-09-25 11:42:38,457 [grpc-default-executor-16] INFO  impl.RaftServerImpl (RaftServerImpl.java:setRole(174)) - 8c24ed06-386e-4085-8931-93c762a64530@group-ADB1B60517AF: changes role from  FOLLOWER to FOLLOWER at term 7 for recognizeCandidate:19e67e26-3d21-4d01-be9f-29113a4a814c
2019-09-25 11:42:38,457 [b7064b77-9271-4e94-8225-85d895886efb@group-CDCB2C8C105A:LeaderElection207] INFO  server.RaftServerConfigKeys (ConfUtils.java:logGet(43)) - raft.server.watch.timeout = 10s (default)
2019-09-25 11:42:38,457 [19e67e26-3d21-4d01-be9f-29113a4a814c@group-7CC56FB5D3F9:LeaderElection206] INFO  server.RaftServerConfigKeys (ConfUtils.java:logGet(43)) - raft.server.watch.timeout.denomination = 1s (default)
2019-09-25 11:42:38,456 [19e67e26-3d21-4d01-be9f-29113a4a814c@group-BF1BD4D8076C:LeaderElection205] INFO  server.RaftServerConfigKeys (ConfUtils.java:logGet(43)) - raft.server.rpc.sleep.time = 25ms (default)
2019-09-25 11:42:38,460 [19e67e26-3d21-4d01-be9f-29113a4a814c@group-7CC56FB5D3F9:LeaderElection206] INFO  server.RaftServerConfigKeys (ConfUtils.java:logGet(43)) - raft.server.watch.element-limit = 65536 (default)
2019-09-25 11:42:38,460 [b7064b77-9271-4e94-8225-85d895886efb@group-CDCB2C8C105A:LeaderElection207] INFO  server.RaftServerConfigKeys (ConfUtils.java:logGet(43)) - raft.server.watch.timeout.denomination = 1s (default)
2019-09-25 11:42:38,460 [Thread-1111] INFO  impl.FollowerState (FollowerState.java:run(115)) - d0888866-0bad-4f41-ad37-dccd4a57b958: FollowerState was interrupted: java.lang.InterruptedException: sleep interrupted
2019-09-25 11:42:38,460 [grpc-default-executor-16] INFO  impl.RoleInfo (RoleInfo.java:shutdownFollowerState(121)) - 8c24ed06-386e-4085-8931-93c762a64530: shutdown FollowerState
2019-09-25 11:42:38,460 [grpc-default-executor-14] INFO  impl.RoleInfo (RoleInfo.java:updateAndGet(143)) - d0888866-0bad-4f41-ad37-dccd4a57b958: start FollowerState
2019-09-25 11:42:38,460 [grpc-default-executor-9] INFO  impl.RaftServerImpl (RaftServerImpl.java:setRole(174)) - b7064b77-9271-4e94-8225-85d895886efb@group-282EF1BFFEE0: changes role from CANDIDATE to FOLLOWER at term 7 for recognizeCandidate:a7d59ef6-3eca-4628-b097-12d983444e7f
2019-09-25 11:42:38,461 [grpc-default-executor-9] INFO  impl.RoleInfo (RoleInfo.java:shutdownLeaderElection(134)) - b7064b77-9271-4e94-8225-85d895886efb: shutdown LeaderElection
2019-09-25 11:42:38,459 [Thread-1130] INFO  impl.RoleInfo (RoleInfo.java:updateAndGet(143)) - b7064b77-9271-4e94-8225-85d895886efb: start LeaderElection
2019-09-25 11:42:38,459 [d0888866-0bad-4f41-ad37-dccd4a57b958@group-DBE87B3B08CE:LeaderElection203] INFO  server.RaftServerConfigKeys (ConfUtils.java:logGet(43)) - raft.server.watch.timeout = 10s (default)
2019-09-25 11:42:38,459 [a7d59ef6-3eca-4628-b097-12d983444e7f@group-47DBAAEC82C8:LeaderElection208] INFO  server.RaftServerConfigKeys (ConfUtils.java:logGet(43)) - raft.server.watch.timeout.denomination = 1s (default)
2019-09-25 11:42:38,458 [a7d59ef6-3eca-4628-b097-12d983444e7f@group-6E9EB1C0F638:LeaderElection204] INFO  server.RaftServerConfigKeys (ConfUtils.java:logGet(43)) - raft.server.write.element-limit = 4096 (default)
2019-09-25 11:42:38,458 [grpc-default-executor-4] INFO  impl.RaftServerImpl (RaftServerImpl.java:setRole(174)) - 8c24ed06-386e-4085-8931-93c762a64530@group-B9DEF2EDD277: changes role from CANDIDATE to FOLLOWER at term 7 for recognizeCandidate:19e67e26-3d21-4d01-be9f-29113a4a814c
2019-09-25 11:42:38,462 [a7d59ef6-3eca-4628-b097-12d983444e7f@group-6E9EB1C0F638:LeaderElection204] INFO  server.RaftServerConfigKeys (ConfUtils.java:logGet(43)) - raft.server.watch.timeout = 10s (default)
2019-09-25 11:42:38,462 [a7d59ef6-3eca-4628-b097-12d983444e7f@group-47DBAAEC82C8:LeaderElection208] INFO  server.RaftServerConfigKeys (ConfUtils.java:logGet(43)) - raft.server.watch.element-limit = 65536 (default)
2019-09-25 11:42:38,462 [d0888866-0bad-4f41-ad37-dccd4a57b958@group-DBE87B3B08CE:LeaderElection203] INFO  server.RaftServerConfigKeys (ConfUtils.java:logGet(43)) - raft.server.watch.timeout.denomination = 1s (default)
2019-09-25 11:42:38,462 [grpc-default-executor-12] INFO  impl.RaftServerImpl (RaftServerImpl.java:setRole(174)) - b7064b77-9271-4e94-8225-85d895886efb@group-B9DEF2EDD277: changes role from CANDIDATE to FOLLOWER at term 7 for recognizeCandidate:19e67e26-3d21-4d01-be9f-29113a4a814c
2019-09-25 11:42:38,461 [grpc-default-executor-9] INFO  impl.RoleInfo (RoleInfo.java:updateAndGet(143)) - b7064b77-9271-4e94-8225-85d895886efb: start FollowerState
2019-09-25 11:42:38,461 [Thread-1127] INFO  impl.FollowerState (FollowerState.java:run(115)) - 8c24ed06-386e-4085-8931-93c762a64530: FollowerState was interrupted: java.lang.InterruptedException: sleep interrupted
2019-09-25 11:42:38,461 [grpc-default-executor-16] INFO  impl.RoleInfo (RoleInfo.java:updateAndGet(143)) - 8c24ed06-386e-4085-8931-93c762a64530: start FollowerState
2019-09-25 11:42:38,461 [b7064b77-9271-4e94-8225-85d895886efb@group-CDCB2C8C105A:LeaderElection207] INFO  server.RaftServerConfigKeys (ConfUtils.java:logGet(43)) - raft.server.watch.element-limit = 65536 (default)
2019-09-25 11:42:38,460 [19e67e26-3d21-4d01-be9f-29113a4a814c@group-BF1BD4D8076C:LeaderElection205] INFO  server.RaftServerConfigKeys (ConfUtils.java:logGet(43)) - raft.server.write.element-limit = 4096 (default)
2019-09-25 11:42:38,463 [grpc-default-executor-12] INFO  impl.RoleInfo (RoleInfo.java:shutdownLeaderElection(134)) - b7064b77-9271-4e94-8225-85d895886efb: shutdown LeaderElection
2019-09-25 11:42:38,463 [d0888866-0bad-4f41-ad37-dccd4a57b958@group-DBE87B3B08CE:LeaderElection203] INFO  server.RaftServerConfigKeys (ConfUtils.java:logGet(43)) - raft.server.watch.element-limit = 65536 (default)
2019-09-25 11:42:38,462 [a7d59ef6-3eca-4628-b097-12d983444e7f@group-6E9EB1C0F638:LeaderElection204] INFO  server.RaftServerConfigKeys (ConfUtils.java:logGet(43)) - raft.server.watch.timeout.denomination = 1s (default)
2019-09-25 11:42:38,462 [grpc-default-executor-4] INFO  impl.RoleInfo (RoleInfo.java:shutdownLeaderElection(134)) - 8c24ed06-386e-4085-8931-93c762a64530: shutdown LeaderElection
2019-09-25 11:42:38,465 [a7d59ef6-3eca-4628-b097-12d983444e7f@group-6E9EB1C0F638:LeaderElection204] INFO  server.RaftServerConfigKeys (ConfUtils.java:logGet(43)) - raft.server.watch.element-limit = 65536 (default)
2019-09-25 11:42:38,464 [grpc-default-executor-12] INFO  impl.RoleInfo (RoleInfo.java:updateAndGet(143)) - b7064b77-9271-4e94-8225-85d895886efb: start FollowerState
2019-09-25 11:42:38,464 [19e67e26-3d21-4d01-be9f-29113a4a814c@group-BF1BD4D8076C:LeaderElection205] INFO  server.RaftServerConfigKeys (ConfUtils.java:logGet(43)) - raft.server.watch.timeout = 10s (default)
2019-09-25 11:42:38,465 [grpc-default-executor-4] INFO  impl.RoleInfo (RoleInfo.java:updateAndGet(143)) - 8c24ed06-386e-4085-8931-93c762a64530: start FollowerState
2019-09-25 11:42:38,465 [19e67e26-3d21-4d01-be9f-29113a4a814c@group-BF1BD4D8076C:LeaderElection205] INFO  server.RaftServerConfigKeys (ConfUtils.java:logGet(43)) - raft.server.watch.timeout.denomination = 1s (default)
2019-09-25 11:42:38,465 [19e67e26-3d21-4d01-be9f-29113a4a814c@group-BF1BD4D8076C:LeaderElection205] INFO  server.RaftServerConfigKeys (ConfUtils.java:logGet(43)) - raft.server.watch.element-limit = 65536 (default)
2019-09-25 11:42:38,466 [19e67e26-3d21-4d01-be9f-29113a4a814c@group-7CC56FB5D3F9:LeaderElection206] INFO  server.RaftServerConfigKeys (ConfUtils.java:logGet(43)) - raft.server.log.appender.snapshot.chunk.size.max = 16MB (=16777216) (default)
2019-09-25 11:42:38,466 [19e67e26-3d21-4d01-be9f-29113a4a814c@group-7CC56FB5D3F9:LeaderElection206] INFO  server.RaftServerConfigKeys (ConfUtils.java:logGet(43)) - raft.server.log.appender.buffer.byte-limit = 33554432 (custom)
2019-09-25 11:42:38,467 [19e67e26-3d21-4d01-be9f-29113a4a814c@group-7CC56FB5D3F9:LeaderElection206] INFO  server.RaftServerConfigKeys (ConfUtils.java:logGet(43)) - raft.server.log.appender.buffer.element-limit = 1 (custom)
2019-09-25 11:42:38,469 [a7d59ef6-3eca-4628-b097-12d983444e7f@group-47DBAAEC82C8:LeaderElection208] INFO  server.RaftServerConfigKeys (ConfUtils.java:logGet(43)) - raft.server.log.appender.snapshot.chunk.size.max = 16MB (=16777216) (default)
2019-09-25 11:42:38,469 [a7d59ef6-3eca-4628-b097-12d983444e7f@group-47DBAAEC82C8:LeaderElection208] INFO  server.RaftServerConfigKeys (ConfUtils.java:logGet(43)) - raft.server.log.appender.buffer.byte-limit = 33554432 (custom)
2019-09-25 11:42:38,469 [a7d59ef6-3eca-4628-b097-12d983444e7f@group-47DBAAEC82C8:LeaderElection208] INFO  server.RaftServerConfigKeys (ConfUtils.java:logGet(43)) - raft.server.log.appender.buffer.element-limit = 1 (custom)
2019-09-25 11:42:38,470 [19e67e26-3d21-4d01-be9f-29113a4a814c@group-7CC56FB5D3F9:LeaderElection206] INFO  grpc.GrpcConfigKeys$Server (ConfUtils.java:logGet(43)) - raft.grpc.server.leader.outstanding.appends.max = 128 (default)
2019-09-25 11:42:38,471 [19e67e26-3d21-4d01-be9f-29113a4a814c@group-7CC56FB5D3F9:LeaderElection206] INFO  server.RaftServerConfigKeys (ConfUtils.java:logGet(43)) - raft.server.rpc.request.timeout = 3000ms (default)
2019-09-25 11:42:38,471 [a7d59ef6-3eca-4628-b097-12d983444e7f@group-47DBAAEC82C8:LeaderElection208] INFO  grpc.GrpcConfigKeys$Server (ConfUtils.java:logGet(43)) - raft.grpc.server.leader.outstanding.appends.max = 128 (default)
2019-09-25 11:42:38,473 [19e67e26-3d21-4d01-be9f-29113a4a814c@group-7CC56FB5D3F9:LeaderElection206] INFO  server.RaftServerConfigKeys (ConfUtils.java:logGet(43)) - raft.server.log.appender.install.snapshot.enabled = false (custom)
2019-09-25 11:42:38,474 [a7d59ef6-3eca-4628-b097-12d983444e7f@group-47DBAAEC82C8:LeaderElection208] INFO  server.RaftServerConfigKeys (ConfUtils.java:logGet(43)) - raft.server.rpc.request.timeout = 3000ms (default)
2019-09-25 11:42:38,474 [19e67e26-3d21-4d01-be9f-29113a4a814c@group-071025EF7F78:LeaderElection212] INFO  impl.LeaderElection (LeaderElection.java:logAndReturn(56)) - 19e67e26-3d21-4d01-be9f-29113a4a814c@group-071025EF7F78:LeaderElection212: Election PASSED; received 2 response(s) [19e67e26-3d21-4d01-be9f-29113a4a814c<-e081c0a5-acfc-4a29-8262-ee158adf5b11#0:OK-t7, 19e67e26-3d21-4d01-be9f-29113a4a814c<-d0888866-0bad-4f41-ad37-dccd4a57b958#0:FAIL-t7] and 0 exception(s); 19e67e26-3d21-4d01-be9f-29113a4a814c@group-071025EF7F78:t7, leader=null, voted=19e67e26-3d21-4d01-be9f-29113a4a814c, raftlog=19e67e26-3d21-4d01-be9f-29113a4a814c@group-071025EF7F78-SegmentedRaftLog:OPENED:c-1,f-1,i0, conf=-1: [e081c0a5-acfc-4a29-8262-ee158adf5b11:192.168.30.6:37941, d0888866-0bad-4f41-ad37-dccd4a57b958:192.168.30.6:45405, 19e67e26-3d21-4d01-be9f-29113a4a814c:192.168.30.6:34535], old=null
2019-09-25 11:42:38,474 [a7d59ef6-3eca-4628-b097-12d983444e7f@group-F2E0294EDFC2:LeaderElection211] INFO  impl.LeaderElection (LeaderElection.java:logAndReturn(56)) - a7d59ef6-3eca-4628-b097-12d983444e7f@group-F2E0294EDFC2:LeaderElection211: Election PASSED; received 2 response(s) [a7d59ef6-3eca-4628-b097-12d983444e7f<-d0888866-0bad-4f41-ad37-dccd4a57b958#0:FAIL-t7, a7d59ef6-3eca-4628-b097-12d983444e7f<-b7064b77-9271-4e94-8225-85d895886efb#0:OK-t7] and 0 exception(s); a7d59ef6-3eca-4628-b097-12d983444e7f@group-F2E0294EDFC2:t7, leader=null, voted=a7d59ef6-3eca-4628-b097-12d983444e7f, raftlog=a7d59ef6-3eca-4628-b097-12d983444e7f@group-F2E0294EDFC2-SegmentedRaftLog:OPENED:c-1,f-1,i0, conf=-1: [d0888866-0bad-4f41-ad37-dccd4a57b958:192.168.30.6:45405, a7d59ef6-3eca-4628-b097-12d983444e7f:192.168.30.6:43486, b7064b77-9271-4e94-8225-85d895886efb:192.168.30.6:41519], old=null
2019-09-25 11:42:38,474 [19e67e26-3d21-4d01-be9f-29113a4a814c@group-071025EF7F78:LeaderElection212] INFO  impl.RoleInfo (RoleInfo.java:shutdownLeaderElection(134)) - 19e67e26-3d21-4d01-be9f-29113a4a814c: shutdown LeaderElection
2019-09-25 11:42:38,474 [19e67e26-3d21-4d01-be9f-29113a4a814c@group-ADB1B60517AF:LeaderElection215] INFO  impl.LeaderElection (LeaderElection.java:logAndReturn(56)) - 19e67e26-3d21-4d01-be9f-29113a4a814c@group-ADB1B60517AF:LeaderElection215: Election PASSED; received 1 response(s) [19e67e26-3d21-4d01-be9f-29113a4a814c<-d0888866-0bad-4f41-ad37-dccd4a57b958#0:OK-t7] and 0 exception(s); 19e67e26-3d21-4d01-be9f-29113a4a814c@group-ADB1B60517AF:t7, leader=null, voted=19e67e26-3d21-4d01-be9f-29113a4a814c, raftlog=19e67e26-3d21-4d01-be9f-29113a4a814c@group-ADB1B60517AF-SegmentedRaftLog:OPENED:c-1,f-1,i0, conf=-1: [d0888866-0bad-4f41-ad37-dccd4a57b958:192.168.30.6:45405, 19e67e26-3d21-4d01-be9f-29113a4a814c:192.168.30.6:34535, 8c24ed06-386e-4085-8931-93c762a64530:192.168.30.6:32862], old=null
2019-09-25 11:42:38,474 [a7d59ef6-3eca-4628-b097-12d983444e7f@group-282EF1BFFEE0:LeaderElection213] INFO  impl.LeaderElection (LeaderElection.java:logAndReturn(56)) - a7d59ef6-3eca-4628-b097-12d983444e7f@group-282EF1BFFEE0:LeaderElection213: Election PASSED; received 2 response(s) [a7d59ef6-3eca-4628-b097-12d983444e7f<-d0888866-0bad-4f41-ad37-dccd4a57b958#0:OK-t7, a7d59ef6-3eca-4628-b097-12d983444e7f<-b7064b77-9271-4e94-8225-85d895886efb#0:FAIL-t7] and 0 exception(s); a7d59ef6-3eca-4628-b097-12d983444e7f@group-282EF1BFFEE0:t7, leader=null, voted=a7d59ef6-3eca-4628-b097-12d983444e7f, raftlog=a7d59ef6-3eca-4628-b097-12d983444e7f@group-282EF1BFFEE0-SegmentedRaftLog:OPENED:c-1,f-1,i0, conf=-1: [d0888866-0bad-4f41-ad37-dccd4a57b958:192.168.30.6:45405, a7d59ef6-3eca-4628-b097-12d983444e7f:192.168.30.6:43486, b7064b77-9271-4e94-8225-85d895886efb:192.168.30.6:41519], old=null
2019-09-25 11:42:38,474 [b7064b77-9271-4e94-8225-85d895886efb@group-CDCB2C8C105A:LeaderElection207] INFO  server.RaftServerConfigKeys (ConfUtils.java:logGet(43)) - raft.server.log.appender.snapshot.chunk.size.max = 16MB (=16777216) (default)
2019-09-25 11:42:38,475 [19e67e26-3d21-4d01-be9f-29113a4a814c@group-B9DEF2EDD277:LeaderElection210] INFO  impl.LeaderElection (LeaderElection.java:logAndReturn(56)) - 19e67e26-3d21-4d01-be9f-29113a4a814c@group-B9DEF2EDD277:LeaderElection210: Election REJECTED; received 2 response(s) [19e67e26-3d21-4d01-be9f-29113a4a814c<-8c24ed06-386e-4085-8931-93c762a64530#0:FAIL-t7, 19e67e26-3d21-4d01-be9f-29113a4a814c<-b7064b77-9271-4e94-8225-85d895886efb#0:FAIL-t7] and 0 exception(s); 19e67e26-3d21-4d01-be9f-29113a4a814c@group-B9DEF2EDD277:t7, leader=null, voted=19e67e26-3d21-4d01-be9f-29113a4a814c, raftlog=19e67e26-3d21-4d01-be9f-29113a4a814c@group-B9DEF2EDD277-SegmentedRaftLog:OPENED:c-1,f-1,i0, conf=-1: [19e67e26-3d21-4d01-be9f-29113a4a814c:192.168.30.6:34535, 8c24ed06-386e-4085-8931-93c762a64530:192.168.30.6:32862, b7064b77-9271-4e94-8225-85d895886efb:192.168.30.6:41519], old=null
2019-09-25 11:42:38,474 [a7d59ef6-3eca-4628-b097-12d983444e7f@group-47DBAAEC82C8:LeaderElection208] INFO  server.RaftServerConfigKeys (ConfUtils.java:logGet(43)) - raft.server.log.appender.install.snapshot.enabled = false (custom)
2019-09-25 11:42:38,475 [19e67e26-3d21-4d01-be9f-29113a4a814c@group-B9DEF2EDD277:LeaderElection210] INFO  impl.RaftServerImpl (RaftServerImpl.java:setRole(174)) - 19e67e26-3d21-4d01-be9f-29113a4a814c@group-B9DEF2EDD277: changes role from CANDIDATE to FOLLOWER at term 7 for DISCOVERED_A_NEW_TERM
2019-09-25 11:42:38,476 [19e67e26-3d21-4d01-be9f-29113a4a814c@group-B9DEF2EDD277:LeaderElection210] INFO  impl.RoleInfo (RoleInfo.java:shutdownLeaderElection(134)) - 19e67e26-3d21-4d01-be9f-29113a4a814c: shutdown LeaderElection
2019-09-25 11:42:38,475 [b7064b77-9271-4e94-8225-85d895886efb@group-CDCB2C8C105A:LeaderElection207] INFO  server.RaftServerConfigKeys (ConfUtils.java:logGet(43)) - raft.server.log.appender.buffer.byte-limit = 33554432 (custom)
2019-09-25 11:42:38,475 [19e67e26-3d21-4d01-be9f-29113a4a814c@group-7CC56FB5D3F9:LeaderElection206] INFO  server.RaftServerConfigKeys (ConfUtils.java:logGet(43)) - raft.server.log.appender.snapshot.chunk.size.max = 16MB (=16777216) (default)
2019-09-25 11:42:38,475 [a7d59ef6-3eca-4628-b097-12d983444e7f@group-282EF1BFFEE0:LeaderElection213] INFO  impl.RoleInfo (RoleInfo.java:shutdownLeaderElection(134)) - a7d59ef6-3eca-4628-b097-12d983444e7f: shutdown LeaderElection
2019-09-25 11:42:38,475 [19e67e26-3d21-4d01-be9f-29113a4a814c@group-ADB1B60517AF:LeaderElection215] INFO  impl.RoleInfo (RoleInfo.java:shutdownLeaderElection(134)) - 19e67e26-3d21-4d01-be9f-29113a4a814c: shutdown LeaderElection
2019-09-25 11:42:38,475 [19e67e26-3d21-4d01-be9f-29113a4a814c@group-071025EF7F78:LeaderElection212] INFO  impl.RaftServerImpl (RaftServerImpl.java:setRole(174)) - 19e67e26-3d21-4d01-be9f-29113a4a814c@group-071025EF7F78: changes role from CANDIDATE to LEADER at term 7 for changeToLeader
2019-09-25 11:42:38,474 [a7d59ef6-3eca-4628-b097-12d983444e7f@group-F2E0294EDFC2:LeaderElection211] INFO  impl.RoleInfo (RoleInfo.java:shutdownLeaderElection(134)) - a7d59ef6-3eca-4628-b097-12d983444e7f: shutdown LeaderElection
2019-09-25 11:42:38,474 [d0888866-0bad-4f41-ad37-dccd4a57b958@group-F2E0294EDFC2:LeaderElection209] INFO  impl.LeaderElection (LeaderElection.java:logAndReturn(56)) - d0888866-0bad-4f41-ad37-dccd4a57b958@group-F2E0294EDFC2:LeaderElection209: Election REJECTED; received 2 response(s) [d0888866-0bad-4f41-ad37-dccd4a57b958<-a7d59ef6-3eca-4628-b097-12d983444e7f#0:FAIL-t7, d0888866-0bad-4f41-ad37-dccd4a57b958<-b7064b77-9271-4e94-8225-85d895886efb#0:FAIL-t7] and 0 exception(s); d0888866-0bad-4f41-ad37-dccd4a57b958@group-F2E0294EDFC2:t7, leader=null, voted=d0888866-0bad-4f41-ad37-dccd4a57b958, raftlog=d0888866-0bad-4f41-ad37-dccd4a57b958@group-F2E0294EDFC2-SegmentedRaftLog:OPENED:c-1,f-1,i0, conf=-1: [d0888866-0bad-4f41-ad37-dccd4a57b958:192.168.30.6:45405, a7d59ef6-3eca-4628-b097-12d983444e7f:192.168.30.6:43486, b7064b77-9271-4e94-8225-85d895886efb:192.168.30.6:41519], old=null
2019-09-25 11:42:38,477 [a7d59ef6-3eca-4628-b097-12d983444e7f@group-F2E0294EDFC2:LeaderElection211] INFO  impl.RaftServerImpl (RaftServerImpl.java:setRole(174)) - a7d59ef6-3eca-4628-b097-12d983444e7f@group-F2E0294EDFC2: changes role from CANDIDATE to LEADER at term 7 for changeToLeader
2019-09-25 11:42:38,476 [19e67e26-3d21-4d01-be9f-29113a4a814c@group-071025EF7F78:LeaderElection212] INFO  impl.RaftServerImpl (ServerState.java:setLeader(253)) - 19e67e26-3d21-4d01-be9f-29113a4a814c@group-071025EF7F78: change Leader from null to 19e67e26-3d21-4d01-be9f-29113a4a814c at term 7 for becomeLeader, leader elected after 54452ms
2019-09-25 11:42:38,476 [19e67e26-3d21-4d01-be9f-29113a4a814c@group-ADB1B60517AF:LeaderElection215] INFO  impl.RaftServerImpl (RaftServerImpl.java:setRole(174)) - 19e67e26-3d21-4d01-be9f-29113a4a814c@group-ADB1B60517AF: changes role from CANDIDATE to LEADER at term 7 for changeToLeader
2019-09-25 11:42:38,476 [19e67e26-3d21-4d01-be9f-29113a4a814c@group-BF1BD4D8076C:LeaderElection205] INFO  server.RaftServerConfigKeys (ConfUtils.java:logGet(43)) - raft.server.log.appender.snapshot.chunk.size.max = 16MB (=16777216) (default)
2019-09-25 11:42:38,476 [a7d59ef6-3eca-4628-b097-12d983444e7f@group-282EF1BFFEE0:LeaderElection213] INFO  impl.RaftServerImpl (RaftServerImpl.java:setRole(174)) - a7d59ef6-3eca-4628-b097-12d983444e7f@group-282EF1BFFEE0: changes role from CANDIDATE to LEADER at term 7 for changeToLeader
2019-09-25 11:42:38,476 [19e67e26-3d21-4d01-be9f-29113a4a814c@group-7CC56FB5D3F9:LeaderElection206] INFO  server.RaftServerConfigKeys (ConfUtils.java:logGet(43)) - raft.server.log.appender.buffer.byte-limit = 33554432 (custom)
2019-09-25 11:42:38,476 [a7d59ef6-3eca-4628-b097-12d983444e7f@group-6E9EB1C0F638:LeaderElection204] INFO  server.RaftServerConfigKeys (ConfUtils.java:logGet(43)) - raft.server.log.appender.snapshot.chunk.size.max = 16MB (=16777216) (default)
2019-09-25 11:42:38,476 [b7064b77-9271-4e94-8225-85d895886efb@group-CDCB2C8C105A:LeaderElection207] INFO  server.RaftServerConfigKeys (ConfUtils.java:logGet(43)) - raft.server.log.appender.buffer.element-limit = 1 (custom)
2019-09-25 11:42:38,476 [d0888866-0bad-4f41-ad37-dccd4a57b958@group-DBE87B3B08CE:LeaderElection203] INFO  server.RaftServerConfigKeys (ConfUtils.java:logGet(43)) - raft.server.log.appender.snapshot.chunk.size.max = 16MB (=16777216) (default)
2019-09-25 11:42:38,476 [19e67e26-3d21-4d01-be9f-29113a4a814c@group-B9DEF2EDD277:LeaderElection210] INFO  impl.RoleInfo (RoleInfo.java:updateAndGet(143)) - 19e67e26-3d21-4d01-be9f-29113a4a814c: start FollowerState
2019-09-25 11:42:38,476 [a7d59ef6-3eca-4628-b097-12d983444e7f@group-47DBAAEC82C8:LeaderElection208] INFO  server.RaftServerConfigKeys (ConfUtils.java:logGet(43)) - raft.server.log.appender.snapshot.chunk.size.max = 16MB (=16777216) (default)
2019-09-25 11:42:38,478 [a7d59ef6-3eca-4628-b097-12d983444e7f@group-47DBAAEC82C8:LeaderElection208] INFO  server.RaftServerConfigKeys (ConfUtils.java:logGet(43)) - raft.server.log.appender.buffer.byte-limit = 33554432 (custom)
2019-09-25 11:42:38,476 [d0888866-0bad-4f41-ad37-dccd4a57b958@group-071025EF7F78:LeaderElection214] INFO  impl.LeaderElection (LeaderElection.java:logAndReturn(56)) - d0888866-0bad-4f41-ad37-dccd4a57b958@group-071025EF7F78:LeaderElection214: Election REJECTED; received 2 response(s) [d0888866-0bad-4f41-ad37-dccd4a57b958<-e081c0a5-acfc-4a29-8262-ee158adf5b11#0:FAIL-t7, d0888866-0bad-4f41-ad37-dccd4a57b958<-19e67e26-3d21-4d01-be9f-29113a4a814c#0:FAIL-t7] and 0 exception(s); d0888866-0bad-4f41-ad37-dccd4a57b958@group-071025EF7F78:t7, leader=null, voted=d0888866-0bad-4f41-ad37-dccd4a57b958, raftlog=d0888866-0bad-4f41-ad37-dccd4a57b958@group-071025EF7F78-SegmentedRaftLog:OPENED:c-1,f-1,i0, conf=-1: [e081c0a5-acfc-4a29-8262-ee158adf5b11:192.168.30.6:37941, d0888866-0bad-4f41-ad37-dccd4a57b958:192.168.30.6:45405, 19e67e26-3d21-4d01-be9f-29113a4a814c:192.168.30.6:34535], old=null
2019-09-25 11:42:38,478 [a7d59ef6-3eca-4628-b097-12d983444e7f@group-47DBAAEC82C8:LeaderElection208] INFO  server.RaftServerConfigKeys (ConfUtils.java:logGet(43)) - raft.server.log.appender.buffer.element-limit = 1 (custom)
2019-09-25 11:42:38,478 [d0888866-0bad-4f41-ad37-dccd4a57b958@group-DBE87B3B08CE:LeaderElection203] INFO  server.RaftServerConfigKeys (ConfUtils.java:logGet(43)) - raft.server.log.appender.buffer.byte-limit = 33554432 (custom)
2019-09-25 11:42:38,478 [b7064b77-9271-4e94-8225-85d895886efb@group-CDCB2C8C105A:LeaderElection207] INFO  grpc.GrpcConfigKeys$Server (ConfUtils.java:logGet(43)) - raft.grpc.server.leader.outstanding.appends.max = 128 (default)
2019-09-25 11:42:38,478 [a7d59ef6-3eca-4628-b097-12d983444e7f@group-6E9EB1C0F638:LeaderElection204] INFO  server.RaftServerConfigKeys (ConfUtils.java:logGet(43)) - raft.server.log.appender.buffer.byte-limit = 33554432 (custom)
2019-09-25 11:42:38,478 [19e67e26-3d21-4d01-be9f-29113a4a814c@group-7CC56FB5D3F9:LeaderElection206] INFO  server.RaftServerConfigKeys (ConfUtils.java:logGet(43)) - raft.server.log.appender.buffer.element-limit = 1 (custom)
2019-09-25 11:42:38,477 [a7d59ef6-3eca-4628-b097-12d983444e7f@group-282EF1BFFEE0:LeaderElection213] INFO  impl.RaftServerImpl (ServerState.java:setLeader(253)) - a7d59ef6-3eca-4628-b097-12d983444e7f@group-282EF1BFFEE0: change Leader from null to a7d59ef6-3eca-4628-b097-12d983444e7f at term 7 for becomeLeader, leader elected after 55082ms
2019-09-25 11:42:38,477 [19e67e26-3d21-4d01-be9f-29113a4a814c@group-BF1BD4D8076C:LeaderElection205] INFO  server.RaftServerConfigKeys (ConfUtils.java:logGet(43)) - raft.server.log.appender.buffer.byte-limit = 33554432 (custom)
2019-09-25 11:42:38,477 [19e67e26-3d21-4d01-be9f-29113a4a814c@group-ADB1B60517AF:LeaderElection215] INFO  impl.RaftServerImpl (ServerState.java:setLeader(253)) - 19e67e26-3d21-4d01-be9f-29113a4a814c@group-ADB1B60517AF: change Leader from null to 19e67e26-3d21-4d01-be9f-29113a4a814c at term 7 for becomeLeader, leader elected after 55000ms
2019-09-25 11:42:38,477 [19e67e26-3d21-4d01-be9f-29113a4a814c@group-071025EF7F78:LeaderElection212] INFO  server.RaftServerConfigKeys (ConfUtils.java:logGet(43)) - raft.server.staging.catchup.gap = 1000 (default)
2019-09-25 11:42:38,477 [a7d59ef6-3eca-4628-b097-12d983444e7f@group-F2E0294EDFC2:LeaderElection211] INFO  impl.RaftServerImpl (ServerState.java:setLeader(253)) - a7d59ef6-3eca-4628-b097-12d983444e7f@group-F2E0294EDFC2: change Leader from null to a7d59ef6-3eca-4628-b097-12d983444e7f at term 7 for becomeLeader, leader elected after 54665ms
2019-09-25 11:42:38,477 [d0888866-0bad-4f41-ad37-dccd4a57b958@group-F2E0294EDFC2:LeaderElection209] INFO  impl.RaftServerImpl (RaftServerImpl.java:setRole(174)) - d0888866-0bad-4f41-ad37-dccd4a57b958@group-F2E0294EDFC2: changes role from CANDIDATE to FOLLOWER at term 7 for DISCOVERED_A_NEW_TERM
2019-09-25 11:42:38,480 [a7d59ef6-3eca-4628-b097-12d983444e7f@group-F2E0294EDFC2:LeaderElection211] INFO  server.RaftServerConfigKeys (ConfUtils.java:logGet(43)) - raft.server.staging.catchup.gap = 1000 (default)
2019-09-25 11:42:38,480 [19e67e26-3d21-4d01-be9f-29113a4a814c@group-071025EF7F78:LeaderElection212] INFO  server.RaftServerConfigKeys (ConfUtils.java:logGet(43)) - raft.server.rpc.sleep.time = 25ms (default)
2019-09-25 11:42:38,480 [19e67e26-3d21-4d01-be9f-29113a4a814c@group-ADB1B60517AF:LeaderElection215] INFO  server.RaftServerConfigKeys (ConfUtils.java:logGet(43)) - raft.server.staging.catchup.gap = 1000 (default)
2019-09-25 11:42:38,480 [19e67e26-3d21-4d01-be9f-29113a4a814c@group-BF1BD4D8076C:LeaderElection205] INFO  server.RaftServerConfigKeys (ConfUtils.java:logGet(43)) - raft.server.log.appender.buffer.element-limit = 1 (custom)
2019-09-25 11:42:38,480 [a7d59ef6-3eca-4628-b097-12d983444e7f@group-282EF1BFFEE0:LeaderElection213] INFO  server.RaftServerConfigKeys (ConfUtils.java:logGet(43)) - raft.server.staging.catchup.gap = 1000 (default)
2019-09-25 11:42:38,479 [19e67e26-3d21-4d01-be9f-29113a4a814c@group-7CC56FB5D3F9:LeaderElection206] INFO  grpc.GrpcConfigKeys$Server (ConfUtils.java:logGet(43)) - raft.grpc.server.leader.outstanding.appends.max = 128 (default)
2019-09-25 11:42:38,479 [a7d59ef6-3eca-4628-b097-12d983444e7f@group-6E9EB1C0F638:LeaderElection204] INFO  server.RaftServerConfigKeys (ConfUtils.java:logGet(43)) - raft.server.log.appender.buffer.element-limit = 1 (custom)
2019-09-25 11:42:38,479 [b7064b77-9271-4e94-8225-85d895886efb@group-CDCB2C8C105A:LeaderElection207] INFO  server.RaftServerConfigKeys (ConfUtils.java:logGet(43)) - raft.server.rpc.request.timeout = 3000ms (default)
2019-09-25 11:42:38,481 [b7064b77-9271-4e94-8225-85d895886efb@group-CDCB2C8C105A:LeaderElection207] INFO  server.RaftServerConfigKeys (ConfUtils.java:logGet(43)) - raft.server.log.appender.install.snapshot.enabled = false (custom)
2019-09-25 11:42:38,479 [d0888866-0bad-4f41-ad37-dccd4a57b958@group-DBE87B3B08CE:LeaderElection203] INFO  server.RaftServerConfigKeys (ConfUtils.java:logGet(43)) - raft.server.log.appender.buffer.element-limit = 1 (custom)
2019-09-25 11:42:38,479 [a7d59ef6-3eca-4628-b097-12d983444e7f@group-47DBAAEC82C8:LeaderElection208] INFO  grpc.GrpcConfigKeys$Server (ConfUtils.java:logGet(43)) - raft.grpc.server.leader.outstanding.appends.max = 128 (default)
2019-09-25 11:42:38,479 [d0888866-0bad-4f41-ad37-dccd4a57b958@group-071025EF7F78:LeaderElection214] INFO  impl.RaftServerImpl (RaftServerImpl.java:setRole(174)) - d0888866-0bad-4f41-ad37-dccd4a57b958@group-071025EF7F78: changes role from CANDIDATE to FOLLOWER at term 7 for DISCOVERED_A_NEW_TERM
2019-09-25 11:42:38,482 [a7d59ef6-3eca-4628-b097-12d983444e7f@group-47DBAAEC82C8:LeaderElection208] INFO  server.RaftServerConfigKeys (ConfUtils.java:logGet(43)) - raft.server.rpc.request.timeout = 3000ms (default)
2019-09-25 11:42:38,482 [d0888866-0bad-4f41-ad37-dccd4a57b958@group-DBE87B3B08CE:LeaderElection203] INFO  grpc.GrpcConfigKeys$Server (ConfUtils.java:logGet(43)) - raft.grpc.server.leader.outstanding.appends.max = 128 (default)
2019-09-25 11:42:38,482 [b7064b77-9271-4e94-8225-85d895886efb@group-CDCB2C8C105A:LeaderElection207] INFO  server.RaftServerConfigKeys (ConfUtils.java:logGet(43)) - raft.server.log.appender.snapshot.chunk.size.max = 16MB (=16777216) (default)
2019-09-25 11:42:38,481 [a7d59ef6-3eca-4628-b097-12d983444e7f@group-6E9EB1C0F638:LeaderElection204] INFO  grpc.GrpcConfigKeys$Server (ConfUtils.java:logGet(43)) - raft.grpc.server.leader.outstanding.appends.max = 128 (default)
2019-09-25 11:42:38,481 [19e67e26-3d21-4d01-be9f-29113a4a814c@group-7CC56FB5D3F9:LeaderElection206] INFO  server.RaftServerConfigKeys (ConfUtils.java:logGet(43)) - raft.server.rpc.request.timeout = 3000ms (default)
2019-09-25 11:42:38,483 [b7064b77-9271-4e94-8225-85d895886efb@group-B9DEF2EDD277:LeaderElection218] INFO  impl.LeaderElection (LeaderElection.java:askForVotes(182)) - b7064b77-9271-4e94-8225-85d895886efb@group-B9DEF2EDD277:LeaderElection218: begin an election at term 8 for -1: [19e67e26-3d21-4d01-be9f-29113a4a814c:192.168.30.6:34535, 8c24ed06-386e-4085-8931-93c762a64530:192.168.30.6:32862, b7064b77-9271-4e94-8225-85d895886efb:192.168.30.6:41519], old=null
2019-09-25 11:42:38,481 [a7d59ef6-3eca-4628-b097-12d983444e7f@group-282EF1BFFEE0:LeaderElection213] INFO  server.RaftServerConfigKeys (ConfUtils.java:logGet(43)) - raft.server.rpc.sleep.time = 25ms (default)
2019-09-25 11:42:38,481 [19e67e26-3d21-4d01-be9f-29113a4a814c@group-BF1BD4D8076C:LeaderElection205] INFO  grpc.GrpcConfigKeys$Server (ConfUtils.java:logGet(43)) - raft.grpc.server.leader.outstanding.appends.max = 128 (default)
2019-09-25 11:42:38,481 [19e67e26-3d21-4d01-be9f-29113a4a814c@group-ADB1B60517AF:LeaderElection215] INFO  server.RaftServerConfigKeys (ConfUtils.java:logGet(43)) - raft.server.rpc.sleep.time = 25ms (default)
2019-09-25 11:42:38,481 [19e67e26-3d21-4d01-be9f-29113a4a814c@group-071025EF7F78:LeaderElection212] INFO  server.RaftServerConfigKeys (ConfUtils.java:logGet(43)) - raft.server.write.element-limit = 4096 (default)
2019-09-25 11:42:38,480 [a7d59ef6-3eca-4628-b097-12d983444e7f@group-F2E0294EDFC2:LeaderElection211] INFO  server.RaftServerConfigKeys (ConfUtils.java:logGet(43)) - raft.server.rpc.sleep.time = 25ms (default)
2019-09-25 11:42:38,480 [d0888866-0bad-4f41-ad37-dccd4a57b958@group-F2E0294EDFC2:LeaderElection209] INFO  impl.RoleInfo (RoleInfo.java:shutdownLeaderElection(134)) - d0888866-0bad-4f41-ad37-dccd4a57b958: shutdown LeaderElection
2019-09-25 11:42:38,484 [a7d59ef6-3eca-4628-b097-12d983444e7f@group-F2E0294EDFC2:LeaderElection211] INFO  server.RaftServerConfigKeys (ConfUtils.java:logGet(43)) - raft.server.write.element-limit = 4096 (default)
2019-09-25 11:42:38,484 [19e67e26-3d21-4d01-be9f-29113a4a814c@group-071025EF7F78:LeaderElection212] INFO  server.RaftServerConfigKeys (ConfUtils.java:logGet(43)) - raft.server.watch.timeout = 10s (default)
2019-09-25 11:42:38,484 [19e67e26-3d21-4d01-be9f-29113a4a814c@group-ADB1B60517AF:LeaderElection215] INFO  server.RaftServerConfigKeys (ConfUtils.java:logGet(43)) - raft.server.write.element-limit = 4096 (default)
2019-09-25 11:42:38,484 [b7064b77-9271-4e94-8225-85d895886efb@group-B9DEF2EDD277:LeaderElection218] INFO  impl.LeaderElection (LeaderElection.java:logAndReturn(56)) - b7064b77-9271-4e94-8225-85d895886efb@group-B9DEF2EDD277:LeaderElection218: Election REJECTED; received 0 response(s) [] and 0 exception(s); b7064b77-9271-4e94-8225-85d895886efb@group-B9DEF2EDD277:t8, leader=null, voted=b7064b77-9271-4e94-8225-85d895886efb, raftlog=b7064b77-9271-4e94-8225-85d895886efb@group-B9DEF2EDD277-SegmentedRaftLog:OPENED:c-1,f-1,i0, conf=-1: [19e67e26-3d21-4d01-be9f-29113a4a814c:192.168.30.6:34535, 8c24ed06-386e-4085-8931-93c762a64530:192.168.30.6:32862, b7064b77-9271-4e94-8225-85d895886efb:192.168.30.6:41519], old=null
2019-09-25 11:42:38,483 [19e67e26-3d21-4d01-be9f-29113a4a814c@group-BF1BD4D8076C:LeaderElection205] INFO  server.RaftServerConfigKeys (ConfUtils.java:logGet(43)) - raft.server.rpc.request.timeout = 3000ms (default)
2019-09-25 11:42:38,483 [a7d59ef6-3eca-4628-b097-12d983444e7f@group-282EF1BFFEE0:LeaderElection213] INFO  server.RaftServerConfigKeys (ConfUtils.java:logGet(43)) - raft.server.write.element-limit = 4096 (default)
2019-09-25 11:42:38,483 [19e67e26-3d21-4d01-be9f-29113a4a814c@group-7CC56FB5D3F9:LeaderElection206] INFO  server.RaftServerConfigKeys (ConfUtils.java:logGet(43)) - raft.server.log.appender.install.snapshot.enabled = false (custom)
2019-09-25 11:42:38,483 [b7064b77-9271-4e94-8225-85d895886efb@group-282EF1BFFEE0:LeaderElection217] INFO  impl.LeaderElection (LeaderElection.java:askForVotes(182)) - b7064b77-9271-4e94-8225-85d895886efb@group-282EF1BFFEE0:LeaderElection217: begin an election at term 8 for -1: [d0888866-0bad-4f41-ad37-dccd4a57b958:192.168.30.6:45405, a7d59ef6-3eca-4628-b097-12d983444e7f:192.168.30.6:43486, b7064b77-9271-4e94-8225-85d895886efb:192.168.30.6:41519], old=null
2019-09-25 11:42:38,483 [8c24ed06-386e-4085-8931-93c762a64530@group-B9DEF2EDD277:LeaderElection216] INFO  impl.LeaderElection (LeaderElection.java:askForVotes(182)) - 8c24ed06-386e-4085-8931-93c762a64530@group-B9DEF2EDD277:LeaderElection216: begin an election at term 8 for -1: [19e67e26-3d21-4d01-be9f-29113a4a814c:192.168.30.6:34535, 8c24ed06-386e-4085-8931-93c762a64530:192.168.30.6:32862, b7064b77-9271-4e94-8225-85d895886efb:192.168.30.6:41519], old=null
2019-09-25 11:42:38,483 [a7d59ef6-3eca-4628-b097-12d983444e7f@group-6E9EB1C0F638:LeaderElection204] INFO  server.RaftServerConfigKeys (ConfUtils.java:logGet(43)) - raft.server.rpc.request.timeout = 3000ms (default)
2019-09-25 11:42:38,483 [b7064b77-9271-4e94-8225-85d895886efb@group-CDCB2C8C105A:LeaderElection207] INFO  server.RaftServerConfigKeys (ConfUtils.java:logGet(43)) - raft.server.log.appender.buffer.byte-limit = 33554432 (custom)
2019-09-25 11:42:38,486 [b7064b77-9271-4e94-8225-85d895886efb@group-282EF1BFFEE0:LeaderElection217] INFO  impl.LeaderElection (LeaderElection.java:logAndReturn(56)) - b7064b77-9271-4e94-8225-85d895886efb@group-282EF1BFFEE0:LeaderElection217: Election REJECTED; received 0 response(s) [] and 0 exception(s); b7064b77-9271-4e94-8225-85d895886efb@group-282EF1BFFEE0:t8, leader=null, voted=b7064b77-9271-4e94-8225-85d895886efb, raftlog=b7064b77-9271-4e94-8225-85d895886efb@group-282EF1BFFEE0-SegmentedRaftLog:OPENED:c-1,f-1,i0, conf=-1: [d0888866-0bad-4f41-ad37-dccd4a57b958:192.168.30.6:45405, a7d59ef6-3eca-4628-b097-12d983444e7f:192.168.30.6:43486, b7064b77-9271-4e94-8225-85d895886efb:192.168.30.6:41519], old=null
2019-09-25 11:42:38,486 [8c24ed06-386e-4085-8931-93c762a64530@group-B9DEF2EDD277:LeaderElection216] INFO  impl.LeaderElection (LeaderElection.java:logAndReturn(56)) - 8c24ed06-386e-4085-8931-93c762a64530@group-B9DEF2EDD277:LeaderElection216: Election REJECTED; received 0 response(s) [] and 0 exception(s); 8c24ed06-386e-4085-8931-93c762a64530@group-B9DEF2EDD277:t8, leader=null, voted=8c24ed06-386e-4085-8931-93c762a64530, raftlog=8c24ed06-386e-4085-8931-93c762a64530@group-B9DEF2EDD277-SegmentedRaftLog:OPENED:c-1,f-1,i0, conf=-1: [19e67e26-3d21-4d01-be9f-29113a4a814c:192.168.30.6:34535, 8c24ed06-386e-4085-8931-93c762a64530:192.168.30.6:32862, b7064b77-9271-4e94-8225-85d895886efb:192.168.30.6:41519], old=null
2019-09-25 11:42:38,482 [d0888866-0bad-4f41-ad37-dccd4a57b958@group-DBE87B3B08CE:LeaderElection203] INFO  server.RaftServerConfigKeys (ConfUtils.java:logGet(43)) - raft.server.rpc.request.timeout = 3000ms (default)
2019-09-25 11:42:38,482 [a7d59ef6-3eca-4628-b097-12d983444e7f@group-47DBAAEC82C8:LeaderElection208] INFO  server.RaftServerConfigKeys (ConfUtils.java:logGet(43)) - raft.server.log.appender.install.snapshot.enabled = false (custom)
2019-09-25 11:42:38,482 [d0888866-0bad-4f41-ad37-dccd4a57b958@group-071025EF7F78:LeaderElection214] INFO  impl.RoleInfo (RoleInfo.java:shutdownLeaderElection(134)) - d0888866-0bad-4f41-ad37-dccd4a57b958: shutdown LeaderElection
2019-09-25 11:42:38,487 [grpc-default-executor-16] INFO  impl.RaftServerImpl (RaftServerImpl.java:setRole(174)) - 19e67e26-3d21-4d01-be9f-29113a4a814c@group-B9DEF2EDD277: changes role from  FOLLOWER to FOLLOWER at term 8 for recognizeCandidate:b7064b77-9271-4e94-8225-85d895886efb
2019-09-25 11:42:38,487 [a7d59ef6-3eca-4628-b097-12d983444e7f@group-47DBAAEC82C8:LeaderElection208] INFO  impl.RoleInfo (RoleInfo.java:updateAndGet(143)) - a7d59ef6-3eca-4628-b097-12d983444e7f: start LeaderState
2019-09-25 11:42:38,487 [d0888866-0bad-4f41-ad37-dccd4a57b958@group-071025EF7F78:LeaderElection214] INFO  impl.RoleInfo (RoleInfo.java:updateAndGet(143)) - d0888866-0bad-4f41-ad37-dccd4a57b958: start FollowerState
2019-09-25 11:42:38,487 [19e67e26-3d21-4d01-be9f-29113a4a814c@group-7CC56FB5D3F9:LeaderElection206] INFO  impl.RoleInfo (RoleInfo.java:updateAndGet(143)) - 19e67e26-3d21-4d01-be9f-29113a4a814c: start LeaderState
2019-09-25 11:42:38,486 [d0888866-0bad-4f41-ad37-dccd4a57b958@group-DBE87B3B08CE:LeaderElection203] INFO  server.RaftServerConfigKeys (ConfUtils.java:logGet(43)) - raft.server.log.appender.install.snapshot.enabled = false (custom)
2019-09-25 11:42:38,486 [b7064b77-9271-4e94-8225-85d895886efb@group-CDCB2C8C105A:LeaderElection207] INFO  server.RaftServerConfigKeys (ConfUtils.java:logGet(43)) - raft.server.log.appender.buffer.element-limit = 1 (custom)
2019-09-25 11:42:38,486 [a7d59ef6-3eca-4628-b097-12d983444e7f@group-6E9EB1C0F638:LeaderElection204] INFO  server.RaftServerConfigKeys (ConfUtils.java:logGet(43)) - raft.server.log.appender.install.snapshot.enabled = false (custom)
2019-09-25 11:42:38,485 [a7d59ef6-3eca-4628-b097-12d983444e7f@group-282EF1BFFEE0:LeaderElection213] INFO  server.RaftServerConfigKeys (ConfUtils.java:logGet(43)) - raft.server.watch.timeout = 10s (default)
2019-09-25 11:42:38,485 [19e67e26-3d21-4d01-be9f-29113a4a814c@group-BF1BD4D8076C:LeaderElection205] INFO  server.RaftServerConfigKeys (ConfUtils.java:logGet(43)) - raft.server.log.appender.install.snapshot.enabled = false (custom)
2019-09-25 11:42:38,484 [19e67e26-3d21-4d01-be9f-29113a4a814c@group-ADB1B60517AF:LeaderElection215] INFO  server.RaftServerConfigKeys (ConfUtils.java:logGet(43)) - raft.server.watch.timeout = 10s (default)
2019-09-25 11:42:38,484 [19e67e26-3d21-4d01-be9f-29113a4a814c@group-071025EF7F78:LeaderElection212] INFO  server.RaftServerConfigKeys (ConfUtils.java:logGet(43)) - raft.server.watch.timeout.denomination = 1s (default)
2019-09-25 11:42:38,484 [a7d59ef6-3eca-4628-b097-12d983444e7f@group-F2E0294EDFC2:LeaderElection211] INFO  server.RaftServerConfigKeys (ConfUtils.java:logGet(43)) - raft.server.watch.timeout = 10s (default)
2019-09-25 11:42:38,484 [d0888866-0bad-4f41-ad37-dccd4a57b958@group-F2E0294EDFC2:LeaderElection209] INFO  impl.RoleInfo (RoleInfo.java:updateAndGet(143)) - d0888866-0bad-4f41-ad37-dccd4a57b958: start FollowerState
2019-09-25 11:42:38,491 [a7d59ef6-3eca-4628-b097-12d983444e7f@group-F2E0294EDFC2:LeaderElection211] INFO  server.RaftServerConfigKeys (ConfUtils.java:logGet(43)) - raft.server.watch.timeout.denomination = 1s (default)
2019-09-25 11:42:38,491 [19e67e26-3d21-4d01-be9f-29113a4a814c@group-071025EF7F78:LeaderElection212] INFO  server.RaftServerConfigKeys (ConfUtils.java:logGet(43)) - raft.server.watch.element-limit = 65536 (default)
2019-09-25 11:42:38,491 [19e67e26-3d21-4d01-be9f-29113a4a814c@group-ADB1B60517AF:LeaderElection215] INFO  server.RaftServerConfigKeys (ConfUtils.java:logGet(43)) - raft.server.watch.timeout.denomination = 1s (default)
2019-09-25 11:42:38,491 [19e67e26-3d21-4d01-be9f-29113a4a814c@group-BF1BD4D8076C:LeaderElection205] INFO  server.RaftServerConfigKeys (ConfUtils.java:logGet(43)) - raft.server.log.appender.snapshot.chunk.size.max = 16MB (=16777216) (default)
2019-09-25 11:42:38,491 [a7d59ef6-3eca-4628-b097-12d983444e7f@group-282EF1BFFEE0:LeaderElection213] INFO  server.RaftServerConfigKeys (ConfUtils.java:logGet(43)) - raft.server.watch.timeout.denomination = 1s (default)
2019-09-25 11:42:38,491 [a7d59ef6-3eca-4628-b097-12d983444e7f@group-6E9EB1C0F638:LeaderElection204] INFO  server.RaftServerConfigKeys (ConfUtils.java:logGet(43)) - raft.server.log.appender.snapshot.chunk.size.max = 16MB (=16777216) (default)
2019-09-25 11:42:38,490 [b7064b77-9271-4e94-8225-85d895886efb@group-CDCB2C8C105A:LeaderElection207] INFO  grpc.GrpcConfigKeys$Server (ConfUtils.java:logGet(43)) - raft.grpc.server.leader.outstanding.appends.max = 128 (default)
2019-09-25 11:42:38,490 [grpc-default-executor-17] INFO  impl.RaftServerImpl (RaftServerImpl.java:setRole(174)) - d0888866-0bad-4f41-ad37-dccd4a57b958@group-282EF1BFFEE0: changes role from  FOLLOWER to FOLLOWER at term 8 for recognizeCandidate:b7064b77-9271-4e94-8225-85d895886efb
2019-09-25 11:42:38,490 [a7d59ef6-3eca-4628-b097-12d983444e7f@group-47DBAAEC82C8:LeaderElection208] INFO  segmented.SegmentedRaftLogWorker (SegmentedRaftLogWorker.java:startLogSegment(380)) - a7d59ef6-3eca-4628-b097-12d983444e7f@group-47DBAAEC82C8-SegmentedRaftLogWorker: Starting segment from index:0
2019-09-25 11:42:38,490 [19e67e26-3d21-4d01-be9f-29113a4a814c@group-7CC56FB5D3F9:LeaderElection206] INFO  segmented.SegmentedRaftLogWorker (SegmentedRaftLogWorker.java:startLogSegment(380)) - 19e67e26-3d21-4d01-be9f-29113a4a814c@group-7CC56FB5D3F9-SegmentedRaftLogWorker: Starting segment from index:0
2019-09-25 11:42:38,490 [d0888866-0bad-4f41-ad37-dccd4a57b958@group-DBE87B3B08CE:LeaderElection203] INFO  server.RaftServerConfigKeys (ConfUtils.java:logGet(43)) - raft.server.log.appender.snapshot.chunk.size.max = 16MB (=16777216) (default)
2019-09-25 11:42:38,487 [grpc-default-executor-16] INFO  impl.RoleInfo (RoleInfo.java:shutdownFollowerState(121)) - 19e67e26-3d21-4d01-be9f-29113a4a814c: shutdown FollowerState
2019-09-25 11:42:38,493 [d0888866-0bad-4f41-ad37-dccd4a57b958@group-DBE87B3B08CE:LeaderElection203] INFO  server.RaftServerConfigKeys (ConfUtils.java:logGet(43)) - raft.server.log.appender.buffer.byte-limit = 33554432 (custom)
2019-09-25 11:42:38,493 [grpc-default-executor-17] INFO  impl.RoleInfo (RoleInfo.java:shutdownFollowerState(121)) - d0888866-0bad-4f41-ad37-dccd4a57b958: shutdown FollowerState
2019-09-25 11:42:38,492 [b7064b77-9271-4e94-8225-85d895886efb@group-CDCB2C8C105A:LeaderElection207] INFO  server.RaftServerConfigKeys (ConfUtils.java:logGet(43)) - raft.server.rpc.request.timeout = 3000ms (default)
2019-09-25 11:42:38,492 [a7d59ef6-3eca-4628-b097-12d983444e7f@group-6E9EB1C0F638:LeaderElection204] INFO  server.RaftServerConfigKeys (ConfUtils.java:logGet(43)) - raft.server.log.appender.buffer.byte-limit = 33554432 (custom)
2019-09-25 11:42:38,492 [a7d59ef6-3eca-4628-b097-12d983444e7f@group-282EF1BFFEE0:LeaderElection213] INFO  server.RaftServerConfigKeys (ConfUtils.java:logGet(43)) - raft.server.watch.element-limit = 65536 (default)
2019-09-25 11:42:38,492 [19e67e26-3d21-4d01-be9f-29113a4a814c@group-BF1BD4D8076C:LeaderElection205] INFO  server.RaftServerConfigKeys (ConfUtils.java:logGet(43)) - raft.server.log.appender.buffer.byte-limit = 33554432 (custom)
2019-09-25 11:42:38,492 [19e67e26-3d21-4d01-be9f-29113a4a814c@group-ADB1B60517AF:LeaderElection215] INFO  server.RaftServerConfigKeys (ConfUtils.java:logGet(43)) - raft.server.watch.element-limit = 65536 (default)
2019-09-25 11:42:38,491 [a7d59ef6-3eca-4628-b097-12d983444e7f@group-F2E0294EDFC2:LeaderElection211] INFO  server.RaftServerConfigKeys (ConfUtils.java:logGet(43)) - raft.server.watch.element-limit = 65536 (default)
2019-09-25 11:42:38,494 [19e67e26-3d21-4d01-be9f-29113a4a814c@group-BF1BD4D8076C:LeaderElection205] INFO  server.RaftServerConfigKeys (ConfUtils.java:logGet(43)) - raft.server.log.appender.buffer.element-limit = 1 (custom)
2019-09-25 11:42:38,494 [19e67e26-3d21-4d01-be9f-29113a4a814c@group-071025EF7F78:LeaderElection212] INFO  server.RaftServerConfigKeys (ConfUtils.java:logGet(43)) - raft.server.log.appender.snapshot.chunk.size.max = 16MB (=16777216) (default)
2019-09-25 11:42:38,494 [a7d59ef6-3eca-4628-b097-12d983444e7f@group-6E9EB1C0F638:LeaderElection204] INFO  server.RaftServerConfigKeys (ConfUtils.java:logGet(43)) - raft.server.log.appender.buffer.element-limit = 1 (custom)
2019-09-25 11:42:38,494 [b7064b77-9271-4e94-8225-85d895886efb@group-CDCB2C8C105A:LeaderElection207] INFO  server.RaftServerConfigKeys (ConfUtils.java:logGet(43)) - raft.server.log.appender.install.snapshot.enabled = false (custom)
2019-09-25 11:42:38,494 [Thread-1202] INFO  impl.FollowerState (FollowerState.java:run(115)) - d0888866-0bad-4f41-ad37-dccd4a57b958: FollowerState was interrupted: java.lang.InterruptedException: sleep interrupted
2019-09-25 11:42:38,494 [a7d59ef6-3eca-4628-b097-12d983444e7f@group-47DBAAEC82C8:LeaderElection208] INFO  impl.RaftServerImpl (ServerState.java:setRaftConf(354)) - a7d59ef6-3eca-4628-b097-12d983444e7f@group-47DBAAEC82C8: set configuration 0: [a7d59ef6-3eca-4628-b097-12d983444e7f:192.168.30.6:43486, 8c24ed06-386e-4085-8931-93c762a64530:192.168.30.6:32862, b7064b77-9271-4e94-8225-85d895886efb:192.168.30.6:41519], old=null at 0
2019-09-25 11:42:38,494 [grpc-default-executor-17] INFO  impl.RoleInfo (RoleInfo.java:updateAndGet(143)) - d0888866-0bad-4f41-ad37-dccd4a57b958: start FollowerState
2019-09-25 11:42:38,494 [grpc-default-executor-16] INFO  impl.RoleInfo (RoleInfo.java:updateAndGet(143)) - 19e67e26-3d21-4d01-be9f-29113a4a814c: start FollowerState
2019-09-25 11:42:38,494 [19e67e26-3d21-4d01-be9f-29113a4a814c@group-7CC56FB5D3F9:LeaderElection206] INFO  impl.RaftServerImpl (ServerState.java:setRaftConf(354)) - 19e67e26-3d21-4d01-be9f-29113a4a814c@group-7CC56FB5D3F9: set configuration 0: [e081c0a5-acfc-4a29-8262-ee158adf5b11:192.168.30.6:37941, 19e67e26-3d21-4d01-be9f-29113a4a814c:192.168.30.6:34535, a7d59ef6-3eca-4628-b097-12d983444e7f:192.168.30.6:43486], old=null at 0
2019-09-25 11:42:38,494 [d0888866-0bad-4f41-ad37-dccd4a57b958@group-DBE87B3B08CE:LeaderElection203] INFO  server.RaftServerConfigKeys (ConfUtils.java:logGet(43)) - raft.server.log.appender.buffer.element-limit = 1 (custom)
2019-09-25 11:42:38,493 [Thread-1215] INFO  impl.FollowerState (FollowerState.java:run(115)) - 19e67e26-3d21-4d01-be9f-29113a4a814c: FollowerState was interrupted: java.lang.InterruptedException: sleep interrupted
2019-09-25 11:42:38,497 [d0888866-0bad-4f41-ad37-dccd4a57b958@group-DBE87B3B08CE:LeaderElection203] INFO  grpc.GrpcConfigKeys$Server (ConfUtils.java:logGet(43)) - raft.grpc.server.leader.outstanding.appends.max = 128 (default)
2019-09-25 11:42:38,497 [b7064b77-9271-4e94-8225-85d895886efb@group-CDCB2C8C105A:LeaderElection207] INFO  impl.RoleInfo (RoleInfo.java:updateAndGet(143)) - b7064b77-9271-4e94-8225-85d895886efb: start LeaderState
2019-09-25 11:42:38,496 [a7d59ef6-3eca-4628-b097-12d983444e7f@group-6E9EB1C0F638:LeaderElection204] INFO  grpc.GrpcConfigKeys$Server (ConfUtils.java:logGet(43)) - raft.grpc.server.leader.outstanding.appends.max = 128 (default)
2019-09-25 11:42:38,496 [19e67e26-3d21-4d01-be9f-29113a4a814c@group-071025EF7F78:LeaderElection212] INFO  server.RaftServerConfigKeys (ConfUtils.java:logGet(43)) - raft.server.log.appender.buffer.byte-limit = 33554432 (custom)
2019-09-25 11:42:38,496 [19e67e26-3d21-4d01-be9f-29113a4a814c@group-BF1BD4D8076C:LeaderElection205] INFO  grpc.GrpcConfigKeys$Server (ConfUtils.java:logGet(43)) - raft.grpc.server.leader.outstanding.appends.max = 128 (default)
2019-09-25 11:42:38,498 [19e67e26-3d21-4d01-be9f-29113a4a814c@group-071025EF7F78:LeaderElection212] INFO  server.RaftServerConfigKeys (ConfUtils.java:logGet(43)) - raft.server.log.appender.buffer.element-limit = 1 (custom)
2019-09-25 11:42:38,498 [b7064b77-9271-4e94-8225-85d895886efb@group-CDCB2C8C105A:LeaderElection207] INFO  segmented.SegmentedRaftLogWorker (SegmentedRaftLogWorker.java:startLogSegment(380)) - b7064b77-9271-4e94-8225-85d895886efb@group-CDCB2C8C105A-SegmentedRaftLogWorker: Starting segment from index:0
2019-09-25 11:42:38,498 [a7d59ef6-3eca-4628-b097-12d983444e7f@group-6E9EB1C0F638:LeaderElection204] INFO  server.RaftServerConfigKeys (ConfUtils.java:logGet(43)) - raft.server.rpc.request.timeout = 3000ms (default)
2019-09-25 11:42:38,498 [a7d59ef6-3eca-4628-b097-12d983444e7f@group-282EF1BFFEE0:LeaderElection213] INFO  server.RaftServerConfigKeys (ConfUtils.java:logGet(43)) - raft.server.log.appender.snapshot.chunk.size.max = 16MB (=16777216) (default)
2019-09-25 11:42:38,498 [d0888866-0bad-4f41-ad37-dccd4a57b958@group-DBE87B3B08CE:LeaderElection203] INFO  server.RaftServerConfigKeys (ConfUtils.java:logGet(43)) - raft.server.rpc.request.timeout = 3000ms (default)
2019-09-25 11:42:38,499 [a7d59ef6-3eca-4628-b097-12d983444e7f@group-282EF1BFFEE0:LeaderElection213] INFO  server.RaftServerConfigKeys (ConfUtils.java:logGet(43)) - raft.server.log.appender.buffer.byte-limit = 33554432 (custom)
2019-09-25 11:42:38,499 [a7d59ef6-3eca-4628-b097-12d983444e7f@group-6E9EB1C0F638:LeaderElection204] INFO  server.RaftServerConfigKeys (ConfUtils.java:logGet(43)) - raft.server.log.appender.install.snapshot.enabled = false (custom)
2019-09-25 11:42:38,499 [19e67e26-3d21-4d01-be9f-29113a4a814c@group-ADB1B60517AF:LeaderElection215] INFO  server.RaftServerConfigKeys (ConfUtils.java:logGet(43)) - raft.server.log.appender.snapshot.chunk.size.max = 16MB (=16777216) (default)
2019-09-25 11:42:38,498 [19e67e26-3d21-4d01-be9f-29113a4a814c@group-071025EF7F78:LeaderElection212] INFO  grpc.GrpcConfigKeys$Server (ConfUtils.java:logGet(43)) - raft.grpc.server.leader.outstanding.appends.max = 128 (default)
2019-09-25 11:42:38,498 [19e67e26-3d21-4d01-be9f-29113a4a814c@group-BF1BD4D8076C:LeaderElection205] INFO  server.RaftServerConfigKeys (ConfUtils.java:logGet(43)) - raft.server.rpc.request.timeout = 3000ms (default)
2019-09-25 11:42:38,527 [19e67e26-3d21-4d01-be9f-29113a4a814c@group-071025EF7F78:LeaderElection212] INFO  server.RaftServerConfigKeys (ConfUtils.java:logGet(43)) - raft.server.rpc.request.timeout = 3000ms (default)
2019-09-25 11:42:38,527 [a7d59ef6-3eca-4628-b097-12d983444e7f@group-6E9EB1C0F638:LeaderElection204] INFO  impl.RoleInfo (RoleInfo.java:updateAndGet(143)) - a7d59ef6-3eca-4628-b097-12d983444e7f: start LeaderState
2019-09-25 11:42:38,527 [19e67e26-3d21-4d01-be9f-29113a4a814c@group-ADB1B60517AF:LeaderElection215] INFO  server.RaftServerConfigKeys (ConfUtils.java:logGet(43)) - raft.server.log.appender.buffer.byte-limit = 33554432 (custom)
2019-09-25 11:42:38,499 [b7064b77-9271-4e94-8225-85d895886efb@group-CDCB2C8C105A:LeaderElection207] INFO  impl.RaftServerImpl (ServerState.java:setRaftConf(354)) - b7064b77-9271-4e94-8225-85d895886efb@group-CDCB2C8C105A: set configuration 0: [d0888866-0bad-4f41-ad37-dccd4a57b958:192.168.30.6:45405, 8c24ed06-386e-4085-8931-93c762a64530:192.168.30.6:32862, b7064b77-9271-4e94-8225-85d895886efb:192.168.30.6:41519], old=null at 0
2019-09-25 11:42:38,499 [a7d59ef6-3eca-4628-b097-12d983444e7f@group-282EF1BFFEE0:LeaderElection213] INFO  server.RaftServerConfigKeys (ConfUtils.java:logGet(43)) - raft.server.log.appender.buffer.element-limit = 1 (custom)
2019-09-25 11:42:38,499 [a7d59ef6-3eca-4628-b097-12d983444e7f@group-F2E0294EDFC2:LeaderElection211] INFO  server.RaftServerConfigKeys (ConfUtils.java:logGet(43)) - raft.server.log.appender.snapshot.chunk.size.max = 16MB (=16777216) (default)
2019-09-25 11:42:38,499 [d0888866-0bad-4f41-ad37-dccd4a57b958@group-DBE87B3B08CE:LeaderElection203] INFO  server.RaftServerConfigKeys (ConfUtils.java:logGet(43)) - raft.server.log.appender.install.snapshot.enabled = false (custom)
2019-09-25 11:42:38,528 [a7d59ef6-3eca-4628-b097-12d983444e7f@group-F2E0294EDFC2:LeaderElection211] INFO  server.RaftServerConfigKeys (ConfUtils.java:logGet(43)) - raft.server.log.appender.buffer.byte-limit = 33554432 (custom)
2019-09-25 11:42:38,528 [a7d59ef6-3eca-4628-b097-12d983444e7f@group-F2E0294EDFC2:LeaderElection211] INFO  server.RaftServerConfigKeys (ConfUtils.java:logGet(43)) - raft.server.log.appender.buffer.element-limit = 1 (custom)
2019-09-25 11:42:38,528 [a7d59ef6-3eca-4628-b097-12d983444e7f@group-282EF1BFFEE0:LeaderElection213] INFO  grpc.GrpcConfigKeys$Server (ConfUtils.java:logGet(43)) - raft.grpc.server.leader.outstanding.appends.max = 128 (default)
2019-09-25 11:42:38,527 [a7d59ef6-3eca-4628-b097-12d983444e7f@group-6E9EB1C0F638:LeaderElection204] INFO  segmented.SegmentedRaftLogWorker (SegmentedRaftLogWorker.java:startLogSegment(380)) - a7d59ef6-3eca-4628-b097-12d983444e7f@group-6E9EB1C0F638-SegmentedRaftLogWorker: Starting segment from index:0
2019-09-25 11:42:38,527 [19e67e26-3d21-4d01-be9f-29113a4a814c@group-ADB1B60517AF:LeaderElection215] INFO  server.RaftServerConfigKeys (ConfUtils.java:logGet(43)) - raft.server.log.appender.buffer.element-limit = 1 (custom)
2019-09-25 11:42:38,527 [19e67e26-3d21-4d01-be9f-29113a4a814c@group-071025EF7F78:LeaderElection212] INFO  server.RaftServerConfigKeys (ConfUtils.java:logGet(43)) - raft.server.log.appender.install.snapshot.enabled = false (custom)
2019-09-25 11:42:38,527 [19e67e26-3d21-4d01-be9f-29113a4a814c@group-BF1BD4D8076C:LeaderElection205] INFO  server.RaftServerConfigKeys (ConfUtils.java:logGet(43)) - raft.server.log.appender.install.snapshot.enabled = false (custom)
2019-09-25 11:42:38,529 [19e67e26-3d21-4d01-be9f-29113a4a814c@group-071025EF7F78:LeaderElection212] INFO  server.RaftServerConfigKeys (ConfUtils.java:logGet(43)) - raft.server.log.appender.snapshot.chunk.size.max = 16MB (=16777216) (default)
2019-09-25 11:42:38,529 [19e67e26-3d21-4d01-be9f-29113a4a814c@group-ADB1B60517AF:LeaderElection215] INFO  grpc.GrpcConfigKeys$Server (ConfUtils.java:logGet(43)) - raft.grpc.server.leader.outstanding.appends.max = 128 (default)
2019-09-25 11:42:38,529 [a7d59ef6-3eca-4628-b097-12d983444e7f@group-282EF1BFFEE0:LeaderElection213] INFO  server.RaftServerConfigKeys (ConfUtils.java:logGet(43)) - raft.server.rpc.request.timeout = 3000ms (default)
2019-09-25 11:42:38,529 [a7d59ef6-3eca-4628-b097-12d983444e7f@group-F2E0294EDFC2:LeaderElection211] INFO  grpc.GrpcConfigKeys$Server (ConfUtils.java:logGet(43)) - raft.grpc.server.leader.outstanding.appends.max = 128 (default)
2019-09-25 11:42:38,528 [d0888866-0bad-4f41-ad37-dccd4a57b958@group-DBE87B3B08CE:LeaderElection203] INFO  impl.RoleInfo (RoleInfo.java:updateAndGet(143)) - d0888866-0bad-4f41-ad37-dccd4a57b958: start LeaderState
2019-09-25 11:42:38,530 [a7d59ef6-3eca-4628-b097-12d983444e7f@group-F2E0294EDFC2:LeaderElection211] INFO  server.RaftServerConfigKeys (ConfUtils.java:logGet(43)) - raft.server.rpc.request.timeout = 3000ms (default)
2019-09-25 11:42:38,530 [a7d59ef6-3eca-4628-b097-12d983444e7f@group-282EF1BFFEE0:LeaderElection213] INFO  server.RaftServerConfigKeys (ConfUtils.java:logGet(43)) - raft.server.log.appender.install.snapshot.enabled = false (custom)
2019-09-25 11:42:38,530 [19e67e26-3d21-4d01-be9f-29113a4a814c@group-ADB1B60517AF:LeaderElection215] INFO  server.RaftServerConfigKeys (ConfUtils.java:logGet(43)) - raft.server.rpc.request.timeout = 3000ms (default)
2019-09-25 11:42:38,530 [19e67e26-3d21-4d01-be9f-29113a4a814c@group-BF1BD4D8076C:LeaderElection205] INFO  impl.RoleInfo (RoleInfo.java:updateAndGet(143)) - 19e67e26-3d21-4d01-be9f-29113a4a814c: start LeaderState
2019-09-25 11:42:38,530 [19e67e26-3d21-4d01-be9f-29113a4a814c@group-071025EF7F78:LeaderElection212] INFO  server.RaftServerConfigKeys (ConfUtils.java:logGet(43)) - raft.server.log.appender.buffer.byte-limit = 33554432 (custom)
2019-09-25 11:42:38,531 [19e67e26-3d21-4d01-be9f-29113a4a814c@group-BF1BD4D8076C:LeaderElection205] INFO  segmented.SegmentedRaftLogWorker (SegmentedRaftLogWorker.java:startLogSegment(380)) - 19e67e26-3d21-4d01-be9f-29113a4a814c@group-BF1BD4D8076C-SegmentedRaftLogWorker: Starting segment from index:0
2019-09-25 11:42:38,531 [19e67e26-3d21-4d01-be9f-29113a4a814c@group-ADB1B60517AF:LeaderElection215] INFO  server.RaftServerConfigKeys (ConfUtils.java:logGet(43)) - raft.server.log.appender.install.snapshot.enabled = false (custom)
2019-09-25 11:42:38,531 [a7d59ef6-3eca-4628-b097-12d983444e7f@group-282EF1BFFEE0:LeaderElection213] INFO  server.RaftServerConfigKeys (ConfUtils.java:logGet(43)) - raft.server.log.appender.snapshot.chunk.size.max = 16MB (=16777216) (default)
2019-09-25 11:42:38,531 [a7d59ef6-3eca-4628-b097-12d983444e7f@group-F2E0294EDFC2:LeaderElection211] INFO  server.RaftServerConfigKeys (ConfUtils.java:logGet(43)) - raft.server.log.appender.install.snapshot.enabled = false (custom)
2019-09-25 11:42:38,532 [19e67e26-3d21-4d01-be9f-29113a4a814c@group-BF1BD4D8076C:LeaderElection205] INFO  impl.RaftServerImpl (ServerState.java:setRaftConf(354)) - 19e67e26-3d21-4d01-be9f-29113a4a814c@group-BF1BD4D8076C: set configuration 0: [e081c0a5-acfc-4a29-8262-ee158adf5b11:192.168.30.6:37941, 19e67e26-3d21-4d01-be9f-29113a4a814c:192.168.30.6:34535, 8c24ed06-386e-4085-8931-93c762a64530:192.168.30.6:32862], old=null at 0
2019-09-25 11:42:38,531 [d0888866-0bad-4f41-ad37-dccd4a57b958@group-DBE87B3B08CE:LeaderElection203] INFO  segmented.SegmentedRaftLogWorker (SegmentedRaftLogWorker.java:startLogSegment(380)) - d0888866-0bad-4f41-ad37-dccd4a57b958@group-DBE87B3B08CE-SegmentedRaftLogWorker: Starting segment from index:0
2019-09-25 11:42:38,532 [a7d59ef6-3eca-4628-b097-12d983444e7f@group-282EF1BFFEE0:LeaderElection213] INFO  server.RaftServerConfigKeys (ConfUtils.java:logGet(43)) - raft.server.log.appender.buffer.byte-limit = 33554432 (custom)
2019-09-25 11:42:38,532 [19e67e26-3d21-4d01-be9f-29113a4a814c@group-ADB1B60517AF:LeaderElection215] INFO  server.RaftServerConfigKeys (ConfUtils.java:logGet(43)) - raft.server.log.appender.snapshot.chunk.size.max = 16MB (=16777216) (default)
2019-09-25 11:42:38,532 [a7d59ef6-3eca-4628-b097-12d983444e7f@group-6E9EB1C0F638:LeaderElection204] INFO  impl.RaftServerImpl (ServerState.java:setRaftConf(354)) - a7d59ef6-3eca-4628-b097-12d983444e7f@group-6E9EB1C0F638: set configuration 0: [e081c0a5-acfc-4a29-8262-ee158adf5b11:192.168.30.6:37941, a7d59ef6-3eca-4628-b097-12d983444e7f:192.168.30.6:43486, b7064b77-9271-4e94-8225-85d895886efb:192.168.30.6:41519], old=null at 0
2019-09-25 11:42:38,531 [19e67e26-3d21-4d01-be9f-29113a4a814c@group-071025EF7F78:LeaderElection212] INFO  server.RaftServerConfigKeys (ConfUtils.java:logGet(43)) - raft.server.log.appender.buffer.element-limit = 1 (custom)
2019-09-25 11:42:38,533 [19e67e26-3d21-4d01-be9f-29113a4a814c@group-ADB1B60517AF:LeaderElection215] INFO  server.RaftServerConfigKeys (ConfUtils.java:logGet(43)) - raft.server.log.appender.buffer.byte-limit = 33554432 (custom)
2019-09-25 11:42:38,533 [a7d59ef6-3eca-4628-b097-12d983444e7f@group-282EF1BFFEE0:LeaderElection213] INFO  server.RaftServerConfigKeys (ConfUtils.java:logGet(43)) - raft.server.log.appender.buffer.element-limit = 1 (custom)
2019-09-25 11:42:38,533 [a7d59ef6-3eca-4628-b097-12d983444e7f@group-F2E0294EDFC2:LeaderElection211] INFO  server.RaftServerConfigKeys (ConfUtils.java:logGet(43)) - raft.server.log.appender.snapshot.chunk.size.max = 16MB (=16777216) (default)
2019-09-25 11:42:38,534 [a7d59ef6-3eca-4628-b097-12d983444e7f@group-282EF1BFFEE0:LeaderElection213] INFO  grpc.GrpcConfigKeys$Server (ConfUtils.java:logGet(43)) - raft.grpc.server.leader.outstanding.appends.max = 128 (default)
2019-09-25 11:42:38,534 [19e67e26-3d21-4d01-be9f-29113a4a814c@group-ADB1B60517AF:LeaderElection215] INFO  server.RaftServerConfigKeys (ConfUtils.java:logGet(43)) - raft.server.log.appender.buffer.element-limit = 1 (custom)
2019-09-25 11:42:38,534 [d0888866-0bad-4f41-ad37-dccd4a57b958@group-DBE87B3B08CE:LeaderElection203] INFO  impl.RaftServerImpl (ServerState.java:setRaftConf(354)) - d0888866-0bad-4f41-ad37-dccd4a57b958@group-DBE87B3B08CE: set configuration 0: [d0888866-0bad-4f41-ad37-dccd4a57b958:192.168.30.6:45405, a7d59ef6-3eca-4628-b097-12d983444e7f:192.168.30.6:43486, 8c24ed06-386e-4085-8931-93c762a64530:192.168.30.6:32862], old=null at 0
2019-09-25 11:42:38,534 [19e67e26-3d21-4d01-be9f-29113a4a814c@group-071025EF7F78:LeaderElection212] INFO  grpc.GrpcConfigKeys$Server (ConfUtils.java:logGet(43)) - raft.grpc.server.leader.outstanding.appends.max = 128 (default)
2019-09-25 11:42:38,569 [19e67e26-3d21-4d01-be9f-29113a4a814c@group-7CC56FB5D3F9-SegmentedRaftLogWorker] INFO  segmented.SegmentedRaftLogWorker (SegmentedRaftLogWorker.java:execute(569)) - 19e67e26-3d21-4d01-be9f-29113a4a814c@group-7CC56FB5D3F9-SegmentedRaftLogWorker: created new log segment /workdir/hadoop-ozone/integration-test/target/test-dir/MiniOzoneClusterImpl-85c44edd-3ede-4f6a-a825-df7bd545a955/datanode-0/data/ratis/fcaffb94-232f-4f20-a01e-7cc56fb5d3f9/current/log_inprogress_0
2019-09-25 11:42:38,569 [a7d59ef6-3eca-4628-b097-12d983444e7f@group-47DBAAEC82C8-SegmentedRaftLogWorker] INFO  segmented.SegmentedRaftLogWorker (SegmentedRaftLogWorker.java:execute(569)) - a7d59ef6-3eca-4628-b097-12d983444e7f@group-47DBAAEC82C8-SegmentedRaftLogWorker: created new log segment /workdir/hadoop-ozone/integration-test/target/test-dir/MiniOzoneClusterImpl-85c44edd-3ede-4f6a-a825-df7bd545a955/datanode-5/data/ratis/e82fb40c-29ee-44a8-987b-47dbaaec82c8/current/log_inprogress_0
2019-09-25 11:42:38,569 [b7064b77-9271-4e94-8225-85d895886efb@group-CDCB2C8C105A-SegmentedRaftLogWorker] INFO  segmented.SegmentedRaftLogWorker (SegmentedRaftLogWorker.java:execute(569)) - b7064b77-9271-4e94-8225-85d895886efb@group-CDCB2C8C105A-SegmentedRaftLogWorker: created new log segment /workdir/hadoop-ozone/integration-test/target/test-dir/MiniOzoneClusterImpl-85c44edd-3ede-4f6a-a825-df7bd545a955/datanode-1/data/ratis/5ad4bb6d-a156-4e0b-8d13-cdcb2c8c105a/current/log_inprogress_0
2019-09-25 11:42:38,535 [19e67e26-3d21-4d01-be9f-29113a4a814c@group-ADB1B60517AF:LeaderElection215] INFO  grpc.GrpcConfigKeys$Server (ConfUtils.java:logGet(43)) - raft.grpc.server.leader.outstanding.appends.max = 128 (default)
2019-09-25 11:42:38,534 [a7d59ef6-3eca-4628-b097-12d983444e7f@group-282EF1BFFEE0:LeaderElection213] INFO  server.RaftServerConfigKeys (ConfUtils.java:logGet(43)) - raft.server.rpc.request.timeout = 3000ms (default)
2019-09-25 11:42:38,534 [a7d59ef6-3eca-4628-b097-12d983444e7f@group-F2E0294EDFC2:LeaderElection211] INFO  server.RaftServerConfigKeys (ConfUtils.java:logGet(43)) - raft.server.log.appender.buffer.byte-limit = 33554432 (custom)
2019-09-25 11:42:38,571 [a7d59ef6-3eca-4628-b097-12d983444e7f@group-282EF1BFFEE0:LeaderElection213] INFO  server.RaftServerConfigKeys (ConfUtils.java:logGet(43)) - raft.server.log.appender.install.snapshot.enabled = false (custom)
2019-09-25 11:42:38,571 [19e67e26-3d21-4d01-be9f-29113a4a814c@group-ADB1B60517AF:LeaderElection215] INFO  server.RaftServerConfigKeys (ConfUtils.java:logGet(43)) - raft.server.rpc.request.timeout = 3000ms (default)
2019-09-25 11:42:38,571 [a7d59ef6-3eca-4628-b097-12d983444e7f@group-282EF1BFFEE0:LeaderElection213] INFO  impl.RoleInfo (RoleInfo.java:updateAndGet(143)) - a7d59ef6-3eca-4628-b097-12d983444e7f: start LeaderState
2019-09-25 11:42:38,572 [a7d59ef6-3eca-4628-b097-12d983444e7f@group-282EF1BFFEE0:LeaderElection213] INFO  segmented.SegmentedRaftLogWorker (SegmentedRaftLogWorker.java:startLogSegment(380)) - a7d59ef6-3eca-4628-b097-12d983444e7f@group-282EF1BFFEE0-SegmentedRaftLogWorker: Starting segment from index:0
2019-09-25 11:42:38,570 [19e67e26-3d21-4d01-be9f-29113a4a814c@group-071025EF7F78:LeaderElection212] INFO  server.RaftServerConfigKeys (ConfUtils.java:logGet(43)) - raft.server.rpc.request.timeout = 3000ms (default)
2019-09-25 11:42:38,571 [19e67e26-3d21-4d01-be9f-29113a4a814c@group-ADB1B60517AF:LeaderElection215] INFO  server.RaftServerConfigKeys (ConfUtils.java:logGet(43)) - raft.server.log.appender.install.snapshot.enabled = false (custom)
2019-09-25 11:42:38,571 [a7d59ef6-3eca-4628-b097-12d983444e7f@group-F2E0294EDFC2:LeaderElection211] INFO  server.RaftServerConfigKeys (ConfUtils.java:logGet(43)) - raft.server.log.appender.buffer.element-limit = 1 (custom)
2019-09-25 11:42:38,572 [19e67e26-3d21-4d01-be9f-29113a4a814c@group-071025EF7F78:LeaderElection212] INFO  server.RaftServerConfigKeys (ConfUtils.java:logGet(43)) - raft.server.log.appender.install.snapshot.enabled = false (custom)
2019-09-25 11:42:38,573 [a7d59ef6-3eca-4628-b097-12d983444e7f@group-282EF1BFFEE0:LeaderElection213] INFO  impl.RaftServerImpl (ServerState.java:setRaftConf(354)) - a7d59ef6-3eca-4628-b097-12d983444e7f@group-282EF1BFFEE0: set configuration 0: [d0888866-0bad-4f41-ad37-dccd4a57b958:192.168.30.6:45405, a7d59ef6-3eca-4628-b097-12d983444e7f:192.168.30.6:43486, b7064b77-9271-4e94-8225-85d895886efb:192.168.30.6:41519], old=null at 0
2019-09-25 11:42:38,573 [19e67e26-3d21-4d01-be9f-29113a4a814c@group-ADB1B60517AF:LeaderElection215] INFO  impl.RoleInfo (RoleInfo.java:updateAndGet(143)) - 19e67e26-3d21-4d01-be9f-29113a4a814c: start LeaderState
2019-09-25 11:42:38,599 [d0888866-0bad-4f41-ad37-dccd4a57b958@group-DBE87B3B08CE-SegmentedRaftLogWorker] INFO  segmented.SegmentedRaftLogWorker (SegmentedRaftLogWorker.java:execute(569)) - d0888866-0bad-4f41-ad37-dccd4a57b958@group-DBE87B3B08CE-SegmentedRaftLogWorker: created new log segment /workdir/hadoop-ozone/integration-test/target/test-dir/MiniOzoneClusterImpl-85c44edd-3ede-4f6a-a825-df7bd545a955/datanode-2/data/ratis/e84d2017-21a0-412b-9f57-dbe87b3b08ce/current/log_inprogress_0
2019-09-25 11:42:38,599 [19e67e26-3d21-4d01-be9f-29113a4a814c@group-BF1BD4D8076C-SegmentedRaftLogWorker] INFO  segmented.SegmentedRaftLogWorker (SegmentedRaftLogWorker.java:execute(569)) - 19e67e26-3d21-4d01-be9f-29113a4a814c@group-BF1BD4D8076C-SegmentedRaftLogWorker: created new log segment /workdir/hadoop-ozone/integration-test/target/test-dir/MiniOzoneClusterImpl-85c44edd-3ede-4f6a-a825-df7bd545a955/datanode-0/data/ratis/9a9bdc2b-91a8-4192-99cd-bf1bd4d8076c/current/log_inprogress_0
2019-09-25 11:42:38,599 [a7d59ef6-3eca-4628-b097-12d983444e7f@group-6E9EB1C0F638-SegmentedRaftLogWorker] INFO  segmented.SegmentedRaftLogWorker (SegmentedRaftLogWorker.java:execute(569)) - a7d59ef6-3eca-4628-b097-12d983444e7f@group-6E9EB1C0F638-SegmentedRaftLogWorker: created new log segment /workdir/hadoop-ozone/integration-test/target/test-dir/MiniOzoneClusterImpl-85c44edd-3ede-4f6a-a825-df7bd545a955/datanode-5/data/ratis/f1ecf8f3-051e-482f-a76d-6e9eb1c0f638/current/log_inprogress_0
2019-09-25 11:42:38,598 [a7d59ef6-3eca-4628-b097-12d983444e7f@group-F2E0294EDFC2:LeaderElection211] INFO  grpc.GrpcConfigKeys$Server (ConfUtils.java:logGet(43)) - raft.grpc.server.leader.outstanding.appends.max = 128 (default)
2019-09-25 11:42:38,573 [grpc-default-executor-15] INFO  impl.RaftServerImpl (ServerState.java:setLeader(253)) - a7d59ef6-3eca-4628-b097-12d983444e7f@group-282EF1BFFEE0: change Leader from a7d59ef6-3eca-4628-b097-12d983444e7f to null at term 8 for updateCurrentTerm
2019-09-25 11:42:38,601 [grpc-default-executor-15] INFO  impl.RaftServerImpl (RaftServerImpl.java:setRole(174)) - a7d59ef6-3eca-4628-b097-12d983444e7f@group-282EF1BFFEE0: changes role from    LEADER to FOLLOWER at term 8 for recognizeCandidate:b7064b77-9271-4e94-8225-85d895886efb
2019-09-25 11:42:38,573 [19e67e26-3d21-4d01-be9f-29113a4a814c@group-071025EF7F78:LeaderElection212] INFO  impl.RoleInfo (RoleInfo.java:updateAndGet(143)) - 19e67e26-3d21-4d01-be9f-29113a4a814c: start LeaderState
2019-09-25 11:42:38,601 [grpc-default-executor-15] INFO  impl.RoleInfo (RoleInfo.java:shutdownLeaderState(104)) - a7d59ef6-3eca-4628-b097-12d983444e7f: shutdown LeaderState
2019-09-25 11:42:38,601 [19e67e26-3d21-4d01-be9f-29113a4a814c@group-071025EF7F78:LeaderElection212] INFO  segmented.SegmentedRaftLogWorker (SegmentedRaftLogWorker.java:startLogSegment(380)) - 19e67e26-3d21-4d01-be9f-29113a4a814c@group-071025EF7F78-SegmentedRaftLogWorker: Starting segment from index:0
2019-09-25 11:42:38,601 [a7d59ef6-3eca-4628-b097-12d983444e7f@group-F2E0294EDFC2:LeaderElection211] INFO  server.RaftServerConfigKeys (ConfUtils.java:logGet(43)) - raft.server.rpc.request.timeout = 3000ms (default)
2019-09-25 11:42:38,600 [19e67e26-3d21-4d01-be9f-29113a4a814c@group-ADB1B60517AF:LeaderElection215] INFO  segmented.SegmentedRaftLogWorker (SegmentedRaftLogWorker.java:startLogSegment(380)) - 19e67e26-3d21-4d01-be9f-29113a4a814c@group-ADB1B60517AF-SegmentedRaftLogWorker: Starting segment from index:0
2019-09-25 11:42:38,633 [19e67e26-3d21-4d01-be9f-29113a4a814c@group-071025EF7F78:LeaderElection212] INFO  impl.RaftServerImpl (ServerState.java:setRaftConf(354)) - 19e67e26-3d21-4d01-be9f-29113a4a814c@group-071025EF7F78: set configuration 0: [e081c0a5-acfc-4a29-8262-ee158adf5b11:192.168.30.6:37941, d0888866-0bad-4f41-ad37-dccd4a57b958:192.168.30.6:45405, 19e67e26-3d21-4d01-be9f-29113a4a814c:192.168.30.6:34535], old=null at 0
2019-09-25 11:42:38,633 [a7d59ef6-3eca-4628-b097-12d983444e7f@group-282EF1BFFEE0-SegmentedRaftLogWorker] INFO  segmented.SegmentedRaftLogWorker (SegmentedRaftLogWorker.java:execute(569)) - a7d59ef6-3eca-4628-b097-12d983444e7f@group-282EF1BFFEE0-SegmentedRaftLogWorker: created new log segment /workdir/hadoop-ozone/integration-test/target/test-dir/MiniOzoneClusterImpl-85c44edd-3ede-4f6a-a825-df7bd545a955/datanode-5/data/ratis/b2a88284-798d-4142-9ac4-282ef1bffee0/current/log_inprogress_0
2019-09-25 11:42:38,633 [org.apache.ratis.server.impl.LogAppender$AppenderDaemon$$Lambda$418/858148741@50540b4d] WARN  server.GrpcLogAppender (GrpcLogAppender.java:mayWait(143)) - a7d59ef6-3eca-4628-b097-12d983444e7f@group-282EF1BFFEE0->b7064b77-9271-4e94-8225-85d895886efb-GrpcLogAppender: Wait interrupted by java.lang.InterruptedException
2019-09-25 11:42:38,602 [a7d59ef6-3eca-4628-b097-12d983444e7f@group-F2E0294EDFC2:LeaderElection211] INFO  server.RaftServerConfigKeys (ConfUtils.java:logGet(43)) - raft.server.log.appender.install.snapshot.enabled = false (custom)
2019-09-25 11:42:38,636 [grpc-default-executor-15] INFO  impl.PendingRequests (PendingRequests.java:sendNotLeaderResponses(202)) - a7d59ef6-3eca-4628-b097-12d983444e7f-PendingRequests: sendNotLeaderResponses
2019-09-25 11:42:38,633 [org.apache.ratis.server.impl.LogAppender$AppenderDaemon$$Lambda$418/858148741@73091276] WARN  server.GrpcLogAppender (GrpcLogAppender.java:mayWait(143)) - a7d59ef6-3eca-4628-b097-12d983444e7f@group-282EF1BFFEE0->d0888866-0bad-4f41-ad37-dccd4a57b958-GrpcLogAppender: Wait interrupted by java.lang.InterruptedException
2019-09-25 11:42:38,673 [19e67e26-3d21-4d01-be9f-29113a4a814c@group-071025EF7F78-SegmentedRaftLogWorker] INFO  segmented.SegmentedRaftLogWorker (SegmentedRaftLogWorker.java:execute(569)) - 19e67e26-3d21-4d01-be9f-29113a4a814c@group-071025EF7F78-SegmentedRaftLogWorker: created new log segment /workdir/hadoop-ozone/integration-test/target/test-dir/MiniOzoneClusterImpl-85c44edd-3ede-4f6a-a825-df7bd545a955/datanode-0/data/ratis/5fac202b-89a0-4582-8898-071025ef7f78/current/log_inprogress_0
2019-09-25 11:42:38,673 [a7d59ef6-3eca-4628-b097-12d983444e7f@group-F2E0294EDFC2:LeaderElection211] INFO  impl.RoleInfo (RoleInfo.java:updateAndGet(143)) - a7d59ef6-3eca-4628-b097-12d983444e7f: start LeaderState
2019-09-25 11:42:38,673 [19e67e26-3d21-4d01-be9f-29113a4a814c@group-ADB1B60517AF:LeaderElection215] INFO  impl.RaftServerImpl (ServerState.java:setRaftConf(354)) - 19e67e26-3d21-4d01-be9f-29113a4a814c@group-ADB1B60517AF: set configuration 0: [d0888866-0bad-4f41-ad37-dccd4a57b958:192.168.30.6:45405, 19e67e26-3d21-4d01-be9f-29113a4a814c:192.168.30.6:34535, 8c24ed06-386e-4085-8931-93c762a64530:192.168.30.6:32862], old=null at 0
2019-09-25 11:42:38,674 [a7d59ef6-3eca-4628-b097-12d983444e7f@group-F2E0294EDFC2:LeaderElection211] INFO  segmented.SegmentedRaftLogWorker (SegmentedRaftLogWorker.java:startLogSegment(380)) - a7d59ef6-3eca-4628-b097-12d983444e7f@group-F2E0294EDFC2-SegmentedRaftLogWorker: Starting segment from index:0
2019-09-25 11:42:38,676 [a7d59ef6-3eca-4628-b097-12d983444e7f@group-F2E0294EDFC2:LeaderElection211] INFO  impl.RaftServerImpl (ServerState.java:setRaftConf(354)) - a7d59ef6-3eca-4628-b097-12d983444e7f@group-F2E0294EDFC2: set configuration 0: [d0888866-0bad-4f41-ad37-dccd4a57b958:192.168.30.6:45405, a7d59ef6-3eca-4628-b097-12d983444e7f:192.168.30.6:43486, b7064b77-9271-4e94-8225-85d895886efb:192.168.30.6:41519], old=null at 0
2019-09-25 11:42:38,710 [19e67e26-3d21-4d01-be9f-29113a4a814c@group-ADB1B60517AF-SegmentedRaftLogWorker] INFO  segmented.SegmentedRaftLogWorker (SegmentedRaftLogWorker.java:execute(569)) - 19e67e26-3d21-4d01-be9f-29113a4a814c@group-ADB1B60517AF-SegmentedRaftLogWorker: created new log segment /workdir/hadoop-ozone/integration-test/target/test-dir/MiniOzoneClusterImpl-85c44edd-3ede-4f6a-a825-df7bd545a955/datanode-0/data/ratis/5c44fbfe-369d-45ad-8e0d-adb1b60517af/current/log_inprogress_0
2019-09-25 11:42:38,713 [grpc-default-executor-17] INFO  impl.RaftServerImpl (ServerState.java:setLeader(253)) - 8c24ed06-386e-4085-8931-93c762a64530@group-CDCB2C8C105A: change Leader from null to b7064b77-9271-4e94-8225-85d895886efb at term 7 for appendEntries, leader elected after 55691ms
2019-09-25 11:42:38,712 [grpc-default-executor-7] INFO  impl.RaftServerImpl (ServerState.java:setLeader(253)) - 8c24ed06-386e-4085-8931-93c762a64530@group-DBE87B3B08CE: change Leader from null to d0888866-0bad-4f41-ad37-dccd4a57b958 at term 7 for appendEntries, leader elected after 55155ms
2019-09-25 11:42:38,712 [grpc-default-executor-9] INFO  impl.RaftServerImpl (ServerState.java:setLeader(253)) - a7d59ef6-3eca-4628-b097-12d983444e7f@group-7CC56FB5D3F9: change Leader from null to 19e67e26-3d21-4d01-be9f-29113a4a814c at term 7 for appendEntries, leader elected after 54978ms
2019-09-25 11:42:38,712 [grpc-default-executor-8] INFO  impl.RaftServerImpl (ServerState.java:setLeader(253)) - b7064b77-9271-4e94-8225-85d895886efb@group-47DBAAEC82C8: change Leader from null to a7d59ef6-3eca-4628-b097-12d983444e7f at term 7 for appendEntries, leader elected after 55395ms
2019-09-25 11:42:38,712 [grpc-default-executor-12] INFO  impl.RaftServerImpl (ServerState.java:setLeader(253)) - e081c0a5-acfc-4a29-8262-ee158adf5b11@group-BF1BD4D8076C: change Leader from null to 19e67e26-3d21-4d01-be9f-29113a4a814c at term 7 for appendEntries, leader elected after 55492ms
2019-09-25 11:42:38,712 [grpc-default-executor-0] INFO  impl.RaftServerImpl (ServerState.java:setLeader(253)) - e081c0a5-acfc-4a29-8262-ee158adf5b11@group-071025EF7F78: change Leader from null to 19e67e26-3d21-4d01-be9f-29113a4a814c at term 7 for appendEntries, leader elected after 54688ms
2019-09-25 11:42:38,714 [grpc-default-executor-1] INFO  impl.RaftServerImpl (ServerState.java:setLeader(253)) - b7064b77-9271-4e94-8225-85d895886efb@group-F2E0294EDFC2: change Leader from null to a7d59ef6-3eca-4628-b097-12d983444e7f at term 7 for appendEntries, leader elected after 54902ms
2019-09-25 11:42:38,714 [grpc-default-executor-15] INFO  impl.RoleInfo (RoleInfo.java:updateAndGet(143)) - a7d59ef6-3eca-4628-b097-12d983444e7f: start FollowerState
2019-09-25 11:42:38,713 [grpc-default-executor-14] INFO  impl.RaftServerImpl (ServerState.java:setLeader(253)) - 8c24ed06-386e-4085-8931-93c762a64530@group-47DBAAEC82C8: change Leader from null to a7d59ef6-3eca-4628-b097-12d983444e7f at term 7 for appendEntries, leader elected after 55396ms
2019-09-25 11:42:38,713 [grpc-default-executor-6] INFO  impl.RaftServerImpl (ServerState.java:setLeader(253)) - b7064b77-9271-4e94-8225-85d895886efb@group-6E9EB1C0F638: change Leader from null to a7d59ef6-3eca-4628-b097-12d983444e7f at term 7 for appendEntries, leader elected after 54801ms
2019-09-25 11:42:38,713 [grpc-default-executor-3] INFO  impl.RaftServerImpl (ServerState.java:setLeader(253)) - a7d59ef6-3eca-4628-b097-12d983444e7f@group-DBE87B3B08CE: change Leader from null to d0888866-0bad-4f41-ad37-dccd4a57b958 at term 7 for appendEntries, leader elected after 55156ms
2019-09-25 11:42:38,713 [grpc-default-executor-11] INFO  impl.RaftServerImpl (ServerState.java:setLeader(253)) - 8c24ed06-386e-4085-8931-93c762a64530@group-BF1BD4D8076C: change Leader from null to 19e67e26-3d21-4d01-be9f-29113a4a814c at term 7 for appendEntries, leader elected after 55493ms
2019-09-25 11:42:38,713 [grpc-default-executor-4] INFO  impl.RaftServerImpl (ServerState.java:setLeader(253)) - d0888866-0bad-4f41-ad37-dccd4a57b958@group-CDCB2C8C105A: change Leader from null to b7064b77-9271-4e94-8225-85d895886efb at term 7 for appendEntries, leader elected after 55692ms
2019-09-25 11:42:38,713 [grpc-default-executor-10] INFO  impl.RaftServerImpl (ServerState.java:setLeader(253)) - e081c0a5-acfc-4a29-8262-ee158adf5b11@group-7CC56FB5D3F9: change Leader from null to 19e67e26-3d21-4d01-be9f-29113a4a814c at term 7 for appendEntries, leader elected after 54979ms
2019-09-25 11:42:38,713 [grpc-default-executor-16] INFO  impl.RaftServerImpl (ServerState.java:setLeader(253)) - e081c0a5-acfc-4a29-8262-ee158adf5b11@group-6E9EB1C0F638: change Leader from null to a7d59ef6-3eca-4628-b097-12d983444e7f at term 7 for appendEntries, leader elected after 54801ms
2019-09-25 11:42:38,713 [grpc-default-executor-2] INFO  impl.RaftServerImpl (ServerState.java:setLeader(253)) - d0888866-0bad-4f41-ad37-dccd4a57b958@group-071025EF7F78: change Leader from null to 19e67e26-3d21-4d01-be9f-29113a4a814c at term 7 for appendEntries, leader elected after 54688ms
2019-09-25 11:42:38,727 [a7d59ef6-3eca-4628-b097-12d983444e7f@group-F2E0294EDFC2-SegmentedRaftLogWorker] INFO  segmented.SegmentedRaftLogWorker (SegmentedRaftLogWorker.java:execute(569)) - a7d59ef6-3eca-4628-b097-12d983444e7f@group-F2E0294EDFC2-SegmentedRaftLogWorker: created new log segment /workdir/hadoop-ozone/integration-test/target/test-dir/MiniOzoneClusterImpl-85c44edd-3ede-4f6a-a825-df7bd545a955/datanode-5/data/ratis/4e9d2ca0-9eb4-4e63-94e5-f2e0294edfc2/current/log_inprogress_0
2019-09-25 11:42:38,723 [grpc-default-executor-19] INFO  impl.RaftServerImpl (ServerState.java:setLeader(253)) - d0888866-0bad-4f41-ad37-dccd4a57b958@group-ADB1B60517AF: change Leader from null to 19e67e26-3d21-4d01-be9f-29113a4a814c at term 7 for appendEntries, leader elected after 55246ms
2019-09-25 11:42:38,723 [grpc-default-executor-18] INFO  impl.RaftServerImpl (ServerState.java:setLeader(253)) - d0888866-0bad-4f41-ad37-dccd4a57b958@group-F2E0294EDFC2: change Leader from null to a7d59ef6-3eca-4628-b097-12d983444e7f at term 7 for appendEntries, leader elected after 54911ms
2019-09-25 11:42:38,723 [grpc-default-executor-20] INFO  impl.RaftServerImpl (ServerState.java:setLeader(253)) - 8c24ed06-386e-4085-8931-93c762a64530@group-ADB1B60517AF: change Leader from null to 19e67e26-3d21-4d01-be9f-29113a4a814c at term 7 for appendEntries, leader elected after 55246ms
2019-09-25 11:42:38,740 [grpc-default-executor-5] INFO  server.GrpcServerProtocolService (GrpcServerProtocolService.java:onCompleted(113)) - d0888866-0bad-4f41-ad37-dccd4a57b958: Completed APPEND_ENTRIES, lastRequest: a7d59ef6-3eca-4628-b097-12d983444e7f->d0888866-0bad-4f41-ad37-dccd4a57b958#0-t7, previous=(t:0, i:0), leaderCommit=-1, initializing? false, entries: <empty>
2019-09-25 11:42:38,740 [grpc-default-executor-13] INFO  server.GrpcServerProtocolService (GrpcServerProtocolService.java:onCompleted(113)) - b7064b77-9271-4e94-8225-85d895886efb: Completed APPEND_ENTRIES, lastRequest: a7d59ef6-3eca-4628-b097-12d983444e7f->b7064b77-9271-4e94-8225-85d895886efb#0-t7, previous=(t:0, i:0), leaderCommit=-1, initializing? false, entries: <empty>
2019-09-25 11:42:38,746 [grpc-default-executor-4] INFO  server.GrpcLogAppender (GrpcLogAppender.java:onCompleted(293)) - a7d59ef6-3eca-4628-b097-12d983444e7f@group-282EF1BFFEE0->d0888866-0bad-4f41-ad37-dccd4a57b958-AppendLogResponseHandler: follower responses appendEntries COMPLETED
2019-09-25 11:42:38,746 [grpc-default-executor-14] INFO  server.GrpcLogAppender (GrpcLogAppender.java:onCompleted(293)) - a7d59ef6-3eca-4628-b097-12d983444e7f@group-282EF1BFFEE0->b7064b77-9271-4e94-8225-85d895886efb-AppendLogResponseHandler: follower responses appendEntries COMPLETED
2019-09-25 11:42:38,755 [grpc-default-executor-4] INFO  impl.FollowerInfo (FollowerInfo.java:lambda$new$0(51)) - a7d59ef6-3eca-4628-b097-12d983444e7f@group-282EF1BFFEE0->d0888866-0bad-4f41-ad37-dccd4a57b958: nextIndex: updateUnconditionally 0 -> 0
2019-09-25 11:42:38,755 [grpc-default-executor-14] INFO  impl.FollowerInfo (FollowerInfo.java:lambda$new$0(51)) - a7d59ef6-3eca-4628-b097-12d983444e7f@group-282EF1BFFEE0->b7064b77-9271-4e94-8225-85d895886efb: nextIndex: updateUnconditionally 0 -> 0
2019-09-25 11:42:38,766 [grpc-default-executor-20] WARN  server.GrpcLogAppender (LogUtils.java:warn(134)) - a7d59ef6-3eca-4628-b097-12d983444e7f@group-47DBAAEC82C8->b7064b77-9271-4e94-8225-85d895886efb-AppendLogResponseHandler: Failed appendEntries: org.apache.ratis.thirdparty.io.grpc.StatusRuntimeException: UNAVAILABLE: Channel shutdownNow invoked
2019-09-25 11:42:38,766 [grpc-default-executor-7] WARN  server.GrpcLogAppender (LogUtils.java:warn(134)) - a7d59ef6-3eca-4628-b097-12d983444e7f@group-F2E0294EDFC2->b7064b77-9271-4e94-8225-85d895886efb-AppendLogResponseHandler: Failed appendEntries: org.apache.ratis.thirdparty.io.grpc.StatusRuntimeException: UNAVAILABLE: Channel shutdownNow invoked
2019-09-25 11:42:38,766 [grpc-default-executor-16] WARN  server.GrpcLogAppender (LogUtils.java:warn(134)) - a7d59ef6-3eca-4628-b097-12d983444e7f@group-F2E0294EDFC2->d0888866-0bad-4f41-ad37-dccd4a57b958-AppendLogResponseHandler: Failed appendEntries: org.apache.ratis.thirdparty.io.grpc.StatusRuntimeException: UNAVAILABLE: Channel shutdownNow invoked
2019-09-25 11:42:38,766 [grpc-default-executor-18] WARN  server.GrpcLogAppender (LogUtils.java:warn(134)) - a7d59ef6-3eca-4628-b097-12d983444e7f@group-6E9EB1C0F638->b7064b77-9271-4e94-8225-85d895886efb-AppendLogResponseHandler: Failed appendEntries: org.apache.ratis.thirdparty.io.grpc.StatusRuntimeException: UNAVAILABLE: Channel shutdownNow invoked
2019-09-25 11:42:38,767 [grpc-default-executor-11] WARN  server.GrpcServerProtocolService (LogUtils.java:warn(134)) - d0888866-0bad-4f41-ad37-dccd4a57b958: installSnapshot onError, lastRequest: a7d59ef6-3eca-4628-b097-12d983444e7f->d0888866-0bad-4f41-ad37-dccd4a57b958#0-t7, previous=(t:0, i:0), leaderCommit=-1, initializing? false, entries: <empty>: org.apache.ratis.thirdparty.io.grpc.StatusRuntimeException: CANCELLED: cancelled before receiving half close
2019-09-25 11:42:38,767 [grpc-default-executor-8] WARN  server.GrpcServerProtocolService (LogUtils.java:warn(134)) - b7064b77-9271-4e94-8225-85d895886efb: installSnapshot onError, lastRequest: a7d59ef6-3eca-4628-b097-12d983444e7f->b7064b77-9271-4e94-8225-85d895886efb#0-t7, previous=(t:0, i:0), leaderCommit=-1, initializing? false, entries: <empty>: org.apache.ratis.thirdparty.io.grpc.StatusRuntimeException: CANCELLED: cancelled before receiving half close
2019-09-25 11:42:38,767 [grpc-default-executor-13] WARN  server.GrpcServerProtocolService (LogUtils.java:warn(134)) - b7064b77-9271-4e94-8225-85d895886efb: installSnapshot onError, lastRequest: a7d59ef6-3eca-4628-b097-12d983444e7f->b7064b77-9271-4e94-8225-85d895886efb#0-t7, previous=(t:0, i:0), leaderCommit=-1, initializing? false, entries: <empty>: org.apache.ratis.thirdparty.io.grpc.StatusRuntimeException: CANCELLED: cancelled before receiving half close
2019-09-25 11:42:38,767 [grpc-default-executor-17] WARN  server.GrpcServerProtocolService (LogUtils.java:warn(134)) - b7064b77-9271-4e94-8225-85d895886efb: installSnapshot onError, lastRequest: a7d59ef6-3eca-4628-b097-12d983444e7f->b7064b77-9271-4e94-8225-85d895886efb#0-t7, previous=(t:0, i:0), leaderCommit=-1, initializing? false, entries: <empty>: org.apache.ratis.thirdparty.io.grpc.StatusRuntimeException: CANCELLED: cancelled before receiving half close
2019-09-25 11:42:38,772 [grpc-default-executor-18] INFO  impl.FollowerInfo (FollowerInfo.java:lambda$new$0(51)) - a7d59ef6-3eca-4628-b097-12d983444e7f@group-6E9EB1C0F638->b7064b77-9271-4e94-8225-85d895886efb: nextIndex: updateUnconditionally 1 -> 0
2019-09-25 11:42:38,772 [grpc-default-executor-20] INFO  impl.FollowerInfo (FollowerInfo.java:lambda$new$0(51)) - a7d59ef6-3eca-4628-b097-12d983444e7f@group-47DBAAEC82C8->b7064b77-9271-4e94-8225-85d895886efb: nextIndex: updateUnconditionally 1 -> 0
2019-09-25 11:42:38,778 [grpc-default-executor-7] INFO  impl.FollowerInfo (FollowerInfo.java:lambda$new$0(51)) - a7d59ef6-3eca-4628-b097-12d983444e7f@group-F2E0294EDFC2->b7064b77-9271-4e94-8225-85d895886efb: nextIndex: updateUnconditionally 1 -> 0
2019-09-25 11:42:38,778 [grpc-default-executor-15] WARN  server.GrpcLogAppender (LogUtils.java:warn(134)) - a7d59ef6-3eca-4628-b097-12d983444e7f@group-6E9EB1C0F638->b7064b77-9271-4e94-8225-85d895886efb-AppendLogResponseHandler: Failed appendEntries: org.apache.ratis.thirdparty.io.grpc.StatusRuntimeException: UNAVAILABLE: Channel shutdown invoked
2019-09-25 11:42:38,778 [grpc-default-executor-16] INFO  impl.FollowerInfo (FollowerInfo.java:lambda$new$0(51)) - a7d59ef6-3eca-4628-b097-12d983444e7f@group-F2E0294EDFC2->d0888866-0bad-4f41-ad37-dccd4a57b958: nextIndex: updateUnconditionally 1 -> 0
2019-09-25 11:42:38,784 [grpc-default-executor-15] INFO  impl.FollowerInfo (FollowerInfo.java:lambda$new$0(51)) - a7d59ef6-3eca-4628-b097-12d983444e7f@group-6E9EB1C0F638->b7064b77-9271-4e94-8225-85d895886efb: nextIndex: updateUnconditionally 1 -> 0
2019-09-25 11:42:38,784 [grpc-default-executor-2] INFO  impl.RaftServerImpl (ServerState.java:setRaftConf(354)) - 8c24ed06-386e-4085-8931-93c762a64530@group-ADB1B60517AF: set configuration 0: [d0888866-0bad-4f41-ad37-dccd4a57b958:192.168.30.6:45405, 19e67e26-3d21-4d01-be9f-29113a4a814c:192.168.30.6:34535, 8c24ed06-386e-4085-8931-93c762a64530:192.168.30.6:32862], old=null at 0
2019-09-25 11:42:38,784 [grpc-default-executor-5] INFO  impl.RaftServerImpl (ServerState.java:setRaftConf(354)) - 8c24ed06-386e-4085-8931-93c762a64530@group-CDCB2C8C105A: set configuration 0: [d0888866-0bad-4f41-ad37-dccd4a57b958:192.168.30.6:45405, 8c24ed06-386e-4085-8931-93c762a64530:192.168.30.6:32862, b7064b77-9271-4e94-8225-85d895886efb:192.168.30.6:41519], old=null at 0
2019-09-25 11:42:38,784 [grpc-default-executor-0] INFO  impl.RaftServerImpl (ServerState.java:setRaftConf(354)) - d0888866-0bad-4f41-ad37-dccd4a57b958@group-071025EF7F78: set configuration 0: [e081c0a5-acfc-4a29-8262-ee158adf5b11:192.168.30.6:37941, d0888866-0bad-4f41-ad37-dccd4a57b958:192.168.30.6:45405, 19e67e26-3d21-4d01-be9f-29113a4a814c:192.168.30.6:34535], old=null at 0
2019-09-25 11:42:38,784 [grpc-default-executor-1] INFO  impl.RaftServerImpl (ServerState.java:setRaftConf(354)) - e081c0a5-acfc-4a29-8262-ee158adf5b11@group-071025EF7F78: set configuration 0: [e081c0a5-acfc-4a29-8262-ee158adf5b11:192.168.30.6:37941, d0888866-0bad-4f41-ad37-dccd4a57b958:192.168.30.6:45405, 19e67e26-3d21-4d01-be9f-29113a4a814c:192.168.30.6:34535], old=null at 0
2019-09-25 11:42:38,784 [grpc-default-executor-12] INFO  impl.RaftServerImpl (ServerState.java:setRaftConf(354)) - a7d59ef6-3eca-4628-b097-12d983444e7f@group-DBE87B3B08CE: set configuration 0: [d0888866-0bad-4f41-ad37-dccd4a57b958:192.168.30.6:45405, a7d59ef6-3eca-4628-b097-12d983444e7f:192.168.30.6:43486, 8c24ed06-386e-4085-8931-93c762a64530:192.168.30.6:32862], old=null at 0
2019-09-25 11:42:38,784 [grpc-default-executor-4] INFO  impl.RaftServerImpl (ServerState.java:setRaftConf(354)) - d0888866-0bad-4f41-ad37-dccd4a57b958@group-ADB1B60517AF: set configuration 0: [d0888866-0bad-4f41-ad37-dccd4a57b958:192.168.30.6:45405, 19e67e26-3d21-4d01-be9f-29113a4a814c:192.168.30.6:34535, 8c24ed06-386e-4085-8931-93c762a64530:192.168.30.6:32862], old=null at 0
2019-09-25 11:42:38,784 [grpc-default-executor-19] INFO  impl.RaftServerImpl (ServerState.java:setRaftConf(354)) - e081c0a5-acfc-4a29-8262-ee158adf5b11@group-7CC56FB5D3F9: set configuration 0: [e081c0a5-acfc-4a29-8262-ee158adf5b11:192.168.30.6:37941, 19e67e26-3d21-4d01-be9f-29113a4a814c:192.168.30.6:34535, a7d59ef6-3eca-4628-b097-12d983444e7f:192.168.30.6:43486], old=null at 0
2019-09-25 11:42:38,784 [grpc-default-executor-20] INFO  impl.RaftServerImpl (ServerState.java:setRaftConf(354)) - d0888866-0bad-4f41-ad37-dccd4a57b958@group-CDCB2C8C105A: set configuration 0: [d0888866-0bad-4f41-ad37-dccd4a57b958:192.168.30.6:45405, 8c24ed06-386e-4085-8931-93c762a64530:192.168.30.6:32862, b7064b77-9271-4e94-8225-85d895886efb:192.168.30.6:41519], old=null at 0
2019-09-25 11:42:38,784 [grpc-default-executor-18] INFO  impl.RaftServerImpl (ServerState.java:setRaftConf(354)) - 8c24ed06-386e-4085-8931-93c762a64530@group-47DBAAEC82C8: set configuration 0: [a7d59ef6-3eca-4628-b097-12d983444e7f:192.168.30.6:43486, 8c24ed06-386e-4085-8931-93c762a64530:192.168.30.6:32862, b7064b77-9271-4e94-8225-85d895886efb:192.168.30.6:41519], old=null at 0
2019-09-25 11:42:38,784 [grpc-default-executor-6] INFO  impl.RaftServerImpl (ServerState.java:setRaftConf(354)) - 8c24ed06-386e-4085-8931-93c762a64530@group-DBE87B3B08CE: set configuration 0: [d0888866-0bad-4f41-ad37-dccd4a57b958:192.168.30.6:45405, a7d59ef6-3eca-4628-b097-12d983444e7f:192.168.30.6:43486, 8c24ed06-386e-4085-8931-93c762a64530:192.168.30.6:32862], old=null at 0
2019-09-25 11:42:38,784 [grpc-default-executor-10] INFO  impl.RaftServerImpl (ServerState.java:setRaftConf(354)) - e081c0a5-acfc-4a29-8262-ee158adf5b11@group-BF1BD4D8076C: set configuration 0: [e081c0a5-acfc-4a29-8262-ee158adf5b11:192.168.30.6:37941, 19e67e26-3d21-4d01-be9f-29113a4a814c:192.168.30.6:34535, 8c24ed06-386e-4085-8931-93c762a64530:192.168.30.6:32862], old=null at 0
2019-09-25 11:42:38,784 [grpc-default-executor-9] INFO  impl.RaftServerImpl (ServerState.java:setRaftConf(354)) - a7d59ef6-3eca-4628-b097-12d983444e7f@group-7CC56FB5D3F9: set configuration 0: [e081c0a5-acfc-4a29-8262-ee158adf5b11:192.168.30.6:37941, 19e67e26-3d21-4d01-be9f-29113a4a814c:192.168.30.6:34535, a7d59ef6-3eca-4628-b097-12d983444e7f:192.168.30.6:43486], old=null at 0
2019-09-25 11:42:38,784 [grpc-default-executor-13] WARN  server.GrpcLogAppender (LogUtils.java:warn(134)) - a7d59ef6-3eca-4628-b097-12d983444e7f@group-47DBAAEC82C8->b7064b77-9271-4e94-8225-85d895886efb-AppendLogResponseHandler: Failed appendEntries: org.apache.ratis.thirdparty.io.grpc.StatusRuntimeException: UNAVAILABLE: Channel shutdown invoked
2019-09-25 11:42:38,784 [grpc-default-executor-14] INFO  impl.RaftServerImpl (ServerState.java:setRaftConf(354)) - e081c0a5-acfc-4a29-8262-ee158adf5b11@group-6E9EB1C0F638: set configuration 0: [e081c0a5-acfc-4a29-8262-ee158adf5b11:192.168.30.6:37941, a7d59ef6-3eca-4628-b097-12d983444e7f:192.168.30.6:43486, b7064b77-9271-4e94-8225-85d895886efb:192.168.30.6:41519], old=null at 0
2019-09-25 11:42:38,784 [grpc-default-executor-3] INFO  impl.RaftServerImpl (ServerState.java:setRaftConf(354)) - 8c24ed06-386e-4085-8931-93c762a64530@group-BF1BD4D8076C: set configuration 0: [e081c0a5-acfc-4a29-8262-ee158adf5b11:192.168.30.6:37941, 19e67e26-3d21-4d01-be9f-29113a4a814c:192.168.30.6:34535, 8c24ed06-386e-4085-8931-93c762a64530:192.168.30.6:32862], old=null at 0
2019-09-25 11:42:38,787 [grpc-default-executor-14] INFO  segmented.SegmentedRaftLogWorker (SegmentedRaftLogWorker.java:startLogSegment(380)) - e081c0a5-acfc-4a29-8262-ee158adf5b11@group-6E9EB1C0F638-SegmentedRaftLogWorker: Starting segment from index:0
2019-09-25 11:42:38,786 [grpc-default-executor-13] INFO  impl.FollowerInfo (FollowerInfo.java:lambda$new$0(51)) - a7d59ef6-3eca-4628-b097-12d983444e7f@group-47DBAAEC82C8->b7064b77-9271-4e94-8225-85d895886efb: nextIndex: updateUnconditionally 1 -> 0
2019-09-25 11:42:38,786 [grpc-default-executor-9] INFO  segmented.SegmentedRaftLogWorker (SegmentedRaftLogWorker.java:startLogSegment(380)) - a7d59ef6-3eca-4628-b097-12d983444e7f@group-7CC56FB5D3F9-SegmentedRaftLogWorker: Starting segment from index:0
2019-09-25 11:42:38,786 [grpc-default-executor-10] INFO  segmented.SegmentedRaftLogWorker (SegmentedRaftLogWorker.java:startLogSegment(380)) - e081c0a5-acfc-4a29-8262-ee158adf5b11@group-BF1BD4D8076C-SegmentedRaftLogWorker: Starting segment from index:0
2019-09-25 11:42:38,786 [grpc-default-executor-6] INFO  segmented.SegmentedRaftLogWorker (SegmentedRaftLogWorker.java:startLogSegment(380)) - 8c24ed06-386e-4085-8931-93c762a64530@group-DBE87B3B08CE-SegmentedRaftLogWorker: Starting segment from index:0
2019-09-25 11:42:38,786 [grpc-default-executor-18] INFO  segmented.SegmentedRaftLogWorker (SegmentedRaftLogWorker.java:startLogSegment(380)) - 8c24ed06-386e-4085-8931-93c762a64530@group-47DBAAEC82C8-SegmentedRaftLogWorker: Starting segment from index:0
2019-09-25 11:42:38,786 [grpc-default-executor-20] INFO  segmented.SegmentedRaftLogWorker (SegmentedRaftLogWorker.java:startLogSegment(380)) - d0888866-0bad-4f41-ad37-dccd4a57b958@group-CDCB2C8C105A-SegmentedRaftLogWorker: Starting segment from index:0
2019-09-25 11:42:38,785 [grpc-default-executor-19] INFO  segmented.SegmentedRaftLogWorker (SegmentedRaftLogWorker.java:startLogSegment(380)) - e081c0a5-acfc-4a29-8262-ee158adf5b11@group-7CC56FB5D3F9-SegmentedRaftLogWorker: Starting segment from index:0
2019-09-25 11:42:38,785 [grpc-default-executor-4] INFO  segmented.SegmentedRaftLogWorker (SegmentedRaftLogWorker.java:startLogSegment(380)) - d0888866-0bad-4f41-ad37-dccd4a57b958@group-ADB1B60517AF-SegmentedRaftLogWorker: Starting segment from index:0
2019-09-25 11:42:38,785 [grpc-default-executor-12] INFO  segmented.SegmentedRaftLogWorker (SegmentedRaftLogWorker.java:startLogSegment(380)) - a7d59ef6-3eca-4628-b097-12d983444e7f@group-DBE87B3B08CE-SegmentedRaftLogWorker: Starting segment from index:0
2019-09-25 11:42:38,785 [grpc-default-executor-1] INFO  segmented.SegmentedRaftLogWorker (SegmentedRaftLogWorker.java:startLogSegment(380)) - e081c0a5-acfc-4a29-8262-ee158adf5b11@group-071025EF7F78-SegmentedRaftLogWorker: Starting segment from index:0
2019-09-25 11:42:38,785 [grpc-default-executor-0] INFO  segmented.SegmentedRaftLogWorker (SegmentedRaftLogWorker.java:startLogSegment(380)) - d0888866-0bad-4f41-ad37-dccd4a57b958@group-071025EF7F78-SegmentedRaftLogWorker: Starting segment from index:0
2019-09-25 11:42:38,785 [grpc-default-executor-5] INFO  segmented.SegmentedRaftLogWorker (SegmentedRaftLogWorker.java:startLogSegment(380)) - 8c24ed06-386e-4085-8931-93c762a64530@group-CDCB2C8C105A-SegmentedRaftLogWorker: Starting segment from index:0
2019-09-25 11:42:38,784 [grpc-default-executor-2] INFO  segmented.SegmentedRaftLogWorker (SegmentedRaftLogWorker.java:startLogSegment(380)) - 8c24ed06-386e-4085-8931-93c762a64530@group-ADB1B60517AF-SegmentedRaftLogWorker: Starting segment from index:0
2019-09-25 11:42:38,787 [grpc-default-executor-3] INFO  segmented.SegmentedRaftLogWorker (SegmentedRaftLogWorker.java:startLogSegment(380)) - 8c24ed06-386e-4085-8931-93c762a64530@group-BF1BD4D8076C-SegmentedRaftLogWorker: Starting segment from index:0
2019-09-25 11:42:38,842 [a7d59ef6-3eca-4628-b097-12d983444e7f@group-7CC56FB5D3F9-SegmentedRaftLogWorker] INFO  segmented.SegmentedRaftLogWorker (SegmentedRaftLogWorker.java:execute(569)) - a7d59ef6-3eca-4628-b097-12d983444e7f@group-7CC56FB5D3F9-SegmentedRaftLogWorker: created new log segment /workdir/hadoop-ozone/integration-test/target/test-dir/MiniOzoneClusterImpl-85c44edd-3ede-4f6a-a825-df7bd545a955/datanode-5/data/ratis/fcaffb94-232f-4f20-a01e-7cc56fb5d3f9/current/log_inprogress_0
2019-09-25 11:42:38,842 [8c24ed06-386e-4085-8931-93c762a64530@group-ADB1B60517AF-SegmentedRaftLogWorker] INFO  segmented.SegmentedRaftLogWorker (SegmentedRaftLogWorker.java:execute(569)) - 8c24ed06-386e-4085-8931-93c762a64530@group-ADB1B60517AF-SegmentedRaftLogWorker: created new log segment /workdir/hadoop-ozone/integration-test/target/test-dir/MiniOzoneClusterImpl-85c44edd-3ede-4f6a-a825-df7bd545a955/datanode-3/data/ratis/5c44fbfe-369d-45ad-8e0d-adb1b60517af/current/log_inprogress_0
2019-09-25 11:42:38,842 [e081c0a5-acfc-4a29-8262-ee158adf5b11@group-6E9EB1C0F638-SegmentedRaftLogWorker] INFO  segmented.SegmentedRaftLogWorker (SegmentedRaftLogWorker.java:execute(569)) - e081c0a5-acfc-4a29-8262-ee158adf5b11@group-6E9EB1C0F638-SegmentedRaftLogWorker: created new log segment /workdir/hadoop-ozone/integration-test/target/test-dir/MiniOzoneClusterImpl-85c44edd-3ede-4f6a-a825-df7bd545a955/datanode-4/data/ratis/f1ecf8f3-051e-482f-a76d-6e9eb1c0f638/current/log_inprogress_0
2019-09-25 11:42:38,842 [e081c0a5-acfc-4a29-8262-ee158adf5b11@group-071025EF7F78-SegmentedRaftLogWorker] INFO  segmented.SegmentedRaftLogWorker (SegmentedRaftLogWorker.java:execute(569)) - e081c0a5-acfc-4a29-8262-ee158adf5b11@group-071025EF7F78-SegmentedRaftLogWorker: created new log segment /workdir/hadoop-ozone/integration-test/target/test-dir/MiniOzoneClusterImpl-85c44edd-3ede-4f6a-a825-df7bd545a955/datanode-4/data/ratis/5fac202b-89a0-4582-8898-071025ef7f78/current/log_inprogress_0
2019-09-25 11:42:38,842 [e081c0a5-acfc-4a29-8262-ee158adf5b11@group-7CC56FB5D3F9-SegmentedRaftLogWorker] INFO  segmented.SegmentedRaftLogWorker (SegmentedRaftLogWorker.java:execute(569)) - e081c0a5-acfc-4a29-8262-ee158adf5b11@group-7CC56FB5D3F9-SegmentedRaftLogWorker: created new log segment /workdir/hadoop-ozone/integration-test/target/test-dir/MiniOzoneClusterImpl-85c44edd-3ede-4f6a-a825-df7bd545a955/datanode-4/data/ratis/fcaffb94-232f-4f20-a01e-7cc56fb5d3f9/current/log_inprogress_0
2019-09-25 11:42:38,842 [d0888866-0bad-4f41-ad37-dccd4a57b958@group-ADB1B60517AF-SegmentedRaftLogWorker] INFO  segmented.SegmentedRaftLogWorker (SegmentedRaftLogWorker.java:execute(569)) - d0888866-0bad-4f41-ad37-dccd4a57b958@group-ADB1B60517AF-SegmentedRaftLogWorker: created new log segment /workdir/hadoop-ozone/integration-test/target/test-dir/MiniOzoneClusterImpl-85c44edd-3ede-4f6a-a825-df7bd545a955/datanode-2/data/ratis/5c44fbfe-369d-45ad-8e0d-adb1b60517af/current/log_inprogress_0
2019-09-25 11:42:38,851 [d0888866-0bad-4f41-ad37-dccd4a57b958@group-CDCB2C8C105A-SegmentedRaftLogWorker] INFO  segmented.SegmentedRaftLogWorker (SegmentedRaftLogWorker.java:execute(569)) - d0888866-0bad-4f41-ad37-dccd4a57b958@group-CDCB2C8C105A-SegmentedRaftLogWorker: created new log segment /workdir/hadoop-ozone/integration-test/target/test-dir/MiniOzoneClusterImpl-85c44edd-3ede-4f6a-a825-df7bd545a955/datanode-2/data/ratis/5ad4bb6d-a156-4e0b-8d13-cdcb2c8c105a/current/log_inprogress_0
2019-09-25 11:42:38,851 [e081c0a5-acfc-4a29-8262-ee158adf5b11@group-BF1BD4D8076C-SegmentedRaftLogWorker] INFO  segmented.SegmentedRaftLogWorker (SegmentedRaftLogWorker.java:execute(569)) - e081c0a5-acfc-4a29-8262-ee158adf5b11@group-BF1BD4D8076C-SegmentedRaftLogWorker: created new log segment /workdir/hadoop-ozone/integration-test/target/test-dir/MiniOzoneClusterImpl-85c44edd-3ede-4f6a-a825-df7bd545a955/datanode-4/data/ratis/9a9bdc2b-91a8-4192-99cd-bf1bd4d8076c/current/log_inprogress_0
2019-09-25 11:42:38,865 [8c24ed06-386e-4085-8931-93c762a64530@group-BF1BD4D8076C-SegmentedRaftLogWorker] INFO  segmented.SegmentedRaftLogWorker (SegmentedRaftLogWorker.java:execute(569)) - 8c24ed06-386e-4085-8931-93c762a64530@group-BF1BD4D8076C-SegmentedRaftLogWorker: created new log segment /workdir/hadoop-ozone/integration-test/target/test-dir/MiniOzoneClusterImpl-85c44edd-3ede-4f6a-a825-df7bd545a955/datanode-3/data/ratis/9a9bdc2b-91a8-4192-99cd-bf1bd4d8076c/current/log_inprogress_0
2019-09-25 11:42:38,865 [8c24ed06-386e-4085-8931-93c762a64530@group-47DBAAEC82C8-SegmentedRaftLogWorker] INFO  segmented.SegmentedRaftLogWorker (SegmentedRaftLogWorker.java:execute(569)) - 8c24ed06-386e-4085-8931-93c762a64530@group-47DBAAEC82C8-SegmentedRaftLogWorker: created new log segment /workdir/hadoop-ozone/integration-test/target/test-dir/MiniOzoneClusterImpl-85c44edd-3ede-4f6a-a825-df7bd545a955/datanode-3/data/ratis/e82fb40c-29ee-44a8-987b-47dbaaec82c8/current/log_inprogress_0
2019-09-25 11:42:38,865 [8c24ed06-386e-4085-8931-93c762a64530@group-CDCB2C8C105A-SegmentedRaftLogWorker] INFO  segmented.SegmentedRaftLogWorker (SegmentedRaftLogWorker.java:execute(569)) - 8c24ed06-386e-4085-8931-93c762a64530@group-CDCB2C8C105A-SegmentedRaftLogWorker: created new log segment /workdir/hadoop-ozone/integration-test/target/test-dir/MiniOzoneClusterImpl-85c44edd-3ede-4f6a-a825-df7bd545a955/datanode-3/data/ratis/5ad4bb6d-a156-4e0b-8d13-cdcb2c8c105a/current/log_inprogress_0
2019-09-25 11:42:38,865 [d0888866-0bad-4f41-ad37-dccd4a57b958@group-071025EF7F78-SegmentedRaftLogWorker] INFO  segmented.SegmentedRaftLogWorker (SegmentedRaftLogWorker.java:execute(569)) - d0888866-0bad-4f41-ad37-dccd4a57b958@group-071025EF7F78-SegmentedRaftLogWorker: created new log segment /workdir/hadoop-ozone/integration-test/target/test-dir/MiniOzoneClusterImpl-85c44edd-3ede-4f6a-a825-df7bd545a955/datanode-2/data/ratis/5fac202b-89a0-4582-8898-071025ef7f78/current/log_inprogress_0
2019-09-25 11:42:38,865 [a7d59ef6-3eca-4628-b097-12d983444e7f@group-DBE87B3B08CE-SegmentedRaftLogWorker] INFO  segmented.SegmentedRaftLogWorker (SegmentedRaftLogWorker.java:execute(569)) - a7d59ef6-3eca-4628-b097-12d983444e7f@group-DBE87B3B08CE-SegmentedRaftLogWorker: created new log segment /workdir/hadoop-ozone/integration-test/target/test-dir/MiniOzoneClusterImpl-85c44edd-3ede-4f6a-a825-df7bd545a955/datanode-5/data/ratis/e84d2017-21a0-412b-9f57-dbe87b3b08ce/current/log_inprogress_0
2019-09-25 11:42:38,865 [8c24ed06-386e-4085-8931-93c762a64530@group-DBE87B3B08CE-SegmentedRaftLogWorker] INFO  segmented.SegmentedRaftLogWorker (SegmentedRaftLogWorker.java:execute(569)) - 8c24ed06-386e-4085-8931-93c762a64530@group-DBE87B3B08CE-SegmentedRaftLogWorker: created new log segment /workdir/hadoop-ozone/integration-test/target/test-dir/MiniOzoneClusterImpl-85c44edd-3ede-4f6a-a825-df7bd545a955/datanode-3/data/ratis/e84d2017-21a0-412b-9f57-dbe87b3b08ce/current/log_inprogress_0
2019-09-25 11:42:39,365 [main] INFO  ozone.MiniOzoneClusterImpl (MiniOzoneClusterImpl.java:shutdown(314)) - Shutting down the Mini Ozone Cluster
2019-09-25 11:42:39,366 [main] INFO  ozone.MiniOzoneClusterImpl (MiniOzoneClusterImpl.java:stop(330)) - Stopping the Mini Ozone Cluster
2019-09-25 11:42:39,366 [main] INFO  ozone.MiniOzoneClusterImpl (MiniOzoneClusterImpl.java:stopOM(400)) - Stopping the OzoneManager
2019-09-25 11:42:39,366 [main] INFO  ipc.Server (Server.java:stop(3082)) - Stopping server on 44461
2019-09-25 11:42:39,371 [IPC Server listener on 44461] INFO  ipc.Server (Server.java:run(1185)) - Stopping IPC Server listener on 44461
2019-09-25 11:42:39,371 [main] INFO  ratis.OzoneManagerDoubleBuffer (OzoneManagerDoubleBuffer.java:stop(248)) - Stopping OMDoubleBuffer flush thread
2019-09-25 11:42:39,372 [IPC Server Responder] INFO  ipc.Server (Server.java:run(1319)) - Stopping IPC Server Responder
2019-09-25 11:42:39,372 [OMDoubleBufferFlushThread] INFO  ratis.OzoneManagerDoubleBuffer (OzoneManagerDoubleBuffer.java:flushTransactions(191)) - OMDoubleBuffer flush thread OMDoubleBufferFlushThread is interrupted and will exit. OMDoubleBufferFlushThread
2019-09-25 11:42:39,375 [main] INFO  utils.BackgroundService (BackgroundService.java:shutdown(148)) - Shutting down service KeyDeletingService
2019-09-25 11:42:39,379 [main] INFO  handler.ContextHandler (ContextHandler.java:doStop(910)) - Stopped o.e.j.w.WebAppContext@1965539b{/,null,UNAVAILABLE}{/ozoneManager}
2019-09-25 11:42:39,385 [main] INFO  server.AbstractConnector (AbstractConnector.java:doStop(318)) - Stopped ServerConnector@2fc07784{HTTP/1.1,[http/1.1]}{0.0.0.0:0}
2019-09-25 11:42:39,385 [main] INFO  handler.ContextHandler (ContextHandler.java:doStop(910)) - Stopped o.e.j.s.ServletContextHandler@989da1{/static,file:///workdir/hadoop-ozone/integration-test/target/test-classes/webapps/static,UNAVAILABLE}
2019-09-25 11:42:39,386 [main] INFO  handler.ContextHandler (ContextHandler.java:doStop(910)) - Stopped o.e.j.s.ServletContextHandler@562c877a{/logs,file:///workdir/hadoop-ozone/integration-test/target/log,UNAVAILABLE}
2019-09-25 11:42:39,390 [main] INFO  ozone.MiniOzoneClusterImpl (MiniOzoneClusterImpl.java:stopDatanodes(377)) - Stopping the HddsDatanodes
2019-09-25 11:42:39,858 [Datanode State Machine Thread - 0] INFO  statemachine.DatanodeStateMachine (DatanodeStateMachine.java:lambda$startDaemon$0(350)) - Ozone container server started.
2019-09-25 11:42:40,051 [Datanode State Machine Thread - 0] INFO  statemachine.DatanodeStateMachine (DatanodeStateMachine.java:lambda$startDaemon$0(350)) - Ozone container server started.
2019-09-25 11:42:41,412 [grpc-default-executor-19] INFO  impl.RaftServerImpl (ServerState.java:setRaftConf(354)) - d0888866-0bad-4f41-ad37-dccd4a57b958@group-F2E0294EDFC2: set configuration 0: [d0888866-0bad-4f41-ad37-dccd4a57b958:192.168.30.6:45405, a7d59ef6-3eca-4628-b097-12d983444e7f:192.168.30.6:43486, b7064b77-9271-4e94-8225-85d895886efb:192.168.30.6:41519], old=null at 0
2019-09-25 11:42:41,413 [grpc-default-executor-11] INFO  impl.RaftServerImpl (ServerState.java:setRaftConf(354)) - b7064b77-9271-4e94-8225-85d895886efb@group-6E9EB1C0F638: set configuration 0: [e081c0a5-acfc-4a29-8262-ee158adf5b11:192.168.30.6:37941, a7d59ef6-3eca-4628-b097-12d983444e7f:192.168.30.6:43486, b7064b77-9271-4e94-8225-85d895886efb:192.168.30.6:41519], old=null at 0
2019-09-25 11:42:41,413 [grpc-default-executor-19] INFO  segmented.SegmentedRaftLogWorker (SegmentedRaftLogWorker.java:startLogSegment(380)) - d0888866-0bad-4f41-ad37-dccd4a57b958@group-F2E0294EDFC2-SegmentedRaftLogWorker: Starting segment from index:0
2019-09-25 11:42:41,413 [grpc-default-executor-5] INFO  impl.RaftServerImpl (ServerState.java:setRaftConf(354)) - b7064b77-9271-4e94-8225-85d895886efb@group-47DBAAEC82C8: set configuration 0: [a7d59ef6-3eca-4628-b097-12d983444e7f:192.168.30.6:43486, 8c24ed06-386e-4085-8931-93c762a64530:192.168.30.6:32862, b7064b77-9271-4e94-8225-85d895886efb:192.168.30.6:41519], old=null at 0
2019-09-25 11:42:41,413 [grpc-default-executor-10] INFO  impl.RaftServerImpl (ServerState.java:setRaftConf(354)) - b7064b77-9271-4e94-8225-85d895886efb@group-F2E0294EDFC2: set configuration 0: [d0888866-0bad-4f41-ad37-dccd4a57b958:192.168.30.6:45405, a7d59ef6-3eca-4628-b097-12d983444e7f:192.168.30.6:43486, b7064b77-9271-4e94-8225-85d895886efb:192.168.30.6:41519], old=null at 0
2019-09-25 11:42:41,413 [grpc-default-executor-11] INFO  segmented.SegmentedRaftLogWorker (SegmentedRaftLogWorker.java:startLogSegment(380)) - b7064b77-9271-4e94-8225-85d895886efb@group-6E9EB1C0F638-SegmentedRaftLogWorker: Starting segment from index:0
2019-09-25 11:42:41,414 [grpc-default-executor-10] INFO  segmented.SegmentedRaftLogWorker (SegmentedRaftLogWorker.java:startLogSegment(380)) - b7064b77-9271-4e94-8225-85d895886efb@group-F2E0294EDFC2-SegmentedRaftLogWorker: Starting segment from index:0
2019-09-25 11:42:41,414 [grpc-default-executor-5] INFO  segmented.SegmentedRaftLogWorker (SegmentedRaftLogWorker.java:startLogSegment(380)) - b7064b77-9271-4e94-8225-85d895886efb@group-47DBAAEC82C8-SegmentedRaftLogWorker: Starting segment from index:0
2019-09-25 11:42:42,470 [b7064b77-9271-4e94-8225-85d895886efb@group-F2E0294EDFC2-SegmentedRaftLogWorker] INFO  segmented.SegmentedRaftLogWorker (SegmentedRaftLogWorker.java:execute(569)) - b7064b77-9271-4e94-8225-85d895886efb@group-F2E0294EDFC2-SegmentedRaftLogWorker: created new log segment /workdir/hadoop-ozone/integration-test/target/test-dir/MiniOzoneClusterImpl-85c44edd-3ede-4f6a-a825-df7bd545a955/datanode-1/data/ratis/4e9d2ca0-9eb4-4e63-94e5-f2e0294edfc2/current/log_inprogress_0
2019-09-25 11:42:42,470 [b7064b77-9271-4e94-8225-85d895886efb@group-6E9EB1C0F638-SegmentedRaftLogWorker] INFO  segmented.SegmentedRaftLogWorker (SegmentedRaftLogWorker.java:execute(569)) - b7064b77-9271-4e94-8225-85d895886efb@group-6E9EB1C0F638-SegmentedRaftLogWorker: created new log segment /workdir/hadoop-ozone/integration-test/target/test-dir/MiniOzoneClusterImpl-85c44edd-3ede-4f6a-a825-df7bd545a955/datanode-1/data/ratis/f1ecf8f3-051e-482f-a76d-6e9eb1c0f638/current/log_inprogress_0
2019-09-25 11:42:42,470 [b7064b77-9271-4e94-8225-85d895886efb@group-47DBAAEC82C8-SegmentedRaftLogWorker] INFO  segmented.SegmentedRaftLogWorker (SegmentedRaftLogWorker.java:execute(569)) - b7064b77-9271-4e94-8225-85d895886efb@group-47DBAAEC82C8-SegmentedRaftLogWorker: created new log segment /workdir/hadoop-ozone/integration-test/target/test-dir/MiniOzoneClusterImpl-85c44edd-3ede-4f6a-a825-df7bd545a955/datanode-1/data/ratis/e82fb40c-29ee-44a8-987b-47dbaaec82c8/current/log_inprogress_0
2019-09-25 11:42:42,470 [d0888866-0bad-4f41-ad37-dccd4a57b958@group-F2E0294EDFC2-SegmentedRaftLogWorker] INFO  segmented.SegmentedRaftLogWorker (SegmentedRaftLogWorker.java:execute(569)) - d0888866-0bad-4f41-ad37-dccd4a57b958@group-F2E0294EDFC2-SegmentedRaftLogWorker: created new log segment /workdir/hadoop-ozone/integration-test/target/test-dir/MiniOzoneClusterImpl-85c44edd-3ede-4f6a-a825-df7bd545a955/datanode-2/data/ratis/4e9d2ca0-9eb4-4e63-94e5-f2e0294edfc2/current/log_inprogress_0
2019-09-25 11:42:43,532 [Thread-1235] INFO  impl.FollowerState (FollowerState.java:run(106)) - 19e67e26-3d21-4d01-be9f-29113a4a814c:group-B9DEF2EDD277 changes to CANDIDATE, lastRpcTime:5037, electionTimeout:5034ms
2019-09-25 11:42:43,532 [Thread-1235] INFO  impl.RoleInfo (RoleInfo.java:shutdownFollowerState(121)) - 19e67e26-3d21-4d01-be9f-29113a4a814c: shutdown FollowerState
2019-09-25 11:42:43,532 [Thread-1235] INFO  impl.RaftServerImpl (RaftServerImpl.java:setRole(174)) - 19e67e26-3d21-4d01-be9f-29113a4a814c@group-B9DEF2EDD277: changes role from  FOLLOWER to CANDIDATE at term 8 for changeToCandidate
2019-09-25 11:42:43,532 [Thread-1235] INFO  impl.RoleInfo (RoleInfo.java:updateAndGet(143)) - 19e67e26-3d21-4d01-be9f-29113a4a814c: start LeaderElection
2019-09-25 11:42:43,546 [Thread-1211] INFO  impl.FollowerState (FollowerState.java:run(106)) - b7064b77-9271-4e94-8225-85d895886efb:group-B9DEF2EDD277 changes to CANDIDATE, lastRpcTime:5081, electionTimeout:5080ms
2019-09-25 11:42:43,546 [Thread-1211] INFO  impl.RoleInfo (RoleInfo.java:shutdownFollowerState(121)) - b7064b77-9271-4e94-8225-85d895886efb: shutdown FollowerState
2019-09-25 11:42:43,546 [Thread-1211] INFO  impl.RaftServerImpl (RaftServerImpl.java:setRole(174)) - b7064b77-9271-4e94-8225-85d895886efb@group-B9DEF2EDD277: changes role from  FOLLOWER to CANDIDATE at term 8 for changeToCandidate
2019-09-25 11:42:43,546 [Thread-1211] INFO  impl.RoleInfo (RoleInfo.java:updateAndGet(143)) - b7064b77-9271-4e94-8225-85d895886efb: start LeaderElection
2019-09-25 11:42:43,627 [Thread-1212] INFO  impl.FollowerState (FollowerState.java:run(106)) - 8c24ed06-386e-4085-8931-93c762a64530:group-B9DEF2EDD277 changes to CANDIDATE, lastRpcTime:5162, electionTimeout:5161ms
2019-09-25 11:42:43,627 [Thread-1212] INFO  impl.RoleInfo (RoleInfo.java:shutdownFollowerState(121)) - 8c24ed06-386e-4085-8931-93c762a64530: shutdown FollowerState
2019-09-25 11:42:43,627 [Thread-1212] INFO  impl.RaftServerImpl (RaftServerImpl.java:setRole(174)) - 8c24ed06-386e-4085-8931-93c762a64530@group-B9DEF2EDD277: changes role from  FOLLOWER to CANDIDATE at term 8 for changeToCandidate
2019-09-25 11:42:43,628 [Thread-1212] INFO  impl.RoleInfo (RoleInfo.java:updateAndGet(143)) - 8c24ed06-386e-4085-8931-93c762a64530: start LeaderElection
2019-09-25 11:42:43,651 [Thread-1210] INFO  impl.FollowerState (FollowerState.java:run(106)) - b7064b77-9271-4e94-8225-85d895886efb:group-282EF1BFFEE0 changes to CANDIDATE, lastRpcTime:5189, electionTimeout:5187ms
2019-09-25 11:42:43,651 [Thread-1210] INFO  impl.RoleInfo (RoleInfo.java:shutdownFollowerState(121)) - b7064b77-9271-4e94-8225-85d895886efb: shutdown FollowerState
2019-09-25 11:42:43,651 [Thread-1210] INFO  impl.RaftServerImpl (RaftServerImpl.java:setRole(174)) - b7064b77-9271-4e94-8225-85d895886efb@group-282EF1BFFEE0: changes role from  FOLLOWER to CANDIDATE at term 8 for changeToCandidate
2019-09-25 11:42:43,651 [Thread-1210] INFO  impl.RoleInfo (RoleInfo.java:updateAndGet(143)) - b7064b77-9271-4e94-8225-85d895886efb: start LeaderElection
2019-09-25 11:42:43,677 [Thread-1236] INFO  impl.FollowerState (FollowerState.java:run(106)) - d0888866-0bad-4f41-ad37-dccd4a57b958:group-282EF1BFFEE0 changes to CANDIDATE, lastRpcTime:5183, electionTimeout:5180ms
2019-09-25 11:42:43,677 [Thread-1236] INFO  impl.RoleInfo (RoleInfo.java:shutdownFollowerState(121)) - d0888866-0bad-4f41-ad37-dccd4a57b958: shutdown FollowerState
2019-09-25 11:42:43,678 [Thread-1236] INFO  impl.RaftServerImpl (RaftServerImpl.java:setRole(174)) - d0888866-0bad-4f41-ad37-dccd4a57b958@group-282EF1BFFEE0: changes role from  FOLLOWER to CANDIDATE at term 8 for changeToCandidate
2019-09-25 11:42:43,678 [Thread-1236] INFO  impl.RoleInfo (RoleInfo.java:updateAndGet(143)) - d0888866-0bad-4f41-ad37-dccd4a57b958: start LeaderElection
2019-09-25 11:42:43,746 [Thread-1267] INFO  impl.FollowerState (FollowerState.java:run(106)) - a7d59ef6-3eca-4628-b097-12d983444e7f:group-282EF1BFFEE0 changes to CANDIDATE, lastRpcTime:5032, electionTimeout:5023ms
2019-09-25 11:42:43,746 [Thread-1267] INFO  impl.RoleInfo (RoleInfo.java:shutdownFollowerState(121)) - a7d59ef6-3eca-4628-b097-12d983444e7f: shutdown FollowerState
2019-09-25 11:42:43,747 [Thread-1267] INFO  impl.RaftServerImpl (RaftServerImpl.java:setRole(174)) - a7d59ef6-3eca-4628-b097-12d983444e7f@group-282EF1BFFEE0: changes role from  FOLLOWER to CANDIDATE at term 8 for changeToCandidate
2019-09-25 11:42:43,747 [Thread-1267] INFO  impl.RoleInfo (RoleInfo.java:updateAndGet(143)) - a7d59ef6-3eca-4628-b097-12d983444e7f: start LeaderElection
2019-09-25 11:42:44,276 [RatisPipelineUtilsThread] INFO  pipeline.PipelinePlacementPolicy (PipelinePlacementPolicy.java:meetCriteria(91)) - Pipeline Placement: can't place more pipeline on heavy datanode： a7d59ef6-3eca-4628-b097-12d983444e7f Heaviness: 6 limit: 5
2019-09-25 11:42:44,277 [RatisPipelineUtilsThread] INFO  pipeline.PipelinePlacementPolicy (PipelinePlacementPolicy.java:meetCriteria(91)) - Pipeline Placement: can't place more pipeline on heavy datanode： d0888866-0bad-4f41-ad37-dccd4a57b958 Heaviness: 6 limit: 5
2019-09-25 11:42:44,277 [RatisPipelineUtilsThread] INFO  pipeline.PipelinePlacementPolicy (PipelinePlacementPolicy.java:meetCriteria(91)) - Pipeline Placement: can't place more pipeline on heavy datanode： 19e67e26-3d21-4d01-be9f-29113a4a814c Heaviness: 6 limit: 5
2019-09-25 11:42:44,277 [RatisPipelineUtilsThread] INFO  pipeline.PipelinePlacementPolicy (PipelinePlacementPolicy.java:meetCriteria(91)) - Pipeline Placement: can't place more pipeline on heavy datanode： e081c0a5-acfc-4a29-8262-ee158adf5b11 Heaviness: 6 limit: 5
2019-09-25 11:42:44,277 [RatisPipelineUtilsThread] INFO  pipeline.PipelinePlacementPolicy (PipelinePlacementPolicy.java:meetCriteria(91)) - Pipeline Placement: can't place more pipeline on heavy datanode： 8c24ed06-386e-4085-8931-93c762a64530 Heaviness: 6 limit: 5
2019-09-25 11:42:44,278 [RatisPipelineUtilsThread] INFO  pipeline.PipelinePlacementPolicy (PipelinePlacementPolicy.java:meetCriteria(91)) - Pipeline Placement: can't place more pipeline on heavy datanode： b7064b77-9271-4e94-8225-85d895886efb Heaviness: 6 limit: 5
2019-09-25 11:42:44,278 [RatisPipelineUtilsThread] ERROR pipeline.PipelinePlacementPolicy (PipelinePlacementPolicy.java:filterViableNodes(148)) - Unable to find enough nodes that meet the criteria that cannot engage in more than 5 pipelines. Nodes required: 1 Found: 0, healthy nodes count inNodeManager: 6.
2019-09-25 11:42:44,278 [RatisPipelineUtilsThread] ERROR pipeline.SCMPipelineManager (SCMPipelineManager.java:createPipeline(167)) - Pipeline creation failed.
org.apache.hadoop.hdds.scm.exceptions.SCMException: Unable to find enough nodes that meet the criteria that cannot engage in more than 5 pipelines. Nodes required: 1 Found: 0, healthy nodes count inNodeManager: 6.
	at org.apache.hadoop.hdds.scm.pipeline.PipelinePlacementPolicy.filterViableNodes(PipelinePlacementPolicy.java:149)
	at org.apache.hadoop.hdds.scm.pipeline.PipelinePlacementPolicy.chooseDatanodes(PipelinePlacementPolicy.java:172)
	at org.apache.hadoop.hdds.scm.pipeline.RatisPipelineProvider.create(RatisPipelineProvider.java:93)
	at org.apache.hadoop.hdds.scm.pipeline.PipelineFactory.create(PipelineFactory.java:58)
	at org.apache.hadoop.hdds.scm.pipeline.SCMPipelineManager.createPipeline(SCMPipelineManager.java:155)
	at org.apache.hadoop.hdds.scm.pipeline.BackgroundPipelineCreator.createPipelines(BackgroundPipelineCreator.java:99)
	at org.apache.hadoop.hdds.scm.pipeline.BackgroundPipelineCreator.lambda$startFixedIntervalPipelineCreator$0(BackgroundPipelineCreator.java:70)
	at java.util.concurrent.Executors$RunnableAdapter.call(Executors.java:511)
	at java.util.concurrent.FutureTask.runAndReset(FutureTask.java:308)
	at java.util.concurrent.ScheduledThreadPoolExecutor$ScheduledFutureTask.access$301(ScheduledThreadPoolExecutor.java:180)
	at java.util.concurrent.ScheduledThreadPoolExecutor$ScheduledFutureTask.run(ScheduledThreadPoolExecutor.java:294)
	at java.util.concurrent.ThreadPoolExecutor.runWorker(ThreadPoolExecutor.java:1149)
	at java.util.concurrent.ThreadPoolExecutor$Worker.run(ThreadPoolExecutor.java:624)
	at java.lang.Thread.run(Thread.java:748)
2019-09-25 11:42:44,279 [RatisPipelineUtilsThread] INFO  pipeline.PipelinePlacementPolicy (PipelinePlacementPolicy.java:meetCriteria(91)) - Pipeline Placement: can't place more pipeline on heavy datanode： a7d59ef6-3eca-4628-b097-12d983444e7f Heaviness: 6 limit: 5
2019-09-25 11:42:44,279 [RatisPipelineUtilsThread] INFO  pipeline.PipelinePlacementPolicy (PipelinePlacementPolicy.java:meetCriteria(91)) - Pipeline Placement: can't place more pipeline on heavy datanode： d0888866-0bad-4f41-ad37-dccd4a57b958 Heaviness: 6 limit: 5
2019-09-25 11:42:44,279 [RatisPipelineUtilsThread] INFO  pipeline.PipelinePlacementPolicy (PipelinePlacementPolicy.java:meetCriteria(91)) - Pipeline Placement: can't place more pipeline on heavy datanode： 19e67e26-3d21-4d01-be9f-29113a4a814c Heaviness: 6 limit: 5
2019-09-25 11:42:44,279 [RatisPipelineUtilsThread] INFO  pipeline.PipelinePlacementPolicy (PipelinePlacementPolicy.java:meetCriteria(91)) - Pipeline Placement: can't place more pipeline on heavy datanode： e081c0a5-acfc-4a29-8262-ee158adf5b11 Heaviness: 6 limit: 5
2019-09-25 11:42:44,279 [RatisPipelineUtilsThread] INFO  pipeline.PipelinePlacementPolicy (PipelinePlacementPolicy.java:meetCriteria(91)) - Pipeline Placement: can't place more pipeline on heavy datanode： 8c24ed06-386e-4085-8931-93c762a64530 Heaviness: 6 limit: 5
2019-09-25 11:42:44,280 [RatisPipelineUtilsThread] INFO  pipeline.PipelinePlacementPolicy (PipelinePlacementPolicy.java:meetCriteria(91)) - Pipeline Placement: can't place more pipeline on heavy datanode： b7064b77-9271-4e94-8225-85d895886efb Heaviness: 6 limit: 5
2019-09-25 11:42:44,280 [RatisPipelineUtilsThread] ERROR pipeline.PipelinePlacementPolicy (PipelinePlacementPolicy.java:filterViableNodes(148)) - Unable to find enough nodes that meet the criteria that cannot engage in more than 5 pipelines. Nodes required: 3 Found: 0, healthy nodes count inNodeManager: 6.
2019-09-25 11:42:44,280 [RatisPipelineUtilsThread] ERROR pipeline.SCMPipelineManager (SCMPipelineManager.java:createPipeline(167)) - Pipeline creation failed.
org.apache.hadoop.hdds.scm.exceptions.SCMException: Unable to find enough nodes that meet the criteria that cannot engage in more than 5 pipelines. Nodes required: 3 Found: 0, healthy nodes count inNodeManager: 6.
	at org.apache.hadoop.hdds.scm.pipeline.PipelinePlacementPolicy.filterViableNodes(PipelinePlacementPolicy.java:149)
	at org.apache.hadoop.hdds.scm.pipeline.PipelinePlacementPolicy.chooseDatanodes(PipelinePlacementPolicy.java:172)
	at org.apache.hadoop.hdds.scm.pipeline.RatisPipelineProvider.create(RatisPipelineProvider.java:93)
	at org.apache.hadoop.hdds.scm.pipeline.PipelineFactory.create(PipelineFactory.java:58)
	at org.apache.hadoop.hdds.scm.pipeline.SCMPipelineManager.createPipeline(SCMPipelineManager.java:155)
	at org.apache.hadoop.hdds.scm.pipeline.BackgroundPipelineCreator.createPipelines(BackgroundPipelineCreator.java:99)
	at org.apache.hadoop.hdds.scm.pipeline.BackgroundPipelineCreator.lambda$startFixedIntervalPipelineCreator$0(BackgroundPipelineCreator.java:70)
	at java.util.concurrent.Executors$RunnableAdapter.call(Executors.java:511)
	at java.util.concurrent.FutureTask.runAndReset(FutureTask.java:308)
	at java.util.concurrent.ScheduledThreadPoolExecutor$ScheduledFutureTask.access$301(ScheduledThreadPoolExecutor.java:180)
	at java.util.concurrent.ScheduledThreadPoolExecutor$ScheduledFutureTask.run(ScheduledThreadPoolExecutor.java:294)
	at java.util.concurrent.ThreadPoolExecutor.runWorker(ThreadPoolExecutor.java:1149)
	at java.util.concurrent.ThreadPoolExecutor$Worker.run(ThreadPoolExecutor.java:624)
	at java.lang.Thread.run(Thread.java:748)
2019-09-25 11:42:44,393 [main] INFO  ozoneimpl.OzoneContainer (OzoneContainer.java:stop(231)) - Attempting to stop container services.
2019-09-25 11:42:44,393 [ForkJoinPool.commonPool-worker-1] INFO  ozoneimpl.OzoneContainer (OzoneContainer.java:stop(231)) - Attempting to stop container services.
2019-09-25 11:42:44,395 [ForkJoinPool.commonPool-worker-1] INFO  impl.RaftServerProxy (RaftServerProxy.java:lambda$close$4(314)) - b7064b77-9271-4e94-8225-85d895886efb: close
2019-09-25 11:42:44,395 [main] INFO  impl.RaftServerProxy (RaftServerProxy.java:lambda$close$4(314)) - 8c24ed06-386e-4085-8931-93c762a64530: close
2019-09-25 11:42:44,397 [ForkJoinPool.commonPool-worker-1] INFO  impl.RaftServerImpl (RaftServerImpl.java:lambda$shutdown$3(251)) - b7064b77-9271-4e94-8225-85d895886efb@group-6E9EB1C0F638: shutdown
2019-09-25 11:42:44,397 [main] INFO  impl.RaftServerImpl (RaftServerImpl.java:lambda$shutdown$3(251)) - 8c24ed06-386e-4085-8931-93c762a64530@group-B9DEF2EDD277: shutdown
2019-09-25 11:42:44,398 [ForkJoinPool.commonPool-worker-1] INFO  util.JmxRegister (JmxRegister.java:unregister(73)) - Successfully un-registered JMX Bean with object name Ratis:service=RaftServer,group=group-6E9EB1C0F638,id=b7064b77-9271-4e94-8225-85d895886efb
2019-09-25 11:42:44,398 [main] INFO  util.JmxRegister (JmxRegister.java:unregister(73)) - Successfully un-registered JMX Bean with object name Ratis:service=RaftServer,group=group-B9DEF2EDD277,id=8c24ed06-386e-4085-8931-93c762a64530
2019-09-25 11:42:44,398 [ForkJoinPool.commonPool-worker-1] INFO  impl.RoleInfo (RoleInfo.java:shutdownFollowerState(121)) - b7064b77-9271-4e94-8225-85d895886efb: shutdown FollowerState
2019-09-25 11:42:44,399 [main] INFO  impl.RoleInfo (RoleInfo.java:shutdownLeaderElection(134)) - 8c24ed06-386e-4085-8931-93c762a64530: shutdown LeaderElection
2019-09-25 11:42:44,399 [ForkJoinPool.commonPool-worker-1] INFO  impl.StateMachineUpdater (StateMachineUpdater.java:stopAndJoin(125)) - b7064b77-9271-4e94-8225-85d895886efb@group-6E9EB1C0F638-StateMachineUpdater: set stopIndex = 0
2019-09-25 11:42:44,399 [Thread-1169] INFO  impl.FollowerState (FollowerState.java:run(115)) - b7064b77-9271-4e94-8225-85d895886efb: FollowerState was interrupted: java.lang.InterruptedException: sleep interrupted
2019-09-25 11:42:44,403 [ForkJoinPool.commonPool-worker-1] INFO  impl.RaftServerImpl (ServerState.java:close(385)) - b7064b77-9271-4e94-8225-85d895886efb@group-6E9EB1C0F638: closes. applyIndex: 0
2019-09-25 11:42:44,400 [main] INFO  impl.StateMachineUpdater (StateMachineUpdater.java:stopAndJoin(125)) - 8c24ed06-386e-4085-8931-93c762a64530@group-B9DEF2EDD277-StateMachineUpdater: set stopIndex = -1
2019-09-25 11:42:44,404 [main] INFO  impl.RaftServerImpl (ServerState.java:close(385)) - 8c24ed06-386e-4085-8931-93c762a64530@group-B9DEF2EDD277: closes. applyIndex: -1
2019-09-25 11:42:44,405 [b7064b77-9271-4e94-8225-85d895886efb@group-6E9EB1C0F638-SegmentedRaftLogWorker] INFO  segmented.SegmentedRaftLogWorker (SegmentedRaftLogWorker.java:run(313)) - b7064b77-9271-4e94-8225-85d895886efb@group-6E9EB1C0F638-SegmentedRaftLogWorker was interrupted, exiting. There are 0 tasks remaining in the queue.
2019-09-25 11:42:44,405 [8c24ed06-386e-4085-8931-93c762a64530@group-B9DEF2EDD277-SegmentedRaftLogWorker] INFO  segmented.SegmentedRaftLogWorker (SegmentedRaftLogWorker.java:run(313)) - 8c24ed06-386e-4085-8931-93c762a64530@group-B9DEF2EDD277-SegmentedRaftLogWorker was interrupted, exiting. There are 0 tasks remaining in the queue.
2019-09-25 11:42:44,408 [main] INFO  segmented.SegmentedRaftLogWorker (SegmentedRaftLogWorker.java:close(228)) - 8c24ed06-386e-4085-8931-93c762a64530@group-B9DEF2EDD277-SegmentedRaftLogWorker close()
2019-09-25 11:42:44,408 [ForkJoinPool.commonPool-worker-1] INFO  segmented.SegmentedRaftLogWorker (SegmentedRaftLogWorker.java:close(228)) - b7064b77-9271-4e94-8225-85d895886efb@group-6E9EB1C0F638-SegmentedRaftLogWorker close()
2019-09-25 11:42:44,416 [ForkJoinPool.commonPool-worker-1] INFO  impl.RaftServerImpl (RaftServerImpl.java:lambda$shutdown$3(251)) - b7064b77-9271-4e94-8225-85d895886efb@group-282EF1BFFEE0: shutdown
2019-09-25 11:42:44,416 [main] INFO  impl.RaftServerImpl (RaftServerImpl.java:lambda$shutdown$3(251)) - 8c24ed06-386e-4085-8931-93c762a64530@group-47DBAAEC82C8: shutdown
2019-09-25 11:42:44,416 [ForkJoinPool.commonPool-worker-1] INFO  util.JmxRegister (JmxRegister.java:unregister(73)) - Successfully un-registered JMX Bean with object name Ratis:service=RaftServer,group=group-282EF1BFFEE0,id=b7064b77-9271-4e94-8225-85d895886efb
2019-09-25 11:42:44,417 [main] INFO  util.JmxRegister (JmxRegister.java:unregister(73)) - Successfully un-registered JMX Bean with object name Ratis:service=RaftServer,group=group-47DBAAEC82C8,id=8c24ed06-386e-4085-8931-93c762a64530
2019-09-25 11:42:44,417 [main] INFO  impl.RoleInfo (RoleInfo.java:shutdownFollowerState(121)) - 8c24ed06-386e-4085-8931-93c762a64530: shutdown FollowerState
2019-09-25 11:42:44,417 [ForkJoinPool.commonPool-worker-1] INFO  impl.RoleInfo (RoleInfo.java:shutdownLeaderElection(134)) - b7064b77-9271-4e94-8225-85d895886efb: shutdown LeaderElection
2019-09-25 11:42:44,418 [Thread-1175] INFO  impl.FollowerState (FollowerState.java:run(115)) - 8c24ed06-386e-4085-8931-93c762a64530: FollowerState was interrupted: java.lang.InterruptedException: sleep interrupted
2019-09-25 11:42:44,418 [main] INFO  impl.StateMachineUpdater (StateMachineUpdater.java:stopAndJoin(125)) - 8c24ed06-386e-4085-8931-93c762a64530@group-47DBAAEC82C8-StateMachineUpdater: set stopIndex = 0
2019-09-25 11:42:44,418 [ForkJoinPool.commonPool-worker-1] INFO  impl.StateMachineUpdater (StateMachineUpdater.java:stopAndJoin(125)) - b7064b77-9271-4e94-8225-85d895886efb@group-282EF1BFFEE0-StateMachineUpdater: set stopIndex = -1
2019-09-25 11:42:44,419 [main] INFO  impl.RaftServerImpl (ServerState.java:close(385)) - 8c24ed06-386e-4085-8931-93c762a64530@group-47DBAAEC82C8: closes. applyIndex: 0
2019-09-25 11:42:44,419 [ForkJoinPool.commonPool-worker-1] INFO  impl.RaftServerImpl (ServerState.java:close(385)) - b7064b77-9271-4e94-8225-85d895886efb@group-282EF1BFFEE0: closes. applyIndex: -1
2019-09-25 11:42:44,420 [8c24ed06-386e-4085-8931-93c762a64530@group-47DBAAEC82C8-SegmentedRaftLogWorker] INFO  segmented.SegmentedRaftLogWorker (SegmentedRaftLogWorker.java:run(313)) - 8c24ed06-386e-4085-8931-93c762a64530@group-47DBAAEC82C8-SegmentedRaftLogWorker was interrupted, exiting. There are 0 tasks remaining in the queue.
2019-09-25 11:42:44,420 [b7064b77-9271-4e94-8225-85d895886efb@group-282EF1BFFEE0-SegmentedRaftLogWorker] INFO  segmented.SegmentedRaftLogWorker (SegmentedRaftLogWorker.java:run(313)) - b7064b77-9271-4e94-8225-85d895886efb@group-282EF1BFFEE0-SegmentedRaftLogWorker was interrupted, exiting. There are 0 tasks remaining in the queue.
2019-09-25 11:42:44,422 [ForkJoinPool.commonPool-worker-1] INFO  segmented.SegmentedRaftLogWorker (SegmentedRaftLogWorker.java:close(228)) - b7064b77-9271-4e94-8225-85d895886efb@group-282EF1BFFEE0-SegmentedRaftLogWorker close()
2019-09-25 11:42:44,422 [main] INFO  segmented.SegmentedRaftLogWorker (SegmentedRaftLogWorker.java:close(228)) - 8c24ed06-386e-4085-8931-93c762a64530@group-47DBAAEC82C8-SegmentedRaftLogWorker close()
2019-09-25 11:42:44,426 [ForkJoinPool.commonPool-worker-1] INFO  impl.RaftServerImpl (RaftServerImpl.java:lambda$shutdown$3(251)) - b7064b77-9271-4e94-8225-85d895886efb@group-B9DEF2EDD277: shutdown
2019-09-25 11:42:44,429 [main] INFO  impl.RaftServerImpl (RaftServerImpl.java:lambda$shutdown$3(251)) - 8c24ed06-386e-4085-8931-93c762a64530@group-BF1BD4D8076C: shutdown
2019-09-25 11:42:44,429 [ForkJoinPool.commonPool-worker-1] INFO  util.JmxRegister (JmxRegister.java:unregister(73)) - Successfully un-registered JMX Bean with object name Ratis:service=RaftServer,group=group-B9DEF2EDD277,id=b7064b77-9271-4e94-8225-85d895886efb
2019-09-25 11:42:44,430 [main] INFO  util.JmxRegister (JmxRegister.java:unregister(73)) - Successfully un-registered JMX Bean with object name Ratis:service=RaftServer,group=group-BF1BD4D8076C,id=8c24ed06-386e-4085-8931-93c762a64530
2019-09-25 11:42:44,430 [ForkJoinPool.commonPool-worker-1] INFO  impl.RoleInfo (RoleInfo.java:shutdownLeaderElection(134)) - b7064b77-9271-4e94-8225-85d895886efb: shutdown LeaderElection
2019-09-25 11:42:44,431 [main] INFO  impl.RoleInfo (RoleInfo.java:shutdownFollowerState(121)) - 8c24ed06-386e-4085-8931-93c762a64530: shutdown FollowerState
2019-09-25 11:42:44,431 [ForkJoinPool.commonPool-worker-1] INFO  impl.StateMachineUpdater (StateMachineUpdater.java:stopAndJoin(125)) - b7064b77-9271-4e94-8225-85d895886efb@group-B9DEF2EDD277-StateMachineUpdater: set stopIndex = -1
2019-09-25 11:42:44,431 [Thread-1173] INFO  impl.FollowerState (FollowerState.java:run(115)) - 8c24ed06-386e-4085-8931-93c762a64530: FollowerState was interrupted: java.lang.InterruptedException: sleep interrupted
2019-09-25 11:42:44,431 [main] INFO  impl.StateMachineUpdater (StateMachineUpdater.java:stopAndJoin(125)) - 8c24ed06-386e-4085-8931-93c762a64530@group-BF1BD4D8076C-StateMachineUpdater: set stopIndex = 0
2019-09-25 11:42:44,432 [main] INFO  impl.RaftServerImpl (ServerState.java:close(385)) - 8c24ed06-386e-4085-8931-93c762a64530@group-BF1BD4D8076C: closes. applyIndex: 0
2019-09-25 11:42:44,432 [ForkJoinPool.commonPool-worker-1] INFO  impl.RaftServerImpl (ServerState.java:close(385)) - b7064b77-9271-4e94-8225-85d895886efb@group-B9DEF2EDD277: closes. applyIndex: -1
2019-09-25 11:42:44,433 [8c24ed06-386e-4085-8931-93c762a64530@group-BF1BD4D8076C-SegmentedRaftLogWorker] INFO  segmented.SegmentedRaftLogWorker (SegmentedRaftLogWorker.java:run(313)) - 8c24ed06-386e-4085-8931-93c762a64530@group-BF1BD4D8076C-SegmentedRaftLogWorker was interrupted, exiting. There are 0 tasks remaining in the queue.
2019-09-25 11:42:44,433 [b7064b77-9271-4e94-8225-85d895886efb@group-B9DEF2EDD277-SegmentedRaftLogWorker] INFO  segmented.SegmentedRaftLogWorker (SegmentedRaftLogWorker.java:run(313)) - b7064b77-9271-4e94-8225-85d895886efb@group-B9DEF2EDD277-SegmentedRaftLogWorker was interrupted, exiting. There are 0 tasks remaining in the queue.
2019-09-25 11:42:44,435 [main] INFO  segmented.SegmentedRaftLogWorker (SegmentedRaftLogWorker.java:close(228)) - 8c24ed06-386e-4085-8931-93c762a64530@group-BF1BD4D8076C-SegmentedRaftLogWorker close()
2019-09-25 11:42:44,435 [ForkJoinPool.commonPool-worker-1] INFO  segmented.SegmentedRaftLogWorker (SegmentedRaftLogWorker.java:close(228)) - b7064b77-9271-4e94-8225-85d895886efb@group-B9DEF2EDD277-SegmentedRaftLogWorker close()
2019-09-25 11:42:44,439 [main] INFO  impl.RaftServerImpl (RaftServerImpl.java:lambda$shutdown$3(251)) - 8c24ed06-386e-4085-8931-93c762a64530@group-CDCB2C8C105A: shutdown
2019-09-25 11:42:44,442 [ForkJoinPool.commonPool-worker-1] INFO  impl.RaftServerImpl (RaftServerImpl.java:lambda$shutdown$3(251)) - b7064b77-9271-4e94-8225-85d895886efb@group-47DBAAEC82C8: shutdown
2019-09-25 11:42:44,442 [main] INFO  util.JmxRegister (JmxRegister.java:unregister(73)) - Successfully un-registered JMX Bean with object name Ratis:service=RaftServer,group=group-CDCB2C8C105A,id=8c24ed06-386e-4085-8931-93c762a64530
2019-09-25 11:42:44,443 [ForkJoinPool.commonPool-worker-1] INFO  util.JmxRegister (JmxRegister.java:unregister(73)) - Successfully un-registered JMX Bean with object name Ratis:service=RaftServer,group=group-47DBAAEC82C8,id=b7064b77-9271-4e94-8225-85d895886efb
2019-09-25 11:42:44,443 [main] INFO  impl.RoleInfo (RoleInfo.java:shutdownFollowerState(121)) - 8c24ed06-386e-4085-8931-93c762a64530: shutdown FollowerState
2019-09-25 11:42:44,443 [ForkJoinPool.commonPool-worker-1] INFO  impl.RoleInfo (RoleInfo.java:shutdownFollowerState(121)) - b7064b77-9271-4e94-8225-85d895886efb: shutdown FollowerState
2019-09-25 11:42:44,444 [Thread-1164] INFO  impl.FollowerState (FollowerState.java:run(115)) - 8c24ed06-386e-4085-8931-93c762a64530: FollowerState was interrupted: java.lang.InterruptedException: sleep interrupted
2019-09-25 11:42:44,444 [main] INFO  impl.StateMachineUpdater (StateMachineUpdater.java:stopAndJoin(125)) - 8c24ed06-386e-4085-8931-93c762a64530@group-CDCB2C8C105A-StateMachineUpdater: set stopIndex = 0
2019-09-25 11:42:44,445 [main] INFO  impl.RaftServerImpl (ServerState.java:close(385)) - 8c24ed06-386e-4085-8931-93c762a64530@group-CDCB2C8C105A: closes. applyIndex: 0
2019-09-25 11:42:44,444 [Thread-1177] INFO  impl.FollowerState (FollowerState.java:run(115)) - b7064b77-9271-4e94-8225-85d895886efb: FollowerState was interrupted: java.lang.InterruptedException: sleep interrupted
2019-09-25 11:42:44,445 [8c24ed06-386e-4085-8931-93c762a64530@group-CDCB2C8C105A-SegmentedRaftLogWorker] INFO  segmented.SegmentedRaftLogWorker (SegmentedRaftLogWorker.java:run(313)) - 8c24ed06-386e-4085-8931-93c762a64530@group-CDCB2C8C105A-SegmentedRaftLogWorker was interrupted, exiting. There are 0 tasks remaining in the queue.
2019-09-25 11:42:44,444 [ForkJoinPool.commonPool-worker-1] INFO  impl.StateMachineUpdater (StateMachineUpdater.java:stopAndJoin(125)) - b7064b77-9271-4e94-8225-85d895886efb@group-47DBAAEC82C8-StateMachineUpdater: set stopIndex = 0
2019-09-25 11:42:44,447 [main] INFO  segmented.SegmentedRaftLogWorker (SegmentedRaftLogWorker.java:close(228)) - 8c24ed06-386e-4085-8931-93c762a64530@group-CDCB2C8C105A-SegmentedRaftLogWorker close()
2019-09-25 11:42:44,447 [ForkJoinPool.commonPool-worker-1] INFO  impl.RaftServerImpl (ServerState.java:close(385)) - b7064b77-9271-4e94-8225-85d895886efb@group-47DBAAEC82C8: closes. applyIndex: 0
2019-09-25 11:42:44,450 [main] INFO  impl.RaftServerImpl (RaftServerImpl.java:lambda$shutdown$3(251)) - 8c24ed06-386e-4085-8931-93c762a64530@group-DBE87B3B08CE: shutdown
2019-09-25 11:42:44,451 [b7064b77-9271-4e94-8225-85d895886efb@group-47DBAAEC82C8-SegmentedRaftLogWorker] INFO  segmented.SegmentedRaftLogWorker (SegmentedRaftLogWorker.java:run(313)) - b7064b77-9271-4e94-8225-85d895886efb@group-47DBAAEC82C8-SegmentedRaftLogWorker was interrupted, exiting. There are 0 tasks remaining in the queue.
2019-09-25 11:42:44,451 [main] INFO  util.JmxRegister (JmxRegister.java:unregister(73)) - Successfully un-registered JMX Bean with object name Ratis:service=RaftServer,group=group-DBE87B3B08CE,id=8c24ed06-386e-4085-8931-93c762a64530
2019-09-25 11:42:44,453 [main] INFO  impl.RoleInfo (RoleInfo.java:shutdownFollowerState(121)) - 8c24ed06-386e-4085-8931-93c762a64530: shutdown FollowerState
2019-09-25 11:42:44,453 [ForkJoinPool.commonPool-worker-1] INFO  segmented.SegmentedRaftLogWorker (SegmentedRaftLogWorker.java:close(228)) - b7064b77-9271-4e94-8225-85d895886efb@group-47DBAAEC82C8-SegmentedRaftLogWorker close()
2019-09-25 11:42:44,454 [Thread-1165] INFO  impl.FollowerState (FollowerState.java:run(115)) - 8c24ed06-386e-4085-8931-93c762a64530: FollowerState was interrupted: java.lang.InterruptedException: sleep interrupted
2019-09-25 11:42:44,453 [main] INFO  impl.StateMachineUpdater (StateMachineUpdater.java:stopAndJoin(125)) - 8c24ed06-386e-4085-8931-93c762a64530@group-DBE87B3B08CE-StateMachineUpdater: set stopIndex = 0
2019-09-25 11:42:44,458 [ForkJoinPool.commonPool-worker-1] INFO  impl.RaftServerImpl (RaftServerImpl.java:lambda$shutdown$3(251)) - b7064b77-9271-4e94-8225-85d895886efb@group-F2E0294EDFC2: shutdown
2019-09-25 11:42:44,458 [main] INFO  impl.RaftServerImpl (ServerState.java:close(385)) - 8c24ed06-386e-4085-8931-93c762a64530@group-DBE87B3B08CE: closes. applyIndex: 0
2019-09-25 11:42:44,459 [ForkJoinPool.commonPool-worker-1] INFO  util.JmxRegister (JmxRegister.java:unregister(73)) - Successfully un-registered JMX Bean with object name Ratis:service=RaftServer,group=group-F2E0294EDFC2,id=b7064b77-9271-4e94-8225-85d895886efb
2019-09-25 11:42:44,459 [8c24ed06-386e-4085-8931-93c762a64530@group-DBE87B3B08CE-SegmentedRaftLogWorker] INFO  segmented.SegmentedRaftLogWorker (SegmentedRaftLogWorker.java:run(313)) - 8c24ed06-386e-4085-8931-93c762a64530@group-DBE87B3B08CE-SegmentedRaftLogWorker was interrupted, exiting. There are 0 tasks remaining in the queue.
2019-09-25 11:42:44,459 [ForkJoinPool.commonPool-worker-1] INFO  impl.RoleInfo (RoleInfo.java:shutdownFollowerState(121)) - b7064b77-9271-4e94-8225-85d895886efb: shutdown FollowerState
2019-09-25 11:42:44,461 [main] INFO  segmented.SegmentedRaftLogWorker (SegmentedRaftLogWorker.java:close(228)) - 8c24ed06-386e-4085-8931-93c762a64530@group-DBE87B3B08CE-SegmentedRaftLogWorker close()
2019-09-25 11:42:44,462 [Thread-1196] INFO  impl.FollowerState (FollowerState.java:run(115)) - b7064b77-9271-4e94-8225-85d895886efb: FollowerState was interrupted: java.lang.InterruptedException: sleep interrupted
2019-09-25 11:42:44,462 [ForkJoinPool.commonPool-worker-1] INFO  impl.StateMachineUpdater (StateMachineUpdater.java:stopAndJoin(125)) - b7064b77-9271-4e94-8225-85d895886efb@group-F2E0294EDFC2-StateMachineUpdater: set stopIndex = 0
2019-09-25 11:42:44,466 [main] INFO  impl.RaftServerImpl (RaftServerImpl.java:lambda$shutdown$3(251)) - 8c24ed06-386e-4085-8931-93c762a64530@group-ADB1B60517AF: shutdown
2019-09-25 11:42:44,466 [ForkJoinPool.commonPool-worker-1] INFO  impl.RaftServerImpl (ServerState.java:close(385)) - b7064b77-9271-4e94-8225-85d895886efb@group-F2E0294EDFC2: closes. applyIndex: 0
2019-09-25 11:42:44,466 [main] INFO  util.JmxRegister (JmxRegister.java:unregister(73)) - Successfully un-registered JMX Bean with object name Ratis:service=RaftServer,group=group-ADB1B60517AF,id=8c24ed06-386e-4085-8931-93c762a64530
2019-09-25 11:42:44,467 [b7064b77-9271-4e94-8225-85d895886efb@group-F2E0294EDFC2-SegmentedRaftLogWorker] INFO  segmented.SegmentedRaftLogWorker (SegmentedRaftLogWorker.java:run(313)) - b7064b77-9271-4e94-8225-85d895886efb@group-F2E0294EDFC2-SegmentedRaftLogWorker was interrupted, exiting. There are 0 tasks remaining in the queue.
2019-09-25 11:42:44,467 [main] INFO  impl.RoleInfo (RoleInfo.java:shutdownFollowerState(121)) - 8c24ed06-386e-4085-8931-93c762a64530: shutdown FollowerState
2019-09-25 11:42:44,469 [ForkJoinPool.commonPool-worker-1] INFO  segmented.SegmentedRaftLogWorker (SegmentedRaftLogWorker.java:close(228)) - b7064b77-9271-4e94-8225-85d895886efb@group-F2E0294EDFC2-SegmentedRaftLogWorker close()
2019-09-25 11:42:44,470 [Thread-1209] INFO  impl.FollowerState (FollowerState.java:run(115)) - 8c24ed06-386e-4085-8931-93c762a64530: FollowerState was interrupted: java.lang.InterruptedException: sleep interrupted
2019-09-25 11:42:44,469 [main] INFO  impl.StateMachineUpdater (StateMachineUpdater.java:stopAndJoin(125)) - 8c24ed06-386e-4085-8931-93c762a64530@group-ADB1B60517AF-StateMachineUpdater: set stopIndex = 0
2019-09-25 11:42:44,474 [ForkJoinPool.commonPool-worker-1] INFO  impl.RaftServerImpl (RaftServerImpl.java:lambda$shutdown$3(251)) - b7064b77-9271-4e94-8225-85d895886efb@group-CDCB2C8C105A: shutdown
2019-09-25 11:42:44,474 [main] INFO  impl.RaftServerImpl (ServerState.java:close(385)) - 8c24ed06-386e-4085-8931-93c762a64530@group-ADB1B60517AF: closes. applyIndex: 0
2019-09-25 11:42:44,474 [ForkJoinPool.commonPool-worker-1] INFO  util.JmxRegister (JmxRegister.java:unregister(73)) - Successfully un-registered JMX Bean with object name Ratis:service=RaftServer,group=group-CDCB2C8C105A,id=b7064b77-9271-4e94-8225-85d895886efb
2019-09-25 11:42:44,475 [8c24ed06-386e-4085-8931-93c762a64530@group-ADB1B60517AF-SegmentedRaftLogWorker] INFO  segmented.SegmentedRaftLogWorker (SegmentedRaftLogWorker.java:run(313)) - 8c24ed06-386e-4085-8931-93c762a64530@group-ADB1B60517AF-SegmentedRaftLogWorker was interrupted, exiting. There are 0 tasks remaining in the queue.
2019-09-25 11:42:44,475 [ForkJoinPool.commonPool-worker-1] INFO  impl.RoleInfo (RoleInfo.java:shutdownLeaderState(104)) - b7064b77-9271-4e94-8225-85d895886efb: shutdown LeaderState
2019-09-25 11:42:44,477 [main] INFO  segmented.SegmentedRaftLogWorker (SegmentedRaftLogWorker.java:close(228)) - 8c24ed06-386e-4085-8931-93c762a64530@group-ADB1B60517AF-SegmentedRaftLogWorker close()
2019-09-25 11:42:44,481 [org.apache.ratis.server.impl.LogAppender$AppenderDaemon$$Lambda$418/858148741@581230e8] WARN  server.GrpcLogAppender (GrpcLogAppender.java:mayWait(143)) - b7064b77-9271-4e94-8225-85d895886efb@group-CDCB2C8C105A->d0888866-0bad-4f41-ad37-dccd4a57b958-GrpcLogAppender: Wait interrupted by java.lang.InterruptedException
2019-09-25 11:42:44,481 [ForkJoinPool.commonPool-worker-1] INFO  impl.PendingRequests (PendingRequests.java:sendNotLeaderResponses(202)) - b7064b77-9271-4e94-8225-85d895886efb-PendingRequests: sendNotLeaderResponses
2019-09-25 11:42:44,481 [org.apache.ratis.server.impl.LogAppender$AppenderDaemon$$Lambda$418/858148741@999c782] WARN  server.GrpcLogAppender (GrpcLogAppender.java:mayWait(143)) - b7064b77-9271-4e94-8225-85d895886efb@group-CDCB2C8C105A->8c24ed06-386e-4085-8931-93c762a64530-GrpcLogAppender: Wait interrupted by java.lang.InterruptedException
2019-09-25 11:42:44,487 [ForkJoinPool.commonPool-worker-1] INFO  impl.StateMachineUpdater (StateMachineUpdater.java:stopAndJoin(125)) - b7064b77-9271-4e94-8225-85d895886efb@group-CDCB2C8C105A-StateMachineUpdater: set stopIndex = 0
2019-09-25 11:42:44,487 [main] INFO  server.GrpcService (GrpcService.java:closeImpl(164)) - 8c24ed06-386e-4085-8931-93c762a64530: shutdown server with port 32862 now
2019-09-25 11:42:44,487 [ForkJoinPool.commonPool-worker-1] INFO  impl.RaftServerImpl (ServerState.java:close(385)) - b7064b77-9271-4e94-8225-85d895886efb@group-CDCB2C8C105A: closes. applyIndex: 0
2019-09-25 11:42:44,488 [grpc-default-executor-20] INFO  server.GrpcServerProtocolService (GrpcServerProtocolService.java:onCompleted(113)) - d0888866-0bad-4f41-ad37-dccd4a57b958: Completed APPEND_ENTRIES, lastRequest: b7064b77-9271-4e94-8225-85d895886efb->d0888866-0bad-4f41-ad37-dccd4a57b958#3-t7, previous=(t:7, i:0), leaderCommit=0, initializing? false, entries: <empty>
2019-09-25 11:42:44,488 [grpc-default-executor-18] INFO  server.GrpcServerProtocolService (GrpcServerProtocolService.java:onCompleted(113)) - 8c24ed06-386e-4085-8931-93c762a64530: Completed APPEND_ENTRIES, lastRequest: b7064b77-9271-4e94-8225-85d895886efb->8c24ed06-386e-4085-8931-93c762a64530#3-t7, previous=(t:7, i:0), leaderCommit=0, initializing? false, entries: <empty>
2019-09-25 11:42:44,488 [b7064b77-9271-4e94-8225-85d895886efb@group-CDCB2C8C105A-SegmentedRaftLogWorker] INFO  segmented.SegmentedRaftLogWorker (SegmentedRaftLogWorker.java:run(313)) - b7064b77-9271-4e94-8225-85d895886efb@group-CDCB2C8C105A-SegmentedRaftLogWorker was interrupted, exiting. There are 0 tasks remaining in the queue.
2019-09-25 11:42:44,497 [ForkJoinPool.commonPool-worker-1] INFO  segmented.SegmentedRaftLogWorker (SegmentedRaftLogWorker.java:close(228)) - b7064b77-9271-4e94-8225-85d895886efb@group-CDCB2C8C105A-SegmentedRaftLogWorker close()
2019-09-25 11:42:44,497 [grpc-default-executor-20] INFO  server.GrpcLogAppender (GrpcLogAppender.java:onCompleted(293)) - b7064b77-9271-4e94-8225-85d895886efb@group-CDCB2C8C105A->8c24ed06-386e-4085-8931-93c762a64530-AppendLogResponseHandler: follower responses appendEntries COMPLETED
2019-09-25 11:42:44,497 [grpc-default-executor-18] INFO  server.GrpcLogAppender (GrpcLogAppender.java:onCompleted(293)) - b7064b77-9271-4e94-8225-85d895886efb@group-CDCB2C8C105A->d0888866-0bad-4f41-ad37-dccd4a57b958-AppendLogResponseHandler: follower responses appendEntries COMPLETED
2019-09-25 11:42:44,505 [grpc-default-executor-20] INFO  impl.FollowerInfo (FollowerInfo.java:lambda$new$0(51)) - b7064b77-9271-4e94-8225-85d895886efb@group-CDCB2C8C105A->8c24ed06-386e-4085-8931-93c762a64530: nextIndex: updateUnconditionally 1 -> 0
2019-09-25 11:42:44,509 [grpc-default-executor-18] INFO  impl.FollowerInfo (FollowerInfo.java:lambda$new$0(51)) - b7064b77-9271-4e94-8225-85d895886efb@group-CDCB2C8C105A->d0888866-0bad-4f41-ad37-dccd4a57b958: nextIndex: updateUnconditionally 1 -> 0
2019-09-25 11:42:44,500 [ForkJoinPool.commonPool-worker-1] INFO  server.GrpcService (GrpcService.java:closeImpl(164)) - b7064b77-9271-4e94-8225-85d895886efb: shutdown server with port 41519 now
2019-09-25 11:42:44,513 [grpc-default-executor-19] WARN  server.GrpcServerProtocolService (LogUtils.java:warn(134)) - 8c24ed06-386e-4085-8931-93c762a64530: installSnapshot onError, lastRequest: a7d59ef6-3eca-4628-b097-12d983444e7f->8c24ed06-386e-4085-8931-93c762a64530#3-t7, previous=(t:7, i:0), leaderCommit=0, initializing? false, entries: <empty>: org.apache.ratis.thirdparty.io.grpc.StatusRuntimeException: CANCELLED: cancelled before receiving half close
2019-09-25 11:42:44,513 [grpc-default-executor-5] WARN  server.GrpcServerProtocolService (LogUtils.java:warn(134)) - 8c24ed06-386e-4085-8931-93c762a64530: installSnapshot onError, lastRequest: 19e67e26-3d21-4d01-be9f-29113a4a814c->8c24ed06-386e-4085-8931-93c762a64530#3-t7, previous=(t:7, i:0), leaderCommit=0, initializing? false, entries: <empty>: org.apache.ratis.thirdparty.io.grpc.StatusRuntimeException: CANCELLED: cancelled before receiving half close
2019-09-25 11:42:44,513 [grpc-default-executor-18] WARN  server.GrpcServerProtocolService (LogUtils.java:warn(134)) - 8c24ed06-386e-4085-8931-93c762a64530: installSnapshot onError, lastRequest: 19e67e26-3d21-4d01-be9f-29113a4a814c->8c24ed06-386e-4085-8931-93c762a64530#3-t7, previous=(t:7, i:0), leaderCommit=0, initializing? false, entries: <empty>: org.apache.ratis.thirdparty.io.grpc.StatusRuntimeException: CANCELLED: cancelled before receiving half close
2019-09-25 11:42:44,513 [grpc-default-executor-20] WARN  server.GrpcServerProtocolService (LogUtils.java:warn(134)) - 8c24ed06-386e-4085-8931-93c762a64530: installSnapshot onError, lastRequest: d0888866-0bad-4f41-ad37-dccd4a57b958->8c24ed06-386e-4085-8931-93c762a64530#3-t7, previous=(t:7, i:0), leaderCommit=0, initializing? false, entries: <empty>: org.apache.ratis.thirdparty.io.grpc.StatusRuntimeException: CANCELLED: cancelled before receiving half close
2019-09-25 11:42:44,514 [main] INFO  server.GrpcService (GrpcService.java:closeImpl(172)) - 8c24ed06-386e-4085-8931-93c762a64530: shutdown server with port 32862 successfully
2019-09-25 11:42:44,515 [ForkJoinPool.commonPool-worker-1] INFO  server.GrpcService (GrpcService.java:closeImpl(172)) - b7064b77-9271-4e94-8225-85d895886efb: shutdown server with port 41519 successfully
2019-09-25 11:42:44,515 [grpc-default-executor-11] WARN  server.GrpcServerProtocolService (LogUtils.java:warn(134)) - b7064b77-9271-4e94-8225-85d895886efb: installSnapshot onError, lastRequest: a7d59ef6-3eca-4628-b097-12d983444e7f->b7064b77-9271-4e94-8225-85d895886efb#3-t7, previous=(t:0, i:0), leaderCommit=0, initializing? false, entries: size=1, first=(t:7, i:0), CONFIGURATIONENTRY: org.apache.ratis.thirdparty.io.grpc.StatusRuntimeException: CANCELLED: cancelled before receiving half close
2019-09-25 11:42:44,515 [grpc-default-executor-0] WARN  server.GrpcServerProtocolService (LogUtils.java:warn(134)) - b7064b77-9271-4e94-8225-85d895886efb: installSnapshot onError, lastRequest: a7d59ef6-3eca-4628-b097-12d983444e7f->b7064b77-9271-4e94-8225-85d895886efb#4-t7, previous=(t:0, i:0), leaderCommit=0, initializing? false, entries: size=1, first=(t:7, i:0), CONFIGURATIONENTRY: org.apache.ratis.thirdparty.io.grpc.StatusRuntimeException: CANCELLED: cancelled before receiving half close
2019-09-25 11:42:44,515 [grpc-default-executor-10] WARN  server.GrpcServerProtocolService (LogUtils.java:warn(134)) - b7064b77-9271-4e94-8225-85d895886efb: installSnapshot onError, lastRequest: a7d59ef6-3eca-4628-b097-12d983444e7f->b7064b77-9271-4e94-8225-85d895886efb#4-t7, previous=(t:0, i:0), leaderCommit=0, initializing? false, entries: size=1, first=(t:7, i:0), CONFIGURATIONENTRY: org.apache.ratis.thirdparty.io.grpc.StatusRuntimeException: CANCELLED: cancelled before receiving half close
2019-09-25 11:42:44,517 [grpc-default-executor-4] WARN  server.GrpcLogAppender (LogUtils.java:warn(134)) - d0888866-0bad-4f41-ad37-dccd4a57b958@group-DBE87B3B08CE->8c24ed06-386e-4085-8931-93c762a64530-AppendLogResponseHandler: Failed appendEntries: org.apache.ratis.thirdparty.io.grpc.StatusRuntimeException: CANCELLED: HTTP/2 error code: CANCEL
Received Rst Stream
2019-09-25 11:42:44,517 [grpc-default-executor-12] WARN  server.GrpcLogAppender (LogUtils.java:warn(134)) - a7d59ef6-3eca-4628-b097-12d983444e7f@group-F2E0294EDFC2->b7064b77-9271-4e94-8225-85d895886efb-AppendLogResponseHandler: Failed appendEntries: org.apache.ratis.thirdparty.io.grpc.StatusRuntimeException: CANCELLED: HTTP/2 error code: CANCEL
Received Rst Stream
2019-09-25 11:42:44,517 [grpc-default-executor-13] WARN  server.GrpcLogAppender (LogUtils.java:warn(134)) - a7d59ef6-3eca-4628-b097-12d983444e7f@group-6E9EB1C0F638->b7064b77-9271-4e94-8225-85d895886efb-AppendLogResponseHandler: Failed appendEntries: org.apache.ratis.thirdparty.io.grpc.StatusRuntimeException: CANCELLED: HTTP/2 error code: CANCEL
Received Rst Stream
2019-09-25 11:42:44,520 [grpc-default-executor-8] WARN  server.GrpcLogAppender (LogUtils.java:warn(134)) - 19e67e26-3d21-4d01-be9f-29113a4a814c@group-BF1BD4D8076C->8c24ed06-386e-4085-8931-93c762a64530-AppendLogResponseHandler: Failed appendEntries: org.apache.ratis.thirdparty.io.grpc.StatusRuntimeException: CANCELLED: HTTP/2 error code: CANCEL
Received Rst Stream
2019-09-25 11:42:44,517 [grpc-default-executor-2] WARN  server.GrpcLogAppender (LogUtils.java:warn(134)) - a7d59ef6-3eca-4628-b097-12d983444e7f@group-47DBAAEC82C8->b7064b77-9271-4e94-8225-85d895886efb-AppendLogResponseHandler: Failed appendEntries: org.apache.ratis.thirdparty.io.grpc.StatusRuntimeException: CANCELLED: HTTP/2 error code: CANCEL
Received Rst Stream
2019-09-25 11:42:44,522 [grpc-default-executor-8] INFO  impl.FollowerInfo (FollowerInfo.java:lambda$new$0(51)) - 19e67e26-3d21-4d01-be9f-29113a4a814c@group-BF1BD4D8076C->8c24ed06-386e-4085-8931-93c762a64530: nextIndex: updateUnconditionally 1 -> 0
2019-09-25 11:42:44,520 [grpc-default-executor-19] WARN  server.GrpcLogAppender (LogUtils.java:warn(134)) - 19e67e26-3d21-4d01-be9f-29113a4a814c@group-ADB1B60517AF->8c24ed06-386e-4085-8931-93c762a64530-AppendLogResponseHandler: Failed appendEntries: org.apache.ratis.thirdparty.io.grpc.StatusRuntimeException: CANCELLED: HTTP/2 error code: CANCEL
Received Rst Stream
2019-09-25 11:42:44,520 [grpc-default-executor-13] INFO  impl.FollowerInfo (FollowerInfo.java:lambda$new$0(51)) - a7d59ef6-3eca-4628-b097-12d983444e7f@group-6E9EB1C0F638->b7064b77-9271-4e94-8225-85d895886efb: nextIndex: updateUnconditionally 1 -> 0
2019-09-25 11:42:44,520 [grpc-default-executor-12] INFO  impl.FollowerInfo (FollowerInfo.java:lambda$new$0(51)) - a7d59ef6-3eca-4628-b097-12d983444e7f@group-F2E0294EDFC2->b7064b77-9271-4e94-8225-85d895886efb: nextIndex: updateUnconditionally 1 -> 0
2019-09-25 11:42:44,520 [grpc-default-executor-18] WARN  server.GrpcLogAppender (LogUtils.java:warn(134)) - a7d59ef6-3eca-4628-b097-12d983444e7f@group-47DBAAEC82C8->8c24ed06-386e-4085-8931-93c762a64530-AppendLogResponseHandler: Failed appendEntries: org.apache.ratis.thirdparty.io.grpc.StatusRuntimeException: CANCELLED: HTTP/2 error code: CANCEL
Received Rst Stream
2019-09-25 11:42:44,520 [grpc-default-executor-4] INFO  impl.FollowerInfo (FollowerInfo.java:lambda$new$0(51)) - d0888866-0bad-4f41-ad37-dccd4a57b958@group-DBE87B3B08CE->8c24ed06-386e-4085-8931-93c762a64530: nextIndex: updateUnconditionally 1 -> 0
2019-09-25 11:42:44,524 [grpc-default-executor-18] INFO  impl.FollowerInfo (FollowerInfo.java:lambda$new$0(51)) - a7d59ef6-3eca-4628-b097-12d983444e7f@group-47DBAAEC82C8->8c24ed06-386e-4085-8931-93c762a64530: nextIndex: updateUnconditionally 1 -> 0
2019-09-25 11:42:44,523 [refreshUsed-/workdir/hadoop-ozone/integration-test/target/test-dir/MiniOzoneClusterImpl-85c44edd-3ede-4f6a-a825-df7bd545a955/datanode-3/data/containers] WARN  fs.CachingGetSpaceUsed (CachingGetSpaceUsed.java:run(183)) - Thread Interrupted waiting to refresh disk information: sleep interrupted
2019-09-25 11:42:44,522 [grpc-default-executor-19] INFO  impl.FollowerInfo (FollowerInfo.java:lambda$new$0(51)) - 19e67e26-3d21-4d01-be9f-29113a4a814c@group-ADB1B60517AF->8c24ed06-386e-4085-8931-93c762a64530: nextIndex: updateUnconditionally 1 -> 0
2019-09-25 11:42:44,522 [grpc-default-executor-2] INFO  impl.FollowerInfo (FollowerInfo.java:lambda$new$0(51)) - a7d59ef6-3eca-4628-b097-12d983444e7f@group-47DBAAEC82C8->b7064b77-9271-4e94-8225-85d895886efb: nextIndex: updateUnconditionally 1 -> 0
2019-09-25 11:42:44,528 [refreshUsed-/workdir/hadoop-ozone/integration-test/target/test-dir/MiniOzoneClusterImpl-85c44edd-3ede-4f6a-a825-df7bd545a955/datanode-1/data/containers] WARN  fs.CachingGetSpaceUsed (CachingGetSpaceUsed.java:run(183)) - Thread Interrupted waiting to refresh disk information: sleep interrupted
2019-09-25 11:42:44,547 [main] INFO  utils.BackgroundService (BackgroundService.java:shutdown(148)) - Shutting down service BlockDeletingService
2019-09-25 11:42:44,549 [ForkJoinPool.commonPool-worker-1] INFO  utils.BackgroundService (BackgroundService.java:shutdown(148)) - Shutting down service BlockDeletingService
2019-09-25 11:42:44,554 [main] INFO  statemachine.DatanodeStateMachine (DatanodeStateMachine.java:stopDaemon(395)) - Ozone container server stopped.
2019-09-25 11:42:44,556 [ForkJoinPool.commonPool-worker-1] INFO  statemachine.DatanodeStateMachine (DatanodeStateMachine.java:stopDaemon(395)) - Ozone container server stopped.
2019-09-25 11:42:44,560 [main] INFO  handler.ContextHandler (ContextHandler.java:doStop(910)) - Stopped o.e.j.w.WebAppContext@176996c3{/,null,UNAVAILABLE}{/hddsDatanode}
2019-09-25 11:42:44,562 [ForkJoinPool.commonPool-worker-1] INFO  handler.ContextHandler (ContextHandler.java:doStop(910)) - Stopped o.e.j.w.WebAppContext@6e0c6a7a{/,null,UNAVAILABLE}{/hddsDatanode}
2019-09-25 11:42:44,562 [main] INFO  server.AbstractConnector (AbstractConnector.java:doStop(318)) - Stopped ServerConnector@411c6d44{HTTP/1.1,[http/1.1]}{0.0.0.0:0}
2019-09-25 11:42:44,563 [main] INFO  handler.ContextHandler (ContextHandler.java:doStop(910)) - Stopped o.e.j.s.ServletContextHandler@70972170{/static,jar:file:/home/user/.m2/repository/org/apache/hadoop/hadoop-hdds-container-service/0.5.0-SNAPSHOT/hadoop-hdds-container-service-0.5.0-SNAPSHOT.jar!/webapps/static,UNAVAILABLE}
2019-09-25 11:42:44,563 [ForkJoinPool.commonPool-worker-1] INFO  server.AbstractConnector (AbstractConnector.java:doStop(318)) - Stopped ServerConnector@467b684d{HTTP/1.1,[http/1.1]}{0.0.0.0:0}
2019-09-25 11:42:44,563 [main] INFO  handler.ContextHandler (ContextHandler.java:doStop(910)) - Stopped o.e.j.s.ServletContextHandler@3d4e405e{/logs,file:///workdir/hadoop-ozone/integration-test/target/log,UNAVAILABLE}
2019-09-25 11:42:44,565 [ForkJoinPool.commonPool-worker-1] INFO  handler.ContextHandler (ContextHandler.java:doStop(910)) - Stopped o.e.j.s.ServletContextHandler@3ee0b4f7{/static,jar:file:/home/user/.m2/repository/org/apache/hadoop/hadoop-hdds-container-service/0.5.0-SNAPSHOT/hadoop-hdds-container-service-0.5.0-SNAPSHOT.jar!/webapps/static,UNAVAILABLE}
2019-09-25 11:42:44,567 [ForkJoinPool.commonPool-worker-1] INFO  handler.ContextHandler (ContextHandler.java:doStop(910)) - Stopped o.e.j.s.ServletContextHandler@4f0f7849{/logs,file:///workdir/hadoop-ozone/integration-test/target/log,UNAVAILABLE}
2019-09-25 11:42:44,930 [Datanode State Machine Thread - 0] INFO  statemachine.DatanodeStateMachine (DatanodeStateMachine.java:lambda$startDaemon$0(350)) - Ozone container server started.
2019-09-25 11:42:45,066 [8c24ed06-386e-4085-8931-93c762a64530@group-B9DEF2EDD277:LeaderElection221] INFO  impl.LeaderElection (LeaderElection.java:askForVotes(182)) - 8c24ed06-386e-4085-8931-93c762a64530@group-B9DEF2EDD277:LeaderElection221: begin an election at term 9 for -1: [19e67e26-3d21-4d01-be9f-29113a4a814c:192.168.30.6:34535, 8c24ed06-386e-4085-8931-93c762a64530:192.168.30.6:32862, b7064b77-9271-4e94-8225-85d895886efb:192.168.30.6:41519], old=null
2019-09-25 11:42:45,066 [b7064b77-9271-4e94-8225-85d895886efb@group-282EF1BFFEE0:LeaderElection222] INFO  impl.LeaderElection (LeaderElection.java:askForVotes(182)) - b7064b77-9271-4e94-8225-85d895886efb@group-282EF1BFFEE0:LeaderElection222: begin an election at term 9 for -1: [d0888866-0bad-4f41-ad37-dccd4a57b958:192.168.30.6:45405, a7d59ef6-3eca-4628-b097-12d983444e7f:192.168.30.6:43486, b7064b77-9271-4e94-8225-85d895886efb:192.168.30.6:41519], old=null
2019-09-25 11:42:45,066 [19e67e26-3d21-4d01-be9f-29113a4a814c@group-B9DEF2EDD277:LeaderElection219] INFO  impl.LeaderElection (LeaderElection.java:askForVotes(182)) - 19e67e26-3d21-4d01-be9f-29113a4a814c@group-B9DEF2EDD277:LeaderElection219: begin an election at term 9 for -1: [19e67e26-3d21-4d01-be9f-29113a4a814c:192.168.30.6:34535, 8c24ed06-386e-4085-8931-93c762a64530:192.168.30.6:32862, b7064b77-9271-4e94-8225-85d895886efb:192.168.30.6:41519], old=null
2019-09-25 11:42:45,066 [d0888866-0bad-4f41-ad37-dccd4a57b958@group-282EF1BFFEE0:LeaderElection223] INFO  impl.LeaderElection (LeaderElection.java:askForVotes(182)) - d0888866-0bad-4f41-ad37-dccd4a57b958@group-282EF1BFFEE0:LeaderElection223: begin an election at term 9 for -1: [d0888866-0bad-4f41-ad37-dccd4a57b958:192.168.30.6:45405, a7d59ef6-3eca-4628-b097-12d983444e7f:192.168.30.6:43486, b7064b77-9271-4e94-8225-85d895886efb:192.168.30.6:41519], old=null
2019-09-25 11:42:45,066 [b7064b77-9271-4e94-8225-85d895886efb@group-B9DEF2EDD277:LeaderElection220] INFO  impl.LeaderElection (LeaderElection.java:askForVotes(182)) - b7064b77-9271-4e94-8225-85d895886efb@group-B9DEF2EDD277:LeaderElection220: begin an election at term 9 for -1: [19e67e26-3d21-4d01-be9f-29113a4a814c:192.168.30.6:34535, 8c24ed06-386e-4085-8931-93c762a64530:192.168.30.6:32862, b7064b77-9271-4e94-8225-85d895886efb:192.168.30.6:41519], old=null
2019-09-25 11:42:45,067 [b7064b77-9271-4e94-8225-85d895886efb@group-282EF1BFFEE0:LeaderElection222] INFO  impl.LeaderElection (LogUtils.java:infoOrTrace(149)) - Failed b7064b77-9271-4e94-8225-85d895886efb@group-282EF1BFFEE0:LeaderElection222, state=CLOSING: {}
java.lang.IllegalArgumentException: b7064b77-9271-4e94-8225-85d895886efb@group-282EF1BFFEE0-SegmentedRaftLog is expected to be opened but it is CLOSED
	at org.apache.ratis.util.OpenCloseState.assertOpen(OpenCloseState.java:63)
	at org.apache.ratis.server.raftlog.RaftLog.checkLogState(RaftLog.java:102)
	at org.apache.ratis.server.raftlog.segmented.SegmentedRaftLog.getLastEntryTermIndex(SegmentedRaftLog.java:324)
	at org.apache.ratis.server.impl.LeaderElection.askForVotes(LeaderElection.java:184)
	at org.apache.ratis.server.impl.LeaderElection.run(LeaderElection.java:133)
	at java.lang.Thread.run(Thread.java:748)
Caused by: org.apache.ratis.util.OpenCloseState$CloseTrace: Close b7064b77-9271-4e94-8225-85d895886efb@group-282EF1BFFEE0-SegmentedRaftLog
	at org.apache.ratis.util.OpenCloseState.lambda$close$1(OpenCloseState.java:109)
	at java.util.concurrent.atomic.AtomicReference.getAndUpdate(AtomicReference.java:160)
	at org.apache.ratis.util.OpenCloseState.close(OpenCloseState.java:109)
	at org.apache.ratis.server.raftlog.RaftLog.close(RaftLog.java:437)
	at org.apache.ratis.server.raftlog.segmented.SegmentedRaftLog.close(SegmentedRaftLog.java:476)
	at org.apache.ratis.server.impl.ServerState.close(ServerState.java:387)
	at org.apache.ratis.server.impl.RaftServerImpl.lambda$shutdown$3(RaftServerImpl.java:273)
	at org.apache.ratis.util.LifeCycle.lambda$checkStateAndClose$2(LifeCycle.java:231)
	at org.apache.ratis.util.LifeCycle.checkStateAndClose(LifeCycle.java:251)
	at org.apache.ratis.util.LifeCycle.checkStateAndClose(LifeCycle.java:229)
	at org.apache.ratis.server.impl.RaftServerImpl.shutdown(RaftServerImpl.java:250)
	at org.apache.ratis.server.impl.RaftServerProxy$ImplMap.lambda$close$0(RaftServerProxy.java:107)
	at java.util.stream.ForEachOps$ForEachOp$OfRef.accept(ForEachOps.java:184)
	at java.util.stream.ReferencePipeline$3$1.accept(ReferencePipeline.java:193)
	at java.util.concurrent.ConcurrentHashMap$ValueSpliterator.forEachRemaining(ConcurrentHashMap.java:3566)
	at java.util.stream.AbstractPipeline.copyInto(AbstractPipeline.java:482)
	at java.util.stream.ForEachOps$ForEachTask.compute(ForEachOps.java:291)
	at java.util.concurrent.CountedCompleter.exec(CountedCompleter.java:731)
	at java.util.concurrent.ForkJoinTask.doExec(ForkJoinTask.java:289)
	at java.util.concurrent.ForkJoinTask.doInvoke(ForkJoinTask.java:401)
	at java.util.concurrent.ForkJoinTask.invoke(ForkJoinTask.java:734)
	at java.util.stream.ForEachOps$ForEachOp.evaluateParallel(ForEachOps.java:160)
	at java.util.stream.ForEachOps$ForEachOp$OfRef.evaluateParallel(ForEachOps.java:174)
	at java.util.stream.AbstractPipeline.evaluate(AbstractPipeline.java:233)
	at java.util.stream.ReferencePipeline.forEach(ReferencePipeline.java:418)
	at org.apache.ratis.server.impl.RaftServerProxy$ImplMap.close(RaftServerProxy.java:107)
	at org.apache.ratis.server.impl.RaftServerProxy.lambda$close$4(RaftServerProxy.java:315)
	at org.apache.ratis.util.LifeCycle.lambda$checkStateAndClose$2(LifeCycle.java:231)
	at org.apache.ratis.util.LifeCycle.checkStateAndClose(LifeCycle.java:251)
	at org.apache.ratis.util.LifeCycle.checkStateAndClose(LifeCycle.java:229)
	at org.apache.ratis.server.impl.RaftServerProxy.close(RaftServerProxy.java:313)
	at org.apache.hadoop.ozone.container.common.transport.server.ratis.XceiverServerRatis.stop(XceiverServerRatis.java:441)
	at org.apache.hadoop.ozone.container.ozoneimpl.OzoneContainer.stop(OzoneContainer.java:233)
	at org.apache.hadoop.ozone.container.common.statemachine.DatanodeStateMachine.close(DatanodeStateMachine.java:270)
	at org.apache.hadoop.ozone.container.common.statemachine.DatanodeStateMachine.stopDaemon(DatanodeStateMachine.java:394)
	at org.apache.hadoop.ozone.HddsDatanodeService.stop(HddsDatanodeService.java:457)
	at org.apache.hadoop.ozone.MiniOzoneClusterImpl.stopDatanode(MiniOzoneClusterImpl.java:385)
	at java.util.stream.ForEachOps$ForEachOp$OfRef.accept(ForEachOps.java:184)
	at java.util.ArrayList$ArrayListSpliterator.forEachRemaining(ArrayList.java:1382)
	at java.util.stream.AbstractPipeline.copyInto(AbstractPipeline.java:482)
	at java.util.stream.ForEachOps$ForEachTask.compute(ForEachOps.java:291)
	at java.util.concurrent.CountedCompleter.exec(CountedCompleter.java:731)
	at java.util.concurrent.ForkJoinTask.doExec(ForkJoinTask.java:289)
	at java.util.concurrent.ForkJoinPool$WorkQueue.runTask(ForkJoinPool.java:1056)
	at java.util.concurrent.ForkJoinPool.runWorker(ForkJoinPool.java:1692)
	at java.util.concurrent.ForkJoinWorkerThread.run(ForkJoinWorkerThread.java:157)
2019-09-25 11:42:45,067 [8c24ed06-386e-4085-8931-93c762a64530@group-B9DEF2EDD277:LeaderElection221] INFO  impl.LeaderElection (LogUtils.java:infoOrTrace(149)) - Failed 8c24ed06-386e-4085-8931-93c762a64530@group-B9DEF2EDD277:LeaderElection221, state=CLOSING: {}
java.lang.IllegalArgumentException: 8c24ed06-386e-4085-8931-93c762a64530@group-B9DEF2EDD277-SegmentedRaftLog is expected to be opened but it is CLOSED
	at org.apache.ratis.util.OpenCloseState.assertOpen(OpenCloseState.java:63)
	at org.apache.ratis.server.raftlog.RaftLog.checkLogState(RaftLog.java:102)
	at org.apache.ratis.server.raftlog.segmented.SegmentedRaftLog.getLastEntryTermIndex(SegmentedRaftLog.java:324)
	at org.apache.ratis.server.impl.LeaderElection.askForVotes(LeaderElection.java:184)
	at org.apache.ratis.server.impl.LeaderElection.run(LeaderElection.java:133)
	at java.lang.Thread.run(Thread.java:748)
Caused by: org.apache.ratis.util.OpenCloseState$CloseTrace: Close 8c24ed06-386e-4085-8931-93c762a64530@group-B9DEF2EDD277-SegmentedRaftLog
	at org.apache.ratis.util.OpenCloseState.lambda$close$1(OpenCloseState.java:109)
	at java.util.concurrent.atomic.AtomicReference.getAndUpdate(AtomicReference.java:160)
	at org.apache.ratis.util.OpenCloseState.close(OpenCloseState.java:109)
	at org.apache.ratis.server.raftlog.RaftLog.close(RaftLog.java:437)
	at org.apache.ratis.server.raftlog.segmented.SegmentedRaftLog.close(SegmentedRaftLog.java:476)
	at org.apache.ratis.server.impl.ServerState.close(ServerState.java:387)
	at org.apache.ratis.server.impl.RaftServerImpl.lambda$shutdown$3(RaftServerImpl.java:273)
	at org.apache.ratis.util.LifeCycle.lambda$checkStateAndClose$2(LifeCycle.java:231)
	at org.apache.ratis.util.LifeCycle.checkStateAndClose(LifeCycle.java:251)
	at org.apache.ratis.util.LifeCycle.checkStateAndClose(LifeCycle.java:229)
	at org.apache.ratis.server.impl.RaftServerImpl.shutdown(RaftServerImpl.java:250)
	at org.apache.ratis.server.impl.RaftServerProxy$ImplMap.lambda$close$0(RaftServerProxy.java:107)
	at java.util.stream.ForEachOps$ForEachOp$OfRef.accept(ForEachOps.java:184)
	at java.util.stream.ReferencePipeline$3$1.accept(ReferencePipeline.java:193)
	at java.util.concurrent.ConcurrentHashMap$ValueSpliterator.forEachRemaining(ConcurrentHashMap.java:3566)
	at java.util.stream.AbstractPipeline.copyInto(AbstractPipeline.java:482)
	at java.util.stream.ForEachOps$ForEachTask.compute(ForEachOps.java:291)
	at java.util.concurrent.CountedCompleter.exec(CountedCompleter.java:731)
	at java.util.concurrent.ForkJoinTask.doExec(ForkJoinTask.java:289)
	at java.util.concurrent.ForkJoinPool.helpComplete(ForkJoinPool.java:1870)
	at java.util.concurrent.ForkJoinPool.externalHelpComplete(ForkJoinPool.java:2467)
	at java.util.concurrent.ForkJoinTask.externalAwaitDone(ForkJoinTask.java:324)
	at java.util.concurrent.ForkJoinTask.doInvoke(ForkJoinTask.java:405)
	at java.util.concurrent.ForkJoinTask.invoke(ForkJoinTask.java:734)
	at java.util.stream.ForEachOps$ForEachOp.evaluateParallel(ForEachOps.java:160)
	at java.util.stream.ForEachOps$ForEachOp$OfRef.evaluateParallel(ForEachOps.java:174)
	at java.util.stream.AbstractPipeline.evaluate(AbstractPipeline.java:233)
	at java.util.stream.ReferencePipeline.forEach(ReferencePipeline.java:418)
	at org.apache.ratis.server.impl.RaftServerProxy$ImplMap.close(RaftServerProxy.java:107)
	at org.apache.ratis.server.impl.RaftServerProxy.lambda$close$4(RaftServerProxy.java:315)
	at org.apache.ratis.util.LifeCycle.lambda$checkStateAndClose$2(LifeCycle.java:231)
	at org.apache.ratis.util.LifeCycle.checkStateAndClose(LifeCycle.java:251)
	at org.apache.ratis.util.LifeCycle.checkStateAndClose(LifeCycle.java:229)
	at org.apache.ratis.server.impl.RaftServerProxy.close(RaftServerProxy.java:313)
	at org.apache.hadoop.ozone.container.common.transport.server.ratis.XceiverServerRatis.stop(XceiverServerRatis.java:441)
	at org.apache.hadoop.ozone.container.ozoneimpl.OzoneContainer.stop(OzoneContainer.java:233)
	at org.apache.hadoop.ozone.container.common.statemachine.DatanodeStateMachine.close(DatanodeStateMachine.java:270)
	at org.apache.hadoop.ozone.container.common.statemachine.DatanodeStateMachine.stopDaemon(DatanodeStateMachine.java:394)
	at org.apache.hadoop.ozone.HddsDatanodeService.stop(HddsDatanodeService.java:457)
	at org.apache.hadoop.ozone.MiniOzoneClusterImpl.stopDatanode(MiniOzoneClusterImpl.java:385)
	at java.util.stream.ForEachOps$ForEachOp$OfRef.accept(ForEachOps.java:184)
	at java.util.ArrayList$ArrayListSpliterator.forEachRemaining(ArrayList.java:1382)
	at java.util.stream.AbstractPipeline.copyInto(AbstractPipeline.java:482)
	at java.util.stream.ForEachOps$ForEachTask.compute(ForEachOps.java:291)
	at java.util.concurrent.CountedCompleter.exec(CountedCompleter.java:731)
	at java.util.concurrent.ForkJoinTask.doExec(ForkJoinTask.java:289)
	at java.util.concurrent.ForkJoinTask.doInvoke(ForkJoinTask.java:401)
	at java.util.concurrent.ForkJoinTask.invoke(ForkJoinTask.java:734)
	at java.util.stream.ForEachOps$ForEachOp.evaluateParallel(ForEachOps.java:160)
	at java.util.stream.ForEachOps$ForEachOp$OfRef.evaluateParallel(ForEachOps.java:174)
	at java.util.stream.AbstractPipeline.evaluate(AbstractPipeline.java:233)
	at java.util.stream.ReferencePipeline.forEach(ReferencePipeline.java:418)
	at java.util.stream.ReferencePipeline$Head.forEach(ReferencePipeline.java:583)
	at org.apache.hadoop.ozone.MiniOzoneClusterImpl.stopDatanodes(MiniOzoneClusterImpl.java:379)
	at org.apache.hadoop.ozone.MiniOzoneClusterImpl.stop(MiniOzoneClusterImpl.java:332)
	at org.apache.hadoop.ozone.MiniOzoneClusterImpl.shutdown(MiniOzoneClusterImpl.java:319)
	at org.apache.hadoop.hdds.scm.safemode.TestSCMSafeModeWithPipelineRules.tearDown(TestSCMSafeModeWithPipelineRules.java:182)
	at sun.reflect.NativeMethodAccessorImpl.invoke0(Native Method)
	at sun.reflect.NativeMethodAccessorImpl.invoke(NativeMethodAccessorImpl.java:62)
	at sun.reflect.DelegatingMethodAccessorImpl.invoke(DelegatingMethodAccessorImpl.java:43)
	at java.lang.reflect.Method.invoke(Method.java:498)
	at org.junit.runners.model.FrameworkMethod$1.runReflectiveCall(FrameworkMethod.java:47)
	at org.junit.internal.runners.model.ReflectiveCallable.run(ReflectiveCallable.java:12)
	at org.junit.runners.model.FrameworkMethod.invokeExplosively(FrameworkMethod.java:44)
	at org.junit.internal.runners.statements.RunAfters.evaluate(RunAfters.java:33)
	at org.junit.rules.ExternalResource$1.evaluate(ExternalResource.java:48)
	at org.junit.rules.RunRules.evaluate(RunRules.java:20)
	at org.junit.runners.ParentRunner.runLeaf(ParentRunner.java:271)
	at org.junit.runners.BlockJUnit4ClassRunner.runChild(BlockJUnit4ClassRunner.java:70)
	at org.junit.runners.BlockJUnit4ClassRunner.runChild(BlockJUnit4ClassRunner.java:50)
	at org.junit.runners.ParentRunner$3.run(ParentRunner.java:238)
	at org.junit.runners.ParentRunner$1.schedule(ParentRunner.java:63)
	at org.junit.runners.ParentRunner.runChildren(ParentRunner.java:236)
	at org.junit.runners.ParentRunner.access$000(ParentRunner.java:53)
	at org.junit.runners.ParentRunner$2.evaluate(ParentRunner.java:229)
	at org.junit.runners.ParentRunner.run(ParentRunner.java:309)
	at org.apache.maven.surefire.junit4.JUnit4Provider.execute(JUnit4Provider.java:365)
	at org.apache.maven.surefire.junit4.JUnit4Provider.executeWithRerun(JUnit4Provider.java:273)
	at org.apache.maven.surefire.junit4.JUnit4Provider.executeTestSet(JUnit4Provider.java:238)
	at org.apache.maven.surefire.junit4.JUnit4Provider.invoke(JUnit4Provider.java:159)
	at org.apache.maven.surefire.booter.ForkedBooter.invokeProviderInSameClassLoader(ForkedBooter.java:384)
	at org.apache.maven.surefire.booter.ForkedBooter.runSuitesInProcess(ForkedBooter.java:345)
	at org.apache.maven.surefire.booter.ForkedBooter.execute(ForkedBooter.java:126)
	at org.apache.maven.surefire.booter.ForkedBooter.main(ForkedBooter.java:418)
2019-09-25 11:42:45,075 [8c24ed06-386e-4085-8931-93c762a64530@group-B9DEF2EDD277:LeaderElection221] INFO  impl.LeaderElection (LeaderElection.java:run(140)) - 8c24ed06-386e-4085-8931-93c762a64530@group-B9DEF2EDD277:LeaderElection221: IllegalArgumentException is safely ignored since this is already CLOSING
2019-09-25 11:42:45,067 [b7064b77-9271-4e94-8225-85d895886efb@group-B9DEF2EDD277:LeaderElection220] INFO  impl.LeaderElection (LogUtils.java:infoOrTrace(149)) - Failed b7064b77-9271-4e94-8225-85d895886efb@group-B9DEF2EDD277:LeaderElection220, state=CLOSING: {}
java.lang.IllegalArgumentException: b7064b77-9271-4e94-8225-85d895886efb@group-B9DEF2EDD277-SegmentedRaftLog is expected to be opened but it is CLOSED
	at org.apache.ratis.util.OpenCloseState.assertOpen(OpenCloseState.java:63)
	at org.apache.ratis.server.raftlog.RaftLog.checkLogState(RaftLog.java:102)
	at org.apache.ratis.server.raftlog.segmented.SegmentedRaftLog.getLastEntryTermIndex(SegmentedRaftLog.java:324)
	at org.apache.ratis.server.impl.LeaderElection.askForVotes(LeaderElection.java:184)
	at org.apache.ratis.server.impl.LeaderElection.run(LeaderElection.java:133)
	at java.lang.Thread.run(Thread.java:748)
Caused by: org.apache.ratis.util.OpenCloseState$CloseTrace: Close b7064b77-9271-4e94-8225-85d895886efb@group-B9DEF2EDD277-SegmentedRaftLog
	at org.apache.ratis.util.OpenCloseState.lambda$close$1(OpenCloseState.java:109)
	at java.util.concurrent.atomic.AtomicReference.getAndUpdate(AtomicReference.java:160)
	at org.apache.ratis.util.OpenCloseState.close(OpenCloseState.java:109)
	at org.apache.ratis.server.raftlog.RaftLog.close(RaftLog.java:437)
	at org.apache.ratis.server.raftlog.segmented.SegmentedRaftLog.close(SegmentedRaftLog.java:476)
	at org.apache.ratis.server.impl.ServerState.close(ServerState.java:387)
	at org.apache.ratis.server.impl.RaftServerImpl.lambda$shutdown$3(RaftServerImpl.java:273)
	at org.apache.ratis.util.LifeCycle.lambda$checkStateAndClose$2(LifeCycle.java:231)
	at org.apache.ratis.util.LifeCycle.checkStateAndClose(LifeCycle.java:251)
	at org.apache.ratis.util.LifeCycle.checkStateAndClose(LifeCycle.java:229)
	at org.apache.ratis.server.impl.RaftServerImpl.shutdown(RaftServerImpl.java:250)
	at org.apache.ratis.server.impl.RaftServerProxy$ImplMap.lambda$close$0(RaftServerProxy.java:107)
	at java.util.stream.ForEachOps$ForEachOp$OfRef.accept(ForEachOps.java:184)
	at java.util.stream.ReferencePipeline$3$1.accept(ReferencePipeline.java:193)
	at java.util.concurrent.ConcurrentHashMap$ValueSpliterator.forEachRemaining(ConcurrentHashMap.java:3566)
	at java.util.stream.AbstractPipeline.copyInto(AbstractPipeline.java:482)
	at java.util.stream.ForEachOps$ForEachTask.compute(ForEachOps.java:291)
	at java.util.concurrent.CountedCompleter.exec(CountedCompleter.java:731)
	at java.util.concurrent.ForkJoinTask.doExec(ForkJoinTask.java:289)
	at java.util.concurrent.ForkJoinPool.helpComplete(ForkJoinPool.java:1870)
	at java.util.concurrent.ForkJoinPool.awaitJoin(ForkJoinPool.java:2045)
	at java.util.concurrent.ForkJoinTask.doInvoke(ForkJoinTask.java:404)
	at java.util.concurrent.ForkJoinTask.invoke(ForkJoinTask.java:734)
	at java.util.stream.ForEachOps$ForEachOp.evaluateParallel(ForEachOps.java:160)
	at java.util.stream.ForEachOps$ForEachOp$OfRef.evaluateParallel(ForEachOps.java:174)
	at java.util.stream.AbstractPipeline.evaluate(AbstractPipeline.java:233)
	at java.util.stream.ReferencePipeline.forEach(ReferencePipeline.java:418)
	at org.apache.ratis.server.impl.RaftServerProxy$ImplMap.close(RaftServerProxy.java:107)
	at org.apache.ratis.server.impl.RaftServerProxy.lambda$close$4(RaftServerProxy.java:315)
	at org.apache.ratis.util.LifeCycle.lambda$checkStateAndClose$2(LifeCycle.java:231)
	at org.apache.ratis.util.LifeCycle.checkStateAndClose(LifeCycle.java:251)
	at org.apache.ratis.util.LifeCycle.checkStateAndClose(LifeCycle.java:229)
	at org.apache.ratis.server.impl.RaftServerProxy.close(RaftServerProxy.java:313)
	at org.apache.hadoop.ozone.container.common.transport.server.ratis.XceiverServerRatis.stop(XceiverServerRatis.java:441)
	at org.apache.hadoop.ozone.container.ozoneimpl.OzoneContainer.stop(OzoneContainer.java:233)
	at org.apache.hadoop.ozone.container.common.statemachine.DatanodeStateMachine.close(DatanodeStateMachine.java:270)
	at org.apache.hadoop.ozone.container.common.statemachine.DatanodeStateMachine.stopDaemon(DatanodeStateMachine.java:394)
	at org.apache.hadoop.ozone.HddsDatanodeService.stop(HddsDatanodeService.java:457)
	at org.apache.hadoop.ozone.MiniOzoneClusterImpl.stopDatanode(MiniOzoneClusterImpl.java:385)
	at java.util.stream.ForEachOps$ForEachOp$OfRef.accept(ForEachOps.java:184)
	at java.util.ArrayList$ArrayListSpliterator.forEachRemaining(ArrayList.java:1382)
	at java.util.stream.AbstractPipeline.copyInto(AbstractPipeline.java:482)
	at java.util.stream.ForEachOps$ForEachTask.compute(ForEachOps.java:291)
	at java.util.concurrent.CountedCompleter.exec(CountedCompleter.java:731)
	at java.util.concurrent.ForkJoinTask.doExec(ForkJoinTask.java:289)
	at java.util.concurrent.ForkJoinPool$WorkQueue.runTask(ForkJoinPool.java:1056)
	at java.util.concurrent.ForkJoinPool.runWorker(ForkJoinPool.java:1692)
	at java.util.concurrent.ForkJoinWorkerThread.run(ForkJoinWorkerThread.java:157)
2019-09-25 11:42:45,078 [b7064b77-9271-4e94-8225-85d895886efb@group-B9DEF2EDD277:LeaderElection220] INFO  impl.LeaderElection (LeaderElection.java:run(140)) - b7064b77-9271-4e94-8225-85d895886efb@group-B9DEF2EDD277:LeaderElection220: IllegalArgumentException is safely ignored since this is already CLOSING
2019-09-25 11:42:45,071 [b7064b77-9271-4e94-8225-85d895886efb@group-282EF1BFFEE0:LeaderElection222] INFO  impl.LeaderElection (LeaderElection.java:run(140)) - b7064b77-9271-4e94-8225-85d895886efb@group-282EF1BFFEE0:LeaderElection222: IllegalArgumentException is safely ignored since this is already CLOSING
2019-09-25 11:42:45,085 [d0888866-0bad-4f41-ad37-dccd4a57b958@group-282EF1BFFEE0:LeaderElection223] INFO  impl.LeaderElection (LogUtils.java:infoOrTrace(149)) - d0888866-0bad-4f41-ad37-dccd4a57b958@group-282EF1BFFEE0:LeaderElection223 got exception when requesting votes: {}
java.util.concurrent.ExecutionException: org.apache.ratis.thirdparty.io.grpc.StatusRuntimeException: UNAVAILABLE: io exception
	at java.util.concurrent.FutureTask.report(FutureTask.java:122)
	at java.util.concurrent.FutureTask.get(FutureTask.java:192)
	at org.apache.ratis.server.impl.LeaderElection.waitForResults(LeaderElection.java:263)
	at org.apache.ratis.server.impl.LeaderElection.askForVotes(LeaderElection.java:201)
	at org.apache.ratis.server.impl.LeaderElection.run(LeaderElection.java:133)
	at java.lang.Thread.run(Thread.java:748)
Caused by: org.apache.ratis.thirdparty.io.grpc.StatusRuntimeException: UNAVAILABLE: io exception
	at org.apache.ratis.thirdparty.io.grpc.stub.ClientCalls.toStatusRuntimeException(ClientCalls.java:233)
	at org.apache.ratis.thirdparty.io.grpc.stub.ClientCalls.getUnchecked(ClientCalls.java:214)
	at org.apache.ratis.thirdparty.io.grpc.stub.ClientCalls.blockingUnaryCall(ClientCalls.java:139)
	at org.apache.ratis.proto.grpc.RaftServerProtocolServiceGrpc$RaftServerProtocolServiceBlockingStub.requestVote(RaftServerProtocolServiceGrpc.java:265)
	at org.apache.ratis.grpc.server.GrpcServerProtocolClient.requestVote(GrpcServerProtocolClient.java:90)
	at org.apache.ratis.grpc.server.GrpcService.requestVote(GrpcService.java:204)
	at org.apache.ratis.server.impl.LeaderElection.lambda$submitRequests$1(LeaderElection.java:238)
	at java.util.concurrent.FutureTask.run(FutureTask.java:266)
	at java.util.concurrent.Executors$RunnableAdapter.call(Executors.java:511)
	at java.util.concurrent.FutureTask.run(FutureTask.java:266)
	at java.util.concurrent.ThreadPoolExecutor.runWorker(ThreadPoolExecutor.java:1149)
	at java.util.concurrent.ThreadPoolExecutor$Worker.run(ThreadPoolExecutor.java:624)
	... 1 more
Caused by: org.apache.ratis.thirdparty.io.netty.channel.AbstractChannel$AnnotatedConnectException: Connection refused: /192.168.30.6:41519
	at sun.nio.ch.SocketChannelImpl.checkConnect(Native Method)
	at sun.nio.ch.SocketChannelImpl.finishConnect(SocketChannelImpl.java:717)
	at org.apache.ratis.thirdparty.io.netty.channel.socket.nio.NioSocketChannel.doFinishConnect(NioSocketChannel.java:327)
	at org.apache.ratis.thirdparty.io.netty.channel.nio.AbstractNioChannel$AbstractNioUnsafe.finishConnect(AbstractNioChannel.java:340)
	at org.apache.ratis.thirdparty.io.netty.channel.nio.NioEventLoop.processSelectedKey(NioEventLoop.java:632)
	at org.apache.ratis.thirdparty.io.netty.channel.nio.NioEventLoop.processSelectedKeysOptimized(NioEventLoop.java:579)
	at org.apache.ratis.thirdparty.io.netty.channel.nio.NioEventLoop.processSelectedKeys(NioEventLoop.java:496)
	at org.apache.ratis.thirdparty.io.netty.channel.nio.NioEventLoop.run(NioEventLoop.java:458)
	at org.apache.ratis.thirdparty.io.netty.util.concurrent.SingleThreadEventExecutor$5.run(SingleThreadEventExecutor.java:897)
	at org.apache.ratis.thirdparty.io.netty.util.concurrent.FastThreadLocalRunnable.run(FastThreadLocalRunnable.java:30)
	... 1 more
Caused by: java.net.ConnectException: Connection refused
	... 11 more
2019-09-25 11:42:45,085 [19e67e26-3d21-4d01-be9f-29113a4a814c@group-B9DEF2EDD277:LeaderElection219] INFO  impl.LeaderElection (LogUtils.java:infoOrTrace(149)) - 19e67e26-3d21-4d01-be9f-29113a4a814c@group-B9DEF2EDD277:LeaderElection219 got exception when requesting votes: {}
java.util.concurrent.ExecutionException: org.apache.ratis.thirdparty.io.grpc.StatusRuntimeException: UNAVAILABLE: io exception
	at java.util.concurrent.FutureTask.report(FutureTask.java:122)
	at java.util.concurrent.FutureTask.get(FutureTask.java:192)
	at org.apache.ratis.server.impl.LeaderElection.waitForResults(LeaderElection.java:263)
	at org.apache.ratis.server.impl.LeaderElection.askForVotes(LeaderElection.java:201)
	at org.apache.ratis.server.impl.LeaderElection.run(LeaderElection.java:133)
	at java.lang.Thread.run(Thread.java:748)
Caused by: org.apache.ratis.thirdparty.io.grpc.StatusRuntimeException: UNAVAILABLE: io exception
	at org.apache.ratis.thirdparty.io.grpc.stub.ClientCalls.toStatusRuntimeException(ClientCalls.java:233)
	at org.apache.ratis.thirdparty.io.grpc.stub.ClientCalls.getUnchecked(ClientCalls.java:214)
	at org.apache.ratis.thirdparty.io.grpc.stub.ClientCalls.blockingUnaryCall(ClientCalls.java:139)
	at org.apache.ratis.proto.grpc.RaftServerProtocolServiceGrpc$RaftServerProtocolServiceBlockingStub.requestVote(RaftServerProtocolServiceGrpc.java:265)
	at org.apache.ratis.grpc.server.GrpcServerProtocolClient.requestVote(GrpcServerProtocolClient.java:90)
	at org.apache.ratis.grpc.server.GrpcService.requestVote(GrpcService.java:204)
	at org.apache.ratis.server.impl.LeaderElection.lambda$submitRequests$1(LeaderElection.java:238)
	at java.util.concurrent.FutureTask.run(FutureTask.java:266)
	at java.util.concurrent.Executors$RunnableAdapter.call(Executors.java:511)
	at java.util.concurrent.FutureTask.run(FutureTask.java:266)
	at java.util.concurrent.ThreadPoolExecutor.runWorker(ThreadPoolExecutor.java:1149)
	at java.util.concurrent.ThreadPoolExecutor$Worker.run(ThreadPoolExecutor.java:624)
	... 1 more
Caused by: org.apache.ratis.thirdparty.io.netty.channel.AbstractChannel$AnnotatedConnectException: Connection refused: /192.168.30.6:41519
	at sun.nio.ch.SocketChannelImpl.checkConnect(Native Method)
	at sun.nio.ch.SocketChannelImpl.finishConnect(SocketChannelImpl.java:717)
	at org.apache.ratis.thirdparty.io.netty.channel.socket.nio.NioSocketChannel.doFinishConnect(NioSocketChannel.java:327)
	at org.apache.ratis.thirdparty.io.netty.channel.nio.AbstractNioChannel$AbstractNioUnsafe.finishConnect(AbstractNioChannel.java:340)
	at org.apache.ratis.thirdparty.io.netty.channel.nio.NioEventLoop.processSelectedKey(NioEventLoop.java:632)
	at org.apache.ratis.thirdparty.io.netty.channel.nio.NioEventLoop.processSelectedKeysOptimized(NioEventLoop.java:579)
	at org.apache.ratis.thirdparty.io.netty.channel.nio.NioEventLoop.processSelectedKeys(NioEventLoop.java:496)
	at org.apache.ratis.thirdparty.io.netty.channel.nio.NioEventLoop.run(NioEventLoop.java:458)
	at org.apache.ratis.thirdparty.io.netty.util.concurrent.SingleThreadEventExecutor$5.run(SingleThreadEventExecutor.java:897)
	at org.apache.ratis.thirdparty.io.netty.util.concurrent.FastThreadLocalRunnable.run(FastThreadLocalRunnable.java:30)
	... 1 more
Caused by: java.net.ConnectException: Connection refused
	... 11 more
2019-09-25 11:42:45,090 [19e67e26-3d21-4d01-be9f-29113a4a814c@group-B9DEF2EDD277:LeaderElection219] INFO  impl.LeaderElection (LogUtils.java:infoOrTrace(149)) - 19e67e26-3d21-4d01-be9f-29113a4a814c@group-B9DEF2EDD277:LeaderElection219 got exception when requesting votes: {}
java.util.concurrent.ExecutionException: org.apache.ratis.thirdparty.io.grpc.StatusRuntimeException: UNAVAILABLE: io exception
	at java.util.concurrent.FutureTask.report(FutureTask.java:122)
	at java.util.concurrent.FutureTask.get(FutureTask.java:192)
	at org.apache.ratis.server.impl.LeaderElection.waitForResults(LeaderElection.java:263)
	at org.apache.ratis.server.impl.LeaderElection.askForVotes(LeaderElection.java:201)
	at org.apache.ratis.server.impl.LeaderElection.run(LeaderElection.java:133)
	at java.lang.Thread.run(Thread.java:748)
Caused by: org.apache.ratis.thirdparty.io.grpc.StatusRuntimeException: UNAVAILABLE: io exception
	at org.apache.ratis.thirdparty.io.grpc.stub.ClientCalls.toStatusRuntimeException(ClientCalls.java:233)
	at org.apache.ratis.thirdparty.io.grpc.stub.ClientCalls.getUnchecked(ClientCalls.java:214)
	at org.apache.ratis.thirdparty.io.grpc.stub.ClientCalls.blockingUnaryCall(ClientCalls.java:139)
	at org.apache.ratis.proto.grpc.RaftServerProtocolServiceGrpc$RaftServerProtocolServiceBlockingStub.requestVote(RaftServerProtocolServiceGrpc.java:265)
	at org.apache.ratis.grpc.server.GrpcServerProtocolClient.requestVote(GrpcServerProtocolClient.java:90)
	at org.apache.ratis.grpc.server.GrpcService.requestVote(GrpcService.java:204)
	at org.apache.ratis.server.impl.LeaderElection.lambda$submitRequests$1(LeaderElection.java:238)
	at java.util.concurrent.FutureTask.run(FutureTask.java:266)
	at java.util.concurrent.Executors$RunnableAdapter.call(Executors.java:511)
	at java.util.concurrent.FutureTask.run(FutureTask.java:266)
	at java.util.concurrent.ThreadPoolExecutor.runWorker(ThreadPoolExecutor.java:1149)
	at java.util.concurrent.ThreadPoolExecutor$Worker.run(ThreadPoolExecutor.java:624)
	... 1 more
Caused by: org.apache.ratis.thirdparty.io.netty.channel.AbstractChannel$AnnotatedConnectException: Connection refused: /192.168.30.6:32862
	at sun.nio.ch.SocketChannelImpl.checkConnect(Native Method)
	at sun.nio.ch.SocketChannelImpl.finishConnect(SocketChannelImpl.java:717)
	at org.apache.ratis.thirdparty.io.netty.channel.socket.nio.NioSocketChannel.doFinishConnect(NioSocketChannel.java:327)
	at org.apache.ratis.thirdparty.io.netty.channel.nio.AbstractNioChannel$AbstractNioUnsafe.finishConnect(AbstractNioChannel.java:340)
	at org.apache.ratis.thirdparty.io.netty.channel.nio.NioEventLoop.processSelectedKey(NioEventLoop.java:632)
	at org.apache.ratis.thirdparty.io.netty.channel.nio.NioEventLoop.processSelectedKeysOptimized(NioEventLoop.java:579)
	at org.apache.ratis.thirdparty.io.netty.channel.nio.NioEventLoop.processSelectedKeys(NioEventLoop.java:496)
	at org.apache.ratis.thirdparty.io.netty.channel.nio.NioEventLoop.run(NioEventLoop.java:458)
	at org.apache.ratis.thirdparty.io.netty.util.concurrent.SingleThreadEventExecutor$5.run(SingleThreadEventExecutor.java:897)
	at org.apache.ratis.thirdparty.io.netty.util.concurrent.FastThreadLocalRunnable.run(FastThreadLocalRunnable.java:30)
	... 1 more
Caused by: java.net.ConnectException: Connection refused
	... 11 more
2019-09-25 11:42:45,092 [19e67e26-3d21-4d01-be9f-29113a4a814c@group-B9DEF2EDD277:LeaderElection219] INFO  impl.LeaderElection (LeaderElection.java:logAndReturn(56)) - 19e67e26-3d21-4d01-be9f-29113a4a814c@group-B9DEF2EDD277:LeaderElection219: Election REJECTED; received 0 response(s) [] and 2 exception(s); 19e67e26-3d21-4d01-be9f-29113a4a814c@group-B9DEF2EDD277:t9, leader=null, voted=19e67e26-3d21-4d01-be9f-29113a4a814c, raftlog=19e67e26-3d21-4d01-be9f-29113a4a814c@group-B9DEF2EDD277-SegmentedRaftLog:OPENED:c-1,f-1,i0, conf=-1: [19e67e26-3d21-4d01-be9f-29113a4a814c:192.168.30.6:34535, 8c24ed06-386e-4085-8931-93c762a64530:192.168.30.6:32862, b7064b77-9271-4e94-8225-85d895886efb:192.168.30.6:41519], old=null
2019-09-25 11:42:45,092 [19e67e26-3d21-4d01-be9f-29113a4a814c@group-B9DEF2EDD277:LeaderElection219] INFO  impl.LeaderElection (LogUtils.java:infoOrTrace(149)) -   Exception 0: {}
java.util.concurrent.ExecutionException: org.apache.ratis.thirdparty.io.grpc.StatusRuntimeException: UNAVAILABLE: io exception
	at java.util.concurrent.FutureTask.report(FutureTask.java:122)
	at java.util.concurrent.FutureTask.get(FutureTask.java:192)
	at org.apache.ratis.server.impl.LeaderElection.waitForResults(LeaderElection.java:263)
	at org.apache.ratis.server.impl.LeaderElection.askForVotes(LeaderElection.java:201)
	at org.apache.ratis.server.impl.LeaderElection.run(LeaderElection.java:133)
	at java.lang.Thread.run(Thread.java:748)
Caused by: org.apache.ratis.thirdparty.io.grpc.StatusRuntimeException: UNAVAILABLE: io exception
	at org.apache.ratis.thirdparty.io.grpc.stub.ClientCalls.toStatusRuntimeException(ClientCalls.java:233)
	at org.apache.ratis.thirdparty.io.grpc.stub.ClientCalls.getUnchecked(ClientCalls.java:214)
	at org.apache.ratis.thirdparty.io.grpc.stub.ClientCalls.blockingUnaryCall(ClientCalls.java:139)
	at org.apache.ratis.proto.grpc.RaftServerProtocolServiceGrpc$RaftServerProtocolServiceBlockingStub.requestVote(RaftServerProtocolServiceGrpc.java:265)
	at org.apache.ratis.grpc.server.GrpcServerProtocolClient.requestVote(GrpcServerProtocolClient.java:90)
	at org.apache.ratis.grpc.server.GrpcService.requestVote(GrpcService.java:204)
	at org.apache.ratis.server.impl.LeaderElection.lambda$submitRequests$1(LeaderElection.java:238)
	at java.util.concurrent.FutureTask.run(FutureTask.java:266)
	at java.util.concurrent.Executors$RunnableAdapter.call(Executors.java:511)
	at java.util.concurrent.FutureTask.run(FutureTask.java:266)
	at java.util.concurrent.ThreadPoolExecutor.runWorker(ThreadPoolExecutor.java:1149)
	at java.util.concurrent.ThreadPoolExecutor$Worker.run(ThreadPoolExecutor.java:624)
	... 1 more
Caused by: org.apache.ratis.thirdparty.io.netty.channel.AbstractChannel$AnnotatedConnectException: Connection refused: /192.168.30.6:41519
	at sun.nio.ch.SocketChannelImpl.checkConnect(Native Method)
	at sun.nio.ch.SocketChannelImpl.finishConnect(SocketChannelImpl.java:717)
	at org.apache.ratis.thirdparty.io.netty.channel.socket.nio.NioSocketChannel.doFinishConnect(NioSocketChannel.java:327)
	at org.apache.ratis.thirdparty.io.netty.channel.nio.AbstractNioChannel$AbstractNioUnsafe.finishConnect(AbstractNioChannel.java:340)
	at org.apache.ratis.thirdparty.io.netty.channel.nio.NioEventLoop.processSelectedKey(NioEventLoop.java:632)
	at org.apache.ratis.thirdparty.io.netty.channel.nio.NioEventLoop.processSelectedKeysOptimized(NioEventLoop.java:579)
	at org.apache.ratis.thirdparty.io.netty.channel.nio.NioEventLoop.processSelectedKeys(NioEventLoop.java:496)
	at org.apache.ratis.thirdparty.io.netty.channel.nio.NioEventLoop.run(NioEventLoop.java:458)
	at org.apache.ratis.thirdparty.io.netty.util.concurrent.SingleThreadEventExecutor$5.run(SingleThreadEventExecutor.java:897)
	at org.apache.ratis.thirdparty.io.netty.util.concurrent.FastThreadLocalRunnable.run(FastThreadLocalRunnable.java:30)
	... 1 more
Caused by: java.net.ConnectException: Connection refused
	... 11 more
2019-09-25 11:42:45,093 [19e67e26-3d21-4d01-be9f-29113a4a814c@group-B9DEF2EDD277:LeaderElection219] INFO  impl.LeaderElection (LogUtils.java:infoOrTrace(149)) -   Exception 1: {}
java.util.concurrent.ExecutionException: org.apache.ratis.thirdparty.io.grpc.StatusRuntimeException: UNAVAILABLE: io exception
	at java.util.concurrent.FutureTask.report(FutureTask.java:122)
	at java.util.concurrent.FutureTask.get(FutureTask.java:192)
	at org.apache.ratis.server.impl.LeaderElection.waitForResults(LeaderElection.java:263)
	at org.apache.ratis.server.impl.LeaderElection.askForVotes(LeaderElection.java:201)
	at org.apache.ratis.server.impl.LeaderElection.run(LeaderElection.java:133)
	at java.lang.Thread.run(Thread.java:748)
Caused by: org.apache.ratis.thirdparty.io.grpc.StatusRuntimeException: UNAVAILABLE: io exception
	at org.apache.ratis.thirdparty.io.grpc.stub.ClientCalls.toStatusRuntimeException(ClientCalls.java:233)
	at org.apache.ratis.thirdparty.io.grpc.stub.ClientCalls.getUnchecked(ClientCalls.java:214)
	at org.apache.ratis.thirdparty.io.grpc.stub.ClientCalls.blockingUnaryCall(ClientCalls.java:139)
	at org.apache.ratis.proto.grpc.RaftServerProtocolServiceGrpc$RaftServerProtocolServiceBlockingStub.requestVote(RaftServerProtocolServiceGrpc.java:265)
	at org.apache.ratis.grpc.server.GrpcServerProtocolClient.requestVote(GrpcServerProtocolClient.java:90)
	at org.apache.ratis.grpc.server.GrpcService.requestVote(GrpcService.java:204)
	at org.apache.ratis.server.impl.LeaderElection.lambda$submitRequests$1(LeaderElection.java:238)
	at java.util.concurrent.FutureTask.run(FutureTask.java:266)
	at java.util.concurrent.Executors$RunnableAdapter.call(Executors.java:511)
	at java.util.concurrent.FutureTask.run(FutureTask.java:266)
	at java.util.concurrent.ThreadPoolExecutor.runWorker(ThreadPoolExecutor.java:1149)
	at java.util.concurrent.ThreadPoolExecutor$Worker.run(ThreadPoolExecutor.java:624)
	... 1 more
Caused by: org.apache.ratis.thirdparty.io.netty.channel.AbstractChannel$AnnotatedConnectException: Connection refused: /192.168.30.6:32862
	at sun.nio.ch.SocketChannelImpl.checkConnect(Native Method)
	at sun.nio.ch.SocketChannelImpl.finishConnect(SocketChannelImpl.java:717)
	at org.apache.ratis.thirdparty.io.netty.channel.socket.nio.NioSocketChannel.doFinishConnect(NioSocketChannel.java:327)
	at org.apache.ratis.thirdparty.io.netty.channel.nio.AbstractNioChannel$AbstractNioUnsafe.finishConnect(AbstractNioChannel.java:340)
	at org.apache.ratis.thirdparty.io.netty.channel.nio.NioEventLoop.processSelectedKey(NioEventLoop.java:632)
	at org.apache.ratis.thirdparty.io.netty.channel.nio.NioEventLoop.processSelectedKeysOptimized(NioEventLoop.java:579)
	at org.apache.ratis.thirdparty.io.netty.channel.nio.NioEventLoop.processSelectedKeys(NioEventLoop.java:496)
	at org.apache.ratis.thirdparty.io.netty.channel.nio.NioEventLoop.run(NioEventLoop.java:458)
	at org.apache.ratis.thirdparty.io.netty.util.concurrent.SingleThreadEventExecutor$5.run(SingleThreadEventExecutor.java:897)
	at org.apache.ratis.thirdparty.io.netty.util.concurrent.FastThreadLocalRunnable.run(FastThreadLocalRunnable.java:30)
	... 1 more
Caused by: java.net.ConnectException: Connection refused
	... 11 more
2019-09-25 11:42:45,093 [19e67e26-3d21-4d01-be9f-29113a4a814c@group-B9DEF2EDD277:LeaderElection219] INFO  impl.RaftServerImpl (RaftServerImpl.java:setRole(174)) - 19e67e26-3d21-4d01-be9f-29113a4a814c@group-B9DEF2EDD277: changes role from CANDIDATE to FOLLOWER at term 9 for DISCOVERED_A_NEW_TERM
2019-09-25 11:42:45,093 [19e67e26-3d21-4d01-be9f-29113a4a814c@group-B9DEF2EDD277:LeaderElection219] INFO  impl.RoleInfo (RoleInfo.java:shutdownLeaderElection(134)) - 19e67e26-3d21-4d01-be9f-29113a4a814c: shutdown LeaderElection
2019-09-25 11:42:45,094 [19e67e26-3d21-4d01-be9f-29113a4a814c@group-B9DEF2EDD277:LeaderElection219] INFO  impl.RoleInfo (RoleInfo.java:updateAndGet(143)) - 19e67e26-3d21-4d01-be9f-29113a4a814c: start FollowerState
2019-09-25 11:42:45,154 [Datanode State Machine Thread - 0] INFO  statemachine.DatanodeStateMachine (DatanodeStateMachine.java:lambda$startDaemon$0(350)) - Ozone container server started.
2019-09-25 11:42:45,197 [grpc-default-executor-13] WARN  server.GrpcLogAppender (LogUtils.java:warn(134)) - a7d59ef6-3eca-4628-b097-12d983444e7f@group-6E9EB1C0F638->b7064b77-9271-4e94-8225-85d895886efb-AppendLogResponseHandler: Failed appendEntries: org.apache.ratis.thirdparty.io.grpc.StatusRuntimeException: UNAVAILABLE: io exception
2019-09-25 11:42:45,197 [grpc-default-executor-0] WARN  server.GrpcLogAppender (LogUtils.java:warn(134)) - a7d59ef6-3eca-4628-b097-12d983444e7f@group-F2E0294EDFC2->b7064b77-9271-4e94-8225-85d895886efb-AppendLogResponseHandler: Failed appendEntries: org.apache.ratis.thirdparty.io.grpc.StatusRuntimeException: UNAVAILABLE: io exception
2019-09-25 11:42:45,197 [grpc-default-executor-5] WARN  server.GrpcLogAppender (LogUtils.java:warn(134)) - a7d59ef6-3eca-4628-b097-12d983444e7f@group-47DBAAEC82C8->b7064b77-9271-4e94-8225-85d895886efb-AppendLogResponseHandler: Failed appendEntries: org.apache.ratis.thirdparty.io.grpc.StatusRuntimeException: UNAVAILABLE: io exception
2019-09-25 11:42:45,198 [grpc-default-executor-0] INFO  impl.FollowerInfo (FollowerInfo.java:lambda$new$0(51)) - a7d59ef6-3eca-4628-b097-12d983444e7f@group-F2E0294EDFC2->b7064b77-9271-4e94-8225-85d895886efb: nextIndex: updateUnconditionally 0 -> 0
2019-09-25 11:42:45,198 [grpc-default-executor-13] INFO  impl.FollowerInfo (FollowerInfo.java:lambda$new$0(51)) - a7d59ef6-3eca-4628-b097-12d983444e7f@group-6E9EB1C0F638->b7064b77-9271-4e94-8225-85d895886efb: nextIndex: updateUnconditionally 0 -> 0
2019-09-25 11:42:45,198 [grpc-default-executor-5] INFO  impl.FollowerInfo (FollowerInfo.java:lambda$new$0(51)) - a7d59ef6-3eca-4628-b097-12d983444e7f@group-47DBAAEC82C8->b7064b77-9271-4e94-8225-85d895886efb: nextIndex: updateUnconditionally 0 -> 0
2019-09-25 11:42:45,365 [a7d59ef6-3eca-4628-b097-12d983444e7f@group-282EF1BFFEE0:LeaderElection224] INFO  impl.LeaderElection (LeaderElection.java:askForVotes(182)) - a7d59ef6-3eca-4628-b097-12d983444e7f@group-282EF1BFFEE0:LeaderElection224: begin an election at term 9 for 0: [d0888866-0bad-4f41-ad37-dccd4a57b958:192.168.30.6:45405, a7d59ef6-3eca-4628-b097-12d983444e7f:192.168.30.6:43486, b7064b77-9271-4e94-8225-85d895886efb:192.168.30.6:41519], old=null
2019-09-25 11:42:45,367 [d0888866-0bad-4f41-ad37-dccd4a57b958@group-282EF1BFFEE0:LeaderElection223] INFO  impl.LeaderElection (LeaderElection.java:logAndReturn(56)) - d0888866-0bad-4f41-ad37-dccd4a57b958@group-282EF1BFFEE0:LeaderElection223: Election REJECTED; received 1 response(s) [d0888866-0bad-4f41-ad37-dccd4a57b958<-a7d59ef6-3eca-4628-b097-12d983444e7f#0:FAIL-t9] and 1 exception(s); d0888866-0bad-4f41-ad37-dccd4a57b958@group-282EF1BFFEE0:t9, leader=null, voted=d0888866-0bad-4f41-ad37-dccd4a57b958, raftlog=d0888866-0bad-4f41-ad37-dccd4a57b958@group-282EF1BFFEE0-SegmentedRaftLog:OPENED:c-1,f-1,i0, conf=-1: [d0888866-0bad-4f41-ad37-dccd4a57b958:192.168.30.6:45405, a7d59ef6-3eca-4628-b097-12d983444e7f:192.168.30.6:43486, b7064b77-9271-4e94-8225-85d895886efb:192.168.30.6:41519], old=null
2019-09-25 11:42:45,367 [d0888866-0bad-4f41-ad37-dccd4a57b958@group-282EF1BFFEE0:LeaderElection223] INFO  impl.LeaderElection (LogUtils.java:infoOrTrace(149)) -   Exception 0: {}
java.util.concurrent.ExecutionException: org.apache.ratis.thirdparty.io.grpc.StatusRuntimeException: UNAVAILABLE: io exception
	at java.util.concurrent.FutureTask.report(FutureTask.java:122)
	at java.util.concurrent.FutureTask.get(FutureTask.java:192)
	at org.apache.ratis.server.impl.LeaderElection.waitForResults(LeaderElection.java:263)
	at org.apache.ratis.server.impl.LeaderElection.askForVotes(LeaderElection.java:201)
	at org.apache.ratis.server.impl.LeaderElection.run(LeaderElection.java:133)
	at java.lang.Thread.run(Thread.java:748)
Caused by: org.apache.ratis.thirdparty.io.grpc.StatusRuntimeException: UNAVAILABLE: io exception
	at org.apache.ratis.thirdparty.io.grpc.stub.ClientCalls.toStatusRuntimeException(ClientCalls.java:233)
	at org.apache.ratis.thirdparty.io.grpc.stub.ClientCalls.getUnchecked(ClientCalls.java:214)
	at org.apache.ratis.thirdparty.io.grpc.stub.ClientCalls.blockingUnaryCall(ClientCalls.java:139)
	at org.apache.ratis.proto.grpc.RaftServerProtocolServiceGrpc$RaftServerProtocolServiceBlockingStub.requestVote(RaftServerProtocolServiceGrpc.java:265)
	at org.apache.ratis.grpc.server.GrpcServerProtocolClient.requestVote(GrpcServerProtocolClient.java:90)
	at org.apache.ratis.grpc.server.GrpcService.requestVote(GrpcService.java:204)
	at org.apache.ratis.server.impl.LeaderElection.lambda$submitRequests$1(LeaderElection.java:238)
	at java.util.concurrent.FutureTask.run(FutureTask.java:266)
	at java.util.concurrent.Executors$RunnableAdapter.call(Executors.java:511)
	at java.util.concurrent.FutureTask.run(FutureTask.java:266)
	at java.util.concurrent.ThreadPoolExecutor.runWorker(ThreadPoolExecutor.java:1149)
	at java.util.concurrent.ThreadPoolExecutor$Worker.run(ThreadPoolExecutor.java:624)
	... 1 more
Caused by: org.apache.ratis.thirdparty.io.netty.channel.AbstractChannel$AnnotatedConnectException: Connection refused: /192.168.30.6:41519
	at sun.nio.ch.SocketChannelImpl.checkConnect(Native Method)
	at sun.nio.ch.SocketChannelImpl.finishConnect(SocketChannelImpl.java:717)
	at org.apache.ratis.thirdparty.io.netty.channel.socket.nio.NioSocketChannel.doFinishConnect(NioSocketChannel.java:327)
	at org.apache.ratis.thirdparty.io.netty.channel.nio.AbstractNioChannel$AbstractNioUnsafe.finishConnect(AbstractNioChannel.java:340)
	at org.apache.ratis.thirdparty.io.netty.channel.nio.NioEventLoop.processSelectedKey(NioEventLoop.java:632)
	at org.apache.ratis.thirdparty.io.netty.channel.nio.NioEventLoop.processSelectedKeysOptimized(NioEventLoop.java:579)
	at org.apache.ratis.thirdparty.io.netty.channel.nio.NioEventLoop.processSelectedKeys(NioEventLoop.java:496)
	at org.apache.ratis.thirdparty.io.netty.channel.nio.NioEventLoop.run(NioEventLoop.java:458)
	at org.apache.ratis.thirdparty.io.netty.util.concurrent.SingleThreadEventExecutor$5.run(SingleThreadEventExecutor.java:897)
	at org.apache.ratis.thirdparty.io.netty.util.concurrent.FastThreadLocalRunnable.run(FastThreadLocalRunnable.java:30)
	... 1 more
Caused by: java.net.ConnectException: Connection refused
	... 11 more
2019-09-25 11:42:45,368 [d0888866-0bad-4f41-ad37-dccd4a57b958@group-282EF1BFFEE0:LeaderElection223] INFO  impl.RaftServerImpl (RaftServerImpl.java:setRole(174)) - d0888866-0bad-4f41-ad37-dccd4a57b958@group-282EF1BFFEE0: changes role from CANDIDATE to FOLLOWER at term 9 for DISCOVERED_A_NEW_TERM
2019-09-25 11:42:45,368 [d0888866-0bad-4f41-ad37-dccd4a57b958@group-282EF1BFFEE0:LeaderElection223] INFO  impl.RoleInfo (RoleInfo.java:shutdownLeaderElection(134)) - d0888866-0bad-4f41-ad37-dccd4a57b958: shutdown LeaderElection
2019-09-25 11:42:45,368 [d0888866-0bad-4f41-ad37-dccd4a57b958@group-282EF1BFFEE0:LeaderElection223] INFO  impl.RoleInfo (RoleInfo.java:updateAndGet(143)) - d0888866-0bad-4f41-ad37-dccd4a57b958: start FollowerState
2019-09-25 11:42:45,370 [a7d59ef6-3eca-4628-b097-12d983444e7f@group-282EF1BFFEE0:LeaderElection224] INFO  impl.LeaderElection (LogUtils.java:infoOrTrace(149)) - a7d59ef6-3eca-4628-b097-12d983444e7f@group-282EF1BFFEE0:LeaderElection224 got exception when requesting votes: {}
java.util.concurrent.ExecutionException: org.apache.ratis.thirdparty.io.grpc.StatusRuntimeException: UNAVAILABLE: io exception
	at java.util.concurrent.FutureTask.report(FutureTask.java:122)
	at java.util.concurrent.FutureTask.get(FutureTask.java:192)
	at org.apache.ratis.server.impl.LeaderElection.waitForResults(LeaderElection.java:263)
	at org.apache.ratis.server.impl.LeaderElection.askForVotes(LeaderElection.java:201)
	at org.apache.ratis.server.impl.LeaderElection.run(LeaderElection.java:133)
	at java.lang.Thread.run(Thread.java:748)
Caused by: org.apache.ratis.thirdparty.io.grpc.StatusRuntimeException: UNAVAILABLE: io exception
	at org.apache.ratis.thirdparty.io.grpc.stub.ClientCalls.toStatusRuntimeException(ClientCalls.java:233)
	at org.apache.ratis.thirdparty.io.grpc.stub.ClientCalls.getUnchecked(ClientCalls.java:214)
	at org.apache.ratis.thirdparty.io.grpc.stub.ClientCalls.blockingUnaryCall(ClientCalls.java:139)
	at org.apache.ratis.proto.grpc.RaftServerProtocolServiceGrpc$RaftServerProtocolServiceBlockingStub.requestVote(RaftServerProtocolServiceGrpc.java:265)
	at org.apache.ratis.grpc.server.GrpcServerProtocolClient.requestVote(GrpcServerProtocolClient.java:90)
	at org.apache.ratis.grpc.server.GrpcService.requestVote(GrpcService.java:204)
	at org.apache.ratis.server.impl.LeaderElection.lambda$submitRequests$1(LeaderElection.java:238)
	at java.util.concurrent.FutureTask.run(FutureTask.java:266)
	at java.util.concurrent.Executors$RunnableAdapter.call(Executors.java:511)
	at java.util.concurrent.FutureTask.run(FutureTask.java:266)
	at java.util.concurrent.ThreadPoolExecutor.runWorker(ThreadPoolExecutor.java:1149)
	at java.util.concurrent.ThreadPoolExecutor$Worker.run(ThreadPoolExecutor.java:624)
	... 1 more
Caused by: org.apache.ratis.thirdparty.io.netty.channel.AbstractChannel$AnnotatedConnectException: Connection refused: /192.168.30.6:41519
	at sun.nio.ch.SocketChannelImpl.checkConnect(Native Method)
	at sun.nio.ch.SocketChannelImpl.finishConnect(SocketChannelImpl.java:717)
	at org.apache.ratis.thirdparty.io.netty.channel.socket.nio.NioSocketChannel.doFinishConnect(NioSocketChannel.java:327)
	at org.apache.ratis.thirdparty.io.netty.channel.nio.AbstractNioChannel$AbstractNioUnsafe.finishConnect(AbstractNioChannel.java:340)
	at org.apache.ratis.thirdparty.io.netty.channel.nio.NioEventLoop.processSelectedKey(NioEventLoop.java:632)
	at org.apache.ratis.thirdparty.io.netty.channel.nio.NioEventLoop.processSelectedKeysOptimized(NioEventLoop.java:579)
	at org.apache.ratis.thirdparty.io.netty.channel.nio.NioEventLoop.processSelectedKeys(NioEventLoop.java:496)
	at org.apache.ratis.thirdparty.io.netty.channel.nio.NioEventLoop.run(NioEventLoop.java:458)
	at org.apache.ratis.thirdparty.io.netty.util.concurrent.SingleThreadEventExecutor$5.run(SingleThreadEventExecutor.java:897)
	at org.apache.ratis.thirdparty.io.netty.util.concurrent.FastThreadLocalRunnable.run(FastThreadLocalRunnable.java:30)
	... 1 more
Caused by: java.net.ConnectException: Connection refused
	... 11 more
2019-09-25 11:42:45,373 [a7d59ef6-3eca-4628-b097-12d983444e7f@group-282EF1BFFEE0:LeaderElection224] INFO  impl.LeaderElection (LeaderElection.java:logAndReturn(56)) - a7d59ef6-3eca-4628-b097-12d983444e7f@group-282EF1BFFEE0:LeaderElection224: Election REJECTED; received 1 response(s) [a7d59ef6-3eca-4628-b097-12d983444e7f<-d0888866-0bad-4f41-ad37-dccd4a57b958#0:FAIL-t9] and 1 exception(s); a7d59ef6-3eca-4628-b097-12d983444e7f@group-282EF1BFFEE0:t9, leader=null, voted=a7d59ef6-3eca-4628-b097-12d983444e7f, raftlog=a7d59ef6-3eca-4628-b097-12d983444e7f@group-282EF1BFFEE0-SegmentedRaftLog:OPENED:c-1,f0,i0, conf=0: [d0888866-0bad-4f41-ad37-dccd4a57b958:192.168.30.6:45405, a7d59ef6-3eca-4628-b097-12d983444e7f:192.168.30.6:43486, b7064b77-9271-4e94-8225-85d895886efb:192.168.30.6:41519], old=null
2019-09-25 11:42:45,373 [a7d59ef6-3eca-4628-b097-12d983444e7f@group-282EF1BFFEE0:LeaderElection224] INFO  impl.LeaderElection (LogUtils.java:infoOrTrace(149)) -   Exception 0: {}
java.util.concurrent.ExecutionException: org.apache.ratis.thirdparty.io.grpc.StatusRuntimeException: UNAVAILABLE: io exception
	at java.util.concurrent.FutureTask.report(FutureTask.java:122)
	at java.util.concurrent.FutureTask.get(FutureTask.java:192)
	at org.apache.ratis.server.impl.LeaderElection.waitForResults(LeaderElection.java:263)
	at org.apache.ratis.server.impl.LeaderElection.askForVotes(LeaderElection.java:201)
	at org.apache.ratis.server.impl.LeaderElection.run(LeaderElection.java:133)
	at java.lang.Thread.run(Thread.java:748)
Caused by: org.apache.ratis.thirdparty.io.grpc.StatusRuntimeException: UNAVAILABLE: io exception
	at org.apache.ratis.thirdparty.io.grpc.stub.ClientCalls.toStatusRuntimeException(ClientCalls.java:233)
	at org.apache.ratis.thirdparty.io.grpc.stub.ClientCalls.getUnchecked(ClientCalls.java:214)
	at org.apache.ratis.thirdparty.io.grpc.stub.ClientCalls.blockingUnaryCall(ClientCalls.java:139)
	at org.apache.ratis.proto.grpc.RaftServerProtocolServiceGrpc$RaftServerProtocolServiceBlockingStub.requestVote(RaftServerProtocolServiceGrpc.java:265)
	at org.apache.ratis.grpc.server.GrpcServerProtocolClient.requestVote(GrpcServerProtocolClient.java:90)
	at org.apache.ratis.grpc.server.GrpcService.requestVote(GrpcService.java:204)
	at org.apache.ratis.server.impl.LeaderElection.lambda$submitRequests$1(LeaderElection.java:238)
	at java.util.concurrent.FutureTask.run(FutureTask.java:266)
	at java.util.concurrent.Executors$RunnableAdapter.call(Executors.java:511)
	at java.util.concurrent.FutureTask.run(FutureTask.java:266)
	at java.util.concurrent.ThreadPoolExecutor.runWorker(ThreadPoolExecutor.java:1149)
	at java.util.concurrent.ThreadPoolExecutor$Worker.run(ThreadPoolExecutor.java:624)
	... 1 more
Caused by: org.apache.ratis.thirdparty.io.netty.channel.AbstractChannel$AnnotatedConnectException: Connection refused: /192.168.30.6:41519
	at sun.nio.ch.SocketChannelImpl.checkConnect(Native Method)
	at sun.nio.ch.SocketChannelImpl.finishConnect(SocketChannelImpl.java:717)
	at org.apache.ratis.thirdparty.io.netty.channel.socket.nio.NioSocketChannel.doFinishConnect(NioSocketChannel.java:327)
	at org.apache.ratis.thirdparty.io.netty.channel.nio.AbstractNioChannel$AbstractNioUnsafe.finishConnect(AbstractNioChannel.java:340)
	at org.apache.ratis.thirdparty.io.netty.channel.nio.NioEventLoop.processSelectedKey(NioEventLoop.java:632)
	at org.apache.ratis.thirdparty.io.netty.channel.nio.NioEventLoop.processSelectedKeysOptimized(NioEventLoop.java:579)
	at org.apache.ratis.thirdparty.io.netty.channel.nio.NioEventLoop.processSelectedKeys(NioEventLoop.java:496)
	at org.apache.ratis.thirdparty.io.netty.channel.nio.NioEventLoop.run(NioEventLoop.java:458)
	at org.apache.ratis.thirdparty.io.netty.util.concurrent.SingleThreadEventExecutor$5.run(SingleThreadEventExecutor.java:897)
	at org.apache.ratis.thirdparty.io.netty.util.concurrent.FastThreadLocalRunnable.run(FastThreadLocalRunnable.java:30)
	... 1 more
Caused by: java.net.ConnectException: Connection refused
	... 11 more
2019-09-25 11:42:45,374 [a7d59ef6-3eca-4628-b097-12d983444e7f@group-282EF1BFFEE0:LeaderElection224] INFO  impl.RaftServerImpl (RaftServerImpl.java:setRole(174)) - a7d59ef6-3eca-4628-b097-12d983444e7f@group-282EF1BFFEE0: changes role from CANDIDATE to FOLLOWER at term 9 for DISCOVERED_A_NEW_TERM
2019-09-25 11:42:45,374 [a7d59ef6-3eca-4628-b097-12d983444e7f@group-282EF1BFFEE0:LeaderElection224] INFO  impl.RoleInfo (RoleInfo.java:shutdownLeaderElection(134)) - a7d59ef6-3eca-4628-b097-12d983444e7f: shutdown LeaderElection
2019-09-25 11:42:45,374 [a7d59ef6-3eca-4628-b097-12d983444e7f@group-282EF1BFFEE0:LeaderElection224] INFO  impl.RoleInfo (RoleInfo.java:updateAndGet(143)) - a7d59ef6-3eca-4628-b097-12d983444e7f: start FollowerState
2019-09-25 11:42:46,420 [grpc-default-executor-5] WARN  server.GrpcLogAppender (LogUtils.java:warn(134)) - 19e67e26-3d21-4d01-be9f-29113a4a814c@group-BF1BD4D8076C->8c24ed06-386e-4085-8931-93c762a64530-AppendLogResponseHandler: Failed appendEntries: org.apache.ratis.thirdparty.io.grpc.StatusRuntimeException: UNAVAILABLE: io exception
2019-09-25 11:42:46,420 [grpc-default-executor-5] INFO  impl.FollowerInfo (FollowerInfo.java:lambda$new$0(51)) - 19e67e26-3d21-4d01-be9f-29113a4a814c@group-BF1BD4D8076C->8c24ed06-386e-4085-8931-93c762a64530: nextIndex: updateUnconditionally 0 -> 0
2019-09-25 11:42:46,423 [grpc-default-executor-13] WARN  server.GrpcLogAppender (LogUtils.java:warn(134)) - d0888866-0bad-4f41-ad37-dccd4a57b958@group-DBE87B3B08CE->8c24ed06-386e-4085-8931-93c762a64530-AppendLogResponseHandler: Failed appendEntries: org.apache.ratis.thirdparty.io.grpc.StatusRuntimeException: UNAVAILABLE: io exception
2019-09-25 11:42:46,426 [grpc-default-executor-13] INFO  impl.FollowerInfo (FollowerInfo.java:lambda$new$0(51)) - d0888866-0bad-4f41-ad37-dccd4a57b958@group-DBE87B3B08CE->8c24ed06-386e-4085-8931-93c762a64530: nextIndex: updateUnconditionally 0 -> 0
2019-09-25 11:42:46,428 [grpc-default-executor-0] WARN  server.GrpcLogAppender (LogUtils.java:warn(134)) - 19e67e26-3d21-4d01-be9f-29113a4a814c@group-ADB1B60517AF->8c24ed06-386e-4085-8931-93c762a64530-AppendLogResponseHandler: Failed appendEntries: org.apache.ratis.thirdparty.io.grpc.StatusRuntimeException: UNAVAILABLE: io exception
2019-09-25 11:42:46,430 [grpc-default-executor-20] WARN  server.GrpcLogAppender (LogUtils.java:warn(134)) - a7d59ef6-3eca-4628-b097-12d983444e7f@group-47DBAAEC82C8->8c24ed06-386e-4085-8931-93c762a64530-AppendLogResponseHandler: Failed appendEntries: org.apache.ratis.thirdparty.io.grpc.StatusRuntimeException: UNAVAILABLE: io exception
2019-09-25 11:42:46,430 [grpc-default-executor-0] INFO  impl.FollowerInfo (FollowerInfo.java:lambda$new$0(51)) - 19e67e26-3d21-4d01-be9f-29113a4a814c@group-ADB1B60517AF->8c24ed06-386e-4085-8931-93c762a64530: nextIndex: updateUnconditionally 0 -> 0
2019-09-25 11:42:46,433 [grpc-default-executor-20] INFO  impl.FollowerInfo (FollowerInfo.java:lambda$new$0(51)) - a7d59ef6-3eca-4628-b097-12d983444e7f@group-47DBAAEC82C8->8c24ed06-386e-4085-8931-93c762a64530: nextIndex: updateUnconditionally 0 -> 0
2019-09-25 11:42:47,696 [grpc-default-executor-5] WARN  server.GrpcLogAppender (LogUtils.java:warn(134)) - a7d59ef6-3eca-4628-b097-12d983444e7f@group-6E9EB1C0F638->b7064b77-9271-4e94-8225-85d895886efb-AppendLogResponseHandler: Failed appendEntries: org.apache.ratis.thirdparty.io.grpc.StatusRuntimeException: UNAVAILABLE: io exception
2019-09-25 11:42:47,696 [grpc-default-executor-0] WARN  server.GrpcLogAppender (LogUtils.java:warn(134)) - a7d59ef6-3eca-4628-b097-12d983444e7f@group-F2E0294EDFC2->b7064b77-9271-4e94-8225-85d895886efb-AppendLogResponseHandler: Failed appendEntries: org.apache.ratis.thirdparty.io.grpc.StatusRuntimeException: UNAVAILABLE: io exception
2019-09-25 11:42:47,696 [grpc-default-executor-20] WARN  server.GrpcLogAppender (LogUtils.java:warn(134)) - a7d59ef6-3eca-4628-b097-12d983444e7f@group-47DBAAEC82C8->b7064b77-9271-4e94-8225-85d895886efb-AppendLogResponseHandler: Failed appendEntries: org.apache.ratis.thirdparty.io.grpc.StatusRuntimeException: UNAVAILABLE: io exception
2019-09-25 11:42:47,699 [grpc-default-executor-5] INFO  impl.FollowerInfo (FollowerInfo.java:lambda$new$0(51)) - a7d59ef6-3eca-4628-b097-12d983444e7f@group-6E9EB1C0F638->b7064b77-9271-4e94-8225-85d895886efb: nextIndex: updateUnconditionally 0 -> 0
2019-09-25 11:42:47,699 [grpc-default-executor-0] INFO  impl.FollowerInfo (FollowerInfo.java:lambda$new$0(51)) - a7d59ef6-3eca-4628-b097-12d983444e7f@group-F2E0294EDFC2->b7064b77-9271-4e94-8225-85d895886efb: nextIndex: updateUnconditionally 0 -> 0
2019-09-25 11:42:47,700 [grpc-default-executor-20] INFO  impl.FollowerInfo (FollowerInfo.java:lambda$new$0(51)) - a7d59ef6-3eca-4628-b097-12d983444e7f@group-47DBAAEC82C8->b7064b77-9271-4e94-8225-85d895886efb: nextIndex: updateUnconditionally 0 -> 0
2019-09-25 11:42:48,927 [grpc-default-executor-5] WARN  server.GrpcLogAppender (LogUtils.java:warn(134)) - 19e67e26-3d21-4d01-be9f-29113a4a814c@group-BF1BD4D8076C->8c24ed06-386e-4085-8931-93c762a64530-AppendLogResponseHandler: Failed appendEntries: org.apache.ratis.thirdparty.io.grpc.StatusRuntimeException: UNAVAILABLE: io exception
2019-09-25 11:42:48,927 [grpc-default-executor-0] WARN  server.GrpcLogAppender (LogUtils.java:warn(134)) - 19e67e26-3d21-4d01-be9f-29113a4a814c@group-ADB1B60517AF->8c24ed06-386e-4085-8931-93c762a64530-AppendLogResponseHandler: Failed appendEntries: org.apache.ratis.thirdparty.io.grpc.StatusRuntimeException: UNAVAILABLE: io exception
2019-09-25 11:42:48,930 [grpc-default-executor-5] INFO  impl.FollowerInfo (FollowerInfo.java:lambda$new$0(51)) - 19e67e26-3d21-4d01-be9f-29113a4a814c@group-BF1BD4D8076C->8c24ed06-386e-4085-8931-93c762a64530: nextIndex: updateUnconditionally 0 -> 0
2019-09-25 11:42:48,930 [grpc-default-executor-0] INFO  impl.FollowerInfo (FollowerInfo.java:lambda$new$0(51)) - 19e67e26-3d21-4d01-be9f-29113a4a814c@group-ADB1B60517AF->8c24ed06-386e-4085-8931-93c762a64530: nextIndex: updateUnconditionally 0 -> 0
2019-09-25 11:42:48,931 [grpc-default-executor-20] WARN  server.GrpcLogAppender (LogUtils.java:warn(134)) - d0888866-0bad-4f41-ad37-dccd4a57b958@group-DBE87B3B08CE->8c24ed06-386e-4085-8931-93c762a64530-AppendLogResponseHandler: Failed appendEntries: org.apache.ratis.thirdparty.io.grpc.StatusRuntimeException: UNAVAILABLE: io exception
2019-09-25 11:42:48,933 [grpc-default-executor-20] INFO  impl.FollowerInfo (FollowerInfo.java:lambda$new$0(51)) - d0888866-0bad-4f41-ad37-dccd4a57b958@group-DBE87B3B08CE->8c24ed06-386e-4085-8931-93c762a64530: nextIndex: updateUnconditionally 0 -> 0
2019-09-25 11:42:48,934 [grpc-default-executor-0] WARN  server.GrpcLogAppender (LogUtils.java:warn(134)) - a7d59ef6-3eca-4628-b097-12d983444e7f@group-47DBAAEC82C8->8c24ed06-386e-4085-8931-93c762a64530-AppendLogResponseHandler: Failed appendEntries: org.apache.ratis.thirdparty.io.grpc.StatusRuntimeException: UNAVAILABLE: io exception
2019-09-25 11:42:48,937 [grpc-default-executor-0] INFO  impl.FollowerInfo (FollowerInfo.java:lambda$new$0(51)) - a7d59ef6-3eca-4628-b097-12d983444e7f@group-47DBAAEC82C8->8c24ed06-386e-4085-8931-93c762a64530: nextIndex: updateUnconditionally 0 -> 0
2019-09-25 11:42:49,568 [main] INFO  ozoneimpl.OzoneContainer (OzoneContainer.java:stop(231)) - Attempting to stop container services.
2019-09-25 11:42:49,568 [ForkJoinPool.commonPool-worker-1] INFO  ozoneimpl.OzoneContainer (OzoneContainer.java:stop(231)) - Attempting to stop container services.
2019-09-25 11:42:49,568 [main] INFO  impl.RaftServerProxy (RaftServerProxy.java:lambda$close$4(314)) - a7d59ef6-3eca-4628-b097-12d983444e7f: close
2019-09-25 11:42:49,569 [ForkJoinPool.commonPool-worker-1] INFO  impl.RaftServerProxy (RaftServerProxy.java:lambda$close$4(314)) - d0888866-0bad-4f41-ad37-dccd4a57b958: close
2019-09-25 11:42:49,569 [main] INFO  impl.RaftServerImpl (RaftServerImpl.java:lambda$shutdown$3(251)) - a7d59ef6-3eca-4628-b097-12d983444e7f@group-6E9EB1C0F638: shutdown
2019-09-25 11:42:49,569 [ForkJoinPool.commonPool-worker-1] INFO  impl.RaftServerImpl (RaftServerImpl.java:lambda$shutdown$3(251)) - d0888866-0bad-4f41-ad37-dccd4a57b958@group-282EF1BFFEE0: shutdown
2019-09-25 11:42:49,570 [main] INFO  util.JmxRegister (JmxRegister.java:unregister(73)) - Successfully un-registered JMX Bean with object name Ratis:service=RaftServer,group=group-6E9EB1C0F638,id=a7d59ef6-3eca-4628-b097-12d983444e7f
2019-09-25 11:42:49,570 [ForkJoinPool.commonPool-worker-1] INFO  util.JmxRegister (JmxRegister.java:unregister(73)) - Successfully un-registered JMX Bean with object name Ratis:service=RaftServer,group=group-282EF1BFFEE0,id=d0888866-0bad-4f41-ad37-dccd4a57b958
2019-09-25 11:42:49,570 [main] INFO  impl.RoleInfo (RoleInfo.java:shutdownLeaderState(104)) - a7d59ef6-3eca-4628-b097-12d983444e7f: shutdown LeaderState
2019-09-25 11:42:49,570 [ForkJoinPool.commonPool-worker-1] INFO  impl.RoleInfo (RoleInfo.java:shutdownFollowerState(121)) - d0888866-0bad-4f41-ad37-dccd4a57b958: shutdown FollowerState
2019-09-25 11:42:49,575 [ForkJoinPool.commonPool-worker-1] INFO  impl.StateMachineUpdater (StateMachineUpdater.java:stopAndJoin(125)) - d0888866-0bad-4f41-ad37-dccd4a57b958@group-282EF1BFFEE0-StateMachineUpdater: set stopIndex = -1
2019-09-25 11:42:49,575 [org.apache.ratis.server.impl.LogAppender$AppenderDaemon$$Lambda$418/858148741@2804aff6] WARN  server.GrpcLogAppender (GrpcLogAppender.java:mayWait(143)) - a7d59ef6-3eca-4628-b097-12d983444e7f@group-6E9EB1C0F638->b7064b77-9271-4e94-8225-85d895886efb-GrpcLogAppender: Wait interrupted by java.lang.InterruptedException
2019-09-25 11:42:49,575 [Thread-1351] INFO  impl.FollowerState (FollowerState.java:run(115)) - d0888866-0bad-4f41-ad37-dccd4a57b958: FollowerState was interrupted: java.lang.InterruptedException: sleep interrupted
2019-09-25 11:42:49,575 [main] INFO  impl.PendingRequests (PendingRequests.java:sendNotLeaderResponses(202)) - a7d59ef6-3eca-4628-b097-12d983444e7f-PendingRequests: sendNotLeaderResponses
2019-09-25 11:42:49,575 [org.apache.ratis.server.impl.LogAppender$AppenderDaemon$$Lambda$418/858148741@461769] WARN  server.GrpcLogAppender (GrpcLogAppender.java:mayWait(143)) - a7d59ef6-3eca-4628-b097-12d983444e7f@group-6E9EB1C0F638->e081c0a5-acfc-4a29-8262-ee158adf5b11-GrpcLogAppender: Wait interrupted by java.lang.InterruptedException
2019-09-25 11:42:49,576 [ForkJoinPool.commonPool-worker-1] INFO  impl.RaftServerImpl (ServerState.java:close(385)) - d0888866-0bad-4f41-ad37-dccd4a57b958@group-282EF1BFFEE0: closes. applyIndex: -1
2019-09-25 11:42:49,577 [main] INFO  impl.StateMachineUpdater (StateMachineUpdater.java:stopAndJoin(125)) - a7d59ef6-3eca-4628-b097-12d983444e7f@group-6E9EB1C0F638-StateMachineUpdater: set stopIndex = 0
2019-09-25 11:42:49,577 [d0888866-0bad-4f41-ad37-dccd4a57b958@group-282EF1BFFEE0-SegmentedRaftLogWorker] INFO  segmented.SegmentedRaftLogWorker (SegmentedRaftLogWorker.java:run(313)) - d0888866-0bad-4f41-ad37-dccd4a57b958@group-282EF1BFFEE0-SegmentedRaftLogWorker was interrupted, exiting. There are 0 tasks remaining in the queue.
2019-09-25 11:42:49,578 [grpc-default-executor-0] INFO  server.GrpcServerProtocolService (GrpcServerProtocolService.java:onCompleted(113)) - e081c0a5-acfc-4a29-8262-ee158adf5b11: Completed APPEND_ENTRIES, lastRequest: a7d59ef6-3eca-4628-b097-12d983444e7f->e081c0a5-acfc-4a29-8262-ee158adf5b11#5-t7, previous=(t:7, i:0), leaderCommit=0, initializing? false, entries: <empty>
2019-09-25 11:42:49,578 [main] INFO  impl.RaftServerImpl (ServerState.java:close(385)) - a7d59ef6-3eca-4628-b097-12d983444e7f@group-6E9EB1C0F638: closes. applyIndex: 0
2019-09-25 11:42:49,578 [ForkJoinPool.commonPool-worker-1] INFO  segmented.SegmentedRaftLogWorker (SegmentedRaftLogWorker.java:close(228)) - d0888866-0bad-4f41-ad37-dccd4a57b958@group-282EF1BFFEE0-SegmentedRaftLogWorker close()
2019-09-25 11:42:49,579 [a7d59ef6-3eca-4628-b097-12d983444e7f@group-6E9EB1C0F638-SegmentedRaftLogWorker] INFO  segmented.SegmentedRaftLogWorker (SegmentedRaftLogWorker.java:run(313)) - a7d59ef6-3eca-4628-b097-12d983444e7f@group-6E9EB1C0F638-SegmentedRaftLogWorker was interrupted, exiting. There are 0 tasks remaining in the queue.
2019-09-25 11:42:49,578 [grpc-default-executor-0] INFO  server.GrpcLogAppender (GrpcLogAppender.java:onCompleted(293)) - a7d59ef6-3eca-4628-b097-12d983444e7f@group-6E9EB1C0F638->e081c0a5-acfc-4a29-8262-ee158adf5b11-AppendLogResponseHandler: follower responses appendEntries COMPLETED
2019-09-25 11:42:49,581 [main] INFO  segmented.SegmentedRaftLogWorker (SegmentedRaftLogWorker.java:close(228)) - a7d59ef6-3eca-4628-b097-12d983444e7f@group-6E9EB1C0F638-SegmentedRaftLogWorker close()
2019-09-25 11:42:49,580 [ForkJoinPool.commonPool-worker-1] INFO  impl.RaftServerImpl (RaftServerImpl.java:lambda$shutdown$3(251)) - d0888866-0bad-4f41-ad37-dccd4a57b958@group-F2E0294EDFC2: shutdown
2019-09-25 11:42:49,583 [main] INFO  impl.RaftServerImpl (RaftServerImpl.java:lambda$shutdown$3(251)) - a7d59ef6-3eca-4628-b097-12d983444e7f@group-282EF1BFFEE0: shutdown
2019-09-25 11:42:49,581 [grpc-default-executor-0] INFO  impl.FollowerInfo (FollowerInfo.java:lambda$new$0(51)) - a7d59ef6-3eca-4628-b097-12d983444e7f@group-6E9EB1C0F638->e081c0a5-acfc-4a29-8262-ee158adf5b11: nextIndex: updateUnconditionally 1 -> 0
2019-09-25 11:42:49,584 [main] INFO  util.JmxRegister (JmxRegister.java:unregister(73)) - Successfully un-registered JMX Bean with object name Ratis:service=RaftServer,group=group-282EF1BFFEE0,id=a7d59ef6-3eca-4628-b097-12d983444e7f
2019-09-25 11:42:49,583 [ForkJoinPool.commonPool-worker-1] INFO  util.JmxRegister (JmxRegister.java:unregister(73)) - Successfully un-registered JMX Bean with object name Ratis:service=RaftServer,group=group-F2E0294EDFC2,id=d0888866-0bad-4f41-ad37-dccd4a57b958
2019-09-25 11:42:49,584 [main] INFO  impl.RoleInfo (RoleInfo.java:shutdownFollowerState(121)) - a7d59ef6-3eca-4628-b097-12d983444e7f: shutdown FollowerState
2019-09-25 11:42:49,585 [ForkJoinPool.commonPool-worker-1] INFO  impl.RoleInfo (RoleInfo.java:shutdownFollowerState(121)) - d0888866-0bad-4f41-ad37-dccd4a57b958: shutdown FollowerState
2019-09-25 11:42:49,585 [Thread-1352] INFO  impl.FollowerState (FollowerState.java:run(115)) - a7d59ef6-3eca-4628-b097-12d983444e7f: FollowerState was interrupted: java.lang.InterruptedException: sleep interrupted
2019-09-25 11:42:49,585 [main] INFO  impl.StateMachineUpdater (StateMachineUpdater.java:stopAndJoin(125)) - a7d59ef6-3eca-4628-b097-12d983444e7f@group-282EF1BFFEE0-StateMachineUpdater: set stopIndex = -1
2019-09-25 11:42:49,586 [Thread-1228] INFO  impl.FollowerState (FollowerState.java:run(115)) - d0888866-0bad-4f41-ad37-dccd4a57b958: FollowerState was interrupted: java.lang.InterruptedException: sleep interrupted
2019-09-25 11:42:49,585 [ForkJoinPool.commonPool-worker-1] INFO  impl.StateMachineUpdater (StateMachineUpdater.java:stopAndJoin(125)) - d0888866-0bad-4f41-ad37-dccd4a57b958@group-F2E0294EDFC2-StateMachineUpdater: set stopIndex = 0
2019-09-25 11:42:49,586 [ForkJoinPool.commonPool-worker-1] INFO  impl.RaftServerImpl (ServerState.java:close(385)) - d0888866-0bad-4f41-ad37-dccd4a57b958@group-F2E0294EDFC2: closes. applyIndex: 0
2019-09-25 11:42:49,586 [main] INFO  impl.RaftServerImpl (ServerState.java:close(385)) - a7d59ef6-3eca-4628-b097-12d983444e7f@group-282EF1BFFEE0: closes. applyIndex: -1
2019-09-25 11:42:49,587 [d0888866-0bad-4f41-ad37-dccd4a57b958@group-F2E0294EDFC2-SegmentedRaftLogWorker] INFO  segmented.SegmentedRaftLogWorker (SegmentedRaftLogWorker.java:run(313)) - d0888866-0bad-4f41-ad37-dccd4a57b958@group-F2E0294EDFC2-SegmentedRaftLogWorker was interrupted, exiting. There are 0 tasks remaining in the queue.
2019-09-25 11:42:49,587 [a7d59ef6-3eca-4628-b097-12d983444e7f@group-282EF1BFFEE0-SegmentedRaftLogWorker] INFO  segmented.SegmentedRaftLogWorker (SegmentedRaftLogWorker.java:run(313)) - a7d59ef6-3eca-4628-b097-12d983444e7f@group-282EF1BFFEE0-SegmentedRaftLogWorker was interrupted, exiting. There are 0 tasks remaining in the queue.
2019-09-25 11:42:49,588 [ForkJoinPool.commonPool-worker-1] INFO  segmented.SegmentedRaftLogWorker (SegmentedRaftLogWorker.java:close(228)) - d0888866-0bad-4f41-ad37-dccd4a57b958@group-F2E0294EDFC2-SegmentedRaftLogWorker close()
2019-09-25 11:42:49,588 [main] INFO  segmented.SegmentedRaftLogWorker (SegmentedRaftLogWorker.java:close(228)) - a7d59ef6-3eca-4628-b097-12d983444e7f@group-282EF1BFFEE0-SegmentedRaftLogWorker close()
2019-09-25 11:42:49,590 [ForkJoinPool.commonPool-worker-1] INFO  impl.RaftServerImpl (RaftServerImpl.java:lambda$shutdown$3(251)) - d0888866-0bad-4f41-ad37-dccd4a57b958@group-CDCB2C8C105A: shutdown
2019-09-25 11:42:49,592 [main] INFO  impl.RaftServerImpl (RaftServerImpl.java:lambda$shutdown$3(251)) - a7d59ef6-3eca-4628-b097-12d983444e7f@group-47DBAAEC82C8: shutdown
2019-09-25 11:42:49,592 [ForkJoinPool.commonPool-worker-1] INFO  util.JmxRegister (JmxRegister.java:unregister(73)) - Successfully un-registered JMX Bean with object name Ratis:service=RaftServer,group=group-CDCB2C8C105A,id=d0888866-0bad-4f41-ad37-dccd4a57b958
2019-09-25 11:42:49,592 [main] INFO  util.JmxRegister (JmxRegister.java:unregister(73)) - Successfully un-registered JMX Bean with object name Ratis:service=RaftServer,group=group-47DBAAEC82C8,id=a7d59ef6-3eca-4628-b097-12d983444e7f
2019-09-25 11:42:49,592 [ForkJoinPool.commonPool-worker-1] INFO  impl.RoleInfo (RoleInfo.java:shutdownFollowerState(121)) - d0888866-0bad-4f41-ad37-dccd4a57b958: shutdown FollowerState
2019-09-25 11:42:49,593 [main] INFO  impl.RoleInfo (RoleInfo.java:shutdownLeaderState(104)) - a7d59ef6-3eca-4628-b097-12d983444e7f: shutdown LeaderState
2019-09-25 11:42:49,593 [Thread-1161] INFO  impl.FollowerState (FollowerState.java:run(115)) - d0888866-0bad-4f41-ad37-dccd4a57b958: FollowerState was interrupted: java.lang.InterruptedException: sleep interrupted
2019-09-25 11:42:49,593 [ForkJoinPool.commonPool-worker-1] INFO  impl.StateMachineUpdater (StateMachineUpdater.java:stopAndJoin(125)) - d0888866-0bad-4f41-ad37-dccd4a57b958@group-CDCB2C8C105A-StateMachineUpdater: set stopIndex = 0
2019-09-25 11:42:49,597 [ForkJoinPool.commonPool-worker-1] INFO  impl.RaftServerImpl (ServerState.java:close(385)) - d0888866-0bad-4f41-ad37-dccd4a57b958@group-CDCB2C8C105A: closes. applyIndex: 0
2019-09-25 11:42:49,597 [org.apache.ratis.server.impl.LogAppender$AppenderDaemon$$Lambda$418/858148741@4e0b9d80] WARN  server.GrpcLogAppender (GrpcLogAppender.java:mayWait(143)) - a7d59ef6-3eca-4628-b097-12d983444e7f@group-47DBAAEC82C8->b7064b77-9271-4e94-8225-85d895886efb-GrpcLogAppender: Wait interrupted by java.lang.InterruptedException
2019-09-25 11:42:49,598 [d0888866-0bad-4f41-ad37-dccd4a57b958@group-CDCB2C8C105A-SegmentedRaftLogWorker] INFO  segmented.SegmentedRaftLogWorker (SegmentedRaftLogWorker.java:run(313)) - d0888866-0bad-4f41-ad37-dccd4a57b958@group-CDCB2C8C105A-SegmentedRaftLogWorker was interrupted, exiting. There are 0 tasks remaining in the queue.
2019-09-25 11:42:49,597 [org.apache.ratis.server.impl.LogAppender$AppenderDaemon$$Lambda$418/858148741@36179d70] WARN  server.GrpcLogAppender (GrpcLogAppender.java:mayWait(143)) - a7d59ef6-3eca-4628-b097-12d983444e7f@group-47DBAAEC82C8->8c24ed06-386e-4085-8931-93c762a64530-GrpcLogAppender: Wait interrupted by java.lang.InterruptedException
2019-09-25 11:42:49,598 [ForkJoinPool.commonPool-worker-1] INFO  segmented.SegmentedRaftLogWorker (SegmentedRaftLogWorker.java:close(228)) - d0888866-0bad-4f41-ad37-dccd4a57b958@group-CDCB2C8C105A-SegmentedRaftLogWorker close()
2019-09-25 11:42:49,597 [main] INFO  impl.PendingRequests (PendingRequests.java:sendNotLeaderResponses(202)) - a7d59ef6-3eca-4628-b097-12d983444e7f-PendingRequests: sendNotLeaderResponses
2019-09-25 11:42:49,600 [ForkJoinPool.commonPool-worker-1] INFO  impl.RaftServerImpl (RaftServerImpl.java:lambda$shutdown$3(251)) - d0888866-0bad-4f41-ad37-dccd4a57b958@group-071025EF7F78: shutdown
2019-09-25 11:42:49,600 [main] INFO  impl.StateMachineUpdater (StateMachineUpdater.java:stopAndJoin(125)) - a7d59ef6-3eca-4628-b097-12d983444e7f@group-47DBAAEC82C8-StateMachineUpdater: set stopIndex = 0
2019-09-25 11:42:49,600 [ForkJoinPool.commonPool-worker-1] INFO  util.JmxRegister (JmxRegister.java:unregister(73)) - Successfully un-registered JMX Bean with object name Ratis:service=RaftServer,group=group-071025EF7F78,id=d0888866-0bad-4f41-ad37-dccd4a57b958
2019-09-25 11:42:49,601 [main] INFO  impl.RaftServerImpl (ServerState.java:close(385)) - a7d59ef6-3eca-4628-b097-12d983444e7f@group-47DBAAEC82C8: closes. applyIndex: 0
2019-09-25 11:42:49,601 [ForkJoinPool.commonPool-worker-1] INFO  impl.RoleInfo (RoleInfo.java:shutdownFollowerState(121)) - d0888866-0bad-4f41-ad37-dccd4a57b958: shutdown FollowerState
2019-09-25 11:42:49,602 [a7d59ef6-3eca-4628-b097-12d983444e7f@group-47DBAAEC82C8-SegmentedRaftLogWorker] INFO  segmented.SegmentedRaftLogWorker (SegmentedRaftLogWorker.java:run(313)) - a7d59ef6-3eca-4628-b097-12d983444e7f@group-47DBAAEC82C8-SegmentedRaftLogWorker was interrupted, exiting. There are 0 tasks remaining in the queue.
2019-09-25 11:42:49,602 [ForkJoinPool.commonPool-worker-1] INFO  impl.StateMachineUpdater (StateMachineUpdater.java:stopAndJoin(125)) - d0888866-0bad-4f41-ad37-dccd4a57b958@group-071025EF7F78-StateMachineUpdater: set stopIndex = 0
2019-09-25 11:42:49,602 [main] INFO  segmented.SegmentedRaftLogWorker (SegmentedRaftLogWorker.java:close(228)) - a7d59ef6-3eca-4628-b097-12d983444e7f@group-47DBAAEC82C8-SegmentedRaftLogWorker close()
2019-09-25 11:42:49,602 [Thread-1233] INFO  impl.FollowerState (FollowerState.java:run(115)) - d0888866-0bad-4f41-ad37-dccd4a57b958: FollowerState was interrupted: java.lang.InterruptedException: sleep interrupted
2019-09-25 11:42:49,602 [ForkJoinPool.commonPool-worker-1] INFO  impl.RaftServerImpl (ServerState.java:close(385)) - d0888866-0bad-4f41-ad37-dccd4a57b958@group-071025EF7F78: closes. applyIndex: 0
2019-09-25 11:42:49,604 [main] INFO  impl.RaftServerImpl (RaftServerImpl.java:lambda$shutdown$3(251)) - a7d59ef6-3eca-4628-b097-12d983444e7f@group-7CC56FB5D3F9: shutdown
2019-09-25 11:42:49,605 [d0888866-0bad-4f41-ad37-dccd4a57b958@group-071025EF7F78-SegmentedRaftLogWorker] INFO  segmented.SegmentedRaftLogWorker (SegmentedRaftLogWorker.java:run(313)) - d0888866-0bad-4f41-ad37-dccd4a57b958@group-071025EF7F78-SegmentedRaftLogWorker was interrupted, exiting. There are 0 tasks remaining in the queue.
2019-09-25 11:42:49,605 [main] INFO  util.JmxRegister (JmxRegister.java:unregister(73)) - Successfully un-registered JMX Bean with object name Ratis:service=RaftServer,group=group-7CC56FB5D3F9,id=a7d59ef6-3eca-4628-b097-12d983444e7f
2019-09-25 11:42:49,605 [ForkJoinPool.commonPool-worker-1] INFO  segmented.SegmentedRaftLogWorker (SegmentedRaftLogWorker.java:close(228)) - d0888866-0bad-4f41-ad37-dccd4a57b958@group-071025EF7F78-SegmentedRaftLogWorker close()
2019-09-25 11:42:49,606 [main] INFO  impl.RoleInfo (RoleInfo.java:shutdownFollowerState(121)) - a7d59ef6-3eca-4628-b097-12d983444e7f: shutdown FollowerState
2019-09-25 11:42:49,608 [ForkJoinPool.commonPool-worker-1] INFO  impl.RaftServerImpl (RaftServerImpl.java:lambda$shutdown$3(251)) - d0888866-0bad-4f41-ad37-dccd4a57b958@group-DBE87B3B08CE: shutdown
2019-09-25 11:42:49,608 [Thread-1166] INFO  impl.FollowerState (FollowerState.java:run(115)) - a7d59ef6-3eca-4628-b097-12d983444e7f: FollowerState was interrupted: java.lang.InterruptedException: sleep interrupted
2019-09-25 11:42:49,608 [main] INFO  impl.StateMachineUpdater (StateMachineUpdater.java:stopAndJoin(125)) - a7d59ef6-3eca-4628-b097-12d983444e7f@group-7CC56FB5D3F9-StateMachineUpdater: set stopIndex = 0
2019-09-25 11:42:49,609 [main] INFO  impl.RaftServerImpl (ServerState.java:close(385)) - a7d59ef6-3eca-4628-b097-12d983444e7f@group-7CC56FB5D3F9: closes. applyIndex: 0
2019-09-25 11:42:49,608 [ForkJoinPool.commonPool-worker-1] INFO  util.JmxRegister (JmxRegister.java:unregister(73)) - Successfully un-registered JMX Bean with object name Ratis:service=RaftServer,group=group-DBE87B3B08CE,id=d0888866-0bad-4f41-ad37-dccd4a57b958
2019-09-25 11:42:49,609 [a7d59ef6-3eca-4628-b097-12d983444e7f@group-7CC56FB5D3F9-SegmentedRaftLogWorker] INFO  segmented.SegmentedRaftLogWorker (SegmentedRaftLogWorker.java:run(313)) - a7d59ef6-3eca-4628-b097-12d983444e7f@group-7CC56FB5D3F9-SegmentedRaftLogWorker was interrupted, exiting. There are 0 tasks remaining in the queue.
2019-09-25 11:42:49,609 [ForkJoinPool.commonPool-worker-1] INFO  impl.RoleInfo (RoleInfo.java:shutdownLeaderState(104)) - d0888866-0bad-4f41-ad37-dccd4a57b958: shutdown LeaderState
2019-09-25 11:42:49,610 [main] INFO  segmented.SegmentedRaftLogWorker (SegmentedRaftLogWorker.java:close(228)) - a7d59ef6-3eca-4628-b097-12d983444e7f@group-7CC56FB5D3F9-SegmentedRaftLogWorker close()
2019-09-25 11:42:49,613 [org.apache.ratis.server.impl.LogAppender$AppenderDaemon$$Lambda$418/858148741@3182649a] WARN  server.GrpcLogAppender (GrpcLogAppender.java:mayWait(143)) - d0888866-0bad-4f41-ad37-dccd4a57b958@group-DBE87B3B08CE->a7d59ef6-3eca-4628-b097-12d983444e7f-GrpcLogAppender: Wait interrupted by java.lang.InterruptedException
2019-09-25 11:42:49,622 [main] INFO  impl.RaftServerImpl (RaftServerImpl.java:lambda$shutdown$3(251)) - a7d59ef6-3eca-4628-b097-12d983444e7f@group-F2E0294EDFC2: shutdown
2019-09-25 11:42:49,613 [org.apache.ratis.server.impl.LogAppender$AppenderDaemon$$Lambda$418/858148741@bb81dcb] WARN  server.GrpcLogAppender (GrpcLogAppender.java:mayWait(143)) - d0888866-0bad-4f41-ad37-dccd4a57b958@group-DBE87B3B08CE->8c24ed06-386e-4085-8931-93c762a64530-GrpcLogAppender: Wait interrupted by java.lang.InterruptedException
2019-09-25 11:42:49,613 [ForkJoinPool.commonPool-worker-1] INFO  impl.PendingRequests (PendingRequests.java:sendNotLeaderResponses(202)) - d0888866-0bad-4f41-ad37-dccd4a57b958-PendingRequests: sendNotLeaderResponses
2019-09-25 11:42:49,623 [main] INFO  util.JmxRegister (JmxRegister.java:unregister(73)) - Successfully un-registered JMX Bean with object name Ratis:service=RaftServer,group=group-F2E0294EDFC2,id=a7d59ef6-3eca-4628-b097-12d983444e7f
2019-09-25 11:42:49,623 [ForkJoinPool.commonPool-worker-1] INFO  impl.StateMachineUpdater (StateMachineUpdater.java:stopAndJoin(125)) - d0888866-0bad-4f41-ad37-dccd4a57b958@group-DBE87B3B08CE-StateMachineUpdater: set stopIndex = 0
2019-09-25 11:42:49,624 [ForkJoinPool.commonPool-worker-1] INFO  impl.RaftServerImpl (ServerState.java:close(385)) - d0888866-0bad-4f41-ad37-dccd4a57b958@group-DBE87B3B08CE: closes. applyIndex: 0
2019-09-25 11:42:49,623 [grpc-default-executor-0] INFO  server.GrpcServerProtocolService (GrpcServerProtocolService.java:onCompleted(113)) - a7d59ef6-3eca-4628-b097-12d983444e7f: Completed APPEND_ENTRIES, lastRequest: d0888866-0bad-4f41-ad37-dccd4a57b958->a7d59ef6-3eca-4628-b097-12d983444e7f#5-t7, previous=(t:7, i:0), leaderCommit=0, initializing? false, entries: <empty>
2019-09-25 11:42:49,624 [d0888866-0bad-4f41-ad37-dccd4a57b958@group-DBE87B3B08CE-SegmentedRaftLogWorker] INFO  segmented.SegmentedRaftLogWorker (SegmentedRaftLogWorker.java:run(313)) - d0888866-0bad-4f41-ad37-dccd4a57b958@group-DBE87B3B08CE-SegmentedRaftLogWorker was interrupted, exiting. There are 0 tasks remaining in the queue.
2019-09-25 11:42:49,624 [main] INFO  impl.RoleInfo (RoleInfo.java:shutdownLeaderState(104)) - a7d59ef6-3eca-4628-b097-12d983444e7f: shutdown LeaderState
2019-09-25 11:42:49,625 [grpc-default-executor-0] INFO  server.GrpcLogAppender (GrpcLogAppender.java:onCompleted(293)) - d0888866-0bad-4f41-ad37-dccd4a57b958@group-DBE87B3B08CE->a7d59ef6-3eca-4628-b097-12d983444e7f-AppendLogResponseHandler: follower responses appendEntries COMPLETED
2019-09-25 11:42:49,625 [ForkJoinPool.commonPool-worker-1] INFO  segmented.SegmentedRaftLogWorker (SegmentedRaftLogWorker.java:close(228)) - d0888866-0bad-4f41-ad37-dccd4a57b958@group-DBE87B3B08CE-SegmentedRaftLogWorker close()
2019-09-25 11:42:49,629 [grpc-default-executor-0] INFO  impl.FollowerInfo (FollowerInfo.java:lambda$new$0(51)) - d0888866-0bad-4f41-ad37-dccd4a57b958@group-DBE87B3B08CE->a7d59ef6-3eca-4628-b097-12d983444e7f: nextIndex: updateUnconditionally 1 -> 0
2019-09-25 11:42:49,629 [org.apache.ratis.server.impl.LogAppender$AppenderDaemon$$Lambda$418/858148741@225cead4] WARN  server.GrpcLogAppender (GrpcLogAppender.java:mayWait(143)) - a7d59ef6-3eca-4628-b097-12d983444e7f@group-F2E0294EDFC2->b7064b77-9271-4e94-8225-85d895886efb-GrpcLogAppender: Wait interrupted by java.lang.InterruptedException
2019-09-25 11:42:49,629 [main] INFO  impl.PendingRequests (PendingRequests.java:sendNotLeaderResponses(202)) - a7d59ef6-3eca-4628-b097-12d983444e7f-PendingRequests: sendNotLeaderResponses
2019-09-25 11:42:49,629 [org.apache.ratis.server.impl.LogAppender$AppenderDaemon$$Lambda$418/858148741@46774d23] WARN  server.GrpcLogAppender (GrpcLogAppender.java:mayWait(143)) - a7d59ef6-3eca-4628-b097-12d983444e7f@group-F2E0294EDFC2->d0888866-0bad-4f41-ad37-dccd4a57b958-GrpcLogAppender: Wait interrupted by java.lang.InterruptedException
2019-09-25 11:42:49,629 [ForkJoinPool.commonPool-worker-1] INFO  impl.RaftServerImpl (RaftServerImpl.java:lambda$shutdown$3(251)) - d0888866-0bad-4f41-ad37-dccd4a57b958@group-ADB1B60517AF: shutdown
2019-09-25 11:42:49,630 [main] INFO  impl.StateMachineUpdater (StateMachineUpdater.java:stopAndJoin(125)) - a7d59ef6-3eca-4628-b097-12d983444e7f@group-F2E0294EDFC2-StateMachineUpdater: set stopIndex = 0
2019-09-25 11:42:49,631 [grpc-default-executor-0] INFO  server.GrpcServerProtocolService (GrpcServerProtocolService.java:onCompleted(113)) - d0888866-0bad-4f41-ad37-dccd4a57b958: Completed APPEND_ENTRIES, lastRequest: a7d59ef6-3eca-4628-b097-12d983444e7f->d0888866-0bad-4f41-ad37-dccd4a57b958#5-t7, previous=(t:7, i:0), leaderCommit=0, initializing? false, entries: <empty>
2019-09-25 11:42:49,630 [ForkJoinPool.commonPool-worker-1] INFO  util.JmxRegister (JmxRegister.java:unregister(73)) - Successfully un-registered JMX Bean with object name Ratis:service=RaftServer,group=group-ADB1B60517AF,id=d0888866-0bad-4f41-ad37-dccd4a57b958
2019-09-25 11:42:49,631 [ForkJoinPool.commonPool-worker-1] INFO  impl.RoleInfo (RoleInfo.java:shutdownFollowerState(121)) - d0888866-0bad-4f41-ad37-dccd4a57b958: shutdown FollowerState
2019-09-25 11:42:49,631 [main] INFO  impl.RaftServerImpl (ServerState.java:close(385)) - a7d59ef6-3eca-4628-b097-12d983444e7f@group-F2E0294EDFC2: closes. applyIndex: 0
2019-09-25 11:42:49,632 [Thread-1207] INFO  impl.FollowerState (FollowerState.java:run(115)) - d0888866-0bad-4f41-ad37-dccd4a57b958: FollowerState was interrupted: java.lang.InterruptedException: sleep interrupted
2019-09-25 11:42:49,632 [ForkJoinPool.commonPool-worker-1] INFO  impl.StateMachineUpdater (StateMachineUpdater.java:stopAndJoin(125)) - d0888866-0bad-4f41-ad37-dccd4a57b958@group-ADB1B60517AF-StateMachineUpdater: set stopIndex = 0
2019-09-25 11:42:49,632 [ForkJoinPool.commonPool-worker-1] INFO  impl.RaftServerImpl (ServerState.java:close(385)) - d0888866-0bad-4f41-ad37-dccd4a57b958@group-ADB1B60517AF: closes. applyIndex: 0
2019-09-25 11:42:49,631 [grpc-default-executor-0] INFO  server.GrpcLogAppender (GrpcLogAppender.java:onCompleted(293)) - a7d59ef6-3eca-4628-b097-12d983444e7f@group-F2E0294EDFC2->d0888866-0bad-4f41-ad37-dccd4a57b958-AppendLogResponseHandler: follower responses appendEntries COMPLETED
2019-09-25 11:42:49,633 [d0888866-0bad-4f41-ad37-dccd4a57b958@group-ADB1B60517AF-SegmentedRaftLogWorker] INFO  segmented.SegmentedRaftLogWorker (SegmentedRaftLogWorker.java:run(313)) - d0888866-0bad-4f41-ad37-dccd4a57b958@group-ADB1B60517AF-SegmentedRaftLogWorker was interrupted, exiting. There are 0 tasks remaining in the queue.
2019-09-25 11:42:49,632 [a7d59ef6-3eca-4628-b097-12d983444e7f@group-F2E0294EDFC2-SegmentedRaftLogWorker] INFO  segmented.SegmentedRaftLogWorker (SegmentedRaftLogWorker.java:run(313)) - a7d59ef6-3eca-4628-b097-12d983444e7f@group-F2E0294EDFC2-SegmentedRaftLogWorker was interrupted, exiting. There are 0 tasks remaining in the queue.
2019-09-25 11:42:49,633 [ForkJoinPool.commonPool-worker-1] INFO  segmented.SegmentedRaftLogWorker (SegmentedRaftLogWorker.java:close(228)) - d0888866-0bad-4f41-ad37-dccd4a57b958@group-ADB1B60517AF-SegmentedRaftLogWorker close()
2019-09-25 11:42:49,633 [grpc-default-executor-0] INFO  impl.FollowerInfo (FollowerInfo.java:lambda$new$0(51)) - a7d59ef6-3eca-4628-b097-12d983444e7f@group-F2E0294EDFC2->d0888866-0bad-4f41-ad37-dccd4a57b958: nextIndex: updateUnconditionally 1 -> 0
2019-09-25 11:42:49,633 [ForkJoinPool.commonPool-worker-1] INFO  server.GrpcService (GrpcService.java:closeImpl(164)) - d0888866-0bad-4f41-ad37-dccd4a57b958: shutdown server with port 45405 now
2019-09-25 11:42:49,633 [main] INFO  segmented.SegmentedRaftLogWorker (SegmentedRaftLogWorker.java:close(228)) - a7d59ef6-3eca-4628-b097-12d983444e7f@group-F2E0294EDFC2-SegmentedRaftLogWorker close()
2019-09-25 11:42:49,634 [main] INFO  impl.RaftServerImpl (RaftServerImpl.java:lambda$shutdown$3(251)) - a7d59ef6-3eca-4628-b097-12d983444e7f@group-DBE87B3B08CE: shutdown
2019-09-25 11:42:49,635 [grpc-default-executor-20] WARN  server.GrpcServerProtocolService (LogUtils.java:warn(134)) - d0888866-0bad-4f41-ad37-dccd4a57b958: installSnapshot onError, lastRequest: 19e67e26-3d21-4d01-be9f-29113a4a814c->d0888866-0bad-4f41-ad37-dccd4a57b958#5-t7, previous=(t:7, i:0), leaderCommit=0, initializing? false, entries: <empty>: org.apache.ratis.thirdparty.io.grpc.StatusRuntimeException: CANCELLED: cancelled before receiving half close
2019-09-25 11:42:49,635 [grpc-default-executor-13] WARN  server.GrpcServerProtocolService (LogUtils.java:warn(134)) - d0888866-0bad-4f41-ad37-dccd4a57b958: installSnapshot onError, lastRequest: 19e67e26-3d21-4d01-be9f-29113a4a814c->d0888866-0bad-4f41-ad37-dccd4a57b958#5-t7, previous=(t:7, i:0), leaderCommit=0, initializing? false, entries: <empty>: org.apache.ratis.thirdparty.io.grpc.StatusRuntimeException: CANCELLED: cancelled before receiving half close
2019-09-25 11:42:49,635 [ForkJoinPool.commonPool-worker-1] INFO  server.GrpcService (GrpcService.java:closeImpl(172)) - d0888866-0bad-4f41-ad37-dccd4a57b958: shutdown server with port 45405 successfully
2019-09-25 11:42:49,635 [main] INFO  util.JmxRegister (JmxRegister.java:unregister(73)) - Successfully un-registered JMX Bean with object name Ratis:service=RaftServer,group=group-DBE87B3B08CE,id=a7d59ef6-3eca-4628-b097-12d983444e7f
2019-09-25 11:42:49,635 [grpc-default-executor-0] WARN  server.GrpcLogAppender (LogUtils.java:warn(134)) - 19e67e26-3d21-4d01-be9f-29113a4a814c@group-ADB1B60517AF->d0888866-0bad-4f41-ad37-dccd4a57b958-AppendLogResponseHandler: Failed appendEntries: org.apache.ratis.thirdparty.io.grpc.StatusRuntimeException: CANCELLED: HTTP/2 error code: CANCEL
Received Rst Stream
2019-09-25 11:42:49,635 [grpc-default-executor-19] WARN  server.GrpcLogAppender (LogUtils.java:warn(134)) - 19e67e26-3d21-4d01-be9f-29113a4a814c@group-071025EF7F78->d0888866-0bad-4f41-ad37-dccd4a57b958-AppendLogResponseHandler: Failed appendEntries: org.apache.ratis.thirdparty.io.grpc.StatusRuntimeException: CANCELLED: HTTP/2 error code: CANCEL
Received Rst Stream
2019-09-25 11:42:49,636 [grpc-default-executor-0] INFO  impl.FollowerInfo (FollowerInfo.java:lambda$new$0(51)) - 19e67e26-3d21-4d01-be9f-29113a4a814c@group-ADB1B60517AF->d0888866-0bad-4f41-ad37-dccd4a57b958: nextIndex: updateUnconditionally 1 -> 0
2019-09-25 11:42:49,636 [main] INFO  impl.RoleInfo (RoleInfo.java:shutdownFollowerState(121)) - a7d59ef6-3eca-4628-b097-12d983444e7f: shutdown FollowerState
2019-09-25 11:42:49,636 [grpc-default-executor-19] INFO  impl.FollowerInfo (FollowerInfo.java:lambda$new$0(51)) - 19e67e26-3d21-4d01-be9f-29113a4a814c@group-071025EF7F78->d0888866-0bad-4f41-ad37-dccd4a57b958: nextIndex: updateUnconditionally 1 -> 0
2019-09-25 11:42:49,637 [Thread-1167] INFO  impl.FollowerState (FollowerState.java:run(115)) - a7d59ef6-3eca-4628-b097-12d983444e7f: FollowerState was interrupted: java.lang.InterruptedException: sleep interrupted
2019-09-25 11:42:49,637 [main] INFO  impl.StateMachineUpdater (StateMachineUpdater.java:stopAndJoin(125)) - a7d59ef6-3eca-4628-b097-12d983444e7f@group-DBE87B3B08CE-StateMachineUpdater: set stopIndex = 0
2019-09-25 11:42:49,638 [main] INFO  impl.RaftServerImpl (ServerState.java:close(385)) - a7d59ef6-3eca-4628-b097-12d983444e7f@group-DBE87B3B08CE: closes. applyIndex: 0
2019-09-25 11:42:49,638 [a7d59ef6-3eca-4628-b097-12d983444e7f@group-DBE87B3B08CE-SegmentedRaftLogWorker] INFO  segmented.SegmentedRaftLogWorker (SegmentedRaftLogWorker.java:run(313)) - a7d59ef6-3eca-4628-b097-12d983444e7f@group-DBE87B3B08CE-SegmentedRaftLogWorker was interrupted, exiting. There are 0 tasks remaining in the queue.
2019-09-25 11:42:49,638 [main] INFO  segmented.SegmentedRaftLogWorker (SegmentedRaftLogWorker.java:close(228)) - a7d59ef6-3eca-4628-b097-12d983444e7f@group-DBE87B3B08CE-SegmentedRaftLogWorker close()
2019-09-25 11:42:49,639 [main] INFO  server.GrpcService (GrpcService.java:closeImpl(164)) - a7d59ef6-3eca-4628-b097-12d983444e7f: shutdown server with port 43486 now
2019-09-25 11:42:49,640 [grpc-default-executor-13] WARN  server.GrpcServerProtocolService (LogUtils.java:warn(134)) - a7d59ef6-3eca-4628-b097-12d983444e7f: installSnapshot onError, lastRequest: 19e67e26-3d21-4d01-be9f-29113a4a814c->a7d59ef6-3eca-4628-b097-12d983444e7f#5-t7, previous=(t:7, i:0), leaderCommit=0, initializing? false, entries: <empty>: org.apache.ratis.thirdparty.io.grpc.StatusRuntimeException: CANCELLED: cancelled before receiving half close
2019-09-25 11:42:49,640 [main] INFO  server.GrpcService (GrpcService.java:closeImpl(172)) - a7d59ef6-3eca-4628-b097-12d983444e7f: shutdown server with port 43486 successfully
2019-09-25 11:42:49,641 [grpc-default-executor-0] WARN  server.GrpcLogAppender (LogUtils.java:warn(134)) - 19e67e26-3d21-4d01-be9f-29113a4a814c@group-7CC56FB5D3F9->a7d59ef6-3eca-4628-b097-12d983444e7f-AppendLogResponseHandler: Failed appendEntries: org.apache.ratis.thirdparty.io.grpc.StatusRuntimeException: CANCELLED: HTTP/2 error code: CANCEL
Received Rst Stream
2019-09-25 11:42:49,643 [grpc-default-executor-0] INFO  impl.FollowerInfo (FollowerInfo.java:lambda$new$0(51)) - 19e67e26-3d21-4d01-be9f-29113a4a814c@group-7CC56FB5D3F9->a7d59ef6-3eca-4628-b097-12d983444e7f: nextIndex: updateUnconditionally 1 -> 0
2019-09-25 11:42:49,643 [refreshUsed-/workdir/hadoop-ozone/integration-test/target/test-dir/MiniOzoneClusterImpl-85c44edd-3ede-4f6a-a825-df7bd545a955/datanode-2/data/containers] WARN  fs.CachingGetSpaceUsed (CachingGetSpaceUsed.java:run(183)) - Thread Interrupted waiting to refresh disk information: sleep interrupted
2019-09-25 11:42:49,645 [refreshUsed-/workdir/hadoop-ozone/integration-test/target/test-dir/MiniOzoneClusterImpl-85c44edd-3ede-4f6a-a825-df7bd545a955/datanode-5/data/containers] WARN  fs.CachingGetSpaceUsed (CachingGetSpaceUsed.java:run(183)) - Thread Interrupted waiting to refresh disk information: sleep interrupted
2019-09-25 11:42:49,661 [ForkJoinPool.commonPool-worker-1] INFO  utils.BackgroundService (BackgroundService.java:shutdown(148)) - Shutting down service BlockDeletingService
2019-09-25 11:42:49,664 [ForkJoinPool.commonPool-worker-1] INFO  statemachine.DatanodeStateMachine (DatanodeStateMachine.java:stopDaemon(395)) - Ozone container server stopped.
2019-09-25 11:42:49,668 [ForkJoinPool.commonPool-worker-1] INFO  handler.ContextHandler (ContextHandler.java:doStop(910)) - Stopped o.e.j.w.WebAppContext@36c2b646{/,null,UNAVAILABLE}{/hddsDatanode}
2019-09-25 11:42:49,669 [ForkJoinPool.commonPool-worker-1] INFO  server.AbstractConnector (AbstractConnector.java:doStop(318)) - Stopped ServerConnector@434514d8{HTTP/1.1,[http/1.1]}{0.0.0.0:0}
2019-09-25 11:42:49,670 [ForkJoinPool.commonPool-worker-1] INFO  handler.ContextHandler (ContextHandler.java:doStop(910)) - Stopped o.e.j.s.ServletContextHandler@40e37b06{/static,jar:file:/home/user/.m2/repository/org/apache/hadoop/hadoop-hdds-container-service/0.5.0-SNAPSHOT/hadoop-hdds-container-service-0.5.0-SNAPSHOT.jar!/webapps/static,UNAVAILABLE}
2019-09-25 11:42:49,670 [main] INFO  utils.BackgroundService (BackgroundService.java:shutdown(148)) - Shutting down service BlockDeletingService
2019-09-25 11:42:49,672 [ForkJoinPool.commonPool-worker-1] INFO  handler.ContextHandler (ContextHandler.java:doStop(910)) - Stopped o.e.j.s.ServletContextHandler@b52b755{/logs,file:///workdir/hadoop-ozone/integration-test/target/log,UNAVAILABLE}
2019-09-25 11:42:49,675 [main] INFO  statemachine.DatanodeStateMachine (DatanodeStateMachine.java:stopDaemon(395)) - Ozone container server stopped.
2019-09-25 11:42:49,676 [main] INFO  handler.ContextHandler (ContextHandler.java:doStop(910)) - Stopped o.e.j.w.WebAppContext@46a145ba{/,null,UNAVAILABLE}{/hddsDatanode}
2019-09-25 11:42:49,677 [main] INFO  server.AbstractConnector (AbstractConnector.java:doStop(318)) - Stopped ServerConnector@7ab34619{HTTP/1.1,[http/1.1]}{0.0.0.0:0}
2019-09-25 11:42:49,677 [main] INFO  handler.ContextHandler (ContextHandler.java:doStop(910)) - Stopped o.e.j.s.ServletContextHandler@12d5c30e{/static,jar:file:/home/user/.m2/repository/org/apache/hadoop/hadoop-hdds-container-service/0.5.0-SNAPSHOT/hadoop-hdds-container-service-0.5.0-SNAPSHOT.jar!/webapps/static,UNAVAILABLE}
2019-09-25 11:42:49,678 [main] INFO  handler.ContextHandler (ContextHandler.java:doStop(910)) - Stopped o.e.j.s.ServletContextHandler@77bb48d5{/logs,file:///workdir/hadoop-ozone/integration-test/target/log,UNAVAILABLE}
2019-09-25 11:42:49,773 [Datanode State Machine Thread - 0] INFO  statemachine.DatanodeStateMachine (DatanodeStateMachine.java:lambda$startDaemon$0(350)) - Ozone container server started.
2019-09-25 11:42:50,085 [Datanode State Machine Thread - 0] INFO  statemachine.DatanodeStateMachine (DatanodeStateMachine.java:lambda$startDaemon$0(350)) - Ozone container server started.
2019-09-25 11:42:50,131 [Thread-1347] INFO  impl.FollowerState (FollowerState.java:run(106)) - 19e67e26-3d21-4d01-be9f-29113a4a814c:group-B9DEF2EDD277 changes to CANDIDATE, lastRpcTime:5037, electionTimeout:5037ms
2019-09-25 11:42:50,132 [Thread-1347] INFO  impl.RoleInfo (RoleInfo.java:shutdownFollowerState(121)) - 19e67e26-3d21-4d01-be9f-29113a4a814c: shutdown FollowerState
2019-09-25 11:42:50,132 [Thread-1347] INFO  impl.RaftServerImpl (RaftServerImpl.java:setRole(174)) - 19e67e26-3d21-4d01-be9f-29113a4a814c@group-B9DEF2EDD277: changes role from  FOLLOWER to CANDIDATE at term 9 for changeToCandidate
2019-09-25 11:42:50,132 [Thread-1347] INFO  impl.RoleInfo (RoleInfo.java:updateAndGet(143)) - 19e67e26-3d21-4d01-be9f-29113a4a814c: start LeaderElection
2019-09-25 11:42:50,149 [19e67e26-3d21-4d01-be9f-29113a4a814c@group-B9DEF2EDD277:LeaderElection225] INFO  impl.LeaderElection (LeaderElection.java:askForVotes(182)) - 19e67e26-3d21-4d01-be9f-29113a4a814c@group-B9DEF2EDD277:LeaderElection225: begin an election at term 10 for -1: [19e67e26-3d21-4d01-be9f-29113a4a814c:192.168.30.6:34535, 8c24ed06-386e-4085-8931-93c762a64530:192.168.30.6:32862, b7064b77-9271-4e94-8225-85d895886efb:192.168.30.6:41519], old=null
2019-09-25 11:42:50,151 [19e67e26-3d21-4d01-be9f-29113a4a814c@group-B9DEF2EDD277:LeaderElection225] INFO  impl.LeaderElection (LogUtils.java:infoOrTrace(149)) - 19e67e26-3d21-4d01-be9f-29113a4a814c@group-B9DEF2EDD277:LeaderElection225 got exception when requesting votes: {}
java.util.concurrent.ExecutionException: org.apache.ratis.thirdparty.io.grpc.StatusRuntimeException: UNAVAILABLE: io exception
	at java.util.concurrent.FutureTask.report(FutureTask.java:122)
	at java.util.concurrent.FutureTask.get(FutureTask.java:192)
	at org.apache.ratis.server.impl.LeaderElection.waitForResults(LeaderElection.java:263)
	at org.apache.ratis.server.impl.LeaderElection.askForVotes(LeaderElection.java:201)
	at org.apache.ratis.server.impl.LeaderElection.run(LeaderElection.java:133)
	at java.lang.Thread.run(Thread.java:748)
Caused by: org.apache.ratis.thirdparty.io.grpc.StatusRuntimeException: UNAVAILABLE: io exception
	at org.apache.ratis.thirdparty.io.grpc.stub.ClientCalls.toStatusRuntimeException(ClientCalls.java:233)
	at org.apache.ratis.thirdparty.io.grpc.stub.ClientCalls.getUnchecked(ClientCalls.java:214)
	at org.apache.ratis.thirdparty.io.grpc.stub.ClientCalls.blockingUnaryCall(ClientCalls.java:139)
	at org.apache.ratis.proto.grpc.RaftServerProtocolServiceGrpc$RaftServerProtocolServiceBlockingStub.requestVote(RaftServerProtocolServiceGrpc.java:265)
	at org.apache.ratis.grpc.server.GrpcServerProtocolClient.requestVote(GrpcServerProtocolClient.java:90)
	at org.apache.ratis.grpc.server.GrpcService.requestVote(GrpcService.java:204)
	at org.apache.ratis.server.impl.LeaderElection.lambda$submitRequests$1(LeaderElection.java:238)
	at java.util.concurrent.FutureTask.run(FutureTask.java:266)
	at java.util.concurrent.Executors$RunnableAdapter.call(Executors.java:511)
	at java.util.concurrent.FutureTask.run(FutureTask.java:266)
	at java.util.concurrent.ThreadPoolExecutor.runWorker(ThreadPoolExecutor.java:1149)
	at java.util.concurrent.ThreadPoolExecutor$Worker.run(ThreadPoolExecutor.java:624)
	... 1 more
Caused by: org.apache.ratis.thirdparty.io.netty.channel.AbstractChannel$AnnotatedConnectException: Connection refused: /192.168.30.6:41519
	at sun.nio.ch.SocketChannelImpl.checkConnect(Native Method)
	at sun.nio.ch.SocketChannelImpl.finishConnect(SocketChannelImpl.java:717)
	at org.apache.ratis.thirdparty.io.netty.channel.socket.nio.NioSocketChannel.doFinishConnect(NioSocketChannel.java:327)
	at org.apache.ratis.thirdparty.io.netty.channel.nio.AbstractNioChannel$AbstractNioUnsafe.finishConnect(AbstractNioChannel.java:340)
	at org.apache.ratis.thirdparty.io.netty.channel.nio.NioEventLoop.processSelectedKey(NioEventLoop.java:632)
	at org.apache.ratis.thirdparty.io.netty.channel.nio.NioEventLoop.processSelectedKeysOptimized(NioEventLoop.java:579)
	at org.apache.ratis.thirdparty.io.netty.channel.nio.NioEventLoop.processSelectedKeys(NioEventLoop.java:496)
	at org.apache.ratis.thirdparty.io.netty.channel.nio.NioEventLoop.run(NioEventLoop.java:458)
	at org.apache.ratis.thirdparty.io.netty.util.concurrent.SingleThreadEventExecutor$5.run(SingleThreadEventExecutor.java:897)
	at org.apache.ratis.thirdparty.io.netty.util.concurrent.FastThreadLocalRunnable.run(FastThreadLocalRunnable.java:30)
	... 1 more
Caused by: java.net.ConnectException: Connection refused
	... 11 more
2019-09-25 11:42:50,159 [19e67e26-3d21-4d01-be9f-29113a4a814c@group-B9DEF2EDD277:LeaderElection225] INFO  impl.LeaderElection (LogUtils.java:infoOrTrace(149)) - 19e67e26-3d21-4d01-be9f-29113a4a814c@group-B9DEF2EDD277:LeaderElection225 got exception when requesting votes: {}
java.util.concurrent.ExecutionException: org.apache.ratis.thirdparty.io.grpc.StatusRuntimeException: UNAVAILABLE: io exception
	at java.util.concurrent.FutureTask.report(FutureTask.java:122)
	at java.util.concurrent.FutureTask.get(FutureTask.java:192)
	at org.apache.ratis.server.impl.LeaderElection.waitForResults(LeaderElection.java:263)
	at org.apache.ratis.server.impl.LeaderElection.askForVotes(LeaderElection.java:201)
	at org.apache.ratis.server.impl.LeaderElection.run(LeaderElection.java:133)
	at java.lang.Thread.run(Thread.java:748)
Caused by: org.apache.ratis.thirdparty.io.grpc.StatusRuntimeException: UNAVAILABLE: io exception
	at org.apache.ratis.thirdparty.io.grpc.stub.ClientCalls.toStatusRuntimeException(ClientCalls.java:233)
	at org.apache.ratis.thirdparty.io.grpc.stub.ClientCalls.getUnchecked(ClientCalls.java:214)
	at org.apache.ratis.thirdparty.io.grpc.stub.ClientCalls.blockingUnaryCall(ClientCalls.java:139)
	at org.apache.ratis.proto.grpc.RaftServerProtocolServiceGrpc$RaftServerProtocolServiceBlockingStub.requestVote(RaftServerProtocolServiceGrpc.java:265)
	at org.apache.ratis.grpc.server.GrpcServerProtocolClient.requestVote(GrpcServerProtocolClient.java:90)
	at org.apache.ratis.grpc.server.GrpcService.requestVote(GrpcService.java:204)
	at org.apache.ratis.server.impl.LeaderElection.lambda$submitRequests$1(LeaderElection.java:238)
	at java.util.concurrent.FutureTask.run(FutureTask.java:266)
	at java.util.concurrent.Executors$RunnableAdapter.call(Executors.java:511)
	at java.util.concurrent.FutureTask.run(FutureTask.java:266)
	at java.util.concurrent.ThreadPoolExecutor.runWorker(ThreadPoolExecutor.java:1149)
	at java.util.concurrent.ThreadPoolExecutor$Worker.run(ThreadPoolExecutor.java:624)
	... 1 more
Caused by: org.apache.ratis.thirdparty.io.netty.channel.AbstractChannel$AnnotatedConnectException: Connection refused: /192.168.30.6:32862
	at sun.nio.ch.SocketChannelImpl.checkConnect(Native Method)
	at sun.nio.ch.SocketChannelImpl.finishConnect(SocketChannelImpl.java:717)
	at org.apache.ratis.thirdparty.io.netty.channel.socket.nio.NioSocketChannel.doFinishConnect(NioSocketChannel.java:327)
	at org.apache.ratis.thirdparty.io.netty.channel.nio.AbstractNioChannel$AbstractNioUnsafe.finishConnect(AbstractNioChannel.java:340)
	at org.apache.ratis.thirdparty.io.netty.channel.nio.NioEventLoop.processSelectedKey(NioEventLoop.java:632)
	at org.apache.ratis.thirdparty.io.netty.channel.nio.NioEventLoop.processSelectedKeysOptimized(NioEventLoop.java:579)
	at org.apache.ratis.thirdparty.io.netty.channel.nio.NioEventLoop.processSelectedKeys(NioEventLoop.java:496)
	at org.apache.ratis.thirdparty.io.netty.channel.nio.NioEventLoop.run(NioEventLoop.java:458)
	at org.apache.ratis.thirdparty.io.netty.util.concurrent.SingleThreadEventExecutor$5.run(SingleThreadEventExecutor.java:897)
	at org.apache.ratis.thirdparty.io.netty.util.concurrent.FastThreadLocalRunnable.run(FastThreadLocalRunnable.java:30)
	... 1 more
Caused by: java.net.ConnectException: Connection refused
	... 11 more
2019-09-25 11:42:50,161 [19e67e26-3d21-4d01-be9f-29113a4a814c@group-B9DEF2EDD277:LeaderElection225] INFO  impl.LeaderElection (LeaderElection.java:logAndReturn(56)) - 19e67e26-3d21-4d01-be9f-29113a4a814c@group-B9DEF2EDD277:LeaderElection225: Election REJECTED; received 0 response(s) [] and 2 exception(s); 19e67e26-3d21-4d01-be9f-29113a4a814c@group-B9DEF2EDD277:t10, leader=null, voted=19e67e26-3d21-4d01-be9f-29113a4a814c, raftlog=19e67e26-3d21-4d01-be9f-29113a4a814c@group-B9DEF2EDD277-SegmentedRaftLog:OPENED:c-1,f-1,i0, conf=-1: [19e67e26-3d21-4d01-be9f-29113a4a814c:192.168.30.6:34535, 8c24ed06-386e-4085-8931-93c762a64530:192.168.30.6:32862, b7064b77-9271-4e94-8225-85d895886efb:192.168.30.6:41519], old=null
2019-09-25 11:42:50,161 [19e67e26-3d21-4d01-be9f-29113a4a814c@group-B9DEF2EDD277:LeaderElection225] INFO  impl.LeaderElection (LogUtils.java:infoOrTrace(149)) -   Exception 0: {}
java.util.concurrent.ExecutionException: org.apache.ratis.thirdparty.io.grpc.StatusRuntimeException: UNAVAILABLE: io exception
	at java.util.concurrent.FutureTask.report(FutureTask.java:122)
	at java.util.concurrent.FutureTask.get(FutureTask.java:192)
	at org.apache.ratis.server.impl.LeaderElection.waitForResults(LeaderElection.java:263)
	at org.apache.ratis.server.impl.LeaderElection.askForVotes(LeaderElection.java:201)
	at org.apache.ratis.server.impl.LeaderElection.run(LeaderElection.java:133)
	at java.lang.Thread.run(Thread.java:748)
Caused by: org.apache.ratis.thirdparty.io.grpc.StatusRuntimeException: UNAVAILABLE: io exception
	at org.apache.ratis.thirdparty.io.grpc.stub.ClientCalls.toStatusRuntimeException(ClientCalls.java:233)
	at org.apache.ratis.thirdparty.io.grpc.stub.ClientCalls.getUnchecked(ClientCalls.java:214)
	at org.apache.ratis.thirdparty.io.grpc.stub.ClientCalls.blockingUnaryCall(ClientCalls.java:139)
	at org.apache.ratis.proto.grpc.RaftServerProtocolServiceGrpc$RaftServerProtocolServiceBlockingStub.requestVote(RaftServerProtocolServiceGrpc.java:265)
	at org.apache.ratis.grpc.server.GrpcServerProtocolClient.requestVote(GrpcServerProtocolClient.java:90)
	at org.apache.ratis.grpc.server.GrpcService.requestVote(GrpcService.java:204)
	at org.apache.ratis.server.impl.LeaderElection.lambda$submitRequests$1(LeaderElection.java:238)
	at java.util.concurrent.FutureTask.run(FutureTask.java:266)
	at java.util.concurrent.Executors$RunnableAdapter.call(Executors.java:511)
	at java.util.concurrent.FutureTask.run(FutureTask.java:266)
	at java.util.concurrent.ThreadPoolExecutor.runWorker(ThreadPoolExecutor.java:1149)
	at java.util.concurrent.ThreadPoolExecutor$Worker.run(ThreadPoolExecutor.java:624)
	... 1 more
Caused by: org.apache.ratis.thirdparty.io.netty.channel.AbstractChannel$AnnotatedConnectException: Connection refused: /192.168.30.6:41519
	at sun.nio.ch.SocketChannelImpl.checkConnect(Native Method)
	at sun.nio.ch.SocketChannelImpl.finishConnect(SocketChannelImpl.java:717)
	at org.apache.ratis.thirdparty.io.netty.channel.socket.nio.NioSocketChannel.doFinishConnect(NioSocketChannel.java:327)
	at org.apache.ratis.thirdparty.io.netty.channel.nio.AbstractNioChannel$AbstractNioUnsafe.finishConnect(AbstractNioChannel.java:340)
	at org.apache.ratis.thirdparty.io.netty.channel.nio.NioEventLoop.processSelectedKey(NioEventLoop.java:632)
	at org.apache.ratis.thirdparty.io.netty.channel.nio.NioEventLoop.processSelectedKeysOptimized(NioEventLoop.java:579)
	at org.apache.ratis.thirdparty.io.netty.channel.nio.NioEventLoop.processSelectedKeys(NioEventLoop.java:496)
	at org.apache.ratis.thirdparty.io.netty.channel.nio.NioEventLoop.run(NioEventLoop.java:458)
	at org.apache.ratis.thirdparty.io.netty.util.concurrent.SingleThreadEventExecutor$5.run(SingleThreadEventExecutor.java:897)
	at org.apache.ratis.thirdparty.io.netty.util.concurrent.FastThreadLocalRunnable.run(FastThreadLocalRunnable.java:30)
	... 1 more
Caused by: java.net.ConnectException: Connection refused
	... 11 more
2019-09-25 11:42:50,161 [19e67e26-3d21-4d01-be9f-29113a4a814c@group-B9DEF2EDD277:LeaderElection225] INFO  impl.LeaderElection (LogUtils.java:infoOrTrace(149)) -   Exception 1: {}
java.util.concurrent.ExecutionException: org.apache.ratis.thirdparty.io.grpc.StatusRuntimeException: UNAVAILABLE: io exception
	at java.util.concurrent.FutureTask.report(FutureTask.java:122)
	at java.util.concurrent.FutureTask.get(FutureTask.java:192)
	at org.apache.ratis.server.impl.LeaderElection.waitForResults(LeaderElection.java:263)
	at org.apache.ratis.server.impl.LeaderElection.askForVotes(LeaderElection.java:201)
	at org.apache.ratis.server.impl.LeaderElection.run(LeaderElection.java:133)
	at java.lang.Thread.run(Thread.java:748)
Caused by: org.apache.ratis.thirdparty.io.grpc.StatusRuntimeException: UNAVAILABLE: io exception
	at org.apache.ratis.thirdparty.io.grpc.stub.ClientCalls.toStatusRuntimeException(ClientCalls.java:233)
	at org.apache.ratis.thirdparty.io.grpc.stub.ClientCalls.getUnchecked(ClientCalls.java:214)
	at org.apache.ratis.thirdparty.io.grpc.stub.ClientCalls.blockingUnaryCall(ClientCalls.java:139)
	at org.apache.ratis.proto.grpc.RaftServerProtocolServiceGrpc$RaftServerProtocolServiceBlockingStub.requestVote(RaftServerProtocolServiceGrpc.java:265)
	at org.apache.ratis.grpc.server.GrpcServerProtocolClient.requestVote(GrpcServerProtocolClient.java:90)
	at org.apache.ratis.grpc.server.GrpcService.requestVote(GrpcService.java:204)
	at org.apache.ratis.server.impl.LeaderElection.lambda$submitRequests$1(LeaderElection.java:238)
	at java.util.concurrent.FutureTask.run(FutureTask.java:266)
	at java.util.concurrent.Executors$RunnableAdapter.call(Executors.java:511)
	at java.util.concurrent.FutureTask.run(FutureTask.java:266)
	at java.util.concurrent.ThreadPoolExecutor.runWorker(ThreadPoolExecutor.java:1149)
	at java.util.concurrent.ThreadPoolExecutor$Worker.run(ThreadPoolExecutor.java:624)
	... 1 more
Caused by: org.apache.ratis.thirdparty.io.netty.channel.AbstractChannel$AnnotatedConnectException: Connection refused: /192.168.30.6:32862
	at sun.nio.ch.SocketChannelImpl.checkConnect(Native Method)
	at sun.nio.ch.SocketChannelImpl.finishConnect(SocketChannelImpl.java:717)
	at org.apache.ratis.thirdparty.io.netty.channel.socket.nio.NioSocketChannel.doFinishConnect(NioSocketChannel.java:327)
	at org.apache.ratis.thirdparty.io.netty.channel.nio.AbstractNioChannel$AbstractNioUnsafe.finishConnect(AbstractNioChannel.java:340)
	at org.apache.ratis.thirdparty.io.netty.channel.nio.NioEventLoop.processSelectedKey(NioEventLoop.java:632)
	at org.apache.ratis.thirdparty.io.netty.channel.nio.NioEventLoop.processSelectedKeysOptimized(NioEventLoop.java:579)
	at org.apache.ratis.thirdparty.io.netty.channel.nio.NioEventLoop.processSelectedKeys(NioEventLoop.java:496)
	at org.apache.ratis.thirdparty.io.netty.channel.nio.NioEventLoop.run(NioEventLoop.java:458)
	at org.apache.ratis.thirdparty.io.netty.util.concurrent.SingleThreadEventExecutor$5.run(SingleThreadEventExecutor.java:897)
	at org.apache.ratis.thirdparty.io.netty.util.concurrent.FastThreadLocalRunnable.run(FastThreadLocalRunnable.java:30)
	... 1 more
Caused by: java.net.ConnectException: Connection refused
	... 11 more
2019-09-25 11:42:50,162 [19e67e26-3d21-4d01-be9f-29113a4a814c@group-B9DEF2EDD277:LeaderElection225] INFO  impl.RaftServerImpl (RaftServerImpl.java:setRole(174)) - 19e67e26-3d21-4d01-be9f-29113a4a814c@group-B9DEF2EDD277: changes role from CANDIDATE to FOLLOWER at term 10 for DISCOVERED_A_NEW_TERM
2019-09-25 11:42:50,162 [19e67e26-3d21-4d01-be9f-29113a4a814c@group-B9DEF2EDD277:LeaderElection225] INFO  impl.RoleInfo (RoleInfo.java:shutdownLeaderElection(134)) - 19e67e26-3d21-4d01-be9f-29113a4a814c: shutdown LeaderElection
2019-09-25 11:42:50,162 [19e67e26-3d21-4d01-be9f-29113a4a814c@group-B9DEF2EDD277:LeaderElection225] INFO  impl.RoleInfo (RoleInfo.java:updateAndGet(143)) - 19e67e26-3d21-4d01-be9f-29113a4a814c: start FollowerState
2019-09-25 11:42:51,422 [grpc-default-executor-13] WARN  server.GrpcLogAppender (LogUtils.java:warn(134)) - 19e67e26-3d21-4d01-be9f-29113a4a814c@group-BF1BD4D8076C->8c24ed06-386e-4085-8931-93c762a64530-AppendLogResponseHandler: Failed appendEntries: org.apache.ratis.thirdparty.io.grpc.StatusRuntimeException: UNAVAILABLE: io exception
2019-09-25 11:42:51,425 [grpc-default-executor-13] INFO  impl.FollowerInfo (FollowerInfo.java:lambda$new$0(51)) - 19e67e26-3d21-4d01-be9f-29113a4a814c@group-BF1BD4D8076C->8c24ed06-386e-4085-8931-93c762a64530: nextIndex: updateUnconditionally 0 -> 0
2019-09-25 11:42:51,431 [grpc-default-executor-19] WARN  server.GrpcLogAppender (LogUtils.java:warn(134)) - 19e67e26-3d21-4d01-be9f-29113a4a814c@group-ADB1B60517AF->8c24ed06-386e-4085-8931-93c762a64530-AppendLogResponseHandler: Failed appendEntries: org.apache.ratis.thirdparty.io.grpc.StatusRuntimeException: UNAVAILABLE: io exception
2019-09-25 11:42:51,433 [grpc-default-executor-19] INFO  impl.FollowerInfo (FollowerInfo.java:lambda$new$0(51)) - 19e67e26-3d21-4d01-be9f-29113a4a814c@group-ADB1B60517AF->8c24ed06-386e-4085-8931-93c762a64530: nextIndex: updateUnconditionally 0 -> 0
2019-09-25 11:42:51,435 [grpc-default-executor-20] WARN  server.GrpcLogAppender (LogUtils.java:warn(134)) - 19e67e26-3d21-4d01-be9f-29113a4a814c@group-7CC56FB5D3F9->a7d59ef6-3eca-4628-b097-12d983444e7f-AppendLogResponseHandler: Failed appendEntries: org.apache.ratis.thirdparty.io.grpc.StatusRuntimeException: UNAVAILABLE: io exception
2019-09-25 11:42:51,437 [grpc-default-executor-20] INFO  impl.FollowerInfo (FollowerInfo.java:lambda$new$0(51)) - 19e67e26-3d21-4d01-be9f-29113a4a814c@group-7CC56FB5D3F9->a7d59ef6-3eca-4628-b097-12d983444e7f: nextIndex: updateUnconditionally 0 -> 0
2019-09-25 11:42:51,439 [grpc-default-executor-0] WARN  server.GrpcLogAppender (LogUtils.java:warn(134)) - 19e67e26-3d21-4d01-be9f-29113a4a814c@group-ADB1B60517AF->d0888866-0bad-4f41-ad37-dccd4a57b958-AppendLogResponseHandler: Failed appendEntries: org.apache.ratis.thirdparty.io.grpc.StatusRuntimeException: UNAVAILABLE: io exception
2019-09-25 11:42:51,439 [grpc-default-executor-20] WARN  server.GrpcLogAppender (LogUtils.java:warn(134)) - 19e67e26-3d21-4d01-be9f-29113a4a814c@group-071025EF7F78->d0888866-0bad-4f41-ad37-dccd4a57b958-AppendLogResponseHandler: Failed appendEntries: org.apache.ratis.thirdparty.io.grpc.StatusRuntimeException: UNAVAILABLE: io exception
2019-09-25 11:42:51,441 [grpc-default-executor-0] INFO  impl.FollowerInfo (FollowerInfo.java:lambda$new$0(51)) - 19e67e26-3d21-4d01-be9f-29113a4a814c@group-ADB1B60517AF->d0888866-0bad-4f41-ad37-dccd4a57b958: nextIndex: updateUnconditionally 0 -> 0
2019-09-25 11:42:51,441 [grpc-default-executor-20] INFO  impl.FollowerInfo (FollowerInfo.java:lambda$new$0(51)) - 19e67e26-3d21-4d01-be9f-29113a4a814c@group-071025EF7F78->d0888866-0bad-4f41-ad37-dccd4a57b958: nextIndex: updateUnconditionally 0 -> 0
2019-09-25 11:42:53,926 [grpc-default-executor-0] WARN  server.GrpcLogAppender (LogUtils.java:warn(134)) - 19e67e26-3d21-4d01-be9f-29113a4a814c@group-BF1BD4D8076C->8c24ed06-386e-4085-8931-93c762a64530-AppendLogResponseHandler: Failed appendEntries: org.apache.ratis.thirdparty.io.grpc.StatusRuntimeException: UNAVAILABLE: io exception
2019-09-25 11:42:53,929 [grpc-default-executor-0] INFO  impl.FollowerInfo (FollowerInfo.java:lambda$new$0(51)) - 19e67e26-3d21-4d01-be9f-29113a4a814c@group-BF1BD4D8076C->8c24ed06-386e-4085-8931-93c762a64530: nextIndex: updateUnconditionally 0 -> 0
2019-09-25 11:42:53,932 [grpc-default-executor-20] WARN  server.GrpcLogAppender (LogUtils.java:warn(134)) - 19e67e26-3d21-4d01-be9f-29113a4a814c@group-ADB1B60517AF->8c24ed06-386e-4085-8931-93c762a64530-AppendLogResponseHandler: Failed appendEntries: org.apache.ratis.thirdparty.io.grpc.StatusRuntimeException: UNAVAILABLE: io exception
2019-09-25 11:42:53,933 [grpc-default-executor-20] INFO  impl.FollowerInfo (FollowerInfo.java:lambda$new$0(51)) - 19e67e26-3d21-4d01-be9f-29113a4a814c@group-ADB1B60517AF->8c24ed06-386e-4085-8931-93c762a64530: nextIndex: updateUnconditionally 0 -> 0
2019-09-25 11:42:53,936 [grpc-default-executor-19] WARN  server.GrpcLogAppender (LogUtils.java:warn(134)) - 19e67e26-3d21-4d01-be9f-29113a4a814c@group-7CC56FB5D3F9->a7d59ef6-3eca-4628-b097-12d983444e7f-AppendLogResponseHandler: Failed appendEntries: org.apache.ratis.thirdparty.io.grpc.StatusRuntimeException: UNAVAILABLE: io exception
2019-09-25 11:42:53,937 [grpc-default-executor-19] INFO  impl.FollowerInfo (FollowerInfo.java:lambda$new$0(51)) - 19e67e26-3d21-4d01-be9f-29113a4a814c@group-7CC56FB5D3F9->a7d59ef6-3eca-4628-b097-12d983444e7f: nextIndex: updateUnconditionally 0 -> 0
2019-09-25 11:42:53,940 [grpc-default-executor-5] WARN  server.GrpcLogAppender (LogUtils.java:warn(134)) - 19e67e26-3d21-4d01-be9f-29113a4a814c@group-071025EF7F78->d0888866-0bad-4f41-ad37-dccd4a57b958-AppendLogResponseHandler: Failed appendEntries: org.apache.ratis.thirdparty.io.grpc.StatusRuntimeException: UNAVAILABLE: io exception
2019-09-25 11:42:53,940 [grpc-default-executor-18] WARN  server.GrpcLogAppender (LogUtils.java:warn(134)) - 19e67e26-3d21-4d01-be9f-29113a4a814c@group-ADB1B60517AF->d0888866-0bad-4f41-ad37-dccd4a57b958-AppendLogResponseHandler: Failed appendEntries: org.apache.ratis.thirdparty.io.grpc.StatusRuntimeException: UNAVAILABLE: io exception
2019-09-25 11:42:53,942 [grpc-default-executor-5] INFO  impl.FollowerInfo (FollowerInfo.java:lambda$new$0(51)) - 19e67e26-3d21-4d01-be9f-29113a4a814c@group-071025EF7F78->d0888866-0bad-4f41-ad37-dccd4a57b958: nextIndex: updateUnconditionally 0 -> 0
2019-09-25 11:42:53,942 [grpc-default-executor-18] INFO  impl.FollowerInfo (FollowerInfo.java:lambda$new$0(51)) - 19e67e26-3d21-4d01-be9f-29113a4a814c@group-ADB1B60517AF->d0888866-0bad-4f41-ad37-dccd4a57b958: nextIndex: updateUnconditionally 0 -> 0
2019-09-25 11:42:54,281 [RatisPipelineUtilsThread] INFO  pipeline.PipelinePlacementPolicy (PipelinePlacementPolicy.java:meetCriteria(91)) - Pipeline Placement: can't place more pipeline on heavy datanode： a7d59ef6-3eca-4628-b097-12d983444e7f Heaviness: 6 limit: 5
2019-09-25 11:42:54,281 [RatisPipelineUtilsThread] INFO  pipeline.PipelinePlacementPolicy (PipelinePlacementPolicy.java:meetCriteria(91)) - Pipeline Placement: can't place more pipeline on heavy datanode： d0888866-0bad-4f41-ad37-dccd4a57b958 Heaviness: 6 limit: 5
2019-09-25 11:42:54,281 [RatisPipelineUtilsThread] INFO  pipeline.PipelinePlacementPolicy (PipelinePlacementPolicy.java:meetCriteria(91)) - Pipeline Placement: can't place more pipeline on heavy datanode： 19e67e26-3d21-4d01-be9f-29113a4a814c Heaviness: 6 limit: 5
2019-09-25 11:42:54,282 [RatisPipelineUtilsThread] INFO  pipeline.PipelinePlacementPolicy (PipelinePlacementPolicy.java:meetCriteria(91)) - Pipeline Placement: can't place more pipeline on heavy datanode： e081c0a5-acfc-4a29-8262-ee158adf5b11 Heaviness: 6 limit: 5
2019-09-25 11:42:54,282 [RatisPipelineUtilsThread] INFO  pipeline.PipelinePlacementPolicy (PipelinePlacementPolicy.java:meetCriteria(91)) - Pipeline Placement: can't place more pipeline on heavy datanode： 8c24ed06-386e-4085-8931-93c762a64530 Heaviness: 6 limit: 5
2019-09-25 11:42:54,282 [RatisPipelineUtilsThread] INFO  pipeline.PipelinePlacementPolicy (PipelinePlacementPolicy.java:meetCriteria(91)) - Pipeline Placement: can't place more pipeline on heavy datanode： b7064b77-9271-4e94-8225-85d895886efb Heaviness: 6 limit: 5
2019-09-25 11:42:54,282 [RatisPipelineUtilsThread] ERROR pipeline.PipelinePlacementPolicy (PipelinePlacementPolicy.java:filterViableNodes(148)) - Unable to find enough nodes that meet the criteria that cannot engage in more than 5 pipelines. Nodes required: 1 Found: 0, healthy nodes count inNodeManager: 6.
2019-09-25 11:42:54,282 [RatisPipelineUtilsThread] ERROR pipeline.SCMPipelineManager (SCMPipelineManager.java:createPipeline(167)) - Pipeline creation failed.
org.apache.hadoop.hdds.scm.exceptions.SCMException: Unable to find enough nodes that meet the criteria that cannot engage in more than 5 pipelines. Nodes required: 1 Found: 0, healthy nodes count inNodeManager: 6.
	at org.apache.hadoop.hdds.scm.pipeline.PipelinePlacementPolicy.filterViableNodes(PipelinePlacementPolicy.java:149)
	at org.apache.hadoop.hdds.scm.pipeline.PipelinePlacementPolicy.chooseDatanodes(PipelinePlacementPolicy.java:172)
	at org.apache.hadoop.hdds.scm.pipeline.RatisPipelineProvider.create(RatisPipelineProvider.java:93)
	at org.apache.hadoop.hdds.scm.pipeline.PipelineFactory.create(PipelineFactory.java:58)
	at org.apache.hadoop.hdds.scm.pipeline.SCMPipelineManager.createPipeline(SCMPipelineManager.java:155)
	at org.apache.hadoop.hdds.scm.pipeline.BackgroundPipelineCreator.createPipelines(BackgroundPipelineCreator.java:99)
	at org.apache.hadoop.hdds.scm.pipeline.BackgroundPipelineCreator.lambda$startFixedIntervalPipelineCreator$0(BackgroundPipelineCreator.java:70)
	at java.util.concurrent.Executors$RunnableAdapter.call(Executors.java:511)
	at java.util.concurrent.FutureTask.runAndReset(FutureTask.java:308)
	at java.util.concurrent.ScheduledThreadPoolExecutor$ScheduledFutureTask.access$301(ScheduledThreadPoolExecutor.java:180)
	at java.util.concurrent.ScheduledThreadPoolExecutor$ScheduledFutureTask.run(ScheduledThreadPoolExecutor.java:294)
	at java.util.concurrent.ThreadPoolExecutor.runWorker(ThreadPoolExecutor.java:1149)
	at java.util.concurrent.ThreadPoolExecutor$Worker.run(ThreadPoolExecutor.java:624)
	at java.lang.Thread.run(Thread.java:748)
2019-09-25 11:42:54,283 [RatisPipelineUtilsThread] INFO  pipeline.PipelinePlacementPolicy (PipelinePlacementPolicy.java:meetCriteria(91)) - Pipeline Placement: can't place more pipeline on heavy datanode： a7d59ef6-3eca-4628-b097-12d983444e7f Heaviness: 6 limit: 5
2019-09-25 11:42:54,283 [RatisPipelineUtilsThread] INFO  pipeline.PipelinePlacementPolicy (PipelinePlacementPolicy.java:meetCriteria(91)) - Pipeline Placement: can't place more pipeline on heavy datanode： d0888866-0bad-4f41-ad37-dccd4a57b958 Heaviness: 6 limit: 5
2019-09-25 11:42:54,283 [RatisPipelineUtilsThread] INFO  pipeline.PipelinePlacementPolicy (PipelinePlacementPolicy.java:meetCriteria(91)) - Pipeline Placement: can't place more pipeline on heavy datanode： 19e67e26-3d21-4d01-be9f-29113a4a814c Heaviness: 6 limit: 5
2019-09-25 11:42:54,284 [RatisPipelineUtilsThread] INFO  pipeline.PipelinePlacementPolicy (PipelinePlacementPolicy.java:meetCriteria(91)) - Pipeline Placement: can't place more pipeline on heavy datanode： e081c0a5-acfc-4a29-8262-ee158adf5b11 Heaviness: 6 limit: 5
2019-09-25 11:42:54,284 [RatisPipelineUtilsThread] INFO  pipeline.PipelinePlacementPolicy (PipelinePlacementPolicy.java:meetCriteria(91)) - Pipeline Placement: can't place more pipeline on heavy datanode： 8c24ed06-386e-4085-8931-93c762a64530 Heaviness: 6 limit: 5
2019-09-25 11:42:54,284 [RatisPipelineUtilsThread] INFO  pipeline.PipelinePlacementPolicy (PipelinePlacementPolicy.java:meetCriteria(91)) - Pipeline Placement: can't place more pipeline on heavy datanode： b7064b77-9271-4e94-8225-85d895886efb Heaviness: 6 limit: 5
2019-09-25 11:42:54,284 [RatisPipelineUtilsThread] ERROR pipeline.PipelinePlacementPolicy (PipelinePlacementPolicy.java:filterViableNodes(148)) - Unable to find enough nodes that meet the criteria that cannot engage in more than 5 pipelines. Nodes required: 3 Found: 0, healthy nodes count inNodeManager: 6.
2019-09-25 11:42:54,284 [RatisPipelineUtilsThread] ERROR pipeline.SCMPipelineManager (SCMPipelineManager.java:createPipeline(167)) - Pipeline creation failed.
org.apache.hadoop.hdds.scm.exceptions.SCMException: Unable to find enough nodes that meet the criteria that cannot engage in more than 5 pipelines. Nodes required: 3 Found: 0, healthy nodes count inNodeManager: 6.
	at org.apache.hadoop.hdds.scm.pipeline.PipelinePlacementPolicy.filterViableNodes(PipelinePlacementPolicy.java:149)
	at org.apache.hadoop.hdds.scm.pipeline.PipelinePlacementPolicy.chooseDatanodes(PipelinePlacementPolicy.java:172)
	at org.apache.hadoop.hdds.scm.pipeline.RatisPipelineProvider.create(RatisPipelineProvider.java:93)
	at org.apache.hadoop.hdds.scm.pipeline.PipelineFactory.create(PipelineFactory.java:58)
	at org.apache.hadoop.hdds.scm.pipeline.SCMPipelineManager.createPipeline(SCMPipelineManager.java:155)
	at org.apache.hadoop.hdds.scm.pipeline.BackgroundPipelineCreator.createPipelines(BackgroundPipelineCreator.java:99)
	at org.apache.hadoop.hdds.scm.pipeline.BackgroundPipelineCreator.lambda$startFixedIntervalPipelineCreator$0(BackgroundPipelineCreator.java:70)
	at java.util.concurrent.Executors$RunnableAdapter.call(Executors.java:511)
	at java.util.concurrent.FutureTask.runAndReset(FutureTask.java:308)
	at java.util.concurrent.ScheduledThreadPoolExecutor$ScheduledFutureTask.access$301(ScheduledThreadPoolExecutor.java:180)
	at java.util.concurrent.ScheduledThreadPoolExecutor$ScheduledFutureTask.run(ScheduledThreadPoolExecutor.java:294)
	at java.util.concurrent.ThreadPoolExecutor.runWorker(ThreadPoolExecutor.java:1149)
	at java.util.concurrent.ThreadPoolExecutor$Worker.run(ThreadPoolExecutor.java:624)
	at java.lang.Thread.run(Thread.java:748)
2019-09-25 11:42:54,673 [ForkJoinPool.commonPool-worker-1] INFO  ozoneimpl.OzoneContainer (OzoneContainer.java:stop(231)) - Attempting to stop container services.
2019-09-25 11:42:54,674 [ForkJoinPool.commonPool-worker-1] INFO  impl.RaftServerProxy (RaftServerProxy.java:lambda$close$4(314)) - 19e67e26-3d21-4d01-be9f-29113a4a814c: close
2019-09-25 11:42:54,674 [ForkJoinPool.commonPool-worker-1] INFO  impl.RaftServerImpl (RaftServerImpl.java:lambda$shutdown$3(251)) - 19e67e26-3d21-4d01-be9f-29113a4a814c@group-158143B13CCA: shutdown
2019-09-25 11:42:54,674 [ForkJoinPool.commonPool-worker-1] INFO  util.JmxRegister (JmxRegister.java:unregister(73)) - Successfully un-registered JMX Bean with object name Ratis:service=RaftServer,group=group-158143B13CCA,id=19e67e26-3d21-4d01-be9f-29113a4a814c
2019-09-25 11:42:54,675 [ForkJoinPool.commonPool-worker-1] INFO  impl.RoleInfo (RoleInfo.java:shutdownLeaderState(104)) - 19e67e26-3d21-4d01-be9f-29113a4a814c: shutdown LeaderState
2019-09-25 11:42:54,675 [ForkJoinPool.commonPool-worker-1] INFO  impl.PendingRequests (PendingRequests.java:sendNotLeaderResponses(202)) - 19e67e26-3d21-4d01-be9f-29113a4a814c-PendingRequests: sendNotLeaderResponses
2019-09-25 11:42:54,675 [ForkJoinPool.commonPool-worker-1] INFO  impl.StateMachineUpdater (StateMachineUpdater.java:stopAndJoin(125)) - 19e67e26-3d21-4d01-be9f-29113a4a814c@group-158143B13CCA-StateMachineUpdater: set stopIndex = 0
2019-09-25 11:42:54,676 [ForkJoinPool.commonPool-worker-1] INFO  impl.RaftServerImpl (ServerState.java:close(385)) - 19e67e26-3d21-4d01-be9f-29113a4a814c@group-158143B13CCA: closes. applyIndex: 0
2019-09-25 11:42:54,676 [19e67e26-3d21-4d01-be9f-29113a4a814c@group-158143B13CCA-SegmentedRaftLogWorker] INFO  segmented.SegmentedRaftLogWorker (SegmentedRaftLogWorker.java:run(313)) - 19e67e26-3d21-4d01-be9f-29113a4a814c@group-158143B13CCA-SegmentedRaftLogWorker was interrupted, exiting. There are 0 tasks remaining in the queue.
2019-09-25 11:42:54,677 [ForkJoinPool.commonPool-worker-1] INFO  segmented.SegmentedRaftLogWorker (SegmentedRaftLogWorker.java:close(228)) - 19e67e26-3d21-4d01-be9f-29113a4a814c@group-158143B13CCA-SegmentedRaftLogWorker close()
2019-09-25 11:42:54,677 [ForkJoinPool.commonPool-worker-1] INFO  impl.RaftServerImpl (RaftServerImpl.java:lambda$shutdown$3(251)) - 19e67e26-3d21-4d01-be9f-29113a4a814c@group-B9DEF2EDD277: shutdown
2019-09-25 11:42:54,678 [ForkJoinPool.commonPool-worker-1] INFO  util.JmxRegister (JmxRegister.java:unregister(73)) - Successfully un-registered JMX Bean with object name Ratis:service=RaftServer,group=group-B9DEF2EDD277,id=19e67e26-3d21-4d01-be9f-29113a4a814c
2019-09-25 11:42:54,678 [ForkJoinPool.commonPool-worker-1] INFO  impl.RoleInfo (RoleInfo.java:shutdownFollowerState(121)) - 19e67e26-3d21-4d01-be9f-29113a4a814c: shutdown FollowerState
2019-09-25 11:42:54,678 [ForkJoinPool.commonPool-worker-1] INFO  impl.StateMachineUpdater (StateMachineUpdater.java:stopAndJoin(125)) - 19e67e26-3d21-4d01-be9f-29113a4a814c@group-B9DEF2EDD277-StateMachineUpdater: set stopIndex = -1
2019-09-25 11:42:54,678 [Thread-1373] INFO  impl.FollowerState (FollowerState.java:run(115)) - 19e67e26-3d21-4d01-be9f-29113a4a814c: FollowerState was interrupted: java.lang.InterruptedException: sleep interrupted
2019-09-25 11:42:54,679 [ForkJoinPool.commonPool-worker-1] INFO  impl.RaftServerImpl (ServerState.java:close(385)) - 19e67e26-3d21-4d01-be9f-29113a4a814c@group-B9DEF2EDD277: closes. applyIndex: -1
2019-09-25 11:42:54,679 [19e67e26-3d21-4d01-be9f-29113a4a814c@group-B9DEF2EDD277-SegmentedRaftLogWorker] INFO  segmented.SegmentedRaftLogWorker (SegmentedRaftLogWorker.java:run(313)) - 19e67e26-3d21-4d01-be9f-29113a4a814c@group-B9DEF2EDD277-SegmentedRaftLogWorker was interrupted, exiting. There are 0 tasks remaining in the queue.
2019-09-25 11:42:54,679 [main] INFO  ozoneimpl.OzoneContainer (OzoneContainer.java:stop(231)) - Attempting to stop container services.
2019-09-25 11:42:54,679 [ForkJoinPool.commonPool-worker-1] INFO  segmented.SegmentedRaftLogWorker (SegmentedRaftLogWorker.java:close(228)) - 19e67e26-3d21-4d01-be9f-29113a4a814c@group-B9DEF2EDD277-SegmentedRaftLogWorker close()
2019-09-25 11:42:54,680 [main] INFO  impl.RaftServerProxy (RaftServerProxy.java:lambda$close$4(314)) - e081c0a5-acfc-4a29-8262-ee158adf5b11: close
2019-09-25 11:42:54,680 [ForkJoinPool.commonPool-worker-1] INFO  impl.RaftServerImpl (RaftServerImpl.java:lambda$shutdown$3(251)) - 19e67e26-3d21-4d01-be9f-29113a4a814c@group-7CC56FB5D3F9: shutdown
2019-09-25 11:42:54,681 [main] INFO  impl.RaftServerImpl (RaftServerImpl.java:lambda$shutdown$3(251)) - e081c0a5-acfc-4a29-8262-ee158adf5b11@group-6E9EB1C0F638: shutdown
2019-09-25 11:42:54,681 [ForkJoinPool.commonPool-worker-1] INFO  util.JmxRegister (JmxRegister.java:unregister(73)) - Successfully un-registered JMX Bean with object name Ratis:service=RaftServer,group=group-7CC56FB5D3F9,id=19e67e26-3d21-4d01-be9f-29113a4a814c
2019-09-25 11:42:54,681 [main] INFO  util.JmxRegister (JmxRegister.java:unregister(73)) - Successfully un-registered JMX Bean with object name Ratis:service=RaftServer,group=group-6E9EB1C0F638,id=e081c0a5-acfc-4a29-8262-ee158adf5b11
2019-09-25 11:42:54,682 [ForkJoinPool.commonPool-worker-1] INFO  impl.RoleInfo (RoleInfo.java:shutdownLeaderState(104)) - 19e67e26-3d21-4d01-be9f-29113a4a814c: shutdown LeaderState
2019-09-25 11:42:54,682 [main] INFO  impl.RoleInfo (RoleInfo.java:shutdownFollowerState(121)) - e081c0a5-acfc-4a29-8262-ee158adf5b11: shutdown FollowerState
2019-09-25 11:42:54,686 [org.apache.ratis.server.impl.LogAppender$AppenderDaemon$$Lambda$418/858148741@177236f6] WARN  server.GrpcLogAppender (GrpcLogAppender.java:mayWait(143)) - 19e67e26-3d21-4d01-be9f-29113a4a814c@group-7CC56FB5D3F9->a7d59ef6-3eca-4628-b097-12d983444e7f-GrpcLogAppender: Wait interrupted by java.lang.InterruptedException
2019-09-25 11:42:54,686 [ForkJoinPool.commonPool-worker-1] INFO  impl.PendingRequests (PendingRequests.java:sendNotLeaderResponses(202)) - 19e67e26-3d21-4d01-be9f-29113a4a814c-PendingRequests: sendNotLeaderResponses
2019-09-25 11:42:54,686 [org.apache.ratis.server.impl.LogAppender$AppenderDaemon$$Lambda$418/858148741@7d836c68] WARN  server.GrpcLogAppender (GrpcLogAppender.java:mayWait(143)) - 19e67e26-3d21-4d01-be9f-29113a4a814c@group-7CC56FB5D3F9->e081c0a5-acfc-4a29-8262-ee158adf5b11-GrpcLogAppender: Wait interrupted by java.lang.InterruptedException
2019-09-25 11:42:54,687 [ForkJoinPool.commonPool-worker-1] INFO  impl.StateMachineUpdater (StateMachineUpdater.java:stopAndJoin(125)) - 19e67e26-3d21-4d01-be9f-29113a4a814c@group-7CC56FB5D3F9-StateMachineUpdater: set stopIndex = 0
2019-09-25 11:42:54,687 [ForkJoinPool.commonPool-worker-1] INFO  impl.RaftServerImpl (ServerState.java:close(385)) - 19e67e26-3d21-4d01-be9f-29113a4a814c@group-7CC56FB5D3F9: closes. applyIndex: 0
2019-09-25 11:42:54,686 [Thread-1163] INFO  impl.FollowerState (FollowerState.java:run(115)) - e081c0a5-acfc-4a29-8262-ee158adf5b11: FollowerState was interrupted: java.lang.InterruptedException: sleep interrupted
2019-09-25 11:42:54,687 [19e67e26-3d21-4d01-be9f-29113a4a814c@group-7CC56FB5D3F9-SegmentedRaftLogWorker] INFO  segmented.SegmentedRaftLogWorker (SegmentedRaftLogWorker.java:run(313)) - 19e67e26-3d21-4d01-be9f-29113a4a814c@group-7CC56FB5D3F9-SegmentedRaftLogWorker was interrupted, exiting. There are 0 tasks remaining in the queue.
2019-09-25 11:42:54,686 [main] INFO  impl.StateMachineUpdater (StateMachineUpdater.java:stopAndJoin(125)) - e081c0a5-acfc-4a29-8262-ee158adf5b11@group-6E9EB1C0F638-StateMachineUpdater: set stopIndex = 0
2019-09-25 11:42:54,688 [ForkJoinPool.commonPool-worker-1] INFO  segmented.SegmentedRaftLogWorker (SegmentedRaftLogWorker.java:close(228)) - 19e67e26-3d21-4d01-be9f-29113a4a814c@group-7CC56FB5D3F9-SegmentedRaftLogWorker close()
2019-09-25 11:42:54,688 [grpc-default-executor-18] INFO  server.GrpcServerProtocolService (GrpcServerProtocolService.java:onCompleted(113)) - e081c0a5-acfc-4a29-8262-ee158adf5b11: Completed APPEND_ENTRIES, lastRequest: 19e67e26-3d21-4d01-be9f-29113a4a814c->e081c0a5-acfc-4a29-8262-ee158adf5b11#7-t7, previous=(t:7, i:0), leaderCommit=0, initializing? false, entries: <empty>
2019-09-25 11:42:54,688 [ForkJoinPool.commonPool-worker-1] INFO  impl.RaftServerImpl (RaftServerImpl.java:lambda$shutdown$3(251)) - 19e67e26-3d21-4d01-be9f-29113a4a814c@group-BF1BD4D8076C: shutdown
2019-09-25 11:42:54,688 [main] INFO  impl.RaftServerImpl (ServerState.java:close(385)) - e081c0a5-acfc-4a29-8262-ee158adf5b11@group-6E9EB1C0F638: closes. applyIndex: 0
2019-09-25 11:42:54,689 [grpc-default-executor-18] INFO  server.GrpcLogAppender (GrpcLogAppender.java:onCompleted(293)) - 19e67e26-3d21-4d01-be9f-29113a4a814c@group-7CC56FB5D3F9->e081c0a5-acfc-4a29-8262-ee158adf5b11-AppendLogResponseHandler: follower responses appendEntries COMPLETED
2019-09-25 11:42:54,689 [ForkJoinPool.commonPool-worker-1] INFO  util.JmxRegister (JmxRegister.java:unregister(73)) - Successfully un-registered JMX Bean with object name Ratis:service=RaftServer,group=group-BF1BD4D8076C,id=19e67e26-3d21-4d01-be9f-29113a4a814c
2019-09-25 11:42:54,690 [grpc-default-executor-18] INFO  impl.FollowerInfo (FollowerInfo.java:lambda$new$0(51)) - 19e67e26-3d21-4d01-be9f-29113a4a814c@group-7CC56FB5D3F9->e081c0a5-acfc-4a29-8262-ee158adf5b11: nextIndex: updateUnconditionally 1 -> 0
2019-09-25 11:42:54,689 [e081c0a5-acfc-4a29-8262-ee158adf5b11@group-6E9EB1C0F638-SegmentedRaftLogWorker] INFO  segmented.SegmentedRaftLogWorker (SegmentedRaftLogWorker.java:run(313)) - e081c0a5-acfc-4a29-8262-ee158adf5b11@group-6E9EB1C0F638-SegmentedRaftLogWorker was interrupted, exiting. There are 0 tasks remaining in the queue.
2019-09-25 11:42:54,690 [grpc-default-executor-19] WARN  server.GrpcLogAppender (LogUtils.java:warn(134)) - 19e67e26-3d21-4d01-be9f-29113a4a814c@group-071025EF7F78->e081c0a5-acfc-4a29-8262-ee158adf5b11-AppendLogResponseHandler: Failed appendEntries: org.apache.ratis.thirdparty.io.grpc.StatusRuntimeException: UNAVAILABLE: Channel shutdownNow invoked
2019-09-25 11:42:54,690 [grpc-default-executor-5] WARN  server.GrpcLogAppender (LogUtils.java:warn(134)) - 19e67e26-3d21-4d01-be9f-29113a4a814c@group-BF1BD4D8076C->e081c0a5-acfc-4a29-8262-ee158adf5b11-AppendLogResponseHandler: Failed appendEntries: org.apache.ratis.thirdparty.io.grpc.StatusRuntimeException: UNAVAILABLE: Channel shutdownNow invoked
2019-09-25 11:42:54,690 [ForkJoinPool.commonPool-worker-1] INFO  impl.RoleInfo (RoleInfo.java:shutdownLeaderState(104)) - 19e67e26-3d21-4d01-be9f-29113a4a814c: shutdown LeaderState
2019-09-25 11:42:54,691 [grpc-default-executor-5] INFO  impl.FollowerInfo (FollowerInfo.java:lambda$new$0(51)) - 19e67e26-3d21-4d01-be9f-29113a4a814c@group-BF1BD4D8076C->e081c0a5-acfc-4a29-8262-ee158adf5b11: nextIndex: updateUnconditionally 1 -> 0
2019-09-25 11:42:54,694 [ForkJoinPool.commonPool-worker-1] INFO  impl.PendingRequests (PendingRequests.java:sendNotLeaderResponses(202)) - 19e67e26-3d21-4d01-be9f-29113a4a814c-PendingRequests: sendNotLeaderResponses
2019-09-25 11:42:54,691 [grpc-default-executor-13] WARN  server.GrpcServerProtocolService (LogUtils.java:warn(134)) - e081c0a5-acfc-4a29-8262-ee158adf5b11: installSnapshot onError, lastRequest: 19e67e26-3d21-4d01-be9f-29113a4a814c->e081c0a5-acfc-4a29-8262-ee158adf5b11#7-t7, previous=(t:7, i:0), leaderCommit=0, initializing? false, entries: <empty>: org.apache.ratis.thirdparty.io.grpc.StatusRuntimeException: CANCELLED: cancelled before receiving half close
2019-09-25 11:42:54,691 [grpc-default-executor-19] INFO  impl.FollowerInfo (FollowerInfo.java:lambda$new$0(51)) - 19e67e26-3d21-4d01-be9f-29113a4a814c@group-071025EF7F78->e081c0a5-acfc-4a29-8262-ee158adf5b11: nextIndex: updateUnconditionally 1 -> 0
2019-09-25 11:42:54,691 [grpc-default-executor-20] WARN  server.GrpcServerProtocolService (LogUtils.java:warn(134)) - e081c0a5-acfc-4a29-8262-ee158adf5b11: installSnapshot onError, lastRequest: 19e67e26-3d21-4d01-be9f-29113a4a814c->e081c0a5-acfc-4a29-8262-ee158adf5b11#7-t7, previous=(t:7, i:0), leaderCommit=0, initializing? false, entries: <empty>: org.apache.ratis.thirdparty.io.grpc.StatusRuntimeException: CANCELLED: cancelled before receiving half close
2019-09-25 11:42:54,691 [main] INFO  segmented.SegmentedRaftLogWorker (SegmentedRaftLogWorker.java:close(228)) - e081c0a5-acfc-4a29-8262-ee158adf5b11@group-6E9EB1C0F638-SegmentedRaftLogWorker close()
2019-09-25 11:42:54,694 [ForkJoinPool.commonPool-worker-1] INFO  impl.StateMachineUpdater (StateMachineUpdater.java:stopAndJoin(125)) - 19e67e26-3d21-4d01-be9f-29113a4a814c@group-BF1BD4D8076C-StateMachineUpdater: set stopIndex = 0
2019-09-25 11:42:54,696 [ForkJoinPool.commonPool-worker-1] INFO  impl.RaftServerImpl (ServerState.java:close(385)) - 19e67e26-3d21-4d01-be9f-29113a4a814c@group-BF1BD4D8076C: closes. applyIndex: 0
2019-09-25 11:42:54,694 [org.apache.ratis.server.impl.LogAppender$AppenderDaemon$$Lambda$418/858148741@2fe3e77c] WARN  server.GrpcLogAppender (GrpcLogAppender.java:mayWait(143)) - 19e67e26-3d21-4d01-be9f-29113a4a814c@group-BF1BD4D8076C->8c24ed06-386e-4085-8931-93c762a64530-GrpcLogAppender: Wait interrupted by java.lang.InterruptedException
2019-09-25 11:42:54,694 [org.apache.ratis.server.impl.LogAppender$AppenderDaemon$$Lambda$418/858148741@70e6eb72] WARN  server.GrpcLogAppender (GrpcLogAppender.java:mayWait(143)) - 19e67e26-3d21-4d01-be9f-29113a4a814c@group-BF1BD4D8076C->e081c0a5-acfc-4a29-8262-ee158adf5b11-GrpcLogAppender: Wait interrupted by java.lang.InterruptedException
2019-09-25 11:42:54,696 [19e67e26-3d21-4d01-be9f-29113a4a814c@group-BF1BD4D8076C-SegmentedRaftLogWorker] INFO  segmented.SegmentedRaftLogWorker (SegmentedRaftLogWorker.java:run(313)) - 19e67e26-3d21-4d01-be9f-29113a4a814c@group-BF1BD4D8076C-SegmentedRaftLogWorker was interrupted, exiting. There are 0 tasks remaining in the queue.
2019-09-25 11:42:54,696 [main] INFO  impl.RaftServerImpl (RaftServerImpl.java:lambda$shutdown$3(251)) - e081c0a5-acfc-4a29-8262-ee158adf5b11@group-7CC56FB5D3F9: shutdown
2019-09-25 11:42:54,697 [ForkJoinPool.commonPool-worker-1] INFO  segmented.SegmentedRaftLogWorker (SegmentedRaftLogWorker.java:close(228)) - 19e67e26-3d21-4d01-be9f-29113a4a814c@group-BF1BD4D8076C-SegmentedRaftLogWorker close()
2019-09-25 11:42:54,697 [main] INFO  util.JmxRegister (JmxRegister.java:unregister(73)) - Successfully un-registered JMX Bean with object name Ratis:service=RaftServer,group=group-7CC56FB5D3F9,id=e081c0a5-acfc-4a29-8262-ee158adf5b11
2019-09-25 11:42:54,698 [ForkJoinPool.commonPool-worker-1] INFO  impl.RaftServerImpl (RaftServerImpl.java:lambda$shutdown$3(251)) - 19e67e26-3d21-4d01-be9f-29113a4a814c@group-071025EF7F78: shutdown
2019-09-25 11:42:54,698 [main] INFO  impl.RoleInfo (RoleInfo.java:shutdownFollowerState(121)) - e081c0a5-acfc-4a29-8262-ee158adf5b11: shutdown FollowerState
2019-09-25 11:42:54,698 [ForkJoinPool.commonPool-worker-1] INFO  util.JmxRegister (JmxRegister.java:unregister(73)) - Successfully un-registered JMX Bean with object name Ratis:service=RaftServer,group=group-071025EF7F78,id=19e67e26-3d21-4d01-be9f-29113a4a814c
2019-09-25 11:42:54,699 [Thread-1162] INFO  impl.FollowerState (FollowerState.java:run(115)) - e081c0a5-acfc-4a29-8262-ee158adf5b11: FollowerState was interrupted: java.lang.InterruptedException: sleep interrupted
2019-09-25 11:42:54,698 [main] INFO  impl.StateMachineUpdater (StateMachineUpdater.java:stopAndJoin(125)) - e081c0a5-acfc-4a29-8262-ee158adf5b11@group-7CC56FB5D3F9-StateMachineUpdater: set stopIndex = 0
2019-09-25 11:42:54,699 [ForkJoinPool.commonPool-worker-1] INFO  impl.RoleInfo (RoleInfo.java:shutdownLeaderState(104)) - 19e67e26-3d21-4d01-be9f-29113a4a814c: shutdown LeaderState
2019-09-25 11:42:54,699 [main] INFO  impl.RaftServerImpl (ServerState.java:close(385)) - e081c0a5-acfc-4a29-8262-ee158adf5b11@group-7CC56FB5D3F9: closes. applyIndex: 0
2019-09-25 11:42:54,702 [ForkJoinPool.commonPool-worker-1] INFO  impl.PendingRequests (PendingRequests.java:sendNotLeaderResponses(202)) - 19e67e26-3d21-4d01-be9f-29113a4a814c-PendingRequests: sendNotLeaderResponses
2019-09-25 11:42:54,702 [org.apache.ratis.server.impl.LogAppender$AppenderDaemon$$Lambda$418/858148741@57d329e] WARN  server.GrpcLogAppender (GrpcLogAppender.java:mayWait(143)) - 19e67e26-3d21-4d01-be9f-29113a4a814c@group-071025EF7F78->d0888866-0bad-4f41-ad37-dccd4a57b958-GrpcLogAppender: Wait interrupted by java.lang.InterruptedException
2019-09-25 11:42:54,702 [org.apache.ratis.server.impl.LogAppender$AppenderDaemon$$Lambda$418/858148741@5483bdea] WARN  server.GrpcLogAppender (GrpcLogAppender.java:mayWait(143)) - 19e67e26-3d21-4d01-be9f-29113a4a814c@group-071025EF7F78->e081c0a5-acfc-4a29-8262-ee158adf5b11-GrpcLogAppender: Wait interrupted by java.lang.InterruptedException
2019-09-25 11:42:54,702 [ForkJoinPool.commonPool-worker-1] INFO  impl.StateMachineUpdater (StateMachineUpdater.java:stopAndJoin(125)) - 19e67e26-3d21-4d01-be9f-29113a4a814c@group-071025EF7F78-StateMachineUpdater: set stopIndex = 0
2019-09-25 11:42:54,702 [e081c0a5-acfc-4a29-8262-ee158adf5b11@group-7CC56FB5D3F9-SegmentedRaftLogWorker] INFO  segmented.SegmentedRaftLogWorker (SegmentedRaftLogWorker.java:run(313)) - e081c0a5-acfc-4a29-8262-ee158adf5b11@group-7CC56FB5D3F9-SegmentedRaftLogWorker was interrupted, exiting. There are 0 tasks remaining in the queue.
2019-09-25 11:42:54,703 [ForkJoinPool.commonPool-worker-1] INFO  impl.RaftServerImpl (ServerState.java:close(385)) - 19e67e26-3d21-4d01-be9f-29113a4a814c@group-071025EF7F78: closes. applyIndex: 0
2019-09-25 11:42:54,703 [main] INFO  segmented.SegmentedRaftLogWorker (SegmentedRaftLogWorker.java:close(228)) - e081c0a5-acfc-4a29-8262-ee158adf5b11@group-7CC56FB5D3F9-SegmentedRaftLogWorker close()
2019-09-25 11:42:54,704 [19e67e26-3d21-4d01-be9f-29113a4a814c@group-071025EF7F78-SegmentedRaftLogWorker] INFO  segmented.SegmentedRaftLogWorker (SegmentedRaftLogWorker.java:run(313)) - 19e67e26-3d21-4d01-be9f-29113a4a814c@group-071025EF7F78-SegmentedRaftLogWorker was interrupted, exiting. There are 0 tasks remaining in the queue.
2019-09-25 11:42:54,704 [main] INFO  impl.RaftServerImpl (RaftServerImpl.java:lambda$shutdown$3(251)) - e081c0a5-acfc-4a29-8262-ee158adf5b11@group-BF1BD4D8076C: shutdown
2019-09-25 11:42:54,704 [ForkJoinPool.commonPool-worker-1] INFO  segmented.SegmentedRaftLogWorker (SegmentedRaftLogWorker.java:close(228)) - 19e67e26-3d21-4d01-be9f-29113a4a814c@group-071025EF7F78-SegmentedRaftLogWorker close()
2019-09-25 11:42:54,704 [main] INFO  util.JmxRegister (JmxRegister.java:unregister(73)) - Successfully un-registered JMX Bean with object name Ratis:service=RaftServer,group=group-BF1BD4D8076C,id=e081c0a5-acfc-4a29-8262-ee158adf5b11
2019-09-25 11:42:54,705 [ForkJoinPool.commonPool-worker-1] INFO  impl.RaftServerImpl (RaftServerImpl.java:lambda$shutdown$3(251)) - 19e67e26-3d21-4d01-be9f-29113a4a814c@group-25E28834D101: shutdown
2019-09-25 11:42:54,705 [main] INFO  impl.RoleInfo (RoleInfo.java:shutdownFollowerState(121)) - e081c0a5-acfc-4a29-8262-ee158adf5b11: shutdown FollowerState
2019-09-25 11:42:54,705 [ForkJoinPool.commonPool-worker-1] INFO  util.JmxRegister (JmxRegister.java:unregister(73)) - Successfully un-registered JMX Bean with object name Ratis:service=RaftServer,group=group-25E28834D101,id=19e67e26-3d21-4d01-be9f-29113a4a814c
2019-09-25 11:42:54,706 [Thread-1170] INFO  impl.FollowerState (FollowerState.java:run(115)) - e081c0a5-acfc-4a29-8262-ee158adf5b11: FollowerState was interrupted: java.lang.InterruptedException: sleep interrupted
2019-09-25 11:42:54,706 [main] INFO  impl.StateMachineUpdater (StateMachineUpdater.java:stopAndJoin(125)) - e081c0a5-acfc-4a29-8262-ee158adf5b11@group-BF1BD4D8076C-StateMachineUpdater: set stopIndex = 0
2019-09-25 11:42:54,706 [main] INFO  impl.RaftServerImpl (ServerState.java:close(385)) - e081c0a5-acfc-4a29-8262-ee158adf5b11@group-BF1BD4D8076C: closes. applyIndex: 0
2019-09-25 11:42:54,706 [ForkJoinPool.commonPool-worker-1] INFO  impl.RoleInfo (RoleInfo.java:shutdownLeaderState(104)) - 19e67e26-3d21-4d01-be9f-29113a4a814c: shutdown LeaderState
2019-09-25 11:42:54,707 [e081c0a5-acfc-4a29-8262-ee158adf5b11@group-BF1BD4D8076C-SegmentedRaftLogWorker] INFO  segmented.SegmentedRaftLogWorker (SegmentedRaftLogWorker.java:run(313)) - e081c0a5-acfc-4a29-8262-ee158adf5b11@group-BF1BD4D8076C-SegmentedRaftLogWorker was interrupted, exiting. There are 0 tasks remaining in the queue.
2019-09-25 11:42:54,707 [ForkJoinPool.commonPool-worker-1] INFO  impl.PendingRequests (PendingRequests.java:sendNotLeaderResponses(202)) - 19e67e26-3d21-4d01-be9f-29113a4a814c-PendingRequests: sendNotLeaderResponses
2019-09-25 11:42:54,707 [main] INFO  segmented.SegmentedRaftLogWorker (SegmentedRaftLogWorker.java:close(228)) - e081c0a5-acfc-4a29-8262-ee158adf5b11@group-BF1BD4D8076C-SegmentedRaftLogWorker close()
2019-09-25 11:42:54,708 [ForkJoinPool.commonPool-worker-1] INFO  impl.StateMachineUpdater (StateMachineUpdater.java:stopAndJoin(125)) - 19e67e26-3d21-4d01-be9f-29113a4a814c@group-25E28834D101-StateMachineUpdater: set stopIndex = 0
2019-09-25 11:42:54,708 [main] INFO  impl.RaftServerImpl (RaftServerImpl.java:lambda$shutdown$3(251)) - e081c0a5-acfc-4a29-8262-ee158adf5b11@group-071025EF7F78: shutdown
2019-09-25 11:42:54,708 [ForkJoinPool.commonPool-worker-1] INFO  impl.RaftServerImpl (ServerState.java:close(385)) - 19e67e26-3d21-4d01-be9f-29113a4a814c@group-25E28834D101: closes. applyIndex: 0
2019-09-25 11:42:54,708 [main] INFO  util.JmxRegister (JmxRegister.java:unregister(73)) - Successfully un-registered JMX Bean with object name Ratis:service=RaftServer,group=group-071025EF7F78,id=e081c0a5-acfc-4a29-8262-ee158adf5b11
2019-09-25 11:42:54,709 [main] INFO  impl.RoleInfo (RoleInfo.java:shutdownFollowerState(121)) - e081c0a5-acfc-4a29-8262-ee158adf5b11: shutdown FollowerState
2019-09-25 11:42:54,709 [19e67e26-3d21-4d01-be9f-29113a4a814c@group-25E28834D101-SegmentedRaftLogWorker] INFO  segmented.SegmentedRaftLogWorker (SegmentedRaftLogWorker.java:run(313)) - 19e67e26-3d21-4d01-be9f-29113a4a814c@group-25E28834D101-SegmentedRaftLogWorker was interrupted, exiting. There are 0 tasks remaining in the queue.
2019-09-25 11:42:54,709 [Thread-1204] INFO  impl.FollowerState (FollowerState.java:run(115)) - e081c0a5-acfc-4a29-8262-ee158adf5b11: FollowerState was interrupted: java.lang.InterruptedException: sleep interrupted
2019-09-25 11:42:54,709 [main] INFO  impl.StateMachineUpdater (StateMachineUpdater.java:stopAndJoin(125)) - e081c0a5-acfc-4a29-8262-ee158adf5b11@group-071025EF7F78-StateMachineUpdater: set stopIndex = 0
2019-09-25 11:42:54,710 [main] INFO  impl.RaftServerImpl (ServerState.java:close(385)) - e081c0a5-acfc-4a29-8262-ee158adf5b11@group-071025EF7F78: closes. applyIndex: 0
2019-09-25 11:42:54,710 [ForkJoinPool.commonPool-worker-1] INFO  segmented.SegmentedRaftLogWorker (SegmentedRaftLogWorker.java:close(228)) - 19e67e26-3d21-4d01-be9f-29113a4a814c@group-25E28834D101-SegmentedRaftLogWorker close()
2019-09-25 11:42:54,711 [e081c0a5-acfc-4a29-8262-ee158adf5b11@group-071025EF7F78-SegmentedRaftLogWorker] INFO  segmented.SegmentedRaftLogWorker (SegmentedRaftLogWorker.java:run(313)) - e081c0a5-acfc-4a29-8262-ee158adf5b11@group-071025EF7F78-SegmentedRaftLogWorker was interrupted, exiting. There are 0 tasks remaining in the queue.
2019-09-25 11:42:54,711 [ForkJoinPool.commonPool-worker-1] INFO  impl.RaftServerImpl (RaftServerImpl.java:lambda$shutdown$3(251)) - 19e67e26-3d21-4d01-be9f-29113a4a814c@group-ADB1B60517AF: shutdown
2019-09-25 11:42:54,711 [main] INFO  segmented.SegmentedRaftLogWorker (SegmentedRaftLogWorker.java:close(228)) - e081c0a5-acfc-4a29-8262-ee158adf5b11@group-071025EF7F78-SegmentedRaftLogWorker close()
2019-09-25 11:42:54,711 [ForkJoinPool.commonPool-worker-1] INFO  util.JmxRegister (JmxRegister.java:unregister(73)) - Successfully un-registered JMX Bean with object name Ratis:service=RaftServer,group=group-ADB1B60517AF,id=19e67e26-3d21-4d01-be9f-29113a4a814c
2019-09-25 11:42:54,712 [main] INFO  impl.RaftServerImpl (RaftServerImpl.java:lambda$shutdown$3(251)) - e081c0a5-acfc-4a29-8262-ee158adf5b11@group-34523102FCC0: shutdown
2019-09-25 11:42:54,712 [ForkJoinPool.commonPool-worker-1] INFO  impl.RoleInfo (RoleInfo.java:shutdownLeaderState(104)) - 19e67e26-3d21-4d01-be9f-29113a4a814c: shutdown LeaderState
2019-09-25 11:42:54,712 [main] INFO  util.JmxRegister (JmxRegister.java:unregister(73)) - Successfully un-registered JMX Bean with object name Ratis:service=RaftServer,group=group-34523102FCC0,id=e081c0a5-acfc-4a29-8262-ee158adf5b11
2019-09-25 11:42:54,719 [org.apache.ratis.server.impl.LogAppender$AppenderDaemon$$Lambda$418/858148741@133214f1] WARN  server.GrpcLogAppender (GrpcLogAppender.java:mayWait(143)) - 19e67e26-3d21-4d01-be9f-29113a4a814c@group-ADB1B60517AF->8c24ed06-386e-4085-8931-93c762a64530-GrpcLogAppender: Wait interrupted by java.lang.InterruptedException
2019-09-25 11:42:54,719 [org.apache.ratis.server.impl.LogAppender$AppenderDaemon$$Lambda$418/858148741@313166c9] WARN  server.GrpcLogAppender (GrpcLogAppender.java:mayWait(143)) - 19e67e26-3d21-4d01-be9f-29113a4a814c@group-ADB1B60517AF->d0888866-0bad-4f41-ad37-dccd4a57b958-GrpcLogAppender: Wait interrupted by java.lang.InterruptedException
2019-09-25 11:42:54,719 [ForkJoinPool.commonPool-worker-1] INFO  impl.PendingRequests (PendingRequests.java:sendNotLeaderResponses(202)) - 19e67e26-3d21-4d01-be9f-29113a4a814c-PendingRequests: sendNotLeaderResponses
2019-09-25 11:42:54,719 [main] INFO  impl.RoleInfo (RoleInfo.java:shutdownLeaderState(104)) - e081c0a5-acfc-4a29-8262-ee158adf5b11: shutdown LeaderState
2019-09-25 11:42:54,719 [ForkJoinPool.commonPool-worker-1] INFO  impl.StateMachineUpdater (StateMachineUpdater.java:stopAndJoin(125)) - 19e67e26-3d21-4d01-be9f-29113a4a814c@group-ADB1B60517AF-StateMachineUpdater: set stopIndex = 0
2019-09-25 11:42:54,720 [main] INFO  impl.PendingRequests (PendingRequests.java:sendNotLeaderResponses(202)) - e081c0a5-acfc-4a29-8262-ee158adf5b11-PendingRequests: sendNotLeaderResponses
2019-09-25 11:42:54,720 [ForkJoinPool.commonPool-worker-1] INFO  impl.RaftServerImpl (ServerState.java:close(385)) - 19e67e26-3d21-4d01-be9f-29113a4a814c@group-ADB1B60517AF: closes. applyIndex: 0
2019-09-25 11:42:54,720 [main] INFO  impl.StateMachineUpdater (StateMachineUpdater.java:stopAndJoin(125)) - e081c0a5-acfc-4a29-8262-ee158adf5b11@group-34523102FCC0-StateMachineUpdater: set stopIndex = 0
2019-09-25 11:42:54,721 [main] INFO  impl.RaftServerImpl (ServerState.java:close(385)) - e081c0a5-acfc-4a29-8262-ee158adf5b11@group-34523102FCC0: closes. applyIndex: 0
2019-09-25 11:42:54,721 [19e67e26-3d21-4d01-be9f-29113a4a814c@group-ADB1B60517AF-SegmentedRaftLogWorker] INFO  segmented.SegmentedRaftLogWorker (SegmentedRaftLogWorker.java:run(313)) - 19e67e26-3d21-4d01-be9f-29113a4a814c@group-ADB1B60517AF-SegmentedRaftLogWorker was interrupted, exiting. There are 0 tasks remaining in the queue.
2019-09-25 11:42:54,721 [e081c0a5-acfc-4a29-8262-ee158adf5b11@group-34523102FCC0-SegmentedRaftLogWorker] INFO  segmented.SegmentedRaftLogWorker (SegmentedRaftLogWorker.java:run(313)) - e081c0a5-acfc-4a29-8262-ee158adf5b11@group-34523102FCC0-SegmentedRaftLogWorker was interrupted, exiting. There are 0 tasks remaining in the queue.
2019-09-25 11:42:54,722 [ForkJoinPool.commonPool-worker-1] INFO  segmented.SegmentedRaftLogWorker (SegmentedRaftLogWorker.java:close(228)) - 19e67e26-3d21-4d01-be9f-29113a4a814c@group-ADB1B60517AF-SegmentedRaftLogWorker close()
2019-09-25 11:42:54,722 [main] INFO  segmented.SegmentedRaftLogWorker (SegmentedRaftLogWorker.java:close(228)) - e081c0a5-acfc-4a29-8262-ee158adf5b11@group-34523102FCC0-SegmentedRaftLogWorker close()
2019-09-25 11:42:54,722 [ForkJoinPool.commonPool-worker-1] INFO  server.GrpcService (GrpcService.java:closeImpl(164)) - 19e67e26-3d21-4d01-be9f-29113a4a814c: shutdown server with port 34535 now
2019-09-25 11:42:54,722 [main] INFO  impl.RaftServerImpl (RaftServerImpl.java:lambda$shutdown$3(251)) - e081c0a5-acfc-4a29-8262-ee158adf5b11@group-4519217FD965: shutdown
2019-09-25 11:42:54,723 [main] INFO  util.JmxRegister (JmxRegister.java:unregister(73)) - Successfully un-registered JMX Bean with object name Ratis:service=RaftServer,group=group-4519217FD965,id=e081c0a5-acfc-4a29-8262-ee158adf5b11
2019-09-25 11:42:54,723 [main] INFO  impl.RoleInfo (RoleInfo.java:shutdownLeaderState(104)) - e081c0a5-acfc-4a29-8262-ee158adf5b11: shutdown LeaderState
2019-09-25 11:42:54,723 [ForkJoinPool.commonPool-worker-1] INFO  server.GrpcService (GrpcService.java:closeImpl(172)) - 19e67e26-3d21-4d01-be9f-29113a4a814c: shutdown server with port 34535 successfully
2019-09-25 11:42:54,723 [main] INFO  impl.PendingRequests (PendingRequests.java:sendNotLeaderResponses(202)) - e081c0a5-acfc-4a29-8262-ee158adf5b11-PendingRequests: sendNotLeaderResponses
2019-09-25 11:42:54,724 [main] INFO  impl.StateMachineUpdater (StateMachineUpdater.java:stopAndJoin(125)) - e081c0a5-acfc-4a29-8262-ee158adf5b11@group-4519217FD965-StateMachineUpdater: set stopIndex = 0
2019-09-25 11:42:54,725 [main] INFO  impl.RaftServerImpl (ServerState.java:close(385)) - e081c0a5-acfc-4a29-8262-ee158adf5b11@group-4519217FD965: closes. applyIndex: 0
2019-09-25 11:42:54,725 [refreshUsed-/workdir/hadoop-ozone/integration-test/target/test-dir/MiniOzoneClusterImpl-85c44edd-3ede-4f6a-a825-df7bd545a955/datanode-0/data/containers] WARN  fs.CachingGetSpaceUsed (CachingGetSpaceUsed.java:run(183)) - Thread Interrupted waiting to refresh disk information: sleep interrupted
2019-09-25 11:42:54,725 [e081c0a5-acfc-4a29-8262-ee158adf5b11@group-4519217FD965-SegmentedRaftLogWorker] INFO  segmented.SegmentedRaftLogWorker (SegmentedRaftLogWorker.java:run(313)) - e081c0a5-acfc-4a29-8262-ee158adf5b11@group-4519217FD965-SegmentedRaftLogWorker was interrupted, exiting. There are 0 tasks remaining in the queue.
2019-09-25 11:42:54,725 [main] INFO  segmented.SegmentedRaftLogWorker (SegmentedRaftLogWorker.java:close(228)) - e081c0a5-acfc-4a29-8262-ee158adf5b11@group-4519217FD965-SegmentedRaftLogWorker close()
2019-09-25 11:42:54,726 [main] INFO  server.GrpcService (GrpcService.java:closeImpl(164)) - e081c0a5-acfc-4a29-8262-ee158adf5b11: shutdown server with port 37941 now
2019-09-25 11:42:54,727 [main] INFO  server.GrpcService (GrpcService.java:closeImpl(172)) - e081c0a5-acfc-4a29-8262-ee158adf5b11: shutdown server with port 37941 successfully
2019-09-25 11:42:54,733 [refreshUsed-/workdir/hadoop-ozone/integration-test/target/test-dir/MiniOzoneClusterImpl-85c44edd-3ede-4f6a-a825-df7bd545a955/datanode-4/data/containers] WARN  fs.CachingGetSpaceUsed (CachingGetSpaceUsed.java:run(183)) - Thread Interrupted waiting to refresh disk information: sleep interrupted
2019-09-25 11:42:54,749 [main] INFO  utils.BackgroundService (BackgroundService.java:shutdown(148)) - Shutting down service BlockDeletingService
2019-09-25 11:42:54,749 [ForkJoinPool.commonPool-worker-1] INFO  utils.BackgroundService (BackgroundService.java:shutdown(148)) - Shutting down service BlockDeletingService
2019-09-25 11:42:54,753 [ForkJoinPool.commonPool-worker-1] INFO  statemachine.DatanodeStateMachine (DatanodeStateMachine.java:stopDaemon(395)) - Ozone container server stopped.
2019-09-25 11:42:54,753 [main] INFO  statemachine.DatanodeStateMachine (DatanodeStateMachine.java:stopDaemon(395)) - Ozone container server stopped.
2019-09-25 11:42:54,756 [main] INFO  handler.ContextHandler (ContextHandler.java:doStop(910)) - Stopped o.e.j.w.WebAppContext@6ad16c5d{/,null,UNAVAILABLE}{/hddsDatanode}
2019-09-25 11:42:54,756 [ForkJoinPool.commonPool-worker-1] INFO  handler.ContextHandler (ContextHandler.java:doStop(910)) - Stopped o.e.j.w.WebAppContext@e84fb85{/,null,UNAVAILABLE}{/hddsDatanode}
2019-09-25 11:42:54,757 [main] INFO  server.AbstractConnector (AbstractConnector.java:doStop(318)) - Stopped ServerConnector@74ea46e2{HTTP/1.1,[http/1.1]}{0.0.0.0:0}
2019-09-25 11:42:54,757 [ForkJoinPool.commonPool-worker-1] INFO  server.AbstractConnector (AbstractConnector.java:doStop(318)) - Stopped ServerConnector@68a4dcc6{HTTP/1.1,[http/1.1]}{0.0.0.0:0}
2019-09-25 11:42:54,757 [main] INFO  handler.ContextHandler (ContextHandler.java:doStop(910)) - Stopped o.e.j.s.ServletContextHandler@250a500b{/static,jar:file:/home/user/.m2/repository/org/apache/hadoop/hadoop-hdds-container-service/0.5.0-SNAPSHOT/hadoop-hdds-container-service-0.5.0-SNAPSHOT.jar!/webapps/static,UNAVAILABLE}
2019-09-25 11:42:54,758 [ForkJoinPool.commonPool-worker-1] INFO  handler.ContextHandler (ContextHandler.java:doStop(910)) - Stopped o.e.j.s.ServletContextHandler@70228253{/static,jar:file:/home/user/.m2/repository/org/apache/hadoop/hadoop-hdds-container-service/0.5.0-SNAPSHOT/hadoop-hdds-container-service-0.5.0-SNAPSHOT.jar!/webapps/static,UNAVAILABLE}
2019-09-25 11:42:54,758 [main] INFO  handler.ContextHandler (ContextHandler.java:doStop(910)) - Stopped o.e.j.s.ServletContextHandler@c755b2{/logs,file:///workdir/hadoop-ozone/integration-test/target/log,UNAVAILABLE}
2019-09-25 11:42:54,759 [ForkJoinPool.commonPool-worker-1] INFO  handler.ContextHandler (ContextHandler.java:doStop(910)) - Stopped o.e.j.s.ServletContextHandler@9596ce8{/logs,file:///workdir/hadoop-ozone/integration-test/target/log,UNAVAILABLE}
2019-09-25 11:42:54,760 [main] INFO  ozone.MiniOzoneClusterImpl (MiniOzoneClusterImpl.java:stopSCM(392)) - Stopping the StorageContainerManager
2019-09-25 11:42:54,761 [main] INFO  server.StorageContainerManager (StorageContainerManager.java:stop(808)) - Stopping Replication Manager Service.
2019-09-25 11:42:54,761 [main] INFO  container.ReplicationManager (ReplicationManager.java:stop(204)) - Stopping Replication Monitor Thread.
2019-09-25 11:42:54,761 [main] INFO  server.StorageContainerManager (StorageContainerManager.java:stop(815)) - Stopping Lease Manager of the command watchers
2019-09-25 11:42:54,761 [main] INFO  server.StorageContainerManager (StorageContainerManager.java:stop(822)) - Stopping datanode service RPC server
2019-09-25 11:42:54,761 [main] INFO  server.SCMDatanodeProtocolServer (SCMDatanodeProtocolServer.java:stop(367)) - Stopping the RPC server for DataNodes
2019-09-25 11:42:54,762 [main] INFO  ipc.Server (Server.java:stop(3082)) - Stopping server on 40029
2019-09-25 11:42:54,763 [IPC Server listener on 40029] INFO  ipc.Server (Server.java:run(1185)) - Stopping IPC Server listener on 40029
2019-09-25 11:42:54,763 [IPC Server Responder] INFO  ipc.Server (Server.java:run(1319)) - Stopping IPC Server Responder
2019-09-25 11:42:55,060 [SCM Heartbeat Processing Thread - 0] WARN  node.NodeStateManager (NodeStateManager.java:scheduleNextHealthCheck(655)) - Current Thread is interrupted, shutting down HB processing thread for Node Manager.
2019-09-25 11:42:55,060 [main] INFO  server.StorageContainerManager (StorageContainerManager.java:stop(830)) - Stopping block service RPC server
2019-09-25 11:42:55,061 [main] INFO  server.SCMBlockProtocolServer (SCMBlockProtocolServer.java:stop(155)) - Stopping the RPC server for Block Protocol
2019-09-25 11:42:55,061 [main] INFO  ipc.Server (Server.java:stop(3082)) - Stopping server on 37215
2019-09-25 11:42:55,064 [IPC Server listener on 37215] INFO  ipc.Server (Server.java:run(1185)) - Stopping IPC Server listener on 37215
2019-09-25 11:42:55,064 [IPC Server Responder] INFO  ipc.Server (Server.java:run(1319)) - Stopping IPC Server Responder
2019-09-25 11:42:55,064 [main] INFO  server.StorageContainerManager (StorageContainerManager.java:stop(837)) - Stopping the StorageContainerLocationProtocol RPC server
2019-09-25 11:42:55,064 [main] INFO  server.SCMClientProtocolServer (SCMClientProtocolServer.java:stop(159)) - Stopping the RPC server for Client Protocol
2019-09-25 11:42:55,065 [main] INFO  ipc.Server (Server.java:stop(3082)) - Stopping server on 45005
2019-09-25 11:42:55,067 [IPC Server listener on 45005] INFO  ipc.Server (Server.java:run(1185)) - Stopping IPC Server listener on 45005
2019-09-25 11:42:55,067 [main] INFO  server.StorageContainerManager (StorageContainerManager.java:stop(844)) - Stopping Storage Container Manager HTTP server.
2019-09-25 11:42:55,068 [IPC Server Responder] INFO  ipc.Server (Server.java:run(1319)) - Stopping IPC Server Responder
2019-09-25 11:42:55,068 [main] INFO  handler.ContextHandler (ContextHandler.java:doStop(910)) - Stopped o.e.j.w.WebAppContext@e24ddd0{/,null,UNAVAILABLE}{/scm}
2019-09-25 11:42:55,069 [main] INFO  server.AbstractConnector (AbstractConnector.java:doStop(318)) - Stopped ServerConnector@ca27722{HTTP/1.1,[http/1.1]}{0.0.0.0:0}
2019-09-25 11:42:55,070 [main] INFO  handler.ContextHandler (ContextHandler.java:doStop(910)) - Stopped o.e.j.s.ServletContextHandler@70ab2d48{/static,file:///workdir/hadoop-ozone/integration-test/target/test-classes/webapps/static,UNAVAILABLE}
2019-09-25 11:42:55,070 [main] INFO  handler.ContextHandler (ContextHandler.java:doStop(910)) - Stopped o.e.j.s.ServletContextHandler@3300f4fd{/logs,file:///workdir/hadoop-ozone/integration-test/target/log,UNAVAILABLE}
2019-09-25 11:42:55,071 [main] INFO  server.StorageContainerManager (StorageContainerManager.java:stop(855)) - Stopping Block Manager Service.
2019-09-25 11:42:55,071 [main] INFO  utils.BackgroundService (BackgroundService.java:shutdown(148)) - Shutting down service SCMBlockDeletingService
2019-09-25 11:42:55,072 [main] INFO  utils.BackgroundService (BackgroundService.java:shutdown(148)) - Shutting down service SCMBlockDeletingService
2019-09-25 11:42:55,072 [main] INFO  server.StorageContainerManager (StorageContainerManager.java:stop(877)) - Stopping SCM Event Queue.
2019-09-25 11:42:55,079 [main] INFO  impl.MetricsSystemImpl (MetricsSystemImpl.java:stop(210)) - Stopping ratis metrics system...
2019-09-25 11:42:55,094 [prometheus] INFO  impl.MetricsSinkAdapter (MetricsSinkAdapter.java:publishMetricsFromQueue(141)) - prometheus thread interrupted.
2019-09-25 11:42:55,094 [main] INFO  impl.MetricsSystemImpl (MetricsSystemImpl.java:stop(216)) - ratis metrics system stopped.
]]></system-out>
    <system-err><![CDATA[ERROR StatusLogger No Log4j 2 configuration file found. Using default configuration (logging only errors to the console), or user programmatically provided configurations. Set system property 'log4j2.debug' to show Log4j 2 internal initialization logging. See https://logging.apache.org/log4j/2.x/manual/configuration.html for instructions on how to configure Log4j 2
Sep 25, 2019 11:42:38 AM org.apache.ratis.thirdparty.io.grpc.internal.SerializingExecutor run
SEVERE: Exception while executing runnable org.apache.ratis.thirdparty.io.grpc.internal.ServerImpl$JumpToApplicationThreadServerStreamListener$1Closed@63e49b19
org.apache.ratis.thirdparty.io.grpc.StatusRuntimeException: CANCELLED: call already cancelled
	at org.apache.ratis.thirdparty.io.grpc.Status.asRuntimeException(Status.java:517)
	at org.apache.ratis.thirdparty.io.grpc.stub.ServerCalls$ServerCallStreamObserverImpl.onCompleted(ServerCalls.java:356)
	at org.apache.ratis.grpc.server.GrpcServerProtocolService$ServerRequestStreamObserver.onError(GrpcServerProtocolService.java:121)
	at org.apache.ratis.thirdparty.io.grpc.stub.ServerCalls$StreamingServerCallHandler$StreamingServerCallListener.onCancel(ServerCalls.java:269)
	at org.apache.ratis.thirdparty.io.grpc.internal.ServerCallImpl$ServerStreamListenerImpl.closed(ServerCallImpl.java:293)
	at org.apache.ratis.thirdparty.io.grpc.internal.ServerImpl$JumpToApplicationThreadServerStreamListener$1Closed.runInContext(ServerImpl.java:741)
	at org.apache.ratis.thirdparty.io.grpc.internal.ContextRunnable.run(ContextRunnable.java:37)
	at org.apache.ratis.thirdparty.io.grpc.internal.SerializingExecutor.run(SerializingExecutor.java:123)
	at java.util.concurrent.ThreadPoolExecutor.runWorker(ThreadPoolExecutor.java:1149)
	at java.util.concurrent.ThreadPoolExecutor$Worker.run(ThreadPoolExecutor.java:624)
	at java.lang.Thread.run(Thread.java:748)

Sep 25, 2019 11:42:38 AM org.apache.ratis.thirdparty.io.grpc.internal.SerializingExecutor run
SEVERE: Exception while executing runnable org.apache.ratis.thirdparty.io.grpc.internal.ServerImpl$JumpToApplicationThreadServerStreamListener$1Closed@37227933
org.apache.ratis.thirdparty.io.grpc.StatusRuntimeException: CANCELLED: call already cancelled
	at org.apache.ratis.thirdparty.io.grpc.Status.asRuntimeException(Status.java:517)
	at org.apache.ratis.thirdparty.io.grpc.stub.ServerCalls$ServerCallStreamObserverImpl.onCompleted(ServerCalls.java:356)
	at org.apache.ratis.grpc.server.GrpcServerProtocolService$ServerRequestStreamObserver.onError(GrpcServerProtocolService.java:121)
	at org.apache.ratis.thirdparty.io.grpc.stub.ServerCalls$StreamingServerCallHandler$StreamingServerCallListener.onCancel(ServerCalls.java:269)
	at org.apache.ratis.thirdparty.io.grpc.internal.ServerCallImpl$ServerStreamListenerImpl.closed(ServerCallImpl.java:293)
	at org.apache.ratis.thirdparty.io.grpc.internal.ServerImpl$JumpToApplicationThreadServerStreamListener$1Closed.runInContext(ServerImpl.java:741)
	at org.apache.ratis.thirdparty.io.grpc.internal.ContextRunnable.run(ContextRunnable.java:37)
	at org.apache.ratis.thirdparty.io.grpc.internal.SerializingExecutor.run(SerializingExecutor.java:123)
	at java.util.concurrent.ThreadPoolExecutor.runWorker(ThreadPoolExecutor.java:1149)
	at java.util.concurrent.ThreadPoolExecutor$Worker.run(ThreadPoolExecutor.java:624)
	at java.lang.Thread.run(Thread.java:748)

Sep 25, 2019 11:42:38 AM org.apache.ratis.thirdparty.io.grpc.internal.SerializingExecutor run
SEVERE: Exception while executing runnable org.apache.ratis.thirdparty.io.grpc.internal.ServerImpl$JumpToApplicationThreadServerStreamListener$1Closed@2b89ffb1
org.apache.ratis.thirdparty.io.grpc.StatusRuntimeException: CANCELLED: call already cancelled
	at org.apache.ratis.thirdparty.io.grpc.Status.asRuntimeException(Status.java:517)
	at org.apache.ratis.thirdparty.io.grpc.stub.ServerCalls$ServerCallStreamObserverImpl.onCompleted(ServerCalls.java:356)
	at org.apache.ratis.grpc.server.GrpcServerProtocolService$ServerRequestStreamObserver.onError(GrpcServerProtocolService.java:121)
	at org.apache.ratis.thirdparty.io.grpc.stub.ServerCalls$StreamingServerCallHandler$StreamingServerCallListener.onCancel(ServerCalls.java:269)
	at org.apache.ratis.thirdparty.io.grpc.internal.ServerCallImpl$ServerStreamListenerImpl.closed(ServerCallImpl.java:293)
	at org.apache.ratis.thirdparty.io.grpc.internal.ServerImpl$JumpToApplicationThreadServerStreamListener$1Closed.runInContext(ServerImpl.java:741)
	at org.apache.ratis.thirdparty.io.grpc.internal.ContextRunnable.run(ContextRunnable.java:37)
	at org.apache.ratis.thirdparty.io.grpc.internal.SerializingExecutor.run(SerializingExecutor.java:123)
	at java.util.concurrent.ThreadPoolExecutor.runWorker(ThreadPoolExecutor.java:1149)
	at java.util.concurrent.ThreadPoolExecutor$Worker.run(ThreadPoolExecutor.java:624)
	at java.lang.Thread.run(Thread.java:748)

Sep 25, 2019 11:42:38 AM org.apache.ratis.thirdparty.io.grpc.internal.SerializingExecutor run
SEVERE: Exception while executing runnable org.apache.ratis.thirdparty.io.grpc.internal.ServerImpl$JumpToApplicationThreadServerStreamListener$1Closed@71e3daaf
org.apache.ratis.thirdparty.io.grpc.StatusRuntimeException: CANCELLED: call already cancelled
	at org.apache.ratis.thirdparty.io.grpc.Status.asRuntimeException(Status.java:517)
	at org.apache.ratis.thirdparty.io.grpc.stub.ServerCalls$ServerCallStreamObserverImpl.onCompleted(ServerCalls.java:356)
	at org.apache.ratis.grpc.server.GrpcServerProtocolService$ServerRequestStreamObserver.onError(GrpcServerProtocolService.java:121)
	at org.apache.ratis.thirdparty.io.grpc.stub.ServerCalls$StreamingServerCallHandler$StreamingServerCallListener.onCancel(ServerCalls.java:269)
	at org.apache.ratis.thirdparty.io.grpc.internal.ServerCallImpl$ServerStreamListenerImpl.closed(ServerCallImpl.java:293)
	at org.apache.ratis.thirdparty.io.grpc.internal.ServerImpl$JumpToApplicationThreadServerStreamListener$1Closed.runInContext(ServerImpl.java:741)
	at org.apache.ratis.thirdparty.io.grpc.internal.ContextRunnable.run(ContextRunnable.java:37)
	at org.apache.ratis.thirdparty.io.grpc.internal.SerializingExecutor.run(SerializingExecutor.java:123)
	at java.util.concurrent.ThreadPoolExecutor.runWorker(ThreadPoolExecutor.java:1149)
	at java.util.concurrent.ThreadPoolExecutor$Worker.run(ThreadPoolExecutor.java:624)
	at java.lang.Thread.run(Thread.java:748)

Sep 25, 2019 11:42:44 AM org.apache.ratis.thirdparty.io.grpc.internal.SerializingExecutor run
SEVERE: Exception while executing runnable org.apache.ratis.thirdparty.io.grpc.internal.ServerImpl$JumpToApplicationThreadServerStreamListener$1Closed@69a12916
org.apache.ratis.thirdparty.io.grpc.StatusRuntimeException: CANCELLED: call already cancelled
	at org.apache.ratis.thirdparty.io.grpc.Status.asRuntimeException(Status.java:517)
	at org.apache.ratis.thirdparty.io.grpc.stub.ServerCalls$ServerCallStreamObserverImpl.onCompleted(ServerCalls.java:356)
	at org.apache.ratis.grpc.server.GrpcServerProtocolService$ServerRequestStreamObserver.onError(GrpcServerProtocolService.java:121)
	at org.apache.ratis.thirdparty.io.grpc.stub.ServerCalls$StreamingServerCallHandler$StreamingServerCallListener.onCancel(ServerCalls.java:269)
	at org.apache.ratis.thirdparty.io.grpc.internal.ServerCallImpl$ServerStreamListenerImpl.closed(ServerCallImpl.java:293)
	at org.apache.ratis.thirdparty.io.grpc.internal.ServerImpl$JumpToApplicationThreadServerStreamListener$1Closed.runInContext(ServerImpl.java:741)
	at org.apache.ratis.thirdparty.io.grpc.internal.ContextRunnable.run(ContextRunnable.java:37)
	at org.apache.ratis.thirdparty.io.grpc.internal.SerializingExecutor.run(SerializingExecutor.java:123)
	at java.util.concurrent.ThreadPoolExecutor.runWorker(ThreadPoolExecutor.java:1149)
	at java.util.concurrent.ThreadPoolExecutor$Worker.run(ThreadPoolExecutor.java:624)
	at java.lang.Thread.run(Thread.java:748)

Sep 25, 2019 11:42:44 AM org.apache.ratis.thirdparty.io.grpc.internal.SerializingExecutor run
SEVERE: Exception while executing runnable org.apache.ratis.thirdparty.io.grpc.internal.ServerImpl$JumpToApplicationThreadServerStreamListener$1Closed@50c8eeeb
org.apache.ratis.thirdparty.io.grpc.StatusRuntimeException: CANCELLED: call already cancelled
	at org.apache.ratis.thirdparty.io.grpc.Status.asRuntimeException(Status.java:517)
	at org.apache.ratis.thirdparty.io.grpc.stub.ServerCalls$ServerCallStreamObserverImpl.onCompleted(ServerCalls.java:356)
	at org.apache.ratis.grpc.server.GrpcServerProtocolService$ServerRequestStreamObserver.onError(GrpcServerProtocolService.java:121)
	at org.apache.ratis.thirdparty.io.grpc.stub.ServerCalls$StreamingServerCallHandler$StreamingServerCallListener.onCancel(ServerCalls.java:269)
	at org.apache.ratis.thirdparty.io.grpc.internal.ServerCallImpl$ServerStreamListenerImpl.closed(ServerCallImpl.java:293)
	at org.apache.ratis.thirdparty.io.grpc.internal.ServerImpl$JumpToApplicationThreadServerStreamListener$1Closed.runInContext(ServerImpl.java:741)
	at org.apache.ratis.thirdparty.io.grpc.internal.ContextRunnable.run(ContextRunnable.java:37)
	at org.apache.ratis.thirdparty.io.grpc.internal.SerializingExecutor.run(SerializingExecutor.java:123)
	at java.util.concurrent.ThreadPoolExecutor.runWorker(ThreadPoolExecutor.java:1149)
	at java.util.concurrent.ThreadPoolExecutor$Worker.run(ThreadPoolExecutor.java:624)
	at java.lang.Thread.run(Thread.java:748)

Sep 25, 2019 11:42:44 AM org.apache.ratis.thirdparty.io.grpc.internal.SerializingExecutor run
SEVERE: Exception while executing runnable org.apache.ratis.thirdparty.io.grpc.internal.ServerImpl$JumpToApplicationThreadServerStreamListener$1Closed@73ca113d
org.apache.ratis.thirdparty.io.grpc.StatusRuntimeException: CANCELLED: call already cancelled
	at org.apache.ratis.thirdparty.io.grpc.Status.asRuntimeException(Status.java:517)
	at org.apache.ratis.thirdparty.io.grpc.stub.ServerCalls$ServerCallStreamObserverImpl.onCompleted(ServerCalls.java:356)
	at org.apache.ratis.grpc.server.GrpcServerProtocolService$ServerRequestStreamObserver.onError(GrpcServerProtocolService.java:121)
	at org.apache.ratis.thirdparty.io.grpc.stub.ServerCalls$StreamingServerCallHandler$StreamingServerCallListener.onCancel(ServerCalls.java:269)
	at org.apache.ratis.thirdparty.io.grpc.internal.ServerCallImpl$ServerStreamListenerImpl.closed(ServerCallImpl.java:293)
	at org.apache.ratis.thirdparty.io.grpc.internal.ServerImpl$JumpToApplicationThreadServerStreamListener$1Closed.runInContext(ServerImpl.java:741)
	at org.apache.ratis.thirdparty.io.grpc.internal.ContextRunnable.run(ContextRunnable.java:37)
	at org.apache.ratis.thirdparty.io.grpc.internal.SerializingExecutor.run(SerializingExecutor.java:123)
	at java.util.concurrent.ThreadPoolExecutor.runWorker(ThreadPoolExecutor.java:1149)
	at java.util.concurrent.ThreadPoolExecutor$Worker.run(ThreadPoolExecutor.java:624)
	at java.lang.Thread.run(Thread.java:748)

Sep 25, 2019 11:42:44 AM org.apache.ratis.thirdparty.io.grpc.internal.SerializingExecutor run
SEVERE: Exception while executing runnable org.apache.ratis.thirdparty.io.grpc.internal.ServerImpl$JumpToApplicationThreadServerStreamListener$1Closed@119fd724
org.apache.ratis.thirdparty.io.grpc.StatusRuntimeException: CANCELLED: call already cancelled
	at org.apache.ratis.thirdparty.io.grpc.Status.asRuntimeException(Status.java:517)
	at org.apache.ratis.thirdparty.io.grpc.stub.ServerCalls$ServerCallStreamObserverImpl.onCompleted(ServerCalls.java:356)
	at org.apache.ratis.grpc.server.GrpcServerProtocolService$ServerRequestStreamObserver.onError(GrpcServerProtocolService.java:121)
	at org.apache.ratis.thirdparty.io.grpc.stub.ServerCalls$StreamingServerCallHandler$StreamingServerCallListener.onCancel(ServerCalls.java:269)
	at org.apache.ratis.thirdparty.io.grpc.internal.ServerCallImpl$ServerStreamListenerImpl.closed(ServerCallImpl.java:293)
	at org.apache.ratis.thirdparty.io.grpc.internal.ServerImpl$JumpToApplicationThreadServerStreamListener$1Closed.runInContext(ServerImpl.java:741)
	at org.apache.ratis.thirdparty.io.grpc.internal.ContextRunnable.run(ContextRunnable.java:37)
	at org.apache.ratis.thirdparty.io.grpc.internal.SerializingExecutor.run(SerializingExecutor.java:123)
	at java.util.concurrent.ThreadPoolExecutor.runWorker(ThreadPoolExecutor.java:1149)
	at java.util.concurrent.ThreadPoolExecutor$Worker.run(ThreadPoolExecutor.java:624)
	at java.lang.Thread.run(Thread.java:748)

Sep 25, 2019 11:42:44 AM org.apache.ratis.thirdparty.io.grpc.internal.SerializingExecutor run
SEVERE: Exception while executing runnable org.apache.ratis.thirdparty.io.grpc.internal.ServerImpl$JumpToApplicationThreadServerStreamListener$1Closed@2b575058
org.apache.ratis.thirdparty.io.grpc.StatusRuntimeException: CANCELLED: call already cancelled
	at org.apache.ratis.thirdparty.io.grpc.Status.asRuntimeException(Status.java:517)
	at org.apache.ratis.thirdparty.io.grpc.stub.ServerCalls$ServerCallStreamObserverImpl.onCompleted(ServerCalls.java:356)
	at org.apache.ratis.grpc.server.GrpcServerProtocolService$ServerRequestStreamObserver.onError(GrpcServerProtocolService.java:121)
	at org.apache.ratis.thirdparty.io.grpc.stub.ServerCalls$StreamingServerCallHandler$StreamingServerCallListener.onCancel(ServerCalls.java:269)
	at org.apache.ratis.thirdparty.io.grpc.internal.ServerCallImpl$ServerStreamListenerImpl.closed(ServerCallImpl.java:293)
	at org.apache.ratis.thirdparty.io.grpc.internal.ServerImpl$JumpToApplicationThreadServerStreamListener$1Closed.runInContext(ServerImpl.java:741)
	at org.apache.ratis.thirdparty.io.grpc.internal.ContextRunnable.run(ContextRunnable.java:37)
	at org.apache.ratis.thirdparty.io.grpc.internal.SerializingExecutor.run(SerializingExecutor.java:123)
	at java.util.concurrent.ThreadPoolExecutor.runWorker(ThreadPoolExecutor.java:1149)
	at java.util.concurrent.ThreadPoolExecutor$Worker.run(ThreadPoolExecutor.java:624)
	at java.lang.Thread.run(Thread.java:748)

Sep 25, 2019 11:42:44 AM org.apache.ratis.thirdparty.io.grpc.internal.SerializingExecutor run
SEVERE: Exception while executing runnable org.apache.ratis.thirdparty.io.grpc.internal.ServerImpl$JumpToApplicationThreadServerStreamListener$1Closed@4c184c0e
org.apache.ratis.thirdparty.io.grpc.StatusRuntimeException: CANCELLED: call already cancelled
	at org.apache.ratis.thirdparty.io.grpc.Status.asRuntimeException(Status.java:517)
	at org.apache.ratis.thirdparty.io.grpc.stub.ServerCalls$ServerCallStreamObserverImpl.onCompleted(ServerCalls.java:356)
	at org.apache.ratis.grpc.server.GrpcServerProtocolService$ServerRequestStreamObserver.onError(GrpcServerProtocolService.java:121)
	at org.apache.ratis.thirdparty.io.grpc.stub.ServerCalls$StreamingServerCallHandler$StreamingServerCallListener.onCancel(ServerCalls.java:269)
	at org.apache.ratis.thirdparty.io.grpc.internal.ServerCallImpl$ServerStreamListenerImpl.closed(ServerCallImpl.java:293)
	at org.apache.ratis.thirdparty.io.grpc.internal.ServerImpl$JumpToApplicationThreadServerStreamListener$1Closed.runInContext(ServerImpl.java:741)
	at org.apache.ratis.thirdparty.io.grpc.internal.ContextRunnable.run(ContextRunnable.java:37)
	at org.apache.ratis.thirdparty.io.grpc.internal.SerializingExecutor.run(SerializingExecutor.java:123)
	at java.util.concurrent.ThreadPoolExecutor.runWorker(ThreadPoolExecutor.java:1149)
	at java.util.concurrent.ThreadPoolExecutor$Worker.run(ThreadPoolExecutor.java:624)
	at java.lang.Thread.run(Thread.java:748)

Sep 25, 2019 11:42:44 AM org.apache.ratis.thirdparty.io.grpc.internal.SerializingExecutor run
SEVERE: Exception while executing runnable org.apache.ratis.thirdparty.io.grpc.internal.ServerImpl$JumpToApplicationThreadServerStreamListener$1Closed@70e762f8
org.apache.ratis.thirdparty.io.grpc.StatusRuntimeException: CANCELLED: call already cancelled
	at org.apache.ratis.thirdparty.io.grpc.Status.asRuntimeException(Status.java:517)
	at org.apache.ratis.thirdparty.io.grpc.stub.ServerCalls$ServerCallStreamObserverImpl.onCompleted(ServerCalls.java:356)
	at org.apache.ratis.grpc.server.GrpcServerProtocolService$ServerRequestStreamObserver.onError(GrpcServerProtocolService.java:121)
	at org.apache.ratis.thirdparty.io.grpc.stub.ServerCalls$StreamingServerCallHandler$StreamingServerCallListener.onCancel(ServerCalls.java:269)
	at org.apache.ratis.thirdparty.io.grpc.internal.ServerCallImpl$ServerStreamListenerImpl.closed(ServerCallImpl.java:293)
	at org.apache.ratis.thirdparty.io.grpc.internal.ServerImpl$JumpToApplicationThreadServerStreamListener$1Closed.runInContext(ServerImpl.java:741)
	at org.apache.ratis.thirdparty.io.grpc.internal.ContextRunnable.run(ContextRunnable.java:37)
	at org.apache.ratis.thirdparty.io.grpc.internal.SerializingExecutor.run(SerializingExecutor.java:123)
	at java.util.concurrent.ThreadPoolExecutor.runWorker(ThreadPoolExecutor.java:1149)
	at java.util.concurrent.ThreadPoolExecutor$Worker.run(ThreadPoolExecutor.java:624)
	at java.lang.Thread.run(Thread.java:748)

Sep 25, 2019 11:42:49 AM org.apache.ratis.thirdparty.io.grpc.internal.SerializingExecutor run
SEVERE: Exception while executing runnable org.apache.ratis.thirdparty.io.grpc.internal.ServerImpl$JumpToApplicationThreadServerStreamListener$1Closed@6ef01aab
org.apache.ratis.thirdparty.io.grpc.StatusRuntimeException: CANCELLED: call already cancelled
	at org.apache.ratis.thirdparty.io.grpc.Status.asRuntimeException(Status.java:517)
	at org.apache.ratis.thirdparty.io.grpc.stub.ServerCalls$ServerCallStreamObserverImpl.onCompleted(ServerCalls.java:356)
	at org.apache.ratis.grpc.server.GrpcServerProtocolService$ServerRequestStreamObserver.onError(GrpcServerProtocolService.java:121)
	at org.apache.ratis.thirdparty.io.grpc.stub.ServerCalls$StreamingServerCallHandler$StreamingServerCallListener.onCancel(ServerCalls.java:269)
	at org.apache.ratis.thirdparty.io.grpc.internal.ServerCallImpl$ServerStreamListenerImpl.closed(ServerCallImpl.java:293)
	at org.apache.ratis.thirdparty.io.grpc.internal.ServerImpl$JumpToApplicationThreadServerStreamListener$1Closed.runInContext(ServerImpl.java:741)
	at org.apache.ratis.thirdparty.io.grpc.internal.ContextRunnable.run(ContextRunnable.java:37)
	at org.apache.ratis.thirdparty.io.grpc.internal.SerializingExecutor.run(SerializingExecutor.java:123)
	at java.util.concurrent.ThreadPoolExecutor.runWorker(ThreadPoolExecutor.java:1149)
	at java.util.concurrent.ThreadPoolExecutor$Worker.run(ThreadPoolExecutor.java:624)
	at java.lang.Thread.run(Thread.java:748)

Sep 25, 2019 11:42:49 AM org.apache.ratis.thirdparty.io.grpc.internal.SerializingExecutor run
SEVERE: Exception while executing runnable org.apache.ratis.thirdparty.io.grpc.internal.ServerImpl$JumpToApplicationThreadServerStreamListener$1Closed@4985a006
org.apache.ratis.thirdparty.io.grpc.StatusRuntimeException: CANCELLED: call already cancelled
	at org.apache.ratis.thirdparty.io.grpc.Status.asRuntimeException(Status.java:517)
	at org.apache.ratis.thirdparty.io.grpc.stub.ServerCalls$ServerCallStreamObserverImpl.onCompleted(ServerCalls.java:356)
	at org.apache.ratis.grpc.server.GrpcServerProtocolService$ServerRequestStreamObserver.onError(GrpcServerProtocolService.java:121)
	at org.apache.ratis.thirdparty.io.grpc.stub.ServerCalls$StreamingServerCallHandler$StreamingServerCallListener.onCancel(ServerCalls.java:269)
	at org.apache.ratis.thirdparty.io.grpc.internal.ServerCallImpl$ServerStreamListenerImpl.closed(ServerCallImpl.java:293)
	at org.apache.ratis.thirdparty.io.grpc.internal.ServerImpl$JumpToApplicationThreadServerStreamListener$1Closed.runInContext(ServerImpl.java:741)
	at org.apache.ratis.thirdparty.io.grpc.internal.ContextRunnable.run(ContextRunnable.java:37)
	at org.apache.ratis.thirdparty.io.grpc.internal.SerializingExecutor.run(SerializingExecutor.java:123)
	at java.util.concurrent.ThreadPoolExecutor.runWorker(ThreadPoolExecutor.java:1149)
	at java.util.concurrent.ThreadPoolExecutor$Worker.run(ThreadPoolExecutor.java:624)
	at java.lang.Thread.run(Thread.java:748)

Sep 25, 2019 11:42:49 AM org.apache.ratis.thirdparty.io.grpc.internal.SerializingExecutor run
SEVERE: Exception while executing runnable org.apache.ratis.thirdparty.io.grpc.internal.ServerImpl$JumpToApplicationThreadServerStreamListener$1Closed@2494ecf7
org.apache.ratis.thirdparty.io.grpc.StatusRuntimeException: CANCELLED: call already cancelled
	at org.apache.ratis.thirdparty.io.grpc.Status.asRuntimeException(Status.java:517)
	at org.apache.ratis.thirdparty.io.grpc.stub.ServerCalls$ServerCallStreamObserverImpl.onCompleted(ServerCalls.java:356)
	at org.apache.ratis.grpc.server.GrpcServerProtocolService$ServerRequestStreamObserver.onError(GrpcServerProtocolService.java:121)
	at org.apache.ratis.thirdparty.io.grpc.stub.ServerCalls$StreamingServerCallHandler$StreamingServerCallListener.onCancel(ServerCalls.java:269)
	at org.apache.ratis.thirdparty.io.grpc.internal.ServerCallImpl$ServerStreamListenerImpl.closed(ServerCallImpl.java:293)
	at org.apache.ratis.thirdparty.io.grpc.internal.ServerImpl$JumpToApplicationThreadServerStreamListener$1Closed.runInContext(ServerImpl.java:741)
	at org.apache.ratis.thirdparty.io.grpc.internal.ContextRunnable.run(ContextRunnable.java:37)
	at org.apache.ratis.thirdparty.io.grpc.internal.SerializingExecutor.run(SerializingExecutor.java:123)
	at java.util.concurrent.ThreadPoolExecutor.runWorker(ThreadPoolExecutor.java:1149)
	at java.util.concurrent.ThreadPoolExecutor$Worker.run(ThreadPoolExecutor.java:624)
	at java.lang.Thread.run(Thread.java:748)

Sep 25, 2019 11:42:54 AM org.apache.ratis.thirdparty.io.grpc.internal.SerializingExecutor run
SEVERE: Exception while executing runnable org.apache.ratis.thirdparty.io.grpc.internal.ServerImpl$JumpToApplicationThreadServerStreamListener$1Closed@17d5f9ab
org.apache.ratis.thirdparty.io.grpc.StatusRuntimeException: CANCELLED: call already cancelled
	at org.apache.ratis.thirdparty.io.grpc.Status.asRuntimeException(Status.java:517)
	at org.apache.ratis.thirdparty.io.grpc.stub.ServerCalls$ServerCallStreamObserverImpl.onCompleted(ServerCalls.java:356)
	at org.apache.ratis.grpc.server.GrpcServerProtocolService$ServerRequestStreamObserver.onError(GrpcServerProtocolService.java:121)
	at org.apache.ratis.thirdparty.io.grpc.stub.ServerCalls$StreamingServerCallHandler$StreamingServerCallListener.onCancel(ServerCalls.java:269)
	at org.apache.ratis.thirdparty.io.grpc.internal.ServerCallImpl$ServerStreamListenerImpl.closed(ServerCallImpl.java:293)
	at org.apache.ratis.thirdparty.io.grpc.internal.ServerImpl$JumpToApplicationThreadServerStreamListener$1Closed.runInContext(ServerImpl.java:741)
	at org.apache.ratis.thirdparty.io.grpc.internal.ContextRunnable.run(ContextRunnable.java:37)
	at org.apache.ratis.thirdparty.io.grpc.internal.SerializingExecutor.run(SerializingExecutor.java:123)
	at java.util.concurrent.ThreadPoolExecutor.runWorker(ThreadPoolExecutor.java:1149)
	at java.util.concurrent.ThreadPoolExecutor$Worker.run(ThreadPoolExecutor.java:624)
	at java.lang.Thread.run(Thread.java:748)

Sep 25, 2019 11:42:54 AM org.apache.ratis.thirdparty.io.grpc.internal.SerializingExecutor run
SEVERE: Exception while executing runnable org.apache.ratis.thirdparty.io.grpc.internal.ServerImpl$JumpToApplicationThreadServerStreamListener$1Closed@150c27c5
org.apache.ratis.thirdparty.io.grpc.StatusRuntimeException: CANCELLED: call already cancelled
	at org.apache.ratis.thirdparty.io.grpc.Status.asRuntimeException(Status.java:517)
	at org.apache.ratis.thirdparty.io.grpc.stub.ServerCalls$ServerCallStreamObserverImpl.onCompleted(ServerCalls.java:356)
	at org.apache.ratis.grpc.server.GrpcServerProtocolService$ServerRequestStreamObserver.onError(GrpcServerProtocolService.java:121)
	at org.apache.ratis.thirdparty.io.grpc.stub.ServerCalls$StreamingServerCallHandler$StreamingServerCallListener.onCancel(ServerCalls.java:269)
	at org.apache.ratis.thirdparty.io.grpc.internal.ServerCallImpl$ServerStreamListenerImpl.closed(ServerCallImpl.java:293)
	at org.apache.ratis.thirdparty.io.grpc.internal.ServerImpl$JumpToApplicationThreadServerStreamListener$1Closed.runInContext(ServerImpl.java:741)
	at org.apache.ratis.thirdparty.io.grpc.internal.ContextRunnable.run(ContextRunnable.java:37)
	at org.apache.ratis.thirdparty.io.grpc.internal.SerializingExecutor.run(SerializingExecutor.java:123)
	at java.util.concurrent.ThreadPoolExecutor.runWorker(ThreadPoolExecutor.java:1149)
	at java.util.concurrent.ThreadPoolExecutor$Worker.run(ThreadPoolExecutor.java:624)
	at java.lang.Thread.run(Thread.java:748)

]]></system-err>
  </testcase>
</testsuite>