<?xml version="1.0" encoding="UTF-8"?>
<testsuite xmlns:xsi="http://www.w3.org/2001/XMLSchema-instance" xsi:noNamespaceSchemaLocation="https://maven.apache.org/surefire/maven-surefire-plugin/xsd/surefire-test-report.xsd" name="org.apache.hadoop.ozone.client.rpc.TestBlockOutputStreamWithFailures" time="755.007" tests="8" errors="0" skipped="0" failures="1">
  <properties>
    <property name="awt.toolkit" value="sun.awt.X11.XToolkit"/>
    <property name="file.encoding.pkg" value="sun.io"/>
    <property name="java.specification.version" value="1.8"/>
    <property name="sun.cpu.isalist" value=""/>
    <property name="sun.jnu.encoding" value="UTF-8"/>
    <property name="java.class.path" value="/workdir/hadoop-ozone/integration-test/target/test-classes:/workdir/hadoop-ozone/integration-test/target/classes:/home/user/.m2/repository/org/apache/hadoop/hadoop-ozone-common/0.5.0-SNAPSHOT/hadoop-ozone-common-0.5.0-SNAPSHOT.jar:/home/user/.m2/repository/org/apache/commons/commons-compress/1.4.1/commons-compress-1.4.1.jar:/home/user/.m2/repository/org/tukaani/xz/1.0/xz-1.0.jar:/home/user/.m2/repository/org/apache/hadoop/hadoop-common/3.2.0/hadoop-common-3.2.0.jar:/home/user/.m2/repository/org/apache/hadoop/hadoop-hdfs/3.2.0/hadoop-hdfs-3.2.0.jar:/home/user/.m2/repository/org/apache/hadoop/hadoop-hdfs-client/3.2.0/hadoop-hdfs-client-3.2.0.jar:/home/user/.m2/repository/com/fasterxml/jackson/core/jackson-annotations/2.9.5/jackson-annotations-2.9.5.jar:/home/user/.m2/repository/org/apache/hadoop/hadoop-hdds-common/0.5.0-SNAPSHOT/hadoop-hdds-common-0.5.0-SNAPSHOT.jar:/home/user/.m2/repository/javax/annotation/javax.annotation-api/1.2/javax.annotation-api-1.2.jar:/home/user/.m2/repository/org/apache/ratis/ratis-server/0.4.0-2337318-SNAPSHOT/ratis-server-0.4.0-2337318-SNAPSHOT.jar:/home/user/.m2/repository/org/apache/ratis/ratis-thirdparty-misc/0.2.0/ratis-thirdparty-misc-0.2.0.jar:/home/user/.m2/repository/org/apache/ratis/ratis-proto/0.4.0-2337318-SNAPSHOT/ratis-proto-0.4.0-2337318-SNAPSHOT.jar:/home/user/.m2/repository/org/apache/ratis/ratis-common/0.4.0-2337318-SNAPSHOT/ratis-common-0.4.0-2337318-SNAPSHOT.jar:/home/user/.m2/repository/org/apache/ratis/ratis-client/0.4.0-2337318-SNAPSHOT/ratis-client-0.4.0-2337318-SNAPSHOT.jar:/home/user/.m2/repository/org/apache/ratis/ratis-metrics/0.4.0-2337318-SNAPSHOT/ratis-metrics-0.4.0-2337318-SNAPSHOT.jar:/home/user/.m2/repository/org/apache/ratis/ratis-netty/0.4.0-2337318-SNAPSHOT/ratis-netty-0.4.0-2337318-SNAPSHOT.jar:/home/user/.m2/repository/org/apache/ratis/ratis-grpc/0.4.0-2337318-SNAPSHOT/ratis-grpc-0.4.0-2337318-SNAPSHOT.jar:/home/user/.m2/repository/org/rocksdb/rocksdbjni/6.0.1/rocksdbjni-6.0.1.jar:/home/user/.m2/repository/org/apache/logging/log4j/log4j-api/2.11.0/log4j-api-2.11.0.jar:/home/user/.m2/repository/org/apache/logging/log4j/log4j-core/2.11.0/log4j-core-2.11.0.jar:/home/user/.m2/repository/com/lmax/disruptor/3.4.2/disruptor-3.4.2.jar:/home/user/.m2/repository/org/apache/commons/commons-pool2/2.6.0/commons-pool2-2.6.0.jar:/home/user/.m2/repository/org/bouncycastle/bcpkix-jdk15on/1.60/bcpkix-jdk15on-1.60.jar:/home/user/.m2/repository/commons-validator/commons-validator/1.6/commons-validator-1.6.jar:/home/user/.m2/repository/commons-digester/commons-digester/1.8.1/commons-digester-1.8.1.jar:/home/user/.m2/repository/io/jaegertracing/jaeger-client/0.33.1/jaeger-client-0.33.1.jar:/home/user/.m2/repository/io/jaegertracing/jaeger-thrift/0.33.1/jaeger-thrift-0.33.1.jar:/home/user/.m2/repository/org/apache/thrift/libthrift/0.11.0/libthrift-0.11.0.jar:/home/user/.m2/repository/com/squareup/okhttp3/okhttp/3.9.0/okhttp-3.9.0.jar:/home/user/.m2/repository/com/squareup/okio/okio/1.13.0/okio-1.13.0.jar:/home/user/.m2/repository/io/jaegertracing/jaeger-core/0.33.1/jaeger-core-0.33.1.jar:/home/user/.m2/repository/io/jaegertracing/jaeger-tracerresolver/0.33.1/jaeger-tracerresolver-0.33.1.jar:/home/user/.m2/repository/io/opentracing/contrib/opentracing-tracerresolver/0.1.5/opentracing-tracerresolver-0.1.5.jar:/home/user/.m2/repository/io/opentracing/opentracing-util/0.31.0/opentracing-util-0.31.0.jar:/home/user/.m2/repository/io/opentracing/opentracing-api/0.31.0/opentracing-api-0.31.0.jar:/home/user/.m2/repository/io/opentracing/opentracing-noop/0.31.0/opentracing-noop-0.31.0.jar:/home/user/.m2/repository/org/apache/hadoop/hadoop-hdds-server-framework/0.5.0-SNAPSHOT/hadoop-hdds-server-framework-0.5.0-SNAPSHOT.jar:/home/user/.m2/repository/org/apache/hadoop/hadoop-hdds-container-service/0.5.0-SNAPSHOT/hadoop-hdds-container-service-0.5.0-SNAPSHOT.jar:/home/user/.m2/repository/org/apache/hadoop/hadoop-hdds-client/0.5.0-SNAPSHOT/hadoop-hdds-client-0.5.0-SNAPSHOT.jar:/home/user/.m2/repository/org/apache/hadoop/hadoop-hdds-tools/0.5.0-SNAPSHOT/hadoop-hdds-tools-0.5.0-SNAPSHOT.jar:/home/user/.m2/repository/org/apache/hadoop/hadoop-hdds-server-scm/0.5.0-SNAPSHOT/hadoop-hdds-server-scm-0.5.0-SNAPSHOT.jar:/home/user/.m2/repository/org/apache/hadoop/hadoop-hdds-docs/0.5.0-SNAPSHOT/hadoop-hdds-docs-0.5.0-SNAPSHOT.jar:/home/user/.m2/repository/io/dropwizard/metrics/metrics-core/3.2.4/metrics-core-3.2.4.jar:/home/user/.m2/repository/org/hamcrest/hamcrest-all/1.3/hamcrest-all-1.3.jar:/home/user/.m2/repository/org/bouncycastle/bcprov-jdk15on/1.60/bcprov-jdk15on-1.60.jar:/home/user/.m2/repository/info/picocli/picocli/3.9.6/picocli-3.9.6.jar:/home/user/.m2/repository/com/google/protobuf/protobuf-java/2.5.0/protobuf-java-2.5.0.jar:/home/user/.m2/repository/com/google/guava/guava/11.0.2/guava-11.0.2.jar:/home/user/.m2/repository/org/apache/hadoop/hadoop-ozone-ozone-manager/0.5.0-SNAPSHOT/hadoop-ozone-ozone-manager-0.5.0-SNAPSHOT.jar:/home/user/.m2/repository/org/apache/hadoop/hadoop-minikdc/3.2.0/hadoop-minikdc-3.2.0.jar:/home/user/.m2/repository/commons-io/commons-io/2.5/commons-io-2.5.jar:/home/user/.m2/repository/org/apache/kerby/kerb-simplekdc/1.0.1/kerb-simplekdc-1.0.1.jar:/home/user/.m2/repository/org/apache/kerby/kerb-client/1.0.1/kerb-client-1.0.1.jar:/home/user/.m2/repository/org/apache/kerby/kerby-config/1.0.1/kerby-config-1.0.1.jar:/home/user/.m2/repository/org/apache/kerby/kerb-core/1.0.1/kerb-core-1.0.1.jar:/home/user/.m2/repository/org/apache/kerby/kerby-pkix/1.0.1/kerby-pkix-1.0.1.jar:/home/user/.m2/repository/org/apache/kerby/kerby-asn1/1.0.1/kerby-asn1-1.0.1.jar:/home/user/.m2/repository/org/apache/kerby/kerby-util/1.0.1/kerby-util-1.0.1.jar:/home/user/.m2/repository/org/apache/kerby/kerb-common/1.0.1/kerb-common-1.0.1.jar:/home/user/.m2/repository/org/apache/kerby/kerb-crypto/1.0.1/kerb-crypto-1.0.1.jar:/home/user/.m2/repository/org/apache/kerby/kerb-util/1.0.1/kerb-util-1.0.1.jar:/home/user/.m2/repository/org/apache/kerby/token-provider/1.0.1/token-provider-1.0.1.jar:/home/user/.m2/repository/org/apache/kerby/kerb-admin/1.0.1/kerb-admin-1.0.1.jar:/home/user/.m2/repository/org/apache/kerby/kerb-server/1.0.1/kerb-server-1.0.1.jar:/home/user/.m2/repository/org/apache/kerby/kerb-identity/1.0.1/kerb-identity-1.0.1.jar:/home/user/.m2/repository/org/apache/kerby/kerby-xdr/1.0.1/kerby-xdr-1.0.1.jar:/home/user/.m2/repository/org/slf4j/slf4j-log4j12/1.7.25/slf4j-log4j12-1.7.25.jar:/home/user/.m2/repository/org/apache/hadoop/hadoop-ozone-objectstore-service/0.5.0-SNAPSHOT/hadoop-ozone-objectstore-service-0.5.0-SNAPSHOT.jar:/home/user/.m2/repository/org/apache/hadoop/hadoop-ozone-s3gateway/0.5.0-SNAPSHOT/hadoop-ozone-s3gateway-0.5.0-SNAPSHOT.jar:/home/user/.m2/repository/org/jboss/weld/servlet/weld-servlet/2.4.7.Final/weld-servlet-2.4.7.Final.jar:/home/user/.m2/repository/org/glassfish/jersey/containers/jersey-container-servlet-core/2.27/jersey-container-servlet-core-2.27.jar:/home/user/.m2/repository/org/glassfish/hk2/external/javax.inject/2.5.0-b42/javax.inject-2.5.0-b42.jar:/home/user/.m2/repository/org/glassfish/jersey/core/jersey-common/2.27/jersey-common-2.27.jar:/home/user/.m2/repository/org/glassfish/hk2/osgi-resource-locator/1.0.1/osgi-resource-locator-1.0.1.jar:/home/user/.m2/repository/javax/ws/rs/javax.ws.rs-api/2.1/javax.ws.rs-api-2.1.jar:/home/user/.m2/repository/org/glassfish/jersey/ext/cdi/jersey-cdi1x/2.27/jersey-cdi1x-2.27.jar:/home/user/.m2/repository/org/glassfish/jersey/inject/jersey-hk2/2.27/jersey-hk2-2.27.jar:/home/user/.m2/repository/org/glassfish/hk2/hk2-locator/2.5.0-b42/hk2-locator-2.5.0-b42.jar:/home/user/.m2/repository/org/javassist/javassist/3.22.0-CR2/javassist-3.22.0-CR2.jar:/home/user/.m2/repository/org/glassfish/hk2/hk2-api/2.5.0/hk2-api-2.5.0.jar:/home/user/.m2/repository/org/glassfish/hk2/external/jakarta.inject/2.5.0/jakarta.inject-2.5.0.jar:/home/user/.m2/repository/org/glassfish/hk2/hk2-utils/2.5.0/hk2-utils-2.5.0.jar:/home/user/.m2/repository/jakarta/annotation/jakarta.annotation-api/1.3.4/jakarta.annotation-api-1.3.4.jar:/home/user/.m2/repository/org/glassfish/hk2/external/aopalliance-repackaged/2.5.0/aopalliance-repackaged-2.5.0.jar:/home/user/.m2/repository/com/fasterxml/jackson/dataformat/jackson-dataformat-xml/2.9.0/jackson-dataformat-xml-2.9.0.jar:/home/user/.m2/repository/com/fasterxml/jackson/core/jackson-core/2.9.5/jackson-core-2.9.5.jar:/home/user/.m2/repository/com/fasterxml/jackson/module/jackson-module-jaxb-annotations/2.9.5/jackson-module-jaxb-annotations-2.9.5.jar:/home/user/.m2/repository/javax/enterprise/cdi-api/1.2/cdi-api-1.2.jar:/home/user/.m2/repository/javax/el/javax.el-api/3.0.0/javax.el-api-3.0.0.jar:/home/user/.m2/repository/javax/interceptor/javax.interceptor-api/1.2/javax.interceptor-api-1.2.jar:/home/user/.m2/repository/javax/inject/javax.inject/1/javax.inject-1.jar:/home/user/.m2/repository/com/sun/xml/bind/jaxb-impl/2.3.0.1/jaxb-impl-2.3.0.1.jar:/home/user/.m2/repository/com/sun/xml/bind/jaxb-core/2.3.0.1/jaxb-core-2.3.0.1.jar:/home/user/.m2/repository/javax/xml/bind/jaxb-api/2.3.0/jaxb-api-2.3.0.jar:/home/user/.m2/repository/javax/activation/activation/1.1.1/activation-1.1.1.jar:/home/user/.m2/repository/org/apache/hadoop/hadoop-ozone-csi/0.5.0-SNAPSHOT/hadoop-ozone-csi-0.5.0-SNAPSHOT.jar:/home/user/.m2/repository/com/google/protobuf/protobuf-java-util/3.5.1/protobuf-java-util-3.5.1.jar:/home/user/.m2/repository/org/apache/hadoop/hadoop-hdds-config/0.5.0-SNAPSHOT/hadoop-hdds-config-0.5.0-SNAPSHOT.jar:/home/user/.m2/repository/io/grpc/grpc-netty/1.17.1/grpc-netty-1.17.1.jar:/home/user/.m2/repository/io/grpc/grpc-core/1.17.1/grpc-core-1.17.1.jar:/home/user/.m2/repository/io/grpc/grpc-context/1.17.1/grpc-context-1.17.1.jar:/home/user/.m2/repository/com/google/errorprone/error_prone_annotations/2.2.0/error_prone_annotations-2.2.0.jar:/home/user/.m2/repository/org/codehaus/mojo/animal-sniffer-annotations/1.17/animal-sniffer-annotations-1.17.jar:/home/user/.m2/repository/io/opencensus/opencensus-api/0.17.0/opencensus-api-0.17.0.jar:/home/user/.m2/repository/io/opencensus/opencensus-contrib-grpc-metrics/0.17.0/opencensus-contrib-grpc-metrics-0.17.0.jar:/home/user/.m2/repository/io/netty/netty-codec-http2/4.1.30.Final/netty-codec-http2-4.1.30.Final.jar:/home/user/.m2/repository/io/netty/netty-codec-http/4.1.30.Final/netty-codec-http-4.1.30.Final.jar:/home/user/.m2/repository/io/netty/netty-codec/4.1.30.Final/netty-codec-4.1.30.Final.jar:/home/user/.m2/repository/io/netty/netty-handler/4.1.30.Final/netty-handler-4.1.30.Final.jar:/home/user/.m2/repository/io/netty/netty-handler-proxy/4.1.30.Final/netty-handler-proxy-4.1.30.Final.jar:/home/user/.m2/repository/io/netty/netty-codec-socks/4.1.30.Final/netty-codec-socks-4.1.30.Final.jar:/home/user/.m2/repository/io/netty/netty-transport-native-epoll/4.1.30.Final/netty-transport-native-epoll-4.1.30.Final.jar:/home/user/.m2/repository/io/netty/netty-common/4.1.30.Final/netty-common-4.1.30.Final.jar:/home/user/.m2/repository/io/netty/netty-buffer/4.1.30.Final/netty-buffer-4.1.30.Final.jar:/home/user/.m2/repository/io/netty/netty-transport/4.1.30.Final/netty-transport-4.1.30.Final.jar:/home/user/.m2/repository/io/netty/netty-resolver/4.1.30.Final/netty-resolver-4.1.30.Final.jar:/home/user/.m2/repository/io/netty/netty-transport-native-unix-common/4.1.30.Final/netty-transport-native-unix-common-4.1.30.Final.jar:/home/user/.m2/repository/io/grpc/grpc-protobuf/1.17.1/grpc-protobuf-1.17.1.jar:/home/user/.m2/repository/com/google/api/grpc/proto-google-common-protos/1.0.0/proto-google-common-protos-1.0.0.jar:/home/user/.m2/repository/io/grpc/grpc-protobuf-lite/1.17.1/grpc-protobuf-lite-1.17.1.jar:/home/user/.m2/repository/io/grpc/grpc-stub/1.17.1/grpc-stub-1.17.1.jar:/home/user/.m2/repository/org/apache/hadoop/hadoop-ozone-recon/0.5.0-SNAPSHOT/hadoop-ozone-recon-0.5.0-SNAPSHOT.jar:/home/user/.m2/repository/org/apache/hadoop/hadoop-ozone-reconcodegen/0.5.0-SNAPSHOT/hadoop-ozone-reconcodegen-0.5.0-SNAPSHOT.jar:/home/user/.m2/repository/com/google/inject/extensions/guice-multibindings/4.0/guice-multibindings-4.0.jar:/home/user/.m2/repository/com/google/inject/guice/4.0/guice-4.0.jar:/home/user/.m2/repository/aopalliance/aopalliance/1.0/aopalliance-1.0.jar:/home/user/.m2/repository/com/google/inject/extensions/guice-servlet/4.0/guice-servlet-4.0.jar:/home/user/.m2/repository/org/glassfish/jersey/containers/jersey-container-servlet/2.27/jersey-container-servlet-2.27.jar:/home/user/.m2/repository/org/glassfish/hk2/guice-bridge/2.5.0/guice-bridge-2.5.0.jar:/home/user/.m2/repository/org/glassfish/jersey/core/jersey-server/2.27/jersey-server-2.27.jar:/home/user/.m2/repository/org/glassfish/jersey/core/jersey-client/2.27/jersey-client-2.27.jar:/home/user/.m2/repository/org/glassfish/jersey/media/jersey-media-jaxb/2.27/jersey-media-jaxb-2.27.jar:/home/user/.m2/repository/javax/validation/validation-api/1.1.0.Final/validation-api-1.1.0.Final.jar:/home/user/.m2/repository/org/glassfish/jersey/media/jersey-media-json-jackson/2.27/jersey-media-json-jackson-2.27.jar:/home/user/.m2/repository/org/glassfish/jersey/ext/jersey-entity-filtering/2.27/jersey-entity-filtering-2.27.jar:/home/user/.m2/repository/com/google/inject/extensions/guice-assistedinject/4.0/guice-assistedinject-4.0.jar:/home/user/.m2/repository/org/jooq/jooq/3.11.10/jooq-3.11.10.jar:/home/user/.m2/repository/org/jooq/jooq-meta/3.11.10/jooq-meta-3.11.10.jar:/home/user/.m2/repository/org/jooq/jooq-codegen/3.11.10/jooq-codegen-3.11.10.jar:/home/user/.m2/repository/com/jolbox/bonecp/0.8.0.RELEASE/bonecp-0.8.0.RELEASE.jar:/home/user/.m2/repository/org/xerial/sqlite-jdbc/3.25.2/sqlite-jdbc-3.25.2.jar:/home/user/.m2/repository/org/springframework/spring-jdbc/5.1.3.RELEASE/spring-jdbc-5.1.3.RELEASE.jar:/home/user/.m2/repository/org/springframework/spring-beans/5.1.3.RELEASE/spring-beans-5.1.3.RELEASE.jar:/home/user/.m2/repository/org/springframework/spring-core/5.1.3.RELEASE/spring-core-5.1.3.RELEASE.jar:/home/user/.m2/repository/org/springframework/spring-jcl/5.1.3.RELEASE/spring-jcl-5.1.3.RELEASE.jar:/home/user/.m2/repository/org/springframework/spring-tx/5.1.3.RELEASE/spring-tx-5.1.3.RELEASE.jar:/home/user/.m2/repository/org/apache/hadoop/hadoop-ozone-client/0.5.0-SNAPSHOT/hadoop-ozone-client-0.5.0-SNAPSHOT.jar:/home/user/.m2/repository/commons-lang/commons-lang/2.6/commons-lang-2.6.jar:/home/user/.m2/repository/org/apache/hadoop/hadoop-ozone-ozone-manager/0.5.0-SNAPSHOT/hadoop-ozone-ozone-manager-0.5.0-SNAPSHOT-tests.jar:/home/user/.m2/repository/junit/junit/4.11/junit-4.11.jar:/home/user/.m2/repository/org/hamcrest/hamcrest-core/1.3/hamcrest-core-1.3.jar:/home/user/.m2/repository/org/openjdk/jmh/jmh-core/1.19/jmh-core-1.19.jar:/home/user/.m2/repository/net/sf/jopt-simple/jopt-simple/4.6/jopt-simple-4.6.jar:/home/user/.m2/repository/org/apache/commons/commons-math3/3.1.1/commons-math3-3.1.1.jar:/home/user/.m2/repository/org/openjdk/jmh/jmh-generator-annprocess/1.19/jmh-generator-annprocess-1.19.jar:/home/user/.m2/repository/org/mockito/mockito-all/1.8.5/mockito-all-1.8.5.jar:/home/user/.m2/repository/org/apache/hadoop/hadoop-kms/3.2.0/hadoop-kms-3.2.0.jar:/home/user/.m2/repository/org/apache/hadoop/hadoop-auth/3.2.0/hadoop-auth-3.2.0.jar:/home/user/.m2/repository/com/nimbusds/nimbus-jose-jwt/4.41.1/nimbus-jose-jwt-4.41.1.jar:/home/user/.m2/repository/com/github/stephenc/jcip/jcip-annotations/1.0-1/jcip-annotations-1.0-1.jar:/home/user/.m2/repository/net/minidev/json-smart/2.3/json-smart-2.3.jar:/home/user/.m2/repository/net/minidev/accessors-smart/1.2/accessors-smart-1.2.jar:/home/user/.m2/repository/org/ow2/asm/asm/5.0.4/asm-5.0.4.jar:/home/user/.m2/repository/org/apache/curator/curator-framework/2.12.0/curator-framework-2.12.0.jar:/home/user/.m2/repository/com/sun/jersey/jersey-core/1.19/jersey-core-1.19.jar:/home/user/.m2/repository/javax/ws/rs/jsr311-api/1.1.1/jsr311-api-1.1.1.jar:/home/user/.m2/repository/com/sun/jersey/jersey-server/1.19/jersey-server-1.19.jar:/home/user/.m2/repository/javax/servlet/javax.servlet-api/3.1.0/javax.servlet-api-3.1.0.jar:/home/user/.m2/repository/org/eclipse/jetty/jetty-server/9.3.24.v20180605/jetty-server-9.3.24.v20180605.jar:/home/user/.m2/repository/org/eclipse/jetty/jetty-http/9.3.24.v20180605/jetty-http-9.3.24.v20180605.jar:/home/user/.m2/repository/org/eclipse/jetty/jetty-io/9.3.24.v20180605/jetty-io-9.3.24.v20180605.jar:/home/user/.m2/repository/org/eclipse/jetty/jetty-webapp/9.3.24.v20180605/jetty-webapp-9.3.24.v20180605.jar:/home/user/.m2/repository/org/eclipse/jetty/jetty-xml/9.3.24.v20180605/jetty-xml-9.3.24.v20180605.jar:/home/user/.m2/repository/log4j/log4j/1.2.17/log4j-1.2.17.jar:/home/user/.m2/repository/org/slf4j/slf4j-api/1.7.25/slf4j-api-1.7.25.jar:/home/user/.m2/repository/org/slf4j/jul-to-slf4j/1.7.25/jul-to-slf4j-1.7.25.jar:/home/user/.m2/repository/org/eclipse/jetty/jetty-util/9.3.24.v20180605/jetty-util-9.3.24.v20180605.jar:/home/user/.m2/repository/com/fasterxml/jackson/core/jackson-databind/2.9.5/jackson-databind-2.9.5.jar:/home/user/.m2/repository/org/apache/hadoop/hadoop-kms/3.2.0/hadoop-kms-3.2.0-tests.jar:/home/user/.m2/repository/org/apache/hadoop/hadoop-hdds-server-scm/0.5.0-SNAPSHOT/hadoop-hdds-server-scm-0.5.0-SNAPSHOT-tests.jar:/home/user/.m2/repository/org/apache/hadoop/hadoop-hdds-container-service/0.5.0-SNAPSHOT/hadoop-hdds-container-service-0.5.0-SNAPSHOT-tests.jar:/home/user/.m2/repository/org/yaml/snakeyaml/1.16/snakeyaml-1.16.jar:/home/user/.m2/repository/org/apache/hadoop/hadoop-common/3.2.0/hadoop-common-3.2.0-tests.jar:/home/user/.m2/repository/org/apache/hadoop/hadoop-annotations/3.2.0/hadoop-annotations-3.2.0.jar:/usr/lib/jvm/java-1.8-openjdk/jre/../lib/tools.jar:/home/user/.m2/repository/commons-cli/commons-cli/1.2/commons-cli-1.2.jar:/home/user/.m2/repository/org/apache/httpcomponents/httpclient/4.5.2/httpclient-4.5.2.jar:/home/user/.m2/repository/org/apache/httpcomponents/httpcore/4.4.4/httpcore-4.4.4.jar:/home/user/.m2/repository/commons-codec/commons-codec/1.11/commons-codec-1.11.jar:/home/user/.m2/repository/commons-net/commons-net/3.6/commons-net-3.6.jar:/home/user/.m2/repository/commons-collections/commons-collections/3.2.2/commons-collections-3.2.2.jar:/home/user/.m2/repository/org/eclipse/jetty/jetty-servlet/9.3.24.v20180605/jetty-servlet-9.3.24.v20180605.jar:/home/user/.m2/repository/org/eclipse/jetty/jetty-security/9.3.24.v20180605/jetty-security-9.3.24.v20180605.jar:/home/user/.m2/repository/javax/servlet/jsp/jsp-api/2.1/jsp-api-2.1.jar:/home/user/.m2/repository/com/sun/jersey/jersey-servlet/1.19/jersey-servlet-1.19.jar:/home/user/.m2/repository/com/sun/jersey/jersey-json/1.19/jersey-json-1.19.jar:/home/user/.m2/repository/org/codehaus/jettison/jettison/1.1/jettison-1.1.jar:/home/user/.m2/repository/org/codehaus/jackson/jackson-core-asl/1.9.13/jackson-core-asl-1.9.13.jar:/home/user/.m2/repository/org/codehaus/jackson/jackson-mapper-asl/1.9.13/jackson-mapper-asl-1.9.13.jar:/home/user/.m2/repository/org/codehaus/jackson/jackson-jaxrs/1.9.13/jackson-jaxrs-1.9.13.jar:/home/user/.m2/repository/org/codehaus/jackson/jackson-xc/1.9.13/jackson-xc-1.9.13.jar:/home/user/.m2/repository/commons-logging/commons-logging/1.1.3/commons-logging-1.1.3.jar:/home/user/.m2/repository/commons-beanutils/commons-beanutils/1.9.3/commons-beanutils-1.9.3.jar:/home/user/.m2/repository/org/apache/commons/commons-configuration2/2.1.1/commons-configuration2-2.1.1.jar:/home/user/.m2/repository/org/apache/commons/commons-lang3/3.7/commons-lang3-3.7.jar:/home/user/.m2/repository/org/apache/commons/commons-text/1.4/commons-text-1.4.jar:/home/user/.m2/repository/org/apache/avro/avro/1.7.7/avro-1.7.7.jar:/home/user/.m2/repository/com/thoughtworks/paranamer/paranamer/2.3/paranamer-2.3.jar:/home/user/.m2/repository/org/xerial/snappy/snappy-java/1.0.5/snappy-java-1.0.5.jar:/home/user/.m2/repository/com/google/re2j/re2j/1.1/re2j-1.1.jar:/home/user/.m2/repository/com/google/code/gson/gson/2.2.4/gson-2.2.4.jar:/home/user/.m2/repository/com/jcraft/jsch/0.1.54/jsch-0.1.54.jar:/home/user/.m2/repository/org/apache/curator/curator-client/2.12.0/curator-client-2.12.0.jar:/home/user/.m2/repository/org/apache/curator/curator-recipes/2.12.0/curator-recipes-2.12.0.jar:/home/user/.m2/repository/com/google/code/findbugs/jsr305/3.0.0/jsr305-3.0.0.jar:/home/user/.m2/repository/org/apache/htrace/htrace-core4/4.1.0-incubating/htrace-core4-4.1.0-incubating.jar:/home/user/.m2/repository/org/apache/zookeeper/zookeeper/3.4.13/zookeeper-3.4.13.jar:/home/user/.m2/repository/org/apache/yetus/audience-annotations/0.5.0/audience-annotations-0.5.0.jar:/home/user/.m2/repository/org/codehaus/woodstox/stax2-api/3.1.4/stax2-api-3.1.4.jar:/home/user/.m2/repository/com/fasterxml/woodstox/woodstox-core/5.0.3/woodstox-core-5.0.3.jar:/home/user/.m2/repository/dnsjava/dnsjava/2.1.7/dnsjava-2.1.7.jar:/home/user/.m2/repository/org/apache/hadoop/hadoop-hdfs/3.2.0/hadoop-hdfs-3.2.0-tests.jar:/home/user/.m2/repository/org/eclipse/jetty/jetty-util-ajax/9.3.24.v20180605/jetty-util-ajax-9.3.24.v20180605.jar:/home/user/.m2/repository/commons-daemon/commons-daemon/1.0.13/commons-daemon-1.0.13.jar:/home/user/.m2/repository/io/netty/netty/3.10.5.Final/netty-3.10.5.Final.jar:/home/user/.m2/repository/io/netty/netty-all/4.0.52.Final/netty-all-4.0.52.Final.jar:/home/user/.m2/repository/org/fusesource/leveldbjni/leveldbjni-all/1.8/leveldbjni-all-1.8.jar:"/>
    <property name="java.vm.vendor" value="IcedTea"/>
    <property name="sun.arch.data.model" value="64"/>
    <property name="test.build.dir" value="/workdir/hadoop-ozone/integration-test/target/test-dir"/>
    <property name="test.cache.data" value=""/>
    <property name="java.vendor.url" value="https://icedtea.classpath.org"/>
    <property name="user.timezone" value=""/>
    <property name="java.vm.specification.version" value="1.8"/>
    <property name="os.name" value="Linux"/>
    <property name="test.build.data" value="/workdir/hadoop-ozone/integration-test/target/test-dir"/>
    <property name="user.country" value="US"/>
    <property name="sun.java.launcher" value="SUN_STANDARD"/>
    <property name="sun.boot.library.path" value="/usr/lib/jvm/java-1.8-openjdk/jre/lib/amd64"/>
    <property name="sun.java.command" value="/workdir/hadoop-ozone/integration-test/target/surefire/surefirebooter8609748433693721750.jar /workdir/hadoop-ozone/integration-test/target/surefire 2019-08-23T17-15-28_418-jvmRun1 surefire5071094792485206424tmp surefire_204981144416951126812tmp"/>
    <property name="test" value="!TestMiniChaosOzoneCluster"/>
    <property name="surefire.test.class.path" value="/workdir/hadoop-ozone/integration-test/target/test-classes:/workdir/hadoop-ozone/integration-test/target/classes:/home/user/.m2/repository/org/apache/hadoop/hadoop-ozone-common/0.5.0-SNAPSHOT/hadoop-ozone-common-0.5.0-SNAPSHOT.jar:/home/user/.m2/repository/org/apache/commons/commons-compress/1.4.1/commons-compress-1.4.1.jar:/home/user/.m2/repository/org/tukaani/xz/1.0/xz-1.0.jar:/home/user/.m2/repository/org/apache/hadoop/hadoop-common/3.2.0/hadoop-common-3.2.0.jar:/home/user/.m2/repository/org/apache/hadoop/hadoop-hdfs/3.2.0/hadoop-hdfs-3.2.0.jar:/home/user/.m2/repository/org/apache/hadoop/hadoop-hdfs-client/3.2.0/hadoop-hdfs-client-3.2.0.jar:/home/user/.m2/repository/com/fasterxml/jackson/core/jackson-annotations/2.9.5/jackson-annotations-2.9.5.jar:/home/user/.m2/repository/org/apache/hadoop/hadoop-hdds-common/0.5.0-SNAPSHOT/hadoop-hdds-common-0.5.0-SNAPSHOT.jar:/home/user/.m2/repository/javax/annotation/javax.annotation-api/1.2/javax.annotation-api-1.2.jar:/home/user/.m2/repository/org/apache/ratis/ratis-server/0.4.0-2337318-SNAPSHOT/ratis-server-0.4.0-2337318-SNAPSHOT.jar:/home/user/.m2/repository/org/apache/ratis/ratis-thirdparty-misc/0.2.0/ratis-thirdparty-misc-0.2.0.jar:/home/user/.m2/repository/org/apache/ratis/ratis-proto/0.4.0-2337318-SNAPSHOT/ratis-proto-0.4.0-2337318-SNAPSHOT.jar:/home/user/.m2/repository/org/apache/ratis/ratis-common/0.4.0-2337318-SNAPSHOT/ratis-common-0.4.0-2337318-SNAPSHOT.jar:/home/user/.m2/repository/org/apache/ratis/ratis-client/0.4.0-2337318-SNAPSHOT/ratis-client-0.4.0-2337318-SNAPSHOT.jar:/home/user/.m2/repository/org/apache/ratis/ratis-metrics/0.4.0-2337318-SNAPSHOT/ratis-metrics-0.4.0-2337318-SNAPSHOT.jar:/home/user/.m2/repository/org/apache/ratis/ratis-netty/0.4.0-2337318-SNAPSHOT/ratis-netty-0.4.0-2337318-SNAPSHOT.jar:/home/user/.m2/repository/org/apache/ratis/ratis-grpc/0.4.0-2337318-SNAPSHOT/ratis-grpc-0.4.0-2337318-SNAPSHOT.jar:/home/user/.m2/repository/org/rocksdb/rocksdbjni/6.0.1/rocksdbjni-6.0.1.jar:/home/user/.m2/repository/org/apache/logging/log4j/log4j-api/2.11.0/log4j-api-2.11.0.jar:/home/user/.m2/repository/org/apache/logging/log4j/log4j-core/2.11.0/log4j-core-2.11.0.jar:/home/user/.m2/repository/com/lmax/disruptor/3.4.2/disruptor-3.4.2.jar:/home/user/.m2/repository/org/apache/commons/commons-pool2/2.6.0/commons-pool2-2.6.0.jar:/home/user/.m2/repository/org/bouncycastle/bcpkix-jdk15on/1.60/bcpkix-jdk15on-1.60.jar:/home/user/.m2/repository/commons-validator/commons-validator/1.6/commons-validator-1.6.jar:/home/user/.m2/repository/commons-digester/commons-digester/1.8.1/commons-digester-1.8.1.jar:/home/user/.m2/repository/io/jaegertracing/jaeger-client/0.33.1/jaeger-client-0.33.1.jar:/home/user/.m2/repository/io/jaegertracing/jaeger-thrift/0.33.1/jaeger-thrift-0.33.1.jar:/home/user/.m2/repository/org/apache/thrift/libthrift/0.11.0/libthrift-0.11.0.jar:/home/user/.m2/repository/com/squareup/okhttp3/okhttp/3.9.0/okhttp-3.9.0.jar:/home/user/.m2/repository/com/squareup/okio/okio/1.13.0/okio-1.13.0.jar:/home/user/.m2/repository/io/jaegertracing/jaeger-core/0.33.1/jaeger-core-0.33.1.jar:/home/user/.m2/repository/io/jaegertracing/jaeger-tracerresolver/0.33.1/jaeger-tracerresolver-0.33.1.jar:/home/user/.m2/repository/io/opentracing/contrib/opentracing-tracerresolver/0.1.5/opentracing-tracerresolver-0.1.5.jar:/home/user/.m2/repository/io/opentracing/opentracing-util/0.31.0/opentracing-util-0.31.0.jar:/home/user/.m2/repository/io/opentracing/opentracing-api/0.31.0/opentracing-api-0.31.0.jar:/home/user/.m2/repository/io/opentracing/opentracing-noop/0.31.0/opentracing-noop-0.31.0.jar:/home/user/.m2/repository/org/apache/hadoop/hadoop-hdds-server-framework/0.5.0-SNAPSHOT/hadoop-hdds-server-framework-0.5.0-SNAPSHOT.jar:/home/user/.m2/repository/org/apache/hadoop/hadoop-hdds-container-service/0.5.0-SNAPSHOT/hadoop-hdds-container-service-0.5.0-SNAPSHOT.jar:/home/user/.m2/repository/org/apache/hadoop/hadoop-hdds-client/0.5.0-SNAPSHOT/hadoop-hdds-client-0.5.0-SNAPSHOT.jar:/home/user/.m2/repository/org/apache/hadoop/hadoop-hdds-tools/0.5.0-SNAPSHOT/hadoop-hdds-tools-0.5.0-SNAPSHOT.jar:/home/user/.m2/repository/org/apache/hadoop/hadoop-hdds-server-scm/0.5.0-SNAPSHOT/hadoop-hdds-server-scm-0.5.0-SNAPSHOT.jar:/home/user/.m2/repository/org/apache/hadoop/hadoop-hdds-docs/0.5.0-SNAPSHOT/hadoop-hdds-docs-0.5.0-SNAPSHOT.jar:/home/user/.m2/repository/io/dropwizard/metrics/metrics-core/3.2.4/metrics-core-3.2.4.jar:/home/user/.m2/repository/org/hamcrest/hamcrest-all/1.3/hamcrest-all-1.3.jar:/home/user/.m2/repository/org/bouncycastle/bcprov-jdk15on/1.60/bcprov-jdk15on-1.60.jar:/home/user/.m2/repository/info/picocli/picocli/3.9.6/picocli-3.9.6.jar:/home/user/.m2/repository/com/google/protobuf/protobuf-java/2.5.0/protobuf-java-2.5.0.jar:/home/user/.m2/repository/com/google/guava/guava/11.0.2/guava-11.0.2.jar:/home/user/.m2/repository/org/apache/hadoop/hadoop-ozone-ozone-manager/0.5.0-SNAPSHOT/hadoop-ozone-ozone-manager-0.5.0-SNAPSHOT.jar:/home/user/.m2/repository/org/apache/hadoop/hadoop-minikdc/3.2.0/hadoop-minikdc-3.2.0.jar:/home/user/.m2/repository/commons-io/commons-io/2.5/commons-io-2.5.jar:/home/user/.m2/repository/org/apache/kerby/kerb-simplekdc/1.0.1/kerb-simplekdc-1.0.1.jar:/home/user/.m2/repository/org/apache/kerby/kerb-client/1.0.1/kerb-client-1.0.1.jar:/home/user/.m2/repository/org/apache/kerby/kerby-config/1.0.1/kerby-config-1.0.1.jar:/home/user/.m2/repository/org/apache/kerby/kerb-core/1.0.1/kerb-core-1.0.1.jar:/home/user/.m2/repository/org/apache/kerby/kerby-pkix/1.0.1/kerby-pkix-1.0.1.jar:/home/user/.m2/repository/org/apache/kerby/kerby-asn1/1.0.1/kerby-asn1-1.0.1.jar:/home/user/.m2/repository/org/apache/kerby/kerby-util/1.0.1/kerby-util-1.0.1.jar:/home/user/.m2/repository/org/apache/kerby/kerb-common/1.0.1/kerb-common-1.0.1.jar:/home/user/.m2/repository/org/apache/kerby/kerb-crypto/1.0.1/kerb-crypto-1.0.1.jar:/home/user/.m2/repository/org/apache/kerby/kerb-util/1.0.1/kerb-util-1.0.1.jar:/home/user/.m2/repository/org/apache/kerby/token-provider/1.0.1/token-provider-1.0.1.jar:/home/user/.m2/repository/org/apache/kerby/kerb-admin/1.0.1/kerb-admin-1.0.1.jar:/home/user/.m2/repository/org/apache/kerby/kerb-server/1.0.1/kerb-server-1.0.1.jar:/home/user/.m2/repository/org/apache/kerby/kerb-identity/1.0.1/kerb-identity-1.0.1.jar:/home/user/.m2/repository/org/apache/kerby/kerby-xdr/1.0.1/kerby-xdr-1.0.1.jar:/home/user/.m2/repository/org/slf4j/slf4j-log4j12/1.7.25/slf4j-log4j12-1.7.25.jar:/home/user/.m2/repository/org/apache/hadoop/hadoop-ozone-objectstore-service/0.5.0-SNAPSHOT/hadoop-ozone-objectstore-service-0.5.0-SNAPSHOT.jar:/home/user/.m2/repository/org/apache/hadoop/hadoop-ozone-s3gateway/0.5.0-SNAPSHOT/hadoop-ozone-s3gateway-0.5.0-SNAPSHOT.jar:/home/user/.m2/repository/org/jboss/weld/servlet/weld-servlet/2.4.7.Final/weld-servlet-2.4.7.Final.jar:/home/user/.m2/repository/org/glassfish/jersey/containers/jersey-container-servlet-core/2.27/jersey-container-servlet-core-2.27.jar:/home/user/.m2/repository/org/glassfish/hk2/external/javax.inject/2.5.0-b42/javax.inject-2.5.0-b42.jar:/home/user/.m2/repository/org/glassfish/jersey/core/jersey-common/2.27/jersey-common-2.27.jar:/home/user/.m2/repository/org/glassfish/hk2/osgi-resource-locator/1.0.1/osgi-resource-locator-1.0.1.jar:/home/user/.m2/repository/javax/ws/rs/javax.ws.rs-api/2.1/javax.ws.rs-api-2.1.jar:/home/user/.m2/repository/org/glassfish/jersey/ext/cdi/jersey-cdi1x/2.27/jersey-cdi1x-2.27.jar:/home/user/.m2/repository/org/glassfish/jersey/inject/jersey-hk2/2.27/jersey-hk2-2.27.jar:/home/user/.m2/repository/org/glassfish/hk2/hk2-locator/2.5.0-b42/hk2-locator-2.5.0-b42.jar:/home/user/.m2/repository/org/javassist/javassist/3.22.0-CR2/javassist-3.22.0-CR2.jar:/home/user/.m2/repository/org/glassfish/hk2/hk2-api/2.5.0/hk2-api-2.5.0.jar:/home/user/.m2/repository/org/glassfish/hk2/external/jakarta.inject/2.5.0/jakarta.inject-2.5.0.jar:/home/user/.m2/repository/org/glassfish/hk2/hk2-utils/2.5.0/hk2-utils-2.5.0.jar:/home/user/.m2/repository/jakarta/annotation/jakarta.annotation-api/1.3.4/jakarta.annotation-api-1.3.4.jar:/home/user/.m2/repository/org/glassfish/hk2/external/aopalliance-repackaged/2.5.0/aopalliance-repackaged-2.5.0.jar:/home/user/.m2/repository/com/fasterxml/jackson/dataformat/jackson-dataformat-xml/2.9.0/jackson-dataformat-xml-2.9.0.jar:/home/user/.m2/repository/com/fasterxml/jackson/core/jackson-core/2.9.5/jackson-core-2.9.5.jar:/home/user/.m2/repository/com/fasterxml/jackson/module/jackson-module-jaxb-annotations/2.9.5/jackson-module-jaxb-annotations-2.9.5.jar:/home/user/.m2/repository/javax/enterprise/cdi-api/1.2/cdi-api-1.2.jar:/home/user/.m2/repository/javax/el/javax.el-api/3.0.0/javax.el-api-3.0.0.jar:/home/user/.m2/repository/javax/interceptor/javax.interceptor-api/1.2/javax.interceptor-api-1.2.jar:/home/user/.m2/repository/javax/inject/javax.inject/1/javax.inject-1.jar:/home/user/.m2/repository/com/sun/xml/bind/jaxb-impl/2.3.0.1/jaxb-impl-2.3.0.1.jar:/home/user/.m2/repository/com/sun/xml/bind/jaxb-core/2.3.0.1/jaxb-core-2.3.0.1.jar:/home/user/.m2/repository/javax/xml/bind/jaxb-api/2.3.0/jaxb-api-2.3.0.jar:/home/user/.m2/repository/javax/activation/activation/1.1.1/activation-1.1.1.jar:/home/user/.m2/repository/org/apache/hadoop/hadoop-ozone-csi/0.5.0-SNAPSHOT/hadoop-ozone-csi-0.5.0-SNAPSHOT.jar:/home/user/.m2/repository/com/google/protobuf/protobuf-java-util/3.5.1/protobuf-java-util-3.5.1.jar:/home/user/.m2/repository/org/apache/hadoop/hadoop-hdds-config/0.5.0-SNAPSHOT/hadoop-hdds-config-0.5.0-SNAPSHOT.jar:/home/user/.m2/repository/io/grpc/grpc-netty/1.17.1/grpc-netty-1.17.1.jar:/home/user/.m2/repository/io/grpc/grpc-core/1.17.1/grpc-core-1.17.1.jar:/home/user/.m2/repository/io/grpc/grpc-context/1.17.1/grpc-context-1.17.1.jar:/home/user/.m2/repository/com/google/errorprone/error_prone_annotations/2.2.0/error_prone_annotations-2.2.0.jar:/home/user/.m2/repository/org/codehaus/mojo/animal-sniffer-annotations/1.17/animal-sniffer-annotations-1.17.jar:/home/user/.m2/repository/io/opencensus/opencensus-api/0.17.0/opencensus-api-0.17.0.jar:/home/user/.m2/repository/io/opencensus/opencensus-contrib-grpc-metrics/0.17.0/opencensus-contrib-grpc-metrics-0.17.0.jar:/home/user/.m2/repository/io/netty/netty-codec-http2/4.1.30.Final/netty-codec-http2-4.1.30.Final.jar:/home/user/.m2/repository/io/netty/netty-codec-http/4.1.30.Final/netty-codec-http-4.1.30.Final.jar:/home/user/.m2/repository/io/netty/netty-codec/4.1.30.Final/netty-codec-4.1.30.Final.jar:/home/user/.m2/repository/io/netty/netty-handler/4.1.30.Final/netty-handler-4.1.30.Final.jar:/home/user/.m2/repository/io/netty/netty-handler-proxy/4.1.30.Final/netty-handler-proxy-4.1.30.Final.jar:/home/user/.m2/repository/io/netty/netty-codec-socks/4.1.30.Final/netty-codec-socks-4.1.30.Final.jar:/home/user/.m2/repository/io/netty/netty-transport-native-epoll/4.1.30.Final/netty-transport-native-epoll-4.1.30.Final.jar:/home/user/.m2/repository/io/netty/netty-common/4.1.30.Final/netty-common-4.1.30.Final.jar:/home/user/.m2/repository/io/netty/netty-buffer/4.1.30.Final/netty-buffer-4.1.30.Final.jar:/home/user/.m2/repository/io/netty/netty-transport/4.1.30.Final/netty-transport-4.1.30.Final.jar:/home/user/.m2/repository/io/netty/netty-resolver/4.1.30.Final/netty-resolver-4.1.30.Final.jar:/home/user/.m2/repository/io/netty/netty-transport-native-unix-common/4.1.30.Final/netty-transport-native-unix-common-4.1.30.Final.jar:/home/user/.m2/repository/io/grpc/grpc-protobuf/1.17.1/grpc-protobuf-1.17.1.jar:/home/user/.m2/repository/com/google/api/grpc/proto-google-common-protos/1.0.0/proto-google-common-protos-1.0.0.jar:/home/user/.m2/repository/io/grpc/grpc-protobuf-lite/1.17.1/grpc-protobuf-lite-1.17.1.jar:/home/user/.m2/repository/io/grpc/grpc-stub/1.17.1/grpc-stub-1.17.1.jar:/home/user/.m2/repository/org/apache/hadoop/hadoop-ozone-recon/0.5.0-SNAPSHOT/hadoop-ozone-recon-0.5.0-SNAPSHOT.jar:/home/user/.m2/repository/org/apache/hadoop/hadoop-ozone-reconcodegen/0.5.0-SNAPSHOT/hadoop-ozone-reconcodegen-0.5.0-SNAPSHOT.jar:/home/user/.m2/repository/com/google/inject/extensions/guice-multibindings/4.0/guice-multibindings-4.0.jar:/home/user/.m2/repository/com/google/inject/guice/4.0/guice-4.0.jar:/home/user/.m2/repository/aopalliance/aopalliance/1.0/aopalliance-1.0.jar:/home/user/.m2/repository/com/google/inject/extensions/guice-servlet/4.0/guice-servlet-4.0.jar:/home/user/.m2/repository/org/glassfish/jersey/containers/jersey-container-servlet/2.27/jersey-container-servlet-2.27.jar:/home/user/.m2/repository/org/glassfish/hk2/guice-bridge/2.5.0/guice-bridge-2.5.0.jar:/home/user/.m2/repository/org/glassfish/jersey/core/jersey-server/2.27/jersey-server-2.27.jar:/home/user/.m2/repository/org/glassfish/jersey/core/jersey-client/2.27/jersey-client-2.27.jar:/home/user/.m2/repository/org/glassfish/jersey/media/jersey-media-jaxb/2.27/jersey-media-jaxb-2.27.jar:/home/user/.m2/repository/javax/validation/validation-api/1.1.0.Final/validation-api-1.1.0.Final.jar:/home/user/.m2/repository/org/glassfish/jersey/media/jersey-media-json-jackson/2.27/jersey-media-json-jackson-2.27.jar:/home/user/.m2/repository/org/glassfish/jersey/ext/jersey-entity-filtering/2.27/jersey-entity-filtering-2.27.jar:/home/user/.m2/repository/com/google/inject/extensions/guice-assistedinject/4.0/guice-assistedinject-4.0.jar:/home/user/.m2/repository/org/jooq/jooq/3.11.10/jooq-3.11.10.jar:/home/user/.m2/repository/org/jooq/jooq-meta/3.11.10/jooq-meta-3.11.10.jar:/home/user/.m2/repository/org/jooq/jooq-codegen/3.11.10/jooq-codegen-3.11.10.jar:/home/user/.m2/repository/com/jolbox/bonecp/0.8.0.RELEASE/bonecp-0.8.0.RELEASE.jar:/home/user/.m2/repository/org/xerial/sqlite-jdbc/3.25.2/sqlite-jdbc-3.25.2.jar:/home/user/.m2/repository/org/springframework/spring-jdbc/5.1.3.RELEASE/spring-jdbc-5.1.3.RELEASE.jar:/home/user/.m2/repository/org/springframework/spring-beans/5.1.3.RELEASE/spring-beans-5.1.3.RELEASE.jar:/home/user/.m2/repository/org/springframework/spring-core/5.1.3.RELEASE/spring-core-5.1.3.RELEASE.jar:/home/user/.m2/repository/org/springframework/spring-jcl/5.1.3.RELEASE/spring-jcl-5.1.3.RELEASE.jar:/home/user/.m2/repository/org/springframework/spring-tx/5.1.3.RELEASE/spring-tx-5.1.3.RELEASE.jar:/home/user/.m2/repository/org/apache/hadoop/hadoop-ozone-client/0.5.0-SNAPSHOT/hadoop-ozone-client-0.5.0-SNAPSHOT.jar:/home/user/.m2/repository/commons-lang/commons-lang/2.6/commons-lang-2.6.jar:/home/user/.m2/repository/org/apache/hadoop/hadoop-ozone-ozone-manager/0.5.0-SNAPSHOT/hadoop-ozone-ozone-manager-0.5.0-SNAPSHOT-tests.jar:/home/user/.m2/repository/junit/junit/4.11/junit-4.11.jar:/home/user/.m2/repository/org/hamcrest/hamcrest-core/1.3/hamcrest-core-1.3.jar:/home/user/.m2/repository/org/openjdk/jmh/jmh-core/1.19/jmh-core-1.19.jar:/home/user/.m2/repository/net/sf/jopt-simple/jopt-simple/4.6/jopt-simple-4.6.jar:/home/user/.m2/repository/org/apache/commons/commons-math3/3.1.1/commons-math3-3.1.1.jar:/home/user/.m2/repository/org/openjdk/jmh/jmh-generator-annprocess/1.19/jmh-generator-annprocess-1.19.jar:/home/user/.m2/repository/org/mockito/mockito-all/1.8.5/mockito-all-1.8.5.jar:/home/user/.m2/repository/org/apache/hadoop/hadoop-kms/3.2.0/hadoop-kms-3.2.0.jar:/home/user/.m2/repository/org/apache/hadoop/hadoop-auth/3.2.0/hadoop-auth-3.2.0.jar:/home/user/.m2/repository/com/nimbusds/nimbus-jose-jwt/4.41.1/nimbus-jose-jwt-4.41.1.jar:/home/user/.m2/repository/com/github/stephenc/jcip/jcip-annotations/1.0-1/jcip-annotations-1.0-1.jar:/home/user/.m2/repository/net/minidev/json-smart/2.3/json-smart-2.3.jar:/home/user/.m2/repository/net/minidev/accessors-smart/1.2/accessors-smart-1.2.jar:/home/user/.m2/repository/org/ow2/asm/asm/5.0.4/asm-5.0.4.jar:/home/user/.m2/repository/org/apache/curator/curator-framework/2.12.0/curator-framework-2.12.0.jar:/home/user/.m2/repository/com/sun/jersey/jersey-core/1.19/jersey-core-1.19.jar:/home/user/.m2/repository/javax/ws/rs/jsr311-api/1.1.1/jsr311-api-1.1.1.jar:/home/user/.m2/repository/com/sun/jersey/jersey-server/1.19/jersey-server-1.19.jar:/home/user/.m2/repository/javax/servlet/javax.servlet-api/3.1.0/javax.servlet-api-3.1.0.jar:/home/user/.m2/repository/org/eclipse/jetty/jetty-server/9.3.24.v20180605/jetty-server-9.3.24.v20180605.jar:/home/user/.m2/repository/org/eclipse/jetty/jetty-http/9.3.24.v20180605/jetty-http-9.3.24.v20180605.jar:/home/user/.m2/repository/org/eclipse/jetty/jetty-io/9.3.24.v20180605/jetty-io-9.3.24.v20180605.jar:/home/user/.m2/repository/org/eclipse/jetty/jetty-webapp/9.3.24.v20180605/jetty-webapp-9.3.24.v20180605.jar:/home/user/.m2/repository/org/eclipse/jetty/jetty-xml/9.3.24.v20180605/jetty-xml-9.3.24.v20180605.jar:/home/user/.m2/repository/log4j/log4j/1.2.17/log4j-1.2.17.jar:/home/user/.m2/repository/org/slf4j/slf4j-api/1.7.25/slf4j-api-1.7.25.jar:/home/user/.m2/repository/org/slf4j/jul-to-slf4j/1.7.25/jul-to-slf4j-1.7.25.jar:/home/user/.m2/repository/org/eclipse/jetty/jetty-util/9.3.24.v20180605/jetty-util-9.3.24.v20180605.jar:/home/user/.m2/repository/com/fasterxml/jackson/core/jackson-databind/2.9.5/jackson-databind-2.9.5.jar:/home/user/.m2/repository/org/apache/hadoop/hadoop-kms/3.2.0/hadoop-kms-3.2.0-tests.jar:/home/user/.m2/repository/org/apache/hadoop/hadoop-hdds-server-scm/0.5.0-SNAPSHOT/hadoop-hdds-server-scm-0.5.0-SNAPSHOT-tests.jar:/home/user/.m2/repository/org/apache/hadoop/hadoop-hdds-container-service/0.5.0-SNAPSHOT/hadoop-hdds-container-service-0.5.0-SNAPSHOT-tests.jar:/home/user/.m2/repository/org/yaml/snakeyaml/1.16/snakeyaml-1.16.jar:/home/user/.m2/repository/org/apache/hadoop/hadoop-common/3.2.0/hadoop-common-3.2.0-tests.jar:/home/user/.m2/repository/org/apache/hadoop/hadoop-annotations/3.2.0/hadoop-annotations-3.2.0.jar:/usr/lib/jvm/java-1.8-openjdk/jre/../lib/tools.jar:/home/user/.m2/repository/commons-cli/commons-cli/1.2/commons-cli-1.2.jar:/home/user/.m2/repository/org/apache/httpcomponents/httpclient/4.5.2/httpclient-4.5.2.jar:/home/user/.m2/repository/org/apache/httpcomponents/httpcore/4.4.4/httpcore-4.4.4.jar:/home/user/.m2/repository/commons-codec/commons-codec/1.11/commons-codec-1.11.jar:/home/user/.m2/repository/commons-net/commons-net/3.6/commons-net-3.6.jar:/home/user/.m2/repository/commons-collections/commons-collections/3.2.2/commons-collections-3.2.2.jar:/home/user/.m2/repository/org/eclipse/jetty/jetty-servlet/9.3.24.v20180605/jetty-servlet-9.3.24.v20180605.jar:/home/user/.m2/repository/org/eclipse/jetty/jetty-security/9.3.24.v20180605/jetty-security-9.3.24.v20180605.jar:/home/user/.m2/repository/javax/servlet/jsp/jsp-api/2.1/jsp-api-2.1.jar:/home/user/.m2/repository/com/sun/jersey/jersey-servlet/1.19/jersey-servlet-1.19.jar:/home/user/.m2/repository/com/sun/jersey/jersey-json/1.19/jersey-json-1.19.jar:/home/user/.m2/repository/org/codehaus/jettison/jettison/1.1/jettison-1.1.jar:/home/user/.m2/repository/org/codehaus/jackson/jackson-core-asl/1.9.13/jackson-core-asl-1.9.13.jar:/home/user/.m2/repository/org/codehaus/jackson/jackson-mapper-asl/1.9.13/jackson-mapper-asl-1.9.13.jar:/home/user/.m2/repository/org/codehaus/jackson/jackson-jaxrs/1.9.13/jackson-jaxrs-1.9.13.jar:/home/user/.m2/repository/org/codehaus/jackson/jackson-xc/1.9.13/jackson-xc-1.9.13.jar:/home/user/.m2/repository/commons-logging/commons-logging/1.1.3/commons-logging-1.1.3.jar:/home/user/.m2/repository/commons-beanutils/commons-beanutils/1.9.3/commons-beanutils-1.9.3.jar:/home/user/.m2/repository/org/apache/commons/commons-configuration2/2.1.1/commons-configuration2-2.1.1.jar:/home/user/.m2/repository/org/apache/commons/commons-lang3/3.7/commons-lang3-3.7.jar:/home/user/.m2/repository/org/apache/commons/commons-text/1.4/commons-text-1.4.jar:/home/user/.m2/repository/org/apache/avro/avro/1.7.7/avro-1.7.7.jar:/home/user/.m2/repository/com/thoughtworks/paranamer/paranamer/2.3/paranamer-2.3.jar:/home/user/.m2/repository/org/xerial/snappy/snappy-java/1.0.5/snappy-java-1.0.5.jar:/home/user/.m2/repository/com/google/re2j/re2j/1.1/re2j-1.1.jar:/home/user/.m2/repository/com/google/code/gson/gson/2.2.4/gson-2.2.4.jar:/home/user/.m2/repository/com/jcraft/jsch/0.1.54/jsch-0.1.54.jar:/home/user/.m2/repository/org/apache/curator/curator-client/2.12.0/curator-client-2.12.0.jar:/home/user/.m2/repository/org/apache/curator/curator-recipes/2.12.0/curator-recipes-2.12.0.jar:/home/user/.m2/repository/com/google/code/findbugs/jsr305/3.0.0/jsr305-3.0.0.jar:/home/user/.m2/repository/org/apache/htrace/htrace-core4/4.1.0-incubating/htrace-core4-4.1.0-incubating.jar:/home/user/.m2/repository/org/apache/zookeeper/zookeeper/3.4.13/zookeeper-3.4.13.jar:/home/user/.m2/repository/org/apache/yetus/audience-annotations/0.5.0/audience-annotations-0.5.0.jar:/home/user/.m2/repository/org/codehaus/woodstox/stax2-api/3.1.4/stax2-api-3.1.4.jar:/home/user/.m2/repository/com/fasterxml/woodstox/woodstox-core/5.0.3/woodstox-core-5.0.3.jar:/home/user/.m2/repository/dnsjava/dnsjava/2.1.7/dnsjava-2.1.7.jar:/home/user/.m2/repository/org/apache/hadoop/hadoop-hdfs/3.2.0/hadoop-hdfs-3.2.0-tests.jar:/home/user/.m2/repository/org/eclipse/jetty/jetty-util-ajax/9.3.24.v20180605/jetty-util-ajax-9.3.24.v20180605.jar:/home/user/.m2/repository/commons-daemon/commons-daemon/1.0.13/commons-daemon-1.0.13.jar:/home/user/.m2/repository/io/netty/netty/3.10.5.Final/netty-3.10.5.Final.jar:/home/user/.m2/repository/io/netty/netty-all/4.0.52.Final/netty-all-4.0.52.Final.jar:/home/user/.m2/repository/org/fusesource/leveldbjni/leveldbjni-all/1.8/leveldbjni-all-1.8.jar:"/>
    <property name="sun.cpu.endian" value="little"/>
    <property name="user.home" value="/home/user"/>
    <property name="user.language" value="en"/>
    <property name="java.specification.vendor" value="Oracle Corporation"/>
    <property name="java.home" value="/usr/lib/jvm/java-1.8-openjdk/jre"/>
    <property name="java.security.krb5.conf" value="/workdir/hadoop-ozone/integration-test/target/test-classes/krb5.conf"/>
    <property name="basedir" value="/workdir/hadoop-ozone/integration-test"/>
    <property name="file.separator" value="/"/>
    <property name="line.separator" value="&#10;"/>
    <property name="java.vm.specification.vendor" value="Oracle Corporation"/>
    <property name="java.specification.name" value="Java Platform API Specification"/>
    <property name="java.awt.graphicsenv" value="sun.awt.X11GraphicsEnvironment"/>
    <property name="surefire.real.class.path" value="/workdir/hadoop-ozone/integration-test/target/surefire/surefirebooter8609748433693721750.jar"/>
    <property name="hadoop.log.dir" value="/workdir/hadoop-ozone/integration-test/target/log"/>
    <property name="sun.boot.class.path" value="/usr/lib/jvm/java-1.8-openjdk/jre/lib/resources.jar:/usr/lib/jvm/java-1.8-openjdk/jre/lib/rt.jar:/usr/lib/jvm/java-1.8-openjdk/jre/lib/sunrsasign.jar:/usr/lib/jvm/java-1.8-openjdk/jre/lib/jsse.jar:/usr/lib/jvm/java-1.8-openjdk/jre/lib/jce.jar:/usr/lib/jvm/java-1.8-openjdk/jre/lib/charsets.jar:/usr/lib/jvm/java-1.8-openjdk/jre/lib/jfr.jar:/usr/lib/jvm/java-1.8-openjdk/jre/classes"/>
    <property name="sun.management.compiler" value="HotSpot 64-Bit Tiered Compilers"/>
    <property name="java.runtime.version" value="1.8.0_212-b04"/>
    <property name="java.net.preferIPv4Stack" value="true"/>
    <property name="user.name" value="jenkins1000"/>
    <property name="path.separator" value=":"/>
    <property name="java.security.egd" value="file:///dev/urandom"/>
    <property name="os.version" value="3.10.0-957.12.2.el7.x86_64"/>
    <property name="java.endorsed.dirs" value="/usr/lib/jvm/java-1.8-openjdk/jre/lib/endorsed"/>
    <property name="java.runtime.name" value="OpenJDK Runtime Environment"/>
    <property name="file.encoding" value="UTF-8"/>
    <property name="java.vm.name" value="OpenJDK 64-Bit Server VM"/>
    <property name="test.build.webapps" value=""/>
    <property name="localRepository" value="/home/user/.m2/repository"/>
    <property name="java.vendor.url.bug" value="https://icedtea.classpath.org/bugzilla"/>
    <property name="java.io.tmpdir" value="/tmp"/>
    <property name="require.test.libhadoop" value=""/>
    <property name="java.version" value="1.8.0_212"/>
    <property name="user.dir" value="/workdir/hadoop-ozone/integration-test"/>
    <property name="os.arch" value="amd64"/>
    <property name="java.vm.specification.name" value="Java Virtual Machine Specification"/>
    <property name="test.build.classes" value="/workdir/hadoop-ozone/integration-test/target/test-classes"/>
    <property name="java.awt.printerjob" value="sun.print.PSPrinterJob"/>
    <property name="sun.os.patch.level" value="unknown"/>
    <property name="hadoop.tmp.dir" value="/workdir/hadoop-ozone/integration-test/target/tmp"/>
    <property name="java.library.path" value="/usr/lib/jvm/java-1.8-openjdk/jre/lib/amd64/server:/usr/lib/jvm/java-1.8-openjdk/jre/lib/amd64:/usr/lib/jvm/java-1.8-openjdk/jre/../lib/amd64:/workdir/hadoop-ozone/integration-test/target/native/target/usr/local/lib:/workdir/hadoop-ozone/integration-test/../../hadoop-common-project/hadoop-common/target/native/target/usr/local/lib:/usr/java/packages/lib/amd64:/usr/lib64:/lib64:/lib:/usr/lib"/>
    <property name="java.vm.info" value="mixed mode"/>
    <property name="java.vendor" value="IcedTea"/>
    <property name="java.vm.version" value="25.212-b04"/>
    <property name="java.ext.dirs" value="/usr/lib/jvm/java-1.8-openjdk/jre/lib/ext:/usr/java/packages/lib/ext"/>
    <property name="sun.io.unicode.encoding" value="UnicodeLittle"/>
    <property name="java.class.version" value="52.0"/>
  </properties>
  <testcase name="test2DatanodesFailure" classname="org.apache.hadoop.ozone.client.rpc.TestBlockOutputStreamWithFailures" time="107.79"/>
  <testcase name="testDatanodeFailureWithPreAllocation" classname="org.apache.hadoop.ozone.client.rpc.TestBlockOutputStreamWithFailures" time="229.345"/>
  <testcase name="testDatanodeFailureWithSingleNodeRatis" classname="org.apache.hadoop.ozone.client.rpc.TestBlockOutputStreamWithFailures" time="226.352"/>
  <testcase name="testWatchForCommitWithSingleNodeRatis" classname="org.apache.hadoop.ozone.client.rpc.TestBlockOutputStreamWithFailures" time="36.208"/>
  <testcase name="testWatchForCommitDatanodeFailure" classname="org.apache.hadoop.ozone.client.rpc.TestBlockOutputStreamWithFailures" time="42.744">
    <failure message="expected:&lt;2&gt; but was:&lt;3&gt;" type="java.lang.AssertionError"><![CDATA[java.lang.AssertionError: expected:<2> but was:<3>
	at org.junit.Assert.fail(Assert.java:88)
	at org.junit.Assert.failNotEquals(Assert.java:743)
	at org.junit.Assert.assertEquals(Assert.java:118)
	at org.junit.Assert.assertEquals(Assert.java:555)
	at org.junit.Assert.assertEquals(Assert.java:542)
	at org.apache.hadoop.ozone.client.rpc.TestBlockOutputStreamWithFailures.testWatchForCommitDatanodeFailure(TestBlockOutputStreamWithFailures.java:366)
	at sun.reflect.NativeMethodAccessorImpl.invoke0(Native Method)
	at sun.reflect.NativeMethodAccessorImpl.invoke(NativeMethodAccessorImpl.java:62)
	at sun.reflect.DelegatingMethodAccessorImpl.invoke(DelegatingMethodAccessorImpl.java:43)
	at java.lang.reflect.Method.invoke(Method.java:498)
	at org.junit.runners.model.FrameworkMethod$1.runReflectiveCall(FrameworkMethod.java:47)
	at org.junit.internal.runners.model.ReflectiveCallable.run(ReflectiveCallable.java:12)
	at org.junit.runners.model.FrameworkMethod.invokeExplosively(FrameworkMethod.java:44)
	at org.junit.internal.runners.statements.InvokeMethod.evaluate(InvokeMethod.java:17)
	at org.junit.internal.runners.statements.RunBefores.evaluate(RunBefores.java:26)
	at org.junit.internal.runners.statements.RunAfters.evaluate(RunAfters.java:27)
	at org.junit.runners.ParentRunner.runLeaf(ParentRunner.java:271)
	at org.junit.runners.BlockJUnit4ClassRunner.runChild(BlockJUnit4ClassRunner.java:70)
	at org.junit.runners.BlockJUnit4ClassRunner.runChild(BlockJUnit4ClassRunner.java:50)
	at org.junit.runners.ParentRunner$3.run(ParentRunner.java:238)
	at org.junit.runners.ParentRunner$1.schedule(ParentRunner.java:63)
	at org.junit.runners.ParentRunner.runChildren(ParentRunner.java:236)
	at org.junit.runners.ParentRunner.access$000(ParentRunner.java:53)
	at org.junit.runners.ParentRunner$2.evaluate(ParentRunner.java:229)
	at org.junit.runners.ParentRunner.run(ParentRunner.java:309)
	at org.apache.maven.surefire.junit4.JUnit4Provider.execute(JUnit4Provider.java:365)
	at org.apache.maven.surefire.junit4.JUnit4Provider.executeWithRerun(JUnit4Provider.java:273)
	at org.apache.maven.surefire.junit4.JUnit4Provider.executeTestSet(JUnit4Provider.java:238)
	at org.apache.maven.surefire.junit4.JUnit4Provider.invoke(JUnit4Provider.java:159)
	at org.apache.maven.surefire.booter.ForkedBooter.invokeProviderInSameClassLoader(ForkedBooter.java:384)
	at org.apache.maven.surefire.booter.ForkedBooter.runSuitesInProcess(ForkedBooter.java:345)
	at org.apache.maven.surefire.booter.ForkedBooter.execute(ForkedBooter.java:126)
	at org.apache.maven.surefire.booter.ForkedBooter.main(ForkedBooter.java:418)
]]></failure>
    <system-out><![CDATA[2019-08-23 17:33:35,234 [main] WARN  server.ServerUtils (ServerUtils.java:getScmDbDir(145)) - ozone.scm.db.dirs is not configured. We recommend adding this setting. Falling back to ozone.metadata.dirs instead.
2019-08-23 17:33:35,270 [main] WARN  server.ServerUtils (ServerUtils.java:getScmDbDir(145)) - ozone.scm.db.dirs is not configured. We recommend adding this setting. Falling back to ozone.metadata.dirs instead.
2019-08-23 17:33:35,271 [main] WARN  server.ServerUtils (ServerUtils.java:getScmDbDir(145)) - ozone.scm.db.dirs is not configured. We recommend adding this setting. Falling back to ozone.metadata.dirs instead.
2019-08-23 17:33:35,271 [main] INFO  db.DBStoreBuilder (DBStoreBuilder.java:addTable(110)) - using custom profile for table: deletedBlocks
2019-08-23 17:33:35,272 [main] INFO  db.DBStoreBuilder (DBStoreBuilder.java:processTables(161)) - Using default column profile:DBProfile.DISK for Table:deletedBlocks
2019-08-23 17:33:35,272 [main] INFO  db.DBStoreBuilder (DBStoreBuilder.java:addTable(110)) - using custom profile for table: validCerts
2019-08-23 17:33:35,272 [main] INFO  db.DBStoreBuilder (DBStoreBuilder.java:processTables(161)) - Using default column profile:DBProfile.DISK for Table:validCerts
2019-08-23 17:33:35,272 [main] INFO  db.DBStoreBuilder (DBStoreBuilder.java:addTable(110)) - using custom profile for table: revokedCerts
2019-08-23 17:33:35,273 [main] INFO  db.DBStoreBuilder (DBStoreBuilder.java:processTables(161)) - Using default column profile:DBProfile.DISK for Table:revokedCerts
2019-08-23 17:33:35,273 [main] INFO  db.DBStoreBuilder (DBStoreBuilder.java:addTable(110)) - using custom profile for table: default
2019-08-23 17:33:35,273 [main] INFO  db.DBStoreBuilder (DBStoreBuilder.java:processTables(167)) - Using default column profile:DBProfile.DISK for Table:default
2019-08-23 17:33:35,273 [main] INFO  db.DBStoreBuilder (DBStoreBuilder.java:getDbProfile(198)) - Using default options. DBProfile.DISK
2019-08-23 17:33:35,412 [main] INFO  net.NodeSchemaLoader (NodeSchemaLoader.java:loadSchemaFromFile(125)) - Loading file from sun.misc.CompoundEnumeration@4a4352b4
2019-08-23 17:33:35,412 [main] INFO  net.NodeSchemaLoader (NodeSchemaLoader.java:loadSchema(171)) - Loading network topology layer schema file
2019-08-23 17:33:35,416 [main] INFO  node.SCMNodeManager (SCMNodeManager.java:<init>(121)) - Entering startup safe mode.
2019-08-23 17:33:35,416 [main] INFO  algorithms.ContainerPlacementPolicyFactory (ContainerPlacementPolicyFactory.java:getPolicy(55)) - Create container placement policy of type org.apache.hadoop.hdds.scm.container.placement.algorithms.SCMContainerPlacementRandom
2019-08-23 17:33:35,416 [main] WARN  server.ServerUtils (ServerUtils.java:getScmDbDir(145)) - ozone.scm.db.dirs is not configured. We recommend adding this setting. Falling back to ozone.metadata.dirs instead.
2019-08-23 17:33:35,465 [main] INFO  pipeline.SCMPipelineManager (SCMPipelineManager.java:initializePipelineState(126)) - No pipeline exists in current db
2019-08-23 17:33:35,466 [main] WARN  server.ServerUtils (ServerUtils.java:getScmDbDir(145)) - ozone.scm.db.dirs is not configured. We recommend adding this setting. Falling back to ozone.metadata.dirs instead.
2019-08-23 17:33:35,523 [main] WARN  events.EventQueue (EventQueue.java:fireEvent(175)) - No event handler registered for event TypedEvent{payloadType=SafeModeStatus, name='SafeModeStatus'}
2019-08-23 17:33:35,524 [main] INFO  ipc.CallQueueManager (CallQueueManager.java:<init>(84)) - Using callQueue: class java.util.concurrent.LinkedBlockingQueue, queueCapacity: 2000, scheduler: class org.apache.hadoop.ipc.DefaultRpcScheduler, ipcBackoff: false.
2019-08-23 17:33:35,524 [Socket Reader #1 for port 41440] INFO  ipc.Server (Server.java:run(1074)) - Starting Socket Reader #1 for port 41440
2019-08-23 17:33:35,526 [main] INFO  ipc.CallQueueManager (CallQueueManager.java:<init>(84)) - Using callQueue: class java.util.concurrent.LinkedBlockingQueue, queueCapacity: 2000, scheduler: class org.apache.hadoop.ipc.DefaultRpcScheduler, ipcBackoff: false.
2019-08-23 17:33:35,526 [Socket Reader #1 for port 42977] INFO  ipc.Server (Server.java:run(1074)) - Starting Socket Reader #1 for port 42977
2019-08-23 17:33:35,527 [main] INFO  ipc.CallQueueManager (CallQueueManager.java:<init>(84)) - Using callQueue: class java.util.concurrent.LinkedBlockingQueue, queueCapacity: 2000, scheduler: class org.apache.hadoop.ipc.DefaultRpcScheduler, ipcBackoff: false.
2019-08-23 17:33:35,528 [Socket Reader #1 for port 39855] INFO  ipc.Server (Server.java:run(1074)) - Starting Socket Reader #1 for port 39855
2019-08-23 17:33:35,529 [main] INFO  hdfs.DFSUtil (DFSUtil.java:httpServerTemplateForNNAndJN(1641)) - Starting Web-server for scm at: http://0.0.0.0:0
2019-08-23 17:33:35,531 [main] INFO  server.AuthenticationFilter (AuthenticationFilter.java:constructSecretProvider(240)) - Unable to initialize FileSignerSecretProvider, falling back to use random secrets.
2019-08-23 17:33:35,532 [main] WARN  http.HttpRequestLog (HttpRequestLog.java:getRequestLog(97)) - Jetty request log can only be enabled using Log4j
2019-08-23 17:33:35,533 [main] INFO  http.HttpServer2 (HttpServer2.java:addGlobalFilter(975)) - Added global filter 'safety' (class=org.apache.hadoop.http.HttpServer2$QuotingInputFilter)
2019-08-23 17:33:35,533 [main] INFO  http.HttpServer2 (HttpServer2.java:addFilter(948)) - Added filter static_user_filter (class=org.apache.hadoop.http.lib.StaticUserWebFilter$StaticUserFilter) to context scm
2019-08-23 17:33:35,534 [main] INFO  http.HttpServer2 (HttpServer2.java:addFilter(958)) - Added filter static_user_filter (class=org.apache.hadoop.http.lib.StaticUserWebFilter$StaticUserFilter) to context logs
2019-08-23 17:33:35,534 [main] INFO  http.HttpServer2 (HttpServer2.java:addFilter(958)) - Added filter static_user_filter (class=org.apache.hadoop.http.lib.StaticUserWebFilter$StaticUserFilter) to context static
2019-08-23 17:33:35,535 [main] INFO  server.StorageContainerManager (StorageContainerManager.java:start(759)) - StorageContainerLocationProtocol RPC server is listening at /0.0.0.0:39855
2019-08-23 17:33:35,538 [main] WARN  impl.MetricsConfig (MetricsConfig.java:loadFirst(134)) - Cannot locate configuration: tried hadoop-metrics2-storagecontainermanager.properties,hadoop-metrics2.properties
2019-08-23 17:33:35,538 [main] INFO  impl.MetricsSystemImpl (MetricsSystemImpl.java:startTimer(374)) - Scheduled Metric snapshot period at 10 second(s).
2019-08-23 17:33:35,539 [main] INFO  impl.MetricsSystemImpl (MetricsSystemImpl.java:start(191)) - StorageContainerManager metrics system started
2019-08-23 17:33:35,607 [main] INFO  server.SCMClientProtocolServer (SCMClientProtocolServer.java:start(151)) - RPC server for Client  is listening at /0.0.0.0:39855
2019-08-23 17:33:35,608 [IPC Server Responder] INFO  ipc.Server (Server.java:run(1314)) - IPC Server Responder: starting
2019-08-23 17:33:35,608 [IPC Server listener on 39855] INFO  ipc.Server (Server.java:run(1153)) - IPC Server listener on 39855: starting
2019-08-23 17:33:35,610 [main] INFO  server.StorageContainerManager (StorageContainerManager.java:start(769)) - ScmBlockLocationProtocol RPC server is listening at /0.0.0.0:42977
2019-08-23 17:33:35,610 [main] INFO  server.SCMBlockProtocolServer (SCMBlockProtocolServer.java:start(140)) - RPC server for Block Protocol is listening at /0.0.0.0:42977
2019-08-23 17:33:35,611 [IPC Server Responder] INFO  ipc.Server (Server.java:run(1314)) - IPC Server Responder: starting
2019-08-23 17:33:35,611 [IPC Server listener on 42977] INFO  ipc.Server (Server.java:run(1153)) - IPC Server listener on 42977: starting
2019-08-23 17:33:35,613 [main] INFO  server.StorageContainerManager (StorageContainerManager.java:start(773)) - ScmDatanodeProtocl RPC server is listening at /0.0.0.0:41440
2019-08-23 17:33:35,613 [main] INFO  server.SCMDatanodeProtocolServer (SCMDatanodeProtocolServer.java:start(191)) - RPC server for DataNodes is listening at /0.0.0.0:41440
2019-08-23 17:33:35,613 [IPC Server Responder] INFO  ipc.Server (Server.java:run(1314)) - IPC Server Responder: starting
2019-08-23 17:33:35,613 [IPC Server listener on 41440] INFO  ipc.Server (Server.java:run(1153)) - IPC Server listener on 41440: starting
2019-08-23 17:33:35,616 [main] INFO  http.HttpServer2 (HttpServer2.java:bindListener(1191)) - Jetty bound to port 40504
2019-08-23 17:33:35,617 [main] INFO  server.Server (Server.java:doStart(351)) - jetty-9.3.24.v20180605, build timestamp: 2018-06-05T17:11:56Z, git hash: 84205aa28f11a4f31f2a3b86d1bba2cc8ab69827
2019-08-23 17:33:35,618 [main] INFO  handler.ContextHandler (ContextHandler.java:doStart(781)) - Started o.e.j.s.ServletContextHandler@32192a69{/logs,file:///workdir/hadoop-ozone/integration-test/target/log,AVAILABLE}
2019-08-23 17:33:35,618 [main] INFO  handler.ContextHandler (ContextHandler.java:doStart(781)) - Started o.e.j.s.ServletContextHandler@36e9fd4f{/static,file:///workdir/hadoop-ozone/integration-test/target/test-classes/webapps/static,AVAILABLE}
2019-08-23 17:33:35,622 [main] INFO  handler.ContextHandler (ContextHandler.java:doStart(781)) - Started o.e.j.w.WebAppContext@4dfbe8c2{/,file:///workdir/hadoop-ozone/integration-test/target/test-classes/webapps/scm/,AVAILABLE}{/scm}
2019-08-23 17:33:35,623 [main] INFO  server.AbstractConnector (AbstractConnector.java:doStart(278)) - Started ServerConnector@2bb03136{HTTP/1.1,[http/1.1]}{0.0.0.0:40504}
2019-08-23 17:33:35,624 [main] INFO  server.Server (Server.java:doStart(419)) - Started @600680ms
2019-08-23 17:33:35,625 [main] INFO  server.BaseHttpServer (BaseHttpServer.java:updateConnectorAddress(213)) - HTTP server of SCM is listening at http://0.0.0.0:40504
2019-08-23 17:33:35,625 [main] WARN  server.ServerUtils (ServerUtils.java:getDBPath(222)) - ozone.om.db.dirs is not configured. We recommend adding this setting. Falling back to ozone.metadata.dirs instead.
2019-08-23 17:33:35,626 [org.apache.hadoop.util.JvmPauseMonitor$Monitor@2726b2f3] INFO  util.JvmPauseMonitor (JvmPauseMonitor.java:run(188)) - Starting JVM pause monitor
2019-08-23 17:33:35,639 [main] WARN  server.ServerUtils (ServerUtils.java:getDBPath(222)) - ozone.om.db.dirs is not configured. We recommend adding this setting. Falling back to ozone.metadata.dirs instead.
2019-08-23 17:33:35,639 [main] WARN  server.ServerUtils (ServerUtils.java:getDBPath(222)) - ozone.om.db.dirs is not configured. We recommend adding this setting. Falling back to ozone.metadata.dirs instead.
2019-08-23 17:33:35,640 [main] INFO  om.OzoneManager (OzoneManager.java:setOMNodeDetails(648)) - OM Service ID is not set. Setting it to the default ID: omServiceIdDefault
2019-08-23 17:33:35,640 [main] INFO  om.OzoneManager (OzoneManager.java:setOMNodeDetails(654)) - OM Node ID is not set. Setting it to the OmStorage's OmID: d3dfbb09-f81c-4bfc-84e6-17ddba8ca26d
2019-08-23 17:33:35,640 [main] INFO  om.OzoneManager (OzoneManager.java:loadOMHAConfigs(605)) - Found matching OM address with OMServiceId: null, OMNodeId: null, RPC Address: localhost:0 and Ratis port: 9872
2019-08-23 17:33:35,643 | INFO  | SCMAudit | user=jenkins1000 | ip=192.168.69.79 | op=GET_SCM_INFO null | ret=SUCCESS |  
2019-08-23 17:33:35,644 [main] WARN  server.ServerUtils (ServerUtils.java:getDBPath(222)) - ozone.om.db.dirs is not configured. We recommend adding this setting. Falling back to ozone.metadata.dirs instead.
2019-08-23 17:33:35,645 [main] INFO  db.DBStoreBuilder (DBStoreBuilder.java:addTable(110)) - using custom profile for table: userTable
2019-08-23 17:33:35,645 [main] INFO  db.DBStoreBuilder (DBStoreBuilder.java:processTables(161)) - Using default column profile:DBProfile.DISK for Table:userTable
2019-08-23 17:33:35,645 [main] INFO  db.DBStoreBuilder (DBStoreBuilder.java:addTable(110)) - using custom profile for table: volumeTable
2019-08-23 17:33:35,645 [main] INFO  db.DBStoreBuilder (DBStoreBuilder.java:processTables(161)) - Using default column profile:DBProfile.DISK for Table:volumeTable
2019-08-23 17:33:35,645 [main] INFO  db.DBStoreBuilder (DBStoreBuilder.java:addTable(110)) - using custom profile for table: bucketTable
2019-08-23 17:33:35,646 [main] INFO  db.DBStoreBuilder (DBStoreBuilder.java:processTables(161)) - Using default column profile:DBProfile.DISK for Table:bucketTable
2019-08-23 17:33:35,646 [main] INFO  db.DBStoreBuilder (DBStoreBuilder.java:addTable(110)) - using custom profile for table: keyTable
2019-08-23 17:33:35,646 [main] INFO  db.DBStoreBuilder (DBStoreBuilder.java:processTables(161)) - Using default column profile:DBProfile.DISK for Table:keyTable
2019-08-23 17:33:35,646 [main] INFO  db.DBStoreBuilder (DBStoreBuilder.java:addTable(110)) - using custom profile for table: deletedTable
2019-08-23 17:33:35,646 [main] INFO  db.DBStoreBuilder (DBStoreBuilder.java:processTables(161)) - Using default column profile:DBProfile.DISK for Table:deletedTable
2019-08-23 17:33:35,646 [main] INFO  db.DBStoreBuilder (DBStoreBuilder.java:addTable(110)) - using custom profile for table: openKeyTable
2019-08-23 17:33:35,647 [main] INFO  db.DBStoreBuilder (DBStoreBuilder.java:processTables(161)) - Using default column profile:DBProfile.DISK for Table:openKeyTable
2019-08-23 17:33:35,647 [main] INFO  db.DBStoreBuilder (DBStoreBuilder.java:addTable(110)) - using custom profile for table: s3Table
2019-08-23 17:33:35,647 [main] INFO  db.DBStoreBuilder (DBStoreBuilder.java:processTables(161)) - Using default column profile:DBProfile.DISK for Table:s3Table
2019-08-23 17:33:35,647 [main] INFO  db.DBStoreBuilder (DBStoreBuilder.java:addTable(110)) - using custom profile for table: multipartInfoTable
2019-08-23 17:33:35,647 [main] INFO  db.DBStoreBuilder (DBStoreBuilder.java:processTables(161)) - Using default column profile:DBProfile.DISK for Table:multipartInfoTable
2019-08-23 17:33:35,647 [main] INFO  db.DBStoreBuilder (DBStoreBuilder.java:addTable(110)) - using custom profile for table: dTokenTable
2019-08-23 17:33:35,648 [main] INFO  db.DBStoreBuilder (DBStoreBuilder.java:processTables(161)) - Using default column profile:DBProfile.DISK for Table:dTokenTable
2019-08-23 17:33:35,648 [main] INFO  db.DBStoreBuilder (DBStoreBuilder.java:addTable(110)) - using custom profile for table: s3SecretTable
2019-08-23 17:33:35,648 [main] INFO  db.DBStoreBuilder (DBStoreBuilder.java:processTables(161)) - Using default column profile:DBProfile.DISK for Table:s3SecretTable
2019-08-23 17:33:35,648 [main] INFO  db.DBStoreBuilder (DBStoreBuilder.java:addTable(110)) - using custom profile for table: prefixTable
2019-08-23 17:33:35,648 [main] INFO  db.DBStoreBuilder (DBStoreBuilder.java:processTables(161)) - Using default column profile:DBProfile.DISK for Table:prefixTable
2019-08-23 17:33:35,648 [main] INFO  db.DBStoreBuilder (DBStoreBuilder.java:addTable(110)) - using custom profile for table: default
2019-08-23 17:33:35,648 [main] INFO  db.DBStoreBuilder (DBStoreBuilder.java:processTables(167)) - Using default column profile:DBProfile.DISK for Table:default
2019-08-23 17:33:35,649 [main] INFO  db.DBStoreBuilder (DBStoreBuilder.java:getDbProfile(198)) - Using default options. DBProfile.DISK
2019-08-23 17:33:36,090 [main] INFO  ipc.CallQueueManager (CallQueueManager.java:<init>(84)) - Using callQueue: class java.util.concurrent.LinkedBlockingQueue, queueCapacity: 2000, scheduler: class org.apache.hadoop.ipc.DefaultRpcScheduler, ipcBackoff: false.
2019-08-23 17:33:36,090 [Socket Reader #1 for port 33639] INFO  ipc.Server (Server.java:run(1074)) - Starting Socket Reader #1 for port 33639
2019-08-23 17:33:36,105 [main] INFO  om.OzoneManager (OzoneManager.java:start(1259)) - OzoneManager RPC server is listening at localhost/127.0.0.1:33639
2019-08-23 17:33:36,105 [main] INFO  impl.MetricsSystemImpl (MetricsSystemImpl.java:init(158)) - OzoneManager metrics system started (again)
2019-08-23 17:33:36,106 [IPC Server Responder] INFO  ipc.Server (Server.java:run(1314)) - IPC Server Responder: starting
2019-08-23 17:33:36,106 [IPC Server listener on 33639] INFO  ipc.Server (Server.java:run(1153)) - IPC Server listener on 33639: starting
2019-08-23 17:33:36,110 [main] INFO  hdfs.DFSUtil (DFSUtil.java:httpServerTemplateForNNAndJN(1641)) - Starting Web-server for ozoneManager at: http://0.0.0.0:0
2019-08-23 17:33:36,111 [main] INFO  server.AuthenticationFilter (AuthenticationFilter.java:constructSecretProvider(240)) - Unable to initialize FileSignerSecretProvider, falling back to use random secrets.
2019-08-23 17:33:36,111 [main] WARN  http.HttpRequestLog (HttpRequestLog.java:getRequestLog(97)) - Jetty request log can only be enabled using Log4j
2019-08-23 17:33:36,113 [main] INFO  http.HttpServer2 (HttpServer2.java:addGlobalFilter(975)) - Added global filter 'safety' (class=org.apache.hadoop.http.HttpServer2$QuotingInputFilter)
2019-08-23 17:33:36,113 [main] INFO  http.HttpServer2 (HttpServer2.java:addFilter(948)) - Added filter static_user_filter (class=org.apache.hadoop.http.lib.StaticUserWebFilter$StaticUserFilter) to context ozoneManager
2019-08-23 17:33:36,114 [main] INFO  http.HttpServer2 (HttpServer2.java:addFilter(958)) - Added filter static_user_filter (class=org.apache.hadoop.http.lib.StaticUserWebFilter$StaticUserFilter) to context static
2019-08-23 17:33:36,114 [main] INFO  http.HttpServer2 (HttpServer2.java:addFilter(958)) - Added filter static_user_filter (class=org.apache.hadoop.http.lib.StaticUserWebFilter$StaticUserFilter) to context logs
2019-08-23 17:33:36,114 [main] INFO  http.HttpServer2 (HttpServer2.java:bindListener(1191)) - Jetty bound to port 35040
2019-08-23 17:33:36,115 [main] INFO  server.Server (Server.java:doStart(351)) - jetty-9.3.24.v20180605, build timestamp: 2018-06-05T17:11:56Z, git hash: 84205aa28f11a4f31f2a3b86d1bba2cc8ab69827
2019-08-23 17:33:36,116 [main] INFO  handler.ContextHandler (ContextHandler.java:doStart(781)) - Started o.e.j.s.ServletContextHandler@6e2764c9{/logs,file:///workdir/hadoop-ozone/integration-test/target/log,AVAILABLE}
2019-08-23 17:33:36,116 [main] INFO  handler.ContextHandler (ContextHandler.java:doStart(781)) - Started o.e.j.s.ServletContextHandler@70199db0{/static,file:///workdir/hadoop-ozone/integration-test/target/test-classes/webapps/static,AVAILABLE}
2019-08-23 17:33:36,120 [main] INFO  handler.ContextHandler (ContextHandler.java:doStart(781)) - Started o.e.j.w.WebAppContext@2b3e2039{/,file:///workdir/hadoop-ozone/integration-test/target/test-classes/webapps/ozoneManager/,AVAILABLE}{/ozoneManager}
2019-08-23 17:33:36,120 [main] INFO  server.AbstractConnector (AbstractConnector.java:doStart(278)) - Started ServerConnector@487f025{HTTP/1.1,[http/1.1]}{0.0.0.0:35040}
2019-08-23 17:33:36,121 [main] INFO  server.Server (Server.java:doStart(419)) - Started @601177ms
2019-08-23 17:33:36,122 [main] INFO  server.BaseHttpServer (BaseHttpServer.java:updateConnectorAddress(213)) - HTTP server of OZONEMANAGER is listening at http://0.0.0.0:35040
2019-08-23 17:33:36,136 [main] INFO  impl.MetricsSystemImpl (MetricsSystemImpl.java:init(158)) - HddsDatanode metrics system started (again)
2019-08-23 17:33:36,138 [main] INFO  ozone.HddsDatanodeService (HddsDatanodeService.java:start(184)) - HddsDatanodeService host:pr-hdds-1898-mkj97-200540441 ip:192.168.69.79
2019-08-23 17:33:36,145 [main] INFO  volume.HddsVolume (HddsVolume.java:<init>(176)) - Creating Volume: /workdir/hadoop-ozone/integration-test/target/test-dir/MiniOzoneClusterImpl-8a58fefa-0c45-49f9-a99a-9d96e5fc94fa/datanode-0/data/containers/hdds of  storage type : DISK and capacity : 1482555576320
2019-08-23 17:33:36,145 [main] INFO  volume.VolumeSet (VolumeSet.java:initializeVolumeSet(170)) - Added Volume : /workdir/hadoop-ozone/integration-test/target/test-dir/MiniOzoneClusterImpl-8a58fefa-0c45-49f9-a99a-9d96e5fc94fa/datanode-0/data/containers/hdds to VolumeSet
2019-08-23 17:33:36,145 [main] INFO  volume.ThrottledAsyncChecker (ThrottledAsyncChecker.java:schedule(140)) - Scheduling a check for org.apache.hadoop.ozone.container.common.volume.HddsVolume@2f98859a
2019-08-23 17:33:36,146 [main] INFO  volume.HddsVolumeChecker (HddsVolumeChecker.java:checkAllVolumes(203)) - Scheduled health check for volume org.apache.hadoop.ozone.container.common.volume.HddsVolume@2f98859a
2019-08-23 17:33:36,160 [main] INFO  impl.RaftServerProxy (ConfUtils.java:logGet(43)) - raft.rpc.type = GRPC (default)
2019-08-23 17:33:36,160 [main] INFO  grpc.GrpcFactory (GrpcFactory.java:checkPooledByteBufAllocatorUseCacheForAllThreads(45)) - PERFORMANCE WARNING: useCacheForAllThreads is true that may cause Netty to create a lot garbage objects and, as a result, trigger GC.
	It is recommended to disable useCacheForAllThreads by setting -Dorg.apache.ratis.thirdparty.io.netty.allocator.useCacheForAllThreads=false in command line.
2019-08-23 17:33:36,160 [main] INFO  grpc.GrpcConfigKeys$Server (ConfUtils.java:logGet(43)) - raft.grpc.server.port = 0 (default)
2019-08-23 17:33:36,161 [main] INFO  server.GrpcService (ConfUtils.java:logGet(43)) - raft.grpc.message.size.max = 33570816 (custom)
2019-08-23 17:33:36,161 [main] INFO  server.RaftServerConfigKeys (ConfUtils.java:logGet(43)) - raft.server.log.appender.buffer.byte-limit = 33554432 (custom)
2019-08-23 17:33:36,161 [main] INFO  server.GrpcService (ConfUtils.java:logGet(43)) - raft.grpc.flow.control.window = 1MB (=1048576) (default)
2019-08-23 17:33:36,161 [main] INFO  server.RaftServerConfigKeys (ConfUtils.java:logGet(43)) - raft.server.rpc.request.timeout = 3000ms (default)
2019-08-23 17:33:36,162 [main] INFO  server.RaftServerConfigKeys (ConfUtils.java:logGet(43)) - raft.server.storage.dir = [/workdir/hadoop-ozone/integration-test/target/test-dir/MiniOzoneClusterImpl-8a58fefa-0c45-49f9-a99a-9d96e5fc94fa/datanode-0/data/ratis] (custom)
2019-08-23 17:33:36,162 [main] INFO  replication.SimpleContainerDownloader (SimpleContainerDownloader.java:<init>(72)) - Starting container downloader service to copy containers to replicate.
2019-08-23 17:33:36,163 [main] INFO  hdfs.DFSUtil (DFSUtil.java:httpServerTemplateForNNAndJN(1641)) - Starting Web-server for hddsDatanode at: http://0.0.0.0:0
2019-08-23 17:33:36,165 [main] INFO  server.AuthenticationFilter (AuthenticationFilter.java:constructSecretProvider(240)) - Unable to initialize FileSignerSecretProvider, falling back to use random secrets.
2019-08-23 17:33:36,165 [main] WARN  http.HttpRequestLog (HttpRequestLog.java:getRequestLog(97)) - Jetty request log can only be enabled using Log4j
2019-08-23 17:33:36,166 [main] INFO  http.HttpServer2 (HttpServer2.java:addGlobalFilter(975)) - Added global filter 'safety' (class=org.apache.hadoop.http.HttpServer2$QuotingInputFilter)
2019-08-23 17:33:36,166 [main] INFO  http.HttpServer2 (HttpServer2.java:addFilter(948)) - Added filter static_user_filter (class=org.apache.hadoop.http.lib.StaticUserWebFilter$StaticUserFilter) to context hddsDatanode
2019-08-23 17:33:36,167 [main] INFO  http.HttpServer2 (HttpServer2.java:addFilter(958)) - Added filter static_user_filter (class=org.apache.hadoop.http.lib.StaticUserWebFilter$StaticUserFilter) to context logs
2019-08-23 17:33:36,167 [main] INFO  http.HttpServer2 (HttpServer2.java:addFilter(958)) - Added filter static_user_filter (class=org.apache.hadoop.http.lib.StaticUserWebFilter$StaticUserFilter) to context static
2019-08-23 17:33:36,167 [main] INFO  http.HttpServer2 (HttpServer2.java:bindListener(1191)) - Jetty bound to port 39310
2019-08-23 17:33:36,167 [main] INFO  server.Server (Server.java:doStart(351)) - jetty-9.3.24.v20180605, build timestamp: 2018-06-05T17:11:56Z, git hash: 84205aa28f11a4f31f2a3b86d1bba2cc8ab69827
2019-08-23 17:33:36,169 [main] INFO  handler.ContextHandler (ContextHandler.java:doStart(781)) - Started o.e.j.s.ServletContextHandler@7c7d83ff{/logs,file:///workdir/hadoop-ozone/integration-test/target/log,AVAILABLE}
2019-08-23 17:33:36,169 [main] INFO  handler.ContextHandler (ContextHandler.java:doStart(781)) - Started o.e.j.s.ServletContextHandler@21f7c0be{/static,jar:file:/home/user/.m2/repository/org/apache/hadoop/hadoop-hdds-container-service/0.5.0-SNAPSHOT/hadoop-hdds-container-service-0.5.0-SNAPSHOT.jar!/webapps/static,AVAILABLE}
2019-08-23 17:33:36,195 [main] INFO  handler.ContextHandler (ContextHandler.java:doStart(781)) - Started o.e.j.w.WebAppContext@28592982{/,file:///tmp/jetty-0.0.0.0-39310-hddsDatanode-_-any-1388903951052094860.dir/webapp/,AVAILABLE}{/hddsDatanode}
2019-08-23 17:33:36,195 [main] INFO  server.AbstractConnector (AbstractConnector.java:doStart(278)) - Started ServerConnector@caee26e{HTTP/1.1,[http/1.1]}{0.0.0.0:39310}
2019-08-23 17:33:36,197 [main] INFO  server.Server (Server.java:doStart(419)) - Started @601253ms
2019-08-23 17:33:36,197 [main] INFO  server.BaseHttpServer (BaseHttpServer.java:updateConnectorAddress(213)) - HTTP server of HDDSDATANODE is listening at http://0.0.0.0:39310
2019-08-23 17:33:36,332 | INFO  | ObjectStoreRestHttpServer | Listening HDDS REST traffic on /0.0.0.0:36372 |  
2019-08-23 17:33:36,332 [main] INFO  ozone.HddsDatanodeService (HddsDatanodeService.java:startPlugins(395)) - Started plug-in org.apache.hadoop.ozone.web.OzoneHddsDatanodeService@7320bccc
2019-08-23 17:33:36,334 [main] INFO  impl.MetricsSystemImpl (MetricsSystemImpl.java:init(158)) - HddsDatanode metrics system started (again)
2019-08-23 17:33:36,335 [org.apache.hadoop.util.JvmPauseMonitor$Monitor@523ef83] INFO  util.JvmPauseMonitor (JvmPauseMonitor.java:run(188)) - Starting JVM pause monitor
2019-08-23 17:33:36,338 [Datanode State Machine Thread - 0] INFO  datanode.InitDatanodeState (InitDatanodeState.java:persistContainerDatanodeDetails(140)) - DatanodeDetails is persisted to /workdir/hadoop-ozone/integration-test/target/test-dir/MiniOzoneClusterImpl-8a58fefa-0c45-49f9-a99a-9d96e5fc94fa/datanode-0/meta/datanode.id
2019-08-23 17:33:36,338 [main] INFO  ozone.HddsDatanodeService (HddsDatanodeService.java:start(184)) - HddsDatanodeService host:pr-hdds-1898-mkj97-200540441 ip:192.168.69.79
2019-08-23 17:33:36,346 [main] INFO  volume.HddsVolume (HddsVolume.java:<init>(176)) - Creating Volume: /workdir/hadoop-ozone/integration-test/target/test-dir/MiniOzoneClusterImpl-8a58fefa-0c45-49f9-a99a-9d96e5fc94fa/datanode-1/data/containers/hdds of  storage type : DISK and capacity : 1482555576320
2019-08-23 17:33:36,347 [main] INFO  volume.VolumeSet (VolumeSet.java:initializeVolumeSet(170)) - Added Volume : /workdir/hadoop-ozone/integration-test/target/test-dir/MiniOzoneClusterImpl-8a58fefa-0c45-49f9-a99a-9d96e5fc94fa/datanode-1/data/containers/hdds to VolumeSet
2019-08-23 17:33:36,347 [main] INFO  volume.ThrottledAsyncChecker (ThrottledAsyncChecker.java:schedule(140)) - Scheduling a check for org.apache.hadoop.ozone.container.common.volume.HddsVolume@1f13eabb
2019-08-23 17:33:36,347 [main] INFO  volume.HddsVolumeChecker (HddsVolumeChecker.java:checkAllVolumes(203)) - Scheduled health check for volume org.apache.hadoop.ozone.container.common.volume.HddsVolume@1f13eabb
2019-08-23 17:33:36,364 [main] INFO  impl.RaftServerProxy (ConfUtils.java:logGet(43)) - raft.rpc.type = GRPC (default)
2019-08-23 17:33:36,365 [main] INFO  grpc.GrpcFactory (GrpcFactory.java:checkPooledByteBufAllocatorUseCacheForAllThreads(45)) - PERFORMANCE WARNING: useCacheForAllThreads is true that may cause Netty to create a lot garbage objects and, as a result, trigger GC.
	It is recommended to disable useCacheForAllThreads by setting -Dorg.apache.ratis.thirdparty.io.netty.allocator.useCacheForAllThreads=false in command line.
2019-08-23 17:33:36,365 [main] INFO  grpc.GrpcConfigKeys$Server (ConfUtils.java:logGet(43)) - raft.grpc.server.port = 0 (default)
2019-08-23 17:33:36,365 [main] INFO  server.GrpcService (ConfUtils.java:logGet(43)) - raft.grpc.message.size.max = 33570816 (custom)
2019-08-23 17:33:36,365 [main] INFO  server.RaftServerConfigKeys (ConfUtils.java:logGet(43)) - raft.server.log.appender.buffer.byte-limit = 33554432 (custom)
2019-08-23 17:33:36,366 [main] INFO  server.GrpcService (ConfUtils.java:logGet(43)) - raft.grpc.flow.control.window = 1MB (=1048576) (default)
2019-08-23 17:33:36,366 [main] INFO  server.RaftServerConfigKeys (ConfUtils.java:logGet(43)) - raft.server.rpc.request.timeout = 3000ms (default)
2019-08-23 17:33:36,366 [main] INFO  server.RaftServerConfigKeys (ConfUtils.java:logGet(43)) - raft.server.storage.dir = [/workdir/hadoop-ozone/integration-test/target/test-dir/MiniOzoneClusterImpl-8a58fefa-0c45-49f9-a99a-9d96e5fc94fa/datanode-1/data/ratis] (custom)
2019-08-23 17:33:36,367 [main] INFO  replication.SimpleContainerDownloader (SimpleContainerDownloader.java:<init>(72)) - Starting container downloader service to copy containers to replicate.
2019-08-23 17:33:36,369 [main] INFO  hdfs.DFSUtil (DFSUtil.java:httpServerTemplateForNNAndJN(1641)) - Starting Web-server for hddsDatanode at: http://0.0.0.0:0
2019-08-23 17:33:36,371 [main] INFO  server.AuthenticationFilter (AuthenticationFilter.java:constructSecretProvider(240)) - Unable to initialize FileSignerSecretProvider, falling back to use random secrets.
2019-08-23 17:33:36,372 [main] WARN  http.HttpRequestLog (HttpRequestLog.java:getRequestLog(97)) - Jetty request log can only be enabled using Log4j
2019-08-23 17:33:36,373 [main] INFO  http.HttpServer2 (HttpServer2.java:addGlobalFilter(975)) - Added global filter 'safety' (class=org.apache.hadoop.http.HttpServer2$QuotingInputFilter)
2019-08-23 17:33:36,374 [main] INFO  http.HttpServer2 (HttpServer2.java:addFilter(948)) - Added filter static_user_filter (class=org.apache.hadoop.http.lib.StaticUserWebFilter$StaticUserFilter) to context hddsDatanode
2019-08-23 17:33:36,374 [main] INFO  http.HttpServer2 (HttpServer2.java:addFilter(958)) - Added filter static_user_filter (class=org.apache.hadoop.http.lib.StaticUserWebFilter$StaticUserFilter) to context static
2019-08-23 17:33:36,374 [main] INFO  http.HttpServer2 (HttpServer2.java:addFilter(958)) - Added filter static_user_filter (class=org.apache.hadoop.http.lib.StaticUserWebFilter$StaticUserFilter) to context logs
2019-08-23 17:33:36,375 [main] INFO  http.HttpServer2 (HttpServer2.java:bindListener(1191)) - Jetty bound to port 36138
2019-08-23 17:33:36,375 [main] INFO  server.Server (Server.java:doStart(351)) - jetty-9.3.24.v20180605, build timestamp: 2018-06-05T17:11:56Z, git hash: 84205aa28f11a4f31f2a3b86d1bba2cc8ab69827
2019-08-23 17:33:36,376 [main] INFO  handler.ContextHandler (ContextHandler.java:doStart(781)) - Started o.e.j.s.ServletContextHandler@197c3101{/logs,file:///workdir/hadoop-ozone/integration-test/target/log,AVAILABLE}
2019-08-23 17:33:36,377 [main] INFO  handler.ContextHandler (ContextHandler.java:doStart(781)) - Started o.e.j.s.ServletContextHandler@4d65fbad{/static,jar:file:/home/user/.m2/repository/org/apache/hadoop/hadoop-hdds-container-service/0.5.0-SNAPSHOT/hadoop-hdds-container-service-0.5.0-SNAPSHOT.jar!/webapps/static,AVAILABLE}
2019-08-23 17:33:36,404 [main] INFO  handler.ContextHandler (ContextHandler.java:doStart(781)) - Started o.e.j.w.WebAppContext@87cb1d8{/,file:///tmp/jetty-0.0.0.0-36138-hddsDatanode-_-any-1250719189931864819.dir/webapp/,AVAILABLE}{/hddsDatanode}
2019-08-23 17:33:36,405 [main] INFO  server.AbstractConnector (AbstractConnector.java:doStart(278)) - Started ServerConnector@14d7a962{HTTP/1.1,[http/1.1]}{0.0.0.0:36138}
2019-08-23 17:33:36,406 [main] INFO  server.Server (Server.java:doStart(419)) - Started @601462ms
2019-08-23 17:33:36,406 [main] INFO  server.BaseHttpServer (BaseHttpServer.java:updateConnectorAddress(213)) - HTTP server of HDDSDATANODE is listening at http://0.0.0.0:36138
2019-08-23 17:33:36,802 | INFO  | ObjectStoreRestHttpServer | Listening HDDS REST traffic on /0.0.0.0:45132 |  
2019-08-23 17:33:36,803 [main] INFO  ozone.HddsDatanodeService (HddsDatanodeService.java:startPlugins(395)) - Started plug-in org.apache.hadoop.ozone.web.OzoneHddsDatanodeService@174da9a0
2019-08-23 17:33:36,803 [main] INFO  impl.MetricsSystemImpl (MetricsSystemImpl.java:init(158)) - HddsDatanode metrics system started (again)
2019-08-23 17:33:36,805 [org.apache.hadoop.util.JvmPauseMonitor$Monitor@24d57552] INFO  util.JvmPauseMonitor (JvmPauseMonitor.java:run(188)) - Starting JVM pause monitor
2019-08-23 17:33:36,805 [main] INFO  ozone.HddsDatanodeService (HddsDatanodeService.java:start(184)) - HddsDatanodeService host:pr-hdds-1898-mkj97-200540441 ip:192.168.69.79
2019-08-23 17:33:36,806 [Datanode State Machine Thread - 0] INFO  datanode.InitDatanodeState (InitDatanodeState.java:persistContainerDatanodeDetails(140)) - DatanodeDetails is persisted to /workdir/hadoop-ozone/integration-test/target/test-dir/MiniOzoneClusterImpl-8a58fefa-0c45-49f9-a99a-9d96e5fc94fa/datanode-1/meta/datanode.id
2019-08-23 17:33:36,814 [main] INFO  volume.HddsVolume (HddsVolume.java:<init>(176)) - Creating Volume: /workdir/hadoop-ozone/integration-test/target/test-dir/MiniOzoneClusterImpl-8a58fefa-0c45-49f9-a99a-9d96e5fc94fa/datanode-2/data/containers/hdds of  storage type : DISK and capacity : 1482555576320
2019-08-23 17:33:36,814 [main] INFO  volume.VolumeSet (VolumeSet.java:initializeVolumeSet(170)) - Added Volume : /workdir/hadoop-ozone/integration-test/target/test-dir/MiniOzoneClusterImpl-8a58fefa-0c45-49f9-a99a-9d96e5fc94fa/datanode-2/data/containers/hdds to VolumeSet
2019-08-23 17:33:36,815 [main] INFO  volume.ThrottledAsyncChecker (ThrottledAsyncChecker.java:schedule(140)) - Scheduling a check for org.apache.hadoop.ozone.container.common.volume.HddsVolume@34986491
2019-08-23 17:33:36,815 [main] INFO  volume.HddsVolumeChecker (HddsVolumeChecker.java:checkAllVolumes(203)) - Scheduled health check for volume org.apache.hadoop.ozone.container.common.volume.HddsVolume@34986491
2019-08-23 17:33:36,832 [main] INFO  impl.RaftServerProxy (ConfUtils.java:logGet(43)) - raft.rpc.type = GRPC (default)
2019-08-23 17:33:36,832 [main] INFO  grpc.GrpcFactory (GrpcFactory.java:checkPooledByteBufAllocatorUseCacheForAllThreads(45)) - PERFORMANCE WARNING: useCacheForAllThreads is true that may cause Netty to create a lot garbage objects and, as a result, trigger GC.
	It is recommended to disable useCacheForAllThreads by setting -Dorg.apache.ratis.thirdparty.io.netty.allocator.useCacheForAllThreads=false in command line.
2019-08-23 17:33:36,832 [main] INFO  grpc.GrpcConfigKeys$Server (ConfUtils.java:logGet(43)) - raft.grpc.server.port = 0 (default)
2019-08-23 17:33:36,832 [main] INFO  server.GrpcService (ConfUtils.java:logGet(43)) - raft.grpc.message.size.max = 33570816 (custom)
2019-08-23 17:33:36,833 [main] INFO  server.RaftServerConfigKeys (ConfUtils.java:logGet(43)) - raft.server.log.appender.buffer.byte-limit = 33554432 (custom)
2019-08-23 17:33:36,833 [main] INFO  server.GrpcService (ConfUtils.java:logGet(43)) - raft.grpc.flow.control.window = 1MB (=1048576) (default)
2019-08-23 17:33:36,833 [main] INFO  server.RaftServerConfigKeys (ConfUtils.java:logGet(43)) - raft.server.rpc.request.timeout = 3000ms (default)
2019-08-23 17:33:36,834 [main] INFO  server.RaftServerConfigKeys (ConfUtils.java:logGet(43)) - raft.server.storage.dir = [/workdir/hadoop-ozone/integration-test/target/test-dir/MiniOzoneClusterImpl-8a58fefa-0c45-49f9-a99a-9d96e5fc94fa/datanode-2/data/ratis] (custom)
2019-08-23 17:33:36,834 [main] INFO  replication.SimpleContainerDownloader (SimpleContainerDownloader.java:<init>(72)) - Starting container downloader service to copy containers to replicate.
2019-08-23 17:33:36,835 [main] INFO  hdfs.DFSUtil (DFSUtil.java:httpServerTemplateForNNAndJN(1641)) - Starting Web-server for hddsDatanode at: http://0.0.0.0:0
2019-08-23 17:33:36,837 [main] INFO  server.AuthenticationFilter (AuthenticationFilter.java:constructSecretProvider(240)) - Unable to initialize FileSignerSecretProvider, falling back to use random secrets.
2019-08-23 17:33:36,837 [main] WARN  http.HttpRequestLog (HttpRequestLog.java:getRequestLog(97)) - Jetty request log can only be enabled using Log4j
2019-08-23 17:33:36,839 [main] INFO  http.HttpServer2 (HttpServer2.java:addGlobalFilter(975)) - Added global filter 'safety' (class=org.apache.hadoop.http.HttpServer2$QuotingInputFilter)
2019-08-23 17:33:36,840 [main] INFO  http.HttpServer2 (HttpServer2.java:addFilter(948)) - Added filter static_user_filter (class=org.apache.hadoop.http.lib.StaticUserWebFilter$StaticUserFilter) to context hddsDatanode
2019-08-23 17:33:36,840 [main] INFO  http.HttpServer2 (HttpServer2.java:addFilter(958)) - Added filter static_user_filter (class=org.apache.hadoop.http.lib.StaticUserWebFilter$StaticUserFilter) to context static
2019-08-23 17:33:36,840 [main] INFO  http.HttpServer2 (HttpServer2.java:addFilter(958)) - Added filter static_user_filter (class=org.apache.hadoop.http.lib.StaticUserWebFilter$StaticUserFilter) to context logs
2019-08-23 17:33:36,841 [main] INFO  http.HttpServer2 (HttpServer2.java:bindListener(1191)) - Jetty bound to port 36247
2019-08-23 17:33:36,841 [main] INFO  server.Server (Server.java:doStart(351)) - jetty-9.3.24.v20180605, build timestamp: 2018-06-05T17:11:56Z, git hash: 84205aa28f11a4f31f2a3b86d1bba2cc8ab69827
2019-08-23 17:33:36,843 [main] INFO  handler.ContextHandler (ContextHandler.java:doStart(781)) - Started o.e.j.s.ServletContextHandler@22cbbe87{/logs,file:///workdir/hadoop-ozone/integration-test/target/log,AVAILABLE}
2019-08-23 17:33:36,844 [main] INFO  handler.ContextHandler (ContextHandler.java:doStart(781)) - Started o.e.j.s.ServletContextHandler@1d1c5bb5{/static,jar:file:/home/user/.m2/repository/org/apache/hadoop/hadoop-hdds-container-service/0.5.0-SNAPSHOT/hadoop-hdds-container-service-0.5.0-SNAPSHOT.jar!/webapps/static,AVAILABLE}
2019-08-23 17:33:36,881 [main] INFO  handler.ContextHandler (ContextHandler.java:doStart(781)) - Started o.e.j.w.WebAppContext@7b0a69b9{/,file:///tmp/jetty-0.0.0.0-36247-hddsDatanode-_-any-282213609309063043.dir/webapp/,AVAILABLE}{/hddsDatanode}
2019-08-23 17:33:36,881 [main] INFO  server.AbstractConnector (AbstractConnector.java:doStart(278)) - Started ServerConnector@6d398b6c{HTTP/1.1,[http/1.1]}{0.0.0.0:36247}
2019-08-23 17:33:36,883 [main] INFO  server.Server (Server.java:doStart(419)) - Started @601939ms
2019-08-23 17:33:36,883 [main] INFO  server.BaseHttpServer (BaseHttpServer.java:updateConnectorAddress(213)) - HTTP server of HDDSDATANODE is listening at http://0.0.0.0:36247
2019-08-23 17:33:37,001 | INFO  | ObjectStoreRestHttpServer | Listening HDDS REST traffic on /0.0.0.0:45653 |  
2019-08-23 17:33:37,001 [main] INFO  ozone.HddsDatanodeService (HddsDatanodeService.java:startPlugins(395)) - Started plug-in org.apache.hadoop.ozone.web.OzoneHddsDatanodeService@45c270f9
2019-08-23 17:33:37,002 [main] INFO  impl.MetricsSystemImpl (MetricsSystemImpl.java:init(158)) - HddsDatanode metrics system started (again)
2019-08-23 17:33:37,004 [org.apache.hadoop.util.JvmPauseMonitor$Monitor@221807e5] INFO  util.JvmPauseMonitor (JvmPauseMonitor.java:run(188)) - Starting JVM pause monitor
2019-08-23 17:33:37,005 [main] INFO  ozone.HddsDatanodeService (HddsDatanodeService.java:start(184)) - HddsDatanodeService host:pr-hdds-1898-mkj97-200540441 ip:192.168.69.79
2019-08-23 17:33:37,005 [Datanode State Machine Thread - 0] INFO  datanode.InitDatanodeState (InitDatanodeState.java:persistContainerDatanodeDetails(140)) - DatanodeDetails is persisted to /workdir/hadoop-ozone/integration-test/target/test-dir/MiniOzoneClusterImpl-8a58fefa-0c45-49f9-a99a-9d96e5fc94fa/datanode-2/meta/datanode.id
2019-08-23 17:33:37,013 [main] INFO  volume.HddsVolume (HddsVolume.java:<init>(176)) - Creating Volume: /workdir/hadoop-ozone/integration-test/target/test-dir/MiniOzoneClusterImpl-8a58fefa-0c45-49f9-a99a-9d96e5fc94fa/datanode-3/data/containers/hdds of  storage type : DISK and capacity : 1482555576320
2019-08-23 17:33:37,013 [main] INFO  volume.VolumeSet (VolumeSet.java:initializeVolumeSet(170)) - Added Volume : /workdir/hadoop-ozone/integration-test/target/test-dir/MiniOzoneClusterImpl-8a58fefa-0c45-49f9-a99a-9d96e5fc94fa/datanode-3/data/containers/hdds to VolumeSet
2019-08-23 17:33:37,013 [main] INFO  volume.ThrottledAsyncChecker (ThrottledAsyncChecker.java:schedule(140)) - Scheduling a check for org.apache.hadoop.ozone.container.common.volume.HddsVolume@213d5189
2019-08-23 17:33:37,014 [main] INFO  volume.HddsVolumeChecker (HddsVolumeChecker.java:checkAllVolumes(203)) - Scheduled health check for volume org.apache.hadoop.ozone.container.common.volume.HddsVolume@213d5189
2019-08-23 17:33:37,032 [main] INFO  impl.RaftServerProxy (ConfUtils.java:logGet(43)) - raft.rpc.type = GRPC (default)
2019-08-23 17:33:37,033 [main] INFO  grpc.GrpcFactory (GrpcFactory.java:checkPooledByteBufAllocatorUseCacheForAllThreads(45)) - PERFORMANCE WARNING: useCacheForAllThreads is true that may cause Netty to create a lot garbage objects and, as a result, trigger GC.
	It is recommended to disable useCacheForAllThreads by setting -Dorg.apache.ratis.thirdparty.io.netty.allocator.useCacheForAllThreads=false in command line.
2019-08-23 17:33:37,033 [main] INFO  grpc.GrpcConfigKeys$Server (ConfUtils.java:logGet(43)) - raft.grpc.server.port = 0 (default)
2019-08-23 17:33:37,033 [main] INFO  server.GrpcService (ConfUtils.java:logGet(43)) - raft.grpc.message.size.max = 33570816 (custom)
2019-08-23 17:33:37,033 [main] INFO  server.RaftServerConfigKeys (ConfUtils.java:logGet(43)) - raft.server.log.appender.buffer.byte-limit = 33554432 (custom)
2019-08-23 17:33:37,034 [main] INFO  server.GrpcService (ConfUtils.java:logGet(43)) - raft.grpc.flow.control.window = 1MB (=1048576) (default)
2019-08-23 17:33:37,034 [main] INFO  server.RaftServerConfigKeys (ConfUtils.java:logGet(43)) - raft.server.rpc.request.timeout = 3000ms (default)
2019-08-23 17:33:37,034 [main] INFO  server.RaftServerConfigKeys (ConfUtils.java:logGet(43)) - raft.server.storage.dir = [/workdir/hadoop-ozone/integration-test/target/test-dir/MiniOzoneClusterImpl-8a58fefa-0c45-49f9-a99a-9d96e5fc94fa/datanode-3/data/ratis] (custom)
2019-08-23 17:33:37,035 [main] INFO  replication.SimpleContainerDownloader (SimpleContainerDownloader.java:<init>(72)) - Starting container downloader service to copy containers to replicate.
2019-08-23 17:33:37,036 [main] INFO  hdfs.DFSUtil (DFSUtil.java:httpServerTemplateForNNAndJN(1641)) - Starting Web-server for hddsDatanode at: http://0.0.0.0:0
2019-08-23 17:33:37,037 [main] INFO  server.AuthenticationFilter (AuthenticationFilter.java:constructSecretProvider(240)) - Unable to initialize FileSignerSecretProvider, falling back to use random secrets.
2019-08-23 17:33:37,038 [main] WARN  http.HttpRequestLog (HttpRequestLog.java:getRequestLog(97)) - Jetty request log can only be enabled using Log4j
2019-08-23 17:33:37,040 [main] INFO  http.HttpServer2 (HttpServer2.java:addGlobalFilter(975)) - Added global filter 'safety' (class=org.apache.hadoop.http.HttpServer2$QuotingInputFilter)
2019-08-23 17:33:37,041 [main] INFO  http.HttpServer2 (HttpServer2.java:addFilter(948)) - Added filter static_user_filter (class=org.apache.hadoop.http.lib.StaticUserWebFilter$StaticUserFilter) to context hddsDatanode
2019-08-23 17:33:37,041 [main] INFO  http.HttpServer2 (HttpServer2.java:addFilter(958)) - Added filter static_user_filter (class=org.apache.hadoop.http.lib.StaticUserWebFilter$StaticUserFilter) to context logs
2019-08-23 17:33:37,041 [main] INFO  http.HttpServer2 (HttpServer2.java:addFilter(958)) - Added filter static_user_filter (class=org.apache.hadoop.http.lib.StaticUserWebFilter$StaticUserFilter) to context static
2019-08-23 17:33:37,042 [main] INFO  http.HttpServer2 (HttpServer2.java:bindListener(1191)) - Jetty bound to port 37309
2019-08-23 17:33:37,042 [main] INFO  server.Server (Server.java:doStart(351)) - jetty-9.3.24.v20180605, build timestamp: 2018-06-05T17:11:56Z, git hash: 84205aa28f11a4f31f2a3b86d1bba2cc8ab69827
2019-08-23 17:33:37,043 [main] INFO  handler.ContextHandler (ContextHandler.java:doStart(781)) - Started o.e.j.s.ServletContextHandler@7baf7a9d{/logs,file:///workdir/hadoop-ozone/integration-test/target/log,AVAILABLE}
2019-08-23 17:33:37,044 [main] INFO  handler.ContextHandler (ContextHandler.java:doStart(781)) - Started o.e.j.s.ServletContextHandler@27879518{/static,jar:file:/home/user/.m2/repository/org/apache/hadoop/hadoop-hdds-container-service/0.5.0-SNAPSHOT/hadoop-hdds-container-service-0.5.0-SNAPSHOT.jar!/webapps/static,AVAILABLE}
2019-08-23 17:33:37,071 [main] INFO  handler.ContextHandler (ContextHandler.java:doStart(781)) - Started o.e.j.w.WebAppContext@6b862f17{/,file:///tmp/jetty-0.0.0.0-37309-hddsDatanode-_-any-3727685223233615124.dir/webapp/,AVAILABLE}{/hddsDatanode}
2019-08-23 17:33:37,072 [main] INFO  server.AbstractConnector (AbstractConnector.java:doStart(278)) - Started ServerConnector@7e3b101b{HTTP/1.1,[http/1.1]}{0.0.0.0:37309}
2019-08-23 17:33:37,073 [main] INFO  server.Server (Server.java:doStart(419)) - Started @602129ms
2019-08-23 17:33:37,074 [main] INFO  server.BaseHttpServer (BaseHttpServer.java:updateConnectorAddress(213)) - HTTP server of HDDSDATANODE is listening at http://0.0.0.0:37309
2019-08-23 17:33:37,189 | INFO  | ObjectStoreRestHttpServer | Listening HDDS REST traffic on /0.0.0.0:36327 |  
2019-08-23 17:33:37,189 [main] INFO  ozone.HddsDatanodeService (HddsDatanodeService.java:startPlugins(395)) - Started plug-in org.apache.hadoop.ozone.web.OzoneHddsDatanodeService@156b31d
2019-08-23 17:33:37,189 [main] INFO  impl.MetricsSystemImpl (MetricsSystemImpl.java:init(158)) - HddsDatanode metrics system started (again)
2019-08-23 17:33:37,192 [org.apache.hadoop.util.JvmPauseMonitor$Monitor@39e740a1] INFO  util.JvmPauseMonitor (JvmPauseMonitor.java:run(188)) - Starting JVM pause monitor
2019-08-23 17:33:37,192 [main] INFO  ozone.HddsDatanodeService (HddsDatanodeService.java:start(184)) - HddsDatanodeService host:pr-hdds-1898-mkj97-200540441 ip:192.168.69.79
2019-08-23 17:33:37,193 [Datanode State Machine Thread - 0] INFO  datanode.InitDatanodeState (InitDatanodeState.java:persistContainerDatanodeDetails(140)) - DatanodeDetails is persisted to /workdir/hadoop-ozone/integration-test/target/test-dir/MiniOzoneClusterImpl-8a58fefa-0c45-49f9-a99a-9d96e5fc94fa/datanode-3/meta/datanode.id
2019-08-23 17:33:37,199 [main] INFO  volume.HddsVolume (HddsVolume.java:<init>(176)) - Creating Volume: /workdir/hadoop-ozone/integration-test/target/test-dir/MiniOzoneClusterImpl-8a58fefa-0c45-49f9-a99a-9d96e5fc94fa/datanode-4/data/containers/hdds of  storage type : DISK and capacity : 1482555576320
2019-08-23 17:33:37,200 [main] INFO  volume.VolumeSet (VolumeSet.java:initializeVolumeSet(170)) - Added Volume : /workdir/hadoop-ozone/integration-test/target/test-dir/MiniOzoneClusterImpl-8a58fefa-0c45-49f9-a99a-9d96e5fc94fa/datanode-4/data/containers/hdds to VolumeSet
2019-08-23 17:33:37,200 [main] INFO  volume.ThrottledAsyncChecker (ThrottledAsyncChecker.java:schedule(140)) - Scheduling a check for org.apache.hadoop.ozone.container.common.volume.HddsVolume@4aa4bfa1
2019-08-23 17:33:37,200 [main] INFO  volume.HddsVolumeChecker (HddsVolumeChecker.java:checkAllVolumes(203)) - Scheduled health check for volume org.apache.hadoop.ozone.container.common.volume.HddsVolume@4aa4bfa1
2019-08-23 17:33:37,212 [main] INFO  impl.RaftServerProxy (ConfUtils.java:logGet(43)) - raft.rpc.type = GRPC (default)
2019-08-23 17:33:37,212 [main] INFO  grpc.GrpcFactory (GrpcFactory.java:checkPooledByteBufAllocatorUseCacheForAllThreads(45)) - PERFORMANCE WARNING: useCacheForAllThreads is true that may cause Netty to create a lot garbage objects and, as a result, trigger GC.
	It is recommended to disable useCacheForAllThreads by setting -Dorg.apache.ratis.thirdparty.io.netty.allocator.useCacheForAllThreads=false in command line.
2019-08-23 17:33:37,212 [main] INFO  grpc.GrpcConfigKeys$Server (ConfUtils.java:logGet(43)) - raft.grpc.server.port = 0 (default)
2019-08-23 17:33:37,213 [main] INFO  server.GrpcService (ConfUtils.java:logGet(43)) - raft.grpc.message.size.max = 33570816 (custom)
2019-08-23 17:33:37,213 [main] INFO  server.RaftServerConfigKeys (ConfUtils.java:logGet(43)) - raft.server.log.appender.buffer.byte-limit = 33554432 (custom)
2019-08-23 17:33:37,213 [main] INFO  server.GrpcService (ConfUtils.java:logGet(43)) - raft.grpc.flow.control.window = 1MB (=1048576) (default)
2019-08-23 17:33:37,213 [main] INFO  server.RaftServerConfigKeys (ConfUtils.java:logGet(43)) - raft.server.rpc.request.timeout = 3000ms (default)
2019-08-23 17:33:37,213 [main] INFO  server.RaftServerConfigKeys (ConfUtils.java:logGet(43)) - raft.server.storage.dir = [/workdir/hadoop-ozone/integration-test/target/test-dir/MiniOzoneClusterImpl-8a58fefa-0c45-49f9-a99a-9d96e5fc94fa/datanode-4/data/ratis] (custom)
2019-08-23 17:33:37,214 [main] INFO  replication.SimpleContainerDownloader (SimpleContainerDownloader.java:<init>(72)) - Starting container downloader service to copy containers to replicate.
2019-08-23 17:33:37,215 [main] INFO  hdfs.DFSUtil (DFSUtil.java:httpServerTemplateForNNAndJN(1641)) - Starting Web-server for hddsDatanode at: http://0.0.0.0:0
2019-08-23 17:33:37,216 [main] INFO  server.AuthenticationFilter (AuthenticationFilter.java:constructSecretProvider(240)) - Unable to initialize FileSignerSecretProvider, falling back to use random secrets.
2019-08-23 17:33:37,217 [main] WARN  http.HttpRequestLog (HttpRequestLog.java:getRequestLog(97)) - Jetty request log can only be enabled using Log4j
2019-08-23 17:33:37,218 [main] INFO  http.HttpServer2 (HttpServer2.java:addGlobalFilter(975)) - Added global filter 'safety' (class=org.apache.hadoop.http.HttpServer2$QuotingInputFilter)
2019-08-23 17:33:37,219 [main] INFO  http.HttpServer2 (HttpServer2.java:addFilter(948)) - Added filter static_user_filter (class=org.apache.hadoop.http.lib.StaticUserWebFilter$StaticUserFilter) to context hddsDatanode
2019-08-23 17:33:37,219 [main] INFO  http.HttpServer2 (HttpServer2.java:addFilter(958)) - Added filter static_user_filter (class=org.apache.hadoop.http.lib.StaticUserWebFilter$StaticUserFilter) to context static
2019-08-23 17:33:37,219 [main] INFO  http.HttpServer2 (HttpServer2.java:addFilter(958)) - Added filter static_user_filter (class=org.apache.hadoop.http.lib.StaticUserWebFilter$StaticUserFilter) to context logs
2019-08-23 17:33:37,220 [main] INFO  http.HttpServer2 (HttpServer2.java:bindListener(1191)) - Jetty bound to port 42508
2019-08-23 17:33:37,220 [main] INFO  server.Server (Server.java:doStart(351)) - jetty-9.3.24.v20180605, build timestamp: 2018-06-05T17:11:56Z, git hash: 84205aa28f11a4f31f2a3b86d1bba2cc8ab69827
2019-08-23 17:33:37,221 [main] INFO  handler.ContextHandler (ContextHandler.java:doStart(781)) - Started o.e.j.s.ServletContextHandler@55fb9e52{/logs,file:///workdir/hadoop-ozone/integration-test/target/log,AVAILABLE}
2019-08-23 17:33:37,221 [main] INFO  handler.ContextHandler (ContextHandler.java:doStart(781)) - Started o.e.j.s.ServletContextHandler@76cf849f{/static,jar:file:/home/user/.m2/repository/org/apache/hadoop/hadoop-hdds-container-service/0.5.0-SNAPSHOT/hadoop-hdds-container-service-0.5.0-SNAPSHOT.jar!/webapps/static,AVAILABLE}
2019-08-23 17:33:37,248 [main] INFO  handler.ContextHandler (ContextHandler.java:doStart(781)) - Started o.e.j.w.WebAppContext@a824f87{/,file:///tmp/jetty-0.0.0.0-42508-hddsDatanode-_-any-3735712506567457037.dir/webapp/,AVAILABLE}{/hddsDatanode}
2019-08-23 17:33:37,248 [main] INFO  server.AbstractConnector (AbstractConnector.java:doStart(278)) - Started ServerConnector@6789b471{HTTP/1.1,[http/1.1]}{0.0.0.0:42508}
2019-08-23 17:33:37,249 [main] INFO  server.Server (Server.java:doStart(419)) - Started @602306ms
2019-08-23 17:33:37,250 [main] INFO  server.BaseHttpServer (BaseHttpServer.java:updateConnectorAddress(213)) - HTTP server of HDDSDATANODE is listening at http://0.0.0.0:42508
2019-08-23 17:33:37,367 | INFO  | ObjectStoreRestHttpServer | Listening HDDS REST traffic on /0.0.0.0:41904 |  
2019-08-23 17:33:37,367 [main] INFO  ozone.HddsDatanodeService (HddsDatanodeService.java:startPlugins(395)) - Started plug-in org.apache.hadoop.ozone.web.OzoneHddsDatanodeService@70882cb7
2019-08-23 17:33:37,368 [main] INFO  impl.MetricsSystemImpl (MetricsSystemImpl.java:init(158)) - HddsDatanode metrics system started (again)
2019-08-23 17:33:37,371 [main] INFO  ozone.HddsDatanodeService (HddsDatanodeService.java:start(184)) - HddsDatanodeService host:pr-hdds-1898-mkj97-200540441 ip:192.168.69.79
2019-08-23 17:33:37,375 [org.apache.hadoop.util.JvmPauseMonitor$Monitor@852678c] INFO  util.JvmPauseMonitor (JvmPauseMonitor.java:run(188)) - Starting JVM pause monitor
2019-08-23 17:33:37,376 [Datanode State Machine Thread - 0] INFO  datanode.InitDatanodeState (InitDatanodeState.java:persistContainerDatanodeDetails(140)) - DatanodeDetails is persisted to /workdir/hadoop-ozone/integration-test/target/test-dir/MiniOzoneClusterImpl-8a58fefa-0c45-49f9-a99a-9d96e5fc94fa/datanode-4/meta/datanode.id
2019-08-23 17:33:37,380 [main] INFO  volume.HddsVolume (HddsVolume.java:<init>(176)) - Creating Volume: /workdir/hadoop-ozone/integration-test/target/test-dir/MiniOzoneClusterImpl-8a58fefa-0c45-49f9-a99a-9d96e5fc94fa/datanode-5/data/containers/hdds of  storage type : DISK and capacity : 1482555576320
2019-08-23 17:33:37,381 [main] INFO  volume.VolumeSet (VolumeSet.java:initializeVolumeSet(170)) - Added Volume : /workdir/hadoop-ozone/integration-test/target/test-dir/MiniOzoneClusterImpl-8a58fefa-0c45-49f9-a99a-9d96e5fc94fa/datanode-5/data/containers/hdds to VolumeSet
2019-08-23 17:33:37,381 [main] INFO  volume.ThrottledAsyncChecker (ThrottledAsyncChecker.java:schedule(140)) - Scheduling a check for org.apache.hadoop.ozone.container.common.volume.HddsVolume@2eebb07
2019-08-23 17:33:37,381 [main] INFO  volume.HddsVolumeChecker (HddsVolumeChecker.java:checkAllVolumes(203)) - Scheduled health check for volume org.apache.hadoop.ozone.container.common.volume.HddsVolume@2eebb07
2019-08-23 17:33:37,396 [main] INFO  impl.RaftServerProxy (ConfUtils.java:logGet(43)) - raft.rpc.type = GRPC (default)
2019-08-23 17:33:37,397 [main] INFO  grpc.GrpcFactory (GrpcFactory.java:checkPooledByteBufAllocatorUseCacheForAllThreads(45)) - PERFORMANCE WARNING: useCacheForAllThreads is true that may cause Netty to create a lot garbage objects and, as a result, trigger GC.
	It is recommended to disable useCacheForAllThreads by setting -Dorg.apache.ratis.thirdparty.io.netty.allocator.useCacheForAllThreads=false in command line.
2019-08-23 17:33:37,397 [main] INFO  grpc.GrpcConfigKeys$Server (ConfUtils.java:logGet(43)) - raft.grpc.server.port = 0 (default)
2019-08-23 17:33:37,397 [main] INFO  server.GrpcService (ConfUtils.java:logGet(43)) - raft.grpc.message.size.max = 33570816 (custom)
2019-08-23 17:33:37,397 [main] INFO  server.RaftServerConfigKeys (ConfUtils.java:logGet(43)) - raft.server.log.appender.buffer.byte-limit = 33554432 (custom)
2019-08-23 17:33:37,397 [main] INFO  server.GrpcService (ConfUtils.java:logGet(43)) - raft.grpc.flow.control.window = 1MB (=1048576) (default)
2019-08-23 17:33:37,397 [main] INFO  server.RaftServerConfigKeys (ConfUtils.java:logGet(43)) - raft.server.rpc.request.timeout = 3000ms (default)
2019-08-23 17:33:37,398 [main] INFO  server.RaftServerConfigKeys (ConfUtils.java:logGet(43)) - raft.server.storage.dir = [/workdir/hadoop-ozone/integration-test/target/test-dir/MiniOzoneClusterImpl-8a58fefa-0c45-49f9-a99a-9d96e5fc94fa/datanode-5/data/ratis] (custom)
2019-08-23 17:33:37,398 [main] INFO  replication.SimpleContainerDownloader (SimpleContainerDownloader.java:<init>(72)) - Starting container downloader service to copy containers to replicate.
2019-08-23 17:33:37,399 [main] INFO  hdfs.DFSUtil (DFSUtil.java:httpServerTemplateForNNAndJN(1641)) - Starting Web-server for hddsDatanode at: http://0.0.0.0:0
2019-08-23 17:33:37,400 [main] INFO  server.AuthenticationFilter (AuthenticationFilter.java:constructSecretProvider(240)) - Unable to initialize FileSignerSecretProvider, falling back to use random secrets.
2019-08-23 17:33:37,401 [main] WARN  http.HttpRequestLog (HttpRequestLog.java:getRequestLog(97)) - Jetty request log can only be enabled using Log4j
2019-08-23 17:33:37,402 [main] INFO  http.HttpServer2 (HttpServer2.java:addGlobalFilter(975)) - Added global filter 'safety' (class=org.apache.hadoop.http.HttpServer2$QuotingInputFilter)
2019-08-23 17:33:37,402 [main] INFO  http.HttpServer2 (HttpServer2.java:addFilter(948)) - Added filter static_user_filter (class=org.apache.hadoop.http.lib.StaticUserWebFilter$StaticUserFilter) to context hddsDatanode
2019-08-23 17:33:37,403 [main] INFO  http.HttpServer2 (HttpServer2.java:addFilter(958)) - Added filter static_user_filter (class=org.apache.hadoop.http.lib.StaticUserWebFilter$StaticUserFilter) to context logs
2019-08-23 17:33:37,403 [main] INFO  http.HttpServer2 (HttpServer2.java:addFilter(958)) - Added filter static_user_filter (class=org.apache.hadoop.http.lib.StaticUserWebFilter$StaticUserFilter) to context static
2019-08-23 17:33:37,403 [main] INFO  http.HttpServer2 (HttpServer2.java:bindListener(1191)) - Jetty bound to port 36517
2019-08-23 17:33:37,403 [main] INFO  server.Server (Server.java:doStart(351)) - jetty-9.3.24.v20180605, build timestamp: 2018-06-05T17:11:56Z, git hash: 84205aa28f11a4f31f2a3b86d1bba2cc8ab69827
2019-08-23 17:33:37,405 [main] INFO  handler.ContextHandler (ContextHandler.java:doStart(781)) - Started o.e.j.s.ServletContextHandler@5c1605e2{/logs,file:///workdir/hadoop-ozone/integration-test/target/log,AVAILABLE}
2019-08-23 17:33:37,405 [main] INFO  handler.ContextHandler (ContextHandler.java:doStart(781)) - Started o.e.j.s.ServletContextHandler@7536ef0f{/static,jar:file:/home/user/.m2/repository/org/apache/hadoop/hadoop-hdds-container-service/0.5.0-SNAPSHOT/hadoop-hdds-container-service-0.5.0-SNAPSHOT.jar!/webapps/static,AVAILABLE}
2019-08-23 17:33:37,431 [main] INFO  handler.ContextHandler (ContextHandler.java:doStart(781)) - Started o.e.j.w.WebAppContext@48c5a07d{/,file:///tmp/jetty-0.0.0.0-36517-hddsDatanode-_-any-3207574246853366653.dir/webapp/,AVAILABLE}{/hddsDatanode}
2019-08-23 17:33:37,432 [main] INFO  server.AbstractConnector (AbstractConnector.java:doStart(278)) - Started ServerConnector@2083bcfd{HTTP/1.1,[http/1.1]}{0.0.0.0:36517}
2019-08-23 17:33:37,433 [main] INFO  server.Server (Server.java:doStart(419)) - Started @602489ms
2019-08-23 17:33:37,434 [main] INFO  server.BaseHttpServer (BaseHttpServer.java:updateConnectorAddress(213)) - HTTP server of HDDSDATANODE is listening at http://0.0.0.0:36517
2019-08-23 17:33:37,552 | INFO  | ObjectStoreRestHttpServer | Listening HDDS REST traffic on /0.0.0.0:37111 |  
2019-08-23 17:33:37,552 [main] INFO  ozone.HddsDatanodeService (HddsDatanodeService.java:startPlugins(395)) - Started plug-in org.apache.hadoop.ozone.web.OzoneHddsDatanodeService@145c6e4d
2019-08-23 17:33:37,553 [main] INFO  impl.MetricsSystemImpl (MetricsSystemImpl.java:init(158)) - HddsDatanode metrics system started (again)
2019-08-23 17:33:37,556 [org.apache.hadoop.util.JvmPauseMonitor$Monitor@3d2b0181] INFO  util.JvmPauseMonitor (JvmPauseMonitor.java:run(188)) - Starting JVM pause monitor
2019-08-23 17:33:37,556 [main] INFO  ozone.HddsDatanodeService (HddsDatanodeService.java:start(184)) - HddsDatanodeService host:pr-hdds-1898-mkj97-200540441 ip:192.168.69.79
2019-08-23 17:33:37,557 [Datanode State Machine Thread - 0] INFO  datanode.InitDatanodeState (InitDatanodeState.java:persistContainerDatanodeDetails(140)) - DatanodeDetails is persisted to /workdir/hadoop-ozone/integration-test/target/test-dir/MiniOzoneClusterImpl-8a58fefa-0c45-49f9-a99a-9d96e5fc94fa/datanode-5/meta/datanode.id
2019-08-23 17:33:37,564 [main] INFO  volume.HddsVolume (HddsVolume.java:<init>(176)) - Creating Volume: /workdir/hadoop-ozone/integration-test/target/test-dir/MiniOzoneClusterImpl-8a58fefa-0c45-49f9-a99a-9d96e5fc94fa/datanode-6/data/containers/hdds of  storage type : DISK and capacity : 1482555576320
2019-08-23 17:33:37,564 [main] INFO  volume.VolumeSet (VolumeSet.java:initializeVolumeSet(170)) - Added Volume : /workdir/hadoop-ozone/integration-test/target/test-dir/MiniOzoneClusterImpl-8a58fefa-0c45-49f9-a99a-9d96e5fc94fa/datanode-6/data/containers/hdds to VolumeSet
2019-08-23 17:33:37,565 [main] INFO  volume.ThrottledAsyncChecker (ThrottledAsyncChecker.java:schedule(140)) - Scheduling a check for org.apache.hadoop.ozone.container.common.volume.HddsVolume@48306567
2019-08-23 17:33:37,565 [main] INFO  volume.HddsVolumeChecker (HddsVolumeChecker.java:checkAllVolumes(203)) - Scheduled health check for volume org.apache.hadoop.ozone.container.common.volume.HddsVolume@48306567
2019-08-23 17:33:37,578 [main] INFO  impl.RaftServerProxy (ConfUtils.java:logGet(43)) - raft.rpc.type = GRPC (default)
2019-08-23 17:33:37,578 [main] INFO  grpc.GrpcFactory (GrpcFactory.java:checkPooledByteBufAllocatorUseCacheForAllThreads(45)) - PERFORMANCE WARNING: useCacheForAllThreads is true that may cause Netty to create a lot garbage objects and, as a result, trigger GC.
	It is recommended to disable useCacheForAllThreads by setting -Dorg.apache.ratis.thirdparty.io.netty.allocator.useCacheForAllThreads=false in command line.
2019-08-23 17:33:37,578 [main] INFO  grpc.GrpcConfigKeys$Server (ConfUtils.java:logGet(43)) - raft.grpc.server.port = 0 (default)
2019-08-23 17:33:37,578 [main] INFO  server.GrpcService (ConfUtils.java:logGet(43)) - raft.grpc.message.size.max = 33570816 (custom)
2019-08-23 17:33:37,578 [main] INFO  server.RaftServerConfigKeys (ConfUtils.java:logGet(43)) - raft.server.log.appender.buffer.byte-limit = 33554432 (custom)
2019-08-23 17:33:37,578 [main] INFO  server.GrpcService (ConfUtils.java:logGet(43)) - raft.grpc.flow.control.window = 1MB (=1048576) (default)
2019-08-23 17:33:37,579 [main] INFO  server.RaftServerConfigKeys (ConfUtils.java:logGet(43)) - raft.server.rpc.request.timeout = 3000ms (default)
2019-08-23 17:33:37,579 [main] INFO  server.RaftServerConfigKeys (ConfUtils.java:logGet(43)) - raft.server.storage.dir = [/workdir/hadoop-ozone/integration-test/target/test-dir/MiniOzoneClusterImpl-8a58fefa-0c45-49f9-a99a-9d96e5fc94fa/datanode-6/data/ratis] (custom)
2019-08-23 17:33:37,579 [main] INFO  replication.SimpleContainerDownloader (SimpleContainerDownloader.java:<init>(72)) - Starting container downloader service to copy containers to replicate.
2019-08-23 17:33:37,580 [main] INFO  hdfs.DFSUtil (DFSUtil.java:httpServerTemplateForNNAndJN(1641)) - Starting Web-server for hddsDatanode at: http://0.0.0.0:0
2019-08-23 17:33:37,582 [main] INFO  server.AuthenticationFilter (AuthenticationFilter.java:constructSecretProvider(240)) - Unable to initialize FileSignerSecretProvider, falling back to use random secrets.
2019-08-23 17:33:37,582 [main] WARN  http.HttpRequestLog (HttpRequestLog.java:getRequestLog(97)) - Jetty request log can only be enabled using Log4j
2019-08-23 17:33:37,583 [main] INFO  http.HttpServer2 (HttpServer2.java:addGlobalFilter(975)) - Added global filter 'safety' (class=org.apache.hadoop.http.HttpServer2$QuotingInputFilter)
2019-08-23 17:33:37,584 [main] INFO  http.HttpServer2 (HttpServer2.java:addFilter(948)) - Added filter static_user_filter (class=org.apache.hadoop.http.lib.StaticUserWebFilter$StaticUserFilter) to context hddsDatanode
2019-08-23 17:33:37,584 [main] INFO  http.HttpServer2 (HttpServer2.java:addFilter(958)) - Added filter static_user_filter (class=org.apache.hadoop.http.lib.StaticUserWebFilter$StaticUserFilter) to context logs
2019-08-23 17:33:37,584 [main] INFO  http.HttpServer2 (HttpServer2.java:addFilter(958)) - Added filter static_user_filter (class=org.apache.hadoop.http.lib.StaticUserWebFilter$StaticUserFilter) to context static
2019-08-23 17:33:37,584 [main] INFO  http.HttpServer2 (HttpServer2.java:bindListener(1191)) - Jetty bound to port 32926
2019-08-23 17:33:37,585 [main] INFO  server.Server (Server.java:doStart(351)) - jetty-9.3.24.v20180605, build timestamp: 2018-06-05T17:11:56Z, git hash: 84205aa28f11a4f31f2a3b86d1bba2cc8ab69827
2019-08-23 17:33:37,586 [main] INFO  handler.ContextHandler (ContextHandler.java:doStart(781)) - Started o.e.j.s.ServletContextHandler@19266ca3{/logs,file:///workdir/hadoop-ozone/integration-test/target/log,AVAILABLE}
2019-08-23 17:33:37,586 [main] INFO  handler.ContextHandler (ContextHandler.java:doStart(781)) - Started o.e.j.s.ServletContextHandler@627222d8{/static,jar:file:/home/user/.m2/repository/org/apache/hadoop/hadoop-hdds-container-service/0.5.0-SNAPSHOT/hadoop-hdds-container-service-0.5.0-SNAPSHOT.jar!/webapps/static,AVAILABLE}
2019-08-23 17:33:37,610 [main] INFO  handler.ContextHandler (ContextHandler.java:doStart(781)) - Started o.e.j.w.WebAppContext@43815bc{/,file:///tmp/jetty-0.0.0.0-32926-hddsDatanode-_-any-749460959409775819.dir/webapp/,AVAILABLE}{/hddsDatanode}
2019-08-23 17:33:37,610 [main] INFO  server.AbstractConnector (AbstractConnector.java:doStart(278)) - Started ServerConnector@122bfaac{HTTP/1.1,[http/1.1]}{0.0.0.0:32926}
2019-08-23 17:33:37,614 [main] INFO  server.Server (Server.java:doStart(419)) - Started @602670ms
2019-08-23 17:33:37,614 [main] INFO  server.BaseHttpServer (BaseHttpServer.java:updateConnectorAddress(213)) - HTTP server of HDDSDATANODE is listening at http://0.0.0.0:32926
2019-08-23 17:33:37,735 | INFO  | ObjectStoreRestHttpServer | Listening HDDS REST traffic on /0.0.0.0:43097 |  
2019-08-23 17:33:37,735 [main] INFO  ozone.HddsDatanodeService (HddsDatanodeService.java:startPlugins(395)) - Started plug-in org.apache.hadoop.ozone.web.OzoneHddsDatanodeService@13e76a91
2019-08-23 17:33:37,735 [main] INFO  ozone.MiniOzoneClusterImpl (MiniOzoneClusterImpl.java:lambda$waitForClusterToBeReady$0(142)) - Waiting for cluster to be ready. Got 0 of 7 DN Heartbeats.
2019-08-23 17:33:37,736 [org.apache.hadoop.util.JvmPauseMonitor$Monitor@64f3d26c] INFO  util.JvmPauseMonitor (JvmPauseMonitor.java:run(188)) - Starting JVM pause monitor
2019-08-23 17:33:37,737 [Datanode State Machine Thread - 0] INFO  datanode.InitDatanodeState (InitDatanodeState.java:persistContainerDatanodeDetails(140)) - DatanodeDetails is persisted to /workdir/hadoop-ozone/integration-test/target/test-dir/MiniOzoneClusterImpl-8a58fefa-0c45-49f9-a99a-9d96e5fc94fa/datanode-6/meta/datanode.id
2019-08-23 17:33:38,338 | INFO  | SCMAudit | user=jenkins1000 | ip=192.168.69.79 | op=GET_VERSION null | ret=SUCCESS |  
2019-08-23 17:33:38,378 [Datanode State Machine Thread - 0] INFO  ozoneimpl.OzoneContainer (OzoneContainer.java:start(186)) - Attempting to start container services.
2019-08-23 17:33:38,378 [Datanode State Machine Thread - 0] INFO  ozoneimpl.OzoneContainer (OzoneContainer.java:startContainerScrub(160)) - Background container scrubber has been disabled by hdds.containerscrub.enabled
2019-08-23 17:33:38,379 [Datanode State Machine Thread - 0] INFO  ratis.XceiverServerRatis (XceiverServerRatis.java:start(404)) - Starting XceiverServerRatis c1868ab2-aa15-4f4a-9771-d4fa90467b59 at port 0
2019-08-23 17:33:38,385 [Datanode State Machine Thread - 0] INFO  impl.RaftServerProxy (RaftServerProxy.java:lambda$start$3(299)) - c1868ab2-aa15-4f4a-9771-d4fa90467b59: start RPC server
2019-08-23 17:33:38,387 [Datanode State Machine Thread - 0] INFO  server.GrpcService (GrpcService.java:startImpl(149)) - c1868ab2-aa15-4f4a-9771-d4fa90467b59: GrpcService started, listening on 0.0.0.0/0.0.0.0:41918
2019-08-23 17:33:38,387 [Datanode State Machine Thread - 0] INFO  ratis.XceiverServerRatis (XceiverServerRatis.java:start(414)) - XceiverServerRatis c1868ab2-aa15-4f4a-9771-d4fa90467b59 is started using port 41918
2019-08-23 17:33:38,389 [Datanode State Machine Thread - 0] INFO  server.XceiverServerGrpc (XceiverServerGrpc.java:start(161)) - XceiverServerGrpc c1868ab2-aa15-4f4a-9771-d4fa90467b59 is started using port 36963
2019-08-23 17:33:38,736 [main] INFO  ozone.MiniOzoneClusterImpl (MiniOzoneClusterImpl.java:lambda$waitForClusterToBeReady$0(142)) - Waiting for cluster to be ready. Got 0 of 7 DN Heartbeats.
2019-08-23 17:33:38,805 | INFO  | SCMAudit | user=jenkins1000 | ip=192.168.69.79 | op=GET_VERSION null | ret=SUCCESS |  
2019-08-23 17:33:38,818 [Datanode State Machine Thread - 0] INFO  ozoneimpl.OzoneContainer (OzoneContainer.java:start(186)) - Attempting to start container services.
2019-08-23 17:33:38,818 [Datanode State Machine Thread - 0] INFO  ozoneimpl.OzoneContainer (OzoneContainer.java:startContainerScrub(160)) - Background container scrubber has been disabled by hdds.containerscrub.enabled
2019-08-23 17:33:38,819 [Datanode State Machine Thread - 0] INFO  ratis.XceiverServerRatis (XceiverServerRatis.java:start(404)) - Starting XceiverServerRatis a5230df4-e43a-4560-b8d8-ffa5d1239854 at port 0
2019-08-23 17:33:38,822 [Datanode State Machine Thread - 0] INFO  impl.RaftServerProxy (RaftServerProxy.java:lambda$start$3(299)) - a5230df4-e43a-4560-b8d8-ffa5d1239854: start RPC server
2019-08-23 17:33:38,823 [Datanode State Machine Thread - 0] INFO  server.GrpcService (GrpcService.java:startImpl(149)) - a5230df4-e43a-4560-b8d8-ffa5d1239854: GrpcService started, listening on 0.0.0.0/0.0.0.0:44378
2019-08-23 17:33:38,823 [Datanode State Machine Thread - 0] INFO  ratis.XceiverServerRatis (XceiverServerRatis.java:start(414)) - XceiverServerRatis a5230df4-e43a-4560-b8d8-ffa5d1239854 is started using port 44378
2019-08-23 17:33:38,823 [Datanode State Machine Thread - 0] INFO  server.XceiverServerGrpc (XceiverServerGrpc.java:start(161)) - XceiverServerGrpc a5230df4-e43a-4560-b8d8-ffa5d1239854 is started using port 37385
2019-08-23 17:33:39,005 | INFO  | SCMAudit | user=jenkins1000 | ip=192.168.69.79 | op=GET_VERSION null | ret=SUCCESS |  
2019-08-23 17:33:39,021 [Datanode State Machine Thread - 0] INFO  ozoneimpl.OzoneContainer (OzoneContainer.java:start(186)) - Attempting to start container services.
2019-08-23 17:33:39,021 [Datanode State Machine Thread - 0] INFO  ozoneimpl.OzoneContainer (OzoneContainer.java:startContainerScrub(160)) - Background container scrubber has been disabled by hdds.containerscrub.enabled
2019-08-23 17:33:39,021 [Datanode State Machine Thread - 0] INFO  ratis.XceiverServerRatis (XceiverServerRatis.java:start(404)) - Starting XceiverServerRatis 4a4bc7f8-d7f4-4b72-b368-a22ea43ebd35 at port 0
2019-08-23 17:33:39,027 [Datanode State Machine Thread - 0] INFO  impl.RaftServerProxy (RaftServerProxy.java:lambda$start$3(299)) - 4a4bc7f8-d7f4-4b72-b368-a22ea43ebd35: start RPC server
2019-08-23 17:33:39,027 [Datanode State Machine Thread - 0] INFO  server.GrpcService (GrpcService.java:startImpl(149)) - 4a4bc7f8-d7f4-4b72-b368-a22ea43ebd35: GrpcService started, listening on 0.0.0.0/0.0.0.0:44949
2019-08-23 17:33:39,027 [Datanode State Machine Thread - 0] INFO  ratis.XceiverServerRatis (XceiverServerRatis.java:start(414)) - XceiverServerRatis 4a4bc7f8-d7f4-4b72-b368-a22ea43ebd35 is started using port 44949
2019-08-23 17:33:39,029 [Datanode State Machine Thread - 0] INFO  server.XceiverServerGrpc (XceiverServerGrpc.java:start(161)) - XceiverServerGrpc 4a4bc7f8-d7f4-4b72-b368-a22ea43ebd35 is started using port 38779
2019-08-23 17:33:39,192 | INFO  | SCMAudit | user=jenkins1000 | ip=192.168.69.79 | op=GET_VERSION null | ret=SUCCESS |  
2019-08-23 17:33:39,205 [Datanode State Machine Thread - 0] INFO  ozoneimpl.OzoneContainer (OzoneContainer.java:start(186)) - Attempting to start container services.
2019-08-23 17:33:39,206 [Datanode State Machine Thread - 0] INFO  ozoneimpl.OzoneContainer (OzoneContainer.java:startContainerScrub(160)) - Background container scrubber has been disabled by hdds.containerscrub.enabled
2019-08-23 17:33:39,206 [Datanode State Machine Thread - 0] INFO  ratis.XceiverServerRatis (XceiverServerRatis.java:start(404)) - Starting XceiverServerRatis 876990c2-a61c-4f07-9bf7-f26a19606da0 at port 0
2019-08-23 17:33:39,210 [Datanode State Machine Thread - 0] INFO  impl.RaftServerProxy (RaftServerProxy.java:lambda$start$3(299)) - 876990c2-a61c-4f07-9bf7-f26a19606da0: start RPC server
2019-08-23 17:33:39,211 [Datanode State Machine Thread - 0] INFO  server.GrpcService (GrpcService.java:startImpl(149)) - 876990c2-a61c-4f07-9bf7-f26a19606da0: GrpcService started, listening on 0.0.0.0/0.0.0.0:38348
2019-08-23 17:33:39,211 [Datanode State Machine Thread - 0] INFO  ratis.XceiverServerRatis (XceiverServerRatis.java:start(414)) - XceiverServerRatis 876990c2-a61c-4f07-9bf7-f26a19606da0 is started using port 38348
2019-08-23 17:33:39,211 [Datanode State Machine Thread - 0] INFO  server.XceiverServerGrpc (XceiverServerGrpc.java:start(161)) - XceiverServerGrpc 876990c2-a61c-4f07-9bf7-f26a19606da0 is started using port 43121
2019-08-23 17:33:39,376 | INFO  | SCMAudit | user=jenkins1000 | ip=192.168.69.79 | op=GET_VERSION null | ret=SUCCESS |  
2019-08-23 17:33:39,390 [Datanode State Machine Thread - 0] INFO  ozoneimpl.OzoneContainer (OzoneContainer.java:start(186)) - Attempting to start container services.
2019-08-23 17:33:39,390 [Datanode State Machine Thread - 0] INFO  ozoneimpl.OzoneContainer (OzoneContainer.java:startContainerScrub(160)) - Background container scrubber has been disabled by hdds.containerscrub.enabled
2019-08-23 17:33:39,390 [Datanode State Machine Thread - 0] INFO  ratis.XceiverServerRatis (XceiverServerRatis.java:start(404)) - Starting XceiverServerRatis 31967366-836f-459e-918b-b922ad3a04c0 at port 0
2019-08-23 17:33:39,396 [Datanode State Machine Thread - 0] INFO  impl.RaftServerProxy (RaftServerProxy.java:lambda$start$3(299)) - 31967366-836f-459e-918b-b922ad3a04c0: start RPC server
2019-08-23 17:33:39,397 [Datanode State Machine Thread - 0] INFO  server.GrpcService (GrpcService.java:startImpl(149)) - 31967366-836f-459e-918b-b922ad3a04c0: GrpcService started, listening on 0.0.0.0/0.0.0.0:38687
2019-08-23 17:33:39,397 [Datanode State Machine Thread - 0] INFO  ratis.XceiverServerRatis (XceiverServerRatis.java:start(414)) - XceiverServerRatis 31967366-836f-459e-918b-b922ad3a04c0 is started using port 38687
2019-08-23 17:33:39,404 [Datanode State Machine Thread - 0] INFO  server.XceiverServerGrpc (XceiverServerGrpc.java:start(161)) - XceiverServerGrpc 31967366-836f-459e-918b-b922ad3a04c0 is started using port 34150
2019-08-23 17:33:39,557 | INFO  | SCMAudit | user=jenkins1000 | ip=192.168.69.79 | op=GET_VERSION null | ret=SUCCESS |  
2019-08-23 17:33:39,570 [Datanode State Machine Thread - 0] INFO  ozoneimpl.OzoneContainer (OzoneContainer.java:start(186)) - Attempting to start container services.
2019-08-23 17:33:39,571 [Datanode State Machine Thread - 0] INFO  ozoneimpl.OzoneContainer (OzoneContainer.java:startContainerScrub(160)) - Background container scrubber has been disabled by hdds.containerscrub.enabled
2019-08-23 17:33:39,571 [Datanode State Machine Thread - 0] INFO  ratis.XceiverServerRatis (XceiverServerRatis.java:start(404)) - Starting XceiverServerRatis 6fbb74d4-a5a3-4cb1-84f5-d8b0772040c1 at port 0
2019-08-23 17:33:39,575 [Datanode State Machine Thread - 0] INFO  impl.RaftServerProxy (RaftServerProxy.java:lambda$start$3(299)) - 6fbb74d4-a5a3-4cb1-84f5-d8b0772040c1: start RPC server
2019-08-23 17:33:39,576 [Datanode State Machine Thread - 0] INFO  server.GrpcService (GrpcService.java:startImpl(149)) - 6fbb74d4-a5a3-4cb1-84f5-d8b0772040c1: GrpcService started, listening on 0.0.0.0/0.0.0.0:33633
2019-08-23 17:33:39,576 [Datanode State Machine Thread - 0] INFO  ratis.XceiverServerRatis (XceiverServerRatis.java:start(414)) - XceiverServerRatis 6fbb74d4-a5a3-4cb1-84f5-d8b0772040c1 is started using port 33633
2019-08-23 17:33:39,576 [Datanode State Machine Thread - 0] INFO  server.XceiverServerGrpc (XceiverServerGrpc.java:start(161)) - XceiverServerGrpc 6fbb74d4-a5a3-4cb1-84f5-d8b0772040c1 is started using port 42316
2019-08-23 17:33:39,736 [main] INFO  ozone.MiniOzoneClusterImpl (MiniOzoneClusterImpl.java:lambda$waitForClusterToBeReady$0(142)) - Waiting for cluster to be ready. Got 0 of 7 DN Heartbeats.
2019-08-23 17:33:39,737 | INFO  | SCMAudit | user=jenkins1000 | ip=192.168.69.79 | op=GET_VERSION null | ret=SUCCESS |  
2019-08-23 17:33:39,750 [Datanode State Machine Thread - 0] INFO  ozoneimpl.OzoneContainer (OzoneContainer.java:start(186)) - Attempting to start container services.
2019-08-23 17:33:39,750 [Datanode State Machine Thread - 0] INFO  ozoneimpl.OzoneContainer (OzoneContainer.java:startContainerScrub(160)) - Background container scrubber has been disabled by hdds.containerscrub.enabled
2019-08-23 17:33:39,750 [Datanode State Machine Thread - 0] INFO  ratis.XceiverServerRatis (XceiverServerRatis.java:start(404)) - Starting XceiverServerRatis d991310f-591a-4dd6-9fd9-472b08eb9e78 at port 0
2019-08-23 17:33:39,755 [Datanode State Machine Thread - 0] INFO  impl.RaftServerProxy (RaftServerProxy.java:lambda$start$3(299)) - d991310f-591a-4dd6-9fd9-472b08eb9e78: start RPC server
2019-08-23 17:33:39,756 [Datanode State Machine Thread - 0] INFO  server.GrpcService (GrpcService.java:startImpl(149)) - d991310f-591a-4dd6-9fd9-472b08eb9e78: GrpcService started, listening on 0.0.0.0/0.0.0.0:34347
2019-08-23 17:33:39,756 [Datanode State Machine Thread - 0] INFO  ratis.XceiverServerRatis (XceiverServerRatis.java:start(414)) - XceiverServerRatis d991310f-591a-4dd6-9fd9-472b08eb9e78 is started using port 34347
2019-08-23 17:33:39,758 [Datanode State Machine Thread - 0] INFO  server.XceiverServerGrpc (XceiverServerGrpc.java:start(161)) - XceiverServerGrpc d991310f-591a-4dd6-9fd9-472b08eb9e78 is started using port 44765
2019-08-23 17:33:40,340 [IPC Server handler 15 on 41440] INFO  net.NetworkTopology (NetworkTopologyImpl.java:add(110)) - Added a new node: /default-rack/c1868ab2-aa15-4f4a-9771-d4fa90467b59
2019-08-23 17:33:40,343 [IPC Server handler 15 on 41440] INFO  node.SCMNodeManager (SCMNodeManager.java:register(273)) - Registered Data node : c1868ab2-aa15-4f4a-9771-d4fa90467b59{ip: 192.168.69.79, host: pr-hdds-1898-mkj97-200540441, networkLocation: /default-rack, certSerialId: null}
2019-08-23 17:33:40,344 | INFO  | SCMAudit | user=jenkins1000 | ip=192.168.69.79 | op=REGISTER {datanodeDetails=c1868ab2-aa15-4f4a-9771-d4fa90467b59{ip: 192.168.69.79, host: pr-hdds-1898-mkj97-200540441, networkLocation: /default-rack, certSerialId: null}} | ret=SUCCESS |  
2019-08-23 17:33:40,344 [EventQueue-NodeRegistrationContainerReportForDataNodeSafeModeRule] INFO  safemode.SCMSafeModeManager (DataNodeSafeModeRule.java:process(71)) - SCM in safe mode. 1 DataNodes registered, 1 required.
2019-08-23 17:33:40,346 [EventQueue-NodeRegistrationContainerReportForDataNodeSafeModeRule] INFO  safemode.SCMSafeModeManager (SCMSafeModeManager.java:validateSafeModeExitRules(177)) - ScmSafeModeManager, all rules are successfully validated
2019-08-23 17:33:40,346 [EventQueue-NodeRegistrationContainerReportForDataNodeSafeModeRule] INFO  safemode.SCMSafeModeManager (SCMSafeModeManager.java:exitSafeMode(193)) - SCM exiting safe mode.
2019-08-23 17:33:40,372 [grpc-default-executor-3] INFO  impl.RaftServerProxy (RaftServerProxy.java:addNew(89)) - c1868ab2-aa15-4f4a-9771-d4fa90467b59: addNew group-5410F1301B2E:[c1868ab2-aa15-4f4a-9771-d4fa90467b59:192.168.69.79:41918] returns group-5410F1301B2E:java.util.concurrent.CompletableFuture@2d291c4e[Not completed]
2019-08-23 17:33:40,374 [pool-439-thread-1] INFO  impl.RaftServerImpl (RaftServerImpl.java:<init>(93)) - c1868ab2-aa15-4f4a-9771-d4fa90467b59: new RaftServerImpl for group-5410F1301B2E:[c1868ab2-aa15-4f4a-9771-d4fa90467b59:192.168.69.79:41918] with ContainerStateMachine:uninitialized
2019-08-23 17:33:40,374 [pool-439-thread-1] INFO  server.RaftServerConfigKeys (ConfUtils.java:logGet(43)) - raft.server.rpc.timeout.min = 5s (custom)
2019-08-23 17:33:40,374 [pool-439-thread-1] INFO  server.RaftServerConfigKeys (ConfUtils.java:logGet(43)) - raft.server.rpc.timeout.max = 5200ms (custom)
2019-08-23 17:33:40,374 [pool-439-thread-1] INFO  server.RaftServerConfigKeys (ConfUtils.java:logGet(43)) - raft.server.rpcslowness.timeout = 120s (custom)
2019-08-23 17:33:40,374 [pool-439-thread-1] INFO  server.RaftServerConfigKeys (ConfUtils.java:logGet(43)) - raft.server.sleep.deviation.threshold = 300 (default)
2019-08-23 17:33:40,374 [pool-439-thread-1] INFO  server.RaftServerConfigKeys (ConfUtils.java:logGet(43)) - raft.server.log.appender.install.snapshot.enabled = false (custom)
2019-08-23 17:33:40,375 [pool-439-thread-1] INFO  impl.RaftServerImpl (ServerState.java:<init>(105)) - c1868ab2-aa15-4f4a-9771-d4fa90467b59:group-5410F1301B2E ConfigurationManager, init=-1: [c1868ab2-aa15-4f4a-9771-d4fa90467b59:192.168.69.79:41918], old=null, confs=<EMPTY_MAP>
2019-08-23 17:33:40,375 [pool-439-thread-1] INFO  server.RaftServerConfigKeys (ConfUtils.java:logGet(43)) - raft.server.storage.dir = [/workdir/hadoop-ozone/integration-test/target/test-dir/MiniOzoneClusterImpl-8a58fefa-0c45-49f9-a99a-9d96e5fc94fa/datanode-0/data/ratis] (custom)
2019-08-23 17:33:40,376 [pool-439-thread-1] INFO  storage.RaftStorageDirectory (RaftStorageDirectory.java:analyzeStorage(246)) - The storage directory /workdir/hadoop-ozone/integration-test/target/test-dir/MiniOzoneClusterImpl-8a58fefa-0c45-49f9-a99a-9d96e5fc94fa/datanode-0/data/ratis/8fe3be7b-8f4c-4b99-ba2c-5410f1301b2e does not exist. Creating ...
2019-08-23 17:33:40,390 [pool-439-thread-1] INFO  storage.RaftStorageDirectory (RaftStorageDirectory.java:tryLock(328)) - Lock on /workdir/hadoop-ozone/integration-test/target/test-dir/MiniOzoneClusterImpl-8a58fefa-0c45-49f9-a99a-9d96e5fc94fa/datanode-0/data/ratis/8fe3be7b-8f4c-4b99-ba2c-5410f1301b2e/in_use.lock acquired by nodename 16897@pr-hdds-1898-mkj97-200540441
2019-08-23 17:33:40,403 [pool-439-thread-1] INFO  storage.RaftStorage (RaftStorage.java:format(72)) - Storage directory /workdir/hadoop-ozone/integration-test/target/test-dir/MiniOzoneClusterImpl-8a58fefa-0c45-49f9-a99a-9d96e5fc94fa/datanode-0/data/ratis/8fe3be7b-8f4c-4b99-ba2c-5410f1301b2e has been successfully formatted.
2019-08-23 17:33:40,403 [pool-439-thread-1] INFO  ratis.ContainerStateMachine (ContainerStateMachine.java:loadSnapshot(226)) - group-5410F1301B2E: The snapshot info is null. Setting the last applied indexto:(t:0, i:~)
2019-08-23 17:33:40,403 [pool-439-thread-1] INFO  server.RaftServerConfigKeys (ConfUtils.java:logGet(43)) - raft.server.leader.election.timeout = 120s (custom)
2019-08-23 17:33:40,404 [pool-439-thread-1] INFO  server.RaftServerConfigKeys (ConfUtils.java:logGet(43)) - raft.server.log.use.memory = false (default)
2019-08-23 17:33:40,404 [pool-439-thread-1] INFO  server.RaftServerConfigKeys (ConfUtils.java:logGet(43)) - raft.server.log.purge.gap = 1000000 (custom)
2019-08-23 17:33:40,404 [pool-439-thread-1] INFO  server.RaftServerConfigKeys (ConfUtils.java:logGet(43)) - raft.server.log.appender.buffer.byte-limit = 33554432 (custom)
2019-08-23 17:33:40,404 [pool-439-thread-1] INFO  server.RaftServerConfigKeys (ConfUtils.java:logGet(43)) - raft.server.log.segment.size.max = 1048576 (custom)
2019-08-23 17:33:40,404 [pool-439-thread-1] INFO  server.RaftServerConfigKeys (ConfUtils.java:logGet(43)) - raft.server.log.segment.cache.num.max = 2 (custom)
2019-08-23 17:33:40,404 [pool-439-thread-1] INFO  segmented.SegmentedRaftLogWorker (SegmentedRaftLogWorker.java:<init>(172)) - new c1868ab2-aa15-4f4a-9771-d4fa90467b59-SegmentedRaftLogWorker:Storage Directory /workdir/hadoop-ozone/integration-test/target/test-dir/MiniOzoneClusterImpl-8a58fefa-0c45-49f9-a99a-9d96e5fc94fa/datanode-0/data/ratis/8fe3be7b-8f4c-4b99-ba2c-5410f1301b2e for RaftStorage:Storage Directory /workdir/hadoop-ozone/integration-test/target/test-dir/MiniOzoneClusterImpl-8a58fefa-0c45-49f9-a99a-9d96e5fc94fa/datanode-0/data/ratis/8fe3be7b-8f4c-4b99-ba2c-5410f1301b2e
2019-08-23 17:33:40,405 [pool-439-thread-1] INFO  server.RaftServerConfigKeys (ConfUtils.java:logGet(43)) - raft.server.log.queue.byte-limit = 2147483647 (custom)
2019-08-23 17:33:40,405 [pool-439-thread-1] INFO  server.RaftServerConfigKeys (ConfUtils.java:logGet(43)) - raft.server.log.queue.element-limit = 1024 (custom)
2019-08-23 17:33:40,405 [pool-439-thread-1] INFO  server.RaftServerConfigKeys (ConfUtils.java:logGet(43)) - raft.server.log.segment.size.max = 1048576 (custom)
2019-08-23 17:33:40,405 [pool-439-thread-1] INFO  server.RaftServerConfigKeys (ConfUtils.java:logGet(43)) - raft.server.log.preallocated.size = 16384 (custom)
2019-08-23 17:33:40,406 [pool-439-thread-1] INFO  server.RaftServerConfigKeys (ConfUtils.java:logGet(43)) - raft.server.log.write.buffer.size = 33554432 (custom)
2019-08-23 17:33:40,406 [pool-439-thread-1] INFO  server.RaftServerConfigKeys (ConfUtils.java:logGet(43)) - raft.server.log.force.sync.num = 128 (default)
2019-08-23 17:33:40,406 [pool-439-thread-1] INFO  server.RaftServerConfigKeys (ConfUtils.java:logGet(43)) - raft.server.log.statemachine.data.sync = true (default)
2019-08-23 17:33:40,406 [pool-439-thread-1] INFO  server.RaftServerConfigKeys (ConfUtils.java:logGet(43)) - raft.server.log.statemachine.data.sync.timeout = 10s (default)
2019-08-23 17:33:40,406 [pool-439-thread-1] INFO  server.RaftServerConfigKeys (ConfUtils.java:logGet(43)) - raft.server.log.statemachine.data.sync.timeout.retry = -1 (default)
2019-08-23 17:33:40,406 [pool-439-thread-1] INFO  server.RaftServerConfigKeys (ConfUtils.java:logGet(43)) - raft.server.log.statemachine.data.caching.enabled = true (custom)
2019-08-23 17:33:40,407 [pool-439-thread-1] INFO  segmented.SegmentedRaftLogWorker (SegmentedRaftLogWorker.java:lambda$new$0(132)) - c1868ab2-aa15-4f4a-9771-d4fa90467b59-SegmentedRaftLogWorker:Storage Directory /workdir/hadoop-ozone/integration-test/target/test-dir/MiniOzoneClusterImpl-8a58fefa-0c45-49f9-a99a-9d96e5fc94fa/datanode-0/data/ratis/8fe3be7b-8f4c-4b99-ba2c-5410f1301b2e: flushIndex: setUnconditionally 0 -> -1
2019-08-23 17:33:40,407 [pool-439-thread-1] INFO  server.RaftServerConfigKeys (ConfUtils.java:logGet(43)) - raft.server.snapshot.auto.trigger.enabled = true (custom)
2019-08-23 17:33:40,407 [pool-439-thread-1] INFO  server.RaftServerConfigKeys (ConfUtils.java:logGet(43)) - raft.server.snapshot.auto.trigger.threshold = 10000 (custom)
2019-08-23 17:33:40,407 [pool-439-thread-1] INFO  server.RaftServerConfigKeys (ConfUtils.java:logGet(43)) - raft.server.retrycache.expirytime = 600000ms (custom)
2019-08-23 17:33:40,408 [pool-439-thread-1] INFO  impl.RaftServerImpl (RaftServerImpl.java:start(180)) - c1868ab2-aa15-4f4a-9771-d4fa90467b59: start group-5410F1301B2E
2019-08-23 17:33:40,408 [pool-439-thread-1] INFO  impl.RaftServerImpl (RaftServerImpl.java:setRole(171)) - c1868ab2-aa15-4f4a-9771-d4fa90467b59:group-5410F1301B2E changes role from null to FOLLOWER at term 0 for startAsFollower
2019-08-23 17:33:40,408 [pool-439-thread-1] INFO  impl.RoleInfo (RoleInfo.java:updateAndGet(143)) - c1868ab2-aa15-4f4a-9771-d4fa90467b59: start FollowerState
2019-08-23 17:33:40,409 [pool-439-thread-1] INFO  util.JmxRegister (JmxRegister.java:tryRegister(44)) - Successfully registered JMX Bean with object name Ratis:service=RaftServer,group=group-5410F1301B2E,id=c1868ab2-aa15-4f4a-9771-d4fa90467b59
2019-08-23 17:33:40,413 [RatisPipelineUtilsThread] INFO  pipeline.PipelineStateManager (PipelineStateManager.java:addPipeline(56)) - Created pipeline Pipeline[ Id: 8fe3be7b-8f4c-4b99-ba2c-5410f1301b2e, Nodes: c1868ab2-aa15-4f4a-9771-d4fa90467b59{ip: 192.168.69.79, host: pr-hdds-1898-mkj97-200540441, networkLocation: /default-rack, certSerialId: null}, Type:RATIS, Factor:ONE, State:OPEN]
2019-08-23 17:33:40,737 [main] INFO  ozone.MiniOzoneClusterImpl (MiniOzoneClusterImpl.java:lambda$waitForClusterToBeReady$0(142)) - Waiting for cluster to be ready. Got 1 of 7 DN Heartbeats.
2019-08-23 17:33:40,805 [IPC Server handler 18 on 41440] INFO  net.NetworkTopology (NetworkTopologyImpl.java:add(110)) - Added a new node: /default-rack/a5230df4-e43a-4560-b8d8-ffa5d1239854
2019-08-23 17:33:40,806 [IPC Server handler 18 on 41440] INFO  node.SCMNodeManager (SCMNodeManager.java:register(273)) - Registered Data node : a5230df4-e43a-4560-b8d8-ffa5d1239854{ip: 192.168.69.79, host: pr-hdds-1898-mkj97-200540441, networkLocation: /default-rack, certSerialId: null}
2019-08-23 17:33:40,806 | INFO  | SCMAudit | user=jenkins1000 | ip=192.168.69.79 | op=REGISTER {datanodeDetails=a5230df4-e43a-4560-b8d8-ffa5d1239854{ip: 192.168.69.79, host: pr-hdds-1898-mkj97-200540441, networkLocation: /default-rack, certSerialId: null}} | ret=SUCCESS |  
2019-08-23 17:33:40,812 [grpc-default-executor-3] INFO  impl.RaftServerProxy (RaftServerProxy.java:addNew(89)) - a5230df4-e43a-4560-b8d8-ffa5d1239854: addNew group-DD0F07D40551:[a5230df4-e43a-4560-b8d8-ffa5d1239854:192.168.69.79:44378] returns group-DD0F07D40551:java.util.concurrent.CompletableFuture@15ae636c[Not completed]
2019-08-23 17:33:40,813 [pool-450-thread-1] INFO  impl.RaftServerImpl (RaftServerImpl.java:<init>(93)) - a5230df4-e43a-4560-b8d8-ffa5d1239854: new RaftServerImpl for group-DD0F07D40551:[a5230df4-e43a-4560-b8d8-ffa5d1239854:192.168.69.79:44378] with ContainerStateMachine:uninitialized
2019-08-23 17:33:40,813 [pool-450-thread-1] INFO  server.RaftServerConfigKeys (ConfUtils.java:logGet(43)) - raft.server.rpc.timeout.min = 5s (custom)
2019-08-23 17:33:40,813 [pool-450-thread-1] INFO  server.RaftServerConfigKeys (ConfUtils.java:logGet(43)) - raft.server.rpc.timeout.max = 5200ms (custom)
2019-08-23 17:33:40,813 [pool-450-thread-1] INFO  server.RaftServerConfigKeys (ConfUtils.java:logGet(43)) - raft.server.rpcslowness.timeout = 120s (custom)
2019-08-23 17:33:40,813 [pool-450-thread-1] INFO  server.RaftServerConfigKeys (ConfUtils.java:logGet(43)) - raft.server.sleep.deviation.threshold = 300 (default)
2019-08-23 17:33:40,814 [pool-450-thread-1] INFO  server.RaftServerConfigKeys (ConfUtils.java:logGet(43)) - raft.server.log.appender.install.snapshot.enabled = false (custom)
2019-08-23 17:33:40,814 [pool-450-thread-1] INFO  impl.RaftServerImpl (ServerState.java:<init>(105)) - a5230df4-e43a-4560-b8d8-ffa5d1239854:group-DD0F07D40551 ConfigurationManager, init=-1: [a5230df4-e43a-4560-b8d8-ffa5d1239854:192.168.69.79:44378], old=null, confs=<EMPTY_MAP>
2019-08-23 17:33:40,814 [pool-450-thread-1] INFO  server.RaftServerConfigKeys (ConfUtils.java:logGet(43)) - raft.server.storage.dir = [/workdir/hadoop-ozone/integration-test/target/test-dir/MiniOzoneClusterImpl-8a58fefa-0c45-49f9-a99a-9d96e5fc94fa/datanode-1/data/ratis] (custom)
2019-08-23 17:33:40,814 [pool-450-thread-1] INFO  storage.RaftStorageDirectory (RaftStorageDirectory.java:analyzeStorage(246)) - The storage directory /workdir/hadoop-ozone/integration-test/target/test-dir/MiniOzoneClusterImpl-8a58fefa-0c45-49f9-a99a-9d96e5fc94fa/datanode-1/data/ratis/c9d4ecab-cbe3-4176-bd59-dd0f07d40551 does not exist. Creating ...
2019-08-23 17:33:40,828 [pool-450-thread-1] INFO  storage.RaftStorageDirectory (RaftStorageDirectory.java:tryLock(328)) - Lock on /workdir/hadoop-ozone/integration-test/target/test-dir/MiniOzoneClusterImpl-8a58fefa-0c45-49f9-a99a-9d96e5fc94fa/datanode-1/data/ratis/c9d4ecab-cbe3-4176-bd59-dd0f07d40551/in_use.lock acquired by nodename 16897@pr-hdds-1898-mkj97-200540441
2019-08-23 17:33:40,841 [pool-450-thread-1] INFO  storage.RaftStorage (RaftStorage.java:format(72)) - Storage directory /workdir/hadoop-ozone/integration-test/target/test-dir/MiniOzoneClusterImpl-8a58fefa-0c45-49f9-a99a-9d96e5fc94fa/datanode-1/data/ratis/c9d4ecab-cbe3-4176-bd59-dd0f07d40551 has been successfully formatted.
2019-08-23 17:33:40,841 [pool-450-thread-1] INFO  ratis.ContainerStateMachine (ContainerStateMachine.java:loadSnapshot(226)) - group-DD0F07D40551: The snapshot info is null. Setting the last applied indexto:(t:0, i:~)
2019-08-23 17:33:40,841 [pool-450-thread-1] INFO  server.RaftServerConfigKeys (ConfUtils.java:logGet(43)) - raft.server.leader.election.timeout = 120s (custom)
2019-08-23 17:33:40,841 [pool-450-thread-1] INFO  server.RaftServerConfigKeys (ConfUtils.java:logGet(43)) - raft.server.log.use.memory = false (default)
2019-08-23 17:33:40,841 [pool-450-thread-1] INFO  server.RaftServerConfigKeys (ConfUtils.java:logGet(43)) - raft.server.log.purge.gap = 1000000 (custom)
2019-08-23 17:33:40,841 [pool-450-thread-1] INFO  server.RaftServerConfigKeys (ConfUtils.java:logGet(43)) - raft.server.log.appender.buffer.byte-limit = 33554432 (custom)
2019-08-23 17:33:40,841 [pool-450-thread-1] INFO  server.RaftServerConfigKeys (ConfUtils.java:logGet(43)) - raft.server.log.segment.size.max = 1048576 (custom)
2019-08-23 17:33:40,841 [pool-450-thread-1] INFO  server.RaftServerConfigKeys (ConfUtils.java:logGet(43)) - raft.server.log.segment.cache.num.max = 2 (custom)
2019-08-23 17:33:40,842 [pool-450-thread-1] INFO  segmented.SegmentedRaftLogWorker (SegmentedRaftLogWorker.java:<init>(172)) - new a5230df4-e43a-4560-b8d8-ffa5d1239854-SegmentedRaftLogWorker:Storage Directory /workdir/hadoop-ozone/integration-test/target/test-dir/MiniOzoneClusterImpl-8a58fefa-0c45-49f9-a99a-9d96e5fc94fa/datanode-1/data/ratis/c9d4ecab-cbe3-4176-bd59-dd0f07d40551 for RaftStorage:Storage Directory /workdir/hadoop-ozone/integration-test/target/test-dir/MiniOzoneClusterImpl-8a58fefa-0c45-49f9-a99a-9d96e5fc94fa/datanode-1/data/ratis/c9d4ecab-cbe3-4176-bd59-dd0f07d40551
2019-08-23 17:33:40,842 [pool-450-thread-1] INFO  server.RaftServerConfigKeys (ConfUtils.java:logGet(43)) - raft.server.log.queue.byte-limit = 2147483647 (custom)
2019-08-23 17:33:40,842 [pool-450-thread-1] INFO  server.RaftServerConfigKeys (ConfUtils.java:logGet(43)) - raft.server.log.queue.element-limit = 1024 (custom)
2019-08-23 17:33:40,842 [pool-450-thread-1] INFO  server.RaftServerConfigKeys (ConfUtils.java:logGet(43)) - raft.server.log.segment.size.max = 1048576 (custom)
2019-08-23 17:33:40,842 [pool-450-thread-1] INFO  server.RaftServerConfigKeys (ConfUtils.java:logGet(43)) - raft.server.log.preallocated.size = 16384 (custom)
2019-08-23 17:33:40,842 [pool-450-thread-1] INFO  server.RaftServerConfigKeys (ConfUtils.java:logGet(43)) - raft.server.log.write.buffer.size = 33554432 (custom)
2019-08-23 17:33:40,842 [pool-450-thread-1] INFO  server.RaftServerConfigKeys (ConfUtils.java:logGet(43)) - raft.server.log.force.sync.num = 128 (default)
2019-08-23 17:33:40,842 [pool-450-thread-1] INFO  server.RaftServerConfigKeys (ConfUtils.java:logGet(43)) - raft.server.log.statemachine.data.sync = true (default)
2019-08-23 17:33:40,842 [pool-450-thread-1] INFO  server.RaftServerConfigKeys (ConfUtils.java:logGet(43)) - raft.server.log.statemachine.data.sync.timeout = 10s (default)
2019-08-23 17:33:40,842 [pool-450-thread-1] INFO  server.RaftServerConfigKeys (ConfUtils.java:logGet(43)) - raft.server.log.statemachine.data.sync.timeout.retry = -1 (default)
2019-08-23 17:33:40,843 [pool-450-thread-1] INFO  server.RaftServerConfigKeys (ConfUtils.java:logGet(43)) - raft.server.log.statemachine.data.caching.enabled = true (custom)
2019-08-23 17:33:40,843 [pool-450-thread-1] INFO  segmented.SegmentedRaftLogWorker (SegmentedRaftLogWorker.java:lambda$new$0(132)) - a5230df4-e43a-4560-b8d8-ffa5d1239854-SegmentedRaftLogWorker:Storage Directory /workdir/hadoop-ozone/integration-test/target/test-dir/MiniOzoneClusterImpl-8a58fefa-0c45-49f9-a99a-9d96e5fc94fa/datanode-1/data/ratis/c9d4ecab-cbe3-4176-bd59-dd0f07d40551: flushIndex: setUnconditionally 0 -> -1
2019-08-23 17:33:40,844 [pool-450-thread-1] INFO  server.RaftServerConfigKeys (ConfUtils.java:logGet(43)) - raft.server.snapshot.auto.trigger.enabled = true (custom)
2019-08-23 17:33:40,844 [pool-450-thread-1] INFO  server.RaftServerConfigKeys (ConfUtils.java:logGet(43)) - raft.server.snapshot.auto.trigger.threshold = 10000 (custom)
2019-08-23 17:33:40,844 [pool-450-thread-1] INFO  server.RaftServerConfigKeys (ConfUtils.java:logGet(43)) - raft.server.retrycache.expirytime = 600000ms (custom)
2019-08-23 17:33:40,844 [pool-450-thread-1] INFO  impl.RaftServerImpl (RaftServerImpl.java:start(180)) - a5230df4-e43a-4560-b8d8-ffa5d1239854: start group-DD0F07D40551
2019-08-23 17:33:40,844 [pool-450-thread-1] INFO  impl.RaftServerImpl (RaftServerImpl.java:setRole(171)) - a5230df4-e43a-4560-b8d8-ffa5d1239854:group-DD0F07D40551 changes role from null to FOLLOWER at term 0 for startAsFollower
2019-08-23 17:33:40,844 [pool-450-thread-1] INFO  impl.RoleInfo (RoleInfo.java:updateAndGet(143)) - a5230df4-e43a-4560-b8d8-ffa5d1239854: start FollowerState
2019-08-23 17:33:40,844 [pool-450-thread-1] INFO  util.JmxRegister (JmxRegister.java:tryRegister(44)) - Successfully registered JMX Bean with object name Ratis:service=RaftServer,group=group-DD0F07D40551,id=a5230df4-e43a-4560-b8d8-ffa5d1239854
2019-08-23 17:33:40,846 [RatisPipelineUtilsThread] INFO  pipeline.PipelineStateManager (PipelineStateManager.java:addPipeline(56)) - Created pipeline Pipeline[ Id: c9d4ecab-cbe3-4176-bd59-dd0f07d40551, Nodes: a5230df4-e43a-4560-b8d8-ffa5d1239854{ip: 192.168.69.79, host: pr-hdds-1898-mkj97-200540441, networkLocation: /default-rack, certSerialId: null}, Type:RATIS, Factor:ONE, State:OPEN]
2019-08-23 17:33:41,005 [IPC Server handler 13 on 41440] INFO  net.NetworkTopology (NetworkTopologyImpl.java:add(110)) - Added a new node: /default-rack/4a4bc7f8-d7f4-4b72-b368-a22ea43ebd35
2019-08-23 17:33:41,005 [IPC Server handler 13 on 41440] INFO  node.SCMNodeManager (SCMNodeManager.java:register(273)) - Registered Data node : 4a4bc7f8-d7f4-4b72-b368-a22ea43ebd35{ip: 192.168.69.79, host: pr-hdds-1898-mkj97-200540441, networkLocation: /default-rack, certSerialId: null}
2019-08-23 17:33:41,006 | INFO  | SCMAudit | user=jenkins1000 | ip=192.168.69.79 | op=REGISTER {datanodeDetails=4a4bc7f8-d7f4-4b72-b368-a22ea43ebd35{ip: 192.168.69.79, host: pr-hdds-1898-mkj97-200540441, networkLocation: /default-rack, certSerialId: null}} | ret=SUCCESS |  
2019-08-23 17:33:41,012 [grpc-default-executor-3] INFO  impl.RaftServerProxy (RaftServerProxy.java:addNew(89)) - 4a4bc7f8-d7f4-4b72-b368-a22ea43ebd35: addNew group-4B637FDE9A9A:[4a4bc7f8-d7f4-4b72-b368-a22ea43ebd35:192.168.69.79:44949] returns group-4B637FDE9A9A:java.util.concurrent.CompletableFuture@1dc384c[Not completed]
2019-08-23 17:33:41,013 [pool-461-thread-1] INFO  impl.RaftServerImpl (RaftServerImpl.java:<init>(93)) - 4a4bc7f8-d7f4-4b72-b368-a22ea43ebd35: new RaftServerImpl for group-4B637FDE9A9A:[4a4bc7f8-d7f4-4b72-b368-a22ea43ebd35:192.168.69.79:44949] with ContainerStateMachine:uninitialized
2019-08-23 17:33:41,013 [pool-461-thread-1] INFO  server.RaftServerConfigKeys (ConfUtils.java:logGet(43)) - raft.server.rpc.timeout.min = 5s (custom)
2019-08-23 17:33:41,013 [pool-461-thread-1] INFO  server.RaftServerConfigKeys (ConfUtils.java:logGet(43)) - raft.server.rpc.timeout.max = 5200ms (custom)
2019-08-23 17:33:41,013 [pool-461-thread-1] INFO  server.RaftServerConfigKeys (ConfUtils.java:logGet(43)) - raft.server.rpcslowness.timeout = 120s (custom)
2019-08-23 17:33:41,013 [pool-461-thread-1] INFO  server.RaftServerConfigKeys (ConfUtils.java:logGet(43)) - raft.server.sleep.deviation.threshold = 300 (default)
2019-08-23 17:33:41,014 [pool-461-thread-1] INFO  server.RaftServerConfigKeys (ConfUtils.java:logGet(43)) - raft.server.log.appender.install.snapshot.enabled = false (custom)
2019-08-23 17:33:41,014 [pool-461-thread-1] INFO  impl.RaftServerImpl (ServerState.java:<init>(105)) - 4a4bc7f8-d7f4-4b72-b368-a22ea43ebd35:group-4B637FDE9A9A ConfigurationManager, init=-1: [4a4bc7f8-d7f4-4b72-b368-a22ea43ebd35:192.168.69.79:44949], old=null, confs=<EMPTY_MAP>
2019-08-23 17:33:41,014 [pool-461-thread-1] INFO  server.RaftServerConfigKeys (ConfUtils.java:logGet(43)) - raft.server.storage.dir = [/workdir/hadoop-ozone/integration-test/target/test-dir/MiniOzoneClusterImpl-8a58fefa-0c45-49f9-a99a-9d96e5fc94fa/datanode-2/data/ratis] (custom)
2019-08-23 17:33:41,014 [pool-461-thread-1] INFO  storage.RaftStorageDirectory (RaftStorageDirectory.java:analyzeStorage(246)) - The storage directory /workdir/hadoop-ozone/integration-test/target/test-dir/MiniOzoneClusterImpl-8a58fefa-0c45-49f9-a99a-9d96e5fc94fa/datanode-2/data/ratis/7c41e7b7-d07a-4464-b18f-4b637fde9a9a does not exist. Creating ...
2019-08-23 17:33:41,027 [pool-461-thread-1] INFO  storage.RaftStorageDirectory (RaftStorageDirectory.java:tryLock(328)) - Lock on /workdir/hadoop-ozone/integration-test/target/test-dir/MiniOzoneClusterImpl-8a58fefa-0c45-49f9-a99a-9d96e5fc94fa/datanode-2/data/ratis/7c41e7b7-d07a-4464-b18f-4b637fde9a9a/in_use.lock acquired by nodename 16897@pr-hdds-1898-mkj97-200540441
2019-08-23 17:33:41,040 [pool-461-thread-1] INFO  storage.RaftStorage (RaftStorage.java:format(72)) - Storage directory /workdir/hadoop-ozone/integration-test/target/test-dir/MiniOzoneClusterImpl-8a58fefa-0c45-49f9-a99a-9d96e5fc94fa/datanode-2/data/ratis/7c41e7b7-d07a-4464-b18f-4b637fde9a9a has been successfully formatted.
2019-08-23 17:33:41,041 [pool-461-thread-1] INFO  ratis.ContainerStateMachine (ContainerStateMachine.java:loadSnapshot(226)) - group-4B637FDE9A9A: The snapshot info is null. Setting the last applied indexto:(t:0, i:~)
2019-08-23 17:33:41,041 [pool-461-thread-1] INFO  server.RaftServerConfigKeys (ConfUtils.java:logGet(43)) - raft.server.leader.election.timeout = 120s (custom)
2019-08-23 17:33:41,041 [pool-461-thread-1] INFO  server.RaftServerConfigKeys (ConfUtils.java:logGet(43)) - raft.server.log.use.memory = false (default)
2019-08-23 17:33:41,041 [pool-461-thread-1] INFO  server.RaftServerConfigKeys (ConfUtils.java:logGet(43)) - raft.server.log.purge.gap = 1000000 (custom)
2019-08-23 17:33:41,041 [pool-461-thread-1] INFO  server.RaftServerConfigKeys (ConfUtils.java:logGet(43)) - raft.server.log.appender.buffer.byte-limit = 33554432 (custom)
2019-08-23 17:33:41,041 [pool-461-thread-1] INFO  server.RaftServerConfigKeys (ConfUtils.java:logGet(43)) - raft.server.log.segment.size.max = 1048576 (custom)
2019-08-23 17:33:41,042 [pool-461-thread-1] INFO  server.RaftServerConfigKeys (ConfUtils.java:logGet(43)) - raft.server.log.segment.cache.num.max = 2 (custom)
2019-08-23 17:33:41,042 [pool-461-thread-1] INFO  segmented.SegmentedRaftLogWorker (SegmentedRaftLogWorker.java:<init>(172)) - new 4a4bc7f8-d7f4-4b72-b368-a22ea43ebd35-SegmentedRaftLogWorker:Storage Directory /workdir/hadoop-ozone/integration-test/target/test-dir/MiniOzoneClusterImpl-8a58fefa-0c45-49f9-a99a-9d96e5fc94fa/datanode-2/data/ratis/7c41e7b7-d07a-4464-b18f-4b637fde9a9a for RaftStorage:Storage Directory /workdir/hadoop-ozone/integration-test/target/test-dir/MiniOzoneClusterImpl-8a58fefa-0c45-49f9-a99a-9d96e5fc94fa/datanode-2/data/ratis/7c41e7b7-d07a-4464-b18f-4b637fde9a9a
2019-08-23 17:33:41,042 [pool-461-thread-1] INFO  server.RaftServerConfigKeys (ConfUtils.java:logGet(43)) - raft.server.log.queue.byte-limit = 2147483647 (custom)
2019-08-23 17:33:41,042 [pool-461-thread-1] INFO  server.RaftServerConfigKeys (ConfUtils.java:logGet(43)) - raft.server.log.queue.element-limit = 1024 (custom)
2019-08-23 17:33:41,042 [pool-461-thread-1] INFO  server.RaftServerConfigKeys (ConfUtils.java:logGet(43)) - raft.server.log.segment.size.max = 1048576 (custom)
2019-08-23 17:33:41,042 [pool-461-thread-1] INFO  server.RaftServerConfigKeys (ConfUtils.java:logGet(43)) - raft.server.log.preallocated.size = 16384 (custom)
2019-08-23 17:33:41,043 [pool-461-thread-1] INFO  server.RaftServerConfigKeys (ConfUtils.java:logGet(43)) - raft.server.log.write.buffer.size = 33554432 (custom)
2019-08-23 17:33:41,043 [pool-461-thread-1] INFO  server.RaftServerConfigKeys (ConfUtils.java:logGet(43)) - raft.server.log.force.sync.num = 128 (default)
2019-08-23 17:33:41,043 [pool-461-thread-1] INFO  server.RaftServerConfigKeys (ConfUtils.java:logGet(43)) - raft.server.log.statemachine.data.sync = true (default)
2019-08-23 17:33:41,043 [pool-461-thread-1] INFO  server.RaftServerConfigKeys (ConfUtils.java:logGet(43)) - raft.server.log.statemachine.data.sync.timeout = 10s (default)
2019-08-23 17:33:41,043 [pool-461-thread-1] INFO  server.RaftServerConfigKeys (ConfUtils.java:logGet(43)) - raft.server.log.statemachine.data.sync.timeout.retry = -1 (default)
2019-08-23 17:33:41,043 [pool-461-thread-1] INFO  server.RaftServerConfigKeys (ConfUtils.java:logGet(43)) - raft.server.log.statemachine.data.caching.enabled = true (custom)
2019-08-23 17:33:41,044 [pool-461-thread-1] INFO  segmented.SegmentedRaftLogWorker (SegmentedRaftLogWorker.java:lambda$new$0(132)) - 4a4bc7f8-d7f4-4b72-b368-a22ea43ebd35-SegmentedRaftLogWorker:Storage Directory /workdir/hadoop-ozone/integration-test/target/test-dir/MiniOzoneClusterImpl-8a58fefa-0c45-49f9-a99a-9d96e5fc94fa/datanode-2/data/ratis/7c41e7b7-d07a-4464-b18f-4b637fde9a9a: flushIndex: setUnconditionally 0 -> -1
2019-08-23 17:33:41,044 [pool-461-thread-1] INFO  server.RaftServerConfigKeys (ConfUtils.java:logGet(43)) - raft.server.snapshot.auto.trigger.enabled = true (custom)
2019-08-23 17:33:41,044 [pool-461-thread-1] INFO  server.RaftServerConfigKeys (ConfUtils.java:logGet(43)) - raft.server.snapshot.auto.trigger.threshold = 10000 (custom)
2019-08-23 17:33:41,044 [pool-461-thread-1] INFO  server.RaftServerConfigKeys (ConfUtils.java:logGet(43)) - raft.server.retrycache.expirytime = 600000ms (custom)
2019-08-23 17:33:41,044 [pool-461-thread-1] INFO  impl.RaftServerImpl (RaftServerImpl.java:start(180)) - 4a4bc7f8-d7f4-4b72-b368-a22ea43ebd35: start group-4B637FDE9A9A
2019-08-23 17:33:41,044 [pool-461-thread-1] INFO  impl.RaftServerImpl (RaftServerImpl.java:setRole(171)) - 4a4bc7f8-d7f4-4b72-b368-a22ea43ebd35:group-4B637FDE9A9A changes role from null to FOLLOWER at term 0 for startAsFollower
2019-08-23 17:33:41,045 [pool-461-thread-1] INFO  impl.RoleInfo (RoleInfo.java:updateAndGet(143)) - 4a4bc7f8-d7f4-4b72-b368-a22ea43ebd35: start FollowerState
2019-08-23 17:33:41,045 [pool-461-thread-1] INFO  util.JmxRegister (JmxRegister.java:tryRegister(44)) - Successfully registered JMX Bean with object name Ratis:service=RaftServer,group=group-4B637FDE9A9A,id=4a4bc7f8-d7f4-4b72-b368-a22ea43ebd35
2019-08-23 17:33:41,047 [RatisPipelineUtilsThread] INFO  pipeline.PipelineStateManager (PipelineStateManager.java:addPipeline(56)) - Created pipeline Pipeline[ Id: 7c41e7b7-d07a-4464-b18f-4b637fde9a9a, Nodes: 4a4bc7f8-d7f4-4b72-b368-a22ea43ebd35{ip: 192.168.69.79, host: pr-hdds-1898-mkj97-200540441, networkLocation: /default-rack, certSerialId: null}, Type:RATIS, Factor:ONE, State:OPEN]
2019-08-23 17:33:41,057 [grpc-default-executor-2] INFO  impl.RaftServerProxy (RaftServerProxy.java:addNew(89)) - 4a4bc7f8-d7f4-4b72-b368-a22ea43ebd35: addNew group-23790B55D079:[a5230df4-e43a-4560-b8d8-ffa5d1239854:192.168.69.79:44378, 4a4bc7f8-d7f4-4b72-b368-a22ea43ebd35:192.168.69.79:44949, c1868ab2-aa15-4f4a-9771-d4fa90467b59:192.168.69.79:41918] returns group-23790B55D079:java.util.concurrent.CompletableFuture@4d6ecc8a[Not completed]
2019-08-23 17:33:41,058 [grpc-default-executor-3] INFO  impl.RaftServerProxy (RaftServerProxy.java:addNew(89)) - c1868ab2-aa15-4f4a-9771-d4fa90467b59: addNew group-23790B55D079:[a5230df4-e43a-4560-b8d8-ffa5d1239854:192.168.69.79:44378, 4a4bc7f8-d7f4-4b72-b368-a22ea43ebd35:192.168.69.79:44949, c1868ab2-aa15-4f4a-9771-d4fa90467b59:192.168.69.79:41918] returns group-23790B55D079:java.util.concurrent.CompletableFuture@114eab1c[Not completed]
2019-08-23 17:33:41,058 [grpc-default-executor-2] INFO  impl.RaftServerProxy (RaftServerProxy.java:addNew(89)) - a5230df4-e43a-4560-b8d8-ffa5d1239854: addNew group-23790B55D079:[a5230df4-e43a-4560-b8d8-ffa5d1239854:192.168.69.79:44378, 4a4bc7f8-d7f4-4b72-b368-a22ea43ebd35:192.168.69.79:44949, c1868ab2-aa15-4f4a-9771-d4fa90467b59:192.168.69.79:41918] returns group-23790B55D079:java.util.concurrent.CompletableFuture@58a48c42[Not completed]
2019-08-23 17:33:41,059 [pool-439-thread-1] INFO  impl.RaftServerImpl (RaftServerImpl.java:<init>(93)) - c1868ab2-aa15-4f4a-9771-d4fa90467b59: new RaftServerImpl for group-23790B55D079:[a5230df4-e43a-4560-b8d8-ffa5d1239854:192.168.69.79:44378, 4a4bc7f8-d7f4-4b72-b368-a22ea43ebd35:192.168.69.79:44949, c1868ab2-aa15-4f4a-9771-d4fa90467b59:192.168.69.79:41918] with ContainerStateMachine:uninitialized
2019-08-23 17:33:41,060 [pool-439-thread-1] INFO  server.RaftServerConfigKeys (ConfUtils.java:logGet(43)) - raft.server.rpc.timeout.min = 5s (custom)
2019-08-23 17:33:41,060 [pool-439-thread-1] INFO  server.RaftServerConfigKeys (ConfUtils.java:logGet(43)) - raft.server.rpc.timeout.max = 5200ms (custom)
2019-08-23 17:33:41,060 [pool-439-thread-1] INFO  server.RaftServerConfigKeys (ConfUtils.java:logGet(43)) - raft.server.rpcslowness.timeout = 120s (custom)
2019-08-23 17:33:41,060 [pool-439-thread-1] INFO  server.RaftServerConfigKeys (ConfUtils.java:logGet(43)) - raft.server.sleep.deviation.threshold = 300 (default)
2019-08-23 17:33:41,060 [pool-439-thread-1] INFO  server.RaftServerConfigKeys (ConfUtils.java:logGet(43)) - raft.server.log.appender.install.snapshot.enabled = false (custom)
2019-08-23 17:33:41,060 [pool-461-thread-1] INFO  impl.RaftServerImpl (RaftServerImpl.java:<init>(93)) - 4a4bc7f8-d7f4-4b72-b368-a22ea43ebd35: new RaftServerImpl for group-23790B55D079:[a5230df4-e43a-4560-b8d8-ffa5d1239854:192.168.69.79:44378, 4a4bc7f8-d7f4-4b72-b368-a22ea43ebd35:192.168.69.79:44949, c1868ab2-aa15-4f4a-9771-d4fa90467b59:192.168.69.79:41918] with ContainerStateMachine:uninitialized
2019-08-23 17:33:41,060 [pool-439-thread-1] INFO  impl.RaftServerImpl (ServerState.java:<init>(105)) - c1868ab2-aa15-4f4a-9771-d4fa90467b59:group-23790B55D079 ConfigurationManager, init=-1: [a5230df4-e43a-4560-b8d8-ffa5d1239854:192.168.69.79:44378, 4a4bc7f8-d7f4-4b72-b368-a22ea43ebd35:192.168.69.79:44949, c1868ab2-aa15-4f4a-9771-d4fa90467b59:192.168.69.79:41918], old=null, confs=<EMPTY_MAP>
2019-08-23 17:33:41,060 [pool-461-thread-1] INFO  server.RaftServerConfigKeys (ConfUtils.java:logGet(43)) - raft.server.rpc.timeout.min = 5s (custom)
2019-08-23 17:33:41,061 [pool-450-thread-1] INFO  impl.RaftServerImpl (RaftServerImpl.java:<init>(93)) - a5230df4-e43a-4560-b8d8-ffa5d1239854: new RaftServerImpl for group-23790B55D079:[a5230df4-e43a-4560-b8d8-ffa5d1239854:192.168.69.79:44378, 4a4bc7f8-d7f4-4b72-b368-a22ea43ebd35:192.168.69.79:44949, c1868ab2-aa15-4f4a-9771-d4fa90467b59:192.168.69.79:41918] with ContainerStateMachine:uninitialized
2019-08-23 17:33:41,060 [pool-439-thread-1] INFO  server.RaftServerConfigKeys (ConfUtils.java:logGet(43)) - raft.server.storage.dir = [/workdir/hadoop-ozone/integration-test/target/test-dir/MiniOzoneClusterImpl-8a58fefa-0c45-49f9-a99a-9d96e5fc94fa/datanode-0/data/ratis] (custom)
2019-08-23 17:33:41,061 [pool-450-thread-1] INFO  server.RaftServerConfigKeys (ConfUtils.java:logGet(43)) - raft.server.rpc.timeout.min = 5s (custom)
2019-08-23 17:33:41,061 [pool-461-thread-1] INFO  server.RaftServerConfigKeys (ConfUtils.java:logGet(43)) - raft.server.rpc.timeout.max = 5200ms (custom)
2019-08-23 17:33:41,061 [pool-450-thread-1] INFO  server.RaftServerConfigKeys (ConfUtils.java:logGet(43)) - raft.server.rpc.timeout.max = 5200ms (custom)
2019-08-23 17:33:41,061 [pool-461-thread-1] INFO  server.RaftServerConfigKeys (ConfUtils.java:logGet(43)) - raft.server.rpcslowness.timeout = 120s (custom)
2019-08-23 17:33:41,061 [pool-439-thread-1] INFO  storage.RaftStorageDirectory (RaftStorageDirectory.java:analyzeStorage(246)) - The storage directory /workdir/hadoop-ozone/integration-test/target/test-dir/MiniOzoneClusterImpl-8a58fefa-0c45-49f9-a99a-9d96e5fc94fa/datanode-0/data/ratis/732778ba-4420-4963-b6e0-23790b55d079 does not exist. Creating ...
2019-08-23 17:33:41,061 [pool-461-thread-1] INFO  server.RaftServerConfigKeys (ConfUtils.java:logGet(43)) - raft.server.sleep.deviation.threshold = 300 (default)
2019-08-23 17:33:41,061 [pool-450-thread-1] INFO  server.RaftServerConfigKeys (ConfUtils.java:logGet(43)) - raft.server.rpcslowness.timeout = 120s (custom)
2019-08-23 17:33:41,061 [pool-461-thread-1] INFO  server.RaftServerConfigKeys (ConfUtils.java:logGet(43)) - raft.server.log.appender.install.snapshot.enabled = false (custom)
2019-08-23 17:33:41,061 [pool-450-thread-1] INFO  server.RaftServerConfigKeys (ConfUtils.java:logGet(43)) - raft.server.sleep.deviation.threshold = 300 (default)
2019-08-23 17:33:41,062 [pool-461-thread-1] INFO  impl.RaftServerImpl (ServerState.java:<init>(105)) - 4a4bc7f8-d7f4-4b72-b368-a22ea43ebd35:group-23790B55D079 ConfigurationManager, init=-1: [a5230df4-e43a-4560-b8d8-ffa5d1239854:192.168.69.79:44378, 4a4bc7f8-d7f4-4b72-b368-a22ea43ebd35:192.168.69.79:44949, c1868ab2-aa15-4f4a-9771-d4fa90467b59:192.168.69.79:41918], old=null, confs=<EMPTY_MAP>
2019-08-23 17:33:41,062 [pool-450-thread-1] INFO  server.RaftServerConfigKeys (ConfUtils.java:logGet(43)) - raft.server.log.appender.install.snapshot.enabled = false (custom)
2019-08-23 17:33:41,062 [pool-461-thread-1] INFO  server.RaftServerConfigKeys (ConfUtils.java:logGet(43)) - raft.server.storage.dir = [/workdir/hadoop-ozone/integration-test/target/test-dir/MiniOzoneClusterImpl-8a58fefa-0c45-49f9-a99a-9d96e5fc94fa/datanode-2/data/ratis] (custom)
2019-08-23 17:33:41,062 [pool-450-thread-1] INFO  impl.RaftServerImpl (ServerState.java:<init>(105)) - a5230df4-e43a-4560-b8d8-ffa5d1239854:group-23790B55D079 ConfigurationManager, init=-1: [a5230df4-e43a-4560-b8d8-ffa5d1239854:192.168.69.79:44378, 4a4bc7f8-d7f4-4b72-b368-a22ea43ebd35:192.168.69.79:44949, c1868ab2-aa15-4f4a-9771-d4fa90467b59:192.168.69.79:41918], old=null, confs=<EMPTY_MAP>
2019-08-23 17:33:41,062 [pool-450-thread-1] INFO  server.RaftServerConfigKeys (ConfUtils.java:logGet(43)) - raft.server.storage.dir = [/workdir/hadoop-ozone/integration-test/target/test-dir/MiniOzoneClusterImpl-8a58fefa-0c45-49f9-a99a-9d96e5fc94fa/datanode-1/data/ratis] (custom)
2019-08-23 17:33:41,062 [pool-461-thread-1] INFO  storage.RaftStorageDirectory (RaftStorageDirectory.java:analyzeStorage(246)) - The storage directory /workdir/hadoop-ozone/integration-test/target/test-dir/MiniOzoneClusterImpl-8a58fefa-0c45-49f9-a99a-9d96e5fc94fa/datanode-2/data/ratis/732778ba-4420-4963-b6e0-23790b55d079 does not exist. Creating ...
2019-08-23 17:33:41,062 [pool-450-thread-1] INFO  storage.RaftStorageDirectory (RaftStorageDirectory.java:analyzeStorage(246)) - The storage directory /workdir/hadoop-ozone/integration-test/target/test-dir/MiniOzoneClusterImpl-8a58fefa-0c45-49f9-a99a-9d96e5fc94fa/datanode-1/data/ratis/732778ba-4420-4963-b6e0-23790b55d079 does not exist. Creating ...
2019-08-23 17:33:41,074 [pool-461-thread-1] INFO  storage.RaftStorageDirectory (RaftStorageDirectory.java:tryLock(328)) - Lock on /workdir/hadoop-ozone/integration-test/target/test-dir/MiniOzoneClusterImpl-8a58fefa-0c45-49f9-a99a-9d96e5fc94fa/datanode-2/data/ratis/732778ba-4420-4963-b6e0-23790b55d079/in_use.lock acquired by nodename 16897@pr-hdds-1898-mkj97-200540441
2019-08-23 17:33:41,074 [pool-439-thread-1] INFO  storage.RaftStorageDirectory (RaftStorageDirectory.java:tryLock(328)) - Lock on /workdir/hadoop-ozone/integration-test/target/test-dir/MiniOzoneClusterImpl-8a58fefa-0c45-49f9-a99a-9d96e5fc94fa/datanode-0/data/ratis/732778ba-4420-4963-b6e0-23790b55d079/in_use.lock acquired by nodename 16897@pr-hdds-1898-mkj97-200540441
2019-08-23 17:33:41,074 [pool-450-thread-1] INFO  storage.RaftStorageDirectory (RaftStorageDirectory.java:tryLock(328)) - Lock on /workdir/hadoop-ozone/integration-test/target/test-dir/MiniOzoneClusterImpl-8a58fefa-0c45-49f9-a99a-9d96e5fc94fa/datanode-1/data/ratis/732778ba-4420-4963-b6e0-23790b55d079/in_use.lock acquired by nodename 16897@pr-hdds-1898-mkj97-200540441
2019-08-23 17:33:41,088 [pool-450-thread-1] INFO  storage.RaftStorage (RaftStorage.java:format(72)) - Storage directory /workdir/hadoop-ozone/integration-test/target/test-dir/MiniOzoneClusterImpl-8a58fefa-0c45-49f9-a99a-9d96e5fc94fa/datanode-1/data/ratis/732778ba-4420-4963-b6e0-23790b55d079 has been successfully formatted.
2019-08-23 17:33:41,088 [pool-439-thread-1] INFO  storage.RaftStorage (RaftStorage.java:format(72)) - Storage directory /workdir/hadoop-ozone/integration-test/target/test-dir/MiniOzoneClusterImpl-8a58fefa-0c45-49f9-a99a-9d96e5fc94fa/datanode-0/data/ratis/732778ba-4420-4963-b6e0-23790b55d079 has been successfully formatted.
2019-08-23 17:33:41,088 [pool-450-thread-1] INFO  ratis.ContainerStateMachine (ContainerStateMachine.java:loadSnapshot(226)) - group-23790B55D079: The snapshot info is null. Setting the last applied indexto:(t:0, i:~)
2019-08-23 17:33:41,088 [pool-461-thread-1] INFO  storage.RaftStorage (RaftStorage.java:format(72)) - Storage directory /workdir/hadoop-ozone/integration-test/target/test-dir/MiniOzoneClusterImpl-8a58fefa-0c45-49f9-a99a-9d96e5fc94fa/datanode-2/data/ratis/732778ba-4420-4963-b6e0-23790b55d079 has been successfully formatted.
2019-08-23 17:33:41,088 [pool-439-thread-1] INFO  ratis.ContainerStateMachine (ContainerStateMachine.java:loadSnapshot(226)) - group-23790B55D079: The snapshot info is null. Setting the last applied indexto:(t:0, i:~)
2019-08-23 17:33:41,088 [pool-450-thread-1] INFO  server.RaftServerConfigKeys (ConfUtils.java:logGet(43)) - raft.server.leader.election.timeout = 120s (custom)
2019-08-23 17:33:41,088 [pool-439-thread-1] INFO  server.RaftServerConfigKeys (ConfUtils.java:logGet(43)) - raft.server.leader.election.timeout = 120s (custom)
2019-08-23 17:33:41,088 [pool-461-thread-1] INFO  ratis.ContainerStateMachine (ContainerStateMachine.java:loadSnapshot(226)) - group-23790B55D079: The snapshot info is null. Setting the last applied indexto:(t:0, i:~)
2019-08-23 17:33:41,088 [pool-439-thread-1] INFO  server.RaftServerConfigKeys (ConfUtils.java:logGet(43)) - raft.server.log.use.memory = false (default)
2019-08-23 17:33:41,088 [pool-450-thread-1] INFO  server.RaftServerConfigKeys (ConfUtils.java:logGet(43)) - raft.server.log.use.memory = false (default)
2019-08-23 17:33:41,089 [pool-439-thread-1] INFO  server.RaftServerConfigKeys (ConfUtils.java:logGet(43)) - raft.server.log.purge.gap = 1000000 (custom)
2019-08-23 17:33:41,088 [pool-461-thread-1] INFO  server.RaftServerConfigKeys (ConfUtils.java:logGet(43)) - raft.server.leader.election.timeout = 120s (custom)
2019-08-23 17:33:41,089 [pool-439-thread-1] INFO  server.RaftServerConfigKeys (ConfUtils.java:logGet(43)) - raft.server.log.appender.buffer.byte-limit = 33554432 (custom)
2019-08-23 17:33:41,089 [pool-450-thread-1] INFO  server.RaftServerConfigKeys (ConfUtils.java:logGet(43)) - raft.server.log.purge.gap = 1000000 (custom)
2019-08-23 17:33:41,089 [pool-439-thread-1] INFO  server.RaftServerConfigKeys (ConfUtils.java:logGet(43)) - raft.server.log.segment.size.max = 1048576 (custom)
2019-08-23 17:33:41,089 [pool-461-thread-1] INFO  server.RaftServerConfigKeys (ConfUtils.java:logGet(43)) - raft.server.log.use.memory = false (default)
2019-08-23 17:33:41,089 [pool-439-thread-1] INFO  server.RaftServerConfigKeys (ConfUtils.java:logGet(43)) - raft.server.log.segment.cache.num.max = 2 (custom)
2019-08-23 17:33:41,089 [pool-439-thread-1] INFO  segmented.SegmentedRaftLogWorker (SegmentedRaftLogWorker.java:<init>(172)) - new c1868ab2-aa15-4f4a-9771-d4fa90467b59-SegmentedRaftLogWorker:Storage Directory /workdir/hadoop-ozone/integration-test/target/test-dir/MiniOzoneClusterImpl-8a58fefa-0c45-49f9-a99a-9d96e5fc94fa/datanode-0/data/ratis/732778ba-4420-4963-b6e0-23790b55d079 for RaftStorage:Storage Directory /workdir/hadoop-ozone/integration-test/target/test-dir/MiniOzoneClusterImpl-8a58fefa-0c45-49f9-a99a-9d96e5fc94fa/datanode-0/data/ratis/732778ba-4420-4963-b6e0-23790b55d079
2019-08-23 17:33:41,089 [pool-450-thread-1] INFO  server.RaftServerConfigKeys (ConfUtils.java:logGet(43)) - raft.server.log.appender.buffer.byte-limit = 33554432 (custom)
2019-08-23 17:33:41,090 [pool-439-thread-1] INFO  server.RaftServerConfigKeys (ConfUtils.java:logGet(43)) - raft.server.log.queue.byte-limit = 2147483647 (custom)
2019-08-23 17:33:41,090 [pool-439-thread-1] INFO  server.RaftServerConfigKeys (ConfUtils.java:logGet(43)) - raft.server.log.queue.element-limit = 1024 (custom)
2019-08-23 17:33:41,089 [pool-461-thread-1] INFO  server.RaftServerConfigKeys (ConfUtils.java:logGet(43)) - raft.server.log.purge.gap = 1000000 (custom)
2019-08-23 17:33:41,090 [pool-439-thread-1] INFO  server.RaftServerConfigKeys (ConfUtils.java:logGet(43)) - raft.server.log.segment.size.max = 1048576 (custom)
2019-08-23 17:33:41,090 [pool-450-thread-1] INFO  server.RaftServerConfigKeys (ConfUtils.java:logGet(43)) - raft.server.log.segment.size.max = 1048576 (custom)
2019-08-23 17:33:41,090 [pool-439-thread-1] INFO  server.RaftServerConfigKeys (ConfUtils.java:logGet(43)) - raft.server.log.preallocated.size = 16384 (custom)
2019-08-23 17:33:41,090 [pool-461-thread-1] INFO  server.RaftServerConfigKeys (ConfUtils.java:logGet(43)) - raft.server.log.appender.buffer.byte-limit = 33554432 (custom)
2019-08-23 17:33:41,090 [pool-439-thread-1] INFO  server.RaftServerConfigKeys (ConfUtils.java:logGet(43)) - raft.server.log.write.buffer.size = 33554432 (custom)
2019-08-23 17:33:41,091 [pool-439-thread-1] INFO  server.RaftServerConfigKeys (ConfUtils.java:logGet(43)) - raft.server.log.force.sync.num = 128 (default)
2019-08-23 17:33:41,090 [pool-450-thread-1] INFO  server.RaftServerConfigKeys (ConfUtils.java:logGet(43)) - raft.server.log.segment.cache.num.max = 2 (custom)
2019-08-23 17:33:41,091 [pool-439-thread-1] INFO  server.RaftServerConfigKeys (ConfUtils.java:logGet(43)) - raft.server.log.statemachine.data.sync = true (default)
2019-08-23 17:33:41,090 [pool-461-thread-1] INFO  server.RaftServerConfigKeys (ConfUtils.java:logGet(43)) - raft.server.log.segment.size.max = 1048576 (custom)
2019-08-23 17:33:41,091 [pool-439-thread-1] INFO  server.RaftServerConfigKeys (ConfUtils.java:logGet(43)) - raft.server.log.statemachine.data.sync.timeout = 10s (default)
2019-08-23 17:33:41,091 [pool-450-thread-1] INFO  segmented.SegmentedRaftLogWorker (SegmentedRaftLogWorker.java:<init>(172)) - new a5230df4-e43a-4560-b8d8-ffa5d1239854-SegmentedRaftLogWorker:Storage Directory /workdir/hadoop-ozone/integration-test/target/test-dir/MiniOzoneClusterImpl-8a58fefa-0c45-49f9-a99a-9d96e5fc94fa/datanode-1/data/ratis/732778ba-4420-4963-b6e0-23790b55d079 for RaftStorage:Storage Directory /workdir/hadoop-ozone/integration-test/target/test-dir/MiniOzoneClusterImpl-8a58fefa-0c45-49f9-a99a-9d96e5fc94fa/datanode-1/data/ratis/732778ba-4420-4963-b6e0-23790b55d079
2019-08-23 17:33:41,091 [pool-439-thread-1] INFO  server.RaftServerConfigKeys (ConfUtils.java:logGet(43)) - raft.server.log.statemachine.data.sync.timeout.retry = -1 (default)
2019-08-23 17:33:41,091 [pool-439-thread-1] INFO  server.RaftServerConfigKeys (ConfUtils.java:logGet(43)) - raft.server.log.statemachine.data.caching.enabled = true (custom)
2019-08-23 17:33:41,091 [pool-461-thread-1] INFO  server.RaftServerConfigKeys (ConfUtils.java:logGet(43)) - raft.server.log.segment.cache.num.max = 2 (custom)
2019-08-23 17:33:41,091 [pool-450-thread-1] INFO  server.RaftServerConfigKeys (ConfUtils.java:logGet(43)) - raft.server.log.queue.byte-limit = 2147483647 (custom)
2019-08-23 17:33:41,092 [pool-439-thread-1] INFO  segmented.SegmentedRaftLogWorker (SegmentedRaftLogWorker.java:lambda$new$0(132)) - c1868ab2-aa15-4f4a-9771-d4fa90467b59-SegmentedRaftLogWorker:Storage Directory /workdir/hadoop-ozone/integration-test/target/test-dir/MiniOzoneClusterImpl-8a58fefa-0c45-49f9-a99a-9d96e5fc94fa/datanode-0/data/ratis/732778ba-4420-4963-b6e0-23790b55d079: flushIndex: setUnconditionally 0 -> -1
2019-08-23 17:33:41,092 [pool-461-thread-1] INFO  segmented.SegmentedRaftLogWorker (SegmentedRaftLogWorker.java:<init>(172)) - new 4a4bc7f8-d7f4-4b72-b368-a22ea43ebd35-SegmentedRaftLogWorker:Storage Directory /workdir/hadoop-ozone/integration-test/target/test-dir/MiniOzoneClusterImpl-8a58fefa-0c45-49f9-a99a-9d96e5fc94fa/datanode-2/data/ratis/732778ba-4420-4963-b6e0-23790b55d079 for RaftStorage:Storage Directory /workdir/hadoop-ozone/integration-test/target/test-dir/MiniOzoneClusterImpl-8a58fefa-0c45-49f9-a99a-9d96e5fc94fa/datanode-2/data/ratis/732778ba-4420-4963-b6e0-23790b55d079
2019-08-23 17:33:41,092 [pool-450-thread-1] INFO  server.RaftServerConfigKeys (ConfUtils.java:logGet(43)) - raft.server.log.queue.element-limit = 1024 (custom)
2019-08-23 17:33:41,092 [pool-461-thread-1] INFO  server.RaftServerConfigKeys (ConfUtils.java:logGet(43)) - raft.server.log.queue.byte-limit = 2147483647 (custom)
2019-08-23 17:33:41,092 [pool-439-thread-1] INFO  server.RaftServerConfigKeys (ConfUtils.java:logGet(43)) - raft.server.snapshot.auto.trigger.enabled = true (custom)
2019-08-23 17:33:41,092 [pool-461-thread-1] INFO  server.RaftServerConfigKeys (ConfUtils.java:logGet(43)) - raft.server.log.queue.element-limit = 1024 (custom)
2019-08-23 17:33:41,092 [pool-450-thread-1] INFO  server.RaftServerConfigKeys (ConfUtils.java:logGet(43)) - raft.server.log.segment.size.max = 1048576 (custom)
2019-08-23 17:33:41,093 [pool-461-thread-1] INFO  server.RaftServerConfigKeys (ConfUtils.java:logGet(43)) - raft.server.log.segment.size.max = 1048576 (custom)
2019-08-23 17:33:41,092 [pool-439-thread-1] INFO  server.RaftServerConfigKeys (ConfUtils.java:logGet(43)) - raft.server.snapshot.auto.trigger.threshold = 10000 (custom)
2019-08-23 17:33:41,093 [pool-461-thread-1] INFO  server.RaftServerConfigKeys (ConfUtils.java:logGet(43)) - raft.server.log.preallocated.size = 16384 (custom)
2019-08-23 17:33:41,093 [pool-450-thread-1] INFO  server.RaftServerConfigKeys (ConfUtils.java:logGet(43)) - raft.server.log.preallocated.size = 16384 (custom)
2019-08-23 17:33:41,093 [pool-461-thread-1] INFO  server.RaftServerConfigKeys (ConfUtils.java:logGet(43)) - raft.server.log.write.buffer.size = 33554432 (custom)
2019-08-23 17:33:41,093 [pool-439-thread-1] INFO  server.RaftServerConfigKeys (ConfUtils.java:logGet(43)) - raft.server.retrycache.expirytime = 600000ms (custom)
2019-08-23 17:33:41,093 [pool-461-thread-1] INFO  server.RaftServerConfigKeys (ConfUtils.java:logGet(43)) - raft.server.log.force.sync.num = 128 (default)
2019-08-23 17:33:41,093 [pool-450-thread-1] INFO  server.RaftServerConfigKeys (ConfUtils.java:logGet(43)) - raft.server.log.write.buffer.size = 33554432 (custom)
2019-08-23 17:33:41,093 [pool-461-thread-1] INFO  server.RaftServerConfigKeys (ConfUtils.java:logGet(43)) - raft.server.log.statemachine.data.sync = true (default)
2019-08-23 17:33:41,093 [pool-439-thread-1] INFO  impl.RaftServerImpl (RaftServerImpl.java:start(180)) - c1868ab2-aa15-4f4a-9771-d4fa90467b59: start group-23790B55D079
2019-08-23 17:33:41,094 [pool-461-thread-1] INFO  server.RaftServerConfigKeys (ConfUtils.java:logGet(43)) - raft.server.log.statemachine.data.sync.timeout = 10s (default)
2019-08-23 17:33:41,094 [pool-450-thread-1] INFO  server.RaftServerConfigKeys (ConfUtils.java:logGet(43)) - raft.server.log.force.sync.num = 128 (default)
2019-08-23 17:33:41,094 [pool-461-thread-1] INFO  server.RaftServerConfigKeys (ConfUtils.java:logGet(43)) - raft.server.log.statemachine.data.sync.timeout.retry = -1 (default)
2019-08-23 17:33:41,094 [pool-439-thread-1] INFO  impl.RaftServerImpl (RaftServerImpl.java:setRole(171)) - c1868ab2-aa15-4f4a-9771-d4fa90467b59:group-23790B55D079 changes role from null to FOLLOWER at term 0 for startAsFollower
2019-08-23 17:33:41,094 [pool-461-thread-1] INFO  server.RaftServerConfigKeys (ConfUtils.java:logGet(43)) - raft.server.log.statemachine.data.caching.enabled = true (custom)
2019-08-23 17:33:41,094 [pool-450-thread-1] INFO  server.RaftServerConfigKeys (ConfUtils.java:logGet(43)) - raft.server.log.statemachine.data.sync = true (default)
2019-08-23 17:33:41,094 [pool-439-thread-1] INFO  impl.RoleInfo (RoleInfo.java:updateAndGet(143)) - c1868ab2-aa15-4f4a-9771-d4fa90467b59: start FollowerState
2019-08-23 17:33:41,094 [pool-450-thread-1] INFO  server.RaftServerConfigKeys (ConfUtils.java:logGet(43)) - raft.server.log.statemachine.data.sync.timeout = 10s (default)
2019-08-23 17:33:41,094 [pool-461-thread-1] INFO  segmented.SegmentedRaftLogWorker (SegmentedRaftLogWorker.java:lambda$new$0(132)) - 4a4bc7f8-d7f4-4b72-b368-a22ea43ebd35-SegmentedRaftLogWorker:Storage Directory /workdir/hadoop-ozone/integration-test/target/test-dir/MiniOzoneClusterImpl-8a58fefa-0c45-49f9-a99a-9d96e5fc94fa/datanode-2/data/ratis/732778ba-4420-4963-b6e0-23790b55d079: flushIndex: setUnconditionally 0 -> -1
2019-08-23 17:33:41,095 [pool-450-thread-1] INFO  server.RaftServerConfigKeys (ConfUtils.java:logGet(43)) - raft.server.log.statemachine.data.sync.timeout.retry = -1 (default)
2019-08-23 17:33:41,103 [pool-461-thread-1] INFO  server.RaftServerConfigKeys (ConfUtils.java:logGet(43)) - raft.server.snapshot.auto.trigger.enabled = true (custom)
2019-08-23 17:33:41,103 [pool-439-thread-1] INFO  util.JmxRegister (JmxRegister.java:tryRegister(44)) - Successfully registered JMX Bean with object name Ratis:service=RaftServer,group=group-23790B55D079,id=c1868ab2-aa15-4f4a-9771-d4fa90467b59
2019-08-23 17:33:41,103 [pool-461-thread-1] INFO  server.RaftServerConfigKeys (ConfUtils.java:logGet(43)) - raft.server.snapshot.auto.trigger.threshold = 10000 (custom)
2019-08-23 17:33:41,103 [pool-450-thread-1] INFO  server.RaftServerConfigKeys (ConfUtils.java:logGet(43)) - raft.server.log.statemachine.data.caching.enabled = true (custom)
2019-08-23 17:33:41,103 [pool-461-thread-1] INFO  server.RaftServerConfigKeys (ConfUtils.java:logGet(43)) - raft.server.retrycache.expirytime = 600000ms (custom)
2019-08-23 17:33:41,111 [pool-450-thread-1] INFO  segmented.SegmentedRaftLogWorker (SegmentedRaftLogWorker.java:lambda$new$0(132)) - a5230df4-e43a-4560-b8d8-ffa5d1239854-SegmentedRaftLogWorker:Storage Directory /workdir/hadoop-ozone/integration-test/target/test-dir/MiniOzoneClusterImpl-8a58fefa-0c45-49f9-a99a-9d96e5fc94fa/datanode-1/data/ratis/732778ba-4420-4963-b6e0-23790b55d079: flushIndex: setUnconditionally 0 -> -1
2019-08-23 17:33:41,111 [pool-461-thread-1] INFO  impl.RaftServerImpl (RaftServerImpl.java:start(180)) - 4a4bc7f8-d7f4-4b72-b368-a22ea43ebd35: start group-23790B55D079
2019-08-23 17:33:41,111 [pool-461-thread-1] INFO  impl.RaftServerImpl (RaftServerImpl.java:setRole(171)) - 4a4bc7f8-d7f4-4b72-b368-a22ea43ebd35:group-23790B55D079 changes role from null to FOLLOWER at term 0 for startAsFollower
2019-08-23 17:33:41,111 [pool-450-thread-1] INFO  server.RaftServerConfigKeys (ConfUtils.java:logGet(43)) - raft.server.snapshot.auto.trigger.enabled = true (custom)
2019-08-23 17:33:41,112 [pool-461-thread-1] INFO  impl.RoleInfo (RoleInfo.java:updateAndGet(143)) - 4a4bc7f8-d7f4-4b72-b368-a22ea43ebd35: start FollowerState
2019-08-23 17:33:41,112 [pool-450-thread-1] INFO  server.RaftServerConfigKeys (ConfUtils.java:logGet(43)) - raft.server.snapshot.auto.trigger.threshold = 10000 (custom)
2019-08-23 17:33:41,112 [pool-450-thread-1] INFO  server.RaftServerConfigKeys (ConfUtils.java:logGet(43)) - raft.server.retrycache.expirytime = 600000ms (custom)
2019-08-23 17:33:41,112 [pool-450-thread-1] INFO  impl.RaftServerImpl (RaftServerImpl.java:start(180)) - a5230df4-e43a-4560-b8d8-ffa5d1239854: start group-23790B55D079
2019-08-23 17:33:41,112 [pool-461-thread-1] INFO  util.JmxRegister (JmxRegister.java:tryRegister(44)) - Successfully registered JMX Bean with object name Ratis:service=RaftServer,group=group-23790B55D079,id=4a4bc7f8-d7f4-4b72-b368-a22ea43ebd35
2019-08-23 17:33:41,112 [pool-450-thread-1] INFO  impl.RaftServerImpl (RaftServerImpl.java:setRole(171)) - a5230df4-e43a-4560-b8d8-ffa5d1239854:group-23790B55D079 changes role from null to FOLLOWER at term 0 for startAsFollower
2019-08-23 17:33:41,112 [pool-450-thread-1] INFO  impl.RoleInfo (RoleInfo.java:updateAndGet(143)) - a5230df4-e43a-4560-b8d8-ffa5d1239854: start FollowerState
2019-08-23 17:33:41,113 [pool-450-thread-1] INFO  util.JmxRegister (JmxRegister.java:tryRegister(44)) - Successfully registered JMX Bean with object name Ratis:service=RaftServer,group=group-23790B55D079,id=a5230df4-e43a-4560-b8d8-ffa5d1239854
2019-08-23 17:33:41,114 [RatisPipelineUtilsThread] INFO  pipeline.PipelineStateManager (PipelineStateManager.java:addPipeline(56)) - Created pipeline Pipeline[ Id: 732778ba-4420-4963-b6e0-23790b55d079, Nodes: a5230df4-e43a-4560-b8d8-ffa5d1239854{ip: 192.168.69.79, host: pr-hdds-1898-mkj97-200540441, networkLocation: /default-rack, certSerialId: null}4a4bc7f8-d7f4-4b72-b368-a22ea43ebd35{ip: 192.168.69.79, host: pr-hdds-1898-mkj97-200540441, networkLocation: /default-rack, certSerialId: null}c1868ab2-aa15-4f4a-9771-d4fa90467b59{ip: 192.168.69.79, host: pr-hdds-1898-mkj97-200540441, networkLocation: /default-rack, certSerialId: null}, Type:RATIS, Factor:THREE, State:OPEN]
2019-08-23 17:33:41,193 [IPC Server handler 15 on 41440] INFO  net.NetworkTopology (NetworkTopologyImpl.java:add(110)) - Added a new node: /default-rack/876990c2-a61c-4f07-9bf7-f26a19606da0
2019-08-23 17:33:41,193 [IPC Server handler 15 on 41440] INFO  node.SCMNodeManager (SCMNodeManager.java:register(273)) - Registered Data node : 876990c2-a61c-4f07-9bf7-f26a19606da0{ip: 192.168.69.79, host: pr-hdds-1898-mkj97-200540441, networkLocation: /default-rack, certSerialId: null}
2019-08-23 17:33:41,193 | INFO  | SCMAudit | user=jenkins1000 | ip=192.168.69.79 | op=REGISTER {datanodeDetails=876990c2-a61c-4f07-9bf7-f26a19606da0{ip: 192.168.69.79, host: pr-hdds-1898-mkj97-200540441, networkLocation: /default-rack, certSerialId: null}} | ret=SUCCESS |  
2019-08-23 17:33:41,199 [grpc-default-executor-2] INFO  impl.RaftServerProxy (RaftServerProxy.java:addNew(89)) - 876990c2-a61c-4f07-9bf7-f26a19606da0: addNew group-C05F37C6532B:[876990c2-a61c-4f07-9bf7-f26a19606da0:192.168.69.79:38348] returns group-C05F37C6532B:java.util.concurrent.CompletableFuture@45642f5a[Not completed]
2019-08-23 17:33:41,200 [pool-472-thread-1] INFO  impl.RaftServerImpl (RaftServerImpl.java:<init>(93)) - 876990c2-a61c-4f07-9bf7-f26a19606da0: new RaftServerImpl for group-C05F37C6532B:[876990c2-a61c-4f07-9bf7-f26a19606da0:192.168.69.79:38348] with ContainerStateMachine:uninitialized
2019-08-23 17:33:41,201 [pool-472-thread-1] INFO  server.RaftServerConfigKeys (ConfUtils.java:logGet(43)) - raft.server.rpc.timeout.min = 5s (custom)
2019-08-23 17:33:41,201 [pool-472-thread-1] INFO  server.RaftServerConfigKeys (ConfUtils.java:logGet(43)) - raft.server.rpc.timeout.max = 5200ms (custom)
2019-08-23 17:33:41,201 [pool-472-thread-1] INFO  server.RaftServerConfigKeys (ConfUtils.java:logGet(43)) - raft.server.rpcslowness.timeout = 120s (custom)
2019-08-23 17:33:41,201 [pool-472-thread-1] INFO  server.RaftServerConfigKeys (ConfUtils.java:logGet(43)) - raft.server.sleep.deviation.threshold = 300 (default)
2019-08-23 17:33:41,201 [pool-472-thread-1] INFO  server.RaftServerConfigKeys (ConfUtils.java:logGet(43)) - raft.server.log.appender.install.snapshot.enabled = false (custom)
2019-08-23 17:33:41,201 [pool-472-thread-1] INFO  impl.RaftServerImpl (ServerState.java:<init>(105)) - 876990c2-a61c-4f07-9bf7-f26a19606da0:group-C05F37C6532B ConfigurationManager, init=-1: [876990c2-a61c-4f07-9bf7-f26a19606da0:192.168.69.79:38348], old=null, confs=<EMPTY_MAP>
2019-08-23 17:33:41,201 [pool-472-thread-1] INFO  server.RaftServerConfigKeys (ConfUtils.java:logGet(43)) - raft.server.storage.dir = [/workdir/hadoop-ozone/integration-test/target/test-dir/MiniOzoneClusterImpl-8a58fefa-0c45-49f9-a99a-9d96e5fc94fa/datanode-3/data/ratis] (custom)
2019-08-23 17:33:41,202 [pool-472-thread-1] INFO  storage.RaftStorageDirectory (RaftStorageDirectory.java:analyzeStorage(246)) - The storage directory /workdir/hadoop-ozone/integration-test/target/test-dir/MiniOzoneClusterImpl-8a58fefa-0c45-49f9-a99a-9d96e5fc94fa/datanode-3/data/ratis/16b5e0ad-6c09-4563-ad10-c05f37c6532b does not exist. Creating ...
2019-08-23 17:33:41,215 [pool-472-thread-1] INFO  storage.RaftStorageDirectory (RaftStorageDirectory.java:tryLock(328)) - Lock on /workdir/hadoop-ozone/integration-test/target/test-dir/MiniOzoneClusterImpl-8a58fefa-0c45-49f9-a99a-9d96e5fc94fa/datanode-3/data/ratis/16b5e0ad-6c09-4563-ad10-c05f37c6532b/in_use.lock acquired by nodename 16897@pr-hdds-1898-mkj97-200540441
2019-08-23 17:33:41,229 [pool-472-thread-1] INFO  storage.RaftStorage (RaftStorage.java:format(72)) - Storage directory /workdir/hadoop-ozone/integration-test/target/test-dir/MiniOzoneClusterImpl-8a58fefa-0c45-49f9-a99a-9d96e5fc94fa/datanode-3/data/ratis/16b5e0ad-6c09-4563-ad10-c05f37c6532b has been successfully formatted.
2019-08-23 17:33:41,229 [pool-472-thread-1] INFO  ratis.ContainerStateMachine (ContainerStateMachine.java:loadSnapshot(226)) - group-C05F37C6532B: The snapshot info is null. Setting the last applied indexto:(t:0, i:~)
2019-08-23 17:33:41,229 [pool-472-thread-1] INFO  server.RaftServerConfigKeys (ConfUtils.java:logGet(43)) - raft.server.leader.election.timeout = 120s (custom)
2019-08-23 17:33:41,229 [pool-472-thread-1] INFO  server.RaftServerConfigKeys (ConfUtils.java:logGet(43)) - raft.server.log.use.memory = false (default)
2019-08-23 17:33:41,230 [pool-472-thread-1] INFO  server.RaftServerConfigKeys (ConfUtils.java:logGet(43)) - raft.server.log.purge.gap = 1000000 (custom)
2019-08-23 17:33:41,230 [pool-472-thread-1] INFO  server.RaftServerConfigKeys (ConfUtils.java:logGet(43)) - raft.server.log.appender.buffer.byte-limit = 33554432 (custom)
2019-08-23 17:33:41,230 [pool-472-thread-1] INFO  server.RaftServerConfigKeys (ConfUtils.java:logGet(43)) - raft.server.log.segment.size.max = 1048576 (custom)
2019-08-23 17:33:41,230 [pool-472-thread-1] INFO  server.RaftServerConfigKeys (ConfUtils.java:logGet(43)) - raft.server.log.segment.cache.num.max = 2 (custom)
2019-08-23 17:33:41,230 [pool-472-thread-1] INFO  segmented.SegmentedRaftLogWorker (SegmentedRaftLogWorker.java:<init>(172)) - new 876990c2-a61c-4f07-9bf7-f26a19606da0-SegmentedRaftLogWorker:Storage Directory /workdir/hadoop-ozone/integration-test/target/test-dir/MiniOzoneClusterImpl-8a58fefa-0c45-49f9-a99a-9d96e5fc94fa/datanode-3/data/ratis/16b5e0ad-6c09-4563-ad10-c05f37c6532b for RaftStorage:Storage Directory /workdir/hadoop-ozone/integration-test/target/test-dir/MiniOzoneClusterImpl-8a58fefa-0c45-49f9-a99a-9d96e5fc94fa/datanode-3/data/ratis/16b5e0ad-6c09-4563-ad10-c05f37c6532b
2019-08-23 17:33:41,230 [pool-472-thread-1] INFO  server.RaftServerConfigKeys (ConfUtils.java:logGet(43)) - raft.server.log.queue.byte-limit = 2147483647 (custom)
2019-08-23 17:33:41,231 [pool-472-thread-1] INFO  server.RaftServerConfigKeys (ConfUtils.java:logGet(43)) - raft.server.log.queue.element-limit = 1024 (custom)
2019-08-23 17:33:41,231 [pool-472-thread-1] INFO  server.RaftServerConfigKeys (ConfUtils.java:logGet(43)) - raft.server.log.segment.size.max = 1048576 (custom)
2019-08-23 17:33:41,231 [pool-472-thread-1] INFO  server.RaftServerConfigKeys (ConfUtils.java:logGet(43)) - raft.server.log.preallocated.size = 16384 (custom)
2019-08-23 17:33:41,231 [pool-472-thread-1] INFO  server.RaftServerConfigKeys (ConfUtils.java:logGet(43)) - raft.server.log.write.buffer.size = 33554432 (custom)
2019-08-23 17:33:41,231 [pool-472-thread-1] INFO  server.RaftServerConfigKeys (ConfUtils.java:logGet(43)) - raft.server.log.force.sync.num = 128 (default)
2019-08-23 17:33:41,231 [pool-472-thread-1] INFO  server.RaftServerConfigKeys (ConfUtils.java:logGet(43)) - raft.server.log.statemachine.data.sync = true (default)
2019-08-23 17:33:41,232 [pool-472-thread-1] INFO  server.RaftServerConfigKeys (ConfUtils.java:logGet(43)) - raft.server.log.statemachine.data.sync.timeout = 10s (default)
2019-08-23 17:33:41,232 [pool-472-thread-1] INFO  server.RaftServerConfigKeys (ConfUtils.java:logGet(43)) - raft.server.log.statemachine.data.sync.timeout.retry = -1 (default)
2019-08-23 17:33:41,232 [pool-472-thread-1] INFO  server.RaftServerConfigKeys (ConfUtils.java:logGet(43)) - raft.server.log.statemachine.data.caching.enabled = true (custom)
2019-08-23 17:33:41,232 [pool-472-thread-1] INFO  segmented.SegmentedRaftLogWorker (SegmentedRaftLogWorker.java:lambda$new$0(132)) - 876990c2-a61c-4f07-9bf7-f26a19606da0-SegmentedRaftLogWorker:Storage Directory /workdir/hadoop-ozone/integration-test/target/test-dir/MiniOzoneClusterImpl-8a58fefa-0c45-49f9-a99a-9d96e5fc94fa/datanode-3/data/ratis/16b5e0ad-6c09-4563-ad10-c05f37c6532b: flushIndex: setUnconditionally 0 -> -1
2019-08-23 17:33:41,233 [pool-472-thread-1] INFO  server.RaftServerConfigKeys (ConfUtils.java:logGet(43)) - raft.server.snapshot.auto.trigger.enabled = true (custom)
2019-08-23 17:33:41,233 [pool-472-thread-1] INFO  server.RaftServerConfigKeys (ConfUtils.java:logGet(43)) - raft.server.snapshot.auto.trigger.threshold = 10000 (custom)
2019-08-23 17:33:41,233 [pool-472-thread-1] INFO  server.RaftServerConfigKeys (ConfUtils.java:logGet(43)) - raft.server.retrycache.expirytime = 600000ms (custom)
2019-08-23 17:33:41,233 [pool-472-thread-1] INFO  impl.RaftServerImpl (RaftServerImpl.java:start(180)) - 876990c2-a61c-4f07-9bf7-f26a19606da0: start group-C05F37C6532B
2019-08-23 17:33:41,233 [pool-472-thread-1] INFO  impl.RaftServerImpl (RaftServerImpl.java:setRole(171)) - 876990c2-a61c-4f07-9bf7-f26a19606da0:group-C05F37C6532B changes role from null to FOLLOWER at term 0 for startAsFollower
2019-08-23 17:33:41,233 [pool-472-thread-1] INFO  impl.RoleInfo (RoleInfo.java:updateAndGet(143)) - 876990c2-a61c-4f07-9bf7-f26a19606da0: start FollowerState
2019-08-23 17:33:41,234 [pool-472-thread-1] INFO  util.JmxRegister (JmxRegister.java:tryRegister(44)) - Successfully registered JMX Bean with object name Ratis:service=RaftServer,group=group-C05F37C6532B,id=876990c2-a61c-4f07-9bf7-f26a19606da0
2019-08-23 17:33:41,236 [RatisPipelineUtilsThread] INFO  pipeline.PipelineStateManager (PipelineStateManager.java:addPipeline(56)) - Created pipeline Pipeline[ Id: 16b5e0ad-6c09-4563-ad10-c05f37c6532b, Nodes: 876990c2-a61c-4f07-9bf7-f26a19606da0{ip: 192.168.69.79, host: pr-hdds-1898-mkj97-200540441, networkLocation: /default-rack, certSerialId: null}, Type:RATIS, Factor:ONE, State:OPEN]
2019-08-23 17:33:41,377 [IPC Server handler 16 on 41440] INFO  net.NetworkTopology (NetworkTopologyImpl.java:add(110)) - Added a new node: /default-rack/31967366-836f-459e-918b-b922ad3a04c0
2019-08-23 17:33:41,377 [IPC Server handler 16 on 41440] INFO  node.SCMNodeManager (SCMNodeManager.java:register(273)) - Registered Data node : 31967366-836f-459e-918b-b922ad3a04c0{ip: 192.168.69.79, host: pr-hdds-1898-mkj97-200540441, networkLocation: /default-rack, certSerialId: null}
2019-08-23 17:33:41,378 | INFO  | SCMAudit | user=jenkins1000 | ip=192.168.69.79 | op=REGISTER {datanodeDetails=31967366-836f-459e-918b-b922ad3a04c0{ip: 192.168.69.79, host: pr-hdds-1898-mkj97-200540441, networkLocation: /default-rack, certSerialId: null}} | ret=SUCCESS |  
2019-08-23 17:33:41,389 [grpc-default-executor-2] INFO  impl.RaftServerProxy (RaftServerProxy.java:addNew(89)) - 31967366-836f-459e-918b-b922ad3a04c0: addNew group-F61F7082A27E:[31967366-836f-459e-918b-b922ad3a04c0:192.168.69.79:38687] returns group-F61F7082A27E:java.util.concurrent.CompletableFuture@411c0337[Not completed]
2019-08-23 17:33:41,390 [pool-483-thread-1] INFO  impl.RaftServerImpl (RaftServerImpl.java:<init>(93)) - 31967366-836f-459e-918b-b922ad3a04c0: new RaftServerImpl for group-F61F7082A27E:[31967366-836f-459e-918b-b922ad3a04c0:192.168.69.79:38687] with ContainerStateMachine:uninitialized
2019-08-23 17:33:41,390 [pool-483-thread-1] INFO  server.RaftServerConfigKeys (ConfUtils.java:logGet(43)) - raft.server.rpc.timeout.min = 5s (custom)
2019-08-23 17:33:41,390 [pool-483-thread-1] INFO  server.RaftServerConfigKeys (ConfUtils.java:logGet(43)) - raft.server.rpc.timeout.max = 5200ms (custom)
2019-08-23 17:33:41,390 [pool-483-thread-1] INFO  server.RaftServerConfigKeys (ConfUtils.java:logGet(43)) - raft.server.rpcslowness.timeout = 120s (custom)
2019-08-23 17:33:41,390 [pool-483-thread-1] INFO  server.RaftServerConfigKeys (ConfUtils.java:logGet(43)) - raft.server.sleep.deviation.threshold = 300 (default)
2019-08-23 17:33:41,390 [pool-483-thread-1] INFO  server.RaftServerConfigKeys (ConfUtils.java:logGet(43)) - raft.server.log.appender.install.snapshot.enabled = false (custom)
2019-08-23 17:33:41,390 [pool-483-thread-1] INFO  impl.RaftServerImpl (ServerState.java:<init>(105)) - 31967366-836f-459e-918b-b922ad3a04c0:group-F61F7082A27E ConfigurationManager, init=-1: [31967366-836f-459e-918b-b922ad3a04c0:192.168.69.79:38687], old=null, confs=<EMPTY_MAP>
2019-08-23 17:33:41,391 [pool-483-thread-1] INFO  server.RaftServerConfigKeys (ConfUtils.java:logGet(43)) - raft.server.storage.dir = [/workdir/hadoop-ozone/integration-test/target/test-dir/MiniOzoneClusterImpl-8a58fefa-0c45-49f9-a99a-9d96e5fc94fa/datanode-4/data/ratis] (custom)
2019-08-23 17:33:41,391 [pool-483-thread-1] INFO  storage.RaftStorageDirectory (RaftStorageDirectory.java:analyzeStorage(246)) - The storage directory /workdir/hadoop-ozone/integration-test/target/test-dir/MiniOzoneClusterImpl-8a58fefa-0c45-49f9-a99a-9d96e5fc94fa/datanode-4/data/ratis/eb2f13bb-a7c9-43b3-99a9-f61f7082a27e does not exist. Creating ...
2019-08-23 17:33:41,397 [pool-483-thread-1] INFO  storage.RaftStorageDirectory (RaftStorageDirectory.java:tryLock(328)) - Lock on /workdir/hadoop-ozone/integration-test/target/test-dir/MiniOzoneClusterImpl-8a58fefa-0c45-49f9-a99a-9d96e5fc94fa/datanode-4/data/ratis/eb2f13bb-a7c9-43b3-99a9-f61f7082a27e/in_use.lock acquired by nodename 16897@pr-hdds-1898-mkj97-200540441
2019-08-23 17:33:41,410 [pool-483-thread-1] INFO  storage.RaftStorage (RaftStorage.java:format(72)) - Storage directory /workdir/hadoop-ozone/integration-test/target/test-dir/MiniOzoneClusterImpl-8a58fefa-0c45-49f9-a99a-9d96e5fc94fa/datanode-4/data/ratis/eb2f13bb-a7c9-43b3-99a9-f61f7082a27e has been successfully formatted.
2019-08-23 17:33:41,411 [pool-483-thread-1] INFO  ratis.ContainerStateMachine (ContainerStateMachine.java:loadSnapshot(226)) - group-F61F7082A27E: The snapshot info is null. Setting the last applied indexto:(t:0, i:~)
2019-08-23 17:33:41,411 [pool-483-thread-1] INFO  server.RaftServerConfigKeys (ConfUtils.java:logGet(43)) - raft.server.leader.election.timeout = 120s (custom)
2019-08-23 17:33:41,411 [pool-483-thread-1] INFO  server.RaftServerConfigKeys (ConfUtils.java:logGet(43)) - raft.server.log.use.memory = false (default)
2019-08-23 17:33:41,411 [pool-483-thread-1] INFO  server.RaftServerConfigKeys (ConfUtils.java:logGet(43)) - raft.server.log.purge.gap = 1000000 (custom)
2019-08-23 17:33:41,411 [pool-483-thread-1] INFO  server.RaftServerConfigKeys (ConfUtils.java:logGet(43)) - raft.server.log.appender.buffer.byte-limit = 33554432 (custom)
2019-08-23 17:33:41,412 [pool-483-thread-1] INFO  server.RaftServerConfigKeys (ConfUtils.java:logGet(43)) - raft.server.log.segment.size.max = 1048576 (custom)
2019-08-23 17:33:41,412 [pool-483-thread-1] INFO  server.RaftServerConfigKeys (ConfUtils.java:logGet(43)) - raft.server.log.segment.cache.num.max = 2 (custom)
2019-08-23 17:33:41,412 [pool-483-thread-1] INFO  segmented.SegmentedRaftLogWorker (SegmentedRaftLogWorker.java:<init>(172)) - new 31967366-836f-459e-918b-b922ad3a04c0-SegmentedRaftLogWorker:Storage Directory /workdir/hadoop-ozone/integration-test/target/test-dir/MiniOzoneClusterImpl-8a58fefa-0c45-49f9-a99a-9d96e5fc94fa/datanode-4/data/ratis/eb2f13bb-a7c9-43b3-99a9-f61f7082a27e for RaftStorage:Storage Directory /workdir/hadoop-ozone/integration-test/target/test-dir/MiniOzoneClusterImpl-8a58fefa-0c45-49f9-a99a-9d96e5fc94fa/datanode-4/data/ratis/eb2f13bb-a7c9-43b3-99a9-f61f7082a27e
2019-08-23 17:33:41,412 [pool-483-thread-1] INFO  server.RaftServerConfigKeys (ConfUtils.java:logGet(43)) - raft.server.log.queue.byte-limit = 2147483647 (custom)
2019-08-23 17:33:41,412 [pool-483-thread-1] INFO  server.RaftServerConfigKeys (ConfUtils.java:logGet(43)) - raft.server.log.queue.element-limit = 1024 (custom)
2019-08-23 17:33:41,412 [pool-483-thread-1] INFO  server.RaftServerConfigKeys (ConfUtils.java:logGet(43)) - raft.server.log.segment.size.max = 1048576 (custom)
2019-08-23 17:33:41,413 [pool-483-thread-1] INFO  server.RaftServerConfigKeys (ConfUtils.java:logGet(43)) - raft.server.log.preallocated.size = 16384 (custom)
2019-08-23 17:33:41,413 [pool-483-thread-1] INFO  server.RaftServerConfigKeys (ConfUtils.java:logGet(43)) - raft.server.log.write.buffer.size = 33554432 (custom)
2019-08-23 17:33:41,413 [pool-483-thread-1] INFO  server.RaftServerConfigKeys (ConfUtils.java:logGet(43)) - raft.server.log.force.sync.num = 128 (default)
2019-08-23 17:33:41,413 [pool-483-thread-1] INFO  server.RaftServerConfigKeys (ConfUtils.java:logGet(43)) - raft.server.log.statemachine.data.sync = true (default)
2019-08-23 17:33:41,413 [pool-483-thread-1] INFO  server.RaftServerConfigKeys (ConfUtils.java:logGet(43)) - raft.server.log.statemachine.data.sync.timeout = 10s (default)
2019-08-23 17:33:41,413 [pool-483-thread-1] INFO  server.RaftServerConfigKeys (ConfUtils.java:logGet(43)) - raft.server.log.statemachine.data.sync.timeout.retry = -1 (default)
2019-08-23 17:33:41,413 [pool-483-thread-1] INFO  server.RaftServerConfigKeys (ConfUtils.java:logGet(43)) - raft.server.log.statemachine.data.caching.enabled = true (custom)
2019-08-23 17:33:41,414 [pool-483-thread-1] INFO  segmented.SegmentedRaftLogWorker (SegmentedRaftLogWorker.java:lambda$new$0(132)) - 31967366-836f-459e-918b-b922ad3a04c0-SegmentedRaftLogWorker:Storage Directory /workdir/hadoop-ozone/integration-test/target/test-dir/MiniOzoneClusterImpl-8a58fefa-0c45-49f9-a99a-9d96e5fc94fa/datanode-4/data/ratis/eb2f13bb-a7c9-43b3-99a9-f61f7082a27e: flushIndex: setUnconditionally 0 -> -1
2019-08-23 17:33:41,414 [pool-483-thread-1] INFO  server.RaftServerConfigKeys (ConfUtils.java:logGet(43)) - raft.server.snapshot.auto.trigger.enabled = true (custom)
2019-08-23 17:33:41,414 [pool-483-thread-1] INFO  server.RaftServerConfigKeys (ConfUtils.java:logGet(43)) - raft.server.snapshot.auto.trigger.threshold = 10000 (custom)
2019-08-23 17:33:41,414 [pool-483-thread-1] INFO  server.RaftServerConfigKeys (ConfUtils.java:logGet(43)) - raft.server.retrycache.expirytime = 600000ms (custom)
2019-08-23 17:33:41,415 [pool-483-thread-1] INFO  impl.RaftServerImpl (RaftServerImpl.java:start(180)) - 31967366-836f-459e-918b-b922ad3a04c0: start group-F61F7082A27E
2019-08-23 17:33:41,415 [pool-483-thread-1] INFO  impl.RaftServerImpl (RaftServerImpl.java:setRole(171)) - 31967366-836f-459e-918b-b922ad3a04c0:group-F61F7082A27E changes role from null to FOLLOWER at term 0 for startAsFollower
2019-08-23 17:33:41,415 [pool-483-thread-1] INFO  impl.RoleInfo (RoleInfo.java:updateAndGet(143)) - 31967366-836f-459e-918b-b922ad3a04c0: start FollowerState
2019-08-23 17:33:41,415 [pool-483-thread-1] INFO  util.JmxRegister (JmxRegister.java:tryRegister(44)) - Successfully registered JMX Bean with object name Ratis:service=RaftServer,group=group-F61F7082A27E,id=31967366-836f-459e-918b-b922ad3a04c0
2019-08-23 17:33:41,417 [RatisPipelineUtilsThread] INFO  pipeline.PipelineStateManager (PipelineStateManager.java:addPipeline(56)) - Created pipeline Pipeline[ Id: eb2f13bb-a7c9-43b3-99a9-f61f7082a27e, Nodes: 31967366-836f-459e-918b-b922ad3a04c0{ip: 192.168.69.79, host: pr-hdds-1898-mkj97-200540441, networkLocation: /default-rack, certSerialId: null}, Type:RATIS, Factor:ONE, State:OPEN]
2019-08-23 17:33:41,556 [IPC Server handler 17 on 41440] INFO  net.NetworkTopology (NetworkTopologyImpl.java:add(110)) - Added a new node: /default-rack/6fbb74d4-a5a3-4cb1-84f5-d8b0772040c1
2019-08-23 17:33:41,556 [IPC Server handler 17 on 41440] INFO  node.SCMNodeManager (SCMNodeManager.java:register(273)) - Registered Data node : 6fbb74d4-a5a3-4cb1-84f5-d8b0772040c1{ip: 192.168.69.79, host: pr-hdds-1898-mkj97-200540441, networkLocation: /default-rack, certSerialId: null}
2019-08-23 17:33:41,559 | INFO  | SCMAudit | user=jenkins1000 | ip=192.168.69.79 | op=REGISTER {datanodeDetails=6fbb74d4-a5a3-4cb1-84f5-d8b0772040c1{ip: 192.168.69.79, host: pr-hdds-1898-mkj97-200540441, networkLocation: /default-rack, certSerialId: null}} | ret=SUCCESS |  
2019-08-23 17:33:41,564 [grpc-default-executor-2] INFO  impl.RaftServerProxy (RaftServerProxy.java:addNew(89)) - 6fbb74d4-a5a3-4cb1-84f5-d8b0772040c1: addNew group-FC81EEBA94C8:[6fbb74d4-a5a3-4cb1-84f5-d8b0772040c1:192.168.69.79:33633] returns group-FC81EEBA94C8:java.util.concurrent.CompletableFuture@ee396ef[Not completed]
2019-08-23 17:33:41,565 [pool-494-thread-1] INFO  impl.RaftServerImpl (RaftServerImpl.java:<init>(93)) - 6fbb74d4-a5a3-4cb1-84f5-d8b0772040c1: new RaftServerImpl for group-FC81EEBA94C8:[6fbb74d4-a5a3-4cb1-84f5-d8b0772040c1:192.168.69.79:33633] with ContainerStateMachine:uninitialized
2019-08-23 17:33:41,565 [pool-494-thread-1] INFO  server.RaftServerConfigKeys (ConfUtils.java:logGet(43)) - raft.server.rpc.timeout.min = 5s (custom)
2019-08-23 17:33:41,565 [pool-494-thread-1] INFO  server.RaftServerConfigKeys (ConfUtils.java:logGet(43)) - raft.server.rpc.timeout.max = 5200ms (custom)
2019-08-23 17:33:41,565 [pool-494-thread-1] INFO  server.RaftServerConfigKeys (ConfUtils.java:logGet(43)) - raft.server.rpcslowness.timeout = 120s (custom)
2019-08-23 17:33:41,565 [pool-494-thread-1] INFO  server.RaftServerConfigKeys (ConfUtils.java:logGet(43)) - raft.server.sleep.deviation.threshold = 300 (default)
2019-08-23 17:33:41,565 [pool-494-thread-1] INFO  server.RaftServerConfigKeys (ConfUtils.java:logGet(43)) - raft.server.log.appender.install.snapshot.enabled = false (custom)
2019-08-23 17:33:41,566 [pool-494-thread-1] INFO  impl.RaftServerImpl (ServerState.java:<init>(105)) - 6fbb74d4-a5a3-4cb1-84f5-d8b0772040c1:group-FC81EEBA94C8 ConfigurationManager, init=-1: [6fbb74d4-a5a3-4cb1-84f5-d8b0772040c1:192.168.69.79:33633], old=null, confs=<EMPTY_MAP>
2019-08-23 17:33:41,566 [pool-494-thread-1] INFO  server.RaftServerConfigKeys (ConfUtils.java:logGet(43)) - raft.server.storage.dir = [/workdir/hadoop-ozone/integration-test/target/test-dir/MiniOzoneClusterImpl-8a58fefa-0c45-49f9-a99a-9d96e5fc94fa/datanode-5/data/ratis] (custom)
2019-08-23 17:33:41,566 [pool-494-thread-1] INFO  storage.RaftStorageDirectory (RaftStorageDirectory.java:analyzeStorage(246)) - The storage directory /workdir/hadoop-ozone/integration-test/target/test-dir/MiniOzoneClusterImpl-8a58fefa-0c45-49f9-a99a-9d96e5fc94fa/datanode-5/data/ratis/15e2b675-6ffd-4a5f-94b8-fc81eeba94c8 does not exist. Creating ...
2019-08-23 17:33:41,580 [pool-494-thread-1] INFO  storage.RaftStorageDirectory (RaftStorageDirectory.java:tryLock(328)) - Lock on /workdir/hadoop-ozone/integration-test/target/test-dir/MiniOzoneClusterImpl-8a58fefa-0c45-49f9-a99a-9d96e5fc94fa/datanode-5/data/ratis/15e2b675-6ffd-4a5f-94b8-fc81eeba94c8/in_use.lock acquired by nodename 16897@pr-hdds-1898-mkj97-200540441
2019-08-23 17:33:41,593 [pool-494-thread-1] INFO  storage.RaftStorage (RaftStorage.java:format(72)) - Storage directory /workdir/hadoop-ozone/integration-test/target/test-dir/MiniOzoneClusterImpl-8a58fefa-0c45-49f9-a99a-9d96e5fc94fa/datanode-5/data/ratis/15e2b675-6ffd-4a5f-94b8-fc81eeba94c8 has been successfully formatted.
2019-08-23 17:33:41,593 [pool-494-thread-1] INFO  ratis.ContainerStateMachine (ContainerStateMachine.java:loadSnapshot(226)) - group-FC81EEBA94C8: The snapshot info is null. Setting the last applied indexto:(t:0, i:~)
2019-08-23 17:33:41,593 [pool-494-thread-1] INFO  server.RaftServerConfigKeys (ConfUtils.java:logGet(43)) - raft.server.leader.election.timeout = 120s (custom)
2019-08-23 17:33:41,594 [pool-494-thread-1] INFO  server.RaftServerConfigKeys (ConfUtils.java:logGet(43)) - raft.server.log.use.memory = false (default)
2019-08-23 17:33:41,594 [pool-494-thread-1] INFO  server.RaftServerConfigKeys (ConfUtils.java:logGet(43)) - raft.server.log.purge.gap = 1000000 (custom)
2019-08-23 17:33:41,594 [pool-494-thread-1] INFO  server.RaftServerConfigKeys (ConfUtils.java:logGet(43)) - raft.server.log.appender.buffer.byte-limit = 33554432 (custom)
2019-08-23 17:33:41,594 [pool-494-thread-1] INFO  server.RaftServerConfigKeys (ConfUtils.java:logGet(43)) - raft.server.log.segment.size.max = 1048576 (custom)
2019-08-23 17:33:41,594 [pool-494-thread-1] INFO  server.RaftServerConfigKeys (ConfUtils.java:logGet(43)) - raft.server.log.segment.cache.num.max = 2 (custom)
2019-08-23 17:33:41,594 [pool-494-thread-1] INFO  segmented.SegmentedRaftLogWorker (SegmentedRaftLogWorker.java:<init>(172)) - new 6fbb74d4-a5a3-4cb1-84f5-d8b0772040c1-SegmentedRaftLogWorker:Storage Directory /workdir/hadoop-ozone/integration-test/target/test-dir/MiniOzoneClusterImpl-8a58fefa-0c45-49f9-a99a-9d96e5fc94fa/datanode-5/data/ratis/15e2b675-6ffd-4a5f-94b8-fc81eeba94c8 for RaftStorage:Storage Directory /workdir/hadoop-ozone/integration-test/target/test-dir/MiniOzoneClusterImpl-8a58fefa-0c45-49f9-a99a-9d96e5fc94fa/datanode-5/data/ratis/15e2b675-6ffd-4a5f-94b8-fc81eeba94c8
2019-08-23 17:33:41,594 [pool-494-thread-1] INFO  server.RaftServerConfigKeys (ConfUtils.java:logGet(43)) - raft.server.log.queue.byte-limit = 2147483647 (custom)
2019-08-23 17:33:41,594 [pool-494-thread-1] INFO  server.RaftServerConfigKeys (ConfUtils.java:logGet(43)) - raft.server.log.queue.element-limit = 1024 (custom)
2019-08-23 17:33:41,595 [pool-494-thread-1] INFO  server.RaftServerConfigKeys (ConfUtils.java:logGet(43)) - raft.server.log.segment.size.max = 1048576 (custom)
2019-08-23 17:33:41,595 [pool-494-thread-1] INFO  server.RaftServerConfigKeys (ConfUtils.java:logGet(43)) - raft.server.log.preallocated.size = 16384 (custom)
2019-08-23 17:33:41,595 [pool-494-thread-1] INFO  server.RaftServerConfigKeys (ConfUtils.java:logGet(43)) - raft.server.log.write.buffer.size = 33554432 (custom)
2019-08-23 17:33:41,595 [pool-494-thread-1] INFO  server.RaftServerConfigKeys (ConfUtils.java:logGet(43)) - raft.server.log.force.sync.num = 128 (default)
2019-08-23 17:33:41,595 [pool-494-thread-1] INFO  server.RaftServerConfigKeys (ConfUtils.java:logGet(43)) - raft.server.log.statemachine.data.sync = true (default)
2019-08-23 17:33:41,595 [pool-494-thread-1] INFO  server.RaftServerConfigKeys (ConfUtils.java:logGet(43)) - raft.server.log.statemachine.data.sync.timeout = 10s (default)
2019-08-23 17:33:41,595 [pool-494-thread-1] INFO  server.RaftServerConfigKeys (ConfUtils.java:logGet(43)) - raft.server.log.statemachine.data.sync.timeout.retry = -1 (default)
2019-08-23 17:33:41,595 [pool-494-thread-1] INFO  server.RaftServerConfigKeys (ConfUtils.java:logGet(43)) - raft.server.log.statemachine.data.caching.enabled = true (custom)
2019-08-23 17:33:41,596 [pool-494-thread-1] INFO  segmented.SegmentedRaftLogWorker (SegmentedRaftLogWorker.java:lambda$new$0(132)) - 6fbb74d4-a5a3-4cb1-84f5-d8b0772040c1-SegmentedRaftLogWorker:Storage Directory /workdir/hadoop-ozone/integration-test/target/test-dir/MiniOzoneClusterImpl-8a58fefa-0c45-49f9-a99a-9d96e5fc94fa/datanode-5/data/ratis/15e2b675-6ffd-4a5f-94b8-fc81eeba94c8: flushIndex: setUnconditionally 0 -> -1
2019-08-23 17:33:41,596 [pool-494-thread-1] INFO  server.RaftServerConfigKeys (ConfUtils.java:logGet(43)) - raft.server.snapshot.auto.trigger.enabled = true (custom)
2019-08-23 17:33:41,596 [pool-494-thread-1] INFO  server.RaftServerConfigKeys (ConfUtils.java:logGet(43)) - raft.server.snapshot.auto.trigger.threshold = 10000 (custom)
2019-08-23 17:33:41,596 [pool-494-thread-1] INFO  server.RaftServerConfigKeys (ConfUtils.java:logGet(43)) - raft.server.retrycache.expirytime = 600000ms (custom)
2019-08-23 17:33:41,596 [pool-494-thread-1] INFO  impl.RaftServerImpl (RaftServerImpl.java:start(180)) - 6fbb74d4-a5a3-4cb1-84f5-d8b0772040c1: start group-FC81EEBA94C8
2019-08-23 17:33:41,596 [pool-494-thread-1] INFO  impl.RaftServerImpl (RaftServerImpl.java:setRole(171)) - 6fbb74d4-a5a3-4cb1-84f5-d8b0772040c1:group-FC81EEBA94C8 changes role from null to FOLLOWER at term 0 for startAsFollower
2019-08-23 17:33:41,596 [pool-494-thread-1] INFO  impl.RoleInfo (RoleInfo.java:updateAndGet(143)) - 6fbb74d4-a5a3-4cb1-84f5-d8b0772040c1: start FollowerState
2019-08-23 17:33:41,597 [pool-494-thread-1] INFO  util.JmxRegister (JmxRegister.java:tryRegister(44)) - Successfully registered JMX Bean with object name Ratis:service=RaftServer,group=group-FC81EEBA94C8,id=6fbb74d4-a5a3-4cb1-84f5-d8b0772040c1
2019-08-23 17:33:41,599 [RatisPipelineUtilsThread] INFO  pipeline.PipelineStateManager (PipelineStateManager.java:addPipeline(56)) - Created pipeline Pipeline[ Id: 15e2b675-6ffd-4a5f-94b8-fc81eeba94c8, Nodes: 6fbb74d4-a5a3-4cb1-84f5-d8b0772040c1{ip: 192.168.69.79, host: pr-hdds-1898-mkj97-200540441, networkLocation: /default-rack, certSerialId: null}, Type:RATIS, Factor:ONE, State:OPEN]
2019-08-23 17:33:41,610 [grpc-default-executor-2] INFO  impl.RaftServerProxy (RaftServerProxy.java:addNew(89)) - 6fbb74d4-a5a3-4cb1-84f5-d8b0772040c1: addNew group-7D984785181D:[6fbb74d4-a5a3-4cb1-84f5-d8b0772040c1:192.168.69.79:33633, 31967366-836f-459e-918b-b922ad3a04c0:192.168.69.79:38687, 876990c2-a61c-4f07-9bf7-f26a19606da0:192.168.69.79:38348] returns group-7D984785181D:java.util.concurrent.CompletableFuture@3de66d84[Not completed]
2019-08-23 17:33:41,610 [grpc-default-executor-3] INFO  impl.RaftServerProxy (RaftServerProxy.java:addNew(89)) - 876990c2-a61c-4f07-9bf7-f26a19606da0: addNew group-7D984785181D:[6fbb74d4-a5a3-4cb1-84f5-d8b0772040c1:192.168.69.79:33633, 31967366-836f-459e-918b-b922ad3a04c0:192.168.69.79:38687, 876990c2-a61c-4f07-9bf7-f26a19606da0:192.168.69.79:38348] returns group-7D984785181D:java.util.concurrent.CompletableFuture@6aabb6c7[Not completed]
2019-08-23 17:33:41,610 [grpc-default-executor-6] INFO  impl.RaftServerProxy (RaftServerProxy.java:addNew(89)) - 31967366-836f-459e-918b-b922ad3a04c0: addNew group-7D984785181D:[6fbb74d4-a5a3-4cb1-84f5-d8b0772040c1:192.168.69.79:33633, 31967366-836f-459e-918b-b922ad3a04c0:192.168.69.79:38687, 876990c2-a61c-4f07-9bf7-f26a19606da0:192.168.69.79:38348] returns group-7D984785181D:java.util.concurrent.CompletableFuture@5758ec29[Not completed]
2019-08-23 17:33:41,611 [pool-494-thread-1] INFO  impl.RaftServerImpl (RaftServerImpl.java:<init>(93)) - 6fbb74d4-a5a3-4cb1-84f5-d8b0772040c1: new RaftServerImpl for group-7D984785181D:[6fbb74d4-a5a3-4cb1-84f5-d8b0772040c1:192.168.69.79:33633, 31967366-836f-459e-918b-b922ad3a04c0:192.168.69.79:38687, 876990c2-a61c-4f07-9bf7-f26a19606da0:192.168.69.79:38348] with ContainerStateMachine:uninitialized
2019-08-23 17:33:41,612 [pool-494-thread-1] INFO  server.RaftServerConfigKeys (ConfUtils.java:logGet(43)) - raft.server.rpc.timeout.min = 5s (custom)
2019-08-23 17:33:41,612 [pool-494-thread-1] INFO  server.RaftServerConfigKeys (ConfUtils.java:logGet(43)) - raft.server.rpc.timeout.max = 5200ms (custom)
2019-08-23 17:33:41,612 [pool-494-thread-1] INFO  server.RaftServerConfigKeys (ConfUtils.java:logGet(43)) - raft.server.rpcslowness.timeout = 120s (custom)
2019-08-23 17:33:41,612 [pool-472-thread-1] INFO  impl.RaftServerImpl (RaftServerImpl.java:<init>(93)) - 876990c2-a61c-4f07-9bf7-f26a19606da0: new RaftServerImpl for group-7D984785181D:[6fbb74d4-a5a3-4cb1-84f5-d8b0772040c1:192.168.69.79:33633, 31967366-836f-459e-918b-b922ad3a04c0:192.168.69.79:38687, 876990c2-a61c-4f07-9bf7-f26a19606da0:192.168.69.79:38348] with ContainerStateMachine:uninitialized
2019-08-23 17:33:41,612 [pool-494-thread-1] INFO  server.RaftServerConfigKeys (ConfUtils.java:logGet(43)) - raft.server.sleep.deviation.threshold = 300 (default)
2019-08-23 17:33:41,612 [pool-472-thread-1] INFO  server.RaftServerConfigKeys (ConfUtils.java:logGet(43)) - raft.server.rpc.timeout.min = 5s (custom)
2019-08-23 17:33:41,612 [pool-483-thread-1] INFO  impl.RaftServerImpl (RaftServerImpl.java:<init>(93)) - 31967366-836f-459e-918b-b922ad3a04c0: new RaftServerImpl for group-7D984785181D:[6fbb74d4-a5a3-4cb1-84f5-d8b0772040c1:192.168.69.79:33633, 31967366-836f-459e-918b-b922ad3a04c0:192.168.69.79:38687, 876990c2-a61c-4f07-9bf7-f26a19606da0:192.168.69.79:38348] with ContainerStateMachine:uninitialized
2019-08-23 17:33:41,612 [pool-494-thread-1] INFO  server.RaftServerConfigKeys (ConfUtils.java:logGet(43)) - raft.server.log.appender.install.snapshot.enabled = false (custom)
2019-08-23 17:33:41,612 [pool-483-thread-1] INFO  server.RaftServerConfigKeys (ConfUtils.java:logGet(43)) - raft.server.rpc.timeout.min = 5s (custom)
2019-08-23 17:33:41,612 [pool-472-thread-1] INFO  server.RaftServerConfigKeys (ConfUtils.java:logGet(43)) - raft.server.rpc.timeout.max = 5200ms (custom)
2019-08-23 17:33:41,612 [pool-483-thread-1] INFO  server.RaftServerConfigKeys (ConfUtils.java:logGet(43)) - raft.server.rpc.timeout.max = 5200ms (custom)
2019-08-23 17:33:41,612 [pool-494-thread-1] INFO  impl.RaftServerImpl (ServerState.java:<init>(105)) - 6fbb74d4-a5a3-4cb1-84f5-d8b0772040c1:group-7D984785181D ConfigurationManager, init=-1: [6fbb74d4-a5a3-4cb1-84f5-d8b0772040c1:192.168.69.79:33633, 31967366-836f-459e-918b-b922ad3a04c0:192.168.69.79:38687, 876990c2-a61c-4f07-9bf7-f26a19606da0:192.168.69.79:38348], old=null, confs=<EMPTY_MAP>
2019-08-23 17:33:41,613 [pool-483-thread-1] INFO  server.RaftServerConfigKeys (ConfUtils.java:logGet(43)) - raft.server.rpcslowness.timeout = 120s (custom)
2019-08-23 17:33:41,612 [pool-472-thread-1] INFO  server.RaftServerConfigKeys (ConfUtils.java:logGet(43)) - raft.server.rpcslowness.timeout = 120s (custom)
2019-08-23 17:33:41,613 [pool-483-thread-1] INFO  server.RaftServerConfigKeys (ConfUtils.java:logGet(43)) - raft.server.sleep.deviation.threshold = 300 (default)
2019-08-23 17:33:41,613 [pool-494-thread-1] INFO  server.RaftServerConfigKeys (ConfUtils.java:logGet(43)) - raft.server.storage.dir = [/workdir/hadoop-ozone/integration-test/target/test-dir/MiniOzoneClusterImpl-8a58fefa-0c45-49f9-a99a-9d96e5fc94fa/datanode-5/data/ratis] (custom)
2019-08-23 17:33:41,613 [pool-483-thread-1] INFO  server.RaftServerConfigKeys (ConfUtils.java:logGet(43)) - raft.server.log.appender.install.snapshot.enabled = false (custom)
2019-08-23 17:33:41,613 [pool-472-thread-1] INFO  server.RaftServerConfigKeys (ConfUtils.java:logGet(43)) - raft.server.sleep.deviation.threshold = 300 (default)
2019-08-23 17:33:41,613 [pool-483-thread-1] INFO  impl.RaftServerImpl (ServerState.java:<init>(105)) - 31967366-836f-459e-918b-b922ad3a04c0:group-7D984785181D ConfigurationManager, init=-1: [6fbb74d4-a5a3-4cb1-84f5-d8b0772040c1:192.168.69.79:33633, 31967366-836f-459e-918b-b922ad3a04c0:192.168.69.79:38687, 876990c2-a61c-4f07-9bf7-f26a19606da0:192.168.69.79:38348], old=null, confs=<EMPTY_MAP>
2019-08-23 17:33:41,613 [pool-472-thread-1] INFO  server.RaftServerConfigKeys (ConfUtils.java:logGet(43)) - raft.server.log.appender.install.snapshot.enabled = false (custom)
2019-08-23 17:33:41,613 [pool-494-thread-1] INFO  storage.RaftStorageDirectory (RaftStorageDirectory.java:analyzeStorage(246)) - The storage directory /workdir/hadoop-ozone/integration-test/target/test-dir/MiniOzoneClusterImpl-8a58fefa-0c45-49f9-a99a-9d96e5fc94fa/datanode-5/data/ratis/90bebacc-638c-4edb-9395-7d984785181d does not exist. Creating ...
2019-08-23 17:33:41,613 [pool-472-thread-1] INFO  impl.RaftServerImpl (ServerState.java:<init>(105)) - 876990c2-a61c-4f07-9bf7-f26a19606da0:group-7D984785181D ConfigurationManager, init=-1: [6fbb74d4-a5a3-4cb1-84f5-d8b0772040c1:192.168.69.79:33633, 31967366-836f-459e-918b-b922ad3a04c0:192.168.69.79:38687, 876990c2-a61c-4f07-9bf7-f26a19606da0:192.168.69.79:38348], old=null, confs=<EMPTY_MAP>
2019-08-23 17:33:41,613 [pool-483-thread-1] INFO  server.RaftServerConfigKeys (ConfUtils.java:logGet(43)) - raft.server.storage.dir = [/workdir/hadoop-ozone/integration-test/target/test-dir/MiniOzoneClusterImpl-8a58fefa-0c45-49f9-a99a-9d96e5fc94fa/datanode-4/data/ratis] (custom)
2019-08-23 17:33:41,614 [pool-472-thread-1] INFO  server.RaftServerConfigKeys (ConfUtils.java:logGet(43)) - raft.server.storage.dir = [/workdir/hadoop-ozone/integration-test/target/test-dir/MiniOzoneClusterImpl-8a58fefa-0c45-49f9-a99a-9d96e5fc94fa/datanode-3/data/ratis] (custom)
2019-08-23 17:33:41,614 [pool-483-thread-1] INFO  storage.RaftStorageDirectory (RaftStorageDirectory.java:analyzeStorage(246)) - The storage directory /workdir/hadoop-ozone/integration-test/target/test-dir/MiniOzoneClusterImpl-8a58fefa-0c45-49f9-a99a-9d96e5fc94fa/datanode-4/data/ratis/90bebacc-638c-4edb-9395-7d984785181d does not exist. Creating ...
2019-08-23 17:33:41,614 [pool-472-thread-1] INFO  storage.RaftStorageDirectory (RaftStorageDirectory.java:analyzeStorage(246)) - The storage directory /workdir/hadoop-ozone/integration-test/target/test-dir/MiniOzoneClusterImpl-8a58fefa-0c45-49f9-a99a-9d96e5fc94fa/datanode-3/data/ratis/90bebacc-638c-4edb-9395-7d984785181d does not exist. Creating ...
2019-08-23 17:33:41,627 [pool-472-thread-1] INFO  storage.RaftStorageDirectory (RaftStorageDirectory.java:tryLock(328)) - Lock on /workdir/hadoop-ozone/integration-test/target/test-dir/MiniOzoneClusterImpl-8a58fefa-0c45-49f9-a99a-9d96e5fc94fa/datanode-3/data/ratis/90bebacc-638c-4edb-9395-7d984785181d/in_use.lock acquired by nodename 16897@pr-hdds-1898-mkj97-200540441
2019-08-23 17:33:41,627 [pool-494-thread-1] INFO  storage.RaftStorageDirectory (RaftStorageDirectory.java:tryLock(328)) - Lock on /workdir/hadoop-ozone/integration-test/target/test-dir/MiniOzoneClusterImpl-8a58fefa-0c45-49f9-a99a-9d96e5fc94fa/datanode-5/data/ratis/90bebacc-638c-4edb-9395-7d984785181d/in_use.lock acquired by nodename 16897@pr-hdds-1898-mkj97-200540441
2019-08-23 17:33:41,627 [pool-483-thread-1] INFO  storage.RaftStorageDirectory (RaftStorageDirectory.java:tryLock(328)) - Lock on /workdir/hadoop-ozone/integration-test/target/test-dir/MiniOzoneClusterImpl-8a58fefa-0c45-49f9-a99a-9d96e5fc94fa/datanode-4/data/ratis/90bebacc-638c-4edb-9395-7d984785181d/in_use.lock acquired by nodename 16897@pr-hdds-1898-mkj97-200540441
2019-08-23 17:33:41,641 [pool-472-thread-1] INFO  storage.RaftStorage (RaftStorage.java:format(72)) - Storage directory /workdir/hadoop-ozone/integration-test/target/test-dir/MiniOzoneClusterImpl-8a58fefa-0c45-49f9-a99a-9d96e5fc94fa/datanode-3/data/ratis/90bebacc-638c-4edb-9395-7d984785181d has been successfully formatted.
2019-08-23 17:33:41,641 [pool-494-thread-1] INFO  storage.RaftStorage (RaftStorage.java:format(72)) - Storage directory /workdir/hadoop-ozone/integration-test/target/test-dir/MiniOzoneClusterImpl-8a58fefa-0c45-49f9-a99a-9d96e5fc94fa/datanode-5/data/ratis/90bebacc-638c-4edb-9395-7d984785181d has been successfully formatted.
2019-08-23 17:33:41,641 [pool-483-thread-1] INFO  storage.RaftStorage (RaftStorage.java:format(72)) - Storage directory /workdir/hadoop-ozone/integration-test/target/test-dir/MiniOzoneClusterImpl-8a58fefa-0c45-49f9-a99a-9d96e5fc94fa/datanode-4/data/ratis/90bebacc-638c-4edb-9395-7d984785181d has been successfully formatted.
2019-08-23 17:33:41,641 [pool-472-thread-1] INFO  ratis.ContainerStateMachine (ContainerStateMachine.java:loadSnapshot(226)) - group-7D984785181D: The snapshot info is null. Setting the last applied indexto:(t:0, i:~)
2019-08-23 17:33:41,641 [pool-483-thread-1] INFO  ratis.ContainerStateMachine (ContainerStateMachine.java:loadSnapshot(226)) - group-7D984785181D: The snapshot info is null. Setting the last applied indexto:(t:0, i:~)
2019-08-23 17:33:41,641 [pool-494-thread-1] INFO  ratis.ContainerStateMachine (ContainerStateMachine.java:loadSnapshot(226)) - group-7D984785181D: The snapshot info is null. Setting the last applied indexto:(t:0, i:~)
2019-08-23 17:33:41,641 [pool-483-thread-1] INFO  server.RaftServerConfigKeys (ConfUtils.java:logGet(43)) - raft.server.leader.election.timeout = 120s (custom)
2019-08-23 17:33:41,641 [pool-472-thread-1] INFO  server.RaftServerConfigKeys (ConfUtils.java:logGet(43)) - raft.server.leader.election.timeout = 120s (custom)
2019-08-23 17:33:41,642 [pool-483-thread-1] INFO  server.RaftServerConfigKeys (ConfUtils.java:logGet(43)) - raft.server.log.use.memory = false (default)
2019-08-23 17:33:41,641 [pool-494-thread-1] INFO  server.RaftServerConfigKeys (ConfUtils.java:logGet(43)) - raft.server.leader.election.timeout = 120s (custom)
2019-08-23 17:33:41,642 [pool-483-thread-1] INFO  server.RaftServerConfigKeys (ConfUtils.java:logGet(43)) - raft.server.log.purge.gap = 1000000 (custom)
2019-08-23 17:33:41,642 [pool-472-thread-1] INFO  server.RaftServerConfigKeys (ConfUtils.java:logGet(43)) - raft.server.log.use.memory = false (default)
2019-08-23 17:33:41,642 [pool-483-thread-1] INFO  server.RaftServerConfigKeys (ConfUtils.java:logGet(43)) - raft.server.log.appender.buffer.byte-limit = 33554432 (custom)
2019-08-23 17:33:41,642 [pool-494-thread-1] INFO  server.RaftServerConfigKeys (ConfUtils.java:logGet(43)) - raft.server.log.use.memory = false (default)
2019-08-23 17:33:41,642 [pool-483-thread-1] INFO  server.RaftServerConfigKeys (ConfUtils.java:logGet(43)) - raft.server.log.segment.size.max = 1048576 (custom)
2019-08-23 17:33:41,642 [pool-472-thread-1] INFO  server.RaftServerConfigKeys (ConfUtils.java:logGet(43)) - raft.server.log.purge.gap = 1000000 (custom)
2019-08-23 17:33:41,642 [pool-483-thread-1] INFO  server.RaftServerConfigKeys (ConfUtils.java:logGet(43)) - raft.server.log.segment.cache.num.max = 2 (custom)
2019-08-23 17:33:41,642 [pool-494-thread-1] INFO  server.RaftServerConfigKeys (ConfUtils.java:logGet(43)) - raft.server.log.purge.gap = 1000000 (custom)
2019-08-23 17:33:41,643 [pool-483-thread-1] INFO  segmented.SegmentedRaftLogWorker (SegmentedRaftLogWorker.java:<init>(172)) - new 31967366-836f-459e-918b-b922ad3a04c0-SegmentedRaftLogWorker:Storage Directory /workdir/hadoop-ozone/integration-test/target/test-dir/MiniOzoneClusterImpl-8a58fefa-0c45-49f9-a99a-9d96e5fc94fa/datanode-4/data/ratis/90bebacc-638c-4edb-9395-7d984785181d for RaftStorage:Storage Directory /workdir/hadoop-ozone/integration-test/target/test-dir/MiniOzoneClusterImpl-8a58fefa-0c45-49f9-a99a-9d96e5fc94fa/datanode-4/data/ratis/90bebacc-638c-4edb-9395-7d984785181d
2019-08-23 17:33:41,642 [pool-472-thread-1] INFO  server.RaftServerConfigKeys (ConfUtils.java:logGet(43)) - raft.server.log.appender.buffer.byte-limit = 33554432 (custom)
2019-08-23 17:33:41,643 [pool-483-thread-1] INFO  server.RaftServerConfigKeys (ConfUtils.java:logGet(43)) - raft.server.log.queue.byte-limit = 2147483647 (custom)
2019-08-23 17:33:41,643 [pool-494-thread-1] INFO  server.RaftServerConfigKeys (ConfUtils.java:logGet(43)) - raft.server.log.appender.buffer.byte-limit = 33554432 (custom)
2019-08-23 17:33:41,643 [pool-483-thread-1] INFO  server.RaftServerConfigKeys (ConfUtils.java:logGet(43)) - raft.server.log.queue.element-limit = 1024 (custom)
2019-08-23 17:33:41,643 [pool-472-thread-1] INFO  server.RaftServerConfigKeys (ConfUtils.java:logGet(43)) - raft.server.log.segment.size.max = 1048576 (custom)
2019-08-23 17:33:41,643 [pool-483-thread-1] INFO  server.RaftServerConfigKeys (ConfUtils.java:logGet(43)) - raft.server.log.segment.size.max = 1048576 (custom)
2019-08-23 17:33:41,643 [pool-494-thread-1] INFO  server.RaftServerConfigKeys (ConfUtils.java:logGet(43)) - raft.server.log.segment.size.max = 1048576 (custom)
2019-08-23 17:33:41,643 [pool-483-thread-1] INFO  server.RaftServerConfigKeys (ConfUtils.java:logGet(43)) - raft.server.log.preallocated.size = 16384 (custom)
2019-08-23 17:33:41,643 [pool-472-thread-1] INFO  server.RaftServerConfigKeys (ConfUtils.java:logGet(43)) - raft.server.log.segment.cache.num.max = 2 (custom)
2019-08-23 17:33:41,644 [pool-483-thread-1] INFO  server.RaftServerConfigKeys (ConfUtils.java:logGet(43)) - raft.server.log.write.buffer.size = 33554432 (custom)
2019-08-23 17:33:41,643 [pool-494-thread-1] INFO  server.RaftServerConfigKeys (ConfUtils.java:logGet(43)) - raft.server.log.segment.cache.num.max = 2 (custom)
2019-08-23 17:33:41,644 [pool-483-thread-1] INFO  server.RaftServerConfigKeys (ConfUtils.java:logGet(43)) - raft.server.log.force.sync.num = 128 (default)
2019-08-23 17:33:41,644 [pool-472-thread-1] INFO  segmented.SegmentedRaftLogWorker (SegmentedRaftLogWorker.java:<init>(172)) - new 876990c2-a61c-4f07-9bf7-f26a19606da0-SegmentedRaftLogWorker:Storage Directory /workdir/hadoop-ozone/integration-test/target/test-dir/MiniOzoneClusterImpl-8a58fefa-0c45-49f9-a99a-9d96e5fc94fa/datanode-3/data/ratis/90bebacc-638c-4edb-9395-7d984785181d for RaftStorage:Storage Directory /workdir/hadoop-ozone/integration-test/target/test-dir/MiniOzoneClusterImpl-8a58fefa-0c45-49f9-a99a-9d96e5fc94fa/datanode-3/data/ratis/90bebacc-638c-4edb-9395-7d984785181d
2019-08-23 17:33:41,644 [pool-483-thread-1] INFO  server.RaftServerConfigKeys (ConfUtils.java:logGet(43)) - raft.server.log.statemachine.data.sync = true (default)
2019-08-23 17:33:41,644 [pool-494-thread-1] INFO  segmented.SegmentedRaftLogWorker (SegmentedRaftLogWorker.java:<init>(172)) - new 6fbb74d4-a5a3-4cb1-84f5-d8b0772040c1-SegmentedRaftLogWorker:Storage Directory /workdir/hadoop-ozone/integration-test/target/test-dir/MiniOzoneClusterImpl-8a58fefa-0c45-49f9-a99a-9d96e5fc94fa/datanode-5/data/ratis/90bebacc-638c-4edb-9395-7d984785181d for RaftStorage:Storage Directory /workdir/hadoop-ozone/integration-test/target/test-dir/MiniOzoneClusterImpl-8a58fefa-0c45-49f9-a99a-9d96e5fc94fa/datanode-5/data/ratis/90bebacc-638c-4edb-9395-7d984785181d
2019-08-23 17:33:41,644 [pool-483-thread-1] INFO  server.RaftServerConfigKeys (ConfUtils.java:logGet(43)) - raft.server.log.statemachine.data.sync.timeout = 10s (default)
2019-08-23 17:33:41,644 [pool-472-thread-1] INFO  server.RaftServerConfigKeys (ConfUtils.java:logGet(43)) - raft.server.log.queue.byte-limit = 2147483647 (custom)
2019-08-23 17:33:41,644 [pool-483-thread-1] INFO  server.RaftServerConfigKeys (ConfUtils.java:logGet(43)) - raft.server.log.statemachine.data.sync.timeout.retry = -1 (default)
2019-08-23 17:33:41,644 [pool-494-thread-1] INFO  server.RaftServerConfigKeys (ConfUtils.java:logGet(43)) - raft.server.log.queue.byte-limit = 2147483647 (custom)
2019-08-23 17:33:41,645 [pool-483-thread-1] INFO  server.RaftServerConfigKeys (ConfUtils.java:logGet(43)) - raft.server.log.statemachine.data.caching.enabled = true (custom)
2019-08-23 17:33:41,644 [pool-472-thread-1] INFO  server.RaftServerConfigKeys (ConfUtils.java:logGet(43)) - raft.server.log.queue.element-limit = 1024 (custom)
2019-08-23 17:33:41,645 [pool-494-thread-1] INFO  server.RaftServerConfigKeys (ConfUtils.java:logGet(43)) - raft.server.log.queue.element-limit = 1024 (custom)
2019-08-23 17:33:41,645 [pool-483-thread-1] INFO  segmented.SegmentedRaftLogWorker (SegmentedRaftLogWorker.java:lambda$new$0(132)) - 31967366-836f-459e-918b-b922ad3a04c0-SegmentedRaftLogWorker:Storage Directory /workdir/hadoop-ozone/integration-test/target/test-dir/MiniOzoneClusterImpl-8a58fefa-0c45-49f9-a99a-9d96e5fc94fa/datanode-4/data/ratis/90bebacc-638c-4edb-9395-7d984785181d: flushIndex: setUnconditionally 0 -> -1
2019-08-23 17:33:41,645 [pool-472-thread-1] INFO  server.RaftServerConfigKeys (ConfUtils.java:logGet(43)) - raft.server.log.segment.size.max = 1048576 (custom)
2019-08-23 17:33:41,645 [pool-494-thread-1] INFO  server.RaftServerConfigKeys (ConfUtils.java:logGet(43)) - raft.server.log.segment.size.max = 1048576 (custom)
2019-08-23 17:33:41,645 [pool-483-thread-1] INFO  server.RaftServerConfigKeys (ConfUtils.java:logGet(43)) - raft.server.snapshot.auto.trigger.enabled = true (custom)
2019-08-23 17:33:41,645 [pool-472-thread-1] INFO  server.RaftServerConfigKeys (ConfUtils.java:logGet(43)) - raft.server.log.preallocated.size = 16384 (custom)
2019-08-23 17:33:41,645 [pool-483-thread-1] INFO  server.RaftServerConfigKeys (ConfUtils.java:logGet(43)) - raft.server.snapshot.auto.trigger.threshold = 10000 (custom)
2019-08-23 17:33:41,645 [pool-494-thread-1] INFO  server.RaftServerConfigKeys (ConfUtils.java:logGet(43)) - raft.server.log.preallocated.size = 16384 (custom)
2019-08-23 17:33:41,646 [pool-483-thread-1] INFO  server.RaftServerConfigKeys (ConfUtils.java:logGet(43)) - raft.server.retrycache.expirytime = 600000ms (custom)
2019-08-23 17:33:41,646 [pool-472-thread-1] INFO  server.RaftServerConfigKeys (ConfUtils.java:logGet(43)) - raft.server.log.write.buffer.size = 33554432 (custom)
2019-08-23 17:33:41,646 [pool-483-thread-1] INFO  impl.RaftServerImpl (RaftServerImpl.java:start(180)) - 31967366-836f-459e-918b-b922ad3a04c0: start group-7D984785181D
2019-08-23 17:33:41,646 [pool-494-thread-1] INFO  server.RaftServerConfigKeys (ConfUtils.java:logGet(43)) - raft.server.log.write.buffer.size = 33554432 (custom)
2019-08-23 17:33:41,646 [pool-483-thread-1] INFO  impl.RaftServerImpl (RaftServerImpl.java:setRole(171)) - 31967366-836f-459e-918b-b922ad3a04c0:group-7D984785181D changes role from null to FOLLOWER at term 0 for startAsFollower
2019-08-23 17:33:41,646 [pool-472-thread-1] INFO  server.RaftServerConfigKeys (ConfUtils.java:logGet(43)) - raft.server.log.force.sync.num = 128 (default)
2019-08-23 17:33:41,646 [pool-483-thread-1] INFO  impl.RoleInfo (RoleInfo.java:updateAndGet(143)) - 31967366-836f-459e-918b-b922ad3a04c0: start FollowerState
2019-08-23 17:33:41,646 [pool-494-thread-1] INFO  server.RaftServerConfigKeys (ConfUtils.java:logGet(43)) - raft.server.log.force.sync.num = 128 (default)
2019-08-23 17:33:41,646 [pool-472-thread-1] INFO  server.RaftServerConfigKeys (ConfUtils.java:logGet(43)) - raft.server.log.statemachine.data.sync = true (default)
2019-08-23 17:33:41,647 [pool-494-thread-1] INFO  server.RaftServerConfigKeys (ConfUtils.java:logGet(43)) - raft.server.log.statemachine.data.sync = true (default)
2019-08-23 17:33:41,647 [pool-472-thread-1] INFO  server.RaftServerConfigKeys (ConfUtils.java:logGet(43)) - raft.server.log.statemachine.data.sync.timeout = 10s (default)
2019-08-23 17:33:41,647 [pool-483-thread-1] INFO  util.JmxRegister (JmxRegister.java:tryRegister(44)) - Successfully registered JMX Bean with object name Ratis:service=RaftServer,group=group-7D984785181D,id=31967366-836f-459e-918b-b922ad3a04c0
2019-08-23 17:33:41,647 [pool-472-thread-1] INFO  server.RaftServerConfigKeys (ConfUtils.java:logGet(43)) - raft.server.log.statemachine.data.sync.timeout.retry = -1 (default)
2019-08-23 17:33:41,647 [pool-494-thread-1] INFO  server.RaftServerConfigKeys (ConfUtils.java:logGet(43)) - raft.server.log.statemachine.data.sync.timeout = 10s (default)
2019-08-23 17:33:41,647 [pool-472-thread-1] INFO  server.RaftServerConfigKeys (ConfUtils.java:logGet(43)) - raft.server.log.statemachine.data.caching.enabled = true (custom)
2019-08-23 17:33:41,647 [pool-494-thread-1] INFO  server.RaftServerConfigKeys (ConfUtils.java:logGet(43)) - raft.server.log.statemachine.data.sync.timeout.retry = -1 (default)
2019-08-23 17:33:41,648 [pool-472-thread-1] INFO  segmented.SegmentedRaftLogWorker (SegmentedRaftLogWorker.java:lambda$new$0(132)) - 876990c2-a61c-4f07-9bf7-f26a19606da0-SegmentedRaftLogWorker:Storage Directory /workdir/hadoop-ozone/integration-test/target/test-dir/MiniOzoneClusterImpl-8a58fefa-0c45-49f9-a99a-9d96e5fc94fa/datanode-3/data/ratis/90bebacc-638c-4edb-9395-7d984785181d: flushIndex: setUnconditionally 0 -> -1
2019-08-23 17:33:41,648 [pool-494-thread-1] INFO  server.RaftServerConfigKeys (ConfUtils.java:logGet(43)) - raft.server.log.statemachine.data.caching.enabled = true (custom)
2019-08-23 17:33:41,648 [pool-472-thread-1] INFO  server.RaftServerConfigKeys (ConfUtils.java:logGet(43)) - raft.server.snapshot.auto.trigger.enabled = true (custom)
2019-08-23 17:33:41,648 [pool-494-thread-1] INFO  segmented.SegmentedRaftLogWorker (SegmentedRaftLogWorker.java:lambda$new$0(132)) - 6fbb74d4-a5a3-4cb1-84f5-d8b0772040c1-SegmentedRaftLogWorker:Storage Directory /workdir/hadoop-ozone/integration-test/target/test-dir/MiniOzoneClusterImpl-8a58fefa-0c45-49f9-a99a-9d96e5fc94fa/datanode-5/data/ratis/90bebacc-638c-4edb-9395-7d984785181d: flushIndex: setUnconditionally 0 -> -1
2019-08-23 17:33:41,648 [pool-472-thread-1] INFO  server.RaftServerConfigKeys (ConfUtils.java:logGet(43)) - raft.server.snapshot.auto.trigger.threshold = 10000 (custom)
2019-08-23 17:33:41,648 [pool-494-thread-1] INFO  server.RaftServerConfigKeys (ConfUtils.java:logGet(43)) - raft.server.snapshot.auto.trigger.enabled = true (custom)
2019-08-23 17:33:41,648 [pool-472-thread-1] INFO  server.RaftServerConfigKeys (ConfUtils.java:logGet(43)) - raft.server.retrycache.expirytime = 600000ms (custom)
2019-08-23 17:33:41,648 [pool-494-thread-1] INFO  server.RaftServerConfigKeys (ConfUtils.java:logGet(43)) - raft.server.snapshot.auto.trigger.threshold = 10000 (custom)
2019-08-23 17:33:41,649 [pool-472-thread-1] INFO  impl.RaftServerImpl (RaftServerImpl.java:start(180)) - 876990c2-a61c-4f07-9bf7-f26a19606da0: start group-7D984785181D
2019-08-23 17:33:41,649 [pool-494-thread-1] INFO  server.RaftServerConfigKeys (ConfUtils.java:logGet(43)) - raft.server.retrycache.expirytime = 600000ms (custom)
2019-08-23 17:33:41,649 [pool-472-thread-1] INFO  impl.RaftServerImpl (RaftServerImpl.java:setRole(171)) - 876990c2-a61c-4f07-9bf7-f26a19606da0:group-7D984785181D changes role from null to FOLLOWER at term 0 for startAsFollower
2019-08-23 17:33:41,649 [pool-494-thread-1] INFO  impl.RaftServerImpl (RaftServerImpl.java:start(180)) - 6fbb74d4-a5a3-4cb1-84f5-d8b0772040c1: start group-7D984785181D
2019-08-23 17:33:41,649 [pool-472-thread-1] INFO  impl.RoleInfo (RoleInfo.java:updateAndGet(143)) - 876990c2-a61c-4f07-9bf7-f26a19606da0: start FollowerState
2019-08-23 17:33:41,649 [pool-494-thread-1] INFO  impl.RaftServerImpl (RaftServerImpl.java:setRole(171)) - 6fbb74d4-a5a3-4cb1-84f5-d8b0772040c1:group-7D984785181D changes role from null to FOLLOWER at term 0 for startAsFollower
2019-08-23 17:33:41,649 [pool-494-thread-1] INFO  impl.RoleInfo (RoleInfo.java:updateAndGet(143)) - 6fbb74d4-a5a3-4cb1-84f5-d8b0772040c1: start FollowerState
2019-08-23 17:33:41,649 [pool-472-thread-1] INFO  util.JmxRegister (JmxRegister.java:tryRegister(44)) - Successfully registered JMX Bean with object name Ratis:service=RaftServer,group=group-7D984785181D,id=876990c2-a61c-4f07-9bf7-f26a19606da0
2019-08-23 17:33:41,650 [pool-494-thread-1] INFO  util.JmxRegister (JmxRegister.java:tryRegister(44)) - Successfully registered JMX Bean with object name Ratis:service=RaftServer,group=group-7D984785181D,id=6fbb74d4-a5a3-4cb1-84f5-d8b0772040c1
2019-08-23 17:33:41,651 [RatisPipelineUtilsThread] INFO  pipeline.PipelineStateManager (PipelineStateManager.java:addPipeline(56)) - Created pipeline Pipeline[ Id: 90bebacc-638c-4edb-9395-7d984785181d, Nodes: 31967366-836f-459e-918b-b922ad3a04c0{ip: 192.168.69.79, host: pr-hdds-1898-mkj97-200540441, networkLocation: /default-rack, certSerialId: null}6fbb74d4-a5a3-4cb1-84f5-d8b0772040c1{ip: 192.168.69.79, host: pr-hdds-1898-mkj97-200540441, networkLocation: /default-rack, certSerialId: null}876990c2-a61c-4f07-9bf7-f26a19606da0{ip: 192.168.69.79, host: pr-hdds-1898-mkj97-200540441, networkLocation: /default-rack, certSerialId: null}, Type:RATIS, Factor:THREE, State:OPEN]
2019-08-23 17:33:41,737 [main] INFO  ozone.MiniOzoneClusterImpl (MiniOzoneClusterImpl.java:lambda$waitForClusterToBeReady$0(142)) - Waiting for cluster to be ready. Got 6 of 7 DN Heartbeats.
2019-08-23 17:33:41,738 [IPC Server handler 18 on 41440] INFO  net.NetworkTopology (NetworkTopologyImpl.java:add(110)) - Added a new node: /default-rack/d991310f-591a-4dd6-9fd9-472b08eb9e78
2019-08-23 17:33:41,738 [IPC Server handler 18 on 41440] INFO  node.SCMNodeManager (SCMNodeManager.java:register(273)) - Registered Data node : d991310f-591a-4dd6-9fd9-472b08eb9e78{ip: 192.168.69.79, host: pr-hdds-1898-mkj97-200540441, networkLocation: /default-rack, certSerialId: null}
2019-08-23 17:33:41,741 | INFO  | SCMAudit | user=jenkins1000 | ip=192.168.69.79 | op=REGISTER {datanodeDetails=d991310f-591a-4dd6-9fd9-472b08eb9e78{ip: 192.168.69.79, host: pr-hdds-1898-mkj97-200540441, networkLocation: /default-rack, certSerialId: null}} | ret=SUCCESS |  
2019-08-23 17:33:41,746 [grpc-default-executor-6] INFO  impl.RaftServerProxy (RaftServerProxy.java:addNew(89)) - d991310f-591a-4dd6-9fd9-472b08eb9e78: addNew group-9EC3EB5A44B8:[d991310f-591a-4dd6-9fd9-472b08eb9e78:192.168.69.79:34347] returns group-9EC3EB5A44B8:java.util.concurrent.CompletableFuture@6a73fed7[Not completed]
2019-08-23 17:33:41,747 [pool-505-thread-1] INFO  impl.RaftServerImpl (RaftServerImpl.java:<init>(93)) - d991310f-591a-4dd6-9fd9-472b08eb9e78: new RaftServerImpl for group-9EC3EB5A44B8:[d991310f-591a-4dd6-9fd9-472b08eb9e78:192.168.69.79:34347] with ContainerStateMachine:uninitialized
2019-08-23 17:33:41,747 [pool-505-thread-1] INFO  server.RaftServerConfigKeys (ConfUtils.java:logGet(43)) - raft.server.rpc.timeout.min = 5s (custom)
2019-08-23 17:33:41,747 [pool-505-thread-1] INFO  server.RaftServerConfigKeys (ConfUtils.java:logGet(43)) - raft.server.rpc.timeout.max = 5200ms (custom)
2019-08-23 17:33:41,747 [pool-505-thread-1] INFO  server.RaftServerConfigKeys (ConfUtils.java:logGet(43)) - raft.server.rpcslowness.timeout = 120s (custom)
2019-08-23 17:33:41,747 [pool-505-thread-1] INFO  server.RaftServerConfigKeys (ConfUtils.java:logGet(43)) - raft.server.sleep.deviation.threshold = 300 (default)
2019-08-23 17:33:41,748 [pool-505-thread-1] INFO  server.RaftServerConfigKeys (ConfUtils.java:logGet(43)) - raft.server.log.appender.install.snapshot.enabled = false (custom)
2019-08-23 17:33:41,748 [pool-505-thread-1] INFO  impl.RaftServerImpl (ServerState.java:<init>(105)) - d991310f-591a-4dd6-9fd9-472b08eb9e78:group-9EC3EB5A44B8 ConfigurationManager, init=-1: [d991310f-591a-4dd6-9fd9-472b08eb9e78:192.168.69.79:34347], old=null, confs=<EMPTY_MAP>
2019-08-23 17:33:41,748 [pool-505-thread-1] INFO  server.RaftServerConfigKeys (ConfUtils.java:logGet(43)) - raft.server.storage.dir = [/workdir/hadoop-ozone/integration-test/target/test-dir/MiniOzoneClusterImpl-8a58fefa-0c45-49f9-a99a-9d96e5fc94fa/datanode-6/data/ratis] (custom)
2019-08-23 17:33:41,748 [pool-505-thread-1] INFO  storage.RaftStorageDirectory (RaftStorageDirectory.java:analyzeStorage(246)) - The storage directory /workdir/hadoop-ozone/integration-test/target/test-dir/MiniOzoneClusterImpl-8a58fefa-0c45-49f9-a99a-9d96e5fc94fa/datanode-6/data/ratis/ad598905-cd1e-4e14-be6a-9ec3eb5a44b8 does not exist. Creating ...
2019-08-23 17:33:41,762 [pool-505-thread-1] INFO  storage.RaftStorageDirectory (RaftStorageDirectory.java:tryLock(328)) - Lock on /workdir/hadoop-ozone/integration-test/target/test-dir/MiniOzoneClusterImpl-8a58fefa-0c45-49f9-a99a-9d96e5fc94fa/datanode-6/data/ratis/ad598905-cd1e-4e14-be6a-9ec3eb5a44b8/in_use.lock acquired by nodename 16897@pr-hdds-1898-mkj97-200540441
2019-08-23 17:33:41,775 [pool-505-thread-1] INFO  storage.RaftStorage (RaftStorage.java:format(72)) - Storage directory /workdir/hadoop-ozone/integration-test/target/test-dir/MiniOzoneClusterImpl-8a58fefa-0c45-49f9-a99a-9d96e5fc94fa/datanode-6/data/ratis/ad598905-cd1e-4e14-be6a-9ec3eb5a44b8 has been successfully formatted.
2019-08-23 17:33:41,776 [pool-505-thread-1] INFO  ratis.ContainerStateMachine (ContainerStateMachine.java:loadSnapshot(226)) - group-9EC3EB5A44B8: The snapshot info is null. Setting the last applied indexto:(t:0, i:~)
2019-08-23 17:33:41,776 [pool-505-thread-1] INFO  server.RaftServerConfigKeys (ConfUtils.java:logGet(43)) - raft.server.leader.election.timeout = 120s (custom)
2019-08-23 17:33:41,776 [pool-505-thread-1] INFO  server.RaftServerConfigKeys (ConfUtils.java:logGet(43)) - raft.server.log.use.memory = false (default)
2019-08-23 17:33:41,776 [pool-505-thread-1] INFO  server.RaftServerConfigKeys (ConfUtils.java:logGet(43)) - raft.server.log.purge.gap = 1000000 (custom)
2019-08-23 17:33:41,776 [pool-505-thread-1] INFO  server.RaftServerConfigKeys (ConfUtils.java:logGet(43)) - raft.server.log.appender.buffer.byte-limit = 33554432 (custom)
2019-08-23 17:33:41,776 [pool-505-thread-1] INFO  server.RaftServerConfigKeys (ConfUtils.java:logGet(43)) - raft.server.log.segment.size.max = 1048576 (custom)
2019-08-23 17:33:41,776 [pool-505-thread-1] INFO  server.RaftServerConfigKeys (ConfUtils.java:logGet(43)) - raft.server.log.segment.cache.num.max = 2 (custom)
2019-08-23 17:33:41,776 [pool-505-thread-1] INFO  segmented.SegmentedRaftLogWorker (SegmentedRaftLogWorker.java:<init>(172)) - new d991310f-591a-4dd6-9fd9-472b08eb9e78-SegmentedRaftLogWorker:Storage Directory /workdir/hadoop-ozone/integration-test/target/test-dir/MiniOzoneClusterImpl-8a58fefa-0c45-49f9-a99a-9d96e5fc94fa/datanode-6/data/ratis/ad598905-cd1e-4e14-be6a-9ec3eb5a44b8 for RaftStorage:Storage Directory /workdir/hadoop-ozone/integration-test/target/test-dir/MiniOzoneClusterImpl-8a58fefa-0c45-49f9-a99a-9d96e5fc94fa/datanode-6/data/ratis/ad598905-cd1e-4e14-be6a-9ec3eb5a44b8
2019-08-23 17:33:41,776 [pool-505-thread-1] INFO  server.RaftServerConfigKeys (ConfUtils.java:logGet(43)) - raft.server.log.queue.byte-limit = 2147483647 (custom)
2019-08-23 17:33:41,776 [pool-505-thread-1] INFO  server.RaftServerConfigKeys (ConfUtils.java:logGet(43)) - raft.server.log.queue.element-limit = 1024 (custom)
2019-08-23 17:33:41,777 [pool-505-thread-1] INFO  server.RaftServerConfigKeys (ConfUtils.java:logGet(43)) - raft.server.log.segment.size.max = 1048576 (custom)
2019-08-23 17:33:41,777 [pool-505-thread-1] INFO  server.RaftServerConfigKeys (ConfUtils.java:logGet(43)) - raft.server.log.preallocated.size = 16384 (custom)
2019-08-23 17:33:41,777 [pool-505-thread-1] INFO  server.RaftServerConfigKeys (ConfUtils.java:logGet(43)) - raft.server.log.write.buffer.size = 33554432 (custom)
2019-08-23 17:33:41,777 [pool-505-thread-1] INFO  server.RaftServerConfigKeys (ConfUtils.java:logGet(43)) - raft.server.log.force.sync.num = 128 (default)
2019-08-23 17:33:41,777 [pool-505-thread-1] INFO  server.RaftServerConfigKeys (ConfUtils.java:logGet(43)) - raft.server.log.statemachine.data.sync = true (default)
2019-08-23 17:33:41,777 [pool-505-thread-1] INFO  server.RaftServerConfigKeys (ConfUtils.java:logGet(43)) - raft.server.log.statemachine.data.sync.timeout = 10s (default)
2019-08-23 17:33:41,777 [pool-505-thread-1] INFO  server.RaftServerConfigKeys (ConfUtils.java:logGet(43)) - raft.server.log.statemachine.data.sync.timeout.retry = -1 (default)
2019-08-23 17:33:41,777 [pool-505-thread-1] INFO  server.RaftServerConfigKeys (ConfUtils.java:logGet(43)) - raft.server.log.statemachine.data.caching.enabled = true (custom)
2019-08-23 17:33:41,778 [pool-505-thread-1] INFO  segmented.SegmentedRaftLogWorker (SegmentedRaftLogWorker.java:lambda$new$0(132)) - d991310f-591a-4dd6-9fd9-472b08eb9e78-SegmentedRaftLogWorker:Storage Directory /workdir/hadoop-ozone/integration-test/target/test-dir/MiniOzoneClusterImpl-8a58fefa-0c45-49f9-a99a-9d96e5fc94fa/datanode-6/data/ratis/ad598905-cd1e-4e14-be6a-9ec3eb5a44b8: flushIndex: setUnconditionally 0 -> -1
2019-08-23 17:33:41,778 [pool-505-thread-1] INFO  server.RaftServerConfigKeys (ConfUtils.java:logGet(43)) - raft.server.snapshot.auto.trigger.enabled = true (custom)
2019-08-23 17:33:41,778 [pool-505-thread-1] INFO  server.RaftServerConfigKeys (ConfUtils.java:logGet(43)) - raft.server.snapshot.auto.trigger.threshold = 10000 (custom)
2019-08-23 17:33:41,778 [pool-505-thread-1] INFO  server.RaftServerConfigKeys (ConfUtils.java:logGet(43)) - raft.server.retrycache.expirytime = 600000ms (custom)
2019-08-23 17:33:41,778 [pool-505-thread-1] INFO  impl.RaftServerImpl (RaftServerImpl.java:start(180)) - d991310f-591a-4dd6-9fd9-472b08eb9e78: start group-9EC3EB5A44B8
2019-08-23 17:33:41,778 [pool-505-thread-1] INFO  impl.RaftServerImpl (RaftServerImpl.java:setRole(171)) - d991310f-591a-4dd6-9fd9-472b08eb9e78:group-9EC3EB5A44B8 changes role from null to FOLLOWER at term 0 for startAsFollower
2019-08-23 17:33:41,778 [pool-505-thread-1] INFO  impl.RoleInfo (RoleInfo.java:updateAndGet(143)) - d991310f-591a-4dd6-9fd9-472b08eb9e78: start FollowerState
2019-08-23 17:33:41,779 [pool-505-thread-1] INFO  util.JmxRegister (JmxRegister.java:tryRegister(44)) - Successfully registered JMX Bean with object name Ratis:service=RaftServer,group=group-9EC3EB5A44B8,id=d991310f-591a-4dd6-9fd9-472b08eb9e78
2019-08-23 17:33:41,780 [RatisPipelineUtilsThread] INFO  pipeline.PipelineStateManager (PipelineStateManager.java:addPipeline(56)) - Created pipeline Pipeline[ Id: ad598905-cd1e-4e14-be6a-9ec3eb5a44b8, Nodes: d991310f-591a-4dd6-9fd9-472b08eb9e78{ip: 192.168.69.79, host: pr-hdds-1898-mkj97-200540441, networkLocation: /default-rack, certSerialId: null}, Type:RATIS, Factor:ONE, State:OPEN]
2019-08-23 17:33:42,337 | INFO  | SCMAudit | user=jenkins1000 | ip=192.168.69.79 | op=SEND_HEARTBEAT {datanodeUUID=c1868ab2-aa15-4f4a-9771-d4fa90467b59, command=[]} | ret=SUCCESS |  
2019-08-23 17:33:42,737 [main] INFO  ozone.MiniOzoneClusterImpl (MiniOzoneClusterImpl.java:lambda$waitForClusterToBeReady$0(142)) - Cluster is ready. Got 7 of 7 DN Heartbeats.
2019-08-23 17:33:42,765 [main] INFO  rpc.RpcClient (RpcClient.java:createVolume(292)) - Creating Volume: testblockoutputstream, with jenkins1000 as owner.
2019-08-23 17:33:42,767 | INFO  | OMAudit | user=jenkins1000 | ip=127.0.0.1 | op=CREATE_VOLUME {admin=jenkins1000, owner=jenkins1000, volume=testblockoutputstream, creationTime=1566581622766, quotaInBytes=1152921504606846976} | ret=SUCCESS |  
2019-08-23 17:33:42,775 | INFO  | OMAudit | user=jenkins1000 | ip=127.0.0.1 | op=READ_VOLUME {volume=testblockoutputstream} | ret=SUCCESS |  
2019-08-23 17:33:42,776 [main] INFO  rpc.RpcClient (RpcClient.java:createBucket(431)) - Creating Bucket: testblockoutputstream/testblockoutputstream, with Versioning false and Storage Type set to DISK and Encryption set to false 
2019-08-23 17:33:42,778 | INFO  | OMAudit | user=jenkins1000 | ip=127.0.0.1 | op=CREATE_BUCKET {volume=testblockoutputstream, bucket=testblockoutputstream, acls=[user:jenkins1000:a[ACCESS], group:default:a[ACCESS]], isVersionEnabled=false, storageType=DISK, creationTime=0} | ret=SUCCESS |  
2019-08-23 17:33:42,780 | INFO  | OMAudit | user=jenkins1000 | ip=127.0.0.1 | op=READ_VOLUME {volume=testblockoutputstream} | ret=SUCCESS |  
2019-08-23 17:33:42,781 | INFO  | OMAudit | user=jenkins1000 | ip=127.0.0.1 | op=READ_BUCKET {volume=testblockoutputstream, bucket=testblockoutputstream} | ret=SUCCESS |  
2019-08-23 17:33:42,783 | INFO  | SCMAudit | user=jenkins1000 | ip=192.168.69.79 | op=ALLOCATE_BLOCK {owner=d3dfbb09-f81c-4bfc-84e6-17ddba8ca26d, size=800, type=RATIS, factor=THREE} | ret=SUCCESS |  
2019-08-23 17:33:42,785 | INFO  | OMAudit | user=jenkins1000 | ip=127.0.0.1 | op=ALLOCATE_KEY {volume=testblockoutputstream, bucket=testblockoutputstream, key=1a1adc68-366d-4646-b6f3-c9f1fd7400ac, dataSize=0, replicationType=RATIS, replicationFactor=THREE, keyLocationInfo=null} | ret=SUCCESS |  
2019-08-23 17:33:42,793 [grpc-default-executor-3] INFO  client.GrpcClientProtocolClient (GrpcClientProtocolClient.java:onNext(255)) - client-D449C3D2B845->31967366-836f-459e-918b-b922ad3a04c0: receive RaftClientReply:client-D449C3D2B845->31967366-836f-459e-918b-b922ad3a04c0@group-7D984785181D, cid=183, FAILED org.apache.ratis.protocol.NotLeaderException: Server 31967366-836f-459e-918b-b922ad3a04c0 is not the leader (null). Request must be sent to leader., logIndex=0, commits[31967366-836f-459e-918b-b922ad3a04c0:c-1]
2019-08-23 17:33:42,805 | INFO  | SCMAudit | user=jenkins1000 | ip=192.168.69.79 | op=SEND_HEARTBEAT {datanodeUUID=a5230df4-e43a-4560-b8d8-ffa5d1239854, command=[]} | ret=SUCCESS |  
2019-08-23 17:33:43,005 | INFO  | SCMAudit | user=jenkins1000 | ip=192.168.69.79 | op=SEND_HEARTBEAT {datanodeUUID=4a4bc7f8-d7f4-4b72-b368-a22ea43ebd35, command=[]} | ret=SUCCESS |  
2019-08-23 17:33:43,192 | INFO  | SCMAudit | user=jenkins1000 | ip=192.168.69.79 | op=SEND_HEARTBEAT {datanodeUUID=876990c2-a61c-4f07-9bf7-f26a19606da0, command=[]} | ret=SUCCESS |  
2019-08-23 17:33:43,336 | INFO  | SCMAudit | user=jenkins1000 | ip=192.168.69.79 | op=SEND_HEARTBEAT {datanodeUUID=c1868ab2-aa15-4f4a-9771-d4fa90467b59, command=[]} | ret=SUCCESS |  
2019-08-23 17:33:43,347 [Thread-3517] INFO  container.ReplicationManager (ReplicationManager.java:start(152)) - Starting Replication Monitor Thread.
2019-08-23 17:33:43,351 [ReplicationMonitor] INFO  container.ReplicationManager (ReplicationManager.java:run(215)) - Replication Monitor Thread took 0 milliseconds for processing 1 containers.
2019-08-23 17:33:43,377 | INFO  | SCMAudit | user=jenkins1000 | ip=192.168.69.79 | op=SEND_HEARTBEAT {datanodeUUID=31967366-836f-459e-918b-b922ad3a04c0, command=[]} | ret=SUCCESS |  
2019-08-23 17:33:43,556 | INFO  | SCMAudit | user=jenkins1000 | ip=192.168.69.79 | op=SEND_HEARTBEAT {datanodeUUID=6fbb74d4-a5a3-4cb1-84f5-d8b0772040c1, command=[]} | ret=SUCCESS |  
2019-08-23 17:33:43,737 | INFO  | SCMAudit | user=jenkins1000 | ip=192.168.69.79 | op=SEND_HEARTBEAT {datanodeUUID=d991310f-591a-4dd6-9fd9-472b08eb9e78, command=[]} | ret=SUCCESS |  
2019-08-23 17:33:43,808 | INFO  | SCMAudit | user=jenkins1000 | ip=192.168.69.79 | op=SEND_HEARTBEAT {datanodeUUID=a5230df4-e43a-4560-b8d8-ffa5d1239854, command=[]} | ret=SUCCESS |  
2019-08-23 17:33:43,808 [grpc-default-executor-6] INFO  client.GrpcClientProtocolClient (GrpcClientProtocolClient.java:onNext(255)) - client-D449C3D2B845->6fbb74d4-a5a3-4cb1-84f5-d8b0772040c1: receive RaftClientReply:client-D449C3D2B845->6fbb74d4-a5a3-4cb1-84f5-d8b0772040c1@group-7D984785181D, cid=183, FAILED org.apache.ratis.protocol.NotLeaderException: Server 6fbb74d4-a5a3-4cb1-84f5-d8b0772040c1 is not the leader (null). Request must be sent to leader., logIndex=0, commits[6fbb74d4-a5a3-4cb1-84f5-d8b0772040c1:c-1]
2019-08-23 17:33:44,005 | INFO  | SCMAudit | user=jenkins1000 | ip=192.168.69.79 | op=SEND_HEARTBEAT {datanodeUUID=4a4bc7f8-d7f4-4b72-b368-a22ea43ebd35, command=[]} | ret=SUCCESS |  
2019-08-23 17:33:44,192 | INFO  | SCMAudit | user=jenkins1000 | ip=192.168.69.79 | op=SEND_HEARTBEAT {datanodeUUID=876990c2-a61c-4f07-9bf7-f26a19606da0, command=[]} | ret=SUCCESS |  
2019-08-23 17:33:44,336 | INFO  | SCMAudit | user=jenkins1000 | ip=192.168.69.79 | op=SEND_HEARTBEAT {datanodeUUID=c1868ab2-aa15-4f4a-9771-d4fa90467b59, command=[]} | ret=SUCCESS |  
2019-08-23 17:33:44,377 | INFO  | SCMAudit | user=jenkins1000 | ip=192.168.69.79 | op=SEND_HEARTBEAT {datanodeUUID=31967366-836f-459e-918b-b922ad3a04c0, command=[]} | ret=SUCCESS |  
2019-08-23 17:33:44,556 | INFO  | SCMAudit | user=jenkins1000 | ip=192.168.69.79 | op=SEND_HEARTBEAT {datanodeUUID=6fbb74d4-a5a3-4cb1-84f5-d8b0772040c1, command=[]} | ret=SUCCESS |  
2019-08-23 17:33:44,738 | INFO  | SCMAudit | user=jenkins1000 | ip=192.168.69.79 | op=SEND_HEARTBEAT {datanodeUUID=d991310f-591a-4dd6-9fd9-472b08eb9e78, command=[]} | ret=SUCCESS |  
2019-08-23 17:33:44,805 | INFO  | SCMAudit | user=jenkins1000 | ip=192.168.69.79 | op=SEND_HEARTBEAT {datanodeUUID=a5230df4-e43a-4560-b8d8-ffa5d1239854, command=[]} | ret=SUCCESS |  
2019-08-23 17:33:44,819 [grpc-default-executor-3] INFO  client.GrpcClientProtocolClient (GrpcClientProtocolClient.java:onNext(255)) - client-D449C3D2B845->876990c2-a61c-4f07-9bf7-f26a19606da0: receive RaftClientReply:client-D449C3D2B845->876990c2-a61c-4f07-9bf7-f26a19606da0@group-7D984785181D, cid=183, FAILED org.apache.ratis.protocol.NotLeaderException: Server 876990c2-a61c-4f07-9bf7-f26a19606da0 is not the leader (null). Request must be sent to leader., logIndex=0, commits[876990c2-a61c-4f07-9bf7-f26a19606da0:c-1]
2019-08-23 17:33:45,005 | INFO  | SCMAudit | user=jenkins1000 | ip=192.168.69.79 | op=SEND_HEARTBEAT {datanodeUUID=4a4bc7f8-d7f4-4b72-b368-a22ea43ebd35, command=[]} | ret=SUCCESS |  
2019-08-23 17:33:45,192 | INFO  | SCMAudit | user=jenkins1000 | ip=192.168.69.79 | op=SEND_HEARTBEAT {datanodeUUID=876990c2-a61c-4f07-9bf7-f26a19606da0, command=[]} | ret=SUCCESS |  
2019-08-23 17:33:45,336 | INFO  | SCMAudit | user=jenkins1000 | ip=192.168.69.79 | op=SEND_HEARTBEAT {datanodeUUID=c1868ab2-aa15-4f4a-9771-d4fa90467b59, command=[]} | ret=SUCCESS |  
2019-08-23 17:33:45,377 | INFO  | SCMAudit | user=jenkins1000 | ip=192.168.69.79 | op=SEND_HEARTBEAT {datanodeUUID=31967366-836f-459e-918b-b922ad3a04c0, command=[]} | ret=SUCCESS |  
2019-08-23 17:33:45,556 | INFO  | SCMAudit | user=jenkins1000 | ip=192.168.69.79 | op=SEND_HEARTBEAT {datanodeUUID=6fbb74d4-a5a3-4cb1-84f5-d8b0772040c1, command=[]} | ret=SUCCESS |  
2019-08-23 17:33:45,566 [Thread-3519] INFO  impl.FollowerState (FollowerState.java:run(106)) - c1868ab2-aa15-4f4a-9771-d4fa90467b59:group-5410F1301B2E changes to CANDIDATE, lastRpcTime:5157, electionTimeout:5157ms
2019-08-23 17:33:45,566 [Thread-3519] INFO  impl.RoleInfo (RoleInfo.java:shutdownFollowerState(121)) - c1868ab2-aa15-4f4a-9771-d4fa90467b59: shutdown FollowerState
2019-08-23 17:33:45,566 [Thread-3519] INFO  impl.RaftServerImpl (RaftServerImpl.java:setRole(171)) - c1868ab2-aa15-4f4a-9771-d4fa90467b59:group-5410F1301B2E changes role from FOLLOWER to CANDIDATE at term 0 for changeToCandidate
2019-08-23 17:33:45,566 [Thread-3519] INFO  impl.RoleInfo (RoleInfo.java:updateAndGet(143)) - c1868ab2-aa15-4f4a-9771-d4fa90467b59: start LeaderElection
2019-08-23 17:33:45,594 [c1868ab2-aa15-4f4a-9771-d4fa90467b59:group-5410F1301B2E:LeaderElection63] INFO  impl.LeaderElection (LeaderElection.java:askForVotes(181)) - c1868ab2-aa15-4f4a-9771-d4fa90467b59:group-5410F1301B2E:LeaderElection63: begin an election at term 1 for -1: [c1868ab2-aa15-4f4a-9771-d4fa90467b59:192.168.69.79:41918], old=null
2019-08-23 17:33:45,594 [c1868ab2-aa15-4f4a-9771-d4fa90467b59:group-5410F1301B2E:LeaderElection63] INFO  impl.RoleInfo (RoleInfo.java:shutdownLeaderElection(134)) - c1868ab2-aa15-4f4a-9771-d4fa90467b59: shutdown LeaderElection
2019-08-23 17:33:45,594 [c1868ab2-aa15-4f4a-9771-d4fa90467b59:group-5410F1301B2E:LeaderElection63] INFO  impl.RaftServerImpl (RaftServerImpl.java:setRole(171)) - c1868ab2-aa15-4f4a-9771-d4fa90467b59:group-5410F1301B2E changes role from CANDIDATE to LEADER at term 1 for changeToLeader
2019-08-23 17:33:45,594 [c1868ab2-aa15-4f4a-9771-d4fa90467b59:group-5410F1301B2E:LeaderElection63] INFO  impl.RaftServerImpl (ServerState.java:setLeader(263)) - c1868ab2-aa15-4f4a-9771-d4fa90467b59:group-5410F1301B2E change Leader from null to c1868ab2-aa15-4f4a-9771-d4fa90467b59 at term 1 for becomeLeader, leader elected after 5190ms
2019-08-23 17:33:45,594 [c1868ab2-aa15-4f4a-9771-d4fa90467b59:group-5410F1301B2E:LeaderElection63] INFO  server.RaftServerConfigKeys (ConfUtils.java:logGet(43)) - raft.server.staging.catchup.gap = 1000 (default)
2019-08-23 17:33:45,594 [c1868ab2-aa15-4f4a-9771-d4fa90467b59:group-5410F1301B2E:LeaderElection63] INFO  server.RaftServerConfigKeys (ConfUtils.java:logGet(43)) - raft.server.rpc.sleep.time = 25ms (default)
2019-08-23 17:33:45,595 [c1868ab2-aa15-4f4a-9771-d4fa90467b59:group-5410F1301B2E:LeaderElection63] INFO  server.RaftServerConfigKeys (ConfUtils.java:logGet(43)) - raft.server.write.element-limit = 4096 (default)
2019-08-23 17:33:45,595 [c1868ab2-aa15-4f4a-9771-d4fa90467b59:group-5410F1301B2E:LeaderElection63] INFO  server.RaftServerConfigKeys (ConfUtils.java:logGet(43)) - raft.server.watch.timeout = 10s (default)
2019-08-23 17:33:45,595 [c1868ab2-aa15-4f4a-9771-d4fa90467b59:group-5410F1301B2E:LeaderElection63] INFO  server.RaftServerConfigKeys (ConfUtils.java:logGet(43)) - raft.server.watch.timeout.denomination = 1s (default)
2019-08-23 17:33:45,595 [c1868ab2-aa15-4f4a-9771-d4fa90467b59:group-5410F1301B2E:LeaderElection63] INFO  server.RaftServerConfigKeys (ConfUtils.java:logGet(43)) - raft.server.watch.element-limit = 65536 (default)
2019-08-23 17:33:45,595 [c1868ab2-aa15-4f4a-9771-d4fa90467b59:group-5410F1301B2E:LeaderElection63] INFO  impl.RoleInfo (RoleInfo.java:updateAndGet(143)) - c1868ab2-aa15-4f4a-9771-d4fa90467b59: start LeaderState
2019-08-23 17:33:45,596 [c1868ab2-aa15-4f4a-9771-d4fa90467b59:group-5410F1301B2E:LeaderElection63] INFO  segmented.SegmentedRaftLogWorker (SegmentedRaftLogWorker.java:startLogSegment(380)) - c1868ab2-aa15-4f4a-9771-d4fa90467b59-SegmentedRaftLogWorker:Storage Directory /workdir/hadoop-ozone/integration-test/target/test-dir/MiniOzoneClusterImpl-8a58fefa-0c45-49f9-a99a-9d96e5fc94fa/datanode-0/data/ratis/8fe3be7b-8f4c-4b99-ba2c-5410f1301b2e: Starting segment from index:0
2019-08-23 17:33:45,596 [c1868ab2-aa15-4f4a-9771-d4fa90467b59:group-5410F1301B2E:LeaderElection63] INFO  impl.RaftServerImpl (ServerState.java:setRaftConf(361)) - c1868ab2-aa15-4f4a-9771-d4fa90467b59:group-5410F1301B2E set configuration 0: [c1868ab2-aa15-4f4a-9771-d4fa90467b59:192.168.69.79:41918], old=null at 0
2019-08-23 17:33:45,642 [c1868ab2-aa15-4f4a-9771-d4fa90467b59-SegmentedRaftLogWorker:Storage Directory /workdir/hadoop-ozone/integration-test/target/test-dir/MiniOzoneClusterImpl-8a58fefa-0c45-49f9-a99a-9d96e5fc94fa/datanode-0/data/ratis/8fe3be7b-8f4c-4b99-ba2c-5410f1301b2e] INFO  segmented.SegmentedRaftLogWorker (SegmentedRaftLogWorker.java:execute(569)) - c1868ab2-aa15-4f4a-9771-d4fa90467b59-SegmentedRaftLogWorker:Storage Directory /workdir/hadoop-ozone/integration-test/target/test-dir/MiniOzoneClusterImpl-8a58fefa-0c45-49f9-a99a-9d96e5fc94fa/datanode-0/data/ratis/8fe3be7b-8f4c-4b99-ba2c-5410f1301b2e: created new log segment /workdir/hadoop-ozone/integration-test/target/test-dir/MiniOzoneClusterImpl-8a58fefa-0c45-49f9-a99a-9d96e5fc94fa/datanode-0/data/ratis/8fe3be7b-8f4c-4b99-ba2c-5410f1301b2e/current/log_inprogress_0
2019-08-23 17:33:45,738 | INFO  | SCMAudit | user=jenkins1000 | ip=192.168.69.79 | op=SEND_HEARTBEAT {datanodeUUID=d991310f-591a-4dd6-9fd9-472b08eb9e78, command=[]} | ret=SUCCESS |  
2019-08-23 17:33:45,810 | INFO  | SCMAudit | user=jenkins1000 | ip=192.168.69.79 | op=SEND_HEARTBEAT {datanodeUUID=a5230df4-e43a-4560-b8d8-ffa5d1239854, command=[]} | ret=SUCCESS |  
2019-08-23 17:33:45,827 [grpc-default-executor-3] INFO  client.GrpcClientProtocolClient (GrpcClientProtocolClient.java:onNext(255)) - client-D449C3D2B845->31967366-836f-459e-918b-b922ad3a04c0: receive RaftClientReply:client-D449C3D2B845->31967366-836f-459e-918b-b922ad3a04c0@group-7D984785181D, cid=183, FAILED org.apache.ratis.protocol.NotLeaderException: Server 31967366-836f-459e-918b-b922ad3a04c0 is not the leader (null). Request must be sent to leader., logIndex=0, commits[31967366-836f-459e-918b-b922ad3a04c0:c-1]
2019-08-23 17:33:45,830 [grpc-default-executor-3] WARN  client.GrpcClientProtocolService (LogUtils.java:warn(134)) - 1-OrderedRequestStreamObserver1: onError: org.apache.ratis.thirdparty.io.grpc.StatusRuntimeException: CANCELLED: cancelled before receiving half close
2019-08-23 17:33:45,949 [Thread-3522] INFO  impl.FollowerState (FollowerState.java:run(106)) - a5230df4-e43a-4560-b8d8-ffa5d1239854:group-DD0F07D40551 changes to CANDIDATE, lastRpcTime:5104, electionTimeout:5104ms
2019-08-23 17:33:45,949 [Thread-3522] INFO  impl.RoleInfo (RoleInfo.java:shutdownFollowerState(121)) - a5230df4-e43a-4560-b8d8-ffa5d1239854: shutdown FollowerState
2019-08-23 17:33:45,949 [Thread-3522] INFO  impl.RaftServerImpl (RaftServerImpl.java:setRole(171)) - a5230df4-e43a-4560-b8d8-ffa5d1239854:group-DD0F07D40551 changes role from FOLLOWER to CANDIDATE at term 0 for changeToCandidate
2019-08-23 17:33:45,949 [Thread-3522] INFO  impl.RoleInfo (RoleInfo.java:updateAndGet(143)) - a5230df4-e43a-4560-b8d8-ffa5d1239854: start LeaderElection
2019-08-23 17:33:45,968 [a5230df4-e43a-4560-b8d8-ffa5d1239854:group-DD0F07D40551:LeaderElection64] INFO  impl.LeaderElection (LeaderElection.java:askForVotes(181)) - a5230df4-e43a-4560-b8d8-ffa5d1239854:group-DD0F07D40551:LeaderElection64: begin an election at term 1 for -1: [a5230df4-e43a-4560-b8d8-ffa5d1239854:192.168.69.79:44378], old=null
2019-08-23 17:33:45,968 [a5230df4-e43a-4560-b8d8-ffa5d1239854:group-DD0F07D40551:LeaderElection64] INFO  impl.RoleInfo (RoleInfo.java:shutdownLeaderElection(134)) - a5230df4-e43a-4560-b8d8-ffa5d1239854: shutdown LeaderElection
2019-08-23 17:33:45,968 [a5230df4-e43a-4560-b8d8-ffa5d1239854:group-DD0F07D40551:LeaderElection64] INFO  impl.RaftServerImpl (RaftServerImpl.java:setRole(171)) - a5230df4-e43a-4560-b8d8-ffa5d1239854:group-DD0F07D40551 changes role from CANDIDATE to LEADER at term 1 for changeToLeader
2019-08-23 17:33:45,968 [a5230df4-e43a-4560-b8d8-ffa5d1239854:group-DD0F07D40551:LeaderElection64] INFO  impl.RaftServerImpl (ServerState.java:setLeader(263)) - a5230df4-e43a-4560-b8d8-ffa5d1239854:group-DD0F07D40551 change Leader from null to a5230df4-e43a-4560-b8d8-ffa5d1239854 at term 1 for becomeLeader, leader elected after 5127ms
2019-08-23 17:33:45,968 [a5230df4-e43a-4560-b8d8-ffa5d1239854:group-DD0F07D40551:LeaderElection64] INFO  server.RaftServerConfigKeys (ConfUtils.java:logGet(43)) - raft.server.staging.catchup.gap = 1000 (default)
2019-08-23 17:33:45,968 [a5230df4-e43a-4560-b8d8-ffa5d1239854:group-DD0F07D40551:LeaderElection64] INFO  server.RaftServerConfigKeys (ConfUtils.java:logGet(43)) - raft.server.rpc.sleep.time = 25ms (default)
2019-08-23 17:33:45,968 [a5230df4-e43a-4560-b8d8-ffa5d1239854:group-DD0F07D40551:LeaderElection64] INFO  server.RaftServerConfigKeys (ConfUtils.java:logGet(43)) - raft.server.write.element-limit = 4096 (default)
2019-08-23 17:33:45,969 [a5230df4-e43a-4560-b8d8-ffa5d1239854:group-DD0F07D40551:LeaderElection64] INFO  server.RaftServerConfigKeys (ConfUtils.java:logGet(43)) - raft.server.watch.timeout = 10s (default)
2019-08-23 17:33:45,969 [a5230df4-e43a-4560-b8d8-ffa5d1239854:group-DD0F07D40551:LeaderElection64] INFO  server.RaftServerConfigKeys (ConfUtils.java:logGet(43)) - raft.server.watch.timeout.denomination = 1s (default)
2019-08-23 17:33:45,969 [a5230df4-e43a-4560-b8d8-ffa5d1239854:group-DD0F07D40551:LeaderElection64] INFO  server.RaftServerConfigKeys (ConfUtils.java:logGet(43)) - raft.server.watch.element-limit = 65536 (default)
2019-08-23 17:33:45,969 [a5230df4-e43a-4560-b8d8-ffa5d1239854:group-DD0F07D40551:LeaderElection64] INFO  impl.RoleInfo (RoleInfo.java:updateAndGet(143)) - a5230df4-e43a-4560-b8d8-ffa5d1239854: start LeaderState
2019-08-23 17:33:45,969 [a5230df4-e43a-4560-b8d8-ffa5d1239854:group-DD0F07D40551:LeaderElection64] INFO  segmented.SegmentedRaftLogWorker (SegmentedRaftLogWorker.java:startLogSegment(380)) - a5230df4-e43a-4560-b8d8-ffa5d1239854-SegmentedRaftLogWorker:Storage Directory /workdir/hadoop-ozone/integration-test/target/test-dir/MiniOzoneClusterImpl-8a58fefa-0c45-49f9-a99a-9d96e5fc94fa/datanode-1/data/ratis/c9d4ecab-cbe3-4176-bd59-dd0f07d40551: Starting segment from index:0
2019-08-23 17:33:45,970 [a5230df4-e43a-4560-b8d8-ffa5d1239854:group-DD0F07D40551:LeaderElection64] INFO  impl.RaftServerImpl (ServerState.java:setRaftConf(361)) - a5230df4-e43a-4560-b8d8-ffa5d1239854:group-DD0F07D40551 set configuration 0: [a5230df4-e43a-4560-b8d8-ffa5d1239854:192.168.69.79:44378], old=null at 0
2019-08-23 17:33:46,005 | INFO  | SCMAudit | user=jenkins1000 | ip=192.168.69.79 | op=SEND_HEARTBEAT {datanodeUUID=4a4bc7f8-d7f4-4b72-b368-a22ea43ebd35, command=[]} | ret=SUCCESS |  
2019-08-23 17:33:46,019 [a5230df4-e43a-4560-b8d8-ffa5d1239854-SegmentedRaftLogWorker:Storage Directory /workdir/hadoop-ozone/integration-test/target/test-dir/MiniOzoneClusterImpl-8a58fefa-0c45-49f9-a99a-9d96e5fc94fa/datanode-1/data/ratis/c9d4ecab-cbe3-4176-bd59-dd0f07d40551] INFO  segmented.SegmentedRaftLogWorker (SegmentedRaftLogWorker.java:execute(569)) - a5230df4-e43a-4560-b8d8-ffa5d1239854-SegmentedRaftLogWorker:Storage Directory /workdir/hadoop-ozone/integration-test/target/test-dir/MiniOzoneClusterImpl-8a58fefa-0c45-49f9-a99a-9d96e5fc94fa/datanode-1/data/ratis/c9d4ecab-cbe3-4176-bd59-dd0f07d40551: created new log segment /workdir/hadoop-ozone/integration-test/target/test-dir/MiniOzoneClusterImpl-8a58fefa-0c45-49f9-a99a-9d96e5fc94fa/datanode-1/data/ratis/c9d4ecab-cbe3-4176-bd59-dd0f07d40551/current/log_inprogress_0
2019-08-23 17:33:46,176 [Thread-3533] INFO  impl.FollowerState (FollowerState.java:run(106)) - a5230df4-e43a-4560-b8d8-ffa5d1239854:group-23790B55D079 changes to CANDIDATE, lastRpcTime:5063, electionTimeout:5063ms
2019-08-23 17:33:46,176 [Thread-3533] INFO  impl.RoleInfo (RoleInfo.java:shutdownFollowerState(121)) - a5230df4-e43a-4560-b8d8-ffa5d1239854: shutdown FollowerState
2019-08-23 17:33:46,176 [Thread-3533] INFO  impl.RaftServerImpl (RaftServerImpl.java:setRole(171)) - a5230df4-e43a-4560-b8d8-ffa5d1239854:group-23790B55D079 changes role from FOLLOWER to CANDIDATE at term 0 for changeToCandidate
2019-08-23 17:33:46,177 [Thread-3533] INFO  impl.RoleInfo (RoleInfo.java:updateAndGet(143)) - a5230df4-e43a-4560-b8d8-ffa5d1239854: start LeaderElection
2019-08-23 17:33:46,192 | INFO  | SCMAudit | user=jenkins1000 | ip=192.168.69.79 | op=SEND_HEARTBEAT {datanodeUUID=876990c2-a61c-4f07-9bf7-f26a19606da0, command=[]} | ret=SUCCESS |  
2019-08-23 17:33:46,193 [Thread-3525] INFO  impl.FollowerState (FollowerState.java:run(106)) - 4a4bc7f8-d7f4-4b72-b368-a22ea43ebd35:group-4B637FDE9A9A changes to CANDIDATE, lastRpcTime:5148, electionTimeout:5148ms
2019-08-23 17:33:46,193 [Thread-3525] INFO  impl.RoleInfo (RoleInfo.java:shutdownFollowerState(121)) - 4a4bc7f8-d7f4-4b72-b368-a22ea43ebd35: shutdown FollowerState
2019-08-23 17:33:46,193 [Thread-3525] INFO  impl.RaftServerImpl (RaftServerImpl.java:setRole(171)) - 4a4bc7f8-d7f4-4b72-b368-a22ea43ebd35:group-4B637FDE9A9A changes role from FOLLOWER to CANDIDATE at term 0 for changeToCandidate
2019-08-23 17:33:46,193 [Thread-3525] INFO  impl.RoleInfo (RoleInfo.java:updateAndGet(143)) - 4a4bc7f8-d7f4-4b72-b368-a22ea43ebd35: start LeaderElection
2019-08-23 17:33:46,201 [Thread-3528] INFO  impl.FollowerState (FollowerState.java:run(106)) - c1868ab2-aa15-4f4a-9771-d4fa90467b59:group-23790B55D079 changes to CANDIDATE, lastRpcTime:5106, electionTimeout:5106ms
2019-08-23 17:33:46,201 [Thread-3528] INFO  impl.RoleInfo (RoleInfo.java:shutdownFollowerState(121)) - c1868ab2-aa15-4f4a-9771-d4fa90467b59: shutdown FollowerState
2019-08-23 17:33:46,201 [Thread-3528] INFO  impl.RaftServerImpl (RaftServerImpl.java:setRole(171)) - c1868ab2-aa15-4f4a-9771-d4fa90467b59:group-23790B55D079 changes role from FOLLOWER to CANDIDATE at term 0 for changeToCandidate
2019-08-23 17:33:46,201 [Thread-3528] INFO  impl.RoleInfo (RoleInfo.java:updateAndGet(143)) - c1868ab2-aa15-4f4a-9771-d4fa90467b59: start LeaderElection
2019-08-23 17:33:46,203 [a5230df4-e43a-4560-b8d8-ffa5d1239854:group-23790B55D079:LeaderElection65] INFO  impl.LeaderElection (LeaderElection.java:askForVotes(181)) - a5230df4-e43a-4560-b8d8-ffa5d1239854:group-23790B55D079:LeaderElection65: begin an election at term 1 for -1: [a5230df4-e43a-4560-b8d8-ffa5d1239854:192.168.69.79:44378, 4a4bc7f8-d7f4-4b72-b368-a22ea43ebd35:192.168.69.79:44949, c1868ab2-aa15-4f4a-9771-d4fa90467b59:192.168.69.79:41918], old=null
2019-08-23 17:33:46,203 [4a4bc7f8-d7f4-4b72-b368-a22ea43ebd35:group-4B637FDE9A9A:LeaderElection66] INFO  impl.LeaderElection (LeaderElection.java:askForVotes(181)) - 4a4bc7f8-d7f4-4b72-b368-a22ea43ebd35:group-4B637FDE9A9A:LeaderElection66: begin an election at term 1 for -1: [4a4bc7f8-d7f4-4b72-b368-a22ea43ebd35:192.168.69.79:44949], old=null
2019-08-23 17:33:46,205 [4a4bc7f8-d7f4-4b72-b368-a22ea43ebd35:group-4B637FDE9A9A:LeaderElection66] INFO  impl.RoleInfo (RoleInfo.java:shutdownLeaderElection(134)) - 4a4bc7f8-d7f4-4b72-b368-a22ea43ebd35: shutdown LeaderElection
2019-08-23 17:33:46,205 [4a4bc7f8-d7f4-4b72-b368-a22ea43ebd35:group-4B637FDE9A9A:LeaderElection66] INFO  impl.RaftServerImpl (RaftServerImpl.java:setRole(171)) - 4a4bc7f8-d7f4-4b72-b368-a22ea43ebd35:group-4B637FDE9A9A changes role from CANDIDATE to LEADER at term 1 for changeToLeader
2019-08-23 17:33:46,205 [4a4bc7f8-d7f4-4b72-b368-a22ea43ebd35:group-4B637FDE9A9A:LeaderElection66] INFO  impl.RaftServerImpl (ServerState.java:setLeader(263)) - 4a4bc7f8-d7f4-4b72-b368-a22ea43ebd35:group-4B637FDE9A9A change Leader from null to 4a4bc7f8-d7f4-4b72-b368-a22ea43ebd35 at term 1 for becomeLeader, leader elected after 5164ms
2019-08-23 17:33:46,206 [4a4bc7f8-d7f4-4b72-b368-a22ea43ebd35:group-4B637FDE9A9A:LeaderElection66] INFO  server.RaftServerConfigKeys (ConfUtils.java:logGet(43)) - raft.server.staging.catchup.gap = 1000 (default)
2019-08-23 17:33:46,206 [4a4bc7f8-d7f4-4b72-b368-a22ea43ebd35:group-4B637FDE9A9A:LeaderElection66] INFO  server.RaftServerConfigKeys (ConfUtils.java:logGet(43)) - raft.server.rpc.sleep.time = 25ms (default)
2019-08-23 17:33:46,206 [4a4bc7f8-d7f4-4b72-b368-a22ea43ebd35:group-4B637FDE9A9A:LeaderElection66] INFO  server.RaftServerConfigKeys (ConfUtils.java:logGet(43)) - raft.server.write.element-limit = 4096 (default)
2019-08-23 17:33:46,206 [4a4bc7f8-d7f4-4b72-b368-a22ea43ebd35:group-4B637FDE9A9A:LeaderElection66] INFO  server.RaftServerConfigKeys (ConfUtils.java:logGet(43)) - raft.server.watch.timeout = 10s (default)
2019-08-23 17:33:46,206 [4a4bc7f8-d7f4-4b72-b368-a22ea43ebd35:group-4B637FDE9A9A:LeaderElection66] INFO  server.RaftServerConfigKeys (ConfUtils.java:logGet(43)) - raft.server.watch.timeout.denomination = 1s (default)
2019-08-23 17:33:46,206 [4a4bc7f8-d7f4-4b72-b368-a22ea43ebd35:group-4B637FDE9A9A:LeaderElection66] INFO  server.RaftServerConfigKeys (ConfUtils.java:logGet(43)) - raft.server.watch.element-limit = 65536 (default)
2019-08-23 17:33:46,206 [4a4bc7f8-d7f4-4b72-b368-a22ea43ebd35:group-4B637FDE9A9A:LeaderElection66] INFO  impl.RoleInfo (RoleInfo.java:updateAndGet(143)) - 4a4bc7f8-d7f4-4b72-b368-a22ea43ebd35: start LeaderState
2019-08-23 17:33:46,206 [4a4bc7f8-d7f4-4b72-b368-a22ea43ebd35:group-4B637FDE9A9A:LeaderElection66] INFO  segmented.SegmentedRaftLogWorker (SegmentedRaftLogWorker.java:startLogSegment(380)) - 4a4bc7f8-d7f4-4b72-b368-a22ea43ebd35-SegmentedRaftLogWorker:Storage Directory /workdir/hadoop-ozone/integration-test/target/test-dir/MiniOzoneClusterImpl-8a58fefa-0c45-49f9-a99a-9d96e5fc94fa/datanode-2/data/ratis/7c41e7b7-d07a-4464-b18f-4b637fde9a9a: Starting segment from index:0
2019-08-23 17:33:46,209 [4a4bc7f8-d7f4-4b72-b368-a22ea43ebd35:group-4B637FDE9A9A:LeaderElection66] INFO  impl.RaftServerImpl (ServerState.java:setRaftConf(361)) - 4a4bc7f8-d7f4-4b72-b368-a22ea43ebd35:group-4B637FDE9A9A set configuration 0: [4a4bc7f8-d7f4-4b72-b368-a22ea43ebd35:192.168.69.79:44949], old=null at 0
2019-08-23 17:33:46,236 [c1868ab2-aa15-4f4a-9771-d4fa90467b59:group-23790B55D079:LeaderElection67] INFO  impl.LeaderElection (LeaderElection.java:askForVotes(181)) - c1868ab2-aa15-4f4a-9771-d4fa90467b59:group-23790B55D079:LeaderElection67: begin an election at term 1 for -1: [a5230df4-e43a-4560-b8d8-ffa5d1239854:192.168.69.79:44378, 4a4bc7f8-d7f4-4b72-b368-a22ea43ebd35:192.168.69.79:44949, c1868ab2-aa15-4f4a-9771-d4fa90467b59:192.168.69.79:41918], old=null
2019-08-23 17:33:46,240 [grpc-default-executor-3] INFO  impl.RaftServerImpl (RaftServerImpl.java:setRole(171)) - 4a4bc7f8-d7f4-4b72-b368-a22ea43ebd35:group-23790B55D079 changes role from FOLLOWER to FOLLOWER at term 1 for recognizeCandidate:a5230df4-e43a-4560-b8d8-ffa5d1239854
2019-08-23 17:33:46,240 [grpc-default-executor-3] INFO  impl.RoleInfo (RoleInfo.java:shutdownFollowerState(121)) - 4a4bc7f8-d7f4-4b72-b368-a22ea43ebd35: shutdown FollowerState
2019-08-23 17:33:46,240 [grpc-default-executor-3] INFO  impl.RoleInfo (RoleInfo.java:updateAndGet(143)) - 4a4bc7f8-d7f4-4b72-b368-a22ea43ebd35: start FollowerState
2019-08-23 17:33:46,240 [Thread-3531] INFO  impl.FollowerState (FollowerState.java:run(114)) - 4a4bc7f8-d7f4-4b72-b368-a22ea43ebd35: FollowerState was interrupted: java.lang.InterruptedException: sleep interrupted
2019-08-23 17:33:46,253 [4a4bc7f8-d7f4-4b72-b368-a22ea43ebd35-SegmentedRaftLogWorker:Storage Directory /workdir/hadoop-ozone/integration-test/target/test-dir/MiniOzoneClusterImpl-8a58fefa-0c45-49f9-a99a-9d96e5fc94fa/datanode-2/data/ratis/7c41e7b7-d07a-4464-b18f-4b637fde9a9a] INFO  segmented.SegmentedRaftLogWorker (SegmentedRaftLogWorker.java:execute(569)) - 4a4bc7f8-d7f4-4b72-b368-a22ea43ebd35-SegmentedRaftLogWorker:Storage Directory /workdir/hadoop-ozone/integration-test/target/test-dir/MiniOzoneClusterImpl-8a58fefa-0c45-49f9-a99a-9d96e5fc94fa/datanode-2/data/ratis/7c41e7b7-d07a-4464-b18f-4b637fde9a9a: created new log segment /workdir/hadoop-ozone/integration-test/target/test-dir/MiniOzoneClusterImpl-8a58fefa-0c45-49f9-a99a-9d96e5fc94fa/datanode-2/data/ratis/7c41e7b7-d07a-4464-b18f-4b637fde9a9a/current/log_inprogress_0
2019-08-23 17:33:46,268 [Thread-3537] INFO  impl.FollowerState (FollowerState.java:run(106)) - 876990c2-a61c-4f07-9bf7-f26a19606da0:group-C05F37C6532B changes to CANDIDATE, lastRpcTime:5035, electionTimeout:5034ms
2019-08-23 17:33:46,269 [Thread-3537] INFO  impl.RoleInfo (RoleInfo.java:shutdownFollowerState(121)) - 876990c2-a61c-4f07-9bf7-f26a19606da0: shutdown FollowerState
2019-08-23 17:33:46,269 [Thread-3537] INFO  impl.RaftServerImpl (RaftServerImpl.java:setRole(171)) - 876990c2-a61c-4f07-9bf7-f26a19606da0:group-C05F37C6532B changes role from FOLLOWER to CANDIDATE at term 0 for changeToCandidate
2019-08-23 17:33:46,269 [Thread-3537] INFO  impl.RoleInfo (RoleInfo.java:updateAndGet(143)) - 876990c2-a61c-4f07-9bf7-f26a19606da0: start LeaderElection
2019-08-23 17:33:46,274 [c1868ab2-aa15-4f4a-9771-d4fa90467b59:group-23790B55D079:LeaderElection67] INFO  impl.LeaderElection (LeaderElection.java:logAndReturn(56)) - c1868ab2-aa15-4f4a-9771-d4fa90467b59:group-23790B55D079:LeaderElection67: Election REJECTED; received 2 response(s) [c1868ab2-aa15-4f4a-9771-d4fa90467b59<-a5230df4-e43a-4560-b8d8-ffa5d1239854#0:FAIL-t1, c1868ab2-aa15-4f4a-9771-d4fa90467b59<-4a4bc7f8-d7f4-4b72-b368-a22ea43ebd35#0:FAIL-t1] and 0 exception(s); c1868ab2-aa15-4f4a-9771-d4fa90467b59:t1, leader=null, voted=c1868ab2-aa15-4f4a-9771-d4fa90467b59, raftlog=c1868ab2-aa15-4f4a-9771-d4fa90467b59-SegmentedRaftLog:OPENED:c-1,f-1,i0, conf=-1: [a5230df4-e43a-4560-b8d8-ffa5d1239854:192.168.69.79:44378, 4a4bc7f8-d7f4-4b72-b368-a22ea43ebd35:192.168.69.79:44949, c1868ab2-aa15-4f4a-9771-d4fa90467b59:192.168.69.79:41918], old=null
2019-08-23 17:33:46,274 [a5230df4-e43a-4560-b8d8-ffa5d1239854:group-23790B55D079:LeaderElection65] INFO  impl.LeaderElection (LeaderElection.java:logAndReturn(56)) - a5230df4-e43a-4560-b8d8-ffa5d1239854:group-23790B55D079:LeaderElection65: Election PASSED; received 2 response(s) [a5230df4-e43a-4560-b8d8-ffa5d1239854<-4a4bc7f8-d7f4-4b72-b368-a22ea43ebd35#0:OK-t1, a5230df4-e43a-4560-b8d8-ffa5d1239854<-c1868ab2-aa15-4f4a-9771-d4fa90467b59#0:FAIL-t1] and 0 exception(s); a5230df4-e43a-4560-b8d8-ffa5d1239854:t1, leader=null, voted=a5230df4-e43a-4560-b8d8-ffa5d1239854, raftlog=a5230df4-e43a-4560-b8d8-ffa5d1239854-SegmentedRaftLog:OPENED:c-1,f-1,i0, conf=-1: [a5230df4-e43a-4560-b8d8-ffa5d1239854:192.168.69.79:44378, 4a4bc7f8-d7f4-4b72-b368-a22ea43ebd35:192.168.69.79:44949, c1868ab2-aa15-4f4a-9771-d4fa90467b59:192.168.69.79:41918], old=null
2019-08-23 17:33:46,274 [c1868ab2-aa15-4f4a-9771-d4fa90467b59:group-23790B55D079:LeaderElection67] INFO  impl.RaftServerImpl (RaftServerImpl.java:setRole(171)) - c1868ab2-aa15-4f4a-9771-d4fa90467b59:group-23790B55D079 changes role from CANDIDATE to FOLLOWER at term 1 for DISCOVERED_A_NEW_TERM
2019-08-23 17:33:46,274 [a5230df4-e43a-4560-b8d8-ffa5d1239854:group-23790B55D079:LeaderElection65] INFO  impl.RoleInfo (RoleInfo.java:shutdownLeaderElection(134)) - a5230df4-e43a-4560-b8d8-ffa5d1239854: shutdown LeaderElection
2019-08-23 17:33:46,274 [c1868ab2-aa15-4f4a-9771-d4fa90467b59:group-23790B55D079:LeaderElection67] INFO  impl.RoleInfo (RoleInfo.java:shutdownLeaderElection(134)) - c1868ab2-aa15-4f4a-9771-d4fa90467b59: shutdown LeaderElection
2019-08-23 17:33:46,274 [a5230df4-e43a-4560-b8d8-ffa5d1239854:group-23790B55D079:LeaderElection65] INFO  impl.RaftServerImpl (RaftServerImpl.java:setRole(171)) - a5230df4-e43a-4560-b8d8-ffa5d1239854:group-23790B55D079 changes role from CANDIDATE to LEADER at term 1 for changeToLeader
2019-08-23 17:33:46,274 [c1868ab2-aa15-4f4a-9771-d4fa90467b59:group-23790B55D079:LeaderElection67] INFO  impl.RoleInfo (RoleInfo.java:updateAndGet(143)) - c1868ab2-aa15-4f4a-9771-d4fa90467b59: start FollowerState
2019-08-23 17:33:46,275 [a5230df4-e43a-4560-b8d8-ffa5d1239854:group-23790B55D079:LeaderElection65] INFO  impl.RaftServerImpl (ServerState.java:setLeader(263)) - a5230df4-e43a-4560-b8d8-ffa5d1239854:group-23790B55D079 change Leader from null to a5230df4-e43a-4560-b8d8-ffa5d1239854 at term 1 for becomeLeader, leader elected after 5186ms
2019-08-23 17:33:46,275 [a5230df4-e43a-4560-b8d8-ffa5d1239854:group-23790B55D079:LeaderElection65] INFO  server.RaftServerConfigKeys (ConfUtils.java:logGet(43)) - raft.server.staging.catchup.gap = 1000 (default)
2019-08-23 17:33:46,275 [a5230df4-e43a-4560-b8d8-ffa5d1239854:group-23790B55D079:LeaderElection65] INFO  server.RaftServerConfigKeys (ConfUtils.java:logGet(43)) - raft.server.rpc.sleep.time = 25ms (default)
2019-08-23 17:33:46,275 [a5230df4-e43a-4560-b8d8-ffa5d1239854:group-23790B55D079:LeaderElection65] INFO  server.RaftServerConfigKeys (ConfUtils.java:logGet(43)) - raft.server.write.element-limit = 4096 (default)
2019-08-23 17:33:46,275 [a5230df4-e43a-4560-b8d8-ffa5d1239854:group-23790B55D079:LeaderElection65] INFO  server.RaftServerConfigKeys (ConfUtils.java:logGet(43)) - raft.server.watch.timeout = 10s (default)
2019-08-23 17:33:46,275 [a5230df4-e43a-4560-b8d8-ffa5d1239854:group-23790B55D079:LeaderElection65] INFO  server.RaftServerConfigKeys (ConfUtils.java:logGet(43)) - raft.server.watch.timeout.denomination = 1s (default)
2019-08-23 17:33:46,275 [a5230df4-e43a-4560-b8d8-ffa5d1239854:group-23790B55D079:LeaderElection65] INFO  server.RaftServerConfigKeys (ConfUtils.java:logGet(43)) - raft.server.watch.element-limit = 65536 (default)
2019-08-23 17:33:46,276 [a5230df4-e43a-4560-b8d8-ffa5d1239854:group-23790B55D079:LeaderElection65] INFO  server.RaftServerConfigKeys (ConfUtils.java:logGet(43)) - raft.server.log.appender.snapshot.chunk.size.max = 16MB (=16777216) (default)
2019-08-23 17:33:46,276 [a5230df4-e43a-4560-b8d8-ffa5d1239854:group-23790B55D079:LeaderElection65] INFO  server.RaftServerConfigKeys (ConfUtils.java:logGet(43)) - raft.server.log.appender.buffer.byte-limit = 33554432 (custom)
2019-08-23 17:33:46,276 [a5230df4-e43a-4560-b8d8-ffa5d1239854:group-23790B55D079:LeaderElection65] INFO  server.RaftServerConfigKeys (ConfUtils.java:logGet(43)) - raft.server.log.appender.buffer.element-limit = 1 (custom)
2019-08-23 17:33:46,276 [a5230df4-e43a-4560-b8d8-ffa5d1239854:group-23790B55D079:LeaderElection65] INFO  grpc.GrpcConfigKeys$Server (ConfUtils.java:logGet(43)) - raft.grpc.server.leader.outstanding.appends.max = 128 (default)
2019-08-23 17:33:46,276 [a5230df4-e43a-4560-b8d8-ffa5d1239854:group-23790B55D079:LeaderElection65] INFO  server.RaftServerConfigKeys (ConfUtils.java:logGet(43)) - raft.server.rpc.request.timeout = 3000ms (default)
2019-08-23 17:33:46,276 [a5230df4-e43a-4560-b8d8-ffa5d1239854:group-23790B55D079:LeaderElection65] INFO  server.RaftServerConfigKeys (ConfUtils.java:logGet(43)) - raft.server.log.appender.install.snapshot.enabled = false (custom)
2019-08-23 17:33:46,276 [a5230df4-e43a-4560-b8d8-ffa5d1239854:group-23790B55D079:LeaderElection65] INFO  server.RaftServerConfigKeys (ConfUtils.java:logGet(43)) - raft.server.log.appender.snapshot.chunk.size.max = 16MB (=16777216) (default)
2019-08-23 17:33:46,277 [a5230df4-e43a-4560-b8d8-ffa5d1239854:group-23790B55D079:LeaderElection65] INFO  server.RaftServerConfigKeys (ConfUtils.java:logGet(43)) - raft.server.log.appender.buffer.byte-limit = 33554432 (custom)
2019-08-23 17:33:46,277 [a5230df4-e43a-4560-b8d8-ffa5d1239854:group-23790B55D079:LeaderElection65] INFO  server.RaftServerConfigKeys (ConfUtils.java:logGet(43)) - raft.server.log.appender.buffer.element-limit = 1 (custom)
2019-08-23 17:33:46,277 [a5230df4-e43a-4560-b8d8-ffa5d1239854:group-23790B55D079:LeaderElection65] INFO  grpc.GrpcConfigKeys$Server (ConfUtils.java:logGet(43)) - raft.grpc.server.leader.outstanding.appends.max = 128 (default)
2019-08-23 17:33:46,277 [a5230df4-e43a-4560-b8d8-ffa5d1239854:group-23790B55D079:LeaderElection65] INFO  server.RaftServerConfigKeys (ConfUtils.java:logGet(43)) - raft.server.rpc.request.timeout = 3000ms (default)
2019-08-23 17:33:46,277 [a5230df4-e43a-4560-b8d8-ffa5d1239854:group-23790B55D079:LeaderElection65] INFO  server.RaftServerConfigKeys (ConfUtils.java:logGet(43)) - raft.server.log.appender.install.snapshot.enabled = false (custom)
2019-08-23 17:33:46,277 [a5230df4-e43a-4560-b8d8-ffa5d1239854:group-23790B55D079:LeaderElection65] INFO  impl.RoleInfo (RoleInfo.java:updateAndGet(143)) - a5230df4-e43a-4560-b8d8-ffa5d1239854: start LeaderState
2019-08-23 17:33:46,278 [a5230df4-e43a-4560-b8d8-ffa5d1239854:group-23790B55D079:LeaderElection65] INFO  segmented.SegmentedRaftLogWorker (SegmentedRaftLogWorker.java:startLogSegment(380)) - a5230df4-e43a-4560-b8d8-ffa5d1239854-SegmentedRaftLogWorker:Storage Directory /workdir/hadoop-ozone/integration-test/target/test-dir/MiniOzoneClusterImpl-8a58fefa-0c45-49f9-a99a-9d96e5fc94fa/datanode-1/data/ratis/732778ba-4420-4963-b6e0-23790b55d079: Starting segment from index:0
2019-08-23 17:33:46,278 [a5230df4-e43a-4560-b8d8-ffa5d1239854:group-23790B55D079:LeaderElection65] INFO  impl.RaftServerImpl (ServerState.java:setRaftConf(361)) - a5230df4-e43a-4560-b8d8-ffa5d1239854:group-23790B55D079 set configuration 0: [a5230df4-e43a-4560-b8d8-ffa5d1239854:192.168.69.79:44378, 4a4bc7f8-d7f4-4b72-b368-a22ea43ebd35:192.168.69.79:44949, c1868ab2-aa15-4f4a-9771-d4fa90467b59:192.168.69.79:41918], old=null at 0
2019-08-23 17:33:46,311 [876990c2-a61c-4f07-9bf7-f26a19606da0:group-C05F37C6532B:LeaderElection68] INFO  impl.LeaderElection (LeaderElection.java:askForVotes(181)) - 876990c2-a61c-4f07-9bf7-f26a19606da0:group-C05F37C6532B:LeaderElection68: begin an election at term 1 for -1: [876990c2-a61c-4f07-9bf7-f26a19606da0:192.168.69.79:38348], old=null
2019-08-23 17:33:46,311 [876990c2-a61c-4f07-9bf7-f26a19606da0:group-C05F37C6532B:LeaderElection68] INFO  impl.RoleInfo (RoleInfo.java:shutdownLeaderElection(134)) - 876990c2-a61c-4f07-9bf7-f26a19606da0: shutdown LeaderElection
2019-08-23 17:33:46,311 [876990c2-a61c-4f07-9bf7-f26a19606da0:group-C05F37C6532B:LeaderElection68] INFO  impl.RaftServerImpl (RaftServerImpl.java:setRole(171)) - 876990c2-a61c-4f07-9bf7-f26a19606da0:group-C05F37C6532B changes role from CANDIDATE to LEADER at term 1 for changeToLeader
2019-08-23 17:33:46,311 [876990c2-a61c-4f07-9bf7-f26a19606da0:group-C05F37C6532B:LeaderElection68] INFO  impl.RaftServerImpl (ServerState.java:setLeader(263)) - 876990c2-a61c-4f07-9bf7-f26a19606da0:group-C05F37C6532B change Leader from null to 876990c2-a61c-4f07-9bf7-f26a19606da0 at term 1 for becomeLeader, leader elected after 5082ms
2019-08-23 17:33:46,312 [876990c2-a61c-4f07-9bf7-f26a19606da0:group-C05F37C6532B:LeaderElection68] INFO  server.RaftServerConfigKeys (ConfUtils.java:logGet(43)) - raft.server.staging.catchup.gap = 1000 (default)
2019-08-23 17:33:46,312 [876990c2-a61c-4f07-9bf7-f26a19606da0:group-C05F37C6532B:LeaderElection68] INFO  server.RaftServerConfigKeys (ConfUtils.java:logGet(43)) - raft.server.rpc.sleep.time = 25ms (default)
2019-08-23 17:33:46,312 [grpc-default-executor-6] INFO  impl.RaftServerImpl (ServerState.java:setLeader(263)) - c1868ab2-aa15-4f4a-9771-d4fa90467b59:group-23790B55D079 change Leader from null to a5230df4-e43a-4560-b8d8-ffa5d1239854 at term 1 for appendEntries, leader elected after 5223ms
2019-08-23 17:33:46,312 [grpc-default-executor-3] INFO  impl.RaftServerImpl (ServerState.java:setLeader(263)) - 4a4bc7f8-d7f4-4b72-b368-a22ea43ebd35:group-23790B55D079 change Leader from null to a5230df4-e43a-4560-b8d8-ffa5d1239854 at term 1 for appendEntries, leader elected after 5223ms
2019-08-23 17:33:46,312 [876990c2-a61c-4f07-9bf7-f26a19606da0:group-C05F37C6532B:LeaderElection68] INFO  server.RaftServerConfigKeys (ConfUtils.java:logGet(43)) - raft.server.write.element-limit = 4096 (default)
2019-08-23 17:33:46,313 [876990c2-a61c-4f07-9bf7-f26a19606da0:group-C05F37C6532B:LeaderElection68] INFO  server.RaftServerConfigKeys (ConfUtils.java:logGet(43)) - raft.server.watch.timeout = 10s (default)
2019-08-23 17:33:46,313 [876990c2-a61c-4f07-9bf7-f26a19606da0:group-C05F37C6532B:LeaderElection68] INFO  server.RaftServerConfigKeys (ConfUtils.java:logGet(43)) - raft.server.watch.timeout.denomination = 1s (default)
2019-08-23 17:33:46,313 [876990c2-a61c-4f07-9bf7-f26a19606da0:group-C05F37C6532B:LeaderElection68] INFO  server.RaftServerConfigKeys (ConfUtils.java:logGet(43)) - raft.server.watch.element-limit = 65536 (default)
2019-08-23 17:33:46,313 [876990c2-a61c-4f07-9bf7-f26a19606da0:group-C05F37C6532B:LeaderElection68] INFO  impl.RoleInfo (RoleInfo.java:updateAndGet(143)) - 876990c2-a61c-4f07-9bf7-f26a19606da0: start LeaderState
2019-08-23 17:33:46,314 [876990c2-a61c-4f07-9bf7-f26a19606da0:group-C05F37C6532B:LeaderElection68] INFO  segmented.SegmentedRaftLogWorker (SegmentedRaftLogWorker.java:startLogSegment(380)) - 876990c2-a61c-4f07-9bf7-f26a19606da0-SegmentedRaftLogWorker:Storage Directory /workdir/hadoop-ozone/integration-test/target/test-dir/MiniOzoneClusterImpl-8a58fefa-0c45-49f9-a99a-9d96e5fc94fa/datanode-3/data/ratis/16b5e0ad-6c09-4563-ad10-c05f37c6532b: Starting segment from index:0
2019-08-23 17:33:46,314 [grpc-default-executor-6] INFO  impl.RaftServerImpl (ServerState.java:setRaftConf(361)) - c1868ab2-aa15-4f4a-9771-d4fa90467b59:group-23790B55D079 set configuration 0: [a5230df4-e43a-4560-b8d8-ffa5d1239854:192.168.69.79:44378, 4a4bc7f8-d7f4-4b72-b368-a22ea43ebd35:192.168.69.79:44949, c1868ab2-aa15-4f4a-9771-d4fa90467b59:192.168.69.79:41918], old=null at 0
2019-08-23 17:33:46,314 [876990c2-a61c-4f07-9bf7-f26a19606da0:group-C05F37C6532B:LeaderElection68] INFO  impl.RaftServerImpl (ServerState.java:setRaftConf(361)) - 876990c2-a61c-4f07-9bf7-f26a19606da0:group-C05F37C6532B set configuration 0: [876990c2-a61c-4f07-9bf7-f26a19606da0:192.168.69.79:38348], old=null at 0
2019-08-23 17:33:46,314 [grpc-default-executor-3] INFO  impl.RaftServerImpl (ServerState.java:setRaftConf(361)) - 4a4bc7f8-d7f4-4b72-b368-a22ea43ebd35:group-23790B55D079 set configuration 0: [a5230df4-e43a-4560-b8d8-ffa5d1239854:192.168.69.79:44378, 4a4bc7f8-d7f4-4b72-b368-a22ea43ebd35:192.168.69.79:44949, c1868ab2-aa15-4f4a-9771-d4fa90467b59:192.168.69.79:41918], old=null at 0
2019-08-23 17:33:46,314 [grpc-default-executor-6] INFO  segmented.SegmentedRaftLogWorker (SegmentedRaftLogWorker.java:startLogSegment(380)) - c1868ab2-aa15-4f4a-9771-d4fa90467b59-SegmentedRaftLogWorker:Storage Directory /workdir/hadoop-ozone/integration-test/target/test-dir/MiniOzoneClusterImpl-8a58fefa-0c45-49f9-a99a-9d96e5fc94fa/datanode-0/data/ratis/732778ba-4420-4963-b6e0-23790b55d079: Starting segment from index:0
2019-08-23 17:33:46,345 | INFO  | SCMAudit | user=jenkins1000 | ip=192.168.69.79 | op=SEND_HEARTBEAT {datanodeUUID=c1868ab2-aa15-4f4a-9771-d4fa90467b59, command=[]} | ret=SUCCESS |  
2019-08-23 17:33:46,345 [grpc-default-executor-3] INFO  segmented.SegmentedRaftLogWorker (SegmentedRaftLogWorker.java:startLogSegment(380)) - 4a4bc7f8-d7f4-4b72-b368-a22ea43ebd35-SegmentedRaftLogWorker:Storage Directory /workdir/hadoop-ozone/integration-test/target/test-dir/MiniOzoneClusterImpl-8a58fefa-0c45-49f9-a99a-9d96e5fc94fa/datanode-2/data/ratis/732778ba-4420-4963-b6e0-23790b55d079: Starting segment from index:0
2019-08-23 17:33:46,345 [a5230df4-e43a-4560-b8d8-ffa5d1239854-SegmentedRaftLogWorker:Storage Directory /workdir/hadoop-ozone/integration-test/target/test-dir/MiniOzoneClusterImpl-8a58fefa-0c45-49f9-a99a-9d96e5fc94fa/datanode-1/data/ratis/732778ba-4420-4963-b6e0-23790b55d079] INFO  segmented.SegmentedRaftLogWorker (SegmentedRaftLogWorker.java:execute(569)) - a5230df4-e43a-4560-b8d8-ffa5d1239854-SegmentedRaftLogWorker:Storage Directory /workdir/hadoop-ozone/integration-test/target/test-dir/MiniOzoneClusterImpl-8a58fefa-0c45-49f9-a99a-9d96e5fc94fa/datanode-1/data/ratis/732778ba-4420-4963-b6e0-23790b55d079: created new log segment /workdir/hadoop-ozone/integration-test/target/test-dir/MiniOzoneClusterImpl-8a58fefa-0c45-49f9-a99a-9d96e5fc94fa/datanode-1/data/ratis/732778ba-4420-4963-b6e0-23790b55d079/current/log_inprogress_0
2019-08-23 17:33:46,358 [876990c2-a61c-4f07-9bf7-f26a19606da0-SegmentedRaftLogWorker:Storage Directory /workdir/hadoop-ozone/integration-test/target/test-dir/MiniOzoneClusterImpl-8a58fefa-0c45-49f9-a99a-9d96e5fc94fa/datanode-3/data/ratis/16b5e0ad-6c09-4563-ad10-c05f37c6532b] INFO  segmented.SegmentedRaftLogWorker (SegmentedRaftLogWorker.java:execute(569)) - 876990c2-a61c-4f07-9bf7-f26a19606da0-SegmentedRaftLogWorker:Storage Directory /workdir/hadoop-ozone/integration-test/target/test-dir/MiniOzoneClusterImpl-8a58fefa-0c45-49f9-a99a-9d96e5fc94fa/datanode-3/data/ratis/16b5e0ad-6c09-4563-ad10-c05f37c6532b: created new log segment /workdir/hadoop-ozone/integration-test/target/test-dir/MiniOzoneClusterImpl-8a58fefa-0c45-49f9-a99a-9d96e5fc94fa/datanode-3/data/ratis/16b5e0ad-6c09-4563-ad10-c05f37c6532b/current/log_inprogress_0
2019-08-23 17:33:46,377 | INFO  | SCMAudit | user=jenkins1000 | ip=192.168.69.79 | op=SEND_HEARTBEAT {datanodeUUID=31967366-836f-459e-918b-b922ad3a04c0, command=[]} | ret=SUCCESS |  
2019-08-23 17:33:46,383 [4a4bc7f8-d7f4-4b72-b368-a22ea43ebd35-SegmentedRaftLogWorker:Storage Directory /workdir/hadoop-ozone/integration-test/target/test-dir/MiniOzoneClusterImpl-8a58fefa-0c45-49f9-a99a-9d96e5fc94fa/datanode-2/data/ratis/732778ba-4420-4963-b6e0-23790b55d079] INFO  segmented.SegmentedRaftLogWorker (SegmentedRaftLogWorker.java:execute(569)) - 4a4bc7f8-d7f4-4b72-b368-a22ea43ebd35-SegmentedRaftLogWorker:Storage Directory /workdir/hadoop-ozone/integration-test/target/test-dir/MiniOzoneClusterImpl-8a58fefa-0c45-49f9-a99a-9d96e5fc94fa/datanode-2/data/ratis/732778ba-4420-4963-b6e0-23790b55d079: created new log segment /workdir/hadoop-ozone/integration-test/target/test-dir/MiniOzoneClusterImpl-8a58fefa-0c45-49f9-a99a-9d96e5fc94fa/datanode-2/data/ratis/732778ba-4420-4963-b6e0-23790b55d079/current/log_inprogress_0
2019-08-23 17:33:46,383 [c1868ab2-aa15-4f4a-9771-d4fa90467b59-SegmentedRaftLogWorker:Storage Directory /workdir/hadoop-ozone/integration-test/target/test-dir/MiniOzoneClusterImpl-8a58fefa-0c45-49f9-a99a-9d96e5fc94fa/datanode-0/data/ratis/732778ba-4420-4963-b6e0-23790b55d079] INFO  segmented.SegmentedRaftLogWorker (SegmentedRaftLogWorker.java:execute(569)) - c1868ab2-aa15-4f4a-9771-d4fa90467b59-SegmentedRaftLogWorker:Storage Directory /workdir/hadoop-ozone/integration-test/target/test-dir/MiniOzoneClusterImpl-8a58fefa-0c45-49f9-a99a-9d96e5fc94fa/datanode-0/data/ratis/732778ba-4420-4963-b6e0-23790b55d079: created new log segment /workdir/hadoop-ozone/integration-test/target/test-dir/MiniOzoneClusterImpl-8a58fefa-0c45-49f9-a99a-9d96e5fc94fa/datanode-0/data/ratis/732778ba-4420-4963-b6e0-23790b55d079/current/log_inprogress_0
2019-08-23 17:33:46,556 | INFO  | SCMAudit | user=jenkins1000 | ip=192.168.69.79 | op=SEND_HEARTBEAT {datanodeUUID=6fbb74d4-a5a3-4cb1-84f5-d8b0772040c1, command=[]} | ret=SUCCESS |  
2019-08-23 17:33:46,603 [Thread-3540] INFO  impl.FollowerState (FollowerState.java:run(106)) - 31967366-836f-459e-918b-b922ad3a04c0:group-F61F7082A27E changes to CANDIDATE, lastRpcTime:5188, electionTimeout:5188ms
2019-08-23 17:33:46,603 [Thread-3540] INFO  impl.RoleInfo (RoleInfo.java:shutdownFollowerState(121)) - 31967366-836f-459e-918b-b922ad3a04c0: shutdown FollowerState
2019-08-23 17:33:46,604 [Thread-3540] INFO  impl.RaftServerImpl (RaftServerImpl.java:setRole(171)) - 31967366-836f-459e-918b-b922ad3a04c0:group-F61F7082A27E changes role from FOLLOWER to CANDIDATE at term 0 for changeToCandidate
2019-08-23 17:33:46,604 [Thread-3540] INFO  impl.RoleInfo (RoleInfo.java:updateAndGet(143)) - 31967366-836f-459e-918b-b922ad3a04c0: start LeaderElection
2019-08-23 17:33:46,618 [31967366-836f-459e-918b-b922ad3a04c0:group-F61F7082A27E:LeaderElection69] INFO  impl.LeaderElection (LeaderElection.java:askForVotes(181)) - 31967366-836f-459e-918b-b922ad3a04c0:group-F61F7082A27E:LeaderElection69: begin an election at term 1 for -1: [31967366-836f-459e-918b-b922ad3a04c0:192.168.69.79:38687], old=null
2019-08-23 17:33:46,618 [31967366-836f-459e-918b-b922ad3a04c0:group-F61F7082A27E:LeaderElection69] INFO  impl.RoleInfo (RoleInfo.java:shutdownLeaderElection(134)) - 31967366-836f-459e-918b-b922ad3a04c0: shutdown LeaderElection
2019-08-23 17:33:46,618 [31967366-836f-459e-918b-b922ad3a04c0:group-F61F7082A27E:LeaderElection69] INFO  impl.RaftServerImpl (RaftServerImpl.java:setRole(171)) - 31967366-836f-459e-918b-b922ad3a04c0:group-F61F7082A27E changes role from CANDIDATE to LEADER at term 1 for changeToLeader
2019-08-23 17:33:46,618 [31967366-836f-459e-918b-b922ad3a04c0:group-F61F7082A27E:LeaderElection69] INFO  impl.RaftServerImpl (ServerState.java:setLeader(263)) - 31967366-836f-459e-918b-b922ad3a04c0:group-F61F7082A27E change Leader from null to 31967366-836f-459e-918b-b922ad3a04c0 at term 1 for becomeLeader, leader elected after 5207ms
2019-08-23 17:33:46,618 [31967366-836f-459e-918b-b922ad3a04c0:group-F61F7082A27E:LeaderElection69] INFO  server.RaftServerConfigKeys (ConfUtils.java:logGet(43)) - raft.server.staging.catchup.gap = 1000 (default)
2019-08-23 17:33:46,618 [31967366-836f-459e-918b-b922ad3a04c0:group-F61F7082A27E:LeaderElection69] INFO  server.RaftServerConfigKeys (ConfUtils.java:logGet(43)) - raft.server.rpc.sleep.time = 25ms (default)
2019-08-23 17:33:46,619 [31967366-836f-459e-918b-b922ad3a04c0:group-F61F7082A27E:LeaderElection69] INFO  server.RaftServerConfigKeys (ConfUtils.java:logGet(43)) - raft.server.write.element-limit = 4096 (default)
2019-08-23 17:33:46,619 [31967366-836f-459e-918b-b922ad3a04c0:group-F61F7082A27E:LeaderElection69] INFO  server.RaftServerConfigKeys (ConfUtils.java:logGet(43)) - raft.server.watch.timeout = 10s (default)
2019-08-23 17:33:46,619 [31967366-836f-459e-918b-b922ad3a04c0:group-F61F7082A27E:LeaderElection69] INFO  server.RaftServerConfigKeys (ConfUtils.java:logGet(43)) - raft.server.watch.timeout.denomination = 1s (default)
2019-08-23 17:33:46,619 [31967366-836f-459e-918b-b922ad3a04c0:group-F61F7082A27E:LeaderElection69] INFO  server.RaftServerConfigKeys (ConfUtils.java:logGet(43)) - raft.server.watch.element-limit = 65536 (default)
2019-08-23 17:33:46,619 [31967366-836f-459e-918b-b922ad3a04c0:group-F61F7082A27E:LeaderElection69] INFO  impl.RoleInfo (RoleInfo.java:updateAndGet(143)) - 31967366-836f-459e-918b-b922ad3a04c0: start LeaderState
2019-08-23 17:33:46,619 [31967366-836f-459e-918b-b922ad3a04c0:group-F61F7082A27E:LeaderElection69] INFO  segmented.SegmentedRaftLogWorker (SegmentedRaftLogWorker.java:startLogSegment(380)) - 31967366-836f-459e-918b-b922ad3a04c0-SegmentedRaftLogWorker:Storage Directory /workdir/hadoop-ozone/integration-test/target/test-dir/MiniOzoneClusterImpl-8a58fefa-0c45-49f9-a99a-9d96e5fc94fa/datanode-4/data/ratis/eb2f13bb-a7c9-43b3-99a9-f61f7082a27e: Starting segment from index:0
2019-08-23 17:33:46,620 [31967366-836f-459e-918b-b922ad3a04c0:group-F61F7082A27E:LeaderElection69] INFO  impl.RaftServerImpl (ServerState.java:setRaftConf(361)) - 31967366-836f-459e-918b-b922ad3a04c0:group-F61F7082A27E set configuration 0: [31967366-836f-459e-918b-b922ad3a04c0:192.168.69.79:38687], old=null at 0
2019-08-23 17:33:46,671 [31967366-836f-459e-918b-b922ad3a04c0-SegmentedRaftLogWorker:Storage Directory /workdir/hadoop-ozone/integration-test/target/test-dir/MiniOzoneClusterImpl-8a58fefa-0c45-49f9-a99a-9d96e5fc94fa/datanode-4/data/ratis/eb2f13bb-a7c9-43b3-99a9-f61f7082a27e] INFO  segmented.SegmentedRaftLogWorker (SegmentedRaftLogWorker.java:execute(569)) - 31967366-836f-459e-918b-b922ad3a04c0-SegmentedRaftLogWorker:Storage Directory /workdir/hadoop-ozone/integration-test/target/test-dir/MiniOzoneClusterImpl-8a58fefa-0c45-49f9-a99a-9d96e5fc94fa/datanode-4/data/ratis/eb2f13bb-a7c9-43b3-99a9-f61f7082a27e: created new log segment /workdir/hadoop-ozone/integration-test/target/test-dir/MiniOzoneClusterImpl-8a58fefa-0c45-49f9-a99a-9d96e5fc94fa/datanode-4/data/ratis/eb2f13bb-a7c9-43b3-99a9-f61f7082a27e/current/log_inprogress_0
2019-08-23 17:33:46,678 [Thread-3543] INFO  impl.FollowerState (FollowerState.java:run(106)) - 6fbb74d4-a5a3-4cb1-84f5-d8b0772040c1:group-FC81EEBA94C8 changes to CANDIDATE, lastRpcTime:5081, electionTimeout:5081ms
2019-08-23 17:33:46,678 [Thread-3543] INFO  impl.RoleInfo (RoleInfo.java:shutdownFollowerState(121)) - 6fbb74d4-a5a3-4cb1-84f5-d8b0772040c1: shutdown FollowerState
2019-08-23 17:33:46,678 [Thread-3543] INFO  impl.RaftServerImpl (RaftServerImpl.java:setRole(171)) - 6fbb74d4-a5a3-4cb1-84f5-d8b0772040c1:group-FC81EEBA94C8 changes role from FOLLOWER to CANDIDATE at term 0 for changeToCandidate
2019-08-23 17:33:46,678 [Thread-3543] INFO  impl.RoleInfo (RoleInfo.java:updateAndGet(143)) - 6fbb74d4-a5a3-4cb1-84f5-d8b0772040c1: start LeaderElection
2019-08-23 17:33:46,695 [6fbb74d4-a5a3-4cb1-84f5-d8b0772040c1:group-FC81EEBA94C8:LeaderElection70] INFO  impl.LeaderElection (LeaderElection.java:askForVotes(181)) - 6fbb74d4-a5a3-4cb1-84f5-d8b0772040c1:group-FC81EEBA94C8:LeaderElection70: begin an election at term 1 for -1: [6fbb74d4-a5a3-4cb1-84f5-d8b0772040c1:192.168.69.79:33633], old=null
2019-08-23 17:33:46,695 [6fbb74d4-a5a3-4cb1-84f5-d8b0772040c1:group-FC81EEBA94C8:LeaderElection70] INFO  impl.RoleInfo (RoleInfo.java:shutdownLeaderElection(134)) - 6fbb74d4-a5a3-4cb1-84f5-d8b0772040c1: shutdown LeaderElection
2019-08-23 17:33:46,695 [6fbb74d4-a5a3-4cb1-84f5-d8b0772040c1:group-FC81EEBA94C8:LeaderElection70] INFO  impl.RaftServerImpl (RaftServerImpl.java:setRole(171)) - 6fbb74d4-a5a3-4cb1-84f5-d8b0772040c1:group-FC81EEBA94C8 changes role from CANDIDATE to LEADER at term 1 for changeToLeader
2019-08-23 17:33:46,695 [6fbb74d4-a5a3-4cb1-84f5-d8b0772040c1:group-FC81EEBA94C8:LeaderElection70] INFO  impl.RaftServerImpl (ServerState.java:setLeader(263)) - 6fbb74d4-a5a3-4cb1-84f5-d8b0772040c1:group-FC81EEBA94C8 change Leader from null to 6fbb74d4-a5a3-4cb1-84f5-d8b0772040c1 at term 1 for becomeLeader, leader elected after 5102ms
2019-08-23 17:33:46,696 [6fbb74d4-a5a3-4cb1-84f5-d8b0772040c1:group-FC81EEBA94C8:LeaderElection70] INFO  server.RaftServerConfigKeys (ConfUtils.java:logGet(43)) - raft.server.staging.catchup.gap = 1000 (default)
2019-08-23 17:33:46,696 [6fbb74d4-a5a3-4cb1-84f5-d8b0772040c1:group-FC81EEBA94C8:LeaderElection70] INFO  server.RaftServerConfigKeys (ConfUtils.java:logGet(43)) - raft.server.rpc.sleep.time = 25ms (default)
2019-08-23 17:33:46,696 [6fbb74d4-a5a3-4cb1-84f5-d8b0772040c1:group-FC81EEBA94C8:LeaderElection70] INFO  server.RaftServerConfigKeys (ConfUtils.java:logGet(43)) - raft.server.write.element-limit = 4096 (default)
2019-08-23 17:33:46,696 [6fbb74d4-a5a3-4cb1-84f5-d8b0772040c1:group-FC81EEBA94C8:LeaderElection70] INFO  server.RaftServerConfigKeys (ConfUtils.java:logGet(43)) - raft.server.watch.timeout = 10s (default)
2019-08-23 17:33:46,696 [6fbb74d4-a5a3-4cb1-84f5-d8b0772040c1:group-FC81EEBA94C8:LeaderElection70] INFO  server.RaftServerConfigKeys (ConfUtils.java:logGet(43)) - raft.server.watch.timeout.denomination = 1s (default)
2019-08-23 17:33:46,696 [6fbb74d4-a5a3-4cb1-84f5-d8b0772040c1:group-FC81EEBA94C8:LeaderElection70] INFO  server.RaftServerConfigKeys (ConfUtils.java:logGet(43)) - raft.server.watch.element-limit = 65536 (default)
2019-08-23 17:33:46,696 [6fbb74d4-a5a3-4cb1-84f5-d8b0772040c1:group-FC81EEBA94C8:LeaderElection70] INFO  impl.RoleInfo (RoleInfo.java:updateAndGet(143)) - 6fbb74d4-a5a3-4cb1-84f5-d8b0772040c1: start LeaderState
2019-08-23 17:33:46,696 [6fbb74d4-a5a3-4cb1-84f5-d8b0772040c1:group-FC81EEBA94C8:LeaderElection70] INFO  segmented.SegmentedRaftLogWorker (SegmentedRaftLogWorker.java:startLogSegment(380)) - 6fbb74d4-a5a3-4cb1-84f5-d8b0772040c1-SegmentedRaftLogWorker:Storage Directory /workdir/hadoop-ozone/integration-test/target/test-dir/MiniOzoneClusterImpl-8a58fefa-0c45-49f9-a99a-9d96e5fc94fa/datanode-5/data/ratis/15e2b675-6ffd-4a5f-94b8-fc81eeba94c8: Starting segment from index:0
2019-08-23 17:33:46,697 [6fbb74d4-a5a3-4cb1-84f5-d8b0772040c1:group-FC81EEBA94C8:LeaderElection70] INFO  impl.RaftServerImpl (ServerState.java:setRaftConf(361)) - 6fbb74d4-a5a3-4cb1-84f5-d8b0772040c1:group-FC81EEBA94C8 set configuration 0: [6fbb74d4-a5a3-4cb1-84f5-d8b0772040c1:192.168.69.79:33633], old=null at 0
2019-08-23 17:33:46,731 [Thread-3546] INFO  impl.FollowerState (FollowerState.java:run(106)) - 31967366-836f-459e-918b-b922ad3a04c0:group-7D984785181D changes to CANDIDATE, lastRpcTime:5084, electionTimeout:5079ms
2019-08-23 17:33:46,731 [Thread-3550] INFO  impl.FollowerState (FollowerState.java:run(106)) - 876990c2-a61c-4f07-9bf7-f26a19606da0:group-7D984785181D changes to CANDIDATE, lastRpcTime:5082, electionTimeout:5071ms
2019-08-23 17:33:46,731 [Thread-3546] INFO  impl.RoleInfo (RoleInfo.java:shutdownFollowerState(121)) - 31967366-836f-459e-918b-b922ad3a04c0: shutdown FollowerState
2019-08-23 17:33:46,731 [Thread-3550] INFO  impl.RoleInfo (RoleInfo.java:shutdownFollowerState(121)) - 876990c2-a61c-4f07-9bf7-f26a19606da0: shutdown FollowerState
2019-08-23 17:33:46,732 [Thread-3546] INFO  impl.RaftServerImpl (RaftServerImpl.java:setRole(171)) - 31967366-836f-459e-918b-b922ad3a04c0:group-7D984785181D changes role from FOLLOWER to CANDIDATE at term 0 for changeToCandidate
2019-08-23 17:33:46,732 [Thread-3550] INFO  impl.RaftServerImpl (RaftServerImpl.java:setRole(171)) - 876990c2-a61c-4f07-9bf7-f26a19606da0:group-7D984785181D changes role from FOLLOWER to CANDIDATE at term 0 for changeToCandidate
2019-08-23 17:33:46,732 [Thread-3546] INFO  impl.RoleInfo (RoleInfo.java:updateAndGet(143)) - 31967366-836f-459e-918b-b922ad3a04c0: start LeaderElection
2019-08-23 17:33:46,732 [Thread-3550] INFO  impl.RoleInfo (RoleInfo.java:updateAndGet(143)) - 876990c2-a61c-4f07-9bf7-f26a19606da0: start LeaderElection
2019-08-23 17:33:46,739 | INFO  | SCMAudit | user=jenkins1000 | ip=192.168.69.79 | op=SEND_HEARTBEAT {datanodeUUID=d991310f-591a-4dd6-9fd9-472b08eb9e78, command=[]} | ret=SUCCESS |  
2019-08-23 17:33:46,744 [6fbb74d4-a5a3-4cb1-84f5-d8b0772040c1-SegmentedRaftLogWorker:Storage Directory /workdir/hadoop-ozone/integration-test/target/test-dir/MiniOzoneClusterImpl-8a58fefa-0c45-49f9-a99a-9d96e5fc94fa/datanode-5/data/ratis/15e2b675-6ffd-4a5f-94b8-fc81eeba94c8] INFO  segmented.SegmentedRaftLogWorker (SegmentedRaftLogWorker.java:execute(569)) - 6fbb74d4-a5a3-4cb1-84f5-d8b0772040c1-SegmentedRaftLogWorker:Storage Directory /workdir/hadoop-ozone/integration-test/target/test-dir/MiniOzoneClusterImpl-8a58fefa-0c45-49f9-a99a-9d96e5fc94fa/datanode-5/data/ratis/15e2b675-6ffd-4a5f-94b8-fc81eeba94c8: created new log segment /workdir/hadoop-ozone/integration-test/target/test-dir/MiniOzoneClusterImpl-8a58fefa-0c45-49f9-a99a-9d96e5fc94fa/datanode-5/data/ratis/15e2b675-6ffd-4a5f-94b8-fc81eeba94c8/current/log_inprogress_0
2019-08-23 17:33:46,744 [31967366-836f-459e-918b-b922ad3a04c0:group-7D984785181D:LeaderElection71] INFO  impl.LeaderElection (LeaderElection.java:askForVotes(181)) - 31967366-836f-459e-918b-b922ad3a04c0:group-7D984785181D:LeaderElection71: begin an election at term 1 for -1: [6fbb74d4-a5a3-4cb1-84f5-d8b0772040c1:192.168.69.79:33633, 31967366-836f-459e-918b-b922ad3a04c0:192.168.69.79:38687, 876990c2-a61c-4f07-9bf7-f26a19606da0:192.168.69.79:38348], old=null
2019-08-23 17:33:46,744 [876990c2-a61c-4f07-9bf7-f26a19606da0:group-7D984785181D:LeaderElection72] INFO  impl.LeaderElection (LeaderElection.java:askForVotes(181)) - 876990c2-a61c-4f07-9bf7-f26a19606da0:group-7D984785181D:LeaderElection72: begin an election at term 1 for -1: [6fbb74d4-a5a3-4cb1-84f5-d8b0772040c1:192.168.69.79:33633, 31967366-836f-459e-918b-b922ad3a04c0:192.168.69.79:38687, 876990c2-a61c-4f07-9bf7-f26a19606da0:192.168.69.79:38348], old=null
2019-08-23 17:33:46,748 [grpc-default-executor-2] INFO  impl.RaftServerImpl (RaftServerImpl.java:setRole(171)) - 6fbb74d4-a5a3-4cb1-84f5-d8b0772040c1:group-7D984785181D changes role from FOLLOWER to FOLLOWER at term 1 for recognizeCandidate:31967366-836f-459e-918b-b922ad3a04c0
2019-08-23 17:33:46,750 [grpc-default-executor-2] INFO  impl.RoleInfo (RoleInfo.java:shutdownFollowerState(121)) - 6fbb74d4-a5a3-4cb1-84f5-d8b0772040c1: shutdown FollowerState
2019-08-23 17:33:46,751 [grpc-default-executor-2] INFO  impl.RoleInfo (RoleInfo.java:updateAndGet(143)) - 6fbb74d4-a5a3-4cb1-84f5-d8b0772040c1: start FollowerState
2019-08-23 17:33:46,751 [Thread-3551] INFO  impl.FollowerState (FollowerState.java:run(114)) - 6fbb74d4-a5a3-4cb1-84f5-d8b0772040c1: FollowerState was interrupted: java.lang.InterruptedException: sleep interrupted
2019-08-23 17:33:46,768 [31967366-836f-459e-918b-b922ad3a04c0:group-7D984785181D:LeaderElection71] INFO  impl.LeaderElection (LeaderElection.java:logAndReturn(56)) - 31967366-836f-459e-918b-b922ad3a04c0:group-7D984785181D:LeaderElection71: Election PASSED; received 2 response(s) [31967366-836f-459e-918b-b922ad3a04c0<-6fbb74d4-a5a3-4cb1-84f5-d8b0772040c1#0:OK-t1, 31967366-836f-459e-918b-b922ad3a04c0<-876990c2-a61c-4f07-9bf7-f26a19606da0#0:FAIL-t1] and 0 exception(s); 31967366-836f-459e-918b-b922ad3a04c0:t1, leader=null, voted=31967366-836f-459e-918b-b922ad3a04c0, raftlog=31967366-836f-459e-918b-b922ad3a04c0-SegmentedRaftLog:OPENED:c-1,f-1,i0, conf=-1: [6fbb74d4-a5a3-4cb1-84f5-d8b0772040c1:192.168.69.79:33633, 31967366-836f-459e-918b-b922ad3a04c0:192.168.69.79:38687, 876990c2-a61c-4f07-9bf7-f26a19606da0:192.168.69.79:38348], old=null
2019-08-23 17:33:46,768 [876990c2-a61c-4f07-9bf7-f26a19606da0:group-7D984785181D:LeaderElection72] INFO  impl.LeaderElection (LeaderElection.java:logAndReturn(56)) - 876990c2-a61c-4f07-9bf7-f26a19606da0:group-7D984785181D:LeaderElection72: Election REJECTED; received 2 response(s) [876990c2-a61c-4f07-9bf7-f26a19606da0<-6fbb74d4-a5a3-4cb1-84f5-d8b0772040c1#0:FAIL-t1, 876990c2-a61c-4f07-9bf7-f26a19606da0<-31967366-836f-459e-918b-b922ad3a04c0#0:FAIL-t1] and 0 exception(s); 876990c2-a61c-4f07-9bf7-f26a19606da0:t1, leader=null, voted=876990c2-a61c-4f07-9bf7-f26a19606da0, raftlog=876990c2-a61c-4f07-9bf7-f26a19606da0-SegmentedRaftLog:OPENED:c-1,f-1,i0, conf=-1: [6fbb74d4-a5a3-4cb1-84f5-d8b0772040c1:192.168.69.79:33633, 31967366-836f-459e-918b-b922ad3a04c0:192.168.69.79:38687, 876990c2-a61c-4f07-9bf7-f26a19606da0:192.168.69.79:38348], old=null
2019-08-23 17:33:46,768 [31967366-836f-459e-918b-b922ad3a04c0:group-7D984785181D:LeaderElection71] INFO  impl.RoleInfo (RoleInfo.java:shutdownLeaderElection(134)) - 31967366-836f-459e-918b-b922ad3a04c0: shutdown LeaderElection
2019-08-23 17:33:46,768 [876990c2-a61c-4f07-9bf7-f26a19606da0:group-7D984785181D:LeaderElection72] INFO  impl.RaftServerImpl (RaftServerImpl.java:setRole(171)) - 876990c2-a61c-4f07-9bf7-f26a19606da0:group-7D984785181D changes role from CANDIDATE to FOLLOWER at term 1 for DISCOVERED_A_NEW_TERM
2019-08-23 17:33:46,768 [31967366-836f-459e-918b-b922ad3a04c0:group-7D984785181D:LeaderElection71] INFO  impl.RaftServerImpl (RaftServerImpl.java:setRole(171)) - 31967366-836f-459e-918b-b922ad3a04c0:group-7D984785181D changes role from CANDIDATE to LEADER at term 1 for changeToLeader
2019-08-23 17:33:46,768 [876990c2-a61c-4f07-9bf7-f26a19606da0:group-7D984785181D:LeaderElection72] INFO  impl.RoleInfo (RoleInfo.java:shutdownLeaderElection(134)) - 876990c2-a61c-4f07-9bf7-f26a19606da0: shutdown LeaderElection
2019-08-23 17:33:46,768 [31967366-836f-459e-918b-b922ad3a04c0:group-7D984785181D:LeaderElection71] INFO  impl.RaftServerImpl (ServerState.java:setLeader(263)) - 31967366-836f-459e-918b-b922ad3a04c0:group-7D984785181D change Leader from null to 31967366-836f-459e-918b-b922ad3a04c0 at term 1 for becomeLeader, leader elected after 5127ms
2019-08-23 17:33:46,768 [876990c2-a61c-4f07-9bf7-f26a19606da0:group-7D984785181D:LeaderElection72] INFO  impl.RoleInfo (RoleInfo.java:updateAndGet(143)) - 876990c2-a61c-4f07-9bf7-f26a19606da0: start FollowerState
2019-08-23 17:33:46,769 [31967366-836f-459e-918b-b922ad3a04c0:group-7D984785181D:LeaderElection71] INFO  server.RaftServerConfigKeys (ConfUtils.java:logGet(43)) - raft.server.staging.catchup.gap = 1000 (default)
2019-08-23 17:33:46,769 [31967366-836f-459e-918b-b922ad3a04c0:group-7D984785181D:LeaderElection71] INFO  server.RaftServerConfigKeys (ConfUtils.java:logGet(43)) - raft.server.rpc.sleep.time = 25ms (default)
2019-08-23 17:33:46,769 [31967366-836f-459e-918b-b922ad3a04c0:group-7D984785181D:LeaderElection71] INFO  server.RaftServerConfigKeys (ConfUtils.java:logGet(43)) - raft.server.write.element-limit = 4096 (default)
2019-08-23 17:33:46,769 [31967366-836f-459e-918b-b922ad3a04c0:group-7D984785181D:LeaderElection71] INFO  server.RaftServerConfigKeys (ConfUtils.java:logGet(43)) - raft.server.watch.timeout = 10s (default)
2019-08-23 17:33:46,769 [31967366-836f-459e-918b-b922ad3a04c0:group-7D984785181D:LeaderElection71] INFO  server.RaftServerConfigKeys (ConfUtils.java:logGet(43)) - raft.server.watch.timeout.denomination = 1s (default)
2019-08-23 17:33:46,769 [31967366-836f-459e-918b-b922ad3a04c0:group-7D984785181D:LeaderElection71] INFO  server.RaftServerConfigKeys (ConfUtils.java:logGet(43)) - raft.server.watch.element-limit = 65536 (default)
2019-08-23 17:33:46,769 [31967366-836f-459e-918b-b922ad3a04c0:group-7D984785181D:LeaderElection71] INFO  server.RaftServerConfigKeys (ConfUtils.java:logGet(43)) - raft.server.log.appender.snapshot.chunk.size.max = 16MB (=16777216) (default)
2019-08-23 17:33:46,770 [31967366-836f-459e-918b-b922ad3a04c0:group-7D984785181D:LeaderElection71] INFO  server.RaftServerConfigKeys (ConfUtils.java:logGet(43)) - raft.server.log.appender.buffer.byte-limit = 33554432 (custom)
2019-08-23 17:33:46,770 [31967366-836f-459e-918b-b922ad3a04c0:group-7D984785181D:LeaderElection71] INFO  server.RaftServerConfigKeys (ConfUtils.java:logGet(43)) - raft.server.log.appender.buffer.element-limit = 1 (custom)
2019-08-23 17:33:46,770 [31967366-836f-459e-918b-b922ad3a04c0:group-7D984785181D:LeaderElection71] INFO  grpc.GrpcConfigKeys$Server (ConfUtils.java:logGet(43)) - raft.grpc.server.leader.outstanding.appends.max = 128 (default)
2019-08-23 17:33:46,770 [31967366-836f-459e-918b-b922ad3a04c0:group-7D984785181D:LeaderElection71] INFO  server.RaftServerConfigKeys (ConfUtils.java:logGet(43)) - raft.server.rpc.request.timeout = 3000ms (default)
2019-08-23 17:33:46,770 [31967366-836f-459e-918b-b922ad3a04c0:group-7D984785181D:LeaderElection71] INFO  server.RaftServerConfigKeys (ConfUtils.java:logGet(43)) - raft.server.log.appender.install.snapshot.enabled = false (custom)
2019-08-23 17:33:46,770 [31967366-836f-459e-918b-b922ad3a04c0:group-7D984785181D:LeaderElection71] INFO  server.RaftServerConfigKeys (ConfUtils.java:logGet(43)) - raft.server.log.appender.snapshot.chunk.size.max = 16MB (=16777216) (default)
2019-08-23 17:33:46,770 [31967366-836f-459e-918b-b922ad3a04c0:group-7D984785181D:LeaderElection71] INFO  server.RaftServerConfigKeys (ConfUtils.java:logGet(43)) - raft.server.log.appender.buffer.byte-limit = 33554432 (custom)
2019-08-23 17:33:46,771 [31967366-836f-459e-918b-b922ad3a04c0:group-7D984785181D:LeaderElection71] INFO  server.RaftServerConfigKeys (ConfUtils.java:logGet(43)) - raft.server.log.appender.buffer.element-limit = 1 (custom)
2019-08-23 17:33:46,771 [31967366-836f-459e-918b-b922ad3a04c0:group-7D984785181D:LeaderElection71] INFO  grpc.GrpcConfigKeys$Server (ConfUtils.java:logGet(43)) - raft.grpc.server.leader.outstanding.appends.max = 128 (default)
2019-08-23 17:33:46,771 [31967366-836f-459e-918b-b922ad3a04c0:group-7D984785181D:LeaderElection71] INFO  server.RaftServerConfigKeys (ConfUtils.java:logGet(43)) - raft.server.rpc.request.timeout = 3000ms (default)
2019-08-23 17:33:46,771 [31967366-836f-459e-918b-b922ad3a04c0:group-7D984785181D:LeaderElection71] INFO  server.RaftServerConfigKeys (ConfUtils.java:logGet(43)) - raft.server.log.appender.install.snapshot.enabled = false (custom)
2019-08-23 17:33:46,771 [31967366-836f-459e-918b-b922ad3a04c0:group-7D984785181D:LeaderElection71] INFO  impl.RoleInfo (RoleInfo.java:updateAndGet(143)) - 31967366-836f-459e-918b-b922ad3a04c0: start LeaderState
2019-08-23 17:33:46,771 [31967366-836f-459e-918b-b922ad3a04c0:group-7D984785181D:LeaderElection71] INFO  segmented.SegmentedRaftLogWorker (SegmentedRaftLogWorker.java:startLogSegment(380)) - 31967366-836f-459e-918b-b922ad3a04c0-SegmentedRaftLogWorker:Storage Directory /workdir/hadoop-ozone/integration-test/target/test-dir/MiniOzoneClusterImpl-8a58fefa-0c45-49f9-a99a-9d96e5fc94fa/datanode-4/data/ratis/90bebacc-638c-4edb-9395-7d984785181d: Starting segment from index:0
2019-08-23 17:33:46,772 [31967366-836f-459e-918b-b922ad3a04c0:group-7D984785181D:LeaderElection71] INFO  impl.RaftServerImpl (ServerState.java:setRaftConf(361)) - 31967366-836f-459e-918b-b922ad3a04c0:group-7D984785181D set configuration 0: [6fbb74d4-a5a3-4cb1-84f5-d8b0772040c1:192.168.69.79:33633, 31967366-836f-459e-918b-b922ad3a04c0:192.168.69.79:38687, 876990c2-a61c-4f07-9bf7-f26a19606da0:192.168.69.79:38348], old=null at 0
2019-08-23 17:33:46,773 [grpc-default-executor-2] INFO  impl.RaftServerImpl (ServerState.java:setLeader(263)) - 6fbb74d4-a5a3-4cb1-84f5-d8b0772040c1:group-7D984785181D change Leader from null to 31967366-836f-459e-918b-b922ad3a04c0 at term 1 for appendEntries, leader elected after 5131ms
2019-08-23 17:33:46,773 [grpc-default-executor-5] INFO  impl.RaftServerImpl (ServerState.java:setLeader(263)) - 876990c2-a61c-4f07-9bf7-f26a19606da0:group-7D984785181D change Leader from null to 31967366-836f-459e-918b-b922ad3a04c0 at term 1 for appendEntries, leader elected after 5131ms
2019-08-23 17:33:46,775 [grpc-default-executor-5] INFO  impl.RaftServerImpl (ServerState.java:setRaftConf(361)) - 6fbb74d4-a5a3-4cb1-84f5-d8b0772040c1:group-7D984785181D set configuration 0: [6fbb74d4-a5a3-4cb1-84f5-d8b0772040c1:192.168.69.79:33633, 31967366-836f-459e-918b-b922ad3a04c0:192.168.69.79:38687, 876990c2-a61c-4f07-9bf7-f26a19606da0:192.168.69.79:38348], old=null at 0
2019-08-23 17:33:46,775 [grpc-default-executor-5] INFO  segmented.SegmentedRaftLogWorker (SegmentedRaftLogWorker.java:startLogSegment(380)) - 6fbb74d4-a5a3-4cb1-84f5-d8b0772040c1-SegmentedRaftLogWorker:Storage Directory /workdir/hadoop-ozone/integration-test/target/test-dir/MiniOzoneClusterImpl-8a58fefa-0c45-49f9-a99a-9d96e5fc94fa/datanode-5/data/ratis/90bebacc-638c-4edb-9395-7d984785181d: Starting segment from index:0
2019-08-23 17:33:46,775 [grpc-default-executor-2] INFO  impl.RaftServerImpl (ServerState.java:setRaftConf(361)) - 876990c2-a61c-4f07-9bf7-f26a19606da0:group-7D984785181D set configuration 0: [6fbb74d4-a5a3-4cb1-84f5-d8b0772040c1:192.168.69.79:33633, 31967366-836f-459e-918b-b922ad3a04c0:192.168.69.79:38687, 876990c2-a61c-4f07-9bf7-f26a19606da0:192.168.69.79:38348], old=null at 0
2019-08-23 17:33:46,775 [grpc-default-executor-2] INFO  segmented.SegmentedRaftLogWorker (SegmentedRaftLogWorker.java:startLogSegment(380)) - 876990c2-a61c-4f07-9bf7-f26a19606da0-SegmentedRaftLogWorker:Storage Directory /workdir/hadoop-ozone/integration-test/target/test-dir/MiniOzoneClusterImpl-8a58fefa-0c45-49f9-a99a-9d96e5fc94fa/datanode-3/data/ratis/90bebacc-638c-4edb-9395-7d984785181d: Starting segment from index:0
2019-08-23 17:33:46,805 | INFO  | SCMAudit | user=jenkins1000 | ip=192.168.69.79 | op=SEND_HEARTBEAT {datanodeUUID=a5230df4-e43a-4560-b8d8-ffa5d1239854, command=[]} | ret=SUCCESS |  
2019-08-23 17:33:46,809 [6fbb74d4-a5a3-4cb1-84f5-d8b0772040c1-SegmentedRaftLogWorker:Storage Directory /workdir/hadoop-ozone/integration-test/target/test-dir/MiniOzoneClusterImpl-8a58fefa-0c45-49f9-a99a-9d96e5fc94fa/datanode-5/data/ratis/90bebacc-638c-4edb-9395-7d984785181d] INFO  segmented.SegmentedRaftLogWorker (SegmentedRaftLogWorker.java:execute(569)) - 6fbb74d4-a5a3-4cb1-84f5-d8b0772040c1-SegmentedRaftLogWorker:Storage Directory /workdir/hadoop-ozone/integration-test/target/test-dir/MiniOzoneClusterImpl-8a58fefa-0c45-49f9-a99a-9d96e5fc94fa/datanode-5/data/ratis/90bebacc-638c-4edb-9395-7d984785181d: created new log segment /workdir/hadoop-ozone/integration-test/target/test-dir/MiniOzoneClusterImpl-8a58fefa-0c45-49f9-a99a-9d96e5fc94fa/datanode-5/data/ratis/90bebacc-638c-4edb-9395-7d984785181d/current/log_inprogress_0
2019-08-23 17:33:46,809 [31967366-836f-459e-918b-b922ad3a04c0-SegmentedRaftLogWorker:Storage Directory /workdir/hadoop-ozone/integration-test/target/test-dir/MiniOzoneClusterImpl-8a58fefa-0c45-49f9-a99a-9d96e5fc94fa/datanode-4/data/ratis/90bebacc-638c-4edb-9395-7d984785181d] INFO  segmented.SegmentedRaftLogWorker (SegmentedRaftLogWorker.java:execute(569)) - 31967366-836f-459e-918b-b922ad3a04c0-SegmentedRaftLogWorker:Storage Directory /workdir/hadoop-ozone/integration-test/target/test-dir/MiniOzoneClusterImpl-8a58fefa-0c45-49f9-a99a-9d96e5fc94fa/datanode-4/data/ratis/90bebacc-638c-4edb-9395-7d984785181d: created new log segment /workdir/hadoop-ozone/integration-test/target/test-dir/MiniOzoneClusterImpl-8a58fefa-0c45-49f9-a99a-9d96e5fc94fa/datanode-4/data/ratis/90bebacc-638c-4edb-9395-7d984785181d/current/log_inprogress_0
2019-08-23 17:33:46,811 [876990c2-a61c-4f07-9bf7-f26a19606da0-SegmentedRaftLogWorker:Storage Directory /workdir/hadoop-ozone/integration-test/target/test-dir/MiniOzoneClusterImpl-8a58fefa-0c45-49f9-a99a-9d96e5fc94fa/datanode-3/data/ratis/90bebacc-638c-4edb-9395-7d984785181d] INFO  segmented.SegmentedRaftLogWorker (SegmentedRaftLogWorker.java:execute(569)) - 876990c2-a61c-4f07-9bf7-f26a19606da0-SegmentedRaftLogWorker:Storage Directory /workdir/hadoop-ozone/integration-test/target/test-dir/MiniOzoneClusterImpl-8a58fefa-0c45-49f9-a99a-9d96e5fc94fa/datanode-3/data/ratis/90bebacc-638c-4edb-9395-7d984785181d: created new log segment /workdir/hadoop-ozone/integration-test/target/test-dir/MiniOzoneClusterImpl-8a58fefa-0c45-49f9-a99a-9d96e5fc94fa/datanode-3/data/ratis/90bebacc-638c-4edb-9395-7d984785181d/current/log_inprogress_0
2019-08-23 17:33:46,837 [grpc-default-executor-2] INFO  client.GrpcClientProtocolClient (GrpcClientProtocolClient.java:onNext(255)) - client-D449C3D2B845->6fbb74d4-a5a3-4cb1-84f5-d8b0772040c1: receive RaftClientReply:client-D449C3D2B845->6fbb74d4-a5a3-4cb1-84f5-d8b0772040c1@group-7D984785181D, cid=183, FAILED org.apache.ratis.protocol.NotLeaderException: Server 6fbb74d4-a5a3-4cb1-84f5-d8b0772040c1 is not the leader (31967366-836f-459e-918b-b922ad3a04c0:192.168.69.79:38687). Request must be sent to leader., logIndex=0, commits[6fbb74d4-a5a3-4cb1-84f5-d8b0772040c1:c-1, 31967366-836f-459e-918b-b922ad3a04c0:c-1, 876990c2-a61c-4f07-9bf7-f26a19606da0:c-1]
2019-08-23 17:33:46,925 [Thread-3555] INFO  impl.FollowerState (FollowerState.java:run(106)) - d991310f-591a-4dd6-9fd9-472b08eb9e78:group-9EC3EB5A44B8 changes to CANDIDATE, lastRpcTime:5146, electionTimeout:5146ms
2019-08-23 17:33:46,925 [Thread-3555] INFO  impl.RoleInfo (RoleInfo.java:shutdownFollowerState(121)) - d991310f-591a-4dd6-9fd9-472b08eb9e78: shutdown FollowerState
2019-08-23 17:33:46,925 [Thread-3555] INFO  impl.RaftServerImpl (RaftServerImpl.java:setRole(171)) - d991310f-591a-4dd6-9fd9-472b08eb9e78:group-9EC3EB5A44B8 changes role from FOLLOWER to CANDIDATE at term 0 for changeToCandidate
2019-08-23 17:33:46,925 [Thread-3555] INFO  impl.RoleInfo (RoleInfo.java:updateAndGet(143)) - d991310f-591a-4dd6-9fd9-472b08eb9e78: start LeaderElection
2019-08-23 17:33:46,934 [d991310f-591a-4dd6-9fd9-472b08eb9e78:group-9EC3EB5A44B8:LeaderElection73] INFO  impl.LeaderElection (LeaderElection.java:askForVotes(181)) - d991310f-591a-4dd6-9fd9-472b08eb9e78:group-9EC3EB5A44B8:LeaderElection73: begin an election at term 1 for -1: [d991310f-591a-4dd6-9fd9-472b08eb9e78:192.168.69.79:34347], old=null
2019-08-23 17:33:46,936 [d991310f-591a-4dd6-9fd9-472b08eb9e78:group-9EC3EB5A44B8:LeaderElection73] INFO  impl.RoleInfo (RoleInfo.java:shutdownLeaderElection(134)) - d991310f-591a-4dd6-9fd9-472b08eb9e78: shutdown LeaderElection
2019-08-23 17:33:46,936 [d991310f-591a-4dd6-9fd9-472b08eb9e78:group-9EC3EB5A44B8:LeaderElection73] INFO  impl.RaftServerImpl (RaftServerImpl.java:setRole(171)) - d991310f-591a-4dd6-9fd9-472b08eb9e78:group-9EC3EB5A44B8 changes role from CANDIDATE to LEADER at term 1 for changeToLeader
2019-08-23 17:33:46,936 [d991310f-591a-4dd6-9fd9-472b08eb9e78:group-9EC3EB5A44B8:LeaderElection73] INFO  impl.RaftServerImpl (ServerState.java:setLeader(263)) - d991310f-591a-4dd6-9fd9-472b08eb9e78:group-9EC3EB5A44B8 change Leader from null to d991310f-591a-4dd6-9fd9-472b08eb9e78 at term 1 for becomeLeader, leader elected after 5160ms
2019-08-23 17:33:46,936 [d991310f-591a-4dd6-9fd9-472b08eb9e78:group-9EC3EB5A44B8:LeaderElection73] INFO  server.RaftServerConfigKeys (ConfUtils.java:logGet(43)) - raft.server.staging.catchup.gap = 1000 (default)
2019-08-23 17:33:46,936 [d991310f-591a-4dd6-9fd9-472b08eb9e78:group-9EC3EB5A44B8:LeaderElection73] INFO  server.RaftServerConfigKeys (ConfUtils.java:logGet(43)) - raft.server.rpc.sleep.time = 25ms (default)
2019-08-23 17:33:46,937 | INFO  | DNAudit | user=null | ip=null | op=WRITE_CHUNK {blockData=conID: 1 locID: 102667493230706702 bcsId: 0} | ret=SUCCESS |  
2019-08-23 17:33:46,937 | INFO  | DNAudit | user=null | ip=null | op=WRITE_CHUNK {blockData=conID: 1 locID: 102667493230706702 bcsId: 0} | ret=SUCCESS |  
2019-08-23 17:33:46,937 | INFO  | DNAudit | user=null | ip=null | op=WRITE_CHUNK {blockData=conID: 1 locID: 102667493230706702 bcsId: 0} | ret=SUCCESS |  
2019-08-23 17:33:46,937 [d991310f-591a-4dd6-9fd9-472b08eb9e78:group-9EC3EB5A44B8:LeaderElection73] INFO  server.RaftServerConfigKeys (ConfUtils.java:logGet(43)) - raft.server.write.element-limit = 4096 (default)
2019-08-23 17:33:46,937 | INFO  | SCMAudit | user=jenkins1000 | ip=192.168.69.79 | op=SEND_HEARTBEAT {datanodeUUID=6fbb74d4-a5a3-4cb1-84f5-d8b0772040c1, command=[]} | ret=SUCCESS |  
2019-08-23 17:33:46,937 | INFO  | SCMAudit | user=jenkins1000 | ip=192.168.69.79 | op=SEND_HEARTBEAT {datanodeUUID=876990c2-a61c-4f07-9bf7-f26a19606da0, command=[]} | ret=SUCCESS |  
2019-08-23 17:33:46,937 [d991310f-591a-4dd6-9fd9-472b08eb9e78:group-9EC3EB5A44B8:LeaderElection73] INFO  server.RaftServerConfigKeys (ConfUtils.java:logGet(43)) - raft.server.watch.timeout = 10s (default)
2019-08-23 17:33:46,937 | INFO  | SCMAudit | user=jenkins1000 | ip=192.168.69.79 | op=SEND_HEARTBEAT {datanodeUUID=31967366-836f-459e-918b-b922ad3a04c0, command=[]} | ret=SUCCESS |  
2019-08-23 17:33:46,937 [d991310f-591a-4dd6-9fd9-472b08eb9e78:group-9EC3EB5A44B8:LeaderElection73] INFO  server.RaftServerConfigKeys (ConfUtils.java:logGet(43)) - raft.server.watch.timeout.denomination = 1s (default)
2019-08-23 17:33:46,937 [d991310f-591a-4dd6-9fd9-472b08eb9e78:group-9EC3EB5A44B8:LeaderElection73] INFO  server.RaftServerConfigKeys (ConfUtils.java:logGet(43)) - raft.server.watch.element-limit = 65536 (default)
2019-08-23 17:33:46,937 [d991310f-591a-4dd6-9fd9-472b08eb9e78:group-9EC3EB5A44B8:LeaderElection73] INFO  impl.RoleInfo (RoleInfo.java:updateAndGet(143)) - d991310f-591a-4dd6-9fd9-472b08eb9e78: start LeaderState
2019-08-23 17:33:46,937 [d991310f-591a-4dd6-9fd9-472b08eb9e78:group-9EC3EB5A44B8:LeaderElection73] INFO  segmented.SegmentedRaftLogWorker (SegmentedRaftLogWorker.java:startLogSegment(380)) - d991310f-591a-4dd6-9fd9-472b08eb9e78-SegmentedRaftLogWorker:Storage Directory /workdir/hadoop-ozone/integration-test/target/test-dir/MiniOzoneClusterImpl-8a58fefa-0c45-49f9-a99a-9d96e5fc94fa/datanode-6/data/ratis/ad598905-cd1e-4e14-be6a-9ec3eb5a44b8: Starting segment from index:0
2019-08-23 17:33:46,938 [d991310f-591a-4dd6-9fd9-472b08eb9e78:group-9EC3EB5A44B8:LeaderElection73] INFO  impl.RaftServerImpl (ServerState.java:setRaftConf(361)) - d991310f-591a-4dd6-9fd9-472b08eb9e78:group-9EC3EB5A44B8 set configuration 0: [d991310f-591a-4dd6-9fd9-472b08eb9e78:192.168.69.79:34347], old=null at 0
2019-08-23 17:33:46,965 | INFO  | DNAudit | user=null | ip=null | op=WRITE_CHUNK {blockData=conID: 1 locID: 102667493230706702 bcsId: 0} | ret=SUCCESS |  
2019-08-23 17:33:46,969 [grpc-default-executor-2] INFO  client.GrpcClientProtocolClient (GrpcClientProtocolClient.java:onNext(255)) - client-D449C3D2B845->31967366-836f-459e-918b-b922ad3a04c0: receive RaftClientReply:client-D449C3D2B845->31967366-836f-459e-918b-b922ad3a04c0@group-7D984785181D, cid=183, SUCCESS, logIndex=1, commits[31967366-836f-459e-918b-b922ad3a04c0:c1, 6fbb74d4-a5a3-4cb1-84f5-d8b0772040c1:c0, 876990c2-a61c-4f07-9bf7-f26a19606da0:c0]
2019-08-23 17:33:46,971 | INFO  | DNAudit | user=null | ip=null | op=WRITE_CHUNK {blockData=conID: 1 locID: 102667493230706702 bcsId: 0} | ret=SUCCESS |  
2019-08-23 17:33:46,974 | INFO  | DNAudit | user=null | ip=null | op=WRITE_CHUNK {blockData=conID: 1 locID: 102667493230706702 bcsId: 0} | ret=SUCCESS |  
2019-08-23 17:33:46,976 | INFO  | DNAudit | user=null | ip=null | op=WRITE_CHUNK {blockData=conID: 1 locID: 102667493230706702 bcsId: 0} | ret=SUCCESS |  
2019-08-23 17:33:46,976 | INFO  | DNAudit | user=null | ip=null | op=WRITE_CHUNK {blockData=conID: 1 locID: 102667493230706702 bcsId: 0} | ret=SUCCESS |  
2019-08-23 17:33:46,976 | INFO  | DNAudit | user=null | ip=null | op=WRITE_CHUNK {blockData=conID: 1 locID: 102667493230706702 bcsId: 0} | ret=SUCCESS |  
2019-08-23 17:33:46,976 | INFO  | DNAudit | user=null | ip=null | op=WRITE_CHUNK {blockData=conID: 1 locID: 102667493230706702 bcsId: 0} | ret=SUCCESS |  
2019-08-23 17:33:46,976 | INFO  | DNAudit | user=null | ip=null | op=WRITE_CHUNK {blockData=conID: 1 locID: 102667493230706702 bcsId: 0} | ret=SUCCESS |  
2019-08-23 17:33:46,976 | INFO  | DNAudit | user=null | ip=null | op=WRITE_CHUNK {blockData=conID: 1 locID: 102667493230706702 bcsId: 0} | ret=SUCCESS |  
2019-08-23 17:33:46,976 | INFO  | DNAudit | user=null | ip=null | op=WRITE_CHUNK {blockData=conID: 1 locID: 102667493230706702 bcsId: 0} | ret=SUCCESS |  
2019-08-23 17:33:46,976 [d991310f-591a-4dd6-9fd9-472b08eb9e78-SegmentedRaftLogWorker:Storage Directory /workdir/hadoop-ozone/integration-test/target/test-dir/MiniOzoneClusterImpl-8a58fefa-0c45-49f9-a99a-9d96e5fc94fa/datanode-6/data/ratis/ad598905-cd1e-4e14-be6a-9ec3eb5a44b8] INFO  segmented.SegmentedRaftLogWorker (SegmentedRaftLogWorker.java:execute(569)) - d991310f-591a-4dd6-9fd9-472b08eb9e78-SegmentedRaftLogWorker:Storage Directory /workdir/hadoop-ozone/integration-test/target/test-dir/MiniOzoneClusterImpl-8a58fefa-0c45-49f9-a99a-9d96e5fc94fa/datanode-6/data/ratis/ad598905-cd1e-4e14-be6a-9ec3eb5a44b8: created new log segment /workdir/hadoop-ozone/integration-test/target/test-dir/MiniOzoneClusterImpl-8a58fefa-0c45-49f9-a99a-9d96e5fc94fa/datanode-6/data/ratis/ad598905-cd1e-4e14-be6a-9ec3eb5a44b8/current/log_inprogress_0
2019-08-23 17:33:46,976 | INFO  | DNAudit | user=null | ip=null | op=WRITE_CHUNK {blockData=conID: 1 locID: 102667493230706702 bcsId: 0} | ret=SUCCESS |  
2019-08-23 17:33:46,976 | INFO  | DNAudit | user=null | ip=null | op=WRITE_CHUNK {blockData=conID: 1 locID: 102667493230706702 bcsId: 0} | ret=SUCCESS |  
2019-08-23 17:33:46,978 | INFO  | DNAudit | user=null | ip=null | op=WRITE_CHUNK {blockData=conID: 1 locID: 102667493230706702 bcsId: 0} | ret=SUCCESS |  
2019-08-23 17:33:46,981 [grpc-default-executor-2] INFO  client.GrpcClientProtocolClient (GrpcClientProtocolClient.java:onNext(255)) - client-D449C3D2B845->31967366-836f-459e-918b-b922ad3a04c0: receive RaftClientReply:client-D449C3D2B845->31967366-836f-459e-918b-b922ad3a04c0@group-7D984785181D, cid=184, SUCCESS, logIndex=3, commits[31967366-836f-459e-918b-b922ad3a04c0:c4, 6fbb74d4-a5a3-4cb1-84f5-d8b0772040c1:c1, 876990c2-a61c-4f07-9bf7-f26a19606da0:c1]
2019-08-23 17:33:46,989 | INFO  | DNAudit | user=null | ip=null | op=WRITE_CHUNK {blockData=conID: 1 locID: 102667493230706702 bcsId: 0} | ret=SUCCESS |  
2019-08-23 17:33:46,991 | INFO  | DNAudit | user=null | ip=null | op=WRITE_CHUNK {blockData=conID: 1 locID: 102667493230706702 bcsId: 0} | ret=SUCCESS |  
2019-08-23 17:33:47,005 | INFO  | SCMAudit | user=jenkins1000 | ip=192.168.69.79 | op=SEND_HEARTBEAT {datanodeUUID=4a4bc7f8-d7f4-4b72-b368-a22ea43ebd35, command=[]} | ret=SUCCESS |  
2019-08-23 17:33:47,006 | INFO  | DNAudit | user=null | ip=null | op=PUT_BLOCK {blockData=[blockId=conID: 1 locID: 102667493230706702 bcsId: 0,size=200]} | ret=SUCCESS |  
2019-08-23 17:33:47,006 | INFO  | DNAudit | user=null | ip=null | op=WRITE_CHUNK {blockData=conID: 1 locID: 102667493230706702 bcsId: 0} | ret=SUCCESS |  
2019-08-23 17:33:47,007 | INFO  | DNAudit | user=null | ip=null | op=WRITE_CHUNK {blockData=conID: 1 locID: 102667493230706702 bcsId: 0} | ret=SUCCESS |  
2019-08-23 17:33:47,007 [grpc-default-executor-2] INFO  client.GrpcClientProtocolClient (GrpcClientProtocolClient.java:onNext(255)) - client-D449C3D2B845->31967366-836f-459e-918b-b922ad3a04c0: receive RaftClientReply:client-D449C3D2B845->31967366-836f-459e-918b-b922ad3a04c0@group-7D984785181D, cid=185, SUCCESS, logIndex=4, commits[31967366-836f-459e-918b-b922ad3a04c0:c11, 6fbb74d4-a5a3-4cb1-84f5-d8b0772040c1:c7, 876990c2-a61c-4f07-9bf7-f26a19606da0:c7]
2019-08-23 17:33:47,010 [grpc-default-executor-2] INFO  client.GrpcClientProtocolClient (GrpcClientProtocolClient.java:onNext(255)) - client-D449C3D2B845->31967366-836f-459e-918b-b922ad3a04c0: receive RaftClientReply:client-D449C3D2B845->31967366-836f-459e-918b-b922ad3a04c0@group-7D984785181D, cid=186, SUCCESS, logIndex=5, commits[31967366-836f-459e-918b-b922ad3a04c0:c11, 6fbb74d4-a5a3-4cb1-84f5-d8b0772040c1:c7, 876990c2-a61c-4f07-9bf7-f26a19606da0:c7]
2019-08-23 17:33:47,010 [grpc-default-executor-2] INFO  client.GrpcClientProtocolClient (GrpcClientProtocolClient.java:onNext(255)) - client-D449C3D2B845->31967366-836f-459e-918b-b922ad3a04c0: receive RaftClientReply:client-D449C3D2B845->31967366-836f-459e-918b-b922ad3a04c0@group-7D984785181D, cid=187, SUCCESS, logIndex=6, commits[31967366-836f-459e-918b-b922ad3a04c0:c11, 6fbb74d4-a5a3-4cb1-84f5-d8b0772040c1:c7, 876990c2-a61c-4f07-9bf7-f26a19606da0:c7]
2019-08-23 17:33:47,031 | INFO  | DNAudit | user=null | ip=null | op=PUT_BLOCK {blockData=[blockId=conID: 1 locID: 102667493230706702 bcsId: 0,size=200]} | ret=SUCCESS |  
2019-08-23 17:33:47,031 | INFO  | DNAudit | user=null | ip=null | op=WRITE_CHUNK {blockData=conID: 1 locID: 102667493230706702 bcsId: 0} | ret=SUCCESS |  
2019-08-23 17:33:47,031 | INFO  | DNAudit | user=null | ip=null | op=WRITE_CHUNK {blockData=conID: 1 locID: 102667493230706702 bcsId: 0} | ret=SUCCESS |  
2019-08-23 17:33:47,053 | INFO  | DNAudit | user=null | ip=null | op=PUT_BLOCK {blockData=[blockId=conID: 1 locID: 102667493230706702 bcsId: 0,size=400]} | ret=SUCCESS |  
2019-08-23 17:33:47,053 | INFO  | DNAudit | user=null | ip=null | op=PUT_BLOCK {blockData=[blockId=conID: 1 locID: 102667493230706702 bcsId: 0,size=200]} | ret=SUCCESS |  
2019-08-23 17:33:47,053 | INFO  | DNAudit | user=null | ip=null | op=PUT_BLOCK {blockData=[blockId=conID: 1 locID: 102667493230706702 bcsId: 0,size=400]} | ret=SUCCESS |  
2019-08-23 17:33:47,053 | INFO  | DNAudit | user=null | ip=null | op=WRITE_CHUNK {blockData=conID: 1 locID: 102667493230706702 bcsId: 0} | ret=SUCCESS |  
2019-08-23 17:33:47,054 | INFO  | DNAudit | user=null | ip=null | op=WRITE_CHUNK {blockData=conID: 1 locID: 102667493230706702 bcsId: 0} | ret=SUCCESS |  
2019-08-23 17:33:47,054 | INFO  | DNAudit | user=null | ip=null | op=PUT_BLOCK {blockData=[blockId=conID: 1 locID: 102667493230706702 bcsId: 0,size=400]} | ret=SUCCESS |  
2019-08-23 17:33:47,054 [grpc-default-executor-2] INFO  client.GrpcClientProtocolClient (GrpcClientProtocolClient.java:onNext(255)) - client-D449C3D2B845->31967366-836f-459e-918b-b922ad3a04c0: receive RaftClientReply:client-D449C3D2B845->31967366-836f-459e-918b-b922ad3a04c0@group-7D984785181D, cid=188, SUCCESS, logIndex=7, commits[31967366-836f-459e-918b-b922ad3a04c0:c11, 6fbb74d4-a5a3-4cb1-84f5-d8b0772040c1:c7, 876990c2-a61c-4f07-9bf7-f26a19606da0:c7]
2019-08-23 17:33:47,057 | INFO  | DNAudit | user=null | ip=null | op=WRITE_CHUNK {blockData=conID: 1 locID: 102667493230706702 bcsId: 7} | ret=SUCCESS |  
2019-08-23 17:33:47,058 | INFO  | DNAudit | user=null | ip=null | op=WRITE_CHUNK {blockData=conID: 1 locID: 102667493230706702 bcsId: 7} | ret=SUCCESS |  
2019-08-23 17:33:47,058 | INFO  | DNAudit | user=null | ip=null | op=WRITE_CHUNK {blockData=conID: 1 locID: 102667493230706702 bcsId: 7} | ret=SUCCESS |  
2019-08-23 17:33:47,069 | INFO  | DNAudit | user=null | ip=null | op=WRITE_CHUNK {blockData=conID: 1 locID: 102667493230706702 bcsId: 7} | ret=SUCCESS |  
2019-08-23 17:33:47,080 | INFO  | DNAudit | user=null | ip=null | op=PUT_BLOCK {blockData=[blockId=conID: 1 locID: 102667493230706702 bcsId: 0,size=450]} | ret=SUCCESS |  
2019-08-23 17:33:47,080 [grpc-default-executor-2] INFO  client.GrpcClientProtocolClient (GrpcClientProtocolClient.java:onNext(255)) - client-D449C3D2B845->31967366-836f-459e-918b-b922ad3a04c0: receive RaftClientReply:client-D449C3D2B845->31967366-836f-459e-918b-b922ad3a04c0@group-7D984785181D, cid=189, SUCCESS, logIndex=12, commits[31967366-836f-459e-918b-b922ad3a04c0:c13, 6fbb74d4-a5a3-4cb1-84f5-d8b0772040c1:c11, 876990c2-a61c-4f07-9bf7-f26a19606da0:c11]
2019-08-23 17:33:47,081 | INFO  | DNAudit | user=null | ip=null | op=WRITE_CHUNK {blockData=conID: 1 locID: 102667493230706702 bcsId: 7} | ret=SUCCESS |  
2019-08-23 17:33:47,081 | INFO  | DNAudit | user=null | ip=null | op=WRITE_CHUNK {blockData=conID: 1 locID: 102667493230706702 bcsId: 7} | ret=SUCCESS |  
2019-08-23 17:33:47,084 | INFO  | DNAudit | user=null | ip=null | op=PUT_BLOCK {blockData=[blockId=conID: 1 locID: 102667493230706702 bcsId: 0,size=450]} | ret=SUCCESS |  
2019-08-23 17:33:47,084 [grpc-default-executor-2] INFO  client.GrpcClientProtocolClient (GrpcClientProtocolClient.java:onNext(255)) - client-D449C3D2B845->31967366-836f-459e-918b-b922ad3a04c0: receive RaftClientReply:client-D449C3D2B845->31967366-836f-459e-918b-b922ad3a04c0@group-7D984785181D, cid=190, SUCCESS, logIndex=13, commits[31967366-836f-459e-918b-b922ad3a04c0:c13, 6fbb74d4-a5a3-4cb1-84f5-d8b0772040c1:c11, 876990c2-a61c-4f07-9bf7-f26a19606da0:c11]
2019-08-23 17:33:47,093 | INFO  | DNAudit | user=null | ip=null | op=PUT_BLOCK {blockData=[blockId=conID: 1 locID: 102667493230706702 bcsId: 0,size=450]} | ret=SUCCESS |  
2019-08-23 17:33:47,095 [grpc-default-executor-3] INFO  client.GrpcClientProtocolClient (GrpcClientProtocolClient.java:onNext(255)) - client-D449C3D2B845->31967366-836f-459e-918b-b922ad3a04c0: receive RaftClientReply:client-D449C3D2B845->31967366-836f-459e-918b-b922ad3a04c0@group-7D984785181D, cid=191, SUCCESS, logIndex=0, commits[31967366-836f-459e-918b-b922ad3a04c0:c15, 6fbb74d4-a5a3-4cb1-84f5-d8b0772040c1:c13, 876990c2-a61c-4f07-9bf7-f26a19606da0:c13]
2019-08-23 17:33:47,095 [main] INFO  datanode.ObjectStoreHandler (ObjectStoreHandler.java:close(155)) - Closing ObjectStoreHandler.
2019-08-23 17:33:47,096 [main] INFO  ozone.HddsDatanodeService (HddsDatanodeService.java:stop(451)) - Stopped plug-in org.apache.hadoop.ozone.web.OzoneHddsDatanodeService@70882cb7
2019-08-23 17:33:47,345 | INFO  | SCMAudit | user=jenkins1000 | ip=192.168.69.79 | op=SEND_HEARTBEAT {datanodeUUID=c1868ab2-aa15-4f4a-9771-d4fa90467b59, command=[]} | ret=SUCCESS |  
2019-08-23 17:33:47,740 | INFO  | SCMAudit | user=jenkins1000 | ip=192.168.69.79 | op=SEND_HEARTBEAT {datanodeUUID=d991310f-591a-4dd6-9fd9-472b08eb9e78, command=[]} | ret=SUCCESS |  
2019-08-23 17:33:47,805 | INFO  | SCMAudit | user=jenkins1000 | ip=192.168.69.79 | op=SEND_HEARTBEAT {datanodeUUID=a5230df4-e43a-4560-b8d8-ffa5d1239854, command=[]} | ret=SUCCESS |  
2019-08-23 17:33:47,936 [Datanode State Machine Thread - 0] INFO  statemachine.DatanodeStateMachine (DatanodeStateMachine.java:lambda$startDaemon$0(350)) - Ozone container server started.
2019-08-23 17:33:47,937 | INFO  | SCMAudit | user=jenkins1000 | ip=192.168.69.79 | op=SEND_HEARTBEAT {datanodeUUID=876990c2-a61c-4f07-9bf7-f26a19606da0, command=[]} | ret=SUCCESS |  
2019-08-23 17:33:47,937 | INFO  | SCMAudit | user=jenkins1000 | ip=192.168.69.79 | op=SEND_HEARTBEAT {datanodeUUID=6fbb74d4-a5a3-4cb1-84f5-d8b0772040c1, command=[]} | ret=SUCCESS |  
2019-08-23 17:33:48,005 | INFO  | SCMAudit | user=jenkins1000 | ip=192.168.69.79 | op=SEND_HEARTBEAT {datanodeUUID=4a4bc7f8-d7f4-4b72-b368-a22ea43ebd35, command=[]} | ret=SUCCESS |  
2019-08-23 17:33:48,345 | INFO  | SCMAudit | user=jenkins1000 | ip=192.168.69.79 | op=SEND_HEARTBEAT {datanodeUUID=c1868ab2-aa15-4f4a-9771-d4fa90467b59, command=[]} | ret=SUCCESS |  
2019-08-23 17:33:48,740 | INFO  | SCMAudit | user=jenkins1000 | ip=192.168.69.79 | op=SEND_HEARTBEAT {datanodeUUID=d991310f-591a-4dd6-9fd9-472b08eb9e78, command=[]} | ret=SUCCESS |  
2019-08-23 17:33:48,805 | INFO  | SCMAudit | user=jenkins1000 | ip=192.168.69.79 | op=SEND_HEARTBEAT {datanodeUUID=a5230df4-e43a-4560-b8d8-ffa5d1239854, command=[]} | ret=SUCCESS |  
2019-08-23 17:33:48,937 | INFO  | SCMAudit | user=jenkins1000 | ip=192.168.69.79 | op=SEND_HEARTBEAT {datanodeUUID=6fbb74d4-a5a3-4cb1-84f5-d8b0772040c1, command=[]} | ret=SUCCESS |  
2019-08-23 17:33:48,937 | INFO  | SCMAudit | user=jenkins1000 | ip=192.168.69.79 | op=SEND_HEARTBEAT {datanodeUUID=876990c2-a61c-4f07-9bf7-f26a19606da0, command=[]} | ret=SUCCESS |  
2019-08-23 17:33:49,005 | INFO  | SCMAudit | user=jenkins1000 | ip=192.168.69.79 | op=SEND_HEARTBEAT {datanodeUUID=4a4bc7f8-d7f4-4b72-b368-a22ea43ebd35, command=[]} | ret=SUCCESS |  
2019-08-23 17:33:49,345 | INFO  | SCMAudit | user=jenkins1000 | ip=192.168.69.79 | op=SEND_HEARTBEAT {datanodeUUID=c1868ab2-aa15-4f4a-9771-d4fa90467b59, command=[]} | ret=SUCCESS |  
2019-08-23 17:33:49,741 | INFO  | SCMAudit | user=jenkins1000 | ip=192.168.69.79 | op=SEND_HEARTBEAT {datanodeUUID=d991310f-591a-4dd6-9fd9-472b08eb9e78, command=[]} | ret=SUCCESS |  
2019-08-23 17:33:49,805 | INFO  | SCMAudit | user=jenkins1000 | ip=192.168.69.79 | op=SEND_HEARTBEAT {datanodeUUID=a5230df4-e43a-4560-b8d8-ffa5d1239854, command=[]} | ret=SUCCESS |  
2019-08-23 17:33:49,938 | INFO  | SCMAudit | user=jenkins1000 | ip=192.168.69.79 | op=SEND_HEARTBEAT {datanodeUUID=876990c2-a61c-4f07-9bf7-f26a19606da0, command=[]} | ret=SUCCESS |  
2019-08-23 17:33:49,938 | INFO  | SCMAudit | user=jenkins1000 | ip=192.168.69.79 | op=SEND_HEARTBEAT {datanodeUUID=6fbb74d4-a5a3-4cb1-84f5-d8b0772040c1, command=[]} | ret=SUCCESS |  
2019-08-23 17:33:50,005 | INFO  | SCMAudit | user=jenkins1000 | ip=192.168.69.79 | op=SEND_HEARTBEAT {datanodeUUID=4a4bc7f8-d7f4-4b72-b368-a22ea43ebd35, command=[]} | ret=SUCCESS |  
2019-08-23 17:33:50,345 | INFO  | SCMAudit | user=jenkins1000 | ip=192.168.69.79 | op=SEND_HEARTBEAT {datanodeUUID=c1868ab2-aa15-4f4a-9771-d4fa90467b59, command=[]} | ret=SUCCESS |  
2019-08-23 17:33:50,741 | INFO  | SCMAudit | user=jenkins1000 | ip=192.168.69.79 | op=SEND_HEARTBEAT {datanodeUUID=d991310f-591a-4dd6-9fd9-472b08eb9e78, command=[]} | ret=SUCCESS |  
2019-08-23 17:33:50,805 | INFO  | SCMAudit | user=jenkins1000 | ip=192.168.69.79 | op=SEND_HEARTBEAT {datanodeUUID=a5230df4-e43a-4560-b8d8-ffa5d1239854, command=[]} | ret=SUCCESS |  
2019-08-23 17:33:50,937 | INFO  | SCMAudit | user=jenkins1000 | ip=192.168.69.79 | op=SEND_HEARTBEAT {datanodeUUID=6fbb74d4-a5a3-4cb1-84f5-d8b0772040c1, command=[]} | ret=SUCCESS |  
2019-08-23 17:33:50,937 | INFO  | SCMAudit | user=jenkins1000 | ip=192.168.69.79 | op=SEND_HEARTBEAT {datanodeUUID=876990c2-a61c-4f07-9bf7-f26a19606da0, command=[]} | ret=SUCCESS |  
2019-08-23 17:33:51,005 | INFO  | SCMAudit | user=jenkins1000 | ip=192.168.69.79 | op=SEND_HEARTBEAT {datanodeUUID=4a4bc7f8-d7f4-4b72-b368-a22ea43ebd35, command=[]} | ret=SUCCESS |  
2019-08-23 17:33:51,346 | INFO  | SCMAudit | user=jenkins1000 | ip=192.168.69.79 | op=SEND_HEARTBEAT {datanodeUUID=c1868ab2-aa15-4f4a-9771-d4fa90467b59, command=[]} | ret=SUCCESS |  
2019-08-23 17:33:51,741 | INFO  | SCMAudit | user=jenkins1000 | ip=192.168.69.79 | op=SEND_HEARTBEAT {datanodeUUID=d991310f-591a-4dd6-9fd9-472b08eb9e78, command=[]} | ret=SUCCESS |  
2019-08-23 17:33:51,805 | INFO  | SCMAudit | user=jenkins1000 | ip=192.168.69.79 | op=SEND_HEARTBEAT {datanodeUUID=a5230df4-e43a-4560-b8d8-ffa5d1239854, command=[]} | ret=SUCCESS |  
2019-08-23 17:33:51,938 | INFO  | SCMAudit | user=jenkins1000 | ip=192.168.69.79 | op=SEND_HEARTBEAT {datanodeUUID=876990c2-a61c-4f07-9bf7-f26a19606da0, command=[]} | ret=SUCCESS |  
2019-08-23 17:33:51,938 | INFO  | SCMAudit | user=jenkins1000 | ip=192.168.69.79 | op=SEND_HEARTBEAT {datanodeUUID=6fbb74d4-a5a3-4cb1-84f5-d8b0772040c1, command=[]} | ret=SUCCESS |  
2019-08-23 17:33:51,969 [EventQueue-StaleNodeForStaleNodeHandler] INFO  node.StaleNodeHandler (StaleNodeHandler.java:onMessage(58)) - Datanode 31967366-836f-459e-918b-b922ad3a04c0{ip: 192.168.69.79, host: pr-hdds-1898-mkj97-200540441, networkLocation: /default-rack, certSerialId: null} moved to stale state. Finalizing its pipelines [PipelineID=90bebacc-638c-4edb-9395-7d984785181d, PipelineID=eb2f13bb-a7c9-43b3-99a9-f61f7082a27e]
2019-08-23 17:33:51,969 [EventQueue-StaleNodeForStaleNodeHandler] INFO  pipeline.SCMPipelineManager (SCMPipelineManager.java:finalizeAndDestroyPipeline(309)) - destroying pipeline:Pipeline[ Id: 90bebacc-638c-4edb-9395-7d984785181d, Nodes: 31967366-836f-459e-918b-b922ad3a04c0{ip: 192.168.69.79, host: pr-hdds-1898-mkj97-200540441, networkLocation: /default-rack, certSerialId: null}6fbb74d4-a5a3-4cb1-84f5-d8b0772040c1{ip: 192.168.69.79, host: pr-hdds-1898-mkj97-200540441, networkLocation: /default-rack, certSerialId: null}876990c2-a61c-4f07-9bf7-f26a19606da0{ip: 192.168.69.79, host: pr-hdds-1898-mkj97-200540441, networkLocation: /default-rack, certSerialId: null}, Type:RATIS, Factor:THREE, State:OPEN]
2019-08-23 17:33:51,970 [EventQueue-StaleNodeForStaleNodeHandler] INFO  pipeline.PipelineStateManager (PipelineStateManager.java:finalizePipeline(123)) - Pipeline Pipeline[ Id: 90bebacc-638c-4edb-9395-7d984785181d, Nodes: 31967366-836f-459e-918b-b922ad3a04c0{ip: 192.168.69.79, host: pr-hdds-1898-mkj97-200540441, networkLocation: /default-rack, certSerialId: null}6fbb74d4-a5a3-4cb1-84f5-d8b0772040c1{ip: 192.168.69.79, host: pr-hdds-1898-mkj97-200540441, networkLocation: /default-rack, certSerialId: null}876990c2-a61c-4f07-9bf7-f26a19606da0{ip: 192.168.69.79, host: pr-hdds-1898-mkj97-200540441, networkLocation: /default-rack, certSerialId: null}, Type:RATIS, Factor:THREE, State:CLOSED] moved to CLOSED state
2019-08-23 17:33:51,970 [EventQueue-StaleNodeForStaleNodeHandler] INFO  pipeline.SCMPipelineManager (SCMPipelineManager.java:finalizeAndDestroyPipeline(309)) - destroying pipeline:Pipeline[ Id: eb2f13bb-a7c9-43b3-99a9-f61f7082a27e, Nodes: 31967366-836f-459e-918b-b922ad3a04c0{ip: 192.168.69.79, host: pr-hdds-1898-mkj97-200540441, networkLocation: /default-rack, certSerialId: null}, Type:RATIS, Factor:ONE, State:OPEN]
2019-08-23 17:33:51,970 [EventQueue-CloseContainerForCloseContainerEventHandler] INFO  container.CloseContainerEventHandler (CloseContainerEventHandler.java:onMessage(61)) - Close container Event triggered for container : #1
2019-08-23 17:33:51,970 [EventQueue-StaleNodeForStaleNodeHandler] INFO  pipeline.PipelineStateManager (PipelineStateManager.java:finalizePipeline(123)) - Pipeline Pipeline[ Id: eb2f13bb-a7c9-43b3-99a9-f61f7082a27e, Nodes: 31967366-836f-459e-918b-b922ad3a04c0{ip: 192.168.69.79, host: pr-hdds-1898-mkj97-200540441, networkLocation: /default-rack, certSerialId: null}, Type:RATIS, Factor:ONE, State:CLOSED] moved to CLOSED state
2019-08-23 17:33:52,006 | INFO  | SCMAudit | user=jenkins1000 | ip=192.168.69.79 | op=SEND_HEARTBEAT {datanodeUUID=4a4bc7f8-d7f4-4b72-b368-a22ea43ebd35, command=[]} | ret=SUCCESS |  
2019-08-23 17:33:52,097 [main] INFO  ozoneimpl.OzoneContainer (OzoneContainer.java:stop(199)) - Attempting to stop container services.
2019-08-23 17:33:52,097 [main] INFO  impl.RaftServerProxy (RaftServerProxy.java:lambda$close$4(314)) - 31967366-836f-459e-918b-b922ad3a04c0: close
2019-08-23 17:33:52,098 [main] INFO  impl.RaftServerImpl (RaftServerImpl.java:lambda$shutdown$3(245)) - 31967366-836f-459e-918b-b922ad3a04c0: shutdown group-7D984785181D
2019-08-23 17:33:52,098 [main] INFO  util.JmxRegister (JmxRegister.java:unregister(73)) - Successfully un-registered JMX Bean with object name Ratis:service=RaftServer,group=group-7D984785181D,id=31967366-836f-459e-918b-b922ad3a04c0
2019-08-23 17:33:52,108 [main] INFO  impl.RoleInfo (RoleInfo.java:shutdownLeaderState(104)) - 31967366-836f-459e-918b-b922ad3a04c0: shutdown LeaderState
2019-08-23 17:33:52,113 [main] INFO  impl.PendingRequests (PendingRequests.java:sendNotLeaderResponses(202)) - 31967366-836f-459e-918b-b922ad3a04c0-PendingRequests: sendNotLeaderResponses
2019-08-23 17:33:52,113 [org.apache.ratis.server.impl.LogAppender$AppenderDaemon$$Lambda$461/1674916918@51f21f13] WARN  server.GrpcLogAppender (GrpcLogAppender.java:mayWait(143)) - GrpcLogAppender(31967366-836f-459e-918b-b922ad3a04c0->876990c2-a61c-4f07-9bf7-f26a19606da0): Wait interrupted by java.lang.InterruptedException
2019-08-23 17:33:52,114 [org.apache.ratis.server.impl.LogAppender$AppenderDaemon$$Lambda$461/1674916918@14f093e9] WARN  server.GrpcLogAppender (GrpcLogAppender.java:mayWait(143)) - GrpcLogAppender(31967366-836f-459e-918b-b922ad3a04c0->6fbb74d4-a5a3-4cb1-84f5-d8b0772040c1): Wait interrupted by java.lang.InterruptedException
2019-08-23 17:33:52,118 [main] INFO  impl.StateMachineUpdater (StateMachineUpdater.java:stopAndJoin(115)) - StateMachineUpdater:31967366-836f-459e-918b-b922ad3a04c0:group-7D984785181D: set stopIndex = 15
2019-08-23 17:33:52,119 [StateMachineUpdater:31967366-836f-459e-918b-b922ad3a04c0:group-7D984785181D] INFO  ratis.ContainerStateMachine (ContainerStateMachine.java:takeSnapshot(283)) - group-7D984785181D: Taking a snapshot at:(t:1, i:13) file /workdir/hadoop-ozone/integration-test/target/test-dir/MiniOzoneClusterImpl-8a58fefa-0c45-49f9-a99a-9d96e5fc94fa/datanode-4/data/ratis/90bebacc-638c-4edb-9395-7d984785181d/sm/snapshot.1_13
2019-08-23 17:33:52,119 [grpc-default-executor-2] INFO  server.GrpcServerProtocolService (GrpcServerProtocolService.java:onCompleted(104)) - 876990c2-a61c-4f07-9bf7-f26a19606da0: appendEntries completed
2019-08-23 17:33:52,119 [grpc-default-executor-3] INFO  server.GrpcServerProtocolService (GrpcServerProtocolService.java:onCompleted(104)) - 6fbb74d4-a5a3-4cb1-84f5-d8b0772040c1: appendEntries completed
2019-08-23 17:33:52,120 [grpc-default-executor-2] INFO  server.GrpcLogAppender (GrpcLogAppender.java:onCompleted(292)) - 31967366-836f-459e-918b-b922ad3a04c0->876990c2-a61c-4f07-9bf7-f26a19606da0: follower responses appendEntries COMPLETED
2019-08-23 17:33:52,120 [grpc-default-executor-3] INFO  server.GrpcLogAppender (GrpcLogAppender.java:onCompleted(292)) - 31967366-836f-459e-918b-b922ad3a04c0->6fbb74d4-a5a3-4cb1-84f5-d8b0772040c1: follower responses appendEntries COMPLETED
2019-08-23 17:33:52,120 [grpc-default-executor-2] INFO  impl.FollowerInfo (FollowerInfo.java:lambda$new$0(50)) - 31967366-836f-459e-918b-b922ad3a04c0->876990c2-a61c-4f07-9bf7-f26a19606da0: nextIndex: updateUnconditionally 16 -> 15
2019-08-23 17:33:52,120 [grpc-default-executor-3] INFO  impl.FollowerInfo (FollowerInfo.java:lambda$new$0(50)) - 31967366-836f-459e-918b-b922ad3a04c0->6fbb74d4-a5a3-4cb1-84f5-d8b0772040c1: nextIndex: updateUnconditionally 16 -> 15
2019-08-23 17:33:52,133 [StateMachineUpdater:31967366-836f-459e-918b-b922ad3a04c0:group-7D984785181D] INFO  ratis.ContainerStateMachine (ContainerStateMachine.java:takeSnapshot(294)) - group-7D984785181D: Finished taking a snapshot at:(t:1, i:13) file:/workdir/hadoop-ozone/integration-test/target/test-dir/MiniOzoneClusterImpl-8a58fefa-0c45-49f9-a99a-9d96e5fc94fa/datanode-4/data/ratis/90bebacc-638c-4edb-9395-7d984785181d/sm/snapshot.1_13 time:14
2019-08-23 17:33:52,133 [StateMachineUpdater:31967366-836f-459e-918b-b922ad3a04c0:group-7D984785181D] INFO  impl.StateMachineUpdater (StateMachineUpdater.java:takeSnapshot(242)) - StateMachineUpdater:31967366-836f-459e-918b-b922ad3a04c0:group-7D984785181D: Took a snapshot at index 13
2019-08-23 17:33:52,133 [StateMachineUpdater:31967366-836f-459e-918b-b922ad3a04c0:group-7D984785181D] INFO  impl.StateMachineUpdater (StateMachineUpdater.java:lambda$new$0(80)) - StateMachineUpdater:31967366-836f-459e-918b-b922ad3a04c0:group-7D984785181D: snapshotIndex: updateIncreasingly -1 -> 13
2019-08-23 17:33:52,133 [main] INFO  impl.RaftServerImpl (ServerState.java:close(394)) - 31967366-836f-459e-918b-b922ad3a04c0:group-7D984785181D closes. The last applied log index is 15
2019-08-23 17:33:52,134 [31967366-836f-459e-918b-b922ad3a04c0-SegmentedRaftLogWorker:Storage Directory /workdir/hadoop-ozone/integration-test/target/test-dir/MiniOzoneClusterImpl-8a58fefa-0c45-49f9-a99a-9d96e5fc94fa/datanode-4/data/ratis/90bebacc-638c-4edb-9395-7d984785181d] INFO  segmented.SegmentedRaftLogWorker (SegmentedRaftLogWorker.java:run(313)) - 31967366-836f-459e-918b-b922ad3a04c0-SegmentedRaftLogWorker:Storage Directory /workdir/hadoop-ozone/integration-test/target/test-dir/MiniOzoneClusterImpl-8a58fefa-0c45-49f9-a99a-9d96e5fc94fa/datanode-4/data/ratis/90bebacc-638c-4edb-9395-7d984785181d was interrupted, exiting. There are 0 tasks remaining in the queue.
2019-08-23 17:33:52,136 [main] INFO  segmented.SegmentedRaftLogWorker (SegmentedRaftLogWorker.java:close(228)) - 31967366-836f-459e-918b-b922ad3a04c0-SegmentedRaftLogWorker:Storage Directory /workdir/hadoop-ozone/integration-test/target/test-dir/MiniOzoneClusterImpl-8a58fefa-0c45-49f9-a99a-9d96e5fc94fa/datanode-4/data/ratis/90bebacc-638c-4edb-9395-7d984785181d close()
2019-08-23 17:33:52,140 [main] INFO  impl.RaftServerImpl (RaftServerImpl.java:lambda$shutdown$3(245)) - 31967366-836f-459e-918b-b922ad3a04c0: shutdown group-F61F7082A27E
2019-08-23 17:33:52,141 [main] INFO  util.JmxRegister (JmxRegister.java:unregister(73)) - Successfully un-registered JMX Bean with object name Ratis:service=RaftServer,group=group-F61F7082A27E,id=31967366-836f-459e-918b-b922ad3a04c0
2019-08-23 17:33:52,141 [main] INFO  impl.RoleInfo (RoleInfo.java:shutdownLeaderState(104)) - 31967366-836f-459e-918b-b922ad3a04c0: shutdown LeaderState
2019-08-23 17:33:52,142 [main] INFO  impl.PendingRequests (PendingRequests.java:sendNotLeaderResponses(202)) - 31967366-836f-459e-918b-b922ad3a04c0-PendingRequests: sendNotLeaderResponses
2019-08-23 17:33:52,142 [main] INFO  impl.StateMachineUpdater (StateMachineUpdater.java:stopAndJoin(115)) - StateMachineUpdater:31967366-836f-459e-918b-b922ad3a04c0:group-F61F7082A27E: set stopIndex = 0
2019-08-23 17:33:52,142 [main] INFO  impl.RaftServerImpl (ServerState.java:close(394)) - 31967366-836f-459e-918b-b922ad3a04c0:group-F61F7082A27E closes. The last applied log index is 0
2019-08-23 17:33:52,143 [31967366-836f-459e-918b-b922ad3a04c0-SegmentedRaftLogWorker:Storage Directory /workdir/hadoop-ozone/integration-test/target/test-dir/MiniOzoneClusterImpl-8a58fefa-0c45-49f9-a99a-9d96e5fc94fa/datanode-4/data/ratis/eb2f13bb-a7c9-43b3-99a9-f61f7082a27e] INFO  segmented.SegmentedRaftLogWorker (SegmentedRaftLogWorker.java:run(313)) - 31967366-836f-459e-918b-b922ad3a04c0-SegmentedRaftLogWorker:Storage Directory /workdir/hadoop-ozone/integration-test/target/test-dir/MiniOzoneClusterImpl-8a58fefa-0c45-49f9-a99a-9d96e5fc94fa/datanode-4/data/ratis/eb2f13bb-a7c9-43b3-99a9-f61f7082a27e was interrupted, exiting. There are 0 tasks remaining in the queue.
2019-08-23 17:33:52,145 [main] INFO  segmented.SegmentedRaftLogWorker (SegmentedRaftLogWorker.java:close(228)) - 31967366-836f-459e-918b-b922ad3a04c0-SegmentedRaftLogWorker:Storage Directory /workdir/hadoop-ozone/integration-test/target/test-dir/MiniOzoneClusterImpl-8a58fefa-0c45-49f9-a99a-9d96e5fc94fa/datanode-4/data/ratis/eb2f13bb-a7c9-43b3-99a9-f61f7082a27e close()
2019-08-23 17:33:52,148 [main] INFO  server.GrpcService (GrpcService.java:closeImpl(155)) - 31967366-836f-459e-918b-b922ad3a04c0: shutdown server with port 38687 now
2019-08-23 17:33:52,149 [grpc-default-executor-2] WARN  client.GrpcClientProtocolService (LogUtils.java:warn(134)) - 3-UnorderedRequestStreamObserver3: onError: org.apache.ratis.thirdparty.io.grpc.StatusRuntimeException: CANCELLED: cancelled before receiving half close
2019-08-23 17:33:52,149 [main] INFO  server.GrpcService (GrpcService.java:closeImpl(163)) - 31967366-836f-459e-918b-b922ad3a04c0: shutdown server with port 38687 successfully
2019-08-23 17:33:52,151 [main] INFO  utils.BackgroundService (BackgroundService.java:shutdown(148)) - Shutting down service BlockDeletingService
2019-08-23 17:33:52,152 [refreshUsed-/workdir/hadoop-ozone/integration-test/target/test-dir/MiniOzoneClusterImpl-8a58fefa-0c45-49f9-a99a-9d96e5fc94fa/datanode-4/data/containers] WARN  fs.CachingGetSpaceUsed (CachingGetSpaceUsed.java:run(183)) - Thread Interrupted waiting to refresh disk information: sleep interrupted
2019-08-23 17:33:52,172 [main] INFO  statemachine.DatanodeStateMachine (DatanodeStateMachine.java:stopDaemon(395)) - Ozone container server stopped.
2019-08-23 17:33:52,173 [main] INFO  handler.ContextHandler (ContextHandler.java:doStop(910)) - Stopped o.e.j.w.WebAppContext@a824f87{/,null,UNAVAILABLE}{/hddsDatanode}
2019-08-23 17:33:52,173 [main] INFO  server.AbstractConnector (AbstractConnector.java:doStop(318)) - Stopped ServerConnector@6789b471{HTTP/1.1,[http/1.1]}{0.0.0.0:0}
2019-08-23 17:33:52,173 [main] INFO  handler.ContextHandler (ContextHandler.java:doStop(910)) - Stopped o.e.j.s.ServletContextHandler@76cf849f{/static,jar:file:/home/user/.m2/repository/org/apache/hadoop/hadoop-hdds-container-service/0.5.0-SNAPSHOT/hadoop-hdds-container-service-0.5.0-SNAPSHOT.jar!/webapps/static,UNAVAILABLE}
2019-08-23 17:33:52,174 [main] INFO  handler.ContextHandler (ContextHandler.java:doStop(910)) - Stopped o.e.j.s.ServletContextHandler@55fb9e52{/logs,file:///workdir/hadoop-ozone/integration-test/target/log,UNAVAILABLE}
2019-08-23 17:33:52,346 | INFO  | SCMAudit | user=jenkins1000 | ip=192.168.69.79 | op=SEND_HEARTBEAT {datanodeUUID=c1868ab2-aa15-4f4a-9771-d4fa90467b59, command=[]} | ret=SUCCESS |  
2019-08-23 17:33:52,741 | INFO  | SCMAudit | user=jenkins1000 | ip=192.168.69.79 | op=SEND_HEARTBEAT {datanodeUUID=d991310f-591a-4dd6-9fd9-472b08eb9e78, command=[]} | ret=SUCCESS |  
2019-08-23 17:33:52,805 | INFO  | SCMAudit | user=jenkins1000 | ip=192.168.69.79 | op=SEND_HEARTBEAT {datanodeUUID=a5230df4-e43a-4560-b8d8-ffa5d1239854, command=[]} | ret=SUCCESS |  
2019-08-23 17:33:52,939 | INFO  | SCMAudit | user=jenkins1000 | ip=192.168.69.79 | op=SEND_HEARTBEAT {datanodeUUID=876990c2-a61c-4f07-9bf7-f26a19606da0, command=[commandType: closeContainerCommand closeContainerCommandProto { containerID: 1 pipelineID { id: "90bebacc-638c-4edb-9395-7d984785181d" } cmdId: 1 force: false } ]} | ret=SUCCESS |  
2019-08-23 17:33:52,939 | INFO  | SCMAudit | user=jenkins1000 | ip=192.168.69.79 | op=SEND_HEARTBEAT {datanodeUUID=6fbb74d4-a5a3-4cb1-84f5-d8b0772040c1, command=[commandType: closeContainerCommand closeContainerCommandProto { containerID: 1 pipelineID { id: "90bebacc-638c-4edb-9395-7d984785181d" } cmdId: 1 force: false } ]} | ret=SUCCESS |  
2019-08-23 17:33:53,006 | INFO  | SCMAudit | user=jenkins1000 | ip=192.168.69.79 | op=SEND_HEARTBEAT {datanodeUUID=4a4bc7f8-d7f4-4b72-b368-a22ea43ebd35, command=[]} | ret=SUCCESS |  
2019-08-23 17:33:53,346 | INFO  | SCMAudit | user=jenkins1000 | ip=192.168.69.79 | op=SEND_HEARTBEAT {datanodeUUID=c1868ab2-aa15-4f4a-9771-d4fa90467b59, command=[]} | ret=SUCCESS |  
2019-08-23 17:33:53,741 | INFO  | SCMAudit | user=jenkins1000 | ip=192.168.69.79 | op=SEND_HEARTBEAT {datanodeUUID=d991310f-591a-4dd6-9fd9-472b08eb9e78, command=[]} | ret=SUCCESS |  
2019-08-23 17:33:53,805 | INFO  | SCMAudit | user=jenkins1000 | ip=192.168.69.79 | op=SEND_HEARTBEAT {datanodeUUID=a5230df4-e43a-4560-b8d8-ffa5d1239854, command=[]} | ret=SUCCESS |  
2019-08-23 17:33:53,939 | INFO  | SCMAudit | user=jenkins1000 | ip=192.168.69.79 | op=SEND_HEARTBEAT {datanodeUUID=6fbb74d4-a5a3-4cb1-84f5-d8b0772040c1, command=[]} | ret=SUCCESS |  
2019-08-23 17:33:53,939 | INFO  | SCMAudit | user=jenkins1000 | ip=192.168.69.79 | op=SEND_HEARTBEAT {datanodeUUID=876990c2-a61c-4f07-9bf7-f26a19606da0, command=[]} | ret=SUCCESS |  
2019-08-23 17:33:53,953 | INFO  | SCMAudit | user=jenkins1000 | ip=192.168.69.79 | op=SEND_HEARTBEAT {datanodeUUID=876990c2-a61c-4f07-9bf7-f26a19606da0, command=[]} | ret=SUCCESS |  
2019-08-23 17:33:53,953 | INFO  | SCMAudit | user=jenkins1000 | ip=192.168.69.79 | op=SEND_HEARTBEAT {datanodeUUID=6fbb74d4-a5a3-4cb1-84f5-d8b0772040c1, command=[]} | ret=SUCCESS |  
2019-08-23 17:33:54,006 | INFO  | SCMAudit | user=jenkins1000 | ip=192.168.69.79 | op=SEND_HEARTBEAT {datanodeUUID=4a4bc7f8-d7f4-4b72-b368-a22ea43ebd35, command=[]} | ret=SUCCESS |  
2019-08-23 17:33:54,189 [grpc-default-executor-2] INFO  client.GrpcClientProtocolClient (GrpcClientProtocolClient.java:onNext(255)) - client-D449C3D2B845->876990c2-a61c-4f07-9bf7-f26a19606da0: receive RaftClientReply:client-D449C3D2B845->876990c2-a61c-4f07-9bf7-f26a19606da0@group-7D984785181D, cid=192, FAILED org.apache.ratis.protocol.NotLeaderException: Server 876990c2-a61c-4f07-9bf7-f26a19606da0 is not the leader (31967366-836f-459e-918b-b922ad3a04c0:192.168.69.79:38687). Request must be sent to leader., logIndex=0, commits[876990c2-a61c-4f07-9bf7-f26a19606da0:c15, 6fbb74d4-a5a3-4cb1-84f5-d8b0772040c1:c15, 31967366-836f-459e-918b-b922ad3a04c0:c15]
2019-08-23 17:33:54,346 | INFO  | SCMAudit | user=jenkins1000 | ip=192.168.69.79 | op=SEND_HEARTBEAT {datanodeUUID=c1868ab2-aa15-4f4a-9771-d4fa90467b59, command=[]} | ret=SUCCESS |  
2019-08-23 17:33:54,741 | INFO  | SCMAudit | user=jenkins1000 | ip=192.168.69.79 | op=SEND_HEARTBEAT {datanodeUUID=d991310f-591a-4dd6-9fd9-472b08eb9e78, command=[]} | ret=SUCCESS |  
2019-08-23 17:33:54,806 | INFO  | SCMAudit | user=jenkins1000 | ip=192.168.69.79 | op=SEND_HEARTBEAT {datanodeUUID=a5230df4-e43a-4560-b8d8-ffa5d1239854, command=[]} | ret=SUCCESS |  
2019-08-23 17:33:54,954 | INFO  | SCMAudit | user=jenkins1000 | ip=192.168.69.79 | op=SEND_HEARTBEAT {datanodeUUID=6fbb74d4-a5a3-4cb1-84f5-d8b0772040c1, command=[]} | ret=SUCCESS |  
2019-08-23 17:33:54,954 | INFO  | SCMAudit | user=jenkins1000 | ip=192.168.69.79 | op=SEND_HEARTBEAT {datanodeUUID=876990c2-a61c-4f07-9bf7-f26a19606da0, command=[]} | ret=SUCCESS |  
2019-08-23 17:33:55,006 | INFO  | SCMAudit | user=jenkins1000 | ip=192.168.69.79 | op=SEND_HEARTBEAT {datanodeUUID=4a4bc7f8-d7f4-4b72-b368-a22ea43ebd35, command=[]} | ret=SUCCESS |  
2019-08-23 17:33:55,202 [grpc-default-executor-3] INFO  client.GrpcClientProtocolClient (GrpcClientProtocolClient.java:onNext(255)) - client-D449C3D2B845->6fbb74d4-a5a3-4cb1-84f5-d8b0772040c1: receive RaftClientReply:client-D449C3D2B845->6fbb74d4-a5a3-4cb1-84f5-d8b0772040c1@group-7D984785181D, cid=192, FAILED org.apache.ratis.protocol.NotLeaderException: Server 6fbb74d4-a5a3-4cb1-84f5-d8b0772040c1 is not the leader (31967366-836f-459e-918b-b922ad3a04c0:192.168.69.79:38687). Request must be sent to leader., logIndex=0, commits[6fbb74d4-a5a3-4cb1-84f5-d8b0772040c1:c15, 31967366-836f-459e-918b-b922ad3a04c0:c15, 876990c2-a61c-4f07-9bf7-f26a19606da0:c15]
2019-08-23 17:33:55,347 | INFO  | SCMAudit | user=jenkins1000 | ip=192.168.69.79 | op=SEND_HEARTBEAT {datanodeUUID=c1868ab2-aa15-4f4a-9771-d4fa90467b59, command=[]} | ret=SUCCESS |  
2019-08-23 17:33:55,741 | INFO  | SCMAudit | user=jenkins1000 | ip=192.168.69.79 | op=SEND_HEARTBEAT {datanodeUUID=d991310f-591a-4dd6-9fd9-472b08eb9e78, command=[]} | ret=SUCCESS |  
2019-08-23 17:33:55,805 | INFO  | SCMAudit | user=jenkins1000 | ip=192.168.69.79 | op=SEND_HEARTBEAT {datanodeUUID=a5230df4-e43a-4560-b8d8-ffa5d1239854, command=[]} | ret=SUCCESS |  
2019-08-23 17:33:55,954 | INFO  | SCMAudit | user=jenkins1000 | ip=192.168.69.79 | op=SEND_HEARTBEAT {datanodeUUID=6fbb74d4-a5a3-4cb1-84f5-d8b0772040c1, command=[]} | ret=SUCCESS |  
2019-08-23 17:33:55,954 | INFO  | SCMAudit | user=jenkins1000 | ip=192.168.69.79 | op=SEND_HEARTBEAT {datanodeUUID=876990c2-a61c-4f07-9bf7-f26a19606da0, command=[]} | ret=SUCCESS |  
2019-08-23 17:33:56,006 | INFO  | SCMAudit | user=jenkins1000 | ip=192.168.69.79 | op=SEND_HEARTBEAT {datanodeUUID=4a4bc7f8-d7f4-4b72-b368-a22ea43ebd35, command=[]} | ret=SUCCESS |  
2019-08-23 17:33:56,220 [grpc-default-executor-3] INFO  client.GrpcClientProtocolClient (GrpcClientProtocolClient.java:onNext(255)) - client-D449C3D2B845->6fbb74d4-a5a3-4cb1-84f5-d8b0772040c1: receive RaftClientReply:client-D449C3D2B845->6fbb74d4-a5a3-4cb1-84f5-d8b0772040c1@group-7D984785181D, cid=192, FAILED org.apache.ratis.protocol.NotLeaderException: Server 6fbb74d4-a5a3-4cb1-84f5-d8b0772040c1 is not the leader (31967366-836f-459e-918b-b922ad3a04c0:192.168.69.79:38687). Request must be sent to leader., logIndex=0, commits[6fbb74d4-a5a3-4cb1-84f5-d8b0772040c1:c15, 31967366-836f-459e-918b-b922ad3a04c0:c15, 876990c2-a61c-4f07-9bf7-f26a19606da0:c15]
2019-08-23 17:33:56,347 | INFO  | SCMAudit | user=jenkins1000 | ip=192.168.69.79 | op=SEND_HEARTBEAT {datanodeUUID=c1868ab2-aa15-4f4a-9771-d4fa90467b59, command=[]} | ret=SUCCESS |  
2019-08-23 17:33:56,741 | INFO  | SCMAudit | user=jenkins1000 | ip=192.168.69.79 | op=SEND_HEARTBEAT {datanodeUUID=d991310f-591a-4dd6-9fd9-472b08eb9e78, command=[]} | ret=SUCCESS |  
2019-08-23 17:33:56,805 | INFO  | SCMAudit | user=jenkins1000 | ip=192.168.69.79 | op=SEND_HEARTBEAT {datanodeUUID=a5230df4-e43a-4560-b8d8-ffa5d1239854, command=[]} | ret=SUCCESS |  
2019-08-23 17:33:56,954 | INFO  | SCMAudit | user=jenkins1000 | ip=192.168.69.79 | op=SEND_HEARTBEAT {datanodeUUID=876990c2-a61c-4f07-9bf7-f26a19606da0, command=[]} | ret=SUCCESS |  
2019-08-23 17:33:56,954 | INFO  | SCMAudit | user=jenkins1000 | ip=192.168.69.79 | op=SEND_HEARTBEAT {datanodeUUID=6fbb74d4-a5a3-4cb1-84f5-d8b0772040c1, command=[]} | ret=SUCCESS |  
2019-08-23 17:33:57,006 | INFO  | SCMAudit | user=jenkins1000 | ip=192.168.69.79 | op=SEND_HEARTBEAT {datanodeUUID=4a4bc7f8-d7f4-4b72-b368-a22ea43ebd35, command=[]} | ret=SUCCESS |  
2019-08-23 17:33:57,234 [grpc-default-executor-5] INFO  client.GrpcClientProtocolClient (GrpcClientProtocolClient.java:onNext(255)) - client-D449C3D2B845->6fbb74d4-a5a3-4cb1-84f5-d8b0772040c1: receive RaftClientReply:client-D449C3D2B845->6fbb74d4-a5a3-4cb1-84f5-d8b0772040c1@group-7D984785181D, cid=192, FAILED org.apache.ratis.protocol.NotLeaderException: Server 6fbb74d4-a5a3-4cb1-84f5-d8b0772040c1 is not the leader (31967366-836f-459e-918b-b922ad3a04c0:192.168.69.79:38687). Request must be sent to leader., logIndex=0, commits[6fbb74d4-a5a3-4cb1-84f5-d8b0772040c1:c15, 31967366-836f-459e-918b-b922ad3a04c0:c15, 876990c2-a61c-4f07-9bf7-f26a19606da0:c15]
2019-08-23 17:33:57,347 | INFO  | SCMAudit | user=jenkins1000 | ip=192.168.69.79 | op=SEND_HEARTBEAT {datanodeUUID=c1868ab2-aa15-4f4a-9771-d4fa90467b59, command=[]} | ret=SUCCESS |  
2019-08-23 17:33:57,741 | INFO  | SCMAudit | user=jenkins1000 | ip=192.168.69.79 | op=SEND_HEARTBEAT {datanodeUUID=d991310f-591a-4dd6-9fd9-472b08eb9e78, command=[]} | ret=SUCCESS |  
2019-08-23 17:33:57,805 | INFO  | SCMAudit | user=jenkins1000 | ip=192.168.69.79 | op=SEND_HEARTBEAT {datanodeUUID=a5230df4-e43a-4560-b8d8-ffa5d1239854, command=[]} | ret=SUCCESS |  
2019-08-23 17:33:57,954 | INFO  | SCMAudit | user=jenkins1000 | ip=192.168.69.79 | op=SEND_HEARTBEAT {datanodeUUID=876990c2-a61c-4f07-9bf7-f26a19606da0, command=[]} | ret=SUCCESS |  
2019-08-23 17:33:57,954 | INFO  | SCMAudit | user=jenkins1000 | ip=192.168.69.79 | op=SEND_HEARTBEAT {datanodeUUID=6fbb74d4-a5a3-4cb1-84f5-d8b0772040c1, command=[]} | ret=SUCCESS |  
2019-08-23 17:33:58,006 | INFO  | SCMAudit | user=jenkins1000 | ip=192.168.69.79 | op=SEND_HEARTBEAT {datanodeUUID=4a4bc7f8-d7f4-4b72-b368-a22ea43ebd35, command=[]} | ret=SUCCESS |  
2019-08-23 17:33:58,249 [grpc-default-executor-5] INFO  client.GrpcClientProtocolClient (GrpcClientProtocolClient.java:onNext(255)) - client-D449C3D2B845->6fbb74d4-a5a3-4cb1-84f5-d8b0772040c1: receive RaftClientReply:client-D449C3D2B845->6fbb74d4-a5a3-4cb1-84f5-d8b0772040c1@group-7D984785181D, cid=192, FAILED org.apache.ratis.protocol.NotLeaderException: Server 6fbb74d4-a5a3-4cb1-84f5-d8b0772040c1 is not the leader (31967366-836f-459e-918b-b922ad3a04c0:192.168.69.79:38687). Request must be sent to leader., logIndex=0, commits[6fbb74d4-a5a3-4cb1-84f5-d8b0772040c1:c15, 31967366-836f-459e-918b-b922ad3a04c0:c15, 876990c2-a61c-4f07-9bf7-f26a19606da0:c15]
2019-08-23 17:33:58,347 | INFO  | SCMAudit | user=jenkins1000 | ip=192.168.69.79 | op=SEND_HEARTBEAT {datanodeUUID=c1868ab2-aa15-4f4a-9771-d4fa90467b59, command=[]} | ret=SUCCESS |  
2019-08-23 17:33:58,741 | INFO  | SCMAudit | user=jenkins1000 | ip=192.168.69.79 | op=SEND_HEARTBEAT {datanodeUUID=d991310f-591a-4dd6-9fd9-472b08eb9e78, command=[]} | ret=SUCCESS |  
2019-08-23 17:33:58,805 | INFO  | SCMAudit | user=jenkins1000 | ip=192.168.69.79 | op=SEND_HEARTBEAT {datanodeUUID=a5230df4-e43a-4560-b8d8-ffa5d1239854, command=[]} | ret=SUCCESS |  
2019-08-23 17:33:58,954 | INFO  | SCMAudit | user=jenkins1000 | ip=192.168.69.79 | op=SEND_HEARTBEAT {datanodeUUID=876990c2-a61c-4f07-9bf7-f26a19606da0, command=[]} | ret=SUCCESS |  
2019-08-23 17:33:58,954 | INFO  | SCMAudit | user=jenkins1000 | ip=192.168.69.79 | op=SEND_HEARTBEAT {datanodeUUID=6fbb74d4-a5a3-4cb1-84f5-d8b0772040c1, command=[]} | ret=SUCCESS |  
2019-08-23 17:33:59,006 | INFO  | SCMAudit | user=jenkins1000 | ip=192.168.69.79 | op=SEND_HEARTBEAT {datanodeUUID=4a4bc7f8-d7f4-4b72-b368-a22ea43ebd35, command=[]} | ret=SUCCESS |  
2019-08-23 17:33:59,260 [grpc-default-executor-2] INFO  client.GrpcClientProtocolClient (GrpcClientProtocolClient.java:onNext(255)) - client-D449C3D2B845->6fbb74d4-a5a3-4cb1-84f5-d8b0772040c1: receive RaftClientReply:client-D449C3D2B845->6fbb74d4-a5a3-4cb1-84f5-d8b0772040c1@group-7D984785181D, cid=192, FAILED org.apache.ratis.protocol.NotLeaderException: Server 6fbb74d4-a5a3-4cb1-84f5-d8b0772040c1 is not the leader (31967366-836f-459e-918b-b922ad3a04c0:192.168.69.79:38687). Request must be sent to leader., logIndex=0, commits[6fbb74d4-a5a3-4cb1-84f5-d8b0772040c1:c15, 31967366-836f-459e-918b-b922ad3a04c0:c15, 876990c2-a61c-4f07-9bf7-f26a19606da0:c15]
2019-08-23 17:33:59,347 | INFO  | SCMAudit | user=jenkins1000 | ip=192.168.69.79 | op=SEND_HEARTBEAT {datanodeUUID=c1868ab2-aa15-4f4a-9771-d4fa90467b59, command=[]} | ret=SUCCESS |  
2019-08-23 17:33:59,742 | INFO  | SCMAudit | user=jenkins1000 | ip=192.168.69.79 | op=SEND_HEARTBEAT {datanodeUUID=d991310f-591a-4dd6-9fd9-472b08eb9e78, command=[]} | ret=SUCCESS |  
2019-08-23 17:33:59,805 | INFO  | SCMAudit | user=jenkins1000 | ip=192.168.69.79 | op=SEND_HEARTBEAT {datanodeUUID=a5230df4-e43a-4560-b8d8-ffa5d1239854, command=[]} | ret=SUCCESS |  
2019-08-23 17:33:59,954 | INFO  | SCMAudit | user=jenkins1000 | ip=192.168.69.79 | op=SEND_HEARTBEAT {datanodeUUID=6fbb74d4-a5a3-4cb1-84f5-d8b0772040c1, command=[]} | ret=SUCCESS |  
2019-08-23 17:33:59,954 | INFO  | SCMAudit | user=jenkins1000 | ip=192.168.69.79 | op=SEND_HEARTBEAT {datanodeUUID=876990c2-a61c-4f07-9bf7-f26a19606da0, command=[]} | ret=SUCCESS |  
2019-08-23 17:34:00,005 | INFO  | SCMAudit | user=jenkins1000 | ip=192.168.69.79 | op=SEND_HEARTBEAT {datanodeUUID=4a4bc7f8-d7f4-4b72-b368-a22ea43ebd35, command=[]} | ret=SUCCESS |  
2019-08-23 17:34:00,272 [grpc-default-executor-2] INFO  client.GrpcClientProtocolClient (GrpcClientProtocolClient.java:onNext(255)) - client-D449C3D2B845->6fbb74d4-a5a3-4cb1-84f5-d8b0772040c1: receive RaftClientReply:client-D449C3D2B845->6fbb74d4-a5a3-4cb1-84f5-d8b0772040c1@group-7D984785181D, cid=192, FAILED org.apache.ratis.protocol.NotLeaderException: Server 6fbb74d4-a5a3-4cb1-84f5-d8b0772040c1 is not the leader (31967366-836f-459e-918b-b922ad3a04c0:192.168.69.79:38687). Request must be sent to leader., logIndex=0, commits[6fbb74d4-a5a3-4cb1-84f5-d8b0772040c1:c15, 31967366-836f-459e-918b-b922ad3a04c0:c15, 876990c2-a61c-4f07-9bf7-f26a19606da0:c15]
2019-08-23 17:34:00,348 | INFO  | SCMAudit | user=jenkins1000 | ip=192.168.69.79 | op=SEND_HEARTBEAT {datanodeUUID=c1868ab2-aa15-4f4a-9771-d4fa90467b59, command=[]} | ret=SUCCESS |  
2019-08-23 17:34:00,742 | INFO  | SCMAudit | user=jenkins1000 | ip=192.168.69.79 | op=SEND_HEARTBEAT {datanodeUUID=d991310f-591a-4dd6-9fd9-472b08eb9e78, command=[]} | ret=SUCCESS |  
2019-08-23 17:34:00,805 | INFO  | SCMAudit | user=jenkins1000 | ip=192.168.69.79 | op=SEND_HEARTBEAT {datanodeUUID=a5230df4-e43a-4560-b8d8-ffa5d1239854, command=[]} | ret=SUCCESS |  
2019-08-23 17:34:00,954 | INFO  | SCMAudit | user=jenkins1000 | ip=192.168.69.79 | op=SEND_HEARTBEAT {datanodeUUID=876990c2-a61c-4f07-9bf7-f26a19606da0, command=[]} | ret=SUCCESS |  
2019-08-23 17:34:00,954 | INFO  | SCMAudit | user=jenkins1000 | ip=192.168.69.79 | op=SEND_HEARTBEAT {datanodeUUID=6fbb74d4-a5a3-4cb1-84f5-d8b0772040c1, command=[]} | ret=SUCCESS |  
2019-08-23 17:34:01,006 | INFO  | SCMAudit | user=jenkins1000 | ip=192.168.69.79 | op=SEND_HEARTBEAT {datanodeUUID=4a4bc7f8-d7f4-4b72-b368-a22ea43ebd35, command=[]} | ret=SUCCESS |  
2019-08-23 17:34:01,284 [grpc-default-executor-5] INFO  client.GrpcClientProtocolClient (GrpcClientProtocolClient.java:onNext(255)) - client-D449C3D2B845->6fbb74d4-a5a3-4cb1-84f5-d8b0772040c1: receive RaftClientReply:client-D449C3D2B845->6fbb74d4-a5a3-4cb1-84f5-d8b0772040c1@group-7D984785181D, cid=192, FAILED org.apache.ratis.protocol.NotLeaderException: Server 6fbb74d4-a5a3-4cb1-84f5-d8b0772040c1 is not the leader (31967366-836f-459e-918b-b922ad3a04c0:192.168.69.79:38687). Request must be sent to leader., logIndex=0, commits[6fbb74d4-a5a3-4cb1-84f5-d8b0772040c1:c15, 31967366-836f-459e-918b-b922ad3a04c0:c15, 876990c2-a61c-4f07-9bf7-f26a19606da0:c15]
2019-08-23 17:34:01,347 | INFO  | SCMAudit | user=jenkins1000 | ip=192.168.69.79 | op=SEND_HEARTBEAT {datanodeUUID=c1868ab2-aa15-4f4a-9771-d4fa90467b59, command=[]} | ret=SUCCESS |  
2019-08-23 17:34:01,742 | INFO  | SCMAudit | user=jenkins1000 | ip=192.168.69.79 | op=SEND_HEARTBEAT {datanodeUUID=d991310f-591a-4dd6-9fd9-472b08eb9e78, command=[]} | ret=SUCCESS |  
2019-08-23 17:34:01,787 [Thread-3608] INFO  impl.FollowerState (FollowerState.java:run(106)) - 876990c2-a61c-4f07-9bf7-f26a19606da0:group-7D984785181D changes to CANDIDATE, lastRpcTime:9691, electionTimeout:5012ms
2019-08-23 17:34:01,787 [Thread-3608] INFO  impl.RoleInfo (RoleInfo.java:shutdownFollowerState(121)) - 876990c2-a61c-4f07-9bf7-f26a19606da0: shutdown FollowerState
2019-08-23 17:34:01,787 [Thread-3608] INFO  impl.RaftServerImpl (RaftServerImpl.java:setRole(171)) - 876990c2-a61c-4f07-9bf7-f26a19606da0:group-7D984785181D changes role from FOLLOWER to CANDIDATE at term 1 for changeToCandidate
2019-08-23 17:34:01,788 [Thread-3608] INFO  impl.RoleInfo (RoleInfo.java:updateAndGet(143)) - 876990c2-a61c-4f07-9bf7-f26a19606da0: start LeaderElection
2019-08-23 17:34:01,791 [876990c2-a61c-4f07-9bf7-f26a19606da0:group-7D984785181D:LeaderElection74] INFO  impl.RaftServerImpl (ServerState.java:setLeader(263)) - 876990c2-a61c-4f07-9bf7-f26a19606da0:group-7D984785181D change Leader from 31967366-836f-459e-918b-b922ad3a04c0 to null at term 1 for initElection
2019-08-23 17:34:01,803 [876990c2-a61c-4f07-9bf7-f26a19606da0:group-7D984785181D:LeaderElection74] INFO  impl.LeaderElection (LeaderElection.java:askForVotes(181)) - 876990c2-a61c-4f07-9bf7-f26a19606da0:group-7D984785181D:LeaderElection74: begin an election at term 2 for 0: [6fbb74d4-a5a3-4cb1-84f5-d8b0772040c1:192.168.69.79:33633, 31967366-836f-459e-918b-b922ad3a04c0:192.168.69.79:38687, 876990c2-a61c-4f07-9bf7-f26a19606da0:192.168.69.79:38348], old=null
2019-08-23 17:34:01,805 | INFO  | SCMAudit | user=jenkins1000 | ip=192.168.69.79 | op=SEND_HEARTBEAT {datanodeUUID=a5230df4-e43a-4560-b8d8-ffa5d1239854, command=[]} | ret=SUCCESS |  
2019-08-23 17:34:01,805 [876990c2-a61c-4f07-9bf7-f26a19606da0:group-7D984785181D:LeaderElection74] INFO  impl.LeaderElection (LogUtils.java:infoOrTrace(149)) - 876990c2-a61c-4f07-9bf7-f26a19606da0:group-7D984785181D:LeaderElection74 got exception when requesting votes: {}
java.util.concurrent.ExecutionException: org.apache.ratis.thirdparty.io.grpc.StatusRuntimeException: UNAVAILABLE: io exception
	at java.util.concurrent.FutureTask.report(FutureTask.java:122)
	at java.util.concurrent.FutureTask.get(FutureTask.java:192)
	at org.apache.ratis.server.impl.LeaderElection.waitForResults(LeaderElection.java:262)
	at org.apache.ratis.server.impl.LeaderElection.askForVotes(LeaderElection.java:200)
	at org.apache.ratis.server.impl.LeaderElection.run(LeaderElection.java:130)
	at java.lang.Thread.run(Thread.java:748)
Caused by: org.apache.ratis.thirdparty.io.grpc.StatusRuntimeException: UNAVAILABLE: io exception
	at org.apache.ratis.thirdparty.io.grpc.stub.ClientCalls.toStatusRuntimeException(ClientCalls.java:233)
	at org.apache.ratis.thirdparty.io.grpc.stub.ClientCalls.getUnchecked(ClientCalls.java:214)
	at org.apache.ratis.thirdparty.io.grpc.stub.ClientCalls.blockingUnaryCall(ClientCalls.java:139)
	at org.apache.ratis.proto.grpc.RaftServerProtocolServiceGrpc$RaftServerProtocolServiceBlockingStub.requestVote(RaftServerProtocolServiceGrpc.java:265)
	at org.apache.ratis.grpc.server.GrpcServerProtocolClient.requestVote(GrpcServerProtocolClient.java:83)
	at org.apache.ratis.grpc.server.GrpcService.requestVote(GrpcService.java:195)
	at org.apache.ratis.server.impl.LeaderElection.lambda$submitRequests$1(LeaderElection.java:237)
	at java.util.concurrent.FutureTask.run(FutureTask.java:266)
	at java.util.concurrent.Executors$RunnableAdapter.call(Executors.java:511)
	at java.util.concurrent.FutureTask.run(FutureTask.java:266)
	at java.util.concurrent.ThreadPoolExecutor.runWorker(ThreadPoolExecutor.java:1149)
	at java.util.concurrent.ThreadPoolExecutor$Worker.run(ThreadPoolExecutor.java:624)
	... 1 more
Caused by: org.apache.ratis.thirdparty.io.netty.channel.AbstractChannel$AnnotatedConnectException: Connection refused: /192.168.69.79:38687
	at sun.nio.ch.SocketChannelImpl.checkConnect(Native Method)
	at sun.nio.ch.SocketChannelImpl.finishConnect(SocketChannelImpl.java:717)
	at org.apache.ratis.thirdparty.io.netty.channel.socket.nio.NioSocketChannel.doFinishConnect(NioSocketChannel.java:327)
	at org.apache.ratis.thirdparty.io.netty.channel.nio.AbstractNioChannel$AbstractNioUnsafe.finishConnect(AbstractNioChannel.java:340)
	at org.apache.ratis.thirdparty.io.netty.channel.nio.NioEventLoop.processSelectedKey(NioEventLoop.java:632)
	at org.apache.ratis.thirdparty.io.netty.channel.nio.NioEventLoop.processSelectedKeysOptimized(NioEventLoop.java:579)
	at org.apache.ratis.thirdparty.io.netty.channel.nio.NioEventLoop.processSelectedKeys(NioEventLoop.java:496)
	at org.apache.ratis.thirdparty.io.netty.channel.nio.NioEventLoop.run(NioEventLoop.java:458)
	at org.apache.ratis.thirdparty.io.netty.util.concurrent.SingleThreadEventExecutor$5.run(SingleThreadEventExecutor.java:897)
	at org.apache.ratis.thirdparty.io.netty.util.concurrent.FastThreadLocalRunnable.run(FastThreadLocalRunnable.java:30)
	... 1 more
Caused by: java.net.ConnectException: Connection refused
	... 11 more
2019-08-23 17:34:01,808 [grpc-default-executor-2] INFO  impl.RaftServerImpl (ServerState.java:setLeader(263)) - 6fbb74d4-a5a3-4cb1-84f5-d8b0772040c1:group-7D984785181D change Leader from 31967366-836f-459e-918b-b922ad3a04c0 to null at term 2 for updateCurrentTerm
2019-08-23 17:34:01,808 [grpc-default-executor-2] INFO  impl.RaftServerImpl (RaftServerImpl.java:setRole(171)) - 6fbb74d4-a5a3-4cb1-84f5-d8b0772040c1:group-7D984785181D changes role from FOLLOWER to FOLLOWER at term 2 for recognizeCandidate:876990c2-a61c-4f07-9bf7-f26a19606da0
2019-08-23 17:34:01,809 [grpc-default-executor-2] INFO  impl.RoleInfo (RoleInfo.java:shutdownFollowerState(121)) - 6fbb74d4-a5a3-4cb1-84f5-d8b0772040c1: shutdown FollowerState
2019-08-23 17:34:01,809 [grpc-default-executor-2] INFO  impl.RoleInfo (RoleInfo.java:updateAndGet(143)) - 6fbb74d4-a5a3-4cb1-84f5-d8b0772040c1: start FollowerState
2019-08-23 17:34:01,809 [Thread-3607] INFO  impl.FollowerState (FollowerState.java:run(114)) - 6fbb74d4-a5a3-4cb1-84f5-d8b0772040c1: FollowerState was interrupted: java.lang.InterruptedException: sleep interrupted
2019-08-23 17:34:01,825 [876990c2-a61c-4f07-9bf7-f26a19606da0:group-7D984785181D:LeaderElection74] INFO  impl.LeaderElection (LeaderElection.java:logAndReturn(56)) - 876990c2-a61c-4f07-9bf7-f26a19606da0:group-7D984785181D:LeaderElection74: Election PASSED; received 1 response(s) [876990c2-a61c-4f07-9bf7-f26a19606da0<-6fbb74d4-a5a3-4cb1-84f5-d8b0772040c1#0:OK-t2] and 1 exception(s); 876990c2-a61c-4f07-9bf7-f26a19606da0:t2, leader=null, voted=876990c2-a61c-4f07-9bf7-f26a19606da0, raftlog=876990c2-a61c-4f07-9bf7-f26a19606da0-SegmentedRaftLog:OPENED:c15,f15,i15, conf=0: [6fbb74d4-a5a3-4cb1-84f5-d8b0772040c1:192.168.69.79:33633, 31967366-836f-459e-918b-b922ad3a04c0:192.168.69.79:38687, 876990c2-a61c-4f07-9bf7-f26a19606da0:192.168.69.79:38348], old=null
2019-08-23 17:34:01,825 [876990c2-a61c-4f07-9bf7-f26a19606da0:group-7D984785181D:LeaderElection74] INFO  impl.LeaderElection (LogUtils.java:infoOrTrace(149)) -   Exception 0: {}
java.util.concurrent.ExecutionException: org.apache.ratis.thirdparty.io.grpc.StatusRuntimeException: UNAVAILABLE: io exception
	at java.util.concurrent.FutureTask.report(FutureTask.java:122)
	at java.util.concurrent.FutureTask.get(FutureTask.java:192)
	at org.apache.ratis.server.impl.LeaderElection.waitForResults(LeaderElection.java:262)
	at org.apache.ratis.server.impl.LeaderElection.askForVotes(LeaderElection.java:200)
	at org.apache.ratis.server.impl.LeaderElection.run(LeaderElection.java:130)
	at java.lang.Thread.run(Thread.java:748)
Caused by: org.apache.ratis.thirdparty.io.grpc.StatusRuntimeException: UNAVAILABLE: io exception
	at org.apache.ratis.thirdparty.io.grpc.stub.ClientCalls.toStatusRuntimeException(ClientCalls.java:233)
	at org.apache.ratis.thirdparty.io.grpc.stub.ClientCalls.getUnchecked(ClientCalls.java:214)
	at org.apache.ratis.thirdparty.io.grpc.stub.ClientCalls.blockingUnaryCall(ClientCalls.java:139)
	at org.apache.ratis.proto.grpc.RaftServerProtocolServiceGrpc$RaftServerProtocolServiceBlockingStub.requestVote(RaftServerProtocolServiceGrpc.java:265)
	at org.apache.ratis.grpc.server.GrpcServerProtocolClient.requestVote(GrpcServerProtocolClient.java:83)
	at org.apache.ratis.grpc.server.GrpcService.requestVote(GrpcService.java:195)
	at org.apache.ratis.server.impl.LeaderElection.lambda$submitRequests$1(LeaderElection.java:237)
	at java.util.concurrent.FutureTask.run(FutureTask.java:266)
	at java.util.concurrent.Executors$RunnableAdapter.call(Executors.java:511)
	at java.util.concurrent.FutureTask.run(FutureTask.java:266)
	at java.util.concurrent.ThreadPoolExecutor.runWorker(ThreadPoolExecutor.java:1149)
	at java.util.concurrent.ThreadPoolExecutor$Worker.run(ThreadPoolExecutor.java:624)
	... 1 more
Caused by: org.apache.ratis.thirdparty.io.netty.channel.AbstractChannel$AnnotatedConnectException: Connection refused: /192.168.69.79:38687
	at sun.nio.ch.SocketChannelImpl.checkConnect(Native Method)
	at sun.nio.ch.SocketChannelImpl.finishConnect(SocketChannelImpl.java:717)
	at org.apache.ratis.thirdparty.io.netty.channel.socket.nio.NioSocketChannel.doFinishConnect(NioSocketChannel.java:327)
	at org.apache.ratis.thirdparty.io.netty.channel.nio.AbstractNioChannel$AbstractNioUnsafe.finishConnect(AbstractNioChannel.java:340)
	at org.apache.ratis.thirdparty.io.netty.channel.nio.NioEventLoop.processSelectedKey(NioEventLoop.java:632)
	at org.apache.ratis.thirdparty.io.netty.channel.nio.NioEventLoop.processSelectedKeysOptimized(NioEventLoop.java:579)
	at org.apache.ratis.thirdparty.io.netty.channel.nio.NioEventLoop.processSelectedKeys(NioEventLoop.java:496)
	at org.apache.ratis.thirdparty.io.netty.channel.nio.NioEventLoop.run(NioEventLoop.java:458)
	at org.apache.ratis.thirdparty.io.netty.util.concurrent.SingleThreadEventExecutor$5.run(SingleThreadEventExecutor.java:897)
	at org.apache.ratis.thirdparty.io.netty.util.concurrent.FastThreadLocalRunnable.run(FastThreadLocalRunnable.java:30)
	... 1 more
Caused by: java.net.ConnectException: Connection refused
	... 11 more
2019-08-23 17:34:01,825 [876990c2-a61c-4f07-9bf7-f26a19606da0:group-7D984785181D:LeaderElection74] INFO  impl.RoleInfo (RoleInfo.java:shutdownLeaderElection(134)) - 876990c2-a61c-4f07-9bf7-f26a19606da0: shutdown LeaderElection
2019-08-23 17:34:01,826 [876990c2-a61c-4f07-9bf7-f26a19606da0:group-7D984785181D:LeaderElection74] INFO  impl.RaftServerImpl (RaftServerImpl.java:setRole(171)) - 876990c2-a61c-4f07-9bf7-f26a19606da0:group-7D984785181D changes role from CANDIDATE to LEADER at term 2 for changeToLeader
2019-08-23 17:34:01,826 [876990c2-a61c-4f07-9bf7-f26a19606da0:group-7D984785181D:LeaderElection74] INFO  impl.RaftServerImpl (ServerState.java:setLeader(263)) - 876990c2-a61c-4f07-9bf7-f26a19606da0:group-7D984785181D change Leader from null to 876990c2-a61c-4f07-9bf7-f26a19606da0 at term 2 for becomeLeader, leader elected after 35ms
2019-08-23 17:34:01,826 [876990c2-a61c-4f07-9bf7-f26a19606da0:group-7D984785181D:LeaderElection74] INFO  server.RaftServerConfigKeys (ConfUtils.java:logGet(43)) - raft.server.staging.catchup.gap = 1000 (default)
2019-08-23 17:34:01,826 [876990c2-a61c-4f07-9bf7-f26a19606da0:group-7D984785181D:LeaderElection74] INFO  server.RaftServerConfigKeys (ConfUtils.java:logGet(43)) - raft.server.rpc.sleep.time = 25ms (default)
2019-08-23 17:34:01,826 [876990c2-a61c-4f07-9bf7-f26a19606da0:group-7D984785181D:LeaderElection74] INFO  server.RaftServerConfigKeys (ConfUtils.java:logGet(43)) - raft.server.write.element-limit = 4096 (default)
2019-08-23 17:34:01,826 [876990c2-a61c-4f07-9bf7-f26a19606da0:group-7D984785181D:LeaderElection74] INFO  server.RaftServerConfigKeys (ConfUtils.java:logGet(43)) - raft.server.watch.timeout = 10s (default)
2019-08-23 17:34:01,826 [876990c2-a61c-4f07-9bf7-f26a19606da0:group-7D984785181D:LeaderElection74] INFO  server.RaftServerConfigKeys (ConfUtils.java:logGet(43)) - raft.server.watch.timeout.denomination = 1s (default)
2019-08-23 17:34:01,826 [876990c2-a61c-4f07-9bf7-f26a19606da0:group-7D984785181D:LeaderElection74] INFO  server.RaftServerConfigKeys (ConfUtils.java:logGet(43)) - raft.server.watch.element-limit = 65536 (default)
2019-08-23 17:34:01,827 [876990c2-a61c-4f07-9bf7-f26a19606da0:group-7D984785181D:LeaderElection74] INFO  server.RaftServerConfigKeys (ConfUtils.java:logGet(43)) - raft.server.log.appender.snapshot.chunk.size.max = 16MB (=16777216) (default)
2019-08-23 17:34:01,827 [876990c2-a61c-4f07-9bf7-f26a19606da0:group-7D984785181D:LeaderElection74] INFO  server.RaftServerConfigKeys (ConfUtils.java:logGet(43)) - raft.server.log.appender.buffer.byte-limit = 33554432 (custom)
2019-08-23 17:34:01,827 [876990c2-a61c-4f07-9bf7-f26a19606da0:group-7D984785181D:LeaderElection74] INFO  server.RaftServerConfigKeys (ConfUtils.java:logGet(43)) - raft.server.log.appender.buffer.element-limit = 1 (custom)
2019-08-23 17:34:01,827 [876990c2-a61c-4f07-9bf7-f26a19606da0:group-7D984785181D:LeaderElection74] INFO  grpc.GrpcConfigKeys$Server (ConfUtils.java:logGet(43)) - raft.grpc.server.leader.outstanding.appends.max = 128 (default)
2019-08-23 17:34:01,827 [876990c2-a61c-4f07-9bf7-f26a19606da0:group-7D984785181D:LeaderElection74] INFO  server.RaftServerConfigKeys (ConfUtils.java:logGet(43)) - raft.server.rpc.request.timeout = 3000ms (default)
2019-08-23 17:34:01,827 [876990c2-a61c-4f07-9bf7-f26a19606da0:group-7D984785181D:LeaderElection74] INFO  server.RaftServerConfigKeys (ConfUtils.java:logGet(43)) - raft.server.log.appender.install.snapshot.enabled = false (custom)
2019-08-23 17:34:01,827 [876990c2-a61c-4f07-9bf7-f26a19606da0:group-7D984785181D:LeaderElection74] INFO  server.RaftServerConfigKeys (ConfUtils.java:logGet(43)) - raft.server.log.appender.snapshot.chunk.size.max = 16MB (=16777216) (default)
2019-08-23 17:34:01,828 [876990c2-a61c-4f07-9bf7-f26a19606da0:group-7D984785181D:LeaderElection74] INFO  server.RaftServerConfigKeys (ConfUtils.java:logGet(43)) - raft.server.log.appender.buffer.byte-limit = 33554432 (custom)
2019-08-23 17:34:01,828 [876990c2-a61c-4f07-9bf7-f26a19606da0:group-7D984785181D:LeaderElection74] INFO  server.RaftServerConfigKeys (ConfUtils.java:logGet(43)) - raft.server.log.appender.buffer.element-limit = 1 (custom)
2019-08-23 17:34:01,828 [876990c2-a61c-4f07-9bf7-f26a19606da0:group-7D984785181D:LeaderElection74] INFO  grpc.GrpcConfigKeys$Server (ConfUtils.java:logGet(43)) - raft.grpc.server.leader.outstanding.appends.max = 128 (default)
2019-08-23 17:34:01,828 [876990c2-a61c-4f07-9bf7-f26a19606da0:group-7D984785181D:LeaderElection74] INFO  server.RaftServerConfigKeys (ConfUtils.java:logGet(43)) - raft.server.rpc.request.timeout = 3000ms (default)
2019-08-23 17:34:01,828 [876990c2-a61c-4f07-9bf7-f26a19606da0:group-7D984785181D:LeaderElection74] INFO  server.RaftServerConfigKeys (ConfUtils.java:logGet(43)) - raft.server.log.appender.install.snapshot.enabled = false (custom)
2019-08-23 17:34:01,828 [876990c2-a61c-4f07-9bf7-f26a19606da0:group-7D984785181D:LeaderElection74] INFO  impl.RoleInfo (RoleInfo.java:updateAndGet(143)) - 876990c2-a61c-4f07-9bf7-f26a19606da0: start LeaderState
2019-08-23 17:34:01,828 [876990c2-a61c-4f07-9bf7-f26a19606da0:group-7D984785181D:LeaderElection74] INFO  segmented.SegmentedRaftLogWorker (SegmentedRaftLogWorker.java:rollLogSegment(385)) - 876990c2-a61c-4f07-9bf7-f26a19606da0-SegmentedRaftLogWorker:Storage Directory /workdir/hadoop-ozone/integration-test/target/test-dir/MiniOzoneClusterImpl-8a58fefa-0c45-49f9-a99a-9d96e5fc94fa/datanode-3/data/ratis/90bebacc-638c-4edb-9395-7d984785181d: Rolling segment log-0_15 to index:15
2019-08-23 17:34:01,829 [876990c2-a61c-4f07-9bf7-f26a19606da0:group-7D984785181D:LeaderElection74] INFO  impl.RaftServerImpl (ServerState.java:setRaftConf(361)) - 876990c2-a61c-4f07-9bf7-f26a19606da0:group-7D984785181D set configuration 16: [6fbb74d4-a5a3-4cb1-84f5-d8b0772040c1:192.168.69.79:33633, 31967366-836f-459e-918b-b922ad3a04c0:192.168.69.79:38687, 876990c2-a61c-4f07-9bf7-f26a19606da0:192.168.69.79:38348], old=null at 16
2019-08-23 17:34:01,829 [876990c2-a61c-4f07-9bf7-f26a19606da0-SegmentedRaftLogWorker:Storage Directory /workdir/hadoop-ozone/integration-test/target/test-dir/MiniOzoneClusterImpl-8a58fefa-0c45-49f9-a99a-9d96e5fc94fa/datanode-3/data/ratis/90bebacc-638c-4edb-9395-7d984785181d] INFO  segmented.SegmentedRaftLogWorker (SegmentedRaftLogWorker.java:execute(526)) - 876990c2-a61c-4f07-9bf7-f26a19606da0-SegmentedRaftLogWorker:Storage Directory /workdir/hadoop-ozone/integration-test/target/test-dir/MiniOzoneClusterImpl-8a58fefa-0c45-49f9-a99a-9d96e5fc94fa/datanode-3/data/ratis/90bebacc-638c-4edb-9395-7d984785181d: Rolled log segment from /workdir/hadoop-ozone/integration-test/target/test-dir/MiniOzoneClusterImpl-8a58fefa-0c45-49f9-a99a-9d96e5fc94fa/datanode-3/data/ratis/90bebacc-638c-4edb-9395-7d984785181d/current/log_inprogress_0 to /workdir/hadoop-ozone/integration-test/target/test-dir/MiniOzoneClusterImpl-8a58fefa-0c45-49f9-a99a-9d96e5fc94fa/datanode-3/data/ratis/90bebacc-638c-4edb-9395-7d984785181d/current/log_0-15
2019-08-23 17:34:01,830 [grpc-default-executor-2] WARN  server.GrpcLogAppender (LogUtils.java:warn(134)) - 876990c2-a61c-4f07-9bf7-f26a19606da0->31967366-836f-459e-918b-b922ad3a04c0: Failed appendEntries: org.apache.ratis.thirdparty.io.grpc.StatusRuntimeException: UNAVAILABLE: io exception
2019-08-23 17:34:01,830 [grpc-default-executor-2] INFO  impl.FollowerInfo (FollowerInfo.java:lambda$new$0(50)) - 876990c2-a61c-4f07-9bf7-f26a19606da0->31967366-836f-459e-918b-b922ad3a04c0: nextIndex: updateUnconditionally 16 -> 1
2019-08-23 17:34:01,830 [grpc-default-executor-2] INFO  impl.RaftServerImpl (ServerState.java:setLeader(263)) - 6fbb74d4-a5a3-4cb1-84f5-d8b0772040c1:group-7D984785181D change Leader from null to 876990c2-a61c-4f07-9bf7-f26a19606da0 at term 2 for appendEntries, leader elected after 22ms
2019-08-23 17:34:01,832 [grpc-default-executor-2] INFO  impl.RaftServerImpl (ServerState.java:setRaftConf(361)) - 6fbb74d4-a5a3-4cb1-84f5-d8b0772040c1:group-7D984785181D set configuration 16: [6fbb74d4-a5a3-4cb1-84f5-d8b0772040c1:192.168.69.79:33633, 31967366-836f-459e-918b-b922ad3a04c0:192.168.69.79:38687, 876990c2-a61c-4f07-9bf7-f26a19606da0:192.168.69.79:38348], old=null at 16
2019-08-23 17:34:01,833 [grpc-default-executor-2] INFO  segmented.SegmentedRaftLogWorker (SegmentedRaftLogWorker.java:rollLogSegment(385)) - 6fbb74d4-a5a3-4cb1-84f5-d8b0772040c1-SegmentedRaftLogWorker:Storage Directory /workdir/hadoop-ozone/integration-test/target/test-dir/MiniOzoneClusterImpl-8a58fefa-0c45-49f9-a99a-9d96e5fc94fa/datanode-5/data/ratis/90bebacc-638c-4edb-9395-7d984785181d: Rolling segment log-0_15 to index:15
2019-08-23 17:34:01,833 [6fbb74d4-a5a3-4cb1-84f5-d8b0772040c1-SegmentedRaftLogWorker:Storage Directory /workdir/hadoop-ozone/integration-test/target/test-dir/MiniOzoneClusterImpl-8a58fefa-0c45-49f9-a99a-9d96e5fc94fa/datanode-5/data/ratis/90bebacc-638c-4edb-9395-7d984785181d] INFO  segmented.SegmentedRaftLogWorker (SegmentedRaftLogWorker.java:execute(526)) - 6fbb74d4-a5a3-4cb1-84f5-d8b0772040c1-SegmentedRaftLogWorker:Storage Directory /workdir/hadoop-ozone/integration-test/target/test-dir/MiniOzoneClusterImpl-8a58fefa-0c45-49f9-a99a-9d96e5fc94fa/datanode-5/data/ratis/90bebacc-638c-4edb-9395-7d984785181d: Rolled log segment from /workdir/hadoop-ozone/integration-test/target/test-dir/MiniOzoneClusterImpl-8a58fefa-0c45-49f9-a99a-9d96e5fc94fa/datanode-5/data/ratis/90bebacc-638c-4edb-9395-7d984785181d/current/log_inprogress_0 to /workdir/hadoop-ozone/integration-test/target/test-dir/MiniOzoneClusterImpl-8a58fefa-0c45-49f9-a99a-9d96e5fc94fa/datanode-5/data/ratis/90bebacc-638c-4edb-9395-7d984785181d/current/log_0-15
2019-08-23 17:34:01,875 [876990c2-a61c-4f07-9bf7-f26a19606da0-SegmentedRaftLogWorker:Storage Directory /workdir/hadoop-ozone/integration-test/target/test-dir/MiniOzoneClusterImpl-8a58fefa-0c45-49f9-a99a-9d96e5fc94fa/datanode-3/data/ratis/90bebacc-638c-4edb-9395-7d984785181d] INFO  segmented.SegmentedRaftLogWorker (SegmentedRaftLogWorker.java:execute(569)) - 876990c2-a61c-4f07-9bf7-f26a19606da0-SegmentedRaftLogWorker:Storage Directory /workdir/hadoop-ozone/integration-test/target/test-dir/MiniOzoneClusterImpl-8a58fefa-0c45-49f9-a99a-9d96e5fc94fa/datanode-3/data/ratis/90bebacc-638c-4edb-9395-7d984785181d: created new log segment /workdir/hadoop-ozone/integration-test/target/test-dir/MiniOzoneClusterImpl-8a58fefa-0c45-49f9-a99a-9d96e5fc94fa/datanode-3/data/ratis/90bebacc-638c-4edb-9395-7d984785181d/current/log_inprogress_16
2019-08-23 17:34:01,875 [6fbb74d4-a5a3-4cb1-84f5-d8b0772040c1-SegmentedRaftLogWorker:Storage Directory /workdir/hadoop-ozone/integration-test/target/test-dir/MiniOzoneClusterImpl-8a58fefa-0c45-49f9-a99a-9d96e5fc94fa/datanode-5/data/ratis/90bebacc-638c-4edb-9395-7d984785181d] INFO  segmented.SegmentedRaftLogWorker (SegmentedRaftLogWorker.java:execute(569)) - 6fbb74d4-a5a3-4cb1-84f5-d8b0772040c1-SegmentedRaftLogWorker:Storage Directory /workdir/hadoop-ozone/integration-test/target/test-dir/MiniOzoneClusterImpl-8a58fefa-0c45-49f9-a99a-9d96e5fc94fa/datanode-5/data/ratis/90bebacc-638c-4edb-9395-7d984785181d: created new log segment /workdir/hadoop-ozone/integration-test/target/test-dir/MiniOzoneClusterImpl-8a58fefa-0c45-49f9-a99a-9d96e5fc94fa/datanode-5/data/ratis/90bebacc-638c-4edb-9395-7d984785181d/current/log_inprogress_16
2019-08-23 17:34:01,884 | INFO  | DNAudit | user=null | ip=null | op=READ_CHUNK {blockData=conID: 1 locID: 102667493230706702 bcsId: 0} | ret=SUCCESS |  
2019-08-23 17:34:01,886 [grpc-default-executor-2] WARN  server.GrpcLogAppender (LogUtils.java:warn(134)) - 876990c2-a61c-4f07-9bf7-f26a19606da0->31967366-836f-459e-918b-b922ad3a04c0: Failed appendEntries: org.apache.ratis.thirdparty.io.grpc.StatusRuntimeException: UNAVAILABLE: io exception
2019-08-23 17:34:01,887 [grpc-default-executor-2] INFO  impl.FollowerInfo (FollowerInfo.java:lambda$new$0(50)) - 876990c2-a61c-4f07-9bf7-f26a19606da0->31967366-836f-459e-918b-b922ad3a04c0: nextIndex: updateUnconditionally 2 -> 1
2019-08-23 17:34:01,893 [grpc-default-executor-5] WARN  server.GrpcLogAppender (LogUtils.java:warn(134)) - 876990c2-a61c-4f07-9bf7-f26a19606da0->31967366-836f-459e-918b-b922ad3a04c0: Failed appendEntries: org.apache.ratis.thirdparty.io.grpc.StatusRuntimeException: UNAVAILABLE: io exception
2019-08-23 17:34:01,893 [grpc-default-executor-5] INFO  impl.FollowerInfo (FollowerInfo.java:lambda$new$0(50)) - 876990c2-a61c-4f07-9bf7-f26a19606da0->31967366-836f-459e-918b-b922ad3a04c0: nextIndex: updateUnconditionally 2 -> 1
2019-08-23 17:34:01,953 | INFO  | SCMAudit | user=jenkins1000 | ip=192.168.69.79 | op=SEND_HEARTBEAT {datanodeUUID=876990c2-a61c-4f07-9bf7-f26a19606da0, command=[]} | ret=SUCCESS |  
2019-08-23 17:34:01,953 | INFO  | SCMAudit | user=jenkins1000 | ip=192.168.69.79 | op=SEND_HEARTBEAT {datanodeUUID=6fbb74d4-a5a3-4cb1-84f5-d8b0772040c1, command=[]} | ret=SUCCESS |  
2019-08-23 17:34:02,006 | INFO  | SCMAudit | user=jenkins1000 | ip=192.168.69.79 | op=SEND_HEARTBEAT {datanodeUUID=4a4bc7f8-d7f4-4b72-b368-a22ea43ebd35, command=[]} | ret=SUCCESS |  
2019-08-23 17:34:02,296 [grpc-default-executor-5] INFO  client.GrpcClientProtocolClient (GrpcClientProtocolClient.java:onNext(255)) - client-D449C3D2B845->6fbb74d4-a5a3-4cb1-84f5-d8b0772040c1: receive RaftClientReply:client-D449C3D2B845->6fbb74d4-a5a3-4cb1-84f5-d8b0772040c1@group-7D984785181D, cid=192, FAILED org.apache.ratis.protocol.NotLeaderException: Server 6fbb74d4-a5a3-4cb1-84f5-d8b0772040c1 is not the leader (876990c2-a61c-4f07-9bf7-f26a19606da0:192.168.69.79:38348). Request must be sent to leader., logIndex=0, commits[6fbb74d4-a5a3-4cb1-84f5-d8b0772040c1:c16, 31967366-836f-459e-918b-b922ad3a04c0:c15, 876990c2-a61c-4f07-9bf7-f26a19606da0:c16]
2019-08-23 17:34:02,302 | ERROR | DNAudit | user=null | ip=null | op=WRITE_CHUNK {blockData=conID: 1 locID: 102667493230706702 bcsId: 13} | ret=FAILURE | org.apache.hadoop.hdds.scm.container.common.helpers.ContainerNotOpenException: Container 1 in CLOSING state
	at org.apache.hadoop.ozone.container.common.impl.HddsDispatcher.validateContainerCommand(HddsDispatcher.java:408)
	at org.apache.hadoop.ozone.container.common.transport.server.ratis.ContainerStateMachine.startTransaction(ContainerStateMachine.java:309) 
2019-08-23 17:34:02,311 [grpc-default-executor-2] INFO  client.GrpcClientProtocolClient (GrpcClientProtocolClient.java:onNext(255)) - client-D449C3D2B845->876990c2-a61c-4f07-9bf7-f26a19606da0: receive RaftClientReply:client-D449C3D2B845->876990c2-a61c-4f07-9bf7-f26a19606da0@group-7D984785181D, cid=192, FAILED org.apache.ratis.protocol.StateMachineException: org.apache.hadoop.hdds.scm.container.common.helpers.ContainerNotOpenException from Server 876990c2-a61c-4f07-9bf7-f26a19606da0: Container 1 in CLOSING state, logIndex=0, commits[876990c2-a61c-4f07-9bf7-f26a19606da0:c17, 6fbb74d4-a5a3-4cb1-84f5-d8b0772040c1:c16, 31967366-836f-459e-918b-b922ad3a04c0:c15]
2019-08-23 17:34:02,312 | ERROR | DNAudit | user=null | ip=null | op=WRITE_CHUNK {blockData=conID: 1 locID: 102667493230706702 bcsId: 13} | ret=FAILURE | org.apache.hadoop.hdds.scm.container.common.helpers.ContainerNotOpenException: Container 1 in CLOSING state
	at org.apache.hadoop.ozone.container.common.impl.HddsDispatcher.validateContainerCommand(HddsDispatcher.java:408)
	at org.apache.hadoop.ozone.container.common.transport.server.ratis.ContainerStateMachine.startTransaction(ContainerStateMachine.java:309) 
2019-08-23 17:34:02,319 | ERROR | DNAudit | user=null | ip=null | op=PUT_BLOCK {blockData=[blockId=conID: 1 locID: 102667493230706702 bcsId: 0,size=650]} | ret=FAILURE | org.apache.hadoop.hdds.scm.container.common.helpers.ContainerNotOpenException: Container 1 in CLOSING state
	at org.apache.hadoop.ozone.container.common.impl.HddsDispatcher.validateContainerCommand(HddsDispatcher.java:408)
	at org.apache.hadoop.ozone.container.common.transport.server.ratis.ContainerStateMachine.startTransaction(ContainerStateMachine.java:309) 
2019-08-23 17:34:02,322 [grpc-default-executor-2] INFO  client.GrpcClientProtocolClient (GrpcClientProtocolClient.java:onNext(255)) - client-D449C3D2B845->876990c2-a61c-4f07-9bf7-f26a19606da0: receive RaftClientReply:client-D449C3D2B845->876990c2-a61c-4f07-9bf7-f26a19606da0@group-7D984785181D, cid=193, FAILED org.apache.ratis.protocol.StateMachineException: org.apache.hadoop.hdds.scm.container.common.helpers.ContainerNotOpenException from Server 876990c2-a61c-4f07-9bf7-f26a19606da0: Container 1 in CLOSING state, logIndex=0, commits[876990c2-a61c-4f07-9bf7-f26a19606da0:c17, 6fbb74d4-a5a3-4cb1-84f5-d8b0772040c1:c16, 31967366-836f-459e-918b-b922ad3a04c0:c15]
2019-08-23 17:34:02,323 | ERROR | DNAudit | user=null | ip=null | op=WRITE_CHUNK {blockData=conID: 1 locID: 102667493230706702 bcsId: 13} | ret=FAILURE | org.apache.hadoop.hdds.scm.container.common.helpers.ContainerNotOpenException: Container 1 in CLOSING state
	at org.apache.hadoop.ozone.container.common.impl.HddsDispatcher.validateContainerCommand(HddsDispatcher.java:408)
	at org.apache.hadoop.ozone.container.common.transport.server.ratis.ContainerStateMachine.startTransaction(ContainerStateMachine.java:309) 
2019-08-23 17:34:02,324 | ERROR | DNAudit | user=null | ip=null | op=WRITE_CHUNK {blockData=conID: 1 locID: 102667493230706702 bcsId: 13} | ret=FAILURE | org.apache.hadoop.hdds.scm.container.common.helpers.ContainerNotOpenException: Container 1 in CLOSING state
	at org.apache.hadoop.ozone.container.common.impl.HddsDispatcher.validateContainerCommand(HddsDispatcher.java:408)
	at org.apache.hadoop.ozone.container.common.transport.server.ratis.ContainerStateMachine.startTransaction(ContainerStateMachine.java:309) 
2019-08-23 17:34:02,324 [grpc-default-executor-2] INFO  client.GrpcClientProtocolClient (GrpcClientProtocolClient.java:onNext(255)) - client-D449C3D2B845->876990c2-a61c-4f07-9bf7-f26a19606da0: receive RaftClientReply:client-D449C3D2B845->876990c2-a61c-4f07-9bf7-f26a19606da0@group-7D984785181D, cid=194, FAILED org.apache.ratis.protocol.StateMachineException: org.apache.hadoop.hdds.scm.container.common.helpers.ContainerNotOpenException from Server 876990c2-a61c-4f07-9bf7-f26a19606da0: Container 1 in CLOSING state, logIndex=0, commits[876990c2-a61c-4f07-9bf7-f26a19606da0:c17, 6fbb74d4-a5a3-4cb1-84f5-d8b0772040c1:c16, 31967366-836f-459e-918b-b922ad3a04c0:c15]
2019-08-23 17:34:02,328 | ERROR | DNAudit | user=null | ip=null | op=PUT_BLOCK {blockData=[blockId=conID: 1 locID: 102667493230706702 bcsId: 0,size=800]} | ret=FAILURE | org.apache.hadoop.hdds.scm.container.common.helpers.ContainerNotOpenException: Container 1 in CLOSING state
	at org.apache.hadoop.ozone.container.common.impl.HddsDispatcher.validateContainerCommand(HddsDispatcher.java:408)
	at org.apache.hadoop.ozone.container.common.transport.server.ratis.ContainerStateMachine.startTransaction(ContainerStateMachine.java:309) 
2019-08-23 17:34:02,331 [grpc-default-executor-2] INFO  client.GrpcClientProtocolClient (GrpcClientProtocolClient.java:onNext(255)) - client-D449C3D2B845->876990c2-a61c-4f07-9bf7-f26a19606da0: receive RaftClientReply:client-D449C3D2B845->876990c2-a61c-4f07-9bf7-f26a19606da0@group-7D984785181D, cid=195, FAILED org.apache.ratis.protocol.StateMachineException: org.apache.hadoop.hdds.scm.container.common.helpers.ContainerNotOpenException from Server 876990c2-a61c-4f07-9bf7-f26a19606da0: Container 1 in CLOSING state, logIndex=0, commits[876990c2-a61c-4f07-9bf7-f26a19606da0:c17, 6fbb74d4-a5a3-4cb1-84f5-d8b0772040c1:c16, 31967366-836f-459e-918b-b922ad3a04c0:c15]
2019-08-23 17:34:02,335 [grpc-default-executor-2] INFO  client.GrpcClientProtocolClient (GrpcClientProtocolClient.java:onNext(255)) - client-D449C3D2B845->876990c2-a61c-4f07-9bf7-f26a19606da0: receive RaftClientReply:client-D449C3D2B845->876990c2-a61c-4f07-9bf7-f26a19606da0@group-7D984785181D, cid=196, FAILED org.apache.ratis.protocol.StateMachineException: org.apache.hadoop.hdds.scm.container.common.helpers.ContainerNotOpenException from Server 876990c2-a61c-4f07-9bf7-f26a19606da0: Container 1 in CLOSING state, logIndex=0, commits[876990c2-a61c-4f07-9bf7-f26a19606da0:c17, 6fbb74d4-a5a3-4cb1-84f5-d8b0772040c1:c16, 31967366-836f-459e-918b-b922ad3a04c0:c15]
2019-08-23 17:34:02,336 [grpc-default-executor-2] INFO  client.GrpcClientProtocolClient (GrpcClientProtocolClient.java:onNext(255)) - client-D449C3D2B845->876990c2-a61c-4f07-9bf7-f26a19606da0: receive RaftClientReply:client-D449C3D2B845->876990c2-a61c-4f07-9bf7-f26a19606da0@group-7D984785181D, cid=197, FAILED org.apache.ratis.protocol.StateMachineException: org.apache.hadoop.hdds.scm.container.common.helpers.ContainerNotOpenException from Server 876990c2-a61c-4f07-9bf7-f26a19606da0: Container 1 in CLOSING state, logIndex=0, commits[876990c2-a61c-4f07-9bf7-f26a19606da0:c17, 6fbb74d4-a5a3-4cb1-84f5-d8b0772040c1:c16, 31967366-836f-459e-918b-b922ad3a04c0:c15]
2019-08-23 17:34:02,347 | INFO  | SCMAudit | user=jenkins1000 | ip=192.168.69.79 | op=SEND_HEARTBEAT {datanodeUUID=c1868ab2-aa15-4f4a-9771-d4fa90467b59, command=[]} | ret=SUCCESS |  
2019-08-23 17:34:02,376 | INFO  | SCMAudit | user=jenkins1000 | ip=192.168.69.79 | op=ALLOCATE_BLOCK {owner=d3dfbb09-f81c-4bfc-84e6-17ddba8ca26d, size=800, type=RATIS, factor=THREE} | ret=SUCCESS |  
2019-08-23 17:34:02,377 | INFO  | OMAudit | user=jenkins1000 | ip=127.0.0.1 | op=ALLOCATE_BLOCK {volume=testblockoutputstream, bucket=testblockoutputstream, key=1a1adc68-366d-4646-b6f3-c9f1fd7400ac, dataSize=0, replicationType=null, replicationFactor=null, keyLocationInfo=null, clientID=102667493230641165} | ret=SUCCESS |  
2019-08-23 17:34:02,485 | INFO  | DNAudit | user=null | ip=null | op=WRITE_CHUNK {blockData=conID: 2 locID: 102667494514753551 bcsId: 0} | ret=SUCCESS |  
2019-08-23 17:34:02,485 | INFO  | DNAudit | user=null | ip=null | op=WRITE_CHUNK {blockData=conID: 2 locID: 102667494514753551 bcsId: 0} | ret=SUCCESS |  
2019-08-23 17:34:02,485 | INFO  | DNAudit | user=null | ip=null | op=WRITE_CHUNK {blockData=conID: 2 locID: 102667494514753551 bcsId: 0} | ret=SUCCESS |  
2019-08-23 17:34:02,485 | INFO  | SCMAudit | user=jenkins1000 | ip=192.168.69.79 | op=SEND_HEARTBEAT {datanodeUUID=a5230df4-e43a-4560-b8d8-ffa5d1239854, command=[]} | ret=SUCCESS |  
2019-08-23 17:34:02,486 | INFO  | SCMAudit | user=jenkins1000 | ip=192.168.69.79 | op=SEND_HEARTBEAT {datanodeUUID=4a4bc7f8-d7f4-4b72-b368-a22ea43ebd35, command=[]} | ret=SUCCESS |  
2019-08-23 17:34:02,486 | INFO  | SCMAudit | user=jenkins1000 | ip=192.168.69.79 | op=SEND_HEARTBEAT {datanodeUUID=c1868ab2-aa15-4f4a-9771-d4fa90467b59, command=[]} | ret=SUCCESS |  
2019-08-23 17:34:02,499 | INFO  | DNAudit | user=null | ip=null | op=WRITE_CHUNK {blockData=conID: 2 locID: 102667494514753551 bcsId: 0} | ret=SUCCESS |  
2019-08-23 17:34:02,502 [grpc-default-executor-2] INFO  client.GrpcClientProtocolClient (GrpcClientProtocolClient.java:onNext(255)) - client-F9F800941A67->a5230df4-e43a-4560-b8d8-ffa5d1239854: receive RaftClientReply:client-F9F800941A67->a5230df4-e43a-4560-b8d8-ffa5d1239854@group-23790B55D079, cid=198, SUCCESS, logIndex=1, commits[a5230df4-e43a-4560-b8d8-ffa5d1239854:c1, 4a4bc7f8-d7f4-4b72-b368-a22ea43ebd35:c0, c1868ab2-aa15-4f4a-9771-d4fa90467b59:c0]
2019-08-23 17:34:02,506 | INFO  | DNAudit | user=null | ip=null | op=WRITE_CHUNK {blockData=conID: 2 locID: 102667494514753551 bcsId: 0} | ret=SUCCESS |  
2019-08-23 17:34:02,506 | INFO  | DNAudit | user=null | ip=null | op=WRITE_CHUNK {blockData=conID: 2 locID: 102667494514753551 bcsId: 0} | ret=SUCCESS |  
2019-08-23 17:34:02,506 | INFO  | DNAudit | user=null | ip=null | op=WRITE_CHUNK {blockData=conID: 2 locID: 102667494514753551 bcsId: 0} | ret=SUCCESS |  
2019-08-23 17:34:02,506 | INFO  | DNAudit | user=null | ip=null | op=WRITE_CHUNK {blockData=conID: 2 locID: 102667494514753551 bcsId: 0} | ret=SUCCESS |  
2019-08-23 17:34:02,509 | INFO  | DNAudit | user=null | ip=null | op=WRITE_CHUNK {blockData=conID: 2 locID: 102667494514753551 bcsId: 0} | ret=SUCCESS |  
2019-08-23 17:34:02,509 | INFO  | DNAudit | user=null | ip=null | op=WRITE_CHUNK {blockData=conID: 2 locID: 102667494514753551 bcsId: 0} | ret=SUCCESS |  
2019-08-23 17:34:02,509 | INFO  | DNAudit | user=null | ip=null | op=WRITE_CHUNK {blockData=conID: 2 locID: 102667494514753551 bcsId: 0} | ret=SUCCESS |  
2019-08-23 17:34:02,510 | INFO  | DNAudit | user=null | ip=null | op=WRITE_CHUNK {blockData=conID: 2 locID: 102667494514753551 bcsId: 0} | ret=SUCCESS |  
2019-08-23 17:34:02,510 | INFO  | DNAudit | user=null | ip=null | op=WRITE_CHUNK {blockData=conID: 2 locID: 102667494514753551 bcsId: 0} | ret=SUCCESS |  
2019-08-23 17:34:02,511 | INFO  | DNAudit | user=null | ip=null | op=WRITE_CHUNK {blockData=conID: 2 locID: 102667494514753551 bcsId: 0} | ret=SUCCESS |  
2019-08-23 17:34:02,511 | INFO  | DNAudit | user=null | ip=null | op=WRITE_CHUNK {blockData=conID: 2 locID: 102667494514753551 bcsId: 0} | ret=SUCCESS |  
2019-08-23 17:34:02,512 | INFO  | DNAudit | user=null | ip=null | op=WRITE_CHUNK {blockData=conID: 2 locID: 102667494514753551 bcsId: 0} | ret=SUCCESS |  
2019-08-23 17:34:02,514 [grpc-default-executor-5] INFO  client.GrpcClientProtocolClient (GrpcClientProtocolClient.java:onNext(255)) - client-F9F800941A67->a5230df4-e43a-4560-b8d8-ffa5d1239854: receive RaftClientReply:client-F9F800941A67->a5230df4-e43a-4560-b8d8-ffa5d1239854@group-23790B55D079, cid=199, SUCCESS, logIndex=3, commits[a5230df4-e43a-4560-b8d8-ffa5d1239854:c5, 4a4bc7f8-d7f4-4b72-b368-a22ea43ebd35:c1, c1868ab2-aa15-4f4a-9771-d4fa90467b59:c1]
2019-08-23 17:34:02,525 | INFO  | DNAudit | user=null | ip=null | op=WRITE_CHUNK {blockData=conID: 2 locID: 102667494514753551 bcsId: 0} | ret=SUCCESS |  
2019-08-23 17:34:02,527 | INFO  | DNAudit | user=null | ip=null | op=WRITE_CHUNK {blockData=conID: 2 locID: 102667494514753551 bcsId: 0} | ret=SUCCESS |  
2019-08-23 17:34:02,553 | INFO  | DNAudit | user=null | ip=null | op=PUT_BLOCK {blockData=[blockId=conID: 2 locID: 102667494514753551 bcsId: 0,size=200]} | ret=SUCCESS |  
2019-08-23 17:34:02,554 | INFO  | DNAudit | user=null | ip=null | op=WRITE_CHUNK {blockData=conID: 2 locID: 102667494514753551 bcsId: 0} | ret=SUCCESS |  
2019-08-23 17:34:02,554 | INFO  | DNAudit | user=null | ip=null | op=WRITE_CHUNK {blockData=conID: 2 locID: 102667494514753551 bcsId: 0} | ret=SUCCESS |  
2019-08-23 17:34:02,554 [grpc-default-executor-6] INFO  client.GrpcClientProtocolClient (GrpcClientProtocolClient.java:onNext(255)) - client-F9F800941A67->a5230df4-e43a-4560-b8d8-ffa5d1239854: receive RaftClientReply:client-F9F800941A67->a5230df4-e43a-4560-b8d8-ffa5d1239854@group-23790B55D079, cid=200, SUCCESS, logIndex=4, commits[a5230df4-e43a-4560-b8d8-ffa5d1239854:c12, 4a4bc7f8-d7f4-4b72-b368-a22ea43ebd35:c7, c1868ab2-aa15-4f4a-9771-d4fa90467b59:c7]
2019-08-23 17:34:02,557 [grpc-default-executor-6] INFO  client.GrpcClientProtocolClient (GrpcClientProtocolClient.java:onNext(255)) - client-F9F800941A67->a5230df4-e43a-4560-b8d8-ffa5d1239854: receive RaftClientReply:client-F9F800941A67->a5230df4-e43a-4560-b8d8-ffa5d1239854@group-23790B55D079, cid=201, SUCCESS, logIndex=5, commits[a5230df4-e43a-4560-b8d8-ffa5d1239854:c12, 4a4bc7f8-d7f4-4b72-b368-a22ea43ebd35:c7, c1868ab2-aa15-4f4a-9771-d4fa90467b59:c7]
2019-08-23 17:34:02,557 [grpc-default-executor-6] INFO  client.GrpcClientProtocolClient (GrpcClientProtocolClient.java:onNext(255)) - client-F9F800941A67->a5230df4-e43a-4560-b8d8-ffa5d1239854: receive RaftClientReply:client-F9F800941A67->a5230df4-e43a-4560-b8d8-ffa5d1239854@group-23790B55D079, cid=202, SUCCESS, logIndex=6, commits[a5230df4-e43a-4560-b8d8-ffa5d1239854:c12, 4a4bc7f8-d7f4-4b72-b368-a22ea43ebd35:c7, c1868ab2-aa15-4f4a-9771-d4fa90467b59:c7]
2019-08-23 17:34:02,588 | INFO  | DNAudit | user=null | ip=null | op=PUT_BLOCK {blockData=[blockId=conID: 2 locID: 102667494514753551 bcsId: 0,size=200]} | ret=SUCCESS |  
2019-08-23 17:34:02,588 | INFO  | DNAudit | user=null | ip=null | op=WRITE_CHUNK {blockData=conID: 2 locID: 102667494514753551 bcsId: 0} | ret=SUCCESS |  
2019-08-23 17:34:02,588 | INFO  | DNAudit | user=null | ip=null | op=WRITE_CHUNK {blockData=conID: 2 locID: 102667494514753551 bcsId: 0} | ret=SUCCESS |  
2019-08-23 17:34:02,621 | INFO  | DNAudit | user=null | ip=null | op=PUT_BLOCK {blockData=[blockId=conID: 2 locID: 102667494514753551 bcsId: 0,size=400]} | ret=SUCCESS |  
2019-08-23 17:34:02,621 | INFO  | DNAudit | user=null | ip=null | op=PUT_BLOCK {blockData=[blockId=conID: 2 locID: 102667494514753551 bcsId: 0,size=400]} | ret=SUCCESS |  
2019-08-23 17:34:02,621 | INFO  | DNAudit | user=null | ip=null | op=PUT_BLOCK {blockData=[blockId=conID: 2 locID: 102667494514753551 bcsId: 0,size=200]} | ret=SUCCESS |  
2019-08-23 17:34:02,622 | INFO  | DNAudit | user=null | ip=null | op=WRITE_CHUNK {blockData=conID: 2 locID: 102667494514753551 bcsId: 0} | ret=SUCCESS |  
2019-08-23 17:34:02,622 | INFO  | DNAudit | user=null | ip=null | op=WRITE_CHUNK {blockData=conID: 2 locID: 102667494514753551 bcsId: 0} | ret=SUCCESS |  
2019-08-23 17:34:02,623 | INFO  | DNAudit | user=null | ip=null | op=PUT_BLOCK {blockData=[blockId=conID: 2 locID: 102667494514753551 bcsId: 0,size=400]} | ret=SUCCESS |  
2019-08-23 17:34:02,623 [grpc-default-executor-6] INFO  client.GrpcClientProtocolClient (GrpcClientProtocolClient.java:onNext(255)) - client-F9F800941A67->a5230df4-e43a-4560-b8d8-ffa5d1239854: receive RaftClientReply:client-F9F800941A67->a5230df4-e43a-4560-b8d8-ffa5d1239854@group-23790B55D079, cid=203, SUCCESS, logIndex=7, commits[a5230df4-e43a-4560-b8d8-ffa5d1239854:c12, 4a4bc7f8-d7f4-4b72-b368-a22ea43ebd35:c7, c1868ab2-aa15-4f4a-9771-d4fa90467b59:c7]
2019-08-23 17:34:02,629 | INFO  | DNAudit | user=null | ip=null | op=WRITE_CHUNK {blockData=conID: 2 locID: 102667494514753551 bcsId: 7} | ret=SUCCESS |  
2019-08-23 17:34:02,630 | INFO  | DNAudit | user=null | ip=null | op=WRITE_CHUNK {blockData=conID: 2 locID: 102667494514753551 bcsId: 7} | ret=SUCCESS |  
2019-08-23 17:34:02,630 | INFO  | DNAudit | user=null | ip=null | op=WRITE_CHUNK {blockData=conID: 2 locID: 102667494514753551 bcsId: 7} | ret=SUCCESS |  
2019-08-23 17:34:02,644 | INFO  | DNAudit | user=null | ip=null | op=WRITE_CHUNK {blockData=conID: 2 locID: 102667494514753551 bcsId: 7} | ret=SUCCESS |  
2019-08-23 17:34:02,646 | INFO  | DNAudit | user=null | ip=null | op=PUT_BLOCK {blockData=[blockId=conID: 2 locID: 102667494514753551 bcsId: 0,size=450]} | ret=SUCCESS |  
2019-08-23 17:34:02,646 [grpc-default-executor-6] INFO  client.GrpcClientProtocolClient (GrpcClientProtocolClient.java:onNext(255)) - client-F9F800941A67->a5230df4-e43a-4560-b8d8-ffa5d1239854: receive RaftClientReply:client-F9F800941A67->a5230df4-e43a-4560-b8d8-ffa5d1239854@group-23790B55D079, cid=204, SUCCESS, logIndex=13, commits[a5230df4-e43a-4560-b8d8-ffa5d1239854:c14, 4a4bc7f8-d7f4-4b72-b368-a22ea43ebd35:c12, c1868ab2-aa15-4f4a-9771-d4fa90467b59:c12]
2019-08-23 17:34:02,647 [grpc-default-executor-6] INFO  client.GrpcClientProtocolClient (GrpcClientProtocolClient.java:onNext(255)) - client-F9F800941A67->a5230df4-e43a-4560-b8d8-ffa5d1239854: receive RaftClientReply:client-F9F800941A67->a5230df4-e43a-4560-b8d8-ffa5d1239854@group-23790B55D079, cid=205, SUCCESS, logIndex=14, commits[a5230df4-e43a-4560-b8d8-ffa5d1239854:c14, 4a4bc7f8-d7f4-4b72-b368-a22ea43ebd35:c12, c1868ab2-aa15-4f4a-9771-d4fa90467b59:c12]
2019-08-23 17:34:02,664 | INFO  | DNAudit | user=null | ip=null | op=WRITE_CHUNK {blockData=conID: 2 locID: 102667494514753551 bcsId: 7} | ret=SUCCESS |  
2019-08-23 17:34:02,664 | INFO  | DNAudit | user=null | ip=null | op=WRITE_CHUNK {blockData=conID: 2 locID: 102667494514753551 bcsId: 7} | ret=SUCCESS |  
2019-08-23 17:34:02,672 | INFO  | DNAudit | user=null | ip=null | op=PUT_BLOCK {blockData=[blockId=conID: 2 locID: 102667494514753551 bcsId: 0,size=450]} | ret=SUCCESS |  
2019-08-23 17:34:02,673 | INFO  | DNAudit | user=null | ip=null | op=PUT_BLOCK {blockData=[blockId=conID: 2 locID: 102667494514753551 bcsId: 0,size=450]} | ret=SUCCESS |  
2019-08-23 17:34:02,675 [grpc-default-executor-6] INFO  client.GrpcClientProtocolClient (GrpcClientProtocolClient.java:onNext(255)) - client-F9F800941A67->a5230df4-e43a-4560-b8d8-ffa5d1239854: receive RaftClientReply:client-F9F800941A67->a5230df4-e43a-4560-b8d8-ffa5d1239854@group-23790B55D079, cid=206, SUCCESS, logIndex=0, commits[a5230df4-e43a-4560-b8d8-ffa5d1239854:c15, 4a4bc7f8-d7f4-4b72-b368-a22ea43ebd35:c14, c1868ab2-aa15-4f4a-9771-d4fa90467b59:c14]
2019-08-23 17:34:02,675 [main] INFO  ozone.MiniOzoneClusterImpl (MiniOzoneClusterImpl.java:shutdown(321)) - Shutting down the Mini Ozone Cluster
2019-08-23 17:34:02,676 | INFO  | SCMAudit | user=null | ip=null | op=GET_SCM_INFO null | ret=SUCCESS |  
2019-08-23 17:34:02,676 [main] INFO  ozone.MiniOzoneClusterImpl (MiniOzoneClusterImpl.java:stop(336)) - Stopping the Mini Ozone Cluster
2019-08-23 17:34:02,676 [main] INFO  ozone.MiniOzoneClusterImpl (MiniOzoneClusterImpl.java:stop(338)) - Stopping the OzoneManager
2019-08-23 17:34:02,676 [main] INFO  ipc.Server (Server.java:stop(3082)) - Stopping server on 33639
2019-08-23 17:34:02,684 [IPC Server listener on 33639] INFO  ipc.Server (Server.java:run(1185)) - Stopping IPC Server listener on 33639
2019-08-23 17:34:02,686 [main] INFO  ratis.OzoneManagerDoubleBuffer (OzoneManagerDoubleBuffer.java:stop(248)) - Stopping OMDoubleBuffer flush thread
2019-08-23 17:34:02,686 [IPC Server Responder] INFO  ipc.Server (Server.java:run(1319)) - Stopping IPC Server Responder
2019-08-23 17:34:02,697 [OMDoubleBufferFlushThread] INFO  ratis.OzoneManagerDoubleBuffer (OzoneManagerDoubleBuffer.java:flushTransactions(191)) - OMDoubleBuffer flush thread OMDoubleBufferFlushThread is interrupted and will exit. OMDoubleBufferFlushThread
2019-08-23 17:34:02,697 [main] INFO  utils.BackgroundService (BackgroundService.java:shutdown(148)) - Shutting down service KeyDeletingService
2019-08-23 17:34:02,698 [main] INFO  handler.ContextHandler (ContextHandler.java:doStop(910)) - Stopped o.e.j.w.WebAppContext@2b3e2039{/,null,UNAVAILABLE}{/ozoneManager}
2019-08-23 17:34:02,699 [main] INFO  server.AbstractConnector (AbstractConnector.java:doStop(318)) - Stopped ServerConnector@487f025{HTTP/1.1,[http/1.1]}{0.0.0.0:0}
2019-08-23 17:34:02,699 [main] INFO  handler.ContextHandler (ContextHandler.java:doStop(910)) - Stopped o.e.j.s.ServletContextHandler@70199db0{/static,file:///workdir/hadoop-ozone/integration-test/target/test-classes/webapps/static,UNAVAILABLE}
2019-08-23 17:34:02,699 [main] INFO  handler.ContextHandler (ContextHandler.java:doStop(910)) - Stopped o.e.j.s.ServletContextHandler@6e2764c9{/logs,file:///workdir/hadoop-ozone/integration-test/target/log,UNAVAILABLE}
2019-08-23 17:34:02,702 [main] INFO  ozone.MiniOzoneClusterImpl (MiniOzoneClusterImpl.java:stop(344)) - Shutting the HddsDatanodes
2019-08-23 17:34:02,703 [ForkJoinPool.commonPool-worker-0] INFO  datanode.ObjectStoreHandler (ObjectStoreHandler.java:close(155)) - Closing ObjectStoreHandler.
2019-08-23 17:34:02,703 [main] INFO  datanode.ObjectStoreHandler (ObjectStoreHandler.java:close(155)) - Closing ObjectStoreHandler.
2019-08-23 17:34:02,703 [ForkJoinPool.commonPool-worker-0] INFO  ozone.HddsDatanodeService (HddsDatanodeService.java:stop(451)) - Stopped plug-in org.apache.hadoop.ozone.web.OzoneHddsDatanodeService@174da9a0
2019-08-23 17:34:02,703 [main] INFO  ozone.HddsDatanodeService (HddsDatanodeService.java:stop(451)) - Stopped plug-in org.apache.hadoop.ozone.web.OzoneHddsDatanodeService@156b31d
2019-08-23 17:34:02,742 | INFO  | SCMAudit | user=jenkins1000 | ip=192.168.69.79 | op=SEND_HEARTBEAT {datanodeUUID=d991310f-591a-4dd6-9fd9-472b08eb9e78, command=[]} | ret=SUCCESS |  
2019-08-23 17:34:02,954 [Datanode State Machine Thread - 0] INFO  statemachine.DatanodeStateMachine (DatanodeStateMachine.java:lambda$startDaemon$0(350)) - Ozone container server started.
2019-08-23 17:34:02,954 | INFO  | SCMAudit | user=jenkins1000 | ip=192.168.69.79 | op=SEND_HEARTBEAT {datanodeUUID=6fbb74d4-a5a3-4cb1-84f5-d8b0772040c1, command=[]} | ret=SUCCESS |  
2019-08-23 17:34:03,484 | INFO  | SCMAudit | user=jenkins1000 | ip=192.168.69.79 | op=SEND_HEARTBEAT {datanodeUUID=c1868ab2-aa15-4f4a-9771-d4fa90467b59, command=[]} | ret=SUCCESS |  
2019-08-23 17:34:03,484 [Datanode State Machine Thread - 0] INFO  statemachine.DatanodeStateMachine (DatanodeStateMachine.java:lambda$startDaemon$0(350)) - Ozone container server started.
2019-08-23 17:34:03,484 | INFO  | SCMAudit | user=jenkins1000 | ip=192.168.69.79 | op=SEND_HEARTBEAT {datanodeUUID=4a4bc7f8-d7f4-4b72-b368-a22ea43ebd35, command=[]} | ret=SUCCESS |  
2019-08-23 17:34:03,742 | INFO  | SCMAudit | user=jenkins1000 | ip=192.168.69.79 | op=SEND_HEARTBEAT {datanodeUUID=d991310f-591a-4dd6-9fd9-472b08eb9e78, command=[]} | ret=SUCCESS |  
2019-08-23 17:34:03,954 | INFO  | SCMAudit | user=jenkins1000 | ip=192.168.69.79 | op=SEND_HEARTBEAT {datanodeUUID=6fbb74d4-a5a3-4cb1-84f5-d8b0772040c1, command=[]} | ret=SUCCESS |  
2019-08-23 17:34:04,394 [grpc-default-executor-6] WARN  server.GrpcLogAppender (LogUtils.java:warn(134)) - 876990c2-a61c-4f07-9bf7-f26a19606da0->31967366-836f-459e-918b-b922ad3a04c0: Failed appendEntries: org.apache.ratis.thirdparty.io.grpc.StatusRuntimeException: UNAVAILABLE: io exception
2019-08-23 17:34:04,394 [grpc-default-executor-6] INFO  impl.FollowerInfo (FollowerInfo.java:lambda$new$0(50)) - 876990c2-a61c-4f07-9bf7-f26a19606da0->31967366-836f-459e-918b-b922ad3a04c0: nextIndex: updateUnconditionally 1 -> 0
2019-08-23 17:34:04,484 | INFO  | SCMAudit | user=jenkins1000 | ip=192.168.69.79 | op=SEND_HEARTBEAT {datanodeUUID=c1868ab2-aa15-4f4a-9771-d4fa90467b59, command=[]} | ret=SUCCESS |  
2019-08-23 17:34:04,485 | INFO  | SCMAudit | user=jenkins1000 | ip=192.168.69.79 | op=SEND_HEARTBEAT {datanodeUUID=4a4bc7f8-d7f4-4b72-b368-a22ea43ebd35, command=[]} | ret=SUCCESS |  
2019-08-23 17:34:04,742 | INFO  | SCMAudit | user=jenkins1000 | ip=192.168.69.79 | op=SEND_HEARTBEAT {datanodeUUID=d991310f-591a-4dd6-9fd9-472b08eb9e78, command=[]} | ret=SUCCESS |  
2019-08-23 17:34:04,954 | INFO  | SCMAudit | user=jenkins1000 | ip=192.168.69.79 | op=SEND_HEARTBEAT {datanodeUUID=6fbb74d4-a5a3-4cb1-84f5-d8b0772040c1, command=[]} | ret=SUCCESS |  
2019-08-23 17:34:05,484 | INFO  | SCMAudit | user=jenkins1000 | ip=192.168.69.79 | op=SEND_HEARTBEAT {datanodeUUID=c1868ab2-aa15-4f4a-9771-d4fa90467b59, command=[]} | ret=SUCCESS |  
2019-08-23 17:34:05,485 | INFO  | SCMAudit | user=jenkins1000 | ip=192.168.69.79 | op=SEND_HEARTBEAT {datanodeUUID=4a4bc7f8-d7f4-4b72-b368-a22ea43ebd35, command=[]} | ret=SUCCESS |  
2019-08-23 17:34:05,742 | INFO  | SCMAudit | user=jenkins1000 | ip=192.168.69.79 | op=SEND_HEARTBEAT {datanodeUUID=d991310f-591a-4dd6-9fd9-472b08eb9e78, command=[]} | ret=SUCCESS |  
2019-08-23 17:34:05,954 | INFO  | SCMAudit | user=jenkins1000 | ip=192.168.69.79 | op=SEND_HEARTBEAT {datanodeUUID=6fbb74d4-a5a3-4cb1-84f5-d8b0772040c1, command=[]} | ret=SUCCESS |  
2019-08-23 17:34:06,484 | INFO  | SCMAudit | user=jenkins1000 | ip=192.168.69.79 | op=SEND_HEARTBEAT {datanodeUUID=c1868ab2-aa15-4f4a-9771-d4fa90467b59, command=[]} | ret=SUCCESS |  
2019-08-23 17:34:06,485 | INFO  | SCMAudit | user=jenkins1000 | ip=192.168.69.79 | op=SEND_HEARTBEAT {datanodeUUID=4a4bc7f8-d7f4-4b72-b368-a22ea43ebd35, command=[]} | ret=SUCCESS |  
2019-08-23 17:34:06,742 | INFO  | SCMAudit | user=jenkins1000 | ip=192.168.69.79 | op=SEND_HEARTBEAT {datanodeUUID=d991310f-591a-4dd6-9fd9-472b08eb9e78, command=[]} | ret=SUCCESS |  
2019-08-23 17:34:06,894 [grpc-default-executor-2] WARN  server.GrpcLogAppender (LogUtils.java:warn(134)) - 876990c2-a61c-4f07-9bf7-f26a19606da0->31967366-836f-459e-918b-b922ad3a04c0: Failed appendEntries: org.apache.ratis.thirdparty.io.grpc.StatusRuntimeException: UNAVAILABLE: io exception
2019-08-23 17:34:06,895 [grpc-default-executor-2] INFO  impl.FollowerInfo (FollowerInfo.java:lambda$new$0(50)) - 876990c2-a61c-4f07-9bf7-f26a19606da0->31967366-836f-459e-918b-b922ad3a04c0: nextIndex: updateUnconditionally 0 -> 0
2019-08-23 17:34:06,954 | INFO  | SCMAudit | user=jenkins1000 | ip=192.168.69.79 | op=SEND_HEARTBEAT {datanodeUUID=6fbb74d4-a5a3-4cb1-84f5-d8b0772040c1, command=[]} | ret=SUCCESS |  
2019-08-23 17:34:06,991 [EventQueue-StaleNodeForStaleNodeHandler] INFO  node.StaleNodeHandler (StaleNodeHandler.java:onMessage(58)) - Datanode 876990c2-a61c-4f07-9bf7-f26a19606da0{ip: 192.168.69.79, host: pr-hdds-1898-mkj97-200540441, networkLocation: /default-rack, certSerialId: null} moved to stale state. Finalizing its pipelines [PipelineID=16b5e0ad-6c09-4563-ad10-c05f37c6532b, PipelineID=90bebacc-638c-4edb-9395-7d984785181d]
2019-08-23 17:34:06,991 [EventQueue-StaleNodeForStaleNodeHandler] INFO  pipeline.SCMPipelineManager (SCMPipelineManager.java:finalizeAndDestroyPipeline(309)) - destroying pipeline:Pipeline[ Id: 16b5e0ad-6c09-4563-ad10-c05f37c6532b, Nodes: 876990c2-a61c-4f07-9bf7-f26a19606da0{ip: 192.168.69.79, host: pr-hdds-1898-mkj97-200540441, networkLocation: /default-rack, certSerialId: null}, Type:RATIS, Factor:ONE, State:OPEN]
2019-08-23 17:34:06,991 [EventQueue-StaleNodeForStaleNodeHandler] INFO  pipeline.PipelineStateManager (PipelineStateManager.java:finalizePipeline(123)) - Pipeline Pipeline[ Id: 16b5e0ad-6c09-4563-ad10-c05f37c6532b, Nodes: 876990c2-a61c-4f07-9bf7-f26a19606da0{ip: 192.168.69.79, host: pr-hdds-1898-mkj97-200540441, networkLocation: /default-rack, certSerialId: null}, Type:RATIS, Factor:ONE, State:CLOSED] moved to CLOSED state
2019-08-23 17:34:06,991 [EventQueue-StaleNodeForStaleNodeHandler] INFO  pipeline.SCMPipelineManager (SCMPipelineManager.java:finalizeAndDestroyPipeline(309)) - destroying pipeline:Pipeline[ Id: 90bebacc-638c-4edb-9395-7d984785181d, Nodes: 31967366-836f-459e-918b-b922ad3a04c0{ip: 192.168.69.79, host: pr-hdds-1898-mkj97-200540441, networkLocation: /default-rack, certSerialId: null}6fbb74d4-a5a3-4cb1-84f5-d8b0772040c1{ip: 192.168.69.79, host: pr-hdds-1898-mkj97-200540441, networkLocation: /default-rack, certSerialId: null}876990c2-a61c-4f07-9bf7-f26a19606da0{ip: 192.168.69.79, host: pr-hdds-1898-mkj97-200540441, networkLocation: /default-rack, certSerialId: null}, Type:RATIS, Factor:THREE, State:CLOSED]
2019-08-23 17:34:07,484 | INFO  | SCMAudit | user=jenkins1000 | ip=192.168.69.79 | op=SEND_HEARTBEAT {datanodeUUID=c1868ab2-aa15-4f4a-9771-d4fa90467b59, command=[]} | ret=SUCCESS |  
2019-08-23 17:34:07,485 | INFO  | SCMAudit | user=jenkins1000 | ip=192.168.69.79 | op=SEND_HEARTBEAT {datanodeUUID=4a4bc7f8-d7f4-4b72-b368-a22ea43ebd35, command=[]} | ret=SUCCESS |  
2019-08-23 17:34:07,491 [EventQueue-StaleNodeForStaleNodeHandler] INFO  node.StaleNodeHandler (StaleNodeHandler.java:onMessage(58)) - Datanode a5230df4-e43a-4560-b8d8-ffa5d1239854{ip: 192.168.69.79, host: pr-hdds-1898-mkj97-200540441, networkLocation: /default-rack, certSerialId: null} moved to stale state. Finalizing its pipelines [PipelineID=c9d4ecab-cbe3-4176-bd59-dd0f07d40551, PipelineID=732778ba-4420-4963-b6e0-23790b55d079]
2019-08-23 17:34:07,491 [EventQueue-StaleNodeForStaleNodeHandler] INFO  pipeline.SCMPipelineManager (SCMPipelineManager.java:finalizeAndDestroyPipeline(309)) - destroying pipeline:Pipeline[ Id: c9d4ecab-cbe3-4176-bd59-dd0f07d40551, Nodes: a5230df4-e43a-4560-b8d8-ffa5d1239854{ip: 192.168.69.79, host: pr-hdds-1898-mkj97-200540441, networkLocation: /default-rack, certSerialId: null}, Type:RATIS, Factor:ONE, State:OPEN]
2019-08-23 17:34:07,492 [EventQueue-StaleNodeForStaleNodeHandler] INFO  pipeline.PipelineStateManager (PipelineStateManager.java:finalizePipeline(123)) - Pipeline Pipeline[ Id: c9d4ecab-cbe3-4176-bd59-dd0f07d40551, Nodes: a5230df4-e43a-4560-b8d8-ffa5d1239854{ip: 192.168.69.79, host: pr-hdds-1898-mkj97-200540441, networkLocation: /default-rack, certSerialId: null}, Type:RATIS, Factor:ONE, State:CLOSED] moved to CLOSED state
2019-08-23 17:34:07,492 [EventQueue-StaleNodeForStaleNodeHandler] INFO  pipeline.SCMPipelineManager (SCMPipelineManager.java:finalizeAndDestroyPipeline(309)) - destroying pipeline:Pipeline[ Id: 732778ba-4420-4963-b6e0-23790b55d079, Nodes: a5230df4-e43a-4560-b8d8-ffa5d1239854{ip: 192.168.69.79, host: pr-hdds-1898-mkj97-200540441, networkLocation: /default-rack, certSerialId: null}4a4bc7f8-d7f4-4b72-b368-a22ea43ebd35{ip: 192.168.69.79, host: pr-hdds-1898-mkj97-200540441, networkLocation: /default-rack, certSerialId: null}c1868ab2-aa15-4f4a-9771-d4fa90467b59{ip: 192.168.69.79, host: pr-hdds-1898-mkj97-200540441, networkLocation: /default-rack, certSerialId: null}, Type:RATIS, Factor:THREE, State:OPEN]
2019-08-23 17:34:07,492 [EventQueue-StaleNodeForStaleNodeHandler] INFO  pipeline.PipelineStateManager (PipelineStateManager.java:finalizePipeline(123)) - Pipeline Pipeline[ Id: 732778ba-4420-4963-b6e0-23790b55d079, Nodes: a5230df4-e43a-4560-b8d8-ffa5d1239854{ip: 192.168.69.79, host: pr-hdds-1898-mkj97-200540441, networkLocation: /default-rack, certSerialId: null}4a4bc7f8-d7f4-4b72-b368-a22ea43ebd35{ip: 192.168.69.79, host: pr-hdds-1898-mkj97-200540441, networkLocation: /default-rack, certSerialId: null}c1868ab2-aa15-4f4a-9771-d4fa90467b59{ip: 192.168.69.79, host: pr-hdds-1898-mkj97-200540441, networkLocation: /default-rack, certSerialId: null}, Type:RATIS, Factor:THREE, State:CLOSED] moved to CLOSED state
2019-08-23 17:34:07,492 [EventQueue-CloseContainerForCloseContainerEventHandler] INFO  container.CloseContainerEventHandler (CloseContainerEventHandler.java:onMessage(61)) - Close container Event triggered for container : #2
2019-08-23 17:34:07,705 [main] INFO  ozoneimpl.OzoneContainer (OzoneContainer.java:stop(199)) - Attempting to stop container services.
2019-08-23 17:34:07,705 [ForkJoinPool.commonPool-worker-0] INFO  ozoneimpl.OzoneContainer (OzoneContainer.java:stop(199)) - Attempting to stop container services.
2019-08-23 17:34:07,706 [main] INFO  impl.RaftServerProxy (RaftServerProxy.java:lambda$close$4(314)) - 876990c2-a61c-4f07-9bf7-f26a19606da0: close
2019-08-23 17:34:07,706 [ForkJoinPool.commonPool-worker-0] INFO  impl.RaftServerProxy (RaftServerProxy.java:lambda$close$4(314)) - a5230df4-e43a-4560-b8d8-ffa5d1239854: close
2019-08-23 17:34:07,706 [main] INFO  impl.RaftServerImpl (RaftServerImpl.java:lambda$shutdown$3(245)) - 876990c2-a61c-4f07-9bf7-f26a19606da0: shutdown group-C05F37C6532B
2019-08-23 17:34:07,706 [ForkJoinPool.commonPool-worker-0] INFO  impl.RaftServerImpl (RaftServerImpl.java:lambda$shutdown$3(245)) - a5230df4-e43a-4560-b8d8-ffa5d1239854: shutdown group-DD0F07D40551
2019-08-23 17:34:07,707 [main] INFO  util.JmxRegister (JmxRegister.java:unregister(73)) - Successfully un-registered JMX Bean with object name Ratis:service=RaftServer,group=group-C05F37C6532B,id=876990c2-a61c-4f07-9bf7-f26a19606da0
2019-08-23 17:34:07,707 [ForkJoinPool.commonPool-worker-0] INFO  util.JmxRegister (JmxRegister.java:unregister(73)) - Successfully un-registered JMX Bean with object name Ratis:service=RaftServer,group=group-DD0F07D40551,id=a5230df4-e43a-4560-b8d8-ffa5d1239854
2019-08-23 17:34:07,707 [main] INFO  impl.RoleInfo (RoleInfo.java:shutdownLeaderState(104)) - 876990c2-a61c-4f07-9bf7-f26a19606da0: shutdown LeaderState
2019-08-23 17:34:07,707 [ForkJoinPool.commonPool-worker-0] INFO  impl.RoleInfo (RoleInfo.java:shutdownLeaderState(104)) - a5230df4-e43a-4560-b8d8-ffa5d1239854: shutdown LeaderState
2019-08-23 17:34:07,708 [main] INFO  impl.PendingRequests (PendingRequests.java:sendNotLeaderResponses(202)) - 876990c2-a61c-4f07-9bf7-f26a19606da0-PendingRequests: sendNotLeaderResponses
2019-08-23 17:34:07,708 [ForkJoinPool.commonPool-worker-0] INFO  impl.PendingRequests (PendingRequests.java:sendNotLeaderResponses(202)) - a5230df4-e43a-4560-b8d8-ffa5d1239854-PendingRequests: sendNotLeaderResponses
2019-08-23 17:34:07,708 [main] INFO  impl.StateMachineUpdater (StateMachineUpdater.java:stopAndJoin(115)) - StateMachineUpdater:876990c2-a61c-4f07-9bf7-f26a19606da0:group-C05F37C6532B: set stopIndex = 0
2019-08-23 17:34:07,708 [ForkJoinPool.commonPool-worker-0] INFO  impl.StateMachineUpdater (StateMachineUpdater.java:stopAndJoin(115)) - StateMachineUpdater:a5230df4-e43a-4560-b8d8-ffa5d1239854:group-DD0F07D40551: set stopIndex = 0
2019-08-23 17:34:07,708 [main] INFO  impl.RaftServerImpl (ServerState.java:close(394)) - 876990c2-a61c-4f07-9bf7-f26a19606da0:group-C05F37C6532B closes. The last applied log index is 0
2019-08-23 17:34:07,709 [ForkJoinPool.commonPool-worker-0] INFO  impl.RaftServerImpl (ServerState.java:close(394)) - a5230df4-e43a-4560-b8d8-ffa5d1239854:group-DD0F07D40551 closes. The last applied log index is 0
2019-08-23 17:34:07,709 [876990c2-a61c-4f07-9bf7-f26a19606da0-SegmentedRaftLogWorker:Storage Directory /workdir/hadoop-ozone/integration-test/target/test-dir/MiniOzoneClusterImpl-8a58fefa-0c45-49f9-a99a-9d96e5fc94fa/datanode-3/data/ratis/16b5e0ad-6c09-4563-ad10-c05f37c6532b] INFO  segmented.SegmentedRaftLogWorker (SegmentedRaftLogWorker.java:run(313)) - 876990c2-a61c-4f07-9bf7-f26a19606da0-SegmentedRaftLogWorker:Storage Directory /workdir/hadoop-ozone/integration-test/target/test-dir/MiniOzoneClusterImpl-8a58fefa-0c45-49f9-a99a-9d96e5fc94fa/datanode-3/data/ratis/16b5e0ad-6c09-4563-ad10-c05f37c6532b was interrupted, exiting. There are 0 tasks remaining in the queue.
2019-08-23 17:34:07,709 [a5230df4-e43a-4560-b8d8-ffa5d1239854-SegmentedRaftLogWorker:Storage Directory /workdir/hadoop-ozone/integration-test/target/test-dir/MiniOzoneClusterImpl-8a58fefa-0c45-49f9-a99a-9d96e5fc94fa/datanode-1/data/ratis/c9d4ecab-cbe3-4176-bd59-dd0f07d40551] INFO  segmented.SegmentedRaftLogWorker (SegmentedRaftLogWorker.java:run(313)) - a5230df4-e43a-4560-b8d8-ffa5d1239854-SegmentedRaftLogWorker:Storage Directory /workdir/hadoop-ozone/integration-test/target/test-dir/MiniOzoneClusterImpl-8a58fefa-0c45-49f9-a99a-9d96e5fc94fa/datanode-1/data/ratis/c9d4ecab-cbe3-4176-bd59-dd0f07d40551 was interrupted, exiting. There are 0 tasks remaining in the queue.
2019-08-23 17:34:07,712 [main] INFO  segmented.SegmentedRaftLogWorker (SegmentedRaftLogWorker.java:close(228)) - 876990c2-a61c-4f07-9bf7-f26a19606da0-SegmentedRaftLogWorker:Storage Directory /workdir/hadoop-ozone/integration-test/target/test-dir/MiniOzoneClusterImpl-8a58fefa-0c45-49f9-a99a-9d96e5fc94fa/datanode-3/data/ratis/16b5e0ad-6c09-4563-ad10-c05f37c6532b close()
2019-08-23 17:34:07,712 [ForkJoinPool.commonPool-worker-0] INFO  segmented.SegmentedRaftLogWorker (SegmentedRaftLogWorker.java:close(228)) - a5230df4-e43a-4560-b8d8-ffa5d1239854-SegmentedRaftLogWorker:Storage Directory /workdir/hadoop-ozone/integration-test/target/test-dir/MiniOzoneClusterImpl-8a58fefa-0c45-49f9-a99a-9d96e5fc94fa/datanode-1/data/ratis/c9d4ecab-cbe3-4176-bd59-dd0f07d40551 close()
2019-08-23 17:34:07,714 [main] INFO  impl.RaftServerImpl (RaftServerImpl.java:lambda$shutdown$3(245)) - 876990c2-a61c-4f07-9bf7-f26a19606da0: shutdown group-7D984785181D
2019-08-23 17:34:07,717 [ForkJoinPool.commonPool-worker-0] INFO  impl.RaftServerImpl (RaftServerImpl.java:lambda$shutdown$3(245)) - a5230df4-e43a-4560-b8d8-ffa5d1239854: shutdown group-23790B55D079
2019-08-23 17:34:07,717 [main] INFO  util.JmxRegister (JmxRegister.java:unregister(73)) - Successfully un-registered JMX Bean with object name Ratis:service=RaftServer,group=group-7D984785181D,id=876990c2-a61c-4f07-9bf7-f26a19606da0
2019-08-23 17:34:07,717 [ForkJoinPool.commonPool-worker-0] INFO  util.JmxRegister (JmxRegister.java:unregister(73)) - Successfully un-registered JMX Bean with object name Ratis:service=RaftServer,group=group-23790B55D079,id=a5230df4-e43a-4560-b8d8-ffa5d1239854
2019-08-23 17:34:07,717 [main] INFO  impl.RoleInfo (RoleInfo.java:shutdownLeaderState(104)) - 876990c2-a61c-4f07-9bf7-f26a19606da0: shutdown LeaderState
2019-08-23 17:34:07,717 [ForkJoinPool.commonPool-worker-0] INFO  impl.RoleInfo (RoleInfo.java:shutdownLeaderState(104)) - a5230df4-e43a-4560-b8d8-ffa5d1239854: shutdown LeaderState
2019-08-23 17:34:07,720 [org.apache.ratis.server.impl.LogAppender$AppenderDaemon$$Lambda$461/1674916918@6934695c] WARN  server.GrpcLogAppender (GrpcLogAppender.java:mayWait(143)) - GrpcLogAppender(876990c2-a61c-4f07-9bf7-f26a19606da0->31967366-836f-459e-918b-b922ad3a04c0): Wait interrupted by java.lang.InterruptedException
2019-08-23 17:34:07,722 [ForkJoinPool.commonPool-worker-0] INFO  impl.PendingRequests (PendingRequests.java:sendNotLeaderResponses(202)) - a5230df4-e43a-4560-b8d8-ffa5d1239854-PendingRequests: sendNotLeaderResponses
2019-08-23 17:34:07,720 [org.apache.ratis.server.impl.LogAppender$AppenderDaemon$$Lambda$461/1674916918@2b3c04a2] WARN  server.GrpcLogAppender (GrpcLogAppender.java:mayWait(143)) - GrpcLogAppender(876990c2-a61c-4f07-9bf7-f26a19606da0->6fbb74d4-a5a3-4cb1-84f5-d8b0772040c1): Wait interrupted by java.lang.InterruptedException
2019-08-23 17:34:07,720 [main] INFO  impl.PendingRequests (PendingRequests.java:sendNotLeaderResponses(202)) - 876990c2-a61c-4f07-9bf7-f26a19606da0-PendingRequests: sendNotLeaderResponses
2019-08-23 17:34:07,725 [StateMachineUpdater:a5230df4-e43a-4560-b8d8-ffa5d1239854:group-23790B55D079] INFO  ratis.ContainerStateMachine (ContainerStateMachine.java:takeSnapshot(283)) - group-23790B55D079: Taking a snapshot at:(t:1, i:14) file /workdir/hadoop-ozone/integration-test/target/test-dir/MiniOzoneClusterImpl-8a58fefa-0c45-49f9-a99a-9d96e5fc94fa/datanode-1/data/ratis/732778ba-4420-4963-b6e0-23790b55d079/sm/snapshot.1_14
2019-08-23 17:34:07,725 [ForkJoinPool.commonPool-worker-0] INFO  impl.StateMachineUpdater (StateMachineUpdater.java:stopAndJoin(115)) - StateMachineUpdater:a5230df4-e43a-4560-b8d8-ffa5d1239854:group-23790B55D079: set stopIndex = 15
2019-08-23 17:34:07,722 [org.apache.ratis.server.impl.LogAppender$AppenderDaemon$$Lambda$461/1674916918@6905cb6] WARN  server.GrpcLogAppender (GrpcLogAppender.java:mayWait(143)) - GrpcLogAppender(a5230df4-e43a-4560-b8d8-ffa5d1239854->c1868ab2-aa15-4f4a-9771-d4fa90467b59): Wait interrupted by java.lang.InterruptedException
2019-08-23 17:34:07,722 [org.apache.ratis.server.impl.LogAppender$AppenderDaemon$$Lambda$461/1674916918@4392caa0] WARN  server.GrpcLogAppender (GrpcLogAppender.java:mayWait(143)) - GrpcLogAppender(a5230df4-e43a-4560-b8d8-ffa5d1239854->4a4bc7f8-d7f4-4b72-b368-a22ea43ebd35): Wait interrupted by java.lang.InterruptedException
2019-08-23 17:34:07,726 [grpc-default-executor-2] INFO  server.GrpcServerProtocolService (GrpcServerProtocolService.java:onCompleted(104)) - 6fbb74d4-a5a3-4cb1-84f5-d8b0772040c1: appendEntries completed
2019-08-23 17:34:07,726 [StateMachineUpdater:876990c2-a61c-4f07-9bf7-f26a19606da0:group-7D984785181D] INFO  ratis.ContainerStateMachine (ContainerStateMachine.java:takeSnapshot(283)) - group-7D984785181D: Taking a snapshot at:(t:1, i:13) file /workdir/hadoop-ozone/integration-test/target/test-dir/MiniOzoneClusterImpl-8a58fefa-0c45-49f9-a99a-9d96e5fc94fa/datanode-3/data/ratis/90bebacc-638c-4edb-9395-7d984785181d/sm/snapshot.1_13
2019-08-23 17:34:07,726 [main] INFO  impl.StateMachineUpdater (StateMachineUpdater.java:stopAndJoin(115)) - StateMachineUpdater:876990c2-a61c-4f07-9bf7-f26a19606da0:group-7D984785181D: set stopIndex = 17
2019-08-23 17:34:07,727 [grpc-default-executor-5] INFO  server.GrpcLogAppender (GrpcLogAppender.java:onCompleted(292)) - 876990c2-a61c-4f07-9bf7-f26a19606da0->6fbb74d4-a5a3-4cb1-84f5-d8b0772040c1: follower responses appendEntries COMPLETED
2019-08-23 17:34:07,727 [grpc-default-executor-2] INFO  server.GrpcServerProtocolService (GrpcServerProtocolService.java:onCompleted(104)) - 4a4bc7f8-d7f4-4b72-b368-a22ea43ebd35: appendEntries completed
2019-08-23 17:34:07,727 [grpc-default-executor-5] INFO  impl.FollowerInfo (FollowerInfo.java:lambda$new$0(50)) - 876990c2-a61c-4f07-9bf7-f26a19606da0->6fbb74d4-a5a3-4cb1-84f5-d8b0772040c1: nextIndex: updateUnconditionally 18 -> 17
2019-08-23 17:34:07,726 [grpc-default-executor-6] INFO  server.GrpcServerProtocolService (GrpcServerProtocolService.java:onCompleted(104)) - c1868ab2-aa15-4f4a-9771-d4fa90467b59: appendEntries completed
2019-08-23 17:34:07,727 [grpc-default-executor-5] INFO  server.GrpcLogAppender (GrpcLogAppender.java:onCompleted(292)) - a5230df4-e43a-4560-b8d8-ffa5d1239854->4a4bc7f8-d7f4-4b72-b368-a22ea43ebd35: follower responses appendEntries COMPLETED
2019-08-23 17:34:07,727 [grpc-default-executor-5] INFO  impl.FollowerInfo (FollowerInfo.java:lambda$new$0(50)) - a5230df4-e43a-4560-b8d8-ffa5d1239854->4a4bc7f8-d7f4-4b72-b368-a22ea43ebd35: nextIndex: updateUnconditionally 16 -> 15
2019-08-23 17:34:07,728 [grpc-default-executor-5] INFO  server.GrpcLogAppender (GrpcLogAppender.java:onCompleted(292)) - a5230df4-e43a-4560-b8d8-ffa5d1239854->c1868ab2-aa15-4f4a-9771-d4fa90467b59: follower responses appendEntries COMPLETED
2019-08-23 17:34:07,728 [grpc-default-executor-5] INFO  impl.FollowerInfo (FollowerInfo.java:lambda$new$0(50)) - a5230df4-e43a-4560-b8d8-ffa5d1239854->c1868ab2-aa15-4f4a-9771-d4fa90467b59: nextIndex: updateUnconditionally 16 -> 15
2019-08-23 17:34:07,739 [StateMachineUpdater:876990c2-a61c-4f07-9bf7-f26a19606da0:group-7D984785181D] INFO  ratis.ContainerStateMachine (ContainerStateMachine.java:takeSnapshot(294)) - group-7D984785181D: Finished taking a snapshot at:(t:1, i:13) file:/workdir/hadoop-ozone/integration-test/target/test-dir/MiniOzoneClusterImpl-8a58fefa-0c45-49f9-a99a-9d96e5fc94fa/datanode-3/data/ratis/90bebacc-638c-4edb-9395-7d984785181d/sm/snapshot.1_13 time:12
2019-08-23 17:34:07,739 [StateMachineUpdater:876990c2-a61c-4f07-9bf7-f26a19606da0:group-7D984785181D] INFO  impl.StateMachineUpdater (StateMachineUpdater.java:takeSnapshot(242)) - StateMachineUpdater:876990c2-a61c-4f07-9bf7-f26a19606da0:group-7D984785181D: Took a snapshot at index 13
2019-08-23 17:34:07,739 [StateMachineUpdater:a5230df4-e43a-4560-b8d8-ffa5d1239854:group-23790B55D079] INFO  ratis.ContainerStateMachine (ContainerStateMachine.java:takeSnapshot(294)) - group-23790B55D079: Finished taking a snapshot at:(t:1, i:14) file:/workdir/hadoop-ozone/integration-test/target/test-dir/MiniOzoneClusterImpl-8a58fefa-0c45-49f9-a99a-9d96e5fc94fa/datanode-1/data/ratis/732778ba-4420-4963-b6e0-23790b55d079/sm/snapshot.1_14 time:14
2019-08-23 17:34:07,739 [StateMachineUpdater:876990c2-a61c-4f07-9bf7-f26a19606da0:group-7D984785181D] INFO  impl.StateMachineUpdater (StateMachineUpdater.java:lambda$new$0(80)) - StateMachineUpdater:876990c2-a61c-4f07-9bf7-f26a19606da0:group-7D984785181D: snapshotIndex: updateIncreasingly -1 -> 13
2019-08-23 17:34:07,739 [StateMachineUpdater:a5230df4-e43a-4560-b8d8-ffa5d1239854:group-23790B55D079] INFO  impl.StateMachineUpdater (StateMachineUpdater.java:takeSnapshot(242)) - StateMachineUpdater:a5230df4-e43a-4560-b8d8-ffa5d1239854:group-23790B55D079: Took a snapshot at index 14
2019-08-23 17:34:07,739 [StateMachineUpdater:a5230df4-e43a-4560-b8d8-ffa5d1239854:group-23790B55D079] INFO  impl.StateMachineUpdater (StateMachineUpdater.java:lambda$new$0(80)) - StateMachineUpdater:a5230df4-e43a-4560-b8d8-ffa5d1239854:group-23790B55D079: snapshotIndex: updateIncreasingly -1 -> 14
2019-08-23 17:34:07,739 [main] INFO  impl.RaftServerImpl (ServerState.java:close(394)) - 876990c2-a61c-4f07-9bf7-f26a19606da0:group-7D984785181D closes. The last applied log index is 17
2019-08-23 17:34:07,739 [ForkJoinPool.commonPool-worker-0] INFO  impl.RaftServerImpl (ServerState.java:close(394)) - a5230df4-e43a-4560-b8d8-ffa5d1239854:group-23790B55D079 closes. The last applied log index is 15
2019-08-23 17:34:07,740 [876990c2-a61c-4f07-9bf7-f26a19606da0-SegmentedRaftLogWorker:Storage Directory /workdir/hadoop-ozone/integration-test/target/test-dir/MiniOzoneClusterImpl-8a58fefa-0c45-49f9-a99a-9d96e5fc94fa/datanode-3/data/ratis/90bebacc-638c-4edb-9395-7d984785181d] INFO  segmented.SegmentedRaftLogWorker (SegmentedRaftLogWorker.java:run(313)) - 876990c2-a61c-4f07-9bf7-f26a19606da0-SegmentedRaftLogWorker:Storage Directory /workdir/hadoop-ozone/integration-test/target/test-dir/MiniOzoneClusterImpl-8a58fefa-0c45-49f9-a99a-9d96e5fc94fa/datanode-3/data/ratis/90bebacc-638c-4edb-9395-7d984785181d was interrupted, exiting. There are 0 tasks remaining in the queue.
2019-08-23 17:34:07,740 [a5230df4-e43a-4560-b8d8-ffa5d1239854-SegmentedRaftLogWorker:Storage Directory /workdir/hadoop-ozone/integration-test/target/test-dir/MiniOzoneClusterImpl-8a58fefa-0c45-49f9-a99a-9d96e5fc94fa/datanode-1/data/ratis/732778ba-4420-4963-b6e0-23790b55d079] INFO  segmented.SegmentedRaftLogWorker (SegmentedRaftLogWorker.java:run(313)) - a5230df4-e43a-4560-b8d8-ffa5d1239854-SegmentedRaftLogWorker:Storage Directory /workdir/hadoop-ozone/integration-test/target/test-dir/MiniOzoneClusterImpl-8a58fefa-0c45-49f9-a99a-9d96e5fc94fa/datanode-1/data/ratis/732778ba-4420-4963-b6e0-23790b55d079 was interrupted, exiting. There are 0 tasks remaining in the queue.
2019-08-23 17:34:07,741 [main] INFO  segmented.SegmentedRaftLogWorker (SegmentedRaftLogWorker.java:close(228)) - 876990c2-a61c-4f07-9bf7-f26a19606da0-SegmentedRaftLogWorker:Storage Directory /workdir/hadoop-ozone/integration-test/target/test-dir/MiniOzoneClusterImpl-8a58fefa-0c45-49f9-a99a-9d96e5fc94fa/datanode-3/data/ratis/90bebacc-638c-4edb-9395-7d984785181d close()
2019-08-23 17:34:07,743 [ForkJoinPool.commonPool-worker-0] INFO  segmented.SegmentedRaftLogWorker (SegmentedRaftLogWorker.java:close(228)) - a5230df4-e43a-4560-b8d8-ffa5d1239854-SegmentedRaftLogWorker:Storage Directory /workdir/hadoop-ozone/integration-test/target/test-dir/MiniOzoneClusterImpl-8a58fefa-0c45-49f9-a99a-9d96e5fc94fa/datanode-1/data/ratis/732778ba-4420-4963-b6e0-23790b55d079 close()
2019-08-23 17:34:07,745 | INFO  | SCMAudit | user=jenkins1000 | ip=192.168.69.79 | op=SEND_HEARTBEAT {datanodeUUID=d991310f-591a-4dd6-9fd9-472b08eb9e78, command=[]} | ret=SUCCESS |  
2019-08-23 17:34:07,745 [main] INFO  server.GrpcService (GrpcService.java:closeImpl(155)) - 876990c2-a61c-4f07-9bf7-f26a19606da0: shutdown server with port 38348 now
2019-08-23 17:34:07,748 [ForkJoinPool.commonPool-worker-0] INFO  server.GrpcService (GrpcService.java:closeImpl(155)) - a5230df4-e43a-4560-b8d8-ffa5d1239854: shutdown server with port 44378 now
2019-08-23 17:34:07,748 [main] INFO  server.GrpcService (GrpcService.java:closeImpl(163)) - 876990c2-a61c-4f07-9bf7-f26a19606da0: shutdown server with port 38348 successfully
2019-08-23 17:34:07,748 [grpc-default-executor-6] WARN  client.GrpcClientProtocolService (LogUtils.java:warn(134)) - 1-UnorderedRequestStreamObserver1: onError: org.apache.ratis.thirdparty.io.grpc.StatusRuntimeException: CANCELLED: cancelled before receiving half close
2019-08-23 17:34:07,748 [ForkJoinPool.commonPool-worker-0] INFO  server.GrpcService (GrpcService.java:closeImpl(163)) - a5230df4-e43a-4560-b8d8-ffa5d1239854: shutdown server with port 44378 successfully
2019-08-23 17:34:07,749 [main] INFO  utils.BackgroundService (BackgroundService.java:shutdown(148)) - Shutting down service BlockDeletingService
2019-08-23 17:34:07,750 [refreshUsed-/workdir/hadoop-ozone/integration-test/target/test-dir/MiniOzoneClusterImpl-8a58fefa-0c45-49f9-a99a-9d96e5fc94fa/datanode-3/data/containers] WARN  fs.CachingGetSpaceUsed (CachingGetSpaceUsed.java:run(183)) - Thread Interrupted waiting to refresh disk information: sleep interrupted
2019-08-23 17:34:07,753 [ForkJoinPool.commonPool-worker-0] INFO  utils.BackgroundService (BackgroundService.java:shutdown(148)) - Shutting down service BlockDeletingService
2019-08-23 17:34:07,755 [refreshUsed-/workdir/hadoop-ozone/integration-test/target/test-dir/MiniOzoneClusterImpl-8a58fefa-0c45-49f9-a99a-9d96e5fc94fa/datanode-1/data/containers] WARN  fs.CachingGetSpaceUsed (CachingGetSpaceUsed.java:run(183)) - Thread Interrupted waiting to refresh disk information: sleep interrupted
2019-08-23 17:34:07,769 [ForkJoinPool.commonPool-worker-0] INFO  statemachine.DatanodeStateMachine (DatanodeStateMachine.java:stopDaemon(395)) - Ozone container server stopped.
2019-08-23 17:34:07,773 [ForkJoinPool.commonPool-worker-0] INFO  handler.ContextHandler (ContextHandler.java:doStop(910)) - Stopped o.e.j.w.WebAppContext@87cb1d8{/,null,UNAVAILABLE}{/hddsDatanode}
2019-08-23 17:34:07,773 [ForkJoinPool.commonPool-worker-0] INFO  server.AbstractConnector (AbstractConnector.java:doStop(318)) - Stopped ServerConnector@14d7a962{HTTP/1.1,[http/1.1]}{0.0.0.0:0}
2019-08-23 17:34:07,774 [ForkJoinPool.commonPool-worker-0] INFO  handler.ContextHandler (ContextHandler.java:doStop(910)) - Stopped o.e.j.s.ServletContextHandler@4d65fbad{/static,jar:file:/home/user/.m2/repository/org/apache/hadoop/hadoop-hdds-container-service/0.5.0-SNAPSHOT/hadoop-hdds-container-service-0.5.0-SNAPSHOT.jar!/webapps/static,UNAVAILABLE}
2019-08-23 17:34:07,775 [ForkJoinPool.commonPool-worker-0] INFO  handler.ContextHandler (ContextHandler.java:doStop(910)) - Stopped o.e.j.s.ServletContextHandler@197c3101{/logs,file:///workdir/hadoop-ozone/integration-test/target/log,UNAVAILABLE}
2019-08-23 17:34:07,776 [ForkJoinPool.commonPool-worker-0] INFO  datanode.ObjectStoreHandler (ObjectStoreHandler.java:close(155)) - Closing ObjectStoreHandler.
2019-08-23 17:34:07,776 [ForkJoinPool.commonPool-worker-0] INFO  ozone.HddsDatanodeService (HddsDatanodeService.java:stop(451)) - Stopped plug-in org.apache.hadoop.ozone.web.OzoneHddsDatanodeService@45c270f9
2019-08-23 17:34:07,781 [main] INFO  statemachine.DatanodeStateMachine (DatanodeStateMachine.java:stopDaemon(395)) - Ozone container server stopped.
2019-08-23 17:34:07,782 [main] INFO  handler.ContextHandler (ContextHandler.java:doStop(910)) - Stopped o.e.j.w.WebAppContext@6b862f17{/,null,UNAVAILABLE}{/hddsDatanode}
2019-08-23 17:34:07,783 [main] INFO  server.AbstractConnector (AbstractConnector.java:doStop(318)) - Stopped ServerConnector@7e3b101b{HTTP/1.1,[http/1.1]}{0.0.0.0:0}
2019-08-23 17:34:07,783 [main] INFO  handler.ContextHandler (ContextHandler.java:doStop(910)) - Stopped o.e.j.s.ServletContextHandler@27879518{/static,jar:file:/home/user/.m2/repository/org/apache/hadoop/hadoop-hdds-container-service/0.5.0-SNAPSHOT/hadoop-hdds-container-service-0.5.0-SNAPSHOT.jar!/webapps/static,UNAVAILABLE}
2019-08-23 17:34:07,784 [main] INFO  handler.ContextHandler (ContextHandler.java:doStop(910)) - Stopped o.e.j.s.ServletContextHandler@7baf7a9d{/logs,file:///workdir/hadoop-ozone/integration-test/target/log,UNAVAILABLE}
2019-08-23 17:34:07,785 [main] INFO  datanode.ObjectStoreHandler (ObjectStoreHandler.java:close(155)) - Closing ObjectStoreHandler.
2019-08-23 17:34:07,785 [main] INFO  ozone.HddsDatanodeService (HddsDatanodeService.java:stop(451)) - Stopped plug-in org.apache.hadoop.ozone.web.OzoneHddsDatanodeService@13e76a91
2019-08-23 17:34:07,954 | INFO  | SCMAudit | user=jenkins1000 | ip=192.168.69.79 | op=SEND_HEARTBEAT {datanodeUUID=6fbb74d4-a5a3-4cb1-84f5-d8b0772040c1, command=[]} | ret=SUCCESS |  
2019-08-23 17:34:08,484 [Datanode State Machine Thread - 0] INFO  statemachine.DatanodeStateMachine (DatanodeStateMachine.java:lambda$startDaemon$0(350)) - Ozone container server started.
2019-08-23 17:34:08,485 | INFO  | SCMAudit | user=jenkins1000 | ip=192.168.69.79 | op=SEND_HEARTBEAT {datanodeUUID=c1868ab2-aa15-4f4a-9771-d4fa90467b59, command=[commandType: closeContainerCommand closeContainerCommandProto { containerID: 2 pipelineID { id: "732778ba-4420-4963-b6e0-23790b55d079" } cmdId: 2 force: false } ]} | ret=SUCCESS |  
2019-08-23 17:34:08,743 [Datanode State Machine Thread - 0] INFO  statemachine.DatanodeStateMachine (DatanodeStateMachine.java:lambda$startDaemon$0(350)) - Ozone container server started.
2019-08-23 17:34:08,955 | INFO  | SCMAudit | user=jenkins1000 | ip=192.168.69.79 | op=SEND_HEARTBEAT {datanodeUUID=6fbb74d4-a5a3-4cb1-84f5-d8b0772040c1, command=[]} | ret=SUCCESS |  
2019-08-23 17:34:09,484 | INFO  | SCMAudit | user=jenkins1000 | ip=192.168.69.79 | op=SEND_HEARTBEAT {datanodeUUID=c1868ab2-aa15-4f4a-9771-d4fa90467b59, command=[]} | ret=SUCCESS |  
2019-08-23 17:34:09,955 | INFO  | SCMAudit | user=jenkins1000 | ip=192.168.69.79 | op=SEND_HEARTBEAT {datanodeUUID=6fbb74d4-a5a3-4cb1-84f5-d8b0772040c1, command=[]} | ret=SUCCESS |  
2019-08-23 17:34:10,484 | INFO  | SCMAudit | user=jenkins1000 | ip=192.168.69.79 | op=SEND_HEARTBEAT {datanodeUUID=c1868ab2-aa15-4f4a-9771-d4fa90467b59, command=[]} | ret=SUCCESS |  
2019-08-23 17:34:10,500 | INFO  | SCMAudit | user=jenkins1000 | ip=192.168.69.79 | op=SEND_HEARTBEAT {datanodeUUID=c1868ab2-aa15-4f4a-9771-d4fa90467b59, command=[]} | ret=SUCCESS |  
2019-08-23 17:34:10,955 | INFO  | SCMAudit | user=jenkins1000 | ip=192.168.69.79 | op=SEND_HEARTBEAT {datanodeUUID=6fbb74d4-a5a3-4cb1-84f5-d8b0772040c1, command=[]} | ret=SUCCESS |  
2019-08-23 17:34:11,500 | INFO  | SCMAudit | user=jenkins1000 | ip=192.168.69.79 | op=SEND_HEARTBEAT {datanodeUUID=c1868ab2-aa15-4f4a-9771-d4fa90467b59, command=[]} | ret=SUCCESS |  
2019-08-23 17:34:11,955 | INFO  | SCMAudit | user=jenkins1000 | ip=192.168.69.79 | op=SEND_HEARTBEAT {datanodeUUID=6fbb74d4-a5a3-4cb1-84f5-d8b0772040c1, command=[]} | ret=SUCCESS |  
2019-08-23 17:34:12,038 [Thread-3733] INFO  impl.FollowerState (FollowerState.java:run(106)) - 6fbb74d4-a5a3-4cb1-84f5-d8b0772040c1:group-7D984785181D changes to CANDIDATE, lastRpcTime:5143, electionTimeout:5069ms
2019-08-23 17:34:12,038 [Thread-3733] INFO  impl.RoleInfo (RoleInfo.java:shutdownFollowerState(121)) - 6fbb74d4-a5a3-4cb1-84f5-d8b0772040c1: shutdown FollowerState
2019-08-23 17:34:12,038 [Thread-3733] INFO  impl.RaftServerImpl (RaftServerImpl.java:setRole(171)) - 6fbb74d4-a5a3-4cb1-84f5-d8b0772040c1:group-7D984785181D changes role from FOLLOWER to CANDIDATE at term 2 for changeToCandidate
2019-08-23 17:34:12,038 [Thread-3733] INFO  impl.RoleInfo (RoleInfo.java:updateAndGet(143)) - 6fbb74d4-a5a3-4cb1-84f5-d8b0772040c1: start LeaderElection
2019-08-23 17:34:12,041 [6fbb74d4-a5a3-4cb1-84f5-d8b0772040c1:group-7D984785181D:LeaderElection75] INFO  impl.RaftServerImpl (ServerState.java:setLeader(263)) - 6fbb74d4-a5a3-4cb1-84f5-d8b0772040c1:group-7D984785181D change Leader from 876990c2-a61c-4f07-9bf7-f26a19606da0 to null at term 2 for initElection
2019-08-23 17:34:12,054 [6fbb74d4-a5a3-4cb1-84f5-d8b0772040c1:group-7D984785181D:LeaderElection75] INFO  impl.LeaderElection (LeaderElection.java:askForVotes(181)) - 6fbb74d4-a5a3-4cb1-84f5-d8b0772040c1:group-7D984785181D:LeaderElection75: begin an election at term 3 for 16: [6fbb74d4-a5a3-4cb1-84f5-d8b0772040c1:192.168.69.79:33633, 31967366-836f-459e-918b-b922ad3a04c0:192.168.69.79:38687, 876990c2-a61c-4f07-9bf7-f26a19606da0:192.168.69.79:38348], old=null
2019-08-23 17:34:12,056 [6fbb74d4-a5a3-4cb1-84f5-d8b0772040c1:group-7D984785181D:LeaderElection75] INFO  impl.LeaderElection (LogUtils.java:infoOrTrace(149)) - 6fbb74d4-a5a3-4cb1-84f5-d8b0772040c1:group-7D984785181D:LeaderElection75 got exception when requesting votes: {}
java.util.concurrent.ExecutionException: org.apache.ratis.thirdparty.io.grpc.StatusRuntimeException: UNAVAILABLE: io exception
	at java.util.concurrent.FutureTask.report(FutureTask.java:122)
	at java.util.concurrent.FutureTask.get(FutureTask.java:192)
	at org.apache.ratis.server.impl.LeaderElection.waitForResults(LeaderElection.java:262)
	at org.apache.ratis.server.impl.LeaderElection.askForVotes(LeaderElection.java:200)
	at org.apache.ratis.server.impl.LeaderElection.run(LeaderElection.java:130)
	at java.lang.Thread.run(Thread.java:748)
Caused by: org.apache.ratis.thirdparty.io.grpc.StatusRuntimeException: UNAVAILABLE: io exception
	at org.apache.ratis.thirdparty.io.grpc.stub.ClientCalls.toStatusRuntimeException(ClientCalls.java:233)
	at org.apache.ratis.thirdparty.io.grpc.stub.ClientCalls.getUnchecked(ClientCalls.java:214)
	at org.apache.ratis.thirdparty.io.grpc.stub.ClientCalls.blockingUnaryCall(ClientCalls.java:139)
	at org.apache.ratis.proto.grpc.RaftServerProtocolServiceGrpc$RaftServerProtocolServiceBlockingStub.requestVote(RaftServerProtocolServiceGrpc.java:265)
	at org.apache.ratis.grpc.server.GrpcServerProtocolClient.requestVote(GrpcServerProtocolClient.java:83)
	at org.apache.ratis.grpc.server.GrpcService.requestVote(GrpcService.java:195)
	at org.apache.ratis.server.impl.LeaderElection.lambda$submitRequests$1(LeaderElection.java:237)
	at java.util.concurrent.FutureTask.run(FutureTask.java:266)
	at java.util.concurrent.Executors$RunnableAdapter.call(Executors.java:511)
	at java.util.concurrent.FutureTask.run(FutureTask.java:266)
	at java.util.concurrent.ThreadPoolExecutor.runWorker(ThreadPoolExecutor.java:1149)
	at java.util.concurrent.ThreadPoolExecutor$Worker.run(ThreadPoolExecutor.java:624)
	... 1 more
Caused by: org.apache.ratis.thirdparty.io.netty.channel.AbstractChannel$AnnotatedConnectException: Connection refused: /192.168.69.79:38687
	at sun.nio.ch.SocketChannelImpl.checkConnect(Native Method)
	at sun.nio.ch.SocketChannelImpl.finishConnect(SocketChannelImpl.java:717)
	at org.apache.ratis.thirdparty.io.netty.channel.socket.nio.NioSocketChannel.doFinishConnect(NioSocketChannel.java:327)
	at org.apache.ratis.thirdparty.io.netty.channel.nio.AbstractNioChannel$AbstractNioUnsafe.finishConnect(AbstractNioChannel.java:340)
	at org.apache.ratis.thirdparty.io.netty.channel.nio.NioEventLoop.processSelectedKey(NioEventLoop.java:632)
	at org.apache.ratis.thirdparty.io.netty.channel.nio.NioEventLoop.processSelectedKeysOptimized(NioEventLoop.java:579)
	at org.apache.ratis.thirdparty.io.netty.channel.nio.NioEventLoop.processSelectedKeys(NioEventLoop.java:496)
	at org.apache.ratis.thirdparty.io.netty.channel.nio.NioEventLoop.run(NioEventLoop.java:458)
	at org.apache.ratis.thirdparty.io.netty.util.concurrent.SingleThreadEventExecutor$5.run(SingleThreadEventExecutor.java:897)
	at org.apache.ratis.thirdparty.io.netty.util.concurrent.FastThreadLocalRunnable.run(FastThreadLocalRunnable.java:30)
	... 1 more
Caused by: java.net.ConnectException: Connection refused
	... 11 more
2019-08-23 17:34:12,058 [6fbb74d4-a5a3-4cb1-84f5-d8b0772040c1:group-7D984785181D:LeaderElection75] INFO  impl.LeaderElection (LogUtils.java:infoOrTrace(149)) - 6fbb74d4-a5a3-4cb1-84f5-d8b0772040c1:group-7D984785181D:LeaderElection75 got exception when requesting votes: {}
java.util.concurrent.ExecutionException: org.apache.ratis.thirdparty.io.grpc.StatusRuntimeException: UNAVAILABLE: io exception
	at java.util.concurrent.FutureTask.report(FutureTask.java:122)
	at java.util.concurrent.FutureTask.get(FutureTask.java:192)
	at org.apache.ratis.server.impl.LeaderElection.waitForResults(LeaderElection.java:262)
	at org.apache.ratis.server.impl.LeaderElection.askForVotes(LeaderElection.java:200)
	at org.apache.ratis.server.impl.LeaderElection.run(LeaderElection.java:130)
	at java.lang.Thread.run(Thread.java:748)
Caused by: org.apache.ratis.thirdparty.io.grpc.StatusRuntimeException: UNAVAILABLE: io exception
	at org.apache.ratis.thirdparty.io.grpc.stub.ClientCalls.toStatusRuntimeException(ClientCalls.java:233)
	at org.apache.ratis.thirdparty.io.grpc.stub.ClientCalls.getUnchecked(ClientCalls.java:214)
	at org.apache.ratis.thirdparty.io.grpc.stub.ClientCalls.blockingUnaryCall(ClientCalls.java:139)
	at org.apache.ratis.proto.grpc.RaftServerProtocolServiceGrpc$RaftServerProtocolServiceBlockingStub.requestVote(RaftServerProtocolServiceGrpc.java:265)
	at org.apache.ratis.grpc.server.GrpcServerProtocolClient.requestVote(GrpcServerProtocolClient.java:83)
	at org.apache.ratis.grpc.server.GrpcService.requestVote(GrpcService.java:195)
	at org.apache.ratis.server.impl.LeaderElection.lambda$submitRequests$1(LeaderElection.java:237)
	at java.util.concurrent.FutureTask.run(FutureTask.java:266)
	at java.util.concurrent.Executors$RunnableAdapter.call(Executors.java:511)
	at java.util.concurrent.FutureTask.run(FutureTask.java:266)
	at java.util.concurrent.ThreadPoolExecutor.runWorker(ThreadPoolExecutor.java:1149)
	at java.util.concurrent.ThreadPoolExecutor$Worker.run(ThreadPoolExecutor.java:624)
	... 1 more
Caused by: org.apache.ratis.thirdparty.io.netty.channel.AbstractChannel$AnnotatedConnectException: Connection refused: /192.168.69.79:38348
	at sun.nio.ch.SocketChannelImpl.checkConnect(Native Method)
	at sun.nio.ch.SocketChannelImpl.finishConnect(SocketChannelImpl.java:717)
	at org.apache.ratis.thirdparty.io.netty.channel.socket.nio.NioSocketChannel.doFinishConnect(NioSocketChannel.java:327)
	at org.apache.ratis.thirdparty.io.netty.channel.nio.AbstractNioChannel$AbstractNioUnsafe.finishConnect(AbstractNioChannel.java:340)
	at org.apache.ratis.thirdparty.io.netty.channel.nio.NioEventLoop.processSelectedKey(NioEventLoop.java:632)
	at org.apache.ratis.thirdparty.io.netty.channel.nio.NioEventLoop.processSelectedKeysOptimized(NioEventLoop.java:579)
	at org.apache.ratis.thirdparty.io.netty.channel.nio.NioEventLoop.processSelectedKeys(NioEventLoop.java:496)
	at org.apache.ratis.thirdparty.io.netty.channel.nio.NioEventLoop.run(NioEventLoop.java:458)
	at org.apache.ratis.thirdparty.io.netty.util.concurrent.SingleThreadEventExecutor$5.run(SingleThreadEventExecutor.java:897)
	at org.apache.ratis.thirdparty.io.netty.util.concurrent.FastThreadLocalRunnable.run(FastThreadLocalRunnable.java:30)
	... 1 more
Caused by: java.net.ConnectException: Connection refused
	... 11 more
2019-08-23 17:34:12,060 [6fbb74d4-a5a3-4cb1-84f5-d8b0772040c1:group-7D984785181D:LeaderElection75] INFO  impl.LeaderElection (LeaderElection.java:logAndReturn(56)) - 6fbb74d4-a5a3-4cb1-84f5-d8b0772040c1:group-7D984785181D:LeaderElection75: Election REJECTED; received 0 response(s) [] and 2 exception(s); 6fbb74d4-a5a3-4cb1-84f5-d8b0772040c1:t3, leader=null, voted=6fbb74d4-a5a3-4cb1-84f5-d8b0772040c1, raftlog=6fbb74d4-a5a3-4cb1-84f5-d8b0772040c1-SegmentedRaftLog:OPENED:c17,f17,i17, conf=16: [6fbb74d4-a5a3-4cb1-84f5-d8b0772040c1:192.168.69.79:33633, 31967366-836f-459e-918b-b922ad3a04c0:192.168.69.79:38687, 876990c2-a61c-4f07-9bf7-f26a19606da0:192.168.69.79:38348], old=null
2019-08-23 17:34:12,060 [6fbb74d4-a5a3-4cb1-84f5-d8b0772040c1:group-7D984785181D:LeaderElection75] INFO  impl.LeaderElection (LogUtils.java:infoOrTrace(149)) -   Exception 0: {}
java.util.concurrent.ExecutionException: org.apache.ratis.thirdparty.io.grpc.StatusRuntimeException: UNAVAILABLE: io exception
	at java.util.concurrent.FutureTask.report(FutureTask.java:122)
	at java.util.concurrent.FutureTask.get(FutureTask.java:192)
	at org.apache.ratis.server.impl.LeaderElection.waitForResults(LeaderElection.java:262)
	at org.apache.ratis.server.impl.LeaderElection.askForVotes(LeaderElection.java:200)
	at org.apache.ratis.server.impl.LeaderElection.run(LeaderElection.java:130)
	at java.lang.Thread.run(Thread.java:748)
Caused by: org.apache.ratis.thirdparty.io.grpc.StatusRuntimeException: UNAVAILABLE: io exception
	at org.apache.ratis.thirdparty.io.grpc.stub.ClientCalls.toStatusRuntimeException(ClientCalls.java:233)
	at org.apache.ratis.thirdparty.io.grpc.stub.ClientCalls.getUnchecked(ClientCalls.java:214)
	at org.apache.ratis.thirdparty.io.grpc.stub.ClientCalls.blockingUnaryCall(ClientCalls.java:139)
	at org.apache.ratis.proto.grpc.RaftServerProtocolServiceGrpc$RaftServerProtocolServiceBlockingStub.requestVote(RaftServerProtocolServiceGrpc.java:265)
	at org.apache.ratis.grpc.server.GrpcServerProtocolClient.requestVote(GrpcServerProtocolClient.java:83)
	at org.apache.ratis.grpc.server.GrpcService.requestVote(GrpcService.java:195)
	at org.apache.ratis.server.impl.LeaderElection.lambda$submitRequests$1(LeaderElection.java:237)
	at java.util.concurrent.FutureTask.run(FutureTask.java:266)
	at java.util.concurrent.Executors$RunnableAdapter.call(Executors.java:511)
	at java.util.concurrent.FutureTask.run(FutureTask.java:266)
	at java.util.concurrent.ThreadPoolExecutor.runWorker(ThreadPoolExecutor.java:1149)
	at java.util.concurrent.ThreadPoolExecutor$Worker.run(ThreadPoolExecutor.java:624)
	... 1 more
Caused by: org.apache.ratis.thirdparty.io.netty.channel.AbstractChannel$AnnotatedConnectException: Connection refused: /192.168.69.79:38687
	at sun.nio.ch.SocketChannelImpl.checkConnect(Native Method)
	at sun.nio.ch.SocketChannelImpl.finishConnect(SocketChannelImpl.java:717)
	at org.apache.ratis.thirdparty.io.netty.channel.socket.nio.NioSocketChannel.doFinishConnect(NioSocketChannel.java:327)
	at org.apache.ratis.thirdparty.io.netty.channel.nio.AbstractNioChannel$AbstractNioUnsafe.finishConnect(AbstractNioChannel.java:340)
	at org.apache.ratis.thirdparty.io.netty.channel.nio.NioEventLoop.processSelectedKey(NioEventLoop.java:632)
	at org.apache.ratis.thirdparty.io.netty.channel.nio.NioEventLoop.processSelectedKeysOptimized(NioEventLoop.java:579)
	at org.apache.ratis.thirdparty.io.netty.channel.nio.NioEventLoop.processSelectedKeys(NioEventLoop.java:496)
	at org.apache.ratis.thirdparty.io.netty.channel.nio.NioEventLoop.run(NioEventLoop.java:458)
	at org.apache.ratis.thirdparty.io.netty.util.concurrent.SingleThreadEventExecutor$5.run(SingleThreadEventExecutor.java:897)
	at org.apache.ratis.thirdparty.io.netty.util.concurrent.FastThreadLocalRunnable.run(FastThreadLocalRunnable.java:30)
	... 1 more
Caused by: java.net.ConnectException: Connection refused
	... 11 more
2019-08-23 17:34:12,060 [6fbb74d4-a5a3-4cb1-84f5-d8b0772040c1:group-7D984785181D:LeaderElection75] INFO  impl.LeaderElection (LogUtils.java:infoOrTrace(149)) -   Exception 1: {}
java.util.concurrent.ExecutionException: org.apache.ratis.thirdparty.io.grpc.StatusRuntimeException: UNAVAILABLE: io exception
	at java.util.concurrent.FutureTask.report(FutureTask.java:122)
	at java.util.concurrent.FutureTask.get(FutureTask.java:192)
	at org.apache.ratis.server.impl.LeaderElection.waitForResults(LeaderElection.java:262)
	at org.apache.ratis.server.impl.LeaderElection.askForVotes(LeaderElection.java:200)
	at org.apache.ratis.server.impl.LeaderElection.run(LeaderElection.java:130)
	at java.lang.Thread.run(Thread.java:748)
Caused by: org.apache.ratis.thirdparty.io.grpc.StatusRuntimeException: UNAVAILABLE: io exception
	at org.apache.ratis.thirdparty.io.grpc.stub.ClientCalls.toStatusRuntimeException(ClientCalls.java:233)
	at org.apache.ratis.thirdparty.io.grpc.stub.ClientCalls.getUnchecked(ClientCalls.java:214)
	at org.apache.ratis.thirdparty.io.grpc.stub.ClientCalls.blockingUnaryCall(ClientCalls.java:139)
	at org.apache.ratis.proto.grpc.RaftServerProtocolServiceGrpc$RaftServerProtocolServiceBlockingStub.requestVote(RaftServerProtocolServiceGrpc.java:265)
	at org.apache.ratis.grpc.server.GrpcServerProtocolClient.requestVote(GrpcServerProtocolClient.java:83)
	at org.apache.ratis.grpc.server.GrpcService.requestVote(GrpcService.java:195)
	at org.apache.ratis.server.impl.LeaderElection.lambda$submitRequests$1(LeaderElection.java:237)
	at java.util.concurrent.FutureTask.run(FutureTask.java:266)
	at java.util.concurrent.Executors$RunnableAdapter.call(Executors.java:511)
	at java.util.concurrent.FutureTask.run(FutureTask.java:266)
	at java.util.concurrent.ThreadPoolExecutor.runWorker(ThreadPoolExecutor.java:1149)
	at java.util.concurrent.ThreadPoolExecutor$Worker.run(ThreadPoolExecutor.java:624)
	... 1 more
Caused by: org.apache.ratis.thirdparty.io.netty.channel.AbstractChannel$AnnotatedConnectException: Connection refused: /192.168.69.79:38348
	at sun.nio.ch.SocketChannelImpl.checkConnect(Native Method)
	at sun.nio.ch.SocketChannelImpl.finishConnect(SocketChannelImpl.java:717)
	at org.apache.ratis.thirdparty.io.netty.channel.socket.nio.NioSocketChannel.doFinishConnect(NioSocketChannel.java:327)
	at org.apache.ratis.thirdparty.io.netty.channel.nio.AbstractNioChannel$AbstractNioUnsafe.finishConnect(AbstractNioChannel.java:340)
	at org.apache.ratis.thirdparty.io.netty.channel.nio.NioEventLoop.processSelectedKey(NioEventLoop.java:632)
	at org.apache.ratis.thirdparty.io.netty.channel.nio.NioEventLoop.processSelectedKeysOptimized(NioEventLoop.java:579)
	at org.apache.ratis.thirdparty.io.netty.channel.nio.NioEventLoop.processSelectedKeys(NioEventLoop.java:496)
	at org.apache.ratis.thirdparty.io.netty.channel.nio.NioEventLoop.run(NioEventLoop.java:458)
	at org.apache.ratis.thirdparty.io.netty.util.concurrent.SingleThreadEventExecutor$5.run(SingleThreadEventExecutor.java:897)
	at org.apache.ratis.thirdparty.io.netty.util.concurrent.FastThreadLocalRunnable.run(FastThreadLocalRunnable.java:30)
	... 1 more
Caused by: java.net.ConnectException: Connection refused
	... 11 more
2019-08-23 17:34:12,060 [6fbb74d4-a5a3-4cb1-84f5-d8b0772040c1:group-7D984785181D:LeaderElection75] INFO  impl.RaftServerImpl (RaftServerImpl.java:setRole(171)) - 6fbb74d4-a5a3-4cb1-84f5-d8b0772040c1:group-7D984785181D changes role from CANDIDATE to FOLLOWER at term 3 for DISCOVERED_A_NEW_TERM
2019-08-23 17:34:12,061 [6fbb74d4-a5a3-4cb1-84f5-d8b0772040c1:group-7D984785181D:LeaderElection75] INFO  impl.RoleInfo (RoleInfo.java:shutdownLeaderElection(134)) - 6fbb74d4-a5a3-4cb1-84f5-d8b0772040c1: shutdown LeaderElection
2019-08-23 17:34:12,061 [6fbb74d4-a5a3-4cb1-84f5-d8b0772040c1:group-7D984785181D:LeaderElection75] INFO  impl.RoleInfo (RoleInfo.java:updateAndGet(143)) - 6fbb74d4-a5a3-4cb1-84f5-d8b0772040c1: start FollowerState
2019-08-23 17:34:12,499 [EventQueue-StaleNodeForStaleNodeHandler] INFO  node.StaleNodeHandler (StaleNodeHandler.java:onMessage(58)) - Datanode 4a4bc7f8-d7f4-4b72-b368-a22ea43ebd35{ip: 192.168.69.79, host: pr-hdds-1898-mkj97-200540441, networkLocation: /default-rack, certSerialId: null} moved to stale state. Finalizing its pipelines [PipelineID=7c41e7b7-d07a-4464-b18f-4b637fde9a9a, PipelineID=732778ba-4420-4963-b6e0-23790b55d079]
2019-08-23 17:34:12,499 [EventQueue-StaleNodeForStaleNodeHandler] INFO  pipeline.SCMPipelineManager (SCMPipelineManager.java:finalizeAndDestroyPipeline(309)) - destroying pipeline:Pipeline[ Id: 7c41e7b7-d07a-4464-b18f-4b637fde9a9a, Nodes: 4a4bc7f8-d7f4-4b72-b368-a22ea43ebd35{ip: 192.168.69.79, host: pr-hdds-1898-mkj97-200540441, networkLocation: /default-rack, certSerialId: null}, Type:RATIS, Factor:ONE, State:OPEN]
2019-08-23 17:34:12,499 [EventQueue-StaleNodeForStaleNodeHandler] INFO  pipeline.PipelineStateManager (PipelineStateManager.java:finalizePipeline(123)) - Pipeline Pipeline[ Id: 7c41e7b7-d07a-4464-b18f-4b637fde9a9a, Nodes: 4a4bc7f8-d7f4-4b72-b368-a22ea43ebd35{ip: 192.168.69.79, host: pr-hdds-1898-mkj97-200540441, networkLocation: /default-rack, certSerialId: null}, Type:RATIS, Factor:ONE, State:CLOSED] moved to CLOSED state
2019-08-23 17:34:12,499 [EventQueue-StaleNodeForStaleNodeHandler] INFO  pipeline.SCMPipelineManager (SCMPipelineManager.java:finalizeAndDestroyPipeline(309)) - destroying pipeline:Pipeline[ Id: 732778ba-4420-4963-b6e0-23790b55d079, Nodes: a5230df4-e43a-4560-b8d8-ffa5d1239854{ip: 192.168.69.79, host: pr-hdds-1898-mkj97-200540441, networkLocation: /default-rack, certSerialId: null}4a4bc7f8-d7f4-4b72-b368-a22ea43ebd35{ip: 192.168.69.79, host: pr-hdds-1898-mkj97-200540441, networkLocation: /default-rack, certSerialId: null}c1868ab2-aa15-4f4a-9771-d4fa90467b59{ip: 192.168.69.79, host: pr-hdds-1898-mkj97-200540441, networkLocation: /default-rack, certSerialId: null}, Type:RATIS, Factor:THREE, State:CLOSED]
2019-08-23 17:34:12,500 | INFO  | SCMAudit | user=jenkins1000 | ip=192.168.69.79 | op=SEND_HEARTBEAT {datanodeUUID=c1868ab2-aa15-4f4a-9771-d4fa90467b59, command=[]} | ret=SUCCESS |  
2019-08-23 17:34:12,777 [ForkJoinPool.commonPool-worker-0] INFO  ozoneimpl.OzoneContainer (OzoneContainer.java:stop(199)) - Attempting to stop container services.
2019-08-23 17:34:12,777 [ForkJoinPool.commonPool-worker-0] INFO  impl.RaftServerProxy (RaftServerProxy.java:lambda$close$4(314)) - 4a4bc7f8-d7f4-4b72-b368-a22ea43ebd35: close
2019-08-23 17:34:12,778 [ForkJoinPool.commonPool-worker-0] INFO  impl.RaftServerImpl (RaftServerImpl.java:lambda$shutdown$3(245)) - 4a4bc7f8-d7f4-4b72-b368-a22ea43ebd35: shutdown group-4B637FDE9A9A
2019-08-23 17:34:12,778 [ForkJoinPool.commonPool-worker-0] INFO  util.JmxRegister (JmxRegister.java:unregister(73)) - Successfully un-registered JMX Bean with object name Ratis:service=RaftServer,group=group-4B637FDE9A9A,id=4a4bc7f8-d7f4-4b72-b368-a22ea43ebd35
2019-08-23 17:34:12,778 [ForkJoinPool.commonPool-worker-0] INFO  impl.RoleInfo (RoleInfo.java:shutdownLeaderState(104)) - 4a4bc7f8-d7f4-4b72-b368-a22ea43ebd35: shutdown LeaderState
2019-08-23 17:34:12,778 [ForkJoinPool.commonPool-worker-0] INFO  impl.PendingRequests (PendingRequests.java:sendNotLeaderResponses(202)) - 4a4bc7f8-d7f4-4b72-b368-a22ea43ebd35-PendingRequests: sendNotLeaderResponses
2019-08-23 17:34:12,779 [ForkJoinPool.commonPool-worker-0] INFO  impl.StateMachineUpdater (StateMachineUpdater.java:stopAndJoin(115)) - StateMachineUpdater:4a4bc7f8-d7f4-4b72-b368-a22ea43ebd35:group-4B637FDE9A9A: set stopIndex = 0
2019-08-23 17:34:12,779 [ForkJoinPool.commonPool-worker-0] INFO  impl.RaftServerImpl (ServerState.java:close(394)) - 4a4bc7f8-d7f4-4b72-b368-a22ea43ebd35:group-4B637FDE9A9A closes. The last applied log index is 0
2019-08-23 17:34:12,779 [4a4bc7f8-d7f4-4b72-b368-a22ea43ebd35-SegmentedRaftLogWorker:Storage Directory /workdir/hadoop-ozone/integration-test/target/test-dir/MiniOzoneClusterImpl-8a58fefa-0c45-49f9-a99a-9d96e5fc94fa/datanode-2/data/ratis/7c41e7b7-d07a-4464-b18f-4b637fde9a9a] INFO  segmented.SegmentedRaftLogWorker (SegmentedRaftLogWorker.java:run(313)) - 4a4bc7f8-d7f4-4b72-b368-a22ea43ebd35-SegmentedRaftLogWorker:Storage Directory /workdir/hadoop-ozone/integration-test/target/test-dir/MiniOzoneClusterImpl-8a58fefa-0c45-49f9-a99a-9d96e5fc94fa/datanode-2/data/ratis/7c41e7b7-d07a-4464-b18f-4b637fde9a9a was interrupted, exiting. There are 0 tasks remaining in the queue.
2019-08-23 17:34:12,782 [ForkJoinPool.commonPool-worker-0] INFO  segmented.SegmentedRaftLogWorker (SegmentedRaftLogWorker.java:close(228)) - 4a4bc7f8-d7f4-4b72-b368-a22ea43ebd35-SegmentedRaftLogWorker:Storage Directory /workdir/hadoop-ozone/integration-test/target/test-dir/MiniOzoneClusterImpl-8a58fefa-0c45-49f9-a99a-9d96e5fc94fa/datanode-2/data/ratis/7c41e7b7-d07a-4464-b18f-4b637fde9a9a close()
2019-08-23 17:34:12,786 [ForkJoinPool.commonPool-worker-0] INFO  impl.RaftServerImpl (RaftServerImpl.java:lambda$shutdown$3(245)) - 4a4bc7f8-d7f4-4b72-b368-a22ea43ebd35: shutdown group-23790B55D079
2019-08-23 17:34:12,786 [main] INFO  ozoneimpl.OzoneContainer (OzoneContainer.java:stop(199)) - Attempting to stop container services.
2019-08-23 17:34:12,786 [ForkJoinPool.commonPool-worker-0] INFO  util.JmxRegister (JmxRegister.java:unregister(73)) - Successfully un-registered JMX Bean with object name Ratis:service=RaftServer,group=group-23790B55D079,id=4a4bc7f8-d7f4-4b72-b368-a22ea43ebd35
2019-08-23 17:34:12,787 [main] INFO  impl.RaftServerProxy (RaftServerProxy.java:lambda$close$4(314)) - d991310f-591a-4dd6-9fd9-472b08eb9e78: close
2019-08-23 17:34:12,787 [ForkJoinPool.commonPool-worker-0] INFO  impl.RoleInfo (RoleInfo.java:shutdownFollowerState(121)) - 4a4bc7f8-d7f4-4b72-b368-a22ea43ebd35: shutdown FollowerState
2019-08-23 17:34:12,787 [main] INFO  impl.RaftServerImpl (RaftServerImpl.java:lambda$shutdown$3(245)) - d991310f-591a-4dd6-9fd9-472b08eb9e78: shutdown group-9EC3EB5A44B8
2019-08-23 17:34:12,788 [Thread-3584] INFO  impl.FollowerState (FollowerState.java:run(114)) - 4a4bc7f8-d7f4-4b72-b368-a22ea43ebd35: FollowerState was interrupted: java.lang.InterruptedException: sleep interrupted
2019-08-23 17:34:12,788 [StateMachineUpdater:4a4bc7f8-d7f4-4b72-b368-a22ea43ebd35:group-23790B55D079] INFO  ratis.ContainerStateMachine (ContainerStateMachine.java:takeSnapshot(283)) - group-23790B55D079: Taking a snapshot at:(t:1, i:14) file /workdir/hadoop-ozone/integration-test/target/test-dir/MiniOzoneClusterImpl-8a58fefa-0c45-49f9-a99a-9d96e5fc94fa/datanode-2/data/ratis/732778ba-4420-4963-b6e0-23790b55d079/sm/snapshot.1_14
2019-08-23 17:34:12,788 [ForkJoinPool.commonPool-worker-0] INFO  impl.StateMachineUpdater (StateMachineUpdater.java:stopAndJoin(115)) - StateMachineUpdater:4a4bc7f8-d7f4-4b72-b368-a22ea43ebd35:group-23790B55D079: set stopIndex = 15
2019-08-23 17:34:12,789 [main] INFO  util.JmxRegister (JmxRegister.java:unregister(73)) - Successfully un-registered JMX Bean with object name Ratis:service=RaftServer,group=group-9EC3EB5A44B8,id=d991310f-591a-4dd6-9fd9-472b08eb9e78
2019-08-23 17:34:12,790 [main] INFO  impl.RoleInfo (RoleInfo.java:shutdownLeaderState(104)) - d991310f-591a-4dd6-9fd9-472b08eb9e78: shutdown LeaderState
2019-08-23 17:34:12,790 [main] INFO  impl.PendingRequests (PendingRequests.java:sendNotLeaderResponses(202)) - d991310f-591a-4dd6-9fd9-472b08eb9e78-PendingRequests: sendNotLeaderResponses
2019-08-23 17:34:12,790 [main] INFO  impl.StateMachineUpdater (StateMachineUpdater.java:stopAndJoin(115)) - StateMachineUpdater:d991310f-591a-4dd6-9fd9-472b08eb9e78:group-9EC3EB5A44B8: set stopIndex = 0
2019-08-23 17:34:12,791 [main] INFO  impl.RaftServerImpl (ServerState.java:close(394)) - d991310f-591a-4dd6-9fd9-472b08eb9e78:group-9EC3EB5A44B8 closes. The last applied log index is 0
2019-08-23 17:34:12,791 [d991310f-591a-4dd6-9fd9-472b08eb9e78-SegmentedRaftLogWorker:Storage Directory /workdir/hadoop-ozone/integration-test/target/test-dir/MiniOzoneClusterImpl-8a58fefa-0c45-49f9-a99a-9d96e5fc94fa/datanode-6/data/ratis/ad598905-cd1e-4e14-be6a-9ec3eb5a44b8] INFO  segmented.SegmentedRaftLogWorker (SegmentedRaftLogWorker.java:run(313)) - d991310f-591a-4dd6-9fd9-472b08eb9e78-SegmentedRaftLogWorker:Storage Directory /workdir/hadoop-ozone/integration-test/target/test-dir/MiniOzoneClusterImpl-8a58fefa-0c45-49f9-a99a-9d96e5fc94fa/datanode-6/data/ratis/ad598905-cd1e-4e14-be6a-9ec3eb5a44b8 was interrupted, exiting. There are 0 tasks remaining in the queue.
2019-08-23 17:34:12,792 [main] INFO  segmented.SegmentedRaftLogWorker (SegmentedRaftLogWorker.java:close(228)) - d991310f-591a-4dd6-9fd9-472b08eb9e78-SegmentedRaftLogWorker:Storage Directory /workdir/hadoop-ozone/integration-test/target/test-dir/MiniOzoneClusterImpl-8a58fefa-0c45-49f9-a99a-9d96e5fc94fa/datanode-6/data/ratis/ad598905-cd1e-4e14-be6a-9ec3eb5a44b8 close()
2019-08-23 17:34:12,795 [main] INFO  server.GrpcService (GrpcService.java:closeImpl(155)) - d991310f-591a-4dd6-9fd9-472b08eb9e78: shutdown server with port 34347 now
2019-08-23 17:34:12,801 [EventQueue-StaleNodeForStaleNodeHandler] INFO  node.StaleNodeHandler (StaleNodeHandler.java:onMessage(58)) - Datanode d991310f-591a-4dd6-9fd9-472b08eb9e78{ip: 192.168.69.79, host: pr-hdds-1898-mkj97-200540441, networkLocation: /default-rack, certSerialId: null} moved to stale state. Finalizing its pipelines [PipelineID=ad598905-cd1e-4e14-be6a-9ec3eb5a44b8]
2019-08-23 17:34:12,801 [EventQueue-StaleNodeForStaleNodeHandler] INFO  pipeline.SCMPipelineManager (SCMPipelineManager.java:finalizeAndDestroyPipeline(309)) - destroying pipeline:Pipeline[ Id: ad598905-cd1e-4e14-be6a-9ec3eb5a44b8, Nodes: d991310f-591a-4dd6-9fd9-472b08eb9e78{ip: 192.168.69.79, host: pr-hdds-1898-mkj97-200540441, networkLocation: /default-rack, certSerialId: null}, Type:RATIS, Factor:ONE, State:OPEN]
2019-08-23 17:34:12,801 [EventQueue-StaleNodeForStaleNodeHandler] INFO  pipeline.PipelineStateManager (PipelineStateManager.java:finalizePipeline(123)) - Pipeline Pipeline[ Id: ad598905-cd1e-4e14-be6a-9ec3eb5a44b8, Nodes: d991310f-591a-4dd6-9fd9-472b08eb9e78{ip: 192.168.69.79, host: pr-hdds-1898-mkj97-200540441, networkLocation: /default-rack, certSerialId: null}, Type:RATIS, Factor:ONE, State:CLOSED] moved to CLOSED state
2019-08-23 17:34:12,801 [main] INFO  server.GrpcService (GrpcService.java:closeImpl(163)) - d991310f-591a-4dd6-9fd9-472b08eb9e78: shutdown server with port 34347 successfully
2019-08-23 17:34:12,803 [StateMachineUpdater:4a4bc7f8-d7f4-4b72-b368-a22ea43ebd35:group-23790B55D079] INFO  ratis.ContainerStateMachine (ContainerStateMachine.java:takeSnapshot(294)) - group-23790B55D079: Finished taking a snapshot at:(t:1, i:14) file:/workdir/hadoop-ozone/integration-test/target/test-dir/MiniOzoneClusterImpl-8a58fefa-0c45-49f9-a99a-9d96e5fc94fa/datanode-2/data/ratis/732778ba-4420-4963-b6e0-23790b55d079/sm/snapshot.1_14 time:15
2019-08-23 17:34:12,803 [StateMachineUpdater:4a4bc7f8-d7f4-4b72-b368-a22ea43ebd35:group-23790B55D079] INFO  impl.StateMachineUpdater (StateMachineUpdater.java:takeSnapshot(242)) - StateMachineUpdater:4a4bc7f8-d7f4-4b72-b368-a22ea43ebd35:group-23790B55D079: Took a snapshot at index 14
2019-08-23 17:34:12,803 [StateMachineUpdater:4a4bc7f8-d7f4-4b72-b368-a22ea43ebd35:group-23790B55D079] INFO  impl.StateMachineUpdater (StateMachineUpdater.java:lambda$new$0(80)) - StateMachineUpdater:4a4bc7f8-d7f4-4b72-b368-a22ea43ebd35:group-23790B55D079: snapshotIndex: updateIncreasingly -1 -> 14
2019-08-23 17:34:12,804 [ForkJoinPool.commonPool-worker-0] INFO  impl.RaftServerImpl (ServerState.java:close(394)) - 4a4bc7f8-d7f4-4b72-b368-a22ea43ebd35:group-23790B55D079 closes. The last applied log index is 15
2019-08-23 17:34:12,804 [4a4bc7f8-d7f4-4b72-b368-a22ea43ebd35-SegmentedRaftLogWorker:Storage Directory /workdir/hadoop-ozone/integration-test/target/test-dir/MiniOzoneClusterImpl-8a58fefa-0c45-49f9-a99a-9d96e5fc94fa/datanode-2/data/ratis/732778ba-4420-4963-b6e0-23790b55d079] INFO  segmented.SegmentedRaftLogWorker (SegmentedRaftLogWorker.java:run(313)) - 4a4bc7f8-d7f4-4b72-b368-a22ea43ebd35-SegmentedRaftLogWorker:Storage Directory /workdir/hadoop-ozone/integration-test/target/test-dir/MiniOzoneClusterImpl-8a58fefa-0c45-49f9-a99a-9d96e5fc94fa/datanode-2/data/ratis/732778ba-4420-4963-b6e0-23790b55d079 was interrupted, exiting. There are 0 tasks remaining in the queue.
2019-08-23 17:34:12,805 [ForkJoinPool.commonPool-worker-0] INFO  segmented.SegmentedRaftLogWorker (SegmentedRaftLogWorker.java:close(228)) - 4a4bc7f8-d7f4-4b72-b368-a22ea43ebd35-SegmentedRaftLogWorker:Storage Directory /workdir/hadoop-ozone/integration-test/target/test-dir/MiniOzoneClusterImpl-8a58fefa-0c45-49f9-a99a-9d96e5fc94fa/datanode-2/data/ratis/732778ba-4420-4963-b6e0-23790b55d079 close()
2019-08-23 17:34:12,807 [ForkJoinPool.commonPool-worker-0] INFO  server.GrpcService (GrpcService.java:closeImpl(155)) - 4a4bc7f8-d7f4-4b72-b368-a22ea43ebd35: shutdown server with port 44949 now
2019-08-23 17:34:12,808 [main] INFO  utils.BackgroundService (BackgroundService.java:shutdown(148)) - Shutting down service BlockDeletingService
2019-08-23 17:34:12,809 [ForkJoinPool.commonPool-worker-0] INFO  server.GrpcService (GrpcService.java:closeImpl(163)) - 4a4bc7f8-d7f4-4b72-b368-a22ea43ebd35: shutdown server with port 44949 successfully
2019-08-23 17:34:12,810 [refreshUsed-/workdir/hadoop-ozone/integration-test/target/test-dir/MiniOzoneClusterImpl-8a58fefa-0c45-49f9-a99a-9d96e5fc94fa/datanode-6/data/containers] WARN  fs.CachingGetSpaceUsed (CachingGetSpaceUsed.java:run(183)) - Thread Interrupted waiting to refresh disk information: sleep interrupted
2019-08-23 17:34:12,811 [ForkJoinPool.commonPool-worker-0] INFO  utils.BackgroundService (BackgroundService.java:shutdown(148)) - Shutting down service BlockDeletingService
2019-08-23 17:34:12,813 [refreshUsed-/workdir/hadoop-ozone/integration-test/target/test-dir/MiniOzoneClusterImpl-8a58fefa-0c45-49f9-a99a-9d96e5fc94fa/datanode-2/data/containers] WARN  fs.CachingGetSpaceUsed (CachingGetSpaceUsed.java:run(183)) - Thread Interrupted waiting to refresh disk information: sleep interrupted
2019-08-23 17:34:12,826 [main] INFO  statemachine.DatanodeStateMachine (DatanodeStateMachine.java:stopDaemon(395)) - Ozone container server stopped.
2019-08-23 17:34:12,827 [main] INFO  handler.ContextHandler (ContextHandler.java:doStop(910)) - Stopped o.e.j.w.WebAppContext@43815bc{/,null,UNAVAILABLE}{/hddsDatanode}
2019-08-23 17:34:12,830 [main] INFO  server.AbstractConnector (AbstractConnector.java:doStop(318)) - Stopped ServerConnector@122bfaac{HTTP/1.1,[http/1.1]}{0.0.0.0:0}
2019-08-23 17:34:12,831 [main] INFO  handler.ContextHandler (ContextHandler.java:doStop(910)) - Stopped o.e.j.s.ServletContextHandler@627222d8{/static,jar:file:/home/user/.m2/repository/org/apache/hadoop/hadoop-hdds-container-service/0.5.0-SNAPSHOT/hadoop-hdds-container-service-0.5.0-SNAPSHOT.jar!/webapps/static,UNAVAILABLE}
2019-08-23 17:34:12,831 [main] INFO  handler.ContextHandler (ContextHandler.java:doStop(910)) - Stopped o.e.j.s.ServletContextHandler@19266ca3{/logs,file:///workdir/hadoop-ozone/integration-test/target/log,UNAVAILABLE}
2019-08-23 17:34:12,832 [main] INFO  datanode.ObjectStoreHandler (ObjectStoreHandler.java:close(155)) - Closing ObjectStoreHandler.
2019-08-23 17:34:12,833 [main] INFO  ozone.HddsDatanodeService (HddsDatanodeService.java:stop(451)) - Stopped plug-in org.apache.hadoop.ozone.web.OzoneHddsDatanodeService@145c6e4d
2019-08-23 17:34:12,835 [ForkJoinPool.commonPool-worker-0] INFO  statemachine.DatanodeStateMachine (DatanodeStateMachine.java:stopDaemon(395)) - Ozone container server stopped.
2019-08-23 17:34:12,838 [ForkJoinPool.commonPool-worker-0] INFO  handler.ContextHandler (ContextHandler.java:doStop(910)) - Stopped o.e.j.w.WebAppContext@7b0a69b9{/,null,UNAVAILABLE}{/hddsDatanode}
2019-08-23 17:34:12,838 [ForkJoinPool.commonPool-worker-0] INFO  server.AbstractConnector (AbstractConnector.java:doStop(318)) - Stopped ServerConnector@6d398b6c{HTTP/1.1,[http/1.1]}{0.0.0.0:0}
2019-08-23 17:34:12,839 [ForkJoinPool.commonPool-worker-0] INFO  handler.ContextHandler (ContextHandler.java:doStop(910)) - Stopped o.e.j.s.ServletContextHandler@1d1c5bb5{/static,jar:file:/home/user/.m2/repository/org/apache/hadoop/hadoop-hdds-container-service/0.5.0-SNAPSHOT/hadoop-hdds-container-service-0.5.0-SNAPSHOT.jar!/webapps/static,UNAVAILABLE}
2019-08-23 17:34:12,840 [ForkJoinPool.commonPool-worker-0] INFO  handler.ContextHandler (ContextHandler.java:doStop(910)) - Stopped o.e.j.s.ServletContextHandler@22cbbe87{/logs,file:///workdir/hadoop-ozone/integration-test/target/log,UNAVAILABLE}
2019-08-23 17:34:12,841 [ForkJoinPool.commonPool-worker-0] INFO  datanode.ObjectStoreHandler (ObjectStoreHandler.java:close(155)) - Closing ObjectStoreHandler.
2019-08-23 17:34:12,841 [ForkJoinPool.commonPool-worker-0] INFO  ozone.HddsDatanodeService (HddsDatanodeService.java:stop(451)) - Stopped plug-in org.apache.hadoop.ozone.web.OzoneHddsDatanodeService@7320bccc
2019-08-23 17:34:12,954 [Datanode State Machine Thread - 0] INFO  statemachine.DatanodeStateMachine (DatanodeStateMachine.java:lambda$startDaemon$0(350)) - Ozone container server started.
2019-08-23 17:34:13,500 [Datanode State Machine Thread - 0] INFO  statemachine.DatanodeStateMachine (DatanodeStateMachine.java:lambda$startDaemon$0(350)) - Ozone container server started.
2019-08-23 17:34:16,634 [Thread-3586] INFO  impl.FollowerState (FollowerState.java:run(106)) - c1868ab2-aa15-4f4a-9771-d4fa90467b59:group-23790B55D079 changes to CANDIDATE, lastRpcTime:8958, electionTimeout:5114ms
2019-08-23 17:34:16,634 [Thread-3586] INFO  impl.RoleInfo (RoleInfo.java:shutdownFollowerState(121)) - c1868ab2-aa15-4f4a-9771-d4fa90467b59: shutdown FollowerState
2019-08-23 17:34:16,634 [Thread-3586] INFO  impl.RaftServerImpl (RaftServerImpl.java:setRole(171)) - c1868ab2-aa15-4f4a-9771-d4fa90467b59:group-23790B55D079 changes role from FOLLOWER to CANDIDATE at term 1 for changeToCandidate
2019-08-23 17:34:16,634 [Thread-3586] INFO  impl.RoleInfo (RoleInfo.java:updateAndGet(143)) - c1868ab2-aa15-4f4a-9771-d4fa90467b59: start LeaderElection
2019-08-23 17:34:16,636 [c1868ab2-aa15-4f4a-9771-d4fa90467b59:group-23790B55D079:LeaderElection76] INFO  impl.RaftServerImpl (ServerState.java:setLeader(263)) - c1868ab2-aa15-4f4a-9771-d4fa90467b59:group-23790B55D079 change Leader from a5230df4-e43a-4560-b8d8-ffa5d1239854 to null at term 1 for initElection
2019-08-23 17:34:16,648 [c1868ab2-aa15-4f4a-9771-d4fa90467b59:group-23790B55D079:LeaderElection76] INFO  impl.LeaderElection (LeaderElection.java:askForVotes(181)) - c1868ab2-aa15-4f4a-9771-d4fa90467b59:group-23790B55D079:LeaderElection76: begin an election at term 2 for 0: [a5230df4-e43a-4560-b8d8-ffa5d1239854:192.168.69.79:44378, 4a4bc7f8-d7f4-4b72-b368-a22ea43ebd35:192.168.69.79:44949, c1868ab2-aa15-4f4a-9771-d4fa90467b59:192.168.69.79:41918], old=null
2019-08-23 17:34:16,650 [c1868ab2-aa15-4f4a-9771-d4fa90467b59:group-23790B55D079:LeaderElection76] INFO  impl.LeaderElection (LogUtils.java:infoOrTrace(149)) - c1868ab2-aa15-4f4a-9771-d4fa90467b59:group-23790B55D079:LeaderElection76 got exception when requesting votes: {}
java.util.concurrent.ExecutionException: org.apache.ratis.thirdparty.io.grpc.StatusRuntimeException: UNAVAILABLE: io exception
	at java.util.concurrent.FutureTask.report(FutureTask.java:122)
	at java.util.concurrent.FutureTask.get(FutureTask.java:192)
	at org.apache.ratis.server.impl.LeaderElection.waitForResults(LeaderElection.java:262)
	at org.apache.ratis.server.impl.LeaderElection.askForVotes(LeaderElection.java:200)
	at org.apache.ratis.server.impl.LeaderElection.run(LeaderElection.java:130)
	at java.lang.Thread.run(Thread.java:748)
Caused by: org.apache.ratis.thirdparty.io.grpc.StatusRuntimeException: UNAVAILABLE: io exception
	at org.apache.ratis.thirdparty.io.grpc.stub.ClientCalls.toStatusRuntimeException(ClientCalls.java:233)
	at org.apache.ratis.thirdparty.io.grpc.stub.ClientCalls.getUnchecked(ClientCalls.java:214)
	at org.apache.ratis.thirdparty.io.grpc.stub.ClientCalls.blockingUnaryCall(ClientCalls.java:139)
	at org.apache.ratis.proto.grpc.RaftServerProtocolServiceGrpc$RaftServerProtocolServiceBlockingStub.requestVote(RaftServerProtocolServiceGrpc.java:265)
	at org.apache.ratis.grpc.server.GrpcServerProtocolClient.requestVote(GrpcServerProtocolClient.java:83)
	at org.apache.ratis.grpc.server.GrpcService.requestVote(GrpcService.java:195)
	at org.apache.ratis.server.impl.LeaderElection.lambda$submitRequests$1(LeaderElection.java:237)
	at java.util.concurrent.FutureTask.run(FutureTask.java:266)
	at java.util.concurrent.Executors$RunnableAdapter.call(Executors.java:511)
	at java.util.concurrent.FutureTask.run(FutureTask.java:266)
	at java.util.concurrent.ThreadPoolExecutor.runWorker(ThreadPoolExecutor.java:1149)
	at java.util.concurrent.ThreadPoolExecutor$Worker.run(ThreadPoolExecutor.java:624)
	... 1 more
Caused by: org.apache.ratis.thirdparty.io.netty.channel.AbstractChannel$AnnotatedConnectException: Connection refused: /192.168.69.79:44378
	at sun.nio.ch.SocketChannelImpl.checkConnect(Native Method)
	at sun.nio.ch.SocketChannelImpl.finishConnect(SocketChannelImpl.java:717)
	at org.apache.ratis.thirdparty.io.netty.channel.socket.nio.NioSocketChannel.doFinishConnect(NioSocketChannel.java:327)
	at org.apache.ratis.thirdparty.io.netty.channel.nio.AbstractNioChannel$AbstractNioUnsafe.finishConnect(AbstractNioChannel.java:340)
	at org.apache.ratis.thirdparty.io.netty.channel.nio.NioEventLoop.processSelectedKey(NioEventLoop.java:632)
	at org.apache.ratis.thirdparty.io.netty.channel.nio.NioEventLoop.processSelectedKeysOptimized(NioEventLoop.java:579)
	at org.apache.ratis.thirdparty.io.netty.channel.nio.NioEventLoop.processSelectedKeys(NioEventLoop.java:496)
	at org.apache.ratis.thirdparty.io.netty.channel.nio.NioEventLoop.run(NioEventLoop.java:458)
	at org.apache.ratis.thirdparty.io.netty.util.concurrent.SingleThreadEventExecutor$5.run(SingleThreadEventExecutor.java:897)
	at org.apache.ratis.thirdparty.io.netty.util.concurrent.FastThreadLocalRunnable.run(FastThreadLocalRunnable.java:30)
	... 1 more
Caused by: java.net.ConnectException: Connection refused
	... 11 more
2019-08-23 17:34:16,651 [c1868ab2-aa15-4f4a-9771-d4fa90467b59:group-23790B55D079:LeaderElection76] INFO  impl.LeaderElection (LogUtils.java:infoOrTrace(149)) - c1868ab2-aa15-4f4a-9771-d4fa90467b59:group-23790B55D079:LeaderElection76 got exception when requesting votes: {}
java.util.concurrent.ExecutionException: org.apache.ratis.thirdparty.io.grpc.StatusRuntimeException: UNAVAILABLE: io exception
	at java.util.concurrent.FutureTask.report(FutureTask.java:122)
	at java.util.concurrent.FutureTask.get(FutureTask.java:192)
	at org.apache.ratis.server.impl.LeaderElection.waitForResults(LeaderElection.java:262)
	at org.apache.ratis.server.impl.LeaderElection.askForVotes(LeaderElection.java:200)
	at org.apache.ratis.server.impl.LeaderElection.run(LeaderElection.java:130)
	at java.lang.Thread.run(Thread.java:748)
Caused by: org.apache.ratis.thirdparty.io.grpc.StatusRuntimeException: UNAVAILABLE: io exception
	at org.apache.ratis.thirdparty.io.grpc.stub.ClientCalls.toStatusRuntimeException(ClientCalls.java:233)
	at org.apache.ratis.thirdparty.io.grpc.stub.ClientCalls.getUnchecked(ClientCalls.java:214)
	at org.apache.ratis.thirdparty.io.grpc.stub.ClientCalls.blockingUnaryCall(ClientCalls.java:139)
	at org.apache.ratis.proto.grpc.RaftServerProtocolServiceGrpc$RaftServerProtocolServiceBlockingStub.requestVote(RaftServerProtocolServiceGrpc.java:265)
	at org.apache.ratis.grpc.server.GrpcServerProtocolClient.requestVote(GrpcServerProtocolClient.java:83)
	at org.apache.ratis.grpc.server.GrpcService.requestVote(GrpcService.java:195)
	at org.apache.ratis.server.impl.LeaderElection.lambda$submitRequests$1(LeaderElection.java:237)
	at java.util.concurrent.FutureTask.run(FutureTask.java:266)
	at java.util.concurrent.Executors$RunnableAdapter.call(Executors.java:511)
	at java.util.concurrent.FutureTask.run(FutureTask.java:266)
	at java.util.concurrent.ThreadPoolExecutor.runWorker(ThreadPoolExecutor.java:1149)
	at java.util.concurrent.ThreadPoolExecutor$Worker.run(ThreadPoolExecutor.java:624)
	... 1 more
Caused by: org.apache.ratis.thirdparty.io.netty.channel.AbstractChannel$AnnotatedConnectException: Connection refused: /192.168.69.79:44949
	at sun.nio.ch.SocketChannelImpl.checkConnect(Native Method)
	at sun.nio.ch.SocketChannelImpl.finishConnect(SocketChannelImpl.java:717)
	at org.apache.ratis.thirdparty.io.netty.channel.socket.nio.NioSocketChannel.doFinishConnect(NioSocketChannel.java:327)
	at org.apache.ratis.thirdparty.io.netty.channel.nio.AbstractNioChannel$AbstractNioUnsafe.finishConnect(AbstractNioChannel.java:340)
	at org.apache.ratis.thirdparty.io.netty.channel.nio.NioEventLoop.processSelectedKey(NioEventLoop.java:632)
	at org.apache.ratis.thirdparty.io.netty.channel.nio.NioEventLoop.processSelectedKeysOptimized(NioEventLoop.java:579)
	at org.apache.ratis.thirdparty.io.netty.channel.nio.NioEventLoop.processSelectedKeys(NioEventLoop.java:496)
	at org.apache.ratis.thirdparty.io.netty.channel.nio.NioEventLoop.run(NioEventLoop.java:458)
	at org.apache.ratis.thirdparty.io.netty.util.concurrent.SingleThreadEventExecutor$5.run(SingleThreadEventExecutor.java:897)
	at org.apache.ratis.thirdparty.io.netty.util.concurrent.FastThreadLocalRunnable.run(FastThreadLocalRunnable.java:30)
	... 1 more
Caused by: java.net.ConnectException: Connection refused
	... 11 more
2019-08-23 17:34:16,652 [c1868ab2-aa15-4f4a-9771-d4fa90467b59:group-23790B55D079:LeaderElection76] INFO  impl.LeaderElection (LeaderElection.java:logAndReturn(56)) - c1868ab2-aa15-4f4a-9771-d4fa90467b59:group-23790B55D079:LeaderElection76: Election REJECTED; received 0 response(s) [] and 2 exception(s); c1868ab2-aa15-4f4a-9771-d4fa90467b59:t2, leader=null, voted=c1868ab2-aa15-4f4a-9771-d4fa90467b59, raftlog=c1868ab2-aa15-4f4a-9771-d4fa90467b59-SegmentedRaftLog:OPENED:c15,f15,i15, conf=0: [a5230df4-e43a-4560-b8d8-ffa5d1239854:192.168.69.79:44378, 4a4bc7f8-d7f4-4b72-b368-a22ea43ebd35:192.168.69.79:44949, c1868ab2-aa15-4f4a-9771-d4fa90467b59:192.168.69.79:41918], old=null
2019-08-23 17:34:16,653 [c1868ab2-aa15-4f4a-9771-d4fa90467b59:group-23790B55D079:LeaderElection76] INFO  impl.LeaderElection (LogUtils.java:infoOrTrace(149)) -   Exception 0: {}
java.util.concurrent.ExecutionException: org.apache.ratis.thirdparty.io.grpc.StatusRuntimeException: UNAVAILABLE: io exception
	at java.util.concurrent.FutureTask.report(FutureTask.java:122)
	at java.util.concurrent.FutureTask.get(FutureTask.java:192)
	at org.apache.ratis.server.impl.LeaderElection.waitForResults(LeaderElection.java:262)
	at org.apache.ratis.server.impl.LeaderElection.askForVotes(LeaderElection.java:200)
	at org.apache.ratis.server.impl.LeaderElection.run(LeaderElection.java:130)
	at java.lang.Thread.run(Thread.java:748)
Caused by: org.apache.ratis.thirdparty.io.grpc.StatusRuntimeException: UNAVAILABLE: io exception
	at org.apache.ratis.thirdparty.io.grpc.stub.ClientCalls.toStatusRuntimeException(ClientCalls.java:233)
	at org.apache.ratis.thirdparty.io.grpc.stub.ClientCalls.getUnchecked(ClientCalls.java:214)
	at org.apache.ratis.thirdparty.io.grpc.stub.ClientCalls.blockingUnaryCall(ClientCalls.java:139)
	at org.apache.ratis.proto.grpc.RaftServerProtocolServiceGrpc$RaftServerProtocolServiceBlockingStub.requestVote(RaftServerProtocolServiceGrpc.java:265)
	at org.apache.ratis.grpc.server.GrpcServerProtocolClient.requestVote(GrpcServerProtocolClient.java:83)
	at org.apache.ratis.grpc.server.GrpcService.requestVote(GrpcService.java:195)
	at org.apache.ratis.server.impl.LeaderElection.lambda$submitRequests$1(LeaderElection.java:237)
	at java.util.concurrent.FutureTask.run(FutureTask.java:266)
	at java.util.concurrent.Executors$RunnableAdapter.call(Executors.java:511)
	at java.util.concurrent.FutureTask.run(FutureTask.java:266)
	at java.util.concurrent.ThreadPoolExecutor.runWorker(ThreadPoolExecutor.java:1149)
	at java.util.concurrent.ThreadPoolExecutor$Worker.run(ThreadPoolExecutor.java:624)
	... 1 more
Caused by: org.apache.ratis.thirdparty.io.netty.channel.AbstractChannel$AnnotatedConnectException: Connection refused: /192.168.69.79:44378
	at sun.nio.ch.SocketChannelImpl.checkConnect(Native Method)
	at sun.nio.ch.SocketChannelImpl.finishConnect(SocketChannelImpl.java:717)
	at org.apache.ratis.thirdparty.io.netty.channel.socket.nio.NioSocketChannel.doFinishConnect(NioSocketChannel.java:327)
	at org.apache.ratis.thirdparty.io.netty.channel.nio.AbstractNioChannel$AbstractNioUnsafe.finishConnect(AbstractNioChannel.java:340)
	at org.apache.ratis.thirdparty.io.netty.channel.nio.NioEventLoop.processSelectedKey(NioEventLoop.java:632)
	at org.apache.ratis.thirdparty.io.netty.channel.nio.NioEventLoop.processSelectedKeysOptimized(NioEventLoop.java:579)
	at org.apache.ratis.thirdparty.io.netty.channel.nio.NioEventLoop.processSelectedKeys(NioEventLoop.java:496)
	at org.apache.ratis.thirdparty.io.netty.channel.nio.NioEventLoop.run(NioEventLoop.java:458)
	at org.apache.ratis.thirdparty.io.netty.util.concurrent.SingleThreadEventExecutor$5.run(SingleThreadEventExecutor.java:897)
	at org.apache.ratis.thirdparty.io.netty.util.concurrent.FastThreadLocalRunnable.run(FastThreadLocalRunnable.java:30)
	... 1 more
Caused by: java.net.ConnectException: Connection refused
	... 11 more
2019-08-23 17:34:16,653 [c1868ab2-aa15-4f4a-9771-d4fa90467b59:group-23790B55D079:LeaderElection76] INFO  impl.LeaderElection (LogUtils.java:infoOrTrace(149)) -   Exception 1: {}
java.util.concurrent.ExecutionException: org.apache.ratis.thirdparty.io.grpc.StatusRuntimeException: UNAVAILABLE: io exception
	at java.util.concurrent.FutureTask.report(FutureTask.java:122)
	at java.util.concurrent.FutureTask.get(FutureTask.java:192)
	at org.apache.ratis.server.impl.LeaderElection.waitForResults(LeaderElection.java:262)
	at org.apache.ratis.server.impl.LeaderElection.askForVotes(LeaderElection.java:200)
	at org.apache.ratis.server.impl.LeaderElection.run(LeaderElection.java:130)
	at java.lang.Thread.run(Thread.java:748)
Caused by: org.apache.ratis.thirdparty.io.grpc.StatusRuntimeException: UNAVAILABLE: io exception
	at org.apache.ratis.thirdparty.io.grpc.stub.ClientCalls.toStatusRuntimeException(ClientCalls.java:233)
	at org.apache.ratis.thirdparty.io.grpc.stub.ClientCalls.getUnchecked(ClientCalls.java:214)
	at org.apache.ratis.thirdparty.io.grpc.stub.ClientCalls.blockingUnaryCall(ClientCalls.java:139)
	at org.apache.ratis.proto.grpc.RaftServerProtocolServiceGrpc$RaftServerProtocolServiceBlockingStub.requestVote(RaftServerProtocolServiceGrpc.java:265)
	at org.apache.ratis.grpc.server.GrpcServerProtocolClient.requestVote(GrpcServerProtocolClient.java:83)
	at org.apache.ratis.grpc.server.GrpcService.requestVote(GrpcService.java:195)
	at org.apache.ratis.server.impl.LeaderElection.lambda$submitRequests$1(LeaderElection.java:237)
	at java.util.concurrent.FutureTask.run(FutureTask.java:266)
	at java.util.concurrent.Executors$RunnableAdapter.call(Executors.java:511)
	at java.util.concurrent.FutureTask.run(FutureTask.java:266)
	at java.util.concurrent.ThreadPoolExecutor.runWorker(ThreadPoolExecutor.java:1149)
	at java.util.concurrent.ThreadPoolExecutor$Worker.run(ThreadPoolExecutor.java:624)
	... 1 more
Caused by: org.apache.ratis.thirdparty.io.netty.channel.AbstractChannel$AnnotatedConnectException: Connection refused: /192.168.69.79:44949
	at sun.nio.ch.SocketChannelImpl.checkConnect(Native Method)
	at sun.nio.ch.SocketChannelImpl.finishConnect(SocketChannelImpl.java:717)
	at org.apache.ratis.thirdparty.io.netty.channel.socket.nio.NioSocketChannel.doFinishConnect(NioSocketChannel.java:327)
	at org.apache.ratis.thirdparty.io.netty.channel.nio.AbstractNioChannel$AbstractNioUnsafe.finishConnect(AbstractNioChannel.java:340)
	at org.apache.ratis.thirdparty.io.netty.channel.nio.NioEventLoop.processSelectedKey(NioEventLoop.java:632)
	at org.apache.ratis.thirdparty.io.netty.channel.nio.NioEventLoop.processSelectedKeysOptimized(NioEventLoop.java:579)
	at org.apache.ratis.thirdparty.io.netty.channel.nio.NioEventLoop.processSelectedKeys(NioEventLoop.java:496)
	at org.apache.ratis.thirdparty.io.netty.channel.nio.NioEventLoop.run(NioEventLoop.java:458)
	at org.apache.ratis.thirdparty.io.netty.util.concurrent.SingleThreadEventExecutor$5.run(SingleThreadEventExecutor.java:897)
	at org.apache.ratis.thirdparty.io.netty.util.concurrent.FastThreadLocalRunnable.run(FastThreadLocalRunnable.java:30)
	... 1 more
Caused by: java.net.ConnectException: Connection refused
	... 11 more
2019-08-23 17:34:16,653 [c1868ab2-aa15-4f4a-9771-d4fa90467b59:group-23790B55D079:LeaderElection76] INFO  impl.RaftServerImpl (RaftServerImpl.java:setRole(171)) - c1868ab2-aa15-4f4a-9771-d4fa90467b59:group-23790B55D079 changes role from CANDIDATE to FOLLOWER at term 2 for DISCOVERED_A_NEW_TERM
2019-08-23 17:34:16,653 [c1868ab2-aa15-4f4a-9771-d4fa90467b59:group-23790B55D079:LeaderElection76] INFO  impl.RoleInfo (RoleInfo.java:shutdownLeaderElection(134)) - c1868ab2-aa15-4f4a-9771-d4fa90467b59: shutdown LeaderElection
2019-08-23 17:34:16,653 [c1868ab2-aa15-4f4a-9771-d4fa90467b59:group-23790B55D079:LeaderElection76] INFO  impl.RoleInfo (RoleInfo.java:updateAndGet(143)) - c1868ab2-aa15-4f4a-9771-d4fa90467b59: start FollowerState
2019-08-23 17:34:17,006 [EventQueue-StaleNodeForStaleNodeHandler] INFO  node.StaleNodeHandler (StaleNodeHandler.java:onMessage(58)) - Datanode 6fbb74d4-a5a3-4cb1-84f5-d8b0772040c1{ip: 192.168.69.79, host: pr-hdds-1898-mkj97-200540441, networkLocation: /default-rack, certSerialId: null} moved to stale state. Finalizing its pipelines [PipelineID=90bebacc-638c-4edb-9395-7d984785181d, PipelineID=15e2b675-6ffd-4a5f-94b8-fc81eeba94c8]
2019-08-23 17:34:17,006 [EventQueue-StaleNodeForStaleNodeHandler] INFO  pipeline.SCMPipelineManager (SCMPipelineManager.java:finalizeAndDestroyPipeline(309)) - destroying pipeline:Pipeline[ Id: 90bebacc-638c-4edb-9395-7d984785181d, Nodes: 31967366-836f-459e-918b-b922ad3a04c0{ip: 192.168.69.79, host: pr-hdds-1898-mkj97-200540441, networkLocation: /default-rack, certSerialId: null}6fbb74d4-a5a3-4cb1-84f5-d8b0772040c1{ip: 192.168.69.79, host: pr-hdds-1898-mkj97-200540441, networkLocation: /default-rack, certSerialId: null}876990c2-a61c-4f07-9bf7-f26a19606da0{ip: 192.168.69.79, host: pr-hdds-1898-mkj97-200540441, networkLocation: /default-rack, certSerialId: null}, Type:RATIS, Factor:THREE, State:CLOSED]
2019-08-23 17:34:17,007 [EventQueue-StaleNodeForStaleNodeHandler] INFO  pipeline.SCMPipelineManager (SCMPipelineManager.java:finalizeAndDestroyPipeline(309)) - destroying pipeline:Pipeline[ Id: 15e2b675-6ffd-4a5f-94b8-fc81eeba94c8, Nodes: 6fbb74d4-a5a3-4cb1-84f5-d8b0772040c1{ip: 192.168.69.79, host: pr-hdds-1898-mkj97-200540441, networkLocation: /default-rack, certSerialId: null}, Type:RATIS, Factor:ONE, State:OPEN]
2019-08-23 17:34:17,007 [EventQueue-StaleNodeForStaleNodeHandler] INFO  pipeline.PipelineStateManager (PipelineStateManager.java:finalizePipeline(123)) - Pipeline Pipeline[ Id: 15e2b675-6ffd-4a5f-94b8-fc81eeba94c8, Nodes: 6fbb74d4-a5a3-4cb1-84f5-d8b0772040c1{ip: 192.168.69.79, host: pr-hdds-1898-mkj97-200540441, networkLocation: /default-rack, certSerialId: null}, Type:RATIS, Factor:ONE, State:CLOSED] moved to CLOSED state
2019-08-23 17:34:17,127 [Thread-3818] INFO  impl.FollowerState (FollowerState.java:run(106)) - 6fbb74d4-a5a3-4cb1-84f5-d8b0772040c1:group-7D984785181D changes to CANDIDATE, lastRpcTime:5066, electionTimeout:5066ms
2019-08-23 17:34:17,127 [Thread-3818] INFO  impl.RoleInfo (RoleInfo.java:shutdownFollowerState(121)) - 6fbb74d4-a5a3-4cb1-84f5-d8b0772040c1: shutdown FollowerState
2019-08-23 17:34:17,127 [Thread-3818] INFO  impl.RaftServerImpl (RaftServerImpl.java:setRole(171)) - 6fbb74d4-a5a3-4cb1-84f5-d8b0772040c1:group-7D984785181D changes role from FOLLOWER to CANDIDATE at term 3 for changeToCandidate
2019-08-23 17:34:17,128 [Thread-3818] INFO  impl.RoleInfo (RoleInfo.java:updateAndGet(143)) - 6fbb74d4-a5a3-4cb1-84f5-d8b0772040c1: start LeaderElection
2019-08-23 17:34:17,143 [6fbb74d4-a5a3-4cb1-84f5-d8b0772040c1:group-7D984785181D:LeaderElection77] INFO  impl.LeaderElection (LeaderElection.java:askForVotes(181)) - 6fbb74d4-a5a3-4cb1-84f5-d8b0772040c1:group-7D984785181D:LeaderElection77: begin an election at term 4 for 16: [6fbb74d4-a5a3-4cb1-84f5-d8b0772040c1:192.168.69.79:33633, 31967366-836f-459e-918b-b922ad3a04c0:192.168.69.79:38687, 876990c2-a61c-4f07-9bf7-f26a19606da0:192.168.69.79:38348], old=null
2019-08-23 17:34:17,144 [6fbb74d4-a5a3-4cb1-84f5-d8b0772040c1:group-7D984785181D:LeaderElection77] INFO  impl.LeaderElection (LogUtils.java:infoOrTrace(149)) - 6fbb74d4-a5a3-4cb1-84f5-d8b0772040c1:group-7D984785181D:LeaderElection77 got exception when requesting votes: {}
java.util.concurrent.ExecutionException: org.apache.ratis.thirdparty.io.grpc.StatusRuntimeException: UNAVAILABLE: io exception
	at java.util.concurrent.FutureTask.report(FutureTask.java:122)
	at java.util.concurrent.FutureTask.get(FutureTask.java:192)
	at org.apache.ratis.server.impl.LeaderElection.waitForResults(LeaderElection.java:262)
	at org.apache.ratis.server.impl.LeaderElection.askForVotes(LeaderElection.java:200)
	at org.apache.ratis.server.impl.LeaderElection.run(LeaderElection.java:130)
	at java.lang.Thread.run(Thread.java:748)
Caused by: org.apache.ratis.thirdparty.io.grpc.StatusRuntimeException: UNAVAILABLE: io exception
	at org.apache.ratis.thirdparty.io.grpc.stub.ClientCalls.toStatusRuntimeException(ClientCalls.java:233)
	at org.apache.ratis.thirdparty.io.grpc.stub.ClientCalls.getUnchecked(ClientCalls.java:214)
	at org.apache.ratis.thirdparty.io.grpc.stub.ClientCalls.blockingUnaryCall(ClientCalls.java:139)
	at org.apache.ratis.proto.grpc.RaftServerProtocolServiceGrpc$RaftServerProtocolServiceBlockingStub.requestVote(RaftServerProtocolServiceGrpc.java:265)
	at org.apache.ratis.grpc.server.GrpcServerProtocolClient.requestVote(GrpcServerProtocolClient.java:83)
	at org.apache.ratis.grpc.server.GrpcService.requestVote(GrpcService.java:195)
	at org.apache.ratis.server.impl.LeaderElection.lambda$submitRequests$1(LeaderElection.java:237)
	at java.util.concurrent.FutureTask.run(FutureTask.java:266)
	at java.util.concurrent.Executors$RunnableAdapter.call(Executors.java:511)
	at java.util.concurrent.FutureTask.run(FutureTask.java:266)
	at java.util.concurrent.ThreadPoolExecutor.runWorker(ThreadPoolExecutor.java:1149)
	at java.util.concurrent.ThreadPoolExecutor$Worker.run(ThreadPoolExecutor.java:624)
	... 1 more
Caused by: org.apache.ratis.thirdparty.io.netty.channel.AbstractChannel$AnnotatedConnectException: Connection refused: /192.168.69.79:38687
	at sun.nio.ch.SocketChannelImpl.checkConnect(Native Method)
	at sun.nio.ch.SocketChannelImpl.finishConnect(SocketChannelImpl.java:717)
	at org.apache.ratis.thirdparty.io.netty.channel.socket.nio.NioSocketChannel.doFinishConnect(NioSocketChannel.java:327)
	at org.apache.ratis.thirdparty.io.netty.channel.nio.AbstractNioChannel$AbstractNioUnsafe.finishConnect(AbstractNioChannel.java:340)
	at org.apache.ratis.thirdparty.io.netty.channel.nio.NioEventLoop.processSelectedKey(NioEventLoop.java:632)
	at org.apache.ratis.thirdparty.io.netty.channel.nio.NioEventLoop.processSelectedKeysOptimized(NioEventLoop.java:579)
	at org.apache.ratis.thirdparty.io.netty.channel.nio.NioEventLoop.processSelectedKeys(NioEventLoop.java:496)
	at org.apache.ratis.thirdparty.io.netty.channel.nio.NioEventLoop.run(NioEventLoop.java:458)
	at org.apache.ratis.thirdparty.io.netty.util.concurrent.SingleThreadEventExecutor$5.run(SingleThreadEventExecutor.java:897)
	at org.apache.ratis.thirdparty.io.netty.util.concurrent.FastThreadLocalRunnable.run(FastThreadLocalRunnable.java:30)
	... 1 more
Caused by: java.net.ConnectException: Connection refused
	... 11 more
2019-08-23 17:34:17,146 [6fbb74d4-a5a3-4cb1-84f5-d8b0772040c1:group-7D984785181D:LeaderElection77] INFO  impl.LeaderElection (LogUtils.java:infoOrTrace(149)) - 6fbb74d4-a5a3-4cb1-84f5-d8b0772040c1:group-7D984785181D:LeaderElection77 got exception when requesting votes: {}
java.util.concurrent.ExecutionException: org.apache.ratis.thirdparty.io.grpc.StatusRuntimeException: UNAVAILABLE: io exception
	at java.util.concurrent.FutureTask.report(FutureTask.java:122)
	at java.util.concurrent.FutureTask.get(FutureTask.java:192)
	at org.apache.ratis.server.impl.LeaderElection.waitForResults(LeaderElection.java:262)
	at org.apache.ratis.server.impl.LeaderElection.askForVotes(LeaderElection.java:200)
	at org.apache.ratis.server.impl.LeaderElection.run(LeaderElection.java:130)
	at java.lang.Thread.run(Thread.java:748)
Caused by: org.apache.ratis.thirdparty.io.grpc.StatusRuntimeException: UNAVAILABLE: io exception
	at org.apache.ratis.thirdparty.io.grpc.stub.ClientCalls.toStatusRuntimeException(ClientCalls.java:233)
	at org.apache.ratis.thirdparty.io.grpc.stub.ClientCalls.getUnchecked(ClientCalls.java:214)
	at org.apache.ratis.thirdparty.io.grpc.stub.ClientCalls.blockingUnaryCall(ClientCalls.java:139)
	at org.apache.ratis.proto.grpc.RaftServerProtocolServiceGrpc$RaftServerProtocolServiceBlockingStub.requestVote(RaftServerProtocolServiceGrpc.java:265)
	at org.apache.ratis.grpc.server.GrpcServerProtocolClient.requestVote(GrpcServerProtocolClient.java:83)
	at org.apache.ratis.grpc.server.GrpcService.requestVote(GrpcService.java:195)
	at org.apache.ratis.server.impl.LeaderElection.lambda$submitRequests$1(LeaderElection.java:237)
	at java.util.concurrent.FutureTask.run(FutureTask.java:266)
	at java.util.concurrent.Executors$RunnableAdapter.call(Executors.java:511)
	at java.util.concurrent.FutureTask.run(FutureTask.java:266)
	at java.util.concurrent.ThreadPoolExecutor.runWorker(ThreadPoolExecutor.java:1149)
	at java.util.concurrent.ThreadPoolExecutor$Worker.run(ThreadPoolExecutor.java:624)
	... 1 more
Caused by: org.apache.ratis.thirdparty.io.netty.channel.AbstractChannel$AnnotatedConnectException: Connection refused: /192.168.69.79:38348
	at sun.nio.ch.SocketChannelImpl.checkConnect(Native Method)
	at sun.nio.ch.SocketChannelImpl.finishConnect(SocketChannelImpl.java:717)
	at org.apache.ratis.thirdparty.io.netty.channel.socket.nio.NioSocketChannel.doFinishConnect(NioSocketChannel.java:327)
	at org.apache.ratis.thirdparty.io.netty.channel.nio.AbstractNioChannel$AbstractNioUnsafe.finishConnect(AbstractNioChannel.java:340)
	at org.apache.ratis.thirdparty.io.netty.channel.nio.NioEventLoop.processSelectedKey(NioEventLoop.java:632)
	at org.apache.ratis.thirdparty.io.netty.channel.nio.NioEventLoop.processSelectedKeysOptimized(NioEventLoop.java:579)
	at org.apache.ratis.thirdparty.io.netty.channel.nio.NioEventLoop.processSelectedKeys(NioEventLoop.java:496)
	at org.apache.ratis.thirdparty.io.netty.channel.nio.NioEventLoop.run(NioEventLoop.java:458)
	at org.apache.ratis.thirdparty.io.netty.util.concurrent.SingleThreadEventExecutor$5.run(SingleThreadEventExecutor.java:897)
	at org.apache.ratis.thirdparty.io.netty.util.concurrent.FastThreadLocalRunnable.run(FastThreadLocalRunnable.java:30)
	... 1 more
Caused by: java.net.ConnectException: Connection refused
	... 11 more
2019-08-23 17:34:17,148 [6fbb74d4-a5a3-4cb1-84f5-d8b0772040c1:group-7D984785181D:LeaderElection77] INFO  impl.LeaderElection (LeaderElection.java:logAndReturn(56)) - 6fbb74d4-a5a3-4cb1-84f5-d8b0772040c1:group-7D984785181D:LeaderElection77: Election REJECTED; received 0 response(s) [] and 2 exception(s); 6fbb74d4-a5a3-4cb1-84f5-d8b0772040c1:t4, leader=null, voted=6fbb74d4-a5a3-4cb1-84f5-d8b0772040c1, raftlog=6fbb74d4-a5a3-4cb1-84f5-d8b0772040c1-SegmentedRaftLog:OPENED:c17,f17,i17, conf=16: [6fbb74d4-a5a3-4cb1-84f5-d8b0772040c1:192.168.69.79:33633, 31967366-836f-459e-918b-b922ad3a04c0:192.168.69.79:38687, 876990c2-a61c-4f07-9bf7-f26a19606da0:192.168.69.79:38348], old=null
2019-08-23 17:34:17,148 [6fbb74d4-a5a3-4cb1-84f5-d8b0772040c1:group-7D984785181D:LeaderElection77] INFO  impl.LeaderElection (LogUtils.java:infoOrTrace(149)) -   Exception 0: {}
java.util.concurrent.ExecutionException: org.apache.ratis.thirdparty.io.grpc.StatusRuntimeException: UNAVAILABLE: io exception
	at java.util.concurrent.FutureTask.report(FutureTask.java:122)
	at java.util.concurrent.FutureTask.get(FutureTask.java:192)
	at org.apache.ratis.server.impl.LeaderElection.waitForResults(LeaderElection.java:262)
	at org.apache.ratis.server.impl.LeaderElection.askForVotes(LeaderElection.java:200)
	at org.apache.ratis.server.impl.LeaderElection.run(LeaderElection.java:130)
	at java.lang.Thread.run(Thread.java:748)
Caused by: org.apache.ratis.thirdparty.io.grpc.StatusRuntimeException: UNAVAILABLE: io exception
	at org.apache.ratis.thirdparty.io.grpc.stub.ClientCalls.toStatusRuntimeException(ClientCalls.java:233)
	at org.apache.ratis.thirdparty.io.grpc.stub.ClientCalls.getUnchecked(ClientCalls.java:214)
	at org.apache.ratis.thirdparty.io.grpc.stub.ClientCalls.blockingUnaryCall(ClientCalls.java:139)
	at org.apache.ratis.proto.grpc.RaftServerProtocolServiceGrpc$RaftServerProtocolServiceBlockingStub.requestVote(RaftServerProtocolServiceGrpc.java:265)
	at org.apache.ratis.grpc.server.GrpcServerProtocolClient.requestVote(GrpcServerProtocolClient.java:83)
	at org.apache.ratis.grpc.server.GrpcService.requestVote(GrpcService.java:195)
	at org.apache.ratis.server.impl.LeaderElection.lambda$submitRequests$1(LeaderElection.java:237)
	at java.util.concurrent.FutureTask.run(FutureTask.java:266)
	at java.util.concurrent.Executors$RunnableAdapter.call(Executors.java:511)
	at java.util.concurrent.FutureTask.run(FutureTask.java:266)
	at java.util.concurrent.ThreadPoolExecutor.runWorker(ThreadPoolExecutor.java:1149)
	at java.util.concurrent.ThreadPoolExecutor$Worker.run(ThreadPoolExecutor.java:624)
	... 1 more
Caused by: org.apache.ratis.thirdparty.io.netty.channel.AbstractChannel$AnnotatedConnectException: Connection refused: /192.168.69.79:38687
	at sun.nio.ch.SocketChannelImpl.checkConnect(Native Method)
	at sun.nio.ch.SocketChannelImpl.finishConnect(SocketChannelImpl.java:717)
	at org.apache.ratis.thirdparty.io.netty.channel.socket.nio.NioSocketChannel.doFinishConnect(NioSocketChannel.java:327)
	at org.apache.ratis.thirdparty.io.netty.channel.nio.AbstractNioChannel$AbstractNioUnsafe.finishConnect(AbstractNioChannel.java:340)
	at org.apache.ratis.thirdparty.io.netty.channel.nio.NioEventLoop.processSelectedKey(NioEventLoop.java:632)
	at org.apache.ratis.thirdparty.io.netty.channel.nio.NioEventLoop.processSelectedKeysOptimized(NioEventLoop.java:579)
	at org.apache.ratis.thirdparty.io.netty.channel.nio.NioEventLoop.processSelectedKeys(NioEventLoop.java:496)
	at org.apache.ratis.thirdparty.io.netty.channel.nio.NioEventLoop.run(NioEventLoop.java:458)
	at org.apache.ratis.thirdparty.io.netty.util.concurrent.SingleThreadEventExecutor$5.run(SingleThreadEventExecutor.java:897)
	at org.apache.ratis.thirdparty.io.netty.util.concurrent.FastThreadLocalRunnable.run(FastThreadLocalRunnable.java:30)
	... 1 more
Caused by: java.net.ConnectException: Connection refused
	... 11 more
2019-08-23 17:34:17,148 [6fbb74d4-a5a3-4cb1-84f5-d8b0772040c1:group-7D984785181D:LeaderElection77] INFO  impl.LeaderElection (LogUtils.java:infoOrTrace(149)) -   Exception 1: {}
java.util.concurrent.ExecutionException: org.apache.ratis.thirdparty.io.grpc.StatusRuntimeException: UNAVAILABLE: io exception
	at java.util.concurrent.FutureTask.report(FutureTask.java:122)
	at java.util.concurrent.FutureTask.get(FutureTask.java:192)
	at org.apache.ratis.server.impl.LeaderElection.waitForResults(LeaderElection.java:262)
	at org.apache.ratis.server.impl.LeaderElection.askForVotes(LeaderElection.java:200)
	at org.apache.ratis.server.impl.LeaderElection.run(LeaderElection.java:130)
	at java.lang.Thread.run(Thread.java:748)
Caused by: org.apache.ratis.thirdparty.io.grpc.StatusRuntimeException: UNAVAILABLE: io exception
	at org.apache.ratis.thirdparty.io.grpc.stub.ClientCalls.toStatusRuntimeException(ClientCalls.java:233)
	at org.apache.ratis.thirdparty.io.grpc.stub.ClientCalls.getUnchecked(ClientCalls.java:214)
	at org.apache.ratis.thirdparty.io.grpc.stub.ClientCalls.blockingUnaryCall(ClientCalls.java:139)
	at org.apache.ratis.proto.grpc.RaftServerProtocolServiceGrpc$RaftServerProtocolServiceBlockingStub.requestVote(RaftServerProtocolServiceGrpc.java:265)
	at org.apache.ratis.grpc.server.GrpcServerProtocolClient.requestVote(GrpcServerProtocolClient.java:83)
	at org.apache.ratis.grpc.server.GrpcService.requestVote(GrpcService.java:195)
	at org.apache.ratis.server.impl.LeaderElection.lambda$submitRequests$1(LeaderElection.java:237)
	at java.util.concurrent.FutureTask.run(FutureTask.java:266)
	at java.util.concurrent.Executors$RunnableAdapter.call(Executors.java:511)
	at java.util.concurrent.FutureTask.run(FutureTask.java:266)
	at java.util.concurrent.ThreadPoolExecutor.runWorker(ThreadPoolExecutor.java:1149)
	at java.util.concurrent.ThreadPoolExecutor$Worker.run(ThreadPoolExecutor.java:624)
	... 1 more
Caused by: org.apache.ratis.thirdparty.io.netty.channel.AbstractChannel$AnnotatedConnectException: Connection refused: /192.168.69.79:38348
	at sun.nio.ch.SocketChannelImpl.checkConnect(Native Method)
	at sun.nio.ch.SocketChannelImpl.finishConnect(SocketChannelImpl.java:717)
	at org.apache.ratis.thirdparty.io.netty.channel.socket.nio.NioSocketChannel.doFinishConnect(NioSocketChannel.java:327)
	at org.apache.ratis.thirdparty.io.netty.channel.nio.AbstractNioChannel$AbstractNioUnsafe.finishConnect(AbstractNioChannel.java:340)
	at org.apache.ratis.thirdparty.io.netty.channel.nio.NioEventLoop.processSelectedKey(NioEventLoop.java:632)
	at org.apache.ratis.thirdparty.io.netty.channel.nio.NioEventLoop.processSelectedKeysOptimized(NioEventLoop.java:579)
	at org.apache.ratis.thirdparty.io.netty.channel.nio.NioEventLoop.processSelectedKeys(NioEventLoop.java:496)
	at org.apache.ratis.thirdparty.io.netty.channel.nio.NioEventLoop.run(NioEventLoop.java:458)
	at org.apache.ratis.thirdparty.io.netty.util.concurrent.SingleThreadEventExecutor$5.run(SingleThreadEventExecutor.java:897)
	at org.apache.ratis.thirdparty.io.netty.util.concurrent.FastThreadLocalRunnable.run(FastThreadLocalRunnable.java:30)
	... 1 more
Caused by: java.net.ConnectException: Connection refused
	... 11 more
2019-08-23 17:34:17,148 [6fbb74d4-a5a3-4cb1-84f5-d8b0772040c1:group-7D984785181D:LeaderElection77] INFO  impl.RaftServerImpl (RaftServerImpl.java:setRole(171)) - 6fbb74d4-a5a3-4cb1-84f5-d8b0772040c1:group-7D984785181D changes role from CANDIDATE to FOLLOWER at term 4 for DISCOVERED_A_NEW_TERM
2019-08-23 17:34:17,148 [6fbb74d4-a5a3-4cb1-84f5-d8b0772040c1:group-7D984785181D:LeaderElection77] INFO  impl.RoleInfo (RoleInfo.java:shutdownLeaderElection(134)) - 6fbb74d4-a5a3-4cb1-84f5-d8b0772040c1: shutdown LeaderElection
2019-08-23 17:34:17,149 [6fbb74d4-a5a3-4cb1-84f5-d8b0772040c1:group-7D984785181D:LeaderElection77] INFO  impl.RoleInfo (RoleInfo.java:updateAndGet(143)) - 6fbb74d4-a5a3-4cb1-84f5-d8b0772040c1: start FollowerState
2019-08-23 17:34:17,507 [EventQueue-StaleNodeForStaleNodeHandler] INFO  node.StaleNodeHandler (StaleNodeHandler.java:onMessage(58)) - Datanode c1868ab2-aa15-4f4a-9771-d4fa90467b59{ip: 192.168.69.79, host: pr-hdds-1898-mkj97-200540441, networkLocation: /default-rack, certSerialId: null} moved to stale state. Finalizing its pipelines [PipelineID=732778ba-4420-4963-b6e0-23790b55d079, PipelineID=8fe3be7b-8f4c-4b99-ba2c-5410f1301b2e]
2019-08-23 17:34:17,507 [EventQueue-StaleNodeForStaleNodeHandler] INFO  pipeline.SCMPipelineManager (SCMPipelineManager.java:finalizeAndDestroyPipeline(309)) - destroying pipeline:Pipeline[ Id: 732778ba-4420-4963-b6e0-23790b55d079, Nodes: a5230df4-e43a-4560-b8d8-ffa5d1239854{ip: 192.168.69.79, host: pr-hdds-1898-mkj97-200540441, networkLocation: /default-rack, certSerialId: null}4a4bc7f8-d7f4-4b72-b368-a22ea43ebd35{ip: 192.168.69.79, host: pr-hdds-1898-mkj97-200540441, networkLocation: /default-rack, certSerialId: null}c1868ab2-aa15-4f4a-9771-d4fa90467b59{ip: 192.168.69.79, host: pr-hdds-1898-mkj97-200540441, networkLocation: /default-rack, certSerialId: null}, Type:RATIS, Factor:THREE, State:CLOSED]
2019-08-23 17:34:17,508 [EventQueue-StaleNodeForStaleNodeHandler] INFO  pipeline.SCMPipelineManager (SCMPipelineManager.java:finalizeAndDestroyPipeline(309)) - destroying pipeline:Pipeline[ Id: 8fe3be7b-8f4c-4b99-ba2c-5410f1301b2e, Nodes: c1868ab2-aa15-4f4a-9771-d4fa90467b59{ip: 192.168.69.79, host: pr-hdds-1898-mkj97-200540441, networkLocation: /default-rack, certSerialId: null}, Type:RATIS, Factor:ONE, State:OPEN]
2019-08-23 17:34:17,508 [EventQueue-StaleNodeForStaleNodeHandler] INFO  pipeline.PipelineStateManager (PipelineStateManager.java:finalizePipeline(123)) - Pipeline Pipeline[ Id: 8fe3be7b-8f4c-4b99-ba2c-5410f1301b2e, Nodes: c1868ab2-aa15-4f4a-9771-d4fa90467b59{ip: 192.168.69.79, host: pr-hdds-1898-mkj97-200540441, networkLocation: /default-rack, certSerialId: null}, Type:RATIS, Factor:ONE, State:CLOSED] moved to CLOSED state
2019-08-23 17:34:17,837 [main] INFO  ozoneimpl.OzoneContainer (OzoneContainer.java:stop(199)) - Attempting to stop container services.
2019-08-23 17:34:17,838 [main] INFO  impl.RaftServerProxy (RaftServerProxy.java:lambda$close$4(314)) - 6fbb74d4-a5a3-4cb1-84f5-d8b0772040c1: close
2019-08-23 17:34:17,838 [main] INFO  impl.RaftServerImpl (RaftServerImpl.java:lambda$shutdown$3(245)) - 6fbb74d4-a5a3-4cb1-84f5-d8b0772040c1: shutdown group-7D984785181D
2019-08-23 17:34:17,838 [main] INFO  util.JmxRegister (JmxRegister.java:unregister(73)) - Successfully un-registered JMX Bean with object name Ratis:service=RaftServer,group=group-7D984785181D,id=6fbb74d4-a5a3-4cb1-84f5-d8b0772040c1
2019-08-23 17:34:17,839 [main] INFO  impl.RoleInfo (RoleInfo.java:shutdownFollowerState(121)) - 6fbb74d4-a5a3-4cb1-84f5-d8b0772040c1: shutdown FollowerState
2019-08-23 17:34:17,839 [main] INFO  impl.StateMachineUpdater (StateMachineUpdater.java:stopAndJoin(115)) - StateMachineUpdater:6fbb74d4-a5a3-4cb1-84f5-d8b0772040c1:group-7D984785181D: set stopIndex = 17
2019-08-23 17:34:17,839 [Thread-3828] INFO  impl.FollowerState (FollowerState.java:run(114)) - 6fbb74d4-a5a3-4cb1-84f5-d8b0772040c1: FollowerState was interrupted: java.lang.InterruptedException: sleep interrupted
2019-08-23 17:34:17,839 [StateMachineUpdater:6fbb74d4-a5a3-4cb1-84f5-d8b0772040c1:group-7D984785181D] INFO  ratis.ContainerStateMachine (ContainerStateMachine.java:takeSnapshot(283)) - group-7D984785181D: Taking a snapshot at:(t:1, i:13) file /workdir/hadoop-ozone/integration-test/target/test-dir/MiniOzoneClusterImpl-8a58fefa-0c45-49f9-a99a-9d96e5fc94fa/datanode-5/data/ratis/90bebacc-638c-4edb-9395-7d984785181d/sm/snapshot.1_13
2019-08-23 17:34:17,843 [ForkJoinPool.commonPool-worker-0] INFO  ozoneimpl.OzoneContainer (OzoneContainer.java:stop(199)) - Attempting to stop container services.
2019-08-23 17:34:17,843 [ForkJoinPool.commonPool-worker-0] INFO  impl.RaftServerProxy (RaftServerProxy.java:lambda$close$4(314)) - c1868ab2-aa15-4f4a-9771-d4fa90467b59: close
2019-08-23 17:34:17,844 [ForkJoinPool.commonPool-worker-0] INFO  impl.RaftServerImpl (RaftServerImpl.java:lambda$shutdown$3(245)) - c1868ab2-aa15-4f4a-9771-d4fa90467b59: shutdown group-23790B55D079
2019-08-23 17:34:17,844 [ForkJoinPool.commonPool-worker-0] INFO  util.JmxRegister (JmxRegister.java:unregister(73)) - Successfully un-registered JMX Bean with object name Ratis:service=RaftServer,group=group-23790B55D079,id=c1868ab2-aa15-4f4a-9771-d4fa90467b59
2019-08-23 17:34:17,844 [ForkJoinPool.commonPool-worker-0] INFO  impl.RoleInfo (RoleInfo.java:shutdownFollowerState(121)) - c1868ab2-aa15-4f4a-9771-d4fa90467b59: shutdown FollowerState
2019-08-23 17:34:17,845 [ForkJoinPool.commonPool-worker-0] INFO  impl.StateMachineUpdater (StateMachineUpdater.java:stopAndJoin(115)) - StateMachineUpdater:c1868ab2-aa15-4f4a-9771-d4fa90467b59:group-23790B55D079: set stopIndex = 15
2019-08-23 17:34:17,845 [StateMachineUpdater:c1868ab2-aa15-4f4a-9771-d4fa90467b59:group-23790B55D079] INFO  ratis.ContainerStateMachine (ContainerStateMachine.java:takeSnapshot(283)) - group-23790B55D079: Taking a snapshot at:(t:1, i:14) file /workdir/hadoop-ozone/integration-test/target/test-dir/MiniOzoneClusterImpl-8a58fefa-0c45-49f9-a99a-9d96e5fc94fa/datanode-0/data/ratis/732778ba-4420-4963-b6e0-23790b55d079/sm/snapshot.1_14
2019-08-23 17:34:17,845 [Thread-3824] INFO  impl.FollowerState (FollowerState.java:run(114)) - c1868ab2-aa15-4f4a-9771-d4fa90467b59: FollowerState was interrupted: java.lang.InterruptedException: sleep interrupted
2019-08-23 17:34:17,856 [StateMachineUpdater:c1868ab2-aa15-4f4a-9771-d4fa90467b59:group-23790B55D079] INFO  ratis.ContainerStateMachine (ContainerStateMachine.java:takeSnapshot(294)) - group-23790B55D079: Finished taking a snapshot at:(t:1, i:14) file:/workdir/hadoop-ozone/integration-test/target/test-dir/MiniOzoneClusterImpl-8a58fefa-0c45-49f9-a99a-9d96e5fc94fa/datanode-0/data/ratis/732778ba-4420-4963-b6e0-23790b55d079/sm/snapshot.1_14 time:12
2019-08-23 17:34:17,856 [StateMachineUpdater:c1868ab2-aa15-4f4a-9771-d4fa90467b59:group-23790B55D079] INFO  impl.StateMachineUpdater (StateMachineUpdater.java:takeSnapshot(242)) - StateMachineUpdater:c1868ab2-aa15-4f4a-9771-d4fa90467b59:group-23790B55D079: Took a snapshot at index 14
2019-08-23 17:34:17,856 [StateMachineUpdater:6fbb74d4-a5a3-4cb1-84f5-d8b0772040c1:group-7D984785181D] INFO  ratis.ContainerStateMachine (ContainerStateMachine.java:takeSnapshot(294)) - group-7D984785181D: Finished taking a snapshot at:(t:1, i:13) file:/workdir/hadoop-ozone/integration-test/target/test-dir/MiniOzoneClusterImpl-8a58fefa-0c45-49f9-a99a-9d96e5fc94fa/datanode-5/data/ratis/90bebacc-638c-4edb-9395-7d984785181d/sm/snapshot.1_13 time:18
2019-08-23 17:34:17,856 [StateMachineUpdater:c1868ab2-aa15-4f4a-9771-d4fa90467b59:group-23790B55D079] INFO  impl.StateMachineUpdater (StateMachineUpdater.java:lambda$new$0(80)) - StateMachineUpdater:c1868ab2-aa15-4f4a-9771-d4fa90467b59:group-23790B55D079: snapshotIndex: updateIncreasingly -1 -> 14
2019-08-23 17:34:17,857 [StateMachineUpdater:6fbb74d4-a5a3-4cb1-84f5-d8b0772040c1:group-7D984785181D] INFO  impl.StateMachineUpdater (StateMachineUpdater.java:takeSnapshot(242)) - StateMachineUpdater:6fbb74d4-a5a3-4cb1-84f5-d8b0772040c1:group-7D984785181D: Took a snapshot at index 13
2019-08-23 17:34:17,857 [StateMachineUpdater:6fbb74d4-a5a3-4cb1-84f5-d8b0772040c1:group-7D984785181D] INFO  impl.StateMachineUpdater (StateMachineUpdater.java:lambda$new$0(80)) - StateMachineUpdater:6fbb74d4-a5a3-4cb1-84f5-d8b0772040c1:group-7D984785181D: snapshotIndex: updateIncreasingly -1 -> 13
2019-08-23 17:34:17,857 [ForkJoinPool.commonPool-worker-0] INFO  impl.RaftServerImpl (ServerState.java:close(394)) - c1868ab2-aa15-4f4a-9771-d4fa90467b59:group-23790B55D079 closes. The last applied log index is 15
2019-08-23 17:34:17,857 [main] INFO  impl.RaftServerImpl (ServerState.java:close(394)) - 6fbb74d4-a5a3-4cb1-84f5-d8b0772040c1:group-7D984785181D closes. The last applied log index is 17
2019-08-23 17:34:17,857 [c1868ab2-aa15-4f4a-9771-d4fa90467b59-SegmentedRaftLogWorker:Storage Directory /workdir/hadoop-ozone/integration-test/target/test-dir/MiniOzoneClusterImpl-8a58fefa-0c45-49f9-a99a-9d96e5fc94fa/datanode-0/data/ratis/732778ba-4420-4963-b6e0-23790b55d079] INFO  segmented.SegmentedRaftLogWorker (SegmentedRaftLogWorker.java:run(313)) - c1868ab2-aa15-4f4a-9771-d4fa90467b59-SegmentedRaftLogWorker:Storage Directory /workdir/hadoop-ozone/integration-test/target/test-dir/MiniOzoneClusterImpl-8a58fefa-0c45-49f9-a99a-9d96e5fc94fa/datanode-0/data/ratis/732778ba-4420-4963-b6e0-23790b55d079 was interrupted, exiting. There are 0 tasks remaining in the queue.
2019-08-23 17:34:17,862 [6fbb74d4-a5a3-4cb1-84f5-d8b0772040c1-SegmentedRaftLogWorker:Storage Directory /workdir/hadoop-ozone/integration-test/target/test-dir/MiniOzoneClusterImpl-8a58fefa-0c45-49f9-a99a-9d96e5fc94fa/datanode-5/data/ratis/90bebacc-638c-4edb-9395-7d984785181d] INFO  segmented.SegmentedRaftLogWorker (SegmentedRaftLogWorker.java:run(313)) - 6fbb74d4-a5a3-4cb1-84f5-d8b0772040c1-SegmentedRaftLogWorker:Storage Directory /workdir/hadoop-ozone/integration-test/target/test-dir/MiniOzoneClusterImpl-8a58fefa-0c45-49f9-a99a-9d96e5fc94fa/datanode-5/data/ratis/90bebacc-638c-4edb-9395-7d984785181d was interrupted, exiting. There are 0 tasks remaining in the queue.
2019-08-23 17:34:17,862 [ForkJoinPool.commonPool-worker-0] INFO  segmented.SegmentedRaftLogWorker (SegmentedRaftLogWorker.java:close(228)) - c1868ab2-aa15-4f4a-9771-d4fa90467b59-SegmentedRaftLogWorker:Storage Directory /workdir/hadoop-ozone/integration-test/target/test-dir/MiniOzoneClusterImpl-8a58fefa-0c45-49f9-a99a-9d96e5fc94fa/datanode-0/data/ratis/732778ba-4420-4963-b6e0-23790b55d079 close()
2019-08-23 17:34:17,862 [main] INFO  segmented.SegmentedRaftLogWorker (SegmentedRaftLogWorker.java:close(228)) - 6fbb74d4-a5a3-4cb1-84f5-d8b0772040c1-SegmentedRaftLogWorker:Storage Directory /workdir/hadoop-ozone/integration-test/target/test-dir/MiniOzoneClusterImpl-8a58fefa-0c45-49f9-a99a-9d96e5fc94fa/datanode-5/data/ratis/90bebacc-638c-4edb-9395-7d984785181d close()
2019-08-23 17:34:17,863 [ForkJoinPool.commonPool-worker-0] INFO  impl.RaftServerImpl (RaftServerImpl.java:lambda$shutdown$3(245)) - c1868ab2-aa15-4f4a-9771-d4fa90467b59: shutdown group-5410F1301B2E
2019-08-23 17:34:17,865 [main] INFO  impl.RaftServerImpl (RaftServerImpl.java:lambda$shutdown$3(245)) - 6fbb74d4-a5a3-4cb1-84f5-d8b0772040c1: shutdown group-FC81EEBA94C8
2019-08-23 17:34:17,865 [ForkJoinPool.commonPool-worker-0] INFO  util.JmxRegister (JmxRegister.java:unregister(73)) - Successfully un-registered JMX Bean with object name Ratis:service=RaftServer,group=group-5410F1301B2E,id=c1868ab2-aa15-4f4a-9771-d4fa90467b59
2019-08-23 17:34:17,865 [main] INFO  util.JmxRegister (JmxRegister.java:unregister(73)) - Successfully un-registered JMX Bean with object name Ratis:service=RaftServer,group=group-FC81EEBA94C8,id=6fbb74d4-a5a3-4cb1-84f5-d8b0772040c1
2019-08-23 17:34:17,866 [main] INFO  impl.RoleInfo (RoleInfo.java:shutdownLeaderState(104)) - 6fbb74d4-a5a3-4cb1-84f5-d8b0772040c1: shutdown LeaderState
2019-08-23 17:34:17,865 [ForkJoinPool.commonPool-worker-0] INFO  impl.RoleInfo (RoleInfo.java:shutdownLeaderState(104)) - c1868ab2-aa15-4f4a-9771-d4fa90467b59: shutdown LeaderState
2019-08-23 17:34:17,866 [main] INFO  impl.PendingRequests (PendingRequests.java:sendNotLeaderResponses(202)) - 6fbb74d4-a5a3-4cb1-84f5-d8b0772040c1-PendingRequests: sendNotLeaderResponses
2019-08-23 17:34:17,866 [ForkJoinPool.commonPool-worker-0] INFO  impl.PendingRequests (PendingRequests.java:sendNotLeaderResponses(202)) - c1868ab2-aa15-4f4a-9771-d4fa90467b59-PendingRequests: sendNotLeaderResponses
2019-08-23 17:34:17,866 [main] INFO  impl.StateMachineUpdater (StateMachineUpdater.java:stopAndJoin(115)) - StateMachineUpdater:6fbb74d4-a5a3-4cb1-84f5-d8b0772040c1:group-FC81EEBA94C8: set stopIndex = 0
2019-08-23 17:34:17,867 [ForkJoinPool.commonPool-worker-0] INFO  impl.StateMachineUpdater (StateMachineUpdater.java:stopAndJoin(115)) - StateMachineUpdater:c1868ab2-aa15-4f4a-9771-d4fa90467b59:group-5410F1301B2E: set stopIndex = 0
2019-08-23 17:34:17,867 [main] INFO  impl.RaftServerImpl (ServerState.java:close(394)) - 6fbb74d4-a5a3-4cb1-84f5-d8b0772040c1:group-FC81EEBA94C8 closes. The last applied log index is 0
2019-08-23 17:34:17,867 [ForkJoinPool.commonPool-worker-0] INFO  impl.RaftServerImpl (ServerState.java:close(394)) - c1868ab2-aa15-4f4a-9771-d4fa90467b59:group-5410F1301B2E closes. The last applied log index is 0
2019-08-23 17:34:17,868 [6fbb74d4-a5a3-4cb1-84f5-d8b0772040c1-SegmentedRaftLogWorker:Storage Directory /workdir/hadoop-ozone/integration-test/target/test-dir/MiniOzoneClusterImpl-8a58fefa-0c45-49f9-a99a-9d96e5fc94fa/datanode-5/data/ratis/15e2b675-6ffd-4a5f-94b8-fc81eeba94c8] INFO  segmented.SegmentedRaftLogWorker (SegmentedRaftLogWorker.java:run(313)) - 6fbb74d4-a5a3-4cb1-84f5-d8b0772040c1-SegmentedRaftLogWorker:Storage Directory /workdir/hadoop-ozone/integration-test/target/test-dir/MiniOzoneClusterImpl-8a58fefa-0c45-49f9-a99a-9d96e5fc94fa/datanode-5/data/ratis/15e2b675-6ffd-4a5f-94b8-fc81eeba94c8 was interrupted, exiting. There are 0 tasks remaining in the queue.
2019-08-23 17:34:17,868 [c1868ab2-aa15-4f4a-9771-d4fa90467b59-SegmentedRaftLogWorker:Storage Directory /workdir/hadoop-ozone/integration-test/target/test-dir/MiniOzoneClusterImpl-8a58fefa-0c45-49f9-a99a-9d96e5fc94fa/datanode-0/data/ratis/8fe3be7b-8f4c-4b99-ba2c-5410f1301b2e] INFO  segmented.SegmentedRaftLogWorker (SegmentedRaftLogWorker.java:run(313)) - c1868ab2-aa15-4f4a-9771-d4fa90467b59-SegmentedRaftLogWorker:Storage Directory /workdir/hadoop-ozone/integration-test/target/test-dir/MiniOzoneClusterImpl-8a58fefa-0c45-49f9-a99a-9d96e5fc94fa/datanode-0/data/ratis/8fe3be7b-8f4c-4b99-ba2c-5410f1301b2e was interrupted, exiting. There are 0 tasks remaining in the queue.
2019-08-23 17:34:17,868 [main] INFO  segmented.SegmentedRaftLogWorker (SegmentedRaftLogWorker.java:close(228)) - 6fbb74d4-a5a3-4cb1-84f5-d8b0772040c1-SegmentedRaftLogWorker:Storage Directory /workdir/hadoop-ozone/integration-test/target/test-dir/MiniOzoneClusterImpl-8a58fefa-0c45-49f9-a99a-9d96e5fc94fa/datanode-5/data/ratis/15e2b675-6ffd-4a5f-94b8-fc81eeba94c8 close()
2019-08-23 17:34:17,868 [ForkJoinPool.commonPool-worker-0] INFO  segmented.SegmentedRaftLogWorker (SegmentedRaftLogWorker.java:close(228)) - c1868ab2-aa15-4f4a-9771-d4fa90467b59-SegmentedRaftLogWorker:Storage Directory /workdir/hadoop-ozone/integration-test/target/test-dir/MiniOzoneClusterImpl-8a58fefa-0c45-49f9-a99a-9d96e5fc94fa/datanode-0/data/ratis/8fe3be7b-8f4c-4b99-ba2c-5410f1301b2e close()
2019-08-23 17:34:17,869 [main] INFO  server.GrpcService (GrpcService.java:closeImpl(155)) - 6fbb74d4-a5a3-4cb1-84f5-d8b0772040c1: shutdown server with port 33633 now
2019-08-23 17:34:17,870 [ForkJoinPool.commonPool-worker-0] INFO  server.GrpcService (GrpcService.java:closeImpl(155)) - c1868ab2-aa15-4f4a-9771-d4fa90467b59: shutdown server with port 41918 now
2019-08-23 17:34:17,871 [main] INFO  server.GrpcService (GrpcService.java:closeImpl(163)) - 6fbb74d4-a5a3-4cb1-84f5-d8b0772040c1: shutdown server with port 33633 successfully
2019-08-23 17:34:17,871 [ForkJoinPool.commonPool-worker-0] INFO  server.GrpcService (GrpcService.java:closeImpl(163)) - c1868ab2-aa15-4f4a-9771-d4fa90467b59: shutdown server with port 41918 successfully
2019-08-23 17:34:17,872 [main] INFO  utils.BackgroundService (BackgroundService.java:shutdown(148)) - Shutting down service BlockDeletingService
2019-08-23 17:34:17,872 [ForkJoinPool.commonPool-worker-0] INFO  utils.BackgroundService (BackgroundService.java:shutdown(148)) - Shutting down service BlockDeletingService
2019-08-23 17:34:17,877 [refreshUsed-/workdir/hadoop-ozone/integration-test/target/test-dir/MiniOzoneClusterImpl-8a58fefa-0c45-49f9-a99a-9d96e5fc94fa/datanode-5/data/containers] WARN  fs.CachingGetSpaceUsed (CachingGetSpaceUsed.java:run(183)) - Thread Interrupted waiting to refresh disk information: sleep interrupted
2019-08-23 17:34:17,877 [refreshUsed-/workdir/hadoop-ozone/integration-test/target/test-dir/MiniOzoneClusterImpl-8a58fefa-0c45-49f9-a99a-9d96e5fc94fa/datanode-0/data/containers] WARN  fs.CachingGetSpaceUsed (CachingGetSpaceUsed.java:run(183)) - Thread Interrupted waiting to refresh disk information: sleep interrupted
2019-08-23 17:34:17,889 [ForkJoinPool.commonPool-worker-0] INFO  statemachine.DatanodeStateMachine (DatanodeStateMachine.java:stopDaemon(395)) - Ozone container server stopped.
2019-08-23 17:34:17,892 [ForkJoinPool.commonPool-worker-0] INFO  handler.ContextHandler (ContextHandler.java:doStop(910)) - Stopped o.e.j.w.WebAppContext@28592982{/,null,UNAVAILABLE}{/hddsDatanode}
2019-08-23 17:34:17,892 [ForkJoinPool.commonPool-worker-0] INFO  server.AbstractConnector (AbstractConnector.java:doStop(318)) - Stopped ServerConnector@caee26e{HTTP/1.1,[http/1.1]}{0.0.0.0:0}
2019-08-23 17:34:17,893 [ForkJoinPool.commonPool-worker-0] INFO  handler.ContextHandler (ContextHandler.java:doStop(910)) - Stopped o.e.j.s.ServletContextHandler@21f7c0be{/static,jar:file:/home/user/.m2/repository/org/apache/hadoop/hadoop-hdds-container-service/0.5.0-SNAPSHOT/hadoop-hdds-container-service-0.5.0-SNAPSHOT.jar!/webapps/static,UNAVAILABLE}
2019-08-23 17:34:17,894 [ForkJoinPool.commonPool-worker-0] INFO  handler.ContextHandler (ContextHandler.java:doStop(910)) - Stopped o.e.j.s.ServletContextHandler@7c7d83ff{/logs,file:///workdir/hadoop-ozone/integration-test/target/log,UNAVAILABLE}
2019-08-23 17:34:17,897 [main] INFO  statemachine.DatanodeStateMachine (DatanodeStateMachine.java:stopDaemon(395)) - Ozone container server stopped.
2019-08-23 17:34:17,898 [main] INFO  handler.ContextHandler (ContextHandler.java:doStop(910)) - Stopped o.e.j.w.WebAppContext@48c5a07d{/,null,UNAVAILABLE}{/hddsDatanode}
2019-08-23 17:34:17,898 [main] INFO  server.AbstractConnector (AbstractConnector.java:doStop(318)) - Stopped ServerConnector@2083bcfd{HTTP/1.1,[http/1.1]}{0.0.0.0:0}
2019-08-23 17:34:17,899 [main] INFO  handler.ContextHandler (ContextHandler.java:doStop(910)) - Stopped o.e.j.s.ServletContextHandler@7536ef0f{/static,jar:file:/home/user/.m2/repository/org/apache/hadoop/hadoop-hdds-container-service/0.5.0-SNAPSHOT/hadoop-hdds-container-service-0.5.0-SNAPSHOT.jar!/webapps/static,UNAVAILABLE}
2019-08-23 17:34:17,899 [main] INFO  handler.ContextHandler (ContextHandler.java:doStop(910)) - Stopped o.e.j.s.ServletContextHandler@5c1605e2{/logs,file:///workdir/hadoop-ozone/integration-test/target/log,UNAVAILABLE}
2019-08-23 17:34:17,900 [main] INFO  ozone.MiniOzoneClusterImpl (MiniOzoneClusterImpl.java:stop(353)) - Stopping the StorageContainerManager
2019-08-23 17:34:17,900 [main] INFO  server.StorageContainerManager (StorageContainerManager.java:stop(797)) - Stopping Replication Manager Service.
2019-08-23 17:34:17,900 [main] INFO  container.ReplicationManager (ReplicationManager.java:stop(193)) - Stopping Replication Monitor Thread.
2019-08-23 17:34:17,900 [main] INFO  server.StorageContainerManager (StorageContainerManager.java:stop(804)) - Stopping Lease Manager of the command watchers
2019-08-23 17:34:17,900 [main] INFO  server.StorageContainerManager (StorageContainerManager.java:stop(811)) - Stopping datanode service RPC server
2019-08-23 17:34:17,900 [main] INFO  server.SCMDatanodeProtocolServer (SCMDatanodeProtocolServer.java:stop(367)) - Stopping the RPC server for DataNodes
2019-08-23 17:34:17,900 [main] INFO  ipc.Server (Server.java:stop(3082)) - Stopping server on 41440
2019-08-23 17:34:17,902 [IPC Server listener on 41440] INFO  ipc.Server (Server.java:run(1185)) - Stopping IPC Server listener on 41440
2019-08-23 17:34:17,904 [IPC Server Responder] INFO  ipc.Server (Server.java:run(1319)) - Stopping IPC Server Responder
2019-08-23 17:34:17,907 [SCM Heartbeat Processing Thread - 0] WARN  node.NodeStateManager (NodeStateManager.java:scheduleNextHealthCheck(646)) - Current Thread is interrupted, shutting down HB processing thread for Node Manager.
2019-08-23 17:34:17,908 [main] INFO  server.StorageContainerManager (StorageContainerManager.java:stop(819)) - Stopping block service RPC server
2019-08-23 17:34:17,908 [main] INFO  server.SCMBlockProtocolServer (SCMBlockProtocolServer.java:stop(148)) - Stopping the RPC server for Block Protocol
2019-08-23 17:34:17,908 [main] INFO  ipc.Server (Server.java:stop(3082)) - Stopping server on 42977
2019-08-23 17:34:17,909 [IPC Server listener on 42977] INFO  ipc.Server (Server.java:run(1185)) - Stopping IPC Server listener on 42977
2019-08-23 17:34:17,909 [main] INFO  server.StorageContainerManager (StorageContainerManager.java:stop(826)) - Stopping the StorageContainerLocationProtocol RPC server
2019-08-23 17:34:17,909 [main] INFO  server.SCMClientProtocolServer (SCMClientProtocolServer.java:stop(159)) - Stopping the RPC server for Client Protocol
2019-08-23 17:34:17,910 [main] INFO  ipc.Server (Server.java:stop(3082)) - Stopping server on 39855
2019-08-23 17:34:17,910 [IPC Server Responder] INFO  ipc.Server (Server.java:run(1319)) - Stopping IPC Server Responder
2019-08-23 17:34:17,912 [IPC Server listener on 39855] INFO  ipc.Server (Server.java:run(1185)) - Stopping IPC Server listener on 39855
2019-08-23 17:34:17,912 [main] INFO  server.StorageContainerManager (StorageContainerManager.java:stop(833)) - Stopping Storage Container Manager HTTP server.
2019-08-23 17:34:17,912 [IPC Server Responder] INFO  ipc.Server (Server.java:run(1319)) - Stopping IPC Server Responder
2019-08-23 17:34:17,913 [main] INFO  handler.ContextHandler (ContextHandler.java:doStop(910)) - Stopped o.e.j.w.WebAppContext@4dfbe8c2{/,null,UNAVAILABLE}{/scm}
2019-08-23 17:34:17,913 [main] INFO  server.AbstractConnector (AbstractConnector.java:doStop(318)) - Stopped ServerConnector@2bb03136{HTTP/1.1,[http/1.1]}{0.0.0.0:0}
2019-08-23 17:34:17,914 [main] INFO  handler.ContextHandler (ContextHandler.java:doStop(910)) - Stopped o.e.j.s.ServletContextHandler@36e9fd4f{/static,file:///workdir/hadoop-ozone/integration-test/target/test-classes/webapps/static,UNAVAILABLE}
2019-08-23 17:34:17,914 [main] INFO  handler.ContextHandler (ContextHandler.java:doStop(910)) - Stopped o.e.j.s.ServletContextHandler@32192a69{/logs,file:///workdir/hadoop-ozone/integration-test/target/log,UNAVAILABLE}
2019-08-23 17:34:17,915 [main] INFO  server.StorageContainerManager (StorageContainerManager.java:stop(844)) - Stopping Block Manager Service.
2019-08-23 17:34:17,915 [main] INFO  utils.BackgroundService (BackgroundService.java:shutdown(148)) - Shutting down service SCMBlockDeletingService
2019-08-23 17:34:17,915 [main] INFO  utils.BackgroundService (BackgroundService.java:shutdown(148)) - Shutting down service SCMBlockDeletingService
2019-08-23 17:34:17,916 [main] INFO  server.StorageContainerManager (StorageContainerManager.java:stop(866)) - Stopping SCM Event Queue.
2019-08-23 17:34:17,919 [main] INFO  impl.MetricsSystemImpl (MetricsSystemImpl.java:stop(210)) - Stopping HddsDatanode metrics system...
2019-08-23 17:34:17,929 [main] INFO  impl.MetricsSystemImpl (MetricsSystemImpl.java:stop(216)) - HddsDatanode metrics system stopped.
]]></system-out>
    <system-err><![CDATA[Aug 23, 2019 5:33:36 PM com.sun.jersey.server.impl.application.WebApplicationImpl _initiate
INFO: Initiating Jersey application, version 'Jersey: 1.19 02/11/2015 03:25 AM'
Aug 23, 2019 5:33:36 PM com.sun.jersey.server.impl.application.WebApplicationImpl _initiate
INFO: Initiating Jersey application, version 'Jersey: 1.19 02/11/2015 03:25 AM'
Aug 23, 2019 5:33:36 PM com.sun.jersey.server.impl.application.WebApplicationImpl _initiate
INFO: Initiating Jersey application, version 'Jersey: 1.19 02/11/2015 03:25 AM'
Aug 23, 2019 5:33:37 PM com.sun.jersey.server.impl.application.WebApplicationImpl _initiate
INFO: Initiating Jersey application, version 'Jersey: 1.19 02/11/2015 03:25 AM'
Aug 23, 2019 5:33:37 PM com.sun.jersey.server.impl.application.WebApplicationImpl _initiate
INFO: Initiating Jersey application, version 'Jersey: 1.19 02/11/2015 03:25 AM'
Aug 23, 2019 5:33:37 PM com.sun.jersey.server.impl.application.WebApplicationImpl _initiate
INFO: Initiating Jersey application, version 'Jersey: 1.19 02/11/2015 03:25 AM'
Aug 23, 2019 5:33:37 PM com.sun.jersey.server.impl.application.WebApplicationImpl _initiate
INFO: Initiating Jersey application, version 'Jersey: 1.19 02/11/2015 03:25 AM'
Aug 23, 2019 5:33:40 PM org.apache.ratis.thirdparty.io.grpc.internal.ManagedChannelOrphanWrapper$ManagedChannelReference cleanQueue
SEVERE: *~*~*~ Channel ManagedChannelImpl{logId=2686, target=192.168.69.79:38655} was not shutdown properly!!! ~*~*~*
    Make sure to call shutdown()/shutdownNow() and wait until awaitTermination() returns true.
java.lang.RuntimeException: ManagedChannel allocation site
	at org.apache.ratis.thirdparty.io.grpc.internal.ManagedChannelOrphanWrapper$ManagedChannelReference.<init>(ManagedChannelOrphanWrapper.java:103)
	at org.apache.ratis.thirdparty.io.grpc.internal.ManagedChannelOrphanWrapper.<init>(ManagedChannelOrphanWrapper.java:53)
	at org.apache.ratis.thirdparty.io.grpc.internal.ManagedChannelOrphanWrapper.<init>(ManagedChannelOrphanWrapper.java:44)
	at org.apache.ratis.thirdparty.io.grpc.internal.AbstractManagedChannelImplBuilder.build(AbstractManagedChannelImplBuilder.java:411)
	at org.apache.ratis.grpc.client.GrpcClientProtocolClient.<init>(GrpcClientProtocolClient.java:119)
	at org.apache.ratis.grpc.client.GrpcClientRpc.lambda$new$0(GrpcClientRpc.java:55)
	at org.apache.ratis.util.PeerProxyMap$PeerAndProxy.lambda$getProxy$0(PeerProxyMap.java:61)
	at org.apache.ratis.util.LifeCycle.startAndTransition(LifeCycle.java:202)
	at org.apache.ratis.util.PeerProxyMap$PeerAndProxy.getProxy(PeerProxyMap.java:60)
	at org.apache.ratis.util.PeerProxyMap.getProxy(PeerProxyMap.java:107)
	at org.apache.ratis.grpc.client.GrpcClientRpc.sendRequestAsync(GrpcClientRpc.java:66)
	at org.apache.ratis.client.impl.OrderedAsync.sendRequest(OrderedAsync.java:208)
	at org.apache.ratis.client.impl.OrderedAsync.sendRequestWithRetry(OrderedAsync.java:169)
	at org.apache.ratis.util.SlidingWindow$Client.sendOrDelayRequest(SlidingWindow.java:278)
	at org.apache.ratis.util.SlidingWindow$Client.retry(SlidingWindow.java:294)
	at org.apache.ratis.client.impl.OrderedAsync.lambda$scheduleWithTimeout$7(OrderedAsync.java:195)
	at org.apache.ratis.util.TimeoutScheduler.lambda$onTimeout$0(TimeoutScheduler.java:85)
	at org.apache.ratis.util.TimeoutScheduler.lambda$onTimeout$1(TimeoutScheduler.java:104)
	at org.apache.ratis.util.LogUtils.runAndLog(LogUtils.java:50)
	at org.apache.ratis.util.LogUtils$1.run(LogUtils.java:91)
	at java.util.concurrent.Executors$RunnableAdapter.call(Executors.java:511)
	at java.util.concurrent.FutureTask.run(FutureTask.java:266)
	at java.util.concurrent.ScheduledThreadPoolExecutor$ScheduledFutureTask.access$201(ScheduledThreadPoolExecutor.java:180)
	at java.util.concurrent.ScheduledThreadPoolExecutor$ScheduledFutureTask.run(ScheduledThreadPoolExecutor.java:293)
	at java.util.concurrent.ThreadPoolExecutor.runWorker(ThreadPoolExecutor.java:1149)
	at java.util.concurrent.ThreadPoolExecutor$Worker.run(ThreadPoolExecutor.java:624)
	at java.lang.Thread.run(Thread.java:748)

Aug 23, 2019 5:33:40 PM org.apache.ratis.thirdparty.io.grpc.internal.ManagedChannelOrphanWrapper$ManagedChannelReference cleanQueue
SEVERE: *~*~*~ Channel ManagedChannelImpl{logId=2719, target=192.168.69.79:44555} was not shutdown properly!!! ~*~*~*
    Make sure to call shutdown()/shutdownNow() and wait until awaitTermination() returns true.
java.lang.RuntimeException: ManagedChannel allocation site
	at org.apache.ratis.thirdparty.io.grpc.internal.ManagedChannelOrphanWrapper$ManagedChannelReference.<init>(ManagedChannelOrphanWrapper.java:103)
	at org.apache.ratis.thirdparty.io.grpc.internal.ManagedChannelOrphanWrapper.<init>(ManagedChannelOrphanWrapper.java:53)
	at org.apache.ratis.thirdparty.io.grpc.internal.ManagedChannelOrphanWrapper.<init>(ManagedChannelOrphanWrapper.java:44)
	at org.apache.ratis.thirdparty.io.grpc.internal.AbstractManagedChannelImplBuilder.build(AbstractManagedChannelImplBuilder.java:411)
	at org.apache.hadoop.hdds.scm.XceiverClientGrpc.connectToDatanode(XceiverClientGrpc.java:174)
	at org.apache.hadoop.hdds.scm.XceiverClientGrpc.reconnect(XceiverClientGrpc.java:422)
	at org.apache.hadoop.hdds.scm.XceiverClientGrpc.sendCommandAsync(XceiverClientGrpc.java:371)
	at org.apache.hadoop.hdds.scm.XceiverClientGrpc.sendCommandWithRetry(XceiverClientGrpc.java:284)
	at org.apache.hadoop.hdds.scm.XceiverClientGrpc.sendCommandWithTraceIDAndRetry(XceiverClientGrpc.java:250)
	at org.apache.hadoop.hdds.scm.XceiverClientGrpc.sendCommand(XceiverClientGrpc.java:233)
	at org.apache.hadoop.hdds.scm.storage.ContainerProtocolCalls.getBlock(ContainerProtocolCalls.java:118)
	at org.apache.hadoop.hdds.scm.storage.BlockInputStream.getChunkInfos(BlockInputStream.java:167)
	at org.apache.hadoop.hdds.scm.storage.BlockInputStream.initialize(BlockInputStream.java:118)
	at org.apache.hadoop.hdds.scm.storage.BlockInputStream.read(BlockInputStream.java:222)
	at org.apache.hadoop.ozone.client.io.KeyInputStream.read(KeyInputStream.java:171)
	at org.apache.hadoop.ozone.client.io.OzoneInputStream.read(OzoneInputStream.java:47)
	at java.io.InputStream.read(InputStream.java:101)
	at org.apache.hadoop.ozone.container.ContainerTestHelper.validateData(ContainerTestHelper.java:713)
	at org.apache.hadoop.ozone.client.rpc.TestBlockOutputStreamWithFailures.validateData(TestBlockOutputStreamWithFailures.java:1216)
	at org.apache.hadoop.ozone.client.rpc.TestBlockOutputStreamWithFailures.testDatanodeFailureWithSingleNodeRatis(TestBlockOutputStreamWithFailures.java:1058)
	at sun.reflect.NativeMethodAccessorImpl.invoke0(Native Method)
	at sun.reflect.NativeMethodAccessorImpl.invoke(NativeMethodAccessorImpl.java:62)
	at sun.reflect.DelegatingMethodAccessorImpl.invoke(DelegatingMethodAccessorImpl.java:43)
	at java.lang.reflect.Method.invoke(Method.java:498)
	at org.junit.runners.model.FrameworkMethod$1.runReflectiveCall(FrameworkMethod.java:47)
	at org.junit.internal.runners.model.ReflectiveCallable.run(ReflectiveCallable.java:12)
	at org.junit.runners.model.FrameworkMethod.invokeExplosively(FrameworkMethod.java:44)
	at org.junit.internal.runners.statements.InvokeMethod.evaluate(InvokeMethod.java:17)
	at org.junit.internal.runners.statements.RunBefores.evaluate(RunBefores.java:26)
	at org.junit.internal.runners.statements.RunAfters.evaluate(RunAfters.java:27)
	at org.junit.runners.ParentRunner.runLeaf(ParentRunner.java:271)
	at org.junit.runners.BlockJUnit4ClassRunner.runChild(BlockJUnit4ClassRunner.java:70)
	at org.junit.runners.BlockJUnit4ClassRunner.runChild(BlockJUnit4ClassRunner.java:50)
	at org.junit.runners.ParentRunner$3.run(ParentRunner.java:238)
	at org.junit.runners.ParentRunner$1.schedule(ParentRunner.java:63)
	at org.junit.runners.ParentRunner.runChildren(ParentRunner.java:236)
	at org.junit.runners.ParentRunner.access$000(ParentRunner.java:53)
	at org.junit.runners.ParentRunner$2.evaluate(ParentRunner.java:229)
	at org.junit.runners.ParentRunner.run(ParentRunner.java:309)
	at org.apache.maven.surefire.junit4.JUnit4Provider.execute(JUnit4Provider.java:365)
	at org.apache.maven.surefire.junit4.JUnit4Provider.executeWithRerun(JUnit4Provider.java:273)
	at org.apache.maven.surefire.junit4.JUnit4Provider.executeTestSet(JUnit4Provider.java:238)
	at org.apache.maven.surefire.junit4.JUnit4Provider.invoke(JUnit4Provider.java:159)
	at org.apache.maven.surefire.booter.ForkedBooter.invokeProviderInSameClassLoader(ForkedBooter.java:384)
	at org.apache.maven.surefire.booter.ForkedBooter.runSuitesInProcess(ForkedBooter.java:345)
	at org.apache.maven.surefire.booter.ForkedBooter.execute(ForkedBooter.java:126)
	at org.apache.maven.surefire.booter.ForkedBooter.main(ForkedBooter.java:418)

Aug 23, 2019 5:33:40 PM org.apache.ratis.thirdparty.io.grpc.internal.ManagedChannelOrphanWrapper$ManagedChannelReference cleanQueue
SEVERE: *~*~*~ Channel ManagedChannelImpl{logId=2916, target=192.168.69.79:36578} was not shutdown properly!!! ~*~*~*
    Make sure to call shutdown()/shutdownNow() and wait until awaitTermination() returns true.
java.lang.RuntimeException: ManagedChannel allocation site
	at org.apache.ratis.thirdparty.io.grpc.internal.ManagedChannelOrphanWrapper$ManagedChannelReference.<init>(ManagedChannelOrphanWrapper.java:103)
	at org.apache.ratis.thirdparty.io.grpc.internal.ManagedChannelOrphanWrapper.<init>(ManagedChannelOrphanWrapper.java:53)
	at org.apache.ratis.thirdparty.io.grpc.internal.ManagedChannelOrphanWrapper.<init>(ManagedChannelOrphanWrapper.java:44)
	at org.apache.ratis.thirdparty.io.grpc.internal.AbstractManagedChannelImplBuilder.build(AbstractManagedChannelImplBuilder.java:411)
	at org.apache.ratis.grpc.client.GrpcClientProtocolClient.<init>(GrpcClientProtocolClient.java:119)
	at org.apache.ratis.grpc.client.GrpcClientRpc.lambda$new$0(GrpcClientRpc.java:55)
	at org.apache.ratis.util.PeerProxyMap$PeerAndProxy.lambda$getProxy$0(PeerProxyMap.java:61)
	at org.apache.ratis.util.LifeCycle.startAndTransition(LifeCycle.java:202)
	at org.apache.ratis.util.PeerProxyMap$PeerAndProxy.getProxy(PeerProxyMap.java:60)
	at org.apache.ratis.util.PeerProxyMap.getProxy(PeerProxyMap.java:107)
	at org.apache.ratis.grpc.client.GrpcClientRpc.sendRequestAsync(GrpcClientRpc.java:66)
	at org.apache.ratis.client.impl.OrderedAsync.sendRequest(OrderedAsync.java:208)
	at org.apache.ratis.client.impl.OrderedAsync.sendRequestWithRetry(OrderedAsync.java:169)
	at org.apache.ratis.util.SlidingWindow$Client.sendOrDelayRequest(SlidingWindow.java:278)
	at org.apache.ratis.util.SlidingWindow$Client.submitNewRequest(SlidingWindow.java:257)
	at org.apache.ratis.client.impl.OrderedAsync.send(OrderedAsync.java:155)
	at org.apache.ratis.client.impl.RaftClientImpl.sendAsync(RaftClientImpl.java:145)
	at org.apache.ratis.client.impl.RaftClientImpl.sendAsync(RaftClientImpl.java:125)
	at org.apache.hadoop.hdds.scm.XceiverClientRatis.sendRequestAsync(XceiverClientRatis.java:224)
	at org.apache.hadoop.hdds.scm.XceiverClientRatis.sendCommandAsync(XceiverClientRatis.java:302)
	at org.apache.hadoop.hdds.scm.storage.ContainerProtocolCalls.writeChunkAsync(ContainerProtocolCalls.java:310)
	at org.apache.hadoop.hdds.scm.storage.BlockOutputStream.writeChunkToContainer(BlockOutputStream.java:601)
	at org.apache.hadoop.hdds.scm.storage.BlockOutputStream.writeChunk(BlockOutputStream.java:459)
	at org.apache.hadoop.hdds.scm.storage.BlockOutputStream.writeOnRetry(BlockOutputStream.java:285)
	at org.apache.hadoop.ozone.client.io.BlockOutputStreamEntry.writeOnRetry(BlockOutputStreamEntry.java:200)
	at org.apache.hadoop.ozone.client.io.KeyOutputStream.handleWrite(KeyOutputStream.java:209)
	at org.apache.hadoop.ozone.client.io.KeyOutputStream.handleRetry(KeyOutputStream.java:376)
	at org.apache.hadoop.ozone.client.io.KeyOutputStream.handleException(KeyOutputStream.java:325)
	at org.apache.hadoop.ozone.client.io.KeyOutputStream.handleFlushOrClose(KeyOutputStream.java:448)
	at org.apache.hadoop.ozone.client.io.KeyOutputStream.handleWrite(KeyOutputStream.java:235)
	at org.apache.hadoop.ozone.client.io.KeyOutputStream.write(KeyOutputStream.java:193)
	at org.apache.hadoop.ozone.client.io.OzoneOutputStream.write(OzoneOutputStream.java:49)
	at java.io.OutputStream.write(OutputStream.java:75)
	at org.apache.hadoop.ozone.client.rpc.TestBlockOutputStreamWithFailures.testWatchForCommitWithSingleNodeRatis(TestBlockOutputStreamWithFailures.java:885)
	at sun.reflect.NativeMethodAccessorImpl.invoke0(Native Method)
	at sun.reflect.NativeMethodAccessorImpl.invoke(NativeMethodAccessorImpl.java:62)
	at sun.reflect.DelegatingMethodAccessorImpl.invoke(DelegatingMethodAccessorImpl.java:43)
	at java.lang.reflect.Method.invoke(Method.java:498)
	at org.junit.runners.model.FrameworkMethod$1.runReflectiveCall(FrameworkMethod.java:47)
	at org.junit.internal.runners.model.ReflectiveCallable.run(ReflectiveCallable.java:12)
	at org.junit.runners.model.FrameworkMethod.invokeExplosively(FrameworkMethod.java:44)
	at org.junit.internal.runners.statements.InvokeMethod.evaluate(InvokeMethod.java:17)
	at org.junit.internal.runners.statements.RunBefores.evaluate(RunBefores.java:26)
	at org.junit.internal.runners.statements.RunAfters.evaluate(RunAfters.java:27)
	at org.junit.runners.ParentRunner.runLeaf(ParentRunner.java:271)
	at org.junit.runners.BlockJUnit4ClassRunner.runChild(BlockJUnit4ClassRunner.java:70)
	at org.junit.runners.BlockJUnit4ClassRunner.runChild(BlockJUnit4ClassRunner.java:50)
	at org.junit.runners.ParentRunner$3.run(ParentRunner.java:238)
	at org.junit.runners.ParentRunner$1.schedule(ParentRunner.java:63)
	at org.junit.runners.ParentRunner.runChildren(ParentRunner.java:236)
	at org.junit.runners.ParentRunner.access$000(ParentRunner.java:53)
	at org.junit.runners.ParentRunner$2.evaluate(ParentRunner.java:229)
	at org.junit.runners.ParentRunner.run(ParentRunner.java:309)
	at org.apache.maven.surefire.junit4.JUnit4Provider.execute(JUnit4Provider.java:365)
	at org.apache.maven.surefire.junit4.JUnit4Provider.executeWithRerun(JUnit4Provider.java:273)
	at org.apache.maven.surefire.junit4.JUnit4Provider.executeTestSet(JUnit4Provider.java:238)
	at org.apache.maven.surefire.junit4.JUnit4Provider.invoke(JUnit4Provider.java:159)
	at org.apache.maven.surefire.booter.ForkedBooter.invokeProviderInSameClassLoader(ForkedBooter.java:384)
	at org.apache.maven.surefire.booter.ForkedBooter.runSuitesInProcess(ForkedBooter.java:345)
	at org.apache.maven.surefire.booter.ForkedBooter.execute(ForkedBooter.java:126)
	at org.apache.maven.surefire.booter.ForkedBooter.main(ForkedBooter.java:418)

Aug 23, 2019 5:33:40 PM org.apache.ratis.thirdparty.io.grpc.internal.ManagedChannelOrphanWrapper$ManagedChannelReference cleanQueue
SEVERE: *~*~*~ Channel ManagedChannelImpl{logId=2926, target=192.168.69.79:39930} was not shutdown properly!!! ~*~*~*
    Make sure to call shutdown()/shutdownNow() and wait until awaitTermination() returns true.
java.lang.RuntimeException: ManagedChannel allocation site
	at org.apache.ratis.thirdparty.io.grpc.internal.ManagedChannelOrphanWrapper$ManagedChannelReference.<init>(ManagedChannelOrphanWrapper.java:103)
	at org.apache.ratis.thirdparty.io.grpc.internal.ManagedChannelOrphanWrapper.<init>(ManagedChannelOrphanWrapper.java:53)
	at org.apache.ratis.thirdparty.io.grpc.internal.ManagedChannelOrphanWrapper.<init>(ManagedChannelOrphanWrapper.java:44)
	at org.apache.ratis.thirdparty.io.grpc.internal.AbstractManagedChannelImplBuilder.build(AbstractManagedChannelImplBuilder.java:411)
	at org.apache.hadoop.hdds.scm.XceiverClientGrpc.connectToDatanode(XceiverClientGrpc.java:174)
	at org.apache.hadoop.hdds.scm.XceiverClientGrpc.reconnect(XceiverClientGrpc.java:422)
	at org.apache.hadoop.hdds.scm.XceiverClientGrpc.sendCommandAsync(XceiverClientGrpc.java:371)
	at org.apache.hadoop.hdds.scm.XceiverClientGrpc.sendCommandWithRetry(XceiverClientGrpc.java:284)
	at org.apache.hadoop.hdds.scm.XceiverClientGrpc.sendCommandWithTraceIDAndRetry(XceiverClientGrpc.java:250)
	at org.apache.hadoop.hdds.scm.XceiverClientGrpc.sendCommand(XceiverClientGrpc.java:233)
	at org.apache.hadoop.hdds.scm.storage.ContainerProtocolCalls.getBlock(ContainerProtocolCalls.java:118)
	at org.apache.hadoop.hdds.scm.storage.BlockInputStream.getChunkInfos(BlockInputStream.java:167)
	at org.apache.hadoop.hdds.scm.storage.BlockInputStream.initialize(BlockInputStream.java:118)
	at org.apache.hadoop.hdds.scm.storage.BlockInputStream.read(BlockInputStream.java:222)
	at org.apache.hadoop.ozone.client.io.KeyInputStream.read(KeyInputStream.java:171)
	at org.apache.hadoop.ozone.client.io.OzoneInputStream.read(OzoneInputStream.java:47)
	at java.io.InputStream.read(InputStream.java:101)
	at org.apache.hadoop.ozone.container.ContainerTestHelper.validateData(ContainerTestHelper.java:713)
	at org.apache.hadoop.ozone.client.rpc.TestBlockOutputStreamWithFailures.validateData(TestBlockOutputStreamWithFailures.java:1216)
	at org.apache.hadoop.ozone.client.rpc.TestBlockOutputStreamWithFailures.testWatchForCommitWithSingleNodeRatis(TestBlockOutputStreamWithFailures.java:918)
	at sun.reflect.NativeMethodAccessorImpl.invoke0(Native Method)
	at sun.reflect.NativeMethodAccessorImpl.invoke(NativeMethodAccessorImpl.java:62)
	at sun.reflect.DelegatingMethodAccessorImpl.invoke(DelegatingMethodAccessorImpl.java:43)
	at java.lang.reflect.Method.invoke(Method.java:498)
	at org.junit.runners.model.FrameworkMethod$1.runReflectiveCall(FrameworkMethod.java:47)
	at org.junit.internal.runners.model.ReflectiveCallable.run(ReflectiveCallable.java:12)
	at org.junit.runners.model.FrameworkMethod.invokeExplosively(FrameworkMethod.java:44)
	at org.junit.internal.runners.statements.InvokeMethod.evaluate(InvokeMethod.java:17)
	at org.junit.internal.runners.statements.RunBefores.evaluate(RunBefores.java:26)
	at org.junit.internal.runners.statements.RunAfters.evaluate(RunAfters.java:27)
	at org.junit.runners.ParentRunner.runLeaf(ParentRunner.java:271)
	at org.junit.runners.BlockJUnit4ClassRunner.runChild(BlockJUnit4ClassRunner.java:70)
	at org.junit.runners.BlockJUnit4ClassRunner.runChild(BlockJUnit4ClassRunner.java:50)
	at org.junit.runners.ParentRunner$3.run(ParentRunner.java:238)
	at org.junit.runners.ParentRunner$1.schedule(ParentRunner.java:63)
	at org.junit.runners.ParentRunner.runChildren(ParentRunner.java:236)
	at org.junit.runners.ParentRunner.access$000(ParentRunner.java:53)
	at org.junit.runners.ParentRunner$2.evaluate(ParentRunner.java:229)
	at org.junit.runners.ParentRunner.run(ParentRunner.java:309)
	at org.apache.maven.surefire.junit4.JUnit4Provider.execute(JUnit4Provider.java:365)
	at org.apache.maven.surefire.junit4.JUnit4Provider.executeWithRerun(JUnit4Provider.java:273)
	at org.apache.maven.surefire.junit4.JUnit4Provider.executeTestSet(JUnit4Provider.java:238)
	at org.apache.maven.surefire.junit4.JUnit4Provider.invoke(JUnit4Provider.java:159)
	at org.apache.maven.surefire.booter.ForkedBooter.invokeProviderInSameClassLoader(ForkedBooter.java:384)
	at org.apache.maven.surefire.booter.ForkedBooter.runSuitesInProcess(ForkedBooter.java:345)
	at org.apache.maven.surefire.booter.ForkedBooter.execute(ForkedBooter.java:126)
	at org.apache.maven.surefire.booter.ForkedBooter.main(ForkedBooter.java:418)

Aug 23, 2019 5:33:40 PM org.apache.ratis.thirdparty.io.grpc.internal.ManagedChannelOrphanWrapper$ManagedChannelReference cleanQueue
SEVERE: *~*~*~ Channel ManagedChannelImpl{logId=2921, target=192.168.69.79:39826} was not shutdown properly!!! ~*~*~*
    Make sure to call shutdown()/shutdownNow() and wait until awaitTermination() returns true.
java.lang.RuntimeException: ManagedChannel allocation site
	at org.apache.ratis.thirdparty.io.grpc.internal.ManagedChannelOrphanWrapper$ManagedChannelReference.<init>(ManagedChannelOrphanWrapper.java:103)
	at org.apache.ratis.thirdparty.io.grpc.internal.ManagedChannelOrphanWrapper.<init>(ManagedChannelOrphanWrapper.java:53)
	at org.apache.ratis.thirdparty.io.grpc.internal.ManagedChannelOrphanWrapper.<init>(ManagedChannelOrphanWrapper.java:44)
	at org.apache.ratis.thirdparty.io.grpc.internal.AbstractManagedChannelImplBuilder.build(AbstractManagedChannelImplBuilder.java:411)
	at org.apache.hadoop.hdds.scm.XceiverClientGrpc.connectToDatanode(XceiverClientGrpc.java:174)
	at org.apache.hadoop.hdds.scm.XceiverClientGrpc.reconnect(XceiverClientGrpc.java:422)
	at org.apache.hadoop.hdds.scm.XceiverClientGrpc.sendCommandAsync(XceiverClientGrpc.java:371)
	at org.apache.hadoop.hdds.scm.XceiverClientGrpc.sendCommandWithRetry(XceiverClientGrpc.java:284)
	at org.apache.hadoop.hdds.scm.XceiverClientGrpc.sendCommandWithTraceIDAndRetry(XceiverClientGrpc.java:250)
	at org.apache.hadoop.hdds.scm.XceiverClientGrpc.sendCommand(XceiverClientGrpc.java:233)
	at org.apache.hadoop.hdds.scm.storage.ContainerProtocolCalls.getBlock(ContainerProtocolCalls.java:118)
	at org.apache.hadoop.hdds.scm.storage.BlockInputStream.getChunkInfos(BlockInputStream.java:167)
	at org.apache.hadoop.hdds.scm.storage.BlockInputStream.initialize(BlockInputStream.java:118)
	at org.apache.hadoop.hdds.scm.storage.BlockInputStream.read(BlockInputStream.java:222)
	at org.apache.hadoop.ozone.client.io.KeyInputStream.read(KeyInputStream.java:171)
	at org.apache.hadoop.ozone.client.io.OzoneInputStream.read(OzoneInputStream.java:47)
	at java.io.InputStream.read(InputStream.java:101)
	at org.apache.hadoop.ozone.container.ContainerTestHelper.validateData(ContainerTestHelper.java:713)
	at org.apache.hadoop.ozone.client.rpc.TestBlockOutputStreamWithFailures.validateData(TestBlockOutputStreamWithFailures.java:1216)
	at org.apache.hadoop.ozone.client.rpc.TestBlockOutputStreamWithFailures.testWatchForCommitWithSingleNodeRatis(TestBlockOutputStreamWithFailures.java:918)
	at sun.reflect.NativeMethodAccessorImpl.invoke0(Native Method)
	at sun.reflect.NativeMethodAccessorImpl.invoke(NativeMethodAccessorImpl.java:62)
	at sun.reflect.DelegatingMethodAccessorImpl.invoke(DelegatingMethodAccessorImpl.java:43)
	at java.lang.reflect.Method.invoke(Method.java:498)
	at org.junit.runners.model.FrameworkMethod$1.runReflectiveCall(FrameworkMethod.java:47)
	at org.junit.internal.runners.model.ReflectiveCallable.run(ReflectiveCallable.java:12)
	at org.junit.runners.model.FrameworkMethod.invokeExplosively(FrameworkMethod.java:44)
	at org.junit.internal.runners.statements.InvokeMethod.evaluate(InvokeMethod.java:17)
	at org.junit.internal.runners.statements.RunBefores.evaluate(RunBefores.java:26)
	at org.junit.internal.runners.statements.RunAfters.evaluate(RunAfters.java:27)
	at org.junit.runners.ParentRunner.runLeaf(ParentRunner.java:271)
	at org.junit.runners.BlockJUnit4ClassRunner.runChild(BlockJUnit4ClassRunner.java:70)
	at org.junit.runners.BlockJUnit4ClassRunner.runChild(BlockJUnit4ClassRunner.java:50)
	at org.junit.runners.ParentRunner$3.run(ParentRunner.java:238)
	at org.junit.runners.ParentRunner$1.schedule(ParentRunner.java:63)
	at org.junit.runners.ParentRunner.runChildren(ParentRunner.java:236)
	at org.junit.runners.ParentRunner.access$000(ParentRunner.java:53)
	at org.junit.runners.ParentRunner$2.evaluate(ParentRunner.java:229)
	at org.junit.runners.ParentRunner.run(ParentRunner.java:309)
	at org.apache.maven.surefire.junit4.JUnit4Provider.execute(JUnit4Provider.java:365)
	at org.apache.maven.surefire.junit4.JUnit4Provider.executeWithRerun(JUnit4Provider.java:273)
	at org.apache.maven.surefire.junit4.JUnit4Provider.executeTestSet(JUnit4Provider.java:238)
	at org.apache.maven.surefire.junit4.JUnit4Provider.invoke(JUnit4Provider.java:159)
	at org.apache.maven.surefire.booter.ForkedBooter.invokeProviderInSameClassLoader(ForkedBooter.java:384)
	at org.apache.maven.surefire.booter.ForkedBooter.runSuitesInProcess(ForkedBooter.java:345)
	at org.apache.maven.surefire.booter.ForkedBooter.execute(ForkedBooter.java:126)
	at org.apache.maven.surefire.booter.ForkedBooter.main(ForkedBooter.java:418)

Aug 23, 2019 5:33:40 PM org.apache.ratis.thirdparty.io.grpc.internal.ManagedChannelOrphanWrapper$ManagedChannelReference cleanQueue
SEVERE: *~*~*~ Channel ManagedChannelImpl{logId=2911, target=192.168.69.79:45369} was not shutdown properly!!! ~*~*~*
    Make sure to call shutdown()/shutdownNow() and wait until awaitTermination() returns true.
java.lang.RuntimeException: ManagedChannel allocation site
	at org.apache.ratis.thirdparty.io.grpc.internal.ManagedChannelOrphanWrapper$ManagedChannelReference.<init>(ManagedChannelOrphanWrapper.java:103)
	at org.apache.ratis.thirdparty.io.grpc.internal.ManagedChannelOrphanWrapper.<init>(ManagedChannelOrphanWrapper.java:53)
	at org.apache.ratis.thirdparty.io.grpc.internal.ManagedChannelOrphanWrapper.<init>(ManagedChannelOrphanWrapper.java:44)
	at org.apache.ratis.thirdparty.io.grpc.internal.AbstractManagedChannelImplBuilder.build(AbstractManagedChannelImplBuilder.java:411)
	at org.apache.ratis.grpc.client.GrpcClientProtocolClient.<init>(GrpcClientProtocolClient.java:119)
	at org.apache.ratis.grpc.client.GrpcClientRpc.lambda$new$0(GrpcClientRpc.java:55)
	at org.apache.ratis.util.PeerProxyMap$PeerAndProxy.lambda$getProxy$0(PeerProxyMap.java:61)
	at org.apache.ratis.util.LifeCycle.startAndTransition(LifeCycle.java:202)
	at org.apache.ratis.util.PeerProxyMap$PeerAndProxy.getProxy(PeerProxyMap.java:60)
	at org.apache.ratis.util.PeerProxyMap.getProxy(PeerProxyMap.java:107)
	at org.apache.ratis.grpc.client.GrpcClientRpc.sendRequestAsync(GrpcClientRpc.java:66)
	at org.apache.ratis.client.impl.OrderedAsync.sendRequest(OrderedAsync.java:208)
	at org.apache.ratis.client.impl.OrderedAsync.sendRequestWithRetry(OrderedAsync.java:169)
	at org.apache.ratis.util.SlidingWindow$Client.sendOrDelayRequest(SlidingWindow.java:278)
	at org.apache.ratis.util.SlidingWindow$Client.retry(SlidingWindow.java:294)
	at org.apache.ratis.client.impl.OrderedAsync.lambda$scheduleWithTimeout$7(OrderedAsync.java:195)
	at org.apache.ratis.util.TimeoutScheduler.lambda$onTimeout$0(TimeoutScheduler.java:85)
	at org.apache.ratis.util.TimeoutScheduler.lambda$onTimeout$1(TimeoutScheduler.java:104)
	at org.apache.ratis.util.LogUtils.runAndLog(LogUtils.java:50)
	at org.apache.ratis.util.LogUtils$1.run(LogUtils.java:91)
	at java.util.concurrent.Executors$RunnableAdapter.call(Executors.java:511)
	at java.util.concurrent.FutureTask.run(FutureTask.java:266)
	at java.util.concurrent.ScheduledThreadPoolExecutor$ScheduledFutureTask.access$201(ScheduledThreadPoolExecutor.java:180)
	at java.util.concurrent.ScheduledThreadPoolExecutor$ScheduledFutureTask.run(ScheduledThreadPoolExecutor.java:293)
	at java.util.concurrent.ThreadPoolExecutor.runWorker(ThreadPoolExecutor.java:1149)
	at java.util.concurrent.ThreadPoolExecutor$Worker.run(ThreadPoolExecutor.java:624)
	at java.lang.Thread.run(Thread.java:748)

Aug 23, 2019 5:33:40 PM org.apache.ratis.thirdparty.io.grpc.internal.ManagedChannelOrphanWrapper$ManagedChannelReference cleanQueue
SEVERE: *~*~*~ Channel ManagedChannelImpl{logId=2724, target=192.168.69.79:44966} was not shutdown properly!!! ~*~*~*
    Make sure to call shutdown()/shutdownNow() and wait until awaitTermination() returns true.
java.lang.RuntimeException: ManagedChannel allocation site
	at org.apache.ratis.thirdparty.io.grpc.internal.ManagedChannelOrphanWrapper$ManagedChannelReference.<init>(ManagedChannelOrphanWrapper.java:103)
	at org.apache.ratis.thirdparty.io.grpc.internal.ManagedChannelOrphanWrapper.<init>(ManagedChannelOrphanWrapper.java:53)
	at org.apache.ratis.thirdparty.io.grpc.internal.ManagedChannelOrphanWrapper.<init>(ManagedChannelOrphanWrapper.java:44)
	at org.apache.ratis.thirdparty.io.grpc.internal.AbstractManagedChannelImplBuilder.build(AbstractManagedChannelImplBuilder.java:411)
	at org.apache.hadoop.hdds.scm.XceiverClientGrpc.connectToDatanode(XceiverClientGrpc.java:174)
	at org.apache.hadoop.hdds.scm.XceiverClientGrpc.reconnect(XceiverClientGrpc.java:422)
	at org.apache.hadoop.hdds.scm.XceiverClientGrpc.sendCommandAsync(XceiverClientGrpc.java:371)
	at org.apache.hadoop.hdds.scm.XceiverClientGrpc.sendCommandWithRetry(XceiverClientGrpc.java:284)
	at org.apache.hadoop.hdds.scm.XceiverClientGrpc.sendCommandWithTraceIDAndRetry(XceiverClientGrpc.java:250)
	at org.apache.hadoop.hdds.scm.XceiverClientGrpc.sendCommand(XceiverClientGrpc.java:233)
	at org.apache.hadoop.hdds.scm.storage.ContainerProtocolCalls.getBlock(ContainerProtocolCalls.java:118)
	at org.apache.hadoop.hdds.scm.storage.BlockInputStream.getChunkInfos(BlockInputStream.java:167)
	at org.apache.hadoop.hdds.scm.storage.BlockInputStream.initialize(BlockInputStream.java:118)
	at org.apache.hadoop.hdds.scm.storage.BlockInputStream.read(BlockInputStream.java:222)
	at org.apache.hadoop.ozone.client.io.KeyInputStream.read(KeyInputStream.java:171)
	at org.apache.hadoop.ozone.client.io.OzoneInputStream.read(OzoneInputStream.java:47)
	at java.io.InputStream.read(InputStream.java:101)
	at org.apache.hadoop.ozone.container.ContainerTestHelper.validateData(ContainerTestHelper.java:713)
	at org.apache.hadoop.ozone.client.rpc.TestBlockOutputStreamWithFailures.validateData(TestBlockOutputStreamWithFailures.java:1216)
	at org.apache.hadoop.ozone.client.rpc.TestBlockOutputStreamWithFailures.testDatanodeFailureWithSingleNodeRatis(TestBlockOutputStreamWithFailures.java:1058)
	at sun.reflect.NativeMethodAccessorImpl.invoke0(Native Method)
	at sun.reflect.NativeMethodAccessorImpl.invoke(NativeMethodAccessorImpl.java:62)
	at sun.reflect.DelegatingMethodAccessorImpl.invoke(DelegatingMethodAccessorImpl.java:43)
	at java.lang.reflect.Method.invoke(Method.java:498)
	at org.junit.runners.model.FrameworkMethod$1.runReflectiveCall(FrameworkMethod.java:47)
	at org.junit.internal.runners.model.ReflectiveCallable.run(ReflectiveCallable.java:12)
	at org.junit.runners.model.FrameworkMethod.invokeExplosively(FrameworkMethod.java:44)
	at org.junit.internal.runners.statements.InvokeMethod.evaluate(InvokeMethod.java:17)
	at org.junit.internal.runners.statements.RunBefores.evaluate(RunBefores.java:26)
	at org.junit.internal.runners.statements.RunAfters.evaluate(RunAfters.java:27)
	at org.junit.runners.ParentRunner.runLeaf(ParentRunner.java:271)
	at org.junit.runners.BlockJUnit4ClassRunner.runChild(BlockJUnit4ClassRunner.java:70)
	at org.junit.runners.BlockJUnit4ClassRunner.runChild(BlockJUnit4ClassRunner.java:50)
	at org.junit.runners.ParentRunner$3.run(ParentRunner.java:238)
	at org.junit.runners.ParentRunner$1.schedule(ParentRunner.java:63)
	at org.junit.runners.ParentRunner.runChildren(ParentRunner.java:236)
	at org.junit.runners.ParentRunner.access$000(ParentRunner.java:53)
	at org.junit.runners.ParentRunner$2.evaluate(ParentRunner.java:229)
	at org.junit.runners.ParentRunner.run(ParentRunner.java:309)
	at org.apache.maven.surefire.junit4.JUnit4Provider.execute(JUnit4Provider.java:365)
	at org.apache.maven.surefire.junit4.JUnit4Provider.executeWithRerun(JUnit4Provider.java:273)
	at org.apache.maven.surefire.junit4.JUnit4Provider.executeTestSet(JUnit4Provider.java:238)
	at org.apache.maven.surefire.junit4.JUnit4Provider.invoke(JUnit4Provider.java:159)
	at org.apache.maven.surefire.booter.ForkedBooter.invokeProviderInSameClassLoader(ForkedBooter.java:384)
	at org.apache.maven.surefire.booter.ForkedBooter.runSuitesInProcess(ForkedBooter.java:345)
	at org.apache.maven.surefire.booter.ForkedBooter.execute(ForkedBooter.java:126)
	at org.apache.maven.surefire.booter.ForkedBooter.main(ForkedBooter.java:418)

Aug 23, 2019 5:33:40 PM org.apache.ratis.thirdparty.io.grpc.internal.ManagedChannelOrphanWrapper$ManagedChannelReference cleanQueue
SEVERE: *~*~*~ Channel ManagedChannelImpl{logId=2690, target=192.168.69.79:42779} was not shutdown properly!!! ~*~*~*
    Make sure to call shutdown()/shutdownNow() and wait until awaitTermination() returns true.
java.lang.RuntimeException: ManagedChannel allocation site
	at org.apache.ratis.thirdparty.io.grpc.internal.ManagedChannelOrphanWrapper$ManagedChannelReference.<init>(ManagedChannelOrphanWrapper.java:103)
	at org.apache.ratis.thirdparty.io.grpc.internal.ManagedChannelOrphanWrapper.<init>(ManagedChannelOrphanWrapper.java:53)
	at org.apache.ratis.thirdparty.io.grpc.internal.ManagedChannelOrphanWrapper.<init>(ManagedChannelOrphanWrapper.java:44)
	at org.apache.ratis.thirdparty.io.grpc.internal.AbstractManagedChannelImplBuilder.build(AbstractManagedChannelImplBuilder.java:411)
	at org.apache.ratis.grpc.client.GrpcClientProtocolClient.<init>(GrpcClientProtocolClient.java:119)
	at org.apache.ratis.grpc.client.GrpcClientRpc.lambda$new$0(GrpcClientRpc.java:55)
	at org.apache.ratis.util.PeerProxyMap$PeerAndProxy.lambda$getProxy$0(PeerProxyMap.java:61)
	at org.apache.ratis.util.LifeCycle.startAndTransition(LifeCycle.java:202)
	at org.apache.ratis.util.PeerProxyMap$PeerAndProxy.getProxy(PeerProxyMap.java:60)
	at org.apache.ratis.util.PeerProxyMap.getProxy(PeerProxyMap.java:107)
	at org.apache.ratis.grpc.client.GrpcClientRpc.sendRequestAsync(GrpcClientRpc.java:66)
	at org.apache.ratis.client.impl.OrderedAsync.sendRequest(OrderedAsync.java:208)
	at org.apache.ratis.client.impl.OrderedAsync.sendRequestWithRetry(OrderedAsync.java:169)
	at org.apache.ratis.util.SlidingWindow$Client.sendOrDelayRequest(SlidingWindow.java:278)
	at org.apache.ratis.util.SlidingWindow$Client.submitNewRequest(SlidingWindow.java:257)
	at org.apache.ratis.client.impl.OrderedAsync.send(OrderedAsync.java:155)
	at org.apache.ratis.client.impl.RaftClientImpl.sendAsync(RaftClientImpl.java:145)
	at org.apache.ratis.client.impl.RaftClientImpl.sendAsync(RaftClientImpl.java:125)
	at org.apache.hadoop.hdds.scm.XceiverClientRatis.sendRequestAsync(XceiverClientRatis.java:224)
	at org.apache.hadoop.hdds.scm.XceiverClientRatis.sendCommandAsync(XceiverClientRatis.java:302)
	at org.apache.hadoop.hdds.scm.storage.ContainerProtocolCalls.writeChunkAsync(ContainerProtocolCalls.java:310)
	at org.apache.hadoop.hdds.scm.storage.BlockOutputStream.writeChunkToContainer(BlockOutputStream.java:601)
	at org.apache.hadoop.hdds.scm.storage.BlockOutputStream.writeChunk(BlockOutputStream.java:459)
	at org.apache.hadoop.hdds.scm.storage.BlockOutputStream.writeOnRetry(BlockOutputStream.java:285)
	at org.apache.hadoop.ozone.client.io.BlockOutputStreamEntry.writeOnRetry(BlockOutputStreamEntry.java:200)
	at org.apache.hadoop.ozone.client.io.KeyOutputStream.handleWrite(KeyOutputStream.java:209)
	at org.apache.hadoop.ozone.client.io.KeyOutputStream.handleRetry(KeyOutputStream.java:376)
	at org.apache.hadoop.ozone.client.io.KeyOutputStream.handleException(KeyOutputStream.java:325)
	at org.apache.hadoop.ozone.client.io.KeyOutputStream.handleFlushOrClose(KeyOutputStream.java:448)
	at org.apache.hadoop.ozone.client.io.KeyOutputStream.handleWrite(KeyOutputStream.java:235)
	at org.apache.hadoop.ozone.client.io.KeyOutputStream.write(KeyOutputStream.java:193)
	at org.apache.hadoop.ozone.client.io.OzoneOutputStream.write(OzoneOutputStream.java:49)
	at java.io.OutputStream.write(OutputStream.java:75)
	at org.apache.hadoop.ozone.client.rpc.TestBlockOutputStreamWithFailures.testDatanodeFailureWithSingleNodeRatis(TestBlockOutputStreamWithFailures.java:1021)
	at sun.reflect.NativeMethodAccessorImpl.invoke0(Native Method)
	at sun.reflect.NativeMethodAccessorImpl.invoke(NativeMethodAccessorImpl.java:62)
	at sun.reflect.DelegatingMethodAccessorImpl.invoke(DelegatingMethodAccessorImpl.java:43)
	at java.lang.reflect.Method.invoke(Method.java:498)
	at org.junit.runners.model.FrameworkMethod$1.runReflectiveCall(FrameworkMethod.java:47)
	at org.junit.internal.runners.model.ReflectiveCallable.run(ReflectiveCallable.java:12)
	at org.junit.runners.model.FrameworkMethod.invokeExplosively(FrameworkMethod.java:44)
	at org.junit.internal.runners.statements.InvokeMethod.evaluate(InvokeMethod.java:17)
	at org.junit.internal.runners.statements.RunBefores.evaluate(RunBefores.java:26)
	at org.junit.internal.runners.statements.RunAfters.evaluate(RunAfters.java:27)
	at org.junit.runners.ParentRunner.runLeaf(ParentRunner.java:271)
	at org.junit.runners.BlockJUnit4ClassRunner.runChild(BlockJUnit4ClassRunner.java:70)
	at org.junit.runners.BlockJUnit4ClassRunner.runChild(BlockJUnit4ClassRunner.java:50)
	at org.junit.runners.ParentRunner$3.run(ParentRunner.java:238)
	at org.junit.runners.ParentRunner$1.schedule(ParentRunner.java:63)
	at org.junit.runners.ParentRunner.runChildren(ParentRunner.java:236)
	at org.junit.runners.ParentRunner.access$000(ParentRunner.java:53)
	at org.junit.runners.ParentRunner$2.evaluate(ParentRunner.java:229)
	at org.junit.runners.ParentRunner.run(ParentRunner.java:309)
	at org.apache.maven.surefire.junit4.JUnit4Provider.execute(JUnit4Provider.java:365)
	at org.apache.maven.surefire.junit4.JUnit4Provider.executeWithRerun(JUnit4Provider.java:273)
	at org.apache.maven.surefire.junit4.JUnit4Provider.executeTestSet(JUnit4Provider.java:238)
	at org.apache.maven.surefire.junit4.JUnit4Provider.invoke(JUnit4Provider.java:159)
	at org.apache.maven.surefire.booter.ForkedBooter.invokeProviderInSameClassLoader(ForkedBooter.java:384)
	at org.apache.maven.surefire.booter.ForkedBooter.runSuitesInProcess(ForkedBooter.java:345)
	at org.apache.maven.surefire.booter.ForkedBooter.execute(ForkedBooter.java:126)
	at org.apache.maven.surefire.booter.ForkedBooter.main(ForkedBooter.java:418)

]]></system-err>
  </testcase>
  <testcase name="testFailureWithPrimeSizedData" classname="org.apache.hadoop.ozone.client.rpc.TestBlockOutputStreamWithFailures" time="39.287"/>
  <testcase name="testWatchForCommitWithCloseContainerException" classname="org.apache.hadoop.ozone.client.rpc.TestBlockOutputStreamWithFailures" time="39.884"/>
  <testcase name="testExceptionDuringClose" classname="org.apache.hadoop.ozone.client.rpc.TestBlockOutputStreamWithFailures" time="33.15"/>
</testsuite>