<?xml version="1.0" encoding="UTF-8"?>
<testsuite xmlns:xsi="http://www.w3.org/2001/XMLSchema-instance" xsi:noNamespaceSchemaLocation="https://maven.apache.org/surefire/maven-surefire-plugin/xsd/surefire-test-report.xsd" name="org.apache.hadoop.ozone.freon.TestDataValidateWithSafeByteOperations" time="63.521" tests="3" errors="3" skipped="0" failures="0">
  <properties>
    <property name="awt.toolkit" value="sun.awt.X11.XToolkit"/>
    <property name="file.encoding.pkg" value="sun.io"/>
    <property name="java.specification.version" value="1.8"/>
    <property name="sun.cpu.isalist" value=""/>
    <property name="sun.jnu.encoding" value="UTF-8"/>
    <property name="java.class.path" value="/workdir/hadoop-ozone/tools/target/test-classes:/workdir/hadoop-ozone/tools/target/classes:/home/user/.m2/repository/org/apache/hadoop/hadoop-ozone-ozone-manager/0.5.0-SNAPSHOT/hadoop-ozone-ozone-manager-0.5.0-SNAPSHOT.jar:/home/user/.m2/repository/org/apache/hadoop/hadoop-hdds-docs/0.5.0-SNAPSHOT/hadoop-hdds-docs-0.5.0-SNAPSHOT.jar:/home/user/.m2/repository/org/bouncycastle/bcprov-jdk15on/1.60/bcprov-jdk15on-1.60.jar:/home/user/.m2/repository/org/apache/hadoop/hadoop-ozone-common/0.5.0-SNAPSHOT/hadoop-ozone-common-0.5.0-SNAPSHOT.jar:/home/user/.m2/repository/org/apache/commons/commons-compress/1.4.1/commons-compress-1.4.1.jar:/home/user/.m2/repository/org/tukaani/xz/1.0/xz-1.0.jar:/home/user/.m2/repository/org/apache/hadoop/hadoop-hdfs-client/3.2.0/hadoop-hdfs-client-3.2.0.jar:/home/user/.m2/repository/com/fasterxml/jackson/core/jackson-annotations/2.9.5/jackson-annotations-2.9.5.jar:/home/user/.m2/repository/org/apache/hadoop/hadoop-hdds-common/0.5.0-SNAPSHOT/hadoop-hdds-common-0.5.0-SNAPSHOT.jar:/home/user/.m2/repository/org/apache/hadoop/hadoop-hdds-config/0.5.0-SNAPSHOT/hadoop-hdds-config-0.5.0-SNAPSHOT.jar:/home/user/.m2/repository/javax/annotation/javax.annotation-api/1.2/javax.annotation-api-1.2.jar:/home/user/.m2/repository/org/apache/ratis/ratis-server/0.4.0-2337318-SNAPSHOT/ratis-server-0.4.0-2337318-SNAPSHOT.jar:/home/user/.m2/repository/org/apache/ratis/ratis-thirdparty-misc/0.2.0/ratis-thirdparty-misc-0.2.0.jar:/home/user/.m2/repository/org/apache/ratis/ratis-proto/0.4.0-2337318-SNAPSHOT/ratis-proto-0.4.0-2337318-SNAPSHOT.jar:/home/user/.m2/repository/org/apache/ratis/ratis-common/0.4.0-2337318-SNAPSHOT/ratis-common-0.4.0-2337318-SNAPSHOT.jar:/home/user/.m2/repository/org/apache/ratis/ratis-client/0.4.0-2337318-SNAPSHOT/ratis-client-0.4.0-2337318-SNAPSHOT.jar:/home/user/.m2/repository/org/apache/ratis/ratis-metrics/0.4.0-2337318-SNAPSHOT/ratis-metrics-0.4.0-2337318-SNAPSHOT.jar:/home/user/.m2/repository/org/apache/ratis/ratis-netty/0.4.0-2337318-SNAPSHOT/ratis-netty-0.4.0-2337318-SNAPSHOT.jar:/home/user/.m2/repository/org/apache/ratis/ratis-grpc/0.4.0-2337318-SNAPSHOT/ratis-grpc-0.4.0-2337318-SNAPSHOT.jar:/home/user/.m2/repository/org/rocksdb/rocksdbjni/6.0.1/rocksdbjni-6.0.1.jar:/home/user/.m2/repository/org/apache/logging/log4j/log4j-api/2.11.0/log4j-api-2.11.0.jar:/home/user/.m2/repository/org/apache/logging/log4j/log4j-core/2.11.0/log4j-core-2.11.0.jar:/home/user/.m2/repository/com/lmax/disruptor/3.4.2/disruptor-3.4.2.jar:/home/user/.m2/repository/org/apache/commons/commons-pool2/2.6.0/commons-pool2-2.6.0.jar:/home/user/.m2/repository/org/bouncycastle/bcpkix-jdk15on/1.60/bcpkix-jdk15on-1.60.jar:/home/user/.m2/repository/commons-validator/commons-validator/1.6/commons-validator-1.6.jar:/home/user/.m2/repository/commons-digester/commons-digester/1.8.1/commons-digester-1.8.1.jar:/home/user/.m2/repository/io/jaegertracing/jaeger-client/0.33.1/jaeger-client-0.33.1.jar:/home/user/.m2/repository/io/jaegertracing/jaeger-thrift/0.33.1/jaeger-thrift-0.33.1.jar:/home/user/.m2/repository/org/apache/thrift/libthrift/0.11.0/libthrift-0.11.0.jar:/home/user/.m2/repository/com/squareup/okhttp3/okhttp/3.9.0/okhttp-3.9.0.jar:/home/user/.m2/repository/com/squareup/okio/okio/1.13.0/okio-1.13.0.jar:/home/user/.m2/repository/io/jaegertracing/jaeger-core/0.33.1/jaeger-core-0.33.1.jar:/home/user/.m2/repository/io/jaegertracing/jaeger-tracerresolver/0.33.1/jaeger-tracerresolver-0.33.1.jar:/home/user/.m2/repository/io/opentracing/contrib/opentracing-tracerresolver/0.1.5/opentracing-tracerresolver-0.1.5.jar:/home/user/.m2/repository/io/opentracing/opentracing-util/0.31.0/opentracing-util-0.31.0.jar:/home/user/.m2/repository/io/opentracing/opentracing-api/0.31.0/opentracing-api-0.31.0.jar:/home/user/.m2/repository/io/opentracing/opentracing-noop/0.31.0/opentracing-noop-0.31.0.jar:/home/user/.m2/repository/org/yaml/snakeyaml/1.16/snakeyaml-1.16.jar:/home/user/.m2/repository/org/apache/hadoop/hadoop-hdds-container-service/0.5.0-SNAPSHOT/hadoop-hdds-container-service-0.5.0-SNAPSHOT.jar:/home/user/.m2/repository/org/apache/hadoop/hadoop-hdds-client/0.5.0-SNAPSHOT/hadoop-hdds-client-0.5.0-SNAPSHOT.jar:/home/user/.m2/repository/org/apache/hadoop/hadoop-hdds-tools/0.5.0-SNAPSHOT/hadoop-hdds-tools-0.5.0-SNAPSHOT.jar:/home/user/.m2/repository/org/xerial/sqlite-jdbc/3.25.2/sqlite-jdbc-3.25.2.jar:/home/user/.m2/repository/org/apache/hadoop/hadoop-hdds-server-scm/0.5.0-SNAPSHOT/hadoop-hdds-server-scm-0.5.0-SNAPSHOT.jar:/home/user/.m2/repository/org/hamcrest/hamcrest-all/1.3/hamcrest-all-1.3.jar:/home/user/.m2/repository/info/picocli/picocli/3.9.6/picocli-3.9.6.jar:/home/user/.m2/repository/com/google/protobuf/protobuf-java/2.5.0/protobuf-java-2.5.0.jar:/home/user/.m2/repository/com/google/guava/guava/11.0.2/guava-11.0.2.jar:/home/user/.m2/repository/org/apache/hadoop/hadoop-ozone-client/0.5.0-SNAPSHOT/hadoop-ozone-client-0.5.0-SNAPSHOT.jar:/workdir/hadoop-ozone/ozonefs/target/classes:/home/user/.m2/repository/org/apache/hadoop/hadoop-hdds-server-framework/0.5.0-SNAPSHOT/hadoop-hdds-server-framework-0.5.0-SNAPSHOT.jar:/home/user/.m2/repository/org/apache/hadoop/hadoop-common/3.2.0/hadoop-common-3.2.0.jar:/home/user/.m2/repository/org/apache/hadoop/hadoop-annotations/3.2.0/hadoop-annotations-3.2.0.jar:/usr/lib/jvm/java-1.8-openjdk/jre/../lib/tools.jar:/home/user/.m2/repository/commons-cli/commons-cli/1.2/commons-cli-1.2.jar:/home/user/.m2/repository/org/apache/commons/commons-math3/3.1.1/commons-math3-3.1.1.jar:/home/user/.m2/repository/org/apache/httpcomponents/httpclient/4.5.2/httpclient-4.5.2.jar:/home/user/.m2/repository/org/apache/httpcomponents/httpcore/4.4.4/httpcore-4.4.4.jar:/home/user/.m2/repository/commons-codec/commons-codec/1.11/commons-codec-1.11.jar:/home/user/.m2/repository/commons-io/commons-io/2.5/commons-io-2.5.jar:/home/user/.m2/repository/commons-net/commons-net/3.6/commons-net-3.6.jar:/home/user/.m2/repository/commons-collections/commons-collections/3.2.2/commons-collections-3.2.2.jar:/home/user/.m2/repository/javax/servlet/javax.servlet-api/3.1.0/javax.servlet-api-3.1.0.jar:/home/user/.m2/repository/org/eclipse/jetty/jetty-server/9.3.24.v20180605/jetty-server-9.3.24.v20180605.jar:/home/user/.m2/repository/org/eclipse/jetty/jetty-http/9.3.24.v20180605/jetty-http-9.3.24.v20180605.jar:/home/user/.m2/repository/org/eclipse/jetty/jetty-io/9.3.24.v20180605/jetty-io-9.3.24.v20180605.jar:/home/user/.m2/repository/org/eclipse/jetty/jetty-util/9.3.24.v20180605/jetty-util-9.3.24.v20180605.jar:/home/user/.m2/repository/org/eclipse/jetty/jetty-servlet/9.3.24.v20180605/jetty-servlet-9.3.24.v20180605.jar:/home/user/.m2/repository/org/eclipse/jetty/jetty-security/9.3.24.v20180605/jetty-security-9.3.24.v20180605.jar:/home/user/.m2/repository/org/eclipse/jetty/jetty-webapp/9.3.24.v20180605/jetty-webapp-9.3.24.v20180605.jar:/home/user/.m2/repository/org/eclipse/jetty/jetty-xml/9.3.24.v20180605/jetty-xml-9.3.24.v20180605.jar:/home/user/.m2/repository/javax/servlet/jsp/jsp-api/2.1/jsp-api-2.1.jar:/home/user/.m2/repository/com/sun/jersey/jersey-core/1.19/jersey-core-1.19.jar:/home/user/.m2/repository/javax/ws/rs/jsr311-api/1.1.1/jsr311-api-1.1.1.jar:/home/user/.m2/repository/com/sun/jersey/jersey-servlet/1.19/jersey-servlet-1.19.jar:/home/user/.m2/repository/com/sun/jersey/jersey-json/1.19/jersey-json-1.19.jar:/home/user/.m2/repository/org/codehaus/jettison/jettison/1.1/jettison-1.1.jar:/home/user/.m2/repository/com/sun/xml/bind/jaxb-impl/2.3.0.1/jaxb-impl-2.3.0.1.jar:/home/user/.m2/repository/org/codehaus/jackson/jackson-core-asl/1.9.13/jackson-core-asl-1.9.13.jar:/home/user/.m2/repository/org/codehaus/jackson/jackson-mapper-asl/1.9.13/jackson-mapper-asl-1.9.13.jar:/home/user/.m2/repository/org/codehaus/jackson/jackson-jaxrs/1.9.13/jackson-jaxrs-1.9.13.jar:/home/user/.m2/repository/org/codehaus/jackson/jackson-xc/1.9.13/jackson-xc-1.9.13.jar:/home/user/.m2/repository/com/sun/jersey/jersey-server/1.19/jersey-server-1.19.jar:/home/user/.m2/repository/commons-logging/commons-logging/1.1.3/commons-logging-1.1.3.jar:/home/user/.m2/repository/log4j/log4j/1.2.17/log4j-1.2.17.jar:/home/user/.m2/repository/commons-beanutils/commons-beanutils/1.9.3/commons-beanutils-1.9.3.jar:/home/user/.m2/repository/org/apache/commons/commons-configuration2/2.1.1/commons-configuration2-2.1.1.jar:/home/user/.m2/repository/org/apache/commons/commons-lang3/3.7/commons-lang3-3.7.jar:/home/user/.m2/repository/org/apache/commons/commons-text/1.4/commons-text-1.4.jar:/home/user/.m2/repository/org/slf4j/slf4j-api/1.7.25/slf4j-api-1.7.25.jar:/home/user/.m2/repository/org/slf4j/slf4j-log4j12/1.7.25/slf4j-log4j12-1.7.25.jar:/home/user/.m2/repository/org/apache/avro/avro/1.7.7/avro-1.7.7.jar:/home/user/.m2/repository/com/thoughtworks/paranamer/paranamer/2.3/paranamer-2.3.jar:/home/user/.m2/repository/org/xerial/snappy/snappy-java/1.0.5/snappy-java-1.0.5.jar:/home/user/.m2/repository/com/google/re2j/re2j/1.1/re2j-1.1.jar:/home/user/.m2/repository/com/google/code/gson/gson/2.2.4/gson-2.2.4.jar:/home/user/.m2/repository/org/apache/hadoop/hadoop-auth/3.2.0/hadoop-auth-3.2.0.jar:/home/user/.m2/repository/com/nimbusds/nimbus-jose-jwt/4.41.1/nimbus-jose-jwt-4.41.1.jar:/home/user/.m2/repository/com/github/stephenc/jcip/jcip-annotations/1.0-1/jcip-annotations-1.0-1.jar:/home/user/.m2/repository/net/minidev/json-smart/2.3/json-smart-2.3.jar:/home/user/.m2/repository/net/minidev/accessors-smart/1.2/accessors-smart-1.2.jar:/home/user/.m2/repository/org/apache/curator/curator-framework/2.12.0/curator-framework-2.12.0.jar:/home/user/.m2/repository/com/jcraft/jsch/0.1.54/jsch-0.1.54.jar:/home/user/.m2/repository/org/apache/curator/curator-client/2.12.0/curator-client-2.12.0.jar:/home/user/.m2/repository/org/apache/curator/curator-recipes/2.12.0/curator-recipes-2.12.0.jar:/home/user/.m2/repository/com/google/code/findbugs/jsr305/3.0.0/jsr305-3.0.0.jar:/home/user/.m2/repository/org/apache/htrace/htrace-core4/4.1.0-incubating/htrace-core4-4.1.0-incubating.jar:/home/user/.m2/repository/org/apache/zookeeper/zookeeper/3.4.13/zookeeper-3.4.13.jar:/home/user/.m2/repository/org/apache/yetus/audience-annotations/0.5.0/audience-annotations-0.5.0.jar:/home/user/.m2/repository/org/apache/kerby/kerb-simplekdc/1.0.1/kerb-simplekdc-1.0.1.jar:/home/user/.m2/repository/org/apache/kerby/kerb-client/1.0.1/kerb-client-1.0.1.jar:/home/user/.m2/repository/org/apache/kerby/kerby-config/1.0.1/kerby-config-1.0.1.jar:/home/user/.m2/repository/org/apache/kerby/kerb-core/1.0.1/kerb-core-1.0.1.jar:/home/user/.m2/repository/org/apache/kerby/kerby-pkix/1.0.1/kerby-pkix-1.0.1.jar:/home/user/.m2/repository/org/apache/kerby/kerby-asn1/1.0.1/kerby-asn1-1.0.1.jar:/home/user/.m2/repository/org/apache/kerby/kerby-util/1.0.1/kerby-util-1.0.1.jar:/home/user/.m2/repository/org/apache/kerby/kerb-common/1.0.1/kerb-common-1.0.1.jar:/home/user/.m2/repository/org/apache/kerby/kerb-crypto/1.0.1/kerb-crypto-1.0.1.jar:/home/user/.m2/repository/org/apache/kerby/kerb-util/1.0.1/kerb-util-1.0.1.jar:/home/user/.m2/repository/org/apache/kerby/token-provider/1.0.1/token-provider-1.0.1.jar:/home/user/.m2/repository/org/apache/kerby/kerb-admin/1.0.1/kerb-admin-1.0.1.jar:/home/user/.m2/repository/org/apache/kerby/kerb-server/1.0.1/kerb-server-1.0.1.jar:/home/user/.m2/repository/org/apache/kerby/kerb-identity/1.0.1/kerb-identity-1.0.1.jar:/home/user/.m2/repository/org/apache/kerby/kerby-xdr/1.0.1/kerby-xdr-1.0.1.jar:/home/user/.m2/repository/com/fasterxml/jackson/core/jackson-databind/2.9.5/jackson-databind-2.9.5.jar:/home/user/.m2/repository/com/fasterxml/jackson/core/jackson-core/2.9.5/jackson-core-2.9.5.jar:/home/user/.m2/repository/org/codehaus/woodstox/stax2-api/3.1.4/stax2-api-3.1.4.jar:/home/user/.m2/repository/com/fasterxml/woodstox/woodstox-core/5.0.3/woodstox-core-5.0.3.jar:/home/user/.m2/repository/dnsjava/dnsjava/2.1.7/dnsjava-2.1.7.jar:/home/user/.m2/repository/org/apache/hadoop/hadoop-hdfs/3.2.0/hadoop-hdfs-3.2.0.jar:/home/user/.m2/repository/org/eclipse/jetty/jetty-util-ajax/9.3.24.v20180605/jetty-util-ajax-9.3.24.v20180605.jar:/home/user/.m2/repository/commons-daemon/commons-daemon/1.0.13/commons-daemon-1.0.13.jar:/home/user/.m2/repository/io/netty/netty/3.10.5.Final/netty-3.10.5.Final.jar:/home/user/.m2/repository/io/netty/netty-all/4.0.52.Final/netty-all-4.0.52.Final.jar:/home/user/.m2/repository/org/fusesource/leveldbjni/leveldbjni-all/1.8/leveldbjni-all-1.8.jar:/home/user/.m2/repository/com/sun/xml/bind/jaxb-core/2.3.0.1/jaxb-core-2.3.0.1.jar:/home/user/.m2/repository/javax/xml/bind/jaxb-api/2.3.0/jaxb-api-2.3.0.jar:/home/user/.m2/repository/javax/activation/activation/1.1.1/activation-1.1.1.jar:/home/user/.m2/repository/io/dropwizard/metrics/metrics-core/3.2.4/metrics-core-3.2.4.jar:/home/user/.m2/repository/org/openjdk/jmh/jmh-core/1.19/jmh-core-1.19.jar:/home/user/.m2/repository/net/sf/jopt-simple/jopt-simple/4.6/jopt-simple-4.6.jar:/home/user/.m2/repository/org/openjdk/jmh/jmh-generator-annprocess/1.19/jmh-generator-annprocess-1.19.jar:/home/user/.m2/repository/com/google/code/findbugs/findbugs/3.0.1/findbugs-3.0.1.jar:/home/user/.m2/repository/net/jcip/jcip-annotations/1.0/jcip-annotations-1.0.jar:/home/user/.m2/repository/com/google/code/findbugs/bcel-findbugs/6.0/bcel-findbugs-6.0.jar:/home/user/.m2/repository/com/google/code/findbugs/jFormatString/2.0.1/jFormatString-2.0.1.jar:/home/user/.m2/repository/dom4j/dom4j/1.6.1/dom4j-1.6.1.jar:/home/user/.m2/repository/xml-apis/xml-apis/1.0.b2/xml-apis-1.0.b2.jar:/home/user/.m2/repository/org/ow2/asm/asm-debug-all/5.0.2/asm-debug-all-5.0.2.jar:/home/user/.m2/repository/org/ow2/asm/asm-commons/5.0.2/asm-commons-5.0.2.jar:/home/user/.m2/repository/org/ow2/asm/asm-tree/5.0.2/asm-tree-5.0.2.jar:/home/user/.m2/repository/org/ow2/asm/asm/5.0.4/asm-5.0.4.jar:/home/user/.m2/repository/commons-lang/commons-lang/2.6/commons-lang-2.6.jar:/home/user/.m2/repository/com/apple/AppleJavaExtensions/1.4/AppleJavaExtensions-1.4.jar:/home/user/.m2/repository/jaxen/jaxen/1.1.6/jaxen-1.1.6.jar:/home/user/.m2/repository/junit/junit/4.11/junit-4.11.jar:/home/user/.m2/repository/org/hamcrest/hamcrest-core/1.3/hamcrest-core-1.3.jar:/home/user/.m2/repository/org/apache/hadoop/hadoop-common/3.2.0/hadoop-common-3.2.0-tests.jar:/workdir/hadoop-ozone/integration-test/target/test-classes:/home/user/.m2/repository/org/apache/hadoop/hadoop-ozone-objectstore-service/0.5.0-SNAPSHOT/hadoop-ozone-objectstore-service-0.5.0-SNAPSHOT.jar:/home/user/.m2/repository/org/apache/hadoop/hadoop-ozone-s3gateway/0.5.0-SNAPSHOT/hadoop-ozone-s3gateway-0.5.0-SNAPSHOT.jar:/home/user/.m2/repository/org/jboss/weld/servlet/weld-servlet/2.4.7.Final/weld-servlet-2.4.7.Final.jar:/home/user/.m2/repository/org/glassfish/jersey/containers/jersey-container-servlet-core/2.27/jersey-container-servlet-core-2.27.jar:/home/user/.m2/repository/org/glassfish/hk2/external/javax.inject/2.5.0-b42/javax.inject-2.5.0-b42.jar:/home/user/.m2/repository/org/glassfish/jersey/core/jersey-common/2.27/jersey-common-2.27.jar:/home/user/.m2/repository/org/glassfish/hk2/osgi-resource-locator/1.0.1/osgi-resource-locator-1.0.1.jar:/home/user/.m2/repository/javax/ws/rs/javax.ws.rs-api/2.1/javax.ws.rs-api-2.1.jar:/home/user/.m2/repository/org/glassfish/jersey/ext/cdi/jersey-cdi1x/2.27/jersey-cdi1x-2.27.jar:/home/user/.m2/repository/org/glassfish/jersey/inject/jersey-hk2/2.27/jersey-hk2-2.27.jar:/home/user/.m2/repository/org/glassfish/hk2/hk2-locator/2.5.0-b42/hk2-locator-2.5.0-b42.jar:/home/user/.m2/repository/org/javassist/javassist/3.22.0-CR2/javassist-3.22.0-CR2.jar:/home/user/.m2/repository/org/glassfish/hk2/hk2-api/2.5.0/hk2-api-2.5.0.jar:/home/user/.m2/repository/org/glassfish/hk2/external/jakarta.inject/2.5.0/jakarta.inject-2.5.0.jar:/home/user/.m2/repository/org/glassfish/hk2/hk2-utils/2.5.0/hk2-utils-2.5.0.jar:/home/user/.m2/repository/jakarta/annotation/jakarta.annotation-api/1.3.4/jakarta.annotation-api-1.3.4.jar:/home/user/.m2/repository/org/glassfish/hk2/external/aopalliance-repackaged/2.5.0/aopalliance-repackaged-2.5.0.jar:/home/user/.m2/repository/com/fasterxml/jackson/dataformat/jackson-dataformat-xml/2.9.0/jackson-dataformat-xml-2.9.0.jar:/home/user/.m2/repository/com/fasterxml/jackson/module/jackson-module-jaxb-annotations/2.9.5/jackson-module-jaxb-annotations-2.9.5.jar:/home/user/.m2/repository/javax/enterprise/cdi-api/1.2/cdi-api-1.2.jar:/home/user/.m2/repository/javax/el/javax.el-api/3.0.0/javax.el-api-3.0.0.jar:/home/user/.m2/repository/javax/interceptor/javax.interceptor-api/1.2/javax.interceptor-api-1.2.jar:/home/user/.m2/repository/javax/inject/javax.inject/1/javax.inject-1.jar:/home/user/.m2/repository/org/apache/hadoop/hadoop-ozone-csi/0.5.0-SNAPSHOT/hadoop-ozone-csi-0.5.0-SNAPSHOT.jar:/home/user/.m2/repository/com/google/protobuf/protobuf-java-util/3.5.1/protobuf-java-util-3.5.1.jar:/home/user/.m2/repository/io/grpc/grpc-netty/1.17.1/grpc-netty-1.17.1.jar:/home/user/.m2/repository/io/grpc/grpc-core/1.17.1/grpc-core-1.17.1.jar:/home/user/.m2/repository/io/grpc/grpc-context/1.17.1/grpc-context-1.17.1.jar:/home/user/.m2/repository/com/google/errorprone/error_prone_annotations/2.2.0/error_prone_annotations-2.2.0.jar:/home/user/.m2/repository/org/codehaus/mojo/animal-sniffer-annotations/1.17/animal-sniffer-annotations-1.17.jar:/home/user/.m2/repository/io/opencensus/opencensus-api/0.17.0/opencensus-api-0.17.0.jar:/home/user/.m2/repository/io/opencensus/opencensus-contrib-grpc-metrics/0.17.0/opencensus-contrib-grpc-metrics-0.17.0.jar:/home/user/.m2/repository/io/netty/netty-codec-http2/4.1.30.Final/netty-codec-http2-4.1.30.Final.jar:/home/user/.m2/repository/io/netty/netty-codec-http/4.1.30.Final/netty-codec-http-4.1.30.Final.jar:/home/user/.m2/repository/io/netty/netty-codec/4.1.30.Final/netty-codec-4.1.30.Final.jar:/home/user/.m2/repository/io/netty/netty-handler/4.1.30.Final/netty-handler-4.1.30.Final.jar:/home/user/.m2/repository/io/netty/netty-handler-proxy/4.1.30.Final/netty-handler-proxy-4.1.30.Final.jar:/home/user/.m2/repository/io/netty/netty-codec-socks/4.1.30.Final/netty-codec-socks-4.1.30.Final.jar:/home/user/.m2/repository/io/netty/netty-transport-native-epoll/4.1.30.Final/netty-transport-native-epoll-4.1.30.Final.jar:/home/user/.m2/repository/io/netty/netty-common/4.1.30.Final/netty-common-4.1.30.Final.jar:/home/user/.m2/repository/io/netty/netty-buffer/4.1.30.Final/netty-buffer-4.1.30.Final.jar:/home/user/.m2/repository/io/netty/netty-transport/4.1.30.Final/netty-transport-4.1.30.Final.jar:/home/user/.m2/repository/io/netty/netty-resolver/4.1.30.Final/netty-resolver-4.1.30.Final.jar:/home/user/.m2/repository/io/netty/netty-transport-native-unix-common/4.1.30.Final/netty-transport-native-unix-common-4.1.30.Final.jar:/home/user/.m2/repository/io/grpc/grpc-protobuf/1.17.1/grpc-protobuf-1.17.1.jar:/home/user/.m2/repository/com/google/api/grpc/proto-google-common-protos/1.0.0/proto-google-common-protos-1.0.0.jar:/home/user/.m2/repository/io/grpc/grpc-protobuf-lite/1.17.1/grpc-protobuf-lite-1.17.1.jar:/home/user/.m2/repository/io/grpc/grpc-stub/1.17.1/grpc-stub-1.17.1.jar:/home/user/.m2/repository/org/apache/hadoop/hadoop-ozone-recon/0.5.0-SNAPSHOT/hadoop-ozone-recon-0.5.0-SNAPSHOT.jar:/home/user/.m2/repository/org/apache/hadoop/hadoop-ozone-reconcodegen/0.5.0-SNAPSHOT/hadoop-ozone-reconcodegen-0.5.0-SNAPSHOT.jar:/home/user/.m2/repository/com/google/inject/extensions/guice-multibindings/4.0/guice-multibindings-4.0.jar:/home/user/.m2/repository/com/google/inject/guice/4.0/guice-4.0.jar:/home/user/.m2/repository/aopalliance/aopalliance/1.0/aopalliance-1.0.jar:/home/user/.m2/repository/com/google/inject/extensions/guice-servlet/4.0/guice-servlet-4.0.jar:/home/user/.m2/repository/org/glassfish/jersey/containers/jersey-container-servlet/2.27/jersey-container-servlet-2.27.jar:/home/user/.m2/repository/org/glassfish/hk2/guice-bridge/2.5.0/guice-bridge-2.5.0.jar:/home/user/.m2/repository/org/glassfish/jersey/core/jersey-server/2.27/jersey-server-2.27.jar:/home/user/.m2/repository/org/glassfish/jersey/core/jersey-client/2.27/jersey-client-2.27.jar:/home/user/.m2/repository/org/glassfish/jersey/media/jersey-media-jaxb/2.27/jersey-media-jaxb-2.27.jar:/home/user/.m2/repository/javax/validation/validation-api/1.1.0.Final/validation-api-1.1.0.Final.jar:/home/user/.m2/repository/org/glassfish/jersey/media/jersey-media-json-jackson/2.27/jersey-media-json-jackson-2.27.jar:/home/user/.m2/repository/org/glassfish/jersey/ext/jersey-entity-filtering/2.27/jersey-entity-filtering-2.27.jar:/home/user/.m2/repository/com/google/inject/extensions/guice-assistedinject/4.0/guice-assistedinject-4.0.jar:/home/user/.m2/repository/org/jooq/jooq/3.11.10/jooq-3.11.10.jar:/home/user/.m2/repository/org/jooq/jooq-meta/3.11.10/jooq-meta-3.11.10.jar:/home/user/.m2/repository/org/jooq/jooq-codegen/3.11.10/jooq-codegen-3.11.10.jar:/home/user/.m2/repository/com/jolbox/bonecp/0.8.0.RELEASE/bonecp-0.8.0.RELEASE.jar:/home/user/.m2/repository/org/springframework/spring-jdbc/5.1.3.RELEASE/spring-jdbc-5.1.3.RELEASE.jar:/home/user/.m2/repository/org/springframework/spring-beans/5.1.3.RELEASE/spring-beans-5.1.3.RELEASE.jar:/home/user/.m2/repository/org/springframework/spring-core/5.1.3.RELEASE/spring-core-5.1.3.RELEASE.jar:/home/user/.m2/repository/org/springframework/spring-jcl/5.1.3.RELEASE/spring-jcl-5.1.3.RELEASE.jar:/home/user/.m2/repository/org/springframework/spring-tx/5.1.3.RELEASE/spring-tx-5.1.3.RELEASE.jar:/home/user/.m2/repository/org/mockito/mockito-core/2.15.0/mockito-core-2.15.0.jar:/home/user/.m2/repository/net/bytebuddy/byte-buddy/1.7.9/byte-buddy-1.7.9.jar:/home/user/.m2/repository/net/bytebuddy/byte-buddy-agent/1.7.9/byte-buddy-agent-1.7.9.jar:/home/user/.m2/repository/org/objenesis/objenesis/1.0/objenesis-1.0.jar:"/>
    <property name="java.vm.vendor" value="IcedTea"/>
    <property name="sun.arch.data.model" value="64"/>
    <property name="test.build.dir" value="/workdir/hadoop-ozone/tools/target/test-dir"/>
    <property name="test.cache.data" value=""/>
    <property name="java.vendor.url" value="https://icedtea.classpath.org"/>
    <property name="user.timezone" value=""/>
    <property name="java.vm.specification.version" value="1.8"/>
    <property name="os.name" value="Linux"/>
    <property name="test.build.data" value="/workdir/hadoop-ozone/tools/target/test-dir"/>
    <property name="user.country" value="US"/>
    <property name="sun.java.launcher" value="SUN_STANDARD"/>
    <property name="sun.boot.library.path" value="/usr/lib/jvm/java-1.8-openjdk/jre/lib/amd64"/>
    <property name="sun.java.command" value="/workdir/hadoop-ozone/tools/target/surefire/surefirebooter6457332525805922398.jar /workdir/hadoop-ozone/tools/target/surefire 2019-09-19T08-36-14_945-jvmRun1 surefire8238908876444390646tmp surefire_1151355282227182187869tmp"/>
    <property name="test" value="!TestMiniChaosOzoneCluster"/>
    <property name="surefire.test.class.path" value="/workdir/hadoop-ozone/tools/target/test-classes:/workdir/hadoop-ozone/tools/target/classes:/home/user/.m2/repository/org/apache/hadoop/hadoop-ozone-ozone-manager/0.5.0-SNAPSHOT/hadoop-ozone-ozone-manager-0.5.0-SNAPSHOT.jar:/home/user/.m2/repository/org/apache/hadoop/hadoop-hdds-docs/0.5.0-SNAPSHOT/hadoop-hdds-docs-0.5.0-SNAPSHOT.jar:/home/user/.m2/repository/org/bouncycastle/bcprov-jdk15on/1.60/bcprov-jdk15on-1.60.jar:/home/user/.m2/repository/org/apache/hadoop/hadoop-ozone-common/0.5.0-SNAPSHOT/hadoop-ozone-common-0.5.0-SNAPSHOT.jar:/home/user/.m2/repository/org/apache/commons/commons-compress/1.4.1/commons-compress-1.4.1.jar:/home/user/.m2/repository/org/tukaani/xz/1.0/xz-1.0.jar:/home/user/.m2/repository/org/apache/hadoop/hadoop-hdfs-client/3.2.0/hadoop-hdfs-client-3.2.0.jar:/home/user/.m2/repository/com/fasterxml/jackson/core/jackson-annotations/2.9.5/jackson-annotations-2.9.5.jar:/home/user/.m2/repository/org/apache/hadoop/hadoop-hdds-common/0.5.0-SNAPSHOT/hadoop-hdds-common-0.5.0-SNAPSHOT.jar:/home/user/.m2/repository/org/apache/hadoop/hadoop-hdds-config/0.5.0-SNAPSHOT/hadoop-hdds-config-0.5.0-SNAPSHOT.jar:/home/user/.m2/repository/javax/annotation/javax.annotation-api/1.2/javax.annotation-api-1.2.jar:/home/user/.m2/repository/org/apache/ratis/ratis-server/0.4.0-2337318-SNAPSHOT/ratis-server-0.4.0-2337318-SNAPSHOT.jar:/home/user/.m2/repository/org/apache/ratis/ratis-thirdparty-misc/0.2.0/ratis-thirdparty-misc-0.2.0.jar:/home/user/.m2/repository/org/apache/ratis/ratis-proto/0.4.0-2337318-SNAPSHOT/ratis-proto-0.4.0-2337318-SNAPSHOT.jar:/home/user/.m2/repository/org/apache/ratis/ratis-common/0.4.0-2337318-SNAPSHOT/ratis-common-0.4.0-2337318-SNAPSHOT.jar:/home/user/.m2/repository/org/apache/ratis/ratis-client/0.4.0-2337318-SNAPSHOT/ratis-client-0.4.0-2337318-SNAPSHOT.jar:/home/user/.m2/repository/org/apache/ratis/ratis-metrics/0.4.0-2337318-SNAPSHOT/ratis-metrics-0.4.0-2337318-SNAPSHOT.jar:/home/user/.m2/repository/org/apache/ratis/ratis-netty/0.4.0-2337318-SNAPSHOT/ratis-netty-0.4.0-2337318-SNAPSHOT.jar:/home/user/.m2/repository/org/apache/ratis/ratis-grpc/0.4.0-2337318-SNAPSHOT/ratis-grpc-0.4.0-2337318-SNAPSHOT.jar:/home/user/.m2/repository/org/rocksdb/rocksdbjni/6.0.1/rocksdbjni-6.0.1.jar:/home/user/.m2/repository/org/apache/logging/log4j/log4j-api/2.11.0/log4j-api-2.11.0.jar:/home/user/.m2/repository/org/apache/logging/log4j/log4j-core/2.11.0/log4j-core-2.11.0.jar:/home/user/.m2/repository/com/lmax/disruptor/3.4.2/disruptor-3.4.2.jar:/home/user/.m2/repository/org/apache/commons/commons-pool2/2.6.0/commons-pool2-2.6.0.jar:/home/user/.m2/repository/org/bouncycastle/bcpkix-jdk15on/1.60/bcpkix-jdk15on-1.60.jar:/home/user/.m2/repository/commons-validator/commons-validator/1.6/commons-validator-1.6.jar:/home/user/.m2/repository/commons-digester/commons-digester/1.8.1/commons-digester-1.8.1.jar:/home/user/.m2/repository/io/jaegertracing/jaeger-client/0.33.1/jaeger-client-0.33.1.jar:/home/user/.m2/repository/io/jaegertracing/jaeger-thrift/0.33.1/jaeger-thrift-0.33.1.jar:/home/user/.m2/repository/org/apache/thrift/libthrift/0.11.0/libthrift-0.11.0.jar:/home/user/.m2/repository/com/squareup/okhttp3/okhttp/3.9.0/okhttp-3.9.0.jar:/home/user/.m2/repository/com/squareup/okio/okio/1.13.0/okio-1.13.0.jar:/home/user/.m2/repository/io/jaegertracing/jaeger-core/0.33.1/jaeger-core-0.33.1.jar:/home/user/.m2/repository/io/jaegertracing/jaeger-tracerresolver/0.33.1/jaeger-tracerresolver-0.33.1.jar:/home/user/.m2/repository/io/opentracing/contrib/opentracing-tracerresolver/0.1.5/opentracing-tracerresolver-0.1.5.jar:/home/user/.m2/repository/io/opentracing/opentracing-util/0.31.0/opentracing-util-0.31.0.jar:/home/user/.m2/repository/io/opentracing/opentracing-api/0.31.0/opentracing-api-0.31.0.jar:/home/user/.m2/repository/io/opentracing/opentracing-noop/0.31.0/opentracing-noop-0.31.0.jar:/home/user/.m2/repository/org/yaml/snakeyaml/1.16/snakeyaml-1.16.jar:/home/user/.m2/repository/org/apache/hadoop/hadoop-hdds-container-service/0.5.0-SNAPSHOT/hadoop-hdds-container-service-0.5.0-SNAPSHOT.jar:/home/user/.m2/repository/org/apache/hadoop/hadoop-hdds-client/0.5.0-SNAPSHOT/hadoop-hdds-client-0.5.0-SNAPSHOT.jar:/home/user/.m2/repository/org/apache/hadoop/hadoop-hdds-tools/0.5.0-SNAPSHOT/hadoop-hdds-tools-0.5.0-SNAPSHOT.jar:/home/user/.m2/repository/org/xerial/sqlite-jdbc/3.25.2/sqlite-jdbc-3.25.2.jar:/home/user/.m2/repository/org/apache/hadoop/hadoop-hdds-server-scm/0.5.0-SNAPSHOT/hadoop-hdds-server-scm-0.5.0-SNAPSHOT.jar:/home/user/.m2/repository/org/hamcrest/hamcrest-all/1.3/hamcrest-all-1.3.jar:/home/user/.m2/repository/info/picocli/picocli/3.9.6/picocli-3.9.6.jar:/home/user/.m2/repository/com/google/protobuf/protobuf-java/2.5.0/protobuf-java-2.5.0.jar:/home/user/.m2/repository/com/google/guava/guava/11.0.2/guava-11.0.2.jar:/home/user/.m2/repository/org/apache/hadoop/hadoop-ozone-client/0.5.0-SNAPSHOT/hadoop-ozone-client-0.5.0-SNAPSHOT.jar:/workdir/hadoop-ozone/ozonefs/target/classes:/home/user/.m2/repository/org/apache/hadoop/hadoop-hdds-server-framework/0.5.0-SNAPSHOT/hadoop-hdds-server-framework-0.5.0-SNAPSHOT.jar:/home/user/.m2/repository/org/apache/hadoop/hadoop-common/3.2.0/hadoop-common-3.2.0.jar:/home/user/.m2/repository/org/apache/hadoop/hadoop-annotations/3.2.0/hadoop-annotations-3.2.0.jar:/usr/lib/jvm/java-1.8-openjdk/jre/../lib/tools.jar:/home/user/.m2/repository/commons-cli/commons-cli/1.2/commons-cli-1.2.jar:/home/user/.m2/repository/org/apache/commons/commons-math3/3.1.1/commons-math3-3.1.1.jar:/home/user/.m2/repository/org/apache/httpcomponents/httpclient/4.5.2/httpclient-4.5.2.jar:/home/user/.m2/repository/org/apache/httpcomponents/httpcore/4.4.4/httpcore-4.4.4.jar:/home/user/.m2/repository/commons-codec/commons-codec/1.11/commons-codec-1.11.jar:/home/user/.m2/repository/commons-io/commons-io/2.5/commons-io-2.5.jar:/home/user/.m2/repository/commons-net/commons-net/3.6/commons-net-3.6.jar:/home/user/.m2/repository/commons-collections/commons-collections/3.2.2/commons-collections-3.2.2.jar:/home/user/.m2/repository/javax/servlet/javax.servlet-api/3.1.0/javax.servlet-api-3.1.0.jar:/home/user/.m2/repository/org/eclipse/jetty/jetty-server/9.3.24.v20180605/jetty-server-9.3.24.v20180605.jar:/home/user/.m2/repository/org/eclipse/jetty/jetty-http/9.3.24.v20180605/jetty-http-9.3.24.v20180605.jar:/home/user/.m2/repository/org/eclipse/jetty/jetty-io/9.3.24.v20180605/jetty-io-9.3.24.v20180605.jar:/home/user/.m2/repository/org/eclipse/jetty/jetty-util/9.3.24.v20180605/jetty-util-9.3.24.v20180605.jar:/home/user/.m2/repository/org/eclipse/jetty/jetty-servlet/9.3.24.v20180605/jetty-servlet-9.3.24.v20180605.jar:/home/user/.m2/repository/org/eclipse/jetty/jetty-security/9.3.24.v20180605/jetty-security-9.3.24.v20180605.jar:/home/user/.m2/repository/org/eclipse/jetty/jetty-webapp/9.3.24.v20180605/jetty-webapp-9.3.24.v20180605.jar:/home/user/.m2/repository/org/eclipse/jetty/jetty-xml/9.3.24.v20180605/jetty-xml-9.3.24.v20180605.jar:/home/user/.m2/repository/javax/servlet/jsp/jsp-api/2.1/jsp-api-2.1.jar:/home/user/.m2/repository/com/sun/jersey/jersey-core/1.19/jersey-core-1.19.jar:/home/user/.m2/repository/javax/ws/rs/jsr311-api/1.1.1/jsr311-api-1.1.1.jar:/home/user/.m2/repository/com/sun/jersey/jersey-servlet/1.19/jersey-servlet-1.19.jar:/home/user/.m2/repository/com/sun/jersey/jersey-json/1.19/jersey-json-1.19.jar:/home/user/.m2/repository/org/codehaus/jettison/jettison/1.1/jettison-1.1.jar:/home/user/.m2/repository/com/sun/xml/bind/jaxb-impl/2.3.0.1/jaxb-impl-2.3.0.1.jar:/home/user/.m2/repository/org/codehaus/jackson/jackson-core-asl/1.9.13/jackson-core-asl-1.9.13.jar:/home/user/.m2/repository/org/codehaus/jackson/jackson-mapper-asl/1.9.13/jackson-mapper-asl-1.9.13.jar:/home/user/.m2/repository/org/codehaus/jackson/jackson-jaxrs/1.9.13/jackson-jaxrs-1.9.13.jar:/home/user/.m2/repository/org/codehaus/jackson/jackson-xc/1.9.13/jackson-xc-1.9.13.jar:/home/user/.m2/repository/com/sun/jersey/jersey-server/1.19/jersey-server-1.19.jar:/home/user/.m2/repository/commons-logging/commons-logging/1.1.3/commons-logging-1.1.3.jar:/home/user/.m2/repository/log4j/log4j/1.2.17/log4j-1.2.17.jar:/home/user/.m2/repository/commons-beanutils/commons-beanutils/1.9.3/commons-beanutils-1.9.3.jar:/home/user/.m2/repository/org/apache/commons/commons-configuration2/2.1.1/commons-configuration2-2.1.1.jar:/home/user/.m2/repository/org/apache/commons/commons-lang3/3.7/commons-lang3-3.7.jar:/home/user/.m2/repository/org/apache/commons/commons-text/1.4/commons-text-1.4.jar:/home/user/.m2/repository/org/slf4j/slf4j-api/1.7.25/slf4j-api-1.7.25.jar:/home/user/.m2/repository/org/slf4j/slf4j-log4j12/1.7.25/slf4j-log4j12-1.7.25.jar:/home/user/.m2/repository/org/apache/avro/avro/1.7.7/avro-1.7.7.jar:/home/user/.m2/repository/com/thoughtworks/paranamer/paranamer/2.3/paranamer-2.3.jar:/home/user/.m2/repository/org/xerial/snappy/snappy-java/1.0.5/snappy-java-1.0.5.jar:/home/user/.m2/repository/com/google/re2j/re2j/1.1/re2j-1.1.jar:/home/user/.m2/repository/com/google/code/gson/gson/2.2.4/gson-2.2.4.jar:/home/user/.m2/repository/org/apache/hadoop/hadoop-auth/3.2.0/hadoop-auth-3.2.0.jar:/home/user/.m2/repository/com/nimbusds/nimbus-jose-jwt/4.41.1/nimbus-jose-jwt-4.41.1.jar:/home/user/.m2/repository/com/github/stephenc/jcip/jcip-annotations/1.0-1/jcip-annotations-1.0-1.jar:/home/user/.m2/repository/net/minidev/json-smart/2.3/json-smart-2.3.jar:/home/user/.m2/repository/net/minidev/accessors-smart/1.2/accessors-smart-1.2.jar:/home/user/.m2/repository/org/apache/curator/curator-framework/2.12.0/curator-framework-2.12.0.jar:/home/user/.m2/repository/com/jcraft/jsch/0.1.54/jsch-0.1.54.jar:/home/user/.m2/repository/org/apache/curator/curator-client/2.12.0/curator-client-2.12.0.jar:/home/user/.m2/repository/org/apache/curator/curator-recipes/2.12.0/curator-recipes-2.12.0.jar:/home/user/.m2/repository/com/google/code/findbugs/jsr305/3.0.0/jsr305-3.0.0.jar:/home/user/.m2/repository/org/apache/htrace/htrace-core4/4.1.0-incubating/htrace-core4-4.1.0-incubating.jar:/home/user/.m2/repository/org/apache/zookeeper/zookeeper/3.4.13/zookeeper-3.4.13.jar:/home/user/.m2/repository/org/apache/yetus/audience-annotations/0.5.0/audience-annotations-0.5.0.jar:/home/user/.m2/repository/org/apache/kerby/kerb-simplekdc/1.0.1/kerb-simplekdc-1.0.1.jar:/home/user/.m2/repository/org/apache/kerby/kerb-client/1.0.1/kerb-client-1.0.1.jar:/home/user/.m2/repository/org/apache/kerby/kerby-config/1.0.1/kerby-config-1.0.1.jar:/home/user/.m2/repository/org/apache/kerby/kerb-core/1.0.1/kerb-core-1.0.1.jar:/home/user/.m2/repository/org/apache/kerby/kerby-pkix/1.0.1/kerby-pkix-1.0.1.jar:/home/user/.m2/repository/org/apache/kerby/kerby-asn1/1.0.1/kerby-asn1-1.0.1.jar:/home/user/.m2/repository/org/apache/kerby/kerby-util/1.0.1/kerby-util-1.0.1.jar:/home/user/.m2/repository/org/apache/kerby/kerb-common/1.0.1/kerb-common-1.0.1.jar:/home/user/.m2/repository/org/apache/kerby/kerb-crypto/1.0.1/kerb-crypto-1.0.1.jar:/home/user/.m2/repository/org/apache/kerby/kerb-util/1.0.1/kerb-util-1.0.1.jar:/home/user/.m2/repository/org/apache/kerby/token-provider/1.0.1/token-provider-1.0.1.jar:/home/user/.m2/repository/org/apache/kerby/kerb-admin/1.0.1/kerb-admin-1.0.1.jar:/home/user/.m2/repository/org/apache/kerby/kerb-server/1.0.1/kerb-server-1.0.1.jar:/home/user/.m2/repository/org/apache/kerby/kerb-identity/1.0.1/kerb-identity-1.0.1.jar:/home/user/.m2/repository/org/apache/kerby/kerby-xdr/1.0.1/kerby-xdr-1.0.1.jar:/home/user/.m2/repository/com/fasterxml/jackson/core/jackson-databind/2.9.5/jackson-databind-2.9.5.jar:/home/user/.m2/repository/com/fasterxml/jackson/core/jackson-core/2.9.5/jackson-core-2.9.5.jar:/home/user/.m2/repository/org/codehaus/woodstox/stax2-api/3.1.4/stax2-api-3.1.4.jar:/home/user/.m2/repository/com/fasterxml/woodstox/woodstox-core/5.0.3/woodstox-core-5.0.3.jar:/home/user/.m2/repository/dnsjava/dnsjava/2.1.7/dnsjava-2.1.7.jar:/home/user/.m2/repository/org/apache/hadoop/hadoop-hdfs/3.2.0/hadoop-hdfs-3.2.0.jar:/home/user/.m2/repository/org/eclipse/jetty/jetty-util-ajax/9.3.24.v20180605/jetty-util-ajax-9.3.24.v20180605.jar:/home/user/.m2/repository/commons-daemon/commons-daemon/1.0.13/commons-daemon-1.0.13.jar:/home/user/.m2/repository/io/netty/netty/3.10.5.Final/netty-3.10.5.Final.jar:/home/user/.m2/repository/io/netty/netty-all/4.0.52.Final/netty-all-4.0.52.Final.jar:/home/user/.m2/repository/org/fusesource/leveldbjni/leveldbjni-all/1.8/leveldbjni-all-1.8.jar:/home/user/.m2/repository/com/sun/xml/bind/jaxb-core/2.3.0.1/jaxb-core-2.3.0.1.jar:/home/user/.m2/repository/javax/xml/bind/jaxb-api/2.3.0/jaxb-api-2.3.0.jar:/home/user/.m2/repository/javax/activation/activation/1.1.1/activation-1.1.1.jar:/home/user/.m2/repository/io/dropwizard/metrics/metrics-core/3.2.4/metrics-core-3.2.4.jar:/home/user/.m2/repository/org/openjdk/jmh/jmh-core/1.19/jmh-core-1.19.jar:/home/user/.m2/repository/net/sf/jopt-simple/jopt-simple/4.6/jopt-simple-4.6.jar:/home/user/.m2/repository/org/openjdk/jmh/jmh-generator-annprocess/1.19/jmh-generator-annprocess-1.19.jar:/home/user/.m2/repository/com/google/code/findbugs/findbugs/3.0.1/findbugs-3.0.1.jar:/home/user/.m2/repository/net/jcip/jcip-annotations/1.0/jcip-annotations-1.0.jar:/home/user/.m2/repository/com/google/code/findbugs/bcel-findbugs/6.0/bcel-findbugs-6.0.jar:/home/user/.m2/repository/com/google/code/findbugs/jFormatString/2.0.1/jFormatString-2.0.1.jar:/home/user/.m2/repository/dom4j/dom4j/1.6.1/dom4j-1.6.1.jar:/home/user/.m2/repository/xml-apis/xml-apis/1.0.b2/xml-apis-1.0.b2.jar:/home/user/.m2/repository/org/ow2/asm/asm-debug-all/5.0.2/asm-debug-all-5.0.2.jar:/home/user/.m2/repository/org/ow2/asm/asm-commons/5.0.2/asm-commons-5.0.2.jar:/home/user/.m2/repository/org/ow2/asm/asm-tree/5.0.2/asm-tree-5.0.2.jar:/home/user/.m2/repository/org/ow2/asm/asm/5.0.4/asm-5.0.4.jar:/home/user/.m2/repository/commons-lang/commons-lang/2.6/commons-lang-2.6.jar:/home/user/.m2/repository/com/apple/AppleJavaExtensions/1.4/AppleJavaExtensions-1.4.jar:/home/user/.m2/repository/jaxen/jaxen/1.1.6/jaxen-1.1.6.jar:/home/user/.m2/repository/junit/junit/4.11/junit-4.11.jar:/home/user/.m2/repository/org/hamcrest/hamcrest-core/1.3/hamcrest-core-1.3.jar:/home/user/.m2/repository/org/apache/hadoop/hadoop-common/3.2.0/hadoop-common-3.2.0-tests.jar:/workdir/hadoop-ozone/integration-test/target/test-classes:/home/user/.m2/repository/org/apache/hadoop/hadoop-ozone-objectstore-service/0.5.0-SNAPSHOT/hadoop-ozone-objectstore-service-0.5.0-SNAPSHOT.jar:/home/user/.m2/repository/org/apache/hadoop/hadoop-ozone-s3gateway/0.5.0-SNAPSHOT/hadoop-ozone-s3gateway-0.5.0-SNAPSHOT.jar:/home/user/.m2/repository/org/jboss/weld/servlet/weld-servlet/2.4.7.Final/weld-servlet-2.4.7.Final.jar:/home/user/.m2/repository/org/glassfish/jersey/containers/jersey-container-servlet-core/2.27/jersey-container-servlet-core-2.27.jar:/home/user/.m2/repository/org/glassfish/hk2/external/javax.inject/2.5.0-b42/javax.inject-2.5.0-b42.jar:/home/user/.m2/repository/org/glassfish/jersey/core/jersey-common/2.27/jersey-common-2.27.jar:/home/user/.m2/repository/org/glassfish/hk2/osgi-resource-locator/1.0.1/osgi-resource-locator-1.0.1.jar:/home/user/.m2/repository/javax/ws/rs/javax.ws.rs-api/2.1/javax.ws.rs-api-2.1.jar:/home/user/.m2/repository/org/glassfish/jersey/ext/cdi/jersey-cdi1x/2.27/jersey-cdi1x-2.27.jar:/home/user/.m2/repository/org/glassfish/jersey/inject/jersey-hk2/2.27/jersey-hk2-2.27.jar:/home/user/.m2/repository/org/glassfish/hk2/hk2-locator/2.5.0-b42/hk2-locator-2.5.0-b42.jar:/home/user/.m2/repository/org/javassist/javassist/3.22.0-CR2/javassist-3.22.0-CR2.jar:/home/user/.m2/repository/org/glassfish/hk2/hk2-api/2.5.0/hk2-api-2.5.0.jar:/home/user/.m2/repository/org/glassfish/hk2/external/jakarta.inject/2.5.0/jakarta.inject-2.5.0.jar:/home/user/.m2/repository/org/glassfish/hk2/hk2-utils/2.5.0/hk2-utils-2.5.0.jar:/home/user/.m2/repository/jakarta/annotation/jakarta.annotation-api/1.3.4/jakarta.annotation-api-1.3.4.jar:/home/user/.m2/repository/org/glassfish/hk2/external/aopalliance-repackaged/2.5.0/aopalliance-repackaged-2.5.0.jar:/home/user/.m2/repository/com/fasterxml/jackson/dataformat/jackson-dataformat-xml/2.9.0/jackson-dataformat-xml-2.9.0.jar:/home/user/.m2/repository/com/fasterxml/jackson/module/jackson-module-jaxb-annotations/2.9.5/jackson-module-jaxb-annotations-2.9.5.jar:/home/user/.m2/repository/javax/enterprise/cdi-api/1.2/cdi-api-1.2.jar:/home/user/.m2/repository/javax/el/javax.el-api/3.0.0/javax.el-api-3.0.0.jar:/home/user/.m2/repository/javax/interceptor/javax.interceptor-api/1.2/javax.interceptor-api-1.2.jar:/home/user/.m2/repository/javax/inject/javax.inject/1/javax.inject-1.jar:/home/user/.m2/repository/org/apache/hadoop/hadoop-ozone-csi/0.5.0-SNAPSHOT/hadoop-ozone-csi-0.5.0-SNAPSHOT.jar:/home/user/.m2/repository/com/google/protobuf/protobuf-java-util/3.5.1/protobuf-java-util-3.5.1.jar:/home/user/.m2/repository/io/grpc/grpc-netty/1.17.1/grpc-netty-1.17.1.jar:/home/user/.m2/repository/io/grpc/grpc-core/1.17.1/grpc-core-1.17.1.jar:/home/user/.m2/repository/io/grpc/grpc-context/1.17.1/grpc-context-1.17.1.jar:/home/user/.m2/repository/com/google/errorprone/error_prone_annotations/2.2.0/error_prone_annotations-2.2.0.jar:/home/user/.m2/repository/org/codehaus/mojo/animal-sniffer-annotations/1.17/animal-sniffer-annotations-1.17.jar:/home/user/.m2/repository/io/opencensus/opencensus-api/0.17.0/opencensus-api-0.17.0.jar:/home/user/.m2/repository/io/opencensus/opencensus-contrib-grpc-metrics/0.17.0/opencensus-contrib-grpc-metrics-0.17.0.jar:/home/user/.m2/repository/io/netty/netty-codec-http2/4.1.30.Final/netty-codec-http2-4.1.30.Final.jar:/home/user/.m2/repository/io/netty/netty-codec-http/4.1.30.Final/netty-codec-http-4.1.30.Final.jar:/home/user/.m2/repository/io/netty/netty-codec/4.1.30.Final/netty-codec-4.1.30.Final.jar:/home/user/.m2/repository/io/netty/netty-handler/4.1.30.Final/netty-handler-4.1.30.Final.jar:/home/user/.m2/repository/io/netty/netty-handler-proxy/4.1.30.Final/netty-handler-proxy-4.1.30.Final.jar:/home/user/.m2/repository/io/netty/netty-codec-socks/4.1.30.Final/netty-codec-socks-4.1.30.Final.jar:/home/user/.m2/repository/io/netty/netty-transport-native-epoll/4.1.30.Final/netty-transport-native-epoll-4.1.30.Final.jar:/home/user/.m2/repository/io/netty/netty-common/4.1.30.Final/netty-common-4.1.30.Final.jar:/home/user/.m2/repository/io/netty/netty-buffer/4.1.30.Final/netty-buffer-4.1.30.Final.jar:/home/user/.m2/repository/io/netty/netty-transport/4.1.30.Final/netty-transport-4.1.30.Final.jar:/home/user/.m2/repository/io/netty/netty-resolver/4.1.30.Final/netty-resolver-4.1.30.Final.jar:/home/user/.m2/repository/io/netty/netty-transport-native-unix-common/4.1.30.Final/netty-transport-native-unix-common-4.1.30.Final.jar:/home/user/.m2/repository/io/grpc/grpc-protobuf/1.17.1/grpc-protobuf-1.17.1.jar:/home/user/.m2/repository/com/google/api/grpc/proto-google-common-protos/1.0.0/proto-google-common-protos-1.0.0.jar:/home/user/.m2/repository/io/grpc/grpc-protobuf-lite/1.17.1/grpc-protobuf-lite-1.17.1.jar:/home/user/.m2/repository/io/grpc/grpc-stub/1.17.1/grpc-stub-1.17.1.jar:/home/user/.m2/repository/org/apache/hadoop/hadoop-ozone-recon/0.5.0-SNAPSHOT/hadoop-ozone-recon-0.5.0-SNAPSHOT.jar:/home/user/.m2/repository/org/apache/hadoop/hadoop-ozone-reconcodegen/0.5.0-SNAPSHOT/hadoop-ozone-reconcodegen-0.5.0-SNAPSHOT.jar:/home/user/.m2/repository/com/google/inject/extensions/guice-multibindings/4.0/guice-multibindings-4.0.jar:/home/user/.m2/repository/com/google/inject/guice/4.0/guice-4.0.jar:/home/user/.m2/repository/aopalliance/aopalliance/1.0/aopalliance-1.0.jar:/home/user/.m2/repository/com/google/inject/extensions/guice-servlet/4.0/guice-servlet-4.0.jar:/home/user/.m2/repository/org/glassfish/jersey/containers/jersey-container-servlet/2.27/jersey-container-servlet-2.27.jar:/home/user/.m2/repository/org/glassfish/hk2/guice-bridge/2.5.0/guice-bridge-2.5.0.jar:/home/user/.m2/repository/org/glassfish/jersey/core/jersey-server/2.27/jersey-server-2.27.jar:/home/user/.m2/repository/org/glassfish/jersey/core/jersey-client/2.27/jersey-client-2.27.jar:/home/user/.m2/repository/org/glassfish/jersey/media/jersey-media-jaxb/2.27/jersey-media-jaxb-2.27.jar:/home/user/.m2/repository/javax/validation/validation-api/1.1.0.Final/validation-api-1.1.0.Final.jar:/home/user/.m2/repository/org/glassfish/jersey/media/jersey-media-json-jackson/2.27/jersey-media-json-jackson-2.27.jar:/home/user/.m2/repository/org/glassfish/jersey/ext/jersey-entity-filtering/2.27/jersey-entity-filtering-2.27.jar:/home/user/.m2/repository/com/google/inject/extensions/guice-assistedinject/4.0/guice-assistedinject-4.0.jar:/home/user/.m2/repository/org/jooq/jooq/3.11.10/jooq-3.11.10.jar:/home/user/.m2/repository/org/jooq/jooq-meta/3.11.10/jooq-meta-3.11.10.jar:/home/user/.m2/repository/org/jooq/jooq-codegen/3.11.10/jooq-codegen-3.11.10.jar:/home/user/.m2/repository/com/jolbox/bonecp/0.8.0.RELEASE/bonecp-0.8.0.RELEASE.jar:/home/user/.m2/repository/org/springframework/spring-jdbc/5.1.3.RELEASE/spring-jdbc-5.1.3.RELEASE.jar:/home/user/.m2/repository/org/springframework/spring-beans/5.1.3.RELEASE/spring-beans-5.1.3.RELEASE.jar:/home/user/.m2/repository/org/springframework/spring-core/5.1.3.RELEASE/spring-core-5.1.3.RELEASE.jar:/home/user/.m2/repository/org/springframework/spring-jcl/5.1.3.RELEASE/spring-jcl-5.1.3.RELEASE.jar:/home/user/.m2/repository/org/springframework/spring-tx/5.1.3.RELEASE/spring-tx-5.1.3.RELEASE.jar:/home/user/.m2/repository/org/mockito/mockito-core/2.15.0/mockito-core-2.15.0.jar:/home/user/.m2/repository/net/bytebuddy/byte-buddy/1.7.9/byte-buddy-1.7.9.jar:/home/user/.m2/repository/net/bytebuddy/byte-buddy-agent/1.7.9/byte-buddy-agent-1.7.9.jar:/home/user/.m2/repository/org/objenesis/objenesis/1.0/objenesis-1.0.jar:"/>
    <property name="sun.cpu.endian" value="little"/>
    <property name="user.home" value="/home/user"/>
    <property name="user.language" value="en"/>
    <property name="java.specification.vendor" value="Oracle Corporation"/>
    <property name="java.home" value="/usr/lib/jvm/java-1.8-openjdk/jre"/>
    <property name="java.security.krb5.conf" value="/workdir/hadoop-ozone/tools/target/test-classes/krb5.conf"/>
    <property name="basedir" value="/workdir/hadoop-ozone/tools"/>
    <property name="file.separator" value="/"/>
    <property name="line.separator" value="&#10;"/>
    <property name="java.vm.specification.vendor" value="Oracle Corporation"/>
    <property name="java.specification.name" value="Java Platform API Specification"/>
    <property name="java.awt.graphicsenv" value="sun.awt.X11GraphicsEnvironment"/>
    <property name="surefire.real.class.path" value="/workdir/hadoop-ozone/tools/target/surefire/surefirebooter6457332525805922398.jar"/>
    <property name="hadoop.log.dir" value="/workdir/hadoop-ozone/tools/target/log"/>
    <property name="sun.boot.class.path" value="/usr/lib/jvm/java-1.8-openjdk/jre/lib/resources.jar:/usr/lib/jvm/java-1.8-openjdk/jre/lib/rt.jar:/usr/lib/jvm/java-1.8-openjdk/jre/lib/sunrsasign.jar:/usr/lib/jvm/java-1.8-openjdk/jre/lib/jsse.jar:/usr/lib/jvm/java-1.8-openjdk/jre/lib/jce.jar:/usr/lib/jvm/java-1.8-openjdk/jre/lib/charsets.jar:/usr/lib/jvm/java-1.8-openjdk/jre/lib/jfr.jar:/usr/lib/jvm/java-1.8-openjdk/jre/classes"/>
    <property name="sun.management.compiler" value="HotSpot 64-Bit Tiered Compilers"/>
    <property name="java.runtime.version" value="1.8.0_212-b04"/>
    <property name="java.net.preferIPv4Stack" value="true"/>
    <property name="user.name" value="jenkins1000"/>
    <property name="path.separator" value=":"/>
    <property name="java.security.egd" value="file:///dev/urandom"/>
    <property name="os.version" value="3.10.0-957.12.2.el7.x86_64"/>
    <property name="java.endorsed.dirs" value="/usr/lib/jvm/java-1.8-openjdk/jre/lib/endorsed"/>
    <property name="java.runtime.name" value="OpenJDK Runtime Environment"/>
    <property name="file.encoding" value="UTF-8"/>
    <property name="java.vm.name" value="OpenJDK 64-Bit Server VM"/>
    <property name="test.build.webapps" value=""/>
    <property name="localRepository" value="/home/user/.m2/repository"/>
    <property name="java.vendor.url.bug" value="https://icedtea.classpath.org/bugzilla"/>
    <property name="java.io.tmpdir" value="/tmp"/>
    <property name="require.test.libhadoop" value=""/>
    <property name="java.version" value="1.8.0_212"/>
    <property name="user.dir" value="/workdir/hadoop-ozone/tools"/>
    <property name="os.arch" value="amd64"/>
    <property name="java.vm.specification.name" value="Java Virtual Machine Specification"/>
    <property name="test.build.classes" value="/workdir/hadoop-ozone/tools/target/test-classes"/>
    <property name="java.awt.printerjob" value="sun.print.PSPrinterJob"/>
    <property name="sun.os.patch.level" value="unknown"/>
    <property name="hadoop.tmp.dir" value="/workdir/hadoop-ozone/tools/target/tmp"/>
    <property name="java.library.path" value="/usr/lib/jvm/java-1.8-openjdk/jre/lib/amd64/server:/usr/lib/jvm/java-1.8-openjdk/jre/lib/amd64:/usr/lib/jvm/java-1.8-openjdk/jre/../lib/amd64:/workdir/hadoop-ozone/tools/target/native/target/usr/local/lib:/workdir/hadoop-ozone/tools/../../hadoop-common-project/hadoop-common/target/native/target/usr/local/lib:/usr/java/packages/lib/amd64:/usr/lib64:/lib64:/lib:/usr/lib"/>
    <property name="java.vm.info" value="mixed mode"/>
    <property name="java.vendor" value="IcedTea"/>
    <property name="java.vm.version" value="25.212-b04"/>
    <property name="java.ext.dirs" value="/usr/lib/jvm/java-1.8-openjdk/jre/lib/ext:/usr/java/packages/lib/ext"/>
    <property name="sun.io.unicode.encoding" value="UnicodeLittle"/>
    <property name="java.class.version" value="52.0"/>
  </properties>
  <testcase name="ratisTestLargeKey" classname="org.apache.hadoop.ozone.freon.TestDataValidateWithSafeByteOperations" time="10.582">
    <error message="Allocated 0 blocks. Requested 5 blocks" type="INTERNAL_ERROR org.apache.hadoop.ozone.om.exceptions.OMException">INTERNAL_ERROR org.apache.hadoop.ozone.om.exceptions.OMException: Allocated 0 blocks. Requested 5 blocks
	at org.apache.hadoop.ozone.om.protocolPB.OzoneManagerProtocolClientSideTranslatorPB.handleError(OzoneManagerProtocolClientSideTranslatorPB.java:725)
	at org.apache.hadoop.ozone.om.protocolPB.OzoneManagerProtocolClientSideTranslatorPB.openKey(OzoneManagerProtocolClientSideTranslatorPB.java:716)
	at org.apache.hadoop.ozone.client.rpc.RpcClient.createKey(RpcClient.java:615)
	at org.apache.hadoop.ozone.client.OzoneBucket.createKey(OzoneBucket.java:323)
	at org.apache.hadoop.ozone.freon.RandomKeyGenerator.createKey(RandomKeyGenerator.java:686)
	at org.apache.hadoop.ozone.freon.RandomKeyGenerator.access$1100(RandomKeyGenerator.java:87)
	at org.apache.hadoop.ozone.freon.RandomKeyGenerator$ObjectCreator.run(RandomKeyGenerator.java:606)
	at java.util.concurrent.Executors$RunnableAdapter.call(Executors.java:511)
	at java.util.concurrent.FutureTask.run(FutureTask.java:266)
	at java.util.concurrent.ThreadPoolExecutor.runWorker(ThreadPoolExecutor.java:1149)
	at java.util.concurrent.ThreadPoolExecutor$Worker.run(ThreadPoolExecutor.java:624)
	at java.lang.Thread.run(Thread.java:748)
</error>
    <system-out><![CDATA[2019-09-19 10:43:43,726 [main] WARN  server.ServerUtils (ServerUtils.java:getScmDbDir(145)) - ozone.scm.db.dirs is not configured. We recommend adding this setting. Falling back to ozone.metadata.dirs instead.
2019-09-19 10:43:43,819 [main] WARN  server.ServerUtils (ServerUtils.java:getScmDbDir(145)) - ozone.scm.db.dirs is not configured. We recommend adding this setting. Falling back to ozone.metadata.dirs instead.
2019-09-19 10:43:43,822 [main] WARN  server.ServerUtils (ServerUtils.java:getScmDbDir(145)) - ozone.scm.db.dirs is not configured. We recommend adding this setting. Falling back to ozone.metadata.dirs instead.
2019-09-19 10:43:43,838 [main] INFO  util.log (Log.java:initialized(192)) - Logging initialized @837ms
2019-09-19 10:43:43,931 [main] INFO  db.DBStoreBuilder (DBStoreBuilder.java:addTable(110)) - using custom profile for table: deletedBlocks
2019-09-19 10:43:43,931 [main] INFO  db.DBStoreBuilder (DBStoreBuilder.java:processTables(161)) - Using default column profile:DBProfile.DISK for Table:deletedBlocks
2019-09-19 10:43:43,932 [main] INFO  db.DBStoreBuilder (DBStoreBuilder.java:addTable(110)) - using custom profile for table: validCerts
2019-09-19 10:43:43,932 [main] INFO  db.DBStoreBuilder (DBStoreBuilder.java:processTables(161)) - Using default column profile:DBProfile.DISK for Table:validCerts
2019-09-19 10:43:43,932 [main] INFO  db.DBStoreBuilder (DBStoreBuilder.java:addTable(110)) - using custom profile for table: revokedCerts
2019-09-19 10:43:43,932 [main] INFO  db.DBStoreBuilder (DBStoreBuilder.java:processTables(161)) - Using default column profile:DBProfile.DISK for Table:revokedCerts
2019-09-19 10:43:43,944 [main] INFO  db.DBStoreBuilder (DBStoreBuilder.java:addTable(110)) - using custom profile for table: default
2019-09-19 10:43:43,945 [main] INFO  db.DBStoreBuilder (DBStoreBuilder.java:processTables(167)) - Using default column profile:DBProfile.DISK for Table:default
2019-09-19 10:43:43,946 [main] INFO  db.DBStoreBuilder (DBStoreBuilder.java:getDbProfile(198)) - Using default options. DBProfile.DISK
2019-09-19 10:43:44,865 [main] INFO  net.NodeSchemaLoader (NodeSchemaLoader.java:loadSchemaFromFile(125)) - Loading file from sun.misc.CompoundEnumeration@1dde4cb2
2019-09-19 10:43:44,867 [main] INFO  net.NodeSchemaLoader (NodeSchemaLoader.java:loadSchema(171)) - Loading network topology layer schema file
2019-09-19 10:43:44,945 [main] WARN  server.ServerUtils (ServerUtils.java:sanitizeUserArgs(70)) - ozone.scm.stale.node.interval value = 300000 is larger than max = 100000 based on the key value of ozone.scm.heartbeat.thread.interval, reset to the max value 100000.
2019-09-19 10:43:44,948 [main] WARN  server.ServerUtils (ServerUtils.java:sanitizeUserArgs(70)) - ozone.scm.stale.node.interval value = 300000 is larger than max = 100000 based on the key value of ozone.scm.heartbeat.thread.interval, reset to the max value 100000.
2019-09-19 10:43:44,952 [main] INFO  node.SCMNodeManager (SCMNodeManager.java:<init>(121)) - Entering startup safe mode.
2019-09-19 10:43:45,034 [main] INFO  algorithms.ContainerPlacementPolicyFactory (ContainerPlacementPolicyFactory.java:getPolicy(56)) - Create container placement policy of type org.apache.hadoop.hdds.scm.container.placement.algorithms.SCMContainerPlacementRandom
2019-09-19 10:43:45,049 [main] WARN  server.ServerUtils (ServerUtils.java:getScmDbDir(145)) - ozone.scm.db.dirs is not configured. We recommend adding this setting. Falling back to ozone.metadata.dirs instead.
2019-09-19 10:43:45,353 [main] INFO  pipeline.SCMPipelineManager (SCMPipelineManager.java:initializePipelineState(126)) - No pipeline exists in current db
2019-09-19 10:43:45,357 [main] WARN  server.ServerUtils (ServerUtils.java:getScmDbDir(145)) - ozone.scm.db.dirs is not configured. We recommend adding this setting. Falling back to ozone.metadata.dirs instead.
2019-09-19 10:43:45,697 [main] WARN  events.EventQueue (EventQueue.java:fireEvent(175)) - No event handler registered for event TypedEvent{payloadType=SafeModeStatus, name='SafeModeStatus'}
2019-09-19 10:43:46,221 [main] INFO  ipc.CallQueueManager (CallQueueManager.java:<init>(84)) - Using callQueue: class java.util.concurrent.LinkedBlockingQueue, queueCapacity: 2000, scheduler: class org.apache.hadoop.ipc.DefaultRpcScheduler, ipcBackoff: false.
2019-09-19 10:43:46,510 [Socket Reader #1 for port 40734] INFO  ipc.Server (Server.java:run(1074)) - Starting Socket Reader #1 for port 40734
2019-09-19 10:43:46,543 [main] INFO  ipc.CallQueueManager (CallQueueManager.java:<init>(84)) - Using callQueue: class java.util.concurrent.LinkedBlockingQueue, queueCapacity: 2000, scheduler: class org.apache.hadoop.ipc.DefaultRpcScheduler, ipcBackoff: false.
2019-09-19 10:43:46,544 [Socket Reader #1 for port 39654] INFO  ipc.Server (Server.java:run(1074)) - Starting Socket Reader #1 for port 39654
2019-09-19 10:43:46,554 [main] INFO  ipc.CallQueueManager (CallQueueManager.java:<init>(84)) - Using callQueue: class java.util.concurrent.LinkedBlockingQueue, queueCapacity: 2000, scheduler: class org.apache.hadoop.ipc.DefaultRpcScheduler, ipcBackoff: false.
2019-09-19 10:43:46,555 [Socket Reader #1 for port 42319] INFO  ipc.Server (Server.java:run(1074)) - Starting Socket Reader #1 for port 42319
2019-09-19 10:43:46,579 [main] INFO  hdfs.DFSUtil (DFSUtil.java:httpServerTemplateForNNAndJN(1641)) - Starting Web-server for scm at: http://0.0.0.0:0
2019-09-19 10:43:46,699 [main] INFO  server.AuthenticationFilter (AuthenticationFilter.java:constructSecretProvider(240)) - Unable to initialize FileSignerSecretProvider, falling back to use random secrets.
2019-09-19 10:43:46,714 [main] WARN  http.HttpRequestLog (HttpRequestLog.java:getRequestLog(97)) - Jetty request log can only be enabled using Log4j
2019-09-19 10:43:46,724 [main] INFO  http.HttpServer2 (HttpServer2.java:addGlobalFilter(975)) - Added global filter 'safety' (class=org.apache.hadoop.http.HttpServer2$QuotingInputFilter)
2019-09-19 10:43:46,727 [main] INFO  http.HttpServer2 (HttpServer2.java:addFilter(948)) - Added filter static_user_filter (class=org.apache.hadoop.http.lib.StaticUserWebFilter$StaticUserFilter) to context scm
2019-09-19 10:43:46,727 [main] INFO  http.HttpServer2 (HttpServer2.java:addFilter(958)) - Added filter static_user_filter (class=org.apache.hadoop.http.lib.StaticUserWebFilter$StaticUserFilter) to context logs
2019-09-19 10:43:46,727 [main] INFO  http.HttpServer2 (HttpServer2.java:addFilter(958)) - Added filter static_user_filter (class=org.apache.hadoop.http.lib.StaticUserWebFilter$StaticUserFilter) to context static
2019-09-19 10:43:46,752 [main] INFO  server.StorageContainerManager (StorageContainerManager.java:start(759)) - StorageContainerLocationProtocol RPC server is listening at /0.0.0.0:42319
2019-09-19 10:43:46,806 [main] WARN  impl.MetricsConfig (MetricsConfig.java:loadFirst(134)) - Cannot locate configuration: tried hadoop-metrics2-storagecontainermanager.properties,hadoop-metrics2.properties
2019-09-19 10:43:46,820 [main] INFO  impl.MetricsSystemImpl (MetricsSystemImpl.java:startTimer(374)) - Scheduled Metric snapshot period at 10 second(s).
2019-09-19 10:43:46,820 [main] INFO  impl.MetricsSystemImpl (MetricsSystemImpl.java:start(191)) - StorageContainerManager metrics system started
2019-09-19 10:43:47,062 [main] INFO  server.SCMClientProtocolServer (SCMClientProtocolServer.java:start(151)) - RPC server for Client  is listening at /0.0.0.0:42319
2019-09-19 10:43:47,063 [IPC Server Responder] INFO  ipc.Server (Server.java:run(1314)) - IPC Server Responder: starting
2019-09-19 10:43:47,063 [IPC Server listener on 42319] INFO  ipc.Server (Server.java:run(1153)) - IPC Server listener on 42319: starting
2019-09-19 10:43:47,066 [main] INFO  server.StorageContainerManager (StorageContainerManager.java:start(769)) - ScmBlockLocationProtocol RPC server is listening at /0.0.0.0:39654
2019-09-19 10:43:47,066 [main] INFO  server.SCMBlockProtocolServer (SCMBlockProtocolServer.java:start(140)) - RPC server for Block Protocol is listening at /0.0.0.0:39654
2019-09-19 10:43:47,066 [IPC Server Responder] INFO  ipc.Server (Server.java:run(1314)) - IPC Server Responder: starting
2019-09-19 10:43:47,066 [IPC Server listener on 39654] INFO  ipc.Server (Server.java:run(1153)) - IPC Server listener on 39654: starting
2019-09-19 10:43:47,068 [main] INFO  server.StorageContainerManager (StorageContainerManager.java:start(773)) - ScmDatanodeProtocl RPC server is listening at /0.0.0.0:40734
2019-09-19 10:43:47,069 [main] INFO  server.SCMDatanodeProtocolServer (SCMDatanodeProtocolServer.java:start(191)) - RPC server for DataNodes is listening at /0.0.0.0:40734
2019-09-19 10:43:47,069 [IPC Server Responder] INFO  ipc.Server (Server.java:run(1314)) - IPC Server Responder: starting
2019-09-19 10:43:47,069 [IPC Server listener on 40734] INFO  ipc.Server (Server.java:run(1153)) - IPC Server listener on 40734: starting
2019-09-19 10:43:47,073 [main] INFO  http.HttpServer2 (HttpServer2.java:bindListener(1191)) - Jetty bound to port 45312
2019-09-19 10:43:47,075 [main] INFO  server.Server (Server.java:doStart(351)) - jetty-9.3.24.v20180605, build timestamp: 2018-06-05T17:11:56Z, git hash: 84205aa28f11a4f31f2a3b86d1bba2cc8ab69827
2019-09-19 10:43:47,107 [main] INFO  handler.ContextHandler (ContextHandler.java:doStart(781)) - Started o.e.j.s.ServletContextHandler@b7838a9{/logs,file:///workdir/hadoop-ozone/tools/target/log,AVAILABLE}
2019-09-19 10:43:47,108 [main] INFO  handler.ContextHandler (ContextHandler.java:doStart(781)) - Started o.e.j.s.ServletContextHandler@56c698e3{/static,jar:file:/home/user/.m2/repository/org/apache/hadoop/hadoop-hdds-server-scm/0.5.0-SNAPSHOT/hadoop-hdds-server-scm-0.5.0-SNAPSHOT.jar!/webapps/static,AVAILABLE}
2019-09-19 10:43:47,180 [main] INFO  handler.ContextHandler (ContextHandler.java:doStart(781)) - Started o.e.j.w.WebAppContext@6d511b5f{/,file:///tmp/jetty-0.0.0.0-45312-scm-_-any-4852656260533832250.dir/webapp/,AVAILABLE}{/scm}
2019-09-19 10:43:47,186 [main] INFO  server.AbstractConnector (AbstractConnector.java:doStart(278)) - Started ServerConnector@702ed190{HTTP/1.1,[http/1.1]}{0.0.0.0:45312}
2019-09-19 10:43:47,186 [main] INFO  server.Server (Server.java:doStart(419)) - Started @4185ms
2019-09-19 10:43:47,187 [main] INFO  server.BaseHttpServer (BaseHttpServer.java:updateConnectorAddress(213)) - HTTP server of SCM is listening at http://0.0.0.0:45312
2019-09-19 10:43:47,193 [org.apache.hadoop.util.JvmPauseMonitor$Monitor@5af9926a] INFO  util.JvmPauseMonitor (JvmPauseMonitor.java:run(188)) - Starting JVM pause monitor
2019-09-19 10:43:47,195 [main] WARN  server.ServerUtils (ServerUtils.java:getDBPath(222)) - ozone.om.db.dirs is not configured. We recommend adding this setting. Falling back to ozone.metadata.dirs instead.
2019-09-19 10:43:47,812 [main] WARN  server.ServerUtils (ServerUtils.java:getDBPath(222)) - ozone.om.db.dirs is not configured. We recommend adding this setting. Falling back to ozone.metadata.dirs instead.
2019-09-19 10:43:47,813 [main] WARN  server.ServerUtils (ServerUtils.java:getDBPath(222)) - ozone.om.db.dirs is not configured. We recommend adding this setting. Falling back to ozone.metadata.dirs instead.
2019-09-19 10:43:47,814 [main] INFO  om.OzoneManager (OzoneManager.java:setOMNodeDetails(645)) - OM Service ID is not set. Setting it to the default ID: omServiceIdDefault
2019-09-19 10:43:47,814 [main] INFO  om.OzoneManager (OzoneManager.java:setOMNodeDetails(651)) - OM Node ID is not set. Setting it to the OmStorage's OmID: 0ae35bb6-9217-4e07-8082-1b0ffa9eda16
2019-09-19 10:43:47,816 [main] INFO  om.OzoneManager (OzoneManager.java:loadOMHAConfigs(602)) - Found matching OM address with OMServiceId: null, OMNodeId: null, RPC Address: localhost:0 and Ratis port: 9872
2019-09-19 10:43:48,065 | INFO  | SCMAudit | user=jenkins1000 | ip=192.168.157.204 | op=GET_SCM_INFO null | ret=SUCCESS |  
2019-09-19 10:43:48,524 [main] WARN  server.ServerUtils (ServerUtils.java:getDBPath(222)) - ozone.om.db.dirs is not configured. We recommend adding this setting. Falling back to ozone.metadata.dirs instead.
2019-09-19 10:43:48,532 [main] INFO  db.DBStoreBuilder (DBStoreBuilder.java:addTable(110)) - using custom profile for table: userTable
2019-09-19 10:43:48,532 [main] INFO  db.DBStoreBuilder (DBStoreBuilder.java:processTables(161)) - Using default column profile:DBProfile.DISK for Table:userTable
2019-09-19 10:43:48,532 [main] INFO  db.DBStoreBuilder (DBStoreBuilder.java:addTable(110)) - using custom profile for table: volumeTable
2019-09-19 10:43:48,532 [main] INFO  db.DBStoreBuilder (DBStoreBuilder.java:processTables(161)) - Using default column profile:DBProfile.DISK for Table:volumeTable
2019-09-19 10:43:48,533 [main] INFO  db.DBStoreBuilder (DBStoreBuilder.java:addTable(110)) - using custom profile for table: bucketTable
2019-09-19 10:43:48,533 [main] INFO  db.DBStoreBuilder (DBStoreBuilder.java:processTables(161)) - Using default column profile:DBProfile.DISK for Table:bucketTable
2019-09-19 10:43:48,533 [main] INFO  db.DBStoreBuilder (DBStoreBuilder.java:addTable(110)) - using custom profile for table: keyTable
2019-09-19 10:43:48,533 [main] INFO  db.DBStoreBuilder (DBStoreBuilder.java:processTables(161)) - Using default column profile:DBProfile.DISK for Table:keyTable
2019-09-19 10:43:48,534 [main] INFO  db.DBStoreBuilder (DBStoreBuilder.java:addTable(110)) - using custom profile for table: deletedTable
2019-09-19 10:43:48,534 [main] INFO  db.DBStoreBuilder (DBStoreBuilder.java:processTables(161)) - Using default column profile:DBProfile.DISK for Table:deletedTable
2019-09-19 10:43:48,534 [main] INFO  db.DBStoreBuilder (DBStoreBuilder.java:addTable(110)) - using custom profile for table: openKeyTable
2019-09-19 10:43:48,534 [main] INFO  db.DBStoreBuilder (DBStoreBuilder.java:processTables(161)) - Using default column profile:DBProfile.DISK for Table:openKeyTable
2019-09-19 10:43:48,535 [main] INFO  db.DBStoreBuilder (DBStoreBuilder.java:addTable(110)) - using custom profile for table: s3Table
2019-09-19 10:43:48,535 [main] INFO  db.DBStoreBuilder (DBStoreBuilder.java:processTables(161)) - Using default column profile:DBProfile.DISK for Table:s3Table
2019-09-19 10:43:48,535 [main] INFO  db.DBStoreBuilder (DBStoreBuilder.java:addTable(110)) - using custom profile for table: multipartInfoTable
2019-09-19 10:43:48,535 [main] INFO  db.DBStoreBuilder (DBStoreBuilder.java:processTables(161)) - Using default column profile:DBProfile.DISK for Table:multipartInfoTable
2019-09-19 10:43:48,536 [main] INFO  db.DBStoreBuilder (DBStoreBuilder.java:addTable(110)) - using custom profile for table: dTokenTable
2019-09-19 10:43:48,536 [main] INFO  db.DBStoreBuilder (DBStoreBuilder.java:processTables(161)) - Using default column profile:DBProfile.DISK for Table:dTokenTable
2019-09-19 10:43:48,536 [main] INFO  db.DBStoreBuilder (DBStoreBuilder.java:addTable(110)) - using custom profile for table: s3SecretTable
2019-09-19 10:43:48,536 [main] INFO  db.DBStoreBuilder (DBStoreBuilder.java:processTables(161)) - Using default column profile:DBProfile.DISK for Table:s3SecretTable
2019-09-19 10:43:48,536 [main] INFO  db.DBStoreBuilder (DBStoreBuilder.java:addTable(110)) - using custom profile for table: prefixTable
2019-09-19 10:43:48,537 [main] INFO  db.DBStoreBuilder (DBStoreBuilder.java:processTables(161)) - Using default column profile:DBProfile.DISK for Table:prefixTable
2019-09-19 10:43:48,537 [main] INFO  db.DBStoreBuilder (DBStoreBuilder.java:addTable(110)) - using custom profile for table: default
2019-09-19 10:43:48,537 [main] INFO  db.DBStoreBuilder (DBStoreBuilder.java:processTables(167)) - Using default column profile:DBProfile.DISK for Table:default
2019-09-19 10:43:48,537 [main] INFO  db.DBStoreBuilder (DBStoreBuilder.java:getDbProfile(198)) - Using default options. DBProfile.DISK
2019-09-19 10:43:53,704 [main] INFO  ipc.CallQueueManager (CallQueueManager.java:<init>(84)) - Using callQueue: class java.util.concurrent.LinkedBlockingQueue, queueCapacity: 2000, scheduler: class org.apache.hadoop.ipc.DefaultRpcScheduler, ipcBackoff: false.
2019-09-19 10:43:53,706 [Socket Reader #1 for port 46349] INFO  ipc.Server (Server.java:run(1074)) - Starting Socket Reader #1 for port 46349
2019-09-19 10:43:53,731 [main] INFO  om.OzoneManager (OzoneManager.java:start(1256)) - OzoneManager RPC server is listening at localhost/127.0.0.1:46349
2019-09-19 10:43:53,731 [main] INFO  impl.MetricsSystemImpl (MetricsSystemImpl.java:init(158)) - OzoneManager metrics system started (again)
2019-09-19 10:43:53,732 [IPC Server Responder] INFO  ipc.Server (Server.java:run(1314)) - IPC Server Responder: starting
2019-09-19 10:43:53,732 [IPC Server listener on 46349] INFO  ipc.Server (Server.java:run(1153)) - IPC Server listener on 46349: starting
2019-09-19 10:43:53,739 [main] INFO  hdfs.DFSUtil (DFSUtil.java:httpServerTemplateForNNAndJN(1641)) - Starting Web-server for ozoneManager at: http://0.0.0.0:0
2019-09-19 10:43:53,932 [main] INFO  server.AuthenticationFilter (AuthenticationFilter.java:constructSecretProvider(240)) - Unable to initialize FileSignerSecretProvider, falling back to use random secrets.
2019-09-19 10:43:53,933 [main] WARN  http.HttpRequestLog (HttpRequestLog.java:getRequestLog(97)) - Jetty request log can only be enabled using Log4j
2019-09-19 10:43:53,944 [main] INFO  http.HttpServer2 (HttpServer2.java:addGlobalFilter(975)) - Added global filter 'safety' (class=org.apache.hadoop.http.HttpServer2$QuotingInputFilter)
2019-09-19 10:43:53,946 [main] INFO  http.HttpServer2 (HttpServer2.java:addFilter(948)) - Added filter static_user_filter (class=org.apache.hadoop.http.lib.StaticUserWebFilter$StaticUserFilter) to context ozoneManager
2019-09-19 10:43:53,946 [main] INFO  http.HttpServer2 (HttpServer2.java:addFilter(958)) - Added filter static_user_filter (class=org.apache.hadoop.http.lib.StaticUserWebFilter$StaticUserFilter) to context logs
2019-09-19 10:43:53,946 [main] INFO  http.HttpServer2 (HttpServer2.java:addFilter(958)) - Added filter static_user_filter (class=org.apache.hadoop.http.lib.StaticUserWebFilter$StaticUserFilter) to context static
2019-09-19 10:43:53,949 [main] INFO  http.HttpServer2 (HttpServer2.java:bindListener(1191)) - Jetty bound to port 33394
2019-09-19 10:43:53,950 [main] INFO  server.Server (Server.java:doStart(351)) - jetty-9.3.24.v20180605, build timestamp: 2018-06-05T17:11:56Z, git hash: 84205aa28f11a4f31f2a3b86d1bba2cc8ab69827
2019-09-19 10:43:53,953 [main] INFO  handler.ContextHandler (ContextHandler.java:doStart(781)) - Started o.e.j.s.ServletContextHandler@29f0c4f2{/logs,file:///workdir/hadoop-ozone/tools/target/log,AVAILABLE}
2019-09-19 10:43:53,953 [main] INFO  handler.ContextHandler (ContextHandler.java:doStart(781)) - Started o.e.j.s.ServletContextHandler@6093d508{/static,jar:file:/home/user/.m2/repository/org/apache/hadoop/hadoop-ozone-ozone-manager/0.5.0-SNAPSHOT/hadoop-ozone-ozone-manager-0.5.0-SNAPSHOT.jar!/webapps/static,AVAILABLE}
2019-09-19 10:43:54,021 [main] INFO  handler.ContextHandler (ContextHandler.java:doStart(781)) - Started o.e.j.w.WebAppContext@71870da7{/,file:///tmp/jetty-0.0.0.0-33394-ozoneManager-_-any-3833980677397898551.dir/webapp/,AVAILABLE}{/ozoneManager}
2019-09-19 10:43:54,022 [main] INFO  server.AbstractConnector (AbstractConnector.java:doStart(278)) - Started ServerConnector@6dd91637{HTTP/1.1,[http/1.1]}{0.0.0.0:33394}
2019-09-19 10:43:54,022 [main] INFO  server.Server (Server.java:doStart(419)) - Started @11021ms
2019-09-19 10:43:54,023 [main] INFO  server.BaseHttpServer (BaseHttpServer.java:updateConnectorAddress(213)) - HTTP server of OZONEMANAGER is listening at http://0.0.0.0:33394
2019-09-19 10:43:54,215 [main] INFO  impl.MetricsSystemImpl (MetricsSystemImpl.java:init(158)) - HddsDatanode metrics system started (again)
2019-09-19 10:43:54,292 [main] INFO  ozone.HddsDatanodeService (HddsDatanodeService.java:start(184)) - HddsDatanodeService host:pr-hdds-1569-cpgw4-1311585219 ip:192.168.157.204
2019-09-19 10:43:54,322 [main] INFO  volume.HddsVolume (HddsVolume.java:<init>(176)) - Creating Volume: /workdir/hadoop-ozone/tools/target/test-dir/MiniOzoneClusterImpl-906ca9d4-12e2-4885-9d3d-2383beb6722b/datanode-0/data/containers/hdds of  storage type : DISK and capacity : 1482555576320
2019-09-19 10:43:54,324 [main] INFO  volume.VolumeSet (VolumeSet.java:initializeVolumeSet(170)) - Added Volume : /workdir/hadoop-ozone/tools/target/test-dir/MiniOzoneClusterImpl-906ca9d4-12e2-4885-9d3d-2383beb6722b/datanode-0/data/containers/hdds to VolumeSet
2019-09-19 10:43:54,328 [main] INFO  volume.ThrottledAsyncChecker (ThrottledAsyncChecker.java:schedule(140)) - Scheduling a check for org.apache.hadoop.ozone.container.common.volume.HddsVolume@4ad3d266
2019-09-19 10:43:54,346 [main] INFO  volume.HddsVolumeChecker (HddsVolumeChecker.java:checkAllVolumes(203)) - Scheduled health check for volume org.apache.hadoop.ozone.container.common.volume.HddsVolume@4ad3d266
2019-09-19 10:43:54,449 [main] INFO  impl.RaftServerProxy (ConfUtils.java:logGet(43)) - raft.rpc.type = GRPC (default)
2019-09-19 10:43:54,514 [main] INFO  grpc.GrpcFactory (GrpcFactory.java:checkPooledByteBufAllocatorUseCacheForAllThreads(45)) - PERFORMANCE WARNING: useCacheForAllThreads is true that may cause Netty to create a lot garbage objects and, as a result, trigger GC.
	It is recommended to disable useCacheForAllThreads by setting -Dorg.apache.ratis.thirdparty.io.netty.allocator.useCacheForAllThreads=false in command line.
2019-09-19 10:43:54,518 [main] INFO  grpc.GrpcConfigKeys$Server (ConfUtils.java:logGet(43)) - raft.grpc.server.port = 0 (default)
2019-09-19 10:43:54,519 [main] INFO  server.GrpcService (ConfUtils.java:logGet(43)) - raft.grpc.message.size.max = 33570816 (custom)
2019-09-19 10:43:54,521 [main] INFO  server.RaftServerConfigKeys (ConfUtils.java:logGet(43)) - raft.server.log.appender.buffer.byte-limit = 33554432 (custom)
2019-09-19 10:43:54,521 [main] INFO  server.GrpcService (ConfUtils.java:logGet(43)) - raft.grpc.flow.control.window = 1MB (=1048576) (default)
2019-09-19 10:43:54,522 [main] INFO  server.RaftServerConfigKeys (ConfUtils.java:logGet(43)) - raft.server.rpc.request.timeout = 3000ms (default)
2019-09-19 10:43:54,681 [main] INFO  server.RaftServerConfigKeys (ConfUtils.java:logGet(43)) - raft.server.storage.dir = [/workdir/hadoop-ozone/tools/target/test-dir/MiniOzoneClusterImpl-906ca9d4-12e2-4885-9d3d-2383beb6722b/datanode-0/data/ratis] (custom)
2019-09-19 10:43:54,716 [main] INFO  replication.SimpleContainerDownloader (SimpleContainerDownloader.java:<init>(72)) - Starting container downloader service to copy containers to replicate.
2019-09-19 10:43:54,728 [main] INFO  hdfs.DFSUtil (DFSUtil.java:httpServerTemplateForNNAndJN(1641)) - Starting Web-server for hddsDatanode at: http://0.0.0.0:0
2019-09-19 10:43:54,729 [main] INFO  server.AuthenticationFilter (AuthenticationFilter.java:constructSecretProvider(240)) - Unable to initialize FileSignerSecretProvider, falling back to use random secrets.
2019-09-19 10:43:54,730 [main] WARN  http.HttpRequestLog (HttpRequestLog.java:getRequestLog(97)) - Jetty request log can only be enabled using Log4j
2019-09-19 10:43:54,731 [main] INFO  http.HttpServer2 (HttpServer2.java:addGlobalFilter(975)) - Added global filter 'safety' (class=org.apache.hadoop.http.HttpServer2$QuotingInputFilter)
2019-09-19 10:43:54,732 [main] INFO  http.HttpServer2 (HttpServer2.java:addFilter(948)) - Added filter static_user_filter (class=org.apache.hadoop.http.lib.StaticUserWebFilter$StaticUserFilter) to context hddsDatanode
2019-09-19 10:43:54,732 [main] INFO  http.HttpServer2 (HttpServer2.java:addFilter(958)) - Added filter static_user_filter (class=org.apache.hadoop.http.lib.StaticUserWebFilter$StaticUserFilter) to context static
2019-09-19 10:43:54,732 [main] INFO  http.HttpServer2 (HttpServer2.java:addFilter(958)) - Added filter static_user_filter (class=org.apache.hadoop.http.lib.StaticUserWebFilter$StaticUserFilter) to context logs
2019-09-19 10:43:54,733 [main] INFO  http.HttpServer2 (HttpServer2.java:bindListener(1191)) - Jetty bound to port 32973
2019-09-19 10:43:54,733 [main] INFO  server.Server (Server.java:doStart(351)) - jetty-9.3.24.v20180605, build timestamp: 2018-06-05T17:11:56Z, git hash: 84205aa28f11a4f31f2a3b86d1bba2cc8ab69827
2019-09-19 10:43:54,735 [main] INFO  handler.ContextHandler (ContextHandler.java:doStart(781)) - Started o.e.j.s.ServletContextHandler@4f89331f{/logs,file:///workdir/hadoop-ozone/tools/target/log,AVAILABLE}
2019-09-19 10:43:54,736 [main] INFO  handler.ContextHandler (ContextHandler.java:doStart(781)) - Started o.e.j.s.ServletContextHandler@16727bf0{/static,jar:file:/home/user/.m2/repository/org/apache/hadoop/hadoop-hdds-container-service/0.5.0-SNAPSHOT/hadoop-hdds-container-service-0.5.0-SNAPSHOT.jar!/webapps/static,AVAILABLE}
2019-09-19 10:43:54,764 [main] INFO  handler.ContextHandler (ContextHandler.java:doStart(781)) - Started o.e.j.w.WebAppContext@6f911326{/,file:///tmp/jetty-0.0.0.0-32973-hddsDatanode-_-any-5369990100147701003.dir/webapp/,AVAILABLE}{/hddsDatanode}
2019-09-19 10:43:54,764 [main] INFO  server.AbstractConnector (AbstractConnector.java:doStart(278)) - Started ServerConnector@f1d0004{HTTP/1.1,[http/1.1]}{0.0.0.0:32973}
2019-09-19 10:43:54,765 [main] INFO  server.Server (Server.java:doStart(419)) - Started @11764ms
2019-09-19 10:43:54,766 [main] INFO  server.BaseHttpServer (BaseHttpServer.java:updateConnectorAddress(213)) - HTTP server of HDDSDATANODE is listening at http://0.0.0.0:32973
2019-09-19 10:43:55,680 | INFO  | ObjectStoreRestHttpServer | Listening HDDS REST traffic on /0.0.0.0:35447 |  
2019-09-19 10:43:55,681 [main] INFO  ozone.HddsDatanodeService (HddsDatanodeService.java:startPlugins(395)) - Started plug-in org.apache.hadoop.ozone.web.OzoneHddsDatanodeService@2443135
2019-09-19 10:43:55,682 [main] INFO  impl.MetricsSystemImpl (MetricsSystemImpl.java:init(158)) - HddsDatanode metrics system started (again)
2019-09-19 10:43:55,685 [main] INFO  ozone.HddsDatanodeService (HddsDatanodeService.java:start(184)) - HddsDatanodeService host:pr-hdds-1569-cpgw4-1311585219 ip:192.168.157.204
2019-09-19 10:43:55,689 [org.apache.hadoop.util.JvmPauseMonitor$Monitor@4d3b60f8] INFO  util.JvmPauseMonitor (JvmPauseMonitor.java:run(188)) - Starting JVM pause monitor
2019-09-19 10:43:55,692 [main] INFO  volume.HddsVolume (HddsVolume.java:<init>(176)) - Creating Volume: /workdir/hadoop-ozone/tools/target/test-dir/MiniOzoneClusterImpl-906ca9d4-12e2-4885-9d3d-2383beb6722b/datanode-1/data/containers/hdds of  storage type : DISK and capacity : 1482555576320
2019-09-19 10:43:55,693 [main] INFO  volume.VolumeSet (VolumeSet.java:initializeVolumeSet(170)) - Added Volume : /workdir/hadoop-ozone/tools/target/test-dir/MiniOzoneClusterImpl-906ca9d4-12e2-4885-9d3d-2383beb6722b/datanode-1/data/containers/hdds to VolumeSet
2019-09-19 10:43:55,693 [main] INFO  volume.ThrottledAsyncChecker (ThrottledAsyncChecker.java:schedule(140)) - Scheduling a check for org.apache.hadoop.ozone.container.common.volume.HddsVolume@6371cf2f
2019-09-19 10:43:55,694 [main] INFO  volume.HddsVolumeChecker (HddsVolumeChecker.java:checkAllVolumes(203)) - Scheduled health check for volume org.apache.hadoop.ozone.container.common.volume.HddsVolume@6371cf2f
2019-09-19 10:43:55,714 [main] INFO  impl.RaftServerProxy (ConfUtils.java:logGet(43)) - raft.rpc.type = GRPC (default)
2019-09-19 10:43:55,715 [main] INFO  grpc.GrpcFactory (GrpcFactory.java:checkPooledByteBufAllocatorUseCacheForAllThreads(45)) - PERFORMANCE WARNING: useCacheForAllThreads is true that may cause Netty to create a lot garbage objects and, as a result, trigger GC.
	It is recommended to disable useCacheForAllThreads by setting -Dorg.apache.ratis.thirdparty.io.netty.allocator.useCacheForAllThreads=false in command line.
2019-09-19 10:43:55,715 [main] INFO  grpc.GrpcConfigKeys$Server (ConfUtils.java:logGet(43)) - raft.grpc.server.port = 0 (default)
2019-09-19 10:43:55,715 [main] INFO  server.GrpcService (ConfUtils.java:logGet(43)) - raft.grpc.message.size.max = 33570816 (custom)
2019-09-19 10:43:55,715 [main] INFO  server.RaftServerConfigKeys (ConfUtils.java:logGet(43)) - raft.server.log.appender.buffer.byte-limit = 33554432 (custom)
2019-09-19 10:43:55,715 [main] INFO  server.GrpcService (ConfUtils.java:logGet(43)) - raft.grpc.flow.control.window = 1MB (=1048576) (default)
2019-09-19 10:43:55,716 [main] INFO  server.RaftServerConfigKeys (ConfUtils.java:logGet(43)) - raft.server.rpc.request.timeout = 3000ms (default)
2019-09-19 10:43:55,716 [main] INFO  server.RaftServerConfigKeys (ConfUtils.java:logGet(43)) - raft.server.storage.dir = [/workdir/hadoop-ozone/tools/target/test-dir/MiniOzoneClusterImpl-906ca9d4-12e2-4885-9d3d-2383beb6722b/datanode-1/data/ratis] (custom)
2019-09-19 10:43:55,717 [main] INFO  replication.SimpleContainerDownloader (SimpleContainerDownloader.java:<init>(72)) - Starting container downloader service to copy containers to replicate.
2019-09-19 10:43:55,718 [main] INFO  hdfs.DFSUtil (DFSUtil.java:httpServerTemplateForNNAndJN(1641)) - Starting Web-server for hddsDatanode at: http://0.0.0.0:0
2019-09-19 10:43:55,720 [main] INFO  server.AuthenticationFilter (AuthenticationFilter.java:constructSecretProvider(240)) - Unable to initialize FileSignerSecretProvider, falling back to use random secrets.
2019-09-19 10:43:55,721 [main] WARN  http.HttpRequestLog (HttpRequestLog.java:getRequestLog(97)) - Jetty request log can only be enabled using Log4j
2019-09-19 10:43:55,722 [main] INFO  http.HttpServer2 (HttpServer2.java:addGlobalFilter(975)) - Added global filter 'safety' (class=org.apache.hadoop.http.HttpServer2$QuotingInputFilter)
2019-09-19 10:43:55,723 [main] INFO  http.HttpServer2 (HttpServer2.java:addFilter(948)) - Added filter static_user_filter (class=org.apache.hadoop.http.lib.StaticUserWebFilter$StaticUserFilter) to context hddsDatanode
2019-09-19 10:43:55,723 [main] INFO  http.HttpServer2 (HttpServer2.java:addFilter(958)) - Added filter static_user_filter (class=org.apache.hadoop.http.lib.StaticUserWebFilter$StaticUserFilter) to context logs
2019-09-19 10:43:55,723 [main] INFO  http.HttpServer2 (HttpServer2.java:addFilter(958)) - Added filter static_user_filter (class=org.apache.hadoop.http.lib.StaticUserWebFilter$StaticUserFilter) to context static
2019-09-19 10:43:55,724 [main] INFO  http.HttpServer2 (HttpServer2.java:bindListener(1191)) - Jetty bound to port 39166
2019-09-19 10:43:55,724 [main] INFO  server.Server (Server.java:doStart(351)) - jetty-9.3.24.v20180605, build timestamp: 2018-06-05T17:11:56Z, git hash: 84205aa28f11a4f31f2a3b86d1bba2cc8ab69827
2019-09-19 10:43:55,729 [main] INFO  handler.ContextHandler (ContextHandler.java:doStart(781)) - Started o.e.j.s.ServletContextHandler@3b97907c{/logs,file:///workdir/hadoop-ozone/tools/target/log,AVAILABLE}
2019-09-19 10:43:55,730 [main] INFO  handler.ContextHandler (ContextHandler.java:doStart(781)) - Started o.e.j.s.ServletContextHandler@631c6d11{/static,jar:file:/home/user/.m2/repository/org/apache/hadoop/hadoop-hdds-container-service/0.5.0-SNAPSHOT/hadoop-hdds-container-service-0.5.0-SNAPSHOT.jar!/webapps/static,AVAILABLE}
2019-09-19 10:43:55,773 [main] INFO  handler.ContextHandler (ContextHandler.java:doStart(781)) - Started o.e.j.w.WebAppContext@61608e1a{/,file:///tmp/jetty-0.0.0.0-39166-hddsDatanode-_-any-5240668834519155919.dir/webapp/,AVAILABLE}{/hddsDatanode}
2019-09-19 10:43:55,774 [main] INFO  server.AbstractConnector (AbstractConnector.java:doStart(278)) - Started ServerConnector@7c46c9c3{HTTP/1.1,[http/1.1]}{0.0.0.0:39166}
2019-09-19 10:43:55,774 [main] INFO  server.Server (Server.java:doStart(419)) - Started @12773ms
2019-09-19 10:43:55,776 [main] INFO  server.BaseHttpServer (BaseHttpServer.java:updateConnectorAddress(213)) - HTTP server of HDDSDATANODE is listening at http://0.0.0.0:39166
2019-09-19 10:43:55,812 [Datanode State Machine Thread - 0] INFO  datanode.InitDatanodeState (InitDatanodeState.java:persistContainerDatanodeDetails(140)) - DatanodeDetails is persisted to /workdir/hadoop-ozone/tools/target/test-dir/MiniOzoneClusterImpl-906ca9d4-12e2-4885-9d3d-2383beb6722b/datanode-0/meta/datanode.id
2019-09-19 10:43:55,964 | INFO  | ObjectStoreRestHttpServer | Listening HDDS REST traffic on /0.0.0.0:45044 |  
2019-09-19 10:43:55,964 [main] INFO  ozone.HddsDatanodeService (HddsDatanodeService.java:startPlugins(395)) - Started plug-in org.apache.hadoop.ozone.web.OzoneHddsDatanodeService@12fcb2c3
2019-09-19 10:43:55,965 [main] INFO  impl.MetricsSystemImpl (MetricsSystemImpl.java:init(158)) - HddsDatanode metrics system started (again)
2019-09-19 10:43:55,968 [main] INFO  ozone.HddsDatanodeService (HddsDatanodeService.java:start(184)) - HddsDatanodeService host:pr-hdds-1569-cpgw4-1311585219 ip:192.168.157.204
2019-09-19 10:43:55,968 [org.apache.hadoop.util.JvmPauseMonitor$Monitor@163ba5b6] INFO  util.JvmPauseMonitor (JvmPauseMonitor.java:run(188)) - Starting JVM pause monitor
2019-09-19 10:43:55,975 [Datanode State Machine Thread - 0] INFO  datanode.InitDatanodeState (InitDatanodeState.java:persistContainerDatanodeDetails(140)) - DatanodeDetails is persisted to /workdir/hadoop-ozone/tools/target/test-dir/MiniOzoneClusterImpl-906ca9d4-12e2-4885-9d3d-2383beb6722b/datanode-1/meta/datanode.id
2019-09-19 10:43:55,978 [main] INFO  volume.HddsVolume (HddsVolume.java:<init>(176)) - Creating Volume: /workdir/hadoop-ozone/tools/target/test-dir/MiniOzoneClusterImpl-906ca9d4-12e2-4885-9d3d-2383beb6722b/datanode-2/data/containers/hdds of  storage type : DISK and capacity : 1482555576320
2019-09-19 10:43:55,979 [main] INFO  volume.VolumeSet (VolumeSet.java:initializeVolumeSet(170)) - Added Volume : /workdir/hadoop-ozone/tools/target/test-dir/MiniOzoneClusterImpl-906ca9d4-12e2-4885-9d3d-2383beb6722b/datanode-2/data/containers/hdds to VolumeSet
2019-09-19 10:43:55,979 [main] INFO  volume.ThrottledAsyncChecker (ThrottledAsyncChecker.java:schedule(140)) - Scheduling a check for org.apache.hadoop.ozone.container.common.volume.HddsVolume@740a0d5e
2019-09-19 10:43:55,979 [main] INFO  volume.HddsVolumeChecker (HddsVolumeChecker.java:checkAllVolumes(203)) - Scheduled health check for volume org.apache.hadoop.ozone.container.common.volume.HddsVolume@740a0d5e
2019-09-19 10:43:55,997 [main] INFO  impl.RaftServerProxy (ConfUtils.java:logGet(43)) - raft.rpc.type = GRPC (default)
2019-09-19 10:43:55,997 [main] INFO  grpc.GrpcFactory (GrpcFactory.java:checkPooledByteBufAllocatorUseCacheForAllThreads(45)) - PERFORMANCE WARNING: useCacheForAllThreads is true that may cause Netty to create a lot garbage objects and, as a result, trigger GC.
	It is recommended to disable useCacheForAllThreads by setting -Dorg.apache.ratis.thirdparty.io.netty.allocator.useCacheForAllThreads=false in command line.
2019-09-19 10:43:55,998 [main] INFO  grpc.GrpcConfigKeys$Server (ConfUtils.java:logGet(43)) - raft.grpc.server.port = 0 (default)
2019-09-19 10:43:55,998 [main] INFO  server.GrpcService (ConfUtils.java:logGet(43)) - raft.grpc.message.size.max = 33570816 (custom)
2019-09-19 10:43:55,998 [main] INFO  server.RaftServerConfigKeys (ConfUtils.java:logGet(43)) - raft.server.log.appender.buffer.byte-limit = 33554432 (custom)
2019-09-19 10:43:55,998 [main] INFO  server.GrpcService (ConfUtils.java:logGet(43)) - raft.grpc.flow.control.window = 1MB (=1048576) (default)
2019-09-19 10:43:55,998 [main] INFO  server.RaftServerConfigKeys (ConfUtils.java:logGet(43)) - raft.server.rpc.request.timeout = 3000ms (default)
2019-09-19 10:43:55,999 [main] INFO  server.RaftServerConfigKeys (ConfUtils.java:logGet(43)) - raft.server.storage.dir = [/workdir/hadoop-ozone/tools/target/test-dir/MiniOzoneClusterImpl-906ca9d4-12e2-4885-9d3d-2383beb6722b/datanode-2/data/ratis] (custom)
2019-09-19 10:43:56,000 [main] INFO  replication.SimpleContainerDownloader (SimpleContainerDownloader.java:<init>(72)) - Starting container downloader service to copy containers to replicate.
2019-09-19 10:43:56,001 [main] INFO  hdfs.DFSUtil (DFSUtil.java:httpServerTemplateForNNAndJN(1641)) - Starting Web-server for hddsDatanode at: http://0.0.0.0:0
2019-09-19 10:43:56,003 [main] INFO  server.AuthenticationFilter (AuthenticationFilter.java:constructSecretProvider(240)) - Unable to initialize FileSignerSecretProvider, falling back to use random secrets.
2019-09-19 10:43:56,003 [main] WARN  http.HttpRequestLog (HttpRequestLog.java:getRequestLog(97)) - Jetty request log can only be enabled using Log4j
2019-09-19 10:43:56,005 [main] INFO  http.HttpServer2 (HttpServer2.java:addGlobalFilter(975)) - Added global filter 'safety' (class=org.apache.hadoop.http.HttpServer2$QuotingInputFilter)
2019-09-19 10:43:56,005 [main] INFO  http.HttpServer2 (HttpServer2.java:addFilter(948)) - Added filter static_user_filter (class=org.apache.hadoop.http.lib.StaticUserWebFilter$StaticUserFilter) to context hddsDatanode
2019-09-19 10:43:56,005 [main] INFO  http.HttpServer2 (HttpServer2.java:addFilter(958)) - Added filter static_user_filter (class=org.apache.hadoop.http.lib.StaticUserWebFilter$StaticUserFilter) to context static
2019-09-19 10:43:56,005 [main] INFO  http.HttpServer2 (HttpServer2.java:addFilter(958)) - Added filter static_user_filter (class=org.apache.hadoop.http.lib.StaticUserWebFilter$StaticUserFilter) to context logs
2019-09-19 10:43:56,006 [main] INFO  http.HttpServer2 (HttpServer2.java:bindListener(1191)) - Jetty bound to port 45413
2019-09-19 10:43:56,006 [main] INFO  server.Server (Server.java:doStart(351)) - jetty-9.3.24.v20180605, build timestamp: 2018-06-05T17:11:56Z, git hash: 84205aa28f11a4f31f2a3b86d1bba2cc8ab69827
2019-09-19 10:43:56,009 [main] INFO  handler.ContextHandler (ContextHandler.java:doStart(781)) - Started o.e.j.s.ServletContextHandler@296edc75{/logs,file:///workdir/hadoop-ozone/tools/target/log,AVAILABLE}
2019-09-19 10:43:56,009 [main] INFO  handler.ContextHandler (ContextHandler.java:doStart(781)) - Started o.e.j.s.ServletContextHandler@7aea704c{/static,jar:file:/home/user/.m2/repository/org/apache/hadoop/hadoop-hdds-container-service/0.5.0-SNAPSHOT/hadoop-hdds-container-service-0.5.0-SNAPSHOT.jar!/webapps/static,AVAILABLE}
2019-09-19 10:43:56,037 [main] INFO  handler.ContextHandler (ContextHandler.java:doStart(781)) - Started o.e.j.w.WebAppContext@49580ca8{/,file:///tmp/jetty-0.0.0.0-45413-hddsDatanode-_-any-8678277088394597939.dir/webapp/,AVAILABLE}{/hddsDatanode}
2019-09-19 10:43:56,037 [main] INFO  server.AbstractConnector (AbstractConnector.java:doStart(278)) - Started ServerConnector@525647f3{HTTP/1.1,[http/1.1]}{0.0.0.0:45413}
2019-09-19 10:43:56,038 [main] INFO  server.Server (Server.java:doStart(419)) - Started @13037ms
2019-09-19 10:43:56,039 [main] INFO  server.BaseHttpServer (BaseHttpServer.java:updateConnectorAddress(213)) - HTTP server of HDDSDATANODE is listening at http://0.0.0.0:45413
2019-09-19 10:43:56,183 | INFO  | ObjectStoreRestHttpServer | Listening HDDS REST traffic on /0.0.0.0:38538 |  
2019-09-19 10:43:56,183 [main] INFO  ozone.HddsDatanodeService (HddsDatanodeService.java:startPlugins(395)) - Started plug-in org.apache.hadoop.ozone.web.OzoneHddsDatanodeService@51ac12ac
2019-09-19 10:43:56,184 [main] INFO  impl.MetricsSystemImpl (MetricsSystemImpl.java:init(158)) - HddsDatanode metrics system started (again)
2019-09-19 10:43:56,187 [main] INFO  ozone.HddsDatanodeService (HddsDatanodeService.java:start(184)) - HddsDatanodeService host:pr-hdds-1569-cpgw4-1311585219 ip:192.168.157.204
2019-09-19 10:43:56,188 [org.apache.hadoop.util.JvmPauseMonitor$Monitor@305aa91d] INFO  util.JvmPauseMonitor (JvmPauseMonitor.java:run(188)) - Starting JVM pause monitor
2019-09-19 10:43:56,191 [Datanode State Machine Thread - 0] INFO  datanode.InitDatanodeState (InitDatanodeState.java:persistContainerDatanodeDetails(140)) - DatanodeDetails is persisted to /workdir/hadoop-ozone/tools/target/test-dir/MiniOzoneClusterImpl-906ca9d4-12e2-4885-9d3d-2383beb6722b/datanode-2/meta/datanode.id
2019-09-19 10:43:56,195 [main] INFO  volume.HddsVolume (HddsVolume.java:<init>(176)) - Creating Volume: /workdir/hadoop-ozone/tools/target/test-dir/MiniOzoneClusterImpl-906ca9d4-12e2-4885-9d3d-2383beb6722b/datanode-3/data/containers/hdds of  storage type : DISK and capacity : 1482555576320
2019-09-19 10:43:56,196 [main] INFO  volume.VolumeSet (VolumeSet.java:initializeVolumeSet(170)) - Added Volume : /workdir/hadoop-ozone/tools/target/test-dir/MiniOzoneClusterImpl-906ca9d4-12e2-4885-9d3d-2383beb6722b/datanode-3/data/containers/hdds to VolumeSet
2019-09-19 10:43:56,196 [main] INFO  volume.ThrottledAsyncChecker (ThrottledAsyncChecker.java:schedule(140)) - Scheduling a check for org.apache.hadoop.ozone.container.common.volume.HddsVolume@256bb5be
2019-09-19 10:43:56,196 [main] INFO  volume.HddsVolumeChecker (HddsVolumeChecker.java:checkAllVolumes(203)) - Scheduled health check for volume org.apache.hadoop.ozone.container.common.volume.HddsVolume@256bb5be
2019-09-19 10:43:56,211 [main] INFO  impl.RaftServerProxy (ConfUtils.java:logGet(43)) - raft.rpc.type = GRPC (default)
2019-09-19 10:43:56,211 [main] INFO  grpc.GrpcFactory (GrpcFactory.java:checkPooledByteBufAllocatorUseCacheForAllThreads(45)) - PERFORMANCE WARNING: useCacheForAllThreads is true that may cause Netty to create a lot garbage objects and, as a result, trigger GC.
	It is recommended to disable useCacheForAllThreads by setting -Dorg.apache.ratis.thirdparty.io.netty.allocator.useCacheForAllThreads=false in command line.
2019-09-19 10:43:56,211 [main] INFO  grpc.GrpcConfigKeys$Server (ConfUtils.java:logGet(43)) - raft.grpc.server.port = 0 (default)
2019-09-19 10:43:56,211 [main] INFO  server.GrpcService (ConfUtils.java:logGet(43)) - raft.grpc.message.size.max = 33570816 (custom)
2019-09-19 10:43:56,212 [main] INFO  server.RaftServerConfigKeys (ConfUtils.java:logGet(43)) - raft.server.log.appender.buffer.byte-limit = 33554432 (custom)
2019-09-19 10:43:56,212 [main] INFO  server.GrpcService (ConfUtils.java:logGet(43)) - raft.grpc.flow.control.window = 1MB (=1048576) (default)
2019-09-19 10:43:56,212 [main] INFO  server.RaftServerConfigKeys (ConfUtils.java:logGet(43)) - raft.server.rpc.request.timeout = 3000ms (default)
2019-09-19 10:43:56,213 [main] INFO  server.RaftServerConfigKeys (ConfUtils.java:logGet(43)) - raft.server.storage.dir = [/workdir/hadoop-ozone/tools/target/test-dir/MiniOzoneClusterImpl-906ca9d4-12e2-4885-9d3d-2383beb6722b/datanode-3/data/ratis] (custom)
2019-09-19 10:43:56,213 [main] INFO  replication.SimpleContainerDownloader (SimpleContainerDownloader.java:<init>(72)) - Starting container downloader service to copy containers to replicate.
2019-09-19 10:43:56,214 [main] INFO  hdfs.DFSUtil (DFSUtil.java:httpServerTemplateForNNAndJN(1641)) - Starting Web-server for hddsDatanode at: http://0.0.0.0:0
2019-09-19 10:43:56,215 [main] INFO  server.AuthenticationFilter (AuthenticationFilter.java:constructSecretProvider(240)) - Unable to initialize FileSignerSecretProvider, falling back to use random secrets.
2019-09-19 10:43:56,216 [main] WARN  http.HttpRequestLog (HttpRequestLog.java:getRequestLog(97)) - Jetty request log can only be enabled using Log4j
2019-09-19 10:43:56,218 [main] INFO  http.HttpServer2 (HttpServer2.java:addGlobalFilter(975)) - Added global filter 'safety' (class=org.apache.hadoop.http.HttpServer2$QuotingInputFilter)
2019-09-19 10:43:56,218 [main] INFO  http.HttpServer2 (HttpServer2.java:addFilter(948)) - Added filter static_user_filter (class=org.apache.hadoop.http.lib.StaticUserWebFilter$StaticUserFilter) to context hddsDatanode
2019-09-19 10:43:56,218 [main] INFO  http.HttpServer2 (HttpServer2.java:addFilter(958)) - Added filter static_user_filter (class=org.apache.hadoop.http.lib.StaticUserWebFilter$StaticUserFilter) to context static
2019-09-19 10:43:56,218 [main] INFO  http.HttpServer2 (HttpServer2.java:addFilter(958)) - Added filter static_user_filter (class=org.apache.hadoop.http.lib.StaticUserWebFilter$StaticUserFilter) to context logs
2019-09-19 10:43:56,219 [main] INFO  http.HttpServer2 (HttpServer2.java:bindListener(1191)) - Jetty bound to port 35167
2019-09-19 10:43:56,219 [main] INFO  server.Server (Server.java:doStart(351)) - jetty-9.3.24.v20180605, build timestamp: 2018-06-05T17:11:56Z, git hash: 84205aa28f11a4f31f2a3b86d1bba2cc8ab69827
2019-09-19 10:43:56,223 [main] INFO  handler.ContextHandler (ContextHandler.java:doStart(781)) - Started o.e.j.s.ServletContextHandler@691567ea{/logs,file:///workdir/hadoop-ozone/tools/target/log,AVAILABLE}
2019-09-19 10:43:56,224 [main] INFO  handler.ContextHandler (ContextHandler.java:doStart(781)) - Started o.e.j.s.ServletContextHandler@5c8d58ed{/static,jar:file:/home/user/.m2/repository/org/apache/hadoop/hadoop-hdds-container-service/0.5.0-SNAPSHOT/hadoop-hdds-container-service-0.5.0-SNAPSHOT.jar!/webapps/static,AVAILABLE}
2019-09-19 10:43:56,257 [main] INFO  handler.ContextHandler (ContextHandler.java:doStart(781)) - Started o.e.j.w.WebAppContext@27a9f025{/,file:///tmp/jetty-0.0.0.0-35167-hddsDatanode-_-any-3977508623575815378.dir/webapp/,AVAILABLE}{/hddsDatanode}
2019-09-19 10:43:56,258 [main] INFO  server.AbstractConnector (AbstractConnector.java:doStart(278)) - Started ServerConnector@71936a92{HTTP/1.1,[http/1.1]}{0.0.0.0:35167}
2019-09-19 10:43:56,259 [main] INFO  server.Server (Server.java:doStart(419)) - Started @13258ms
2019-09-19 10:43:56,260 [main] INFO  server.BaseHttpServer (BaseHttpServer.java:updateConnectorAddress(213)) - HTTP server of HDDSDATANODE is listening at http://0.0.0.0:35167
2019-09-19 10:43:56,411 | INFO  | ObjectStoreRestHttpServer | Listening HDDS REST traffic on /0.0.0.0:36162 |  
2019-09-19 10:43:56,411 [main] INFO  ozone.HddsDatanodeService (HddsDatanodeService.java:startPlugins(395)) - Started plug-in org.apache.hadoop.ozone.web.OzoneHddsDatanodeService@545d2560
2019-09-19 10:43:56,411 [main] INFO  impl.MetricsSystemImpl (MetricsSystemImpl.java:init(158)) - HddsDatanode metrics system started (again)
2019-09-19 10:43:56,415 [main] INFO  ozone.HddsDatanodeService (HddsDatanodeService.java:start(184)) - HddsDatanodeService host:pr-hdds-1569-cpgw4-1311585219 ip:192.168.157.204
2019-09-19 10:43:56,415 [org.apache.hadoop.util.JvmPauseMonitor$Monitor@159a8e85] INFO  util.JvmPauseMonitor (JvmPauseMonitor.java:run(188)) - Starting JVM pause monitor
2019-09-19 10:43:56,418 [Datanode State Machine Thread - 0] INFO  datanode.InitDatanodeState (InitDatanodeState.java:persistContainerDatanodeDetails(140)) - DatanodeDetails is persisted to /workdir/hadoop-ozone/tools/target/test-dir/MiniOzoneClusterImpl-906ca9d4-12e2-4885-9d3d-2383beb6722b/datanode-3/meta/datanode.id
2019-09-19 10:43:56,423 [main] INFO  volume.HddsVolume (HddsVolume.java:<init>(176)) - Creating Volume: /workdir/hadoop-ozone/tools/target/test-dir/MiniOzoneClusterImpl-906ca9d4-12e2-4885-9d3d-2383beb6722b/datanode-4/data/containers/hdds of  storage type : DISK and capacity : 1482555576320
2019-09-19 10:43:56,423 [main] INFO  volume.VolumeSet (VolumeSet.java:initializeVolumeSet(170)) - Added Volume : /workdir/hadoop-ozone/tools/target/test-dir/MiniOzoneClusterImpl-906ca9d4-12e2-4885-9d3d-2383beb6722b/datanode-4/data/containers/hdds to VolumeSet
2019-09-19 10:43:56,424 [main] INFO  volume.ThrottledAsyncChecker (ThrottledAsyncChecker.java:schedule(140)) - Scheduling a check for org.apache.hadoop.ozone.container.common.volume.HddsVolume@284990de
2019-09-19 10:43:56,424 [main] INFO  volume.HddsVolumeChecker (HddsVolumeChecker.java:checkAllVolumes(203)) - Scheduled health check for volume org.apache.hadoop.ozone.container.common.volume.HddsVolume@284990de
2019-09-19 10:43:56,440 [main] INFO  impl.RaftServerProxy (ConfUtils.java:logGet(43)) - raft.rpc.type = GRPC (default)
2019-09-19 10:43:56,440 [main] INFO  grpc.GrpcFactory (GrpcFactory.java:checkPooledByteBufAllocatorUseCacheForAllThreads(45)) - PERFORMANCE WARNING: useCacheForAllThreads is true that may cause Netty to create a lot garbage objects and, as a result, trigger GC.
	It is recommended to disable useCacheForAllThreads by setting -Dorg.apache.ratis.thirdparty.io.netty.allocator.useCacheForAllThreads=false in command line.
2019-09-19 10:43:56,440 [main] INFO  grpc.GrpcConfigKeys$Server (ConfUtils.java:logGet(43)) - raft.grpc.server.port = 0 (default)
2019-09-19 10:43:56,441 [main] INFO  server.GrpcService (ConfUtils.java:logGet(43)) - raft.grpc.message.size.max = 33570816 (custom)
2019-09-19 10:43:56,441 [main] INFO  server.RaftServerConfigKeys (ConfUtils.java:logGet(43)) - raft.server.log.appender.buffer.byte-limit = 33554432 (custom)
2019-09-19 10:43:56,441 [main] INFO  server.GrpcService (ConfUtils.java:logGet(43)) - raft.grpc.flow.control.window = 1MB (=1048576) (default)
2019-09-19 10:43:56,441 [main] INFO  server.RaftServerConfigKeys (ConfUtils.java:logGet(43)) - raft.server.rpc.request.timeout = 3000ms (default)
2019-09-19 10:43:56,442 [main] INFO  server.RaftServerConfigKeys (ConfUtils.java:logGet(43)) - raft.server.storage.dir = [/workdir/hadoop-ozone/tools/target/test-dir/MiniOzoneClusterImpl-906ca9d4-12e2-4885-9d3d-2383beb6722b/datanode-4/data/ratis] (custom)
2019-09-19 10:43:56,442 [main] INFO  replication.SimpleContainerDownloader (SimpleContainerDownloader.java:<init>(72)) - Starting container downloader service to copy containers to replicate.
2019-09-19 10:43:56,444 [main] INFO  hdfs.DFSUtil (DFSUtil.java:httpServerTemplateForNNAndJN(1641)) - Starting Web-server for hddsDatanode at: http://0.0.0.0:0
2019-09-19 10:43:56,446 [main] INFO  server.AuthenticationFilter (AuthenticationFilter.java:constructSecretProvider(240)) - Unable to initialize FileSignerSecretProvider, falling back to use random secrets.
2019-09-19 10:43:56,447 [main] WARN  http.HttpRequestLog (HttpRequestLog.java:getRequestLog(97)) - Jetty request log can only be enabled using Log4j
2019-09-19 10:43:56,449 [main] INFO  http.HttpServer2 (HttpServer2.java:addGlobalFilter(975)) - Added global filter 'safety' (class=org.apache.hadoop.http.HttpServer2$QuotingInputFilter)
2019-09-19 10:43:56,450 [main] INFO  http.HttpServer2 (HttpServer2.java:addFilter(948)) - Added filter static_user_filter (class=org.apache.hadoop.http.lib.StaticUserWebFilter$StaticUserFilter) to context hddsDatanode
2019-09-19 10:43:56,451 [main] INFO  http.HttpServer2 (HttpServer2.java:addFilter(958)) - Added filter static_user_filter (class=org.apache.hadoop.http.lib.StaticUserWebFilter$StaticUserFilter) to context static
2019-09-19 10:43:56,451 [main] INFO  http.HttpServer2 (HttpServer2.java:addFilter(958)) - Added filter static_user_filter (class=org.apache.hadoop.http.lib.StaticUserWebFilter$StaticUserFilter) to context logs
2019-09-19 10:43:56,452 [main] INFO  http.HttpServer2 (HttpServer2.java:bindListener(1191)) - Jetty bound to port 46763
2019-09-19 10:43:56,452 [main] INFO  server.Server (Server.java:doStart(351)) - jetty-9.3.24.v20180605, build timestamp: 2018-06-05T17:11:56Z, git hash: 84205aa28f11a4f31f2a3b86d1bba2cc8ab69827
2019-09-19 10:43:56,455 [main] INFO  handler.ContextHandler (ContextHandler.java:doStart(781)) - Started o.e.j.s.ServletContextHandler@723742b2{/logs,file:///workdir/hadoop-ozone/tools/target/log,AVAILABLE}
2019-09-19 10:43:56,456 [main] INFO  handler.ContextHandler (ContextHandler.java:doStart(781)) - Started o.e.j.s.ServletContextHandler@34c76167{/static,jar:file:/home/user/.m2/repository/org/apache/hadoop/hadoop-hdds-container-service/0.5.0-SNAPSHOT/hadoop-hdds-container-service-0.5.0-SNAPSHOT.jar!/webapps/static,AVAILABLE}
2019-09-19 10:43:56,496 [main] INFO  handler.ContextHandler (ContextHandler.java:doStart(781)) - Started o.e.j.w.WebAppContext@4bc9ca97{/,file:///tmp/jetty-0.0.0.0-46763-hddsDatanode-_-any-608544289458950237.dir/webapp/,AVAILABLE}{/hddsDatanode}
2019-09-19 10:43:56,498 [main] INFO  server.AbstractConnector (AbstractConnector.java:doStart(278)) - Started ServerConnector@3e43f049{HTTP/1.1,[http/1.1]}{0.0.0.0:46763}
2019-09-19 10:43:56,498 [main] INFO  server.Server (Server.java:doStart(419)) - Started @13497ms
2019-09-19 10:43:56,499 [main] INFO  server.BaseHttpServer (BaseHttpServer.java:updateConnectorAddress(213)) - HTTP server of HDDSDATANODE is listening at http://0.0.0.0:46763
2019-09-19 10:43:56,645 | INFO  | ObjectStoreRestHttpServer | Listening HDDS REST traffic on /0.0.0.0:35438 |  
2019-09-19 10:43:56,645 [main] INFO  ozone.HddsDatanodeService (HddsDatanodeService.java:startPlugins(395)) - Started plug-in org.apache.hadoop.ozone.web.OzoneHddsDatanodeService@7db5b890
2019-09-19 10:43:56,647 [main] INFO  ozone.MiniOzoneClusterImpl (MiniOzoneClusterImpl.java:lambda$waitForClusterToBeReady$0(142)) - Waiting for cluster to be ready. Got 0 of 5 DN Heartbeats.
2019-09-19 10:43:56,648 [org.apache.hadoop.util.JvmPauseMonitor$Monitor@6468db9] INFO  util.JvmPauseMonitor (JvmPauseMonitor.java:run(188)) - Starting JVM pause monitor
2019-09-19 10:43:56,651 [Datanode State Machine Thread - 0] INFO  datanode.InitDatanodeState (InitDatanodeState.java:persistContainerDatanodeDetails(140)) - DatanodeDetails is persisted to /workdir/hadoop-ozone/tools/target/test-dir/MiniOzoneClusterImpl-906ca9d4-12e2-4885-9d3d-2383beb6722b/datanode-4/meta/datanode.id
2019-09-19 10:43:57,647 [main] INFO  ozone.MiniOzoneClusterImpl (MiniOzoneClusterImpl.java:lambda$waitForClusterToBeReady$0(142)) - Waiting for cluster to be ready. Got 0 of 5 DN Heartbeats.
2019-09-19 10:43:57,717 | INFO  | SCMAudit | user=jenkins1000 | ip=192.168.157.204 | op=GET_VERSION null | ret=SUCCESS |  
2019-09-19 10:43:57,736 [Datanode State Machine Thread - 0] INFO  ozoneimpl.OzoneContainer (OzoneContainer.java:start(186)) - Attempting to start container services.
2019-09-19 10:43:57,737 [Datanode State Machine Thread - 0] INFO  ozoneimpl.OzoneContainer (OzoneContainer.java:startContainerScrub(160)) - Background container scrubber has been disabled by hdds.containerscrub.enabled
2019-09-19 10:43:57,737 [Datanode State Machine Thread - 0] INFO  ratis.XceiverServerRatis (XceiverServerRatis.java:start(404)) - Starting XceiverServerRatis 85d03201-45ec-4202-b725-1ee58b28f685 at port 0
2019-09-19 10:43:57,753 [Datanode State Machine Thread - 0] INFO  impl.RaftServerProxy (RaftServerProxy.java:lambda$start$3(299)) - 85d03201-45ec-4202-b725-1ee58b28f685: start RPC server
2019-09-19 10:43:57,862 [Datanode State Machine Thread - 0] INFO  server.GrpcService (GrpcService.java:startImpl(149)) - 85d03201-45ec-4202-b725-1ee58b28f685: GrpcService started, listening on 0.0.0.0/0.0.0.0:34005
2019-09-19 10:43:57,863 [Datanode State Machine Thread - 0] INFO  ratis.XceiverServerRatis (XceiverServerRatis.java:start(414)) - XceiverServerRatis 85d03201-45ec-4202-b725-1ee58b28f685 is started using port 34005
2019-09-19 10:43:57,865 [Datanode State Machine Thread - 0] INFO  server.XceiverServerGrpc (XceiverServerGrpc.java:start(163)) - XceiverServerGrpc 85d03201-45ec-4202-b725-1ee58b28f685 is started using port 41772
2019-09-19 10:43:57,971 | INFO  | SCMAudit | user=jenkins1000 | ip=192.168.157.204 | op=GET_VERSION null | ret=SUCCESS |  
2019-09-19 10:43:57,986 [Datanode State Machine Thread - 0] INFO  ozoneimpl.OzoneContainer (OzoneContainer.java:start(186)) - Attempting to start container services.
2019-09-19 10:43:57,988 [Datanode State Machine Thread - 0] INFO  ozoneimpl.OzoneContainer (OzoneContainer.java:startContainerScrub(160)) - Background container scrubber has been disabled by hdds.containerscrub.enabled
2019-09-19 10:43:57,988 [Datanode State Machine Thread - 0] INFO  ratis.XceiverServerRatis (XceiverServerRatis.java:start(404)) - Starting XceiverServerRatis ef60016b-37d8-4c81-9b85-999ba158dbb2 at port 0
2019-09-19 10:43:58,084 [Datanode State Machine Thread - 0] INFO  impl.RaftServerProxy (RaftServerProxy.java:lambda$start$3(299)) - ef60016b-37d8-4c81-9b85-999ba158dbb2: start RPC server
2019-09-19 10:43:58,088 [Datanode State Machine Thread - 0] INFO  server.GrpcService (GrpcService.java:startImpl(149)) - ef60016b-37d8-4c81-9b85-999ba158dbb2: GrpcService started, listening on 0.0.0.0/0.0.0.0:33362
2019-09-19 10:43:58,088 [Datanode State Machine Thread - 0] INFO  ratis.XceiverServerRatis (XceiverServerRatis.java:start(414)) - XceiverServerRatis ef60016b-37d8-4c81-9b85-999ba158dbb2 is started using port 33362
2019-09-19 10:43:58,090 [Datanode State Machine Thread - 0] INFO  server.XceiverServerGrpc (XceiverServerGrpc.java:start(163)) - XceiverServerGrpc ef60016b-37d8-4c81-9b85-999ba158dbb2 is started using port 40861
2019-09-19 10:43:58,189 | INFO  | SCMAudit | user=jenkins1000 | ip=192.168.157.204 | op=GET_VERSION null | ret=SUCCESS |  
2019-09-19 10:43:58,203 [Datanode State Machine Thread - 0] INFO  ozoneimpl.OzoneContainer (OzoneContainer.java:start(186)) - Attempting to start container services.
2019-09-19 10:43:58,205 [Datanode State Machine Thread - 0] INFO  ozoneimpl.OzoneContainer (OzoneContainer.java:startContainerScrub(160)) - Background container scrubber has been disabled by hdds.containerscrub.enabled
2019-09-19 10:43:58,205 [Datanode State Machine Thread - 0] INFO  ratis.XceiverServerRatis (XceiverServerRatis.java:start(404)) - Starting XceiverServerRatis e855218f-cb01-4dd8-a582-b24365f170a0 at port 0
2019-09-19 10:43:58,213 [Datanode State Machine Thread - 0] INFO  impl.RaftServerProxy (RaftServerProxy.java:lambda$start$3(299)) - e855218f-cb01-4dd8-a582-b24365f170a0: start RPC server
2019-09-19 10:43:58,216 [Datanode State Machine Thread - 0] INFO  server.GrpcService (GrpcService.java:startImpl(149)) - e855218f-cb01-4dd8-a582-b24365f170a0: GrpcService started, listening on 0.0.0.0/0.0.0.0:43344
2019-09-19 10:43:58,216 [Datanode State Machine Thread - 0] INFO  ratis.XceiverServerRatis (XceiverServerRatis.java:start(414)) - XceiverServerRatis e855218f-cb01-4dd8-a582-b24365f170a0 is started using port 43344
2019-09-19 10:43:58,218 [Datanode State Machine Thread - 0] INFO  server.XceiverServerGrpc (XceiverServerGrpc.java:start(163)) - XceiverServerGrpc e855218f-cb01-4dd8-a582-b24365f170a0 is started using port 35508
2019-09-19 10:43:58,418 | INFO  | SCMAudit | user=jenkins1000 | ip=192.168.157.204 | op=GET_VERSION null | ret=SUCCESS |  
2019-09-19 10:43:58,432 [Datanode State Machine Thread - 0] INFO  ozoneimpl.OzoneContainer (OzoneContainer.java:start(186)) - Attempting to start container services.
2019-09-19 10:43:58,434 [Datanode State Machine Thread - 0] INFO  ozoneimpl.OzoneContainer (OzoneContainer.java:startContainerScrub(160)) - Background container scrubber has been disabled by hdds.containerscrub.enabled
2019-09-19 10:43:58,434 [Datanode State Machine Thread - 0] INFO  ratis.XceiverServerRatis (XceiverServerRatis.java:start(404)) - Starting XceiverServerRatis 2d7fb44a-ac7a-4034-a2aa-4953f070935b at port 0
2019-09-19 10:43:58,442 [Datanode State Machine Thread - 0] INFO  impl.RaftServerProxy (RaftServerProxy.java:lambda$start$3(299)) - 2d7fb44a-ac7a-4034-a2aa-4953f070935b: start RPC server
2019-09-19 10:43:58,445 [Datanode State Machine Thread - 0] INFO  server.GrpcService (GrpcService.java:startImpl(149)) - 2d7fb44a-ac7a-4034-a2aa-4953f070935b: GrpcService started, listening on 0.0.0.0/0.0.0.0:33301
2019-09-19 10:43:58,446 [Datanode State Machine Thread - 0] INFO  ratis.XceiverServerRatis (XceiverServerRatis.java:start(414)) - XceiverServerRatis 2d7fb44a-ac7a-4034-a2aa-4953f070935b is started using port 33301
2019-09-19 10:43:58,449 [Datanode State Machine Thread - 0] INFO  server.XceiverServerGrpc (XceiverServerGrpc.java:start(163)) - XceiverServerGrpc 2d7fb44a-ac7a-4034-a2aa-4953f070935b is started using port 37726
2019-09-19 10:43:58,648 [main] INFO  ozone.MiniOzoneClusterImpl (MiniOzoneClusterImpl.java:lambda$waitForClusterToBeReady$0(142)) - Waiting for cluster to be ready. Got 0 of 5 DN Heartbeats.
2019-09-19 10:43:58,660 | INFO  | SCMAudit | user=jenkins1000 | ip=192.168.157.204 | op=GET_VERSION null | ret=SUCCESS |  
2019-09-19 10:43:58,674 [Datanode State Machine Thread - 0] INFO  ozoneimpl.OzoneContainer (OzoneContainer.java:start(186)) - Attempting to start container services.
2019-09-19 10:43:58,688 [Datanode State Machine Thread - 0] INFO  ozoneimpl.OzoneContainer (OzoneContainer.java:startContainerScrub(160)) - Background container scrubber has been disabled by hdds.containerscrub.enabled
2019-09-19 10:43:58,688 [Datanode State Machine Thread - 0] INFO  ratis.XceiverServerRatis (XceiverServerRatis.java:start(404)) - Starting XceiverServerRatis 470b673e-7c3c-4972-9ac8-3342d713d76f at port 0
2019-09-19 10:43:58,697 [Datanode State Machine Thread - 0] INFO  impl.RaftServerProxy (RaftServerProxy.java:lambda$start$3(299)) - 470b673e-7c3c-4972-9ac8-3342d713d76f: start RPC server
2019-09-19 10:43:58,701 [Datanode State Machine Thread - 0] INFO  server.GrpcService (GrpcService.java:startImpl(149)) - 470b673e-7c3c-4972-9ac8-3342d713d76f: GrpcService started, listening on 0.0.0.0/0.0.0.0:38229
2019-09-19 10:43:58,701 [Datanode State Machine Thread - 0] INFO  ratis.XceiverServerRatis (XceiverServerRatis.java:start(414)) - XceiverServerRatis 470b673e-7c3c-4972-9ac8-3342d713d76f is started using port 38229
2019-09-19 10:43:58,704 [Datanode State Machine Thread - 0] INFO  server.XceiverServerGrpc (XceiverServerGrpc.java:start(163)) - XceiverServerGrpc 470b673e-7c3c-4972-9ac8-3342d713d76f is started using port 42287
2019-09-19 10:43:59,659 [main] INFO  ozone.MiniOzoneClusterImpl (MiniOzoneClusterImpl.java:lambda$waitForClusterToBeReady$0(142)) - Waiting for cluster to be ready. Got 0 of 5 DN Heartbeats.
2019-09-19 10:43:59,735 [IPC Server handler 19 on 40734] INFO  net.NetworkTopology (NetworkTopologyImpl.java:add(110)) - Added a new node: /default-rack/85d03201-45ec-4202-b725-1ee58b28f685
2019-09-19 10:43:59,735 [IPC Server handler 19 on 40734] INFO  node.SCMNodeManager (SCMNodeManager.java:register(273)) - Registered Data node : 85d03201-45ec-4202-b725-1ee58b28f685{ip: 192.168.157.204, host: pr-hdds-1569-cpgw4-1311585219, networkLocation: /default-rack, certSerialId: null}
2019-09-19 10:43:59,741 [EventQueue-NodeRegistrationContainerReportForDataNodeSafeModeRule] INFO  safemode.SCMSafeModeManager (DataNodeSafeModeRule.java:process(71)) - SCM in safe mode. 1 DataNodes registered, 1 required.
2019-09-19 10:43:59,742 [EventQueue-NodeRegistrationContainerReportForDataNodeSafeModeRule] INFO  safemode.SCMSafeModeManager (SCMSafeModeManager.java:validateSafeModeExitRules(177)) - ScmSafeModeManager, all rules are successfully validated
2019-09-19 10:43:59,742 [EventQueue-NodeRegistrationContainerReportForDataNodeSafeModeRule] INFO  safemode.SCMSafeModeManager (SCMSafeModeManager.java:exitSafeMode(193)) - SCM exiting safe mode.
2019-09-19 10:43:59,749 | INFO  | SCMAudit | user=jenkins1000 | ip=192.168.157.204 | op=REGISTER {datanodeDetails=85d03201-45ec-4202-b725-1ee58b28f685{ip: 192.168.157.204, host: pr-hdds-1569-cpgw4-1311585219, networkLocation: /default-rack, certSerialId: null}} | ret=SUCCESS |  
2019-09-19 10:43:59,973 [IPC Server handler 16 on 40734] INFO  net.NetworkTopology (NetworkTopologyImpl.java:add(110)) - Added a new node: /default-rack/ef60016b-37d8-4c81-9b85-999ba158dbb2
2019-09-19 10:43:59,973 [IPC Server handler 16 on 40734] INFO  node.SCMNodeManager (SCMNodeManager.java:register(273)) - Registered Data node : ef60016b-37d8-4c81-9b85-999ba158dbb2{ip: 192.168.157.204, host: pr-hdds-1569-cpgw4-1311585219, networkLocation: /default-rack, certSerialId: null}
2019-09-19 10:43:59,974 | INFO  | SCMAudit | user=jenkins1000 | ip=192.168.157.204 | op=REGISTER {datanodeDetails=ef60016b-37d8-4c81-9b85-999ba158dbb2{ip: 192.168.157.204, host: pr-hdds-1569-cpgw4-1311585219, networkLocation: /default-rack, certSerialId: null}} | ret=SUCCESS |  
2019-09-19 10:44:00,493 [IPC Server handler 19 on 40734] INFO  net.NetworkTopology (NetworkTopologyImpl.java:add(110)) - Added a new node: /default-rack/e855218f-cb01-4dd8-a582-b24365f170a0
2019-09-19 10:44:00,493 [IPC Server handler 15 on 40734] INFO  net.NetworkTopology (NetworkTopologyImpl.java:add(110)) - Added a new node: /default-rack/2d7fb44a-ac7a-4034-a2aa-4953f070935b
2019-09-19 10:44:00,493 [IPC Server handler 19 on 40734] INFO  node.SCMNodeManager (SCMNodeManager.java:register(273)) - Registered Data node : e855218f-cb01-4dd8-a582-b24365f170a0{ip: 192.168.157.204, host: pr-hdds-1569-cpgw4-1311585219, networkLocation: /default-rack, certSerialId: null}
2019-09-19 10:44:00,494 [IPC Server handler 15 on 40734] INFO  node.SCMNodeManager (SCMNodeManager.java:register(273)) - Registered Data node : 2d7fb44a-ac7a-4034-a2aa-4953f070935b{ip: 192.168.157.204, host: pr-hdds-1569-cpgw4-1311585219, networkLocation: /default-rack, certSerialId: null}
2019-09-19 10:44:00,494 | INFO  | SCMAudit | user=jenkins1000 | ip=192.168.157.204 | op=REGISTER {datanodeDetails=e855218f-cb01-4dd8-a582-b24365f170a0{ip: 192.168.157.204, host: pr-hdds-1569-cpgw4-1311585219, networkLocation: /default-rack, certSerialId: null}} | ret=SUCCESS |  
2019-09-19 10:44:00,494 | INFO  | SCMAudit | user=jenkins1000 | ip=192.168.157.204 | op=REGISTER {datanodeDetails=2d7fb44a-ac7a-4034-a2aa-4953f070935b{ip: 192.168.157.204, host: pr-hdds-1569-cpgw4-1311585219, networkLocation: /default-rack, certSerialId: null}} | ret=SUCCESS |  
2019-09-19 10:44:00,548 [grpc-default-executor-0] INFO  impl.RaftServerProxy (RaftServerProxy.java:addNew(89)) - 85d03201-45ec-4202-b725-1ee58b28f685: addNew group-43CD562D67F6:[85d03201-45ec-4202-b725-1ee58b28f685:192.168.157.204:34005] returns group-43CD562D67F6:java.util.concurrent.CompletableFuture@28fa3750[Not completed]
2019-09-19 10:44:00,562 [pool-27-thread-1] INFO  impl.RaftServerImpl (RaftServerImpl.java:<init>(93)) - 85d03201-45ec-4202-b725-1ee58b28f685: new RaftServerImpl for group-43CD562D67F6:[85d03201-45ec-4202-b725-1ee58b28f685:192.168.157.204:34005] with ContainerStateMachine:uninitialized
2019-09-19 10:44:00,563 [pool-27-thread-1] INFO  server.RaftServerConfigKeys (ConfUtils.java:logGet(43)) - raft.server.rpc.timeout.min = 5s (custom)
2019-09-19 10:44:00,564 [pool-27-thread-1] INFO  server.RaftServerConfigKeys (ConfUtils.java:logGet(43)) - raft.server.rpc.timeout.max = 5200ms (custom)
2019-09-19 10:44:00,564 [pool-27-thread-1] INFO  server.RaftServerConfigKeys (ConfUtils.java:logGet(43)) - raft.server.rpcslowness.timeout = 120s (custom)
2019-09-19 10:44:00,565 [pool-27-thread-1] INFO  server.RaftServerConfigKeys (ConfUtils.java:logGet(43)) - raft.server.sleep.deviation.threshold = 300 (default)
2019-09-19 10:44:00,565 [pool-27-thread-1] INFO  server.RaftServerConfigKeys (ConfUtils.java:logGet(43)) - raft.server.log.appender.install.snapshot.enabled = false (custom)
2019-09-19 10:44:00,571 [pool-27-thread-1] INFO  impl.RaftServerImpl (ServerState.java:<init>(105)) - 85d03201-45ec-4202-b725-1ee58b28f685:group-43CD562D67F6 ConfigurationManager, init=-1: [85d03201-45ec-4202-b725-1ee58b28f685:192.168.157.204:34005], old=null, confs=<EMPTY_MAP>
2019-09-19 10:44:00,572 [pool-27-thread-1] INFO  server.RaftServerConfigKeys (ConfUtils.java:logGet(43)) - raft.server.storage.dir = [/workdir/hadoop-ozone/tools/target/test-dir/MiniOzoneClusterImpl-906ca9d4-12e2-4885-9d3d-2383beb6722b/datanode-0/data/ratis] (custom)
2019-09-19 10:44:00,578 [pool-27-thread-1] INFO  storage.RaftStorageDirectory (RaftStorageDirectory.java:analyzeStorage(246)) - The storage directory /workdir/hadoop-ozone/tools/target/test-dir/MiniOzoneClusterImpl-906ca9d4-12e2-4885-9d3d-2383beb6722b/datanode-0/data/ratis/d03caec1-421a-4bc3-86c3-43cd562d67f6 does not exist. Creating ...
2019-09-19 10:44:00,595 [pool-27-thread-1] INFO  storage.RaftStorageDirectory (RaftStorageDirectory.java:tryLock(328)) - Lock on /workdir/hadoop-ozone/tools/target/test-dir/MiniOzoneClusterImpl-906ca9d4-12e2-4885-9d3d-2383beb6722b/datanode-0/data/ratis/d03caec1-421a-4bc3-86c3-43cd562d67f6/in_use.lock acquired by nodename 18272@pr-hdds-1569-cpgw4-1311585219
2019-09-19 10:44:00,610 [pool-27-thread-1] INFO  storage.RaftStorage (RaftStorage.java:format(72)) - Storage directory /workdir/hadoop-ozone/tools/target/test-dir/MiniOzoneClusterImpl-906ca9d4-12e2-4885-9d3d-2383beb6722b/datanode-0/data/ratis/d03caec1-421a-4bc3-86c3-43cd562d67f6 has been successfully formatted.
2019-09-19 10:44:00,611 [pool-27-thread-1] INFO  ratis.ContainerStateMachine (ContainerStateMachine.java:loadSnapshot(226)) - group-43CD562D67F6: The snapshot info is null. Setting the last applied indexto:(t:0, i:~)
2019-09-19 10:44:00,612 [pool-27-thread-1] INFO  server.RaftServerConfigKeys (ConfUtils.java:logGet(43)) - raft.server.leader.election.timeout = 120s (custom)
2019-09-19 10:44:00,613 [pool-27-thread-1] INFO  server.RaftServerConfigKeys (ConfUtils.java:logGet(43)) - raft.server.log.use.memory = false (default)
2019-09-19 10:44:00,618 [pool-27-thread-1] INFO  server.RaftServerConfigKeys (ConfUtils.java:logGet(43)) - raft.server.log.purge.gap = 1000000 (custom)
2019-09-19 10:44:00,618 [pool-27-thread-1] INFO  server.RaftServerConfigKeys (ConfUtils.java:logGet(43)) - raft.server.log.appender.buffer.byte-limit = 33554432 (custom)
2019-09-19 10:44:00,619 [pool-27-thread-1] INFO  server.RaftServerConfigKeys (ConfUtils.java:logGet(43)) - raft.server.log.segment.size.max = 1048576 (custom)
2019-09-19 10:44:00,623 [pool-27-thread-1] INFO  server.RaftServerConfigKeys (ConfUtils.java:logGet(43)) - raft.server.log.segment.cache.num.max = 2 (custom)
2019-09-19 10:44:00,628 [pool-27-thread-1] INFO  segmented.SegmentedRaftLogWorker (SegmentedRaftLogWorker.java:<init>(172)) - new 85d03201-45ec-4202-b725-1ee58b28f685-SegmentedRaftLogWorker:Storage Directory /workdir/hadoop-ozone/tools/target/test-dir/MiniOzoneClusterImpl-906ca9d4-12e2-4885-9d3d-2383beb6722b/datanode-0/data/ratis/d03caec1-421a-4bc3-86c3-43cd562d67f6 for RaftStorage:Storage Directory /workdir/hadoop-ozone/tools/target/test-dir/MiniOzoneClusterImpl-906ca9d4-12e2-4885-9d3d-2383beb6722b/datanode-0/data/ratis/d03caec1-421a-4bc3-86c3-43cd562d67f6
2019-09-19 10:44:00,640 [pool-27-thread-1] INFO  server.RaftServerConfigKeys (ConfUtils.java:logGet(43)) - raft.server.log.queue.byte-limit = 2147483647 (custom)
2019-09-19 10:44:00,641 [pool-27-thread-1] INFO  server.RaftServerConfigKeys (ConfUtils.java:logGet(43)) - raft.server.log.queue.element-limit = 1024 (custom)
2019-09-19 10:44:00,645 [pool-27-thread-1] INFO  server.RaftServerConfigKeys (ConfUtils.java:logGet(43)) - raft.server.log.segment.size.max = 1048576 (custom)
2019-09-19 10:44:00,646 [pool-27-thread-1] INFO  server.RaftServerConfigKeys (ConfUtils.java:logGet(43)) - raft.server.log.preallocated.size = 16384 (custom)
2019-09-19 10:44:00,646 [pool-27-thread-1] INFO  server.RaftServerConfigKeys (ConfUtils.java:logGet(43)) - raft.server.log.write.buffer.size = 33554432 (custom)
2019-09-19 10:44:00,647 [pool-27-thread-1] INFO  server.RaftServerConfigKeys (ConfUtils.java:logGet(43)) - raft.server.log.force.sync.num = 128 (default)
2019-09-19 10:44:00,648 [pool-27-thread-1] INFO  server.RaftServerConfigKeys (ConfUtils.java:logGet(43)) - raft.server.log.statemachine.data.sync = true (default)
2019-09-19 10:44:00,648 [pool-27-thread-1] INFO  server.RaftServerConfigKeys (ConfUtils.java:logGet(43)) - raft.server.log.statemachine.data.sync.timeout = 10s (default)
2019-09-19 10:44:00,648 [pool-27-thread-1] INFO  server.RaftServerConfigKeys (ConfUtils.java:logGet(43)) - raft.server.log.statemachine.data.sync.timeout.retry = -1 (default)
2019-09-19 10:44:00,650 [IPC Server handler 16 on 40734] INFO  net.NetworkTopology (NetworkTopologyImpl.java:add(110)) - Added a new node: /default-rack/470b673e-7c3c-4972-9ac8-3342d713d76f
2019-09-19 10:44:00,652 [IPC Server handler 16 on 40734] INFO  node.SCMNodeManager (SCMNodeManager.java:register(273)) - Registered Data node : 470b673e-7c3c-4972-9ac8-3342d713d76f{ip: 192.168.157.204, host: pr-hdds-1569-cpgw4-1311585219, networkLocation: /default-rack, certSerialId: null}
2019-09-19 10:44:00,652 | INFO  | SCMAudit | user=jenkins1000 | ip=192.168.157.204 | op=REGISTER {datanodeDetails=470b673e-7c3c-4972-9ac8-3342d713d76f{ip: 192.168.157.204, host: pr-hdds-1569-cpgw4-1311585219, networkLocation: /default-rack, certSerialId: null}} | ret=SUCCESS |  
2019-09-19 10:44:00,660 [main] INFO  ozone.MiniOzoneClusterImpl (MiniOzoneClusterImpl.java:lambda$waitForClusterToBeReady$0(142)) - Cluster is ready. Got 5 of 5 DN Heartbeats.
2019-09-19 10:44:00,664 [pool-27-thread-1] INFO  server.RaftServerConfigKeys (ConfUtils.java:logGet(43)) - raft.server.log.statemachine.data.caching.enabled = true (custom)
2019-09-19 10:44:00,669 [pool-27-thread-1] INFO  segmented.SegmentedRaftLogWorker (SegmentedRaftLogWorker.java:lambda$new$0(132)) - 85d03201-45ec-4202-b725-1ee58b28f685-SegmentedRaftLogWorker:Storage Directory /workdir/hadoop-ozone/tools/target/test-dir/MiniOzoneClusterImpl-906ca9d4-12e2-4885-9d3d-2383beb6722b/datanode-0/data/ratis/d03caec1-421a-4bc3-86c3-43cd562d67f6: flushIndex: setUnconditionally 0 -> -1
2019-09-19 10:44:00,674 [pool-27-thread-1] INFO  server.RaftServerConfigKeys (ConfUtils.java:logGet(43)) - raft.server.snapshot.auto.trigger.enabled = true (custom)
2019-09-19 10:44:00,675 [pool-27-thread-1] INFO  server.RaftServerConfigKeys (ConfUtils.java:logGet(43)) - raft.server.snapshot.auto.trigger.threshold = 10000 (custom)
2019-09-19 10:44:00,676 [pool-27-thread-1] INFO  server.RaftServerConfigKeys (ConfUtils.java:logGet(43)) - raft.server.retrycache.expirytime = 600000ms (custom)
2019-09-19 10:44:00,700 [pool-27-thread-1] INFO  impl.RaftServerImpl (RaftServerImpl.java:start(180)) - 85d03201-45ec-4202-b725-1ee58b28f685: start group-43CD562D67F6
2019-09-19 10:44:00,702 [pool-27-thread-1] INFO  impl.RaftServerImpl (RaftServerImpl.java:setRole(171)) - 85d03201-45ec-4202-b725-1ee58b28f685:group-43CD562D67F6 changes role from null to FOLLOWER at term 0 for startAsFollower
2019-09-19 10:44:00,704 [pool-27-thread-1] INFO  impl.RoleInfo (RoleInfo.java:updateAndGet(143)) - 85d03201-45ec-4202-b725-1ee58b28f685: start FollowerState
2019-09-19 10:44:00,706 [pool-27-thread-1] INFO  util.JmxRegister (JmxRegister.java:tryRegister(44)) - Successfully registered JMX Bean with object name Ratis:service=RaftServer,group=group-43CD562D67F6,id=85d03201-45ec-4202-b725-1ee58b28f685
2019-09-19 10:44:00,774 [RatisPipelineUtilsThread] INFO  pipeline.PipelineStateManager (PipelineStateManager.java:addPipeline(56)) - Created pipeline Pipeline[ Id: d03caec1-421a-4bc3-86c3-43cd562d67f6, Nodes: 85d03201-45ec-4202-b725-1ee58b28f685{ip: 192.168.157.204, host: pr-hdds-1569-cpgw4-1311585219, networkLocation: /default-rack, certSerialId: null}, Type:RATIS, Factor:ONE, State:OPEN]
2019-09-19 10:44:00,799 [grpc-default-executor-0] INFO  impl.RaftServerProxy (RaftServerProxy.java:addNew(89)) - ef60016b-37d8-4c81-9b85-999ba158dbb2: addNew group-D72EE24003DF:[ef60016b-37d8-4c81-9b85-999ba158dbb2:192.168.157.204:33362] returns group-D72EE24003DF:java.util.concurrent.CompletableFuture@7d60d43f[Not completed]
2019-09-19 10:44:00,847 [pool-38-thread-1] INFO  impl.RaftServerImpl (RaftServerImpl.java:<init>(93)) - ef60016b-37d8-4c81-9b85-999ba158dbb2: new RaftServerImpl for group-D72EE24003DF:[ef60016b-37d8-4c81-9b85-999ba158dbb2:192.168.157.204:33362] with ContainerStateMachine:uninitialized
2019-09-19 10:44:00,848 [pool-38-thread-1] INFO  server.RaftServerConfigKeys (ConfUtils.java:logGet(43)) - raft.server.rpc.timeout.min = 5s (custom)
2019-09-19 10:44:00,848 [pool-38-thread-1] INFO  server.RaftServerConfigKeys (ConfUtils.java:logGet(43)) - raft.server.rpc.timeout.max = 5200ms (custom)
2019-09-19 10:44:00,849 [pool-38-thread-1] INFO  server.RaftServerConfigKeys (ConfUtils.java:logGet(43)) - raft.server.rpcslowness.timeout = 120s (custom)
2019-09-19 10:44:00,849 [pool-38-thread-1] INFO  server.RaftServerConfigKeys (ConfUtils.java:logGet(43)) - raft.server.sleep.deviation.threshold = 300 (default)
2019-09-19 10:44:00,849 [pool-38-thread-1] INFO  server.RaftServerConfigKeys (ConfUtils.java:logGet(43)) - raft.server.log.appender.install.snapshot.enabled = false (custom)
2019-09-19 10:44:00,849 [pool-38-thread-1] INFO  impl.RaftServerImpl (ServerState.java:<init>(105)) - ef60016b-37d8-4c81-9b85-999ba158dbb2:group-D72EE24003DF ConfigurationManager, init=-1: [ef60016b-37d8-4c81-9b85-999ba158dbb2:192.168.157.204:33362], old=null, confs=<EMPTY_MAP>
2019-09-19 10:44:00,849 [pool-38-thread-1] INFO  server.RaftServerConfigKeys (ConfUtils.java:logGet(43)) - raft.server.storage.dir = [/workdir/hadoop-ozone/tools/target/test-dir/MiniOzoneClusterImpl-906ca9d4-12e2-4885-9d3d-2383beb6722b/datanode-1/data/ratis] (custom)
2019-09-19 10:44:00,850 [pool-38-thread-1] INFO  storage.RaftStorageDirectory (RaftStorageDirectory.java:analyzeStorage(246)) - The storage directory /workdir/hadoop-ozone/tools/target/test-dir/MiniOzoneClusterImpl-906ca9d4-12e2-4885-9d3d-2383beb6722b/datanode-1/data/ratis/4b4cf80f-db1a-4a16-afd2-d72ee24003df does not exist. Creating ...
2019-09-19 10:44:00,864 [pool-38-thread-1] INFO  storage.RaftStorageDirectory (RaftStorageDirectory.java:tryLock(328)) - Lock on /workdir/hadoop-ozone/tools/target/test-dir/MiniOzoneClusterImpl-906ca9d4-12e2-4885-9d3d-2383beb6722b/datanode-1/data/ratis/4b4cf80f-db1a-4a16-afd2-d72ee24003df/in_use.lock acquired by nodename 18272@pr-hdds-1569-cpgw4-1311585219
2019-09-19 10:44:00,883 [pool-38-thread-1] INFO  storage.RaftStorage (RaftStorage.java:format(72)) - Storage directory /workdir/hadoop-ozone/tools/target/test-dir/MiniOzoneClusterImpl-906ca9d4-12e2-4885-9d3d-2383beb6722b/datanode-1/data/ratis/4b4cf80f-db1a-4a16-afd2-d72ee24003df has been successfully formatted.
2019-09-19 10:44:00,885 [pool-38-thread-1] INFO  ratis.ContainerStateMachine (ContainerStateMachine.java:loadSnapshot(226)) - group-D72EE24003DF: The snapshot info is null. Setting the last applied indexto:(t:0, i:~)
2019-09-19 10:44:00,886 [pool-38-thread-1] INFO  server.RaftServerConfigKeys (ConfUtils.java:logGet(43)) - raft.server.leader.election.timeout = 120s (custom)
2019-09-19 10:44:00,887 [pool-38-thread-1] INFO  server.RaftServerConfigKeys (ConfUtils.java:logGet(43)) - raft.server.log.use.memory = false (default)
2019-09-19 10:44:00,887 [pool-38-thread-1] INFO  server.RaftServerConfigKeys (ConfUtils.java:logGet(43)) - raft.server.log.purge.gap = 1000000 (custom)
2019-09-19 10:44:00,887 [pool-38-thread-1] INFO  server.RaftServerConfigKeys (ConfUtils.java:logGet(43)) - raft.server.log.appender.buffer.byte-limit = 33554432 (custom)
2019-09-19 10:44:00,887 [pool-38-thread-1] INFO  server.RaftServerConfigKeys (ConfUtils.java:logGet(43)) - raft.server.log.segment.size.max = 1048576 (custom)
2019-09-19 10:44:00,887 [pool-38-thread-1] INFO  server.RaftServerConfigKeys (ConfUtils.java:logGet(43)) - raft.server.log.segment.cache.num.max = 2 (custom)
2019-09-19 10:44:00,887 [pool-38-thread-1] INFO  segmented.SegmentedRaftLogWorker (SegmentedRaftLogWorker.java:<init>(172)) - new ef60016b-37d8-4c81-9b85-999ba158dbb2-SegmentedRaftLogWorker:Storage Directory /workdir/hadoop-ozone/tools/target/test-dir/MiniOzoneClusterImpl-906ca9d4-12e2-4885-9d3d-2383beb6722b/datanode-1/data/ratis/4b4cf80f-db1a-4a16-afd2-d72ee24003df for RaftStorage:Storage Directory /workdir/hadoop-ozone/tools/target/test-dir/MiniOzoneClusterImpl-906ca9d4-12e2-4885-9d3d-2383beb6722b/datanode-1/data/ratis/4b4cf80f-db1a-4a16-afd2-d72ee24003df
2019-09-19 10:44:00,889 [pool-38-thread-1] INFO  server.RaftServerConfigKeys (ConfUtils.java:logGet(43)) - raft.server.log.queue.byte-limit = 2147483647 (custom)
2019-09-19 10:44:00,889 [pool-38-thread-1] INFO  server.RaftServerConfigKeys (ConfUtils.java:logGet(43)) - raft.server.log.queue.element-limit = 1024 (custom)
2019-09-19 10:44:00,890 [pool-38-thread-1] INFO  server.RaftServerConfigKeys (ConfUtils.java:logGet(43)) - raft.server.log.segment.size.max = 1048576 (custom)
2019-09-19 10:44:00,890 [pool-38-thread-1] INFO  server.RaftServerConfigKeys (ConfUtils.java:logGet(43)) - raft.server.log.preallocated.size = 16384 (custom)
2019-09-19 10:44:00,890 [pool-38-thread-1] INFO  server.RaftServerConfigKeys (ConfUtils.java:logGet(43)) - raft.server.log.write.buffer.size = 33554432 (custom)
2019-09-19 10:44:00,890 [pool-38-thread-1] INFO  server.RaftServerConfigKeys (ConfUtils.java:logGet(43)) - raft.server.log.force.sync.num = 128 (default)
2019-09-19 10:44:00,890 [pool-38-thread-1] INFO  server.RaftServerConfigKeys (ConfUtils.java:logGet(43)) - raft.server.log.statemachine.data.sync = true (default)
2019-09-19 10:44:00,891 [pool-38-thread-1] INFO  server.RaftServerConfigKeys (ConfUtils.java:logGet(43)) - raft.server.log.statemachine.data.sync.timeout = 10s (default)
2019-09-19 10:44:00,891 [pool-38-thread-1] INFO  server.RaftServerConfigKeys (ConfUtils.java:logGet(43)) - raft.server.log.statemachine.data.sync.timeout.retry = -1 (default)
2019-09-19 10:44:00,891 [pool-38-thread-1] INFO  server.RaftServerConfigKeys (ConfUtils.java:logGet(43)) - raft.server.log.statemachine.data.caching.enabled = true (custom)
2019-09-19 10:44:00,892 [pool-38-thread-1] INFO  segmented.SegmentedRaftLogWorker (SegmentedRaftLogWorker.java:lambda$new$0(132)) - ef60016b-37d8-4c81-9b85-999ba158dbb2-SegmentedRaftLogWorker:Storage Directory /workdir/hadoop-ozone/tools/target/test-dir/MiniOzoneClusterImpl-906ca9d4-12e2-4885-9d3d-2383beb6722b/datanode-1/data/ratis/4b4cf80f-db1a-4a16-afd2-d72ee24003df: flushIndex: setUnconditionally 0 -> -1
2019-09-19 10:44:00,892 [pool-38-thread-1] INFO  server.RaftServerConfigKeys (ConfUtils.java:logGet(43)) - raft.server.snapshot.auto.trigger.enabled = true (custom)
2019-09-19 10:44:00,892 [pool-38-thread-1] INFO  server.RaftServerConfigKeys (ConfUtils.java:logGet(43)) - raft.server.snapshot.auto.trigger.threshold = 10000 (custom)
2019-09-19 10:44:00,892 [pool-38-thread-1] INFO  server.RaftServerConfigKeys (ConfUtils.java:logGet(43)) - raft.server.retrycache.expirytime = 600000ms (custom)
2019-09-19 10:44:00,893 [pool-38-thread-1] INFO  impl.RaftServerImpl (RaftServerImpl.java:start(180)) - ef60016b-37d8-4c81-9b85-999ba158dbb2: start group-D72EE24003DF
2019-09-19 10:44:00,893 [pool-38-thread-1] INFO  impl.RaftServerImpl (RaftServerImpl.java:setRole(171)) - ef60016b-37d8-4c81-9b85-999ba158dbb2:group-D72EE24003DF changes role from null to FOLLOWER at term 0 for startAsFollower
2019-09-19 10:44:00,893 [pool-38-thread-1] INFO  impl.RoleInfo (RoleInfo.java:updateAndGet(143)) - ef60016b-37d8-4c81-9b85-999ba158dbb2: start FollowerState
2019-09-19 10:44:00,895 [pool-38-thread-1] INFO  util.JmxRegister (JmxRegister.java:tryRegister(44)) - Successfully registered JMX Bean with object name Ratis:service=RaftServer,group=group-D72EE24003DF,id=ef60016b-37d8-4c81-9b85-999ba158dbb2
2019-09-19 10:44:00,913 [RatisPipelineUtilsThread] INFO  pipeline.PipelineStateManager (PipelineStateManager.java:addPipeline(56)) - Created pipeline Pipeline[ Id: 4b4cf80f-db1a-4a16-afd2-d72ee24003df, Nodes: ef60016b-37d8-4c81-9b85-999ba158dbb2{ip: 192.168.157.204, host: pr-hdds-1569-cpgw4-1311585219, networkLocation: /default-rack, certSerialId: null}, Type:RATIS, Factor:ONE, State:OPEN]
2019-09-19 10:44:00,933 [grpc-default-executor-0] INFO  impl.RaftServerProxy (RaftServerProxy.java:addNew(89)) - e855218f-cb01-4dd8-a582-b24365f170a0: addNew group-946B215D2C3B:[e855218f-cb01-4dd8-a582-b24365f170a0:192.168.157.204:43344] returns group-946B215D2C3B:java.util.concurrent.CompletableFuture@48c82270[Not completed]
2019-09-19 10:44:00,959 [pool-49-thread-1] INFO  impl.RaftServerImpl (RaftServerImpl.java:<init>(93)) - e855218f-cb01-4dd8-a582-b24365f170a0: new RaftServerImpl for group-946B215D2C3B:[e855218f-cb01-4dd8-a582-b24365f170a0:192.168.157.204:43344] with ContainerStateMachine:uninitialized
2019-09-19 10:44:00,959 [pool-49-thread-1] INFO  server.RaftServerConfigKeys (ConfUtils.java:logGet(43)) - raft.server.rpc.timeout.min = 5s (custom)
2019-09-19 10:44:00,959 [pool-49-thread-1] INFO  server.RaftServerConfigKeys (ConfUtils.java:logGet(43)) - raft.server.rpc.timeout.max = 5200ms (custom)
2019-09-19 10:44:00,959 [pool-49-thread-1] INFO  server.RaftServerConfigKeys (ConfUtils.java:logGet(43)) - raft.server.rpcslowness.timeout = 120s (custom)
2019-09-19 10:44:00,960 [pool-49-thread-1] INFO  server.RaftServerConfigKeys (ConfUtils.java:logGet(43)) - raft.server.sleep.deviation.threshold = 300 (default)
2019-09-19 10:44:00,960 [pool-49-thread-1] INFO  server.RaftServerConfigKeys (ConfUtils.java:logGet(43)) - raft.server.log.appender.install.snapshot.enabled = false (custom)
2019-09-19 10:44:00,960 [pool-49-thread-1] INFO  impl.RaftServerImpl (ServerState.java:<init>(105)) - e855218f-cb01-4dd8-a582-b24365f170a0:group-946B215D2C3B ConfigurationManager, init=-1: [e855218f-cb01-4dd8-a582-b24365f170a0:192.168.157.204:43344], old=null, confs=<EMPTY_MAP>
2019-09-19 10:44:00,960 [pool-49-thread-1] INFO  server.RaftServerConfigKeys (ConfUtils.java:logGet(43)) - raft.server.storage.dir = [/workdir/hadoop-ozone/tools/target/test-dir/MiniOzoneClusterImpl-906ca9d4-12e2-4885-9d3d-2383beb6722b/datanode-2/data/ratis] (custom)
2019-09-19 10:44:00,961 [pool-49-thread-1] INFO  storage.RaftStorageDirectory (RaftStorageDirectory.java:analyzeStorage(246)) - The storage directory /workdir/hadoop-ozone/tools/target/test-dir/MiniOzoneClusterImpl-906ca9d4-12e2-4885-9d3d-2383beb6722b/datanode-2/data/ratis/00e3046f-2bc0-45a9-80ab-946b215d2c3b does not exist. Creating ...
2019-09-19 10:44:00,983 [pool-49-thread-1] INFO  storage.RaftStorageDirectory (RaftStorageDirectory.java:tryLock(328)) - Lock on /workdir/hadoop-ozone/tools/target/test-dir/MiniOzoneClusterImpl-906ca9d4-12e2-4885-9d3d-2383beb6722b/datanode-2/data/ratis/00e3046f-2bc0-45a9-80ab-946b215d2c3b/in_use.lock acquired by nodename 18272@pr-hdds-1569-cpgw4-1311585219
2019-09-19 10:44:00,997 [pool-49-thread-1] INFO  storage.RaftStorage (RaftStorage.java:format(72)) - Storage directory /workdir/hadoop-ozone/tools/target/test-dir/MiniOzoneClusterImpl-906ca9d4-12e2-4885-9d3d-2383beb6722b/datanode-2/data/ratis/00e3046f-2bc0-45a9-80ab-946b215d2c3b has been successfully formatted.
2019-09-19 10:44:00,997 [pool-49-thread-1] INFO  ratis.ContainerStateMachine (ContainerStateMachine.java:loadSnapshot(226)) - group-946B215D2C3B: The snapshot info is null. Setting the last applied indexto:(t:0, i:~)
2019-09-19 10:44:00,998 [pool-49-thread-1] INFO  server.RaftServerConfigKeys (ConfUtils.java:logGet(43)) - raft.server.leader.election.timeout = 120s (custom)
2019-09-19 10:44:00,998 [pool-49-thread-1] INFO  server.RaftServerConfigKeys (ConfUtils.java:logGet(43)) - raft.server.log.use.memory = false (default)
2019-09-19 10:44:00,998 [pool-49-thread-1] INFO  server.RaftServerConfigKeys (ConfUtils.java:logGet(43)) - raft.server.log.purge.gap = 1000000 (custom)
2019-09-19 10:44:00,998 [pool-49-thread-1] INFO  server.RaftServerConfigKeys (ConfUtils.java:logGet(43)) - raft.server.log.appender.buffer.byte-limit = 33554432 (custom)
2019-09-19 10:44:00,999 [pool-49-thread-1] INFO  server.RaftServerConfigKeys (ConfUtils.java:logGet(43)) - raft.server.log.segment.size.max = 1048576 (custom)
2019-09-19 10:44:00,999 [pool-49-thread-1] INFO  server.RaftServerConfigKeys (ConfUtils.java:logGet(43)) - raft.server.log.segment.cache.num.max = 2 (custom)
2019-09-19 10:44:00,999 [pool-49-thread-1] INFO  segmented.SegmentedRaftLogWorker (SegmentedRaftLogWorker.java:<init>(172)) - new e855218f-cb01-4dd8-a582-b24365f170a0-SegmentedRaftLogWorker:Storage Directory /workdir/hadoop-ozone/tools/target/test-dir/MiniOzoneClusterImpl-906ca9d4-12e2-4885-9d3d-2383beb6722b/datanode-2/data/ratis/00e3046f-2bc0-45a9-80ab-946b215d2c3b for RaftStorage:Storage Directory /workdir/hadoop-ozone/tools/target/test-dir/MiniOzoneClusterImpl-906ca9d4-12e2-4885-9d3d-2383beb6722b/datanode-2/data/ratis/00e3046f-2bc0-45a9-80ab-946b215d2c3b
2019-09-19 10:44:01,000 [pool-49-thread-1] INFO  server.RaftServerConfigKeys (ConfUtils.java:logGet(43)) - raft.server.log.queue.byte-limit = 2147483647 (custom)
2019-09-19 10:44:01,000 [pool-49-thread-1] INFO  server.RaftServerConfigKeys (ConfUtils.java:logGet(43)) - raft.server.log.queue.element-limit = 1024 (custom)
2019-09-19 10:44:01,000 [pool-49-thread-1] INFO  server.RaftServerConfigKeys (ConfUtils.java:logGet(43)) - raft.server.log.segment.size.max = 1048576 (custom)
2019-09-19 10:44:01,001 [pool-49-thread-1] INFO  server.RaftServerConfigKeys (ConfUtils.java:logGet(43)) - raft.server.log.preallocated.size = 16384 (custom)
2019-09-19 10:44:01,001 [pool-49-thread-1] INFO  server.RaftServerConfigKeys (ConfUtils.java:logGet(43)) - raft.server.log.write.buffer.size = 33554432 (custom)
2019-09-19 10:44:01,001 [pool-49-thread-1] INFO  server.RaftServerConfigKeys (ConfUtils.java:logGet(43)) - raft.server.log.force.sync.num = 128 (default)
2019-09-19 10:44:01,002 [pool-49-thread-1] INFO  server.RaftServerConfigKeys (ConfUtils.java:logGet(43)) - raft.server.log.statemachine.data.sync = true (default)
2019-09-19 10:44:01,002 [pool-49-thread-1] INFO  server.RaftServerConfigKeys (ConfUtils.java:logGet(43)) - raft.server.log.statemachine.data.sync.timeout = 10s (default)
2019-09-19 10:44:01,002 [pool-49-thread-1] INFO  server.RaftServerConfigKeys (ConfUtils.java:logGet(43)) - raft.server.log.statemachine.data.sync.timeout.retry = -1 (default)
2019-09-19 10:44:01,003 [pool-49-thread-1] INFO  server.RaftServerConfigKeys (ConfUtils.java:logGet(43)) - raft.server.log.statemachine.data.caching.enabled = true (custom)
2019-09-19 10:44:01,003 [pool-49-thread-1] INFO  segmented.SegmentedRaftLogWorker (SegmentedRaftLogWorker.java:lambda$new$0(132)) - e855218f-cb01-4dd8-a582-b24365f170a0-SegmentedRaftLogWorker:Storage Directory /workdir/hadoop-ozone/tools/target/test-dir/MiniOzoneClusterImpl-906ca9d4-12e2-4885-9d3d-2383beb6722b/datanode-2/data/ratis/00e3046f-2bc0-45a9-80ab-946b215d2c3b: flushIndex: setUnconditionally 0 -> -1
2019-09-19 10:44:01,004 [pool-49-thread-1] INFO  server.RaftServerConfigKeys (ConfUtils.java:logGet(43)) - raft.server.snapshot.auto.trigger.enabled = true (custom)
2019-09-19 10:44:01,004 [pool-49-thread-1] INFO  server.RaftServerConfigKeys (ConfUtils.java:logGet(43)) - raft.server.snapshot.auto.trigger.threshold = 10000 (custom)
2019-09-19 10:44:01,004 [pool-49-thread-1] INFO  server.RaftServerConfigKeys (ConfUtils.java:logGet(43)) - raft.server.retrycache.expirytime = 600000ms (custom)
2019-09-19 10:44:01,005 [pool-49-thread-1] INFO  impl.RaftServerImpl (RaftServerImpl.java:start(180)) - e855218f-cb01-4dd8-a582-b24365f170a0: start group-946B215D2C3B
2019-09-19 10:44:01,005 [pool-49-thread-1] INFO  impl.RaftServerImpl (RaftServerImpl.java:setRole(171)) - e855218f-cb01-4dd8-a582-b24365f170a0:group-946B215D2C3B changes role from null to FOLLOWER at term 0 for startAsFollower
2019-09-19 10:44:01,005 [pool-49-thread-1] INFO  impl.RoleInfo (RoleInfo.java:updateAndGet(143)) - e855218f-cb01-4dd8-a582-b24365f170a0: start FollowerState
2019-09-19 10:44:01,006 [pool-49-thread-1] INFO  util.JmxRegister (JmxRegister.java:tryRegister(44)) - Successfully registered JMX Bean with object name Ratis:service=RaftServer,group=group-946B215D2C3B,id=e855218f-cb01-4dd8-a582-b24365f170a0
2019-09-19 10:44:01,017 [RatisPipelineUtilsThread] INFO  pipeline.PipelineStateManager (PipelineStateManager.java:addPipeline(56)) - Created pipeline Pipeline[ Id: 00e3046f-2bc0-45a9-80ab-946b215d2c3b, Nodes: e855218f-cb01-4dd8-a582-b24365f170a0{ip: 192.168.157.204, host: pr-hdds-1569-cpgw4-1311585219, networkLocation: /default-rack, certSerialId: null}, Type:RATIS, Factor:ONE, State:OPEN]
2019-09-19 10:44:01,036 [grpc-default-executor-0] INFO  impl.RaftServerProxy (RaftServerProxy.java:addNew(89)) - e855218f-cb01-4dd8-a582-b24365f170a0: addNew group-3A128F56438F:[e855218f-cb01-4dd8-a582-b24365f170a0:192.168.157.204:43344] returns group-3A128F56438F:java.util.concurrent.CompletableFuture@5bc8acb5[Not completed]
2019-09-19 10:44:01,039 [pool-49-thread-1] INFO  impl.RaftServerImpl (RaftServerImpl.java:<init>(93)) - e855218f-cb01-4dd8-a582-b24365f170a0: new RaftServerImpl for group-3A128F56438F:[e855218f-cb01-4dd8-a582-b24365f170a0:192.168.157.204:43344] with ContainerStateMachine:uninitialized
2019-09-19 10:44:01,039 [pool-49-thread-1] INFO  server.RaftServerConfigKeys (ConfUtils.java:logGet(43)) - raft.server.rpc.timeout.min = 5s (custom)
2019-09-19 10:44:01,039 [pool-49-thread-1] INFO  server.RaftServerConfigKeys (ConfUtils.java:logGet(43)) - raft.server.rpc.timeout.max = 5200ms (custom)
2019-09-19 10:44:01,039 [pool-49-thread-1] INFO  server.RaftServerConfigKeys (ConfUtils.java:logGet(43)) - raft.server.rpcslowness.timeout = 120s (custom)
2019-09-19 10:44:01,039 [pool-49-thread-1] INFO  server.RaftServerConfigKeys (ConfUtils.java:logGet(43)) - raft.server.sleep.deviation.threshold = 300 (default)
2019-09-19 10:44:01,040 [pool-49-thread-1] INFO  server.RaftServerConfigKeys (ConfUtils.java:logGet(43)) - raft.server.log.appender.install.snapshot.enabled = false (custom)
2019-09-19 10:44:01,040 [pool-49-thread-1] INFO  impl.RaftServerImpl (ServerState.java:<init>(105)) - e855218f-cb01-4dd8-a582-b24365f170a0:group-3A128F56438F ConfigurationManager, init=-1: [e855218f-cb01-4dd8-a582-b24365f170a0:192.168.157.204:43344], old=null, confs=<EMPTY_MAP>
2019-09-19 10:44:01,040 [pool-49-thread-1] INFO  server.RaftServerConfigKeys (ConfUtils.java:logGet(43)) - raft.server.storage.dir = [/workdir/hadoop-ozone/tools/target/test-dir/MiniOzoneClusterImpl-906ca9d4-12e2-4885-9d3d-2383beb6722b/datanode-2/data/ratis] (custom)
2019-09-19 10:44:01,040 [pool-49-thread-1] INFO  storage.RaftStorageDirectory (RaftStorageDirectory.java:analyzeStorage(246)) - The storage directory /workdir/hadoop-ozone/tools/target/test-dir/MiniOzoneClusterImpl-906ca9d4-12e2-4885-9d3d-2383beb6722b/datanode-2/data/ratis/a13bda73-c067-4146-a915-3a128f56438f does not exist. Creating ...
2019-09-19 10:44:01,053 [pool-49-thread-1] INFO  storage.RaftStorageDirectory (RaftStorageDirectory.java:tryLock(328)) - Lock on /workdir/hadoop-ozone/tools/target/test-dir/MiniOzoneClusterImpl-906ca9d4-12e2-4885-9d3d-2383beb6722b/datanode-2/data/ratis/a13bda73-c067-4146-a915-3a128f56438f/in_use.lock acquired by nodename 18272@pr-hdds-1569-cpgw4-1311585219
2019-09-19 10:44:01,067 [pool-49-thread-1] INFO  storage.RaftStorage (RaftStorage.java:format(72)) - Storage directory /workdir/hadoop-ozone/tools/target/test-dir/MiniOzoneClusterImpl-906ca9d4-12e2-4885-9d3d-2383beb6722b/datanode-2/data/ratis/a13bda73-c067-4146-a915-3a128f56438f has been successfully formatted.
2019-09-19 10:44:01,067 [pool-49-thread-1] INFO  ratis.ContainerStateMachine (ContainerStateMachine.java:loadSnapshot(226)) - group-3A128F56438F: The snapshot info is null. Setting the last applied indexto:(t:0, i:~)
2019-09-19 10:44:01,067 [pool-49-thread-1] INFO  server.RaftServerConfigKeys (ConfUtils.java:logGet(43)) - raft.server.leader.election.timeout = 120s (custom)
2019-09-19 10:44:01,067 [pool-49-thread-1] INFO  server.RaftServerConfigKeys (ConfUtils.java:logGet(43)) - raft.server.log.use.memory = false (default)
2019-09-19 10:44:01,068 [pool-49-thread-1] INFO  server.RaftServerConfigKeys (ConfUtils.java:logGet(43)) - raft.server.log.purge.gap = 1000000 (custom)
2019-09-19 10:44:01,068 [pool-49-thread-1] INFO  server.RaftServerConfigKeys (ConfUtils.java:logGet(43)) - raft.server.log.appender.buffer.byte-limit = 33554432 (custom)
2019-09-19 10:44:01,068 [pool-49-thread-1] INFO  server.RaftServerConfigKeys (ConfUtils.java:logGet(43)) - raft.server.log.segment.size.max = 1048576 (custom)
2019-09-19 10:44:01,068 [pool-49-thread-1] INFO  server.RaftServerConfigKeys (ConfUtils.java:logGet(43)) - raft.server.log.segment.cache.num.max = 2 (custom)
2019-09-19 10:44:01,068 [pool-49-thread-1] INFO  segmented.SegmentedRaftLogWorker (SegmentedRaftLogWorker.java:<init>(172)) - new e855218f-cb01-4dd8-a582-b24365f170a0-SegmentedRaftLogWorker:Storage Directory /workdir/hadoop-ozone/tools/target/test-dir/MiniOzoneClusterImpl-906ca9d4-12e2-4885-9d3d-2383beb6722b/datanode-2/data/ratis/a13bda73-c067-4146-a915-3a128f56438f for RaftStorage:Storage Directory /workdir/hadoop-ozone/tools/target/test-dir/MiniOzoneClusterImpl-906ca9d4-12e2-4885-9d3d-2383beb6722b/datanode-2/data/ratis/a13bda73-c067-4146-a915-3a128f56438f
2019-09-19 10:44:01,069 [pool-49-thread-1] INFO  server.RaftServerConfigKeys (ConfUtils.java:logGet(43)) - raft.server.log.queue.byte-limit = 2147483647 (custom)
2019-09-19 10:44:01,069 [pool-49-thread-1] INFO  server.RaftServerConfigKeys (ConfUtils.java:logGet(43)) - raft.server.log.queue.element-limit = 1024 (custom)
2019-09-19 10:44:01,069 [pool-49-thread-1] INFO  server.RaftServerConfigKeys (ConfUtils.java:logGet(43)) - raft.server.log.segment.size.max = 1048576 (custom)
2019-09-19 10:44:01,069 [pool-49-thread-1] INFO  server.RaftServerConfigKeys (ConfUtils.java:logGet(43)) - raft.server.log.preallocated.size = 16384 (custom)
2019-09-19 10:44:01,069 [pool-49-thread-1] INFO  server.RaftServerConfigKeys (ConfUtils.java:logGet(43)) - raft.server.log.write.buffer.size = 33554432 (custom)
2019-09-19 10:44:01,069 [pool-49-thread-1] INFO  server.RaftServerConfigKeys (ConfUtils.java:logGet(43)) - raft.server.log.force.sync.num = 128 (default)
2019-09-19 10:44:01,070 [pool-49-thread-1] INFO  server.RaftServerConfigKeys (ConfUtils.java:logGet(43)) - raft.server.log.statemachine.data.sync = true (default)
2019-09-19 10:44:01,070 [pool-49-thread-1] INFO  server.RaftServerConfigKeys (ConfUtils.java:logGet(43)) - raft.server.log.statemachine.data.sync.timeout = 10s (default)
2019-09-19 10:44:01,070 [pool-49-thread-1] INFO  server.RaftServerConfigKeys (ConfUtils.java:logGet(43)) - raft.server.log.statemachine.data.sync.timeout.retry = -1 (default)
2019-09-19 10:44:01,070 [pool-49-thread-1] INFO  server.RaftServerConfigKeys (ConfUtils.java:logGet(43)) - raft.server.log.statemachine.data.caching.enabled = true (custom)
2019-09-19 10:44:01,070 [pool-49-thread-1] INFO  segmented.SegmentedRaftLogWorker (SegmentedRaftLogWorker.java:lambda$new$0(132)) - e855218f-cb01-4dd8-a582-b24365f170a0-SegmentedRaftLogWorker:Storage Directory /workdir/hadoop-ozone/tools/target/test-dir/MiniOzoneClusterImpl-906ca9d4-12e2-4885-9d3d-2383beb6722b/datanode-2/data/ratis/a13bda73-c067-4146-a915-3a128f56438f: flushIndex: setUnconditionally 0 -> -1
2019-09-19 10:44:01,071 [pool-49-thread-1] INFO  server.RaftServerConfigKeys (ConfUtils.java:logGet(43)) - raft.server.snapshot.auto.trigger.enabled = true (custom)
2019-09-19 10:44:01,071 [pool-49-thread-1] INFO  server.RaftServerConfigKeys (ConfUtils.java:logGet(43)) - raft.server.snapshot.auto.trigger.threshold = 10000 (custom)
2019-09-19 10:44:01,071 [pool-49-thread-1] INFO  server.RaftServerConfigKeys (ConfUtils.java:logGet(43)) - raft.server.retrycache.expirytime = 600000ms (custom)
2019-09-19 10:44:01,071 [pool-49-thread-1] INFO  impl.RaftServerImpl (RaftServerImpl.java:start(180)) - e855218f-cb01-4dd8-a582-b24365f170a0: start group-3A128F56438F
2019-09-19 10:44:01,071 [pool-49-thread-1] INFO  impl.RaftServerImpl (RaftServerImpl.java:setRole(171)) - e855218f-cb01-4dd8-a582-b24365f170a0:group-3A128F56438F changes role from null to FOLLOWER at term 0 for startAsFollower
2019-09-19 10:44:01,072 [pool-49-thread-1] INFO  impl.RoleInfo (RoleInfo.java:updateAndGet(143)) - e855218f-cb01-4dd8-a582-b24365f170a0: start FollowerState
2019-09-19 10:44:01,072 [pool-49-thread-1] INFO  util.JmxRegister (JmxRegister.java:tryRegister(44)) - Successfully registered JMX Bean with object name Ratis:service=RaftServer,group=group-3A128F56438F,id=e855218f-cb01-4dd8-a582-b24365f170a0
2019-09-19 10:44:01,085 [RatisPipelineUtilsThread] INFO  pipeline.PipelineStateManager (PipelineStateManager.java:addPipeline(56)) - Created pipeline Pipeline[ Id: a13bda73-c067-4146-a915-3a128f56438f, Nodes: e855218f-cb01-4dd8-a582-b24365f170a0{ip: 192.168.157.204, host: pr-hdds-1569-cpgw4-1311585219, networkLocation: /default-rack, certSerialId: null}, Type:RATIS, Factor:ONE, State:OPEN]
2019-09-19 10:44:01,104 [grpc-default-executor-0] INFO  impl.RaftServerProxy (RaftServerProxy.java:addNew(89)) - ef60016b-37d8-4c81-9b85-999ba158dbb2: addNew group-36A4626DD1CD:[ef60016b-37d8-4c81-9b85-999ba158dbb2:192.168.157.204:33362] returns group-36A4626DD1CD:java.util.concurrent.CompletableFuture@22db56e5[Not completed]
2019-09-19 10:44:01,105 [pool-38-thread-1] INFO  impl.RaftServerImpl (RaftServerImpl.java:<init>(93)) - ef60016b-37d8-4c81-9b85-999ba158dbb2: new RaftServerImpl for group-36A4626DD1CD:[ef60016b-37d8-4c81-9b85-999ba158dbb2:192.168.157.204:33362] with ContainerStateMachine:uninitialized
2019-09-19 10:44:01,105 [pool-38-thread-1] INFO  server.RaftServerConfigKeys (ConfUtils.java:logGet(43)) - raft.server.rpc.timeout.min = 5s (custom)
2019-09-19 10:44:01,106 [pool-38-thread-1] INFO  server.RaftServerConfigKeys (ConfUtils.java:logGet(43)) - raft.server.rpc.timeout.max = 5200ms (custom)
2019-09-19 10:44:01,106 [pool-38-thread-1] INFO  server.RaftServerConfigKeys (ConfUtils.java:logGet(43)) - raft.server.rpcslowness.timeout = 120s (custom)
2019-09-19 10:44:01,106 [pool-38-thread-1] INFO  server.RaftServerConfigKeys (ConfUtils.java:logGet(43)) - raft.server.sleep.deviation.threshold = 300 (default)
2019-09-19 10:44:01,106 [pool-38-thread-1] INFO  server.RaftServerConfigKeys (ConfUtils.java:logGet(43)) - raft.server.log.appender.install.snapshot.enabled = false (custom)
2019-09-19 10:44:01,106 [pool-38-thread-1] INFO  impl.RaftServerImpl (ServerState.java:<init>(105)) - ef60016b-37d8-4c81-9b85-999ba158dbb2:group-36A4626DD1CD ConfigurationManager, init=-1: [ef60016b-37d8-4c81-9b85-999ba158dbb2:192.168.157.204:33362], old=null, confs=<EMPTY_MAP>
2019-09-19 10:44:01,106 [pool-38-thread-1] INFO  server.RaftServerConfigKeys (ConfUtils.java:logGet(43)) - raft.server.storage.dir = [/workdir/hadoop-ozone/tools/target/test-dir/MiniOzoneClusterImpl-906ca9d4-12e2-4885-9d3d-2383beb6722b/datanode-1/data/ratis] (custom)
2019-09-19 10:44:01,106 [pool-38-thread-1] INFO  storage.RaftStorageDirectory (RaftStorageDirectory.java:analyzeStorage(246)) - The storage directory /workdir/hadoop-ozone/tools/target/test-dir/MiniOzoneClusterImpl-906ca9d4-12e2-4885-9d3d-2383beb6722b/datanode-1/data/ratis/05222bac-cd3a-444a-a59f-36a4626dd1cd does not exist. Creating ...
2019-09-19 10:44:01,120 [pool-38-thread-1] INFO  storage.RaftStorageDirectory (RaftStorageDirectory.java:tryLock(328)) - Lock on /workdir/hadoop-ozone/tools/target/test-dir/MiniOzoneClusterImpl-906ca9d4-12e2-4885-9d3d-2383beb6722b/datanode-1/data/ratis/05222bac-cd3a-444a-a59f-36a4626dd1cd/in_use.lock acquired by nodename 18272@pr-hdds-1569-cpgw4-1311585219
2019-09-19 10:44:01,133 [pool-38-thread-1] INFO  storage.RaftStorage (RaftStorage.java:format(72)) - Storage directory /workdir/hadoop-ozone/tools/target/test-dir/MiniOzoneClusterImpl-906ca9d4-12e2-4885-9d3d-2383beb6722b/datanode-1/data/ratis/05222bac-cd3a-444a-a59f-36a4626dd1cd has been successfully formatted.
2019-09-19 10:44:01,134 [pool-38-thread-1] INFO  ratis.ContainerStateMachine (ContainerStateMachine.java:loadSnapshot(226)) - group-36A4626DD1CD: The snapshot info is null. Setting the last applied indexto:(t:0, i:~)
2019-09-19 10:44:01,134 [pool-38-thread-1] INFO  server.RaftServerConfigKeys (ConfUtils.java:logGet(43)) - raft.server.leader.election.timeout = 120s (custom)
2019-09-19 10:44:01,134 [pool-38-thread-1] INFO  server.RaftServerConfigKeys (ConfUtils.java:logGet(43)) - raft.server.log.use.memory = false (default)
2019-09-19 10:44:01,134 [pool-38-thread-1] INFO  server.RaftServerConfigKeys (ConfUtils.java:logGet(43)) - raft.server.log.purge.gap = 1000000 (custom)
2019-09-19 10:44:01,135 [pool-38-thread-1] INFO  server.RaftServerConfigKeys (ConfUtils.java:logGet(43)) - raft.server.log.appender.buffer.byte-limit = 33554432 (custom)
2019-09-19 10:44:01,135 [pool-38-thread-1] INFO  server.RaftServerConfigKeys (ConfUtils.java:logGet(43)) - raft.server.log.segment.size.max = 1048576 (custom)
2019-09-19 10:44:01,135 [pool-38-thread-1] INFO  server.RaftServerConfigKeys (ConfUtils.java:logGet(43)) - raft.server.log.segment.cache.num.max = 2 (custom)
2019-09-19 10:44:01,135 [pool-38-thread-1] INFO  segmented.SegmentedRaftLogWorker (SegmentedRaftLogWorker.java:<init>(172)) - new ef60016b-37d8-4c81-9b85-999ba158dbb2-SegmentedRaftLogWorker:Storage Directory /workdir/hadoop-ozone/tools/target/test-dir/MiniOzoneClusterImpl-906ca9d4-12e2-4885-9d3d-2383beb6722b/datanode-1/data/ratis/05222bac-cd3a-444a-a59f-36a4626dd1cd for RaftStorage:Storage Directory /workdir/hadoop-ozone/tools/target/test-dir/MiniOzoneClusterImpl-906ca9d4-12e2-4885-9d3d-2383beb6722b/datanode-1/data/ratis/05222bac-cd3a-444a-a59f-36a4626dd1cd
2019-09-19 10:44:01,135 [pool-38-thread-1] INFO  server.RaftServerConfigKeys (ConfUtils.java:logGet(43)) - raft.server.log.queue.byte-limit = 2147483647 (custom)
2019-09-19 10:44:01,135 [pool-38-thread-1] INFO  server.RaftServerConfigKeys (ConfUtils.java:logGet(43)) - raft.server.log.queue.element-limit = 1024 (custom)
2019-09-19 10:44:01,136 [pool-38-thread-1] INFO  server.RaftServerConfigKeys (ConfUtils.java:logGet(43)) - raft.server.log.segment.size.max = 1048576 (custom)
2019-09-19 10:44:01,136 [pool-38-thread-1] INFO  server.RaftServerConfigKeys (ConfUtils.java:logGet(43)) - raft.server.log.preallocated.size = 16384 (custom)
2019-09-19 10:44:01,136 [pool-38-thread-1] INFO  server.RaftServerConfigKeys (ConfUtils.java:logGet(43)) - raft.server.log.write.buffer.size = 33554432 (custom)
2019-09-19 10:44:01,136 [pool-38-thread-1] INFO  server.RaftServerConfigKeys (ConfUtils.java:logGet(43)) - raft.server.log.force.sync.num = 128 (default)
2019-09-19 10:44:01,136 [pool-38-thread-1] INFO  server.RaftServerConfigKeys (ConfUtils.java:logGet(43)) - raft.server.log.statemachine.data.sync = true (default)
2019-09-19 10:44:01,137 [pool-38-thread-1] INFO  server.RaftServerConfigKeys (ConfUtils.java:logGet(43)) - raft.server.log.statemachine.data.sync.timeout = 10s (default)
2019-09-19 10:44:01,137 [pool-38-thread-1] INFO  server.RaftServerConfigKeys (ConfUtils.java:logGet(43)) - raft.server.log.statemachine.data.sync.timeout.retry = -1 (default)
2019-09-19 10:44:01,137 [pool-38-thread-1] INFO  server.RaftServerConfigKeys (ConfUtils.java:logGet(43)) - raft.server.log.statemachine.data.caching.enabled = true (custom)
2019-09-19 10:44:01,137 [pool-38-thread-1] INFO  segmented.SegmentedRaftLogWorker (SegmentedRaftLogWorker.java:lambda$new$0(132)) - ef60016b-37d8-4c81-9b85-999ba158dbb2-SegmentedRaftLogWorker:Storage Directory /workdir/hadoop-ozone/tools/target/test-dir/MiniOzoneClusterImpl-906ca9d4-12e2-4885-9d3d-2383beb6722b/datanode-1/data/ratis/05222bac-cd3a-444a-a59f-36a4626dd1cd: flushIndex: setUnconditionally 0 -> -1
2019-09-19 10:44:01,138 [pool-38-thread-1] INFO  server.RaftServerConfigKeys (ConfUtils.java:logGet(43)) - raft.server.snapshot.auto.trigger.enabled = true (custom)
2019-09-19 10:44:01,138 [pool-38-thread-1] INFO  server.RaftServerConfigKeys (ConfUtils.java:logGet(43)) - raft.server.snapshot.auto.trigger.threshold = 10000 (custom)
2019-09-19 10:44:01,139 [pool-38-thread-1] INFO  server.RaftServerConfigKeys (ConfUtils.java:logGet(43)) - raft.server.retrycache.expirytime = 600000ms (custom)
2019-09-19 10:44:01,139 [pool-38-thread-1] INFO  impl.RaftServerImpl (RaftServerImpl.java:start(180)) - ef60016b-37d8-4c81-9b85-999ba158dbb2: start group-36A4626DD1CD
2019-09-19 10:44:01,139 [pool-38-thread-1] INFO  impl.RaftServerImpl (RaftServerImpl.java:setRole(171)) - ef60016b-37d8-4c81-9b85-999ba158dbb2:group-36A4626DD1CD changes role from null to FOLLOWER at term 0 for startAsFollower
2019-09-19 10:44:01,139 [pool-38-thread-1] INFO  impl.RoleInfo (RoleInfo.java:updateAndGet(143)) - ef60016b-37d8-4c81-9b85-999ba158dbb2: start FollowerState
2019-09-19 10:44:01,142 [pool-38-thread-1] INFO  util.JmxRegister (JmxRegister.java:tryRegister(44)) - Successfully registered JMX Bean with object name Ratis:service=RaftServer,group=group-36A4626DD1CD,id=ef60016b-37d8-4c81-9b85-999ba158dbb2
2019-09-19 10:44:01,152 [RatisPipelineUtilsThread] INFO  pipeline.PipelineStateManager (PipelineStateManager.java:addPipeline(56)) - Created pipeline Pipeline[ Id: 05222bac-cd3a-444a-a59f-36a4626dd1cd, Nodes: ef60016b-37d8-4c81-9b85-999ba158dbb2{ip: 192.168.157.204, host: pr-hdds-1569-cpgw4-1311585219, networkLocation: /default-rack, certSerialId: null}, Type:RATIS, Factor:ONE, State:OPEN]
2019-09-19 10:44:01,167 [grpc-default-executor-0] INFO  impl.RaftServerProxy (RaftServerProxy.java:addNew(89)) - 2d7fb44a-ac7a-4034-a2aa-4953f070935b: addNew group-F580399B060F:[2d7fb44a-ac7a-4034-a2aa-4953f070935b:192.168.157.204:33301] returns group-F580399B060F:java.util.concurrent.CompletableFuture@7b35eef9[Not completed]
2019-09-19 10:44:01,170 [pool-60-thread-1] INFO  impl.RaftServerImpl (RaftServerImpl.java:<init>(93)) - 2d7fb44a-ac7a-4034-a2aa-4953f070935b: new RaftServerImpl for group-F580399B060F:[2d7fb44a-ac7a-4034-a2aa-4953f070935b:192.168.157.204:33301] with ContainerStateMachine:uninitialized
2019-09-19 10:44:01,170 [pool-60-thread-1] INFO  server.RaftServerConfigKeys (ConfUtils.java:logGet(43)) - raft.server.rpc.timeout.min = 5s (custom)
2019-09-19 10:44:01,170 [pool-60-thread-1] INFO  server.RaftServerConfigKeys (ConfUtils.java:logGet(43)) - raft.server.rpc.timeout.max = 5200ms (custom)
2019-09-19 10:44:01,170 [pool-60-thread-1] INFO  server.RaftServerConfigKeys (ConfUtils.java:logGet(43)) - raft.server.rpcslowness.timeout = 120s (custom)
2019-09-19 10:44:01,171 [pool-60-thread-1] INFO  server.RaftServerConfigKeys (ConfUtils.java:logGet(43)) - raft.server.sleep.deviation.threshold = 300 (default)
2019-09-19 10:44:01,171 [pool-60-thread-1] INFO  server.RaftServerConfigKeys (ConfUtils.java:logGet(43)) - raft.server.log.appender.install.snapshot.enabled = false (custom)
2019-09-19 10:44:01,171 [pool-60-thread-1] INFO  impl.RaftServerImpl (ServerState.java:<init>(105)) - 2d7fb44a-ac7a-4034-a2aa-4953f070935b:group-F580399B060F ConfigurationManager, init=-1: [2d7fb44a-ac7a-4034-a2aa-4953f070935b:192.168.157.204:33301], old=null, confs=<EMPTY_MAP>
2019-09-19 10:44:01,171 [pool-60-thread-1] INFO  server.RaftServerConfigKeys (ConfUtils.java:logGet(43)) - raft.server.storage.dir = [/workdir/hadoop-ozone/tools/target/test-dir/MiniOzoneClusterImpl-906ca9d4-12e2-4885-9d3d-2383beb6722b/datanode-3/data/ratis] (custom)
2019-09-19 10:44:01,172 [pool-60-thread-1] INFO  storage.RaftStorageDirectory (RaftStorageDirectory.java:analyzeStorage(246)) - The storage directory /workdir/hadoop-ozone/tools/target/test-dir/MiniOzoneClusterImpl-906ca9d4-12e2-4885-9d3d-2383beb6722b/datanode-3/data/ratis/a26456cf-9dcc-4707-91bd-f580399b060f does not exist. Creating ...
2019-09-19 10:44:01,185 [pool-60-thread-1] INFO  storage.RaftStorageDirectory (RaftStorageDirectory.java:tryLock(328)) - Lock on /workdir/hadoop-ozone/tools/target/test-dir/MiniOzoneClusterImpl-906ca9d4-12e2-4885-9d3d-2383beb6722b/datanode-3/data/ratis/a26456cf-9dcc-4707-91bd-f580399b060f/in_use.lock acquired by nodename 18272@pr-hdds-1569-cpgw4-1311585219
2019-09-19 10:44:01,198 [pool-60-thread-1] INFO  storage.RaftStorage (RaftStorage.java:format(72)) - Storage directory /workdir/hadoop-ozone/tools/target/test-dir/MiniOzoneClusterImpl-906ca9d4-12e2-4885-9d3d-2383beb6722b/datanode-3/data/ratis/a26456cf-9dcc-4707-91bd-f580399b060f has been successfully formatted.
2019-09-19 10:44:01,198 [pool-60-thread-1] INFO  ratis.ContainerStateMachine (ContainerStateMachine.java:loadSnapshot(226)) - group-F580399B060F: The snapshot info is null. Setting the last applied indexto:(t:0, i:~)
2019-09-19 10:44:01,198 [pool-60-thread-1] INFO  server.RaftServerConfigKeys (ConfUtils.java:logGet(43)) - raft.server.leader.election.timeout = 120s (custom)
2019-09-19 10:44:01,199 [pool-60-thread-1] INFO  server.RaftServerConfigKeys (ConfUtils.java:logGet(43)) - raft.server.log.use.memory = false (default)
2019-09-19 10:44:01,199 [pool-60-thread-1] INFO  server.RaftServerConfigKeys (ConfUtils.java:logGet(43)) - raft.server.log.purge.gap = 1000000 (custom)
2019-09-19 10:44:01,199 [pool-60-thread-1] INFO  server.RaftServerConfigKeys (ConfUtils.java:logGet(43)) - raft.server.log.appender.buffer.byte-limit = 33554432 (custom)
2019-09-19 10:44:01,199 [pool-60-thread-1] INFO  server.RaftServerConfigKeys (ConfUtils.java:logGet(43)) - raft.server.log.segment.size.max = 1048576 (custom)
2019-09-19 10:44:01,199 [pool-60-thread-1] INFO  server.RaftServerConfigKeys (ConfUtils.java:logGet(43)) - raft.server.log.segment.cache.num.max = 2 (custom)
2019-09-19 10:44:01,200 [pool-60-thread-1] INFO  segmented.SegmentedRaftLogWorker (SegmentedRaftLogWorker.java:<init>(172)) - new 2d7fb44a-ac7a-4034-a2aa-4953f070935b-SegmentedRaftLogWorker:Storage Directory /workdir/hadoop-ozone/tools/target/test-dir/MiniOzoneClusterImpl-906ca9d4-12e2-4885-9d3d-2383beb6722b/datanode-3/data/ratis/a26456cf-9dcc-4707-91bd-f580399b060f for RaftStorage:Storage Directory /workdir/hadoop-ozone/tools/target/test-dir/MiniOzoneClusterImpl-906ca9d4-12e2-4885-9d3d-2383beb6722b/datanode-3/data/ratis/a26456cf-9dcc-4707-91bd-f580399b060f
2019-09-19 10:44:01,200 [pool-60-thread-1] INFO  server.RaftServerConfigKeys (ConfUtils.java:logGet(43)) - raft.server.log.queue.byte-limit = 2147483647 (custom)
2019-09-19 10:44:01,200 [pool-60-thread-1] INFO  server.RaftServerConfigKeys (ConfUtils.java:logGet(43)) - raft.server.log.queue.element-limit = 1024 (custom)
2019-09-19 10:44:01,200 [pool-60-thread-1] INFO  server.RaftServerConfigKeys (ConfUtils.java:logGet(43)) - raft.server.log.segment.size.max = 1048576 (custom)
2019-09-19 10:44:01,201 [pool-60-thread-1] INFO  server.RaftServerConfigKeys (ConfUtils.java:logGet(43)) - raft.server.log.preallocated.size = 16384 (custom)
2019-09-19 10:44:01,201 [pool-60-thread-1] INFO  server.RaftServerConfigKeys (ConfUtils.java:logGet(43)) - raft.server.log.write.buffer.size = 33554432 (custom)
2019-09-19 10:44:01,201 [main] INFO  freon.RandomKeyGenerator (RandomKeyGenerator.java:call(275)) - Number of Threads: 10
2019-09-19 10:44:01,202 [pool-60-thread-1] INFO  server.RaftServerConfigKeys (ConfUtils.java:logGet(43)) - raft.server.log.force.sync.num = 128 (default)
2019-09-19 10:44:01,202 [pool-60-thread-1] INFO  server.RaftServerConfigKeys (ConfUtils.java:logGet(43)) - raft.server.log.statemachine.data.sync = true (default)
2019-09-19 10:44:01,203 [pool-60-thread-1] INFO  server.RaftServerConfigKeys (ConfUtils.java:logGet(43)) - raft.server.log.statemachine.data.sync.timeout = 10s (default)
2019-09-19 10:44:01,203 [main] INFO  freon.RandomKeyGenerator (RandomKeyGenerator.java:call(280)) - Number of Volumes: 1.
2019-09-19 10:44:01,203 [pool-60-thread-1] INFO  server.RaftServerConfigKeys (ConfUtils.java:logGet(43)) - raft.server.log.statemachine.data.sync.timeout.retry = -1 (default)
2019-09-19 10:44:01,203 [main] INFO  freon.RandomKeyGenerator (RandomKeyGenerator.java:call(281)) - Number of Buckets per Volume: 1.
2019-09-19 10:44:01,203 [main] INFO  freon.RandomKeyGenerator (RandomKeyGenerator.java:call(282)) - Number of Keys per Bucket: 1.
2019-09-19 10:44:01,203 [main] INFO  freon.RandomKeyGenerator (RandomKeyGenerator.java:call(283)) - Key size: 20971520 bytes
2019-09-19 10:44:01,203 [pool-60-thread-1] INFO  server.RaftServerConfigKeys (ConfUtils.java:logGet(43)) - raft.server.log.statemachine.data.caching.enabled = true (custom)
2019-09-19 10:44:01,204 [main] INFO  freon.RandomKeyGenerator (RandomKeyGenerator.java:call(284)) - Buffer size: 4096 bytes
2019-09-19 10:44:01,204 [pool-60-thread-1] INFO  segmented.SegmentedRaftLogWorker (SegmentedRaftLogWorker.java:lambda$new$0(132)) - 2d7fb44a-ac7a-4034-a2aa-4953f070935b-SegmentedRaftLogWorker:Storage Directory /workdir/hadoop-ozone/tools/target/test-dir/MiniOzoneClusterImpl-906ca9d4-12e2-4885-9d3d-2383beb6722b/datanode-3/data/ratis/a26456cf-9dcc-4707-91bd-f580399b060f: flushIndex: setUnconditionally 0 -> -1
2019-09-19 10:44:01,204 [pool-60-thread-1] INFO  server.RaftServerConfigKeys (ConfUtils.java:logGet(43)) - raft.server.snapshot.auto.trigger.enabled = true (custom)
2019-09-19 10:44:01,204 [pool-60-thread-1] INFO  server.RaftServerConfigKeys (ConfUtils.java:logGet(43)) - raft.server.snapshot.auto.trigger.threshold = 10000 (custom)
2019-09-19 10:44:01,205 [pool-60-thread-1] INFO  server.RaftServerConfigKeys (ConfUtils.java:logGet(43)) - raft.server.retrycache.expirytime = 600000ms (custom)
2019-09-19 10:44:01,205 [pool-60-thread-1] INFO  impl.RaftServerImpl (RaftServerImpl.java:start(180)) - 2d7fb44a-ac7a-4034-a2aa-4953f070935b: start group-F580399B060F
2019-09-19 10:44:01,205 [pool-60-thread-1] INFO  impl.RaftServerImpl (RaftServerImpl.java:setRole(171)) - 2d7fb44a-ac7a-4034-a2aa-4953f070935b:group-F580399B060F changes role from null to FOLLOWER at term 0 for startAsFollower
2019-09-19 10:44:01,206 [pool-60-thread-1] INFO  impl.RoleInfo (RoleInfo.java:updateAndGet(143)) - 2d7fb44a-ac7a-4034-a2aa-4953f070935b: start FollowerState
2019-09-19 10:44:01,207 [pool-60-thread-1] INFO  util.JmxRegister (JmxRegister.java:tryRegister(44)) - Successfully registered JMX Bean with object name Ratis:service=RaftServer,group=group-F580399B060F,id=2d7fb44a-ac7a-4034-a2aa-4953f070935b
2019-09-19 10:44:01,207 [main] INFO  freon.RandomKeyGenerator (RandomKeyGenerator.java:call(298)) - Data validation is enabled.
2019-09-19 10:44:01,209 [main] INFO  freon.RandomKeyGenerator (RandomKeyGenerator.java:call(304)) - Starting progress bar Thread.

 0.00% |█                                                                                                    |  0/1 Time: 0:00:002019-09-19 10:44:01,221 [RatisPipelineUtilsThread] INFO  pipeline.PipelineStateManager (PipelineStateManager.java:addPipeline(56)) - Created pipeline Pipeline[ Id: a26456cf-9dcc-4707-91bd-f580399b060f, Nodes: 2d7fb44a-ac7a-4034-a2aa-4953f070935b{ip: 192.168.157.204, host: pr-hdds-1569-cpgw4-1311585219, networkLocation: /default-rack, certSerialId: null}, Type:RATIS, Factor:ONE, State:OPEN]
2019-09-19 10:44:01,242 [grpc-default-executor-0] INFO  impl.RaftServerProxy (RaftServerProxy.java:addNew(89)) - 85d03201-45ec-4202-b725-1ee58b28f685: addNew group-5F2E90FE1E60:[85d03201-45ec-4202-b725-1ee58b28f685:192.168.157.204:34005] returns group-5F2E90FE1E60:java.util.concurrent.CompletableFuture@784b7737[Not completed]
2019-09-19 10:44:01,244 [pool-27-thread-1] INFO  impl.RaftServerImpl (RaftServerImpl.java:<init>(93)) - 85d03201-45ec-4202-b725-1ee58b28f685: new RaftServerImpl for group-5F2E90FE1E60:[85d03201-45ec-4202-b725-1ee58b28f685:192.168.157.204:34005] with ContainerStateMachine:uninitialized
2019-09-19 10:44:01,244 [pool-78-thread-1] INFO  rpc.RpcClient (RpcClient.java:createVolume(293)) - Creating Volume: vol-0-13120, with jenkins1000 as owner.
2019-09-19 10:44:01,244 [pool-27-thread-1] INFO  server.RaftServerConfigKeys (ConfUtils.java:logGet(43)) - raft.server.rpc.timeout.min = 5s (custom)
2019-09-19 10:44:01,244 [pool-27-thread-1] INFO  server.RaftServerConfigKeys (ConfUtils.java:logGet(43)) - raft.server.rpc.timeout.max = 5200ms (custom)
2019-09-19 10:44:01,244 [pool-27-thread-1] INFO  server.RaftServerConfigKeys (ConfUtils.java:logGet(43)) - raft.server.rpcslowness.timeout = 120s (custom)
2019-09-19 10:44:01,244 [pool-27-thread-1] INFO  server.RaftServerConfigKeys (ConfUtils.java:logGet(43)) - raft.server.sleep.deviation.threshold = 300 (default)
2019-09-19 10:44:01,244 [pool-27-thread-1] INFO  server.RaftServerConfigKeys (ConfUtils.java:logGet(43)) - raft.server.log.appender.install.snapshot.enabled = false (custom)
2019-09-19 10:44:01,245 [pool-27-thread-1] INFO  impl.RaftServerImpl (ServerState.java:<init>(105)) - 85d03201-45ec-4202-b725-1ee58b28f685:group-5F2E90FE1E60 ConfigurationManager, init=-1: [85d03201-45ec-4202-b725-1ee58b28f685:192.168.157.204:34005], old=null, confs=<EMPTY_MAP>
2019-09-19 10:44:01,245 [pool-27-thread-1] INFO  server.RaftServerConfigKeys (ConfUtils.java:logGet(43)) - raft.server.storage.dir = [/workdir/hadoop-ozone/tools/target/test-dir/MiniOzoneClusterImpl-906ca9d4-12e2-4885-9d3d-2383beb6722b/datanode-0/data/ratis] (custom)
2019-09-19 10:44:01,245 [pool-27-thread-1] INFO  storage.RaftStorageDirectory (RaftStorageDirectory.java:analyzeStorage(246)) - The storage directory /workdir/hadoop-ozone/tools/target/test-dir/MiniOzoneClusterImpl-906ca9d4-12e2-4885-9d3d-2383beb6722b/datanode-0/data/ratis/84c89af2-43c9-4ab2-bbb9-5f2e90fe1e60 does not exist. Creating ...
2019-09-19 10:44:01,258 [pool-27-thread-1] INFO  storage.RaftStorageDirectory (RaftStorageDirectory.java:tryLock(328)) - Lock on /workdir/hadoop-ozone/tools/target/test-dir/MiniOzoneClusterImpl-906ca9d4-12e2-4885-9d3d-2383beb6722b/datanode-0/data/ratis/84c89af2-43c9-4ab2-bbb9-5f2e90fe1e60/in_use.lock acquired by nodename 18272@pr-hdds-1569-cpgw4-1311585219
2019-09-19 10:44:01,264 | INFO  | OMAudit | user=jenkins1000 | ip=127.0.0.1 | op=CREATE_VOLUME {admin=jenkins1000, owner=jenkins1000, volume=vol-0-13120, creationTime=1568889841260, quotaInBytes=1152921504606846976} | ret=SUCCESS |  
2019-09-19 10:44:01,271 [pool-27-thread-1] INFO  storage.RaftStorage (RaftStorage.java:format(72)) - Storage directory /workdir/hadoop-ozone/tools/target/test-dir/MiniOzoneClusterImpl-906ca9d4-12e2-4885-9d3d-2383beb6722b/datanode-0/data/ratis/84c89af2-43c9-4ab2-bbb9-5f2e90fe1e60 has been successfully formatted.
2019-09-19 10:44:01,271 [pool-27-thread-1] INFO  ratis.ContainerStateMachine (ContainerStateMachine.java:loadSnapshot(226)) - group-5F2E90FE1E60: The snapshot info is null. Setting the last applied indexto:(t:0, i:~)
2019-09-19 10:44:01,271 [pool-27-thread-1] INFO  server.RaftServerConfigKeys (ConfUtils.java:logGet(43)) - raft.server.leader.election.timeout = 120s (custom)
2019-09-19 10:44:01,271 [pool-27-thread-1] INFO  server.RaftServerConfigKeys (ConfUtils.java:logGet(43)) - raft.server.log.use.memory = false (default)
2019-09-19 10:44:01,271 [pool-27-thread-1] INFO  server.RaftServerConfigKeys (ConfUtils.java:logGet(43)) - raft.server.log.purge.gap = 1000000 (custom)
2019-09-19 10:44:01,271 [pool-27-thread-1] INFO  server.RaftServerConfigKeys (ConfUtils.java:logGet(43)) - raft.server.log.appender.buffer.byte-limit = 33554432 (custom)
2019-09-19 10:44:01,272 [pool-27-thread-1] INFO  server.RaftServerConfigKeys (ConfUtils.java:logGet(43)) - raft.server.log.segment.size.max = 1048576 (custom)
2019-09-19 10:44:01,272 [pool-27-thread-1] INFO  server.RaftServerConfigKeys (ConfUtils.java:logGet(43)) - raft.server.log.segment.cache.num.max = 2 (custom)
2019-09-19 10:44:01,272 [pool-27-thread-1] INFO  segmented.SegmentedRaftLogWorker (SegmentedRaftLogWorker.java:<init>(172)) - new 85d03201-45ec-4202-b725-1ee58b28f685-SegmentedRaftLogWorker:Storage Directory /workdir/hadoop-ozone/tools/target/test-dir/MiniOzoneClusterImpl-906ca9d4-12e2-4885-9d3d-2383beb6722b/datanode-0/data/ratis/84c89af2-43c9-4ab2-bbb9-5f2e90fe1e60 for RaftStorage:Storage Directory /workdir/hadoop-ozone/tools/target/test-dir/MiniOzoneClusterImpl-906ca9d4-12e2-4885-9d3d-2383beb6722b/datanode-0/data/ratis/84c89af2-43c9-4ab2-bbb9-5f2e90fe1e60
2019-09-19 10:44:01,272 [pool-27-thread-1] INFO  server.RaftServerConfigKeys (ConfUtils.java:logGet(43)) - raft.server.log.queue.byte-limit = 2147483647 (custom)
2019-09-19 10:44:01,272 [pool-27-thread-1] INFO  server.RaftServerConfigKeys (ConfUtils.java:logGet(43)) - raft.server.log.queue.element-limit = 1024 (custom)
2019-09-19 10:44:01,272 [pool-27-thread-1] INFO  server.RaftServerConfigKeys (ConfUtils.java:logGet(43)) - raft.server.log.segment.size.max = 1048576 (custom)
2019-09-19 10:44:01,272 [pool-27-thread-1] INFO  server.RaftServerConfigKeys (ConfUtils.java:logGet(43)) - raft.server.log.preallocated.size = 16384 (custom)
2019-09-19 10:44:01,272 [pool-27-thread-1] INFO  server.RaftServerConfigKeys (ConfUtils.java:logGet(43)) - raft.server.log.write.buffer.size = 33554432 (custom)
2019-09-19 10:44:01,273 [pool-27-thread-1] INFO  server.RaftServerConfigKeys (ConfUtils.java:logGet(43)) - raft.server.log.force.sync.num = 128 (default)
2019-09-19 10:44:01,273 [pool-27-thread-1] INFO  server.RaftServerConfigKeys (ConfUtils.java:logGet(43)) - raft.server.log.statemachine.data.sync = true (default)
2019-09-19 10:44:01,275 [pool-27-thread-1] INFO  server.RaftServerConfigKeys (ConfUtils.java:logGet(43)) - raft.server.log.statemachine.data.sync.timeout = 10s (default)
2019-09-19 10:44:01,275 [pool-27-thread-1] INFO  server.RaftServerConfigKeys (ConfUtils.java:logGet(43)) - raft.server.log.statemachine.data.sync.timeout.retry = -1 (default)
2019-09-19 10:44:01,276 [pool-27-thread-1] INFO  server.RaftServerConfigKeys (ConfUtils.java:logGet(43)) - raft.server.log.statemachine.data.caching.enabled = true (custom)
2019-09-19 10:44:01,276 | INFO  | OMAudit | user=jenkins1000 | ip=127.0.0.1 | op=READ_VOLUME {volume=vol-0-13120} | ret=SUCCESS |  
2019-09-19 10:44:01,277 [pool-27-thread-1] INFO  segmented.SegmentedRaftLogWorker (SegmentedRaftLogWorker.java:lambda$new$0(132)) - 85d03201-45ec-4202-b725-1ee58b28f685-SegmentedRaftLogWorker:Storage Directory /workdir/hadoop-ozone/tools/target/test-dir/MiniOzoneClusterImpl-906ca9d4-12e2-4885-9d3d-2383beb6722b/datanode-0/data/ratis/84c89af2-43c9-4ab2-bbb9-5f2e90fe1e60: flushIndex: setUnconditionally 0 -> -1
2019-09-19 10:44:01,277 [pool-27-thread-1] INFO  server.RaftServerConfigKeys (ConfUtils.java:logGet(43)) - raft.server.snapshot.auto.trigger.enabled = true (custom)
2019-09-19 10:44:01,277 [pool-27-thread-1] INFO  server.RaftServerConfigKeys (ConfUtils.java:logGet(43)) - raft.server.snapshot.auto.trigger.threshold = 10000 (custom)
2019-09-19 10:44:01,277 [pool-27-thread-1] INFO  server.RaftServerConfigKeys (ConfUtils.java:logGet(43)) - raft.server.retrycache.expirytime = 600000ms (custom)
2019-09-19 10:44:01,277 [pool-27-thread-1] INFO  impl.RaftServerImpl (RaftServerImpl.java:start(180)) - 85d03201-45ec-4202-b725-1ee58b28f685: start group-5F2E90FE1E60
2019-09-19 10:44:01,278 [pool-27-thread-1] INFO  impl.RaftServerImpl (RaftServerImpl.java:setRole(171)) - 85d03201-45ec-4202-b725-1ee58b28f685:group-5F2E90FE1E60 changes role from null to FOLLOWER at term 0 for startAsFollower
2019-09-19 10:44:01,278 [pool-27-thread-1] INFO  impl.RoleInfo (RoleInfo.java:updateAndGet(143)) - 85d03201-45ec-4202-b725-1ee58b28f685: start FollowerState
2019-09-19 10:44:01,278 [pool-27-thread-1] INFO  util.JmxRegister (JmxRegister.java:tryRegister(44)) - Successfully registered JMX Bean with object name Ratis:service=RaftServer,group=group-5F2E90FE1E60,id=85d03201-45ec-4202-b725-1ee58b28f685
2019-09-19 10:44:01,290 [RatisPipelineUtilsThread] INFO  pipeline.PipelineStateManager (PipelineStateManager.java:addPipeline(56)) - Created pipeline Pipeline[ Id: 84c89af2-43c9-4ab2-bbb9-5f2e90fe1e60, Nodes: 85d03201-45ec-4202-b725-1ee58b28f685{ip: 192.168.157.204, host: pr-hdds-1569-cpgw4-1311585219, networkLocation: /default-rack, certSerialId: null}, Type:RATIS, Factor:ONE, State:OPEN]
2019-09-19 10:44:01,298 [pool-78-thread-2] INFO  rpc.RpcClient (RpcClient.java:createBucket(432)) - Creating Bucket: vol-0-13120/bucket-0-24454, with Versioning false and Storage Type set to DISK and Encryption set to false 
2019-09-19 10:44:01,303 [grpc-default-executor-0] INFO  impl.RaftServerProxy (RaftServerProxy.java:addNew(89)) - e855218f-cb01-4dd8-a582-b24365f170a0: addNew group-A504F78325CD:[e855218f-cb01-4dd8-a582-b24365f170a0:192.168.157.204:43344] returns group-A504F78325CD:java.util.concurrent.CompletableFuture@54cdf8f2[Not completed]
2019-09-19 10:44:01,305 [pool-49-thread-1] INFO  impl.RaftServerImpl (RaftServerImpl.java:<init>(93)) - e855218f-cb01-4dd8-a582-b24365f170a0: new RaftServerImpl for group-A504F78325CD:[e855218f-cb01-4dd8-a582-b24365f170a0:192.168.157.204:43344] with ContainerStateMachine:uninitialized
2019-09-19 10:44:01,305 [pool-49-thread-1] INFO  server.RaftServerConfigKeys (ConfUtils.java:logGet(43)) - raft.server.rpc.timeout.min = 5s (custom)
2019-09-19 10:44:01,305 [pool-49-thread-1] INFO  server.RaftServerConfigKeys (ConfUtils.java:logGet(43)) - raft.server.rpc.timeout.max = 5200ms (custom)
2019-09-19 10:44:01,305 [pool-49-thread-1] INFO  server.RaftServerConfigKeys (ConfUtils.java:logGet(43)) - raft.server.rpcslowness.timeout = 120s (custom)
2019-09-19 10:44:01,305 [pool-49-thread-1] INFO  server.RaftServerConfigKeys (ConfUtils.java:logGet(43)) - raft.server.sleep.deviation.threshold = 300 (default)
2019-09-19 10:44:01,305 [pool-49-thread-1] INFO  server.RaftServerConfigKeys (ConfUtils.java:logGet(43)) - raft.server.log.appender.install.snapshot.enabled = false (custom)
2019-09-19 10:44:01,305 [pool-49-thread-1] INFO  impl.RaftServerImpl (ServerState.java:<init>(105)) - e855218f-cb01-4dd8-a582-b24365f170a0:group-A504F78325CD ConfigurationManager, init=-1: [e855218f-cb01-4dd8-a582-b24365f170a0:192.168.157.204:43344], old=null, confs=<EMPTY_MAP>
2019-09-19 10:44:01,306 [pool-49-thread-1] INFO  server.RaftServerConfigKeys (ConfUtils.java:logGet(43)) - raft.server.storage.dir = [/workdir/hadoop-ozone/tools/target/test-dir/MiniOzoneClusterImpl-906ca9d4-12e2-4885-9d3d-2383beb6722b/datanode-2/data/ratis] (custom)
2019-09-19 10:44:01,306 [pool-49-thread-1] INFO  storage.RaftStorageDirectory (RaftStorageDirectory.java:analyzeStorage(246)) - The storage directory /workdir/hadoop-ozone/tools/target/test-dir/MiniOzoneClusterImpl-906ca9d4-12e2-4885-9d3d-2383beb6722b/datanode-2/data/ratis/cf5718ba-97c6-4cca-915f-a504f78325cd does not exist. Creating ...
2019-09-19 10:44:01,318 [pool-49-thread-1] INFO  storage.RaftStorageDirectory (RaftStorageDirectory.java:tryLock(328)) - Lock on /workdir/hadoop-ozone/tools/target/test-dir/MiniOzoneClusterImpl-906ca9d4-12e2-4885-9d3d-2383beb6722b/datanode-2/data/ratis/cf5718ba-97c6-4cca-915f-a504f78325cd/in_use.lock acquired by nodename 18272@pr-hdds-1569-cpgw4-1311585219
2019-09-19 10:44:01,318 | INFO  | OMAudit | user=jenkins1000 | ip=127.0.0.1 | op=CREATE_BUCKET {volume=vol-0-13120, bucket=bucket-0-24454, acls=[user:jenkins1000:a[ACCESS], group:default:a[ACCESS]], isVersionEnabled=false, storageType=DISK, creationTime=0} | ret=SUCCESS |  
2019-09-19 10:44:01,326 | INFO  | OMAudit | user=jenkins1000 | ip=127.0.0.1 | op=READ_BUCKET {volume=vol-0-13120, bucket=bucket-0-24454} | ret=SUCCESS |  
2019-09-19 10:44:01,330 [pool-49-thread-1] INFO  storage.RaftStorage (RaftStorage.java:format(72)) - Storage directory /workdir/hadoop-ozone/tools/target/test-dir/MiniOzoneClusterImpl-906ca9d4-12e2-4885-9d3d-2383beb6722b/datanode-2/data/ratis/cf5718ba-97c6-4cca-915f-a504f78325cd has been successfully formatted.
2019-09-19 10:44:01,331 [pool-49-thread-1] INFO  ratis.ContainerStateMachine (ContainerStateMachine.java:loadSnapshot(226)) - group-A504F78325CD: The snapshot info is null. Setting the last applied indexto:(t:0, i:~)
2019-09-19 10:44:01,331 [pool-49-thread-1] INFO  server.RaftServerConfigKeys (ConfUtils.java:logGet(43)) - raft.server.leader.election.timeout = 120s (custom)
2019-09-19 10:44:01,331 [pool-49-thread-1] INFO  server.RaftServerConfigKeys (ConfUtils.java:logGet(43)) - raft.server.log.use.memory = false (default)
2019-09-19 10:44:01,331 [pool-49-thread-1] INFO  server.RaftServerConfigKeys (ConfUtils.java:logGet(43)) - raft.server.log.purge.gap = 1000000 (custom)
2019-09-19 10:44:01,331 [pool-49-thread-1] INFO  server.RaftServerConfigKeys (ConfUtils.java:logGet(43)) - raft.server.log.appender.buffer.byte-limit = 33554432 (custom)
2019-09-19 10:44:01,331 [pool-49-thread-1] INFO  server.RaftServerConfigKeys (ConfUtils.java:logGet(43)) - raft.server.log.segment.size.max = 1048576 (custom)
2019-09-19 10:44:01,331 [pool-49-thread-1] INFO  server.RaftServerConfigKeys (ConfUtils.java:logGet(43)) - raft.server.log.segment.cache.num.max = 2 (custom)
2019-09-19 10:44:01,332 [pool-49-thread-1] INFO  segmented.SegmentedRaftLogWorker (SegmentedRaftLogWorker.java:<init>(172)) - new e855218f-cb01-4dd8-a582-b24365f170a0-SegmentedRaftLogWorker:Storage Directory /workdir/hadoop-ozone/tools/target/test-dir/MiniOzoneClusterImpl-906ca9d4-12e2-4885-9d3d-2383beb6722b/datanode-2/data/ratis/cf5718ba-97c6-4cca-915f-a504f78325cd for RaftStorage:Storage Directory /workdir/hadoop-ozone/tools/target/test-dir/MiniOzoneClusterImpl-906ca9d4-12e2-4885-9d3d-2383beb6722b/datanode-2/data/ratis/cf5718ba-97c6-4cca-915f-a504f78325cd
2019-09-19 10:44:01,332 [pool-49-thread-1] INFO  server.RaftServerConfigKeys (ConfUtils.java:logGet(43)) - raft.server.log.queue.byte-limit = 2147483647 (custom)
2019-09-19 10:44:01,332 [pool-49-thread-1] INFO  server.RaftServerConfigKeys (ConfUtils.java:logGet(43)) - raft.server.log.queue.element-limit = 1024 (custom)
2019-09-19 10:44:01,332 [pool-49-thread-1] INFO  server.RaftServerConfigKeys (ConfUtils.java:logGet(43)) - raft.server.log.segment.size.max = 1048576 (custom)
2019-09-19 10:44:01,332 [pool-49-thread-1] INFO  server.RaftServerConfigKeys (ConfUtils.java:logGet(43)) - raft.server.log.preallocated.size = 16384 (custom)
2019-09-19 10:44:01,332 [pool-49-thread-1] INFO  server.RaftServerConfigKeys (ConfUtils.java:logGet(43)) - raft.server.log.write.buffer.size = 33554432 (custom)
2019-09-19 10:44:01,332 [pool-49-thread-1] INFO  server.RaftServerConfigKeys (ConfUtils.java:logGet(43)) - raft.server.log.force.sync.num = 128 (default)
2019-09-19 10:44:01,333 [pool-49-thread-1] INFO  server.RaftServerConfigKeys (ConfUtils.java:logGet(43)) - raft.server.log.statemachine.data.sync = true (default)
2019-09-19 10:44:01,333 [pool-49-thread-1] INFO  server.RaftServerConfigKeys (ConfUtils.java:logGet(43)) - raft.server.log.statemachine.data.sync.timeout = 10s (default)
2019-09-19 10:44:01,333 [pool-49-thread-1] INFO  server.RaftServerConfigKeys (ConfUtils.java:logGet(43)) - raft.server.log.statemachine.data.sync.timeout.retry = -1 (default)
2019-09-19 10:44:01,333 [pool-49-thread-1] INFO  server.RaftServerConfigKeys (ConfUtils.java:logGet(43)) - raft.server.log.statemachine.data.caching.enabled = true (custom)
2019-09-19 10:44:01,333 [pool-49-thread-1] INFO  segmented.SegmentedRaftLogWorker (SegmentedRaftLogWorker.java:lambda$new$0(132)) - e855218f-cb01-4dd8-a582-b24365f170a0-SegmentedRaftLogWorker:Storage Directory /workdir/hadoop-ozone/tools/target/test-dir/MiniOzoneClusterImpl-906ca9d4-12e2-4885-9d3d-2383beb6722b/datanode-2/data/ratis/cf5718ba-97c6-4cca-915f-a504f78325cd: flushIndex: setUnconditionally 0 -> -1
2019-09-19 10:44:01,334 [pool-49-thread-1] INFO  server.RaftServerConfigKeys (ConfUtils.java:logGet(43)) - raft.server.snapshot.auto.trigger.enabled = true (custom)
2019-09-19 10:44:01,334 [pool-49-thread-1] INFO  server.RaftServerConfigKeys (ConfUtils.java:logGet(43)) - raft.server.snapshot.auto.trigger.threshold = 10000 (custom)
2019-09-19 10:44:01,334 [pool-49-thread-1] INFO  server.RaftServerConfigKeys (ConfUtils.java:logGet(43)) - raft.server.retrycache.expirytime = 600000ms (custom)
2019-09-19 10:44:01,334 [pool-49-thread-1] INFO  impl.RaftServerImpl (RaftServerImpl.java:start(180)) - e855218f-cb01-4dd8-a582-b24365f170a0: start group-A504F78325CD
2019-09-19 10:44:01,334 [pool-49-thread-1] INFO  impl.RaftServerImpl (RaftServerImpl.java:setRole(171)) - e855218f-cb01-4dd8-a582-b24365f170a0:group-A504F78325CD changes role from null to FOLLOWER at term 0 for startAsFollower
2019-09-19 10:44:01,334 [pool-49-thread-1] INFO  impl.RoleInfo (RoleInfo.java:updateAndGet(143)) - e855218f-cb01-4dd8-a582-b24365f170a0: start FollowerState
2019-09-19 10:44:01,335 [pool-49-thread-1] INFO  util.JmxRegister (JmxRegister.java:tryRegister(44)) - Successfully registered JMX Bean with object name Ratis:service=RaftServer,group=group-A504F78325CD,id=e855218f-cb01-4dd8-a582-b24365f170a0
2019-09-19 10:44:01,345 [RatisPipelineUtilsThread] INFO  pipeline.PipelineStateManager (PipelineStateManager.java:addPipeline(56)) - Created pipeline Pipeline[ Id: cf5718ba-97c6-4cca-915f-a504f78325cd, Nodes: e855218f-cb01-4dd8-a582-b24365f170a0{ip: 192.168.157.204, host: pr-hdds-1569-cpgw4-1311585219, networkLocation: /default-rack, certSerialId: null}, Type:RATIS, Factor:ONE, State:OPEN]
2019-09-19 10:44:01,360 [grpc-default-executor-0] INFO  impl.RaftServerProxy (RaftServerProxy.java:addNew(89)) - 470b673e-7c3c-4972-9ac8-3342d713d76f: addNew group-7B01210D6315:[470b673e-7c3c-4972-9ac8-3342d713d76f:192.168.157.204:38229] returns group-7B01210D6315:java.util.concurrent.CompletableFuture@27cf3724[Not completed]
2019-09-19 10:44:01,363 [pool-71-thread-1] INFO  impl.RaftServerImpl (RaftServerImpl.java:<init>(93)) - 470b673e-7c3c-4972-9ac8-3342d713d76f: new RaftServerImpl for group-7B01210D6315:[470b673e-7c3c-4972-9ac8-3342d713d76f:192.168.157.204:38229] with ContainerStateMachine:uninitialized
2019-09-19 10:44:01,363 [pool-71-thread-1] INFO  server.RaftServerConfigKeys (ConfUtils.java:logGet(43)) - raft.server.rpc.timeout.min = 5s (custom)
2019-09-19 10:44:01,364 [pool-71-thread-1] INFO  server.RaftServerConfigKeys (ConfUtils.java:logGet(43)) - raft.server.rpc.timeout.max = 5200ms (custom)
2019-09-19 10:44:01,364 [pool-71-thread-1] INFO  server.RaftServerConfigKeys (ConfUtils.java:logGet(43)) - raft.server.rpcslowness.timeout = 120s (custom)
2019-09-19 10:44:01,364 [pool-71-thread-1] INFO  server.RaftServerConfigKeys (ConfUtils.java:logGet(43)) - raft.server.sleep.deviation.threshold = 300 (default)
2019-09-19 10:44:01,364 [pool-71-thread-1] INFO  server.RaftServerConfigKeys (ConfUtils.java:logGet(43)) - raft.server.log.appender.install.snapshot.enabled = false (custom)
2019-09-19 10:44:01,364 [pool-71-thread-1] INFO  impl.RaftServerImpl (ServerState.java:<init>(105)) - 470b673e-7c3c-4972-9ac8-3342d713d76f:group-7B01210D6315 ConfigurationManager, init=-1: [470b673e-7c3c-4972-9ac8-3342d713d76f:192.168.157.204:38229], old=null, confs=<EMPTY_MAP>
2019-09-19 10:44:01,365 [pool-71-thread-1] INFO  server.RaftServerConfigKeys (ConfUtils.java:logGet(43)) - raft.server.storage.dir = [/workdir/hadoop-ozone/tools/target/test-dir/MiniOzoneClusterImpl-906ca9d4-12e2-4885-9d3d-2383beb6722b/datanode-4/data/ratis] (custom)
2019-09-19 10:44:01,365 [pool-71-thread-1] INFO  storage.RaftStorageDirectory (RaftStorageDirectory.java:analyzeStorage(246)) - The storage directory /workdir/hadoop-ozone/tools/target/test-dir/MiniOzoneClusterImpl-906ca9d4-12e2-4885-9d3d-2383beb6722b/datanode-4/data/ratis/31e71b06-fe23-4c45-83e6-7b01210d6315 does not exist. Creating ...
2019-09-19 10:44:01,378 [pool-71-thread-1] INFO  storage.RaftStorageDirectory (RaftStorageDirectory.java:tryLock(328)) - Lock on /workdir/hadoop-ozone/tools/target/test-dir/MiniOzoneClusterImpl-906ca9d4-12e2-4885-9d3d-2383beb6722b/datanode-4/data/ratis/31e71b06-fe23-4c45-83e6-7b01210d6315/in_use.lock acquired by nodename 18272@pr-hdds-1569-cpgw4-1311585219
2019-09-19 10:44:01,398 [pool-71-thread-1] INFO  storage.RaftStorage (RaftStorage.java:format(72)) - Storage directory /workdir/hadoop-ozone/tools/target/test-dir/MiniOzoneClusterImpl-906ca9d4-12e2-4885-9d3d-2383beb6722b/datanode-4/data/ratis/31e71b06-fe23-4c45-83e6-7b01210d6315 has been successfully formatted.
2019-09-19 10:44:01,399 [pool-71-thread-1] INFO  ratis.ContainerStateMachine (ContainerStateMachine.java:loadSnapshot(226)) - group-7B01210D6315: The snapshot info is null. Setting the last applied indexto:(t:0, i:~)
2019-09-19 10:44:01,399 [pool-71-thread-1] INFO  server.RaftServerConfigKeys (ConfUtils.java:logGet(43)) - raft.server.leader.election.timeout = 120s (custom)
2019-09-19 10:44:01,399 [pool-71-thread-1] INFO  server.RaftServerConfigKeys (ConfUtils.java:logGet(43)) - raft.server.log.use.memory = false (default)
2019-09-19 10:44:01,399 [pool-71-thread-1] INFO  server.RaftServerConfigKeys (ConfUtils.java:logGet(43)) - raft.server.log.purge.gap = 1000000 (custom)
2019-09-19 10:44:01,399 [pool-71-thread-1] INFO  server.RaftServerConfigKeys (ConfUtils.java:logGet(43)) - raft.server.log.appender.buffer.byte-limit = 33554432 (custom)
2019-09-19 10:44:01,400 [pool-71-thread-1] INFO  server.RaftServerConfigKeys (ConfUtils.java:logGet(43)) - raft.server.log.segment.size.max = 1048576 (custom)
2019-09-19 10:44:01,400 [pool-71-thread-1] INFO  server.RaftServerConfigKeys (ConfUtils.java:logGet(43)) - raft.server.log.segment.cache.num.max = 2 (custom)
2019-09-19 10:44:01,400 [pool-71-thread-1] INFO  segmented.SegmentedRaftLogWorker (SegmentedRaftLogWorker.java:<init>(172)) - new 470b673e-7c3c-4972-9ac8-3342d713d76f-SegmentedRaftLogWorker:Storage Directory /workdir/hadoop-ozone/tools/target/test-dir/MiniOzoneClusterImpl-906ca9d4-12e2-4885-9d3d-2383beb6722b/datanode-4/data/ratis/31e71b06-fe23-4c45-83e6-7b01210d6315 for RaftStorage:Storage Directory /workdir/hadoop-ozone/tools/target/test-dir/MiniOzoneClusterImpl-906ca9d4-12e2-4885-9d3d-2383beb6722b/datanode-4/data/ratis/31e71b06-fe23-4c45-83e6-7b01210d6315
2019-09-19 10:44:01,400 [pool-71-thread-1] INFO  server.RaftServerConfigKeys (ConfUtils.java:logGet(43)) - raft.server.log.queue.byte-limit = 2147483647 (custom)
2019-09-19 10:44:01,400 [pool-71-thread-1] INFO  server.RaftServerConfigKeys (ConfUtils.java:logGet(43)) - raft.server.log.queue.element-limit = 1024 (custom)
2019-09-19 10:44:01,401 [pool-71-thread-1] INFO  server.RaftServerConfigKeys (ConfUtils.java:logGet(43)) - raft.server.log.segment.size.max = 1048576 (custom)
2019-09-19 10:44:01,401 [pool-71-thread-1] INFO  server.RaftServerConfigKeys (ConfUtils.java:logGet(43)) - raft.server.log.preallocated.size = 16384 (custom)
2019-09-19 10:44:01,401 [pool-71-thread-1] INFO  server.RaftServerConfigKeys (ConfUtils.java:logGet(43)) - raft.server.log.write.buffer.size = 33554432 (custom)
2019-09-19 10:44:01,401 [pool-71-thread-1] INFO  server.RaftServerConfigKeys (ConfUtils.java:logGet(43)) - raft.server.log.force.sync.num = 128 (default)
2019-09-19 10:44:01,401 [pool-71-thread-1] INFO  server.RaftServerConfigKeys (ConfUtils.java:logGet(43)) - raft.server.log.statemachine.data.sync = true (default)
2019-09-19 10:44:01,401 [pool-71-thread-1] INFO  server.RaftServerConfigKeys (ConfUtils.java:logGet(43)) - raft.server.log.statemachine.data.sync.timeout = 10s (default)
2019-09-19 10:44:01,402 [pool-71-thread-1] INFO  server.RaftServerConfigKeys (ConfUtils.java:logGet(43)) - raft.server.log.statemachine.data.sync.timeout.retry = -1 (default)
2019-09-19 10:44:01,402 [pool-71-thread-1] INFO  server.RaftServerConfigKeys (ConfUtils.java:logGet(43)) - raft.server.log.statemachine.data.caching.enabled = true (custom)
2019-09-19 10:44:01,402 [pool-71-thread-1] INFO  segmented.SegmentedRaftLogWorker (SegmentedRaftLogWorker.java:lambda$new$0(132)) - 470b673e-7c3c-4972-9ac8-3342d713d76f-SegmentedRaftLogWorker:Storage Directory /workdir/hadoop-ozone/tools/target/test-dir/MiniOzoneClusterImpl-906ca9d4-12e2-4885-9d3d-2383beb6722b/datanode-4/data/ratis/31e71b06-fe23-4c45-83e6-7b01210d6315: flushIndex: setUnconditionally 0 -> -1
2019-09-19 10:44:01,403 [pool-71-thread-1] INFO  server.RaftServerConfigKeys (ConfUtils.java:logGet(43)) - raft.server.snapshot.auto.trigger.enabled = true (custom)
2019-09-19 10:44:01,403 [pool-71-thread-1] INFO  server.RaftServerConfigKeys (ConfUtils.java:logGet(43)) - raft.server.snapshot.auto.trigger.threshold = 10000 (custom)
2019-09-19 10:44:01,403 [pool-71-thread-1] INFO  server.RaftServerConfigKeys (ConfUtils.java:logGet(43)) - raft.server.retrycache.expirytime = 600000ms (custom)
2019-09-19 10:44:01,403 [pool-71-thread-1] INFO  impl.RaftServerImpl (RaftServerImpl.java:start(180)) - 470b673e-7c3c-4972-9ac8-3342d713d76f: start group-7B01210D6315
2019-09-19 10:44:01,403 [pool-71-thread-1] INFO  impl.RaftServerImpl (RaftServerImpl.java:setRole(171)) - 470b673e-7c3c-4972-9ac8-3342d713d76f:group-7B01210D6315 changes role from null to FOLLOWER at term 0 for startAsFollower
2019-09-19 10:44:01,404 [pool-71-thread-1] INFO  impl.RoleInfo (RoleInfo.java:updateAndGet(143)) - 470b673e-7c3c-4972-9ac8-3342d713d76f: start FollowerState
2019-09-19 10:44:01,404 [pool-71-thread-1] INFO  util.JmxRegister (JmxRegister.java:tryRegister(44)) - Successfully registered JMX Bean with object name Ratis:service=RaftServer,group=group-7B01210D6315,id=470b673e-7c3c-4972-9ac8-3342d713d76f
2019-09-19 10:44:01,414 [RatisPipelineUtilsThread] INFO  pipeline.PipelineStateManager (PipelineStateManager.java:addPipeline(56)) - Created pipeline Pipeline[ Id: 31e71b06-fe23-4c45-83e6-7b01210d6315, Nodes: 470b673e-7c3c-4972-9ac8-3342d713d76f{ip: 192.168.157.204, host: pr-hdds-1569-cpgw4-1311585219, networkLocation: /default-rack, certSerialId: null}, Type:RATIS, Factor:ONE, State:OPEN]
2019-09-19 10:44:01,424 [grpc-default-executor-0] INFO  impl.RaftServerProxy (RaftServerProxy.java:addNew(89)) - 2d7fb44a-ac7a-4034-a2aa-4953f070935b: addNew group-BFA5D837848C:[2d7fb44a-ac7a-4034-a2aa-4953f070935b:192.168.157.204:33301] returns group-BFA5D837848C:java.util.concurrent.CompletableFuture@4db071c[Not completed]
2019-09-19 10:44:01,425 [pool-60-thread-1] INFO  impl.RaftServerImpl (RaftServerImpl.java:<init>(93)) - 2d7fb44a-ac7a-4034-a2aa-4953f070935b: new RaftServerImpl for group-BFA5D837848C:[2d7fb44a-ac7a-4034-a2aa-4953f070935b:192.168.157.204:33301] with ContainerStateMachine:uninitialized
2019-09-19 10:44:01,425 [pool-60-thread-1] INFO  server.RaftServerConfigKeys (ConfUtils.java:logGet(43)) - raft.server.rpc.timeout.min = 5s (custom)
2019-09-19 10:44:01,426 [pool-60-thread-1] INFO  server.RaftServerConfigKeys (ConfUtils.java:logGet(43)) - raft.server.rpc.timeout.max = 5200ms (custom)
2019-09-19 10:44:01,426 [pool-60-thread-1] INFO  server.RaftServerConfigKeys (ConfUtils.java:logGet(43)) - raft.server.rpcslowness.timeout = 120s (custom)
2019-09-19 10:44:01,426 [pool-60-thread-1] INFO  server.RaftServerConfigKeys (ConfUtils.java:logGet(43)) - raft.server.sleep.deviation.threshold = 300 (default)
2019-09-19 10:44:01,426 [pool-60-thread-1] INFO  server.RaftServerConfigKeys (ConfUtils.java:logGet(43)) - raft.server.log.appender.install.snapshot.enabled = false (custom)
2019-09-19 10:44:01,426 [pool-60-thread-1] INFO  impl.RaftServerImpl (ServerState.java:<init>(105)) - 2d7fb44a-ac7a-4034-a2aa-4953f070935b:group-BFA5D837848C ConfigurationManager, init=-1: [2d7fb44a-ac7a-4034-a2aa-4953f070935b:192.168.157.204:33301], old=null, confs=<EMPTY_MAP>
2019-09-19 10:44:01,426 [pool-60-thread-1] INFO  server.RaftServerConfigKeys (ConfUtils.java:logGet(43)) - raft.server.storage.dir = [/workdir/hadoop-ozone/tools/target/test-dir/MiniOzoneClusterImpl-906ca9d4-12e2-4885-9d3d-2383beb6722b/datanode-3/data/ratis] (custom)
2019-09-19 10:44:01,426 [pool-60-thread-1] INFO  storage.RaftStorageDirectory (RaftStorageDirectory.java:analyzeStorage(246)) - The storage directory /workdir/hadoop-ozone/tools/target/test-dir/MiniOzoneClusterImpl-906ca9d4-12e2-4885-9d3d-2383beb6722b/datanode-3/data/ratis/4ed836a7-00b6-4419-a04f-bfa5d837848c does not exist. Creating ...
2019-09-19 10:44:01,439 [pool-60-thread-1] INFO  storage.RaftStorageDirectory (RaftStorageDirectory.java:tryLock(328)) - Lock on /workdir/hadoop-ozone/tools/target/test-dir/MiniOzoneClusterImpl-906ca9d4-12e2-4885-9d3d-2383beb6722b/datanode-3/data/ratis/4ed836a7-00b6-4419-a04f-bfa5d837848c/in_use.lock acquired by nodename 18272@pr-hdds-1569-cpgw4-1311585219
2019-09-19 10:44:01,452 [pool-60-thread-1] INFO  storage.RaftStorage (RaftStorage.java:format(72)) - Storage directory /workdir/hadoop-ozone/tools/target/test-dir/MiniOzoneClusterImpl-906ca9d4-12e2-4885-9d3d-2383beb6722b/datanode-3/data/ratis/4ed836a7-00b6-4419-a04f-bfa5d837848c has been successfully formatted.
2019-09-19 10:44:01,453 [pool-60-thread-1] INFO  ratis.ContainerStateMachine (ContainerStateMachine.java:loadSnapshot(226)) - group-BFA5D837848C: The snapshot info is null. Setting the last applied indexto:(t:0, i:~)
2019-09-19 10:44:01,453 [pool-60-thread-1] INFO  server.RaftServerConfigKeys (ConfUtils.java:logGet(43)) - raft.server.leader.election.timeout = 120s (custom)
2019-09-19 10:44:01,453 [pool-60-thread-1] INFO  server.RaftServerConfigKeys (ConfUtils.java:logGet(43)) - raft.server.log.use.memory = false (default)
2019-09-19 10:44:01,453 [pool-60-thread-1] INFO  server.RaftServerConfigKeys (ConfUtils.java:logGet(43)) - raft.server.log.purge.gap = 1000000 (custom)
2019-09-19 10:44:01,453 [pool-60-thread-1] INFO  server.RaftServerConfigKeys (ConfUtils.java:logGet(43)) - raft.server.log.appender.buffer.byte-limit = 33554432 (custom)
2019-09-19 10:44:01,453 [pool-60-thread-1] INFO  server.RaftServerConfigKeys (ConfUtils.java:logGet(43)) - raft.server.log.segment.size.max = 1048576 (custom)
2019-09-19 10:44:01,453 [pool-60-thread-1] INFO  server.RaftServerConfigKeys (ConfUtils.java:logGet(43)) - raft.server.log.segment.cache.num.max = 2 (custom)
2019-09-19 10:44:01,453 [pool-60-thread-1] INFO  segmented.SegmentedRaftLogWorker (SegmentedRaftLogWorker.java:<init>(172)) - new 2d7fb44a-ac7a-4034-a2aa-4953f070935b-SegmentedRaftLogWorker:Storage Directory /workdir/hadoop-ozone/tools/target/test-dir/MiniOzoneClusterImpl-906ca9d4-12e2-4885-9d3d-2383beb6722b/datanode-3/data/ratis/4ed836a7-00b6-4419-a04f-bfa5d837848c for RaftStorage:Storage Directory /workdir/hadoop-ozone/tools/target/test-dir/MiniOzoneClusterImpl-906ca9d4-12e2-4885-9d3d-2383beb6722b/datanode-3/data/ratis/4ed836a7-00b6-4419-a04f-bfa5d837848c
2019-09-19 10:44:01,454 [pool-60-thread-1] INFO  server.RaftServerConfigKeys (ConfUtils.java:logGet(43)) - raft.server.log.queue.byte-limit = 2147483647 (custom)
2019-09-19 10:44:01,454 [pool-60-thread-1] INFO  server.RaftServerConfigKeys (ConfUtils.java:logGet(43)) - raft.server.log.queue.element-limit = 1024 (custom)
2019-09-19 10:44:01,454 [pool-60-thread-1] INFO  server.RaftServerConfigKeys (ConfUtils.java:logGet(43)) - raft.server.log.segment.size.max = 1048576 (custom)
2019-09-19 10:44:01,454 [pool-60-thread-1] INFO  server.RaftServerConfigKeys (ConfUtils.java:logGet(43)) - raft.server.log.preallocated.size = 16384 (custom)
2019-09-19 10:44:01,454 [pool-60-thread-1] INFO  server.RaftServerConfigKeys (ConfUtils.java:logGet(43)) - raft.server.log.write.buffer.size = 33554432 (custom)
2019-09-19 10:44:01,454 [pool-60-thread-1] INFO  server.RaftServerConfigKeys (ConfUtils.java:logGet(43)) - raft.server.log.force.sync.num = 128 (default)
2019-09-19 10:44:01,454 [pool-60-thread-1] INFO  server.RaftServerConfigKeys (ConfUtils.java:logGet(43)) - raft.server.log.statemachine.data.sync = true (default)
2019-09-19 10:44:01,454 [pool-60-thread-1] INFO  server.RaftServerConfigKeys (ConfUtils.java:logGet(43)) - raft.server.log.statemachine.data.sync.timeout = 10s (default)
2019-09-19 10:44:01,455 [pool-60-thread-1] INFO  server.RaftServerConfigKeys (ConfUtils.java:logGet(43)) - raft.server.log.statemachine.data.sync.timeout.retry = -1 (default)
2019-09-19 10:44:01,455 [pool-60-thread-1] INFO  server.RaftServerConfigKeys (ConfUtils.java:logGet(43)) - raft.server.log.statemachine.data.caching.enabled = true (custom)
2019-09-19 10:44:01,455 [pool-60-thread-1] INFO  segmented.SegmentedRaftLogWorker (SegmentedRaftLogWorker.java:lambda$new$0(132)) - 2d7fb44a-ac7a-4034-a2aa-4953f070935b-SegmentedRaftLogWorker:Storage Directory /workdir/hadoop-ozone/tools/target/test-dir/MiniOzoneClusterImpl-906ca9d4-12e2-4885-9d3d-2383beb6722b/datanode-3/data/ratis/4ed836a7-00b6-4419-a04f-bfa5d837848c: flushIndex: setUnconditionally 0 -> -1
2019-09-19 10:44:01,455 [pool-60-thread-1] INFO  server.RaftServerConfigKeys (ConfUtils.java:logGet(43)) - raft.server.snapshot.auto.trigger.enabled = true (custom)
2019-09-19 10:44:01,455 [pool-60-thread-1] INFO  server.RaftServerConfigKeys (ConfUtils.java:logGet(43)) - raft.server.snapshot.auto.trigger.threshold = 10000 (custom)
2019-09-19 10:44:01,455 [pool-60-thread-1] INFO  server.RaftServerConfigKeys (ConfUtils.java:logGet(43)) - raft.server.retrycache.expirytime = 600000ms (custom)
2019-09-19 10:44:01,456 [pool-60-thread-1] INFO  impl.RaftServerImpl (RaftServerImpl.java:start(180)) - 2d7fb44a-ac7a-4034-a2aa-4953f070935b: start group-BFA5D837848C
2019-09-19 10:44:01,456 [pool-60-thread-1] INFO  impl.RaftServerImpl (RaftServerImpl.java:setRole(171)) - 2d7fb44a-ac7a-4034-a2aa-4953f070935b:group-BFA5D837848C changes role from null to FOLLOWER at term 0 for startAsFollower
2019-09-19 10:44:01,456 [pool-60-thread-1] INFO  impl.RoleInfo (RoleInfo.java:updateAndGet(143)) - 2d7fb44a-ac7a-4034-a2aa-4953f070935b: start FollowerState
2019-09-19 10:44:01,456 [pool-60-thread-1] INFO  util.JmxRegister (JmxRegister.java:tryRegister(44)) - Successfully registered JMX Bean with object name Ratis:service=RaftServer,group=group-BFA5D837848C,id=2d7fb44a-ac7a-4034-a2aa-4953f070935b
2019-09-19 10:44:01,463 [RatisPipelineUtilsThread] INFO  pipeline.PipelineStateManager (PipelineStateManager.java:addPipeline(56)) - Created pipeline Pipeline[ Id: 4ed836a7-00b6-4419-a04f-bfa5d837848c, Nodes: 2d7fb44a-ac7a-4034-a2aa-4953f070935b{ip: 192.168.157.204, host: pr-hdds-1569-cpgw4-1311585219, networkLocation: /default-rack, certSerialId: null}, Type:RATIS, Factor:ONE, State:OPEN]
2019-09-19 10:44:01,474 [grpc-default-executor-0] INFO  impl.RaftServerProxy (RaftServerProxy.java:addNew(89)) - ef60016b-37d8-4c81-9b85-999ba158dbb2: addNew group-7CEA97AB298A:[ef60016b-37d8-4c81-9b85-999ba158dbb2:192.168.157.204:33362] returns group-7CEA97AB298A:java.util.concurrent.CompletableFuture@681acdcf[Not completed]
2019-09-19 10:44:01,476 [pool-38-thread-1] INFO  impl.RaftServerImpl (RaftServerImpl.java:<init>(93)) - ef60016b-37d8-4c81-9b85-999ba158dbb2: new RaftServerImpl for group-7CEA97AB298A:[ef60016b-37d8-4c81-9b85-999ba158dbb2:192.168.157.204:33362] with ContainerStateMachine:uninitialized
2019-09-19 10:44:01,476 [pool-38-thread-1] INFO  server.RaftServerConfigKeys (ConfUtils.java:logGet(43)) - raft.server.rpc.timeout.min = 5s (custom)
2019-09-19 10:44:01,476 [pool-38-thread-1] INFO  server.RaftServerConfigKeys (ConfUtils.java:logGet(43)) - raft.server.rpc.timeout.max = 5200ms (custom)
2019-09-19 10:44:01,476 [pool-38-thread-1] INFO  server.RaftServerConfigKeys (ConfUtils.java:logGet(43)) - raft.server.rpcslowness.timeout = 120s (custom)
2019-09-19 10:44:01,476 [pool-38-thread-1] INFO  server.RaftServerConfigKeys (ConfUtils.java:logGet(43)) - raft.server.sleep.deviation.threshold = 300 (default)
2019-09-19 10:44:01,476 [pool-38-thread-1] INFO  server.RaftServerConfigKeys (ConfUtils.java:logGet(43)) - raft.server.log.appender.install.snapshot.enabled = false (custom)
2019-09-19 10:44:01,477 [pool-38-thread-1] INFO  impl.RaftServerImpl (ServerState.java:<init>(105)) - ef60016b-37d8-4c81-9b85-999ba158dbb2:group-7CEA97AB298A ConfigurationManager, init=-1: [ef60016b-37d8-4c81-9b85-999ba158dbb2:192.168.157.204:33362], old=null, confs=<EMPTY_MAP>
2019-09-19 10:44:01,477 [pool-38-thread-1] INFO  server.RaftServerConfigKeys (ConfUtils.java:logGet(43)) - raft.server.storage.dir = [/workdir/hadoop-ozone/tools/target/test-dir/MiniOzoneClusterImpl-906ca9d4-12e2-4885-9d3d-2383beb6722b/datanode-1/data/ratis] (custom)
2019-09-19 10:44:01,477 [pool-38-thread-1] INFO  storage.RaftStorageDirectory (RaftStorageDirectory.java:analyzeStorage(246)) - The storage directory /workdir/hadoop-ozone/tools/target/test-dir/MiniOzoneClusterImpl-906ca9d4-12e2-4885-9d3d-2383beb6722b/datanode-1/data/ratis/51c6c04e-aacb-4e82-ac56-7cea97ab298a does not exist. Creating ...
2019-09-19 10:44:01,490 [pool-38-thread-1] INFO  storage.RaftStorageDirectory (RaftStorageDirectory.java:tryLock(328)) - Lock on /workdir/hadoop-ozone/tools/target/test-dir/MiniOzoneClusterImpl-906ca9d4-12e2-4885-9d3d-2383beb6722b/datanode-1/data/ratis/51c6c04e-aacb-4e82-ac56-7cea97ab298a/in_use.lock acquired by nodename 18272@pr-hdds-1569-cpgw4-1311585219
2019-09-19 10:44:01,504 [pool-38-thread-1] INFO  storage.RaftStorage (RaftStorage.java:format(72)) - Storage directory /workdir/hadoop-ozone/tools/target/test-dir/MiniOzoneClusterImpl-906ca9d4-12e2-4885-9d3d-2383beb6722b/datanode-1/data/ratis/51c6c04e-aacb-4e82-ac56-7cea97ab298a has been successfully formatted.
2019-09-19 10:44:01,504 [pool-38-thread-1] INFO  ratis.ContainerStateMachine (ContainerStateMachine.java:loadSnapshot(226)) - group-7CEA97AB298A: The snapshot info is null. Setting the last applied indexto:(t:0, i:~)
2019-09-19 10:44:01,505 [pool-38-thread-1] INFO  server.RaftServerConfigKeys (ConfUtils.java:logGet(43)) - raft.server.leader.election.timeout = 120s (custom)
2019-09-19 10:44:01,505 [pool-38-thread-1] INFO  server.RaftServerConfigKeys (ConfUtils.java:logGet(43)) - raft.server.log.use.memory = false (default)
2019-09-19 10:44:01,505 [pool-38-thread-1] INFO  server.RaftServerConfigKeys (ConfUtils.java:logGet(43)) - raft.server.log.purge.gap = 1000000 (custom)
2019-09-19 10:44:01,505 [pool-38-thread-1] INFO  server.RaftServerConfigKeys (ConfUtils.java:logGet(43)) - raft.server.log.appender.buffer.byte-limit = 33554432 (custom)
2019-09-19 10:44:01,505 [pool-38-thread-1] INFO  server.RaftServerConfigKeys (ConfUtils.java:logGet(43)) - raft.server.log.segment.size.max = 1048576 (custom)
2019-09-19 10:44:01,505 [pool-38-thread-1] INFO  server.RaftServerConfigKeys (ConfUtils.java:logGet(43)) - raft.server.log.segment.cache.num.max = 2 (custom)
2019-09-19 10:44:01,506 [pool-38-thread-1] INFO  segmented.SegmentedRaftLogWorker (SegmentedRaftLogWorker.java:<init>(172)) - new ef60016b-37d8-4c81-9b85-999ba158dbb2-SegmentedRaftLogWorker:Storage Directory /workdir/hadoop-ozone/tools/target/test-dir/MiniOzoneClusterImpl-906ca9d4-12e2-4885-9d3d-2383beb6722b/datanode-1/data/ratis/51c6c04e-aacb-4e82-ac56-7cea97ab298a for RaftStorage:Storage Directory /workdir/hadoop-ozone/tools/target/test-dir/MiniOzoneClusterImpl-906ca9d4-12e2-4885-9d3d-2383beb6722b/datanode-1/data/ratis/51c6c04e-aacb-4e82-ac56-7cea97ab298a
2019-09-19 10:44:01,506 [pool-38-thread-1] INFO  server.RaftServerConfigKeys (ConfUtils.java:logGet(43)) - raft.server.log.queue.byte-limit = 2147483647 (custom)
2019-09-19 10:44:01,506 [pool-38-thread-1] INFO  server.RaftServerConfigKeys (ConfUtils.java:logGet(43)) - raft.server.log.queue.element-limit = 1024 (custom)
2019-09-19 10:44:01,506 [pool-38-thread-1] INFO  server.RaftServerConfigKeys (ConfUtils.java:logGet(43)) - raft.server.log.segment.size.max = 1048576 (custom)
2019-09-19 10:44:01,506 [pool-38-thread-1] INFO  server.RaftServerConfigKeys (ConfUtils.java:logGet(43)) - raft.server.log.preallocated.size = 16384 (custom)
2019-09-19 10:44:01,507 [pool-38-thread-1] INFO  server.RaftServerConfigKeys (ConfUtils.java:logGet(43)) - raft.server.log.write.buffer.size = 33554432 (custom)
2019-09-19 10:44:01,507 [pool-38-thread-1] INFO  server.RaftServerConfigKeys (ConfUtils.java:logGet(43)) - raft.server.log.force.sync.num = 128 (default)
2019-09-19 10:44:01,507 [pool-38-thread-1] INFO  server.RaftServerConfigKeys (ConfUtils.java:logGet(43)) - raft.server.log.statemachine.data.sync = true (default)
2019-09-19 10:44:01,507 [pool-38-thread-1] INFO  server.RaftServerConfigKeys (ConfUtils.java:logGet(43)) - raft.server.log.statemachine.data.sync.timeout = 10s (default)
2019-09-19 10:44:01,507 [pool-38-thread-1] INFO  server.RaftServerConfigKeys (ConfUtils.java:logGet(43)) - raft.server.log.statemachine.data.sync.timeout.retry = -1 (default)
2019-09-19 10:44:01,508 [pool-38-thread-1] INFO  server.RaftServerConfigKeys (ConfUtils.java:logGet(43)) - raft.server.log.statemachine.data.caching.enabled = true (custom)
2019-09-19 10:44:01,508 [pool-38-thread-1] INFO  segmented.SegmentedRaftLogWorker (SegmentedRaftLogWorker.java:lambda$new$0(132)) - ef60016b-37d8-4c81-9b85-999ba158dbb2-SegmentedRaftLogWorker:Storage Directory /workdir/hadoop-ozone/tools/target/test-dir/MiniOzoneClusterImpl-906ca9d4-12e2-4885-9d3d-2383beb6722b/datanode-1/data/ratis/51c6c04e-aacb-4e82-ac56-7cea97ab298a: flushIndex: setUnconditionally 0 -> -1
2019-09-19 10:44:01,508 [pool-38-thread-1] INFO  server.RaftServerConfigKeys (ConfUtils.java:logGet(43)) - raft.server.snapshot.auto.trigger.enabled = true (custom)
2019-09-19 10:44:01,509 [pool-38-thread-1] INFO  server.RaftServerConfigKeys (ConfUtils.java:logGet(43)) - raft.server.snapshot.auto.trigger.threshold = 10000 (custom)
2019-09-19 10:44:01,509 [pool-38-thread-1] INFO  server.RaftServerConfigKeys (ConfUtils.java:logGet(43)) - raft.server.retrycache.expirytime = 600000ms (custom)
2019-09-19 10:44:01,509 [pool-38-thread-1] INFO  impl.RaftServerImpl (RaftServerImpl.java:start(180)) - ef60016b-37d8-4c81-9b85-999ba158dbb2: start group-7CEA97AB298A
2019-09-19 10:44:01,509 [pool-38-thread-1] INFO  impl.RaftServerImpl (RaftServerImpl.java:setRole(171)) - ef60016b-37d8-4c81-9b85-999ba158dbb2:group-7CEA97AB298A changes role from null to FOLLOWER at term 0 for startAsFollower
2019-09-19 10:44:01,509 [pool-38-thread-1] INFO  impl.RoleInfo (RoleInfo.java:updateAndGet(143)) - ef60016b-37d8-4c81-9b85-999ba158dbb2: start FollowerState
2019-09-19 10:44:01,510 [pool-38-thread-1] INFO  util.JmxRegister (JmxRegister.java:tryRegister(44)) - Successfully registered JMX Bean with object name Ratis:service=RaftServer,group=group-7CEA97AB298A,id=ef60016b-37d8-4c81-9b85-999ba158dbb2
2019-09-19 10:44:01,518 [RatisPipelineUtilsThread] INFO  pipeline.PipelineStateManager (PipelineStateManager.java:addPipeline(56)) - Created pipeline Pipeline[ Id: 51c6c04e-aacb-4e82-ac56-7cea97ab298a, Nodes: ef60016b-37d8-4c81-9b85-999ba158dbb2{ip: 192.168.157.204, host: pr-hdds-1569-cpgw4-1311585219, networkLocation: /default-rack, certSerialId: null}, Type:RATIS, Factor:ONE, State:OPEN]
2019-09-19 10:44:01,530 [grpc-default-executor-0] INFO  impl.RaftServerProxy (RaftServerProxy.java:addNew(89)) - 85d03201-45ec-4202-b725-1ee58b28f685: addNew group-7D8C8E5E4DC2:[85d03201-45ec-4202-b725-1ee58b28f685:192.168.157.204:34005] returns group-7D8C8E5E4DC2:java.util.concurrent.CompletableFuture@5a3f49d9[Not completed]
2019-09-19 10:44:01,532 [pool-27-thread-1] INFO  impl.RaftServerImpl (RaftServerImpl.java:<init>(93)) - 85d03201-45ec-4202-b725-1ee58b28f685: new RaftServerImpl for group-7D8C8E5E4DC2:[85d03201-45ec-4202-b725-1ee58b28f685:192.168.157.204:34005] with ContainerStateMachine:uninitialized
2019-09-19 10:44:01,532 [pool-27-thread-1] INFO  server.RaftServerConfigKeys (ConfUtils.java:logGet(43)) - raft.server.rpc.timeout.min = 5s (custom)
2019-09-19 10:44:01,533 [pool-27-thread-1] INFO  server.RaftServerConfigKeys (ConfUtils.java:logGet(43)) - raft.server.rpc.timeout.max = 5200ms (custom)
2019-09-19 10:44:01,533 [pool-27-thread-1] INFO  server.RaftServerConfigKeys (ConfUtils.java:logGet(43)) - raft.server.rpcslowness.timeout = 120s (custom)
2019-09-19 10:44:01,533 [pool-27-thread-1] INFO  server.RaftServerConfigKeys (ConfUtils.java:logGet(43)) - raft.server.sleep.deviation.threshold = 300 (default)
2019-09-19 10:44:01,533 [pool-27-thread-1] INFO  server.RaftServerConfigKeys (ConfUtils.java:logGet(43)) - raft.server.log.appender.install.snapshot.enabled = false (custom)
2019-09-19 10:44:01,533 [pool-27-thread-1] INFO  impl.RaftServerImpl (ServerState.java:<init>(105)) - 85d03201-45ec-4202-b725-1ee58b28f685:group-7D8C8E5E4DC2 ConfigurationManager, init=-1: [85d03201-45ec-4202-b725-1ee58b28f685:192.168.157.204:34005], old=null, confs=<EMPTY_MAP>
2019-09-19 10:44:01,533 [pool-27-thread-1] INFO  server.RaftServerConfigKeys (ConfUtils.java:logGet(43)) - raft.server.storage.dir = [/workdir/hadoop-ozone/tools/target/test-dir/MiniOzoneClusterImpl-906ca9d4-12e2-4885-9d3d-2383beb6722b/datanode-0/data/ratis] (custom)
2019-09-19 10:44:01,534 [pool-27-thread-1] INFO  storage.RaftStorageDirectory (RaftStorageDirectory.java:analyzeStorage(246)) - The storage directory /workdir/hadoop-ozone/tools/target/test-dir/MiniOzoneClusterImpl-906ca9d4-12e2-4885-9d3d-2383beb6722b/datanode-0/data/ratis/f614bfb5-a27e-4388-a396-7d8c8e5e4dc2 does not exist. Creating ...
2019-09-19 10:44:01,547 [pool-27-thread-1] INFO  storage.RaftStorageDirectory (RaftStorageDirectory.java:tryLock(328)) - Lock on /workdir/hadoop-ozone/tools/target/test-dir/MiniOzoneClusterImpl-906ca9d4-12e2-4885-9d3d-2383beb6722b/datanode-0/data/ratis/f614bfb5-a27e-4388-a396-7d8c8e5e4dc2/in_use.lock acquired by nodename 18272@pr-hdds-1569-cpgw4-1311585219
2019-09-19 10:44:01,560 [pool-27-thread-1] INFO  storage.RaftStorage (RaftStorage.java:format(72)) - Storage directory /workdir/hadoop-ozone/tools/target/test-dir/MiniOzoneClusterImpl-906ca9d4-12e2-4885-9d3d-2383beb6722b/datanode-0/data/ratis/f614bfb5-a27e-4388-a396-7d8c8e5e4dc2 has been successfully formatted.
2019-09-19 10:44:01,560 [pool-27-thread-1] INFO  ratis.ContainerStateMachine (ContainerStateMachine.java:loadSnapshot(226)) - group-7D8C8E5E4DC2: The snapshot info is null. Setting the last applied indexto:(t:0, i:~)
2019-09-19 10:44:01,560 [pool-27-thread-1] INFO  server.RaftServerConfigKeys (ConfUtils.java:logGet(43)) - raft.server.leader.election.timeout = 120s (custom)
2019-09-19 10:44:01,560 [pool-27-thread-1] INFO  server.RaftServerConfigKeys (ConfUtils.java:logGet(43)) - raft.server.log.use.memory = false (default)
2019-09-19 10:44:01,560 [pool-27-thread-1] INFO  server.RaftServerConfigKeys (ConfUtils.java:logGet(43)) - raft.server.log.purge.gap = 1000000 (custom)
2019-09-19 10:44:01,561 [pool-27-thread-1] INFO  server.RaftServerConfigKeys (ConfUtils.java:logGet(43)) - raft.server.log.appender.buffer.byte-limit = 33554432 (custom)
2019-09-19 10:44:01,561 [pool-27-thread-1] INFO  server.RaftServerConfigKeys (ConfUtils.java:logGet(43)) - raft.server.log.segment.size.max = 1048576 (custom)
2019-09-19 10:44:01,561 [pool-27-thread-1] INFO  server.RaftServerConfigKeys (ConfUtils.java:logGet(43)) - raft.server.log.segment.cache.num.max = 2 (custom)
2019-09-19 10:44:01,561 [pool-27-thread-1] INFO  segmented.SegmentedRaftLogWorker (SegmentedRaftLogWorker.java:<init>(172)) - new 85d03201-45ec-4202-b725-1ee58b28f685-SegmentedRaftLogWorker:Storage Directory /workdir/hadoop-ozone/tools/target/test-dir/MiniOzoneClusterImpl-906ca9d4-12e2-4885-9d3d-2383beb6722b/datanode-0/data/ratis/f614bfb5-a27e-4388-a396-7d8c8e5e4dc2 for RaftStorage:Storage Directory /workdir/hadoop-ozone/tools/target/test-dir/MiniOzoneClusterImpl-906ca9d4-12e2-4885-9d3d-2383beb6722b/datanode-0/data/ratis/f614bfb5-a27e-4388-a396-7d8c8e5e4dc2
2019-09-19 10:44:01,561 [pool-27-thread-1] INFO  server.RaftServerConfigKeys (ConfUtils.java:logGet(43)) - raft.server.log.queue.byte-limit = 2147483647 (custom)
2019-09-19 10:44:01,562 [pool-27-thread-1] INFO  server.RaftServerConfigKeys (ConfUtils.java:logGet(43)) - raft.server.log.queue.element-limit = 1024 (custom)
2019-09-19 10:44:01,562 [pool-27-thread-1] INFO  server.RaftServerConfigKeys (ConfUtils.java:logGet(43)) - raft.server.log.segment.size.max = 1048576 (custom)
2019-09-19 10:44:01,562 [pool-27-thread-1] INFO  server.RaftServerConfigKeys (ConfUtils.java:logGet(43)) - raft.server.log.preallocated.size = 16384 (custom)
2019-09-19 10:44:01,562 [pool-27-thread-1] INFO  server.RaftServerConfigKeys (ConfUtils.java:logGet(43)) - raft.server.log.write.buffer.size = 33554432 (custom)
2019-09-19 10:44:01,562 [pool-27-thread-1] INFO  server.RaftServerConfigKeys (ConfUtils.java:logGet(43)) - raft.server.log.force.sync.num = 128 (default)
2019-09-19 10:44:01,562 [pool-27-thread-1] INFO  server.RaftServerConfigKeys (ConfUtils.java:logGet(43)) - raft.server.log.statemachine.data.sync = true (default)
2019-09-19 10:44:01,563 [pool-27-thread-1] INFO  server.RaftServerConfigKeys (ConfUtils.java:logGet(43)) - raft.server.log.statemachine.data.sync.timeout = 10s (default)
2019-09-19 10:44:01,563 [pool-27-thread-1] INFO  server.RaftServerConfigKeys (ConfUtils.java:logGet(43)) - raft.server.log.statemachine.data.sync.timeout.retry = -1 (default)
2019-09-19 10:44:01,563 [pool-27-thread-1] INFO  server.RaftServerConfigKeys (ConfUtils.java:logGet(43)) - raft.server.log.statemachine.data.caching.enabled = true (custom)
2019-09-19 10:44:01,563 [pool-27-thread-1] INFO  segmented.SegmentedRaftLogWorker (SegmentedRaftLogWorker.java:lambda$new$0(132)) - 85d03201-45ec-4202-b725-1ee58b28f685-SegmentedRaftLogWorker:Storage Directory /workdir/hadoop-ozone/tools/target/test-dir/MiniOzoneClusterImpl-906ca9d4-12e2-4885-9d3d-2383beb6722b/datanode-0/data/ratis/f614bfb5-a27e-4388-a396-7d8c8e5e4dc2: flushIndex: setUnconditionally 0 -> -1
2019-09-19 10:44:01,564 [pool-27-thread-1] INFO  server.RaftServerConfigKeys (ConfUtils.java:logGet(43)) - raft.server.snapshot.auto.trigger.enabled = true (custom)
2019-09-19 10:44:01,564 [pool-27-thread-1] INFO  server.RaftServerConfigKeys (ConfUtils.java:logGet(43)) - raft.server.snapshot.auto.trigger.threshold = 10000 (custom)
2019-09-19 10:44:01,564 [pool-27-thread-1] INFO  server.RaftServerConfigKeys (ConfUtils.java:logGet(43)) - raft.server.retrycache.expirytime = 600000ms (custom)
2019-09-19 10:44:01,564 [pool-27-thread-1] INFO  impl.RaftServerImpl (RaftServerImpl.java:start(180)) - 85d03201-45ec-4202-b725-1ee58b28f685: start group-7D8C8E5E4DC2
2019-09-19 10:44:01,565 [pool-27-thread-1] INFO  impl.RaftServerImpl (RaftServerImpl.java:setRole(171)) - 85d03201-45ec-4202-b725-1ee58b28f685:group-7D8C8E5E4DC2 changes role from null to FOLLOWER at term 0 for startAsFollower
2019-09-19 10:44:01,565 [pool-27-thread-1] INFO  impl.RoleInfo (RoleInfo.java:updateAndGet(143)) - 85d03201-45ec-4202-b725-1ee58b28f685: start FollowerState
2019-09-19 10:44:01,565 [pool-27-thread-1] INFO  util.JmxRegister (JmxRegister.java:tryRegister(44)) - Successfully registered JMX Bean with object name Ratis:service=RaftServer,group=group-7D8C8E5E4DC2,id=85d03201-45ec-4202-b725-1ee58b28f685
2019-09-19 10:44:01,576 [RatisPipelineUtilsThread] INFO  pipeline.PipelineStateManager (PipelineStateManager.java:addPipeline(56)) - Created pipeline Pipeline[ Id: f614bfb5-a27e-4388-a396-7d8c8e5e4dc2, Nodes: 85d03201-45ec-4202-b725-1ee58b28f685{ip: 192.168.157.204, host: pr-hdds-1569-cpgw4-1311585219, networkLocation: /default-rack, certSerialId: null}, Type:RATIS, Factor:ONE, State:OPEN]
2019-09-19 10:44:01,591 [grpc-default-executor-0] INFO  impl.RaftServerProxy (RaftServerProxy.java:addNew(89)) - ef60016b-37d8-4c81-9b85-999ba158dbb2: addNew group-C4F3F4E1C43D:[ef60016b-37d8-4c81-9b85-999ba158dbb2:192.168.157.204:33362] returns group-C4F3F4E1C43D:java.util.concurrent.CompletableFuture@47b5050b[Not completed]
2019-09-19 10:44:01,593 [pool-38-thread-1] INFO  impl.RaftServerImpl (RaftServerImpl.java:<init>(93)) - ef60016b-37d8-4c81-9b85-999ba158dbb2: new RaftServerImpl for group-C4F3F4E1C43D:[ef60016b-37d8-4c81-9b85-999ba158dbb2:192.168.157.204:33362] with ContainerStateMachine:uninitialized
2019-09-19 10:44:01,593 [pool-38-thread-1] INFO  server.RaftServerConfigKeys (ConfUtils.java:logGet(43)) - raft.server.rpc.timeout.min = 5s (custom)
2019-09-19 10:44:01,593 [pool-38-thread-1] INFO  server.RaftServerConfigKeys (ConfUtils.java:logGet(43)) - raft.server.rpc.timeout.max = 5200ms (custom)
2019-09-19 10:44:01,593 [pool-38-thread-1] INFO  server.RaftServerConfigKeys (ConfUtils.java:logGet(43)) - raft.server.rpcslowness.timeout = 120s (custom)
2019-09-19 10:44:01,593 [pool-38-thread-1] INFO  server.RaftServerConfigKeys (ConfUtils.java:logGet(43)) - raft.server.sleep.deviation.threshold = 300 (default)
2019-09-19 10:44:01,593 [pool-38-thread-1] INFO  server.RaftServerConfigKeys (ConfUtils.java:logGet(43)) - raft.server.log.appender.install.snapshot.enabled = false (custom)
2019-09-19 10:44:01,594 [pool-38-thread-1] INFO  impl.RaftServerImpl (ServerState.java:<init>(105)) - ef60016b-37d8-4c81-9b85-999ba158dbb2:group-C4F3F4E1C43D ConfigurationManager, init=-1: [ef60016b-37d8-4c81-9b85-999ba158dbb2:192.168.157.204:33362], old=null, confs=<EMPTY_MAP>
2019-09-19 10:44:01,594 [pool-38-thread-1] INFO  server.RaftServerConfigKeys (ConfUtils.java:logGet(43)) - raft.server.storage.dir = [/workdir/hadoop-ozone/tools/target/test-dir/MiniOzoneClusterImpl-906ca9d4-12e2-4885-9d3d-2383beb6722b/datanode-1/data/ratis] (custom)
2019-09-19 10:44:01,594 [pool-38-thread-1] INFO  storage.RaftStorageDirectory (RaftStorageDirectory.java:analyzeStorage(246)) - The storage directory /workdir/hadoop-ozone/tools/target/test-dir/MiniOzoneClusterImpl-906ca9d4-12e2-4885-9d3d-2383beb6722b/datanode-1/data/ratis/0bbef6e3-a704-4a49-b821-c4f3f4e1c43d does not exist. Creating ...
2019-09-19 10:44:01,607 [pool-38-thread-1] INFO  storage.RaftStorageDirectory (RaftStorageDirectory.java:tryLock(328)) - Lock on /workdir/hadoop-ozone/tools/target/test-dir/MiniOzoneClusterImpl-906ca9d4-12e2-4885-9d3d-2383beb6722b/datanode-1/data/ratis/0bbef6e3-a704-4a49-b821-c4f3f4e1c43d/in_use.lock acquired by nodename 18272@pr-hdds-1569-cpgw4-1311585219
2019-09-19 10:44:01,620 [pool-38-thread-1] INFO  storage.RaftStorage (RaftStorage.java:format(72)) - Storage directory /workdir/hadoop-ozone/tools/target/test-dir/MiniOzoneClusterImpl-906ca9d4-12e2-4885-9d3d-2383beb6722b/datanode-1/data/ratis/0bbef6e3-a704-4a49-b821-c4f3f4e1c43d has been successfully formatted.
2019-09-19 10:44:01,621 [pool-38-thread-1] INFO  ratis.ContainerStateMachine (ContainerStateMachine.java:loadSnapshot(226)) - group-C4F3F4E1C43D: The snapshot info is null. Setting the last applied indexto:(t:0, i:~)
2019-09-19 10:44:01,621 [pool-38-thread-1] INFO  server.RaftServerConfigKeys (ConfUtils.java:logGet(43)) - raft.server.leader.election.timeout = 120s (custom)
2019-09-19 10:44:01,621 [pool-38-thread-1] INFO  server.RaftServerConfigKeys (ConfUtils.java:logGet(43)) - raft.server.log.use.memory = false (default)
2019-09-19 10:44:01,621 [pool-38-thread-1] INFO  server.RaftServerConfigKeys (ConfUtils.java:logGet(43)) - raft.server.log.purge.gap = 1000000 (custom)
2019-09-19 10:44:01,622 [pool-38-thread-1] INFO  server.RaftServerConfigKeys (ConfUtils.java:logGet(43)) - raft.server.log.appender.buffer.byte-limit = 33554432 (custom)
2019-09-19 10:44:01,622 [pool-38-thread-1] INFO  server.RaftServerConfigKeys (ConfUtils.java:logGet(43)) - raft.server.log.segment.size.max = 1048576 (custom)
2019-09-19 10:44:01,622 [pool-38-thread-1] INFO  server.RaftServerConfigKeys (ConfUtils.java:logGet(43)) - raft.server.log.segment.cache.num.max = 2 (custom)
2019-09-19 10:44:01,622 [pool-38-thread-1] INFO  segmented.SegmentedRaftLogWorker (SegmentedRaftLogWorker.java:<init>(172)) - new ef60016b-37d8-4c81-9b85-999ba158dbb2-SegmentedRaftLogWorker:Storage Directory /workdir/hadoop-ozone/tools/target/test-dir/MiniOzoneClusterImpl-906ca9d4-12e2-4885-9d3d-2383beb6722b/datanode-1/data/ratis/0bbef6e3-a704-4a49-b821-c4f3f4e1c43d for RaftStorage:Storage Directory /workdir/hadoop-ozone/tools/target/test-dir/MiniOzoneClusterImpl-906ca9d4-12e2-4885-9d3d-2383beb6722b/datanode-1/data/ratis/0bbef6e3-a704-4a49-b821-c4f3f4e1c43d
2019-09-19 10:44:01,622 [pool-38-thread-1] INFO  server.RaftServerConfigKeys (ConfUtils.java:logGet(43)) - raft.server.log.queue.byte-limit = 2147483647 (custom)
2019-09-19 10:44:01,622 [pool-38-thread-1] INFO  server.RaftServerConfigKeys (ConfUtils.java:logGet(43)) - raft.server.log.queue.element-limit = 1024 (custom)
2019-09-19 10:44:01,623 [pool-38-thread-1] INFO  server.RaftServerConfigKeys (ConfUtils.java:logGet(43)) - raft.server.log.segment.size.max = 1048576 (custom)
2019-09-19 10:44:01,623 [pool-38-thread-1] INFO  server.RaftServerConfigKeys (ConfUtils.java:logGet(43)) - raft.server.log.preallocated.size = 16384 (custom)
2019-09-19 10:44:01,623 [pool-38-thread-1] INFO  server.RaftServerConfigKeys (ConfUtils.java:logGet(43)) - raft.server.log.write.buffer.size = 33554432 (custom)
2019-09-19 10:44:01,623 [pool-38-thread-1] INFO  server.RaftServerConfigKeys (ConfUtils.java:logGet(43)) - raft.server.log.force.sync.num = 128 (default)
2019-09-19 10:44:01,623 [pool-38-thread-1] INFO  server.RaftServerConfigKeys (ConfUtils.java:logGet(43)) - raft.server.log.statemachine.data.sync = true (default)
2019-09-19 10:44:01,623 [pool-38-thread-1] INFO  server.RaftServerConfigKeys (ConfUtils.java:logGet(43)) - raft.server.log.statemachine.data.sync.timeout = 10s (default)
2019-09-19 10:44:01,624 [pool-38-thread-1] INFO  server.RaftServerConfigKeys (ConfUtils.java:logGet(43)) - raft.server.log.statemachine.data.sync.timeout.retry = -1 (default)
2019-09-19 10:44:01,624 [pool-38-thread-1] INFO  server.RaftServerConfigKeys (ConfUtils.java:logGet(43)) - raft.server.log.statemachine.data.caching.enabled = true (custom)
2019-09-19 10:44:01,624 [pool-38-thread-1] INFO  segmented.SegmentedRaftLogWorker (SegmentedRaftLogWorker.java:lambda$new$0(132)) - ef60016b-37d8-4c81-9b85-999ba158dbb2-SegmentedRaftLogWorker:Storage Directory /workdir/hadoop-ozone/tools/target/test-dir/MiniOzoneClusterImpl-906ca9d4-12e2-4885-9d3d-2383beb6722b/datanode-1/data/ratis/0bbef6e3-a704-4a49-b821-c4f3f4e1c43d: flushIndex: setUnconditionally 0 -> -1
2019-09-19 10:44:01,624 [pool-38-thread-1] INFO  server.RaftServerConfigKeys (ConfUtils.java:logGet(43)) - raft.server.snapshot.auto.trigger.enabled = true (custom)
2019-09-19 10:44:01,625 [pool-38-thread-1] INFO  server.RaftServerConfigKeys (ConfUtils.java:logGet(43)) - raft.server.snapshot.auto.trigger.threshold = 10000 (custom)
2019-09-19 10:44:01,625 [pool-38-thread-1] INFO  server.RaftServerConfigKeys (ConfUtils.java:logGet(43)) - raft.server.retrycache.expirytime = 600000ms (custom)
2019-09-19 10:44:01,625 [pool-38-thread-1] INFO  impl.RaftServerImpl (RaftServerImpl.java:start(180)) - ef60016b-37d8-4c81-9b85-999ba158dbb2: start group-C4F3F4E1C43D
2019-09-19 10:44:01,625 [pool-38-thread-1] INFO  impl.RaftServerImpl (RaftServerImpl.java:setRole(171)) - ef60016b-37d8-4c81-9b85-999ba158dbb2:group-C4F3F4E1C43D changes role from null to FOLLOWER at term 0 for startAsFollower
2019-09-19 10:44:01,625 [pool-38-thread-1] INFO  impl.RoleInfo (RoleInfo.java:updateAndGet(143)) - ef60016b-37d8-4c81-9b85-999ba158dbb2: start FollowerState
2019-09-19 10:44:01,626 [pool-38-thread-1] INFO  util.JmxRegister (JmxRegister.java:tryRegister(44)) - Successfully registered JMX Bean with object name Ratis:service=RaftServer,group=group-C4F3F4E1C43D,id=ef60016b-37d8-4c81-9b85-999ba158dbb2
2019-09-19 10:44:01,634 [RatisPipelineUtilsThread] INFO  pipeline.PipelineStateManager (PipelineStateManager.java:addPipeline(56)) - Created pipeline Pipeline[ Id: 0bbef6e3-a704-4a49-b821-c4f3f4e1c43d, Nodes: ef60016b-37d8-4c81-9b85-999ba158dbb2{ip: 192.168.157.204, host: pr-hdds-1569-cpgw4-1311585219, networkLocation: /default-rack, certSerialId: null}, Type:RATIS, Factor:ONE, State:OPEN]
2019-09-19 10:44:01,646 [grpc-default-executor-0] INFO  impl.RaftServerProxy (RaftServerProxy.java:addNew(89)) - ef60016b-37d8-4c81-9b85-999ba158dbb2: addNew group-BD53F5DDF546:[ef60016b-37d8-4c81-9b85-999ba158dbb2:192.168.157.204:33362] returns group-BD53F5DDF546:java.util.concurrent.CompletableFuture@638fc7e1[Not completed]
2019-09-19 10:44:01,647 [pool-38-thread-1] INFO  impl.RaftServerImpl (RaftServerImpl.java:<init>(93)) - ef60016b-37d8-4c81-9b85-999ba158dbb2: new RaftServerImpl for group-BD53F5DDF546:[ef60016b-37d8-4c81-9b85-999ba158dbb2:192.168.157.204:33362] with ContainerStateMachine:uninitialized
2019-09-19 10:44:01,648 [pool-38-thread-1] INFO  server.RaftServerConfigKeys (ConfUtils.java:logGet(43)) - raft.server.rpc.timeout.min = 5s (custom)
2019-09-19 10:44:01,648 [pool-38-thread-1] INFO  server.RaftServerConfigKeys (ConfUtils.java:logGet(43)) - raft.server.rpc.timeout.max = 5200ms (custom)
2019-09-19 10:44:01,648 [pool-38-thread-1] INFO  server.RaftServerConfigKeys (ConfUtils.java:logGet(43)) - raft.server.rpcslowness.timeout = 120s (custom)
2019-09-19 10:44:01,648 [pool-38-thread-1] INFO  server.RaftServerConfigKeys (ConfUtils.java:logGet(43)) - raft.server.sleep.deviation.threshold = 300 (default)
2019-09-19 10:44:01,648 [pool-38-thread-1] INFO  server.RaftServerConfigKeys (ConfUtils.java:logGet(43)) - raft.server.log.appender.install.snapshot.enabled = false (custom)
2019-09-19 10:44:01,648 [pool-38-thread-1] INFO  impl.RaftServerImpl (ServerState.java:<init>(105)) - ef60016b-37d8-4c81-9b85-999ba158dbb2:group-BD53F5DDF546 ConfigurationManager, init=-1: [ef60016b-37d8-4c81-9b85-999ba158dbb2:192.168.157.204:33362], old=null, confs=<EMPTY_MAP>
2019-09-19 10:44:01,649 [pool-38-thread-1] INFO  server.RaftServerConfigKeys (ConfUtils.java:logGet(43)) - raft.server.storage.dir = [/workdir/hadoop-ozone/tools/target/test-dir/MiniOzoneClusterImpl-906ca9d4-12e2-4885-9d3d-2383beb6722b/datanode-1/data/ratis] (custom)
2019-09-19 10:44:01,649 [pool-38-thread-1] INFO  storage.RaftStorageDirectory (RaftStorageDirectory.java:analyzeStorage(246)) - The storage directory /workdir/hadoop-ozone/tools/target/test-dir/MiniOzoneClusterImpl-906ca9d4-12e2-4885-9d3d-2383beb6722b/datanode-1/data/ratis/16b3d896-90d6-454b-8acf-bd53f5ddf546 does not exist. Creating ...
2019-09-19 10:44:01,662 [pool-38-thread-1] INFO  storage.RaftStorageDirectory (RaftStorageDirectory.java:tryLock(328)) - Lock on /workdir/hadoop-ozone/tools/target/test-dir/MiniOzoneClusterImpl-906ca9d4-12e2-4885-9d3d-2383beb6722b/datanode-1/data/ratis/16b3d896-90d6-454b-8acf-bd53f5ddf546/in_use.lock acquired by nodename 18272@pr-hdds-1569-cpgw4-1311585219
2019-09-19 10:44:01,683 [pool-38-thread-1] INFO  storage.RaftStorage (RaftStorage.java:format(72)) - Storage directory /workdir/hadoop-ozone/tools/target/test-dir/MiniOzoneClusterImpl-906ca9d4-12e2-4885-9d3d-2383beb6722b/datanode-1/data/ratis/16b3d896-90d6-454b-8acf-bd53f5ddf546 has been successfully formatted.
2019-09-19 10:44:01,683 [pool-38-thread-1] INFO  ratis.ContainerStateMachine (ContainerStateMachine.java:loadSnapshot(226)) - group-BD53F5DDF546: The snapshot info is null. Setting the last applied indexto:(t:0, i:~)
2019-09-19 10:44:01,683 [pool-38-thread-1] INFO  server.RaftServerConfigKeys (ConfUtils.java:logGet(43)) - raft.server.leader.election.timeout = 120s (custom)
2019-09-19 10:44:01,683 [pool-38-thread-1] INFO  server.RaftServerConfigKeys (ConfUtils.java:logGet(43)) - raft.server.log.use.memory = false (default)
2019-09-19 10:44:01,684 [pool-38-thread-1] INFO  server.RaftServerConfigKeys (ConfUtils.java:logGet(43)) - raft.server.log.purge.gap = 1000000 (custom)
2019-09-19 10:44:01,684 [pool-38-thread-1] INFO  server.RaftServerConfigKeys (ConfUtils.java:logGet(43)) - raft.server.log.appender.buffer.byte-limit = 33554432 (custom)
2019-09-19 10:44:01,684 [pool-38-thread-1] INFO  server.RaftServerConfigKeys (ConfUtils.java:logGet(43)) - raft.server.log.segment.size.max = 1048576 (custom)
2019-09-19 10:44:01,684 [pool-38-thread-1] INFO  server.RaftServerConfigKeys (ConfUtils.java:logGet(43)) - raft.server.log.segment.cache.num.max = 2 (custom)
2019-09-19 10:44:01,684 [pool-38-thread-1] INFO  segmented.SegmentedRaftLogWorker (SegmentedRaftLogWorker.java:<init>(172)) - new ef60016b-37d8-4c81-9b85-999ba158dbb2-SegmentedRaftLogWorker:Storage Directory /workdir/hadoop-ozone/tools/target/test-dir/MiniOzoneClusterImpl-906ca9d4-12e2-4885-9d3d-2383beb6722b/datanode-1/data/ratis/16b3d896-90d6-454b-8acf-bd53f5ddf546 for RaftStorage:Storage Directory /workdir/hadoop-ozone/tools/target/test-dir/MiniOzoneClusterImpl-906ca9d4-12e2-4885-9d3d-2383beb6722b/datanode-1/data/ratis/16b3d896-90d6-454b-8acf-bd53f5ddf546
2019-09-19 10:44:01,684 [pool-38-thread-1] INFO  server.RaftServerConfigKeys (ConfUtils.java:logGet(43)) - raft.server.log.queue.byte-limit = 2147483647 (custom)
2019-09-19 10:44:01,685 [pool-38-thread-1] INFO  server.RaftServerConfigKeys (ConfUtils.java:logGet(43)) - raft.server.log.queue.element-limit = 1024 (custom)
2019-09-19 10:44:01,685 [pool-38-thread-1] INFO  server.RaftServerConfigKeys (ConfUtils.java:logGet(43)) - raft.server.log.segment.size.max = 1048576 (custom)
2019-09-19 10:44:01,685 [pool-38-thread-1] INFO  server.RaftServerConfigKeys (ConfUtils.java:logGet(43)) - raft.server.log.preallocated.size = 16384 (custom)
2019-09-19 10:44:01,685 [pool-38-thread-1] INFO  server.RaftServerConfigKeys (ConfUtils.java:logGet(43)) - raft.server.log.write.buffer.size = 33554432 (custom)
2019-09-19 10:44:01,685 [pool-38-thread-1] INFO  server.RaftServerConfigKeys (ConfUtils.java:logGet(43)) - raft.server.log.force.sync.num = 128 (default)
2019-09-19 10:44:01,685 [pool-38-thread-1] INFO  server.RaftServerConfigKeys (ConfUtils.java:logGet(43)) - raft.server.log.statemachine.data.sync = true (default)
2019-09-19 10:44:01,686 [pool-38-thread-1] INFO  server.RaftServerConfigKeys (ConfUtils.java:logGet(43)) - raft.server.log.statemachine.data.sync.timeout = 10s (default)
2019-09-19 10:44:01,686 [pool-38-thread-1] INFO  server.RaftServerConfigKeys (ConfUtils.java:logGet(43)) - raft.server.log.statemachine.data.sync.timeout.retry = -1 (default)
2019-09-19 10:44:01,686 [pool-38-thread-1] INFO  server.RaftServerConfigKeys (ConfUtils.java:logGet(43)) - raft.server.log.statemachine.data.caching.enabled = true (custom)
2019-09-19 10:44:01,686 [pool-38-thread-1] INFO  segmented.SegmentedRaftLogWorker (SegmentedRaftLogWorker.java:lambda$new$0(132)) - ef60016b-37d8-4c81-9b85-999ba158dbb2-SegmentedRaftLogWorker:Storage Directory /workdir/hadoop-ozone/tools/target/test-dir/MiniOzoneClusterImpl-906ca9d4-12e2-4885-9d3d-2383beb6722b/datanode-1/data/ratis/16b3d896-90d6-454b-8acf-bd53f5ddf546: flushIndex: setUnconditionally 0 -> -1
2019-09-19 10:44:01,687 [pool-38-thread-1] INFO  server.RaftServerConfigKeys (ConfUtils.java:logGet(43)) - raft.server.snapshot.auto.trigger.enabled = true (custom)
2019-09-19 10:44:01,687 [pool-38-thread-1] INFO  server.RaftServerConfigKeys (ConfUtils.java:logGet(43)) - raft.server.snapshot.auto.trigger.threshold = 10000 (custom)
2019-09-19 10:44:01,687 [pool-38-thread-1] INFO  server.RaftServerConfigKeys (ConfUtils.java:logGet(43)) - raft.server.retrycache.expirytime = 600000ms (custom)
2019-09-19 10:44:01,687 [pool-38-thread-1] INFO  impl.RaftServerImpl (RaftServerImpl.java:start(180)) - ef60016b-37d8-4c81-9b85-999ba158dbb2: start group-BD53F5DDF546
2019-09-19 10:44:01,687 [pool-38-thread-1] INFO  impl.RaftServerImpl (RaftServerImpl.java:setRole(171)) - ef60016b-37d8-4c81-9b85-999ba158dbb2:group-BD53F5DDF546 changes role from null to FOLLOWER at term 0 for startAsFollower
2019-09-19 10:44:01,688 [pool-38-thread-1] INFO  impl.RoleInfo (RoleInfo.java:updateAndGet(143)) - ef60016b-37d8-4c81-9b85-999ba158dbb2: start FollowerState
2019-09-19 10:44:01,688 [pool-38-thread-1] INFO  util.JmxRegister (JmxRegister.java:tryRegister(44)) - Successfully registered JMX Bean with object name Ratis:service=RaftServer,group=group-BD53F5DDF546,id=ef60016b-37d8-4c81-9b85-999ba158dbb2
2019-09-19 10:44:01,700 [RatisPipelineUtilsThread] INFO  pipeline.PipelineStateManager (PipelineStateManager.java:addPipeline(56)) - Created pipeline Pipeline[ Id: 16b3d896-90d6-454b-8acf-bd53f5ddf546, Nodes: ef60016b-37d8-4c81-9b85-999ba158dbb2{ip: 192.168.157.204, host: pr-hdds-1569-cpgw4-1311585219, networkLocation: /default-rack, certSerialId: null}, Type:RATIS, Factor:ONE, State:OPEN]
2019-09-19 10:44:01,731 [grpc-default-executor-0] INFO  impl.RaftServerProxy (RaftServerProxy.java:addNew(89)) - 85d03201-45ec-4202-b725-1ee58b28f685: addNew group-19BE61379F03:[85d03201-45ec-4202-b725-1ee58b28f685:192.168.157.204:34005] returns group-19BE61379F03:java.util.concurrent.CompletableFuture@bdf0926[Not completed]
2019-09-19 10:44:01,733 [pool-27-thread-1] INFO  impl.RaftServerImpl (RaftServerImpl.java:<init>(93)) - 85d03201-45ec-4202-b725-1ee58b28f685: new RaftServerImpl for group-19BE61379F03:[85d03201-45ec-4202-b725-1ee58b28f685:192.168.157.204:34005] with ContainerStateMachine:uninitialized
2019-09-19 10:44:01,733 [pool-27-thread-1] INFO  server.RaftServerConfigKeys (ConfUtils.java:logGet(43)) - raft.server.rpc.timeout.min = 5s (custom)
2019-09-19 10:44:01,734 [pool-27-thread-1] INFO  server.RaftServerConfigKeys (ConfUtils.java:logGet(43)) - raft.server.rpc.timeout.max = 5200ms (custom)
2019-09-19 10:44:01,734 [pool-27-thread-1] INFO  server.RaftServerConfigKeys (ConfUtils.java:logGet(43)) - raft.server.rpcslowness.timeout = 120s (custom)
2019-09-19 10:44:01,734 | INFO  | SCMAudit | user=jenkins1000 | ip=192.168.157.204 | op=SEND_HEARTBEAT {datanodeUUID=85d03201-45ec-4202-b725-1ee58b28f685, command=[]} | ret=SUCCESS |  
2019-09-19 10:44:01,734 [pool-27-thread-1] INFO  server.RaftServerConfigKeys (ConfUtils.java:logGet(43)) - raft.server.sleep.deviation.threshold = 300 (default)
2019-09-19 10:44:01,734 [pool-27-thread-1] INFO  server.RaftServerConfigKeys (ConfUtils.java:logGet(43)) - raft.server.log.appender.install.snapshot.enabled = false (custom)
2019-09-19 10:44:01,734 [pool-27-thread-1] INFO  impl.RaftServerImpl (ServerState.java:<init>(105)) - 85d03201-45ec-4202-b725-1ee58b28f685:group-19BE61379F03 ConfigurationManager, init=-1: [85d03201-45ec-4202-b725-1ee58b28f685:192.168.157.204:34005], old=null, confs=<EMPTY_MAP>
2019-09-19 10:44:01,735 [pool-27-thread-1] INFO  server.RaftServerConfigKeys (ConfUtils.java:logGet(43)) - raft.server.storage.dir = [/workdir/hadoop-ozone/tools/target/test-dir/MiniOzoneClusterImpl-906ca9d4-12e2-4885-9d3d-2383beb6722b/datanode-0/data/ratis] (custom)
2019-09-19 10:44:01,735 [pool-27-thread-1] INFO  storage.RaftStorageDirectory (RaftStorageDirectory.java:analyzeStorage(246)) - The storage directory /workdir/hadoop-ozone/tools/target/test-dir/MiniOzoneClusterImpl-906ca9d4-12e2-4885-9d3d-2383beb6722b/datanode-0/data/ratis/198e2a9d-b239-40e0-9120-19be61379f03 does not exist. Creating ...
2019-09-19 10:44:01,749 [pool-27-thread-1] INFO  storage.RaftStorageDirectory (RaftStorageDirectory.java:tryLock(328)) - Lock on /workdir/hadoop-ozone/tools/target/test-dir/MiniOzoneClusterImpl-906ca9d4-12e2-4885-9d3d-2383beb6722b/datanode-0/data/ratis/198e2a9d-b239-40e0-9120-19be61379f03/in_use.lock acquired by nodename 18272@pr-hdds-1569-cpgw4-1311585219
2019-09-19 10:44:01,762 [pool-27-thread-1] INFO  storage.RaftStorage (RaftStorage.java:format(72)) - Storage directory /workdir/hadoop-ozone/tools/target/test-dir/MiniOzoneClusterImpl-906ca9d4-12e2-4885-9d3d-2383beb6722b/datanode-0/data/ratis/198e2a9d-b239-40e0-9120-19be61379f03 has been successfully formatted.
2019-09-19 10:44:01,763 [pool-27-thread-1] INFO  ratis.ContainerStateMachine (ContainerStateMachine.java:loadSnapshot(226)) - group-19BE61379F03: The snapshot info is null. Setting the last applied indexto:(t:0, i:~)
2019-09-19 10:44:01,763 [pool-27-thread-1] INFO  server.RaftServerConfigKeys (ConfUtils.java:logGet(43)) - raft.server.leader.election.timeout = 120s (custom)
2019-09-19 10:44:01,763 [pool-27-thread-1] INFO  server.RaftServerConfigKeys (ConfUtils.java:logGet(43)) - raft.server.log.use.memory = false (default)
2019-09-19 10:44:01,763 [pool-27-thread-1] INFO  server.RaftServerConfigKeys (ConfUtils.java:logGet(43)) - raft.server.log.purge.gap = 1000000 (custom)
2019-09-19 10:44:01,763 [pool-27-thread-1] INFO  server.RaftServerConfigKeys (ConfUtils.java:logGet(43)) - raft.server.log.appender.buffer.byte-limit = 33554432 (custom)
2019-09-19 10:44:01,763 [pool-27-thread-1] INFO  server.RaftServerConfigKeys (ConfUtils.java:logGet(43)) - raft.server.log.segment.size.max = 1048576 (custom)
2019-09-19 10:44:01,764 [pool-27-thread-1] INFO  server.RaftServerConfigKeys (ConfUtils.java:logGet(43)) - raft.server.log.segment.cache.num.max = 2 (custom)
2019-09-19 10:44:01,764 [pool-27-thread-1] INFO  segmented.SegmentedRaftLogWorker (SegmentedRaftLogWorker.java:<init>(172)) - new 85d03201-45ec-4202-b725-1ee58b28f685-SegmentedRaftLogWorker:Storage Directory /workdir/hadoop-ozone/tools/target/test-dir/MiniOzoneClusterImpl-906ca9d4-12e2-4885-9d3d-2383beb6722b/datanode-0/data/ratis/198e2a9d-b239-40e0-9120-19be61379f03 for RaftStorage:Storage Directory /workdir/hadoop-ozone/tools/target/test-dir/MiniOzoneClusterImpl-906ca9d4-12e2-4885-9d3d-2383beb6722b/datanode-0/data/ratis/198e2a9d-b239-40e0-9120-19be61379f03
2019-09-19 10:44:01,764 [pool-27-thread-1] INFO  server.RaftServerConfigKeys (ConfUtils.java:logGet(43)) - raft.server.log.queue.byte-limit = 2147483647 (custom)
2019-09-19 10:44:01,764 [pool-27-thread-1] INFO  server.RaftServerConfigKeys (ConfUtils.java:logGet(43)) - raft.server.log.queue.element-limit = 1024 (custom)
2019-09-19 10:44:01,764 [pool-27-thread-1] INFO  server.RaftServerConfigKeys (ConfUtils.java:logGet(43)) - raft.server.log.segment.size.max = 1048576 (custom)
2019-09-19 10:44:01,764 [pool-27-thread-1] INFO  server.RaftServerConfigKeys (ConfUtils.java:logGet(43)) - raft.server.log.preallocated.size = 16384 (custom)
2019-09-19 10:44:01,764 [pool-27-thread-1] INFO  server.RaftServerConfigKeys (ConfUtils.java:logGet(43)) - raft.server.log.write.buffer.size = 33554432 (custom)
2019-09-19 10:44:01,765 [pool-27-thread-1] INFO  server.RaftServerConfigKeys (ConfUtils.java:logGet(43)) - raft.server.log.force.sync.num = 128 (default)
2019-09-19 10:44:01,765 [pool-27-thread-1] INFO  server.RaftServerConfigKeys (ConfUtils.java:logGet(43)) - raft.server.log.statemachine.data.sync = true (default)
2019-09-19 10:44:01,765 [pool-27-thread-1] INFO  server.RaftServerConfigKeys (ConfUtils.java:logGet(43)) - raft.server.log.statemachine.data.sync.timeout = 10s (default)
2019-09-19 10:44:01,765 [pool-27-thread-1] INFO  server.RaftServerConfigKeys (ConfUtils.java:logGet(43)) - raft.server.log.statemachine.data.sync.timeout.retry = -1 (default)
2019-09-19 10:44:01,766 [pool-27-thread-1] INFO  server.RaftServerConfigKeys (ConfUtils.java:logGet(43)) - raft.server.log.statemachine.data.caching.enabled = true (custom)
2019-09-19 10:44:01,766 [pool-27-thread-1] INFO  segmented.SegmentedRaftLogWorker (SegmentedRaftLogWorker.java:lambda$new$0(132)) - 85d03201-45ec-4202-b725-1ee58b28f685-SegmentedRaftLogWorker:Storage Directory /workdir/hadoop-ozone/tools/target/test-dir/MiniOzoneClusterImpl-906ca9d4-12e2-4885-9d3d-2383beb6722b/datanode-0/data/ratis/198e2a9d-b239-40e0-9120-19be61379f03: flushIndex: setUnconditionally 0 -> -1
2019-09-19 10:44:01,767 [pool-27-thread-1] INFO  server.RaftServerConfigKeys (ConfUtils.java:logGet(43)) - raft.server.snapshot.auto.trigger.enabled = true (custom)
2019-09-19 10:44:01,767 [pool-27-thread-1] INFO  server.RaftServerConfigKeys (ConfUtils.java:logGet(43)) - raft.server.snapshot.auto.trigger.threshold = 10000 (custom)
2019-09-19 10:44:01,767 [pool-27-thread-1] INFO  server.RaftServerConfigKeys (ConfUtils.java:logGet(43)) - raft.server.retrycache.expirytime = 600000ms (custom)
2019-09-19 10:44:01,767 [pool-27-thread-1] INFO  impl.RaftServerImpl (RaftServerImpl.java:start(180)) - 85d03201-45ec-4202-b725-1ee58b28f685: start group-19BE61379F03
2019-09-19 10:44:01,768 [pool-27-thread-1] INFO  impl.RaftServerImpl (RaftServerImpl.java:setRole(171)) - 85d03201-45ec-4202-b725-1ee58b28f685:group-19BE61379F03 changes role from null to FOLLOWER at term 0 for startAsFollower
2019-09-19 10:44:01,768 [pool-27-thread-1] INFO  impl.RoleInfo (RoleInfo.java:updateAndGet(143)) - 85d03201-45ec-4202-b725-1ee58b28f685: start FollowerState
2019-09-19 10:44:01,768 [pool-27-thread-1] INFO  util.JmxRegister (JmxRegister.java:tryRegister(44)) - Successfully registered JMX Bean with object name Ratis:service=RaftServer,group=group-19BE61379F03,id=85d03201-45ec-4202-b725-1ee58b28f685
2019-09-19 10:44:01,774 [RatisPipelineUtilsThread] INFO  pipeline.PipelineStateManager (PipelineStateManager.java:addPipeline(56)) - Created pipeline Pipeline[ Id: 198e2a9d-b239-40e0-9120-19be61379f03, Nodes: 85d03201-45ec-4202-b725-1ee58b28f685{ip: 192.168.157.204, host: pr-hdds-1569-cpgw4-1311585219, networkLocation: /default-rack, certSerialId: null}, Type:RATIS, Factor:ONE, State:OPEN]
2019-09-19 10:44:01,790 [grpc-default-executor-0] INFO  impl.RaftServerProxy (RaftServerProxy.java:addNew(89)) - e855218f-cb01-4dd8-a582-b24365f170a0: addNew group-828FF88F3F94:[e855218f-cb01-4dd8-a582-b24365f170a0:192.168.157.204:43344] returns group-828FF88F3F94:java.util.concurrent.CompletableFuture@5d8daef1[Not completed]
2019-09-19 10:44:01,793 [pool-49-thread-1] INFO  impl.RaftServerImpl (RaftServerImpl.java:<init>(93)) - e855218f-cb01-4dd8-a582-b24365f170a0: new RaftServerImpl for group-828FF88F3F94:[e855218f-cb01-4dd8-a582-b24365f170a0:192.168.157.204:43344] with ContainerStateMachine:uninitialized
2019-09-19 10:44:01,793 [pool-49-thread-1] INFO  server.RaftServerConfigKeys (ConfUtils.java:logGet(43)) - raft.server.rpc.timeout.min = 5s (custom)
2019-09-19 10:44:01,793 [pool-49-thread-1] INFO  server.RaftServerConfigKeys (ConfUtils.java:logGet(43)) - raft.server.rpc.timeout.max = 5200ms (custom)
2019-09-19 10:44:01,793 [pool-49-thread-1] INFO  server.RaftServerConfigKeys (ConfUtils.java:logGet(43)) - raft.server.rpcslowness.timeout = 120s (custom)
2019-09-19 10:44:01,793 [pool-49-thread-1] INFO  server.RaftServerConfigKeys (ConfUtils.java:logGet(43)) - raft.server.sleep.deviation.threshold = 300 (default)
2019-09-19 10:44:01,794 [pool-49-thread-1] INFO  server.RaftServerConfigKeys (ConfUtils.java:logGet(43)) - raft.server.log.appender.install.snapshot.enabled = false (custom)
2019-09-19 10:44:01,794 [pool-49-thread-1] INFO  impl.RaftServerImpl (ServerState.java:<init>(105)) - e855218f-cb01-4dd8-a582-b24365f170a0:group-828FF88F3F94 ConfigurationManager, init=-1: [e855218f-cb01-4dd8-a582-b24365f170a0:192.168.157.204:43344], old=null, confs=<EMPTY_MAP>
2019-09-19 10:44:01,794 [pool-49-thread-1] INFO  server.RaftServerConfigKeys (ConfUtils.java:logGet(43)) - raft.server.storage.dir = [/workdir/hadoop-ozone/tools/target/test-dir/MiniOzoneClusterImpl-906ca9d4-12e2-4885-9d3d-2383beb6722b/datanode-2/data/ratis] (custom)
2019-09-19 10:44:01,794 [pool-49-thread-1] INFO  storage.RaftStorageDirectory (RaftStorageDirectory.java:analyzeStorage(246)) - The storage directory /workdir/hadoop-ozone/tools/target/test-dir/MiniOzoneClusterImpl-906ca9d4-12e2-4885-9d3d-2383beb6722b/datanode-2/data/ratis/abbb4761-ae19-44fa-81ba-828ff88f3f94 does not exist. Creating ...
2019-09-19 10:44:01,807 [pool-49-thread-1] INFO  storage.RaftStorageDirectory (RaftStorageDirectory.java:tryLock(328)) - Lock on /workdir/hadoop-ozone/tools/target/test-dir/MiniOzoneClusterImpl-906ca9d4-12e2-4885-9d3d-2383beb6722b/datanode-2/data/ratis/abbb4761-ae19-44fa-81ba-828ff88f3f94/in_use.lock acquired by nodename 18272@pr-hdds-1569-cpgw4-1311585219
2019-09-19 10:44:01,821 [pool-49-thread-1] INFO  storage.RaftStorage (RaftStorage.java:format(72)) - Storage directory /workdir/hadoop-ozone/tools/target/test-dir/MiniOzoneClusterImpl-906ca9d4-12e2-4885-9d3d-2383beb6722b/datanode-2/data/ratis/abbb4761-ae19-44fa-81ba-828ff88f3f94 has been successfully formatted.
2019-09-19 10:44:01,821 [pool-49-thread-1] INFO  ratis.ContainerStateMachine (ContainerStateMachine.java:loadSnapshot(226)) - group-828FF88F3F94: The snapshot info is null. Setting the last applied indexto:(t:0, i:~)
2019-09-19 10:44:01,822 [pool-49-thread-1] INFO  server.RaftServerConfigKeys (ConfUtils.java:logGet(43)) - raft.server.leader.election.timeout = 120s (custom)
2019-09-19 10:44:01,822 [pool-49-thread-1] INFO  server.RaftServerConfigKeys (ConfUtils.java:logGet(43)) - raft.server.log.use.memory = false (default)
2019-09-19 10:44:01,822 [pool-49-thread-1] INFO  server.RaftServerConfigKeys (ConfUtils.java:logGet(43)) - raft.server.log.purge.gap = 1000000 (custom)
2019-09-19 10:44:01,822 [pool-49-thread-1] INFO  server.RaftServerConfigKeys (ConfUtils.java:logGet(43)) - raft.server.log.appender.buffer.byte-limit = 33554432 (custom)
2019-09-19 10:44:01,823 [pool-49-thread-1] INFO  server.RaftServerConfigKeys (ConfUtils.java:logGet(43)) - raft.server.log.segment.size.max = 1048576 (custom)
2019-09-19 10:44:01,823 [pool-49-thread-1] INFO  server.RaftServerConfigKeys (ConfUtils.java:logGet(43)) - raft.server.log.segment.cache.num.max = 2 (custom)
2019-09-19 10:44:01,823 [pool-49-thread-1] INFO  segmented.SegmentedRaftLogWorker (SegmentedRaftLogWorker.java:<init>(172)) - new e855218f-cb01-4dd8-a582-b24365f170a0-SegmentedRaftLogWorker:Storage Directory /workdir/hadoop-ozone/tools/target/test-dir/MiniOzoneClusterImpl-906ca9d4-12e2-4885-9d3d-2383beb6722b/datanode-2/data/ratis/abbb4761-ae19-44fa-81ba-828ff88f3f94 for RaftStorage:Storage Directory /workdir/hadoop-ozone/tools/target/test-dir/MiniOzoneClusterImpl-906ca9d4-12e2-4885-9d3d-2383beb6722b/datanode-2/data/ratis/abbb4761-ae19-44fa-81ba-828ff88f3f94
2019-09-19 10:44:01,823 [pool-49-thread-1] INFO  server.RaftServerConfigKeys (ConfUtils.java:logGet(43)) - raft.server.log.queue.byte-limit = 2147483647 (custom)
2019-09-19 10:44:01,823 [pool-49-thread-1] INFO  server.RaftServerConfigKeys (ConfUtils.java:logGet(43)) - raft.server.log.queue.element-limit = 1024 (custom)
2019-09-19 10:44:01,824 [pool-49-thread-1] INFO  server.RaftServerConfigKeys (ConfUtils.java:logGet(43)) - raft.server.log.segment.size.max = 1048576 (custom)
2019-09-19 10:44:01,824 [pool-49-thread-1] INFO  server.RaftServerConfigKeys (ConfUtils.java:logGet(43)) - raft.server.log.preallocated.size = 16384 (custom)
2019-09-19 10:44:01,824 [pool-49-thread-1] INFO  server.RaftServerConfigKeys (ConfUtils.java:logGet(43)) - raft.server.log.write.buffer.size = 33554432 (custom)
2019-09-19 10:44:01,824 [pool-49-thread-1] INFO  server.RaftServerConfigKeys (ConfUtils.java:logGet(43)) - raft.server.log.force.sync.num = 128 (default)
2019-09-19 10:44:01,824 [pool-49-thread-1] INFO  server.RaftServerConfigKeys (ConfUtils.java:logGet(43)) - raft.server.log.statemachine.data.sync = true (default)
2019-09-19 10:44:01,824 [pool-49-thread-1] INFO  server.RaftServerConfigKeys (ConfUtils.java:logGet(43)) - raft.server.log.statemachine.data.sync.timeout = 10s (default)
2019-09-19 10:44:01,825 [pool-49-thread-1] INFO  server.RaftServerConfigKeys (ConfUtils.java:logGet(43)) - raft.server.log.statemachine.data.sync.timeout.retry = -1 (default)
2019-09-19 10:44:01,825 [pool-49-thread-1] INFO  server.RaftServerConfigKeys (ConfUtils.java:logGet(43)) - raft.server.log.statemachine.data.caching.enabled = true (custom)
2019-09-19 10:44:01,825 [pool-49-thread-1] INFO  segmented.SegmentedRaftLogWorker (SegmentedRaftLogWorker.java:lambda$new$0(132)) - e855218f-cb01-4dd8-a582-b24365f170a0-SegmentedRaftLogWorker:Storage Directory /workdir/hadoop-ozone/tools/target/test-dir/MiniOzoneClusterImpl-906ca9d4-12e2-4885-9d3d-2383beb6722b/datanode-2/data/ratis/abbb4761-ae19-44fa-81ba-828ff88f3f94: flushIndex: setUnconditionally 0 -> -1
2019-09-19 10:44:01,825 [pool-49-thread-1] INFO  server.RaftServerConfigKeys (ConfUtils.java:logGet(43)) - raft.server.snapshot.auto.trigger.enabled = true (custom)
2019-09-19 10:44:01,826 [pool-49-thread-1] INFO  server.RaftServerConfigKeys (ConfUtils.java:logGet(43)) - raft.server.snapshot.auto.trigger.threshold = 10000 (custom)
2019-09-19 10:44:01,826 [pool-49-thread-1] INFO  server.RaftServerConfigKeys (ConfUtils.java:logGet(43)) - raft.server.retrycache.expirytime = 600000ms (custom)
2019-09-19 10:44:01,826 [pool-49-thread-1] INFO  impl.RaftServerImpl (RaftServerImpl.java:start(180)) - e855218f-cb01-4dd8-a582-b24365f170a0: start group-828FF88F3F94
2019-09-19 10:44:01,826 [pool-49-thread-1] INFO  impl.RaftServerImpl (RaftServerImpl.java:setRole(171)) - e855218f-cb01-4dd8-a582-b24365f170a0:group-828FF88F3F94 changes role from null to FOLLOWER at term 0 for startAsFollower
2019-09-19 10:44:01,827 [pool-49-thread-1] INFO  impl.RoleInfo (RoleInfo.java:updateAndGet(143)) - e855218f-cb01-4dd8-a582-b24365f170a0: start FollowerState
2019-09-19 10:44:01,827 [pool-49-thread-1] INFO  util.JmxRegister (JmxRegister.java:tryRegister(44)) - Successfully registered JMX Bean with object name Ratis:service=RaftServer,group=group-828FF88F3F94,id=e855218f-cb01-4dd8-a582-b24365f170a0
2019-09-19 10:44:01,832 [RatisPipelineUtilsThread] INFO  pipeline.PipelineStateManager (PipelineStateManager.java:addPipeline(56)) - Created pipeline Pipeline[ Id: abbb4761-ae19-44fa-81ba-828ff88f3f94, Nodes: e855218f-cb01-4dd8-a582-b24365f170a0{ip: 192.168.157.204, host: pr-hdds-1569-cpgw4-1311585219, networkLocation: /default-rack, certSerialId: null}, Type:RATIS, Factor:ONE, State:OPEN]
2019-09-19 10:44:01,843 [grpc-default-executor-0] INFO  impl.RaftServerProxy (RaftServerProxy.java:addNew(89)) - ef60016b-37d8-4c81-9b85-999ba158dbb2: addNew group-D907A35D7911:[ef60016b-37d8-4c81-9b85-999ba158dbb2:192.168.157.204:33362] returns group-D907A35D7911:java.util.concurrent.CompletableFuture@2b168992[Not completed]
2019-09-19 10:44:01,845 [pool-38-thread-1] INFO  impl.RaftServerImpl (RaftServerImpl.java:<init>(93)) - ef60016b-37d8-4c81-9b85-999ba158dbb2: new RaftServerImpl for group-D907A35D7911:[ef60016b-37d8-4c81-9b85-999ba158dbb2:192.168.157.204:33362] with ContainerStateMachine:uninitialized
2019-09-19 10:44:01,845 [pool-38-thread-1] INFO  server.RaftServerConfigKeys (ConfUtils.java:logGet(43)) - raft.server.rpc.timeout.min = 5s (custom)
2019-09-19 10:44:01,845 [pool-38-thread-1] INFO  server.RaftServerConfigKeys (ConfUtils.java:logGet(43)) - raft.server.rpc.timeout.max = 5200ms (custom)
2019-09-19 10:44:01,845 [pool-38-thread-1] INFO  server.RaftServerConfigKeys (ConfUtils.java:logGet(43)) - raft.server.rpcslowness.timeout = 120s (custom)
2019-09-19 10:44:01,846 [pool-38-thread-1] INFO  server.RaftServerConfigKeys (ConfUtils.java:logGet(43)) - raft.server.sleep.deviation.threshold = 300 (default)
2019-09-19 10:44:01,846 [pool-38-thread-1] INFO  server.RaftServerConfigKeys (ConfUtils.java:logGet(43)) - raft.server.log.appender.install.snapshot.enabled = false (custom)
2019-09-19 10:44:01,846 [pool-38-thread-1] INFO  impl.RaftServerImpl (ServerState.java:<init>(105)) - ef60016b-37d8-4c81-9b85-999ba158dbb2:group-D907A35D7911 ConfigurationManager, init=-1: [ef60016b-37d8-4c81-9b85-999ba158dbb2:192.168.157.204:33362], old=null, confs=<EMPTY_MAP>
2019-09-19 10:44:01,846 [pool-38-thread-1] INFO  server.RaftServerConfigKeys (ConfUtils.java:logGet(43)) - raft.server.storage.dir = [/workdir/hadoop-ozone/tools/target/test-dir/MiniOzoneClusterImpl-906ca9d4-12e2-4885-9d3d-2383beb6722b/datanode-1/data/ratis] (custom)
2019-09-19 10:44:01,847 [pool-38-thread-1] INFO  storage.RaftStorageDirectory (RaftStorageDirectory.java:analyzeStorage(246)) - The storage directory /workdir/hadoop-ozone/tools/target/test-dir/MiniOzoneClusterImpl-906ca9d4-12e2-4885-9d3d-2383beb6722b/datanode-1/data/ratis/f3a9bc09-df85-4289-95b3-d907a35d7911 does not exist. Creating ...
2019-09-19 10:44:01,860 [pool-38-thread-1] INFO  storage.RaftStorageDirectory (RaftStorageDirectory.java:tryLock(328)) - Lock on /workdir/hadoop-ozone/tools/target/test-dir/MiniOzoneClusterImpl-906ca9d4-12e2-4885-9d3d-2383beb6722b/datanode-1/data/ratis/f3a9bc09-df85-4289-95b3-d907a35d7911/in_use.lock acquired by nodename 18272@pr-hdds-1569-cpgw4-1311585219
2019-09-19 10:44:01,873 [pool-38-thread-1] INFO  storage.RaftStorage (RaftStorage.java:format(72)) - Storage directory /workdir/hadoop-ozone/tools/target/test-dir/MiniOzoneClusterImpl-906ca9d4-12e2-4885-9d3d-2383beb6722b/datanode-1/data/ratis/f3a9bc09-df85-4289-95b3-d907a35d7911 has been successfully formatted.
2019-09-19 10:44:01,873 [pool-38-thread-1] INFO  ratis.ContainerStateMachine (ContainerStateMachine.java:loadSnapshot(226)) - group-D907A35D7911: The snapshot info is null. Setting the last applied indexto:(t:0, i:~)
2019-09-19 10:44:01,874 [pool-38-thread-1] INFO  server.RaftServerConfigKeys (ConfUtils.java:logGet(43)) - raft.server.leader.election.timeout = 120s (custom)
2019-09-19 10:44:01,874 [pool-38-thread-1] INFO  server.RaftServerConfigKeys (ConfUtils.java:logGet(43)) - raft.server.log.use.memory = false (default)
2019-09-19 10:44:01,874 [pool-38-thread-1] INFO  server.RaftServerConfigKeys (ConfUtils.java:logGet(43)) - raft.server.log.purge.gap = 1000000 (custom)
2019-09-19 10:44:01,874 [pool-38-thread-1] INFO  server.RaftServerConfigKeys (ConfUtils.java:logGet(43)) - raft.server.log.appender.buffer.byte-limit = 33554432 (custom)
2019-09-19 10:44:01,875 [pool-38-thread-1] INFO  server.RaftServerConfigKeys (ConfUtils.java:logGet(43)) - raft.server.log.segment.size.max = 1048576 (custom)
2019-09-19 10:44:01,875 [pool-38-thread-1] INFO  server.RaftServerConfigKeys (ConfUtils.java:logGet(43)) - raft.server.log.segment.cache.num.max = 2 (custom)
2019-09-19 10:44:01,875 [pool-38-thread-1] INFO  segmented.SegmentedRaftLogWorker (SegmentedRaftLogWorker.java:<init>(172)) - new ef60016b-37d8-4c81-9b85-999ba158dbb2-SegmentedRaftLogWorker:Storage Directory /workdir/hadoop-ozone/tools/target/test-dir/MiniOzoneClusterImpl-906ca9d4-12e2-4885-9d3d-2383beb6722b/datanode-1/data/ratis/f3a9bc09-df85-4289-95b3-d907a35d7911 for RaftStorage:Storage Directory /workdir/hadoop-ozone/tools/target/test-dir/MiniOzoneClusterImpl-906ca9d4-12e2-4885-9d3d-2383beb6722b/datanode-1/data/ratis/f3a9bc09-df85-4289-95b3-d907a35d7911
2019-09-19 10:44:01,876 [pool-38-thread-1] INFO  server.RaftServerConfigKeys (ConfUtils.java:logGet(43)) - raft.server.log.queue.byte-limit = 2147483647 (custom)
2019-09-19 10:44:01,876 [pool-38-thread-1] INFO  server.RaftServerConfigKeys (ConfUtils.java:logGet(43)) - raft.server.log.queue.element-limit = 1024 (custom)
2019-09-19 10:44:01,876 [pool-38-thread-1] INFO  server.RaftServerConfigKeys (ConfUtils.java:logGet(43)) - raft.server.log.segment.size.max = 1048576 (custom)
2019-09-19 10:44:01,876 [pool-38-thread-1] INFO  server.RaftServerConfigKeys (ConfUtils.java:logGet(43)) - raft.server.log.preallocated.size = 16384 (custom)
2019-09-19 10:44:01,877 [pool-38-thread-1] INFO  server.RaftServerConfigKeys (ConfUtils.java:logGet(43)) - raft.server.log.write.buffer.size = 33554432 (custom)
2019-09-19 10:44:01,877 [pool-38-thread-1] INFO  server.RaftServerConfigKeys (ConfUtils.java:logGet(43)) - raft.server.log.force.sync.num = 128 (default)
2019-09-19 10:44:01,877 [pool-38-thread-1] INFO  server.RaftServerConfigKeys (ConfUtils.java:logGet(43)) - raft.server.log.statemachine.data.sync = true (default)
2019-09-19 10:44:01,878 [pool-38-thread-1] INFO  server.RaftServerConfigKeys (ConfUtils.java:logGet(43)) - raft.server.log.statemachine.data.sync.timeout = 10s (default)
2019-09-19 10:44:01,878 [pool-38-thread-1] INFO  server.RaftServerConfigKeys (ConfUtils.java:logGet(43)) - raft.server.log.statemachine.data.sync.timeout.retry = -1 (default)
2019-09-19 10:44:01,878 [pool-38-thread-1] INFO  server.RaftServerConfigKeys (ConfUtils.java:logGet(43)) - raft.server.log.statemachine.data.caching.enabled = true (custom)
2019-09-19 10:44:01,879 [pool-38-thread-1] INFO  segmented.SegmentedRaftLogWorker (SegmentedRaftLogWorker.java:lambda$new$0(132)) - ef60016b-37d8-4c81-9b85-999ba158dbb2-SegmentedRaftLogWorker:Storage Directory /workdir/hadoop-ozone/tools/target/test-dir/MiniOzoneClusterImpl-906ca9d4-12e2-4885-9d3d-2383beb6722b/datanode-1/data/ratis/f3a9bc09-df85-4289-95b3-d907a35d7911: flushIndex: setUnconditionally 0 -> -1
2019-09-19 10:44:01,879 [pool-38-thread-1] INFO  server.RaftServerConfigKeys (ConfUtils.java:logGet(43)) - raft.server.snapshot.auto.trigger.enabled = true (custom)
2019-09-19 10:44:01,879 [pool-38-thread-1] INFO  server.RaftServerConfigKeys (ConfUtils.java:logGet(43)) - raft.server.snapshot.auto.trigger.threshold = 10000 (custom)
2019-09-19 10:44:01,880 [pool-38-thread-1] INFO  server.RaftServerConfigKeys (ConfUtils.java:logGet(43)) - raft.server.retrycache.expirytime = 600000ms (custom)
2019-09-19 10:44:01,880 [pool-38-thread-1] INFO  impl.RaftServerImpl (RaftServerImpl.java:start(180)) - ef60016b-37d8-4c81-9b85-999ba158dbb2: start group-D907A35D7911
2019-09-19 10:44:01,880 [pool-38-thread-1] INFO  impl.RaftServerImpl (RaftServerImpl.java:setRole(171)) - ef60016b-37d8-4c81-9b85-999ba158dbb2:group-D907A35D7911 changes role from null to FOLLOWER at term 0 for startAsFollower
2019-09-19 10:44:01,881 [pool-38-thread-1] INFO  impl.RoleInfo (RoleInfo.java:updateAndGet(143)) - ef60016b-37d8-4c81-9b85-999ba158dbb2: start FollowerState
2019-09-19 10:44:01,881 [pool-38-thread-1] INFO  util.JmxRegister (JmxRegister.java:tryRegister(44)) - Successfully registered JMX Bean with object name Ratis:service=RaftServer,group=group-D907A35D7911,id=ef60016b-37d8-4c81-9b85-999ba158dbb2
2019-09-19 10:44:01,887 [RatisPipelineUtilsThread] INFO  pipeline.PipelineStateManager (PipelineStateManager.java:addPipeline(56)) - Created pipeline Pipeline[ Id: f3a9bc09-df85-4289-95b3-d907a35d7911, Nodes: ef60016b-37d8-4c81-9b85-999ba158dbb2{ip: 192.168.157.204, host: pr-hdds-1569-cpgw4-1311585219, networkLocation: /default-rack, certSerialId: null}, Type:RATIS, Factor:ONE, State:OPEN]
2019-09-19 10:44:01,889 [RatisPipelineUtilsThread] ERROR pipeline.PipelinePlacementPolicy (PipelinePlacementPolicy.java:meetCriteria(91)) - Pipeline Placement: Doesn't meet the criteria to be viable node. Heaviness: 6
2019-09-19 10:44:01,898 [grpc-default-executor-0] INFO  impl.RaftServerProxy (RaftServerProxy.java:addNew(89)) - 2d7fb44a-ac7a-4034-a2aa-4953f070935b: addNew group-E65BC2414754:[2d7fb44a-ac7a-4034-a2aa-4953f070935b:192.168.157.204:33301] returns group-E65BC2414754:java.util.concurrent.CompletableFuture@75fb0dbe[Not completed]
2019-09-19 10:44:01,900 [pool-60-thread-1] INFO  impl.RaftServerImpl (RaftServerImpl.java:<init>(93)) - 2d7fb44a-ac7a-4034-a2aa-4953f070935b: new RaftServerImpl for group-E65BC2414754:[2d7fb44a-ac7a-4034-a2aa-4953f070935b:192.168.157.204:33301] with ContainerStateMachine:uninitialized
2019-09-19 10:44:01,900 [pool-60-thread-1] INFO  server.RaftServerConfigKeys (ConfUtils.java:logGet(43)) - raft.server.rpc.timeout.min = 5s (custom)
2019-09-19 10:44:01,901 [pool-60-thread-1] INFO  server.RaftServerConfigKeys (ConfUtils.java:logGet(43)) - raft.server.rpc.timeout.max = 5200ms (custom)
2019-09-19 10:44:01,901 [pool-60-thread-1] INFO  server.RaftServerConfigKeys (ConfUtils.java:logGet(43)) - raft.server.rpcslowness.timeout = 120s (custom)
2019-09-19 10:44:01,901 [pool-60-thread-1] INFO  server.RaftServerConfigKeys (ConfUtils.java:logGet(43)) - raft.server.sleep.deviation.threshold = 300 (default)
2019-09-19 10:44:01,901 [pool-60-thread-1] INFO  server.RaftServerConfigKeys (ConfUtils.java:logGet(43)) - raft.server.log.appender.install.snapshot.enabled = false (custom)
2019-09-19 10:44:01,901 [pool-60-thread-1] INFO  impl.RaftServerImpl (ServerState.java:<init>(105)) - 2d7fb44a-ac7a-4034-a2aa-4953f070935b:group-E65BC2414754 ConfigurationManager, init=-1: [2d7fb44a-ac7a-4034-a2aa-4953f070935b:192.168.157.204:33301], old=null, confs=<EMPTY_MAP>
2019-09-19 10:44:01,902 [pool-60-thread-1] INFO  server.RaftServerConfigKeys (ConfUtils.java:logGet(43)) - raft.server.storage.dir = [/workdir/hadoop-ozone/tools/target/test-dir/MiniOzoneClusterImpl-906ca9d4-12e2-4885-9d3d-2383beb6722b/datanode-3/data/ratis] (custom)
2019-09-19 10:44:01,902 [pool-60-thread-1] INFO  storage.RaftStorageDirectory (RaftStorageDirectory.java:analyzeStorage(246)) - The storage directory /workdir/hadoop-ozone/tools/target/test-dir/MiniOzoneClusterImpl-906ca9d4-12e2-4885-9d3d-2383beb6722b/datanode-3/data/ratis/a8c68d53-df0c-427c-a56f-e65bc2414754 does not exist. Creating ...
2019-09-19 10:44:01,915 [pool-60-thread-1] INFO  storage.RaftStorageDirectory (RaftStorageDirectory.java:tryLock(328)) - Lock on /workdir/hadoop-ozone/tools/target/test-dir/MiniOzoneClusterImpl-906ca9d4-12e2-4885-9d3d-2383beb6722b/datanode-3/data/ratis/a8c68d53-df0c-427c-a56f-e65bc2414754/in_use.lock acquired by nodename 18272@pr-hdds-1569-cpgw4-1311585219
2019-09-19 10:44:01,933 [pool-60-thread-1] INFO  storage.RaftStorage (RaftStorage.java:format(72)) - Storage directory /workdir/hadoop-ozone/tools/target/test-dir/MiniOzoneClusterImpl-906ca9d4-12e2-4885-9d3d-2383beb6722b/datanode-3/data/ratis/a8c68d53-df0c-427c-a56f-e65bc2414754 has been successfully formatted.
2019-09-19 10:44:01,933 [pool-60-thread-1] INFO  ratis.ContainerStateMachine (ContainerStateMachine.java:loadSnapshot(226)) - group-E65BC2414754: The snapshot info is null. Setting the last applied indexto:(t:0, i:~)
2019-09-19 10:44:01,933 [pool-60-thread-1] INFO  server.RaftServerConfigKeys (ConfUtils.java:logGet(43)) - raft.server.leader.election.timeout = 120s (custom)
2019-09-19 10:44:01,933 [pool-60-thread-1] INFO  server.RaftServerConfigKeys (ConfUtils.java:logGet(43)) - raft.server.log.use.memory = false (default)
2019-09-19 10:44:01,934 [pool-60-thread-1] INFO  server.RaftServerConfigKeys (ConfUtils.java:logGet(43)) - raft.server.log.purge.gap = 1000000 (custom)
2019-09-19 10:44:01,934 [pool-60-thread-1] INFO  server.RaftServerConfigKeys (ConfUtils.java:logGet(43)) - raft.server.log.appender.buffer.byte-limit = 33554432 (custom)
2019-09-19 10:44:01,934 [pool-60-thread-1] INFO  server.RaftServerConfigKeys (ConfUtils.java:logGet(43)) - raft.server.log.segment.size.max = 1048576 (custom)
2019-09-19 10:44:01,934 [pool-60-thread-1] INFO  server.RaftServerConfigKeys (ConfUtils.java:logGet(43)) - raft.server.log.segment.cache.num.max = 2 (custom)
2019-09-19 10:44:01,934 [pool-60-thread-1] INFO  segmented.SegmentedRaftLogWorker (SegmentedRaftLogWorker.java:<init>(172)) - new 2d7fb44a-ac7a-4034-a2aa-4953f070935b-SegmentedRaftLogWorker:Storage Directory /workdir/hadoop-ozone/tools/target/test-dir/MiniOzoneClusterImpl-906ca9d4-12e2-4885-9d3d-2383beb6722b/datanode-3/data/ratis/a8c68d53-df0c-427c-a56f-e65bc2414754 for RaftStorage:Storage Directory /workdir/hadoop-ozone/tools/target/test-dir/MiniOzoneClusterImpl-906ca9d4-12e2-4885-9d3d-2383beb6722b/datanode-3/data/ratis/a8c68d53-df0c-427c-a56f-e65bc2414754
2019-09-19 10:44:01,934 [pool-60-thread-1] INFO  server.RaftServerConfigKeys (ConfUtils.java:logGet(43)) - raft.server.log.queue.byte-limit = 2147483647 (custom)
2019-09-19 10:44:01,935 [pool-60-thread-1] INFO  server.RaftServerConfigKeys (ConfUtils.java:logGet(43)) - raft.server.log.queue.element-limit = 1024 (custom)
2019-09-19 10:44:01,935 [pool-60-thread-1] INFO  server.RaftServerConfigKeys (ConfUtils.java:logGet(43)) - raft.server.log.segment.size.max = 1048576 (custom)
2019-09-19 10:44:01,935 [pool-60-thread-1] INFO  server.RaftServerConfigKeys (ConfUtils.java:logGet(43)) - raft.server.log.preallocated.size = 16384 (custom)
2019-09-19 10:44:01,935 [pool-60-thread-1] INFO  server.RaftServerConfigKeys (ConfUtils.java:logGet(43)) - raft.server.log.write.buffer.size = 33554432 (custom)
2019-09-19 10:44:01,935 [pool-60-thread-1] INFO  server.RaftServerConfigKeys (ConfUtils.java:logGet(43)) - raft.server.log.force.sync.num = 128 (default)
2019-09-19 10:44:01,936 [pool-60-thread-1] INFO  server.RaftServerConfigKeys (ConfUtils.java:logGet(43)) - raft.server.log.statemachine.data.sync = true (default)
2019-09-19 10:44:01,936 [pool-60-thread-1] INFO  server.RaftServerConfigKeys (ConfUtils.java:logGet(43)) - raft.server.log.statemachine.data.sync.timeout = 10s (default)
2019-09-19 10:44:01,936 [pool-60-thread-1] INFO  server.RaftServerConfigKeys (ConfUtils.java:logGet(43)) - raft.server.log.statemachine.data.sync.timeout.retry = -1 (default)
2019-09-19 10:44:01,936 [pool-60-thread-1] INFO  server.RaftServerConfigKeys (ConfUtils.java:logGet(43)) - raft.server.log.statemachine.data.caching.enabled = true (custom)
2019-09-19 10:44:01,936 [pool-60-thread-1] INFO  segmented.SegmentedRaftLogWorker (SegmentedRaftLogWorker.java:lambda$new$0(132)) - 2d7fb44a-ac7a-4034-a2aa-4953f070935b-SegmentedRaftLogWorker:Storage Directory /workdir/hadoop-ozone/tools/target/test-dir/MiniOzoneClusterImpl-906ca9d4-12e2-4885-9d3d-2383beb6722b/datanode-3/data/ratis/a8c68d53-df0c-427c-a56f-e65bc2414754: flushIndex: setUnconditionally 0 -> -1
2019-09-19 10:44:01,937 [pool-60-thread-1] INFO  server.RaftServerConfigKeys (ConfUtils.java:logGet(43)) - raft.server.snapshot.auto.trigger.enabled = true (custom)
2019-09-19 10:44:01,937 [pool-60-thread-1] INFO  server.RaftServerConfigKeys (ConfUtils.java:logGet(43)) - raft.server.snapshot.auto.trigger.threshold = 10000 (custom)
2019-09-19 10:44:01,937 [pool-60-thread-1] INFO  server.RaftServerConfigKeys (ConfUtils.java:logGet(43)) - raft.server.retrycache.expirytime = 600000ms (custom)
2019-09-19 10:44:01,937 [pool-60-thread-1] INFO  impl.RaftServerImpl (RaftServerImpl.java:start(180)) - 2d7fb44a-ac7a-4034-a2aa-4953f070935b: start group-E65BC2414754
2019-09-19 10:44:01,937 [pool-60-thread-1] INFO  impl.RaftServerImpl (RaftServerImpl.java:setRole(171)) - 2d7fb44a-ac7a-4034-a2aa-4953f070935b:group-E65BC2414754 changes role from null to FOLLOWER at term 0 for startAsFollower
2019-09-19 10:44:01,938 [pool-60-thread-1] INFO  impl.RoleInfo (RoleInfo.java:updateAndGet(143)) - 2d7fb44a-ac7a-4034-a2aa-4953f070935b: start FollowerState
2019-09-19 10:44:01,938 [pool-60-thread-1] INFO  util.JmxRegister (JmxRegister.java:tryRegister(44)) - Successfully registered JMX Bean with object name Ratis:service=RaftServer,group=group-E65BC2414754,id=2d7fb44a-ac7a-4034-a2aa-4953f070935b
2019-09-19 10:44:01,943 [RatisPipelineUtilsThread] INFO  pipeline.PipelineStateManager (PipelineStateManager.java:addPipeline(56)) - Created pipeline Pipeline[ Id: a8c68d53-df0c-427c-a56f-e65bc2414754, Nodes: 2d7fb44a-ac7a-4034-a2aa-4953f070935b{ip: 192.168.157.204, host: pr-hdds-1569-cpgw4-1311585219, networkLocation: /default-rack, certSerialId: null}, Type:RATIS, Factor:ONE, State:OPEN]
2019-09-19 10:44:01,945 [RatisPipelineUtilsThread] ERROR pipeline.PipelinePlacementPolicy (PipelinePlacementPolicy.java:meetCriteria(91)) - Pipeline Placement: Doesn't meet the criteria to be viable node. Heaviness: 6
2019-09-19 10:44:01,954 [grpc-default-executor-0] INFO  impl.RaftServerProxy (RaftServerProxy.java:addNew(89)) - 85d03201-45ec-4202-b725-1ee58b28f685: addNew group-9B3ECAC46EA7:[85d03201-45ec-4202-b725-1ee58b28f685:192.168.157.204:34005] returns group-9B3ECAC46EA7:java.util.concurrent.CompletableFuture@cba2f2[Not completed]
2019-09-19 10:44:01,955 [pool-27-thread-1] INFO  impl.RaftServerImpl (RaftServerImpl.java:<init>(93)) - 85d03201-45ec-4202-b725-1ee58b28f685: new RaftServerImpl for group-9B3ECAC46EA7:[85d03201-45ec-4202-b725-1ee58b28f685:192.168.157.204:34005] with ContainerStateMachine:uninitialized
2019-09-19 10:44:01,956 [pool-27-thread-1] INFO  server.RaftServerConfigKeys (ConfUtils.java:logGet(43)) - raft.server.rpc.timeout.min = 5s (custom)
2019-09-19 10:44:01,956 [pool-27-thread-1] INFO  server.RaftServerConfigKeys (ConfUtils.java:logGet(43)) - raft.server.rpc.timeout.max = 5200ms (custom)
2019-09-19 10:44:01,956 [pool-27-thread-1] INFO  server.RaftServerConfigKeys (ConfUtils.java:logGet(43)) - raft.server.rpcslowness.timeout = 120s (custom)
2019-09-19 10:44:01,956 [pool-27-thread-1] INFO  server.RaftServerConfigKeys (ConfUtils.java:logGet(43)) - raft.server.sleep.deviation.threshold = 300 (default)
2019-09-19 10:44:01,956 [pool-27-thread-1] INFO  server.RaftServerConfigKeys (ConfUtils.java:logGet(43)) - raft.server.log.appender.install.snapshot.enabled = false (custom)
2019-09-19 10:44:01,956 [pool-27-thread-1] INFO  impl.RaftServerImpl (ServerState.java:<init>(105)) - 85d03201-45ec-4202-b725-1ee58b28f685:group-9B3ECAC46EA7 ConfigurationManager, init=-1: [85d03201-45ec-4202-b725-1ee58b28f685:192.168.157.204:34005], old=null, confs=<EMPTY_MAP>
2019-09-19 10:44:01,957 [pool-27-thread-1] INFO  server.RaftServerConfigKeys (ConfUtils.java:logGet(43)) - raft.server.storage.dir = [/workdir/hadoop-ozone/tools/target/test-dir/MiniOzoneClusterImpl-906ca9d4-12e2-4885-9d3d-2383beb6722b/datanode-0/data/ratis] (custom)
2019-09-19 10:44:01,957 [pool-27-thread-1] INFO  storage.RaftStorageDirectory (RaftStorageDirectory.java:analyzeStorage(246)) - The storage directory /workdir/hadoop-ozone/tools/target/test-dir/MiniOzoneClusterImpl-906ca9d4-12e2-4885-9d3d-2383beb6722b/datanode-0/data/ratis/9f19f9d0-375a-4351-b414-9b3ecac46ea7 does not exist. Creating ...
2019-09-19 10:44:01,971 [pool-27-thread-1] INFO  storage.RaftStorageDirectory (RaftStorageDirectory.java:tryLock(328)) - Lock on /workdir/hadoop-ozone/tools/target/test-dir/MiniOzoneClusterImpl-906ca9d4-12e2-4885-9d3d-2383beb6722b/datanode-0/data/ratis/9f19f9d0-375a-4351-b414-9b3ecac46ea7/in_use.lock acquired by nodename 18272@pr-hdds-1569-cpgw4-1311585219
2019-09-19 10:44:01,972 | INFO  | SCMAudit | user=jenkins1000 | ip=192.168.157.204 | op=SEND_HEARTBEAT {datanodeUUID=ef60016b-37d8-4c81-9b85-999ba158dbb2, command=[]} | ret=SUCCESS |  
2019-09-19 10:44:01,984 [pool-27-thread-1] INFO  storage.RaftStorage (RaftStorage.java:format(72)) - Storage directory /workdir/hadoop-ozone/tools/target/test-dir/MiniOzoneClusterImpl-906ca9d4-12e2-4885-9d3d-2383beb6722b/datanode-0/data/ratis/9f19f9d0-375a-4351-b414-9b3ecac46ea7 has been successfully formatted.
2019-09-19 10:44:01,984 [pool-27-thread-1] INFO  ratis.ContainerStateMachine (ContainerStateMachine.java:loadSnapshot(226)) - group-9B3ECAC46EA7: The snapshot info is null. Setting the last applied indexto:(t:0, i:~)
2019-09-19 10:44:01,984 [pool-27-thread-1] INFO  server.RaftServerConfigKeys (ConfUtils.java:logGet(43)) - raft.server.leader.election.timeout = 120s (custom)
2019-09-19 10:44:01,984 [pool-27-thread-1] INFO  server.RaftServerConfigKeys (ConfUtils.java:logGet(43)) - raft.server.log.use.memory = false (default)
2019-09-19 10:44:01,984 [pool-27-thread-1] INFO  server.RaftServerConfigKeys (ConfUtils.java:logGet(43)) - raft.server.log.purge.gap = 1000000 (custom)
2019-09-19 10:44:01,984 [pool-27-thread-1] INFO  server.RaftServerConfigKeys (ConfUtils.java:logGet(43)) - raft.server.log.appender.buffer.byte-limit = 33554432 (custom)
2019-09-19 10:44:01,985 [pool-27-thread-1] INFO  server.RaftServerConfigKeys (ConfUtils.java:logGet(43)) - raft.server.log.segment.size.max = 1048576 (custom)
2019-09-19 10:44:01,985 [pool-27-thread-1] INFO  server.RaftServerConfigKeys (ConfUtils.java:logGet(43)) - raft.server.log.segment.cache.num.max = 2 (custom)
2019-09-19 10:44:01,985 [pool-27-thread-1] INFO  segmented.SegmentedRaftLogWorker (SegmentedRaftLogWorker.java:<init>(172)) - new 85d03201-45ec-4202-b725-1ee58b28f685-SegmentedRaftLogWorker:Storage Directory /workdir/hadoop-ozone/tools/target/test-dir/MiniOzoneClusterImpl-906ca9d4-12e2-4885-9d3d-2383beb6722b/datanode-0/data/ratis/9f19f9d0-375a-4351-b414-9b3ecac46ea7 for RaftStorage:Storage Directory /workdir/hadoop-ozone/tools/target/test-dir/MiniOzoneClusterImpl-906ca9d4-12e2-4885-9d3d-2383beb6722b/datanode-0/data/ratis/9f19f9d0-375a-4351-b414-9b3ecac46ea7
2019-09-19 10:44:01,985 [pool-27-thread-1] INFO  server.RaftServerConfigKeys (ConfUtils.java:logGet(43)) - raft.server.log.queue.byte-limit = 2147483647 (custom)
2019-09-19 10:44:01,985 [pool-27-thread-1] INFO  server.RaftServerConfigKeys (ConfUtils.java:logGet(43)) - raft.server.log.queue.element-limit = 1024 (custom)
2019-09-19 10:44:01,985 [pool-27-thread-1] INFO  server.RaftServerConfigKeys (ConfUtils.java:logGet(43)) - raft.server.log.segment.size.max = 1048576 (custom)
2019-09-19 10:44:01,985 [pool-27-thread-1] INFO  server.RaftServerConfigKeys (ConfUtils.java:logGet(43)) - raft.server.log.preallocated.size = 16384 (custom)
2019-09-19 10:44:01,985 [pool-27-thread-1] INFO  server.RaftServerConfigKeys (ConfUtils.java:logGet(43)) - raft.server.log.write.buffer.size = 33554432 (custom)
2019-09-19 10:44:01,986 [pool-27-thread-1] INFO  server.RaftServerConfigKeys (ConfUtils.java:logGet(43)) - raft.server.log.force.sync.num = 128 (default)
2019-09-19 10:44:01,986 [pool-27-thread-1] INFO  server.RaftServerConfigKeys (ConfUtils.java:logGet(43)) - raft.server.log.statemachine.data.sync = true (default)
2019-09-19 10:44:01,986 [pool-27-thread-1] INFO  server.RaftServerConfigKeys (ConfUtils.java:logGet(43)) - raft.server.log.statemachine.data.sync.timeout = 10s (default)
2019-09-19 10:44:01,986 [pool-27-thread-1] INFO  server.RaftServerConfigKeys (ConfUtils.java:logGet(43)) - raft.server.log.statemachine.data.sync.timeout.retry = -1 (default)
2019-09-19 10:44:01,986 [pool-27-thread-1] INFO  server.RaftServerConfigKeys (ConfUtils.java:logGet(43)) - raft.server.log.statemachine.data.caching.enabled = true (custom)
2019-09-19 10:44:01,986 [pool-27-thread-1] INFO  segmented.SegmentedRaftLogWorker (SegmentedRaftLogWorker.java:lambda$new$0(132)) - 85d03201-45ec-4202-b725-1ee58b28f685-SegmentedRaftLogWorker:Storage Directory /workdir/hadoop-ozone/tools/target/test-dir/MiniOzoneClusterImpl-906ca9d4-12e2-4885-9d3d-2383beb6722b/datanode-0/data/ratis/9f19f9d0-375a-4351-b414-9b3ecac46ea7: flushIndex: setUnconditionally 0 -> -1
2019-09-19 10:44:01,987 [pool-27-thread-1] INFO  server.RaftServerConfigKeys (ConfUtils.java:logGet(43)) - raft.server.snapshot.auto.trigger.enabled = true (custom)
2019-09-19 10:44:01,987 [pool-27-thread-1] INFO  server.RaftServerConfigKeys (ConfUtils.java:logGet(43)) - raft.server.snapshot.auto.trigger.threshold = 10000 (custom)
2019-09-19 10:44:01,987 [pool-27-thread-1] INFO  server.RaftServerConfigKeys (ConfUtils.java:logGet(43)) - raft.server.retrycache.expirytime = 600000ms (custom)
2019-09-19 10:44:01,987 [pool-27-thread-1] INFO  impl.RaftServerImpl (RaftServerImpl.java:start(180)) - 85d03201-45ec-4202-b725-1ee58b28f685: start group-9B3ECAC46EA7
2019-09-19 10:44:01,987 [pool-27-thread-1] INFO  impl.RaftServerImpl (RaftServerImpl.java:setRole(171)) - 85d03201-45ec-4202-b725-1ee58b28f685:group-9B3ECAC46EA7 changes role from null to FOLLOWER at term 0 for startAsFollower
2019-09-19 10:44:01,987 [pool-27-thread-1] INFO  impl.RoleInfo (RoleInfo.java:updateAndGet(143)) - 85d03201-45ec-4202-b725-1ee58b28f685: start FollowerState
2019-09-19 10:44:01,988 [pool-27-thread-1] INFO  util.JmxRegister (JmxRegister.java:tryRegister(44)) - Successfully registered JMX Bean with object name Ratis:service=RaftServer,group=group-9B3ECAC46EA7,id=85d03201-45ec-4202-b725-1ee58b28f685
2019-09-19 10:44:01,993 [RatisPipelineUtilsThread] INFO  pipeline.PipelineStateManager (PipelineStateManager.java:addPipeline(56)) - Created pipeline Pipeline[ Id: 9f19f9d0-375a-4351-b414-9b3ecac46ea7, Nodes: 85d03201-45ec-4202-b725-1ee58b28f685{ip: 192.168.157.204, host: pr-hdds-1569-cpgw4-1311585219, networkLocation: /default-rack, certSerialId: null}, Type:RATIS, Factor:ONE, State:OPEN]
2019-09-19 10:44:01,995 [RatisPipelineUtilsThread] ERROR pipeline.PipelinePlacementPolicy (PipelinePlacementPolicy.java:meetCriteria(91)) - Pipeline Placement: Doesn't meet the criteria to be viable node. Heaviness: 6
2019-09-19 10:44:02,018 [grpc-default-executor-0] INFO  impl.RaftServerProxy (RaftServerProxy.java:addNew(89)) - e855218f-cb01-4dd8-a582-b24365f170a0: addNew group-F93B477B0242:[e855218f-cb01-4dd8-a582-b24365f170a0:192.168.157.204:43344] returns group-F93B477B0242:java.util.concurrent.CompletableFuture@66c48eb9[Not completed]
2019-09-19 10:44:02,021 [pool-49-thread-1] INFO  impl.RaftServerImpl (RaftServerImpl.java:<init>(93)) - e855218f-cb01-4dd8-a582-b24365f170a0: new RaftServerImpl for group-F93B477B0242:[e855218f-cb01-4dd8-a582-b24365f170a0:192.168.157.204:43344] with ContainerStateMachine:uninitialized
2019-09-19 10:44:02,021 [pool-49-thread-1] INFO  server.RaftServerConfigKeys (ConfUtils.java:logGet(43)) - raft.server.rpc.timeout.min = 5s (custom)
2019-09-19 10:44:02,021 [pool-49-thread-1] INFO  server.RaftServerConfigKeys (ConfUtils.java:logGet(43)) - raft.server.rpc.timeout.max = 5200ms (custom)
2019-09-19 10:44:02,022 [pool-49-thread-1] INFO  server.RaftServerConfigKeys (ConfUtils.java:logGet(43)) - raft.server.rpcslowness.timeout = 120s (custom)
2019-09-19 10:44:02,022 [pool-49-thread-1] INFO  server.RaftServerConfigKeys (ConfUtils.java:logGet(43)) - raft.server.sleep.deviation.threshold = 300 (default)
2019-09-19 10:44:02,022 [pool-49-thread-1] INFO  server.RaftServerConfigKeys (ConfUtils.java:logGet(43)) - raft.server.log.appender.install.snapshot.enabled = false (custom)
2019-09-19 10:44:02,022 [pool-49-thread-1] INFO  impl.RaftServerImpl (ServerState.java:<init>(105)) - e855218f-cb01-4dd8-a582-b24365f170a0:group-F93B477B0242 ConfigurationManager, init=-1: [e855218f-cb01-4dd8-a582-b24365f170a0:192.168.157.204:43344], old=null, confs=<EMPTY_MAP>
2019-09-19 10:44:02,022 [pool-49-thread-1] INFO  server.RaftServerConfigKeys (ConfUtils.java:logGet(43)) - raft.server.storage.dir = [/workdir/hadoop-ozone/tools/target/test-dir/MiniOzoneClusterImpl-906ca9d4-12e2-4885-9d3d-2383beb6722b/datanode-2/data/ratis] (custom)
2019-09-19 10:44:02,023 [pool-49-thread-1] INFO  storage.RaftStorageDirectory (RaftStorageDirectory.java:analyzeStorage(246)) - The storage directory /workdir/hadoop-ozone/tools/target/test-dir/MiniOzoneClusterImpl-906ca9d4-12e2-4885-9d3d-2383beb6722b/datanode-2/data/ratis/853822f3-9d06-4098-8d4c-f93b477b0242 does not exist. Creating ...
2019-09-19 10:44:02,036 [pool-49-thread-1] INFO  storage.RaftStorageDirectory (RaftStorageDirectory.java:tryLock(328)) - Lock on /workdir/hadoop-ozone/tools/target/test-dir/MiniOzoneClusterImpl-906ca9d4-12e2-4885-9d3d-2383beb6722b/datanode-2/data/ratis/853822f3-9d06-4098-8d4c-f93b477b0242/in_use.lock acquired by nodename 18272@pr-hdds-1569-cpgw4-1311585219
2019-09-19 10:44:02,049 [pool-49-thread-1] INFO  storage.RaftStorage (RaftStorage.java:format(72)) - Storage directory /workdir/hadoop-ozone/tools/target/test-dir/MiniOzoneClusterImpl-906ca9d4-12e2-4885-9d3d-2383beb6722b/datanode-2/data/ratis/853822f3-9d06-4098-8d4c-f93b477b0242 has been successfully formatted.
2019-09-19 10:44:02,049 [pool-49-thread-1] INFO  ratis.ContainerStateMachine (ContainerStateMachine.java:loadSnapshot(226)) - group-F93B477B0242: The snapshot info is null. Setting the last applied indexto:(t:0, i:~)
2019-09-19 10:44:02,049 [pool-49-thread-1] INFO  server.RaftServerConfigKeys (ConfUtils.java:logGet(43)) - raft.server.leader.election.timeout = 120s (custom)
2019-09-19 10:44:02,051 [pool-49-thread-1] INFO  server.RaftServerConfigKeys (ConfUtils.java:logGet(43)) - raft.server.log.use.memory = false (default)
2019-09-19 10:44:02,051 [pool-49-thread-1] INFO  server.RaftServerConfigKeys (ConfUtils.java:logGet(43)) - raft.server.log.purge.gap = 1000000 (custom)
2019-09-19 10:44:02,052 [pool-49-thread-1] INFO  server.RaftServerConfigKeys (ConfUtils.java:logGet(43)) - raft.server.log.appender.buffer.byte-limit = 33554432 (custom)
2019-09-19 10:44:02,052 [pool-49-thread-1] INFO  server.RaftServerConfigKeys (ConfUtils.java:logGet(43)) - raft.server.log.segment.size.max = 1048576 (custom)
2019-09-19 10:44:02,052 [pool-49-thread-1] INFO  server.RaftServerConfigKeys (ConfUtils.java:logGet(43)) - raft.server.log.segment.cache.num.max = 2 (custom)
2019-09-19 10:44:02,052 [pool-49-thread-1] INFO  segmented.SegmentedRaftLogWorker (SegmentedRaftLogWorker.java:<init>(172)) - new e855218f-cb01-4dd8-a582-b24365f170a0-SegmentedRaftLogWorker:Storage Directory /workdir/hadoop-ozone/tools/target/test-dir/MiniOzoneClusterImpl-906ca9d4-12e2-4885-9d3d-2383beb6722b/datanode-2/data/ratis/853822f3-9d06-4098-8d4c-f93b477b0242 for RaftStorage:Storage Directory /workdir/hadoop-ozone/tools/target/test-dir/MiniOzoneClusterImpl-906ca9d4-12e2-4885-9d3d-2383beb6722b/datanode-2/data/ratis/853822f3-9d06-4098-8d4c-f93b477b0242
2019-09-19 10:44:02,052 [pool-49-thread-1] INFO  server.RaftServerConfigKeys (ConfUtils.java:logGet(43)) - raft.server.log.queue.byte-limit = 2147483647 (custom)
2019-09-19 10:44:02,052 [pool-49-thread-1] INFO  server.RaftServerConfigKeys (ConfUtils.java:logGet(43)) - raft.server.log.queue.element-limit = 1024 (custom)
2019-09-19 10:44:02,053 [pool-49-thread-1] INFO  server.RaftServerConfigKeys (ConfUtils.java:logGet(43)) - raft.server.log.segment.size.max = 1048576 (custom)
2019-09-19 10:44:02,053 [pool-49-thread-1] INFO  server.RaftServerConfigKeys (ConfUtils.java:logGet(43)) - raft.server.log.preallocated.size = 16384 (custom)
2019-09-19 10:44:02,053 [pool-49-thread-1] INFO  server.RaftServerConfigKeys (ConfUtils.java:logGet(43)) - raft.server.log.write.buffer.size = 33554432 (custom)
2019-09-19 10:44:02,053 [pool-49-thread-1] INFO  server.RaftServerConfigKeys (ConfUtils.java:logGet(43)) - raft.server.log.force.sync.num = 128 (default)
2019-09-19 10:44:02,053 [pool-49-thread-1] INFO  server.RaftServerConfigKeys (ConfUtils.java:logGet(43)) - raft.server.log.statemachine.data.sync = true (default)
2019-09-19 10:44:02,053 [pool-49-thread-1] INFO  server.RaftServerConfigKeys (ConfUtils.java:logGet(43)) - raft.server.log.statemachine.data.sync.timeout = 10s (default)
2019-09-19 10:44:02,054 [pool-49-thread-1] INFO  server.RaftServerConfigKeys (ConfUtils.java:logGet(43)) - raft.server.log.statemachine.data.sync.timeout.retry = -1 (default)
2019-09-19 10:44:02,054 [pool-49-thread-1] INFO  server.RaftServerConfigKeys (ConfUtils.java:logGet(43)) - raft.server.log.statemachine.data.caching.enabled = true (custom)
2019-09-19 10:44:02,054 [pool-49-thread-1] INFO  segmented.SegmentedRaftLogWorker (SegmentedRaftLogWorker.java:lambda$new$0(132)) - e855218f-cb01-4dd8-a582-b24365f170a0-SegmentedRaftLogWorker:Storage Directory /workdir/hadoop-ozone/tools/target/test-dir/MiniOzoneClusterImpl-906ca9d4-12e2-4885-9d3d-2383beb6722b/datanode-2/data/ratis/853822f3-9d06-4098-8d4c-f93b477b0242: flushIndex: setUnconditionally 0 -> -1
2019-09-19 10:44:02,055 [pool-49-thread-1] INFO  server.RaftServerConfigKeys (ConfUtils.java:logGet(43)) - raft.server.snapshot.auto.trigger.enabled = true (custom)
2019-09-19 10:44:02,055 [pool-49-thread-1] INFO  server.RaftServerConfigKeys (ConfUtils.java:logGet(43)) - raft.server.snapshot.auto.trigger.threshold = 10000 (custom)
2019-09-19 10:44:02,055 [pool-49-thread-1] INFO  server.RaftServerConfigKeys (ConfUtils.java:logGet(43)) - raft.server.retrycache.expirytime = 600000ms (custom)
2019-09-19 10:44:02,055 [pool-49-thread-1] INFO  impl.RaftServerImpl (RaftServerImpl.java:start(180)) - e855218f-cb01-4dd8-a582-b24365f170a0: start group-F93B477B0242
2019-09-19 10:44:02,055 [pool-49-thread-1] INFO  impl.RaftServerImpl (RaftServerImpl.java:setRole(171)) - e855218f-cb01-4dd8-a582-b24365f170a0:group-F93B477B0242 changes role from null to FOLLOWER at term 0 for startAsFollower
2019-09-19 10:44:02,056 [pool-49-thread-1] INFO  impl.RoleInfo (RoleInfo.java:updateAndGet(143)) - e855218f-cb01-4dd8-a582-b24365f170a0: start FollowerState
2019-09-19 10:44:02,061 [pool-49-thread-1] INFO  util.JmxRegister (JmxRegister.java:tryRegister(44)) - Successfully registered JMX Bean with object name Ratis:service=RaftServer,group=group-F93B477B0242,id=e855218f-cb01-4dd8-a582-b24365f170a0
2019-09-19 10:44:02,075 [RatisPipelineUtilsThread] INFO  pipeline.PipelineStateManager (PipelineStateManager.java:addPipeline(56)) - Created pipeline Pipeline[ Id: 853822f3-9d06-4098-8d4c-f93b477b0242, Nodes: e855218f-cb01-4dd8-a582-b24365f170a0{ip: 192.168.157.204, host: pr-hdds-1569-cpgw4-1311585219, networkLocation: /default-rack, certSerialId: null}, Type:RATIS, Factor:ONE, State:OPEN]
2019-09-19 10:44:02,080 [RatisPipelineUtilsThread] ERROR pipeline.PipelinePlacementPolicy (PipelinePlacementPolicy.java:meetCriteria(91)) - Pipeline Placement: Doesn't meet the criteria to be viable node. Heaviness: 6
2019-09-19 10:44:02,089 [grpc-default-executor-0] INFO  impl.RaftServerProxy (RaftServerProxy.java:addNew(89)) - e855218f-cb01-4dd8-a582-b24365f170a0: addNew group-5A37DF2C0A69:[e855218f-cb01-4dd8-a582-b24365f170a0:192.168.157.204:43344] returns group-5A37DF2C0A69:java.util.concurrent.CompletableFuture@5337d5dd[Not completed]
2019-09-19 10:44:02,093 [pool-49-thread-1] INFO  impl.RaftServerImpl (RaftServerImpl.java:<init>(93)) - e855218f-cb01-4dd8-a582-b24365f170a0: new RaftServerImpl for group-5A37DF2C0A69:[e855218f-cb01-4dd8-a582-b24365f170a0:192.168.157.204:43344] with ContainerStateMachine:uninitialized
2019-09-19 10:44:02,093 [pool-49-thread-1] INFO  server.RaftServerConfigKeys (ConfUtils.java:logGet(43)) - raft.server.rpc.timeout.min = 5s (custom)
2019-09-19 10:44:02,093 [pool-49-thread-1] INFO  server.RaftServerConfigKeys (ConfUtils.java:logGet(43)) - raft.server.rpc.timeout.max = 5200ms (custom)
2019-09-19 10:44:02,093 [pool-49-thread-1] INFO  server.RaftServerConfigKeys (ConfUtils.java:logGet(43)) - raft.server.rpcslowness.timeout = 120s (custom)
2019-09-19 10:44:02,093 [pool-49-thread-1] INFO  server.RaftServerConfigKeys (ConfUtils.java:logGet(43)) - raft.server.sleep.deviation.threshold = 300 (default)
2019-09-19 10:44:02,093 [pool-49-thread-1] INFO  server.RaftServerConfigKeys (ConfUtils.java:logGet(43)) - raft.server.log.appender.install.snapshot.enabled = false (custom)
2019-09-19 10:44:02,094 [pool-49-thread-1] INFO  impl.RaftServerImpl (ServerState.java:<init>(105)) - e855218f-cb01-4dd8-a582-b24365f170a0:group-5A37DF2C0A69 ConfigurationManager, init=-1: [e855218f-cb01-4dd8-a582-b24365f170a0:192.168.157.204:43344], old=null, confs=<EMPTY_MAP>
2019-09-19 10:44:02,094 [pool-49-thread-1] INFO  server.RaftServerConfigKeys (ConfUtils.java:logGet(43)) - raft.server.storage.dir = [/workdir/hadoop-ozone/tools/target/test-dir/MiniOzoneClusterImpl-906ca9d4-12e2-4885-9d3d-2383beb6722b/datanode-2/data/ratis] (custom)
2019-09-19 10:44:02,094 [pool-49-thread-1] INFO  storage.RaftStorageDirectory (RaftStorageDirectory.java:analyzeStorage(246)) - The storage directory /workdir/hadoop-ozone/tools/target/test-dir/MiniOzoneClusterImpl-906ca9d4-12e2-4885-9d3d-2383beb6722b/datanode-2/data/ratis/30550a36-23a3-44ab-a966-5a37df2c0a69 does not exist. Creating ...
2019-09-19 10:44:02,108 [pool-49-thread-1] INFO  storage.RaftStorageDirectory (RaftStorageDirectory.java:tryLock(328)) - Lock on /workdir/hadoop-ozone/tools/target/test-dir/MiniOzoneClusterImpl-906ca9d4-12e2-4885-9d3d-2383beb6722b/datanode-2/data/ratis/30550a36-23a3-44ab-a966-5a37df2c0a69/in_use.lock acquired by nodename 18272@pr-hdds-1569-cpgw4-1311585219
2019-09-19 10:44:02,121 [pool-49-thread-1] INFO  storage.RaftStorage (RaftStorage.java:format(72)) - Storage directory /workdir/hadoop-ozone/tools/target/test-dir/MiniOzoneClusterImpl-906ca9d4-12e2-4885-9d3d-2383beb6722b/datanode-2/data/ratis/30550a36-23a3-44ab-a966-5a37df2c0a69 has been successfully formatted.
2019-09-19 10:44:02,122 [pool-49-thread-1] INFO  ratis.ContainerStateMachine (ContainerStateMachine.java:loadSnapshot(226)) - group-5A37DF2C0A69: The snapshot info is null. Setting the last applied indexto:(t:0, i:~)
2019-09-19 10:44:02,122 [pool-49-thread-1] INFO  server.RaftServerConfigKeys (ConfUtils.java:logGet(43)) - raft.server.leader.election.timeout = 120s (custom)
2019-09-19 10:44:02,122 [pool-49-thread-1] INFO  server.RaftServerConfigKeys (ConfUtils.java:logGet(43)) - raft.server.log.use.memory = false (default)
2019-09-19 10:44:02,122 [pool-49-thread-1] INFO  server.RaftServerConfigKeys (ConfUtils.java:logGet(43)) - raft.server.log.purge.gap = 1000000 (custom)
2019-09-19 10:44:02,122 [pool-49-thread-1] INFO  server.RaftServerConfigKeys (ConfUtils.java:logGet(43)) - raft.server.log.appender.buffer.byte-limit = 33554432 (custom)
2019-09-19 10:44:02,123 [pool-49-thread-1] INFO  server.RaftServerConfigKeys (ConfUtils.java:logGet(43)) - raft.server.log.segment.size.max = 1048576 (custom)
2019-09-19 10:44:02,123 [pool-49-thread-1] INFO  server.RaftServerConfigKeys (ConfUtils.java:logGet(43)) - raft.server.log.segment.cache.num.max = 2 (custom)
2019-09-19 10:44:02,123 [pool-49-thread-1] INFO  segmented.SegmentedRaftLogWorker (SegmentedRaftLogWorker.java:<init>(172)) - new e855218f-cb01-4dd8-a582-b24365f170a0-SegmentedRaftLogWorker:Storage Directory /workdir/hadoop-ozone/tools/target/test-dir/MiniOzoneClusterImpl-906ca9d4-12e2-4885-9d3d-2383beb6722b/datanode-2/data/ratis/30550a36-23a3-44ab-a966-5a37df2c0a69 for RaftStorage:Storage Directory /workdir/hadoop-ozone/tools/target/test-dir/MiniOzoneClusterImpl-906ca9d4-12e2-4885-9d3d-2383beb6722b/datanode-2/data/ratis/30550a36-23a3-44ab-a966-5a37df2c0a69
2019-09-19 10:44:02,123 [pool-49-thread-1] INFO  server.RaftServerConfigKeys (ConfUtils.java:logGet(43)) - raft.server.log.queue.byte-limit = 2147483647 (custom)
2019-09-19 10:44:02,123 [pool-49-thread-1] INFO  server.RaftServerConfigKeys (ConfUtils.java:logGet(43)) - raft.server.log.queue.element-limit = 1024 (custom)
2019-09-19 10:44:02,123 [pool-49-thread-1] INFO  server.RaftServerConfigKeys (ConfUtils.java:logGet(43)) - raft.server.log.segment.size.max = 1048576 (custom)
2019-09-19 10:44:02,124 [pool-49-thread-1] INFO  server.RaftServerConfigKeys (ConfUtils.java:logGet(43)) - raft.server.log.preallocated.size = 16384 (custom)
2019-09-19 10:44:02,124 [pool-49-thread-1] INFO  server.RaftServerConfigKeys (ConfUtils.java:logGet(43)) - raft.server.log.write.buffer.size = 33554432 (custom)
2019-09-19 10:44:02,124 [pool-49-thread-1] INFO  server.RaftServerConfigKeys (ConfUtils.java:logGet(43)) - raft.server.log.force.sync.num = 128 (default)
2019-09-19 10:44:02,124 [pool-49-thread-1] INFO  server.RaftServerConfigKeys (ConfUtils.java:logGet(43)) - raft.server.log.statemachine.data.sync = true (default)
2019-09-19 10:44:02,124 [pool-49-thread-1] INFO  server.RaftServerConfigKeys (ConfUtils.java:logGet(43)) - raft.server.log.statemachine.data.sync.timeout = 10s (default)
2019-09-19 10:44:02,124 [pool-49-thread-1] INFO  server.RaftServerConfigKeys (ConfUtils.java:logGet(43)) - raft.server.log.statemachine.data.sync.timeout.retry = -1 (default)
2019-09-19 10:44:02,124 [pool-49-thread-1] INFO  server.RaftServerConfigKeys (ConfUtils.java:logGet(43)) - raft.server.log.statemachine.data.caching.enabled = true (custom)
2019-09-19 10:44:02,125 [pool-49-thread-1] INFO  segmented.SegmentedRaftLogWorker (SegmentedRaftLogWorker.java:lambda$new$0(132)) - e855218f-cb01-4dd8-a582-b24365f170a0-SegmentedRaftLogWorker:Storage Directory /workdir/hadoop-ozone/tools/target/test-dir/MiniOzoneClusterImpl-906ca9d4-12e2-4885-9d3d-2383beb6722b/datanode-2/data/ratis/30550a36-23a3-44ab-a966-5a37df2c0a69: flushIndex: setUnconditionally 0 -> -1
2019-09-19 10:44:02,125 [pool-49-thread-1] INFO  server.RaftServerConfigKeys (ConfUtils.java:logGet(43)) - raft.server.snapshot.auto.trigger.enabled = true (custom)
2019-09-19 10:44:02,125 [pool-49-thread-1] INFO  server.RaftServerConfigKeys (ConfUtils.java:logGet(43)) - raft.server.snapshot.auto.trigger.threshold = 10000 (custom)
2019-09-19 10:44:02,125 [pool-49-thread-1] INFO  server.RaftServerConfigKeys (ConfUtils.java:logGet(43)) - raft.server.retrycache.expirytime = 600000ms (custom)
2019-09-19 10:44:02,126 [pool-49-thread-1] INFO  impl.RaftServerImpl (RaftServerImpl.java:start(180)) - e855218f-cb01-4dd8-a582-b24365f170a0: start group-5A37DF2C0A69
2019-09-19 10:44:02,126 [pool-49-thread-1] INFO  impl.RaftServerImpl (RaftServerImpl.java:setRole(171)) - e855218f-cb01-4dd8-a582-b24365f170a0:group-5A37DF2C0A69 changes role from null to FOLLOWER at term 0 for startAsFollower
2019-09-19 10:44:02,126 [pool-49-thread-1] INFO  impl.RoleInfo (RoleInfo.java:updateAndGet(143)) - e855218f-cb01-4dd8-a582-b24365f170a0: start FollowerState
2019-09-19 10:44:02,127 [pool-49-thread-1] INFO  util.JmxRegister (JmxRegister.java:tryRegister(44)) - Successfully registered JMX Bean with object name Ratis:service=RaftServer,group=group-5A37DF2C0A69,id=e855218f-cb01-4dd8-a582-b24365f170a0
2019-09-19 10:44:02,132 [RatisPipelineUtilsThread] INFO  pipeline.PipelineStateManager (PipelineStateManager.java:addPipeline(56)) - Created pipeline Pipeline[ Id: 30550a36-23a3-44ab-a966-5a37df2c0a69, Nodes: e855218f-cb01-4dd8-a582-b24365f170a0{ip: 192.168.157.204, host: pr-hdds-1569-cpgw4-1311585219, networkLocation: /default-rack, certSerialId: null}, Type:RATIS, Factor:ONE, State:OPEN]
2019-09-19 10:44:02,133 [RatisPipelineUtilsThread] ERROR pipeline.PipelinePlacementPolicy (PipelinePlacementPolicy.java:meetCriteria(91)) - Pipeline Placement: Doesn't meet the criteria to be viable node. Heaviness: 6
2019-09-19 10:44:02,133 [RatisPipelineUtilsThread] ERROR pipeline.PipelinePlacementPolicy (PipelinePlacementPolicy.java:meetCriteria(91)) - Pipeline Placement: Doesn't meet the criteria to be viable node. Heaviness: 6
2019-09-19 10:44:02,141 [grpc-default-executor-0] INFO  impl.RaftServerProxy (RaftServerProxy.java:addNew(89)) - 85d03201-45ec-4202-b725-1ee58b28f685: addNew group-22D9A6687F30:[85d03201-45ec-4202-b725-1ee58b28f685:192.168.157.204:34005] returns group-22D9A6687F30:java.util.concurrent.CompletableFuture@25ebebf6[Not completed]
2019-09-19 10:44:02,143 [pool-27-thread-1] INFO  impl.RaftServerImpl (RaftServerImpl.java:<init>(93)) - 85d03201-45ec-4202-b725-1ee58b28f685: new RaftServerImpl for group-22D9A6687F30:[85d03201-45ec-4202-b725-1ee58b28f685:192.168.157.204:34005] with ContainerStateMachine:uninitialized
2019-09-19 10:44:02,143 [pool-27-thread-1] INFO  server.RaftServerConfigKeys (ConfUtils.java:logGet(43)) - raft.server.rpc.timeout.min = 5s (custom)
2019-09-19 10:44:02,143 [pool-27-thread-1] INFO  server.RaftServerConfigKeys (ConfUtils.java:logGet(43)) - raft.server.rpc.timeout.max = 5200ms (custom)
2019-09-19 10:44:02,144 [pool-27-thread-1] INFO  server.RaftServerConfigKeys (ConfUtils.java:logGet(43)) - raft.server.rpcslowness.timeout = 120s (custom)
2019-09-19 10:44:02,144 [pool-27-thread-1] INFO  server.RaftServerConfigKeys (ConfUtils.java:logGet(43)) - raft.server.sleep.deviation.threshold = 300 (default)
2019-09-19 10:44:02,144 [pool-27-thread-1] INFO  server.RaftServerConfigKeys (ConfUtils.java:logGet(43)) - raft.server.log.appender.install.snapshot.enabled = false (custom)
2019-09-19 10:44:02,144 [pool-27-thread-1] INFO  impl.RaftServerImpl (ServerState.java:<init>(105)) - 85d03201-45ec-4202-b725-1ee58b28f685:group-22D9A6687F30 ConfigurationManager, init=-1: [85d03201-45ec-4202-b725-1ee58b28f685:192.168.157.204:34005], old=null, confs=<EMPTY_MAP>
2019-09-19 10:44:02,144 [pool-27-thread-1] INFO  server.RaftServerConfigKeys (ConfUtils.java:logGet(43)) - raft.server.storage.dir = [/workdir/hadoop-ozone/tools/target/test-dir/MiniOzoneClusterImpl-906ca9d4-12e2-4885-9d3d-2383beb6722b/datanode-0/data/ratis] (custom)
2019-09-19 10:44:02,145 [pool-27-thread-1] INFO  storage.RaftStorageDirectory (RaftStorageDirectory.java:analyzeStorage(246)) - The storage directory /workdir/hadoop-ozone/tools/target/test-dir/MiniOzoneClusterImpl-906ca9d4-12e2-4885-9d3d-2383beb6722b/datanode-0/data/ratis/d765b776-697e-4c0a-9480-22d9a6687f30 does not exist. Creating ...
2019-09-19 10:44:02,157 [pool-27-thread-1] INFO  storage.RaftStorageDirectory (RaftStorageDirectory.java:tryLock(328)) - Lock on /workdir/hadoop-ozone/tools/target/test-dir/MiniOzoneClusterImpl-906ca9d4-12e2-4885-9d3d-2383beb6722b/datanode-0/data/ratis/d765b776-697e-4c0a-9480-22d9a6687f30/in_use.lock acquired by nodename 18272@pr-hdds-1569-cpgw4-1311585219
2019-09-19 10:44:02,202 [pool-27-thread-1] INFO  storage.RaftStorage (RaftStorage.java:format(72)) - Storage directory /workdir/hadoop-ozone/tools/target/test-dir/MiniOzoneClusterImpl-906ca9d4-12e2-4885-9d3d-2383beb6722b/datanode-0/data/ratis/d765b776-697e-4c0a-9480-22d9a6687f30 has been successfully formatted.
2019-09-19 10:44:02,202 [pool-27-thread-1] INFO  ratis.ContainerStateMachine (ContainerStateMachine.java:loadSnapshot(226)) - group-22D9A6687F30: The snapshot info is null. Setting the last applied indexto:(t:0, i:~)
2019-09-19 10:44:02,202 [pool-27-thread-1] INFO  server.RaftServerConfigKeys (ConfUtils.java:logGet(43)) - raft.server.leader.election.timeout = 120s (custom)
2019-09-19 10:44:02,203 [pool-27-thread-1] INFO  server.RaftServerConfigKeys (ConfUtils.java:logGet(43)) - raft.server.log.use.memory = false (default)
2019-09-19 10:44:02,203 [pool-27-thread-1] INFO  server.RaftServerConfigKeys (ConfUtils.java:logGet(43)) - raft.server.log.purge.gap = 1000000 (custom)
2019-09-19 10:44:02,203 [pool-27-thread-1] INFO  server.RaftServerConfigKeys (ConfUtils.java:logGet(43)) - raft.server.log.appender.buffer.byte-limit = 33554432 (custom)
2019-09-19 10:44:02,203 [pool-27-thread-1] INFO  server.RaftServerConfigKeys (ConfUtils.java:logGet(43)) - raft.server.log.segment.size.max = 1048576 (custom)
2019-09-19 10:44:02,203 [pool-27-thread-1] INFO  server.RaftServerConfigKeys (ConfUtils.java:logGet(43)) - raft.server.log.segment.cache.num.max = 2 (custom)
2019-09-19 10:44:02,203 [pool-27-thread-1] INFO  segmented.SegmentedRaftLogWorker (SegmentedRaftLogWorker.java:<init>(172)) - new 85d03201-45ec-4202-b725-1ee58b28f685-SegmentedRaftLogWorker:Storage Directory /workdir/hadoop-ozone/tools/target/test-dir/MiniOzoneClusterImpl-906ca9d4-12e2-4885-9d3d-2383beb6722b/datanode-0/data/ratis/d765b776-697e-4c0a-9480-22d9a6687f30 for RaftStorage:Storage Directory /workdir/hadoop-ozone/tools/target/test-dir/MiniOzoneClusterImpl-906ca9d4-12e2-4885-9d3d-2383beb6722b/datanode-0/data/ratis/d765b776-697e-4c0a-9480-22d9a6687f30
2019-09-19 10:44:02,204 [pool-27-thread-1] INFO  server.RaftServerConfigKeys (ConfUtils.java:logGet(43)) - raft.server.log.queue.byte-limit = 2147483647 (custom)
2019-09-19 10:44:02,204 [pool-27-thread-1] INFO  server.RaftServerConfigKeys (ConfUtils.java:logGet(43)) - raft.server.log.queue.element-limit = 1024 (custom)
2019-09-19 10:44:02,204 [pool-27-thread-1] INFO  server.RaftServerConfigKeys (ConfUtils.java:logGet(43)) - raft.server.log.segment.size.max = 1048576 (custom)
2019-09-19 10:44:02,204 [pool-27-thread-1] INFO  server.RaftServerConfigKeys (ConfUtils.java:logGet(43)) - raft.server.log.preallocated.size = 16384 (custom)
2019-09-19 10:44:02,204 [pool-27-thread-1] INFO  server.RaftServerConfigKeys (ConfUtils.java:logGet(43)) - raft.server.log.write.buffer.size = 33554432 (custom)
2019-09-19 10:44:02,204 [pool-27-thread-1] INFO  server.RaftServerConfigKeys (ConfUtils.java:logGet(43)) - raft.server.log.force.sync.num = 128 (default)
2019-09-19 10:44:02,204 [pool-27-thread-1] INFO  server.RaftServerConfigKeys (ConfUtils.java:logGet(43)) - raft.server.log.statemachine.data.sync = true (default)
2019-09-19 10:44:02,205 [pool-27-thread-1] INFO  server.RaftServerConfigKeys (ConfUtils.java:logGet(43)) - raft.server.log.statemachine.data.sync.timeout = 10s (default)
2019-09-19 10:44:02,205 [pool-27-thread-1] INFO  server.RaftServerConfigKeys (ConfUtils.java:logGet(43)) - raft.server.log.statemachine.data.sync.timeout.retry = -1 (default)
2019-09-19 10:44:02,205 [pool-27-thread-1] INFO  server.RaftServerConfigKeys (ConfUtils.java:logGet(43)) - raft.server.log.statemachine.data.caching.enabled = true (custom)
2019-09-19 10:44:02,205 [pool-27-thread-1] INFO  segmented.SegmentedRaftLogWorker (SegmentedRaftLogWorker.java:lambda$new$0(132)) - 85d03201-45ec-4202-b725-1ee58b28f685-SegmentedRaftLogWorker:Storage Directory /workdir/hadoop-ozone/tools/target/test-dir/MiniOzoneClusterImpl-906ca9d4-12e2-4885-9d3d-2383beb6722b/datanode-0/data/ratis/d765b776-697e-4c0a-9480-22d9a6687f30: flushIndex: setUnconditionally 0 -> -1
2019-09-19 10:44:02,205 [pool-27-thread-1] INFO  server.RaftServerConfigKeys (ConfUtils.java:logGet(43)) - raft.server.snapshot.auto.trigger.enabled = true (custom)
2019-09-19 10:44:02,205 [pool-27-thread-1] INFO  server.RaftServerConfigKeys (ConfUtils.java:logGet(43)) - raft.server.snapshot.auto.trigger.threshold = 10000 (custom)
2019-09-19 10:44:02,206 [pool-27-thread-1] INFO  server.RaftServerConfigKeys (ConfUtils.java:logGet(43)) - raft.server.retrycache.expirytime = 600000ms (custom)
2019-09-19 10:44:02,206 [pool-27-thread-1] INFO  impl.RaftServerImpl (RaftServerImpl.java:start(180)) - 85d03201-45ec-4202-b725-1ee58b28f685: start group-22D9A6687F30
2019-09-19 10:44:02,206 [pool-27-thread-1] INFO  impl.RaftServerImpl (RaftServerImpl.java:setRole(171)) - 85d03201-45ec-4202-b725-1ee58b28f685:group-22D9A6687F30 changes role from null to FOLLOWER at term 0 for startAsFollower
2019-09-19 10:44:02,206 [pool-27-thread-1] INFO  impl.RoleInfo (RoleInfo.java:updateAndGet(143)) - 85d03201-45ec-4202-b725-1ee58b28f685: start FollowerState
2019-09-19 10:44:02,207 [pool-27-thread-1] INFO  util.JmxRegister (JmxRegister.java:tryRegister(44)) - Successfully registered JMX Bean with object name Ratis:service=RaftServer,group=group-22D9A6687F30,id=85d03201-45ec-4202-b725-1ee58b28f685
2019-09-19 10:44:02,210 [RatisPipelineUtilsThread] INFO  pipeline.PipelineStateManager (PipelineStateManager.java:addPipeline(56)) - Created pipeline Pipeline[ Id: d765b776-697e-4c0a-9480-22d9a6687f30, Nodes: 85d03201-45ec-4202-b725-1ee58b28f685{ip: 192.168.157.204, host: pr-hdds-1569-cpgw4-1311585219, networkLocation: /default-rack, certSerialId: null}, Type:RATIS, Factor:ONE, State:OPEN]
2019-09-19 10:44:02,211 [RatisPipelineUtilsThread] ERROR pipeline.PipelinePlacementPolicy (PipelinePlacementPolicy.java:meetCriteria(91)) - Pipeline Placement: Doesn't meet the criteria to be viable node. Heaviness: 6
2019-09-19 10:44:02,211 [RatisPipelineUtilsThread] ERROR pipeline.PipelinePlacementPolicy (PipelinePlacementPolicy.java:meetCriteria(91)) - Pipeline Placement: Doesn't meet the criteria to be viable node. Heaviness: 6
2019-09-19 10:44:02,212 [RatisPipelineUtilsThread] ERROR pipeline.PipelinePlacementPolicy (PipelinePlacementPolicy.java:meetCriteria(91)) - Pipeline Placement: Doesn't meet the criteria to be viable node. Heaviness: 6
 0.00% |█                                                                                                    |  0/1 Time: 0:00:012019-09-19 10:44:02,219 [grpc-default-executor-0] INFO  impl.RaftServerProxy (RaftServerProxy.java:addNew(89)) - 2d7fb44a-ac7a-4034-a2aa-4953f070935b: addNew group-8ED0AB9EC8BE:[2d7fb44a-ac7a-4034-a2aa-4953f070935b:192.168.157.204:33301] returns group-8ED0AB9EC8BE:java.util.concurrent.CompletableFuture@77c0da54[Not completed]
2019-09-19 10:44:02,220 [pool-60-thread-1] INFO  impl.RaftServerImpl (RaftServerImpl.java:<init>(93)) - 2d7fb44a-ac7a-4034-a2aa-4953f070935b: new RaftServerImpl for group-8ED0AB9EC8BE:[2d7fb44a-ac7a-4034-a2aa-4953f070935b:192.168.157.204:33301] with ContainerStateMachine:uninitialized
2019-09-19 10:44:02,220 [pool-60-thread-1] INFO  server.RaftServerConfigKeys (ConfUtils.java:logGet(43)) - raft.server.rpc.timeout.min = 5s (custom)
2019-09-19 10:44:02,220 [pool-60-thread-1] INFO  server.RaftServerConfigKeys (ConfUtils.java:logGet(43)) - raft.server.rpc.timeout.max = 5200ms (custom)
2019-09-19 10:44:02,221 [pool-60-thread-1] INFO  server.RaftServerConfigKeys (ConfUtils.java:logGet(43)) - raft.server.rpcslowness.timeout = 120s (custom)
2019-09-19 10:44:02,221 [pool-60-thread-1] INFO  server.RaftServerConfigKeys (ConfUtils.java:logGet(43)) - raft.server.sleep.deviation.threshold = 300 (default)
2019-09-19 10:44:02,221 [pool-60-thread-1] INFO  server.RaftServerConfigKeys (ConfUtils.java:logGet(43)) - raft.server.log.appender.install.snapshot.enabled = false (custom)
2019-09-19 10:44:02,221 [pool-60-thread-1] INFO  impl.RaftServerImpl (ServerState.java:<init>(105)) - 2d7fb44a-ac7a-4034-a2aa-4953f070935b:group-8ED0AB9EC8BE ConfigurationManager, init=-1: [2d7fb44a-ac7a-4034-a2aa-4953f070935b:192.168.157.204:33301], old=null, confs=<EMPTY_MAP>
2019-09-19 10:44:02,221 [pool-60-thread-1] INFO  server.RaftServerConfigKeys (ConfUtils.java:logGet(43)) - raft.server.storage.dir = [/workdir/hadoop-ozone/tools/target/test-dir/MiniOzoneClusterImpl-906ca9d4-12e2-4885-9d3d-2383beb6722b/datanode-3/data/ratis] (custom)
2019-09-19 10:44:02,221 [pool-60-thread-1] INFO  storage.RaftStorageDirectory (RaftStorageDirectory.java:analyzeStorage(246)) - The storage directory /workdir/hadoop-ozone/tools/target/test-dir/MiniOzoneClusterImpl-906ca9d4-12e2-4885-9d3d-2383beb6722b/datanode-3/data/ratis/6a3f35d2-4842-432d-ace5-8ed0ab9ec8be does not exist. Creating ...
2019-09-19 10:44:02,234 [pool-60-thread-1] INFO  storage.RaftStorageDirectory (RaftStorageDirectory.java:tryLock(328)) - Lock on /workdir/hadoop-ozone/tools/target/test-dir/MiniOzoneClusterImpl-906ca9d4-12e2-4885-9d3d-2383beb6722b/datanode-3/data/ratis/6a3f35d2-4842-432d-ace5-8ed0ab9ec8be/in_use.lock acquired by nodename 18272@pr-hdds-1569-cpgw4-1311585219
2019-09-19 10:44:02,247 [pool-60-thread-1] INFO  storage.RaftStorage (RaftStorage.java:format(72)) - Storage directory /workdir/hadoop-ozone/tools/target/test-dir/MiniOzoneClusterImpl-906ca9d4-12e2-4885-9d3d-2383beb6722b/datanode-3/data/ratis/6a3f35d2-4842-432d-ace5-8ed0ab9ec8be has been successfully formatted.
2019-09-19 10:44:02,247 [pool-60-thread-1] INFO  ratis.ContainerStateMachine (ContainerStateMachine.java:loadSnapshot(226)) - group-8ED0AB9EC8BE: The snapshot info is null. Setting the last applied indexto:(t:0, i:~)
2019-09-19 10:44:02,247 [pool-60-thread-1] INFO  server.RaftServerConfigKeys (ConfUtils.java:logGet(43)) - raft.server.leader.election.timeout = 120s (custom)
2019-09-19 10:44:02,247 [pool-60-thread-1] INFO  server.RaftServerConfigKeys (ConfUtils.java:logGet(43)) - raft.server.log.use.memory = false (default)
2019-09-19 10:44:02,247 [pool-60-thread-1] INFO  server.RaftServerConfigKeys (ConfUtils.java:logGet(43)) - raft.server.log.purge.gap = 1000000 (custom)
2019-09-19 10:44:02,248 [pool-60-thread-1] INFO  server.RaftServerConfigKeys (ConfUtils.java:logGet(43)) - raft.server.log.appender.buffer.byte-limit = 33554432 (custom)
2019-09-19 10:44:02,248 [pool-60-thread-1] INFO  server.RaftServerConfigKeys (ConfUtils.java:logGet(43)) - raft.server.log.segment.size.max = 1048576 (custom)
2019-09-19 10:44:02,248 [pool-60-thread-1] INFO  server.RaftServerConfigKeys (ConfUtils.java:logGet(43)) - raft.server.log.segment.cache.num.max = 2 (custom)
2019-09-19 10:44:02,248 [pool-60-thread-1] INFO  segmented.SegmentedRaftLogWorker (SegmentedRaftLogWorker.java:<init>(172)) - new 2d7fb44a-ac7a-4034-a2aa-4953f070935b-SegmentedRaftLogWorker:Storage Directory /workdir/hadoop-ozone/tools/target/test-dir/MiniOzoneClusterImpl-906ca9d4-12e2-4885-9d3d-2383beb6722b/datanode-3/data/ratis/6a3f35d2-4842-432d-ace5-8ed0ab9ec8be for RaftStorage:Storage Directory /workdir/hadoop-ozone/tools/target/test-dir/MiniOzoneClusterImpl-906ca9d4-12e2-4885-9d3d-2383beb6722b/datanode-3/data/ratis/6a3f35d2-4842-432d-ace5-8ed0ab9ec8be
2019-09-19 10:44:02,248 [pool-60-thread-1] INFO  server.RaftServerConfigKeys (ConfUtils.java:logGet(43)) - raft.server.log.queue.byte-limit = 2147483647 (custom)
2019-09-19 10:44:02,248 [pool-60-thread-1] INFO  server.RaftServerConfigKeys (ConfUtils.java:logGet(43)) - raft.server.log.queue.element-limit = 1024 (custom)
2019-09-19 10:44:02,248 [pool-60-thread-1] INFO  server.RaftServerConfigKeys (ConfUtils.java:logGet(43)) - raft.server.log.segment.size.max = 1048576 (custom)
2019-09-19 10:44:02,248 [pool-60-thread-1] INFO  server.RaftServerConfigKeys (ConfUtils.java:logGet(43)) - raft.server.log.preallocated.size = 16384 (custom)
2019-09-19 10:44:02,248 [pool-60-thread-1] INFO  server.RaftServerConfigKeys (ConfUtils.java:logGet(43)) - raft.server.log.write.buffer.size = 33554432 (custom)
2019-09-19 10:44:02,249 [pool-60-thread-1] INFO  server.RaftServerConfigKeys (ConfUtils.java:logGet(43)) - raft.server.log.force.sync.num = 128 (default)
2019-09-19 10:44:02,249 [pool-60-thread-1] INFO  server.RaftServerConfigKeys (ConfUtils.java:logGet(43)) - raft.server.log.statemachine.data.sync = true (default)
2019-09-19 10:44:02,249 [pool-60-thread-1] INFO  server.RaftServerConfigKeys (ConfUtils.java:logGet(43)) - raft.server.log.statemachine.data.sync.timeout = 10s (default)
2019-09-19 10:44:02,249 [pool-60-thread-1] INFO  server.RaftServerConfigKeys (ConfUtils.java:logGet(43)) - raft.server.log.statemachine.data.sync.timeout.retry = -1 (default)
2019-09-19 10:44:02,249 [pool-60-thread-1] INFO  server.RaftServerConfigKeys (ConfUtils.java:logGet(43)) - raft.server.log.statemachine.data.caching.enabled = true (custom)
2019-09-19 10:44:02,249 [pool-60-thread-1] INFO  segmented.SegmentedRaftLogWorker (SegmentedRaftLogWorker.java:lambda$new$0(132)) - 2d7fb44a-ac7a-4034-a2aa-4953f070935b-SegmentedRaftLogWorker:Storage Directory /workdir/hadoop-ozone/tools/target/test-dir/MiniOzoneClusterImpl-906ca9d4-12e2-4885-9d3d-2383beb6722b/datanode-3/data/ratis/6a3f35d2-4842-432d-ace5-8ed0ab9ec8be: flushIndex: setUnconditionally 0 -> -1
2019-09-19 10:44:02,250 [pool-60-thread-1] INFO  server.RaftServerConfigKeys (ConfUtils.java:logGet(43)) - raft.server.snapshot.auto.trigger.enabled = true (custom)
2019-09-19 10:44:02,250 [pool-60-thread-1] INFO  server.RaftServerConfigKeys (ConfUtils.java:logGet(43)) - raft.server.snapshot.auto.trigger.threshold = 10000 (custom)
2019-09-19 10:44:02,250 [pool-60-thread-1] INFO  server.RaftServerConfigKeys (ConfUtils.java:logGet(43)) - raft.server.retrycache.expirytime = 600000ms (custom)
2019-09-19 10:44:02,250 [pool-60-thread-1] INFO  impl.RaftServerImpl (RaftServerImpl.java:start(180)) - 2d7fb44a-ac7a-4034-a2aa-4953f070935b: start group-8ED0AB9EC8BE
2019-09-19 10:44:02,250 [pool-60-thread-1] INFO  impl.RaftServerImpl (RaftServerImpl.java:setRole(171)) - 2d7fb44a-ac7a-4034-a2aa-4953f070935b:group-8ED0AB9EC8BE changes role from null to FOLLOWER at term 0 for startAsFollower
2019-09-19 10:44:02,250 [pool-60-thread-1] INFO  impl.RoleInfo (RoleInfo.java:updateAndGet(143)) - 2d7fb44a-ac7a-4034-a2aa-4953f070935b: start FollowerState
2019-09-19 10:44:02,251 [pool-60-thread-1] INFO  util.JmxRegister (JmxRegister.java:tryRegister(44)) - Successfully registered JMX Bean with object name Ratis:service=RaftServer,group=group-8ED0AB9EC8BE,id=2d7fb44a-ac7a-4034-a2aa-4953f070935b
2019-09-19 10:44:02,254 [RatisPipelineUtilsThread] INFO  pipeline.PipelineStateManager (PipelineStateManager.java:addPipeline(56)) - Created pipeline Pipeline[ Id: 6a3f35d2-4842-432d-ace5-8ed0ab9ec8be, Nodes: 2d7fb44a-ac7a-4034-a2aa-4953f070935b{ip: 192.168.157.204, host: pr-hdds-1569-cpgw4-1311585219, networkLocation: /default-rack, certSerialId: null}, Type:RATIS, Factor:ONE, State:OPEN]
2019-09-19 10:44:02,256 [RatisPipelineUtilsThread] ERROR pipeline.PipelinePlacementPolicy (PipelinePlacementPolicy.java:meetCriteria(91)) - Pipeline Placement: Doesn't meet the criteria to be viable node. Heaviness: 6
2019-09-19 10:44:02,256 [RatisPipelineUtilsThread] ERROR pipeline.PipelinePlacementPolicy (PipelinePlacementPolicy.java:meetCriteria(91)) - Pipeline Placement: Doesn't meet the criteria to be viable node. Heaviness: 6
2019-09-19 10:44:02,256 [RatisPipelineUtilsThread] ERROR pipeline.PipelinePlacementPolicy (PipelinePlacementPolicy.java:meetCriteria(91)) - Pipeline Placement: Doesn't meet the criteria to be viable node. Heaviness: 6
2019-09-19 10:44:02,264 [grpc-default-executor-0] INFO  impl.RaftServerProxy (RaftServerProxy.java:addNew(89)) - 2d7fb44a-ac7a-4034-a2aa-4953f070935b: addNew group-D84DAF65D89D:[2d7fb44a-ac7a-4034-a2aa-4953f070935b:192.168.157.204:33301] returns group-D84DAF65D89D:java.util.concurrent.CompletableFuture@2ab67ea4[Not completed]
2019-09-19 10:44:02,265 [pool-60-thread-1] INFO  impl.RaftServerImpl (RaftServerImpl.java:<init>(93)) - 2d7fb44a-ac7a-4034-a2aa-4953f070935b: new RaftServerImpl for group-D84DAF65D89D:[2d7fb44a-ac7a-4034-a2aa-4953f070935b:192.168.157.204:33301] with ContainerStateMachine:uninitialized
2019-09-19 10:44:02,265 [pool-60-thread-1] INFO  server.RaftServerConfigKeys (ConfUtils.java:logGet(43)) - raft.server.rpc.timeout.min = 5s (custom)
2019-09-19 10:44:02,265 [pool-60-thread-1] INFO  server.RaftServerConfigKeys (ConfUtils.java:logGet(43)) - raft.server.rpc.timeout.max = 5200ms (custom)
2019-09-19 10:44:02,265 [pool-60-thread-1] INFO  server.RaftServerConfigKeys (ConfUtils.java:logGet(43)) - raft.server.rpcslowness.timeout = 120s (custom)
2019-09-19 10:44:02,265 [pool-60-thread-1] INFO  server.RaftServerConfigKeys (ConfUtils.java:logGet(43)) - raft.server.sleep.deviation.threshold = 300 (default)
2019-09-19 10:44:02,265 [pool-60-thread-1] INFO  server.RaftServerConfigKeys (ConfUtils.java:logGet(43)) - raft.server.log.appender.install.snapshot.enabled = false (custom)
2019-09-19 10:44:02,266 [pool-60-thread-1] INFO  impl.RaftServerImpl (ServerState.java:<init>(105)) - 2d7fb44a-ac7a-4034-a2aa-4953f070935b:group-D84DAF65D89D ConfigurationManager, init=-1: [2d7fb44a-ac7a-4034-a2aa-4953f070935b:192.168.157.204:33301], old=null, confs=<EMPTY_MAP>
2019-09-19 10:44:02,266 [pool-60-thread-1] INFO  server.RaftServerConfigKeys (ConfUtils.java:logGet(43)) - raft.server.storage.dir = [/workdir/hadoop-ozone/tools/target/test-dir/MiniOzoneClusterImpl-906ca9d4-12e2-4885-9d3d-2383beb6722b/datanode-3/data/ratis] (custom)
2019-09-19 10:44:02,266 [pool-60-thread-1] INFO  storage.RaftStorageDirectory (RaftStorageDirectory.java:analyzeStorage(246)) - The storage directory /workdir/hadoop-ozone/tools/target/test-dir/MiniOzoneClusterImpl-906ca9d4-12e2-4885-9d3d-2383beb6722b/datanode-3/data/ratis/c0b5e6d0-3b13-4270-bf80-d84daf65d89d does not exist. Creating ...
2019-09-19 10:44:02,278 [pool-60-thread-1] INFO  storage.RaftStorageDirectory (RaftStorageDirectory.java:tryLock(328)) - Lock on /workdir/hadoop-ozone/tools/target/test-dir/MiniOzoneClusterImpl-906ca9d4-12e2-4885-9d3d-2383beb6722b/datanode-3/data/ratis/c0b5e6d0-3b13-4270-bf80-d84daf65d89d/in_use.lock acquired by nodename 18272@pr-hdds-1569-cpgw4-1311585219
2019-09-19 10:44:02,291 [pool-60-thread-1] INFO  storage.RaftStorage (RaftStorage.java:format(72)) - Storage directory /workdir/hadoop-ozone/tools/target/test-dir/MiniOzoneClusterImpl-906ca9d4-12e2-4885-9d3d-2383beb6722b/datanode-3/data/ratis/c0b5e6d0-3b13-4270-bf80-d84daf65d89d has been successfully formatted.
2019-09-19 10:44:02,291 [pool-60-thread-1] INFO  ratis.ContainerStateMachine (ContainerStateMachine.java:loadSnapshot(226)) - group-D84DAF65D89D: The snapshot info is null. Setting the last applied indexto:(t:0, i:~)
2019-09-19 10:44:02,291 [pool-60-thread-1] INFO  server.RaftServerConfigKeys (ConfUtils.java:logGet(43)) - raft.server.leader.election.timeout = 120s (custom)
2019-09-19 10:44:02,291 [pool-60-thread-1] INFO  server.RaftServerConfigKeys (ConfUtils.java:logGet(43)) - raft.server.log.use.memory = false (default)
2019-09-19 10:44:02,292 [pool-60-thread-1] INFO  server.RaftServerConfigKeys (ConfUtils.java:logGet(43)) - raft.server.log.purge.gap = 1000000 (custom)
2019-09-19 10:44:02,292 [pool-60-thread-1] INFO  server.RaftServerConfigKeys (ConfUtils.java:logGet(43)) - raft.server.log.appender.buffer.byte-limit = 33554432 (custom)
2019-09-19 10:44:02,292 [pool-60-thread-1] INFO  server.RaftServerConfigKeys (ConfUtils.java:logGet(43)) - raft.server.log.segment.size.max = 1048576 (custom)
2019-09-19 10:44:02,292 [pool-60-thread-1] INFO  server.RaftServerConfigKeys (ConfUtils.java:logGet(43)) - raft.server.log.segment.cache.num.max = 2 (custom)
2019-09-19 10:44:02,292 [pool-60-thread-1] INFO  segmented.SegmentedRaftLogWorker (SegmentedRaftLogWorker.java:<init>(172)) - new 2d7fb44a-ac7a-4034-a2aa-4953f070935b-SegmentedRaftLogWorker:Storage Directory /workdir/hadoop-ozone/tools/target/test-dir/MiniOzoneClusterImpl-906ca9d4-12e2-4885-9d3d-2383beb6722b/datanode-3/data/ratis/c0b5e6d0-3b13-4270-bf80-d84daf65d89d for RaftStorage:Storage Directory /workdir/hadoop-ozone/tools/target/test-dir/MiniOzoneClusterImpl-906ca9d4-12e2-4885-9d3d-2383beb6722b/datanode-3/data/ratis/c0b5e6d0-3b13-4270-bf80-d84daf65d89d
2019-09-19 10:44:02,292 [pool-60-thread-1] INFO  server.RaftServerConfigKeys (ConfUtils.java:logGet(43)) - raft.server.log.queue.byte-limit = 2147483647 (custom)
2019-09-19 10:44:02,292 [pool-60-thread-1] INFO  server.RaftServerConfigKeys (ConfUtils.java:logGet(43)) - raft.server.log.queue.element-limit = 1024 (custom)
2019-09-19 10:44:02,292 [pool-60-thread-1] INFO  server.RaftServerConfigKeys (ConfUtils.java:logGet(43)) - raft.server.log.segment.size.max = 1048576 (custom)
2019-09-19 10:44:02,292 [pool-60-thread-1] INFO  server.RaftServerConfigKeys (ConfUtils.java:logGet(43)) - raft.server.log.preallocated.size = 16384 (custom)
2019-09-19 10:44:02,293 [pool-60-thread-1] INFO  server.RaftServerConfigKeys (ConfUtils.java:logGet(43)) - raft.server.log.write.buffer.size = 33554432 (custom)
2019-09-19 10:44:02,293 [pool-60-thread-1] INFO  server.RaftServerConfigKeys (ConfUtils.java:logGet(43)) - raft.server.log.force.sync.num = 128 (default)
2019-09-19 10:44:02,293 [pool-60-thread-1] INFO  server.RaftServerConfigKeys (ConfUtils.java:logGet(43)) - raft.server.log.statemachine.data.sync = true (default)
2019-09-19 10:44:02,293 [pool-60-thread-1] INFO  server.RaftServerConfigKeys (ConfUtils.java:logGet(43)) - raft.server.log.statemachine.data.sync.timeout = 10s (default)
2019-09-19 10:44:02,293 [pool-60-thread-1] INFO  server.RaftServerConfigKeys (ConfUtils.java:logGet(43)) - raft.server.log.statemachine.data.sync.timeout.retry = -1 (default)
2019-09-19 10:44:02,293 [pool-60-thread-1] INFO  server.RaftServerConfigKeys (ConfUtils.java:logGet(43)) - raft.server.log.statemachine.data.caching.enabled = true (custom)
2019-09-19 10:44:02,293 [pool-60-thread-1] INFO  segmented.SegmentedRaftLogWorker (SegmentedRaftLogWorker.java:lambda$new$0(132)) - 2d7fb44a-ac7a-4034-a2aa-4953f070935b-SegmentedRaftLogWorker:Storage Directory /workdir/hadoop-ozone/tools/target/test-dir/MiniOzoneClusterImpl-906ca9d4-12e2-4885-9d3d-2383beb6722b/datanode-3/data/ratis/c0b5e6d0-3b13-4270-bf80-d84daf65d89d: flushIndex: setUnconditionally 0 -> -1
2019-09-19 10:44:02,294 [pool-60-thread-1] INFO  server.RaftServerConfigKeys (ConfUtils.java:logGet(43)) - raft.server.snapshot.auto.trigger.enabled = true (custom)
2019-09-19 10:44:02,294 [pool-60-thread-1] INFO  server.RaftServerConfigKeys (ConfUtils.java:logGet(43)) - raft.server.snapshot.auto.trigger.threshold = 10000 (custom)
2019-09-19 10:44:02,294 [pool-60-thread-1] INFO  server.RaftServerConfigKeys (ConfUtils.java:logGet(43)) - raft.server.retrycache.expirytime = 600000ms (custom)
2019-09-19 10:44:02,294 [pool-60-thread-1] INFO  impl.RaftServerImpl (RaftServerImpl.java:start(180)) - 2d7fb44a-ac7a-4034-a2aa-4953f070935b: start group-D84DAF65D89D
2019-09-19 10:44:02,294 [pool-60-thread-1] INFO  impl.RaftServerImpl (RaftServerImpl.java:setRole(171)) - 2d7fb44a-ac7a-4034-a2aa-4953f070935b:group-D84DAF65D89D changes role from null to FOLLOWER at term 0 for startAsFollower
2019-09-19 10:44:02,294 [pool-60-thread-1] INFO  impl.RoleInfo (RoleInfo.java:updateAndGet(143)) - 2d7fb44a-ac7a-4034-a2aa-4953f070935b: start FollowerState
2019-09-19 10:44:02,295 [pool-60-thread-1] INFO  util.JmxRegister (JmxRegister.java:tryRegister(44)) - Successfully registered JMX Bean with object name Ratis:service=RaftServer,group=group-D84DAF65D89D,id=2d7fb44a-ac7a-4034-a2aa-4953f070935b
2019-09-19 10:44:02,299 [RatisPipelineUtilsThread] INFO  pipeline.PipelineStateManager (PipelineStateManager.java:addPipeline(56)) - Created pipeline Pipeline[ Id: c0b5e6d0-3b13-4270-bf80-d84daf65d89d, Nodes: 2d7fb44a-ac7a-4034-a2aa-4953f070935b{ip: 192.168.157.204, host: pr-hdds-1569-cpgw4-1311585219, networkLocation: /default-rack, certSerialId: null}, Type:RATIS, Factor:ONE, State:OPEN]
2019-09-19 10:44:02,301 [RatisPipelineUtilsThread] ERROR pipeline.PipelinePlacementPolicy (PipelinePlacementPolicy.java:meetCriteria(91)) - Pipeline Placement: Doesn't meet the criteria to be viable node. Heaviness: 6
2019-09-19 10:44:02,301 [RatisPipelineUtilsThread] ERROR pipeline.PipelinePlacementPolicy (PipelinePlacementPolicy.java:meetCriteria(91)) - Pipeline Placement: Doesn't meet the criteria to be viable node. Heaviness: 6
2019-09-19 10:44:02,301 [RatisPipelineUtilsThread] ERROR pipeline.PipelinePlacementPolicy (PipelinePlacementPolicy.java:meetCriteria(91)) - Pipeline Placement: Doesn't meet the criteria to be viable node. Heaviness: 6
2019-09-19 10:44:02,311 [grpc-default-executor-0] INFO  impl.RaftServerProxy (RaftServerProxy.java:addNew(89)) - 470b673e-7c3c-4972-9ac8-3342d713d76f: addNew group-B6C108F2066D:[470b673e-7c3c-4972-9ac8-3342d713d76f:192.168.157.204:38229] returns group-B6C108F2066D:java.util.concurrent.CompletableFuture@6237b7a9[Not completed]
2019-09-19 10:44:02,313 [pool-71-thread-1] INFO  impl.RaftServerImpl (RaftServerImpl.java:<init>(93)) - 470b673e-7c3c-4972-9ac8-3342d713d76f: new RaftServerImpl for group-B6C108F2066D:[470b673e-7c3c-4972-9ac8-3342d713d76f:192.168.157.204:38229] with ContainerStateMachine:uninitialized
2019-09-19 10:44:02,313 [pool-71-thread-1] INFO  server.RaftServerConfigKeys (ConfUtils.java:logGet(43)) - raft.server.rpc.timeout.min = 5s (custom)
2019-09-19 10:44:02,313 [pool-71-thread-1] INFO  server.RaftServerConfigKeys (ConfUtils.java:logGet(43)) - raft.server.rpc.timeout.max = 5200ms (custom)
2019-09-19 10:44:02,313 [pool-71-thread-1] INFO  server.RaftServerConfigKeys (ConfUtils.java:logGet(43)) - raft.server.rpcslowness.timeout = 120s (custom)
2019-09-19 10:44:02,313 [pool-71-thread-1] INFO  server.RaftServerConfigKeys (ConfUtils.java:logGet(43)) - raft.server.sleep.deviation.threshold = 300 (default)
2019-09-19 10:44:02,314 [pool-71-thread-1] INFO  server.RaftServerConfigKeys (ConfUtils.java:logGet(43)) - raft.server.log.appender.install.snapshot.enabled = false (custom)
2019-09-19 10:44:02,314 [pool-71-thread-1] INFO  impl.RaftServerImpl (ServerState.java:<init>(105)) - 470b673e-7c3c-4972-9ac8-3342d713d76f:group-B6C108F2066D ConfigurationManager, init=-1: [470b673e-7c3c-4972-9ac8-3342d713d76f:192.168.157.204:38229], old=null, confs=<EMPTY_MAP>
2019-09-19 10:44:02,314 [pool-71-thread-1] INFO  server.RaftServerConfigKeys (ConfUtils.java:logGet(43)) - raft.server.storage.dir = [/workdir/hadoop-ozone/tools/target/test-dir/MiniOzoneClusterImpl-906ca9d4-12e2-4885-9d3d-2383beb6722b/datanode-4/data/ratis] (custom)
2019-09-19 10:44:02,314 [pool-71-thread-1] INFO  storage.RaftStorageDirectory (RaftStorageDirectory.java:analyzeStorage(246)) - The storage directory /workdir/hadoop-ozone/tools/target/test-dir/MiniOzoneClusterImpl-906ca9d4-12e2-4885-9d3d-2383beb6722b/datanode-4/data/ratis/1be115cc-fb69-42a5-9f12-b6c108f2066d does not exist. Creating ...
2019-09-19 10:44:02,327 [pool-71-thread-1] INFO  storage.RaftStorageDirectory (RaftStorageDirectory.java:tryLock(328)) - Lock on /workdir/hadoop-ozone/tools/target/test-dir/MiniOzoneClusterImpl-906ca9d4-12e2-4885-9d3d-2383beb6722b/datanode-4/data/ratis/1be115cc-fb69-42a5-9f12-b6c108f2066d/in_use.lock acquired by nodename 18272@pr-hdds-1569-cpgw4-1311585219
2019-09-19 10:44:02,340 [pool-71-thread-1] INFO  storage.RaftStorage (RaftStorage.java:format(72)) - Storage directory /workdir/hadoop-ozone/tools/target/test-dir/MiniOzoneClusterImpl-906ca9d4-12e2-4885-9d3d-2383beb6722b/datanode-4/data/ratis/1be115cc-fb69-42a5-9f12-b6c108f2066d has been successfully formatted.
2019-09-19 10:44:02,340 [pool-71-thread-1] INFO  ratis.ContainerStateMachine (ContainerStateMachine.java:loadSnapshot(226)) - group-B6C108F2066D: The snapshot info is null. Setting the last applied indexto:(t:0, i:~)
2019-09-19 10:44:02,340 [pool-71-thread-1] INFO  server.RaftServerConfigKeys (ConfUtils.java:logGet(43)) - raft.server.leader.election.timeout = 120s (custom)
2019-09-19 10:44:02,340 [pool-71-thread-1] INFO  server.RaftServerConfigKeys (ConfUtils.java:logGet(43)) - raft.server.log.use.memory = false (default)
2019-09-19 10:44:02,341 [pool-71-thread-1] INFO  server.RaftServerConfigKeys (ConfUtils.java:logGet(43)) - raft.server.log.purge.gap = 1000000 (custom)
2019-09-19 10:44:02,341 [pool-71-thread-1] INFO  server.RaftServerConfigKeys (ConfUtils.java:logGet(43)) - raft.server.log.appender.buffer.byte-limit = 33554432 (custom)
2019-09-19 10:44:02,341 [pool-71-thread-1] INFO  server.RaftServerConfigKeys (ConfUtils.java:logGet(43)) - raft.server.log.segment.size.max = 1048576 (custom)
2019-09-19 10:44:02,341 [pool-71-thread-1] INFO  server.RaftServerConfigKeys (ConfUtils.java:logGet(43)) - raft.server.log.segment.cache.num.max = 2 (custom)
2019-09-19 10:44:02,341 [pool-71-thread-1] INFO  segmented.SegmentedRaftLogWorker (SegmentedRaftLogWorker.java:<init>(172)) - new 470b673e-7c3c-4972-9ac8-3342d713d76f-SegmentedRaftLogWorker:Storage Directory /workdir/hadoop-ozone/tools/target/test-dir/MiniOzoneClusterImpl-906ca9d4-12e2-4885-9d3d-2383beb6722b/datanode-4/data/ratis/1be115cc-fb69-42a5-9f12-b6c108f2066d for RaftStorage:Storage Directory /workdir/hadoop-ozone/tools/target/test-dir/MiniOzoneClusterImpl-906ca9d4-12e2-4885-9d3d-2383beb6722b/datanode-4/data/ratis/1be115cc-fb69-42a5-9f12-b6c108f2066d
2019-09-19 10:44:02,341 [pool-71-thread-1] INFO  server.RaftServerConfigKeys (ConfUtils.java:logGet(43)) - raft.server.log.queue.byte-limit = 2147483647 (custom)
2019-09-19 10:44:02,342 [pool-71-thread-1] INFO  server.RaftServerConfigKeys (ConfUtils.java:logGet(43)) - raft.server.log.queue.element-limit = 1024 (custom)
2019-09-19 10:44:02,342 [pool-71-thread-1] INFO  server.RaftServerConfigKeys (ConfUtils.java:logGet(43)) - raft.server.log.segment.size.max = 1048576 (custom)
2019-09-19 10:44:02,342 [pool-71-thread-1] INFO  server.RaftServerConfigKeys (ConfUtils.java:logGet(43)) - raft.server.log.preallocated.size = 16384 (custom)
2019-09-19 10:44:02,342 [pool-71-thread-1] INFO  server.RaftServerConfigKeys (ConfUtils.java:logGet(43)) - raft.server.log.write.buffer.size = 33554432 (custom)
2019-09-19 10:44:02,342 [pool-71-thread-1] INFO  server.RaftServerConfigKeys (ConfUtils.java:logGet(43)) - raft.server.log.force.sync.num = 128 (default)
2019-09-19 10:44:02,342 [pool-71-thread-1] INFO  server.RaftServerConfigKeys (ConfUtils.java:logGet(43)) - raft.server.log.statemachine.data.sync = true (default)
2019-09-19 10:44:02,343 [pool-71-thread-1] INFO  server.RaftServerConfigKeys (ConfUtils.java:logGet(43)) - raft.server.log.statemachine.data.sync.timeout = 10s (default)
2019-09-19 10:44:02,343 [pool-71-thread-1] INFO  server.RaftServerConfigKeys (ConfUtils.java:logGet(43)) - raft.server.log.statemachine.data.sync.timeout.retry = -1 (default)
2019-09-19 10:44:02,343 [pool-71-thread-1] INFO  server.RaftServerConfigKeys (ConfUtils.java:logGet(43)) - raft.server.log.statemachine.data.caching.enabled = true (custom)
2019-09-19 10:44:02,343 [pool-71-thread-1] INFO  segmented.SegmentedRaftLogWorker (SegmentedRaftLogWorker.java:lambda$new$0(132)) - 470b673e-7c3c-4972-9ac8-3342d713d76f-SegmentedRaftLogWorker:Storage Directory /workdir/hadoop-ozone/tools/target/test-dir/MiniOzoneClusterImpl-906ca9d4-12e2-4885-9d3d-2383beb6722b/datanode-4/data/ratis/1be115cc-fb69-42a5-9f12-b6c108f2066d: flushIndex: setUnconditionally 0 -> -1
2019-09-19 10:44:02,344 [pool-71-thread-1] INFO  server.RaftServerConfigKeys (ConfUtils.java:logGet(43)) - raft.server.snapshot.auto.trigger.enabled = true (custom)
2019-09-19 10:44:02,344 [pool-71-thread-1] INFO  server.RaftServerConfigKeys (ConfUtils.java:logGet(43)) - raft.server.snapshot.auto.trigger.threshold = 10000 (custom)
2019-09-19 10:44:02,344 [pool-71-thread-1] INFO  server.RaftServerConfigKeys (ConfUtils.java:logGet(43)) - raft.server.retrycache.expirytime = 600000ms (custom)
2019-09-19 10:44:02,344 [pool-71-thread-1] INFO  impl.RaftServerImpl (RaftServerImpl.java:start(180)) - 470b673e-7c3c-4972-9ac8-3342d713d76f: start group-B6C108F2066D
2019-09-19 10:44:02,344 [pool-71-thread-1] INFO  impl.RaftServerImpl (RaftServerImpl.java:setRole(171)) - 470b673e-7c3c-4972-9ac8-3342d713d76f:group-B6C108F2066D changes role from null to FOLLOWER at term 0 for startAsFollower
2019-09-19 10:44:02,345 [pool-71-thread-1] INFO  impl.RoleInfo (RoleInfo.java:updateAndGet(143)) - 470b673e-7c3c-4972-9ac8-3342d713d76f: start FollowerState
2019-09-19 10:44:02,345 [pool-71-thread-1] INFO  util.JmxRegister (JmxRegister.java:tryRegister(44)) - Successfully registered JMX Bean with object name Ratis:service=RaftServer,group=group-B6C108F2066D,id=470b673e-7c3c-4972-9ac8-3342d713d76f
2019-09-19 10:44:02,350 [RatisPipelineUtilsThread] INFO  pipeline.PipelineStateManager (PipelineStateManager.java:addPipeline(56)) - Created pipeline Pipeline[ Id: 1be115cc-fb69-42a5-9f12-b6c108f2066d, Nodes: 470b673e-7c3c-4972-9ac8-3342d713d76f{ip: 192.168.157.204, host: pr-hdds-1569-cpgw4-1311585219, networkLocation: /default-rack, certSerialId: null}, Type:RATIS, Factor:ONE, State:OPEN]
2019-09-19 10:44:02,351 [RatisPipelineUtilsThread] ERROR pipeline.PipelinePlacementPolicy (PipelinePlacementPolicy.java:meetCriteria(91)) - Pipeline Placement: Doesn't meet the criteria to be viable node. Heaviness: 6
2019-09-19 10:44:02,352 [RatisPipelineUtilsThread] ERROR pipeline.PipelinePlacementPolicy (PipelinePlacementPolicy.java:meetCriteria(91)) - Pipeline Placement: Doesn't meet the criteria to be viable node. Heaviness: 6
2019-09-19 10:44:02,352 [RatisPipelineUtilsThread] ERROR pipeline.PipelinePlacementPolicy (PipelinePlacementPolicy.java:meetCriteria(91)) - Pipeline Placement: Doesn't meet the criteria to be viable node. Heaviness: 6
2019-09-19 10:44:02,360 [grpc-default-executor-0] INFO  impl.RaftServerProxy (RaftServerProxy.java:addNew(89)) - 2d7fb44a-ac7a-4034-a2aa-4953f070935b: addNew group-5EC86D188DA7:[2d7fb44a-ac7a-4034-a2aa-4953f070935b:192.168.157.204:33301] returns group-5EC86D188DA7:java.util.concurrent.CompletableFuture@6f5933e8[Not completed]
2019-09-19 10:44:02,361 [pool-60-thread-1] INFO  impl.RaftServerImpl (RaftServerImpl.java:<init>(93)) - 2d7fb44a-ac7a-4034-a2aa-4953f070935b: new RaftServerImpl for group-5EC86D188DA7:[2d7fb44a-ac7a-4034-a2aa-4953f070935b:192.168.157.204:33301] with ContainerStateMachine:uninitialized
2019-09-19 10:44:02,361 [pool-60-thread-1] INFO  server.RaftServerConfigKeys (ConfUtils.java:logGet(43)) - raft.server.rpc.timeout.min = 5s (custom)
2019-09-19 10:44:02,361 [pool-60-thread-1] INFO  server.RaftServerConfigKeys (ConfUtils.java:logGet(43)) - raft.server.rpc.timeout.max = 5200ms (custom)
2019-09-19 10:44:02,361 [pool-60-thread-1] INFO  server.RaftServerConfigKeys (ConfUtils.java:logGet(43)) - raft.server.rpcslowness.timeout = 120s (custom)
2019-09-19 10:44:02,362 [pool-60-thread-1] INFO  server.RaftServerConfigKeys (ConfUtils.java:logGet(43)) - raft.server.sleep.deviation.threshold = 300 (default)
2019-09-19 10:44:02,362 [pool-60-thread-1] INFO  server.RaftServerConfigKeys (ConfUtils.java:logGet(43)) - raft.server.log.appender.install.snapshot.enabled = false (custom)
2019-09-19 10:44:02,362 [pool-60-thread-1] INFO  impl.RaftServerImpl (ServerState.java:<init>(105)) - 2d7fb44a-ac7a-4034-a2aa-4953f070935b:group-5EC86D188DA7 ConfigurationManager, init=-1: [2d7fb44a-ac7a-4034-a2aa-4953f070935b:192.168.157.204:33301], old=null, confs=<EMPTY_MAP>
2019-09-19 10:44:02,362 [pool-60-thread-1] INFO  server.RaftServerConfigKeys (ConfUtils.java:logGet(43)) - raft.server.storage.dir = [/workdir/hadoop-ozone/tools/target/test-dir/MiniOzoneClusterImpl-906ca9d4-12e2-4885-9d3d-2383beb6722b/datanode-3/data/ratis] (custom)
2019-09-19 10:44:02,362 [pool-60-thread-1] INFO  storage.RaftStorageDirectory (RaftStorageDirectory.java:analyzeStorage(246)) - The storage directory /workdir/hadoop-ozone/tools/target/test-dir/MiniOzoneClusterImpl-906ca9d4-12e2-4885-9d3d-2383beb6722b/datanode-3/data/ratis/db9f915a-3366-40a8-aaaf-5ec86d188da7 does not exist. Creating ...
2019-09-19 10:44:02,375 [pool-60-thread-1] INFO  storage.RaftStorageDirectory (RaftStorageDirectory.java:tryLock(328)) - Lock on /workdir/hadoop-ozone/tools/target/test-dir/MiniOzoneClusterImpl-906ca9d4-12e2-4885-9d3d-2383beb6722b/datanode-3/data/ratis/db9f915a-3366-40a8-aaaf-5ec86d188da7/in_use.lock acquired by nodename 18272@pr-hdds-1569-cpgw4-1311585219
2019-09-19 10:44:02,387 [pool-60-thread-1] INFO  storage.RaftStorage (RaftStorage.java:format(72)) - Storage directory /workdir/hadoop-ozone/tools/target/test-dir/MiniOzoneClusterImpl-906ca9d4-12e2-4885-9d3d-2383beb6722b/datanode-3/data/ratis/db9f915a-3366-40a8-aaaf-5ec86d188da7 has been successfully formatted.
2019-09-19 10:44:02,388 [pool-60-thread-1] INFO  ratis.ContainerStateMachine (ContainerStateMachine.java:loadSnapshot(226)) - group-5EC86D188DA7: The snapshot info is null. Setting the last applied indexto:(t:0, i:~)
2019-09-19 10:44:02,388 [pool-60-thread-1] INFO  server.RaftServerConfigKeys (ConfUtils.java:logGet(43)) - raft.server.leader.election.timeout = 120s (custom)
2019-09-19 10:44:02,388 [pool-60-thread-1] INFO  server.RaftServerConfigKeys (ConfUtils.java:logGet(43)) - raft.server.log.use.memory = false (default)
2019-09-19 10:44:02,388 [pool-60-thread-1] INFO  server.RaftServerConfigKeys (ConfUtils.java:logGet(43)) - raft.server.log.purge.gap = 1000000 (custom)
2019-09-19 10:44:02,388 [pool-60-thread-1] INFO  server.RaftServerConfigKeys (ConfUtils.java:logGet(43)) - raft.server.log.appender.buffer.byte-limit = 33554432 (custom)
2019-09-19 10:44:02,388 [pool-60-thread-1] INFO  server.RaftServerConfigKeys (ConfUtils.java:logGet(43)) - raft.server.log.segment.size.max = 1048576 (custom)
2019-09-19 10:44:02,388 [pool-60-thread-1] INFO  server.RaftServerConfigKeys (ConfUtils.java:logGet(43)) - raft.server.log.segment.cache.num.max = 2 (custom)
2019-09-19 10:44:02,389 [pool-60-thread-1] INFO  segmented.SegmentedRaftLogWorker (SegmentedRaftLogWorker.java:<init>(172)) - new 2d7fb44a-ac7a-4034-a2aa-4953f070935b-SegmentedRaftLogWorker:Storage Directory /workdir/hadoop-ozone/tools/target/test-dir/MiniOzoneClusterImpl-906ca9d4-12e2-4885-9d3d-2383beb6722b/datanode-3/data/ratis/db9f915a-3366-40a8-aaaf-5ec86d188da7 for RaftStorage:Storage Directory /workdir/hadoop-ozone/tools/target/test-dir/MiniOzoneClusterImpl-906ca9d4-12e2-4885-9d3d-2383beb6722b/datanode-3/data/ratis/db9f915a-3366-40a8-aaaf-5ec86d188da7
2019-09-19 10:44:02,389 [pool-60-thread-1] INFO  server.RaftServerConfigKeys (ConfUtils.java:logGet(43)) - raft.server.log.queue.byte-limit = 2147483647 (custom)
2019-09-19 10:44:02,389 [pool-60-thread-1] INFO  server.RaftServerConfigKeys (ConfUtils.java:logGet(43)) - raft.server.log.queue.element-limit = 1024 (custom)
2019-09-19 10:44:02,389 [pool-60-thread-1] INFO  server.RaftServerConfigKeys (ConfUtils.java:logGet(43)) - raft.server.log.segment.size.max = 1048576 (custom)
2019-09-19 10:44:02,389 [pool-60-thread-1] INFO  server.RaftServerConfigKeys (ConfUtils.java:logGet(43)) - raft.server.log.preallocated.size = 16384 (custom)
2019-09-19 10:44:02,389 [pool-60-thread-1] INFO  server.RaftServerConfigKeys (ConfUtils.java:logGet(43)) - raft.server.log.write.buffer.size = 33554432 (custom)
2019-09-19 10:44:02,389 [pool-60-thread-1] INFO  server.RaftServerConfigKeys (ConfUtils.java:logGet(43)) - raft.server.log.force.sync.num = 128 (default)
2019-09-19 10:44:02,389 [pool-60-thread-1] INFO  server.RaftServerConfigKeys (ConfUtils.java:logGet(43)) - raft.server.log.statemachine.data.sync = true (default)
2019-09-19 10:44:02,389 [pool-60-thread-1] INFO  server.RaftServerConfigKeys (ConfUtils.java:logGet(43)) - raft.server.log.statemachine.data.sync.timeout = 10s (default)
2019-09-19 10:44:02,389 [pool-60-thread-1] INFO  server.RaftServerConfigKeys (ConfUtils.java:logGet(43)) - raft.server.log.statemachine.data.sync.timeout.retry = -1 (default)
2019-09-19 10:44:02,390 [pool-60-thread-1] INFO  server.RaftServerConfigKeys (ConfUtils.java:logGet(43)) - raft.server.log.statemachine.data.caching.enabled = true (custom)
2019-09-19 10:44:02,390 [pool-60-thread-1] INFO  segmented.SegmentedRaftLogWorker (SegmentedRaftLogWorker.java:lambda$new$0(132)) - 2d7fb44a-ac7a-4034-a2aa-4953f070935b-SegmentedRaftLogWorker:Storage Directory /workdir/hadoop-ozone/tools/target/test-dir/MiniOzoneClusterImpl-906ca9d4-12e2-4885-9d3d-2383beb6722b/datanode-3/data/ratis/db9f915a-3366-40a8-aaaf-5ec86d188da7: flushIndex: setUnconditionally 0 -> -1
2019-09-19 10:44:02,390 [pool-60-thread-1] INFO  server.RaftServerConfigKeys (ConfUtils.java:logGet(43)) - raft.server.snapshot.auto.trigger.enabled = true (custom)
2019-09-19 10:44:02,390 [pool-60-thread-1] INFO  server.RaftServerConfigKeys (ConfUtils.java:logGet(43)) - raft.server.snapshot.auto.trigger.threshold = 10000 (custom)
2019-09-19 10:44:02,390 [pool-60-thread-1] INFO  server.RaftServerConfigKeys (ConfUtils.java:logGet(43)) - raft.server.retrycache.expirytime = 600000ms (custom)
2019-09-19 10:44:02,390 [pool-60-thread-1] INFO  impl.RaftServerImpl (RaftServerImpl.java:start(180)) - 2d7fb44a-ac7a-4034-a2aa-4953f070935b: start group-5EC86D188DA7
2019-09-19 10:44:02,391 [pool-60-thread-1] INFO  impl.RaftServerImpl (RaftServerImpl.java:setRole(171)) - 2d7fb44a-ac7a-4034-a2aa-4953f070935b:group-5EC86D188DA7 changes role from null to FOLLOWER at term 0 for startAsFollower
2019-09-19 10:44:02,391 [pool-60-thread-1] INFO  impl.RoleInfo (RoleInfo.java:updateAndGet(143)) - 2d7fb44a-ac7a-4034-a2aa-4953f070935b: start FollowerState
2019-09-19 10:44:02,391 [pool-60-thread-1] INFO  util.JmxRegister (JmxRegister.java:tryRegister(44)) - Successfully registered JMX Bean with object name Ratis:service=RaftServer,group=group-5EC86D188DA7,id=2d7fb44a-ac7a-4034-a2aa-4953f070935b
2019-09-19 10:44:02,395 [RatisPipelineUtilsThread] INFO  pipeline.PipelineStateManager (PipelineStateManager.java:addPipeline(56)) - Created pipeline Pipeline[ Id: db9f915a-3366-40a8-aaaf-5ec86d188da7, Nodes: 2d7fb44a-ac7a-4034-a2aa-4953f070935b{ip: 192.168.157.204, host: pr-hdds-1569-cpgw4-1311585219, networkLocation: /default-rack, certSerialId: null}, Type:RATIS, Factor:ONE, State:OPEN]
2019-09-19 10:44:02,397 [RatisPipelineUtilsThread] ERROR pipeline.PipelinePlacementPolicy (PipelinePlacementPolicy.java:meetCriteria(91)) - Pipeline Placement: Doesn't meet the criteria to be viable node. Heaviness: 6
2019-09-19 10:44:02,397 [RatisPipelineUtilsThread] ERROR pipeline.PipelinePlacementPolicy (PipelinePlacementPolicy.java:meetCriteria(91)) - Pipeline Placement: Doesn't meet the criteria to be viable node. Heaviness: 6
2019-09-19 10:44:02,398 [RatisPipelineUtilsThread] ERROR pipeline.PipelinePlacementPolicy (PipelinePlacementPolicy.java:meetCriteria(91)) - Pipeline Placement: Doesn't meet the criteria to be viable node. Heaviness: 6
2019-09-19 10:44:02,398 [RatisPipelineUtilsThread] ERROR pipeline.PipelinePlacementPolicy (PipelinePlacementPolicy.java:meetCriteria(91)) - Pipeline Placement: Doesn't meet the criteria to be viable node. Heaviness: 6
2019-09-19 10:44:02,406 [grpc-default-executor-1] INFO  impl.RaftServerProxy (RaftServerProxy.java:addNew(89)) - 470b673e-7c3c-4972-9ac8-3342d713d76f: addNew group-A7BB0B84F42F:[470b673e-7c3c-4972-9ac8-3342d713d76f:192.168.157.204:38229] returns group-A7BB0B84F42F:java.util.concurrent.CompletableFuture@3ef19921[Not completed]
2019-09-19 10:44:02,408 [pool-71-thread-1] INFO  impl.RaftServerImpl (RaftServerImpl.java:<init>(93)) - 470b673e-7c3c-4972-9ac8-3342d713d76f: new RaftServerImpl for group-A7BB0B84F42F:[470b673e-7c3c-4972-9ac8-3342d713d76f:192.168.157.204:38229] with ContainerStateMachine:uninitialized
2019-09-19 10:44:02,408 [pool-71-thread-1] INFO  server.RaftServerConfigKeys (ConfUtils.java:logGet(43)) - raft.server.rpc.timeout.min = 5s (custom)
2019-09-19 10:44:02,408 [pool-71-thread-1] INFO  server.RaftServerConfigKeys (ConfUtils.java:logGet(43)) - raft.server.rpc.timeout.max = 5200ms (custom)
2019-09-19 10:44:02,408 [pool-71-thread-1] INFO  server.RaftServerConfigKeys (ConfUtils.java:logGet(43)) - raft.server.rpcslowness.timeout = 120s (custom)
2019-09-19 10:44:02,408 [pool-71-thread-1] INFO  server.RaftServerConfigKeys (ConfUtils.java:logGet(43)) - raft.server.sleep.deviation.threshold = 300 (default)
2019-09-19 10:44:02,409 [pool-71-thread-1] INFO  server.RaftServerConfigKeys (ConfUtils.java:logGet(43)) - raft.server.log.appender.install.snapshot.enabled = false (custom)
2019-09-19 10:44:02,409 [pool-71-thread-1] INFO  impl.RaftServerImpl (ServerState.java:<init>(105)) - 470b673e-7c3c-4972-9ac8-3342d713d76f:group-A7BB0B84F42F ConfigurationManager, init=-1: [470b673e-7c3c-4972-9ac8-3342d713d76f:192.168.157.204:38229], old=null, confs=<EMPTY_MAP>
2019-09-19 10:44:02,409 [pool-71-thread-1] INFO  server.RaftServerConfigKeys (ConfUtils.java:logGet(43)) - raft.server.storage.dir = [/workdir/hadoop-ozone/tools/target/test-dir/MiniOzoneClusterImpl-906ca9d4-12e2-4885-9d3d-2383beb6722b/datanode-4/data/ratis] (custom)
2019-09-19 10:44:02,409 [pool-71-thread-1] INFO  storage.RaftStorageDirectory (RaftStorageDirectory.java:analyzeStorage(246)) - The storage directory /workdir/hadoop-ozone/tools/target/test-dir/MiniOzoneClusterImpl-906ca9d4-12e2-4885-9d3d-2383beb6722b/datanode-4/data/ratis/bec4765c-ef5a-4773-af86-a7bb0b84f42f does not exist. Creating ...
2019-09-19 10:44:02,422 [pool-71-thread-1] INFO  storage.RaftStorageDirectory (RaftStorageDirectory.java:tryLock(328)) - Lock on /workdir/hadoop-ozone/tools/target/test-dir/MiniOzoneClusterImpl-906ca9d4-12e2-4885-9d3d-2383beb6722b/datanode-4/data/ratis/bec4765c-ef5a-4773-af86-a7bb0b84f42f/in_use.lock acquired by nodename 18272@pr-hdds-1569-cpgw4-1311585219
2019-09-19 10:44:02,442 [pool-71-thread-1] INFO  storage.RaftStorage (RaftStorage.java:format(72)) - Storage directory /workdir/hadoop-ozone/tools/target/test-dir/MiniOzoneClusterImpl-906ca9d4-12e2-4885-9d3d-2383beb6722b/datanode-4/data/ratis/bec4765c-ef5a-4773-af86-a7bb0b84f42f has been successfully formatted.
2019-09-19 10:44:02,442 [pool-71-thread-1] INFO  ratis.ContainerStateMachine (ContainerStateMachine.java:loadSnapshot(226)) - group-A7BB0B84F42F: The snapshot info is null. Setting the last applied indexto:(t:0, i:~)
2019-09-19 10:44:02,442 [pool-71-thread-1] INFO  server.RaftServerConfigKeys (ConfUtils.java:logGet(43)) - raft.server.leader.election.timeout = 120s (custom)
2019-09-19 10:44:02,442 [pool-71-thread-1] INFO  server.RaftServerConfigKeys (ConfUtils.java:logGet(43)) - raft.server.log.use.memory = false (default)
2019-09-19 10:44:02,443 [pool-71-thread-1] INFO  server.RaftServerConfigKeys (ConfUtils.java:logGet(43)) - raft.server.log.purge.gap = 1000000 (custom)
2019-09-19 10:44:02,443 [pool-71-thread-1] INFO  server.RaftServerConfigKeys (ConfUtils.java:logGet(43)) - raft.server.log.appender.buffer.byte-limit = 33554432 (custom)
2019-09-19 10:44:02,443 [pool-71-thread-1] INFO  server.RaftServerConfigKeys (ConfUtils.java:logGet(43)) - raft.server.log.segment.size.max = 1048576 (custom)
2019-09-19 10:44:02,443 [pool-71-thread-1] INFO  server.RaftServerConfigKeys (ConfUtils.java:logGet(43)) - raft.server.log.segment.cache.num.max = 2 (custom)
2019-09-19 10:44:02,443 [pool-71-thread-1] INFO  segmented.SegmentedRaftLogWorker (SegmentedRaftLogWorker.java:<init>(172)) - new 470b673e-7c3c-4972-9ac8-3342d713d76f-SegmentedRaftLogWorker:Storage Directory /workdir/hadoop-ozone/tools/target/test-dir/MiniOzoneClusterImpl-906ca9d4-12e2-4885-9d3d-2383beb6722b/datanode-4/data/ratis/bec4765c-ef5a-4773-af86-a7bb0b84f42f for RaftStorage:Storage Directory /workdir/hadoop-ozone/tools/target/test-dir/MiniOzoneClusterImpl-906ca9d4-12e2-4885-9d3d-2383beb6722b/datanode-4/data/ratis/bec4765c-ef5a-4773-af86-a7bb0b84f42f
2019-09-19 10:44:02,443 [pool-71-thread-1] INFO  server.RaftServerConfigKeys (ConfUtils.java:logGet(43)) - raft.server.log.queue.byte-limit = 2147483647 (custom)
2019-09-19 10:44:02,444 [pool-71-thread-1] INFO  server.RaftServerConfigKeys (ConfUtils.java:logGet(43)) - raft.server.log.queue.element-limit = 1024 (custom)
2019-09-19 10:44:02,444 [pool-71-thread-1] INFO  server.RaftServerConfigKeys (ConfUtils.java:logGet(43)) - raft.server.log.segment.size.max = 1048576 (custom)
2019-09-19 10:44:02,444 [pool-71-thread-1] INFO  server.RaftServerConfigKeys (ConfUtils.java:logGet(43)) - raft.server.log.preallocated.size = 16384 (custom)
2019-09-19 10:44:02,444 [pool-71-thread-1] INFO  server.RaftServerConfigKeys (ConfUtils.java:logGet(43)) - raft.server.log.write.buffer.size = 33554432 (custom)
2019-09-19 10:44:02,444 [pool-71-thread-1] INFO  server.RaftServerConfigKeys (ConfUtils.java:logGet(43)) - raft.server.log.force.sync.num = 128 (default)
2019-09-19 10:44:02,444 [pool-71-thread-1] INFO  server.RaftServerConfigKeys (ConfUtils.java:logGet(43)) - raft.server.log.statemachine.data.sync = true (default)
2019-09-19 10:44:02,445 [pool-71-thread-1] INFO  server.RaftServerConfigKeys (ConfUtils.java:logGet(43)) - raft.server.log.statemachine.data.sync.timeout = 10s (default)
2019-09-19 10:44:02,445 [pool-71-thread-1] INFO  server.RaftServerConfigKeys (ConfUtils.java:logGet(43)) - raft.server.log.statemachine.data.sync.timeout.retry = -1 (default)
2019-09-19 10:44:02,445 [pool-71-thread-1] INFO  server.RaftServerConfigKeys (ConfUtils.java:logGet(43)) - raft.server.log.statemachine.data.caching.enabled = true (custom)
2019-09-19 10:44:02,445 [pool-71-thread-1] INFO  segmented.SegmentedRaftLogWorker (SegmentedRaftLogWorker.java:lambda$new$0(132)) - 470b673e-7c3c-4972-9ac8-3342d713d76f-SegmentedRaftLogWorker:Storage Directory /workdir/hadoop-ozone/tools/target/test-dir/MiniOzoneClusterImpl-906ca9d4-12e2-4885-9d3d-2383beb6722b/datanode-4/data/ratis/bec4765c-ef5a-4773-af86-a7bb0b84f42f: flushIndex: setUnconditionally 0 -> -1
2019-09-19 10:44:02,446 [pool-71-thread-1] INFO  server.RaftServerConfigKeys (ConfUtils.java:logGet(43)) - raft.server.snapshot.auto.trigger.enabled = true (custom)
2019-09-19 10:44:02,446 [pool-71-thread-1] INFO  server.RaftServerConfigKeys (ConfUtils.java:logGet(43)) - raft.server.snapshot.auto.trigger.threshold = 10000 (custom)
2019-09-19 10:44:02,446 [pool-71-thread-1] INFO  server.RaftServerConfigKeys (ConfUtils.java:logGet(43)) - raft.server.retrycache.expirytime = 600000ms (custom)
2019-09-19 10:44:02,447 [pool-71-thread-1] INFO  impl.RaftServerImpl (RaftServerImpl.java:start(180)) - 470b673e-7c3c-4972-9ac8-3342d713d76f: start group-A7BB0B84F42F
2019-09-19 10:44:02,447 [pool-71-thread-1] INFO  impl.RaftServerImpl (RaftServerImpl.java:setRole(171)) - 470b673e-7c3c-4972-9ac8-3342d713d76f:group-A7BB0B84F42F changes role from null to FOLLOWER at term 0 for startAsFollower
2019-09-19 10:44:02,447 [pool-71-thread-1] INFO  impl.RoleInfo (RoleInfo.java:updateAndGet(143)) - 470b673e-7c3c-4972-9ac8-3342d713d76f: start FollowerState
2019-09-19 10:44:02,447 [pool-71-thread-1] INFO  util.JmxRegister (JmxRegister.java:tryRegister(44)) - Successfully registered JMX Bean with object name Ratis:service=RaftServer,group=group-A7BB0B84F42F,id=470b673e-7c3c-4972-9ac8-3342d713d76f
2019-09-19 10:44:02,452 [RatisPipelineUtilsThread] INFO  pipeline.PipelineStateManager (PipelineStateManager.java:addPipeline(56)) - Created pipeline Pipeline[ Id: bec4765c-ef5a-4773-af86-a7bb0b84f42f, Nodes: 470b673e-7c3c-4972-9ac8-3342d713d76f{ip: 192.168.157.204, host: pr-hdds-1569-cpgw4-1311585219, networkLocation: /default-rack, certSerialId: null}, Type:RATIS, Factor:ONE, State:OPEN]
2019-09-19 10:44:02,454 [RatisPipelineUtilsThread] ERROR pipeline.PipelinePlacementPolicy (PipelinePlacementPolicy.java:meetCriteria(91)) - Pipeline Placement: Doesn't meet the criteria to be viable node. Heaviness: 6
2019-09-19 10:44:02,454 [RatisPipelineUtilsThread] ERROR pipeline.PipelinePlacementPolicy (PipelinePlacementPolicy.java:meetCriteria(91)) - Pipeline Placement: Doesn't meet the criteria to be viable node. Heaviness: 6
2019-09-19 10:44:02,454 [RatisPipelineUtilsThread] ERROR pipeline.PipelinePlacementPolicy (PipelinePlacementPolicy.java:meetCriteria(91)) - Pipeline Placement: Doesn't meet the criteria to be viable node. Heaviness: 6
2019-09-19 10:44:02,454 [RatisPipelineUtilsThread] ERROR pipeline.PipelinePlacementPolicy (PipelinePlacementPolicy.java:meetCriteria(91)) - Pipeline Placement: Doesn't meet the criteria to be viable node. Heaviness: 6
2019-09-19 10:44:02,464 [grpc-default-executor-1] INFO  impl.RaftServerProxy (RaftServerProxy.java:addNew(89)) - 470b673e-7c3c-4972-9ac8-3342d713d76f: addNew group-478CF5ADC53E:[470b673e-7c3c-4972-9ac8-3342d713d76f:192.168.157.204:38229] returns group-478CF5ADC53E:java.util.concurrent.CompletableFuture@3409f251[Not completed]
2019-09-19 10:44:02,466 [pool-71-thread-1] INFO  impl.RaftServerImpl (RaftServerImpl.java:<init>(93)) - 470b673e-7c3c-4972-9ac8-3342d713d76f: new RaftServerImpl for group-478CF5ADC53E:[470b673e-7c3c-4972-9ac8-3342d713d76f:192.168.157.204:38229] with ContainerStateMachine:uninitialized
2019-09-19 10:44:02,466 [pool-71-thread-1] INFO  server.RaftServerConfigKeys (ConfUtils.java:logGet(43)) - raft.server.rpc.timeout.min = 5s (custom)
2019-09-19 10:44:02,466 [pool-71-thread-1] INFO  server.RaftServerConfigKeys (ConfUtils.java:logGet(43)) - raft.server.rpc.timeout.max = 5200ms (custom)
2019-09-19 10:44:02,466 [pool-71-thread-1] INFO  server.RaftServerConfigKeys (ConfUtils.java:logGet(43)) - raft.server.rpcslowness.timeout = 120s (custom)
2019-09-19 10:44:02,467 [pool-71-thread-1] INFO  server.RaftServerConfigKeys (ConfUtils.java:logGet(43)) - raft.server.sleep.deviation.threshold = 300 (default)
2019-09-19 10:44:02,467 [pool-71-thread-1] INFO  server.RaftServerConfigKeys (ConfUtils.java:logGet(43)) - raft.server.log.appender.install.snapshot.enabled = false (custom)
2019-09-19 10:44:02,467 [pool-71-thread-1] INFO  impl.RaftServerImpl (ServerState.java:<init>(105)) - 470b673e-7c3c-4972-9ac8-3342d713d76f:group-478CF5ADC53E ConfigurationManager, init=-1: [470b673e-7c3c-4972-9ac8-3342d713d76f:192.168.157.204:38229], old=null, confs=<EMPTY_MAP>
2019-09-19 10:44:02,467 [pool-71-thread-1] INFO  server.RaftServerConfigKeys (ConfUtils.java:logGet(43)) - raft.server.storage.dir = [/workdir/hadoop-ozone/tools/target/test-dir/MiniOzoneClusterImpl-906ca9d4-12e2-4885-9d3d-2383beb6722b/datanode-4/data/ratis] (custom)
2019-09-19 10:44:02,467 [pool-71-thread-1] INFO  storage.RaftStorageDirectory (RaftStorageDirectory.java:analyzeStorage(246)) - The storage directory /workdir/hadoop-ozone/tools/target/test-dir/MiniOzoneClusterImpl-906ca9d4-12e2-4885-9d3d-2383beb6722b/datanode-4/data/ratis/fd38ce41-6f77-43dc-90c3-478cf5adc53e does not exist. Creating ...
2019-09-19 10:44:02,480 [pool-71-thread-1] INFO  storage.RaftStorageDirectory (RaftStorageDirectory.java:tryLock(328)) - Lock on /workdir/hadoop-ozone/tools/target/test-dir/MiniOzoneClusterImpl-906ca9d4-12e2-4885-9d3d-2383beb6722b/datanode-4/data/ratis/fd38ce41-6f77-43dc-90c3-478cf5adc53e/in_use.lock acquired by nodename 18272@pr-hdds-1569-cpgw4-1311585219
2019-09-19 10:44:02,494 [pool-71-thread-1] INFO  storage.RaftStorage (RaftStorage.java:format(72)) - Storage directory /workdir/hadoop-ozone/tools/target/test-dir/MiniOzoneClusterImpl-906ca9d4-12e2-4885-9d3d-2383beb6722b/datanode-4/data/ratis/fd38ce41-6f77-43dc-90c3-478cf5adc53e has been successfully formatted.
2019-09-19 10:44:02,494 [pool-71-thread-1] INFO  ratis.ContainerStateMachine (ContainerStateMachine.java:loadSnapshot(226)) - group-478CF5ADC53E: The snapshot info is null. Setting the last applied indexto:(t:0, i:~)
2019-09-19 10:44:02,494 | INFO  | SCMAudit | user=jenkins1000 | ip=192.168.157.204 | op=SEND_HEARTBEAT {datanodeUUID=2d7fb44a-ac7a-4034-a2aa-4953f070935b, command=[]} | ret=SUCCESS |  
2019-09-19 10:44:02,494 | INFO  | SCMAudit | user=jenkins1000 | ip=192.168.157.204 | op=SEND_HEARTBEAT {datanodeUUID=e855218f-cb01-4dd8-a582-b24365f170a0, command=[]} | ret=SUCCESS |  
2019-09-19 10:44:02,494 [pool-71-thread-1] INFO  server.RaftServerConfigKeys (ConfUtils.java:logGet(43)) - raft.server.leader.election.timeout = 120s (custom)
2019-09-19 10:44:02,495 [pool-71-thread-1] INFO  server.RaftServerConfigKeys (ConfUtils.java:logGet(43)) - raft.server.log.use.memory = false (default)
2019-09-19 10:44:02,495 [pool-71-thread-1] INFO  server.RaftServerConfigKeys (ConfUtils.java:logGet(43)) - raft.server.log.purge.gap = 1000000 (custom)
2019-09-19 10:44:02,495 [pool-71-thread-1] INFO  server.RaftServerConfigKeys (ConfUtils.java:logGet(43)) - raft.server.log.appender.buffer.byte-limit = 33554432 (custom)
2019-09-19 10:44:02,495 [pool-71-thread-1] INFO  server.RaftServerConfigKeys (ConfUtils.java:logGet(43)) - raft.server.log.segment.size.max = 1048576 (custom)
2019-09-19 10:44:02,496 [pool-71-thread-1] INFO  server.RaftServerConfigKeys (ConfUtils.java:logGet(43)) - raft.server.log.segment.cache.num.max = 2 (custom)
2019-09-19 10:44:02,496 [pool-71-thread-1] INFO  segmented.SegmentedRaftLogWorker (SegmentedRaftLogWorker.java:<init>(172)) - new 470b673e-7c3c-4972-9ac8-3342d713d76f-SegmentedRaftLogWorker:Storage Directory /workdir/hadoop-ozone/tools/target/test-dir/MiniOzoneClusterImpl-906ca9d4-12e2-4885-9d3d-2383beb6722b/datanode-4/data/ratis/fd38ce41-6f77-43dc-90c3-478cf5adc53e for RaftStorage:Storage Directory /workdir/hadoop-ozone/tools/target/test-dir/MiniOzoneClusterImpl-906ca9d4-12e2-4885-9d3d-2383beb6722b/datanode-4/data/ratis/fd38ce41-6f77-43dc-90c3-478cf5adc53e
2019-09-19 10:44:02,496 [pool-71-thread-1] INFO  server.RaftServerConfigKeys (ConfUtils.java:logGet(43)) - raft.server.log.queue.byte-limit = 2147483647 (custom)
2019-09-19 10:44:02,496 [pool-71-thread-1] INFO  server.RaftServerConfigKeys (ConfUtils.java:logGet(43)) - raft.server.log.queue.element-limit = 1024 (custom)
2019-09-19 10:44:02,496 [pool-71-thread-1] INFO  server.RaftServerConfigKeys (ConfUtils.java:logGet(43)) - raft.server.log.segment.size.max = 1048576 (custom)
2019-09-19 10:44:02,497 [pool-71-thread-1] INFO  server.RaftServerConfigKeys (ConfUtils.java:logGet(43)) - raft.server.log.preallocated.size = 16384 (custom)
2019-09-19 10:44:02,497 [pool-71-thread-1] INFO  server.RaftServerConfigKeys (ConfUtils.java:logGet(43)) - raft.server.log.write.buffer.size = 33554432 (custom)
2019-09-19 10:44:02,497 [pool-71-thread-1] INFO  server.RaftServerConfigKeys (ConfUtils.java:logGet(43)) - raft.server.log.force.sync.num = 128 (default)
2019-09-19 10:44:02,497 [pool-71-thread-1] INFO  server.RaftServerConfigKeys (ConfUtils.java:logGet(43)) - raft.server.log.statemachine.data.sync = true (default)
2019-09-19 10:44:02,497 [pool-71-thread-1] INFO  server.RaftServerConfigKeys (ConfUtils.java:logGet(43)) - raft.server.log.statemachine.data.sync.timeout = 10s (default)
2019-09-19 10:44:02,497 [pool-71-thread-1] INFO  server.RaftServerConfigKeys (ConfUtils.java:logGet(43)) - raft.server.log.statemachine.data.sync.timeout.retry = -1 (default)
2019-09-19 10:44:02,498 [pool-71-thread-1] INFO  server.RaftServerConfigKeys (ConfUtils.java:logGet(43)) - raft.server.log.statemachine.data.caching.enabled = true (custom)
2019-09-19 10:44:02,498 [pool-71-thread-1] INFO  segmented.SegmentedRaftLogWorker (SegmentedRaftLogWorker.java:lambda$new$0(132)) - 470b673e-7c3c-4972-9ac8-3342d713d76f-SegmentedRaftLogWorker:Storage Directory /workdir/hadoop-ozone/tools/target/test-dir/MiniOzoneClusterImpl-906ca9d4-12e2-4885-9d3d-2383beb6722b/datanode-4/data/ratis/fd38ce41-6f77-43dc-90c3-478cf5adc53e: flushIndex: setUnconditionally 0 -> -1
2019-09-19 10:44:02,498 [pool-71-thread-1] INFO  server.RaftServerConfigKeys (ConfUtils.java:logGet(43)) - raft.server.snapshot.auto.trigger.enabled = true (custom)
2019-09-19 10:44:02,499 [pool-71-thread-1] INFO  server.RaftServerConfigKeys (ConfUtils.java:logGet(43)) - raft.server.snapshot.auto.trigger.threshold = 10000 (custom)
2019-09-19 10:44:02,499 [pool-71-thread-1] INFO  server.RaftServerConfigKeys (ConfUtils.java:logGet(43)) - raft.server.retrycache.expirytime = 600000ms (custom)
2019-09-19 10:44:02,499 [pool-71-thread-1] INFO  impl.RaftServerImpl (RaftServerImpl.java:start(180)) - 470b673e-7c3c-4972-9ac8-3342d713d76f: start group-478CF5ADC53E
2019-09-19 10:44:02,499 [pool-71-thread-1] INFO  impl.RaftServerImpl (RaftServerImpl.java:setRole(171)) - 470b673e-7c3c-4972-9ac8-3342d713d76f:group-478CF5ADC53E changes role from null to FOLLOWER at term 0 for startAsFollower
2019-09-19 10:44:02,500 [pool-71-thread-1] INFO  impl.RoleInfo (RoleInfo.java:updateAndGet(143)) - 470b673e-7c3c-4972-9ac8-3342d713d76f: start FollowerState
2019-09-19 10:44:02,500 [pool-71-thread-1] INFO  util.JmxRegister (JmxRegister.java:tryRegister(44)) - Successfully registered JMX Bean with object name Ratis:service=RaftServer,group=group-478CF5ADC53E,id=470b673e-7c3c-4972-9ac8-3342d713d76f
2019-09-19 10:44:02,505 [RatisPipelineUtilsThread] INFO  pipeline.PipelineStateManager (PipelineStateManager.java:addPipeline(56)) - Created pipeline Pipeline[ Id: fd38ce41-6f77-43dc-90c3-478cf5adc53e, Nodes: 470b673e-7c3c-4972-9ac8-3342d713d76f{ip: 192.168.157.204, host: pr-hdds-1569-cpgw4-1311585219, networkLocation: /default-rack, certSerialId: null}, Type:RATIS, Factor:ONE, State:OPEN]
2019-09-19 10:44:02,506 [RatisPipelineUtilsThread] ERROR pipeline.PipelinePlacementPolicy (PipelinePlacementPolicy.java:meetCriteria(91)) - Pipeline Placement: Doesn't meet the criteria to be viable node. Heaviness: 6
2019-09-19 10:44:02,507 [RatisPipelineUtilsThread] ERROR pipeline.PipelinePlacementPolicy (PipelinePlacementPolicy.java:meetCriteria(91)) - Pipeline Placement: Doesn't meet the criteria to be viable node. Heaviness: 6
2019-09-19 10:44:02,507 [RatisPipelineUtilsThread] ERROR pipeline.PipelinePlacementPolicy (PipelinePlacementPolicy.java:meetCriteria(91)) - Pipeline Placement: Doesn't meet the criteria to be viable node. Heaviness: 6
2019-09-19 10:44:02,507 [RatisPipelineUtilsThread] ERROR pipeline.PipelinePlacementPolicy (PipelinePlacementPolicy.java:meetCriteria(91)) - Pipeline Placement: Doesn't meet the criteria to be viable node. Heaviness: 6
2019-09-19 10:44:02,515 [grpc-default-executor-1] INFO  impl.RaftServerProxy (RaftServerProxy.java:addNew(89)) - 470b673e-7c3c-4972-9ac8-3342d713d76f: addNew group-528104CFCACD:[470b673e-7c3c-4972-9ac8-3342d713d76f:192.168.157.204:38229] returns group-528104CFCACD:java.util.concurrent.CompletableFuture@4381dd25[Not completed]
2019-09-19 10:44:02,517 [pool-71-thread-1] INFO  impl.RaftServerImpl (RaftServerImpl.java:<init>(93)) - 470b673e-7c3c-4972-9ac8-3342d713d76f: new RaftServerImpl for group-528104CFCACD:[470b673e-7c3c-4972-9ac8-3342d713d76f:192.168.157.204:38229] with ContainerStateMachine:uninitialized
2019-09-19 10:44:02,517 [pool-71-thread-1] INFO  server.RaftServerConfigKeys (ConfUtils.java:logGet(43)) - raft.server.rpc.timeout.min = 5s (custom)
2019-09-19 10:44:02,517 [pool-71-thread-1] INFO  server.RaftServerConfigKeys (ConfUtils.java:logGet(43)) - raft.server.rpc.timeout.max = 5200ms (custom)
2019-09-19 10:44:02,517 [pool-71-thread-1] INFO  server.RaftServerConfigKeys (ConfUtils.java:logGet(43)) - raft.server.rpcslowness.timeout = 120s (custom)
2019-09-19 10:44:02,517 [pool-71-thread-1] INFO  server.RaftServerConfigKeys (ConfUtils.java:logGet(43)) - raft.server.sleep.deviation.threshold = 300 (default)
2019-09-19 10:44:02,517 [pool-71-thread-1] INFO  server.RaftServerConfigKeys (ConfUtils.java:logGet(43)) - raft.server.log.appender.install.snapshot.enabled = false (custom)
2019-09-19 10:44:02,518 [pool-71-thread-1] INFO  impl.RaftServerImpl (ServerState.java:<init>(105)) - 470b673e-7c3c-4972-9ac8-3342d713d76f:group-528104CFCACD ConfigurationManager, init=-1: [470b673e-7c3c-4972-9ac8-3342d713d76f:192.168.157.204:38229], old=null, confs=<EMPTY_MAP>
2019-09-19 10:44:02,518 [pool-71-thread-1] INFO  server.RaftServerConfigKeys (ConfUtils.java:logGet(43)) - raft.server.storage.dir = [/workdir/hadoop-ozone/tools/target/test-dir/MiniOzoneClusterImpl-906ca9d4-12e2-4885-9d3d-2383beb6722b/datanode-4/data/ratis] (custom)
2019-09-19 10:44:02,518 [pool-71-thread-1] INFO  storage.RaftStorageDirectory (RaftStorageDirectory.java:analyzeStorage(246)) - The storage directory /workdir/hadoop-ozone/tools/target/test-dir/MiniOzoneClusterImpl-906ca9d4-12e2-4885-9d3d-2383beb6722b/datanode-4/data/ratis/afc8eefe-1a0a-40a0-a26c-528104cfcacd does not exist. Creating ...
2019-09-19 10:44:02,531 [pool-71-thread-1] INFO  storage.RaftStorageDirectory (RaftStorageDirectory.java:tryLock(328)) - Lock on /workdir/hadoop-ozone/tools/target/test-dir/MiniOzoneClusterImpl-906ca9d4-12e2-4885-9d3d-2383beb6722b/datanode-4/data/ratis/afc8eefe-1a0a-40a0-a26c-528104cfcacd/in_use.lock acquired by nodename 18272@pr-hdds-1569-cpgw4-1311585219
2019-09-19 10:44:02,544 [pool-71-thread-1] INFO  storage.RaftStorage (RaftStorage.java:format(72)) - Storage directory /workdir/hadoop-ozone/tools/target/test-dir/MiniOzoneClusterImpl-906ca9d4-12e2-4885-9d3d-2383beb6722b/datanode-4/data/ratis/afc8eefe-1a0a-40a0-a26c-528104cfcacd has been successfully formatted.
2019-09-19 10:44:02,544 [pool-71-thread-1] INFO  ratis.ContainerStateMachine (ContainerStateMachine.java:loadSnapshot(226)) - group-528104CFCACD: The snapshot info is null. Setting the last applied indexto:(t:0, i:~)
2019-09-19 10:44:02,544 [pool-71-thread-1] INFO  server.RaftServerConfigKeys (ConfUtils.java:logGet(43)) - raft.server.leader.election.timeout = 120s (custom)
2019-09-19 10:44:02,545 [pool-71-thread-1] INFO  server.RaftServerConfigKeys (ConfUtils.java:logGet(43)) - raft.server.log.use.memory = false (default)
2019-09-19 10:44:02,545 [pool-71-thread-1] INFO  server.RaftServerConfigKeys (ConfUtils.java:logGet(43)) - raft.server.log.purge.gap = 1000000 (custom)
2019-09-19 10:44:02,545 [pool-71-thread-1] INFO  server.RaftServerConfigKeys (ConfUtils.java:logGet(43)) - raft.server.log.appender.buffer.byte-limit = 33554432 (custom)
2019-09-19 10:44:02,545 [pool-71-thread-1] INFO  server.RaftServerConfigKeys (ConfUtils.java:logGet(43)) - raft.server.log.segment.size.max = 1048576 (custom)
2019-09-19 10:44:02,545 [pool-71-thread-1] INFO  server.RaftServerConfigKeys (ConfUtils.java:logGet(43)) - raft.server.log.segment.cache.num.max = 2 (custom)
2019-09-19 10:44:02,545 [pool-71-thread-1] INFO  segmented.SegmentedRaftLogWorker (SegmentedRaftLogWorker.java:<init>(172)) - new 470b673e-7c3c-4972-9ac8-3342d713d76f-SegmentedRaftLogWorker:Storage Directory /workdir/hadoop-ozone/tools/target/test-dir/MiniOzoneClusterImpl-906ca9d4-12e2-4885-9d3d-2383beb6722b/datanode-4/data/ratis/afc8eefe-1a0a-40a0-a26c-528104cfcacd for RaftStorage:Storage Directory /workdir/hadoop-ozone/tools/target/test-dir/MiniOzoneClusterImpl-906ca9d4-12e2-4885-9d3d-2383beb6722b/datanode-4/data/ratis/afc8eefe-1a0a-40a0-a26c-528104cfcacd
2019-09-19 10:44:02,545 [pool-71-thread-1] INFO  server.RaftServerConfigKeys (ConfUtils.java:logGet(43)) - raft.server.log.queue.byte-limit = 2147483647 (custom)
2019-09-19 10:44:02,546 [pool-71-thread-1] INFO  server.RaftServerConfigKeys (ConfUtils.java:logGet(43)) - raft.server.log.queue.element-limit = 1024 (custom)
2019-09-19 10:44:02,546 [pool-71-thread-1] INFO  server.RaftServerConfigKeys (ConfUtils.java:logGet(43)) - raft.server.log.segment.size.max = 1048576 (custom)
2019-09-19 10:44:02,546 [pool-71-thread-1] INFO  server.RaftServerConfigKeys (ConfUtils.java:logGet(43)) - raft.server.log.preallocated.size = 16384 (custom)
2019-09-19 10:44:02,546 [pool-71-thread-1] INFO  server.RaftServerConfigKeys (ConfUtils.java:logGet(43)) - raft.server.log.write.buffer.size = 33554432 (custom)
2019-09-19 10:44:02,546 [pool-71-thread-1] INFO  server.RaftServerConfigKeys (ConfUtils.java:logGet(43)) - raft.server.log.force.sync.num = 128 (default)
2019-09-19 10:44:02,546 [pool-71-thread-1] INFO  server.RaftServerConfigKeys (ConfUtils.java:logGet(43)) - raft.server.log.statemachine.data.sync = true (default)
2019-09-19 10:44:02,546 [pool-71-thread-1] INFO  server.RaftServerConfigKeys (ConfUtils.java:logGet(43)) - raft.server.log.statemachine.data.sync.timeout = 10s (default)
2019-09-19 10:44:02,547 [pool-71-thread-1] INFO  server.RaftServerConfigKeys (ConfUtils.java:logGet(43)) - raft.server.log.statemachine.data.sync.timeout.retry = -1 (default)
2019-09-19 10:44:02,547 [pool-71-thread-1] INFO  server.RaftServerConfigKeys (ConfUtils.java:logGet(43)) - raft.server.log.statemachine.data.caching.enabled = true (custom)
2019-09-19 10:44:02,547 [pool-71-thread-1] INFO  segmented.SegmentedRaftLogWorker (SegmentedRaftLogWorker.java:lambda$new$0(132)) - 470b673e-7c3c-4972-9ac8-3342d713d76f-SegmentedRaftLogWorker:Storage Directory /workdir/hadoop-ozone/tools/target/test-dir/MiniOzoneClusterImpl-906ca9d4-12e2-4885-9d3d-2383beb6722b/datanode-4/data/ratis/afc8eefe-1a0a-40a0-a26c-528104cfcacd: flushIndex: setUnconditionally 0 -> -1
2019-09-19 10:44:02,547 [pool-71-thread-1] INFO  server.RaftServerConfigKeys (ConfUtils.java:logGet(43)) - raft.server.snapshot.auto.trigger.enabled = true (custom)
2019-09-19 10:44:02,547 [pool-71-thread-1] INFO  server.RaftServerConfigKeys (ConfUtils.java:logGet(43)) - raft.server.snapshot.auto.trigger.threshold = 10000 (custom)
2019-09-19 10:44:02,548 [pool-71-thread-1] INFO  server.RaftServerConfigKeys (ConfUtils.java:logGet(43)) - raft.server.retrycache.expirytime = 600000ms (custom)
2019-09-19 10:44:02,548 [pool-71-thread-1] INFO  impl.RaftServerImpl (RaftServerImpl.java:start(180)) - 470b673e-7c3c-4972-9ac8-3342d713d76f: start group-528104CFCACD
2019-09-19 10:44:02,548 [pool-71-thread-1] INFO  impl.RaftServerImpl (RaftServerImpl.java:setRole(171)) - 470b673e-7c3c-4972-9ac8-3342d713d76f:group-528104CFCACD changes role from null to FOLLOWER at term 0 for startAsFollower
2019-09-19 10:44:02,548 [pool-71-thread-1] INFO  impl.RoleInfo (RoleInfo.java:updateAndGet(143)) - 470b673e-7c3c-4972-9ac8-3342d713d76f: start FollowerState
2019-09-19 10:44:02,549 [pool-71-thread-1] INFO  util.JmxRegister (JmxRegister.java:tryRegister(44)) - Successfully registered JMX Bean with object name Ratis:service=RaftServer,group=group-528104CFCACD,id=470b673e-7c3c-4972-9ac8-3342d713d76f
2019-09-19 10:44:02,553 [RatisPipelineUtilsThread] INFO  pipeline.PipelineStateManager (PipelineStateManager.java:addPipeline(56)) - Created pipeline Pipeline[ Id: afc8eefe-1a0a-40a0-a26c-528104cfcacd, Nodes: 470b673e-7c3c-4972-9ac8-3342d713d76f{ip: 192.168.157.204, host: pr-hdds-1569-cpgw4-1311585219, networkLocation: /default-rack, certSerialId: null}, Type:RATIS, Factor:ONE, State:OPEN]
2019-09-19 10:44:02,555 [RatisPipelineUtilsThread] ERROR pipeline.PipelinePlacementPolicy (PipelinePlacementPolicy.java:meetCriteria(91)) - Pipeline Placement: Doesn't meet the criteria to be viable node. Heaviness: 6
2019-09-19 10:44:02,555 [RatisPipelineUtilsThread] ERROR pipeline.PipelinePlacementPolicy (PipelinePlacementPolicy.java:meetCriteria(91)) - Pipeline Placement: Doesn't meet the criteria to be viable node. Heaviness: 6
2019-09-19 10:44:02,555 [RatisPipelineUtilsThread] ERROR pipeline.PipelinePlacementPolicy (PipelinePlacementPolicy.java:meetCriteria(91)) - Pipeline Placement: Doesn't meet the criteria to be viable node. Heaviness: 6
2019-09-19 10:44:02,555 [RatisPipelineUtilsThread] ERROR pipeline.PipelinePlacementPolicy (PipelinePlacementPolicy.java:meetCriteria(91)) - Pipeline Placement: Doesn't meet the criteria to be viable node. Heaviness: 6
2019-09-19 10:44:02,563 [grpc-default-executor-1] INFO  impl.RaftServerProxy (RaftServerProxy.java:addNew(89)) - 470b673e-7c3c-4972-9ac8-3342d713d76f: addNew group-526CE3265E0A:[470b673e-7c3c-4972-9ac8-3342d713d76f:192.168.157.204:38229] returns group-526CE3265E0A:java.util.concurrent.CompletableFuture@3bd016ff[Not completed]
2019-09-19 10:44:02,565 [pool-71-thread-1] INFO  impl.RaftServerImpl (RaftServerImpl.java:<init>(93)) - 470b673e-7c3c-4972-9ac8-3342d713d76f: new RaftServerImpl for group-526CE3265E0A:[470b673e-7c3c-4972-9ac8-3342d713d76f:192.168.157.204:38229] with ContainerStateMachine:uninitialized
2019-09-19 10:44:02,565 [pool-71-thread-1] INFO  server.RaftServerConfigKeys (ConfUtils.java:logGet(43)) - raft.server.rpc.timeout.min = 5s (custom)
2019-09-19 10:44:02,565 [pool-71-thread-1] INFO  server.RaftServerConfigKeys (ConfUtils.java:logGet(43)) - raft.server.rpc.timeout.max = 5200ms (custom)
2019-09-19 10:44:02,565 [pool-71-thread-1] INFO  server.RaftServerConfigKeys (ConfUtils.java:logGet(43)) - raft.server.rpcslowness.timeout = 120s (custom)
2019-09-19 10:44:02,565 [pool-71-thread-1] INFO  server.RaftServerConfigKeys (ConfUtils.java:logGet(43)) - raft.server.sleep.deviation.threshold = 300 (default)
2019-09-19 10:44:02,565 [pool-71-thread-1] INFO  server.RaftServerConfigKeys (ConfUtils.java:logGet(43)) - raft.server.log.appender.install.snapshot.enabled = false (custom)
2019-09-19 10:44:02,565 [pool-71-thread-1] INFO  impl.RaftServerImpl (ServerState.java:<init>(105)) - 470b673e-7c3c-4972-9ac8-3342d713d76f:group-526CE3265E0A ConfigurationManager, init=-1: [470b673e-7c3c-4972-9ac8-3342d713d76f:192.168.157.204:38229], old=null, confs=<EMPTY_MAP>
2019-09-19 10:44:02,566 [pool-71-thread-1] INFO  server.RaftServerConfigKeys (ConfUtils.java:logGet(43)) - raft.server.storage.dir = [/workdir/hadoop-ozone/tools/target/test-dir/MiniOzoneClusterImpl-906ca9d4-12e2-4885-9d3d-2383beb6722b/datanode-4/data/ratis] (custom)
2019-09-19 10:44:02,566 [pool-71-thread-1] INFO  storage.RaftStorageDirectory (RaftStorageDirectory.java:analyzeStorage(246)) - The storage directory /workdir/hadoop-ozone/tools/target/test-dir/MiniOzoneClusterImpl-906ca9d4-12e2-4885-9d3d-2383beb6722b/datanode-4/data/ratis/4cf8cf06-d612-417f-a7a2-526ce3265e0a does not exist. Creating ...
2019-09-19 10:44:02,578 [pool-71-thread-1] INFO  storage.RaftStorageDirectory (RaftStorageDirectory.java:tryLock(328)) - Lock on /workdir/hadoop-ozone/tools/target/test-dir/MiniOzoneClusterImpl-906ca9d4-12e2-4885-9d3d-2383beb6722b/datanode-4/data/ratis/4cf8cf06-d612-417f-a7a2-526ce3265e0a/in_use.lock acquired by nodename 18272@pr-hdds-1569-cpgw4-1311585219
2019-09-19 10:44:02,591 [pool-71-thread-1] INFO  storage.RaftStorage (RaftStorage.java:format(72)) - Storage directory /workdir/hadoop-ozone/tools/target/test-dir/MiniOzoneClusterImpl-906ca9d4-12e2-4885-9d3d-2383beb6722b/datanode-4/data/ratis/4cf8cf06-d612-417f-a7a2-526ce3265e0a has been successfully formatted.
2019-09-19 10:44:02,592 [pool-71-thread-1] INFO  ratis.ContainerStateMachine (ContainerStateMachine.java:loadSnapshot(226)) - group-526CE3265E0A: The snapshot info is null. Setting the last applied indexto:(t:0, i:~)
2019-09-19 10:44:02,592 [pool-71-thread-1] INFO  server.RaftServerConfigKeys (ConfUtils.java:logGet(43)) - raft.server.leader.election.timeout = 120s (custom)
2019-09-19 10:44:02,592 [pool-71-thread-1] INFO  server.RaftServerConfigKeys (ConfUtils.java:logGet(43)) - raft.server.log.use.memory = false (default)
2019-09-19 10:44:02,592 [pool-71-thread-1] INFO  server.RaftServerConfigKeys (ConfUtils.java:logGet(43)) - raft.server.log.purge.gap = 1000000 (custom)
2019-09-19 10:44:02,592 [pool-71-thread-1] INFO  server.RaftServerConfigKeys (ConfUtils.java:logGet(43)) - raft.server.log.appender.buffer.byte-limit = 33554432 (custom)
2019-09-19 10:44:02,592 [pool-71-thread-1] INFO  server.RaftServerConfigKeys (ConfUtils.java:logGet(43)) - raft.server.log.segment.size.max = 1048576 (custom)
2019-09-19 10:44:02,593 [pool-71-thread-1] INFO  server.RaftServerConfigKeys (ConfUtils.java:logGet(43)) - raft.server.log.segment.cache.num.max = 2 (custom)
2019-09-19 10:44:02,593 [pool-71-thread-1] INFO  segmented.SegmentedRaftLogWorker (SegmentedRaftLogWorker.java:<init>(172)) - new 470b673e-7c3c-4972-9ac8-3342d713d76f-SegmentedRaftLogWorker:Storage Directory /workdir/hadoop-ozone/tools/target/test-dir/MiniOzoneClusterImpl-906ca9d4-12e2-4885-9d3d-2383beb6722b/datanode-4/data/ratis/4cf8cf06-d612-417f-a7a2-526ce3265e0a for RaftStorage:Storage Directory /workdir/hadoop-ozone/tools/target/test-dir/MiniOzoneClusterImpl-906ca9d4-12e2-4885-9d3d-2383beb6722b/datanode-4/data/ratis/4cf8cf06-d612-417f-a7a2-526ce3265e0a
2019-09-19 10:44:02,593 [pool-71-thread-1] INFO  server.RaftServerConfigKeys (ConfUtils.java:logGet(43)) - raft.server.log.queue.byte-limit = 2147483647 (custom)
2019-09-19 10:44:02,593 [pool-71-thread-1] INFO  server.RaftServerConfigKeys (ConfUtils.java:logGet(43)) - raft.server.log.queue.element-limit = 1024 (custom)
2019-09-19 10:44:02,593 [pool-71-thread-1] INFO  server.RaftServerConfigKeys (ConfUtils.java:logGet(43)) - raft.server.log.segment.size.max = 1048576 (custom)
2019-09-19 10:44:02,593 [pool-71-thread-1] INFO  server.RaftServerConfigKeys (ConfUtils.java:logGet(43)) - raft.server.log.preallocated.size = 16384 (custom)
2019-09-19 10:44:02,593 [pool-71-thread-1] INFO  server.RaftServerConfigKeys (ConfUtils.java:logGet(43)) - raft.server.log.write.buffer.size = 33554432 (custom)
2019-09-19 10:44:02,593 [pool-71-thread-1] INFO  server.RaftServerConfigKeys (ConfUtils.java:logGet(43)) - raft.server.log.force.sync.num = 128 (default)
2019-09-19 10:44:02,594 [pool-71-thread-1] INFO  server.RaftServerConfigKeys (ConfUtils.java:logGet(43)) - raft.server.log.statemachine.data.sync = true (default)
2019-09-19 10:44:02,594 [pool-71-thread-1] INFO  server.RaftServerConfigKeys (ConfUtils.java:logGet(43)) - raft.server.log.statemachine.data.sync.timeout = 10s (default)
2019-09-19 10:44:02,594 [pool-71-thread-1] INFO  server.RaftServerConfigKeys (ConfUtils.java:logGet(43)) - raft.server.log.statemachine.data.sync.timeout.retry = -1 (default)
2019-09-19 10:44:02,594 [pool-71-thread-1] INFO  server.RaftServerConfigKeys (ConfUtils.java:logGet(43)) - raft.server.log.statemachine.data.caching.enabled = true (custom)
2019-09-19 10:44:02,594 [pool-71-thread-1] INFO  segmented.SegmentedRaftLogWorker (SegmentedRaftLogWorker.java:lambda$new$0(132)) - 470b673e-7c3c-4972-9ac8-3342d713d76f-SegmentedRaftLogWorker:Storage Directory /workdir/hadoop-ozone/tools/target/test-dir/MiniOzoneClusterImpl-906ca9d4-12e2-4885-9d3d-2383beb6722b/datanode-4/data/ratis/4cf8cf06-d612-417f-a7a2-526ce3265e0a: flushIndex: setUnconditionally 0 -> -1
2019-09-19 10:44:02,595 [pool-71-thread-1] INFO  server.RaftServerConfigKeys (ConfUtils.java:logGet(43)) - raft.server.snapshot.auto.trigger.enabled = true (custom)
2019-09-19 10:44:02,595 [pool-71-thread-1] INFO  server.RaftServerConfigKeys (ConfUtils.java:logGet(43)) - raft.server.snapshot.auto.trigger.threshold = 10000 (custom)
2019-09-19 10:44:02,595 [pool-71-thread-1] INFO  server.RaftServerConfigKeys (ConfUtils.java:logGet(43)) - raft.server.retrycache.expirytime = 600000ms (custom)
2019-09-19 10:44:02,595 [pool-71-thread-1] INFO  impl.RaftServerImpl (RaftServerImpl.java:start(180)) - 470b673e-7c3c-4972-9ac8-3342d713d76f: start group-526CE3265E0A
2019-09-19 10:44:02,595 [pool-71-thread-1] INFO  impl.RaftServerImpl (RaftServerImpl.java:setRole(171)) - 470b673e-7c3c-4972-9ac8-3342d713d76f:group-526CE3265E0A changes role from null to FOLLOWER at term 0 for startAsFollower
2019-09-19 10:44:02,595 [pool-71-thread-1] INFO  impl.RoleInfo (RoleInfo.java:updateAndGet(143)) - 470b673e-7c3c-4972-9ac8-3342d713d76f: start FollowerState
2019-09-19 10:44:02,596 [pool-71-thread-1] INFO  util.JmxRegister (JmxRegister.java:tryRegister(44)) - Successfully registered JMX Bean with object name Ratis:service=RaftServer,group=group-526CE3265E0A,id=470b673e-7c3c-4972-9ac8-3342d713d76f
2019-09-19 10:44:02,600 [RatisPipelineUtilsThread] INFO  pipeline.PipelineStateManager (PipelineStateManager.java:addPipeline(56)) - Created pipeline Pipeline[ Id: 4cf8cf06-d612-417f-a7a2-526ce3265e0a, Nodes: 470b673e-7c3c-4972-9ac8-3342d713d76f{ip: 192.168.157.204, host: pr-hdds-1569-cpgw4-1311585219, networkLocation: /default-rack, certSerialId: null}, Type:RATIS, Factor:ONE, State:OPEN]
2019-09-19 10:44:02,602 [RatisPipelineUtilsThread] ERROR pipeline.PipelinePlacementPolicy (PipelinePlacementPolicy.java:meetCriteria(91)) - Pipeline Placement: Doesn't meet the criteria to be viable node. Heaviness: 6
2019-09-19 10:44:02,602 [RatisPipelineUtilsThread] ERROR pipeline.PipelinePlacementPolicy (PipelinePlacementPolicy.java:meetCriteria(91)) - Pipeline Placement: Doesn't meet the criteria to be viable node. Heaviness: 6
2019-09-19 10:44:02,602 [RatisPipelineUtilsThread] ERROR pipeline.PipelinePlacementPolicy (PipelinePlacementPolicy.java:meetCriteria(91)) - Pipeline Placement: Doesn't meet the criteria to be viable node. Heaviness: 6
2019-09-19 10:44:02,602 [RatisPipelineUtilsThread] ERROR pipeline.PipelinePlacementPolicy (PipelinePlacementPolicy.java:meetCriteria(91)) - Pipeline Placement: Doesn't meet the criteria to be viable node. Heaviness: 6
2019-09-19 10:44:02,602 [RatisPipelineUtilsThread] ERROR pipeline.PipelinePlacementPolicy (PipelinePlacementPolicy.java:meetCriteria(91)) - Pipeline Placement: Doesn't meet the criteria to be viable node. Heaviness: 6
2019-09-19 10:44:02,602 [RatisPipelineUtilsThread] ERROR pipeline.PipelinePlacementPolicy (PipelinePlacementPolicy.java:filterViableNodes(146)) - Unable to find enough nodes that meet the criteria that cannot engage in more than 5 pipelines. Nodes required: 1 Found: 0, healthy nodes count inNodeManager: 5.
2019-09-19 10:44:02,603 [RatisPipelineUtilsThread] ERROR pipeline.SCMPipelineManager (SCMPipelineManager.java:createPipeline(161)) - Pipeline creation failed due to exception: Unable to find enough nodes that meet the criteria that cannot engage in more than 5 pipelines. Nodes required: 1 Found: 0, healthy nodes count inNodeManager: 5.
2019-09-19 10:44:02,604 [RatisPipelineUtilsThread] ERROR pipeline.PipelinePlacementPolicy (PipelinePlacementPolicy.java:meetCriteria(91)) - Pipeline Placement: Doesn't meet the criteria to be viable node. Heaviness: 6
2019-09-19 10:44:02,604 [RatisPipelineUtilsThread] ERROR pipeline.PipelinePlacementPolicy (PipelinePlacementPolicy.java:meetCriteria(91)) - Pipeline Placement: Doesn't meet the criteria to be viable node. Heaviness: 6
2019-09-19 10:44:02,604 [RatisPipelineUtilsThread] ERROR pipeline.PipelinePlacementPolicy (PipelinePlacementPolicy.java:meetCriteria(91)) - Pipeline Placement: Doesn't meet the criteria to be viable node. Heaviness: 6
2019-09-19 10:44:02,604 [RatisPipelineUtilsThread] ERROR pipeline.PipelinePlacementPolicy (PipelinePlacementPolicy.java:meetCriteria(91)) - Pipeline Placement: Doesn't meet the criteria to be viable node. Heaviness: 6
2019-09-19 10:44:02,604 [RatisPipelineUtilsThread] ERROR pipeline.PipelinePlacementPolicy (PipelinePlacementPolicy.java:meetCriteria(91)) - Pipeline Placement: Doesn't meet the criteria to be viable node. Heaviness: 6
2019-09-19 10:44:02,604 [RatisPipelineUtilsThread] ERROR pipeline.PipelinePlacementPolicy (PipelinePlacementPolicy.java:filterViableNodes(146)) - Unable to find enough nodes that meet the criteria that cannot engage in more than 5 pipelines. Nodes required: 3 Found: 0, healthy nodes count inNodeManager: 5.
2019-09-19 10:44:02,604 [RatisPipelineUtilsThread] ERROR pipeline.SCMPipelineManager (SCMPipelineManager.java:createPipeline(161)) - Pipeline creation failed due to exception: Unable to find enough nodes that meet the criteria that cannot engage in more than 5 pipelines. Nodes required: 3 Found: 0, healthy nodes count inNodeManager: 5.
2019-09-19 10:44:02,605 [IPC Server handler 13 on 39654] ERROR pipeline.PipelinePlacementPolicy (PipelinePlacementPolicy.java:meetCriteria(91)) - Pipeline Placement: Doesn't meet the criteria to be viable node. Heaviness: 6
2019-09-19 10:44:02,605 [IPC Server handler 13 on 39654] ERROR pipeline.PipelinePlacementPolicy (PipelinePlacementPolicy.java:meetCriteria(91)) - Pipeline Placement: Doesn't meet the criteria to be viable node. Heaviness: 6
2019-09-19 10:44:02,605 [IPC Server handler 13 on 39654] ERROR pipeline.PipelinePlacementPolicy (PipelinePlacementPolicy.java:meetCriteria(91)) - Pipeline Placement: Doesn't meet the criteria to be viable node. Heaviness: 6
2019-09-19 10:44:02,605 [IPC Server handler 13 on 39654] ERROR pipeline.PipelinePlacementPolicy (PipelinePlacementPolicy.java:meetCriteria(91)) - Pipeline Placement: Doesn't meet the criteria to be viable node. Heaviness: 6
2019-09-19 10:44:02,605 [IPC Server handler 13 on 39654] ERROR pipeline.PipelinePlacementPolicy (PipelinePlacementPolicy.java:meetCriteria(91)) - Pipeline Placement: Doesn't meet the criteria to be viable node. Heaviness: 6
2019-09-19 10:44:02,606 [IPC Server handler 13 on 39654] ERROR pipeline.PipelinePlacementPolicy (PipelinePlacementPolicy.java:filterViableNodes(146)) - Unable to find enough nodes that meet the criteria that cannot engage in more than 5 pipelines. Nodes required: 3 Found: 0, healthy nodes count inNodeManager: 5.
2019-09-19 10:44:02,606 [IPC Server handler 13 on 39654] ERROR pipeline.SCMPipelineManager (SCMPipelineManager.java:createPipeline(161)) - Pipeline creation failed due to exception: Unable to find enough nodes that meet the criteria that cannot engage in more than 5 pipelines. Nodes required: 3 Found: 0, healthy nodes count inNodeManager: 5.
2019-09-19 10:44:02,606 [RatisPipelineUtilsThread] ERROR pipeline.PipelinePlacementPolicy (PipelinePlacementPolicy.java:meetCriteria(91)) - Pipeline Placement: Doesn't meet the criteria to be viable node. Heaviness: 6
2019-09-19 10:44:02,606 [RatisPipelineUtilsThread] ERROR pipeline.PipelinePlacementPolicy (PipelinePlacementPolicy.java:meetCriteria(91)) - Pipeline Placement: Doesn't meet the criteria to be viable node. Heaviness: 6
2019-09-19 10:44:02,606 [RatisPipelineUtilsThread] ERROR pipeline.PipelinePlacementPolicy (PipelinePlacementPolicy.java:meetCriteria(91)) - Pipeline Placement: Doesn't meet the criteria to be viable node. Heaviness: 6
2019-09-19 10:44:02,607 [RatisPipelineUtilsThread] ERROR pipeline.PipelinePlacementPolicy (PipelinePlacementPolicy.java:meetCriteria(91)) - Pipeline Placement: Doesn't meet the criteria to be viable node. Heaviness: 6
2019-09-19 10:44:02,607 [RatisPipelineUtilsThread] ERROR pipeline.PipelinePlacementPolicy (PipelinePlacementPolicy.java:meetCriteria(91)) - Pipeline Placement: Doesn't meet the criteria to be viable node. Heaviness: 6
2019-09-19 10:44:02,607 [RatisPipelineUtilsThread] ERROR pipeline.PipelinePlacementPolicy (PipelinePlacementPolicy.java:filterViableNodes(146)) - Unable to find enough nodes that meet the criteria that cannot engage in more than 5 pipelines. Nodes required: 1 Found: 0, healthy nodes count inNodeManager: 5.
2019-09-19 10:44:02,607 [RatisPipelineUtilsThread] ERROR pipeline.SCMPipelineManager (SCMPipelineManager.java:createPipeline(161)) - Pipeline creation failed due to exception: Unable to find enough nodes that meet the criteria that cannot engage in more than 5 pipelines. Nodes required: 1 Found: 0, healthy nodes count inNodeManager: 5.
2019-09-19 10:44:02,607 [IPC Server handler 13 on 39654] WARN  block.BlockManagerImpl (BlockManagerImpl.java:allocateBlock(192)) - Pipeline creation failed for type:RATIS factor:THREE. Retrying get pipelines call once.
org.apache.hadoop.hdds.scm.exceptions.SCMException: Unable to find enough nodes that meet the criteria that cannot engage in more than 5 pipelines. Nodes required: 3 Found: 0, healthy nodes count inNodeManager: 5.
	at org.apache.hadoop.hdds.scm.pipeline.PipelinePlacementPolicy.filterViableNodes(PipelinePlacementPolicy.java:147)
	at org.apache.hadoop.hdds.scm.pipeline.PipelinePlacementPolicy.chooseDatanodes(PipelinePlacementPolicy.java:170)
	at org.apache.hadoop.hdds.scm.pipeline.RatisPipelineProvider.create(RatisPipelineProvider.java:92)
	at org.apache.hadoop.hdds.scm.pipeline.PipelineFactory.create(PipelineFactory.java:57)
	at org.apache.hadoop.hdds.scm.pipeline.SCMPipelineManager.createPipeline(SCMPipelineManager.java:149)
	at org.apache.hadoop.hdds.scm.block.BlockManagerImpl.allocateBlock(BlockManagerImpl.java:190)
	at org.apache.hadoop.hdds.scm.server.SCMBlockProtocolServer.allocateBlock(SCMBlockProtocolServer.java:175)
	at org.apache.hadoop.ozone.protocolPB.ScmBlockLocationProtocolServerSideTranslatorPB.allocateScmBlock(ScmBlockLocationProtocolServerSideTranslatorPB.java:153)
	at org.apache.hadoop.ozone.protocolPB.ScmBlockLocationProtocolServerSideTranslatorPB.send(ScmBlockLocationProtocolServerSideTranslatorPB.java:112)
	at org.apache.hadoop.hdds.protocol.proto.ScmBlockLocationProtocolProtos$ScmBlockLocationProtocolService$2.callBlockingMethod(ScmBlockLocationProtocolProtos.java:13157)
	at org.apache.hadoop.ipc.ProtobufRpcEngine$Server$ProtoBufRpcInvoker.call(ProtobufRpcEngine.java:524)
	at org.apache.hadoop.ipc.RPC$Server.call(RPC.java:1025)
	at org.apache.hadoop.ipc.Server$RpcCall.run(Server.java:876)
	at org.apache.hadoop.ipc.Server$RpcCall.run(Server.java:822)
	at java.security.AccessController.doPrivileged(Native Method)
	at javax.security.auth.Subject.doAs(Subject.java:422)
	at org.apache.hadoop.security.UserGroupInformation.doAs(UserGroupInformation.java:1730)
	at org.apache.hadoop.ipc.Server$Handler.run(Server.java:2682)
2019-09-19 10:44:02,607 [RatisPipelineUtilsThread] ERROR pipeline.PipelinePlacementPolicy (PipelinePlacementPolicy.java:meetCriteria(91)) - Pipeline Placement: Doesn't meet the criteria to be viable node. Heaviness: 6
2019-09-19 10:44:02,609 [RatisPipelineUtilsThread] ERROR pipeline.PipelinePlacementPolicy (PipelinePlacementPolicy.java:meetCriteria(91)) - Pipeline Placement: Doesn't meet the criteria to be viable node. Heaviness: 6
2019-09-19 10:44:02,609 [RatisPipelineUtilsThread] ERROR pipeline.PipelinePlacementPolicy (PipelinePlacementPolicy.java:meetCriteria(91)) - Pipeline Placement: Doesn't meet the criteria to be viable node. Heaviness: 6
2019-09-19 10:44:02,609 [RatisPipelineUtilsThread] ERROR pipeline.PipelinePlacementPolicy (PipelinePlacementPolicy.java:meetCriteria(91)) - Pipeline Placement: Doesn't meet the criteria to be viable node. Heaviness: 6
2019-09-19 10:44:02,609 [RatisPipelineUtilsThread] ERROR pipeline.PipelinePlacementPolicy (PipelinePlacementPolicy.java:meetCriteria(91)) - Pipeline Placement: Doesn't meet the criteria to be viable node. Heaviness: 6
2019-09-19 10:44:02,610 [RatisPipelineUtilsThread] ERROR pipeline.PipelinePlacementPolicy (PipelinePlacementPolicy.java:filterViableNodes(146)) - Unable to find enough nodes that meet the criteria that cannot engage in more than 5 pipelines. Nodes required: 3 Found: 0, healthy nodes count inNodeManager: 5.
2019-09-19 10:44:02,610 [RatisPipelineUtilsThread] ERROR pipeline.SCMPipelineManager (SCMPipelineManager.java:createPipeline(161)) - Pipeline creation failed due to exception: Unable to find enough nodes that meet the criteria that cannot engage in more than 5 pipelines. Nodes required: 3 Found: 0, healthy nodes count inNodeManager: 5.
2019-09-19 10:44:02,610 [IPC Server handler 13 on 39654] INFO  block.BlockManagerImpl (BlockManagerImpl.java:allocateBlock(198)) - Could not find available pipeline of type:RATIS and factor:THREE even after retrying
2019-09-19 10:44:02,610 [IPC Server handler 13 on 39654] ERROR block.BlockManagerImpl (BlockManagerImpl.java:allocateBlock(222)) - Unable to allocate a block for the size: 4194304, type: RATIS, factor: THREE
2019-09-19 10:44:02,610 [IPC Server handler 13 on 39654] ERROR pipeline.PipelinePlacementPolicy (PipelinePlacementPolicy.java:meetCriteria(91)) - Pipeline Placement: Doesn't meet the criteria to be viable node. Heaviness: 6
2019-09-19 10:44:02,611 [IPC Server handler 13 on 39654] ERROR pipeline.PipelinePlacementPolicy (PipelinePlacementPolicy.java:meetCriteria(91)) - Pipeline Placement: Doesn't meet the criteria to be viable node. Heaviness: 6
2019-09-19 10:44:02,611 [IPC Server handler 13 on 39654] ERROR pipeline.PipelinePlacementPolicy (PipelinePlacementPolicy.java:meetCriteria(91)) - Pipeline Placement: Doesn't meet the criteria to be viable node. Heaviness: 6
2019-09-19 10:44:02,611 [IPC Server handler 13 on 39654] ERROR pipeline.PipelinePlacementPolicy (PipelinePlacementPolicy.java:meetCriteria(91)) - Pipeline Placement: Doesn't meet the criteria to be viable node. Heaviness: 6
2019-09-19 10:44:02,616 [IPC Server handler 13 on 39654] ERROR pipeline.PipelinePlacementPolicy (PipelinePlacementPolicy.java:meetCriteria(91)) - Pipeline Placement: Doesn't meet the criteria to be viable node. Heaviness: 6
2019-09-19 10:44:02,617 [IPC Server handler 13 on 39654] ERROR pipeline.PipelinePlacementPolicy (PipelinePlacementPolicy.java:filterViableNodes(146)) - Unable to find enough nodes that meet the criteria that cannot engage in more than 5 pipelines. Nodes required: 3 Found: 0, healthy nodes count inNodeManager: 5.
2019-09-19 10:44:02,618 [IPC Server handler 13 on 39654] ERROR pipeline.SCMPipelineManager (SCMPipelineManager.java:createPipeline(161)) - Pipeline creation failed due to exception: Unable to find enough nodes that meet the criteria that cannot engage in more than 5 pipelines. Nodes required: 3 Found: 0, healthy nodes count inNodeManager: 5.
2019-09-19 10:44:02,618 [IPC Server handler 13 on 39654] WARN  block.BlockManagerImpl (BlockManagerImpl.java:allocateBlock(192)) - Pipeline creation failed for type:RATIS factor:THREE. Retrying get pipelines call once.
org.apache.hadoop.hdds.scm.exceptions.SCMException: Unable to find enough nodes that meet the criteria that cannot engage in more than 5 pipelines. Nodes required: 3 Found: 0, healthy nodes count inNodeManager: 5.
	at org.apache.hadoop.hdds.scm.pipeline.PipelinePlacementPolicy.filterViableNodes(PipelinePlacementPolicy.java:147)
	at org.apache.hadoop.hdds.scm.pipeline.PipelinePlacementPolicy.chooseDatanodes(PipelinePlacementPolicy.java:170)
	at org.apache.hadoop.hdds.scm.pipeline.RatisPipelineProvider.create(RatisPipelineProvider.java:92)
	at org.apache.hadoop.hdds.scm.pipeline.PipelineFactory.create(PipelineFactory.java:57)
	at org.apache.hadoop.hdds.scm.pipeline.SCMPipelineManager.createPipeline(SCMPipelineManager.java:149)
	at org.apache.hadoop.hdds.scm.block.BlockManagerImpl.allocateBlock(BlockManagerImpl.java:190)
	at org.apache.hadoop.hdds.scm.server.SCMBlockProtocolServer.allocateBlock(SCMBlockProtocolServer.java:175)
	at org.apache.hadoop.ozone.protocolPB.ScmBlockLocationProtocolServerSideTranslatorPB.allocateScmBlock(ScmBlockLocationProtocolServerSideTranslatorPB.java:153)
	at org.apache.hadoop.ozone.protocolPB.ScmBlockLocationProtocolServerSideTranslatorPB.send(ScmBlockLocationProtocolServerSideTranslatorPB.java:112)
	at org.apache.hadoop.hdds.protocol.proto.ScmBlockLocationProtocolProtos$ScmBlockLocationProtocolService$2.callBlockingMethod(ScmBlockLocationProtocolProtos.java:13157)
	at org.apache.hadoop.ipc.ProtobufRpcEngine$Server$ProtoBufRpcInvoker.call(ProtobufRpcEngine.java:524)
	at org.apache.hadoop.ipc.RPC$Server.call(RPC.java:1025)
	at org.apache.hadoop.ipc.Server$RpcCall.run(Server.java:876)
	at org.apache.hadoop.ipc.Server$RpcCall.run(Server.java:822)
	at java.security.AccessController.doPrivileged(Native Method)
	at javax.security.auth.Subject.doAs(Subject.java:422)
	at org.apache.hadoop.security.UserGroupInformation.doAs(UserGroupInformation.java:1730)
	at org.apache.hadoop.ipc.Server$Handler.run(Server.java:2682)
2019-09-19 10:44:02,618 [IPC Server handler 13 on 39654] INFO  block.BlockManagerImpl (BlockManagerImpl.java:allocateBlock(198)) - Could not find available pipeline of type:RATIS and factor:THREE even after retrying
2019-09-19 10:44:02,618 [IPC Server handler 13 on 39654] ERROR block.BlockManagerImpl (BlockManagerImpl.java:allocateBlock(222)) - Unable to allocate a block for the size: 4194304, type: RATIS, factor: THREE
2019-09-19 10:44:02,619 [IPC Server handler 13 on 39654] ERROR pipeline.PipelinePlacementPolicy (PipelinePlacementPolicy.java:meetCriteria(91)) - Pipeline Placement: Doesn't meet the criteria to be viable node. Heaviness: 6
2019-09-19 10:44:02,619 [IPC Server handler 13 on 39654] ERROR pipeline.PipelinePlacementPolicy (PipelinePlacementPolicy.java:meetCriteria(91)) - Pipeline Placement: Doesn't meet the criteria to be viable node. Heaviness: 6
2019-09-19 10:44:02,619 [IPC Server handler 13 on 39654] ERROR pipeline.PipelinePlacementPolicy (PipelinePlacementPolicy.java:meetCriteria(91)) - Pipeline Placement: Doesn't meet the criteria to be viable node. Heaviness: 6
2019-09-19 10:44:02,619 [IPC Server handler 13 on 39654] ERROR pipeline.PipelinePlacementPolicy (PipelinePlacementPolicy.java:meetCriteria(91)) - Pipeline Placement: Doesn't meet the criteria to be viable node. Heaviness: 6
2019-09-19 10:44:02,619 [IPC Server handler 13 on 39654] ERROR pipeline.PipelinePlacementPolicy (PipelinePlacementPolicy.java:meetCriteria(91)) - Pipeline Placement: Doesn't meet the criteria to be viable node. Heaviness: 6
2019-09-19 10:44:02,620 [IPC Server handler 13 on 39654] ERROR pipeline.PipelinePlacementPolicy (PipelinePlacementPolicy.java:filterViableNodes(146)) - Unable to find enough nodes that meet the criteria that cannot engage in more than 5 pipelines. Nodes required: 3 Found: 0, healthy nodes count inNodeManager: 5.
2019-09-19 10:44:02,620 [IPC Server handler 13 on 39654] ERROR pipeline.SCMPipelineManager (SCMPipelineManager.java:createPipeline(161)) - Pipeline creation failed due to exception: Unable to find enough nodes that meet the criteria that cannot engage in more than 5 pipelines. Nodes required: 3 Found: 0, healthy nodes count inNodeManager: 5.
2019-09-19 10:44:02,620 [IPC Server handler 13 on 39654] WARN  block.BlockManagerImpl (BlockManagerImpl.java:allocateBlock(192)) - Pipeline creation failed for type:RATIS factor:THREE. Retrying get pipelines call once.
org.apache.hadoop.hdds.scm.exceptions.SCMException: Unable to find enough nodes that meet the criteria that cannot engage in more than 5 pipelines. Nodes required: 3 Found: 0, healthy nodes count inNodeManager: 5.
	at org.apache.hadoop.hdds.scm.pipeline.PipelinePlacementPolicy.filterViableNodes(PipelinePlacementPolicy.java:147)
	at org.apache.hadoop.hdds.scm.pipeline.PipelinePlacementPolicy.chooseDatanodes(PipelinePlacementPolicy.java:170)
	at org.apache.hadoop.hdds.scm.pipeline.RatisPipelineProvider.create(RatisPipelineProvider.java:92)
	at org.apache.hadoop.hdds.scm.pipeline.PipelineFactory.create(PipelineFactory.java:57)
	at org.apache.hadoop.hdds.scm.pipeline.SCMPipelineManager.createPipeline(SCMPipelineManager.java:149)
	at org.apache.hadoop.hdds.scm.block.BlockManagerImpl.allocateBlock(BlockManagerImpl.java:190)
	at org.apache.hadoop.hdds.scm.server.SCMBlockProtocolServer.allocateBlock(SCMBlockProtocolServer.java:175)
	at org.apache.hadoop.ozone.protocolPB.ScmBlockLocationProtocolServerSideTranslatorPB.allocateScmBlock(ScmBlockLocationProtocolServerSideTranslatorPB.java:153)
	at org.apache.hadoop.ozone.protocolPB.ScmBlockLocationProtocolServerSideTranslatorPB.send(ScmBlockLocationProtocolServerSideTranslatorPB.java:112)
	at org.apache.hadoop.hdds.protocol.proto.ScmBlockLocationProtocolProtos$ScmBlockLocationProtocolService$2.callBlockingMethod(ScmBlockLocationProtocolProtos.java:13157)
	at org.apache.hadoop.ipc.ProtobufRpcEngine$Server$ProtoBufRpcInvoker.call(ProtobufRpcEngine.java:524)
	at org.apache.hadoop.ipc.RPC$Server.call(RPC.java:1025)
	at org.apache.hadoop.ipc.Server$RpcCall.run(Server.java:876)
	at org.apache.hadoop.ipc.Server$RpcCall.run(Server.java:822)
	at java.security.AccessController.doPrivileged(Native Method)
	at javax.security.auth.Subject.doAs(Subject.java:422)
	at org.apache.hadoop.security.UserGroupInformation.doAs(UserGroupInformation.java:1730)
	at org.apache.hadoop.ipc.Server$Handler.run(Server.java:2682)
2019-09-19 10:44:02,620 [IPC Server handler 13 on 39654] INFO  block.BlockManagerImpl (BlockManagerImpl.java:allocateBlock(198)) - Could not find available pipeline of type:RATIS and factor:THREE even after retrying
2019-09-19 10:44:02,620 [IPC Server handler 13 on 39654] ERROR block.BlockManagerImpl (BlockManagerImpl.java:allocateBlock(222)) - Unable to allocate a block for the size: 4194304, type: RATIS, factor: THREE
2019-09-19 10:44:02,621 [IPC Server handler 13 on 39654] ERROR pipeline.PipelinePlacementPolicy (PipelinePlacementPolicy.java:meetCriteria(91)) - Pipeline Placement: Doesn't meet the criteria to be viable node. Heaviness: 6
2019-09-19 10:44:02,621 [IPC Server handler 13 on 39654] ERROR pipeline.PipelinePlacementPolicy (PipelinePlacementPolicy.java:meetCriteria(91)) - Pipeline Placement: Doesn't meet the criteria to be viable node. Heaviness: 6
2019-09-19 10:44:02,621 [IPC Server handler 13 on 39654] ERROR pipeline.PipelinePlacementPolicy (PipelinePlacementPolicy.java:meetCriteria(91)) - Pipeline Placement: Doesn't meet the criteria to be viable node. Heaviness: 6
2019-09-19 10:44:02,621 [IPC Server handler 13 on 39654] ERROR pipeline.PipelinePlacementPolicy (PipelinePlacementPolicy.java:meetCriteria(91)) - Pipeline Placement: Doesn't meet the criteria to be viable node. Heaviness: 6
2019-09-19 10:44:02,621 [IPC Server handler 13 on 39654] ERROR pipeline.PipelinePlacementPolicy (PipelinePlacementPolicy.java:meetCriteria(91)) - Pipeline Placement: Doesn't meet the criteria to be viable node. Heaviness: 6
2019-09-19 10:44:02,622 [IPC Server handler 13 on 39654] ERROR pipeline.PipelinePlacementPolicy (PipelinePlacementPolicy.java:filterViableNodes(146)) - Unable to find enough nodes that meet the criteria that cannot engage in more than 5 pipelines. Nodes required: 3 Found: 0, healthy nodes count inNodeManager: 5.
2019-09-19 10:44:02,622 [IPC Server handler 13 on 39654] ERROR pipeline.SCMPipelineManager (SCMPipelineManager.java:createPipeline(161)) - Pipeline creation failed due to exception: Unable to find enough nodes that meet the criteria that cannot engage in more than 5 pipelines. Nodes required: 3 Found: 0, healthy nodes count inNodeManager: 5.
2019-09-19 10:44:02,622 [IPC Server handler 13 on 39654] WARN  block.BlockManagerImpl (BlockManagerImpl.java:allocateBlock(192)) - Pipeline creation failed for type:RATIS factor:THREE. Retrying get pipelines call once.
org.apache.hadoop.hdds.scm.exceptions.SCMException: Unable to find enough nodes that meet the criteria that cannot engage in more than 5 pipelines. Nodes required: 3 Found: 0, healthy nodes count inNodeManager: 5.
	at org.apache.hadoop.hdds.scm.pipeline.PipelinePlacementPolicy.filterViableNodes(PipelinePlacementPolicy.java:147)
	at org.apache.hadoop.hdds.scm.pipeline.PipelinePlacementPolicy.chooseDatanodes(PipelinePlacementPolicy.java:170)
	at org.apache.hadoop.hdds.scm.pipeline.RatisPipelineProvider.create(RatisPipelineProvider.java:92)
	at org.apache.hadoop.hdds.scm.pipeline.PipelineFactory.create(PipelineFactory.java:57)
	at org.apache.hadoop.hdds.scm.pipeline.SCMPipelineManager.createPipeline(SCMPipelineManager.java:149)
	at org.apache.hadoop.hdds.scm.block.BlockManagerImpl.allocateBlock(BlockManagerImpl.java:190)
	at org.apache.hadoop.hdds.scm.server.SCMBlockProtocolServer.allocateBlock(SCMBlockProtocolServer.java:175)
	at org.apache.hadoop.ozone.protocolPB.ScmBlockLocationProtocolServerSideTranslatorPB.allocateScmBlock(ScmBlockLocationProtocolServerSideTranslatorPB.java:153)
	at org.apache.hadoop.ozone.protocolPB.ScmBlockLocationProtocolServerSideTranslatorPB.send(ScmBlockLocationProtocolServerSideTranslatorPB.java:112)
	at org.apache.hadoop.hdds.protocol.proto.ScmBlockLocationProtocolProtos$ScmBlockLocationProtocolService$2.callBlockingMethod(ScmBlockLocationProtocolProtos.java:13157)
	at org.apache.hadoop.ipc.ProtobufRpcEngine$Server$ProtoBufRpcInvoker.call(ProtobufRpcEngine.java:524)
	at org.apache.hadoop.ipc.RPC$Server.call(RPC.java:1025)
	at org.apache.hadoop.ipc.Server$RpcCall.run(Server.java:876)
	at org.apache.hadoop.ipc.Server$RpcCall.run(Server.java:822)
	at java.security.AccessController.doPrivileged(Native Method)
	at javax.security.auth.Subject.doAs(Subject.java:422)
	at org.apache.hadoop.security.UserGroupInformation.doAs(UserGroupInformation.java:1730)
	at org.apache.hadoop.ipc.Server$Handler.run(Server.java:2682)
2019-09-19 10:44:02,622 [IPC Server handler 13 on 39654] INFO  block.BlockManagerImpl (BlockManagerImpl.java:allocateBlock(198)) - Could not find available pipeline of type:RATIS and factor:THREE even after retrying
2019-09-19 10:44:02,623 [IPC Server handler 13 on 39654] ERROR block.BlockManagerImpl (BlockManagerImpl.java:allocateBlock(222)) - Unable to allocate a block for the size: 4194304, type: RATIS, factor: THREE
2019-09-19 10:44:02,623 [IPC Server handler 13 on 39654] ERROR pipeline.PipelinePlacementPolicy (PipelinePlacementPolicy.java:meetCriteria(91)) - Pipeline Placement: Doesn't meet the criteria to be viable node. Heaviness: 6
2019-09-19 10:44:02,623 [IPC Server handler 13 on 39654] ERROR pipeline.PipelinePlacementPolicy (PipelinePlacementPolicy.java:meetCriteria(91)) - Pipeline Placement: Doesn't meet the criteria to be viable node. Heaviness: 6
2019-09-19 10:44:02,623 [IPC Server handler 13 on 39654] ERROR pipeline.PipelinePlacementPolicy (PipelinePlacementPolicy.java:meetCriteria(91)) - Pipeline Placement: Doesn't meet the criteria to be viable node. Heaviness: 6
2019-09-19 10:44:02,623 [IPC Server handler 13 on 39654] ERROR pipeline.PipelinePlacementPolicy (PipelinePlacementPolicy.java:meetCriteria(91)) - Pipeline Placement: Doesn't meet the criteria to be viable node. Heaviness: 6
2019-09-19 10:44:02,623 [IPC Server handler 13 on 39654] ERROR pipeline.PipelinePlacementPolicy (PipelinePlacementPolicy.java:meetCriteria(91)) - Pipeline Placement: Doesn't meet the criteria to be viable node. Heaviness: 6
2019-09-19 10:44:02,624 [IPC Server handler 13 on 39654] ERROR pipeline.PipelinePlacementPolicy (PipelinePlacementPolicy.java:filterViableNodes(146)) - Unable to find enough nodes that meet the criteria that cannot engage in more than 5 pipelines. Nodes required: 3 Found: 0, healthy nodes count inNodeManager: 5.
2019-09-19 10:44:02,624 [IPC Server handler 13 on 39654] ERROR pipeline.SCMPipelineManager (SCMPipelineManager.java:createPipeline(161)) - Pipeline creation failed due to exception: Unable to find enough nodes that meet the criteria that cannot engage in more than 5 pipelines. Nodes required: 3 Found: 0, healthy nodes count inNodeManager: 5.
2019-09-19 10:44:02,624 [IPC Server handler 13 on 39654] WARN  block.BlockManagerImpl (BlockManagerImpl.java:allocateBlock(192)) - Pipeline creation failed for type:RATIS factor:THREE. Retrying get pipelines call once.
org.apache.hadoop.hdds.scm.exceptions.SCMException: Unable to find enough nodes that meet the criteria that cannot engage in more than 5 pipelines. Nodes required: 3 Found: 0, healthy nodes count inNodeManager: 5.
	at org.apache.hadoop.hdds.scm.pipeline.PipelinePlacementPolicy.filterViableNodes(PipelinePlacementPolicy.java:147)
	at org.apache.hadoop.hdds.scm.pipeline.PipelinePlacementPolicy.chooseDatanodes(PipelinePlacementPolicy.java:170)
	at org.apache.hadoop.hdds.scm.pipeline.RatisPipelineProvider.create(RatisPipelineProvider.java:92)
	at org.apache.hadoop.hdds.scm.pipeline.PipelineFactory.create(PipelineFactory.java:57)
	at org.apache.hadoop.hdds.scm.pipeline.SCMPipelineManager.createPipeline(SCMPipelineManager.java:149)
	at org.apache.hadoop.hdds.scm.block.BlockManagerImpl.allocateBlock(BlockManagerImpl.java:190)
	at org.apache.hadoop.hdds.scm.server.SCMBlockProtocolServer.allocateBlock(SCMBlockProtocolServer.java:175)
	at org.apache.hadoop.ozone.protocolPB.ScmBlockLocationProtocolServerSideTranslatorPB.allocateScmBlock(ScmBlockLocationProtocolServerSideTranslatorPB.java:153)
	at org.apache.hadoop.ozone.protocolPB.ScmBlockLocationProtocolServerSideTranslatorPB.send(ScmBlockLocationProtocolServerSideTranslatorPB.java:112)
	at org.apache.hadoop.hdds.protocol.proto.ScmBlockLocationProtocolProtos$ScmBlockLocationProtocolService$2.callBlockingMethod(ScmBlockLocationProtocolProtos.java:13157)
	at org.apache.hadoop.ipc.ProtobufRpcEngine$Server$ProtoBufRpcInvoker.call(ProtobufRpcEngine.java:524)
	at org.apache.hadoop.ipc.RPC$Server.call(RPC.java:1025)
	at org.apache.hadoop.ipc.Server$RpcCall.run(Server.java:876)
	at org.apache.hadoop.ipc.Server$RpcCall.run(Server.java:822)
	at java.security.AccessController.doPrivileged(Native Method)
	at javax.security.auth.Subject.doAs(Subject.java:422)
	at org.apache.hadoop.security.UserGroupInformation.doAs(UserGroupInformation.java:1730)
	at org.apache.hadoop.ipc.Server$Handler.run(Server.java:2682)
2019-09-19 10:44:02,625 [IPC Server handler 13 on 39654] INFO  block.BlockManagerImpl (BlockManagerImpl.java:allocateBlock(198)) - Could not find available pipeline of type:RATIS and factor:THREE even after retrying
2019-09-19 10:44:02,625 [IPC Server handler 13 on 39654] ERROR block.BlockManagerImpl (BlockManagerImpl.java:allocateBlock(222)) - Unable to allocate a block for the size: 4194304, type: RATIS, factor: THREE
2019-09-19 10:44:02,625 | INFO  | SCMAudit | user=jenkins1000 | ip=192.168.157.204 | op=ALLOCATE_BLOCK {owner=0ae35bb6-9217-4e07-8082-1b0ffa9eda16, size=4194304, type=RATIS, factor=THREE} | ret=SUCCESS |  
2019-09-19 10:44:02,630 | ERROR | OMAudit | user=jenkins1000 | ip=127.0.0.1 | op=ALLOCATE_KEY {volume=vol-0-13120, bucket=bucket-0-24454, key=key-0-83972, dataSize=20971520, replicationType=RATIS, replicationFactor=THREE, keyLocationInfo=null} | ret=FAILURE | org.apache.hadoop.hdds.scm.exceptions.SCMException: Allocated 0 blocks. Requested 5 blocks
	at org.apache.hadoop.hdds.scm.protocolPB.ScmBlockLocationProtocolClientSideTranslatorPB.handleError(ScmBlockLocationProtocolClientSideTranslatorPB.java:118)
	at org.apache.hadoop.hdds.scm.protocolPB.ScmBlockLocationProtocolClientSideTranslatorPB.allocateBlock(ScmBlockLocationProtocolClientSideTranslatorPB.java:156) 
2019-09-19 10:44:02,635 [pool-78-thread-3] ERROR freon.RandomKeyGenerator (RandomKeyGenerator.java:createKey(724)) - Exception while adding key: key-0-83972 in bucket: bucket-0-24454 of volume: vol-0-13120.
INTERNAL_ERROR org.apache.hadoop.ozone.om.exceptions.OMException: Allocated 0 blocks. Requested 5 blocks
	at org.apache.hadoop.ozone.om.protocolPB.OzoneManagerProtocolClientSideTranslatorPB.handleError(OzoneManagerProtocolClientSideTranslatorPB.java:725)
	at org.apache.hadoop.ozone.om.protocolPB.OzoneManagerProtocolClientSideTranslatorPB.openKey(OzoneManagerProtocolClientSideTranslatorPB.java:716)
	at org.apache.hadoop.ozone.client.rpc.RpcClient.createKey(RpcClient.java:615)
	at org.apache.hadoop.ozone.client.OzoneBucket.createKey(OzoneBucket.java:323)
	at org.apache.hadoop.ozone.freon.RandomKeyGenerator.createKey(RandomKeyGenerator.java:686)
	at org.apache.hadoop.ozone.freon.RandomKeyGenerator.access$1100(RandomKeyGenerator.java:87)
	at org.apache.hadoop.ozone.freon.RandomKeyGenerator$ObjectCreator.run(RandomKeyGenerator.java:606)
	at java.util.concurrent.Executors$RunnableAdapter.call(Executors.java:511)
	at java.util.concurrent.FutureTask.run(FutureTask.java:266)
	at java.util.concurrent.ThreadPoolExecutor.runWorker(ThreadPoolExecutor.java:1149)
	at java.util.concurrent.ThreadPoolExecutor$Worker.run(ThreadPoolExecutor.java:624)
	at java.lang.Thread.run(Thread.java:748)
2019-09-19 10:44:02,651 | INFO  | SCMAudit | user=jenkins1000 | ip=192.168.157.204 | op=SEND_HEARTBEAT {datanodeUUID=470b673e-7c3c-4972-9ac8-3342d713d76f, command=[]} | ret=SUCCESS |  
2019-09-19 10:44:02,690 | INFO  | SCMAudit | user=jenkins1000 | ip=192.168.157.204 | op=SEND_HEARTBEAT {datanodeUUID=85d03201-45ec-4202-b725-1ee58b28f685, command=[]} | ret=SUCCESS |  
2019-09-19 10:44:02,743 [Thread-207] INFO  container.ReplicationManager (ReplicationManager.java:start(151)) - Starting Replication Monitor Thread.
2019-09-19 10:44:02,745 [ReplicationMonitor] INFO  container.ReplicationManager (ReplicationManager.java:run(214)) - Replication Monitor Thread took 1 milliseconds for processing 0 containers.
2019-09-19 10:44:02,972 | INFO  | SCMAudit | user=jenkins1000 | ip=192.168.157.204 | op=SEND_HEARTBEAT {datanodeUUID=ef60016b-37d8-4c81-9b85-999ba158dbb2, command=[]} | ret=SUCCESS |  
 0.00% |█                                                                                                    |  0/1 Time: 0:00:022019-09-19 10:44:03,496 | INFO  | SCMAudit | user=jenkins1000 | ip=192.168.157.204 | op=SEND_HEARTBEAT {datanodeUUID=2d7fb44a-ac7a-4034-a2aa-4953f070935b, command=[]} | ret=SUCCESS |  
2019-09-19 10:44:03,496 | INFO  | SCMAudit | user=jenkins1000 | ip=192.168.157.204 | op=SEND_HEARTBEAT {datanodeUUID=e855218f-cb01-4dd8-a582-b24365f170a0, command=[]} | ret=SUCCESS |  
2019-09-19 10:44:03,650 | INFO  | SCMAudit | user=jenkins1000 | ip=192.168.157.204 | op=SEND_HEARTBEAT {datanodeUUID=470b673e-7c3c-4972-9ac8-3342d713d76f, command=[]} | ret=SUCCESS |  
2019-09-19 10:44:03,690 | INFO  | SCMAudit | user=jenkins1000 | ip=192.168.157.204 | op=SEND_HEARTBEAT {datanodeUUID=85d03201-45ec-4202-b725-1ee58b28f685, command=[]} | ret=SUCCESS |  
2019-09-19 10:44:03,972 | INFO  | SCMAudit | user=jenkins1000 | ip=192.168.157.204 | op=SEND_HEARTBEAT {datanodeUUID=ef60016b-37d8-4c81-9b85-999ba158dbb2, command=[]} | ret=SUCCESS |  
 0.00% |█                                                                                                    |  0/1 Time: 0:00:032019-09-19 10:44:04,491 | INFO  | SCMAudit | user=jenkins1000 | ip=192.168.157.204 | op=SEND_HEARTBEAT {datanodeUUID=2d7fb44a-ac7a-4034-a2aa-4953f070935b, command=[]} | ret=SUCCESS |  
2019-09-19 10:44:04,494 | INFO  | SCMAudit | user=jenkins1000 | ip=192.168.157.204 | op=SEND_HEARTBEAT {datanodeUUID=e855218f-cb01-4dd8-a582-b24365f170a0, command=[]} | ret=SUCCESS |  
2019-09-19 10:44:04,651 | INFO  | SCMAudit | user=jenkins1000 | ip=192.168.157.204 | op=SEND_HEARTBEAT {datanodeUUID=470b673e-7c3c-4972-9ac8-3342d713d76f, command=[]} | ret=SUCCESS |  
2019-09-19 10:44:04,691 | INFO  | SCMAudit | user=jenkins1000 | ip=192.168.157.204 | op=SEND_HEARTBEAT {datanodeUUID=85d03201-45ec-4202-b725-1ee58b28f685, command=[]} | ret=SUCCESS |  
2019-09-19 10:44:04,971 | INFO  | SCMAudit | user=jenkins1000 | ip=192.168.157.204 | op=SEND_HEARTBEAT {datanodeUUID=ef60016b-37d8-4c81-9b85-999ba158dbb2, command=[]} | ret=SUCCESS |  
 0.00% |█                                                                                                    |  0/1 Time: 0:00:042019-09-19 10:44:05,493 | INFO  | SCMAudit | user=jenkins1000 | ip=192.168.157.204 | op=SEND_HEARTBEAT {datanodeUUID=2d7fb44a-ac7a-4034-a2aa-4953f070935b, command=[]} | ret=SUCCESS |  
2019-09-19 10:44:05,494 | INFO  | SCMAudit | user=jenkins1000 | ip=192.168.157.204 | op=SEND_HEARTBEAT {datanodeUUID=e855218f-cb01-4dd8-a582-b24365f170a0, command=[]} | ret=SUCCESS |  
2019-09-19 10:44:05,652 | INFO  | SCMAudit | user=jenkins1000 | ip=192.168.157.204 | op=SEND_HEARTBEAT {datanodeUUID=470b673e-7c3c-4972-9ac8-3342d713d76f, command=[]} | ret=SUCCESS |  
2019-09-19 10:44:05,701 | INFO  | SCMAudit | user=jenkins1000 | ip=192.168.157.204 | op=SEND_HEARTBEAT {datanodeUUID=85d03201-45ec-4202-b725-1ee58b28f685, command=[]} | ret=SUCCESS |  
2019-09-19 10:44:05,851 [Thread-209] INFO  impl.FollowerState (FollowerState.java:run(106)) - 85d03201-45ec-4202-b725-1ee58b28f685:group-43CD562D67F6 changes to CANDIDATE, lastRpcTime:5148, electionTimeout:5147ms
2019-09-19 10:44:05,852 [Thread-209] INFO  impl.RoleInfo (RoleInfo.java:shutdownFollowerState(121)) - 85d03201-45ec-4202-b725-1ee58b28f685: shutdown FollowerState
2019-09-19 10:44:05,852 [Thread-209] INFO  impl.RaftServerImpl (RaftServerImpl.java:setRole(171)) - 85d03201-45ec-4202-b725-1ee58b28f685:group-43CD562D67F6 changes role from FOLLOWER to CANDIDATE at term 0 for changeToCandidate
2019-09-19 10:44:05,858 [Thread-209] INFO  impl.RoleInfo (RoleInfo.java:updateAndGet(143)) - 85d03201-45ec-4202-b725-1ee58b28f685: start LeaderElection
2019-09-19 10:44:05,875 [85d03201-45ec-4202-b725-1ee58b28f685:group-43CD562D67F6:LeaderElection1] INFO  impl.LeaderElection (LeaderElection.java:askForVotes(181)) - 85d03201-45ec-4202-b725-1ee58b28f685:group-43CD562D67F6:LeaderElection1: begin an election at term 1 for -1: [85d03201-45ec-4202-b725-1ee58b28f685:192.168.157.204:34005], old=null
2019-09-19 10:44:05,877 [85d03201-45ec-4202-b725-1ee58b28f685:group-43CD562D67F6:LeaderElection1] INFO  impl.RoleInfo (RoleInfo.java:shutdownLeaderElection(134)) - 85d03201-45ec-4202-b725-1ee58b28f685: shutdown LeaderElection
2019-09-19 10:44:05,877 [85d03201-45ec-4202-b725-1ee58b28f685:group-43CD562D67F6:LeaderElection1] INFO  impl.RaftServerImpl (RaftServerImpl.java:setRole(171)) - 85d03201-45ec-4202-b725-1ee58b28f685:group-43CD562D67F6 changes role from CANDIDATE to LEADER at term 1 for changeToLeader
2019-09-19 10:44:05,877 [85d03201-45ec-4202-b725-1ee58b28f685:group-43CD562D67F6:LeaderElection1] INFO  impl.RaftServerImpl (ServerState.java:setLeader(263)) - 85d03201-45ec-4202-b725-1ee58b28f685:group-43CD562D67F6 change Leader from null to 85d03201-45ec-4202-b725-1ee58b28f685 at term 1 for becomeLeader, leader elected after 5265ms
2019-09-19 10:44:05,883 [85d03201-45ec-4202-b725-1ee58b28f685:group-43CD562D67F6:LeaderElection1] INFO  server.RaftServerConfigKeys (ConfUtils.java:logGet(43)) - raft.server.staging.catchup.gap = 1000 (default)
2019-09-19 10:44:05,883 [85d03201-45ec-4202-b725-1ee58b28f685:group-43CD562D67F6:LeaderElection1] INFO  server.RaftServerConfigKeys (ConfUtils.java:logGet(43)) - raft.server.rpc.sleep.time = 25ms (default)
2019-09-19 10:44:05,886 [85d03201-45ec-4202-b725-1ee58b28f685:group-43CD562D67F6:LeaderElection1] INFO  server.RaftServerConfigKeys (ConfUtils.java:logGet(43)) - raft.server.write.element-limit = 4096 (default)
2019-09-19 10:44:05,888 [85d03201-45ec-4202-b725-1ee58b28f685:group-43CD562D67F6:LeaderElection1] INFO  server.RaftServerConfigKeys (ConfUtils.java:logGet(43)) - raft.server.watch.timeout = 10s (default)
2019-09-19 10:44:05,888 [85d03201-45ec-4202-b725-1ee58b28f685:group-43CD562D67F6:LeaderElection1] INFO  server.RaftServerConfigKeys (ConfUtils.java:logGet(43)) - raft.server.watch.timeout.denomination = 1s (default)
2019-09-19 10:44:05,889 [85d03201-45ec-4202-b725-1ee58b28f685:group-43CD562D67F6:LeaderElection1] INFO  server.RaftServerConfigKeys (ConfUtils.java:logGet(43)) - raft.server.watch.element-limit = 65536 (default)
2019-09-19 10:44:05,896 [85d03201-45ec-4202-b725-1ee58b28f685:group-43CD562D67F6:LeaderElection1] INFO  impl.RoleInfo (RoleInfo.java:updateAndGet(143)) - 85d03201-45ec-4202-b725-1ee58b28f685: start LeaderState
2019-09-19 10:44:05,914 [85d03201-45ec-4202-b725-1ee58b28f685:group-43CD562D67F6:LeaderElection1] INFO  segmented.SegmentedRaftLogWorker (SegmentedRaftLogWorker.java:startLogSegment(380)) - 85d03201-45ec-4202-b725-1ee58b28f685-SegmentedRaftLogWorker:Storage Directory /workdir/hadoop-ozone/tools/target/test-dir/MiniOzoneClusterImpl-906ca9d4-12e2-4885-9d3d-2383beb6722b/datanode-0/data/ratis/d03caec1-421a-4bc3-86c3-43cd562d67f6: Starting segment from index:0
2019-09-19 10:44:05,922 [85d03201-45ec-4202-b725-1ee58b28f685:group-43CD562D67F6:LeaderElection1] INFO  impl.RaftServerImpl (ServerState.java:setRaftConf(361)) - 85d03201-45ec-4202-b725-1ee58b28f685:group-43CD562D67F6 set configuration 0: [85d03201-45ec-4202-b725-1ee58b28f685:192.168.157.204:34005], old=null at 0
2019-09-19 10:44:05,943 [Thread-213] INFO  impl.FollowerState (FollowerState.java:run(106)) - ef60016b-37d8-4c81-9b85-999ba158dbb2:group-D72EE24003DF changes to CANDIDATE, lastRpcTime:5049, electionTimeout:5048ms
2019-09-19 10:44:05,944 [Thread-213] INFO  impl.RoleInfo (RoleInfo.java:shutdownFollowerState(121)) - ef60016b-37d8-4c81-9b85-999ba158dbb2: shutdown FollowerState
2019-09-19 10:44:05,944 [Thread-213] INFO  impl.RaftServerImpl (RaftServerImpl.java:setRole(171)) - ef60016b-37d8-4c81-9b85-999ba158dbb2:group-D72EE24003DF changes role from FOLLOWER to CANDIDATE at term 0 for changeToCandidate
2019-09-19 10:44:05,944 [Thread-213] INFO  impl.RoleInfo (RoleInfo.java:updateAndGet(143)) - ef60016b-37d8-4c81-9b85-999ba158dbb2: start LeaderElection
2019-09-19 10:44:05,960 [ef60016b-37d8-4c81-9b85-999ba158dbb2:group-D72EE24003DF:LeaderElection2] INFO  impl.LeaderElection (LeaderElection.java:askForVotes(181)) - ef60016b-37d8-4c81-9b85-999ba158dbb2:group-D72EE24003DF:LeaderElection2: begin an election at term 1 for -1: [ef60016b-37d8-4c81-9b85-999ba158dbb2:192.168.157.204:33362], old=null
2019-09-19 10:44:05,961 [ef60016b-37d8-4c81-9b85-999ba158dbb2:group-D72EE24003DF:LeaderElection2] INFO  impl.RoleInfo (RoleInfo.java:shutdownLeaderElection(134)) - ef60016b-37d8-4c81-9b85-999ba158dbb2: shutdown LeaderElection
2019-09-19 10:44:05,961 [ef60016b-37d8-4c81-9b85-999ba158dbb2:group-D72EE24003DF:LeaderElection2] INFO  impl.RaftServerImpl (RaftServerImpl.java:setRole(171)) - ef60016b-37d8-4c81-9b85-999ba158dbb2:group-D72EE24003DF changes role from CANDIDATE to LEADER at term 1 for changeToLeader
2019-09-19 10:44:05,961 [ef60016b-37d8-4c81-9b85-999ba158dbb2:group-D72EE24003DF:LeaderElection2] INFO  impl.RaftServerImpl (ServerState.java:setLeader(263)) - ef60016b-37d8-4c81-9b85-999ba158dbb2:group-D72EE24003DF change Leader from null to ef60016b-37d8-4c81-9b85-999ba158dbb2 at term 1 for becomeLeader, leader elected after 5074ms
2019-09-19 10:44:05,962 [ef60016b-37d8-4c81-9b85-999ba158dbb2:group-D72EE24003DF:LeaderElection2] INFO  server.RaftServerConfigKeys (ConfUtils.java:logGet(43)) - raft.server.staging.catchup.gap = 1000 (default)
2019-09-19 10:44:05,962 [ef60016b-37d8-4c81-9b85-999ba158dbb2:group-D72EE24003DF:LeaderElection2] INFO  server.RaftServerConfigKeys (ConfUtils.java:logGet(43)) - raft.server.rpc.sleep.time = 25ms (default)
2019-09-19 10:44:05,962 [ef60016b-37d8-4c81-9b85-999ba158dbb2:group-D72EE24003DF:LeaderElection2] INFO  server.RaftServerConfigKeys (ConfUtils.java:logGet(43)) - raft.server.write.element-limit = 4096 (default)
2019-09-19 10:44:05,962 [ef60016b-37d8-4c81-9b85-999ba158dbb2:group-D72EE24003DF:LeaderElection2] INFO  server.RaftServerConfigKeys (ConfUtils.java:logGet(43)) - raft.server.watch.timeout = 10s (default)
2019-09-19 10:44:05,962 [ef60016b-37d8-4c81-9b85-999ba158dbb2:group-D72EE24003DF:LeaderElection2] INFO  server.RaftServerConfigKeys (ConfUtils.java:logGet(43)) - raft.server.watch.timeout.denomination = 1s (default)
2019-09-19 10:44:05,962 [ef60016b-37d8-4c81-9b85-999ba158dbb2:group-D72EE24003DF:LeaderElection2] INFO  server.RaftServerConfigKeys (ConfUtils.java:logGet(43)) - raft.server.watch.element-limit = 65536 (default)
2019-09-19 10:44:05,963 [ef60016b-37d8-4c81-9b85-999ba158dbb2:group-D72EE24003DF:LeaderElection2] INFO  impl.RoleInfo (RoleInfo.java:updateAndGet(143)) - ef60016b-37d8-4c81-9b85-999ba158dbb2: start LeaderState
2019-09-19 10:44:05,963 [ef60016b-37d8-4c81-9b85-999ba158dbb2:group-D72EE24003DF:LeaderElection2] INFO  segmented.SegmentedRaftLogWorker (SegmentedRaftLogWorker.java:startLogSegment(380)) - ef60016b-37d8-4c81-9b85-999ba158dbb2-SegmentedRaftLogWorker:Storage Directory /workdir/hadoop-ozone/tools/target/test-dir/MiniOzoneClusterImpl-906ca9d4-12e2-4885-9d3d-2383beb6722b/datanode-1/data/ratis/4b4cf80f-db1a-4a16-afd2-d72ee24003df: Starting segment from index:0
2019-09-19 10:44:05,963 [ef60016b-37d8-4c81-9b85-999ba158dbb2:group-D72EE24003DF:LeaderElection2] INFO  impl.RaftServerImpl (ServerState.java:setRaftConf(361)) - ef60016b-37d8-4c81-9b85-999ba158dbb2:group-D72EE24003DF set configuration 0: [ef60016b-37d8-4c81-9b85-999ba158dbb2:192.168.157.204:33362], old=null at 0
2019-09-19 10:44:05,970 | INFO  | SCMAudit | user=jenkins1000 | ip=192.168.157.204 | op=SEND_HEARTBEAT {datanodeUUID=ef60016b-37d8-4c81-9b85-999ba158dbb2, command=[]} | ret=SUCCESS |  
2019-09-19 10:44:06,019 [Thread-217] INFO  impl.FollowerState (FollowerState.java:run(106)) - e855218f-cb01-4dd8-a582-b24365f170a0:group-946B215D2C3B changes to CANDIDATE, lastRpcTime:5013, electionTimeout:5013ms
2019-09-19 10:44:06,019 [Thread-217] INFO  impl.RoleInfo (RoleInfo.java:shutdownFollowerState(121)) - e855218f-cb01-4dd8-a582-b24365f170a0: shutdown FollowerState
2019-09-19 10:44:06,019 [Thread-217] INFO  impl.RaftServerImpl (RaftServerImpl.java:setRole(171)) - e855218f-cb01-4dd8-a582-b24365f170a0:group-946B215D2C3B changes role from FOLLOWER to CANDIDATE at term 0 for changeToCandidate
2019-09-19 10:44:06,019 [Thread-217] INFO  impl.RoleInfo (RoleInfo.java:updateAndGet(143)) - e855218f-cb01-4dd8-a582-b24365f170a0: start LeaderElection
2019-09-19 10:44:06,039 [e855218f-cb01-4dd8-a582-b24365f170a0:group-946B215D2C3B:LeaderElection3] INFO  impl.LeaderElection (LeaderElection.java:askForVotes(181)) - e855218f-cb01-4dd8-a582-b24365f170a0:group-946B215D2C3B:LeaderElection3: begin an election at term 1 for -1: [e855218f-cb01-4dd8-a582-b24365f170a0:192.168.157.204:43344], old=null
2019-09-19 10:44:06,039 [e855218f-cb01-4dd8-a582-b24365f170a0:group-946B215D2C3B:LeaderElection3] INFO  impl.RoleInfo (RoleInfo.java:shutdownLeaderElection(134)) - e855218f-cb01-4dd8-a582-b24365f170a0: shutdown LeaderElection
2019-09-19 10:44:06,039 [e855218f-cb01-4dd8-a582-b24365f170a0:group-946B215D2C3B:LeaderElection3] INFO  impl.RaftServerImpl (RaftServerImpl.java:setRole(171)) - e855218f-cb01-4dd8-a582-b24365f170a0:group-946B215D2C3B changes role from CANDIDATE to LEADER at term 1 for changeToLeader
2019-09-19 10:44:06,039 [e855218f-cb01-4dd8-a582-b24365f170a0:group-946B215D2C3B:LeaderElection3] INFO  impl.RaftServerImpl (ServerState.java:setLeader(263)) - e855218f-cb01-4dd8-a582-b24365f170a0:group-946B215D2C3B change Leader from null to e855218f-cb01-4dd8-a582-b24365f170a0 at term 1 for becomeLeader, leader elected after 5041ms
2019-09-19 10:44:06,041 [e855218f-cb01-4dd8-a582-b24365f170a0:group-946B215D2C3B:LeaderElection3] INFO  server.RaftServerConfigKeys (ConfUtils.java:logGet(43)) - raft.server.staging.catchup.gap = 1000 (default)
2019-09-19 10:44:06,041 [e855218f-cb01-4dd8-a582-b24365f170a0:group-946B215D2C3B:LeaderElection3] INFO  server.RaftServerConfigKeys (ConfUtils.java:logGet(43)) - raft.server.rpc.sleep.time = 25ms (default)
2019-09-19 10:44:06,041 [e855218f-cb01-4dd8-a582-b24365f170a0:group-946B215D2C3B:LeaderElection3] INFO  server.RaftServerConfigKeys (ConfUtils.java:logGet(43)) - raft.server.write.element-limit = 4096 (default)
2019-09-19 10:44:06,041 [e855218f-cb01-4dd8-a582-b24365f170a0:group-946B215D2C3B:LeaderElection3] INFO  server.RaftServerConfigKeys (ConfUtils.java:logGet(43)) - raft.server.watch.timeout = 10s (default)
2019-09-19 10:44:06,042 [e855218f-cb01-4dd8-a582-b24365f170a0:group-946B215D2C3B:LeaderElection3] INFO  server.RaftServerConfigKeys (ConfUtils.java:logGet(43)) - raft.server.watch.timeout.denomination = 1s (default)
2019-09-19 10:44:06,042 [e855218f-cb01-4dd8-a582-b24365f170a0:group-946B215D2C3B:LeaderElection3] INFO  server.RaftServerConfigKeys (ConfUtils.java:logGet(43)) - raft.server.watch.element-limit = 65536 (default)
2019-09-19 10:44:06,042 [e855218f-cb01-4dd8-a582-b24365f170a0:group-946B215D2C3B:LeaderElection3] INFO  impl.RoleInfo (RoleInfo.java:updateAndGet(143)) - e855218f-cb01-4dd8-a582-b24365f170a0: start LeaderState
2019-09-19 10:44:06,043 [e855218f-cb01-4dd8-a582-b24365f170a0:group-946B215D2C3B:LeaderElection3] INFO  segmented.SegmentedRaftLogWorker (SegmentedRaftLogWorker.java:startLogSegment(380)) - e855218f-cb01-4dd8-a582-b24365f170a0-SegmentedRaftLogWorker:Storage Directory /workdir/hadoop-ozone/tools/target/test-dir/MiniOzoneClusterImpl-906ca9d4-12e2-4885-9d3d-2383beb6722b/datanode-2/data/ratis/00e3046f-2bc0-45a9-80ab-946b215d2c3b: Starting segment from index:0
2019-09-19 10:44:06,043 [e855218f-cb01-4dd8-a582-b24365f170a0:group-946B215D2C3B:LeaderElection3] INFO  impl.RaftServerImpl (ServerState.java:setRaftConf(361)) - e855218f-cb01-4dd8-a582-b24365f170a0:group-946B215D2C3B set configuration 0: [e855218f-cb01-4dd8-a582-b24365f170a0:192.168.157.204:43344], old=null at 0
2019-09-19 10:44:06,117 [85d03201-45ec-4202-b725-1ee58b28f685-SegmentedRaftLogWorker:Storage Directory /workdir/hadoop-ozone/tools/target/test-dir/MiniOzoneClusterImpl-906ca9d4-12e2-4885-9d3d-2383beb6722b/datanode-0/data/ratis/d03caec1-421a-4bc3-86c3-43cd562d67f6] INFO  segmented.SegmentedRaftLogWorker (SegmentedRaftLogWorker.java:execute(569)) - 85d03201-45ec-4202-b725-1ee58b28f685-SegmentedRaftLogWorker:Storage Directory /workdir/hadoop-ozone/tools/target/test-dir/MiniOzoneClusterImpl-906ca9d4-12e2-4885-9d3d-2383beb6722b/datanode-0/data/ratis/d03caec1-421a-4bc3-86c3-43cd562d67f6: created new log segment /workdir/hadoop-ozone/tools/target/test-dir/MiniOzoneClusterImpl-906ca9d4-12e2-4885-9d3d-2383beb6722b/datanode-0/data/ratis/d03caec1-421a-4bc3-86c3-43cd562d67f6/current/log_inprogress_0
2019-09-19 10:44:06,118 [e855218f-cb01-4dd8-a582-b24365f170a0-SegmentedRaftLogWorker:Storage Directory /workdir/hadoop-ozone/tools/target/test-dir/MiniOzoneClusterImpl-906ca9d4-12e2-4885-9d3d-2383beb6722b/datanode-2/data/ratis/00e3046f-2bc0-45a9-80ab-946b215d2c3b] INFO  segmented.SegmentedRaftLogWorker (SegmentedRaftLogWorker.java:execute(569)) - e855218f-cb01-4dd8-a582-b24365f170a0-SegmentedRaftLogWorker:Storage Directory /workdir/hadoop-ozone/tools/target/test-dir/MiniOzoneClusterImpl-906ca9d4-12e2-4885-9d3d-2383beb6722b/datanode-2/data/ratis/00e3046f-2bc0-45a9-80ab-946b215d2c3b: created new log segment /workdir/hadoop-ozone/tools/target/test-dir/MiniOzoneClusterImpl-906ca9d4-12e2-4885-9d3d-2383beb6722b/datanode-2/data/ratis/00e3046f-2bc0-45a9-80ab-946b215d2c3b/current/log_inprogress_0
2019-09-19 10:44:06,120 [ef60016b-37d8-4c81-9b85-999ba158dbb2-SegmentedRaftLogWorker:Storage Directory /workdir/hadoop-ozone/tools/target/test-dir/MiniOzoneClusterImpl-906ca9d4-12e2-4885-9d3d-2383beb6722b/datanode-1/data/ratis/4b4cf80f-db1a-4a16-afd2-d72ee24003df] INFO  segmented.SegmentedRaftLogWorker (SegmentedRaftLogWorker.java:execute(569)) - ef60016b-37d8-4c81-9b85-999ba158dbb2-SegmentedRaftLogWorker:Storage Directory /workdir/hadoop-ozone/tools/target/test-dir/MiniOzoneClusterImpl-906ca9d4-12e2-4885-9d3d-2383beb6722b/datanode-1/data/ratis/4b4cf80f-db1a-4a16-afd2-d72ee24003df: created new log segment /workdir/hadoop-ozone/tools/target/test-dir/MiniOzoneClusterImpl-906ca9d4-12e2-4885-9d3d-2383beb6722b/datanode-1/data/ratis/4b4cf80f-db1a-4a16-afd2-d72ee24003df/current/log_inprogress_0
2019-09-19 10:44:06,123 [Thread-220] INFO  impl.FollowerState (FollowerState.java:run(106)) - e855218f-cb01-4dd8-a582-b24365f170a0:group-3A128F56438F changes to CANDIDATE, lastRpcTime:5051, electionTimeout:5050ms
2019-09-19 10:44:06,124 [Thread-220] INFO  impl.RoleInfo (RoleInfo.java:shutdownFollowerState(121)) - e855218f-cb01-4dd8-a582-b24365f170a0: shutdown FollowerState
2019-09-19 10:44:06,125 [Thread-220] INFO  impl.RaftServerImpl (RaftServerImpl.java:setRole(171)) - e855218f-cb01-4dd8-a582-b24365f170a0:group-3A128F56438F changes role from FOLLOWER to CANDIDATE at term 0 for changeToCandidate
2019-09-19 10:44:06,125 [Thread-220] INFO  impl.RoleInfo (RoleInfo.java:updateAndGet(143)) - e855218f-cb01-4dd8-a582-b24365f170a0: start LeaderElection
2019-09-19 10:44:06,138 [e855218f-cb01-4dd8-a582-b24365f170a0:group-3A128F56438F:LeaderElection4] INFO  impl.LeaderElection (LeaderElection.java:askForVotes(181)) - e855218f-cb01-4dd8-a582-b24365f170a0:group-3A128F56438F:LeaderElection4: begin an election at term 1 for -1: [e855218f-cb01-4dd8-a582-b24365f170a0:192.168.157.204:43344], old=null
2019-09-19 10:44:06,139 [e855218f-cb01-4dd8-a582-b24365f170a0:group-3A128F56438F:LeaderElection4] INFO  impl.RoleInfo (RoleInfo.java:shutdownLeaderElection(134)) - e855218f-cb01-4dd8-a582-b24365f170a0: shutdown LeaderElection
2019-09-19 10:44:06,140 [e855218f-cb01-4dd8-a582-b24365f170a0:group-3A128F56438F:LeaderElection4] INFO  impl.RaftServerImpl (RaftServerImpl.java:setRole(171)) - e855218f-cb01-4dd8-a582-b24365f170a0:group-3A128F56438F changes role from CANDIDATE to LEADER at term 1 for changeToLeader
2019-09-19 10:44:06,140 [e855218f-cb01-4dd8-a582-b24365f170a0:group-3A128F56438F:LeaderElection4] INFO  impl.RaftServerImpl (ServerState.java:setLeader(263)) - e855218f-cb01-4dd8-a582-b24365f170a0:group-3A128F56438F change Leader from null to e855218f-cb01-4dd8-a582-b24365f170a0 at term 1 for becomeLeader, leader elected after 5072ms
2019-09-19 10:44:06,140 [e855218f-cb01-4dd8-a582-b24365f170a0:group-3A128F56438F:LeaderElection4] INFO  server.RaftServerConfigKeys (ConfUtils.java:logGet(43)) - raft.server.staging.catchup.gap = 1000 (default)
2019-09-19 10:44:06,140 [e855218f-cb01-4dd8-a582-b24365f170a0:group-3A128F56438F:LeaderElection4] INFO  server.RaftServerConfigKeys (ConfUtils.java:logGet(43)) - raft.server.rpc.sleep.time = 25ms (default)
2019-09-19 10:44:06,140 [e855218f-cb01-4dd8-a582-b24365f170a0:group-3A128F56438F:LeaderElection4] INFO  server.RaftServerConfigKeys (ConfUtils.java:logGet(43)) - raft.server.write.element-limit = 4096 (default)
2019-09-19 10:44:06,140 [e855218f-cb01-4dd8-a582-b24365f170a0:group-3A128F56438F:LeaderElection4] INFO  server.RaftServerConfigKeys (ConfUtils.java:logGet(43)) - raft.server.watch.timeout = 10s (default)
2019-09-19 10:44:06,141 [e855218f-cb01-4dd8-a582-b24365f170a0:group-3A128F56438F:LeaderElection4] INFO  server.RaftServerConfigKeys (ConfUtils.java:logGet(43)) - raft.server.watch.timeout.denomination = 1s (default)
2019-09-19 10:44:06,141 [e855218f-cb01-4dd8-a582-b24365f170a0:group-3A128F56438F:LeaderElection4] INFO  server.RaftServerConfigKeys (ConfUtils.java:logGet(43)) - raft.server.watch.element-limit = 65536 (default)
2019-09-19 10:44:06,141 [e855218f-cb01-4dd8-a582-b24365f170a0:group-3A128F56438F:LeaderElection4] INFO  impl.RoleInfo (RoleInfo.java:updateAndGet(143)) - e855218f-cb01-4dd8-a582-b24365f170a0: start LeaderState
2019-09-19 10:44:06,141 [e855218f-cb01-4dd8-a582-b24365f170a0:group-3A128F56438F:LeaderElection4] INFO  segmented.SegmentedRaftLogWorker (SegmentedRaftLogWorker.java:startLogSegment(380)) - e855218f-cb01-4dd8-a582-b24365f170a0-SegmentedRaftLogWorker:Storage Directory /workdir/hadoop-ozone/tools/target/test-dir/MiniOzoneClusterImpl-906ca9d4-12e2-4885-9d3d-2383beb6722b/datanode-2/data/ratis/a13bda73-c067-4146-a915-3a128f56438f: Starting segment from index:0
2019-09-19 10:44:06,142 [e855218f-cb01-4dd8-a582-b24365f170a0:group-3A128F56438F:LeaderElection4] INFO  impl.RaftServerImpl (ServerState.java:setRaftConf(361)) - e855218f-cb01-4dd8-a582-b24365f170a0:group-3A128F56438F set configuration 0: [e855218f-cb01-4dd8-a582-b24365f170a0:192.168.157.204:43344], old=null at 0
2019-09-19 10:44:06,181 [Thread-223] INFO  impl.FollowerState (FollowerState.java:run(106)) - ef60016b-37d8-4c81-9b85-999ba158dbb2:group-36A4626DD1CD changes to CANDIDATE, lastRpcTime:5041, electionTimeout:5039ms
2019-09-19 10:44:06,181 [Thread-223] INFO  impl.RoleInfo (RoleInfo.java:shutdownFollowerState(121)) - ef60016b-37d8-4c81-9b85-999ba158dbb2: shutdown FollowerState
2019-09-19 10:44:06,181 [Thread-223] INFO  impl.RaftServerImpl (RaftServerImpl.java:setRole(171)) - ef60016b-37d8-4c81-9b85-999ba158dbb2:group-36A4626DD1CD changes role from FOLLOWER to CANDIDATE at term 0 for changeToCandidate
2019-09-19 10:44:06,181 [Thread-223] INFO  impl.RoleInfo (RoleInfo.java:updateAndGet(143)) - ef60016b-37d8-4c81-9b85-999ba158dbb2: start LeaderElection
2019-09-19 10:44:06,192 [e855218f-cb01-4dd8-a582-b24365f170a0-SegmentedRaftLogWorker:Storage Directory /workdir/hadoop-ozone/tools/target/test-dir/MiniOzoneClusterImpl-906ca9d4-12e2-4885-9d3d-2383beb6722b/datanode-2/data/ratis/a13bda73-c067-4146-a915-3a128f56438f] INFO  segmented.SegmentedRaftLogWorker (SegmentedRaftLogWorker.java:execute(569)) - e855218f-cb01-4dd8-a582-b24365f170a0-SegmentedRaftLogWorker:Storage Directory /workdir/hadoop-ozone/tools/target/test-dir/MiniOzoneClusterImpl-906ca9d4-12e2-4885-9d3d-2383beb6722b/datanode-2/data/ratis/a13bda73-c067-4146-a915-3a128f56438f: created new log segment /workdir/hadoop-ozone/tools/target/test-dir/MiniOzoneClusterImpl-906ca9d4-12e2-4885-9d3d-2383beb6722b/datanode-2/data/ratis/a13bda73-c067-4146-a915-3a128f56438f/current/log_inprogress_0
2019-09-19 10:44:06,192 [ef60016b-37d8-4c81-9b85-999ba158dbb2:group-36A4626DD1CD:LeaderElection5] INFO  impl.LeaderElection (LeaderElection.java:askForVotes(181)) - ef60016b-37d8-4c81-9b85-999ba158dbb2:group-36A4626DD1CD:LeaderElection5: begin an election at term 1 for -1: [ef60016b-37d8-4c81-9b85-999ba158dbb2:192.168.157.204:33362], old=null
2019-09-19 10:44:06,192 [ef60016b-37d8-4c81-9b85-999ba158dbb2:group-36A4626DD1CD:LeaderElection5] INFO  impl.RoleInfo (RoleInfo.java:shutdownLeaderElection(134)) - ef60016b-37d8-4c81-9b85-999ba158dbb2: shutdown LeaderElection
2019-09-19 10:44:06,192 [ef60016b-37d8-4c81-9b85-999ba158dbb2:group-36A4626DD1CD:LeaderElection5] INFO  impl.RaftServerImpl (RaftServerImpl.java:setRole(171)) - ef60016b-37d8-4c81-9b85-999ba158dbb2:group-36A4626DD1CD changes role from CANDIDATE to LEADER at term 1 for changeToLeader
2019-09-19 10:44:06,193 [ef60016b-37d8-4c81-9b85-999ba158dbb2:group-36A4626DD1CD:LeaderElection5] INFO  impl.RaftServerImpl (ServerState.java:setLeader(263)) - ef60016b-37d8-4c81-9b85-999ba158dbb2:group-36A4626DD1CD change Leader from null to ef60016b-37d8-4c81-9b85-999ba158dbb2 at term 1 for becomeLeader, leader elected after 5058ms
2019-09-19 10:44:06,193 [ef60016b-37d8-4c81-9b85-999ba158dbb2:group-36A4626DD1CD:LeaderElection5] INFO  server.RaftServerConfigKeys (ConfUtils.java:logGet(43)) - raft.server.staging.catchup.gap = 1000 (default)
2019-09-19 10:44:06,193 [ef60016b-37d8-4c81-9b85-999ba158dbb2:group-36A4626DD1CD:LeaderElection5] INFO  server.RaftServerConfigKeys (ConfUtils.java:logGet(43)) - raft.server.rpc.sleep.time = 25ms (default)
2019-09-19 10:44:06,193 [ef60016b-37d8-4c81-9b85-999ba158dbb2:group-36A4626DD1CD:LeaderElection5] INFO  server.RaftServerConfigKeys (ConfUtils.java:logGet(43)) - raft.server.write.element-limit = 4096 (default)
2019-09-19 10:44:06,193 [ef60016b-37d8-4c81-9b85-999ba158dbb2:group-36A4626DD1CD:LeaderElection5] INFO  server.RaftServerConfigKeys (ConfUtils.java:logGet(43)) - raft.server.watch.timeout = 10s (default)
2019-09-19 10:44:06,193 [ef60016b-37d8-4c81-9b85-999ba158dbb2:group-36A4626DD1CD:LeaderElection5] INFO  server.RaftServerConfigKeys (ConfUtils.java:logGet(43)) - raft.server.watch.timeout.denomination = 1s (default)
2019-09-19 10:44:06,194 [ef60016b-37d8-4c81-9b85-999ba158dbb2:group-36A4626DD1CD:LeaderElection5] INFO  server.RaftServerConfigKeys (ConfUtils.java:logGet(43)) - raft.server.watch.element-limit = 65536 (default)
2019-09-19 10:44:06,194 [ef60016b-37d8-4c81-9b85-999ba158dbb2:group-36A4626DD1CD:LeaderElection5] INFO  impl.RoleInfo (RoleInfo.java:updateAndGet(143)) - ef60016b-37d8-4c81-9b85-999ba158dbb2: start LeaderState
2019-09-19 10:44:06,194 [ef60016b-37d8-4c81-9b85-999ba158dbb2:group-36A4626DD1CD:LeaderElection5] INFO  segmented.SegmentedRaftLogWorker (SegmentedRaftLogWorker.java:startLogSegment(380)) - ef60016b-37d8-4c81-9b85-999ba158dbb2-SegmentedRaftLogWorker:Storage Directory /workdir/hadoop-ozone/tools/target/test-dir/MiniOzoneClusterImpl-906ca9d4-12e2-4885-9d3d-2383beb6722b/datanode-1/data/ratis/05222bac-cd3a-444a-a59f-36a4626dd1cd: Starting segment from index:0
2019-09-19 10:44:06,195 [ef60016b-37d8-4c81-9b85-999ba158dbb2:group-36A4626DD1CD:LeaderElection5] INFO  impl.RaftServerImpl (ServerState.java:setRaftConf(361)) - ef60016b-37d8-4c81-9b85-999ba158dbb2:group-36A4626DD1CD set configuration 0: [ef60016b-37d8-4c81-9b85-999ba158dbb2:192.168.157.204:33362], old=null at 0
 0.00% |█                                                                                                    |  0/1 Time: 0:00:052019-09-19 10:44:06,247 [ef60016b-37d8-4c81-9b85-999ba158dbb2-SegmentedRaftLogWorker:Storage Directory /workdir/hadoop-ozone/tools/target/test-dir/MiniOzoneClusterImpl-906ca9d4-12e2-4885-9d3d-2383beb6722b/datanode-1/data/ratis/05222bac-cd3a-444a-a59f-36a4626dd1cd] INFO  segmented.SegmentedRaftLogWorker (SegmentedRaftLogWorker.java:execute(569)) - ef60016b-37d8-4c81-9b85-999ba158dbb2-SegmentedRaftLogWorker:Storage Directory /workdir/hadoop-ozone/tools/target/test-dir/MiniOzoneClusterImpl-906ca9d4-12e2-4885-9d3d-2383beb6722b/datanode-1/data/ratis/05222bac-cd3a-444a-a59f-36a4626dd1cd: created new log segment /workdir/hadoop-ozone/tools/target/test-dir/MiniOzoneClusterImpl-906ca9d4-12e2-4885-9d3d-2383beb6722b/datanode-1/data/ratis/05222bac-cd3a-444a-a59f-36a4626dd1cd/current/log_inprogress_0
2019-09-19 10:44:06,312 [Thread-227] INFO  impl.FollowerState (FollowerState.java:run(106)) - 2d7fb44a-ac7a-4034-a2aa-4953f070935b:group-F580399B060F changes to CANDIDATE, lastRpcTime:5105, electionTimeout:5105ms
2019-09-19 10:44:06,312 [Thread-227] INFO  impl.RoleInfo (RoleInfo.java:shutdownFollowerState(121)) - 2d7fb44a-ac7a-4034-a2aa-4953f070935b: shutdown FollowerState
2019-09-19 10:44:06,312 [Thread-227] INFO  impl.RaftServerImpl (RaftServerImpl.java:setRole(171)) - 2d7fb44a-ac7a-4034-a2aa-4953f070935b:group-F580399B060F changes role from FOLLOWER to CANDIDATE at term 0 for changeToCandidate
2019-09-19 10:44:06,312 [Thread-227] INFO  impl.RoleInfo (RoleInfo.java:updateAndGet(143)) - 2d7fb44a-ac7a-4034-a2aa-4953f070935b: start LeaderElection
2019-09-19 10:44:06,328 [2d7fb44a-ac7a-4034-a2aa-4953f070935b:group-F580399B060F:LeaderElection6] INFO  impl.LeaderElection (LeaderElection.java:askForVotes(181)) - 2d7fb44a-ac7a-4034-a2aa-4953f070935b:group-F580399B060F:LeaderElection6: begin an election at term 1 for -1: [2d7fb44a-ac7a-4034-a2aa-4953f070935b:192.168.157.204:33301], old=null
2019-09-19 10:44:06,330 [2d7fb44a-ac7a-4034-a2aa-4953f070935b:group-F580399B060F:LeaderElection6] INFO  impl.RoleInfo (RoleInfo.java:shutdownLeaderElection(134)) - 2d7fb44a-ac7a-4034-a2aa-4953f070935b: shutdown LeaderElection
2019-09-19 10:44:06,330 [2d7fb44a-ac7a-4034-a2aa-4953f070935b:group-F580399B060F:LeaderElection6] INFO  impl.RaftServerImpl (RaftServerImpl.java:setRole(171)) - 2d7fb44a-ac7a-4034-a2aa-4953f070935b:group-F580399B060F changes role from CANDIDATE to LEADER at term 1 for changeToLeader
2019-09-19 10:44:06,330 [2d7fb44a-ac7a-4034-a2aa-4953f070935b:group-F580399B060F:LeaderElection6] INFO  impl.RaftServerImpl (ServerState.java:setLeader(263)) - 2d7fb44a-ac7a-4034-a2aa-4953f070935b:group-F580399B060F change Leader from null to 2d7fb44a-ac7a-4034-a2aa-4953f070935b at term 1 for becomeLeader, leader elected after 5131ms
2019-09-19 10:44:06,331 [2d7fb44a-ac7a-4034-a2aa-4953f070935b:group-F580399B060F:LeaderElection6] INFO  server.RaftServerConfigKeys (ConfUtils.java:logGet(43)) - raft.server.staging.catchup.gap = 1000 (default)
2019-09-19 10:44:06,331 [2d7fb44a-ac7a-4034-a2aa-4953f070935b:group-F580399B060F:LeaderElection6] INFO  server.RaftServerConfigKeys (ConfUtils.java:logGet(43)) - raft.server.rpc.sleep.time = 25ms (default)
2019-09-19 10:44:06,331 [2d7fb44a-ac7a-4034-a2aa-4953f070935b:group-F580399B060F:LeaderElection6] INFO  server.RaftServerConfigKeys (ConfUtils.java:logGet(43)) - raft.server.write.element-limit = 4096 (default)
2019-09-19 10:44:06,331 [2d7fb44a-ac7a-4034-a2aa-4953f070935b:group-F580399B060F:LeaderElection6] INFO  server.RaftServerConfigKeys (ConfUtils.java:logGet(43)) - raft.server.watch.timeout = 10s (default)
2019-09-19 10:44:06,332 [2d7fb44a-ac7a-4034-a2aa-4953f070935b:group-F580399B060F:LeaderElection6] INFO  server.RaftServerConfigKeys (ConfUtils.java:logGet(43)) - raft.server.watch.timeout.denomination = 1s (default)
2019-09-19 10:44:06,332 [2d7fb44a-ac7a-4034-a2aa-4953f070935b:group-F580399B060F:LeaderElection6] INFO  server.RaftServerConfigKeys (ConfUtils.java:logGet(43)) - raft.server.watch.element-limit = 65536 (default)
2019-09-19 10:44:06,332 [2d7fb44a-ac7a-4034-a2aa-4953f070935b:group-F580399B060F:LeaderElection6] INFO  impl.RoleInfo (RoleInfo.java:updateAndGet(143)) - 2d7fb44a-ac7a-4034-a2aa-4953f070935b: start LeaderState
2019-09-19 10:44:06,332 [2d7fb44a-ac7a-4034-a2aa-4953f070935b:group-F580399B060F:LeaderElection6] INFO  segmented.SegmentedRaftLogWorker (SegmentedRaftLogWorker.java:startLogSegment(380)) - 2d7fb44a-ac7a-4034-a2aa-4953f070935b-SegmentedRaftLogWorker:Storage Directory /workdir/hadoop-ozone/tools/target/test-dir/MiniOzoneClusterImpl-906ca9d4-12e2-4885-9d3d-2383beb6722b/datanode-3/data/ratis/a26456cf-9dcc-4707-91bd-f580399b060f: Starting segment from index:0
2019-09-19 10:44:06,333 [2d7fb44a-ac7a-4034-a2aa-4953f070935b:group-F580399B060F:LeaderElection6] INFO  impl.RaftServerImpl (ServerState.java:setRaftConf(361)) - 2d7fb44a-ac7a-4034-a2aa-4953f070935b:group-F580399B060F set configuration 0: [2d7fb44a-ac7a-4034-a2aa-4953f070935b:192.168.157.204:33301], old=null at 0
2019-09-19 10:44:06,382 [2d7fb44a-ac7a-4034-a2aa-4953f070935b-SegmentedRaftLogWorker:Storage Directory /workdir/hadoop-ozone/tools/target/test-dir/MiniOzoneClusterImpl-906ca9d4-12e2-4885-9d3d-2383beb6722b/datanode-3/data/ratis/a26456cf-9dcc-4707-91bd-f580399b060f] INFO  segmented.SegmentedRaftLogWorker (SegmentedRaftLogWorker.java:execute(569)) - 2d7fb44a-ac7a-4034-a2aa-4953f070935b-SegmentedRaftLogWorker:Storage Directory /workdir/hadoop-ozone/tools/target/test-dir/MiniOzoneClusterImpl-906ca9d4-12e2-4885-9d3d-2383beb6722b/datanode-3/data/ratis/a26456cf-9dcc-4707-91bd-f580399b060f: created new log segment /workdir/hadoop-ozone/tools/target/test-dir/MiniOzoneClusterImpl-906ca9d4-12e2-4885-9d3d-2383beb6722b/datanode-3/data/ratis/a26456cf-9dcc-4707-91bd-f580399b060f/current/log_inprogress_0
2019-09-19 10:44:06,412 [Thread-233] INFO  impl.FollowerState (FollowerState.java:run(106)) - 85d03201-45ec-4202-b725-1ee58b28f685:group-5F2E90FE1E60 changes to CANDIDATE, lastRpcTime:5134, electionTimeout:5134ms
2019-09-19 10:44:06,412 [Thread-233] INFO  impl.RoleInfo (RoleInfo.java:shutdownFollowerState(121)) - 85d03201-45ec-4202-b725-1ee58b28f685: shutdown FollowerState
2019-09-19 10:44:06,412 [Thread-233] INFO  impl.RaftServerImpl (RaftServerImpl.java:setRole(171)) - 85d03201-45ec-4202-b725-1ee58b28f685:group-5F2E90FE1E60 changes role from FOLLOWER to CANDIDATE at term 0 for changeToCandidate
2019-09-19 10:44:06,413 [Thread-233] INFO  impl.RoleInfo (RoleInfo.java:updateAndGet(143)) - 85d03201-45ec-4202-b725-1ee58b28f685: start LeaderElection
2019-09-19 10:44:06,422 [85d03201-45ec-4202-b725-1ee58b28f685:group-5F2E90FE1E60:LeaderElection7] INFO  impl.LeaderElection (LeaderElection.java:askForVotes(181)) - 85d03201-45ec-4202-b725-1ee58b28f685:group-5F2E90FE1E60:LeaderElection7: begin an election at term 1 for -1: [85d03201-45ec-4202-b725-1ee58b28f685:192.168.157.204:34005], old=null
2019-09-19 10:44:06,423 [85d03201-45ec-4202-b725-1ee58b28f685:group-5F2E90FE1E60:LeaderElection7] INFO  impl.RoleInfo (RoleInfo.java:shutdownLeaderElection(134)) - 85d03201-45ec-4202-b725-1ee58b28f685: shutdown LeaderElection
2019-09-19 10:44:06,423 [85d03201-45ec-4202-b725-1ee58b28f685:group-5F2E90FE1E60:LeaderElection7] INFO  impl.RaftServerImpl (RaftServerImpl.java:setRole(171)) - 85d03201-45ec-4202-b725-1ee58b28f685:group-5F2E90FE1E60 changes role from CANDIDATE to LEADER at term 1 for changeToLeader
2019-09-19 10:44:06,423 [85d03201-45ec-4202-b725-1ee58b28f685:group-5F2E90FE1E60:LeaderElection7] INFO  impl.RaftServerImpl (ServerState.java:setLeader(263)) - 85d03201-45ec-4202-b725-1ee58b28f685:group-5F2E90FE1E60 change Leader from null to 85d03201-45ec-4202-b725-1ee58b28f685 at term 1 for becomeLeader, leader elected after 5152ms
2019-09-19 10:44:06,424 [85d03201-45ec-4202-b725-1ee58b28f685:group-5F2E90FE1E60:LeaderElection7] INFO  server.RaftServerConfigKeys (ConfUtils.java:logGet(43)) - raft.server.staging.catchup.gap = 1000 (default)
2019-09-19 10:44:06,424 [85d03201-45ec-4202-b725-1ee58b28f685:group-5F2E90FE1E60:LeaderElection7] INFO  server.RaftServerConfigKeys (ConfUtils.java:logGet(43)) - raft.server.rpc.sleep.time = 25ms (default)
2019-09-19 10:44:06,424 [85d03201-45ec-4202-b725-1ee58b28f685:group-5F2E90FE1E60:LeaderElection7] INFO  server.RaftServerConfigKeys (ConfUtils.java:logGet(43)) - raft.server.write.element-limit = 4096 (default)
2019-09-19 10:44:06,424 [85d03201-45ec-4202-b725-1ee58b28f685:group-5F2E90FE1E60:LeaderElection7] INFO  server.RaftServerConfigKeys (ConfUtils.java:logGet(43)) - raft.server.watch.timeout = 10s (default)
2019-09-19 10:44:06,424 [85d03201-45ec-4202-b725-1ee58b28f685:group-5F2E90FE1E60:LeaderElection7] INFO  server.RaftServerConfigKeys (ConfUtils.java:logGet(43)) - raft.server.watch.timeout.denomination = 1s (default)
2019-09-19 10:44:06,424 [85d03201-45ec-4202-b725-1ee58b28f685:group-5F2E90FE1E60:LeaderElection7] INFO  server.RaftServerConfigKeys (ConfUtils.java:logGet(43)) - raft.server.watch.element-limit = 65536 (default)
2019-09-19 10:44:06,425 [85d03201-45ec-4202-b725-1ee58b28f685:group-5F2E90FE1E60:LeaderElection7] INFO  impl.RoleInfo (RoleInfo.java:updateAndGet(143)) - 85d03201-45ec-4202-b725-1ee58b28f685: start LeaderState
2019-09-19 10:44:06,425 [85d03201-45ec-4202-b725-1ee58b28f685:group-5F2E90FE1E60:LeaderElection7] INFO  segmented.SegmentedRaftLogWorker (SegmentedRaftLogWorker.java:startLogSegment(380)) - 85d03201-45ec-4202-b725-1ee58b28f685-SegmentedRaftLogWorker:Storage Directory /workdir/hadoop-ozone/tools/target/test-dir/MiniOzoneClusterImpl-906ca9d4-12e2-4885-9d3d-2383beb6722b/datanode-0/data/ratis/84c89af2-43c9-4ab2-bbb9-5f2e90fe1e60: Starting segment from index:0
2019-09-19 10:44:06,426 [85d03201-45ec-4202-b725-1ee58b28f685:group-5F2E90FE1E60:LeaderElection7] INFO  impl.RaftServerImpl (ServerState.java:setRaftConf(361)) - 85d03201-45ec-4202-b725-1ee58b28f685:group-5F2E90FE1E60 set configuration 0: [85d03201-45ec-4202-b725-1ee58b28f685:192.168.157.204:34005], old=null at 0
2019-09-19 10:44:06,469 [Thread-240] INFO  impl.FollowerState (FollowerState.java:run(106)) - 470b673e-7c3c-4972-9ac8-3342d713d76f:group-7B01210D6315 changes to CANDIDATE, lastRpcTime:5065, electionTimeout:5065ms
2019-09-19 10:44:06,469 [Thread-240] INFO  impl.RoleInfo (RoleInfo.java:shutdownFollowerState(121)) - 470b673e-7c3c-4972-9ac8-3342d713d76f: shutdown FollowerState
2019-09-19 10:44:06,470 [Thread-240] INFO  impl.RaftServerImpl (RaftServerImpl.java:setRole(171)) - 470b673e-7c3c-4972-9ac8-3342d713d76f:group-7B01210D6315 changes role from FOLLOWER to CANDIDATE at term 0 for changeToCandidate
2019-09-19 10:44:06,470 [Thread-240] INFO  impl.RoleInfo (RoleInfo.java:updateAndGet(143)) - 470b673e-7c3c-4972-9ac8-3342d713d76f: start LeaderElection
2019-09-19 10:44:06,470 [85d03201-45ec-4202-b725-1ee58b28f685-SegmentedRaftLogWorker:Storage Directory /workdir/hadoop-ozone/tools/target/test-dir/MiniOzoneClusterImpl-906ca9d4-12e2-4885-9d3d-2383beb6722b/datanode-0/data/ratis/84c89af2-43c9-4ab2-bbb9-5f2e90fe1e60] INFO  segmented.SegmentedRaftLogWorker (SegmentedRaftLogWorker.java:execute(569)) - 85d03201-45ec-4202-b725-1ee58b28f685-SegmentedRaftLogWorker:Storage Directory /workdir/hadoop-ozone/tools/target/test-dir/MiniOzoneClusterImpl-906ca9d4-12e2-4885-9d3d-2383beb6722b/datanode-0/data/ratis/84c89af2-43c9-4ab2-bbb9-5f2e90fe1e60: created new log segment /workdir/hadoop-ozone/tools/target/test-dir/MiniOzoneClusterImpl-906ca9d4-12e2-4885-9d3d-2383beb6722b/datanode-0/data/ratis/84c89af2-43c9-4ab2-bbb9-5f2e90fe1e60/current/log_inprogress_0
2019-09-19 10:44:06,486 [470b673e-7c3c-4972-9ac8-3342d713d76f:group-7B01210D6315:LeaderElection8] INFO  impl.LeaderElection (LeaderElection.java:askForVotes(181)) - 470b673e-7c3c-4972-9ac8-3342d713d76f:group-7B01210D6315:LeaderElection8: begin an election at term 1 for -1: [470b673e-7c3c-4972-9ac8-3342d713d76f:192.168.157.204:38229], old=null
2019-09-19 10:44:06,486 [470b673e-7c3c-4972-9ac8-3342d713d76f:group-7B01210D6315:LeaderElection8] INFO  impl.RoleInfo (RoleInfo.java:shutdownLeaderElection(134)) - 470b673e-7c3c-4972-9ac8-3342d713d76f: shutdown LeaderElection
2019-09-19 10:44:06,487 [470b673e-7c3c-4972-9ac8-3342d713d76f:group-7B01210D6315:LeaderElection8] INFO  impl.RaftServerImpl (RaftServerImpl.java:setRole(171)) - 470b673e-7c3c-4972-9ac8-3342d713d76f:group-7B01210D6315 changes role from CANDIDATE to LEADER at term 1 for changeToLeader
2019-09-19 10:44:06,487 [470b673e-7c3c-4972-9ac8-3342d713d76f:group-7B01210D6315:LeaderElection8] INFO  impl.RaftServerImpl (ServerState.java:setLeader(263)) - 470b673e-7c3c-4972-9ac8-3342d713d76f:group-7B01210D6315 change Leader from null to 470b673e-7c3c-4972-9ac8-3342d713d76f at term 1 for becomeLeader, leader elected after 5087ms
2019-09-19 10:44:06,488 [470b673e-7c3c-4972-9ac8-3342d713d76f:group-7B01210D6315:LeaderElection8] INFO  server.RaftServerConfigKeys (ConfUtils.java:logGet(43)) - raft.server.staging.catchup.gap = 1000 (default)
2019-09-19 10:44:06,488 [470b673e-7c3c-4972-9ac8-3342d713d76f:group-7B01210D6315:LeaderElection8] INFO  server.RaftServerConfigKeys (ConfUtils.java:logGet(43)) - raft.server.rpc.sleep.time = 25ms (default)
2019-09-19 10:44:06,488 [470b673e-7c3c-4972-9ac8-3342d713d76f:group-7B01210D6315:LeaderElection8] INFO  server.RaftServerConfigKeys (ConfUtils.java:logGet(43)) - raft.server.write.element-limit = 4096 (default)
2019-09-19 10:44:06,488 [470b673e-7c3c-4972-9ac8-3342d713d76f:group-7B01210D6315:LeaderElection8] INFO  server.RaftServerConfigKeys (ConfUtils.java:logGet(43)) - raft.server.watch.timeout = 10s (default)
2019-09-19 10:44:06,489 [470b673e-7c3c-4972-9ac8-3342d713d76f:group-7B01210D6315:LeaderElection8] INFO  server.RaftServerConfigKeys (ConfUtils.java:logGet(43)) - raft.server.watch.timeout.denomination = 1s (default)
2019-09-19 10:44:06,489 [470b673e-7c3c-4972-9ac8-3342d713d76f:group-7B01210D6315:LeaderElection8] INFO  server.RaftServerConfigKeys (ConfUtils.java:logGet(43)) - raft.server.watch.element-limit = 65536 (default)
2019-09-19 10:44:06,489 | INFO  | SCMAudit | user=jenkins1000 | ip=192.168.157.204 | op=SEND_HEARTBEAT {datanodeUUID=2d7fb44a-ac7a-4034-a2aa-4953f070935b, command=[]} | ret=SUCCESS |  
2019-09-19 10:44:06,489 [470b673e-7c3c-4972-9ac8-3342d713d76f:group-7B01210D6315:LeaderElection8] INFO  impl.RoleInfo (RoleInfo.java:updateAndGet(143)) - 470b673e-7c3c-4972-9ac8-3342d713d76f: start LeaderState
2019-09-19 10:44:06,490 [470b673e-7c3c-4972-9ac8-3342d713d76f:group-7B01210D6315:LeaderElection8] INFO  segmented.SegmentedRaftLogWorker (SegmentedRaftLogWorker.java:startLogSegment(380)) - 470b673e-7c3c-4972-9ac8-3342d713d76f-SegmentedRaftLogWorker:Storage Directory /workdir/hadoop-ozone/tools/target/test-dir/MiniOzoneClusterImpl-906ca9d4-12e2-4885-9d3d-2383beb6722b/datanode-4/data/ratis/31e71b06-fe23-4c45-83e6-7b01210d6315: Starting segment from index:0
2019-09-19 10:44:06,490 [470b673e-7c3c-4972-9ac8-3342d713d76f:group-7B01210D6315:LeaderElection8] INFO  impl.RaftServerImpl (ServerState.java:setRaftConf(361)) - 470b673e-7c3c-4972-9ac8-3342d713d76f:group-7B01210D6315 set configuration 0: [470b673e-7c3c-4972-9ac8-3342d713d76f:192.168.157.204:38229], old=null at 0
2019-09-19 10:44:06,529 [Thread-243] INFO  impl.FollowerState (FollowerState.java:run(106)) - 2d7fb44a-ac7a-4034-a2aa-4953f070935b:group-BFA5D837848C changes to CANDIDATE, lastRpcTime:5072, electionTimeout:5062ms
2019-09-19 10:44:06,530 [Thread-243] INFO  impl.RoleInfo (RoleInfo.java:shutdownFollowerState(121)) - 2d7fb44a-ac7a-4034-a2aa-4953f070935b: shutdown FollowerState
2019-09-19 10:44:06,530 [Thread-243] INFO  impl.RaftServerImpl (RaftServerImpl.java:setRole(171)) - 2d7fb44a-ac7a-4034-a2aa-4953f070935b:group-BFA5D837848C changes role from FOLLOWER to CANDIDATE at term 0 for changeToCandidate
2019-09-19 10:44:06,530 [Thread-243] INFO  impl.RoleInfo (RoleInfo.java:updateAndGet(143)) - 2d7fb44a-ac7a-4034-a2aa-4953f070935b: start LeaderElection
2019-09-19 10:44:06,533 [Thread-236] INFO  impl.FollowerState (FollowerState.java:run(106)) - e855218f-cb01-4dd8-a582-b24365f170a0:group-A504F78325CD changes to CANDIDATE, lastRpcTime:5198, electionTimeout:5198ms
2019-09-19 10:44:06,533 [Thread-236] INFO  impl.RoleInfo (RoleInfo.java:shutdownFollowerState(121)) - e855218f-cb01-4dd8-a582-b24365f170a0: shutdown FollowerState
2019-09-19 10:44:06,533 [Thread-236] INFO  impl.RaftServerImpl (RaftServerImpl.java:setRole(171)) - e855218f-cb01-4dd8-a582-b24365f170a0:group-A504F78325CD changes role from FOLLOWER to CANDIDATE at term 0 for changeToCandidate
2019-09-19 10:44:06,533 [Thread-236] INFO  impl.RoleInfo (RoleInfo.java:updateAndGet(143)) - e855218f-cb01-4dd8-a582-b24365f170a0: start LeaderElection
2019-09-19 10:44:06,534 | INFO  | SCMAudit | user=jenkins1000 | ip=192.168.157.204 | op=SEND_HEARTBEAT {datanodeUUID=e855218f-cb01-4dd8-a582-b24365f170a0, command=[]} | ret=SUCCESS |  
2019-09-19 10:44:06,542 [470b673e-7c3c-4972-9ac8-3342d713d76f-SegmentedRaftLogWorker:Storage Directory /workdir/hadoop-ozone/tools/target/test-dir/MiniOzoneClusterImpl-906ca9d4-12e2-4885-9d3d-2383beb6722b/datanode-4/data/ratis/31e71b06-fe23-4c45-83e6-7b01210d6315] INFO  segmented.SegmentedRaftLogWorker (SegmentedRaftLogWorker.java:execute(569)) - 470b673e-7c3c-4972-9ac8-3342d713d76f-SegmentedRaftLogWorker:Storage Directory /workdir/hadoop-ozone/tools/target/test-dir/MiniOzoneClusterImpl-906ca9d4-12e2-4885-9d3d-2383beb6722b/datanode-4/data/ratis/31e71b06-fe23-4c45-83e6-7b01210d6315: created new log segment /workdir/hadoop-ozone/tools/target/test-dir/MiniOzoneClusterImpl-906ca9d4-12e2-4885-9d3d-2383beb6722b/datanode-4/data/ratis/31e71b06-fe23-4c45-83e6-7b01210d6315/current/log_inprogress_0
2019-09-19 10:44:06,542 [2d7fb44a-ac7a-4034-a2aa-4953f070935b:group-BFA5D837848C:LeaderElection9] INFO  impl.LeaderElection (LeaderElection.java:askForVotes(181)) - 2d7fb44a-ac7a-4034-a2aa-4953f070935b:group-BFA5D837848C:LeaderElection9: begin an election at term 1 for -1: [2d7fb44a-ac7a-4034-a2aa-4953f070935b:192.168.157.204:33301], old=null
2019-09-19 10:44:06,542 [2d7fb44a-ac7a-4034-a2aa-4953f070935b:group-BFA5D837848C:LeaderElection9] INFO  impl.RoleInfo (RoleInfo.java:shutdownLeaderElection(134)) - 2d7fb44a-ac7a-4034-a2aa-4953f070935b: shutdown LeaderElection
2019-09-19 10:44:06,543 [2d7fb44a-ac7a-4034-a2aa-4953f070935b:group-BFA5D837848C:LeaderElection9] INFO  impl.RaftServerImpl (RaftServerImpl.java:setRole(171)) - 2d7fb44a-ac7a-4034-a2aa-4953f070935b:group-BFA5D837848C changes role from CANDIDATE to LEADER at term 1 for changeToLeader
2019-09-19 10:44:06,543 [2d7fb44a-ac7a-4034-a2aa-4953f070935b:group-BFA5D837848C:LeaderElection9] INFO  impl.RaftServerImpl (ServerState.java:setLeader(263)) - 2d7fb44a-ac7a-4034-a2aa-4953f070935b:group-BFA5D837848C change Leader from null to 2d7fb44a-ac7a-4034-a2aa-4953f070935b at term 1 for becomeLeader, leader elected after 5090ms
2019-09-19 10:44:06,543 [2d7fb44a-ac7a-4034-a2aa-4953f070935b:group-BFA5D837848C:LeaderElection9] INFO  server.RaftServerConfigKeys (ConfUtils.java:logGet(43)) - raft.server.staging.catchup.gap = 1000 (default)
2019-09-19 10:44:06,543 [2d7fb44a-ac7a-4034-a2aa-4953f070935b:group-BFA5D837848C:LeaderElection9] INFO  server.RaftServerConfigKeys (ConfUtils.java:logGet(43)) - raft.server.rpc.sleep.time = 25ms (default)
2019-09-19 10:44:06,543 [2d7fb44a-ac7a-4034-a2aa-4953f070935b:group-BFA5D837848C:LeaderElection9] INFO  server.RaftServerConfigKeys (ConfUtils.java:logGet(43)) - raft.server.write.element-limit = 4096 (default)
2019-09-19 10:44:06,543 [2d7fb44a-ac7a-4034-a2aa-4953f070935b:group-BFA5D837848C:LeaderElection9] INFO  server.RaftServerConfigKeys (ConfUtils.java:logGet(43)) - raft.server.watch.timeout = 10s (default)
2019-09-19 10:44:06,544 [2d7fb44a-ac7a-4034-a2aa-4953f070935b:group-BFA5D837848C:LeaderElection9] INFO  server.RaftServerConfigKeys (ConfUtils.java:logGet(43)) - raft.server.watch.timeout.denomination = 1s (default)
2019-09-19 10:44:06,544 [e855218f-cb01-4dd8-a582-b24365f170a0:group-A504F78325CD:LeaderElection10] INFO  impl.LeaderElection (LeaderElection.java:askForVotes(181)) - e855218f-cb01-4dd8-a582-b24365f170a0:group-A504F78325CD:LeaderElection10: begin an election at term 1 for -1: [e855218f-cb01-4dd8-a582-b24365f170a0:192.168.157.204:43344], old=null
2019-09-19 10:44:06,544 [2d7fb44a-ac7a-4034-a2aa-4953f070935b:group-BFA5D837848C:LeaderElection9] INFO  server.RaftServerConfigKeys (ConfUtils.java:logGet(43)) - raft.server.watch.element-limit = 65536 (default)
2019-09-19 10:44:06,545 [e855218f-cb01-4dd8-a582-b24365f170a0:group-A504F78325CD:LeaderElection10] INFO  impl.RoleInfo (RoleInfo.java:shutdownLeaderElection(134)) - e855218f-cb01-4dd8-a582-b24365f170a0: shutdown LeaderElection
2019-09-19 10:44:06,545 [2d7fb44a-ac7a-4034-a2aa-4953f070935b:group-BFA5D837848C:LeaderElection9] INFO  impl.RoleInfo (RoleInfo.java:updateAndGet(143)) - 2d7fb44a-ac7a-4034-a2aa-4953f070935b: start LeaderState
2019-09-19 10:44:06,545 [e855218f-cb01-4dd8-a582-b24365f170a0:group-A504F78325CD:LeaderElection10] INFO  impl.RaftServerImpl (RaftServerImpl.java:setRole(171)) - e855218f-cb01-4dd8-a582-b24365f170a0:group-A504F78325CD changes role from CANDIDATE to LEADER at term 1 for changeToLeader
2019-09-19 10:44:06,546 [e855218f-cb01-4dd8-a582-b24365f170a0:group-A504F78325CD:LeaderElection10] INFO  impl.RaftServerImpl (ServerState.java:setLeader(263)) - e855218f-cb01-4dd8-a582-b24365f170a0:group-A504F78325CD change Leader from null to e855218f-cb01-4dd8-a582-b24365f170a0 at term 1 for becomeLeader, leader elected after 5214ms
2019-09-19 10:44:06,546 [2d7fb44a-ac7a-4034-a2aa-4953f070935b:group-BFA5D837848C:LeaderElection9] INFO  segmented.SegmentedRaftLogWorker (SegmentedRaftLogWorker.java:startLogSegment(380)) - 2d7fb44a-ac7a-4034-a2aa-4953f070935b-SegmentedRaftLogWorker:Storage Directory /workdir/hadoop-ozone/tools/target/test-dir/MiniOzoneClusterImpl-906ca9d4-12e2-4885-9d3d-2383beb6722b/datanode-3/data/ratis/4ed836a7-00b6-4419-a04f-bfa5d837848c: Starting segment from index:0
2019-09-19 10:44:06,546 [e855218f-cb01-4dd8-a582-b24365f170a0:group-A504F78325CD:LeaderElection10] INFO  server.RaftServerConfigKeys (ConfUtils.java:logGet(43)) - raft.server.staging.catchup.gap = 1000 (default)
2019-09-19 10:44:06,546 [e855218f-cb01-4dd8-a582-b24365f170a0:group-A504F78325CD:LeaderElection10] INFO  server.RaftServerConfigKeys (ConfUtils.java:logGet(43)) - raft.server.rpc.sleep.time = 25ms (default)
2019-09-19 10:44:06,546 [e855218f-cb01-4dd8-a582-b24365f170a0:group-A504F78325CD:LeaderElection10] INFO  server.RaftServerConfigKeys (ConfUtils.java:logGet(43)) - raft.server.write.element-limit = 4096 (default)
2019-09-19 10:44:06,547 [2d7fb44a-ac7a-4034-a2aa-4953f070935b:group-BFA5D837848C:LeaderElection9] INFO  impl.RaftServerImpl (ServerState.java:setRaftConf(361)) - 2d7fb44a-ac7a-4034-a2aa-4953f070935b:group-BFA5D837848C set configuration 0: [2d7fb44a-ac7a-4034-a2aa-4953f070935b:192.168.157.204:33301], old=null at 0
2019-09-19 10:44:06,547 [e855218f-cb01-4dd8-a582-b24365f170a0:group-A504F78325CD:LeaderElection10] INFO  server.RaftServerConfigKeys (ConfUtils.java:logGet(43)) - raft.server.watch.timeout = 10s (default)
2019-09-19 10:44:06,547 [e855218f-cb01-4dd8-a582-b24365f170a0:group-A504F78325CD:LeaderElection10] INFO  server.RaftServerConfigKeys (ConfUtils.java:logGet(43)) - raft.server.watch.timeout.denomination = 1s (default)
2019-09-19 10:44:06,582 [Thread-249] INFO  impl.FollowerState (FollowerState.java:run(106)) - 85d03201-45ec-4202-b725-1ee58b28f685:group-7D8C8E5E4DC2 changes to CANDIDATE, lastRpcTime:5016, electionTimeout:5002ms
2019-09-19 10:44:06,582 [e855218f-cb01-4dd8-a582-b24365f170a0:group-A504F78325CD:LeaderElection10] INFO  server.RaftServerConfigKeys (ConfUtils.java:logGet(43)) - raft.server.watch.element-limit = 65536 (default)
2019-09-19 10:44:06,582 [Thread-249] INFO  impl.RoleInfo (RoleInfo.java:shutdownFollowerState(121)) - 85d03201-45ec-4202-b725-1ee58b28f685: shutdown FollowerState
2019-09-19 10:44:06,583 [Thread-249] INFO  impl.RaftServerImpl (RaftServerImpl.java:setRole(171)) - 85d03201-45ec-4202-b725-1ee58b28f685:group-7D8C8E5E4DC2 changes role from FOLLOWER to CANDIDATE at term 0 for changeToCandidate
2019-09-19 10:44:06,583 [e855218f-cb01-4dd8-a582-b24365f170a0:group-A504F78325CD:LeaderElection10] INFO  impl.RoleInfo (RoleInfo.java:updateAndGet(143)) - e855218f-cb01-4dd8-a582-b24365f170a0: start LeaderState
2019-09-19 10:44:06,583 [Thread-249] INFO  impl.RoleInfo (RoleInfo.java:updateAndGet(143)) - 85d03201-45ec-4202-b725-1ee58b28f685: start LeaderElection
2019-09-19 10:44:06,583 [e855218f-cb01-4dd8-a582-b24365f170a0:group-A504F78325CD:LeaderElection10] INFO  segmented.SegmentedRaftLogWorker (SegmentedRaftLogWorker.java:startLogSegment(380)) - e855218f-cb01-4dd8-a582-b24365f170a0-SegmentedRaftLogWorker:Storage Directory /workdir/hadoop-ozone/tools/target/test-dir/MiniOzoneClusterImpl-906ca9d4-12e2-4885-9d3d-2383beb6722b/datanode-2/data/ratis/cf5718ba-97c6-4cca-915f-a504f78325cd: Starting segment from index:0
2019-09-19 10:44:06,586 [e855218f-cb01-4dd8-a582-b24365f170a0:group-A504F78325CD:LeaderElection10] INFO  impl.RaftServerImpl (ServerState.java:setRaftConf(361)) - e855218f-cb01-4dd8-a582-b24365f170a0:group-A504F78325CD set configuration 0: [e855218f-cb01-4dd8-a582-b24365f170a0:192.168.157.204:43344], old=null at 0
2019-09-19 10:44:06,622 [2d7fb44a-ac7a-4034-a2aa-4953f070935b-SegmentedRaftLogWorker:Storage Directory /workdir/hadoop-ozone/tools/target/test-dir/MiniOzoneClusterImpl-906ca9d4-12e2-4885-9d3d-2383beb6722b/datanode-3/data/ratis/4ed836a7-00b6-4419-a04f-bfa5d837848c] INFO  segmented.SegmentedRaftLogWorker (SegmentedRaftLogWorker.java:execute(569)) - 2d7fb44a-ac7a-4034-a2aa-4953f070935b-SegmentedRaftLogWorker:Storage Directory /workdir/hadoop-ozone/tools/target/test-dir/MiniOzoneClusterImpl-906ca9d4-12e2-4885-9d3d-2383beb6722b/datanode-3/data/ratis/4ed836a7-00b6-4419-a04f-bfa5d837848c: created new log segment /workdir/hadoop-ozone/tools/target/test-dir/MiniOzoneClusterImpl-906ca9d4-12e2-4885-9d3d-2383beb6722b/datanode-3/data/ratis/4ed836a7-00b6-4419-a04f-bfa5d837848c/current/log_inprogress_0
2019-09-19 10:44:06,622 [85d03201-45ec-4202-b725-1ee58b28f685:group-7D8C8E5E4DC2:LeaderElection11] INFO  impl.LeaderElection (LeaderElection.java:askForVotes(181)) - 85d03201-45ec-4202-b725-1ee58b28f685:group-7D8C8E5E4DC2:LeaderElection11: begin an election at term 1 for -1: [85d03201-45ec-4202-b725-1ee58b28f685:192.168.157.204:34005], old=null
2019-09-19 10:44:06,622 [85d03201-45ec-4202-b725-1ee58b28f685:group-7D8C8E5E4DC2:LeaderElection11] INFO  impl.RoleInfo (RoleInfo.java:shutdownLeaderElection(134)) - 85d03201-45ec-4202-b725-1ee58b28f685: shutdown LeaderElection
2019-09-19 10:44:06,623 [85d03201-45ec-4202-b725-1ee58b28f685:group-7D8C8E5E4DC2:LeaderElection11] INFO  impl.RaftServerImpl (RaftServerImpl.java:setRole(171)) - 85d03201-45ec-4202-b725-1ee58b28f685:group-7D8C8E5E4DC2 changes role from CANDIDATE to LEADER at term 1 for changeToLeader
2019-09-19 10:44:06,623 [85d03201-45ec-4202-b725-1ee58b28f685:group-7D8C8E5E4DC2:LeaderElection11] INFO  impl.RaftServerImpl (ServerState.java:setLeader(263)) - 85d03201-45ec-4202-b725-1ee58b28f685:group-7D8C8E5E4DC2 change Leader from null to 85d03201-45ec-4202-b725-1ee58b28f685 at term 1 for becomeLeader, leader elected after 5062ms
2019-09-19 10:44:06,623 [85d03201-45ec-4202-b725-1ee58b28f685:group-7D8C8E5E4DC2:LeaderElection11] INFO  server.RaftServerConfigKeys (ConfUtils.java:logGet(43)) - raft.server.staging.catchup.gap = 1000 (default)
2019-09-19 10:44:06,623 [85d03201-45ec-4202-b725-1ee58b28f685:group-7D8C8E5E4DC2:LeaderElection11] INFO  server.RaftServerConfigKeys (ConfUtils.java:logGet(43)) - raft.server.rpc.sleep.time = 25ms (default)
2019-09-19 10:44:06,623 [85d03201-45ec-4202-b725-1ee58b28f685:group-7D8C8E5E4DC2:LeaderElection11] INFO  server.RaftServerConfigKeys (ConfUtils.java:logGet(43)) - raft.server.write.element-limit = 4096 (default)
2019-09-19 10:44:06,623 [85d03201-45ec-4202-b725-1ee58b28f685:group-7D8C8E5E4DC2:LeaderElection11] INFO  server.RaftServerConfigKeys (ConfUtils.java:logGet(43)) - raft.server.watch.timeout = 10s (default)
2019-09-19 10:44:06,624 [85d03201-45ec-4202-b725-1ee58b28f685:group-7D8C8E5E4DC2:LeaderElection11] INFO  server.RaftServerConfigKeys (ConfUtils.java:logGet(43)) - raft.server.watch.timeout.denomination = 1s (default)
2019-09-19 10:44:06,624 [85d03201-45ec-4202-b725-1ee58b28f685:group-7D8C8E5E4DC2:LeaderElection11] INFO  server.RaftServerConfigKeys (ConfUtils.java:logGet(43)) - raft.server.watch.element-limit = 65536 (default)
2019-09-19 10:44:06,624 [85d03201-45ec-4202-b725-1ee58b28f685:group-7D8C8E5E4DC2:LeaderElection11] INFO  impl.RoleInfo (RoleInfo.java:updateAndGet(143)) - 85d03201-45ec-4202-b725-1ee58b28f685: start LeaderState
2019-09-19 10:44:06,624 [85d03201-45ec-4202-b725-1ee58b28f685:group-7D8C8E5E4DC2:LeaderElection11] INFO  segmented.SegmentedRaftLogWorker (SegmentedRaftLogWorker.java:startLogSegment(380)) - 85d03201-45ec-4202-b725-1ee58b28f685-SegmentedRaftLogWorker:Storage Directory /workdir/hadoop-ozone/tools/target/test-dir/MiniOzoneClusterImpl-906ca9d4-12e2-4885-9d3d-2383beb6722b/datanode-0/data/ratis/f614bfb5-a27e-4388-a396-7d8c8e5e4dc2: Starting segment from index:0
2019-09-19 10:44:06,625 [85d03201-45ec-4202-b725-1ee58b28f685:group-7D8C8E5E4DC2:LeaderElection11] INFO  impl.RaftServerImpl (ServerState.java:setRaftConf(361)) - 85d03201-45ec-4202-b725-1ee58b28f685:group-7D8C8E5E4DC2 set configuration 0: [85d03201-45ec-4202-b725-1ee58b28f685:192.168.157.204:34005], old=null at 0
2019-09-19 10:44:06,663 [e855218f-cb01-4dd8-a582-b24365f170a0-SegmentedRaftLogWorker:Storage Directory /workdir/hadoop-ozone/tools/target/test-dir/MiniOzoneClusterImpl-906ca9d4-12e2-4885-9d3d-2383beb6722b/datanode-2/data/ratis/cf5718ba-97c6-4cca-915f-a504f78325cd] INFO  segmented.SegmentedRaftLogWorker (SegmentedRaftLogWorker.java:execute(569)) - e855218f-cb01-4dd8-a582-b24365f170a0-SegmentedRaftLogWorker:Storage Directory /workdir/hadoop-ozone/tools/target/test-dir/MiniOzoneClusterImpl-906ca9d4-12e2-4885-9d3d-2383beb6722b/datanode-2/data/ratis/cf5718ba-97c6-4cca-915f-a504f78325cd: created new log segment /workdir/hadoop-ozone/tools/target/test-dir/MiniOzoneClusterImpl-906ca9d4-12e2-4885-9d3d-2383beb6722b/datanode-2/data/ratis/cf5718ba-97c6-4cca-915f-a504f78325cd/current/log_inprogress_0
2019-09-19 10:44:06,670 | INFO  | SCMAudit | user=jenkins1000 | ip=192.168.157.204 | op=SEND_HEARTBEAT {datanodeUUID=470b673e-7c3c-4972-9ac8-3342d713d76f, command=[]} | ret=SUCCESS |  
2019-09-19 10:44:06,676 [85d03201-45ec-4202-b725-1ee58b28f685-SegmentedRaftLogWorker:Storage Directory /workdir/hadoop-ozone/tools/target/test-dir/MiniOzoneClusterImpl-906ca9d4-12e2-4885-9d3d-2383beb6722b/datanode-0/data/ratis/f614bfb5-a27e-4388-a396-7d8c8e5e4dc2] INFO  segmented.SegmentedRaftLogWorker (SegmentedRaftLogWorker.java:execute(569)) - 85d03201-45ec-4202-b725-1ee58b28f685-SegmentedRaftLogWorker:Storage Directory /workdir/hadoop-ozone/tools/target/test-dir/MiniOzoneClusterImpl-906ca9d4-12e2-4885-9d3d-2383beb6722b/datanode-0/data/ratis/f614bfb5-a27e-4388-a396-7d8c8e5e4dc2: created new log segment /workdir/hadoop-ozone/tools/target/test-dir/MiniOzoneClusterImpl-906ca9d4-12e2-4885-9d3d-2383beb6722b/datanode-0/data/ratis/f614bfb5-a27e-4388-a396-7d8c8e5e4dc2/current/log_inprogress_0
2019-09-19 10:44:06,687 [Thread-246] INFO  impl.FollowerState (FollowerState.java:run(106)) - ef60016b-37d8-4c81-9b85-999ba158dbb2:group-7CEA97AB298A changes to CANDIDATE, lastRpcTime:5177, electionTimeout:5177ms
2019-09-19 10:44:06,687 [Thread-246] INFO  impl.RoleInfo (RoleInfo.java:shutdownFollowerState(121)) - ef60016b-37d8-4c81-9b85-999ba158dbb2: shutdown FollowerState
2019-09-19 10:44:06,687 [Thread-246] INFO  impl.RaftServerImpl (RaftServerImpl.java:setRole(171)) - ef60016b-37d8-4c81-9b85-999ba158dbb2:group-7CEA97AB298A changes role from FOLLOWER to CANDIDATE at term 0 for changeToCandidate
2019-09-19 10:44:06,687 [Thread-246] INFO  impl.RoleInfo (RoleInfo.java:updateAndGet(143)) - ef60016b-37d8-4c81-9b85-999ba158dbb2: start LeaderElection
2019-09-19 10:44:06,692 | INFO  | SCMAudit | user=jenkins1000 | ip=192.168.157.204 | op=SEND_HEARTBEAT {datanodeUUID=85d03201-45ec-4202-b725-1ee58b28f685, command=[]} | ret=SUCCESS |  
2019-09-19 10:44:06,724 [Thread-255] INFO  impl.FollowerState (FollowerState.java:run(106)) - ef60016b-37d8-4c81-9b85-999ba158dbb2:group-BD53F5DDF546 changes to CANDIDATE, lastRpcTime:5036, electionTimeout:5036ms
2019-09-19 10:44:06,724 [Thread-255] INFO  impl.RoleInfo (RoleInfo.java:shutdownFollowerState(121)) - ef60016b-37d8-4c81-9b85-999ba158dbb2: shutdown FollowerState
2019-09-19 10:44:06,725 [Thread-255] INFO  impl.RaftServerImpl (RaftServerImpl.java:setRole(171)) - ef60016b-37d8-4c81-9b85-999ba158dbb2:group-BD53F5DDF546 changes role from FOLLOWER to CANDIDATE at term 0 for changeToCandidate
2019-09-19 10:44:06,725 [Thread-255] INFO  impl.RoleInfo (RoleInfo.java:updateAndGet(143)) - ef60016b-37d8-4c81-9b85-999ba158dbb2: start LeaderElection
2019-09-19 10:44:06,782 [Thread-252] INFO  impl.FollowerState (FollowerState.java:run(106)) - ef60016b-37d8-4c81-9b85-999ba158dbb2:group-C4F3F4E1C43D changes to CANDIDATE, lastRpcTime:5156, electionTimeout:5156ms
2019-09-19 10:44:06,782 [Thread-252] INFO  impl.RoleInfo (RoleInfo.java:shutdownFollowerState(121)) - ef60016b-37d8-4c81-9b85-999ba158dbb2: shutdown FollowerState
2019-09-19 10:44:06,782 [Thread-252] INFO  impl.RaftServerImpl (RaftServerImpl.java:setRole(171)) - ef60016b-37d8-4c81-9b85-999ba158dbb2:group-C4F3F4E1C43D changes role from FOLLOWER to CANDIDATE at term 0 for changeToCandidate
2019-09-19 10:44:06,782 [Thread-252] INFO  impl.RoleInfo (RoleInfo.java:updateAndGet(143)) - ef60016b-37d8-4c81-9b85-999ba158dbb2: start LeaderElection
2019-09-19 10:44:06,900 [Thread-258] INFO  impl.FollowerState (FollowerState.java:run(106)) - 85d03201-45ec-4202-b725-1ee58b28f685:group-19BE61379F03 changes to CANDIDATE, lastRpcTime:5132, electionTimeout:5132ms
2019-09-19 10:44:06,900 [Thread-258] INFO  impl.RoleInfo (RoleInfo.java:shutdownFollowerState(121)) - 85d03201-45ec-4202-b725-1ee58b28f685: shutdown FollowerState
2019-09-19 10:44:06,901 [Thread-258] INFO  impl.RaftServerImpl (RaftServerImpl.java:setRole(171)) - 85d03201-45ec-4202-b725-1ee58b28f685:group-19BE61379F03 changes role from FOLLOWER to CANDIDATE at term 0 for changeToCandidate
2019-09-19 10:44:06,901 [Thread-258] INFO  impl.RoleInfo (RoleInfo.java:updateAndGet(143)) - 85d03201-45ec-4202-b725-1ee58b28f685: start LeaderElection
2019-09-19 10:44:06,917 [Thread-261] INFO  impl.FollowerState (FollowerState.java:run(106)) - e855218f-cb01-4dd8-a582-b24365f170a0:group-828FF88F3F94 changes to CANDIDATE, lastRpcTime:5090, electionTimeout:5090ms
2019-09-19 10:44:06,917 [Thread-261] INFO  impl.RoleInfo (RoleInfo.java:shutdownFollowerState(121)) - e855218f-cb01-4dd8-a582-b24365f170a0: shutdown FollowerState
2019-09-19 10:44:06,917 [Thread-261] INFO  impl.RaftServerImpl (RaftServerImpl.java:setRole(171)) - e855218f-cb01-4dd8-a582-b24365f170a0:group-828FF88F3F94 changes role from FOLLOWER to CANDIDATE at term 0 for changeToCandidate
2019-09-19 10:44:06,918 [Thread-261] INFO  impl.RoleInfo (RoleInfo.java:updateAndGet(143)) - e855218f-cb01-4dd8-a582-b24365f170a0: start LeaderElection
2019-09-19 10:44:06,955 [Thread-264] INFO  impl.FollowerState (FollowerState.java:run(106)) - ef60016b-37d8-4c81-9b85-999ba158dbb2:group-D907A35D7911 changes to CANDIDATE, lastRpcTime:5074, electionTimeout:5074ms
2019-09-19 10:44:06,955 [Thread-264] INFO  impl.RoleInfo (RoleInfo.java:shutdownFollowerState(121)) - ef60016b-37d8-4c81-9b85-999ba158dbb2: shutdown FollowerState
2019-09-19 10:44:06,955 [Thread-264] INFO  impl.RaftServerImpl (RaftServerImpl.java:setRole(171)) - ef60016b-37d8-4c81-9b85-999ba158dbb2:group-D907A35D7911 changes role from FOLLOWER to CANDIDATE at term 0 for changeToCandidate
2019-09-19 10:44:06,955 [Thread-264] INFO  impl.RoleInfo (RoleInfo.java:updateAndGet(143)) - ef60016b-37d8-4c81-9b85-999ba158dbb2: start LeaderElection
2019-09-19 10:44:06,962 [Thread-267] INFO  impl.FollowerState (FollowerState.java:run(106)) - 2d7fb44a-ac7a-4034-a2aa-4953f070935b:group-E65BC2414754 changes to CANDIDATE, lastRpcTime:5024, electionTimeout:5024ms
2019-09-19 10:44:06,962 [Thread-267] INFO  impl.RoleInfo (RoleInfo.java:shutdownFollowerState(121)) - 2d7fb44a-ac7a-4034-a2aa-4953f070935b: shutdown FollowerState
2019-09-19 10:44:06,962 [Thread-267] INFO  impl.RaftServerImpl (RaftServerImpl.java:setRole(171)) - 2d7fb44a-ac7a-4034-a2aa-4953f070935b:group-E65BC2414754 changes role from FOLLOWER to CANDIDATE at term 0 for changeToCandidate
2019-09-19 10:44:06,963 [Thread-267] INFO  impl.RoleInfo (RoleInfo.java:updateAndGet(143)) - 2d7fb44a-ac7a-4034-a2aa-4953f070935b: start LeaderElection
2019-09-19 10:44:06,970 | INFO  | SCMAudit | user=jenkins1000 | ip=192.168.157.204 | op=SEND_HEARTBEAT {datanodeUUID=ef60016b-37d8-4c81-9b85-999ba158dbb2, command=[]} | ret=SUCCESS |  
2019-09-19 10:44:07,059 [Thread-273] INFO  impl.FollowerState (FollowerState.java:run(106)) - e855218f-cb01-4dd8-a582-b24365f170a0:group-F93B477B0242 changes to CANDIDATE, lastRpcTime:5003, electionTimeout:5003ms
2019-09-19 10:44:07,059 [Thread-273] INFO  impl.RoleInfo (RoleInfo.java:shutdownFollowerState(121)) - e855218f-cb01-4dd8-a582-b24365f170a0: shutdown FollowerState
2019-09-19 10:44:07,059 [Thread-273] INFO  impl.RaftServerImpl (RaftServerImpl.java:setRole(171)) - e855218f-cb01-4dd8-a582-b24365f170a0:group-F93B477B0242 changes role from FOLLOWER to CANDIDATE at term 0 for changeToCandidate
2019-09-19 10:44:07,059 [Thread-273] INFO  impl.RoleInfo (RoleInfo.java:updateAndGet(143)) - e855218f-cb01-4dd8-a582-b24365f170a0: start LeaderElection
2019-09-19 10:44:07,082 [ef60016b-37d8-4c81-9b85-999ba158dbb2:group-7CEA97AB298A:LeaderElection12] INFO  impl.LeaderElection (LeaderElection.java:askForVotes(181)) - ef60016b-37d8-4c81-9b85-999ba158dbb2:group-7CEA97AB298A:LeaderElection12: begin an election at term 1 for -1: [ef60016b-37d8-4c81-9b85-999ba158dbb2:192.168.157.204:33362], old=null
2019-09-19 10:44:07,082 [ef60016b-37d8-4c81-9b85-999ba158dbb2:group-7CEA97AB298A:LeaderElection12] INFO  impl.RoleInfo (RoleInfo.java:shutdownLeaderElection(134)) - ef60016b-37d8-4c81-9b85-999ba158dbb2: shutdown LeaderElection
2019-09-19 10:44:07,082 [ef60016b-37d8-4c81-9b85-999ba158dbb2:group-7CEA97AB298A:LeaderElection12] INFO  impl.RaftServerImpl (RaftServerImpl.java:setRole(171)) - ef60016b-37d8-4c81-9b85-999ba158dbb2:group-7CEA97AB298A changes role from CANDIDATE to LEADER at term 1 for changeToLeader
2019-09-19 10:44:07,082 [ef60016b-37d8-4c81-9b85-999ba158dbb2:group-7CEA97AB298A:LeaderElection12] INFO  impl.RaftServerImpl (ServerState.java:setLeader(263)) - ef60016b-37d8-4c81-9b85-999ba158dbb2:group-7CEA97AB298A change Leader from null to ef60016b-37d8-4c81-9b85-999ba158dbb2 at term 1 for becomeLeader, leader elected after 5577ms
2019-09-19 10:44:07,082 [ef60016b-37d8-4c81-9b85-999ba158dbb2:group-7CEA97AB298A:LeaderElection12] INFO  server.RaftServerConfigKeys (ConfUtils.java:logGet(43)) - raft.server.staging.catchup.gap = 1000 (default)
2019-09-19 10:44:07,083 [ef60016b-37d8-4c81-9b85-999ba158dbb2:group-7CEA97AB298A:LeaderElection12] INFO  server.RaftServerConfigKeys (ConfUtils.java:logGet(43)) - raft.server.rpc.sleep.time = 25ms (default)
2019-09-19 10:44:07,083 [ef60016b-37d8-4c81-9b85-999ba158dbb2:group-7CEA97AB298A:LeaderElection12] INFO  server.RaftServerConfigKeys (ConfUtils.java:logGet(43)) - raft.server.write.element-limit = 4096 (default)
2019-09-19 10:44:07,083 [ef60016b-37d8-4c81-9b85-999ba158dbb2:group-7CEA97AB298A:LeaderElection12] INFO  server.RaftServerConfigKeys (ConfUtils.java:logGet(43)) - raft.server.watch.timeout = 10s (default)
2019-09-19 10:44:07,083 [ef60016b-37d8-4c81-9b85-999ba158dbb2:group-7CEA97AB298A:LeaderElection12] INFO  server.RaftServerConfigKeys (ConfUtils.java:logGet(43)) - raft.server.watch.timeout.denomination = 1s (default)
2019-09-19 10:44:07,083 [ef60016b-37d8-4c81-9b85-999ba158dbb2:group-7CEA97AB298A:LeaderElection12] INFO  server.RaftServerConfigKeys (ConfUtils.java:logGet(43)) - raft.server.watch.element-limit = 65536 (default)
2019-09-19 10:44:07,083 [ef60016b-37d8-4c81-9b85-999ba158dbb2:group-7CEA97AB298A:LeaderElection12] INFO  impl.RoleInfo (RoleInfo.java:updateAndGet(143)) - ef60016b-37d8-4c81-9b85-999ba158dbb2: start LeaderState
2019-09-19 10:44:07,084 [ef60016b-37d8-4c81-9b85-999ba158dbb2:group-7CEA97AB298A:LeaderElection12] INFO  segmented.SegmentedRaftLogWorker (SegmentedRaftLogWorker.java:startLogSegment(380)) - ef60016b-37d8-4c81-9b85-999ba158dbb2-SegmentedRaftLogWorker:Storage Directory /workdir/hadoop-ozone/tools/target/test-dir/MiniOzoneClusterImpl-906ca9d4-12e2-4885-9d3d-2383beb6722b/datanode-1/data/ratis/51c6c04e-aacb-4e82-ac56-7cea97ab298a: Starting segment from index:0
2019-09-19 10:44:07,084 [ef60016b-37d8-4c81-9b85-999ba158dbb2:group-7CEA97AB298A:LeaderElection12] INFO  impl.RaftServerImpl (ServerState.java:setRaftConf(361)) - ef60016b-37d8-4c81-9b85-999ba158dbb2:group-7CEA97AB298A set configuration 0: [ef60016b-37d8-4c81-9b85-999ba158dbb2:192.168.157.204:33362], old=null at 0
2019-09-19 10:44:07,155 [Thread-270] INFO  impl.FollowerState (FollowerState.java:run(106)) - 85d03201-45ec-4202-b725-1ee58b28f685:group-9B3ECAC46EA7 changes to CANDIDATE, lastRpcTime:5167, electionTimeout:5167ms
2019-09-19 10:44:07,155 [Thread-270] INFO  impl.RoleInfo (RoleInfo.java:shutdownFollowerState(121)) - 85d03201-45ec-4202-b725-1ee58b28f685: shutdown FollowerState
2019-09-19 10:44:07,155 [Thread-270] INFO  impl.RaftServerImpl (RaftServerImpl.java:setRole(171)) - 85d03201-45ec-4202-b725-1ee58b28f685:group-9B3ECAC46EA7 changes role from FOLLOWER to CANDIDATE at term 0 for changeToCandidate
2019-09-19 10:44:07,155 [Thread-270] INFO  impl.RoleInfo (RoleInfo.java:updateAndGet(143)) - 85d03201-45ec-4202-b725-1ee58b28f685: start LeaderElection
 100.00% |█████████████████████████████████████████████████████████████████████████████████████████████████████|  1/1 Time: 0:00:06
2019-09-19 10:44:07,259 [Thread-282] INFO  impl.FollowerState (FollowerState.java:run(106)) - 2d7fb44a-ac7a-4034-a2aa-4953f070935b:group-8ED0AB9EC8BE changes to CANDIDATE, lastRpcTime:5008, electionTimeout:5008ms
2019-09-19 10:44:07,259 [Thread-282] INFO  impl.RoleInfo (RoleInfo.java:shutdownFollowerState(121)) - 2d7fb44a-ac7a-4034-a2aa-4953f070935b: shutdown FollowerState
2019-09-19 10:44:07,259 [Thread-282] INFO  impl.RaftServerImpl (RaftServerImpl.java:setRole(171)) - 2d7fb44a-ac7a-4034-a2aa-4953f070935b:group-8ED0AB9EC8BE changes role from FOLLOWER to CANDIDATE at term 0 for changeToCandidate
2019-09-19 10:44:07,259 [Thread-282] INFO  impl.RoleInfo (RoleInfo.java:updateAndGet(143)) - 2d7fb44a-ac7a-4034-a2aa-4953f070935b: start LeaderElection
2019-09-19 10:44:07,263 [Thread-276] INFO  impl.FollowerState (FollowerState.java:run(106)) - e855218f-cb01-4dd8-a582-b24365f170a0:group-5A37DF2C0A69 changes to CANDIDATE, lastRpcTime:5136, electionTimeout:5136ms
2019-09-19 10:44:07,263 [Thread-276] INFO  impl.RoleInfo (RoleInfo.java:shutdownFollowerState(121)) - e855218f-cb01-4dd8-a582-b24365f170a0: shutdown FollowerState
2019-09-19 10:44:07,263 [Thread-276] INFO  impl.RaftServerImpl (RaftServerImpl.java:setRole(171)) - e855218f-cb01-4dd8-a582-b24365f170a0:group-5A37DF2C0A69 changes role from FOLLOWER to CANDIDATE at term 0 for changeToCandidate
2019-09-19 10:44:07,263 [Thread-276] INFO  impl.RoleInfo (RoleInfo.java:updateAndGet(143)) - e855218f-cb01-4dd8-a582-b24365f170a0: start LeaderElection
2019-09-19 10:44:07,293 [Thread-279] INFO  impl.FollowerState (FollowerState.java:run(106)) - 85d03201-45ec-4202-b725-1ee58b28f685:group-22D9A6687F30 changes to CANDIDATE, lastRpcTime:5086, electionTimeout:5086ms
2019-09-19 10:44:07,293 [Thread-279] INFO  impl.RoleInfo (RoleInfo.java:shutdownFollowerState(121)) - 85d03201-45ec-4202-b725-1ee58b28f685: shutdown FollowerState
2019-09-19 10:44:07,293 [Thread-279] INFO  impl.RaftServerImpl (RaftServerImpl.java:setRole(171)) - 85d03201-45ec-4202-b725-1ee58b28f685:group-22D9A6687F30 changes role from FOLLOWER to CANDIDATE at term 0 for changeToCandidate
2019-09-19 10:44:07,293 [Thread-279] INFO  impl.RoleInfo (RoleInfo.java:updateAndGet(143)) - 85d03201-45ec-4202-b725-1ee58b28f685: start LeaderElection
2019-09-19 10:44:07,407 [Thread-288] INFO  impl.FollowerState (FollowerState.java:run(106)) - 470b673e-7c3c-4972-9ac8-3342d713d76f:group-B6C108F2066D changes to CANDIDATE, lastRpcTime:5062, electionTimeout:5062ms
2019-09-19 10:44:07,407 [Thread-288] INFO  impl.RoleInfo (RoleInfo.java:shutdownFollowerState(121)) - 470b673e-7c3c-4972-9ac8-3342d713d76f: shutdown FollowerState
2019-09-19 10:44:07,407 [Thread-288] INFO  impl.RaftServerImpl (RaftServerImpl.java:setRole(171)) - 470b673e-7c3c-4972-9ac8-3342d713d76f:group-B6C108F2066D changes role from FOLLOWER to CANDIDATE at term 0 for changeToCandidate
2019-09-19 10:44:07,408 [Thread-288] INFO  impl.RoleInfo (RoleInfo.java:updateAndGet(143)) - 470b673e-7c3c-4972-9ac8-3342d713d76f: start LeaderElection
2019-09-19 10:44:07,412 [Thread-285] INFO  impl.FollowerState (FollowerState.java:run(106)) - 2d7fb44a-ac7a-4034-a2aa-4953f070935b:group-D84DAF65D89D changes to CANDIDATE, lastRpcTime:5117, electionTimeout:5117ms
2019-09-19 10:44:07,412 [Thread-285] INFO  impl.RoleInfo (RoleInfo.java:shutdownFollowerState(121)) - 2d7fb44a-ac7a-4034-a2aa-4953f070935b: shutdown FollowerState
2019-09-19 10:44:07,412 [Thread-285] INFO  impl.RaftServerImpl (RaftServerImpl.java:setRole(171)) - 2d7fb44a-ac7a-4034-a2aa-4953f070935b:group-D84DAF65D89D changes role from FOLLOWER to CANDIDATE at term 0 for changeToCandidate
2019-09-19 10:44:07,412 [Thread-285] INFO  impl.RoleInfo (RoleInfo.java:updateAndGet(143)) - 2d7fb44a-ac7a-4034-a2aa-4953f070935b: start LeaderElection
2019-09-19 10:44:07,488 | INFO  | SCMAudit | user=jenkins1000 | ip=192.168.157.204 | op=SEND_HEARTBEAT {datanodeUUID=2d7fb44a-ac7a-4034-a2aa-4953f070935b, command=[]} | ret=SUCCESS |  
2019-09-19 10:44:07,515 [e855218f-cb01-4dd8-a582-b24365f170a0:group-828FF88F3F94:LeaderElection16] INFO  impl.LeaderElection (LeaderElection.java:askForVotes(181)) - e855218f-cb01-4dd8-a582-b24365f170a0:group-828FF88F3F94:LeaderElection16: begin an election at term 1 for -1: [e855218f-cb01-4dd8-a582-b24365f170a0:192.168.157.204:43344], old=null
2019-09-19 10:44:07,516 [2d7fb44a-ac7a-4034-a2aa-4953f070935b:group-E65BC2414754:LeaderElection18] INFO  impl.LeaderElection (LeaderElection.java:askForVotes(181)) - 2d7fb44a-ac7a-4034-a2aa-4953f070935b:group-E65BC2414754:LeaderElection18: begin an election at term 1 for -1: [2d7fb44a-ac7a-4034-a2aa-4953f070935b:192.168.157.204:33301], old=null
2019-09-19 10:44:07,516 [e855218f-cb01-4dd8-a582-b24365f170a0:group-828FF88F3F94:LeaderElection16] INFO  impl.RoleInfo (RoleInfo.java:shutdownLeaderElection(134)) - e855218f-cb01-4dd8-a582-b24365f170a0: shutdown LeaderElection
2019-09-19 10:44:07,515 [ef60016b-37d8-4c81-9b85-999ba158dbb2:group-D907A35D7911:LeaderElection17] INFO  impl.LeaderElection (LeaderElection.java:askForVotes(181)) - ef60016b-37d8-4c81-9b85-999ba158dbb2:group-D907A35D7911:LeaderElection17: begin an election at term 1 for -1: [ef60016b-37d8-4c81-9b85-999ba158dbb2:192.168.157.204:33362], old=null
2019-09-19 10:44:07,515 [85d03201-45ec-4202-b725-1ee58b28f685:group-19BE61379F03:LeaderElection15] INFO  impl.LeaderElection (LeaderElection.java:askForVotes(181)) - 85d03201-45ec-4202-b725-1ee58b28f685:group-19BE61379F03:LeaderElection15: begin an election at term 1 for -1: [85d03201-45ec-4202-b725-1ee58b28f685:192.168.157.204:34005], old=null
2019-09-19 10:44:07,515 [ef60016b-37d8-4c81-9b85-999ba158dbb2:group-BD53F5DDF546:LeaderElection13] INFO  impl.LeaderElection (LeaderElection.java:askForVotes(181)) - ef60016b-37d8-4c81-9b85-999ba158dbb2:group-BD53F5DDF546:LeaderElection13: begin an election at term 1 for -1: [ef60016b-37d8-4c81-9b85-999ba158dbb2:192.168.157.204:33362], old=null
2019-09-19 10:44:07,515 [ef60016b-37d8-4c81-9b85-999ba158dbb2:group-C4F3F4E1C43D:LeaderElection14] INFO  impl.LeaderElection (LeaderElection.java:askForVotes(181)) - ef60016b-37d8-4c81-9b85-999ba158dbb2:group-C4F3F4E1C43D:LeaderElection14: begin an election at term 1 for -1: [ef60016b-37d8-4c81-9b85-999ba158dbb2:192.168.157.204:33362], old=null
2019-09-19 10:44:07,517 [ef60016b-37d8-4c81-9b85-999ba158dbb2:group-BD53F5DDF546:LeaderElection13] INFO  impl.RoleInfo (RoleInfo.java:shutdownLeaderElection(134)) - ef60016b-37d8-4c81-9b85-999ba158dbb2: shutdown LeaderElection
2019-09-19 10:44:07,516 [85d03201-45ec-4202-b725-1ee58b28f685:group-19BE61379F03:LeaderElection15] INFO  impl.RoleInfo (RoleInfo.java:shutdownLeaderElection(134)) - 85d03201-45ec-4202-b725-1ee58b28f685: shutdown LeaderElection
2019-09-19 10:44:07,516 [ef60016b-37d8-4c81-9b85-999ba158dbb2:group-D907A35D7911:LeaderElection17] INFO  impl.RoleInfo (RoleInfo.java:shutdownLeaderElection(134)) - ef60016b-37d8-4c81-9b85-999ba158dbb2: shutdown LeaderElection
2019-09-19 10:44:07,516 [e855218f-cb01-4dd8-a582-b24365f170a0:group-828FF88F3F94:LeaderElection16] INFO  impl.RaftServerImpl (RaftServerImpl.java:setRole(171)) - e855218f-cb01-4dd8-a582-b24365f170a0:group-828FF88F3F94 changes role from CANDIDATE to LEADER at term 1 for changeToLeader
2019-09-19 10:44:07,517 [e855218f-cb01-4dd8-a582-b24365f170a0:group-828FF88F3F94:LeaderElection16] INFO  impl.RaftServerImpl (ServerState.java:setLeader(263)) - e855218f-cb01-4dd8-a582-b24365f170a0:group-828FF88F3F94 change Leader from null to e855218f-cb01-4dd8-a582-b24365f170a0 at term 1 for becomeLeader, leader elected after 5695ms
2019-09-19 10:44:07,516 [2d7fb44a-ac7a-4034-a2aa-4953f070935b:group-E65BC2414754:LeaderElection18] INFO  impl.RoleInfo (RoleInfo.java:shutdownLeaderElection(134)) - 2d7fb44a-ac7a-4034-a2aa-4953f070935b: shutdown LeaderElection
2019-09-19 10:44:07,518 [e855218f-cb01-4dd8-a582-b24365f170a0:group-828FF88F3F94:LeaderElection16] INFO  server.RaftServerConfigKeys (ConfUtils.java:logGet(43)) - raft.server.staging.catchup.gap = 1000 (default)
2019-09-19 10:44:07,517 [ef60016b-37d8-4c81-9b85-999ba158dbb2:group-D907A35D7911:LeaderElection17] INFO  impl.RaftServerImpl (RaftServerImpl.java:setRole(171)) - ef60016b-37d8-4c81-9b85-999ba158dbb2:group-D907A35D7911 changes role from CANDIDATE to LEADER at term 1 for changeToLeader
2019-09-19 10:44:07,517 [85d03201-45ec-4202-b725-1ee58b28f685:group-19BE61379F03:LeaderElection15] INFO  impl.RaftServerImpl (RaftServerImpl.java:setRole(171)) - 85d03201-45ec-4202-b725-1ee58b28f685:group-19BE61379F03 changes role from CANDIDATE to LEADER at term 1 for changeToLeader
2019-09-19 10:44:07,517 [ef60016b-37d8-4c81-9b85-999ba158dbb2:group-BD53F5DDF546:LeaderElection13] INFO  impl.RaftServerImpl (RaftServerImpl.java:setRole(171)) - ef60016b-37d8-4c81-9b85-999ba158dbb2:group-BD53F5DDF546 changes role from CANDIDATE to LEADER at term 1 for changeToLeader
2019-09-19 10:44:07,517 [ef60016b-37d8-4c81-9b85-999ba158dbb2:group-C4F3F4E1C43D:LeaderElection14] INFO  impl.RoleInfo (RoleInfo.java:shutdownLeaderElection(134)) - ef60016b-37d8-4c81-9b85-999ba158dbb2: shutdown LeaderElection
2019-09-19 10:44:07,518 [ef60016b-37d8-4c81-9b85-999ba158dbb2:group-BD53F5DDF546:LeaderElection13] INFO  impl.RaftServerImpl (ServerState.java:setLeader(263)) - ef60016b-37d8-4c81-9b85-999ba158dbb2:group-BD53F5DDF546 change Leader from null to ef60016b-37d8-4c81-9b85-999ba158dbb2 at term 1 for becomeLeader, leader elected after 5835ms
2019-09-19 10:44:07,518 [85d03201-45ec-4202-b725-1ee58b28f685:group-19BE61379F03:LeaderElection15] INFO  impl.RaftServerImpl (ServerState.java:setLeader(263)) - 85d03201-45ec-4202-b725-1ee58b28f685:group-19BE61379F03 change Leader from null to 85d03201-45ec-4202-b725-1ee58b28f685 at term 1 for becomeLeader, leader elected after 5755ms
2019-09-19 10:44:07,518 [ef60016b-37d8-4c81-9b85-999ba158dbb2:group-D907A35D7911:LeaderElection17] INFO  impl.RaftServerImpl (ServerState.java:setLeader(263)) - ef60016b-37d8-4c81-9b85-999ba158dbb2:group-D907A35D7911 change Leader from null to ef60016b-37d8-4c81-9b85-999ba158dbb2 at term 1 for becomeLeader, leader elected after 5644ms
2019-09-19 10:44:07,518 [e855218f-cb01-4dd8-a582-b24365f170a0:group-828FF88F3F94:LeaderElection16] INFO  server.RaftServerConfigKeys (ConfUtils.java:logGet(43)) - raft.server.rpc.sleep.time = 25ms (default)
2019-09-19 10:44:07,518 [2d7fb44a-ac7a-4034-a2aa-4953f070935b:group-E65BC2414754:LeaderElection18] INFO  impl.RaftServerImpl (RaftServerImpl.java:setRole(171)) - 2d7fb44a-ac7a-4034-a2aa-4953f070935b:group-E65BC2414754 changes role from CANDIDATE to LEADER at term 1 for changeToLeader
2019-09-19 10:44:07,519 [ef60016b-37d8-4c81-9b85-999ba158dbb2:group-D907A35D7911:LeaderElection17] INFO  server.RaftServerConfigKeys (ConfUtils.java:logGet(43)) - raft.server.staging.catchup.gap = 1000 (default)
2019-09-19 10:44:07,519 [85d03201-45ec-4202-b725-1ee58b28f685:group-19BE61379F03:LeaderElection15] INFO  server.RaftServerConfigKeys (ConfUtils.java:logGet(43)) - raft.server.staging.catchup.gap = 1000 (default)
2019-09-19 10:44:07,519 [ef60016b-37d8-4c81-9b85-999ba158dbb2:group-BD53F5DDF546:LeaderElection13] INFO  server.RaftServerConfigKeys (ConfUtils.java:logGet(43)) - raft.server.staging.catchup.gap = 1000 (default)
2019-09-19 10:44:07,518 [ef60016b-37d8-4c81-9b85-999ba158dbb2:group-C4F3F4E1C43D:LeaderElection14] INFO  impl.RaftServerImpl (RaftServerImpl.java:setRole(171)) - ef60016b-37d8-4c81-9b85-999ba158dbb2:group-C4F3F4E1C43D changes role from CANDIDATE to LEADER at term 1 for changeToLeader
2019-09-19 10:44:07,520 [ef60016b-37d8-4c81-9b85-999ba158dbb2:group-BD53F5DDF546:LeaderElection13] INFO  server.RaftServerConfigKeys (ConfUtils.java:logGet(43)) - raft.server.rpc.sleep.time = 25ms (default)
2019-09-19 10:44:07,520 [85d03201-45ec-4202-b725-1ee58b28f685:group-19BE61379F03:LeaderElection15] INFO  server.RaftServerConfigKeys (ConfUtils.java:logGet(43)) - raft.server.rpc.sleep.time = 25ms (default)
2019-09-19 10:44:07,519 [ef60016b-37d8-4c81-9b85-999ba158dbb2:group-D907A35D7911:LeaderElection17] INFO  server.RaftServerConfigKeys (ConfUtils.java:logGet(43)) - raft.server.rpc.sleep.time = 25ms (default)
2019-09-19 10:44:07,519 [2d7fb44a-ac7a-4034-a2aa-4953f070935b:group-E65BC2414754:LeaderElection18] INFO  impl.RaftServerImpl (ServerState.java:setLeader(263)) - 2d7fb44a-ac7a-4034-a2aa-4953f070935b:group-E65BC2414754 change Leader from null to 2d7fb44a-ac7a-4034-a2aa-4953f070935b at term 1 for becomeLeader, leader elected after 5585ms
2019-09-19 10:44:07,519 [e855218f-cb01-4dd8-a582-b24365f170a0:group-828FF88F3F94:LeaderElection16] INFO  server.RaftServerConfigKeys (ConfUtils.java:logGet(43)) - raft.server.write.element-limit = 4096 (default)
2019-09-19 10:44:07,521 [2d7fb44a-ac7a-4034-a2aa-4953f070935b:group-E65BC2414754:LeaderElection18] INFO  server.RaftServerConfigKeys (ConfUtils.java:logGet(43)) - raft.server.staging.catchup.gap = 1000 (default)
2019-09-19 10:44:07,521 [ef60016b-37d8-4c81-9b85-999ba158dbb2:group-D907A35D7911:LeaderElection17] INFO  server.RaftServerConfigKeys (ConfUtils.java:logGet(43)) - raft.server.write.element-limit = 4096 (default)
2019-09-19 10:44:07,520 [85d03201-45ec-4202-b725-1ee58b28f685:group-19BE61379F03:LeaderElection15] INFO  server.RaftServerConfigKeys (ConfUtils.java:logGet(43)) - raft.server.write.element-limit = 4096 (default)
2019-09-19 10:44:07,520 [ef60016b-37d8-4c81-9b85-999ba158dbb2:group-BD53F5DDF546:LeaderElection13] INFO  server.RaftServerConfigKeys (ConfUtils.java:logGet(43)) - raft.server.write.element-limit = 4096 (default)
2019-09-19 10:44:07,520 [ef60016b-37d8-4c81-9b85-999ba158dbb2:group-C4F3F4E1C43D:LeaderElection14] INFO  impl.RaftServerImpl (ServerState.java:setLeader(263)) - ef60016b-37d8-4c81-9b85-999ba158dbb2:group-C4F3F4E1C43D change Leader from null to ef60016b-37d8-4c81-9b85-999ba158dbb2 at term 1 for becomeLeader, leader elected after 5898ms
2019-09-19 10:44:07,522 [ef60016b-37d8-4c81-9b85-999ba158dbb2:group-BD53F5DDF546:LeaderElection13] INFO  server.RaftServerConfigKeys (ConfUtils.java:logGet(43)) - raft.server.watch.timeout = 10s (default)
2019-09-19 10:44:07,521 [85d03201-45ec-4202-b725-1ee58b28f685:group-19BE61379F03:LeaderElection15] INFO  server.RaftServerConfigKeys (ConfUtils.java:logGet(43)) - raft.server.watch.timeout = 10s (default)
2019-09-19 10:44:07,521 [ef60016b-37d8-4c81-9b85-999ba158dbb2:group-D907A35D7911:LeaderElection17] INFO  server.RaftServerConfigKeys (ConfUtils.java:logGet(43)) - raft.server.watch.timeout = 10s (default)
2019-09-19 10:44:07,521 [2d7fb44a-ac7a-4034-a2aa-4953f070935b:group-E65BC2414754:LeaderElection18] INFO  server.RaftServerConfigKeys (ConfUtils.java:logGet(43)) - raft.server.rpc.sleep.time = 25ms (default)
2019-09-19 10:44:07,521 [e855218f-cb01-4dd8-a582-b24365f170a0:group-828FF88F3F94:LeaderElection16] INFO  server.RaftServerConfigKeys (ConfUtils.java:logGet(43)) - raft.server.watch.timeout = 10s (default)
2019-09-19 10:44:07,522 [2d7fb44a-ac7a-4034-a2aa-4953f070935b:group-E65BC2414754:LeaderElection18] INFO  server.RaftServerConfigKeys (ConfUtils.java:logGet(43)) - raft.server.write.element-limit = 4096 (default)
2019-09-19 10:44:07,523 [e855218f-cb01-4dd8-a582-b24365f170a0:group-828FF88F3F94:LeaderElection16] INFO  server.RaftServerConfigKeys (ConfUtils.java:logGet(43)) - raft.server.watch.timeout.denomination = 1s (default)
2019-09-19 10:44:07,522 [ef60016b-37d8-4c81-9b85-999ba158dbb2:group-D907A35D7911:LeaderElection17] INFO  server.RaftServerConfigKeys (ConfUtils.java:logGet(43)) - raft.server.watch.timeout.denomination = 1s (default)
2019-09-19 10:44:07,522 [85d03201-45ec-4202-b725-1ee58b28f685:group-19BE61379F03:LeaderElection15] INFO  server.RaftServerConfigKeys (ConfUtils.java:logGet(43)) - raft.server.watch.timeout.denomination = 1s (default)
2019-09-19 10:44:07,522 [ef60016b-37d8-4c81-9b85-999ba158dbb2:group-BD53F5DDF546:LeaderElection13] INFO  server.RaftServerConfigKeys (ConfUtils.java:logGet(43)) - raft.server.watch.timeout.denomination = 1s (default)
2019-09-19 10:44:07,522 [ef60016b-37d8-4c81-9b85-999ba158dbb2:group-C4F3F4E1C43D:LeaderElection14] INFO  server.RaftServerConfigKeys (ConfUtils.java:logGet(43)) - raft.server.staging.catchup.gap = 1000 (default)
2019-09-19 10:44:07,523 [ef60016b-37d8-4c81-9b85-999ba158dbb2:group-BD53F5DDF546:LeaderElection13] INFO  server.RaftServerConfigKeys (ConfUtils.java:logGet(43)) - raft.server.watch.element-limit = 65536 (default)
2019-09-19 10:44:07,523 [85d03201-45ec-4202-b725-1ee58b28f685:group-19BE61379F03:LeaderElection15] INFO  server.RaftServerConfigKeys (ConfUtils.java:logGet(43)) - raft.server.watch.element-limit = 65536 (default)
2019-09-19 10:44:07,524 [ef60016b-37d8-4c81-9b85-999ba158dbb2:group-BD53F5DDF546:LeaderElection13] INFO  impl.RoleInfo (RoleInfo.java:updateAndGet(143)) - ef60016b-37d8-4c81-9b85-999ba158dbb2: start LeaderState
2019-09-19 10:44:07,523 [ef60016b-37d8-4c81-9b85-999ba158dbb2:group-D907A35D7911:LeaderElection17] INFO  server.RaftServerConfigKeys (ConfUtils.java:logGet(43)) - raft.server.watch.element-limit = 65536 (default)
2019-09-19 10:44:07,523 [e855218f-cb01-4dd8-a582-b24365f170a0:group-828FF88F3F94:LeaderElection16] INFO  server.RaftServerConfigKeys (ConfUtils.java:logGet(43)) - raft.server.watch.element-limit = 65536 (default)
2019-09-19 10:44:07,523 [2d7fb44a-ac7a-4034-a2aa-4953f070935b:group-E65BC2414754:LeaderElection18] INFO  server.RaftServerConfigKeys (ConfUtils.java:logGet(43)) - raft.server.watch.timeout = 10s (default)
2019-09-19 10:44:07,525 [e855218f-cb01-4dd8-a582-b24365f170a0:group-828FF88F3F94:LeaderElection16] INFO  impl.RoleInfo (RoleInfo.java:updateAndGet(143)) - e855218f-cb01-4dd8-a582-b24365f170a0: start LeaderState
2019-09-19 10:44:07,524 [ef60016b-37d8-4c81-9b85-999ba158dbb2:group-D907A35D7911:LeaderElection17] INFO  impl.RoleInfo (RoleInfo.java:updateAndGet(143)) - ef60016b-37d8-4c81-9b85-999ba158dbb2: start LeaderState
2019-09-19 10:44:07,524 [ef60016b-37d8-4c81-9b85-999ba158dbb2:group-BD53F5DDF546:LeaderElection13] INFO  segmented.SegmentedRaftLogWorker (SegmentedRaftLogWorker.java:startLogSegment(380)) - ef60016b-37d8-4c81-9b85-999ba158dbb2-SegmentedRaftLogWorker:Storage Directory /workdir/hadoop-ozone/tools/target/test-dir/MiniOzoneClusterImpl-906ca9d4-12e2-4885-9d3d-2383beb6722b/datanode-1/data/ratis/16b3d896-90d6-454b-8acf-bd53f5ddf546: Starting segment from index:0
2019-09-19 10:44:07,524 [85d03201-45ec-4202-b725-1ee58b28f685:group-19BE61379F03:LeaderElection15] INFO  impl.RoleInfo (RoleInfo.java:updateAndGet(143)) - 85d03201-45ec-4202-b725-1ee58b28f685: start LeaderState
2019-09-19 10:44:07,523 [ef60016b-37d8-4c81-9b85-999ba158dbb2:group-C4F3F4E1C43D:LeaderElection14] INFO  server.RaftServerConfigKeys (ConfUtils.java:logGet(43)) - raft.server.rpc.sleep.time = 25ms (default)
2019-09-19 10:44:07,526 [85d03201-45ec-4202-b725-1ee58b28f685:group-19BE61379F03:LeaderElection15] INFO  segmented.SegmentedRaftLogWorker (SegmentedRaftLogWorker.java:startLogSegment(380)) - 85d03201-45ec-4202-b725-1ee58b28f685-SegmentedRaftLogWorker:Storage Directory /workdir/hadoop-ozone/tools/target/test-dir/MiniOzoneClusterImpl-906ca9d4-12e2-4885-9d3d-2383beb6722b/datanode-0/data/ratis/198e2a9d-b239-40e0-9120-19be61379f03: Starting segment from index:0
2019-09-19 10:44:07,525 [ef60016b-37d8-4c81-9b85-999ba158dbb2:group-D907A35D7911:LeaderElection17] INFO  segmented.SegmentedRaftLogWorker (SegmentedRaftLogWorker.java:startLogSegment(380)) - ef60016b-37d8-4c81-9b85-999ba158dbb2-SegmentedRaftLogWorker:Storage Directory /workdir/hadoop-ozone/tools/target/test-dir/MiniOzoneClusterImpl-906ca9d4-12e2-4885-9d3d-2383beb6722b/datanode-1/data/ratis/f3a9bc09-df85-4289-95b3-d907a35d7911: Starting segment from index:0
2019-09-19 10:44:07,525 [e855218f-cb01-4dd8-a582-b24365f170a0:group-828FF88F3F94:LeaderElection16] INFO  segmented.SegmentedRaftLogWorker (SegmentedRaftLogWorker.java:startLogSegment(380)) - e855218f-cb01-4dd8-a582-b24365f170a0-SegmentedRaftLogWorker:Storage Directory /workdir/hadoop-ozone/tools/target/test-dir/MiniOzoneClusterImpl-906ca9d4-12e2-4885-9d3d-2383beb6722b/datanode-2/data/ratis/abbb4761-ae19-44fa-81ba-828ff88f3f94: Starting segment from index:0
2019-09-19 10:44:07,525 [2d7fb44a-ac7a-4034-a2aa-4953f070935b:group-E65BC2414754:LeaderElection18] INFO  server.RaftServerConfigKeys (ConfUtils.java:logGet(43)) - raft.server.watch.timeout.denomination = 1s (default)
2019-09-19 10:44:07,526 [85d03201-45ec-4202-b725-1ee58b28f685:group-19BE61379F03:LeaderElection15] INFO  impl.RaftServerImpl (ServerState.java:setRaftConf(361)) - 85d03201-45ec-4202-b725-1ee58b28f685:group-19BE61379F03 set configuration 0: [85d03201-45ec-4202-b725-1ee58b28f685:192.168.157.204:34005], old=null at 0
2019-09-19 10:44:07,526 [ef60016b-37d8-4c81-9b85-999ba158dbb2:group-BD53F5DDF546:LeaderElection13] INFO  impl.RaftServerImpl (ServerState.java:setRaftConf(361)) - ef60016b-37d8-4c81-9b85-999ba158dbb2:group-BD53F5DDF546 set configuration 0: [ef60016b-37d8-4c81-9b85-999ba158dbb2:192.168.157.204:33362], old=null at 0
2019-09-19 10:44:07,583 [2d7fb44a-ac7a-4034-a2aa-4953f070935b:group-D84DAF65D89D:LeaderElection25] INFO  impl.LeaderElection (LeaderElection.java:askForVotes(181)) - 2d7fb44a-ac7a-4034-a2aa-4953f070935b:group-D84DAF65D89D:LeaderElection25: begin an election at term 1 for -1: [2d7fb44a-ac7a-4034-a2aa-4953f070935b:192.168.157.204:33301], old=null
2019-09-19 10:44:07,526 [ef60016b-37d8-4c81-9b85-999ba158dbb2:group-C4F3F4E1C43D:LeaderElection14] INFO  server.RaftServerConfigKeys (ConfUtils.java:logGet(43)) - raft.server.write.element-limit = 4096 (default)
2019-09-19 10:44:07,585 [2d7fb44a-ac7a-4034-a2aa-4953f070935b:group-D84DAF65D89D:LeaderElection25] INFO  impl.RoleInfo (RoleInfo.java:shutdownLeaderElection(134)) - 2d7fb44a-ac7a-4034-a2aa-4953f070935b: shutdown LeaderElection
2019-09-19 10:44:07,585 [2d7fb44a-ac7a-4034-a2aa-4953f070935b:group-D84DAF65D89D:LeaderElection25] INFO  impl.RaftServerImpl (RaftServerImpl.java:setRole(171)) - 2d7fb44a-ac7a-4034-a2aa-4953f070935b:group-D84DAF65D89D changes role from CANDIDATE to LEADER at term 1 for changeToLeader
2019-09-19 10:44:07,583 [e855218f-cb01-4dd8-a582-b24365f170a0:group-828FF88F3F94:LeaderElection16] INFO  impl.RaftServerImpl (ServerState.java:setRaftConf(361)) - e855218f-cb01-4dd8-a582-b24365f170a0:group-828FF88F3F94 set configuration 0: [e855218f-cb01-4dd8-a582-b24365f170a0:192.168.157.204:43344], old=null at 0
2019-09-19 10:44:07,583 [470b673e-7c3c-4972-9ac8-3342d713d76f:group-B6C108F2066D:LeaderElection24] INFO  impl.LeaderElection (LeaderElection.java:askForVotes(181)) - 470b673e-7c3c-4972-9ac8-3342d713d76f:group-B6C108F2066D:LeaderElection24: begin an election at term 1 for -1: [470b673e-7c3c-4972-9ac8-3342d713d76f:192.168.157.204:38229], old=null
2019-09-19 10:44:07,587 | INFO  | SCMAudit | user=jenkins1000 | ip=192.168.157.204 | op=SEND_HEARTBEAT {datanodeUUID=e855218f-cb01-4dd8-a582-b24365f170a0, command=[]} | ret=SUCCESS |  
2019-09-19 10:44:07,583 [e855218f-cb01-4dd8-a582-b24365f170a0:group-5A37DF2C0A69:LeaderElection22] INFO  impl.LeaderElection (LeaderElection.java:askForVotes(181)) - e855218f-cb01-4dd8-a582-b24365f170a0:group-5A37DF2C0A69:LeaderElection22: begin an election at term 1 for -1: [e855218f-cb01-4dd8-a582-b24365f170a0:192.168.157.204:43344], old=null
2019-09-19 10:44:07,583 [85d03201-45ec-4202-b725-1ee58b28f685:group-22D9A6687F30:LeaderElection23] INFO  impl.LeaderElection (LeaderElection.java:askForVotes(181)) - 85d03201-45ec-4202-b725-1ee58b28f685:group-22D9A6687F30:LeaderElection23: begin an election at term 1 for -1: [85d03201-45ec-4202-b725-1ee58b28f685:192.168.157.204:34005], old=null
2019-09-19 10:44:07,583 [2d7fb44a-ac7a-4034-a2aa-4953f070935b:group-8ED0AB9EC8BE:LeaderElection21] INFO  impl.LeaderElection (LeaderElection.java:askForVotes(181)) - 2d7fb44a-ac7a-4034-a2aa-4953f070935b:group-8ED0AB9EC8BE:LeaderElection21: begin an election at term 1 for -1: [2d7fb44a-ac7a-4034-a2aa-4953f070935b:192.168.157.204:33301], old=null
2019-09-19 10:44:07,583 [e855218f-cb01-4dd8-a582-b24365f170a0:group-F93B477B0242:LeaderElection19] INFO  impl.LeaderElection (LeaderElection.java:askForVotes(181)) - e855218f-cb01-4dd8-a582-b24365f170a0:group-F93B477B0242:LeaderElection19: begin an election at term 1 for -1: [e855218f-cb01-4dd8-a582-b24365f170a0:192.168.157.204:43344], old=null
2019-09-19 10:44:07,583 [85d03201-45ec-4202-b725-1ee58b28f685:group-9B3ECAC46EA7:LeaderElection20] INFO  impl.LeaderElection (LeaderElection.java:askForVotes(181)) - 85d03201-45ec-4202-b725-1ee58b28f685:group-9B3ECAC46EA7:LeaderElection20: begin an election at term 1 for -1: [85d03201-45ec-4202-b725-1ee58b28f685:192.168.157.204:34005], old=null
2019-09-19 10:44:07,583 [Thread-291] INFO  impl.FollowerState (FollowerState.java:run(106)) - 2d7fb44a-ac7a-4034-a2aa-4953f070935b:group-5EC86D188DA7 changes to CANDIDATE, lastRpcTime:5192, electionTimeout:5192ms
2019-09-19 10:44:07,583 [ef60016b-37d8-4c81-9b85-999ba158dbb2-SegmentedRaftLogWorker:Storage Directory /workdir/hadoop-ozone/tools/target/test-dir/MiniOzoneClusterImpl-906ca9d4-12e2-4885-9d3d-2383beb6722b/datanode-1/data/ratis/51c6c04e-aacb-4e82-ac56-7cea97ab298a] INFO  segmented.SegmentedRaftLogWorker (SegmentedRaftLogWorker.java:execute(569)) - ef60016b-37d8-4c81-9b85-999ba158dbb2-SegmentedRaftLogWorker:Storage Directory /workdir/hadoop-ozone/tools/target/test-dir/MiniOzoneClusterImpl-906ca9d4-12e2-4885-9d3d-2383beb6722b/datanode-1/data/ratis/51c6c04e-aacb-4e82-ac56-7cea97ab298a: created new log segment /workdir/hadoop-ozone/tools/target/test-dir/MiniOzoneClusterImpl-906ca9d4-12e2-4885-9d3d-2383beb6722b/datanode-1/data/ratis/51c6c04e-aacb-4e82-ac56-7cea97ab298a/current/log_inprogress_0
2019-09-19 10:44:07,583 [Thread-294] INFO  impl.FollowerState (FollowerState.java:run(106)) - 470b673e-7c3c-4972-9ac8-3342d713d76f:group-A7BB0B84F42F changes to CANDIDATE, lastRpcTime:5135, electionTimeout:5130ms
2019-09-19 10:44:07,588 [Thread-294] INFO  impl.RoleInfo (RoleInfo.java:shutdownFollowerState(121)) - 470b673e-7c3c-4972-9ac8-3342d713d76f: shutdown FollowerState
2019-09-19 10:44:07,527 [2d7fb44a-ac7a-4034-a2aa-4953f070935b:group-E65BC2414754:LeaderElection18] INFO  server.RaftServerConfigKeys (ConfUtils.java:logGet(43)) - raft.server.watch.element-limit = 65536 (default)
2019-09-19 10:44:07,526 [ef60016b-37d8-4c81-9b85-999ba158dbb2:group-D907A35D7911:LeaderElection17] INFO  impl.RaftServerImpl (ServerState.java:setRaftConf(361)) - ef60016b-37d8-4c81-9b85-999ba158dbb2:group-D907A35D7911 set configuration 0: [ef60016b-37d8-4c81-9b85-999ba158dbb2:192.168.157.204:33362], old=null at 0
2019-09-19 10:44:07,589 [2d7fb44a-ac7a-4034-a2aa-4953f070935b:group-E65BC2414754:LeaderElection18] INFO  impl.RoleInfo (RoleInfo.java:updateAndGet(143)) - 2d7fb44a-ac7a-4034-a2aa-4953f070935b: start LeaderState
2019-09-19 10:44:07,589 [Thread-294] INFO  impl.RaftServerImpl (RaftServerImpl.java:setRole(171)) - 470b673e-7c3c-4972-9ac8-3342d713d76f:group-A7BB0B84F42F changes role from FOLLOWER to CANDIDATE at term 0 for changeToCandidate
2019-09-19 10:44:07,591 [2d7fb44a-ac7a-4034-a2aa-4953f070935b:group-E65BC2414754:LeaderElection18] INFO  segmented.SegmentedRaftLogWorker (SegmentedRaftLogWorker.java:startLogSegment(380)) - 2d7fb44a-ac7a-4034-a2aa-4953f070935b-SegmentedRaftLogWorker:Storage Directory /workdir/hadoop-ozone/tools/target/test-dir/MiniOzoneClusterImpl-906ca9d4-12e2-4885-9d3d-2383beb6722b/datanode-3/data/ratis/a8c68d53-df0c-427c-a56f-e65bc2414754: Starting segment from index:0
2019-09-19 10:44:07,588 [Thread-291] INFO  impl.RoleInfo (RoleInfo.java:shutdownFollowerState(121)) - 2d7fb44a-ac7a-4034-a2aa-4953f070935b: shutdown FollowerState
2019-09-19 10:44:07,588 [85d03201-45ec-4202-b725-1ee58b28f685:group-9B3ECAC46EA7:LeaderElection20] INFO  impl.RoleInfo (RoleInfo.java:shutdownLeaderElection(134)) - 85d03201-45ec-4202-b725-1ee58b28f685: shutdown LeaderElection
2019-09-19 10:44:07,591 [85d03201-45ec-4202-b725-1ee58b28f685:group-9B3ECAC46EA7:LeaderElection20] INFO  impl.RaftServerImpl (RaftServerImpl.java:setRole(171)) - 85d03201-45ec-4202-b725-1ee58b28f685:group-9B3ECAC46EA7 changes role from CANDIDATE to LEADER at term 1 for changeToLeader
2019-09-19 10:44:07,588 [e855218f-cb01-4dd8-a582-b24365f170a0:group-F93B477B0242:LeaderElection19] INFO  impl.RoleInfo (RoleInfo.java:shutdownLeaderElection(134)) - e855218f-cb01-4dd8-a582-b24365f170a0: shutdown LeaderElection
2019-09-19 10:44:07,588 [2d7fb44a-ac7a-4034-a2aa-4953f070935b:group-8ED0AB9EC8BE:LeaderElection21] INFO  impl.RoleInfo (RoleInfo.java:shutdownLeaderElection(134)) - 2d7fb44a-ac7a-4034-a2aa-4953f070935b: shutdown LeaderElection
2019-09-19 10:44:07,588 [85d03201-45ec-4202-b725-1ee58b28f685:group-22D9A6687F30:LeaderElection23] INFO  impl.RoleInfo (RoleInfo.java:shutdownLeaderElection(134)) - 85d03201-45ec-4202-b725-1ee58b28f685: shutdown LeaderElection
2019-09-19 10:44:07,588 [e855218f-cb01-4dd8-a582-b24365f170a0:group-5A37DF2C0A69:LeaderElection22] INFO  impl.RoleInfo (RoleInfo.java:shutdownLeaderElection(134)) - e855218f-cb01-4dd8-a582-b24365f170a0: shutdown LeaderElection
2019-09-19 10:44:07,587 [470b673e-7c3c-4972-9ac8-3342d713d76f:group-B6C108F2066D:LeaderElection24] INFO  impl.RoleInfo (RoleInfo.java:shutdownLeaderElection(134)) - 470b673e-7c3c-4972-9ac8-3342d713d76f: shutdown LeaderElection
2019-09-19 10:44:07,585 [2d7fb44a-ac7a-4034-a2aa-4953f070935b:group-D84DAF65D89D:LeaderElection25] INFO  impl.RaftServerImpl (ServerState.java:setLeader(263)) - 2d7fb44a-ac7a-4034-a2aa-4953f070935b:group-D84DAF65D89D change Leader from null to 2d7fb44a-ac7a-4034-a2aa-4953f070935b at term 1 for becomeLeader, leader elected after 5294ms
2019-09-19 10:44:07,585 [ef60016b-37d8-4c81-9b85-999ba158dbb2:group-C4F3F4E1C43D:LeaderElection14] INFO  server.RaftServerConfigKeys (ConfUtils.java:logGet(43)) - raft.server.watch.timeout = 10s (default)
2019-09-19 10:44:07,592 [2d7fb44a-ac7a-4034-a2aa-4953f070935b:group-D84DAF65D89D:LeaderElection25] INFO  server.RaftServerConfigKeys (ConfUtils.java:logGet(43)) - raft.server.staging.catchup.gap = 1000 (default)
2019-09-19 10:44:07,592 [470b673e-7c3c-4972-9ac8-3342d713d76f:group-B6C108F2066D:LeaderElection24] INFO  impl.RaftServerImpl (RaftServerImpl.java:setRole(171)) - 470b673e-7c3c-4972-9ac8-3342d713d76f:group-B6C108F2066D changes role from CANDIDATE to LEADER at term 1 for changeToLeader
2019-09-19 10:44:07,592 [e855218f-cb01-4dd8-a582-b24365f170a0:group-5A37DF2C0A69:LeaderElection22] INFO  impl.RaftServerImpl (RaftServerImpl.java:setRole(171)) - e855218f-cb01-4dd8-a582-b24365f170a0:group-5A37DF2C0A69 changes role from CANDIDATE to LEADER at term 1 for changeToLeader
2019-09-19 10:44:07,592 [85d03201-45ec-4202-b725-1ee58b28f685:group-22D9A6687F30:LeaderElection23] INFO  impl.RaftServerImpl (RaftServerImpl.java:setRole(171)) - 85d03201-45ec-4202-b725-1ee58b28f685:group-22D9A6687F30 changes role from CANDIDATE to LEADER at term 1 for changeToLeader
2019-09-19 10:44:07,592 [2d7fb44a-ac7a-4034-a2aa-4953f070935b:group-8ED0AB9EC8BE:LeaderElection21] INFO  impl.RaftServerImpl (RaftServerImpl.java:setRole(171)) - 2d7fb44a-ac7a-4034-a2aa-4953f070935b:group-8ED0AB9EC8BE changes role from CANDIDATE to LEADER at term 1 for changeToLeader
2019-09-19 10:44:07,592 [e855218f-cb01-4dd8-a582-b24365f170a0:group-F93B477B0242:LeaderElection19] INFO  impl.RaftServerImpl (RaftServerImpl.java:setRole(171)) - e855218f-cb01-4dd8-a582-b24365f170a0:group-F93B477B0242 changes role from CANDIDATE to LEADER at term 1 for changeToLeader
2019-09-19 10:44:07,591 [2d7fb44a-ac7a-4034-a2aa-4953f070935b:group-E65BC2414754:LeaderElection18] INFO  impl.RaftServerImpl (ServerState.java:setRaftConf(361)) - 2d7fb44a-ac7a-4034-a2aa-4953f070935b:group-E65BC2414754 set configuration 0: [2d7fb44a-ac7a-4034-a2aa-4953f070935b:192.168.157.204:33301], old=null at 0
2019-09-19 10:44:07,591 [85d03201-45ec-4202-b725-1ee58b28f685:group-9B3ECAC46EA7:LeaderElection20] INFO  impl.RaftServerImpl (ServerState.java:setLeader(263)) - 85d03201-45ec-4202-b725-1ee58b28f685:group-9B3ECAC46EA7 change Leader from null to 85d03201-45ec-4202-b725-1ee58b28f685 at term 1 for becomeLeader, leader elected after 5607ms
2019-09-19 10:44:07,591 [Thread-291] INFO  impl.RaftServerImpl (RaftServerImpl.java:setRole(171)) - 2d7fb44a-ac7a-4034-a2aa-4953f070935b:group-5EC86D188DA7 changes role from FOLLOWER to CANDIDATE at term 0 for changeToCandidate
2019-09-19 10:44:07,591 [Thread-294] INFO  impl.RoleInfo (RoleInfo.java:updateAndGet(143)) - 470b673e-7c3c-4972-9ac8-3342d713d76f: start LeaderElection
2019-09-19 10:44:07,630 [Thread-291] INFO  impl.RoleInfo (RoleInfo.java:updateAndGet(143)) - 2d7fb44a-ac7a-4034-a2aa-4953f070935b: start LeaderElection
2019-09-19 10:44:07,630 [85d03201-45ec-4202-b725-1ee58b28f685:group-9B3ECAC46EA7:LeaderElection20] INFO  server.RaftServerConfigKeys (ConfUtils.java:logGet(43)) - raft.server.staging.catchup.gap = 1000 (default)
2019-09-19 10:44:07,630 [ef60016b-37d8-4c81-9b85-999ba158dbb2-SegmentedRaftLogWorker:Storage Directory /workdir/hadoop-ozone/tools/target/test-dir/MiniOzoneClusterImpl-906ca9d4-12e2-4885-9d3d-2383beb6722b/datanode-1/data/ratis/16b3d896-90d6-454b-8acf-bd53f5ddf546] INFO  segmented.SegmentedRaftLogWorker (SegmentedRaftLogWorker.java:execute(569)) - ef60016b-37d8-4c81-9b85-999ba158dbb2-SegmentedRaftLogWorker:Storage Directory /workdir/hadoop-ozone/tools/target/test-dir/MiniOzoneClusterImpl-906ca9d4-12e2-4885-9d3d-2383beb6722b/datanode-1/data/ratis/16b3d896-90d6-454b-8acf-bd53f5ddf546: created new log segment /workdir/hadoop-ozone/tools/target/test-dir/MiniOzoneClusterImpl-906ca9d4-12e2-4885-9d3d-2383beb6722b/datanode-1/data/ratis/16b3d896-90d6-454b-8acf-bd53f5ddf546/current/log_inprogress_0
2019-09-19 10:44:07,630 [85d03201-45ec-4202-b725-1ee58b28f685-SegmentedRaftLogWorker:Storage Directory /workdir/hadoop-ozone/tools/target/test-dir/MiniOzoneClusterImpl-906ca9d4-12e2-4885-9d3d-2383beb6722b/datanode-0/data/ratis/198e2a9d-b239-40e0-9120-19be61379f03] INFO  segmented.SegmentedRaftLogWorker (SegmentedRaftLogWorker.java:execute(569)) - 85d03201-45ec-4202-b725-1ee58b28f685-SegmentedRaftLogWorker:Storage Directory /workdir/hadoop-ozone/tools/target/test-dir/MiniOzoneClusterImpl-906ca9d4-12e2-4885-9d3d-2383beb6722b/datanode-0/data/ratis/198e2a9d-b239-40e0-9120-19be61379f03: created new log segment /workdir/hadoop-ozone/tools/target/test-dir/MiniOzoneClusterImpl-906ca9d4-12e2-4885-9d3d-2383beb6722b/datanode-0/data/ratis/198e2a9d-b239-40e0-9120-19be61379f03/current/log_inprogress_0
2019-09-19 10:44:07,630 [ef60016b-37d8-4c81-9b85-999ba158dbb2-SegmentedRaftLogWorker:Storage Directory /workdir/hadoop-ozone/tools/target/test-dir/MiniOzoneClusterImpl-906ca9d4-12e2-4885-9d3d-2383beb6722b/datanode-1/data/ratis/f3a9bc09-df85-4289-95b3-d907a35d7911] INFO  segmented.SegmentedRaftLogWorker (SegmentedRaftLogWorker.java:execute(569)) - ef60016b-37d8-4c81-9b85-999ba158dbb2-SegmentedRaftLogWorker:Storage Directory /workdir/hadoop-ozone/tools/target/test-dir/MiniOzoneClusterImpl-906ca9d4-12e2-4885-9d3d-2383beb6722b/datanode-1/data/ratis/f3a9bc09-df85-4289-95b3-d907a35d7911: created new log segment /workdir/hadoop-ozone/tools/target/test-dir/MiniOzoneClusterImpl-906ca9d4-12e2-4885-9d3d-2383beb6722b/datanode-1/data/ratis/f3a9bc09-df85-4289-95b3-d907a35d7911/current/log_inprogress_0
2019-09-19 10:44:07,630 [e855218f-cb01-4dd8-a582-b24365f170a0-SegmentedRaftLogWorker:Storage Directory /workdir/hadoop-ozone/tools/target/test-dir/MiniOzoneClusterImpl-906ca9d4-12e2-4885-9d3d-2383beb6722b/datanode-2/data/ratis/abbb4761-ae19-44fa-81ba-828ff88f3f94] INFO  segmented.SegmentedRaftLogWorker (SegmentedRaftLogWorker.java:execute(569)) - e855218f-cb01-4dd8-a582-b24365f170a0-SegmentedRaftLogWorker:Storage Directory /workdir/hadoop-ozone/tools/target/test-dir/MiniOzoneClusterImpl-906ca9d4-12e2-4885-9d3d-2383beb6722b/datanode-2/data/ratis/abbb4761-ae19-44fa-81ba-828ff88f3f94: created new log segment /workdir/hadoop-ozone/tools/target/test-dir/MiniOzoneClusterImpl-906ca9d4-12e2-4885-9d3d-2383beb6722b/datanode-2/data/ratis/abbb4761-ae19-44fa-81ba-828ff88f3f94/current/log_inprogress_0
2019-09-19 10:44:07,630 [Thread-297] INFO  impl.FollowerState (FollowerState.java:run(106)) - 470b673e-7c3c-4972-9ac8-3342d713d76f:group-478CF5ADC53E changes to CANDIDATE, lastRpcTime:5130, electionTimeout:5097ms
2019-09-19 10:44:07,633 [Thread-297] INFO  impl.RoleInfo (RoleInfo.java:shutdownFollowerState(121)) - 470b673e-7c3c-4972-9ac8-3342d713d76f: shutdown FollowerState
2019-09-19 10:44:07,633 [Thread-297] INFO  impl.RaftServerImpl (RaftServerImpl.java:setRole(171)) - 470b673e-7c3c-4972-9ac8-3342d713d76f:group-478CF5ADC53E changes role from FOLLOWER to CANDIDATE at term 0 for changeToCandidate
2019-09-19 10:44:07,593 [e855218f-cb01-4dd8-a582-b24365f170a0:group-F93B477B0242:LeaderElection19] INFO  impl.RaftServerImpl (ServerState.java:setLeader(263)) - e855218f-cb01-4dd8-a582-b24365f170a0:group-F93B477B0242 change Leader from null to e855218f-cb01-4dd8-a582-b24365f170a0 at term 1 for becomeLeader, leader elected after 5543ms
2019-09-19 10:44:07,593 [2d7fb44a-ac7a-4034-a2aa-4953f070935b:group-8ED0AB9EC8BE:LeaderElection21] INFO  impl.RaftServerImpl (ServerState.java:setLeader(263)) - 2d7fb44a-ac7a-4034-a2aa-4953f070935b:group-8ED0AB9EC8BE change Leader from null to 2d7fb44a-ac7a-4034-a2aa-4953f070935b at term 1 for becomeLeader, leader elected after 5345ms
2019-09-19 10:44:07,593 [85d03201-45ec-4202-b725-1ee58b28f685:group-22D9A6687F30:LeaderElection23] INFO  impl.RaftServerImpl (ServerState.java:setLeader(263)) - 85d03201-45ec-4202-b725-1ee58b28f685:group-22D9A6687F30 change Leader from null to 85d03201-45ec-4202-b725-1ee58b28f685 at term 1 for becomeLeader, leader elected after 5390ms
2019-09-19 10:44:07,593 [e855218f-cb01-4dd8-a582-b24365f170a0:group-5A37DF2C0A69:LeaderElection22] INFO  impl.RaftServerImpl (ServerState.java:setLeader(263)) - e855218f-cb01-4dd8-a582-b24365f170a0:group-5A37DF2C0A69 change Leader from null to e855218f-cb01-4dd8-a582-b24365f170a0 at term 1 for becomeLeader, leader elected after 5470ms
2019-09-19 10:44:07,593 [470b673e-7c3c-4972-9ac8-3342d713d76f:group-B6C108F2066D:LeaderElection24] INFO  impl.RaftServerImpl (ServerState.java:setLeader(263)) - 470b673e-7c3c-4972-9ac8-3342d713d76f:group-B6C108F2066D change Leader from null to 470b673e-7c3c-4972-9ac8-3342d713d76f at term 1 for becomeLeader, leader elected after 5252ms
2019-09-19 10:44:07,593 [ef60016b-37d8-4c81-9b85-999ba158dbb2:group-C4F3F4E1C43D:LeaderElection14] INFO  server.RaftServerConfigKeys (ConfUtils.java:logGet(43)) - raft.server.watch.timeout.denomination = 1s (default)
2019-09-19 10:44:07,593 [2d7fb44a-ac7a-4034-a2aa-4953f070935b:group-D84DAF65D89D:LeaderElection25] INFO  server.RaftServerConfigKeys (ConfUtils.java:logGet(43)) - raft.server.rpc.sleep.time = 25ms (default)
2019-09-19 10:44:07,634 [ef60016b-37d8-4c81-9b85-999ba158dbb2:group-C4F3F4E1C43D:LeaderElection14] INFO  server.RaftServerConfigKeys (ConfUtils.java:logGet(43)) - raft.server.watch.element-limit = 65536 (default)
2019-09-19 10:44:07,634 [470b673e-7c3c-4972-9ac8-3342d713d76f:group-B6C108F2066D:LeaderElection24] INFO  server.RaftServerConfigKeys (ConfUtils.java:logGet(43)) - raft.server.staging.catchup.gap = 1000 (default)
2019-09-19 10:44:07,634 [e855218f-cb01-4dd8-a582-b24365f170a0:group-5A37DF2C0A69:LeaderElection22] INFO  server.RaftServerConfigKeys (ConfUtils.java:logGet(43)) - raft.server.staging.catchup.gap = 1000 (default)
2019-09-19 10:44:07,634 [85d03201-45ec-4202-b725-1ee58b28f685:group-22D9A6687F30:LeaderElection23] INFO  server.RaftServerConfigKeys (ConfUtils.java:logGet(43)) - raft.server.staging.catchup.gap = 1000 (default)
2019-09-19 10:44:07,634 [2d7fb44a-ac7a-4034-a2aa-4953f070935b:group-8ED0AB9EC8BE:LeaderElection21] INFO  server.RaftServerConfigKeys (ConfUtils.java:logGet(43)) - raft.server.staging.catchup.gap = 1000 (default)
2019-09-19 10:44:07,633 [e855218f-cb01-4dd8-a582-b24365f170a0:group-F93B477B0242:LeaderElection19] INFO  server.RaftServerConfigKeys (ConfUtils.java:logGet(43)) - raft.server.staging.catchup.gap = 1000 (default)
2019-09-19 10:44:07,633 [Thread-297] INFO  impl.RoleInfo (RoleInfo.java:updateAndGet(143)) - 470b673e-7c3c-4972-9ac8-3342d713d76f: start LeaderElection
2019-09-19 10:44:07,631 [85d03201-45ec-4202-b725-1ee58b28f685:group-9B3ECAC46EA7:LeaderElection20] INFO  server.RaftServerConfigKeys (ConfUtils.java:logGet(43)) - raft.server.rpc.sleep.time = 25ms (default)
2019-09-19 10:44:07,635 [e855218f-cb01-4dd8-a582-b24365f170a0:group-F93B477B0242:LeaderElection19] INFO  server.RaftServerConfigKeys (ConfUtils.java:logGet(43)) - raft.server.rpc.sleep.time = 25ms (default)
2019-09-19 10:44:07,635 [2d7fb44a-ac7a-4034-a2aa-4953f070935b:group-8ED0AB9EC8BE:LeaderElection21] INFO  server.RaftServerConfigKeys (ConfUtils.java:logGet(43)) - raft.server.rpc.sleep.time = 25ms (default)
2019-09-19 10:44:07,637 [e855218f-cb01-4dd8-a582-b24365f170a0:group-F93B477B0242:LeaderElection19] INFO  server.RaftServerConfigKeys (ConfUtils.java:logGet(43)) - raft.server.write.element-limit = 4096 (default)
2019-09-19 10:44:07,635 [85d03201-45ec-4202-b725-1ee58b28f685:group-22D9A6687F30:LeaderElection23] INFO  server.RaftServerConfigKeys (ConfUtils.java:logGet(43)) - raft.server.rpc.sleep.time = 25ms (default)
2019-09-19 10:44:07,635 [e855218f-cb01-4dd8-a582-b24365f170a0:group-5A37DF2C0A69:LeaderElection22] INFO  server.RaftServerConfigKeys (ConfUtils.java:logGet(43)) - raft.server.rpc.sleep.time = 25ms (default)
2019-09-19 10:44:07,635 [ef60016b-37d8-4c81-9b85-999ba158dbb2:group-C4F3F4E1C43D:LeaderElection14] INFO  impl.RoleInfo (RoleInfo.java:updateAndGet(143)) - ef60016b-37d8-4c81-9b85-999ba158dbb2: start LeaderState
2019-09-19 10:44:07,635 [470b673e-7c3c-4972-9ac8-3342d713d76f:group-B6C108F2066D:LeaderElection24] INFO  server.RaftServerConfigKeys (ConfUtils.java:logGet(43)) - raft.server.rpc.sleep.time = 25ms (default)
2019-09-19 10:44:07,634 [2d7fb44a-ac7a-4034-a2aa-4953f070935b:group-D84DAF65D89D:LeaderElection25] INFO  server.RaftServerConfigKeys (ConfUtils.java:logGet(43)) - raft.server.write.element-limit = 4096 (default)
2019-09-19 10:44:07,638 [470b673e-7c3c-4972-9ac8-3342d713d76f:group-B6C108F2066D:LeaderElection24] INFO  server.RaftServerConfigKeys (ConfUtils.java:logGet(43)) - raft.server.write.element-limit = 4096 (default)
2019-09-19 10:44:07,638 [ef60016b-37d8-4c81-9b85-999ba158dbb2:group-C4F3F4E1C43D:LeaderElection14] INFO  segmented.SegmentedRaftLogWorker (SegmentedRaftLogWorker.java:startLogSegment(380)) - ef60016b-37d8-4c81-9b85-999ba158dbb2-SegmentedRaftLogWorker:Storage Directory /workdir/hadoop-ozone/tools/target/test-dir/MiniOzoneClusterImpl-906ca9d4-12e2-4885-9d3d-2383beb6722b/datanode-1/data/ratis/0bbef6e3-a704-4a49-b821-c4f3f4e1c43d: Starting segment from index:0
2019-09-19 10:44:07,638 [e855218f-cb01-4dd8-a582-b24365f170a0:group-5A37DF2C0A69:LeaderElection22] INFO  server.RaftServerConfigKeys (ConfUtils.java:logGet(43)) - raft.server.write.element-limit = 4096 (default)
2019-09-19 10:44:07,637 [85d03201-45ec-4202-b725-1ee58b28f685:group-22D9A6687F30:LeaderElection23] INFO  server.RaftServerConfigKeys (ConfUtils.java:logGet(43)) - raft.server.write.element-limit = 4096 (default)
2019-09-19 10:44:07,637 [e855218f-cb01-4dd8-a582-b24365f170a0:group-F93B477B0242:LeaderElection19] INFO  server.RaftServerConfigKeys (ConfUtils.java:logGet(43)) - raft.server.watch.timeout = 10s (default)
2019-09-19 10:44:07,637 [2d7fb44a-ac7a-4034-a2aa-4953f070935b:group-8ED0AB9EC8BE:LeaderElection21] INFO  server.RaftServerConfigKeys (ConfUtils.java:logGet(43)) - raft.server.write.element-limit = 4096 (default)
2019-09-19 10:44:07,637 [85d03201-45ec-4202-b725-1ee58b28f685:group-9B3ECAC46EA7:LeaderElection20] INFO  server.RaftServerConfigKeys (ConfUtils.java:logGet(43)) - raft.server.write.element-limit = 4096 (default)
2019-09-19 10:44:07,639 [2d7fb44a-ac7a-4034-a2aa-4953f070935b:group-8ED0AB9EC8BE:LeaderElection21] INFO  server.RaftServerConfigKeys (ConfUtils.java:logGet(43)) - raft.server.watch.timeout = 10s (default)
2019-09-19 10:44:07,639 [e855218f-cb01-4dd8-a582-b24365f170a0:group-F93B477B0242:LeaderElection19] INFO  server.RaftServerConfigKeys (ConfUtils.java:logGet(43)) - raft.server.watch.timeout.denomination = 1s (default)
2019-09-19 10:44:07,639 [ef60016b-37d8-4c81-9b85-999ba158dbb2:group-C4F3F4E1C43D:LeaderElection14] INFO  impl.RaftServerImpl (ServerState.java:setRaftConf(361)) - ef60016b-37d8-4c81-9b85-999ba158dbb2:group-C4F3F4E1C43D set configuration 0: [ef60016b-37d8-4c81-9b85-999ba158dbb2:192.168.157.204:33362], old=null at 0
2019-09-19 10:44:07,639 [85d03201-45ec-4202-b725-1ee58b28f685:group-22D9A6687F30:LeaderElection23] INFO  server.RaftServerConfigKeys (ConfUtils.java:logGet(43)) - raft.server.watch.timeout = 10s (default)
2019-09-19 10:44:07,639 [e855218f-cb01-4dd8-a582-b24365f170a0:group-5A37DF2C0A69:LeaderElection22] INFO  server.RaftServerConfigKeys (ConfUtils.java:logGet(43)) - raft.server.watch.timeout = 10s (default)
2019-09-19 10:44:07,638 [470b673e-7c3c-4972-9ac8-3342d713d76f:group-B6C108F2066D:LeaderElection24] INFO  server.RaftServerConfigKeys (ConfUtils.java:logGet(43)) - raft.server.watch.timeout = 10s (default)
2019-09-19 10:44:07,638 [2d7fb44a-ac7a-4034-a2aa-4953f070935b:group-D84DAF65D89D:LeaderElection25] INFO  server.RaftServerConfigKeys (ConfUtils.java:logGet(43)) - raft.server.watch.timeout = 10s (default)
2019-09-19 10:44:07,670 | INFO  | SCMAudit | user=jenkins1000 | ip=192.168.157.204 | op=SEND_HEARTBEAT {datanodeUUID=470b673e-7c3c-4972-9ac8-3342d713d76f, command=[]} | ret=SUCCESS |  
2019-09-19 10:44:07,670 [470b673e-7c3c-4972-9ac8-3342d713d76f:group-B6C108F2066D:LeaderElection24] INFO  server.RaftServerConfigKeys (ConfUtils.java:logGet(43)) - raft.server.watch.timeout.denomination = 1s (default)
2019-09-19 10:44:07,670 [e855218f-cb01-4dd8-a582-b24365f170a0:group-5A37DF2C0A69:LeaderElection22] INFO  server.RaftServerConfigKeys (ConfUtils.java:logGet(43)) - raft.server.watch.timeout.denomination = 1s (default)
2019-09-19 10:44:07,669 [85d03201-45ec-4202-b725-1ee58b28f685:group-22D9A6687F30:LeaderElection23] INFO  server.RaftServerConfigKeys (ConfUtils.java:logGet(43)) - raft.server.watch.timeout.denomination = 1s (default)
2019-09-19 10:44:07,669 [2d7fb44a-ac7a-4034-a2aa-4953f070935b:group-5EC86D188DA7:LeaderElection27] INFO  impl.LeaderElection (LeaderElection.java:askForVotes(181)) - 2d7fb44a-ac7a-4034-a2aa-4953f070935b:group-5EC86D188DA7:LeaderElection27: begin an election at term 1 for -1: [2d7fb44a-ac7a-4034-a2aa-4953f070935b:192.168.157.204:33301], old=null
2019-09-19 10:44:07,669 [470b673e-7c3c-4972-9ac8-3342d713d76f:group-478CF5ADC53E:LeaderElection28] INFO  impl.LeaderElection (LeaderElection.java:askForVotes(181)) - 470b673e-7c3c-4972-9ac8-3342d713d76f:group-478CF5ADC53E:LeaderElection28: begin an election at term 1 for -1: [470b673e-7c3c-4972-9ac8-3342d713d76f:192.168.157.204:38229], old=null
2019-09-19 10:44:07,669 [470b673e-7c3c-4972-9ac8-3342d713d76f:group-A7BB0B84F42F:LeaderElection26] INFO  impl.LeaderElection (LeaderElection.java:askForVotes(181)) - 470b673e-7c3c-4972-9ac8-3342d713d76f:group-A7BB0B84F42F:LeaderElection26: begin an election at term 1 for -1: [470b673e-7c3c-4972-9ac8-3342d713d76f:192.168.157.204:38229], old=null
2019-09-19 10:44:07,669 [2d7fb44a-ac7a-4034-a2aa-4953f070935b-SegmentedRaftLogWorker:Storage Directory /workdir/hadoop-ozone/tools/target/test-dir/MiniOzoneClusterImpl-906ca9d4-12e2-4885-9d3d-2383beb6722b/datanode-3/data/ratis/a8c68d53-df0c-427c-a56f-e65bc2414754] INFO  segmented.SegmentedRaftLogWorker (SegmentedRaftLogWorker.java:execute(569)) - 2d7fb44a-ac7a-4034-a2aa-4953f070935b-SegmentedRaftLogWorker:Storage Directory /workdir/hadoop-ozone/tools/target/test-dir/MiniOzoneClusterImpl-906ca9d4-12e2-4885-9d3d-2383beb6722b/datanode-3/data/ratis/a8c68d53-df0c-427c-a56f-e65bc2414754: created new log segment /workdir/hadoop-ozone/tools/target/test-dir/MiniOzoneClusterImpl-906ca9d4-12e2-4885-9d3d-2383beb6722b/datanode-3/data/ratis/a8c68d53-df0c-427c-a56f-e65bc2414754/current/log_inprogress_0
2019-09-19 10:44:07,669 [Thread-300] INFO  impl.FollowerState (FollowerState.java:run(106)) - 470b673e-7c3c-4972-9ac8-3342d713d76f:group-528104CFCACD changes to CANDIDATE, lastRpcTime:5120, electionTimeout:5098ms
2019-09-19 10:44:07,671 [Thread-300] INFO  impl.RoleInfo (RoleInfo.java:shutdownFollowerState(121)) - 470b673e-7c3c-4972-9ac8-3342d713d76f: shutdown FollowerState
2019-09-19 10:44:07,640 [e855218f-cb01-4dd8-a582-b24365f170a0:group-F93B477B0242:LeaderElection19] INFO  server.RaftServerConfigKeys (ConfUtils.java:logGet(43)) - raft.server.watch.element-limit = 65536 (default)
2019-09-19 10:44:07,639 [2d7fb44a-ac7a-4034-a2aa-4953f070935b:group-8ED0AB9EC8BE:LeaderElection21] INFO  server.RaftServerConfigKeys (ConfUtils.java:logGet(43)) - raft.server.watch.timeout.denomination = 1s (default)
2019-09-19 10:44:07,672 [e855218f-cb01-4dd8-a582-b24365f170a0:group-F93B477B0242:LeaderElection19] INFO  impl.RoleInfo (RoleInfo.java:updateAndGet(143)) - e855218f-cb01-4dd8-a582-b24365f170a0: start LeaderState
2019-09-19 10:44:07,639 [85d03201-45ec-4202-b725-1ee58b28f685:group-9B3ECAC46EA7:LeaderElection20] INFO  server.RaftServerConfigKeys (ConfUtils.java:logGet(43)) - raft.server.watch.timeout = 10s (default)
2019-09-19 10:44:07,672 [2d7fb44a-ac7a-4034-a2aa-4953f070935b:group-8ED0AB9EC8BE:LeaderElection21] INFO  server.RaftServerConfigKeys (ConfUtils.java:logGet(43)) - raft.server.watch.element-limit = 65536 (default)
2019-09-19 10:44:07,671 [Thread-300] INFO  impl.RaftServerImpl (RaftServerImpl.java:setRole(171)) - 470b673e-7c3c-4972-9ac8-3342d713d76f:group-528104CFCACD changes role from FOLLOWER to CANDIDATE at term 0 for changeToCandidate
2019-09-19 10:44:07,671 [470b673e-7c3c-4972-9ac8-3342d713d76f:group-A7BB0B84F42F:LeaderElection26] INFO  impl.RoleInfo (RoleInfo.java:shutdownLeaderElection(134)) - 470b673e-7c3c-4972-9ac8-3342d713d76f: shutdown LeaderElection
2019-09-19 10:44:07,671 [470b673e-7c3c-4972-9ac8-3342d713d76f:group-478CF5ADC53E:LeaderElection28] INFO  impl.RoleInfo (RoleInfo.java:shutdownLeaderElection(134)) - 470b673e-7c3c-4972-9ac8-3342d713d76f: shutdown LeaderElection
2019-09-19 10:44:07,671 [2d7fb44a-ac7a-4034-a2aa-4953f070935b:group-5EC86D188DA7:LeaderElection27] INFO  impl.RoleInfo (RoleInfo.java:shutdownLeaderElection(134)) - 2d7fb44a-ac7a-4034-a2aa-4953f070935b: shutdown LeaderElection
2019-09-19 10:44:07,670 [85d03201-45ec-4202-b725-1ee58b28f685:group-22D9A6687F30:LeaderElection23] INFO  server.RaftServerConfigKeys (ConfUtils.java:logGet(43)) - raft.server.watch.element-limit = 65536 (default)
2019-09-19 10:44:07,670 [e855218f-cb01-4dd8-a582-b24365f170a0:group-5A37DF2C0A69:LeaderElection22] INFO  server.RaftServerConfigKeys (ConfUtils.java:logGet(43)) - raft.server.watch.element-limit = 65536 (default)
2019-09-19 10:44:07,670 [470b673e-7c3c-4972-9ac8-3342d713d76f:group-B6C108F2066D:LeaderElection24] INFO  server.RaftServerConfigKeys (ConfUtils.java:logGet(43)) - raft.server.watch.element-limit = 65536 (default)
2019-09-19 10:44:07,670 [2d7fb44a-ac7a-4034-a2aa-4953f070935b:group-D84DAF65D89D:LeaderElection25] INFO  server.RaftServerConfigKeys (ConfUtils.java:logGet(43)) - raft.server.watch.timeout.denomination = 1s (default)
2019-09-19 10:44:07,673 [e855218f-cb01-4dd8-a582-b24365f170a0:group-5A37DF2C0A69:LeaderElection22] INFO  impl.RoleInfo (RoleInfo.java:updateAndGet(143)) - e855218f-cb01-4dd8-a582-b24365f170a0: start LeaderState
2019-09-19 10:44:07,673 [85d03201-45ec-4202-b725-1ee58b28f685:group-22D9A6687F30:LeaderElection23] INFO  impl.RoleInfo (RoleInfo.java:updateAndGet(143)) - 85d03201-45ec-4202-b725-1ee58b28f685: start LeaderState
2019-09-19 10:44:07,673 [2d7fb44a-ac7a-4034-a2aa-4953f070935b:group-5EC86D188DA7:LeaderElection27] INFO  impl.RaftServerImpl (RaftServerImpl.java:setRole(171)) - 2d7fb44a-ac7a-4034-a2aa-4953f070935b:group-5EC86D188DA7 changes role from CANDIDATE to LEADER at term 1 for changeToLeader
2019-09-19 10:44:07,673 [470b673e-7c3c-4972-9ac8-3342d713d76f:group-478CF5ADC53E:LeaderElection28] INFO  impl.RaftServerImpl (RaftServerImpl.java:setRole(171)) - 470b673e-7c3c-4972-9ac8-3342d713d76f:group-478CF5ADC53E changes role from CANDIDATE to LEADER at term 1 for changeToLeader
2019-09-19 10:44:07,672 [470b673e-7c3c-4972-9ac8-3342d713d76f:group-A7BB0B84F42F:LeaderElection26] INFO  impl.RaftServerImpl (RaftServerImpl.java:setRole(171)) - 470b673e-7c3c-4972-9ac8-3342d713d76f:group-A7BB0B84F42F changes role from CANDIDATE to LEADER at term 1 for changeToLeader
2019-09-19 10:44:07,672 [Thread-300] INFO  impl.RoleInfo (RoleInfo.java:updateAndGet(143)) - 470b673e-7c3c-4972-9ac8-3342d713d76f: start LeaderElection
2019-09-19 10:44:07,672 [2d7fb44a-ac7a-4034-a2aa-4953f070935b:group-8ED0AB9EC8BE:LeaderElection21] INFO  impl.RoleInfo (RoleInfo.java:updateAndGet(143)) - 2d7fb44a-ac7a-4034-a2aa-4953f070935b: start LeaderState
2019-09-19 10:44:07,672 [85d03201-45ec-4202-b725-1ee58b28f685:group-9B3ECAC46EA7:LeaderElection20] INFO  server.RaftServerConfigKeys (ConfUtils.java:logGet(43)) - raft.server.watch.timeout.denomination = 1s (default)
2019-09-19 10:44:07,672 [e855218f-cb01-4dd8-a582-b24365f170a0:group-F93B477B0242:LeaderElection19] INFO  segmented.SegmentedRaftLogWorker (SegmentedRaftLogWorker.java:startLogSegment(380)) - e855218f-cb01-4dd8-a582-b24365f170a0-SegmentedRaftLogWorker:Storage Directory /workdir/hadoop-ozone/tools/target/test-dir/MiniOzoneClusterImpl-906ca9d4-12e2-4885-9d3d-2383beb6722b/datanode-2/data/ratis/853822f3-9d06-4098-8d4c-f93b477b0242: Starting segment from index:0
2019-09-19 10:44:07,675 [85d03201-45ec-4202-b725-1ee58b28f685:group-9B3ECAC46EA7:LeaderElection20] INFO  server.RaftServerConfigKeys (ConfUtils.java:logGet(43)) - raft.server.watch.element-limit = 65536 (default)
2019-09-19 10:44:07,675 [2d7fb44a-ac7a-4034-a2aa-4953f070935b:group-8ED0AB9EC8BE:LeaderElection21] INFO  segmented.SegmentedRaftLogWorker (SegmentedRaftLogWorker.java:startLogSegment(380)) - 2d7fb44a-ac7a-4034-a2aa-4953f070935b-SegmentedRaftLogWorker:Storage Directory /workdir/hadoop-ozone/tools/target/test-dir/MiniOzoneClusterImpl-906ca9d4-12e2-4885-9d3d-2383beb6722b/datanode-3/data/ratis/6a3f35d2-4842-432d-ace5-8ed0ab9ec8be: Starting segment from index:0
2019-09-19 10:44:07,675 [470b673e-7c3c-4972-9ac8-3342d713d76f:group-A7BB0B84F42F:LeaderElection26] INFO  impl.RaftServerImpl (ServerState.java:setLeader(263)) - 470b673e-7c3c-4972-9ac8-3342d713d76f:group-A7BB0B84F42F change Leader from null to 470b673e-7c3c-4972-9ac8-3342d713d76f at term 1 for becomeLeader, leader elected after 5232ms
2019-09-19 10:44:07,675 [470b673e-7c3c-4972-9ac8-3342d713d76f:group-478CF5ADC53E:LeaderElection28] INFO  impl.RaftServerImpl (ServerState.java:setLeader(263)) - 470b673e-7c3c-4972-9ac8-3342d713d76f:group-478CF5ADC53E change Leader from null to 470b673e-7c3c-4972-9ac8-3342d713d76f at term 1 for becomeLeader, leader elected after 5180ms
2019-09-19 10:44:07,674 [2d7fb44a-ac7a-4034-a2aa-4953f070935b:group-5EC86D188DA7:LeaderElection27] INFO  impl.RaftServerImpl (ServerState.java:setLeader(263)) - 2d7fb44a-ac7a-4034-a2aa-4953f070935b:group-5EC86D188DA7 change Leader from null to 2d7fb44a-ac7a-4034-a2aa-4953f070935b at term 1 for becomeLeader, leader elected after 5286ms
2019-09-19 10:44:07,674 [85d03201-45ec-4202-b725-1ee58b28f685:group-22D9A6687F30:LeaderElection23] INFO  segmented.SegmentedRaftLogWorker (SegmentedRaftLogWorker.java:startLogSegment(380)) - 85d03201-45ec-4202-b725-1ee58b28f685-SegmentedRaftLogWorker:Storage Directory /workdir/hadoop-ozone/tools/target/test-dir/MiniOzoneClusterImpl-906ca9d4-12e2-4885-9d3d-2383beb6722b/datanode-0/data/ratis/d765b776-697e-4c0a-9480-22d9a6687f30: Starting segment from index:0
2019-09-19 10:44:07,674 [e855218f-cb01-4dd8-a582-b24365f170a0:group-5A37DF2C0A69:LeaderElection22] INFO  segmented.SegmentedRaftLogWorker (SegmentedRaftLogWorker.java:startLogSegment(380)) - e855218f-cb01-4dd8-a582-b24365f170a0-SegmentedRaftLogWorker:Storage Directory /workdir/hadoop-ozone/tools/target/test-dir/MiniOzoneClusterImpl-906ca9d4-12e2-4885-9d3d-2383beb6722b/datanode-2/data/ratis/30550a36-23a3-44ab-a966-5a37df2c0a69: Starting segment from index:0
2019-09-19 10:44:07,674 [2d7fb44a-ac7a-4034-a2aa-4953f070935b:group-D84DAF65D89D:LeaderElection25] INFO  server.RaftServerConfigKeys (ConfUtils.java:logGet(43)) - raft.server.watch.element-limit = 65536 (default)
2019-09-19 10:44:07,674 [470b673e-7c3c-4972-9ac8-3342d713d76f:group-B6C108F2066D:LeaderElection24] INFO  impl.RoleInfo (RoleInfo.java:updateAndGet(143)) - 470b673e-7c3c-4972-9ac8-3342d713d76f: start LeaderState
2019-09-19 10:44:07,679 [e855218f-cb01-4dd8-a582-b24365f170a0:group-5A37DF2C0A69:LeaderElection22] INFO  impl.RaftServerImpl (ServerState.java:setRaftConf(361)) - e855218f-cb01-4dd8-a582-b24365f170a0:group-5A37DF2C0A69 set configuration 0: [e855218f-cb01-4dd8-a582-b24365f170a0:192.168.157.204:43344], old=null at 0
2019-09-19 10:44:07,679 [2d7fb44a-ac7a-4034-a2aa-4953f070935b:group-D84DAF65D89D:LeaderElection25] INFO  impl.RoleInfo (RoleInfo.java:updateAndGet(143)) - 2d7fb44a-ac7a-4034-a2aa-4953f070935b: start LeaderState
2019-09-19 10:44:07,678 [85d03201-45ec-4202-b725-1ee58b28f685:group-22D9A6687F30:LeaderElection23] INFO  impl.RaftServerImpl (ServerState.java:setRaftConf(361)) - 85d03201-45ec-4202-b725-1ee58b28f685:group-22D9A6687F30 set configuration 0: [85d03201-45ec-4202-b725-1ee58b28f685:192.168.157.204:34005], old=null at 0
2019-09-19 10:44:07,678 [2d7fb44a-ac7a-4034-a2aa-4953f070935b:group-5EC86D188DA7:LeaderElection27] INFO  server.RaftServerConfigKeys (ConfUtils.java:logGet(43)) - raft.server.staging.catchup.gap = 1000 (default)
2019-09-19 10:44:07,678 [470b673e-7c3c-4972-9ac8-3342d713d76f:group-478CF5ADC53E:LeaderElection28] INFO  server.RaftServerConfigKeys (ConfUtils.java:logGet(43)) - raft.server.staging.catchup.gap = 1000 (default)
2019-09-19 10:44:07,678 [2d7fb44a-ac7a-4034-a2aa-4953f070935b:group-8ED0AB9EC8BE:LeaderElection21] INFO  impl.RaftServerImpl (ServerState.java:setRaftConf(361)) - 2d7fb44a-ac7a-4034-a2aa-4953f070935b:group-8ED0AB9EC8BE set configuration 0: [2d7fb44a-ac7a-4034-a2aa-4953f070935b:192.168.157.204:33301], old=null at 0
2019-09-19 10:44:07,728 | INFO  | SCMAudit | user=jenkins1000 | ip=192.168.157.204 | op=SEND_HEARTBEAT {datanodeUUID=85d03201-45ec-4202-b725-1ee58b28f685, command=[]} | ret=SUCCESS |  
2019-09-19 10:44:07,678 [470b673e-7c3c-4972-9ac8-3342d713d76f:group-A7BB0B84F42F:LeaderElection26] INFO  server.RaftServerConfigKeys (ConfUtils.java:logGet(43)) - raft.server.staging.catchup.gap = 1000 (default)
2019-09-19 10:44:07,677 [e855218f-cb01-4dd8-a582-b24365f170a0:group-F93B477B0242:LeaderElection19] INFO  impl.RaftServerImpl (ServerState.java:setRaftConf(361)) - e855218f-cb01-4dd8-a582-b24365f170a0:group-F93B477B0242 set configuration 0: [e855218f-cb01-4dd8-a582-b24365f170a0:192.168.157.204:43344], old=null at 0
2019-09-19 10:44:07,677 [85d03201-45ec-4202-b725-1ee58b28f685:group-9B3ECAC46EA7:LeaderElection20] INFO  impl.RoleInfo (RoleInfo.java:updateAndGet(143)) - 85d03201-45ec-4202-b725-1ee58b28f685: start LeaderState
2019-09-19 10:44:07,730 [e855218f-cb01-4dd8-a582-b24365f170a0-SegmentedRaftLogWorker:Storage Directory /workdir/hadoop-ozone/tools/target/test-dir/MiniOzoneClusterImpl-906ca9d4-12e2-4885-9d3d-2383beb6722b/datanode-2/data/ratis/853822f3-9d06-4098-8d4c-f93b477b0242] INFO  segmented.SegmentedRaftLogWorker (SegmentedRaftLogWorker.java:execute(569)) - e855218f-cb01-4dd8-a582-b24365f170a0-SegmentedRaftLogWorker:Storage Directory /workdir/hadoop-ozone/tools/target/test-dir/MiniOzoneClusterImpl-906ca9d4-12e2-4885-9d3d-2383beb6722b/datanode-2/data/ratis/853822f3-9d06-4098-8d4c-f93b477b0242: created new log segment /workdir/hadoop-ozone/tools/target/test-dir/MiniOzoneClusterImpl-906ca9d4-12e2-4885-9d3d-2383beb6722b/datanode-2/data/ratis/853822f3-9d06-4098-8d4c-f93b477b0242/current/log_inprogress_0
2019-09-19 10:44:07,730 [e855218f-cb01-4dd8-a582-b24365f170a0-SegmentedRaftLogWorker:Storage Directory /workdir/hadoop-ozone/tools/target/test-dir/MiniOzoneClusterImpl-906ca9d4-12e2-4885-9d3d-2383beb6722b/datanode-2/data/ratis/30550a36-23a3-44ab-a966-5a37df2c0a69] INFO  segmented.SegmentedRaftLogWorker (SegmentedRaftLogWorker.java:execute(569)) - e855218f-cb01-4dd8-a582-b24365f170a0-SegmentedRaftLogWorker:Storage Directory /workdir/hadoop-ozone/tools/target/test-dir/MiniOzoneClusterImpl-906ca9d4-12e2-4885-9d3d-2383beb6722b/datanode-2/data/ratis/30550a36-23a3-44ab-a966-5a37df2c0a69: created new log segment /workdir/hadoop-ozone/tools/target/test-dir/MiniOzoneClusterImpl-906ca9d4-12e2-4885-9d3d-2383beb6722b/datanode-2/data/ratis/30550a36-23a3-44ab-a966-5a37df2c0a69/current/log_inprogress_0
2019-09-19 10:44:07,730 [85d03201-45ec-4202-b725-1ee58b28f685-SegmentedRaftLogWorker:Storage Directory /workdir/hadoop-ozone/tools/target/test-dir/MiniOzoneClusterImpl-906ca9d4-12e2-4885-9d3d-2383beb6722b/datanode-0/data/ratis/d765b776-697e-4c0a-9480-22d9a6687f30] INFO  segmented.SegmentedRaftLogWorker (SegmentedRaftLogWorker.java:execute(569)) - 85d03201-45ec-4202-b725-1ee58b28f685-SegmentedRaftLogWorker:Storage Directory /workdir/hadoop-ozone/tools/target/test-dir/MiniOzoneClusterImpl-906ca9d4-12e2-4885-9d3d-2383beb6722b/datanode-0/data/ratis/d765b776-697e-4c0a-9480-22d9a6687f30: created new log segment /workdir/hadoop-ozone/tools/target/test-dir/MiniOzoneClusterImpl-906ca9d4-12e2-4885-9d3d-2383beb6722b/datanode-0/data/ratis/d765b776-697e-4c0a-9480-22d9a6687f30/current/log_inprogress_0
2019-09-19 10:44:07,730 [2d7fb44a-ac7a-4034-a2aa-4953f070935b-SegmentedRaftLogWorker:Storage Directory /workdir/hadoop-ozone/tools/target/test-dir/MiniOzoneClusterImpl-906ca9d4-12e2-4885-9d3d-2383beb6722b/datanode-3/data/ratis/6a3f35d2-4842-432d-ace5-8ed0ab9ec8be] INFO  segmented.SegmentedRaftLogWorker (SegmentedRaftLogWorker.java:execute(569)) - 2d7fb44a-ac7a-4034-a2aa-4953f070935b-SegmentedRaftLogWorker:Storage Directory /workdir/hadoop-ozone/tools/target/test-dir/MiniOzoneClusterImpl-906ca9d4-12e2-4885-9d3d-2383beb6722b/datanode-3/data/ratis/6a3f35d2-4842-432d-ace5-8ed0ab9ec8be: created new log segment /workdir/hadoop-ozone/tools/target/test-dir/MiniOzoneClusterImpl-906ca9d4-12e2-4885-9d3d-2383beb6722b/datanode-3/data/ratis/6a3f35d2-4842-432d-ace5-8ed0ab9ec8be/current/log_inprogress_0
2019-09-19 10:44:07,730 [470b673e-7c3c-4972-9ac8-3342d713d76f:group-A7BB0B84F42F:LeaderElection26] INFO  server.RaftServerConfigKeys (ConfUtils.java:logGet(43)) - raft.server.rpc.sleep.time = 25ms (default)
2019-09-19 10:44:07,728 [470b673e-7c3c-4972-9ac8-3342d713d76f:group-478CF5ADC53E:LeaderElection28] INFO  server.RaftServerConfigKeys (ConfUtils.java:logGet(43)) - raft.server.rpc.sleep.time = 25ms (default)
2019-09-19 10:44:07,728 [2d7fb44a-ac7a-4034-a2aa-4953f070935b:group-5EC86D188DA7:LeaderElection27] INFO  server.RaftServerConfigKeys (ConfUtils.java:logGet(43)) - raft.server.rpc.sleep.time = 25ms (default)
2019-09-19 10:44:07,731 [470b673e-7c3c-4972-9ac8-3342d713d76f:group-478CF5ADC53E:LeaderElection28] INFO  server.RaftServerConfigKeys (ConfUtils.java:logGet(43)) - raft.server.write.element-limit = 4096 (default)
2019-09-19 10:44:07,723 [2d7fb44a-ac7a-4034-a2aa-4953f070935b:group-D84DAF65D89D:LeaderElection25] INFO  segmented.SegmentedRaftLogWorker (SegmentedRaftLogWorker.java:startLogSegment(380)) - 2d7fb44a-ac7a-4034-a2aa-4953f070935b-SegmentedRaftLogWorker:Storage Directory /workdir/hadoop-ozone/tools/target/test-dir/MiniOzoneClusterImpl-906ca9d4-12e2-4885-9d3d-2383beb6722b/datanode-3/data/ratis/c0b5e6d0-3b13-4270-bf80-d84daf65d89d: Starting segment from index:0
2019-09-19 10:44:07,721 [470b673e-7c3c-4972-9ac8-3342d713d76f:group-528104CFCACD:LeaderElection29] INFO  impl.LeaderElection (LeaderElection.java:askForVotes(181)) - 470b673e-7c3c-4972-9ac8-3342d713d76f:group-528104CFCACD:LeaderElection29: begin an election at term 1 for -1: [470b673e-7c3c-4972-9ac8-3342d713d76f:192.168.157.204:38229], old=null
2019-09-19 10:44:07,719 [470b673e-7c3c-4972-9ac8-3342d713d76f:group-B6C108F2066D:LeaderElection24] INFO  segmented.SegmentedRaftLogWorker (SegmentedRaftLogWorker.java:startLogSegment(380)) - 470b673e-7c3c-4972-9ac8-3342d713d76f-SegmentedRaftLogWorker:Storage Directory /workdir/hadoop-ozone/tools/target/test-dir/MiniOzoneClusterImpl-906ca9d4-12e2-4885-9d3d-2383beb6722b/datanode-4/data/ratis/1be115cc-fb69-42a5-9f12-b6c108f2066d: Starting segment from index:0
2019-09-19 10:44:07,717 [ef60016b-37d8-4c81-9b85-999ba158dbb2-SegmentedRaftLogWorker:Storage Directory /workdir/hadoop-ozone/tools/target/test-dir/MiniOzoneClusterImpl-906ca9d4-12e2-4885-9d3d-2383beb6722b/datanode-1/data/ratis/0bbef6e3-a704-4a49-b821-c4f3f4e1c43d] INFO  segmented.SegmentedRaftLogWorker (SegmentedRaftLogWorker.java:execute(569)) - ef60016b-37d8-4c81-9b85-999ba158dbb2-SegmentedRaftLogWorker:Storage Directory /workdir/hadoop-ozone/tools/target/test-dir/MiniOzoneClusterImpl-906ca9d4-12e2-4885-9d3d-2383beb6722b/datanode-1/data/ratis/0bbef6e3-a704-4a49-b821-c4f3f4e1c43d: created new log segment /workdir/hadoop-ozone/tools/target/test-dir/MiniOzoneClusterImpl-906ca9d4-12e2-4885-9d3d-2383beb6722b/datanode-1/data/ratis/0bbef6e3-a704-4a49-b821-c4f3f4e1c43d/current/log_inprogress_0
2019-09-19 10:44:07,717 [Thread-303] INFO  impl.FollowerState (FollowerState.java:run(106)) - 470b673e-7c3c-4972-9ac8-3342d713d76f:group-526CE3265E0A changes to CANDIDATE, lastRpcTime:5121, electionTimeout:5100ms
2019-09-19 10:44:07,732 [470b673e-7c3c-4972-9ac8-3342d713d76f:group-528104CFCACD:LeaderElection29] INFO  impl.RoleInfo (RoleInfo.java:shutdownLeaderElection(134)) - 470b673e-7c3c-4972-9ac8-3342d713d76f: shutdown LeaderElection
2019-09-19 10:44:07,732 [470b673e-7c3c-4972-9ac8-3342d713d76f:group-478CF5ADC53E:LeaderElection28] INFO  server.RaftServerConfigKeys (ConfUtils.java:logGet(43)) - raft.server.watch.timeout = 10s (default)
2019-09-19 10:44:07,731 [2d7fb44a-ac7a-4034-a2aa-4953f070935b:group-5EC86D188DA7:LeaderElection27] INFO  server.RaftServerConfigKeys (ConfUtils.java:logGet(43)) - raft.server.write.element-limit = 4096 (default)
2019-09-19 10:44:07,731 [470b673e-7c3c-4972-9ac8-3342d713d76f:group-A7BB0B84F42F:LeaderElection26] INFO  server.RaftServerConfigKeys (ConfUtils.java:logGet(43)) - raft.server.write.element-limit = 4096 (default)
2019-09-19 10:44:07,730 [85d03201-45ec-4202-b725-1ee58b28f685:group-9B3ECAC46EA7:LeaderElection20] INFO  segmented.SegmentedRaftLogWorker (SegmentedRaftLogWorker.java:startLogSegment(380)) - 85d03201-45ec-4202-b725-1ee58b28f685-SegmentedRaftLogWorker:Storage Directory /workdir/hadoop-ozone/tools/target/test-dir/MiniOzoneClusterImpl-906ca9d4-12e2-4885-9d3d-2383beb6722b/datanode-0/data/ratis/9f19f9d0-375a-4351-b414-9b3ecac46ea7: Starting segment from index:0
2019-09-19 10:44:07,733 [470b673e-7c3c-4972-9ac8-3342d713d76f:group-A7BB0B84F42F:LeaderElection26] INFO  server.RaftServerConfigKeys (ConfUtils.java:logGet(43)) - raft.server.watch.timeout = 10s (default)
2019-09-19 10:44:07,733 [2d7fb44a-ac7a-4034-a2aa-4953f070935b:group-5EC86D188DA7:LeaderElection27] INFO  server.RaftServerConfigKeys (ConfUtils.java:logGet(43)) - raft.server.watch.timeout = 10s (default)
2019-09-19 10:44:07,733 [2d7fb44a-ac7a-4034-a2aa-4953f070935b:group-5EC86D188DA7:LeaderElection27] INFO  server.RaftServerConfigKeys (ConfUtils.java:logGet(43)) - raft.server.watch.timeout.denomination = 1s (default)
2019-09-19 10:44:07,733 [470b673e-7c3c-4972-9ac8-3342d713d76f:group-478CF5ADC53E:LeaderElection28] INFO  server.RaftServerConfigKeys (ConfUtils.java:logGet(43)) - raft.server.watch.timeout.denomination = 1s (default)
2019-09-19 10:44:07,732 [470b673e-7c3c-4972-9ac8-3342d713d76f:group-528104CFCACD:LeaderElection29] INFO  impl.RaftServerImpl (RaftServerImpl.java:setRole(171)) - 470b673e-7c3c-4972-9ac8-3342d713d76f:group-528104CFCACD changes role from CANDIDATE to LEADER at term 1 for changeToLeader
2019-09-19 10:44:07,732 [Thread-303] INFO  impl.RoleInfo (RoleInfo.java:shutdownFollowerState(121)) - 470b673e-7c3c-4972-9ac8-3342d713d76f: shutdown FollowerState
2019-09-19 10:44:07,734 [470b673e-7c3c-4972-9ac8-3342d713d76f:group-528104CFCACD:LeaderElection29] INFO  impl.RaftServerImpl (ServerState.java:setLeader(263)) - 470b673e-7c3c-4972-9ac8-3342d713d76f:group-528104CFCACD change Leader from null to 470b673e-7c3c-4972-9ac8-3342d713d76f at term 1 for becomeLeader, leader elected after 5189ms
2019-09-19 10:44:07,734 [470b673e-7c3c-4972-9ac8-3342d713d76f:group-478CF5ADC53E:LeaderElection28] INFO  server.RaftServerConfigKeys (ConfUtils.java:logGet(43)) - raft.server.watch.element-limit = 65536 (default)
2019-09-19 10:44:07,733 [2d7fb44a-ac7a-4034-a2aa-4953f070935b:group-5EC86D188DA7:LeaderElection27] INFO  server.RaftServerConfigKeys (ConfUtils.java:logGet(43)) - raft.server.watch.element-limit = 65536 (default)
2019-09-19 10:44:07,733 [470b673e-7c3c-4972-9ac8-3342d713d76f:group-A7BB0B84F42F:LeaderElection26] INFO  server.RaftServerConfigKeys (ConfUtils.java:logGet(43)) - raft.server.watch.timeout.denomination = 1s (default)
2019-09-19 10:44:07,734 [2d7fb44a-ac7a-4034-a2aa-4953f070935b:group-5EC86D188DA7:LeaderElection27] INFO  impl.RoleInfo (RoleInfo.java:updateAndGet(143)) - 2d7fb44a-ac7a-4034-a2aa-4953f070935b: start LeaderState
2019-09-19 10:44:07,734 [470b673e-7c3c-4972-9ac8-3342d713d76f:group-478CF5ADC53E:LeaderElection28] INFO  impl.RoleInfo (RoleInfo.java:updateAndGet(143)) - 470b673e-7c3c-4972-9ac8-3342d713d76f: start LeaderState
2019-09-19 10:44:07,734 [470b673e-7c3c-4972-9ac8-3342d713d76f:group-528104CFCACD:LeaderElection29] INFO  server.RaftServerConfigKeys (ConfUtils.java:logGet(43)) - raft.server.staging.catchup.gap = 1000 (default)
2019-09-19 10:44:07,734 [Thread-303] INFO  impl.RaftServerImpl (RaftServerImpl.java:setRole(171)) - 470b673e-7c3c-4972-9ac8-3342d713d76f:group-526CE3265E0A changes role from FOLLOWER to CANDIDATE at term 0 for changeToCandidate
2019-09-19 10:44:07,735 [470b673e-7c3c-4972-9ac8-3342d713d76f:group-478CF5ADC53E:LeaderElection28] INFO  segmented.SegmentedRaftLogWorker (SegmentedRaftLogWorker.java:startLogSegment(380)) - 470b673e-7c3c-4972-9ac8-3342d713d76f-SegmentedRaftLogWorker:Storage Directory /workdir/hadoop-ozone/tools/target/test-dir/MiniOzoneClusterImpl-906ca9d4-12e2-4885-9d3d-2383beb6722b/datanode-4/data/ratis/fd38ce41-6f77-43dc-90c3-478cf5adc53e: Starting segment from index:0
2019-09-19 10:44:07,735 [470b673e-7c3c-4972-9ac8-3342d713d76f:group-528104CFCACD:LeaderElection29] INFO  server.RaftServerConfigKeys (ConfUtils.java:logGet(43)) - raft.server.rpc.sleep.time = 25ms (default)
2019-09-19 10:44:07,735 [2d7fb44a-ac7a-4034-a2aa-4953f070935b:group-5EC86D188DA7:LeaderElection27] INFO  segmented.SegmentedRaftLogWorker (SegmentedRaftLogWorker.java:startLogSegment(380)) - 2d7fb44a-ac7a-4034-a2aa-4953f070935b-SegmentedRaftLogWorker:Storage Directory /workdir/hadoop-ozone/tools/target/test-dir/MiniOzoneClusterImpl-906ca9d4-12e2-4885-9d3d-2383beb6722b/datanode-3/data/ratis/db9f915a-3366-40a8-aaaf-5ec86d188da7: Starting segment from index:0
2019-09-19 10:44:07,734 [470b673e-7c3c-4972-9ac8-3342d713d76f:group-A7BB0B84F42F:LeaderElection26] INFO  server.RaftServerConfigKeys (ConfUtils.java:logGet(43)) - raft.server.watch.element-limit = 65536 (default)
2019-09-19 10:44:07,736 [470b673e-7c3c-4972-9ac8-3342d713d76f:group-A7BB0B84F42F:LeaderElection26] INFO  impl.RoleInfo (RoleInfo.java:updateAndGet(143)) - 470b673e-7c3c-4972-9ac8-3342d713d76f: start LeaderState
2019-09-19 10:44:07,736 [470b673e-7c3c-4972-9ac8-3342d713d76f:group-A7BB0B84F42F:LeaderElection26] INFO  segmented.SegmentedRaftLogWorker (SegmentedRaftLogWorker.java:startLogSegment(380)) - 470b673e-7c3c-4972-9ac8-3342d713d76f-SegmentedRaftLogWorker:Storage Directory /workdir/hadoop-ozone/tools/target/test-dir/MiniOzoneClusterImpl-906ca9d4-12e2-4885-9d3d-2383beb6722b/datanode-4/data/ratis/bec4765c-ef5a-4773-af86-a7bb0b84f42f: Starting segment from index:0
2019-09-19 10:44:07,769 [2d7fb44a-ac7a-4034-a2aa-4953f070935b-SegmentedRaftLogWorker:Storage Directory /workdir/hadoop-ozone/tools/target/test-dir/MiniOzoneClusterImpl-906ca9d4-12e2-4885-9d3d-2383beb6722b/datanode-3/data/ratis/c0b5e6d0-3b13-4270-bf80-d84daf65d89d] INFO  segmented.SegmentedRaftLogWorker (SegmentedRaftLogWorker.java:execute(569)) - 2d7fb44a-ac7a-4034-a2aa-4953f070935b-SegmentedRaftLogWorker:Storage Directory /workdir/hadoop-ozone/tools/target/test-dir/MiniOzoneClusterImpl-906ca9d4-12e2-4885-9d3d-2383beb6722b/datanode-3/data/ratis/c0b5e6d0-3b13-4270-bf80-d84daf65d89d: created new log segment /workdir/hadoop-ozone/tools/target/test-dir/MiniOzoneClusterImpl-906ca9d4-12e2-4885-9d3d-2383beb6722b/datanode-3/data/ratis/c0b5e6d0-3b13-4270-bf80-d84daf65d89d/current/log_inprogress_0
2019-09-19 10:44:07,970 | INFO  | SCMAudit | user=jenkins1000 | ip=192.168.157.204 | op=SEND_HEARTBEAT {datanodeUUID=ef60016b-37d8-4c81-9b85-999ba158dbb2, command=[]} | ret=SUCCESS |  
2019-09-19 10:44:07,980 [2d7fb44a-ac7a-4034-a2aa-4953f070935b:group-D84DAF65D89D:LeaderElection25] INFO  impl.RaftServerImpl (ServerState.java:setRaftConf(361)) - 2d7fb44a-ac7a-4034-a2aa-4953f070935b:group-D84DAF65D89D set configuration 0: [2d7fb44a-ac7a-4034-a2aa-4953f070935b:192.168.157.204:33301], old=null at 0
2019-09-19 10:44:07,980 [470b673e-7c3c-4972-9ac8-3342d713d76f:group-528104CFCACD:LeaderElection29] INFO  server.RaftServerConfigKeys (ConfUtils.java:logGet(43)) - raft.server.write.element-limit = 4096 (default)
2019-09-19 10:44:07,980 [Thread-303] INFO  impl.RoleInfo (RoleInfo.java:updateAndGet(143)) - 470b673e-7c3c-4972-9ac8-3342d713d76f: start LeaderElection
2019-09-19 10:44:07,981 [470b673e-7c3c-4972-9ac8-3342d713d76f:group-A7BB0B84F42F:LeaderElection26] INFO  impl.RaftServerImpl (ServerState.java:setRaftConf(361)) - 470b673e-7c3c-4972-9ac8-3342d713d76f:group-A7BB0B84F42F set configuration 0: [470b673e-7c3c-4972-9ac8-3342d713d76f:192.168.157.204:38229], old=null at 0
2019-09-19 10:44:07,981 [470b673e-7c3c-4972-9ac8-3342d713d76f:group-B6C108F2066D:LeaderElection24] INFO  impl.RaftServerImpl (ServerState.java:setRaftConf(361)) - 470b673e-7c3c-4972-9ac8-3342d713d76f:group-B6C108F2066D set configuration 0: [470b673e-7c3c-4972-9ac8-3342d713d76f:192.168.157.204:38229], old=null at 0
2019-09-19 10:44:07,980 [470b673e-7c3c-4972-9ac8-3342d713d76f:group-528104CFCACD:LeaderElection29] INFO  server.RaftServerConfigKeys (ConfUtils.java:logGet(43)) - raft.server.watch.timeout = 10s (default)
2019-09-19 10:44:07,980 [2d7fb44a-ac7a-4034-a2aa-4953f070935b:group-5EC86D188DA7:LeaderElection27] INFO  impl.RaftServerImpl (ServerState.java:setRaftConf(361)) - 2d7fb44a-ac7a-4034-a2aa-4953f070935b:group-5EC86D188DA7 set configuration 0: [2d7fb44a-ac7a-4034-a2aa-4953f070935b:192.168.157.204:33301], old=null at 0
2019-09-19 10:44:08,031 [85d03201-45ec-4202-b725-1ee58b28f685:group-9B3ECAC46EA7:LeaderElection20] INFO  impl.RaftServerImpl (ServerState.java:setRaftConf(361)) - 85d03201-45ec-4202-b725-1ee58b28f685:group-9B3ECAC46EA7 set configuration 0: [85d03201-45ec-4202-b725-1ee58b28f685:192.168.157.204:34005], old=null at 0
2019-09-19 10:44:07,981 [470b673e-7c3c-4972-9ac8-3342d713d76f:group-528104CFCACD:LeaderElection29] INFO  server.RaftServerConfigKeys (ConfUtils.java:logGet(43)) - raft.server.watch.timeout.denomination = 1s (default)
2019-09-19 10:44:07,981 [470b673e-7c3c-4972-9ac8-3342d713d76f:group-478CF5ADC53E:LeaderElection28] INFO  impl.RaftServerImpl (ServerState.java:setRaftConf(361)) - 470b673e-7c3c-4972-9ac8-3342d713d76f:group-478CF5ADC53E set configuration 0: [470b673e-7c3c-4972-9ac8-3342d713d76f:192.168.157.204:38229], old=null at 0
2019-09-19 10:44:08,036 [470b673e-7c3c-4972-9ac8-3342d713d76f:group-528104CFCACD:LeaderElection29] INFO  server.RaftServerConfigKeys (ConfUtils.java:logGet(43)) - raft.server.watch.element-limit = 65536 (default)
2019-09-19 10:44:08,038 [470b673e-7c3c-4972-9ac8-3342d713d76f:group-528104CFCACD:LeaderElection29] INFO  impl.RoleInfo (RoleInfo.java:updateAndGet(143)) - 470b673e-7c3c-4972-9ac8-3342d713d76f: start LeaderState
2019-09-19 10:44:08,038 [470b673e-7c3c-4972-9ac8-3342d713d76f:group-528104CFCACD:LeaderElection29] INFO  segmented.SegmentedRaftLogWorker (SegmentedRaftLogWorker.java:startLogSegment(380)) - 470b673e-7c3c-4972-9ac8-3342d713d76f-SegmentedRaftLogWorker:Storage Directory /workdir/hadoop-ozone/tools/target/test-dir/MiniOzoneClusterImpl-906ca9d4-12e2-4885-9d3d-2383beb6722b/datanode-4/data/ratis/afc8eefe-1a0a-40a0-a26c-528104cfcacd: Starting segment from index:0
2019-09-19 10:44:08,047 [470b673e-7c3c-4972-9ac8-3342d713d76f-SegmentedRaftLogWorker:Storage Directory /workdir/hadoop-ozone/tools/target/test-dir/MiniOzoneClusterImpl-906ca9d4-12e2-4885-9d3d-2383beb6722b/datanode-4/data/ratis/bec4765c-ef5a-4773-af86-a7bb0b84f42f] INFO  segmented.SegmentedRaftLogWorker (SegmentedRaftLogWorker.java:execute(569)) - 470b673e-7c3c-4972-9ac8-3342d713d76f-SegmentedRaftLogWorker:Storage Directory /workdir/hadoop-ozone/tools/target/test-dir/MiniOzoneClusterImpl-906ca9d4-12e2-4885-9d3d-2383beb6722b/datanode-4/data/ratis/bec4765c-ef5a-4773-af86-a7bb0b84f42f: created new log segment /workdir/hadoop-ozone/tools/target/test-dir/MiniOzoneClusterImpl-906ca9d4-12e2-4885-9d3d-2383beb6722b/datanode-4/data/ratis/bec4765c-ef5a-4773-af86-a7bb0b84f42f/current/log_inprogress_0
2019-09-19 10:44:08,047 [85d03201-45ec-4202-b725-1ee58b28f685-SegmentedRaftLogWorker:Storage Directory /workdir/hadoop-ozone/tools/target/test-dir/MiniOzoneClusterImpl-906ca9d4-12e2-4885-9d3d-2383beb6722b/datanode-0/data/ratis/9f19f9d0-375a-4351-b414-9b3ecac46ea7] INFO  segmented.SegmentedRaftLogWorker (SegmentedRaftLogWorker.java:execute(569)) - 85d03201-45ec-4202-b725-1ee58b28f685-SegmentedRaftLogWorker:Storage Directory /workdir/hadoop-ozone/tools/target/test-dir/MiniOzoneClusterImpl-906ca9d4-12e2-4885-9d3d-2383beb6722b/datanode-0/data/ratis/9f19f9d0-375a-4351-b414-9b3ecac46ea7: created new log segment /workdir/hadoop-ozone/tools/target/test-dir/MiniOzoneClusterImpl-906ca9d4-12e2-4885-9d3d-2383beb6722b/datanode-0/data/ratis/9f19f9d0-375a-4351-b414-9b3ecac46ea7/current/log_inprogress_0
2019-09-19 10:44:08,047 [470b673e-7c3c-4972-9ac8-3342d713d76f-SegmentedRaftLogWorker:Storage Directory /workdir/hadoop-ozone/tools/target/test-dir/MiniOzoneClusterImpl-906ca9d4-12e2-4885-9d3d-2383beb6722b/datanode-4/data/ratis/fd38ce41-6f77-43dc-90c3-478cf5adc53e] INFO  segmented.SegmentedRaftLogWorker (SegmentedRaftLogWorker.java:execute(569)) - 470b673e-7c3c-4972-9ac8-3342d713d76f-SegmentedRaftLogWorker:Storage Directory /workdir/hadoop-ozone/tools/target/test-dir/MiniOzoneClusterImpl-906ca9d4-12e2-4885-9d3d-2383beb6722b/datanode-4/data/ratis/fd38ce41-6f77-43dc-90c3-478cf5adc53e: created new log segment /workdir/hadoop-ozone/tools/target/test-dir/MiniOzoneClusterImpl-906ca9d4-12e2-4885-9d3d-2383beb6722b/datanode-4/data/ratis/fd38ce41-6f77-43dc-90c3-478cf5adc53e/current/log_inprogress_0
2019-09-19 10:44:08,047 [2d7fb44a-ac7a-4034-a2aa-4953f070935b-SegmentedRaftLogWorker:Storage Directory /workdir/hadoop-ozone/tools/target/test-dir/MiniOzoneClusterImpl-906ca9d4-12e2-4885-9d3d-2383beb6722b/datanode-3/data/ratis/db9f915a-3366-40a8-aaaf-5ec86d188da7] INFO  segmented.SegmentedRaftLogWorker (SegmentedRaftLogWorker.java:execute(569)) - 2d7fb44a-ac7a-4034-a2aa-4953f070935b-SegmentedRaftLogWorker:Storage Directory /workdir/hadoop-ozone/tools/target/test-dir/MiniOzoneClusterImpl-906ca9d4-12e2-4885-9d3d-2383beb6722b/datanode-3/data/ratis/db9f915a-3366-40a8-aaaf-5ec86d188da7: created new log segment /workdir/hadoop-ozone/tools/target/test-dir/MiniOzoneClusterImpl-906ca9d4-12e2-4885-9d3d-2383beb6722b/datanode-3/data/ratis/db9f915a-3366-40a8-aaaf-5ec86d188da7/current/log_inprogress_0
2019-09-19 10:44:08,047 [470b673e-7c3c-4972-9ac8-3342d713d76f-SegmentedRaftLogWorker:Storage Directory /workdir/hadoop-ozone/tools/target/test-dir/MiniOzoneClusterImpl-906ca9d4-12e2-4885-9d3d-2383beb6722b/datanode-4/data/ratis/1be115cc-fb69-42a5-9f12-b6c108f2066d] INFO  segmented.SegmentedRaftLogWorker (SegmentedRaftLogWorker.java:execute(569)) - 470b673e-7c3c-4972-9ac8-3342d713d76f-SegmentedRaftLogWorker:Storage Directory /workdir/hadoop-ozone/tools/target/test-dir/MiniOzoneClusterImpl-906ca9d4-12e2-4885-9d3d-2383beb6722b/datanode-4/data/ratis/1be115cc-fb69-42a5-9f12-b6c108f2066d: created new log segment /workdir/hadoop-ozone/tools/target/test-dir/MiniOzoneClusterImpl-906ca9d4-12e2-4885-9d3d-2383beb6722b/datanode-4/data/ratis/1be115cc-fb69-42a5-9f12-b6c108f2066d/current/log_inprogress_0
2019-09-19 10:44:08,047 [470b673e-7c3c-4972-9ac8-3342d713d76f:group-526CE3265E0A:LeaderElection30] INFO  impl.LeaderElection (LeaderElection.java:askForVotes(181)) - 470b673e-7c3c-4972-9ac8-3342d713d76f:group-526CE3265E0A:LeaderElection30: begin an election at term 1 for -1: [470b673e-7c3c-4972-9ac8-3342d713d76f:192.168.157.204:38229], old=null
2019-09-19 10:44:08,048 [470b673e-7c3c-4972-9ac8-3342d713d76f:group-526CE3265E0A:LeaderElection30] INFO  impl.RoleInfo (RoleInfo.java:shutdownLeaderElection(134)) - 470b673e-7c3c-4972-9ac8-3342d713d76f: shutdown LeaderElection
2019-09-19 10:44:08,048 [470b673e-7c3c-4972-9ac8-3342d713d76f:group-526CE3265E0A:LeaderElection30] INFO  impl.RaftServerImpl (RaftServerImpl.java:setRole(171)) - 470b673e-7c3c-4972-9ac8-3342d713d76f:group-526CE3265E0A changes role from CANDIDATE to LEADER at term 1 for changeToLeader
2019-09-19 10:44:08,048 [470b673e-7c3c-4972-9ac8-3342d713d76f:group-526CE3265E0A:LeaderElection30] INFO  impl.RaftServerImpl (ServerState.java:setLeader(263)) - 470b673e-7c3c-4972-9ac8-3342d713d76f:group-526CE3265E0A change Leader from null to 470b673e-7c3c-4972-9ac8-3342d713d76f at term 1 for becomeLeader, leader elected after 5456ms
2019-09-19 10:44:08,048 [470b673e-7c3c-4972-9ac8-3342d713d76f:group-526CE3265E0A:LeaderElection30] INFO  server.RaftServerConfigKeys (ConfUtils.java:logGet(43)) - raft.server.staging.catchup.gap = 1000 (default)
2019-09-19 10:44:08,048 [470b673e-7c3c-4972-9ac8-3342d713d76f:group-526CE3265E0A:LeaderElection30] INFO  server.RaftServerConfigKeys (ConfUtils.java:logGet(43)) - raft.server.rpc.sleep.time = 25ms (default)
2019-09-19 10:44:08,080 [470b673e-7c3c-4972-9ac8-3342d713d76f-SegmentedRaftLogWorker:Storage Directory /workdir/hadoop-ozone/tools/target/test-dir/MiniOzoneClusterImpl-906ca9d4-12e2-4885-9d3d-2383beb6722b/datanode-4/data/ratis/afc8eefe-1a0a-40a0-a26c-528104cfcacd] INFO  segmented.SegmentedRaftLogWorker (SegmentedRaftLogWorker.java:execute(569)) - 470b673e-7c3c-4972-9ac8-3342d713d76f-SegmentedRaftLogWorker:Storage Directory /workdir/hadoop-ozone/tools/target/test-dir/MiniOzoneClusterImpl-906ca9d4-12e2-4885-9d3d-2383beb6722b/datanode-4/data/ratis/afc8eefe-1a0a-40a0-a26c-528104cfcacd: created new log segment /workdir/hadoop-ozone/tools/target/test-dir/MiniOzoneClusterImpl-906ca9d4-12e2-4885-9d3d-2383beb6722b/datanode-4/data/ratis/afc8eefe-1a0a-40a0-a26c-528104cfcacd/current/log_inprogress_0
2019-09-19 10:44:08,306 [470b673e-7c3c-4972-9ac8-3342d713d76f:group-528104CFCACD:LeaderElection29] INFO  impl.RaftServerImpl (ServerState.java:setRaftConf(361)) - 470b673e-7c3c-4972-9ac8-3342d713d76f:group-528104CFCACD set configuration 0: [470b673e-7c3c-4972-9ac8-3342d713d76f:192.168.157.204:38229], old=null at 0
2019-09-19 10:44:08,307 [470b673e-7c3c-4972-9ac8-3342d713d76f:group-526CE3265E0A:LeaderElection30] INFO  server.RaftServerConfigKeys (ConfUtils.java:logGet(43)) - raft.server.write.element-limit = 4096 (default)
2019-09-19 10:44:08,310 [470b673e-7c3c-4972-9ac8-3342d713d76f:group-526CE3265E0A:LeaderElection30] INFO  server.RaftServerConfigKeys (ConfUtils.java:logGet(43)) - raft.server.watch.timeout = 10s (default)
2019-09-19 10:44:08,310 [470b673e-7c3c-4972-9ac8-3342d713d76f:group-526CE3265E0A:LeaderElection30] INFO  server.RaftServerConfigKeys (ConfUtils.java:logGet(43)) - raft.server.watch.timeout.denomination = 1s (default)
2019-09-19 10:44:08,310 [470b673e-7c3c-4972-9ac8-3342d713d76f:group-526CE3265E0A:LeaderElection30] INFO  server.RaftServerConfigKeys (ConfUtils.java:logGet(43)) - raft.server.watch.element-limit = 65536 (default)
2019-09-19 10:44:08,310 [470b673e-7c3c-4972-9ac8-3342d713d76f:group-526CE3265E0A:LeaderElection30] INFO  impl.RoleInfo (RoleInfo.java:updateAndGet(143)) - 470b673e-7c3c-4972-9ac8-3342d713d76f: start LeaderState
2019-09-19 10:44:08,311 [470b673e-7c3c-4972-9ac8-3342d713d76f:group-526CE3265E0A:LeaderElection30] INFO  segmented.SegmentedRaftLogWorker (SegmentedRaftLogWorker.java:startLogSegment(380)) - 470b673e-7c3c-4972-9ac8-3342d713d76f-SegmentedRaftLogWorker:Storage Directory /workdir/hadoop-ozone/tools/target/test-dir/MiniOzoneClusterImpl-906ca9d4-12e2-4885-9d3d-2383beb6722b/datanode-4/data/ratis/4cf8cf06-d612-417f-a7a2-526ce3265e0a: Starting segment from index:0
2019-09-19 10:44:08,311 [470b673e-7c3c-4972-9ac8-3342d713d76f:group-526CE3265E0A:LeaderElection30] INFO  impl.RaftServerImpl (ServerState.java:setRaftConf(361)) - 470b673e-7c3c-4972-9ac8-3342d713d76f:group-526CE3265E0A set configuration 0: [470b673e-7c3c-4972-9ac8-3342d713d76f:192.168.157.204:38229], old=null at 0
2019-09-19 10:44:08,356 [470b673e-7c3c-4972-9ac8-3342d713d76f-SegmentedRaftLogWorker:Storage Directory /workdir/hadoop-ozone/tools/target/test-dir/MiniOzoneClusterImpl-906ca9d4-12e2-4885-9d3d-2383beb6722b/datanode-4/data/ratis/4cf8cf06-d612-417f-a7a2-526ce3265e0a] INFO  segmented.SegmentedRaftLogWorker (SegmentedRaftLogWorker.java:execute(569)) - 470b673e-7c3c-4972-9ac8-3342d713d76f-SegmentedRaftLogWorker:Storage Directory /workdir/hadoop-ozone/tools/target/test-dir/MiniOzoneClusterImpl-906ca9d4-12e2-4885-9d3d-2383beb6722b/datanode-4/data/ratis/4cf8cf06-d612-417f-a7a2-526ce3265e0a: created new log segment /workdir/hadoop-ozone/tools/target/test-dir/MiniOzoneClusterImpl-906ca9d4-12e2-4885-9d3d-2383beb6722b/datanode-4/data/ratis/4cf8cf06-d612-417f-a7a2-526ce3265e0a/current/log_inprogress_0
2019-09-19 10:44:08,489 | INFO  | SCMAudit | user=jenkins1000 | ip=192.168.157.204 | op=SEND_HEARTBEAT {datanodeUUID=2d7fb44a-ac7a-4034-a2aa-4953f070935b, command=[]} | ret=SUCCESS |  
2019-09-19 10:44:08,584 | INFO  | SCMAudit | user=jenkins1000 | ip=192.168.157.204 | op=SEND_HEARTBEAT {datanodeUUID=e855218f-cb01-4dd8-a582-b24365f170a0, command=[]} | ret=SUCCESS |  
2019-09-19 10:44:08,670 | INFO  | SCMAudit | user=jenkins1000 | ip=192.168.157.204 | op=SEND_HEARTBEAT {datanodeUUID=470b673e-7c3c-4972-9ac8-3342d713d76f, command=[]} | ret=SUCCESS |  
2019-09-19 10:44:08,717 | INFO  | SCMAudit | user=jenkins1000 | ip=192.168.157.204 | op=SEND_HEARTBEAT {datanodeUUID=85d03201-45ec-4202-b725-1ee58b28f685, command=[]} | ret=SUCCESS |  
2019-09-19 10:44:08,969 | INFO  | SCMAudit | user=jenkins1000 | ip=192.168.157.204 | op=SEND_HEARTBEAT {datanodeUUID=ef60016b-37d8-4c81-9b85-999ba158dbb2, command=[]} | ret=SUCCESS |  
2019-09-19 10:44:09,489 | INFO  | SCMAudit | user=jenkins1000 | ip=192.168.157.204 | op=SEND_HEARTBEAT {datanodeUUID=2d7fb44a-ac7a-4034-a2aa-4953f070935b, command=[]} | ret=SUCCESS |  
2019-09-19 10:44:09,586 | INFO  | SCMAudit | user=jenkins1000 | ip=192.168.157.204 | op=SEND_HEARTBEAT {datanodeUUID=e855218f-cb01-4dd8-a582-b24365f170a0, command=[]} | ret=SUCCESS |  
2019-09-19 10:44:09,670 | INFO  | SCMAudit | user=jenkins1000 | ip=192.168.157.204 | op=SEND_HEARTBEAT {datanodeUUID=470b673e-7c3c-4972-9ac8-3342d713d76f, command=[]} | ret=SUCCESS |  
2019-09-19 10:44:09,718 | INFO  | SCMAudit | user=jenkins1000 | ip=192.168.157.204 | op=SEND_HEARTBEAT {datanodeUUID=85d03201-45ec-4202-b725-1ee58b28f685, command=[]} | ret=SUCCESS |  
2019-09-19 10:44:09,970 | INFO  | SCMAudit | user=jenkins1000 | ip=192.168.157.204 | op=SEND_HEARTBEAT {datanodeUUID=ef60016b-37d8-4c81-9b85-999ba158dbb2, command=[]} | ret=SUCCESS |  
2019-09-19 10:44:10,489 | INFO  | SCMAudit | user=jenkins1000 | ip=192.168.157.204 | op=SEND_HEARTBEAT {datanodeUUID=2d7fb44a-ac7a-4034-a2aa-4953f070935b, command=[]} | ret=SUCCESS |  
2019-09-19 10:44:10,586 | INFO  | SCMAudit | user=jenkins1000 | ip=192.168.157.204 | op=SEND_HEARTBEAT {datanodeUUID=e855218f-cb01-4dd8-a582-b24365f170a0, command=[]} | ret=SUCCESS |  
2019-09-19 10:44:10,670 | INFO  | SCMAudit | user=jenkins1000 | ip=192.168.157.204 | op=SEND_HEARTBEAT {datanodeUUID=470b673e-7c3c-4972-9ac8-3342d713d76f, command=[]} | ret=SUCCESS |  
2019-09-19 10:44:10,718 | INFO  | SCMAudit | user=jenkins1000 | ip=192.168.157.204 | op=SEND_HEARTBEAT {datanodeUUID=85d03201-45ec-4202-b725-1ee58b28f685, command=[]} | ret=SUCCESS |  
2019-09-19 10:44:10,969 | INFO  | SCMAudit | user=jenkins1000 | ip=192.168.157.204 | op=SEND_HEARTBEAT {datanodeUUID=ef60016b-37d8-4c81-9b85-999ba158dbb2, command=[]} | ret=SUCCESS |  
]]></system-out>
    <system-err><![CDATA[Sep 19, 2019 10:43:54 AM com.sun.jersey.server.impl.application.WebApplicationImpl _initiate
INFO: Initiating Jersey application, version 'Jersey: 1.19 02/11/2015 03:25 AM'
Sep 19, 2019 10:43:55 AM com.sun.jersey.server.impl.application.WebApplicationImpl _initiate
INFO: Initiating Jersey application, version 'Jersey: 1.19 02/11/2015 03:25 AM'
Sep 19, 2019 10:43:56 AM com.sun.jersey.server.impl.application.WebApplicationImpl _initiate
INFO: Initiating Jersey application, version 'Jersey: 1.19 02/11/2015 03:25 AM'
Sep 19, 2019 10:43:56 AM com.sun.jersey.server.impl.application.WebApplicationImpl _initiate
INFO: Initiating Jersey application, version 'Jersey: 1.19 02/11/2015 03:25 AM'
Sep 19, 2019 10:43:56 AM com.sun.jersey.server.impl.application.WebApplicationImpl _initiate
INFO: Initiating Jersey application, version 'Jersey: 1.19 02/11/2015 03:25 AM'
]]></system-err>
  </testcase>
  <testcase name="standaloneTestLargeKey" classname="org.apache.hadoop.ozone.freon.TestDataValidateWithSafeByteOperations" time="10.129">
    <error message="Allocated 0 blocks. Requested 5 blocks" type="INTERNAL_ERROR org.apache.hadoop.ozone.om.exceptions.OMException">INTERNAL_ERROR org.apache.hadoop.ozone.om.exceptions.OMException: Allocated 0 blocks. Requested 5 blocks
	at org.apache.hadoop.ozone.om.protocolPB.OzoneManagerProtocolClientSideTranslatorPB.handleError(OzoneManagerProtocolClientSideTranslatorPB.java:725)
	at org.apache.hadoop.ozone.om.protocolPB.OzoneManagerProtocolClientSideTranslatorPB.openKey(OzoneManagerProtocolClientSideTranslatorPB.java:716)
	at org.apache.hadoop.ozone.client.rpc.RpcClient.createKey(RpcClient.java:615)
	at org.apache.hadoop.ozone.client.OzoneBucket.createKey(OzoneBucket.java:323)
	at org.apache.hadoop.ozone.freon.RandomKeyGenerator.createKey(RandomKeyGenerator.java:686)
	at org.apache.hadoop.ozone.freon.RandomKeyGenerator.access$1100(RandomKeyGenerator.java:87)
	at org.apache.hadoop.ozone.freon.RandomKeyGenerator$ObjectCreator.run(RandomKeyGenerator.java:606)
	at java.util.concurrent.Executors$RunnableAdapter.call(Executors.java:511)
	at java.util.concurrent.FutureTask.run(FutureTask.java:266)
	at java.util.concurrent.ThreadPoolExecutor.runWorker(ThreadPoolExecutor.java:1149)
	at java.util.concurrent.ThreadPoolExecutor$Worker.run(ThreadPoolExecutor.java:624)
	at java.lang.Thread.run(Thread.java:748)
</error>
    <system-out><![CDATA[2019-09-19 10:44:11,371 [main] INFO  freon.RandomKeyGenerator (RandomKeyGenerator.java:call(275)) - Number of Threads: 10
2019-09-19 10:44:11,371 [main] INFO  freon.RandomKeyGenerator (RandomKeyGenerator.java:call(280)) - Number of Volumes: 1.
2019-09-19 10:44:11,372 [main] INFO  freon.RandomKeyGenerator (RandomKeyGenerator.java:call(281)) - Number of Buckets per Volume: 1.
2019-09-19 10:44:11,372 [main] INFO  freon.RandomKeyGenerator (RandomKeyGenerator.java:call(282)) - Number of Keys per Bucket: 1.
2019-09-19 10:44:11,372 [main] INFO  freon.RandomKeyGenerator (RandomKeyGenerator.java:call(283)) - Key size: 20971520 bytes
2019-09-19 10:44:11,372 [main] INFO  freon.RandomKeyGenerator (RandomKeyGenerator.java:call(284)) - Buffer size: 4096 bytes
2019-09-19 10:44:11,373 [pool-79-thread-1] INFO  rpc.RpcClient (RpcClient.java:createVolume(293)) - Creating Volume: vol-0-43501, with jenkins1000 as owner.
2019-09-19 10:44:11,374 [main] INFO  freon.RandomKeyGenerator (RandomKeyGenerator.java:call(298)) - Data validation is enabled.
2019-09-19 10:44:11,374 [main] INFO  freon.RandomKeyGenerator (RandomKeyGenerator.java:call(304)) - Starting progress bar Thread.

 0.00% |█                                                                                                    |  0/1 Time: 0:00:002019-09-19 10:44:11,378 | INFO  | OMAudit | user=jenkins1000 | ip=127.0.0.1 | op=CREATE_VOLUME {admin=jenkins1000, owner=jenkins1000, volume=vol-0-43501, creationTime=1568889851378, quotaInBytes=1152921504606846976} | ret=SUCCESS |  
2019-09-19 10:44:11,380 | INFO  | OMAudit | user=jenkins1000 | ip=127.0.0.1 | op=READ_VOLUME {volume=vol-0-43501} | ret=SUCCESS |  
2019-09-19 10:44:11,384 [pool-79-thread-2] INFO  rpc.RpcClient (RpcClient.java:createBucket(432)) - Creating Bucket: vol-0-43501/bucket-0-94467, with Versioning false and Storage Type set to DISK and Encryption set to false 
2019-09-19 10:44:11,386 | INFO  | OMAudit | user=jenkins1000 | ip=127.0.0.1 | op=CREATE_BUCKET {volume=vol-0-43501, bucket=bucket-0-94467, acls=[user:jenkins1000:a[ACCESS], group:default:a[ACCESS]], isVersionEnabled=false, storageType=DISK, creationTime=0} | ret=SUCCESS |  
2019-09-19 10:44:11,387 | INFO  | OMAudit | user=jenkins1000 | ip=127.0.0.1 | op=READ_BUCKET {volume=vol-0-43501, bucket=bucket-0-94467} | ret=SUCCESS |  
2019-09-19 10:44:11,403 [IPC Server handler 13 on 39654] ERROR pipeline.PipelinePlacementPolicy (PipelinePlacementPolicy.java:meetCriteria(91)) - Pipeline Placement: Doesn't meet the criteria to be viable node. Heaviness: 6
2019-09-19 10:44:11,403 [IPC Server handler 13 on 39654] ERROR pipeline.PipelinePlacementPolicy (PipelinePlacementPolicy.java:meetCriteria(91)) - Pipeline Placement: Doesn't meet the criteria to be viable node. Heaviness: 6
2019-09-19 10:44:11,403 [IPC Server handler 13 on 39654] ERROR pipeline.PipelinePlacementPolicy (PipelinePlacementPolicy.java:meetCriteria(91)) - Pipeline Placement: Doesn't meet the criteria to be viable node. Heaviness: 6
2019-09-19 10:44:11,403 [IPC Server handler 13 on 39654] ERROR pipeline.PipelinePlacementPolicy (PipelinePlacementPolicy.java:meetCriteria(91)) - Pipeline Placement: Doesn't meet the criteria to be viable node. Heaviness: 6
2019-09-19 10:44:11,404 [IPC Server handler 13 on 39654] ERROR pipeline.PipelinePlacementPolicy (PipelinePlacementPolicy.java:meetCriteria(91)) - Pipeline Placement: Doesn't meet the criteria to be viable node. Heaviness: 6
2019-09-19 10:44:11,404 [IPC Server handler 13 on 39654] ERROR pipeline.PipelinePlacementPolicy (PipelinePlacementPolicy.java:filterViableNodes(146)) - Unable to find enough nodes that meet the criteria that cannot engage in more than 5 pipelines. Nodes required: 3 Found: 0, healthy nodes count inNodeManager: 5.
2019-09-19 10:44:11,404 [IPC Server handler 13 on 39654] ERROR pipeline.SCMPipelineManager (SCMPipelineManager.java:createPipeline(161)) - Pipeline creation failed due to exception: Unable to find enough nodes that meet the criteria that cannot engage in more than 5 pipelines. Nodes required: 3 Found: 0, healthy nodes count inNodeManager: 5.
2019-09-19 10:44:11,404 [IPC Server handler 13 on 39654] WARN  block.BlockManagerImpl (BlockManagerImpl.java:allocateBlock(192)) - Pipeline creation failed for type:RATIS factor:THREE. Retrying get pipelines call once.
org.apache.hadoop.hdds.scm.exceptions.SCMException: Unable to find enough nodes that meet the criteria that cannot engage in more than 5 pipelines. Nodes required: 3 Found: 0, healthy nodes count inNodeManager: 5.
	at org.apache.hadoop.hdds.scm.pipeline.PipelinePlacementPolicy.filterViableNodes(PipelinePlacementPolicy.java:147)
	at org.apache.hadoop.hdds.scm.pipeline.PipelinePlacementPolicy.chooseDatanodes(PipelinePlacementPolicy.java:170)
	at org.apache.hadoop.hdds.scm.pipeline.RatisPipelineProvider.create(RatisPipelineProvider.java:92)
	at org.apache.hadoop.hdds.scm.pipeline.PipelineFactory.create(PipelineFactory.java:57)
	at org.apache.hadoop.hdds.scm.pipeline.SCMPipelineManager.createPipeline(SCMPipelineManager.java:149)
	at org.apache.hadoop.hdds.scm.block.BlockManagerImpl.allocateBlock(BlockManagerImpl.java:190)
	at org.apache.hadoop.hdds.scm.server.SCMBlockProtocolServer.allocateBlock(SCMBlockProtocolServer.java:175)
	at org.apache.hadoop.ozone.protocolPB.ScmBlockLocationProtocolServerSideTranslatorPB.allocateScmBlock(ScmBlockLocationProtocolServerSideTranslatorPB.java:153)
	at org.apache.hadoop.ozone.protocolPB.ScmBlockLocationProtocolServerSideTranslatorPB.send(ScmBlockLocationProtocolServerSideTranslatorPB.java:112)
	at org.apache.hadoop.hdds.protocol.proto.ScmBlockLocationProtocolProtos$ScmBlockLocationProtocolService$2.callBlockingMethod(ScmBlockLocationProtocolProtos.java:13157)
	at org.apache.hadoop.ipc.ProtobufRpcEngine$Server$ProtoBufRpcInvoker.call(ProtobufRpcEngine.java:524)
	at org.apache.hadoop.ipc.RPC$Server.call(RPC.java:1025)
	at org.apache.hadoop.ipc.Server$RpcCall.run(Server.java:876)
	at org.apache.hadoop.ipc.Server$RpcCall.run(Server.java:822)
	at java.security.AccessController.doPrivileged(Native Method)
	at javax.security.auth.Subject.doAs(Subject.java:422)
	at org.apache.hadoop.security.UserGroupInformation.doAs(UserGroupInformation.java:1730)
	at org.apache.hadoop.ipc.Server$Handler.run(Server.java:2682)
2019-09-19 10:44:11,404 [IPC Server handler 13 on 39654] INFO  block.BlockManagerImpl (BlockManagerImpl.java:allocateBlock(198)) - Could not find available pipeline of type:RATIS and factor:THREE even after retrying
2019-09-19 10:44:11,404 [IPC Server handler 13 on 39654] ERROR block.BlockManagerImpl (BlockManagerImpl.java:allocateBlock(222)) - Unable to allocate a block for the size: 4194304, type: RATIS, factor: THREE
2019-09-19 10:44:11,404 [IPC Server handler 13 on 39654] ERROR pipeline.PipelinePlacementPolicy (PipelinePlacementPolicy.java:meetCriteria(91)) - Pipeline Placement: Doesn't meet the criteria to be viable node. Heaviness: 6
2019-09-19 10:44:11,405 [IPC Server handler 13 on 39654] ERROR pipeline.PipelinePlacementPolicy (PipelinePlacementPolicy.java:meetCriteria(91)) - Pipeline Placement: Doesn't meet the criteria to be viable node. Heaviness: 6
2019-09-19 10:44:11,405 [IPC Server handler 13 on 39654] ERROR pipeline.PipelinePlacementPolicy (PipelinePlacementPolicy.java:meetCriteria(91)) - Pipeline Placement: Doesn't meet the criteria to be viable node. Heaviness: 6
2019-09-19 10:44:11,405 [IPC Server handler 13 on 39654] ERROR pipeline.PipelinePlacementPolicy (PipelinePlacementPolicy.java:meetCriteria(91)) - Pipeline Placement: Doesn't meet the criteria to be viable node. Heaviness: 6
2019-09-19 10:44:11,405 [IPC Server handler 13 on 39654] ERROR pipeline.PipelinePlacementPolicy (PipelinePlacementPolicy.java:meetCriteria(91)) - Pipeline Placement: Doesn't meet the criteria to be viable node. Heaviness: 6
2019-09-19 10:44:11,405 [IPC Server handler 13 on 39654] ERROR pipeline.PipelinePlacementPolicy (PipelinePlacementPolicy.java:filterViableNodes(146)) - Unable to find enough nodes that meet the criteria that cannot engage in more than 5 pipelines. Nodes required: 3 Found: 0, healthy nodes count inNodeManager: 5.
2019-09-19 10:44:11,405 [IPC Server handler 13 on 39654] ERROR pipeline.SCMPipelineManager (SCMPipelineManager.java:createPipeline(161)) - Pipeline creation failed due to exception: Unable to find enough nodes that meet the criteria that cannot engage in more than 5 pipelines. Nodes required: 3 Found: 0, healthy nodes count inNodeManager: 5.
2019-09-19 10:44:11,405 [IPC Server handler 13 on 39654] WARN  block.BlockManagerImpl (BlockManagerImpl.java:allocateBlock(192)) - Pipeline creation failed for type:RATIS factor:THREE. Retrying get pipelines call once.
org.apache.hadoop.hdds.scm.exceptions.SCMException: Unable to find enough nodes that meet the criteria that cannot engage in more than 5 pipelines. Nodes required: 3 Found: 0, healthy nodes count inNodeManager: 5.
	at org.apache.hadoop.hdds.scm.pipeline.PipelinePlacementPolicy.filterViableNodes(PipelinePlacementPolicy.java:147)
	at org.apache.hadoop.hdds.scm.pipeline.PipelinePlacementPolicy.chooseDatanodes(PipelinePlacementPolicy.java:170)
	at org.apache.hadoop.hdds.scm.pipeline.RatisPipelineProvider.create(RatisPipelineProvider.java:92)
	at org.apache.hadoop.hdds.scm.pipeline.PipelineFactory.create(PipelineFactory.java:57)
	at org.apache.hadoop.hdds.scm.pipeline.SCMPipelineManager.createPipeline(SCMPipelineManager.java:149)
	at org.apache.hadoop.hdds.scm.block.BlockManagerImpl.allocateBlock(BlockManagerImpl.java:190)
	at org.apache.hadoop.hdds.scm.server.SCMBlockProtocolServer.allocateBlock(SCMBlockProtocolServer.java:175)
	at org.apache.hadoop.ozone.protocolPB.ScmBlockLocationProtocolServerSideTranslatorPB.allocateScmBlock(ScmBlockLocationProtocolServerSideTranslatorPB.java:153)
	at org.apache.hadoop.ozone.protocolPB.ScmBlockLocationProtocolServerSideTranslatorPB.send(ScmBlockLocationProtocolServerSideTranslatorPB.java:112)
	at org.apache.hadoop.hdds.protocol.proto.ScmBlockLocationProtocolProtos$ScmBlockLocationProtocolService$2.callBlockingMethod(ScmBlockLocationProtocolProtos.java:13157)
	at org.apache.hadoop.ipc.ProtobufRpcEngine$Server$ProtoBufRpcInvoker.call(ProtobufRpcEngine.java:524)
	at org.apache.hadoop.ipc.RPC$Server.call(RPC.java:1025)
	at org.apache.hadoop.ipc.Server$RpcCall.run(Server.java:876)
	at org.apache.hadoop.ipc.Server$RpcCall.run(Server.java:822)
	at java.security.AccessController.doPrivileged(Native Method)
	at javax.security.auth.Subject.doAs(Subject.java:422)
	at org.apache.hadoop.security.UserGroupInformation.doAs(UserGroupInformation.java:1730)
	at org.apache.hadoop.ipc.Server$Handler.run(Server.java:2682)
2019-09-19 10:44:11,406 [IPC Server handler 13 on 39654] INFO  block.BlockManagerImpl (BlockManagerImpl.java:allocateBlock(198)) - Could not find available pipeline of type:RATIS and factor:THREE even after retrying
2019-09-19 10:44:11,406 [IPC Server handler 13 on 39654] ERROR block.BlockManagerImpl (BlockManagerImpl.java:allocateBlock(222)) - Unable to allocate a block for the size: 4194304, type: RATIS, factor: THREE
2019-09-19 10:44:11,406 [IPC Server handler 13 on 39654] ERROR pipeline.PipelinePlacementPolicy (PipelinePlacementPolicy.java:meetCriteria(91)) - Pipeline Placement: Doesn't meet the criteria to be viable node. Heaviness: 6
2019-09-19 10:44:11,406 [IPC Server handler 13 on 39654] ERROR pipeline.PipelinePlacementPolicy (PipelinePlacementPolicy.java:meetCriteria(91)) - Pipeline Placement: Doesn't meet the criteria to be viable node. Heaviness: 6
2019-09-19 10:44:11,406 [IPC Server handler 13 on 39654] ERROR pipeline.PipelinePlacementPolicy (PipelinePlacementPolicy.java:meetCriteria(91)) - Pipeline Placement: Doesn't meet the criteria to be viable node. Heaviness: 6
2019-09-19 10:44:11,406 [IPC Server handler 13 on 39654] ERROR pipeline.PipelinePlacementPolicy (PipelinePlacementPolicy.java:meetCriteria(91)) - Pipeline Placement: Doesn't meet the criteria to be viable node. Heaviness: 6
2019-09-19 10:44:11,406 [IPC Server handler 13 on 39654] ERROR pipeline.PipelinePlacementPolicy (PipelinePlacementPolicy.java:meetCriteria(91)) - Pipeline Placement: Doesn't meet the criteria to be viable node. Heaviness: 6
2019-09-19 10:44:11,407 [IPC Server handler 13 on 39654] ERROR pipeline.PipelinePlacementPolicy (PipelinePlacementPolicy.java:filterViableNodes(146)) - Unable to find enough nodes that meet the criteria that cannot engage in more than 5 pipelines. Nodes required: 3 Found: 0, healthy nodes count inNodeManager: 5.
2019-09-19 10:44:11,407 [IPC Server handler 13 on 39654] ERROR pipeline.SCMPipelineManager (SCMPipelineManager.java:createPipeline(161)) - Pipeline creation failed due to exception: Unable to find enough nodes that meet the criteria that cannot engage in more than 5 pipelines. Nodes required: 3 Found: 0, healthy nodes count inNodeManager: 5.
2019-09-19 10:44:11,407 [IPC Server handler 13 on 39654] WARN  block.BlockManagerImpl (BlockManagerImpl.java:allocateBlock(192)) - Pipeline creation failed for type:RATIS factor:THREE. Retrying get pipelines call once.
org.apache.hadoop.hdds.scm.exceptions.SCMException: Unable to find enough nodes that meet the criteria that cannot engage in more than 5 pipelines. Nodes required: 3 Found: 0, healthy nodes count inNodeManager: 5.
	at org.apache.hadoop.hdds.scm.pipeline.PipelinePlacementPolicy.filterViableNodes(PipelinePlacementPolicy.java:147)
	at org.apache.hadoop.hdds.scm.pipeline.PipelinePlacementPolicy.chooseDatanodes(PipelinePlacementPolicy.java:170)
	at org.apache.hadoop.hdds.scm.pipeline.RatisPipelineProvider.create(RatisPipelineProvider.java:92)
	at org.apache.hadoop.hdds.scm.pipeline.PipelineFactory.create(PipelineFactory.java:57)
	at org.apache.hadoop.hdds.scm.pipeline.SCMPipelineManager.createPipeline(SCMPipelineManager.java:149)
	at org.apache.hadoop.hdds.scm.block.BlockManagerImpl.allocateBlock(BlockManagerImpl.java:190)
	at org.apache.hadoop.hdds.scm.server.SCMBlockProtocolServer.allocateBlock(SCMBlockProtocolServer.java:175)
	at org.apache.hadoop.ozone.protocolPB.ScmBlockLocationProtocolServerSideTranslatorPB.allocateScmBlock(ScmBlockLocationProtocolServerSideTranslatorPB.java:153)
	at org.apache.hadoop.ozone.protocolPB.ScmBlockLocationProtocolServerSideTranslatorPB.send(ScmBlockLocationProtocolServerSideTranslatorPB.java:112)
	at org.apache.hadoop.hdds.protocol.proto.ScmBlockLocationProtocolProtos$ScmBlockLocationProtocolService$2.callBlockingMethod(ScmBlockLocationProtocolProtos.java:13157)
	at org.apache.hadoop.ipc.ProtobufRpcEngine$Server$ProtoBufRpcInvoker.call(ProtobufRpcEngine.java:524)
	at org.apache.hadoop.ipc.RPC$Server.call(RPC.java:1025)
	at org.apache.hadoop.ipc.Server$RpcCall.run(Server.java:876)
	at org.apache.hadoop.ipc.Server$RpcCall.run(Server.java:822)
	at java.security.AccessController.doPrivileged(Native Method)
	at javax.security.auth.Subject.doAs(Subject.java:422)
	at org.apache.hadoop.security.UserGroupInformation.doAs(UserGroupInformation.java:1730)
	at org.apache.hadoop.ipc.Server$Handler.run(Server.java:2682)
2019-09-19 10:44:11,407 [IPC Server handler 13 on 39654] INFO  block.BlockManagerImpl (BlockManagerImpl.java:allocateBlock(198)) - Could not find available pipeline of type:RATIS and factor:THREE even after retrying
2019-09-19 10:44:11,407 [IPC Server handler 13 on 39654] ERROR block.BlockManagerImpl (BlockManagerImpl.java:allocateBlock(222)) - Unable to allocate a block for the size: 4194304, type: RATIS, factor: THREE
2019-09-19 10:44:11,407 [IPC Server handler 13 on 39654] ERROR pipeline.PipelinePlacementPolicy (PipelinePlacementPolicy.java:meetCriteria(91)) - Pipeline Placement: Doesn't meet the criteria to be viable node. Heaviness: 6
2019-09-19 10:44:11,407 [IPC Server handler 13 on 39654] ERROR pipeline.PipelinePlacementPolicy (PipelinePlacementPolicy.java:meetCriteria(91)) - Pipeline Placement: Doesn't meet the criteria to be viable node. Heaviness: 6
2019-09-19 10:44:11,408 [IPC Server handler 13 on 39654] ERROR pipeline.PipelinePlacementPolicy (PipelinePlacementPolicy.java:meetCriteria(91)) - Pipeline Placement: Doesn't meet the criteria to be viable node. Heaviness: 6
2019-09-19 10:44:11,408 [IPC Server handler 13 on 39654] ERROR pipeline.PipelinePlacementPolicy (PipelinePlacementPolicy.java:meetCriteria(91)) - Pipeline Placement: Doesn't meet the criteria to be viable node. Heaviness: 6
2019-09-19 10:44:11,408 [IPC Server handler 13 on 39654] ERROR pipeline.PipelinePlacementPolicy (PipelinePlacementPolicy.java:meetCriteria(91)) - Pipeline Placement: Doesn't meet the criteria to be viable node. Heaviness: 6
2019-09-19 10:44:11,408 [IPC Server handler 13 on 39654] ERROR pipeline.PipelinePlacementPolicy (PipelinePlacementPolicy.java:filterViableNodes(146)) - Unable to find enough nodes that meet the criteria that cannot engage in more than 5 pipelines. Nodes required: 3 Found: 0, healthy nodes count inNodeManager: 5.
2019-09-19 10:44:11,408 [IPC Server handler 13 on 39654] ERROR pipeline.SCMPipelineManager (SCMPipelineManager.java:createPipeline(161)) - Pipeline creation failed due to exception: Unable to find enough nodes that meet the criteria that cannot engage in more than 5 pipelines. Nodes required: 3 Found: 0, healthy nodes count inNodeManager: 5.
2019-09-19 10:44:11,408 [IPC Server handler 13 on 39654] WARN  block.BlockManagerImpl (BlockManagerImpl.java:allocateBlock(192)) - Pipeline creation failed for type:RATIS factor:THREE. Retrying get pipelines call once.
org.apache.hadoop.hdds.scm.exceptions.SCMException: Unable to find enough nodes that meet the criteria that cannot engage in more than 5 pipelines. Nodes required: 3 Found: 0, healthy nodes count inNodeManager: 5.
	at org.apache.hadoop.hdds.scm.pipeline.PipelinePlacementPolicy.filterViableNodes(PipelinePlacementPolicy.java:147)
	at org.apache.hadoop.hdds.scm.pipeline.PipelinePlacementPolicy.chooseDatanodes(PipelinePlacementPolicy.java:170)
	at org.apache.hadoop.hdds.scm.pipeline.RatisPipelineProvider.create(RatisPipelineProvider.java:92)
	at org.apache.hadoop.hdds.scm.pipeline.PipelineFactory.create(PipelineFactory.java:57)
	at org.apache.hadoop.hdds.scm.pipeline.SCMPipelineManager.createPipeline(SCMPipelineManager.java:149)
	at org.apache.hadoop.hdds.scm.block.BlockManagerImpl.allocateBlock(BlockManagerImpl.java:190)
	at org.apache.hadoop.hdds.scm.server.SCMBlockProtocolServer.allocateBlock(SCMBlockProtocolServer.java:175)
	at org.apache.hadoop.ozone.protocolPB.ScmBlockLocationProtocolServerSideTranslatorPB.allocateScmBlock(ScmBlockLocationProtocolServerSideTranslatorPB.java:153)
	at org.apache.hadoop.ozone.protocolPB.ScmBlockLocationProtocolServerSideTranslatorPB.send(ScmBlockLocationProtocolServerSideTranslatorPB.java:112)
	at org.apache.hadoop.hdds.protocol.proto.ScmBlockLocationProtocolProtos$ScmBlockLocationProtocolService$2.callBlockingMethod(ScmBlockLocationProtocolProtos.java:13157)
	at org.apache.hadoop.ipc.ProtobufRpcEngine$Server$ProtoBufRpcInvoker.call(ProtobufRpcEngine.java:524)
	at org.apache.hadoop.ipc.RPC$Server.call(RPC.java:1025)
	at org.apache.hadoop.ipc.Server$RpcCall.run(Server.java:876)
	at org.apache.hadoop.ipc.Server$RpcCall.run(Server.java:822)
	at java.security.AccessController.doPrivileged(Native Method)
	at javax.security.auth.Subject.doAs(Subject.java:422)
	at org.apache.hadoop.security.UserGroupInformation.doAs(UserGroupInformation.java:1730)
	at org.apache.hadoop.ipc.Server$Handler.run(Server.java:2682)
2019-09-19 10:44:11,408 [IPC Server handler 13 on 39654] INFO  block.BlockManagerImpl (BlockManagerImpl.java:allocateBlock(198)) - Could not find available pipeline of type:RATIS and factor:THREE even after retrying
2019-09-19 10:44:11,408 [IPC Server handler 13 on 39654] ERROR block.BlockManagerImpl (BlockManagerImpl.java:allocateBlock(222)) - Unable to allocate a block for the size: 4194304, type: RATIS, factor: THREE
2019-09-19 10:44:11,409 [IPC Server handler 13 on 39654] ERROR pipeline.PipelinePlacementPolicy (PipelinePlacementPolicy.java:meetCriteria(91)) - Pipeline Placement: Doesn't meet the criteria to be viable node. Heaviness: 6
2019-09-19 10:44:11,409 [IPC Server handler 13 on 39654] ERROR pipeline.PipelinePlacementPolicy (PipelinePlacementPolicy.java:meetCriteria(91)) - Pipeline Placement: Doesn't meet the criteria to be viable node. Heaviness: 6
2019-09-19 10:44:11,409 [IPC Server handler 13 on 39654] ERROR pipeline.PipelinePlacementPolicy (PipelinePlacementPolicy.java:meetCriteria(91)) - Pipeline Placement: Doesn't meet the criteria to be viable node. Heaviness: 6
2019-09-19 10:44:11,409 [IPC Server handler 13 on 39654] ERROR pipeline.PipelinePlacementPolicy (PipelinePlacementPolicy.java:meetCriteria(91)) - Pipeline Placement: Doesn't meet the criteria to be viable node. Heaviness: 6
2019-09-19 10:44:11,409 [IPC Server handler 13 on 39654] ERROR pipeline.PipelinePlacementPolicy (PipelinePlacementPolicy.java:meetCriteria(91)) - Pipeline Placement: Doesn't meet the criteria to be viable node. Heaviness: 6
2019-09-19 10:44:11,409 [IPC Server handler 13 on 39654] ERROR pipeline.PipelinePlacementPolicy (PipelinePlacementPolicy.java:filterViableNodes(146)) - Unable to find enough nodes that meet the criteria that cannot engage in more than 5 pipelines. Nodes required: 3 Found: 0, healthy nodes count inNodeManager: 5.
2019-09-19 10:44:11,409 [IPC Server handler 13 on 39654] ERROR pipeline.SCMPipelineManager (SCMPipelineManager.java:createPipeline(161)) - Pipeline creation failed due to exception: Unable to find enough nodes that meet the criteria that cannot engage in more than 5 pipelines. Nodes required: 3 Found: 0, healthy nodes count inNodeManager: 5.
2019-09-19 10:44:11,409 [IPC Server handler 13 on 39654] WARN  block.BlockManagerImpl (BlockManagerImpl.java:allocateBlock(192)) - Pipeline creation failed for type:RATIS factor:THREE. Retrying get pipelines call once.
org.apache.hadoop.hdds.scm.exceptions.SCMException: Unable to find enough nodes that meet the criteria that cannot engage in more than 5 pipelines. Nodes required: 3 Found: 0, healthy nodes count inNodeManager: 5.
	at org.apache.hadoop.hdds.scm.pipeline.PipelinePlacementPolicy.filterViableNodes(PipelinePlacementPolicy.java:147)
	at org.apache.hadoop.hdds.scm.pipeline.PipelinePlacementPolicy.chooseDatanodes(PipelinePlacementPolicy.java:170)
	at org.apache.hadoop.hdds.scm.pipeline.RatisPipelineProvider.create(RatisPipelineProvider.java:92)
	at org.apache.hadoop.hdds.scm.pipeline.PipelineFactory.create(PipelineFactory.java:57)
	at org.apache.hadoop.hdds.scm.pipeline.SCMPipelineManager.createPipeline(SCMPipelineManager.java:149)
	at org.apache.hadoop.hdds.scm.block.BlockManagerImpl.allocateBlock(BlockManagerImpl.java:190)
	at org.apache.hadoop.hdds.scm.server.SCMBlockProtocolServer.allocateBlock(SCMBlockProtocolServer.java:175)
	at org.apache.hadoop.ozone.protocolPB.ScmBlockLocationProtocolServerSideTranslatorPB.allocateScmBlock(ScmBlockLocationProtocolServerSideTranslatorPB.java:153)
	at org.apache.hadoop.ozone.protocolPB.ScmBlockLocationProtocolServerSideTranslatorPB.send(ScmBlockLocationProtocolServerSideTranslatorPB.java:112)
	at org.apache.hadoop.hdds.protocol.proto.ScmBlockLocationProtocolProtos$ScmBlockLocationProtocolService$2.callBlockingMethod(ScmBlockLocationProtocolProtos.java:13157)
	at org.apache.hadoop.ipc.ProtobufRpcEngine$Server$ProtoBufRpcInvoker.call(ProtobufRpcEngine.java:524)
	at org.apache.hadoop.ipc.RPC$Server.call(RPC.java:1025)
	at org.apache.hadoop.ipc.Server$RpcCall.run(Server.java:876)
	at org.apache.hadoop.ipc.Server$RpcCall.run(Server.java:822)
	at java.security.AccessController.doPrivileged(Native Method)
	at javax.security.auth.Subject.doAs(Subject.java:422)
	at org.apache.hadoop.security.UserGroupInformation.doAs(UserGroupInformation.java:1730)
	at org.apache.hadoop.ipc.Server$Handler.run(Server.java:2682)
2019-09-19 10:44:11,410 [IPC Server handler 13 on 39654] INFO  block.BlockManagerImpl (BlockManagerImpl.java:allocateBlock(198)) - Could not find available pipeline of type:RATIS and factor:THREE even after retrying
2019-09-19 10:44:11,410 [IPC Server handler 13 on 39654] ERROR block.BlockManagerImpl (BlockManagerImpl.java:allocateBlock(222)) - Unable to allocate a block for the size: 4194304, type: RATIS, factor: THREE
2019-09-19 10:44:11,410 | INFO  | SCMAudit | user=jenkins1000 | ip=192.168.157.204 | op=ALLOCATE_BLOCK {owner=0ae35bb6-9217-4e07-8082-1b0ffa9eda16, size=4194304, type=RATIS, factor=THREE} | ret=SUCCESS |  
2019-09-19 10:44:11,410 | ERROR | OMAudit | user=jenkins1000 | ip=127.0.0.1 | op=ALLOCATE_KEY {volume=vol-0-43501, bucket=bucket-0-94467, key=key-0-00155, dataSize=20971520, replicationType=RATIS, replicationFactor=THREE, keyLocationInfo=null} | ret=FAILURE | org.apache.hadoop.hdds.scm.exceptions.SCMException: Allocated 0 blocks. Requested 5 blocks
	at org.apache.hadoop.hdds.scm.protocolPB.ScmBlockLocationProtocolClientSideTranslatorPB.handleError(ScmBlockLocationProtocolClientSideTranslatorPB.java:118)
	at org.apache.hadoop.hdds.scm.protocolPB.ScmBlockLocationProtocolClientSideTranslatorPB.allocateBlock(ScmBlockLocationProtocolClientSideTranslatorPB.java:156) 
2019-09-19 10:44:11,411 [pool-79-thread-3] ERROR freon.RandomKeyGenerator (RandomKeyGenerator.java:createKey(724)) - Exception while adding key: key-0-00155 in bucket: bucket-0-94467 of volume: vol-0-43501.
INTERNAL_ERROR org.apache.hadoop.ozone.om.exceptions.OMException: Allocated 0 blocks. Requested 5 blocks
	at org.apache.hadoop.ozone.om.protocolPB.OzoneManagerProtocolClientSideTranslatorPB.handleError(OzoneManagerProtocolClientSideTranslatorPB.java:725)
	at org.apache.hadoop.ozone.om.protocolPB.OzoneManagerProtocolClientSideTranslatorPB.openKey(OzoneManagerProtocolClientSideTranslatorPB.java:716)
	at org.apache.hadoop.ozone.client.rpc.RpcClient.createKey(RpcClient.java:615)
	at org.apache.hadoop.ozone.client.OzoneBucket.createKey(OzoneBucket.java:323)
	at org.apache.hadoop.ozone.freon.RandomKeyGenerator.createKey(RandomKeyGenerator.java:686)
	at org.apache.hadoop.ozone.freon.RandomKeyGenerator.access$1100(RandomKeyGenerator.java:87)
	at org.apache.hadoop.ozone.freon.RandomKeyGenerator$ObjectCreator.run(RandomKeyGenerator.java:606)
	at java.util.concurrent.Executors$RunnableAdapter.call(Executors.java:511)
	at java.util.concurrent.FutureTask.run(FutureTask.java:266)
	at java.util.concurrent.ThreadPoolExecutor.runWorker(ThreadPoolExecutor.java:1149)
	at java.util.concurrent.ThreadPoolExecutor$Worker.run(ThreadPoolExecutor.java:624)
	at java.lang.Thread.run(Thread.java:748)
2019-09-19 10:44:11,490 | INFO  | SCMAudit | user=jenkins1000 | ip=192.168.157.204 | op=SEND_HEARTBEAT {datanodeUUID=2d7fb44a-ac7a-4034-a2aa-4953f070935b, command=[]} | ret=SUCCESS |  
2019-09-19 10:44:11,585 | INFO  | SCMAudit | user=jenkins1000 | ip=192.168.157.204 | op=SEND_HEARTBEAT {datanodeUUID=e855218f-cb01-4dd8-a582-b24365f170a0, command=[]} | ret=SUCCESS |  
2019-09-19 10:44:11,669 | INFO  | SCMAudit | user=jenkins1000 | ip=192.168.157.204 | op=SEND_HEARTBEAT {datanodeUUID=470b673e-7c3c-4972-9ac8-3342d713d76f, command=[]} | ret=SUCCESS |  
2019-09-19 10:44:11,717 | INFO  | SCMAudit | user=jenkins1000 | ip=192.168.157.204 | op=SEND_HEARTBEAT {datanodeUUID=85d03201-45ec-4202-b725-1ee58b28f685, command=[]} | ret=SUCCESS |  
2019-09-19 10:44:11,970 | INFO  | SCMAudit | user=jenkins1000 | ip=192.168.157.204 | op=SEND_HEARTBEAT {datanodeUUID=ef60016b-37d8-4c81-9b85-999ba158dbb2, command=[]} | ret=SUCCESS |  
 0.00% |█                                                                                                    |  0/1 Time: 0:00:012019-09-19 10:44:12,490 | INFO  | SCMAudit | user=jenkins1000 | ip=192.168.157.204 | op=SEND_HEARTBEAT {datanodeUUID=2d7fb44a-ac7a-4034-a2aa-4953f070935b, command=[]} | ret=SUCCESS |  
2019-09-19 10:44:12,585 | INFO  | SCMAudit | user=jenkins1000 | ip=192.168.157.204 | op=SEND_HEARTBEAT {datanodeUUID=e855218f-cb01-4dd8-a582-b24365f170a0, command=[]} | ret=SUCCESS |  
2019-09-19 10:44:12,670 | INFO  | SCMAudit | user=jenkins1000 | ip=192.168.157.204 | op=SEND_HEARTBEAT {datanodeUUID=470b673e-7c3c-4972-9ac8-3342d713d76f, command=[]} | ret=SUCCESS |  
2019-09-19 10:44:12,717 | INFO  | SCMAudit | user=jenkins1000 | ip=192.168.157.204 | op=SEND_HEARTBEAT {datanodeUUID=85d03201-45ec-4202-b725-1ee58b28f685, command=[]} | ret=SUCCESS |  
2019-09-19 10:44:12,970 | INFO  | SCMAudit | user=jenkins1000 | ip=192.168.157.204 | op=SEND_HEARTBEAT {datanodeUUID=ef60016b-37d8-4c81-9b85-999ba158dbb2, command=[]} | ret=SUCCESS |  
 0.00% |█                                                                                                    |  0/1 Time: 0:00:022019-09-19 10:44:13,490 | INFO  | SCMAudit | user=jenkins1000 | ip=192.168.157.204 | op=SEND_HEARTBEAT {datanodeUUID=2d7fb44a-ac7a-4034-a2aa-4953f070935b, command=[]} | ret=SUCCESS |  
2019-09-19 10:44:13,586 | INFO  | SCMAudit | user=jenkins1000 | ip=192.168.157.204 | op=SEND_HEARTBEAT {datanodeUUID=e855218f-cb01-4dd8-a582-b24365f170a0, command=[]} | ret=SUCCESS |  
2019-09-19 10:44:13,671 | INFO  | SCMAudit | user=jenkins1000 | ip=192.168.157.204 | op=SEND_HEARTBEAT {datanodeUUID=470b673e-7c3c-4972-9ac8-3342d713d76f, command=[]} | ret=SUCCESS |  
2019-09-19 10:44:13,718 | INFO  | SCMAudit | user=jenkins1000 | ip=192.168.157.204 | op=SEND_HEARTBEAT {datanodeUUID=85d03201-45ec-4202-b725-1ee58b28f685, command=[]} | ret=SUCCESS |  
2019-09-19 10:44:13,970 | INFO  | SCMAudit | user=jenkins1000 | ip=192.168.157.204 | op=SEND_HEARTBEAT {datanodeUUID=ef60016b-37d8-4c81-9b85-999ba158dbb2, command=[]} | ret=SUCCESS |  
 0.00% |█                                                                                                    |  0/1 Time: 0:00:032019-09-19 10:44:14,490 | INFO  | SCMAudit | user=jenkins1000 | ip=192.168.157.204 | op=SEND_HEARTBEAT {datanodeUUID=2d7fb44a-ac7a-4034-a2aa-4953f070935b, command=[]} | ret=SUCCESS |  
2019-09-19 10:44:14,586 | INFO  | SCMAudit | user=jenkins1000 | ip=192.168.157.204 | op=SEND_HEARTBEAT {datanodeUUID=e855218f-cb01-4dd8-a582-b24365f170a0, command=[]} | ret=SUCCESS |  
2019-09-19 10:44:14,671 | INFO  | SCMAudit | user=jenkins1000 | ip=192.168.157.204 | op=SEND_HEARTBEAT {datanodeUUID=470b673e-7c3c-4972-9ac8-3342d713d76f, command=[]} | ret=SUCCESS |  
2019-09-19 10:44:14,717 | INFO  | SCMAudit | user=jenkins1000 | ip=192.168.157.204 | op=SEND_HEARTBEAT {datanodeUUID=85d03201-45ec-4202-b725-1ee58b28f685, command=[]} | ret=SUCCESS |  
2019-09-19 10:44:14,970 | INFO  | SCMAudit | user=jenkins1000 | ip=192.168.157.204 | op=SEND_HEARTBEAT {datanodeUUID=ef60016b-37d8-4c81-9b85-999ba158dbb2, command=[]} | ret=SUCCESS |  
 0.00% |█                                                                                                    |  0/1 Time: 0:00:042019-09-19 10:44:15,491 | INFO  | SCMAudit | user=jenkins1000 | ip=192.168.157.204 | op=SEND_HEARTBEAT {datanodeUUID=2d7fb44a-ac7a-4034-a2aa-4953f070935b, command=[]} | ret=SUCCESS |  
2019-09-19 10:44:15,586 | INFO  | SCMAudit | user=jenkins1000 | ip=192.168.157.204 | op=SEND_HEARTBEAT {datanodeUUID=e855218f-cb01-4dd8-a582-b24365f170a0, command=[]} | ret=SUCCESS |  
2019-09-19 10:44:15,670 | INFO  | SCMAudit | user=jenkins1000 | ip=192.168.157.204 | op=SEND_HEARTBEAT {datanodeUUID=470b673e-7c3c-4972-9ac8-3342d713d76f, command=[]} | ret=SUCCESS |  
2019-09-19 10:44:15,718 | INFO  | SCMAudit | user=jenkins1000 | ip=192.168.157.204 | op=SEND_HEARTBEAT {datanodeUUID=85d03201-45ec-4202-b725-1ee58b28f685, command=[]} | ret=SUCCESS |  
2019-09-19 10:44:15,970 | INFO  | SCMAudit | user=jenkins1000 | ip=192.168.157.204 | op=SEND_HEARTBEAT {datanodeUUID=ef60016b-37d8-4c81-9b85-999ba158dbb2, command=[]} | ret=SUCCESS |  
 100.00% |█████████████████████████████████████████████████████████████████████████████████████████████████████|  1/1 Time: 0:00:05
2019-09-19 10:44:16,491 | INFO  | SCMAudit | user=jenkins1000 | ip=192.168.157.204 | op=SEND_HEARTBEAT {datanodeUUID=2d7fb44a-ac7a-4034-a2aa-4953f070935b, command=[]} | ret=SUCCESS |  
2019-09-19 10:44:16,585 | INFO  | SCMAudit | user=jenkins1000 | ip=192.168.157.204 | op=SEND_HEARTBEAT {datanodeUUID=e855218f-cb01-4dd8-a582-b24365f170a0, command=[]} | ret=SUCCESS |  
2019-09-19 10:44:16,671 | INFO  | SCMAudit | user=jenkins1000 | ip=192.168.157.204 | op=SEND_HEARTBEAT {datanodeUUID=470b673e-7c3c-4972-9ac8-3342d713d76f, command=[]} | ret=SUCCESS |  
2019-09-19 10:44:16,719 | INFO  | SCMAudit | user=jenkins1000 | ip=192.168.157.204 | op=SEND_HEARTBEAT {datanodeUUID=85d03201-45ec-4202-b725-1ee58b28f685, command=[]} | ret=SUCCESS |  
2019-09-19 10:44:16,970 | INFO  | SCMAudit | user=jenkins1000 | ip=192.168.157.204 | op=SEND_HEARTBEAT {datanodeUUID=ef60016b-37d8-4c81-9b85-999ba158dbb2, command=[]} | ret=SUCCESS |  
2019-09-19 10:44:17,491 | INFO  | SCMAudit | user=jenkins1000 | ip=192.168.157.204 | op=SEND_HEARTBEAT {datanodeUUID=2d7fb44a-ac7a-4034-a2aa-4953f070935b, command=[]} | ret=SUCCESS |  
2019-09-19 10:44:17,585 | INFO  | SCMAudit | user=jenkins1000 | ip=192.168.157.204 | op=SEND_HEARTBEAT {datanodeUUID=e855218f-cb01-4dd8-a582-b24365f170a0, command=[]} | ret=SUCCESS |  
2019-09-19 10:44:17,670 | INFO  | SCMAudit | user=jenkins1000 | ip=192.168.157.204 | op=SEND_HEARTBEAT {datanodeUUID=470b673e-7c3c-4972-9ac8-3342d713d76f, command=[]} | ret=SUCCESS |  
2019-09-19 10:44:17,719 | INFO  | SCMAudit | user=jenkins1000 | ip=192.168.157.204 | op=SEND_HEARTBEAT {datanodeUUID=85d03201-45ec-4202-b725-1ee58b28f685, command=[]} | ret=SUCCESS |  
2019-09-19 10:44:17,970 | INFO  | SCMAudit | user=jenkins1000 | ip=192.168.157.204 | op=SEND_HEARTBEAT {datanodeUUID=ef60016b-37d8-4c81-9b85-999ba158dbb2, command=[]} | ret=SUCCESS |  
2019-09-19 10:44:18,491 | INFO  | SCMAudit | user=jenkins1000 | ip=192.168.157.204 | op=SEND_HEARTBEAT {datanodeUUID=2d7fb44a-ac7a-4034-a2aa-4953f070935b, command=[]} | ret=SUCCESS |  
2019-09-19 10:44:18,585 | INFO  | SCMAudit | user=jenkins1000 | ip=192.168.157.204 | op=SEND_HEARTBEAT {datanodeUUID=e855218f-cb01-4dd8-a582-b24365f170a0, command=[]} | ret=SUCCESS |  
2019-09-19 10:44:18,670 | INFO  | SCMAudit | user=jenkins1000 | ip=192.168.157.204 | op=SEND_HEARTBEAT {datanodeUUID=470b673e-7c3c-4972-9ac8-3342d713d76f, command=[]} | ret=SUCCESS |  
2019-09-19 10:44:18,718 | INFO  | SCMAudit | user=jenkins1000 | ip=192.168.157.204 | op=SEND_HEARTBEAT {datanodeUUID=85d03201-45ec-4202-b725-1ee58b28f685, command=[]} | ret=SUCCESS |  
2019-09-19 10:44:18,970 | INFO  | SCMAudit | user=jenkins1000 | ip=192.168.157.204 | op=SEND_HEARTBEAT {datanodeUUID=ef60016b-37d8-4c81-9b85-999ba158dbb2, command=[]} | ret=SUCCESS |  
2019-09-19 10:44:19,491 | INFO  | SCMAudit | user=jenkins1000 | ip=192.168.157.204 | op=SEND_HEARTBEAT {datanodeUUID=2d7fb44a-ac7a-4034-a2aa-4953f070935b, command=[]} | ret=SUCCESS |  
2019-09-19 10:44:19,585 | INFO  | SCMAudit | user=jenkins1000 | ip=192.168.157.204 | op=SEND_HEARTBEAT {datanodeUUID=e855218f-cb01-4dd8-a582-b24365f170a0, command=[]} | ret=SUCCESS |  
2019-09-19 10:44:19,671 | INFO  | SCMAudit | user=jenkins1000 | ip=192.168.157.204 | op=SEND_HEARTBEAT {datanodeUUID=470b673e-7c3c-4972-9ac8-3342d713d76f, command=[]} | ret=SUCCESS |  
2019-09-19 10:44:19,719 | INFO  | SCMAudit | user=jenkins1000 | ip=192.168.157.204 | op=SEND_HEARTBEAT {datanodeUUID=85d03201-45ec-4202-b725-1ee58b28f685, command=[]} | ret=SUCCESS |  
2019-09-19 10:44:19,969 | INFO  | SCMAudit | user=jenkins1000 | ip=192.168.157.204 | op=SEND_HEARTBEAT {datanodeUUID=ef60016b-37d8-4c81-9b85-999ba158dbb2, command=[]} | ret=SUCCESS |  
2019-09-19 10:44:20,491 | INFO  | SCMAudit | user=jenkins1000 | ip=192.168.157.204 | op=SEND_HEARTBEAT {datanodeUUID=2d7fb44a-ac7a-4034-a2aa-4953f070935b, command=[]} | ret=SUCCESS |  
2019-09-19 10:44:20,586 | INFO  | SCMAudit | user=jenkins1000 | ip=192.168.157.204 | op=SEND_HEARTBEAT {datanodeUUID=e855218f-cb01-4dd8-a582-b24365f170a0, command=[]} | ret=SUCCESS |  
2019-09-19 10:44:20,671 | INFO  | SCMAudit | user=jenkins1000 | ip=192.168.157.204 | op=SEND_HEARTBEAT {datanodeUUID=470b673e-7c3c-4972-9ac8-3342d713d76f, command=[]} | ret=SUCCESS |  
2019-09-19 10:44:20,720 | INFO  | SCMAudit | user=jenkins1000 | ip=192.168.157.204 | op=SEND_HEARTBEAT {datanodeUUID=85d03201-45ec-4202-b725-1ee58b28f685, command=[]} | ret=SUCCESS |  
2019-09-19 10:44:20,970 | INFO  | SCMAudit | user=jenkins1000 | ip=192.168.157.204 | op=SEND_HEARTBEAT {datanodeUUID=ef60016b-37d8-4c81-9b85-999ba158dbb2, command=[]} | ret=SUCCESS |  
]]></system-out>
  </testcase>
  <testcase name="validateWriteTest" classname="org.apache.hadoop.ozone.freon.TestDataValidateWithSafeByteOperations" time="10.022">
    <error message="Allocated 0 blocks. Requested 1 blocks" type="INTERNAL_ERROR org.apache.hadoop.ozone.om.exceptions.OMException">INTERNAL_ERROR org.apache.hadoop.ozone.om.exceptions.OMException: Allocated 0 blocks. Requested 1 blocks
	at org.apache.hadoop.ozone.om.protocolPB.OzoneManagerProtocolClientSideTranslatorPB.handleError(OzoneManagerProtocolClientSideTranslatorPB.java:725)
	at org.apache.hadoop.ozone.om.protocolPB.OzoneManagerProtocolClientSideTranslatorPB.openKey(OzoneManagerProtocolClientSideTranslatorPB.java:716)
	at org.apache.hadoop.ozone.client.rpc.RpcClient.createKey(RpcClient.java:615)
	at org.apache.hadoop.ozone.client.OzoneBucket.createKey(OzoneBucket.java:323)
	at org.apache.hadoop.ozone.freon.RandomKeyGenerator.createKey(RandomKeyGenerator.java:686)
	at org.apache.hadoop.ozone.freon.RandomKeyGenerator.access$1100(RandomKeyGenerator.java:87)
	at org.apache.hadoop.ozone.freon.RandomKeyGenerator$ObjectCreator.run(RandomKeyGenerator.java:606)
	at java.util.concurrent.Executors$RunnableAdapter.call(Executors.java:511)
	at java.util.concurrent.FutureTask.run(FutureTask.java:266)
	at java.util.concurrent.ThreadPoolExecutor.runWorker(ThreadPoolExecutor.java:1149)
	at java.util.concurrent.ThreadPoolExecutor$Worker.run(ThreadPoolExecutor.java:624)
	at java.lang.Thread.run(Thread.java:748)
</error>
    <system-out><![CDATA[2019-09-19 10:44:21,392 [main] INFO  freon.RandomKeyGenerator (RandomKeyGenerator.java:call(275)) - Number of Threads: 10
2019-09-19 10:44:21,392 [main] INFO  freon.RandomKeyGenerator (RandomKeyGenerator.java:call(280)) - Number of Volumes: 2.
2019-09-19 10:44:21,393 [main] INFO  freon.RandomKeyGenerator (RandomKeyGenerator.java:call(281)) - Number of Buckets per Volume: 5.
2019-09-19 10:44:21,393 [main] INFO  freon.RandomKeyGenerator (RandomKeyGenerator.java:call(282)) - Number of Keys per Bucket: 10.
2019-09-19 10:44:21,393 [main] INFO  freon.RandomKeyGenerator (RandomKeyGenerator.java:call(283)) - Key size: 10240 bytes
2019-09-19 10:44:21,393 [main] INFO  freon.RandomKeyGenerator (RandomKeyGenerator.java:call(284)) - Buffer size: 4096 bytes
2019-09-19 10:44:21,394 [pool-80-thread-2] INFO  rpc.RpcClient (RpcClient.java:createVolume(293)) - Creating Volume: vol-1-40978, with jenkins1000 as owner.
2019-09-19 10:44:21,394 [pool-80-thread-1] INFO  rpc.RpcClient (RpcClient.java:createVolume(293)) - Creating Volume: vol-0-60873, with jenkins1000 as owner.
2019-09-19 10:44:21,395 [main] INFO  freon.RandomKeyGenerator (RandomKeyGenerator.java:call(298)) - Data validation is enabled.
2019-09-19 10:44:21,397 [main] INFO  freon.RandomKeyGenerator (RandomKeyGenerator.java:call(304)) - Starting progress bar Thread.

 0.00% |█                                                                                                    |  0/100 Time: 0:00:002019-09-19 10:44:21,399 | INFO  | OMAudit | user=jenkins1000 | ip=127.0.0.1 | op=CREATE_VOLUME {admin=jenkins1000, owner=jenkins1000, volume=vol-1-40978, creationTime=1568889861398, quotaInBytes=1152921504606846976} | ret=SUCCESS |  
2019-09-19 10:44:21,399 | INFO  | OMAudit | user=jenkins1000 | ip=127.0.0.1 | op=CREATE_VOLUME {admin=jenkins1000, owner=jenkins1000, volume=vol-0-60873, creationTime=1568889861399, quotaInBytes=1152921504606846976} | ret=SUCCESS |  
2019-09-19 10:44:21,403 | INFO  | OMAudit | user=jenkins1000 | ip=127.0.0.1 | op=READ_VOLUME {volume=vol-1-40978} | ret=SUCCESS |  
2019-09-19 10:44:21,403 | INFO  | OMAudit | user=jenkins1000 | ip=127.0.0.1 | op=READ_VOLUME {volume=vol-0-60873} | ret=SUCCESS |  
2019-09-19 10:44:21,407 [pool-80-thread-4] INFO  rpc.RpcClient (RpcClient.java:createBucket(432)) - Creating Bucket: vol-1-40978/bucket-0-52737, with Versioning false and Storage Type set to DISK and Encryption set to false 
2019-09-19 10:44:21,407 [pool-80-thread-1] INFO  rpc.RpcClient (RpcClient.java:createBucket(432)) - Creating Bucket: vol-1-40978/bucket-4-92320, with Versioning false and Storage Type set to DISK and Encryption set to false 
2019-09-19 10:44:21,407 [pool-80-thread-10] INFO  rpc.RpcClient (RpcClient.java:createBucket(432)) - Creating Bucket: vol-1-40978/bucket-3-90805, with Versioning false and Storage Type set to DISK and Encryption set to false 
2019-09-19 10:44:21,410 | INFO  | OMAudit | user=jenkins1000 | ip=127.0.0.1 | op=CREATE_BUCKET {volume=vol-1-40978, bucket=bucket-0-52737, acls=[user:jenkins1000:a[ACCESS], group:default:a[ACCESS]], isVersionEnabled=false, storageType=DISK, creationTime=0} | ret=SUCCESS |  
2019-09-19 10:44:21,410 | INFO  | OMAudit | user=jenkins1000 | ip=127.0.0.1 | op=CREATE_BUCKET {volume=vol-1-40978, bucket=bucket-4-92320, acls=[user:jenkins1000:a[ACCESS], group:default:a[ACCESS]], isVersionEnabled=false, storageType=DISK, creationTime=0} | ret=SUCCESS |  
2019-09-19 10:44:21,411 | INFO  | OMAudit | user=jenkins1000 | ip=127.0.0.1 | op=CREATE_BUCKET {volume=vol-1-40978, bucket=bucket-3-90805, acls=[user:jenkins1000:a[ACCESS], group:default:a[ACCESS]], isVersionEnabled=false, storageType=DISK, creationTime=0} | ret=SUCCESS |  
2019-09-19 10:44:21,411 | INFO  | OMAudit | user=jenkins1000 | ip=127.0.0.1 | op=READ_BUCKET {volume=vol-1-40978, bucket=bucket-0-52737} | ret=SUCCESS |  
2019-09-19 10:44:21,412 | INFO  | OMAudit | user=jenkins1000 | ip=127.0.0.1 | op=READ_BUCKET {volume=vol-1-40978, bucket=bucket-4-92320} | ret=SUCCESS |  
2019-09-19 10:44:21,412 | INFO  | OMAudit | user=jenkins1000 | ip=127.0.0.1 | op=READ_BUCKET {volume=vol-1-40978, bucket=bucket-3-90805} | ret=SUCCESS |  
2019-09-19 10:44:21,418 [pool-80-thread-8] INFO  rpc.RpcClient (RpcClient.java:createBucket(432)) - Creating Bucket: vol-1-40978/bucket-2-30666, with Versioning false and Storage Type set to DISK and Encryption set to false 
2019-09-19 10:44:21,418 [pool-80-thread-9] INFO  rpc.RpcClient (RpcClient.java:createBucket(432)) - Creating Bucket: vol-0-60873/bucket-3-76039, with Versioning false and Storage Type set to DISK and Encryption set to false 
2019-09-19 10:44:21,418 [pool-80-thread-2] INFO  rpc.RpcClient (RpcClient.java:createBucket(432)) - Creating Bucket: vol-0-60873/bucket-4-34571, with Versioning false and Storage Type set to DISK and Encryption set to false 
2019-09-19 10:44:21,418 [pool-80-thread-3] INFO  rpc.RpcClient (RpcClient.java:createBucket(432)) - Creating Bucket: vol-0-60873/bucket-0-43763, with Versioning false and Storage Type set to DISK and Encryption set to false 
2019-09-19 10:44:21,418 [pool-80-thread-7] INFO  rpc.RpcClient (RpcClient.java:createBucket(432)) - Creating Bucket: vol-0-60873/bucket-2-41005, with Versioning false and Storage Type set to DISK and Encryption set to false 
2019-09-19 10:44:21,418 [pool-80-thread-5] INFO  rpc.RpcClient (RpcClient.java:createBucket(432)) - Creating Bucket: vol-0-60873/bucket-1-20471, with Versioning false and Storage Type set to DISK and Encryption set to false 
2019-09-19 10:44:21,418 [pool-80-thread-6] INFO  rpc.RpcClient (RpcClient.java:createBucket(432)) - Creating Bucket: vol-1-40978/bucket-1-91325, with Versioning false and Storage Type set to DISK and Encryption set to false 
2019-09-19 10:44:21,418 [IPC Server handler 18 on 39654] ERROR pipeline.PipelinePlacementPolicy (PipelinePlacementPolicy.java:meetCriteria(91)) - Pipeline Placement: Doesn't meet the criteria to be viable node. Heaviness: 6
2019-09-19 10:44:21,419 [IPC Server handler 18 on 39654] ERROR pipeline.PipelinePlacementPolicy (PipelinePlacementPolicy.java:meetCriteria(91)) - Pipeline Placement: Doesn't meet the criteria to be viable node. Heaviness: 6
2019-09-19 10:44:21,419 | INFO  | OMAudit | user=jenkins1000 | ip=127.0.0.1 | op=CREATE_BUCKET {volume=vol-1-40978, bucket=bucket-2-30666, acls=[user:jenkins1000:a[ACCESS], group:default:a[ACCESS]], isVersionEnabled=false, storageType=DISK, creationTime=0} | ret=SUCCESS |  
2019-09-19 10:44:21,419 [IPC Server handler 18 on 39654] ERROR pipeline.PipelinePlacementPolicy (PipelinePlacementPolicy.java:meetCriteria(91)) - Pipeline Placement: Doesn't meet the criteria to be viable node. Heaviness: 6
2019-09-19 10:44:21,421 [IPC Server handler 18 on 39654] ERROR pipeline.PipelinePlacementPolicy (PipelinePlacementPolicy.java:meetCriteria(91)) - Pipeline Placement: Doesn't meet the criteria to be viable node. Heaviness: 6
2019-09-19 10:44:21,421 | INFO  | OMAudit | user=jenkins1000 | ip=127.0.0.1 | op=CREATE_BUCKET {volume=vol-0-60873, bucket=bucket-3-76039, acls=[user:jenkins1000:a[ACCESS], group:default:a[ACCESS]], isVersionEnabled=false, storageType=DISK, creationTime=0} | ret=SUCCESS |  
2019-09-19 10:44:21,421 [IPC Server handler 18 on 39654] ERROR pipeline.PipelinePlacementPolicy (PipelinePlacementPolicy.java:meetCriteria(91)) - Pipeline Placement: Doesn't meet the criteria to be viable node. Heaviness: 6
2019-09-19 10:44:21,421 | INFO  | OMAudit | user=jenkins1000 | ip=127.0.0.1 | op=CREATE_BUCKET {volume=vol-0-60873, bucket=bucket-4-34571, acls=[user:jenkins1000:a[ACCESS], group:default:a[ACCESS]], isVersionEnabled=false, storageType=DISK, creationTime=0} | ret=SUCCESS |  
2019-09-19 10:44:21,421 [IPC Server handler 18 on 39654] ERROR pipeline.PipelinePlacementPolicy (PipelinePlacementPolicy.java:filterViableNodes(146)) - Unable to find enough nodes that meet the criteria that cannot engage in more than 5 pipelines. Nodes required: 3 Found: 0, healthy nodes count inNodeManager: 5.
2019-09-19 10:44:21,422 [IPC Server handler 18 on 39654] ERROR pipeline.SCMPipelineManager (SCMPipelineManager.java:createPipeline(161)) - Pipeline creation failed due to exception: Unable to find enough nodes that meet the criteria that cannot engage in more than 5 pipelines. Nodes required: 3 Found: 0, healthy nodes count inNodeManager: 5.
2019-09-19 10:44:21,422 | INFO  | OMAudit | user=jenkins1000 | ip=127.0.0.1 | op=CREATE_BUCKET {volume=vol-0-60873, bucket=bucket-0-43763, acls=[user:jenkins1000:a[ACCESS], group:default:a[ACCESS]], isVersionEnabled=false, storageType=DISK, creationTime=0} | ret=SUCCESS |  
2019-09-19 10:44:21,422 | INFO  | OMAudit | user=jenkins1000 | ip=127.0.0.1 | op=CREATE_BUCKET {volume=vol-1-40978, bucket=bucket-1-91325, acls=[user:jenkins1000:a[ACCESS], group:default:a[ACCESS]], isVersionEnabled=false, storageType=DISK, creationTime=0} | ret=SUCCESS |  
2019-09-19 10:44:21,422 | INFO  | OMAudit | user=jenkins1000 | ip=127.0.0.1 | op=CREATE_BUCKET {volume=vol-0-60873, bucket=bucket-1-20471, acls=[user:jenkins1000:a[ACCESS], group:default:a[ACCESS]], isVersionEnabled=false, storageType=DISK, creationTime=0} | ret=SUCCESS |  
2019-09-19 10:44:21,422 [IPC Server handler 18 on 39654] WARN  block.BlockManagerImpl (BlockManagerImpl.java:allocateBlock(192)) - Pipeline creation failed for type:RATIS factor:THREE. Retrying get pipelines call once.
org.apache.hadoop.hdds.scm.exceptions.SCMException: Unable to find enough nodes that meet the criteria that cannot engage in more than 5 pipelines. Nodes required: 3 Found: 0, healthy nodes count inNodeManager: 5.
	at org.apache.hadoop.hdds.scm.pipeline.PipelinePlacementPolicy.filterViableNodes(PipelinePlacementPolicy.java:147)
	at org.apache.hadoop.hdds.scm.pipeline.PipelinePlacementPolicy.chooseDatanodes(PipelinePlacementPolicy.java:170)
	at org.apache.hadoop.hdds.scm.pipeline.RatisPipelineProvider.create(RatisPipelineProvider.java:92)
	at org.apache.hadoop.hdds.scm.pipeline.PipelineFactory.create(PipelineFactory.java:57)
	at org.apache.hadoop.hdds.scm.pipeline.SCMPipelineManager.createPipeline(SCMPipelineManager.java:149)
	at org.apache.hadoop.hdds.scm.block.BlockManagerImpl.allocateBlock(BlockManagerImpl.java:190)
	at org.apache.hadoop.hdds.scm.server.SCMBlockProtocolServer.allocateBlock(SCMBlockProtocolServer.java:175)
	at org.apache.hadoop.ozone.protocolPB.ScmBlockLocationProtocolServerSideTranslatorPB.allocateScmBlock(ScmBlockLocationProtocolServerSideTranslatorPB.java:153)
	at org.apache.hadoop.ozone.protocolPB.ScmBlockLocationProtocolServerSideTranslatorPB.send(ScmBlockLocationProtocolServerSideTranslatorPB.java:112)
	at org.apache.hadoop.hdds.protocol.proto.ScmBlockLocationProtocolProtos$ScmBlockLocationProtocolService$2.callBlockingMethod(ScmBlockLocationProtocolProtos.java:13157)
	at org.apache.hadoop.ipc.ProtobufRpcEngine$Server$ProtoBufRpcInvoker.call(ProtobufRpcEngine.java:524)
	at org.apache.hadoop.ipc.RPC$Server.call(RPC.java:1025)
	at org.apache.hadoop.ipc.Server$RpcCall.run(Server.java:876)
	at org.apache.hadoop.ipc.Server$RpcCall.run(Server.java:822)
	at java.security.AccessController.doPrivileged(Native Method)
	at javax.security.auth.Subject.doAs(Subject.java:422)
	at org.apache.hadoop.security.UserGroupInformation.doAs(UserGroupInformation.java:1730)
	at org.apache.hadoop.ipc.Server$Handler.run(Server.java:2682)
2019-09-19 10:44:21,422 [IPC Server handler 18 on 39654] INFO  block.BlockManagerImpl (BlockManagerImpl.java:allocateBlock(198)) - Could not find available pipeline of type:RATIS and factor:THREE even after retrying
2019-09-19 10:44:21,423 | INFO  | OMAudit | user=jenkins1000 | ip=127.0.0.1 | op=CREATE_BUCKET {volume=vol-0-60873, bucket=bucket-2-41005, acls=[user:jenkins1000:a[ACCESS], group:default:a[ACCESS]], isVersionEnabled=false, storageType=DISK, creationTime=0} | ret=SUCCESS |  
2019-09-19 10:44:21,423 | INFO  | OMAudit | user=jenkins1000 | ip=127.0.0.1 | op=READ_BUCKET {volume=vol-1-40978, bucket=bucket-2-30666} | ret=SUCCESS |  
2019-09-19 10:44:21,423 [IPC Server handler 18 on 39654] ERROR block.BlockManagerImpl (BlockManagerImpl.java:allocateBlock(222)) - Unable to allocate a block for the size: 4194304, type: RATIS, factor: THREE
2019-09-19 10:44:21,423 | INFO  | OMAudit | user=jenkins1000 | ip=127.0.0.1 | op=READ_BUCKET {volume=vol-0-60873, bucket=bucket-3-76039} | ret=SUCCESS |  
2019-09-19 10:44:21,423 | INFO  | OMAudit | user=jenkins1000 | ip=127.0.0.1 | op=READ_BUCKET {volume=vol-0-60873, bucket=bucket-4-34571} | ret=SUCCESS |  
2019-09-19 10:44:21,423 | INFO  | SCMAudit | user=jenkins1000 | ip=192.168.157.204 | op=ALLOCATE_BLOCK {owner=0ae35bb6-9217-4e07-8082-1b0ffa9eda16, size=4194304, type=RATIS, factor=THREE} | ret=SUCCESS |  
2019-09-19 10:44:21,423 | INFO  | OMAudit | user=jenkins1000 | ip=127.0.0.1 | op=READ_BUCKET {volume=vol-0-60873, bucket=bucket-0-43763} | ret=SUCCESS |  
2019-09-19 10:44:21,423 | INFO  | OMAudit | user=jenkins1000 | ip=127.0.0.1 | op=READ_BUCKET {volume=vol-1-40978, bucket=bucket-1-91325} | ret=SUCCESS |  
2019-09-19 10:44:21,424 | INFO  | OMAudit | user=jenkins1000 | ip=127.0.0.1 | op=READ_BUCKET {volume=vol-0-60873, bucket=bucket-1-20471} | ret=SUCCESS |  
2019-09-19 10:44:21,424 | ERROR | OMAudit | user=jenkins1000 | ip=127.0.0.1 | op=ALLOCATE_KEY {volume=vol-1-40978, bucket=bucket-0-52737, key=key-0-33207, dataSize=10240, replicationType=RATIS, replicationFactor=THREE, keyLocationInfo=null} | ret=FAILURE | org.apache.hadoop.hdds.scm.exceptions.SCMException: Allocated 0 blocks. Requested 1 blocks
	at org.apache.hadoop.hdds.scm.protocolPB.ScmBlockLocationProtocolClientSideTranslatorPB.handleError(ScmBlockLocationProtocolClientSideTranslatorPB.java:118)
	at org.apache.hadoop.hdds.scm.protocolPB.ScmBlockLocationProtocolClientSideTranslatorPB.allocateBlock(ScmBlockLocationProtocolClientSideTranslatorPB.java:156) 
2019-09-19 10:44:21,426 | INFO  | OMAudit | user=jenkins1000 | ip=127.0.0.1 | op=READ_BUCKET {volume=vol-0-60873, bucket=bucket-2-41005} | ret=SUCCESS |  
2019-09-19 10:44:21,426 [pool-80-thread-1] ERROR freon.RandomKeyGenerator (RandomKeyGenerator.java:createKey(724)) - Exception while adding key: key-0-33207 in bucket: bucket-0-52737 of volume: vol-1-40978.
INTERNAL_ERROR org.apache.hadoop.ozone.om.exceptions.OMException: Allocated 0 blocks. Requested 1 blocks
	at org.apache.hadoop.ozone.om.protocolPB.OzoneManagerProtocolClientSideTranslatorPB.handleError(OzoneManagerProtocolClientSideTranslatorPB.java:725)
	at org.apache.hadoop.ozone.om.protocolPB.OzoneManagerProtocolClientSideTranslatorPB.openKey(OzoneManagerProtocolClientSideTranslatorPB.java:716)
	at org.apache.hadoop.ozone.client.rpc.RpcClient.createKey(RpcClient.java:615)
	at org.apache.hadoop.ozone.client.OzoneBucket.createKey(OzoneBucket.java:323)
	at org.apache.hadoop.ozone.freon.RandomKeyGenerator.createKey(RandomKeyGenerator.java:686)
	at org.apache.hadoop.ozone.freon.RandomKeyGenerator.access$1100(RandomKeyGenerator.java:87)
	at org.apache.hadoop.ozone.freon.RandomKeyGenerator$ObjectCreator.run(RandomKeyGenerator.java:606)
	at java.util.concurrent.Executors$RunnableAdapter.call(Executors.java:511)
	at java.util.concurrent.FutureTask.run(FutureTask.java:266)
	at java.util.concurrent.ThreadPoolExecutor.runWorker(ThreadPoolExecutor.java:1149)
	at java.util.concurrent.ThreadPoolExecutor$Worker.run(ThreadPoolExecutor.java:624)
	at java.lang.Thread.run(Thread.java:748)
2019-09-19 10:44:21,427 [IPC Server handler 16 on 39654] ERROR pipeline.PipelinePlacementPolicy (PipelinePlacementPolicy.java:meetCriteria(91)) - Pipeline Placement: Doesn't meet the criteria to be viable node. Heaviness: 6
2019-09-19 10:44:21,428 [IPC Server handler 16 on 39654] ERROR pipeline.PipelinePlacementPolicy (PipelinePlacementPolicy.java:meetCriteria(91)) - Pipeline Placement: Doesn't meet the criteria to be viable node. Heaviness: 6
2019-09-19 10:44:21,428 [IPC Server handler 16 on 39654] ERROR pipeline.PipelinePlacementPolicy (PipelinePlacementPolicy.java:meetCriteria(91)) - Pipeline Placement: Doesn't meet the criteria to be viable node. Heaviness: 6
2019-09-19 10:44:21,428 [IPC Server handler 16 on 39654] ERROR pipeline.PipelinePlacementPolicy (PipelinePlacementPolicy.java:meetCriteria(91)) - Pipeline Placement: Doesn't meet the criteria to be viable node. Heaviness: 6
2019-09-19 10:44:21,428 [IPC Server handler 16 on 39654] ERROR pipeline.PipelinePlacementPolicy (PipelinePlacementPolicy.java:meetCriteria(91)) - Pipeline Placement: Doesn't meet the criteria to be viable node. Heaviness: 6
2019-09-19 10:44:21,428 [IPC Server handler 16 on 39654] ERROR pipeline.PipelinePlacementPolicy (PipelinePlacementPolicy.java:filterViableNodes(146)) - Unable to find enough nodes that meet the criteria that cannot engage in more than 5 pipelines. Nodes required: 3 Found: 0, healthy nodes count inNodeManager: 5.
2019-09-19 10:44:21,428 [IPC Server handler 16 on 39654] ERROR pipeline.SCMPipelineManager (SCMPipelineManager.java:createPipeline(161)) - Pipeline creation failed due to exception: Unable to find enough nodes that meet the criteria that cannot engage in more than 5 pipelines. Nodes required: 3 Found: 0, healthy nodes count inNodeManager: 5.
2019-09-19 10:44:21,428 [IPC Server handler 16 on 39654] WARN  block.BlockManagerImpl (BlockManagerImpl.java:allocateBlock(192)) - Pipeline creation failed for type:RATIS factor:THREE. Retrying get pipelines call once.
org.apache.hadoop.hdds.scm.exceptions.SCMException: Unable to find enough nodes that meet the criteria that cannot engage in more than 5 pipelines. Nodes required: 3 Found: 0, healthy nodes count inNodeManager: 5.
	at org.apache.hadoop.hdds.scm.pipeline.PipelinePlacementPolicy.filterViableNodes(PipelinePlacementPolicy.java:147)
	at org.apache.hadoop.hdds.scm.pipeline.PipelinePlacementPolicy.chooseDatanodes(PipelinePlacementPolicy.java:170)
	at org.apache.hadoop.hdds.scm.pipeline.RatisPipelineProvider.create(RatisPipelineProvider.java:92)
	at org.apache.hadoop.hdds.scm.pipeline.PipelineFactory.create(PipelineFactory.java:57)
	at org.apache.hadoop.hdds.scm.pipeline.SCMPipelineManager.createPipeline(SCMPipelineManager.java:149)
	at org.apache.hadoop.hdds.scm.block.BlockManagerImpl.allocateBlock(BlockManagerImpl.java:190)
	at org.apache.hadoop.hdds.scm.server.SCMBlockProtocolServer.allocateBlock(SCMBlockProtocolServer.java:175)
	at org.apache.hadoop.ozone.protocolPB.ScmBlockLocationProtocolServerSideTranslatorPB.allocateScmBlock(ScmBlockLocationProtocolServerSideTranslatorPB.java:153)
	at org.apache.hadoop.ozone.protocolPB.ScmBlockLocationProtocolServerSideTranslatorPB.send(ScmBlockLocationProtocolServerSideTranslatorPB.java:112)
	at org.apache.hadoop.hdds.protocol.proto.ScmBlockLocationProtocolProtos$ScmBlockLocationProtocolService$2.callBlockingMethod(ScmBlockLocationProtocolProtos.java:13157)
	at org.apache.hadoop.ipc.ProtobufRpcEngine$Server$ProtoBufRpcInvoker.call(ProtobufRpcEngine.java:524)
	at org.apache.hadoop.ipc.RPC$Server.call(RPC.java:1025)
	at org.apache.hadoop.ipc.Server$RpcCall.run(Server.java:876)
	at org.apache.hadoop.ipc.Server$RpcCall.run(Server.java:822)
	at java.security.AccessController.doPrivileged(Native Method)
	at javax.security.auth.Subject.doAs(Subject.java:422)
	at org.apache.hadoop.security.UserGroupInformation.doAs(UserGroupInformation.java:1730)
	at org.apache.hadoop.ipc.Server$Handler.run(Server.java:2682)
2019-09-19 10:44:21,429 [IPC Server handler 19 on 39654] ERROR pipeline.PipelinePlacementPolicy (PipelinePlacementPolicy.java:meetCriteria(91)) - Pipeline Placement: Doesn't meet the criteria to be viable node. Heaviness: 6
2019-09-19 10:44:21,429 [IPC Server handler 19 on 39654] ERROR pipeline.PipelinePlacementPolicy (PipelinePlacementPolicy.java:meetCriteria(91)) - Pipeline Placement: Doesn't meet the criteria to be viable node. Heaviness: 6
2019-09-19 10:44:21,429 [IPC Server handler 19 on 39654] ERROR pipeline.PipelinePlacementPolicy (PipelinePlacementPolicy.java:meetCriteria(91)) - Pipeline Placement: Doesn't meet the criteria to be viable node. Heaviness: 6
2019-09-19 10:44:21,429 [IPC Server handler 19 on 39654] ERROR pipeline.PipelinePlacementPolicy (PipelinePlacementPolicy.java:meetCriteria(91)) - Pipeline Placement: Doesn't meet the criteria to be viable node. Heaviness: 6
2019-09-19 10:44:21,430 [IPC Server handler 19 on 39654] ERROR pipeline.PipelinePlacementPolicy (PipelinePlacementPolicy.java:meetCriteria(91)) - Pipeline Placement: Doesn't meet the criteria to be viable node. Heaviness: 6
2019-09-19 10:44:21,430 [IPC Server handler 19 on 39654] ERROR pipeline.PipelinePlacementPolicy (PipelinePlacementPolicy.java:filterViableNodes(146)) - Unable to find enough nodes that meet the criteria that cannot engage in more than 5 pipelines. Nodes required: 3 Found: 0, healthy nodes count inNodeManager: 5.
2019-09-19 10:44:21,430 [IPC Server handler 19 on 39654] ERROR pipeline.SCMPipelineManager (SCMPipelineManager.java:createPipeline(161)) - Pipeline creation failed due to exception: Unable to find enough nodes that meet the criteria that cannot engage in more than 5 pipelines. Nodes required: 3 Found: 0, healthy nodes count inNodeManager: 5.
2019-09-19 10:44:21,430 [IPC Server handler 19 on 39654] WARN  block.BlockManagerImpl (BlockManagerImpl.java:allocateBlock(192)) - Pipeline creation failed for type:RATIS factor:THREE. Retrying get pipelines call once.
org.apache.hadoop.hdds.scm.exceptions.SCMException: Unable to find enough nodes that meet the criteria that cannot engage in more than 5 pipelines. Nodes required: 3 Found: 0, healthy nodes count inNodeManager: 5.
	at org.apache.hadoop.hdds.scm.pipeline.PipelinePlacementPolicy.filterViableNodes(PipelinePlacementPolicy.java:147)
	at org.apache.hadoop.hdds.scm.pipeline.PipelinePlacementPolicy.chooseDatanodes(PipelinePlacementPolicy.java:170)
	at org.apache.hadoop.hdds.scm.pipeline.RatisPipelineProvider.create(RatisPipelineProvider.java:92)
	at org.apache.hadoop.hdds.scm.pipeline.PipelineFactory.create(PipelineFactory.java:57)
	at org.apache.hadoop.hdds.scm.pipeline.SCMPipelineManager.createPipeline(SCMPipelineManager.java:149)
	at org.apache.hadoop.hdds.scm.block.BlockManagerImpl.allocateBlock(BlockManagerImpl.java:190)
	at org.apache.hadoop.hdds.scm.server.SCMBlockProtocolServer.allocateBlock(SCMBlockProtocolServer.java:175)
	at org.apache.hadoop.ozone.protocolPB.ScmBlockLocationProtocolServerSideTranslatorPB.allocateScmBlock(ScmBlockLocationProtocolServerSideTranslatorPB.java:153)
	at org.apache.hadoop.ozone.protocolPB.ScmBlockLocationProtocolServerSideTranslatorPB.send(ScmBlockLocationProtocolServerSideTranslatorPB.java:112)
	at org.apache.hadoop.hdds.protocol.proto.ScmBlockLocationProtocolProtos$ScmBlockLocationProtocolService$2.callBlockingMethod(ScmBlockLocationProtocolProtos.java:13157)
	at org.apache.hadoop.ipc.ProtobufRpcEngine$Server$ProtoBufRpcInvoker.call(ProtobufRpcEngine.java:524)
	at org.apache.hadoop.ipc.RPC$Server.call(RPC.java:1025)
	at org.apache.hadoop.ipc.Server$RpcCall.run(Server.java:876)
	at org.apache.hadoop.ipc.Server$RpcCall.run(Server.java:822)
	at java.security.AccessController.doPrivileged(Native Method)
	at javax.security.auth.Subject.doAs(Subject.java:422)
	at org.apache.hadoop.security.UserGroupInformation.doAs(UserGroupInformation.java:1730)
	at org.apache.hadoop.ipc.Server$Handler.run(Server.java:2682)
2019-09-19 10:44:21,430 [IPC Server handler 15 on 39654] ERROR pipeline.PipelinePlacementPolicy (PipelinePlacementPolicy.java:meetCriteria(91)) - Pipeline Placement: Doesn't meet the criteria to be viable node. Heaviness: 6
2019-09-19 10:44:21,431 [IPC Server handler 15 on 39654] ERROR pipeline.PipelinePlacementPolicy (PipelinePlacementPolicy.java:meetCriteria(91)) - Pipeline Placement: Doesn't meet the criteria to be viable node. Heaviness: 6
2019-09-19 10:44:21,431 [IPC Server handler 15 on 39654] ERROR pipeline.PipelinePlacementPolicy (PipelinePlacementPolicy.java:meetCriteria(91)) - Pipeline Placement: Doesn't meet the criteria to be viable node. Heaviness: 6
2019-09-19 10:44:21,431 [IPC Server handler 15 on 39654] ERROR pipeline.PipelinePlacementPolicy (PipelinePlacementPolicy.java:meetCriteria(91)) - Pipeline Placement: Doesn't meet the criteria to be viable node. Heaviness: 6
2019-09-19 10:44:21,431 [IPC Server handler 15 on 39654] ERROR pipeline.PipelinePlacementPolicy (PipelinePlacementPolicy.java:meetCriteria(91)) - Pipeline Placement: Doesn't meet the criteria to be viable node. Heaviness: 6
2019-09-19 10:44:21,431 [IPC Server handler 15 on 39654] ERROR pipeline.PipelinePlacementPolicy (PipelinePlacementPolicy.java:filterViableNodes(146)) - Unable to find enough nodes that meet the criteria that cannot engage in more than 5 pipelines. Nodes required: 3 Found: 0, healthy nodes count inNodeManager: 5.
2019-09-19 10:44:21,431 [IPC Server handler 15 on 39654] ERROR pipeline.SCMPipelineManager (SCMPipelineManager.java:createPipeline(161)) - Pipeline creation failed due to exception: Unable to find enough nodes that meet the criteria that cannot engage in more than 5 pipelines. Nodes required: 3 Found: 0, healthy nodes count inNodeManager: 5.
2019-09-19 10:44:21,432 [IPC Server handler 15 on 39654] WARN  block.BlockManagerImpl (BlockManagerImpl.java:allocateBlock(192)) - Pipeline creation failed for type:RATIS factor:THREE. Retrying get pipelines call once.
org.apache.hadoop.hdds.scm.exceptions.SCMException: Unable to find enough nodes that meet the criteria that cannot engage in more than 5 pipelines. Nodes required: 3 Found: 0, healthy nodes count inNodeManager: 5.
	at org.apache.hadoop.hdds.scm.pipeline.PipelinePlacementPolicy.filterViableNodes(PipelinePlacementPolicy.java:147)
	at org.apache.hadoop.hdds.scm.pipeline.PipelinePlacementPolicy.chooseDatanodes(PipelinePlacementPolicy.java:170)
	at org.apache.hadoop.hdds.scm.pipeline.RatisPipelineProvider.create(RatisPipelineProvider.java:92)
	at org.apache.hadoop.hdds.scm.pipeline.PipelineFactory.create(PipelineFactory.java:57)
	at org.apache.hadoop.hdds.scm.pipeline.SCMPipelineManager.createPipeline(SCMPipelineManager.java:149)
	at org.apache.hadoop.hdds.scm.block.BlockManagerImpl.allocateBlock(BlockManagerImpl.java:190)
	at org.apache.hadoop.hdds.scm.server.SCMBlockProtocolServer.allocateBlock(SCMBlockProtocolServer.java:175)
	at org.apache.hadoop.ozone.protocolPB.ScmBlockLocationProtocolServerSideTranslatorPB.allocateScmBlock(ScmBlockLocationProtocolServerSideTranslatorPB.java:153)
	at org.apache.hadoop.ozone.protocolPB.ScmBlockLocationProtocolServerSideTranslatorPB.send(ScmBlockLocationProtocolServerSideTranslatorPB.java:112)
	at org.apache.hadoop.hdds.protocol.proto.ScmBlockLocationProtocolProtos$ScmBlockLocationProtocolService$2.callBlockingMethod(ScmBlockLocationProtocolProtos.java:13157)
	at org.apache.hadoop.ipc.ProtobufRpcEngine$Server$ProtoBufRpcInvoker.call(ProtobufRpcEngine.java:524)
	at org.apache.hadoop.ipc.RPC$Server.call(RPC.java:1025)
	at org.apache.hadoop.ipc.Server$RpcCall.run(Server.java:876)
	at org.apache.hadoop.ipc.Server$RpcCall.run(Server.java:822)
	at java.security.AccessController.doPrivileged(Native Method)
	at javax.security.auth.Subject.doAs(Subject.java:422)
	at org.apache.hadoop.security.UserGroupInformation.doAs(UserGroupInformation.java:1730)
	at org.apache.hadoop.ipc.Server$Handler.run(Server.java:2682)
2019-09-19 10:44:21,432 [IPC Server handler 3 on 39654] ERROR pipeline.PipelinePlacementPolicy (PipelinePlacementPolicy.java:meetCriteria(91)) - Pipeline Placement: Doesn't meet the criteria to be viable node. Heaviness: 6
2019-09-19 10:44:21,432 [IPC Server handler 19 on 39654] INFO  block.BlockManagerImpl (BlockManagerImpl.java:allocateBlock(198)) - Could not find available pipeline of type:RATIS and factor:THREE even after retrying
2019-09-19 10:44:21,432 [IPC Server handler 19 on 39654] ERROR block.BlockManagerImpl (BlockManagerImpl.java:allocateBlock(222)) - Unable to allocate a block for the size: 4194304, type: RATIS, factor: THREE
2019-09-19 10:44:21,432 [IPC Server handler 16 on 39654] INFO  block.BlockManagerImpl (BlockManagerImpl.java:allocateBlock(198)) - Could not find available pipeline of type:RATIS and factor:THREE even after retrying
2019-09-19 10:44:21,433 | INFO  | SCMAudit | user=jenkins1000 | ip=192.168.157.204 | op=ALLOCATE_BLOCK {owner=0ae35bb6-9217-4e07-8082-1b0ffa9eda16, size=4194304, type=RATIS, factor=THREE} | ret=SUCCESS |  
2019-09-19 10:44:21,433 [IPC Server handler 16 on 39654] ERROR block.BlockManagerImpl (BlockManagerImpl.java:allocateBlock(222)) - Unable to allocate a block for the size: 4194304, type: RATIS, factor: THREE
2019-09-19 10:44:21,432 [IPC Server handler 3 on 39654] ERROR pipeline.PipelinePlacementPolicy (PipelinePlacementPolicy.java:meetCriteria(91)) - Pipeline Placement: Doesn't meet the criteria to be viable node. Heaviness: 6
2019-09-19 10:44:21,433 | INFO  | SCMAudit | user=jenkins1000 | ip=192.168.157.204 | op=ALLOCATE_BLOCK {owner=0ae35bb6-9217-4e07-8082-1b0ffa9eda16, size=4194304, type=RATIS, factor=THREE} | ret=SUCCESS |  
2019-09-19 10:44:21,435 [IPC Server handler 3 on 39654] ERROR pipeline.PipelinePlacementPolicy (PipelinePlacementPolicy.java:meetCriteria(91)) - Pipeline Placement: Doesn't meet the criteria to be viable node. Heaviness: 6
2019-09-19 10:44:21,435 [IPC Server handler 3 on 39654] ERROR pipeline.PipelinePlacementPolicy (PipelinePlacementPolicy.java:meetCriteria(91)) - Pipeline Placement: Doesn't meet the criteria to be viable node. Heaviness: 6
2019-09-19 10:44:21,435 [IPC Server handler 3 on 39654] ERROR pipeline.PipelinePlacementPolicy (PipelinePlacementPolicy.java:meetCriteria(91)) - Pipeline Placement: Doesn't meet the criteria to be viable node. Heaviness: 6
2019-09-19 10:44:21,441 [IPC Server handler 3 on 39654] ERROR pipeline.PipelinePlacementPolicy (PipelinePlacementPolicy.java:filterViableNodes(146)) - Unable to find enough nodes that meet the criteria that cannot engage in more than 5 pipelines. Nodes required: 3 Found: 0, healthy nodes count inNodeManager: 5.
2019-09-19 10:44:21,435 | ERROR | OMAudit | user=jenkins1000 | ip=127.0.0.1 | op=ALLOCATE_KEY {volume=vol-1-40978, bucket=bucket-2-30666, key=key-0-01300, dataSize=10240, replicationType=RATIS, replicationFactor=THREE, keyLocationInfo=null} | ret=FAILURE | org.apache.hadoop.hdds.scm.exceptions.SCMException: Allocated 0 blocks. Requested 1 blocks
	at org.apache.hadoop.hdds.scm.protocolPB.ScmBlockLocationProtocolClientSideTranslatorPB.handleError(ScmBlockLocationProtocolClientSideTranslatorPB.java:118)
	at org.apache.hadoop.hdds.scm.protocolPB.ScmBlockLocationProtocolClientSideTranslatorPB.allocateBlock(ScmBlockLocationProtocolClientSideTranslatorPB.java:156) 
2019-09-19 10:44:21,442 [IPC Server handler 3 on 39654] ERROR pipeline.SCMPipelineManager (SCMPipelineManager.java:createPipeline(161)) - Pipeline creation failed due to exception: Unable to find enough nodes that meet the criteria that cannot engage in more than 5 pipelines. Nodes required: 3 Found: 0, healthy nodes count inNodeManager: 5.
2019-09-19 10:44:21,441 | ERROR | OMAudit | user=jenkins1000 | ip=127.0.0.1 | op=ALLOCATE_KEY {volume=vol-0-60873, bucket=bucket-3-76039, key=key-0-76637, dataSize=10240, replicationType=RATIS, replicationFactor=THREE, keyLocationInfo=null} | ret=FAILURE | org.apache.hadoop.hdds.scm.exceptions.SCMException: Allocated 0 blocks. Requested 1 blocks
	at org.apache.hadoop.hdds.scm.protocolPB.ScmBlockLocationProtocolClientSideTranslatorPB.handleError(ScmBlockLocationProtocolClientSideTranslatorPB.java:118)
	at org.apache.hadoop.hdds.scm.protocolPB.ScmBlockLocationProtocolClientSideTranslatorPB.allocateBlock(ScmBlockLocationProtocolClientSideTranslatorPB.java:156) 
2019-09-19 10:44:21,442 [IPC Server handler 3 on 39654] WARN  block.BlockManagerImpl (BlockManagerImpl.java:allocateBlock(192)) - Pipeline creation failed for type:RATIS factor:THREE. Retrying get pipelines call once.
org.apache.hadoop.hdds.scm.exceptions.SCMException: Unable to find enough nodes that meet the criteria that cannot engage in more than 5 pipelines. Nodes required: 3 Found: 0, healthy nodes count inNodeManager: 5.
	at org.apache.hadoop.hdds.scm.pipeline.PipelinePlacementPolicy.filterViableNodes(PipelinePlacementPolicy.java:147)
	at org.apache.hadoop.hdds.scm.pipeline.PipelinePlacementPolicy.chooseDatanodes(PipelinePlacementPolicy.java:170)
	at org.apache.hadoop.hdds.scm.pipeline.RatisPipelineProvider.create(RatisPipelineProvider.java:92)
	at org.apache.hadoop.hdds.scm.pipeline.PipelineFactory.create(PipelineFactory.java:57)
	at org.apache.hadoop.hdds.scm.pipeline.SCMPipelineManager.createPipeline(SCMPipelineManager.java:149)
	at org.apache.hadoop.hdds.scm.block.BlockManagerImpl.allocateBlock(BlockManagerImpl.java:190)
	at org.apache.hadoop.hdds.scm.server.SCMBlockProtocolServer.allocateBlock(SCMBlockProtocolServer.java:175)
	at org.apache.hadoop.ozone.protocolPB.ScmBlockLocationProtocolServerSideTranslatorPB.allocateScmBlock(ScmBlockLocationProtocolServerSideTranslatorPB.java:153)
	at org.apache.hadoop.ozone.protocolPB.ScmBlockLocationProtocolServerSideTranslatorPB.send(ScmBlockLocationProtocolServerSideTranslatorPB.java:112)
	at org.apache.hadoop.hdds.protocol.proto.ScmBlockLocationProtocolProtos$ScmBlockLocationProtocolService$2.callBlockingMethod(ScmBlockLocationProtocolProtos.java:13157)
	at org.apache.hadoop.ipc.ProtobufRpcEngine$Server$ProtoBufRpcInvoker.call(ProtobufRpcEngine.java:524)
	at org.apache.hadoop.ipc.RPC$Server.call(RPC.java:1025)
	at org.apache.hadoop.ipc.Server$RpcCall.run(Server.java:876)
	at org.apache.hadoop.ipc.Server$RpcCall.run(Server.java:822)
	at java.security.AccessController.doPrivileged(Native Method)
	at javax.security.auth.Subject.doAs(Subject.java:422)
	at org.apache.hadoop.security.UserGroupInformation.doAs(UserGroupInformation.java:1730)
	at org.apache.hadoop.ipc.Server$Handler.run(Server.java:2682)
2019-09-19 10:44:21,442 [pool-80-thread-2] ERROR freon.RandomKeyGenerator (RandomKeyGenerator.java:createKey(724)) - Exception while adding key: key-0-01300 in bucket: bucket-2-30666 of volume: vol-1-40978.
INTERNAL_ERROR org.apache.hadoop.ozone.om.exceptions.OMException: Allocated 0 blocks. Requested 1 blocks
	at org.apache.hadoop.ozone.om.protocolPB.OzoneManagerProtocolClientSideTranslatorPB.handleError(OzoneManagerProtocolClientSideTranslatorPB.java:725)
	at org.apache.hadoop.ozone.om.protocolPB.OzoneManagerProtocolClientSideTranslatorPB.openKey(OzoneManagerProtocolClientSideTranslatorPB.java:716)
	at org.apache.hadoop.ozone.client.rpc.RpcClient.createKey(RpcClient.java:615)
	at org.apache.hadoop.ozone.client.OzoneBucket.createKey(OzoneBucket.java:323)
	at org.apache.hadoop.ozone.freon.RandomKeyGenerator.createKey(RandomKeyGenerator.java:686)
	at org.apache.hadoop.ozone.freon.RandomKeyGenerator.access$1100(RandomKeyGenerator.java:87)
	at org.apache.hadoop.ozone.freon.RandomKeyGenerator$ObjectCreator.run(RandomKeyGenerator.java:606)
	at java.util.concurrent.Executors$RunnableAdapter.call(Executors.java:511)
	at java.util.concurrent.FutureTask.run(FutureTask.java:266)
	at java.util.concurrent.ThreadPoolExecutor.runWorker(ThreadPoolExecutor.java:1149)
	at java.util.concurrent.ThreadPoolExecutor$Worker.run(ThreadPoolExecutor.java:624)
	at java.lang.Thread.run(Thread.java:748)
2019-09-19 10:44:21,442 [IPC Server handler 17 on 39654] ERROR pipeline.PipelinePlacementPolicy (PipelinePlacementPolicy.java:meetCriteria(91)) - Pipeline Placement: Doesn't meet the criteria to be viable node. Heaviness: 6
2019-09-19 10:44:21,442 [IPC Server handler 15 on 39654] INFO  block.BlockManagerImpl (BlockManagerImpl.java:allocateBlock(198)) - Could not find available pipeline of type:RATIS and factor:THREE even after retrying
2019-09-19 10:44:21,443 [IPC Server handler 17 on 39654] ERROR pipeline.PipelinePlacementPolicy (PipelinePlacementPolicy.java:meetCriteria(91)) - Pipeline Placement: Doesn't meet the criteria to be viable node. Heaviness: 6
2019-09-19 10:44:21,442 [pool-80-thread-3] ERROR freon.RandomKeyGenerator (RandomKeyGenerator.java:createKey(724)) - Exception while adding key: key-0-76637 in bucket: bucket-3-76039 of volume: vol-0-60873.
INTERNAL_ERROR org.apache.hadoop.ozone.om.exceptions.OMException: Allocated 0 blocks. Requested 1 blocks
	at org.apache.hadoop.ozone.om.protocolPB.OzoneManagerProtocolClientSideTranslatorPB.handleError(OzoneManagerProtocolClientSideTranslatorPB.java:725)
	at org.apache.hadoop.ozone.om.protocolPB.OzoneManagerProtocolClientSideTranslatorPB.openKey(OzoneManagerProtocolClientSideTranslatorPB.java:716)
	at org.apache.hadoop.ozone.client.rpc.RpcClient.createKey(RpcClient.java:615)
	at org.apache.hadoop.ozone.client.OzoneBucket.createKey(OzoneBucket.java:323)
	at org.apache.hadoop.ozone.freon.RandomKeyGenerator.createKey(RandomKeyGenerator.java:686)
	at org.apache.hadoop.ozone.freon.RandomKeyGenerator.access$1100(RandomKeyGenerator.java:87)
	at org.apache.hadoop.ozone.freon.RandomKeyGenerator$ObjectCreator.run(RandomKeyGenerator.java:606)
	at java.util.concurrent.Executors$RunnableAdapter.call(Executors.java:511)
	at java.util.concurrent.FutureTask.run(FutureTask.java:266)
	at java.util.concurrent.ThreadPoolExecutor.runWorker(ThreadPoolExecutor.java:1149)
	at java.util.concurrent.ThreadPoolExecutor$Worker.run(ThreadPoolExecutor.java:624)
	at java.lang.Thread.run(Thread.java:748)
2019-09-19 10:44:21,443 [IPC Server handler 17 on 39654] ERROR pipeline.PipelinePlacementPolicy (PipelinePlacementPolicy.java:meetCriteria(91)) - Pipeline Placement: Doesn't meet the criteria to be viable node. Heaviness: 6
2019-09-19 10:44:21,443 [IPC Server handler 15 on 39654] ERROR block.BlockManagerImpl (BlockManagerImpl.java:allocateBlock(222)) - Unable to allocate a block for the size: 4194304, type: RATIS, factor: THREE
2019-09-19 10:44:21,444 [IPC Server handler 17 on 39654] ERROR pipeline.PipelinePlacementPolicy (PipelinePlacementPolicy.java:meetCriteria(91)) - Pipeline Placement: Doesn't meet the criteria to be viable node. Heaviness: 6
2019-09-19 10:44:21,444 | INFO  | SCMAudit | user=jenkins1000 | ip=192.168.157.204 | op=ALLOCATE_BLOCK {owner=0ae35bb6-9217-4e07-8082-1b0ffa9eda16, size=4194304, type=RATIS, factor=THREE} | ret=SUCCESS |  
2019-09-19 10:44:21,444 [IPC Server handler 17 on 39654] ERROR pipeline.PipelinePlacementPolicy (PipelinePlacementPolicy.java:meetCriteria(91)) - Pipeline Placement: Doesn't meet the criteria to be viable node. Heaviness: 6
2019-09-19 10:44:21,444 [IPC Server handler 17 on 39654] ERROR pipeline.PipelinePlacementPolicy (PipelinePlacementPolicy.java:filterViableNodes(146)) - Unable to find enough nodes that meet the criteria that cannot engage in more than 5 pipelines. Nodes required: 3 Found: 0, healthy nodes count inNodeManager: 5.
2019-09-19 10:44:21,444 [IPC Server handler 17 on 39654] ERROR pipeline.SCMPipelineManager (SCMPipelineManager.java:createPipeline(161)) - Pipeline creation failed due to exception: Unable to find enough nodes that meet the criteria that cannot engage in more than 5 pipelines. Nodes required: 3 Found: 0, healthy nodes count inNodeManager: 5.
2019-09-19 10:44:21,444 [IPC Server handler 17 on 39654] WARN  block.BlockManagerImpl (BlockManagerImpl.java:allocateBlock(192)) - Pipeline creation failed for type:RATIS factor:THREE. Retrying get pipelines call once.
org.apache.hadoop.hdds.scm.exceptions.SCMException: Unable to find enough nodes that meet the criteria that cannot engage in more than 5 pipelines. Nodes required: 3 Found: 0, healthy nodes count inNodeManager: 5.
	at org.apache.hadoop.hdds.scm.pipeline.PipelinePlacementPolicy.filterViableNodes(PipelinePlacementPolicy.java:147)
	at org.apache.hadoop.hdds.scm.pipeline.PipelinePlacementPolicy.chooseDatanodes(PipelinePlacementPolicy.java:170)
	at org.apache.hadoop.hdds.scm.pipeline.RatisPipelineProvider.create(RatisPipelineProvider.java:92)
	at org.apache.hadoop.hdds.scm.pipeline.PipelineFactory.create(PipelineFactory.java:57)
	at org.apache.hadoop.hdds.scm.pipeline.SCMPipelineManager.createPipeline(SCMPipelineManager.java:149)
	at org.apache.hadoop.hdds.scm.block.BlockManagerImpl.allocateBlock(BlockManagerImpl.java:190)
	at org.apache.hadoop.hdds.scm.server.SCMBlockProtocolServer.allocateBlock(SCMBlockProtocolServer.java:175)
	at org.apache.hadoop.ozone.protocolPB.ScmBlockLocationProtocolServerSideTranslatorPB.allocateScmBlock(ScmBlockLocationProtocolServerSideTranslatorPB.java:153)
	at org.apache.hadoop.ozone.protocolPB.ScmBlockLocationProtocolServerSideTranslatorPB.send(ScmBlockLocationProtocolServerSideTranslatorPB.java:112)
	at org.apache.hadoop.hdds.protocol.proto.ScmBlockLocationProtocolProtos$ScmBlockLocationProtocolService$2.callBlockingMethod(ScmBlockLocationProtocolProtos.java:13157)
	at org.apache.hadoop.ipc.ProtobufRpcEngine$Server$ProtoBufRpcInvoker.call(ProtobufRpcEngine.java:524)
	at org.apache.hadoop.ipc.RPC$Server.call(RPC.java:1025)
	at org.apache.hadoop.ipc.Server$RpcCall.run(Server.java:876)
	at org.apache.hadoop.ipc.Server$RpcCall.run(Server.java:822)
	at java.security.AccessController.doPrivileged(Native Method)
	at javax.security.auth.Subject.doAs(Subject.java:422)
	at org.apache.hadoop.security.UserGroupInformation.doAs(UserGroupInformation.java:1730)
	at org.apache.hadoop.ipc.Server$Handler.run(Server.java:2682)
2019-09-19 10:44:21,444 | ERROR | OMAudit | user=jenkins1000 | ip=127.0.0.1 | op=ALLOCATE_KEY {volume=vol-1-40978, bucket=bucket-4-92320, key=key-0-13214, dataSize=10240, replicationType=RATIS, replicationFactor=THREE, keyLocationInfo=null} | ret=FAILURE | org.apache.hadoop.hdds.scm.exceptions.SCMException: Allocated 0 blocks. Requested 1 blocks
	at org.apache.hadoop.hdds.scm.protocolPB.ScmBlockLocationProtocolClientSideTranslatorPB.handleError(ScmBlockLocationProtocolClientSideTranslatorPB.java:118)
	at org.apache.hadoop.hdds.scm.protocolPB.ScmBlockLocationProtocolClientSideTranslatorPB.allocateBlock(ScmBlockLocationProtocolClientSideTranslatorPB.java:156) 
2019-09-19 10:44:21,445 [IPC Server handler 11 on 39654] ERROR pipeline.PipelinePlacementPolicy (PipelinePlacementPolicy.java:meetCriteria(91)) - Pipeline Placement: Doesn't meet the criteria to be viable node. Heaviness: 6
2019-09-19 10:44:21,444 [IPC Server handler 3 on 39654] INFO  block.BlockManagerImpl (BlockManagerImpl.java:allocateBlock(198)) - Could not find available pipeline of type:RATIS and factor:THREE even after retrying
2019-09-19 10:44:21,445 [IPC Server handler 11 on 39654] ERROR pipeline.PipelinePlacementPolicy (PipelinePlacementPolicy.java:meetCriteria(91)) - Pipeline Placement: Doesn't meet the criteria to be viable node. Heaviness: 6
2019-09-19 10:44:21,445 [IPC Server handler 11 on 39654] ERROR pipeline.PipelinePlacementPolicy (PipelinePlacementPolicy.java:meetCriteria(91)) - Pipeline Placement: Doesn't meet the criteria to be viable node. Heaviness: 6
2019-09-19 10:44:21,445 [IPC Server handler 3 on 39654] ERROR block.BlockManagerImpl (BlockManagerImpl.java:allocateBlock(222)) - Unable to allocate a block for the size: 4194304, type: RATIS, factor: THREE
2019-09-19 10:44:21,446 | INFO  | SCMAudit | user=jenkins1000 | ip=192.168.157.204 | op=ALLOCATE_BLOCK {owner=0ae35bb6-9217-4e07-8082-1b0ffa9eda16, size=4194304, type=RATIS, factor=THREE} | ret=SUCCESS |  
2019-09-19 10:44:21,445 [pool-80-thread-7] ERROR freon.RandomKeyGenerator (RandomKeyGenerator.java:createKey(724)) - Exception while adding key: key-0-13214 in bucket: bucket-4-92320 of volume: vol-1-40978.
INTERNAL_ERROR org.apache.hadoop.ozone.om.exceptions.OMException: Allocated 0 blocks. Requested 1 blocks
	at org.apache.hadoop.ozone.om.protocolPB.OzoneManagerProtocolClientSideTranslatorPB.handleError(OzoneManagerProtocolClientSideTranslatorPB.java:725)
	at org.apache.hadoop.ozone.om.protocolPB.OzoneManagerProtocolClientSideTranslatorPB.openKey(OzoneManagerProtocolClientSideTranslatorPB.java:716)
	at org.apache.hadoop.ozone.client.rpc.RpcClient.createKey(RpcClient.java:615)
	at org.apache.hadoop.ozone.client.OzoneBucket.createKey(OzoneBucket.java:323)
	at org.apache.hadoop.ozone.freon.RandomKeyGenerator.createKey(RandomKeyGenerator.java:686)
	at org.apache.hadoop.ozone.freon.RandomKeyGenerator.access$1100(RandomKeyGenerator.java:87)
	at org.apache.hadoop.ozone.freon.RandomKeyGenerator$ObjectCreator.run(RandomKeyGenerator.java:606)
	at java.util.concurrent.Executors$RunnableAdapter.call(Executors.java:511)
	at java.util.concurrent.FutureTask.run(FutureTask.java:266)
	at java.util.concurrent.ThreadPoolExecutor.runWorker(ThreadPoolExecutor.java:1149)
	at java.util.concurrent.ThreadPoolExecutor$Worker.run(ThreadPoolExecutor.java:624)
	at java.lang.Thread.run(Thread.java:748)
2019-09-19 10:44:21,446 [IPC Server handler 11 on 39654] ERROR pipeline.PipelinePlacementPolicy (PipelinePlacementPolicy.java:meetCriteria(91)) - Pipeline Placement: Doesn't meet the criteria to be viable node. Heaviness: 6
2019-09-19 10:44:21,446 [IPC Server handler 11 on 39654] ERROR pipeline.PipelinePlacementPolicy (PipelinePlacementPolicy.java:meetCriteria(91)) - Pipeline Placement: Doesn't meet the criteria to be viable node. Heaviness: 6
2019-09-19 10:44:21,446 | ERROR | OMAudit | user=jenkins1000 | ip=127.0.0.1 | op=ALLOCATE_KEY {volume=vol-0-60873, bucket=bucket-4-34571, key=key-0-37620, dataSize=10240, replicationType=RATIS, replicationFactor=THREE, keyLocationInfo=null} | ret=FAILURE | org.apache.hadoop.hdds.scm.exceptions.SCMException: Allocated 0 blocks. Requested 1 blocks
	at org.apache.hadoop.hdds.scm.protocolPB.ScmBlockLocationProtocolClientSideTranslatorPB.handleError(ScmBlockLocationProtocolClientSideTranslatorPB.java:118)
	at org.apache.hadoop.hdds.scm.protocolPB.ScmBlockLocationProtocolClientSideTranslatorPB.allocateBlock(ScmBlockLocationProtocolClientSideTranslatorPB.java:156) 
2019-09-19 10:44:21,447 [IPC Server handler 11 on 39654] ERROR pipeline.PipelinePlacementPolicy (PipelinePlacementPolicy.java:filterViableNodes(146)) - Unable to find enough nodes that meet the criteria that cannot engage in more than 5 pipelines. Nodes required: 3 Found: 0, healthy nodes count inNodeManager: 5.
2019-09-19 10:44:21,447 [IPC Server handler 11 on 39654] ERROR pipeline.SCMPipelineManager (SCMPipelineManager.java:createPipeline(161)) - Pipeline creation failed due to exception: Unable to find enough nodes that meet the criteria that cannot engage in more than 5 pipelines. Nodes required: 3 Found: 0, healthy nodes count inNodeManager: 5.
2019-09-19 10:44:21,447 [IPC Server handler 11 on 39654] WARN  block.BlockManagerImpl (BlockManagerImpl.java:allocateBlock(192)) - Pipeline creation failed for type:RATIS factor:THREE. Retrying get pipelines call once.
org.apache.hadoop.hdds.scm.exceptions.SCMException: Unable to find enough nodes that meet the criteria that cannot engage in more than 5 pipelines. Nodes required: 3 Found: 0, healthy nodes count inNodeManager: 5.
	at org.apache.hadoop.hdds.scm.pipeline.PipelinePlacementPolicy.filterViableNodes(PipelinePlacementPolicy.java:147)
	at org.apache.hadoop.hdds.scm.pipeline.PipelinePlacementPolicy.chooseDatanodes(PipelinePlacementPolicy.java:170)
	at org.apache.hadoop.hdds.scm.pipeline.RatisPipelineProvider.create(RatisPipelineProvider.java:92)
	at org.apache.hadoop.hdds.scm.pipeline.PipelineFactory.create(PipelineFactory.java:57)
	at org.apache.hadoop.hdds.scm.pipeline.SCMPipelineManager.createPipeline(SCMPipelineManager.java:149)
	at org.apache.hadoop.hdds.scm.block.BlockManagerImpl.allocateBlock(BlockManagerImpl.java:190)
	at org.apache.hadoop.hdds.scm.server.SCMBlockProtocolServer.allocateBlock(SCMBlockProtocolServer.java:175)
	at org.apache.hadoop.ozone.protocolPB.ScmBlockLocationProtocolServerSideTranslatorPB.allocateScmBlock(ScmBlockLocationProtocolServerSideTranslatorPB.java:153)
	at org.apache.hadoop.ozone.protocolPB.ScmBlockLocationProtocolServerSideTranslatorPB.send(ScmBlockLocationProtocolServerSideTranslatorPB.java:112)
	at org.apache.hadoop.hdds.protocol.proto.ScmBlockLocationProtocolProtos$ScmBlockLocationProtocolService$2.callBlockingMethod(ScmBlockLocationProtocolProtos.java:13157)
	at org.apache.hadoop.ipc.ProtobufRpcEngine$Server$ProtoBufRpcInvoker.call(ProtobufRpcEngine.java:524)
	at org.apache.hadoop.ipc.RPC$Server.call(RPC.java:1025)
	at org.apache.hadoop.ipc.Server$RpcCall.run(Server.java:876)
	at org.apache.hadoop.ipc.Server$RpcCall.run(Server.java:822)
	at java.security.AccessController.doPrivileged(Native Method)
	at javax.security.auth.Subject.doAs(Subject.java:422)
	at org.apache.hadoop.security.UserGroupInformation.doAs(UserGroupInformation.java:1730)
	at org.apache.hadoop.ipc.Server$Handler.run(Server.java:2682)
2019-09-19 10:44:21,447 [pool-80-thread-5] ERROR freon.RandomKeyGenerator (RandomKeyGenerator.java:createKey(724)) - Exception while adding key: key-0-37620 in bucket: bucket-4-34571 of volume: vol-0-60873.
INTERNAL_ERROR org.apache.hadoop.ozone.om.exceptions.OMException: Allocated 0 blocks. Requested 1 blocks
	at org.apache.hadoop.ozone.om.protocolPB.OzoneManagerProtocolClientSideTranslatorPB.handleError(OzoneManagerProtocolClientSideTranslatorPB.java:725)
	at org.apache.hadoop.ozone.om.protocolPB.OzoneManagerProtocolClientSideTranslatorPB.openKey(OzoneManagerProtocolClientSideTranslatorPB.java:716)
	at org.apache.hadoop.ozone.client.rpc.RpcClient.createKey(RpcClient.java:615)
	at org.apache.hadoop.ozone.client.OzoneBucket.createKey(OzoneBucket.java:323)
	at org.apache.hadoop.ozone.freon.RandomKeyGenerator.createKey(RandomKeyGenerator.java:686)
	at org.apache.hadoop.ozone.freon.RandomKeyGenerator.access$1100(RandomKeyGenerator.java:87)
	at org.apache.hadoop.ozone.freon.RandomKeyGenerator$ObjectCreator.run(RandomKeyGenerator.java:606)
	at java.util.concurrent.Executors$RunnableAdapter.call(Executors.java:511)
	at java.util.concurrent.FutureTask.run(FutureTask.java:266)
	at java.util.concurrent.ThreadPoolExecutor.runWorker(ThreadPoolExecutor.java:1149)
	at java.util.concurrent.ThreadPoolExecutor$Worker.run(ThreadPoolExecutor.java:624)
	at java.lang.Thread.run(Thread.java:748)
2019-09-19 10:44:21,447 [IPC Server handler 0 on 39654] ERROR pipeline.PipelinePlacementPolicy (PipelinePlacementPolicy.java:meetCriteria(91)) - Pipeline Placement: Doesn't meet the criteria to be viable node. Heaviness: 6
2019-09-19 10:44:21,447 [IPC Server handler 17 on 39654] INFO  block.BlockManagerImpl (BlockManagerImpl.java:allocateBlock(198)) - Could not find available pipeline of type:RATIS and factor:THREE even after retrying
2019-09-19 10:44:21,448 [IPC Server handler 0 on 39654] ERROR pipeline.PipelinePlacementPolicy (PipelinePlacementPolicy.java:meetCriteria(91)) - Pipeline Placement: Doesn't meet the criteria to be viable node. Heaviness: 6
2019-09-19 10:44:21,448 [IPC Server handler 17 on 39654] ERROR block.BlockManagerImpl (BlockManagerImpl.java:allocateBlock(222)) - Unable to allocate a block for the size: 4194304, type: RATIS, factor: THREE
2019-09-19 10:44:21,448 | INFO  | SCMAudit | user=jenkins1000 | ip=192.168.157.204 | op=ALLOCATE_BLOCK {owner=0ae35bb6-9217-4e07-8082-1b0ffa9eda16, size=4194304, type=RATIS, factor=THREE} | ret=SUCCESS |  
2019-09-19 10:44:21,448 [IPC Server handler 0 on 39654] ERROR pipeline.PipelinePlacementPolicy (PipelinePlacementPolicy.java:meetCriteria(91)) - Pipeline Placement: Doesn't meet the criteria to be viable node. Heaviness: 6
2019-09-19 10:44:21,448 [IPC Server handler 0 on 39654] ERROR pipeline.PipelinePlacementPolicy (PipelinePlacementPolicy.java:meetCriteria(91)) - Pipeline Placement: Doesn't meet the criteria to be viable node. Heaviness: 6
2019-09-19 10:44:21,449 [IPC Server handler 0 on 39654] ERROR pipeline.PipelinePlacementPolicy (PipelinePlacementPolicy.java:meetCriteria(91)) - Pipeline Placement: Doesn't meet the criteria to be viable node. Heaviness: 6
2019-09-19 10:44:21,449 [IPC Server handler 0 on 39654] ERROR pipeline.PipelinePlacementPolicy (PipelinePlacementPolicy.java:filterViableNodes(146)) - Unable to find enough nodes that meet the criteria that cannot engage in more than 5 pipelines. Nodes required: 3 Found: 0, healthy nodes count inNodeManager: 5.
2019-09-19 10:44:21,450 [IPC Server handler 0 on 39654] ERROR pipeline.SCMPipelineManager (SCMPipelineManager.java:createPipeline(161)) - Pipeline creation failed due to exception: Unable to find enough nodes that meet the criteria that cannot engage in more than 5 pipelines. Nodes required: 3 Found: 0, healthy nodes count inNodeManager: 5.
2019-09-19 10:44:21,449 | ERROR | OMAudit | user=jenkins1000 | ip=127.0.0.1 | op=ALLOCATE_KEY {volume=vol-1-40978, bucket=bucket-3-90805, key=key-0-56908, dataSize=10240, replicationType=RATIS, replicationFactor=THREE, keyLocationInfo=null} | ret=FAILURE | org.apache.hadoop.hdds.scm.exceptions.SCMException: Allocated 0 blocks. Requested 1 blocks
	at org.apache.hadoop.hdds.scm.protocolPB.ScmBlockLocationProtocolClientSideTranslatorPB.handleError(ScmBlockLocationProtocolClientSideTranslatorPB.java:118)
	at org.apache.hadoop.hdds.scm.protocolPB.ScmBlockLocationProtocolClientSideTranslatorPB.allocateBlock(ScmBlockLocationProtocolClientSideTranslatorPB.java:156) 
2019-09-19 10:44:21,450 [IPC Server handler 0 on 39654] WARN  block.BlockManagerImpl (BlockManagerImpl.java:allocateBlock(192)) - Pipeline creation failed for type:RATIS factor:THREE. Retrying get pipelines call once.
org.apache.hadoop.hdds.scm.exceptions.SCMException: Unable to find enough nodes that meet the criteria that cannot engage in more than 5 pipelines. Nodes required: 3 Found: 0, healthy nodes count inNodeManager: 5.
	at org.apache.hadoop.hdds.scm.pipeline.PipelinePlacementPolicy.filterViableNodes(PipelinePlacementPolicy.java:147)
	at org.apache.hadoop.hdds.scm.pipeline.PipelinePlacementPolicy.chooseDatanodes(PipelinePlacementPolicy.java:170)
	at org.apache.hadoop.hdds.scm.pipeline.RatisPipelineProvider.create(RatisPipelineProvider.java:92)
	at org.apache.hadoop.hdds.scm.pipeline.PipelineFactory.create(PipelineFactory.java:57)
	at org.apache.hadoop.hdds.scm.pipeline.SCMPipelineManager.createPipeline(SCMPipelineManager.java:149)
	at org.apache.hadoop.hdds.scm.block.BlockManagerImpl.allocateBlock(BlockManagerImpl.java:190)
	at org.apache.hadoop.hdds.scm.server.SCMBlockProtocolServer.allocateBlock(SCMBlockProtocolServer.java:175)
	at org.apache.hadoop.ozone.protocolPB.ScmBlockLocationProtocolServerSideTranslatorPB.allocateScmBlock(ScmBlockLocationProtocolServerSideTranslatorPB.java:153)
	at org.apache.hadoop.ozone.protocolPB.ScmBlockLocationProtocolServerSideTranslatorPB.send(ScmBlockLocationProtocolServerSideTranslatorPB.java:112)
	at org.apache.hadoop.hdds.protocol.proto.ScmBlockLocationProtocolProtos$ScmBlockLocationProtocolService$2.callBlockingMethod(ScmBlockLocationProtocolProtos.java:13157)
	at org.apache.hadoop.ipc.ProtobufRpcEngine$Server$ProtoBufRpcInvoker.call(ProtobufRpcEngine.java:524)
	at org.apache.hadoop.ipc.RPC$Server.call(RPC.java:1025)
	at org.apache.hadoop.ipc.Server$RpcCall.run(Server.java:876)
	at org.apache.hadoop.ipc.Server$RpcCall.run(Server.java:822)
	at java.security.AccessController.doPrivileged(Native Method)
	at javax.security.auth.Subject.doAs(Subject.java:422)
	at org.apache.hadoop.security.UserGroupInformation.doAs(UserGroupInformation.java:1730)
	at org.apache.hadoop.ipc.Server$Handler.run(Server.java:2682)
2019-09-19 10:44:21,451 [IPC Server handler 6 on 39654] ERROR pipeline.PipelinePlacementPolicy (PipelinePlacementPolicy.java:meetCriteria(91)) - Pipeline Placement: Doesn't meet the criteria to be viable node. Heaviness: 6
2019-09-19 10:44:21,450 [IPC Server handler 11 on 39654] INFO  block.BlockManagerImpl (BlockManagerImpl.java:allocateBlock(198)) - Could not find available pipeline of type:RATIS and factor:THREE even after retrying
2019-09-19 10:44:21,451 [IPC Server handler 6 on 39654] ERROR pipeline.PipelinePlacementPolicy (PipelinePlacementPolicy.java:meetCriteria(91)) - Pipeline Placement: Doesn't meet the criteria to be viable node. Heaviness: 6
2019-09-19 10:44:21,451 [pool-80-thread-6] ERROR freon.RandomKeyGenerator (RandomKeyGenerator.java:createKey(724)) - Exception while adding key: key-0-56908 in bucket: bucket-3-90805 of volume: vol-1-40978.
INTERNAL_ERROR org.apache.hadoop.ozone.om.exceptions.OMException: Allocated 0 blocks. Requested 1 blocks
	at org.apache.hadoop.ozone.om.protocolPB.OzoneManagerProtocolClientSideTranslatorPB.handleError(OzoneManagerProtocolClientSideTranslatorPB.java:725)
	at org.apache.hadoop.ozone.om.protocolPB.OzoneManagerProtocolClientSideTranslatorPB.openKey(OzoneManagerProtocolClientSideTranslatorPB.java:716)
	at org.apache.hadoop.ozone.client.rpc.RpcClient.createKey(RpcClient.java:615)
	at org.apache.hadoop.ozone.client.OzoneBucket.createKey(OzoneBucket.java:323)
	at org.apache.hadoop.ozone.freon.RandomKeyGenerator.createKey(RandomKeyGenerator.java:686)
	at org.apache.hadoop.ozone.freon.RandomKeyGenerator.access$1100(RandomKeyGenerator.java:87)
	at org.apache.hadoop.ozone.freon.RandomKeyGenerator$ObjectCreator.run(RandomKeyGenerator.java:606)
	at java.util.concurrent.Executors$RunnableAdapter.call(Executors.java:511)
	at java.util.concurrent.FutureTask.run(FutureTask.java:266)
	at java.util.concurrent.ThreadPoolExecutor.runWorker(ThreadPoolExecutor.java:1149)
	at java.util.concurrent.ThreadPoolExecutor$Worker.run(ThreadPoolExecutor.java:624)
	at java.lang.Thread.run(Thread.java:748)
2019-09-19 10:44:21,451 [IPC Server handler 6 on 39654] ERROR pipeline.PipelinePlacementPolicy (PipelinePlacementPolicy.java:meetCriteria(91)) - Pipeline Placement: Doesn't meet the criteria to be viable node. Heaviness: 6
2019-09-19 10:44:21,452 [IPC Server handler 6 on 39654] ERROR pipeline.PipelinePlacementPolicy (PipelinePlacementPolicy.java:meetCriteria(91)) - Pipeline Placement: Doesn't meet the criteria to be viable node. Heaviness: 6
2019-09-19 10:44:21,451 [IPC Server handler 11 on 39654] ERROR block.BlockManagerImpl (BlockManagerImpl.java:allocateBlock(222)) - Unable to allocate a block for the size: 4194304, type: RATIS, factor: THREE
2019-09-19 10:44:21,452 [IPC Server handler 6 on 39654] ERROR pipeline.PipelinePlacementPolicy (PipelinePlacementPolicy.java:meetCriteria(91)) - Pipeline Placement: Doesn't meet the criteria to be viable node. Heaviness: 6
2019-09-19 10:44:21,452 | INFO  | SCMAudit | user=jenkins1000 | ip=192.168.157.204 | op=ALLOCATE_BLOCK {owner=0ae35bb6-9217-4e07-8082-1b0ffa9eda16, size=4194304, type=RATIS, factor=THREE} | ret=SUCCESS |  
2019-09-19 10:44:21,452 [IPC Server handler 6 on 39654] ERROR pipeline.PipelinePlacementPolicy (PipelinePlacementPolicy.java:filterViableNodes(146)) - Unable to find enough nodes that meet the criteria that cannot engage in more than 5 pipelines. Nodes required: 3 Found: 0, healthy nodes count inNodeManager: 5.
2019-09-19 10:44:21,452 [IPC Server handler 6 on 39654] ERROR pipeline.SCMPipelineManager (SCMPipelineManager.java:createPipeline(161)) - Pipeline creation failed due to exception: Unable to find enough nodes that meet the criteria that cannot engage in more than 5 pipelines. Nodes required: 3 Found: 0, healthy nodes count inNodeManager: 5.
2019-09-19 10:44:21,453 [IPC Server handler 6 on 39654] WARN  block.BlockManagerImpl (BlockManagerImpl.java:allocateBlock(192)) - Pipeline creation failed for type:RATIS factor:THREE. Retrying get pipelines call once.
org.apache.hadoop.hdds.scm.exceptions.SCMException: Unable to find enough nodes that meet the criteria that cannot engage in more than 5 pipelines. Nodes required: 3 Found: 0, healthy nodes count inNodeManager: 5.
	at org.apache.hadoop.hdds.scm.pipeline.PipelinePlacementPolicy.filterViableNodes(PipelinePlacementPolicy.java:147)
	at org.apache.hadoop.hdds.scm.pipeline.PipelinePlacementPolicy.chooseDatanodes(PipelinePlacementPolicy.java:170)
	at org.apache.hadoop.hdds.scm.pipeline.RatisPipelineProvider.create(RatisPipelineProvider.java:92)
	at org.apache.hadoop.hdds.scm.pipeline.PipelineFactory.create(PipelineFactory.java:57)
	at org.apache.hadoop.hdds.scm.pipeline.SCMPipelineManager.createPipeline(SCMPipelineManager.java:149)
	at org.apache.hadoop.hdds.scm.block.BlockManagerImpl.allocateBlock(BlockManagerImpl.java:190)
	at org.apache.hadoop.hdds.scm.server.SCMBlockProtocolServer.allocateBlock(SCMBlockProtocolServer.java:175)
	at org.apache.hadoop.ozone.protocolPB.ScmBlockLocationProtocolServerSideTranslatorPB.allocateScmBlock(ScmBlockLocationProtocolServerSideTranslatorPB.java:153)
	at org.apache.hadoop.ozone.protocolPB.ScmBlockLocationProtocolServerSideTranslatorPB.send(ScmBlockLocationProtocolServerSideTranslatorPB.java:112)
	at org.apache.hadoop.hdds.protocol.proto.ScmBlockLocationProtocolProtos$ScmBlockLocationProtocolService$2.callBlockingMethod(ScmBlockLocationProtocolProtos.java:13157)
	at org.apache.hadoop.ipc.ProtobufRpcEngine$Server$ProtoBufRpcInvoker.call(ProtobufRpcEngine.java:524)
	at org.apache.hadoop.ipc.RPC$Server.call(RPC.java:1025)
	at org.apache.hadoop.ipc.Server$RpcCall.run(Server.java:876)
	at org.apache.hadoop.ipc.Server$RpcCall.run(Server.java:822)
	at java.security.AccessController.doPrivileged(Native Method)
	at javax.security.auth.Subject.doAs(Subject.java:422)
	at org.apache.hadoop.security.UserGroupInformation.doAs(UserGroupInformation.java:1730)
	at org.apache.hadoop.ipc.Server$Handler.run(Server.java:2682)
2019-09-19 10:44:21,453 [IPC Server handler 2 on 39654] ERROR pipeline.PipelinePlacementPolicy (PipelinePlacementPolicy.java:meetCriteria(91)) - Pipeline Placement: Doesn't meet the criteria to be viable node. Heaviness: 6
2019-09-19 10:44:21,453 | ERROR | OMAudit | user=jenkins1000 | ip=127.0.0.1 | op=ALLOCATE_KEY {volume=vol-1-40978, bucket=bucket-1-91325, key=key-0-93853, dataSize=10240, replicationType=RATIS, replicationFactor=THREE, keyLocationInfo=null} | ret=FAILURE | org.apache.hadoop.hdds.scm.exceptions.SCMException: Allocated 0 blocks. Requested 1 blocks
	at org.apache.hadoop.hdds.scm.protocolPB.ScmBlockLocationProtocolClientSideTranslatorPB.handleError(ScmBlockLocationProtocolClientSideTranslatorPB.java:118)
	at org.apache.hadoop.hdds.scm.protocolPB.ScmBlockLocationProtocolClientSideTranslatorPB.allocateBlock(ScmBlockLocationProtocolClientSideTranslatorPB.java:156) 
2019-09-19 10:44:21,453 [IPC Server handler 2 on 39654] ERROR pipeline.PipelinePlacementPolicy (PipelinePlacementPolicy.java:meetCriteria(91)) - Pipeline Placement: Doesn't meet the criteria to be viable node. Heaviness: 6
2019-09-19 10:44:21,453 [IPC Server handler 2 on 39654] ERROR pipeline.PipelinePlacementPolicy (PipelinePlacementPolicy.java:meetCriteria(91)) - Pipeline Placement: Doesn't meet the criteria to be viable node. Heaviness: 6
2019-09-19 10:44:21,453 [IPC Server handler 0 on 39654] INFO  block.BlockManagerImpl (BlockManagerImpl.java:allocateBlock(198)) - Could not find available pipeline of type:RATIS and factor:THREE even after retrying
2019-09-19 10:44:21,454 [IPC Server handler 2 on 39654] ERROR pipeline.PipelinePlacementPolicy (PipelinePlacementPolicy.java:meetCriteria(91)) - Pipeline Placement: Doesn't meet the criteria to be viable node. Heaviness: 6
2019-09-19 10:44:21,454 [pool-80-thread-9] ERROR freon.RandomKeyGenerator (RandomKeyGenerator.java:createKey(724)) - Exception while adding key: key-0-93853 in bucket: bucket-1-91325 of volume: vol-1-40978.
INTERNAL_ERROR org.apache.hadoop.ozone.om.exceptions.OMException: Allocated 0 blocks. Requested 1 blocks
	at org.apache.hadoop.ozone.om.protocolPB.OzoneManagerProtocolClientSideTranslatorPB.handleError(OzoneManagerProtocolClientSideTranslatorPB.java:725)
	at org.apache.hadoop.ozone.om.protocolPB.OzoneManagerProtocolClientSideTranslatorPB.openKey(OzoneManagerProtocolClientSideTranslatorPB.java:716)
	at org.apache.hadoop.ozone.client.rpc.RpcClient.createKey(RpcClient.java:615)
	at org.apache.hadoop.ozone.client.OzoneBucket.createKey(OzoneBucket.java:323)
	at org.apache.hadoop.ozone.freon.RandomKeyGenerator.createKey(RandomKeyGenerator.java:686)
	at org.apache.hadoop.ozone.freon.RandomKeyGenerator.access$1100(RandomKeyGenerator.java:87)
	at org.apache.hadoop.ozone.freon.RandomKeyGenerator$ObjectCreator.run(RandomKeyGenerator.java:606)
	at java.util.concurrent.Executors$RunnableAdapter.call(Executors.java:511)
	at java.util.concurrent.FutureTask.run(FutureTask.java:266)
	at java.util.concurrent.ThreadPoolExecutor.runWorker(ThreadPoolExecutor.java:1149)
	at java.util.concurrent.ThreadPoolExecutor$Worker.run(ThreadPoolExecutor.java:624)
	at java.lang.Thread.run(Thread.java:748)
2019-09-19 10:44:21,454 [IPC Server handler 2 on 39654] ERROR pipeline.PipelinePlacementPolicy (PipelinePlacementPolicy.java:meetCriteria(91)) - Pipeline Placement: Doesn't meet the criteria to be viable node. Heaviness: 6
2019-09-19 10:44:21,454 [IPC Server handler 0 on 39654] ERROR block.BlockManagerImpl (BlockManagerImpl.java:allocateBlock(222)) - Unable to allocate a block for the size: 4194304, type: RATIS, factor: THREE
2019-09-19 10:44:21,455 | INFO  | SCMAudit | user=jenkins1000 | ip=192.168.157.204 | op=ALLOCATE_BLOCK {owner=0ae35bb6-9217-4e07-8082-1b0ffa9eda16, size=4194304, type=RATIS, factor=THREE} | ret=SUCCESS |  
2019-09-19 10:44:21,455 [IPC Server handler 2 on 39654] ERROR pipeline.PipelinePlacementPolicy (PipelinePlacementPolicy.java:filterViableNodes(146)) - Unable to find enough nodes that meet the criteria that cannot engage in more than 5 pipelines. Nodes required: 3 Found: 0, healthy nodes count inNodeManager: 5.
2019-09-19 10:44:21,455 [IPC Server handler 2 on 39654] ERROR pipeline.SCMPipelineManager (SCMPipelineManager.java:createPipeline(161)) - Pipeline creation failed due to exception: Unable to find enough nodes that meet the criteria that cannot engage in more than 5 pipelines. Nodes required: 3 Found: 0, healthy nodes count inNodeManager: 5.
2019-09-19 10:44:21,455 [IPC Server handler 2 on 39654] WARN  block.BlockManagerImpl (BlockManagerImpl.java:allocateBlock(192)) - Pipeline creation failed for type:RATIS factor:THREE. Retrying get pipelines call once.
org.apache.hadoop.hdds.scm.exceptions.SCMException: Unable to find enough nodes that meet the criteria that cannot engage in more than 5 pipelines. Nodes required: 3 Found: 0, healthy nodes count inNodeManager: 5.
	at org.apache.hadoop.hdds.scm.pipeline.PipelinePlacementPolicy.filterViableNodes(PipelinePlacementPolicy.java:147)
	at org.apache.hadoop.hdds.scm.pipeline.PipelinePlacementPolicy.chooseDatanodes(PipelinePlacementPolicy.java:170)
	at org.apache.hadoop.hdds.scm.pipeline.RatisPipelineProvider.create(RatisPipelineProvider.java:92)
	at org.apache.hadoop.hdds.scm.pipeline.PipelineFactory.create(PipelineFactory.java:57)
	at org.apache.hadoop.hdds.scm.pipeline.SCMPipelineManager.createPipeline(SCMPipelineManager.java:149)
	at org.apache.hadoop.hdds.scm.block.BlockManagerImpl.allocateBlock(BlockManagerImpl.java:190)
	at org.apache.hadoop.hdds.scm.server.SCMBlockProtocolServer.allocateBlock(SCMBlockProtocolServer.java:175)
	at org.apache.hadoop.ozone.protocolPB.ScmBlockLocationProtocolServerSideTranslatorPB.allocateScmBlock(ScmBlockLocationProtocolServerSideTranslatorPB.java:153)
	at org.apache.hadoop.ozone.protocolPB.ScmBlockLocationProtocolServerSideTranslatorPB.send(ScmBlockLocationProtocolServerSideTranslatorPB.java:112)
	at org.apache.hadoop.hdds.protocol.proto.ScmBlockLocationProtocolProtos$ScmBlockLocationProtocolService$2.callBlockingMethod(ScmBlockLocationProtocolProtos.java:13157)
	at org.apache.hadoop.ipc.ProtobufRpcEngine$Server$ProtoBufRpcInvoker.call(ProtobufRpcEngine.java:524)
	at org.apache.hadoop.ipc.RPC$Server.call(RPC.java:1025)
	at org.apache.hadoop.ipc.Server$RpcCall.run(Server.java:876)
	at org.apache.hadoop.ipc.Server$RpcCall.run(Server.java:822)
	at java.security.AccessController.doPrivileged(Native Method)
	at javax.security.auth.Subject.doAs(Subject.java:422)
	at org.apache.hadoop.security.UserGroupInformation.doAs(UserGroupInformation.java:1730)
	at org.apache.hadoop.ipc.Server$Handler.run(Server.java:2682)
2019-09-19 10:44:21,455 [IPC Server handler 6 on 39654] INFO  block.BlockManagerImpl (BlockManagerImpl.java:allocateBlock(198)) - Could not find available pipeline of type:RATIS and factor:THREE even after retrying
2019-09-19 10:44:21,455 | ERROR | OMAudit | user=jenkins1000 | ip=127.0.0.1 | op=ALLOCATE_KEY {volume=vol-0-60873, bucket=bucket-1-20471, key=key-0-57098, dataSize=10240, replicationType=RATIS, replicationFactor=THREE, keyLocationInfo=null} | ret=FAILURE | org.apache.hadoop.hdds.scm.exceptions.SCMException: Allocated 0 blocks. Requested 1 blocks
	at org.apache.hadoop.hdds.scm.protocolPB.ScmBlockLocationProtocolClientSideTranslatorPB.handleError(ScmBlockLocationProtocolClientSideTranslatorPB.java:118)
	at org.apache.hadoop.hdds.scm.protocolPB.ScmBlockLocationProtocolClientSideTranslatorPB.allocateBlock(ScmBlockLocationProtocolClientSideTranslatorPB.java:156) 
2019-09-19 10:44:21,455 [IPC Server handler 2 on 39654] INFO  block.BlockManagerImpl (BlockManagerImpl.java:allocateBlock(198)) - Could not find available pipeline of type:RATIS and factor:THREE even after retrying
2019-09-19 10:44:21,455 [IPC Server handler 6 on 39654] ERROR block.BlockManagerImpl (BlockManagerImpl.java:allocateBlock(222)) - Unable to allocate a block for the size: 4194304, type: RATIS, factor: THREE
2019-09-19 10:44:21,456 [IPC Server handler 2 on 39654] ERROR block.BlockManagerImpl (BlockManagerImpl.java:allocateBlock(222)) - Unable to allocate a block for the size: 4194304, type: RATIS, factor: THREE
2019-09-19 10:44:21,456 | INFO  | SCMAudit | user=jenkins1000 | ip=192.168.157.204 | op=ALLOCATE_BLOCK {owner=0ae35bb6-9217-4e07-8082-1b0ffa9eda16, size=4194304, type=RATIS, factor=THREE} | ret=SUCCESS |  
2019-09-19 10:44:21,456 | INFO  | SCMAudit | user=jenkins1000 | ip=192.168.157.204 | op=ALLOCATE_BLOCK {owner=0ae35bb6-9217-4e07-8082-1b0ffa9eda16, size=4194304, type=RATIS, factor=THREE} | ret=SUCCESS |  
2019-09-19 10:44:21,456 [pool-80-thread-10] ERROR freon.RandomKeyGenerator (RandomKeyGenerator.java:createKey(724)) - Exception while adding key: key-0-57098 in bucket: bucket-1-20471 of volume: vol-0-60873.
INTERNAL_ERROR org.apache.hadoop.ozone.om.exceptions.OMException: Allocated 0 blocks. Requested 1 blocks
	at org.apache.hadoop.ozone.om.protocolPB.OzoneManagerProtocolClientSideTranslatorPB.handleError(OzoneManagerProtocolClientSideTranslatorPB.java:725)
	at org.apache.hadoop.ozone.om.protocolPB.OzoneManagerProtocolClientSideTranslatorPB.openKey(OzoneManagerProtocolClientSideTranslatorPB.java:716)
	at org.apache.hadoop.ozone.client.rpc.RpcClient.createKey(RpcClient.java:615)
	at org.apache.hadoop.ozone.client.OzoneBucket.createKey(OzoneBucket.java:323)
	at org.apache.hadoop.ozone.freon.RandomKeyGenerator.createKey(RandomKeyGenerator.java:686)
	at org.apache.hadoop.ozone.freon.RandomKeyGenerator.access$1100(RandomKeyGenerator.java:87)
	at org.apache.hadoop.ozone.freon.RandomKeyGenerator$ObjectCreator.run(RandomKeyGenerator.java:606)
	at java.util.concurrent.Executors$RunnableAdapter.call(Executors.java:511)
	at java.util.concurrent.FutureTask.run(FutureTask.java:266)
	at java.util.concurrent.ThreadPoolExecutor.runWorker(ThreadPoolExecutor.java:1149)
	at java.util.concurrent.ThreadPoolExecutor$Worker.run(ThreadPoolExecutor.java:624)
	at java.lang.Thread.run(Thread.java:748)
2019-09-19 10:44:21,456 | ERROR | OMAudit | user=jenkins1000 | ip=127.0.0.1 | op=ALLOCATE_KEY {volume=vol-0-60873, bucket=bucket-2-41005, key=key-0-31863, dataSize=10240, replicationType=RATIS, replicationFactor=THREE, keyLocationInfo=null} | ret=FAILURE | org.apache.hadoop.hdds.scm.exceptions.SCMException: Allocated 0 blocks. Requested 1 blocks
	at org.apache.hadoop.hdds.scm.protocolPB.ScmBlockLocationProtocolClientSideTranslatorPB.handleError(ScmBlockLocationProtocolClientSideTranslatorPB.java:118)
	at org.apache.hadoop.hdds.scm.protocolPB.ScmBlockLocationProtocolClientSideTranslatorPB.allocateBlock(ScmBlockLocationProtocolClientSideTranslatorPB.java:156) 
2019-09-19 10:44:21,456 | ERROR | OMAudit | user=jenkins1000 | ip=127.0.0.1 | op=ALLOCATE_KEY {volume=vol-0-60873, bucket=bucket-0-43763, key=key-0-54878, dataSize=10240, replicationType=RATIS, replicationFactor=THREE, keyLocationInfo=null} | ret=FAILURE | org.apache.hadoop.hdds.scm.exceptions.SCMException: Allocated 0 blocks. Requested 1 blocks
	at org.apache.hadoop.hdds.scm.protocolPB.ScmBlockLocationProtocolClientSideTranslatorPB.handleError(ScmBlockLocationProtocolClientSideTranslatorPB.java:118)
	at org.apache.hadoop.hdds.scm.protocolPB.ScmBlockLocationProtocolClientSideTranslatorPB.allocateBlock(ScmBlockLocationProtocolClientSideTranslatorPB.java:156) 
2019-09-19 10:44:21,457 [pool-80-thread-8] ERROR freon.RandomKeyGenerator (RandomKeyGenerator.java:createKey(724)) - Exception while adding key: key-0-31863 in bucket: bucket-2-41005 of volume: vol-0-60873.
INTERNAL_ERROR org.apache.hadoop.ozone.om.exceptions.OMException: Allocated 0 blocks. Requested 1 blocks
	at org.apache.hadoop.ozone.om.protocolPB.OzoneManagerProtocolClientSideTranslatorPB.handleError(OzoneManagerProtocolClientSideTranslatorPB.java:725)
	at org.apache.hadoop.ozone.om.protocolPB.OzoneManagerProtocolClientSideTranslatorPB.openKey(OzoneManagerProtocolClientSideTranslatorPB.java:716)
	at org.apache.hadoop.ozone.client.rpc.RpcClient.createKey(RpcClient.java:615)
	at org.apache.hadoop.ozone.client.OzoneBucket.createKey(OzoneBucket.java:323)
	at org.apache.hadoop.ozone.freon.RandomKeyGenerator.createKey(RandomKeyGenerator.java:686)
	at org.apache.hadoop.ozone.freon.RandomKeyGenerator.access$1100(RandomKeyGenerator.java:87)
	at org.apache.hadoop.ozone.freon.RandomKeyGenerator$ObjectCreator.run(RandomKeyGenerator.java:606)
	at java.util.concurrent.Executors$RunnableAdapter.call(Executors.java:511)
	at java.util.concurrent.FutureTask.run(FutureTask.java:266)
	at java.util.concurrent.ThreadPoolExecutor.runWorker(ThreadPoolExecutor.java:1149)
	at java.util.concurrent.ThreadPoolExecutor$Worker.run(ThreadPoolExecutor.java:624)
	at java.lang.Thread.run(Thread.java:748)
2019-09-19 10:44:21,457 [pool-80-thread-4] ERROR freon.RandomKeyGenerator (RandomKeyGenerator.java:createKey(724)) - Exception while adding key: key-0-54878 in bucket: bucket-0-43763 of volume: vol-0-60873.
INTERNAL_ERROR org.apache.hadoop.ozone.om.exceptions.OMException: Allocated 0 blocks. Requested 1 blocks
	at org.apache.hadoop.ozone.om.protocolPB.OzoneManagerProtocolClientSideTranslatorPB.handleError(OzoneManagerProtocolClientSideTranslatorPB.java:725)
	at org.apache.hadoop.ozone.om.protocolPB.OzoneManagerProtocolClientSideTranslatorPB.openKey(OzoneManagerProtocolClientSideTranslatorPB.java:716)
	at org.apache.hadoop.ozone.client.rpc.RpcClient.createKey(RpcClient.java:615)
	at org.apache.hadoop.ozone.client.OzoneBucket.createKey(OzoneBucket.java:323)
	at org.apache.hadoop.ozone.freon.RandomKeyGenerator.createKey(RandomKeyGenerator.java:686)
	at org.apache.hadoop.ozone.freon.RandomKeyGenerator.access$1100(RandomKeyGenerator.java:87)
	at org.apache.hadoop.ozone.freon.RandomKeyGenerator$ObjectCreator.run(RandomKeyGenerator.java:606)
	at java.util.concurrent.Executors$RunnableAdapter.call(Executors.java:511)
	at java.util.concurrent.FutureTask.run(FutureTask.java:266)
	at java.util.concurrent.ThreadPoolExecutor.runWorker(ThreadPoolExecutor.java:1149)
	at java.util.concurrent.ThreadPoolExecutor$Worker.run(ThreadPoolExecutor.java:624)
	at java.lang.Thread.run(Thread.java:748)
2019-09-19 10:44:21,491 | INFO  | SCMAudit | user=jenkins1000 | ip=192.168.157.204 | op=SEND_HEARTBEAT {datanodeUUID=2d7fb44a-ac7a-4034-a2aa-4953f070935b, command=[]} | ret=SUCCESS |  
2019-09-19 10:44:21,586 | INFO  | SCMAudit | user=jenkins1000 | ip=192.168.157.204 | op=SEND_HEARTBEAT {datanodeUUID=e855218f-cb01-4dd8-a582-b24365f170a0, command=[]} | ret=SUCCESS |  
2019-09-19 10:44:21,670 | INFO  | SCMAudit | user=jenkins1000 | ip=192.168.157.204 | op=SEND_HEARTBEAT {datanodeUUID=470b673e-7c3c-4972-9ac8-3342d713d76f, command=[]} | ret=SUCCESS |  
2019-09-19 10:44:21,720 | INFO  | SCMAudit | user=jenkins1000 | ip=192.168.157.204 | op=SEND_HEARTBEAT {datanodeUUID=85d03201-45ec-4202-b725-1ee58b28f685, command=[]} | ret=SUCCESS |  
2019-09-19 10:44:21,971 | INFO  | SCMAudit | user=jenkins1000 | ip=192.168.157.204 | op=SEND_HEARTBEAT {datanodeUUID=ef60016b-37d8-4c81-9b85-999ba158dbb2, command=[]} | ret=SUCCESS |  
 0.00% |█                                                                                                    |  0/100 Time: 0:00:012019-09-19 10:44:22,492 | INFO  | SCMAudit | user=jenkins1000 | ip=192.168.157.204 | op=SEND_HEARTBEAT {datanodeUUID=2d7fb44a-ac7a-4034-a2aa-4953f070935b, command=[]} | ret=SUCCESS |  
2019-09-19 10:44:22,586 | INFO  | SCMAudit | user=jenkins1000 | ip=192.168.157.204 | op=SEND_HEARTBEAT {datanodeUUID=e855218f-cb01-4dd8-a582-b24365f170a0, command=[]} | ret=SUCCESS |  
2019-09-19 10:44:22,671 | INFO  | SCMAudit | user=jenkins1000 | ip=192.168.157.204 | op=SEND_HEARTBEAT {datanodeUUID=470b673e-7c3c-4972-9ac8-3342d713d76f, command=[]} | ret=SUCCESS |  
2019-09-19 10:44:22,721 | INFO  | SCMAudit | user=jenkins1000 | ip=192.168.157.204 | op=SEND_HEARTBEAT {datanodeUUID=85d03201-45ec-4202-b725-1ee58b28f685, command=[]} | ret=SUCCESS |  
2019-09-19 10:44:22,971 | INFO  | SCMAudit | user=jenkins1000 | ip=192.168.157.204 | op=SEND_HEARTBEAT {datanodeUUID=ef60016b-37d8-4c81-9b85-999ba158dbb2, command=[]} | ret=SUCCESS |  
 0.00% |█                                                                                                    |  0/100 Time: 0:00:022019-09-19 10:44:23,492 | INFO  | SCMAudit | user=jenkins1000 | ip=192.168.157.204 | op=SEND_HEARTBEAT {datanodeUUID=2d7fb44a-ac7a-4034-a2aa-4953f070935b, command=[]} | ret=SUCCESS |  
2019-09-19 10:44:23,585 | INFO  | SCMAudit | user=jenkins1000 | ip=192.168.157.204 | op=SEND_HEARTBEAT {datanodeUUID=e855218f-cb01-4dd8-a582-b24365f170a0, command=[]} | ret=SUCCESS |  
2019-09-19 10:44:23,671 | INFO  | SCMAudit | user=jenkins1000 | ip=192.168.157.204 | op=SEND_HEARTBEAT {datanodeUUID=470b673e-7c3c-4972-9ac8-3342d713d76f, command=[]} | ret=SUCCESS |  
2019-09-19 10:44:23,720 | INFO  | SCMAudit | user=jenkins1000 | ip=192.168.157.204 | op=SEND_HEARTBEAT {datanodeUUID=85d03201-45ec-4202-b725-1ee58b28f685, command=[]} | ret=SUCCESS |  
2019-09-19 10:44:23,971 | INFO  | SCMAudit | user=jenkins1000 | ip=192.168.157.204 | op=SEND_HEARTBEAT {datanodeUUID=ef60016b-37d8-4c81-9b85-999ba158dbb2, command=[]} | ret=SUCCESS |  
 0.00% |█                                                                                                    |  0/100 Time: 0:00:032019-09-19 10:44:24,492 | INFO  | SCMAudit | user=jenkins1000 | ip=192.168.157.204 | op=SEND_HEARTBEAT {datanodeUUID=2d7fb44a-ac7a-4034-a2aa-4953f070935b, command=[]} | ret=SUCCESS |  
2019-09-19 10:44:24,585 | INFO  | SCMAudit | user=jenkins1000 | ip=192.168.157.204 | op=SEND_HEARTBEAT {datanodeUUID=e855218f-cb01-4dd8-a582-b24365f170a0, command=[]} | ret=SUCCESS |  
2019-09-19 10:44:24,671 | INFO  | SCMAudit | user=jenkins1000 | ip=192.168.157.204 | op=SEND_HEARTBEAT {datanodeUUID=470b673e-7c3c-4972-9ac8-3342d713d76f, command=[]} | ret=SUCCESS |  
2019-09-19 10:44:24,721 | INFO  | SCMAudit | user=jenkins1000 | ip=192.168.157.204 | op=SEND_HEARTBEAT {datanodeUUID=85d03201-45ec-4202-b725-1ee58b28f685, command=[]} | ret=SUCCESS |  
2019-09-19 10:44:24,971 | INFO  | SCMAudit | user=jenkins1000 | ip=192.168.157.204 | op=SEND_HEARTBEAT {datanodeUUID=ef60016b-37d8-4c81-9b85-999ba158dbb2, command=[]} | ret=SUCCESS |  
 0.00% |█                                                                                                    |  0/100 Time: 0:00:042019-09-19 10:44:25,492 | INFO  | SCMAudit | user=jenkins1000 | ip=192.168.157.204 | op=SEND_HEARTBEAT {datanodeUUID=2d7fb44a-ac7a-4034-a2aa-4953f070935b, command=[]} | ret=SUCCESS |  
2019-09-19 10:44:25,586 | INFO  | SCMAudit | user=jenkins1000 | ip=192.168.157.204 | op=SEND_HEARTBEAT {datanodeUUID=e855218f-cb01-4dd8-a582-b24365f170a0, command=[]} | ret=SUCCESS |  
2019-09-19 10:44:25,670 | INFO  | SCMAudit | user=jenkins1000 | ip=192.168.157.204 | op=SEND_HEARTBEAT {datanodeUUID=470b673e-7c3c-4972-9ac8-3342d713d76f, command=[]} | ret=SUCCESS |  
2019-09-19 10:44:25,721 | INFO  | SCMAudit | user=jenkins1000 | ip=192.168.157.204 | op=SEND_HEARTBEAT {datanodeUUID=85d03201-45ec-4202-b725-1ee58b28f685, command=[]} | ret=SUCCESS |  
2019-09-19 10:44:25,971 | INFO  | SCMAudit | user=jenkins1000 | ip=192.168.157.204 | op=SEND_HEARTBEAT {datanodeUUID=ef60016b-37d8-4c81-9b85-999ba158dbb2, command=[]} | ret=SUCCESS |  
 100.00% |█████████████████████████████████████████████████████████████████████████████████████████████████████|  100/100 Time: 0:00:05
2019-09-19 10:44:26,492 | INFO  | SCMAudit | user=jenkins1000 | ip=192.168.157.204 | op=SEND_HEARTBEAT {datanodeUUID=2d7fb44a-ac7a-4034-a2aa-4953f070935b, command=[]} | ret=SUCCESS |  
2019-09-19 10:44:26,586 | INFO  | SCMAudit | user=jenkins1000 | ip=192.168.157.204 | op=SEND_HEARTBEAT {datanodeUUID=e855218f-cb01-4dd8-a582-b24365f170a0, command=[]} | ret=SUCCESS |  
2019-09-19 10:44:26,671 | INFO  | SCMAudit | user=jenkins1000 | ip=192.168.157.204 | op=SEND_HEARTBEAT {datanodeUUID=470b673e-7c3c-4972-9ac8-3342d713d76f, command=[]} | ret=SUCCESS |  
2019-09-19 10:44:26,721 | INFO  | SCMAudit | user=jenkins1000 | ip=192.168.157.204 | op=SEND_HEARTBEAT {datanodeUUID=85d03201-45ec-4202-b725-1ee58b28f685, command=[]} | ret=SUCCESS |  
2019-09-19 10:44:26,971 | INFO  | SCMAudit | user=jenkins1000 | ip=192.168.157.204 | op=SEND_HEARTBEAT {datanodeUUID=ef60016b-37d8-4c81-9b85-999ba158dbb2, command=[]} | ret=SUCCESS |  
2019-09-19 10:44:27,492 | INFO  | SCMAudit | user=jenkins1000 | ip=192.168.157.204 | op=SEND_HEARTBEAT {datanodeUUID=2d7fb44a-ac7a-4034-a2aa-4953f070935b, command=[]} | ret=SUCCESS |  
2019-09-19 10:44:27,586 | INFO  | SCMAudit | user=jenkins1000 | ip=192.168.157.204 | op=SEND_HEARTBEAT {datanodeUUID=e855218f-cb01-4dd8-a582-b24365f170a0, command=[]} | ret=SUCCESS |  
2019-09-19 10:44:27,670 | INFO  | SCMAudit | user=jenkins1000 | ip=192.168.157.204 | op=SEND_HEARTBEAT {datanodeUUID=470b673e-7c3c-4972-9ac8-3342d713d76f, command=[]} | ret=SUCCESS |  
2019-09-19 10:44:27,722 | INFO  | SCMAudit | user=jenkins1000 | ip=192.168.157.204 | op=SEND_HEARTBEAT {datanodeUUID=85d03201-45ec-4202-b725-1ee58b28f685, command=[]} | ret=SUCCESS |  
2019-09-19 10:44:27,970 | INFO  | SCMAudit | user=jenkins1000 | ip=192.168.157.204 | op=SEND_HEARTBEAT {datanodeUUID=ef60016b-37d8-4c81-9b85-999ba158dbb2, command=[]} | ret=SUCCESS |  
2019-09-19 10:44:28,492 | INFO  | SCMAudit | user=jenkins1000 | ip=192.168.157.204 | op=SEND_HEARTBEAT {datanodeUUID=2d7fb44a-ac7a-4034-a2aa-4953f070935b, command=[]} | ret=SUCCESS |  
2019-09-19 10:44:28,586 | INFO  | SCMAudit | user=jenkins1000 | ip=192.168.157.204 | op=SEND_HEARTBEAT {datanodeUUID=e855218f-cb01-4dd8-a582-b24365f170a0, command=[]} | ret=SUCCESS |  
2019-09-19 10:44:28,670 | INFO  | SCMAudit | user=jenkins1000 | ip=192.168.157.204 | op=SEND_HEARTBEAT {datanodeUUID=470b673e-7c3c-4972-9ac8-3342d713d76f, command=[]} | ret=SUCCESS |  
2019-09-19 10:44:28,721 | INFO  | SCMAudit | user=jenkins1000 | ip=192.168.157.204 | op=SEND_HEARTBEAT {datanodeUUID=85d03201-45ec-4202-b725-1ee58b28f685, command=[]} | ret=SUCCESS |  
2019-09-19 10:44:28,972 | INFO  | SCMAudit | user=jenkins1000 | ip=192.168.157.204 | op=SEND_HEARTBEAT {datanodeUUID=ef60016b-37d8-4c81-9b85-999ba158dbb2, command=[]} | ret=SUCCESS |  
2019-09-19 10:44:29,492 | INFO  | SCMAudit | user=jenkins1000 | ip=192.168.157.204 | op=SEND_HEARTBEAT {datanodeUUID=2d7fb44a-ac7a-4034-a2aa-4953f070935b, command=[]} | ret=SUCCESS |  
2019-09-19 10:44:29,585 | INFO  | SCMAudit | user=jenkins1000 | ip=192.168.157.204 | op=SEND_HEARTBEAT {datanodeUUID=e855218f-cb01-4dd8-a582-b24365f170a0, command=[]} | ret=SUCCESS |  
2019-09-19 10:44:29,671 | INFO  | SCMAudit | user=jenkins1000 | ip=192.168.157.204 | op=SEND_HEARTBEAT {datanodeUUID=470b673e-7c3c-4972-9ac8-3342d713d76f, command=[]} | ret=SUCCESS |  
2019-09-19 10:44:29,722 | INFO  | SCMAudit | user=jenkins1000 | ip=192.168.157.204 | op=SEND_HEARTBEAT {datanodeUUID=85d03201-45ec-4202-b725-1ee58b28f685, command=[]} | ret=SUCCESS |  
2019-09-19 10:44:29,971 | INFO  | SCMAudit | user=jenkins1000 | ip=192.168.157.204 | op=SEND_HEARTBEAT {datanodeUUID=ef60016b-37d8-4c81-9b85-999ba158dbb2, command=[]} | ret=SUCCESS |  
2019-09-19 10:44:30,492 | INFO  | SCMAudit | user=jenkins1000 | ip=192.168.157.204 | op=SEND_HEARTBEAT {datanodeUUID=2d7fb44a-ac7a-4034-a2aa-4953f070935b, command=[]} | ret=SUCCESS |  
2019-09-19 10:44:30,585 | INFO  | SCMAudit | user=jenkins1000 | ip=192.168.157.204 | op=SEND_HEARTBEAT {datanodeUUID=e855218f-cb01-4dd8-a582-b24365f170a0, command=[]} | ret=SUCCESS |  
2019-09-19 10:44:30,670 | INFO  | SCMAudit | user=jenkins1000 | ip=192.168.157.204 | op=SEND_HEARTBEAT {datanodeUUID=470b673e-7c3c-4972-9ac8-3342d713d76f, command=[]} | ret=SUCCESS |  
2019-09-19 10:44:30,721 | INFO  | SCMAudit | user=jenkins1000 | ip=192.168.157.204 | op=SEND_HEARTBEAT {datanodeUUID=85d03201-45ec-4202-b725-1ee58b28f685, command=[]} | ret=SUCCESS |  
2019-09-19 10:44:30,971 | INFO  | SCMAudit | user=jenkins1000 | ip=192.168.157.204 | op=SEND_HEARTBEAT {datanodeUUID=ef60016b-37d8-4c81-9b85-999ba158dbb2, command=[]} | ret=SUCCESS |  
]]></system-out>
  </testcase>
</testsuite>