<?xml version="1.0" encoding="UTF-8"?>
<testsuite xmlns:xsi="http://www.w3.org/2001/XMLSchema-instance" xsi:noNamespaceSchemaLocation="https://maven.apache.org/surefire/maven-surefire-plugin/xsd/surefire-test-report.xsd" name="org.apache.hadoop.ozone.freon.TestFreonWithPipelineDestroy" time="36.289" tests="1" errors="1" skipped="0" failures="0">
  <properties>
    <property name="awt.toolkit" value="sun.awt.X11.XToolkit"/>
    <property name="file.encoding.pkg" value="sun.io"/>
    <property name="java.specification.version" value="1.8"/>
    <property name="sun.cpu.isalist" value=""/>
    <property name="sun.jnu.encoding" value="UTF-8"/>
    <property name="java.class.path" value="/workdir/hadoop-ozone/tools/target/test-classes:/workdir/hadoop-ozone/tools/target/classes:/home/user/.m2/repository/org/apache/hadoop/hadoop-ozone-ozone-manager/0.5.0-SNAPSHOT/hadoop-ozone-ozone-manager-0.5.0-SNAPSHOT.jar:/home/user/.m2/repository/org/apache/hadoop/hadoop-hdds-docs/0.5.0-SNAPSHOT/hadoop-hdds-docs-0.5.0-SNAPSHOT.jar:/home/user/.m2/repository/org/bouncycastle/bcprov-jdk15on/1.60/bcprov-jdk15on-1.60.jar:/home/user/.m2/repository/org/apache/hadoop/hadoop-ozone-common/0.5.0-SNAPSHOT/hadoop-ozone-common-0.5.0-SNAPSHOT.jar:/home/user/.m2/repository/org/apache/commons/commons-compress/1.4.1/commons-compress-1.4.1.jar:/home/user/.m2/repository/org/tukaani/xz/1.0/xz-1.0.jar:/home/user/.m2/repository/org/apache/hadoop/hadoop-hdfs-client/3.2.0/hadoop-hdfs-client-3.2.0.jar:/home/user/.m2/repository/com/fasterxml/jackson/core/jackson-annotations/2.9.5/jackson-annotations-2.9.5.jar:/home/user/.m2/repository/org/apache/hadoop/hadoop-hdds-common/0.5.0-SNAPSHOT/hadoop-hdds-common-0.5.0-SNAPSHOT.jar:/home/user/.m2/repository/org/apache/hadoop/hadoop-hdds-config/0.5.0-SNAPSHOT/hadoop-hdds-config-0.5.0-SNAPSHOT.jar:/home/user/.m2/repository/javax/annotation/javax.annotation-api/1.2/javax.annotation-api-1.2.jar:/home/user/.m2/repository/org/apache/ratis/ratis-server/0.4.0-2337318-SNAPSHOT/ratis-server-0.4.0-2337318-SNAPSHOT.jar:/home/user/.m2/repository/org/apache/ratis/ratis-thirdparty-misc/0.2.0/ratis-thirdparty-misc-0.2.0.jar:/home/user/.m2/repository/org/apache/ratis/ratis-proto/0.4.0-2337318-SNAPSHOT/ratis-proto-0.4.0-2337318-SNAPSHOT.jar:/home/user/.m2/repository/org/apache/ratis/ratis-common/0.4.0-2337318-SNAPSHOT/ratis-common-0.4.0-2337318-SNAPSHOT.jar:/home/user/.m2/repository/org/apache/ratis/ratis-client/0.4.0-2337318-SNAPSHOT/ratis-client-0.4.0-2337318-SNAPSHOT.jar:/home/user/.m2/repository/org/apache/ratis/ratis-metrics/0.4.0-2337318-SNAPSHOT/ratis-metrics-0.4.0-2337318-SNAPSHOT.jar:/home/user/.m2/repository/org/apache/ratis/ratis-netty/0.4.0-2337318-SNAPSHOT/ratis-netty-0.4.0-2337318-SNAPSHOT.jar:/home/user/.m2/repository/org/apache/ratis/ratis-grpc/0.4.0-2337318-SNAPSHOT/ratis-grpc-0.4.0-2337318-SNAPSHOT.jar:/home/user/.m2/repository/org/rocksdb/rocksdbjni/6.0.1/rocksdbjni-6.0.1.jar:/home/user/.m2/repository/org/apache/logging/log4j/log4j-api/2.11.0/log4j-api-2.11.0.jar:/home/user/.m2/repository/org/apache/logging/log4j/log4j-core/2.11.0/log4j-core-2.11.0.jar:/home/user/.m2/repository/com/lmax/disruptor/3.4.2/disruptor-3.4.2.jar:/home/user/.m2/repository/org/apache/commons/commons-pool2/2.6.0/commons-pool2-2.6.0.jar:/home/user/.m2/repository/org/bouncycastle/bcpkix-jdk15on/1.60/bcpkix-jdk15on-1.60.jar:/home/user/.m2/repository/commons-validator/commons-validator/1.6/commons-validator-1.6.jar:/home/user/.m2/repository/commons-digester/commons-digester/1.8.1/commons-digester-1.8.1.jar:/home/user/.m2/repository/io/jaegertracing/jaeger-client/0.33.1/jaeger-client-0.33.1.jar:/home/user/.m2/repository/io/jaegertracing/jaeger-thrift/0.33.1/jaeger-thrift-0.33.1.jar:/home/user/.m2/repository/org/apache/thrift/libthrift/0.11.0/libthrift-0.11.0.jar:/home/user/.m2/repository/com/squareup/okhttp3/okhttp/3.9.0/okhttp-3.9.0.jar:/home/user/.m2/repository/com/squareup/okio/okio/1.13.0/okio-1.13.0.jar:/home/user/.m2/repository/io/jaegertracing/jaeger-core/0.33.1/jaeger-core-0.33.1.jar:/home/user/.m2/repository/io/jaegertracing/jaeger-tracerresolver/0.33.1/jaeger-tracerresolver-0.33.1.jar:/home/user/.m2/repository/io/opentracing/contrib/opentracing-tracerresolver/0.1.5/opentracing-tracerresolver-0.1.5.jar:/home/user/.m2/repository/io/opentracing/opentracing-util/0.31.0/opentracing-util-0.31.0.jar:/home/user/.m2/repository/io/opentracing/opentracing-api/0.31.0/opentracing-api-0.31.0.jar:/home/user/.m2/repository/io/opentracing/opentracing-noop/0.31.0/opentracing-noop-0.31.0.jar:/home/user/.m2/repository/org/yaml/snakeyaml/1.16/snakeyaml-1.16.jar:/home/user/.m2/repository/org/apache/hadoop/hadoop-hdds-container-service/0.5.0-SNAPSHOT/hadoop-hdds-container-service-0.5.0-SNAPSHOT.jar:/home/user/.m2/repository/org/apache/hadoop/hadoop-hdds-client/0.5.0-SNAPSHOT/hadoop-hdds-client-0.5.0-SNAPSHOT.jar:/home/user/.m2/repository/org/apache/hadoop/hadoop-hdds-tools/0.5.0-SNAPSHOT/hadoop-hdds-tools-0.5.0-SNAPSHOT.jar:/home/user/.m2/repository/org/xerial/sqlite-jdbc/3.25.2/sqlite-jdbc-3.25.2.jar:/home/user/.m2/repository/org/apache/hadoop/hadoop-hdds-server-scm/0.5.0-SNAPSHOT/hadoop-hdds-server-scm-0.5.0-SNAPSHOT.jar:/home/user/.m2/repository/org/hamcrest/hamcrest-all/1.3/hamcrest-all-1.3.jar:/home/user/.m2/repository/info/picocli/picocli/3.9.6/picocli-3.9.6.jar:/home/user/.m2/repository/com/google/protobuf/protobuf-java/2.5.0/protobuf-java-2.5.0.jar:/home/user/.m2/repository/com/google/guava/guava/11.0.2/guava-11.0.2.jar:/home/user/.m2/repository/org/apache/hadoop/hadoop-ozone-client/0.5.0-SNAPSHOT/hadoop-ozone-client-0.5.0-SNAPSHOT.jar:/workdir/hadoop-ozone/ozonefs/target/classes:/home/user/.m2/repository/org/apache/hadoop/hadoop-hdds-server-framework/0.5.0-SNAPSHOT/hadoop-hdds-server-framework-0.5.0-SNAPSHOT.jar:/home/user/.m2/repository/org/apache/hadoop/hadoop-common/3.2.0/hadoop-common-3.2.0.jar:/home/user/.m2/repository/org/apache/hadoop/hadoop-annotations/3.2.0/hadoop-annotations-3.2.0.jar:/usr/lib/jvm/java-1.8-openjdk/jre/../lib/tools.jar:/home/user/.m2/repository/commons-cli/commons-cli/1.2/commons-cli-1.2.jar:/home/user/.m2/repository/org/apache/commons/commons-math3/3.1.1/commons-math3-3.1.1.jar:/home/user/.m2/repository/org/apache/httpcomponents/httpclient/4.5.2/httpclient-4.5.2.jar:/home/user/.m2/repository/org/apache/httpcomponents/httpcore/4.4.4/httpcore-4.4.4.jar:/home/user/.m2/repository/commons-codec/commons-codec/1.11/commons-codec-1.11.jar:/home/user/.m2/repository/commons-io/commons-io/2.5/commons-io-2.5.jar:/home/user/.m2/repository/commons-net/commons-net/3.6/commons-net-3.6.jar:/home/user/.m2/repository/commons-collections/commons-collections/3.2.2/commons-collections-3.2.2.jar:/home/user/.m2/repository/javax/servlet/javax.servlet-api/3.1.0/javax.servlet-api-3.1.0.jar:/home/user/.m2/repository/org/eclipse/jetty/jetty-server/9.3.24.v20180605/jetty-server-9.3.24.v20180605.jar:/home/user/.m2/repository/org/eclipse/jetty/jetty-http/9.3.24.v20180605/jetty-http-9.3.24.v20180605.jar:/home/user/.m2/repository/org/eclipse/jetty/jetty-io/9.3.24.v20180605/jetty-io-9.3.24.v20180605.jar:/home/user/.m2/repository/org/eclipse/jetty/jetty-util/9.3.24.v20180605/jetty-util-9.3.24.v20180605.jar:/home/user/.m2/repository/org/eclipse/jetty/jetty-servlet/9.3.24.v20180605/jetty-servlet-9.3.24.v20180605.jar:/home/user/.m2/repository/org/eclipse/jetty/jetty-security/9.3.24.v20180605/jetty-security-9.3.24.v20180605.jar:/home/user/.m2/repository/org/eclipse/jetty/jetty-webapp/9.3.24.v20180605/jetty-webapp-9.3.24.v20180605.jar:/home/user/.m2/repository/org/eclipse/jetty/jetty-xml/9.3.24.v20180605/jetty-xml-9.3.24.v20180605.jar:/home/user/.m2/repository/javax/servlet/jsp/jsp-api/2.1/jsp-api-2.1.jar:/home/user/.m2/repository/com/sun/jersey/jersey-core/1.19/jersey-core-1.19.jar:/home/user/.m2/repository/javax/ws/rs/jsr311-api/1.1.1/jsr311-api-1.1.1.jar:/home/user/.m2/repository/com/sun/jersey/jersey-servlet/1.19/jersey-servlet-1.19.jar:/home/user/.m2/repository/com/sun/jersey/jersey-json/1.19/jersey-json-1.19.jar:/home/user/.m2/repository/org/codehaus/jettison/jettison/1.1/jettison-1.1.jar:/home/user/.m2/repository/com/sun/xml/bind/jaxb-impl/2.3.0.1/jaxb-impl-2.3.0.1.jar:/home/user/.m2/repository/org/codehaus/jackson/jackson-core-asl/1.9.13/jackson-core-asl-1.9.13.jar:/home/user/.m2/repository/org/codehaus/jackson/jackson-mapper-asl/1.9.13/jackson-mapper-asl-1.9.13.jar:/home/user/.m2/repository/org/codehaus/jackson/jackson-jaxrs/1.9.13/jackson-jaxrs-1.9.13.jar:/home/user/.m2/repository/org/codehaus/jackson/jackson-xc/1.9.13/jackson-xc-1.9.13.jar:/home/user/.m2/repository/com/sun/jersey/jersey-server/1.19/jersey-server-1.19.jar:/home/user/.m2/repository/commons-logging/commons-logging/1.1.3/commons-logging-1.1.3.jar:/home/user/.m2/repository/log4j/log4j/1.2.17/log4j-1.2.17.jar:/home/user/.m2/repository/commons-beanutils/commons-beanutils/1.9.3/commons-beanutils-1.9.3.jar:/home/user/.m2/repository/org/apache/commons/commons-configuration2/2.1.1/commons-configuration2-2.1.1.jar:/home/user/.m2/repository/org/apache/commons/commons-lang3/3.7/commons-lang3-3.7.jar:/home/user/.m2/repository/org/apache/commons/commons-text/1.4/commons-text-1.4.jar:/home/user/.m2/repository/org/slf4j/slf4j-api/1.7.25/slf4j-api-1.7.25.jar:/home/user/.m2/repository/org/slf4j/slf4j-log4j12/1.7.25/slf4j-log4j12-1.7.25.jar:/home/user/.m2/repository/org/apache/avro/avro/1.7.7/avro-1.7.7.jar:/home/user/.m2/repository/com/thoughtworks/paranamer/paranamer/2.3/paranamer-2.3.jar:/home/user/.m2/repository/org/xerial/snappy/snappy-java/1.0.5/snappy-java-1.0.5.jar:/home/user/.m2/repository/com/google/re2j/re2j/1.1/re2j-1.1.jar:/home/user/.m2/repository/com/google/code/gson/gson/2.2.4/gson-2.2.4.jar:/home/user/.m2/repository/org/apache/hadoop/hadoop-auth/3.2.0/hadoop-auth-3.2.0.jar:/home/user/.m2/repository/com/nimbusds/nimbus-jose-jwt/4.41.1/nimbus-jose-jwt-4.41.1.jar:/home/user/.m2/repository/com/github/stephenc/jcip/jcip-annotations/1.0-1/jcip-annotations-1.0-1.jar:/home/user/.m2/repository/net/minidev/json-smart/2.3/json-smart-2.3.jar:/home/user/.m2/repository/net/minidev/accessors-smart/1.2/accessors-smart-1.2.jar:/home/user/.m2/repository/org/apache/curator/curator-framework/2.12.0/curator-framework-2.12.0.jar:/home/user/.m2/repository/com/jcraft/jsch/0.1.54/jsch-0.1.54.jar:/home/user/.m2/repository/org/apache/curator/curator-client/2.12.0/curator-client-2.12.0.jar:/home/user/.m2/repository/org/apache/curator/curator-recipes/2.12.0/curator-recipes-2.12.0.jar:/home/user/.m2/repository/com/google/code/findbugs/jsr305/3.0.0/jsr305-3.0.0.jar:/home/user/.m2/repository/org/apache/htrace/htrace-core4/4.1.0-incubating/htrace-core4-4.1.0-incubating.jar:/home/user/.m2/repository/org/apache/zookeeper/zookeeper/3.4.13/zookeeper-3.4.13.jar:/home/user/.m2/repository/org/apache/yetus/audience-annotations/0.5.0/audience-annotations-0.5.0.jar:/home/user/.m2/repository/org/apache/kerby/kerb-simplekdc/1.0.1/kerb-simplekdc-1.0.1.jar:/home/user/.m2/repository/org/apache/kerby/kerb-client/1.0.1/kerb-client-1.0.1.jar:/home/user/.m2/repository/org/apache/kerby/kerby-config/1.0.1/kerby-config-1.0.1.jar:/home/user/.m2/repository/org/apache/kerby/kerb-core/1.0.1/kerb-core-1.0.1.jar:/home/user/.m2/repository/org/apache/kerby/kerby-pkix/1.0.1/kerby-pkix-1.0.1.jar:/home/user/.m2/repository/org/apache/kerby/kerby-asn1/1.0.1/kerby-asn1-1.0.1.jar:/home/user/.m2/repository/org/apache/kerby/kerby-util/1.0.1/kerby-util-1.0.1.jar:/home/user/.m2/repository/org/apache/kerby/kerb-common/1.0.1/kerb-common-1.0.1.jar:/home/user/.m2/repository/org/apache/kerby/kerb-crypto/1.0.1/kerb-crypto-1.0.1.jar:/home/user/.m2/repository/org/apache/kerby/kerb-util/1.0.1/kerb-util-1.0.1.jar:/home/user/.m2/repository/org/apache/kerby/token-provider/1.0.1/token-provider-1.0.1.jar:/home/user/.m2/repository/org/apache/kerby/kerb-admin/1.0.1/kerb-admin-1.0.1.jar:/home/user/.m2/repository/org/apache/kerby/kerb-server/1.0.1/kerb-server-1.0.1.jar:/home/user/.m2/repository/org/apache/kerby/kerb-identity/1.0.1/kerb-identity-1.0.1.jar:/home/user/.m2/repository/org/apache/kerby/kerby-xdr/1.0.1/kerby-xdr-1.0.1.jar:/home/user/.m2/repository/com/fasterxml/jackson/core/jackson-databind/2.9.5/jackson-databind-2.9.5.jar:/home/user/.m2/repository/com/fasterxml/jackson/core/jackson-core/2.9.5/jackson-core-2.9.5.jar:/home/user/.m2/repository/org/codehaus/woodstox/stax2-api/3.1.4/stax2-api-3.1.4.jar:/home/user/.m2/repository/com/fasterxml/woodstox/woodstox-core/5.0.3/woodstox-core-5.0.3.jar:/home/user/.m2/repository/dnsjava/dnsjava/2.1.7/dnsjava-2.1.7.jar:/home/user/.m2/repository/org/apache/hadoop/hadoop-hdfs/3.2.0/hadoop-hdfs-3.2.0.jar:/home/user/.m2/repository/org/eclipse/jetty/jetty-util-ajax/9.3.24.v20180605/jetty-util-ajax-9.3.24.v20180605.jar:/home/user/.m2/repository/commons-daemon/commons-daemon/1.0.13/commons-daemon-1.0.13.jar:/home/user/.m2/repository/io/netty/netty/3.10.5.Final/netty-3.10.5.Final.jar:/home/user/.m2/repository/io/netty/netty-all/4.0.52.Final/netty-all-4.0.52.Final.jar:/home/user/.m2/repository/org/fusesource/leveldbjni/leveldbjni-all/1.8/leveldbjni-all-1.8.jar:/home/user/.m2/repository/com/sun/xml/bind/jaxb-core/2.3.0.1/jaxb-core-2.3.0.1.jar:/home/user/.m2/repository/javax/xml/bind/jaxb-api/2.3.0/jaxb-api-2.3.0.jar:/home/user/.m2/repository/javax/activation/activation/1.1.1/activation-1.1.1.jar:/home/user/.m2/repository/io/dropwizard/metrics/metrics-core/3.2.4/metrics-core-3.2.4.jar:/home/user/.m2/repository/org/openjdk/jmh/jmh-core/1.19/jmh-core-1.19.jar:/home/user/.m2/repository/net/sf/jopt-simple/jopt-simple/4.6/jopt-simple-4.6.jar:/home/user/.m2/repository/org/openjdk/jmh/jmh-generator-annprocess/1.19/jmh-generator-annprocess-1.19.jar:/home/user/.m2/repository/com/google/code/findbugs/findbugs/3.0.1/findbugs-3.0.1.jar:/home/user/.m2/repository/net/jcip/jcip-annotations/1.0/jcip-annotations-1.0.jar:/home/user/.m2/repository/com/google/code/findbugs/bcel-findbugs/6.0/bcel-findbugs-6.0.jar:/home/user/.m2/repository/com/google/code/findbugs/jFormatString/2.0.1/jFormatString-2.0.1.jar:/home/user/.m2/repository/dom4j/dom4j/1.6.1/dom4j-1.6.1.jar:/home/user/.m2/repository/xml-apis/xml-apis/1.0.b2/xml-apis-1.0.b2.jar:/home/user/.m2/repository/org/ow2/asm/asm-debug-all/5.0.2/asm-debug-all-5.0.2.jar:/home/user/.m2/repository/org/ow2/asm/asm-commons/5.0.2/asm-commons-5.0.2.jar:/home/user/.m2/repository/org/ow2/asm/asm-tree/5.0.2/asm-tree-5.0.2.jar:/home/user/.m2/repository/org/ow2/asm/asm/5.0.4/asm-5.0.4.jar:/home/user/.m2/repository/commons-lang/commons-lang/2.6/commons-lang-2.6.jar:/home/user/.m2/repository/com/apple/AppleJavaExtensions/1.4/AppleJavaExtensions-1.4.jar:/home/user/.m2/repository/jaxen/jaxen/1.1.6/jaxen-1.1.6.jar:/home/user/.m2/repository/junit/junit/4.11/junit-4.11.jar:/home/user/.m2/repository/org/hamcrest/hamcrest-core/1.3/hamcrest-core-1.3.jar:/home/user/.m2/repository/org/apache/hadoop/hadoop-common/3.2.0/hadoop-common-3.2.0-tests.jar:/workdir/hadoop-ozone/integration-test/target/test-classes:/home/user/.m2/repository/org/apache/hadoop/hadoop-ozone-objectstore-service/0.5.0-SNAPSHOT/hadoop-ozone-objectstore-service-0.5.0-SNAPSHOT.jar:/home/user/.m2/repository/org/apache/hadoop/hadoop-ozone-s3gateway/0.5.0-SNAPSHOT/hadoop-ozone-s3gateway-0.5.0-SNAPSHOT.jar:/home/user/.m2/repository/org/jboss/weld/servlet/weld-servlet/2.4.7.Final/weld-servlet-2.4.7.Final.jar:/home/user/.m2/repository/org/glassfish/jersey/containers/jersey-container-servlet-core/2.27/jersey-container-servlet-core-2.27.jar:/home/user/.m2/repository/org/glassfish/hk2/external/javax.inject/2.5.0-b42/javax.inject-2.5.0-b42.jar:/home/user/.m2/repository/org/glassfish/jersey/core/jersey-common/2.27/jersey-common-2.27.jar:/home/user/.m2/repository/org/glassfish/hk2/osgi-resource-locator/1.0.1/osgi-resource-locator-1.0.1.jar:/home/user/.m2/repository/javax/ws/rs/javax.ws.rs-api/2.1/javax.ws.rs-api-2.1.jar:/home/user/.m2/repository/org/glassfish/jersey/ext/cdi/jersey-cdi1x/2.27/jersey-cdi1x-2.27.jar:/home/user/.m2/repository/org/glassfish/jersey/inject/jersey-hk2/2.27/jersey-hk2-2.27.jar:/home/user/.m2/repository/org/glassfish/hk2/hk2-locator/2.5.0-b42/hk2-locator-2.5.0-b42.jar:/home/user/.m2/repository/org/javassist/javassist/3.22.0-CR2/javassist-3.22.0-CR2.jar:/home/user/.m2/repository/org/glassfish/hk2/hk2-api/2.5.0/hk2-api-2.5.0.jar:/home/user/.m2/repository/org/glassfish/hk2/external/jakarta.inject/2.5.0/jakarta.inject-2.5.0.jar:/home/user/.m2/repository/org/glassfish/hk2/hk2-utils/2.5.0/hk2-utils-2.5.0.jar:/home/user/.m2/repository/jakarta/annotation/jakarta.annotation-api/1.3.4/jakarta.annotation-api-1.3.4.jar:/home/user/.m2/repository/org/glassfish/hk2/external/aopalliance-repackaged/2.5.0/aopalliance-repackaged-2.5.0.jar:/home/user/.m2/repository/com/fasterxml/jackson/dataformat/jackson-dataformat-xml/2.9.0/jackson-dataformat-xml-2.9.0.jar:/home/user/.m2/repository/com/fasterxml/jackson/module/jackson-module-jaxb-annotations/2.9.5/jackson-module-jaxb-annotations-2.9.5.jar:/home/user/.m2/repository/javax/enterprise/cdi-api/1.2/cdi-api-1.2.jar:/home/user/.m2/repository/javax/el/javax.el-api/3.0.0/javax.el-api-3.0.0.jar:/home/user/.m2/repository/javax/interceptor/javax.interceptor-api/1.2/javax.interceptor-api-1.2.jar:/home/user/.m2/repository/javax/inject/javax.inject/1/javax.inject-1.jar:/home/user/.m2/repository/org/apache/hadoop/hadoop-ozone-csi/0.5.0-SNAPSHOT/hadoop-ozone-csi-0.5.0-SNAPSHOT.jar:/home/user/.m2/repository/com/google/protobuf/protobuf-java-util/3.5.1/protobuf-java-util-3.5.1.jar:/home/user/.m2/repository/io/grpc/grpc-netty/1.17.1/grpc-netty-1.17.1.jar:/home/user/.m2/repository/io/grpc/grpc-core/1.17.1/grpc-core-1.17.1.jar:/home/user/.m2/repository/io/grpc/grpc-context/1.17.1/grpc-context-1.17.1.jar:/home/user/.m2/repository/com/google/errorprone/error_prone_annotations/2.2.0/error_prone_annotations-2.2.0.jar:/home/user/.m2/repository/org/codehaus/mojo/animal-sniffer-annotations/1.17/animal-sniffer-annotations-1.17.jar:/home/user/.m2/repository/io/opencensus/opencensus-api/0.17.0/opencensus-api-0.17.0.jar:/home/user/.m2/repository/io/opencensus/opencensus-contrib-grpc-metrics/0.17.0/opencensus-contrib-grpc-metrics-0.17.0.jar:/home/user/.m2/repository/io/netty/netty-codec-http2/4.1.30.Final/netty-codec-http2-4.1.30.Final.jar:/home/user/.m2/repository/io/netty/netty-codec-http/4.1.30.Final/netty-codec-http-4.1.30.Final.jar:/home/user/.m2/repository/io/netty/netty-codec/4.1.30.Final/netty-codec-4.1.30.Final.jar:/home/user/.m2/repository/io/netty/netty-handler/4.1.30.Final/netty-handler-4.1.30.Final.jar:/home/user/.m2/repository/io/netty/netty-handler-proxy/4.1.30.Final/netty-handler-proxy-4.1.30.Final.jar:/home/user/.m2/repository/io/netty/netty-codec-socks/4.1.30.Final/netty-codec-socks-4.1.30.Final.jar:/home/user/.m2/repository/io/netty/netty-transport-native-epoll/4.1.30.Final/netty-transport-native-epoll-4.1.30.Final.jar:/home/user/.m2/repository/io/netty/netty-common/4.1.30.Final/netty-common-4.1.30.Final.jar:/home/user/.m2/repository/io/netty/netty-buffer/4.1.30.Final/netty-buffer-4.1.30.Final.jar:/home/user/.m2/repository/io/netty/netty-transport/4.1.30.Final/netty-transport-4.1.30.Final.jar:/home/user/.m2/repository/io/netty/netty-resolver/4.1.30.Final/netty-resolver-4.1.30.Final.jar:/home/user/.m2/repository/io/netty/netty-transport-native-unix-common/4.1.30.Final/netty-transport-native-unix-common-4.1.30.Final.jar:/home/user/.m2/repository/io/grpc/grpc-protobuf/1.17.1/grpc-protobuf-1.17.1.jar:/home/user/.m2/repository/com/google/api/grpc/proto-google-common-protos/1.0.0/proto-google-common-protos-1.0.0.jar:/home/user/.m2/repository/io/grpc/grpc-protobuf-lite/1.17.1/grpc-protobuf-lite-1.17.1.jar:/home/user/.m2/repository/io/grpc/grpc-stub/1.17.1/grpc-stub-1.17.1.jar:/home/user/.m2/repository/org/apache/hadoop/hadoop-ozone-recon/0.5.0-SNAPSHOT/hadoop-ozone-recon-0.5.0-SNAPSHOT.jar:/home/user/.m2/repository/org/apache/hadoop/hadoop-ozone-reconcodegen/0.5.0-SNAPSHOT/hadoop-ozone-reconcodegen-0.5.0-SNAPSHOT.jar:/home/user/.m2/repository/com/google/inject/extensions/guice-multibindings/4.0/guice-multibindings-4.0.jar:/home/user/.m2/repository/com/google/inject/guice/4.0/guice-4.0.jar:/home/user/.m2/repository/aopalliance/aopalliance/1.0/aopalliance-1.0.jar:/home/user/.m2/repository/com/google/inject/extensions/guice-servlet/4.0/guice-servlet-4.0.jar:/home/user/.m2/repository/org/glassfish/jersey/containers/jersey-container-servlet/2.27/jersey-container-servlet-2.27.jar:/home/user/.m2/repository/org/glassfish/hk2/guice-bridge/2.5.0/guice-bridge-2.5.0.jar:/home/user/.m2/repository/org/glassfish/jersey/core/jersey-server/2.27/jersey-server-2.27.jar:/home/user/.m2/repository/org/glassfish/jersey/core/jersey-client/2.27/jersey-client-2.27.jar:/home/user/.m2/repository/org/glassfish/jersey/media/jersey-media-jaxb/2.27/jersey-media-jaxb-2.27.jar:/home/user/.m2/repository/javax/validation/validation-api/1.1.0.Final/validation-api-1.1.0.Final.jar:/home/user/.m2/repository/org/glassfish/jersey/media/jersey-media-json-jackson/2.27/jersey-media-json-jackson-2.27.jar:/home/user/.m2/repository/org/glassfish/jersey/ext/jersey-entity-filtering/2.27/jersey-entity-filtering-2.27.jar:/home/user/.m2/repository/com/google/inject/extensions/guice-assistedinject/4.0/guice-assistedinject-4.0.jar:/home/user/.m2/repository/org/jooq/jooq/3.11.10/jooq-3.11.10.jar:/home/user/.m2/repository/org/jooq/jooq-meta/3.11.10/jooq-meta-3.11.10.jar:/home/user/.m2/repository/org/jooq/jooq-codegen/3.11.10/jooq-codegen-3.11.10.jar:/home/user/.m2/repository/com/jolbox/bonecp/0.8.0.RELEASE/bonecp-0.8.0.RELEASE.jar:/home/user/.m2/repository/org/springframework/spring-jdbc/5.1.3.RELEASE/spring-jdbc-5.1.3.RELEASE.jar:/home/user/.m2/repository/org/springframework/spring-beans/5.1.3.RELEASE/spring-beans-5.1.3.RELEASE.jar:/home/user/.m2/repository/org/springframework/spring-core/5.1.3.RELEASE/spring-core-5.1.3.RELEASE.jar:/home/user/.m2/repository/org/springframework/spring-jcl/5.1.3.RELEASE/spring-jcl-5.1.3.RELEASE.jar:/home/user/.m2/repository/org/springframework/spring-tx/5.1.3.RELEASE/spring-tx-5.1.3.RELEASE.jar:/home/user/.m2/repository/org/mockito/mockito-core/2.15.0/mockito-core-2.15.0.jar:/home/user/.m2/repository/net/bytebuddy/byte-buddy/1.7.9/byte-buddy-1.7.9.jar:/home/user/.m2/repository/net/bytebuddy/byte-buddy-agent/1.7.9/byte-buddy-agent-1.7.9.jar:/home/user/.m2/repository/org/objenesis/objenesis/1.0/objenesis-1.0.jar:"/>
    <property name="java.vm.vendor" value="IcedTea"/>
    <property name="sun.arch.data.model" value="64"/>
    <property name="test.build.dir" value="/workdir/hadoop-ozone/tools/target/test-dir"/>
    <property name="test.cache.data" value=""/>
    <property name="java.vendor.url" value="https://icedtea.classpath.org"/>
    <property name="user.timezone" value=""/>
    <property name="java.vm.specification.version" value="1.8"/>
    <property name="os.name" value="Linux"/>
    <property name="test.build.data" value="/workdir/hadoop-ozone/tools/target/test-dir"/>
    <property name="user.country" value="US"/>
    <property name="sun.java.launcher" value="SUN_STANDARD"/>
    <property name="sun.boot.library.path" value="/usr/lib/jvm/java-1.8-openjdk/jre/lib/amd64"/>
    <property name="sun.java.command" value="/workdir/hadoop-ozone/tools/target/surefire/surefirebooter7641120457856805972.jar /workdir/hadoop-ozone/tools/target/surefire 2019-09-19T08-36-14_945-jvmRun1 surefire6924780805341789292tmp surefire_1164052771748398061124tmp"/>
    <property name="test" value="!TestMiniChaosOzoneCluster"/>
    <property name="surefire.test.class.path" value="/workdir/hadoop-ozone/tools/target/test-classes:/workdir/hadoop-ozone/tools/target/classes:/home/user/.m2/repository/org/apache/hadoop/hadoop-ozone-ozone-manager/0.5.0-SNAPSHOT/hadoop-ozone-ozone-manager-0.5.0-SNAPSHOT.jar:/home/user/.m2/repository/org/apache/hadoop/hadoop-hdds-docs/0.5.0-SNAPSHOT/hadoop-hdds-docs-0.5.0-SNAPSHOT.jar:/home/user/.m2/repository/org/bouncycastle/bcprov-jdk15on/1.60/bcprov-jdk15on-1.60.jar:/home/user/.m2/repository/org/apache/hadoop/hadoop-ozone-common/0.5.0-SNAPSHOT/hadoop-ozone-common-0.5.0-SNAPSHOT.jar:/home/user/.m2/repository/org/apache/commons/commons-compress/1.4.1/commons-compress-1.4.1.jar:/home/user/.m2/repository/org/tukaani/xz/1.0/xz-1.0.jar:/home/user/.m2/repository/org/apache/hadoop/hadoop-hdfs-client/3.2.0/hadoop-hdfs-client-3.2.0.jar:/home/user/.m2/repository/com/fasterxml/jackson/core/jackson-annotations/2.9.5/jackson-annotations-2.9.5.jar:/home/user/.m2/repository/org/apache/hadoop/hadoop-hdds-common/0.5.0-SNAPSHOT/hadoop-hdds-common-0.5.0-SNAPSHOT.jar:/home/user/.m2/repository/org/apache/hadoop/hadoop-hdds-config/0.5.0-SNAPSHOT/hadoop-hdds-config-0.5.0-SNAPSHOT.jar:/home/user/.m2/repository/javax/annotation/javax.annotation-api/1.2/javax.annotation-api-1.2.jar:/home/user/.m2/repository/org/apache/ratis/ratis-server/0.4.0-2337318-SNAPSHOT/ratis-server-0.4.0-2337318-SNAPSHOT.jar:/home/user/.m2/repository/org/apache/ratis/ratis-thirdparty-misc/0.2.0/ratis-thirdparty-misc-0.2.0.jar:/home/user/.m2/repository/org/apache/ratis/ratis-proto/0.4.0-2337318-SNAPSHOT/ratis-proto-0.4.0-2337318-SNAPSHOT.jar:/home/user/.m2/repository/org/apache/ratis/ratis-common/0.4.0-2337318-SNAPSHOT/ratis-common-0.4.0-2337318-SNAPSHOT.jar:/home/user/.m2/repository/org/apache/ratis/ratis-client/0.4.0-2337318-SNAPSHOT/ratis-client-0.4.0-2337318-SNAPSHOT.jar:/home/user/.m2/repository/org/apache/ratis/ratis-metrics/0.4.0-2337318-SNAPSHOT/ratis-metrics-0.4.0-2337318-SNAPSHOT.jar:/home/user/.m2/repository/org/apache/ratis/ratis-netty/0.4.0-2337318-SNAPSHOT/ratis-netty-0.4.0-2337318-SNAPSHOT.jar:/home/user/.m2/repository/org/apache/ratis/ratis-grpc/0.4.0-2337318-SNAPSHOT/ratis-grpc-0.4.0-2337318-SNAPSHOT.jar:/home/user/.m2/repository/org/rocksdb/rocksdbjni/6.0.1/rocksdbjni-6.0.1.jar:/home/user/.m2/repository/org/apache/logging/log4j/log4j-api/2.11.0/log4j-api-2.11.0.jar:/home/user/.m2/repository/org/apache/logging/log4j/log4j-core/2.11.0/log4j-core-2.11.0.jar:/home/user/.m2/repository/com/lmax/disruptor/3.4.2/disruptor-3.4.2.jar:/home/user/.m2/repository/org/apache/commons/commons-pool2/2.6.0/commons-pool2-2.6.0.jar:/home/user/.m2/repository/org/bouncycastle/bcpkix-jdk15on/1.60/bcpkix-jdk15on-1.60.jar:/home/user/.m2/repository/commons-validator/commons-validator/1.6/commons-validator-1.6.jar:/home/user/.m2/repository/commons-digester/commons-digester/1.8.1/commons-digester-1.8.1.jar:/home/user/.m2/repository/io/jaegertracing/jaeger-client/0.33.1/jaeger-client-0.33.1.jar:/home/user/.m2/repository/io/jaegertracing/jaeger-thrift/0.33.1/jaeger-thrift-0.33.1.jar:/home/user/.m2/repository/org/apache/thrift/libthrift/0.11.0/libthrift-0.11.0.jar:/home/user/.m2/repository/com/squareup/okhttp3/okhttp/3.9.0/okhttp-3.9.0.jar:/home/user/.m2/repository/com/squareup/okio/okio/1.13.0/okio-1.13.0.jar:/home/user/.m2/repository/io/jaegertracing/jaeger-core/0.33.1/jaeger-core-0.33.1.jar:/home/user/.m2/repository/io/jaegertracing/jaeger-tracerresolver/0.33.1/jaeger-tracerresolver-0.33.1.jar:/home/user/.m2/repository/io/opentracing/contrib/opentracing-tracerresolver/0.1.5/opentracing-tracerresolver-0.1.5.jar:/home/user/.m2/repository/io/opentracing/opentracing-util/0.31.0/opentracing-util-0.31.0.jar:/home/user/.m2/repository/io/opentracing/opentracing-api/0.31.0/opentracing-api-0.31.0.jar:/home/user/.m2/repository/io/opentracing/opentracing-noop/0.31.0/opentracing-noop-0.31.0.jar:/home/user/.m2/repository/org/yaml/snakeyaml/1.16/snakeyaml-1.16.jar:/home/user/.m2/repository/org/apache/hadoop/hadoop-hdds-container-service/0.5.0-SNAPSHOT/hadoop-hdds-container-service-0.5.0-SNAPSHOT.jar:/home/user/.m2/repository/org/apache/hadoop/hadoop-hdds-client/0.5.0-SNAPSHOT/hadoop-hdds-client-0.5.0-SNAPSHOT.jar:/home/user/.m2/repository/org/apache/hadoop/hadoop-hdds-tools/0.5.0-SNAPSHOT/hadoop-hdds-tools-0.5.0-SNAPSHOT.jar:/home/user/.m2/repository/org/xerial/sqlite-jdbc/3.25.2/sqlite-jdbc-3.25.2.jar:/home/user/.m2/repository/org/apache/hadoop/hadoop-hdds-server-scm/0.5.0-SNAPSHOT/hadoop-hdds-server-scm-0.5.0-SNAPSHOT.jar:/home/user/.m2/repository/org/hamcrest/hamcrest-all/1.3/hamcrest-all-1.3.jar:/home/user/.m2/repository/info/picocli/picocli/3.9.6/picocli-3.9.6.jar:/home/user/.m2/repository/com/google/protobuf/protobuf-java/2.5.0/protobuf-java-2.5.0.jar:/home/user/.m2/repository/com/google/guava/guava/11.0.2/guava-11.0.2.jar:/home/user/.m2/repository/org/apache/hadoop/hadoop-ozone-client/0.5.0-SNAPSHOT/hadoop-ozone-client-0.5.0-SNAPSHOT.jar:/workdir/hadoop-ozone/ozonefs/target/classes:/home/user/.m2/repository/org/apache/hadoop/hadoop-hdds-server-framework/0.5.0-SNAPSHOT/hadoop-hdds-server-framework-0.5.0-SNAPSHOT.jar:/home/user/.m2/repository/org/apache/hadoop/hadoop-common/3.2.0/hadoop-common-3.2.0.jar:/home/user/.m2/repository/org/apache/hadoop/hadoop-annotations/3.2.0/hadoop-annotations-3.2.0.jar:/usr/lib/jvm/java-1.8-openjdk/jre/../lib/tools.jar:/home/user/.m2/repository/commons-cli/commons-cli/1.2/commons-cli-1.2.jar:/home/user/.m2/repository/org/apache/commons/commons-math3/3.1.1/commons-math3-3.1.1.jar:/home/user/.m2/repository/org/apache/httpcomponents/httpclient/4.5.2/httpclient-4.5.2.jar:/home/user/.m2/repository/org/apache/httpcomponents/httpcore/4.4.4/httpcore-4.4.4.jar:/home/user/.m2/repository/commons-codec/commons-codec/1.11/commons-codec-1.11.jar:/home/user/.m2/repository/commons-io/commons-io/2.5/commons-io-2.5.jar:/home/user/.m2/repository/commons-net/commons-net/3.6/commons-net-3.6.jar:/home/user/.m2/repository/commons-collections/commons-collections/3.2.2/commons-collections-3.2.2.jar:/home/user/.m2/repository/javax/servlet/javax.servlet-api/3.1.0/javax.servlet-api-3.1.0.jar:/home/user/.m2/repository/org/eclipse/jetty/jetty-server/9.3.24.v20180605/jetty-server-9.3.24.v20180605.jar:/home/user/.m2/repository/org/eclipse/jetty/jetty-http/9.3.24.v20180605/jetty-http-9.3.24.v20180605.jar:/home/user/.m2/repository/org/eclipse/jetty/jetty-io/9.3.24.v20180605/jetty-io-9.3.24.v20180605.jar:/home/user/.m2/repository/org/eclipse/jetty/jetty-util/9.3.24.v20180605/jetty-util-9.3.24.v20180605.jar:/home/user/.m2/repository/org/eclipse/jetty/jetty-servlet/9.3.24.v20180605/jetty-servlet-9.3.24.v20180605.jar:/home/user/.m2/repository/org/eclipse/jetty/jetty-security/9.3.24.v20180605/jetty-security-9.3.24.v20180605.jar:/home/user/.m2/repository/org/eclipse/jetty/jetty-webapp/9.3.24.v20180605/jetty-webapp-9.3.24.v20180605.jar:/home/user/.m2/repository/org/eclipse/jetty/jetty-xml/9.3.24.v20180605/jetty-xml-9.3.24.v20180605.jar:/home/user/.m2/repository/javax/servlet/jsp/jsp-api/2.1/jsp-api-2.1.jar:/home/user/.m2/repository/com/sun/jersey/jersey-core/1.19/jersey-core-1.19.jar:/home/user/.m2/repository/javax/ws/rs/jsr311-api/1.1.1/jsr311-api-1.1.1.jar:/home/user/.m2/repository/com/sun/jersey/jersey-servlet/1.19/jersey-servlet-1.19.jar:/home/user/.m2/repository/com/sun/jersey/jersey-json/1.19/jersey-json-1.19.jar:/home/user/.m2/repository/org/codehaus/jettison/jettison/1.1/jettison-1.1.jar:/home/user/.m2/repository/com/sun/xml/bind/jaxb-impl/2.3.0.1/jaxb-impl-2.3.0.1.jar:/home/user/.m2/repository/org/codehaus/jackson/jackson-core-asl/1.9.13/jackson-core-asl-1.9.13.jar:/home/user/.m2/repository/org/codehaus/jackson/jackson-mapper-asl/1.9.13/jackson-mapper-asl-1.9.13.jar:/home/user/.m2/repository/org/codehaus/jackson/jackson-jaxrs/1.9.13/jackson-jaxrs-1.9.13.jar:/home/user/.m2/repository/org/codehaus/jackson/jackson-xc/1.9.13/jackson-xc-1.9.13.jar:/home/user/.m2/repository/com/sun/jersey/jersey-server/1.19/jersey-server-1.19.jar:/home/user/.m2/repository/commons-logging/commons-logging/1.1.3/commons-logging-1.1.3.jar:/home/user/.m2/repository/log4j/log4j/1.2.17/log4j-1.2.17.jar:/home/user/.m2/repository/commons-beanutils/commons-beanutils/1.9.3/commons-beanutils-1.9.3.jar:/home/user/.m2/repository/org/apache/commons/commons-configuration2/2.1.1/commons-configuration2-2.1.1.jar:/home/user/.m2/repository/org/apache/commons/commons-lang3/3.7/commons-lang3-3.7.jar:/home/user/.m2/repository/org/apache/commons/commons-text/1.4/commons-text-1.4.jar:/home/user/.m2/repository/org/slf4j/slf4j-api/1.7.25/slf4j-api-1.7.25.jar:/home/user/.m2/repository/org/slf4j/slf4j-log4j12/1.7.25/slf4j-log4j12-1.7.25.jar:/home/user/.m2/repository/org/apache/avro/avro/1.7.7/avro-1.7.7.jar:/home/user/.m2/repository/com/thoughtworks/paranamer/paranamer/2.3/paranamer-2.3.jar:/home/user/.m2/repository/org/xerial/snappy/snappy-java/1.0.5/snappy-java-1.0.5.jar:/home/user/.m2/repository/com/google/re2j/re2j/1.1/re2j-1.1.jar:/home/user/.m2/repository/com/google/code/gson/gson/2.2.4/gson-2.2.4.jar:/home/user/.m2/repository/org/apache/hadoop/hadoop-auth/3.2.0/hadoop-auth-3.2.0.jar:/home/user/.m2/repository/com/nimbusds/nimbus-jose-jwt/4.41.1/nimbus-jose-jwt-4.41.1.jar:/home/user/.m2/repository/com/github/stephenc/jcip/jcip-annotations/1.0-1/jcip-annotations-1.0-1.jar:/home/user/.m2/repository/net/minidev/json-smart/2.3/json-smart-2.3.jar:/home/user/.m2/repository/net/minidev/accessors-smart/1.2/accessors-smart-1.2.jar:/home/user/.m2/repository/org/apache/curator/curator-framework/2.12.0/curator-framework-2.12.0.jar:/home/user/.m2/repository/com/jcraft/jsch/0.1.54/jsch-0.1.54.jar:/home/user/.m2/repository/org/apache/curator/curator-client/2.12.0/curator-client-2.12.0.jar:/home/user/.m2/repository/org/apache/curator/curator-recipes/2.12.0/curator-recipes-2.12.0.jar:/home/user/.m2/repository/com/google/code/findbugs/jsr305/3.0.0/jsr305-3.0.0.jar:/home/user/.m2/repository/org/apache/htrace/htrace-core4/4.1.0-incubating/htrace-core4-4.1.0-incubating.jar:/home/user/.m2/repository/org/apache/zookeeper/zookeeper/3.4.13/zookeeper-3.4.13.jar:/home/user/.m2/repository/org/apache/yetus/audience-annotations/0.5.0/audience-annotations-0.5.0.jar:/home/user/.m2/repository/org/apache/kerby/kerb-simplekdc/1.0.1/kerb-simplekdc-1.0.1.jar:/home/user/.m2/repository/org/apache/kerby/kerb-client/1.0.1/kerb-client-1.0.1.jar:/home/user/.m2/repository/org/apache/kerby/kerby-config/1.0.1/kerby-config-1.0.1.jar:/home/user/.m2/repository/org/apache/kerby/kerb-core/1.0.1/kerb-core-1.0.1.jar:/home/user/.m2/repository/org/apache/kerby/kerby-pkix/1.0.1/kerby-pkix-1.0.1.jar:/home/user/.m2/repository/org/apache/kerby/kerby-asn1/1.0.1/kerby-asn1-1.0.1.jar:/home/user/.m2/repository/org/apache/kerby/kerby-util/1.0.1/kerby-util-1.0.1.jar:/home/user/.m2/repository/org/apache/kerby/kerb-common/1.0.1/kerb-common-1.0.1.jar:/home/user/.m2/repository/org/apache/kerby/kerb-crypto/1.0.1/kerb-crypto-1.0.1.jar:/home/user/.m2/repository/org/apache/kerby/kerb-util/1.0.1/kerb-util-1.0.1.jar:/home/user/.m2/repository/org/apache/kerby/token-provider/1.0.1/token-provider-1.0.1.jar:/home/user/.m2/repository/org/apache/kerby/kerb-admin/1.0.1/kerb-admin-1.0.1.jar:/home/user/.m2/repository/org/apache/kerby/kerb-server/1.0.1/kerb-server-1.0.1.jar:/home/user/.m2/repository/org/apache/kerby/kerb-identity/1.0.1/kerb-identity-1.0.1.jar:/home/user/.m2/repository/org/apache/kerby/kerby-xdr/1.0.1/kerby-xdr-1.0.1.jar:/home/user/.m2/repository/com/fasterxml/jackson/core/jackson-databind/2.9.5/jackson-databind-2.9.5.jar:/home/user/.m2/repository/com/fasterxml/jackson/core/jackson-core/2.9.5/jackson-core-2.9.5.jar:/home/user/.m2/repository/org/codehaus/woodstox/stax2-api/3.1.4/stax2-api-3.1.4.jar:/home/user/.m2/repository/com/fasterxml/woodstox/woodstox-core/5.0.3/woodstox-core-5.0.3.jar:/home/user/.m2/repository/dnsjava/dnsjava/2.1.7/dnsjava-2.1.7.jar:/home/user/.m2/repository/org/apache/hadoop/hadoop-hdfs/3.2.0/hadoop-hdfs-3.2.0.jar:/home/user/.m2/repository/org/eclipse/jetty/jetty-util-ajax/9.3.24.v20180605/jetty-util-ajax-9.3.24.v20180605.jar:/home/user/.m2/repository/commons-daemon/commons-daemon/1.0.13/commons-daemon-1.0.13.jar:/home/user/.m2/repository/io/netty/netty/3.10.5.Final/netty-3.10.5.Final.jar:/home/user/.m2/repository/io/netty/netty-all/4.0.52.Final/netty-all-4.0.52.Final.jar:/home/user/.m2/repository/org/fusesource/leveldbjni/leveldbjni-all/1.8/leveldbjni-all-1.8.jar:/home/user/.m2/repository/com/sun/xml/bind/jaxb-core/2.3.0.1/jaxb-core-2.3.0.1.jar:/home/user/.m2/repository/javax/xml/bind/jaxb-api/2.3.0/jaxb-api-2.3.0.jar:/home/user/.m2/repository/javax/activation/activation/1.1.1/activation-1.1.1.jar:/home/user/.m2/repository/io/dropwizard/metrics/metrics-core/3.2.4/metrics-core-3.2.4.jar:/home/user/.m2/repository/org/openjdk/jmh/jmh-core/1.19/jmh-core-1.19.jar:/home/user/.m2/repository/net/sf/jopt-simple/jopt-simple/4.6/jopt-simple-4.6.jar:/home/user/.m2/repository/org/openjdk/jmh/jmh-generator-annprocess/1.19/jmh-generator-annprocess-1.19.jar:/home/user/.m2/repository/com/google/code/findbugs/findbugs/3.0.1/findbugs-3.0.1.jar:/home/user/.m2/repository/net/jcip/jcip-annotations/1.0/jcip-annotations-1.0.jar:/home/user/.m2/repository/com/google/code/findbugs/bcel-findbugs/6.0/bcel-findbugs-6.0.jar:/home/user/.m2/repository/com/google/code/findbugs/jFormatString/2.0.1/jFormatString-2.0.1.jar:/home/user/.m2/repository/dom4j/dom4j/1.6.1/dom4j-1.6.1.jar:/home/user/.m2/repository/xml-apis/xml-apis/1.0.b2/xml-apis-1.0.b2.jar:/home/user/.m2/repository/org/ow2/asm/asm-debug-all/5.0.2/asm-debug-all-5.0.2.jar:/home/user/.m2/repository/org/ow2/asm/asm-commons/5.0.2/asm-commons-5.0.2.jar:/home/user/.m2/repository/org/ow2/asm/asm-tree/5.0.2/asm-tree-5.0.2.jar:/home/user/.m2/repository/org/ow2/asm/asm/5.0.4/asm-5.0.4.jar:/home/user/.m2/repository/commons-lang/commons-lang/2.6/commons-lang-2.6.jar:/home/user/.m2/repository/com/apple/AppleJavaExtensions/1.4/AppleJavaExtensions-1.4.jar:/home/user/.m2/repository/jaxen/jaxen/1.1.6/jaxen-1.1.6.jar:/home/user/.m2/repository/junit/junit/4.11/junit-4.11.jar:/home/user/.m2/repository/org/hamcrest/hamcrest-core/1.3/hamcrest-core-1.3.jar:/home/user/.m2/repository/org/apache/hadoop/hadoop-common/3.2.0/hadoop-common-3.2.0-tests.jar:/workdir/hadoop-ozone/integration-test/target/test-classes:/home/user/.m2/repository/org/apache/hadoop/hadoop-ozone-objectstore-service/0.5.0-SNAPSHOT/hadoop-ozone-objectstore-service-0.5.0-SNAPSHOT.jar:/home/user/.m2/repository/org/apache/hadoop/hadoop-ozone-s3gateway/0.5.0-SNAPSHOT/hadoop-ozone-s3gateway-0.5.0-SNAPSHOT.jar:/home/user/.m2/repository/org/jboss/weld/servlet/weld-servlet/2.4.7.Final/weld-servlet-2.4.7.Final.jar:/home/user/.m2/repository/org/glassfish/jersey/containers/jersey-container-servlet-core/2.27/jersey-container-servlet-core-2.27.jar:/home/user/.m2/repository/org/glassfish/hk2/external/javax.inject/2.5.0-b42/javax.inject-2.5.0-b42.jar:/home/user/.m2/repository/org/glassfish/jersey/core/jersey-common/2.27/jersey-common-2.27.jar:/home/user/.m2/repository/org/glassfish/hk2/osgi-resource-locator/1.0.1/osgi-resource-locator-1.0.1.jar:/home/user/.m2/repository/javax/ws/rs/javax.ws.rs-api/2.1/javax.ws.rs-api-2.1.jar:/home/user/.m2/repository/org/glassfish/jersey/ext/cdi/jersey-cdi1x/2.27/jersey-cdi1x-2.27.jar:/home/user/.m2/repository/org/glassfish/jersey/inject/jersey-hk2/2.27/jersey-hk2-2.27.jar:/home/user/.m2/repository/org/glassfish/hk2/hk2-locator/2.5.0-b42/hk2-locator-2.5.0-b42.jar:/home/user/.m2/repository/org/javassist/javassist/3.22.0-CR2/javassist-3.22.0-CR2.jar:/home/user/.m2/repository/org/glassfish/hk2/hk2-api/2.5.0/hk2-api-2.5.0.jar:/home/user/.m2/repository/org/glassfish/hk2/external/jakarta.inject/2.5.0/jakarta.inject-2.5.0.jar:/home/user/.m2/repository/org/glassfish/hk2/hk2-utils/2.5.0/hk2-utils-2.5.0.jar:/home/user/.m2/repository/jakarta/annotation/jakarta.annotation-api/1.3.4/jakarta.annotation-api-1.3.4.jar:/home/user/.m2/repository/org/glassfish/hk2/external/aopalliance-repackaged/2.5.0/aopalliance-repackaged-2.5.0.jar:/home/user/.m2/repository/com/fasterxml/jackson/dataformat/jackson-dataformat-xml/2.9.0/jackson-dataformat-xml-2.9.0.jar:/home/user/.m2/repository/com/fasterxml/jackson/module/jackson-module-jaxb-annotations/2.9.5/jackson-module-jaxb-annotations-2.9.5.jar:/home/user/.m2/repository/javax/enterprise/cdi-api/1.2/cdi-api-1.2.jar:/home/user/.m2/repository/javax/el/javax.el-api/3.0.0/javax.el-api-3.0.0.jar:/home/user/.m2/repository/javax/interceptor/javax.interceptor-api/1.2/javax.interceptor-api-1.2.jar:/home/user/.m2/repository/javax/inject/javax.inject/1/javax.inject-1.jar:/home/user/.m2/repository/org/apache/hadoop/hadoop-ozone-csi/0.5.0-SNAPSHOT/hadoop-ozone-csi-0.5.0-SNAPSHOT.jar:/home/user/.m2/repository/com/google/protobuf/protobuf-java-util/3.5.1/protobuf-java-util-3.5.1.jar:/home/user/.m2/repository/io/grpc/grpc-netty/1.17.1/grpc-netty-1.17.1.jar:/home/user/.m2/repository/io/grpc/grpc-core/1.17.1/grpc-core-1.17.1.jar:/home/user/.m2/repository/io/grpc/grpc-context/1.17.1/grpc-context-1.17.1.jar:/home/user/.m2/repository/com/google/errorprone/error_prone_annotations/2.2.0/error_prone_annotations-2.2.0.jar:/home/user/.m2/repository/org/codehaus/mojo/animal-sniffer-annotations/1.17/animal-sniffer-annotations-1.17.jar:/home/user/.m2/repository/io/opencensus/opencensus-api/0.17.0/opencensus-api-0.17.0.jar:/home/user/.m2/repository/io/opencensus/opencensus-contrib-grpc-metrics/0.17.0/opencensus-contrib-grpc-metrics-0.17.0.jar:/home/user/.m2/repository/io/netty/netty-codec-http2/4.1.30.Final/netty-codec-http2-4.1.30.Final.jar:/home/user/.m2/repository/io/netty/netty-codec-http/4.1.30.Final/netty-codec-http-4.1.30.Final.jar:/home/user/.m2/repository/io/netty/netty-codec/4.1.30.Final/netty-codec-4.1.30.Final.jar:/home/user/.m2/repository/io/netty/netty-handler/4.1.30.Final/netty-handler-4.1.30.Final.jar:/home/user/.m2/repository/io/netty/netty-handler-proxy/4.1.30.Final/netty-handler-proxy-4.1.30.Final.jar:/home/user/.m2/repository/io/netty/netty-codec-socks/4.1.30.Final/netty-codec-socks-4.1.30.Final.jar:/home/user/.m2/repository/io/netty/netty-transport-native-epoll/4.1.30.Final/netty-transport-native-epoll-4.1.30.Final.jar:/home/user/.m2/repository/io/netty/netty-common/4.1.30.Final/netty-common-4.1.30.Final.jar:/home/user/.m2/repository/io/netty/netty-buffer/4.1.30.Final/netty-buffer-4.1.30.Final.jar:/home/user/.m2/repository/io/netty/netty-transport/4.1.30.Final/netty-transport-4.1.30.Final.jar:/home/user/.m2/repository/io/netty/netty-resolver/4.1.30.Final/netty-resolver-4.1.30.Final.jar:/home/user/.m2/repository/io/netty/netty-transport-native-unix-common/4.1.30.Final/netty-transport-native-unix-common-4.1.30.Final.jar:/home/user/.m2/repository/io/grpc/grpc-protobuf/1.17.1/grpc-protobuf-1.17.1.jar:/home/user/.m2/repository/com/google/api/grpc/proto-google-common-protos/1.0.0/proto-google-common-protos-1.0.0.jar:/home/user/.m2/repository/io/grpc/grpc-protobuf-lite/1.17.1/grpc-protobuf-lite-1.17.1.jar:/home/user/.m2/repository/io/grpc/grpc-stub/1.17.1/grpc-stub-1.17.1.jar:/home/user/.m2/repository/org/apache/hadoop/hadoop-ozone-recon/0.5.0-SNAPSHOT/hadoop-ozone-recon-0.5.0-SNAPSHOT.jar:/home/user/.m2/repository/org/apache/hadoop/hadoop-ozone-reconcodegen/0.5.0-SNAPSHOT/hadoop-ozone-reconcodegen-0.5.0-SNAPSHOT.jar:/home/user/.m2/repository/com/google/inject/extensions/guice-multibindings/4.0/guice-multibindings-4.0.jar:/home/user/.m2/repository/com/google/inject/guice/4.0/guice-4.0.jar:/home/user/.m2/repository/aopalliance/aopalliance/1.0/aopalliance-1.0.jar:/home/user/.m2/repository/com/google/inject/extensions/guice-servlet/4.0/guice-servlet-4.0.jar:/home/user/.m2/repository/org/glassfish/jersey/containers/jersey-container-servlet/2.27/jersey-container-servlet-2.27.jar:/home/user/.m2/repository/org/glassfish/hk2/guice-bridge/2.5.0/guice-bridge-2.5.0.jar:/home/user/.m2/repository/org/glassfish/jersey/core/jersey-server/2.27/jersey-server-2.27.jar:/home/user/.m2/repository/org/glassfish/jersey/core/jersey-client/2.27/jersey-client-2.27.jar:/home/user/.m2/repository/org/glassfish/jersey/media/jersey-media-jaxb/2.27/jersey-media-jaxb-2.27.jar:/home/user/.m2/repository/javax/validation/validation-api/1.1.0.Final/validation-api-1.1.0.Final.jar:/home/user/.m2/repository/org/glassfish/jersey/media/jersey-media-json-jackson/2.27/jersey-media-json-jackson-2.27.jar:/home/user/.m2/repository/org/glassfish/jersey/ext/jersey-entity-filtering/2.27/jersey-entity-filtering-2.27.jar:/home/user/.m2/repository/com/google/inject/extensions/guice-assistedinject/4.0/guice-assistedinject-4.0.jar:/home/user/.m2/repository/org/jooq/jooq/3.11.10/jooq-3.11.10.jar:/home/user/.m2/repository/org/jooq/jooq-meta/3.11.10/jooq-meta-3.11.10.jar:/home/user/.m2/repository/org/jooq/jooq-codegen/3.11.10/jooq-codegen-3.11.10.jar:/home/user/.m2/repository/com/jolbox/bonecp/0.8.0.RELEASE/bonecp-0.8.0.RELEASE.jar:/home/user/.m2/repository/org/springframework/spring-jdbc/5.1.3.RELEASE/spring-jdbc-5.1.3.RELEASE.jar:/home/user/.m2/repository/org/springframework/spring-beans/5.1.3.RELEASE/spring-beans-5.1.3.RELEASE.jar:/home/user/.m2/repository/org/springframework/spring-core/5.1.3.RELEASE/spring-core-5.1.3.RELEASE.jar:/home/user/.m2/repository/org/springframework/spring-jcl/5.1.3.RELEASE/spring-jcl-5.1.3.RELEASE.jar:/home/user/.m2/repository/org/springframework/spring-tx/5.1.3.RELEASE/spring-tx-5.1.3.RELEASE.jar:/home/user/.m2/repository/org/mockito/mockito-core/2.15.0/mockito-core-2.15.0.jar:/home/user/.m2/repository/net/bytebuddy/byte-buddy/1.7.9/byte-buddy-1.7.9.jar:/home/user/.m2/repository/net/bytebuddy/byte-buddy-agent/1.7.9/byte-buddy-agent-1.7.9.jar:/home/user/.m2/repository/org/objenesis/objenesis/1.0/objenesis-1.0.jar:"/>
    <property name="sun.cpu.endian" value="little"/>
    <property name="user.home" value="/home/user"/>
    <property name="user.language" value="en"/>
    <property name="java.specification.vendor" value="Oracle Corporation"/>
    <property name="java.home" value="/usr/lib/jvm/java-1.8-openjdk/jre"/>
    <property name="java.security.krb5.conf" value="/workdir/hadoop-ozone/tools/target/test-classes/krb5.conf"/>
    <property name="basedir" value="/workdir/hadoop-ozone/tools"/>
    <property name="file.separator" value="/"/>
    <property name="line.separator" value="&#10;"/>
    <property name="java.vm.specification.vendor" value="Oracle Corporation"/>
    <property name="java.specification.name" value="Java Platform API Specification"/>
    <property name="java.awt.graphicsenv" value="sun.awt.X11GraphicsEnvironment"/>
    <property name="surefire.real.class.path" value="/workdir/hadoop-ozone/tools/target/surefire/surefirebooter7641120457856805972.jar"/>
    <property name="hadoop.log.dir" value="/workdir/hadoop-ozone/tools/target/log"/>
    <property name="sun.boot.class.path" value="/usr/lib/jvm/java-1.8-openjdk/jre/lib/resources.jar:/usr/lib/jvm/java-1.8-openjdk/jre/lib/rt.jar:/usr/lib/jvm/java-1.8-openjdk/jre/lib/sunrsasign.jar:/usr/lib/jvm/java-1.8-openjdk/jre/lib/jsse.jar:/usr/lib/jvm/java-1.8-openjdk/jre/lib/jce.jar:/usr/lib/jvm/java-1.8-openjdk/jre/lib/charsets.jar:/usr/lib/jvm/java-1.8-openjdk/jre/lib/jfr.jar:/usr/lib/jvm/java-1.8-openjdk/jre/classes"/>
    <property name="sun.management.compiler" value="HotSpot 64-Bit Tiered Compilers"/>
    <property name="java.runtime.version" value="1.8.0_212-b04"/>
    <property name="java.net.preferIPv4Stack" value="true"/>
    <property name="user.name" value="jenkins1000"/>
    <property name="path.separator" value=":"/>
    <property name="java.security.egd" value="file:///dev/urandom"/>
    <property name="os.version" value="3.10.0-957.12.2.el7.x86_64"/>
    <property name="java.endorsed.dirs" value="/usr/lib/jvm/java-1.8-openjdk/jre/lib/endorsed"/>
    <property name="java.runtime.name" value="OpenJDK Runtime Environment"/>
    <property name="file.encoding" value="UTF-8"/>
    <property name="java.vm.name" value="OpenJDK 64-Bit Server VM"/>
    <property name="test.build.webapps" value=""/>
    <property name="localRepository" value="/home/user/.m2/repository"/>
    <property name="java.vendor.url.bug" value="https://icedtea.classpath.org/bugzilla"/>
    <property name="java.io.tmpdir" value="/tmp"/>
    <property name="require.test.libhadoop" value=""/>
    <property name="java.version" value="1.8.0_212"/>
    <property name="user.dir" value="/workdir/hadoop-ozone/tools"/>
    <property name="os.arch" value="amd64"/>
    <property name="java.vm.specification.name" value="Java Virtual Machine Specification"/>
    <property name="test.build.classes" value="/workdir/hadoop-ozone/tools/target/test-classes"/>
    <property name="java.awt.printerjob" value="sun.print.PSPrinterJob"/>
    <property name="sun.os.patch.level" value="unknown"/>
    <property name="hadoop.tmp.dir" value="/workdir/hadoop-ozone/tools/target/tmp"/>
    <property name="java.library.path" value="/usr/lib/jvm/java-1.8-openjdk/jre/lib/amd64/server:/usr/lib/jvm/java-1.8-openjdk/jre/lib/amd64:/usr/lib/jvm/java-1.8-openjdk/jre/../lib/amd64:/workdir/hadoop-ozone/tools/target/native/target/usr/local/lib:/workdir/hadoop-ozone/tools/../../hadoop-common-project/hadoop-common/target/native/target/usr/local/lib:/usr/java/packages/lib/amd64:/usr/lib64:/lib64:/lib:/usr/lib"/>
    <property name="java.vm.info" value="mixed mode"/>
    <property name="java.vendor" value="IcedTea"/>
    <property name="java.vm.version" value="25.212-b04"/>
    <property name="java.ext.dirs" value="/usr/lib/jvm/java-1.8-openjdk/jre/lib/ext:/usr/java/packages/lib/ext"/>
    <property name="sun.io.unicode.encoding" value="UnicodeLittle"/>
    <property name="java.class.version" value="52.0"/>
  </properties>
  <testcase name="testRestart" classname="org.apache.hadoop.ozone.freon.TestFreonWithPipelineDestroy" time="10.407">
    <error message="Allocated 0 blocks. Requested 5 blocks" type="INTERNAL_ERROR org.apache.hadoop.ozone.om.exceptions.OMException">INTERNAL_ERROR org.apache.hadoop.ozone.om.exceptions.OMException: Allocated 0 blocks. Requested 5 blocks
	at org.apache.hadoop.ozone.om.protocolPB.OzoneManagerProtocolClientSideTranslatorPB.handleError(OzoneManagerProtocolClientSideTranslatorPB.java:725)
	at org.apache.hadoop.ozone.om.protocolPB.OzoneManagerProtocolClientSideTranslatorPB.openKey(OzoneManagerProtocolClientSideTranslatorPB.java:716)
	at org.apache.hadoop.ozone.client.rpc.RpcClient.createKey(RpcClient.java:615)
	at org.apache.hadoop.ozone.client.OzoneBucket.createKey(OzoneBucket.java:323)
	at org.apache.hadoop.ozone.freon.RandomKeyGenerator.createKey(RandomKeyGenerator.java:686)
	at org.apache.hadoop.ozone.freon.RandomKeyGenerator.access$1100(RandomKeyGenerator.java:87)
	at org.apache.hadoop.ozone.freon.RandomKeyGenerator$ObjectCreator.run(RandomKeyGenerator.java:606)
	at java.util.concurrent.Executors$RunnableAdapter.call(Executors.java:511)
	at java.util.concurrent.FutureTask.run(FutureTask.java:266)
	at java.util.concurrent.ThreadPoolExecutor.runWorker(ThreadPoolExecutor.java:1149)
	at java.util.concurrent.ThreadPoolExecutor$Worker.run(ThreadPoolExecutor.java:624)
	at java.lang.Thread.run(Thread.java:748)
</error>
    <system-out><![CDATA[2019-09-19 10:44:48,366 [main] WARN  server.ServerUtils (ServerUtils.java:getScmDbDir(145)) - ozone.scm.db.dirs is not configured. We recommend adding this setting. Falling back to ozone.metadata.dirs instead.
2019-09-19 10:44:48,509 [main] WARN  server.ServerUtils (ServerUtils.java:getScmDbDir(145)) - ozone.scm.db.dirs is not configured. We recommend adding this setting. Falling back to ozone.metadata.dirs instead.
2019-09-19 10:44:48,512 [main] WARN  server.ServerUtils (ServerUtils.java:getScmDbDir(145)) - ozone.scm.db.dirs is not configured. We recommend adding this setting. Falling back to ozone.metadata.dirs instead.
2019-09-19 10:44:48,531 [main] INFO  util.log (Log.java:initialized(192)) - Logging initialized @969ms
2019-09-19 10:44:48,632 [main] INFO  db.DBStoreBuilder (DBStoreBuilder.java:addTable(110)) - using custom profile for table: deletedBlocks
2019-09-19 10:44:48,633 [main] INFO  db.DBStoreBuilder (DBStoreBuilder.java:processTables(161)) - Using default column profile:DBProfile.DISK for Table:deletedBlocks
2019-09-19 10:44:48,633 [main] INFO  db.DBStoreBuilder (DBStoreBuilder.java:addTable(110)) - using custom profile for table: validCerts
2019-09-19 10:44:48,634 [main] INFO  db.DBStoreBuilder (DBStoreBuilder.java:processTables(161)) - Using default column profile:DBProfile.DISK for Table:validCerts
2019-09-19 10:44:48,634 [main] INFO  db.DBStoreBuilder (DBStoreBuilder.java:addTable(110)) - using custom profile for table: revokedCerts
2019-09-19 10:44:48,634 [main] INFO  db.DBStoreBuilder (DBStoreBuilder.java:processTables(161)) - Using default column profile:DBProfile.DISK for Table:revokedCerts
2019-09-19 10:44:48,653 [main] INFO  db.DBStoreBuilder (DBStoreBuilder.java:addTable(110)) - using custom profile for table: default
2019-09-19 10:44:48,653 [main] INFO  db.DBStoreBuilder (DBStoreBuilder.java:processTables(167)) - Using default column profile:DBProfile.DISK for Table:default
2019-09-19 10:44:48,655 [main] INFO  db.DBStoreBuilder (DBStoreBuilder.java:getDbProfile(198)) - Using default options. DBProfile.DISK
2019-09-19 10:44:49,961 [main] INFO  net.NodeSchemaLoader (NodeSchemaLoader.java:loadSchemaFromFile(125)) - Loading file from sun.misc.CompoundEnumeration@20deea7f
2019-09-19 10:44:49,962 [main] INFO  net.NodeSchemaLoader (NodeSchemaLoader.java:loadSchema(171)) - Loading network topology layer schema file
2019-09-19 10:44:50,032 [main] INFO  node.SCMNodeManager (SCMNodeManager.java:<init>(121)) - Entering startup safe mode.
2019-09-19 10:44:50,102 [main] INFO  algorithms.ContainerPlacementPolicyFactory (ContainerPlacementPolicyFactory.java:getPolicy(56)) - Create container placement policy of type org.apache.hadoop.hdds.scm.container.placement.algorithms.SCMContainerPlacementRandom
2019-09-19 10:44:50,117 [main] WARN  server.ServerUtils (ServerUtils.java:getScmDbDir(145)) - ozone.scm.db.dirs is not configured. We recommend adding this setting. Falling back to ozone.metadata.dirs instead.
2019-09-19 10:44:50,439 [main] INFO  pipeline.SCMPipelineManager (SCMPipelineManager.java:initializePipelineState(126)) - No pipeline exists in current db
2019-09-19 10:44:50,441 [main] WARN  server.ServerUtils (ServerUtils.java:getScmDbDir(145)) - ozone.scm.db.dirs is not configured. We recommend adding this setting. Falling back to ozone.metadata.dirs instead.
2019-09-19 10:44:50,618 [main] WARN  events.EventQueue (EventQueue.java:fireEvent(175)) - No event handler registered for event TypedEvent{payloadType=SafeModeStatus, name='SafeModeStatus'}
2019-09-19 10:44:51,153 [main] INFO  ipc.CallQueueManager (CallQueueManager.java:<init>(84)) - Using callQueue: class java.util.concurrent.LinkedBlockingQueue, queueCapacity: 2000, scheduler: class org.apache.hadoop.ipc.DefaultRpcScheduler, ipcBackoff: false.
2019-09-19 10:44:51,450 [Socket Reader #1 for port 39801] INFO  ipc.Server (Server.java:run(1074)) - Starting Socket Reader #1 for port 39801
2019-09-19 10:44:51,480 [main] INFO  ipc.CallQueueManager (CallQueueManager.java:<init>(84)) - Using callQueue: class java.util.concurrent.LinkedBlockingQueue, queueCapacity: 2000, scheduler: class org.apache.hadoop.ipc.DefaultRpcScheduler, ipcBackoff: false.
2019-09-19 10:44:51,481 [Socket Reader #1 for port 38064] INFO  ipc.Server (Server.java:run(1074)) - Starting Socket Reader #1 for port 38064
2019-09-19 10:44:51,489 [main] INFO  ipc.CallQueueManager (CallQueueManager.java:<init>(84)) - Using callQueue: class java.util.concurrent.LinkedBlockingQueue, queueCapacity: 2000, scheduler: class org.apache.hadoop.ipc.DefaultRpcScheduler, ipcBackoff: false.
2019-09-19 10:44:51,490 [Socket Reader #1 for port 43479] INFO  ipc.Server (Server.java:run(1074)) - Starting Socket Reader #1 for port 43479
2019-09-19 10:44:51,513 [main] INFO  hdfs.DFSUtil (DFSUtil.java:httpServerTemplateForNNAndJN(1641)) - Starting Web-server for scm at: http://0.0.0.0:0
2019-09-19 10:44:51,648 [main] INFO  server.AuthenticationFilter (AuthenticationFilter.java:constructSecretProvider(240)) - Unable to initialize FileSignerSecretProvider, falling back to use random secrets.
2019-09-19 10:44:51,664 [main] WARN  http.HttpRequestLog (HttpRequestLog.java:getRequestLog(97)) - Jetty request log can only be enabled using Log4j
2019-09-19 10:44:51,674 [main] INFO  http.HttpServer2 (HttpServer2.java:addGlobalFilter(975)) - Added global filter 'safety' (class=org.apache.hadoop.http.HttpServer2$QuotingInputFilter)
2019-09-19 10:44:51,677 [main] INFO  http.HttpServer2 (HttpServer2.java:addFilter(948)) - Added filter static_user_filter (class=org.apache.hadoop.http.lib.StaticUserWebFilter$StaticUserFilter) to context scm
2019-09-19 10:44:51,677 [main] INFO  http.HttpServer2 (HttpServer2.java:addFilter(958)) - Added filter static_user_filter (class=org.apache.hadoop.http.lib.StaticUserWebFilter$StaticUserFilter) to context logs
2019-09-19 10:44:51,678 [main] INFO  http.HttpServer2 (HttpServer2.java:addFilter(958)) - Added filter static_user_filter (class=org.apache.hadoop.http.lib.StaticUserWebFilter$StaticUserFilter) to context static
2019-09-19 10:44:51,704 [main] INFO  server.StorageContainerManager (StorageContainerManager.java:start(759)) - StorageContainerLocationProtocol RPC server is listening at /0.0.0.0:43479
2019-09-19 10:44:51,759 [main] WARN  impl.MetricsConfig (MetricsConfig.java:loadFirst(134)) - Cannot locate configuration: tried hadoop-metrics2-storagecontainermanager.properties,hadoop-metrics2.properties
2019-09-19 10:44:51,772 [main] INFO  impl.MetricsSystemImpl (MetricsSystemImpl.java:startTimer(374)) - Scheduled Metric snapshot period at 10 second(s).
2019-09-19 10:44:51,773 [main] INFO  impl.MetricsSystemImpl (MetricsSystemImpl.java:start(191)) - StorageContainerManager metrics system started
2019-09-19 10:44:52,016 [main] INFO  server.SCMClientProtocolServer (SCMClientProtocolServer.java:start(151)) - RPC server for Client  is listening at /0.0.0.0:43479
2019-09-19 10:44:52,016 [IPC Server Responder] INFO  ipc.Server (Server.java:run(1314)) - IPC Server Responder: starting
2019-09-19 10:44:52,016 [IPC Server listener on 43479] INFO  ipc.Server (Server.java:run(1153)) - IPC Server listener on 43479: starting
2019-09-19 10:44:52,019 [main] INFO  server.StorageContainerManager (StorageContainerManager.java:start(769)) - ScmBlockLocationProtocol RPC server is listening at /0.0.0.0:38064
2019-09-19 10:44:52,020 [main] INFO  server.SCMBlockProtocolServer (SCMBlockProtocolServer.java:start(140)) - RPC server for Block Protocol is listening at /0.0.0.0:38064
2019-09-19 10:44:52,020 [IPC Server Responder] INFO  ipc.Server (Server.java:run(1314)) - IPC Server Responder: starting
2019-09-19 10:44:52,020 [IPC Server listener on 38064] INFO  ipc.Server (Server.java:run(1153)) - IPC Server listener on 38064: starting
2019-09-19 10:44:52,023 [main] INFO  server.StorageContainerManager (StorageContainerManager.java:start(773)) - ScmDatanodeProtocl RPC server is listening at /0.0.0.0:39801
2019-09-19 10:44:52,023 [main] INFO  server.SCMDatanodeProtocolServer (SCMDatanodeProtocolServer.java:start(191)) - RPC server for DataNodes is listening at /0.0.0.0:39801
2019-09-19 10:44:52,024 [IPC Server Responder] INFO  ipc.Server (Server.java:run(1314)) - IPC Server Responder: starting
2019-09-19 10:44:52,024 [IPC Server listener on 39801] INFO  ipc.Server (Server.java:run(1153)) - IPC Server listener on 39801: starting
2019-09-19 10:44:52,029 [main] INFO  http.HttpServer2 (HttpServer2.java:bindListener(1191)) - Jetty bound to port 36928
2019-09-19 10:44:52,031 [main] INFO  server.Server (Server.java:doStart(351)) - jetty-9.3.24.v20180605, build timestamp: 2018-06-05T17:11:56Z, git hash: 84205aa28f11a4f31f2a3b86d1bba2cc8ab69827
2019-09-19 10:44:52,075 [main] INFO  handler.ContextHandler (ContextHandler.java:doStart(781)) - Started o.e.j.s.ServletContextHandler@4e70a728{/logs,file:///workdir/hadoop-ozone/tools/target/log,AVAILABLE}
2019-09-19 10:44:52,076 [main] INFO  handler.ContextHandler (ContextHandler.java:doStart(781)) - Started o.e.j.s.ServletContextHandler@1c3146bc{/static,jar:file:/home/user/.m2/repository/org/apache/hadoop/hadoop-hdds-server-scm/0.5.0-SNAPSHOT/hadoop-hdds-server-scm-0.5.0-SNAPSHOT.jar!/webapps/static,AVAILABLE}
2019-09-19 10:44:52,152 [main] INFO  handler.ContextHandler (ContextHandler.java:doStart(781)) - Started o.e.j.w.WebAppContext@72efb5c1{/,file:///tmp/jetty-0.0.0.0-36928-scm-_-any-8486512103120010887.dir/webapp/,AVAILABLE}{/scm}
2019-09-19 10:44:52,158 [main] INFO  server.AbstractConnector (AbstractConnector.java:doStart(278)) - Started ServerConnector@7a0e1b5e{HTTP/1.1,[http/1.1]}{0.0.0.0:36928}
2019-09-19 10:44:52,158 [main] INFO  server.Server (Server.java:doStart(419)) - Started @4596ms
2019-09-19 10:44:52,160 [main] INFO  server.BaseHttpServer (BaseHttpServer.java:updateConnectorAddress(213)) - HTTP server of SCM is listening at http://0.0.0.0:36928
2019-09-19 10:44:52,167 [org.apache.hadoop.util.JvmPauseMonitor$Monitor@15bcf458] INFO  util.JvmPauseMonitor (JvmPauseMonitor.java:run(188)) - Starting JVM pause monitor
2019-09-19 10:44:52,169 [main] WARN  server.ServerUtils (ServerUtils.java:getDBPath(222)) - ozone.om.db.dirs is not configured. We recommend adding this setting. Falling back to ozone.metadata.dirs instead.
2019-09-19 10:44:52,268 [main] WARN  server.ServerUtils (ServerUtils.java:getDBPath(222)) - ozone.om.db.dirs is not configured. We recommend adding this setting. Falling back to ozone.metadata.dirs instead.
2019-09-19 10:44:52,268 [main] WARN  server.ServerUtils (ServerUtils.java:getDBPath(222)) - ozone.om.db.dirs is not configured. We recommend adding this setting. Falling back to ozone.metadata.dirs instead.
2019-09-19 10:44:52,270 [main] INFO  om.OzoneManager (OzoneManager.java:setOMNodeDetails(645)) - OM Service ID is not set. Setting it to the default ID: omServiceIdDefault
2019-09-19 10:44:52,270 [main] INFO  om.OzoneManager (OzoneManager.java:setOMNodeDetails(651)) - OM Node ID is not set. Setting it to the OmStorage's OmID: f1a19b85-277d-4c5e-a75f-d2f03608e0bd
2019-09-19 10:44:52,271 [main] INFO  om.OzoneManager (OzoneManager.java:loadOMHAConfigs(602)) - Found matching OM address with OMServiceId: null, OMNodeId: null, RPC Address: localhost:0 and Ratis port: 9872
2019-09-19 10:44:52,553 | INFO  | SCMAudit | user=jenkins1000 | ip=192.168.157.204 | op=GET_SCM_INFO null | ret=SUCCESS |  
2019-09-19 10:44:53,038 [main] WARN  server.ServerUtils (ServerUtils.java:getDBPath(222)) - ozone.om.db.dirs is not configured. We recommend adding this setting. Falling back to ozone.metadata.dirs instead.
2019-09-19 10:44:53,045 [main] INFO  db.DBStoreBuilder (DBStoreBuilder.java:addTable(110)) - using custom profile for table: userTable
2019-09-19 10:44:53,045 [main] INFO  db.DBStoreBuilder (DBStoreBuilder.java:processTables(161)) - Using default column profile:DBProfile.DISK for Table:userTable
2019-09-19 10:44:53,046 [main] INFO  db.DBStoreBuilder (DBStoreBuilder.java:addTable(110)) - using custom profile for table: volumeTable
2019-09-19 10:44:53,046 [main] INFO  db.DBStoreBuilder (DBStoreBuilder.java:processTables(161)) - Using default column profile:DBProfile.DISK for Table:volumeTable
2019-09-19 10:44:53,046 [main] INFO  db.DBStoreBuilder (DBStoreBuilder.java:addTable(110)) - using custom profile for table: bucketTable
2019-09-19 10:44:53,046 [main] INFO  db.DBStoreBuilder (DBStoreBuilder.java:processTables(161)) - Using default column profile:DBProfile.DISK for Table:bucketTable
2019-09-19 10:44:53,047 [main] INFO  db.DBStoreBuilder (DBStoreBuilder.java:addTable(110)) - using custom profile for table: keyTable
2019-09-19 10:44:53,047 [main] INFO  db.DBStoreBuilder (DBStoreBuilder.java:processTables(161)) - Using default column profile:DBProfile.DISK for Table:keyTable
2019-09-19 10:44:53,047 [main] INFO  db.DBStoreBuilder (DBStoreBuilder.java:addTable(110)) - using custom profile for table: deletedTable
2019-09-19 10:44:53,047 [main] INFO  db.DBStoreBuilder (DBStoreBuilder.java:processTables(161)) - Using default column profile:DBProfile.DISK for Table:deletedTable
2019-09-19 10:44:53,047 [main] INFO  db.DBStoreBuilder (DBStoreBuilder.java:addTable(110)) - using custom profile for table: openKeyTable
2019-09-19 10:44:53,048 [main] INFO  db.DBStoreBuilder (DBStoreBuilder.java:processTables(161)) - Using default column profile:DBProfile.DISK for Table:openKeyTable
2019-09-19 10:44:53,048 [main] INFO  db.DBStoreBuilder (DBStoreBuilder.java:addTable(110)) - using custom profile for table: s3Table
2019-09-19 10:44:53,048 [main] INFO  db.DBStoreBuilder (DBStoreBuilder.java:processTables(161)) - Using default column profile:DBProfile.DISK for Table:s3Table
2019-09-19 10:44:53,048 [main] INFO  db.DBStoreBuilder (DBStoreBuilder.java:addTable(110)) - using custom profile for table: multipartInfoTable
2019-09-19 10:44:53,049 [main] INFO  db.DBStoreBuilder (DBStoreBuilder.java:processTables(161)) - Using default column profile:DBProfile.DISK for Table:multipartInfoTable
2019-09-19 10:44:53,049 [main] INFO  db.DBStoreBuilder (DBStoreBuilder.java:addTable(110)) - using custom profile for table: dTokenTable
2019-09-19 10:44:53,049 [main] INFO  db.DBStoreBuilder (DBStoreBuilder.java:processTables(161)) - Using default column profile:DBProfile.DISK for Table:dTokenTable
2019-09-19 10:44:53,049 [main] INFO  db.DBStoreBuilder (DBStoreBuilder.java:addTable(110)) - using custom profile for table: s3SecretTable
2019-09-19 10:44:53,049 [main] INFO  db.DBStoreBuilder (DBStoreBuilder.java:processTables(161)) - Using default column profile:DBProfile.DISK for Table:s3SecretTable
2019-09-19 10:44:53,050 [main] INFO  db.DBStoreBuilder (DBStoreBuilder.java:addTable(110)) - using custom profile for table: prefixTable
2019-09-19 10:44:53,050 [main] INFO  db.DBStoreBuilder (DBStoreBuilder.java:processTables(161)) - Using default column profile:DBProfile.DISK for Table:prefixTable
2019-09-19 10:44:53,050 [main] INFO  db.DBStoreBuilder (DBStoreBuilder.java:addTable(110)) - using custom profile for table: default
2019-09-19 10:44:53,050 [main] INFO  db.DBStoreBuilder (DBStoreBuilder.java:processTables(167)) - Using default column profile:DBProfile.DISK for Table:default
2019-09-19 10:44:53,051 [main] INFO  db.DBStoreBuilder (DBStoreBuilder.java:getDbProfile(198)) - Using default options. DBProfile.DISK
2019-09-19 10:44:54,976 [main] INFO  ipc.CallQueueManager (CallQueueManager.java:<init>(84)) - Using callQueue: class java.util.concurrent.LinkedBlockingQueue, queueCapacity: 2000, scheduler: class org.apache.hadoop.ipc.DefaultRpcScheduler, ipcBackoff: false.
2019-09-19 10:44:54,977 [Socket Reader #1 for port 46193] INFO  ipc.Server (Server.java:run(1074)) - Starting Socket Reader #1 for port 46193
2019-09-19 10:44:55,003 [main] INFO  om.OzoneManager (OzoneManager.java:start(1256)) - OzoneManager RPC server is listening at localhost/127.0.0.1:46193
2019-09-19 10:44:55,003 [main] INFO  impl.MetricsSystemImpl (MetricsSystemImpl.java:init(158)) - OzoneManager metrics system started (again)
2019-09-19 10:44:55,005 [IPC Server Responder] INFO  ipc.Server (Server.java:run(1314)) - IPC Server Responder: starting
2019-09-19 10:44:55,005 [IPC Server listener on 46193] INFO  ipc.Server (Server.java:run(1153)) - IPC Server listener on 46193: starting
2019-09-19 10:44:55,010 [main] INFO  hdfs.DFSUtil (DFSUtil.java:httpServerTemplateForNNAndJN(1641)) - Starting Web-server for ozoneManager at: http://0.0.0.0:0
2019-09-19 10:44:55,012 [main] INFO  server.AuthenticationFilter (AuthenticationFilter.java:constructSecretProvider(240)) - Unable to initialize FileSignerSecretProvider, falling back to use random secrets.
2019-09-19 10:44:55,013 [main] WARN  http.HttpRequestLog (HttpRequestLog.java:getRequestLog(97)) - Jetty request log can only be enabled using Log4j
2019-09-19 10:44:55,014 [main] INFO  http.HttpServer2 (HttpServer2.java:addGlobalFilter(975)) - Added global filter 'safety' (class=org.apache.hadoop.http.HttpServer2$QuotingInputFilter)
2019-09-19 10:44:55,015 [main] INFO  http.HttpServer2 (HttpServer2.java:addFilter(948)) - Added filter static_user_filter (class=org.apache.hadoop.http.lib.StaticUserWebFilter$StaticUserFilter) to context ozoneManager
2019-09-19 10:44:55,016 [main] INFO  http.HttpServer2 (HttpServer2.java:addFilter(958)) - Added filter static_user_filter (class=org.apache.hadoop.http.lib.StaticUserWebFilter$StaticUserFilter) to context logs
2019-09-19 10:44:55,016 [main] INFO  http.HttpServer2 (HttpServer2.java:addFilter(958)) - Added filter static_user_filter (class=org.apache.hadoop.http.lib.StaticUserWebFilter$StaticUserFilter) to context static
2019-09-19 10:44:55,152 [main] INFO  http.HttpServer2 (HttpServer2.java:bindListener(1191)) - Jetty bound to port 35325
2019-09-19 10:44:55,153 [main] INFO  server.Server (Server.java:doStart(351)) - jetty-9.3.24.v20180605, build timestamp: 2018-06-05T17:11:56Z, git hash: 84205aa28f11a4f31f2a3b86d1bba2cc8ab69827
2019-09-19 10:44:55,162 [main] INFO  handler.ContextHandler (ContextHandler.java:doStart(781)) - Started o.e.j.s.ServletContextHandler@782168b7{/logs,file:///workdir/hadoop-ozone/tools/target/log,AVAILABLE}
2019-09-19 10:44:55,163 [main] INFO  handler.ContextHandler (ContextHandler.java:doStart(781)) - Started o.e.j.s.ServletContextHandler@7435a578{/static,jar:file:/home/user/.m2/repository/org/apache/hadoop/hadoop-ozone-ozone-manager/0.5.0-SNAPSHOT/hadoop-ozone-ozone-manager-0.5.0-SNAPSHOT.jar!/webapps/static,AVAILABLE}
2019-09-19 10:44:55,224 [main] INFO  handler.ContextHandler (ContextHandler.java:doStart(781)) - Started o.e.j.w.WebAppContext@10876a6{/,file:///tmp/jetty-0.0.0.0-35325-ozoneManager-_-any-1805030042820061888.dir/webapp/,AVAILABLE}{/ozoneManager}
2019-09-19 10:44:55,225 [main] INFO  server.AbstractConnector (AbstractConnector.java:doStart(278)) - Started ServerConnector@71870da7{HTTP/1.1,[http/1.1]}{0.0.0.0:35325}
2019-09-19 10:44:55,226 [main] INFO  server.Server (Server.java:doStart(419)) - Started @7664ms
2019-09-19 10:44:55,227 [main] INFO  server.BaseHttpServer (BaseHttpServer.java:updateConnectorAddress(213)) - HTTP server of OZONEMANAGER is listening at http://0.0.0.0:35325
2019-09-19 10:44:55,393 [main] INFO  impl.MetricsSystemImpl (MetricsSystemImpl.java:init(158)) - HddsDatanode metrics system started (again)
2019-09-19 10:44:55,480 [main] INFO  ozone.HddsDatanodeService (HddsDatanodeService.java:start(184)) - HddsDatanodeService host:pr-hdds-1569-cpgw4-1311585219 ip:192.168.157.204
2019-09-19 10:44:55,511 [main] INFO  volume.HddsVolume (HddsVolume.java:<init>(176)) - Creating Volume: /workdir/hadoop-ozone/tools/target/test-dir/MiniOzoneClusterImpl-fb1be2cc-0df5-4edc-832d-164f8289558f/datanode-0/data/containers/hdds of  storage type : DISK and capacity : 1482555576320
2019-09-19 10:44:55,514 [main] INFO  volume.VolumeSet (VolumeSet.java:initializeVolumeSet(170)) - Added Volume : /workdir/hadoop-ozone/tools/target/test-dir/MiniOzoneClusterImpl-fb1be2cc-0df5-4edc-832d-164f8289558f/datanode-0/data/containers/hdds to VolumeSet
2019-09-19 10:44:55,519 [main] INFO  volume.ThrottledAsyncChecker (ThrottledAsyncChecker.java:schedule(140)) - Scheduling a check for org.apache.hadoop.ozone.container.common.volume.HddsVolume@4b869331
2019-09-19 10:44:55,543 [main] INFO  volume.HddsVolumeChecker (HddsVolumeChecker.java:checkAllVolumes(203)) - Scheduled health check for volume org.apache.hadoop.ozone.container.common.volume.HddsVolume@4b869331
2019-09-19 10:44:55,678 [main] INFO  impl.RaftServerProxy (ConfUtils.java:logGet(43)) - raft.rpc.type = GRPC (default)
2019-09-19 10:44:55,745 [main] INFO  grpc.GrpcFactory (GrpcFactory.java:checkPooledByteBufAllocatorUseCacheForAllThreads(45)) - PERFORMANCE WARNING: useCacheForAllThreads is true that may cause Netty to create a lot garbage objects and, as a result, trigger GC.
	It is recommended to disable useCacheForAllThreads by setting -Dorg.apache.ratis.thirdparty.io.netty.allocator.useCacheForAllThreads=false in command line.
2019-09-19 10:44:55,749 [main] INFO  grpc.GrpcConfigKeys$Server (ConfUtils.java:logGet(43)) - raft.grpc.server.port = 0 (default)
2019-09-19 10:44:55,750 [main] INFO  server.GrpcService (ConfUtils.java:logGet(43)) - raft.grpc.message.size.max = 33570816 (custom)
2019-09-19 10:44:55,752 [main] INFO  server.RaftServerConfigKeys (ConfUtils.java:logGet(43)) - raft.server.log.appender.buffer.byte-limit = 33554432 (custom)
2019-09-19 10:44:55,753 [main] INFO  server.GrpcService (ConfUtils.java:logGet(43)) - raft.grpc.flow.control.window = 1MB (=1048576) (default)
2019-09-19 10:44:55,753 [main] INFO  server.RaftServerConfigKeys (ConfUtils.java:logGet(43)) - raft.server.rpc.request.timeout = 3000ms (default)
2019-09-19 10:44:55,924 [main] INFO  server.RaftServerConfigKeys (ConfUtils.java:logGet(43)) - raft.server.storage.dir = [/workdir/hadoop-ozone/tools/target/test-dir/MiniOzoneClusterImpl-fb1be2cc-0df5-4edc-832d-164f8289558f/datanode-0/data/ratis] (custom)
2019-09-19 10:44:55,968 [main] INFO  replication.SimpleContainerDownloader (SimpleContainerDownloader.java:<init>(72)) - Starting container downloader service to copy containers to replicate.
2019-09-19 10:44:55,984 [main] INFO  hdfs.DFSUtil (DFSUtil.java:httpServerTemplateForNNAndJN(1641)) - Starting Web-server for hddsDatanode at: http://0.0.0.0:0
2019-09-19 10:44:55,987 [main] INFO  server.AuthenticationFilter (AuthenticationFilter.java:constructSecretProvider(240)) - Unable to initialize FileSignerSecretProvider, falling back to use random secrets.
2019-09-19 10:44:55,988 [main] WARN  http.HttpRequestLog (HttpRequestLog.java:getRequestLog(97)) - Jetty request log can only be enabled using Log4j
2019-09-19 10:44:55,991 [main] INFO  http.HttpServer2 (HttpServer2.java:addGlobalFilter(975)) - Added global filter 'safety' (class=org.apache.hadoop.http.HttpServer2$QuotingInputFilter)
2019-09-19 10:44:55,992 [main] INFO  http.HttpServer2 (HttpServer2.java:addFilter(948)) - Added filter static_user_filter (class=org.apache.hadoop.http.lib.StaticUserWebFilter$StaticUserFilter) to context hddsDatanode
2019-09-19 10:44:55,992 [main] INFO  http.HttpServer2 (HttpServer2.java:addFilter(958)) - Added filter static_user_filter (class=org.apache.hadoop.http.lib.StaticUserWebFilter$StaticUserFilter) to context logs
2019-09-19 10:44:55,993 [main] INFO  http.HttpServer2 (HttpServer2.java:addFilter(958)) - Added filter static_user_filter (class=org.apache.hadoop.http.lib.StaticUserWebFilter$StaticUserFilter) to context static
2019-09-19 10:44:55,994 [main] INFO  http.HttpServer2 (HttpServer2.java:bindListener(1191)) - Jetty bound to port 39783
2019-09-19 10:44:55,994 [main] INFO  server.Server (Server.java:doStart(351)) - jetty-9.3.24.v20180605, build timestamp: 2018-06-05T17:11:56Z, git hash: 84205aa28f11a4f31f2a3b86d1bba2cc8ab69827
2019-09-19 10:44:55,998 [main] INFO  handler.ContextHandler (ContextHandler.java:doStart(781)) - Started o.e.j.s.ServletContextHandler@3bd2af5b{/logs,file:///workdir/hadoop-ozone/tools/target/log,AVAILABLE}
2019-09-19 10:44:55,999 [main] INFO  handler.ContextHandler (ContextHandler.java:doStart(781)) - Started o.e.j.s.ServletContextHandler@75d982d3{/static,jar:file:/home/user/.m2/repository/org/apache/hadoop/hadoop-hdds-container-service/0.5.0-SNAPSHOT/hadoop-hdds-container-service-0.5.0-SNAPSHOT.jar!/webapps/static,AVAILABLE}
2019-09-19 10:44:56,041 [main] INFO  handler.ContextHandler (ContextHandler.java:doStart(781)) - Started o.e.j.w.WebAppContext@2b7962a2{/,file:///tmp/jetty-0.0.0.0-39783-hddsDatanode-_-any-5417661367293654969.dir/webapp/,AVAILABLE}{/hddsDatanode}
2019-09-19 10:44:56,042 [main] INFO  server.AbstractConnector (AbstractConnector.java:doStart(278)) - Started ServerConnector@6ad16c5d{HTTP/1.1,[http/1.1]}{0.0.0.0:39783}
2019-09-19 10:44:56,043 [main] INFO  server.Server (Server.java:doStart(419)) - Started @8481ms
2019-09-19 10:44:56,044 [main] INFO  server.BaseHttpServer (BaseHttpServer.java:updateConnectorAddress(213)) - HTTP server of HDDSDATANODE is listening at http://0.0.0.0:39783
2019-09-19 10:44:57,144 | INFO  | ObjectStoreRestHttpServer | Listening HDDS REST traffic on /0.0.0.0:39913 |  
2019-09-19 10:44:57,146 [main] INFO  ozone.HddsDatanodeService (HddsDatanodeService.java:startPlugins(395)) - Started plug-in org.apache.hadoop.ozone.web.OzoneHddsDatanodeService@2bb62414
2019-09-19 10:44:57,147 [main] INFO  impl.MetricsSystemImpl (MetricsSystemImpl.java:init(158)) - HddsDatanode metrics system started (again)
2019-09-19 10:44:57,150 [main] INFO  ozone.HddsDatanodeService (HddsDatanodeService.java:start(184)) - HddsDatanodeService host:pr-hdds-1569-cpgw4-1311585219 ip:192.168.157.204
2019-09-19 10:44:57,154 [org.apache.hadoop.util.JvmPauseMonitor$Monitor@2f17f75c] INFO  util.JvmPauseMonitor (JvmPauseMonitor.java:run(188)) - Starting JVM pause monitor
2019-09-19 10:44:57,161 [main] INFO  volume.HddsVolume (HddsVolume.java:<init>(176)) - Creating Volume: /workdir/hadoop-ozone/tools/target/test-dir/MiniOzoneClusterImpl-fb1be2cc-0df5-4edc-832d-164f8289558f/datanode-1/data/containers/hdds of  storage type : DISK and capacity : 1482555576320
2019-09-19 10:44:57,162 [main] INFO  volume.VolumeSet (VolumeSet.java:initializeVolumeSet(170)) - Added Volume : /workdir/hadoop-ozone/tools/target/test-dir/MiniOzoneClusterImpl-fb1be2cc-0df5-4edc-832d-164f8289558f/datanode-1/data/containers/hdds to VolumeSet
2019-09-19 10:44:57,162 [main] INFO  volume.ThrottledAsyncChecker (ThrottledAsyncChecker.java:schedule(140)) - Scheduling a check for org.apache.hadoop.ozone.container.common.volume.HddsVolume@3b7c58e7
2019-09-19 10:44:57,165 [main] INFO  volume.HddsVolumeChecker (HddsVolumeChecker.java:checkAllVolumes(203)) - Scheduled health check for volume org.apache.hadoop.ozone.container.common.volume.HddsVolume@3b7c58e7
2019-09-19 10:44:57,182 [main] INFO  impl.RaftServerProxy (ConfUtils.java:logGet(43)) - raft.rpc.type = GRPC (default)
2019-09-19 10:44:57,182 [main] INFO  grpc.GrpcFactory (GrpcFactory.java:checkPooledByteBufAllocatorUseCacheForAllThreads(45)) - PERFORMANCE WARNING: useCacheForAllThreads is true that may cause Netty to create a lot garbage objects and, as a result, trigger GC.
	It is recommended to disable useCacheForAllThreads by setting -Dorg.apache.ratis.thirdparty.io.netty.allocator.useCacheForAllThreads=false in command line.
2019-09-19 10:44:57,182 [main] INFO  grpc.GrpcConfigKeys$Server (ConfUtils.java:logGet(43)) - raft.grpc.server.port = 0 (default)
2019-09-19 10:44:57,183 [main] INFO  server.GrpcService (ConfUtils.java:logGet(43)) - raft.grpc.message.size.max = 33570816 (custom)
2019-09-19 10:44:57,183 [main] INFO  server.RaftServerConfigKeys (ConfUtils.java:logGet(43)) - raft.server.log.appender.buffer.byte-limit = 33554432 (custom)
2019-09-19 10:44:57,183 [main] INFO  server.GrpcService (ConfUtils.java:logGet(43)) - raft.grpc.flow.control.window = 1MB (=1048576) (default)
2019-09-19 10:44:57,183 [main] INFO  server.RaftServerConfigKeys (ConfUtils.java:logGet(43)) - raft.server.rpc.request.timeout = 3000ms (default)
2019-09-19 10:44:57,184 [main] INFO  server.RaftServerConfigKeys (ConfUtils.java:logGet(43)) - raft.server.storage.dir = [/workdir/hadoop-ozone/tools/target/test-dir/MiniOzoneClusterImpl-fb1be2cc-0df5-4edc-832d-164f8289558f/datanode-1/data/ratis] (custom)
2019-09-19 10:44:57,185 [main] INFO  replication.SimpleContainerDownloader (SimpleContainerDownloader.java:<init>(72)) - Starting container downloader service to copy containers to replicate.
2019-09-19 10:44:57,186 [main] INFO  hdfs.DFSUtil (DFSUtil.java:httpServerTemplateForNNAndJN(1641)) - Starting Web-server for hddsDatanode at: http://0.0.0.0:0
2019-09-19 10:44:57,189 [main] INFO  server.AuthenticationFilter (AuthenticationFilter.java:constructSecretProvider(240)) - Unable to initialize FileSignerSecretProvider, falling back to use random secrets.
2019-09-19 10:44:57,190 [main] WARN  http.HttpRequestLog (HttpRequestLog.java:getRequestLog(97)) - Jetty request log can only be enabled using Log4j
2019-09-19 10:44:57,192 [main] INFO  http.HttpServer2 (HttpServer2.java:addGlobalFilter(975)) - Added global filter 'safety' (class=org.apache.hadoop.http.HttpServer2$QuotingInputFilter)
2019-09-19 10:44:57,193 [main] INFO  http.HttpServer2 (HttpServer2.java:addFilter(948)) - Added filter static_user_filter (class=org.apache.hadoop.http.lib.StaticUserWebFilter$StaticUserFilter) to context hddsDatanode
2019-09-19 10:44:57,194 [main] INFO  http.HttpServer2 (HttpServer2.java:addFilter(958)) - Added filter static_user_filter (class=org.apache.hadoop.http.lib.StaticUserWebFilter$StaticUserFilter) to context static
2019-09-19 10:44:57,194 [main] INFO  http.HttpServer2 (HttpServer2.java:addFilter(958)) - Added filter static_user_filter (class=org.apache.hadoop.http.lib.StaticUserWebFilter$StaticUserFilter) to context logs
2019-09-19 10:44:57,195 [main] INFO  http.HttpServer2 (HttpServer2.java:bindListener(1191)) - Jetty bound to port 43379
2019-09-19 10:44:57,195 [main] INFO  server.Server (Server.java:doStart(351)) - jetty-9.3.24.v20180605, build timestamp: 2018-06-05T17:11:56Z, git hash: 84205aa28f11a4f31f2a3b86d1bba2cc8ab69827
2019-09-19 10:44:57,198 [main] INFO  handler.ContextHandler (ContextHandler.java:doStart(781)) - Started o.e.j.s.ServletContextHandler@7ab802f4{/logs,file:///workdir/hadoop-ozone/tools/target/log,AVAILABLE}
2019-09-19 10:44:57,198 [main] INFO  handler.ContextHandler (ContextHandler.java:doStart(781)) - Started o.e.j.s.ServletContextHandler@3b97907c{/static,jar:file:/home/user/.m2/repository/org/apache/hadoop/hadoop-hdds-container-service/0.5.0-SNAPSHOT/hadoop-hdds-container-service-0.5.0-SNAPSHOT.jar!/webapps/static,AVAILABLE}
2019-09-19 10:44:57,233 [main] INFO  handler.ContextHandler (ContextHandler.java:doStart(781)) - Started o.e.j.w.WebAppContext@4b88ca8e{/,file:///tmp/jetty-0.0.0.0-43379-hddsDatanode-_-any-5851454804493692498.dir/webapp/,AVAILABLE}{/hddsDatanode}
2019-09-19 10:44:57,234 [main] INFO  server.AbstractConnector (AbstractConnector.java:doStart(278)) - Started ServerConnector@6fa02932{HTTP/1.1,[http/1.1]}{0.0.0.0:43379}
2019-09-19 10:44:57,234 [main] INFO  server.Server (Server.java:doStart(419)) - Started @9673ms
2019-09-19 10:44:57,235 [main] INFO  server.BaseHttpServer (BaseHttpServer.java:updateConnectorAddress(213)) - HTTP server of HDDSDATANODE is listening at http://0.0.0.0:43379
2019-09-19 10:44:57,266 [Datanode State Machine Thread - 0] INFO  datanode.InitDatanodeState (InitDatanodeState.java:persistContainerDatanodeDetails(140)) - DatanodeDetails is persisted to /workdir/hadoop-ozone/tools/target/test-dir/MiniOzoneClusterImpl-fb1be2cc-0df5-4edc-832d-164f8289558f/datanode-0/meta/datanode.id
2019-09-19 10:44:57,413 | INFO  | ObjectStoreRestHttpServer | Listening HDDS REST traffic on /0.0.0.0:36771 |  
2019-09-19 10:44:57,415 [main] INFO  ozone.HddsDatanodeService (HddsDatanodeService.java:startPlugins(395)) - Started plug-in org.apache.hadoop.ozone.web.OzoneHddsDatanodeService@1a8e9ed9
2019-09-19 10:44:57,416 [main] INFO  impl.MetricsSystemImpl (MetricsSystemImpl.java:init(158)) - HddsDatanode metrics system started (again)
2019-09-19 10:44:57,421 [org.apache.hadoop.util.JvmPauseMonitor$Monitor@6a8b390b] INFO  util.JvmPauseMonitor (JvmPauseMonitor.java:run(188)) - Starting JVM pause monitor
2019-09-19 10:44:57,422 [main] INFO  ozone.HddsDatanodeService (HddsDatanodeService.java:start(184)) - HddsDatanodeService host:pr-hdds-1569-cpgw4-1311585219 ip:192.168.157.204
2019-09-19 10:44:57,429 [Datanode State Machine Thread - 0] INFO  datanode.InitDatanodeState (InitDatanodeState.java:persistContainerDatanodeDetails(140)) - DatanodeDetails is persisted to /workdir/hadoop-ozone/tools/target/test-dir/MiniOzoneClusterImpl-fb1be2cc-0df5-4edc-832d-164f8289558f/datanode-1/meta/datanode.id
2019-09-19 10:44:57,436 [main] INFO  volume.HddsVolume (HddsVolume.java:<init>(176)) - Creating Volume: /workdir/hadoop-ozone/tools/target/test-dir/MiniOzoneClusterImpl-fb1be2cc-0df5-4edc-832d-164f8289558f/datanode-2/data/containers/hdds of  storage type : DISK and capacity : 1482555576320
2019-09-19 10:44:57,437 [main] INFO  volume.VolumeSet (VolumeSet.java:initializeVolumeSet(170)) - Added Volume : /workdir/hadoop-ozone/tools/target/test-dir/MiniOzoneClusterImpl-fb1be2cc-0df5-4edc-832d-164f8289558f/datanode-2/data/containers/hdds to VolumeSet
2019-09-19 10:44:57,437 [main] INFO  volume.ThrottledAsyncChecker (ThrottledAsyncChecker.java:schedule(140)) - Scheduling a check for org.apache.hadoop.ozone.container.common.volume.HddsVolume@4f081b5d
2019-09-19 10:44:57,439 [main] INFO  volume.HddsVolumeChecker (HddsVolumeChecker.java:checkAllVolumes(203)) - Scheduled health check for volume org.apache.hadoop.ozone.container.common.volume.HddsVolume@4f081b5d
2019-09-19 10:44:57,471 [main] INFO  impl.RaftServerProxy (ConfUtils.java:logGet(43)) - raft.rpc.type = GRPC (default)
2019-09-19 10:44:57,472 [main] INFO  grpc.GrpcFactory (GrpcFactory.java:checkPooledByteBufAllocatorUseCacheForAllThreads(45)) - PERFORMANCE WARNING: useCacheForAllThreads is true that may cause Netty to create a lot garbage objects and, as a result, trigger GC.
	It is recommended to disable useCacheForAllThreads by setting -Dorg.apache.ratis.thirdparty.io.netty.allocator.useCacheForAllThreads=false in command line.
2019-09-19 10:44:57,472 [main] INFO  grpc.GrpcConfigKeys$Server (ConfUtils.java:logGet(43)) - raft.grpc.server.port = 0 (default)
2019-09-19 10:44:57,472 [main] INFO  server.GrpcService (ConfUtils.java:logGet(43)) - raft.grpc.message.size.max = 33570816 (custom)
2019-09-19 10:44:57,473 [main] INFO  server.RaftServerConfigKeys (ConfUtils.java:logGet(43)) - raft.server.log.appender.buffer.byte-limit = 33554432 (custom)
2019-09-19 10:44:57,473 [main] INFO  server.GrpcService (ConfUtils.java:logGet(43)) - raft.grpc.flow.control.window = 1MB (=1048576) (default)
2019-09-19 10:44:57,473 [main] INFO  server.RaftServerConfigKeys (ConfUtils.java:logGet(43)) - raft.server.rpc.request.timeout = 3000ms (default)
2019-09-19 10:44:57,474 [main] INFO  server.RaftServerConfigKeys (ConfUtils.java:logGet(43)) - raft.server.storage.dir = [/workdir/hadoop-ozone/tools/target/test-dir/MiniOzoneClusterImpl-fb1be2cc-0df5-4edc-832d-164f8289558f/datanode-2/data/ratis] (custom)
2019-09-19 10:44:57,477 [main] INFO  replication.SimpleContainerDownloader (SimpleContainerDownloader.java:<init>(72)) - Starting container downloader service to copy containers to replicate.
2019-09-19 10:44:57,479 [main] INFO  hdfs.DFSUtil (DFSUtil.java:httpServerTemplateForNNAndJN(1641)) - Starting Web-server for hddsDatanode at: http://0.0.0.0:0
2019-09-19 10:44:57,481 [main] INFO  server.AuthenticationFilter (AuthenticationFilter.java:constructSecretProvider(240)) - Unable to initialize FileSignerSecretProvider, falling back to use random secrets.
2019-09-19 10:44:57,482 [main] WARN  http.HttpRequestLog (HttpRequestLog.java:getRequestLog(97)) - Jetty request log can only be enabled using Log4j
2019-09-19 10:44:57,485 [main] INFO  http.HttpServer2 (HttpServer2.java:addGlobalFilter(975)) - Added global filter 'safety' (class=org.apache.hadoop.http.HttpServer2$QuotingInputFilter)
2019-09-19 10:44:57,486 [main] INFO  http.HttpServer2 (HttpServer2.java:addFilter(948)) - Added filter static_user_filter (class=org.apache.hadoop.http.lib.StaticUserWebFilter$StaticUserFilter) to context hddsDatanode
2019-09-19 10:44:57,487 [main] INFO  http.HttpServer2 (HttpServer2.java:addFilter(958)) - Added filter static_user_filter (class=org.apache.hadoop.http.lib.StaticUserWebFilter$StaticUserFilter) to context logs
2019-09-19 10:44:57,487 [main] INFO  http.HttpServer2 (HttpServer2.java:addFilter(958)) - Added filter static_user_filter (class=org.apache.hadoop.http.lib.StaticUserWebFilter$StaticUserFilter) to context static
2019-09-19 10:44:57,488 [main] INFO  http.HttpServer2 (HttpServer2.java:bindListener(1191)) - Jetty bound to port 42919
2019-09-19 10:44:57,488 [main] INFO  server.Server (Server.java:doStart(351)) - jetty-9.3.24.v20180605, build timestamp: 2018-06-05T17:11:56Z, git hash: 84205aa28f11a4f31f2a3b86d1bba2cc8ab69827
2019-09-19 10:44:57,493 [main] INFO  handler.ContextHandler (ContextHandler.java:doStart(781)) - Started o.e.j.s.ServletContextHandler@217dc48e{/logs,file:///workdir/hadoop-ozone/tools/target/log,AVAILABLE}
2019-09-19 10:44:57,494 [main] INFO  handler.ContextHandler (ContextHandler.java:doStart(781)) - Started o.e.j.s.ServletContextHandler@296edc75{/static,jar:file:/home/user/.m2/repository/org/apache/hadoop/hadoop-hdds-container-service/0.5.0-SNAPSHOT/hadoop-hdds-container-service-0.5.0-SNAPSHOT.jar!/webapps/static,AVAILABLE}
2019-09-19 10:44:57,529 [main] INFO  handler.ContextHandler (ContextHandler.java:doStart(781)) - Started o.e.j.w.WebAppContext@3554bdc0{/,file:///tmp/jetty-0.0.0.0-42919-hddsDatanode-_-any-9126988061260555525.dir/webapp/,AVAILABLE}{/hddsDatanode}
2019-09-19 10:44:57,530 [main] INFO  server.AbstractConnector (AbstractConnector.java:doStart(278)) - Started ServerConnector@3a3b10f4{HTTP/1.1,[http/1.1]}{0.0.0.0:42919}
2019-09-19 10:44:57,531 [main] INFO  server.Server (Server.java:doStart(419)) - Started @9969ms
2019-09-19 10:44:57,532 [main] INFO  server.BaseHttpServer (BaseHttpServer.java:updateConnectorAddress(213)) - HTTP server of HDDSDATANODE is listening at http://0.0.0.0:42919
2019-09-19 10:44:57,742 | INFO  | ObjectStoreRestHttpServer | Listening HDDS REST traffic on /0.0.0.0:44530 |  
2019-09-19 10:44:57,742 [main] INFO  ozone.HddsDatanodeService (HddsDatanodeService.java:startPlugins(395)) - Started plug-in org.apache.hadoop.ozone.web.OzoneHddsDatanodeService@76396509
2019-09-19 10:44:57,745 [main] INFO  ozone.MiniOzoneClusterImpl (MiniOzoneClusterImpl.java:lambda$waitForClusterToBeReady$0(142)) - Waiting for cluster to be ready. Got 0 of 3 DN Heartbeats.
2019-09-19 10:44:57,746 [org.apache.hadoop.util.JvmPauseMonitor$Monitor@7d3c4106] INFO  util.JvmPauseMonitor (JvmPauseMonitor.java:run(188)) - Starting JVM pause monitor
2019-09-19 10:44:57,749 [Datanode State Machine Thread - 0] INFO  datanode.InitDatanodeState (InitDatanodeState.java:persistContainerDatanodeDetails(140)) - DatanodeDetails is persisted to /workdir/hadoop-ozone/tools/target/test-dir/MiniOzoneClusterImpl-fb1be2cc-0df5-4edc-832d-164f8289558f/datanode-2/meta/datanode.id
2019-09-19 10:44:58,746 [main] INFO  ozone.MiniOzoneClusterImpl (MiniOzoneClusterImpl.java:lambda$waitForClusterToBeReady$0(142)) - Waiting for cluster to be ready. Got 0 of 3 DN Heartbeats.
2019-09-19 10:44:59,190 | INFO  | SCMAudit | user=jenkins1000 | ip=192.168.157.204 | op=GET_VERSION null | ret=SUCCESS |  
2019-09-19 10:44:59,211 [Datanode State Machine Thread - 0] INFO  ozoneimpl.OzoneContainer (OzoneContainer.java:start(186)) - Attempting to start container services.
2019-09-19 10:44:59,212 [Datanode State Machine Thread - 0] INFO  ozoneimpl.OzoneContainer (OzoneContainer.java:startContainerScrub(160)) - Background container scrubber has been disabled by hdds.containerscrub.enabled
2019-09-19 10:44:59,212 [Datanode State Machine Thread - 0] INFO  ratis.XceiverServerRatis (XceiverServerRatis.java:start(404)) - Starting XceiverServerRatis 6b4db361-80c8-4463-ae57-b9f6d8c1534e at port 0
2019-09-19 10:44:59,232 [Datanode State Machine Thread - 0] INFO  impl.RaftServerProxy (RaftServerProxy.java:lambda$start$3(299)) - 6b4db361-80c8-4463-ae57-b9f6d8c1534e: start RPC server
2019-09-19 10:44:59,382 [Datanode State Machine Thread - 0] INFO  server.GrpcService (GrpcService.java:startImpl(149)) - 6b4db361-80c8-4463-ae57-b9f6d8c1534e: GrpcService started, listening on 0.0.0.0/0.0.0.0:36529
2019-09-19 10:44:59,382 [Datanode State Machine Thread - 0] INFO  ratis.XceiverServerRatis (XceiverServerRatis.java:start(414)) - XceiverServerRatis 6b4db361-80c8-4463-ae57-b9f6d8c1534e is started using port 36529
2019-09-19 10:44:59,384 [Datanode State Machine Thread - 0] INFO  server.XceiverServerGrpc (XceiverServerGrpc.java:start(163)) - XceiverServerGrpc 6b4db361-80c8-4463-ae57-b9f6d8c1534e is started using port 34002
2019-09-19 10:44:59,423 | INFO  | SCMAudit | user=jenkins1000 | ip=192.168.157.204 | op=GET_VERSION null | ret=SUCCESS |  
2019-09-19 10:44:59,438 [Datanode State Machine Thread - 0] INFO  ozoneimpl.OzoneContainer (OzoneContainer.java:start(186)) - Attempting to start container services.
2019-09-19 10:44:59,440 [Datanode State Machine Thread - 0] INFO  ozoneimpl.OzoneContainer (OzoneContainer.java:startContainerScrub(160)) - Background container scrubber has been disabled by hdds.containerscrub.enabled
2019-09-19 10:44:59,440 [Datanode State Machine Thread - 0] INFO  ratis.XceiverServerRatis (XceiverServerRatis.java:start(404)) - Starting XceiverServerRatis 43c3a3a3-e4f9-4e82-99c6-0d62df714a4a at port 0
2019-09-19 10:44:59,449 [Datanode State Machine Thread - 0] INFO  impl.RaftServerProxy (RaftServerProxy.java:lambda$start$3(299)) - 43c3a3a3-e4f9-4e82-99c6-0d62df714a4a: start RPC server
2019-09-19 10:44:59,453 [Datanode State Machine Thread - 0] INFO  server.GrpcService (GrpcService.java:startImpl(149)) - 43c3a3a3-e4f9-4e82-99c6-0d62df714a4a: GrpcService started, listening on 0.0.0.0/0.0.0.0:35746
2019-09-19 10:44:59,453 [Datanode State Machine Thread - 0] INFO  ratis.XceiverServerRatis (XceiverServerRatis.java:start(414)) - XceiverServerRatis 43c3a3a3-e4f9-4e82-99c6-0d62df714a4a is started using port 35746
2019-09-19 10:44:59,456 [Datanode State Machine Thread - 0] INFO  server.XceiverServerGrpc (XceiverServerGrpc.java:start(163)) - XceiverServerGrpc 43c3a3a3-e4f9-4e82-99c6-0d62df714a4a is started using port 38129
2019-09-19 10:44:59,747 [main] INFO  ozone.MiniOzoneClusterImpl (MiniOzoneClusterImpl.java:lambda$waitForClusterToBeReady$0(142)) - Waiting for cluster to be ready. Got 0 of 3 DN Heartbeats.
2019-09-19 10:44:59,749 | INFO  | SCMAudit | user=jenkins1000 | ip=192.168.157.204 | op=GET_VERSION null | ret=SUCCESS |  
2019-09-19 10:44:59,763 [Datanode State Machine Thread - 0] INFO  ozoneimpl.OzoneContainer (OzoneContainer.java:start(186)) - Attempting to start container services.
2019-09-19 10:44:59,765 [Datanode State Machine Thread - 0] INFO  ozoneimpl.OzoneContainer (OzoneContainer.java:startContainerScrub(160)) - Background container scrubber has been disabled by hdds.containerscrub.enabled
2019-09-19 10:44:59,765 [Datanode State Machine Thread - 0] INFO  ratis.XceiverServerRatis (XceiverServerRatis.java:start(404)) - Starting XceiverServerRatis d0ded852-0a77-481a-a680-10e5e190379c at port 0
2019-09-19 10:44:59,772 [Datanode State Machine Thread - 0] INFO  impl.RaftServerProxy (RaftServerProxy.java:lambda$start$3(299)) - d0ded852-0a77-481a-a680-10e5e190379c: start RPC server
2019-09-19 10:44:59,774 [Datanode State Machine Thread - 0] INFO  server.GrpcService (GrpcService.java:startImpl(149)) - d0ded852-0a77-481a-a680-10e5e190379c: GrpcService started, listening on 0.0.0.0/0.0.0.0:45896
2019-09-19 10:44:59,774 [Datanode State Machine Thread - 0] INFO  ratis.XceiverServerRatis (XceiverServerRatis.java:start(414)) - XceiverServerRatis d0ded852-0a77-481a-a680-10e5e190379c is started using port 45896
2019-09-19 10:44:59,777 [Datanode State Machine Thread - 0] INFO  server.XceiverServerGrpc (XceiverServerGrpc.java:start(163)) - XceiverServerGrpc d0ded852-0a77-481a-a680-10e5e190379c is started using port 39982
2019-09-19 10:45:00,749 [main] INFO  ozone.MiniOzoneClusterImpl (MiniOzoneClusterImpl.java:lambda$waitForClusterToBeReady$0(142)) - Waiting for cluster to be ready. Got 0 of 3 DN Heartbeats.
2019-09-19 10:45:01,184 [IPC Server handler 18 on 39801] INFO  net.NetworkTopology (NetworkTopologyImpl.java:add(110)) - Added a new node: /default-rack/6b4db361-80c8-4463-ae57-b9f6d8c1534e
2019-09-19 10:45:01,185 [IPC Server handler 18 on 39801] INFO  node.SCMNodeManager (SCMNodeManager.java:register(273)) - Registered Data node : 6b4db361-80c8-4463-ae57-b9f6d8c1534e{ip: 192.168.157.204, host: pr-hdds-1569-cpgw4-1311585219, networkLocation: /default-rack, certSerialId: null}
2019-09-19 10:45:01,189 [EventQueue-NodeRegistrationContainerReportForDataNodeSafeModeRule] INFO  safemode.SCMSafeModeManager (DataNodeSafeModeRule.java:process(71)) - SCM in safe mode. 1 DataNodes registered, 1 required.
2019-09-19 10:45:01,190 [EventQueue-NodeRegistrationContainerReportForDataNodeSafeModeRule] INFO  safemode.SCMSafeModeManager (SCMSafeModeManager.java:validateSafeModeExitRules(177)) - ScmSafeModeManager, all rules are successfully validated
2019-09-19 10:45:01,190 [EventQueue-NodeRegistrationContainerReportForDataNodeSafeModeRule] INFO  safemode.SCMSafeModeManager (SCMSafeModeManager.java:exitSafeMode(193)) - SCM exiting safe mode.
2019-09-19 10:45:01,199 | INFO  | SCMAudit | user=jenkins1000 | ip=192.168.157.204 | op=REGISTER {datanodeDetails=6b4db361-80c8-4463-ae57-b9f6d8c1534e{ip: 192.168.157.204, host: pr-hdds-1569-cpgw4-1311585219, networkLocation: /default-rack, certSerialId: null}} | ret=SUCCESS |  
2019-09-19 10:45:01,424 [IPC Server handler 19 on 39801] INFO  net.NetworkTopology (NetworkTopologyImpl.java:add(110)) - Added a new node: /default-rack/43c3a3a3-e4f9-4e82-99c6-0d62df714a4a
2019-09-19 10:45:01,424 [IPC Server handler 19 on 39801] INFO  node.SCMNodeManager (SCMNodeManager.java:register(273)) - Registered Data node : 43c3a3a3-e4f9-4e82-99c6-0d62df714a4a{ip: 192.168.157.204, host: pr-hdds-1569-cpgw4-1311585219, networkLocation: /default-rack, certSerialId: null}
2019-09-19 10:45:01,425 | INFO  | SCMAudit | user=jenkins1000 | ip=192.168.157.204 | op=REGISTER {datanodeDetails=43c3a3a3-e4f9-4e82-99c6-0d62df714a4a{ip: 192.168.157.204, host: pr-hdds-1569-cpgw4-1311585219, networkLocation: /default-rack, certSerialId: null}} | ret=SUCCESS |  
2019-09-19 10:45:02,056 [main] INFO  ozone.MiniOzoneClusterImpl (MiniOzoneClusterImpl.java:lambda$waitForClusterToBeReady$0(142)) - Waiting for cluster to be ready. Got 2 of 3 DN Heartbeats.
2019-09-19 10:45:02,060 [IPC Server handler 17 on 39801] INFO  net.NetworkTopology (NetworkTopologyImpl.java:add(110)) - Added a new node: /default-rack/d0ded852-0a77-481a-a680-10e5e190379c
2019-09-19 10:45:02,060 [IPC Server handler 17 on 39801] INFO  node.SCMNodeManager (SCMNodeManager.java:register(273)) - Registered Data node : d0ded852-0a77-481a-a680-10e5e190379c{ip: 192.168.157.204, host: pr-hdds-1569-cpgw4-1311585219, networkLocation: /default-rack, certSerialId: null}
2019-09-19 10:45:02,060 | INFO  | SCMAudit | user=jenkins1000 | ip=192.168.157.204 | op=REGISTER {datanodeDetails=d0ded852-0a77-481a-a680-10e5e190379c{ip: 192.168.157.204, host: pr-hdds-1569-cpgw4-1311585219, networkLocation: /default-rack, certSerialId: null}} | ret=SUCCESS |  
2019-09-19 10:45:02,098 [grpc-default-executor-0] INFO  impl.RaftServerProxy (RaftServerProxy.java:addNew(89)) - 6b4db361-80c8-4463-ae57-b9f6d8c1534e: addNew group-639AB20DD71A:[6b4db361-80c8-4463-ae57-b9f6d8c1534e:192.168.157.204:36529] returns group-639AB20DD71A:java.util.concurrent.CompletableFuture@cc17cdf[Not completed]
2019-09-19 10:45:02,114 [pool-27-thread-1] INFO  impl.RaftServerImpl (RaftServerImpl.java:<init>(93)) - 6b4db361-80c8-4463-ae57-b9f6d8c1534e: new RaftServerImpl for group-639AB20DD71A:[6b4db361-80c8-4463-ae57-b9f6d8c1534e:192.168.157.204:36529] with ContainerStateMachine:uninitialized
2019-09-19 10:45:02,117 [pool-27-thread-1] INFO  server.RaftServerConfigKeys (ConfUtils.java:logGet(43)) - raft.server.rpc.timeout.min = 5s (custom)
2019-09-19 10:45:02,118 [pool-27-thread-1] INFO  server.RaftServerConfigKeys (ConfUtils.java:logGet(43)) - raft.server.rpc.timeout.max = 5200ms (custom)
2019-09-19 10:45:02,118 [pool-27-thread-1] INFO  server.RaftServerConfigKeys (ConfUtils.java:logGet(43)) - raft.server.rpcslowness.timeout = 120s (custom)
2019-09-19 10:45:02,119 [pool-27-thread-1] INFO  server.RaftServerConfigKeys (ConfUtils.java:logGet(43)) - raft.server.sleep.deviation.threshold = 300 (default)
2019-09-19 10:45:02,120 [pool-27-thread-1] INFO  server.RaftServerConfigKeys (ConfUtils.java:logGet(43)) - raft.server.log.appender.install.snapshot.enabled = false (custom)
2019-09-19 10:45:02,129 [pool-27-thread-1] INFO  impl.RaftServerImpl (ServerState.java:<init>(105)) - 6b4db361-80c8-4463-ae57-b9f6d8c1534e:group-639AB20DD71A ConfigurationManager, init=-1: [6b4db361-80c8-4463-ae57-b9f6d8c1534e:192.168.157.204:36529], old=null, confs=<EMPTY_MAP>
2019-09-19 10:45:02,129 [pool-27-thread-1] INFO  server.RaftServerConfigKeys (ConfUtils.java:logGet(43)) - raft.server.storage.dir = [/workdir/hadoop-ozone/tools/target/test-dir/MiniOzoneClusterImpl-fb1be2cc-0df5-4edc-832d-164f8289558f/datanode-0/data/ratis] (custom)
2019-09-19 10:45:02,140 [pool-27-thread-1] INFO  storage.RaftStorageDirectory (RaftStorageDirectory.java:analyzeStorage(246)) - The storage directory /workdir/hadoop-ozone/tools/target/test-dir/MiniOzoneClusterImpl-fb1be2cc-0df5-4edc-832d-164f8289558f/datanode-0/data/ratis/0a30a663-a73a-44ed-95ac-639ab20dd71a does not exist. Creating ...
2019-09-19 10:45:02,159 [pool-27-thread-1] INFO  storage.RaftStorageDirectory (RaftStorageDirectory.java:tryLock(328)) - Lock on /workdir/hadoop-ozone/tools/target/test-dir/MiniOzoneClusterImpl-fb1be2cc-0df5-4edc-832d-164f8289558f/datanode-0/data/ratis/0a30a663-a73a-44ed-95ac-639ab20dd71a/in_use.lock acquired by nodename 19289@pr-hdds-1569-cpgw4-1311585219
2019-09-19 10:45:02,175 [pool-27-thread-1] INFO  storage.RaftStorage (RaftStorage.java:format(72)) - Storage directory /workdir/hadoop-ozone/tools/target/test-dir/MiniOzoneClusterImpl-fb1be2cc-0df5-4edc-832d-164f8289558f/datanode-0/data/ratis/0a30a663-a73a-44ed-95ac-639ab20dd71a has been successfully formatted.
2019-09-19 10:45:02,177 [pool-27-thread-1] INFO  ratis.ContainerStateMachine (ContainerStateMachine.java:loadSnapshot(226)) - group-639AB20DD71A: The snapshot info is null. Setting the last applied indexto:(t:0, i:~)
2019-09-19 10:45:02,178 [pool-27-thread-1] INFO  server.RaftServerConfigKeys (ConfUtils.java:logGet(43)) - raft.server.leader.election.timeout = 120s (custom)
2019-09-19 10:45:02,180 [pool-27-thread-1] INFO  server.RaftServerConfigKeys (ConfUtils.java:logGet(43)) - raft.server.log.use.memory = false (default)
2019-09-19 10:45:02,187 [pool-27-thread-1] INFO  server.RaftServerConfigKeys (ConfUtils.java:logGet(43)) - raft.server.log.purge.gap = 1000000 (custom)
2019-09-19 10:45:02,187 [pool-27-thread-1] INFO  server.RaftServerConfigKeys (ConfUtils.java:logGet(43)) - raft.server.log.appender.buffer.byte-limit = 33554432 (custom)
2019-09-19 10:45:02,189 [pool-27-thread-1] INFO  server.RaftServerConfigKeys (ConfUtils.java:logGet(43)) - raft.server.log.segment.size.max = 1048576 (custom)
2019-09-19 10:45:02,195 [pool-27-thread-1] INFO  server.RaftServerConfigKeys (ConfUtils.java:logGet(43)) - raft.server.log.segment.cache.num.max = 2 (custom)
2019-09-19 10:45:02,201 [pool-27-thread-1] INFO  segmented.SegmentedRaftLogWorker (SegmentedRaftLogWorker.java:<init>(172)) - new 6b4db361-80c8-4463-ae57-b9f6d8c1534e-SegmentedRaftLogWorker:Storage Directory /workdir/hadoop-ozone/tools/target/test-dir/MiniOzoneClusterImpl-fb1be2cc-0df5-4edc-832d-164f8289558f/datanode-0/data/ratis/0a30a663-a73a-44ed-95ac-639ab20dd71a for RaftStorage:Storage Directory /workdir/hadoop-ozone/tools/target/test-dir/MiniOzoneClusterImpl-fb1be2cc-0df5-4edc-832d-164f8289558f/datanode-0/data/ratis/0a30a663-a73a-44ed-95ac-639ab20dd71a
2019-09-19 10:45:02,213 [pool-27-thread-1] INFO  server.RaftServerConfigKeys (ConfUtils.java:logGet(43)) - raft.server.log.queue.byte-limit = 2147483647 (custom)
2019-09-19 10:45:02,213 [pool-27-thread-1] INFO  server.RaftServerConfigKeys (ConfUtils.java:logGet(43)) - raft.server.log.queue.element-limit = 1024 (custom)
2019-09-19 10:45:02,218 [pool-27-thread-1] INFO  server.RaftServerConfigKeys (ConfUtils.java:logGet(43)) - raft.server.log.segment.size.max = 1048576 (custom)
2019-09-19 10:45:02,218 [pool-27-thread-1] INFO  server.RaftServerConfigKeys (ConfUtils.java:logGet(43)) - raft.server.log.preallocated.size = 16384 (custom)
2019-09-19 10:45:02,219 [pool-27-thread-1] INFO  server.RaftServerConfigKeys (ConfUtils.java:logGet(43)) - raft.server.log.write.buffer.size = 33554432 (custom)
2019-09-19 10:45:02,219 [pool-27-thread-1] INFO  server.RaftServerConfigKeys (ConfUtils.java:logGet(43)) - raft.server.log.force.sync.num = 128 (default)
2019-09-19 10:45:02,220 [pool-27-thread-1] INFO  server.RaftServerConfigKeys (ConfUtils.java:logGet(43)) - raft.server.log.statemachine.data.sync = true (default)
2019-09-19 10:45:02,220 [pool-27-thread-1] INFO  server.RaftServerConfigKeys (ConfUtils.java:logGet(43)) - raft.server.log.statemachine.data.sync.timeout = 10s (default)
2019-09-19 10:45:02,221 [pool-27-thread-1] INFO  server.RaftServerConfigKeys (ConfUtils.java:logGet(43)) - raft.server.log.statemachine.data.sync.timeout.retry = -1 (default)
2019-09-19 10:45:02,234 [pool-27-thread-1] INFO  server.RaftServerConfigKeys (ConfUtils.java:logGet(43)) - raft.server.log.statemachine.data.caching.enabled = true (custom)
2019-09-19 10:45:02,240 [pool-27-thread-1] INFO  segmented.SegmentedRaftLogWorker (SegmentedRaftLogWorker.java:lambda$new$0(132)) - 6b4db361-80c8-4463-ae57-b9f6d8c1534e-SegmentedRaftLogWorker:Storage Directory /workdir/hadoop-ozone/tools/target/test-dir/MiniOzoneClusterImpl-fb1be2cc-0df5-4edc-832d-164f8289558f/datanode-0/data/ratis/0a30a663-a73a-44ed-95ac-639ab20dd71a: flushIndex: setUnconditionally 0 -> -1
2019-09-19 10:45:02,245 [pool-27-thread-1] INFO  server.RaftServerConfigKeys (ConfUtils.java:logGet(43)) - raft.server.snapshot.auto.trigger.enabled = true (custom)
2019-09-19 10:45:02,247 [pool-27-thread-1] INFO  server.RaftServerConfigKeys (ConfUtils.java:logGet(43)) - raft.server.snapshot.auto.trigger.threshold = 10000 (custom)
2019-09-19 10:45:02,247 [pool-27-thread-1] INFO  server.RaftServerConfigKeys (ConfUtils.java:logGet(43)) - raft.server.retrycache.expirytime = 600000ms (custom)
2019-09-19 10:45:02,272 [pool-27-thread-1] INFO  impl.RaftServerImpl (RaftServerImpl.java:start(180)) - 6b4db361-80c8-4463-ae57-b9f6d8c1534e: start group-639AB20DD71A
2019-09-19 10:45:02,273 [pool-27-thread-1] INFO  impl.RaftServerImpl (RaftServerImpl.java:setRole(171)) - 6b4db361-80c8-4463-ae57-b9f6d8c1534e:group-639AB20DD71A changes role from null to FOLLOWER at term 0 for startAsFollower
2019-09-19 10:45:02,274 [pool-27-thread-1] INFO  impl.RoleInfo (RoleInfo.java:updateAndGet(143)) - 6b4db361-80c8-4463-ae57-b9f6d8c1534e: start FollowerState
2019-09-19 10:45:02,276 [pool-27-thread-1] INFO  util.JmxRegister (JmxRegister.java:tryRegister(44)) - Successfully registered JMX Bean with object name Ratis:service=RaftServer,group=group-639AB20DD71A,id=6b4db361-80c8-4463-ae57-b9f6d8c1534e
2019-09-19 10:45:02,477 [RatisPipelineUtilsThread] INFO  pipeline.PipelineStateManager (PipelineStateManager.java:addPipeline(56)) - Created pipeline Pipeline[ Id: 0a30a663-a73a-44ed-95ac-639ab20dd71a, Nodes: 6b4db361-80c8-4463-ae57-b9f6d8c1534e{ip: 192.168.157.204, host: pr-hdds-1569-cpgw4-1311585219, networkLocation: /default-rack, certSerialId: null}, Type:RATIS, Factor:ONE, State:OPEN]
2019-09-19 10:45:02,498 [grpc-default-executor-0] INFO  impl.RaftServerProxy (RaftServerProxy.java:addNew(89)) - d0ded852-0a77-481a-a680-10e5e190379c: addNew group-4D5F0455B080:[d0ded852-0a77-481a-a680-10e5e190379c:192.168.157.204:45896] returns group-4D5F0455B080:java.util.concurrent.CompletableFuture@661a3589[Not completed]
2019-09-19 10:45:02,521 [pool-49-thread-1] INFO  impl.RaftServerImpl (RaftServerImpl.java:<init>(93)) - d0ded852-0a77-481a-a680-10e5e190379c: new RaftServerImpl for group-4D5F0455B080:[d0ded852-0a77-481a-a680-10e5e190379c:192.168.157.204:45896] with ContainerStateMachine:uninitialized
2019-09-19 10:45:02,523 [pool-49-thread-1] INFO  server.RaftServerConfigKeys (ConfUtils.java:logGet(43)) - raft.server.rpc.timeout.min = 5s (custom)
2019-09-19 10:45:02,523 [pool-49-thread-1] INFO  server.RaftServerConfigKeys (ConfUtils.java:logGet(43)) - raft.server.rpc.timeout.max = 5200ms (custom)
2019-09-19 10:45:02,524 [pool-49-thread-1] INFO  server.RaftServerConfigKeys (ConfUtils.java:logGet(43)) - raft.server.rpcslowness.timeout = 120s (custom)
2019-09-19 10:45:02,524 [pool-49-thread-1] INFO  server.RaftServerConfigKeys (ConfUtils.java:logGet(43)) - raft.server.sleep.deviation.threshold = 300 (default)
2019-09-19 10:45:02,524 [pool-49-thread-1] INFO  server.RaftServerConfigKeys (ConfUtils.java:logGet(43)) - raft.server.log.appender.install.snapshot.enabled = false (custom)
2019-09-19 10:45:02,524 [pool-49-thread-1] INFO  impl.RaftServerImpl (ServerState.java:<init>(105)) - d0ded852-0a77-481a-a680-10e5e190379c:group-4D5F0455B080 ConfigurationManager, init=-1: [d0ded852-0a77-481a-a680-10e5e190379c:192.168.157.204:45896], old=null, confs=<EMPTY_MAP>
2019-09-19 10:45:02,525 [pool-49-thread-1] INFO  server.RaftServerConfigKeys (ConfUtils.java:logGet(43)) - raft.server.storage.dir = [/workdir/hadoop-ozone/tools/target/test-dir/MiniOzoneClusterImpl-fb1be2cc-0df5-4edc-832d-164f8289558f/datanode-2/data/ratis] (custom)
2019-09-19 10:45:02,525 [pool-49-thread-1] INFO  storage.RaftStorageDirectory (RaftStorageDirectory.java:analyzeStorage(246)) - The storage directory /workdir/hadoop-ozone/tools/target/test-dir/MiniOzoneClusterImpl-fb1be2cc-0df5-4edc-832d-164f8289558f/datanode-2/data/ratis/3e358b26-daf6-4a2c-b121-4d5f0455b080 does not exist. Creating ...
2019-09-19 10:45:02,539 [pool-49-thread-1] INFO  storage.RaftStorageDirectory (RaftStorageDirectory.java:tryLock(328)) - Lock on /workdir/hadoop-ozone/tools/target/test-dir/MiniOzoneClusterImpl-fb1be2cc-0df5-4edc-832d-164f8289558f/datanode-2/data/ratis/3e358b26-daf6-4a2c-b121-4d5f0455b080/in_use.lock acquired by nodename 19289@pr-hdds-1569-cpgw4-1311585219
2019-09-19 10:45:02,553 [pool-49-thread-1] INFO  storage.RaftStorage (RaftStorage.java:format(72)) - Storage directory /workdir/hadoop-ozone/tools/target/test-dir/MiniOzoneClusterImpl-fb1be2cc-0df5-4edc-832d-164f8289558f/datanode-2/data/ratis/3e358b26-daf6-4a2c-b121-4d5f0455b080 has been successfully formatted.
2019-09-19 10:45:02,554 [pool-49-thread-1] INFO  ratis.ContainerStateMachine (ContainerStateMachine.java:loadSnapshot(226)) - group-4D5F0455B080: The snapshot info is null. Setting the last applied indexto:(t:0, i:~)
2019-09-19 10:45:02,554 [pool-49-thread-1] INFO  server.RaftServerConfigKeys (ConfUtils.java:logGet(43)) - raft.server.leader.election.timeout = 120s (custom)
2019-09-19 10:45:02,554 [pool-49-thread-1] INFO  server.RaftServerConfigKeys (ConfUtils.java:logGet(43)) - raft.server.log.use.memory = false (default)
2019-09-19 10:45:02,555 [pool-49-thread-1] INFO  server.RaftServerConfigKeys (ConfUtils.java:logGet(43)) - raft.server.log.purge.gap = 1000000 (custom)
2019-09-19 10:45:02,555 [pool-49-thread-1] INFO  server.RaftServerConfigKeys (ConfUtils.java:logGet(43)) - raft.server.log.appender.buffer.byte-limit = 33554432 (custom)
2019-09-19 10:45:02,555 [pool-49-thread-1] INFO  server.RaftServerConfigKeys (ConfUtils.java:logGet(43)) - raft.server.log.segment.size.max = 1048576 (custom)
2019-09-19 10:45:02,555 [pool-49-thread-1] INFO  server.RaftServerConfigKeys (ConfUtils.java:logGet(43)) - raft.server.log.segment.cache.num.max = 2 (custom)
2019-09-19 10:45:02,555 [pool-49-thread-1] INFO  segmented.SegmentedRaftLogWorker (SegmentedRaftLogWorker.java:<init>(172)) - new d0ded852-0a77-481a-a680-10e5e190379c-SegmentedRaftLogWorker:Storage Directory /workdir/hadoop-ozone/tools/target/test-dir/MiniOzoneClusterImpl-fb1be2cc-0df5-4edc-832d-164f8289558f/datanode-2/data/ratis/3e358b26-daf6-4a2c-b121-4d5f0455b080 for RaftStorage:Storage Directory /workdir/hadoop-ozone/tools/target/test-dir/MiniOzoneClusterImpl-fb1be2cc-0df5-4edc-832d-164f8289558f/datanode-2/data/ratis/3e358b26-daf6-4a2c-b121-4d5f0455b080
2019-09-19 10:45:02,556 [pool-49-thread-1] INFO  server.RaftServerConfigKeys (ConfUtils.java:logGet(43)) - raft.server.log.queue.byte-limit = 2147483647 (custom)
2019-09-19 10:45:02,556 [pool-49-thread-1] INFO  server.RaftServerConfigKeys (ConfUtils.java:logGet(43)) - raft.server.log.queue.element-limit = 1024 (custom)
2019-09-19 10:45:02,556 [pool-49-thread-1] INFO  server.RaftServerConfigKeys (ConfUtils.java:logGet(43)) - raft.server.log.segment.size.max = 1048576 (custom)
2019-09-19 10:45:02,557 [pool-49-thread-1] INFO  server.RaftServerConfigKeys (ConfUtils.java:logGet(43)) - raft.server.log.preallocated.size = 16384 (custom)
2019-09-19 10:45:02,557 [pool-49-thread-1] INFO  server.RaftServerConfigKeys (ConfUtils.java:logGet(43)) - raft.server.log.write.buffer.size = 33554432 (custom)
2019-09-19 10:45:02,557 [pool-49-thread-1] INFO  server.RaftServerConfigKeys (ConfUtils.java:logGet(43)) - raft.server.log.force.sync.num = 128 (default)
2019-09-19 10:45:02,557 [pool-49-thread-1] INFO  server.RaftServerConfigKeys (ConfUtils.java:logGet(43)) - raft.server.log.statemachine.data.sync = true (default)
2019-09-19 10:45:02,557 [pool-49-thread-1] INFO  server.RaftServerConfigKeys (ConfUtils.java:logGet(43)) - raft.server.log.statemachine.data.sync.timeout = 10s (default)
2019-09-19 10:45:02,557 [pool-49-thread-1] INFO  server.RaftServerConfigKeys (ConfUtils.java:logGet(43)) - raft.server.log.statemachine.data.sync.timeout.retry = -1 (default)
2019-09-19 10:45:02,558 [pool-49-thread-1] INFO  server.RaftServerConfigKeys (ConfUtils.java:logGet(43)) - raft.server.log.statemachine.data.caching.enabled = true (custom)
2019-09-19 10:45:02,558 [pool-49-thread-1] INFO  segmented.SegmentedRaftLogWorker (SegmentedRaftLogWorker.java:lambda$new$0(132)) - d0ded852-0a77-481a-a680-10e5e190379c-SegmentedRaftLogWorker:Storage Directory /workdir/hadoop-ozone/tools/target/test-dir/MiniOzoneClusterImpl-fb1be2cc-0df5-4edc-832d-164f8289558f/datanode-2/data/ratis/3e358b26-daf6-4a2c-b121-4d5f0455b080: flushIndex: setUnconditionally 0 -> -1
2019-09-19 10:45:02,558 [pool-49-thread-1] INFO  server.RaftServerConfigKeys (ConfUtils.java:logGet(43)) - raft.server.snapshot.auto.trigger.enabled = true (custom)
2019-09-19 10:45:02,558 [pool-49-thread-1] INFO  server.RaftServerConfigKeys (ConfUtils.java:logGet(43)) - raft.server.snapshot.auto.trigger.threshold = 10000 (custom)
2019-09-19 10:45:02,559 [pool-49-thread-1] INFO  server.RaftServerConfigKeys (ConfUtils.java:logGet(43)) - raft.server.retrycache.expirytime = 600000ms (custom)
2019-09-19 10:45:02,559 [pool-49-thread-1] INFO  impl.RaftServerImpl (RaftServerImpl.java:start(180)) - d0ded852-0a77-481a-a680-10e5e190379c: start group-4D5F0455B080
2019-09-19 10:45:02,559 [pool-49-thread-1] INFO  impl.RaftServerImpl (RaftServerImpl.java:setRole(171)) - d0ded852-0a77-481a-a680-10e5e190379c:group-4D5F0455B080 changes role from null to FOLLOWER at term 0 for startAsFollower
2019-09-19 10:45:02,559 [pool-49-thread-1] INFO  impl.RoleInfo (RoleInfo.java:updateAndGet(143)) - d0ded852-0a77-481a-a680-10e5e190379c: start FollowerState
2019-09-19 10:45:02,560 [pool-49-thread-1] INFO  util.JmxRegister (JmxRegister.java:tryRegister(44)) - Successfully registered JMX Bean with object name Ratis:service=RaftServer,group=group-4D5F0455B080,id=d0ded852-0a77-481a-a680-10e5e190379c
2019-09-19 10:45:02,569 [RatisPipelineUtilsThread] INFO  pipeline.PipelineStateManager (PipelineStateManager.java:addPipeline(56)) - Created pipeline Pipeline[ Id: 3e358b26-daf6-4a2c-b121-4d5f0455b080, Nodes: d0ded852-0a77-481a-a680-10e5e190379c{ip: 192.168.157.204, host: pr-hdds-1569-cpgw4-1311585219, networkLocation: /default-rack, certSerialId: null}, Type:RATIS, Factor:ONE, State:OPEN]
2019-09-19 10:45:02,582 [grpc-default-executor-0] INFO  impl.RaftServerProxy (RaftServerProxy.java:addNew(89)) - d0ded852-0a77-481a-a680-10e5e190379c: addNew group-DC1B5C06C9F0:[d0ded852-0a77-481a-a680-10e5e190379c:192.168.157.204:45896] returns group-DC1B5C06C9F0:java.util.concurrent.CompletableFuture@3a6827e3[Not completed]
2019-09-19 10:45:02,584 [pool-49-thread-1] INFO  impl.RaftServerImpl (RaftServerImpl.java:<init>(93)) - d0ded852-0a77-481a-a680-10e5e190379c: new RaftServerImpl for group-DC1B5C06C9F0:[d0ded852-0a77-481a-a680-10e5e190379c:192.168.157.204:45896] with ContainerStateMachine:uninitialized
2019-09-19 10:45:02,584 [pool-49-thread-1] INFO  server.RaftServerConfigKeys (ConfUtils.java:logGet(43)) - raft.server.rpc.timeout.min = 5s (custom)
2019-09-19 10:45:02,584 [pool-49-thread-1] INFO  server.RaftServerConfigKeys (ConfUtils.java:logGet(43)) - raft.server.rpc.timeout.max = 5200ms (custom)
2019-09-19 10:45:02,585 [pool-49-thread-1] INFO  server.RaftServerConfigKeys (ConfUtils.java:logGet(43)) - raft.server.rpcslowness.timeout = 120s (custom)
2019-09-19 10:45:02,585 [pool-49-thread-1] INFO  server.RaftServerConfigKeys (ConfUtils.java:logGet(43)) - raft.server.sleep.deviation.threshold = 300 (default)
2019-09-19 10:45:02,585 [pool-49-thread-1] INFO  server.RaftServerConfigKeys (ConfUtils.java:logGet(43)) - raft.server.log.appender.install.snapshot.enabled = false (custom)
2019-09-19 10:45:02,585 [pool-49-thread-1] INFO  impl.RaftServerImpl (ServerState.java:<init>(105)) - d0ded852-0a77-481a-a680-10e5e190379c:group-DC1B5C06C9F0 ConfigurationManager, init=-1: [d0ded852-0a77-481a-a680-10e5e190379c:192.168.157.204:45896], old=null, confs=<EMPTY_MAP>
2019-09-19 10:45:02,585 [pool-49-thread-1] INFO  server.RaftServerConfigKeys (ConfUtils.java:logGet(43)) - raft.server.storage.dir = [/workdir/hadoop-ozone/tools/target/test-dir/MiniOzoneClusterImpl-fb1be2cc-0df5-4edc-832d-164f8289558f/datanode-2/data/ratis] (custom)
2019-09-19 10:45:02,586 [pool-49-thread-1] INFO  storage.RaftStorageDirectory (RaftStorageDirectory.java:analyzeStorage(246)) - The storage directory /workdir/hadoop-ozone/tools/target/test-dir/MiniOzoneClusterImpl-fb1be2cc-0df5-4edc-832d-164f8289558f/datanode-2/data/ratis/e4ae5ec0-0785-4ec9-b416-dc1b5c06c9f0 does not exist. Creating ...
2019-09-19 10:45:02,619 [pool-49-thread-1] INFO  storage.RaftStorageDirectory (RaftStorageDirectory.java:tryLock(328)) - Lock on /workdir/hadoop-ozone/tools/target/test-dir/MiniOzoneClusterImpl-fb1be2cc-0df5-4edc-832d-164f8289558f/datanode-2/data/ratis/e4ae5ec0-0785-4ec9-b416-dc1b5c06c9f0/in_use.lock acquired by nodename 19289@pr-hdds-1569-cpgw4-1311585219
2019-09-19 10:45:02,633 [pool-49-thread-1] INFO  storage.RaftStorage (RaftStorage.java:format(72)) - Storage directory /workdir/hadoop-ozone/tools/target/test-dir/MiniOzoneClusterImpl-fb1be2cc-0df5-4edc-832d-164f8289558f/datanode-2/data/ratis/e4ae5ec0-0785-4ec9-b416-dc1b5c06c9f0 has been successfully formatted.
2019-09-19 10:45:02,633 [pool-49-thread-1] INFO  ratis.ContainerStateMachine (ContainerStateMachine.java:loadSnapshot(226)) - group-DC1B5C06C9F0: The snapshot info is null. Setting the last applied indexto:(t:0, i:~)
2019-09-19 10:45:02,633 [pool-49-thread-1] INFO  server.RaftServerConfigKeys (ConfUtils.java:logGet(43)) - raft.server.leader.election.timeout = 120s (custom)
2019-09-19 10:45:02,633 [pool-49-thread-1] INFO  server.RaftServerConfigKeys (ConfUtils.java:logGet(43)) - raft.server.log.use.memory = false (default)
2019-09-19 10:45:02,633 [pool-49-thread-1] INFO  server.RaftServerConfigKeys (ConfUtils.java:logGet(43)) - raft.server.log.purge.gap = 1000000 (custom)
2019-09-19 10:45:02,634 [pool-49-thread-1] INFO  server.RaftServerConfigKeys (ConfUtils.java:logGet(43)) - raft.server.log.appender.buffer.byte-limit = 33554432 (custom)
2019-09-19 10:45:02,634 [pool-49-thread-1] INFO  server.RaftServerConfigKeys (ConfUtils.java:logGet(43)) - raft.server.log.segment.size.max = 1048576 (custom)
2019-09-19 10:45:02,634 [pool-49-thread-1] INFO  server.RaftServerConfigKeys (ConfUtils.java:logGet(43)) - raft.server.log.segment.cache.num.max = 2 (custom)
2019-09-19 10:45:02,634 [pool-49-thread-1] INFO  segmented.SegmentedRaftLogWorker (SegmentedRaftLogWorker.java:<init>(172)) - new d0ded852-0a77-481a-a680-10e5e190379c-SegmentedRaftLogWorker:Storage Directory /workdir/hadoop-ozone/tools/target/test-dir/MiniOzoneClusterImpl-fb1be2cc-0df5-4edc-832d-164f8289558f/datanode-2/data/ratis/e4ae5ec0-0785-4ec9-b416-dc1b5c06c9f0 for RaftStorage:Storage Directory /workdir/hadoop-ozone/tools/target/test-dir/MiniOzoneClusterImpl-fb1be2cc-0df5-4edc-832d-164f8289558f/datanode-2/data/ratis/e4ae5ec0-0785-4ec9-b416-dc1b5c06c9f0
2019-09-19 10:45:02,634 [pool-49-thread-1] INFO  server.RaftServerConfigKeys (ConfUtils.java:logGet(43)) - raft.server.log.queue.byte-limit = 2147483647 (custom)
2019-09-19 10:45:02,634 [pool-49-thread-1] INFO  server.RaftServerConfigKeys (ConfUtils.java:logGet(43)) - raft.server.log.queue.element-limit = 1024 (custom)
2019-09-19 10:45:02,634 [pool-49-thread-1] INFO  server.RaftServerConfigKeys (ConfUtils.java:logGet(43)) - raft.server.log.segment.size.max = 1048576 (custom)
2019-09-19 10:45:02,635 [pool-49-thread-1] INFO  server.RaftServerConfigKeys (ConfUtils.java:logGet(43)) - raft.server.log.preallocated.size = 16384 (custom)
2019-09-19 10:45:02,635 [pool-49-thread-1] INFO  server.RaftServerConfigKeys (ConfUtils.java:logGet(43)) - raft.server.log.write.buffer.size = 33554432 (custom)
2019-09-19 10:45:02,635 [pool-49-thread-1] INFO  server.RaftServerConfigKeys (ConfUtils.java:logGet(43)) - raft.server.log.force.sync.num = 128 (default)
2019-09-19 10:45:02,635 [pool-49-thread-1] INFO  server.RaftServerConfigKeys (ConfUtils.java:logGet(43)) - raft.server.log.statemachine.data.sync = true (default)
2019-09-19 10:45:02,635 [pool-49-thread-1] INFO  server.RaftServerConfigKeys (ConfUtils.java:logGet(43)) - raft.server.log.statemachine.data.sync.timeout = 10s (default)
2019-09-19 10:45:02,635 [pool-49-thread-1] INFO  server.RaftServerConfigKeys (ConfUtils.java:logGet(43)) - raft.server.log.statemachine.data.sync.timeout.retry = -1 (default)
2019-09-19 10:45:02,635 [pool-49-thread-1] INFO  server.RaftServerConfigKeys (ConfUtils.java:logGet(43)) - raft.server.log.statemachine.data.caching.enabled = true (custom)
2019-09-19 10:45:02,636 [pool-49-thread-1] INFO  segmented.SegmentedRaftLogWorker (SegmentedRaftLogWorker.java:lambda$new$0(132)) - d0ded852-0a77-481a-a680-10e5e190379c-SegmentedRaftLogWorker:Storage Directory /workdir/hadoop-ozone/tools/target/test-dir/MiniOzoneClusterImpl-fb1be2cc-0df5-4edc-832d-164f8289558f/datanode-2/data/ratis/e4ae5ec0-0785-4ec9-b416-dc1b5c06c9f0: flushIndex: setUnconditionally 0 -> -1
2019-09-19 10:45:02,636 [pool-49-thread-1] INFO  server.RaftServerConfigKeys (ConfUtils.java:logGet(43)) - raft.server.snapshot.auto.trigger.enabled = true (custom)
2019-09-19 10:45:02,636 [pool-49-thread-1] INFO  server.RaftServerConfigKeys (ConfUtils.java:logGet(43)) - raft.server.snapshot.auto.trigger.threshold = 10000 (custom)
2019-09-19 10:45:02,637 [pool-49-thread-1] INFO  server.RaftServerConfigKeys (ConfUtils.java:logGet(43)) - raft.server.retrycache.expirytime = 600000ms (custom)
2019-09-19 10:45:02,637 [pool-49-thread-1] INFO  impl.RaftServerImpl (RaftServerImpl.java:start(180)) - d0ded852-0a77-481a-a680-10e5e190379c: start group-DC1B5C06C9F0
2019-09-19 10:45:02,637 [pool-49-thread-1] INFO  impl.RaftServerImpl (RaftServerImpl.java:setRole(171)) - d0ded852-0a77-481a-a680-10e5e190379c:group-DC1B5C06C9F0 changes role from null to FOLLOWER at term 0 for startAsFollower
2019-09-19 10:45:02,637 [pool-49-thread-1] INFO  impl.RoleInfo (RoleInfo.java:updateAndGet(143)) - d0ded852-0a77-481a-a680-10e5e190379c: start FollowerState
2019-09-19 10:45:02,637 [pool-49-thread-1] INFO  util.JmxRegister (JmxRegister.java:tryRegister(44)) - Successfully registered JMX Bean with object name Ratis:service=RaftServer,group=group-DC1B5C06C9F0,id=d0ded852-0a77-481a-a680-10e5e190379c
2019-09-19 10:45:02,647 [RatisPipelineUtilsThread] INFO  pipeline.PipelineStateManager (PipelineStateManager.java:addPipeline(56)) - Created pipeline Pipeline[ Id: e4ae5ec0-0785-4ec9-b416-dc1b5c06c9f0, Nodes: d0ded852-0a77-481a-a680-10e5e190379c{ip: 192.168.157.204, host: pr-hdds-1569-cpgw4-1311585219, networkLocation: /default-rack, certSerialId: null}, Type:RATIS, Factor:ONE, State:OPEN]
2019-09-19 10:45:02,661 [grpc-default-executor-0] INFO  impl.RaftServerProxy (RaftServerProxy.java:addNew(89)) - 6b4db361-80c8-4463-ae57-b9f6d8c1534e: addNew group-F5B9B6B91987:[6b4db361-80c8-4463-ae57-b9f6d8c1534e:192.168.157.204:36529] returns group-F5B9B6B91987:java.util.concurrent.CompletableFuture@1c70e6a4[Not completed]
2019-09-19 10:45:02,668 [pool-27-thread-1] INFO  impl.RaftServerImpl (RaftServerImpl.java:<init>(93)) - 6b4db361-80c8-4463-ae57-b9f6d8c1534e: new RaftServerImpl for group-F5B9B6B91987:[6b4db361-80c8-4463-ae57-b9f6d8c1534e:192.168.157.204:36529] with ContainerStateMachine:uninitialized
2019-09-19 10:45:02,668 [pool-27-thread-1] INFO  server.RaftServerConfigKeys (ConfUtils.java:logGet(43)) - raft.server.rpc.timeout.min = 5s (custom)
2019-09-19 10:45:02,669 [pool-27-thread-1] INFO  server.RaftServerConfigKeys (ConfUtils.java:logGet(43)) - raft.server.rpc.timeout.max = 5200ms (custom)
2019-09-19 10:45:02,669 [pool-27-thread-1] INFO  server.RaftServerConfigKeys (ConfUtils.java:logGet(43)) - raft.server.rpcslowness.timeout = 120s (custom)
2019-09-19 10:45:02,669 [pool-27-thread-1] INFO  server.RaftServerConfigKeys (ConfUtils.java:logGet(43)) - raft.server.sleep.deviation.threshold = 300 (default)
2019-09-19 10:45:02,669 [pool-27-thread-1] INFO  server.RaftServerConfigKeys (ConfUtils.java:logGet(43)) - raft.server.log.appender.install.snapshot.enabled = false (custom)
2019-09-19 10:45:02,669 [pool-27-thread-1] INFO  impl.RaftServerImpl (ServerState.java:<init>(105)) - 6b4db361-80c8-4463-ae57-b9f6d8c1534e:group-F5B9B6B91987 ConfigurationManager, init=-1: [6b4db361-80c8-4463-ae57-b9f6d8c1534e:192.168.157.204:36529], old=null, confs=<EMPTY_MAP>
2019-09-19 10:45:02,669 [pool-27-thread-1] INFO  server.RaftServerConfigKeys (ConfUtils.java:logGet(43)) - raft.server.storage.dir = [/workdir/hadoop-ozone/tools/target/test-dir/MiniOzoneClusterImpl-fb1be2cc-0df5-4edc-832d-164f8289558f/datanode-0/data/ratis] (custom)
2019-09-19 10:45:02,670 [pool-27-thread-1] INFO  storage.RaftStorageDirectory (RaftStorageDirectory.java:analyzeStorage(246)) - The storage directory /workdir/hadoop-ozone/tools/target/test-dir/MiniOzoneClusterImpl-fb1be2cc-0df5-4edc-832d-164f8289558f/datanode-0/data/ratis/8af85b28-b2f6-4724-a037-f5b9b6b91987 does not exist. Creating ...
2019-09-19 10:45:02,683 [pool-27-thread-1] INFO  storage.RaftStorageDirectory (RaftStorageDirectory.java:tryLock(328)) - Lock on /workdir/hadoop-ozone/tools/target/test-dir/MiniOzoneClusterImpl-fb1be2cc-0df5-4edc-832d-164f8289558f/datanode-0/data/ratis/8af85b28-b2f6-4724-a037-f5b9b6b91987/in_use.lock acquired by nodename 19289@pr-hdds-1569-cpgw4-1311585219
2019-09-19 10:45:02,696 [pool-27-thread-1] INFO  storage.RaftStorage (RaftStorage.java:format(72)) - Storage directory /workdir/hadoop-ozone/tools/target/test-dir/MiniOzoneClusterImpl-fb1be2cc-0df5-4edc-832d-164f8289558f/datanode-0/data/ratis/8af85b28-b2f6-4724-a037-f5b9b6b91987 has been successfully formatted.
2019-09-19 10:45:02,696 [pool-27-thread-1] INFO  ratis.ContainerStateMachine (ContainerStateMachine.java:loadSnapshot(226)) - group-F5B9B6B91987: The snapshot info is null. Setting the last applied indexto:(t:0, i:~)
2019-09-19 10:45:02,696 [pool-27-thread-1] INFO  server.RaftServerConfigKeys (ConfUtils.java:logGet(43)) - raft.server.leader.election.timeout = 120s (custom)
2019-09-19 10:45:02,696 [pool-27-thread-1] INFO  server.RaftServerConfigKeys (ConfUtils.java:logGet(43)) - raft.server.log.use.memory = false (default)
2019-09-19 10:45:02,696 [pool-27-thread-1] INFO  server.RaftServerConfigKeys (ConfUtils.java:logGet(43)) - raft.server.log.purge.gap = 1000000 (custom)
2019-09-19 10:45:02,696 [pool-27-thread-1] INFO  server.RaftServerConfigKeys (ConfUtils.java:logGet(43)) - raft.server.log.appender.buffer.byte-limit = 33554432 (custom)
2019-09-19 10:45:02,697 [pool-27-thread-1] INFO  server.RaftServerConfigKeys (ConfUtils.java:logGet(43)) - raft.server.log.segment.size.max = 1048576 (custom)
2019-09-19 10:45:02,697 [pool-27-thread-1] INFO  server.RaftServerConfigKeys (ConfUtils.java:logGet(43)) - raft.server.log.segment.cache.num.max = 2 (custom)
2019-09-19 10:45:02,697 [pool-27-thread-1] INFO  segmented.SegmentedRaftLogWorker (SegmentedRaftLogWorker.java:<init>(172)) - new 6b4db361-80c8-4463-ae57-b9f6d8c1534e-SegmentedRaftLogWorker:Storage Directory /workdir/hadoop-ozone/tools/target/test-dir/MiniOzoneClusterImpl-fb1be2cc-0df5-4edc-832d-164f8289558f/datanode-0/data/ratis/8af85b28-b2f6-4724-a037-f5b9b6b91987 for RaftStorage:Storage Directory /workdir/hadoop-ozone/tools/target/test-dir/MiniOzoneClusterImpl-fb1be2cc-0df5-4edc-832d-164f8289558f/datanode-0/data/ratis/8af85b28-b2f6-4724-a037-f5b9b6b91987
2019-09-19 10:45:02,697 [pool-27-thread-1] INFO  server.RaftServerConfigKeys (ConfUtils.java:logGet(43)) - raft.server.log.queue.byte-limit = 2147483647 (custom)
2019-09-19 10:45:02,697 [pool-27-thread-1] INFO  server.RaftServerConfigKeys (ConfUtils.java:logGet(43)) - raft.server.log.queue.element-limit = 1024 (custom)
2019-09-19 10:45:02,697 [pool-27-thread-1] INFO  server.RaftServerConfigKeys (ConfUtils.java:logGet(43)) - raft.server.log.segment.size.max = 1048576 (custom)
2019-09-19 10:45:02,697 [pool-27-thread-1] INFO  server.RaftServerConfigKeys (ConfUtils.java:logGet(43)) - raft.server.log.preallocated.size = 16384 (custom)
2019-09-19 10:45:02,697 [pool-27-thread-1] INFO  server.RaftServerConfigKeys (ConfUtils.java:logGet(43)) - raft.server.log.write.buffer.size = 33554432 (custom)
2019-09-19 10:45:02,698 [pool-27-thread-1] INFO  server.RaftServerConfigKeys (ConfUtils.java:logGet(43)) - raft.server.log.force.sync.num = 128 (default)
2019-09-19 10:45:02,698 [pool-27-thread-1] INFO  server.RaftServerConfigKeys (ConfUtils.java:logGet(43)) - raft.server.log.statemachine.data.sync = true (default)
2019-09-19 10:45:02,698 [pool-27-thread-1] INFO  server.RaftServerConfigKeys (ConfUtils.java:logGet(43)) - raft.server.log.statemachine.data.sync.timeout = 10s (default)
2019-09-19 10:45:02,698 [pool-27-thread-1] INFO  server.RaftServerConfigKeys (ConfUtils.java:logGet(43)) - raft.server.log.statemachine.data.sync.timeout.retry = -1 (default)
2019-09-19 10:45:02,698 [pool-27-thread-1] INFO  server.RaftServerConfigKeys (ConfUtils.java:logGet(43)) - raft.server.log.statemachine.data.caching.enabled = true (custom)
2019-09-19 10:45:02,698 [pool-27-thread-1] INFO  segmented.SegmentedRaftLogWorker (SegmentedRaftLogWorker.java:lambda$new$0(132)) - 6b4db361-80c8-4463-ae57-b9f6d8c1534e-SegmentedRaftLogWorker:Storage Directory /workdir/hadoop-ozone/tools/target/test-dir/MiniOzoneClusterImpl-fb1be2cc-0df5-4edc-832d-164f8289558f/datanode-0/data/ratis/8af85b28-b2f6-4724-a037-f5b9b6b91987: flushIndex: setUnconditionally 0 -> -1
2019-09-19 10:45:02,699 [pool-27-thread-1] INFO  server.RaftServerConfigKeys (ConfUtils.java:logGet(43)) - raft.server.snapshot.auto.trigger.enabled = true (custom)
2019-09-19 10:45:02,699 [pool-27-thread-1] INFO  server.RaftServerConfigKeys (ConfUtils.java:logGet(43)) - raft.server.snapshot.auto.trigger.threshold = 10000 (custom)
2019-09-19 10:45:02,699 [pool-27-thread-1] INFO  server.RaftServerConfigKeys (ConfUtils.java:logGet(43)) - raft.server.retrycache.expirytime = 600000ms (custom)
2019-09-19 10:45:02,699 [pool-27-thread-1] INFO  impl.RaftServerImpl (RaftServerImpl.java:start(180)) - 6b4db361-80c8-4463-ae57-b9f6d8c1534e: start group-F5B9B6B91987
2019-09-19 10:45:02,699 [pool-27-thread-1] INFO  impl.RaftServerImpl (RaftServerImpl.java:setRole(171)) - 6b4db361-80c8-4463-ae57-b9f6d8c1534e:group-F5B9B6B91987 changes role from null to FOLLOWER at term 0 for startAsFollower
2019-09-19 10:45:02,699 [pool-27-thread-1] INFO  impl.RoleInfo (RoleInfo.java:updateAndGet(143)) - 6b4db361-80c8-4463-ae57-b9f6d8c1534e: start FollowerState
2019-09-19 10:45:02,700 [pool-27-thread-1] INFO  util.JmxRegister (JmxRegister.java:tryRegister(44)) - Successfully registered JMX Bean with object name Ratis:service=RaftServer,group=group-F5B9B6B91987,id=6b4db361-80c8-4463-ae57-b9f6d8c1534e
2019-09-19 10:45:02,707 [RatisPipelineUtilsThread] INFO  pipeline.PipelineStateManager (PipelineStateManager.java:addPipeline(56)) - Created pipeline Pipeline[ Id: 8af85b28-b2f6-4724-a037-f5b9b6b91987, Nodes: 6b4db361-80c8-4463-ae57-b9f6d8c1534e{ip: 192.168.157.204, host: pr-hdds-1569-cpgw4-1311585219, networkLocation: /default-rack, certSerialId: null}, Type:RATIS, Factor:ONE, State:OPEN]
2019-09-19 10:45:02,721 [grpc-default-executor-0] INFO  impl.RaftServerProxy (RaftServerProxy.java:addNew(89)) - 43c3a3a3-e4f9-4e82-99c6-0d62df714a4a: addNew group-77DBA19F5E8E:[43c3a3a3-e4f9-4e82-99c6-0d62df714a4a:192.168.157.204:35746] returns group-77DBA19F5E8E:java.util.concurrent.CompletableFuture@374a6b62[Not completed]
2019-09-19 10:45:02,723 [pool-38-thread-1] INFO  impl.RaftServerImpl (RaftServerImpl.java:<init>(93)) - 43c3a3a3-e4f9-4e82-99c6-0d62df714a4a: new RaftServerImpl for group-77DBA19F5E8E:[43c3a3a3-e4f9-4e82-99c6-0d62df714a4a:192.168.157.204:35746] with ContainerStateMachine:uninitialized
2019-09-19 10:45:02,723 [pool-38-thread-1] INFO  server.RaftServerConfigKeys (ConfUtils.java:logGet(43)) - raft.server.rpc.timeout.min = 5s (custom)
2019-09-19 10:45:02,723 [pool-38-thread-1] INFO  server.RaftServerConfigKeys (ConfUtils.java:logGet(43)) - raft.server.rpc.timeout.max = 5200ms (custom)
2019-09-19 10:45:02,724 [pool-38-thread-1] INFO  server.RaftServerConfigKeys (ConfUtils.java:logGet(43)) - raft.server.rpcslowness.timeout = 120s (custom)
2019-09-19 10:45:02,724 [pool-38-thread-1] INFO  server.RaftServerConfigKeys (ConfUtils.java:logGet(43)) - raft.server.sleep.deviation.threshold = 300 (default)
2019-09-19 10:45:02,724 [pool-38-thread-1] INFO  server.RaftServerConfigKeys (ConfUtils.java:logGet(43)) - raft.server.log.appender.install.snapshot.enabled = false (custom)
2019-09-19 10:45:02,724 [pool-38-thread-1] INFO  impl.RaftServerImpl (ServerState.java:<init>(105)) - 43c3a3a3-e4f9-4e82-99c6-0d62df714a4a:group-77DBA19F5E8E ConfigurationManager, init=-1: [43c3a3a3-e4f9-4e82-99c6-0d62df714a4a:192.168.157.204:35746], old=null, confs=<EMPTY_MAP>
2019-09-19 10:45:02,725 [pool-38-thread-1] INFO  server.RaftServerConfigKeys (ConfUtils.java:logGet(43)) - raft.server.storage.dir = [/workdir/hadoop-ozone/tools/target/test-dir/MiniOzoneClusterImpl-fb1be2cc-0df5-4edc-832d-164f8289558f/datanode-1/data/ratis] (custom)
2019-09-19 10:45:02,725 [pool-38-thread-1] INFO  storage.RaftStorageDirectory (RaftStorageDirectory.java:analyzeStorage(246)) - The storage directory /workdir/hadoop-ozone/tools/target/test-dir/MiniOzoneClusterImpl-fb1be2cc-0df5-4edc-832d-164f8289558f/datanode-1/data/ratis/0ee38089-17e9-4c70-9423-77dba19f5e8e does not exist. Creating ...
2019-09-19 10:45:02,738 [pool-38-thread-1] INFO  storage.RaftStorageDirectory (RaftStorageDirectory.java:tryLock(328)) - Lock on /workdir/hadoop-ozone/tools/target/test-dir/MiniOzoneClusterImpl-fb1be2cc-0df5-4edc-832d-164f8289558f/datanode-1/data/ratis/0ee38089-17e9-4c70-9423-77dba19f5e8e/in_use.lock acquired by nodename 19289@pr-hdds-1569-cpgw4-1311585219
2019-09-19 10:45:02,751 [pool-38-thread-1] INFO  storage.RaftStorage (RaftStorage.java:format(72)) - Storage directory /workdir/hadoop-ozone/tools/target/test-dir/MiniOzoneClusterImpl-fb1be2cc-0df5-4edc-832d-164f8289558f/datanode-1/data/ratis/0ee38089-17e9-4c70-9423-77dba19f5e8e has been successfully formatted.
2019-09-19 10:45:02,751 [pool-38-thread-1] INFO  ratis.ContainerStateMachine (ContainerStateMachine.java:loadSnapshot(226)) - group-77DBA19F5E8E: The snapshot info is null. Setting the last applied indexto:(t:0, i:~)
2019-09-19 10:45:02,751 [pool-38-thread-1] INFO  server.RaftServerConfigKeys (ConfUtils.java:logGet(43)) - raft.server.leader.election.timeout = 120s (custom)
2019-09-19 10:45:02,751 [pool-38-thread-1] INFO  server.RaftServerConfigKeys (ConfUtils.java:logGet(43)) - raft.server.log.use.memory = false (default)
2019-09-19 10:45:02,751 [pool-38-thread-1] INFO  server.RaftServerConfigKeys (ConfUtils.java:logGet(43)) - raft.server.log.purge.gap = 1000000 (custom)
2019-09-19 10:45:02,751 [pool-38-thread-1] INFO  server.RaftServerConfigKeys (ConfUtils.java:logGet(43)) - raft.server.log.appender.buffer.byte-limit = 33554432 (custom)
2019-09-19 10:45:02,752 [pool-38-thread-1] INFO  server.RaftServerConfigKeys (ConfUtils.java:logGet(43)) - raft.server.log.segment.size.max = 1048576 (custom)
2019-09-19 10:45:02,752 [pool-38-thread-1] INFO  server.RaftServerConfigKeys (ConfUtils.java:logGet(43)) - raft.server.log.segment.cache.num.max = 2 (custom)
2019-09-19 10:45:02,752 [pool-38-thread-1] INFO  segmented.SegmentedRaftLogWorker (SegmentedRaftLogWorker.java:<init>(172)) - new 43c3a3a3-e4f9-4e82-99c6-0d62df714a4a-SegmentedRaftLogWorker:Storage Directory /workdir/hadoop-ozone/tools/target/test-dir/MiniOzoneClusterImpl-fb1be2cc-0df5-4edc-832d-164f8289558f/datanode-1/data/ratis/0ee38089-17e9-4c70-9423-77dba19f5e8e for RaftStorage:Storage Directory /workdir/hadoop-ozone/tools/target/test-dir/MiniOzoneClusterImpl-fb1be2cc-0df5-4edc-832d-164f8289558f/datanode-1/data/ratis/0ee38089-17e9-4c70-9423-77dba19f5e8e
2019-09-19 10:45:02,752 [pool-38-thread-1] INFO  server.RaftServerConfigKeys (ConfUtils.java:logGet(43)) - raft.server.log.queue.byte-limit = 2147483647 (custom)
2019-09-19 10:45:02,752 [pool-38-thread-1] INFO  server.RaftServerConfigKeys (ConfUtils.java:logGet(43)) - raft.server.log.queue.element-limit = 1024 (custom)
2019-09-19 10:45:02,752 [pool-38-thread-1] INFO  server.RaftServerConfigKeys (ConfUtils.java:logGet(43)) - raft.server.log.segment.size.max = 1048576 (custom)
2019-09-19 10:45:02,752 [pool-38-thread-1] INFO  server.RaftServerConfigKeys (ConfUtils.java:logGet(43)) - raft.server.log.preallocated.size = 16384 (custom)
2019-09-19 10:45:02,753 [pool-38-thread-1] INFO  server.RaftServerConfigKeys (ConfUtils.java:logGet(43)) - raft.server.log.write.buffer.size = 33554432 (custom)
2019-09-19 10:45:02,753 [pool-38-thread-1] INFO  server.RaftServerConfigKeys (ConfUtils.java:logGet(43)) - raft.server.log.force.sync.num = 128 (default)
2019-09-19 10:45:02,753 [pool-38-thread-1] INFO  server.RaftServerConfigKeys (ConfUtils.java:logGet(43)) - raft.server.log.statemachine.data.sync = true (default)
2019-09-19 10:45:02,753 [pool-38-thread-1] INFO  server.RaftServerConfigKeys (ConfUtils.java:logGet(43)) - raft.server.log.statemachine.data.sync.timeout = 10s (default)
2019-09-19 10:45:02,753 [pool-38-thread-1] INFO  server.RaftServerConfigKeys (ConfUtils.java:logGet(43)) - raft.server.log.statemachine.data.sync.timeout.retry = -1 (default)
2019-09-19 10:45:02,753 [pool-38-thread-1] INFO  server.RaftServerConfigKeys (ConfUtils.java:logGet(43)) - raft.server.log.statemachine.data.caching.enabled = true (custom)
2019-09-19 10:45:02,754 [pool-38-thread-1] INFO  segmented.SegmentedRaftLogWorker (SegmentedRaftLogWorker.java:lambda$new$0(132)) - 43c3a3a3-e4f9-4e82-99c6-0d62df714a4a-SegmentedRaftLogWorker:Storage Directory /workdir/hadoop-ozone/tools/target/test-dir/MiniOzoneClusterImpl-fb1be2cc-0df5-4edc-832d-164f8289558f/datanode-1/data/ratis/0ee38089-17e9-4c70-9423-77dba19f5e8e: flushIndex: setUnconditionally 0 -> -1
2019-09-19 10:45:02,754 [pool-38-thread-1] INFO  server.RaftServerConfigKeys (ConfUtils.java:logGet(43)) - raft.server.snapshot.auto.trigger.enabled = true (custom)
2019-09-19 10:45:02,754 [pool-38-thread-1] INFO  server.RaftServerConfigKeys (ConfUtils.java:logGet(43)) - raft.server.snapshot.auto.trigger.threshold = 10000 (custom)
2019-09-19 10:45:02,754 [pool-38-thread-1] INFO  server.RaftServerConfigKeys (ConfUtils.java:logGet(43)) - raft.server.retrycache.expirytime = 600000ms (custom)
2019-09-19 10:45:02,754 [pool-38-thread-1] INFO  impl.RaftServerImpl (RaftServerImpl.java:start(180)) - 43c3a3a3-e4f9-4e82-99c6-0d62df714a4a: start group-77DBA19F5E8E
2019-09-19 10:45:02,754 [pool-38-thread-1] INFO  impl.RaftServerImpl (RaftServerImpl.java:setRole(171)) - 43c3a3a3-e4f9-4e82-99c6-0d62df714a4a:group-77DBA19F5E8E changes role from null to FOLLOWER at term 0 for startAsFollower
2019-09-19 10:45:02,755 [pool-38-thread-1] INFO  impl.RoleInfo (RoleInfo.java:updateAndGet(143)) - 43c3a3a3-e4f9-4e82-99c6-0d62df714a4a: start FollowerState
2019-09-19 10:45:02,755 [pool-38-thread-1] INFO  util.JmxRegister (JmxRegister.java:tryRegister(44)) - Successfully registered JMX Bean with object name Ratis:service=RaftServer,group=group-77DBA19F5E8E,id=43c3a3a3-e4f9-4e82-99c6-0d62df714a4a
2019-09-19 10:45:02,764 [RatisPipelineUtilsThread] INFO  pipeline.PipelineStateManager (PipelineStateManager.java:addPipeline(56)) - Created pipeline Pipeline[ Id: 0ee38089-17e9-4c70-9423-77dba19f5e8e, Nodes: 43c3a3a3-e4f9-4e82-99c6-0d62df714a4a{ip: 192.168.157.204, host: pr-hdds-1569-cpgw4-1311585219, networkLocation: /default-rack, certSerialId: null}, Type:RATIS, Factor:ONE, State:OPEN]
2019-09-19 10:45:02,777 [grpc-default-executor-0] INFO  impl.RaftServerProxy (RaftServerProxy.java:addNew(89)) - 6b4db361-80c8-4463-ae57-b9f6d8c1534e: addNew group-D011AE28F678:[6b4db361-80c8-4463-ae57-b9f6d8c1534e:192.168.157.204:36529] returns group-D011AE28F678:java.util.concurrent.CompletableFuture@6508a2da[Not completed]
2019-09-19 10:45:02,779 [pool-27-thread-1] INFO  impl.RaftServerImpl (RaftServerImpl.java:<init>(93)) - 6b4db361-80c8-4463-ae57-b9f6d8c1534e: new RaftServerImpl for group-D011AE28F678:[6b4db361-80c8-4463-ae57-b9f6d8c1534e:192.168.157.204:36529] with ContainerStateMachine:uninitialized
2019-09-19 10:45:02,779 [pool-27-thread-1] INFO  server.RaftServerConfigKeys (ConfUtils.java:logGet(43)) - raft.server.rpc.timeout.min = 5s (custom)
2019-09-19 10:45:02,779 [pool-27-thread-1] INFO  server.RaftServerConfigKeys (ConfUtils.java:logGet(43)) - raft.server.rpc.timeout.max = 5200ms (custom)
2019-09-19 10:45:02,779 [pool-27-thread-1] INFO  server.RaftServerConfigKeys (ConfUtils.java:logGet(43)) - raft.server.rpcslowness.timeout = 120s (custom)
2019-09-19 10:45:02,780 [pool-27-thread-1] INFO  server.RaftServerConfigKeys (ConfUtils.java:logGet(43)) - raft.server.sleep.deviation.threshold = 300 (default)
2019-09-19 10:45:02,780 [pool-27-thread-1] INFO  server.RaftServerConfigKeys (ConfUtils.java:logGet(43)) - raft.server.log.appender.install.snapshot.enabled = false (custom)
2019-09-19 10:45:02,780 [pool-27-thread-1] INFO  impl.RaftServerImpl (ServerState.java:<init>(105)) - 6b4db361-80c8-4463-ae57-b9f6d8c1534e:group-D011AE28F678 ConfigurationManager, init=-1: [6b4db361-80c8-4463-ae57-b9f6d8c1534e:192.168.157.204:36529], old=null, confs=<EMPTY_MAP>
2019-09-19 10:45:02,780 [pool-27-thread-1] INFO  server.RaftServerConfigKeys (ConfUtils.java:logGet(43)) - raft.server.storage.dir = [/workdir/hadoop-ozone/tools/target/test-dir/MiniOzoneClusterImpl-fb1be2cc-0df5-4edc-832d-164f8289558f/datanode-0/data/ratis] (custom)
2019-09-19 10:45:02,781 [pool-27-thread-1] INFO  storage.RaftStorageDirectory (RaftStorageDirectory.java:analyzeStorage(246)) - The storage directory /workdir/hadoop-ozone/tools/target/test-dir/MiniOzoneClusterImpl-fb1be2cc-0df5-4edc-832d-164f8289558f/datanode-0/data/ratis/ac70ccb8-62ab-4b0d-9a67-d011ae28f678 does not exist. Creating ...
2019-09-19 10:45:02,793 [pool-27-thread-1] INFO  storage.RaftStorageDirectory (RaftStorageDirectory.java:tryLock(328)) - Lock on /workdir/hadoop-ozone/tools/target/test-dir/MiniOzoneClusterImpl-fb1be2cc-0df5-4edc-832d-164f8289558f/datanode-0/data/ratis/ac70ccb8-62ab-4b0d-9a67-d011ae28f678/in_use.lock acquired by nodename 19289@pr-hdds-1569-cpgw4-1311585219
2019-09-19 10:45:02,815 [pool-27-thread-1] INFO  storage.RaftStorage (RaftStorage.java:format(72)) - Storage directory /workdir/hadoop-ozone/tools/target/test-dir/MiniOzoneClusterImpl-fb1be2cc-0df5-4edc-832d-164f8289558f/datanode-0/data/ratis/ac70ccb8-62ab-4b0d-9a67-d011ae28f678 has been successfully formatted.
2019-09-19 10:45:02,815 [pool-27-thread-1] INFO  ratis.ContainerStateMachine (ContainerStateMachine.java:loadSnapshot(226)) - group-D011AE28F678: The snapshot info is null. Setting the last applied indexto:(t:0, i:~)
2019-09-19 10:45:02,816 [pool-27-thread-1] INFO  server.RaftServerConfigKeys (ConfUtils.java:logGet(43)) - raft.server.leader.election.timeout = 120s (custom)
2019-09-19 10:45:02,816 [pool-27-thread-1] INFO  server.RaftServerConfigKeys (ConfUtils.java:logGet(43)) - raft.server.log.use.memory = false (default)
2019-09-19 10:45:02,816 [pool-27-thread-1] INFO  server.RaftServerConfigKeys (ConfUtils.java:logGet(43)) - raft.server.log.purge.gap = 1000000 (custom)
2019-09-19 10:45:02,816 [pool-27-thread-1] INFO  server.RaftServerConfigKeys (ConfUtils.java:logGet(43)) - raft.server.log.appender.buffer.byte-limit = 33554432 (custom)
2019-09-19 10:45:02,816 [pool-27-thread-1] INFO  server.RaftServerConfigKeys (ConfUtils.java:logGet(43)) - raft.server.log.segment.size.max = 1048576 (custom)
2019-09-19 10:45:02,817 [pool-27-thread-1] INFO  server.RaftServerConfigKeys (ConfUtils.java:logGet(43)) - raft.server.log.segment.cache.num.max = 2 (custom)
2019-09-19 10:45:02,817 [pool-27-thread-1] INFO  segmented.SegmentedRaftLogWorker (SegmentedRaftLogWorker.java:<init>(172)) - new 6b4db361-80c8-4463-ae57-b9f6d8c1534e-SegmentedRaftLogWorker:Storage Directory /workdir/hadoop-ozone/tools/target/test-dir/MiniOzoneClusterImpl-fb1be2cc-0df5-4edc-832d-164f8289558f/datanode-0/data/ratis/ac70ccb8-62ab-4b0d-9a67-d011ae28f678 for RaftStorage:Storage Directory /workdir/hadoop-ozone/tools/target/test-dir/MiniOzoneClusterImpl-fb1be2cc-0df5-4edc-832d-164f8289558f/datanode-0/data/ratis/ac70ccb8-62ab-4b0d-9a67-d011ae28f678
2019-09-19 10:45:02,817 [pool-27-thread-1] INFO  server.RaftServerConfigKeys (ConfUtils.java:logGet(43)) - raft.server.log.queue.byte-limit = 2147483647 (custom)
2019-09-19 10:45:02,817 [pool-27-thread-1] INFO  server.RaftServerConfigKeys (ConfUtils.java:logGet(43)) - raft.server.log.queue.element-limit = 1024 (custom)
2019-09-19 10:45:02,817 [pool-27-thread-1] INFO  server.RaftServerConfigKeys (ConfUtils.java:logGet(43)) - raft.server.log.segment.size.max = 1048576 (custom)
2019-09-19 10:45:02,817 [pool-27-thread-1] INFO  server.RaftServerConfigKeys (ConfUtils.java:logGet(43)) - raft.server.log.preallocated.size = 16384 (custom)
2019-09-19 10:45:02,818 [pool-27-thread-1] INFO  server.RaftServerConfigKeys (ConfUtils.java:logGet(43)) - raft.server.log.write.buffer.size = 33554432 (custom)
2019-09-19 10:45:02,818 [pool-27-thread-1] INFO  server.RaftServerConfigKeys (ConfUtils.java:logGet(43)) - raft.server.log.force.sync.num = 128 (default)
2019-09-19 10:45:02,818 [pool-27-thread-1] INFO  server.RaftServerConfigKeys (ConfUtils.java:logGet(43)) - raft.server.log.statemachine.data.sync = true (default)
2019-09-19 10:45:02,818 [pool-27-thread-1] INFO  server.RaftServerConfigKeys (ConfUtils.java:logGet(43)) - raft.server.log.statemachine.data.sync.timeout = 10s (default)
2019-09-19 10:45:02,818 [pool-27-thread-1] INFO  server.RaftServerConfigKeys (ConfUtils.java:logGet(43)) - raft.server.log.statemachine.data.sync.timeout.retry = -1 (default)
2019-09-19 10:45:02,819 [pool-27-thread-1] INFO  server.RaftServerConfigKeys (ConfUtils.java:logGet(43)) - raft.server.log.statemachine.data.caching.enabled = true (custom)
2019-09-19 10:45:02,819 [pool-27-thread-1] INFO  segmented.SegmentedRaftLogWorker (SegmentedRaftLogWorker.java:lambda$new$0(132)) - 6b4db361-80c8-4463-ae57-b9f6d8c1534e-SegmentedRaftLogWorker:Storage Directory /workdir/hadoop-ozone/tools/target/test-dir/MiniOzoneClusterImpl-fb1be2cc-0df5-4edc-832d-164f8289558f/datanode-0/data/ratis/ac70ccb8-62ab-4b0d-9a67-d011ae28f678: flushIndex: setUnconditionally 0 -> -1
2019-09-19 10:45:02,819 [pool-27-thread-1] INFO  server.RaftServerConfigKeys (ConfUtils.java:logGet(43)) - raft.server.snapshot.auto.trigger.enabled = true (custom)
2019-09-19 10:45:02,820 [pool-27-thread-1] INFO  server.RaftServerConfigKeys (ConfUtils.java:logGet(43)) - raft.server.snapshot.auto.trigger.threshold = 10000 (custom)
2019-09-19 10:45:02,820 [pool-27-thread-1] INFO  server.RaftServerConfigKeys (ConfUtils.java:logGet(43)) - raft.server.retrycache.expirytime = 600000ms (custom)
2019-09-19 10:45:02,820 [pool-27-thread-1] INFO  impl.RaftServerImpl (RaftServerImpl.java:start(180)) - 6b4db361-80c8-4463-ae57-b9f6d8c1534e: start group-D011AE28F678
2019-09-19 10:45:02,820 [pool-27-thread-1] INFO  impl.RaftServerImpl (RaftServerImpl.java:setRole(171)) - 6b4db361-80c8-4463-ae57-b9f6d8c1534e:group-D011AE28F678 changes role from null to FOLLOWER at term 0 for startAsFollower
2019-09-19 10:45:02,820 [pool-27-thread-1] INFO  impl.RoleInfo (RoleInfo.java:updateAndGet(143)) - 6b4db361-80c8-4463-ae57-b9f6d8c1534e: start FollowerState
2019-09-19 10:45:02,821 [pool-27-thread-1] INFO  util.JmxRegister (JmxRegister.java:tryRegister(44)) - Successfully registered JMX Bean with object name Ratis:service=RaftServer,group=group-D011AE28F678,id=6b4db361-80c8-4463-ae57-b9f6d8c1534e
2019-09-19 10:45:02,830 [RatisPipelineUtilsThread] INFO  pipeline.PipelineStateManager (PipelineStateManager.java:addPipeline(56)) - Created pipeline Pipeline[ Id: ac70ccb8-62ab-4b0d-9a67-d011ae28f678, Nodes: 6b4db361-80c8-4463-ae57-b9f6d8c1534e{ip: 192.168.157.204, host: pr-hdds-1569-cpgw4-1311585219, networkLocation: /default-rack, certSerialId: null}, Type:RATIS, Factor:ONE, State:OPEN]
2019-09-19 10:45:02,850 [grpc-default-executor-1] INFO  impl.RaftServerProxy (RaftServerProxy.java:addNew(89)) - 6b4db361-80c8-4463-ae57-b9f6d8c1534e: addNew group-6DF3748115B2:[6b4db361-80c8-4463-ae57-b9f6d8c1534e:192.168.157.204:36529] returns group-6DF3748115B2:java.util.concurrent.CompletableFuture@2b9dfd35[Not completed]
2019-09-19 10:45:02,852 [pool-27-thread-1] INFO  impl.RaftServerImpl (RaftServerImpl.java:<init>(93)) - 6b4db361-80c8-4463-ae57-b9f6d8c1534e: new RaftServerImpl for group-6DF3748115B2:[6b4db361-80c8-4463-ae57-b9f6d8c1534e:192.168.157.204:36529] with ContainerStateMachine:uninitialized
2019-09-19 10:45:02,852 [pool-27-thread-1] INFO  server.RaftServerConfigKeys (ConfUtils.java:logGet(43)) - raft.server.rpc.timeout.min = 5s (custom)
2019-09-19 10:45:02,853 [pool-27-thread-1] INFO  server.RaftServerConfigKeys (ConfUtils.java:logGet(43)) - raft.server.rpc.timeout.max = 5200ms (custom)
2019-09-19 10:45:02,853 [pool-27-thread-1] INFO  server.RaftServerConfigKeys (ConfUtils.java:logGet(43)) - raft.server.rpcslowness.timeout = 120s (custom)
2019-09-19 10:45:02,853 [pool-27-thread-1] INFO  server.RaftServerConfigKeys (ConfUtils.java:logGet(43)) - raft.server.sleep.deviation.threshold = 300 (default)
2019-09-19 10:45:02,853 [pool-27-thread-1] INFO  server.RaftServerConfigKeys (ConfUtils.java:logGet(43)) - raft.server.log.appender.install.snapshot.enabled = false (custom)
2019-09-19 10:45:02,853 [pool-27-thread-1] INFO  impl.RaftServerImpl (ServerState.java:<init>(105)) - 6b4db361-80c8-4463-ae57-b9f6d8c1534e:group-6DF3748115B2 ConfigurationManager, init=-1: [6b4db361-80c8-4463-ae57-b9f6d8c1534e:192.168.157.204:36529], old=null, confs=<EMPTY_MAP>
2019-09-19 10:45:02,853 [pool-27-thread-1] INFO  server.RaftServerConfigKeys (ConfUtils.java:logGet(43)) - raft.server.storage.dir = [/workdir/hadoop-ozone/tools/target/test-dir/MiniOzoneClusterImpl-fb1be2cc-0df5-4edc-832d-164f8289558f/datanode-0/data/ratis] (custom)
2019-09-19 10:45:02,854 [pool-27-thread-1] INFO  storage.RaftStorageDirectory (RaftStorageDirectory.java:analyzeStorage(246)) - The storage directory /workdir/hadoop-ozone/tools/target/test-dir/MiniOzoneClusterImpl-fb1be2cc-0df5-4edc-832d-164f8289558f/datanode-0/data/ratis/c3680909-6b1b-437f-8065-6df3748115b2 does not exist. Creating ...
2019-09-19 10:45:02,867 [pool-27-thread-1] INFO  storage.RaftStorageDirectory (RaftStorageDirectory.java:tryLock(328)) - Lock on /workdir/hadoop-ozone/tools/target/test-dir/MiniOzoneClusterImpl-fb1be2cc-0df5-4edc-832d-164f8289558f/datanode-0/data/ratis/c3680909-6b1b-437f-8065-6df3748115b2/in_use.lock acquired by nodename 19289@pr-hdds-1569-cpgw4-1311585219
2019-09-19 10:45:02,880 [pool-27-thread-1] INFO  storage.RaftStorage (RaftStorage.java:format(72)) - Storage directory /workdir/hadoop-ozone/tools/target/test-dir/MiniOzoneClusterImpl-fb1be2cc-0df5-4edc-832d-164f8289558f/datanode-0/data/ratis/c3680909-6b1b-437f-8065-6df3748115b2 has been successfully formatted.
2019-09-19 10:45:02,880 [pool-27-thread-1] INFO  ratis.ContainerStateMachine (ContainerStateMachine.java:loadSnapshot(226)) - group-6DF3748115B2: The snapshot info is null. Setting the last applied indexto:(t:0, i:~)
2019-09-19 10:45:02,881 [pool-27-thread-1] INFO  server.RaftServerConfigKeys (ConfUtils.java:logGet(43)) - raft.server.leader.election.timeout = 120s (custom)
2019-09-19 10:45:02,881 [pool-27-thread-1] INFO  server.RaftServerConfigKeys (ConfUtils.java:logGet(43)) - raft.server.log.use.memory = false (default)
2019-09-19 10:45:02,881 [pool-27-thread-1] INFO  server.RaftServerConfigKeys (ConfUtils.java:logGet(43)) - raft.server.log.purge.gap = 1000000 (custom)
2019-09-19 10:45:02,881 [pool-27-thread-1] INFO  server.RaftServerConfigKeys (ConfUtils.java:logGet(43)) - raft.server.log.appender.buffer.byte-limit = 33554432 (custom)
2019-09-19 10:45:02,881 [pool-27-thread-1] INFO  server.RaftServerConfigKeys (ConfUtils.java:logGet(43)) - raft.server.log.segment.size.max = 1048576 (custom)
2019-09-19 10:45:02,882 [pool-27-thread-1] INFO  server.RaftServerConfigKeys (ConfUtils.java:logGet(43)) - raft.server.log.segment.cache.num.max = 2 (custom)
2019-09-19 10:45:02,882 [pool-27-thread-1] INFO  segmented.SegmentedRaftLogWorker (SegmentedRaftLogWorker.java:<init>(172)) - new 6b4db361-80c8-4463-ae57-b9f6d8c1534e-SegmentedRaftLogWorker:Storage Directory /workdir/hadoop-ozone/tools/target/test-dir/MiniOzoneClusterImpl-fb1be2cc-0df5-4edc-832d-164f8289558f/datanode-0/data/ratis/c3680909-6b1b-437f-8065-6df3748115b2 for RaftStorage:Storage Directory /workdir/hadoop-ozone/tools/target/test-dir/MiniOzoneClusterImpl-fb1be2cc-0df5-4edc-832d-164f8289558f/datanode-0/data/ratis/c3680909-6b1b-437f-8065-6df3748115b2
2019-09-19 10:45:02,882 [pool-27-thread-1] INFO  server.RaftServerConfigKeys (ConfUtils.java:logGet(43)) - raft.server.log.queue.byte-limit = 2147483647 (custom)
2019-09-19 10:45:02,882 [pool-27-thread-1] INFO  server.RaftServerConfigKeys (ConfUtils.java:logGet(43)) - raft.server.log.queue.element-limit = 1024 (custom)
2019-09-19 10:45:02,882 [pool-27-thread-1] INFO  server.RaftServerConfigKeys (ConfUtils.java:logGet(43)) - raft.server.log.segment.size.max = 1048576 (custom)
2019-09-19 10:45:02,882 [pool-27-thread-1] INFO  server.RaftServerConfigKeys (ConfUtils.java:logGet(43)) - raft.server.log.preallocated.size = 16384 (custom)
2019-09-19 10:45:02,883 [pool-27-thread-1] INFO  server.RaftServerConfigKeys (ConfUtils.java:logGet(43)) - raft.server.log.write.buffer.size = 33554432 (custom)
2019-09-19 10:45:02,883 [pool-27-thread-1] INFO  server.RaftServerConfigKeys (ConfUtils.java:logGet(43)) - raft.server.log.force.sync.num = 128 (default)
2019-09-19 10:45:02,883 [pool-27-thread-1] INFO  server.RaftServerConfigKeys (ConfUtils.java:logGet(43)) - raft.server.log.statemachine.data.sync = true (default)
2019-09-19 10:45:02,883 [pool-27-thread-1] INFO  server.RaftServerConfigKeys (ConfUtils.java:logGet(43)) - raft.server.log.statemachine.data.sync.timeout = 10s (default)
2019-09-19 10:45:02,883 [pool-27-thread-1] INFO  server.RaftServerConfigKeys (ConfUtils.java:logGet(43)) - raft.server.log.statemachine.data.sync.timeout.retry = -1 (default)
2019-09-19 10:45:02,884 [pool-27-thread-1] INFO  server.RaftServerConfigKeys (ConfUtils.java:logGet(43)) - raft.server.log.statemachine.data.caching.enabled = true (custom)
2019-09-19 10:45:02,884 [pool-27-thread-1] INFO  segmented.SegmentedRaftLogWorker (SegmentedRaftLogWorker.java:lambda$new$0(132)) - 6b4db361-80c8-4463-ae57-b9f6d8c1534e-SegmentedRaftLogWorker:Storage Directory /workdir/hadoop-ozone/tools/target/test-dir/MiniOzoneClusterImpl-fb1be2cc-0df5-4edc-832d-164f8289558f/datanode-0/data/ratis/c3680909-6b1b-437f-8065-6df3748115b2: flushIndex: setUnconditionally 0 -> -1
2019-09-19 10:45:02,884 [pool-27-thread-1] INFO  server.RaftServerConfigKeys (ConfUtils.java:logGet(43)) - raft.server.snapshot.auto.trigger.enabled = true (custom)
2019-09-19 10:45:02,885 [pool-27-thread-1] INFO  server.RaftServerConfigKeys (ConfUtils.java:logGet(43)) - raft.server.snapshot.auto.trigger.threshold = 10000 (custom)
2019-09-19 10:45:02,885 [pool-27-thread-1] INFO  server.RaftServerConfigKeys (ConfUtils.java:logGet(43)) - raft.server.retrycache.expirytime = 600000ms (custom)
2019-09-19 10:45:02,885 [pool-27-thread-1] INFO  impl.RaftServerImpl (RaftServerImpl.java:start(180)) - 6b4db361-80c8-4463-ae57-b9f6d8c1534e: start group-6DF3748115B2
2019-09-19 10:45:02,885 [pool-27-thread-1] INFO  impl.RaftServerImpl (RaftServerImpl.java:setRole(171)) - 6b4db361-80c8-4463-ae57-b9f6d8c1534e:group-6DF3748115B2 changes role from null to FOLLOWER at term 0 for startAsFollower
2019-09-19 10:45:02,886 [pool-27-thread-1] INFO  impl.RoleInfo (RoleInfo.java:updateAndGet(143)) - 6b4db361-80c8-4463-ae57-b9f6d8c1534e: start FollowerState
2019-09-19 10:45:02,886 [pool-27-thread-1] INFO  util.JmxRegister (JmxRegister.java:tryRegister(44)) - Successfully registered JMX Bean with object name Ratis:service=RaftServer,group=group-6DF3748115B2,id=6b4db361-80c8-4463-ae57-b9f6d8c1534e
2019-09-19 10:45:02,895 [RatisPipelineUtilsThread] INFO  pipeline.PipelineStateManager (PipelineStateManager.java:addPipeline(56)) - Created pipeline Pipeline[ Id: c3680909-6b1b-437f-8065-6df3748115b2, Nodes: 6b4db361-80c8-4463-ae57-b9f6d8c1534e{ip: 192.168.157.204, host: pr-hdds-1569-cpgw4-1311585219, networkLocation: /default-rack, certSerialId: null}, Type:RATIS, Factor:ONE, State:OPEN]
2019-09-19 10:45:02,906 [grpc-default-executor-0] INFO  impl.RaftServerProxy (RaftServerProxy.java:addNew(89)) - 6b4db361-80c8-4463-ae57-b9f6d8c1534e: addNew group-CC5EE08DF97E:[6b4db361-80c8-4463-ae57-b9f6d8c1534e:192.168.157.204:36529] returns group-CC5EE08DF97E:java.util.concurrent.CompletableFuture@5b9525f5[Not completed]
2019-09-19 10:45:02,908 [pool-27-thread-1] INFO  impl.RaftServerImpl (RaftServerImpl.java:<init>(93)) - 6b4db361-80c8-4463-ae57-b9f6d8c1534e: new RaftServerImpl for group-CC5EE08DF97E:[6b4db361-80c8-4463-ae57-b9f6d8c1534e:192.168.157.204:36529] with ContainerStateMachine:uninitialized
2019-09-19 10:45:02,908 [pool-27-thread-1] INFO  server.RaftServerConfigKeys (ConfUtils.java:logGet(43)) - raft.server.rpc.timeout.min = 5s (custom)
2019-09-19 10:45:02,908 [pool-27-thread-1] INFO  server.RaftServerConfigKeys (ConfUtils.java:logGet(43)) - raft.server.rpc.timeout.max = 5200ms (custom)
2019-09-19 10:45:02,908 [pool-27-thread-1] INFO  server.RaftServerConfigKeys (ConfUtils.java:logGet(43)) - raft.server.rpcslowness.timeout = 120s (custom)
2019-09-19 10:45:02,908 [pool-27-thread-1] INFO  server.RaftServerConfigKeys (ConfUtils.java:logGet(43)) - raft.server.sleep.deviation.threshold = 300 (default)
2019-09-19 10:45:02,909 [pool-27-thread-1] INFO  server.RaftServerConfigKeys (ConfUtils.java:logGet(43)) - raft.server.log.appender.install.snapshot.enabled = false (custom)
2019-09-19 10:45:02,909 [pool-27-thread-1] INFO  impl.RaftServerImpl (ServerState.java:<init>(105)) - 6b4db361-80c8-4463-ae57-b9f6d8c1534e:group-CC5EE08DF97E ConfigurationManager, init=-1: [6b4db361-80c8-4463-ae57-b9f6d8c1534e:192.168.157.204:36529], old=null, confs=<EMPTY_MAP>
2019-09-19 10:45:02,909 [pool-27-thread-1] INFO  server.RaftServerConfigKeys (ConfUtils.java:logGet(43)) - raft.server.storage.dir = [/workdir/hadoop-ozone/tools/target/test-dir/MiniOzoneClusterImpl-fb1be2cc-0df5-4edc-832d-164f8289558f/datanode-0/data/ratis] (custom)
2019-09-19 10:45:02,909 [pool-27-thread-1] INFO  storage.RaftStorageDirectory (RaftStorageDirectory.java:analyzeStorage(246)) - The storage directory /workdir/hadoop-ozone/tools/target/test-dir/MiniOzoneClusterImpl-fb1be2cc-0df5-4edc-832d-164f8289558f/datanode-0/data/ratis/c658add4-94c0-43f0-be44-cc5ee08df97e does not exist. Creating ...
2019-09-19 10:45:02,922 [pool-27-thread-1] INFO  storage.RaftStorageDirectory (RaftStorageDirectory.java:tryLock(328)) - Lock on /workdir/hadoop-ozone/tools/target/test-dir/MiniOzoneClusterImpl-fb1be2cc-0df5-4edc-832d-164f8289558f/datanode-0/data/ratis/c658add4-94c0-43f0-be44-cc5ee08df97e/in_use.lock acquired by nodename 19289@pr-hdds-1569-cpgw4-1311585219
2019-09-19 10:45:02,936 [pool-27-thread-1] INFO  storage.RaftStorage (RaftStorage.java:format(72)) - Storage directory /workdir/hadoop-ozone/tools/target/test-dir/MiniOzoneClusterImpl-fb1be2cc-0df5-4edc-832d-164f8289558f/datanode-0/data/ratis/c658add4-94c0-43f0-be44-cc5ee08df97e has been successfully formatted.
2019-09-19 10:45:02,937 [pool-27-thread-1] INFO  ratis.ContainerStateMachine (ContainerStateMachine.java:loadSnapshot(226)) - group-CC5EE08DF97E: The snapshot info is null. Setting the last applied indexto:(t:0, i:~)
2019-09-19 10:45:02,937 [pool-27-thread-1] INFO  server.RaftServerConfigKeys (ConfUtils.java:logGet(43)) - raft.server.leader.election.timeout = 120s (custom)
2019-09-19 10:45:02,937 [pool-27-thread-1] INFO  server.RaftServerConfigKeys (ConfUtils.java:logGet(43)) - raft.server.log.use.memory = false (default)
2019-09-19 10:45:02,937 [pool-27-thread-1] INFO  server.RaftServerConfigKeys (ConfUtils.java:logGet(43)) - raft.server.log.purge.gap = 1000000 (custom)
2019-09-19 10:45:02,937 [pool-27-thread-1] INFO  server.RaftServerConfigKeys (ConfUtils.java:logGet(43)) - raft.server.log.appender.buffer.byte-limit = 33554432 (custom)
2019-09-19 10:45:02,938 [pool-27-thread-1] INFO  server.RaftServerConfigKeys (ConfUtils.java:logGet(43)) - raft.server.log.segment.size.max = 1048576 (custom)
2019-09-19 10:45:02,938 [pool-27-thread-1] INFO  server.RaftServerConfigKeys (ConfUtils.java:logGet(43)) - raft.server.log.segment.cache.num.max = 2 (custom)
2019-09-19 10:45:02,938 [pool-27-thread-1] INFO  segmented.SegmentedRaftLogWorker (SegmentedRaftLogWorker.java:<init>(172)) - new 6b4db361-80c8-4463-ae57-b9f6d8c1534e-SegmentedRaftLogWorker:Storage Directory /workdir/hadoop-ozone/tools/target/test-dir/MiniOzoneClusterImpl-fb1be2cc-0df5-4edc-832d-164f8289558f/datanode-0/data/ratis/c658add4-94c0-43f0-be44-cc5ee08df97e for RaftStorage:Storage Directory /workdir/hadoop-ozone/tools/target/test-dir/MiniOzoneClusterImpl-fb1be2cc-0df5-4edc-832d-164f8289558f/datanode-0/data/ratis/c658add4-94c0-43f0-be44-cc5ee08df97e
2019-09-19 10:45:02,938 [pool-27-thread-1] INFO  server.RaftServerConfigKeys (ConfUtils.java:logGet(43)) - raft.server.log.queue.byte-limit = 2147483647 (custom)
2019-09-19 10:45:02,938 [pool-27-thread-1] INFO  server.RaftServerConfigKeys (ConfUtils.java:logGet(43)) - raft.server.log.queue.element-limit = 1024 (custom)
2019-09-19 10:45:02,939 [pool-27-thread-1] INFO  server.RaftServerConfigKeys (ConfUtils.java:logGet(43)) - raft.server.log.segment.size.max = 1048576 (custom)
2019-09-19 10:45:02,939 [pool-27-thread-1] INFO  server.RaftServerConfigKeys (ConfUtils.java:logGet(43)) - raft.server.log.preallocated.size = 16384 (custom)
2019-09-19 10:45:02,939 [pool-27-thread-1] INFO  server.RaftServerConfigKeys (ConfUtils.java:logGet(43)) - raft.server.log.write.buffer.size = 33554432 (custom)
2019-09-19 10:45:02,939 [pool-27-thread-1] INFO  server.RaftServerConfigKeys (ConfUtils.java:logGet(43)) - raft.server.log.force.sync.num = 128 (default)
2019-09-19 10:45:02,939 [pool-27-thread-1] INFO  server.RaftServerConfigKeys (ConfUtils.java:logGet(43)) - raft.server.log.statemachine.data.sync = true (default)
2019-09-19 10:45:02,940 [pool-27-thread-1] INFO  server.RaftServerConfigKeys (ConfUtils.java:logGet(43)) - raft.server.log.statemachine.data.sync.timeout = 10s (default)
2019-09-19 10:45:02,940 [pool-27-thread-1] INFO  server.RaftServerConfigKeys (ConfUtils.java:logGet(43)) - raft.server.log.statemachine.data.sync.timeout.retry = -1 (default)
2019-09-19 10:45:02,940 [pool-27-thread-1] INFO  server.RaftServerConfigKeys (ConfUtils.java:logGet(43)) - raft.server.log.statemachine.data.caching.enabled = true (custom)
2019-09-19 10:45:02,940 [pool-27-thread-1] INFO  segmented.SegmentedRaftLogWorker (SegmentedRaftLogWorker.java:lambda$new$0(132)) - 6b4db361-80c8-4463-ae57-b9f6d8c1534e-SegmentedRaftLogWorker:Storage Directory /workdir/hadoop-ozone/tools/target/test-dir/MiniOzoneClusterImpl-fb1be2cc-0df5-4edc-832d-164f8289558f/datanode-0/data/ratis/c658add4-94c0-43f0-be44-cc5ee08df97e: flushIndex: setUnconditionally 0 -> -1
2019-09-19 10:45:02,941 [pool-27-thread-1] INFO  server.RaftServerConfigKeys (ConfUtils.java:logGet(43)) - raft.server.snapshot.auto.trigger.enabled = true (custom)
2019-09-19 10:45:02,941 [pool-27-thread-1] INFO  server.RaftServerConfigKeys (ConfUtils.java:logGet(43)) - raft.server.snapshot.auto.trigger.threshold = 10000 (custom)
2019-09-19 10:45:02,941 [pool-27-thread-1] INFO  server.RaftServerConfigKeys (ConfUtils.java:logGet(43)) - raft.server.retrycache.expirytime = 600000ms (custom)
2019-09-19 10:45:02,942 [pool-27-thread-1] INFO  impl.RaftServerImpl (RaftServerImpl.java:start(180)) - 6b4db361-80c8-4463-ae57-b9f6d8c1534e: start group-CC5EE08DF97E
2019-09-19 10:45:02,942 [pool-27-thread-1] INFO  impl.RaftServerImpl (RaftServerImpl.java:setRole(171)) - 6b4db361-80c8-4463-ae57-b9f6d8c1534e:group-CC5EE08DF97E changes role from null to FOLLOWER at term 0 for startAsFollower
2019-09-19 10:45:02,942 [pool-27-thread-1] INFO  impl.RoleInfo (RoleInfo.java:updateAndGet(143)) - 6b4db361-80c8-4463-ae57-b9f6d8c1534e: start FollowerState
2019-09-19 10:45:02,942 [pool-27-thread-1] INFO  util.JmxRegister (JmxRegister.java:tryRegister(44)) - Successfully registered JMX Bean with object name Ratis:service=RaftServer,group=group-CC5EE08DF97E,id=6b4db361-80c8-4463-ae57-b9f6d8c1534e
2019-09-19 10:45:02,949 [RatisPipelineUtilsThread] INFO  pipeline.PipelineStateManager (PipelineStateManager.java:addPipeline(56)) - Created pipeline Pipeline[ Id: c658add4-94c0-43f0-be44-cc5ee08df97e, Nodes: 6b4db361-80c8-4463-ae57-b9f6d8c1534e{ip: 192.168.157.204, host: pr-hdds-1569-cpgw4-1311585219, networkLocation: /default-rack, certSerialId: null}, Type:RATIS, Factor:ONE, State:OPEN]
2019-09-19 10:45:02,959 [grpc-default-executor-0] INFO  impl.RaftServerProxy (RaftServerProxy.java:addNew(89)) - 6b4db361-80c8-4463-ae57-b9f6d8c1534e: addNew group-EC4BF283B927:[6b4db361-80c8-4463-ae57-b9f6d8c1534e:192.168.157.204:36529] returns group-EC4BF283B927:java.util.concurrent.CompletableFuture@be28a89[Not completed]
2019-09-19 10:45:02,961 [pool-27-thread-1] INFO  impl.RaftServerImpl (RaftServerImpl.java:<init>(93)) - 6b4db361-80c8-4463-ae57-b9f6d8c1534e: new RaftServerImpl for group-EC4BF283B927:[6b4db361-80c8-4463-ae57-b9f6d8c1534e:192.168.157.204:36529] with ContainerStateMachine:uninitialized
2019-09-19 10:45:02,961 [pool-27-thread-1] INFO  server.RaftServerConfigKeys (ConfUtils.java:logGet(43)) - raft.server.rpc.timeout.min = 5s (custom)
2019-09-19 10:45:02,961 [pool-27-thread-1] INFO  server.RaftServerConfigKeys (ConfUtils.java:logGet(43)) - raft.server.rpc.timeout.max = 5200ms (custom)
2019-09-19 10:45:02,961 [pool-27-thread-1] INFO  server.RaftServerConfigKeys (ConfUtils.java:logGet(43)) - raft.server.rpcslowness.timeout = 120s (custom)
2019-09-19 10:45:02,962 [pool-27-thread-1] INFO  server.RaftServerConfigKeys (ConfUtils.java:logGet(43)) - raft.server.sleep.deviation.threshold = 300 (default)
2019-09-19 10:45:02,962 [pool-27-thread-1] INFO  server.RaftServerConfigKeys (ConfUtils.java:logGet(43)) - raft.server.log.appender.install.snapshot.enabled = false (custom)
2019-09-19 10:45:02,962 [pool-27-thread-1] INFO  impl.RaftServerImpl (ServerState.java:<init>(105)) - 6b4db361-80c8-4463-ae57-b9f6d8c1534e:group-EC4BF283B927 ConfigurationManager, init=-1: [6b4db361-80c8-4463-ae57-b9f6d8c1534e:192.168.157.204:36529], old=null, confs=<EMPTY_MAP>
2019-09-19 10:45:02,962 [pool-27-thread-1] INFO  server.RaftServerConfigKeys (ConfUtils.java:logGet(43)) - raft.server.storage.dir = [/workdir/hadoop-ozone/tools/target/test-dir/MiniOzoneClusterImpl-fb1be2cc-0df5-4edc-832d-164f8289558f/datanode-0/data/ratis] (custom)
2019-09-19 10:45:02,963 [pool-27-thread-1] INFO  storage.RaftStorageDirectory (RaftStorageDirectory.java:analyzeStorage(246)) - The storage directory /workdir/hadoop-ozone/tools/target/test-dir/MiniOzoneClusterImpl-fb1be2cc-0df5-4edc-832d-164f8289558f/datanode-0/data/ratis/c44c06e4-21ba-4b1e-b6e2-ec4bf283b927 does not exist. Creating ...
2019-09-19 10:45:02,976 [pool-27-thread-1] INFO  storage.RaftStorageDirectory (RaftStorageDirectory.java:tryLock(328)) - Lock on /workdir/hadoop-ozone/tools/target/test-dir/MiniOzoneClusterImpl-fb1be2cc-0df5-4edc-832d-164f8289558f/datanode-0/data/ratis/c44c06e4-21ba-4b1e-b6e2-ec4bf283b927/in_use.lock acquired by nodename 19289@pr-hdds-1569-cpgw4-1311585219
2019-09-19 10:45:02,990 [pool-27-thread-1] INFO  storage.RaftStorage (RaftStorage.java:format(72)) - Storage directory /workdir/hadoop-ozone/tools/target/test-dir/MiniOzoneClusterImpl-fb1be2cc-0df5-4edc-832d-164f8289558f/datanode-0/data/ratis/c44c06e4-21ba-4b1e-b6e2-ec4bf283b927 has been successfully formatted.
2019-09-19 10:45:02,991 [pool-27-thread-1] INFO  ratis.ContainerStateMachine (ContainerStateMachine.java:loadSnapshot(226)) - group-EC4BF283B927: The snapshot info is null. Setting the last applied indexto:(t:0, i:~)
2019-09-19 10:45:02,991 [pool-27-thread-1] INFO  server.RaftServerConfigKeys (ConfUtils.java:logGet(43)) - raft.server.leader.election.timeout = 120s (custom)
2019-09-19 10:45:02,991 [pool-27-thread-1] INFO  server.RaftServerConfigKeys (ConfUtils.java:logGet(43)) - raft.server.log.use.memory = false (default)
2019-09-19 10:45:02,991 [pool-27-thread-1] INFO  server.RaftServerConfigKeys (ConfUtils.java:logGet(43)) - raft.server.log.purge.gap = 1000000 (custom)
2019-09-19 10:45:02,991 [pool-27-thread-1] INFO  server.RaftServerConfigKeys (ConfUtils.java:logGet(43)) - raft.server.log.appender.buffer.byte-limit = 33554432 (custom)
2019-09-19 10:45:02,991 [pool-27-thread-1] INFO  server.RaftServerConfigKeys (ConfUtils.java:logGet(43)) - raft.server.log.segment.size.max = 1048576 (custom)
2019-09-19 10:45:02,992 [pool-27-thread-1] INFO  server.RaftServerConfigKeys (ConfUtils.java:logGet(43)) - raft.server.log.segment.cache.num.max = 2 (custom)
2019-09-19 10:45:02,992 [pool-27-thread-1] INFO  segmented.SegmentedRaftLogWorker (SegmentedRaftLogWorker.java:<init>(172)) - new 6b4db361-80c8-4463-ae57-b9f6d8c1534e-SegmentedRaftLogWorker:Storage Directory /workdir/hadoop-ozone/tools/target/test-dir/MiniOzoneClusterImpl-fb1be2cc-0df5-4edc-832d-164f8289558f/datanode-0/data/ratis/c44c06e4-21ba-4b1e-b6e2-ec4bf283b927 for RaftStorage:Storage Directory /workdir/hadoop-ozone/tools/target/test-dir/MiniOzoneClusterImpl-fb1be2cc-0df5-4edc-832d-164f8289558f/datanode-0/data/ratis/c44c06e4-21ba-4b1e-b6e2-ec4bf283b927
2019-09-19 10:45:02,992 [pool-27-thread-1] INFO  server.RaftServerConfigKeys (ConfUtils.java:logGet(43)) - raft.server.log.queue.byte-limit = 2147483647 (custom)
2019-09-19 10:45:02,992 [pool-27-thread-1] INFO  server.RaftServerConfigKeys (ConfUtils.java:logGet(43)) - raft.server.log.queue.element-limit = 1024 (custom)
2019-09-19 10:45:02,992 [pool-27-thread-1] INFO  server.RaftServerConfigKeys (ConfUtils.java:logGet(43)) - raft.server.log.segment.size.max = 1048576 (custom)
2019-09-19 10:45:02,992 [pool-27-thread-1] INFO  server.RaftServerConfigKeys (ConfUtils.java:logGet(43)) - raft.server.log.preallocated.size = 16384 (custom)
2019-09-19 10:45:02,992 [pool-27-thread-1] INFO  server.RaftServerConfigKeys (ConfUtils.java:logGet(43)) - raft.server.log.write.buffer.size = 33554432 (custom)
2019-09-19 10:45:02,992 [pool-27-thread-1] INFO  server.RaftServerConfigKeys (ConfUtils.java:logGet(43)) - raft.server.log.force.sync.num = 128 (default)
2019-09-19 10:45:02,993 [pool-27-thread-1] INFO  server.RaftServerConfigKeys (ConfUtils.java:logGet(43)) - raft.server.log.statemachine.data.sync = true (default)
2019-09-19 10:45:02,993 [pool-27-thread-1] INFO  server.RaftServerConfigKeys (ConfUtils.java:logGet(43)) - raft.server.log.statemachine.data.sync.timeout = 10s (default)
2019-09-19 10:45:02,993 [pool-27-thread-1] INFO  server.RaftServerConfigKeys (ConfUtils.java:logGet(43)) - raft.server.log.statemachine.data.sync.timeout.retry = -1 (default)
2019-09-19 10:45:02,993 [pool-27-thread-1] INFO  server.RaftServerConfigKeys (ConfUtils.java:logGet(43)) - raft.server.log.statemachine.data.caching.enabled = true (custom)
2019-09-19 10:45:02,993 [pool-27-thread-1] INFO  segmented.SegmentedRaftLogWorker (SegmentedRaftLogWorker.java:lambda$new$0(132)) - 6b4db361-80c8-4463-ae57-b9f6d8c1534e-SegmentedRaftLogWorker:Storage Directory /workdir/hadoop-ozone/tools/target/test-dir/MiniOzoneClusterImpl-fb1be2cc-0df5-4edc-832d-164f8289558f/datanode-0/data/ratis/c44c06e4-21ba-4b1e-b6e2-ec4bf283b927: flushIndex: setUnconditionally 0 -> -1
2019-09-19 10:45:02,994 [pool-27-thread-1] INFO  server.RaftServerConfigKeys (ConfUtils.java:logGet(43)) - raft.server.snapshot.auto.trigger.enabled = true (custom)
2019-09-19 10:45:02,994 [pool-27-thread-1] INFO  server.RaftServerConfigKeys (ConfUtils.java:logGet(43)) - raft.server.snapshot.auto.trigger.threshold = 10000 (custom)
2019-09-19 10:45:02,994 [pool-27-thread-1] INFO  server.RaftServerConfigKeys (ConfUtils.java:logGet(43)) - raft.server.retrycache.expirytime = 600000ms (custom)
2019-09-19 10:45:02,994 [pool-27-thread-1] INFO  impl.RaftServerImpl (RaftServerImpl.java:start(180)) - 6b4db361-80c8-4463-ae57-b9f6d8c1534e: start group-EC4BF283B927
2019-09-19 10:45:02,994 [pool-27-thread-1] INFO  impl.RaftServerImpl (RaftServerImpl.java:setRole(171)) - 6b4db361-80c8-4463-ae57-b9f6d8c1534e:group-EC4BF283B927 changes role from null to FOLLOWER at term 0 for startAsFollower
2019-09-19 10:45:02,995 [pool-27-thread-1] INFO  impl.RoleInfo (RoleInfo.java:updateAndGet(143)) - 6b4db361-80c8-4463-ae57-b9f6d8c1534e: start FollowerState
2019-09-19 10:45:02,995 [pool-27-thread-1] INFO  util.JmxRegister (JmxRegister.java:tryRegister(44)) - Successfully registered JMX Bean with object name Ratis:service=RaftServer,group=group-EC4BF283B927,id=6b4db361-80c8-4463-ae57-b9f6d8c1534e
2019-09-19 10:45:03,005 [RatisPipelineUtilsThread] INFO  pipeline.PipelineStateManager (PipelineStateManager.java:addPipeline(56)) - Created pipeline Pipeline[ Id: c44c06e4-21ba-4b1e-b6e2-ec4bf283b927, Nodes: 6b4db361-80c8-4463-ae57-b9f6d8c1534e{ip: 192.168.157.204, host: pr-hdds-1569-cpgw4-1311585219, networkLocation: /default-rack, certSerialId: null}, Type:RATIS, Factor:ONE, State:OPEN]
2019-09-19 10:45:03,008 [RatisPipelineUtilsThread] ERROR pipeline.PipelinePlacementPolicy (PipelinePlacementPolicy.java:meetCriteria(91)) - Pipeline Placement: Doesn't meet the criteria to be viable node. Heaviness: 6
2019-09-19 10:45:03,020 [grpc-default-executor-0] INFO  impl.RaftServerProxy (RaftServerProxy.java:addNew(89)) - 43c3a3a3-e4f9-4e82-99c6-0d62df714a4a: addNew group-A4F43BA73192:[43c3a3a3-e4f9-4e82-99c6-0d62df714a4a:192.168.157.204:35746] returns group-A4F43BA73192:java.util.concurrent.CompletableFuture@463d40e4[Not completed]
2019-09-19 10:45:03,022 [pool-38-thread-1] INFO  impl.RaftServerImpl (RaftServerImpl.java:<init>(93)) - 43c3a3a3-e4f9-4e82-99c6-0d62df714a4a: new RaftServerImpl for group-A4F43BA73192:[43c3a3a3-e4f9-4e82-99c6-0d62df714a4a:192.168.157.204:35746] with ContainerStateMachine:uninitialized
2019-09-19 10:45:03,022 [pool-38-thread-1] INFO  server.RaftServerConfigKeys (ConfUtils.java:logGet(43)) - raft.server.rpc.timeout.min = 5s (custom)
2019-09-19 10:45:03,022 [pool-38-thread-1] INFO  server.RaftServerConfigKeys (ConfUtils.java:logGet(43)) - raft.server.rpc.timeout.max = 5200ms (custom)
2019-09-19 10:45:03,022 [pool-38-thread-1] INFO  server.RaftServerConfigKeys (ConfUtils.java:logGet(43)) - raft.server.rpcslowness.timeout = 120s (custom)
2019-09-19 10:45:03,022 [pool-38-thread-1] INFO  server.RaftServerConfigKeys (ConfUtils.java:logGet(43)) - raft.server.sleep.deviation.threshold = 300 (default)
2019-09-19 10:45:03,022 [pool-38-thread-1] INFO  server.RaftServerConfigKeys (ConfUtils.java:logGet(43)) - raft.server.log.appender.install.snapshot.enabled = false (custom)
2019-09-19 10:45:03,022 [pool-38-thread-1] INFO  impl.RaftServerImpl (ServerState.java:<init>(105)) - 43c3a3a3-e4f9-4e82-99c6-0d62df714a4a:group-A4F43BA73192 ConfigurationManager, init=-1: [43c3a3a3-e4f9-4e82-99c6-0d62df714a4a:192.168.157.204:35746], old=null, confs=<EMPTY_MAP>
2019-09-19 10:45:03,023 [pool-38-thread-1] INFO  server.RaftServerConfigKeys (ConfUtils.java:logGet(43)) - raft.server.storage.dir = [/workdir/hadoop-ozone/tools/target/test-dir/MiniOzoneClusterImpl-fb1be2cc-0df5-4edc-832d-164f8289558f/datanode-1/data/ratis] (custom)
2019-09-19 10:45:03,023 [pool-38-thread-1] INFO  storage.RaftStorageDirectory (RaftStorageDirectory.java:analyzeStorage(246)) - The storage directory /workdir/hadoop-ozone/tools/target/test-dir/MiniOzoneClusterImpl-fb1be2cc-0df5-4edc-832d-164f8289558f/datanode-1/data/ratis/ab02c529-5cf7-4986-9fae-a4f43ba73192 does not exist. Creating ...
2019-09-19 10:45:03,036 [pool-38-thread-1] INFO  storage.RaftStorageDirectory (RaftStorageDirectory.java:tryLock(328)) - Lock on /workdir/hadoop-ozone/tools/target/test-dir/MiniOzoneClusterImpl-fb1be2cc-0df5-4edc-832d-164f8289558f/datanode-1/data/ratis/ab02c529-5cf7-4986-9fae-a4f43ba73192/in_use.lock acquired by nodename 19289@pr-hdds-1569-cpgw4-1311585219
2019-09-19 10:45:03,048 [pool-38-thread-1] INFO  storage.RaftStorage (RaftStorage.java:format(72)) - Storage directory /workdir/hadoop-ozone/tools/target/test-dir/MiniOzoneClusterImpl-fb1be2cc-0df5-4edc-832d-164f8289558f/datanode-1/data/ratis/ab02c529-5cf7-4986-9fae-a4f43ba73192 has been successfully formatted.
2019-09-19 10:45:03,049 [pool-38-thread-1] INFO  ratis.ContainerStateMachine (ContainerStateMachine.java:loadSnapshot(226)) - group-A4F43BA73192: The snapshot info is null. Setting the last applied indexto:(t:0, i:~)
2019-09-19 10:45:03,049 [pool-38-thread-1] INFO  server.RaftServerConfigKeys (ConfUtils.java:logGet(43)) - raft.server.leader.election.timeout = 120s (custom)
2019-09-19 10:45:03,049 [pool-38-thread-1] INFO  server.RaftServerConfigKeys (ConfUtils.java:logGet(43)) - raft.server.log.use.memory = false (default)
2019-09-19 10:45:03,049 [pool-38-thread-1] INFO  server.RaftServerConfigKeys (ConfUtils.java:logGet(43)) - raft.server.log.purge.gap = 1000000 (custom)
2019-09-19 10:45:03,049 [pool-38-thread-1] INFO  server.RaftServerConfigKeys (ConfUtils.java:logGet(43)) - raft.server.log.appender.buffer.byte-limit = 33554432 (custom)
2019-09-19 10:45:03,050 [pool-38-thread-1] INFO  server.RaftServerConfigKeys (ConfUtils.java:logGet(43)) - raft.server.log.segment.size.max = 1048576 (custom)
2019-09-19 10:45:03,050 [pool-38-thread-1] INFO  server.RaftServerConfigKeys (ConfUtils.java:logGet(43)) - raft.server.log.segment.cache.num.max = 2 (custom)
2019-09-19 10:45:03,050 [pool-38-thread-1] INFO  segmented.SegmentedRaftLogWorker (SegmentedRaftLogWorker.java:<init>(172)) - new 43c3a3a3-e4f9-4e82-99c6-0d62df714a4a-SegmentedRaftLogWorker:Storage Directory /workdir/hadoop-ozone/tools/target/test-dir/MiniOzoneClusterImpl-fb1be2cc-0df5-4edc-832d-164f8289558f/datanode-1/data/ratis/ab02c529-5cf7-4986-9fae-a4f43ba73192 for RaftStorage:Storage Directory /workdir/hadoop-ozone/tools/target/test-dir/MiniOzoneClusterImpl-fb1be2cc-0df5-4edc-832d-164f8289558f/datanode-1/data/ratis/ab02c529-5cf7-4986-9fae-a4f43ba73192
2019-09-19 10:45:03,050 [pool-38-thread-1] INFO  server.RaftServerConfigKeys (ConfUtils.java:logGet(43)) - raft.server.log.queue.byte-limit = 2147483647 (custom)
2019-09-19 10:45:03,050 [pool-38-thread-1] INFO  server.RaftServerConfigKeys (ConfUtils.java:logGet(43)) - raft.server.log.queue.element-limit = 1024 (custom)
2019-09-19 10:45:03,050 [pool-38-thread-1] INFO  server.RaftServerConfigKeys (ConfUtils.java:logGet(43)) - raft.server.log.segment.size.max = 1048576 (custom)
2019-09-19 10:45:03,050 [pool-38-thread-1] INFO  server.RaftServerConfigKeys (ConfUtils.java:logGet(43)) - raft.server.log.preallocated.size = 16384 (custom)
2019-09-19 10:45:03,051 [pool-38-thread-1] INFO  server.RaftServerConfigKeys (ConfUtils.java:logGet(43)) - raft.server.log.write.buffer.size = 33554432 (custom)
2019-09-19 10:45:03,051 [pool-38-thread-1] INFO  server.RaftServerConfigKeys (ConfUtils.java:logGet(43)) - raft.server.log.force.sync.num = 128 (default)
2019-09-19 10:45:03,051 [pool-38-thread-1] INFO  server.RaftServerConfigKeys (ConfUtils.java:logGet(43)) - raft.server.log.statemachine.data.sync = true (default)
2019-09-19 10:45:03,051 [pool-38-thread-1] INFO  server.RaftServerConfigKeys (ConfUtils.java:logGet(43)) - raft.server.log.statemachine.data.sync.timeout = 10s (default)
2019-09-19 10:45:03,051 [pool-38-thread-1] INFO  server.RaftServerConfigKeys (ConfUtils.java:logGet(43)) - raft.server.log.statemachine.data.sync.timeout.retry = -1 (default)
2019-09-19 10:45:03,051 [pool-38-thread-1] INFO  server.RaftServerConfigKeys (ConfUtils.java:logGet(43)) - raft.server.log.statemachine.data.caching.enabled = true (custom)
2019-09-19 10:45:03,052 [pool-38-thread-1] INFO  segmented.SegmentedRaftLogWorker (SegmentedRaftLogWorker.java:lambda$new$0(132)) - 43c3a3a3-e4f9-4e82-99c6-0d62df714a4a-SegmentedRaftLogWorker:Storage Directory /workdir/hadoop-ozone/tools/target/test-dir/MiniOzoneClusterImpl-fb1be2cc-0df5-4edc-832d-164f8289558f/datanode-1/data/ratis/ab02c529-5cf7-4986-9fae-a4f43ba73192: flushIndex: setUnconditionally 0 -> -1
2019-09-19 10:45:03,052 [pool-38-thread-1] INFO  server.RaftServerConfigKeys (ConfUtils.java:logGet(43)) - raft.server.snapshot.auto.trigger.enabled = true (custom)
2019-09-19 10:45:03,052 [pool-38-thread-1] INFO  server.RaftServerConfigKeys (ConfUtils.java:logGet(43)) - raft.server.snapshot.auto.trigger.threshold = 10000 (custom)
2019-09-19 10:45:03,052 [pool-38-thread-1] INFO  server.RaftServerConfigKeys (ConfUtils.java:logGet(43)) - raft.server.retrycache.expirytime = 600000ms (custom)
2019-09-19 10:45:03,053 [pool-38-thread-1] INFO  impl.RaftServerImpl (RaftServerImpl.java:start(180)) - 43c3a3a3-e4f9-4e82-99c6-0d62df714a4a: start group-A4F43BA73192
2019-09-19 10:45:03,053 [pool-38-thread-1] INFO  impl.RaftServerImpl (RaftServerImpl.java:setRole(171)) - 43c3a3a3-e4f9-4e82-99c6-0d62df714a4a:group-A4F43BA73192 changes role from null to FOLLOWER at term 0 for startAsFollower
2019-09-19 10:45:03,053 [pool-38-thread-1] INFO  impl.RoleInfo (RoleInfo.java:updateAndGet(143)) - 43c3a3a3-e4f9-4e82-99c6-0d62df714a4a: start FollowerState
2019-09-19 10:45:03,053 [pool-38-thread-1] INFO  util.JmxRegister (JmxRegister.java:tryRegister(44)) - Successfully registered JMX Bean with object name Ratis:service=RaftServer,group=group-A4F43BA73192,id=43c3a3a3-e4f9-4e82-99c6-0d62df714a4a
2019-09-19 10:45:03,058 [main] INFO  ozone.MiniOzoneClusterImpl (MiniOzoneClusterImpl.java:lambda$waitForClusterToBeReady$0(142)) - Cluster is ready. Got 3 of 3 DN Heartbeats.
2019-09-19 10:45:03,060 [RatisPipelineUtilsThread] INFO  pipeline.PipelineStateManager (PipelineStateManager.java:addPipeline(56)) - Created pipeline Pipeline[ Id: ab02c529-5cf7-4986-9fae-a4f43ba73192, Nodes: 43c3a3a3-e4f9-4e82-99c6-0d62df714a4a{ip: 192.168.157.204, host: pr-hdds-1569-cpgw4-1311585219, networkLocation: /default-rack, certSerialId: null}, Type:RATIS, Factor:ONE, State:OPEN]
2019-09-19 10:45:03,060 [RatisPipelineUtilsThread] ERROR pipeline.PipelinePlacementPolicy (PipelinePlacementPolicy.java:meetCriteria(91)) - Pipeline Placement: Doesn't meet the criteria to be viable node. Heaviness: 6
2019-09-19 10:45:03,069 [grpc-default-executor-0] INFO  impl.RaftServerProxy (RaftServerProxy.java:addNew(89)) - d0ded852-0a77-481a-a680-10e5e190379c: addNew group-071FEDBAD461:[d0ded852-0a77-481a-a680-10e5e190379c:192.168.157.204:45896] returns group-071FEDBAD461:java.util.concurrent.CompletableFuture@780f2089[Not completed]
2019-09-19 10:45:03,070 [pool-49-thread-1] INFO  impl.RaftServerImpl (RaftServerImpl.java:<init>(93)) - d0ded852-0a77-481a-a680-10e5e190379c: new RaftServerImpl for group-071FEDBAD461:[d0ded852-0a77-481a-a680-10e5e190379c:192.168.157.204:45896] with ContainerStateMachine:uninitialized
2019-09-19 10:45:03,070 [pool-49-thread-1] INFO  server.RaftServerConfigKeys (ConfUtils.java:logGet(43)) - raft.server.rpc.timeout.min = 5s (custom)
2019-09-19 10:45:03,070 [pool-49-thread-1] INFO  server.RaftServerConfigKeys (ConfUtils.java:logGet(43)) - raft.server.rpc.timeout.max = 5200ms (custom)
2019-09-19 10:45:03,070 [pool-49-thread-1] INFO  server.RaftServerConfigKeys (ConfUtils.java:logGet(43)) - raft.server.rpcslowness.timeout = 120s (custom)
2019-09-19 10:45:03,071 [pool-49-thread-1] INFO  server.RaftServerConfigKeys (ConfUtils.java:logGet(43)) - raft.server.sleep.deviation.threshold = 300 (default)
2019-09-19 10:45:03,071 [pool-49-thread-1] INFO  server.RaftServerConfigKeys (ConfUtils.java:logGet(43)) - raft.server.log.appender.install.snapshot.enabled = false (custom)
2019-09-19 10:45:03,071 [pool-49-thread-1] INFO  impl.RaftServerImpl (ServerState.java:<init>(105)) - d0ded852-0a77-481a-a680-10e5e190379c:group-071FEDBAD461 ConfigurationManager, init=-1: [d0ded852-0a77-481a-a680-10e5e190379c:192.168.157.204:45896], old=null, confs=<EMPTY_MAP>
2019-09-19 10:45:03,071 [pool-49-thread-1] INFO  server.RaftServerConfigKeys (ConfUtils.java:logGet(43)) - raft.server.storage.dir = [/workdir/hadoop-ozone/tools/target/test-dir/MiniOzoneClusterImpl-fb1be2cc-0df5-4edc-832d-164f8289558f/datanode-2/data/ratis] (custom)
2019-09-19 10:45:03,071 [pool-49-thread-1] INFO  storage.RaftStorageDirectory (RaftStorageDirectory.java:analyzeStorage(246)) - The storage directory /workdir/hadoop-ozone/tools/target/test-dir/MiniOzoneClusterImpl-fb1be2cc-0df5-4edc-832d-164f8289558f/datanode-2/data/ratis/19ae4b57-6d2f-495e-9e6d-071fedbad461 does not exist. Creating ...
2019-09-19 10:45:03,081 [pool-49-thread-1] INFO  storage.RaftStorageDirectory (RaftStorageDirectory.java:tryLock(328)) - Lock on /workdir/hadoop-ozone/tools/target/test-dir/MiniOzoneClusterImpl-fb1be2cc-0df5-4edc-832d-164f8289558f/datanode-2/data/ratis/19ae4b57-6d2f-495e-9e6d-071fedbad461/in_use.lock acquired by nodename 19289@pr-hdds-1569-cpgw4-1311585219
2019-09-19 10:45:03,094 [pool-49-thread-1] INFO  storage.RaftStorage (RaftStorage.java:format(72)) - Storage directory /workdir/hadoop-ozone/tools/target/test-dir/MiniOzoneClusterImpl-fb1be2cc-0df5-4edc-832d-164f8289558f/datanode-2/data/ratis/19ae4b57-6d2f-495e-9e6d-071fedbad461 has been successfully formatted.
2019-09-19 10:45:03,094 [pool-49-thread-1] INFO  ratis.ContainerStateMachine (ContainerStateMachine.java:loadSnapshot(226)) - group-071FEDBAD461: The snapshot info is null. Setting the last applied indexto:(t:0, i:~)
2019-09-19 10:45:03,095 [pool-49-thread-1] INFO  server.RaftServerConfigKeys (ConfUtils.java:logGet(43)) - raft.server.leader.election.timeout = 120s (custom)
2019-09-19 10:45:03,095 [pool-49-thread-1] INFO  server.RaftServerConfigKeys (ConfUtils.java:logGet(43)) - raft.server.log.use.memory = false (default)
2019-09-19 10:45:03,095 [pool-49-thread-1] INFO  server.RaftServerConfigKeys (ConfUtils.java:logGet(43)) - raft.server.log.purge.gap = 1000000 (custom)
2019-09-19 10:45:03,095 [pool-49-thread-1] INFO  server.RaftServerConfigKeys (ConfUtils.java:logGet(43)) - raft.server.log.appender.buffer.byte-limit = 33554432 (custom)
2019-09-19 10:45:03,095 [pool-49-thread-1] INFO  server.RaftServerConfigKeys (ConfUtils.java:logGet(43)) - raft.server.log.segment.size.max = 1048576 (custom)
2019-09-19 10:45:03,095 [pool-49-thread-1] INFO  server.RaftServerConfigKeys (ConfUtils.java:logGet(43)) - raft.server.log.segment.cache.num.max = 2 (custom)
2019-09-19 10:45:03,095 [pool-49-thread-1] INFO  segmented.SegmentedRaftLogWorker (SegmentedRaftLogWorker.java:<init>(172)) - new d0ded852-0a77-481a-a680-10e5e190379c-SegmentedRaftLogWorker:Storage Directory /workdir/hadoop-ozone/tools/target/test-dir/MiniOzoneClusterImpl-fb1be2cc-0df5-4edc-832d-164f8289558f/datanode-2/data/ratis/19ae4b57-6d2f-495e-9e6d-071fedbad461 for RaftStorage:Storage Directory /workdir/hadoop-ozone/tools/target/test-dir/MiniOzoneClusterImpl-fb1be2cc-0df5-4edc-832d-164f8289558f/datanode-2/data/ratis/19ae4b57-6d2f-495e-9e6d-071fedbad461
2019-09-19 10:45:03,096 [pool-49-thread-1] INFO  server.RaftServerConfigKeys (ConfUtils.java:logGet(43)) - raft.server.log.queue.byte-limit = 2147483647 (custom)
2019-09-19 10:45:03,096 [pool-49-thread-1] INFO  server.RaftServerConfigKeys (ConfUtils.java:logGet(43)) - raft.server.log.queue.element-limit = 1024 (custom)
2019-09-19 10:45:03,096 [pool-49-thread-1] INFO  server.RaftServerConfigKeys (ConfUtils.java:logGet(43)) - raft.server.log.segment.size.max = 1048576 (custom)
2019-09-19 10:45:03,096 [pool-49-thread-1] INFO  server.RaftServerConfigKeys (ConfUtils.java:logGet(43)) - raft.server.log.preallocated.size = 16384 (custom)
2019-09-19 10:45:03,096 [pool-49-thread-1] INFO  server.RaftServerConfigKeys (ConfUtils.java:logGet(43)) - raft.server.log.write.buffer.size = 33554432 (custom)
2019-09-19 10:45:03,096 [pool-49-thread-1] INFO  server.RaftServerConfigKeys (ConfUtils.java:logGet(43)) - raft.server.log.force.sync.num = 128 (default)
2019-09-19 10:45:03,096 [pool-49-thread-1] INFO  server.RaftServerConfigKeys (ConfUtils.java:logGet(43)) - raft.server.log.statemachine.data.sync = true (default)
2019-09-19 10:45:03,097 [pool-49-thread-1] INFO  server.RaftServerConfigKeys (ConfUtils.java:logGet(43)) - raft.server.log.statemachine.data.sync.timeout = 10s (default)
2019-09-19 10:45:03,097 [pool-49-thread-1] INFO  server.RaftServerConfigKeys (ConfUtils.java:logGet(43)) - raft.server.log.statemachine.data.sync.timeout.retry = -1 (default)
2019-09-19 10:45:03,097 [pool-49-thread-1] INFO  server.RaftServerConfigKeys (ConfUtils.java:logGet(43)) - raft.server.log.statemachine.data.caching.enabled = true (custom)
2019-09-19 10:45:03,097 [pool-49-thread-1] INFO  segmented.SegmentedRaftLogWorker (SegmentedRaftLogWorker.java:lambda$new$0(132)) - d0ded852-0a77-481a-a680-10e5e190379c-SegmentedRaftLogWorker:Storage Directory /workdir/hadoop-ozone/tools/target/test-dir/MiniOzoneClusterImpl-fb1be2cc-0df5-4edc-832d-164f8289558f/datanode-2/data/ratis/19ae4b57-6d2f-495e-9e6d-071fedbad461: flushIndex: setUnconditionally 0 -> -1
2019-09-19 10:45:03,098 [pool-49-thread-1] INFO  server.RaftServerConfigKeys (ConfUtils.java:logGet(43)) - raft.server.snapshot.auto.trigger.enabled = true (custom)
2019-09-19 10:45:03,098 [pool-49-thread-1] INFO  server.RaftServerConfigKeys (ConfUtils.java:logGet(43)) - raft.server.snapshot.auto.trigger.threshold = 10000 (custom)
2019-09-19 10:45:03,098 [pool-49-thread-1] INFO  server.RaftServerConfigKeys (ConfUtils.java:logGet(43)) - raft.server.retrycache.expirytime = 600000ms (custom)
2019-09-19 10:45:03,098 [pool-49-thread-1] INFO  impl.RaftServerImpl (RaftServerImpl.java:start(180)) - d0ded852-0a77-481a-a680-10e5e190379c: start group-071FEDBAD461
2019-09-19 10:45:03,098 [pool-49-thread-1] INFO  impl.RaftServerImpl (RaftServerImpl.java:setRole(171)) - d0ded852-0a77-481a-a680-10e5e190379c:group-071FEDBAD461 changes role from null to FOLLOWER at term 0 for startAsFollower
2019-09-19 10:45:03,099 [pool-49-thread-1] INFO  impl.RoleInfo (RoleInfo.java:updateAndGet(143)) - d0ded852-0a77-481a-a680-10e5e190379c: start FollowerState
2019-09-19 10:45:03,099 [pool-49-thread-1] INFO  util.JmxRegister (JmxRegister.java:tryRegister(44)) - Successfully registered JMX Bean with object name Ratis:service=RaftServer,group=group-071FEDBAD461,id=d0ded852-0a77-481a-a680-10e5e190379c
2019-09-19 10:45:03,168 | INFO  | SCMAudit | user=jenkins1000 | ip=192.168.157.204 | op=SEND_HEARTBEAT {datanodeUUID=6b4db361-80c8-4463-ae57-b9f6d8c1534e, command=[]} | ret=SUCCESS |  
2019-09-19 10:45:03,171 [RatisPipelineUtilsThread] INFO  pipeline.PipelineStateManager (PipelineStateManager.java:addPipeline(56)) - Created pipeline Pipeline[ Id: 19ae4b57-6d2f-495e-9e6d-071fedbad461, Nodes: d0ded852-0a77-481a-a680-10e5e190379c{ip: 192.168.157.204, host: pr-hdds-1569-cpgw4-1311585219, networkLocation: /default-rack, certSerialId: null}, Type:RATIS, Factor:ONE, State:OPEN]
2019-09-19 10:45:03,172 [RatisPipelineUtilsThread] ERROR pipeline.PipelinePlacementPolicy (PipelinePlacementPolicy.java:meetCriteria(91)) - Pipeline Placement: Doesn't meet the criteria to be viable node. Heaviness: 6
2019-09-19 10:45:03,182 [grpc-default-executor-0] INFO  impl.RaftServerProxy (RaftServerProxy.java:addNew(89)) - 43c3a3a3-e4f9-4e82-99c6-0d62df714a4a: addNew group-C467639CE6EF:[43c3a3a3-e4f9-4e82-99c6-0d62df714a4a:192.168.157.204:35746] returns group-C467639CE6EF:java.util.concurrent.CompletableFuture@4b7b7512[Not completed]
2019-09-19 10:45:03,183 [pool-38-thread-1] INFO  impl.RaftServerImpl (RaftServerImpl.java:<init>(93)) - 43c3a3a3-e4f9-4e82-99c6-0d62df714a4a: new RaftServerImpl for group-C467639CE6EF:[43c3a3a3-e4f9-4e82-99c6-0d62df714a4a:192.168.157.204:35746] with ContainerStateMachine:uninitialized
2019-09-19 10:45:03,183 [pool-38-thread-1] INFO  server.RaftServerConfigKeys (ConfUtils.java:logGet(43)) - raft.server.rpc.timeout.min = 5s (custom)
2019-09-19 10:45:03,183 [pool-38-thread-1] INFO  server.RaftServerConfigKeys (ConfUtils.java:logGet(43)) - raft.server.rpc.timeout.max = 5200ms (custom)
2019-09-19 10:45:03,183 [pool-38-thread-1] INFO  server.RaftServerConfigKeys (ConfUtils.java:logGet(43)) - raft.server.rpcslowness.timeout = 120s (custom)
2019-09-19 10:45:03,183 [pool-38-thread-1] INFO  server.RaftServerConfigKeys (ConfUtils.java:logGet(43)) - raft.server.sleep.deviation.threshold = 300 (default)
2019-09-19 10:45:03,183 [pool-38-thread-1] INFO  server.RaftServerConfigKeys (ConfUtils.java:logGet(43)) - raft.server.log.appender.install.snapshot.enabled = false (custom)
2019-09-19 10:45:03,184 [pool-38-thread-1] INFO  impl.RaftServerImpl (ServerState.java:<init>(105)) - 43c3a3a3-e4f9-4e82-99c6-0d62df714a4a:group-C467639CE6EF ConfigurationManager, init=-1: [43c3a3a3-e4f9-4e82-99c6-0d62df714a4a:192.168.157.204:35746], old=null, confs=<EMPTY_MAP>
2019-09-19 10:45:03,184 [pool-38-thread-1] INFO  server.RaftServerConfigKeys (ConfUtils.java:logGet(43)) - raft.server.storage.dir = [/workdir/hadoop-ozone/tools/target/test-dir/MiniOzoneClusterImpl-fb1be2cc-0df5-4edc-832d-164f8289558f/datanode-1/data/ratis] (custom)
2019-09-19 10:45:03,184 [pool-38-thread-1] INFO  storage.RaftStorageDirectory (RaftStorageDirectory.java:analyzeStorage(246)) - The storage directory /workdir/hadoop-ozone/tools/target/test-dir/MiniOzoneClusterImpl-fb1be2cc-0df5-4edc-832d-164f8289558f/datanode-1/data/ratis/cd8eaa88-a90e-44d1-b5b7-c467639ce6ef does not exist. Creating ...
2019-09-19 10:45:03,424 | INFO  | SCMAudit | user=jenkins1000 | ip=192.168.157.204 | op=SEND_HEARTBEAT {datanodeUUID=43c3a3a3-e4f9-4e82-99c6-0d62df714a4a, command=[]} | ret=SUCCESS |  
2019-09-19 10:45:03,454 [main] INFO  freon.RandomKeyGenerator (RandomKeyGenerator.java:call(275)) - Number of Threads: 10
2019-09-19 10:45:03,455 [main] INFO  freon.RandomKeyGenerator (RandomKeyGenerator.java:call(280)) - Number of Volumes: 1.
2019-09-19 10:45:03,455 [main] INFO  freon.RandomKeyGenerator (RandomKeyGenerator.java:call(281)) - Number of Buckets per Volume: 1.
2019-09-19 10:45:03,455 [main] INFO  freon.RandomKeyGenerator (RandomKeyGenerator.java:call(282)) - Number of Keys per Bucket: 1.
2019-09-19 10:45:03,455 [main] INFO  freon.RandomKeyGenerator (RandomKeyGenerator.java:call(283)) - Key size: 20971520 bytes
2019-09-19 10:45:03,456 [main] INFO  freon.RandomKeyGenerator (RandomKeyGenerator.java:call(284)) - Buffer size: 4096 bytes
2019-09-19 10:45:03,459 [main] INFO  freon.RandomKeyGenerator (RandomKeyGenerator.java:call(298)) - Data validation is enabled.
2019-09-19 10:45:03,461 [main] INFO  freon.RandomKeyGenerator (RandomKeyGenerator.java:call(304)) - Starting progress bar Thread.

 0.00% |█                                                                                                    |  0/1 Time: 0:00:002019-09-19 10:45:03,487 [pool-56-thread-1] INFO  rpc.RpcClient (RpcClient.java:createVolume(293)) - Creating Volume: vol-0-35705, with jenkins1000 as owner.
2019-09-19 10:45:03,539 | INFO  | OMAudit | user=jenkins1000 | ip=127.0.0.1 | op=CREATE_VOLUME {admin=jenkins1000, owner=jenkins1000, volume=vol-0-35705, creationTime=1568889903503, quotaInBytes=1152921504606846976} | ret=SUCCESS |  
2019-09-19 10:45:03,552 | INFO  | OMAudit | user=jenkins1000 | ip=127.0.0.1 | op=READ_VOLUME {volume=vol-0-35705} | ret=SUCCESS |  
2019-09-19 10:45:03,565 [pool-56-thread-2] INFO  rpc.RpcClient (RpcClient.java:createBucket(432)) - Creating Bucket: vol-0-35705/bucket-0-20035, with Versioning false and Storage Type set to DISK and Encryption set to false 
2019-09-19 10:45:03,581 | INFO  | OMAudit | user=jenkins1000 | ip=127.0.0.1 | op=CREATE_BUCKET {volume=vol-0-35705, bucket=bucket-0-20035, acls=[user:jenkins1000:a[ACCESS], group:default:a[ACCESS]], isVersionEnabled=false, storageType=DISK, creationTime=0} | ret=SUCCESS |  
2019-09-19 10:45:03,587 | INFO  | OMAudit | user=jenkins1000 | ip=127.0.0.1 | op=READ_BUCKET {volume=vol-0-35705, bucket=bucket-0-20035} | ret=SUCCESS |  
2019-09-19 10:45:03,893 [pool-38-thread-1] INFO  storage.RaftStorageDirectory (RaftStorageDirectory.java:tryLock(328)) - Lock on /workdir/hadoop-ozone/tools/target/test-dir/MiniOzoneClusterImpl-fb1be2cc-0df5-4edc-832d-164f8289558f/datanode-1/data/ratis/cd8eaa88-a90e-44d1-b5b7-c467639ce6ef/in_use.lock acquired by nodename 19289@pr-hdds-1569-cpgw4-1311585219
2019-09-19 10:45:03,907 [pool-38-thread-1] INFO  storage.RaftStorage (RaftStorage.java:format(72)) - Storage directory /workdir/hadoop-ozone/tools/target/test-dir/MiniOzoneClusterImpl-fb1be2cc-0df5-4edc-832d-164f8289558f/datanode-1/data/ratis/cd8eaa88-a90e-44d1-b5b7-c467639ce6ef has been successfully formatted.
2019-09-19 10:45:03,908 [pool-38-thread-1] INFO  ratis.ContainerStateMachine (ContainerStateMachine.java:loadSnapshot(226)) - group-C467639CE6EF: The snapshot info is null. Setting the last applied indexto:(t:0, i:~)
2019-09-19 10:45:03,908 [pool-38-thread-1] INFO  server.RaftServerConfigKeys (ConfUtils.java:logGet(43)) - raft.server.leader.election.timeout = 120s (custom)
2019-09-19 10:45:03,908 [pool-38-thread-1] INFO  server.RaftServerConfigKeys (ConfUtils.java:logGet(43)) - raft.server.log.use.memory = false (default)
2019-09-19 10:45:03,908 [pool-38-thread-1] INFO  server.RaftServerConfigKeys (ConfUtils.java:logGet(43)) - raft.server.log.purge.gap = 1000000 (custom)
2019-09-19 10:45:03,908 [pool-38-thread-1] INFO  server.RaftServerConfigKeys (ConfUtils.java:logGet(43)) - raft.server.log.appender.buffer.byte-limit = 33554432 (custom)
2019-09-19 10:45:03,908 [pool-38-thread-1] INFO  server.RaftServerConfigKeys (ConfUtils.java:logGet(43)) - raft.server.log.segment.size.max = 1048576 (custom)
2019-09-19 10:45:03,908 [pool-38-thread-1] INFO  server.RaftServerConfigKeys (ConfUtils.java:logGet(43)) - raft.server.log.segment.cache.num.max = 2 (custom)
2019-09-19 10:45:03,909 [pool-38-thread-1] INFO  segmented.SegmentedRaftLogWorker (SegmentedRaftLogWorker.java:<init>(172)) - new 43c3a3a3-e4f9-4e82-99c6-0d62df714a4a-SegmentedRaftLogWorker:Storage Directory /workdir/hadoop-ozone/tools/target/test-dir/MiniOzoneClusterImpl-fb1be2cc-0df5-4edc-832d-164f8289558f/datanode-1/data/ratis/cd8eaa88-a90e-44d1-b5b7-c467639ce6ef for RaftStorage:Storage Directory /workdir/hadoop-ozone/tools/target/test-dir/MiniOzoneClusterImpl-fb1be2cc-0df5-4edc-832d-164f8289558f/datanode-1/data/ratis/cd8eaa88-a90e-44d1-b5b7-c467639ce6ef
2019-09-19 10:45:03,909 [pool-38-thread-1] INFO  server.RaftServerConfigKeys (ConfUtils.java:logGet(43)) - raft.server.log.queue.byte-limit = 2147483647 (custom)
2019-09-19 10:45:03,909 [pool-38-thread-1] INFO  server.RaftServerConfigKeys (ConfUtils.java:logGet(43)) - raft.server.log.queue.element-limit = 1024 (custom)
2019-09-19 10:45:03,909 [pool-38-thread-1] INFO  server.RaftServerConfigKeys (ConfUtils.java:logGet(43)) - raft.server.log.segment.size.max = 1048576 (custom)
2019-09-19 10:45:03,909 [pool-38-thread-1] INFO  server.RaftServerConfigKeys (ConfUtils.java:logGet(43)) - raft.server.log.preallocated.size = 16384 (custom)
2019-09-19 10:45:03,909 [pool-38-thread-1] INFO  server.RaftServerConfigKeys (ConfUtils.java:logGet(43)) - raft.server.log.write.buffer.size = 33554432 (custom)
2019-09-19 10:45:03,909 [pool-38-thread-1] INFO  server.RaftServerConfigKeys (ConfUtils.java:logGet(43)) - raft.server.log.force.sync.num = 128 (default)
2019-09-19 10:45:03,909 [pool-38-thread-1] INFO  server.RaftServerConfigKeys (ConfUtils.java:logGet(43)) - raft.server.log.statemachine.data.sync = true (default)
2019-09-19 10:45:03,909 [pool-38-thread-1] INFO  server.RaftServerConfigKeys (ConfUtils.java:logGet(43)) - raft.server.log.statemachine.data.sync.timeout = 10s (default)
2019-09-19 10:45:03,910 [pool-38-thread-1] INFO  server.RaftServerConfigKeys (ConfUtils.java:logGet(43)) - raft.server.log.statemachine.data.sync.timeout.retry = -1 (default)
2019-09-19 10:45:03,910 [pool-38-thread-1] INFO  server.RaftServerConfigKeys (ConfUtils.java:logGet(43)) - raft.server.log.statemachine.data.caching.enabled = true (custom)
2019-09-19 10:45:03,910 [pool-38-thread-1] INFO  segmented.SegmentedRaftLogWorker (SegmentedRaftLogWorker.java:lambda$new$0(132)) - 43c3a3a3-e4f9-4e82-99c6-0d62df714a4a-SegmentedRaftLogWorker:Storage Directory /workdir/hadoop-ozone/tools/target/test-dir/MiniOzoneClusterImpl-fb1be2cc-0df5-4edc-832d-164f8289558f/datanode-1/data/ratis/cd8eaa88-a90e-44d1-b5b7-c467639ce6ef: flushIndex: setUnconditionally 0 -> -1
2019-09-19 10:45:03,910 [pool-38-thread-1] INFO  server.RaftServerConfigKeys (ConfUtils.java:logGet(43)) - raft.server.snapshot.auto.trigger.enabled = true (custom)
2019-09-19 10:45:03,910 [pool-38-thread-1] INFO  server.RaftServerConfigKeys (ConfUtils.java:logGet(43)) - raft.server.snapshot.auto.trigger.threshold = 10000 (custom)
2019-09-19 10:45:03,911 [pool-38-thread-1] INFO  server.RaftServerConfigKeys (ConfUtils.java:logGet(43)) - raft.server.retrycache.expirytime = 600000ms (custom)
2019-09-19 10:45:03,911 [pool-38-thread-1] INFO  impl.RaftServerImpl (RaftServerImpl.java:start(180)) - 43c3a3a3-e4f9-4e82-99c6-0d62df714a4a: start group-C467639CE6EF
2019-09-19 10:45:03,911 [pool-38-thread-1] INFO  impl.RaftServerImpl (RaftServerImpl.java:setRole(171)) - 43c3a3a3-e4f9-4e82-99c6-0d62df714a4a:group-C467639CE6EF changes role from null to FOLLOWER at term 0 for startAsFollower
2019-09-19 10:45:03,911 [pool-38-thread-1] INFO  impl.RoleInfo (RoleInfo.java:updateAndGet(143)) - 43c3a3a3-e4f9-4e82-99c6-0d62df714a4a: start FollowerState
2019-09-19 10:45:03,911 [pool-38-thread-1] INFO  util.JmxRegister (JmxRegister.java:tryRegister(44)) - Successfully registered JMX Bean with object name Ratis:service=RaftServer,group=group-C467639CE6EF,id=43c3a3a3-e4f9-4e82-99c6-0d62df714a4a
2019-09-19 10:45:03,919 [RatisPipelineUtilsThread] INFO  pipeline.PipelineStateManager (PipelineStateManager.java:addPipeline(56)) - Created pipeline Pipeline[ Id: cd8eaa88-a90e-44d1-b5b7-c467639ce6ef, Nodes: 43c3a3a3-e4f9-4e82-99c6-0d62df714a4a{ip: 192.168.157.204, host: pr-hdds-1569-cpgw4-1311585219, networkLocation: /default-rack, certSerialId: null}, Type:RATIS, Factor:ONE, State:OPEN]
2019-09-19 10:45:03,919 [RatisPipelineUtilsThread] ERROR pipeline.PipelinePlacementPolicy (PipelinePlacementPolicy.java:meetCriteria(91)) - Pipeline Placement: Doesn't meet the criteria to be viable node. Heaviness: 6
2019-09-19 10:45:03,931 [grpc-default-executor-0] INFO  impl.RaftServerProxy (RaftServerProxy.java:addNew(89)) - 43c3a3a3-e4f9-4e82-99c6-0d62df714a4a: addNew group-11D392082BB2:[43c3a3a3-e4f9-4e82-99c6-0d62df714a4a:192.168.157.204:35746] returns group-11D392082BB2:java.util.concurrent.CompletableFuture@1f43938b[Not completed]
2019-09-19 10:45:03,932 [pool-38-thread-1] INFO  impl.RaftServerImpl (RaftServerImpl.java:<init>(93)) - 43c3a3a3-e4f9-4e82-99c6-0d62df714a4a: new RaftServerImpl for group-11D392082BB2:[43c3a3a3-e4f9-4e82-99c6-0d62df714a4a:192.168.157.204:35746] with ContainerStateMachine:uninitialized
2019-09-19 10:45:03,932 [pool-38-thread-1] INFO  server.RaftServerConfigKeys (ConfUtils.java:logGet(43)) - raft.server.rpc.timeout.min = 5s (custom)
2019-09-19 10:45:03,932 [pool-38-thread-1] INFO  server.RaftServerConfigKeys (ConfUtils.java:logGet(43)) - raft.server.rpc.timeout.max = 5200ms (custom)
2019-09-19 10:45:03,932 [pool-38-thread-1] INFO  server.RaftServerConfigKeys (ConfUtils.java:logGet(43)) - raft.server.rpcslowness.timeout = 120s (custom)
2019-09-19 10:45:03,932 [pool-38-thread-1] INFO  server.RaftServerConfigKeys (ConfUtils.java:logGet(43)) - raft.server.sleep.deviation.threshold = 300 (default)
2019-09-19 10:45:03,932 [pool-38-thread-1] INFO  server.RaftServerConfigKeys (ConfUtils.java:logGet(43)) - raft.server.log.appender.install.snapshot.enabled = false (custom)
2019-09-19 10:45:03,932 [pool-38-thread-1] INFO  impl.RaftServerImpl (ServerState.java:<init>(105)) - 43c3a3a3-e4f9-4e82-99c6-0d62df714a4a:group-11D392082BB2 ConfigurationManager, init=-1: [43c3a3a3-e4f9-4e82-99c6-0d62df714a4a:192.168.157.204:35746], old=null, confs=<EMPTY_MAP>
2019-09-19 10:45:03,933 [pool-38-thread-1] INFO  server.RaftServerConfigKeys (ConfUtils.java:logGet(43)) - raft.server.storage.dir = [/workdir/hadoop-ozone/tools/target/test-dir/MiniOzoneClusterImpl-fb1be2cc-0df5-4edc-832d-164f8289558f/datanode-1/data/ratis] (custom)
2019-09-19 10:45:03,933 [pool-38-thread-1] INFO  storage.RaftStorageDirectory (RaftStorageDirectory.java:analyzeStorage(246)) - The storage directory /workdir/hadoop-ozone/tools/target/test-dir/MiniOzoneClusterImpl-fb1be2cc-0df5-4edc-832d-164f8289558f/datanode-1/data/ratis/434c8b2d-2841-4aa6-80bc-11d392082bb2 does not exist. Creating ...
2019-09-19 10:45:03,946 [pool-38-thread-1] INFO  storage.RaftStorageDirectory (RaftStorageDirectory.java:tryLock(328)) - Lock on /workdir/hadoop-ozone/tools/target/test-dir/MiniOzoneClusterImpl-fb1be2cc-0df5-4edc-832d-164f8289558f/datanode-1/data/ratis/434c8b2d-2841-4aa6-80bc-11d392082bb2/in_use.lock acquired by nodename 19289@pr-hdds-1569-cpgw4-1311585219
2019-09-19 10:45:03,959 [pool-38-thread-1] INFO  storage.RaftStorage (RaftStorage.java:format(72)) - Storage directory /workdir/hadoop-ozone/tools/target/test-dir/MiniOzoneClusterImpl-fb1be2cc-0df5-4edc-832d-164f8289558f/datanode-1/data/ratis/434c8b2d-2841-4aa6-80bc-11d392082bb2 has been successfully formatted.
2019-09-19 10:45:03,959 [pool-38-thread-1] INFO  ratis.ContainerStateMachine (ContainerStateMachine.java:loadSnapshot(226)) - group-11D392082BB2: The snapshot info is null. Setting the last applied indexto:(t:0, i:~)
2019-09-19 10:45:03,959 [pool-38-thread-1] INFO  server.RaftServerConfigKeys (ConfUtils.java:logGet(43)) - raft.server.leader.election.timeout = 120s (custom)
2019-09-19 10:45:03,959 [pool-38-thread-1] INFO  server.RaftServerConfigKeys (ConfUtils.java:logGet(43)) - raft.server.log.use.memory = false (default)
2019-09-19 10:45:03,959 [pool-38-thread-1] INFO  server.RaftServerConfigKeys (ConfUtils.java:logGet(43)) - raft.server.log.purge.gap = 1000000 (custom)
2019-09-19 10:45:03,959 [pool-38-thread-1] INFO  server.RaftServerConfigKeys (ConfUtils.java:logGet(43)) - raft.server.log.appender.buffer.byte-limit = 33554432 (custom)
2019-09-19 10:45:03,959 [pool-38-thread-1] INFO  server.RaftServerConfigKeys (ConfUtils.java:logGet(43)) - raft.server.log.segment.size.max = 1048576 (custom)
2019-09-19 10:45:03,960 [pool-38-thread-1] INFO  server.RaftServerConfigKeys (ConfUtils.java:logGet(43)) - raft.server.log.segment.cache.num.max = 2 (custom)
2019-09-19 10:45:03,960 [pool-38-thread-1] INFO  segmented.SegmentedRaftLogWorker (SegmentedRaftLogWorker.java:<init>(172)) - new 43c3a3a3-e4f9-4e82-99c6-0d62df714a4a-SegmentedRaftLogWorker:Storage Directory /workdir/hadoop-ozone/tools/target/test-dir/MiniOzoneClusterImpl-fb1be2cc-0df5-4edc-832d-164f8289558f/datanode-1/data/ratis/434c8b2d-2841-4aa6-80bc-11d392082bb2 for RaftStorage:Storage Directory /workdir/hadoop-ozone/tools/target/test-dir/MiniOzoneClusterImpl-fb1be2cc-0df5-4edc-832d-164f8289558f/datanode-1/data/ratis/434c8b2d-2841-4aa6-80bc-11d392082bb2
2019-09-19 10:45:03,960 [pool-38-thread-1] INFO  server.RaftServerConfigKeys (ConfUtils.java:logGet(43)) - raft.server.log.queue.byte-limit = 2147483647 (custom)
2019-09-19 10:45:03,960 [pool-38-thread-1] INFO  server.RaftServerConfigKeys (ConfUtils.java:logGet(43)) - raft.server.log.queue.element-limit = 1024 (custom)
2019-09-19 10:45:03,960 [pool-38-thread-1] INFO  server.RaftServerConfigKeys (ConfUtils.java:logGet(43)) - raft.server.log.segment.size.max = 1048576 (custom)
2019-09-19 10:45:03,960 [pool-38-thread-1] INFO  server.RaftServerConfigKeys (ConfUtils.java:logGet(43)) - raft.server.log.preallocated.size = 16384 (custom)
2019-09-19 10:45:03,960 [pool-38-thread-1] INFO  server.RaftServerConfigKeys (ConfUtils.java:logGet(43)) - raft.server.log.write.buffer.size = 33554432 (custom)
2019-09-19 10:45:03,960 [pool-38-thread-1] INFO  server.RaftServerConfigKeys (ConfUtils.java:logGet(43)) - raft.server.log.force.sync.num = 128 (default)
2019-09-19 10:45:03,961 [pool-38-thread-1] INFO  server.RaftServerConfigKeys (ConfUtils.java:logGet(43)) - raft.server.log.statemachine.data.sync = true (default)
2019-09-19 10:45:03,961 [pool-38-thread-1] INFO  server.RaftServerConfigKeys (ConfUtils.java:logGet(43)) - raft.server.log.statemachine.data.sync.timeout = 10s (default)
2019-09-19 10:45:03,961 [pool-38-thread-1] INFO  server.RaftServerConfigKeys (ConfUtils.java:logGet(43)) - raft.server.log.statemachine.data.sync.timeout.retry = -1 (default)
2019-09-19 10:45:03,961 [pool-38-thread-1] INFO  server.RaftServerConfigKeys (ConfUtils.java:logGet(43)) - raft.server.log.statemachine.data.caching.enabled = true (custom)
2019-09-19 10:45:03,961 [pool-38-thread-1] INFO  segmented.SegmentedRaftLogWorker (SegmentedRaftLogWorker.java:lambda$new$0(132)) - 43c3a3a3-e4f9-4e82-99c6-0d62df714a4a-SegmentedRaftLogWorker:Storage Directory /workdir/hadoop-ozone/tools/target/test-dir/MiniOzoneClusterImpl-fb1be2cc-0df5-4edc-832d-164f8289558f/datanode-1/data/ratis/434c8b2d-2841-4aa6-80bc-11d392082bb2: flushIndex: setUnconditionally 0 -> -1
2019-09-19 10:45:03,962 [pool-38-thread-1] INFO  server.RaftServerConfigKeys (ConfUtils.java:logGet(43)) - raft.server.snapshot.auto.trigger.enabled = true (custom)
2019-09-19 10:45:03,962 [pool-38-thread-1] INFO  server.RaftServerConfigKeys (ConfUtils.java:logGet(43)) - raft.server.snapshot.auto.trigger.threshold = 10000 (custom)
2019-09-19 10:45:03,962 [pool-38-thread-1] INFO  server.RaftServerConfigKeys (ConfUtils.java:logGet(43)) - raft.server.retrycache.expirytime = 600000ms (custom)
2019-09-19 10:45:03,962 [pool-38-thread-1] INFO  impl.RaftServerImpl (RaftServerImpl.java:start(180)) - 43c3a3a3-e4f9-4e82-99c6-0d62df714a4a: start group-11D392082BB2
2019-09-19 10:45:03,962 [pool-38-thread-1] INFO  impl.RaftServerImpl (RaftServerImpl.java:setRole(171)) - 43c3a3a3-e4f9-4e82-99c6-0d62df714a4a:group-11D392082BB2 changes role from null to FOLLOWER at term 0 for startAsFollower
2019-09-19 10:45:03,962 [pool-38-thread-1] INFO  impl.RoleInfo (RoleInfo.java:updateAndGet(143)) - 43c3a3a3-e4f9-4e82-99c6-0d62df714a4a: start FollowerState
2019-09-19 10:45:03,963 [pool-38-thread-1] INFO  util.JmxRegister (JmxRegister.java:tryRegister(44)) - Successfully registered JMX Bean with object name Ratis:service=RaftServer,group=group-11D392082BB2,id=43c3a3a3-e4f9-4e82-99c6-0d62df714a4a
2019-09-19 10:45:03,970 [RatisPipelineUtilsThread] INFO  pipeline.PipelineStateManager (PipelineStateManager.java:addPipeline(56)) - Created pipeline Pipeline[ Id: 434c8b2d-2841-4aa6-80bc-11d392082bb2, Nodes: 43c3a3a3-e4f9-4e82-99c6-0d62df714a4a{ip: 192.168.157.204, host: pr-hdds-1569-cpgw4-1311585219, networkLocation: /default-rack, certSerialId: null}, Type:RATIS, Factor:ONE, State:OPEN]
2019-09-19 10:45:03,971 [RatisPipelineUtilsThread] ERROR pipeline.PipelinePlacementPolicy (PipelinePlacementPolicy.java:meetCriteria(91)) - Pipeline Placement: Doesn't meet the criteria to be viable node. Heaviness: 6
2019-09-19 10:45:03,981 [grpc-default-executor-0] INFO  impl.RaftServerProxy (RaftServerProxy.java:addNew(89)) - 43c3a3a3-e4f9-4e82-99c6-0d62df714a4a: addNew group-283AFBA74942:[43c3a3a3-e4f9-4e82-99c6-0d62df714a4a:192.168.157.204:35746] returns group-283AFBA74942:java.util.concurrent.CompletableFuture@1f8a923[Not completed]
2019-09-19 10:45:03,982 [pool-38-thread-1] INFO  impl.RaftServerImpl (RaftServerImpl.java:<init>(93)) - 43c3a3a3-e4f9-4e82-99c6-0d62df714a4a: new RaftServerImpl for group-283AFBA74942:[43c3a3a3-e4f9-4e82-99c6-0d62df714a4a:192.168.157.204:35746] with ContainerStateMachine:uninitialized
2019-09-19 10:45:03,983 [pool-38-thread-1] INFO  server.RaftServerConfigKeys (ConfUtils.java:logGet(43)) - raft.server.rpc.timeout.min = 5s (custom)
2019-09-19 10:45:03,983 [pool-38-thread-1] INFO  server.RaftServerConfigKeys (ConfUtils.java:logGet(43)) - raft.server.rpc.timeout.max = 5200ms (custom)
2019-09-19 10:45:03,983 [pool-38-thread-1] INFO  server.RaftServerConfigKeys (ConfUtils.java:logGet(43)) - raft.server.rpcslowness.timeout = 120s (custom)
2019-09-19 10:45:03,983 [pool-38-thread-1] INFO  server.RaftServerConfigKeys (ConfUtils.java:logGet(43)) - raft.server.sleep.deviation.threshold = 300 (default)
2019-09-19 10:45:03,983 [pool-38-thread-1] INFO  server.RaftServerConfigKeys (ConfUtils.java:logGet(43)) - raft.server.log.appender.install.snapshot.enabled = false (custom)
2019-09-19 10:45:03,983 [pool-38-thread-1] INFO  impl.RaftServerImpl (ServerState.java:<init>(105)) - 43c3a3a3-e4f9-4e82-99c6-0d62df714a4a:group-283AFBA74942 ConfigurationManager, init=-1: [43c3a3a3-e4f9-4e82-99c6-0d62df714a4a:192.168.157.204:35746], old=null, confs=<EMPTY_MAP>
2019-09-19 10:45:03,983 [pool-38-thread-1] INFO  server.RaftServerConfigKeys (ConfUtils.java:logGet(43)) - raft.server.storage.dir = [/workdir/hadoop-ozone/tools/target/test-dir/MiniOzoneClusterImpl-fb1be2cc-0df5-4edc-832d-164f8289558f/datanode-1/data/ratis] (custom)
2019-09-19 10:45:03,984 [pool-38-thread-1] INFO  storage.RaftStorageDirectory (RaftStorageDirectory.java:analyzeStorage(246)) - The storage directory /workdir/hadoop-ozone/tools/target/test-dir/MiniOzoneClusterImpl-fb1be2cc-0df5-4edc-832d-164f8289558f/datanode-1/data/ratis/dd404394-e3a9-4f24-964f-283afba74942 does not exist. Creating ...
2019-09-19 10:45:03,997 [pool-38-thread-1] INFO  storage.RaftStorageDirectory (RaftStorageDirectory.java:tryLock(328)) - Lock on /workdir/hadoop-ozone/tools/target/test-dir/MiniOzoneClusterImpl-fb1be2cc-0df5-4edc-832d-164f8289558f/datanode-1/data/ratis/dd404394-e3a9-4f24-964f-283afba74942/in_use.lock acquired by nodename 19289@pr-hdds-1569-cpgw4-1311585219
2019-09-19 10:45:04,009 [pool-38-thread-1] INFO  storage.RaftStorage (RaftStorage.java:format(72)) - Storage directory /workdir/hadoop-ozone/tools/target/test-dir/MiniOzoneClusterImpl-fb1be2cc-0df5-4edc-832d-164f8289558f/datanode-1/data/ratis/dd404394-e3a9-4f24-964f-283afba74942 has been successfully formatted.
2019-09-19 10:45:04,009 [pool-38-thread-1] INFO  ratis.ContainerStateMachine (ContainerStateMachine.java:loadSnapshot(226)) - group-283AFBA74942: The snapshot info is null. Setting the last applied indexto:(t:0, i:~)
2019-09-19 10:45:04,010 [pool-38-thread-1] INFO  server.RaftServerConfigKeys (ConfUtils.java:logGet(43)) - raft.server.leader.election.timeout = 120s (custom)
2019-09-19 10:45:04,010 [pool-38-thread-1] INFO  server.RaftServerConfigKeys (ConfUtils.java:logGet(43)) - raft.server.log.use.memory = false (default)
2019-09-19 10:45:04,010 [pool-38-thread-1] INFO  server.RaftServerConfigKeys (ConfUtils.java:logGet(43)) - raft.server.log.purge.gap = 1000000 (custom)
2019-09-19 10:45:04,010 [pool-38-thread-1] INFO  server.RaftServerConfigKeys (ConfUtils.java:logGet(43)) - raft.server.log.appender.buffer.byte-limit = 33554432 (custom)
2019-09-19 10:45:04,010 [pool-38-thread-1] INFO  server.RaftServerConfigKeys (ConfUtils.java:logGet(43)) - raft.server.log.segment.size.max = 1048576 (custom)
2019-09-19 10:45:04,010 [pool-38-thread-1] INFO  server.RaftServerConfigKeys (ConfUtils.java:logGet(43)) - raft.server.log.segment.cache.num.max = 2 (custom)
2019-09-19 10:45:04,010 [pool-38-thread-1] INFO  segmented.SegmentedRaftLogWorker (SegmentedRaftLogWorker.java:<init>(172)) - new 43c3a3a3-e4f9-4e82-99c6-0d62df714a4a-SegmentedRaftLogWorker:Storage Directory /workdir/hadoop-ozone/tools/target/test-dir/MiniOzoneClusterImpl-fb1be2cc-0df5-4edc-832d-164f8289558f/datanode-1/data/ratis/dd404394-e3a9-4f24-964f-283afba74942 for RaftStorage:Storage Directory /workdir/hadoop-ozone/tools/target/test-dir/MiniOzoneClusterImpl-fb1be2cc-0df5-4edc-832d-164f8289558f/datanode-1/data/ratis/dd404394-e3a9-4f24-964f-283afba74942
2019-09-19 10:45:04,011 [pool-38-thread-1] INFO  server.RaftServerConfigKeys (ConfUtils.java:logGet(43)) - raft.server.log.queue.byte-limit = 2147483647 (custom)
2019-09-19 10:45:04,011 [pool-38-thread-1] INFO  server.RaftServerConfigKeys (ConfUtils.java:logGet(43)) - raft.server.log.queue.element-limit = 1024 (custom)
2019-09-19 10:45:04,011 [pool-38-thread-1] INFO  server.RaftServerConfigKeys (ConfUtils.java:logGet(43)) - raft.server.log.segment.size.max = 1048576 (custom)
2019-09-19 10:45:04,011 [pool-38-thread-1] INFO  server.RaftServerConfigKeys (ConfUtils.java:logGet(43)) - raft.server.log.preallocated.size = 16384 (custom)
2019-09-19 10:45:04,011 [pool-38-thread-1] INFO  server.RaftServerConfigKeys (ConfUtils.java:logGet(43)) - raft.server.log.write.buffer.size = 33554432 (custom)
2019-09-19 10:45:04,011 [pool-38-thread-1] INFO  server.RaftServerConfigKeys (ConfUtils.java:logGet(43)) - raft.server.log.force.sync.num = 128 (default)
2019-09-19 10:45:04,011 [pool-38-thread-1] INFO  server.RaftServerConfigKeys (ConfUtils.java:logGet(43)) - raft.server.log.statemachine.data.sync = true (default)
2019-09-19 10:45:04,011 [pool-38-thread-1] INFO  server.RaftServerConfigKeys (ConfUtils.java:logGet(43)) - raft.server.log.statemachine.data.sync.timeout = 10s (default)
2019-09-19 10:45:04,012 [pool-38-thread-1] INFO  server.RaftServerConfigKeys (ConfUtils.java:logGet(43)) - raft.server.log.statemachine.data.sync.timeout.retry = -1 (default)
2019-09-19 10:45:04,012 [pool-38-thread-1] INFO  server.RaftServerConfigKeys (ConfUtils.java:logGet(43)) - raft.server.log.statemachine.data.caching.enabled = true (custom)
2019-09-19 10:45:04,012 [pool-38-thread-1] INFO  segmented.SegmentedRaftLogWorker (SegmentedRaftLogWorker.java:lambda$new$0(132)) - 43c3a3a3-e4f9-4e82-99c6-0d62df714a4a-SegmentedRaftLogWorker:Storage Directory /workdir/hadoop-ozone/tools/target/test-dir/MiniOzoneClusterImpl-fb1be2cc-0df5-4edc-832d-164f8289558f/datanode-1/data/ratis/dd404394-e3a9-4f24-964f-283afba74942: flushIndex: setUnconditionally 0 -> -1
2019-09-19 10:45:04,012 [pool-38-thread-1] INFO  server.RaftServerConfigKeys (ConfUtils.java:logGet(43)) - raft.server.snapshot.auto.trigger.enabled = true (custom)
2019-09-19 10:45:04,013 [pool-38-thread-1] INFO  server.RaftServerConfigKeys (ConfUtils.java:logGet(43)) - raft.server.snapshot.auto.trigger.threshold = 10000 (custom)
2019-09-19 10:45:04,013 [pool-38-thread-1] INFO  server.RaftServerConfigKeys (ConfUtils.java:logGet(43)) - raft.server.retrycache.expirytime = 600000ms (custom)
2019-09-19 10:45:04,013 [pool-38-thread-1] INFO  impl.RaftServerImpl (RaftServerImpl.java:start(180)) - 43c3a3a3-e4f9-4e82-99c6-0d62df714a4a: start group-283AFBA74942
2019-09-19 10:45:04,013 [pool-38-thread-1] INFO  impl.RaftServerImpl (RaftServerImpl.java:setRole(171)) - 43c3a3a3-e4f9-4e82-99c6-0d62df714a4a:group-283AFBA74942 changes role from null to FOLLOWER at term 0 for startAsFollower
2019-09-19 10:45:04,013 [pool-38-thread-1] INFO  impl.RoleInfo (RoleInfo.java:updateAndGet(143)) - 43c3a3a3-e4f9-4e82-99c6-0d62df714a4a: start FollowerState
2019-09-19 10:45:04,014 [pool-38-thread-1] INFO  util.JmxRegister (JmxRegister.java:tryRegister(44)) - Successfully registered JMX Bean with object name Ratis:service=RaftServer,group=group-283AFBA74942,id=43c3a3a3-e4f9-4e82-99c6-0d62df714a4a
2019-09-19 10:45:04,022 [RatisPipelineUtilsThread] INFO  pipeline.PipelineStateManager (PipelineStateManager.java:addPipeline(56)) - Created pipeline Pipeline[ Id: dd404394-e3a9-4f24-964f-283afba74942, Nodes: 43c3a3a3-e4f9-4e82-99c6-0d62df714a4a{ip: 192.168.157.204, host: pr-hdds-1569-cpgw4-1311585219, networkLocation: /default-rack, certSerialId: null}, Type:RATIS, Factor:ONE, State:OPEN]
2019-09-19 10:45:04,023 [RatisPipelineUtilsThread] ERROR pipeline.PipelinePlacementPolicy (PipelinePlacementPolicy.java:meetCriteria(91)) - Pipeline Placement: Doesn't meet the criteria to be viable node. Heaviness: 6
2019-09-19 10:45:04,034 [grpc-default-executor-0] INFO  impl.RaftServerProxy (RaftServerProxy.java:addNew(89)) - d0ded852-0a77-481a-a680-10e5e190379c: addNew group-957E95424BE2:[d0ded852-0a77-481a-a680-10e5e190379c:192.168.157.204:45896] returns group-957E95424BE2:java.util.concurrent.CompletableFuture@5321080b[Not completed]
2019-09-19 10:45:04,036 [pool-49-thread-1] INFO  impl.RaftServerImpl (RaftServerImpl.java:<init>(93)) - d0ded852-0a77-481a-a680-10e5e190379c: new RaftServerImpl for group-957E95424BE2:[d0ded852-0a77-481a-a680-10e5e190379c:192.168.157.204:45896] with ContainerStateMachine:uninitialized
2019-09-19 10:45:04,036 [pool-49-thread-1] INFO  server.RaftServerConfigKeys (ConfUtils.java:logGet(43)) - raft.server.rpc.timeout.min = 5s (custom)
2019-09-19 10:45:04,036 [pool-49-thread-1] INFO  server.RaftServerConfigKeys (ConfUtils.java:logGet(43)) - raft.server.rpc.timeout.max = 5200ms (custom)
2019-09-19 10:45:04,036 [pool-49-thread-1] INFO  server.RaftServerConfigKeys (ConfUtils.java:logGet(43)) - raft.server.rpcslowness.timeout = 120s (custom)
2019-09-19 10:45:04,036 [pool-49-thread-1] INFO  server.RaftServerConfigKeys (ConfUtils.java:logGet(43)) - raft.server.sleep.deviation.threshold = 300 (default)
2019-09-19 10:45:04,037 [pool-49-thread-1] INFO  server.RaftServerConfigKeys (ConfUtils.java:logGet(43)) - raft.server.log.appender.install.snapshot.enabled = false (custom)
2019-09-19 10:45:04,037 [pool-49-thread-1] INFO  impl.RaftServerImpl (ServerState.java:<init>(105)) - d0ded852-0a77-481a-a680-10e5e190379c:group-957E95424BE2 ConfigurationManager, init=-1: [d0ded852-0a77-481a-a680-10e5e190379c:192.168.157.204:45896], old=null, confs=<EMPTY_MAP>
2019-09-19 10:45:04,037 [pool-49-thread-1] INFO  server.RaftServerConfigKeys (ConfUtils.java:logGet(43)) - raft.server.storage.dir = [/workdir/hadoop-ozone/tools/target/test-dir/MiniOzoneClusterImpl-fb1be2cc-0df5-4edc-832d-164f8289558f/datanode-2/data/ratis] (custom)
2019-09-19 10:45:04,038 [pool-49-thread-1] INFO  storage.RaftStorageDirectory (RaftStorageDirectory.java:analyzeStorage(246)) - The storage directory /workdir/hadoop-ozone/tools/target/test-dir/MiniOzoneClusterImpl-fb1be2cc-0df5-4edc-832d-164f8289558f/datanode-2/data/ratis/9a969df7-6dff-44f0-87ff-957e95424be2 does not exist. Creating ...
2019-09-19 10:45:04,051 [pool-49-thread-1] INFO  storage.RaftStorageDirectory (RaftStorageDirectory.java:tryLock(328)) - Lock on /workdir/hadoop-ozone/tools/target/test-dir/MiniOzoneClusterImpl-fb1be2cc-0df5-4edc-832d-164f8289558f/datanode-2/data/ratis/9a969df7-6dff-44f0-87ff-957e95424be2/in_use.lock acquired by nodename 19289@pr-hdds-1569-cpgw4-1311585219
2019-09-19 10:45:04,059 | INFO  | SCMAudit | user=jenkins1000 | ip=192.168.157.204 | op=SEND_HEARTBEAT {datanodeUUID=d0ded852-0a77-481a-a680-10e5e190379c, command=[]} | ret=SUCCESS |  
2019-09-19 10:45:04,063 [pool-49-thread-1] INFO  storage.RaftStorage (RaftStorage.java:format(72)) - Storage directory /workdir/hadoop-ozone/tools/target/test-dir/MiniOzoneClusterImpl-fb1be2cc-0df5-4edc-832d-164f8289558f/datanode-2/data/ratis/9a969df7-6dff-44f0-87ff-957e95424be2 has been successfully formatted.
2019-09-19 10:45:04,063 [pool-49-thread-1] INFO  ratis.ContainerStateMachine (ContainerStateMachine.java:loadSnapshot(226)) - group-957E95424BE2: The snapshot info is null. Setting the last applied indexto:(t:0, i:~)
2019-09-19 10:45:04,064 [pool-49-thread-1] INFO  server.RaftServerConfigKeys (ConfUtils.java:logGet(43)) - raft.server.leader.election.timeout = 120s (custom)
2019-09-19 10:45:04,064 [pool-49-thread-1] INFO  server.RaftServerConfigKeys (ConfUtils.java:logGet(43)) - raft.server.log.use.memory = false (default)
2019-09-19 10:45:04,064 [pool-49-thread-1] INFO  server.RaftServerConfigKeys (ConfUtils.java:logGet(43)) - raft.server.log.purge.gap = 1000000 (custom)
2019-09-19 10:45:04,064 [pool-49-thread-1] INFO  server.RaftServerConfigKeys (ConfUtils.java:logGet(43)) - raft.server.log.appender.buffer.byte-limit = 33554432 (custom)
2019-09-19 10:45:04,064 [pool-49-thread-1] INFO  server.RaftServerConfigKeys (ConfUtils.java:logGet(43)) - raft.server.log.segment.size.max = 1048576 (custom)
2019-09-19 10:45:04,064 [pool-49-thread-1] INFO  server.RaftServerConfigKeys (ConfUtils.java:logGet(43)) - raft.server.log.segment.cache.num.max = 2 (custom)
2019-09-19 10:45:04,065 [pool-49-thread-1] INFO  segmented.SegmentedRaftLogWorker (SegmentedRaftLogWorker.java:<init>(172)) - new d0ded852-0a77-481a-a680-10e5e190379c-SegmentedRaftLogWorker:Storage Directory /workdir/hadoop-ozone/tools/target/test-dir/MiniOzoneClusterImpl-fb1be2cc-0df5-4edc-832d-164f8289558f/datanode-2/data/ratis/9a969df7-6dff-44f0-87ff-957e95424be2 for RaftStorage:Storage Directory /workdir/hadoop-ozone/tools/target/test-dir/MiniOzoneClusterImpl-fb1be2cc-0df5-4edc-832d-164f8289558f/datanode-2/data/ratis/9a969df7-6dff-44f0-87ff-957e95424be2
2019-09-19 10:45:04,065 [pool-49-thread-1] INFO  server.RaftServerConfigKeys (ConfUtils.java:logGet(43)) - raft.server.log.queue.byte-limit = 2147483647 (custom)
2019-09-19 10:45:04,065 [pool-49-thread-1] INFO  server.RaftServerConfigKeys (ConfUtils.java:logGet(43)) - raft.server.log.queue.element-limit = 1024 (custom)
2019-09-19 10:45:04,065 [pool-49-thread-1] INFO  server.RaftServerConfigKeys (ConfUtils.java:logGet(43)) - raft.server.log.segment.size.max = 1048576 (custom)
2019-09-19 10:45:04,065 [pool-49-thread-1] INFO  server.RaftServerConfigKeys (ConfUtils.java:logGet(43)) - raft.server.log.preallocated.size = 16384 (custom)
2019-09-19 10:45:04,065 [pool-49-thread-1] INFO  server.RaftServerConfigKeys (ConfUtils.java:logGet(43)) - raft.server.log.write.buffer.size = 33554432 (custom)
2019-09-19 10:45:04,065 [pool-49-thread-1] INFO  server.RaftServerConfigKeys (ConfUtils.java:logGet(43)) - raft.server.log.force.sync.num = 128 (default)
2019-09-19 10:45:04,066 [pool-49-thread-1] INFO  server.RaftServerConfigKeys (ConfUtils.java:logGet(43)) - raft.server.log.statemachine.data.sync = true (default)
2019-09-19 10:45:04,066 [pool-49-thread-1] INFO  server.RaftServerConfigKeys (ConfUtils.java:logGet(43)) - raft.server.log.statemachine.data.sync.timeout = 10s (default)
2019-09-19 10:45:04,066 [pool-49-thread-1] INFO  server.RaftServerConfigKeys (ConfUtils.java:logGet(43)) - raft.server.log.statemachine.data.sync.timeout.retry = -1 (default)
2019-09-19 10:45:04,066 [pool-49-thread-1] INFO  server.RaftServerConfigKeys (ConfUtils.java:logGet(43)) - raft.server.log.statemachine.data.caching.enabled = true (custom)
2019-09-19 10:45:04,066 [pool-49-thread-1] INFO  segmented.SegmentedRaftLogWorker (SegmentedRaftLogWorker.java:lambda$new$0(132)) - d0ded852-0a77-481a-a680-10e5e190379c-SegmentedRaftLogWorker:Storage Directory /workdir/hadoop-ozone/tools/target/test-dir/MiniOzoneClusterImpl-fb1be2cc-0df5-4edc-832d-164f8289558f/datanode-2/data/ratis/9a969df7-6dff-44f0-87ff-957e95424be2: flushIndex: setUnconditionally 0 -> -1
2019-09-19 10:45:04,067 [pool-49-thread-1] INFO  server.RaftServerConfigKeys (ConfUtils.java:logGet(43)) - raft.server.snapshot.auto.trigger.enabled = true (custom)
2019-09-19 10:45:04,067 [pool-49-thread-1] INFO  server.RaftServerConfigKeys (ConfUtils.java:logGet(43)) - raft.server.snapshot.auto.trigger.threshold = 10000 (custom)
2019-09-19 10:45:04,067 [pool-49-thread-1] INFO  server.RaftServerConfigKeys (ConfUtils.java:logGet(43)) - raft.server.retrycache.expirytime = 600000ms (custom)
2019-09-19 10:45:04,067 [pool-49-thread-1] INFO  impl.RaftServerImpl (RaftServerImpl.java:start(180)) - d0ded852-0a77-481a-a680-10e5e190379c: start group-957E95424BE2
2019-09-19 10:45:04,068 [pool-49-thread-1] INFO  impl.RaftServerImpl (RaftServerImpl.java:setRole(171)) - d0ded852-0a77-481a-a680-10e5e190379c:group-957E95424BE2 changes role from null to FOLLOWER at term 0 for startAsFollower
2019-09-19 10:45:04,068 [pool-49-thread-1] INFO  impl.RoleInfo (RoleInfo.java:updateAndGet(143)) - d0ded852-0a77-481a-a680-10e5e190379c: start FollowerState
2019-09-19 10:45:04,068 [pool-49-thread-1] INFO  util.JmxRegister (JmxRegister.java:tryRegister(44)) - Successfully registered JMX Bean with object name Ratis:service=RaftServer,group=group-957E95424BE2,id=d0ded852-0a77-481a-a680-10e5e190379c
2019-09-19 10:45:04,072 [RatisPipelineUtilsThread] INFO  pipeline.PipelineStateManager (PipelineStateManager.java:addPipeline(56)) - Created pipeline Pipeline[ Id: 9a969df7-6dff-44f0-87ff-957e95424be2, Nodes: d0ded852-0a77-481a-a680-10e5e190379c{ip: 192.168.157.204, host: pr-hdds-1569-cpgw4-1311585219, networkLocation: /default-rack, certSerialId: null}, Type:RATIS, Factor:ONE, State:OPEN]
2019-09-19 10:45:04,074 [RatisPipelineUtilsThread] ERROR pipeline.PipelinePlacementPolicy (PipelinePlacementPolicy.java:meetCriteria(91)) - Pipeline Placement: Doesn't meet the criteria to be viable node. Heaviness: 6
2019-09-19 10:45:04,088 [grpc-default-executor-0] INFO  impl.RaftServerProxy (RaftServerProxy.java:addNew(89)) - d0ded852-0a77-481a-a680-10e5e190379c: addNew group-697A06FE33D2:[d0ded852-0a77-481a-a680-10e5e190379c:192.168.157.204:45896] returns group-697A06FE33D2:java.util.concurrent.CompletableFuture@39009ffb[Not completed]
2019-09-19 10:45:04,089 [pool-49-thread-1] INFO  impl.RaftServerImpl (RaftServerImpl.java:<init>(93)) - d0ded852-0a77-481a-a680-10e5e190379c: new RaftServerImpl for group-697A06FE33D2:[d0ded852-0a77-481a-a680-10e5e190379c:192.168.157.204:45896] with ContainerStateMachine:uninitialized
2019-09-19 10:45:04,089 [pool-49-thread-1] INFO  server.RaftServerConfigKeys (ConfUtils.java:logGet(43)) - raft.server.rpc.timeout.min = 5s (custom)
2019-09-19 10:45:04,090 [pool-49-thread-1] INFO  server.RaftServerConfigKeys (ConfUtils.java:logGet(43)) - raft.server.rpc.timeout.max = 5200ms (custom)
2019-09-19 10:45:04,090 [pool-49-thread-1] INFO  server.RaftServerConfigKeys (ConfUtils.java:logGet(43)) - raft.server.rpcslowness.timeout = 120s (custom)
2019-09-19 10:45:04,090 [pool-49-thread-1] INFO  server.RaftServerConfigKeys (ConfUtils.java:logGet(43)) - raft.server.sleep.deviation.threshold = 300 (default)
2019-09-19 10:45:04,090 [pool-49-thread-1] INFO  server.RaftServerConfigKeys (ConfUtils.java:logGet(43)) - raft.server.log.appender.install.snapshot.enabled = false (custom)
2019-09-19 10:45:04,090 [pool-49-thread-1] INFO  impl.RaftServerImpl (ServerState.java:<init>(105)) - d0ded852-0a77-481a-a680-10e5e190379c:group-697A06FE33D2 ConfigurationManager, init=-1: [d0ded852-0a77-481a-a680-10e5e190379c:192.168.157.204:45896], old=null, confs=<EMPTY_MAP>
2019-09-19 10:45:04,090 [pool-49-thread-1] INFO  server.RaftServerConfigKeys (ConfUtils.java:logGet(43)) - raft.server.storage.dir = [/workdir/hadoop-ozone/tools/target/test-dir/MiniOzoneClusterImpl-fb1be2cc-0df5-4edc-832d-164f8289558f/datanode-2/data/ratis] (custom)
2019-09-19 10:45:04,091 [pool-49-thread-1] INFO  storage.RaftStorageDirectory (RaftStorageDirectory.java:analyzeStorage(246)) - The storage directory /workdir/hadoop-ozone/tools/target/test-dir/MiniOzoneClusterImpl-fb1be2cc-0df5-4edc-832d-164f8289558f/datanode-2/data/ratis/c0234a00-1610-4042-8fcf-697a06fe33d2 does not exist. Creating ...
2019-09-19 10:45:04,103 [pool-49-thread-1] INFO  storage.RaftStorageDirectory (RaftStorageDirectory.java:tryLock(328)) - Lock on /workdir/hadoop-ozone/tools/target/test-dir/MiniOzoneClusterImpl-fb1be2cc-0df5-4edc-832d-164f8289558f/datanode-2/data/ratis/c0234a00-1610-4042-8fcf-697a06fe33d2/in_use.lock acquired by nodename 19289@pr-hdds-1569-cpgw4-1311585219
2019-09-19 10:45:04,116 [pool-49-thread-1] INFO  storage.RaftStorage (RaftStorage.java:format(72)) - Storage directory /workdir/hadoop-ozone/tools/target/test-dir/MiniOzoneClusterImpl-fb1be2cc-0df5-4edc-832d-164f8289558f/datanode-2/data/ratis/c0234a00-1610-4042-8fcf-697a06fe33d2 has been successfully formatted.
2019-09-19 10:45:04,116 [pool-49-thread-1] INFO  ratis.ContainerStateMachine (ContainerStateMachine.java:loadSnapshot(226)) - group-697A06FE33D2: The snapshot info is null. Setting the last applied indexto:(t:0, i:~)
2019-09-19 10:45:04,117 [pool-49-thread-1] INFO  server.RaftServerConfigKeys (ConfUtils.java:logGet(43)) - raft.server.leader.election.timeout = 120s (custom)
2019-09-19 10:45:04,117 [pool-49-thread-1] INFO  server.RaftServerConfigKeys (ConfUtils.java:logGet(43)) - raft.server.log.use.memory = false (default)
2019-09-19 10:45:04,117 [pool-49-thread-1] INFO  server.RaftServerConfigKeys (ConfUtils.java:logGet(43)) - raft.server.log.purge.gap = 1000000 (custom)
2019-09-19 10:45:04,117 [pool-49-thread-1] INFO  server.RaftServerConfigKeys (ConfUtils.java:logGet(43)) - raft.server.log.appender.buffer.byte-limit = 33554432 (custom)
2019-09-19 10:45:04,117 [pool-49-thread-1] INFO  server.RaftServerConfigKeys (ConfUtils.java:logGet(43)) - raft.server.log.segment.size.max = 1048576 (custom)
2019-09-19 10:45:04,117 [pool-49-thread-1] INFO  server.RaftServerConfigKeys (ConfUtils.java:logGet(43)) - raft.server.log.segment.cache.num.max = 2 (custom)
2019-09-19 10:45:04,117 [pool-49-thread-1] INFO  segmented.SegmentedRaftLogWorker (SegmentedRaftLogWorker.java:<init>(172)) - new d0ded852-0a77-481a-a680-10e5e190379c-SegmentedRaftLogWorker:Storage Directory /workdir/hadoop-ozone/tools/target/test-dir/MiniOzoneClusterImpl-fb1be2cc-0df5-4edc-832d-164f8289558f/datanode-2/data/ratis/c0234a00-1610-4042-8fcf-697a06fe33d2 for RaftStorage:Storage Directory /workdir/hadoop-ozone/tools/target/test-dir/MiniOzoneClusterImpl-fb1be2cc-0df5-4edc-832d-164f8289558f/datanode-2/data/ratis/c0234a00-1610-4042-8fcf-697a06fe33d2
2019-09-19 10:45:04,118 [pool-49-thread-1] INFO  server.RaftServerConfigKeys (ConfUtils.java:logGet(43)) - raft.server.log.queue.byte-limit = 2147483647 (custom)
2019-09-19 10:45:04,118 [pool-49-thread-1] INFO  server.RaftServerConfigKeys (ConfUtils.java:logGet(43)) - raft.server.log.queue.element-limit = 1024 (custom)
2019-09-19 10:45:04,118 [pool-49-thread-1] INFO  server.RaftServerConfigKeys (ConfUtils.java:logGet(43)) - raft.server.log.segment.size.max = 1048576 (custom)
2019-09-19 10:45:04,118 [pool-49-thread-1] INFO  server.RaftServerConfigKeys (ConfUtils.java:logGet(43)) - raft.server.log.preallocated.size = 16384 (custom)
2019-09-19 10:45:04,118 [pool-49-thread-1] INFO  server.RaftServerConfigKeys (ConfUtils.java:logGet(43)) - raft.server.log.write.buffer.size = 33554432 (custom)
2019-09-19 10:45:04,118 [pool-49-thread-1] INFO  server.RaftServerConfigKeys (ConfUtils.java:logGet(43)) - raft.server.log.force.sync.num = 128 (default)
2019-09-19 10:45:04,118 [pool-49-thread-1] INFO  server.RaftServerConfigKeys (ConfUtils.java:logGet(43)) - raft.server.log.statemachine.data.sync = true (default)
2019-09-19 10:45:04,119 [pool-49-thread-1] INFO  server.RaftServerConfigKeys (ConfUtils.java:logGet(43)) - raft.server.log.statemachine.data.sync.timeout = 10s (default)
2019-09-19 10:45:04,119 [pool-49-thread-1] INFO  server.RaftServerConfigKeys (ConfUtils.java:logGet(43)) - raft.server.log.statemachine.data.sync.timeout.retry = -1 (default)
2019-09-19 10:45:04,119 [pool-49-thread-1] INFO  server.RaftServerConfigKeys (ConfUtils.java:logGet(43)) - raft.server.log.statemachine.data.caching.enabled = true (custom)
2019-09-19 10:45:04,119 [pool-49-thread-1] INFO  segmented.SegmentedRaftLogWorker (SegmentedRaftLogWorker.java:lambda$new$0(132)) - d0ded852-0a77-481a-a680-10e5e190379c-SegmentedRaftLogWorker:Storage Directory /workdir/hadoop-ozone/tools/target/test-dir/MiniOzoneClusterImpl-fb1be2cc-0df5-4edc-832d-164f8289558f/datanode-2/data/ratis/c0234a00-1610-4042-8fcf-697a06fe33d2: flushIndex: setUnconditionally 0 -> -1
2019-09-19 10:45:04,120 [pool-49-thread-1] INFO  server.RaftServerConfigKeys (ConfUtils.java:logGet(43)) - raft.server.snapshot.auto.trigger.enabled = true (custom)
2019-09-19 10:45:04,120 [pool-49-thread-1] INFO  server.RaftServerConfigKeys (ConfUtils.java:logGet(43)) - raft.server.snapshot.auto.trigger.threshold = 10000 (custom)
2019-09-19 10:45:04,120 [pool-49-thread-1] INFO  server.RaftServerConfigKeys (ConfUtils.java:logGet(43)) - raft.server.retrycache.expirytime = 600000ms (custom)
2019-09-19 10:45:04,120 [pool-49-thread-1] INFO  impl.RaftServerImpl (RaftServerImpl.java:start(180)) - d0ded852-0a77-481a-a680-10e5e190379c: start group-697A06FE33D2
2019-09-19 10:45:04,120 [pool-49-thread-1] INFO  impl.RaftServerImpl (RaftServerImpl.java:setRole(171)) - d0ded852-0a77-481a-a680-10e5e190379c:group-697A06FE33D2 changes role from null to FOLLOWER at term 0 for startAsFollower
2019-09-19 10:45:04,121 [pool-49-thread-1] INFO  impl.RoleInfo (RoleInfo.java:updateAndGet(143)) - d0ded852-0a77-481a-a680-10e5e190379c: start FollowerState
2019-09-19 10:45:04,121 [pool-49-thread-1] INFO  util.JmxRegister (JmxRegister.java:tryRegister(44)) - Successfully registered JMX Bean with object name Ratis:service=RaftServer,group=group-697A06FE33D2,id=d0ded852-0a77-481a-a680-10e5e190379c
2019-09-19 10:45:04,126 [RatisPipelineUtilsThread] INFO  pipeline.PipelineStateManager (PipelineStateManager.java:addPipeline(56)) - Created pipeline Pipeline[ Id: c0234a00-1610-4042-8fcf-697a06fe33d2, Nodes: d0ded852-0a77-481a-a680-10e5e190379c{ip: 192.168.157.204, host: pr-hdds-1569-cpgw4-1311585219, networkLocation: /default-rack, certSerialId: null}, Type:RATIS, Factor:ONE, State:OPEN]
2019-09-19 10:45:04,127 [RatisPipelineUtilsThread] ERROR pipeline.PipelinePlacementPolicy (PipelinePlacementPolicy.java:meetCriteria(91)) - Pipeline Placement: Doesn't meet the criteria to be viable node. Heaviness: 6
2019-09-19 10:45:04,141 [grpc-default-executor-0] INFO  impl.RaftServerProxy (RaftServerProxy.java:addNew(89)) - 43c3a3a3-e4f9-4e82-99c6-0d62df714a4a: addNew group-66F3AB59BC0A:[43c3a3a3-e4f9-4e82-99c6-0d62df714a4a:192.168.157.204:35746] returns group-66F3AB59BC0A:java.util.concurrent.CompletableFuture@5583c00a[Not completed]
2019-09-19 10:45:04,142 [pool-38-thread-1] INFO  impl.RaftServerImpl (RaftServerImpl.java:<init>(93)) - 43c3a3a3-e4f9-4e82-99c6-0d62df714a4a: new RaftServerImpl for group-66F3AB59BC0A:[43c3a3a3-e4f9-4e82-99c6-0d62df714a4a:192.168.157.204:35746] with ContainerStateMachine:uninitialized
2019-09-19 10:45:04,143 [pool-38-thread-1] INFO  server.RaftServerConfigKeys (ConfUtils.java:logGet(43)) - raft.server.rpc.timeout.min = 5s (custom)
2019-09-19 10:45:04,143 [pool-38-thread-1] INFO  server.RaftServerConfigKeys (ConfUtils.java:logGet(43)) - raft.server.rpc.timeout.max = 5200ms (custom)
2019-09-19 10:45:04,143 [pool-38-thread-1] INFO  server.RaftServerConfigKeys (ConfUtils.java:logGet(43)) - raft.server.rpcslowness.timeout = 120s (custom)
2019-09-19 10:45:04,143 [pool-38-thread-1] INFO  server.RaftServerConfigKeys (ConfUtils.java:logGet(43)) - raft.server.sleep.deviation.threshold = 300 (default)
2019-09-19 10:45:04,143 [pool-38-thread-1] INFO  server.RaftServerConfigKeys (ConfUtils.java:logGet(43)) - raft.server.log.appender.install.snapshot.enabled = false (custom)
2019-09-19 10:45:04,144 [pool-38-thread-1] INFO  impl.RaftServerImpl (ServerState.java:<init>(105)) - 43c3a3a3-e4f9-4e82-99c6-0d62df714a4a:group-66F3AB59BC0A ConfigurationManager, init=-1: [43c3a3a3-e4f9-4e82-99c6-0d62df714a4a:192.168.157.204:35746], old=null, confs=<EMPTY_MAP>
2019-09-19 10:45:04,144 [pool-38-thread-1] INFO  server.RaftServerConfigKeys (ConfUtils.java:logGet(43)) - raft.server.storage.dir = [/workdir/hadoop-ozone/tools/target/test-dir/MiniOzoneClusterImpl-fb1be2cc-0df5-4edc-832d-164f8289558f/datanode-1/data/ratis] (custom)
2019-09-19 10:45:04,144 [pool-38-thread-1] INFO  storage.RaftStorageDirectory (RaftStorageDirectory.java:analyzeStorage(246)) - The storage directory /workdir/hadoop-ozone/tools/target/test-dir/MiniOzoneClusterImpl-fb1be2cc-0df5-4edc-832d-164f8289558f/datanode-1/data/ratis/9c72b5e2-3715-4498-a021-66f3ab59bc0a does not exist. Creating ...
2019-09-19 10:45:04,148 [pool-38-thread-1] INFO  storage.RaftStorageDirectory (RaftStorageDirectory.java:tryLock(328)) - Lock on /workdir/hadoop-ozone/tools/target/test-dir/MiniOzoneClusterImpl-fb1be2cc-0df5-4edc-832d-164f8289558f/datanode-1/data/ratis/9c72b5e2-3715-4498-a021-66f3ab59bc0a/in_use.lock acquired by nodename 19289@pr-hdds-1569-cpgw4-1311585219
2019-09-19 10:45:04,155 | INFO  | SCMAudit | user=jenkins1000 | ip=192.168.157.204 | op=SEND_HEARTBEAT {datanodeUUID=6b4db361-80c8-4463-ae57-b9f6d8c1534e, command=[]} | ret=SUCCESS |  
2019-09-19 10:45:04,168 [pool-38-thread-1] INFO  storage.RaftStorage (RaftStorage.java:format(72)) - Storage directory /workdir/hadoop-ozone/tools/target/test-dir/MiniOzoneClusterImpl-fb1be2cc-0df5-4edc-832d-164f8289558f/datanode-1/data/ratis/9c72b5e2-3715-4498-a021-66f3ab59bc0a has been successfully formatted.
2019-09-19 10:45:04,168 [pool-38-thread-1] INFO  ratis.ContainerStateMachine (ContainerStateMachine.java:loadSnapshot(226)) - group-66F3AB59BC0A: The snapshot info is null. Setting the last applied indexto:(t:0, i:~)
2019-09-19 10:45:04,169 [pool-38-thread-1] INFO  server.RaftServerConfigKeys (ConfUtils.java:logGet(43)) - raft.server.leader.election.timeout = 120s (custom)
2019-09-19 10:45:04,169 [pool-38-thread-1] INFO  server.RaftServerConfigKeys (ConfUtils.java:logGet(43)) - raft.server.log.use.memory = false (default)
2019-09-19 10:45:04,169 [pool-38-thread-1] INFO  server.RaftServerConfigKeys (ConfUtils.java:logGet(43)) - raft.server.log.purge.gap = 1000000 (custom)
2019-09-19 10:45:04,169 [pool-38-thread-1] INFO  server.RaftServerConfigKeys (ConfUtils.java:logGet(43)) - raft.server.log.appender.buffer.byte-limit = 33554432 (custom)
2019-09-19 10:45:04,169 [pool-38-thread-1] INFO  server.RaftServerConfigKeys (ConfUtils.java:logGet(43)) - raft.server.log.segment.size.max = 1048576 (custom)
2019-09-19 10:45:04,169 [pool-38-thread-1] INFO  server.RaftServerConfigKeys (ConfUtils.java:logGet(43)) - raft.server.log.segment.cache.num.max = 2 (custom)
2019-09-19 10:45:04,170 [pool-38-thread-1] INFO  segmented.SegmentedRaftLogWorker (SegmentedRaftLogWorker.java:<init>(172)) - new 43c3a3a3-e4f9-4e82-99c6-0d62df714a4a-SegmentedRaftLogWorker:Storage Directory /workdir/hadoop-ozone/tools/target/test-dir/MiniOzoneClusterImpl-fb1be2cc-0df5-4edc-832d-164f8289558f/datanode-1/data/ratis/9c72b5e2-3715-4498-a021-66f3ab59bc0a for RaftStorage:Storage Directory /workdir/hadoop-ozone/tools/target/test-dir/MiniOzoneClusterImpl-fb1be2cc-0df5-4edc-832d-164f8289558f/datanode-1/data/ratis/9c72b5e2-3715-4498-a021-66f3ab59bc0a
2019-09-19 10:45:04,170 [pool-38-thread-1] INFO  server.RaftServerConfigKeys (ConfUtils.java:logGet(43)) - raft.server.log.queue.byte-limit = 2147483647 (custom)
2019-09-19 10:45:04,170 [pool-38-thread-1] INFO  server.RaftServerConfigKeys (ConfUtils.java:logGet(43)) - raft.server.log.queue.element-limit = 1024 (custom)
2019-09-19 10:45:04,170 [pool-38-thread-1] INFO  server.RaftServerConfigKeys (ConfUtils.java:logGet(43)) - raft.server.log.segment.size.max = 1048576 (custom)
2019-09-19 10:45:04,170 [pool-38-thread-1] INFO  server.RaftServerConfigKeys (ConfUtils.java:logGet(43)) - raft.server.log.preallocated.size = 16384 (custom)
2019-09-19 10:45:04,171 [pool-38-thread-1] INFO  server.RaftServerConfigKeys (ConfUtils.java:logGet(43)) - raft.server.log.write.buffer.size = 33554432 (custom)
2019-09-19 10:45:04,171 [pool-38-thread-1] INFO  server.RaftServerConfigKeys (ConfUtils.java:logGet(43)) - raft.server.log.force.sync.num = 128 (default)
2019-09-19 10:45:04,171 [pool-38-thread-1] INFO  server.RaftServerConfigKeys (ConfUtils.java:logGet(43)) - raft.server.log.statemachine.data.sync = true (default)
2019-09-19 10:45:04,171 [pool-38-thread-1] INFO  server.RaftServerConfigKeys (ConfUtils.java:logGet(43)) - raft.server.log.statemachine.data.sync.timeout = 10s (default)
2019-09-19 10:45:04,171 [pool-38-thread-1] INFO  server.RaftServerConfigKeys (ConfUtils.java:logGet(43)) - raft.server.log.statemachine.data.sync.timeout.retry = -1 (default)
2019-09-19 10:45:04,171 [pool-38-thread-1] INFO  server.RaftServerConfigKeys (ConfUtils.java:logGet(43)) - raft.server.log.statemachine.data.caching.enabled = true (custom)
2019-09-19 10:45:04,172 [pool-38-thread-1] INFO  segmented.SegmentedRaftLogWorker (SegmentedRaftLogWorker.java:lambda$new$0(132)) - 43c3a3a3-e4f9-4e82-99c6-0d62df714a4a-SegmentedRaftLogWorker:Storage Directory /workdir/hadoop-ozone/tools/target/test-dir/MiniOzoneClusterImpl-fb1be2cc-0df5-4edc-832d-164f8289558f/datanode-1/data/ratis/9c72b5e2-3715-4498-a021-66f3ab59bc0a: flushIndex: setUnconditionally 0 -> -1
2019-09-19 10:45:04,172 [pool-38-thread-1] INFO  server.RaftServerConfigKeys (ConfUtils.java:logGet(43)) - raft.server.snapshot.auto.trigger.enabled = true (custom)
2019-09-19 10:45:04,172 [pool-38-thread-1] INFO  server.RaftServerConfigKeys (ConfUtils.java:logGet(43)) - raft.server.snapshot.auto.trigger.threshold = 10000 (custom)
2019-09-19 10:45:04,173 [pool-38-thread-1] INFO  server.RaftServerConfigKeys (ConfUtils.java:logGet(43)) - raft.server.retrycache.expirytime = 600000ms (custom)
2019-09-19 10:45:04,173 [pool-38-thread-1] INFO  impl.RaftServerImpl (RaftServerImpl.java:start(180)) - 43c3a3a3-e4f9-4e82-99c6-0d62df714a4a: start group-66F3AB59BC0A
2019-09-19 10:45:04,173 [pool-38-thread-1] INFO  impl.RaftServerImpl (RaftServerImpl.java:setRole(171)) - 43c3a3a3-e4f9-4e82-99c6-0d62df714a4a:group-66F3AB59BC0A changes role from null to FOLLOWER at term 0 for startAsFollower
2019-09-19 10:45:04,173 [pool-38-thread-1] INFO  impl.RoleInfo (RoleInfo.java:updateAndGet(143)) - 43c3a3a3-e4f9-4e82-99c6-0d62df714a4a: start FollowerState
2019-09-19 10:45:04,174 [pool-38-thread-1] INFO  util.JmxRegister (JmxRegister.java:tryRegister(44)) - Successfully registered JMX Bean with object name Ratis:service=RaftServer,group=group-66F3AB59BC0A,id=43c3a3a3-e4f9-4e82-99c6-0d62df714a4a
2019-09-19 10:45:04,178 [RatisPipelineUtilsThread] INFO  pipeline.PipelineStateManager (PipelineStateManager.java:addPipeline(56)) - Created pipeline Pipeline[ Id: 9c72b5e2-3715-4498-a021-66f3ab59bc0a, Nodes: 43c3a3a3-e4f9-4e82-99c6-0d62df714a4a{ip: 192.168.157.204, host: pr-hdds-1569-cpgw4-1311585219, networkLocation: /default-rack, certSerialId: null}, Type:RATIS, Factor:ONE, State:OPEN]
2019-09-19 10:45:04,179 [RatisPipelineUtilsThread] ERROR pipeline.PipelinePlacementPolicy (PipelinePlacementPolicy.java:meetCriteria(91)) - Pipeline Placement: Doesn't meet the criteria to be viable node. Heaviness: 6
2019-09-19 10:45:04,180 [RatisPipelineUtilsThread] ERROR pipeline.PipelinePlacementPolicy (PipelinePlacementPolicy.java:meetCriteria(91)) - Pipeline Placement: Doesn't meet the criteria to be viable node. Heaviness: 6
2019-09-19 10:45:04,189 [grpc-default-executor-0] INFO  impl.RaftServerProxy (RaftServerProxy.java:addNew(89)) - d0ded852-0a77-481a-a680-10e5e190379c: addNew group-8E685ED694DD:[d0ded852-0a77-481a-a680-10e5e190379c:192.168.157.204:45896] returns group-8E685ED694DD:java.util.concurrent.CompletableFuture@5fdbd938[Not completed]
2019-09-19 10:45:04,190 [pool-49-thread-1] INFO  impl.RaftServerImpl (RaftServerImpl.java:<init>(93)) - d0ded852-0a77-481a-a680-10e5e190379c: new RaftServerImpl for group-8E685ED694DD:[d0ded852-0a77-481a-a680-10e5e190379c:192.168.157.204:45896] with ContainerStateMachine:uninitialized
2019-09-19 10:45:04,190 [pool-49-thread-1] INFO  server.RaftServerConfigKeys (ConfUtils.java:logGet(43)) - raft.server.rpc.timeout.min = 5s (custom)
2019-09-19 10:45:04,190 [pool-49-thread-1] INFO  server.RaftServerConfigKeys (ConfUtils.java:logGet(43)) - raft.server.rpc.timeout.max = 5200ms (custom)
2019-09-19 10:45:04,190 [pool-49-thread-1] INFO  server.RaftServerConfigKeys (ConfUtils.java:logGet(43)) - raft.server.rpcslowness.timeout = 120s (custom)
2019-09-19 10:45:04,190 [pool-49-thread-1] INFO  server.RaftServerConfigKeys (ConfUtils.java:logGet(43)) - raft.server.sleep.deviation.threshold = 300 (default)
2019-09-19 10:45:04,190 [pool-49-thread-1] INFO  server.RaftServerConfigKeys (ConfUtils.java:logGet(43)) - raft.server.log.appender.install.snapshot.enabled = false (custom)
2019-09-19 10:45:04,191 [pool-49-thread-1] INFO  impl.RaftServerImpl (ServerState.java:<init>(105)) - d0ded852-0a77-481a-a680-10e5e190379c:group-8E685ED694DD ConfigurationManager, init=-1: [d0ded852-0a77-481a-a680-10e5e190379c:192.168.157.204:45896], old=null, confs=<EMPTY_MAP>
2019-09-19 10:45:04,191 [pool-49-thread-1] INFO  server.RaftServerConfigKeys (ConfUtils.java:logGet(43)) - raft.server.storage.dir = [/workdir/hadoop-ozone/tools/target/test-dir/MiniOzoneClusterImpl-fb1be2cc-0df5-4edc-832d-164f8289558f/datanode-2/data/ratis] (custom)
2019-09-19 10:45:04,191 [pool-49-thread-1] INFO  storage.RaftStorageDirectory (RaftStorageDirectory.java:analyzeStorage(246)) - The storage directory /workdir/hadoop-ozone/tools/target/test-dir/MiniOzoneClusterImpl-fb1be2cc-0df5-4edc-832d-164f8289558f/datanode-2/data/ratis/d2bdf57f-0b9d-486c-a28b-8e685ed694dd does not exist. Creating ...
2019-09-19 10:45:04,192 [Thread-177] INFO  container.ReplicationManager (ReplicationManager.java:start(151)) - Starting Replication Monitor Thread.
2019-09-19 10:45:04,193 [ReplicationMonitor] INFO  container.ReplicationManager (ReplicationManager.java:run(214)) - Replication Monitor Thread took 1 milliseconds for processing 0 containers.
2019-09-19 10:45:04,205 [pool-49-thread-1] INFO  storage.RaftStorageDirectory (RaftStorageDirectory.java:tryLock(328)) - Lock on /workdir/hadoop-ozone/tools/target/test-dir/MiniOzoneClusterImpl-fb1be2cc-0df5-4edc-832d-164f8289558f/datanode-2/data/ratis/d2bdf57f-0b9d-486c-a28b-8e685ed694dd/in_use.lock acquired by nodename 19289@pr-hdds-1569-cpgw4-1311585219
2019-09-19 10:45:04,218 [pool-49-thread-1] INFO  storage.RaftStorage (RaftStorage.java:format(72)) - Storage directory /workdir/hadoop-ozone/tools/target/test-dir/MiniOzoneClusterImpl-fb1be2cc-0df5-4edc-832d-164f8289558f/datanode-2/data/ratis/d2bdf57f-0b9d-486c-a28b-8e685ed694dd has been successfully formatted.
2019-09-19 10:45:04,218 [pool-49-thread-1] INFO  ratis.ContainerStateMachine (ContainerStateMachine.java:loadSnapshot(226)) - group-8E685ED694DD: The snapshot info is null. Setting the last applied indexto:(t:0, i:~)
2019-09-19 10:45:04,218 [pool-49-thread-1] INFO  server.RaftServerConfigKeys (ConfUtils.java:logGet(43)) - raft.server.leader.election.timeout = 120s (custom)
2019-09-19 10:45:04,218 [pool-49-thread-1] INFO  server.RaftServerConfigKeys (ConfUtils.java:logGet(43)) - raft.server.log.use.memory = false (default)
2019-09-19 10:45:04,219 [pool-49-thread-1] INFO  server.RaftServerConfigKeys (ConfUtils.java:logGet(43)) - raft.server.log.purge.gap = 1000000 (custom)
2019-09-19 10:45:04,219 [pool-49-thread-1] INFO  server.RaftServerConfigKeys (ConfUtils.java:logGet(43)) - raft.server.log.appender.buffer.byte-limit = 33554432 (custom)
2019-09-19 10:45:04,219 [pool-49-thread-1] INFO  server.RaftServerConfigKeys (ConfUtils.java:logGet(43)) - raft.server.log.segment.size.max = 1048576 (custom)
2019-09-19 10:45:04,219 [pool-49-thread-1] INFO  server.RaftServerConfigKeys (ConfUtils.java:logGet(43)) - raft.server.log.segment.cache.num.max = 2 (custom)
2019-09-19 10:45:04,219 [pool-49-thread-1] INFO  segmented.SegmentedRaftLogWorker (SegmentedRaftLogWorker.java:<init>(172)) - new d0ded852-0a77-481a-a680-10e5e190379c-SegmentedRaftLogWorker:Storage Directory /workdir/hadoop-ozone/tools/target/test-dir/MiniOzoneClusterImpl-fb1be2cc-0df5-4edc-832d-164f8289558f/datanode-2/data/ratis/d2bdf57f-0b9d-486c-a28b-8e685ed694dd for RaftStorage:Storage Directory /workdir/hadoop-ozone/tools/target/test-dir/MiniOzoneClusterImpl-fb1be2cc-0df5-4edc-832d-164f8289558f/datanode-2/data/ratis/d2bdf57f-0b9d-486c-a28b-8e685ed694dd
2019-09-19 10:45:04,220 [pool-49-thread-1] INFO  server.RaftServerConfigKeys (ConfUtils.java:logGet(43)) - raft.server.log.queue.byte-limit = 2147483647 (custom)
2019-09-19 10:45:04,220 [pool-49-thread-1] INFO  server.RaftServerConfigKeys (ConfUtils.java:logGet(43)) - raft.server.log.queue.element-limit = 1024 (custom)
2019-09-19 10:45:04,220 [pool-49-thread-1] INFO  server.RaftServerConfigKeys (ConfUtils.java:logGet(43)) - raft.server.log.segment.size.max = 1048576 (custom)
2019-09-19 10:45:04,220 [pool-49-thread-1] INFO  server.RaftServerConfigKeys (ConfUtils.java:logGet(43)) - raft.server.log.preallocated.size = 16384 (custom)
2019-09-19 10:45:04,220 [pool-49-thread-1] INFO  server.RaftServerConfigKeys (ConfUtils.java:logGet(43)) - raft.server.log.write.buffer.size = 33554432 (custom)
2019-09-19 10:45:04,220 [pool-49-thread-1] INFO  server.RaftServerConfigKeys (ConfUtils.java:logGet(43)) - raft.server.log.force.sync.num = 128 (default)
2019-09-19 10:45:04,221 [pool-49-thread-1] INFO  server.RaftServerConfigKeys (ConfUtils.java:logGet(43)) - raft.server.log.statemachine.data.sync = true (default)
2019-09-19 10:45:04,221 [pool-49-thread-1] INFO  server.RaftServerConfigKeys (ConfUtils.java:logGet(43)) - raft.server.log.statemachine.data.sync.timeout = 10s (default)
2019-09-19 10:45:04,221 [pool-49-thread-1] INFO  server.RaftServerConfigKeys (ConfUtils.java:logGet(43)) - raft.server.log.statemachine.data.sync.timeout.retry = -1 (default)
2019-09-19 10:45:04,221 [pool-49-thread-1] INFO  server.RaftServerConfigKeys (ConfUtils.java:logGet(43)) - raft.server.log.statemachine.data.caching.enabled = true (custom)
2019-09-19 10:45:04,222 [pool-49-thread-1] INFO  segmented.SegmentedRaftLogWorker (SegmentedRaftLogWorker.java:lambda$new$0(132)) - d0ded852-0a77-481a-a680-10e5e190379c-SegmentedRaftLogWorker:Storage Directory /workdir/hadoop-ozone/tools/target/test-dir/MiniOzoneClusterImpl-fb1be2cc-0df5-4edc-832d-164f8289558f/datanode-2/data/ratis/d2bdf57f-0b9d-486c-a28b-8e685ed694dd: flushIndex: setUnconditionally 0 -> -1
2019-09-19 10:45:04,222 [pool-49-thread-1] INFO  server.RaftServerConfigKeys (ConfUtils.java:logGet(43)) - raft.server.snapshot.auto.trigger.enabled = true (custom)
2019-09-19 10:45:04,222 [pool-49-thread-1] INFO  server.RaftServerConfigKeys (ConfUtils.java:logGet(43)) - raft.server.snapshot.auto.trigger.threshold = 10000 (custom)
2019-09-19 10:45:04,222 [pool-49-thread-1] INFO  server.RaftServerConfigKeys (ConfUtils.java:logGet(43)) - raft.server.retrycache.expirytime = 600000ms (custom)
2019-09-19 10:45:04,223 [pool-49-thread-1] INFO  impl.RaftServerImpl (RaftServerImpl.java:start(180)) - d0ded852-0a77-481a-a680-10e5e190379c: start group-8E685ED694DD
2019-09-19 10:45:04,223 [pool-49-thread-1] INFO  impl.RaftServerImpl (RaftServerImpl.java:setRole(171)) - d0ded852-0a77-481a-a680-10e5e190379c:group-8E685ED694DD changes role from null to FOLLOWER at term 0 for startAsFollower
2019-09-19 10:45:04,223 [pool-49-thread-1] INFO  impl.RoleInfo (RoleInfo.java:updateAndGet(143)) - d0ded852-0a77-481a-a680-10e5e190379c: start FollowerState
2019-09-19 10:45:04,223 [pool-49-thread-1] INFO  util.JmxRegister (JmxRegister.java:tryRegister(44)) - Successfully registered JMX Bean with object name Ratis:service=RaftServer,group=group-8E685ED694DD,id=d0ded852-0a77-481a-a680-10e5e190379c
2019-09-19 10:45:04,228 [RatisPipelineUtilsThread] INFO  pipeline.PipelineStateManager (PipelineStateManager.java:addPipeline(56)) - Created pipeline Pipeline[ Id: d2bdf57f-0b9d-486c-a28b-8e685ed694dd, Nodes: d0ded852-0a77-481a-a680-10e5e190379c{ip: 192.168.157.204, host: pr-hdds-1569-cpgw4-1311585219, networkLocation: /default-rack, certSerialId: null}, Type:RATIS, Factor:ONE, State:OPEN]
2019-09-19 10:45:04,229 [RatisPipelineUtilsThread] ERROR pipeline.PipelinePlacementPolicy (PipelinePlacementPolicy.java:meetCriteria(91)) - Pipeline Placement: Doesn't meet the criteria to be viable node. Heaviness: 6
2019-09-19 10:45:04,230 [RatisPipelineUtilsThread] ERROR pipeline.PipelinePlacementPolicy (PipelinePlacementPolicy.java:meetCriteria(91)) - Pipeline Placement: Doesn't meet the criteria to be viable node. Heaviness: 6
2019-09-19 10:45:04,230 [RatisPipelineUtilsThread] ERROR pipeline.PipelinePlacementPolicy (PipelinePlacementPolicy.java:meetCriteria(91)) - Pipeline Placement: Doesn't meet the criteria to be viable node. Heaviness: 6
2019-09-19 10:45:04,230 [RatisPipelineUtilsThread] ERROR pipeline.PipelinePlacementPolicy (PipelinePlacementPolicy.java:filterViableNodes(146)) - Unable to find enough nodes that meet the criteria that cannot engage in more than 5 pipelines. Nodes required: 1 Found: 0, healthy nodes count inNodeManager: 3.
2019-09-19 10:45:04,231 [RatisPipelineUtilsThread] ERROR pipeline.SCMPipelineManager (SCMPipelineManager.java:createPipeline(161)) - Pipeline creation failed due to exception: Unable to find enough nodes that meet the criteria that cannot engage in more than 5 pipelines. Nodes required: 1 Found: 0, healthy nodes count inNodeManager: 3.
2019-09-19 10:45:04,233 [RatisPipelineUtilsThread] ERROR pipeline.PipelinePlacementPolicy (PipelinePlacementPolicy.java:meetCriteria(91)) - Pipeline Placement: Doesn't meet the criteria to be viable node. Heaviness: 6
2019-09-19 10:45:04,233 [RatisPipelineUtilsThread] ERROR pipeline.PipelinePlacementPolicy (PipelinePlacementPolicy.java:meetCriteria(91)) - Pipeline Placement: Doesn't meet the criteria to be viable node. Heaviness: 6
2019-09-19 10:45:04,234 [RatisPipelineUtilsThread] ERROR pipeline.PipelinePlacementPolicy (PipelinePlacementPolicy.java:meetCriteria(91)) - Pipeline Placement: Doesn't meet the criteria to be viable node. Heaviness: 6
2019-09-19 10:45:04,234 [RatisPipelineUtilsThread] ERROR pipeline.PipelinePlacementPolicy (PipelinePlacementPolicy.java:filterViableNodes(146)) - Unable to find enough nodes that meet the criteria that cannot engage in more than 5 pipelines. Nodes required: 3 Found: 0, healthy nodes count inNodeManager: 3.
2019-09-19 10:45:04,234 [RatisPipelineUtilsThread] ERROR pipeline.SCMPipelineManager (SCMPipelineManager.java:createPipeline(161)) - Pipeline creation failed due to exception: Unable to find enough nodes that meet the criteria that cannot engage in more than 5 pipelines. Nodes required: 3 Found: 0, healthy nodes count inNodeManager: 3.
2019-09-19 10:45:04,234 [IPC Server handler 19 on 38064] ERROR pipeline.PipelinePlacementPolicy (PipelinePlacementPolicy.java:meetCriteria(91)) - Pipeline Placement: Doesn't meet the criteria to be viable node. Heaviness: 6
2019-09-19 10:45:04,235 [IPC Server handler 19 on 38064] ERROR pipeline.PipelinePlacementPolicy (PipelinePlacementPolicy.java:meetCriteria(91)) - Pipeline Placement: Doesn't meet the criteria to be viable node. Heaviness: 6
2019-09-19 10:45:04,235 [IPC Server handler 19 on 38064] ERROR pipeline.PipelinePlacementPolicy (PipelinePlacementPolicy.java:meetCriteria(91)) - Pipeline Placement: Doesn't meet the criteria to be viable node. Heaviness: 6
2019-09-19 10:45:04,235 [IPC Server handler 19 on 38064] ERROR pipeline.PipelinePlacementPolicy (PipelinePlacementPolicy.java:filterViableNodes(146)) - Unable to find enough nodes that meet the criteria that cannot engage in more than 5 pipelines. Nodes required: 3 Found: 0, healthy nodes count inNodeManager: 3.
2019-09-19 10:45:04,235 [IPC Server handler 19 on 38064] ERROR pipeline.SCMPipelineManager (SCMPipelineManager.java:createPipeline(161)) - Pipeline creation failed due to exception: Unable to find enough nodes that meet the criteria that cannot engage in more than 5 pipelines. Nodes required: 3 Found: 0, healthy nodes count inNodeManager: 3.
2019-09-19 10:45:04,235 [RatisPipelineUtilsThread] ERROR pipeline.PipelinePlacementPolicy (PipelinePlacementPolicy.java:meetCriteria(91)) - Pipeline Placement: Doesn't meet the criteria to be viable node. Heaviness: 6
2019-09-19 10:45:04,236 [RatisPipelineUtilsThread] ERROR pipeline.PipelinePlacementPolicy (PipelinePlacementPolicy.java:meetCriteria(91)) - Pipeline Placement: Doesn't meet the criteria to be viable node. Heaviness: 6
2019-09-19 10:45:04,236 [RatisPipelineUtilsThread] ERROR pipeline.PipelinePlacementPolicy (PipelinePlacementPolicy.java:meetCriteria(91)) - Pipeline Placement: Doesn't meet the criteria to be viable node. Heaviness: 6
2019-09-19 10:45:04,236 [RatisPipelineUtilsThread] ERROR pipeline.PipelinePlacementPolicy (PipelinePlacementPolicy.java:filterViableNodes(146)) - Unable to find enough nodes that meet the criteria that cannot engage in more than 5 pipelines. Nodes required: 1 Found: 0, healthy nodes count inNodeManager: 3.
2019-09-19 10:45:04,236 [RatisPipelineUtilsThread] ERROR pipeline.SCMPipelineManager (SCMPipelineManager.java:createPipeline(161)) - Pipeline creation failed due to exception: Unable to find enough nodes that meet the criteria that cannot engage in more than 5 pipelines. Nodes required: 1 Found: 0, healthy nodes count inNodeManager: 3.
2019-09-19 10:45:04,236 [IPC Server handler 19 on 38064] WARN  block.BlockManagerImpl (BlockManagerImpl.java:allocateBlock(192)) - Pipeline creation failed for type:RATIS factor:THREE. Retrying get pipelines call once.
org.apache.hadoop.hdds.scm.exceptions.SCMException: Unable to find enough nodes that meet the criteria that cannot engage in more than 5 pipelines. Nodes required: 3 Found: 0, healthy nodes count inNodeManager: 3.
	at org.apache.hadoop.hdds.scm.pipeline.PipelinePlacementPolicy.filterViableNodes(PipelinePlacementPolicy.java:147)
	at org.apache.hadoop.hdds.scm.pipeline.PipelinePlacementPolicy.chooseDatanodes(PipelinePlacementPolicy.java:170)
	at org.apache.hadoop.hdds.scm.pipeline.RatisPipelineProvider.create(RatisPipelineProvider.java:92)
	at org.apache.hadoop.hdds.scm.pipeline.PipelineFactory.create(PipelineFactory.java:57)
	at org.apache.hadoop.hdds.scm.pipeline.SCMPipelineManager.createPipeline(SCMPipelineManager.java:149)
	at org.apache.hadoop.hdds.scm.block.BlockManagerImpl.allocateBlock(BlockManagerImpl.java:190)
	at org.apache.hadoop.hdds.scm.server.SCMBlockProtocolServer.allocateBlock(SCMBlockProtocolServer.java:175)
	at org.apache.hadoop.ozone.protocolPB.ScmBlockLocationProtocolServerSideTranslatorPB.allocateScmBlock(ScmBlockLocationProtocolServerSideTranslatorPB.java:153)
	at org.apache.hadoop.ozone.protocolPB.ScmBlockLocationProtocolServerSideTranslatorPB.send(ScmBlockLocationProtocolServerSideTranslatorPB.java:112)
	at org.apache.hadoop.hdds.protocol.proto.ScmBlockLocationProtocolProtos$ScmBlockLocationProtocolService$2.callBlockingMethod(ScmBlockLocationProtocolProtos.java:13157)
	at org.apache.hadoop.ipc.ProtobufRpcEngine$Server$ProtoBufRpcInvoker.call(ProtobufRpcEngine.java:524)
	at org.apache.hadoop.ipc.RPC$Server.call(RPC.java:1025)
	at org.apache.hadoop.ipc.Server$RpcCall.run(Server.java:876)
	at org.apache.hadoop.ipc.Server$RpcCall.run(Server.java:822)
	at java.security.AccessController.doPrivileged(Native Method)
	at javax.security.auth.Subject.doAs(Subject.java:422)
	at org.apache.hadoop.security.UserGroupInformation.doAs(UserGroupInformation.java:1730)
	at org.apache.hadoop.ipc.Server$Handler.run(Server.java:2682)
2019-09-19 10:45:04,236 [RatisPipelineUtilsThread] ERROR pipeline.PipelinePlacementPolicy (PipelinePlacementPolicy.java:meetCriteria(91)) - Pipeline Placement: Doesn't meet the criteria to be viable node. Heaviness: 6
2019-09-19 10:45:04,239 [RatisPipelineUtilsThread] ERROR pipeline.PipelinePlacementPolicy (PipelinePlacementPolicy.java:meetCriteria(91)) - Pipeline Placement: Doesn't meet the criteria to be viable node. Heaviness: 6
2019-09-19 10:45:04,239 [RatisPipelineUtilsThread] ERROR pipeline.PipelinePlacementPolicy (PipelinePlacementPolicy.java:meetCriteria(91)) - Pipeline Placement: Doesn't meet the criteria to be viable node. Heaviness: 6
2019-09-19 10:45:04,239 [RatisPipelineUtilsThread] ERROR pipeline.PipelinePlacementPolicy (PipelinePlacementPolicy.java:filterViableNodes(146)) - Unable to find enough nodes that meet the criteria that cannot engage in more than 5 pipelines. Nodes required: 3 Found: 0, healthy nodes count inNodeManager: 3.
2019-09-19 10:45:04,239 [RatisPipelineUtilsThread] ERROR pipeline.SCMPipelineManager (SCMPipelineManager.java:createPipeline(161)) - Pipeline creation failed due to exception: Unable to find enough nodes that meet the criteria that cannot engage in more than 5 pipelines. Nodes required: 3 Found: 0, healthy nodes count inNodeManager: 3.
2019-09-19 10:45:04,239 [IPC Server handler 19 on 38064] INFO  block.BlockManagerImpl (BlockManagerImpl.java:allocateBlock(198)) - Could not find available pipeline of type:RATIS and factor:THREE even after retrying
2019-09-19 10:45:04,240 [IPC Server handler 19 on 38064] ERROR block.BlockManagerImpl (BlockManagerImpl.java:allocateBlock(222)) - Unable to allocate a block for the size: 4194304, type: RATIS, factor: THREE
2019-09-19 10:45:04,240 [IPC Server handler 19 on 38064] ERROR pipeline.PipelinePlacementPolicy (PipelinePlacementPolicy.java:meetCriteria(91)) - Pipeline Placement: Doesn't meet the criteria to be viable node. Heaviness: 6
2019-09-19 10:45:04,240 [IPC Server handler 19 on 38064] ERROR pipeline.PipelinePlacementPolicy (PipelinePlacementPolicy.java:meetCriteria(91)) - Pipeline Placement: Doesn't meet the criteria to be viable node. Heaviness: 6
2019-09-19 10:45:04,240 [IPC Server handler 19 on 38064] ERROR pipeline.PipelinePlacementPolicy (PipelinePlacementPolicy.java:meetCriteria(91)) - Pipeline Placement: Doesn't meet the criteria to be viable node. Heaviness: 6
2019-09-19 10:45:04,241 [IPC Server handler 19 on 38064] ERROR pipeline.PipelinePlacementPolicy (PipelinePlacementPolicy.java:filterViableNodes(146)) - Unable to find enough nodes that meet the criteria that cannot engage in more than 5 pipelines. Nodes required: 3 Found: 0, healthy nodes count inNodeManager: 3.
2019-09-19 10:45:04,241 [IPC Server handler 19 on 38064] ERROR pipeline.SCMPipelineManager (SCMPipelineManager.java:createPipeline(161)) - Pipeline creation failed due to exception: Unable to find enough nodes that meet the criteria that cannot engage in more than 5 pipelines. Nodes required: 3 Found: 0, healthy nodes count inNodeManager: 3.
2019-09-19 10:45:04,241 [IPC Server handler 19 on 38064] WARN  block.BlockManagerImpl (BlockManagerImpl.java:allocateBlock(192)) - Pipeline creation failed for type:RATIS factor:THREE. Retrying get pipelines call once.
org.apache.hadoop.hdds.scm.exceptions.SCMException: Unable to find enough nodes that meet the criteria that cannot engage in more than 5 pipelines. Nodes required: 3 Found: 0, healthy nodes count inNodeManager: 3.
	at org.apache.hadoop.hdds.scm.pipeline.PipelinePlacementPolicy.filterViableNodes(PipelinePlacementPolicy.java:147)
	at org.apache.hadoop.hdds.scm.pipeline.PipelinePlacementPolicy.chooseDatanodes(PipelinePlacementPolicy.java:170)
	at org.apache.hadoop.hdds.scm.pipeline.RatisPipelineProvider.create(RatisPipelineProvider.java:92)
	at org.apache.hadoop.hdds.scm.pipeline.PipelineFactory.create(PipelineFactory.java:57)
	at org.apache.hadoop.hdds.scm.pipeline.SCMPipelineManager.createPipeline(SCMPipelineManager.java:149)
	at org.apache.hadoop.hdds.scm.block.BlockManagerImpl.allocateBlock(BlockManagerImpl.java:190)
	at org.apache.hadoop.hdds.scm.server.SCMBlockProtocolServer.allocateBlock(SCMBlockProtocolServer.java:175)
	at org.apache.hadoop.ozone.protocolPB.ScmBlockLocationProtocolServerSideTranslatorPB.allocateScmBlock(ScmBlockLocationProtocolServerSideTranslatorPB.java:153)
	at org.apache.hadoop.ozone.protocolPB.ScmBlockLocationProtocolServerSideTranslatorPB.send(ScmBlockLocationProtocolServerSideTranslatorPB.java:112)
	at org.apache.hadoop.hdds.protocol.proto.ScmBlockLocationProtocolProtos$ScmBlockLocationProtocolService$2.callBlockingMethod(ScmBlockLocationProtocolProtos.java:13157)
	at org.apache.hadoop.ipc.ProtobufRpcEngine$Server$ProtoBufRpcInvoker.call(ProtobufRpcEngine.java:524)
	at org.apache.hadoop.ipc.RPC$Server.call(RPC.java:1025)
	at org.apache.hadoop.ipc.Server$RpcCall.run(Server.java:876)
	at org.apache.hadoop.ipc.Server$RpcCall.run(Server.java:822)
	at java.security.AccessController.doPrivileged(Native Method)
	at javax.security.auth.Subject.doAs(Subject.java:422)
	at org.apache.hadoop.security.UserGroupInformation.doAs(UserGroupInformation.java:1730)
	at org.apache.hadoop.ipc.Server$Handler.run(Server.java:2682)
2019-09-19 10:45:04,242 [IPC Server handler 19 on 38064] INFO  block.BlockManagerImpl (BlockManagerImpl.java:allocateBlock(198)) - Could not find available pipeline of type:RATIS and factor:THREE even after retrying
2019-09-19 10:45:04,242 [IPC Server handler 19 on 38064] ERROR block.BlockManagerImpl (BlockManagerImpl.java:allocateBlock(222)) - Unable to allocate a block for the size: 4194304, type: RATIS, factor: THREE
2019-09-19 10:45:04,243 [IPC Server handler 19 on 38064] ERROR pipeline.PipelinePlacementPolicy (PipelinePlacementPolicy.java:meetCriteria(91)) - Pipeline Placement: Doesn't meet the criteria to be viable node. Heaviness: 6
2019-09-19 10:45:04,243 [IPC Server handler 19 on 38064] ERROR pipeline.PipelinePlacementPolicy (PipelinePlacementPolicy.java:meetCriteria(91)) - Pipeline Placement: Doesn't meet the criteria to be viable node. Heaviness: 6
2019-09-19 10:45:04,243 [IPC Server handler 19 on 38064] ERROR pipeline.PipelinePlacementPolicy (PipelinePlacementPolicy.java:meetCriteria(91)) - Pipeline Placement: Doesn't meet the criteria to be viable node. Heaviness: 6
2019-09-19 10:45:04,243 [IPC Server handler 19 on 38064] ERROR pipeline.PipelinePlacementPolicy (PipelinePlacementPolicy.java:filterViableNodes(146)) - Unable to find enough nodes that meet the criteria that cannot engage in more than 5 pipelines. Nodes required: 3 Found: 0, healthy nodes count inNodeManager: 3.
2019-09-19 10:45:04,243 [IPC Server handler 19 on 38064] ERROR pipeline.SCMPipelineManager (SCMPipelineManager.java:createPipeline(161)) - Pipeline creation failed due to exception: Unable to find enough nodes that meet the criteria that cannot engage in more than 5 pipelines. Nodes required: 3 Found: 0, healthy nodes count inNodeManager: 3.
2019-09-19 10:45:04,244 [IPC Server handler 19 on 38064] WARN  block.BlockManagerImpl (BlockManagerImpl.java:allocateBlock(192)) - Pipeline creation failed for type:RATIS factor:THREE. Retrying get pipelines call once.
org.apache.hadoop.hdds.scm.exceptions.SCMException: Unable to find enough nodes that meet the criteria that cannot engage in more than 5 pipelines. Nodes required: 3 Found: 0, healthy nodes count inNodeManager: 3.
	at org.apache.hadoop.hdds.scm.pipeline.PipelinePlacementPolicy.filterViableNodes(PipelinePlacementPolicy.java:147)
	at org.apache.hadoop.hdds.scm.pipeline.PipelinePlacementPolicy.chooseDatanodes(PipelinePlacementPolicy.java:170)
	at org.apache.hadoop.hdds.scm.pipeline.RatisPipelineProvider.create(RatisPipelineProvider.java:92)
	at org.apache.hadoop.hdds.scm.pipeline.PipelineFactory.create(PipelineFactory.java:57)
	at org.apache.hadoop.hdds.scm.pipeline.SCMPipelineManager.createPipeline(SCMPipelineManager.java:149)
	at org.apache.hadoop.hdds.scm.block.BlockManagerImpl.allocateBlock(BlockManagerImpl.java:190)
	at org.apache.hadoop.hdds.scm.server.SCMBlockProtocolServer.allocateBlock(SCMBlockProtocolServer.java:175)
	at org.apache.hadoop.ozone.protocolPB.ScmBlockLocationProtocolServerSideTranslatorPB.allocateScmBlock(ScmBlockLocationProtocolServerSideTranslatorPB.java:153)
	at org.apache.hadoop.ozone.protocolPB.ScmBlockLocationProtocolServerSideTranslatorPB.send(ScmBlockLocationProtocolServerSideTranslatorPB.java:112)
	at org.apache.hadoop.hdds.protocol.proto.ScmBlockLocationProtocolProtos$ScmBlockLocationProtocolService$2.callBlockingMethod(ScmBlockLocationProtocolProtos.java:13157)
	at org.apache.hadoop.ipc.ProtobufRpcEngine$Server$ProtoBufRpcInvoker.call(ProtobufRpcEngine.java:524)
	at org.apache.hadoop.ipc.RPC$Server.call(RPC.java:1025)
	at org.apache.hadoop.ipc.Server$RpcCall.run(Server.java:876)
	at org.apache.hadoop.ipc.Server$RpcCall.run(Server.java:822)
	at java.security.AccessController.doPrivileged(Native Method)
	at javax.security.auth.Subject.doAs(Subject.java:422)
	at org.apache.hadoop.security.UserGroupInformation.doAs(UserGroupInformation.java:1730)
	at org.apache.hadoop.ipc.Server$Handler.run(Server.java:2682)
2019-09-19 10:45:04,244 [IPC Server handler 19 on 38064] INFO  block.BlockManagerImpl (BlockManagerImpl.java:allocateBlock(198)) - Could not find available pipeline of type:RATIS and factor:THREE even after retrying
2019-09-19 10:45:04,244 [IPC Server handler 19 on 38064] ERROR block.BlockManagerImpl (BlockManagerImpl.java:allocateBlock(222)) - Unable to allocate a block for the size: 4194304, type: RATIS, factor: THREE
2019-09-19 10:45:04,245 [IPC Server handler 19 on 38064] ERROR pipeline.PipelinePlacementPolicy (PipelinePlacementPolicy.java:meetCriteria(91)) - Pipeline Placement: Doesn't meet the criteria to be viable node. Heaviness: 6
2019-09-19 10:45:04,245 [IPC Server handler 19 on 38064] ERROR pipeline.PipelinePlacementPolicy (PipelinePlacementPolicy.java:meetCriteria(91)) - Pipeline Placement: Doesn't meet the criteria to be viable node. Heaviness: 6
2019-09-19 10:45:04,245 [IPC Server handler 19 on 38064] ERROR pipeline.PipelinePlacementPolicy (PipelinePlacementPolicy.java:meetCriteria(91)) - Pipeline Placement: Doesn't meet the criteria to be viable node. Heaviness: 6
2019-09-19 10:45:04,245 [IPC Server handler 19 on 38064] ERROR pipeline.PipelinePlacementPolicy (PipelinePlacementPolicy.java:filterViableNodes(146)) - Unable to find enough nodes that meet the criteria that cannot engage in more than 5 pipelines. Nodes required: 3 Found: 0, healthy nodes count inNodeManager: 3.
2019-09-19 10:45:04,245 [IPC Server handler 19 on 38064] ERROR pipeline.SCMPipelineManager (SCMPipelineManager.java:createPipeline(161)) - Pipeline creation failed due to exception: Unable to find enough nodes that meet the criteria that cannot engage in more than 5 pipelines. Nodes required: 3 Found: 0, healthy nodes count inNodeManager: 3.
2019-09-19 10:45:04,246 [IPC Server handler 19 on 38064] WARN  block.BlockManagerImpl (BlockManagerImpl.java:allocateBlock(192)) - Pipeline creation failed for type:RATIS factor:THREE. Retrying get pipelines call once.
org.apache.hadoop.hdds.scm.exceptions.SCMException: Unable to find enough nodes that meet the criteria that cannot engage in more than 5 pipelines. Nodes required: 3 Found: 0, healthy nodes count inNodeManager: 3.
	at org.apache.hadoop.hdds.scm.pipeline.PipelinePlacementPolicy.filterViableNodes(PipelinePlacementPolicy.java:147)
	at org.apache.hadoop.hdds.scm.pipeline.PipelinePlacementPolicy.chooseDatanodes(PipelinePlacementPolicy.java:170)
	at org.apache.hadoop.hdds.scm.pipeline.RatisPipelineProvider.create(RatisPipelineProvider.java:92)
	at org.apache.hadoop.hdds.scm.pipeline.PipelineFactory.create(PipelineFactory.java:57)
	at org.apache.hadoop.hdds.scm.pipeline.SCMPipelineManager.createPipeline(SCMPipelineManager.java:149)
	at org.apache.hadoop.hdds.scm.block.BlockManagerImpl.allocateBlock(BlockManagerImpl.java:190)
	at org.apache.hadoop.hdds.scm.server.SCMBlockProtocolServer.allocateBlock(SCMBlockProtocolServer.java:175)
	at org.apache.hadoop.ozone.protocolPB.ScmBlockLocationProtocolServerSideTranslatorPB.allocateScmBlock(ScmBlockLocationProtocolServerSideTranslatorPB.java:153)
	at org.apache.hadoop.ozone.protocolPB.ScmBlockLocationProtocolServerSideTranslatorPB.send(ScmBlockLocationProtocolServerSideTranslatorPB.java:112)
	at org.apache.hadoop.hdds.protocol.proto.ScmBlockLocationProtocolProtos$ScmBlockLocationProtocolService$2.callBlockingMethod(ScmBlockLocationProtocolProtos.java:13157)
	at org.apache.hadoop.ipc.ProtobufRpcEngine$Server$ProtoBufRpcInvoker.call(ProtobufRpcEngine.java:524)
	at org.apache.hadoop.ipc.RPC$Server.call(RPC.java:1025)
	at org.apache.hadoop.ipc.Server$RpcCall.run(Server.java:876)
	at org.apache.hadoop.ipc.Server$RpcCall.run(Server.java:822)
	at java.security.AccessController.doPrivileged(Native Method)
	at javax.security.auth.Subject.doAs(Subject.java:422)
	at org.apache.hadoop.security.UserGroupInformation.doAs(UserGroupInformation.java:1730)
	at org.apache.hadoop.ipc.Server$Handler.run(Server.java:2682)
2019-09-19 10:45:04,246 [IPC Server handler 19 on 38064] INFO  block.BlockManagerImpl (BlockManagerImpl.java:allocateBlock(198)) - Could not find available pipeline of type:RATIS and factor:THREE even after retrying
2019-09-19 10:45:04,246 [IPC Server handler 19 on 38064] ERROR block.BlockManagerImpl (BlockManagerImpl.java:allocateBlock(222)) - Unable to allocate a block for the size: 4194304, type: RATIS, factor: THREE
2019-09-19 10:45:04,247 [IPC Server handler 19 on 38064] ERROR pipeline.PipelinePlacementPolicy (PipelinePlacementPolicy.java:meetCriteria(91)) - Pipeline Placement: Doesn't meet the criteria to be viable node. Heaviness: 6
2019-09-19 10:45:04,247 [IPC Server handler 19 on 38064] ERROR pipeline.PipelinePlacementPolicy (PipelinePlacementPolicy.java:meetCriteria(91)) - Pipeline Placement: Doesn't meet the criteria to be viable node. Heaviness: 6
2019-09-19 10:45:04,247 [IPC Server handler 19 on 38064] ERROR pipeline.PipelinePlacementPolicy (PipelinePlacementPolicy.java:meetCriteria(91)) - Pipeline Placement: Doesn't meet the criteria to be viable node. Heaviness: 6
2019-09-19 10:45:04,247 [IPC Server handler 19 on 38064] ERROR pipeline.PipelinePlacementPolicy (PipelinePlacementPolicy.java:filterViableNodes(146)) - Unable to find enough nodes that meet the criteria that cannot engage in more than 5 pipelines. Nodes required: 3 Found: 0, healthy nodes count inNodeManager: 3.
2019-09-19 10:45:04,247 [IPC Server handler 19 on 38064] ERROR pipeline.SCMPipelineManager (SCMPipelineManager.java:createPipeline(161)) - Pipeline creation failed due to exception: Unable to find enough nodes that meet the criteria that cannot engage in more than 5 pipelines. Nodes required: 3 Found: 0, healthy nodes count inNodeManager: 3.
2019-09-19 10:45:04,247 [IPC Server handler 19 on 38064] WARN  block.BlockManagerImpl (BlockManagerImpl.java:allocateBlock(192)) - Pipeline creation failed for type:RATIS factor:THREE. Retrying get pipelines call once.
org.apache.hadoop.hdds.scm.exceptions.SCMException: Unable to find enough nodes that meet the criteria that cannot engage in more than 5 pipelines. Nodes required: 3 Found: 0, healthy nodes count inNodeManager: 3.
	at org.apache.hadoop.hdds.scm.pipeline.PipelinePlacementPolicy.filterViableNodes(PipelinePlacementPolicy.java:147)
	at org.apache.hadoop.hdds.scm.pipeline.PipelinePlacementPolicy.chooseDatanodes(PipelinePlacementPolicy.java:170)
	at org.apache.hadoop.hdds.scm.pipeline.RatisPipelineProvider.create(RatisPipelineProvider.java:92)
	at org.apache.hadoop.hdds.scm.pipeline.PipelineFactory.create(PipelineFactory.java:57)
	at org.apache.hadoop.hdds.scm.pipeline.SCMPipelineManager.createPipeline(SCMPipelineManager.java:149)
	at org.apache.hadoop.hdds.scm.block.BlockManagerImpl.allocateBlock(BlockManagerImpl.java:190)
	at org.apache.hadoop.hdds.scm.server.SCMBlockProtocolServer.allocateBlock(SCMBlockProtocolServer.java:175)
	at org.apache.hadoop.ozone.protocolPB.ScmBlockLocationProtocolServerSideTranslatorPB.allocateScmBlock(ScmBlockLocationProtocolServerSideTranslatorPB.java:153)
	at org.apache.hadoop.ozone.protocolPB.ScmBlockLocationProtocolServerSideTranslatorPB.send(ScmBlockLocationProtocolServerSideTranslatorPB.java:112)
	at org.apache.hadoop.hdds.protocol.proto.ScmBlockLocationProtocolProtos$ScmBlockLocationProtocolService$2.callBlockingMethod(ScmBlockLocationProtocolProtos.java:13157)
	at org.apache.hadoop.ipc.ProtobufRpcEngine$Server$ProtoBufRpcInvoker.call(ProtobufRpcEngine.java:524)
	at org.apache.hadoop.ipc.RPC$Server.call(RPC.java:1025)
	at org.apache.hadoop.ipc.Server$RpcCall.run(Server.java:876)
	at org.apache.hadoop.ipc.Server$RpcCall.run(Server.java:822)
	at java.security.AccessController.doPrivileged(Native Method)
	at javax.security.auth.Subject.doAs(Subject.java:422)
	at org.apache.hadoop.security.UserGroupInformation.doAs(UserGroupInformation.java:1730)
	at org.apache.hadoop.ipc.Server$Handler.run(Server.java:2682)
2019-09-19 10:45:04,248 [IPC Server handler 19 on 38064] INFO  block.BlockManagerImpl (BlockManagerImpl.java:allocateBlock(198)) - Could not find available pipeline of type:RATIS and factor:THREE even after retrying
2019-09-19 10:45:04,248 [IPC Server handler 19 on 38064] ERROR block.BlockManagerImpl (BlockManagerImpl.java:allocateBlock(222)) - Unable to allocate a block for the size: 4194304, type: RATIS, factor: THREE
2019-09-19 10:45:04,248 | INFO  | SCMAudit | user=jenkins1000 | ip=192.168.157.204 | op=ALLOCATE_BLOCK {owner=f1a19b85-277d-4c5e-a75f-d2f03608e0bd, size=4194304, type=RATIS, factor=THREE} | ret=SUCCESS |  
2019-09-19 10:45:04,254 | ERROR | OMAudit | user=jenkins1000 | ip=127.0.0.1 | op=ALLOCATE_KEY {volume=vol-0-35705, bucket=bucket-0-20035, key=key-0-04888, dataSize=20971520, replicationType=RATIS, replicationFactor=THREE, keyLocationInfo=null} | ret=FAILURE | org.apache.hadoop.hdds.scm.exceptions.SCMException: Allocated 0 blocks. Requested 5 blocks
	at org.apache.hadoop.hdds.scm.protocolPB.ScmBlockLocationProtocolClientSideTranslatorPB.handleError(ScmBlockLocationProtocolClientSideTranslatorPB.java:118)
	at org.apache.hadoop.hdds.scm.protocolPB.ScmBlockLocationProtocolClientSideTranslatorPB.allocateBlock(ScmBlockLocationProtocolClientSideTranslatorPB.java:156) 
2019-09-19 10:45:04,257 [pool-56-thread-3] ERROR freon.RandomKeyGenerator (RandomKeyGenerator.java:createKey(724)) - Exception while adding key: key-0-04888 in bucket: bucket-0-20035 of volume: vol-0-35705.
INTERNAL_ERROR org.apache.hadoop.ozone.om.exceptions.OMException: Allocated 0 blocks. Requested 5 blocks
	at org.apache.hadoop.ozone.om.protocolPB.OzoneManagerProtocolClientSideTranslatorPB.handleError(OzoneManagerProtocolClientSideTranslatorPB.java:725)
	at org.apache.hadoop.ozone.om.protocolPB.OzoneManagerProtocolClientSideTranslatorPB.openKey(OzoneManagerProtocolClientSideTranslatorPB.java:716)
	at org.apache.hadoop.ozone.client.rpc.RpcClient.createKey(RpcClient.java:615)
	at org.apache.hadoop.ozone.client.OzoneBucket.createKey(OzoneBucket.java:323)
	at org.apache.hadoop.ozone.freon.RandomKeyGenerator.createKey(RandomKeyGenerator.java:686)
	at org.apache.hadoop.ozone.freon.RandomKeyGenerator.access$1100(RandomKeyGenerator.java:87)
	at org.apache.hadoop.ozone.freon.RandomKeyGenerator$ObjectCreator.run(RandomKeyGenerator.java:606)
	at java.util.concurrent.Executors$RunnableAdapter.call(Executors.java:511)
	at java.util.concurrent.FutureTask.run(FutureTask.java:266)
	at java.util.concurrent.ThreadPoolExecutor.runWorker(ThreadPoolExecutor.java:1149)
	at java.util.concurrent.ThreadPoolExecutor$Worker.run(ThreadPoolExecutor.java:624)
	at java.lang.Thread.run(Thread.java:748)
2019-09-19 10:45:04,430 | INFO  | SCMAudit | user=jenkins1000 | ip=192.168.157.204 | op=SEND_HEARTBEAT {datanodeUUID=43c3a3a3-e4f9-4e82-99c6-0d62df714a4a, command=[]} | ret=SUCCESS |  
 0.00% |█                                                                                                    |  0/1 Time: 0:00:012019-09-19 10:45:05,059 | INFO  | SCMAudit | user=jenkins1000 | ip=192.168.157.204 | op=SEND_HEARTBEAT {datanodeUUID=d0ded852-0a77-481a-a680-10e5e190379c, command=[]} | ret=SUCCESS |  
2019-09-19 10:45:05,156 | INFO  | SCMAudit | user=jenkins1000 | ip=192.168.157.204 | op=SEND_HEARTBEAT {datanodeUUID=6b4db361-80c8-4463-ae57-b9f6d8c1534e, command=[]} | ret=SUCCESS |  
2019-09-19 10:45:05,424 | INFO  | SCMAudit | user=jenkins1000 | ip=192.168.157.204 | op=SEND_HEARTBEAT {datanodeUUID=43c3a3a3-e4f9-4e82-99c6-0d62df714a4a, command=[]} | ret=SUCCESS |  
 0.00% |█                                                                                                    |  0/1 Time: 0:00:022019-09-19 10:45:06,059 | INFO  | SCMAudit | user=jenkins1000 | ip=192.168.157.204 | op=SEND_HEARTBEAT {datanodeUUID=d0ded852-0a77-481a-a680-10e5e190379c, command=[]} | ret=SUCCESS |  
2019-09-19 10:45:06,156 | INFO  | SCMAudit | user=jenkins1000 | ip=192.168.157.204 | op=SEND_HEARTBEAT {datanodeUUID=6b4db361-80c8-4463-ae57-b9f6d8c1534e, command=[]} | ret=SUCCESS |  
2019-09-19 10:45:06,424 | INFO  | SCMAudit | user=jenkins1000 | ip=192.168.157.204 | op=SEND_HEARTBEAT {datanodeUUID=43c3a3a3-e4f9-4e82-99c6-0d62df714a4a, command=[]} | ret=SUCCESS |  
 0.00% |█                                                                                                    |  0/1 Time: 0:00:032019-09-19 10:45:07,060 | INFO  | SCMAudit | user=jenkins1000 | ip=192.168.157.204 | op=SEND_HEARTBEAT {datanodeUUID=d0ded852-0a77-481a-a680-10e5e190379c, command=[]} | ret=SUCCESS |  
2019-09-19 10:45:07,156 | INFO  | SCMAudit | user=jenkins1000 | ip=192.168.157.204 | op=SEND_HEARTBEAT {datanodeUUID=6b4db361-80c8-4463-ae57-b9f6d8c1534e, command=[]} | ret=SUCCESS |  
2019-09-19 10:45:07,424 | INFO  | SCMAudit | user=jenkins1000 | ip=192.168.157.204 | op=SEND_HEARTBEAT {datanodeUUID=43c3a3a3-e4f9-4e82-99c6-0d62df714a4a, command=[]} | ret=SUCCESS |  
2019-09-19 10:45:07,449 [Thread-179] INFO  impl.FollowerState (FollowerState.java:run(106)) - 6b4db361-80c8-4463-ae57-b9f6d8c1534e:group-639AB20DD71A changes to CANDIDATE, lastRpcTime:5175, electionTimeout:5174ms
2019-09-19 10:45:07,449 [Thread-179] INFO  impl.RoleInfo (RoleInfo.java:shutdownFollowerState(121)) - 6b4db361-80c8-4463-ae57-b9f6d8c1534e: shutdown FollowerState
2019-09-19 10:45:07,449 [Thread-179] INFO  impl.RaftServerImpl (RaftServerImpl.java:setRole(171)) - 6b4db361-80c8-4463-ae57-b9f6d8c1534e:group-639AB20DD71A changes role from FOLLOWER to CANDIDATE at term 0 for changeToCandidate
2019-09-19 10:45:07,455 [Thread-179] INFO  impl.RoleInfo (RoleInfo.java:updateAndGet(143)) - 6b4db361-80c8-4463-ae57-b9f6d8c1534e: start LeaderElection
 0.00% |█                                                                                                    |  0/1 Time: 0:00:042019-09-19 10:45:07,595 [6b4db361-80c8-4463-ae57-b9f6d8c1534e:group-639AB20DD71A:LeaderElection1] INFO  impl.LeaderElection (LeaderElection.java:askForVotes(181)) - 6b4db361-80c8-4463-ae57-b9f6d8c1534e:group-639AB20DD71A:LeaderElection1: begin an election at term 1 for -1: [6b4db361-80c8-4463-ae57-b9f6d8c1534e:192.168.157.204:36529], old=null
2019-09-19 10:45:07,597 [6b4db361-80c8-4463-ae57-b9f6d8c1534e:group-639AB20DD71A:LeaderElection1] INFO  impl.RoleInfo (RoleInfo.java:shutdownLeaderElection(134)) - 6b4db361-80c8-4463-ae57-b9f6d8c1534e: shutdown LeaderElection
2019-09-19 10:45:07,598 [6b4db361-80c8-4463-ae57-b9f6d8c1534e:group-639AB20DD71A:LeaderElection1] INFO  impl.RaftServerImpl (RaftServerImpl.java:setRole(171)) - 6b4db361-80c8-4463-ae57-b9f6d8c1534e:group-639AB20DD71A changes role from CANDIDATE to LEADER at term 1 for changeToLeader
2019-09-19 10:45:07,598 [6b4db361-80c8-4463-ae57-b9f6d8c1534e:group-639AB20DD71A:LeaderElection1] INFO  impl.RaftServerImpl (ServerState.java:setLeader(263)) - 6b4db361-80c8-4463-ae57-b9f6d8c1534e:group-639AB20DD71A change Leader from null to 6b4db361-80c8-4463-ae57-b9f6d8c1534e at term 1 for becomeLeader, leader elected after 5420ms
2019-09-19 10:45:07,605 [Thread-182] INFO  impl.FollowerState (FollowerState.java:run(106)) - d0ded852-0a77-481a-a680-10e5e190379c:group-4D5F0455B080 changes to CANDIDATE, lastRpcTime:5045, electionTimeout:5045ms
2019-09-19 10:45:07,608 [Thread-182] INFO  impl.RoleInfo (RoleInfo.java:shutdownFollowerState(121)) - d0ded852-0a77-481a-a680-10e5e190379c: shutdown FollowerState
2019-09-19 10:45:07,608 [Thread-182] INFO  impl.RaftServerImpl (RaftServerImpl.java:setRole(171)) - d0ded852-0a77-481a-a680-10e5e190379c:group-4D5F0455B080 changes role from FOLLOWER to CANDIDATE at term 0 for changeToCandidate
2019-09-19 10:45:07,608 [Thread-182] INFO  impl.RoleInfo (RoleInfo.java:updateAndGet(143)) - d0ded852-0a77-481a-a680-10e5e190379c: start LeaderElection
2019-09-19 10:45:07,612 [6b4db361-80c8-4463-ae57-b9f6d8c1534e:group-639AB20DD71A:LeaderElection1] INFO  server.RaftServerConfigKeys (ConfUtils.java:logGet(43)) - raft.server.staging.catchup.gap = 1000 (default)
2019-09-19 10:45:07,612 [6b4db361-80c8-4463-ae57-b9f6d8c1534e:group-639AB20DD71A:LeaderElection1] INFO  server.RaftServerConfigKeys (ConfUtils.java:logGet(43)) - raft.server.rpc.sleep.time = 25ms (default)
2019-09-19 10:45:07,616 [6b4db361-80c8-4463-ae57-b9f6d8c1534e:group-639AB20DD71A:LeaderElection1] INFO  server.RaftServerConfigKeys (ConfUtils.java:logGet(43)) - raft.server.write.element-limit = 4096 (default)
2019-09-19 10:45:07,618 [6b4db361-80c8-4463-ae57-b9f6d8c1534e:group-639AB20DD71A:LeaderElection1] INFO  server.RaftServerConfigKeys (ConfUtils.java:logGet(43)) - raft.server.watch.timeout = 10s (default)
2019-09-19 10:45:07,619 [6b4db361-80c8-4463-ae57-b9f6d8c1534e:group-639AB20DD71A:LeaderElection1] INFO  server.RaftServerConfigKeys (ConfUtils.java:logGet(43)) - raft.server.watch.timeout.denomination = 1s (default)
2019-09-19 10:45:07,620 [6b4db361-80c8-4463-ae57-b9f6d8c1534e:group-639AB20DD71A:LeaderElection1] INFO  server.RaftServerConfigKeys (ConfUtils.java:logGet(43)) - raft.server.watch.element-limit = 65536 (default)
2019-09-19 10:45:07,629 [6b4db361-80c8-4463-ae57-b9f6d8c1534e:group-639AB20DD71A:LeaderElection1] INFO  impl.RoleInfo (RoleInfo.java:updateAndGet(143)) - 6b4db361-80c8-4463-ae57-b9f6d8c1534e: start LeaderState
2019-09-19 10:45:07,650 [6b4db361-80c8-4463-ae57-b9f6d8c1534e:group-639AB20DD71A:LeaderElection1] INFO  segmented.SegmentedRaftLogWorker (SegmentedRaftLogWorker.java:startLogSegment(380)) - 6b4db361-80c8-4463-ae57-b9f6d8c1534e-SegmentedRaftLogWorker:Storage Directory /workdir/hadoop-ozone/tools/target/test-dir/MiniOzoneClusterImpl-fb1be2cc-0df5-4edc-832d-164f8289558f/datanode-0/data/ratis/0a30a663-a73a-44ed-95ac-639ab20dd71a: Starting segment from index:0
2019-09-19 10:45:07,659 [6b4db361-80c8-4463-ae57-b9f6d8c1534e:group-639AB20DD71A:LeaderElection1] INFO  impl.RaftServerImpl (ServerState.java:setRaftConf(361)) - 6b4db361-80c8-4463-ae57-b9f6d8c1534e:group-639AB20DD71A set configuration 0: [6b4db361-80c8-4463-ae57-b9f6d8c1534e:192.168.157.204:36529], old=null at 0
2019-09-19 10:45:07,672 [d0ded852-0a77-481a-a680-10e5e190379c:group-4D5F0455B080:LeaderElection2] INFO  impl.LeaderElection (LeaderElection.java:askForVotes(181)) - d0ded852-0a77-481a-a680-10e5e190379c:group-4D5F0455B080:LeaderElection2: begin an election at term 1 for -1: [d0ded852-0a77-481a-a680-10e5e190379c:192.168.157.204:45896], old=null
2019-09-19 10:45:07,673 [d0ded852-0a77-481a-a680-10e5e190379c:group-4D5F0455B080:LeaderElection2] INFO  impl.RoleInfo (RoleInfo.java:shutdownLeaderElection(134)) - d0ded852-0a77-481a-a680-10e5e190379c: shutdown LeaderElection
2019-09-19 10:45:07,673 [d0ded852-0a77-481a-a680-10e5e190379c:group-4D5F0455B080:LeaderElection2] INFO  impl.RaftServerImpl (RaftServerImpl.java:setRole(171)) - d0ded852-0a77-481a-a680-10e5e190379c:group-4D5F0455B080 changes role from CANDIDATE to LEADER at term 1 for changeToLeader
2019-09-19 10:45:07,673 [d0ded852-0a77-481a-a680-10e5e190379c:group-4D5F0455B080:LeaderElection2] INFO  impl.RaftServerImpl (ServerState.java:setLeader(263)) - d0ded852-0a77-481a-a680-10e5e190379c:group-4D5F0455B080 change Leader from null to d0ded852-0a77-481a-a680-10e5e190379c at term 1 for becomeLeader, leader elected after 5118ms
2019-09-19 10:45:07,673 [d0ded852-0a77-481a-a680-10e5e190379c:group-4D5F0455B080:LeaderElection2] INFO  server.RaftServerConfigKeys (ConfUtils.java:logGet(43)) - raft.server.staging.catchup.gap = 1000 (default)
2019-09-19 10:45:07,674 [d0ded852-0a77-481a-a680-10e5e190379c:group-4D5F0455B080:LeaderElection2] INFO  server.RaftServerConfigKeys (ConfUtils.java:logGet(43)) - raft.server.rpc.sleep.time = 25ms (default)
2019-09-19 10:45:07,674 [d0ded852-0a77-481a-a680-10e5e190379c:group-4D5F0455B080:LeaderElection2] INFO  server.RaftServerConfigKeys (ConfUtils.java:logGet(43)) - raft.server.write.element-limit = 4096 (default)
2019-09-19 10:45:07,674 [d0ded852-0a77-481a-a680-10e5e190379c:group-4D5F0455B080:LeaderElection2] INFO  server.RaftServerConfigKeys (ConfUtils.java:logGet(43)) - raft.server.watch.timeout = 10s (default)
2019-09-19 10:45:07,675 [d0ded852-0a77-481a-a680-10e5e190379c:group-4D5F0455B080:LeaderElection2] INFO  server.RaftServerConfigKeys (ConfUtils.java:logGet(43)) - raft.server.watch.timeout.denomination = 1s (default)
2019-09-19 10:45:07,675 [d0ded852-0a77-481a-a680-10e5e190379c:group-4D5F0455B080:LeaderElection2] INFO  server.RaftServerConfigKeys (ConfUtils.java:logGet(43)) - raft.server.watch.element-limit = 65536 (default)
2019-09-19 10:45:07,675 [d0ded852-0a77-481a-a680-10e5e190379c:group-4D5F0455B080:LeaderElection2] INFO  impl.RoleInfo (RoleInfo.java:updateAndGet(143)) - d0ded852-0a77-481a-a680-10e5e190379c: start LeaderState
2019-09-19 10:45:07,676 [d0ded852-0a77-481a-a680-10e5e190379c:group-4D5F0455B080:LeaderElection2] INFO  segmented.SegmentedRaftLogWorker (SegmentedRaftLogWorker.java:startLogSegment(380)) - d0ded852-0a77-481a-a680-10e5e190379c-SegmentedRaftLogWorker:Storage Directory /workdir/hadoop-ozone/tools/target/test-dir/MiniOzoneClusterImpl-fb1be2cc-0df5-4edc-832d-164f8289558f/datanode-2/data/ratis/3e358b26-daf6-4a2c-b121-4d5f0455b080: Starting segment from index:0
2019-09-19 10:45:07,677 [d0ded852-0a77-481a-a680-10e5e190379c:group-4D5F0455B080:LeaderElection2] INFO  impl.RaftServerImpl (ServerState.java:setRaftConf(361)) - d0ded852-0a77-481a-a680-10e5e190379c:group-4D5F0455B080 set configuration 0: [d0ded852-0a77-481a-a680-10e5e190379c:192.168.157.204:45896], old=null at 0
2019-09-19 10:45:07,733 [Thread-185] INFO  impl.FollowerState (FollowerState.java:run(106)) - d0ded852-0a77-481a-a680-10e5e190379c:group-DC1B5C06C9F0 changes to CANDIDATE, lastRpcTime:5095, electionTimeout:5095ms
2019-09-19 10:45:07,733 [Thread-185] INFO  impl.RoleInfo (RoleInfo.java:shutdownFollowerState(121)) - d0ded852-0a77-481a-a680-10e5e190379c: shutdown FollowerState
2019-09-19 10:45:07,733 [Thread-185] INFO  impl.RaftServerImpl (RaftServerImpl.java:setRole(171)) - d0ded852-0a77-481a-a680-10e5e190379c:group-DC1B5C06C9F0 changes role from FOLLOWER to CANDIDATE at term 0 for changeToCandidate
2019-09-19 10:45:07,733 [Thread-185] INFO  impl.RoleInfo (RoleInfo.java:updateAndGet(143)) - d0ded852-0a77-481a-a680-10e5e190379c: start LeaderElection
2019-09-19 10:45:07,776 [Thread-188] INFO  impl.FollowerState (FollowerState.java:run(106)) - 6b4db361-80c8-4463-ae57-b9f6d8c1534e:group-F5B9B6B91987 changes to CANDIDATE, lastRpcTime:5076, electionTimeout:5076ms
2019-09-19 10:45:07,776 [Thread-188] INFO  impl.RoleInfo (RoleInfo.java:shutdownFollowerState(121)) - 6b4db361-80c8-4463-ae57-b9f6d8c1534e: shutdown FollowerState
2019-09-19 10:45:07,776 [Thread-188] INFO  impl.RaftServerImpl (RaftServerImpl.java:setRole(171)) - 6b4db361-80c8-4463-ae57-b9f6d8c1534e:group-F5B9B6B91987 changes role from FOLLOWER to CANDIDATE at term 0 for changeToCandidate
2019-09-19 10:45:07,776 [Thread-188] INFO  impl.RoleInfo (RoleInfo.java:updateAndGet(143)) - 6b4db361-80c8-4463-ae57-b9f6d8c1534e: start LeaderElection
2019-09-19 10:45:07,840 [d0ded852-0a77-481a-a680-10e5e190379c:group-DC1B5C06C9F0:LeaderElection3] INFO  impl.LeaderElection (LeaderElection.java:askForVotes(181)) - d0ded852-0a77-481a-a680-10e5e190379c:group-DC1B5C06C9F0:LeaderElection3: begin an election at term 1 for -1: [d0ded852-0a77-481a-a680-10e5e190379c:192.168.157.204:45896], old=null
2019-09-19 10:45:07,841 [d0ded852-0a77-481a-a680-10e5e190379c:group-DC1B5C06C9F0:LeaderElection3] INFO  impl.RoleInfo (RoleInfo.java:shutdownLeaderElection(134)) - d0ded852-0a77-481a-a680-10e5e190379c: shutdown LeaderElection
2019-09-19 10:45:07,841 [d0ded852-0a77-481a-a680-10e5e190379c:group-DC1B5C06C9F0:LeaderElection3] INFO  impl.RaftServerImpl (RaftServerImpl.java:setRole(171)) - d0ded852-0a77-481a-a680-10e5e190379c:group-DC1B5C06C9F0 changes role from CANDIDATE to LEADER at term 1 for changeToLeader
2019-09-19 10:45:07,841 [d0ded852-0a77-481a-a680-10e5e190379c:group-DC1B5C06C9F0:LeaderElection3] INFO  impl.RaftServerImpl (ServerState.java:setLeader(263)) - d0ded852-0a77-481a-a680-10e5e190379c:group-DC1B5C06C9F0 change Leader from null to d0ded852-0a77-481a-a680-10e5e190379c at term 1 for becomeLeader, leader elected after 5207ms
2019-09-19 10:45:07,841 [d0ded852-0a77-481a-a680-10e5e190379c:group-DC1B5C06C9F0:LeaderElection3] INFO  server.RaftServerConfigKeys (ConfUtils.java:logGet(43)) - raft.server.staging.catchup.gap = 1000 (default)
2019-09-19 10:45:07,841 [d0ded852-0a77-481a-a680-10e5e190379c:group-DC1B5C06C9F0:LeaderElection3] INFO  server.RaftServerConfigKeys (ConfUtils.java:logGet(43)) - raft.server.rpc.sleep.time = 25ms (default)
2019-09-19 10:45:07,842 [d0ded852-0a77-481a-a680-10e5e190379c:group-DC1B5C06C9F0:LeaderElection3] INFO  server.RaftServerConfigKeys (ConfUtils.java:logGet(43)) - raft.server.write.element-limit = 4096 (default)
2019-09-19 10:45:07,842 [d0ded852-0a77-481a-a680-10e5e190379c:group-DC1B5C06C9F0:LeaderElection3] INFO  server.RaftServerConfigKeys (ConfUtils.java:logGet(43)) - raft.server.watch.timeout = 10s (default)
2019-09-19 10:45:07,842 [d0ded852-0a77-481a-a680-10e5e190379c:group-DC1B5C06C9F0:LeaderElection3] INFO  server.RaftServerConfigKeys (ConfUtils.java:logGet(43)) - raft.server.watch.timeout.denomination = 1s (default)
2019-09-19 10:45:07,842 [d0ded852-0a77-481a-a680-10e5e190379c:group-DC1B5C06C9F0:LeaderElection3] INFO  server.RaftServerConfigKeys (ConfUtils.java:logGet(43)) - raft.server.watch.element-limit = 65536 (default)
2019-09-19 10:45:07,842 [d0ded852-0a77-481a-a680-10e5e190379c:group-DC1B5C06C9F0:LeaderElection3] INFO  impl.RoleInfo (RoleInfo.java:updateAndGet(143)) - d0ded852-0a77-481a-a680-10e5e190379c: start LeaderState
2019-09-19 10:45:07,843 [d0ded852-0a77-481a-a680-10e5e190379c:group-DC1B5C06C9F0:LeaderElection3] INFO  segmented.SegmentedRaftLogWorker (SegmentedRaftLogWorker.java:startLogSegment(380)) - d0ded852-0a77-481a-a680-10e5e190379c-SegmentedRaftLogWorker:Storage Directory /workdir/hadoop-ozone/tools/target/test-dir/MiniOzoneClusterImpl-fb1be2cc-0df5-4edc-832d-164f8289558f/datanode-2/data/ratis/e4ae5ec0-0785-4ec9-b416-dc1b5c06c9f0: Starting segment from index:0
2019-09-19 10:45:07,844 [d0ded852-0a77-481a-a680-10e5e190379c:group-DC1B5C06C9F0:LeaderElection3] INFO  impl.RaftServerImpl (ServerState.java:setRaftConf(361)) - d0ded852-0a77-481a-a680-10e5e190379c:group-DC1B5C06C9F0 set configuration 0: [d0ded852-0a77-481a-a680-10e5e190379c:192.168.157.204:45896], old=null at 0
2019-09-19 10:45:07,882 [6b4db361-80c8-4463-ae57-b9f6d8c1534e-SegmentedRaftLogWorker:Storage Directory /workdir/hadoop-ozone/tools/target/test-dir/MiniOzoneClusterImpl-fb1be2cc-0df5-4edc-832d-164f8289558f/datanode-0/data/ratis/0a30a663-a73a-44ed-95ac-639ab20dd71a] INFO  segmented.SegmentedRaftLogWorker (SegmentedRaftLogWorker.java:execute(569)) - 6b4db361-80c8-4463-ae57-b9f6d8c1534e-SegmentedRaftLogWorker:Storage Directory /workdir/hadoop-ozone/tools/target/test-dir/MiniOzoneClusterImpl-fb1be2cc-0df5-4edc-832d-164f8289558f/datanode-0/data/ratis/0a30a663-a73a-44ed-95ac-639ab20dd71a: created new log segment /workdir/hadoop-ozone/tools/target/test-dir/MiniOzoneClusterImpl-fb1be2cc-0df5-4edc-832d-164f8289558f/datanode-0/data/ratis/0a30a663-a73a-44ed-95ac-639ab20dd71a/current/log_inprogress_0
2019-09-19 10:45:07,882 [6b4db361-80c8-4463-ae57-b9f6d8c1534e:group-F5B9B6B91987:LeaderElection4] INFO  impl.LeaderElection (LeaderElection.java:askForVotes(181)) - 6b4db361-80c8-4463-ae57-b9f6d8c1534e:group-F5B9B6B91987:LeaderElection4: begin an election at term 1 for -1: [6b4db361-80c8-4463-ae57-b9f6d8c1534e:192.168.157.204:36529], old=null
2019-09-19 10:45:07,882 [d0ded852-0a77-481a-a680-10e5e190379c-SegmentedRaftLogWorker:Storage Directory /workdir/hadoop-ozone/tools/target/test-dir/MiniOzoneClusterImpl-fb1be2cc-0df5-4edc-832d-164f8289558f/datanode-2/data/ratis/3e358b26-daf6-4a2c-b121-4d5f0455b080] INFO  segmented.SegmentedRaftLogWorker (SegmentedRaftLogWorker.java:execute(569)) - d0ded852-0a77-481a-a680-10e5e190379c-SegmentedRaftLogWorker:Storage Directory /workdir/hadoop-ozone/tools/target/test-dir/MiniOzoneClusterImpl-fb1be2cc-0df5-4edc-832d-164f8289558f/datanode-2/data/ratis/3e358b26-daf6-4a2c-b121-4d5f0455b080: created new log segment /workdir/hadoop-ozone/tools/target/test-dir/MiniOzoneClusterImpl-fb1be2cc-0df5-4edc-832d-164f8289558f/datanode-2/data/ratis/3e358b26-daf6-4a2c-b121-4d5f0455b080/current/log_inprogress_0
2019-09-19 10:45:07,883 [6b4db361-80c8-4463-ae57-b9f6d8c1534e:group-F5B9B6B91987:LeaderElection4] INFO  impl.RoleInfo (RoleInfo.java:shutdownLeaderElection(134)) - 6b4db361-80c8-4463-ae57-b9f6d8c1534e: shutdown LeaderElection
2019-09-19 10:45:07,884 [6b4db361-80c8-4463-ae57-b9f6d8c1534e:group-F5B9B6B91987:LeaderElection4] INFO  impl.RaftServerImpl (RaftServerImpl.java:setRole(171)) - 6b4db361-80c8-4463-ae57-b9f6d8c1534e:group-F5B9B6B91987 changes role from CANDIDATE to LEADER at term 1 for changeToLeader
2019-09-19 10:45:07,884 [6b4db361-80c8-4463-ae57-b9f6d8c1534e:group-F5B9B6B91987:LeaderElection4] INFO  impl.RaftServerImpl (ServerState.java:setLeader(263)) - 6b4db361-80c8-4463-ae57-b9f6d8c1534e:group-F5B9B6B91987 change Leader from null to 6b4db361-80c8-4463-ae57-b9f6d8c1534e at term 1 for becomeLeader, leader elected after 5187ms
2019-09-19 10:45:07,884 [6b4db361-80c8-4463-ae57-b9f6d8c1534e:group-F5B9B6B91987:LeaderElection4] INFO  server.RaftServerConfigKeys (ConfUtils.java:logGet(43)) - raft.server.staging.catchup.gap = 1000 (default)
2019-09-19 10:45:07,884 [6b4db361-80c8-4463-ae57-b9f6d8c1534e:group-F5B9B6B91987:LeaderElection4] INFO  server.RaftServerConfigKeys (ConfUtils.java:logGet(43)) - raft.server.rpc.sleep.time = 25ms (default)
2019-09-19 10:45:07,884 [6b4db361-80c8-4463-ae57-b9f6d8c1534e:group-F5B9B6B91987:LeaderElection4] INFO  server.RaftServerConfigKeys (ConfUtils.java:logGet(43)) - raft.server.write.element-limit = 4096 (default)
2019-09-19 10:45:07,885 [6b4db361-80c8-4463-ae57-b9f6d8c1534e:group-F5B9B6B91987:LeaderElection4] INFO  server.RaftServerConfigKeys (ConfUtils.java:logGet(43)) - raft.server.watch.timeout = 10s (default)
2019-09-19 10:45:07,885 [6b4db361-80c8-4463-ae57-b9f6d8c1534e:group-F5B9B6B91987:LeaderElection4] INFO  server.RaftServerConfigKeys (ConfUtils.java:logGet(43)) - raft.server.watch.timeout.denomination = 1s (default)
2019-09-19 10:45:07,885 [6b4db361-80c8-4463-ae57-b9f6d8c1534e:group-F5B9B6B91987:LeaderElection4] INFO  server.RaftServerConfigKeys (ConfUtils.java:logGet(43)) - raft.server.watch.element-limit = 65536 (default)
2019-09-19 10:45:07,885 [6b4db361-80c8-4463-ae57-b9f6d8c1534e:group-F5B9B6B91987:LeaderElection4] INFO  impl.RoleInfo (RoleInfo.java:updateAndGet(143)) - 6b4db361-80c8-4463-ae57-b9f6d8c1534e: start LeaderState
2019-09-19 10:45:07,886 [6b4db361-80c8-4463-ae57-b9f6d8c1534e:group-F5B9B6B91987:LeaderElection4] INFO  segmented.SegmentedRaftLogWorker (SegmentedRaftLogWorker.java:startLogSegment(380)) - 6b4db361-80c8-4463-ae57-b9f6d8c1534e-SegmentedRaftLogWorker:Storage Directory /workdir/hadoop-ozone/tools/target/test-dir/MiniOzoneClusterImpl-fb1be2cc-0df5-4edc-832d-164f8289558f/datanode-0/data/ratis/8af85b28-b2f6-4724-a037-f5b9b6b91987: Starting segment from index:0
2019-09-19 10:45:07,886 [6b4db361-80c8-4463-ae57-b9f6d8c1534e:group-F5B9B6B91987:LeaderElection4] INFO  impl.RaftServerImpl (ServerState.java:setRaftConf(361)) - 6b4db361-80c8-4463-ae57-b9f6d8c1534e:group-F5B9B6B91987 set configuration 0: [6b4db361-80c8-4463-ae57-b9f6d8c1534e:192.168.157.204:36529], old=null at 0
2019-09-19 10:45:07,920 [Thread-191] INFO  impl.FollowerState (FollowerState.java:run(106)) - 43c3a3a3-e4f9-4e82-99c6-0d62df714a4a:group-77DBA19F5E8E changes to CANDIDATE, lastRpcTime:5165, electionTimeout:5160ms
2019-09-19 10:45:07,925 [Thread-191] INFO  impl.RoleInfo (RoleInfo.java:shutdownFollowerState(121)) - 43c3a3a3-e4f9-4e82-99c6-0d62df714a4a: shutdown FollowerState
2019-09-19 10:45:07,925 [Thread-191] INFO  impl.RaftServerImpl (RaftServerImpl.java:setRole(171)) - 43c3a3a3-e4f9-4e82-99c6-0d62df714a4a:group-77DBA19F5E8E changes role from FOLLOWER to CANDIDATE at term 0 for changeToCandidate
2019-09-19 10:45:07,925 [Thread-191] INFO  impl.RoleInfo (RoleInfo.java:updateAndGet(143)) - 43c3a3a3-e4f9-4e82-99c6-0d62df714a4a: start LeaderElection
2019-09-19 10:45:07,932 [d0ded852-0a77-481a-a680-10e5e190379c-SegmentedRaftLogWorker:Storage Directory /workdir/hadoop-ozone/tools/target/test-dir/MiniOzoneClusterImpl-fb1be2cc-0df5-4edc-832d-164f8289558f/datanode-2/data/ratis/e4ae5ec0-0785-4ec9-b416-dc1b5c06c9f0] INFO  segmented.SegmentedRaftLogWorker (SegmentedRaftLogWorker.java:execute(569)) - d0ded852-0a77-481a-a680-10e5e190379c-SegmentedRaftLogWorker:Storage Directory /workdir/hadoop-ozone/tools/target/test-dir/MiniOzoneClusterImpl-fb1be2cc-0df5-4edc-832d-164f8289558f/datanode-2/data/ratis/e4ae5ec0-0785-4ec9-b416-dc1b5c06c9f0: created new log segment /workdir/hadoop-ozone/tools/target/test-dir/MiniOzoneClusterImpl-fb1be2cc-0df5-4edc-832d-164f8289558f/datanode-2/data/ratis/e4ae5ec0-0785-4ec9-b416-dc1b5c06c9f0/current/log_inprogress_0
2019-09-19 10:45:07,967 [6b4db361-80c8-4463-ae57-b9f6d8c1534e-SegmentedRaftLogWorker:Storage Directory /workdir/hadoop-ozone/tools/target/test-dir/MiniOzoneClusterImpl-fb1be2cc-0df5-4edc-832d-164f8289558f/datanode-0/data/ratis/8af85b28-b2f6-4724-a037-f5b9b6b91987] INFO  segmented.SegmentedRaftLogWorker (SegmentedRaftLogWorker.java:execute(569)) - 6b4db361-80c8-4463-ae57-b9f6d8c1534e-SegmentedRaftLogWorker:Storage Directory /workdir/hadoop-ozone/tools/target/test-dir/MiniOzoneClusterImpl-fb1be2cc-0df5-4edc-832d-164f8289558f/datanode-0/data/ratis/8af85b28-b2f6-4724-a037-f5b9b6b91987: created new log segment /workdir/hadoop-ozone/tools/target/test-dir/MiniOzoneClusterImpl-fb1be2cc-0df5-4edc-832d-164f8289558f/datanode-0/data/ratis/8af85b28-b2f6-4724-a037-f5b9b6b91987/current/log_inprogress_0
2019-09-19 10:45:07,967 [43c3a3a3-e4f9-4e82-99c6-0d62df714a4a:group-77DBA19F5E8E:LeaderElection5] INFO  impl.LeaderElection (LeaderElection.java:askForVotes(181)) - 43c3a3a3-e4f9-4e82-99c6-0d62df714a4a:group-77DBA19F5E8E:LeaderElection5: begin an election at term 1 for -1: [43c3a3a3-e4f9-4e82-99c6-0d62df714a4a:192.168.157.204:35746], old=null
2019-09-19 10:45:07,968 [43c3a3a3-e4f9-4e82-99c6-0d62df714a4a:group-77DBA19F5E8E:LeaderElection5] INFO  impl.RoleInfo (RoleInfo.java:shutdownLeaderElection(134)) - 43c3a3a3-e4f9-4e82-99c6-0d62df714a4a: shutdown LeaderElection
2019-09-19 10:45:07,968 [43c3a3a3-e4f9-4e82-99c6-0d62df714a4a:group-77DBA19F5E8E:LeaderElection5] INFO  impl.RaftServerImpl (RaftServerImpl.java:setRole(171)) - 43c3a3a3-e4f9-4e82-99c6-0d62df714a4a:group-77DBA19F5E8E changes role from CANDIDATE to LEADER at term 1 for changeToLeader
2019-09-19 10:45:07,969 [43c3a3a3-e4f9-4e82-99c6-0d62df714a4a:group-77DBA19F5E8E:LeaderElection5] INFO  impl.RaftServerImpl (ServerState.java:setLeader(263)) - 43c3a3a3-e4f9-4e82-99c6-0d62df714a4a:group-77DBA19F5E8E change Leader from null to 43c3a3a3-e4f9-4e82-99c6-0d62df714a4a at term 1 for becomeLeader, leader elected after 5217ms
2019-09-19 10:45:07,969 [43c3a3a3-e4f9-4e82-99c6-0d62df714a4a:group-77DBA19F5E8E:LeaderElection5] INFO  server.RaftServerConfigKeys (ConfUtils.java:logGet(43)) - raft.server.staging.catchup.gap = 1000 (default)
2019-09-19 10:45:07,969 [43c3a3a3-e4f9-4e82-99c6-0d62df714a4a:group-77DBA19F5E8E:LeaderElection5] INFO  server.RaftServerConfigKeys (ConfUtils.java:logGet(43)) - raft.server.rpc.sleep.time = 25ms (default)
2019-09-19 10:45:07,969 [43c3a3a3-e4f9-4e82-99c6-0d62df714a4a:group-77DBA19F5E8E:LeaderElection5] INFO  server.RaftServerConfigKeys (ConfUtils.java:logGet(43)) - raft.server.write.element-limit = 4096 (default)
2019-09-19 10:45:07,969 [43c3a3a3-e4f9-4e82-99c6-0d62df714a4a:group-77DBA19F5E8E:LeaderElection5] INFO  server.RaftServerConfigKeys (ConfUtils.java:logGet(43)) - raft.server.watch.timeout = 10s (default)
2019-09-19 10:45:07,970 [43c3a3a3-e4f9-4e82-99c6-0d62df714a4a:group-77DBA19F5E8E:LeaderElection5] INFO  server.RaftServerConfigKeys (ConfUtils.java:logGet(43)) - raft.server.watch.timeout.denomination = 1s (default)
2019-09-19 10:45:07,970 [43c3a3a3-e4f9-4e82-99c6-0d62df714a4a:group-77DBA19F5E8E:LeaderElection5] INFO  server.RaftServerConfigKeys (ConfUtils.java:logGet(43)) - raft.server.watch.element-limit = 65536 (default)
2019-09-19 10:45:07,970 [43c3a3a3-e4f9-4e82-99c6-0d62df714a4a:group-77DBA19F5E8E:LeaderElection5] INFO  impl.RoleInfo (RoleInfo.java:updateAndGet(143)) - 43c3a3a3-e4f9-4e82-99c6-0d62df714a4a: start LeaderState
2019-09-19 10:45:07,970 [43c3a3a3-e4f9-4e82-99c6-0d62df714a4a:group-77DBA19F5E8E:LeaderElection5] INFO  segmented.SegmentedRaftLogWorker (SegmentedRaftLogWorker.java:startLogSegment(380)) - 43c3a3a3-e4f9-4e82-99c6-0d62df714a4a-SegmentedRaftLogWorker:Storage Directory /workdir/hadoop-ozone/tools/target/test-dir/MiniOzoneClusterImpl-fb1be2cc-0df5-4edc-832d-164f8289558f/datanode-1/data/ratis/0ee38089-17e9-4c70-9423-77dba19f5e8e: Starting segment from index:0
2019-09-19 10:45:07,971 [43c3a3a3-e4f9-4e82-99c6-0d62df714a4a:group-77DBA19F5E8E:LeaderElection5] INFO  impl.RaftServerImpl (ServerState.java:setRaftConf(361)) - 43c3a3a3-e4f9-4e82-99c6-0d62df714a4a:group-77DBA19F5E8E set configuration 0: [43c3a3a3-e4f9-4e82-99c6-0d62df714a4a:192.168.157.204:35746], old=null at 0
2019-09-19 10:45:08,009 [Thread-194] INFO  impl.FollowerState (FollowerState.java:run(106)) - 6b4db361-80c8-4463-ae57-b9f6d8c1534e:group-D011AE28F678 changes to CANDIDATE, lastRpcTime:5188, electionTimeout:5162ms
2019-09-19 10:45:08,010 [Thread-194] INFO  impl.RoleInfo (RoleInfo.java:shutdownFollowerState(121)) - 6b4db361-80c8-4463-ae57-b9f6d8c1534e: shutdown FollowerState
2019-09-19 10:45:08,010 [Thread-194] INFO  impl.RaftServerImpl (RaftServerImpl.java:setRole(171)) - 6b4db361-80c8-4463-ae57-b9f6d8c1534e:group-D011AE28F678 changes role from FOLLOWER to CANDIDATE at term 0 for changeToCandidate
2019-09-19 10:45:08,010 [Thread-194] INFO  impl.RoleInfo (RoleInfo.java:updateAndGet(143)) - 6b4db361-80c8-4463-ae57-b9f6d8c1534e: start LeaderElection
2019-09-19 10:45:08,048 [Thread-200] INFO  impl.FollowerState (FollowerState.java:run(106)) - 6b4db361-80c8-4463-ae57-b9f6d8c1534e:group-CC5EE08DF97E changes to CANDIDATE, lastRpcTime:5105, electionTimeout:5105ms
2019-09-19 10:45:08,048 [Thread-200] INFO  impl.RoleInfo (RoleInfo.java:shutdownFollowerState(121)) - 6b4db361-80c8-4463-ae57-b9f6d8c1534e: shutdown FollowerState
2019-09-19 10:45:08,048 [Thread-200] INFO  impl.RaftServerImpl (RaftServerImpl.java:setRole(171)) - 6b4db361-80c8-4463-ae57-b9f6d8c1534e:group-CC5EE08DF97E changes role from FOLLOWER to CANDIDATE at term 0 for changeToCandidate
2019-09-19 10:45:08,048 [Thread-200] INFO  impl.RoleInfo (RoleInfo.java:updateAndGet(143)) - 6b4db361-80c8-4463-ae57-b9f6d8c1534e: start LeaderElection
2019-09-19 10:45:08,052 [Thread-197] INFO  impl.FollowerState (FollowerState.java:run(106)) - 6b4db361-80c8-4463-ae57-b9f6d8c1534e:group-6DF3748115B2 changes to CANDIDATE, lastRpcTime:5165, electionTimeout:5164ms
2019-09-19 10:45:08,052 [Thread-197] INFO  impl.RoleInfo (RoleInfo.java:shutdownFollowerState(121)) - 6b4db361-80c8-4463-ae57-b9f6d8c1534e: shutdown FollowerState
2019-09-19 10:45:08,052 [Thread-197] INFO  impl.RaftServerImpl (RaftServerImpl.java:setRole(171)) - 6b4db361-80c8-4463-ae57-b9f6d8c1534e:group-6DF3748115B2 changes role from FOLLOWER to CANDIDATE at term 0 for changeToCandidate
2019-09-19 10:45:08,052 [Thread-197] INFO  impl.RoleInfo (RoleInfo.java:updateAndGet(143)) - 6b4db361-80c8-4463-ae57-b9f6d8c1534e: start LeaderElection
2019-09-19 10:45:08,060 | INFO  | SCMAudit | user=jenkins1000 | ip=192.168.157.204 | op=SEND_HEARTBEAT {datanodeUUID=d0ded852-0a77-481a-a680-10e5e190379c, command=[]} | ret=SUCCESS |  
2019-09-19 10:45:08,061 [43c3a3a3-e4f9-4e82-99c6-0d62df714a4a-SegmentedRaftLogWorker:Storage Directory /workdir/hadoop-ozone/tools/target/test-dir/MiniOzoneClusterImpl-fb1be2cc-0df5-4edc-832d-164f8289558f/datanode-1/data/ratis/0ee38089-17e9-4c70-9423-77dba19f5e8e] INFO  segmented.SegmentedRaftLogWorker (SegmentedRaftLogWorker.java:execute(569)) - 43c3a3a3-e4f9-4e82-99c6-0d62df714a4a-SegmentedRaftLogWorker:Storage Directory /workdir/hadoop-ozone/tools/target/test-dir/MiniOzoneClusterImpl-fb1be2cc-0df5-4edc-832d-164f8289558f/datanode-1/data/ratis/0ee38089-17e9-4c70-9423-77dba19f5e8e: created new log segment /workdir/hadoop-ozone/tools/target/test-dir/MiniOzoneClusterImpl-fb1be2cc-0df5-4edc-832d-164f8289558f/datanode-1/data/ratis/0ee38089-17e9-4c70-9423-77dba19f5e8e/current/log_inprogress_0
2019-09-19 10:45:08,061 [6b4db361-80c8-4463-ae57-b9f6d8c1534e:group-D011AE28F678:LeaderElection6] INFO  impl.LeaderElection (LeaderElection.java:askForVotes(181)) - 6b4db361-80c8-4463-ae57-b9f6d8c1534e:group-D011AE28F678:LeaderElection6: begin an election at term 1 for -1: [6b4db361-80c8-4463-ae57-b9f6d8c1534e:192.168.157.204:36529], old=null
2019-09-19 10:45:08,062 [6b4db361-80c8-4463-ae57-b9f6d8c1534e:group-D011AE28F678:LeaderElection6] INFO  impl.RoleInfo (RoleInfo.java:shutdownLeaderElection(134)) - 6b4db361-80c8-4463-ae57-b9f6d8c1534e: shutdown LeaderElection
2019-09-19 10:45:08,062 [6b4db361-80c8-4463-ae57-b9f6d8c1534e:group-D011AE28F678:LeaderElection6] INFO  impl.RaftServerImpl (RaftServerImpl.java:setRole(171)) - 6b4db361-80c8-4463-ae57-b9f6d8c1534e:group-D011AE28F678 changes role from CANDIDATE to LEADER at term 1 for changeToLeader
2019-09-19 10:45:08,062 [6b4db361-80c8-4463-ae57-b9f6d8c1534e:group-D011AE28F678:LeaderElection6] INFO  impl.RaftServerImpl (ServerState.java:setLeader(263)) - 6b4db361-80c8-4463-ae57-b9f6d8c1534e:group-D011AE28F678 change Leader from null to 6b4db361-80c8-4463-ae57-b9f6d8c1534e at term 1 for becomeLeader, leader elected after 5246ms
2019-09-19 10:45:08,062 [6b4db361-80c8-4463-ae57-b9f6d8c1534e:group-D011AE28F678:LeaderElection6] INFO  server.RaftServerConfigKeys (ConfUtils.java:logGet(43)) - raft.server.staging.catchup.gap = 1000 (default)
2019-09-19 10:45:08,062 [6b4db361-80c8-4463-ae57-b9f6d8c1534e:group-D011AE28F678:LeaderElection6] INFO  server.RaftServerConfigKeys (ConfUtils.java:logGet(43)) - raft.server.rpc.sleep.time = 25ms (default)
2019-09-19 10:45:08,063 [6b4db361-80c8-4463-ae57-b9f6d8c1534e:group-D011AE28F678:LeaderElection6] INFO  server.RaftServerConfigKeys (ConfUtils.java:logGet(43)) - raft.server.write.element-limit = 4096 (default)
2019-09-19 10:45:08,063 [6b4db361-80c8-4463-ae57-b9f6d8c1534e:group-D011AE28F678:LeaderElection6] INFO  server.RaftServerConfigKeys (ConfUtils.java:logGet(43)) - raft.server.watch.timeout = 10s (default)
2019-09-19 10:45:08,063 [6b4db361-80c8-4463-ae57-b9f6d8c1534e:group-D011AE28F678:LeaderElection6] INFO  server.RaftServerConfigKeys (ConfUtils.java:logGet(43)) - raft.server.watch.timeout.denomination = 1s (default)
2019-09-19 10:45:08,063 [6b4db361-80c8-4463-ae57-b9f6d8c1534e:group-D011AE28F678:LeaderElection6] INFO  server.RaftServerConfigKeys (ConfUtils.java:logGet(43)) - raft.server.watch.element-limit = 65536 (default)
2019-09-19 10:45:08,063 [6b4db361-80c8-4463-ae57-b9f6d8c1534e:group-D011AE28F678:LeaderElection6] INFO  impl.RoleInfo (RoleInfo.java:updateAndGet(143)) - 6b4db361-80c8-4463-ae57-b9f6d8c1534e: start LeaderState
2019-09-19 10:45:08,064 [6b4db361-80c8-4463-ae57-b9f6d8c1534e:group-D011AE28F678:LeaderElection6] INFO  segmented.SegmentedRaftLogWorker (SegmentedRaftLogWorker.java:startLogSegment(380)) - 6b4db361-80c8-4463-ae57-b9f6d8c1534e-SegmentedRaftLogWorker:Storage Directory /workdir/hadoop-ozone/tools/target/test-dir/MiniOzoneClusterImpl-fb1be2cc-0df5-4edc-832d-164f8289558f/datanode-0/data/ratis/ac70ccb8-62ab-4b0d-9a67-d011ae28f678: Starting segment from index:0
2019-09-19 10:45:08,064 [6b4db361-80c8-4463-ae57-b9f6d8c1534e:group-D011AE28F678:LeaderElection6] INFO  impl.RaftServerImpl (ServerState.java:setRaftConf(361)) - 6b4db361-80c8-4463-ae57-b9f6d8c1534e:group-D011AE28F678 set configuration 0: [6b4db361-80c8-4463-ae57-b9f6d8c1534e:192.168.157.204:36529], old=null at 0
2019-09-19 10:45:08,101 [Thread-203] INFO  impl.FollowerState (FollowerState.java:run(106)) - 6b4db361-80c8-4463-ae57-b9f6d8c1534e:group-EC4BF283B927 changes to CANDIDATE, lastRpcTime:5106, electionTimeout:5103ms
2019-09-19 10:45:08,102 [Thread-203] INFO  impl.RoleInfo (RoleInfo.java:shutdownFollowerState(121)) - 6b4db361-80c8-4463-ae57-b9f6d8c1534e: shutdown FollowerState
2019-09-19 10:45:08,102 [Thread-203] INFO  impl.RaftServerImpl (RaftServerImpl.java:setRole(171)) - 6b4db361-80c8-4463-ae57-b9f6d8c1534e:group-EC4BF283B927 changes role from FOLLOWER to CANDIDATE at term 0 for changeToCandidate
2019-09-19 10:45:08,103 [Thread-203] INFO  impl.RoleInfo (RoleInfo.java:updateAndGet(143)) - 6b4db361-80c8-4463-ae57-b9f6d8c1534e: start LeaderElection
2019-09-19 10:45:08,105 [6b4db361-80c8-4463-ae57-b9f6d8c1534e:group-CC5EE08DF97E:LeaderElection7] INFO  impl.LeaderElection (LeaderElection.java:askForVotes(181)) - 6b4db361-80c8-4463-ae57-b9f6d8c1534e:group-CC5EE08DF97E:LeaderElection7: begin an election at term 1 for -1: [6b4db361-80c8-4463-ae57-b9f6d8c1534e:192.168.157.204:36529], old=null
2019-09-19 10:45:08,105 [6b4db361-80c8-4463-ae57-b9f6d8c1534e:group-6DF3748115B2:LeaderElection8] INFO  impl.LeaderElection (LeaderElection.java:askForVotes(181)) - 6b4db361-80c8-4463-ae57-b9f6d8c1534e:group-6DF3748115B2:LeaderElection8: begin an election at term 1 for -1: [6b4db361-80c8-4463-ae57-b9f6d8c1534e:192.168.157.204:36529], old=null
2019-09-19 10:45:08,105 [6b4db361-80c8-4463-ae57-b9f6d8c1534e:group-CC5EE08DF97E:LeaderElection7] INFO  impl.RoleInfo (RoleInfo.java:shutdownLeaderElection(134)) - 6b4db361-80c8-4463-ae57-b9f6d8c1534e: shutdown LeaderElection
2019-09-19 10:45:08,106 [6b4db361-80c8-4463-ae57-b9f6d8c1534e:group-6DF3748115B2:LeaderElection8] INFO  impl.RoleInfo (RoleInfo.java:shutdownLeaderElection(134)) - 6b4db361-80c8-4463-ae57-b9f6d8c1534e: shutdown LeaderElection
2019-09-19 10:45:08,106 [6b4db361-80c8-4463-ae57-b9f6d8c1534e:group-CC5EE08DF97E:LeaderElection7] INFO  impl.RaftServerImpl (RaftServerImpl.java:setRole(171)) - 6b4db361-80c8-4463-ae57-b9f6d8c1534e:group-CC5EE08DF97E changes role from CANDIDATE to LEADER at term 1 for changeToLeader
2019-09-19 10:45:08,106 [6b4db361-80c8-4463-ae57-b9f6d8c1534e:group-6DF3748115B2:LeaderElection8] INFO  impl.RaftServerImpl (RaftServerImpl.java:setRole(171)) - 6b4db361-80c8-4463-ae57-b9f6d8c1534e:group-6DF3748115B2 changes role from CANDIDATE to LEADER at term 1 for changeToLeader
2019-09-19 10:45:08,106 [6b4db361-80c8-4463-ae57-b9f6d8c1534e:group-CC5EE08DF97E:LeaderElection7] INFO  impl.RaftServerImpl (ServerState.java:setLeader(263)) - 6b4db361-80c8-4463-ae57-b9f6d8c1534e:group-CC5EE08DF97E change Leader from null to 6b4db361-80c8-4463-ae57-b9f6d8c1534e at term 1 for becomeLeader, leader elected after 5169ms
2019-09-19 10:45:08,106 [6b4db361-80c8-4463-ae57-b9f6d8c1534e:group-6DF3748115B2:LeaderElection8] INFO  impl.RaftServerImpl (ServerState.java:setLeader(263)) - 6b4db361-80c8-4463-ae57-b9f6d8c1534e:group-6DF3748115B2 change Leader from null to 6b4db361-80c8-4463-ae57-b9f6d8c1534e at term 1 for becomeLeader, leader elected after 5225ms
2019-09-19 10:45:08,106 [6b4db361-80c8-4463-ae57-b9f6d8c1534e:group-CC5EE08DF97E:LeaderElection7] INFO  server.RaftServerConfigKeys (ConfUtils.java:logGet(43)) - raft.server.staging.catchup.gap = 1000 (default)
2019-09-19 10:45:08,106 [6b4db361-80c8-4463-ae57-b9f6d8c1534e:group-6DF3748115B2:LeaderElection8] INFO  server.RaftServerConfigKeys (ConfUtils.java:logGet(43)) - raft.server.staging.catchup.gap = 1000 (default)
2019-09-19 10:45:08,106 [6b4db361-80c8-4463-ae57-b9f6d8c1534e:group-CC5EE08DF97E:LeaderElection7] INFO  server.RaftServerConfigKeys (ConfUtils.java:logGet(43)) - raft.server.rpc.sleep.time = 25ms (default)
2019-09-19 10:45:08,107 [6b4db361-80c8-4463-ae57-b9f6d8c1534e:group-6DF3748115B2:LeaderElection8] INFO  server.RaftServerConfigKeys (ConfUtils.java:logGet(43)) - raft.server.rpc.sleep.time = 25ms (default)
2019-09-19 10:45:08,107 [6b4db361-80c8-4463-ae57-b9f6d8c1534e:group-CC5EE08DF97E:LeaderElection7] INFO  server.RaftServerConfigKeys (ConfUtils.java:logGet(43)) - raft.server.write.element-limit = 4096 (default)
2019-09-19 10:45:08,107 [6b4db361-80c8-4463-ae57-b9f6d8c1534e:group-6DF3748115B2:LeaderElection8] INFO  server.RaftServerConfigKeys (ConfUtils.java:logGet(43)) - raft.server.write.element-limit = 4096 (default)
2019-09-19 10:45:08,107 [6b4db361-80c8-4463-ae57-b9f6d8c1534e:group-CC5EE08DF97E:LeaderElection7] INFO  server.RaftServerConfigKeys (ConfUtils.java:logGet(43)) - raft.server.watch.timeout = 10s (default)
2019-09-19 10:45:08,107 [6b4db361-80c8-4463-ae57-b9f6d8c1534e:group-6DF3748115B2:LeaderElection8] INFO  server.RaftServerConfigKeys (ConfUtils.java:logGet(43)) - raft.server.watch.timeout = 10s (default)
2019-09-19 10:45:08,107 [6b4db361-80c8-4463-ae57-b9f6d8c1534e:group-CC5EE08DF97E:LeaderElection7] INFO  server.RaftServerConfigKeys (ConfUtils.java:logGet(43)) - raft.server.watch.timeout.denomination = 1s (default)
2019-09-19 10:45:08,107 [6b4db361-80c8-4463-ae57-b9f6d8c1534e:group-6DF3748115B2:LeaderElection8] INFO  server.RaftServerConfigKeys (ConfUtils.java:logGet(43)) - raft.server.watch.timeout.denomination = 1s (default)
2019-09-19 10:45:08,107 [6b4db361-80c8-4463-ae57-b9f6d8c1534e:group-CC5EE08DF97E:LeaderElection7] INFO  server.RaftServerConfigKeys (ConfUtils.java:logGet(43)) - raft.server.watch.element-limit = 65536 (default)
2019-09-19 10:45:08,108 [6b4db361-80c8-4463-ae57-b9f6d8c1534e:group-6DF3748115B2:LeaderElection8] INFO  server.RaftServerConfigKeys (ConfUtils.java:logGet(43)) - raft.server.watch.element-limit = 65536 (default)
2019-09-19 10:45:08,108 [6b4db361-80c8-4463-ae57-b9f6d8c1534e:group-CC5EE08DF97E:LeaderElection7] INFO  impl.RoleInfo (RoleInfo.java:updateAndGet(143)) - 6b4db361-80c8-4463-ae57-b9f6d8c1534e: start LeaderState
2019-09-19 10:45:08,108 [6b4db361-80c8-4463-ae57-b9f6d8c1534e:group-6DF3748115B2:LeaderElection8] INFO  impl.RoleInfo (RoleInfo.java:updateAndGet(143)) - 6b4db361-80c8-4463-ae57-b9f6d8c1534e: start LeaderState
2019-09-19 10:45:08,108 [6b4db361-80c8-4463-ae57-b9f6d8c1534e:group-6DF3748115B2:LeaderElection8] INFO  segmented.SegmentedRaftLogWorker (SegmentedRaftLogWorker.java:startLogSegment(380)) - 6b4db361-80c8-4463-ae57-b9f6d8c1534e-SegmentedRaftLogWorker:Storage Directory /workdir/hadoop-ozone/tools/target/test-dir/MiniOzoneClusterImpl-fb1be2cc-0df5-4edc-832d-164f8289558f/datanode-0/data/ratis/c3680909-6b1b-437f-8065-6df3748115b2: Starting segment from index:0
2019-09-19 10:45:08,108 [6b4db361-80c8-4463-ae57-b9f6d8c1534e:group-CC5EE08DF97E:LeaderElection7] INFO  segmented.SegmentedRaftLogWorker (SegmentedRaftLogWorker.java:startLogSegment(380)) - 6b4db361-80c8-4463-ae57-b9f6d8c1534e-SegmentedRaftLogWorker:Storage Directory /workdir/hadoop-ozone/tools/target/test-dir/MiniOzoneClusterImpl-fb1be2cc-0df5-4edc-832d-164f8289558f/datanode-0/data/ratis/c658add4-94c0-43f0-be44-cc5ee08df97e: Starting segment from index:0
2019-09-19 10:45:08,108 [6b4db361-80c8-4463-ae57-b9f6d8c1534e:group-6DF3748115B2:LeaderElection8] INFO  impl.RaftServerImpl (ServerState.java:setRaftConf(361)) - 6b4db361-80c8-4463-ae57-b9f6d8c1534e:group-6DF3748115B2 set configuration 0: [6b4db361-80c8-4463-ae57-b9f6d8c1534e:192.168.157.204:36529], old=null at 0
2019-09-19 10:45:08,109 [6b4db361-80c8-4463-ae57-b9f6d8c1534e:group-CC5EE08DF97E:LeaderElection7] INFO  impl.RaftServerImpl (ServerState.java:setRaftConf(361)) - 6b4db361-80c8-4463-ae57-b9f6d8c1534e:group-CC5EE08DF97E set configuration 0: [6b4db361-80c8-4463-ae57-b9f6d8c1534e:192.168.157.204:36529], old=null at 0
2019-09-19 10:45:08,145 [6b4db361-80c8-4463-ae57-b9f6d8c1534e:group-EC4BF283B927:LeaderElection9] INFO  impl.LeaderElection (LeaderElection.java:askForVotes(181)) - 6b4db361-80c8-4463-ae57-b9f6d8c1534e:group-EC4BF283B927:LeaderElection9: begin an election at term 1 for -1: [6b4db361-80c8-4463-ae57-b9f6d8c1534e:192.168.157.204:36529], old=null
2019-09-19 10:45:08,145 [6b4db361-80c8-4463-ae57-b9f6d8c1534e-SegmentedRaftLogWorker:Storage Directory /workdir/hadoop-ozone/tools/target/test-dir/MiniOzoneClusterImpl-fb1be2cc-0df5-4edc-832d-164f8289558f/datanode-0/data/ratis/ac70ccb8-62ab-4b0d-9a67-d011ae28f678] INFO  segmented.SegmentedRaftLogWorker (SegmentedRaftLogWorker.java:execute(569)) - 6b4db361-80c8-4463-ae57-b9f6d8c1534e-SegmentedRaftLogWorker:Storage Directory /workdir/hadoop-ozone/tools/target/test-dir/MiniOzoneClusterImpl-fb1be2cc-0df5-4edc-832d-164f8289558f/datanode-0/data/ratis/ac70ccb8-62ab-4b0d-9a67-d011ae28f678: created new log segment /workdir/hadoop-ozone/tools/target/test-dir/MiniOzoneClusterImpl-fb1be2cc-0df5-4edc-832d-164f8289558f/datanode-0/data/ratis/ac70ccb8-62ab-4b0d-9a67-d011ae28f678/current/log_inprogress_0
2019-09-19 10:45:08,146 [6b4db361-80c8-4463-ae57-b9f6d8c1534e:group-EC4BF283B927:LeaderElection9] INFO  impl.RoleInfo (RoleInfo.java:shutdownLeaderElection(134)) - 6b4db361-80c8-4463-ae57-b9f6d8c1534e: shutdown LeaderElection
2019-09-19 10:45:08,147 [6b4db361-80c8-4463-ae57-b9f6d8c1534e:group-EC4BF283B927:LeaderElection9] INFO  impl.RaftServerImpl (RaftServerImpl.java:setRole(171)) - 6b4db361-80c8-4463-ae57-b9f6d8c1534e:group-EC4BF283B927 changes role from CANDIDATE to LEADER at term 1 for changeToLeader
2019-09-19 10:45:08,147 [6b4db361-80c8-4463-ae57-b9f6d8c1534e:group-EC4BF283B927:LeaderElection9] INFO  impl.RaftServerImpl (ServerState.java:setLeader(263)) - 6b4db361-80c8-4463-ae57-b9f6d8c1534e:group-EC4BF283B927 change Leader from null to 6b4db361-80c8-4463-ae57-b9f6d8c1534e at term 1 for becomeLeader, leader elected after 5156ms
2019-09-19 10:45:08,147 [6b4db361-80c8-4463-ae57-b9f6d8c1534e:group-EC4BF283B927:LeaderElection9] INFO  server.RaftServerConfigKeys (ConfUtils.java:logGet(43)) - raft.server.staging.catchup.gap = 1000 (default)
2019-09-19 10:45:08,147 [6b4db361-80c8-4463-ae57-b9f6d8c1534e:group-EC4BF283B927:LeaderElection9] INFO  server.RaftServerConfigKeys (ConfUtils.java:logGet(43)) - raft.server.rpc.sleep.time = 25ms (default)
2019-09-19 10:45:08,148 [6b4db361-80c8-4463-ae57-b9f6d8c1534e:group-EC4BF283B927:LeaderElection9] INFO  server.RaftServerConfigKeys (ConfUtils.java:logGet(43)) - raft.server.write.element-limit = 4096 (default)
2019-09-19 10:45:08,148 [6b4db361-80c8-4463-ae57-b9f6d8c1534e:group-EC4BF283B927:LeaderElection9] INFO  server.RaftServerConfigKeys (ConfUtils.java:logGet(43)) - raft.server.watch.timeout = 10s (default)
2019-09-19 10:45:08,148 [6b4db361-80c8-4463-ae57-b9f6d8c1534e:group-EC4BF283B927:LeaderElection9] INFO  server.RaftServerConfigKeys (ConfUtils.java:logGet(43)) - raft.server.watch.timeout.denomination = 1s (default)
2019-09-19 10:45:08,148 [6b4db361-80c8-4463-ae57-b9f6d8c1534e:group-EC4BF283B927:LeaderElection9] INFO  server.RaftServerConfigKeys (ConfUtils.java:logGet(43)) - raft.server.watch.element-limit = 65536 (default)
2019-09-19 10:45:08,149 [6b4db361-80c8-4463-ae57-b9f6d8c1534e:group-EC4BF283B927:LeaderElection9] INFO  impl.RoleInfo (RoleInfo.java:updateAndGet(143)) - 6b4db361-80c8-4463-ae57-b9f6d8c1534e: start LeaderState
2019-09-19 10:45:08,149 [6b4db361-80c8-4463-ae57-b9f6d8c1534e:group-EC4BF283B927:LeaderElection9] INFO  segmented.SegmentedRaftLogWorker (SegmentedRaftLogWorker.java:startLogSegment(380)) - 6b4db361-80c8-4463-ae57-b9f6d8c1534e-SegmentedRaftLogWorker:Storage Directory /workdir/hadoop-ozone/tools/target/test-dir/MiniOzoneClusterImpl-fb1be2cc-0df5-4edc-832d-164f8289558f/datanode-0/data/ratis/c44c06e4-21ba-4b1e-b6e2-ec4bf283b927: Starting segment from index:0
2019-09-19 10:45:08,149 [6b4db361-80c8-4463-ae57-b9f6d8c1534e:group-EC4BF283B927:LeaderElection9] INFO  impl.RaftServerImpl (ServerState.java:setRaftConf(361)) - 6b4db361-80c8-4463-ae57-b9f6d8c1534e:group-EC4BF283B927 set configuration 0: [6b4db361-80c8-4463-ae57-b9f6d8c1534e:192.168.157.204:36529], old=null at 0
2019-09-19 10:45:08,155 | INFO  | SCMAudit | user=jenkins1000 | ip=192.168.157.204 | op=SEND_HEARTBEAT {datanodeUUID=6b4db361-80c8-4463-ae57-b9f6d8c1534e, command=[]} | ret=SUCCESS |  
2019-09-19 10:45:08,174 [6b4db361-80c8-4463-ae57-b9f6d8c1534e-SegmentedRaftLogWorker:Storage Directory /workdir/hadoop-ozone/tools/target/test-dir/MiniOzoneClusterImpl-fb1be2cc-0df5-4edc-832d-164f8289558f/datanode-0/data/ratis/c658add4-94c0-43f0-be44-cc5ee08df97e] INFO  segmented.SegmentedRaftLogWorker (SegmentedRaftLogWorker.java:execute(569)) - 6b4db361-80c8-4463-ae57-b9f6d8c1534e-SegmentedRaftLogWorker:Storage Directory /workdir/hadoop-ozone/tools/target/test-dir/MiniOzoneClusterImpl-fb1be2cc-0df5-4edc-832d-164f8289558f/datanode-0/data/ratis/c658add4-94c0-43f0-be44-cc5ee08df97e: created new log segment /workdir/hadoop-ozone/tools/target/test-dir/MiniOzoneClusterImpl-fb1be2cc-0df5-4edc-832d-164f8289558f/datanode-0/data/ratis/c658add4-94c0-43f0-be44-cc5ee08df97e/current/log_inprogress_0
2019-09-19 10:45:08,174 [6b4db361-80c8-4463-ae57-b9f6d8c1534e-SegmentedRaftLogWorker:Storage Directory /workdir/hadoop-ozone/tools/target/test-dir/MiniOzoneClusterImpl-fb1be2cc-0df5-4edc-832d-164f8289558f/datanode-0/data/ratis/c3680909-6b1b-437f-8065-6df3748115b2] INFO  segmented.SegmentedRaftLogWorker (SegmentedRaftLogWorker.java:execute(569)) - 6b4db361-80c8-4463-ae57-b9f6d8c1534e-SegmentedRaftLogWorker:Storage Directory /workdir/hadoop-ozone/tools/target/test-dir/MiniOzoneClusterImpl-fb1be2cc-0df5-4edc-832d-164f8289558f/datanode-0/data/ratis/c3680909-6b1b-437f-8065-6df3748115b2: created new log segment /workdir/hadoop-ozone/tools/target/test-dir/MiniOzoneClusterImpl-fb1be2cc-0df5-4edc-832d-164f8289558f/datanode-0/data/ratis/c3680909-6b1b-437f-8065-6df3748115b2/current/log_inprogress_0
2019-09-19 10:45:08,207 [Thread-206] INFO  impl.FollowerState (FollowerState.java:run(106)) - 43c3a3a3-e4f9-4e82-99c6-0d62df714a4a:group-A4F43BA73192 changes to CANDIDATE, lastRpcTime:5153, electionTimeout:5121ms
2019-09-19 10:45:08,208 [Thread-206] INFO  impl.RoleInfo (RoleInfo.java:shutdownFollowerState(121)) - 43c3a3a3-e4f9-4e82-99c6-0d62df714a4a: shutdown FollowerState
2019-09-19 10:45:08,208 [Thread-206] INFO  impl.RaftServerImpl (RaftServerImpl.java:setRole(171)) - 43c3a3a3-e4f9-4e82-99c6-0d62df714a4a:group-A4F43BA73192 changes role from FOLLOWER to CANDIDATE at term 0 for changeToCandidate
2019-09-19 10:45:08,208 [Thread-206] INFO  impl.RoleInfo (RoleInfo.java:updateAndGet(143)) - 43c3a3a3-e4f9-4e82-99c6-0d62df714a4a: start LeaderElection
2019-09-19 10:45:08,247 [Thread-209] INFO  impl.FollowerState (FollowerState.java:run(106)) - d0ded852-0a77-481a-a680-10e5e190379c:group-071FEDBAD461 changes to CANDIDATE, lastRpcTime:5148, electionTimeout:5148ms
2019-09-19 10:45:08,248 [6b4db361-80c8-4463-ae57-b9f6d8c1534e-SegmentedRaftLogWorker:Storage Directory /workdir/hadoop-ozone/tools/target/test-dir/MiniOzoneClusterImpl-fb1be2cc-0df5-4edc-832d-164f8289558f/datanode-0/data/ratis/c44c06e4-21ba-4b1e-b6e2-ec4bf283b927] INFO  segmented.SegmentedRaftLogWorker (SegmentedRaftLogWorker.java:execute(569)) - 6b4db361-80c8-4463-ae57-b9f6d8c1534e-SegmentedRaftLogWorker:Storage Directory /workdir/hadoop-ozone/tools/target/test-dir/MiniOzoneClusterImpl-fb1be2cc-0df5-4edc-832d-164f8289558f/datanode-0/data/ratis/c44c06e4-21ba-4b1e-b6e2-ec4bf283b927: created new log segment /workdir/hadoop-ozone/tools/target/test-dir/MiniOzoneClusterImpl-fb1be2cc-0df5-4edc-832d-164f8289558f/datanode-0/data/ratis/c44c06e4-21ba-4b1e-b6e2-ec4bf283b927/current/log_inprogress_0
2019-09-19 10:45:08,248 [43c3a3a3-e4f9-4e82-99c6-0d62df714a4a:group-A4F43BA73192:LeaderElection10] INFO  impl.LeaderElection (LeaderElection.java:askForVotes(181)) - 43c3a3a3-e4f9-4e82-99c6-0d62df714a4a:group-A4F43BA73192:LeaderElection10: begin an election at term 1 for -1: [43c3a3a3-e4f9-4e82-99c6-0d62df714a4a:192.168.157.204:35746], old=null
2019-09-19 10:45:08,248 [Thread-209] INFO  impl.RoleInfo (RoleInfo.java:shutdownFollowerState(121)) - d0ded852-0a77-481a-a680-10e5e190379c: shutdown FollowerState
2019-09-19 10:45:08,250 [43c3a3a3-e4f9-4e82-99c6-0d62df714a4a:group-A4F43BA73192:LeaderElection10] INFO  impl.RoleInfo (RoleInfo.java:shutdownLeaderElection(134)) - 43c3a3a3-e4f9-4e82-99c6-0d62df714a4a: shutdown LeaderElection
2019-09-19 10:45:08,250 [Thread-209] INFO  impl.RaftServerImpl (RaftServerImpl.java:setRole(171)) - d0ded852-0a77-481a-a680-10e5e190379c:group-071FEDBAD461 changes role from FOLLOWER to CANDIDATE at term 0 for changeToCandidate
2019-09-19 10:45:08,250 [43c3a3a3-e4f9-4e82-99c6-0d62df714a4a:group-A4F43BA73192:LeaderElection10] INFO  impl.RaftServerImpl (RaftServerImpl.java:setRole(171)) - 43c3a3a3-e4f9-4e82-99c6-0d62df714a4a:group-A4F43BA73192 changes role from CANDIDATE to LEADER at term 1 for changeToLeader
2019-09-19 10:45:08,250 [Thread-209] INFO  impl.RoleInfo (RoleInfo.java:updateAndGet(143)) - d0ded852-0a77-481a-a680-10e5e190379c: start LeaderElection
2019-09-19 10:45:08,250 [43c3a3a3-e4f9-4e82-99c6-0d62df714a4a:group-A4F43BA73192:LeaderElection10] INFO  impl.RaftServerImpl (ServerState.java:setLeader(263)) - 43c3a3a3-e4f9-4e82-99c6-0d62df714a4a:group-A4F43BA73192 change Leader from null to 43c3a3a3-e4f9-4e82-99c6-0d62df714a4a at term 1 for becomeLeader, leader elected after 5201ms
2019-09-19 10:45:08,254 [43c3a3a3-e4f9-4e82-99c6-0d62df714a4a:group-A4F43BA73192:LeaderElection10] INFO  server.RaftServerConfigKeys (ConfUtils.java:logGet(43)) - raft.server.staging.catchup.gap = 1000 (default)
2019-09-19 10:45:08,254 [43c3a3a3-e4f9-4e82-99c6-0d62df714a4a:group-A4F43BA73192:LeaderElection10] INFO  server.RaftServerConfigKeys (ConfUtils.java:logGet(43)) - raft.server.rpc.sleep.time = 25ms (default)
2019-09-19 10:45:08,254 [43c3a3a3-e4f9-4e82-99c6-0d62df714a4a:group-A4F43BA73192:LeaderElection10] INFO  server.RaftServerConfigKeys (ConfUtils.java:logGet(43)) - raft.server.write.element-limit = 4096 (default)
2019-09-19 10:45:08,254 [43c3a3a3-e4f9-4e82-99c6-0d62df714a4a:group-A4F43BA73192:LeaderElection10] INFO  server.RaftServerConfigKeys (ConfUtils.java:logGet(43)) - raft.server.watch.timeout = 10s (default)
2019-09-19 10:45:08,255 [43c3a3a3-e4f9-4e82-99c6-0d62df714a4a:group-A4F43BA73192:LeaderElection10] INFO  server.RaftServerConfigKeys (ConfUtils.java:logGet(43)) - raft.server.watch.timeout.denomination = 1s (default)
2019-09-19 10:45:08,255 [43c3a3a3-e4f9-4e82-99c6-0d62df714a4a:group-A4F43BA73192:LeaderElection10] INFO  server.RaftServerConfigKeys (ConfUtils.java:logGet(43)) - raft.server.watch.element-limit = 65536 (default)
2019-09-19 10:45:08,255 [43c3a3a3-e4f9-4e82-99c6-0d62df714a4a:group-A4F43BA73192:LeaderElection10] INFO  impl.RoleInfo (RoleInfo.java:updateAndGet(143)) - 43c3a3a3-e4f9-4e82-99c6-0d62df714a4a: start LeaderState
2019-09-19 10:45:08,255 [43c3a3a3-e4f9-4e82-99c6-0d62df714a4a:group-A4F43BA73192:LeaderElection10] INFO  segmented.SegmentedRaftLogWorker (SegmentedRaftLogWorker.java:startLogSegment(380)) - 43c3a3a3-e4f9-4e82-99c6-0d62df714a4a-SegmentedRaftLogWorker:Storage Directory /workdir/hadoop-ozone/tools/target/test-dir/MiniOzoneClusterImpl-fb1be2cc-0df5-4edc-832d-164f8289558f/datanode-1/data/ratis/ab02c529-5cf7-4986-9fae-a4f43ba73192: Starting segment from index:0
2019-09-19 10:45:08,256 [43c3a3a3-e4f9-4e82-99c6-0d62df714a4a:group-A4F43BA73192:LeaderElection10] INFO  impl.RaftServerImpl (ServerState.java:setRaftConf(361)) - 43c3a3a3-e4f9-4e82-99c6-0d62df714a4a:group-A4F43BA73192 set configuration 0: [43c3a3a3-e4f9-4e82-99c6-0d62df714a4a:192.168.157.204:35746], old=null at 0
2019-09-19 10:45:08,284 [d0ded852-0a77-481a-a680-10e5e190379c:group-071FEDBAD461:LeaderElection11] INFO  impl.LeaderElection (LeaderElection.java:askForVotes(181)) - d0ded852-0a77-481a-a680-10e5e190379c:group-071FEDBAD461:LeaderElection11: begin an election at term 1 for -1: [d0ded852-0a77-481a-a680-10e5e190379c:192.168.157.204:45896], old=null
2019-09-19 10:45:08,284 [d0ded852-0a77-481a-a680-10e5e190379c:group-071FEDBAD461:LeaderElection11] INFO  impl.RoleInfo (RoleInfo.java:shutdownLeaderElection(134)) - d0ded852-0a77-481a-a680-10e5e190379c: shutdown LeaderElection
2019-09-19 10:45:08,284 [d0ded852-0a77-481a-a680-10e5e190379c:group-071FEDBAD461:LeaderElection11] INFO  impl.RaftServerImpl (RaftServerImpl.java:setRole(171)) - d0ded852-0a77-481a-a680-10e5e190379c:group-071FEDBAD461 changes role from CANDIDATE to LEADER at term 1 for changeToLeader
2019-09-19 10:45:08,285 [d0ded852-0a77-481a-a680-10e5e190379c:group-071FEDBAD461:LeaderElection11] INFO  impl.RaftServerImpl (ServerState.java:setLeader(263)) - d0ded852-0a77-481a-a680-10e5e190379c:group-071FEDBAD461 change Leader from null to d0ded852-0a77-481a-a680-10e5e190379c at term 1 for becomeLeader, leader elected after 5189ms
2019-09-19 10:45:08,285 [d0ded852-0a77-481a-a680-10e5e190379c:group-071FEDBAD461:LeaderElection11] INFO  server.RaftServerConfigKeys (ConfUtils.java:logGet(43)) - raft.server.staging.catchup.gap = 1000 (default)
2019-09-19 10:45:08,285 [d0ded852-0a77-481a-a680-10e5e190379c:group-071FEDBAD461:LeaderElection11] INFO  server.RaftServerConfigKeys (ConfUtils.java:logGet(43)) - raft.server.rpc.sleep.time = 25ms (default)
2019-09-19 10:45:08,285 [d0ded852-0a77-481a-a680-10e5e190379c:group-071FEDBAD461:LeaderElection11] INFO  server.RaftServerConfigKeys (ConfUtils.java:logGet(43)) - raft.server.write.element-limit = 4096 (default)
2019-09-19 10:45:08,285 [d0ded852-0a77-481a-a680-10e5e190379c:group-071FEDBAD461:LeaderElection11] INFO  server.RaftServerConfigKeys (ConfUtils.java:logGet(43)) - raft.server.watch.timeout = 10s (default)
2019-09-19 10:45:08,285 [d0ded852-0a77-481a-a680-10e5e190379c:group-071FEDBAD461:LeaderElection11] INFO  server.RaftServerConfigKeys (ConfUtils.java:logGet(43)) - raft.server.watch.timeout.denomination = 1s (default)
2019-09-19 10:45:08,285 [d0ded852-0a77-481a-a680-10e5e190379c:group-071FEDBAD461:LeaderElection11] INFO  server.RaftServerConfigKeys (ConfUtils.java:logGet(43)) - raft.server.watch.element-limit = 65536 (default)
2019-09-19 10:45:08,286 [d0ded852-0a77-481a-a680-10e5e190379c:group-071FEDBAD461:LeaderElection11] INFO  impl.RoleInfo (RoleInfo.java:updateAndGet(143)) - d0ded852-0a77-481a-a680-10e5e190379c: start LeaderState
2019-09-19 10:45:08,286 [d0ded852-0a77-481a-a680-10e5e190379c:group-071FEDBAD461:LeaderElection11] INFO  segmented.SegmentedRaftLogWorker (SegmentedRaftLogWorker.java:startLogSegment(380)) - d0ded852-0a77-481a-a680-10e5e190379c-SegmentedRaftLogWorker:Storage Directory /workdir/hadoop-ozone/tools/target/test-dir/MiniOzoneClusterImpl-fb1be2cc-0df5-4edc-832d-164f8289558f/datanode-2/data/ratis/19ae4b57-6d2f-495e-9e6d-071fedbad461: Starting segment from index:0
2019-09-19 10:45:08,286 [d0ded852-0a77-481a-a680-10e5e190379c:group-071FEDBAD461:LeaderElection11] INFO  impl.RaftServerImpl (ServerState.java:setRaftConf(361)) - d0ded852-0a77-481a-a680-10e5e190379c:group-071FEDBAD461 set configuration 0: [d0ded852-0a77-481a-a680-10e5e190379c:192.168.157.204:45896], old=null at 0
2019-09-19 10:45:08,332 [43c3a3a3-e4f9-4e82-99c6-0d62df714a4a-SegmentedRaftLogWorker:Storage Directory /workdir/hadoop-ozone/tools/target/test-dir/MiniOzoneClusterImpl-fb1be2cc-0df5-4edc-832d-164f8289558f/datanode-1/data/ratis/ab02c529-5cf7-4986-9fae-a4f43ba73192] INFO  segmented.SegmentedRaftLogWorker (SegmentedRaftLogWorker.java:execute(569)) - 43c3a3a3-e4f9-4e82-99c6-0d62df714a4a-SegmentedRaftLogWorker:Storage Directory /workdir/hadoop-ozone/tools/target/test-dir/MiniOzoneClusterImpl-fb1be2cc-0df5-4edc-832d-164f8289558f/datanode-1/data/ratis/ab02c529-5cf7-4986-9fae-a4f43ba73192: created new log segment /workdir/hadoop-ozone/tools/target/test-dir/MiniOzoneClusterImpl-fb1be2cc-0df5-4edc-832d-164f8289558f/datanode-1/data/ratis/ab02c529-5cf7-4986-9fae-a4f43ba73192/current/log_inprogress_0
2019-09-19 10:45:08,377 [d0ded852-0a77-481a-a680-10e5e190379c-SegmentedRaftLogWorker:Storage Directory /workdir/hadoop-ozone/tools/target/test-dir/MiniOzoneClusterImpl-fb1be2cc-0df5-4edc-832d-164f8289558f/datanode-2/data/ratis/19ae4b57-6d2f-495e-9e6d-071fedbad461] INFO  segmented.SegmentedRaftLogWorker (SegmentedRaftLogWorker.java:execute(569)) - d0ded852-0a77-481a-a680-10e5e190379c-SegmentedRaftLogWorker:Storage Directory /workdir/hadoop-ozone/tools/target/test-dir/MiniOzoneClusterImpl-fb1be2cc-0df5-4edc-832d-164f8289558f/datanode-2/data/ratis/19ae4b57-6d2f-495e-9e6d-071fedbad461: created new log segment /workdir/hadoop-ozone/tools/target/test-dir/MiniOzoneClusterImpl-fb1be2cc-0df5-4edc-832d-164f8289558f/datanode-2/data/ratis/19ae4b57-6d2f-495e-9e6d-071fedbad461/current/log_inprogress_0
2019-09-19 10:45:08,425 | INFO  | SCMAudit | user=jenkins1000 | ip=192.168.157.204 | op=SEND_HEARTBEAT {datanodeUUID=43c3a3a3-e4f9-4e82-99c6-0d62df714a4a, command=[]} | ret=SUCCESS |  
 100.00% |█████████████████████████████████████████████████████████████████████████████████████████████████████|  1/1 Time: 0:00:05
2019-09-19 10:45:08,966 [Thread-222] INFO  impl.FollowerState (FollowerState.java:run(106)) - 43c3a3a3-e4f9-4e82-99c6-0d62df714a4a:group-11D392082BB2 changes to CANDIDATE, lastRpcTime:5003, electionTimeout:5003ms
2019-09-19 10:45:08,968 [Thread-222] INFO  impl.RoleInfo (RoleInfo.java:shutdownFollowerState(121)) - 43c3a3a3-e4f9-4e82-99c6-0d62df714a4a: shutdown FollowerState
2019-09-19 10:45:08,968 [Thread-222] INFO  impl.RaftServerImpl (RaftServerImpl.java:setRole(171)) - 43c3a3a3-e4f9-4e82-99c6-0d62df714a4a:group-11D392082BB2 changes role from FOLLOWER to CANDIDATE at term 0 for changeToCandidate
2019-09-19 10:45:08,968 [Thread-222] INFO  impl.RoleInfo (RoleInfo.java:updateAndGet(143)) - 43c3a3a3-e4f9-4e82-99c6-0d62df714a4a: start LeaderElection
2019-09-19 10:45:09,037 [Thread-219] INFO  impl.FollowerState (FollowerState.java:run(106)) - 43c3a3a3-e4f9-4e82-99c6-0d62df714a4a:group-C467639CE6EF changes to CANDIDATE, lastRpcTime:5125, electionTimeout:5125ms
2019-09-19 10:45:09,039 [Thread-219] INFO  impl.RoleInfo (RoleInfo.java:shutdownFollowerState(121)) - 43c3a3a3-e4f9-4e82-99c6-0d62df714a4a: shutdown FollowerState
2019-09-19 10:45:09,039 [Thread-219] INFO  impl.RaftServerImpl (RaftServerImpl.java:setRole(171)) - 43c3a3a3-e4f9-4e82-99c6-0d62df714a4a:group-C467639CE6EF changes role from FOLLOWER to CANDIDATE at term 0 for changeToCandidate
2019-09-19 10:45:09,039 [Thread-219] INFO  impl.RoleInfo (RoleInfo.java:updateAndGet(143)) - 43c3a3a3-e4f9-4e82-99c6-0d62df714a4a: start LeaderElection
2019-09-19 10:45:09,061 | INFO  | SCMAudit | user=jenkins1000 | ip=192.168.157.204 | op=SEND_HEARTBEAT {datanodeUUID=d0ded852-0a77-481a-a680-10e5e190379c, command=[]} | ret=SUCCESS |  
2019-09-19 10:45:09,068 [Thread-228] INFO  impl.FollowerState (FollowerState.java:run(106)) - d0ded852-0a77-481a-a680-10e5e190379c:group-957E95424BE2 changes to CANDIDATE, lastRpcTime:5000, electionTimeout:5000ms
2019-09-19 10:45:09,068 [Thread-228] INFO  impl.RoleInfo (RoleInfo.java:shutdownFollowerState(121)) - d0ded852-0a77-481a-a680-10e5e190379c: shutdown FollowerState
2019-09-19 10:45:09,069 [Thread-228] INFO  impl.RaftServerImpl (RaftServerImpl.java:setRole(171)) - d0ded852-0a77-481a-a680-10e5e190379c:group-957E95424BE2 changes role from FOLLOWER to CANDIDATE at term 0 for changeToCandidate
2019-09-19 10:45:09,069 [Thread-228] INFO  impl.RoleInfo (RoleInfo.java:updateAndGet(143)) - d0ded852-0a77-481a-a680-10e5e190379c: start LeaderElection
2019-09-19 10:45:09,157 | INFO  | SCMAudit | user=jenkins1000 | ip=192.168.157.204 | op=SEND_HEARTBEAT {datanodeUUID=6b4db361-80c8-4463-ae57-b9f6d8c1534e, command=[]} | ret=SUCCESS |  
2019-09-19 10:45:09,198 [Thread-225] INFO  impl.FollowerState (FollowerState.java:run(106)) - 43c3a3a3-e4f9-4e82-99c6-0d62df714a4a:group-283AFBA74942 changes to CANDIDATE, lastRpcTime:5184, electionTimeout:5184ms
2019-09-19 10:45:09,198 [Thread-225] INFO  impl.RoleInfo (RoleInfo.java:shutdownFollowerState(121)) - 43c3a3a3-e4f9-4e82-99c6-0d62df714a4a: shutdown FollowerState
2019-09-19 10:45:09,198 [Thread-225] INFO  impl.RaftServerImpl (RaftServerImpl.java:setRole(171)) - 43c3a3a3-e4f9-4e82-99c6-0d62df714a4a:group-283AFBA74942 changes role from FOLLOWER to CANDIDATE at term 0 for changeToCandidate
2019-09-19 10:45:09,198 [Thread-225] INFO  impl.RoleInfo (RoleInfo.java:updateAndGet(143)) - 43c3a3a3-e4f9-4e82-99c6-0d62df714a4a: start LeaderElection
2019-09-19 10:45:09,252 [Thread-238] INFO  impl.FollowerState (FollowerState.java:run(106)) - d0ded852-0a77-481a-a680-10e5e190379c:group-8E685ED694DD changes to CANDIDATE, lastRpcTime:5029, electionTimeout:5029ms
2019-09-19 10:45:09,253 [Thread-238] INFO  impl.RoleInfo (RoleInfo.java:shutdownFollowerState(121)) - d0ded852-0a77-481a-a680-10e5e190379c: shutdown FollowerState
2019-09-19 10:45:09,253 [Thread-238] INFO  impl.RaftServerImpl (RaftServerImpl.java:setRole(171)) - d0ded852-0a77-481a-a680-10e5e190379c:group-8E685ED694DD changes role from FOLLOWER to CANDIDATE at term 0 for changeToCandidate
2019-09-19 10:45:09,253 [Thread-238] INFO  impl.RoleInfo (RoleInfo.java:updateAndGet(143)) - d0ded852-0a77-481a-a680-10e5e190379c: start LeaderElection
2019-09-19 10:45:09,311 [Thread-231] INFO  impl.FollowerState (FollowerState.java:run(106)) - d0ded852-0a77-481a-a680-10e5e190379c:group-697A06FE33D2 changes to CANDIDATE, lastRpcTime:5190, electionTimeout:5190ms
2019-09-19 10:45:09,311 [Thread-231] INFO  impl.RoleInfo (RoleInfo.java:shutdownFollowerState(121)) - d0ded852-0a77-481a-a680-10e5e190379c: shutdown FollowerState
2019-09-19 10:45:09,311 [Thread-231] INFO  impl.RaftServerImpl (RaftServerImpl.java:setRole(171)) - d0ded852-0a77-481a-a680-10e5e190379c:group-697A06FE33D2 changes role from FOLLOWER to CANDIDATE at term 0 for changeToCandidate
2019-09-19 10:45:09,312 [Thread-231] INFO  impl.RoleInfo (RoleInfo.java:updateAndGet(143)) - d0ded852-0a77-481a-a680-10e5e190379c: start LeaderElection
2019-09-19 10:45:09,322 [Thread-234] INFO  impl.FollowerState (FollowerState.java:run(106)) - 43c3a3a3-e4f9-4e82-99c6-0d62df714a4a:group-66F3AB59BC0A changes to CANDIDATE, lastRpcTime:5148, electionTimeout:5148ms
2019-09-19 10:45:09,322 [Thread-234] INFO  impl.RoleInfo (RoleInfo.java:shutdownFollowerState(121)) - 43c3a3a3-e4f9-4e82-99c6-0d62df714a4a: shutdown FollowerState
2019-09-19 10:45:09,322 [Thread-234] INFO  impl.RaftServerImpl (RaftServerImpl.java:setRole(171)) - 43c3a3a3-e4f9-4e82-99c6-0d62df714a4a:group-66F3AB59BC0A changes role from FOLLOWER to CANDIDATE at term 0 for changeToCandidate
2019-09-19 10:45:09,322 [Thread-234] INFO  impl.RoleInfo (RoleInfo.java:updateAndGet(143)) - 43c3a3a3-e4f9-4e82-99c6-0d62df714a4a: start LeaderElection
2019-09-19 10:45:09,425 | INFO  | SCMAudit | user=jenkins1000 | ip=192.168.157.204 | op=SEND_HEARTBEAT {datanodeUUID=43c3a3a3-e4f9-4e82-99c6-0d62df714a4a, command=[]} | ret=SUCCESS |  
2019-09-19 10:45:10,060 | INFO  | SCMAudit | user=jenkins1000 | ip=192.168.157.204 | op=SEND_HEARTBEAT {datanodeUUID=d0ded852-0a77-481a-a680-10e5e190379c, command=[]} | ret=SUCCESS |  
2019-09-19 10:45:10,157 | INFO  | SCMAudit | user=jenkins1000 | ip=192.168.157.204 | op=SEND_HEARTBEAT {datanodeUUID=6b4db361-80c8-4463-ae57-b9f6d8c1534e, command=[]} | ret=SUCCESS |  
2019-09-19 10:45:10,225 [d0ded852-0a77-481a-a680-10e5e190379c:group-8E685ED694DD:LeaderElection16] INFO  impl.LeaderElection (LeaderElection.java:askForVotes(181)) - d0ded852-0a77-481a-a680-10e5e190379c:group-8E685ED694DD:LeaderElection16: begin an election at term 1 for -1: [d0ded852-0a77-481a-a680-10e5e190379c:192.168.157.204:45896], old=null
2019-09-19 10:45:10,225 [d0ded852-0a77-481a-a680-10e5e190379c:group-957E95424BE2:LeaderElection14] INFO  impl.LeaderElection (LeaderElection.java:askForVotes(181)) - d0ded852-0a77-481a-a680-10e5e190379c:group-957E95424BE2:LeaderElection14: begin an election at term 1 for -1: [d0ded852-0a77-481a-a680-10e5e190379c:192.168.157.204:45896], old=null
2019-09-19 10:45:10,225 [d0ded852-0a77-481a-a680-10e5e190379c:group-697A06FE33D2:LeaderElection17] INFO  impl.LeaderElection (LeaderElection.java:askForVotes(181)) - d0ded852-0a77-481a-a680-10e5e190379c:group-697A06FE33D2:LeaderElection17: begin an election at term 1 for -1: [d0ded852-0a77-481a-a680-10e5e190379c:192.168.157.204:45896], old=null
2019-09-19 10:45:10,225 [43c3a3a3-e4f9-4e82-99c6-0d62df714a4a:group-11D392082BB2:LeaderElection12] INFO  impl.LeaderElection (LeaderElection.java:askForVotes(181)) - 43c3a3a3-e4f9-4e82-99c6-0d62df714a4a:group-11D392082BB2:LeaderElection12: begin an election at term 1 for -1: [43c3a3a3-e4f9-4e82-99c6-0d62df714a4a:192.168.157.204:35746], old=null
2019-09-19 10:45:10,225 [43c3a3a3-e4f9-4e82-99c6-0d62df714a4a:group-C467639CE6EF:LeaderElection13] INFO  impl.LeaderElection (LeaderElection.java:askForVotes(181)) - 43c3a3a3-e4f9-4e82-99c6-0d62df714a4a:group-C467639CE6EF:LeaderElection13: begin an election at term 1 for -1: [43c3a3a3-e4f9-4e82-99c6-0d62df714a4a:192.168.157.204:35746], old=null
2019-09-19 10:45:10,225 [43c3a3a3-e4f9-4e82-99c6-0d62df714a4a:group-66F3AB59BC0A:LeaderElection18] INFO  impl.LeaderElection (LeaderElection.java:askForVotes(181)) - 43c3a3a3-e4f9-4e82-99c6-0d62df714a4a:group-66F3AB59BC0A:LeaderElection18: begin an election at term 1 for -1: [43c3a3a3-e4f9-4e82-99c6-0d62df714a4a:192.168.157.204:35746], old=null
2019-09-19 10:45:10,225 [43c3a3a3-e4f9-4e82-99c6-0d62df714a4a:group-283AFBA74942:LeaderElection15] INFO  impl.LeaderElection (LeaderElection.java:askForVotes(181)) - 43c3a3a3-e4f9-4e82-99c6-0d62df714a4a:group-283AFBA74942:LeaderElection15: begin an election at term 1 for -1: [43c3a3a3-e4f9-4e82-99c6-0d62df714a4a:192.168.157.204:35746], old=null
2019-09-19 10:45:10,226 [43c3a3a3-e4f9-4e82-99c6-0d62df714a4a:group-66F3AB59BC0A:LeaderElection18] INFO  impl.RoleInfo (RoleInfo.java:shutdownLeaderElection(134)) - 43c3a3a3-e4f9-4e82-99c6-0d62df714a4a: shutdown LeaderElection
2019-09-19 10:45:10,226 [43c3a3a3-e4f9-4e82-99c6-0d62df714a4a:group-C467639CE6EF:LeaderElection13] INFO  impl.RoleInfo (RoleInfo.java:shutdownLeaderElection(134)) - 43c3a3a3-e4f9-4e82-99c6-0d62df714a4a: shutdown LeaderElection
2019-09-19 10:45:10,225 [43c3a3a3-e4f9-4e82-99c6-0d62df714a4a:group-11D392082BB2:LeaderElection12] INFO  impl.RoleInfo (RoleInfo.java:shutdownLeaderElection(134)) - 43c3a3a3-e4f9-4e82-99c6-0d62df714a4a: shutdown LeaderElection
2019-09-19 10:45:10,226 [43c3a3a3-e4f9-4e82-99c6-0d62df714a4a:group-11D392082BB2:LeaderElection12] INFO  impl.RaftServerImpl (RaftServerImpl.java:setRole(171)) - 43c3a3a3-e4f9-4e82-99c6-0d62df714a4a:group-11D392082BB2 changes role from CANDIDATE to LEADER at term 1 for changeToLeader
2019-09-19 10:45:10,225 [d0ded852-0a77-481a-a680-10e5e190379c:group-697A06FE33D2:LeaderElection17] INFO  impl.RoleInfo (RoleInfo.java:shutdownLeaderElection(134)) - d0ded852-0a77-481a-a680-10e5e190379c: shutdown LeaderElection
2019-09-19 10:45:10,225 [d0ded852-0a77-481a-a680-10e5e190379c:group-957E95424BE2:LeaderElection14] INFO  impl.RoleInfo (RoleInfo.java:shutdownLeaderElection(134)) - d0ded852-0a77-481a-a680-10e5e190379c: shutdown LeaderElection
2019-09-19 10:45:10,225 [d0ded852-0a77-481a-a680-10e5e190379c:group-8E685ED694DD:LeaderElection16] INFO  impl.RoleInfo (RoleInfo.java:shutdownLeaderElection(134)) - d0ded852-0a77-481a-a680-10e5e190379c: shutdown LeaderElection
2019-09-19 10:45:10,227 [d0ded852-0a77-481a-a680-10e5e190379c:group-957E95424BE2:LeaderElection14] INFO  impl.RaftServerImpl (RaftServerImpl.java:setRole(171)) - d0ded852-0a77-481a-a680-10e5e190379c:group-957E95424BE2 changes role from CANDIDATE to LEADER at term 1 for changeToLeader
2019-09-19 10:45:10,226 [d0ded852-0a77-481a-a680-10e5e190379c:group-697A06FE33D2:LeaderElection17] INFO  impl.RaftServerImpl (RaftServerImpl.java:setRole(171)) - d0ded852-0a77-481a-a680-10e5e190379c:group-697A06FE33D2 changes role from CANDIDATE to LEADER at term 1 for changeToLeader
2019-09-19 10:45:10,226 [43c3a3a3-e4f9-4e82-99c6-0d62df714a4a:group-11D392082BB2:LeaderElection12] INFO  impl.RaftServerImpl (ServerState.java:setLeader(263)) - 43c3a3a3-e4f9-4e82-99c6-0d62df714a4a:group-11D392082BB2 change Leader from null to 43c3a3a3-e4f9-4e82-99c6-0d62df714a4a at term 1 for becomeLeader, leader elected after 6267ms
2019-09-19 10:45:10,226 [43c3a3a3-e4f9-4e82-99c6-0d62df714a4a:group-C467639CE6EF:LeaderElection13] INFO  impl.RaftServerImpl (RaftServerImpl.java:setRole(171)) - 43c3a3a3-e4f9-4e82-99c6-0d62df714a4a:group-C467639CE6EF changes role from CANDIDATE to LEADER at term 1 for changeToLeader
2019-09-19 10:45:10,227 [43c3a3a3-e4f9-4e82-99c6-0d62df714a4a:group-C467639CE6EF:LeaderElection13] INFO  impl.RaftServerImpl (ServerState.java:setLeader(263)) - 43c3a3a3-e4f9-4e82-99c6-0d62df714a4a:group-C467639CE6EF change Leader from null to 43c3a3a3-e4f9-4e82-99c6-0d62df714a4a at term 1 for becomeLeader, leader elected after 6319ms
2019-09-19 10:45:10,226 [43c3a3a3-e4f9-4e82-99c6-0d62df714a4a:group-66F3AB59BC0A:LeaderElection18] INFO  impl.RaftServerImpl (RaftServerImpl.java:setRole(171)) - 43c3a3a3-e4f9-4e82-99c6-0d62df714a4a:group-66F3AB59BC0A changes role from CANDIDATE to LEADER at term 1 for changeToLeader
2019-09-19 10:45:10,226 [43c3a3a3-e4f9-4e82-99c6-0d62df714a4a:group-283AFBA74942:LeaderElection15] INFO  impl.RoleInfo (RoleInfo.java:shutdownLeaderElection(134)) - 43c3a3a3-e4f9-4e82-99c6-0d62df714a4a: shutdown LeaderElection
2019-09-19 10:45:10,228 [43c3a3a3-e4f9-4e82-99c6-0d62df714a4a:group-66F3AB59BC0A:LeaderElection18] INFO  impl.RaftServerImpl (ServerState.java:setLeader(263)) - 43c3a3a3-e4f9-4e82-99c6-0d62df714a4a:group-66F3AB59BC0A change Leader from null to 43c3a3a3-e4f9-4e82-99c6-0d62df714a4a at term 1 for becomeLeader, leader elected after 6059ms
2019-09-19 10:45:10,228 [43c3a3a3-e4f9-4e82-99c6-0d62df714a4a:group-C467639CE6EF:LeaderElection13] INFO  server.RaftServerConfigKeys (ConfUtils.java:logGet(43)) - raft.server.staging.catchup.gap = 1000 (default)
2019-09-19 10:45:10,227 [43c3a3a3-e4f9-4e82-99c6-0d62df714a4a:group-11D392082BB2:LeaderElection12] INFO  server.RaftServerConfigKeys (ConfUtils.java:logGet(43)) - raft.server.staging.catchup.gap = 1000 (default)
2019-09-19 10:45:10,227 [d0ded852-0a77-481a-a680-10e5e190379c:group-697A06FE33D2:LeaderElection17] INFO  impl.RaftServerImpl (ServerState.java:setLeader(263)) - d0ded852-0a77-481a-a680-10e5e190379c:group-697A06FE33D2 change Leader from null to d0ded852-0a77-481a-a680-10e5e190379c at term 1 for becomeLeader, leader elected after 6110ms
2019-09-19 10:45:10,227 [d0ded852-0a77-481a-a680-10e5e190379c:group-957E95424BE2:LeaderElection14] INFO  impl.RaftServerImpl (ServerState.java:setLeader(263)) - d0ded852-0a77-481a-a680-10e5e190379c:group-957E95424BE2 change Leader from null to d0ded852-0a77-481a-a680-10e5e190379c at term 1 for becomeLeader, leader elected after 6163ms
2019-09-19 10:45:10,227 [d0ded852-0a77-481a-a680-10e5e190379c:group-8E685ED694DD:LeaderElection16] INFO  impl.RaftServerImpl (RaftServerImpl.java:setRole(171)) - d0ded852-0a77-481a-a680-10e5e190379c:group-8E685ED694DD changes role from CANDIDATE to LEADER at term 1 for changeToLeader
2019-09-19 10:45:10,230 [d0ded852-0a77-481a-a680-10e5e190379c:group-957E95424BE2:LeaderElection14] INFO  server.RaftServerConfigKeys (ConfUtils.java:logGet(43)) - raft.server.staging.catchup.gap = 1000 (default)
2019-09-19 10:45:10,230 [d0ded852-0a77-481a-a680-10e5e190379c:group-697A06FE33D2:LeaderElection17] INFO  server.RaftServerConfigKeys (ConfUtils.java:logGet(43)) - raft.server.staging.catchup.gap = 1000 (default)
2019-09-19 10:45:10,230 [43c3a3a3-e4f9-4e82-99c6-0d62df714a4a:group-11D392082BB2:LeaderElection12] INFO  server.RaftServerConfigKeys (ConfUtils.java:logGet(43)) - raft.server.rpc.sleep.time = 25ms (default)
2019-09-19 10:45:10,230 [43c3a3a3-e4f9-4e82-99c6-0d62df714a4a:group-C467639CE6EF:LeaderElection13] INFO  server.RaftServerConfigKeys (ConfUtils.java:logGet(43)) - raft.server.rpc.sleep.time = 25ms (default)
2019-09-19 10:45:10,230 [43c3a3a3-e4f9-4e82-99c6-0d62df714a4a:group-66F3AB59BC0A:LeaderElection18] INFO  server.RaftServerConfigKeys (ConfUtils.java:logGet(43)) - raft.server.staging.catchup.gap = 1000 (default)
2019-09-19 10:45:10,228 [43c3a3a3-e4f9-4e82-99c6-0d62df714a4a:group-283AFBA74942:LeaderElection15] INFO  impl.RaftServerImpl (RaftServerImpl.java:setRole(171)) - 43c3a3a3-e4f9-4e82-99c6-0d62df714a4a:group-283AFBA74942 changes role from CANDIDATE to LEADER at term 1 for changeToLeader
2019-09-19 10:45:10,231 [43c3a3a3-e4f9-4e82-99c6-0d62df714a4a:group-66F3AB59BC0A:LeaderElection18] INFO  server.RaftServerConfigKeys (ConfUtils.java:logGet(43)) - raft.server.rpc.sleep.time = 25ms (default)
2019-09-19 10:45:10,231 [43c3a3a3-e4f9-4e82-99c6-0d62df714a4a:group-C467639CE6EF:LeaderElection13] INFO  server.RaftServerConfigKeys (ConfUtils.java:logGet(43)) - raft.server.write.element-limit = 4096 (default)
2019-09-19 10:45:10,231 [43c3a3a3-e4f9-4e82-99c6-0d62df714a4a:group-11D392082BB2:LeaderElection12] INFO  server.RaftServerConfigKeys (ConfUtils.java:logGet(43)) - raft.server.write.element-limit = 4096 (default)
2019-09-19 10:45:10,231 [d0ded852-0a77-481a-a680-10e5e190379c:group-697A06FE33D2:LeaderElection17] INFO  server.RaftServerConfigKeys (ConfUtils.java:logGet(43)) - raft.server.rpc.sleep.time = 25ms (default)
2019-09-19 10:45:10,230 [d0ded852-0a77-481a-a680-10e5e190379c:group-957E95424BE2:LeaderElection14] INFO  server.RaftServerConfigKeys (ConfUtils.java:logGet(43)) - raft.server.rpc.sleep.time = 25ms (default)
2019-09-19 10:45:10,232 [d0ded852-0a77-481a-a680-10e5e190379c:group-697A06FE33D2:LeaderElection17] INFO  server.RaftServerConfigKeys (ConfUtils.java:logGet(43)) - raft.server.write.element-limit = 4096 (default)
2019-09-19 10:45:10,230 [d0ded852-0a77-481a-a680-10e5e190379c:group-8E685ED694DD:LeaderElection16] INFO  impl.RaftServerImpl (ServerState.java:setLeader(263)) - d0ded852-0a77-481a-a680-10e5e190379c:group-8E685ED694DD change Leader from null to d0ded852-0a77-481a-a680-10e5e190379c at term 1 for becomeLeader, leader elected after 6012ms
2019-09-19 10:45:10,232 [d0ded852-0a77-481a-a680-10e5e190379c:group-697A06FE33D2:LeaderElection17] INFO  server.RaftServerConfigKeys (ConfUtils.java:logGet(43)) - raft.server.watch.timeout = 10s (default)
2019-09-19 10:45:10,232 [d0ded852-0a77-481a-a680-10e5e190379c:group-957E95424BE2:LeaderElection14] INFO  server.RaftServerConfigKeys (ConfUtils.java:logGet(43)) - raft.server.write.element-limit = 4096 (default)
2019-09-19 10:45:10,232 [43c3a3a3-e4f9-4e82-99c6-0d62df714a4a:group-11D392082BB2:LeaderElection12] INFO  server.RaftServerConfigKeys (ConfUtils.java:logGet(43)) - raft.server.watch.timeout = 10s (default)
2019-09-19 10:45:10,232 [43c3a3a3-e4f9-4e82-99c6-0d62df714a4a:group-C467639CE6EF:LeaderElection13] INFO  server.RaftServerConfigKeys (ConfUtils.java:logGet(43)) - raft.server.watch.timeout = 10s (default)
2019-09-19 10:45:10,231 [43c3a3a3-e4f9-4e82-99c6-0d62df714a4a:group-66F3AB59BC0A:LeaderElection18] INFO  server.RaftServerConfigKeys (ConfUtils.java:logGet(43)) - raft.server.write.element-limit = 4096 (default)
2019-09-19 10:45:10,231 [43c3a3a3-e4f9-4e82-99c6-0d62df714a4a:group-283AFBA74942:LeaderElection15] INFO  impl.RaftServerImpl (ServerState.java:setLeader(263)) - 43c3a3a3-e4f9-4e82-99c6-0d62df714a4a:group-283AFBA74942 change Leader from null to 43c3a3a3-e4f9-4e82-99c6-0d62df714a4a at term 1 for becomeLeader, leader elected after 6221ms
2019-09-19 10:45:10,233 [43c3a3a3-e4f9-4e82-99c6-0d62df714a4a:group-66F3AB59BC0A:LeaderElection18] INFO  server.RaftServerConfigKeys (ConfUtils.java:logGet(43)) - raft.server.watch.timeout = 10s (default)
2019-09-19 10:45:10,233 [43c3a3a3-e4f9-4e82-99c6-0d62df714a4a:group-C467639CE6EF:LeaderElection13] INFO  server.RaftServerConfigKeys (ConfUtils.java:logGet(43)) - raft.server.watch.timeout.denomination = 1s (default)
2019-09-19 10:45:10,233 [43c3a3a3-e4f9-4e82-99c6-0d62df714a4a:group-11D392082BB2:LeaderElection12] INFO  server.RaftServerConfigKeys (ConfUtils.java:logGet(43)) - raft.server.watch.timeout.denomination = 1s (default)
2019-09-19 10:45:10,233 [d0ded852-0a77-481a-a680-10e5e190379c:group-957E95424BE2:LeaderElection14] INFO  server.RaftServerConfigKeys (ConfUtils.java:logGet(43)) - raft.server.watch.timeout = 10s (default)
2019-09-19 10:45:10,232 [d0ded852-0a77-481a-a680-10e5e190379c:group-697A06FE33D2:LeaderElection17] INFO  server.RaftServerConfigKeys (ConfUtils.java:logGet(43)) - raft.server.watch.timeout.denomination = 1s (default)
2019-09-19 10:45:10,232 [d0ded852-0a77-481a-a680-10e5e190379c:group-8E685ED694DD:LeaderElection16] INFO  server.RaftServerConfigKeys (ConfUtils.java:logGet(43)) - raft.server.staging.catchup.gap = 1000 (default)
2019-09-19 10:45:10,234 [d0ded852-0a77-481a-a680-10e5e190379c:group-697A06FE33D2:LeaderElection17] INFO  server.RaftServerConfigKeys (ConfUtils.java:logGet(43)) - raft.server.watch.element-limit = 65536 (default)
2019-09-19 10:45:10,234 [d0ded852-0a77-481a-a680-10e5e190379c:group-957E95424BE2:LeaderElection14] INFO  server.RaftServerConfigKeys (ConfUtils.java:logGet(43)) - raft.server.watch.timeout.denomination = 1s (default)
2019-09-19 10:45:10,234 [43c3a3a3-e4f9-4e82-99c6-0d62df714a4a:group-11D392082BB2:LeaderElection12] INFO  server.RaftServerConfigKeys (ConfUtils.java:logGet(43)) - raft.server.watch.element-limit = 65536 (default)
2019-09-19 10:45:10,234 [43c3a3a3-e4f9-4e82-99c6-0d62df714a4a:group-C467639CE6EF:LeaderElection13] INFO  server.RaftServerConfigKeys (ConfUtils.java:logGet(43)) - raft.server.watch.element-limit = 65536 (default)
2019-09-19 10:45:10,233 [43c3a3a3-e4f9-4e82-99c6-0d62df714a4a:group-66F3AB59BC0A:LeaderElection18] INFO  server.RaftServerConfigKeys (ConfUtils.java:logGet(43)) - raft.server.watch.timeout.denomination = 1s (default)
2019-09-19 10:45:10,233 [43c3a3a3-e4f9-4e82-99c6-0d62df714a4a:group-283AFBA74942:LeaderElection15] INFO  server.RaftServerConfigKeys (ConfUtils.java:logGet(43)) - raft.server.staging.catchup.gap = 1000 (default)
2019-09-19 10:45:10,235 [43c3a3a3-e4f9-4e82-99c6-0d62df714a4a:group-66F3AB59BC0A:LeaderElection18] INFO  server.RaftServerConfigKeys (ConfUtils.java:logGet(43)) - raft.server.watch.element-limit = 65536 (default)
2019-09-19 10:45:10,235 [43c3a3a3-e4f9-4e82-99c6-0d62df714a4a:group-C467639CE6EF:LeaderElection13] INFO  impl.RoleInfo (RoleInfo.java:updateAndGet(143)) - 43c3a3a3-e4f9-4e82-99c6-0d62df714a4a: start LeaderState
2019-09-19 10:45:10,235 [43c3a3a3-e4f9-4e82-99c6-0d62df714a4a:group-11D392082BB2:LeaderElection12] INFO  impl.RoleInfo (RoleInfo.java:updateAndGet(143)) - 43c3a3a3-e4f9-4e82-99c6-0d62df714a4a: start LeaderState
2019-09-19 10:45:10,235 [d0ded852-0a77-481a-a680-10e5e190379c:group-957E95424BE2:LeaderElection14] INFO  server.RaftServerConfigKeys (ConfUtils.java:logGet(43)) - raft.server.watch.element-limit = 65536 (default)
2019-09-19 10:45:10,235 [d0ded852-0a77-481a-a680-10e5e190379c:group-697A06FE33D2:LeaderElection17] INFO  impl.RoleInfo (RoleInfo.java:updateAndGet(143)) - d0ded852-0a77-481a-a680-10e5e190379c: start LeaderState
2019-09-19 10:45:10,234 [d0ded852-0a77-481a-a680-10e5e190379c:group-8E685ED694DD:LeaderElection16] INFO  server.RaftServerConfigKeys (ConfUtils.java:logGet(43)) - raft.server.rpc.sleep.time = 25ms (default)
2019-09-19 10:45:10,236 [d0ded852-0a77-481a-a680-10e5e190379c:group-957E95424BE2:LeaderElection14] INFO  impl.RoleInfo (RoleInfo.java:updateAndGet(143)) - d0ded852-0a77-481a-a680-10e5e190379c: start LeaderState
2019-09-19 10:45:10,236 [43c3a3a3-e4f9-4e82-99c6-0d62df714a4a:group-11D392082BB2:LeaderElection12] INFO  segmented.SegmentedRaftLogWorker (SegmentedRaftLogWorker.java:startLogSegment(380)) - 43c3a3a3-e4f9-4e82-99c6-0d62df714a4a-SegmentedRaftLogWorker:Storage Directory /workdir/hadoop-ozone/tools/target/test-dir/MiniOzoneClusterImpl-fb1be2cc-0df5-4edc-832d-164f8289558f/datanode-1/data/ratis/434c8b2d-2841-4aa6-80bc-11d392082bb2: Starting segment from index:0
2019-09-19 10:45:10,236 [d0ded852-0a77-481a-a680-10e5e190379c:group-957E95424BE2:LeaderElection14] INFO  segmented.SegmentedRaftLogWorker (SegmentedRaftLogWorker.java:startLogSegment(380)) - d0ded852-0a77-481a-a680-10e5e190379c-SegmentedRaftLogWorker:Storage Directory /workdir/hadoop-ozone/tools/target/test-dir/MiniOzoneClusterImpl-fb1be2cc-0df5-4edc-832d-164f8289558f/datanode-2/data/ratis/9a969df7-6dff-44f0-87ff-957e95424be2: Starting segment from index:0
2019-09-19 10:45:10,236 [43c3a3a3-e4f9-4e82-99c6-0d62df714a4a:group-C467639CE6EF:LeaderElection13] INFO  segmented.SegmentedRaftLogWorker (SegmentedRaftLogWorker.java:startLogSegment(380)) - 43c3a3a3-e4f9-4e82-99c6-0d62df714a4a-SegmentedRaftLogWorker:Storage Directory /workdir/hadoop-ozone/tools/target/test-dir/MiniOzoneClusterImpl-fb1be2cc-0df5-4edc-832d-164f8289558f/datanode-1/data/ratis/cd8eaa88-a90e-44d1-b5b7-c467639ce6ef: Starting segment from index:0
2019-09-19 10:45:10,236 [43c3a3a3-e4f9-4e82-99c6-0d62df714a4a:group-66F3AB59BC0A:LeaderElection18] INFO  impl.RoleInfo (RoleInfo.java:updateAndGet(143)) - 43c3a3a3-e4f9-4e82-99c6-0d62df714a4a: start LeaderState
2019-09-19 10:45:10,235 [43c3a3a3-e4f9-4e82-99c6-0d62df714a4a:group-283AFBA74942:LeaderElection15] INFO  server.RaftServerConfigKeys (ConfUtils.java:logGet(43)) - raft.server.rpc.sleep.time = 25ms (default)
2019-09-19 10:45:10,237 [43c3a3a3-e4f9-4e82-99c6-0d62df714a4a:group-66F3AB59BC0A:LeaderElection18] INFO  segmented.SegmentedRaftLogWorker (SegmentedRaftLogWorker.java:startLogSegment(380)) - 43c3a3a3-e4f9-4e82-99c6-0d62df714a4a-SegmentedRaftLogWorker:Storage Directory /workdir/hadoop-ozone/tools/target/test-dir/MiniOzoneClusterImpl-fb1be2cc-0df5-4edc-832d-164f8289558f/datanode-1/data/ratis/9c72b5e2-3715-4498-a021-66f3ab59bc0a: Starting segment from index:0
2019-09-19 10:45:10,237 [d0ded852-0a77-481a-a680-10e5e190379c:group-957E95424BE2:LeaderElection14] INFO  impl.RaftServerImpl (ServerState.java:setRaftConf(361)) - d0ded852-0a77-481a-a680-10e5e190379c:group-957E95424BE2 set configuration 0: [d0ded852-0a77-481a-a680-10e5e190379c:192.168.157.204:45896], old=null at 0
2019-09-19 10:45:10,237 [43c3a3a3-e4f9-4e82-99c6-0d62df714a4a:group-11D392082BB2:LeaderElection12] INFO  impl.RaftServerImpl (ServerState.java:setRaftConf(361)) - 43c3a3a3-e4f9-4e82-99c6-0d62df714a4a:group-11D392082BB2 set configuration 0: [43c3a3a3-e4f9-4e82-99c6-0d62df714a4a:192.168.157.204:35746], old=null at 0
2019-09-19 10:45:10,236 [d0ded852-0a77-481a-a680-10e5e190379c:group-8E685ED694DD:LeaderElection16] INFO  server.RaftServerConfigKeys (ConfUtils.java:logGet(43)) - raft.server.write.element-limit = 4096 (default)
2019-09-19 10:45:10,236 [d0ded852-0a77-481a-a680-10e5e190379c:group-697A06FE33D2:LeaderElection17] INFO  segmented.SegmentedRaftLogWorker (SegmentedRaftLogWorker.java:startLogSegment(380)) - d0ded852-0a77-481a-a680-10e5e190379c-SegmentedRaftLogWorker:Storage Directory /workdir/hadoop-ozone/tools/target/test-dir/MiniOzoneClusterImpl-fb1be2cc-0df5-4edc-832d-164f8289558f/datanode-2/data/ratis/c0234a00-1610-4042-8fcf-697a06fe33d2: Starting segment from index:0
2019-09-19 10:45:10,312 [d0ded852-0a77-481a-a680-10e5e190379c:group-8E685ED694DD:LeaderElection16] INFO  server.RaftServerConfigKeys (ConfUtils.java:logGet(43)) - raft.server.watch.timeout = 10s (default)
2019-09-19 10:45:10,312 [43c3a3a3-e4f9-4e82-99c6-0d62df714a4a:group-66F3AB59BC0A:LeaderElection18] INFO  impl.RaftServerImpl (ServerState.java:setRaftConf(361)) - 43c3a3a3-e4f9-4e82-99c6-0d62df714a4a:group-66F3AB59BC0A set configuration 0: [43c3a3a3-e4f9-4e82-99c6-0d62df714a4a:192.168.157.204:35746], old=null at 0
2019-09-19 10:45:10,237 [43c3a3a3-e4f9-4e82-99c6-0d62df714a4a:group-283AFBA74942:LeaderElection15] INFO  server.RaftServerConfigKeys (ConfUtils.java:logGet(43)) - raft.server.write.element-limit = 4096 (default)
2019-09-19 10:45:10,237 [43c3a3a3-e4f9-4e82-99c6-0d62df714a4a:group-C467639CE6EF:LeaderElection13] INFO  impl.RaftServerImpl (ServerState.java:setRaftConf(361)) - 43c3a3a3-e4f9-4e82-99c6-0d62df714a4a:group-C467639CE6EF set configuration 0: [43c3a3a3-e4f9-4e82-99c6-0d62df714a4a:192.168.157.204:35746], old=null at 0
2019-09-19 10:45:10,314 [43c3a3a3-e4f9-4e82-99c6-0d62df714a4a:group-283AFBA74942:LeaderElection15] INFO  server.RaftServerConfigKeys (ConfUtils.java:logGet(43)) - raft.server.watch.timeout = 10s (default)
2019-09-19 10:45:10,313 [d0ded852-0a77-481a-a680-10e5e190379c:group-697A06FE33D2:LeaderElection17] INFO  impl.RaftServerImpl (ServerState.java:setRaftConf(361)) - d0ded852-0a77-481a-a680-10e5e190379c:group-697A06FE33D2 set configuration 0: [d0ded852-0a77-481a-a680-10e5e190379c:192.168.157.204:45896], old=null at 0
2019-09-19 10:45:10,312 [d0ded852-0a77-481a-a680-10e5e190379c:group-8E685ED694DD:LeaderElection16] INFO  server.RaftServerConfigKeys (ConfUtils.java:logGet(43)) - raft.server.watch.timeout.denomination = 1s (default)
2019-09-19 10:45:10,348 [43c3a3a3-e4f9-4e82-99c6-0d62df714a4a:group-283AFBA74942:LeaderElection15] INFO  server.RaftServerConfigKeys (ConfUtils.java:logGet(43)) - raft.server.watch.timeout.denomination = 1s (default)
2019-09-19 10:45:10,349 [d0ded852-0a77-481a-a680-10e5e190379c:group-8E685ED694DD:LeaderElection16] INFO  server.RaftServerConfigKeys (ConfUtils.java:logGet(43)) - raft.server.watch.element-limit = 65536 (default)
2019-09-19 10:45:10,349 [43c3a3a3-e4f9-4e82-99c6-0d62df714a4a:group-283AFBA74942:LeaderElection15] INFO  server.RaftServerConfigKeys (ConfUtils.java:logGet(43)) - raft.server.watch.element-limit = 65536 (default)
2019-09-19 10:45:10,350 [43c3a3a3-e4f9-4e82-99c6-0d62df714a4a:group-283AFBA74942:LeaderElection15] INFO  impl.RoleInfo (RoleInfo.java:updateAndGet(143)) - 43c3a3a3-e4f9-4e82-99c6-0d62df714a4a: start LeaderState
2019-09-19 10:45:10,350 [d0ded852-0a77-481a-a680-10e5e190379c:group-8E685ED694DD:LeaderElection16] INFO  impl.RoleInfo (RoleInfo.java:updateAndGet(143)) - d0ded852-0a77-481a-a680-10e5e190379c: start LeaderState
2019-09-19 10:45:10,350 [43c3a3a3-e4f9-4e82-99c6-0d62df714a4a:group-283AFBA74942:LeaderElection15] INFO  segmented.SegmentedRaftLogWorker (SegmentedRaftLogWorker.java:startLogSegment(380)) - 43c3a3a3-e4f9-4e82-99c6-0d62df714a4a-SegmentedRaftLogWorker:Storage Directory /workdir/hadoop-ozone/tools/target/test-dir/MiniOzoneClusterImpl-fb1be2cc-0df5-4edc-832d-164f8289558f/datanode-1/data/ratis/dd404394-e3a9-4f24-964f-283afba74942: Starting segment from index:0
2019-09-19 10:45:10,350 [d0ded852-0a77-481a-a680-10e5e190379c:group-8E685ED694DD:LeaderElection16] INFO  segmented.SegmentedRaftLogWorker (SegmentedRaftLogWorker.java:startLogSegment(380)) - d0ded852-0a77-481a-a680-10e5e190379c-SegmentedRaftLogWorker:Storage Directory /workdir/hadoop-ozone/tools/target/test-dir/MiniOzoneClusterImpl-fb1be2cc-0df5-4edc-832d-164f8289558f/datanode-2/data/ratis/d2bdf57f-0b9d-486c-a28b-8e685ed694dd: Starting segment from index:0
2019-09-19 10:45:10,351 [43c3a3a3-e4f9-4e82-99c6-0d62df714a4a:group-283AFBA74942:LeaderElection15] INFO  impl.RaftServerImpl (ServerState.java:setRaftConf(361)) - 43c3a3a3-e4f9-4e82-99c6-0d62df714a4a:group-283AFBA74942 set configuration 0: [43c3a3a3-e4f9-4e82-99c6-0d62df714a4a:192.168.157.204:35746], old=null at 0
2019-09-19 10:45:10,351 [d0ded852-0a77-481a-a680-10e5e190379c:group-8E685ED694DD:LeaderElection16] INFO  impl.RaftServerImpl (ServerState.java:setRaftConf(361)) - d0ded852-0a77-481a-a680-10e5e190379c:group-8E685ED694DD set configuration 0: [d0ded852-0a77-481a-a680-10e5e190379c:192.168.157.204:45896], old=null at 0
2019-09-19 10:45:10,425 | INFO  | SCMAudit | user=jenkins1000 | ip=192.168.157.204 | op=SEND_HEARTBEAT {datanodeUUID=43c3a3a3-e4f9-4e82-99c6-0d62df714a4a, command=[]} | ret=SUCCESS |  
2019-09-19 10:45:10,669 [43c3a3a3-e4f9-4e82-99c6-0d62df714a4a-SegmentedRaftLogWorker:Storage Directory /workdir/hadoop-ozone/tools/target/test-dir/MiniOzoneClusterImpl-fb1be2cc-0df5-4edc-832d-164f8289558f/datanode-1/data/ratis/434c8b2d-2841-4aa6-80bc-11d392082bb2] INFO  segmented.SegmentedRaftLogWorker (SegmentedRaftLogWorker.java:execute(569)) - 43c3a3a3-e4f9-4e82-99c6-0d62df714a4a-SegmentedRaftLogWorker:Storage Directory /workdir/hadoop-ozone/tools/target/test-dir/MiniOzoneClusterImpl-fb1be2cc-0df5-4edc-832d-164f8289558f/datanode-1/data/ratis/434c8b2d-2841-4aa6-80bc-11d392082bb2: created new log segment /workdir/hadoop-ozone/tools/target/test-dir/MiniOzoneClusterImpl-fb1be2cc-0df5-4edc-832d-164f8289558f/datanode-1/data/ratis/434c8b2d-2841-4aa6-80bc-11d392082bb2/current/log_inprogress_0
2019-09-19 10:45:10,669 [d0ded852-0a77-481a-a680-10e5e190379c-SegmentedRaftLogWorker:Storage Directory /workdir/hadoop-ozone/tools/target/test-dir/MiniOzoneClusterImpl-fb1be2cc-0df5-4edc-832d-164f8289558f/datanode-2/data/ratis/9a969df7-6dff-44f0-87ff-957e95424be2] INFO  segmented.SegmentedRaftLogWorker (SegmentedRaftLogWorker.java:execute(569)) - d0ded852-0a77-481a-a680-10e5e190379c-SegmentedRaftLogWorker:Storage Directory /workdir/hadoop-ozone/tools/target/test-dir/MiniOzoneClusterImpl-fb1be2cc-0df5-4edc-832d-164f8289558f/datanode-2/data/ratis/9a969df7-6dff-44f0-87ff-957e95424be2: created new log segment /workdir/hadoop-ozone/tools/target/test-dir/MiniOzoneClusterImpl-fb1be2cc-0df5-4edc-832d-164f8289558f/datanode-2/data/ratis/9a969df7-6dff-44f0-87ff-957e95424be2/current/log_inprogress_0
2019-09-19 10:45:10,669 [43c3a3a3-e4f9-4e82-99c6-0d62df714a4a-SegmentedRaftLogWorker:Storage Directory /workdir/hadoop-ozone/tools/target/test-dir/MiniOzoneClusterImpl-fb1be2cc-0df5-4edc-832d-164f8289558f/datanode-1/data/ratis/cd8eaa88-a90e-44d1-b5b7-c467639ce6ef] INFO  segmented.SegmentedRaftLogWorker (SegmentedRaftLogWorker.java:execute(569)) - 43c3a3a3-e4f9-4e82-99c6-0d62df714a4a-SegmentedRaftLogWorker:Storage Directory /workdir/hadoop-ozone/tools/target/test-dir/MiniOzoneClusterImpl-fb1be2cc-0df5-4edc-832d-164f8289558f/datanode-1/data/ratis/cd8eaa88-a90e-44d1-b5b7-c467639ce6ef: created new log segment /workdir/hadoop-ozone/tools/target/test-dir/MiniOzoneClusterImpl-fb1be2cc-0df5-4edc-832d-164f8289558f/datanode-1/data/ratis/cd8eaa88-a90e-44d1-b5b7-c467639ce6ef/current/log_inprogress_0
2019-09-19 10:45:10,671 [43c3a3a3-e4f9-4e82-99c6-0d62df714a4a-SegmentedRaftLogWorker:Storage Directory /workdir/hadoop-ozone/tools/target/test-dir/MiniOzoneClusterImpl-fb1be2cc-0df5-4edc-832d-164f8289558f/datanode-1/data/ratis/9c72b5e2-3715-4498-a021-66f3ab59bc0a] INFO  segmented.SegmentedRaftLogWorker (SegmentedRaftLogWorker.java:execute(569)) - 43c3a3a3-e4f9-4e82-99c6-0d62df714a4a-SegmentedRaftLogWorker:Storage Directory /workdir/hadoop-ozone/tools/target/test-dir/MiniOzoneClusterImpl-fb1be2cc-0df5-4edc-832d-164f8289558f/datanode-1/data/ratis/9c72b5e2-3715-4498-a021-66f3ab59bc0a: created new log segment /workdir/hadoop-ozone/tools/target/test-dir/MiniOzoneClusterImpl-fb1be2cc-0df5-4edc-832d-164f8289558f/datanode-1/data/ratis/9c72b5e2-3715-4498-a021-66f3ab59bc0a/current/log_inprogress_0
2019-09-19 10:45:10,671 [d0ded852-0a77-481a-a680-10e5e190379c-SegmentedRaftLogWorker:Storage Directory /workdir/hadoop-ozone/tools/target/test-dir/MiniOzoneClusterImpl-fb1be2cc-0df5-4edc-832d-164f8289558f/datanode-2/data/ratis/d2bdf57f-0b9d-486c-a28b-8e685ed694dd] INFO  segmented.SegmentedRaftLogWorker (SegmentedRaftLogWorker.java:execute(569)) - d0ded852-0a77-481a-a680-10e5e190379c-SegmentedRaftLogWorker:Storage Directory /workdir/hadoop-ozone/tools/target/test-dir/MiniOzoneClusterImpl-fb1be2cc-0df5-4edc-832d-164f8289558f/datanode-2/data/ratis/d2bdf57f-0b9d-486c-a28b-8e685ed694dd: created new log segment /workdir/hadoop-ozone/tools/target/test-dir/MiniOzoneClusterImpl-fb1be2cc-0df5-4edc-832d-164f8289558f/datanode-2/data/ratis/d2bdf57f-0b9d-486c-a28b-8e685ed694dd/current/log_inprogress_0
2019-09-19 10:45:10,671 [43c3a3a3-e4f9-4e82-99c6-0d62df714a4a-SegmentedRaftLogWorker:Storage Directory /workdir/hadoop-ozone/tools/target/test-dir/MiniOzoneClusterImpl-fb1be2cc-0df5-4edc-832d-164f8289558f/datanode-1/data/ratis/dd404394-e3a9-4f24-964f-283afba74942] INFO  segmented.SegmentedRaftLogWorker (SegmentedRaftLogWorker.java:execute(569)) - 43c3a3a3-e4f9-4e82-99c6-0d62df714a4a-SegmentedRaftLogWorker:Storage Directory /workdir/hadoop-ozone/tools/target/test-dir/MiniOzoneClusterImpl-fb1be2cc-0df5-4edc-832d-164f8289558f/datanode-1/data/ratis/dd404394-e3a9-4f24-964f-283afba74942: created new log segment /workdir/hadoop-ozone/tools/target/test-dir/MiniOzoneClusterImpl-fb1be2cc-0df5-4edc-832d-164f8289558f/datanode-1/data/ratis/dd404394-e3a9-4f24-964f-283afba74942/current/log_inprogress_0
2019-09-19 10:45:10,671 [d0ded852-0a77-481a-a680-10e5e190379c-SegmentedRaftLogWorker:Storage Directory /workdir/hadoop-ozone/tools/target/test-dir/MiniOzoneClusterImpl-fb1be2cc-0df5-4edc-832d-164f8289558f/datanode-2/data/ratis/c0234a00-1610-4042-8fcf-697a06fe33d2] INFO  segmented.SegmentedRaftLogWorker (SegmentedRaftLogWorker.java:execute(569)) - d0ded852-0a77-481a-a680-10e5e190379c-SegmentedRaftLogWorker:Storage Directory /workdir/hadoop-ozone/tools/target/test-dir/MiniOzoneClusterImpl-fb1be2cc-0df5-4edc-832d-164f8289558f/datanode-2/data/ratis/c0234a00-1610-4042-8fcf-697a06fe33d2: created new log segment /workdir/hadoop-ozone/tools/target/test-dir/MiniOzoneClusterImpl-fb1be2cc-0df5-4edc-832d-164f8289558f/datanode-2/data/ratis/c0234a00-1610-4042-8fcf-697a06fe33d2/current/log_inprogress_0
2019-09-19 10:45:11,061 | INFO  | SCMAudit | user=jenkins1000 | ip=192.168.157.204 | op=SEND_HEARTBEAT {datanodeUUID=d0ded852-0a77-481a-a680-10e5e190379c, command=[]} | ret=SUCCESS |  
2019-09-19 10:45:11,163 | INFO  | SCMAudit | user=jenkins1000 | ip=192.168.157.204 | op=SEND_HEARTBEAT {datanodeUUID=6b4db361-80c8-4463-ae57-b9f6d8c1534e, command=[]} | ret=SUCCESS |  
2019-09-19 10:45:11,423 | INFO  | SCMAudit | user=jenkins1000 | ip=192.168.157.204 | op=SEND_HEARTBEAT {datanodeUUID=43c3a3a3-e4f9-4e82-99c6-0d62df714a4a, command=[]} | ret=SUCCESS |  
2019-09-19 10:45:12,059 | INFO  | SCMAudit | user=jenkins1000 | ip=192.168.157.204 | op=SEND_HEARTBEAT {datanodeUUID=d0ded852-0a77-481a-a680-10e5e190379c, command=[]} | ret=SUCCESS |  
2019-09-19 10:45:12,157 | INFO  | SCMAudit | user=jenkins1000 | ip=192.168.157.204 | op=SEND_HEARTBEAT {datanodeUUID=6b4db361-80c8-4463-ae57-b9f6d8c1534e, command=[]} | ret=SUCCESS |  
2019-09-19 10:45:12,422 | INFO  | SCMAudit | user=jenkins1000 | ip=192.168.157.204 | op=SEND_HEARTBEAT {datanodeUUID=43c3a3a3-e4f9-4e82-99c6-0d62df714a4a, command=[]} | ret=SUCCESS |  
2019-09-19 10:45:13,059 | INFO  | SCMAudit | user=jenkins1000 | ip=192.168.157.204 | op=SEND_HEARTBEAT {datanodeUUID=d0ded852-0a77-481a-a680-10e5e190379c, command=[]} | ret=SUCCESS |  
2019-09-19 10:45:13,157 | INFO  | SCMAudit | user=jenkins1000 | ip=192.168.157.204 | op=SEND_HEARTBEAT {datanodeUUID=6b4db361-80c8-4463-ae57-b9f6d8c1534e, command=[]} | ret=SUCCESS |  
2019-09-19 10:45:13,423 | INFO  | SCMAudit | user=jenkins1000 | ip=192.168.157.204 | op=SEND_HEARTBEAT {datanodeUUID=43c3a3a3-e4f9-4e82-99c6-0d62df714a4a, command=[]} | ret=SUCCESS |  
]]></system-out>
    <system-err><![CDATA[Sep 19, 2019 10:44:56 AM com.sun.jersey.server.impl.application.WebApplicationImpl _initiate
INFO: Initiating Jersey application, version 'Jersey: 1.19 02/11/2015 03:25 AM'
Sep 19, 2019 10:44:57 AM com.sun.jersey.server.impl.application.WebApplicationImpl _initiate
INFO: Initiating Jersey application, version 'Jersey: 1.19 02/11/2015 03:25 AM'
Sep 19, 2019 10:44:57 AM com.sun.jersey.server.impl.application.WebApplicationImpl _initiate
INFO: Initiating Jersey application, version 'Jersey: 1.19 02/11/2015 03:25 AM'
]]></system-err>
  </testcase>
</testsuite>