<?xml version="1.0" encoding="UTF-8"?>
<testsuite xmlns:xsi="http://www.w3.org/2001/XMLSchema-instance" xsi:noNamespaceSchemaLocation="https://maven.apache.org/surefire/maven-surefire-plugin/xsd/surefire-test-report.xsd" name="org.apache.hadoop.ozone.client.rpc.TestOzoneClientRetriesOnException" time="385.46" tests="2" errors="1" skipped="0" failures="0">
  <properties>
    <property name="awt.toolkit" value="sun.awt.X11.XToolkit"/>
    <property name="file.encoding.pkg" value="sun.io"/>
    <property name="java.specification.version" value="1.8"/>
    <property name="sun.cpu.isalist" value=""/>
    <property name="sun.jnu.encoding" value="UTF-8"/>
    <property name="java.class.path" value="/workdir/hadoop-ozone/integration-test/target/test-classes:/workdir/hadoop-ozone/integration-test/target/classes:/home/user/.m2/repository/org/apache/hadoop/hadoop-ozone-common/0.5.0-SNAPSHOT/hadoop-ozone-common-0.5.0-SNAPSHOT.jar:/home/user/.m2/repository/org/apache/commons/commons-compress/1.4.1/commons-compress-1.4.1.jar:/home/user/.m2/repository/org/tukaani/xz/1.0/xz-1.0.jar:/home/user/.m2/repository/org/apache/hadoop/hadoop-common/3.2.0/hadoop-common-3.2.0.jar:/home/user/.m2/repository/org/apache/hadoop/hadoop-hdfs/3.2.0/hadoop-hdfs-3.2.0.jar:/home/user/.m2/repository/org/apache/hadoop/hadoop-hdfs-client/3.2.0/hadoop-hdfs-client-3.2.0.jar:/home/user/.m2/repository/com/fasterxml/jackson/core/jackson-annotations/2.9.5/jackson-annotations-2.9.5.jar:/home/user/.m2/repository/org/apache/hadoop/hadoop-hdds-common/0.5.0-SNAPSHOT/hadoop-hdds-common-0.5.0-SNAPSHOT.jar:/home/user/.m2/repository/javax/annotation/javax.annotation-api/1.2/javax.annotation-api-1.2.jar:/home/user/.m2/repository/org/apache/ratis/ratis-server/0.4.0-2337318-SNAPSHOT/ratis-server-0.4.0-2337318-SNAPSHOT.jar:/home/user/.m2/repository/org/apache/ratis/ratis-thirdparty-misc/0.2.0/ratis-thirdparty-misc-0.2.0.jar:/home/user/.m2/repository/org/apache/ratis/ratis-proto/0.4.0-2337318-SNAPSHOT/ratis-proto-0.4.0-2337318-SNAPSHOT.jar:/home/user/.m2/repository/org/apache/ratis/ratis-common/0.4.0-2337318-SNAPSHOT/ratis-common-0.4.0-2337318-SNAPSHOT.jar:/home/user/.m2/repository/org/apache/ratis/ratis-client/0.4.0-2337318-SNAPSHOT/ratis-client-0.4.0-2337318-SNAPSHOT.jar:/home/user/.m2/repository/org/apache/ratis/ratis-metrics/0.4.0-2337318-SNAPSHOT/ratis-metrics-0.4.0-2337318-SNAPSHOT.jar:/home/user/.m2/repository/org/apache/ratis/ratis-netty/0.4.0-2337318-SNAPSHOT/ratis-netty-0.4.0-2337318-SNAPSHOT.jar:/home/user/.m2/repository/org/apache/ratis/ratis-grpc/0.4.0-2337318-SNAPSHOT/ratis-grpc-0.4.0-2337318-SNAPSHOT.jar:/home/user/.m2/repository/org/rocksdb/rocksdbjni/6.0.1/rocksdbjni-6.0.1.jar:/home/user/.m2/repository/org/apache/logging/log4j/log4j-api/2.11.0/log4j-api-2.11.0.jar:/home/user/.m2/repository/org/apache/logging/log4j/log4j-core/2.11.0/log4j-core-2.11.0.jar:/home/user/.m2/repository/com/lmax/disruptor/3.4.2/disruptor-3.4.2.jar:/home/user/.m2/repository/org/apache/commons/commons-pool2/2.6.0/commons-pool2-2.6.0.jar:/home/user/.m2/repository/org/bouncycastle/bcpkix-jdk15on/1.60/bcpkix-jdk15on-1.60.jar:/home/user/.m2/repository/commons-validator/commons-validator/1.6/commons-validator-1.6.jar:/home/user/.m2/repository/commons-digester/commons-digester/1.8.1/commons-digester-1.8.1.jar:/home/user/.m2/repository/io/jaegertracing/jaeger-client/0.33.1/jaeger-client-0.33.1.jar:/home/user/.m2/repository/io/jaegertracing/jaeger-thrift/0.33.1/jaeger-thrift-0.33.1.jar:/home/user/.m2/repository/org/apache/thrift/libthrift/0.11.0/libthrift-0.11.0.jar:/home/user/.m2/repository/com/squareup/okhttp3/okhttp/3.9.0/okhttp-3.9.0.jar:/home/user/.m2/repository/com/squareup/okio/okio/1.13.0/okio-1.13.0.jar:/home/user/.m2/repository/io/jaegertracing/jaeger-core/0.33.1/jaeger-core-0.33.1.jar:/home/user/.m2/repository/io/jaegertracing/jaeger-tracerresolver/0.33.1/jaeger-tracerresolver-0.33.1.jar:/home/user/.m2/repository/io/opentracing/contrib/opentracing-tracerresolver/0.1.5/opentracing-tracerresolver-0.1.5.jar:/home/user/.m2/repository/io/opentracing/opentracing-util/0.31.0/opentracing-util-0.31.0.jar:/home/user/.m2/repository/io/opentracing/opentracing-api/0.31.0/opentracing-api-0.31.0.jar:/home/user/.m2/repository/io/opentracing/opentracing-noop/0.31.0/opentracing-noop-0.31.0.jar:/home/user/.m2/repository/org/apache/hadoop/hadoop-hdds-server-framework/0.5.0-SNAPSHOT/hadoop-hdds-server-framework-0.5.0-SNAPSHOT.jar:/home/user/.m2/repository/org/apache/hadoop/hadoop-hdds-container-service/0.5.0-SNAPSHOT/hadoop-hdds-container-service-0.5.0-SNAPSHOT.jar:/home/user/.m2/repository/org/apache/hadoop/hadoop-hdds-client/0.5.0-SNAPSHOT/hadoop-hdds-client-0.5.0-SNAPSHOT.jar:/home/user/.m2/repository/org/apache/hadoop/hadoop-hdds-tools/0.5.0-SNAPSHOT/hadoop-hdds-tools-0.5.0-SNAPSHOT.jar:/home/user/.m2/repository/org/apache/hadoop/hadoop-hdds-server-scm/0.5.0-SNAPSHOT/hadoop-hdds-server-scm-0.5.0-SNAPSHOT.jar:/home/user/.m2/repository/org/apache/hadoop/hadoop-hdds-docs/0.5.0-SNAPSHOT/hadoop-hdds-docs-0.5.0-SNAPSHOT.jar:/home/user/.m2/repository/io/dropwizard/metrics/metrics-core/3.2.4/metrics-core-3.2.4.jar:/home/user/.m2/repository/org/hamcrest/hamcrest-all/1.3/hamcrest-all-1.3.jar:/home/user/.m2/repository/org/bouncycastle/bcprov-jdk15on/1.60/bcprov-jdk15on-1.60.jar:/home/user/.m2/repository/info/picocli/picocli/3.9.6/picocli-3.9.6.jar:/home/user/.m2/repository/com/google/protobuf/protobuf-java/2.5.0/protobuf-java-2.5.0.jar:/home/user/.m2/repository/com/google/guava/guava/11.0.2/guava-11.0.2.jar:/home/user/.m2/repository/org/apache/hadoop/hadoop-ozone-ozone-manager/0.5.0-SNAPSHOT/hadoop-ozone-ozone-manager-0.5.0-SNAPSHOT.jar:/home/user/.m2/repository/org/apache/hadoop/hadoop-minikdc/3.2.0/hadoop-minikdc-3.2.0.jar:/home/user/.m2/repository/commons-io/commons-io/2.5/commons-io-2.5.jar:/home/user/.m2/repository/org/apache/kerby/kerb-simplekdc/1.0.1/kerb-simplekdc-1.0.1.jar:/home/user/.m2/repository/org/apache/kerby/kerb-client/1.0.1/kerb-client-1.0.1.jar:/home/user/.m2/repository/org/apache/kerby/kerby-config/1.0.1/kerby-config-1.0.1.jar:/home/user/.m2/repository/org/apache/kerby/kerb-core/1.0.1/kerb-core-1.0.1.jar:/home/user/.m2/repository/org/apache/kerby/kerby-pkix/1.0.1/kerby-pkix-1.0.1.jar:/home/user/.m2/repository/org/apache/kerby/kerby-asn1/1.0.1/kerby-asn1-1.0.1.jar:/home/user/.m2/repository/org/apache/kerby/kerby-util/1.0.1/kerby-util-1.0.1.jar:/home/user/.m2/repository/org/apache/kerby/kerb-common/1.0.1/kerb-common-1.0.1.jar:/home/user/.m2/repository/org/apache/kerby/kerb-crypto/1.0.1/kerb-crypto-1.0.1.jar:/home/user/.m2/repository/org/apache/kerby/kerb-util/1.0.1/kerb-util-1.0.1.jar:/home/user/.m2/repository/org/apache/kerby/token-provider/1.0.1/token-provider-1.0.1.jar:/home/user/.m2/repository/org/apache/kerby/kerb-admin/1.0.1/kerb-admin-1.0.1.jar:/home/user/.m2/repository/org/apache/kerby/kerb-server/1.0.1/kerb-server-1.0.1.jar:/home/user/.m2/repository/org/apache/kerby/kerb-identity/1.0.1/kerb-identity-1.0.1.jar:/home/user/.m2/repository/org/apache/kerby/kerby-xdr/1.0.1/kerby-xdr-1.0.1.jar:/home/user/.m2/repository/org/slf4j/slf4j-log4j12/1.7.25/slf4j-log4j12-1.7.25.jar:/home/user/.m2/repository/org/apache/hadoop/hadoop-ozone-objectstore-service/0.5.0-SNAPSHOT/hadoop-ozone-objectstore-service-0.5.0-SNAPSHOT.jar:/home/user/.m2/repository/org/apache/hadoop/hadoop-ozone-s3gateway/0.5.0-SNAPSHOT/hadoop-ozone-s3gateway-0.5.0-SNAPSHOT.jar:/home/user/.m2/repository/org/jboss/weld/servlet/weld-servlet/2.4.7.Final/weld-servlet-2.4.7.Final.jar:/home/user/.m2/repository/org/glassfish/jersey/containers/jersey-container-servlet-core/2.27/jersey-container-servlet-core-2.27.jar:/home/user/.m2/repository/org/glassfish/hk2/external/javax.inject/2.5.0-b42/javax.inject-2.5.0-b42.jar:/home/user/.m2/repository/org/glassfish/jersey/core/jersey-common/2.27/jersey-common-2.27.jar:/home/user/.m2/repository/org/glassfish/hk2/osgi-resource-locator/1.0.1/osgi-resource-locator-1.0.1.jar:/home/user/.m2/repository/javax/ws/rs/javax.ws.rs-api/2.1/javax.ws.rs-api-2.1.jar:/home/user/.m2/repository/org/glassfish/jersey/ext/cdi/jersey-cdi1x/2.27/jersey-cdi1x-2.27.jar:/home/user/.m2/repository/org/glassfish/jersey/inject/jersey-hk2/2.27/jersey-hk2-2.27.jar:/home/user/.m2/repository/org/glassfish/hk2/hk2-locator/2.5.0-b42/hk2-locator-2.5.0-b42.jar:/home/user/.m2/repository/org/javassist/javassist/3.22.0-CR2/javassist-3.22.0-CR2.jar:/home/user/.m2/repository/org/glassfish/hk2/hk2-api/2.5.0/hk2-api-2.5.0.jar:/home/user/.m2/repository/org/glassfish/hk2/external/jakarta.inject/2.5.0/jakarta.inject-2.5.0.jar:/home/user/.m2/repository/org/glassfish/hk2/hk2-utils/2.5.0/hk2-utils-2.5.0.jar:/home/user/.m2/repository/jakarta/annotation/jakarta.annotation-api/1.3.4/jakarta.annotation-api-1.3.4.jar:/home/user/.m2/repository/org/glassfish/hk2/external/aopalliance-repackaged/2.5.0/aopalliance-repackaged-2.5.0.jar:/home/user/.m2/repository/com/fasterxml/jackson/dataformat/jackson-dataformat-xml/2.9.0/jackson-dataformat-xml-2.9.0.jar:/home/user/.m2/repository/com/fasterxml/jackson/core/jackson-core/2.9.5/jackson-core-2.9.5.jar:/home/user/.m2/repository/com/fasterxml/jackson/module/jackson-module-jaxb-annotations/2.9.5/jackson-module-jaxb-annotations-2.9.5.jar:/home/user/.m2/repository/javax/enterprise/cdi-api/1.2/cdi-api-1.2.jar:/home/user/.m2/repository/javax/el/javax.el-api/3.0.0/javax.el-api-3.0.0.jar:/home/user/.m2/repository/javax/interceptor/javax.interceptor-api/1.2/javax.interceptor-api-1.2.jar:/home/user/.m2/repository/javax/inject/javax.inject/1/javax.inject-1.jar:/home/user/.m2/repository/com/sun/xml/bind/jaxb-impl/2.3.0.1/jaxb-impl-2.3.0.1.jar:/home/user/.m2/repository/com/sun/xml/bind/jaxb-core/2.3.0.1/jaxb-core-2.3.0.1.jar:/home/user/.m2/repository/javax/xml/bind/jaxb-api/2.3.0/jaxb-api-2.3.0.jar:/home/user/.m2/repository/javax/activation/activation/1.1.1/activation-1.1.1.jar:/home/user/.m2/repository/org/apache/hadoop/hadoop-ozone-csi/0.5.0-SNAPSHOT/hadoop-ozone-csi-0.5.0-SNAPSHOT.jar:/home/user/.m2/repository/com/google/protobuf/protobuf-java-util/3.5.1/protobuf-java-util-3.5.1.jar:/home/user/.m2/repository/org/apache/hadoop/hadoop-hdds-config/0.5.0-SNAPSHOT/hadoop-hdds-config-0.5.0-SNAPSHOT.jar:/home/user/.m2/repository/io/grpc/grpc-netty/1.17.1/grpc-netty-1.17.1.jar:/home/user/.m2/repository/io/grpc/grpc-core/1.17.1/grpc-core-1.17.1.jar:/home/user/.m2/repository/io/grpc/grpc-context/1.17.1/grpc-context-1.17.1.jar:/home/user/.m2/repository/com/google/errorprone/error_prone_annotations/2.2.0/error_prone_annotations-2.2.0.jar:/home/user/.m2/repository/org/codehaus/mojo/animal-sniffer-annotations/1.17/animal-sniffer-annotations-1.17.jar:/home/user/.m2/repository/io/opencensus/opencensus-api/0.17.0/opencensus-api-0.17.0.jar:/home/user/.m2/repository/io/opencensus/opencensus-contrib-grpc-metrics/0.17.0/opencensus-contrib-grpc-metrics-0.17.0.jar:/home/user/.m2/repository/io/netty/netty-codec-http2/4.1.30.Final/netty-codec-http2-4.1.30.Final.jar:/home/user/.m2/repository/io/netty/netty-codec-http/4.1.30.Final/netty-codec-http-4.1.30.Final.jar:/home/user/.m2/repository/io/netty/netty-codec/4.1.30.Final/netty-codec-4.1.30.Final.jar:/home/user/.m2/repository/io/netty/netty-handler/4.1.30.Final/netty-handler-4.1.30.Final.jar:/home/user/.m2/repository/io/netty/netty-handler-proxy/4.1.30.Final/netty-handler-proxy-4.1.30.Final.jar:/home/user/.m2/repository/io/netty/netty-codec-socks/4.1.30.Final/netty-codec-socks-4.1.30.Final.jar:/home/user/.m2/repository/io/netty/netty-transport-native-epoll/4.1.30.Final/netty-transport-native-epoll-4.1.30.Final.jar:/home/user/.m2/repository/io/netty/netty-common/4.1.30.Final/netty-common-4.1.30.Final.jar:/home/user/.m2/repository/io/netty/netty-buffer/4.1.30.Final/netty-buffer-4.1.30.Final.jar:/home/user/.m2/repository/io/netty/netty-transport/4.1.30.Final/netty-transport-4.1.30.Final.jar:/home/user/.m2/repository/io/netty/netty-resolver/4.1.30.Final/netty-resolver-4.1.30.Final.jar:/home/user/.m2/repository/io/netty/netty-transport-native-unix-common/4.1.30.Final/netty-transport-native-unix-common-4.1.30.Final.jar:/home/user/.m2/repository/io/grpc/grpc-protobuf/1.17.1/grpc-protobuf-1.17.1.jar:/home/user/.m2/repository/com/google/api/grpc/proto-google-common-protos/1.0.0/proto-google-common-protos-1.0.0.jar:/home/user/.m2/repository/io/grpc/grpc-protobuf-lite/1.17.1/grpc-protobuf-lite-1.17.1.jar:/home/user/.m2/repository/io/grpc/grpc-stub/1.17.1/grpc-stub-1.17.1.jar:/home/user/.m2/repository/org/apache/hadoop/hadoop-ozone-recon/0.5.0-SNAPSHOT/hadoop-ozone-recon-0.5.0-SNAPSHOT.jar:/home/user/.m2/repository/org/apache/hadoop/hadoop-ozone-reconcodegen/0.5.0-SNAPSHOT/hadoop-ozone-reconcodegen-0.5.0-SNAPSHOT.jar:/home/user/.m2/repository/com/google/inject/extensions/guice-multibindings/4.0/guice-multibindings-4.0.jar:/home/user/.m2/repository/com/google/inject/guice/4.0/guice-4.0.jar:/home/user/.m2/repository/aopalliance/aopalliance/1.0/aopalliance-1.0.jar:/home/user/.m2/repository/com/google/inject/extensions/guice-servlet/4.0/guice-servlet-4.0.jar:/home/user/.m2/repository/org/glassfish/jersey/containers/jersey-container-servlet/2.27/jersey-container-servlet-2.27.jar:/home/user/.m2/repository/org/glassfish/hk2/guice-bridge/2.5.0/guice-bridge-2.5.0.jar:/home/user/.m2/repository/org/glassfish/jersey/core/jersey-server/2.27/jersey-server-2.27.jar:/home/user/.m2/repository/org/glassfish/jersey/core/jersey-client/2.27/jersey-client-2.27.jar:/home/user/.m2/repository/org/glassfish/jersey/media/jersey-media-jaxb/2.27/jersey-media-jaxb-2.27.jar:/home/user/.m2/repository/javax/validation/validation-api/1.1.0.Final/validation-api-1.1.0.Final.jar:/home/user/.m2/repository/org/glassfish/jersey/media/jersey-media-json-jackson/2.27/jersey-media-json-jackson-2.27.jar:/home/user/.m2/repository/org/glassfish/jersey/ext/jersey-entity-filtering/2.27/jersey-entity-filtering-2.27.jar:/home/user/.m2/repository/com/google/inject/extensions/guice-assistedinject/4.0/guice-assistedinject-4.0.jar:/home/user/.m2/repository/org/jooq/jooq/3.11.10/jooq-3.11.10.jar:/home/user/.m2/repository/org/jooq/jooq-meta/3.11.10/jooq-meta-3.11.10.jar:/home/user/.m2/repository/org/jooq/jooq-codegen/3.11.10/jooq-codegen-3.11.10.jar:/home/user/.m2/repository/com/jolbox/bonecp/0.8.0.RELEASE/bonecp-0.8.0.RELEASE.jar:/home/user/.m2/repository/org/xerial/sqlite-jdbc/3.25.2/sqlite-jdbc-3.25.2.jar:/home/user/.m2/repository/org/springframework/spring-jdbc/5.1.3.RELEASE/spring-jdbc-5.1.3.RELEASE.jar:/home/user/.m2/repository/org/springframework/spring-beans/5.1.3.RELEASE/spring-beans-5.1.3.RELEASE.jar:/home/user/.m2/repository/org/springframework/spring-core/5.1.3.RELEASE/spring-core-5.1.3.RELEASE.jar:/home/user/.m2/repository/org/springframework/spring-jcl/5.1.3.RELEASE/spring-jcl-5.1.3.RELEASE.jar:/home/user/.m2/repository/org/springframework/spring-tx/5.1.3.RELEASE/spring-tx-5.1.3.RELEASE.jar:/home/user/.m2/repository/org/apache/hadoop/hadoop-ozone-client/0.5.0-SNAPSHOT/hadoop-ozone-client-0.5.0-SNAPSHOT.jar:/home/user/.m2/repository/commons-lang/commons-lang/2.6/commons-lang-2.6.jar:/home/user/.m2/repository/org/apache/hadoop/hadoop-ozone-ozone-manager/0.5.0-SNAPSHOT/hadoop-ozone-ozone-manager-0.5.0-SNAPSHOT-tests.jar:/home/user/.m2/repository/junit/junit/4.11/junit-4.11.jar:/home/user/.m2/repository/org/hamcrest/hamcrest-core/1.3/hamcrest-core-1.3.jar:/home/user/.m2/repository/org/openjdk/jmh/jmh-core/1.19/jmh-core-1.19.jar:/home/user/.m2/repository/net/sf/jopt-simple/jopt-simple/4.6/jopt-simple-4.6.jar:/home/user/.m2/repository/org/apache/commons/commons-math3/3.1.1/commons-math3-3.1.1.jar:/home/user/.m2/repository/org/openjdk/jmh/jmh-generator-annprocess/1.19/jmh-generator-annprocess-1.19.jar:/home/user/.m2/repository/org/mockito/mockito-all/1.8.5/mockito-all-1.8.5.jar:/home/user/.m2/repository/org/apache/hadoop/hadoop-kms/3.2.0/hadoop-kms-3.2.0.jar:/home/user/.m2/repository/org/apache/hadoop/hadoop-auth/3.2.0/hadoop-auth-3.2.0.jar:/home/user/.m2/repository/com/nimbusds/nimbus-jose-jwt/4.41.1/nimbus-jose-jwt-4.41.1.jar:/home/user/.m2/repository/com/github/stephenc/jcip/jcip-annotations/1.0-1/jcip-annotations-1.0-1.jar:/home/user/.m2/repository/net/minidev/json-smart/2.3/json-smart-2.3.jar:/home/user/.m2/repository/net/minidev/accessors-smart/1.2/accessors-smart-1.2.jar:/home/user/.m2/repository/org/ow2/asm/asm/5.0.4/asm-5.0.4.jar:/home/user/.m2/repository/org/apache/curator/curator-framework/2.12.0/curator-framework-2.12.0.jar:/home/user/.m2/repository/com/sun/jersey/jersey-core/1.19/jersey-core-1.19.jar:/home/user/.m2/repository/javax/ws/rs/jsr311-api/1.1.1/jsr311-api-1.1.1.jar:/home/user/.m2/repository/com/sun/jersey/jersey-server/1.19/jersey-server-1.19.jar:/home/user/.m2/repository/javax/servlet/javax.servlet-api/3.1.0/javax.servlet-api-3.1.0.jar:/home/user/.m2/repository/org/eclipse/jetty/jetty-server/9.3.24.v20180605/jetty-server-9.3.24.v20180605.jar:/home/user/.m2/repository/org/eclipse/jetty/jetty-http/9.3.24.v20180605/jetty-http-9.3.24.v20180605.jar:/home/user/.m2/repository/org/eclipse/jetty/jetty-io/9.3.24.v20180605/jetty-io-9.3.24.v20180605.jar:/home/user/.m2/repository/org/eclipse/jetty/jetty-webapp/9.3.24.v20180605/jetty-webapp-9.3.24.v20180605.jar:/home/user/.m2/repository/org/eclipse/jetty/jetty-xml/9.3.24.v20180605/jetty-xml-9.3.24.v20180605.jar:/home/user/.m2/repository/log4j/log4j/1.2.17/log4j-1.2.17.jar:/home/user/.m2/repository/org/slf4j/slf4j-api/1.7.25/slf4j-api-1.7.25.jar:/home/user/.m2/repository/org/slf4j/jul-to-slf4j/1.7.25/jul-to-slf4j-1.7.25.jar:/home/user/.m2/repository/org/eclipse/jetty/jetty-util/9.3.24.v20180605/jetty-util-9.3.24.v20180605.jar:/home/user/.m2/repository/com/fasterxml/jackson/core/jackson-databind/2.9.5/jackson-databind-2.9.5.jar:/home/user/.m2/repository/org/apache/hadoop/hadoop-kms/3.2.0/hadoop-kms-3.2.0-tests.jar:/home/user/.m2/repository/org/apache/hadoop/hadoop-hdds-server-scm/0.5.0-SNAPSHOT/hadoop-hdds-server-scm-0.5.0-SNAPSHOT-tests.jar:/home/user/.m2/repository/org/apache/hadoop/hadoop-hdds-container-service/0.5.0-SNAPSHOT/hadoop-hdds-container-service-0.5.0-SNAPSHOT-tests.jar:/home/user/.m2/repository/org/yaml/snakeyaml/1.16/snakeyaml-1.16.jar:/home/user/.m2/repository/org/apache/hadoop/hadoop-common/3.2.0/hadoop-common-3.2.0-tests.jar:/home/user/.m2/repository/org/apache/hadoop/hadoop-annotations/3.2.0/hadoop-annotations-3.2.0.jar:/usr/lib/jvm/java-1.8-openjdk/jre/../lib/tools.jar:/home/user/.m2/repository/commons-cli/commons-cli/1.2/commons-cli-1.2.jar:/home/user/.m2/repository/org/apache/httpcomponents/httpclient/4.5.2/httpclient-4.5.2.jar:/home/user/.m2/repository/org/apache/httpcomponents/httpcore/4.4.4/httpcore-4.4.4.jar:/home/user/.m2/repository/commons-codec/commons-codec/1.11/commons-codec-1.11.jar:/home/user/.m2/repository/commons-net/commons-net/3.6/commons-net-3.6.jar:/home/user/.m2/repository/commons-collections/commons-collections/3.2.2/commons-collections-3.2.2.jar:/home/user/.m2/repository/org/eclipse/jetty/jetty-servlet/9.3.24.v20180605/jetty-servlet-9.3.24.v20180605.jar:/home/user/.m2/repository/org/eclipse/jetty/jetty-security/9.3.24.v20180605/jetty-security-9.3.24.v20180605.jar:/home/user/.m2/repository/javax/servlet/jsp/jsp-api/2.1/jsp-api-2.1.jar:/home/user/.m2/repository/com/sun/jersey/jersey-servlet/1.19/jersey-servlet-1.19.jar:/home/user/.m2/repository/com/sun/jersey/jersey-json/1.19/jersey-json-1.19.jar:/home/user/.m2/repository/org/codehaus/jettison/jettison/1.1/jettison-1.1.jar:/home/user/.m2/repository/org/codehaus/jackson/jackson-core-asl/1.9.13/jackson-core-asl-1.9.13.jar:/home/user/.m2/repository/org/codehaus/jackson/jackson-mapper-asl/1.9.13/jackson-mapper-asl-1.9.13.jar:/home/user/.m2/repository/org/codehaus/jackson/jackson-jaxrs/1.9.13/jackson-jaxrs-1.9.13.jar:/home/user/.m2/repository/org/codehaus/jackson/jackson-xc/1.9.13/jackson-xc-1.9.13.jar:/home/user/.m2/repository/commons-logging/commons-logging/1.1.3/commons-logging-1.1.3.jar:/home/user/.m2/repository/commons-beanutils/commons-beanutils/1.9.3/commons-beanutils-1.9.3.jar:/home/user/.m2/repository/org/apache/commons/commons-configuration2/2.1.1/commons-configuration2-2.1.1.jar:/home/user/.m2/repository/org/apache/commons/commons-lang3/3.7/commons-lang3-3.7.jar:/home/user/.m2/repository/org/apache/commons/commons-text/1.4/commons-text-1.4.jar:/home/user/.m2/repository/org/apache/avro/avro/1.7.7/avro-1.7.7.jar:/home/user/.m2/repository/com/thoughtworks/paranamer/paranamer/2.3/paranamer-2.3.jar:/home/user/.m2/repository/org/xerial/snappy/snappy-java/1.0.5/snappy-java-1.0.5.jar:/home/user/.m2/repository/com/google/re2j/re2j/1.1/re2j-1.1.jar:/home/user/.m2/repository/com/google/code/gson/gson/2.2.4/gson-2.2.4.jar:/home/user/.m2/repository/com/jcraft/jsch/0.1.54/jsch-0.1.54.jar:/home/user/.m2/repository/org/apache/curator/curator-client/2.12.0/curator-client-2.12.0.jar:/home/user/.m2/repository/org/apache/curator/curator-recipes/2.12.0/curator-recipes-2.12.0.jar:/home/user/.m2/repository/com/google/code/findbugs/jsr305/3.0.0/jsr305-3.0.0.jar:/home/user/.m2/repository/org/apache/htrace/htrace-core4/4.1.0-incubating/htrace-core4-4.1.0-incubating.jar:/home/user/.m2/repository/org/apache/zookeeper/zookeeper/3.4.13/zookeeper-3.4.13.jar:/home/user/.m2/repository/org/apache/yetus/audience-annotations/0.5.0/audience-annotations-0.5.0.jar:/home/user/.m2/repository/org/codehaus/woodstox/stax2-api/3.1.4/stax2-api-3.1.4.jar:/home/user/.m2/repository/com/fasterxml/woodstox/woodstox-core/5.0.3/woodstox-core-5.0.3.jar:/home/user/.m2/repository/dnsjava/dnsjava/2.1.7/dnsjava-2.1.7.jar:/home/user/.m2/repository/org/apache/hadoop/hadoop-hdfs/3.2.0/hadoop-hdfs-3.2.0-tests.jar:/home/user/.m2/repository/org/eclipse/jetty/jetty-util-ajax/9.3.24.v20180605/jetty-util-ajax-9.3.24.v20180605.jar:/home/user/.m2/repository/commons-daemon/commons-daemon/1.0.13/commons-daemon-1.0.13.jar:/home/user/.m2/repository/io/netty/netty/3.10.5.Final/netty-3.10.5.Final.jar:/home/user/.m2/repository/io/netty/netty-all/4.0.52.Final/netty-all-4.0.52.Final.jar:/home/user/.m2/repository/org/fusesource/leveldbjni/leveldbjni-all/1.8/leveldbjni-all-1.8.jar:"/>
    <property name="java.vm.vendor" value="IcedTea"/>
    <property name="sun.arch.data.model" value="64"/>
    <property name="test.build.dir" value="/workdir/hadoop-ozone/integration-test/target/test-dir"/>
    <property name="test.cache.data" value=""/>
    <property name="java.vendor.url" value="https://icedtea.classpath.org"/>
    <property name="user.timezone" value=""/>
    <property name="java.vm.specification.version" value="1.8"/>
    <property name="os.name" value="Linux"/>
    <property name="test.build.data" value="/workdir/hadoop-ozone/integration-test/target/test-dir"/>
    <property name="user.country" value="US"/>
    <property name="sun.java.launcher" value="SUN_STANDARD"/>
    <property name="sun.boot.library.path" value="/usr/lib/jvm/java-1.8-openjdk/jre/lib/amd64"/>
    <property name="sun.java.command" value="/workdir/hadoop-ozone/integration-test/target/surefire/surefirebooter553332079639902768.jar /workdir/hadoop-ozone/integration-test/target/surefire 2019-08-23T08-30-21_909-jvmRun1 surefire1768946028412388426tmp surefire_371539006326776655884tmp"/>
    <property name="test" value="!TestMiniChaosOzoneCluster"/>
    <property name="surefire.test.class.path" value="/workdir/hadoop-ozone/integration-test/target/test-classes:/workdir/hadoop-ozone/integration-test/target/classes:/home/user/.m2/repository/org/apache/hadoop/hadoop-ozone-common/0.5.0-SNAPSHOT/hadoop-ozone-common-0.5.0-SNAPSHOT.jar:/home/user/.m2/repository/org/apache/commons/commons-compress/1.4.1/commons-compress-1.4.1.jar:/home/user/.m2/repository/org/tukaani/xz/1.0/xz-1.0.jar:/home/user/.m2/repository/org/apache/hadoop/hadoop-common/3.2.0/hadoop-common-3.2.0.jar:/home/user/.m2/repository/org/apache/hadoop/hadoop-hdfs/3.2.0/hadoop-hdfs-3.2.0.jar:/home/user/.m2/repository/org/apache/hadoop/hadoop-hdfs-client/3.2.0/hadoop-hdfs-client-3.2.0.jar:/home/user/.m2/repository/com/fasterxml/jackson/core/jackson-annotations/2.9.5/jackson-annotations-2.9.5.jar:/home/user/.m2/repository/org/apache/hadoop/hadoop-hdds-common/0.5.0-SNAPSHOT/hadoop-hdds-common-0.5.0-SNAPSHOT.jar:/home/user/.m2/repository/javax/annotation/javax.annotation-api/1.2/javax.annotation-api-1.2.jar:/home/user/.m2/repository/org/apache/ratis/ratis-server/0.4.0-2337318-SNAPSHOT/ratis-server-0.4.0-2337318-SNAPSHOT.jar:/home/user/.m2/repository/org/apache/ratis/ratis-thirdparty-misc/0.2.0/ratis-thirdparty-misc-0.2.0.jar:/home/user/.m2/repository/org/apache/ratis/ratis-proto/0.4.0-2337318-SNAPSHOT/ratis-proto-0.4.0-2337318-SNAPSHOT.jar:/home/user/.m2/repository/org/apache/ratis/ratis-common/0.4.0-2337318-SNAPSHOT/ratis-common-0.4.0-2337318-SNAPSHOT.jar:/home/user/.m2/repository/org/apache/ratis/ratis-client/0.4.0-2337318-SNAPSHOT/ratis-client-0.4.0-2337318-SNAPSHOT.jar:/home/user/.m2/repository/org/apache/ratis/ratis-metrics/0.4.0-2337318-SNAPSHOT/ratis-metrics-0.4.0-2337318-SNAPSHOT.jar:/home/user/.m2/repository/org/apache/ratis/ratis-netty/0.4.0-2337318-SNAPSHOT/ratis-netty-0.4.0-2337318-SNAPSHOT.jar:/home/user/.m2/repository/org/apache/ratis/ratis-grpc/0.4.0-2337318-SNAPSHOT/ratis-grpc-0.4.0-2337318-SNAPSHOT.jar:/home/user/.m2/repository/org/rocksdb/rocksdbjni/6.0.1/rocksdbjni-6.0.1.jar:/home/user/.m2/repository/org/apache/logging/log4j/log4j-api/2.11.0/log4j-api-2.11.0.jar:/home/user/.m2/repository/org/apache/logging/log4j/log4j-core/2.11.0/log4j-core-2.11.0.jar:/home/user/.m2/repository/com/lmax/disruptor/3.4.2/disruptor-3.4.2.jar:/home/user/.m2/repository/org/apache/commons/commons-pool2/2.6.0/commons-pool2-2.6.0.jar:/home/user/.m2/repository/org/bouncycastle/bcpkix-jdk15on/1.60/bcpkix-jdk15on-1.60.jar:/home/user/.m2/repository/commons-validator/commons-validator/1.6/commons-validator-1.6.jar:/home/user/.m2/repository/commons-digester/commons-digester/1.8.1/commons-digester-1.8.1.jar:/home/user/.m2/repository/io/jaegertracing/jaeger-client/0.33.1/jaeger-client-0.33.1.jar:/home/user/.m2/repository/io/jaegertracing/jaeger-thrift/0.33.1/jaeger-thrift-0.33.1.jar:/home/user/.m2/repository/org/apache/thrift/libthrift/0.11.0/libthrift-0.11.0.jar:/home/user/.m2/repository/com/squareup/okhttp3/okhttp/3.9.0/okhttp-3.9.0.jar:/home/user/.m2/repository/com/squareup/okio/okio/1.13.0/okio-1.13.0.jar:/home/user/.m2/repository/io/jaegertracing/jaeger-core/0.33.1/jaeger-core-0.33.1.jar:/home/user/.m2/repository/io/jaegertracing/jaeger-tracerresolver/0.33.1/jaeger-tracerresolver-0.33.1.jar:/home/user/.m2/repository/io/opentracing/contrib/opentracing-tracerresolver/0.1.5/opentracing-tracerresolver-0.1.5.jar:/home/user/.m2/repository/io/opentracing/opentracing-util/0.31.0/opentracing-util-0.31.0.jar:/home/user/.m2/repository/io/opentracing/opentracing-api/0.31.0/opentracing-api-0.31.0.jar:/home/user/.m2/repository/io/opentracing/opentracing-noop/0.31.0/opentracing-noop-0.31.0.jar:/home/user/.m2/repository/org/apache/hadoop/hadoop-hdds-server-framework/0.5.0-SNAPSHOT/hadoop-hdds-server-framework-0.5.0-SNAPSHOT.jar:/home/user/.m2/repository/org/apache/hadoop/hadoop-hdds-container-service/0.5.0-SNAPSHOT/hadoop-hdds-container-service-0.5.0-SNAPSHOT.jar:/home/user/.m2/repository/org/apache/hadoop/hadoop-hdds-client/0.5.0-SNAPSHOT/hadoop-hdds-client-0.5.0-SNAPSHOT.jar:/home/user/.m2/repository/org/apache/hadoop/hadoop-hdds-tools/0.5.0-SNAPSHOT/hadoop-hdds-tools-0.5.0-SNAPSHOT.jar:/home/user/.m2/repository/org/apache/hadoop/hadoop-hdds-server-scm/0.5.0-SNAPSHOT/hadoop-hdds-server-scm-0.5.0-SNAPSHOT.jar:/home/user/.m2/repository/org/apache/hadoop/hadoop-hdds-docs/0.5.0-SNAPSHOT/hadoop-hdds-docs-0.5.0-SNAPSHOT.jar:/home/user/.m2/repository/io/dropwizard/metrics/metrics-core/3.2.4/metrics-core-3.2.4.jar:/home/user/.m2/repository/org/hamcrest/hamcrest-all/1.3/hamcrest-all-1.3.jar:/home/user/.m2/repository/org/bouncycastle/bcprov-jdk15on/1.60/bcprov-jdk15on-1.60.jar:/home/user/.m2/repository/info/picocli/picocli/3.9.6/picocli-3.9.6.jar:/home/user/.m2/repository/com/google/protobuf/protobuf-java/2.5.0/protobuf-java-2.5.0.jar:/home/user/.m2/repository/com/google/guava/guava/11.0.2/guava-11.0.2.jar:/home/user/.m2/repository/org/apache/hadoop/hadoop-ozone-ozone-manager/0.5.0-SNAPSHOT/hadoop-ozone-ozone-manager-0.5.0-SNAPSHOT.jar:/home/user/.m2/repository/org/apache/hadoop/hadoop-minikdc/3.2.0/hadoop-minikdc-3.2.0.jar:/home/user/.m2/repository/commons-io/commons-io/2.5/commons-io-2.5.jar:/home/user/.m2/repository/org/apache/kerby/kerb-simplekdc/1.0.1/kerb-simplekdc-1.0.1.jar:/home/user/.m2/repository/org/apache/kerby/kerb-client/1.0.1/kerb-client-1.0.1.jar:/home/user/.m2/repository/org/apache/kerby/kerby-config/1.0.1/kerby-config-1.0.1.jar:/home/user/.m2/repository/org/apache/kerby/kerb-core/1.0.1/kerb-core-1.0.1.jar:/home/user/.m2/repository/org/apache/kerby/kerby-pkix/1.0.1/kerby-pkix-1.0.1.jar:/home/user/.m2/repository/org/apache/kerby/kerby-asn1/1.0.1/kerby-asn1-1.0.1.jar:/home/user/.m2/repository/org/apache/kerby/kerby-util/1.0.1/kerby-util-1.0.1.jar:/home/user/.m2/repository/org/apache/kerby/kerb-common/1.0.1/kerb-common-1.0.1.jar:/home/user/.m2/repository/org/apache/kerby/kerb-crypto/1.0.1/kerb-crypto-1.0.1.jar:/home/user/.m2/repository/org/apache/kerby/kerb-util/1.0.1/kerb-util-1.0.1.jar:/home/user/.m2/repository/org/apache/kerby/token-provider/1.0.1/token-provider-1.0.1.jar:/home/user/.m2/repository/org/apache/kerby/kerb-admin/1.0.1/kerb-admin-1.0.1.jar:/home/user/.m2/repository/org/apache/kerby/kerb-server/1.0.1/kerb-server-1.0.1.jar:/home/user/.m2/repository/org/apache/kerby/kerb-identity/1.0.1/kerb-identity-1.0.1.jar:/home/user/.m2/repository/org/apache/kerby/kerby-xdr/1.0.1/kerby-xdr-1.0.1.jar:/home/user/.m2/repository/org/slf4j/slf4j-log4j12/1.7.25/slf4j-log4j12-1.7.25.jar:/home/user/.m2/repository/org/apache/hadoop/hadoop-ozone-objectstore-service/0.5.0-SNAPSHOT/hadoop-ozone-objectstore-service-0.5.0-SNAPSHOT.jar:/home/user/.m2/repository/org/apache/hadoop/hadoop-ozone-s3gateway/0.5.0-SNAPSHOT/hadoop-ozone-s3gateway-0.5.0-SNAPSHOT.jar:/home/user/.m2/repository/org/jboss/weld/servlet/weld-servlet/2.4.7.Final/weld-servlet-2.4.7.Final.jar:/home/user/.m2/repository/org/glassfish/jersey/containers/jersey-container-servlet-core/2.27/jersey-container-servlet-core-2.27.jar:/home/user/.m2/repository/org/glassfish/hk2/external/javax.inject/2.5.0-b42/javax.inject-2.5.0-b42.jar:/home/user/.m2/repository/org/glassfish/jersey/core/jersey-common/2.27/jersey-common-2.27.jar:/home/user/.m2/repository/org/glassfish/hk2/osgi-resource-locator/1.0.1/osgi-resource-locator-1.0.1.jar:/home/user/.m2/repository/javax/ws/rs/javax.ws.rs-api/2.1/javax.ws.rs-api-2.1.jar:/home/user/.m2/repository/org/glassfish/jersey/ext/cdi/jersey-cdi1x/2.27/jersey-cdi1x-2.27.jar:/home/user/.m2/repository/org/glassfish/jersey/inject/jersey-hk2/2.27/jersey-hk2-2.27.jar:/home/user/.m2/repository/org/glassfish/hk2/hk2-locator/2.5.0-b42/hk2-locator-2.5.0-b42.jar:/home/user/.m2/repository/org/javassist/javassist/3.22.0-CR2/javassist-3.22.0-CR2.jar:/home/user/.m2/repository/org/glassfish/hk2/hk2-api/2.5.0/hk2-api-2.5.0.jar:/home/user/.m2/repository/org/glassfish/hk2/external/jakarta.inject/2.5.0/jakarta.inject-2.5.0.jar:/home/user/.m2/repository/org/glassfish/hk2/hk2-utils/2.5.0/hk2-utils-2.5.0.jar:/home/user/.m2/repository/jakarta/annotation/jakarta.annotation-api/1.3.4/jakarta.annotation-api-1.3.4.jar:/home/user/.m2/repository/org/glassfish/hk2/external/aopalliance-repackaged/2.5.0/aopalliance-repackaged-2.5.0.jar:/home/user/.m2/repository/com/fasterxml/jackson/dataformat/jackson-dataformat-xml/2.9.0/jackson-dataformat-xml-2.9.0.jar:/home/user/.m2/repository/com/fasterxml/jackson/core/jackson-core/2.9.5/jackson-core-2.9.5.jar:/home/user/.m2/repository/com/fasterxml/jackson/module/jackson-module-jaxb-annotations/2.9.5/jackson-module-jaxb-annotations-2.9.5.jar:/home/user/.m2/repository/javax/enterprise/cdi-api/1.2/cdi-api-1.2.jar:/home/user/.m2/repository/javax/el/javax.el-api/3.0.0/javax.el-api-3.0.0.jar:/home/user/.m2/repository/javax/interceptor/javax.interceptor-api/1.2/javax.interceptor-api-1.2.jar:/home/user/.m2/repository/javax/inject/javax.inject/1/javax.inject-1.jar:/home/user/.m2/repository/com/sun/xml/bind/jaxb-impl/2.3.0.1/jaxb-impl-2.3.0.1.jar:/home/user/.m2/repository/com/sun/xml/bind/jaxb-core/2.3.0.1/jaxb-core-2.3.0.1.jar:/home/user/.m2/repository/javax/xml/bind/jaxb-api/2.3.0/jaxb-api-2.3.0.jar:/home/user/.m2/repository/javax/activation/activation/1.1.1/activation-1.1.1.jar:/home/user/.m2/repository/org/apache/hadoop/hadoop-ozone-csi/0.5.0-SNAPSHOT/hadoop-ozone-csi-0.5.0-SNAPSHOT.jar:/home/user/.m2/repository/com/google/protobuf/protobuf-java-util/3.5.1/protobuf-java-util-3.5.1.jar:/home/user/.m2/repository/org/apache/hadoop/hadoop-hdds-config/0.5.0-SNAPSHOT/hadoop-hdds-config-0.5.0-SNAPSHOT.jar:/home/user/.m2/repository/io/grpc/grpc-netty/1.17.1/grpc-netty-1.17.1.jar:/home/user/.m2/repository/io/grpc/grpc-core/1.17.1/grpc-core-1.17.1.jar:/home/user/.m2/repository/io/grpc/grpc-context/1.17.1/grpc-context-1.17.1.jar:/home/user/.m2/repository/com/google/errorprone/error_prone_annotations/2.2.0/error_prone_annotations-2.2.0.jar:/home/user/.m2/repository/org/codehaus/mojo/animal-sniffer-annotations/1.17/animal-sniffer-annotations-1.17.jar:/home/user/.m2/repository/io/opencensus/opencensus-api/0.17.0/opencensus-api-0.17.0.jar:/home/user/.m2/repository/io/opencensus/opencensus-contrib-grpc-metrics/0.17.0/opencensus-contrib-grpc-metrics-0.17.0.jar:/home/user/.m2/repository/io/netty/netty-codec-http2/4.1.30.Final/netty-codec-http2-4.1.30.Final.jar:/home/user/.m2/repository/io/netty/netty-codec-http/4.1.30.Final/netty-codec-http-4.1.30.Final.jar:/home/user/.m2/repository/io/netty/netty-codec/4.1.30.Final/netty-codec-4.1.30.Final.jar:/home/user/.m2/repository/io/netty/netty-handler/4.1.30.Final/netty-handler-4.1.30.Final.jar:/home/user/.m2/repository/io/netty/netty-handler-proxy/4.1.30.Final/netty-handler-proxy-4.1.30.Final.jar:/home/user/.m2/repository/io/netty/netty-codec-socks/4.1.30.Final/netty-codec-socks-4.1.30.Final.jar:/home/user/.m2/repository/io/netty/netty-transport-native-epoll/4.1.30.Final/netty-transport-native-epoll-4.1.30.Final.jar:/home/user/.m2/repository/io/netty/netty-common/4.1.30.Final/netty-common-4.1.30.Final.jar:/home/user/.m2/repository/io/netty/netty-buffer/4.1.30.Final/netty-buffer-4.1.30.Final.jar:/home/user/.m2/repository/io/netty/netty-transport/4.1.30.Final/netty-transport-4.1.30.Final.jar:/home/user/.m2/repository/io/netty/netty-resolver/4.1.30.Final/netty-resolver-4.1.30.Final.jar:/home/user/.m2/repository/io/netty/netty-transport-native-unix-common/4.1.30.Final/netty-transport-native-unix-common-4.1.30.Final.jar:/home/user/.m2/repository/io/grpc/grpc-protobuf/1.17.1/grpc-protobuf-1.17.1.jar:/home/user/.m2/repository/com/google/api/grpc/proto-google-common-protos/1.0.0/proto-google-common-protos-1.0.0.jar:/home/user/.m2/repository/io/grpc/grpc-protobuf-lite/1.17.1/grpc-protobuf-lite-1.17.1.jar:/home/user/.m2/repository/io/grpc/grpc-stub/1.17.1/grpc-stub-1.17.1.jar:/home/user/.m2/repository/org/apache/hadoop/hadoop-ozone-recon/0.5.0-SNAPSHOT/hadoop-ozone-recon-0.5.0-SNAPSHOT.jar:/home/user/.m2/repository/org/apache/hadoop/hadoop-ozone-reconcodegen/0.5.0-SNAPSHOT/hadoop-ozone-reconcodegen-0.5.0-SNAPSHOT.jar:/home/user/.m2/repository/com/google/inject/extensions/guice-multibindings/4.0/guice-multibindings-4.0.jar:/home/user/.m2/repository/com/google/inject/guice/4.0/guice-4.0.jar:/home/user/.m2/repository/aopalliance/aopalliance/1.0/aopalliance-1.0.jar:/home/user/.m2/repository/com/google/inject/extensions/guice-servlet/4.0/guice-servlet-4.0.jar:/home/user/.m2/repository/org/glassfish/jersey/containers/jersey-container-servlet/2.27/jersey-container-servlet-2.27.jar:/home/user/.m2/repository/org/glassfish/hk2/guice-bridge/2.5.0/guice-bridge-2.5.0.jar:/home/user/.m2/repository/org/glassfish/jersey/core/jersey-server/2.27/jersey-server-2.27.jar:/home/user/.m2/repository/org/glassfish/jersey/core/jersey-client/2.27/jersey-client-2.27.jar:/home/user/.m2/repository/org/glassfish/jersey/media/jersey-media-jaxb/2.27/jersey-media-jaxb-2.27.jar:/home/user/.m2/repository/javax/validation/validation-api/1.1.0.Final/validation-api-1.1.0.Final.jar:/home/user/.m2/repository/org/glassfish/jersey/media/jersey-media-json-jackson/2.27/jersey-media-json-jackson-2.27.jar:/home/user/.m2/repository/org/glassfish/jersey/ext/jersey-entity-filtering/2.27/jersey-entity-filtering-2.27.jar:/home/user/.m2/repository/com/google/inject/extensions/guice-assistedinject/4.0/guice-assistedinject-4.0.jar:/home/user/.m2/repository/org/jooq/jooq/3.11.10/jooq-3.11.10.jar:/home/user/.m2/repository/org/jooq/jooq-meta/3.11.10/jooq-meta-3.11.10.jar:/home/user/.m2/repository/org/jooq/jooq-codegen/3.11.10/jooq-codegen-3.11.10.jar:/home/user/.m2/repository/com/jolbox/bonecp/0.8.0.RELEASE/bonecp-0.8.0.RELEASE.jar:/home/user/.m2/repository/org/xerial/sqlite-jdbc/3.25.2/sqlite-jdbc-3.25.2.jar:/home/user/.m2/repository/org/springframework/spring-jdbc/5.1.3.RELEASE/spring-jdbc-5.1.3.RELEASE.jar:/home/user/.m2/repository/org/springframework/spring-beans/5.1.3.RELEASE/spring-beans-5.1.3.RELEASE.jar:/home/user/.m2/repository/org/springframework/spring-core/5.1.3.RELEASE/spring-core-5.1.3.RELEASE.jar:/home/user/.m2/repository/org/springframework/spring-jcl/5.1.3.RELEASE/spring-jcl-5.1.3.RELEASE.jar:/home/user/.m2/repository/org/springframework/spring-tx/5.1.3.RELEASE/spring-tx-5.1.3.RELEASE.jar:/home/user/.m2/repository/org/apache/hadoop/hadoop-ozone-client/0.5.0-SNAPSHOT/hadoop-ozone-client-0.5.0-SNAPSHOT.jar:/home/user/.m2/repository/commons-lang/commons-lang/2.6/commons-lang-2.6.jar:/home/user/.m2/repository/org/apache/hadoop/hadoop-ozone-ozone-manager/0.5.0-SNAPSHOT/hadoop-ozone-ozone-manager-0.5.0-SNAPSHOT-tests.jar:/home/user/.m2/repository/junit/junit/4.11/junit-4.11.jar:/home/user/.m2/repository/org/hamcrest/hamcrest-core/1.3/hamcrest-core-1.3.jar:/home/user/.m2/repository/org/openjdk/jmh/jmh-core/1.19/jmh-core-1.19.jar:/home/user/.m2/repository/net/sf/jopt-simple/jopt-simple/4.6/jopt-simple-4.6.jar:/home/user/.m2/repository/org/apache/commons/commons-math3/3.1.1/commons-math3-3.1.1.jar:/home/user/.m2/repository/org/openjdk/jmh/jmh-generator-annprocess/1.19/jmh-generator-annprocess-1.19.jar:/home/user/.m2/repository/org/mockito/mockito-all/1.8.5/mockito-all-1.8.5.jar:/home/user/.m2/repository/org/apache/hadoop/hadoop-kms/3.2.0/hadoop-kms-3.2.0.jar:/home/user/.m2/repository/org/apache/hadoop/hadoop-auth/3.2.0/hadoop-auth-3.2.0.jar:/home/user/.m2/repository/com/nimbusds/nimbus-jose-jwt/4.41.1/nimbus-jose-jwt-4.41.1.jar:/home/user/.m2/repository/com/github/stephenc/jcip/jcip-annotations/1.0-1/jcip-annotations-1.0-1.jar:/home/user/.m2/repository/net/minidev/json-smart/2.3/json-smart-2.3.jar:/home/user/.m2/repository/net/minidev/accessors-smart/1.2/accessors-smart-1.2.jar:/home/user/.m2/repository/org/ow2/asm/asm/5.0.4/asm-5.0.4.jar:/home/user/.m2/repository/org/apache/curator/curator-framework/2.12.0/curator-framework-2.12.0.jar:/home/user/.m2/repository/com/sun/jersey/jersey-core/1.19/jersey-core-1.19.jar:/home/user/.m2/repository/javax/ws/rs/jsr311-api/1.1.1/jsr311-api-1.1.1.jar:/home/user/.m2/repository/com/sun/jersey/jersey-server/1.19/jersey-server-1.19.jar:/home/user/.m2/repository/javax/servlet/javax.servlet-api/3.1.0/javax.servlet-api-3.1.0.jar:/home/user/.m2/repository/org/eclipse/jetty/jetty-server/9.3.24.v20180605/jetty-server-9.3.24.v20180605.jar:/home/user/.m2/repository/org/eclipse/jetty/jetty-http/9.3.24.v20180605/jetty-http-9.3.24.v20180605.jar:/home/user/.m2/repository/org/eclipse/jetty/jetty-io/9.3.24.v20180605/jetty-io-9.3.24.v20180605.jar:/home/user/.m2/repository/org/eclipse/jetty/jetty-webapp/9.3.24.v20180605/jetty-webapp-9.3.24.v20180605.jar:/home/user/.m2/repository/org/eclipse/jetty/jetty-xml/9.3.24.v20180605/jetty-xml-9.3.24.v20180605.jar:/home/user/.m2/repository/log4j/log4j/1.2.17/log4j-1.2.17.jar:/home/user/.m2/repository/org/slf4j/slf4j-api/1.7.25/slf4j-api-1.7.25.jar:/home/user/.m2/repository/org/slf4j/jul-to-slf4j/1.7.25/jul-to-slf4j-1.7.25.jar:/home/user/.m2/repository/org/eclipse/jetty/jetty-util/9.3.24.v20180605/jetty-util-9.3.24.v20180605.jar:/home/user/.m2/repository/com/fasterxml/jackson/core/jackson-databind/2.9.5/jackson-databind-2.9.5.jar:/home/user/.m2/repository/org/apache/hadoop/hadoop-kms/3.2.0/hadoop-kms-3.2.0-tests.jar:/home/user/.m2/repository/org/apache/hadoop/hadoop-hdds-server-scm/0.5.0-SNAPSHOT/hadoop-hdds-server-scm-0.5.0-SNAPSHOT-tests.jar:/home/user/.m2/repository/org/apache/hadoop/hadoop-hdds-container-service/0.5.0-SNAPSHOT/hadoop-hdds-container-service-0.5.0-SNAPSHOT-tests.jar:/home/user/.m2/repository/org/yaml/snakeyaml/1.16/snakeyaml-1.16.jar:/home/user/.m2/repository/org/apache/hadoop/hadoop-common/3.2.0/hadoop-common-3.2.0-tests.jar:/home/user/.m2/repository/org/apache/hadoop/hadoop-annotations/3.2.0/hadoop-annotations-3.2.0.jar:/usr/lib/jvm/java-1.8-openjdk/jre/../lib/tools.jar:/home/user/.m2/repository/commons-cli/commons-cli/1.2/commons-cli-1.2.jar:/home/user/.m2/repository/org/apache/httpcomponents/httpclient/4.5.2/httpclient-4.5.2.jar:/home/user/.m2/repository/org/apache/httpcomponents/httpcore/4.4.4/httpcore-4.4.4.jar:/home/user/.m2/repository/commons-codec/commons-codec/1.11/commons-codec-1.11.jar:/home/user/.m2/repository/commons-net/commons-net/3.6/commons-net-3.6.jar:/home/user/.m2/repository/commons-collections/commons-collections/3.2.2/commons-collections-3.2.2.jar:/home/user/.m2/repository/org/eclipse/jetty/jetty-servlet/9.3.24.v20180605/jetty-servlet-9.3.24.v20180605.jar:/home/user/.m2/repository/org/eclipse/jetty/jetty-security/9.3.24.v20180605/jetty-security-9.3.24.v20180605.jar:/home/user/.m2/repository/javax/servlet/jsp/jsp-api/2.1/jsp-api-2.1.jar:/home/user/.m2/repository/com/sun/jersey/jersey-servlet/1.19/jersey-servlet-1.19.jar:/home/user/.m2/repository/com/sun/jersey/jersey-json/1.19/jersey-json-1.19.jar:/home/user/.m2/repository/org/codehaus/jettison/jettison/1.1/jettison-1.1.jar:/home/user/.m2/repository/org/codehaus/jackson/jackson-core-asl/1.9.13/jackson-core-asl-1.9.13.jar:/home/user/.m2/repository/org/codehaus/jackson/jackson-mapper-asl/1.9.13/jackson-mapper-asl-1.9.13.jar:/home/user/.m2/repository/org/codehaus/jackson/jackson-jaxrs/1.9.13/jackson-jaxrs-1.9.13.jar:/home/user/.m2/repository/org/codehaus/jackson/jackson-xc/1.9.13/jackson-xc-1.9.13.jar:/home/user/.m2/repository/commons-logging/commons-logging/1.1.3/commons-logging-1.1.3.jar:/home/user/.m2/repository/commons-beanutils/commons-beanutils/1.9.3/commons-beanutils-1.9.3.jar:/home/user/.m2/repository/org/apache/commons/commons-configuration2/2.1.1/commons-configuration2-2.1.1.jar:/home/user/.m2/repository/org/apache/commons/commons-lang3/3.7/commons-lang3-3.7.jar:/home/user/.m2/repository/org/apache/commons/commons-text/1.4/commons-text-1.4.jar:/home/user/.m2/repository/org/apache/avro/avro/1.7.7/avro-1.7.7.jar:/home/user/.m2/repository/com/thoughtworks/paranamer/paranamer/2.3/paranamer-2.3.jar:/home/user/.m2/repository/org/xerial/snappy/snappy-java/1.0.5/snappy-java-1.0.5.jar:/home/user/.m2/repository/com/google/re2j/re2j/1.1/re2j-1.1.jar:/home/user/.m2/repository/com/google/code/gson/gson/2.2.4/gson-2.2.4.jar:/home/user/.m2/repository/com/jcraft/jsch/0.1.54/jsch-0.1.54.jar:/home/user/.m2/repository/org/apache/curator/curator-client/2.12.0/curator-client-2.12.0.jar:/home/user/.m2/repository/org/apache/curator/curator-recipes/2.12.0/curator-recipes-2.12.0.jar:/home/user/.m2/repository/com/google/code/findbugs/jsr305/3.0.0/jsr305-3.0.0.jar:/home/user/.m2/repository/org/apache/htrace/htrace-core4/4.1.0-incubating/htrace-core4-4.1.0-incubating.jar:/home/user/.m2/repository/org/apache/zookeeper/zookeeper/3.4.13/zookeeper-3.4.13.jar:/home/user/.m2/repository/org/apache/yetus/audience-annotations/0.5.0/audience-annotations-0.5.0.jar:/home/user/.m2/repository/org/codehaus/woodstox/stax2-api/3.1.4/stax2-api-3.1.4.jar:/home/user/.m2/repository/com/fasterxml/woodstox/woodstox-core/5.0.3/woodstox-core-5.0.3.jar:/home/user/.m2/repository/dnsjava/dnsjava/2.1.7/dnsjava-2.1.7.jar:/home/user/.m2/repository/org/apache/hadoop/hadoop-hdfs/3.2.0/hadoop-hdfs-3.2.0-tests.jar:/home/user/.m2/repository/org/eclipse/jetty/jetty-util-ajax/9.3.24.v20180605/jetty-util-ajax-9.3.24.v20180605.jar:/home/user/.m2/repository/commons-daemon/commons-daemon/1.0.13/commons-daemon-1.0.13.jar:/home/user/.m2/repository/io/netty/netty/3.10.5.Final/netty-3.10.5.Final.jar:/home/user/.m2/repository/io/netty/netty-all/4.0.52.Final/netty-all-4.0.52.Final.jar:/home/user/.m2/repository/org/fusesource/leveldbjni/leveldbjni-all/1.8/leveldbjni-all-1.8.jar:"/>
    <property name="sun.cpu.endian" value="little"/>
    <property name="user.home" value="/home/user"/>
    <property name="user.language" value="en"/>
    <property name="java.specification.vendor" value="Oracle Corporation"/>
    <property name="java.home" value="/usr/lib/jvm/java-1.8-openjdk/jre"/>
    <property name="java.security.krb5.conf" value="/workdir/hadoop-ozone/integration-test/target/test-classes/krb5.conf"/>
    <property name="basedir" value="/workdir/hadoop-ozone/integration-test"/>
    <property name="file.separator" value="/"/>
    <property name="line.separator" value="&#10;"/>
    <property name="java.vm.specification.vendor" value="Oracle Corporation"/>
    <property name="java.specification.name" value="Java Platform API Specification"/>
    <property name="java.awt.graphicsenv" value="sun.awt.X11GraphicsEnvironment"/>
    <property name="surefire.real.class.path" value="/workdir/hadoop-ozone/integration-test/target/surefire/surefirebooter553332079639902768.jar"/>
    <property name="hadoop.log.dir" value="/workdir/hadoop-ozone/integration-test/target/log"/>
    <property name="sun.boot.class.path" value="/usr/lib/jvm/java-1.8-openjdk/jre/lib/resources.jar:/usr/lib/jvm/java-1.8-openjdk/jre/lib/rt.jar:/usr/lib/jvm/java-1.8-openjdk/jre/lib/sunrsasign.jar:/usr/lib/jvm/java-1.8-openjdk/jre/lib/jsse.jar:/usr/lib/jvm/java-1.8-openjdk/jre/lib/jce.jar:/usr/lib/jvm/java-1.8-openjdk/jre/lib/charsets.jar:/usr/lib/jvm/java-1.8-openjdk/jre/lib/jfr.jar:/usr/lib/jvm/java-1.8-openjdk/jre/classes"/>
    <property name="sun.management.compiler" value="HotSpot 64-Bit Tiered Compilers"/>
    <property name="java.runtime.version" value="1.8.0_212-b04"/>
    <property name="java.net.preferIPv4Stack" value="true"/>
    <property name="user.name" value="jenkins1000"/>
    <property name="path.separator" value=":"/>
    <property name="java.security.egd" value="file:///dev/urandom"/>
    <property name="os.version" value="3.10.0-957.12.2.el7.x86_64"/>
    <property name="java.endorsed.dirs" value="/usr/lib/jvm/java-1.8-openjdk/jre/lib/endorsed"/>
    <property name="java.runtime.name" value="OpenJDK Runtime Environment"/>
    <property name="file.encoding" value="UTF-8"/>
    <property name="java.vm.name" value="OpenJDK 64-Bit Server VM"/>
    <property name="test.build.webapps" value=""/>
    <property name="localRepository" value="/home/user/.m2/repository"/>
    <property name="java.vendor.url.bug" value="https://icedtea.classpath.org/bugzilla"/>
    <property name="java.io.tmpdir" value="/tmp"/>
    <property name="require.test.libhadoop" value=""/>
    <property name="java.version" value="1.8.0_212"/>
    <property name="user.dir" value="/workdir/hadoop-ozone/integration-test"/>
    <property name="os.arch" value="amd64"/>
    <property name="java.vm.specification.name" value="Java Virtual Machine Specification"/>
    <property name="test.build.classes" value="/workdir/hadoop-ozone/integration-test/target/test-classes"/>
    <property name="java.awt.printerjob" value="sun.print.PSPrinterJob"/>
    <property name="sun.os.patch.level" value="unknown"/>
    <property name="hadoop.tmp.dir" value="/workdir/hadoop-ozone/integration-test/target/tmp"/>
    <property name="java.library.path" value="/usr/lib/jvm/java-1.8-openjdk/jre/lib/amd64/server:/usr/lib/jvm/java-1.8-openjdk/jre/lib/amd64:/usr/lib/jvm/java-1.8-openjdk/jre/../lib/amd64:/workdir/hadoop-ozone/integration-test/target/native/target/usr/local/lib:/workdir/hadoop-ozone/integration-test/../../hadoop-common-project/hadoop-common/target/native/target/usr/local/lib:/usr/java/packages/lib/amd64:/usr/lib64:/lib64:/lib:/usr/lib"/>
    <property name="java.vm.info" value="mixed mode"/>
    <property name="java.vendor" value="IcedTea"/>
    <property name="java.vm.version" value="25.212-b04"/>
    <property name="java.ext.dirs" value="/usr/lib/jvm/java-1.8-openjdk/jre/lib/ext:/usr/java/packages/lib/ext"/>
    <property name="sun.io.unicode.encoding" value="UnicodeLittle"/>
    <property name="java.class.version" value="52.0"/>
  </properties>
  <testcase name="testGroupMismatchExceptionHandling" classname="org.apache.hadoop.ozone.client.rpc.TestOzoneClientRetriesOnException" time="50.424"/>
  <testcase name="testMaxRetriesByOzoneClient" classname="org.apache.hadoop.ozone.client.rpc.TestOzoneClientRetriesOnException" time="334.821">
    <error message="Failed to command cmdType: CreateContainer&#10;containerID: 1&#10;datanodeUuid: &quot;41b9b824-85d6-416a-bf4a-c5cccd6fce1e&quot;&#10;createContainer {&#10;}&#10;" type="java.io.IOException">java.io.IOException: 
Failed to command cmdType: CreateContainer
containerID: 1
datanodeUuid: "41b9b824-85d6-416a-bf4a-c5cccd6fce1e"
createContainer {
}

	at org.apache.hadoop.hdds.scm.XceiverClientSpi.sendCommand(XceiverClientSpi.java:113)
	at org.apache.hadoop.ozone.client.rpc.TestOzoneClientRetriesOnException.testMaxRetriesByOzoneClient(TestOzoneClientRetriesOnException.java:190)
	at sun.reflect.NativeMethodAccessorImpl.invoke0(Native Method)
	at sun.reflect.NativeMethodAccessorImpl.invoke(NativeMethodAccessorImpl.java:62)
	at sun.reflect.DelegatingMethodAccessorImpl.invoke(DelegatingMethodAccessorImpl.java:43)
	at java.lang.reflect.Method.invoke(Method.java:498)
	at org.junit.runners.model.FrameworkMethod$1.runReflectiveCall(FrameworkMethod.java:47)
	at org.junit.internal.runners.model.ReflectiveCallable.run(ReflectiveCallable.java:12)
	at org.junit.runners.model.FrameworkMethod.invokeExplosively(FrameworkMethod.java:44)
	at org.junit.internal.runners.statements.InvokeMethod.evaluate(InvokeMethod.java:17)
	at org.junit.internal.runners.statements.RunBefores.evaluate(RunBefores.java:26)
	at org.junit.internal.runners.statements.RunAfters.evaluate(RunAfters.java:27)
	at org.junit.runners.ParentRunner.runLeaf(ParentRunner.java:271)
	at org.junit.runners.BlockJUnit4ClassRunner.runChild(BlockJUnit4ClassRunner.java:70)
	at org.junit.runners.BlockJUnit4ClassRunner.runChild(BlockJUnit4ClassRunner.java:50)
	at org.junit.runners.ParentRunner$3.run(ParentRunner.java:238)
	at org.junit.runners.ParentRunner$1.schedule(ParentRunner.java:63)
	at org.junit.runners.ParentRunner.runChildren(ParentRunner.java:236)
	at org.junit.runners.ParentRunner.access$000(ParentRunner.java:53)
	at org.junit.runners.ParentRunner$2.evaluate(ParentRunner.java:229)
	at org.junit.runners.ParentRunner.run(ParentRunner.java:309)
	at org.apache.maven.surefire.junit4.JUnit4Provider.execute(JUnit4Provider.java:365)
	at org.apache.maven.surefire.junit4.JUnit4Provider.executeWithRerun(JUnit4Provider.java:273)
	at org.apache.maven.surefire.junit4.JUnit4Provider.executeTestSet(JUnit4Provider.java:238)
	at org.apache.maven.surefire.junit4.JUnit4Provider.invoke(JUnit4Provider.java:159)
	at org.apache.maven.surefire.booter.ForkedBooter.invokeProviderInSameClassLoader(ForkedBooter.java:384)
	at org.apache.maven.surefire.booter.ForkedBooter.runSuitesInProcess(ForkedBooter.java:345)
	at org.apache.maven.surefire.booter.ForkedBooter.execute(ForkedBooter.java:126)
	at org.apache.maven.surefire.booter.ForkedBooter.main(ForkedBooter.java:418)
Caused by: java.util.concurrent.ExecutionException: org.apache.ratis.protocol.RaftRetryFailureException: Failed RaftClientRequest:client-E82DA6E02431->ce3b71d6-803c-4999-98a7-ed3c8197db33@group-73033864ACD7, cid=45, seq=4*, RW, org.apache.hadoop.hdds.scm.XceiverClientRatis$$Lambda$315/819790006@7a84234e for 180 attempts with RetryLimited(maxAttempts=180, sleepTime=1000ms)
	at java.util.concurrent.CompletableFuture.reportGet(CompletableFuture.java:357)
	at java.util.concurrent.CompletableFuture.get(CompletableFuture.java:1895)
	at org.apache.hadoop.hdds.scm.XceiverClientSpi.sendCommand(XceiverClientSpi.java:110)
	... 28 more
Caused by: org.apache.ratis.protocol.RaftRetryFailureException: Failed RaftClientRequest:client-E82DA6E02431->ce3b71d6-803c-4999-98a7-ed3c8197db33@group-73033864ACD7, cid=45, seq=4*, RW, org.apache.hadoop.hdds.scm.XceiverClientRatis$$Lambda$315/819790006@7a84234e for 180 attempts with RetryLimited(maxAttempts=180, sleepTime=1000ms)
	at org.apache.ratis.client.impl.RaftClientImpl.noMoreRetries(RaftClientImpl.java:272)
	at org.apache.ratis.client.impl.OrderedAsync.handleAsyncRetryFailure(OrderedAsync.java:138)
	at org.apache.ratis.client.impl.OrderedAsync.lambda$sendRequest$10(OrderedAsync.java:230)
	at java.util.concurrent.CompletableFuture.uniExceptionally(CompletableFuture.java:870)
	at java.util.concurrent.CompletableFuture$UniExceptionally.tryFire(CompletableFuture.java:852)
	at java.util.concurrent.CompletableFuture.postComplete(CompletableFuture.java:474)
	at java.util.concurrent.CompletableFuture.completeExceptionally(CompletableFuture.java:1977)
	at org.apache.ratis.grpc.client.GrpcClientProtocolClient$AsyncStreamObservers.completeReplyExceptionally(GrpcClientProtocolClient.java:330)
	at org.apache.ratis.grpc.client.GrpcClientProtocolClient$AsyncStreamObservers.access$000(GrpcClientProtocolClient.java:246)
	at org.apache.ratis.grpc.client.GrpcClientProtocolClient$AsyncStreamObservers$1.onNext(GrpcClientProtocolClient.java:258)
	at org.apache.ratis.grpc.client.GrpcClientProtocolClient$AsyncStreamObservers$1.onNext(GrpcClientProtocolClient.java:249)
	at org.apache.ratis.thirdparty.io.grpc.stub.ClientCalls$StreamObserverToCallListenerAdapter.onMessage(ClientCalls.java:421)
	at org.apache.ratis.thirdparty.io.grpc.ForwardingClientCallListener.onMessage(ForwardingClientCallListener.java:33)
	at org.apache.ratis.thirdparty.io.grpc.ForwardingClientCallListener.onMessage(ForwardingClientCallListener.java:33)
	at org.apache.ratis.thirdparty.io.grpc.internal.ClientCallImpl$ClientStreamListenerImpl$1MessagesAvailable.runInContext(ClientCallImpl.java:519)
	at org.apache.ratis.thirdparty.io.grpc.internal.ContextRunnable.run(ContextRunnable.java:37)
	at org.apache.ratis.thirdparty.io.grpc.internal.SerializingExecutor.run(SerializingExecutor.java:123)
	at java.util.concurrent.ThreadPoolExecutor.runWorker(ThreadPoolExecutor.java:1149)
	at java.util.concurrent.ThreadPoolExecutor$Worker.run(ThreadPoolExecutor.java:624)
	at java.lang.Thread.run(Thread.java:748)
Caused by: org.apache.ratis.protocol.NotLeaderException: Server ce3b71d6-803c-4999-98a7-ed3c8197db33 is not the leader (06d76673-acfc-4852-ba17-8edfd4d37f5d:192.168.69.105:42001). Request must be sent to leader.
	at org.apache.ratis.client.impl.ClientProtoUtils.toRaftClientReply(ClientProtoUtils.java:242)
	at org.apache.ratis.grpc.client.GrpcClientProtocolClient$AsyncStreamObservers$1.onNext(GrpcClientProtocolClient.java:254)
	... 10 more
</error>
    <system-out><![CDATA[2019-08-23 09:11:42,994 [main] WARN  server.ServerUtils (ServerUtils.java:getScmDbDir(145)) - ozone.scm.db.dirs is not configured. We recommend adding this setting. Falling back to ozone.metadata.dirs instead.
2019-08-23 09:11:43,020 [main] WARN  server.ServerUtils (ServerUtils.java:getScmDbDir(145)) - ozone.scm.db.dirs is not configured. We recommend adding this setting. Falling back to ozone.metadata.dirs instead.
2019-08-23 09:11:43,021 [main] WARN  server.ServerUtils (ServerUtils.java:getScmDbDir(145)) - ozone.scm.db.dirs is not configured. We recommend adding this setting. Falling back to ozone.metadata.dirs instead.
2019-08-23 09:11:43,021 [main] INFO  db.DBStoreBuilder (DBStoreBuilder.java:addTable(110)) - using custom profile for table: deletedBlocks
2019-08-23 09:11:43,022 [main] INFO  db.DBStoreBuilder (DBStoreBuilder.java:processTables(161)) - Using default column profile:DBProfile.DISK for Table:deletedBlocks
2019-08-23 09:11:43,022 [main] INFO  db.DBStoreBuilder (DBStoreBuilder.java:addTable(110)) - using custom profile for table: validCerts
2019-08-23 09:11:43,022 [main] INFO  db.DBStoreBuilder (DBStoreBuilder.java:processTables(161)) - Using default column profile:DBProfile.DISK for Table:validCerts
2019-08-23 09:11:43,022 [main] INFO  db.DBStoreBuilder (DBStoreBuilder.java:addTable(110)) - using custom profile for table: revokedCerts
2019-08-23 09:11:43,022 [main] INFO  db.DBStoreBuilder (DBStoreBuilder.java:processTables(161)) - Using default column profile:DBProfile.DISK for Table:revokedCerts
2019-08-23 09:11:43,023 [main] INFO  db.DBStoreBuilder (DBStoreBuilder.java:addTable(110)) - using custom profile for table: default
2019-08-23 09:11:43,023 [main] INFO  db.DBStoreBuilder (DBStoreBuilder.java:processTables(167)) - Using default column profile:DBProfile.DISK for Table:default
2019-08-23 09:11:43,023 [main] INFO  db.DBStoreBuilder (DBStoreBuilder.java:getDbProfile(198)) - Using default options. DBProfile.DISK
2019-08-23 09:11:43,207 [main] INFO  net.NodeSchemaLoader (NodeSchemaLoader.java:loadSchemaFromFile(125)) - Loading file from sun.misc.CompoundEnumeration@79604abe
2019-08-23 09:11:43,207 [main] INFO  net.NodeSchemaLoader (NodeSchemaLoader.java:loadSchema(171)) - Loading network topology layer schema file
2019-08-23 09:11:43,215 [main] WARN  server.ServerUtils (ServerUtils.java:sanitizeUserArgs(70)) - ozone.scm.stale.node.interval value = 300000 is larger than max = 100000 based on the key value of ozone.scm.heartbeat.thread.interval, reset to the max value 100000.
2019-08-23 09:11:43,215 [main] WARN  server.ServerUtils (ServerUtils.java:sanitizeUserArgs(70)) - ozone.scm.stale.node.interval value = 300000 is larger than max = 100000 based on the key value of ozone.scm.heartbeat.thread.interval, reset to the max value 100000.
2019-08-23 09:11:43,216 [main] INFO  node.SCMNodeManager (SCMNodeManager.java:<init>(121)) - Entering startup safe mode.
2019-08-23 09:11:43,217 [main] INFO  algorithms.ContainerPlacementPolicyFactory (ContainerPlacementPolicyFactory.java:getPolicy(55)) - Create container placement policy of type org.apache.hadoop.hdds.scm.container.placement.algorithms.SCMContainerPlacementRandom
2019-08-23 09:11:43,217 [main] WARN  server.ServerUtils (ServerUtils.java:getScmDbDir(145)) - ozone.scm.db.dirs is not configured. We recommend adding this setting. Falling back to ozone.metadata.dirs instead.
2019-08-23 09:11:43,269 [main] INFO  pipeline.SCMPipelineManager (SCMPipelineManager.java:initializePipelineState(126)) - No pipeline exists in current db
2019-08-23 09:11:43,269 [main] WARN  server.ServerUtils (ServerUtils.java:getScmDbDir(145)) - ozone.scm.db.dirs is not configured. We recommend adding this setting. Falling back to ozone.metadata.dirs instead.
2019-08-23 09:11:43,327 [main] WARN  events.EventQueue (EventQueue.java:fireEvent(175)) - No event handler registered for event TypedEvent{payloadType=SafeModeStatus, name='SafeModeStatus'}
2019-08-23 09:11:43,328 [main] INFO  ipc.CallQueueManager (CallQueueManager.java:<init>(84)) - Using callQueue: class java.util.concurrent.LinkedBlockingQueue, queueCapacity: 2000, scheduler: class org.apache.hadoop.ipc.DefaultRpcScheduler, ipcBackoff: false.
2019-08-23 09:11:43,330 [Socket Reader #1 for port 46524] INFO  ipc.Server (Server.java:run(1074)) - Starting Socket Reader #1 for port 46524
2019-08-23 09:11:43,332 [main] INFO  ipc.CallQueueManager (CallQueueManager.java:<init>(84)) - Using callQueue: class java.util.concurrent.LinkedBlockingQueue, queueCapacity: 2000, scheduler: class org.apache.hadoop.ipc.DefaultRpcScheduler, ipcBackoff: false.
2019-08-23 09:11:43,334 [Socket Reader #1 for port 40944] INFO  ipc.Server (Server.java:run(1074)) - Starting Socket Reader #1 for port 40944
2019-08-23 09:11:43,336 [main] INFO  ipc.CallQueueManager (CallQueueManager.java:<init>(84)) - Using callQueue: class java.util.concurrent.LinkedBlockingQueue, queueCapacity: 2000, scheduler: class org.apache.hadoop.ipc.DefaultRpcScheduler, ipcBackoff: false.
2019-08-23 09:11:43,337 [Socket Reader #1 for port 34425] INFO  ipc.Server (Server.java:run(1074)) - Starting Socket Reader #1 for port 34425
2019-08-23 09:11:43,340 [main] INFO  hdfs.DFSUtil (DFSUtil.java:httpServerTemplateForNNAndJN(1641)) - Starting Web-server for scm at: http://0.0.0.0:0
2019-08-23 09:11:43,343 [main] INFO  server.AuthenticationFilter (AuthenticationFilter.java:constructSecretProvider(240)) - Unable to initialize FileSignerSecretProvider, falling back to use random secrets.
2019-08-23 09:11:43,344 [main] WARN  http.HttpRequestLog (HttpRequestLog.java:getRequestLog(97)) - Jetty request log can only be enabled using Log4j
2019-08-23 09:11:43,347 [main] INFO  http.HttpServer2 (HttpServer2.java:addGlobalFilter(975)) - Added global filter 'safety' (class=org.apache.hadoop.http.HttpServer2$QuotingInputFilter)
2019-08-23 09:11:43,349 [main] INFO  http.HttpServer2 (HttpServer2.java:addFilter(948)) - Added filter static_user_filter (class=org.apache.hadoop.http.lib.StaticUserWebFilter$StaticUserFilter) to context scm
2019-08-23 09:11:43,349 [main] INFO  http.HttpServer2 (HttpServer2.java:addFilter(958)) - Added filter static_user_filter (class=org.apache.hadoop.http.lib.StaticUserWebFilter$StaticUserFilter) to context static
2019-08-23 09:11:43,349 [main] INFO  http.HttpServer2 (HttpServer2.java:addFilter(958)) - Added filter static_user_filter (class=org.apache.hadoop.http.lib.StaticUserWebFilter$StaticUserFilter) to context logs
2019-08-23 09:11:43,353 [main] INFO  server.StorageContainerManager (StorageContainerManager.java:start(759)) - StorageContainerLocationProtocol RPC server is listening at /0.0.0.0:34425
2019-08-23 09:11:43,357 [main] WARN  impl.MetricsConfig (MetricsConfig.java:loadFirst(134)) - Cannot locate configuration: tried hadoop-metrics2-storagecontainermanager.properties,hadoop-metrics2.properties
2019-08-23 09:11:43,358 [main] INFO  impl.MetricsSystemImpl (MetricsSystemImpl.java:startTimer(374)) - Scheduled Metric snapshot period at 10 second(s).
2019-08-23 09:11:43,358 [main] INFO  impl.MetricsSystemImpl (MetricsSystemImpl.java:start(191)) - StorageContainerManager metrics system started
2019-08-23 09:11:43,433 [main] INFO  server.SCMClientProtocolServer (SCMClientProtocolServer.java:start(151)) - RPC server for Client  is listening at /0.0.0.0:34425
2019-08-23 09:11:43,434 [IPC Server Responder] INFO  ipc.Server (Server.java:run(1314)) - IPC Server Responder: starting
2019-08-23 09:11:43,434 [IPC Server listener on 34425] INFO  ipc.Server (Server.java:run(1153)) - IPC Server listener on 34425: starting
2019-08-23 09:11:43,438 [main] INFO  server.StorageContainerManager (StorageContainerManager.java:start(769)) - ScmBlockLocationProtocol RPC server is listening at /0.0.0.0:40944
2019-08-23 09:11:43,438 [main] INFO  server.SCMBlockProtocolServer (SCMBlockProtocolServer.java:start(140)) - RPC server for Block Protocol is listening at /0.0.0.0:40944
2019-08-23 09:11:43,439 [IPC Server Responder] INFO  ipc.Server (Server.java:run(1314)) - IPC Server Responder: starting
2019-08-23 09:11:43,439 [IPC Server listener on 40944] INFO  ipc.Server (Server.java:run(1153)) - IPC Server listener on 40944: starting
2019-08-23 09:11:43,443 [main] INFO  server.StorageContainerManager (StorageContainerManager.java:start(773)) - ScmDatanodeProtocl RPC server is listening at /0.0.0.0:46524
2019-08-23 09:11:43,443 [main] INFO  server.SCMDatanodeProtocolServer (SCMDatanodeProtocolServer.java:start(191)) - RPC server for DataNodes is listening at /0.0.0.0:46524
2019-08-23 09:11:43,443 [IPC Server Responder] INFO  ipc.Server (Server.java:run(1314)) - IPC Server Responder: starting
2019-08-23 09:11:43,444 [IPC Server listener on 46524] INFO  ipc.Server (Server.java:run(1153)) - IPC Server listener on 46524: starting
2019-08-23 09:11:43,448 [main] INFO  http.HttpServer2 (HttpServer2.java:bindListener(1191)) - Jetty bound to port 35537
2019-08-23 09:11:43,448 [main] INFO  server.Server (Server.java:doStart(351)) - jetty-9.3.24.v20180605, build timestamp: 2018-06-05T17:11:56Z, git hash: 84205aa28f11a4f31f2a3b86d1bba2cc8ab69827
2019-08-23 09:11:43,450 [main] INFO  handler.ContextHandler (ContextHandler.java:doStart(781)) - Started o.e.j.s.ServletContextHandler@17c53dfb{/logs,file:///workdir/hadoop-ozone/integration-test/target/log,AVAILABLE}
2019-08-23 09:11:43,451 [main] INFO  handler.ContextHandler (ContextHandler.java:doStart(781)) - Started o.e.j.s.ServletContextHandler@efe49ab{/static,file:///workdir/hadoop-ozone/integration-test/target/test-classes/webapps/static,AVAILABLE}
2019-08-23 09:11:43,456 [main] INFO  handler.ContextHandler (ContextHandler.java:doStart(781)) - Started o.e.j.w.WebAppContext@786ff0ea{/,file:///workdir/hadoop-ozone/integration-test/target/test-classes/webapps/scm/,AVAILABLE}{/scm}
2019-08-23 09:11:43,457 [main] INFO  server.AbstractConnector (AbstractConnector.java:doStart(278)) - Started ServerConnector@15186ce0{HTTP/1.1,[http/1.1]}{0.0.0.0:35537}
2019-08-23 09:11:43,458 [main] INFO  server.Server (Server.java:doStart(419)) - Started @51514ms
2019-08-23 09:11:43,459 [main] INFO  server.BaseHttpServer (BaseHttpServer.java:updateConnectorAddress(213)) - HTTP server of SCM is listening at http://0.0.0.0:35537
2019-08-23 09:11:43,461 [main] WARN  server.ServerUtils (ServerUtils.java:getDBPath(222)) - ozone.om.db.dirs is not configured. We recommend adding this setting. Falling back to ozone.metadata.dirs instead.
2019-08-23 09:11:43,461 [org.apache.hadoop.util.JvmPauseMonitor$Monitor@75dd0f94] INFO  util.JvmPauseMonitor (JvmPauseMonitor.java:run(188)) - Starting JVM pause monitor
2019-08-23 09:11:43,475 [main] WARN  server.ServerUtils (ServerUtils.java:getDBPath(222)) - ozone.om.db.dirs is not configured. We recommend adding this setting. Falling back to ozone.metadata.dirs instead.
2019-08-23 09:11:43,475 [main] WARN  server.ServerUtils (ServerUtils.java:getDBPath(222)) - ozone.om.db.dirs is not configured. We recommend adding this setting. Falling back to ozone.metadata.dirs instead.
2019-08-23 09:11:43,476 [main] INFO  om.OzoneManager (OzoneManager.java:setOMNodeDetails(648)) - OM Service ID is not set. Setting it to the default ID: omServiceIdDefault
2019-08-23 09:11:43,476 [main] INFO  om.OzoneManager (OzoneManager.java:setOMNodeDetails(654)) - OM Node ID is not set. Setting it to the OmStorage's OmID: 4beed75c-77d1-40c9-b878-cb2fe9ca0419
2019-08-23 09:11:43,477 [main] INFO  om.OzoneManager (OzoneManager.java:loadOMHAConfigs(605)) - Found matching OM address with OMServiceId: null, OMNodeId: null, RPC Address: localhost:0 and Ratis port: 9872
2019-08-23 09:11:43,483 | INFO  | SCMAudit | user=jenkins1000 | ip=192.168.69.105 | op=GET_SCM_INFO null | ret=SUCCESS |  
2019-08-23 09:11:43,487 [main] WARN  server.ServerUtils (ServerUtils.java:getDBPath(222)) - ozone.om.db.dirs is not configured. We recommend adding this setting. Falling back to ozone.metadata.dirs instead.
2019-08-23 09:11:43,487 [main] INFO  db.DBStoreBuilder (DBStoreBuilder.java:addTable(110)) - using custom profile for table: userTable
2019-08-23 09:11:43,487 [main] INFO  db.DBStoreBuilder (DBStoreBuilder.java:processTables(161)) - Using default column profile:DBProfile.DISK for Table:userTable
2019-08-23 09:11:43,488 [main] INFO  db.DBStoreBuilder (DBStoreBuilder.java:addTable(110)) - using custom profile for table: volumeTable
2019-08-23 09:11:43,488 [main] INFO  db.DBStoreBuilder (DBStoreBuilder.java:processTables(161)) - Using default column profile:DBProfile.DISK for Table:volumeTable
2019-08-23 09:11:43,488 [main] INFO  db.DBStoreBuilder (DBStoreBuilder.java:addTable(110)) - using custom profile for table: bucketTable
2019-08-23 09:11:43,489 [main] INFO  db.DBStoreBuilder (DBStoreBuilder.java:processTables(161)) - Using default column profile:DBProfile.DISK for Table:bucketTable
2019-08-23 09:11:43,489 [main] INFO  db.DBStoreBuilder (DBStoreBuilder.java:addTable(110)) - using custom profile for table: keyTable
2019-08-23 09:11:43,489 [main] INFO  db.DBStoreBuilder (DBStoreBuilder.java:processTables(161)) - Using default column profile:DBProfile.DISK for Table:keyTable
2019-08-23 09:11:43,490 [main] INFO  db.DBStoreBuilder (DBStoreBuilder.java:addTable(110)) - using custom profile for table: deletedTable
2019-08-23 09:11:43,490 [main] INFO  db.DBStoreBuilder (DBStoreBuilder.java:processTables(161)) - Using default column profile:DBProfile.DISK for Table:deletedTable
2019-08-23 09:11:43,490 [main] INFO  db.DBStoreBuilder (DBStoreBuilder.java:addTable(110)) - using custom profile for table: openKeyTable
2019-08-23 09:11:43,490 [main] INFO  db.DBStoreBuilder (DBStoreBuilder.java:processTables(161)) - Using default column profile:DBProfile.DISK for Table:openKeyTable
2019-08-23 09:11:43,491 [main] INFO  db.DBStoreBuilder (DBStoreBuilder.java:addTable(110)) - using custom profile for table: s3Table
2019-08-23 09:11:43,491 [main] INFO  db.DBStoreBuilder (DBStoreBuilder.java:processTables(161)) - Using default column profile:DBProfile.DISK for Table:s3Table
2019-08-23 09:11:43,491 [main] INFO  db.DBStoreBuilder (DBStoreBuilder.java:addTable(110)) - using custom profile for table: multipartInfoTable
2019-08-23 09:11:43,492 [main] INFO  db.DBStoreBuilder (DBStoreBuilder.java:processTables(161)) - Using default column profile:DBProfile.DISK for Table:multipartInfoTable
2019-08-23 09:11:43,492 [main] INFO  db.DBStoreBuilder (DBStoreBuilder.java:addTable(110)) - using custom profile for table: dTokenTable
2019-08-23 09:11:43,492 [main] INFO  db.DBStoreBuilder (DBStoreBuilder.java:processTables(161)) - Using default column profile:DBProfile.DISK for Table:dTokenTable
2019-08-23 09:11:43,493 [main] INFO  db.DBStoreBuilder (DBStoreBuilder.java:addTable(110)) - using custom profile for table: s3SecretTable
2019-08-23 09:11:43,493 [main] INFO  db.DBStoreBuilder (DBStoreBuilder.java:processTables(161)) - Using default column profile:DBProfile.DISK for Table:s3SecretTable
2019-08-23 09:11:43,493 [main] INFO  db.DBStoreBuilder (DBStoreBuilder.java:addTable(110)) - using custom profile for table: prefixTable
2019-08-23 09:11:43,493 [main] INFO  db.DBStoreBuilder (DBStoreBuilder.java:processTables(161)) - Using default column profile:DBProfile.DISK for Table:prefixTable
2019-08-23 09:11:43,494 [main] INFO  db.DBStoreBuilder (DBStoreBuilder.java:addTable(110)) - using custom profile for table: default
2019-08-23 09:11:43,494 [main] INFO  db.DBStoreBuilder (DBStoreBuilder.java:processTables(167)) - Using default column profile:DBProfile.DISK for Table:default
2019-08-23 09:11:43,494 [main] INFO  db.DBStoreBuilder (DBStoreBuilder.java:getDbProfile(198)) - Using default options. DBProfile.DISK
2019-08-23 09:11:44,003 [main] INFO  ipc.CallQueueManager (CallQueueManager.java:<init>(84)) - Using callQueue: class java.util.concurrent.LinkedBlockingQueue, queueCapacity: 2000, scheduler: class org.apache.hadoop.ipc.DefaultRpcScheduler, ipcBackoff: false.
2019-08-23 09:11:44,004 [Socket Reader #1 for port 37654] INFO  ipc.Server (Server.java:run(1074)) - Starting Socket Reader #1 for port 37654
2019-08-23 09:11:44,018 [main] INFO  om.OzoneManager (OzoneManager.java:start(1259)) - OzoneManager RPC server is listening at localhost/127.0.0.1:37654
2019-08-23 09:11:44,018 [main] INFO  impl.MetricsSystemImpl (MetricsSystemImpl.java:init(158)) - OzoneManager metrics system started (again)
2019-08-23 09:11:44,019 [IPC Server Responder] INFO  ipc.Server (Server.java:run(1314)) - IPC Server Responder: starting
2019-08-23 09:11:44,019 [IPC Server listener on 37654] INFO  ipc.Server (Server.java:run(1153)) - IPC Server listener on 37654: starting
2019-08-23 09:11:44,026 [main] INFO  hdfs.DFSUtil (DFSUtil.java:httpServerTemplateForNNAndJN(1641)) - Starting Web-server for ozoneManager at: http://0.0.0.0:0
2019-08-23 09:11:44,027 [main] INFO  server.AuthenticationFilter (AuthenticationFilter.java:constructSecretProvider(240)) - Unable to initialize FileSignerSecretProvider, falling back to use random secrets.
2019-08-23 09:11:44,028 [main] WARN  http.HttpRequestLog (HttpRequestLog.java:getRequestLog(97)) - Jetty request log can only be enabled using Log4j
2019-08-23 09:11:44,029 [main] INFO  http.HttpServer2 (HttpServer2.java:addGlobalFilter(975)) - Added global filter 'safety' (class=org.apache.hadoop.http.HttpServer2$QuotingInputFilter)
2019-08-23 09:11:44,031 [main] INFO  http.HttpServer2 (HttpServer2.java:addFilter(948)) - Added filter static_user_filter (class=org.apache.hadoop.http.lib.StaticUserWebFilter$StaticUserFilter) to context ozoneManager
2019-08-23 09:11:44,031 [main] INFO  http.HttpServer2 (HttpServer2.java:addFilter(958)) - Added filter static_user_filter (class=org.apache.hadoop.http.lib.StaticUserWebFilter$StaticUserFilter) to context logs
2019-08-23 09:11:44,031 [main] INFO  http.HttpServer2 (HttpServer2.java:addFilter(958)) - Added filter static_user_filter (class=org.apache.hadoop.http.lib.StaticUserWebFilter$StaticUserFilter) to context static
2019-08-23 09:11:44,032 [main] INFO  http.HttpServer2 (HttpServer2.java:bindListener(1191)) - Jetty bound to port 45308
2019-08-23 09:11:44,032 [main] INFO  server.Server (Server.java:doStart(351)) - jetty-9.3.24.v20180605, build timestamp: 2018-06-05T17:11:56Z, git hash: 84205aa28f11a4f31f2a3b86d1bba2cc8ab69827
2019-08-23 09:11:44,034 [main] INFO  handler.ContextHandler (ContextHandler.java:doStart(781)) - Started o.e.j.s.ServletContextHandler@42ecc554{/logs,file:///workdir/hadoop-ozone/integration-test/target/log,AVAILABLE}
2019-08-23 09:11:44,035 [main] INFO  handler.ContextHandler (ContextHandler.java:doStart(781)) - Started o.e.j.s.ServletContextHandler@734f8317{/static,file:///workdir/hadoop-ozone/integration-test/target/test-classes/webapps/static,AVAILABLE}
2019-08-23 09:11:44,039 [main] INFO  handler.ContextHandler (ContextHandler.java:doStart(781)) - Started o.e.j.w.WebAppContext@502c087e{/,file:///workdir/hadoop-ozone/integration-test/target/test-classes/webapps/ozoneManager/,AVAILABLE}{/ozoneManager}
2019-08-23 09:11:44,040 [main] INFO  server.AbstractConnector (AbstractConnector.java:doStart(278)) - Started ServerConnector@49986178{HTTP/1.1,[http/1.1]}{0.0.0.0:45308}
2019-08-23 09:11:44,041 [main] INFO  server.Server (Server.java:doStart(419)) - Started @52097ms
2019-08-23 09:11:44,042 [main] INFO  server.BaseHttpServer (BaseHttpServer.java:updateConnectorAddress(213)) - HTTP server of OZONEMANAGER is listening at http://0.0.0.0:45308
2019-08-23 09:11:44,057 [main] INFO  impl.MetricsSystemImpl (MetricsSystemImpl.java:init(158)) - HddsDatanode metrics system started (again)
2019-08-23 09:11:44,060 [main] INFO  ozone.HddsDatanodeService (HddsDatanodeService.java:start(184)) - HddsDatanodeService host:pr-hdds-1094-nn687-1629055932 ip:192.168.69.105
2019-08-23 09:11:44,068 [main] INFO  volume.HddsVolume (HddsVolume.java:<init>(176)) - Creating Volume: /workdir/hadoop-ozone/integration-test/target/test-dir/MiniOzoneClusterImpl-46891ce3-8eb0-4315-8db6-3822c3bd7dcf/datanode-0/data/containers/hdds of  storage type : DISK and capacity : 1482555576320
2019-08-23 09:11:44,068 [main] INFO  volume.VolumeSet (VolumeSet.java:initializeVolumeSet(170)) - Added Volume : /workdir/hadoop-ozone/integration-test/target/test-dir/MiniOzoneClusterImpl-46891ce3-8eb0-4315-8db6-3822c3bd7dcf/datanode-0/data/containers/hdds to VolumeSet
2019-08-23 09:11:44,068 [main] INFO  volume.ThrottledAsyncChecker (ThrottledAsyncChecker.java:schedule(140)) - Scheduling a check for org.apache.hadoop.ozone.container.common.volume.HddsVolume@3ae2702a
2019-08-23 09:11:44,069 [main] INFO  volume.HddsVolumeChecker (HddsVolumeChecker.java:checkAllVolumes(203)) - Scheduled health check for volume org.apache.hadoop.ozone.container.common.volume.HddsVolume@3ae2702a
2019-08-23 09:11:44,084 [main] INFO  impl.RaftServerProxy (ConfUtils.java:logGet(43)) - raft.rpc.type = GRPC (default)
2019-08-23 09:11:44,084 [main] INFO  grpc.GrpcFactory (GrpcFactory.java:checkPooledByteBufAllocatorUseCacheForAllThreads(45)) - PERFORMANCE WARNING: useCacheForAllThreads is true that may cause Netty to create a lot garbage objects and, as a result, trigger GC.
	It is recommended to disable useCacheForAllThreads by setting -Dorg.apache.ratis.thirdparty.io.netty.allocator.useCacheForAllThreads=false in command line.
2019-08-23 09:11:44,084 [main] INFO  grpc.GrpcConfigKeys$Server (ConfUtils.java:logGet(43)) - raft.grpc.server.port = 0 (default)
2019-08-23 09:11:44,084 [main] INFO  server.GrpcService (ConfUtils.java:logGet(43)) - raft.grpc.message.size.max = 33570816 (custom)
2019-08-23 09:11:44,085 [main] INFO  server.RaftServerConfigKeys (ConfUtils.java:logGet(43)) - raft.server.log.appender.buffer.byte-limit = 33554432 (custom)
2019-08-23 09:11:44,085 [main] INFO  server.GrpcService (ConfUtils.java:logGet(43)) - raft.grpc.flow.control.window = 1MB (=1048576) (default)
2019-08-23 09:11:44,085 [main] INFO  server.RaftServerConfigKeys (ConfUtils.java:logGet(43)) - raft.server.rpc.request.timeout = 3000ms (default)
2019-08-23 09:11:44,086 [main] INFO  server.RaftServerConfigKeys (ConfUtils.java:logGet(43)) - raft.server.storage.dir = [/workdir/hadoop-ozone/integration-test/target/test-dir/MiniOzoneClusterImpl-46891ce3-8eb0-4315-8db6-3822c3bd7dcf/datanode-0/data/ratis] (custom)
2019-08-23 09:11:44,086 [main] INFO  replication.SimpleContainerDownloader (SimpleContainerDownloader.java:<init>(72)) - Starting container downloader service to copy containers to replicate.
2019-08-23 09:11:44,087 [main] INFO  hdfs.DFSUtil (DFSUtil.java:httpServerTemplateForNNAndJN(1641)) - Starting Web-server for hddsDatanode at: http://0.0.0.0:0
2019-08-23 09:11:44,088 [main] INFO  server.AuthenticationFilter (AuthenticationFilter.java:constructSecretProvider(240)) - Unable to initialize FileSignerSecretProvider, falling back to use random secrets.
2019-08-23 09:11:44,089 [main] WARN  http.HttpRequestLog (HttpRequestLog.java:getRequestLog(97)) - Jetty request log can only be enabled using Log4j
2019-08-23 09:11:44,090 [main] INFO  http.HttpServer2 (HttpServer2.java:addGlobalFilter(975)) - Added global filter 'safety' (class=org.apache.hadoop.http.HttpServer2$QuotingInputFilter)
2019-08-23 09:11:44,091 [main] INFO  http.HttpServer2 (HttpServer2.java:addFilter(948)) - Added filter static_user_filter (class=org.apache.hadoop.http.lib.StaticUserWebFilter$StaticUserFilter) to context hddsDatanode
2019-08-23 09:11:44,091 [main] INFO  http.HttpServer2 (HttpServer2.java:addFilter(958)) - Added filter static_user_filter (class=org.apache.hadoop.http.lib.StaticUserWebFilter$StaticUserFilter) to context static
2019-08-23 09:11:44,091 [main] INFO  http.HttpServer2 (HttpServer2.java:addFilter(958)) - Added filter static_user_filter (class=org.apache.hadoop.http.lib.StaticUserWebFilter$StaticUserFilter) to context logs
2019-08-23 09:11:44,092 [main] INFO  http.HttpServer2 (HttpServer2.java:bindListener(1191)) - Jetty bound to port 41328
2019-08-23 09:11:44,092 [main] INFO  server.Server (Server.java:doStart(351)) - jetty-9.3.24.v20180605, build timestamp: 2018-06-05T17:11:56Z, git hash: 84205aa28f11a4f31f2a3b86d1bba2cc8ab69827
2019-08-23 09:11:44,094 [main] INFO  handler.ContextHandler (ContextHandler.java:doStart(781)) - Started o.e.j.s.ServletContextHandler@39851c5{/logs,file:///workdir/hadoop-ozone/integration-test/target/log,AVAILABLE}
2019-08-23 09:11:44,095 [main] INFO  handler.ContextHandler (ContextHandler.java:doStart(781)) - Started o.e.j.s.ServletContextHandler@698f4aa{/static,jar:file:/home/user/.m2/repository/org/apache/hadoop/hadoop-hdds-container-service/0.5.0-SNAPSHOT/hadoop-hdds-container-service-0.5.0-SNAPSHOT.jar!/webapps/static,AVAILABLE}
2019-08-23 09:11:44,122 [main] INFO  handler.ContextHandler (ContextHandler.java:doStart(781)) - Started o.e.j.w.WebAppContext@7de6549d{/,file:///tmp/jetty-0.0.0.0-41328-hddsDatanode-_-any-6948134333923580180.dir/webapp/,AVAILABLE}{/hddsDatanode}
2019-08-23 09:11:44,123 [main] INFO  server.AbstractConnector (AbstractConnector.java:doStart(278)) - Started ServerConnector@12214f2f{HTTP/1.1,[http/1.1]}{0.0.0.0:41328}
2019-08-23 09:11:44,124 [main] INFO  server.Server (Server.java:doStart(419)) - Started @52180ms
2019-08-23 09:11:44,125 [main] INFO  server.BaseHttpServer (BaseHttpServer.java:updateConnectorAddress(213)) - HTTP server of HDDSDATANODE is listening at http://0.0.0.0:41328
2019-08-23 09:11:44,265 | INFO  | ObjectStoreRestHttpServer | Listening HDDS REST traffic on /0.0.0.0:39199 |  
2019-08-23 09:11:44,265 [main] INFO  ozone.HddsDatanodeService (HddsDatanodeService.java:startPlugins(395)) - Started plug-in org.apache.hadoop.ozone.web.OzoneHddsDatanodeService@685e6a68
2019-08-23 09:11:44,265 [main] INFO  impl.MetricsSystemImpl (MetricsSystemImpl.java:init(158)) - HddsDatanode metrics system started (again)
2019-08-23 09:11:44,270 [org.apache.hadoop.util.JvmPauseMonitor$Monitor@4c7fb4b1] INFO  util.JvmPauseMonitor (JvmPauseMonitor.java:run(188)) - Starting JVM pause monitor
2019-08-23 09:11:44,270 [main] INFO  ozone.HddsDatanodeService (HddsDatanodeService.java:start(184)) - HddsDatanodeService host:pr-hdds-1094-nn687-1629055932 ip:192.168.69.105
2019-08-23 09:11:44,273 [Datanode State Machine Thread - 0] INFO  datanode.InitDatanodeState (InitDatanodeState.java:persistContainerDatanodeDetails(140)) - DatanodeDetails is persisted to /workdir/hadoop-ozone/integration-test/target/test-dir/MiniOzoneClusterImpl-46891ce3-8eb0-4315-8db6-3822c3bd7dcf/datanode-0/meta/datanode.id
2019-08-23 09:11:44,278 [main] INFO  volume.HddsVolume (HddsVolume.java:<init>(176)) - Creating Volume: /workdir/hadoop-ozone/integration-test/target/test-dir/MiniOzoneClusterImpl-46891ce3-8eb0-4315-8db6-3822c3bd7dcf/datanode-1/data/containers/hdds of  storage type : DISK and capacity : 1482555576320
2019-08-23 09:11:44,278 [main] INFO  volume.VolumeSet (VolumeSet.java:initializeVolumeSet(170)) - Added Volume : /workdir/hadoop-ozone/integration-test/target/test-dir/MiniOzoneClusterImpl-46891ce3-8eb0-4315-8db6-3822c3bd7dcf/datanode-1/data/containers/hdds to VolumeSet
2019-08-23 09:11:44,279 [main] INFO  volume.ThrottledAsyncChecker (ThrottledAsyncChecker.java:schedule(140)) - Scheduling a check for org.apache.hadoop.ozone.container.common.volume.HddsVolume@1c2096c6
2019-08-23 09:11:44,279 [main] INFO  volume.HddsVolumeChecker (HddsVolumeChecker.java:checkAllVolumes(203)) - Scheduled health check for volume org.apache.hadoop.ozone.container.common.volume.HddsVolume@1c2096c6
2019-08-23 09:11:44,299 [main] INFO  impl.RaftServerProxy (ConfUtils.java:logGet(43)) - raft.rpc.type = GRPC (default)
2019-08-23 09:11:44,299 [main] INFO  grpc.GrpcFactory (GrpcFactory.java:checkPooledByteBufAllocatorUseCacheForAllThreads(45)) - PERFORMANCE WARNING: useCacheForAllThreads is true that may cause Netty to create a lot garbage objects and, as a result, trigger GC.
	It is recommended to disable useCacheForAllThreads by setting -Dorg.apache.ratis.thirdparty.io.netty.allocator.useCacheForAllThreads=false in command line.
2019-08-23 09:11:44,299 [main] INFO  grpc.GrpcConfigKeys$Server (ConfUtils.java:logGet(43)) - raft.grpc.server.port = 0 (default)
2019-08-23 09:11:44,299 [main] INFO  server.GrpcService (ConfUtils.java:logGet(43)) - raft.grpc.message.size.max = 33570816 (custom)
2019-08-23 09:11:44,300 [main] INFO  server.RaftServerConfigKeys (ConfUtils.java:logGet(43)) - raft.server.log.appender.buffer.byte-limit = 33554432 (custom)
2019-08-23 09:11:44,300 [main] INFO  server.GrpcService (ConfUtils.java:logGet(43)) - raft.grpc.flow.control.window = 1MB (=1048576) (default)
2019-08-23 09:11:44,300 [main] INFO  server.RaftServerConfigKeys (ConfUtils.java:logGet(43)) - raft.server.rpc.request.timeout = 3000ms (default)
2019-08-23 09:11:44,301 [main] INFO  server.RaftServerConfigKeys (ConfUtils.java:logGet(43)) - raft.server.storage.dir = [/workdir/hadoop-ozone/integration-test/target/test-dir/MiniOzoneClusterImpl-46891ce3-8eb0-4315-8db6-3822c3bd7dcf/datanode-1/data/ratis] (custom)
2019-08-23 09:11:44,302 [main] INFO  replication.SimpleContainerDownloader (SimpleContainerDownloader.java:<init>(72)) - Starting container downloader service to copy containers to replicate.
2019-08-23 09:11:44,303 [main] INFO  hdfs.DFSUtil (DFSUtil.java:httpServerTemplateForNNAndJN(1641)) - Starting Web-server for hddsDatanode at: http://0.0.0.0:0
2019-08-23 09:11:44,305 [main] INFO  server.AuthenticationFilter (AuthenticationFilter.java:constructSecretProvider(240)) - Unable to initialize FileSignerSecretProvider, falling back to use random secrets.
2019-08-23 09:11:44,305 [main] WARN  http.HttpRequestLog (HttpRequestLog.java:getRequestLog(97)) - Jetty request log can only be enabled using Log4j
2019-08-23 09:11:44,307 [main] INFO  http.HttpServer2 (HttpServer2.java:addGlobalFilter(975)) - Added global filter 'safety' (class=org.apache.hadoop.http.HttpServer2$QuotingInputFilter)
2019-08-23 09:11:44,308 [main] INFO  http.HttpServer2 (HttpServer2.java:addFilter(948)) - Added filter static_user_filter (class=org.apache.hadoop.http.lib.StaticUserWebFilter$StaticUserFilter) to context hddsDatanode
2019-08-23 09:11:44,308 [main] INFO  http.HttpServer2 (HttpServer2.java:addFilter(958)) - Added filter static_user_filter (class=org.apache.hadoop.http.lib.StaticUserWebFilter$StaticUserFilter) to context static
2019-08-23 09:11:44,308 [main] INFO  http.HttpServer2 (HttpServer2.java:addFilter(958)) - Added filter static_user_filter (class=org.apache.hadoop.http.lib.StaticUserWebFilter$StaticUserFilter) to context logs
2019-08-23 09:11:44,309 [main] INFO  http.HttpServer2 (HttpServer2.java:bindListener(1191)) - Jetty bound to port 38551
2019-08-23 09:11:44,309 [main] INFO  server.Server (Server.java:doStart(351)) - jetty-9.3.24.v20180605, build timestamp: 2018-06-05T17:11:56Z, git hash: 84205aa28f11a4f31f2a3b86d1bba2cc8ab69827
2019-08-23 09:11:44,311 [main] INFO  handler.ContextHandler (ContextHandler.java:doStart(781)) - Started o.e.j.s.ServletContextHandler@4ffa7041{/logs,file:///workdir/hadoop-ozone/integration-test/target/log,AVAILABLE}
2019-08-23 09:11:44,312 [main] INFO  handler.ContextHandler (ContextHandler.java:doStart(781)) - Started o.e.j.s.ServletContextHandler@56b05bd7{/static,jar:file:/home/user/.m2/repository/org/apache/hadoop/hadoop-hdds-container-service/0.5.0-SNAPSHOT/hadoop-hdds-container-service-0.5.0-SNAPSHOT.jar!/webapps/static,AVAILABLE}
2019-08-23 09:11:44,348 [main] INFO  handler.ContextHandler (ContextHandler.java:doStart(781)) - Started o.e.j.w.WebAppContext@750e2d33{/,file:///tmp/jetty-0.0.0.0-38551-hddsDatanode-_-any-9135103349455884650.dir/webapp/,AVAILABLE}{/hddsDatanode}
2019-08-23 09:11:44,349 [main] INFO  server.AbstractConnector (AbstractConnector.java:doStart(278)) - Started ServerConnector@359e27d2{HTTP/1.1,[http/1.1]}{0.0.0.0:38551}
2019-08-23 09:11:44,350 [main] INFO  server.Server (Server.java:doStart(419)) - Started @52406ms
2019-08-23 09:11:44,351 [main] INFO  server.BaseHttpServer (BaseHttpServer.java:updateConnectorAddress(213)) - HTTP server of HDDSDATANODE is listening at http://0.0.0.0:38551
2019-08-23 09:11:44,513 | INFO  | ObjectStoreRestHttpServer | Listening HDDS REST traffic on /0.0.0.0:37377 |  
2019-08-23 09:11:44,513 [main] INFO  ozone.HddsDatanodeService (HddsDatanodeService.java:startPlugins(395)) - Started plug-in org.apache.hadoop.ozone.web.OzoneHddsDatanodeService@b841713
2019-08-23 09:11:44,514 [main] INFO  impl.MetricsSystemImpl (MetricsSystemImpl.java:init(158)) - HddsDatanode metrics system started (again)
2019-08-23 09:11:44,519 [org.apache.hadoop.util.JvmPauseMonitor$Monitor@b58781] INFO  util.JvmPauseMonitor (JvmPauseMonitor.java:run(188)) - Starting JVM pause monitor
2019-08-23 09:11:44,519 [main] INFO  ozone.HddsDatanodeService (HddsDatanodeService.java:start(184)) - HddsDatanodeService host:pr-hdds-1094-nn687-1629055932 ip:192.168.69.105
2019-08-23 09:11:44,521 [Datanode State Machine Thread - 0] INFO  datanode.InitDatanodeState (InitDatanodeState.java:persistContainerDatanodeDetails(140)) - DatanodeDetails is persisted to /workdir/hadoop-ozone/integration-test/target/test-dir/MiniOzoneClusterImpl-46891ce3-8eb0-4315-8db6-3822c3bd7dcf/datanode-1/meta/datanode.id
2019-08-23 09:11:44,527 [main] INFO  volume.HddsVolume (HddsVolume.java:<init>(176)) - Creating Volume: /workdir/hadoop-ozone/integration-test/target/test-dir/MiniOzoneClusterImpl-46891ce3-8eb0-4315-8db6-3822c3bd7dcf/datanode-2/data/containers/hdds of  storage type : DISK and capacity : 1482555576320
2019-08-23 09:11:44,527 [main] INFO  volume.VolumeSet (VolumeSet.java:initializeVolumeSet(170)) - Added Volume : /workdir/hadoop-ozone/integration-test/target/test-dir/MiniOzoneClusterImpl-46891ce3-8eb0-4315-8db6-3822c3bd7dcf/datanode-2/data/containers/hdds to VolumeSet
2019-08-23 09:11:44,527 [main] INFO  volume.ThrottledAsyncChecker (ThrottledAsyncChecker.java:schedule(140)) - Scheduling a check for org.apache.hadoop.ozone.container.common.volume.HddsVolume@121cf6f4
2019-08-23 09:11:44,528 [main] INFO  volume.HddsVolumeChecker (HddsVolumeChecker.java:checkAllVolumes(203)) - Scheduled health check for volume org.apache.hadoop.ozone.container.common.volume.HddsVolume@121cf6f4
2019-08-23 09:11:44,542 [main] INFO  impl.RaftServerProxy (ConfUtils.java:logGet(43)) - raft.rpc.type = GRPC (default)
2019-08-23 09:11:44,543 [main] INFO  grpc.GrpcFactory (GrpcFactory.java:checkPooledByteBufAllocatorUseCacheForAllThreads(45)) - PERFORMANCE WARNING: useCacheForAllThreads is true that may cause Netty to create a lot garbage objects and, as a result, trigger GC.
	It is recommended to disable useCacheForAllThreads by setting -Dorg.apache.ratis.thirdparty.io.netty.allocator.useCacheForAllThreads=false in command line.
2019-08-23 09:11:44,543 [main] INFO  grpc.GrpcConfigKeys$Server (ConfUtils.java:logGet(43)) - raft.grpc.server.port = 0 (default)
2019-08-23 09:11:44,543 [main] INFO  server.GrpcService (ConfUtils.java:logGet(43)) - raft.grpc.message.size.max = 33570816 (custom)
2019-08-23 09:11:44,543 [main] INFO  server.RaftServerConfigKeys (ConfUtils.java:logGet(43)) - raft.server.log.appender.buffer.byte-limit = 33554432 (custom)
2019-08-23 09:11:44,544 [main] INFO  server.GrpcService (ConfUtils.java:logGet(43)) - raft.grpc.flow.control.window = 1MB (=1048576) (default)
2019-08-23 09:11:44,544 [main] INFO  server.RaftServerConfigKeys (ConfUtils.java:logGet(43)) - raft.server.rpc.request.timeout = 3000ms (default)
2019-08-23 09:11:44,544 [main] INFO  server.RaftServerConfigKeys (ConfUtils.java:logGet(43)) - raft.server.storage.dir = [/workdir/hadoop-ozone/integration-test/target/test-dir/MiniOzoneClusterImpl-46891ce3-8eb0-4315-8db6-3822c3bd7dcf/datanode-2/data/ratis] (custom)
2019-08-23 09:11:44,545 [main] INFO  replication.SimpleContainerDownloader (SimpleContainerDownloader.java:<init>(72)) - Starting container downloader service to copy containers to replicate.
2019-08-23 09:11:44,546 [main] INFO  hdfs.DFSUtil (DFSUtil.java:httpServerTemplateForNNAndJN(1641)) - Starting Web-server for hddsDatanode at: http://0.0.0.0:0
2019-08-23 09:11:44,547 [main] INFO  server.AuthenticationFilter (AuthenticationFilter.java:constructSecretProvider(240)) - Unable to initialize FileSignerSecretProvider, falling back to use random secrets.
2019-08-23 09:11:44,547 [main] WARN  http.HttpRequestLog (HttpRequestLog.java:getRequestLog(97)) - Jetty request log can only be enabled using Log4j
2019-08-23 09:11:44,549 [main] INFO  http.HttpServer2 (HttpServer2.java:addGlobalFilter(975)) - Added global filter 'safety' (class=org.apache.hadoop.http.HttpServer2$QuotingInputFilter)
2019-08-23 09:11:44,549 [main] INFO  http.HttpServer2 (HttpServer2.java:addFilter(948)) - Added filter static_user_filter (class=org.apache.hadoop.http.lib.StaticUserWebFilter$StaticUserFilter) to context hddsDatanode
2019-08-23 09:11:44,549 [main] INFO  http.HttpServer2 (HttpServer2.java:addFilter(958)) - Added filter static_user_filter (class=org.apache.hadoop.http.lib.StaticUserWebFilter$StaticUserFilter) to context logs
2019-08-23 09:11:44,549 [main] INFO  http.HttpServer2 (HttpServer2.java:addFilter(958)) - Added filter static_user_filter (class=org.apache.hadoop.http.lib.StaticUserWebFilter$StaticUserFilter) to context static
2019-08-23 09:11:44,550 [main] INFO  http.HttpServer2 (HttpServer2.java:bindListener(1191)) - Jetty bound to port 34787
2019-08-23 09:11:44,550 [main] INFO  server.Server (Server.java:doStart(351)) - jetty-9.3.24.v20180605, build timestamp: 2018-06-05T17:11:56Z, git hash: 84205aa28f11a4f31f2a3b86d1bba2cc8ab69827
2019-08-23 09:11:44,552 [main] INFO  handler.ContextHandler (ContextHandler.java:doStart(781)) - Started o.e.j.s.ServletContextHandler@61c4cebd{/logs,file:///workdir/hadoop-ozone/integration-test/target/log,AVAILABLE}
2019-08-23 09:11:44,553 [main] INFO  handler.ContextHandler (ContextHandler.java:doStart(781)) - Started o.e.j.s.ServletContextHandler@716ae973{/static,jar:file:/home/user/.m2/repository/org/apache/hadoop/hadoop-hdds-container-service/0.5.0-SNAPSHOT/hadoop-hdds-container-service-0.5.0-SNAPSHOT.jar!/webapps/static,AVAILABLE}
2019-08-23 09:11:44,580 [main] INFO  handler.ContextHandler (ContextHandler.java:doStart(781)) - Started o.e.j.w.WebAppContext@6533629{/,file:///tmp/jetty-0.0.0.0-34787-hddsDatanode-_-any-8424442183065252759.dir/webapp/,AVAILABLE}{/hddsDatanode}
2019-08-23 09:11:44,581 [main] INFO  server.AbstractConnector (AbstractConnector.java:doStart(278)) - Started ServerConnector@f49e81a{HTTP/1.1,[http/1.1]}{0.0.0.0:34787}
2019-08-23 09:11:44,582 [main] INFO  server.Server (Server.java:doStart(419)) - Started @52638ms
2019-08-23 09:11:44,583 [main] INFO  server.BaseHttpServer (BaseHttpServer.java:updateConnectorAddress(213)) - HTTP server of HDDSDATANODE is listening at http://0.0.0.0:34787
2019-08-23 09:11:44,711 | INFO  | ObjectStoreRestHttpServer | Listening HDDS REST traffic on /0.0.0.0:41042 |  
2019-08-23 09:11:44,712 [main] INFO  ozone.HddsDatanodeService (HddsDatanodeService.java:startPlugins(395)) - Started plug-in org.apache.hadoop.ozone.web.OzoneHddsDatanodeService@654b899f
2019-08-23 09:11:44,712 [main] INFO  impl.MetricsSystemImpl (MetricsSystemImpl.java:init(158)) - HddsDatanode metrics system started (again)
2019-08-23 09:11:44,718 [org.apache.hadoop.util.JvmPauseMonitor$Monitor@41561cea] INFO  util.JvmPauseMonitor (JvmPauseMonitor.java:run(188)) - Starting JVM pause monitor
2019-08-23 09:11:44,720 [Datanode State Machine Thread - 0] INFO  datanode.InitDatanodeState (InitDatanodeState.java:persistContainerDatanodeDetails(140)) - DatanodeDetails is persisted to /workdir/hadoop-ozone/integration-test/target/test-dir/MiniOzoneClusterImpl-46891ce3-8eb0-4315-8db6-3822c3bd7dcf/datanode-2/meta/datanode.id
2019-08-23 09:11:44,720 [main] INFO  ozone.HddsDatanodeService (HddsDatanodeService.java:start(184)) - HddsDatanodeService host:pr-hdds-1094-nn687-1629055932 ip:192.168.69.105
2019-08-23 09:11:44,730 [main] INFO  volume.HddsVolume (HddsVolume.java:<init>(176)) - Creating Volume: /workdir/hadoop-ozone/integration-test/target/test-dir/MiniOzoneClusterImpl-46891ce3-8eb0-4315-8db6-3822c3bd7dcf/datanode-3/data/containers/hdds of  storage type : DISK and capacity : 1482555576320
2019-08-23 09:11:44,731 [main] INFO  volume.VolumeSet (VolumeSet.java:initializeVolumeSet(170)) - Added Volume : /workdir/hadoop-ozone/integration-test/target/test-dir/MiniOzoneClusterImpl-46891ce3-8eb0-4315-8db6-3822c3bd7dcf/datanode-3/data/containers/hdds to VolumeSet
2019-08-23 09:11:44,731 [main] INFO  volume.ThrottledAsyncChecker (ThrottledAsyncChecker.java:schedule(140)) - Scheduling a check for org.apache.hadoop.ozone.container.common.volume.HddsVolume@459d2ee6
2019-08-23 09:11:44,732 [main] INFO  volume.HddsVolumeChecker (HddsVolumeChecker.java:checkAllVolumes(203)) - Scheduled health check for volume org.apache.hadoop.ozone.container.common.volume.HddsVolume@459d2ee6
2019-08-23 09:11:44,757 [main] INFO  impl.RaftServerProxy (ConfUtils.java:logGet(43)) - raft.rpc.type = GRPC (default)
2019-08-23 09:11:44,757 [main] INFO  grpc.GrpcFactory (GrpcFactory.java:checkPooledByteBufAllocatorUseCacheForAllThreads(45)) - PERFORMANCE WARNING: useCacheForAllThreads is true that may cause Netty to create a lot garbage objects and, as a result, trigger GC.
	It is recommended to disable useCacheForAllThreads by setting -Dorg.apache.ratis.thirdparty.io.netty.allocator.useCacheForAllThreads=false in command line.
2019-08-23 09:11:44,758 [main] INFO  grpc.GrpcConfigKeys$Server (ConfUtils.java:logGet(43)) - raft.grpc.server.port = 0 (default)
2019-08-23 09:11:44,758 [main] INFO  server.GrpcService (ConfUtils.java:logGet(43)) - raft.grpc.message.size.max = 33570816 (custom)
2019-08-23 09:11:44,759 [main] INFO  server.RaftServerConfigKeys (ConfUtils.java:logGet(43)) - raft.server.log.appender.buffer.byte-limit = 33554432 (custom)
2019-08-23 09:11:44,759 [main] INFO  server.GrpcService (ConfUtils.java:logGet(43)) - raft.grpc.flow.control.window = 1MB (=1048576) (default)
2019-08-23 09:11:44,759 [main] INFO  server.RaftServerConfigKeys (ConfUtils.java:logGet(43)) - raft.server.rpc.request.timeout = 3000ms (default)
2019-08-23 09:11:44,760 [main] INFO  server.RaftServerConfigKeys (ConfUtils.java:logGet(43)) - raft.server.storage.dir = [/workdir/hadoop-ozone/integration-test/target/test-dir/MiniOzoneClusterImpl-46891ce3-8eb0-4315-8db6-3822c3bd7dcf/datanode-3/data/ratis] (custom)
2019-08-23 09:11:44,761 [main] INFO  replication.SimpleContainerDownloader (SimpleContainerDownloader.java:<init>(72)) - Starting container downloader service to copy containers to replicate.
2019-08-23 09:11:44,762 [main] INFO  hdfs.DFSUtil (DFSUtil.java:httpServerTemplateForNNAndJN(1641)) - Starting Web-server for hddsDatanode at: http://0.0.0.0:0
2019-08-23 09:11:44,764 [main] INFO  server.AuthenticationFilter (AuthenticationFilter.java:constructSecretProvider(240)) - Unable to initialize FileSignerSecretProvider, falling back to use random secrets.
2019-08-23 09:11:44,765 [main] WARN  http.HttpRequestLog (HttpRequestLog.java:getRequestLog(97)) - Jetty request log can only be enabled using Log4j
2019-08-23 09:11:44,766 [main] INFO  http.HttpServer2 (HttpServer2.java:addGlobalFilter(975)) - Added global filter 'safety' (class=org.apache.hadoop.http.HttpServer2$QuotingInputFilter)
2019-08-23 09:11:44,767 [main] INFO  http.HttpServer2 (HttpServer2.java:addFilter(948)) - Added filter static_user_filter (class=org.apache.hadoop.http.lib.StaticUserWebFilter$StaticUserFilter) to context hddsDatanode
2019-08-23 09:11:44,767 [main] INFO  http.HttpServer2 (HttpServer2.java:addFilter(958)) - Added filter static_user_filter (class=org.apache.hadoop.http.lib.StaticUserWebFilter$StaticUserFilter) to context static
2019-08-23 09:11:44,768 [main] INFO  http.HttpServer2 (HttpServer2.java:addFilter(958)) - Added filter static_user_filter (class=org.apache.hadoop.http.lib.StaticUserWebFilter$StaticUserFilter) to context logs
2019-08-23 09:11:44,768 [main] INFO  http.HttpServer2 (HttpServer2.java:bindListener(1191)) - Jetty bound to port 33855
2019-08-23 09:11:44,769 [main] INFO  server.Server (Server.java:doStart(351)) - jetty-9.3.24.v20180605, build timestamp: 2018-06-05T17:11:56Z, git hash: 84205aa28f11a4f31f2a3b86d1bba2cc8ab69827
2019-08-23 09:11:44,771 [main] INFO  handler.ContextHandler (ContextHandler.java:doStart(781)) - Started o.e.j.s.ServletContextHandler@751686aa{/logs,file:///workdir/hadoop-ozone/integration-test/target/log,AVAILABLE}
2019-08-23 09:11:44,771 [main] INFO  handler.ContextHandler (ContextHandler.java:doStart(781)) - Started o.e.j.s.ServletContextHandler@2dc3ece8{/static,jar:file:/home/user/.m2/repository/org/apache/hadoop/hadoop-hdds-container-service/0.5.0-SNAPSHOT/hadoop-hdds-container-service-0.5.0-SNAPSHOT.jar!/webapps/static,AVAILABLE}
2019-08-23 09:11:44,809 [main] INFO  handler.ContextHandler (ContextHandler.java:doStart(781)) - Started o.e.j.w.WebAppContext@79295932{/,file:///tmp/jetty-0.0.0.0-33855-hddsDatanode-_-any-7523656076034990594.dir/webapp/,AVAILABLE}{/hddsDatanode}
2019-08-23 09:11:44,810 [main] INFO  server.AbstractConnector (AbstractConnector.java:doStart(278)) - Started ServerConnector@2cadcff6{HTTP/1.1,[http/1.1]}{0.0.0.0:33855}
2019-08-23 09:11:44,813 [main] INFO  server.Server (Server.java:doStart(419)) - Started @52869ms
2019-08-23 09:11:44,814 [main] INFO  server.BaseHttpServer (BaseHttpServer.java:updateConnectorAddress(213)) - HTTP server of HDDSDATANODE is listening at http://0.0.0.0:33855
2019-08-23 09:11:44,947 | INFO  | ObjectStoreRestHttpServer | Listening HDDS REST traffic on /0.0.0.0:45988 |  
2019-08-23 09:11:44,947 [main] INFO  ozone.HddsDatanodeService (HddsDatanodeService.java:startPlugins(395)) - Started plug-in org.apache.hadoop.ozone.web.OzoneHddsDatanodeService@28dacf31
2019-08-23 09:11:44,948 [main] INFO  impl.MetricsSystemImpl (MetricsSystemImpl.java:init(158)) - HddsDatanode metrics system started (again)
2019-08-23 09:11:44,953 [org.apache.hadoop.util.JvmPauseMonitor$Monitor@6cf2eafb] INFO  util.JvmPauseMonitor (JvmPauseMonitor.java:run(188)) - Starting JVM pause monitor
2019-08-23 09:11:44,954 [main] INFO  ozone.HddsDatanodeService (HddsDatanodeService.java:start(184)) - HddsDatanodeService host:pr-hdds-1094-nn687-1629055932 ip:192.168.69.105
2019-08-23 09:11:44,955 [Datanode State Machine Thread - 0] INFO  datanode.InitDatanodeState (InitDatanodeState.java:persistContainerDatanodeDetails(140)) - DatanodeDetails is persisted to /workdir/hadoop-ozone/integration-test/target/test-dir/MiniOzoneClusterImpl-46891ce3-8eb0-4315-8db6-3822c3bd7dcf/datanode-3/meta/datanode.id
2019-08-23 09:11:44,962 [main] INFO  volume.HddsVolume (HddsVolume.java:<init>(176)) - Creating Volume: /workdir/hadoop-ozone/integration-test/target/test-dir/MiniOzoneClusterImpl-46891ce3-8eb0-4315-8db6-3822c3bd7dcf/datanode-4/data/containers/hdds of  storage type : DISK and capacity : 1482555576320
2019-08-23 09:11:44,962 [main] INFO  volume.VolumeSet (VolumeSet.java:initializeVolumeSet(170)) - Added Volume : /workdir/hadoop-ozone/integration-test/target/test-dir/MiniOzoneClusterImpl-46891ce3-8eb0-4315-8db6-3822c3bd7dcf/datanode-4/data/containers/hdds to VolumeSet
2019-08-23 09:11:44,962 [main] INFO  volume.ThrottledAsyncChecker (ThrottledAsyncChecker.java:schedule(140)) - Scheduling a check for org.apache.hadoop.ozone.container.common.volume.HddsVolume@71668a67
2019-08-23 09:11:44,963 [main] INFO  volume.HddsVolumeChecker (HddsVolumeChecker.java:checkAllVolumes(203)) - Scheduled health check for volume org.apache.hadoop.ozone.container.common.volume.HddsVolume@71668a67
2019-08-23 09:11:44,978 [main] INFO  impl.RaftServerProxy (ConfUtils.java:logGet(43)) - raft.rpc.type = GRPC (default)
2019-08-23 09:11:44,978 [main] INFO  grpc.GrpcFactory (GrpcFactory.java:checkPooledByteBufAllocatorUseCacheForAllThreads(45)) - PERFORMANCE WARNING: useCacheForAllThreads is true that may cause Netty to create a lot garbage objects and, as a result, trigger GC.
	It is recommended to disable useCacheForAllThreads by setting -Dorg.apache.ratis.thirdparty.io.netty.allocator.useCacheForAllThreads=false in command line.
2019-08-23 09:11:44,979 [main] INFO  grpc.GrpcConfigKeys$Server (ConfUtils.java:logGet(43)) - raft.grpc.server.port = 0 (default)
2019-08-23 09:11:44,979 [main] INFO  server.GrpcService (ConfUtils.java:logGet(43)) - raft.grpc.message.size.max = 33570816 (custom)
2019-08-23 09:11:44,979 [main] INFO  server.RaftServerConfigKeys (ConfUtils.java:logGet(43)) - raft.server.log.appender.buffer.byte-limit = 33554432 (custom)
2019-08-23 09:11:44,979 [main] INFO  server.GrpcService (ConfUtils.java:logGet(43)) - raft.grpc.flow.control.window = 1MB (=1048576) (default)
2019-08-23 09:11:44,979 [main] INFO  server.RaftServerConfigKeys (ConfUtils.java:logGet(43)) - raft.server.rpc.request.timeout = 3000ms (default)
2019-08-23 09:11:44,980 [main] INFO  server.RaftServerConfigKeys (ConfUtils.java:logGet(43)) - raft.server.storage.dir = [/workdir/hadoop-ozone/integration-test/target/test-dir/MiniOzoneClusterImpl-46891ce3-8eb0-4315-8db6-3822c3bd7dcf/datanode-4/data/ratis] (custom)
2019-08-23 09:11:44,980 [main] INFO  replication.SimpleContainerDownloader (SimpleContainerDownloader.java:<init>(72)) - Starting container downloader service to copy containers to replicate.
2019-08-23 09:11:44,981 [main] INFO  hdfs.DFSUtil (DFSUtil.java:httpServerTemplateForNNAndJN(1641)) - Starting Web-server for hddsDatanode at: http://0.0.0.0:0
2019-08-23 09:11:44,983 [main] INFO  server.AuthenticationFilter (AuthenticationFilter.java:constructSecretProvider(240)) - Unable to initialize FileSignerSecretProvider, falling back to use random secrets.
2019-08-23 09:11:44,984 [main] WARN  http.HttpRequestLog (HttpRequestLog.java:getRequestLog(97)) - Jetty request log can only be enabled using Log4j
2019-08-23 09:11:44,985 [main] INFO  http.HttpServer2 (HttpServer2.java:addGlobalFilter(975)) - Added global filter 'safety' (class=org.apache.hadoop.http.HttpServer2$QuotingInputFilter)
2019-08-23 09:11:44,986 [main] INFO  http.HttpServer2 (HttpServer2.java:addFilter(948)) - Added filter static_user_filter (class=org.apache.hadoop.http.lib.StaticUserWebFilter$StaticUserFilter) to context hddsDatanode
2019-08-23 09:11:44,986 [main] INFO  http.HttpServer2 (HttpServer2.java:addFilter(958)) - Added filter static_user_filter (class=org.apache.hadoop.http.lib.StaticUserWebFilter$StaticUserFilter) to context logs
2019-08-23 09:11:44,986 [main] INFO  http.HttpServer2 (HttpServer2.java:addFilter(958)) - Added filter static_user_filter (class=org.apache.hadoop.http.lib.StaticUserWebFilter$StaticUserFilter) to context static
2019-08-23 09:11:44,987 [main] INFO  http.HttpServer2 (HttpServer2.java:bindListener(1191)) - Jetty bound to port 45706
2019-08-23 09:11:44,987 [main] INFO  server.Server (Server.java:doStart(351)) - jetty-9.3.24.v20180605, build timestamp: 2018-06-05T17:11:56Z, git hash: 84205aa28f11a4f31f2a3b86d1bba2cc8ab69827
2019-08-23 09:11:44,989 [main] INFO  handler.ContextHandler (ContextHandler.java:doStart(781)) - Started o.e.j.s.ServletContextHandler@1f75fd1d{/logs,file:///workdir/hadoop-ozone/integration-test/target/log,AVAILABLE}
2019-08-23 09:11:44,990 [main] INFO  handler.ContextHandler (ContextHandler.java:doStart(781)) - Started o.e.j.s.ServletContextHandler@638d2ce3{/static,jar:file:/home/user/.m2/repository/org/apache/hadoop/hadoop-hdds-container-service/0.5.0-SNAPSHOT/hadoop-hdds-container-service-0.5.0-SNAPSHOT.jar!/webapps/static,AVAILABLE}
2019-08-23 09:11:45,018 [main] INFO  handler.ContextHandler (ContextHandler.java:doStart(781)) - Started o.e.j.w.WebAppContext@647ff23e{/,file:///tmp/jetty-0.0.0.0-45706-hddsDatanode-_-any-9083857315677688833.dir/webapp/,AVAILABLE}{/hddsDatanode}
2019-08-23 09:11:45,018 [main] INFO  server.AbstractConnector (AbstractConnector.java:doStart(278)) - Started ServerConnector@6a04d2a4{HTTP/1.1,[http/1.1]}{0.0.0.0:45706}
2019-08-23 09:11:45,020 [main] INFO  server.Server (Server.java:doStart(419)) - Started @53076ms
2019-08-23 09:11:45,021 [main] INFO  server.BaseHttpServer (BaseHttpServer.java:updateConnectorAddress(213)) - HTTP server of HDDSDATANODE is listening at http://0.0.0.0:45706
2019-08-23 09:11:45,402 | INFO  | ObjectStoreRestHttpServer | Listening HDDS REST traffic on /0.0.0.0:39590 |  
2019-08-23 09:11:45,403 [main] INFO  ozone.HddsDatanodeService (HddsDatanodeService.java:startPlugins(395)) - Started plug-in org.apache.hadoop.ozone.web.OzoneHddsDatanodeService@799971ac
2019-08-23 09:11:45,403 [main] INFO  impl.MetricsSystemImpl (MetricsSystemImpl.java:init(158)) - HddsDatanode metrics system started (again)
2019-08-23 09:11:45,412 [org.apache.hadoop.util.JvmPauseMonitor$Monitor@3cda2bbb] INFO  util.JvmPauseMonitor (JvmPauseMonitor.java:run(188)) - Starting JVM pause monitor
2019-08-23 09:11:45,413 [main] INFO  ozone.HddsDatanodeService (HddsDatanodeService.java:start(184)) - HddsDatanodeService host:pr-hdds-1094-nn687-1629055932 ip:192.168.69.105
2019-08-23 09:11:45,414 [Datanode State Machine Thread - 0] INFO  datanode.InitDatanodeState (InitDatanodeState.java:persistContainerDatanodeDetails(140)) - DatanodeDetails is persisted to /workdir/hadoop-ozone/integration-test/target/test-dir/MiniOzoneClusterImpl-46891ce3-8eb0-4315-8db6-3822c3bd7dcf/datanode-4/meta/datanode.id
2019-08-23 09:11:45,422 [main] INFO  volume.HddsVolume (HddsVolume.java:<init>(176)) - Creating Volume: /workdir/hadoop-ozone/integration-test/target/test-dir/MiniOzoneClusterImpl-46891ce3-8eb0-4315-8db6-3822c3bd7dcf/datanode-5/data/containers/hdds of  storage type : DISK and capacity : 1482555576320
2019-08-23 09:11:45,422 [main] INFO  volume.VolumeSet (VolumeSet.java:initializeVolumeSet(170)) - Added Volume : /workdir/hadoop-ozone/integration-test/target/test-dir/MiniOzoneClusterImpl-46891ce3-8eb0-4315-8db6-3822c3bd7dcf/datanode-5/data/containers/hdds to VolumeSet
2019-08-23 09:11:45,422 [main] INFO  volume.ThrottledAsyncChecker (ThrottledAsyncChecker.java:schedule(140)) - Scheduling a check for org.apache.hadoop.ozone.container.common.volume.HddsVolume@6cb194f5
2019-08-23 09:11:45,423 [main] INFO  volume.HddsVolumeChecker (HddsVolumeChecker.java:checkAllVolumes(203)) - Scheduled health check for volume org.apache.hadoop.ozone.container.common.volume.HddsVolume@6cb194f5
2019-08-23 09:11:45,444 [main] INFO  impl.RaftServerProxy (ConfUtils.java:logGet(43)) - raft.rpc.type = GRPC (default)
2019-08-23 09:11:45,444 [main] INFO  grpc.GrpcFactory (GrpcFactory.java:checkPooledByteBufAllocatorUseCacheForAllThreads(45)) - PERFORMANCE WARNING: useCacheForAllThreads is true that may cause Netty to create a lot garbage objects and, as a result, trigger GC.
	It is recommended to disable useCacheForAllThreads by setting -Dorg.apache.ratis.thirdparty.io.netty.allocator.useCacheForAllThreads=false in command line.
2019-08-23 09:11:45,444 [main] INFO  grpc.GrpcConfigKeys$Server (ConfUtils.java:logGet(43)) - raft.grpc.server.port = 0 (default)
2019-08-23 09:11:45,445 [main] INFO  server.GrpcService (ConfUtils.java:logGet(43)) - raft.grpc.message.size.max = 33570816 (custom)
2019-08-23 09:11:45,445 [main] INFO  server.RaftServerConfigKeys (ConfUtils.java:logGet(43)) - raft.server.log.appender.buffer.byte-limit = 33554432 (custom)
2019-08-23 09:11:45,445 [main] INFO  server.GrpcService (ConfUtils.java:logGet(43)) - raft.grpc.flow.control.window = 1MB (=1048576) (default)
2019-08-23 09:11:45,445 [main] INFO  server.RaftServerConfigKeys (ConfUtils.java:logGet(43)) - raft.server.rpc.request.timeout = 3000ms (default)
2019-08-23 09:11:45,446 [main] INFO  server.RaftServerConfigKeys (ConfUtils.java:logGet(43)) - raft.server.storage.dir = [/workdir/hadoop-ozone/integration-test/target/test-dir/MiniOzoneClusterImpl-46891ce3-8eb0-4315-8db6-3822c3bd7dcf/datanode-5/data/ratis] (custom)
2019-08-23 09:11:45,446 [main] INFO  replication.SimpleContainerDownloader (SimpleContainerDownloader.java:<init>(72)) - Starting container downloader service to copy containers to replicate.
2019-08-23 09:11:45,448 [main] INFO  hdfs.DFSUtil (DFSUtil.java:httpServerTemplateForNNAndJN(1641)) - Starting Web-server for hddsDatanode at: http://0.0.0.0:0
2019-08-23 09:11:45,449 [main] INFO  server.AuthenticationFilter (AuthenticationFilter.java:constructSecretProvider(240)) - Unable to initialize FileSignerSecretProvider, falling back to use random secrets.
2019-08-23 09:11:45,450 [main] WARN  http.HttpRequestLog (HttpRequestLog.java:getRequestLog(97)) - Jetty request log can only be enabled using Log4j
2019-08-23 09:11:45,451 [main] INFO  http.HttpServer2 (HttpServer2.java:addGlobalFilter(975)) - Added global filter 'safety' (class=org.apache.hadoop.http.HttpServer2$QuotingInputFilter)
2019-08-23 09:11:45,452 [main] INFO  http.HttpServer2 (HttpServer2.java:addFilter(948)) - Added filter static_user_filter (class=org.apache.hadoop.http.lib.StaticUserWebFilter$StaticUserFilter) to context hddsDatanode
2019-08-23 09:11:45,452 [main] INFO  http.HttpServer2 (HttpServer2.java:addFilter(958)) - Added filter static_user_filter (class=org.apache.hadoop.http.lib.StaticUserWebFilter$StaticUserFilter) to context static
2019-08-23 09:11:45,452 [main] INFO  http.HttpServer2 (HttpServer2.java:addFilter(958)) - Added filter static_user_filter (class=org.apache.hadoop.http.lib.StaticUserWebFilter$StaticUserFilter) to context logs
2019-08-23 09:11:45,453 [main] INFO  http.HttpServer2 (HttpServer2.java:bindListener(1191)) - Jetty bound to port 34478
2019-08-23 09:11:45,453 [main] INFO  server.Server (Server.java:doStart(351)) - jetty-9.3.24.v20180605, build timestamp: 2018-06-05T17:11:56Z, git hash: 84205aa28f11a4f31f2a3b86d1bba2cc8ab69827
2019-08-23 09:11:45,455 [main] INFO  handler.ContextHandler (ContextHandler.java:doStart(781)) - Started o.e.j.s.ServletContextHandler@31443680{/logs,file:///workdir/hadoop-ozone/integration-test/target/log,AVAILABLE}
2019-08-23 09:11:45,455 [main] INFO  handler.ContextHandler (ContextHandler.java:doStart(781)) - Started o.e.j.s.ServletContextHandler@3a988299{/static,jar:file:/home/user/.m2/repository/org/apache/hadoop/hadoop-hdds-container-service/0.5.0-SNAPSHOT/hadoop-hdds-container-service-0.5.0-SNAPSHOT.jar!/webapps/static,AVAILABLE}
2019-08-23 09:11:45,483 [main] INFO  handler.ContextHandler (ContextHandler.java:doStart(781)) - Started o.e.j.w.WebAppContext@35d114f4{/,file:///tmp/jetty-0.0.0.0-34478-hddsDatanode-_-any-44727593429919983.dir/webapp/,AVAILABLE}{/hddsDatanode}
2019-08-23 09:11:45,484 [main] INFO  server.AbstractConnector (AbstractConnector.java:doStart(278)) - Started ServerConnector@3684d2c0{HTTP/1.1,[http/1.1]}{0.0.0.0:34478}
2019-08-23 09:11:45,485 [main] INFO  server.Server (Server.java:doStart(419)) - Started @53541ms
2019-08-23 09:11:45,486 [main] INFO  server.BaseHttpServer (BaseHttpServer.java:updateConnectorAddress(213)) - HTTP server of HDDSDATANODE is listening at http://0.0.0.0:34478
2019-08-23 09:11:45,616 | INFO  | ObjectStoreRestHttpServer | Listening HDDS REST traffic on /0.0.0.0:38547 |  
2019-08-23 09:11:45,616 [main] INFO  ozone.HddsDatanodeService (HddsDatanodeService.java:startPlugins(395)) - Started plug-in org.apache.hadoop.ozone.web.OzoneHddsDatanodeService@7831d1aa
2019-08-23 09:11:45,616 [main] INFO  impl.MetricsSystemImpl (MetricsSystemImpl.java:init(158)) - HddsDatanode metrics system started (again)
2019-08-23 09:11:45,621 [org.apache.hadoop.util.JvmPauseMonitor$Monitor@5db6efc7] INFO  util.JvmPauseMonitor (JvmPauseMonitor.java:run(188)) - Starting JVM pause monitor
2019-08-23 09:11:45,622 [main] INFO  ozone.HddsDatanodeService (HddsDatanodeService.java:start(184)) - HddsDatanodeService host:pr-hdds-1094-nn687-1629055932 ip:192.168.69.105
2019-08-23 09:11:45,624 [Datanode State Machine Thread - 0] INFO  datanode.InitDatanodeState (InitDatanodeState.java:persistContainerDatanodeDetails(140)) - DatanodeDetails is persisted to /workdir/hadoop-ozone/integration-test/target/test-dir/MiniOzoneClusterImpl-46891ce3-8eb0-4315-8db6-3822c3bd7dcf/datanode-5/meta/datanode.id
2019-08-23 09:11:45,631 [main] INFO  volume.HddsVolume (HddsVolume.java:<init>(176)) - Creating Volume: /workdir/hadoop-ozone/integration-test/target/test-dir/MiniOzoneClusterImpl-46891ce3-8eb0-4315-8db6-3822c3bd7dcf/datanode-6/data/containers/hdds of  storage type : DISK and capacity : 1482555576320
2019-08-23 09:11:45,631 [main] INFO  volume.VolumeSet (VolumeSet.java:initializeVolumeSet(170)) - Added Volume : /workdir/hadoop-ozone/integration-test/target/test-dir/MiniOzoneClusterImpl-46891ce3-8eb0-4315-8db6-3822c3bd7dcf/datanode-6/data/containers/hdds to VolumeSet
2019-08-23 09:11:45,631 [main] INFO  volume.ThrottledAsyncChecker (ThrottledAsyncChecker.java:schedule(140)) - Scheduling a check for org.apache.hadoop.ozone.container.common.volume.HddsVolume@33fec21
2019-08-23 09:11:45,632 [main] INFO  volume.HddsVolumeChecker (HddsVolumeChecker.java:checkAllVolumes(203)) - Scheduled health check for volume org.apache.hadoop.ozone.container.common.volume.HddsVolume@33fec21
2019-08-23 09:11:45,653 [main] INFO  impl.RaftServerProxy (ConfUtils.java:logGet(43)) - raft.rpc.type = GRPC (default)
2019-08-23 09:11:45,653 [main] INFO  grpc.GrpcFactory (GrpcFactory.java:checkPooledByteBufAllocatorUseCacheForAllThreads(45)) - PERFORMANCE WARNING: useCacheForAllThreads is true that may cause Netty to create a lot garbage objects and, as a result, trigger GC.
	It is recommended to disable useCacheForAllThreads by setting -Dorg.apache.ratis.thirdparty.io.netty.allocator.useCacheForAllThreads=false in command line.
2019-08-23 09:11:45,653 [main] INFO  grpc.GrpcConfigKeys$Server (ConfUtils.java:logGet(43)) - raft.grpc.server.port = 0 (default)
2019-08-23 09:11:45,654 [main] INFO  server.GrpcService (ConfUtils.java:logGet(43)) - raft.grpc.message.size.max = 33570816 (custom)
2019-08-23 09:11:45,654 [main] INFO  server.RaftServerConfigKeys (ConfUtils.java:logGet(43)) - raft.server.log.appender.buffer.byte-limit = 33554432 (custom)
2019-08-23 09:11:45,654 [main] INFO  server.GrpcService (ConfUtils.java:logGet(43)) - raft.grpc.flow.control.window = 1MB (=1048576) (default)
2019-08-23 09:11:45,655 [main] INFO  server.RaftServerConfigKeys (ConfUtils.java:logGet(43)) - raft.server.rpc.request.timeout = 3000ms (default)
2019-08-23 09:11:45,655 [main] INFO  server.RaftServerConfigKeys (ConfUtils.java:logGet(43)) - raft.server.storage.dir = [/workdir/hadoop-ozone/integration-test/target/test-dir/MiniOzoneClusterImpl-46891ce3-8eb0-4315-8db6-3822c3bd7dcf/datanode-6/data/ratis] (custom)
2019-08-23 09:11:45,656 [main] INFO  replication.SimpleContainerDownloader (SimpleContainerDownloader.java:<init>(72)) - Starting container downloader service to copy containers to replicate.
2019-08-23 09:11:45,657 [main] INFO  hdfs.DFSUtil (DFSUtil.java:httpServerTemplateForNNAndJN(1641)) - Starting Web-server for hddsDatanode at: http://0.0.0.0:0
2019-08-23 09:11:45,659 [main] INFO  server.AuthenticationFilter (AuthenticationFilter.java:constructSecretProvider(240)) - Unable to initialize FileSignerSecretProvider, falling back to use random secrets.
2019-08-23 09:11:45,660 [main] WARN  http.HttpRequestLog (HttpRequestLog.java:getRequestLog(97)) - Jetty request log can only be enabled using Log4j
2019-08-23 09:11:45,662 [main] INFO  http.HttpServer2 (HttpServer2.java:addGlobalFilter(975)) - Added global filter 'safety' (class=org.apache.hadoop.http.HttpServer2$QuotingInputFilter)
2019-08-23 09:11:45,662 [main] INFO  http.HttpServer2 (HttpServer2.java:addFilter(948)) - Added filter static_user_filter (class=org.apache.hadoop.http.lib.StaticUserWebFilter$StaticUserFilter) to context hddsDatanode
2019-08-23 09:11:45,662 [main] INFO  http.HttpServer2 (HttpServer2.java:addFilter(958)) - Added filter static_user_filter (class=org.apache.hadoop.http.lib.StaticUserWebFilter$StaticUserFilter) to context logs
2019-08-23 09:11:45,663 [main] INFO  http.HttpServer2 (HttpServer2.java:addFilter(958)) - Added filter static_user_filter (class=org.apache.hadoop.http.lib.StaticUserWebFilter$StaticUserFilter) to context static
2019-08-23 09:11:45,664 [main] INFO  http.HttpServer2 (HttpServer2.java:bindListener(1191)) - Jetty bound to port 40534
2019-08-23 09:11:45,664 [main] INFO  server.Server (Server.java:doStart(351)) - jetty-9.3.24.v20180605, build timestamp: 2018-06-05T17:11:56Z, git hash: 84205aa28f11a4f31f2a3b86d1bba2cc8ab69827
2019-08-23 09:11:45,666 [main] INFO  handler.ContextHandler (ContextHandler.java:doStart(781)) - Started o.e.j.s.ServletContextHandler@5da3f32a{/logs,file:///workdir/hadoop-ozone/integration-test/target/log,AVAILABLE}
2019-08-23 09:11:45,666 [main] INFO  handler.ContextHandler (ContextHandler.java:doStart(781)) - Started o.e.j.s.ServletContextHandler@51f4439e{/static,jar:file:/home/user/.m2/repository/org/apache/hadoop/hadoop-hdds-container-service/0.5.0-SNAPSHOT/hadoop-hdds-container-service-0.5.0-SNAPSHOT.jar!/webapps/static,AVAILABLE}
2019-08-23 09:11:45,702 [main] INFO  handler.ContextHandler (ContextHandler.java:doStart(781)) - Started o.e.j.w.WebAppContext@5de335cf{/,file:///tmp/jetty-0.0.0.0-40534-hddsDatanode-_-any-7840834348186187423.dir/webapp/,AVAILABLE}{/hddsDatanode}
2019-08-23 09:11:45,703 [main] INFO  server.AbstractConnector (AbstractConnector.java:doStart(278)) - Started ServerConnector@1e029a04{HTTP/1.1,[http/1.1]}{0.0.0.0:40534}
2019-08-23 09:11:45,704 [main] INFO  server.Server (Server.java:doStart(419)) - Started @53760ms
2019-08-23 09:11:45,705 [main] INFO  server.BaseHttpServer (BaseHttpServer.java:updateConnectorAddress(213)) - HTTP server of HDDSDATANODE is listening at http://0.0.0.0:40534
2019-08-23 09:11:45,858 | INFO  | ObjectStoreRestHttpServer | Listening HDDS REST traffic on /0.0.0.0:37818 |  
2019-08-23 09:11:45,858 [main] INFO  ozone.HddsDatanodeService (HddsDatanodeService.java:startPlugins(395)) - Started plug-in org.apache.hadoop.ozone.web.OzoneHddsDatanodeService@38394dc3
2019-08-23 09:11:45,859 [main] INFO  ozone.MiniOzoneClusterImpl (MiniOzoneClusterImpl.java:lambda$waitForClusterToBeReady$0(142)) - Waiting for cluster to be ready. Got 0 of 7 DN Heartbeats.
2019-08-23 09:11:45,862 [org.apache.hadoop.util.JvmPauseMonitor$Monitor@281c32e] INFO  util.JvmPauseMonitor (JvmPauseMonitor.java:run(188)) - Starting JVM pause monitor
2019-08-23 09:11:45,864 [Datanode State Machine Thread - 0] INFO  datanode.InitDatanodeState (InitDatanodeState.java:persistContainerDatanodeDetails(140)) - DatanodeDetails is persisted to /workdir/hadoop-ozone/integration-test/target/test-dir/MiniOzoneClusterImpl-46891ce3-8eb0-4315-8db6-3822c3bd7dcf/datanode-6/meta/datanode.id
2019-08-23 09:11:46,277 | INFO  | SCMAudit | user=jenkins1000 | ip=192.168.69.105 | op=GET_VERSION null | ret=SUCCESS |  
2019-08-23 09:11:46,297 [Datanode State Machine Thread - 0] INFO  ozoneimpl.OzoneContainer (OzoneContainer.java:start(186)) - Attempting to start container services.
2019-08-23 09:11:46,300 [Datanode State Machine Thread - 0] INFO  ozoneimpl.OzoneContainer (OzoneContainer.java:startContainerScrub(160)) - Background container scrubber has been disabled by hdds.containerscrub.enabled
2019-08-23 09:11:46,300 [Datanode State Machine Thread - 0] INFO  ratis.XceiverServerRatis (XceiverServerRatis.java:start(404)) - Starting XceiverServerRatis ce3b71d6-803c-4999-98a7-ed3c8197db33 at port 0
2019-08-23 09:11:46,309 [Datanode State Machine Thread - 0] INFO  impl.RaftServerProxy (RaftServerProxy.java:lambda$start$3(299)) - ce3b71d6-803c-4999-98a7-ed3c8197db33: start RPC server
2019-08-23 09:11:46,312 [Datanode State Machine Thread - 0] INFO  server.GrpcService (GrpcService.java:startImpl(149)) - ce3b71d6-803c-4999-98a7-ed3c8197db33: GrpcService started, listening on 0.0.0.0/0.0.0.0:44477
2019-08-23 09:11:46,312 [Datanode State Machine Thread - 0] INFO  ratis.XceiverServerRatis (XceiverServerRatis.java:start(414)) - XceiverServerRatis ce3b71d6-803c-4999-98a7-ed3c8197db33 is started using port 44477
2019-08-23 09:11:46,313 [Datanode State Machine Thread - 0] INFO  server.XceiverServerGrpc (XceiverServerGrpc.java:start(161)) - XceiverServerGrpc ce3b71d6-803c-4999-98a7-ed3c8197db33 is started using port 33400
2019-08-23 09:11:46,519 | INFO  | SCMAudit | user=jenkins1000 | ip=192.168.69.105 | op=GET_VERSION null | ret=SUCCESS |  
2019-08-23 09:11:46,533 [Datanode State Machine Thread - 0] INFO  ozoneimpl.OzoneContainer (OzoneContainer.java:start(186)) - Attempting to start container services.
2019-08-23 09:11:46,541 [Datanode State Machine Thread - 0] INFO  ozoneimpl.OzoneContainer (OzoneContainer.java:startContainerScrub(160)) - Background container scrubber has been disabled by hdds.containerscrub.enabled
2019-08-23 09:11:46,542 [Datanode State Machine Thread - 0] INFO  ratis.XceiverServerRatis (XceiverServerRatis.java:start(404)) - Starting XceiverServerRatis 41b9b824-85d6-416a-bf4a-c5cccd6fce1e at port 0
2019-08-23 09:11:46,549 [Datanode State Machine Thread - 0] INFO  impl.RaftServerProxy (RaftServerProxy.java:lambda$start$3(299)) - 41b9b824-85d6-416a-bf4a-c5cccd6fce1e: start RPC server
2019-08-23 09:11:46,556 [Datanode State Machine Thread - 0] INFO  server.GrpcService (GrpcService.java:startImpl(149)) - 41b9b824-85d6-416a-bf4a-c5cccd6fce1e: GrpcService started, listening on 0.0.0.0/0.0.0.0:35086
2019-08-23 09:11:46,557 [Datanode State Machine Thread - 0] INFO  ratis.XceiverServerRatis (XceiverServerRatis.java:start(414)) - XceiverServerRatis 41b9b824-85d6-416a-bf4a-c5cccd6fce1e is started using port 35086
2019-08-23 09:11:46,558 [Datanode State Machine Thread - 0] INFO  server.XceiverServerGrpc (XceiverServerGrpc.java:start(161)) - XceiverServerGrpc 41b9b824-85d6-416a-bf4a-c5cccd6fce1e is started using port 45023
2019-08-23 09:11:46,720 | INFO  | SCMAudit | user=jenkins1000 | ip=192.168.69.105 | op=GET_VERSION null | ret=SUCCESS |  
2019-08-23 09:11:46,736 [Datanode State Machine Thread - 0] INFO  ozoneimpl.OzoneContainer (OzoneContainer.java:start(186)) - Attempting to start container services.
2019-08-23 09:11:46,736 [Datanode State Machine Thread - 0] INFO  ozoneimpl.OzoneContainer (OzoneContainer.java:startContainerScrub(160)) - Background container scrubber has been disabled by hdds.containerscrub.enabled
2019-08-23 09:11:46,737 [Datanode State Machine Thread - 0] INFO  ratis.XceiverServerRatis (XceiverServerRatis.java:start(404)) - Starting XceiverServerRatis 06d76673-acfc-4852-ba17-8edfd4d37f5d at port 0
2019-08-23 09:11:46,744 [Datanode State Machine Thread - 0] INFO  impl.RaftServerProxy (RaftServerProxy.java:lambda$start$3(299)) - 06d76673-acfc-4852-ba17-8edfd4d37f5d: start RPC server
2019-08-23 09:11:46,747 [Datanode State Machine Thread - 0] INFO  server.GrpcService (GrpcService.java:startImpl(149)) - 06d76673-acfc-4852-ba17-8edfd4d37f5d: GrpcService started, listening on 0.0.0.0/0.0.0.0:42001
2019-08-23 09:11:46,747 [Datanode State Machine Thread - 0] INFO  ratis.XceiverServerRatis (XceiverServerRatis.java:start(414)) - XceiverServerRatis 06d76673-acfc-4852-ba17-8edfd4d37f5d is started using port 42001
2019-08-23 09:11:46,756 [Datanode State Machine Thread - 0] INFO  server.XceiverServerGrpc (XceiverServerGrpc.java:start(161)) - XceiverServerGrpc 06d76673-acfc-4852-ba17-8edfd4d37f5d is started using port 45634
2019-08-23 09:11:46,859 [main] INFO  ozone.MiniOzoneClusterImpl (MiniOzoneClusterImpl.java:lambda$waitForClusterToBeReady$0(142)) - Waiting for cluster to be ready. Got 0 of 7 DN Heartbeats.
2019-08-23 09:11:46,955 | INFO  | SCMAudit | user=jenkins1000 | ip=192.168.69.105 | op=GET_VERSION null | ret=SUCCESS |  
2019-08-23 09:11:46,969 [Datanode State Machine Thread - 0] INFO  ozoneimpl.OzoneContainer (OzoneContainer.java:start(186)) - Attempting to start container services.
2019-08-23 09:11:46,969 [Datanode State Machine Thread - 0] INFO  ozoneimpl.OzoneContainer (OzoneContainer.java:startContainerScrub(160)) - Background container scrubber has been disabled by hdds.containerscrub.enabled
2019-08-23 09:11:46,969 [Datanode State Machine Thread - 0] INFO  ratis.XceiverServerRatis (XceiverServerRatis.java:start(404)) - Starting XceiverServerRatis e3f86e53-8f15-4a09-b253-90a30ace4ba2 at port 0
2019-08-23 09:11:46,977 [Datanode State Machine Thread - 0] INFO  impl.RaftServerProxy (RaftServerProxy.java:lambda$start$3(299)) - e3f86e53-8f15-4a09-b253-90a30ace4ba2: start RPC server
2019-08-23 09:11:46,978 [Datanode State Machine Thread - 0] INFO  server.GrpcService (GrpcService.java:startImpl(149)) - e3f86e53-8f15-4a09-b253-90a30ace4ba2: GrpcService started, listening on 0.0.0.0/0.0.0.0:33325
2019-08-23 09:11:46,979 [Datanode State Machine Thread - 0] INFO  ratis.XceiverServerRatis (XceiverServerRatis.java:start(414)) - XceiverServerRatis e3f86e53-8f15-4a09-b253-90a30ace4ba2 is started using port 33325
2019-08-23 09:11:46,979 [Datanode State Machine Thread - 0] INFO  server.XceiverServerGrpc (XceiverServerGrpc.java:start(161)) - XceiverServerGrpc e3f86e53-8f15-4a09-b253-90a30ace4ba2 is started using port 40523
2019-08-23 09:11:47,412 | INFO  | SCMAudit | user=jenkins1000 | ip=192.168.69.105 | op=GET_VERSION null | ret=SUCCESS |  
2019-08-23 09:11:47,427 [Datanode State Machine Thread - 0] INFO  ozoneimpl.OzoneContainer (OzoneContainer.java:start(186)) - Attempting to start container services.
2019-08-23 09:11:47,427 [Datanode State Machine Thread - 0] INFO  ozoneimpl.OzoneContainer (OzoneContainer.java:startContainerScrub(160)) - Background container scrubber has been disabled by hdds.containerscrub.enabled
2019-08-23 09:11:47,427 [Datanode State Machine Thread - 0] INFO  ratis.XceiverServerRatis (XceiverServerRatis.java:start(404)) - Starting XceiverServerRatis 480da6fd-5cad-42f6-a3a8-03ebe6e9ed72 at port 0
2019-08-23 09:11:47,434 [Datanode State Machine Thread - 0] INFO  impl.RaftServerProxy (RaftServerProxy.java:lambda$start$3(299)) - 480da6fd-5cad-42f6-a3a8-03ebe6e9ed72: start RPC server
2019-08-23 09:11:47,435 [Datanode State Machine Thread - 0] INFO  server.GrpcService (GrpcService.java:startImpl(149)) - 480da6fd-5cad-42f6-a3a8-03ebe6e9ed72: GrpcService started, listening on 0.0.0.0/0.0.0.0:35049
2019-08-23 09:11:47,435 [Datanode State Machine Thread - 0] INFO  ratis.XceiverServerRatis (XceiverServerRatis.java:start(414)) - XceiverServerRatis 480da6fd-5cad-42f6-a3a8-03ebe6e9ed72 is started using port 35049
2019-08-23 09:11:47,439 [Datanode State Machine Thread - 0] INFO  server.XceiverServerGrpc (XceiverServerGrpc.java:start(161)) - XceiverServerGrpc 480da6fd-5cad-42f6-a3a8-03ebe6e9ed72 is started using port 39540
2019-08-23 09:11:47,623 | INFO  | SCMAudit | user=jenkins1000 | ip=192.168.69.105 | op=GET_VERSION null | ret=SUCCESS |  
2019-08-23 09:11:47,637 [Datanode State Machine Thread - 0] INFO  ozoneimpl.OzoneContainer (OzoneContainer.java:start(186)) - Attempting to start container services.
2019-08-23 09:11:47,637 [Datanode State Machine Thread - 0] INFO  ozoneimpl.OzoneContainer (OzoneContainer.java:startContainerScrub(160)) - Background container scrubber has been disabled by hdds.containerscrub.enabled
2019-08-23 09:11:47,637 [Datanode State Machine Thread - 0] INFO  ratis.XceiverServerRatis (XceiverServerRatis.java:start(404)) - Starting XceiverServerRatis 6db0b5b4-33e5-45b9-ab7c-8a068485ef09 at port 0
2019-08-23 09:11:47,645 [Datanode State Machine Thread - 0] INFO  impl.RaftServerProxy (RaftServerProxy.java:lambda$start$3(299)) - 6db0b5b4-33e5-45b9-ab7c-8a068485ef09: start RPC server
2019-08-23 09:11:47,646 [Datanode State Machine Thread - 0] INFO  server.GrpcService (GrpcService.java:startImpl(149)) - 6db0b5b4-33e5-45b9-ab7c-8a068485ef09: GrpcService started, listening on 0.0.0.0/0.0.0.0:41066
2019-08-23 09:11:47,646 [Datanode State Machine Thread - 0] INFO  ratis.XceiverServerRatis (XceiverServerRatis.java:start(414)) - XceiverServerRatis 6db0b5b4-33e5-45b9-ab7c-8a068485ef09 is started using port 41066
2019-08-23 09:11:47,651 [Datanode State Machine Thread - 0] INFO  server.XceiverServerGrpc (XceiverServerGrpc.java:start(161)) - XceiverServerGrpc 6db0b5b4-33e5-45b9-ab7c-8a068485ef09 is started using port 41212
2019-08-23 09:11:47,859 [main] INFO  ozone.MiniOzoneClusterImpl (MiniOzoneClusterImpl.java:lambda$waitForClusterToBeReady$0(142)) - Waiting for cluster to be ready. Got 0 of 7 DN Heartbeats.
2019-08-23 09:11:47,864 | INFO  | SCMAudit | user=jenkins1000 | ip=192.168.69.105 | op=GET_VERSION null | ret=SUCCESS |  
2019-08-23 09:11:47,878 [Datanode State Machine Thread - 0] INFO  ozoneimpl.OzoneContainer (OzoneContainer.java:start(186)) - Attempting to start container services.
2019-08-23 09:11:47,879 [Datanode State Machine Thread - 0] INFO  ozoneimpl.OzoneContainer (OzoneContainer.java:startContainerScrub(160)) - Background container scrubber has been disabled by hdds.containerscrub.enabled
2019-08-23 09:11:47,879 [Datanode State Machine Thread - 0] INFO  ratis.XceiverServerRatis (XceiverServerRatis.java:start(404)) - Starting XceiverServerRatis 0a284024-13d6-46ed-b1db-6a3886ae2776 at port 0
2019-08-23 09:11:47,887 [Datanode State Machine Thread - 0] INFO  impl.RaftServerProxy (RaftServerProxy.java:lambda$start$3(299)) - 0a284024-13d6-46ed-b1db-6a3886ae2776: start RPC server
2019-08-23 09:11:47,888 [Datanode State Machine Thread - 0] INFO  server.GrpcService (GrpcService.java:startImpl(149)) - 0a284024-13d6-46ed-b1db-6a3886ae2776: GrpcService started, listening on 0.0.0.0/0.0.0.0:44670
2019-08-23 09:11:47,888 [Datanode State Machine Thread - 0] INFO  ratis.XceiverServerRatis (XceiverServerRatis.java:start(414)) - XceiverServerRatis 0a284024-13d6-46ed-b1db-6a3886ae2776 is started using port 44670
2019-08-23 09:11:47,891 [Datanode State Machine Thread - 0] INFO  server.XceiverServerGrpc (XceiverServerGrpc.java:start(161)) - XceiverServerGrpc 0a284024-13d6-46ed-b1db-6a3886ae2776 is started using port 42522
2019-08-23 09:11:48,276 [IPC Server handler 4 on 46524] INFO  net.NetworkTopology (NetworkTopologyImpl.java:add(110)) - Added a new node: /default-rack/ce3b71d6-803c-4999-98a7-ed3c8197db33
2019-08-23 09:11:48,291 [IPC Server handler 4 on 46524] INFO  node.SCMNodeManager (SCMNodeManager.java:register(273)) - Registered Data node : ce3b71d6-803c-4999-98a7-ed3c8197db33{ip: 192.168.69.105, host: pr-hdds-1094-nn687-1629055932, networkLocation: /default-rack, certSerialId: null}
2019-08-23 09:11:48,293 [EventQueue-NodeRegistrationContainerReportForDataNodeSafeModeRule] INFO  safemode.SCMSafeModeManager (DataNodeSafeModeRule.java:process(71)) - SCM in safe mode. 1 DataNodes registered, 1 required.
2019-08-23 09:11:48,294 | INFO  | SCMAudit | user=jenkins1000 | ip=192.168.69.105 | op=REGISTER {datanodeDetails=ce3b71d6-803c-4999-98a7-ed3c8197db33{ip: 192.168.69.105, host: pr-hdds-1094-nn687-1629055932, networkLocation: /default-rack, certSerialId: null}} | ret=SUCCESS |  
2019-08-23 09:11:48,297 [EventQueue-NodeRegistrationContainerReportForDataNodeSafeModeRule] INFO  safemode.SCMSafeModeManager (SCMSafeModeManager.java:validateSafeModeExitRules(177)) - ScmSafeModeManager, all rules are successfully validated
2019-08-23 09:11:48,297 [EventQueue-NodeRegistrationContainerReportForDataNodeSafeModeRule] INFO  safemode.SCMSafeModeManager (SCMSafeModeManager.java:exitSafeMode(193)) - SCM exiting safe mode.
2019-08-23 09:11:48,313 [grpc-default-executor-5] INFO  impl.RaftServerProxy (RaftServerProxy.java:addNew(89)) - ce3b71d6-803c-4999-98a7-ed3c8197db33: addNew group-5FCE3F8029BF:[ce3b71d6-803c-4999-98a7-ed3c8197db33:192.168.69.105:44477] returns group-5FCE3F8029BF:java.util.concurrent.CompletableFuture@6b0f152b[Not completed]
2019-08-23 09:11:48,316 [pool-126-thread-1] INFO  impl.RaftServerImpl (RaftServerImpl.java:<init>(93)) - ce3b71d6-803c-4999-98a7-ed3c8197db33: new RaftServerImpl for group-5FCE3F8029BF:[ce3b71d6-803c-4999-98a7-ed3c8197db33:192.168.69.105:44477] with ContainerStateMachine:uninitialized
2019-08-23 09:11:48,316 [pool-126-thread-1] INFO  server.RaftServerConfigKeys (ConfUtils.java:logGet(43)) - raft.server.rpc.timeout.min = 5s (custom)
2019-08-23 09:11:48,316 [pool-126-thread-1] INFO  server.RaftServerConfigKeys (ConfUtils.java:logGet(43)) - raft.server.rpc.timeout.max = 5200ms (custom)
2019-08-23 09:11:48,317 [pool-126-thread-1] INFO  server.RaftServerConfigKeys (ConfUtils.java:logGet(43)) - raft.server.rpcslowness.timeout = 120s (custom)
2019-08-23 09:11:48,317 [pool-126-thread-1] INFO  server.RaftServerConfigKeys (ConfUtils.java:logGet(43)) - raft.server.sleep.deviation.threshold = 300 (default)
2019-08-23 09:11:48,317 [pool-126-thread-1] INFO  server.RaftServerConfigKeys (ConfUtils.java:logGet(43)) - raft.server.log.appender.install.snapshot.enabled = false (custom)
2019-08-23 09:11:48,317 [pool-126-thread-1] INFO  impl.RaftServerImpl (ServerState.java:<init>(105)) - ce3b71d6-803c-4999-98a7-ed3c8197db33:group-5FCE3F8029BF ConfigurationManager, init=-1: [ce3b71d6-803c-4999-98a7-ed3c8197db33:192.168.69.105:44477], old=null, confs=<EMPTY_MAP>
2019-08-23 09:11:48,317 [pool-126-thread-1] INFO  server.RaftServerConfigKeys (ConfUtils.java:logGet(43)) - raft.server.storage.dir = [/workdir/hadoop-ozone/integration-test/target/test-dir/MiniOzoneClusterImpl-46891ce3-8eb0-4315-8db6-3822c3bd7dcf/datanode-0/data/ratis] (custom)
2019-08-23 09:11:48,318 [pool-126-thread-1] INFO  storage.RaftStorageDirectory (RaftStorageDirectory.java:analyzeStorage(246)) - The storage directory /workdir/hadoop-ozone/integration-test/target/test-dir/MiniOzoneClusterImpl-46891ce3-8eb0-4315-8db6-3822c3bd7dcf/datanode-0/data/ratis/833e0711-562c-451d-8471-5fce3f8029bf does not exist. Creating ...
2019-08-23 09:11:48,331 [pool-126-thread-1] INFO  storage.RaftStorageDirectory (RaftStorageDirectory.java:tryLock(328)) - Lock on /workdir/hadoop-ozone/integration-test/target/test-dir/MiniOzoneClusterImpl-46891ce3-8eb0-4315-8db6-3822c3bd7dcf/datanode-0/data/ratis/833e0711-562c-451d-8471-5fce3f8029bf/in_use.lock acquired by nodename 1515@pr-hdds-1094-nn687-1629055932
2019-08-23 09:11:48,346 [pool-126-thread-1] INFO  storage.RaftStorage (RaftStorage.java:format(72)) - Storage directory /workdir/hadoop-ozone/integration-test/target/test-dir/MiniOzoneClusterImpl-46891ce3-8eb0-4315-8db6-3822c3bd7dcf/datanode-0/data/ratis/833e0711-562c-451d-8471-5fce3f8029bf has been successfully formatted.
2019-08-23 09:11:48,346 [pool-126-thread-1] INFO  ratis.ContainerStateMachine (ContainerStateMachine.java:loadSnapshot(226)) - group-5FCE3F8029BF: The snapshot info is null. Setting the last applied indexto:(t:0, i:~)
2019-08-23 09:11:48,346 [pool-126-thread-1] INFO  server.RaftServerConfigKeys (ConfUtils.java:logGet(43)) - raft.server.leader.election.timeout = 120s (custom)
2019-08-23 09:11:48,346 [pool-126-thread-1] INFO  server.RaftServerConfigKeys (ConfUtils.java:logGet(43)) - raft.server.log.use.memory = false (default)
2019-08-23 09:11:48,347 [pool-126-thread-1] INFO  server.RaftServerConfigKeys (ConfUtils.java:logGet(43)) - raft.server.log.purge.gap = 1000000 (custom)
2019-08-23 09:11:48,347 [pool-126-thread-1] INFO  server.RaftServerConfigKeys (ConfUtils.java:logGet(43)) - raft.server.log.appender.buffer.byte-limit = 33554432 (custom)
2019-08-23 09:11:48,347 [pool-126-thread-1] INFO  server.RaftServerConfigKeys (ConfUtils.java:logGet(43)) - raft.server.log.segment.size.max = 1048576 (custom)
2019-08-23 09:11:48,347 [pool-126-thread-1] INFO  server.RaftServerConfigKeys (ConfUtils.java:logGet(43)) - raft.server.log.segment.cache.num.max = 2 (custom)
2019-08-23 09:11:48,347 [pool-126-thread-1] INFO  segmented.SegmentedRaftLogWorker (SegmentedRaftLogWorker.java:<init>(172)) - new ce3b71d6-803c-4999-98a7-ed3c8197db33-SegmentedRaftLogWorker:Storage Directory /workdir/hadoop-ozone/integration-test/target/test-dir/MiniOzoneClusterImpl-46891ce3-8eb0-4315-8db6-3822c3bd7dcf/datanode-0/data/ratis/833e0711-562c-451d-8471-5fce3f8029bf for RaftStorage:Storage Directory /workdir/hadoop-ozone/integration-test/target/test-dir/MiniOzoneClusterImpl-46891ce3-8eb0-4315-8db6-3822c3bd7dcf/datanode-0/data/ratis/833e0711-562c-451d-8471-5fce3f8029bf
2019-08-23 09:11:48,348 [pool-126-thread-1] INFO  server.RaftServerConfigKeys (ConfUtils.java:logGet(43)) - raft.server.log.queue.byte-limit = 2147483647 (custom)
2019-08-23 09:11:48,348 [pool-126-thread-1] INFO  server.RaftServerConfigKeys (ConfUtils.java:logGet(43)) - raft.server.log.queue.element-limit = 1024 (custom)
2019-08-23 09:11:48,348 [pool-126-thread-1] INFO  server.RaftServerConfigKeys (ConfUtils.java:logGet(43)) - raft.server.log.segment.size.max = 1048576 (custom)
2019-08-23 09:11:48,349 [pool-126-thread-1] INFO  server.RaftServerConfigKeys (ConfUtils.java:logGet(43)) - raft.server.log.preallocated.size = 16384 (custom)
2019-08-23 09:11:48,349 [pool-126-thread-1] INFO  server.RaftServerConfigKeys (ConfUtils.java:logGet(43)) - raft.server.log.write.buffer.size = 33554432 (custom)
2019-08-23 09:11:48,349 [pool-126-thread-1] INFO  server.RaftServerConfigKeys (ConfUtils.java:logGet(43)) - raft.server.log.force.sync.num = 128 (default)
2019-08-23 09:11:48,349 [pool-126-thread-1] INFO  server.RaftServerConfigKeys (ConfUtils.java:logGet(43)) - raft.server.log.statemachine.data.sync = true (default)
2019-08-23 09:11:48,349 [pool-126-thread-1] INFO  server.RaftServerConfigKeys (ConfUtils.java:logGet(43)) - raft.server.log.statemachine.data.sync.timeout = 10s (default)
2019-08-23 09:11:48,349 [pool-126-thread-1] INFO  server.RaftServerConfigKeys (ConfUtils.java:logGet(43)) - raft.server.log.statemachine.data.sync.timeout.retry = -1 (default)
2019-08-23 09:11:48,350 [pool-126-thread-1] INFO  server.RaftServerConfigKeys (ConfUtils.java:logGet(43)) - raft.server.log.statemachine.data.caching.enabled = true (custom)
2019-08-23 09:11:48,350 [pool-126-thread-1] INFO  segmented.SegmentedRaftLogWorker (SegmentedRaftLogWorker.java:lambda$new$0(132)) - ce3b71d6-803c-4999-98a7-ed3c8197db33-SegmentedRaftLogWorker:Storage Directory /workdir/hadoop-ozone/integration-test/target/test-dir/MiniOzoneClusterImpl-46891ce3-8eb0-4315-8db6-3822c3bd7dcf/datanode-0/data/ratis/833e0711-562c-451d-8471-5fce3f8029bf: flushIndex: setUnconditionally 0 -> -1
2019-08-23 09:11:48,351 [pool-126-thread-1] INFO  server.RaftServerConfigKeys (ConfUtils.java:logGet(43)) - raft.server.snapshot.auto.trigger.enabled = true (custom)
2019-08-23 09:11:48,351 [pool-126-thread-1] INFO  server.RaftServerConfigKeys (ConfUtils.java:logGet(43)) - raft.server.snapshot.auto.trigger.threshold = 10000 (custom)
2019-08-23 09:11:48,351 [pool-126-thread-1] INFO  server.RaftServerConfigKeys (ConfUtils.java:logGet(43)) - raft.server.retrycache.expirytime = 600000ms (custom)
2019-08-23 09:11:48,352 [pool-126-thread-1] INFO  impl.RaftServerImpl (RaftServerImpl.java:start(180)) - ce3b71d6-803c-4999-98a7-ed3c8197db33: start group-5FCE3F8029BF
2019-08-23 09:11:48,352 [pool-126-thread-1] INFO  impl.RaftServerImpl (RaftServerImpl.java:setRole(171)) - ce3b71d6-803c-4999-98a7-ed3c8197db33:group-5FCE3F8029BF changes role from null to FOLLOWER at term 0 for startAsFollower
2019-08-23 09:11:48,352 [pool-126-thread-1] INFO  impl.RoleInfo (RoleInfo.java:updateAndGet(143)) - ce3b71d6-803c-4999-98a7-ed3c8197db33: start FollowerState
2019-08-23 09:11:48,354 [pool-126-thread-1] INFO  util.JmxRegister (JmxRegister.java:tryRegister(44)) - Successfully registered JMX Bean with object name Ratis:service=RaftServer,group=group-5FCE3F8029BF,id=ce3b71d6-803c-4999-98a7-ed3c8197db33
2019-08-23 09:11:48,358 [RatisPipelineUtilsThread] INFO  pipeline.PipelineStateManager (PipelineStateManager.java:addPipeline(56)) - Created pipeline Pipeline[ Id: 833e0711-562c-451d-8471-5fce3f8029bf, Nodes: ce3b71d6-803c-4999-98a7-ed3c8197db33{ip: 192.168.69.105, host: pr-hdds-1094-nn687-1629055932, networkLocation: /default-rack, certSerialId: null}, Type:RATIS, Factor:ONE, State:OPEN]
2019-08-23 09:11:48,521 [IPC Server handler 1 on 46524] INFO  net.NetworkTopology (NetworkTopologyImpl.java:add(110)) - Added a new node: /default-rack/41b9b824-85d6-416a-bf4a-c5cccd6fce1e
2019-08-23 09:11:48,521 [IPC Server handler 1 on 46524] INFO  node.SCMNodeManager (SCMNodeManager.java:register(273)) - Registered Data node : 41b9b824-85d6-416a-bf4a-c5cccd6fce1e{ip: 192.168.69.105, host: pr-hdds-1094-nn687-1629055932, networkLocation: /default-rack, certSerialId: null}
2019-08-23 09:11:48,522 | INFO  | SCMAudit | user=jenkins1000 | ip=192.168.69.105 | op=REGISTER {datanodeDetails=41b9b824-85d6-416a-bf4a-c5cccd6fce1e{ip: 192.168.69.105, host: pr-hdds-1094-nn687-1629055932, networkLocation: /default-rack, certSerialId: null}} | ret=SUCCESS |  
2019-08-23 09:11:48,531 [grpc-default-executor-5] INFO  impl.RaftServerProxy (RaftServerProxy.java:addNew(89)) - 41b9b824-85d6-416a-bf4a-c5cccd6fce1e: addNew group-3AF65F16054E:[41b9b824-85d6-416a-bf4a-c5cccd6fce1e:192.168.69.105:35086] returns group-3AF65F16054E:java.util.concurrent.CompletableFuture@ba166ad[Not completed]
2019-08-23 09:11:48,536 [pool-137-thread-1] INFO  impl.RaftServerImpl (RaftServerImpl.java:<init>(93)) - 41b9b824-85d6-416a-bf4a-c5cccd6fce1e: new RaftServerImpl for group-3AF65F16054E:[41b9b824-85d6-416a-bf4a-c5cccd6fce1e:192.168.69.105:35086] with ContainerStateMachine:uninitialized
2019-08-23 09:11:48,536 [pool-137-thread-1] INFO  server.RaftServerConfigKeys (ConfUtils.java:logGet(43)) - raft.server.rpc.timeout.min = 5s (custom)
2019-08-23 09:11:48,536 [pool-137-thread-1] INFO  server.RaftServerConfigKeys (ConfUtils.java:logGet(43)) - raft.server.rpc.timeout.max = 5200ms (custom)
2019-08-23 09:11:48,536 [pool-137-thread-1] INFO  server.RaftServerConfigKeys (ConfUtils.java:logGet(43)) - raft.server.rpcslowness.timeout = 120s (custom)
2019-08-23 09:11:48,536 [pool-137-thread-1] INFO  server.RaftServerConfigKeys (ConfUtils.java:logGet(43)) - raft.server.sleep.deviation.threshold = 300 (default)
2019-08-23 09:11:48,537 [pool-137-thread-1] INFO  server.RaftServerConfigKeys (ConfUtils.java:logGet(43)) - raft.server.log.appender.install.snapshot.enabled = false (custom)
2019-08-23 09:11:48,537 [pool-137-thread-1] INFO  impl.RaftServerImpl (ServerState.java:<init>(105)) - 41b9b824-85d6-416a-bf4a-c5cccd6fce1e:group-3AF65F16054E ConfigurationManager, init=-1: [41b9b824-85d6-416a-bf4a-c5cccd6fce1e:192.168.69.105:35086], old=null, confs=<EMPTY_MAP>
2019-08-23 09:11:48,537 [pool-137-thread-1] INFO  server.RaftServerConfigKeys (ConfUtils.java:logGet(43)) - raft.server.storage.dir = [/workdir/hadoop-ozone/integration-test/target/test-dir/MiniOzoneClusterImpl-46891ce3-8eb0-4315-8db6-3822c3bd7dcf/datanode-1/data/ratis] (custom)
2019-08-23 09:11:48,537 [pool-137-thread-1] INFO  storage.RaftStorageDirectory (RaftStorageDirectory.java:analyzeStorage(246)) - The storage directory /workdir/hadoop-ozone/integration-test/target/test-dir/MiniOzoneClusterImpl-46891ce3-8eb0-4315-8db6-3822c3bd7dcf/datanode-1/data/ratis/5ab100cc-e287-41c4-bbc7-3af65f16054e does not exist. Creating ...
2019-08-23 09:11:48,551 [pool-137-thread-1] INFO  storage.RaftStorageDirectory (RaftStorageDirectory.java:tryLock(328)) - Lock on /workdir/hadoop-ozone/integration-test/target/test-dir/MiniOzoneClusterImpl-46891ce3-8eb0-4315-8db6-3822c3bd7dcf/datanode-1/data/ratis/5ab100cc-e287-41c4-bbc7-3af65f16054e/in_use.lock acquired by nodename 1515@pr-hdds-1094-nn687-1629055932
2019-08-23 09:11:48,565 [pool-137-thread-1] INFO  storage.RaftStorage (RaftStorage.java:format(72)) - Storage directory /workdir/hadoop-ozone/integration-test/target/test-dir/MiniOzoneClusterImpl-46891ce3-8eb0-4315-8db6-3822c3bd7dcf/datanode-1/data/ratis/5ab100cc-e287-41c4-bbc7-3af65f16054e has been successfully formatted.
2019-08-23 09:11:48,565 [pool-137-thread-1] INFO  ratis.ContainerStateMachine (ContainerStateMachine.java:loadSnapshot(226)) - group-3AF65F16054E: The snapshot info is null. Setting the last applied indexto:(t:0, i:~)
2019-08-23 09:11:48,565 [pool-137-thread-1] INFO  server.RaftServerConfigKeys (ConfUtils.java:logGet(43)) - raft.server.leader.election.timeout = 120s (custom)
2019-08-23 09:11:48,565 [pool-137-thread-1] INFO  server.RaftServerConfigKeys (ConfUtils.java:logGet(43)) - raft.server.log.use.memory = false (default)
2019-08-23 09:11:48,565 [pool-137-thread-1] INFO  server.RaftServerConfigKeys (ConfUtils.java:logGet(43)) - raft.server.log.purge.gap = 1000000 (custom)
2019-08-23 09:11:48,566 [pool-137-thread-1] INFO  server.RaftServerConfigKeys (ConfUtils.java:logGet(43)) - raft.server.log.appender.buffer.byte-limit = 33554432 (custom)
2019-08-23 09:11:48,566 [pool-137-thread-1] INFO  server.RaftServerConfigKeys (ConfUtils.java:logGet(43)) - raft.server.log.segment.size.max = 1048576 (custom)
2019-08-23 09:11:48,566 [pool-137-thread-1] INFO  server.RaftServerConfigKeys (ConfUtils.java:logGet(43)) - raft.server.log.segment.cache.num.max = 2 (custom)
2019-08-23 09:11:48,566 [pool-137-thread-1] INFO  segmented.SegmentedRaftLogWorker (SegmentedRaftLogWorker.java:<init>(172)) - new 41b9b824-85d6-416a-bf4a-c5cccd6fce1e-SegmentedRaftLogWorker:Storage Directory /workdir/hadoop-ozone/integration-test/target/test-dir/MiniOzoneClusterImpl-46891ce3-8eb0-4315-8db6-3822c3bd7dcf/datanode-1/data/ratis/5ab100cc-e287-41c4-bbc7-3af65f16054e for RaftStorage:Storage Directory /workdir/hadoop-ozone/integration-test/target/test-dir/MiniOzoneClusterImpl-46891ce3-8eb0-4315-8db6-3822c3bd7dcf/datanode-1/data/ratis/5ab100cc-e287-41c4-bbc7-3af65f16054e
2019-08-23 09:11:48,566 [pool-137-thread-1] INFO  server.RaftServerConfigKeys (ConfUtils.java:logGet(43)) - raft.server.log.queue.byte-limit = 2147483647 (custom)
2019-08-23 09:11:48,567 [pool-137-thread-1] INFO  server.RaftServerConfigKeys (ConfUtils.java:logGet(43)) - raft.server.log.queue.element-limit = 1024 (custom)
2019-08-23 09:11:48,567 [pool-137-thread-1] INFO  server.RaftServerConfigKeys (ConfUtils.java:logGet(43)) - raft.server.log.segment.size.max = 1048576 (custom)
2019-08-23 09:11:48,567 [pool-137-thread-1] INFO  server.RaftServerConfigKeys (ConfUtils.java:logGet(43)) - raft.server.log.preallocated.size = 16384 (custom)
2019-08-23 09:11:48,567 [pool-137-thread-1] INFO  server.RaftServerConfigKeys (ConfUtils.java:logGet(43)) - raft.server.log.write.buffer.size = 33554432 (custom)
2019-08-23 09:11:48,568 [pool-137-thread-1] INFO  server.RaftServerConfigKeys (ConfUtils.java:logGet(43)) - raft.server.log.force.sync.num = 128 (default)
2019-08-23 09:11:48,568 [pool-137-thread-1] INFO  server.RaftServerConfigKeys (ConfUtils.java:logGet(43)) - raft.server.log.statemachine.data.sync = true (default)
2019-08-23 09:11:48,568 [pool-137-thread-1] INFO  server.RaftServerConfigKeys (ConfUtils.java:logGet(43)) - raft.server.log.statemachine.data.sync.timeout = 10s (default)
2019-08-23 09:11:48,568 [pool-137-thread-1] INFO  server.RaftServerConfigKeys (ConfUtils.java:logGet(43)) - raft.server.log.statemachine.data.sync.timeout.retry = -1 (default)
2019-08-23 09:11:48,568 [pool-137-thread-1] INFO  server.RaftServerConfigKeys (ConfUtils.java:logGet(43)) - raft.server.log.statemachine.data.caching.enabled = true (custom)
2019-08-23 09:11:48,569 [pool-137-thread-1] INFO  segmented.SegmentedRaftLogWorker (SegmentedRaftLogWorker.java:lambda$new$0(132)) - 41b9b824-85d6-416a-bf4a-c5cccd6fce1e-SegmentedRaftLogWorker:Storage Directory /workdir/hadoop-ozone/integration-test/target/test-dir/MiniOzoneClusterImpl-46891ce3-8eb0-4315-8db6-3822c3bd7dcf/datanode-1/data/ratis/5ab100cc-e287-41c4-bbc7-3af65f16054e: flushIndex: setUnconditionally 0 -> -1
2019-08-23 09:11:48,569 [pool-137-thread-1] INFO  server.RaftServerConfigKeys (ConfUtils.java:logGet(43)) - raft.server.snapshot.auto.trigger.enabled = true (custom)
2019-08-23 09:11:48,569 [pool-137-thread-1] INFO  server.RaftServerConfigKeys (ConfUtils.java:logGet(43)) - raft.server.snapshot.auto.trigger.threshold = 10000 (custom)
2019-08-23 09:11:48,570 [pool-137-thread-1] INFO  server.RaftServerConfigKeys (ConfUtils.java:logGet(43)) - raft.server.retrycache.expirytime = 600000ms (custom)
2019-08-23 09:11:48,570 [pool-137-thread-1] INFO  impl.RaftServerImpl (RaftServerImpl.java:start(180)) - 41b9b824-85d6-416a-bf4a-c5cccd6fce1e: start group-3AF65F16054E
2019-08-23 09:11:48,570 [pool-137-thread-1] INFO  impl.RaftServerImpl (RaftServerImpl.java:setRole(171)) - 41b9b824-85d6-416a-bf4a-c5cccd6fce1e:group-3AF65F16054E changes role from null to FOLLOWER at term 0 for startAsFollower
2019-08-23 09:11:48,570 [pool-137-thread-1] INFO  impl.RoleInfo (RoleInfo.java:updateAndGet(143)) - 41b9b824-85d6-416a-bf4a-c5cccd6fce1e: start FollowerState
2019-08-23 09:11:48,571 [pool-137-thread-1] INFO  util.JmxRegister (JmxRegister.java:tryRegister(44)) - Successfully registered JMX Bean with object name Ratis:service=RaftServer,group=group-3AF65F16054E,id=41b9b824-85d6-416a-bf4a-c5cccd6fce1e
2019-08-23 09:11:48,574 [RatisPipelineUtilsThread] INFO  pipeline.PipelineStateManager (PipelineStateManager.java:addPipeline(56)) - Created pipeline Pipeline[ Id: 5ab100cc-e287-41c4-bbc7-3af65f16054e, Nodes: 41b9b824-85d6-416a-bf4a-c5cccd6fce1e{ip: 192.168.69.105, host: pr-hdds-1094-nn687-1629055932, networkLocation: /default-rack, certSerialId: null}, Type:RATIS, Factor:ONE, State:OPEN]
2019-08-23 09:11:48,720 [IPC Server handler 2 on 46524] INFO  net.NetworkTopology (NetworkTopologyImpl.java:add(110)) - Added a new node: /default-rack/06d76673-acfc-4852-ba17-8edfd4d37f5d
2019-08-23 09:11:48,721 [IPC Server handler 2 on 46524] INFO  node.SCMNodeManager (SCMNodeManager.java:register(273)) - Registered Data node : 06d76673-acfc-4852-ba17-8edfd4d37f5d{ip: 192.168.69.105, host: pr-hdds-1094-nn687-1629055932, networkLocation: /default-rack, certSerialId: null}
2019-08-23 09:11:48,725 | INFO  | SCMAudit | user=jenkins1000 | ip=192.168.69.105 | op=REGISTER {datanodeDetails=06d76673-acfc-4852-ba17-8edfd4d37f5d{ip: 192.168.69.105, host: pr-hdds-1094-nn687-1629055932, networkLocation: /default-rack, certSerialId: null}} | ret=SUCCESS |  
2019-08-23 09:11:48,734 [grpc-default-executor-5] INFO  impl.RaftServerProxy (RaftServerProxy.java:addNew(89)) - 06d76673-acfc-4852-ba17-8edfd4d37f5d: addNew group-E29C5FD872E6:[06d76673-acfc-4852-ba17-8edfd4d37f5d:192.168.69.105:42001] returns group-E29C5FD872E6:java.util.concurrent.CompletableFuture@2673ad1f[Not completed]
2019-08-23 09:11:48,740 [pool-148-thread-1] INFO  impl.RaftServerImpl (RaftServerImpl.java:<init>(93)) - 06d76673-acfc-4852-ba17-8edfd4d37f5d: new RaftServerImpl for group-E29C5FD872E6:[06d76673-acfc-4852-ba17-8edfd4d37f5d:192.168.69.105:42001] with ContainerStateMachine:uninitialized
2019-08-23 09:11:48,740 [pool-148-thread-1] INFO  server.RaftServerConfigKeys (ConfUtils.java:logGet(43)) - raft.server.rpc.timeout.min = 5s (custom)
2019-08-23 09:11:48,740 [pool-148-thread-1] INFO  server.RaftServerConfigKeys (ConfUtils.java:logGet(43)) - raft.server.rpc.timeout.max = 5200ms (custom)
2019-08-23 09:11:48,741 [pool-148-thread-1] INFO  server.RaftServerConfigKeys (ConfUtils.java:logGet(43)) - raft.server.rpcslowness.timeout = 120s (custom)
2019-08-23 09:11:48,741 [pool-148-thread-1] INFO  server.RaftServerConfigKeys (ConfUtils.java:logGet(43)) - raft.server.sleep.deviation.threshold = 300 (default)
2019-08-23 09:11:48,741 [pool-148-thread-1] INFO  server.RaftServerConfigKeys (ConfUtils.java:logGet(43)) - raft.server.log.appender.install.snapshot.enabled = false (custom)
2019-08-23 09:11:48,741 [pool-148-thread-1] INFO  impl.RaftServerImpl (ServerState.java:<init>(105)) - 06d76673-acfc-4852-ba17-8edfd4d37f5d:group-E29C5FD872E6 ConfigurationManager, init=-1: [06d76673-acfc-4852-ba17-8edfd4d37f5d:192.168.69.105:42001], old=null, confs=<EMPTY_MAP>
2019-08-23 09:11:48,741 [pool-148-thread-1] INFO  server.RaftServerConfigKeys (ConfUtils.java:logGet(43)) - raft.server.storage.dir = [/workdir/hadoop-ozone/integration-test/target/test-dir/MiniOzoneClusterImpl-46891ce3-8eb0-4315-8db6-3822c3bd7dcf/datanode-2/data/ratis] (custom)
2019-08-23 09:11:48,742 [pool-148-thread-1] INFO  storage.RaftStorageDirectory (RaftStorageDirectory.java:analyzeStorage(246)) - The storage directory /workdir/hadoop-ozone/integration-test/target/test-dir/MiniOzoneClusterImpl-46891ce3-8eb0-4315-8db6-3822c3bd7dcf/datanode-2/data/ratis/ba062c79-6253-4872-b4fa-e29c5fd872e6 does not exist. Creating ...
2019-08-23 09:11:48,755 [pool-148-thread-1] INFO  storage.RaftStorageDirectory (RaftStorageDirectory.java:tryLock(328)) - Lock on /workdir/hadoop-ozone/integration-test/target/test-dir/MiniOzoneClusterImpl-46891ce3-8eb0-4315-8db6-3822c3bd7dcf/datanode-2/data/ratis/ba062c79-6253-4872-b4fa-e29c5fd872e6/in_use.lock acquired by nodename 1515@pr-hdds-1094-nn687-1629055932
2019-08-23 09:11:48,776 [pool-148-thread-1] INFO  storage.RaftStorage (RaftStorage.java:format(72)) - Storage directory /workdir/hadoop-ozone/integration-test/target/test-dir/MiniOzoneClusterImpl-46891ce3-8eb0-4315-8db6-3822c3bd7dcf/datanode-2/data/ratis/ba062c79-6253-4872-b4fa-e29c5fd872e6 has been successfully formatted.
2019-08-23 09:11:48,776 [pool-148-thread-1] INFO  ratis.ContainerStateMachine (ContainerStateMachine.java:loadSnapshot(226)) - group-E29C5FD872E6: The snapshot info is null. Setting the last applied indexto:(t:0, i:~)
2019-08-23 09:11:48,776 [pool-148-thread-1] INFO  server.RaftServerConfigKeys (ConfUtils.java:logGet(43)) - raft.server.leader.election.timeout = 120s (custom)
2019-08-23 09:11:48,776 [pool-148-thread-1] INFO  server.RaftServerConfigKeys (ConfUtils.java:logGet(43)) - raft.server.log.use.memory = false (default)
2019-08-23 09:11:48,776 [pool-148-thread-1] INFO  server.RaftServerConfigKeys (ConfUtils.java:logGet(43)) - raft.server.log.purge.gap = 1000000 (custom)
2019-08-23 09:11:48,777 [pool-148-thread-1] INFO  server.RaftServerConfigKeys (ConfUtils.java:logGet(43)) - raft.server.log.appender.buffer.byte-limit = 33554432 (custom)
2019-08-23 09:11:48,777 [pool-148-thread-1] INFO  server.RaftServerConfigKeys (ConfUtils.java:logGet(43)) - raft.server.log.segment.size.max = 1048576 (custom)
2019-08-23 09:11:48,777 [pool-148-thread-1] INFO  server.RaftServerConfigKeys (ConfUtils.java:logGet(43)) - raft.server.log.segment.cache.num.max = 2 (custom)
2019-08-23 09:11:48,777 [pool-148-thread-1] INFO  segmented.SegmentedRaftLogWorker (SegmentedRaftLogWorker.java:<init>(172)) - new 06d76673-acfc-4852-ba17-8edfd4d37f5d-SegmentedRaftLogWorker:Storage Directory /workdir/hadoop-ozone/integration-test/target/test-dir/MiniOzoneClusterImpl-46891ce3-8eb0-4315-8db6-3822c3bd7dcf/datanode-2/data/ratis/ba062c79-6253-4872-b4fa-e29c5fd872e6 for RaftStorage:Storage Directory /workdir/hadoop-ozone/integration-test/target/test-dir/MiniOzoneClusterImpl-46891ce3-8eb0-4315-8db6-3822c3bd7dcf/datanode-2/data/ratis/ba062c79-6253-4872-b4fa-e29c5fd872e6
2019-08-23 09:11:48,777 [pool-148-thread-1] INFO  server.RaftServerConfigKeys (ConfUtils.java:logGet(43)) - raft.server.log.queue.byte-limit = 2147483647 (custom)
2019-08-23 09:11:48,777 [pool-148-thread-1] INFO  server.RaftServerConfigKeys (ConfUtils.java:logGet(43)) - raft.server.log.queue.element-limit = 1024 (custom)
2019-08-23 09:11:48,778 [pool-148-thread-1] INFO  server.RaftServerConfigKeys (ConfUtils.java:logGet(43)) - raft.server.log.segment.size.max = 1048576 (custom)
2019-08-23 09:11:48,778 [pool-148-thread-1] INFO  server.RaftServerConfigKeys (ConfUtils.java:logGet(43)) - raft.server.log.preallocated.size = 16384 (custom)
2019-08-23 09:11:48,778 [pool-148-thread-1] INFO  server.RaftServerConfigKeys (ConfUtils.java:logGet(43)) - raft.server.log.write.buffer.size = 33554432 (custom)
2019-08-23 09:11:48,778 [pool-148-thread-1] INFO  server.RaftServerConfigKeys (ConfUtils.java:logGet(43)) - raft.server.log.force.sync.num = 128 (default)
2019-08-23 09:11:48,778 [pool-148-thread-1] INFO  server.RaftServerConfigKeys (ConfUtils.java:logGet(43)) - raft.server.log.statemachine.data.sync = true (default)
2019-08-23 09:11:48,778 [pool-148-thread-1] INFO  server.RaftServerConfigKeys (ConfUtils.java:logGet(43)) - raft.server.log.statemachine.data.sync.timeout = 10s (default)
2019-08-23 09:11:48,779 [pool-148-thread-1] INFO  server.RaftServerConfigKeys (ConfUtils.java:logGet(43)) - raft.server.log.statemachine.data.sync.timeout.retry = -1 (default)
2019-08-23 09:11:48,779 [pool-148-thread-1] INFO  server.RaftServerConfigKeys (ConfUtils.java:logGet(43)) - raft.server.log.statemachine.data.caching.enabled = true (custom)
2019-08-23 09:11:48,779 [pool-148-thread-1] INFO  segmented.SegmentedRaftLogWorker (SegmentedRaftLogWorker.java:lambda$new$0(132)) - 06d76673-acfc-4852-ba17-8edfd4d37f5d-SegmentedRaftLogWorker:Storage Directory /workdir/hadoop-ozone/integration-test/target/test-dir/MiniOzoneClusterImpl-46891ce3-8eb0-4315-8db6-3822c3bd7dcf/datanode-2/data/ratis/ba062c79-6253-4872-b4fa-e29c5fd872e6: flushIndex: setUnconditionally 0 -> -1
2019-08-23 09:11:48,780 [pool-148-thread-1] INFO  server.RaftServerConfigKeys (ConfUtils.java:logGet(43)) - raft.server.snapshot.auto.trigger.enabled = true (custom)
2019-08-23 09:11:48,780 [pool-148-thread-1] INFO  server.RaftServerConfigKeys (ConfUtils.java:logGet(43)) - raft.server.snapshot.auto.trigger.threshold = 10000 (custom)
2019-08-23 09:11:48,780 [pool-148-thread-1] INFO  server.RaftServerConfigKeys (ConfUtils.java:logGet(43)) - raft.server.retrycache.expirytime = 600000ms (custom)
2019-08-23 09:11:48,780 [pool-148-thread-1] INFO  impl.RaftServerImpl (RaftServerImpl.java:start(180)) - 06d76673-acfc-4852-ba17-8edfd4d37f5d: start group-E29C5FD872E6
2019-08-23 09:11:48,780 [pool-148-thread-1] INFO  impl.RaftServerImpl (RaftServerImpl.java:setRole(171)) - 06d76673-acfc-4852-ba17-8edfd4d37f5d:group-E29C5FD872E6 changes role from null to FOLLOWER at term 0 for startAsFollower
2019-08-23 09:11:48,781 [pool-148-thread-1] INFO  impl.RoleInfo (RoleInfo.java:updateAndGet(143)) - 06d76673-acfc-4852-ba17-8edfd4d37f5d: start FollowerState
2019-08-23 09:11:48,781 [pool-148-thread-1] INFO  util.JmxRegister (JmxRegister.java:tryRegister(44)) - Successfully registered JMX Bean with object name Ratis:service=RaftServer,group=group-E29C5FD872E6,id=06d76673-acfc-4852-ba17-8edfd4d37f5d
2019-08-23 09:11:48,784 [RatisPipelineUtilsThread] INFO  pipeline.PipelineStateManager (PipelineStateManager.java:addPipeline(56)) - Created pipeline Pipeline[ Id: ba062c79-6253-4872-b4fa-e29c5fd872e6, Nodes: 06d76673-acfc-4852-ba17-8edfd4d37f5d{ip: 192.168.69.105, host: pr-hdds-1094-nn687-1629055932, networkLocation: /default-rack, certSerialId: null}, Type:RATIS, Factor:ONE, State:OPEN]
2019-08-23 09:11:48,799 [grpc-default-executor-2] INFO  impl.RaftServerProxy (RaftServerProxy.java:addNew(89)) - 41b9b824-85d6-416a-bf4a-c5cccd6fce1e: addNew group-73033864ACD7:[ce3b71d6-803c-4999-98a7-ed3c8197db33:192.168.69.105:44477, 41b9b824-85d6-416a-bf4a-c5cccd6fce1e:192.168.69.105:35086, 06d76673-acfc-4852-ba17-8edfd4d37f5d:192.168.69.105:42001] returns group-73033864ACD7:java.util.concurrent.CompletableFuture@39a337e4[Not completed]
2019-08-23 09:11:48,799 [grpc-default-executor-1] INFO  impl.RaftServerProxy (RaftServerProxy.java:addNew(89)) - ce3b71d6-803c-4999-98a7-ed3c8197db33: addNew group-73033864ACD7:[ce3b71d6-803c-4999-98a7-ed3c8197db33:192.168.69.105:44477, 41b9b824-85d6-416a-bf4a-c5cccd6fce1e:192.168.69.105:35086, 06d76673-acfc-4852-ba17-8edfd4d37f5d:192.168.69.105:42001] returns group-73033864ACD7:java.util.concurrent.CompletableFuture@b1a3968[Not completed]
2019-08-23 09:11:48,799 [grpc-default-executor-5] INFO  impl.RaftServerProxy (RaftServerProxy.java:addNew(89)) - 06d76673-acfc-4852-ba17-8edfd4d37f5d: addNew group-73033864ACD7:[ce3b71d6-803c-4999-98a7-ed3c8197db33:192.168.69.105:44477, 41b9b824-85d6-416a-bf4a-c5cccd6fce1e:192.168.69.105:35086, 06d76673-acfc-4852-ba17-8edfd4d37f5d:192.168.69.105:42001] returns group-73033864ACD7:java.util.concurrent.CompletableFuture@1aaa3265[Not completed]
2019-08-23 09:11:48,801 [pool-137-thread-1] INFO  impl.RaftServerImpl (RaftServerImpl.java:<init>(93)) - 41b9b824-85d6-416a-bf4a-c5cccd6fce1e: new RaftServerImpl for group-73033864ACD7:[ce3b71d6-803c-4999-98a7-ed3c8197db33:192.168.69.105:44477, 41b9b824-85d6-416a-bf4a-c5cccd6fce1e:192.168.69.105:35086, 06d76673-acfc-4852-ba17-8edfd4d37f5d:192.168.69.105:42001] with ContainerStateMachine:uninitialized
2019-08-23 09:11:48,801 [pool-137-thread-1] INFO  server.RaftServerConfigKeys (ConfUtils.java:logGet(43)) - raft.server.rpc.timeout.min = 5s (custom)
2019-08-23 09:11:48,801 [pool-137-thread-1] INFO  server.RaftServerConfigKeys (ConfUtils.java:logGet(43)) - raft.server.rpc.timeout.max = 5200ms (custom)
2019-08-23 09:11:48,801 [pool-137-thread-1] INFO  server.RaftServerConfigKeys (ConfUtils.java:logGet(43)) - raft.server.rpcslowness.timeout = 120s (custom)
2019-08-23 09:11:48,801 [pool-137-thread-1] INFO  server.RaftServerConfigKeys (ConfUtils.java:logGet(43)) - raft.server.sleep.deviation.threshold = 300 (default)
2019-08-23 09:11:48,801 [pool-137-thread-1] INFO  server.RaftServerConfigKeys (ConfUtils.java:logGet(43)) - raft.server.log.appender.install.snapshot.enabled = false (custom)
2019-08-23 09:11:48,802 [pool-137-thread-1] INFO  impl.RaftServerImpl (ServerState.java:<init>(105)) - 41b9b824-85d6-416a-bf4a-c5cccd6fce1e:group-73033864ACD7 ConfigurationManager, init=-1: [ce3b71d6-803c-4999-98a7-ed3c8197db33:192.168.69.105:44477, 41b9b824-85d6-416a-bf4a-c5cccd6fce1e:192.168.69.105:35086, 06d76673-acfc-4852-ba17-8edfd4d37f5d:192.168.69.105:42001], old=null, confs=<EMPTY_MAP>
2019-08-23 09:11:48,802 [pool-137-thread-1] INFO  server.RaftServerConfigKeys (ConfUtils.java:logGet(43)) - raft.server.storage.dir = [/workdir/hadoop-ozone/integration-test/target/test-dir/MiniOzoneClusterImpl-46891ce3-8eb0-4315-8db6-3822c3bd7dcf/datanode-1/data/ratis] (custom)
2019-08-23 09:11:48,802 [pool-137-thread-1] INFO  storage.RaftStorageDirectory (RaftStorageDirectory.java:analyzeStorage(246)) - The storage directory /workdir/hadoop-ozone/integration-test/target/test-dir/MiniOzoneClusterImpl-46891ce3-8eb0-4315-8db6-3822c3bd7dcf/datanode-1/data/ratis/93047d0c-a21e-49b2-a0be-73033864acd7 does not exist. Creating ...
2019-08-23 09:11:48,802 [pool-126-thread-1] INFO  impl.RaftServerImpl (RaftServerImpl.java:<init>(93)) - ce3b71d6-803c-4999-98a7-ed3c8197db33: new RaftServerImpl for group-73033864ACD7:[ce3b71d6-803c-4999-98a7-ed3c8197db33:192.168.69.105:44477, 41b9b824-85d6-416a-bf4a-c5cccd6fce1e:192.168.69.105:35086, 06d76673-acfc-4852-ba17-8edfd4d37f5d:192.168.69.105:42001] with ContainerStateMachine:uninitialized
2019-08-23 09:11:48,802 [pool-126-thread-1] INFO  server.RaftServerConfigKeys (ConfUtils.java:logGet(43)) - raft.server.rpc.timeout.min = 5s (custom)
2019-08-23 09:11:48,803 [pool-126-thread-1] INFO  server.RaftServerConfigKeys (ConfUtils.java:logGet(43)) - raft.server.rpc.timeout.max = 5200ms (custom)
2019-08-23 09:11:48,803 [pool-126-thread-1] INFO  server.RaftServerConfigKeys (ConfUtils.java:logGet(43)) - raft.server.rpcslowness.timeout = 120s (custom)
2019-08-23 09:11:48,803 [pool-126-thread-1] INFO  server.RaftServerConfigKeys (ConfUtils.java:logGet(43)) - raft.server.sleep.deviation.threshold = 300 (default)
2019-08-23 09:11:48,803 [pool-148-thread-1] INFO  impl.RaftServerImpl (RaftServerImpl.java:<init>(93)) - 06d76673-acfc-4852-ba17-8edfd4d37f5d: new RaftServerImpl for group-73033864ACD7:[ce3b71d6-803c-4999-98a7-ed3c8197db33:192.168.69.105:44477, 41b9b824-85d6-416a-bf4a-c5cccd6fce1e:192.168.69.105:35086, 06d76673-acfc-4852-ba17-8edfd4d37f5d:192.168.69.105:42001] with ContainerStateMachine:uninitialized
2019-08-23 09:11:48,803 [pool-126-thread-1] INFO  server.RaftServerConfigKeys (ConfUtils.java:logGet(43)) - raft.server.log.appender.install.snapshot.enabled = false (custom)
2019-08-23 09:11:48,803 [pool-148-thread-1] INFO  server.RaftServerConfigKeys (ConfUtils.java:logGet(43)) - raft.server.rpc.timeout.min = 5s (custom)
2019-08-23 09:11:48,803 [pool-126-thread-1] INFO  impl.RaftServerImpl (ServerState.java:<init>(105)) - ce3b71d6-803c-4999-98a7-ed3c8197db33:group-73033864ACD7 ConfigurationManager, init=-1: [ce3b71d6-803c-4999-98a7-ed3c8197db33:192.168.69.105:44477, 41b9b824-85d6-416a-bf4a-c5cccd6fce1e:192.168.69.105:35086, 06d76673-acfc-4852-ba17-8edfd4d37f5d:192.168.69.105:42001], old=null, confs=<EMPTY_MAP>
2019-08-23 09:11:48,804 [pool-148-thread-1] INFO  server.RaftServerConfigKeys (ConfUtils.java:logGet(43)) - raft.server.rpc.timeout.max = 5200ms (custom)
2019-08-23 09:11:48,804 [pool-126-thread-1] INFO  server.RaftServerConfigKeys (ConfUtils.java:logGet(43)) - raft.server.storage.dir = [/workdir/hadoop-ozone/integration-test/target/test-dir/MiniOzoneClusterImpl-46891ce3-8eb0-4315-8db6-3822c3bd7dcf/datanode-0/data/ratis] (custom)
2019-08-23 09:11:48,804 [pool-148-thread-1] INFO  server.RaftServerConfigKeys (ConfUtils.java:logGet(43)) - raft.server.rpcslowness.timeout = 120s (custom)
2019-08-23 09:11:48,804 [pool-148-thread-1] INFO  server.RaftServerConfigKeys (ConfUtils.java:logGet(43)) - raft.server.sleep.deviation.threshold = 300 (default)
2019-08-23 09:11:48,804 [pool-148-thread-1] INFO  server.RaftServerConfigKeys (ConfUtils.java:logGet(43)) - raft.server.log.appender.install.snapshot.enabled = false (custom)
2019-08-23 09:11:48,804 [pool-126-thread-1] INFO  storage.RaftStorageDirectory (RaftStorageDirectory.java:analyzeStorage(246)) - The storage directory /workdir/hadoop-ozone/integration-test/target/test-dir/MiniOzoneClusterImpl-46891ce3-8eb0-4315-8db6-3822c3bd7dcf/datanode-0/data/ratis/93047d0c-a21e-49b2-a0be-73033864acd7 does not exist. Creating ...
2019-08-23 09:11:48,804 [pool-148-thread-1] INFO  impl.RaftServerImpl (ServerState.java:<init>(105)) - 06d76673-acfc-4852-ba17-8edfd4d37f5d:group-73033864ACD7 ConfigurationManager, init=-1: [ce3b71d6-803c-4999-98a7-ed3c8197db33:192.168.69.105:44477, 41b9b824-85d6-416a-bf4a-c5cccd6fce1e:192.168.69.105:35086, 06d76673-acfc-4852-ba17-8edfd4d37f5d:192.168.69.105:42001], old=null, confs=<EMPTY_MAP>
2019-08-23 09:11:48,805 [pool-148-thread-1] INFO  server.RaftServerConfigKeys (ConfUtils.java:logGet(43)) - raft.server.storage.dir = [/workdir/hadoop-ozone/integration-test/target/test-dir/MiniOzoneClusterImpl-46891ce3-8eb0-4315-8db6-3822c3bd7dcf/datanode-2/data/ratis] (custom)
2019-08-23 09:11:48,805 [pool-148-thread-1] INFO  storage.RaftStorageDirectory (RaftStorageDirectory.java:analyzeStorage(246)) - The storage directory /workdir/hadoop-ozone/integration-test/target/test-dir/MiniOzoneClusterImpl-46891ce3-8eb0-4315-8db6-3822c3bd7dcf/datanode-2/data/ratis/93047d0c-a21e-49b2-a0be-73033864acd7 does not exist. Creating ...
2019-08-23 09:11:48,816 [pool-148-thread-1] INFO  storage.RaftStorageDirectory (RaftStorageDirectory.java:tryLock(328)) - Lock on /workdir/hadoop-ozone/integration-test/target/test-dir/MiniOzoneClusterImpl-46891ce3-8eb0-4315-8db6-3822c3bd7dcf/datanode-2/data/ratis/93047d0c-a21e-49b2-a0be-73033864acd7/in_use.lock acquired by nodename 1515@pr-hdds-1094-nn687-1629055932
2019-08-23 09:11:48,816 [pool-137-thread-1] INFO  storage.RaftStorageDirectory (RaftStorageDirectory.java:tryLock(328)) - Lock on /workdir/hadoop-ozone/integration-test/target/test-dir/MiniOzoneClusterImpl-46891ce3-8eb0-4315-8db6-3822c3bd7dcf/datanode-1/data/ratis/93047d0c-a21e-49b2-a0be-73033864acd7/in_use.lock acquired by nodename 1515@pr-hdds-1094-nn687-1629055932
2019-08-23 09:11:48,816 [pool-126-thread-1] INFO  storage.RaftStorageDirectory (RaftStorageDirectory.java:tryLock(328)) - Lock on /workdir/hadoop-ozone/integration-test/target/test-dir/MiniOzoneClusterImpl-46891ce3-8eb0-4315-8db6-3822c3bd7dcf/datanode-0/data/ratis/93047d0c-a21e-49b2-a0be-73033864acd7/in_use.lock acquired by nodename 1515@pr-hdds-1094-nn687-1629055932
2019-08-23 09:11:48,831 [pool-126-thread-1] INFO  storage.RaftStorage (RaftStorage.java:format(72)) - Storage directory /workdir/hadoop-ozone/integration-test/target/test-dir/MiniOzoneClusterImpl-46891ce3-8eb0-4315-8db6-3822c3bd7dcf/datanode-0/data/ratis/93047d0c-a21e-49b2-a0be-73033864acd7 has been successfully formatted.
2019-08-23 09:11:48,831 [pool-148-thread-1] INFO  storage.RaftStorage (RaftStorage.java:format(72)) - Storage directory /workdir/hadoop-ozone/integration-test/target/test-dir/MiniOzoneClusterImpl-46891ce3-8eb0-4315-8db6-3822c3bd7dcf/datanode-2/data/ratis/93047d0c-a21e-49b2-a0be-73033864acd7 has been successfully formatted.
2019-08-23 09:11:48,831 [pool-137-thread-1] INFO  storage.RaftStorage (RaftStorage.java:format(72)) - Storage directory /workdir/hadoop-ozone/integration-test/target/test-dir/MiniOzoneClusterImpl-46891ce3-8eb0-4315-8db6-3822c3bd7dcf/datanode-1/data/ratis/93047d0c-a21e-49b2-a0be-73033864acd7 has been successfully formatted.
2019-08-23 09:11:48,831 [pool-148-thread-1] INFO  ratis.ContainerStateMachine (ContainerStateMachine.java:loadSnapshot(226)) - group-73033864ACD7: The snapshot info is null. Setting the last applied indexto:(t:0, i:~)
2019-08-23 09:11:48,831 [pool-137-thread-1] INFO  ratis.ContainerStateMachine (ContainerStateMachine.java:loadSnapshot(226)) - group-73033864ACD7: The snapshot info is null. Setting the last applied indexto:(t:0, i:~)
2019-08-23 09:11:48,831 [pool-126-thread-1] INFO  ratis.ContainerStateMachine (ContainerStateMachine.java:loadSnapshot(226)) - group-73033864ACD7: The snapshot info is null. Setting the last applied indexto:(t:0, i:~)
2019-08-23 09:11:48,831 [pool-137-thread-1] INFO  server.RaftServerConfigKeys (ConfUtils.java:logGet(43)) - raft.server.leader.election.timeout = 120s (custom)
2019-08-23 09:11:48,831 [pool-148-thread-1] INFO  server.RaftServerConfigKeys (ConfUtils.java:logGet(43)) - raft.server.leader.election.timeout = 120s (custom)
2019-08-23 09:11:48,832 [pool-137-thread-1] INFO  server.RaftServerConfigKeys (ConfUtils.java:logGet(43)) - raft.server.log.use.memory = false (default)
2019-08-23 09:11:48,832 [pool-126-thread-1] INFO  server.RaftServerConfigKeys (ConfUtils.java:logGet(43)) - raft.server.leader.election.timeout = 120s (custom)
2019-08-23 09:11:48,832 [pool-137-thread-1] INFO  server.RaftServerConfigKeys (ConfUtils.java:logGet(43)) - raft.server.log.purge.gap = 1000000 (custom)
2019-08-23 09:11:48,832 [pool-137-thread-1] INFO  server.RaftServerConfigKeys (ConfUtils.java:logGet(43)) - raft.server.log.appender.buffer.byte-limit = 33554432 (custom)
2019-08-23 09:11:48,832 [pool-148-thread-1] INFO  server.RaftServerConfigKeys (ConfUtils.java:logGet(43)) - raft.server.log.use.memory = false (default)
2019-08-23 09:11:48,832 [pool-137-thread-1] INFO  server.RaftServerConfigKeys (ConfUtils.java:logGet(43)) - raft.server.log.segment.size.max = 1048576 (custom)
2019-08-23 09:11:48,832 [pool-126-thread-1] INFO  server.RaftServerConfigKeys (ConfUtils.java:logGet(43)) - raft.server.log.use.memory = false (default)
2019-08-23 09:11:48,833 [pool-137-thread-1] INFO  server.RaftServerConfigKeys (ConfUtils.java:logGet(43)) - raft.server.log.segment.cache.num.max = 2 (custom)
2019-08-23 09:11:48,833 [pool-148-thread-1] INFO  server.RaftServerConfigKeys (ConfUtils.java:logGet(43)) - raft.server.log.purge.gap = 1000000 (custom)
2019-08-23 09:11:48,833 [pool-137-thread-1] INFO  segmented.SegmentedRaftLogWorker (SegmentedRaftLogWorker.java:<init>(172)) - new 41b9b824-85d6-416a-bf4a-c5cccd6fce1e-SegmentedRaftLogWorker:Storage Directory /workdir/hadoop-ozone/integration-test/target/test-dir/MiniOzoneClusterImpl-46891ce3-8eb0-4315-8db6-3822c3bd7dcf/datanode-1/data/ratis/93047d0c-a21e-49b2-a0be-73033864acd7 for RaftStorage:Storage Directory /workdir/hadoop-ozone/integration-test/target/test-dir/MiniOzoneClusterImpl-46891ce3-8eb0-4315-8db6-3822c3bd7dcf/datanode-1/data/ratis/93047d0c-a21e-49b2-a0be-73033864acd7
2019-08-23 09:11:48,833 [pool-126-thread-1] INFO  server.RaftServerConfigKeys (ConfUtils.java:logGet(43)) - raft.server.log.purge.gap = 1000000 (custom)
2019-08-23 09:11:48,833 [pool-137-thread-1] INFO  server.RaftServerConfigKeys (ConfUtils.java:logGet(43)) - raft.server.log.queue.byte-limit = 2147483647 (custom)
2019-08-23 09:11:48,833 [pool-148-thread-1] INFO  server.RaftServerConfigKeys (ConfUtils.java:logGet(43)) - raft.server.log.appender.buffer.byte-limit = 33554432 (custom)
2019-08-23 09:11:48,833 [pool-137-thread-1] INFO  server.RaftServerConfigKeys (ConfUtils.java:logGet(43)) - raft.server.log.queue.element-limit = 1024 (custom)
2019-08-23 09:11:48,833 [pool-126-thread-1] INFO  server.RaftServerConfigKeys (ConfUtils.java:logGet(43)) - raft.server.log.appender.buffer.byte-limit = 33554432 (custom)
2019-08-23 09:11:48,834 [pool-137-thread-1] INFO  server.RaftServerConfigKeys (ConfUtils.java:logGet(43)) - raft.server.log.segment.size.max = 1048576 (custom)
2019-08-23 09:11:48,834 [pool-148-thread-1] INFO  server.RaftServerConfigKeys (ConfUtils.java:logGet(43)) - raft.server.log.segment.size.max = 1048576 (custom)
2019-08-23 09:11:48,834 [pool-137-thread-1] INFO  server.RaftServerConfigKeys (ConfUtils.java:logGet(43)) - raft.server.log.preallocated.size = 16384 (custom)
2019-08-23 09:11:48,834 [pool-126-thread-1] INFO  server.RaftServerConfigKeys (ConfUtils.java:logGet(43)) - raft.server.log.segment.size.max = 1048576 (custom)
2019-08-23 09:11:48,834 [pool-137-thread-1] INFO  server.RaftServerConfigKeys (ConfUtils.java:logGet(43)) - raft.server.log.write.buffer.size = 33554432 (custom)
2019-08-23 09:11:48,834 [pool-148-thread-1] INFO  server.RaftServerConfigKeys (ConfUtils.java:logGet(43)) - raft.server.log.segment.cache.num.max = 2 (custom)
2019-08-23 09:11:48,835 [pool-137-thread-1] INFO  server.RaftServerConfigKeys (ConfUtils.java:logGet(43)) - raft.server.log.force.sync.num = 128 (default)
2019-08-23 09:11:48,834 [pool-126-thread-1] INFO  server.RaftServerConfigKeys (ConfUtils.java:logGet(43)) - raft.server.log.segment.cache.num.max = 2 (custom)
2019-08-23 09:11:48,835 [pool-137-thread-1] INFO  server.RaftServerConfigKeys (ConfUtils.java:logGet(43)) - raft.server.log.statemachine.data.sync = true (default)
2019-08-23 09:11:48,835 [pool-148-thread-1] INFO  segmented.SegmentedRaftLogWorker (SegmentedRaftLogWorker.java:<init>(172)) - new 06d76673-acfc-4852-ba17-8edfd4d37f5d-SegmentedRaftLogWorker:Storage Directory /workdir/hadoop-ozone/integration-test/target/test-dir/MiniOzoneClusterImpl-46891ce3-8eb0-4315-8db6-3822c3bd7dcf/datanode-2/data/ratis/93047d0c-a21e-49b2-a0be-73033864acd7 for RaftStorage:Storage Directory /workdir/hadoop-ozone/integration-test/target/test-dir/MiniOzoneClusterImpl-46891ce3-8eb0-4315-8db6-3822c3bd7dcf/datanode-2/data/ratis/93047d0c-a21e-49b2-a0be-73033864acd7
2019-08-23 09:11:48,835 [pool-137-thread-1] INFO  server.RaftServerConfigKeys (ConfUtils.java:logGet(43)) - raft.server.log.statemachine.data.sync.timeout = 10s (default)
2019-08-23 09:11:48,835 [pool-126-thread-1] INFO  segmented.SegmentedRaftLogWorker (SegmentedRaftLogWorker.java:<init>(172)) - new ce3b71d6-803c-4999-98a7-ed3c8197db33-SegmentedRaftLogWorker:Storage Directory /workdir/hadoop-ozone/integration-test/target/test-dir/MiniOzoneClusterImpl-46891ce3-8eb0-4315-8db6-3822c3bd7dcf/datanode-0/data/ratis/93047d0c-a21e-49b2-a0be-73033864acd7 for RaftStorage:Storage Directory /workdir/hadoop-ozone/integration-test/target/test-dir/MiniOzoneClusterImpl-46891ce3-8eb0-4315-8db6-3822c3bd7dcf/datanode-0/data/ratis/93047d0c-a21e-49b2-a0be-73033864acd7
2019-08-23 09:11:48,835 [pool-137-thread-1] INFO  server.RaftServerConfigKeys (ConfUtils.java:logGet(43)) - raft.server.log.statemachine.data.sync.timeout.retry = -1 (default)
2019-08-23 09:11:48,835 [pool-148-thread-1] INFO  server.RaftServerConfigKeys (ConfUtils.java:logGet(43)) - raft.server.log.queue.byte-limit = 2147483647 (custom)
2019-08-23 09:11:48,836 [pool-137-thread-1] INFO  server.RaftServerConfigKeys (ConfUtils.java:logGet(43)) - raft.server.log.statemachine.data.caching.enabled = true (custom)
2019-08-23 09:11:48,836 [pool-126-thread-1] INFO  server.RaftServerConfigKeys (ConfUtils.java:logGet(43)) - raft.server.log.queue.byte-limit = 2147483647 (custom)
2019-08-23 09:11:48,836 [pool-148-thread-1] INFO  server.RaftServerConfigKeys (ConfUtils.java:logGet(43)) - raft.server.log.queue.element-limit = 1024 (custom)
2019-08-23 09:11:48,836 [pool-126-thread-1] INFO  server.RaftServerConfigKeys (ConfUtils.java:logGet(43)) - raft.server.log.queue.element-limit = 1024 (custom)
2019-08-23 09:11:48,836 [pool-137-thread-1] INFO  segmented.SegmentedRaftLogWorker (SegmentedRaftLogWorker.java:lambda$new$0(132)) - 41b9b824-85d6-416a-bf4a-c5cccd6fce1e-SegmentedRaftLogWorker:Storage Directory /workdir/hadoop-ozone/integration-test/target/test-dir/MiniOzoneClusterImpl-46891ce3-8eb0-4315-8db6-3822c3bd7dcf/datanode-1/data/ratis/93047d0c-a21e-49b2-a0be-73033864acd7: flushIndex: setUnconditionally 0 -> -1
2019-08-23 09:11:48,836 [pool-126-thread-1] INFO  server.RaftServerConfigKeys (ConfUtils.java:logGet(43)) - raft.server.log.segment.size.max = 1048576 (custom)
2019-08-23 09:11:48,836 [pool-148-thread-1] INFO  server.RaftServerConfigKeys (ConfUtils.java:logGet(43)) - raft.server.log.segment.size.max = 1048576 (custom)
2019-08-23 09:11:48,837 [pool-126-thread-1] INFO  server.RaftServerConfigKeys (ConfUtils.java:logGet(43)) - raft.server.log.preallocated.size = 16384 (custom)
2019-08-23 09:11:48,837 [pool-137-thread-1] INFO  server.RaftServerConfigKeys (ConfUtils.java:logGet(43)) - raft.server.snapshot.auto.trigger.enabled = true (custom)
2019-08-23 09:11:48,837 [pool-126-thread-1] INFO  server.RaftServerConfigKeys (ConfUtils.java:logGet(43)) - raft.server.log.write.buffer.size = 33554432 (custom)
2019-08-23 09:11:48,837 [pool-148-thread-1] INFO  server.RaftServerConfigKeys (ConfUtils.java:logGet(43)) - raft.server.log.preallocated.size = 16384 (custom)
2019-08-23 09:11:48,837 [pool-126-thread-1] INFO  server.RaftServerConfigKeys (ConfUtils.java:logGet(43)) - raft.server.log.force.sync.num = 128 (default)
2019-08-23 09:11:48,837 [pool-137-thread-1] INFO  server.RaftServerConfigKeys (ConfUtils.java:logGet(43)) - raft.server.snapshot.auto.trigger.threshold = 10000 (custom)
2019-08-23 09:11:48,838 [pool-126-thread-1] INFO  server.RaftServerConfigKeys (ConfUtils.java:logGet(43)) - raft.server.log.statemachine.data.sync = true (default)
2019-08-23 09:11:48,837 [pool-148-thread-1] INFO  server.RaftServerConfigKeys (ConfUtils.java:logGet(43)) - raft.server.log.write.buffer.size = 33554432 (custom)
2019-08-23 09:11:48,838 [pool-126-thread-1] INFO  server.RaftServerConfigKeys (ConfUtils.java:logGet(43)) - raft.server.log.statemachine.data.sync.timeout = 10s (default)
2019-08-23 09:11:48,838 [pool-137-thread-1] INFO  server.RaftServerConfigKeys (ConfUtils.java:logGet(43)) - raft.server.retrycache.expirytime = 600000ms (custom)
2019-08-23 09:11:48,838 [pool-126-thread-1] INFO  server.RaftServerConfigKeys (ConfUtils.java:logGet(43)) - raft.server.log.statemachine.data.sync.timeout.retry = -1 (default)
2019-08-23 09:11:48,838 [pool-148-thread-1] INFO  server.RaftServerConfigKeys (ConfUtils.java:logGet(43)) - raft.server.log.force.sync.num = 128 (default)
2019-08-23 09:11:48,839 [pool-126-thread-1] INFO  server.RaftServerConfigKeys (ConfUtils.java:logGet(43)) - raft.server.log.statemachine.data.caching.enabled = true (custom)
2019-08-23 09:11:48,838 [pool-137-thread-1] INFO  impl.RaftServerImpl (RaftServerImpl.java:start(180)) - 41b9b824-85d6-416a-bf4a-c5cccd6fce1e: start group-73033864ACD7
2019-08-23 09:11:48,839 [pool-148-thread-1] INFO  server.RaftServerConfigKeys (ConfUtils.java:logGet(43)) - raft.server.log.statemachine.data.sync = true (default)
2019-08-23 09:11:48,839 [pool-126-thread-1] INFO  segmented.SegmentedRaftLogWorker (SegmentedRaftLogWorker.java:lambda$new$0(132)) - ce3b71d6-803c-4999-98a7-ed3c8197db33-SegmentedRaftLogWorker:Storage Directory /workdir/hadoop-ozone/integration-test/target/test-dir/MiniOzoneClusterImpl-46891ce3-8eb0-4315-8db6-3822c3bd7dcf/datanode-0/data/ratis/93047d0c-a21e-49b2-a0be-73033864acd7: flushIndex: setUnconditionally 0 -> -1
2019-08-23 09:11:48,839 [pool-137-thread-1] INFO  impl.RaftServerImpl (RaftServerImpl.java:setRole(171)) - 41b9b824-85d6-416a-bf4a-c5cccd6fce1e:group-73033864ACD7 changes role from null to FOLLOWER at term 0 for startAsFollower
2019-08-23 09:11:48,839 [pool-148-thread-1] INFO  server.RaftServerConfigKeys (ConfUtils.java:logGet(43)) - raft.server.log.statemachine.data.sync.timeout = 10s (default)
2019-08-23 09:11:48,840 [pool-126-thread-1] INFO  server.RaftServerConfigKeys (ConfUtils.java:logGet(43)) - raft.server.snapshot.auto.trigger.enabled = true (custom)
2019-08-23 09:11:48,839 [pool-137-thread-1] INFO  impl.RoleInfo (RoleInfo.java:updateAndGet(143)) - 41b9b824-85d6-416a-bf4a-c5cccd6fce1e: start FollowerState
2019-08-23 09:11:48,840 [pool-126-thread-1] INFO  server.RaftServerConfigKeys (ConfUtils.java:logGet(43)) - raft.server.snapshot.auto.trigger.threshold = 10000 (custom)
2019-08-23 09:11:48,840 [pool-148-thread-1] INFO  server.RaftServerConfigKeys (ConfUtils.java:logGet(43)) - raft.server.log.statemachine.data.sync.timeout.retry = -1 (default)
2019-08-23 09:11:48,840 [pool-126-thread-1] INFO  server.RaftServerConfigKeys (ConfUtils.java:logGet(43)) - raft.server.retrycache.expirytime = 600000ms (custom)
2019-08-23 09:11:48,858 [pool-137-thread-1] INFO  util.JmxRegister (JmxRegister.java:tryRegister(44)) - Successfully registered JMX Bean with object name Ratis:service=RaftServer,group=group-73033864ACD7,id=41b9b824-85d6-416a-bf4a-c5cccd6fce1e
2019-08-23 09:11:48,858 [pool-126-thread-1] INFO  impl.RaftServerImpl (RaftServerImpl.java:start(180)) - ce3b71d6-803c-4999-98a7-ed3c8197db33: start group-73033864ACD7
2019-08-23 09:11:48,859 [pool-126-thread-1] INFO  impl.RaftServerImpl (RaftServerImpl.java:setRole(171)) - ce3b71d6-803c-4999-98a7-ed3c8197db33:group-73033864ACD7 changes role from null to FOLLOWER at term 0 for startAsFollower
2019-08-23 09:11:48,858 [pool-148-thread-1] INFO  server.RaftServerConfigKeys (ConfUtils.java:logGet(43)) - raft.server.log.statemachine.data.caching.enabled = true (custom)
2019-08-23 09:11:48,867 [main] INFO  ozone.MiniOzoneClusterImpl (MiniOzoneClusterImpl.java:lambda$waitForClusterToBeReady$0(142)) - Waiting for cluster to be ready. Got 3 of 7 DN Heartbeats.
2019-08-23 09:11:48,859 [pool-126-thread-1] INFO  impl.RoleInfo (RoleInfo.java:updateAndGet(143)) - ce3b71d6-803c-4999-98a7-ed3c8197db33: start FollowerState
2019-08-23 09:11:48,868 [pool-148-thread-1] INFO  segmented.SegmentedRaftLogWorker (SegmentedRaftLogWorker.java:lambda$new$0(132)) - 06d76673-acfc-4852-ba17-8edfd4d37f5d-SegmentedRaftLogWorker:Storage Directory /workdir/hadoop-ozone/integration-test/target/test-dir/MiniOzoneClusterImpl-46891ce3-8eb0-4315-8db6-3822c3bd7dcf/datanode-2/data/ratis/93047d0c-a21e-49b2-a0be-73033864acd7: flushIndex: setUnconditionally 0 -> -1
2019-08-23 09:11:48,869 [pool-148-thread-1] INFO  server.RaftServerConfigKeys (ConfUtils.java:logGet(43)) - raft.server.snapshot.auto.trigger.enabled = true (custom)
2019-08-23 09:11:48,870 [pool-148-thread-1] INFO  server.RaftServerConfigKeys (ConfUtils.java:logGet(43)) - raft.server.snapshot.auto.trigger.threshold = 10000 (custom)
2019-08-23 09:11:48,870 [pool-126-thread-1] INFO  util.JmxRegister (JmxRegister.java:tryRegister(44)) - Successfully registered JMX Bean with object name Ratis:service=RaftServer,group=group-73033864ACD7,id=ce3b71d6-803c-4999-98a7-ed3c8197db33
2019-08-23 09:11:48,870 [pool-148-thread-1] INFO  server.RaftServerConfigKeys (ConfUtils.java:logGet(43)) - raft.server.retrycache.expirytime = 600000ms (custom)
2019-08-23 09:11:48,870 [pool-148-thread-1] INFO  impl.RaftServerImpl (RaftServerImpl.java:start(180)) - 06d76673-acfc-4852-ba17-8edfd4d37f5d: start group-73033864ACD7
2019-08-23 09:11:48,870 [pool-148-thread-1] INFO  impl.RaftServerImpl (RaftServerImpl.java:setRole(171)) - 06d76673-acfc-4852-ba17-8edfd4d37f5d:group-73033864ACD7 changes role from null to FOLLOWER at term 0 for startAsFollower
2019-08-23 09:11:48,870 [pool-148-thread-1] INFO  impl.RoleInfo (RoleInfo.java:updateAndGet(143)) - 06d76673-acfc-4852-ba17-8edfd4d37f5d: start FollowerState
2019-08-23 09:11:48,871 [pool-148-thread-1] INFO  util.JmxRegister (JmxRegister.java:tryRegister(44)) - Successfully registered JMX Bean with object name Ratis:service=RaftServer,group=group-73033864ACD7,id=06d76673-acfc-4852-ba17-8edfd4d37f5d
2019-08-23 09:11:48,878 [RatisPipelineUtilsThread] INFO  pipeline.PipelineStateManager (PipelineStateManager.java:addPipeline(56)) - Created pipeline Pipeline[ Id: 93047d0c-a21e-49b2-a0be-73033864acd7, Nodes: 41b9b824-85d6-416a-bf4a-c5cccd6fce1e{ip: 192.168.69.105, host: pr-hdds-1094-nn687-1629055932, networkLocation: /default-rack, certSerialId: null}ce3b71d6-803c-4999-98a7-ed3c8197db33{ip: 192.168.69.105, host: pr-hdds-1094-nn687-1629055932, networkLocation: /default-rack, certSerialId: null}06d76673-acfc-4852-ba17-8edfd4d37f5d{ip: 192.168.69.105, host: pr-hdds-1094-nn687-1629055932, networkLocation: /default-rack, certSerialId: null}, Type:RATIS, Factor:THREE, State:OPEN]
2019-08-23 09:11:48,956 [IPC Server handler 4 on 46524] INFO  net.NetworkTopology (NetworkTopologyImpl.java:add(110)) - Added a new node: /default-rack/e3f86e53-8f15-4a09-b253-90a30ace4ba2
2019-08-23 09:11:48,956 [IPC Server handler 4 on 46524] INFO  node.SCMNodeManager (SCMNodeManager.java:register(273)) - Registered Data node : e3f86e53-8f15-4a09-b253-90a30ace4ba2{ip: 192.168.69.105, host: pr-hdds-1094-nn687-1629055932, networkLocation: /default-rack, certSerialId: null}
2019-08-23 09:11:48,957 | INFO  | SCMAudit | user=jenkins1000 | ip=192.168.69.105 | op=REGISTER {datanodeDetails=e3f86e53-8f15-4a09-b253-90a30ace4ba2{ip: 192.168.69.105, host: pr-hdds-1094-nn687-1629055932, networkLocation: /default-rack, certSerialId: null}} | ret=SUCCESS |  
2019-08-23 09:11:48,971 [grpc-default-executor-5] INFO  impl.RaftServerProxy (RaftServerProxy.java:addNew(89)) - e3f86e53-8f15-4a09-b253-90a30ace4ba2: addNew group-59B54FBC1329:[e3f86e53-8f15-4a09-b253-90a30ace4ba2:192.168.69.105:33325] returns group-59B54FBC1329:java.util.concurrent.CompletableFuture@49f17dfb[Not completed]
2019-08-23 09:11:48,978 [pool-159-thread-1] INFO  impl.RaftServerImpl (RaftServerImpl.java:<init>(93)) - e3f86e53-8f15-4a09-b253-90a30ace4ba2: new RaftServerImpl for group-59B54FBC1329:[e3f86e53-8f15-4a09-b253-90a30ace4ba2:192.168.69.105:33325] with ContainerStateMachine:uninitialized
2019-08-23 09:11:48,978 [pool-159-thread-1] INFO  server.RaftServerConfigKeys (ConfUtils.java:logGet(43)) - raft.server.rpc.timeout.min = 5s (custom)
2019-08-23 09:11:48,978 [pool-159-thread-1] INFO  server.RaftServerConfigKeys (ConfUtils.java:logGet(43)) - raft.server.rpc.timeout.max = 5200ms (custom)
2019-08-23 09:11:48,978 [pool-159-thread-1] INFO  server.RaftServerConfigKeys (ConfUtils.java:logGet(43)) - raft.server.rpcslowness.timeout = 120s (custom)
2019-08-23 09:11:48,979 [pool-159-thread-1] INFO  server.RaftServerConfigKeys (ConfUtils.java:logGet(43)) - raft.server.sleep.deviation.threshold = 300 (default)
2019-08-23 09:11:48,979 [pool-159-thread-1] INFO  server.RaftServerConfigKeys (ConfUtils.java:logGet(43)) - raft.server.log.appender.install.snapshot.enabled = false (custom)
2019-08-23 09:11:48,979 [pool-159-thread-1] INFO  impl.RaftServerImpl (ServerState.java:<init>(105)) - e3f86e53-8f15-4a09-b253-90a30ace4ba2:group-59B54FBC1329 ConfigurationManager, init=-1: [e3f86e53-8f15-4a09-b253-90a30ace4ba2:192.168.69.105:33325], old=null, confs=<EMPTY_MAP>
2019-08-23 09:11:48,979 [pool-159-thread-1] INFO  server.RaftServerConfigKeys (ConfUtils.java:logGet(43)) - raft.server.storage.dir = [/workdir/hadoop-ozone/integration-test/target/test-dir/MiniOzoneClusterImpl-46891ce3-8eb0-4315-8db6-3822c3bd7dcf/datanode-3/data/ratis] (custom)
2019-08-23 09:11:48,980 [pool-159-thread-1] INFO  storage.RaftStorageDirectory (RaftStorageDirectory.java:analyzeStorage(246)) - The storage directory /workdir/hadoop-ozone/integration-test/target/test-dir/MiniOzoneClusterImpl-46891ce3-8eb0-4315-8db6-3822c3bd7dcf/datanode-3/data/ratis/596febc4-c835-478f-9adc-59b54fbc1329 does not exist. Creating ...
2019-08-23 09:11:48,993 [pool-159-thread-1] INFO  storage.RaftStorageDirectory (RaftStorageDirectory.java:tryLock(328)) - Lock on /workdir/hadoop-ozone/integration-test/target/test-dir/MiniOzoneClusterImpl-46891ce3-8eb0-4315-8db6-3822c3bd7dcf/datanode-3/data/ratis/596febc4-c835-478f-9adc-59b54fbc1329/in_use.lock acquired by nodename 1515@pr-hdds-1094-nn687-1629055932
2019-08-23 09:11:49,011 [pool-159-thread-1] INFO  storage.RaftStorage (RaftStorage.java:format(72)) - Storage directory /workdir/hadoop-ozone/integration-test/target/test-dir/MiniOzoneClusterImpl-46891ce3-8eb0-4315-8db6-3822c3bd7dcf/datanode-3/data/ratis/596febc4-c835-478f-9adc-59b54fbc1329 has been successfully formatted.
2019-08-23 09:11:49,012 [pool-159-thread-1] INFO  ratis.ContainerStateMachine (ContainerStateMachine.java:loadSnapshot(226)) - group-59B54FBC1329: The snapshot info is null. Setting the last applied indexto:(t:0, i:~)
2019-08-23 09:11:49,012 [pool-159-thread-1] INFO  server.RaftServerConfigKeys (ConfUtils.java:logGet(43)) - raft.server.leader.election.timeout = 120s (custom)
2019-08-23 09:11:49,012 [pool-159-thread-1] INFO  server.RaftServerConfigKeys (ConfUtils.java:logGet(43)) - raft.server.log.use.memory = false (default)
2019-08-23 09:11:49,012 [pool-159-thread-1] INFO  server.RaftServerConfigKeys (ConfUtils.java:logGet(43)) - raft.server.log.purge.gap = 1000000 (custom)
2019-08-23 09:11:49,013 [pool-159-thread-1] INFO  server.RaftServerConfigKeys (ConfUtils.java:logGet(43)) - raft.server.log.appender.buffer.byte-limit = 33554432 (custom)
2019-08-23 09:11:49,013 [pool-159-thread-1] INFO  server.RaftServerConfigKeys (ConfUtils.java:logGet(43)) - raft.server.log.segment.size.max = 1048576 (custom)
2019-08-23 09:11:49,013 [pool-159-thread-1] INFO  server.RaftServerConfigKeys (ConfUtils.java:logGet(43)) - raft.server.log.segment.cache.num.max = 2 (custom)
2019-08-23 09:11:49,013 [pool-159-thread-1] INFO  segmented.SegmentedRaftLogWorker (SegmentedRaftLogWorker.java:<init>(172)) - new e3f86e53-8f15-4a09-b253-90a30ace4ba2-SegmentedRaftLogWorker:Storage Directory /workdir/hadoop-ozone/integration-test/target/test-dir/MiniOzoneClusterImpl-46891ce3-8eb0-4315-8db6-3822c3bd7dcf/datanode-3/data/ratis/596febc4-c835-478f-9adc-59b54fbc1329 for RaftStorage:Storage Directory /workdir/hadoop-ozone/integration-test/target/test-dir/MiniOzoneClusterImpl-46891ce3-8eb0-4315-8db6-3822c3bd7dcf/datanode-3/data/ratis/596febc4-c835-478f-9adc-59b54fbc1329
2019-08-23 09:11:49,014 [pool-159-thread-1] INFO  server.RaftServerConfigKeys (ConfUtils.java:logGet(43)) - raft.server.log.queue.byte-limit = 2147483647 (custom)
2019-08-23 09:11:49,014 [pool-159-thread-1] INFO  server.RaftServerConfigKeys (ConfUtils.java:logGet(43)) - raft.server.log.queue.element-limit = 1024 (custom)
2019-08-23 09:11:49,014 [pool-159-thread-1] INFO  server.RaftServerConfigKeys (ConfUtils.java:logGet(43)) - raft.server.log.segment.size.max = 1048576 (custom)
2019-08-23 09:11:49,014 [pool-159-thread-1] INFO  server.RaftServerConfigKeys (ConfUtils.java:logGet(43)) - raft.server.log.preallocated.size = 16384 (custom)
2019-08-23 09:11:49,015 [pool-159-thread-1] INFO  server.RaftServerConfigKeys (ConfUtils.java:logGet(43)) - raft.server.log.write.buffer.size = 33554432 (custom)
2019-08-23 09:11:49,015 [pool-159-thread-1] INFO  server.RaftServerConfigKeys (ConfUtils.java:logGet(43)) - raft.server.log.force.sync.num = 128 (default)
2019-08-23 09:11:49,015 [pool-159-thread-1] INFO  server.RaftServerConfigKeys (ConfUtils.java:logGet(43)) - raft.server.log.statemachine.data.sync = true (default)
2019-08-23 09:11:49,015 [pool-159-thread-1] INFO  server.RaftServerConfigKeys (ConfUtils.java:logGet(43)) - raft.server.log.statemachine.data.sync.timeout = 10s (default)
2019-08-23 09:11:49,015 [pool-159-thread-1] INFO  server.RaftServerConfigKeys (ConfUtils.java:logGet(43)) - raft.server.log.statemachine.data.sync.timeout.retry = -1 (default)
2019-08-23 09:11:49,016 [pool-159-thread-1] INFO  server.RaftServerConfigKeys (ConfUtils.java:logGet(43)) - raft.server.log.statemachine.data.caching.enabled = true (custom)
2019-08-23 09:11:49,016 [pool-159-thread-1] INFO  segmented.SegmentedRaftLogWorker (SegmentedRaftLogWorker.java:lambda$new$0(132)) - e3f86e53-8f15-4a09-b253-90a30ace4ba2-SegmentedRaftLogWorker:Storage Directory /workdir/hadoop-ozone/integration-test/target/test-dir/MiniOzoneClusterImpl-46891ce3-8eb0-4315-8db6-3822c3bd7dcf/datanode-3/data/ratis/596febc4-c835-478f-9adc-59b54fbc1329: flushIndex: setUnconditionally 0 -> -1
2019-08-23 09:11:49,017 [pool-159-thread-1] INFO  server.RaftServerConfigKeys (ConfUtils.java:logGet(43)) - raft.server.snapshot.auto.trigger.enabled = true (custom)
2019-08-23 09:11:49,017 [pool-159-thread-1] INFO  server.RaftServerConfigKeys (ConfUtils.java:logGet(43)) - raft.server.snapshot.auto.trigger.threshold = 10000 (custom)
2019-08-23 09:11:49,017 [pool-159-thread-1] INFO  server.RaftServerConfigKeys (ConfUtils.java:logGet(43)) - raft.server.retrycache.expirytime = 600000ms (custom)
2019-08-23 09:11:49,018 [pool-159-thread-1] INFO  impl.RaftServerImpl (RaftServerImpl.java:start(180)) - e3f86e53-8f15-4a09-b253-90a30ace4ba2: start group-59B54FBC1329
2019-08-23 09:11:49,018 [pool-159-thread-1] INFO  impl.RaftServerImpl (RaftServerImpl.java:setRole(171)) - e3f86e53-8f15-4a09-b253-90a30ace4ba2:group-59B54FBC1329 changes role from null to FOLLOWER at term 0 for startAsFollower
2019-08-23 09:11:49,018 [pool-159-thread-1] INFO  impl.RoleInfo (RoleInfo.java:updateAndGet(143)) - e3f86e53-8f15-4a09-b253-90a30ace4ba2: start FollowerState
2019-08-23 09:11:49,019 [pool-159-thread-1] INFO  util.JmxRegister (JmxRegister.java:tryRegister(44)) - Successfully registered JMX Bean with object name Ratis:service=RaftServer,group=group-59B54FBC1329,id=e3f86e53-8f15-4a09-b253-90a30ace4ba2
2019-08-23 09:11:49,022 [RatisPipelineUtilsThread] INFO  pipeline.PipelineStateManager (PipelineStateManager.java:addPipeline(56)) - Created pipeline Pipeline[ Id: 596febc4-c835-478f-9adc-59b54fbc1329, Nodes: e3f86e53-8f15-4a09-b253-90a30ace4ba2{ip: 192.168.69.105, host: pr-hdds-1094-nn687-1629055932, networkLocation: /default-rack, certSerialId: null}, Type:RATIS, Factor:ONE, State:OPEN]
2019-08-23 09:11:49,414 [IPC Server handler 3 on 46524] INFO  net.NetworkTopology (NetworkTopologyImpl.java:add(110)) - Added a new node: /default-rack/480da6fd-5cad-42f6-a3a8-03ebe6e9ed72
2019-08-23 09:11:49,414 [IPC Server handler 3 on 46524] INFO  node.SCMNodeManager (SCMNodeManager.java:register(273)) - Registered Data node : 480da6fd-5cad-42f6-a3a8-03ebe6e9ed72{ip: 192.168.69.105, host: pr-hdds-1094-nn687-1629055932, networkLocation: /default-rack, certSerialId: null}
2019-08-23 09:11:49,414 | INFO  | SCMAudit | user=jenkins1000 | ip=192.168.69.105 | op=REGISTER {datanodeDetails=480da6fd-5cad-42f6-a3a8-03ebe6e9ed72{ip: 192.168.69.105, host: pr-hdds-1094-nn687-1629055932, networkLocation: /default-rack, certSerialId: null}} | ret=SUCCESS |  
2019-08-23 09:11:49,440 [grpc-default-executor-5] INFO  impl.RaftServerProxy (RaftServerProxy.java:addNew(89)) - 480da6fd-5cad-42f6-a3a8-03ebe6e9ed72: addNew group-5631915CA8C0:[480da6fd-5cad-42f6-a3a8-03ebe6e9ed72:192.168.69.105:35049] returns group-5631915CA8C0:java.util.concurrent.CompletableFuture@3b85d4b7[Not completed]
2019-08-23 09:11:49,447 [pool-170-thread-1] INFO  impl.RaftServerImpl (RaftServerImpl.java:<init>(93)) - 480da6fd-5cad-42f6-a3a8-03ebe6e9ed72: new RaftServerImpl for group-5631915CA8C0:[480da6fd-5cad-42f6-a3a8-03ebe6e9ed72:192.168.69.105:35049] with ContainerStateMachine:uninitialized
2019-08-23 09:11:49,447 [pool-170-thread-1] INFO  server.RaftServerConfigKeys (ConfUtils.java:logGet(43)) - raft.server.rpc.timeout.min = 5s (custom)
2019-08-23 09:11:49,448 [pool-170-thread-1] INFO  server.RaftServerConfigKeys (ConfUtils.java:logGet(43)) - raft.server.rpc.timeout.max = 5200ms (custom)
2019-08-23 09:11:49,448 [pool-170-thread-1] INFO  server.RaftServerConfigKeys (ConfUtils.java:logGet(43)) - raft.server.rpcslowness.timeout = 120s (custom)
2019-08-23 09:11:49,448 [pool-170-thread-1] INFO  server.RaftServerConfigKeys (ConfUtils.java:logGet(43)) - raft.server.sleep.deviation.threshold = 300 (default)
2019-08-23 09:11:49,448 [pool-170-thread-1] INFO  server.RaftServerConfigKeys (ConfUtils.java:logGet(43)) - raft.server.log.appender.install.snapshot.enabled = false (custom)
2019-08-23 09:11:49,448 [pool-170-thread-1] INFO  impl.RaftServerImpl (ServerState.java:<init>(105)) - 480da6fd-5cad-42f6-a3a8-03ebe6e9ed72:group-5631915CA8C0 ConfigurationManager, init=-1: [480da6fd-5cad-42f6-a3a8-03ebe6e9ed72:192.168.69.105:35049], old=null, confs=<EMPTY_MAP>
2019-08-23 09:11:49,449 [pool-170-thread-1] INFO  server.RaftServerConfigKeys (ConfUtils.java:logGet(43)) - raft.server.storage.dir = [/workdir/hadoop-ozone/integration-test/target/test-dir/MiniOzoneClusterImpl-46891ce3-8eb0-4315-8db6-3822c3bd7dcf/datanode-4/data/ratis] (custom)
2019-08-23 09:11:49,449 [pool-170-thread-1] INFO  storage.RaftStorageDirectory (RaftStorageDirectory.java:analyzeStorage(246)) - The storage directory /workdir/hadoop-ozone/integration-test/target/test-dir/MiniOzoneClusterImpl-46891ce3-8eb0-4315-8db6-3822c3bd7dcf/datanode-4/data/ratis/b8f89d3c-30e3-4ab4-bf80-5631915ca8c0 does not exist. Creating ...
2019-08-23 09:11:49,462 [pool-170-thread-1] INFO  storage.RaftStorageDirectory (RaftStorageDirectory.java:tryLock(328)) - Lock on /workdir/hadoop-ozone/integration-test/target/test-dir/MiniOzoneClusterImpl-46891ce3-8eb0-4315-8db6-3822c3bd7dcf/datanode-4/data/ratis/b8f89d3c-30e3-4ab4-bf80-5631915ca8c0/in_use.lock acquired by nodename 1515@pr-hdds-1094-nn687-1629055932
2019-08-23 09:11:49,476 [pool-170-thread-1] INFO  storage.RaftStorage (RaftStorage.java:format(72)) - Storage directory /workdir/hadoop-ozone/integration-test/target/test-dir/MiniOzoneClusterImpl-46891ce3-8eb0-4315-8db6-3822c3bd7dcf/datanode-4/data/ratis/b8f89d3c-30e3-4ab4-bf80-5631915ca8c0 has been successfully formatted.
2019-08-23 09:11:49,477 [pool-170-thread-1] INFO  ratis.ContainerStateMachine (ContainerStateMachine.java:loadSnapshot(226)) - group-5631915CA8C0: The snapshot info is null. Setting the last applied indexto:(t:0, i:~)
2019-08-23 09:11:49,477 [pool-170-thread-1] INFO  server.RaftServerConfigKeys (ConfUtils.java:logGet(43)) - raft.server.leader.election.timeout = 120s (custom)
2019-08-23 09:11:49,477 [pool-170-thread-1] INFO  server.RaftServerConfigKeys (ConfUtils.java:logGet(43)) - raft.server.log.use.memory = false (default)
2019-08-23 09:11:49,478 [pool-170-thread-1] INFO  server.RaftServerConfigKeys (ConfUtils.java:logGet(43)) - raft.server.log.purge.gap = 1000000 (custom)
2019-08-23 09:11:49,478 [pool-170-thread-1] INFO  server.RaftServerConfigKeys (ConfUtils.java:logGet(43)) - raft.server.log.appender.buffer.byte-limit = 33554432 (custom)
2019-08-23 09:11:49,478 [pool-170-thread-1] INFO  server.RaftServerConfigKeys (ConfUtils.java:logGet(43)) - raft.server.log.segment.size.max = 1048576 (custom)
2019-08-23 09:11:49,478 [pool-170-thread-1] INFO  server.RaftServerConfigKeys (ConfUtils.java:logGet(43)) - raft.server.log.segment.cache.num.max = 2 (custom)
2019-08-23 09:11:49,478 [pool-170-thread-1] INFO  segmented.SegmentedRaftLogWorker (SegmentedRaftLogWorker.java:<init>(172)) - new 480da6fd-5cad-42f6-a3a8-03ebe6e9ed72-SegmentedRaftLogWorker:Storage Directory /workdir/hadoop-ozone/integration-test/target/test-dir/MiniOzoneClusterImpl-46891ce3-8eb0-4315-8db6-3822c3bd7dcf/datanode-4/data/ratis/b8f89d3c-30e3-4ab4-bf80-5631915ca8c0 for RaftStorage:Storage Directory /workdir/hadoop-ozone/integration-test/target/test-dir/MiniOzoneClusterImpl-46891ce3-8eb0-4315-8db6-3822c3bd7dcf/datanode-4/data/ratis/b8f89d3c-30e3-4ab4-bf80-5631915ca8c0
2019-08-23 09:11:49,479 [pool-170-thread-1] INFO  server.RaftServerConfigKeys (ConfUtils.java:logGet(43)) - raft.server.log.queue.byte-limit = 2147483647 (custom)
2019-08-23 09:11:49,479 [pool-170-thread-1] INFO  server.RaftServerConfigKeys (ConfUtils.java:logGet(43)) - raft.server.log.queue.element-limit = 1024 (custom)
2019-08-23 09:11:49,479 [pool-170-thread-1] INFO  server.RaftServerConfigKeys (ConfUtils.java:logGet(43)) - raft.server.log.segment.size.max = 1048576 (custom)
2019-08-23 09:11:49,479 [pool-170-thread-1] INFO  server.RaftServerConfigKeys (ConfUtils.java:logGet(43)) - raft.server.log.preallocated.size = 16384 (custom)
2019-08-23 09:11:49,480 [pool-170-thread-1] INFO  server.RaftServerConfigKeys (ConfUtils.java:logGet(43)) - raft.server.log.write.buffer.size = 33554432 (custom)
2019-08-23 09:11:49,480 [pool-170-thread-1] INFO  server.RaftServerConfigKeys (ConfUtils.java:logGet(43)) - raft.server.log.force.sync.num = 128 (default)
2019-08-23 09:11:49,480 [pool-170-thread-1] INFO  server.RaftServerConfigKeys (ConfUtils.java:logGet(43)) - raft.server.log.statemachine.data.sync = true (default)
2019-08-23 09:11:49,480 [pool-170-thread-1] INFO  server.RaftServerConfigKeys (ConfUtils.java:logGet(43)) - raft.server.log.statemachine.data.sync.timeout = 10s (default)
2019-08-23 09:11:49,480 [pool-170-thread-1] INFO  server.RaftServerConfigKeys (ConfUtils.java:logGet(43)) - raft.server.log.statemachine.data.sync.timeout.retry = -1 (default)
2019-08-23 09:11:49,481 [pool-170-thread-1] INFO  server.RaftServerConfigKeys (ConfUtils.java:logGet(43)) - raft.server.log.statemachine.data.caching.enabled = true (custom)
2019-08-23 09:11:49,481 [pool-170-thread-1] INFO  segmented.SegmentedRaftLogWorker (SegmentedRaftLogWorker.java:lambda$new$0(132)) - 480da6fd-5cad-42f6-a3a8-03ebe6e9ed72-SegmentedRaftLogWorker:Storage Directory /workdir/hadoop-ozone/integration-test/target/test-dir/MiniOzoneClusterImpl-46891ce3-8eb0-4315-8db6-3822c3bd7dcf/datanode-4/data/ratis/b8f89d3c-30e3-4ab4-bf80-5631915ca8c0: flushIndex: setUnconditionally 0 -> -1
2019-08-23 09:11:49,482 [pool-170-thread-1] INFO  server.RaftServerConfigKeys (ConfUtils.java:logGet(43)) - raft.server.snapshot.auto.trigger.enabled = true (custom)
2019-08-23 09:11:49,482 [pool-170-thread-1] INFO  server.RaftServerConfigKeys (ConfUtils.java:logGet(43)) - raft.server.snapshot.auto.trigger.threshold = 10000 (custom)
2019-08-23 09:11:49,482 [pool-170-thread-1] INFO  server.RaftServerConfigKeys (ConfUtils.java:logGet(43)) - raft.server.retrycache.expirytime = 600000ms (custom)
2019-08-23 09:11:49,482 [pool-170-thread-1] INFO  impl.RaftServerImpl (RaftServerImpl.java:start(180)) - 480da6fd-5cad-42f6-a3a8-03ebe6e9ed72: start group-5631915CA8C0
2019-08-23 09:11:49,483 [pool-170-thread-1] INFO  impl.RaftServerImpl (RaftServerImpl.java:setRole(171)) - 480da6fd-5cad-42f6-a3a8-03ebe6e9ed72:group-5631915CA8C0 changes role from null to FOLLOWER at term 0 for startAsFollower
2019-08-23 09:11:49,483 [pool-170-thread-1] INFO  impl.RoleInfo (RoleInfo.java:updateAndGet(143)) - 480da6fd-5cad-42f6-a3a8-03ebe6e9ed72: start FollowerState
2019-08-23 09:11:49,483 [pool-170-thread-1] INFO  util.JmxRegister (JmxRegister.java:tryRegister(44)) - Successfully registered JMX Bean with object name Ratis:service=RaftServer,group=group-5631915CA8C0,id=480da6fd-5cad-42f6-a3a8-03ebe6e9ed72
2019-08-23 09:11:49,487 [RatisPipelineUtilsThread] INFO  pipeline.PipelineStateManager (PipelineStateManager.java:addPipeline(56)) - Created pipeline Pipeline[ Id: b8f89d3c-30e3-4ab4-bf80-5631915ca8c0, Nodes: 480da6fd-5cad-42f6-a3a8-03ebe6e9ed72{ip: 192.168.69.105, host: pr-hdds-1094-nn687-1629055932, networkLocation: /default-rack, certSerialId: null}, Type:RATIS, Factor:ONE, State:OPEN]
2019-08-23 09:11:49,624 [IPC Server handler 2 on 46524] INFO  net.NetworkTopology (NetworkTopologyImpl.java:add(110)) - Added a new node: /default-rack/6db0b5b4-33e5-45b9-ab7c-8a068485ef09
2019-08-23 09:11:49,624 [IPC Server handler 2 on 46524] INFO  node.SCMNodeManager (SCMNodeManager.java:register(273)) - Registered Data node : 6db0b5b4-33e5-45b9-ab7c-8a068485ef09{ip: 192.168.69.105, host: pr-hdds-1094-nn687-1629055932, networkLocation: /default-rack, certSerialId: null}
2019-08-23 09:11:49,624 | INFO  | SCMAudit | user=jenkins1000 | ip=192.168.69.105 | op=REGISTER {datanodeDetails=6db0b5b4-33e5-45b9-ab7c-8a068485ef09{ip: 192.168.69.105, host: pr-hdds-1094-nn687-1629055932, networkLocation: /default-rack, certSerialId: null}} | ret=SUCCESS |  
2019-08-23 09:11:49,633 [grpc-default-executor-5] INFO  impl.RaftServerProxy (RaftServerProxy.java:addNew(89)) - 6db0b5b4-33e5-45b9-ab7c-8a068485ef09: addNew group-B34774209AAC:[6db0b5b4-33e5-45b9-ab7c-8a068485ef09:192.168.69.105:41066] returns group-B34774209AAC:java.util.concurrent.CompletableFuture@269e2acb[Not completed]
2019-08-23 09:11:49,640 [pool-181-thread-1] INFO  impl.RaftServerImpl (RaftServerImpl.java:<init>(93)) - 6db0b5b4-33e5-45b9-ab7c-8a068485ef09: new RaftServerImpl for group-B34774209AAC:[6db0b5b4-33e5-45b9-ab7c-8a068485ef09:192.168.69.105:41066] with ContainerStateMachine:uninitialized
2019-08-23 09:11:49,640 [pool-181-thread-1] INFO  server.RaftServerConfigKeys (ConfUtils.java:logGet(43)) - raft.server.rpc.timeout.min = 5s (custom)
2019-08-23 09:11:49,640 [pool-181-thread-1] INFO  server.RaftServerConfigKeys (ConfUtils.java:logGet(43)) - raft.server.rpc.timeout.max = 5200ms (custom)
2019-08-23 09:11:49,640 [pool-181-thread-1] INFO  server.RaftServerConfigKeys (ConfUtils.java:logGet(43)) - raft.server.rpcslowness.timeout = 120s (custom)
2019-08-23 09:11:49,641 [pool-181-thread-1] INFO  server.RaftServerConfigKeys (ConfUtils.java:logGet(43)) - raft.server.sleep.deviation.threshold = 300 (default)
2019-08-23 09:11:49,641 [pool-181-thread-1] INFO  server.RaftServerConfigKeys (ConfUtils.java:logGet(43)) - raft.server.log.appender.install.snapshot.enabled = false (custom)
2019-08-23 09:11:49,641 [pool-181-thread-1] INFO  impl.RaftServerImpl (ServerState.java:<init>(105)) - 6db0b5b4-33e5-45b9-ab7c-8a068485ef09:group-B34774209AAC ConfigurationManager, init=-1: [6db0b5b4-33e5-45b9-ab7c-8a068485ef09:192.168.69.105:41066], old=null, confs=<EMPTY_MAP>
2019-08-23 09:11:49,641 [pool-181-thread-1] INFO  server.RaftServerConfigKeys (ConfUtils.java:logGet(43)) - raft.server.storage.dir = [/workdir/hadoop-ozone/integration-test/target/test-dir/MiniOzoneClusterImpl-46891ce3-8eb0-4315-8db6-3822c3bd7dcf/datanode-5/data/ratis] (custom)
2019-08-23 09:11:49,642 [pool-181-thread-1] INFO  storage.RaftStorageDirectory (RaftStorageDirectory.java:analyzeStorage(246)) - The storage directory /workdir/hadoop-ozone/integration-test/target/test-dir/MiniOzoneClusterImpl-46891ce3-8eb0-4315-8db6-3822c3bd7dcf/datanode-5/data/ratis/4322990e-a334-47b0-aeb3-b34774209aac does not exist. Creating ...
2019-08-23 09:11:49,655 [pool-181-thread-1] INFO  storage.RaftStorageDirectory (RaftStorageDirectory.java:tryLock(328)) - Lock on /workdir/hadoop-ozone/integration-test/target/test-dir/MiniOzoneClusterImpl-46891ce3-8eb0-4315-8db6-3822c3bd7dcf/datanode-5/data/ratis/4322990e-a334-47b0-aeb3-b34774209aac/in_use.lock acquired by nodename 1515@pr-hdds-1094-nn687-1629055932
2019-08-23 09:11:49,670 [pool-181-thread-1] INFO  storage.RaftStorage (RaftStorage.java:format(72)) - Storage directory /workdir/hadoop-ozone/integration-test/target/test-dir/MiniOzoneClusterImpl-46891ce3-8eb0-4315-8db6-3822c3bd7dcf/datanode-5/data/ratis/4322990e-a334-47b0-aeb3-b34774209aac has been successfully formatted.
2019-08-23 09:11:49,670 [pool-181-thread-1] INFO  ratis.ContainerStateMachine (ContainerStateMachine.java:loadSnapshot(226)) - group-B34774209AAC: The snapshot info is null. Setting the last applied indexto:(t:0, i:~)
2019-08-23 09:11:49,670 [pool-181-thread-1] INFO  server.RaftServerConfigKeys (ConfUtils.java:logGet(43)) - raft.server.leader.election.timeout = 120s (custom)
2019-08-23 09:11:49,670 [pool-181-thread-1] INFO  server.RaftServerConfigKeys (ConfUtils.java:logGet(43)) - raft.server.log.use.memory = false (default)
2019-08-23 09:11:49,670 [pool-181-thread-1] INFO  server.RaftServerConfigKeys (ConfUtils.java:logGet(43)) - raft.server.log.purge.gap = 1000000 (custom)
2019-08-23 09:11:49,671 [pool-181-thread-1] INFO  server.RaftServerConfigKeys (ConfUtils.java:logGet(43)) - raft.server.log.appender.buffer.byte-limit = 33554432 (custom)
2019-08-23 09:11:49,671 [pool-181-thread-1] INFO  server.RaftServerConfigKeys (ConfUtils.java:logGet(43)) - raft.server.log.segment.size.max = 1048576 (custom)
2019-08-23 09:11:49,671 [pool-181-thread-1] INFO  server.RaftServerConfigKeys (ConfUtils.java:logGet(43)) - raft.server.log.segment.cache.num.max = 2 (custom)
2019-08-23 09:11:49,671 [pool-181-thread-1] INFO  segmented.SegmentedRaftLogWorker (SegmentedRaftLogWorker.java:<init>(172)) - new 6db0b5b4-33e5-45b9-ab7c-8a068485ef09-SegmentedRaftLogWorker:Storage Directory /workdir/hadoop-ozone/integration-test/target/test-dir/MiniOzoneClusterImpl-46891ce3-8eb0-4315-8db6-3822c3bd7dcf/datanode-5/data/ratis/4322990e-a334-47b0-aeb3-b34774209aac for RaftStorage:Storage Directory /workdir/hadoop-ozone/integration-test/target/test-dir/MiniOzoneClusterImpl-46891ce3-8eb0-4315-8db6-3822c3bd7dcf/datanode-5/data/ratis/4322990e-a334-47b0-aeb3-b34774209aac
2019-08-23 09:11:49,671 [pool-181-thread-1] INFO  server.RaftServerConfigKeys (ConfUtils.java:logGet(43)) - raft.server.log.queue.byte-limit = 2147483647 (custom)
2019-08-23 09:11:49,672 [pool-181-thread-1] INFO  server.RaftServerConfigKeys (ConfUtils.java:logGet(43)) - raft.server.log.queue.element-limit = 1024 (custom)
2019-08-23 09:11:49,672 [pool-181-thread-1] INFO  server.RaftServerConfigKeys (ConfUtils.java:logGet(43)) - raft.server.log.segment.size.max = 1048576 (custom)
2019-08-23 09:11:49,672 [pool-181-thread-1] INFO  server.RaftServerConfigKeys (ConfUtils.java:logGet(43)) - raft.server.log.preallocated.size = 16384 (custom)
2019-08-23 09:11:49,672 [pool-181-thread-1] INFO  server.RaftServerConfigKeys (ConfUtils.java:logGet(43)) - raft.server.log.write.buffer.size = 33554432 (custom)
2019-08-23 09:11:49,672 [pool-181-thread-1] INFO  server.RaftServerConfigKeys (ConfUtils.java:logGet(43)) - raft.server.log.force.sync.num = 128 (default)
2019-08-23 09:11:49,673 [pool-181-thread-1] INFO  server.RaftServerConfigKeys (ConfUtils.java:logGet(43)) - raft.server.log.statemachine.data.sync = true (default)
2019-08-23 09:11:49,673 [pool-181-thread-1] INFO  server.RaftServerConfigKeys (ConfUtils.java:logGet(43)) - raft.server.log.statemachine.data.sync.timeout = 10s (default)
2019-08-23 09:11:49,673 [pool-181-thread-1] INFO  server.RaftServerConfigKeys (ConfUtils.java:logGet(43)) - raft.server.log.statemachine.data.sync.timeout.retry = -1 (default)
2019-08-23 09:11:49,673 [pool-181-thread-1] INFO  server.RaftServerConfigKeys (ConfUtils.java:logGet(43)) - raft.server.log.statemachine.data.caching.enabled = true (custom)
2019-08-23 09:11:49,674 [pool-181-thread-1] INFO  segmented.SegmentedRaftLogWorker (SegmentedRaftLogWorker.java:lambda$new$0(132)) - 6db0b5b4-33e5-45b9-ab7c-8a068485ef09-SegmentedRaftLogWorker:Storage Directory /workdir/hadoop-ozone/integration-test/target/test-dir/MiniOzoneClusterImpl-46891ce3-8eb0-4315-8db6-3822c3bd7dcf/datanode-5/data/ratis/4322990e-a334-47b0-aeb3-b34774209aac: flushIndex: setUnconditionally 0 -> -1
2019-08-23 09:11:49,674 [pool-181-thread-1] INFO  server.RaftServerConfigKeys (ConfUtils.java:logGet(43)) - raft.server.snapshot.auto.trigger.enabled = true (custom)
2019-08-23 09:11:49,674 [pool-181-thread-1] INFO  server.RaftServerConfigKeys (ConfUtils.java:logGet(43)) - raft.server.snapshot.auto.trigger.threshold = 10000 (custom)
2019-08-23 09:11:49,675 [pool-181-thread-1] INFO  server.RaftServerConfigKeys (ConfUtils.java:logGet(43)) - raft.server.retrycache.expirytime = 600000ms (custom)
2019-08-23 09:11:49,675 [pool-181-thread-1] INFO  impl.RaftServerImpl (RaftServerImpl.java:start(180)) - 6db0b5b4-33e5-45b9-ab7c-8a068485ef09: start group-B34774209AAC
2019-08-23 09:11:49,675 [pool-181-thread-1] INFO  impl.RaftServerImpl (RaftServerImpl.java:setRole(171)) - 6db0b5b4-33e5-45b9-ab7c-8a068485ef09:group-B34774209AAC changes role from null to FOLLOWER at term 0 for startAsFollower
2019-08-23 09:11:49,675 [pool-181-thread-1] INFO  impl.RoleInfo (RoleInfo.java:updateAndGet(143)) - 6db0b5b4-33e5-45b9-ab7c-8a068485ef09: start FollowerState
2019-08-23 09:11:49,676 [pool-181-thread-1] INFO  util.JmxRegister (JmxRegister.java:tryRegister(44)) - Successfully registered JMX Bean with object name Ratis:service=RaftServer,group=group-B34774209AAC,id=6db0b5b4-33e5-45b9-ab7c-8a068485ef09
2019-08-23 09:11:49,679 [RatisPipelineUtilsThread] INFO  pipeline.PipelineStateManager (PipelineStateManager.java:addPipeline(56)) - Created pipeline Pipeline[ Id: 4322990e-a334-47b0-aeb3-b34774209aac, Nodes: 6db0b5b4-33e5-45b9-ab7c-8a068485ef09{ip: 192.168.69.105, host: pr-hdds-1094-nn687-1629055932, networkLocation: /default-rack, certSerialId: null}, Type:RATIS, Factor:ONE, State:OPEN]
2019-08-23 09:11:49,698 [grpc-default-executor-5] INFO  impl.RaftServerProxy (RaftServerProxy.java:addNew(89)) - 480da6fd-5cad-42f6-a3a8-03ebe6e9ed72: addNew group-FE0C229C6F37:[6db0b5b4-33e5-45b9-ab7c-8a068485ef09:192.168.69.105:41066, e3f86e53-8f15-4a09-b253-90a30ace4ba2:192.168.69.105:33325, 480da6fd-5cad-42f6-a3a8-03ebe6e9ed72:192.168.69.105:35049] returns group-FE0C229C6F37:java.util.concurrent.CompletableFuture@104598f[Not completed]
2019-08-23 09:11:49,698 [grpc-default-executor-2] INFO  impl.RaftServerProxy (RaftServerProxy.java:addNew(89)) - 6db0b5b4-33e5-45b9-ab7c-8a068485ef09: addNew group-FE0C229C6F37:[6db0b5b4-33e5-45b9-ab7c-8a068485ef09:192.168.69.105:41066, e3f86e53-8f15-4a09-b253-90a30ace4ba2:192.168.69.105:33325, 480da6fd-5cad-42f6-a3a8-03ebe6e9ed72:192.168.69.105:35049] returns group-FE0C229C6F37:java.util.concurrent.CompletableFuture@5ceb8bbb[Not completed]
2019-08-23 09:11:49,698 [grpc-default-executor-1] INFO  impl.RaftServerProxy (RaftServerProxy.java:addNew(89)) - e3f86e53-8f15-4a09-b253-90a30ace4ba2: addNew group-FE0C229C6F37:[6db0b5b4-33e5-45b9-ab7c-8a068485ef09:192.168.69.105:41066, e3f86e53-8f15-4a09-b253-90a30ace4ba2:192.168.69.105:33325, 480da6fd-5cad-42f6-a3a8-03ebe6e9ed72:192.168.69.105:35049] returns group-FE0C229C6F37:java.util.concurrent.CompletableFuture@61046009[Not completed]
2019-08-23 09:11:49,700 [pool-170-thread-1] INFO  impl.RaftServerImpl (RaftServerImpl.java:<init>(93)) - 480da6fd-5cad-42f6-a3a8-03ebe6e9ed72: new RaftServerImpl for group-FE0C229C6F37:[6db0b5b4-33e5-45b9-ab7c-8a068485ef09:192.168.69.105:41066, e3f86e53-8f15-4a09-b253-90a30ace4ba2:192.168.69.105:33325, 480da6fd-5cad-42f6-a3a8-03ebe6e9ed72:192.168.69.105:35049] with ContainerStateMachine:uninitialized
2019-08-23 09:11:49,700 [pool-170-thread-1] INFO  server.RaftServerConfigKeys (ConfUtils.java:logGet(43)) - raft.server.rpc.timeout.min = 5s (custom)
2019-08-23 09:11:49,700 [pool-170-thread-1] INFO  server.RaftServerConfigKeys (ConfUtils.java:logGet(43)) - raft.server.rpc.timeout.max = 5200ms (custom)
2019-08-23 09:11:49,700 [pool-170-thread-1] INFO  server.RaftServerConfigKeys (ConfUtils.java:logGet(43)) - raft.server.rpcslowness.timeout = 120s (custom)
2019-08-23 09:11:49,701 [pool-170-thread-1] INFO  server.RaftServerConfigKeys (ConfUtils.java:logGet(43)) - raft.server.sleep.deviation.threshold = 300 (default)
2019-08-23 09:11:49,701 [pool-159-thread-1] INFO  impl.RaftServerImpl (RaftServerImpl.java:<init>(93)) - e3f86e53-8f15-4a09-b253-90a30ace4ba2: new RaftServerImpl for group-FE0C229C6F37:[6db0b5b4-33e5-45b9-ab7c-8a068485ef09:192.168.69.105:41066, e3f86e53-8f15-4a09-b253-90a30ace4ba2:192.168.69.105:33325, 480da6fd-5cad-42f6-a3a8-03ebe6e9ed72:192.168.69.105:35049] with ContainerStateMachine:uninitialized
2019-08-23 09:11:49,701 [pool-170-thread-1] INFO  server.RaftServerConfigKeys (ConfUtils.java:logGet(43)) - raft.server.log.appender.install.snapshot.enabled = false (custom)
2019-08-23 09:11:49,701 [pool-159-thread-1] INFO  server.RaftServerConfigKeys (ConfUtils.java:logGet(43)) - raft.server.rpc.timeout.min = 5s (custom)
2019-08-23 09:11:49,701 [pool-170-thread-1] INFO  impl.RaftServerImpl (ServerState.java:<init>(105)) - 480da6fd-5cad-42f6-a3a8-03ebe6e9ed72:group-FE0C229C6F37 ConfigurationManager, init=-1: [6db0b5b4-33e5-45b9-ab7c-8a068485ef09:192.168.69.105:41066, e3f86e53-8f15-4a09-b253-90a30ace4ba2:192.168.69.105:33325, 480da6fd-5cad-42f6-a3a8-03ebe6e9ed72:192.168.69.105:35049], old=null, confs=<EMPTY_MAP>
2019-08-23 09:11:49,701 [pool-159-thread-1] INFO  server.RaftServerConfigKeys (ConfUtils.java:logGet(43)) - raft.server.rpc.timeout.max = 5200ms (custom)
2019-08-23 09:11:49,702 [pool-170-thread-1] INFO  server.RaftServerConfigKeys (ConfUtils.java:logGet(43)) - raft.server.storage.dir = [/workdir/hadoop-ozone/integration-test/target/test-dir/MiniOzoneClusterImpl-46891ce3-8eb0-4315-8db6-3822c3bd7dcf/datanode-4/data/ratis] (custom)
2019-08-23 09:11:49,702 [pool-181-thread-1] INFO  impl.RaftServerImpl (RaftServerImpl.java:<init>(93)) - 6db0b5b4-33e5-45b9-ab7c-8a068485ef09: new RaftServerImpl for group-FE0C229C6F37:[6db0b5b4-33e5-45b9-ab7c-8a068485ef09:192.168.69.105:41066, e3f86e53-8f15-4a09-b253-90a30ace4ba2:192.168.69.105:33325, 480da6fd-5cad-42f6-a3a8-03ebe6e9ed72:192.168.69.105:35049] with ContainerStateMachine:uninitialized
2019-08-23 09:11:49,702 [pool-159-thread-1] INFO  server.RaftServerConfigKeys (ConfUtils.java:logGet(43)) - raft.server.rpcslowness.timeout = 120s (custom)
2019-08-23 09:11:49,702 [pool-170-thread-1] INFO  storage.RaftStorageDirectory (RaftStorageDirectory.java:analyzeStorage(246)) - The storage directory /workdir/hadoop-ozone/integration-test/target/test-dir/MiniOzoneClusterImpl-46891ce3-8eb0-4315-8db6-3822c3bd7dcf/datanode-4/data/ratis/c3c0063c-9561-4dcf-aecd-fe0c229c6f37 does not exist. Creating ...
2019-08-23 09:11:49,702 [pool-181-thread-1] INFO  server.RaftServerConfigKeys (ConfUtils.java:logGet(43)) - raft.server.rpc.timeout.min = 5s (custom)
2019-08-23 09:11:49,702 [pool-159-thread-1] INFO  server.RaftServerConfigKeys (ConfUtils.java:logGet(43)) - raft.server.sleep.deviation.threshold = 300 (default)
2019-08-23 09:11:49,702 [pool-181-thread-1] INFO  server.RaftServerConfigKeys (ConfUtils.java:logGet(43)) - raft.server.rpc.timeout.max = 5200ms (custom)
2019-08-23 09:11:49,703 [pool-159-thread-1] INFO  server.RaftServerConfigKeys (ConfUtils.java:logGet(43)) - raft.server.log.appender.install.snapshot.enabled = false (custom)
2019-08-23 09:11:49,703 [pool-181-thread-1] INFO  server.RaftServerConfigKeys (ConfUtils.java:logGet(43)) - raft.server.rpcslowness.timeout = 120s (custom)
2019-08-23 09:11:49,703 [pool-159-thread-1] INFO  impl.RaftServerImpl (ServerState.java:<init>(105)) - e3f86e53-8f15-4a09-b253-90a30ace4ba2:group-FE0C229C6F37 ConfigurationManager, init=-1: [6db0b5b4-33e5-45b9-ab7c-8a068485ef09:192.168.69.105:41066, e3f86e53-8f15-4a09-b253-90a30ace4ba2:192.168.69.105:33325, 480da6fd-5cad-42f6-a3a8-03ebe6e9ed72:192.168.69.105:35049], old=null, confs=<EMPTY_MAP>
2019-08-23 09:11:49,703 [pool-181-thread-1] INFO  server.RaftServerConfigKeys (ConfUtils.java:logGet(43)) - raft.server.sleep.deviation.threshold = 300 (default)
2019-08-23 09:11:49,703 [pool-159-thread-1] INFO  server.RaftServerConfigKeys (ConfUtils.java:logGet(43)) - raft.server.storage.dir = [/workdir/hadoop-ozone/integration-test/target/test-dir/MiniOzoneClusterImpl-46891ce3-8eb0-4315-8db6-3822c3bd7dcf/datanode-3/data/ratis] (custom)
2019-08-23 09:11:49,703 [pool-181-thread-1] INFO  server.RaftServerConfigKeys (ConfUtils.java:logGet(43)) - raft.server.log.appender.install.snapshot.enabled = false (custom)
2019-08-23 09:11:49,704 [pool-181-thread-1] INFO  impl.RaftServerImpl (ServerState.java:<init>(105)) - 6db0b5b4-33e5-45b9-ab7c-8a068485ef09:group-FE0C229C6F37 ConfigurationManager, init=-1: [6db0b5b4-33e5-45b9-ab7c-8a068485ef09:192.168.69.105:41066, e3f86e53-8f15-4a09-b253-90a30ace4ba2:192.168.69.105:33325, 480da6fd-5cad-42f6-a3a8-03ebe6e9ed72:192.168.69.105:35049], old=null, confs=<EMPTY_MAP>
2019-08-23 09:11:49,704 [pool-159-thread-1] INFO  storage.RaftStorageDirectory (RaftStorageDirectory.java:analyzeStorage(246)) - The storage directory /workdir/hadoop-ozone/integration-test/target/test-dir/MiniOzoneClusterImpl-46891ce3-8eb0-4315-8db6-3822c3bd7dcf/datanode-3/data/ratis/c3c0063c-9561-4dcf-aecd-fe0c229c6f37 does not exist. Creating ...
2019-08-23 09:11:49,704 [pool-181-thread-1] INFO  server.RaftServerConfigKeys (ConfUtils.java:logGet(43)) - raft.server.storage.dir = [/workdir/hadoop-ozone/integration-test/target/test-dir/MiniOzoneClusterImpl-46891ce3-8eb0-4315-8db6-3822c3bd7dcf/datanode-5/data/ratis] (custom)
2019-08-23 09:11:49,704 [pool-181-thread-1] INFO  storage.RaftStorageDirectory (RaftStorageDirectory.java:analyzeStorage(246)) - The storage directory /workdir/hadoop-ozone/integration-test/target/test-dir/MiniOzoneClusterImpl-46891ce3-8eb0-4315-8db6-3822c3bd7dcf/datanode-5/data/ratis/c3c0063c-9561-4dcf-aecd-fe0c229c6f37 does not exist. Creating ...
2019-08-23 09:11:49,716 [pool-181-thread-1] INFO  storage.RaftStorageDirectory (RaftStorageDirectory.java:tryLock(328)) - Lock on /workdir/hadoop-ozone/integration-test/target/test-dir/MiniOzoneClusterImpl-46891ce3-8eb0-4315-8db6-3822c3bd7dcf/datanode-5/data/ratis/c3c0063c-9561-4dcf-aecd-fe0c229c6f37/in_use.lock acquired by nodename 1515@pr-hdds-1094-nn687-1629055932
2019-08-23 09:11:49,716 [pool-159-thread-1] INFO  storage.RaftStorageDirectory (RaftStorageDirectory.java:tryLock(328)) - Lock on /workdir/hadoop-ozone/integration-test/target/test-dir/MiniOzoneClusterImpl-46891ce3-8eb0-4315-8db6-3822c3bd7dcf/datanode-3/data/ratis/c3c0063c-9561-4dcf-aecd-fe0c229c6f37/in_use.lock acquired by nodename 1515@pr-hdds-1094-nn687-1629055932
2019-08-23 09:11:49,716 [pool-170-thread-1] INFO  storage.RaftStorageDirectory (RaftStorageDirectory.java:tryLock(328)) - Lock on /workdir/hadoop-ozone/integration-test/target/test-dir/MiniOzoneClusterImpl-46891ce3-8eb0-4315-8db6-3822c3bd7dcf/datanode-4/data/ratis/c3c0063c-9561-4dcf-aecd-fe0c229c6f37/in_use.lock acquired by nodename 1515@pr-hdds-1094-nn687-1629055932
2019-08-23 09:11:49,730 [pool-170-thread-1] INFO  storage.RaftStorage (RaftStorage.java:format(72)) - Storage directory /workdir/hadoop-ozone/integration-test/target/test-dir/MiniOzoneClusterImpl-46891ce3-8eb0-4315-8db6-3822c3bd7dcf/datanode-4/data/ratis/c3c0063c-9561-4dcf-aecd-fe0c229c6f37 has been successfully formatted.
2019-08-23 09:11:49,730 [pool-181-thread-1] INFO  storage.RaftStorage (RaftStorage.java:format(72)) - Storage directory /workdir/hadoop-ozone/integration-test/target/test-dir/MiniOzoneClusterImpl-46891ce3-8eb0-4315-8db6-3822c3bd7dcf/datanode-5/data/ratis/c3c0063c-9561-4dcf-aecd-fe0c229c6f37 has been successfully formatted.
2019-08-23 09:11:49,731 [pool-170-thread-1] INFO  ratis.ContainerStateMachine (ContainerStateMachine.java:loadSnapshot(226)) - group-FE0C229C6F37: The snapshot info is null. Setting the last applied indexto:(t:0, i:~)
2019-08-23 09:11:49,730 [pool-159-thread-1] INFO  storage.RaftStorage (RaftStorage.java:format(72)) - Storage directory /workdir/hadoop-ozone/integration-test/target/test-dir/MiniOzoneClusterImpl-46891ce3-8eb0-4315-8db6-3822c3bd7dcf/datanode-3/data/ratis/c3c0063c-9561-4dcf-aecd-fe0c229c6f37 has been successfully formatted.
2019-08-23 09:11:49,731 [pool-170-thread-1] INFO  server.RaftServerConfigKeys (ConfUtils.java:logGet(43)) - raft.server.leader.election.timeout = 120s (custom)
2019-08-23 09:11:49,731 [pool-159-thread-1] INFO  ratis.ContainerStateMachine (ContainerStateMachine.java:loadSnapshot(226)) - group-FE0C229C6F37: The snapshot info is null. Setting the last applied indexto:(t:0, i:~)
2019-08-23 09:11:49,731 [pool-181-thread-1] INFO  ratis.ContainerStateMachine (ContainerStateMachine.java:loadSnapshot(226)) - group-FE0C229C6F37: The snapshot info is null. Setting the last applied indexto:(t:0, i:~)
2019-08-23 09:11:49,731 [pool-159-thread-1] INFO  server.RaftServerConfigKeys (ConfUtils.java:logGet(43)) - raft.server.leader.election.timeout = 120s (custom)
2019-08-23 09:11:49,731 [pool-170-thread-1] INFO  server.RaftServerConfigKeys (ConfUtils.java:logGet(43)) - raft.server.log.use.memory = false (default)
2019-08-23 09:11:49,732 [pool-159-thread-1] INFO  server.RaftServerConfigKeys (ConfUtils.java:logGet(43)) - raft.server.log.use.memory = false (default)
2019-08-23 09:11:49,732 [pool-181-thread-1] INFO  server.RaftServerConfigKeys (ConfUtils.java:logGet(43)) - raft.server.leader.election.timeout = 120s (custom)
2019-08-23 09:11:49,732 [pool-159-thread-1] INFO  server.RaftServerConfigKeys (ConfUtils.java:logGet(43)) - raft.server.log.purge.gap = 1000000 (custom)
2019-08-23 09:11:49,732 [pool-170-thread-1] INFO  server.RaftServerConfigKeys (ConfUtils.java:logGet(43)) - raft.server.log.purge.gap = 1000000 (custom)
2019-08-23 09:11:49,732 [pool-159-thread-1] INFO  server.RaftServerConfigKeys (ConfUtils.java:logGet(43)) - raft.server.log.appender.buffer.byte-limit = 33554432 (custom)
2019-08-23 09:11:49,732 [pool-181-thread-1] INFO  server.RaftServerConfigKeys (ConfUtils.java:logGet(43)) - raft.server.log.use.memory = false (default)
2019-08-23 09:11:49,733 [pool-159-thread-1] INFO  server.RaftServerConfigKeys (ConfUtils.java:logGet(43)) - raft.server.log.segment.size.max = 1048576 (custom)
2019-08-23 09:11:49,733 [pool-170-thread-1] INFO  server.RaftServerConfigKeys (ConfUtils.java:logGet(43)) - raft.server.log.appender.buffer.byte-limit = 33554432 (custom)
2019-08-23 09:11:49,733 [pool-159-thread-1] INFO  server.RaftServerConfigKeys (ConfUtils.java:logGet(43)) - raft.server.log.segment.cache.num.max = 2 (custom)
2019-08-23 09:11:49,733 [pool-181-thread-1] INFO  server.RaftServerConfigKeys (ConfUtils.java:logGet(43)) - raft.server.log.purge.gap = 1000000 (custom)
2019-08-23 09:11:49,733 [pool-159-thread-1] INFO  segmented.SegmentedRaftLogWorker (SegmentedRaftLogWorker.java:<init>(172)) - new e3f86e53-8f15-4a09-b253-90a30ace4ba2-SegmentedRaftLogWorker:Storage Directory /workdir/hadoop-ozone/integration-test/target/test-dir/MiniOzoneClusterImpl-46891ce3-8eb0-4315-8db6-3822c3bd7dcf/datanode-3/data/ratis/c3c0063c-9561-4dcf-aecd-fe0c229c6f37 for RaftStorage:Storage Directory /workdir/hadoop-ozone/integration-test/target/test-dir/MiniOzoneClusterImpl-46891ce3-8eb0-4315-8db6-3822c3bd7dcf/datanode-3/data/ratis/c3c0063c-9561-4dcf-aecd-fe0c229c6f37
2019-08-23 09:11:49,733 [pool-170-thread-1] INFO  server.RaftServerConfigKeys (ConfUtils.java:logGet(43)) - raft.server.log.segment.size.max = 1048576 (custom)
2019-08-23 09:11:49,734 [pool-159-thread-1] INFO  server.RaftServerConfigKeys (ConfUtils.java:logGet(43)) - raft.server.log.queue.byte-limit = 2147483647 (custom)
2019-08-23 09:11:49,734 [pool-181-thread-1] INFO  server.RaftServerConfigKeys (ConfUtils.java:logGet(43)) - raft.server.log.appender.buffer.byte-limit = 33554432 (custom)
2019-08-23 09:11:49,734 [pool-159-thread-1] INFO  server.RaftServerConfigKeys (ConfUtils.java:logGet(43)) - raft.server.log.queue.element-limit = 1024 (custom)
2019-08-23 09:11:49,734 [pool-170-thread-1] INFO  server.RaftServerConfigKeys (ConfUtils.java:logGet(43)) - raft.server.log.segment.cache.num.max = 2 (custom)
2019-08-23 09:11:49,734 [pool-159-thread-1] INFO  server.RaftServerConfigKeys (ConfUtils.java:logGet(43)) - raft.server.log.segment.size.max = 1048576 (custom)
2019-08-23 09:11:49,734 [pool-181-thread-1] INFO  server.RaftServerConfigKeys (ConfUtils.java:logGet(43)) - raft.server.log.segment.size.max = 1048576 (custom)
2019-08-23 09:11:49,735 [pool-159-thread-1] INFO  server.RaftServerConfigKeys (ConfUtils.java:logGet(43)) - raft.server.log.preallocated.size = 16384 (custom)
2019-08-23 09:11:49,735 [pool-170-thread-1] INFO  segmented.SegmentedRaftLogWorker (SegmentedRaftLogWorker.java:<init>(172)) - new 480da6fd-5cad-42f6-a3a8-03ebe6e9ed72-SegmentedRaftLogWorker:Storage Directory /workdir/hadoop-ozone/integration-test/target/test-dir/MiniOzoneClusterImpl-46891ce3-8eb0-4315-8db6-3822c3bd7dcf/datanode-4/data/ratis/c3c0063c-9561-4dcf-aecd-fe0c229c6f37 for RaftStorage:Storage Directory /workdir/hadoop-ozone/integration-test/target/test-dir/MiniOzoneClusterImpl-46891ce3-8eb0-4315-8db6-3822c3bd7dcf/datanode-4/data/ratis/c3c0063c-9561-4dcf-aecd-fe0c229c6f37
2019-08-23 09:11:49,735 [pool-159-thread-1] INFO  server.RaftServerConfigKeys (ConfUtils.java:logGet(43)) - raft.server.log.write.buffer.size = 33554432 (custom)
2019-08-23 09:11:49,735 [pool-181-thread-1] INFO  server.RaftServerConfigKeys (ConfUtils.java:logGet(43)) - raft.server.log.segment.cache.num.max = 2 (custom)
2019-08-23 09:11:49,736 [pool-159-thread-1] INFO  server.RaftServerConfigKeys (ConfUtils.java:logGet(43)) - raft.server.log.force.sync.num = 128 (default)
2019-08-23 09:11:49,736 [pool-170-thread-1] INFO  server.RaftServerConfigKeys (ConfUtils.java:logGet(43)) - raft.server.log.queue.byte-limit = 2147483647 (custom)
2019-08-23 09:11:49,737 [pool-159-thread-1] INFO  server.RaftServerConfigKeys (ConfUtils.java:logGet(43)) - raft.server.log.statemachine.data.sync = true (default)
2019-08-23 09:11:49,737 [pool-181-thread-1] INFO  segmented.SegmentedRaftLogWorker (SegmentedRaftLogWorker.java:<init>(172)) - new 6db0b5b4-33e5-45b9-ab7c-8a068485ef09-SegmentedRaftLogWorker:Storage Directory /workdir/hadoop-ozone/integration-test/target/test-dir/MiniOzoneClusterImpl-46891ce3-8eb0-4315-8db6-3822c3bd7dcf/datanode-5/data/ratis/c3c0063c-9561-4dcf-aecd-fe0c229c6f37 for RaftStorage:Storage Directory /workdir/hadoop-ozone/integration-test/target/test-dir/MiniOzoneClusterImpl-46891ce3-8eb0-4315-8db6-3822c3bd7dcf/datanode-5/data/ratis/c3c0063c-9561-4dcf-aecd-fe0c229c6f37
2019-08-23 09:11:49,737 [pool-159-thread-1] INFO  server.RaftServerConfigKeys (ConfUtils.java:logGet(43)) - raft.server.log.statemachine.data.sync.timeout = 10s (default)
2019-08-23 09:11:49,737 [pool-170-thread-1] INFO  server.RaftServerConfigKeys (ConfUtils.java:logGet(43)) - raft.server.log.queue.element-limit = 1024 (custom)
2019-08-23 09:11:49,738 [pool-159-thread-1] INFO  server.RaftServerConfigKeys (ConfUtils.java:logGet(43)) - raft.server.log.statemachine.data.sync.timeout.retry = -1 (default)
2019-08-23 09:11:49,737 [pool-181-thread-1] INFO  server.RaftServerConfigKeys (ConfUtils.java:logGet(43)) - raft.server.log.queue.byte-limit = 2147483647 (custom)
2019-08-23 09:11:49,738 [pool-159-thread-1] INFO  server.RaftServerConfigKeys (ConfUtils.java:logGet(43)) - raft.server.log.statemachine.data.caching.enabled = true (custom)
2019-08-23 09:11:49,738 [pool-170-thread-1] INFO  server.RaftServerConfigKeys (ConfUtils.java:logGet(43)) - raft.server.log.segment.size.max = 1048576 (custom)
2019-08-23 09:11:49,739 [pool-159-thread-1] INFO  segmented.SegmentedRaftLogWorker (SegmentedRaftLogWorker.java:lambda$new$0(132)) - e3f86e53-8f15-4a09-b253-90a30ace4ba2-SegmentedRaftLogWorker:Storage Directory /workdir/hadoop-ozone/integration-test/target/test-dir/MiniOzoneClusterImpl-46891ce3-8eb0-4315-8db6-3822c3bd7dcf/datanode-3/data/ratis/c3c0063c-9561-4dcf-aecd-fe0c229c6f37: flushIndex: setUnconditionally 0 -> -1
2019-08-23 09:11:49,738 [pool-181-thread-1] INFO  server.RaftServerConfigKeys (ConfUtils.java:logGet(43)) - raft.server.log.queue.element-limit = 1024 (custom)
2019-08-23 09:11:49,739 [pool-159-thread-1] INFO  server.RaftServerConfigKeys (ConfUtils.java:logGet(43)) - raft.server.snapshot.auto.trigger.enabled = true (custom)
2019-08-23 09:11:49,739 [pool-181-thread-1] INFO  server.RaftServerConfigKeys (ConfUtils.java:logGet(43)) - raft.server.log.segment.size.max = 1048576 (custom)
2019-08-23 09:11:49,739 [pool-181-thread-1] INFO  server.RaftServerConfigKeys (ConfUtils.java:logGet(43)) - raft.server.log.preallocated.size = 16384 (custom)
2019-08-23 09:11:49,739 [pool-170-thread-1] INFO  server.RaftServerConfigKeys (ConfUtils.java:logGet(43)) - raft.server.log.preallocated.size = 16384 (custom)
2019-08-23 09:11:49,740 [pool-181-thread-1] INFO  server.RaftServerConfigKeys (ConfUtils.java:logGet(43)) - raft.server.log.write.buffer.size = 33554432 (custom)
2019-08-23 09:11:49,739 [pool-159-thread-1] INFO  server.RaftServerConfigKeys (ConfUtils.java:logGet(43)) - raft.server.snapshot.auto.trigger.threshold = 10000 (custom)
2019-08-23 09:11:49,740 [pool-181-thread-1] INFO  server.RaftServerConfigKeys (ConfUtils.java:logGet(43)) - raft.server.log.force.sync.num = 128 (default)
2019-08-23 09:11:49,740 [pool-181-thread-1] INFO  server.RaftServerConfigKeys (ConfUtils.java:logGet(43)) - raft.server.log.statemachine.data.sync = true (default)
2019-08-23 09:11:49,740 [pool-170-thread-1] INFO  server.RaftServerConfigKeys (ConfUtils.java:logGet(43)) - raft.server.log.write.buffer.size = 33554432 (custom)
2019-08-23 09:11:49,740 [pool-181-thread-1] INFO  server.RaftServerConfigKeys (ConfUtils.java:logGet(43)) - raft.server.log.statemachine.data.sync.timeout = 10s (default)
2019-08-23 09:11:49,740 [pool-159-thread-1] INFO  server.RaftServerConfigKeys (ConfUtils.java:logGet(43)) - raft.server.retrycache.expirytime = 600000ms (custom)
2019-08-23 09:11:49,741 [pool-181-thread-1] INFO  server.RaftServerConfigKeys (ConfUtils.java:logGet(43)) - raft.server.log.statemachine.data.sync.timeout.retry = -1 (default)
2019-08-23 09:11:49,741 [pool-170-thread-1] INFO  server.RaftServerConfigKeys (ConfUtils.java:logGet(43)) - raft.server.log.force.sync.num = 128 (default)
2019-08-23 09:11:49,741 [pool-181-thread-1] INFO  server.RaftServerConfigKeys (ConfUtils.java:logGet(43)) - raft.server.log.statemachine.data.caching.enabled = true (custom)
2019-08-23 09:11:49,741 [pool-159-thread-1] INFO  impl.RaftServerImpl (RaftServerImpl.java:start(180)) - e3f86e53-8f15-4a09-b253-90a30ace4ba2: start group-FE0C229C6F37
2019-08-23 09:11:49,742 [pool-159-thread-1] INFO  impl.RaftServerImpl (RaftServerImpl.java:setRole(171)) - e3f86e53-8f15-4a09-b253-90a30ace4ba2:group-FE0C229C6F37 changes role from null to FOLLOWER at term 0 for startAsFollower
2019-08-23 09:11:49,742 [pool-181-thread-1] INFO  segmented.SegmentedRaftLogWorker (SegmentedRaftLogWorker.java:lambda$new$0(132)) - 6db0b5b4-33e5-45b9-ab7c-8a068485ef09-SegmentedRaftLogWorker:Storage Directory /workdir/hadoop-ozone/integration-test/target/test-dir/MiniOzoneClusterImpl-46891ce3-8eb0-4315-8db6-3822c3bd7dcf/datanode-5/data/ratis/c3c0063c-9561-4dcf-aecd-fe0c229c6f37: flushIndex: setUnconditionally 0 -> -1
2019-08-23 09:11:49,742 [pool-170-thread-1] INFO  server.RaftServerConfigKeys (ConfUtils.java:logGet(43)) - raft.server.log.statemachine.data.sync = true (default)
2019-08-23 09:11:49,742 [pool-159-thread-1] INFO  impl.RoleInfo (RoleInfo.java:updateAndGet(143)) - e3f86e53-8f15-4a09-b253-90a30ace4ba2: start FollowerState
2019-08-23 09:11:49,742 [pool-170-thread-1] INFO  server.RaftServerConfigKeys (ConfUtils.java:logGet(43)) - raft.server.log.statemachine.data.sync.timeout = 10s (default)
2019-08-23 09:11:49,742 [pool-181-thread-1] INFO  server.RaftServerConfigKeys (ConfUtils.java:logGet(43)) - raft.server.snapshot.auto.trigger.enabled = true (custom)
2019-08-23 09:11:49,743 [pool-170-thread-1] INFO  server.RaftServerConfigKeys (ConfUtils.java:logGet(43)) - raft.server.log.statemachine.data.sync.timeout.retry = -1 (default)
2019-08-23 09:11:49,743 [pool-181-thread-1] INFO  server.RaftServerConfigKeys (ConfUtils.java:logGet(43)) - raft.server.snapshot.auto.trigger.threshold = 10000 (custom)
2019-08-23 09:11:49,743 [pool-159-thread-1] INFO  util.JmxRegister (JmxRegister.java:tryRegister(44)) - Successfully registered JMX Bean with object name Ratis:service=RaftServer,group=group-FE0C229C6F37,id=e3f86e53-8f15-4a09-b253-90a30ace4ba2
2019-08-23 09:11:49,743 [pool-181-thread-1] INFO  server.RaftServerConfigKeys (ConfUtils.java:logGet(43)) - raft.server.retrycache.expirytime = 600000ms (custom)
2019-08-23 09:11:49,743 [pool-170-thread-1] INFO  server.RaftServerConfigKeys (ConfUtils.java:logGet(43)) - raft.server.log.statemachine.data.caching.enabled = true (custom)
2019-08-23 09:11:49,744 [pool-181-thread-1] INFO  impl.RaftServerImpl (RaftServerImpl.java:start(180)) - 6db0b5b4-33e5-45b9-ab7c-8a068485ef09: start group-FE0C229C6F37
2019-08-23 09:11:49,744 [pool-181-thread-1] INFO  impl.RaftServerImpl (RaftServerImpl.java:setRole(171)) - 6db0b5b4-33e5-45b9-ab7c-8a068485ef09:group-FE0C229C6F37 changes role from null to FOLLOWER at term 0 for startAsFollower
2019-08-23 09:11:49,744 [pool-170-thread-1] INFO  segmented.SegmentedRaftLogWorker (SegmentedRaftLogWorker.java:lambda$new$0(132)) - 480da6fd-5cad-42f6-a3a8-03ebe6e9ed72-SegmentedRaftLogWorker:Storage Directory /workdir/hadoop-ozone/integration-test/target/test-dir/MiniOzoneClusterImpl-46891ce3-8eb0-4315-8db6-3822c3bd7dcf/datanode-4/data/ratis/c3c0063c-9561-4dcf-aecd-fe0c229c6f37: flushIndex: setUnconditionally 0 -> -1
2019-08-23 09:11:49,744 [pool-181-thread-1] INFO  impl.RoleInfo (RoleInfo.java:updateAndGet(143)) - 6db0b5b4-33e5-45b9-ab7c-8a068485ef09: start FollowerState
2019-08-23 09:11:49,744 [pool-170-thread-1] INFO  server.RaftServerConfigKeys (ConfUtils.java:logGet(43)) - raft.server.snapshot.auto.trigger.enabled = true (custom)
2019-08-23 09:11:49,745 [pool-170-thread-1] INFO  server.RaftServerConfigKeys (ConfUtils.java:logGet(43)) - raft.server.snapshot.auto.trigger.threshold = 10000 (custom)
2019-08-23 09:11:49,745 [pool-181-thread-1] INFO  util.JmxRegister (JmxRegister.java:tryRegister(44)) - Successfully registered JMX Bean with object name Ratis:service=RaftServer,group=group-FE0C229C6F37,id=6db0b5b4-33e5-45b9-ab7c-8a068485ef09
2019-08-23 09:11:49,745 [pool-170-thread-1] INFO  server.RaftServerConfigKeys (ConfUtils.java:logGet(43)) - raft.server.retrycache.expirytime = 600000ms (custom)
2019-08-23 09:11:49,745 [pool-170-thread-1] INFO  impl.RaftServerImpl (RaftServerImpl.java:start(180)) - 480da6fd-5cad-42f6-a3a8-03ebe6e9ed72: start group-FE0C229C6F37
2019-08-23 09:11:49,746 [pool-170-thread-1] INFO  impl.RaftServerImpl (RaftServerImpl.java:setRole(171)) - 480da6fd-5cad-42f6-a3a8-03ebe6e9ed72:group-FE0C229C6F37 changes role from null to FOLLOWER at term 0 for startAsFollower
2019-08-23 09:11:49,746 [pool-170-thread-1] INFO  impl.RoleInfo (RoleInfo.java:updateAndGet(143)) - 480da6fd-5cad-42f6-a3a8-03ebe6e9ed72: start FollowerState
2019-08-23 09:11:49,746 [pool-170-thread-1] INFO  util.JmxRegister (JmxRegister.java:tryRegister(44)) - Successfully registered JMX Bean with object name Ratis:service=RaftServer,group=group-FE0C229C6F37,id=480da6fd-5cad-42f6-a3a8-03ebe6e9ed72
2019-08-23 09:11:49,749 [RatisPipelineUtilsThread] INFO  pipeline.PipelineStateManager (PipelineStateManager.java:addPipeline(56)) - Created pipeline Pipeline[ Id: c3c0063c-9561-4dcf-aecd-fe0c229c6f37, Nodes: 480da6fd-5cad-42f6-a3a8-03ebe6e9ed72{ip: 192.168.69.105, host: pr-hdds-1094-nn687-1629055932, networkLocation: /default-rack, certSerialId: null}e3f86e53-8f15-4a09-b253-90a30ace4ba2{ip: 192.168.69.105, host: pr-hdds-1094-nn687-1629055932, networkLocation: /default-rack, certSerialId: null}6db0b5b4-33e5-45b9-ab7c-8a068485ef09{ip: 192.168.69.105, host: pr-hdds-1094-nn687-1629055932, networkLocation: /default-rack, certSerialId: null}, Type:RATIS, Factor:THREE, State:OPEN]
2019-08-23 09:11:49,864 [IPC Server handler 4 on 46524] INFO  net.NetworkTopology (NetworkTopologyImpl.java:add(110)) - Added a new node: /default-rack/0a284024-13d6-46ed-b1db-6a3886ae2776
2019-08-23 09:11:49,864 [IPC Server handler 4 on 46524] INFO  node.SCMNodeManager (SCMNodeManager.java:register(273)) - Registered Data node : 0a284024-13d6-46ed-b1db-6a3886ae2776{ip: 192.168.69.105, host: pr-hdds-1094-nn687-1629055932, networkLocation: /default-rack, certSerialId: null}
2019-08-23 09:11:49,870 [main] INFO  ozone.MiniOzoneClusterImpl (MiniOzoneClusterImpl.java:lambda$waitForClusterToBeReady$0(142)) - Cluster is ready. Got 7 of 7 DN Heartbeats.
2019-08-23 09:11:49,870 | INFO  | SCMAudit | user=jenkins1000 | ip=192.168.69.105 | op=REGISTER {datanodeDetails=0a284024-13d6-46ed-b1db-6a3886ae2776{ip: 192.168.69.105, host: pr-hdds-1094-nn687-1629055932, networkLocation: /default-rack, certSerialId: null}} | ret=SUCCESS |  
2019-08-23 09:11:49,885 [grpc-default-executor-1] INFO  impl.RaftServerProxy (RaftServerProxy.java:addNew(89)) - 0a284024-13d6-46ed-b1db-6a3886ae2776: addNew group-93FB97578F57:[0a284024-13d6-46ed-b1db-6a3886ae2776:192.168.69.105:44670] returns group-93FB97578F57:java.util.concurrent.CompletableFuture@40e5d47d[Not completed]
2019-08-23 09:11:49,892 [pool-192-thread-1] INFO  impl.RaftServerImpl (RaftServerImpl.java:<init>(93)) - 0a284024-13d6-46ed-b1db-6a3886ae2776: new RaftServerImpl for group-93FB97578F57:[0a284024-13d6-46ed-b1db-6a3886ae2776:192.168.69.105:44670] with ContainerStateMachine:uninitialized
2019-08-23 09:11:49,893 [pool-192-thread-1] INFO  server.RaftServerConfigKeys (ConfUtils.java:logGet(43)) - raft.server.rpc.timeout.min = 5s (custom)
2019-08-23 09:11:49,893 [pool-192-thread-1] INFO  server.RaftServerConfigKeys (ConfUtils.java:logGet(43)) - raft.server.rpc.timeout.max = 5200ms (custom)
2019-08-23 09:11:49,893 [pool-192-thread-1] INFO  server.RaftServerConfigKeys (ConfUtils.java:logGet(43)) - raft.server.rpcslowness.timeout = 120s (custom)
2019-08-23 09:11:49,893 [pool-192-thread-1] INFO  server.RaftServerConfigKeys (ConfUtils.java:logGet(43)) - raft.server.sleep.deviation.threshold = 300 (default)
2019-08-23 09:11:49,894 [pool-192-thread-1] INFO  server.RaftServerConfigKeys (ConfUtils.java:logGet(43)) - raft.server.log.appender.install.snapshot.enabled = false (custom)
2019-08-23 09:11:49,894 [pool-192-thread-1] INFO  impl.RaftServerImpl (ServerState.java:<init>(105)) - 0a284024-13d6-46ed-b1db-6a3886ae2776:group-93FB97578F57 ConfigurationManager, init=-1: [0a284024-13d6-46ed-b1db-6a3886ae2776:192.168.69.105:44670], old=null, confs=<EMPTY_MAP>
2019-08-23 09:11:49,894 [pool-192-thread-1] INFO  server.RaftServerConfigKeys (ConfUtils.java:logGet(43)) - raft.server.storage.dir = [/workdir/hadoop-ozone/integration-test/target/test-dir/MiniOzoneClusterImpl-46891ce3-8eb0-4315-8db6-3822c3bd7dcf/datanode-6/data/ratis] (custom)
2019-08-23 09:11:49,894 [pool-192-thread-1] INFO  storage.RaftStorageDirectory (RaftStorageDirectory.java:analyzeStorage(246)) - The storage directory /workdir/hadoop-ozone/integration-test/target/test-dir/MiniOzoneClusterImpl-46891ce3-8eb0-4315-8db6-3822c3bd7dcf/datanode-6/data/ratis/55d71ec9-83a4-4adb-8d39-93fb97578f57 does not exist. Creating ...
2019-08-23 09:11:49,912 [pool-192-thread-1] INFO  storage.RaftStorageDirectory (RaftStorageDirectory.java:tryLock(328)) - Lock on /workdir/hadoop-ozone/integration-test/target/test-dir/MiniOzoneClusterImpl-46891ce3-8eb0-4315-8db6-3822c3bd7dcf/datanode-6/data/ratis/55d71ec9-83a4-4adb-8d39-93fb97578f57/in_use.lock acquired by nodename 1515@pr-hdds-1094-nn687-1629055932
2019-08-23 09:11:49,926 [main] INFO  rpc.RpcClient (RpcClient.java:createVolume(292)) - Creating Volume: testblockoutputstreamwithretries, with jenkins1000 as owner.
2019-08-23 09:11:49,926 [pool-192-thread-1] INFO  storage.RaftStorage (RaftStorage.java:format(72)) - Storage directory /workdir/hadoop-ozone/integration-test/target/test-dir/MiniOzoneClusterImpl-46891ce3-8eb0-4315-8db6-3822c3bd7dcf/datanode-6/data/ratis/55d71ec9-83a4-4adb-8d39-93fb97578f57 has been successfully formatted.
2019-08-23 09:11:49,926 [pool-192-thread-1] INFO  ratis.ContainerStateMachine (ContainerStateMachine.java:loadSnapshot(226)) - group-93FB97578F57: The snapshot info is null. Setting the last applied indexto:(t:0, i:~)
2019-08-23 09:11:49,927 [pool-192-thread-1] INFO  server.RaftServerConfigKeys (ConfUtils.java:logGet(43)) - raft.server.leader.election.timeout = 120s (custom)
2019-08-23 09:11:49,927 [pool-192-thread-1] INFO  server.RaftServerConfigKeys (ConfUtils.java:logGet(43)) - raft.server.log.use.memory = false (default)
2019-08-23 09:11:49,927 [pool-192-thread-1] INFO  server.RaftServerConfigKeys (ConfUtils.java:logGet(43)) - raft.server.log.purge.gap = 1000000 (custom)
2019-08-23 09:11:49,927 [pool-192-thread-1] INFO  server.RaftServerConfigKeys (ConfUtils.java:logGet(43)) - raft.server.log.appender.buffer.byte-limit = 33554432 (custom)
2019-08-23 09:11:49,927 [pool-192-thread-1] INFO  server.RaftServerConfigKeys (ConfUtils.java:logGet(43)) - raft.server.log.segment.size.max = 1048576 (custom)
2019-08-23 09:11:49,928 [pool-192-thread-1] INFO  server.RaftServerConfigKeys (ConfUtils.java:logGet(43)) - raft.server.log.segment.cache.num.max = 2 (custom)
2019-08-23 09:11:49,928 [pool-192-thread-1] INFO  segmented.SegmentedRaftLogWorker (SegmentedRaftLogWorker.java:<init>(172)) - new 0a284024-13d6-46ed-b1db-6a3886ae2776-SegmentedRaftLogWorker:Storage Directory /workdir/hadoop-ozone/integration-test/target/test-dir/MiniOzoneClusterImpl-46891ce3-8eb0-4315-8db6-3822c3bd7dcf/datanode-6/data/ratis/55d71ec9-83a4-4adb-8d39-93fb97578f57 for RaftStorage:Storage Directory /workdir/hadoop-ozone/integration-test/target/test-dir/MiniOzoneClusterImpl-46891ce3-8eb0-4315-8db6-3822c3bd7dcf/datanode-6/data/ratis/55d71ec9-83a4-4adb-8d39-93fb97578f57
2019-08-23 09:11:49,928 [pool-192-thread-1] INFO  server.RaftServerConfigKeys (ConfUtils.java:logGet(43)) - raft.server.log.queue.byte-limit = 2147483647 (custom)
2019-08-23 09:11:49,928 [pool-192-thread-1] INFO  server.RaftServerConfigKeys (ConfUtils.java:logGet(43)) - raft.server.log.queue.element-limit = 1024 (custom)
2019-08-23 09:11:49,929 [pool-192-thread-1] INFO  server.RaftServerConfigKeys (ConfUtils.java:logGet(43)) - raft.server.log.segment.size.max = 1048576 (custom)
2019-08-23 09:11:49,929 [pool-192-thread-1] INFO  server.RaftServerConfigKeys (ConfUtils.java:logGet(43)) - raft.server.log.preallocated.size = 16384 (custom)
2019-08-23 09:11:49,929 | INFO  | OMAudit | user=jenkins1000 | ip=127.0.0.1 | op=CREATE_VOLUME {admin=jenkins1000, owner=jenkins1000, volume=testblockoutputstreamwithretries, creationTime=1566551509928, quotaInBytes=1152921504606846976} | ret=SUCCESS |  
2019-08-23 09:11:49,929 [pool-192-thread-1] INFO  server.RaftServerConfigKeys (ConfUtils.java:logGet(43)) - raft.server.log.write.buffer.size = 33554432 (custom)
2019-08-23 09:11:49,929 [pool-192-thread-1] INFO  server.RaftServerConfigKeys (ConfUtils.java:logGet(43)) - raft.server.log.force.sync.num = 128 (default)
2019-08-23 09:11:49,931 [pool-192-thread-1] INFO  server.RaftServerConfigKeys (ConfUtils.java:logGet(43)) - raft.server.log.statemachine.data.sync = true (default)
2019-08-23 09:11:49,932 [pool-192-thread-1] INFO  server.RaftServerConfigKeys (ConfUtils.java:logGet(43)) - raft.server.log.statemachine.data.sync.timeout = 10s (default)
2019-08-23 09:11:49,932 [pool-192-thread-1] INFO  server.RaftServerConfigKeys (ConfUtils.java:logGet(43)) - raft.server.log.statemachine.data.sync.timeout.retry = -1 (default)
2019-08-23 09:11:49,932 [pool-192-thread-1] INFO  server.RaftServerConfigKeys (ConfUtils.java:logGet(43)) - raft.server.log.statemachine.data.caching.enabled = true (custom)
2019-08-23 09:11:49,933 [pool-192-thread-1] INFO  segmented.SegmentedRaftLogWorker (SegmentedRaftLogWorker.java:lambda$new$0(132)) - 0a284024-13d6-46ed-b1db-6a3886ae2776-SegmentedRaftLogWorker:Storage Directory /workdir/hadoop-ozone/integration-test/target/test-dir/MiniOzoneClusterImpl-46891ce3-8eb0-4315-8db6-3822c3bd7dcf/datanode-6/data/ratis/55d71ec9-83a4-4adb-8d39-93fb97578f57: flushIndex: setUnconditionally 0 -> -1
2019-08-23 09:11:49,941 | INFO  | OMAudit | user=jenkins1000 | ip=127.0.0.1 | op=READ_VOLUME {volume=testblockoutputstreamwithretries} | ret=SUCCESS |  
2019-08-23 09:11:49,941 [pool-192-thread-1] INFO  server.RaftServerConfigKeys (ConfUtils.java:logGet(43)) - raft.server.snapshot.auto.trigger.enabled = true (custom)
2019-08-23 09:11:49,941 [pool-192-thread-1] INFO  server.RaftServerConfigKeys (ConfUtils.java:logGet(43)) - raft.server.snapshot.auto.trigger.threshold = 10000 (custom)
2019-08-23 09:11:49,941 [pool-192-thread-1] INFO  server.RaftServerConfigKeys (ConfUtils.java:logGet(43)) - raft.server.retrycache.expirytime = 600000ms (custom)
2019-08-23 09:11:49,942 [pool-192-thread-1] INFO  impl.RaftServerImpl (RaftServerImpl.java:start(180)) - 0a284024-13d6-46ed-b1db-6a3886ae2776: start group-93FB97578F57
2019-08-23 09:11:49,942 [pool-192-thread-1] INFO  impl.RaftServerImpl (RaftServerImpl.java:setRole(171)) - 0a284024-13d6-46ed-b1db-6a3886ae2776:group-93FB97578F57 changes role from null to FOLLOWER at term 0 for startAsFollower
2019-08-23 09:11:49,942 [pool-192-thread-1] INFO  impl.RoleInfo (RoleInfo.java:updateAndGet(143)) - 0a284024-13d6-46ed-b1db-6a3886ae2776: start FollowerState
2019-08-23 09:11:49,942 [main] INFO  rpc.RpcClient (RpcClient.java:createBucket(431)) - Creating Bucket: testblockoutputstreamwithretries/testblockoutputstreamwithretries, with Versioning false and Storage Type set to DISK and Encryption set to false 
2019-08-23 09:11:49,943 [pool-192-thread-1] INFO  util.JmxRegister (JmxRegister.java:tryRegister(44)) - Successfully registered JMX Bean with object name Ratis:service=RaftServer,group=group-93FB97578F57,id=0a284024-13d6-46ed-b1db-6a3886ae2776
2019-08-23 09:11:49,948 [RatisPipelineUtilsThread] INFO  pipeline.PipelineStateManager (PipelineStateManager.java:addPipeline(56)) - Created pipeline Pipeline[ Id: 55d71ec9-83a4-4adb-8d39-93fb97578f57, Nodes: 0a284024-13d6-46ed-b1db-6a3886ae2776{ip: 192.168.69.105, host: pr-hdds-1094-nn687-1629055932, networkLocation: /default-rack, certSerialId: null}, Type:RATIS, Factor:ONE, State:OPEN]
2019-08-23 09:11:49,948 | INFO  | OMAudit | user=jenkins1000 | ip=127.0.0.1 | op=CREATE_BUCKET {volume=testblockoutputstreamwithretries, bucket=testblockoutputstreamwithretries, acls=[user:jenkins1000:a[ACCESS], group:default:a[ACCESS]], isVersionEnabled=false, storageType=DISK, creationTime=0} | ret=SUCCESS |  
2019-08-23 09:11:49,952 | INFO  | OMAudit | user=jenkins1000 | ip=127.0.0.1 | op=READ_VOLUME {volume=testblockoutputstreamwithretries} | ret=SUCCESS |  
2019-08-23 09:11:49,955 | INFO  | OMAudit | user=jenkins1000 | ip=127.0.0.1 | op=READ_BUCKET {volume=testblockoutputstreamwithretries, bucket=testblockoutputstreamwithretries} | ret=SUCCESS |  
2019-08-23 09:11:49,960 | INFO  | SCMAudit | user=jenkins1000 | ip=192.168.69.105 | op=ALLOCATE_BLOCK {owner=4beed75c-77d1-40c9-b878-cb2fe9ca0419, size=800, type=RATIS, factor=THREE} | ret=SUCCESS |  
2019-08-23 09:11:49,964 | INFO  | OMAudit | user=jenkins1000 | ip=127.0.0.1 | op=ALLOCATE_KEY {volume=testblockoutputstreamwithretries, bucket=testblockoutputstreamwithretries, key=c0b1ec81-c416-4fd6-bcc2-7aeb92eb3a16, dataSize=3200, replicationType=RATIS, replicationFactor=THREE, keyLocationInfo=null} | ret=SUCCESS |  
2019-08-23 09:11:49,979 [grpc-default-executor-1] INFO  client.GrpcClientProtocolClient (GrpcClientProtocolClient.java:onNext(255)) - client-E82DA6E02431->41b9b824-85d6-416a-bf4a-c5cccd6fce1e: receive RaftClientReply:client-E82DA6E02431->41b9b824-85d6-416a-bf4a-c5cccd6fce1e@group-73033864ACD7, cid=42, FAILED org.apache.ratis.protocol.NotLeaderException: Server 41b9b824-85d6-416a-bf4a-c5cccd6fce1e is not the leader (null). Request must be sent to leader., logIndex=0, commits[41b9b824-85d6-416a-bf4a-c5cccd6fce1e:c-1]
2019-08-23 09:11:50,272 | INFO  | SCMAudit | user=jenkins1000 | ip=192.168.69.105 | op=SEND_HEARTBEAT {datanodeUUID=ce3b71d6-803c-4999-98a7-ed3c8197db33, command=[]} | ret=SUCCESS |  
2019-08-23 09:11:50,522 | INFO  | SCMAudit | user=jenkins1000 | ip=192.168.69.105 | op=SEND_HEARTBEAT {datanodeUUID=41b9b824-85d6-416a-bf4a-c5cccd6fce1e, command=[]} | ret=SUCCESS |  
2019-08-23 09:11:50,720 | INFO  | SCMAudit | user=jenkins1000 | ip=192.168.69.105 | op=SEND_HEARTBEAT {datanodeUUID=06d76673-acfc-4852-ba17-8edfd4d37f5d, command=[]} | ret=SUCCESS |  
2019-08-23 09:11:50,955 | INFO  | SCMAudit | user=jenkins1000 | ip=192.168.69.105 | op=SEND_HEARTBEAT {datanodeUUID=e3f86e53-8f15-4a09-b253-90a30ace4ba2, command=[]} | ret=SUCCESS |  
2019-08-23 09:11:51,009 [grpc-default-executor-1] INFO  client.GrpcClientProtocolClient (GrpcClientProtocolClient.java:onNext(255)) - client-E82DA6E02431->06d76673-acfc-4852-ba17-8edfd4d37f5d: receive RaftClientReply:client-E82DA6E02431->06d76673-acfc-4852-ba17-8edfd4d37f5d@group-73033864ACD7, cid=42, FAILED org.apache.ratis.protocol.NotLeaderException: Server 06d76673-acfc-4852-ba17-8edfd4d37f5d is not the leader (null). Request must be sent to leader., logIndex=0, commits[06d76673-acfc-4852-ba17-8edfd4d37f5d:c-1]
2019-08-23 09:11:51,273 | INFO  | SCMAudit | user=jenkins1000 | ip=192.168.69.105 | op=SEND_HEARTBEAT {datanodeUUID=ce3b71d6-803c-4999-98a7-ed3c8197db33, command=[]} | ret=SUCCESS |  
2019-08-23 09:11:51,301 [Thread-731] INFO  container.ReplicationManager (ReplicationManager.java:start(152)) - Starting Replication Monitor Thread.
2019-08-23 09:11:51,307 [ReplicationMonitor] INFO  container.ReplicationManager (ReplicationManager.java:run(215)) - Replication Monitor Thread took 0 milliseconds for processing 3 containers.
2019-08-23 09:11:51,413 | INFO  | SCMAudit | user=jenkins1000 | ip=192.168.69.105 | op=SEND_HEARTBEAT {datanodeUUID=480da6fd-5cad-42f6-a3a8-03ebe6e9ed72, command=[]} | ret=SUCCESS |  
2019-08-23 09:11:51,522 | INFO  | SCMAudit | user=jenkins1000 | ip=192.168.69.105 | op=SEND_HEARTBEAT {datanodeUUID=41b9b824-85d6-416a-bf4a-c5cccd6fce1e, command=[]} | ret=SUCCESS |  
2019-08-23 09:11:51,624 | INFO  | SCMAudit | user=jenkins1000 | ip=192.168.69.105 | op=SEND_HEARTBEAT {datanodeUUID=6db0b5b4-33e5-45b9-ab7c-8a068485ef09, command=[]} | ret=SUCCESS |  
2019-08-23 09:11:51,720 | INFO  | SCMAudit | user=jenkins1000 | ip=192.168.69.105 | op=SEND_HEARTBEAT {datanodeUUID=06d76673-acfc-4852-ba17-8edfd4d37f5d, command=[]} | ret=SUCCESS |  
2019-08-23 09:11:51,864 | INFO  | SCMAudit | user=jenkins1000 | ip=192.168.69.105 | op=SEND_HEARTBEAT {datanodeUUID=0a284024-13d6-46ed-b1db-6a3886ae2776, command=[]} | ret=SUCCESS |  
2019-08-23 09:11:51,956 | INFO  | SCMAudit | user=jenkins1000 | ip=192.168.69.105 | op=SEND_HEARTBEAT {datanodeUUID=e3f86e53-8f15-4a09-b253-90a30ace4ba2, command=[]} | ret=SUCCESS |  
2019-08-23 09:11:52,029 [grpc-default-executor-1] INFO  client.GrpcClientProtocolClient (GrpcClientProtocolClient.java:onNext(255)) - client-E82DA6E02431->41b9b824-85d6-416a-bf4a-c5cccd6fce1e: receive RaftClientReply:client-E82DA6E02431->41b9b824-85d6-416a-bf4a-c5cccd6fce1e@group-73033864ACD7, cid=42, FAILED org.apache.ratis.protocol.NotLeaderException: Server 41b9b824-85d6-416a-bf4a-c5cccd6fce1e is not the leader (null). Request must be sent to leader., logIndex=0, commits[41b9b824-85d6-416a-bf4a-c5cccd6fce1e:c-1]
2019-08-23 09:11:52,273 | INFO  | SCMAudit | user=jenkins1000 | ip=192.168.69.105 | op=SEND_HEARTBEAT {datanodeUUID=ce3b71d6-803c-4999-98a7-ed3c8197db33, command=[]} | ret=SUCCESS |  
2019-08-23 09:11:52,413 | INFO  | SCMAudit | user=jenkins1000 | ip=192.168.69.105 | op=SEND_HEARTBEAT {datanodeUUID=480da6fd-5cad-42f6-a3a8-03ebe6e9ed72, command=[]} | ret=SUCCESS |  
2019-08-23 09:11:52,522 | INFO  | SCMAudit | user=jenkins1000 | ip=192.168.69.105 | op=SEND_HEARTBEAT {datanodeUUID=41b9b824-85d6-416a-bf4a-c5cccd6fce1e, command=[]} | ret=SUCCESS |  
2019-08-23 09:11:52,624 | INFO  | SCMAudit | user=jenkins1000 | ip=192.168.69.105 | op=SEND_HEARTBEAT {datanodeUUID=6db0b5b4-33e5-45b9-ab7c-8a068485ef09, command=[]} | ret=SUCCESS |  
2019-08-23 09:11:52,720 | INFO  | SCMAudit | user=jenkins1000 | ip=192.168.69.105 | op=SEND_HEARTBEAT {datanodeUUID=06d76673-acfc-4852-ba17-8edfd4d37f5d, command=[]} | ret=SUCCESS |  
2019-08-23 09:11:52,864 | INFO  | SCMAudit | user=jenkins1000 | ip=192.168.69.105 | op=SEND_HEARTBEAT {datanodeUUID=0a284024-13d6-46ed-b1db-6a3886ae2776, command=[]} | ret=SUCCESS |  
2019-08-23 09:11:52,956 | INFO  | SCMAudit | user=jenkins1000 | ip=192.168.69.105 | op=SEND_HEARTBEAT {datanodeUUID=e3f86e53-8f15-4a09-b253-90a30ace4ba2, command=[]} | ret=SUCCESS |  
2019-08-23 09:11:53,067 [grpc-default-executor-2] INFO  client.GrpcClientProtocolClient (GrpcClientProtocolClient.java:onNext(255)) - client-E82DA6E02431->06d76673-acfc-4852-ba17-8edfd4d37f5d: receive RaftClientReply:client-E82DA6E02431->06d76673-acfc-4852-ba17-8edfd4d37f5d@group-73033864ACD7, cid=42, FAILED org.apache.ratis.protocol.NotLeaderException: Server 06d76673-acfc-4852-ba17-8edfd4d37f5d is not the leader (null). Request must be sent to leader., logIndex=0, commits[06d76673-acfc-4852-ba17-8edfd4d37f5d:c-1]
2019-08-23 09:11:53,274 | INFO  | SCMAudit | user=jenkins1000 | ip=192.168.69.105 | op=SEND_HEARTBEAT {datanodeUUID=ce3b71d6-803c-4999-98a7-ed3c8197db33, command=[]} | ret=SUCCESS |  
2019-08-23 09:11:53,414 | INFO  | SCMAudit | user=jenkins1000 | ip=192.168.69.105 | op=SEND_HEARTBEAT {datanodeUUID=480da6fd-5cad-42f6-a3a8-03ebe6e9ed72, command=[]} | ret=SUCCESS |  
2019-08-23 09:11:53,518 [Thread-733] INFO  impl.FollowerState (FollowerState.java:run(106)) - ce3b71d6-803c-4999-98a7-ed3c8197db33:group-5FCE3F8029BF changes to CANDIDATE, lastRpcTime:5165, electionTimeout:5165ms
2019-08-23 09:11:53,518 [Thread-733] INFO  impl.RoleInfo (RoleInfo.java:shutdownFollowerState(121)) - ce3b71d6-803c-4999-98a7-ed3c8197db33: shutdown FollowerState
2019-08-23 09:11:53,518 [Thread-733] INFO  impl.RaftServerImpl (RaftServerImpl.java:setRole(171)) - ce3b71d6-803c-4999-98a7-ed3c8197db33:group-5FCE3F8029BF changes role from FOLLOWER to CANDIDATE at term 0 for changeToCandidate
2019-08-23 09:11:53,518 [Thread-733] INFO  impl.RoleInfo (RoleInfo.java:updateAndGet(143)) - ce3b71d6-803c-4999-98a7-ed3c8197db33: start LeaderElection
2019-08-23 09:11:53,530 | INFO  | SCMAudit | user=jenkins1000 | ip=192.168.69.105 | op=SEND_HEARTBEAT {datanodeUUID=41b9b824-85d6-416a-bf4a-c5cccd6fce1e, command=[]} | ret=SUCCESS |  
2019-08-23 09:11:53,543 [ce3b71d6-803c-4999-98a7-ed3c8197db33:group-5FCE3F8029BF:LeaderElection17] INFO  impl.LeaderElection (LeaderElection.java:askForVotes(181)) - ce3b71d6-803c-4999-98a7-ed3c8197db33:group-5FCE3F8029BF:LeaderElection17: begin an election at term 1 for -1: [ce3b71d6-803c-4999-98a7-ed3c8197db33:192.168.69.105:44477], old=null
2019-08-23 09:11:53,543 [ce3b71d6-803c-4999-98a7-ed3c8197db33:group-5FCE3F8029BF:LeaderElection17] INFO  impl.RoleInfo (RoleInfo.java:shutdownLeaderElection(134)) - ce3b71d6-803c-4999-98a7-ed3c8197db33: shutdown LeaderElection
2019-08-23 09:11:53,544 [ce3b71d6-803c-4999-98a7-ed3c8197db33:group-5FCE3F8029BF:LeaderElection17] INFO  impl.RaftServerImpl (RaftServerImpl.java:setRole(171)) - ce3b71d6-803c-4999-98a7-ed3c8197db33:group-5FCE3F8029BF changes role from CANDIDATE to LEADER at term 1 for changeToLeader
2019-08-23 09:11:53,544 [ce3b71d6-803c-4999-98a7-ed3c8197db33:group-5FCE3F8029BF:LeaderElection17] INFO  impl.RaftServerImpl (ServerState.java:setLeader(263)) - ce3b71d6-803c-4999-98a7-ed3c8197db33:group-5FCE3F8029BF change Leader from null to ce3b71d6-803c-4999-98a7-ed3c8197db33 at term 1 for becomeLeader, leader elected after 5197ms
2019-08-23 09:11:53,546 [ce3b71d6-803c-4999-98a7-ed3c8197db33:group-5FCE3F8029BF:LeaderElection17] INFO  server.RaftServerConfigKeys (ConfUtils.java:logGet(43)) - raft.server.staging.catchup.gap = 1000 (default)
2019-08-23 09:11:53,547 [ce3b71d6-803c-4999-98a7-ed3c8197db33:group-5FCE3F8029BF:LeaderElection17] INFO  server.RaftServerConfigKeys (ConfUtils.java:logGet(43)) - raft.server.rpc.sleep.time = 25ms (default)
2019-08-23 09:11:53,547 [ce3b71d6-803c-4999-98a7-ed3c8197db33:group-5FCE3F8029BF:LeaderElection17] INFO  server.RaftServerConfigKeys (ConfUtils.java:logGet(43)) - raft.server.write.element-limit = 4096 (default)
2019-08-23 09:11:53,547 [ce3b71d6-803c-4999-98a7-ed3c8197db33:group-5FCE3F8029BF:LeaderElection17] INFO  server.RaftServerConfigKeys (ConfUtils.java:logGet(43)) - raft.server.watch.timeout = 10s (default)
2019-08-23 09:11:53,548 [ce3b71d6-803c-4999-98a7-ed3c8197db33:group-5FCE3F8029BF:LeaderElection17] INFO  server.RaftServerConfigKeys (ConfUtils.java:logGet(43)) - raft.server.watch.timeout.denomination = 1s (default)
2019-08-23 09:11:53,548 [ce3b71d6-803c-4999-98a7-ed3c8197db33:group-5FCE3F8029BF:LeaderElection17] INFO  server.RaftServerConfigKeys (ConfUtils.java:logGet(43)) - raft.server.watch.element-limit = 65536 (default)
2019-08-23 09:11:53,548 [ce3b71d6-803c-4999-98a7-ed3c8197db33:group-5FCE3F8029BF:LeaderElection17] INFO  impl.RoleInfo (RoleInfo.java:updateAndGet(143)) - ce3b71d6-803c-4999-98a7-ed3c8197db33: start LeaderState
2019-08-23 09:11:53,549 [ce3b71d6-803c-4999-98a7-ed3c8197db33:group-5FCE3F8029BF:LeaderElection17] INFO  segmented.SegmentedRaftLogWorker (SegmentedRaftLogWorker.java:startLogSegment(380)) - ce3b71d6-803c-4999-98a7-ed3c8197db33-SegmentedRaftLogWorker:Storage Directory /workdir/hadoop-ozone/integration-test/target/test-dir/MiniOzoneClusterImpl-46891ce3-8eb0-4315-8db6-3822c3bd7dcf/datanode-0/data/ratis/833e0711-562c-451d-8471-5fce3f8029bf: Starting segment from index:0
2019-08-23 09:11:53,550 [ce3b71d6-803c-4999-98a7-ed3c8197db33:group-5FCE3F8029BF:LeaderElection17] INFO  impl.RaftServerImpl (ServerState.java:setRaftConf(361)) - ce3b71d6-803c-4999-98a7-ed3c8197db33:group-5FCE3F8029BF set configuration 0: [ce3b71d6-803c-4999-98a7-ed3c8197db33:192.168.69.105:44477], old=null at 0
2019-08-23 09:11:53,600 [Thread-736] INFO  impl.FollowerState (FollowerState.java:run(106)) - 41b9b824-85d6-416a-bf4a-c5cccd6fce1e:group-3AF65F16054E changes to CANDIDATE, lastRpcTime:5029, electionTimeout:5029ms
2019-08-23 09:11:53,600 [Thread-736] INFO  impl.RoleInfo (RoleInfo.java:shutdownFollowerState(121)) - 41b9b824-85d6-416a-bf4a-c5cccd6fce1e: shutdown FollowerState
2019-08-23 09:11:53,600 [Thread-736] INFO  impl.RaftServerImpl (RaftServerImpl.java:setRole(171)) - 41b9b824-85d6-416a-bf4a-c5cccd6fce1e:group-3AF65F16054E changes role from FOLLOWER to CANDIDATE at term 0 for changeToCandidate
2019-08-23 09:11:53,600 [Thread-736] INFO  impl.RoleInfo (RoleInfo.java:updateAndGet(143)) - 41b9b824-85d6-416a-bf4a-c5cccd6fce1e: start LeaderElection
2019-08-23 09:11:53,616 [ce3b71d6-803c-4999-98a7-ed3c8197db33-SegmentedRaftLogWorker:Storage Directory /workdir/hadoop-ozone/integration-test/target/test-dir/MiniOzoneClusterImpl-46891ce3-8eb0-4315-8db6-3822c3bd7dcf/datanode-0/data/ratis/833e0711-562c-451d-8471-5fce3f8029bf] INFO  segmented.SegmentedRaftLogWorker (SegmentedRaftLogWorker.java:execute(569)) - ce3b71d6-803c-4999-98a7-ed3c8197db33-SegmentedRaftLogWorker:Storage Directory /workdir/hadoop-ozone/integration-test/target/test-dir/MiniOzoneClusterImpl-46891ce3-8eb0-4315-8db6-3822c3bd7dcf/datanode-0/data/ratis/833e0711-562c-451d-8471-5fce3f8029bf: created new log segment /workdir/hadoop-ozone/integration-test/target/test-dir/MiniOzoneClusterImpl-46891ce3-8eb0-4315-8db6-3822c3bd7dcf/datanode-0/data/ratis/833e0711-562c-451d-8471-5fce3f8029bf/current/log_inprogress_0
2019-08-23 09:11:53,624 | INFO  | SCMAudit | user=jenkins1000 | ip=192.168.69.105 | op=SEND_HEARTBEAT {datanodeUUID=6db0b5b4-33e5-45b9-ab7c-8a068485ef09, command=[]} | ret=SUCCESS |  
2019-08-23 09:11:53,630 [41b9b824-85d6-416a-bf4a-c5cccd6fce1e:group-3AF65F16054E:LeaderElection18] INFO  impl.LeaderElection (LeaderElection.java:askForVotes(181)) - 41b9b824-85d6-416a-bf4a-c5cccd6fce1e:group-3AF65F16054E:LeaderElection18: begin an election at term 1 for -1: [41b9b824-85d6-416a-bf4a-c5cccd6fce1e:192.168.69.105:35086], old=null
2019-08-23 09:11:53,630 [41b9b824-85d6-416a-bf4a-c5cccd6fce1e:group-3AF65F16054E:LeaderElection18] INFO  impl.RoleInfo (RoleInfo.java:shutdownLeaderElection(134)) - 41b9b824-85d6-416a-bf4a-c5cccd6fce1e: shutdown LeaderElection
2019-08-23 09:11:53,630 [41b9b824-85d6-416a-bf4a-c5cccd6fce1e:group-3AF65F16054E:LeaderElection18] INFO  impl.RaftServerImpl (RaftServerImpl.java:setRole(171)) - 41b9b824-85d6-416a-bf4a-c5cccd6fce1e:group-3AF65F16054E changes role from CANDIDATE to LEADER at term 1 for changeToLeader
2019-08-23 09:11:53,630 [41b9b824-85d6-416a-bf4a-c5cccd6fce1e:group-3AF65F16054E:LeaderElection18] INFO  impl.RaftServerImpl (ServerState.java:setLeader(263)) - 41b9b824-85d6-416a-bf4a-c5cccd6fce1e:group-3AF65F16054E change Leader from null to 41b9b824-85d6-416a-bf4a-c5cccd6fce1e at term 1 for becomeLeader, leader elected after 5065ms
2019-08-23 09:11:53,633 [41b9b824-85d6-416a-bf4a-c5cccd6fce1e:group-3AF65F16054E:LeaderElection18] INFO  server.RaftServerConfigKeys (ConfUtils.java:logGet(43)) - raft.server.staging.catchup.gap = 1000 (default)
2019-08-23 09:11:53,633 [41b9b824-85d6-416a-bf4a-c5cccd6fce1e:group-3AF65F16054E:LeaderElection18] INFO  server.RaftServerConfigKeys (ConfUtils.java:logGet(43)) - raft.server.rpc.sleep.time = 25ms (default)
2019-08-23 09:11:53,634 [41b9b824-85d6-416a-bf4a-c5cccd6fce1e:group-3AF65F16054E:LeaderElection18] INFO  server.RaftServerConfigKeys (ConfUtils.java:logGet(43)) - raft.server.write.element-limit = 4096 (default)
2019-08-23 09:11:53,634 [41b9b824-85d6-416a-bf4a-c5cccd6fce1e:group-3AF65F16054E:LeaderElection18] INFO  server.RaftServerConfigKeys (ConfUtils.java:logGet(43)) - raft.server.watch.timeout = 10s (default)
2019-08-23 09:11:53,634 [41b9b824-85d6-416a-bf4a-c5cccd6fce1e:group-3AF65F16054E:LeaderElection18] INFO  server.RaftServerConfigKeys (ConfUtils.java:logGet(43)) - raft.server.watch.timeout.denomination = 1s (default)
2019-08-23 09:11:53,634 [41b9b824-85d6-416a-bf4a-c5cccd6fce1e:group-3AF65F16054E:LeaderElection18] INFO  server.RaftServerConfigKeys (ConfUtils.java:logGet(43)) - raft.server.watch.element-limit = 65536 (default)
2019-08-23 09:11:53,634 [41b9b824-85d6-416a-bf4a-c5cccd6fce1e:group-3AF65F16054E:LeaderElection18] INFO  impl.RoleInfo (RoleInfo.java:updateAndGet(143)) - 41b9b824-85d6-416a-bf4a-c5cccd6fce1e: start LeaderState
2019-08-23 09:11:53,635 [41b9b824-85d6-416a-bf4a-c5cccd6fce1e:group-3AF65F16054E:LeaderElection18] INFO  segmented.SegmentedRaftLogWorker (SegmentedRaftLogWorker.java:startLogSegment(380)) - 41b9b824-85d6-416a-bf4a-c5cccd6fce1e-SegmentedRaftLogWorker:Storage Directory /workdir/hadoop-ozone/integration-test/target/test-dir/MiniOzoneClusterImpl-46891ce3-8eb0-4315-8db6-3822c3bd7dcf/datanode-1/data/ratis/5ab100cc-e287-41c4-bbc7-3af65f16054e: Starting segment from index:0
2019-08-23 09:11:53,635 [41b9b824-85d6-416a-bf4a-c5cccd6fce1e:group-3AF65F16054E:LeaderElection18] INFO  impl.RaftServerImpl (ServerState.java:setRaftConf(361)) - 41b9b824-85d6-416a-bf4a-c5cccd6fce1e:group-3AF65F16054E set configuration 0: [41b9b824-85d6-416a-bf4a-c5cccd6fce1e:192.168.69.105:35086], old=null at 0
2019-08-23 09:11:53,692 [41b9b824-85d6-416a-bf4a-c5cccd6fce1e-SegmentedRaftLogWorker:Storage Directory /workdir/hadoop-ozone/integration-test/target/test-dir/MiniOzoneClusterImpl-46891ce3-8eb0-4315-8db6-3822c3bd7dcf/datanode-1/data/ratis/5ab100cc-e287-41c4-bbc7-3af65f16054e] INFO  segmented.SegmentedRaftLogWorker (SegmentedRaftLogWorker.java:execute(569)) - 41b9b824-85d6-416a-bf4a-c5cccd6fce1e-SegmentedRaftLogWorker:Storage Directory /workdir/hadoop-ozone/integration-test/target/test-dir/MiniOzoneClusterImpl-46891ce3-8eb0-4315-8db6-3822c3bd7dcf/datanode-1/data/ratis/5ab100cc-e287-41c4-bbc7-3af65f16054e: created new log segment /workdir/hadoop-ozone/integration-test/target/test-dir/MiniOzoneClusterImpl-46891ce3-8eb0-4315-8db6-3822c3bd7dcf/datanode-1/data/ratis/5ab100cc-e287-41c4-bbc7-3af65f16054e/current/log_inprogress_0
2019-08-23 09:11:53,721 | INFO  | SCMAudit | user=jenkins1000 | ip=192.168.69.105 | op=SEND_HEARTBEAT {datanodeUUID=06d76673-acfc-4852-ba17-8edfd4d37f5d, command=[]} | ret=SUCCESS |  
2019-08-23 09:11:53,810 [Thread-739] INFO  impl.FollowerState (FollowerState.java:run(106)) - 06d76673-acfc-4852-ba17-8edfd4d37f5d:group-E29C5FD872E6 changes to CANDIDATE, lastRpcTime:5029, electionTimeout:5029ms
2019-08-23 09:11:53,810 [Thread-739] INFO  impl.RoleInfo (RoleInfo.java:shutdownFollowerState(121)) - 06d76673-acfc-4852-ba17-8edfd4d37f5d: shutdown FollowerState
2019-08-23 09:11:53,811 [Thread-739] INFO  impl.RaftServerImpl (RaftServerImpl.java:setRole(171)) - 06d76673-acfc-4852-ba17-8edfd4d37f5d:group-E29C5FD872E6 changes role from FOLLOWER to CANDIDATE at term 0 for changeToCandidate
2019-08-23 09:11:53,811 [Thread-739] INFO  impl.RoleInfo (RoleInfo.java:updateAndGet(143)) - 06d76673-acfc-4852-ba17-8edfd4d37f5d: start LeaderElection
2019-08-23 09:11:53,830 [06d76673-acfc-4852-ba17-8edfd4d37f5d:group-E29C5FD872E6:LeaderElection19] INFO  impl.LeaderElection (LeaderElection.java:askForVotes(181)) - 06d76673-acfc-4852-ba17-8edfd4d37f5d:group-E29C5FD872E6:LeaderElection19: begin an election at term 1 for -1: [06d76673-acfc-4852-ba17-8edfd4d37f5d:192.168.69.105:42001], old=null
2019-08-23 09:11:53,830 [06d76673-acfc-4852-ba17-8edfd4d37f5d:group-E29C5FD872E6:LeaderElection19] INFO  impl.RoleInfo (RoleInfo.java:shutdownLeaderElection(134)) - 06d76673-acfc-4852-ba17-8edfd4d37f5d: shutdown LeaderElection
2019-08-23 09:11:53,831 [06d76673-acfc-4852-ba17-8edfd4d37f5d:group-E29C5FD872E6:LeaderElection19] INFO  impl.RaftServerImpl (RaftServerImpl.java:setRole(171)) - 06d76673-acfc-4852-ba17-8edfd4d37f5d:group-E29C5FD872E6 changes role from CANDIDATE to LEADER at term 1 for changeToLeader
2019-08-23 09:11:53,831 [06d76673-acfc-4852-ba17-8edfd4d37f5d:group-E29C5FD872E6:LeaderElection19] INFO  impl.RaftServerImpl (ServerState.java:setLeader(263)) - 06d76673-acfc-4852-ba17-8edfd4d37f5d:group-E29C5FD872E6 change Leader from null to 06d76673-acfc-4852-ba17-8edfd4d37f5d at term 1 for becomeLeader, leader elected after 5054ms
2019-08-23 09:11:53,833 [06d76673-acfc-4852-ba17-8edfd4d37f5d:group-E29C5FD872E6:LeaderElection19] INFO  server.RaftServerConfigKeys (ConfUtils.java:logGet(43)) - raft.server.staging.catchup.gap = 1000 (default)
2019-08-23 09:11:53,833 [06d76673-acfc-4852-ba17-8edfd4d37f5d:group-E29C5FD872E6:LeaderElection19] INFO  server.RaftServerConfigKeys (ConfUtils.java:logGet(43)) - raft.server.rpc.sleep.time = 25ms (default)
2019-08-23 09:11:53,834 [06d76673-acfc-4852-ba17-8edfd4d37f5d:group-E29C5FD872E6:LeaderElection19] INFO  server.RaftServerConfigKeys (ConfUtils.java:logGet(43)) - raft.server.write.element-limit = 4096 (default)
2019-08-23 09:11:53,834 [06d76673-acfc-4852-ba17-8edfd4d37f5d:group-E29C5FD872E6:LeaderElection19] INFO  server.RaftServerConfigKeys (ConfUtils.java:logGet(43)) - raft.server.watch.timeout = 10s (default)
2019-08-23 09:11:53,834 [06d76673-acfc-4852-ba17-8edfd4d37f5d:group-E29C5FD872E6:LeaderElection19] INFO  server.RaftServerConfigKeys (ConfUtils.java:logGet(43)) - raft.server.watch.timeout.denomination = 1s (default)
2019-08-23 09:11:53,834 [06d76673-acfc-4852-ba17-8edfd4d37f5d:group-E29C5FD872E6:LeaderElection19] INFO  server.RaftServerConfigKeys (ConfUtils.java:logGet(43)) - raft.server.watch.element-limit = 65536 (default)
2019-08-23 09:11:53,834 [06d76673-acfc-4852-ba17-8edfd4d37f5d:group-E29C5FD872E6:LeaderElection19] INFO  impl.RoleInfo (RoleInfo.java:updateAndGet(143)) - 06d76673-acfc-4852-ba17-8edfd4d37f5d: start LeaderState
2019-08-23 09:11:53,835 [06d76673-acfc-4852-ba17-8edfd4d37f5d:group-E29C5FD872E6:LeaderElection19] INFO  segmented.SegmentedRaftLogWorker (SegmentedRaftLogWorker.java:startLogSegment(380)) - 06d76673-acfc-4852-ba17-8edfd4d37f5d-SegmentedRaftLogWorker:Storage Directory /workdir/hadoop-ozone/integration-test/target/test-dir/MiniOzoneClusterImpl-46891ce3-8eb0-4315-8db6-3822c3bd7dcf/datanode-2/data/ratis/ba062c79-6253-4872-b4fa-e29c5fd872e6: Starting segment from index:0
2019-08-23 09:11:53,835 [06d76673-acfc-4852-ba17-8edfd4d37f5d:group-E29C5FD872E6:LeaderElection19] INFO  impl.RaftServerImpl (ServerState.java:setRaftConf(361)) - 06d76673-acfc-4852-ba17-8edfd4d37f5d:group-E29C5FD872E6 set configuration 0: [06d76673-acfc-4852-ba17-8edfd4d37f5d:192.168.69.105:42001], old=null at 0
2019-08-23 09:11:53,881 [Thread-748] INFO  impl.FollowerState (FollowerState.java:run(106)) - 06d76673-acfc-4852-ba17-8edfd4d37f5d:group-73033864ACD7 changes to CANDIDATE, lastRpcTime:5010, electionTimeout:5001ms
2019-08-23 09:11:53,881 [Thread-748] INFO  impl.RoleInfo (RoleInfo.java:shutdownFollowerState(121)) - 06d76673-acfc-4852-ba17-8edfd4d37f5d: shutdown FollowerState
2019-08-23 09:11:53,881 [Thread-748] INFO  impl.RaftServerImpl (RaftServerImpl.java:setRole(171)) - 06d76673-acfc-4852-ba17-8edfd4d37f5d:group-73033864ACD7 changes role from FOLLOWER to CANDIDATE at term 0 for changeToCandidate
2019-08-23 09:11:53,881 [Thread-748] INFO  impl.RoleInfo (RoleInfo.java:updateAndGet(143)) - 06d76673-acfc-4852-ba17-8edfd4d37f5d: start LeaderElection
2019-08-23 09:11:53,895 [06d76673-acfc-4852-ba17-8edfd4d37f5d-SegmentedRaftLogWorker:Storage Directory /workdir/hadoop-ozone/integration-test/target/test-dir/MiniOzoneClusterImpl-46891ce3-8eb0-4315-8db6-3822c3bd7dcf/datanode-2/data/ratis/ba062c79-6253-4872-b4fa-e29c5fd872e6] INFO  segmented.SegmentedRaftLogWorker (SegmentedRaftLogWorker.java:execute(569)) - 06d76673-acfc-4852-ba17-8edfd4d37f5d-SegmentedRaftLogWorker:Storage Directory /workdir/hadoop-ozone/integration-test/target/test-dir/MiniOzoneClusterImpl-46891ce3-8eb0-4315-8db6-3822c3bd7dcf/datanode-2/data/ratis/ba062c79-6253-4872-b4fa-e29c5fd872e6: created new log segment /workdir/hadoop-ozone/integration-test/target/test-dir/MiniOzoneClusterImpl-46891ce3-8eb0-4315-8db6-3822c3bd7dcf/datanode-2/data/ratis/ba062c79-6253-4872-b4fa-e29c5fd872e6/current/log_inprogress_0
2019-08-23 09:11:53,895 | INFO  | SCMAudit | user=jenkins1000 | ip=192.168.69.105 | op=SEND_HEARTBEAT {datanodeUUID=0a284024-13d6-46ed-b1db-6a3886ae2776, command=[]} | ret=SUCCESS |  
2019-08-23 09:11:53,909 [06d76673-acfc-4852-ba17-8edfd4d37f5d:group-73033864ACD7:LeaderElection20] INFO  impl.LeaderElection (LeaderElection.java:askForVotes(181)) - 06d76673-acfc-4852-ba17-8edfd4d37f5d:group-73033864ACD7:LeaderElection20: begin an election at term 1 for -1: [ce3b71d6-803c-4999-98a7-ed3c8197db33:192.168.69.105:44477, 41b9b824-85d6-416a-bf4a-c5cccd6fce1e:192.168.69.105:35086, 06d76673-acfc-4852-ba17-8edfd4d37f5d:192.168.69.105:42001], old=null
2019-08-23 09:11:53,922 [grpc-default-executor-1] INFO  impl.RaftServerImpl (RaftServerImpl.java:setRole(171)) - 41b9b824-85d6-416a-bf4a-c5cccd6fce1e:group-73033864ACD7 changes role from FOLLOWER to FOLLOWER at term 1 for recognizeCandidate:06d76673-acfc-4852-ba17-8edfd4d37f5d
2019-08-23 09:11:53,922 [grpc-default-executor-2] INFO  impl.RaftServerImpl (RaftServerImpl.java:setRole(171)) - ce3b71d6-803c-4999-98a7-ed3c8197db33:group-73033864ACD7 changes role from FOLLOWER to FOLLOWER at term 1 for recognizeCandidate:06d76673-acfc-4852-ba17-8edfd4d37f5d
2019-08-23 09:11:53,923 [grpc-default-executor-1] INFO  impl.RoleInfo (RoleInfo.java:shutdownFollowerState(121)) - 41b9b824-85d6-416a-bf4a-c5cccd6fce1e: shutdown FollowerState
2019-08-23 09:11:53,923 [grpc-default-executor-2] INFO  impl.RoleInfo (RoleInfo.java:shutdownFollowerState(121)) - ce3b71d6-803c-4999-98a7-ed3c8197db33: shutdown FollowerState
2019-08-23 09:11:53,923 [grpc-default-executor-1] INFO  impl.RoleInfo (RoleInfo.java:updateAndGet(143)) - 41b9b824-85d6-416a-bf4a-c5cccd6fce1e: start FollowerState
2019-08-23 09:11:53,923 [grpc-default-executor-2] INFO  impl.RoleInfo (RoleInfo.java:updateAndGet(143)) - ce3b71d6-803c-4999-98a7-ed3c8197db33: start FollowerState
2019-08-23 09:11:53,923 [Thread-742] INFO  impl.FollowerState (FollowerState.java:run(114)) - 41b9b824-85d6-416a-bf4a-c5cccd6fce1e: FollowerState was interrupted: java.lang.InterruptedException: sleep interrupted
2019-08-23 09:11:53,923 [Thread-744] INFO  impl.FollowerState (FollowerState.java:run(114)) - ce3b71d6-803c-4999-98a7-ed3c8197db33: FollowerState was interrupted: java.lang.InterruptedException: sleep interrupted
2019-08-23 09:11:53,944 [06d76673-acfc-4852-ba17-8edfd4d37f5d:group-73033864ACD7:LeaderElection20] INFO  impl.LeaderElection (LeaderElection.java:logAndReturn(56)) - 06d76673-acfc-4852-ba17-8edfd4d37f5d:group-73033864ACD7:LeaderElection20: Election PASSED; received 1 response(s) [06d76673-acfc-4852-ba17-8edfd4d37f5d<-ce3b71d6-803c-4999-98a7-ed3c8197db33#0:OK-t1] and 0 exception(s); 06d76673-acfc-4852-ba17-8edfd4d37f5d:t1, leader=null, voted=06d76673-acfc-4852-ba17-8edfd4d37f5d, raftlog=06d76673-acfc-4852-ba17-8edfd4d37f5d-SegmentedRaftLog:OPENED:c-1,f-1,i0, conf=-1: [ce3b71d6-803c-4999-98a7-ed3c8197db33:192.168.69.105:44477, 41b9b824-85d6-416a-bf4a-c5cccd6fce1e:192.168.69.105:35086, 06d76673-acfc-4852-ba17-8edfd4d37f5d:192.168.69.105:42001], old=null
2019-08-23 09:11:53,945 [06d76673-acfc-4852-ba17-8edfd4d37f5d:group-73033864ACD7:LeaderElection20] INFO  impl.RoleInfo (RoleInfo.java:shutdownLeaderElection(134)) - 06d76673-acfc-4852-ba17-8edfd4d37f5d: shutdown LeaderElection
2019-08-23 09:11:53,947 [06d76673-acfc-4852-ba17-8edfd4d37f5d:group-73033864ACD7:LeaderElection20] INFO  impl.RaftServerImpl (RaftServerImpl.java:setRole(171)) - 06d76673-acfc-4852-ba17-8edfd4d37f5d:group-73033864ACD7 changes role from CANDIDATE to LEADER at term 1 for changeToLeader
2019-08-23 09:11:53,947 [06d76673-acfc-4852-ba17-8edfd4d37f5d:group-73033864ACD7:LeaderElection20] INFO  impl.RaftServerImpl (ServerState.java:setLeader(263)) - 06d76673-acfc-4852-ba17-8edfd4d37f5d:group-73033864ACD7 change Leader from null to 06d76673-acfc-4852-ba17-8edfd4d37f5d at term 1 for becomeLeader, leader elected after 5116ms
2019-08-23 09:11:53,948 [06d76673-acfc-4852-ba17-8edfd4d37f5d:group-73033864ACD7:LeaderElection20] INFO  server.RaftServerConfigKeys (ConfUtils.java:logGet(43)) - raft.server.staging.catchup.gap = 1000 (default)
2019-08-23 09:11:53,948 [06d76673-acfc-4852-ba17-8edfd4d37f5d:group-73033864ACD7:LeaderElection20] INFO  server.RaftServerConfigKeys (ConfUtils.java:logGet(43)) - raft.server.rpc.sleep.time = 25ms (default)
2019-08-23 09:11:53,948 [06d76673-acfc-4852-ba17-8edfd4d37f5d:group-73033864ACD7:LeaderElection20] INFO  server.RaftServerConfigKeys (ConfUtils.java:logGet(43)) - raft.server.write.element-limit = 4096 (default)
2019-08-23 09:11:53,948 [06d76673-acfc-4852-ba17-8edfd4d37f5d:group-73033864ACD7:LeaderElection20] INFO  server.RaftServerConfigKeys (ConfUtils.java:logGet(43)) - raft.server.watch.timeout = 10s (default)
2019-08-23 09:11:53,949 [06d76673-acfc-4852-ba17-8edfd4d37f5d:group-73033864ACD7:LeaderElection20] INFO  server.RaftServerConfigKeys (ConfUtils.java:logGet(43)) - raft.server.watch.timeout.denomination = 1s (default)
2019-08-23 09:11:53,949 [06d76673-acfc-4852-ba17-8edfd4d37f5d:group-73033864ACD7:LeaderElection20] INFO  server.RaftServerConfigKeys (ConfUtils.java:logGet(43)) - raft.server.watch.element-limit = 65536 (default)
2019-08-23 09:11:53,949 [06d76673-acfc-4852-ba17-8edfd4d37f5d:group-73033864ACD7:LeaderElection20] INFO  server.RaftServerConfigKeys (ConfUtils.java:logGet(43)) - raft.server.log.appender.snapshot.chunk.size.max = 16MB (=16777216) (default)
2019-08-23 09:11:53,950 [06d76673-acfc-4852-ba17-8edfd4d37f5d:group-73033864ACD7:LeaderElection20] INFO  server.RaftServerConfigKeys (ConfUtils.java:logGet(43)) - raft.server.log.appender.buffer.byte-limit = 33554432 (custom)
2019-08-23 09:11:53,950 [06d76673-acfc-4852-ba17-8edfd4d37f5d:group-73033864ACD7:LeaderElection20] INFO  server.RaftServerConfigKeys (ConfUtils.java:logGet(43)) - raft.server.log.appender.buffer.element-limit = 1 (custom)
2019-08-23 09:11:53,950 [06d76673-acfc-4852-ba17-8edfd4d37f5d:group-73033864ACD7:LeaderElection20] INFO  grpc.GrpcConfigKeys$Server (ConfUtils.java:logGet(43)) - raft.grpc.server.leader.outstanding.appends.max = 128 (default)
2019-08-23 09:11:53,951 [06d76673-acfc-4852-ba17-8edfd4d37f5d:group-73033864ACD7:LeaderElection20] INFO  server.RaftServerConfigKeys (ConfUtils.java:logGet(43)) - raft.server.rpc.request.timeout = 3000ms (default)
2019-08-23 09:11:53,951 [06d76673-acfc-4852-ba17-8edfd4d37f5d:group-73033864ACD7:LeaderElection20] INFO  server.RaftServerConfigKeys (ConfUtils.java:logGet(43)) - raft.server.log.appender.install.snapshot.enabled = false (custom)
2019-08-23 09:11:53,951 [06d76673-acfc-4852-ba17-8edfd4d37f5d:group-73033864ACD7:LeaderElection20] INFO  server.RaftServerConfigKeys (ConfUtils.java:logGet(43)) - raft.server.log.appender.snapshot.chunk.size.max = 16MB (=16777216) (default)
2019-08-23 09:11:53,951 [06d76673-acfc-4852-ba17-8edfd4d37f5d:group-73033864ACD7:LeaderElection20] INFO  server.RaftServerConfigKeys (ConfUtils.java:logGet(43)) - raft.server.log.appender.buffer.byte-limit = 33554432 (custom)
2019-08-23 09:11:53,951 [06d76673-acfc-4852-ba17-8edfd4d37f5d:group-73033864ACD7:LeaderElection20] INFO  server.RaftServerConfigKeys (ConfUtils.java:logGet(43)) - raft.server.log.appender.buffer.element-limit = 1 (custom)
2019-08-23 09:11:53,952 [06d76673-acfc-4852-ba17-8edfd4d37f5d:group-73033864ACD7:LeaderElection20] INFO  grpc.GrpcConfigKeys$Server (ConfUtils.java:logGet(43)) - raft.grpc.server.leader.outstanding.appends.max = 128 (default)
2019-08-23 09:11:53,952 [06d76673-acfc-4852-ba17-8edfd4d37f5d:group-73033864ACD7:LeaderElection20] INFO  server.RaftServerConfigKeys (ConfUtils.java:logGet(43)) - raft.server.rpc.request.timeout = 3000ms (default)
2019-08-23 09:11:53,952 [06d76673-acfc-4852-ba17-8edfd4d37f5d:group-73033864ACD7:LeaderElection20] INFO  server.RaftServerConfigKeys (ConfUtils.java:logGet(43)) - raft.server.log.appender.install.snapshot.enabled = false (custom)
2019-08-23 09:11:53,952 [06d76673-acfc-4852-ba17-8edfd4d37f5d:group-73033864ACD7:LeaderElection20] INFO  impl.RoleInfo (RoleInfo.java:updateAndGet(143)) - 06d76673-acfc-4852-ba17-8edfd4d37f5d: start LeaderState
2019-08-23 09:11:53,953 [06d76673-acfc-4852-ba17-8edfd4d37f5d:group-73033864ACD7:LeaderElection20] INFO  segmented.SegmentedRaftLogWorker (SegmentedRaftLogWorker.java:startLogSegment(380)) - 06d76673-acfc-4852-ba17-8edfd4d37f5d-SegmentedRaftLogWorker:Storage Directory /workdir/hadoop-ozone/integration-test/target/test-dir/MiniOzoneClusterImpl-46891ce3-8eb0-4315-8db6-3822c3bd7dcf/datanode-2/data/ratis/93047d0c-a21e-49b2-a0be-73033864acd7: Starting segment from index:0
2019-08-23 09:11:53,995 [06d76673-acfc-4852-ba17-8edfd4d37f5d:group-73033864ACD7:LeaderElection20] INFO  impl.RaftServerImpl (ServerState.java:setRaftConf(361)) - 06d76673-acfc-4852-ba17-8edfd4d37f5d:group-73033864ACD7 set configuration 0: [ce3b71d6-803c-4999-98a7-ed3c8197db33:192.168.69.105:44477, 41b9b824-85d6-416a-bf4a-c5cccd6fce1e:192.168.69.105:35086, 06d76673-acfc-4852-ba17-8edfd4d37f5d:192.168.69.105:42001], old=null at 0
2019-08-23 09:11:54,003 [grpc-default-executor-2] INFO  impl.RaftServerImpl (ServerState.java:setLeader(263)) - ce3b71d6-803c-4999-98a7-ed3c8197db33:group-73033864ACD7 change Leader from null to 06d76673-acfc-4852-ba17-8edfd4d37f5d at term 1 for appendEntries, leader elected after 5171ms
2019-08-23 09:11:54,003 [grpc-default-executor-1] INFO  impl.RaftServerImpl (ServerState.java:setLeader(263)) - 41b9b824-85d6-416a-bf4a-c5cccd6fce1e:group-73033864ACD7 change Leader from null to 06d76673-acfc-4852-ba17-8edfd4d37f5d at term 1 for appendEntries, leader elected after 5172ms
2019-08-23 09:11:54,004 | INFO  | SCMAudit | user=jenkins1000 | ip=192.168.69.105 | op=SEND_HEARTBEAT {datanodeUUID=e3f86e53-8f15-4a09-b253-90a30ace4ba2, command=[]} | ret=SUCCESS |  
2019-08-23 09:11:54,009 [06d76673-acfc-4852-ba17-8edfd4d37f5d-SegmentedRaftLogWorker:Storage Directory /workdir/hadoop-ozone/integration-test/target/test-dir/MiniOzoneClusterImpl-46891ce3-8eb0-4315-8db6-3822c3bd7dcf/datanode-2/data/ratis/93047d0c-a21e-49b2-a0be-73033864acd7] INFO  segmented.SegmentedRaftLogWorker (SegmentedRaftLogWorker.java:execute(569)) - 06d76673-acfc-4852-ba17-8edfd4d37f5d-SegmentedRaftLogWorker:Storage Directory /workdir/hadoop-ozone/integration-test/target/test-dir/MiniOzoneClusterImpl-46891ce3-8eb0-4315-8db6-3822c3bd7dcf/datanode-2/data/ratis/93047d0c-a21e-49b2-a0be-73033864acd7: created new log segment /workdir/hadoop-ozone/integration-test/target/test-dir/MiniOzoneClusterImpl-46891ce3-8eb0-4315-8db6-3822c3bd7dcf/datanode-2/data/ratis/93047d0c-a21e-49b2-a0be-73033864acd7/current/log_inprogress_0
2019-08-23 09:11:54,015 [grpc-default-executor-2] INFO  impl.RaftServerImpl (ServerState.java:setRaftConf(361)) - 41b9b824-85d6-416a-bf4a-c5cccd6fce1e:group-73033864ACD7 set configuration 0: [ce3b71d6-803c-4999-98a7-ed3c8197db33:192.168.69.105:44477, 41b9b824-85d6-416a-bf4a-c5cccd6fce1e:192.168.69.105:35086, 06d76673-acfc-4852-ba17-8edfd4d37f5d:192.168.69.105:42001], old=null at 0
2019-08-23 09:11:54,015 [grpc-default-executor-1] INFO  impl.RaftServerImpl (ServerState.java:setRaftConf(361)) - ce3b71d6-803c-4999-98a7-ed3c8197db33:group-73033864ACD7 set configuration 0: [ce3b71d6-803c-4999-98a7-ed3c8197db33:192.168.69.105:44477, 41b9b824-85d6-416a-bf4a-c5cccd6fce1e:192.168.69.105:35086, 06d76673-acfc-4852-ba17-8edfd4d37f5d:192.168.69.105:42001], old=null at 0
2019-08-23 09:11:54,015 [grpc-default-executor-2] INFO  segmented.SegmentedRaftLogWorker (SegmentedRaftLogWorker.java:startLogSegment(380)) - 41b9b824-85d6-416a-bf4a-c5cccd6fce1e-SegmentedRaftLogWorker:Storage Directory /workdir/hadoop-ozone/integration-test/target/test-dir/MiniOzoneClusterImpl-46891ce3-8eb0-4315-8db6-3822c3bd7dcf/datanode-1/data/ratis/93047d0c-a21e-49b2-a0be-73033864acd7: Starting segment from index:0
2019-08-23 09:11:54,016 [grpc-default-executor-1] INFO  segmented.SegmentedRaftLogWorker (SegmentedRaftLogWorker.java:startLogSegment(380)) - ce3b71d6-803c-4999-98a7-ed3c8197db33-SegmentedRaftLogWorker:Storage Directory /workdir/hadoop-ozone/integration-test/target/test-dir/MiniOzoneClusterImpl-46891ce3-8eb0-4315-8db6-3822c3bd7dcf/datanode-0/data/ratis/93047d0c-a21e-49b2-a0be-73033864acd7: Starting segment from index:0
2019-08-23 09:11:54,065 [41b9b824-85d6-416a-bf4a-c5cccd6fce1e-SegmentedRaftLogWorker:Storage Directory /workdir/hadoop-ozone/integration-test/target/test-dir/MiniOzoneClusterImpl-46891ce3-8eb0-4315-8db6-3822c3bd7dcf/datanode-1/data/ratis/93047d0c-a21e-49b2-a0be-73033864acd7] INFO  segmented.SegmentedRaftLogWorker (SegmentedRaftLogWorker.java:execute(569)) - 41b9b824-85d6-416a-bf4a-c5cccd6fce1e-SegmentedRaftLogWorker:Storage Directory /workdir/hadoop-ozone/integration-test/target/test-dir/MiniOzoneClusterImpl-46891ce3-8eb0-4315-8db6-3822c3bd7dcf/datanode-1/data/ratis/93047d0c-a21e-49b2-a0be-73033864acd7: created new log segment /workdir/hadoop-ozone/integration-test/target/test-dir/MiniOzoneClusterImpl-46891ce3-8eb0-4315-8db6-3822c3bd7dcf/datanode-1/data/ratis/93047d0c-a21e-49b2-a0be-73033864acd7/current/log_inprogress_0
2019-08-23 09:11:54,065 [ce3b71d6-803c-4999-98a7-ed3c8197db33-SegmentedRaftLogWorker:Storage Directory /workdir/hadoop-ozone/integration-test/target/test-dir/MiniOzoneClusterImpl-46891ce3-8eb0-4315-8db6-3822c3bd7dcf/datanode-0/data/ratis/93047d0c-a21e-49b2-a0be-73033864acd7] INFO  segmented.SegmentedRaftLogWorker (SegmentedRaftLogWorker.java:execute(569)) - ce3b71d6-803c-4999-98a7-ed3c8197db33-SegmentedRaftLogWorker:Storage Directory /workdir/hadoop-ozone/integration-test/target/test-dir/MiniOzoneClusterImpl-46891ce3-8eb0-4315-8db6-3822c3bd7dcf/datanode-0/data/ratis/93047d0c-a21e-49b2-a0be-73033864acd7: created new log segment /workdir/hadoop-ozone/integration-test/target/test-dir/MiniOzoneClusterImpl-46891ce3-8eb0-4315-8db6-3822c3bd7dcf/datanode-0/data/ratis/93047d0c-a21e-49b2-a0be-73033864acd7/current/log_inprogress_0
2019-08-23 09:11:54,096 [grpc-default-executor-1] INFO  client.GrpcClientProtocolClient (GrpcClientProtocolClient.java:onNext(255)) - client-E82DA6E02431->41b9b824-85d6-416a-bf4a-c5cccd6fce1e: receive RaftClientReply:client-E82DA6E02431->41b9b824-85d6-416a-bf4a-c5cccd6fce1e@group-73033864ACD7, cid=42, FAILED org.apache.ratis.protocol.NotLeaderException: Server 41b9b824-85d6-416a-bf4a-c5cccd6fce1e is not the leader (06d76673-acfc-4852-ba17-8edfd4d37f5d:192.168.69.105:42001). Request must be sent to leader., logIndex=0, commits[41b9b824-85d6-416a-bf4a-c5cccd6fce1e:c-1, ce3b71d6-803c-4999-98a7-ed3c8197db33:c-1, 06d76673-acfc-4852-ba17-8edfd4d37f5d:c-1]
2019-08-23 09:11:54,200 [Thread-751] INFO  impl.FollowerState (FollowerState.java:run(106)) - e3f86e53-8f15-4a09-b253-90a30ace4ba2:group-59B54FBC1329 changes to CANDIDATE, lastRpcTime:5181, electionTimeout:5181ms
2019-08-23 09:11:54,200 [Thread-751] INFO  impl.RoleInfo (RoleInfo.java:shutdownFollowerState(121)) - e3f86e53-8f15-4a09-b253-90a30ace4ba2: shutdown FollowerState
2019-08-23 09:11:54,200 [Thread-751] INFO  impl.RaftServerImpl (RaftServerImpl.java:setRole(171)) - e3f86e53-8f15-4a09-b253-90a30ace4ba2:group-59B54FBC1329 changes role from FOLLOWER to CANDIDATE at term 0 for changeToCandidate
2019-08-23 09:11:54,200 [Thread-751] INFO  impl.RoleInfo (RoleInfo.java:updateAndGet(143)) - e3f86e53-8f15-4a09-b253-90a30ace4ba2: start LeaderElection
2019-08-23 09:11:54,211 [e3f86e53-8f15-4a09-b253-90a30ace4ba2:group-59B54FBC1329:LeaderElection21] INFO  impl.LeaderElection (LeaderElection.java:askForVotes(181)) - e3f86e53-8f15-4a09-b253-90a30ace4ba2:group-59B54FBC1329:LeaderElection21: begin an election at term 1 for -1: [e3f86e53-8f15-4a09-b253-90a30ace4ba2:192.168.69.105:33325], old=null
2019-08-23 09:11:54,214 [e3f86e53-8f15-4a09-b253-90a30ace4ba2:group-59B54FBC1329:LeaderElection21] INFO  impl.RoleInfo (RoleInfo.java:shutdownLeaderElection(134)) - e3f86e53-8f15-4a09-b253-90a30ace4ba2: shutdown LeaderElection
2019-08-23 09:11:54,216 [e3f86e53-8f15-4a09-b253-90a30ace4ba2:group-59B54FBC1329:LeaderElection21] INFO  impl.RaftServerImpl (RaftServerImpl.java:setRole(171)) - e3f86e53-8f15-4a09-b253-90a30ace4ba2:group-59B54FBC1329 changes role from CANDIDATE to LEADER at term 1 for changeToLeader
2019-08-23 09:11:54,217 [e3f86e53-8f15-4a09-b253-90a30ace4ba2:group-59B54FBC1329:LeaderElection21] INFO  impl.RaftServerImpl (ServerState.java:setLeader(263)) - e3f86e53-8f15-4a09-b253-90a30ace4ba2:group-59B54FBC1329 change Leader from null to e3f86e53-8f15-4a09-b253-90a30ace4ba2 at term 1 for becomeLeader, leader elected after 5204ms
2019-08-23 09:11:54,217 | INFO  | DNAudit | user=null | ip=null | op=CREATE_CONTAINER {containerID=1, containerType=KeyValueContainer} | ret=SUCCESS |  
2019-08-23 09:11:54,220 [e3f86e53-8f15-4a09-b253-90a30ace4ba2:group-59B54FBC1329:LeaderElection21] INFO  server.RaftServerConfigKeys (ConfUtils.java:logGet(43)) - raft.server.staging.catchup.gap = 1000 (default)
2019-08-23 09:11:54,225 [e3f86e53-8f15-4a09-b253-90a30ace4ba2:group-59B54FBC1329:LeaderElection21] INFO  server.RaftServerConfigKeys (ConfUtils.java:logGet(43)) - raft.server.rpc.sleep.time = 25ms (default)
2019-08-23 09:11:54,225 [e3f86e53-8f15-4a09-b253-90a30ace4ba2:group-59B54FBC1329:LeaderElection21] INFO  server.RaftServerConfigKeys (ConfUtils.java:logGet(43)) - raft.server.write.element-limit = 4096 (default)
2019-08-23 09:11:54,225 [e3f86e53-8f15-4a09-b253-90a30ace4ba2:group-59B54FBC1329:LeaderElection21] INFO  server.RaftServerConfigKeys (ConfUtils.java:logGet(43)) - raft.server.watch.timeout = 10s (default)
2019-08-23 09:11:54,228 [e3f86e53-8f15-4a09-b253-90a30ace4ba2:group-59B54FBC1329:LeaderElection21] INFO  server.RaftServerConfigKeys (ConfUtils.java:logGet(43)) - raft.server.watch.timeout.denomination = 1s (default)
2019-08-23 09:11:54,228 [e3f86e53-8f15-4a09-b253-90a30ace4ba2:group-59B54FBC1329:LeaderElection21] INFO  server.RaftServerConfigKeys (ConfUtils.java:logGet(43)) - raft.server.watch.element-limit = 65536 (default)
2019-08-23 09:11:54,228 [e3f86e53-8f15-4a09-b253-90a30ace4ba2:group-59B54FBC1329:LeaderElection21] INFO  impl.RoleInfo (RoleInfo.java:updateAndGet(143)) - e3f86e53-8f15-4a09-b253-90a30ace4ba2: start LeaderState
2019-08-23 09:11:54,229 [e3f86e53-8f15-4a09-b253-90a30ace4ba2:group-59B54FBC1329:LeaderElection21] INFO  segmented.SegmentedRaftLogWorker (SegmentedRaftLogWorker.java:startLogSegment(380)) - e3f86e53-8f15-4a09-b253-90a30ace4ba2-SegmentedRaftLogWorker:Storage Directory /workdir/hadoop-ozone/integration-test/target/test-dir/MiniOzoneClusterImpl-46891ce3-8eb0-4315-8db6-3822c3bd7dcf/datanode-3/data/ratis/596febc4-c835-478f-9adc-59b54fbc1329: Starting segment from index:0
2019-08-23 09:11:54,229 | INFO  | SCMAudit | user=jenkins1000 | ip=192.168.69.105 | op=SEND_HEARTBEAT {datanodeUUID=06d76673-acfc-4852-ba17-8edfd4d37f5d, command=[]} | ret=SUCCESS |  
2019-08-23 09:11:54,230 [e3f86e53-8f15-4a09-b253-90a30ace4ba2:group-59B54FBC1329:LeaderElection21] INFO  impl.RaftServerImpl (ServerState.java:setRaftConf(361)) - e3f86e53-8f15-4a09-b253-90a30ace4ba2:group-59B54FBC1329 set configuration 0: [e3f86e53-8f15-4a09-b253-90a30ace4ba2:192.168.69.105:33325], old=null at 0
2019-08-23 09:11:54,268 [grpc-default-executor-2] INFO  client.GrpcClientProtocolClient (GrpcClientProtocolClient.java:onNext(255)) - client-E82DA6E02431->06d76673-acfc-4852-ba17-8edfd4d37f5d: receive RaftClientReply:client-E82DA6E02431->06d76673-acfc-4852-ba17-8edfd4d37f5d@group-73033864ACD7, cid=42, SUCCESS, logIndex=1, commits[06d76673-acfc-4852-ba17-8edfd4d37f5d:c2, ce3b71d6-803c-4999-98a7-ed3c8197db33:c1, 41b9b824-85d6-416a-bf4a-c5cccd6fce1e:c1]
2019-08-23 09:11:54,282 [e3f86e53-8f15-4a09-b253-90a30ace4ba2-SegmentedRaftLogWorker:Storage Directory /workdir/hadoop-ozone/integration-test/target/test-dir/MiniOzoneClusterImpl-46891ce3-8eb0-4315-8db6-3822c3bd7dcf/datanode-3/data/ratis/596febc4-c835-478f-9adc-59b54fbc1329] INFO  segmented.SegmentedRaftLogWorker (SegmentedRaftLogWorker.java:execute(569)) - e3f86e53-8f15-4a09-b253-90a30ace4ba2-SegmentedRaftLogWorker:Storage Directory /workdir/hadoop-ozone/integration-test/target/test-dir/MiniOzoneClusterImpl-46891ce3-8eb0-4315-8db6-3822c3bd7dcf/datanode-3/data/ratis/596febc4-c835-478f-9adc-59b54fbc1329: created new log segment /workdir/hadoop-ozone/integration-test/target/test-dir/MiniOzoneClusterImpl-46891ce3-8eb0-4315-8db6-3822c3bd7dcf/datanode-3/data/ratis/596febc4-c835-478f-9adc-59b54fbc1329/current/log_inprogress_0
2019-08-23 09:11:54,292 | INFO  | DNAudit | user=null | ip=null | op=CREATE_CONTAINER {containerID=1, containerType=KeyValueContainer} | ret=SUCCESS |  
2019-08-23 09:11:54,292 | INFO  | DNAudit | user=null | ip=null | op=CREATE_CONTAINER {containerID=1, containerType=KeyValueContainer} | ret=SUCCESS |  
2019-08-23 09:11:54,292 | INFO  | SCMAudit | user=jenkins1000 | ip=192.168.69.105 | op=SEND_HEARTBEAT {datanodeUUID=ce3b71d6-803c-4999-98a7-ed3c8197db33, command=[]} | ret=SUCCESS |  
2019-08-23 09:11:54,300 | INFO  | SCMAudit | user=jenkins1000 | ip=192.168.69.105 | op=SEND_HEARTBEAT {datanodeUUID=41b9b824-85d6-416a-bf4a-c5cccd6fce1e, command=[]} | ret=SUCCESS |  
2019-08-23 09:11:54,300 | INFO  | SCMAudit | user=jenkins1000 | ip=192.168.69.105 | op=SEND_HEARTBEAT {datanodeUUID=ce3b71d6-803c-4999-98a7-ed3c8197db33, command=[]} | ret=SUCCESS |  
2019-08-23 09:11:54,379 | INFO  | DNAudit | user=null | ip=null | op=CREATE_CONTAINER {containerID=2, containerType=KeyValueContainer} | ret=SUCCESS |  
2019-08-23 09:11:54,388 | INFO  | SCMAudit | user=jenkins1000 | ip=192.168.69.105 | op=SEND_HEARTBEAT {datanodeUUID=06d76673-acfc-4852-ba17-8edfd4d37f5d, command=[]} | ret=SUCCESS |  
2019-08-23 09:11:54,389 [grpc-default-executor-1] INFO  client.GrpcClientProtocolClient (GrpcClientProtocolClient.java:onNext(255)) - client-E82DA6E02431->06d76673-acfc-4852-ba17-8edfd4d37f5d: receive RaftClientReply:client-E82DA6E02431->06d76673-acfc-4852-ba17-8edfd4d37f5d@group-73033864ACD7, cid=43, SUCCESS, logIndex=3, commits[06d76673-acfc-4852-ba17-8edfd4d37f5d:c4, ce3b71d6-803c-4999-98a7-ed3c8197db33:c3, 41b9b824-85d6-416a-bf4a-c5cccd6fce1e:c3]
2019-08-23 09:11:54,408 | INFO  | DNAudit | user=null | ip=null | op=CREATE_CONTAINER {containerID=2, containerType=KeyValueContainer} | ret=SUCCESS |  
2019-08-23 09:11:54,408 | INFO  | DNAudit | user=null | ip=null | op=CREATE_CONTAINER {containerID=2, containerType=KeyValueContainer} | ret=SUCCESS |  
2019-08-23 09:11:54,413 | INFO  | SCMAudit | user=jenkins1000 | ip=192.168.69.105 | op=SEND_HEARTBEAT {datanodeUUID=41b9b824-85d6-416a-bf4a-c5cccd6fce1e, command=[]} | ret=SUCCESS |  
2019-08-23 09:11:54,413 | INFO  | SCMAudit | user=jenkins1000 | ip=192.168.69.105 | op=SEND_HEARTBEAT {datanodeUUID=ce3b71d6-803c-4999-98a7-ed3c8197db33, command=[]} | ret=SUCCESS |  
2019-08-23 09:11:54,413 | INFO  | SCMAudit | user=jenkins1000 | ip=192.168.69.105 | op=SEND_HEARTBEAT {datanodeUUID=480da6fd-5cad-42f6-a3a8-03ebe6e9ed72, command=[]} | ret=SUCCESS |  
2019-08-23 09:11:54,478 | INFO  | DNAudit | user=null | ip=null | op=CREATE_CONTAINER {containerID=3, containerType=KeyValueContainer} | ret=SUCCESS |  
2019-08-23 09:11:54,480 | INFO  | SCMAudit | user=jenkins1000 | ip=192.168.69.105 | op=SEND_HEARTBEAT {datanodeUUID=06d76673-acfc-4852-ba17-8edfd4d37f5d, command=[]} | ret=SUCCESS |  
2019-08-23 09:11:54,480 [grpc-default-executor-2] INFO  client.GrpcClientProtocolClient (GrpcClientProtocolClient.java:onNext(255)) - client-E82DA6E02431->06d76673-acfc-4852-ba17-8edfd4d37f5d: receive RaftClientReply:client-E82DA6E02431->06d76673-acfc-4852-ba17-8edfd4d37f5d@group-73033864ACD7, cid=44, SUCCESS, logIndex=5, commits[06d76673-acfc-4852-ba17-8edfd4d37f5d:c6, ce3b71d6-803c-4999-98a7-ed3c8197db33:c5, 41b9b824-85d6-416a-bf4a-c5cccd6fce1e:c5]
2019-08-23 09:11:54,496 | INFO  | DNAudit | user=null | ip=null | op=CREATE_CONTAINER {containerID=3, containerType=KeyValueContainer} | ret=SUCCESS |  
2019-08-23 09:11:54,496 | INFO  | DNAudit | user=null | ip=null | op=CREATE_CONTAINER {containerID=3, containerType=KeyValueContainer} | ret=SUCCESS |  
2019-08-23 09:11:54,497 | INFO  | SCMAudit | user=jenkins1000 | ip=192.168.69.105 | op=SEND_HEARTBEAT {datanodeUUID=41b9b824-85d6-416a-bf4a-c5cccd6fce1e, command=[]} | ret=SUCCESS |  
2019-08-23 09:11:54,497 | INFO  | SCMAudit | user=jenkins1000 | ip=192.168.69.105 | op=SEND_HEARTBEAT {datanodeUUID=ce3b71d6-803c-4999-98a7-ed3c8197db33, command=[]} | ret=SUCCESS |  
2019-08-23 09:11:54,624 | INFO  | SCMAudit | user=jenkins1000 | ip=192.168.69.105 | op=SEND_HEARTBEAT {datanodeUUID=6db0b5b4-33e5-45b9-ab7c-8a068485ef09, command=[]} | ret=SUCCESS |  
2019-08-23 09:11:54,633 [Thread-754] INFO  impl.FollowerState (FollowerState.java:run(106)) - 480da6fd-5cad-42f6-a3a8-03ebe6e9ed72:group-5631915CA8C0 changes to CANDIDATE, lastRpcTime:5150, electionTimeout:5150ms
2019-08-23 09:11:54,634 [Thread-754] INFO  impl.RoleInfo (RoleInfo.java:shutdownFollowerState(121)) - 480da6fd-5cad-42f6-a3a8-03ebe6e9ed72: shutdown FollowerState
2019-08-23 09:11:54,634 [Thread-754] INFO  impl.RaftServerImpl (RaftServerImpl.java:setRole(171)) - 480da6fd-5cad-42f6-a3a8-03ebe6e9ed72:group-5631915CA8C0 changes role from FOLLOWER to CANDIDATE at term 0 for changeToCandidate
2019-08-23 09:11:54,634 [Thread-754] INFO  impl.RoleInfo (RoleInfo.java:updateAndGet(143)) - 480da6fd-5cad-42f6-a3a8-03ebe6e9ed72: start LeaderElection
2019-08-23 09:11:54,650 [480da6fd-5cad-42f6-a3a8-03ebe6e9ed72:group-5631915CA8C0:LeaderElection22] INFO  impl.LeaderElection (LeaderElection.java:askForVotes(181)) - 480da6fd-5cad-42f6-a3a8-03ebe6e9ed72:group-5631915CA8C0:LeaderElection22: begin an election at term 1 for -1: [480da6fd-5cad-42f6-a3a8-03ebe6e9ed72:192.168.69.105:35049], old=null
2019-08-23 09:11:54,651 [480da6fd-5cad-42f6-a3a8-03ebe6e9ed72:group-5631915CA8C0:LeaderElection22] INFO  impl.RoleInfo (RoleInfo.java:shutdownLeaderElection(134)) - 480da6fd-5cad-42f6-a3a8-03ebe6e9ed72: shutdown LeaderElection
2019-08-23 09:11:54,651 [480da6fd-5cad-42f6-a3a8-03ebe6e9ed72:group-5631915CA8C0:LeaderElection22] INFO  impl.RaftServerImpl (RaftServerImpl.java:setRole(171)) - 480da6fd-5cad-42f6-a3a8-03ebe6e9ed72:group-5631915CA8C0 changes role from CANDIDATE to LEADER at term 1 for changeToLeader
2019-08-23 09:11:54,651 [480da6fd-5cad-42f6-a3a8-03ebe6e9ed72:group-5631915CA8C0:LeaderElection22] INFO  impl.RaftServerImpl (ServerState.java:setLeader(263)) - 480da6fd-5cad-42f6-a3a8-03ebe6e9ed72:group-5631915CA8C0 change Leader from null to 480da6fd-5cad-42f6-a3a8-03ebe6e9ed72 at term 1 for becomeLeader, leader elected after 5173ms
2019-08-23 09:11:54,653 [480da6fd-5cad-42f6-a3a8-03ebe6e9ed72:group-5631915CA8C0:LeaderElection22] INFO  server.RaftServerConfigKeys (ConfUtils.java:logGet(43)) - raft.server.staging.catchup.gap = 1000 (default)
2019-08-23 09:11:54,654 [480da6fd-5cad-42f6-a3a8-03ebe6e9ed72:group-5631915CA8C0:LeaderElection22] INFO  server.RaftServerConfigKeys (ConfUtils.java:logGet(43)) - raft.server.rpc.sleep.time = 25ms (default)
2019-08-23 09:11:54,654 [480da6fd-5cad-42f6-a3a8-03ebe6e9ed72:group-5631915CA8C0:LeaderElection22] INFO  server.RaftServerConfigKeys (ConfUtils.java:logGet(43)) - raft.server.write.element-limit = 4096 (default)
2019-08-23 09:11:54,654 [480da6fd-5cad-42f6-a3a8-03ebe6e9ed72:group-5631915CA8C0:LeaderElection22] INFO  server.RaftServerConfigKeys (ConfUtils.java:logGet(43)) - raft.server.watch.timeout = 10s (default)
2019-08-23 09:11:54,654 [480da6fd-5cad-42f6-a3a8-03ebe6e9ed72:group-5631915CA8C0:LeaderElection22] INFO  server.RaftServerConfigKeys (ConfUtils.java:logGet(43)) - raft.server.watch.timeout.denomination = 1s (default)
2019-08-23 09:11:54,654 [480da6fd-5cad-42f6-a3a8-03ebe6e9ed72:group-5631915CA8C0:LeaderElection22] INFO  server.RaftServerConfigKeys (ConfUtils.java:logGet(43)) - raft.server.watch.element-limit = 65536 (default)
2019-08-23 09:11:54,655 [480da6fd-5cad-42f6-a3a8-03ebe6e9ed72:group-5631915CA8C0:LeaderElection22] INFO  impl.RoleInfo (RoleInfo.java:updateAndGet(143)) - 480da6fd-5cad-42f6-a3a8-03ebe6e9ed72: start LeaderState
2019-08-23 09:11:54,655 [480da6fd-5cad-42f6-a3a8-03ebe6e9ed72:group-5631915CA8C0:LeaderElection22] INFO  segmented.SegmentedRaftLogWorker (SegmentedRaftLogWorker.java:startLogSegment(380)) - 480da6fd-5cad-42f6-a3a8-03ebe6e9ed72-SegmentedRaftLogWorker:Storage Directory /workdir/hadoop-ozone/integration-test/target/test-dir/MiniOzoneClusterImpl-46891ce3-8eb0-4315-8db6-3822c3bd7dcf/datanode-4/data/ratis/b8f89d3c-30e3-4ab4-bf80-5631915ca8c0: Starting segment from index:0
2019-08-23 09:11:54,655 [480da6fd-5cad-42f6-a3a8-03ebe6e9ed72:group-5631915CA8C0:LeaderElection22] INFO  impl.RaftServerImpl (ServerState.java:setRaftConf(361)) - 480da6fd-5cad-42f6-a3a8-03ebe6e9ed72:group-5631915CA8C0 set configuration 0: [480da6fd-5cad-42f6-a3a8-03ebe6e9ed72:192.168.69.105:35049], old=null at 0
2019-08-23 09:11:54,708 [480da6fd-5cad-42f6-a3a8-03ebe6e9ed72-SegmentedRaftLogWorker:Storage Directory /workdir/hadoop-ozone/integration-test/target/test-dir/MiniOzoneClusterImpl-46891ce3-8eb0-4315-8db6-3822c3bd7dcf/datanode-4/data/ratis/b8f89d3c-30e3-4ab4-bf80-5631915ca8c0] INFO  segmented.SegmentedRaftLogWorker (SegmentedRaftLogWorker.java:execute(569)) - 480da6fd-5cad-42f6-a3a8-03ebe6e9ed72-SegmentedRaftLogWorker:Storage Directory /workdir/hadoop-ozone/integration-test/target/test-dir/MiniOzoneClusterImpl-46891ce3-8eb0-4315-8db6-3822c3bd7dcf/datanode-4/data/ratis/b8f89d3c-30e3-4ab4-bf80-5631915ca8c0: created new log segment /workdir/hadoop-ozone/integration-test/target/test-dir/MiniOzoneClusterImpl-46891ce3-8eb0-4315-8db6-3822c3bd7dcf/datanode-4/data/ratis/b8f89d3c-30e3-4ab4-bf80-5631915ca8c0/current/log_inprogress_0
2019-08-23 09:11:54,750 [Thread-760] INFO  impl.FollowerState (FollowerState.java:run(106)) - e3f86e53-8f15-4a09-b253-90a30ace4ba2:group-FE0C229C6F37 changes to CANDIDATE, lastRpcTime:5007, electionTimeout:5007ms
2019-08-23 09:11:54,750 [Thread-760] INFO  impl.RoleInfo (RoleInfo.java:shutdownFollowerState(121)) - e3f86e53-8f15-4a09-b253-90a30ace4ba2: shutdown FollowerState
2019-08-23 09:11:54,750 [Thread-760] INFO  impl.RaftServerImpl (RaftServerImpl.java:setRole(171)) - e3f86e53-8f15-4a09-b253-90a30ace4ba2:group-FE0C229C6F37 changes role from FOLLOWER to CANDIDATE at term 0 for changeToCandidate
2019-08-23 09:11:54,751 [Thread-760] INFO  impl.RoleInfo (RoleInfo.java:updateAndGet(143)) - e3f86e53-8f15-4a09-b253-90a30ace4ba2: start LeaderElection
2019-08-23 09:11:54,769 [e3f86e53-8f15-4a09-b253-90a30ace4ba2:group-FE0C229C6F37:LeaderElection23] INFO  impl.LeaderElection (LeaderElection.java:askForVotes(181)) - e3f86e53-8f15-4a09-b253-90a30ace4ba2:group-FE0C229C6F37:LeaderElection23: begin an election at term 1 for -1: [6db0b5b4-33e5-45b9-ab7c-8a068485ef09:192.168.69.105:41066, e3f86e53-8f15-4a09-b253-90a30ace4ba2:192.168.69.105:33325, 480da6fd-5cad-42f6-a3a8-03ebe6e9ed72:192.168.69.105:35049], old=null
2019-08-23 09:11:54,779 [grpc-default-executor-2] INFO  impl.RaftServerImpl (RaftServerImpl.java:setRole(171)) - 480da6fd-5cad-42f6-a3a8-03ebe6e9ed72:group-FE0C229C6F37 changes role from FOLLOWER to FOLLOWER at term 1 for recognizeCandidate:e3f86e53-8f15-4a09-b253-90a30ace4ba2
2019-08-23 09:11:54,779 [grpc-default-executor-1] INFO  impl.RaftServerImpl (RaftServerImpl.java:setRole(171)) - 6db0b5b4-33e5-45b9-ab7c-8a068485ef09:group-FE0C229C6F37 changes role from FOLLOWER to FOLLOWER at term 1 for recognizeCandidate:e3f86e53-8f15-4a09-b253-90a30ace4ba2
2019-08-23 09:11:54,779 [grpc-default-executor-2] INFO  impl.RoleInfo (RoleInfo.java:shutdownFollowerState(121)) - 480da6fd-5cad-42f6-a3a8-03ebe6e9ed72: shutdown FollowerState
2019-08-23 09:11:54,780 [grpc-default-executor-1] INFO  impl.RoleInfo (RoleInfo.java:shutdownFollowerState(121)) - 6db0b5b4-33e5-45b9-ab7c-8a068485ef09: shutdown FollowerState
2019-08-23 09:11:54,780 [grpc-default-executor-2] INFO  impl.RoleInfo (RoleInfo.java:updateAndGet(143)) - 480da6fd-5cad-42f6-a3a8-03ebe6e9ed72: start FollowerState
2019-08-23 09:11:54,780 [Thread-763] INFO  impl.FollowerState (FollowerState.java:run(114)) - 6db0b5b4-33e5-45b9-ab7c-8a068485ef09: FollowerState was interrupted: java.lang.InterruptedException: sleep interrupted
2019-08-23 09:11:54,780 [grpc-default-executor-1] INFO  impl.RoleInfo (RoleInfo.java:updateAndGet(143)) - 6db0b5b4-33e5-45b9-ab7c-8a068485ef09: start FollowerState
2019-08-23 09:11:54,780 [Thread-766] INFO  impl.FollowerState (FollowerState.java:run(114)) - 480da6fd-5cad-42f6-a3a8-03ebe6e9ed72: FollowerState was interrupted: java.lang.InterruptedException: sleep interrupted
2019-08-23 09:11:54,801 [e3f86e53-8f15-4a09-b253-90a30ace4ba2:group-FE0C229C6F37:LeaderElection23] INFO  impl.LeaderElection (LeaderElection.java:logAndReturn(56)) - e3f86e53-8f15-4a09-b253-90a30ace4ba2:group-FE0C229C6F37:LeaderElection23: Election PASSED; received 1 response(s) [e3f86e53-8f15-4a09-b253-90a30ace4ba2<-6db0b5b4-33e5-45b9-ab7c-8a068485ef09#0:OK-t1] and 0 exception(s); e3f86e53-8f15-4a09-b253-90a30ace4ba2:t1, leader=null, voted=e3f86e53-8f15-4a09-b253-90a30ace4ba2, raftlog=e3f86e53-8f15-4a09-b253-90a30ace4ba2-SegmentedRaftLog:OPENED:c-1,f-1,i0, conf=-1: [6db0b5b4-33e5-45b9-ab7c-8a068485ef09:192.168.69.105:41066, e3f86e53-8f15-4a09-b253-90a30ace4ba2:192.168.69.105:33325, 480da6fd-5cad-42f6-a3a8-03ebe6e9ed72:192.168.69.105:35049], old=null
2019-08-23 09:11:54,801 [e3f86e53-8f15-4a09-b253-90a30ace4ba2:group-FE0C229C6F37:LeaderElection23] INFO  impl.RoleInfo (RoleInfo.java:shutdownLeaderElection(134)) - e3f86e53-8f15-4a09-b253-90a30ace4ba2: shutdown LeaderElection
2019-08-23 09:11:54,804 [e3f86e53-8f15-4a09-b253-90a30ace4ba2:group-FE0C229C6F37:LeaderElection23] INFO  impl.RaftServerImpl (RaftServerImpl.java:setRole(171)) - e3f86e53-8f15-4a09-b253-90a30ace4ba2:group-FE0C229C6F37 changes role from CANDIDATE to LEADER at term 1 for changeToLeader
2019-08-23 09:11:54,807 [e3f86e53-8f15-4a09-b253-90a30ace4ba2:group-FE0C229C6F37:LeaderElection23] INFO  impl.RaftServerImpl (ServerState.java:setLeader(263)) - e3f86e53-8f15-4a09-b253-90a30ace4ba2:group-FE0C229C6F37 change Leader from null to e3f86e53-8f15-4a09-b253-90a30ace4ba2 at term 1 for becomeLeader, leader elected after 5075ms
2019-08-23 09:11:54,807 [e3f86e53-8f15-4a09-b253-90a30ace4ba2:group-FE0C229C6F37:LeaderElection23] INFO  server.RaftServerConfigKeys (ConfUtils.java:logGet(43)) - raft.server.staging.catchup.gap = 1000 (default)
2019-08-23 09:11:54,807 [e3f86e53-8f15-4a09-b253-90a30ace4ba2:group-FE0C229C6F37:LeaderElection23] INFO  server.RaftServerConfigKeys (ConfUtils.java:logGet(43)) - raft.server.rpc.sleep.time = 25ms (default)
2019-08-23 09:11:54,807 [e3f86e53-8f15-4a09-b253-90a30ace4ba2:group-FE0C229C6F37:LeaderElection23] INFO  server.RaftServerConfigKeys (ConfUtils.java:logGet(43)) - raft.server.write.element-limit = 4096 (default)
2019-08-23 09:11:54,807 [e3f86e53-8f15-4a09-b253-90a30ace4ba2:group-FE0C229C6F37:LeaderElection23] INFO  server.RaftServerConfigKeys (ConfUtils.java:logGet(43)) - raft.server.watch.timeout = 10s (default)
2019-08-23 09:11:54,808 [e3f86e53-8f15-4a09-b253-90a30ace4ba2:group-FE0C229C6F37:LeaderElection23] INFO  server.RaftServerConfigKeys (ConfUtils.java:logGet(43)) - raft.server.watch.timeout.denomination = 1s (default)
2019-08-23 09:11:54,808 [e3f86e53-8f15-4a09-b253-90a30ace4ba2:group-FE0C229C6F37:LeaderElection23] INFO  server.RaftServerConfigKeys (ConfUtils.java:logGet(43)) - raft.server.watch.element-limit = 65536 (default)
2019-08-23 09:11:54,808 [e3f86e53-8f15-4a09-b253-90a30ace4ba2:group-FE0C229C6F37:LeaderElection23] INFO  server.RaftServerConfigKeys (ConfUtils.java:logGet(43)) - raft.server.log.appender.snapshot.chunk.size.max = 16MB (=16777216) (default)
2019-08-23 09:11:54,808 [e3f86e53-8f15-4a09-b253-90a30ace4ba2:group-FE0C229C6F37:LeaderElection23] INFO  server.RaftServerConfigKeys (ConfUtils.java:logGet(43)) - raft.server.log.appender.buffer.byte-limit = 33554432 (custom)
2019-08-23 09:11:54,809 [e3f86e53-8f15-4a09-b253-90a30ace4ba2:group-FE0C229C6F37:LeaderElection23] INFO  server.RaftServerConfigKeys (ConfUtils.java:logGet(43)) - raft.server.log.appender.buffer.element-limit = 1 (custom)
2019-08-23 09:11:54,809 [e3f86e53-8f15-4a09-b253-90a30ace4ba2:group-FE0C229C6F37:LeaderElection23] INFO  grpc.GrpcConfigKeys$Server (ConfUtils.java:logGet(43)) - raft.grpc.server.leader.outstanding.appends.max = 128 (default)
2019-08-23 09:11:54,809 [e3f86e53-8f15-4a09-b253-90a30ace4ba2:group-FE0C229C6F37:LeaderElection23] INFO  server.RaftServerConfigKeys (ConfUtils.java:logGet(43)) - raft.server.rpc.request.timeout = 3000ms (default)
2019-08-23 09:11:54,809 [e3f86e53-8f15-4a09-b253-90a30ace4ba2:group-FE0C229C6F37:LeaderElection23] INFO  server.RaftServerConfigKeys (ConfUtils.java:logGet(43)) - raft.server.log.appender.install.snapshot.enabled = false (custom)
2019-08-23 09:11:54,809 [e3f86e53-8f15-4a09-b253-90a30ace4ba2:group-FE0C229C6F37:LeaderElection23] INFO  server.RaftServerConfigKeys (ConfUtils.java:logGet(43)) - raft.server.log.appender.snapshot.chunk.size.max = 16MB (=16777216) (default)
2019-08-23 09:11:54,810 [e3f86e53-8f15-4a09-b253-90a30ace4ba2:group-FE0C229C6F37:LeaderElection23] INFO  server.RaftServerConfigKeys (ConfUtils.java:logGet(43)) - raft.server.log.appender.buffer.byte-limit = 33554432 (custom)
2019-08-23 09:11:54,810 [e3f86e53-8f15-4a09-b253-90a30ace4ba2:group-FE0C229C6F37:LeaderElection23] INFO  server.RaftServerConfigKeys (ConfUtils.java:logGet(43)) - raft.server.log.appender.buffer.element-limit = 1 (custom)
2019-08-23 09:11:54,810 [e3f86e53-8f15-4a09-b253-90a30ace4ba2:group-FE0C229C6F37:LeaderElection23] INFO  grpc.GrpcConfigKeys$Server (ConfUtils.java:logGet(43)) - raft.grpc.server.leader.outstanding.appends.max = 128 (default)
2019-08-23 09:11:54,810 [e3f86e53-8f15-4a09-b253-90a30ace4ba2:group-FE0C229C6F37:LeaderElection23] INFO  server.RaftServerConfigKeys (ConfUtils.java:logGet(43)) - raft.server.rpc.request.timeout = 3000ms (default)
2019-08-23 09:11:54,811 [e3f86e53-8f15-4a09-b253-90a30ace4ba2:group-FE0C229C6F37:LeaderElection23] INFO  server.RaftServerConfigKeys (ConfUtils.java:logGet(43)) - raft.server.log.appender.install.snapshot.enabled = false (custom)
2019-08-23 09:11:54,811 [e3f86e53-8f15-4a09-b253-90a30ace4ba2:group-FE0C229C6F37:LeaderElection23] INFO  impl.RoleInfo (RoleInfo.java:updateAndGet(143)) - e3f86e53-8f15-4a09-b253-90a30ace4ba2: start LeaderState
2019-08-23 09:11:54,811 [e3f86e53-8f15-4a09-b253-90a30ace4ba2:group-FE0C229C6F37:LeaderElection23] INFO  segmented.SegmentedRaftLogWorker (SegmentedRaftLogWorker.java:startLogSegment(380)) - e3f86e53-8f15-4a09-b253-90a30ace4ba2-SegmentedRaftLogWorker:Storage Directory /workdir/hadoop-ozone/integration-test/target/test-dir/MiniOzoneClusterImpl-46891ce3-8eb0-4315-8db6-3822c3bd7dcf/datanode-3/data/ratis/c3c0063c-9561-4dcf-aecd-fe0c229c6f37: Starting segment from index:0
2019-08-23 09:11:54,812 [e3f86e53-8f15-4a09-b253-90a30ace4ba2:group-FE0C229C6F37:LeaderElection23] INFO  impl.RaftServerImpl (ServerState.java:setRaftConf(361)) - e3f86e53-8f15-4a09-b253-90a30ace4ba2:group-FE0C229C6F37 set configuration 0: [6db0b5b4-33e5-45b9-ab7c-8a068485ef09:192.168.69.105:41066, e3f86e53-8f15-4a09-b253-90a30ace4ba2:192.168.69.105:33325, 480da6fd-5cad-42f6-a3a8-03ebe6e9ed72:192.168.69.105:35049], old=null at 0
2019-08-23 09:11:54,851 [Thread-757] INFO  impl.FollowerState (FollowerState.java:run(106)) - 6db0b5b4-33e5-45b9-ab7c-8a068485ef09:group-B34774209AAC changes to CANDIDATE, lastRpcTime:5176, electionTimeout:5151ms
2019-08-23 09:11:54,852 [Thread-757] INFO  impl.RoleInfo (RoleInfo.java:shutdownFollowerState(121)) - 6db0b5b4-33e5-45b9-ab7c-8a068485ef09: shutdown FollowerState
2019-08-23 09:11:54,852 [Thread-757] INFO  impl.RaftServerImpl (RaftServerImpl.java:setRole(171)) - 6db0b5b4-33e5-45b9-ab7c-8a068485ef09:group-B34774209AAC changes role from FOLLOWER to CANDIDATE at term 0 for changeToCandidate
2019-08-23 09:11:54,852 [Thread-757] INFO  impl.RoleInfo (RoleInfo.java:updateAndGet(143)) - 6db0b5b4-33e5-45b9-ab7c-8a068485ef09: start LeaderElection
2019-08-23 09:11:54,861 [grpc-default-executor-2] INFO  impl.RaftServerImpl (ServerState.java:setLeader(263)) - 6db0b5b4-33e5-45b9-ab7c-8a068485ef09:group-FE0C229C6F37 change Leader from null to e3f86e53-8f15-4a09-b253-90a30ace4ba2 at term 1 for appendEntries, leader elected after 5129ms
2019-08-23 09:11:54,863 [grpc-default-executor-1] INFO  impl.RaftServerImpl (ServerState.java:setLeader(263)) - 480da6fd-5cad-42f6-a3a8-03ebe6e9ed72:group-FE0C229C6F37 change Leader from null to e3f86e53-8f15-4a09-b253-90a30ace4ba2 at term 1 for appendEntries, leader elected after 5132ms
2019-08-23 09:11:54,865 [e3f86e53-8f15-4a09-b253-90a30ace4ba2-SegmentedRaftLogWorker:Storage Directory /workdir/hadoop-ozone/integration-test/target/test-dir/MiniOzoneClusterImpl-46891ce3-8eb0-4315-8db6-3822c3bd7dcf/datanode-3/data/ratis/c3c0063c-9561-4dcf-aecd-fe0c229c6f37] INFO  segmented.SegmentedRaftLogWorker (SegmentedRaftLogWorker.java:execute(569)) - e3f86e53-8f15-4a09-b253-90a30ace4ba2-SegmentedRaftLogWorker:Storage Directory /workdir/hadoop-ozone/integration-test/target/test-dir/MiniOzoneClusterImpl-46891ce3-8eb0-4315-8db6-3822c3bd7dcf/datanode-3/data/ratis/c3c0063c-9561-4dcf-aecd-fe0c229c6f37: created new log segment /workdir/hadoop-ozone/integration-test/target/test-dir/MiniOzoneClusterImpl-46891ce3-8eb0-4315-8db6-3822c3bd7dcf/datanode-3/data/ratis/c3c0063c-9561-4dcf-aecd-fe0c229c6f37/current/log_inprogress_0
2019-08-23 09:11:54,865 [6db0b5b4-33e5-45b9-ab7c-8a068485ef09:group-B34774209AAC:LeaderElection24] INFO  impl.LeaderElection (LeaderElection.java:askForVotes(181)) - 6db0b5b4-33e5-45b9-ab7c-8a068485ef09:group-B34774209AAC:LeaderElection24: begin an election at term 1 for -1: [6db0b5b4-33e5-45b9-ab7c-8a068485ef09:192.168.69.105:41066], old=null
2019-08-23 09:11:54,865 [6db0b5b4-33e5-45b9-ab7c-8a068485ef09:group-B34774209AAC:LeaderElection24] INFO  impl.RoleInfo (RoleInfo.java:shutdownLeaderElection(134)) - 6db0b5b4-33e5-45b9-ab7c-8a068485ef09: shutdown LeaderElection
2019-08-23 09:11:54,865 [6db0b5b4-33e5-45b9-ab7c-8a068485ef09:group-B34774209AAC:LeaderElection24] INFO  impl.RaftServerImpl (RaftServerImpl.java:setRole(171)) - 6db0b5b4-33e5-45b9-ab7c-8a068485ef09:group-B34774209AAC changes role from CANDIDATE to LEADER at term 1 for changeToLeader
2019-08-23 09:11:54,865 [6db0b5b4-33e5-45b9-ab7c-8a068485ef09:group-B34774209AAC:LeaderElection24] INFO  impl.RaftServerImpl (ServerState.java:setLeader(263)) - 6db0b5b4-33e5-45b9-ab7c-8a068485ef09:group-B34774209AAC change Leader from null to 6db0b5b4-33e5-45b9-ab7c-8a068485ef09 at term 1 for becomeLeader, leader elected after 5195ms
2019-08-23 09:11:54,867 [6db0b5b4-33e5-45b9-ab7c-8a068485ef09:group-B34774209AAC:LeaderElection24] INFO  server.RaftServerConfigKeys (ConfUtils.java:logGet(43)) - raft.server.staging.catchup.gap = 1000 (default)
2019-08-23 09:11:54,868 [6db0b5b4-33e5-45b9-ab7c-8a068485ef09:group-B34774209AAC:LeaderElection24] INFO  server.RaftServerConfigKeys (ConfUtils.java:logGet(43)) - raft.server.rpc.sleep.time = 25ms (default)
2019-08-23 09:11:54,868 [6db0b5b4-33e5-45b9-ab7c-8a068485ef09:group-B34774209AAC:LeaderElection24] INFO  server.RaftServerConfigKeys (ConfUtils.java:logGet(43)) - raft.server.write.element-limit = 4096 (default)
2019-08-23 09:11:54,868 [6db0b5b4-33e5-45b9-ab7c-8a068485ef09:group-B34774209AAC:LeaderElection24] INFO  server.RaftServerConfigKeys (ConfUtils.java:logGet(43)) - raft.server.watch.timeout = 10s (default)
2019-08-23 09:11:54,868 [6db0b5b4-33e5-45b9-ab7c-8a068485ef09:group-B34774209AAC:LeaderElection24] INFO  server.RaftServerConfigKeys (ConfUtils.java:logGet(43)) - raft.server.watch.timeout.denomination = 1s (default)
2019-08-23 09:11:54,868 [grpc-default-executor-1] INFO  impl.RaftServerImpl (ServerState.java:setRaftConf(361)) - 6db0b5b4-33e5-45b9-ab7c-8a068485ef09:group-FE0C229C6F37 set configuration 0: [6db0b5b4-33e5-45b9-ab7c-8a068485ef09:192.168.69.105:41066, e3f86e53-8f15-4a09-b253-90a30ace4ba2:192.168.69.105:33325, 480da6fd-5cad-42f6-a3a8-03ebe6e9ed72:192.168.69.105:35049], old=null at 0
2019-08-23 09:11:54,869 [grpc-default-executor-2] INFO  impl.RaftServerImpl (ServerState.java:setRaftConf(361)) - 480da6fd-5cad-42f6-a3a8-03ebe6e9ed72:group-FE0C229C6F37 set configuration 0: [6db0b5b4-33e5-45b9-ab7c-8a068485ef09:192.168.69.105:41066, e3f86e53-8f15-4a09-b253-90a30ace4ba2:192.168.69.105:33325, 480da6fd-5cad-42f6-a3a8-03ebe6e9ed72:192.168.69.105:35049], old=null at 0
2019-08-23 09:11:54,868 [6db0b5b4-33e5-45b9-ab7c-8a068485ef09:group-B34774209AAC:LeaderElection24] INFO  server.RaftServerConfigKeys (ConfUtils.java:logGet(43)) - raft.server.watch.element-limit = 65536 (default)
2019-08-23 09:11:54,869 [grpc-default-executor-2] INFO  segmented.SegmentedRaftLogWorker (SegmentedRaftLogWorker.java:startLogSegment(380)) - 480da6fd-5cad-42f6-a3a8-03ebe6e9ed72-SegmentedRaftLogWorker:Storage Directory /workdir/hadoop-ozone/integration-test/target/test-dir/MiniOzoneClusterImpl-46891ce3-8eb0-4315-8db6-3822c3bd7dcf/datanode-4/data/ratis/c3c0063c-9561-4dcf-aecd-fe0c229c6f37: Starting segment from index:0
2019-08-23 09:11:54,869 [grpc-default-executor-1] INFO  segmented.SegmentedRaftLogWorker (SegmentedRaftLogWorker.java:startLogSegment(380)) - 6db0b5b4-33e5-45b9-ab7c-8a068485ef09-SegmentedRaftLogWorker:Storage Directory /workdir/hadoop-ozone/integration-test/target/test-dir/MiniOzoneClusterImpl-46891ce3-8eb0-4315-8db6-3822c3bd7dcf/datanode-5/data/ratis/c3c0063c-9561-4dcf-aecd-fe0c229c6f37: Starting segment from index:0
2019-08-23 09:11:54,869 [6db0b5b4-33e5-45b9-ab7c-8a068485ef09:group-B34774209AAC:LeaderElection24] INFO  impl.RoleInfo (RoleInfo.java:updateAndGet(143)) - 6db0b5b4-33e5-45b9-ab7c-8a068485ef09: start LeaderState
2019-08-23 09:11:54,870 [6db0b5b4-33e5-45b9-ab7c-8a068485ef09:group-B34774209AAC:LeaderElection24] INFO  segmented.SegmentedRaftLogWorker (SegmentedRaftLogWorker.java:startLogSegment(380)) - 6db0b5b4-33e5-45b9-ab7c-8a068485ef09-SegmentedRaftLogWorker:Storage Directory /workdir/hadoop-ozone/integration-test/target/test-dir/MiniOzoneClusterImpl-46891ce3-8eb0-4315-8db6-3822c3bd7dcf/datanode-5/data/ratis/4322990e-a334-47b0-aeb3-b34774209aac: Starting segment from index:0
2019-08-23 09:11:54,871 [6db0b5b4-33e5-45b9-ab7c-8a068485ef09:group-B34774209AAC:LeaderElection24] INFO  impl.RaftServerImpl (ServerState.java:setRaftConf(361)) - 6db0b5b4-33e5-45b9-ab7c-8a068485ef09:group-B34774209AAC set configuration 0: [6db0b5b4-33e5-45b9-ab7c-8a068485ef09:192.168.69.105:41066], old=null at 0
2019-08-23 09:11:54,916 | INFO  | SCMAudit | user=jenkins1000 | ip=192.168.69.105 | op=SEND_HEARTBEAT {datanodeUUID=0a284024-13d6-46ed-b1db-6a3886ae2776, command=[]} | ret=SUCCESS |  
2019-08-23 09:11:54,928 [480da6fd-5cad-42f6-a3a8-03ebe6e9ed72-SegmentedRaftLogWorker:Storage Directory /workdir/hadoop-ozone/integration-test/target/test-dir/MiniOzoneClusterImpl-46891ce3-8eb0-4315-8db6-3822c3bd7dcf/datanode-4/data/ratis/c3c0063c-9561-4dcf-aecd-fe0c229c6f37] INFO  segmented.SegmentedRaftLogWorker (SegmentedRaftLogWorker.java:execute(569)) - 480da6fd-5cad-42f6-a3a8-03ebe6e9ed72-SegmentedRaftLogWorker:Storage Directory /workdir/hadoop-ozone/integration-test/target/test-dir/MiniOzoneClusterImpl-46891ce3-8eb0-4315-8db6-3822c3bd7dcf/datanode-4/data/ratis/c3c0063c-9561-4dcf-aecd-fe0c229c6f37: created new log segment /workdir/hadoop-ozone/integration-test/target/test-dir/MiniOzoneClusterImpl-46891ce3-8eb0-4315-8db6-3822c3bd7dcf/datanode-4/data/ratis/c3c0063c-9561-4dcf-aecd-fe0c229c6f37/current/log_inprogress_0
2019-08-23 09:11:54,928 [6db0b5b4-33e5-45b9-ab7c-8a068485ef09-SegmentedRaftLogWorker:Storage Directory /workdir/hadoop-ozone/integration-test/target/test-dir/MiniOzoneClusterImpl-46891ce3-8eb0-4315-8db6-3822c3bd7dcf/datanode-5/data/ratis/c3c0063c-9561-4dcf-aecd-fe0c229c6f37] INFO  segmented.SegmentedRaftLogWorker (SegmentedRaftLogWorker.java:execute(569)) - 6db0b5b4-33e5-45b9-ab7c-8a068485ef09-SegmentedRaftLogWorker:Storage Directory /workdir/hadoop-ozone/integration-test/target/test-dir/MiniOzoneClusterImpl-46891ce3-8eb0-4315-8db6-3822c3bd7dcf/datanode-5/data/ratis/c3c0063c-9561-4dcf-aecd-fe0c229c6f37: created new log segment /workdir/hadoop-ozone/integration-test/target/test-dir/MiniOzoneClusterImpl-46891ce3-8eb0-4315-8db6-3822c3bd7dcf/datanode-5/data/ratis/c3c0063c-9561-4dcf-aecd-fe0c229c6f37/current/log_inprogress_0
2019-08-23 09:11:54,928 [6db0b5b4-33e5-45b9-ab7c-8a068485ef09-SegmentedRaftLogWorker:Storage Directory /workdir/hadoop-ozone/integration-test/target/test-dir/MiniOzoneClusterImpl-46891ce3-8eb0-4315-8db6-3822c3bd7dcf/datanode-5/data/ratis/4322990e-a334-47b0-aeb3-b34774209aac] INFO  segmented.SegmentedRaftLogWorker (SegmentedRaftLogWorker.java:execute(569)) - 6db0b5b4-33e5-45b9-ab7c-8a068485ef09-SegmentedRaftLogWorker:Storage Directory /workdir/hadoop-ozone/integration-test/target/test-dir/MiniOzoneClusterImpl-46891ce3-8eb0-4315-8db6-3822c3bd7dcf/datanode-5/data/ratis/4322990e-a334-47b0-aeb3-b34774209aac: created new log segment /workdir/hadoop-ozone/integration-test/target/test-dir/MiniOzoneClusterImpl-46891ce3-8eb0-4315-8db6-3822c3bd7dcf/datanode-5/data/ratis/4322990e-a334-47b0-aeb3-b34774209aac/current/log_inprogress_0
2019-08-23 09:11:54,946 [Thread-771] INFO  impl.FollowerState (FollowerState.java:run(106)) - 0a284024-13d6-46ed-b1db-6a3886ae2776:group-93FB97578F57 changes to CANDIDATE, lastRpcTime:5003, electionTimeout:5003ms
2019-08-23 09:11:54,946 [Thread-771] INFO  impl.RoleInfo (RoleInfo.java:shutdownFollowerState(121)) - 0a284024-13d6-46ed-b1db-6a3886ae2776: shutdown FollowerState
2019-08-23 09:11:54,946 [Thread-771] INFO  impl.RaftServerImpl (RaftServerImpl.java:setRole(171)) - 0a284024-13d6-46ed-b1db-6a3886ae2776:group-93FB97578F57 changes role from FOLLOWER to CANDIDATE at term 0 for changeToCandidate
2019-08-23 09:11:54,946 [Thread-771] INFO  impl.RoleInfo (RoleInfo.java:updateAndGet(143)) - 0a284024-13d6-46ed-b1db-6a3886ae2776: start LeaderElection
2019-08-23 09:11:54,966 [0a284024-13d6-46ed-b1db-6a3886ae2776:group-93FB97578F57:LeaderElection25] INFO  impl.LeaderElection (LeaderElection.java:askForVotes(181)) - 0a284024-13d6-46ed-b1db-6a3886ae2776:group-93FB97578F57:LeaderElection25: begin an election at term 1 for -1: [0a284024-13d6-46ed-b1db-6a3886ae2776:192.168.69.105:44670], old=null
2019-08-23 09:11:54,966 [0a284024-13d6-46ed-b1db-6a3886ae2776:group-93FB97578F57:LeaderElection25] INFO  impl.RoleInfo (RoleInfo.java:shutdownLeaderElection(134)) - 0a284024-13d6-46ed-b1db-6a3886ae2776: shutdown LeaderElection
2019-08-23 09:11:54,966 [0a284024-13d6-46ed-b1db-6a3886ae2776:group-93FB97578F57:LeaderElection25] INFO  impl.RaftServerImpl (RaftServerImpl.java:setRole(171)) - 0a284024-13d6-46ed-b1db-6a3886ae2776:group-93FB97578F57 changes role from CANDIDATE to LEADER at term 1 for changeToLeader
2019-08-23 09:11:54,966 [0a284024-13d6-46ed-b1db-6a3886ae2776:group-93FB97578F57:LeaderElection25] INFO  impl.RaftServerImpl (ServerState.java:setLeader(263)) - 0a284024-13d6-46ed-b1db-6a3886ae2776:group-93FB97578F57 change Leader from null to 0a284024-13d6-46ed-b1db-6a3886ae2776 at term 1 for becomeLeader, leader elected after 5039ms
2019-08-23 09:11:54,978 [0a284024-13d6-46ed-b1db-6a3886ae2776:group-93FB97578F57:LeaderElection25] INFO  server.RaftServerConfigKeys (ConfUtils.java:logGet(43)) - raft.server.staging.catchup.gap = 1000 (default)
2019-08-23 09:11:54,978 [0a284024-13d6-46ed-b1db-6a3886ae2776:group-93FB97578F57:LeaderElection25] INFO  server.RaftServerConfigKeys (ConfUtils.java:logGet(43)) - raft.server.rpc.sleep.time = 25ms (default)
2019-08-23 09:11:54,978 [0a284024-13d6-46ed-b1db-6a3886ae2776:group-93FB97578F57:LeaderElection25] INFO  server.RaftServerConfigKeys (ConfUtils.java:logGet(43)) - raft.server.write.element-limit = 4096 (default)
2019-08-23 09:11:54,978 [0a284024-13d6-46ed-b1db-6a3886ae2776:group-93FB97578F57:LeaderElection25] INFO  server.RaftServerConfigKeys (ConfUtils.java:logGet(43)) - raft.server.watch.timeout = 10s (default)
2019-08-23 09:11:54,978 [0a284024-13d6-46ed-b1db-6a3886ae2776:group-93FB97578F57:LeaderElection25] INFO  server.RaftServerConfigKeys (ConfUtils.java:logGet(43)) - raft.server.watch.timeout.denomination = 1s (default)
2019-08-23 09:11:54,979 [0a284024-13d6-46ed-b1db-6a3886ae2776:group-93FB97578F57:LeaderElection25] INFO  server.RaftServerConfigKeys (ConfUtils.java:logGet(43)) - raft.server.watch.element-limit = 65536 (default)
2019-08-23 09:11:54,979 [0a284024-13d6-46ed-b1db-6a3886ae2776:group-93FB97578F57:LeaderElection25] INFO  impl.RoleInfo (RoleInfo.java:updateAndGet(143)) - 0a284024-13d6-46ed-b1db-6a3886ae2776: start LeaderState
2019-08-23 09:11:54,979 [0a284024-13d6-46ed-b1db-6a3886ae2776:group-93FB97578F57:LeaderElection25] INFO  segmented.SegmentedRaftLogWorker (SegmentedRaftLogWorker.java:startLogSegment(380)) - 0a284024-13d6-46ed-b1db-6a3886ae2776-SegmentedRaftLogWorker:Storage Directory /workdir/hadoop-ozone/integration-test/target/test-dir/MiniOzoneClusterImpl-46891ce3-8eb0-4315-8db6-3822c3bd7dcf/datanode-6/data/ratis/55d71ec9-83a4-4adb-8d39-93fb97578f57: Starting segment from index:0
2019-08-23 09:11:54,980 [0a284024-13d6-46ed-b1db-6a3886ae2776:group-93FB97578F57:LeaderElection25] INFO  impl.RaftServerImpl (ServerState.java:setRaftConf(361)) - 0a284024-13d6-46ed-b1db-6a3886ae2776:group-93FB97578F57 set configuration 0: [0a284024-13d6-46ed-b1db-6a3886ae2776:192.168.69.105:44670], old=null at 0
2019-08-23 09:11:55,027 | INFO  | SCMAudit | user=jenkins1000 | ip=192.168.69.105 | op=SEND_HEARTBEAT {datanodeUUID=e3f86e53-8f15-4a09-b253-90a30ace4ba2, command=[]} | ret=SUCCESS |  
2019-08-23 09:11:55,035 [0a284024-13d6-46ed-b1db-6a3886ae2776-SegmentedRaftLogWorker:Storage Directory /workdir/hadoop-ozone/integration-test/target/test-dir/MiniOzoneClusterImpl-46891ce3-8eb0-4315-8db6-3822c3bd7dcf/datanode-6/data/ratis/55d71ec9-83a4-4adb-8d39-93fb97578f57] INFO  segmented.SegmentedRaftLogWorker (SegmentedRaftLogWorker.java:execute(569)) - 0a284024-13d6-46ed-b1db-6a3886ae2776-SegmentedRaftLogWorker:Storage Directory /workdir/hadoop-ozone/integration-test/target/test-dir/MiniOzoneClusterImpl-46891ce3-8eb0-4315-8db6-3822c3bd7dcf/datanode-6/data/ratis/55d71ec9-83a4-4adb-8d39-93fb97578f57: created new log segment /workdir/hadoop-ozone/integration-test/target/test-dir/MiniOzoneClusterImpl-46891ce3-8eb0-4315-8db6-3822c3bd7dcf/datanode-6/data/ratis/55d71ec9-83a4-4adb-8d39-93fb97578f57/current/log_inprogress_0
2019-08-23 09:11:55,413 | INFO  | SCMAudit | user=jenkins1000 | ip=192.168.69.105 | op=SEND_HEARTBEAT {datanodeUUID=480da6fd-5cad-42f6-a3a8-03ebe6e9ed72, command=[]} | ret=SUCCESS |  
2019-08-23 09:11:55,480 | INFO  | SCMAudit | user=jenkins1000 | ip=192.168.69.105 | op=SEND_HEARTBEAT {datanodeUUID=06d76673-acfc-4852-ba17-8edfd4d37f5d, command=[]} | ret=SUCCESS |  
2019-08-23 09:11:55,497 | INFO  | SCMAudit | user=jenkins1000 | ip=192.168.69.105 | op=SEND_HEARTBEAT {datanodeUUID=ce3b71d6-803c-4999-98a7-ed3c8197db33, command=[]} | ret=SUCCESS |  
2019-08-23 09:11:55,497 | INFO  | SCMAudit | user=jenkins1000 | ip=192.168.69.105 | op=SEND_HEARTBEAT {datanodeUUID=41b9b824-85d6-416a-bf4a-c5cccd6fce1e, command=[]} | ret=SUCCESS |  
2019-08-23 09:11:55,624 | INFO  | SCMAudit | user=jenkins1000 | ip=192.168.69.105 | op=SEND_HEARTBEAT {datanodeUUID=6db0b5b4-33e5-45b9-ab7c-8a068485ef09, command=[]} | ret=SUCCESS |  
2019-08-23 09:11:55,916 | INFO  | SCMAudit | user=jenkins1000 | ip=192.168.69.105 | op=SEND_HEARTBEAT {datanodeUUID=0a284024-13d6-46ed-b1db-6a3886ae2776, command=[]} | ret=SUCCESS |  
2019-08-23 09:11:56,024 | INFO  | SCMAudit | user=jenkins1000 | ip=192.168.69.105 | op=SEND_HEARTBEAT {datanodeUUID=e3f86e53-8f15-4a09-b253-90a30ace4ba2, command=[]} | ret=SUCCESS |  
2019-08-23 09:11:56,413 | INFO  | SCMAudit | user=jenkins1000 | ip=192.168.69.105 | op=SEND_HEARTBEAT {datanodeUUID=480da6fd-5cad-42f6-a3a8-03ebe6e9ed72, command=[]} | ret=SUCCESS |  
2019-08-23 09:11:56,480 | INFO  | SCMAudit | user=jenkins1000 | ip=192.168.69.105 | op=SEND_HEARTBEAT {datanodeUUID=06d76673-acfc-4852-ba17-8edfd4d37f5d, command=[]} | ret=SUCCESS |  
2019-08-23 09:11:56,496 | INFO  | SCMAudit | user=jenkins1000 | ip=192.168.69.105 | op=SEND_HEARTBEAT {datanodeUUID=ce3b71d6-803c-4999-98a7-ed3c8197db33, command=[]} | ret=SUCCESS |  
2019-08-23 09:11:56,497 | INFO  | SCMAudit | user=jenkins1000 | ip=192.168.69.105 | op=SEND_HEARTBEAT {datanodeUUID=41b9b824-85d6-416a-bf4a-c5cccd6fce1e, command=[]} | ret=SUCCESS |  
2019-08-23 09:11:56,625 | INFO  | SCMAudit | user=jenkins1000 | ip=192.168.69.105 | op=SEND_HEARTBEAT {datanodeUUID=6db0b5b4-33e5-45b9-ab7c-8a068485ef09, command=[]} | ret=SUCCESS |  
2019-08-23 09:11:56,916 | INFO  | SCMAudit | user=jenkins1000 | ip=192.168.69.105 | op=SEND_HEARTBEAT {datanodeUUID=0a284024-13d6-46ed-b1db-6a3886ae2776, command=[]} | ret=SUCCESS |  
2019-08-23 09:11:57,024 | INFO  | SCMAudit | user=jenkins1000 | ip=192.168.69.105 | op=SEND_HEARTBEAT {datanodeUUID=e3f86e53-8f15-4a09-b253-90a30ace4ba2, command=[]} | ret=SUCCESS |  
2019-08-23 09:11:57,412 | INFO  | SCMAudit | user=jenkins1000 | ip=192.168.69.105 | op=SEND_HEARTBEAT {datanodeUUID=480da6fd-5cad-42f6-a3a8-03ebe6e9ed72, command=[]} | ret=SUCCESS |  
2019-08-23 09:11:57,481 | INFO  | SCMAudit | user=jenkins1000 | ip=192.168.69.105 | op=SEND_HEARTBEAT {datanodeUUID=06d76673-acfc-4852-ba17-8edfd4d37f5d, command=[]} | ret=SUCCESS |  
2019-08-23 09:11:57,496 | INFO  | SCMAudit | user=jenkins1000 | ip=192.168.69.105 | op=SEND_HEARTBEAT {datanodeUUID=ce3b71d6-803c-4999-98a7-ed3c8197db33, command=[]} | ret=SUCCESS |  
2019-08-23 09:11:57,496 | INFO  | SCMAudit | user=jenkins1000 | ip=192.168.69.105 | op=SEND_HEARTBEAT {datanodeUUID=41b9b824-85d6-416a-bf4a-c5cccd6fce1e, command=[]} | ret=SUCCESS |  
2019-08-23 09:11:57,626 | INFO  | SCMAudit | user=jenkins1000 | ip=192.168.69.105 | op=SEND_HEARTBEAT {datanodeUUID=6db0b5b4-33e5-45b9-ab7c-8a068485ef09, command=[]} | ret=SUCCESS |  
2019-08-23 09:11:57,917 | INFO  | SCMAudit | user=jenkins1000 | ip=192.168.69.105 | op=SEND_HEARTBEAT {datanodeUUID=0a284024-13d6-46ed-b1db-6a3886ae2776, command=[]} | ret=SUCCESS |  
2019-08-23 09:11:58,024 | INFO  | SCMAudit | user=jenkins1000 | ip=192.168.69.105 | op=SEND_HEARTBEAT {datanodeUUID=e3f86e53-8f15-4a09-b253-90a30ace4ba2, command=[]} | ret=SUCCESS |  
2019-08-23 09:11:58,412 | INFO  | SCMAudit | user=jenkins1000 | ip=192.168.69.105 | op=SEND_HEARTBEAT {datanodeUUID=480da6fd-5cad-42f6-a3a8-03ebe6e9ed72, command=[]} | ret=SUCCESS |  
2019-08-23 09:11:58,481 | INFO  | SCMAudit | user=jenkins1000 | ip=192.168.69.105 | op=SEND_HEARTBEAT {datanodeUUID=06d76673-acfc-4852-ba17-8edfd4d37f5d, command=[]} | ret=SUCCESS |  
2019-08-23 09:11:58,507 | INFO  | SCMAudit | user=jenkins1000 | ip=192.168.69.105 | op=SEND_HEARTBEAT {datanodeUUID=41b9b824-85d6-416a-bf4a-c5cccd6fce1e, command=[]} | ret=SUCCESS |  
2019-08-23 09:11:58,507 | INFO  | SCMAudit | user=jenkins1000 | ip=192.168.69.105 | op=SEND_HEARTBEAT {datanodeUUID=ce3b71d6-803c-4999-98a7-ed3c8197db33, command=[]} | ret=SUCCESS |  
2019-08-23 09:11:58,625 | INFO  | SCMAudit | user=jenkins1000 | ip=192.168.69.105 | op=SEND_HEARTBEAT {datanodeUUID=6db0b5b4-33e5-45b9-ab7c-8a068485ef09, command=[]} | ret=SUCCESS |  
2019-08-23 09:11:58,917 | INFO  | SCMAudit | user=jenkins1000 | ip=192.168.69.105 | op=SEND_HEARTBEAT {datanodeUUID=0a284024-13d6-46ed-b1db-6a3886ae2776, command=[]} | ret=SUCCESS |  
2019-08-23 09:11:59,024 | INFO  | SCMAudit | user=jenkins1000 | ip=192.168.69.105 | op=SEND_HEARTBEAT {datanodeUUID=e3f86e53-8f15-4a09-b253-90a30ace4ba2, command=[]} | ret=SUCCESS |  
2019-08-23 09:11:59,413 | INFO  | SCMAudit | user=jenkins1000 | ip=192.168.69.105 | op=SEND_HEARTBEAT {datanodeUUID=480da6fd-5cad-42f6-a3a8-03ebe6e9ed72, command=[]} | ret=SUCCESS |  
2019-08-23 09:11:59,482 | INFO  | SCMAudit | user=jenkins1000 | ip=192.168.69.105 | op=SEND_HEARTBEAT {datanodeUUID=06d76673-acfc-4852-ba17-8edfd4d37f5d, command=[]} | ret=SUCCESS |  
2019-08-23 09:11:59,506 | INFO  | SCMAudit | user=jenkins1000 | ip=192.168.69.105 | op=SEND_HEARTBEAT {datanodeUUID=41b9b824-85d6-416a-bf4a-c5cccd6fce1e, command=[]} | ret=SUCCESS |  
2019-08-23 09:11:59,507 | INFO  | SCMAudit | user=jenkins1000 | ip=192.168.69.105 | op=SEND_HEARTBEAT {datanodeUUID=ce3b71d6-803c-4999-98a7-ed3c8197db33, command=[]} | ret=SUCCESS |  
2019-08-23 09:11:59,532 [grpc-default-executor-2] INFO  client.GrpcClientProtocolClient (GrpcClientProtocolClient.java:onNext(255)) - client-E82DA6E02431->ce3b71d6-803c-4999-98a7-ed3c8197db33: receive RaftClientReply:client-E82DA6E02431->ce3b71d6-803c-4999-98a7-ed3c8197db33@group-73033864ACD7, cid=45, FAILED org.apache.ratis.protocol.NotLeaderException: Server ce3b71d6-803c-4999-98a7-ed3c8197db33 is not the leader (06d76673-acfc-4852-ba17-8edfd4d37f5d:192.168.69.105:42001). Request must be sent to leader., logIndex=0, commits[ce3b71d6-803c-4999-98a7-ed3c8197db33:c8, 41b9b824-85d6-416a-bf4a-c5cccd6fce1e:c8, 06d76673-acfc-4852-ba17-8edfd4d37f5d:c8]
2019-08-23 09:11:59,626 | INFO  | SCMAudit | user=jenkins1000 | ip=192.168.69.105 | op=SEND_HEARTBEAT {datanodeUUID=6db0b5b4-33e5-45b9-ab7c-8a068485ef09, command=[]} | ret=SUCCESS |  
2019-08-23 09:11:59,917 | INFO  | SCMAudit | user=jenkins1000 | ip=192.168.69.105 | op=SEND_HEARTBEAT {datanodeUUID=0a284024-13d6-46ed-b1db-6a3886ae2776, command=[]} | ret=SUCCESS |  
2019-08-23 09:12:00,024 | INFO  | SCMAudit | user=jenkins1000 | ip=192.168.69.105 | op=SEND_HEARTBEAT {datanodeUUID=e3f86e53-8f15-4a09-b253-90a30ace4ba2, command=[]} | ret=SUCCESS |  
2019-08-23 09:12:00,413 | INFO  | SCMAudit | user=jenkins1000 | ip=192.168.69.105 | op=SEND_HEARTBEAT {datanodeUUID=480da6fd-5cad-42f6-a3a8-03ebe6e9ed72, command=[]} | ret=SUCCESS |  
2019-08-23 09:12:00,482 | INFO  | SCMAudit | user=jenkins1000 | ip=192.168.69.105 | op=SEND_HEARTBEAT {datanodeUUID=06d76673-acfc-4852-ba17-8edfd4d37f5d, command=[]} | ret=SUCCESS |  
2019-08-23 09:12:00,506 | INFO  | SCMAudit | user=jenkins1000 | ip=192.168.69.105 | op=SEND_HEARTBEAT {datanodeUUID=41b9b824-85d6-416a-bf4a-c5cccd6fce1e, command=[]} | ret=SUCCESS |  
2019-08-23 09:12:00,506 | INFO  | SCMAudit | user=jenkins1000 | ip=192.168.69.105 | op=SEND_HEARTBEAT {datanodeUUID=ce3b71d6-803c-4999-98a7-ed3c8197db33, command=[]} | ret=SUCCESS |  
2019-08-23 09:12:00,626 | INFO  | SCMAudit | user=jenkins1000 | ip=192.168.69.105 | op=SEND_HEARTBEAT {datanodeUUID=6db0b5b4-33e5-45b9-ab7c-8a068485ef09, command=[]} | ret=SUCCESS |  
2019-08-23 09:12:00,916 | INFO  | SCMAudit | user=jenkins1000 | ip=192.168.69.105 | op=SEND_HEARTBEAT {datanodeUUID=0a284024-13d6-46ed-b1db-6a3886ae2776, command=[]} | ret=SUCCESS |  
2019-08-23 09:12:01,024 | INFO  | SCMAudit | user=jenkins1000 | ip=192.168.69.105 | op=SEND_HEARTBEAT {datanodeUUID=e3f86e53-8f15-4a09-b253-90a30ace4ba2, command=[]} | ret=SUCCESS |  
2019-08-23 09:12:01,413 | INFO  | SCMAudit | user=jenkins1000 | ip=192.168.69.105 | op=SEND_HEARTBEAT {datanodeUUID=480da6fd-5cad-42f6-a3a8-03ebe6e9ed72, command=[]} | ret=SUCCESS |  
2019-08-23 09:12:01,482 | INFO  | SCMAudit | user=jenkins1000 | ip=192.168.69.105 | op=SEND_HEARTBEAT {datanodeUUID=06d76673-acfc-4852-ba17-8edfd4d37f5d, command=[]} | ret=SUCCESS |  
2019-08-23 09:12:01,507 | INFO  | SCMAudit | user=jenkins1000 | ip=192.168.69.105 | op=SEND_HEARTBEAT {datanodeUUID=41b9b824-85d6-416a-bf4a-c5cccd6fce1e, command=[]} | ret=SUCCESS |  
2019-08-23 09:12:01,507 | INFO  | SCMAudit | user=jenkins1000 | ip=192.168.69.105 | op=SEND_HEARTBEAT {datanodeUUID=ce3b71d6-803c-4999-98a7-ed3c8197db33, command=[]} | ret=SUCCESS |  
2019-08-23 09:12:01,627 | INFO  | SCMAudit | user=jenkins1000 | ip=192.168.69.105 | op=SEND_HEARTBEAT {datanodeUUID=6db0b5b4-33e5-45b9-ab7c-8a068485ef09, command=[]} | ret=SUCCESS |  
2019-08-23 09:12:01,917 | INFO  | SCMAudit | user=jenkins1000 | ip=192.168.69.105 | op=SEND_HEARTBEAT {datanodeUUID=0a284024-13d6-46ed-b1db-6a3886ae2776, command=[]} | ret=SUCCESS |  
2019-08-23 09:12:02,023 | INFO  | SCMAudit | user=jenkins1000 | ip=192.168.69.105 | op=SEND_HEARTBEAT {datanodeUUID=e3f86e53-8f15-4a09-b253-90a30ace4ba2, command=[]} | ret=SUCCESS |  
2019-08-23 09:12:02,413 | INFO  | SCMAudit | user=jenkins1000 | ip=192.168.69.105 | op=SEND_HEARTBEAT {datanodeUUID=480da6fd-5cad-42f6-a3a8-03ebe6e9ed72, command=[]} | ret=SUCCESS |  
2019-08-23 09:12:02,482 | INFO  | SCMAudit | user=jenkins1000 | ip=192.168.69.105 | op=SEND_HEARTBEAT {datanodeUUID=06d76673-acfc-4852-ba17-8edfd4d37f5d, command=[]} | ret=SUCCESS |  
2019-08-23 09:12:02,507 | INFO  | SCMAudit | user=jenkins1000 | ip=192.168.69.105 | op=SEND_HEARTBEAT {datanodeUUID=41b9b824-85d6-416a-bf4a-c5cccd6fce1e, command=[]} | ret=SUCCESS |  
2019-08-23 09:12:02,507 | INFO  | SCMAudit | user=jenkins1000 | ip=192.168.69.105 | op=SEND_HEARTBEAT {datanodeUUID=ce3b71d6-803c-4999-98a7-ed3c8197db33, command=[]} | ret=SUCCESS |  
2019-08-23 09:12:02,627 | INFO  | SCMAudit | user=jenkins1000 | ip=192.168.69.105 | op=SEND_HEARTBEAT {datanodeUUID=6db0b5b4-33e5-45b9-ab7c-8a068485ef09, command=[]} | ret=SUCCESS |  
2019-08-23 09:12:02,917 | INFO  | SCMAudit | user=jenkins1000 | ip=192.168.69.105 | op=SEND_HEARTBEAT {datanodeUUID=0a284024-13d6-46ed-b1db-6a3886ae2776, command=[]} | ret=SUCCESS |  
2019-08-23 09:12:03,023 | INFO  | SCMAudit | user=jenkins1000 | ip=192.168.69.105 | op=SEND_HEARTBEAT {datanodeUUID=e3f86e53-8f15-4a09-b253-90a30ace4ba2, command=[]} | ret=SUCCESS |  
2019-08-23 09:12:03,414 | INFO  | SCMAudit | user=jenkins1000 | ip=192.168.69.105 | op=SEND_HEARTBEAT {datanodeUUID=480da6fd-5cad-42f6-a3a8-03ebe6e9ed72, command=[]} | ret=SUCCESS |  
2019-08-23 09:12:03,482 | INFO  | SCMAudit | user=jenkins1000 | ip=192.168.69.105 | op=SEND_HEARTBEAT {datanodeUUID=06d76673-acfc-4852-ba17-8edfd4d37f5d, command=[]} | ret=SUCCESS |  
2019-08-23 09:12:03,506 | INFO  | SCMAudit | user=jenkins1000 | ip=192.168.69.105 | op=SEND_HEARTBEAT {datanodeUUID=ce3b71d6-803c-4999-98a7-ed3c8197db33, command=[]} | ret=SUCCESS |  
2019-08-23 09:12:03,507 | INFO  | SCMAudit | user=jenkins1000 | ip=192.168.69.105 | op=SEND_HEARTBEAT {datanodeUUID=41b9b824-85d6-416a-bf4a-c5cccd6fce1e, command=[]} | ret=SUCCESS |  
2019-08-23 09:12:03,626 | INFO  | SCMAudit | user=jenkins1000 | ip=192.168.69.105 | op=SEND_HEARTBEAT {datanodeUUID=6db0b5b4-33e5-45b9-ab7c-8a068485ef09, command=[]} | ret=SUCCESS |  
2019-08-23 09:12:03,917 | INFO  | SCMAudit | user=jenkins1000 | ip=192.168.69.105 | op=SEND_HEARTBEAT {datanodeUUID=0a284024-13d6-46ed-b1db-6a3886ae2776, command=[]} | ret=SUCCESS |  
2019-08-23 09:12:04,023 | INFO  | SCMAudit | user=jenkins1000 | ip=192.168.69.105 | op=SEND_HEARTBEAT {datanodeUUID=e3f86e53-8f15-4a09-b253-90a30ace4ba2, command=[]} | ret=SUCCESS |  
2019-08-23 09:12:04,414 | INFO  | SCMAudit | user=jenkins1000 | ip=192.168.69.105 | op=SEND_HEARTBEAT {datanodeUUID=480da6fd-5cad-42f6-a3a8-03ebe6e9ed72, command=[]} | ret=SUCCESS |  
2019-08-23 09:12:04,482 | INFO  | SCMAudit | user=jenkins1000 | ip=192.168.69.105 | op=SEND_HEARTBEAT {datanodeUUID=06d76673-acfc-4852-ba17-8edfd4d37f5d, command=[]} | ret=SUCCESS |  
2019-08-23 09:12:04,506 | INFO  | SCMAudit | user=jenkins1000 | ip=192.168.69.105 | op=SEND_HEARTBEAT {datanodeUUID=ce3b71d6-803c-4999-98a7-ed3c8197db33, command=[]} | ret=SUCCESS |  
2019-08-23 09:12:04,506 | INFO  | SCMAudit | user=jenkins1000 | ip=192.168.69.105 | op=SEND_HEARTBEAT {datanodeUUID=41b9b824-85d6-416a-bf4a-c5cccd6fce1e, command=[]} | ret=SUCCESS |  
2019-08-23 09:12:04,580 [grpc-default-executor-1] INFO  client.GrpcClientProtocolClient (GrpcClientProtocolClient.java:onNext(255)) - client-E82DA6E02431->ce3b71d6-803c-4999-98a7-ed3c8197db33: receive RaftClientReply:client-E82DA6E02431->ce3b71d6-803c-4999-98a7-ed3c8197db33@group-73033864ACD7, cid=45, FAILED org.apache.ratis.protocol.NotLeaderException: Server ce3b71d6-803c-4999-98a7-ed3c8197db33 is not the leader (06d76673-acfc-4852-ba17-8edfd4d37f5d:192.168.69.105:42001). Request must be sent to leader., logIndex=0, commits[ce3b71d6-803c-4999-98a7-ed3c8197db33:c8, 41b9b824-85d6-416a-bf4a-c5cccd6fce1e:c8, 06d76673-acfc-4852-ba17-8edfd4d37f5d:c8]
2019-08-23 09:12:04,626 | INFO  | SCMAudit | user=jenkins1000 | ip=192.168.69.105 | op=SEND_HEARTBEAT {datanodeUUID=6db0b5b4-33e5-45b9-ab7c-8a068485ef09, command=[]} | ret=SUCCESS |  
2019-08-23 09:12:04,917 | INFO  | SCMAudit | user=jenkins1000 | ip=192.168.69.105 | op=SEND_HEARTBEAT {datanodeUUID=0a284024-13d6-46ed-b1db-6a3886ae2776, command=[]} | ret=SUCCESS |  
2019-08-23 09:12:05,025 | INFO  | SCMAudit | user=jenkins1000 | ip=192.168.69.105 | op=SEND_HEARTBEAT {datanodeUUID=e3f86e53-8f15-4a09-b253-90a30ace4ba2, command=[]} | ret=SUCCESS |  
2019-08-23 09:12:05,414 | INFO  | SCMAudit | user=jenkins1000 | ip=192.168.69.105 | op=SEND_HEARTBEAT {datanodeUUID=480da6fd-5cad-42f6-a3a8-03ebe6e9ed72, command=[]} | ret=SUCCESS |  
2019-08-23 09:12:05,483 | INFO  | SCMAudit | user=jenkins1000 | ip=192.168.69.105 | op=SEND_HEARTBEAT {datanodeUUID=06d76673-acfc-4852-ba17-8edfd4d37f5d, command=[]} | ret=SUCCESS |  
2019-08-23 09:12:05,506 | INFO  | SCMAudit | user=jenkins1000 | ip=192.168.69.105 | op=SEND_HEARTBEAT {datanodeUUID=ce3b71d6-803c-4999-98a7-ed3c8197db33, command=[]} | ret=SUCCESS |  
2019-08-23 09:12:05,507 | INFO  | SCMAudit | user=jenkins1000 | ip=192.168.69.105 | op=SEND_HEARTBEAT {datanodeUUID=41b9b824-85d6-416a-bf4a-c5cccd6fce1e, command=[]} | ret=SUCCESS |  
2019-08-23 09:12:05,626 | INFO  | SCMAudit | user=jenkins1000 | ip=192.168.69.105 | op=SEND_HEARTBEAT {datanodeUUID=6db0b5b4-33e5-45b9-ab7c-8a068485ef09, command=[]} | ret=SUCCESS |  
2019-08-23 09:12:05,917 | INFO  | SCMAudit | user=jenkins1000 | ip=192.168.69.105 | op=SEND_HEARTBEAT {datanodeUUID=0a284024-13d6-46ed-b1db-6a3886ae2776, command=[]} | ret=SUCCESS |  
2019-08-23 09:12:06,024 | INFO  | SCMAudit | user=jenkins1000 | ip=192.168.69.105 | op=SEND_HEARTBEAT {datanodeUUID=e3f86e53-8f15-4a09-b253-90a30ace4ba2, command=[]} | ret=SUCCESS |  
2019-08-23 09:12:06,414 | INFO  | SCMAudit | user=jenkins1000 | ip=192.168.69.105 | op=SEND_HEARTBEAT {datanodeUUID=480da6fd-5cad-42f6-a3a8-03ebe6e9ed72, command=[]} | ret=SUCCESS |  
2019-08-23 09:12:06,483 | INFO  | SCMAudit | user=jenkins1000 | ip=192.168.69.105 | op=SEND_HEARTBEAT {datanodeUUID=06d76673-acfc-4852-ba17-8edfd4d37f5d, command=[]} | ret=SUCCESS |  
2019-08-23 09:12:06,506 | INFO  | SCMAudit | user=jenkins1000 | ip=192.168.69.105 | op=SEND_HEARTBEAT {datanodeUUID=ce3b71d6-803c-4999-98a7-ed3c8197db33, command=[]} | ret=SUCCESS |  
2019-08-23 09:12:06,507 | INFO  | SCMAudit | user=jenkins1000 | ip=192.168.69.105 | op=SEND_HEARTBEAT {datanodeUUID=41b9b824-85d6-416a-bf4a-c5cccd6fce1e, command=[]} | ret=SUCCESS |  
2019-08-23 09:12:06,626 | INFO  | SCMAudit | user=jenkins1000 | ip=192.168.69.105 | op=SEND_HEARTBEAT {datanodeUUID=6db0b5b4-33e5-45b9-ab7c-8a068485ef09, command=[]} | ret=SUCCESS |  
2019-08-23 09:12:06,918 | INFO  | SCMAudit | user=jenkins1000 | ip=192.168.69.105 | op=SEND_HEARTBEAT {datanodeUUID=0a284024-13d6-46ed-b1db-6a3886ae2776, command=[]} | ret=SUCCESS |  
2019-08-23 09:12:07,024 | INFO  | SCMAudit | user=jenkins1000 | ip=192.168.69.105 | op=SEND_HEARTBEAT {datanodeUUID=e3f86e53-8f15-4a09-b253-90a30ace4ba2, command=[]} | ret=SUCCESS |  
2019-08-23 09:12:07,414 | INFO  | SCMAudit | user=jenkins1000 | ip=192.168.69.105 | op=SEND_HEARTBEAT {datanodeUUID=480da6fd-5cad-42f6-a3a8-03ebe6e9ed72, command=[]} | ret=SUCCESS |  
2019-08-23 09:12:07,483 | INFO  | SCMAudit | user=jenkins1000 | ip=192.168.69.105 | op=SEND_HEARTBEAT {datanodeUUID=06d76673-acfc-4852-ba17-8edfd4d37f5d, command=[]} | ret=SUCCESS |  
2019-08-23 09:12:07,507 | INFO  | SCMAudit | user=jenkins1000 | ip=192.168.69.105 | op=SEND_HEARTBEAT {datanodeUUID=ce3b71d6-803c-4999-98a7-ed3c8197db33, command=[]} | ret=SUCCESS |  
2019-08-23 09:12:07,508 | INFO  | SCMAudit | user=jenkins1000 | ip=192.168.69.105 | op=SEND_HEARTBEAT {datanodeUUID=41b9b824-85d6-416a-bf4a-c5cccd6fce1e, command=[]} | ret=SUCCESS |  
2019-08-23 09:12:07,627 | INFO  | SCMAudit | user=jenkins1000 | ip=192.168.69.105 | op=SEND_HEARTBEAT {datanodeUUID=6db0b5b4-33e5-45b9-ab7c-8a068485ef09, command=[]} | ret=SUCCESS |  
2019-08-23 09:12:07,917 | INFO  | SCMAudit | user=jenkins1000 | ip=192.168.69.105 | op=SEND_HEARTBEAT {datanodeUUID=0a284024-13d6-46ed-b1db-6a3886ae2776, command=[]} | ret=SUCCESS |  
2019-08-23 09:12:08,024 | INFO  | SCMAudit | user=jenkins1000 | ip=192.168.69.105 | op=SEND_HEARTBEAT {datanodeUUID=e3f86e53-8f15-4a09-b253-90a30ace4ba2, command=[]} | ret=SUCCESS |  
2019-08-23 09:12:08,413 | INFO  | SCMAudit | user=jenkins1000 | ip=192.168.69.105 | op=SEND_HEARTBEAT {datanodeUUID=480da6fd-5cad-42f6-a3a8-03ebe6e9ed72, command=[]} | ret=SUCCESS |  
2019-08-23 09:12:08,483 | INFO  | SCMAudit | user=jenkins1000 | ip=192.168.69.105 | op=SEND_HEARTBEAT {datanodeUUID=06d76673-acfc-4852-ba17-8edfd4d37f5d, command=[]} | ret=SUCCESS |  
2019-08-23 09:12:08,506 | INFO  | SCMAudit | user=jenkins1000 | ip=192.168.69.105 | op=SEND_HEARTBEAT {datanodeUUID=ce3b71d6-803c-4999-98a7-ed3c8197db33, command=[]} | ret=SUCCESS |  
2019-08-23 09:12:08,508 | INFO  | SCMAudit | user=jenkins1000 | ip=192.168.69.105 | op=SEND_HEARTBEAT {datanodeUUID=41b9b824-85d6-416a-bf4a-c5cccd6fce1e, command=[]} | ret=SUCCESS |  
2019-08-23 09:12:08,626 | INFO  | SCMAudit | user=jenkins1000 | ip=192.168.69.105 | op=SEND_HEARTBEAT {datanodeUUID=6db0b5b4-33e5-45b9-ab7c-8a068485ef09, command=[]} | ret=SUCCESS |  
2019-08-23 09:12:08,917 | INFO  | SCMAudit | user=jenkins1000 | ip=192.168.69.105 | op=SEND_HEARTBEAT {datanodeUUID=0a284024-13d6-46ed-b1db-6a3886ae2776, command=[]} | ret=SUCCESS |  
2019-08-23 09:12:09,025 | INFO  | SCMAudit | user=jenkins1000 | ip=192.168.69.105 | op=SEND_HEARTBEAT {datanodeUUID=e3f86e53-8f15-4a09-b253-90a30ace4ba2, command=[]} | ret=SUCCESS |  
2019-08-23 09:12:09,414 | INFO  | SCMAudit | user=jenkins1000 | ip=192.168.69.105 | op=SEND_HEARTBEAT {datanodeUUID=480da6fd-5cad-42f6-a3a8-03ebe6e9ed72, command=[]} | ret=SUCCESS |  
2019-08-23 09:12:09,484 | INFO  | SCMAudit | user=jenkins1000 | ip=192.168.69.105 | op=SEND_HEARTBEAT {datanodeUUID=06d76673-acfc-4852-ba17-8edfd4d37f5d, command=[]} | ret=SUCCESS |  
2019-08-23 09:12:09,507 | INFO  | SCMAudit | user=jenkins1000 | ip=192.168.69.105 | op=SEND_HEARTBEAT {datanodeUUID=ce3b71d6-803c-4999-98a7-ed3c8197db33, command=[]} | ret=SUCCESS |  
2019-08-23 09:12:09,508 | INFO  | SCMAudit | user=jenkins1000 | ip=192.168.69.105 | op=SEND_HEARTBEAT {datanodeUUID=41b9b824-85d6-416a-bf4a-c5cccd6fce1e, command=[]} | ret=SUCCESS |  
2019-08-23 09:12:09,624 [grpc-default-executor-1] INFO  client.GrpcClientProtocolClient (GrpcClientProtocolClient.java:onNext(255)) - client-E82DA6E02431->41b9b824-85d6-416a-bf4a-c5cccd6fce1e: receive RaftClientReply:client-E82DA6E02431->41b9b824-85d6-416a-bf4a-c5cccd6fce1e@group-73033864ACD7, cid=45, FAILED org.apache.ratis.protocol.NotLeaderException: Server 41b9b824-85d6-416a-bf4a-c5cccd6fce1e is not the leader (06d76673-acfc-4852-ba17-8edfd4d37f5d:192.168.69.105:42001). Request must be sent to leader., logIndex=0, commits[41b9b824-85d6-416a-bf4a-c5cccd6fce1e:c8, ce3b71d6-803c-4999-98a7-ed3c8197db33:c8, 06d76673-acfc-4852-ba17-8edfd4d37f5d:c8]
2019-08-23 09:12:09,636 | INFO  | SCMAudit | user=jenkins1000 | ip=192.168.69.105 | op=SEND_HEARTBEAT {datanodeUUID=6db0b5b4-33e5-45b9-ab7c-8a068485ef09, command=[]} | ret=SUCCESS |  
2019-08-23 09:12:09,918 | INFO  | SCMAudit | user=jenkins1000 | ip=192.168.69.105 | op=SEND_HEARTBEAT {datanodeUUID=0a284024-13d6-46ed-b1db-6a3886ae2776, command=[]} | ret=SUCCESS |  
2019-08-23 09:12:10,026 | INFO  | SCMAudit | user=jenkins1000 | ip=192.168.69.105 | op=SEND_HEARTBEAT {datanodeUUID=e3f86e53-8f15-4a09-b253-90a30ace4ba2, command=[]} | ret=SUCCESS |  
2019-08-23 09:12:10,414 | INFO  | SCMAudit | user=jenkins1000 | ip=192.168.69.105 | op=SEND_HEARTBEAT {datanodeUUID=480da6fd-5cad-42f6-a3a8-03ebe6e9ed72, command=[]} | ret=SUCCESS |  
2019-08-23 09:12:10,484 | INFO  | SCMAudit | user=jenkins1000 | ip=192.168.69.105 | op=SEND_HEARTBEAT {datanodeUUID=06d76673-acfc-4852-ba17-8edfd4d37f5d, command=[]} | ret=SUCCESS |  
2019-08-23 09:12:10,506 | INFO  | SCMAudit | user=jenkins1000 | ip=192.168.69.105 | op=SEND_HEARTBEAT {datanodeUUID=ce3b71d6-803c-4999-98a7-ed3c8197db33, command=[]} | ret=SUCCESS |  
2019-08-23 09:12:10,509 | INFO  | SCMAudit | user=jenkins1000 | ip=192.168.69.105 | op=SEND_HEARTBEAT {datanodeUUID=41b9b824-85d6-416a-bf4a-c5cccd6fce1e, command=[]} | ret=SUCCESS |  
2019-08-23 09:12:10,629 | INFO  | SCMAudit | user=jenkins1000 | ip=192.168.69.105 | op=SEND_HEARTBEAT {datanodeUUID=6db0b5b4-33e5-45b9-ab7c-8a068485ef09, command=[]} | ret=SUCCESS |  
2019-08-23 09:12:10,918 | INFO  | SCMAudit | user=jenkins1000 | ip=192.168.69.105 | op=SEND_HEARTBEAT {datanodeUUID=0a284024-13d6-46ed-b1db-6a3886ae2776, command=[]} | ret=SUCCESS |  
2019-08-23 09:12:11,027 | INFO  | SCMAudit | user=jenkins1000 | ip=192.168.69.105 | op=SEND_HEARTBEAT {datanodeUUID=e3f86e53-8f15-4a09-b253-90a30ace4ba2, command=[]} | ret=SUCCESS |  
2019-08-23 09:12:11,414 | INFO  | SCMAudit | user=jenkins1000 | ip=192.168.69.105 | op=SEND_HEARTBEAT {datanodeUUID=480da6fd-5cad-42f6-a3a8-03ebe6e9ed72, command=[]} | ret=SUCCESS |  
2019-08-23 09:12:11,485 | INFO  | SCMAudit | user=jenkins1000 | ip=192.168.69.105 | op=SEND_HEARTBEAT {datanodeUUID=06d76673-acfc-4852-ba17-8edfd4d37f5d, command=[]} | ret=SUCCESS |  
2019-08-23 09:12:11,507 | INFO  | SCMAudit | user=jenkins1000 | ip=192.168.69.105 | op=SEND_HEARTBEAT {datanodeUUID=ce3b71d6-803c-4999-98a7-ed3c8197db33, command=[]} | ret=SUCCESS |  
2019-08-23 09:12:11,508 | INFO  | SCMAudit | user=jenkins1000 | ip=192.168.69.105 | op=SEND_HEARTBEAT {datanodeUUID=41b9b824-85d6-416a-bf4a-c5cccd6fce1e, command=[]} | ret=SUCCESS |  
2019-08-23 09:12:11,628 | INFO  | SCMAudit | user=jenkins1000 | ip=192.168.69.105 | op=SEND_HEARTBEAT {datanodeUUID=6db0b5b4-33e5-45b9-ab7c-8a068485ef09, command=[]} | ret=SUCCESS |  
2019-08-23 09:12:11,918 | INFO  | SCMAudit | user=jenkins1000 | ip=192.168.69.105 | op=SEND_HEARTBEAT {datanodeUUID=0a284024-13d6-46ed-b1db-6a3886ae2776, command=[]} | ret=SUCCESS |  
2019-08-23 09:12:12,027 | INFO  | SCMAudit | user=jenkins1000 | ip=192.168.69.105 | op=SEND_HEARTBEAT {datanodeUUID=e3f86e53-8f15-4a09-b253-90a30ace4ba2, command=[]} | ret=SUCCESS |  
2019-08-23 09:12:12,415 | INFO  | SCMAudit | user=jenkins1000 | ip=192.168.69.105 | op=SEND_HEARTBEAT {datanodeUUID=480da6fd-5cad-42f6-a3a8-03ebe6e9ed72, command=[]} | ret=SUCCESS |  
2019-08-23 09:12:12,484 | INFO  | SCMAudit | user=jenkins1000 | ip=192.168.69.105 | op=SEND_HEARTBEAT {datanodeUUID=06d76673-acfc-4852-ba17-8edfd4d37f5d, command=[]} | ret=SUCCESS |  
2019-08-23 09:12:12,506 | INFO  | SCMAudit | user=jenkins1000 | ip=192.168.69.105 | op=SEND_HEARTBEAT {datanodeUUID=ce3b71d6-803c-4999-98a7-ed3c8197db33, command=[]} | ret=SUCCESS |  
2019-08-23 09:12:12,509 | INFO  | SCMAudit | user=jenkins1000 | ip=192.168.69.105 | op=SEND_HEARTBEAT {datanodeUUID=41b9b824-85d6-416a-bf4a-c5cccd6fce1e, command=[]} | ret=SUCCESS |  
2019-08-23 09:12:12,629 | INFO  | SCMAudit | user=jenkins1000 | ip=192.168.69.105 | op=SEND_HEARTBEAT {datanodeUUID=6db0b5b4-33e5-45b9-ab7c-8a068485ef09, command=[]} | ret=SUCCESS |  
2019-08-23 09:12:12,918 | INFO  | SCMAudit | user=jenkins1000 | ip=192.168.69.105 | op=SEND_HEARTBEAT {datanodeUUID=0a284024-13d6-46ed-b1db-6a3886ae2776, command=[]} | ret=SUCCESS |  
2019-08-23 09:12:13,027 | INFO  | SCMAudit | user=jenkins1000 | ip=192.168.69.105 | op=SEND_HEARTBEAT {datanodeUUID=e3f86e53-8f15-4a09-b253-90a30ace4ba2, command=[]} | ret=SUCCESS |  
2019-08-23 09:12:13,416 | INFO  | SCMAudit | user=jenkins1000 | ip=192.168.69.105 | op=SEND_HEARTBEAT {datanodeUUID=480da6fd-5cad-42f6-a3a8-03ebe6e9ed72, command=[]} | ret=SUCCESS |  
2019-08-23 09:12:13,484 | INFO  | SCMAudit | user=jenkins1000 | ip=192.168.69.105 | op=SEND_HEARTBEAT {datanodeUUID=06d76673-acfc-4852-ba17-8edfd4d37f5d, command=[]} | ret=SUCCESS |  
2019-08-23 09:12:13,506 | INFO  | SCMAudit | user=jenkins1000 | ip=192.168.69.105 | op=SEND_HEARTBEAT {datanodeUUID=ce3b71d6-803c-4999-98a7-ed3c8197db33, command=[]} | ret=SUCCESS |  
2019-08-23 09:12:13,509 | INFO  | SCMAudit | user=jenkins1000 | ip=192.168.69.105 | op=SEND_HEARTBEAT {datanodeUUID=41b9b824-85d6-416a-bf4a-c5cccd6fce1e, command=[]} | ret=SUCCESS |  
2019-08-23 09:12:13,631 | INFO  | SCMAudit | user=jenkins1000 | ip=192.168.69.105 | op=SEND_HEARTBEAT {datanodeUUID=6db0b5b4-33e5-45b9-ab7c-8a068485ef09, command=[]} | ret=SUCCESS |  
2019-08-23 09:12:13,919 | INFO  | SCMAudit | user=jenkins1000 | ip=192.168.69.105 | op=SEND_HEARTBEAT {datanodeUUID=0a284024-13d6-46ed-b1db-6a3886ae2776, command=[]} | ret=SUCCESS |  
2019-08-23 09:12:14,028 | INFO  | SCMAudit | user=jenkins1000 | ip=192.168.69.105 | op=SEND_HEARTBEAT {datanodeUUID=e3f86e53-8f15-4a09-b253-90a30ace4ba2, command=[]} | ret=SUCCESS |  
2019-08-23 09:12:14,417 | INFO  | SCMAudit | user=jenkins1000 | ip=192.168.69.105 | op=SEND_HEARTBEAT {datanodeUUID=480da6fd-5cad-42f6-a3a8-03ebe6e9ed72, command=[]} | ret=SUCCESS |  
2019-08-23 09:12:14,484 | INFO  | SCMAudit | user=jenkins1000 | ip=192.168.69.105 | op=SEND_HEARTBEAT {datanodeUUID=06d76673-acfc-4852-ba17-8edfd4d37f5d, command=[]} | ret=SUCCESS |  
2019-08-23 09:12:14,506 | INFO  | SCMAudit | user=jenkins1000 | ip=192.168.69.105 | op=SEND_HEARTBEAT {datanodeUUID=ce3b71d6-803c-4999-98a7-ed3c8197db33, command=[]} | ret=SUCCESS |  
2019-08-23 09:12:14,508 | INFO  | SCMAudit | user=jenkins1000 | ip=192.168.69.105 | op=SEND_HEARTBEAT {datanodeUUID=41b9b824-85d6-416a-bf4a-c5cccd6fce1e, command=[]} | ret=SUCCESS |  
2019-08-23 09:12:14,630 | INFO  | SCMAudit | user=jenkins1000 | ip=192.168.69.105 | op=SEND_HEARTBEAT {datanodeUUID=6db0b5b4-33e5-45b9-ab7c-8a068485ef09, command=[]} | ret=SUCCESS |  
2019-08-23 09:12:14,670 [grpc-default-executor-2] INFO  client.GrpcClientProtocolClient (GrpcClientProtocolClient.java:onNext(255)) - client-E82DA6E02431->41b9b824-85d6-416a-bf4a-c5cccd6fce1e: receive RaftClientReply:client-E82DA6E02431->41b9b824-85d6-416a-bf4a-c5cccd6fce1e@group-73033864ACD7, cid=45, FAILED org.apache.ratis.protocol.NotLeaderException: Server 41b9b824-85d6-416a-bf4a-c5cccd6fce1e is not the leader (06d76673-acfc-4852-ba17-8edfd4d37f5d:192.168.69.105:42001). Request must be sent to leader., logIndex=0, commits[41b9b824-85d6-416a-bf4a-c5cccd6fce1e:c8, ce3b71d6-803c-4999-98a7-ed3c8197db33:c8, 06d76673-acfc-4852-ba17-8edfd4d37f5d:c8]
2019-08-23 09:12:14,919 | INFO  | SCMAudit | user=jenkins1000 | ip=192.168.69.105 | op=SEND_HEARTBEAT {datanodeUUID=0a284024-13d6-46ed-b1db-6a3886ae2776, command=[]} | ret=SUCCESS |  
2019-08-23 09:12:15,029 | INFO  | SCMAudit | user=jenkins1000 | ip=192.168.69.105 | op=SEND_HEARTBEAT {datanodeUUID=e3f86e53-8f15-4a09-b253-90a30ace4ba2, command=[]} | ret=SUCCESS |  
2019-08-23 09:12:15,417 | INFO  | SCMAudit | user=jenkins1000 | ip=192.168.69.105 | op=SEND_HEARTBEAT {datanodeUUID=480da6fd-5cad-42f6-a3a8-03ebe6e9ed72, command=[]} | ret=SUCCESS |  
2019-08-23 09:12:15,485 | INFO  | SCMAudit | user=jenkins1000 | ip=192.168.69.105 | op=SEND_HEARTBEAT {datanodeUUID=06d76673-acfc-4852-ba17-8edfd4d37f5d, command=[]} | ret=SUCCESS |  
2019-08-23 09:12:15,507 | INFO  | SCMAudit | user=jenkins1000 | ip=192.168.69.105 | op=SEND_HEARTBEAT {datanodeUUID=ce3b71d6-803c-4999-98a7-ed3c8197db33, command=[]} | ret=SUCCESS |  
2019-08-23 09:12:15,509 | INFO  | SCMAudit | user=jenkins1000 | ip=192.168.69.105 | op=SEND_HEARTBEAT {datanodeUUID=41b9b824-85d6-416a-bf4a-c5cccd6fce1e, command=[]} | ret=SUCCESS |  
2019-08-23 09:12:15,630 | INFO  | SCMAudit | user=jenkins1000 | ip=192.168.69.105 | op=SEND_HEARTBEAT {datanodeUUID=6db0b5b4-33e5-45b9-ab7c-8a068485ef09, command=[]} | ret=SUCCESS |  
2019-08-23 09:12:15,919 | INFO  | SCMAudit | user=jenkins1000 | ip=192.168.69.105 | op=SEND_HEARTBEAT {datanodeUUID=0a284024-13d6-46ed-b1db-6a3886ae2776, command=[]} | ret=SUCCESS |  
2019-08-23 09:12:16,030 | INFO  | SCMAudit | user=jenkins1000 | ip=192.168.69.105 | op=SEND_HEARTBEAT {datanodeUUID=e3f86e53-8f15-4a09-b253-90a30ace4ba2, command=[]} | ret=SUCCESS |  
2019-08-23 09:12:16,417 | INFO  | SCMAudit | user=jenkins1000 | ip=192.168.69.105 | op=SEND_HEARTBEAT {datanodeUUID=480da6fd-5cad-42f6-a3a8-03ebe6e9ed72, command=[]} | ret=SUCCESS |  
2019-08-23 09:12:16,485 | INFO  | SCMAudit | user=jenkins1000 | ip=192.168.69.105 | op=SEND_HEARTBEAT {datanodeUUID=06d76673-acfc-4852-ba17-8edfd4d37f5d, command=[]} | ret=SUCCESS |  
2019-08-23 09:12:16,507 | INFO  | SCMAudit | user=jenkins1000 | ip=192.168.69.105 | op=SEND_HEARTBEAT {datanodeUUID=ce3b71d6-803c-4999-98a7-ed3c8197db33, command=[]} | ret=SUCCESS |  
2019-08-23 09:12:16,509 | INFO  | SCMAudit | user=jenkins1000 | ip=192.168.69.105 | op=SEND_HEARTBEAT {datanodeUUID=41b9b824-85d6-416a-bf4a-c5cccd6fce1e, command=[]} | ret=SUCCESS |  
2019-08-23 09:12:16,629 | INFO  | SCMAudit | user=jenkins1000 | ip=192.168.69.105 | op=SEND_HEARTBEAT {datanodeUUID=6db0b5b4-33e5-45b9-ab7c-8a068485ef09, command=[]} | ret=SUCCESS |  
2019-08-23 09:12:16,919 | INFO  | SCMAudit | user=jenkins1000 | ip=192.168.69.105 | op=SEND_HEARTBEAT {datanodeUUID=0a284024-13d6-46ed-b1db-6a3886ae2776, command=[]} | ret=SUCCESS |  
2019-08-23 09:12:17,030 | INFO  | SCMAudit | user=jenkins1000 | ip=192.168.69.105 | op=SEND_HEARTBEAT {datanodeUUID=e3f86e53-8f15-4a09-b253-90a30ace4ba2, command=[]} | ret=SUCCESS |  
2019-08-23 09:12:17,417 | INFO  | SCMAudit | user=jenkins1000 | ip=192.168.69.105 | op=SEND_HEARTBEAT {datanodeUUID=480da6fd-5cad-42f6-a3a8-03ebe6e9ed72, command=[]} | ret=SUCCESS |  
2019-08-23 09:12:17,486 | INFO  | SCMAudit | user=jenkins1000 | ip=192.168.69.105 | op=SEND_HEARTBEAT {datanodeUUID=06d76673-acfc-4852-ba17-8edfd4d37f5d, command=[]} | ret=SUCCESS |  
2019-08-23 09:12:17,507 | INFO  | SCMAudit | user=jenkins1000 | ip=192.168.69.105 | op=SEND_HEARTBEAT {datanodeUUID=ce3b71d6-803c-4999-98a7-ed3c8197db33, command=[]} | ret=SUCCESS |  
2019-08-23 09:12:17,509 | INFO  | SCMAudit | user=jenkins1000 | ip=192.168.69.105 | op=SEND_HEARTBEAT {datanodeUUID=41b9b824-85d6-416a-bf4a-c5cccd6fce1e, command=[]} | ret=SUCCESS |  
2019-08-23 09:12:17,630 | INFO  | SCMAudit | user=jenkins1000 | ip=192.168.69.105 | op=SEND_HEARTBEAT {datanodeUUID=6db0b5b4-33e5-45b9-ab7c-8a068485ef09, command=[]} | ret=SUCCESS |  
2019-08-23 09:12:17,919 | INFO  | SCMAudit | user=jenkins1000 | ip=192.168.69.105 | op=SEND_HEARTBEAT {datanodeUUID=0a284024-13d6-46ed-b1db-6a3886ae2776, command=[]} | ret=SUCCESS |  
2019-08-23 09:12:18,030 | INFO  | SCMAudit | user=jenkins1000 | ip=192.168.69.105 | op=SEND_HEARTBEAT {datanodeUUID=e3f86e53-8f15-4a09-b253-90a30ace4ba2, command=[]} | ret=SUCCESS |  
2019-08-23 09:12:18,416 | INFO  | SCMAudit | user=jenkins1000 | ip=192.168.69.105 | op=SEND_HEARTBEAT {datanodeUUID=480da6fd-5cad-42f6-a3a8-03ebe6e9ed72, command=[]} | ret=SUCCESS |  
2019-08-23 09:12:18,485 | INFO  | SCMAudit | user=jenkins1000 | ip=192.168.69.105 | op=SEND_HEARTBEAT {datanodeUUID=06d76673-acfc-4852-ba17-8edfd4d37f5d, command=[]} | ret=SUCCESS |  
2019-08-23 09:12:18,507 | INFO  | SCMAudit | user=jenkins1000 | ip=192.168.69.105 | op=SEND_HEARTBEAT {datanodeUUID=ce3b71d6-803c-4999-98a7-ed3c8197db33, command=[]} | ret=SUCCESS |  
2019-08-23 09:12:18,508 | INFO  | SCMAudit | user=jenkins1000 | ip=192.168.69.105 | op=SEND_HEARTBEAT {datanodeUUID=41b9b824-85d6-416a-bf4a-c5cccd6fce1e, command=[]} | ret=SUCCESS |  
2019-08-23 09:12:18,629 | INFO  | SCMAudit | user=jenkins1000 | ip=192.168.69.105 | op=SEND_HEARTBEAT {datanodeUUID=6db0b5b4-33e5-45b9-ab7c-8a068485ef09, command=[]} | ret=SUCCESS |  
2019-08-23 09:12:18,919 | INFO  | SCMAudit | user=jenkins1000 | ip=192.168.69.105 | op=SEND_HEARTBEAT {datanodeUUID=0a284024-13d6-46ed-b1db-6a3886ae2776, command=[]} | ret=SUCCESS |  
2019-08-23 09:12:19,030 | INFO  | SCMAudit | user=jenkins1000 | ip=192.168.69.105 | op=SEND_HEARTBEAT {datanodeUUID=e3f86e53-8f15-4a09-b253-90a30ace4ba2, command=[]} | ret=SUCCESS |  
2019-08-23 09:12:19,417 | INFO  | SCMAudit | user=jenkins1000 | ip=192.168.69.105 | op=SEND_HEARTBEAT {datanodeUUID=480da6fd-5cad-42f6-a3a8-03ebe6e9ed72, command=[]} | ret=SUCCESS |  
2019-08-23 09:12:19,486 | INFO  | SCMAudit | user=jenkins1000 | ip=192.168.69.105 | op=SEND_HEARTBEAT {datanodeUUID=06d76673-acfc-4852-ba17-8edfd4d37f5d, command=[]} | ret=SUCCESS |  
2019-08-23 09:12:19,507 | INFO  | SCMAudit | user=jenkins1000 | ip=192.168.69.105 | op=SEND_HEARTBEAT {datanodeUUID=ce3b71d6-803c-4999-98a7-ed3c8197db33, command=[]} | ret=SUCCESS |  
2019-08-23 09:12:19,509 | INFO  | SCMAudit | user=jenkins1000 | ip=192.168.69.105 | op=SEND_HEARTBEAT {datanodeUUID=41b9b824-85d6-416a-bf4a-c5cccd6fce1e, command=[]} | ret=SUCCESS |  
2019-08-23 09:12:19,629 | INFO  | SCMAudit | user=jenkins1000 | ip=192.168.69.105 | op=SEND_HEARTBEAT {datanodeUUID=6db0b5b4-33e5-45b9-ab7c-8a068485ef09, command=[]} | ret=SUCCESS |  
2019-08-23 09:12:19,714 [grpc-default-executor-2] INFO  client.GrpcClientProtocolClient (GrpcClientProtocolClient.java:onNext(255)) - client-E82DA6E02431->41b9b824-85d6-416a-bf4a-c5cccd6fce1e: receive RaftClientReply:client-E82DA6E02431->41b9b824-85d6-416a-bf4a-c5cccd6fce1e@group-73033864ACD7, cid=45, FAILED org.apache.ratis.protocol.NotLeaderException: Server 41b9b824-85d6-416a-bf4a-c5cccd6fce1e is not the leader (06d76673-acfc-4852-ba17-8edfd4d37f5d:192.168.69.105:42001). Request must be sent to leader., logIndex=0, commits[41b9b824-85d6-416a-bf4a-c5cccd6fce1e:c8, ce3b71d6-803c-4999-98a7-ed3c8197db33:c8, 06d76673-acfc-4852-ba17-8edfd4d37f5d:c8]
2019-08-23 09:12:19,919 | INFO  | SCMAudit | user=jenkins1000 | ip=192.168.69.105 | op=SEND_HEARTBEAT {datanodeUUID=0a284024-13d6-46ed-b1db-6a3886ae2776, command=[]} | ret=SUCCESS |  
2019-08-23 09:12:20,030 | INFO  | SCMAudit | user=jenkins1000 | ip=192.168.69.105 | op=SEND_HEARTBEAT {datanodeUUID=e3f86e53-8f15-4a09-b253-90a30ace4ba2, command=[]} | ret=SUCCESS |  
2019-08-23 09:12:20,417 | INFO  | SCMAudit | user=jenkins1000 | ip=192.168.69.105 | op=SEND_HEARTBEAT {datanodeUUID=480da6fd-5cad-42f6-a3a8-03ebe6e9ed72, command=[]} | ret=SUCCESS |  
2019-08-23 09:12:20,486 | INFO  | SCMAudit | user=jenkins1000 | ip=192.168.69.105 | op=SEND_HEARTBEAT {datanodeUUID=06d76673-acfc-4852-ba17-8edfd4d37f5d, command=[]} | ret=SUCCESS |  
2019-08-23 09:12:20,508 | INFO  | SCMAudit | user=jenkins1000 | ip=192.168.69.105 | op=SEND_HEARTBEAT {datanodeUUID=ce3b71d6-803c-4999-98a7-ed3c8197db33, command=[]} | ret=SUCCESS |  
2019-08-23 09:12:20,510 | INFO  | SCMAudit | user=jenkins1000 | ip=192.168.69.105 | op=SEND_HEARTBEAT {datanodeUUID=41b9b824-85d6-416a-bf4a-c5cccd6fce1e, command=[]} | ret=SUCCESS |  
2019-08-23 09:12:20,630 | INFO  | SCMAudit | user=jenkins1000 | ip=192.168.69.105 | op=SEND_HEARTBEAT {datanodeUUID=6db0b5b4-33e5-45b9-ab7c-8a068485ef09, command=[]} | ret=SUCCESS |  
2019-08-23 09:12:20,919 | INFO  | SCMAudit | user=jenkins1000 | ip=192.168.69.105 | op=SEND_HEARTBEAT {datanodeUUID=0a284024-13d6-46ed-b1db-6a3886ae2776, command=[]} | ret=SUCCESS |  
2019-08-23 09:12:21,029 | INFO  | SCMAudit | user=jenkins1000 | ip=192.168.69.105 | op=SEND_HEARTBEAT {datanodeUUID=e3f86e53-8f15-4a09-b253-90a30ace4ba2, command=[]} | ret=SUCCESS |  
2019-08-23 09:12:21,417 | INFO  | SCMAudit | user=jenkins1000 | ip=192.168.69.105 | op=SEND_HEARTBEAT {datanodeUUID=480da6fd-5cad-42f6-a3a8-03ebe6e9ed72, command=[]} | ret=SUCCESS |  
2019-08-23 09:12:21,486 | INFO  | SCMAudit | user=jenkins1000 | ip=192.168.69.105 | op=SEND_HEARTBEAT {datanodeUUID=06d76673-acfc-4852-ba17-8edfd4d37f5d, command=[]} | ret=SUCCESS |  
2019-08-23 09:12:21,507 | INFO  | SCMAudit | user=jenkins1000 | ip=192.168.69.105 | op=SEND_HEARTBEAT {datanodeUUID=ce3b71d6-803c-4999-98a7-ed3c8197db33, command=[]} | ret=SUCCESS |  
2019-08-23 09:12:21,509 | INFO  | SCMAudit | user=jenkins1000 | ip=192.168.69.105 | op=SEND_HEARTBEAT {datanodeUUID=41b9b824-85d6-416a-bf4a-c5cccd6fce1e, command=[]} | ret=SUCCESS |  
2019-08-23 09:12:21,631 | INFO  | SCMAudit | user=jenkins1000 | ip=192.168.69.105 | op=SEND_HEARTBEAT {datanodeUUID=6db0b5b4-33e5-45b9-ab7c-8a068485ef09, command=[]} | ret=SUCCESS |  
2019-08-23 09:12:21,920 | INFO  | SCMAudit | user=jenkins1000 | ip=192.168.69.105 | op=SEND_HEARTBEAT {datanodeUUID=0a284024-13d6-46ed-b1db-6a3886ae2776, command=[]} | ret=SUCCESS |  
2019-08-23 09:12:22,030 | INFO  | SCMAudit | user=jenkins1000 | ip=192.168.69.105 | op=SEND_HEARTBEAT {datanodeUUID=e3f86e53-8f15-4a09-b253-90a30ace4ba2, command=[]} | ret=SUCCESS |  
2019-08-23 09:12:22,416 | INFO  | SCMAudit | user=jenkins1000 | ip=192.168.69.105 | op=SEND_HEARTBEAT {datanodeUUID=480da6fd-5cad-42f6-a3a8-03ebe6e9ed72, command=[]} | ret=SUCCESS |  
2019-08-23 09:12:22,486 | INFO  | SCMAudit | user=jenkins1000 | ip=192.168.69.105 | op=SEND_HEARTBEAT {datanodeUUID=06d76673-acfc-4852-ba17-8edfd4d37f5d, command=[]} | ret=SUCCESS |  
2019-08-23 09:12:22,508 | INFO  | SCMAudit | user=jenkins1000 | ip=192.168.69.105 | op=SEND_HEARTBEAT {datanodeUUID=ce3b71d6-803c-4999-98a7-ed3c8197db33, command=[]} | ret=SUCCESS |  
2019-08-23 09:12:22,509 | INFO  | SCMAudit | user=jenkins1000 | ip=192.168.69.105 | op=SEND_HEARTBEAT {datanodeUUID=41b9b824-85d6-416a-bf4a-c5cccd6fce1e, command=[]} | ret=SUCCESS |  
2019-08-23 09:12:22,630 | INFO  | SCMAudit | user=jenkins1000 | ip=192.168.69.105 | op=SEND_HEARTBEAT {datanodeUUID=6db0b5b4-33e5-45b9-ab7c-8a068485ef09, command=[]} | ret=SUCCESS |  
2019-08-23 09:12:22,919 | INFO  | SCMAudit | user=jenkins1000 | ip=192.168.69.105 | op=SEND_HEARTBEAT {datanodeUUID=0a284024-13d6-46ed-b1db-6a3886ae2776, command=[]} | ret=SUCCESS |  
2019-08-23 09:12:23,030 | INFO  | SCMAudit | user=jenkins1000 | ip=192.168.69.105 | op=SEND_HEARTBEAT {datanodeUUID=e3f86e53-8f15-4a09-b253-90a30ace4ba2, command=[]} | ret=SUCCESS |  
2019-08-23 09:12:23,417 | INFO  | SCMAudit | user=jenkins1000 | ip=192.168.69.105 | op=SEND_HEARTBEAT {datanodeUUID=480da6fd-5cad-42f6-a3a8-03ebe6e9ed72, command=[]} | ret=SUCCESS |  
2019-08-23 09:12:23,486 | INFO  | SCMAudit | user=jenkins1000 | ip=192.168.69.105 | op=SEND_HEARTBEAT {datanodeUUID=06d76673-acfc-4852-ba17-8edfd4d37f5d, command=[]} | ret=SUCCESS |  
2019-08-23 09:12:23,507 | INFO  | SCMAudit | user=jenkins1000 | ip=192.168.69.105 | op=SEND_HEARTBEAT {datanodeUUID=ce3b71d6-803c-4999-98a7-ed3c8197db33, command=[]} | ret=SUCCESS |  
2019-08-23 09:12:23,510 | INFO  | SCMAudit | user=jenkins1000 | ip=192.168.69.105 | op=SEND_HEARTBEAT {datanodeUUID=41b9b824-85d6-416a-bf4a-c5cccd6fce1e, command=[]} | ret=SUCCESS |  
2019-08-23 09:12:23,631 | INFO  | SCMAudit | user=jenkins1000 | ip=192.168.69.105 | op=SEND_HEARTBEAT {datanodeUUID=6db0b5b4-33e5-45b9-ab7c-8a068485ef09, command=[]} | ret=SUCCESS |  
2019-08-23 09:12:23,919 | INFO  | SCMAudit | user=jenkins1000 | ip=192.168.69.105 | op=SEND_HEARTBEAT {datanodeUUID=0a284024-13d6-46ed-b1db-6a3886ae2776, command=[]} | ret=SUCCESS |  
2019-08-23 09:12:24,030 | INFO  | SCMAudit | user=jenkins1000 | ip=192.168.69.105 | op=SEND_HEARTBEAT {datanodeUUID=e3f86e53-8f15-4a09-b253-90a30ace4ba2, command=[]} | ret=SUCCESS |  
2019-08-23 09:12:24,417 | INFO  | SCMAudit | user=jenkins1000 | ip=192.168.69.105 | op=SEND_HEARTBEAT {datanodeUUID=480da6fd-5cad-42f6-a3a8-03ebe6e9ed72, command=[]} | ret=SUCCESS |  
2019-08-23 09:12:24,485 | INFO  | SCMAudit | user=jenkins1000 | ip=192.168.69.105 | op=SEND_HEARTBEAT {datanodeUUID=06d76673-acfc-4852-ba17-8edfd4d37f5d, command=[]} | ret=SUCCESS |  
2019-08-23 09:12:24,508 | INFO  | SCMAudit | user=jenkins1000 | ip=192.168.69.105 | op=SEND_HEARTBEAT {datanodeUUID=ce3b71d6-803c-4999-98a7-ed3c8197db33, command=[]} | ret=SUCCESS |  
2019-08-23 09:12:24,509 | INFO  | SCMAudit | user=jenkins1000 | ip=192.168.69.105 | op=SEND_HEARTBEAT {datanodeUUID=41b9b824-85d6-416a-bf4a-c5cccd6fce1e, command=[]} | ret=SUCCESS |  
2019-08-23 09:12:24,632 | INFO  | SCMAudit | user=jenkins1000 | ip=192.168.69.105 | op=SEND_HEARTBEAT {datanodeUUID=6db0b5b4-33e5-45b9-ab7c-8a068485ef09, command=[]} | ret=SUCCESS |  
2019-08-23 09:12:24,763 [grpc-default-executor-1] INFO  client.GrpcClientProtocolClient (GrpcClientProtocolClient.java:onNext(255)) - client-E82DA6E02431->ce3b71d6-803c-4999-98a7-ed3c8197db33: receive RaftClientReply:client-E82DA6E02431->ce3b71d6-803c-4999-98a7-ed3c8197db33@group-73033864ACD7, cid=45, FAILED org.apache.ratis.protocol.NotLeaderException: Server ce3b71d6-803c-4999-98a7-ed3c8197db33 is not the leader (06d76673-acfc-4852-ba17-8edfd4d37f5d:192.168.69.105:42001). Request must be sent to leader., logIndex=0, commits[ce3b71d6-803c-4999-98a7-ed3c8197db33:c8, 41b9b824-85d6-416a-bf4a-c5cccd6fce1e:c8, 06d76673-acfc-4852-ba17-8edfd4d37f5d:c8]
2019-08-23 09:12:24,920 | INFO  | SCMAudit | user=jenkins1000 | ip=192.168.69.105 | op=SEND_HEARTBEAT {datanodeUUID=0a284024-13d6-46ed-b1db-6a3886ae2776, command=[]} | ret=SUCCESS |  
2019-08-23 09:12:25,029 | INFO  | SCMAudit | user=jenkins1000 | ip=192.168.69.105 | op=SEND_HEARTBEAT {datanodeUUID=e3f86e53-8f15-4a09-b253-90a30ace4ba2, command=[]} | ret=SUCCESS |  
2019-08-23 09:12:25,418 | INFO  | SCMAudit | user=jenkins1000 | ip=192.168.69.105 | op=SEND_HEARTBEAT {datanodeUUID=480da6fd-5cad-42f6-a3a8-03ebe6e9ed72, command=[]} | ret=SUCCESS |  
2019-08-23 09:12:25,486 | INFO  | SCMAudit | user=jenkins1000 | ip=192.168.69.105 | op=SEND_HEARTBEAT {datanodeUUID=06d76673-acfc-4852-ba17-8edfd4d37f5d, command=[]} | ret=SUCCESS |  
2019-08-23 09:12:25,507 | INFO  | SCMAudit | user=jenkins1000 | ip=192.168.69.105 | op=SEND_HEARTBEAT {datanodeUUID=ce3b71d6-803c-4999-98a7-ed3c8197db33, command=[]} | ret=SUCCESS |  
2019-08-23 09:12:25,510 | INFO  | SCMAudit | user=jenkins1000 | ip=192.168.69.105 | op=SEND_HEARTBEAT {datanodeUUID=41b9b824-85d6-416a-bf4a-c5cccd6fce1e, command=[]} | ret=SUCCESS |  
2019-08-23 09:12:25,631 | INFO  | SCMAudit | user=jenkins1000 | ip=192.168.69.105 | op=SEND_HEARTBEAT {datanodeUUID=6db0b5b4-33e5-45b9-ab7c-8a068485ef09, command=[]} | ret=SUCCESS |  
2019-08-23 09:12:25,920 | INFO  | SCMAudit | user=jenkins1000 | ip=192.168.69.105 | op=SEND_HEARTBEAT {datanodeUUID=0a284024-13d6-46ed-b1db-6a3886ae2776, command=[]} | ret=SUCCESS |  
2019-08-23 09:12:26,030 | INFO  | SCMAudit | user=jenkins1000 | ip=192.168.69.105 | op=SEND_HEARTBEAT {datanodeUUID=e3f86e53-8f15-4a09-b253-90a30ace4ba2, command=[]} | ret=SUCCESS |  
2019-08-23 09:12:26,417 | INFO  | SCMAudit | user=jenkins1000 | ip=192.168.69.105 | op=SEND_HEARTBEAT {datanodeUUID=480da6fd-5cad-42f6-a3a8-03ebe6e9ed72, command=[]} | ret=SUCCESS |  
2019-08-23 09:12:26,486 | INFO  | SCMAudit | user=jenkins1000 | ip=192.168.69.105 | op=SEND_HEARTBEAT {datanodeUUID=06d76673-acfc-4852-ba17-8edfd4d37f5d, command=[]} | ret=SUCCESS |  
2019-08-23 09:12:26,507 | INFO  | SCMAudit | user=jenkins1000 | ip=192.168.69.105 | op=SEND_HEARTBEAT {datanodeUUID=ce3b71d6-803c-4999-98a7-ed3c8197db33, command=[]} | ret=SUCCESS |  
2019-08-23 09:12:26,509 | INFO  | SCMAudit | user=jenkins1000 | ip=192.168.69.105 | op=SEND_HEARTBEAT {datanodeUUID=41b9b824-85d6-416a-bf4a-c5cccd6fce1e, command=[]} | ret=SUCCESS |  
2019-08-23 09:12:26,631 | INFO  | SCMAudit | user=jenkins1000 | ip=192.168.69.105 | op=SEND_HEARTBEAT {datanodeUUID=6db0b5b4-33e5-45b9-ab7c-8a068485ef09, command=[]} | ret=SUCCESS |  
2019-08-23 09:12:26,920 | INFO  | SCMAudit | user=jenkins1000 | ip=192.168.69.105 | op=SEND_HEARTBEAT {datanodeUUID=0a284024-13d6-46ed-b1db-6a3886ae2776, command=[]} | ret=SUCCESS |  
2019-08-23 09:12:27,029 | INFO  | SCMAudit | user=jenkins1000 | ip=192.168.69.105 | op=SEND_HEARTBEAT {datanodeUUID=e3f86e53-8f15-4a09-b253-90a30ace4ba2, command=[]} | ret=SUCCESS |  
2019-08-23 09:12:27,418 | INFO  | SCMAudit | user=jenkins1000 | ip=192.168.69.105 | op=SEND_HEARTBEAT {datanodeUUID=480da6fd-5cad-42f6-a3a8-03ebe6e9ed72, command=[]} | ret=SUCCESS |  
2019-08-23 09:12:27,487 | INFO  | SCMAudit | user=jenkins1000 | ip=192.168.69.105 | op=SEND_HEARTBEAT {datanodeUUID=06d76673-acfc-4852-ba17-8edfd4d37f5d, command=[]} | ret=SUCCESS |  
2019-08-23 09:12:27,507 | INFO  | SCMAudit | user=jenkins1000 | ip=192.168.69.105 | op=SEND_HEARTBEAT {datanodeUUID=ce3b71d6-803c-4999-98a7-ed3c8197db33, command=[]} | ret=SUCCESS |  
2019-08-23 09:12:27,510 | INFO  | SCMAudit | user=jenkins1000 | ip=192.168.69.105 | op=SEND_HEARTBEAT {datanodeUUID=41b9b824-85d6-416a-bf4a-c5cccd6fce1e, command=[]} | ret=SUCCESS |  
2019-08-23 09:12:27,631 | INFO  | SCMAudit | user=jenkins1000 | ip=192.168.69.105 | op=SEND_HEARTBEAT {datanodeUUID=6db0b5b4-33e5-45b9-ab7c-8a068485ef09, command=[]} | ret=SUCCESS |  
2019-08-23 09:12:27,919 | INFO  | SCMAudit | user=jenkins1000 | ip=192.168.69.105 | op=SEND_HEARTBEAT {datanodeUUID=0a284024-13d6-46ed-b1db-6a3886ae2776, command=[]} | ret=SUCCESS |  
2019-08-23 09:12:28,030 | INFO  | SCMAudit | user=jenkins1000 | ip=192.168.69.105 | op=SEND_HEARTBEAT {datanodeUUID=e3f86e53-8f15-4a09-b253-90a30ace4ba2, command=[]} | ret=SUCCESS |  
2019-08-23 09:12:28,419 | INFO  | SCMAudit | user=jenkins1000 | ip=192.168.69.105 | op=SEND_HEARTBEAT {datanodeUUID=480da6fd-5cad-42f6-a3a8-03ebe6e9ed72, command=[]} | ret=SUCCESS |  
2019-08-23 09:12:28,486 | INFO  | SCMAudit | user=jenkins1000 | ip=192.168.69.105 | op=SEND_HEARTBEAT {datanodeUUID=06d76673-acfc-4852-ba17-8edfd4d37f5d, command=[]} | ret=SUCCESS |  
2019-08-23 09:12:28,507 | INFO  | SCMAudit | user=jenkins1000 | ip=192.168.69.105 | op=SEND_HEARTBEAT {datanodeUUID=ce3b71d6-803c-4999-98a7-ed3c8197db33, command=[]} | ret=SUCCESS |  
2019-08-23 09:12:28,509 | INFO  | SCMAudit | user=jenkins1000 | ip=192.168.69.105 | op=SEND_HEARTBEAT {datanodeUUID=41b9b824-85d6-416a-bf4a-c5cccd6fce1e, command=[]} | ret=SUCCESS |  
2019-08-23 09:12:28,631 | INFO  | SCMAudit | user=jenkins1000 | ip=192.168.69.105 | op=SEND_HEARTBEAT {datanodeUUID=6db0b5b4-33e5-45b9-ab7c-8a068485ef09, command=[]} | ret=SUCCESS |  
2019-08-23 09:12:28,920 | INFO  | SCMAudit | user=jenkins1000 | ip=192.168.69.105 | op=SEND_HEARTBEAT {datanodeUUID=0a284024-13d6-46ed-b1db-6a3886ae2776, command=[]} | ret=SUCCESS |  
2019-08-23 09:12:29,031 | INFO  | SCMAudit | user=jenkins1000 | ip=192.168.69.105 | op=SEND_HEARTBEAT {datanodeUUID=e3f86e53-8f15-4a09-b253-90a30ace4ba2, command=[]} | ret=SUCCESS |  
2019-08-23 09:12:29,420 | INFO  | SCMAudit | user=jenkins1000 | ip=192.168.69.105 | op=SEND_HEARTBEAT {datanodeUUID=480da6fd-5cad-42f6-a3a8-03ebe6e9ed72, command=[]} | ret=SUCCESS |  
2019-08-23 09:12:29,487 | INFO  | SCMAudit | user=jenkins1000 | ip=192.168.69.105 | op=SEND_HEARTBEAT {datanodeUUID=06d76673-acfc-4852-ba17-8edfd4d37f5d, command=[]} | ret=SUCCESS |  
2019-08-23 09:12:29,508 | INFO  | SCMAudit | user=jenkins1000 | ip=192.168.69.105 | op=SEND_HEARTBEAT {datanodeUUID=ce3b71d6-803c-4999-98a7-ed3c8197db33, command=[]} | ret=SUCCESS |  
2019-08-23 09:12:29,510 | INFO  | SCMAudit | user=jenkins1000 | ip=192.168.69.105 | op=SEND_HEARTBEAT {datanodeUUID=41b9b824-85d6-416a-bf4a-c5cccd6fce1e, command=[]} | ret=SUCCESS |  
2019-08-23 09:12:29,632 | INFO  | SCMAudit | user=jenkins1000 | ip=192.168.69.105 | op=SEND_HEARTBEAT {datanodeUUID=6db0b5b4-33e5-45b9-ab7c-8a068485ef09, command=[]} | ret=SUCCESS |  
2019-08-23 09:12:29,810 [grpc-default-executor-2] INFO  client.GrpcClientProtocolClient (GrpcClientProtocolClient.java:onNext(255)) - client-E82DA6E02431->ce3b71d6-803c-4999-98a7-ed3c8197db33: receive RaftClientReply:client-E82DA6E02431->ce3b71d6-803c-4999-98a7-ed3c8197db33@group-73033864ACD7, cid=45, FAILED org.apache.ratis.protocol.NotLeaderException: Server ce3b71d6-803c-4999-98a7-ed3c8197db33 is not the leader (06d76673-acfc-4852-ba17-8edfd4d37f5d:192.168.69.105:42001). Request must be sent to leader., logIndex=0, commits[ce3b71d6-803c-4999-98a7-ed3c8197db33:c8, 41b9b824-85d6-416a-bf4a-c5cccd6fce1e:c8, 06d76673-acfc-4852-ba17-8edfd4d37f5d:c8]
2019-08-23 09:12:29,922 | INFO  | SCMAudit | user=jenkins1000 | ip=192.168.69.105 | op=SEND_HEARTBEAT {datanodeUUID=0a284024-13d6-46ed-b1db-6a3886ae2776, command=[]} | ret=SUCCESS |  
2019-08-23 09:12:30,031 | INFO  | SCMAudit | user=jenkins1000 | ip=192.168.69.105 | op=SEND_HEARTBEAT {datanodeUUID=e3f86e53-8f15-4a09-b253-90a30ace4ba2, command=[]} | ret=SUCCESS |  
2019-08-23 09:12:30,420 | INFO  | SCMAudit | user=jenkins1000 | ip=192.168.69.105 | op=SEND_HEARTBEAT {datanodeUUID=480da6fd-5cad-42f6-a3a8-03ebe6e9ed72, command=[]} | ret=SUCCESS |  
2019-08-23 09:12:30,487 | INFO  | SCMAudit | user=jenkins1000 | ip=192.168.69.105 | op=SEND_HEARTBEAT {datanodeUUID=06d76673-acfc-4852-ba17-8edfd4d37f5d, command=[]} | ret=SUCCESS |  
2019-08-23 09:12:30,508 | INFO  | SCMAudit | user=jenkins1000 | ip=192.168.69.105 | op=SEND_HEARTBEAT {datanodeUUID=ce3b71d6-803c-4999-98a7-ed3c8197db33, command=[]} | ret=SUCCESS |  
2019-08-23 09:12:30,509 | INFO  | SCMAudit | user=jenkins1000 | ip=192.168.69.105 | op=SEND_HEARTBEAT {datanodeUUID=41b9b824-85d6-416a-bf4a-c5cccd6fce1e, command=[]} | ret=SUCCESS |  
2019-08-23 09:12:30,631 | INFO  | SCMAudit | user=jenkins1000 | ip=192.168.69.105 | op=SEND_HEARTBEAT {datanodeUUID=6db0b5b4-33e5-45b9-ab7c-8a068485ef09, command=[]} | ret=SUCCESS |  
2019-08-23 09:12:30,921 | INFO  | SCMAudit | user=jenkins1000 | ip=192.168.69.105 | op=SEND_HEARTBEAT {datanodeUUID=0a284024-13d6-46ed-b1db-6a3886ae2776, command=[]} | ret=SUCCESS |  
2019-08-23 09:12:31,031 | INFO  | SCMAudit | user=jenkins1000 | ip=192.168.69.105 | op=SEND_HEARTBEAT {datanodeUUID=e3f86e53-8f15-4a09-b253-90a30ace4ba2, command=[]} | ret=SUCCESS |  
2019-08-23 09:12:31,419 | INFO  | SCMAudit | user=jenkins1000 | ip=192.168.69.105 | op=SEND_HEARTBEAT {datanodeUUID=480da6fd-5cad-42f6-a3a8-03ebe6e9ed72, command=[]} | ret=SUCCESS |  
2019-08-23 09:12:31,487 | INFO  | SCMAudit | user=jenkins1000 | ip=192.168.69.105 | op=SEND_HEARTBEAT {datanodeUUID=06d76673-acfc-4852-ba17-8edfd4d37f5d, command=[]} | ret=SUCCESS |  
2019-08-23 09:12:31,508 | INFO  | SCMAudit | user=jenkins1000 | ip=192.168.69.105 | op=SEND_HEARTBEAT {datanodeUUID=ce3b71d6-803c-4999-98a7-ed3c8197db33, command=[]} | ret=SUCCESS |  
2019-08-23 09:12:31,510 | INFO  | SCMAudit | user=jenkins1000 | ip=192.168.69.105 | op=SEND_HEARTBEAT {datanodeUUID=41b9b824-85d6-416a-bf4a-c5cccd6fce1e, command=[]} | ret=SUCCESS |  
2019-08-23 09:12:31,632 | INFO  | SCMAudit | user=jenkins1000 | ip=192.168.69.105 | op=SEND_HEARTBEAT {datanodeUUID=6db0b5b4-33e5-45b9-ab7c-8a068485ef09, command=[]} | ret=SUCCESS |  
2019-08-23 09:12:31,921 | INFO  | SCMAudit | user=jenkins1000 | ip=192.168.69.105 | op=SEND_HEARTBEAT {datanodeUUID=0a284024-13d6-46ed-b1db-6a3886ae2776, command=[]} | ret=SUCCESS |  
2019-08-23 09:12:32,030 | INFO  | SCMAudit | user=jenkins1000 | ip=192.168.69.105 | op=SEND_HEARTBEAT {datanodeUUID=e3f86e53-8f15-4a09-b253-90a30ace4ba2, command=[]} | ret=SUCCESS |  
2019-08-23 09:12:32,420 | INFO  | SCMAudit | user=jenkins1000 | ip=192.168.69.105 | op=SEND_HEARTBEAT {datanodeUUID=480da6fd-5cad-42f6-a3a8-03ebe6e9ed72, command=[]} | ret=SUCCESS |  
2019-08-23 09:12:32,487 | INFO  | SCMAudit | user=jenkins1000 | ip=192.168.69.105 | op=SEND_HEARTBEAT {datanodeUUID=06d76673-acfc-4852-ba17-8edfd4d37f5d, command=[]} | ret=SUCCESS |  
2019-08-23 09:12:32,508 | INFO  | SCMAudit | user=jenkins1000 | ip=192.168.69.105 | op=SEND_HEARTBEAT {datanodeUUID=ce3b71d6-803c-4999-98a7-ed3c8197db33, command=[]} | ret=SUCCESS |  
2019-08-23 09:12:32,510 | INFO  | SCMAudit | user=jenkins1000 | ip=192.168.69.105 | op=SEND_HEARTBEAT {datanodeUUID=41b9b824-85d6-416a-bf4a-c5cccd6fce1e, command=[]} | ret=SUCCESS |  
2019-08-23 09:12:32,631 | INFO  | SCMAudit | user=jenkins1000 | ip=192.168.69.105 | op=SEND_HEARTBEAT {datanodeUUID=6db0b5b4-33e5-45b9-ab7c-8a068485ef09, command=[]} | ret=SUCCESS |  
2019-08-23 09:12:32,921 | INFO  | SCMAudit | user=jenkins1000 | ip=192.168.69.105 | op=SEND_HEARTBEAT {datanodeUUID=0a284024-13d6-46ed-b1db-6a3886ae2776, command=[]} | ret=SUCCESS |  
2019-08-23 09:12:33,031 | INFO  | SCMAudit | user=jenkins1000 | ip=192.168.69.105 | op=SEND_HEARTBEAT {datanodeUUID=e3f86e53-8f15-4a09-b253-90a30ace4ba2, command=[]} | ret=SUCCESS |  
2019-08-23 09:12:33,419 | INFO  | SCMAudit | user=jenkins1000 | ip=192.168.69.105 | op=SEND_HEARTBEAT {datanodeUUID=480da6fd-5cad-42f6-a3a8-03ebe6e9ed72, command=[]} | ret=SUCCESS |  
2019-08-23 09:12:33,488 | INFO  | SCMAudit | user=jenkins1000 | ip=192.168.69.105 | op=SEND_HEARTBEAT {datanodeUUID=06d76673-acfc-4852-ba17-8edfd4d37f5d, command=[]} | ret=SUCCESS |  
2019-08-23 09:12:33,509 | INFO  | SCMAudit | user=jenkins1000 | ip=192.168.69.105 | op=SEND_HEARTBEAT {datanodeUUID=ce3b71d6-803c-4999-98a7-ed3c8197db33, command=[]} | ret=SUCCESS |  
2019-08-23 09:12:33,511 | INFO  | SCMAudit | user=jenkins1000 | ip=192.168.69.105 | op=SEND_HEARTBEAT {datanodeUUID=41b9b824-85d6-416a-bf4a-c5cccd6fce1e, command=[]} | ret=SUCCESS |  
2019-08-23 09:12:33,632 | INFO  | SCMAudit | user=jenkins1000 | ip=192.168.69.105 | op=SEND_HEARTBEAT {datanodeUUID=6db0b5b4-33e5-45b9-ab7c-8a068485ef09, command=[]} | ret=SUCCESS |  
2019-08-23 09:12:33,921 | INFO  | SCMAudit | user=jenkins1000 | ip=192.168.69.105 | op=SEND_HEARTBEAT {datanodeUUID=0a284024-13d6-46ed-b1db-6a3886ae2776, command=[]} | ret=SUCCESS |  
2019-08-23 09:12:34,031 | INFO  | SCMAudit | user=jenkins1000 | ip=192.168.69.105 | op=SEND_HEARTBEAT {datanodeUUID=e3f86e53-8f15-4a09-b253-90a30ace4ba2, command=[]} | ret=SUCCESS |  
2019-08-23 09:12:34,419 | INFO  | SCMAudit | user=jenkins1000 | ip=192.168.69.105 | op=SEND_HEARTBEAT {datanodeUUID=480da6fd-5cad-42f6-a3a8-03ebe6e9ed72, command=[]} | ret=SUCCESS |  
2019-08-23 09:12:34,489 | INFO  | SCMAudit | user=jenkins1000 | ip=192.168.69.105 | op=SEND_HEARTBEAT {datanodeUUID=06d76673-acfc-4852-ba17-8edfd4d37f5d, command=[]} | ret=SUCCESS |  
2019-08-23 09:12:34,509 | INFO  | SCMAudit | user=jenkins1000 | ip=192.168.69.105 | op=SEND_HEARTBEAT {datanodeUUID=ce3b71d6-803c-4999-98a7-ed3c8197db33, command=[]} | ret=SUCCESS |  
2019-08-23 09:12:34,510 | INFO  | SCMAudit | user=jenkins1000 | ip=192.168.69.105 | op=SEND_HEARTBEAT {datanodeUUID=41b9b824-85d6-416a-bf4a-c5cccd6fce1e, command=[]} | ret=SUCCESS |  
2019-08-23 09:12:34,631 | INFO  | SCMAudit | user=jenkins1000 | ip=192.168.69.105 | op=SEND_HEARTBEAT {datanodeUUID=6db0b5b4-33e5-45b9-ab7c-8a068485ef09, command=[]} | ret=SUCCESS |  
2019-08-23 09:12:34,853 [grpc-default-executor-2] INFO  client.GrpcClientProtocolClient (GrpcClientProtocolClient.java:onNext(255)) - client-E82DA6E02431->41b9b824-85d6-416a-bf4a-c5cccd6fce1e: receive RaftClientReply:client-E82DA6E02431->41b9b824-85d6-416a-bf4a-c5cccd6fce1e@group-73033864ACD7, cid=45, FAILED org.apache.ratis.protocol.NotLeaderException: Server 41b9b824-85d6-416a-bf4a-c5cccd6fce1e is not the leader (06d76673-acfc-4852-ba17-8edfd4d37f5d:192.168.69.105:42001). Request must be sent to leader., logIndex=0, commits[41b9b824-85d6-416a-bf4a-c5cccd6fce1e:c8, ce3b71d6-803c-4999-98a7-ed3c8197db33:c8, 06d76673-acfc-4852-ba17-8edfd4d37f5d:c8]
2019-08-23 09:12:34,921 | INFO  | SCMAudit | user=jenkins1000 | ip=192.168.69.105 | op=SEND_HEARTBEAT {datanodeUUID=0a284024-13d6-46ed-b1db-6a3886ae2776, command=[]} | ret=SUCCESS |  
2019-08-23 09:12:35,032 | INFO  | SCMAudit | user=jenkins1000 | ip=192.168.69.105 | op=SEND_HEARTBEAT {datanodeUUID=e3f86e53-8f15-4a09-b253-90a30ace4ba2, command=[]} | ret=SUCCESS |  
2019-08-23 09:12:35,419 | INFO  | SCMAudit | user=jenkins1000 | ip=192.168.69.105 | op=SEND_HEARTBEAT {datanodeUUID=480da6fd-5cad-42f6-a3a8-03ebe6e9ed72, command=[]} | ret=SUCCESS |  
2019-08-23 09:12:35,489 | INFO  | SCMAudit | user=jenkins1000 | ip=192.168.69.105 | op=SEND_HEARTBEAT {datanodeUUID=06d76673-acfc-4852-ba17-8edfd4d37f5d, command=[]} | ret=SUCCESS |  
2019-08-23 09:12:35,509 | INFO  | SCMAudit | user=jenkins1000 | ip=192.168.69.105 | op=SEND_HEARTBEAT {datanodeUUID=ce3b71d6-803c-4999-98a7-ed3c8197db33, command=[]} | ret=SUCCESS |  
2019-08-23 09:12:35,511 | INFO  | SCMAudit | user=jenkins1000 | ip=192.168.69.105 | op=SEND_HEARTBEAT {datanodeUUID=41b9b824-85d6-416a-bf4a-c5cccd6fce1e, command=[]} | ret=SUCCESS |  
2019-08-23 09:12:35,631 | INFO  | SCMAudit | user=jenkins1000 | ip=192.168.69.105 | op=SEND_HEARTBEAT {datanodeUUID=6db0b5b4-33e5-45b9-ab7c-8a068485ef09, command=[]} | ret=SUCCESS |  
2019-08-23 09:12:35,921 | INFO  | SCMAudit | user=jenkins1000 | ip=192.168.69.105 | op=SEND_HEARTBEAT {datanodeUUID=0a284024-13d6-46ed-b1db-6a3886ae2776, command=[]} | ret=SUCCESS |  
2019-08-23 09:12:36,031 | INFO  | SCMAudit | user=jenkins1000 | ip=192.168.69.105 | op=SEND_HEARTBEAT {datanodeUUID=e3f86e53-8f15-4a09-b253-90a30ace4ba2, command=[]} | ret=SUCCESS |  
2019-08-23 09:12:36,419 | INFO  | SCMAudit | user=jenkins1000 | ip=192.168.69.105 | op=SEND_HEARTBEAT {datanodeUUID=480da6fd-5cad-42f6-a3a8-03ebe6e9ed72, command=[]} | ret=SUCCESS |  
2019-08-23 09:12:36,489 | INFO  | SCMAudit | user=jenkins1000 | ip=192.168.69.105 | op=SEND_HEARTBEAT {datanodeUUID=06d76673-acfc-4852-ba17-8edfd4d37f5d, command=[]} | ret=SUCCESS |  
2019-08-23 09:12:36,509 | INFO  | SCMAudit | user=jenkins1000 | ip=192.168.69.105 | op=SEND_HEARTBEAT {datanodeUUID=ce3b71d6-803c-4999-98a7-ed3c8197db33, command=[]} | ret=SUCCESS |  
2019-08-23 09:12:36,510 | INFO  | SCMAudit | user=jenkins1000 | ip=192.168.69.105 | op=SEND_HEARTBEAT {datanodeUUID=41b9b824-85d6-416a-bf4a-c5cccd6fce1e, command=[]} | ret=SUCCESS |  
2019-08-23 09:12:36,631 | INFO  | SCMAudit | user=jenkins1000 | ip=192.168.69.105 | op=SEND_HEARTBEAT {datanodeUUID=6db0b5b4-33e5-45b9-ab7c-8a068485ef09, command=[]} | ret=SUCCESS |  
2019-08-23 09:12:36,922 | INFO  | SCMAudit | user=jenkins1000 | ip=192.168.69.105 | op=SEND_HEARTBEAT {datanodeUUID=0a284024-13d6-46ed-b1db-6a3886ae2776, command=[]} | ret=SUCCESS |  
2019-08-23 09:12:37,032 | INFO  | SCMAudit | user=jenkins1000 | ip=192.168.69.105 | op=SEND_HEARTBEAT {datanodeUUID=e3f86e53-8f15-4a09-b253-90a30ace4ba2, command=[]} | ret=SUCCESS |  
2019-08-23 09:12:37,419 | INFO  | SCMAudit | user=jenkins1000 | ip=192.168.69.105 | op=SEND_HEARTBEAT {datanodeUUID=480da6fd-5cad-42f6-a3a8-03ebe6e9ed72, command=[]} | ret=SUCCESS |  
2019-08-23 09:12:37,489 | INFO  | SCMAudit | user=jenkins1000 | ip=192.168.69.105 | op=SEND_HEARTBEAT {datanodeUUID=06d76673-acfc-4852-ba17-8edfd4d37f5d, command=[]} | ret=SUCCESS |  
2019-08-23 09:12:37,510 | INFO  | SCMAudit | user=jenkins1000 | ip=192.168.69.105 | op=SEND_HEARTBEAT {datanodeUUID=ce3b71d6-803c-4999-98a7-ed3c8197db33, command=[]} | ret=SUCCESS |  
2019-08-23 09:12:37,510 | INFO  | SCMAudit | user=jenkins1000 | ip=192.168.69.105 | op=SEND_HEARTBEAT {datanodeUUID=41b9b824-85d6-416a-bf4a-c5cccd6fce1e, command=[]} | ret=SUCCESS |  
2019-08-23 09:12:37,631 | INFO  | SCMAudit | user=jenkins1000 | ip=192.168.69.105 | op=SEND_HEARTBEAT {datanodeUUID=6db0b5b4-33e5-45b9-ab7c-8a068485ef09, command=[]} | ret=SUCCESS |  
2019-08-23 09:12:37,922 | INFO  | SCMAudit | user=jenkins1000 | ip=192.168.69.105 | op=SEND_HEARTBEAT {datanodeUUID=0a284024-13d6-46ed-b1db-6a3886ae2776, command=[]} | ret=SUCCESS |  
2019-08-23 09:12:38,032 | INFO  | SCMAudit | user=jenkins1000 | ip=192.168.69.105 | op=SEND_HEARTBEAT {datanodeUUID=e3f86e53-8f15-4a09-b253-90a30ace4ba2, command=[]} | ret=SUCCESS |  
2019-08-23 09:12:38,420 | INFO  | SCMAudit | user=jenkins1000 | ip=192.168.69.105 | op=SEND_HEARTBEAT {datanodeUUID=480da6fd-5cad-42f6-a3a8-03ebe6e9ed72, command=[]} | ret=SUCCESS |  
2019-08-23 09:12:38,488 | INFO  | SCMAudit | user=jenkins1000 | ip=192.168.69.105 | op=SEND_HEARTBEAT {datanodeUUID=06d76673-acfc-4852-ba17-8edfd4d37f5d, command=[]} | ret=SUCCESS |  
2019-08-23 09:12:38,510 | INFO  | SCMAudit | user=jenkins1000 | ip=192.168.69.105 | op=SEND_HEARTBEAT {datanodeUUID=ce3b71d6-803c-4999-98a7-ed3c8197db33, command=[]} | ret=SUCCESS |  
2019-08-23 09:12:38,510 | INFO  | SCMAudit | user=jenkins1000 | ip=192.168.69.105 | op=SEND_HEARTBEAT {datanodeUUID=41b9b824-85d6-416a-bf4a-c5cccd6fce1e, command=[]} | ret=SUCCESS |  
2019-08-23 09:12:38,631 | INFO  | SCMAudit | user=jenkins1000 | ip=192.168.69.105 | op=SEND_HEARTBEAT {datanodeUUID=6db0b5b4-33e5-45b9-ab7c-8a068485ef09, command=[]} | ret=SUCCESS |  
2019-08-23 09:12:38,922 | INFO  | SCMAudit | user=jenkins1000 | ip=192.168.69.105 | op=SEND_HEARTBEAT {datanodeUUID=0a284024-13d6-46ed-b1db-6a3886ae2776, command=[]} | ret=SUCCESS |  
2019-08-23 09:12:39,033 | INFO  | SCMAudit | user=jenkins1000 | ip=192.168.69.105 | op=SEND_HEARTBEAT {datanodeUUID=e3f86e53-8f15-4a09-b253-90a30ace4ba2, command=[]} | ret=SUCCESS |  
2019-08-23 09:12:39,419 | INFO  | SCMAudit | user=jenkins1000 | ip=192.168.69.105 | op=SEND_HEARTBEAT {datanodeUUID=480da6fd-5cad-42f6-a3a8-03ebe6e9ed72, command=[]} | ret=SUCCESS |  
2019-08-23 09:12:39,489 | INFO  | SCMAudit | user=jenkins1000 | ip=192.168.69.105 | op=SEND_HEARTBEAT {datanodeUUID=06d76673-acfc-4852-ba17-8edfd4d37f5d, command=[]} | ret=SUCCESS |  
2019-08-23 09:12:39,511 | INFO  | SCMAudit | user=jenkins1000 | ip=192.168.69.105 | op=SEND_HEARTBEAT {datanodeUUID=41b9b824-85d6-416a-bf4a-c5cccd6fce1e, command=[]} | ret=SUCCESS |  
2019-08-23 09:12:39,511 | INFO  | SCMAudit | user=jenkins1000 | ip=192.168.69.105 | op=SEND_HEARTBEAT {datanodeUUID=ce3b71d6-803c-4999-98a7-ed3c8197db33, command=[]} | ret=SUCCESS |  
2019-08-23 09:12:39,632 | INFO  | SCMAudit | user=jenkins1000 | ip=192.168.69.105 | op=SEND_HEARTBEAT {datanodeUUID=6db0b5b4-33e5-45b9-ab7c-8a068485ef09, command=[]} | ret=SUCCESS |  
2019-08-23 09:12:39,896 [grpc-default-executor-2] INFO  client.GrpcClientProtocolClient (GrpcClientProtocolClient.java:onNext(255)) - client-E82DA6E02431->41b9b824-85d6-416a-bf4a-c5cccd6fce1e: receive RaftClientReply:client-E82DA6E02431->41b9b824-85d6-416a-bf4a-c5cccd6fce1e@group-73033864ACD7, cid=45, FAILED org.apache.ratis.protocol.NotLeaderException: Server 41b9b824-85d6-416a-bf4a-c5cccd6fce1e is not the leader (06d76673-acfc-4852-ba17-8edfd4d37f5d:192.168.69.105:42001). Request must be sent to leader., logIndex=0, commits[41b9b824-85d6-416a-bf4a-c5cccd6fce1e:c8, ce3b71d6-803c-4999-98a7-ed3c8197db33:c8, 06d76673-acfc-4852-ba17-8edfd4d37f5d:c8]
2019-08-23 09:12:39,921 | INFO  | SCMAudit | user=jenkins1000 | ip=192.168.69.105 | op=SEND_HEARTBEAT {datanodeUUID=0a284024-13d6-46ed-b1db-6a3886ae2776, command=[]} | ret=SUCCESS |  
2019-08-23 09:12:40,033 | INFO  | SCMAudit | user=jenkins1000 | ip=192.168.69.105 | op=SEND_HEARTBEAT {datanodeUUID=e3f86e53-8f15-4a09-b253-90a30ace4ba2, command=[]} | ret=SUCCESS |  
2019-08-23 09:12:40,420 | INFO  | SCMAudit | user=jenkins1000 | ip=192.168.69.105 | op=SEND_HEARTBEAT {datanodeUUID=480da6fd-5cad-42f6-a3a8-03ebe6e9ed72, command=[]} | ret=SUCCESS |  
2019-08-23 09:12:40,488 | INFO  | SCMAudit | user=jenkins1000 | ip=192.168.69.105 | op=SEND_HEARTBEAT {datanodeUUID=06d76673-acfc-4852-ba17-8edfd4d37f5d, command=[]} | ret=SUCCESS |  
2019-08-23 09:12:40,510 | INFO  | SCMAudit | user=jenkins1000 | ip=192.168.69.105 | op=SEND_HEARTBEAT {datanodeUUID=41b9b824-85d6-416a-bf4a-c5cccd6fce1e, command=[]} | ret=SUCCESS |  
2019-08-23 09:12:40,510 | INFO  | SCMAudit | user=jenkins1000 | ip=192.168.69.105 | op=SEND_HEARTBEAT {datanodeUUID=ce3b71d6-803c-4999-98a7-ed3c8197db33, command=[]} | ret=SUCCESS |  
2019-08-23 09:12:40,632 | INFO  | SCMAudit | user=jenkins1000 | ip=192.168.69.105 | op=SEND_HEARTBEAT {datanodeUUID=6db0b5b4-33e5-45b9-ab7c-8a068485ef09, command=[]} | ret=SUCCESS |  
2019-08-23 09:12:40,925 | INFO  | SCMAudit | user=jenkins1000 | ip=192.168.69.105 | op=SEND_HEARTBEAT {datanodeUUID=0a284024-13d6-46ed-b1db-6a3886ae2776, command=[]} | ret=SUCCESS |  
2019-08-23 09:12:41,033 | INFO  | SCMAudit | user=jenkins1000 | ip=192.168.69.105 | op=SEND_HEARTBEAT {datanodeUUID=e3f86e53-8f15-4a09-b253-90a30ace4ba2, command=[]} | ret=SUCCESS |  
2019-08-23 09:12:41,420 | INFO  | SCMAudit | user=jenkins1000 | ip=192.168.69.105 | op=SEND_HEARTBEAT {datanodeUUID=480da6fd-5cad-42f6-a3a8-03ebe6e9ed72, command=[]} | ret=SUCCESS |  
2019-08-23 09:12:41,489 | INFO  | SCMAudit | user=jenkins1000 | ip=192.168.69.105 | op=SEND_HEARTBEAT {datanodeUUID=06d76673-acfc-4852-ba17-8edfd4d37f5d, command=[]} | ret=SUCCESS |  
2019-08-23 09:12:41,510 | INFO  | SCMAudit | user=jenkins1000 | ip=192.168.69.105 | op=SEND_HEARTBEAT {datanodeUUID=41b9b824-85d6-416a-bf4a-c5cccd6fce1e, command=[]} | ret=SUCCESS |  
2019-08-23 09:12:41,510 | INFO  | SCMAudit | user=jenkins1000 | ip=192.168.69.105 | op=SEND_HEARTBEAT {datanodeUUID=ce3b71d6-803c-4999-98a7-ed3c8197db33, command=[]} | ret=SUCCESS |  
2019-08-23 09:12:41,633 | INFO  | SCMAudit | user=jenkins1000 | ip=192.168.69.105 | op=SEND_HEARTBEAT {datanodeUUID=6db0b5b4-33e5-45b9-ab7c-8a068485ef09, command=[]} | ret=SUCCESS |  
2019-08-23 09:12:41,929 | INFO  | SCMAudit | user=jenkins1000 | ip=192.168.69.105 | op=SEND_HEARTBEAT {datanodeUUID=0a284024-13d6-46ed-b1db-6a3886ae2776, command=[]} | ret=SUCCESS |  
2019-08-23 09:12:42,034 | INFO  | SCMAudit | user=jenkins1000 | ip=192.168.69.105 | op=SEND_HEARTBEAT {datanodeUUID=e3f86e53-8f15-4a09-b253-90a30ace4ba2, command=[]} | ret=SUCCESS |  
2019-08-23 09:12:42,421 | INFO  | SCMAudit | user=jenkins1000 | ip=192.168.69.105 | op=SEND_HEARTBEAT {datanodeUUID=480da6fd-5cad-42f6-a3a8-03ebe6e9ed72, command=[]} | ret=SUCCESS |  
2019-08-23 09:12:42,489 | INFO  | SCMAudit | user=jenkins1000 | ip=192.168.69.105 | op=SEND_HEARTBEAT {datanodeUUID=06d76673-acfc-4852-ba17-8edfd4d37f5d, command=[]} | ret=SUCCESS |  
2019-08-23 09:12:42,510 | INFO  | SCMAudit | user=jenkins1000 | ip=192.168.69.105 | op=SEND_HEARTBEAT {datanodeUUID=41b9b824-85d6-416a-bf4a-c5cccd6fce1e, command=[]} | ret=SUCCESS |  
2019-08-23 09:12:42,510 | INFO  | SCMAudit | user=jenkins1000 | ip=192.168.69.105 | op=SEND_HEARTBEAT {datanodeUUID=ce3b71d6-803c-4999-98a7-ed3c8197db33, command=[]} | ret=SUCCESS |  
2019-08-23 09:12:42,632 | INFO  | SCMAudit | user=jenkins1000 | ip=192.168.69.105 | op=SEND_HEARTBEAT {datanodeUUID=6db0b5b4-33e5-45b9-ab7c-8a068485ef09, command=[]} | ret=SUCCESS |  
2019-08-23 09:12:42,928 | INFO  | SCMAudit | user=jenkins1000 | ip=192.168.69.105 | op=SEND_HEARTBEAT {datanodeUUID=0a284024-13d6-46ed-b1db-6a3886ae2776, command=[]} | ret=SUCCESS |  
2019-08-23 09:12:43,033 | INFO  | SCMAudit | user=jenkins1000 | ip=192.168.69.105 | op=SEND_HEARTBEAT {datanodeUUID=e3f86e53-8f15-4a09-b253-90a30ace4ba2, command=[]} | ret=SUCCESS |  
2019-08-23 09:12:43,420 | INFO  | SCMAudit | user=jenkins1000 | ip=192.168.69.105 | op=SEND_HEARTBEAT {datanodeUUID=480da6fd-5cad-42f6-a3a8-03ebe6e9ed72, command=[]} | ret=SUCCESS |  
2019-08-23 09:12:43,489 | INFO  | SCMAudit | user=jenkins1000 | ip=192.168.69.105 | op=SEND_HEARTBEAT {datanodeUUID=06d76673-acfc-4852-ba17-8edfd4d37f5d, command=[]} | ret=SUCCESS |  
2019-08-23 09:12:43,510 | INFO  | SCMAudit | user=jenkins1000 | ip=192.168.69.105 | op=SEND_HEARTBEAT {datanodeUUID=ce3b71d6-803c-4999-98a7-ed3c8197db33, command=[]} | ret=SUCCESS |  
2019-08-23 09:12:43,510 | INFO  | SCMAudit | user=jenkins1000 | ip=192.168.69.105 | op=SEND_HEARTBEAT {datanodeUUID=41b9b824-85d6-416a-bf4a-c5cccd6fce1e, command=[]} | ret=SUCCESS |  
2019-08-23 09:12:43,633 | INFO  | SCMAudit | user=jenkins1000 | ip=192.168.69.105 | op=SEND_HEARTBEAT {datanodeUUID=6db0b5b4-33e5-45b9-ab7c-8a068485ef09, command=[]} | ret=SUCCESS |  
2019-08-23 09:12:43,932 | INFO  | SCMAudit | user=jenkins1000 | ip=192.168.69.105 | op=SEND_HEARTBEAT {datanodeUUID=0a284024-13d6-46ed-b1db-6a3886ae2776, command=[]} | ret=SUCCESS |  
2019-08-23 09:12:44,033 | INFO  | SCMAudit | user=jenkins1000 | ip=192.168.69.105 | op=SEND_HEARTBEAT {datanodeUUID=e3f86e53-8f15-4a09-b253-90a30ace4ba2, command=[]} | ret=SUCCESS |  
2019-08-23 09:12:44,420 | INFO  | SCMAudit | user=jenkins1000 | ip=192.168.69.105 | op=SEND_HEARTBEAT {datanodeUUID=480da6fd-5cad-42f6-a3a8-03ebe6e9ed72, command=[]} | ret=SUCCESS |  
2019-08-23 09:12:44,490 | INFO  | SCMAudit | user=jenkins1000 | ip=192.168.69.105 | op=SEND_HEARTBEAT {datanodeUUID=06d76673-acfc-4852-ba17-8edfd4d37f5d, command=[]} | ret=SUCCESS |  
2019-08-23 09:12:44,511 | INFO  | SCMAudit | user=jenkins1000 | ip=192.168.69.105 | op=SEND_HEARTBEAT {datanodeUUID=41b9b824-85d6-416a-bf4a-c5cccd6fce1e, command=[]} | ret=SUCCESS |  
2019-08-23 09:12:44,513 | INFO  | SCMAudit | user=jenkins1000 | ip=192.168.69.105 | op=SEND_HEARTBEAT {datanodeUUID=ce3b71d6-803c-4999-98a7-ed3c8197db33, command=[]} | ret=SUCCESS |  
2019-08-23 09:12:44,633 | INFO  | SCMAudit | user=jenkins1000 | ip=192.168.69.105 | op=SEND_HEARTBEAT {datanodeUUID=6db0b5b4-33e5-45b9-ab7c-8a068485ef09, command=[]} | ret=SUCCESS |  
2019-08-23 09:12:44,930 | INFO  | SCMAudit | user=jenkins1000 | ip=192.168.69.105 | op=SEND_HEARTBEAT {datanodeUUID=0a284024-13d6-46ed-b1db-6a3886ae2776, command=[]} | ret=SUCCESS |  
2019-08-23 09:12:44,958 [grpc-default-executor-1] INFO  client.GrpcClientProtocolClient (GrpcClientProtocolClient.java:onNext(255)) - client-E82DA6E02431->ce3b71d6-803c-4999-98a7-ed3c8197db33: receive RaftClientReply:client-E82DA6E02431->ce3b71d6-803c-4999-98a7-ed3c8197db33@group-73033864ACD7, cid=45, FAILED org.apache.ratis.protocol.NotLeaderException: Server ce3b71d6-803c-4999-98a7-ed3c8197db33 is not the leader (06d76673-acfc-4852-ba17-8edfd4d37f5d:192.168.69.105:42001). Request must be sent to leader., logIndex=0, commits[ce3b71d6-803c-4999-98a7-ed3c8197db33:c8, 41b9b824-85d6-416a-bf4a-c5cccd6fce1e:c8, 06d76673-acfc-4852-ba17-8edfd4d37f5d:c8]
2019-08-23 09:12:45,034 | INFO  | SCMAudit | user=jenkins1000 | ip=192.168.69.105 | op=SEND_HEARTBEAT {datanodeUUID=e3f86e53-8f15-4a09-b253-90a30ace4ba2, command=[]} | ret=SUCCESS |  
2019-08-23 09:12:45,421 | INFO  | SCMAudit | user=jenkins1000 | ip=192.168.69.105 | op=SEND_HEARTBEAT {datanodeUUID=480da6fd-5cad-42f6-a3a8-03ebe6e9ed72, command=[]} | ret=SUCCESS |  
2019-08-23 09:12:45,490 | INFO  | SCMAudit | user=jenkins1000 | ip=192.168.69.105 | op=SEND_HEARTBEAT {datanodeUUID=06d76673-acfc-4852-ba17-8edfd4d37f5d, command=[]} | ret=SUCCESS |  
2019-08-23 09:12:45,510 | INFO  | SCMAudit | user=jenkins1000 | ip=192.168.69.105 | op=SEND_HEARTBEAT {datanodeUUID=ce3b71d6-803c-4999-98a7-ed3c8197db33, command=[]} | ret=SUCCESS |  
2019-08-23 09:12:45,511 | INFO  | SCMAudit | user=jenkins1000 | ip=192.168.69.105 | op=SEND_HEARTBEAT {datanodeUUID=41b9b824-85d6-416a-bf4a-c5cccd6fce1e, command=[]} | ret=SUCCESS |  
2019-08-23 09:12:45,633 | INFO  | SCMAudit | user=jenkins1000 | ip=192.168.69.105 | op=SEND_HEARTBEAT {datanodeUUID=6db0b5b4-33e5-45b9-ab7c-8a068485ef09, command=[]} | ret=SUCCESS |  
2019-08-23 09:12:45,931 | INFO  | SCMAudit | user=jenkins1000 | ip=192.168.69.105 | op=SEND_HEARTBEAT {datanodeUUID=0a284024-13d6-46ed-b1db-6a3886ae2776, command=[]} | ret=SUCCESS |  
2019-08-23 09:12:46,033 | INFO  | SCMAudit | user=jenkins1000 | ip=192.168.69.105 | op=SEND_HEARTBEAT {datanodeUUID=e3f86e53-8f15-4a09-b253-90a30ace4ba2, command=[]} | ret=SUCCESS |  
2019-08-23 09:12:46,421 | INFO  | SCMAudit | user=jenkins1000 | ip=192.168.69.105 | op=SEND_HEARTBEAT {datanodeUUID=480da6fd-5cad-42f6-a3a8-03ebe6e9ed72, command=[]} | ret=SUCCESS |  
2019-08-23 09:12:46,490 | INFO  | SCMAudit | user=jenkins1000 | ip=192.168.69.105 | op=SEND_HEARTBEAT {datanodeUUID=06d76673-acfc-4852-ba17-8edfd4d37f5d, command=[]} | ret=SUCCESS |  
2019-08-23 09:12:46,510 | INFO  | SCMAudit | user=jenkins1000 | ip=192.168.69.105 | op=SEND_HEARTBEAT {datanodeUUID=ce3b71d6-803c-4999-98a7-ed3c8197db33, command=[]} | ret=SUCCESS |  
2019-08-23 09:12:46,511 | INFO  | SCMAudit | user=jenkins1000 | ip=192.168.69.105 | op=SEND_HEARTBEAT {datanodeUUID=41b9b824-85d6-416a-bf4a-c5cccd6fce1e, command=[]} | ret=SUCCESS |  
2019-08-23 09:12:46,635 | INFO  | SCMAudit | user=jenkins1000 | ip=192.168.69.105 | op=SEND_HEARTBEAT {datanodeUUID=6db0b5b4-33e5-45b9-ab7c-8a068485ef09, command=[]} | ret=SUCCESS |  
2019-08-23 09:12:46,930 | INFO  | SCMAudit | user=jenkins1000 | ip=192.168.69.105 | op=SEND_HEARTBEAT {datanodeUUID=0a284024-13d6-46ed-b1db-6a3886ae2776, command=[]} | ret=SUCCESS |  
2019-08-23 09:12:47,034 | INFO  | SCMAudit | user=jenkins1000 | ip=192.168.69.105 | op=SEND_HEARTBEAT {datanodeUUID=e3f86e53-8f15-4a09-b253-90a30ace4ba2, command=[]} | ret=SUCCESS |  
2019-08-23 09:12:47,421 | INFO  | SCMAudit | user=jenkins1000 | ip=192.168.69.105 | op=SEND_HEARTBEAT {datanodeUUID=480da6fd-5cad-42f6-a3a8-03ebe6e9ed72, command=[]} | ret=SUCCESS |  
2019-08-23 09:12:47,489 | INFO  | SCMAudit | user=jenkins1000 | ip=192.168.69.105 | op=SEND_HEARTBEAT {datanodeUUID=06d76673-acfc-4852-ba17-8edfd4d37f5d, command=[]} | ret=SUCCESS |  
2019-08-23 09:12:47,510 | INFO  | SCMAudit | user=jenkins1000 | ip=192.168.69.105 | op=SEND_HEARTBEAT {datanodeUUID=ce3b71d6-803c-4999-98a7-ed3c8197db33, command=[]} | ret=SUCCESS |  
2019-08-23 09:12:47,511 | INFO  | SCMAudit | user=jenkins1000 | ip=192.168.69.105 | op=SEND_HEARTBEAT {datanodeUUID=41b9b824-85d6-416a-bf4a-c5cccd6fce1e, command=[]} | ret=SUCCESS |  
2019-08-23 09:12:47,635 | INFO  | SCMAudit | user=jenkins1000 | ip=192.168.69.105 | op=SEND_HEARTBEAT {datanodeUUID=6db0b5b4-33e5-45b9-ab7c-8a068485ef09, command=[]} | ret=SUCCESS |  
2019-08-23 09:12:47,931 | INFO  | SCMAudit | user=jenkins1000 | ip=192.168.69.105 | op=SEND_HEARTBEAT {datanodeUUID=0a284024-13d6-46ed-b1db-6a3886ae2776, command=[]} | ret=SUCCESS |  
2019-08-23 09:12:48,034 | INFO  | SCMAudit | user=jenkins1000 | ip=192.168.69.105 | op=SEND_HEARTBEAT {datanodeUUID=e3f86e53-8f15-4a09-b253-90a30ace4ba2, command=[]} | ret=SUCCESS |  
2019-08-23 09:12:48,421 | INFO  | SCMAudit | user=jenkins1000 | ip=192.168.69.105 | op=SEND_HEARTBEAT {datanodeUUID=480da6fd-5cad-42f6-a3a8-03ebe6e9ed72, command=[]} | ret=SUCCESS |  
2019-08-23 09:12:48,490 | INFO  | SCMAudit | user=jenkins1000 | ip=192.168.69.105 | op=SEND_HEARTBEAT {datanodeUUID=06d76673-acfc-4852-ba17-8edfd4d37f5d, command=[]} | ret=SUCCESS |  
2019-08-23 09:12:48,510 | INFO  | SCMAudit | user=jenkins1000 | ip=192.168.69.105 | op=SEND_HEARTBEAT {datanodeUUID=ce3b71d6-803c-4999-98a7-ed3c8197db33, command=[]} | ret=SUCCESS |  
2019-08-23 09:12:48,512 | INFO  | SCMAudit | user=jenkins1000 | ip=192.168.69.105 | op=SEND_HEARTBEAT {datanodeUUID=41b9b824-85d6-416a-bf4a-c5cccd6fce1e, command=[]} | ret=SUCCESS |  
2019-08-23 09:12:48,634 | INFO  | SCMAudit | user=jenkins1000 | ip=192.168.69.105 | op=SEND_HEARTBEAT {datanodeUUID=6db0b5b4-33e5-45b9-ab7c-8a068485ef09, command=[]} | ret=SUCCESS |  
2019-08-23 09:12:48,930 | INFO  | SCMAudit | user=jenkins1000 | ip=192.168.69.105 | op=SEND_HEARTBEAT {datanodeUUID=0a284024-13d6-46ed-b1db-6a3886ae2776, command=[]} | ret=SUCCESS |  
2019-08-23 09:12:49,035 | INFO  | SCMAudit | user=jenkins1000 | ip=192.168.69.105 | op=SEND_HEARTBEAT {datanodeUUID=e3f86e53-8f15-4a09-b253-90a30ace4ba2, command=[]} | ret=SUCCESS |  
2019-08-23 09:12:49,421 | INFO  | SCMAudit | user=jenkins1000 | ip=192.168.69.105 | op=SEND_HEARTBEAT {datanodeUUID=480da6fd-5cad-42f6-a3a8-03ebe6e9ed72, command=[]} | ret=SUCCESS |  
2019-08-23 09:12:49,489 | INFO  | SCMAudit | user=jenkins1000 | ip=192.168.69.105 | op=SEND_HEARTBEAT {datanodeUUID=06d76673-acfc-4852-ba17-8edfd4d37f5d, command=[]} | ret=SUCCESS |  
2019-08-23 09:12:49,510 | INFO  | SCMAudit | user=jenkins1000 | ip=192.168.69.105 | op=SEND_HEARTBEAT {datanodeUUID=ce3b71d6-803c-4999-98a7-ed3c8197db33, command=[]} | ret=SUCCESS |  
2019-08-23 09:12:49,512 | INFO  | SCMAudit | user=jenkins1000 | ip=192.168.69.105 | op=SEND_HEARTBEAT {datanodeUUID=41b9b824-85d6-416a-bf4a-c5cccd6fce1e, command=[]} | ret=SUCCESS |  
2019-08-23 09:12:49,635 | INFO  | SCMAudit | user=jenkins1000 | ip=192.168.69.105 | op=SEND_HEARTBEAT {datanodeUUID=6db0b5b4-33e5-45b9-ab7c-8a068485ef09, command=[]} | ret=SUCCESS |  
2019-08-23 09:12:49,931 | INFO  | SCMAudit | user=jenkins1000 | ip=192.168.69.105 | op=SEND_HEARTBEAT {datanodeUUID=0a284024-13d6-46ed-b1db-6a3886ae2776, command=[]} | ret=SUCCESS |  
2019-08-23 09:12:49,995 [grpc-default-executor-1] INFO  client.GrpcClientProtocolClient (GrpcClientProtocolClient.java:onNext(255)) - client-E82DA6E02431->ce3b71d6-803c-4999-98a7-ed3c8197db33: receive RaftClientReply:client-E82DA6E02431->ce3b71d6-803c-4999-98a7-ed3c8197db33@group-73033864ACD7, cid=45, FAILED org.apache.ratis.protocol.NotLeaderException: Server ce3b71d6-803c-4999-98a7-ed3c8197db33 is not the leader (06d76673-acfc-4852-ba17-8edfd4d37f5d:192.168.69.105:42001). Request must be sent to leader., logIndex=0, commits[ce3b71d6-803c-4999-98a7-ed3c8197db33:c8, 41b9b824-85d6-416a-bf4a-c5cccd6fce1e:c8, 06d76673-acfc-4852-ba17-8edfd4d37f5d:c8]
2019-08-23 09:12:50,034 | INFO  | SCMAudit | user=jenkins1000 | ip=192.168.69.105 | op=SEND_HEARTBEAT {datanodeUUID=e3f86e53-8f15-4a09-b253-90a30ace4ba2, command=[]} | ret=SUCCESS |  
2019-08-23 09:12:50,420 | INFO  | SCMAudit | user=jenkins1000 | ip=192.168.69.105 | op=SEND_HEARTBEAT {datanodeUUID=480da6fd-5cad-42f6-a3a8-03ebe6e9ed72, command=[]} | ret=SUCCESS |  
2019-08-23 09:12:50,490 | INFO  | SCMAudit | user=jenkins1000 | ip=192.168.69.105 | op=SEND_HEARTBEAT {datanodeUUID=06d76673-acfc-4852-ba17-8edfd4d37f5d, command=[]} | ret=SUCCESS |  
2019-08-23 09:12:50,511 | INFO  | SCMAudit | user=jenkins1000 | ip=192.168.69.105 | op=SEND_HEARTBEAT {datanodeUUID=ce3b71d6-803c-4999-98a7-ed3c8197db33, command=[]} | ret=SUCCESS |  
2019-08-23 09:12:50,512 | INFO  | SCMAudit | user=jenkins1000 | ip=192.168.69.105 | op=SEND_HEARTBEAT {datanodeUUID=41b9b824-85d6-416a-bf4a-c5cccd6fce1e, command=[]} | ret=SUCCESS |  
2019-08-23 09:12:50,635 | INFO  | SCMAudit | user=jenkins1000 | ip=192.168.69.105 | op=SEND_HEARTBEAT {datanodeUUID=6db0b5b4-33e5-45b9-ab7c-8a068485ef09, command=[]} | ret=SUCCESS |  
2019-08-23 09:12:50,930 | INFO  | SCMAudit | user=jenkins1000 | ip=192.168.69.105 | op=SEND_HEARTBEAT {datanodeUUID=0a284024-13d6-46ed-b1db-6a3886ae2776, command=[]} | ret=SUCCESS |  
2019-08-23 09:12:51,035 | INFO  | SCMAudit | user=jenkins1000 | ip=192.168.69.105 | op=SEND_HEARTBEAT {datanodeUUID=e3f86e53-8f15-4a09-b253-90a30ace4ba2, command=[]} | ret=SUCCESS |  
2019-08-23 09:12:51,420 | INFO  | SCMAudit | user=jenkins1000 | ip=192.168.69.105 | op=SEND_HEARTBEAT {datanodeUUID=480da6fd-5cad-42f6-a3a8-03ebe6e9ed72, command=[]} | ret=SUCCESS |  
2019-08-23 09:12:51,491 | INFO  | SCMAudit | user=jenkins1000 | ip=192.168.69.105 | op=SEND_HEARTBEAT {datanodeUUID=06d76673-acfc-4852-ba17-8edfd4d37f5d, command=[]} | ret=SUCCESS |  
2019-08-23 09:12:51,511 | INFO  | SCMAudit | user=jenkins1000 | ip=192.168.69.105 | op=SEND_HEARTBEAT {datanodeUUID=ce3b71d6-803c-4999-98a7-ed3c8197db33, command=[]} | ret=SUCCESS |  
2019-08-23 09:12:51,512 | INFO  | SCMAudit | user=jenkins1000 | ip=192.168.69.105 | op=SEND_HEARTBEAT {datanodeUUID=41b9b824-85d6-416a-bf4a-c5cccd6fce1e, command=[]} | ret=SUCCESS |  
2019-08-23 09:12:51,636 | INFO  | SCMAudit | user=jenkins1000 | ip=192.168.69.105 | op=SEND_HEARTBEAT {datanodeUUID=6db0b5b4-33e5-45b9-ab7c-8a068485ef09, command=[]} | ret=SUCCESS |  
2019-08-23 09:12:51,931 | INFO  | SCMAudit | user=jenkins1000 | ip=192.168.69.105 | op=SEND_HEARTBEAT {datanodeUUID=0a284024-13d6-46ed-b1db-6a3886ae2776, command=[]} | ret=SUCCESS |  
2019-08-23 09:12:52,034 | INFO  | SCMAudit | user=jenkins1000 | ip=192.168.69.105 | op=SEND_HEARTBEAT {datanodeUUID=e3f86e53-8f15-4a09-b253-90a30ace4ba2, command=[]} | ret=SUCCESS |  
2019-08-23 09:12:52,421 | INFO  | SCMAudit | user=jenkins1000 | ip=192.168.69.105 | op=SEND_HEARTBEAT {datanodeUUID=480da6fd-5cad-42f6-a3a8-03ebe6e9ed72, command=[]} | ret=SUCCESS |  
2019-08-23 09:12:52,490 | INFO  | SCMAudit | user=jenkins1000 | ip=192.168.69.105 | op=SEND_HEARTBEAT {datanodeUUID=06d76673-acfc-4852-ba17-8edfd4d37f5d, command=[]} | ret=SUCCESS |  
2019-08-23 09:12:52,511 | INFO  | SCMAudit | user=jenkins1000 | ip=192.168.69.105 | op=SEND_HEARTBEAT {datanodeUUID=ce3b71d6-803c-4999-98a7-ed3c8197db33, command=[]} | ret=SUCCESS |  
2019-08-23 09:12:52,513 | INFO  | SCMAudit | user=jenkins1000 | ip=192.168.69.105 | op=SEND_HEARTBEAT {datanodeUUID=41b9b824-85d6-416a-bf4a-c5cccd6fce1e, command=[]} | ret=SUCCESS |  
2019-08-23 09:12:52,636 | INFO  | SCMAudit | user=jenkins1000 | ip=192.168.69.105 | op=SEND_HEARTBEAT {datanodeUUID=6db0b5b4-33e5-45b9-ab7c-8a068485ef09, command=[]} | ret=SUCCESS |  
2019-08-23 09:12:52,930 | INFO  | SCMAudit | user=jenkins1000 | ip=192.168.69.105 | op=SEND_HEARTBEAT {datanodeUUID=0a284024-13d6-46ed-b1db-6a3886ae2776, command=[]} | ret=SUCCESS |  
2019-08-23 09:12:53,035 | INFO  | SCMAudit | user=jenkins1000 | ip=192.168.69.105 | op=SEND_HEARTBEAT {datanodeUUID=e3f86e53-8f15-4a09-b253-90a30ace4ba2, command=[]} | ret=SUCCESS |  
2019-08-23 09:12:53,421 | INFO  | SCMAudit | user=jenkins1000 | ip=192.168.69.105 | op=SEND_HEARTBEAT {datanodeUUID=480da6fd-5cad-42f6-a3a8-03ebe6e9ed72, command=[]} | ret=SUCCESS |  
2019-08-23 09:12:53,491 | INFO  | SCMAudit | user=jenkins1000 | ip=192.168.69.105 | op=SEND_HEARTBEAT {datanodeUUID=06d76673-acfc-4852-ba17-8edfd4d37f5d, command=[]} | ret=SUCCESS |  
2019-08-23 09:12:53,511 | INFO  | SCMAudit | user=jenkins1000 | ip=192.168.69.105 | op=SEND_HEARTBEAT {datanodeUUID=ce3b71d6-803c-4999-98a7-ed3c8197db33, command=[]} | ret=SUCCESS |  
2019-08-23 09:12:53,513 | INFO  | SCMAudit | user=jenkins1000 | ip=192.168.69.105 | op=SEND_HEARTBEAT {datanodeUUID=41b9b824-85d6-416a-bf4a-c5cccd6fce1e, command=[]} | ret=SUCCESS |  
2019-08-23 09:12:53,637 | INFO  | SCMAudit | user=jenkins1000 | ip=192.168.69.105 | op=SEND_HEARTBEAT {datanodeUUID=6db0b5b4-33e5-45b9-ab7c-8a068485ef09, command=[]} | ret=SUCCESS |  
2019-08-23 09:12:53,930 | INFO  | SCMAudit | user=jenkins1000 | ip=192.168.69.105 | op=SEND_HEARTBEAT {datanodeUUID=0a284024-13d6-46ed-b1db-6a3886ae2776, command=[]} | ret=SUCCESS |  
2019-08-23 09:12:54,034 | INFO  | SCMAudit | user=jenkins1000 | ip=192.168.69.105 | op=SEND_HEARTBEAT {datanodeUUID=e3f86e53-8f15-4a09-b253-90a30ace4ba2, command=[]} | ret=SUCCESS |  
2019-08-23 09:12:54,421 | INFO  | SCMAudit | user=jenkins1000 | ip=192.168.69.105 | op=SEND_HEARTBEAT {datanodeUUID=480da6fd-5cad-42f6-a3a8-03ebe6e9ed72, command=[]} | ret=SUCCESS |  
2019-08-23 09:12:54,490 | INFO  | SCMAudit | user=jenkins1000 | ip=192.168.69.105 | op=SEND_HEARTBEAT {datanodeUUID=06d76673-acfc-4852-ba17-8edfd4d37f5d, command=[]} | ret=SUCCESS |  
2019-08-23 09:12:54,511 | INFO  | SCMAudit | user=jenkins1000 | ip=192.168.69.105 | op=SEND_HEARTBEAT {datanodeUUID=ce3b71d6-803c-4999-98a7-ed3c8197db33, command=[]} | ret=SUCCESS |  
2019-08-23 09:12:54,513 | INFO  | SCMAudit | user=jenkins1000 | ip=192.168.69.105 | op=SEND_HEARTBEAT {datanodeUUID=41b9b824-85d6-416a-bf4a-c5cccd6fce1e, command=[]} | ret=SUCCESS |  
2019-08-23 09:12:54,637 | INFO  | SCMAudit | user=jenkins1000 | ip=192.168.69.105 | op=SEND_HEARTBEAT {datanodeUUID=6db0b5b4-33e5-45b9-ab7c-8a068485ef09, command=[]} | ret=SUCCESS |  
2019-08-23 09:12:54,931 | INFO  | SCMAudit | user=jenkins1000 | ip=192.168.69.105 | op=SEND_HEARTBEAT {datanodeUUID=0a284024-13d6-46ed-b1db-6a3886ae2776, command=[]} | ret=SUCCESS |  
2019-08-23 09:12:55,039 | INFO  | SCMAudit | user=jenkins1000 | ip=192.168.69.105 | op=SEND_HEARTBEAT {datanodeUUID=e3f86e53-8f15-4a09-b253-90a30ace4ba2, command=[]} | ret=SUCCESS |  
2019-08-23 09:12:55,040 [grpc-default-executor-2] INFO  client.GrpcClientProtocolClient (GrpcClientProtocolClient.java:onNext(255)) - client-E82DA6E02431->41b9b824-85d6-416a-bf4a-c5cccd6fce1e: receive RaftClientReply:client-E82DA6E02431->41b9b824-85d6-416a-bf4a-c5cccd6fce1e@group-73033864ACD7, cid=45, FAILED org.apache.ratis.protocol.NotLeaderException: Server 41b9b824-85d6-416a-bf4a-c5cccd6fce1e is not the leader (06d76673-acfc-4852-ba17-8edfd4d37f5d:192.168.69.105:42001). Request must be sent to leader., logIndex=0, commits[41b9b824-85d6-416a-bf4a-c5cccd6fce1e:c8, ce3b71d6-803c-4999-98a7-ed3c8197db33:c8, 06d76673-acfc-4852-ba17-8edfd4d37f5d:c8]
2019-08-23 09:12:55,422 | INFO  | SCMAudit | user=jenkins1000 | ip=192.168.69.105 | op=SEND_HEARTBEAT {datanodeUUID=480da6fd-5cad-42f6-a3a8-03ebe6e9ed72, command=[]} | ret=SUCCESS |  
2019-08-23 09:12:55,491 | INFO  | SCMAudit | user=jenkins1000 | ip=192.168.69.105 | op=SEND_HEARTBEAT {datanodeUUID=06d76673-acfc-4852-ba17-8edfd4d37f5d, command=[]} | ret=SUCCESS |  
2019-08-23 09:12:55,511 | INFO  | SCMAudit | user=jenkins1000 | ip=192.168.69.105 | op=SEND_HEARTBEAT {datanodeUUID=ce3b71d6-803c-4999-98a7-ed3c8197db33, command=[]} | ret=SUCCESS |  
2019-08-23 09:12:55,514 | INFO  | SCMAudit | user=jenkins1000 | ip=192.168.69.105 | op=SEND_HEARTBEAT {datanodeUUID=41b9b824-85d6-416a-bf4a-c5cccd6fce1e, command=[]} | ret=SUCCESS |  
2019-08-23 09:12:55,637 | INFO  | SCMAudit | user=jenkins1000 | ip=192.168.69.105 | op=SEND_HEARTBEAT {datanodeUUID=6db0b5b4-33e5-45b9-ab7c-8a068485ef09, command=[]} | ret=SUCCESS |  
2019-08-23 09:12:55,932 | INFO  | SCMAudit | user=jenkins1000 | ip=192.168.69.105 | op=SEND_HEARTBEAT {datanodeUUID=0a284024-13d6-46ed-b1db-6a3886ae2776, command=[]} | ret=SUCCESS |  
2019-08-23 09:12:56,034 | INFO  | SCMAudit | user=jenkins1000 | ip=192.168.69.105 | op=SEND_HEARTBEAT {datanodeUUID=e3f86e53-8f15-4a09-b253-90a30ace4ba2, command=[]} | ret=SUCCESS |  
2019-08-23 09:12:56,422 | INFO  | SCMAudit | user=jenkins1000 | ip=192.168.69.105 | op=SEND_HEARTBEAT {datanodeUUID=480da6fd-5cad-42f6-a3a8-03ebe6e9ed72, command=[]} | ret=SUCCESS |  
2019-08-23 09:12:56,492 | INFO  | SCMAudit | user=jenkins1000 | ip=192.168.69.105 | op=SEND_HEARTBEAT {datanodeUUID=06d76673-acfc-4852-ba17-8edfd4d37f5d, command=[]} | ret=SUCCESS |  
2019-08-23 09:12:56,511 | INFO  | SCMAudit | user=jenkins1000 | ip=192.168.69.105 | op=SEND_HEARTBEAT {datanodeUUID=ce3b71d6-803c-4999-98a7-ed3c8197db33, command=[]} | ret=SUCCESS |  
2019-08-23 09:12:56,513 | INFO  | SCMAudit | user=jenkins1000 | ip=192.168.69.105 | op=SEND_HEARTBEAT {datanodeUUID=41b9b824-85d6-416a-bf4a-c5cccd6fce1e, command=[]} | ret=SUCCESS |  
2019-08-23 09:12:56,638 | INFO  | SCMAudit | user=jenkins1000 | ip=192.168.69.105 | op=SEND_HEARTBEAT {datanodeUUID=6db0b5b4-33e5-45b9-ab7c-8a068485ef09, command=[]} | ret=SUCCESS |  
2019-08-23 09:12:56,932 | INFO  | SCMAudit | user=jenkins1000 | ip=192.168.69.105 | op=SEND_HEARTBEAT {datanodeUUID=0a284024-13d6-46ed-b1db-6a3886ae2776, command=[]} | ret=SUCCESS |  
2019-08-23 09:12:57,035 | INFO  | SCMAudit | user=jenkins1000 | ip=192.168.69.105 | op=SEND_HEARTBEAT {datanodeUUID=e3f86e53-8f15-4a09-b253-90a30ace4ba2, command=[]} | ret=SUCCESS |  
2019-08-23 09:12:57,421 | INFO  | SCMAudit | user=jenkins1000 | ip=192.168.69.105 | op=SEND_HEARTBEAT {datanodeUUID=480da6fd-5cad-42f6-a3a8-03ebe6e9ed72, command=[]} | ret=SUCCESS |  
2019-08-23 09:12:57,492 | INFO  | SCMAudit | user=jenkins1000 | ip=192.168.69.105 | op=SEND_HEARTBEAT {datanodeUUID=06d76673-acfc-4852-ba17-8edfd4d37f5d, command=[]} | ret=SUCCESS |  
2019-08-23 09:12:57,512 | INFO  | SCMAudit | user=jenkins1000 | ip=192.168.69.105 | op=SEND_HEARTBEAT {datanodeUUID=ce3b71d6-803c-4999-98a7-ed3c8197db33, command=[]} | ret=SUCCESS |  
2019-08-23 09:12:57,513 | INFO  | SCMAudit | user=jenkins1000 | ip=192.168.69.105 | op=SEND_HEARTBEAT {datanodeUUID=41b9b824-85d6-416a-bf4a-c5cccd6fce1e, command=[]} | ret=SUCCESS |  
2019-08-23 09:12:57,637 | INFO  | SCMAudit | user=jenkins1000 | ip=192.168.69.105 | op=SEND_HEARTBEAT {datanodeUUID=6db0b5b4-33e5-45b9-ab7c-8a068485ef09, command=[]} | ret=SUCCESS |  
2019-08-23 09:12:57,932 | INFO  | SCMAudit | user=jenkins1000 | ip=192.168.69.105 | op=SEND_HEARTBEAT {datanodeUUID=0a284024-13d6-46ed-b1db-6a3886ae2776, command=[]} | ret=SUCCESS |  
2019-08-23 09:12:58,038 | INFO  | SCMAudit | user=jenkins1000 | ip=192.168.69.105 | op=SEND_HEARTBEAT {datanodeUUID=e3f86e53-8f15-4a09-b253-90a30ace4ba2, command=[]} | ret=SUCCESS |  
2019-08-23 09:12:58,421 | INFO  | SCMAudit | user=jenkins1000 | ip=192.168.69.105 | op=SEND_HEARTBEAT {datanodeUUID=480da6fd-5cad-42f6-a3a8-03ebe6e9ed72, command=[]} | ret=SUCCESS |  
2019-08-23 09:12:58,493 | INFO  | SCMAudit | user=jenkins1000 | ip=192.168.69.105 | op=SEND_HEARTBEAT {datanodeUUID=06d76673-acfc-4852-ba17-8edfd4d37f5d, command=[]} | ret=SUCCESS |  
2019-08-23 09:12:58,512 | INFO  | SCMAudit | user=jenkins1000 | ip=192.168.69.105 | op=SEND_HEARTBEAT {datanodeUUID=ce3b71d6-803c-4999-98a7-ed3c8197db33, command=[]} | ret=SUCCESS |  
2019-08-23 09:12:58,513 | INFO  | SCMAudit | user=jenkins1000 | ip=192.168.69.105 | op=SEND_HEARTBEAT {datanodeUUID=41b9b824-85d6-416a-bf4a-c5cccd6fce1e, command=[]} | ret=SUCCESS |  
2019-08-23 09:12:58,637 | INFO  | SCMAudit | user=jenkins1000 | ip=192.168.69.105 | op=SEND_HEARTBEAT {datanodeUUID=6db0b5b4-33e5-45b9-ab7c-8a068485ef09, command=[]} | ret=SUCCESS |  
2019-08-23 09:12:58,933 | INFO  | SCMAudit | user=jenkins1000 | ip=192.168.69.105 | op=SEND_HEARTBEAT {datanodeUUID=0a284024-13d6-46ed-b1db-6a3886ae2776, command=[]} | ret=SUCCESS |  
2019-08-23 09:12:59,038 | INFO  | SCMAudit | user=jenkins1000 | ip=192.168.69.105 | op=SEND_HEARTBEAT {datanodeUUID=e3f86e53-8f15-4a09-b253-90a30ace4ba2, command=[]} | ret=SUCCESS |  
2019-08-23 09:12:59,421 | INFO  | SCMAudit | user=jenkins1000 | ip=192.168.69.105 | op=SEND_HEARTBEAT {datanodeUUID=480da6fd-5cad-42f6-a3a8-03ebe6e9ed72, command=[]} | ret=SUCCESS |  
2019-08-23 09:12:59,492 | INFO  | SCMAudit | user=jenkins1000 | ip=192.168.69.105 | op=SEND_HEARTBEAT {datanodeUUID=06d76673-acfc-4852-ba17-8edfd4d37f5d, command=[]} | ret=SUCCESS |  
2019-08-23 09:12:59,512 | INFO  | SCMAudit | user=jenkins1000 | ip=192.168.69.105 | op=SEND_HEARTBEAT {datanodeUUID=ce3b71d6-803c-4999-98a7-ed3c8197db33, command=[]} | ret=SUCCESS |  
2019-08-23 09:12:59,514 | INFO  | SCMAudit | user=jenkins1000 | ip=192.168.69.105 | op=SEND_HEARTBEAT {datanodeUUID=41b9b824-85d6-416a-bf4a-c5cccd6fce1e, command=[]} | ret=SUCCESS |  
2019-08-23 09:12:59,638 | INFO  | SCMAudit | user=jenkins1000 | ip=192.168.69.105 | op=SEND_HEARTBEAT {datanodeUUID=6db0b5b4-33e5-45b9-ab7c-8a068485ef09, command=[]} | ret=SUCCESS |  
2019-08-23 09:12:59,932 | INFO  | SCMAudit | user=jenkins1000 | ip=192.168.69.105 | op=SEND_HEARTBEAT {datanodeUUID=0a284024-13d6-46ed-b1db-6a3886ae2776, command=[]} | ret=SUCCESS |  
2019-08-23 09:13:00,039 | INFO  | SCMAudit | user=jenkins1000 | ip=192.168.69.105 | op=SEND_HEARTBEAT {datanodeUUID=e3f86e53-8f15-4a09-b253-90a30ace4ba2, command=[]} | ret=SUCCESS |  
2019-08-23 09:13:00,083 [grpc-default-executor-1] INFO  client.GrpcClientProtocolClient (GrpcClientProtocolClient.java:onNext(255)) - client-E82DA6E02431->ce3b71d6-803c-4999-98a7-ed3c8197db33: receive RaftClientReply:client-E82DA6E02431->ce3b71d6-803c-4999-98a7-ed3c8197db33@group-73033864ACD7, cid=45, FAILED org.apache.ratis.protocol.NotLeaderException: Server ce3b71d6-803c-4999-98a7-ed3c8197db33 is not the leader (06d76673-acfc-4852-ba17-8edfd4d37f5d:192.168.69.105:42001). Request must be sent to leader., logIndex=0, commits[ce3b71d6-803c-4999-98a7-ed3c8197db33:c8, 41b9b824-85d6-416a-bf4a-c5cccd6fce1e:c8, 06d76673-acfc-4852-ba17-8edfd4d37f5d:c8]
2019-08-23 09:13:00,422 | INFO  | SCMAudit | user=jenkins1000 | ip=192.168.69.105 | op=SEND_HEARTBEAT {datanodeUUID=480da6fd-5cad-42f6-a3a8-03ebe6e9ed72, command=[]} | ret=SUCCESS |  
2019-08-23 09:13:00,492 | INFO  | SCMAudit | user=jenkins1000 | ip=192.168.69.105 | op=SEND_HEARTBEAT {datanodeUUID=06d76673-acfc-4852-ba17-8edfd4d37f5d, command=[]} | ret=SUCCESS |  
2019-08-23 09:13:00,512 | INFO  | SCMAudit | user=jenkins1000 | ip=192.168.69.105 | op=SEND_HEARTBEAT {datanodeUUID=ce3b71d6-803c-4999-98a7-ed3c8197db33, command=[]} | ret=SUCCESS |  
2019-08-23 09:13:00,514 | INFO  | SCMAudit | user=jenkins1000 | ip=192.168.69.105 | op=SEND_HEARTBEAT {datanodeUUID=41b9b824-85d6-416a-bf4a-c5cccd6fce1e, command=[]} | ret=SUCCESS |  
2019-08-23 09:13:00,638 | INFO  | SCMAudit | user=jenkins1000 | ip=192.168.69.105 | op=SEND_HEARTBEAT {datanodeUUID=6db0b5b4-33e5-45b9-ab7c-8a068485ef09, command=[]} | ret=SUCCESS |  
2019-08-23 09:13:00,932 | INFO  | SCMAudit | user=jenkins1000 | ip=192.168.69.105 | op=SEND_HEARTBEAT {datanodeUUID=0a284024-13d6-46ed-b1db-6a3886ae2776, command=[]} | ret=SUCCESS |  
2019-08-23 09:13:01,039 | INFO  | SCMAudit | user=jenkins1000 | ip=192.168.69.105 | op=SEND_HEARTBEAT {datanodeUUID=e3f86e53-8f15-4a09-b253-90a30ace4ba2, command=[]} | ret=SUCCESS |  
2019-08-23 09:13:01,422 | INFO  | SCMAudit | user=jenkins1000 | ip=192.168.69.105 | op=SEND_HEARTBEAT {datanodeUUID=480da6fd-5cad-42f6-a3a8-03ebe6e9ed72, command=[]} | ret=SUCCESS |  
2019-08-23 09:13:01,493 | INFO  | SCMAudit | user=jenkins1000 | ip=192.168.69.105 | op=SEND_HEARTBEAT {datanodeUUID=06d76673-acfc-4852-ba17-8edfd4d37f5d, command=[]} | ret=SUCCESS |  
2019-08-23 09:13:01,512 | INFO  | SCMAudit | user=jenkins1000 | ip=192.168.69.105 | op=SEND_HEARTBEAT {datanodeUUID=ce3b71d6-803c-4999-98a7-ed3c8197db33, command=[]} | ret=SUCCESS |  
2019-08-23 09:13:01,514 | INFO  | SCMAudit | user=jenkins1000 | ip=192.168.69.105 | op=SEND_HEARTBEAT {datanodeUUID=41b9b824-85d6-416a-bf4a-c5cccd6fce1e, command=[]} | ret=SUCCESS |  
2019-08-23 09:13:01,638 | INFO  | SCMAudit | user=jenkins1000 | ip=192.168.69.105 | op=SEND_HEARTBEAT {datanodeUUID=6db0b5b4-33e5-45b9-ab7c-8a068485ef09, command=[]} | ret=SUCCESS |  
2019-08-23 09:13:01,933 | INFO  | SCMAudit | user=jenkins1000 | ip=192.168.69.105 | op=SEND_HEARTBEAT {datanodeUUID=0a284024-13d6-46ed-b1db-6a3886ae2776, command=[]} | ret=SUCCESS |  
2019-08-23 09:13:02,040 | INFO  | SCMAudit | user=jenkins1000 | ip=192.168.69.105 | op=SEND_HEARTBEAT {datanodeUUID=e3f86e53-8f15-4a09-b253-90a30ace4ba2, command=[]} | ret=SUCCESS |  
2019-08-23 09:13:02,421 | INFO  | SCMAudit | user=jenkins1000 | ip=192.168.69.105 | op=SEND_HEARTBEAT {datanodeUUID=480da6fd-5cad-42f6-a3a8-03ebe6e9ed72, command=[]} | ret=SUCCESS |  
2019-08-23 09:13:02,492 | INFO  | SCMAudit | user=jenkins1000 | ip=192.168.69.105 | op=SEND_HEARTBEAT {datanodeUUID=06d76673-acfc-4852-ba17-8edfd4d37f5d, command=[]} | ret=SUCCESS |  
2019-08-23 09:13:02,513 | INFO  | SCMAudit | user=jenkins1000 | ip=192.168.69.105 | op=SEND_HEARTBEAT {datanodeUUID=ce3b71d6-803c-4999-98a7-ed3c8197db33, command=[]} | ret=SUCCESS |  
2019-08-23 09:13:02,515 | INFO  | SCMAudit | user=jenkins1000 | ip=192.168.69.105 | op=SEND_HEARTBEAT {datanodeUUID=41b9b824-85d6-416a-bf4a-c5cccd6fce1e, command=[]} | ret=SUCCESS |  
2019-08-23 09:13:02,639 | INFO  | SCMAudit | user=jenkins1000 | ip=192.168.69.105 | op=SEND_HEARTBEAT {datanodeUUID=6db0b5b4-33e5-45b9-ab7c-8a068485ef09, command=[]} | ret=SUCCESS |  
2019-08-23 09:13:02,932 | INFO  | SCMAudit | user=jenkins1000 | ip=192.168.69.105 | op=SEND_HEARTBEAT {datanodeUUID=0a284024-13d6-46ed-b1db-6a3886ae2776, command=[]} | ret=SUCCESS |  
2019-08-23 09:13:03,039 | INFO  | SCMAudit | user=jenkins1000 | ip=192.168.69.105 | op=SEND_HEARTBEAT {datanodeUUID=e3f86e53-8f15-4a09-b253-90a30ace4ba2, command=[]} | ret=SUCCESS |  
2019-08-23 09:13:03,422 | INFO  | SCMAudit | user=jenkins1000 | ip=192.168.69.105 | op=SEND_HEARTBEAT {datanodeUUID=480da6fd-5cad-42f6-a3a8-03ebe6e9ed72, command=[]} | ret=SUCCESS |  
2019-08-23 09:13:03,493 | INFO  | SCMAudit | user=jenkins1000 | ip=192.168.69.105 | op=SEND_HEARTBEAT {datanodeUUID=06d76673-acfc-4852-ba17-8edfd4d37f5d, command=[]} | ret=SUCCESS |  
2019-08-23 09:13:03,513 | INFO  | SCMAudit | user=jenkins1000 | ip=192.168.69.105 | op=SEND_HEARTBEAT {datanodeUUID=ce3b71d6-803c-4999-98a7-ed3c8197db33, command=[]} | ret=SUCCESS |  
2019-08-23 09:13:03,515 | INFO  | SCMAudit | user=jenkins1000 | ip=192.168.69.105 | op=SEND_HEARTBEAT {datanodeUUID=41b9b824-85d6-416a-bf4a-c5cccd6fce1e, command=[]} | ret=SUCCESS |  
2019-08-23 09:13:03,639 | INFO  | SCMAudit | user=jenkins1000 | ip=192.168.69.105 | op=SEND_HEARTBEAT {datanodeUUID=6db0b5b4-33e5-45b9-ab7c-8a068485ef09, command=[]} | ret=SUCCESS |  
2019-08-23 09:13:03,932 | INFO  | SCMAudit | user=jenkins1000 | ip=192.168.69.105 | op=SEND_HEARTBEAT {datanodeUUID=0a284024-13d6-46ed-b1db-6a3886ae2776, command=[]} | ret=SUCCESS |  
2019-08-23 09:13:04,040 | INFO  | SCMAudit | user=jenkins1000 | ip=192.168.69.105 | op=SEND_HEARTBEAT {datanodeUUID=e3f86e53-8f15-4a09-b253-90a30ace4ba2, command=[]} | ret=SUCCESS |  
2019-08-23 09:13:04,423 | INFO  | SCMAudit | user=jenkins1000 | ip=192.168.69.105 | op=SEND_HEARTBEAT {datanodeUUID=480da6fd-5cad-42f6-a3a8-03ebe6e9ed72, command=[]} | ret=SUCCESS |  
2019-08-23 09:13:04,492 | INFO  | SCMAudit | user=jenkins1000 | ip=192.168.69.105 | op=SEND_HEARTBEAT {datanodeUUID=06d76673-acfc-4852-ba17-8edfd4d37f5d, command=[]} | ret=SUCCESS |  
2019-08-23 09:13:04,513 | INFO  | SCMAudit | user=jenkins1000 | ip=192.168.69.105 | op=SEND_HEARTBEAT {datanodeUUID=ce3b71d6-803c-4999-98a7-ed3c8197db33, command=[]} | ret=SUCCESS |  
2019-08-23 09:13:04,515 | INFO  | SCMAudit | user=jenkins1000 | ip=192.168.69.105 | op=SEND_HEARTBEAT {datanodeUUID=41b9b824-85d6-416a-bf4a-c5cccd6fce1e, command=[]} | ret=SUCCESS |  
2019-08-23 09:13:04,640 | INFO  | SCMAudit | user=jenkins1000 | ip=192.168.69.105 | op=SEND_HEARTBEAT {datanodeUUID=6db0b5b4-33e5-45b9-ab7c-8a068485ef09, command=[]} | ret=SUCCESS |  
2019-08-23 09:13:04,932 | INFO  | SCMAudit | user=jenkins1000 | ip=192.168.69.105 | op=SEND_HEARTBEAT {datanodeUUID=0a284024-13d6-46ed-b1db-6a3886ae2776, command=[]} | ret=SUCCESS |  
2019-08-23 09:13:05,040 | INFO  | SCMAudit | user=jenkins1000 | ip=192.168.69.105 | op=SEND_HEARTBEAT {datanodeUUID=e3f86e53-8f15-4a09-b253-90a30ace4ba2, command=[]} | ret=SUCCESS |  
2019-08-23 09:13:05,129 [grpc-default-executor-1] INFO  client.GrpcClientProtocolClient (GrpcClientProtocolClient.java:onNext(255)) - client-E82DA6E02431->41b9b824-85d6-416a-bf4a-c5cccd6fce1e: receive RaftClientReply:client-E82DA6E02431->41b9b824-85d6-416a-bf4a-c5cccd6fce1e@group-73033864ACD7, cid=45, FAILED org.apache.ratis.protocol.NotLeaderException: Server 41b9b824-85d6-416a-bf4a-c5cccd6fce1e is not the leader (06d76673-acfc-4852-ba17-8edfd4d37f5d:192.168.69.105:42001). Request must be sent to leader., logIndex=0, commits[41b9b824-85d6-416a-bf4a-c5cccd6fce1e:c8, ce3b71d6-803c-4999-98a7-ed3c8197db33:c8, 06d76673-acfc-4852-ba17-8edfd4d37f5d:c8]
2019-08-23 09:13:05,422 | INFO  | SCMAudit | user=jenkins1000 | ip=192.168.69.105 | op=SEND_HEARTBEAT {datanodeUUID=480da6fd-5cad-42f6-a3a8-03ebe6e9ed72, command=[]} | ret=SUCCESS |  
2019-08-23 09:13:05,492 | INFO  | SCMAudit | user=jenkins1000 | ip=192.168.69.105 | op=SEND_HEARTBEAT {datanodeUUID=06d76673-acfc-4852-ba17-8edfd4d37f5d, command=[]} | ret=SUCCESS |  
2019-08-23 09:13:05,514 | INFO  | SCMAudit | user=jenkins1000 | ip=192.168.69.105 | op=SEND_HEARTBEAT {datanodeUUID=ce3b71d6-803c-4999-98a7-ed3c8197db33, command=[]} | ret=SUCCESS |  
2019-08-23 09:13:05,516 | INFO  | SCMAudit | user=jenkins1000 | ip=192.168.69.105 | op=SEND_HEARTBEAT {datanodeUUID=41b9b824-85d6-416a-bf4a-c5cccd6fce1e, command=[]} | ret=SUCCESS |  
2019-08-23 09:13:05,640 | INFO  | SCMAudit | user=jenkins1000 | ip=192.168.69.105 | op=SEND_HEARTBEAT {datanodeUUID=6db0b5b4-33e5-45b9-ab7c-8a068485ef09, command=[]} | ret=SUCCESS |  
2019-08-23 09:13:05,932 | INFO  | SCMAudit | user=jenkins1000 | ip=192.168.69.105 | op=SEND_HEARTBEAT {datanodeUUID=0a284024-13d6-46ed-b1db-6a3886ae2776, command=[]} | ret=SUCCESS |  
2019-08-23 09:13:06,039 | INFO  | SCMAudit | user=jenkins1000 | ip=192.168.69.105 | op=SEND_HEARTBEAT {datanodeUUID=e3f86e53-8f15-4a09-b253-90a30ace4ba2, command=[]} | ret=SUCCESS |  
2019-08-23 09:13:06,422 | INFO  | SCMAudit | user=jenkins1000 | ip=192.168.69.105 | op=SEND_HEARTBEAT {datanodeUUID=480da6fd-5cad-42f6-a3a8-03ebe6e9ed72, command=[]} | ret=SUCCESS |  
2019-08-23 09:13:06,492 | INFO  | SCMAudit | user=jenkins1000 | ip=192.168.69.105 | op=SEND_HEARTBEAT {datanodeUUID=06d76673-acfc-4852-ba17-8edfd4d37f5d, command=[]} | ret=SUCCESS |  
2019-08-23 09:13:06,513 | INFO  | SCMAudit | user=jenkins1000 | ip=192.168.69.105 | op=SEND_HEARTBEAT {datanodeUUID=ce3b71d6-803c-4999-98a7-ed3c8197db33, command=[]} | ret=SUCCESS |  
2019-08-23 09:13:06,515 | INFO  | SCMAudit | user=jenkins1000 | ip=192.168.69.105 | op=SEND_HEARTBEAT {datanodeUUID=41b9b824-85d6-416a-bf4a-c5cccd6fce1e, command=[]} | ret=SUCCESS |  
2019-08-23 09:13:06,641 | INFO  | SCMAudit | user=jenkins1000 | ip=192.168.69.105 | op=SEND_HEARTBEAT {datanodeUUID=6db0b5b4-33e5-45b9-ab7c-8a068485ef09, command=[]} | ret=SUCCESS |  
2019-08-23 09:13:06,932 | INFO  | SCMAudit | user=jenkins1000 | ip=192.168.69.105 | op=SEND_HEARTBEAT {datanodeUUID=0a284024-13d6-46ed-b1db-6a3886ae2776, command=[]} | ret=SUCCESS |  
2019-08-23 09:13:07,039 | INFO  | SCMAudit | user=jenkins1000 | ip=192.168.69.105 | op=SEND_HEARTBEAT {datanodeUUID=e3f86e53-8f15-4a09-b253-90a30ace4ba2, command=[]} | ret=SUCCESS |  
2019-08-23 09:13:07,423 | INFO  | SCMAudit | user=jenkins1000 | ip=192.168.69.105 | op=SEND_HEARTBEAT {datanodeUUID=480da6fd-5cad-42f6-a3a8-03ebe6e9ed72, command=[]} | ret=SUCCESS |  
2019-08-23 09:13:07,492 | INFO  | SCMAudit | user=jenkins1000 | ip=192.168.69.105 | op=SEND_HEARTBEAT {datanodeUUID=06d76673-acfc-4852-ba17-8edfd4d37f5d, command=[]} | ret=SUCCESS |  
2019-08-23 09:13:07,513 | INFO  | SCMAudit | user=jenkins1000 | ip=192.168.69.105 | op=SEND_HEARTBEAT {datanodeUUID=ce3b71d6-803c-4999-98a7-ed3c8197db33, command=[]} | ret=SUCCESS |  
2019-08-23 09:13:07,517 | INFO  | SCMAudit | user=jenkins1000 | ip=192.168.69.105 | op=SEND_HEARTBEAT {datanodeUUID=41b9b824-85d6-416a-bf4a-c5cccd6fce1e, command=[]} | ret=SUCCESS |  
2019-08-23 09:13:07,640 | INFO  | SCMAudit | user=jenkins1000 | ip=192.168.69.105 | op=SEND_HEARTBEAT {datanodeUUID=6db0b5b4-33e5-45b9-ab7c-8a068485ef09, command=[]} | ret=SUCCESS |  
2019-08-23 09:13:07,932 | INFO  | SCMAudit | user=jenkins1000 | ip=192.168.69.105 | op=SEND_HEARTBEAT {datanodeUUID=0a284024-13d6-46ed-b1db-6a3886ae2776, command=[]} | ret=SUCCESS |  
2019-08-23 09:13:08,039 | INFO  | SCMAudit | user=jenkins1000 | ip=192.168.69.105 | op=SEND_HEARTBEAT {datanodeUUID=e3f86e53-8f15-4a09-b253-90a30ace4ba2, command=[]} | ret=SUCCESS |  
2019-08-23 09:13:08,425 | INFO  | SCMAudit | user=jenkins1000 | ip=192.168.69.105 | op=SEND_HEARTBEAT {datanodeUUID=480da6fd-5cad-42f6-a3a8-03ebe6e9ed72, command=[]} | ret=SUCCESS |  
2019-08-23 09:13:08,493 | INFO  | SCMAudit | user=jenkins1000 | ip=192.168.69.105 | op=SEND_HEARTBEAT {datanodeUUID=06d76673-acfc-4852-ba17-8edfd4d37f5d, command=[]} | ret=SUCCESS |  
2019-08-23 09:13:08,514 | INFO  | SCMAudit | user=jenkins1000 | ip=192.168.69.105 | op=SEND_HEARTBEAT {datanodeUUID=ce3b71d6-803c-4999-98a7-ed3c8197db33, command=[]} | ret=SUCCESS |  
2019-08-23 09:13:08,517 | INFO  | SCMAudit | user=jenkins1000 | ip=192.168.69.105 | op=SEND_HEARTBEAT {datanodeUUID=41b9b824-85d6-416a-bf4a-c5cccd6fce1e, command=[]} | ret=SUCCESS |  
2019-08-23 09:13:08,640 | INFO  | SCMAudit | user=jenkins1000 | ip=192.168.69.105 | op=SEND_HEARTBEAT {datanodeUUID=6db0b5b4-33e5-45b9-ab7c-8a068485ef09, command=[]} | ret=SUCCESS |  
2019-08-23 09:13:08,932 | INFO  | SCMAudit | user=jenkins1000 | ip=192.168.69.105 | op=SEND_HEARTBEAT {datanodeUUID=0a284024-13d6-46ed-b1db-6a3886ae2776, command=[]} | ret=SUCCESS |  
2019-08-23 09:13:09,039 | INFO  | SCMAudit | user=jenkins1000 | ip=192.168.69.105 | op=SEND_HEARTBEAT {datanodeUUID=e3f86e53-8f15-4a09-b253-90a30ace4ba2, command=[]} | ret=SUCCESS |  
2019-08-23 09:13:09,423 | INFO  | SCMAudit | user=jenkins1000 | ip=192.168.69.105 | op=SEND_HEARTBEAT {datanodeUUID=480da6fd-5cad-42f6-a3a8-03ebe6e9ed72, command=[]} | ret=SUCCESS |  
2019-08-23 09:13:09,493 | INFO  | SCMAudit | user=jenkins1000 | ip=192.168.69.105 | op=SEND_HEARTBEAT {datanodeUUID=06d76673-acfc-4852-ba17-8edfd4d37f5d, command=[]} | ret=SUCCESS |  
2019-08-23 09:13:09,514 | INFO  | SCMAudit | user=jenkins1000 | ip=192.168.69.105 | op=SEND_HEARTBEAT {datanodeUUID=ce3b71d6-803c-4999-98a7-ed3c8197db33, command=[]} | ret=SUCCESS |  
2019-08-23 09:13:09,520 | INFO  | SCMAudit | user=jenkins1000 | ip=192.168.69.105 | op=SEND_HEARTBEAT {datanodeUUID=41b9b824-85d6-416a-bf4a-c5cccd6fce1e, command=[]} | ret=SUCCESS |  
2019-08-23 09:13:09,641 | INFO  | SCMAudit | user=jenkins1000 | ip=192.168.69.105 | op=SEND_HEARTBEAT {datanodeUUID=6db0b5b4-33e5-45b9-ab7c-8a068485ef09, command=[]} | ret=SUCCESS |  
2019-08-23 09:13:09,933 | INFO  | SCMAudit | user=jenkins1000 | ip=192.168.69.105 | op=SEND_HEARTBEAT {datanodeUUID=0a284024-13d6-46ed-b1db-6a3886ae2776, command=[]} | ret=SUCCESS |  
2019-08-23 09:13:10,040 | INFO  | SCMAudit | user=jenkins1000 | ip=192.168.69.105 | op=SEND_HEARTBEAT {datanodeUUID=e3f86e53-8f15-4a09-b253-90a30ace4ba2, command=[]} | ret=SUCCESS |  
2019-08-23 09:13:10,187 [grpc-default-executor-2] INFO  client.GrpcClientProtocolClient (GrpcClientProtocolClient.java:onNext(255)) - client-E82DA6E02431->41b9b824-85d6-416a-bf4a-c5cccd6fce1e: receive RaftClientReply:client-E82DA6E02431->41b9b824-85d6-416a-bf4a-c5cccd6fce1e@group-73033864ACD7, cid=45, FAILED org.apache.ratis.protocol.NotLeaderException: Server 41b9b824-85d6-416a-bf4a-c5cccd6fce1e is not the leader (06d76673-acfc-4852-ba17-8edfd4d37f5d:192.168.69.105:42001). Request must be sent to leader., logIndex=0, commits[41b9b824-85d6-416a-bf4a-c5cccd6fce1e:c8, ce3b71d6-803c-4999-98a7-ed3c8197db33:c8, 06d76673-acfc-4852-ba17-8edfd4d37f5d:c8]
2019-08-23 09:13:10,424 | INFO  | SCMAudit | user=jenkins1000 | ip=192.168.69.105 | op=SEND_HEARTBEAT {datanodeUUID=480da6fd-5cad-42f6-a3a8-03ebe6e9ed72, command=[]} | ret=SUCCESS |  
2019-08-23 09:13:10,493 | INFO  | SCMAudit | user=jenkins1000 | ip=192.168.69.105 | op=SEND_HEARTBEAT {datanodeUUID=06d76673-acfc-4852-ba17-8edfd4d37f5d, command=[]} | ret=SUCCESS |  
2019-08-23 09:13:10,514 | INFO  | SCMAudit | user=jenkins1000 | ip=192.168.69.105 | op=SEND_HEARTBEAT {datanodeUUID=ce3b71d6-803c-4999-98a7-ed3c8197db33, command=[]} | ret=SUCCESS |  
2019-08-23 09:13:10,517 | INFO  | SCMAudit | user=jenkins1000 | ip=192.168.69.105 | op=SEND_HEARTBEAT {datanodeUUID=41b9b824-85d6-416a-bf4a-c5cccd6fce1e, command=[]} | ret=SUCCESS |  
2019-08-23 09:13:10,641 | INFO  | SCMAudit | user=jenkins1000 | ip=192.168.69.105 | op=SEND_HEARTBEAT {datanodeUUID=6db0b5b4-33e5-45b9-ab7c-8a068485ef09, command=[]} | ret=SUCCESS |  
2019-08-23 09:13:10,932 | INFO  | SCMAudit | user=jenkins1000 | ip=192.168.69.105 | op=SEND_HEARTBEAT {datanodeUUID=0a284024-13d6-46ed-b1db-6a3886ae2776, command=[]} | ret=SUCCESS |  
2019-08-23 09:13:11,039 | INFO  | SCMAudit | user=jenkins1000 | ip=192.168.69.105 | op=SEND_HEARTBEAT {datanodeUUID=e3f86e53-8f15-4a09-b253-90a30ace4ba2, command=[]} | ret=SUCCESS |  
2019-08-23 09:13:11,425 | INFO  | SCMAudit | user=jenkins1000 | ip=192.168.69.105 | op=SEND_HEARTBEAT {datanodeUUID=480da6fd-5cad-42f6-a3a8-03ebe6e9ed72, command=[]} | ret=SUCCESS |  
2019-08-23 09:13:11,493 | INFO  | SCMAudit | user=jenkins1000 | ip=192.168.69.105 | op=SEND_HEARTBEAT {datanodeUUID=06d76673-acfc-4852-ba17-8edfd4d37f5d, command=[]} | ret=SUCCESS |  
2019-08-23 09:13:11,515 | INFO  | SCMAudit | user=jenkins1000 | ip=192.168.69.105 | op=SEND_HEARTBEAT {datanodeUUID=ce3b71d6-803c-4999-98a7-ed3c8197db33, command=[]} | ret=SUCCESS |  
2019-08-23 09:13:11,517 | INFO  | SCMAudit | user=jenkins1000 | ip=192.168.69.105 | op=SEND_HEARTBEAT {datanodeUUID=41b9b824-85d6-416a-bf4a-c5cccd6fce1e, command=[]} | ret=SUCCESS |  
2019-08-23 09:13:11,642 | INFO  | SCMAudit | user=jenkins1000 | ip=192.168.69.105 | op=SEND_HEARTBEAT {datanodeUUID=6db0b5b4-33e5-45b9-ab7c-8a068485ef09, command=[]} | ret=SUCCESS |  
2019-08-23 09:13:11,932 | INFO  | SCMAudit | user=jenkins1000 | ip=192.168.69.105 | op=SEND_HEARTBEAT {datanodeUUID=0a284024-13d6-46ed-b1db-6a3886ae2776, command=[]} | ret=SUCCESS |  
2019-08-23 09:13:12,040 | INFO  | SCMAudit | user=jenkins1000 | ip=192.168.69.105 | op=SEND_HEARTBEAT {datanodeUUID=e3f86e53-8f15-4a09-b253-90a30ace4ba2, command=[]} | ret=SUCCESS |  
2019-08-23 09:13:12,424 | INFO  | SCMAudit | user=jenkins1000 | ip=192.168.69.105 | op=SEND_HEARTBEAT {datanodeUUID=480da6fd-5cad-42f6-a3a8-03ebe6e9ed72, command=[]} | ret=SUCCESS |  
2019-08-23 09:13:12,493 | INFO  | SCMAudit | user=jenkins1000 | ip=192.168.69.105 | op=SEND_HEARTBEAT {datanodeUUID=06d76673-acfc-4852-ba17-8edfd4d37f5d, command=[]} | ret=SUCCESS |  
2019-08-23 09:13:12,514 | INFO  | SCMAudit | user=jenkins1000 | ip=192.168.69.105 | op=SEND_HEARTBEAT {datanodeUUID=ce3b71d6-803c-4999-98a7-ed3c8197db33, command=[]} | ret=SUCCESS |  
2019-08-23 09:13:12,518 | INFO  | SCMAudit | user=jenkins1000 | ip=192.168.69.105 | op=SEND_HEARTBEAT {datanodeUUID=41b9b824-85d6-416a-bf4a-c5cccd6fce1e, command=[]} | ret=SUCCESS |  
2019-08-23 09:13:12,642 | INFO  | SCMAudit | user=jenkins1000 | ip=192.168.69.105 | op=SEND_HEARTBEAT {datanodeUUID=6db0b5b4-33e5-45b9-ab7c-8a068485ef09, command=[]} | ret=SUCCESS |  
2019-08-23 09:13:12,932 | INFO  | SCMAudit | user=jenkins1000 | ip=192.168.69.105 | op=SEND_HEARTBEAT {datanodeUUID=0a284024-13d6-46ed-b1db-6a3886ae2776, command=[]} | ret=SUCCESS |  
2019-08-23 09:13:13,039 | INFO  | SCMAudit | user=jenkins1000 | ip=192.168.69.105 | op=SEND_HEARTBEAT {datanodeUUID=e3f86e53-8f15-4a09-b253-90a30ace4ba2, command=[]} | ret=SUCCESS |  
2019-08-23 09:13:13,425 | INFO  | SCMAudit | user=jenkins1000 | ip=192.168.69.105 | op=SEND_HEARTBEAT {datanodeUUID=480da6fd-5cad-42f6-a3a8-03ebe6e9ed72, command=[]} | ret=SUCCESS |  
2019-08-23 09:13:13,493 | INFO  | SCMAudit | user=jenkins1000 | ip=192.168.69.105 | op=SEND_HEARTBEAT {datanodeUUID=06d76673-acfc-4852-ba17-8edfd4d37f5d, command=[]} | ret=SUCCESS |  
2019-08-23 09:13:13,514 | INFO  | SCMAudit | user=jenkins1000 | ip=192.168.69.105 | op=SEND_HEARTBEAT {datanodeUUID=ce3b71d6-803c-4999-98a7-ed3c8197db33, command=[]} | ret=SUCCESS |  
2019-08-23 09:13:13,518 | INFO  | SCMAudit | user=jenkins1000 | ip=192.168.69.105 | op=SEND_HEARTBEAT {datanodeUUID=41b9b824-85d6-416a-bf4a-c5cccd6fce1e, command=[]} | ret=SUCCESS |  
2019-08-23 09:13:13,643 | INFO  | SCMAudit | user=jenkins1000 | ip=192.168.69.105 | op=SEND_HEARTBEAT {datanodeUUID=6db0b5b4-33e5-45b9-ab7c-8a068485ef09, command=[]} | ret=SUCCESS |  
2019-08-23 09:13:13,932 | INFO  | SCMAudit | user=jenkins1000 | ip=192.168.69.105 | op=SEND_HEARTBEAT {datanodeUUID=0a284024-13d6-46ed-b1db-6a3886ae2776, command=[]} | ret=SUCCESS |  
2019-08-23 09:13:14,039 | INFO  | SCMAudit | user=jenkins1000 | ip=192.168.69.105 | op=SEND_HEARTBEAT {datanodeUUID=e3f86e53-8f15-4a09-b253-90a30ace4ba2, command=[]} | ret=SUCCESS |  
2019-08-23 09:13:14,424 | INFO  | SCMAudit | user=jenkins1000 | ip=192.168.69.105 | op=SEND_HEARTBEAT {datanodeUUID=480da6fd-5cad-42f6-a3a8-03ebe6e9ed72, command=[]} | ret=SUCCESS |  
2019-08-23 09:13:14,493 | INFO  | SCMAudit | user=jenkins1000 | ip=192.168.69.105 | op=SEND_HEARTBEAT {datanodeUUID=06d76673-acfc-4852-ba17-8edfd4d37f5d, command=[]} | ret=SUCCESS |  
2019-08-23 09:13:14,514 | INFO  | SCMAudit | user=jenkins1000 | ip=192.168.69.105 | op=SEND_HEARTBEAT {datanodeUUID=ce3b71d6-803c-4999-98a7-ed3c8197db33, command=[]} | ret=SUCCESS |  
2019-08-23 09:13:14,520 | INFO  | SCMAudit | user=jenkins1000 | ip=192.168.69.105 | op=SEND_HEARTBEAT {datanodeUUID=41b9b824-85d6-416a-bf4a-c5cccd6fce1e, command=[]} | ret=SUCCESS |  
2019-08-23 09:13:14,642 | INFO  | SCMAudit | user=jenkins1000 | ip=192.168.69.105 | op=SEND_HEARTBEAT {datanodeUUID=6db0b5b4-33e5-45b9-ab7c-8a068485ef09, command=[]} | ret=SUCCESS |  
2019-08-23 09:13:14,932 | INFO  | SCMAudit | user=jenkins1000 | ip=192.168.69.105 | op=SEND_HEARTBEAT {datanodeUUID=0a284024-13d6-46ed-b1db-6a3886ae2776, command=[]} | ret=SUCCESS |  
2019-08-23 09:13:15,039 | INFO  | SCMAudit | user=jenkins1000 | ip=192.168.69.105 | op=SEND_HEARTBEAT {datanodeUUID=e3f86e53-8f15-4a09-b253-90a30ace4ba2, command=[]} | ret=SUCCESS |  
2019-08-23 09:13:15,229 [grpc-default-executor-2] INFO  client.GrpcClientProtocolClient (GrpcClientProtocolClient.java:onNext(255)) - client-E82DA6E02431->ce3b71d6-803c-4999-98a7-ed3c8197db33: receive RaftClientReply:client-E82DA6E02431->ce3b71d6-803c-4999-98a7-ed3c8197db33@group-73033864ACD7, cid=45, FAILED org.apache.ratis.protocol.NotLeaderException: Server ce3b71d6-803c-4999-98a7-ed3c8197db33 is not the leader (06d76673-acfc-4852-ba17-8edfd4d37f5d:192.168.69.105:42001). Request must be sent to leader., logIndex=0, commits[ce3b71d6-803c-4999-98a7-ed3c8197db33:c8, 41b9b824-85d6-416a-bf4a-c5cccd6fce1e:c8, 06d76673-acfc-4852-ba17-8edfd4d37f5d:c8]
2019-08-23 09:13:15,424 | INFO  | SCMAudit | user=jenkins1000 | ip=192.168.69.105 | op=SEND_HEARTBEAT {datanodeUUID=480da6fd-5cad-42f6-a3a8-03ebe6e9ed72, command=[]} | ret=SUCCESS |  
2019-08-23 09:13:15,493 | INFO  | SCMAudit | user=jenkins1000 | ip=192.168.69.105 | op=SEND_HEARTBEAT {datanodeUUID=06d76673-acfc-4852-ba17-8edfd4d37f5d, command=[]} | ret=SUCCESS |  
2019-08-23 09:13:15,514 | INFO  | SCMAudit | user=jenkins1000 | ip=192.168.69.105 | op=SEND_HEARTBEAT {datanodeUUID=ce3b71d6-803c-4999-98a7-ed3c8197db33, command=[]} | ret=SUCCESS |  
2019-08-23 09:13:15,519 | INFO  | SCMAudit | user=jenkins1000 | ip=192.168.69.105 | op=SEND_HEARTBEAT {datanodeUUID=41b9b824-85d6-416a-bf4a-c5cccd6fce1e, command=[]} | ret=SUCCESS |  
2019-08-23 09:13:15,642 | INFO  | SCMAudit | user=jenkins1000 | ip=192.168.69.105 | op=SEND_HEARTBEAT {datanodeUUID=6db0b5b4-33e5-45b9-ab7c-8a068485ef09, command=[]} | ret=SUCCESS |  
2019-08-23 09:13:15,932 | INFO  | SCMAudit | user=jenkins1000 | ip=192.168.69.105 | op=SEND_HEARTBEAT {datanodeUUID=0a284024-13d6-46ed-b1db-6a3886ae2776, command=[]} | ret=SUCCESS |  
2019-08-23 09:13:16,040 | INFO  | SCMAudit | user=jenkins1000 | ip=192.168.69.105 | op=SEND_HEARTBEAT {datanodeUUID=e3f86e53-8f15-4a09-b253-90a30ace4ba2, command=[]} | ret=SUCCESS |  
2019-08-23 09:13:16,425 | INFO  | SCMAudit | user=jenkins1000 | ip=192.168.69.105 | op=SEND_HEARTBEAT {datanodeUUID=480da6fd-5cad-42f6-a3a8-03ebe6e9ed72, command=[]} | ret=SUCCESS |  
2019-08-23 09:13:16,494 | INFO  | SCMAudit | user=jenkins1000 | ip=192.168.69.105 | op=SEND_HEARTBEAT {datanodeUUID=06d76673-acfc-4852-ba17-8edfd4d37f5d, command=[]} | ret=SUCCESS |  
2019-08-23 09:13:16,514 | INFO  | SCMAudit | user=jenkins1000 | ip=192.168.69.105 | op=SEND_HEARTBEAT {datanodeUUID=ce3b71d6-803c-4999-98a7-ed3c8197db33, command=[]} | ret=SUCCESS |  
2019-08-23 09:13:16,519 | INFO  | SCMAudit | user=jenkins1000 | ip=192.168.69.105 | op=SEND_HEARTBEAT {datanodeUUID=41b9b824-85d6-416a-bf4a-c5cccd6fce1e, command=[]} | ret=SUCCESS |  
2019-08-23 09:13:16,643 | INFO  | SCMAudit | user=jenkins1000 | ip=192.168.69.105 | op=SEND_HEARTBEAT {datanodeUUID=6db0b5b4-33e5-45b9-ab7c-8a068485ef09, command=[]} | ret=SUCCESS |  
2019-08-23 09:13:16,932 | INFO  | SCMAudit | user=jenkins1000 | ip=192.168.69.105 | op=SEND_HEARTBEAT {datanodeUUID=0a284024-13d6-46ed-b1db-6a3886ae2776, command=[]} | ret=SUCCESS |  
2019-08-23 09:13:17,039 | INFO  | SCMAudit | user=jenkins1000 | ip=192.168.69.105 | op=SEND_HEARTBEAT {datanodeUUID=e3f86e53-8f15-4a09-b253-90a30ace4ba2, command=[]} | ret=SUCCESS |  
2019-08-23 09:13:17,425 | INFO  | SCMAudit | user=jenkins1000 | ip=192.168.69.105 | op=SEND_HEARTBEAT {datanodeUUID=480da6fd-5cad-42f6-a3a8-03ebe6e9ed72, command=[]} | ret=SUCCESS |  
2019-08-23 09:13:17,495 | INFO  | SCMAudit | user=jenkins1000 | ip=192.168.69.105 | op=SEND_HEARTBEAT {datanodeUUID=06d76673-acfc-4852-ba17-8edfd4d37f5d, command=[]} | ret=SUCCESS |  
2019-08-23 09:13:17,514 | INFO  | SCMAudit | user=jenkins1000 | ip=192.168.69.105 | op=SEND_HEARTBEAT {datanodeUUID=ce3b71d6-803c-4999-98a7-ed3c8197db33, command=[]} | ret=SUCCESS |  
2019-08-23 09:13:17,519 | INFO  | SCMAudit | user=jenkins1000 | ip=192.168.69.105 | op=SEND_HEARTBEAT {datanodeUUID=41b9b824-85d6-416a-bf4a-c5cccd6fce1e, command=[]} | ret=SUCCESS |  
2019-08-23 09:13:17,643 | INFO  | SCMAudit | user=jenkins1000 | ip=192.168.69.105 | op=SEND_HEARTBEAT {datanodeUUID=6db0b5b4-33e5-45b9-ab7c-8a068485ef09, command=[]} | ret=SUCCESS |  
2019-08-23 09:13:17,932 | INFO  | SCMAudit | user=jenkins1000 | ip=192.168.69.105 | op=SEND_HEARTBEAT {datanodeUUID=0a284024-13d6-46ed-b1db-6a3886ae2776, command=[]} | ret=SUCCESS |  
2019-08-23 09:13:18,040 | INFO  | SCMAudit | user=jenkins1000 | ip=192.168.69.105 | op=SEND_HEARTBEAT {datanodeUUID=e3f86e53-8f15-4a09-b253-90a30ace4ba2, command=[]} | ret=SUCCESS |  
2019-08-23 09:13:18,426 | INFO  | SCMAudit | user=jenkins1000 | ip=192.168.69.105 | op=SEND_HEARTBEAT {datanodeUUID=480da6fd-5cad-42f6-a3a8-03ebe6e9ed72, command=[]} | ret=SUCCESS |  
2019-08-23 09:13:18,495 | INFO  | SCMAudit | user=jenkins1000 | ip=192.168.69.105 | op=SEND_HEARTBEAT {datanodeUUID=06d76673-acfc-4852-ba17-8edfd4d37f5d, command=[]} | ret=SUCCESS |  
2019-08-23 09:13:18,514 | INFO  | SCMAudit | user=jenkins1000 | ip=192.168.69.105 | op=SEND_HEARTBEAT {datanodeUUID=ce3b71d6-803c-4999-98a7-ed3c8197db33, command=[]} | ret=SUCCESS |  
2019-08-23 09:13:18,519 | INFO  | SCMAudit | user=jenkins1000 | ip=192.168.69.105 | op=SEND_HEARTBEAT {datanodeUUID=41b9b824-85d6-416a-bf4a-c5cccd6fce1e, command=[]} | ret=SUCCESS |  
2019-08-23 09:13:18,644 | INFO  | SCMAudit | user=jenkins1000 | ip=192.168.69.105 | op=SEND_HEARTBEAT {datanodeUUID=6db0b5b4-33e5-45b9-ab7c-8a068485ef09, command=[]} | ret=SUCCESS |  
2019-08-23 09:13:18,933 | INFO  | SCMAudit | user=jenkins1000 | ip=192.168.69.105 | op=SEND_HEARTBEAT {datanodeUUID=0a284024-13d6-46ed-b1db-6a3886ae2776, command=[]} | ret=SUCCESS |  
2019-08-23 09:13:19,039 | INFO  | SCMAudit | user=jenkins1000 | ip=192.168.69.105 | op=SEND_HEARTBEAT {datanodeUUID=e3f86e53-8f15-4a09-b253-90a30ace4ba2, command=[]} | ret=SUCCESS |  
2019-08-23 09:13:19,425 | INFO  | SCMAudit | user=jenkins1000 | ip=192.168.69.105 | op=SEND_HEARTBEAT {datanodeUUID=480da6fd-5cad-42f6-a3a8-03ebe6e9ed72, command=[]} | ret=SUCCESS |  
2019-08-23 09:13:19,495 | INFO  | SCMAudit | user=jenkins1000 | ip=192.168.69.105 | op=SEND_HEARTBEAT {datanodeUUID=06d76673-acfc-4852-ba17-8edfd4d37f5d, command=[]} | ret=SUCCESS |  
2019-08-23 09:13:19,514 | INFO  | SCMAudit | user=jenkins1000 | ip=192.168.69.105 | op=SEND_HEARTBEAT {datanodeUUID=ce3b71d6-803c-4999-98a7-ed3c8197db33, command=[]} | ret=SUCCESS |  
2019-08-23 09:13:19,519 | INFO  | SCMAudit | user=jenkins1000 | ip=192.168.69.105 | op=SEND_HEARTBEAT {datanodeUUID=41b9b824-85d6-416a-bf4a-c5cccd6fce1e, command=[]} | ret=SUCCESS |  
2019-08-23 09:13:19,644 | INFO  | SCMAudit | user=jenkins1000 | ip=192.168.69.105 | op=SEND_HEARTBEAT {datanodeUUID=6db0b5b4-33e5-45b9-ab7c-8a068485ef09, command=[]} | ret=SUCCESS |  
2019-08-23 09:13:19,932 | INFO  | SCMAudit | user=jenkins1000 | ip=192.168.69.105 | op=SEND_HEARTBEAT {datanodeUUID=0a284024-13d6-46ed-b1db-6a3886ae2776, command=[]} | ret=SUCCESS |  
2019-08-23 09:13:20,040 | INFO  | SCMAudit | user=jenkins1000 | ip=192.168.69.105 | op=SEND_HEARTBEAT {datanodeUUID=e3f86e53-8f15-4a09-b253-90a30ace4ba2, command=[]} | ret=SUCCESS |  
2019-08-23 09:13:20,284 [grpc-default-executor-2] INFO  client.GrpcClientProtocolClient (GrpcClientProtocolClient.java:onNext(255)) - client-E82DA6E02431->41b9b824-85d6-416a-bf4a-c5cccd6fce1e: receive RaftClientReply:client-E82DA6E02431->41b9b824-85d6-416a-bf4a-c5cccd6fce1e@group-73033864ACD7, cid=45, FAILED org.apache.ratis.protocol.NotLeaderException: Server 41b9b824-85d6-416a-bf4a-c5cccd6fce1e is not the leader (06d76673-acfc-4852-ba17-8edfd4d37f5d:192.168.69.105:42001). Request must be sent to leader., logIndex=0, commits[41b9b824-85d6-416a-bf4a-c5cccd6fce1e:c8, ce3b71d6-803c-4999-98a7-ed3c8197db33:c8, 06d76673-acfc-4852-ba17-8edfd4d37f5d:c8]
2019-08-23 09:13:20,425 | INFO  | SCMAudit | user=jenkins1000 | ip=192.168.69.105 | op=SEND_HEARTBEAT {datanodeUUID=480da6fd-5cad-42f6-a3a8-03ebe6e9ed72, command=[]} | ret=SUCCESS |  
2019-08-23 09:13:20,496 | INFO  | SCMAudit | user=jenkins1000 | ip=192.168.69.105 | op=SEND_HEARTBEAT {datanodeUUID=06d76673-acfc-4852-ba17-8edfd4d37f5d, command=[]} | ret=SUCCESS |  
2019-08-23 09:13:20,514 | INFO  | SCMAudit | user=jenkins1000 | ip=192.168.69.105 | op=SEND_HEARTBEAT {datanodeUUID=ce3b71d6-803c-4999-98a7-ed3c8197db33, command=[]} | ret=SUCCESS |  
2019-08-23 09:13:20,519 | INFO  | SCMAudit | user=jenkins1000 | ip=192.168.69.105 | op=SEND_HEARTBEAT {datanodeUUID=41b9b824-85d6-416a-bf4a-c5cccd6fce1e, command=[]} | ret=SUCCESS |  
2019-08-23 09:13:20,645 | INFO  | SCMAudit | user=jenkins1000 | ip=192.168.69.105 | op=SEND_HEARTBEAT {datanodeUUID=6db0b5b4-33e5-45b9-ab7c-8a068485ef09, command=[]} | ret=SUCCESS |  
2019-08-23 09:13:20,933 | INFO  | SCMAudit | user=jenkins1000 | ip=192.168.69.105 | op=SEND_HEARTBEAT {datanodeUUID=0a284024-13d6-46ed-b1db-6a3886ae2776, command=[]} | ret=SUCCESS |  
2019-08-23 09:13:21,039 | INFO  | SCMAudit | user=jenkins1000 | ip=192.168.69.105 | op=SEND_HEARTBEAT {datanodeUUID=e3f86e53-8f15-4a09-b253-90a30ace4ba2, command=[]} | ret=SUCCESS |  
2019-08-23 09:13:21,426 | INFO  | SCMAudit | user=jenkins1000 | ip=192.168.69.105 | op=SEND_HEARTBEAT {datanodeUUID=480da6fd-5cad-42f6-a3a8-03ebe6e9ed72, command=[]} | ret=SUCCESS |  
2019-08-23 09:13:21,496 | INFO  | SCMAudit | user=jenkins1000 | ip=192.168.69.105 | op=SEND_HEARTBEAT {datanodeUUID=06d76673-acfc-4852-ba17-8edfd4d37f5d, command=[]} | ret=SUCCESS |  
2019-08-23 09:13:21,514 | INFO  | SCMAudit | user=jenkins1000 | ip=192.168.69.105 | op=SEND_HEARTBEAT {datanodeUUID=ce3b71d6-803c-4999-98a7-ed3c8197db33, command=[]} | ret=SUCCESS |  
2019-08-23 09:13:21,519 | INFO  | SCMAudit | user=jenkins1000 | ip=192.168.69.105 | op=SEND_HEARTBEAT {datanodeUUID=41b9b824-85d6-416a-bf4a-c5cccd6fce1e, command=[]} | ret=SUCCESS |  
2019-08-23 09:13:21,644 | INFO  | SCMAudit | user=jenkins1000 | ip=192.168.69.105 | op=SEND_HEARTBEAT {datanodeUUID=6db0b5b4-33e5-45b9-ab7c-8a068485ef09, command=[]} | ret=SUCCESS |  
2019-08-23 09:13:21,932 | INFO  | SCMAudit | user=jenkins1000 | ip=192.168.69.105 | op=SEND_HEARTBEAT {datanodeUUID=0a284024-13d6-46ed-b1db-6a3886ae2776, command=[]} | ret=SUCCESS |  
2019-08-23 09:13:22,040 | INFO  | SCMAudit | user=jenkins1000 | ip=192.168.69.105 | op=SEND_HEARTBEAT {datanodeUUID=e3f86e53-8f15-4a09-b253-90a30ace4ba2, command=[]} | ret=SUCCESS |  
2019-08-23 09:13:22,425 | INFO  | SCMAudit | user=jenkins1000 | ip=192.168.69.105 | op=SEND_HEARTBEAT {datanodeUUID=480da6fd-5cad-42f6-a3a8-03ebe6e9ed72, command=[]} | ret=SUCCESS |  
2019-08-23 09:13:22,497 | INFO  | SCMAudit | user=jenkins1000 | ip=192.168.69.105 | op=SEND_HEARTBEAT {datanodeUUID=06d76673-acfc-4852-ba17-8edfd4d37f5d, command=[]} | ret=SUCCESS |  
2019-08-23 09:13:22,514 | INFO  | SCMAudit | user=jenkins1000 | ip=192.168.69.105 | op=SEND_HEARTBEAT {datanodeUUID=ce3b71d6-803c-4999-98a7-ed3c8197db33, command=[]} | ret=SUCCESS |  
2019-08-23 09:13:22,519 | INFO  | SCMAudit | user=jenkins1000 | ip=192.168.69.105 | op=SEND_HEARTBEAT {datanodeUUID=41b9b824-85d6-416a-bf4a-c5cccd6fce1e, command=[]} | ret=SUCCESS |  
2019-08-23 09:13:22,644 | INFO  | SCMAudit | user=jenkins1000 | ip=192.168.69.105 | op=SEND_HEARTBEAT {datanodeUUID=6db0b5b4-33e5-45b9-ab7c-8a068485ef09, command=[]} | ret=SUCCESS |  
2019-08-23 09:13:22,932 | INFO  | SCMAudit | user=jenkins1000 | ip=192.168.69.105 | op=SEND_HEARTBEAT {datanodeUUID=0a284024-13d6-46ed-b1db-6a3886ae2776, command=[]} | ret=SUCCESS |  
2019-08-23 09:13:23,040 | INFO  | SCMAudit | user=jenkins1000 | ip=192.168.69.105 | op=SEND_HEARTBEAT {datanodeUUID=e3f86e53-8f15-4a09-b253-90a30ace4ba2, command=[]} | ret=SUCCESS |  
2019-08-23 09:13:23,426 | INFO  | SCMAudit | user=jenkins1000 | ip=192.168.69.105 | op=SEND_HEARTBEAT {datanodeUUID=480da6fd-5cad-42f6-a3a8-03ebe6e9ed72, command=[]} | ret=SUCCESS |  
2019-08-23 09:13:23,497 | INFO  | SCMAudit | user=jenkins1000 | ip=192.168.69.105 | op=SEND_HEARTBEAT {datanodeUUID=06d76673-acfc-4852-ba17-8edfd4d37f5d, command=[]} | ret=SUCCESS |  
2019-08-23 09:13:23,514 | INFO  | SCMAudit | user=jenkins1000 | ip=192.168.69.105 | op=SEND_HEARTBEAT {datanodeUUID=ce3b71d6-803c-4999-98a7-ed3c8197db33, command=[]} | ret=SUCCESS |  
2019-08-23 09:13:23,519 | INFO  | SCMAudit | user=jenkins1000 | ip=192.168.69.105 | op=SEND_HEARTBEAT {datanodeUUID=41b9b824-85d6-416a-bf4a-c5cccd6fce1e, command=[]} | ret=SUCCESS |  
2019-08-23 09:13:23,645 | INFO  | SCMAudit | user=jenkins1000 | ip=192.168.69.105 | op=SEND_HEARTBEAT {datanodeUUID=6db0b5b4-33e5-45b9-ab7c-8a068485ef09, command=[]} | ret=SUCCESS |  
2019-08-23 09:13:23,932 | INFO  | SCMAudit | user=jenkins1000 | ip=192.168.69.105 | op=SEND_HEARTBEAT {datanodeUUID=0a284024-13d6-46ed-b1db-6a3886ae2776, command=[]} | ret=SUCCESS |  
2019-08-23 09:13:24,040 | INFO  | SCMAudit | user=jenkins1000 | ip=192.168.69.105 | op=SEND_HEARTBEAT {datanodeUUID=e3f86e53-8f15-4a09-b253-90a30ace4ba2, command=[]} | ret=SUCCESS |  
2019-08-23 09:13:24,427 | INFO  | SCMAudit | user=jenkins1000 | ip=192.168.69.105 | op=SEND_HEARTBEAT {datanodeUUID=480da6fd-5cad-42f6-a3a8-03ebe6e9ed72, command=[]} | ret=SUCCESS |  
2019-08-23 09:13:24,498 | INFO  | SCMAudit | user=jenkins1000 | ip=192.168.69.105 | op=SEND_HEARTBEAT {datanodeUUID=06d76673-acfc-4852-ba17-8edfd4d37f5d, command=[]} | ret=SUCCESS |  
2019-08-23 09:13:24,514 | INFO  | SCMAudit | user=jenkins1000 | ip=192.168.69.105 | op=SEND_HEARTBEAT {datanodeUUID=ce3b71d6-803c-4999-98a7-ed3c8197db33, command=[]} | ret=SUCCESS |  
2019-08-23 09:13:24,519 | INFO  | SCMAudit | user=jenkins1000 | ip=192.168.69.105 | op=SEND_HEARTBEAT {datanodeUUID=41b9b824-85d6-416a-bf4a-c5cccd6fce1e, command=[]} | ret=SUCCESS |  
2019-08-23 09:13:24,645 | INFO  | SCMAudit | user=jenkins1000 | ip=192.168.69.105 | op=SEND_HEARTBEAT {datanodeUUID=6db0b5b4-33e5-45b9-ab7c-8a068485ef09, command=[]} | ret=SUCCESS |  
2019-08-23 09:13:24,933 | INFO  | SCMAudit | user=jenkins1000 | ip=192.168.69.105 | op=SEND_HEARTBEAT {datanodeUUID=0a284024-13d6-46ed-b1db-6a3886ae2776, command=[]} | ret=SUCCESS |  
2019-08-23 09:13:25,040 | INFO  | SCMAudit | user=jenkins1000 | ip=192.168.69.105 | op=SEND_HEARTBEAT {datanodeUUID=e3f86e53-8f15-4a09-b253-90a30ace4ba2, command=[]} | ret=SUCCESS |  
2019-08-23 09:13:25,329 [grpc-default-executor-2] INFO  client.GrpcClientProtocolClient (GrpcClientProtocolClient.java:onNext(255)) - client-E82DA6E02431->ce3b71d6-803c-4999-98a7-ed3c8197db33: receive RaftClientReply:client-E82DA6E02431->ce3b71d6-803c-4999-98a7-ed3c8197db33@group-73033864ACD7, cid=45, FAILED org.apache.ratis.protocol.NotLeaderException: Server ce3b71d6-803c-4999-98a7-ed3c8197db33 is not the leader (06d76673-acfc-4852-ba17-8edfd4d37f5d:192.168.69.105:42001). Request must be sent to leader., logIndex=0, commits[ce3b71d6-803c-4999-98a7-ed3c8197db33:c8, 41b9b824-85d6-416a-bf4a-c5cccd6fce1e:c8, 06d76673-acfc-4852-ba17-8edfd4d37f5d:c8]
2019-08-23 09:13:25,426 | INFO  | SCMAudit | user=jenkins1000 | ip=192.168.69.105 | op=SEND_HEARTBEAT {datanodeUUID=480da6fd-5cad-42f6-a3a8-03ebe6e9ed72, command=[]} | ret=SUCCESS |  
2019-08-23 09:13:25,497 | INFO  | SCMAudit | user=jenkins1000 | ip=192.168.69.105 | op=SEND_HEARTBEAT {datanodeUUID=06d76673-acfc-4852-ba17-8edfd4d37f5d, command=[]} | ret=SUCCESS |  
2019-08-23 09:13:25,514 | INFO  | SCMAudit | user=jenkins1000 | ip=192.168.69.105 | op=SEND_HEARTBEAT {datanodeUUID=ce3b71d6-803c-4999-98a7-ed3c8197db33, command=[]} | ret=SUCCESS |  
2019-08-23 09:13:25,519 | INFO  | SCMAudit | user=jenkins1000 | ip=192.168.69.105 | op=SEND_HEARTBEAT {datanodeUUID=41b9b824-85d6-416a-bf4a-c5cccd6fce1e, command=[]} | ret=SUCCESS |  
2019-08-23 09:13:25,645 | INFO  | SCMAudit | user=jenkins1000 | ip=192.168.69.105 | op=SEND_HEARTBEAT {datanodeUUID=6db0b5b4-33e5-45b9-ab7c-8a068485ef09, command=[]} | ret=SUCCESS |  
2019-08-23 09:13:25,932 | INFO  | SCMAudit | user=jenkins1000 | ip=192.168.69.105 | op=SEND_HEARTBEAT {datanodeUUID=0a284024-13d6-46ed-b1db-6a3886ae2776, command=[]} | ret=SUCCESS |  
2019-08-23 09:13:26,040 | INFO  | SCMAudit | user=jenkins1000 | ip=192.168.69.105 | op=SEND_HEARTBEAT {datanodeUUID=e3f86e53-8f15-4a09-b253-90a30ace4ba2, command=[]} | ret=SUCCESS |  
2019-08-23 09:13:26,427 | INFO  | SCMAudit | user=jenkins1000 | ip=192.168.69.105 | op=SEND_HEARTBEAT {datanodeUUID=480da6fd-5cad-42f6-a3a8-03ebe6e9ed72, command=[]} | ret=SUCCESS |  
2019-08-23 09:13:26,497 | INFO  | SCMAudit | user=jenkins1000 | ip=192.168.69.105 | op=SEND_HEARTBEAT {datanodeUUID=06d76673-acfc-4852-ba17-8edfd4d37f5d, command=[]} | ret=SUCCESS |  
2019-08-23 09:13:26,514 | INFO  | SCMAudit | user=jenkins1000 | ip=192.168.69.105 | op=SEND_HEARTBEAT {datanodeUUID=ce3b71d6-803c-4999-98a7-ed3c8197db33, command=[]} | ret=SUCCESS |  
2019-08-23 09:13:26,519 | INFO  | SCMAudit | user=jenkins1000 | ip=192.168.69.105 | op=SEND_HEARTBEAT {datanodeUUID=41b9b824-85d6-416a-bf4a-c5cccd6fce1e, command=[]} | ret=SUCCESS |  
2019-08-23 09:13:26,645 | INFO  | SCMAudit | user=jenkins1000 | ip=192.168.69.105 | op=SEND_HEARTBEAT {datanodeUUID=6db0b5b4-33e5-45b9-ab7c-8a068485ef09, command=[]} | ret=SUCCESS |  
2019-08-23 09:13:26,932 | INFO  | SCMAudit | user=jenkins1000 | ip=192.168.69.105 | op=SEND_HEARTBEAT {datanodeUUID=0a284024-13d6-46ed-b1db-6a3886ae2776, command=[]} | ret=SUCCESS |  
2019-08-23 09:13:27,040 | INFO  | SCMAudit | user=jenkins1000 | ip=192.168.69.105 | op=SEND_HEARTBEAT {datanodeUUID=e3f86e53-8f15-4a09-b253-90a30ace4ba2, command=[]} | ret=SUCCESS |  
2019-08-23 09:13:27,426 | INFO  | SCMAudit | user=jenkins1000 | ip=192.168.69.105 | op=SEND_HEARTBEAT {datanodeUUID=480da6fd-5cad-42f6-a3a8-03ebe6e9ed72, command=[]} | ret=SUCCESS |  
2019-08-23 09:13:27,497 | INFO  | SCMAudit | user=jenkins1000 | ip=192.168.69.105 | op=SEND_HEARTBEAT {datanodeUUID=06d76673-acfc-4852-ba17-8edfd4d37f5d, command=[]} | ret=SUCCESS |  
2019-08-23 09:13:27,516 | INFO  | SCMAudit | user=jenkins1000 | ip=192.168.69.105 | op=SEND_HEARTBEAT {datanodeUUID=ce3b71d6-803c-4999-98a7-ed3c8197db33, command=[]} | ret=SUCCESS |  
2019-08-23 09:13:27,519 | INFO  | SCMAudit | user=jenkins1000 | ip=192.168.69.105 | op=SEND_HEARTBEAT {datanodeUUID=41b9b824-85d6-416a-bf4a-c5cccd6fce1e, command=[]} | ret=SUCCESS |  
2019-08-23 09:13:27,645 | INFO  | SCMAudit | user=jenkins1000 | ip=192.168.69.105 | op=SEND_HEARTBEAT {datanodeUUID=6db0b5b4-33e5-45b9-ab7c-8a068485ef09, command=[]} | ret=SUCCESS |  
2019-08-23 09:13:27,932 | INFO  | SCMAudit | user=jenkins1000 | ip=192.168.69.105 | op=SEND_HEARTBEAT {datanodeUUID=0a284024-13d6-46ed-b1db-6a3886ae2776, command=[]} | ret=SUCCESS |  
2019-08-23 09:13:28,040 | INFO  | SCMAudit | user=jenkins1000 | ip=192.168.69.105 | op=SEND_HEARTBEAT {datanodeUUID=e3f86e53-8f15-4a09-b253-90a30ace4ba2, command=[]} | ret=SUCCESS |  
2019-08-23 09:13:28,427 | INFO  | SCMAudit | user=jenkins1000 | ip=192.168.69.105 | op=SEND_HEARTBEAT {datanodeUUID=480da6fd-5cad-42f6-a3a8-03ebe6e9ed72, command=[]} | ret=SUCCESS |  
2019-08-23 09:13:28,497 | INFO  | SCMAudit | user=jenkins1000 | ip=192.168.69.105 | op=SEND_HEARTBEAT {datanodeUUID=06d76673-acfc-4852-ba17-8edfd4d37f5d, command=[]} | ret=SUCCESS |  
2019-08-23 09:13:28,517 | INFO  | SCMAudit | user=jenkins1000 | ip=192.168.69.105 | op=SEND_HEARTBEAT {datanodeUUID=ce3b71d6-803c-4999-98a7-ed3c8197db33, command=[]} | ret=SUCCESS |  
2019-08-23 09:13:28,519 | INFO  | SCMAudit | user=jenkins1000 | ip=192.168.69.105 | op=SEND_HEARTBEAT {datanodeUUID=41b9b824-85d6-416a-bf4a-c5cccd6fce1e, command=[]} | ret=SUCCESS |  
2019-08-23 09:13:28,646 | INFO  | SCMAudit | user=jenkins1000 | ip=192.168.69.105 | op=SEND_HEARTBEAT {datanodeUUID=6db0b5b4-33e5-45b9-ab7c-8a068485ef09, command=[]} | ret=SUCCESS |  
2019-08-23 09:13:28,933 | INFO  | SCMAudit | user=jenkins1000 | ip=192.168.69.105 | op=SEND_HEARTBEAT {datanodeUUID=0a284024-13d6-46ed-b1db-6a3886ae2776, command=[]} | ret=SUCCESS |  
2019-08-23 09:13:29,040 | INFO  | SCMAudit | user=jenkins1000 | ip=192.168.69.105 | op=SEND_HEARTBEAT {datanodeUUID=e3f86e53-8f15-4a09-b253-90a30ace4ba2, command=[]} | ret=SUCCESS |  
2019-08-23 09:13:29,427 | INFO  | SCMAudit | user=jenkins1000 | ip=192.168.69.105 | op=SEND_HEARTBEAT {datanodeUUID=480da6fd-5cad-42f6-a3a8-03ebe6e9ed72, command=[]} | ret=SUCCESS |  
2019-08-23 09:13:29,497 | INFO  | SCMAudit | user=jenkins1000 | ip=192.168.69.105 | op=SEND_HEARTBEAT {datanodeUUID=06d76673-acfc-4852-ba17-8edfd4d37f5d, command=[]} | ret=SUCCESS |  
2019-08-23 09:13:29,517 | INFO  | SCMAudit | user=jenkins1000 | ip=192.168.69.105 | op=SEND_HEARTBEAT {datanodeUUID=ce3b71d6-803c-4999-98a7-ed3c8197db33, command=[]} | ret=SUCCESS |  
2019-08-23 09:13:29,519 | INFO  | SCMAudit | user=jenkins1000 | ip=192.168.69.105 | op=SEND_HEARTBEAT {datanodeUUID=41b9b824-85d6-416a-bf4a-c5cccd6fce1e, command=[]} | ret=SUCCESS |  
2019-08-23 09:13:29,646 | INFO  | SCMAudit | user=jenkins1000 | ip=192.168.69.105 | op=SEND_HEARTBEAT {datanodeUUID=6db0b5b4-33e5-45b9-ab7c-8a068485ef09, command=[]} | ret=SUCCESS |  
2019-08-23 09:13:29,932 | INFO  | SCMAudit | user=jenkins1000 | ip=192.168.69.105 | op=SEND_HEARTBEAT {datanodeUUID=0a284024-13d6-46ed-b1db-6a3886ae2776, command=[]} | ret=SUCCESS |  
2019-08-23 09:13:30,040 | INFO  | SCMAudit | user=jenkins1000 | ip=192.168.69.105 | op=SEND_HEARTBEAT {datanodeUUID=e3f86e53-8f15-4a09-b253-90a30ace4ba2, command=[]} | ret=SUCCESS |  
2019-08-23 09:13:30,367 [grpc-default-executor-1] INFO  client.GrpcClientProtocolClient (GrpcClientProtocolClient.java:onNext(255)) - client-E82DA6E02431->ce3b71d6-803c-4999-98a7-ed3c8197db33: receive RaftClientReply:client-E82DA6E02431->ce3b71d6-803c-4999-98a7-ed3c8197db33@group-73033864ACD7, cid=45, FAILED org.apache.ratis.protocol.NotLeaderException: Server ce3b71d6-803c-4999-98a7-ed3c8197db33 is not the leader (06d76673-acfc-4852-ba17-8edfd4d37f5d:192.168.69.105:42001). Request must be sent to leader., logIndex=0, commits[ce3b71d6-803c-4999-98a7-ed3c8197db33:c8, 41b9b824-85d6-416a-bf4a-c5cccd6fce1e:c8, 06d76673-acfc-4852-ba17-8edfd4d37f5d:c8]
2019-08-23 09:13:30,429 | INFO  | SCMAudit | user=jenkins1000 | ip=192.168.69.105 | op=SEND_HEARTBEAT {datanodeUUID=480da6fd-5cad-42f6-a3a8-03ebe6e9ed72, command=[]} | ret=SUCCESS |  
2019-08-23 09:13:30,498 | INFO  | SCMAudit | user=jenkins1000 | ip=192.168.69.105 | op=SEND_HEARTBEAT {datanodeUUID=06d76673-acfc-4852-ba17-8edfd4d37f5d, command=[]} | ret=SUCCESS |  
2019-08-23 09:13:30,517 | INFO  | SCMAudit | user=jenkins1000 | ip=192.168.69.105 | op=SEND_HEARTBEAT {datanodeUUID=ce3b71d6-803c-4999-98a7-ed3c8197db33, command=[]} | ret=SUCCESS |  
2019-08-23 09:13:30,519 | INFO  | SCMAudit | user=jenkins1000 | ip=192.168.69.105 | op=SEND_HEARTBEAT {datanodeUUID=41b9b824-85d6-416a-bf4a-c5cccd6fce1e, command=[]} | ret=SUCCESS |  
2019-08-23 09:13:30,646 | INFO  | SCMAudit | user=jenkins1000 | ip=192.168.69.105 | op=SEND_HEARTBEAT {datanodeUUID=6db0b5b4-33e5-45b9-ab7c-8a068485ef09, command=[]} | ret=SUCCESS |  
2019-08-23 09:13:30,932 | INFO  | SCMAudit | user=jenkins1000 | ip=192.168.69.105 | op=SEND_HEARTBEAT {datanodeUUID=0a284024-13d6-46ed-b1db-6a3886ae2776, command=[]} | ret=SUCCESS |  
2019-08-23 09:13:31,040 | INFO  | SCMAudit | user=jenkins1000 | ip=192.168.69.105 | op=SEND_HEARTBEAT {datanodeUUID=e3f86e53-8f15-4a09-b253-90a30ace4ba2, command=[]} | ret=SUCCESS |  
2019-08-23 09:13:31,429 | INFO  | SCMAudit | user=jenkins1000 | ip=192.168.69.105 | op=SEND_HEARTBEAT {datanodeUUID=480da6fd-5cad-42f6-a3a8-03ebe6e9ed72, command=[]} | ret=SUCCESS |  
2019-08-23 09:13:31,497 | INFO  | SCMAudit | user=jenkins1000 | ip=192.168.69.105 | op=SEND_HEARTBEAT {datanodeUUID=06d76673-acfc-4852-ba17-8edfd4d37f5d, command=[]} | ret=SUCCESS |  
2019-08-23 09:13:31,518 | INFO  | SCMAudit | user=jenkins1000 | ip=192.168.69.105 | op=SEND_HEARTBEAT {datanodeUUID=ce3b71d6-803c-4999-98a7-ed3c8197db33, command=[]} | ret=SUCCESS |  
2019-08-23 09:13:31,519 | INFO  | SCMAudit | user=jenkins1000 | ip=192.168.69.105 | op=SEND_HEARTBEAT {datanodeUUID=41b9b824-85d6-416a-bf4a-c5cccd6fce1e, command=[]} | ret=SUCCESS |  
2019-08-23 09:13:31,646 | INFO  | SCMAudit | user=jenkins1000 | ip=192.168.69.105 | op=SEND_HEARTBEAT {datanodeUUID=6db0b5b4-33e5-45b9-ab7c-8a068485ef09, command=[]} | ret=SUCCESS |  
2019-08-23 09:13:31,932 | INFO  | SCMAudit | user=jenkins1000 | ip=192.168.69.105 | op=SEND_HEARTBEAT {datanodeUUID=0a284024-13d6-46ed-b1db-6a3886ae2776, command=[]} | ret=SUCCESS |  
2019-08-23 09:13:32,040 | INFO  | SCMAudit | user=jenkins1000 | ip=192.168.69.105 | op=SEND_HEARTBEAT {datanodeUUID=e3f86e53-8f15-4a09-b253-90a30ace4ba2, command=[]} | ret=SUCCESS |  
2019-08-23 09:13:32,428 | INFO  | SCMAudit | user=jenkins1000 | ip=192.168.69.105 | op=SEND_HEARTBEAT {datanodeUUID=480da6fd-5cad-42f6-a3a8-03ebe6e9ed72, command=[]} | ret=SUCCESS |  
2019-08-23 09:13:32,497 | INFO  | SCMAudit | user=jenkins1000 | ip=192.168.69.105 | op=SEND_HEARTBEAT {datanodeUUID=06d76673-acfc-4852-ba17-8edfd4d37f5d, command=[]} | ret=SUCCESS |  
2019-08-23 09:13:32,518 | INFO  | SCMAudit | user=jenkins1000 | ip=192.168.69.105 | op=SEND_HEARTBEAT {datanodeUUID=ce3b71d6-803c-4999-98a7-ed3c8197db33, command=[]} | ret=SUCCESS |  
2019-08-23 09:13:32,519 | INFO  | SCMAudit | user=jenkins1000 | ip=192.168.69.105 | op=SEND_HEARTBEAT {datanodeUUID=41b9b824-85d6-416a-bf4a-c5cccd6fce1e, command=[]} | ret=SUCCESS |  
2019-08-23 09:13:32,646 | INFO  | SCMAudit | user=jenkins1000 | ip=192.168.69.105 | op=SEND_HEARTBEAT {datanodeUUID=6db0b5b4-33e5-45b9-ab7c-8a068485ef09, command=[]} | ret=SUCCESS |  
2019-08-23 09:13:32,932 | INFO  | SCMAudit | user=jenkins1000 | ip=192.168.69.105 | op=SEND_HEARTBEAT {datanodeUUID=0a284024-13d6-46ed-b1db-6a3886ae2776, command=[]} | ret=SUCCESS |  
2019-08-23 09:13:33,041 | INFO  | SCMAudit | user=jenkins1000 | ip=192.168.69.105 | op=SEND_HEARTBEAT {datanodeUUID=e3f86e53-8f15-4a09-b253-90a30ace4ba2, command=[]} | ret=SUCCESS |  
2019-08-23 09:13:33,429 | INFO  | SCMAudit | user=jenkins1000 | ip=192.168.69.105 | op=SEND_HEARTBEAT {datanodeUUID=480da6fd-5cad-42f6-a3a8-03ebe6e9ed72, command=[]} | ret=SUCCESS |  
2019-08-23 09:13:33,498 | INFO  | SCMAudit | user=jenkins1000 | ip=192.168.69.105 | op=SEND_HEARTBEAT {datanodeUUID=06d76673-acfc-4852-ba17-8edfd4d37f5d, command=[]} | ret=SUCCESS |  
2019-08-23 09:13:33,518 | INFO  | SCMAudit | user=jenkins1000 | ip=192.168.69.105 | op=SEND_HEARTBEAT {datanodeUUID=ce3b71d6-803c-4999-98a7-ed3c8197db33, command=[]} | ret=SUCCESS |  
2019-08-23 09:13:33,519 | INFO  | SCMAudit | user=jenkins1000 | ip=192.168.69.105 | op=SEND_HEARTBEAT {datanodeUUID=41b9b824-85d6-416a-bf4a-c5cccd6fce1e, command=[]} | ret=SUCCESS |  
2019-08-23 09:13:33,646 | INFO  | SCMAudit | user=jenkins1000 | ip=192.168.69.105 | op=SEND_HEARTBEAT {datanodeUUID=6db0b5b4-33e5-45b9-ab7c-8a068485ef09, command=[]} | ret=SUCCESS |  
2019-08-23 09:13:33,932 | INFO  | SCMAudit | user=jenkins1000 | ip=192.168.69.105 | op=SEND_HEARTBEAT {datanodeUUID=0a284024-13d6-46ed-b1db-6a3886ae2776, command=[]} | ret=SUCCESS |  
2019-08-23 09:13:34,040 | INFO  | SCMAudit | user=jenkins1000 | ip=192.168.69.105 | op=SEND_HEARTBEAT {datanodeUUID=e3f86e53-8f15-4a09-b253-90a30ace4ba2, command=[]} | ret=SUCCESS |  
2019-08-23 09:13:34,429 | INFO  | SCMAudit | user=jenkins1000 | ip=192.168.69.105 | op=SEND_HEARTBEAT {datanodeUUID=480da6fd-5cad-42f6-a3a8-03ebe6e9ed72, command=[]} | ret=SUCCESS |  
2019-08-23 09:13:34,497 | INFO  | SCMAudit | user=jenkins1000 | ip=192.168.69.105 | op=SEND_HEARTBEAT {datanodeUUID=06d76673-acfc-4852-ba17-8edfd4d37f5d, command=[]} | ret=SUCCESS |  
2019-08-23 09:13:34,518 | INFO  | SCMAudit | user=jenkins1000 | ip=192.168.69.105 | op=SEND_HEARTBEAT {datanodeUUID=ce3b71d6-803c-4999-98a7-ed3c8197db33, command=[]} | ret=SUCCESS |  
2019-08-23 09:13:34,519 | INFO  | SCMAudit | user=jenkins1000 | ip=192.168.69.105 | op=SEND_HEARTBEAT {datanodeUUID=41b9b824-85d6-416a-bf4a-c5cccd6fce1e, command=[]} | ret=SUCCESS |  
2019-08-23 09:13:34,647 | INFO  | SCMAudit | user=jenkins1000 | ip=192.168.69.105 | op=SEND_HEARTBEAT {datanodeUUID=6db0b5b4-33e5-45b9-ab7c-8a068485ef09, command=[]} | ret=SUCCESS |  
2019-08-23 09:13:34,933 | INFO  | SCMAudit | user=jenkins1000 | ip=192.168.69.105 | op=SEND_HEARTBEAT {datanodeUUID=0a284024-13d6-46ed-b1db-6a3886ae2776, command=[]} | ret=SUCCESS |  
2019-08-23 09:13:35,040 | INFO  | SCMAudit | user=jenkins1000 | ip=192.168.69.105 | op=SEND_HEARTBEAT {datanodeUUID=e3f86e53-8f15-4a09-b253-90a30ace4ba2, command=[]} | ret=SUCCESS |  
2019-08-23 09:13:35,418 [grpc-default-executor-1] INFO  client.GrpcClientProtocolClient (GrpcClientProtocolClient.java:onNext(255)) - client-E82DA6E02431->41b9b824-85d6-416a-bf4a-c5cccd6fce1e: receive RaftClientReply:client-E82DA6E02431->41b9b824-85d6-416a-bf4a-c5cccd6fce1e@group-73033864ACD7, cid=45, FAILED org.apache.ratis.protocol.NotLeaderException: Server 41b9b824-85d6-416a-bf4a-c5cccd6fce1e is not the leader (06d76673-acfc-4852-ba17-8edfd4d37f5d:192.168.69.105:42001). Request must be sent to leader., logIndex=0, commits[41b9b824-85d6-416a-bf4a-c5cccd6fce1e:c8, ce3b71d6-803c-4999-98a7-ed3c8197db33:c8, 06d76673-acfc-4852-ba17-8edfd4d37f5d:c8]
2019-08-23 09:13:35,429 | INFO  | SCMAudit | user=jenkins1000 | ip=192.168.69.105 | op=SEND_HEARTBEAT {datanodeUUID=480da6fd-5cad-42f6-a3a8-03ebe6e9ed72, command=[]} | ret=SUCCESS |  
2019-08-23 09:13:35,498 | INFO  | SCMAudit | user=jenkins1000 | ip=192.168.69.105 | op=SEND_HEARTBEAT {datanodeUUID=06d76673-acfc-4852-ba17-8edfd4d37f5d, command=[]} | ret=SUCCESS |  
2019-08-23 09:13:35,518 | INFO  | SCMAudit | user=jenkins1000 | ip=192.168.69.105 | op=SEND_HEARTBEAT {datanodeUUID=ce3b71d6-803c-4999-98a7-ed3c8197db33, command=[]} | ret=SUCCESS |  
2019-08-23 09:13:35,519 | INFO  | SCMAudit | user=jenkins1000 | ip=192.168.69.105 | op=SEND_HEARTBEAT {datanodeUUID=41b9b824-85d6-416a-bf4a-c5cccd6fce1e, command=[]} | ret=SUCCESS |  
2019-08-23 09:13:35,646 | INFO  | SCMAudit | user=jenkins1000 | ip=192.168.69.105 | op=SEND_HEARTBEAT {datanodeUUID=6db0b5b4-33e5-45b9-ab7c-8a068485ef09, command=[]} | ret=SUCCESS |  
2019-08-23 09:13:35,932 | INFO  | SCMAudit | user=jenkins1000 | ip=192.168.69.105 | op=SEND_HEARTBEAT {datanodeUUID=0a284024-13d6-46ed-b1db-6a3886ae2776, command=[]} | ret=SUCCESS |  
2019-08-23 09:13:36,040 | INFO  | SCMAudit | user=jenkins1000 | ip=192.168.69.105 | op=SEND_HEARTBEAT {datanodeUUID=e3f86e53-8f15-4a09-b253-90a30ace4ba2, command=[]} | ret=SUCCESS |  
2019-08-23 09:13:36,429 | INFO  | SCMAudit | user=jenkins1000 | ip=192.168.69.105 | op=SEND_HEARTBEAT {datanodeUUID=480da6fd-5cad-42f6-a3a8-03ebe6e9ed72, command=[]} | ret=SUCCESS |  
2019-08-23 09:13:36,497 | INFO  | SCMAudit | user=jenkins1000 | ip=192.168.69.105 | op=SEND_HEARTBEAT {datanodeUUID=06d76673-acfc-4852-ba17-8edfd4d37f5d, command=[]} | ret=SUCCESS |  
2019-08-23 09:13:36,519 | INFO  | SCMAudit | user=jenkins1000 | ip=192.168.69.105 | op=SEND_HEARTBEAT {datanodeUUID=41b9b824-85d6-416a-bf4a-c5cccd6fce1e, command=[]} | ret=SUCCESS |  
2019-08-23 09:13:36,519 | INFO  | SCMAudit | user=jenkins1000 | ip=192.168.69.105 | op=SEND_HEARTBEAT {datanodeUUID=ce3b71d6-803c-4999-98a7-ed3c8197db33, command=[]} | ret=SUCCESS |  
2019-08-23 09:13:36,646 | INFO  | SCMAudit | user=jenkins1000 | ip=192.168.69.105 | op=SEND_HEARTBEAT {datanodeUUID=6db0b5b4-33e5-45b9-ab7c-8a068485ef09, command=[]} | ret=SUCCESS |  
2019-08-23 09:13:36,932 | INFO  | SCMAudit | user=jenkins1000 | ip=192.168.69.105 | op=SEND_HEARTBEAT {datanodeUUID=0a284024-13d6-46ed-b1db-6a3886ae2776, command=[]} | ret=SUCCESS |  
2019-08-23 09:13:37,040 | INFO  | SCMAudit | user=jenkins1000 | ip=192.168.69.105 | op=SEND_HEARTBEAT {datanodeUUID=e3f86e53-8f15-4a09-b253-90a30ace4ba2, command=[]} | ret=SUCCESS |  
2019-08-23 09:13:37,429 | INFO  | SCMAudit | user=jenkins1000 | ip=192.168.69.105 | op=SEND_HEARTBEAT {datanodeUUID=480da6fd-5cad-42f6-a3a8-03ebe6e9ed72, command=[]} | ret=SUCCESS |  
2019-08-23 09:13:37,497 | INFO  | SCMAudit | user=jenkins1000 | ip=192.168.69.105 | op=SEND_HEARTBEAT {datanodeUUID=06d76673-acfc-4852-ba17-8edfd4d37f5d, command=[]} | ret=SUCCESS |  
2019-08-23 09:13:37,519 | INFO  | SCMAudit | user=jenkins1000 | ip=192.168.69.105 | op=SEND_HEARTBEAT {datanodeUUID=41b9b824-85d6-416a-bf4a-c5cccd6fce1e, command=[]} | ret=SUCCESS |  
2019-08-23 09:13:37,520 | INFO  | SCMAudit | user=jenkins1000 | ip=192.168.69.105 | op=SEND_HEARTBEAT {datanodeUUID=ce3b71d6-803c-4999-98a7-ed3c8197db33, command=[]} | ret=SUCCESS |  
2019-08-23 09:13:37,646 | INFO  | SCMAudit | user=jenkins1000 | ip=192.168.69.105 | op=SEND_HEARTBEAT {datanodeUUID=6db0b5b4-33e5-45b9-ab7c-8a068485ef09, command=[]} | ret=SUCCESS |  
2019-08-23 09:13:37,932 | INFO  | SCMAudit | user=jenkins1000 | ip=192.168.69.105 | op=SEND_HEARTBEAT {datanodeUUID=0a284024-13d6-46ed-b1db-6a3886ae2776, command=[]} | ret=SUCCESS |  
2019-08-23 09:13:38,041 | INFO  | SCMAudit | user=jenkins1000 | ip=192.168.69.105 | op=SEND_HEARTBEAT {datanodeUUID=e3f86e53-8f15-4a09-b253-90a30ace4ba2, command=[]} | ret=SUCCESS |  
2019-08-23 09:13:38,430 | INFO  | SCMAudit | user=jenkins1000 | ip=192.168.69.105 | op=SEND_HEARTBEAT {datanodeUUID=480da6fd-5cad-42f6-a3a8-03ebe6e9ed72, command=[]} | ret=SUCCESS |  
2019-08-23 09:13:38,498 | INFO  | SCMAudit | user=jenkins1000 | ip=192.168.69.105 | op=SEND_HEARTBEAT {datanodeUUID=06d76673-acfc-4852-ba17-8edfd4d37f5d, command=[]} | ret=SUCCESS |  
2019-08-23 09:13:38,519 | INFO  | SCMAudit | user=jenkins1000 | ip=192.168.69.105 | op=SEND_HEARTBEAT {datanodeUUID=41b9b824-85d6-416a-bf4a-c5cccd6fce1e, command=[]} | ret=SUCCESS |  
2019-08-23 09:13:38,521 | INFO  | SCMAudit | user=jenkins1000 | ip=192.168.69.105 | op=SEND_HEARTBEAT {datanodeUUID=ce3b71d6-803c-4999-98a7-ed3c8197db33, command=[]} | ret=SUCCESS |  
2019-08-23 09:13:38,646 | INFO  | SCMAudit | user=jenkins1000 | ip=192.168.69.105 | op=SEND_HEARTBEAT {datanodeUUID=6db0b5b4-33e5-45b9-ab7c-8a068485ef09, command=[]} | ret=SUCCESS |  
2019-08-23 09:13:38,933 | INFO  | SCMAudit | user=jenkins1000 | ip=192.168.69.105 | op=SEND_HEARTBEAT {datanodeUUID=0a284024-13d6-46ed-b1db-6a3886ae2776, command=[]} | ret=SUCCESS |  
2019-08-23 09:13:39,041 | INFO  | SCMAudit | user=jenkins1000 | ip=192.168.69.105 | op=SEND_HEARTBEAT {datanodeUUID=e3f86e53-8f15-4a09-b253-90a30ace4ba2, command=[]} | ret=SUCCESS |  
2019-08-23 09:13:39,430 | INFO  | SCMAudit | user=jenkins1000 | ip=192.168.69.105 | op=SEND_HEARTBEAT {datanodeUUID=480da6fd-5cad-42f6-a3a8-03ebe6e9ed72, command=[]} | ret=SUCCESS |  
2019-08-23 09:13:39,497 | INFO  | SCMAudit | user=jenkins1000 | ip=192.168.69.105 | op=SEND_HEARTBEAT {datanodeUUID=06d76673-acfc-4852-ba17-8edfd4d37f5d, command=[]} | ret=SUCCESS |  
2019-08-23 09:13:39,519 | INFO  | SCMAudit | user=jenkins1000 | ip=192.168.69.105 | op=SEND_HEARTBEAT {datanodeUUID=41b9b824-85d6-416a-bf4a-c5cccd6fce1e, command=[]} | ret=SUCCESS |  
2019-08-23 09:13:39,521 | INFO  | SCMAudit | user=jenkins1000 | ip=192.168.69.105 | op=SEND_HEARTBEAT {datanodeUUID=ce3b71d6-803c-4999-98a7-ed3c8197db33, command=[]} | ret=SUCCESS |  
2019-08-23 09:13:39,646 | INFO  | SCMAudit | user=jenkins1000 | ip=192.168.69.105 | op=SEND_HEARTBEAT {datanodeUUID=6db0b5b4-33e5-45b9-ab7c-8a068485ef09, command=[]} | ret=SUCCESS |  
2019-08-23 09:13:39,932 | INFO  | SCMAudit | user=jenkins1000 | ip=192.168.69.105 | op=SEND_HEARTBEAT {datanodeUUID=0a284024-13d6-46ed-b1db-6a3886ae2776, command=[]} | ret=SUCCESS |  
2019-08-23 09:13:40,041 | INFO  | SCMAudit | user=jenkins1000 | ip=192.168.69.105 | op=SEND_HEARTBEAT {datanodeUUID=e3f86e53-8f15-4a09-b253-90a30ace4ba2, command=[]} | ret=SUCCESS |  
2019-08-23 09:13:40,434 | INFO  | SCMAudit | user=jenkins1000 | ip=192.168.69.105 | op=SEND_HEARTBEAT {datanodeUUID=480da6fd-5cad-42f6-a3a8-03ebe6e9ed72, command=[]} | ret=SUCCESS |  
2019-08-23 09:13:40,459 [grpc-default-executor-1] INFO  client.GrpcClientProtocolClient (GrpcClientProtocolClient.java:onNext(255)) - client-E82DA6E02431->ce3b71d6-803c-4999-98a7-ed3c8197db33: receive RaftClientReply:client-E82DA6E02431->ce3b71d6-803c-4999-98a7-ed3c8197db33@group-73033864ACD7, cid=45, FAILED org.apache.ratis.protocol.NotLeaderException: Server ce3b71d6-803c-4999-98a7-ed3c8197db33 is not the leader (06d76673-acfc-4852-ba17-8edfd4d37f5d:192.168.69.105:42001). Request must be sent to leader., logIndex=0, commits[ce3b71d6-803c-4999-98a7-ed3c8197db33:c8, 41b9b824-85d6-416a-bf4a-c5cccd6fce1e:c8, 06d76673-acfc-4852-ba17-8edfd4d37f5d:c8]
2019-08-23 09:13:40,497 | INFO  | SCMAudit | user=jenkins1000 | ip=192.168.69.105 | op=SEND_HEARTBEAT {datanodeUUID=06d76673-acfc-4852-ba17-8edfd4d37f5d, command=[]} | ret=SUCCESS |  
2019-08-23 09:13:40,519 | INFO  | SCMAudit | user=jenkins1000 | ip=192.168.69.105 | op=SEND_HEARTBEAT {datanodeUUID=41b9b824-85d6-416a-bf4a-c5cccd6fce1e, command=[]} | ret=SUCCESS |  
2019-08-23 09:13:40,522 | INFO  | SCMAudit | user=jenkins1000 | ip=192.168.69.105 | op=SEND_HEARTBEAT {datanodeUUID=ce3b71d6-803c-4999-98a7-ed3c8197db33, command=[]} | ret=SUCCESS |  
2019-08-23 09:13:40,646 | INFO  | SCMAudit | user=jenkins1000 | ip=192.168.69.105 | op=SEND_HEARTBEAT {datanodeUUID=6db0b5b4-33e5-45b9-ab7c-8a068485ef09, command=[]} | ret=SUCCESS |  
2019-08-23 09:13:40,932 | INFO  | SCMAudit | user=jenkins1000 | ip=192.168.69.105 | op=SEND_HEARTBEAT {datanodeUUID=0a284024-13d6-46ed-b1db-6a3886ae2776, command=[]} | ret=SUCCESS |  
2019-08-23 09:13:41,042 | INFO  | SCMAudit | user=jenkins1000 | ip=192.168.69.105 | op=SEND_HEARTBEAT {datanodeUUID=e3f86e53-8f15-4a09-b253-90a30ace4ba2, command=[]} | ret=SUCCESS |  
2019-08-23 09:13:41,433 | INFO  | SCMAudit | user=jenkins1000 | ip=192.168.69.105 | op=SEND_HEARTBEAT {datanodeUUID=480da6fd-5cad-42f6-a3a8-03ebe6e9ed72, command=[]} | ret=SUCCESS |  
2019-08-23 09:13:41,498 | INFO  | SCMAudit | user=jenkins1000 | ip=192.168.69.105 | op=SEND_HEARTBEAT {datanodeUUID=06d76673-acfc-4852-ba17-8edfd4d37f5d, command=[]} | ret=SUCCESS |  
2019-08-23 09:13:41,520 | INFO  | SCMAudit | user=jenkins1000 | ip=192.168.69.105 | op=SEND_HEARTBEAT {datanodeUUID=41b9b824-85d6-416a-bf4a-c5cccd6fce1e, command=[]} | ret=SUCCESS |  
2019-08-23 09:13:41,522 | INFO  | SCMAudit | user=jenkins1000 | ip=192.168.69.105 | op=SEND_HEARTBEAT {datanodeUUID=ce3b71d6-803c-4999-98a7-ed3c8197db33, command=[]} | ret=SUCCESS |  
2019-08-23 09:13:41,646 | INFO  | SCMAudit | user=jenkins1000 | ip=192.168.69.105 | op=SEND_HEARTBEAT {datanodeUUID=6db0b5b4-33e5-45b9-ab7c-8a068485ef09, command=[]} | ret=SUCCESS |  
2019-08-23 09:13:41,932 | INFO  | SCMAudit | user=jenkins1000 | ip=192.168.69.105 | op=SEND_HEARTBEAT {datanodeUUID=0a284024-13d6-46ed-b1db-6a3886ae2776, command=[]} | ret=SUCCESS |  
2019-08-23 09:13:42,041 | INFO  | SCMAudit | user=jenkins1000 | ip=192.168.69.105 | op=SEND_HEARTBEAT {datanodeUUID=e3f86e53-8f15-4a09-b253-90a30ace4ba2, command=[]} | ret=SUCCESS |  
2019-08-23 09:13:42,433 | INFO  | SCMAudit | user=jenkins1000 | ip=192.168.69.105 | op=SEND_HEARTBEAT {datanodeUUID=480da6fd-5cad-42f6-a3a8-03ebe6e9ed72, command=[]} | ret=SUCCESS |  
2019-08-23 09:13:42,499 | INFO  | SCMAudit | user=jenkins1000 | ip=192.168.69.105 | op=SEND_HEARTBEAT {datanodeUUID=06d76673-acfc-4852-ba17-8edfd4d37f5d, command=[]} | ret=SUCCESS |  
2019-08-23 09:13:42,520 | INFO  | SCMAudit | user=jenkins1000 | ip=192.168.69.105 | op=SEND_HEARTBEAT {datanodeUUID=41b9b824-85d6-416a-bf4a-c5cccd6fce1e, command=[]} | ret=SUCCESS |  
2019-08-23 09:13:42,522 | INFO  | SCMAudit | user=jenkins1000 | ip=192.168.69.105 | op=SEND_HEARTBEAT {datanodeUUID=ce3b71d6-803c-4999-98a7-ed3c8197db33, command=[]} | ret=SUCCESS |  
2019-08-23 09:13:42,647 | INFO  | SCMAudit | user=jenkins1000 | ip=192.168.69.105 | op=SEND_HEARTBEAT {datanodeUUID=6db0b5b4-33e5-45b9-ab7c-8a068485ef09, command=[]} | ret=SUCCESS |  
2019-08-23 09:13:42,933 | INFO  | SCMAudit | user=jenkins1000 | ip=192.168.69.105 | op=SEND_HEARTBEAT {datanodeUUID=0a284024-13d6-46ed-b1db-6a3886ae2776, command=[]} | ret=SUCCESS |  
2019-08-23 09:13:43,041 | INFO  | SCMAudit | user=jenkins1000 | ip=192.168.69.105 | op=SEND_HEARTBEAT {datanodeUUID=e3f86e53-8f15-4a09-b253-90a30ace4ba2, command=[]} | ret=SUCCESS |  
2019-08-23 09:13:43,433 | INFO  | SCMAudit | user=jenkins1000 | ip=192.168.69.105 | op=SEND_HEARTBEAT {datanodeUUID=480da6fd-5cad-42f6-a3a8-03ebe6e9ed72, command=[]} | ret=SUCCESS |  
2019-08-23 09:13:43,499 | INFO  | SCMAudit | user=jenkins1000 | ip=192.168.69.105 | op=SEND_HEARTBEAT {datanodeUUID=06d76673-acfc-4852-ba17-8edfd4d37f5d, command=[]} | ret=SUCCESS |  
2019-08-23 09:13:43,520 | INFO  | SCMAudit | user=jenkins1000 | ip=192.168.69.105 | op=SEND_HEARTBEAT {datanodeUUID=41b9b824-85d6-416a-bf4a-c5cccd6fce1e, command=[]} | ret=SUCCESS |  
2019-08-23 09:13:43,522 | INFO  | SCMAudit | user=jenkins1000 | ip=192.168.69.105 | op=SEND_HEARTBEAT {datanodeUUID=ce3b71d6-803c-4999-98a7-ed3c8197db33, command=[]} | ret=SUCCESS |  
2019-08-23 09:13:43,646 | INFO  | SCMAudit | user=jenkins1000 | ip=192.168.69.105 | op=SEND_HEARTBEAT {datanodeUUID=6db0b5b4-33e5-45b9-ab7c-8a068485ef09, command=[]} | ret=SUCCESS |  
2019-08-23 09:13:43,932 | INFO  | SCMAudit | user=jenkins1000 | ip=192.168.69.105 | op=SEND_HEARTBEAT {datanodeUUID=0a284024-13d6-46ed-b1db-6a3886ae2776, command=[]} | ret=SUCCESS |  
2019-08-23 09:13:44,042 | INFO  | SCMAudit | user=jenkins1000 | ip=192.168.69.105 | op=SEND_HEARTBEAT {datanodeUUID=e3f86e53-8f15-4a09-b253-90a30ace4ba2, command=[]} | ret=SUCCESS |  
2019-08-23 09:13:44,434 | INFO  | SCMAudit | user=jenkins1000 | ip=192.168.69.105 | op=SEND_HEARTBEAT {datanodeUUID=480da6fd-5cad-42f6-a3a8-03ebe6e9ed72, command=[]} | ret=SUCCESS |  
2019-08-23 09:13:44,499 | INFO  | SCMAudit | user=jenkins1000 | ip=192.168.69.105 | op=SEND_HEARTBEAT {datanodeUUID=06d76673-acfc-4852-ba17-8edfd4d37f5d, command=[]} | ret=SUCCESS |  
2019-08-23 09:13:44,521 | INFO  | SCMAudit | user=jenkins1000 | ip=192.168.69.105 | op=SEND_HEARTBEAT {datanodeUUID=41b9b824-85d6-416a-bf4a-c5cccd6fce1e, command=[]} | ret=SUCCESS |  
2019-08-23 09:13:44,522 | INFO  | SCMAudit | user=jenkins1000 | ip=192.168.69.105 | op=SEND_HEARTBEAT {datanodeUUID=ce3b71d6-803c-4999-98a7-ed3c8197db33, command=[]} | ret=SUCCESS |  
2019-08-23 09:13:44,647 | INFO  | SCMAudit | user=jenkins1000 | ip=192.168.69.105 | op=SEND_HEARTBEAT {datanodeUUID=6db0b5b4-33e5-45b9-ab7c-8a068485ef09, command=[]} | ret=SUCCESS |  
2019-08-23 09:13:44,932 | INFO  | SCMAudit | user=jenkins1000 | ip=192.168.69.105 | op=SEND_HEARTBEAT {datanodeUUID=0a284024-13d6-46ed-b1db-6a3886ae2776, command=[]} | ret=SUCCESS |  
2019-08-23 09:13:45,042 | INFO  | SCMAudit | user=jenkins1000 | ip=192.168.69.105 | op=SEND_HEARTBEAT {datanodeUUID=e3f86e53-8f15-4a09-b253-90a30ace4ba2, command=[]} | ret=SUCCESS |  
2019-08-23 09:13:45,434 | INFO  | SCMAudit | user=jenkins1000 | ip=192.168.69.105 | op=SEND_HEARTBEAT {datanodeUUID=480da6fd-5cad-42f6-a3a8-03ebe6e9ed72, command=[]} | ret=SUCCESS |  
2019-08-23 09:13:45,488 [grpc-default-executor-1] INFO  client.GrpcClientProtocolClient (GrpcClientProtocolClient.java:onNext(255)) - client-E82DA6E02431->41b9b824-85d6-416a-bf4a-c5cccd6fce1e: receive RaftClientReply:client-E82DA6E02431->41b9b824-85d6-416a-bf4a-c5cccd6fce1e@group-73033864ACD7, cid=45, FAILED org.apache.ratis.protocol.NotLeaderException: Server 41b9b824-85d6-416a-bf4a-c5cccd6fce1e is not the leader (06d76673-acfc-4852-ba17-8edfd4d37f5d:192.168.69.105:42001). Request must be sent to leader., logIndex=0, commits[41b9b824-85d6-416a-bf4a-c5cccd6fce1e:c8, ce3b71d6-803c-4999-98a7-ed3c8197db33:c8, 06d76673-acfc-4852-ba17-8edfd4d37f5d:c8]
2019-08-23 09:13:45,500 | INFO  | SCMAudit | user=jenkins1000 | ip=192.168.69.105 | op=SEND_HEARTBEAT {datanodeUUID=06d76673-acfc-4852-ba17-8edfd4d37f5d, command=[]} | ret=SUCCESS |  
2019-08-23 09:13:45,520 | INFO  | SCMAudit | user=jenkins1000 | ip=192.168.69.105 | op=SEND_HEARTBEAT {datanodeUUID=41b9b824-85d6-416a-bf4a-c5cccd6fce1e, command=[]} | ret=SUCCESS |  
2019-08-23 09:13:45,522 | INFO  | SCMAudit | user=jenkins1000 | ip=192.168.69.105 | op=SEND_HEARTBEAT {datanodeUUID=ce3b71d6-803c-4999-98a7-ed3c8197db33, command=[]} | ret=SUCCESS |  
2019-08-23 09:13:45,646 | INFO  | SCMAudit | user=jenkins1000 | ip=192.168.69.105 | op=SEND_HEARTBEAT {datanodeUUID=6db0b5b4-33e5-45b9-ab7c-8a068485ef09, command=[]} | ret=SUCCESS |  
2019-08-23 09:13:45,932 | INFO  | SCMAudit | user=jenkins1000 | ip=192.168.69.105 | op=SEND_HEARTBEAT {datanodeUUID=0a284024-13d6-46ed-b1db-6a3886ae2776, command=[]} | ret=SUCCESS |  
2019-08-23 09:13:46,043 | INFO  | SCMAudit | user=jenkins1000 | ip=192.168.69.105 | op=SEND_HEARTBEAT {datanodeUUID=e3f86e53-8f15-4a09-b253-90a30ace4ba2, command=[]} | ret=SUCCESS |  
2019-08-23 09:13:46,434 | INFO  | SCMAudit | user=jenkins1000 | ip=192.168.69.105 | op=SEND_HEARTBEAT {datanodeUUID=480da6fd-5cad-42f6-a3a8-03ebe6e9ed72, command=[]} | ret=SUCCESS |  
2019-08-23 09:13:46,501 | INFO  | SCMAudit | user=jenkins1000 | ip=192.168.69.105 | op=SEND_HEARTBEAT {datanodeUUID=06d76673-acfc-4852-ba17-8edfd4d37f5d, command=[]} | ret=SUCCESS |  
2019-08-23 09:13:46,521 | INFO  | SCMAudit | user=jenkins1000 | ip=192.168.69.105 | op=SEND_HEARTBEAT {datanodeUUID=41b9b824-85d6-416a-bf4a-c5cccd6fce1e, command=[]} | ret=SUCCESS |  
2019-08-23 09:13:46,522 | INFO  | SCMAudit | user=jenkins1000 | ip=192.168.69.105 | op=SEND_HEARTBEAT {datanodeUUID=ce3b71d6-803c-4999-98a7-ed3c8197db33, command=[]} | ret=SUCCESS |  
2019-08-23 09:13:46,646 | INFO  | SCMAudit | user=jenkins1000 | ip=192.168.69.105 | op=SEND_HEARTBEAT {datanodeUUID=6db0b5b4-33e5-45b9-ab7c-8a068485ef09, command=[]} | ret=SUCCESS |  
2019-08-23 09:13:46,933 | INFO  | SCMAudit | user=jenkins1000 | ip=192.168.69.105 | op=SEND_HEARTBEAT {datanodeUUID=0a284024-13d6-46ed-b1db-6a3886ae2776, command=[]} | ret=SUCCESS |  
2019-08-23 09:13:47,043 | INFO  | SCMAudit | user=jenkins1000 | ip=192.168.69.105 | op=SEND_HEARTBEAT {datanodeUUID=e3f86e53-8f15-4a09-b253-90a30ace4ba2, command=[]} | ret=SUCCESS |  
2019-08-23 09:13:47,435 | INFO  | SCMAudit | user=jenkins1000 | ip=192.168.69.105 | op=SEND_HEARTBEAT {datanodeUUID=480da6fd-5cad-42f6-a3a8-03ebe6e9ed72, command=[]} | ret=SUCCESS |  
2019-08-23 09:13:47,501 | INFO  | SCMAudit | user=jenkins1000 | ip=192.168.69.105 | op=SEND_HEARTBEAT {datanodeUUID=06d76673-acfc-4852-ba17-8edfd4d37f5d, command=[]} | ret=SUCCESS |  
2019-08-23 09:13:47,521 | INFO  | SCMAudit | user=jenkins1000 | ip=192.168.69.105 | op=SEND_HEARTBEAT {datanodeUUID=41b9b824-85d6-416a-bf4a-c5cccd6fce1e, command=[]} | ret=SUCCESS |  
2019-08-23 09:13:47,522 | INFO  | SCMAudit | user=jenkins1000 | ip=192.168.69.105 | op=SEND_HEARTBEAT {datanodeUUID=ce3b71d6-803c-4999-98a7-ed3c8197db33, command=[]} | ret=SUCCESS |  
2019-08-23 09:13:47,646 | INFO  | SCMAudit | user=jenkins1000 | ip=192.168.69.105 | op=SEND_HEARTBEAT {datanodeUUID=6db0b5b4-33e5-45b9-ab7c-8a068485ef09, command=[]} | ret=SUCCESS |  
2019-08-23 09:13:47,932 | INFO  | SCMAudit | user=jenkins1000 | ip=192.168.69.105 | op=SEND_HEARTBEAT {datanodeUUID=0a284024-13d6-46ed-b1db-6a3886ae2776, command=[]} | ret=SUCCESS |  
2019-08-23 09:13:48,043 | INFO  | SCMAudit | user=jenkins1000 | ip=192.168.69.105 | op=SEND_HEARTBEAT {datanodeUUID=e3f86e53-8f15-4a09-b253-90a30ace4ba2, command=[]} | ret=SUCCESS |  
2019-08-23 09:13:48,434 | INFO  | SCMAudit | user=jenkins1000 | ip=192.168.69.105 | op=SEND_HEARTBEAT {datanodeUUID=480da6fd-5cad-42f6-a3a8-03ebe6e9ed72, command=[]} | ret=SUCCESS |  
2019-08-23 09:13:48,501 | INFO  | SCMAudit | user=jenkins1000 | ip=192.168.69.105 | op=SEND_HEARTBEAT {datanodeUUID=06d76673-acfc-4852-ba17-8edfd4d37f5d, command=[]} | ret=SUCCESS |  
2019-08-23 09:13:48,522 | INFO  | SCMAudit | user=jenkins1000 | ip=192.168.69.105 | op=SEND_HEARTBEAT {datanodeUUID=41b9b824-85d6-416a-bf4a-c5cccd6fce1e, command=[]} | ret=SUCCESS |  
2019-08-23 09:13:48,522 | INFO  | SCMAudit | user=jenkins1000 | ip=192.168.69.105 | op=SEND_HEARTBEAT {datanodeUUID=ce3b71d6-803c-4999-98a7-ed3c8197db33, command=[]} | ret=SUCCESS |  
2019-08-23 09:13:48,646 | INFO  | SCMAudit | user=jenkins1000 | ip=192.168.69.105 | op=SEND_HEARTBEAT {datanodeUUID=6db0b5b4-33e5-45b9-ab7c-8a068485ef09, command=[]} | ret=SUCCESS |  
2019-08-23 09:13:48,932 | INFO  | SCMAudit | user=jenkins1000 | ip=192.168.69.105 | op=SEND_HEARTBEAT {datanodeUUID=0a284024-13d6-46ed-b1db-6a3886ae2776, command=[]} | ret=SUCCESS |  
2019-08-23 09:13:49,044 | INFO  | SCMAudit | user=jenkins1000 | ip=192.168.69.105 | op=SEND_HEARTBEAT {datanodeUUID=e3f86e53-8f15-4a09-b253-90a30ace4ba2, command=[]} | ret=SUCCESS |  
2019-08-23 09:13:49,434 | INFO  | SCMAudit | user=jenkins1000 | ip=192.168.69.105 | op=SEND_HEARTBEAT {datanodeUUID=480da6fd-5cad-42f6-a3a8-03ebe6e9ed72, command=[]} | ret=SUCCESS |  
2019-08-23 09:13:49,504 | INFO  | SCMAudit | user=jenkins1000 | ip=192.168.69.105 | op=SEND_HEARTBEAT {datanodeUUID=06d76673-acfc-4852-ba17-8edfd4d37f5d, command=[]} | ret=SUCCESS |  
2019-08-23 09:13:49,521 | INFO  | SCMAudit | user=jenkins1000 | ip=192.168.69.105 | op=SEND_HEARTBEAT {datanodeUUID=41b9b824-85d6-416a-bf4a-c5cccd6fce1e, command=[]} | ret=SUCCESS |  
2019-08-23 09:13:49,522 | INFO  | SCMAudit | user=jenkins1000 | ip=192.168.69.105 | op=SEND_HEARTBEAT {datanodeUUID=ce3b71d6-803c-4999-98a7-ed3c8197db33, command=[]} | ret=SUCCESS |  
2019-08-23 09:13:49,647 | INFO  | SCMAudit | user=jenkins1000 | ip=192.168.69.105 | op=SEND_HEARTBEAT {datanodeUUID=6db0b5b4-33e5-45b9-ab7c-8a068485ef09, command=[]} | ret=SUCCESS |  
2019-08-23 09:13:49,933 | INFO  | SCMAudit | user=jenkins1000 | ip=192.168.69.105 | op=SEND_HEARTBEAT {datanodeUUID=0a284024-13d6-46ed-b1db-6a3886ae2776, command=[]} | ret=SUCCESS |  
2019-08-23 09:13:50,043 | INFO  | SCMAudit | user=jenkins1000 | ip=192.168.69.105 | op=SEND_HEARTBEAT {datanodeUUID=e3f86e53-8f15-4a09-b253-90a30ace4ba2, command=[]} | ret=SUCCESS |  
2019-08-23 09:13:50,435 | INFO  | SCMAudit | user=jenkins1000 | ip=192.168.69.105 | op=SEND_HEARTBEAT {datanodeUUID=480da6fd-5cad-42f6-a3a8-03ebe6e9ed72, command=[]} | ret=SUCCESS |  
2019-08-23 09:13:50,501 | INFO  | SCMAudit | user=jenkins1000 | ip=192.168.69.105 | op=SEND_HEARTBEAT {datanodeUUID=06d76673-acfc-4852-ba17-8edfd4d37f5d, command=[]} | ret=SUCCESS |  
2019-08-23 09:13:50,520 [grpc-default-executor-1] INFO  client.GrpcClientProtocolClient (GrpcClientProtocolClient.java:onNext(255)) - client-E82DA6E02431->ce3b71d6-803c-4999-98a7-ed3c8197db33: receive RaftClientReply:client-E82DA6E02431->ce3b71d6-803c-4999-98a7-ed3c8197db33@group-73033864ACD7, cid=45, FAILED org.apache.ratis.protocol.NotLeaderException: Server ce3b71d6-803c-4999-98a7-ed3c8197db33 is not the leader (06d76673-acfc-4852-ba17-8edfd4d37f5d:192.168.69.105:42001). Request must be sent to leader., logIndex=0, commits[ce3b71d6-803c-4999-98a7-ed3c8197db33:c8, 41b9b824-85d6-416a-bf4a-c5cccd6fce1e:c8, 06d76673-acfc-4852-ba17-8edfd4d37f5d:c8]
2019-08-23 09:13:50,530 | INFO  | SCMAudit | user=jenkins1000 | ip=192.168.69.105 | op=SEND_HEARTBEAT {datanodeUUID=41b9b824-85d6-416a-bf4a-c5cccd6fce1e, command=[]} | ret=SUCCESS |  
2019-08-23 09:13:50,531 | INFO  | SCMAudit | user=jenkins1000 | ip=192.168.69.105 | op=SEND_HEARTBEAT {datanodeUUID=ce3b71d6-803c-4999-98a7-ed3c8197db33, command=[]} | ret=SUCCESS |  
2019-08-23 09:13:50,647 | INFO  | SCMAudit | user=jenkins1000 | ip=192.168.69.105 | op=SEND_HEARTBEAT {datanodeUUID=6db0b5b4-33e5-45b9-ab7c-8a068485ef09, command=[]} | ret=SUCCESS |  
2019-08-23 09:13:50,932 | INFO  | SCMAudit | user=jenkins1000 | ip=192.168.69.105 | op=SEND_HEARTBEAT {datanodeUUID=0a284024-13d6-46ed-b1db-6a3886ae2776, command=[]} | ret=SUCCESS |  
2019-08-23 09:13:51,044 | INFO  | SCMAudit | user=jenkins1000 | ip=192.168.69.105 | op=SEND_HEARTBEAT {datanodeUUID=e3f86e53-8f15-4a09-b253-90a30ace4ba2, command=[]} | ret=SUCCESS |  
2019-08-23 09:13:51,434 | INFO  | SCMAudit | user=jenkins1000 | ip=192.168.69.105 | op=SEND_HEARTBEAT {datanodeUUID=480da6fd-5cad-42f6-a3a8-03ebe6e9ed72, command=[]} | ret=SUCCESS |  
2019-08-23 09:13:51,501 | INFO  | SCMAudit | user=jenkins1000 | ip=192.168.69.105 | op=SEND_HEARTBEAT {datanodeUUID=06d76673-acfc-4852-ba17-8edfd4d37f5d, command=[]} | ret=SUCCESS |  
2019-08-23 09:13:51,522 | INFO  | SCMAudit | user=jenkins1000 | ip=192.168.69.105 | op=SEND_HEARTBEAT {datanodeUUID=41b9b824-85d6-416a-bf4a-c5cccd6fce1e, command=[]} | ret=SUCCESS |  
2019-08-23 09:13:51,524 | INFO  | SCMAudit | user=jenkins1000 | ip=192.168.69.105 | op=SEND_HEARTBEAT {datanodeUUID=ce3b71d6-803c-4999-98a7-ed3c8197db33, command=[]} | ret=SUCCESS |  
2019-08-23 09:13:51,647 | INFO  | SCMAudit | user=jenkins1000 | ip=192.168.69.105 | op=SEND_HEARTBEAT {datanodeUUID=6db0b5b4-33e5-45b9-ab7c-8a068485ef09, command=[]} | ret=SUCCESS |  
2019-08-23 09:13:51,933 | INFO  | SCMAudit | user=jenkins1000 | ip=192.168.69.105 | op=SEND_HEARTBEAT {datanodeUUID=0a284024-13d6-46ed-b1db-6a3886ae2776, command=[]} | ret=SUCCESS |  
2019-08-23 09:13:52,044 | INFO  | SCMAudit | user=jenkins1000 | ip=192.168.69.105 | op=SEND_HEARTBEAT {datanodeUUID=e3f86e53-8f15-4a09-b253-90a30ace4ba2, command=[]} | ret=SUCCESS |  
2019-08-23 09:13:52,434 | INFO  | SCMAudit | user=jenkins1000 | ip=192.168.69.105 | op=SEND_HEARTBEAT {datanodeUUID=480da6fd-5cad-42f6-a3a8-03ebe6e9ed72, command=[]} | ret=SUCCESS |  
2019-08-23 09:13:52,501 | INFO  | SCMAudit | user=jenkins1000 | ip=192.168.69.105 | op=SEND_HEARTBEAT {datanodeUUID=06d76673-acfc-4852-ba17-8edfd4d37f5d, command=[]} | ret=SUCCESS |  
2019-08-23 09:13:52,523 | INFO  | SCMAudit | user=jenkins1000 | ip=192.168.69.105 | op=SEND_HEARTBEAT {datanodeUUID=41b9b824-85d6-416a-bf4a-c5cccd6fce1e, command=[]} | ret=SUCCESS |  
2019-08-23 09:13:52,524 | INFO  | SCMAudit | user=jenkins1000 | ip=192.168.69.105 | op=SEND_HEARTBEAT {datanodeUUID=ce3b71d6-803c-4999-98a7-ed3c8197db33, command=[]} | ret=SUCCESS |  
2019-08-23 09:13:52,647 | INFO  | SCMAudit | user=jenkins1000 | ip=192.168.69.105 | op=SEND_HEARTBEAT {datanodeUUID=6db0b5b4-33e5-45b9-ab7c-8a068485ef09, command=[]} | ret=SUCCESS |  
2019-08-23 09:13:52,932 | INFO  | SCMAudit | user=jenkins1000 | ip=192.168.69.105 | op=SEND_HEARTBEAT {datanodeUUID=0a284024-13d6-46ed-b1db-6a3886ae2776, command=[]} | ret=SUCCESS |  
2019-08-23 09:13:53,045 | INFO  | SCMAudit | user=jenkins1000 | ip=192.168.69.105 | op=SEND_HEARTBEAT {datanodeUUID=e3f86e53-8f15-4a09-b253-90a30ace4ba2, command=[]} | ret=SUCCESS |  
2019-08-23 09:13:53,434 | INFO  | SCMAudit | user=jenkins1000 | ip=192.168.69.105 | op=SEND_HEARTBEAT {datanodeUUID=480da6fd-5cad-42f6-a3a8-03ebe6e9ed72, command=[]} | ret=SUCCESS |  
2019-08-23 09:13:53,502 | INFO  | SCMAudit | user=jenkins1000 | ip=192.168.69.105 | op=SEND_HEARTBEAT {datanodeUUID=06d76673-acfc-4852-ba17-8edfd4d37f5d, command=[]} | ret=SUCCESS |  
2019-08-23 09:13:53,523 | INFO  | SCMAudit | user=jenkins1000 | ip=192.168.69.105 | op=SEND_HEARTBEAT {datanodeUUID=41b9b824-85d6-416a-bf4a-c5cccd6fce1e, command=[]} | ret=SUCCESS |  
2019-08-23 09:13:53,524 | INFO  | SCMAudit | user=jenkins1000 | ip=192.168.69.105 | op=SEND_HEARTBEAT {datanodeUUID=ce3b71d6-803c-4999-98a7-ed3c8197db33, command=[]} | ret=SUCCESS |  
2019-08-23 09:13:53,647 | INFO  | SCMAudit | user=jenkins1000 | ip=192.168.69.105 | op=SEND_HEARTBEAT {datanodeUUID=6db0b5b4-33e5-45b9-ab7c-8a068485ef09, command=[]} | ret=SUCCESS |  
2019-08-23 09:13:53,932 | INFO  | SCMAudit | user=jenkins1000 | ip=192.168.69.105 | op=SEND_HEARTBEAT {datanodeUUID=0a284024-13d6-46ed-b1db-6a3886ae2776, command=[]} | ret=SUCCESS |  
2019-08-23 09:13:54,044 | INFO  | SCMAudit | user=jenkins1000 | ip=192.168.69.105 | op=SEND_HEARTBEAT {datanodeUUID=e3f86e53-8f15-4a09-b253-90a30ace4ba2, command=[]} | ret=SUCCESS |  
2019-08-23 09:13:54,434 | INFO  | SCMAudit | user=jenkins1000 | ip=192.168.69.105 | op=SEND_HEARTBEAT {datanodeUUID=480da6fd-5cad-42f6-a3a8-03ebe6e9ed72, command=[]} | ret=SUCCESS |  
2019-08-23 09:13:54,501 | INFO  | SCMAudit | user=jenkins1000 | ip=192.168.69.105 | op=SEND_HEARTBEAT {datanodeUUID=06d76673-acfc-4852-ba17-8edfd4d37f5d, command=[]} | ret=SUCCESS |  
2019-08-23 09:13:54,523 | INFO  | SCMAudit | user=jenkins1000 | ip=192.168.69.105 | op=SEND_HEARTBEAT {datanodeUUID=41b9b824-85d6-416a-bf4a-c5cccd6fce1e, command=[]} | ret=SUCCESS |  
2019-08-23 09:13:54,524 | INFO  | SCMAudit | user=jenkins1000 | ip=192.168.69.105 | op=SEND_HEARTBEAT {datanodeUUID=ce3b71d6-803c-4999-98a7-ed3c8197db33, command=[]} | ret=SUCCESS |  
2019-08-23 09:13:54,648 | INFO  | SCMAudit | user=jenkins1000 | ip=192.168.69.105 | op=SEND_HEARTBEAT {datanodeUUID=6db0b5b4-33e5-45b9-ab7c-8a068485ef09, command=[]} | ret=SUCCESS |  
2019-08-23 09:13:54,933 | INFO  | SCMAudit | user=jenkins1000 | ip=192.168.69.105 | op=SEND_HEARTBEAT {datanodeUUID=0a284024-13d6-46ed-b1db-6a3886ae2776, command=[]} | ret=SUCCESS |  
2019-08-23 09:13:55,045 | INFO  | SCMAudit | user=jenkins1000 | ip=192.168.69.105 | op=SEND_HEARTBEAT {datanodeUUID=e3f86e53-8f15-4a09-b253-90a30ace4ba2, command=[]} | ret=SUCCESS |  
2019-08-23 09:13:55,435 | INFO  | SCMAudit | user=jenkins1000 | ip=192.168.69.105 | op=SEND_HEARTBEAT {datanodeUUID=480da6fd-5cad-42f6-a3a8-03ebe6e9ed72, command=[]} | ret=SUCCESS |  
2019-08-23 09:13:55,501 | INFO  | SCMAudit | user=jenkins1000 | ip=192.168.69.105 | op=SEND_HEARTBEAT {datanodeUUID=06d76673-acfc-4852-ba17-8edfd4d37f5d, command=[]} | ret=SUCCESS |  
2019-08-23 09:13:55,524 | INFO  | SCMAudit | user=jenkins1000 | ip=192.168.69.105 | op=SEND_HEARTBEAT {datanodeUUID=41b9b824-85d6-416a-bf4a-c5cccd6fce1e, command=[]} | ret=SUCCESS |  
2019-08-23 09:13:55,524 | INFO  | SCMAudit | user=jenkins1000 | ip=192.168.69.105 | op=SEND_HEARTBEAT {datanodeUUID=ce3b71d6-803c-4999-98a7-ed3c8197db33, command=[]} | ret=SUCCESS |  
2019-08-23 09:13:55,573 [grpc-default-executor-2] INFO  client.GrpcClientProtocolClient (GrpcClientProtocolClient.java:onNext(255)) - client-E82DA6E02431->41b9b824-85d6-416a-bf4a-c5cccd6fce1e: receive RaftClientReply:client-E82DA6E02431->41b9b824-85d6-416a-bf4a-c5cccd6fce1e@group-73033864ACD7, cid=45, FAILED org.apache.ratis.protocol.NotLeaderException: Server 41b9b824-85d6-416a-bf4a-c5cccd6fce1e is not the leader (06d76673-acfc-4852-ba17-8edfd4d37f5d:192.168.69.105:42001). Request must be sent to leader., logIndex=0, commits[41b9b824-85d6-416a-bf4a-c5cccd6fce1e:c8, ce3b71d6-803c-4999-98a7-ed3c8197db33:c8, 06d76673-acfc-4852-ba17-8edfd4d37f5d:c8]
2019-08-23 09:13:55,647 | INFO  | SCMAudit | user=jenkins1000 | ip=192.168.69.105 | op=SEND_HEARTBEAT {datanodeUUID=6db0b5b4-33e5-45b9-ab7c-8a068485ef09, command=[]} | ret=SUCCESS |  
2019-08-23 09:13:55,934 | INFO  | SCMAudit | user=jenkins1000 | ip=192.168.69.105 | op=SEND_HEARTBEAT {datanodeUUID=0a284024-13d6-46ed-b1db-6a3886ae2776, command=[]} | ret=SUCCESS |  
2019-08-23 09:13:56,044 | INFO  | SCMAudit | user=jenkins1000 | ip=192.168.69.105 | op=SEND_HEARTBEAT {datanodeUUID=e3f86e53-8f15-4a09-b253-90a30ace4ba2, command=[]} | ret=SUCCESS |  
2019-08-23 09:13:56,435 | INFO  | SCMAudit | user=jenkins1000 | ip=192.168.69.105 | op=SEND_HEARTBEAT {datanodeUUID=480da6fd-5cad-42f6-a3a8-03ebe6e9ed72, command=[]} | ret=SUCCESS |  
2019-08-23 09:13:56,501 | INFO  | SCMAudit | user=jenkins1000 | ip=192.168.69.105 | op=SEND_HEARTBEAT {datanodeUUID=06d76673-acfc-4852-ba17-8edfd4d37f5d, command=[]} | ret=SUCCESS |  
2019-08-23 09:13:56,524 | INFO  | SCMAudit | user=jenkins1000 | ip=192.168.69.105 | op=SEND_HEARTBEAT {datanodeUUID=ce3b71d6-803c-4999-98a7-ed3c8197db33, command=[]} | ret=SUCCESS |  
2019-08-23 09:13:56,524 | INFO  | SCMAudit | user=jenkins1000 | ip=192.168.69.105 | op=SEND_HEARTBEAT {datanodeUUID=41b9b824-85d6-416a-bf4a-c5cccd6fce1e, command=[]} | ret=SUCCESS |  
2019-08-23 09:13:56,648 | INFO  | SCMAudit | user=jenkins1000 | ip=192.168.69.105 | op=SEND_HEARTBEAT {datanodeUUID=6db0b5b4-33e5-45b9-ab7c-8a068485ef09, command=[]} | ret=SUCCESS |  
2019-08-23 09:13:56,932 | INFO  | SCMAudit | user=jenkins1000 | ip=192.168.69.105 | op=SEND_HEARTBEAT {datanodeUUID=0a284024-13d6-46ed-b1db-6a3886ae2776, command=[]} | ret=SUCCESS |  
2019-08-23 09:13:57,045 | INFO  | SCMAudit | user=jenkins1000 | ip=192.168.69.105 | op=SEND_HEARTBEAT {datanodeUUID=e3f86e53-8f15-4a09-b253-90a30ace4ba2, command=[]} | ret=SUCCESS |  
2019-08-23 09:13:57,435 | INFO  | SCMAudit | user=jenkins1000 | ip=192.168.69.105 | op=SEND_HEARTBEAT {datanodeUUID=480da6fd-5cad-42f6-a3a8-03ebe6e9ed72, command=[]} | ret=SUCCESS |  
2019-08-23 09:13:57,502 | INFO  | SCMAudit | user=jenkins1000 | ip=192.168.69.105 | op=SEND_HEARTBEAT {datanodeUUID=06d76673-acfc-4852-ba17-8edfd4d37f5d, command=[]} | ret=SUCCESS |  
2019-08-23 09:13:57,524 | INFO  | SCMAudit | user=jenkins1000 | ip=192.168.69.105 | op=SEND_HEARTBEAT {datanodeUUID=ce3b71d6-803c-4999-98a7-ed3c8197db33, command=[]} | ret=SUCCESS |  
2019-08-23 09:13:57,524 | INFO  | SCMAudit | user=jenkins1000 | ip=192.168.69.105 | op=SEND_HEARTBEAT {datanodeUUID=41b9b824-85d6-416a-bf4a-c5cccd6fce1e, command=[]} | ret=SUCCESS |  
2019-08-23 09:13:57,648 | INFO  | SCMAudit | user=jenkins1000 | ip=192.168.69.105 | op=SEND_HEARTBEAT {datanodeUUID=6db0b5b4-33e5-45b9-ab7c-8a068485ef09, command=[]} | ret=SUCCESS |  
2019-08-23 09:13:57,932 | INFO  | SCMAudit | user=jenkins1000 | ip=192.168.69.105 | op=SEND_HEARTBEAT {datanodeUUID=0a284024-13d6-46ed-b1db-6a3886ae2776, command=[]} | ret=SUCCESS |  
2019-08-23 09:13:58,045 | INFO  | SCMAudit | user=jenkins1000 | ip=192.168.69.105 | op=SEND_HEARTBEAT {datanodeUUID=e3f86e53-8f15-4a09-b253-90a30ace4ba2, command=[]} | ret=SUCCESS |  
2019-08-23 09:13:58,435 | INFO  | SCMAudit | user=jenkins1000 | ip=192.168.69.105 | op=SEND_HEARTBEAT {datanodeUUID=480da6fd-5cad-42f6-a3a8-03ebe6e9ed72, command=[]} | ret=SUCCESS |  
2019-08-23 09:13:58,501 | INFO  | SCMAudit | user=jenkins1000 | ip=192.168.69.105 | op=SEND_HEARTBEAT {datanodeUUID=06d76673-acfc-4852-ba17-8edfd4d37f5d, command=[]} | ret=SUCCESS |  
2019-08-23 09:13:58,524 | INFO  | SCMAudit | user=jenkins1000 | ip=192.168.69.105 | op=SEND_HEARTBEAT {datanodeUUID=ce3b71d6-803c-4999-98a7-ed3c8197db33, command=[]} | ret=SUCCESS |  
2019-08-23 09:13:58,524 | INFO  | SCMAudit | user=jenkins1000 | ip=192.168.69.105 | op=SEND_HEARTBEAT {datanodeUUID=41b9b824-85d6-416a-bf4a-c5cccd6fce1e, command=[]} | ret=SUCCESS |  
2019-08-23 09:13:58,649 | INFO  | SCMAudit | user=jenkins1000 | ip=192.168.69.105 | op=SEND_HEARTBEAT {datanodeUUID=6db0b5b4-33e5-45b9-ab7c-8a068485ef09, command=[]} | ret=SUCCESS |  
2019-08-23 09:13:58,932 | INFO  | SCMAudit | user=jenkins1000 | ip=192.168.69.105 | op=SEND_HEARTBEAT {datanodeUUID=0a284024-13d6-46ed-b1db-6a3886ae2776, command=[]} | ret=SUCCESS |  
2019-08-23 09:13:59,046 | INFO  | SCMAudit | user=jenkins1000 | ip=192.168.69.105 | op=SEND_HEARTBEAT {datanodeUUID=e3f86e53-8f15-4a09-b253-90a30ace4ba2, command=[]} | ret=SUCCESS |  
2019-08-23 09:13:59,436 | INFO  | SCMAudit | user=jenkins1000 | ip=192.168.69.105 | op=SEND_HEARTBEAT {datanodeUUID=480da6fd-5cad-42f6-a3a8-03ebe6e9ed72, command=[]} | ret=SUCCESS |  
2019-08-23 09:13:59,501 | INFO  | SCMAudit | user=jenkins1000 | ip=192.168.69.105 | op=SEND_HEARTBEAT {datanodeUUID=06d76673-acfc-4852-ba17-8edfd4d37f5d, command=[]} | ret=SUCCESS |  
2019-08-23 09:13:59,524 | INFO  | SCMAudit | user=jenkins1000 | ip=192.168.69.105 | op=SEND_HEARTBEAT {datanodeUUID=ce3b71d6-803c-4999-98a7-ed3c8197db33, command=[]} | ret=SUCCESS |  
2019-08-23 09:13:59,524 | INFO  | SCMAudit | user=jenkins1000 | ip=192.168.69.105 | op=SEND_HEARTBEAT {datanodeUUID=41b9b824-85d6-416a-bf4a-c5cccd6fce1e, command=[]} | ret=SUCCESS |  
2019-08-23 09:13:59,648 | INFO  | SCMAudit | user=jenkins1000 | ip=192.168.69.105 | op=SEND_HEARTBEAT {datanodeUUID=6db0b5b4-33e5-45b9-ab7c-8a068485ef09, command=[]} | ret=SUCCESS |  
2019-08-23 09:13:59,933 | INFO  | SCMAudit | user=jenkins1000 | ip=192.168.69.105 | op=SEND_HEARTBEAT {datanodeUUID=0a284024-13d6-46ed-b1db-6a3886ae2776, command=[]} | ret=SUCCESS |  
2019-08-23 09:14:00,045 | INFO  | SCMAudit | user=jenkins1000 | ip=192.168.69.105 | op=SEND_HEARTBEAT {datanodeUUID=e3f86e53-8f15-4a09-b253-90a30ace4ba2, command=[]} | ret=SUCCESS |  
2019-08-23 09:14:00,436 | INFO  | SCMAudit | user=jenkins1000 | ip=192.168.69.105 | op=SEND_HEARTBEAT {datanodeUUID=480da6fd-5cad-42f6-a3a8-03ebe6e9ed72, command=[]} | ret=SUCCESS |  
2019-08-23 09:14:00,501 | INFO  | SCMAudit | user=jenkins1000 | ip=192.168.69.105 | op=SEND_HEARTBEAT {datanodeUUID=06d76673-acfc-4852-ba17-8edfd4d37f5d, command=[]} | ret=SUCCESS |  
2019-08-23 09:14:00,524 | INFO  | SCMAudit | user=jenkins1000 | ip=192.168.69.105 | op=SEND_HEARTBEAT {datanodeUUID=ce3b71d6-803c-4999-98a7-ed3c8197db33, command=[]} | ret=SUCCESS |  
2019-08-23 09:14:00,524 | INFO  | SCMAudit | user=jenkins1000 | ip=192.168.69.105 | op=SEND_HEARTBEAT {datanodeUUID=41b9b824-85d6-416a-bf4a-c5cccd6fce1e, command=[]} | ret=SUCCESS |  
2019-08-23 09:14:00,625 [grpc-default-executor-1] INFO  client.GrpcClientProtocolClient (GrpcClientProtocolClient.java:onNext(255)) - client-E82DA6E02431->41b9b824-85d6-416a-bf4a-c5cccd6fce1e: receive RaftClientReply:client-E82DA6E02431->41b9b824-85d6-416a-bf4a-c5cccd6fce1e@group-73033864ACD7, cid=45, FAILED org.apache.ratis.protocol.NotLeaderException: Server 41b9b824-85d6-416a-bf4a-c5cccd6fce1e is not the leader (06d76673-acfc-4852-ba17-8edfd4d37f5d:192.168.69.105:42001). Request must be sent to leader., logIndex=0, commits[41b9b824-85d6-416a-bf4a-c5cccd6fce1e:c8, ce3b71d6-803c-4999-98a7-ed3c8197db33:c8, 06d76673-acfc-4852-ba17-8edfd4d37f5d:c8]
2019-08-23 09:14:00,649 | INFO  | SCMAudit | user=jenkins1000 | ip=192.168.69.105 | op=SEND_HEARTBEAT {datanodeUUID=6db0b5b4-33e5-45b9-ab7c-8a068485ef09, command=[]} | ret=SUCCESS |  
2019-08-23 09:14:00,933 | INFO  | SCMAudit | user=jenkins1000 | ip=192.168.69.105 | op=SEND_HEARTBEAT {datanodeUUID=0a284024-13d6-46ed-b1db-6a3886ae2776, command=[]} | ret=SUCCESS |  
2019-08-23 09:14:01,045 | INFO  | SCMAudit | user=jenkins1000 | ip=192.168.69.105 | op=SEND_HEARTBEAT {datanodeUUID=e3f86e53-8f15-4a09-b253-90a30ace4ba2, command=[]} | ret=SUCCESS |  
2019-08-23 09:14:01,436 | INFO  | SCMAudit | user=jenkins1000 | ip=192.168.69.105 | op=SEND_HEARTBEAT {datanodeUUID=480da6fd-5cad-42f6-a3a8-03ebe6e9ed72, command=[]} | ret=SUCCESS |  
2019-08-23 09:14:01,502 | INFO  | SCMAudit | user=jenkins1000 | ip=192.168.69.105 | op=SEND_HEARTBEAT {datanodeUUID=06d76673-acfc-4852-ba17-8edfd4d37f5d, command=[]} | ret=SUCCESS |  
2019-08-23 09:14:01,525 | INFO  | SCMAudit | user=jenkins1000 | ip=192.168.69.105 | op=SEND_HEARTBEAT {datanodeUUID=ce3b71d6-803c-4999-98a7-ed3c8197db33, command=[]} | ret=SUCCESS |  
2019-08-23 09:14:01,525 | INFO  | SCMAudit | user=jenkins1000 | ip=192.168.69.105 | op=SEND_HEARTBEAT {datanodeUUID=41b9b824-85d6-416a-bf4a-c5cccd6fce1e, command=[]} | ret=SUCCESS |  
2019-08-23 09:14:01,648 | INFO  | SCMAudit | user=jenkins1000 | ip=192.168.69.105 | op=SEND_HEARTBEAT {datanodeUUID=6db0b5b4-33e5-45b9-ab7c-8a068485ef09, command=[]} | ret=SUCCESS |  
2019-08-23 09:14:01,933 | INFO  | SCMAudit | user=jenkins1000 | ip=192.168.69.105 | op=SEND_HEARTBEAT {datanodeUUID=0a284024-13d6-46ed-b1db-6a3886ae2776, command=[]} | ret=SUCCESS |  
2019-08-23 09:14:02,046 | INFO  | SCMAudit | user=jenkins1000 | ip=192.168.69.105 | op=SEND_HEARTBEAT {datanodeUUID=e3f86e53-8f15-4a09-b253-90a30ace4ba2, command=[]} | ret=SUCCESS |  
2019-08-23 09:14:02,437 | INFO  | SCMAudit | user=jenkins1000 | ip=192.168.69.105 | op=SEND_HEARTBEAT {datanodeUUID=480da6fd-5cad-42f6-a3a8-03ebe6e9ed72, command=[]} | ret=SUCCESS |  
2019-08-23 09:14:02,502 | INFO  | SCMAudit | user=jenkins1000 | ip=192.168.69.105 | op=SEND_HEARTBEAT {datanodeUUID=06d76673-acfc-4852-ba17-8edfd4d37f5d, command=[]} | ret=SUCCESS |  
2019-08-23 09:14:02,524 | INFO  | SCMAudit | user=jenkins1000 | ip=192.168.69.105 | op=SEND_HEARTBEAT {datanodeUUID=ce3b71d6-803c-4999-98a7-ed3c8197db33, command=[]} | ret=SUCCESS |  
2019-08-23 09:14:02,524 | INFO  | SCMAudit | user=jenkins1000 | ip=192.168.69.105 | op=SEND_HEARTBEAT {datanodeUUID=41b9b824-85d6-416a-bf4a-c5cccd6fce1e, command=[]} | ret=SUCCESS |  
2019-08-23 09:14:02,650 | INFO  | SCMAudit | user=jenkins1000 | ip=192.168.69.105 | op=SEND_HEARTBEAT {datanodeUUID=6db0b5b4-33e5-45b9-ab7c-8a068485ef09, command=[]} | ret=SUCCESS |  
2019-08-23 09:14:02,934 | INFO  | SCMAudit | user=jenkins1000 | ip=192.168.69.105 | op=SEND_HEARTBEAT {datanodeUUID=0a284024-13d6-46ed-b1db-6a3886ae2776, command=[]} | ret=SUCCESS |  
2019-08-23 09:14:03,046 | INFO  | SCMAudit | user=jenkins1000 | ip=192.168.69.105 | op=SEND_HEARTBEAT {datanodeUUID=e3f86e53-8f15-4a09-b253-90a30ace4ba2, command=[]} | ret=SUCCESS |  
2019-08-23 09:14:03,437 | INFO  | SCMAudit | user=jenkins1000 | ip=192.168.69.105 | op=SEND_HEARTBEAT {datanodeUUID=480da6fd-5cad-42f6-a3a8-03ebe6e9ed72, command=[]} | ret=SUCCESS |  
2019-08-23 09:14:03,502 | INFO  | SCMAudit | user=jenkins1000 | ip=192.168.69.105 | op=SEND_HEARTBEAT {datanodeUUID=06d76673-acfc-4852-ba17-8edfd4d37f5d, command=[]} | ret=SUCCESS |  
2019-08-23 09:14:03,524 | INFO  | SCMAudit | user=jenkins1000 | ip=192.168.69.105 | op=SEND_HEARTBEAT {datanodeUUID=ce3b71d6-803c-4999-98a7-ed3c8197db33, command=[]} | ret=SUCCESS |  
2019-08-23 09:14:03,524 | INFO  | SCMAudit | user=jenkins1000 | ip=192.168.69.105 | op=SEND_HEARTBEAT {datanodeUUID=41b9b824-85d6-416a-bf4a-c5cccd6fce1e, command=[]} | ret=SUCCESS |  
2019-08-23 09:14:03,649 | INFO  | SCMAudit | user=jenkins1000 | ip=192.168.69.105 | op=SEND_HEARTBEAT {datanodeUUID=6db0b5b4-33e5-45b9-ab7c-8a068485ef09, command=[]} | ret=SUCCESS |  
2019-08-23 09:14:03,934 | INFO  | SCMAudit | user=jenkins1000 | ip=192.168.69.105 | op=SEND_HEARTBEAT {datanodeUUID=0a284024-13d6-46ed-b1db-6a3886ae2776, command=[]} | ret=SUCCESS |  
2019-08-23 09:14:04,046 | INFO  | SCMAudit | user=jenkins1000 | ip=192.168.69.105 | op=SEND_HEARTBEAT {datanodeUUID=e3f86e53-8f15-4a09-b253-90a30ace4ba2, command=[]} | ret=SUCCESS |  
2019-08-23 09:14:04,437 | INFO  | SCMAudit | user=jenkins1000 | ip=192.168.69.105 | op=SEND_HEARTBEAT {datanodeUUID=480da6fd-5cad-42f6-a3a8-03ebe6e9ed72, command=[]} | ret=SUCCESS |  
2019-08-23 09:14:04,502 | INFO  | SCMAudit | user=jenkins1000 | ip=192.168.69.105 | op=SEND_HEARTBEAT {datanodeUUID=06d76673-acfc-4852-ba17-8edfd4d37f5d, command=[]} | ret=SUCCESS |  
2019-08-23 09:14:04,524 | INFO  | SCMAudit | user=jenkins1000 | ip=192.168.69.105 | op=SEND_HEARTBEAT {datanodeUUID=ce3b71d6-803c-4999-98a7-ed3c8197db33, command=[]} | ret=SUCCESS |  
2019-08-23 09:14:04,524 | INFO  | SCMAudit | user=jenkins1000 | ip=192.168.69.105 | op=SEND_HEARTBEAT {datanodeUUID=41b9b824-85d6-416a-bf4a-c5cccd6fce1e, command=[]} | ret=SUCCESS |  
2019-08-23 09:14:04,648 | INFO  | SCMAudit | user=jenkins1000 | ip=192.168.69.105 | op=SEND_HEARTBEAT {datanodeUUID=6db0b5b4-33e5-45b9-ab7c-8a068485ef09, command=[]} | ret=SUCCESS |  
2019-08-23 09:14:04,935 | INFO  | SCMAudit | user=jenkins1000 | ip=192.168.69.105 | op=SEND_HEARTBEAT {datanodeUUID=0a284024-13d6-46ed-b1db-6a3886ae2776, command=[]} | ret=SUCCESS |  
2019-08-23 09:14:05,046 | INFO  | SCMAudit | user=jenkins1000 | ip=192.168.69.105 | op=SEND_HEARTBEAT {datanodeUUID=e3f86e53-8f15-4a09-b253-90a30ace4ba2, command=[]} | ret=SUCCESS |  
2019-08-23 09:14:05,437 | INFO  | SCMAudit | user=jenkins1000 | ip=192.168.69.105 | op=SEND_HEARTBEAT {datanodeUUID=480da6fd-5cad-42f6-a3a8-03ebe6e9ed72, command=[]} | ret=SUCCESS |  
2019-08-23 09:14:05,502 | INFO  | SCMAudit | user=jenkins1000 | ip=192.168.69.105 | op=SEND_HEARTBEAT {datanodeUUID=06d76673-acfc-4852-ba17-8edfd4d37f5d, command=[]} | ret=SUCCESS |  
2019-08-23 09:14:05,524 | INFO  | SCMAudit | user=jenkins1000 | ip=192.168.69.105 | op=SEND_HEARTBEAT {datanodeUUID=ce3b71d6-803c-4999-98a7-ed3c8197db33, command=[]} | ret=SUCCESS |  
2019-08-23 09:14:05,524 | INFO  | SCMAudit | user=jenkins1000 | ip=192.168.69.105 | op=SEND_HEARTBEAT {datanodeUUID=41b9b824-85d6-416a-bf4a-c5cccd6fce1e, command=[]} | ret=SUCCESS |  
2019-08-23 09:14:05,649 | INFO  | SCMAudit | user=jenkins1000 | ip=192.168.69.105 | op=SEND_HEARTBEAT {datanodeUUID=6db0b5b4-33e5-45b9-ab7c-8a068485ef09, command=[]} | ret=SUCCESS |  
2019-08-23 09:14:05,667 [grpc-default-executor-1] INFO  client.GrpcClientProtocolClient (GrpcClientProtocolClient.java:onNext(255)) - client-E82DA6E02431->ce3b71d6-803c-4999-98a7-ed3c8197db33: receive RaftClientReply:client-E82DA6E02431->ce3b71d6-803c-4999-98a7-ed3c8197db33@group-73033864ACD7, cid=45, FAILED org.apache.ratis.protocol.NotLeaderException: Server ce3b71d6-803c-4999-98a7-ed3c8197db33 is not the leader (06d76673-acfc-4852-ba17-8edfd4d37f5d:192.168.69.105:42001). Request must be sent to leader., logIndex=0, commits[ce3b71d6-803c-4999-98a7-ed3c8197db33:c8, 41b9b824-85d6-416a-bf4a-c5cccd6fce1e:c8, 06d76673-acfc-4852-ba17-8edfd4d37f5d:c8]
2019-08-23 09:14:05,934 | INFO  | SCMAudit | user=jenkins1000 | ip=192.168.69.105 | op=SEND_HEARTBEAT {datanodeUUID=0a284024-13d6-46ed-b1db-6a3886ae2776, command=[]} | ret=SUCCESS |  
2019-08-23 09:14:06,046 | INFO  | SCMAudit | user=jenkins1000 | ip=192.168.69.105 | op=SEND_HEARTBEAT {datanodeUUID=e3f86e53-8f15-4a09-b253-90a30ace4ba2, command=[]} | ret=SUCCESS |  
2019-08-23 09:14:06,437 | INFO  | SCMAudit | user=jenkins1000 | ip=192.168.69.105 | op=SEND_HEARTBEAT {datanodeUUID=480da6fd-5cad-42f6-a3a8-03ebe6e9ed72, command=[]} | ret=SUCCESS |  
2019-08-23 09:14:06,502 | INFO  | SCMAudit | user=jenkins1000 | ip=192.168.69.105 | op=SEND_HEARTBEAT {datanodeUUID=06d76673-acfc-4852-ba17-8edfd4d37f5d, command=[]} | ret=SUCCESS |  
2019-08-23 09:14:06,524 | INFO  | SCMAudit | user=jenkins1000 | ip=192.168.69.105 | op=SEND_HEARTBEAT {datanodeUUID=41b9b824-85d6-416a-bf4a-c5cccd6fce1e, command=[]} | ret=SUCCESS |  
2019-08-23 09:14:06,524 | INFO  | SCMAudit | user=jenkins1000 | ip=192.168.69.105 | op=SEND_HEARTBEAT {datanodeUUID=ce3b71d6-803c-4999-98a7-ed3c8197db33, command=[]} | ret=SUCCESS |  
2019-08-23 09:14:06,648 | INFO  | SCMAudit | user=jenkins1000 | ip=192.168.69.105 | op=SEND_HEARTBEAT {datanodeUUID=6db0b5b4-33e5-45b9-ab7c-8a068485ef09, command=[]} | ret=SUCCESS |  
2019-08-23 09:14:06,935 | INFO  | SCMAudit | user=jenkins1000 | ip=192.168.69.105 | op=SEND_HEARTBEAT {datanodeUUID=0a284024-13d6-46ed-b1db-6a3886ae2776, command=[]} | ret=SUCCESS |  
2019-08-23 09:14:07,046 | INFO  | SCMAudit | user=jenkins1000 | ip=192.168.69.105 | op=SEND_HEARTBEAT {datanodeUUID=e3f86e53-8f15-4a09-b253-90a30ace4ba2, command=[]} | ret=SUCCESS |  
2019-08-23 09:14:07,437 | INFO  | SCMAudit | user=jenkins1000 | ip=192.168.69.105 | op=SEND_HEARTBEAT {datanodeUUID=480da6fd-5cad-42f6-a3a8-03ebe6e9ed72, command=[]} | ret=SUCCESS |  
2019-08-23 09:14:07,502 | INFO  | SCMAudit | user=jenkins1000 | ip=192.168.69.105 | op=SEND_HEARTBEAT {datanodeUUID=06d76673-acfc-4852-ba17-8edfd4d37f5d, command=[]} | ret=SUCCESS |  
2019-08-23 09:14:07,524 | INFO  | SCMAudit | user=jenkins1000 | ip=192.168.69.105 | op=SEND_HEARTBEAT {datanodeUUID=41b9b824-85d6-416a-bf4a-c5cccd6fce1e, command=[]} | ret=SUCCESS |  
2019-08-23 09:14:07,525 | INFO  | SCMAudit | user=jenkins1000 | ip=192.168.69.105 | op=SEND_HEARTBEAT {datanodeUUID=ce3b71d6-803c-4999-98a7-ed3c8197db33, command=[]} | ret=SUCCESS |  
2019-08-23 09:14:07,648 | INFO  | SCMAudit | user=jenkins1000 | ip=192.168.69.105 | op=SEND_HEARTBEAT {datanodeUUID=6db0b5b4-33e5-45b9-ab7c-8a068485ef09, command=[]} | ret=SUCCESS |  
2019-08-23 09:14:07,934 | INFO  | SCMAudit | user=jenkins1000 | ip=192.168.69.105 | op=SEND_HEARTBEAT {datanodeUUID=0a284024-13d6-46ed-b1db-6a3886ae2776, command=[]} | ret=SUCCESS |  
2019-08-23 09:14:08,046 | INFO  | SCMAudit | user=jenkins1000 | ip=192.168.69.105 | op=SEND_HEARTBEAT {datanodeUUID=e3f86e53-8f15-4a09-b253-90a30ace4ba2, command=[]} | ret=SUCCESS |  
2019-08-23 09:14:08,438 | INFO  | SCMAudit | user=jenkins1000 | ip=192.168.69.105 | op=SEND_HEARTBEAT {datanodeUUID=480da6fd-5cad-42f6-a3a8-03ebe6e9ed72, command=[]} | ret=SUCCESS |  
2019-08-23 09:14:08,502 | INFO  | SCMAudit | user=jenkins1000 | ip=192.168.69.105 | op=SEND_HEARTBEAT {datanodeUUID=06d76673-acfc-4852-ba17-8edfd4d37f5d, command=[]} | ret=SUCCESS |  
2019-08-23 09:14:08,524 | INFO  | SCMAudit | user=jenkins1000 | ip=192.168.69.105 | op=SEND_HEARTBEAT {datanodeUUID=41b9b824-85d6-416a-bf4a-c5cccd6fce1e, command=[]} | ret=SUCCESS |  
2019-08-23 09:14:08,525 | INFO  | SCMAudit | user=jenkins1000 | ip=192.168.69.105 | op=SEND_HEARTBEAT {datanodeUUID=ce3b71d6-803c-4999-98a7-ed3c8197db33, command=[]} | ret=SUCCESS |  
2019-08-23 09:14:08,648 | INFO  | SCMAudit | user=jenkins1000 | ip=192.168.69.105 | op=SEND_HEARTBEAT {datanodeUUID=6db0b5b4-33e5-45b9-ab7c-8a068485ef09, command=[]} | ret=SUCCESS |  
2019-08-23 09:14:08,934 | INFO  | SCMAudit | user=jenkins1000 | ip=192.168.69.105 | op=SEND_HEARTBEAT {datanodeUUID=0a284024-13d6-46ed-b1db-6a3886ae2776, command=[]} | ret=SUCCESS |  
2019-08-23 09:14:09,047 | INFO  | SCMAudit | user=jenkins1000 | ip=192.168.69.105 | op=SEND_HEARTBEAT {datanodeUUID=e3f86e53-8f15-4a09-b253-90a30ace4ba2, command=[]} | ret=SUCCESS |  
2019-08-23 09:14:09,438 | INFO  | SCMAudit | user=jenkins1000 | ip=192.168.69.105 | op=SEND_HEARTBEAT {datanodeUUID=480da6fd-5cad-42f6-a3a8-03ebe6e9ed72, command=[]} | ret=SUCCESS |  
2019-08-23 09:14:09,502 | INFO  | SCMAudit | user=jenkins1000 | ip=192.168.69.105 | op=SEND_HEARTBEAT {datanodeUUID=06d76673-acfc-4852-ba17-8edfd4d37f5d, command=[]} | ret=SUCCESS |  
2019-08-23 09:14:09,524 | INFO  | SCMAudit | user=jenkins1000 | ip=192.168.69.105 | op=SEND_HEARTBEAT {datanodeUUID=41b9b824-85d6-416a-bf4a-c5cccd6fce1e, command=[]} | ret=SUCCESS |  
2019-08-23 09:14:09,525 | INFO  | SCMAudit | user=jenkins1000 | ip=192.168.69.105 | op=SEND_HEARTBEAT {datanodeUUID=ce3b71d6-803c-4999-98a7-ed3c8197db33, command=[]} | ret=SUCCESS |  
2019-08-23 09:14:09,648 | INFO  | SCMAudit | user=jenkins1000 | ip=192.168.69.105 | op=SEND_HEARTBEAT {datanodeUUID=6db0b5b4-33e5-45b9-ab7c-8a068485ef09, command=[]} | ret=SUCCESS |  
2019-08-23 09:14:09,934 | INFO  | SCMAudit | user=jenkins1000 | ip=192.168.69.105 | op=SEND_HEARTBEAT {datanodeUUID=0a284024-13d6-46ed-b1db-6a3886ae2776, command=[]} | ret=SUCCESS |  
2019-08-23 09:14:10,047 | INFO  | SCMAudit | user=jenkins1000 | ip=192.168.69.105 | op=SEND_HEARTBEAT {datanodeUUID=e3f86e53-8f15-4a09-b253-90a30ace4ba2, command=[]} | ret=SUCCESS |  
2019-08-23 09:14:10,439 | INFO  | SCMAudit | user=jenkins1000 | ip=192.168.69.105 | op=SEND_HEARTBEAT {datanodeUUID=480da6fd-5cad-42f6-a3a8-03ebe6e9ed72, command=[]} | ret=SUCCESS |  
2019-08-23 09:14:10,503 | INFO  | SCMAudit | user=jenkins1000 | ip=192.168.69.105 | op=SEND_HEARTBEAT {datanodeUUID=06d76673-acfc-4852-ba17-8edfd4d37f5d, command=[]} | ret=SUCCESS |  
2019-08-23 09:14:10,524 | INFO  | SCMAudit | user=jenkins1000 | ip=192.168.69.105 | op=SEND_HEARTBEAT {datanodeUUID=41b9b824-85d6-416a-bf4a-c5cccd6fce1e, command=[]} | ret=SUCCESS |  
2019-08-23 09:14:10,525 | INFO  | SCMAudit | user=jenkins1000 | ip=192.168.69.105 | op=SEND_HEARTBEAT {datanodeUUID=ce3b71d6-803c-4999-98a7-ed3c8197db33, command=[]} | ret=SUCCESS |  
2019-08-23 09:14:10,648 | INFO  | SCMAudit | user=jenkins1000 | ip=192.168.69.105 | op=SEND_HEARTBEAT {datanodeUUID=6db0b5b4-33e5-45b9-ab7c-8a068485ef09, command=[]} | ret=SUCCESS |  
2019-08-23 09:14:10,698 [grpc-default-executor-1] INFO  client.GrpcClientProtocolClient (GrpcClientProtocolClient.java:onNext(255)) - client-E82DA6E02431->41b9b824-85d6-416a-bf4a-c5cccd6fce1e: receive RaftClientReply:client-E82DA6E02431->41b9b824-85d6-416a-bf4a-c5cccd6fce1e@group-73033864ACD7, cid=45, FAILED org.apache.ratis.protocol.NotLeaderException: Server 41b9b824-85d6-416a-bf4a-c5cccd6fce1e is not the leader (06d76673-acfc-4852-ba17-8edfd4d37f5d:192.168.69.105:42001). Request must be sent to leader., logIndex=0, commits[41b9b824-85d6-416a-bf4a-c5cccd6fce1e:c8, ce3b71d6-803c-4999-98a7-ed3c8197db33:c8, 06d76673-acfc-4852-ba17-8edfd4d37f5d:c8]
2019-08-23 09:14:10,934 | INFO  | SCMAudit | user=jenkins1000 | ip=192.168.69.105 | op=SEND_HEARTBEAT {datanodeUUID=0a284024-13d6-46ed-b1db-6a3886ae2776, command=[]} | ret=SUCCESS |  
2019-08-23 09:14:11,047 | INFO  | SCMAudit | user=jenkins1000 | ip=192.168.69.105 | op=SEND_HEARTBEAT {datanodeUUID=e3f86e53-8f15-4a09-b253-90a30ace4ba2, command=[]} | ret=SUCCESS |  
2019-08-23 09:14:11,438 | INFO  | SCMAudit | user=jenkins1000 | ip=192.168.69.105 | op=SEND_HEARTBEAT {datanodeUUID=480da6fd-5cad-42f6-a3a8-03ebe6e9ed72, command=[]} | ret=SUCCESS |  
2019-08-23 09:14:11,502 | INFO  | SCMAudit | user=jenkins1000 | ip=192.168.69.105 | op=SEND_HEARTBEAT {datanodeUUID=06d76673-acfc-4852-ba17-8edfd4d37f5d, command=[]} | ret=SUCCESS |  
2019-08-23 09:14:11,524 | INFO  | SCMAudit | user=jenkins1000 | ip=192.168.69.105 | op=SEND_HEARTBEAT {datanodeUUID=41b9b824-85d6-416a-bf4a-c5cccd6fce1e, command=[]} | ret=SUCCESS |  
2019-08-23 09:14:11,524 | INFO  | SCMAudit | user=jenkins1000 | ip=192.168.69.105 | op=SEND_HEARTBEAT {datanodeUUID=ce3b71d6-803c-4999-98a7-ed3c8197db33, command=[]} | ret=SUCCESS |  
2019-08-23 09:14:11,648 | INFO  | SCMAudit | user=jenkins1000 | ip=192.168.69.105 | op=SEND_HEARTBEAT {datanodeUUID=6db0b5b4-33e5-45b9-ab7c-8a068485ef09, command=[]} | ret=SUCCESS |  
2019-08-23 09:14:11,934 | INFO  | SCMAudit | user=jenkins1000 | ip=192.168.69.105 | op=SEND_HEARTBEAT {datanodeUUID=0a284024-13d6-46ed-b1db-6a3886ae2776, command=[]} | ret=SUCCESS |  
2019-08-23 09:14:12,047 | INFO  | SCMAudit | user=jenkins1000 | ip=192.168.69.105 | op=SEND_HEARTBEAT {datanodeUUID=e3f86e53-8f15-4a09-b253-90a30ace4ba2, command=[]} | ret=SUCCESS |  
2019-08-23 09:14:12,438 | INFO  | SCMAudit | user=jenkins1000 | ip=192.168.69.105 | op=SEND_HEARTBEAT {datanodeUUID=480da6fd-5cad-42f6-a3a8-03ebe6e9ed72, command=[]} | ret=SUCCESS |  
2019-08-23 09:14:12,502 | INFO  | SCMAudit | user=jenkins1000 | ip=192.168.69.105 | op=SEND_HEARTBEAT {datanodeUUID=06d76673-acfc-4852-ba17-8edfd4d37f5d, command=[]} | ret=SUCCESS |  
2019-08-23 09:14:12,524 | INFO  | SCMAudit | user=jenkins1000 | ip=192.168.69.105 | op=SEND_HEARTBEAT {datanodeUUID=41b9b824-85d6-416a-bf4a-c5cccd6fce1e, command=[]} | ret=SUCCESS |  
2019-08-23 09:14:12,525 | INFO  | SCMAudit | user=jenkins1000 | ip=192.168.69.105 | op=SEND_HEARTBEAT {datanodeUUID=ce3b71d6-803c-4999-98a7-ed3c8197db33, command=[]} | ret=SUCCESS |  
2019-08-23 09:14:12,648 | INFO  | SCMAudit | user=jenkins1000 | ip=192.168.69.105 | op=SEND_HEARTBEAT {datanodeUUID=6db0b5b4-33e5-45b9-ab7c-8a068485ef09, command=[]} | ret=SUCCESS |  
2019-08-23 09:14:12,935 | INFO  | SCMAudit | user=jenkins1000 | ip=192.168.69.105 | op=SEND_HEARTBEAT {datanodeUUID=0a284024-13d6-46ed-b1db-6a3886ae2776, command=[]} | ret=SUCCESS |  
2019-08-23 09:14:13,048 | INFO  | SCMAudit | user=jenkins1000 | ip=192.168.69.105 | op=SEND_HEARTBEAT {datanodeUUID=e3f86e53-8f15-4a09-b253-90a30ace4ba2, command=[]} | ret=SUCCESS |  
2019-08-23 09:14:13,439 | INFO  | SCMAudit | user=jenkins1000 | ip=192.168.69.105 | op=SEND_HEARTBEAT {datanodeUUID=480da6fd-5cad-42f6-a3a8-03ebe6e9ed72, command=[]} | ret=SUCCESS |  
2019-08-23 09:14:13,502 | INFO  | SCMAudit | user=jenkins1000 | ip=192.168.69.105 | op=SEND_HEARTBEAT {datanodeUUID=06d76673-acfc-4852-ba17-8edfd4d37f5d, command=[]} | ret=SUCCESS |  
2019-08-23 09:14:13,524 | INFO  | SCMAudit | user=jenkins1000 | ip=192.168.69.105 | op=SEND_HEARTBEAT {datanodeUUID=41b9b824-85d6-416a-bf4a-c5cccd6fce1e, command=[]} | ret=SUCCESS |  
2019-08-23 09:14:13,525 | INFO  | SCMAudit | user=jenkins1000 | ip=192.168.69.105 | op=SEND_HEARTBEAT {datanodeUUID=ce3b71d6-803c-4999-98a7-ed3c8197db33, command=[]} | ret=SUCCESS |  
2019-08-23 09:14:13,649 | INFO  | SCMAudit | user=jenkins1000 | ip=192.168.69.105 | op=SEND_HEARTBEAT {datanodeUUID=6db0b5b4-33e5-45b9-ab7c-8a068485ef09, command=[]} | ret=SUCCESS |  
2019-08-23 09:14:13,935 | INFO  | SCMAudit | user=jenkins1000 | ip=192.168.69.105 | op=SEND_HEARTBEAT {datanodeUUID=0a284024-13d6-46ed-b1db-6a3886ae2776, command=[]} | ret=SUCCESS |  
2019-08-23 09:14:14,048 | INFO  | SCMAudit | user=jenkins1000 | ip=192.168.69.105 | op=SEND_HEARTBEAT {datanodeUUID=e3f86e53-8f15-4a09-b253-90a30ace4ba2, command=[]} | ret=SUCCESS |  
2019-08-23 09:14:14,439 | INFO  | SCMAudit | user=jenkins1000 | ip=192.168.69.105 | op=SEND_HEARTBEAT {datanodeUUID=480da6fd-5cad-42f6-a3a8-03ebe6e9ed72, command=[]} | ret=SUCCESS |  
2019-08-23 09:14:14,503 | INFO  | SCMAudit | user=jenkins1000 | ip=192.168.69.105 | op=SEND_HEARTBEAT {datanodeUUID=06d76673-acfc-4852-ba17-8edfd4d37f5d, command=[]} | ret=SUCCESS |  
2019-08-23 09:14:14,524 | INFO  | SCMAudit | user=jenkins1000 | ip=192.168.69.105 | op=SEND_HEARTBEAT {datanodeUUID=41b9b824-85d6-416a-bf4a-c5cccd6fce1e, command=[]} | ret=SUCCESS |  
2019-08-23 09:14:14,525 | INFO  | SCMAudit | user=jenkins1000 | ip=192.168.69.105 | op=SEND_HEARTBEAT {datanodeUUID=ce3b71d6-803c-4999-98a7-ed3c8197db33, command=[]} | ret=SUCCESS |  
2019-08-23 09:14:14,648 | INFO  | SCMAudit | user=jenkins1000 | ip=192.168.69.105 | op=SEND_HEARTBEAT {datanodeUUID=6db0b5b4-33e5-45b9-ab7c-8a068485ef09, command=[]} | ret=SUCCESS |  
2019-08-23 09:14:14,935 | INFO  | SCMAudit | user=jenkins1000 | ip=192.168.69.105 | op=SEND_HEARTBEAT {datanodeUUID=0a284024-13d6-46ed-b1db-6a3886ae2776, command=[]} | ret=SUCCESS |  
2019-08-23 09:14:15,048 | INFO  | SCMAudit | user=jenkins1000 | ip=192.168.69.105 | op=SEND_HEARTBEAT {datanodeUUID=e3f86e53-8f15-4a09-b253-90a30ace4ba2, command=[]} | ret=SUCCESS |  
2019-08-23 09:14:15,440 | INFO  | SCMAudit | user=jenkins1000 | ip=192.168.69.105 | op=SEND_HEARTBEAT {datanodeUUID=480da6fd-5cad-42f6-a3a8-03ebe6e9ed72, command=[]} | ret=SUCCESS |  
2019-08-23 09:14:15,502 | INFO  | SCMAudit | user=jenkins1000 | ip=192.168.69.105 | op=SEND_HEARTBEAT {datanodeUUID=06d76673-acfc-4852-ba17-8edfd4d37f5d, command=[]} | ret=SUCCESS |  
2019-08-23 09:14:15,524 | INFO  | SCMAudit | user=jenkins1000 | ip=192.168.69.105 | op=SEND_HEARTBEAT {datanodeUUID=41b9b824-85d6-416a-bf4a-c5cccd6fce1e, command=[]} | ret=SUCCESS |  
2019-08-23 09:14:15,525 | INFO  | SCMAudit | user=jenkins1000 | ip=192.168.69.105 | op=SEND_HEARTBEAT {datanodeUUID=ce3b71d6-803c-4999-98a7-ed3c8197db33, command=[]} | ret=SUCCESS |  
2019-08-23 09:14:15,648 | INFO  | SCMAudit | user=jenkins1000 | ip=192.168.69.105 | op=SEND_HEARTBEAT {datanodeUUID=6db0b5b4-33e5-45b9-ab7c-8a068485ef09, command=[]} | ret=SUCCESS |  
2019-08-23 09:14:15,730 [grpc-default-executor-1] INFO  client.GrpcClientProtocolClient (GrpcClientProtocolClient.java:onNext(255)) - client-E82DA6E02431->41b9b824-85d6-416a-bf4a-c5cccd6fce1e: receive RaftClientReply:client-E82DA6E02431->41b9b824-85d6-416a-bf4a-c5cccd6fce1e@group-73033864ACD7, cid=45, FAILED org.apache.ratis.protocol.NotLeaderException: Server 41b9b824-85d6-416a-bf4a-c5cccd6fce1e is not the leader (06d76673-acfc-4852-ba17-8edfd4d37f5d:192.168.69.105:42001). Request must be sent to leader., logIndex=0, commits[41b9b824-85d6-416a-bf4a-c5cccd6fce1e:c8, ce3b71d6-803c-4999-98a7-ed3c8197db33:c8, 06d76673-acfc-4852-ba17-8edfd4d37f5d:c8]
2019-08-23 09:14:15,936 | INFO  | SCMAudit | user=jenkins1000 | ip=192.168.69.105 | op=SEND_HEARTBEAT {datanodeUUID=0a284024-13d6-46ed-b1db-6a3886ae2776, command=[]} | ret=SUCCESS |  
2019-08-23 09:14:16,048 | INFO  | SCMAudit | user=jenkins1000 | ip=192.168.69.105 | op=SEND_HEARTBEAT {datanodeUUID=e3f86e53-8f15-4a09-b253-90a30ace4ba2, command=[]} | ret=SUCCESS |  
2019-08-23 09:14:16,439 | INFO  | SCMAudit | user=jenkins1000 | ip=192.168.69.105 | op=SEND_HEARTBEAT {datanodeUUID=480da6fd-5cad-42f6-a3a8-03ebe6e9ed72, command=[]} | ret=SUCCESS |  
2019-08-23 09:14:16,502 | INFO  | SCMAudit | user=jenkins1000 | ip=192.168.69.105 | op=SEND_HEARTBEAT {datanodeUUID=06d76673-acfc-4852-ba17-8edfd4d37f5d, command=[]} | ret=SUCCESS |  
2019-08-23 09:14:16,525 | INFO  | SCMAudit | user=jenkins1000 | ip=192.168.69.105 | op=SEND_HEARTBEAT {datanodeUUID=41b9b824-85d6-416a-bf4a-c5cccd6fce1e, command=[]} | ret=SUCCESS |  
2019-08-23 09:14:16,525 | INFO  | SCMAudit | user=jenkins1000 | ip=192.168.69.105 | op=SEND_HEARTBEAT {datanodeUUID=ce3b71d6-803c-4999-98a7-ed3c8197db33, command=[]} | ret=SUCCESS |  
2019-08-23 09:14:16,648 | INFO  | SCMAudit | user=jenkins1000 | ip=192.168.69.105 | op=SEND_HEARTBEAT {datanodeUUID=6db0b5b4-33e5-45b9-ab7c-8a068485ef09, command=[]} | ret=SUCCESS |  
2019-08-23 09:14:16,935 | INFO  | SCMAudit | user=jenkins1000 | ip=192.168.69.105 | op=SEND_HEARTBEAT {datanodeUUID=0a284024-13d6-46ed-b1db-6a3886ae2776, command=[]} | ret=SUCCESS |  
2019-08-23 09:14:17,049 | INFO  | SCMAudit | user=jenkins1000 | ip=192.168.69.105 | op=SEND_HEARTBEAT {datanodeUUID=e3f86e53-8f15-4a09-b253-90a30ace4ba2, command=[]} | ret=SUCCESS |  
2019-08-23 09:14:17,439 | INFO  | SCMAudit | user=jenkins1000 | ip=192.168.69.105 | op=SEND_HEARTBEAT {datanodeUUID=480da6fd-5cad-42f6-a3a8-03ebe6e9ed72, command=[]} | ret=SUCCESS |  
2019-08-23 09:14:17,503 | INFO  | SCMAudit | user=jenkins1000 | ip=192.168.69.105 | op=SEND_HEARTBEAT {datanodeUUID=06d76673-acfc-4852-ba17-8edfd4d37f5d, command=[]} | ret=SUCCESS |  
2019-08-23 09:14:17,525 | INFO  | SCMAudit | user=jenkins1000 | ip=192.168.69.105 | op=SEND_HEARTBEAT {datanodeUUID=41b9b824-85d6-416a-bf4a-c5cccd6fce1e, command=[]} | ret=SUCCESS |  
2019-08-23 09:14:17,525 | INFO  | SCMAudit | user=jenkins1000 | ip=192.168.69.105 | op=SEND_HEARTBEAT {datanodeUUID=ce3b71d6-803c-4999-98a7-ed3c8197db33, command=[]} | ret=SUCCESS |  
2019-08-23 09:14:17,649 | INFO  | SCMAudit | user=jenkins1000 | ip=192.168.69.105 | op=SEND_HEARTBEAT {datanodeUUID=6db0b5b4-33e5-45b9-ab7c-8a068485ef09, command=[]} | ret=SUCCESS |  
2019-08-23 09:14:17,936 | INFO  | SCMAudit | user=jenkins1000 | ip=192.168.69.105 | op=SEND_HEARTBEAT {datanodeUUID=0a284024-13d6-46ed-b1db-6a3886ae2776, command=[]} | ret=SUCCESS |  
2019-08-23 09:14:18,048 | INFO  | SCMAudit | user=jenkins1000 | ip=192.168.69.105 | op=SEND_HEARTBEAT {datanodeUUID=e3f86e53-8f15-4a09-b253-90a30ace4ba2, command=[]} | ret=SUCCESS |  
2019-08-23 09:14:18,440 | INFO  | SCMAudit | user=jenkins1000 | ip=192.168.69.105 | op=SEND_HEARTBEAT {datanodeUUID=480da6fd-5cad-42f6-a3a8-03ebe6e9ed72, command=[]} | ret=SUCCESS |  
2019-08-23 09:14:18,502 | INFO  | SCMAudit | user=jenkins1000 | ip=192.168.69.105 | op=SEND_HEARTBEAT {datanodeUUID=06d76673-acfc-4852-ba17-8edfd4d37f5d, command=[]} | ret=SUCCESS |  
2019-08-23 09:14:18,525 | INFO  | SCMAudit | user=jenkins1000 | ip=192.168.69.105 | op=SEND_HEARTBEAT {datanodeUUID=ce3b71d6-803c-4999-98a7-ed3c8197db33, command=[]} | ret=SUCCESS |  
2019-08-23 09:14:18,526 | INFO  | SCMAudit | user=jenkins1000 | ip=192.168.69.105 | op=SEND_HEARTBEAT {datanodeUUID=41b9b824-85d6-416a-bf4a-c5cccd6fce1e, command=[]} | ret=SUCCESS |  
2019-08-23 09:14:18,648 | INFO  | SCMAudit | user=jenkins1000 | ip=192.168.69.105 | op=SEND_HEARTBEAT {datanodeUUID=6db0b5b4-33e5-45b9-ab7c-8a068485ef09, command=[]} | ret=SUCCESS |  
2019-08-23 09:14:18,935 | INFO  | SCMAudit | user=jenkins1000 | ip=192.168.69.105 | op=SEND_HEARTBEAT {datanodeUUID=0a284024-13d6-46ed-b1db-6a3886ae2776, command=[]} | ret=SUCCESS |  
2019-08-23 09:14:19,049 | INFO  | SCMAudit | user=jenkins1000 | ip=192.168.69.105 | op=SEND_HEARTBEAT {datanodeUUID=e3f86e53-8f15-4a09-b253-90a30ace4ba2, command=[]} | ret=SUCCESS |  
2019-08-23 09:14:19,439 | INFO  | SCMAudit | user=jenkins1000 | ip=192.168.69.105 | op=SEND_HEARTBEAT {datanodeUUID=480da6fd-5cad-42f6-a3a8-03ebe6e9ed72, command=[]} | ret=SUCCESS |  
2019-08-23 09:14:19,502 | INFO  | SCMAudit | user=jenkins1000 | ip=192.168.69.105 | op=SEND_HEARTBEAT {datanodeUUID=06d76673-acfc-4852-ba17-8edfd4d37f5d, command=[]} | ret=SUCCESS |  
2019-08-23 09:14:19,525 | INFO  | SCMAudit | user=jenkins1000 | ip=192.168.69.105 | op=SEND_HEARTBEAT {datanodeUUID=ce3b71d6-803c-4999-98a7-ed3c8197db33, command=[]} | ret=SUCCESS |  
2019-08-23 09:14:19,526 | INFO  | SCMAudit | user=jenkins1000 | ip=192.168.69.105 | op=SEND_HEARTBEAT {datanodeUUID=41b9b824-85d6-416a-bf4a-c5cccd6fce1e, command=[]} | ret=SUCCESS |  
2019-08-23 09:14:19,648 | INFO  | SCMAudit | user=jenkins1000 | ip=192.168.69.105 | op=SEND_HEARTBEAT {datanodeUUID=6db0b5b4-33e5-45b9-ab7c-8a068485ef09, command=[]} | ret=SUCCESS |  
2019-08-23 09:14:19,935 | INFO  | SCMAudit | user=jenkins1000 | ip=192.168.69.105 | op=SEND_HEARTBEAT {datanodeUUID=0a284024-13d6-46ed-b1db-6a3886ae2776, command=[]} | ret=SUCCESS |  
2019-08-23 09:14:20,049 | INFO  | SCMAudit | user=jenkins1000 | ip=192.168.69.105 | op=SEND_HEARTBEAT {datanodeUUID=e3f86e53-8f15-4a09-b253-90a30ace4ba2, command=[]} | ret=SUCCESS |  
2019-08-23 09:14:20,440 | INFO  | SCMAudit | user=jenkins1000 | ip=192.168.69.105 | op=SEND_HEARTBEAT {datanodeUUID=480da6fd-5cad-42f6-a3a8-03ebe6e9ed72, command=[]} | ret=SUCCESS |  
2019-08-23 09:14:20,503 | INFO  | SCMAudit | user=jenkins1000 | ip=192.168.69.105 | op=SEND_HEARTBEAT {datanodeUUID=06d76673-acfc-4852-ba17-8edfd4d37f5d, command=[]} | ret=SUCCESS |  
2019-08-23 09:14:20,525 | INFO  | SCMAudit | user=jenkins1000 | ip=192.168.69.105 | op=SEND_HEARTBEAT {datanodeUUID=ce3b71d6-803c-4999-98a7-ed3c8197db33, command=[]} | ret=SUCCESS |  
2019-08-23 09:14:20,528 | INFO  | SCMAudit | user=jenkins1000 | ip=192.168.69.105 | op=SEND_HEARTBEAT {datanodeUUID=41b9b824-85d6-416a-bf4a-c5cccd6fce1e, command=[]} | ret=SUCCESS |  
2019-08-23 09:14:20,649 | INFO  | SCMAudit | user=jenkins1000 | ip=192.168.69.105 | op=SEND_HEARTBEAT {datanodeUUID=6db0b5b4-33e5-45b9-ab7c-8a068485ef09, command=[]} | ret=SUCCESS |  
2019-08-23 09:14:20,786 [grpc-default-executor-1] INFO  client.GrpcClientProtocolClient (GrpcClientProtocolClient.java:onNext(255)) - client-E82DA6E02431->ce3b71d6-803c-4999-98a7-ed3c8197db33: receive RaftClientReply:client-E82DA6E02431->ce3b71d6-803c-4999-98a7-ed3c8197db33@group-73033864ACD7, cid=45, FAILED org.apache.ratis.protocol.NotLeaderException: Server ce3b71d6-803c-4999-98a7-ed3c8197db33 is not the leader (06d76673-acfc-4852-ba17-8edfd4d37f5d:192.168.69.105:42001). Request must be sent to leader., logIndex=0, commits[ce3b71d6-803c-4999-98a7-ed3c8197db33:c8, 41b9b824-85d6-416a-bf4a-c5cccd6fce1e:c8, 06d76673-acfc-4852-ba17-8edfd4d37f5d:c8]
2019-08-23 09:14:20,936 | INFO  | SCMAudit | user=jenkins1000 | ip=192.168.69.105 | op=SEND_HEARTBEAT {datanodeUUID=0a284024-13d6-46ed-b1db-6a3886ae2776, command=[]} | ret=SUCCESS |  
2019-08-23 09:14:21,049 | INFO  | SCMAudit | user=jenkins1000 | ip=192.168.69.105 | op=SEND_HEARTBEAT {datanodeUUID=e3f86e53-8f15-4a09-b253-90a30ace4ba2, command=[]} | ret=SUCCESS |  
2019-08-23 09:14:21,439 | INFO  | SCMAudit | user=jenkins1000 | ip=192.168.69.105 | op=SEND_HEARTBEAT {datanodeUUID=480da6fd-5cad-42f6-a3a8-03ebe6e9ed72, command=[]} | ret=SUCCESS |  
2019-08-23 09:14:21,502 | INFO  | SCMAudit | user=jenkins1000 | ip=192.168.69.105 | op=SEND_HEARTBEAT {datanodeUUID=06d76673-acfc-4852-ba17-8edfd4d37f5d, command=[]} | ret=SUCCESS |  
2019-08-23 09:14:21,525 | INFO  | SCMAudit | user=jenkins1000 | ip=192.168.69.105 | op=SEND_HEARTBEAT {datanodeUUID=ce3b71d6-803c-4999-98a7-ed3c8197db33, command=[]} | ret=SUCCESS |  
2019-08-23 09:14:21,529 | INFO  | SCMAudit | user=jenkins1000 | ip=192.168.69.105 | op=SEND_HEARTBEAT {datanodeUUID=41b9b824-85d6-416a-bf4a-c5cccd6fce1e, command=[]} | ret=SUCCESS |  
2019-08-23 09:14:21,649 | INFO  | SCMAudit | user=jenkins1000 | ip=192.168.69.105 | op=SEND_HEARTBEAT {datanodeUUID=6db0b5b4-33e5-45b9-ab7c-8a068485ef09, command=[]} | ret=SUCCESS |  
2019-08-23 09:14:21,936 | INFO  | SCMAudit | user=jenkins1000 | ip=192.168.69.105 | op=SEND_HEARTBEAT {datanodeUUID=0a284024-13d6-46ed-b1db-6a3886ae2776, command=[]} | ret=SUCCESS |  
2019-08-23 09:14:22,050 | INFO  | SCMAudit | user=jenkins1000 | ip=192.168.69.105 | op=SEND_HEARTBEAT {datanodeUUID=e3f86e53-8f15-4a09-b253-90a30ace4ba2, command=[]} | ret=SUCCESS |  
2019-08-23 09:14:22,439 | INFO  | SCMAudit | user=jenkins1000 | ip=192.168.69.105 | op=SEND_HEARTBEAT {datanodeUUID=480da6fd-5cad-42f6-a3a8-03ebe6e9ed72, command=[]} | ret=SUCCESS |  
2019-08-23 09:14:22,503 | INFO  | SCMAudit | user=jenkins1000 | ip=192.168.69.105 | op=SEND_HEARTBEAT {datanodeUUID=06d76673-acfc-4852-ba17-8edfd4d37f5d, command=[]} | ret=SUCCESS |  
2019-08-23 09:14:22,526 | INFO  | SCMAudit | user=jenkins1000 | ip=192.168.69.105 | op=SEND_HEARTBEAT {datanodeUUID=ce3b71d6-803c-4999-98a7-ed3c8197db33, command=[]} | ret=SUCCESS |  
2019-08-23 09:14:22,529 | INFO  | SCMAudit | user=jenkins1000 | ip=192.168.69.105 | op=SEND_HEARTBEAT {datanodeUUID=41b9b824-85d6-416a-bf4a-c5cccd6fce1e, command=[]} | ret=SUCCESS |  
2019-08-23 09:14:22,650 | INFO  | SCMAudit | user=jenkins1000 | ip=192.168.69.105 | op=SEND_HEARTBEAT {datanodeUUID=6db0b5b4-33e5-45b9-ab7c-8a068485ef09, command=[]} | ret=SUCCESS |  
2019-08-23 09:14:22,937 | INFO  | SCMAudit | user=jenkins1000 | ip=192.168.69.105 | op=SEND_HEARTBEAT {datanodeUUID=0a284024-13d6-46ed-b1db-6a3886ae2776, command=[]} | ret=SUCCESS |  
2019-08-23 09:14:23,049 | INFO  | SCMAudit | user=jenkins1000 | ip=192.168.69.105 | op=SEND_HEARTBEAT {datanodeUUID=e3f86e53-8f15-4a09-b253-90a30ace4ba2, command=[]} | ret=SUCCESS |  
2019-08-23 09:14:23,440 | INFO  | SCMAudit | user=jenkins1000 | ip=192.168.69.105 | op=SEND_HEARTBEAT {datanodeUUID=480da6fd-5cad-42f6-a3a8-03ebe6e9ed72, command=[]} | ret=SUCCESS |  
2019-08-23 09:14:23,502 | INFO  | SCMAudit | user=jenkins1000 | ip=192.168.69.105 | op=SEND_HEARTBEAT {datanodeUUID=06d76673-acfc-4852-ba17-8edfd4d37f5d, command=[]} | ret=SUCCESS |  
2019-08-23 09:14:23,525 | INFO  | SCMAudit | user=jenkins1000 | ip=192.168.69.105 | op=SEND_HEARTBEAT {datanodeUUID=ce3b71d6-803c-4999-98a7-ed3c8197db33, command=[]} | ret=SUCCESS |  
2019-08-23 09:14:23,529 | INFO  | SCMAudit | user=jenkins1000 | ip=192.168.69.105 | op=SEND_HEARTBEAT {datanodeUUID=41b9b824-85d6-416a-bf4a-c5cccd6fce1e, command=[]} | ret=SUCCESS |  
2019-08-23 09:14:23,649 | INFO  | SCMAudit | user=jenkins1000 | ip=192.168.69.105 | op=SEND_HEARTBEAT {datanodeUUID=6db0b5b4-33e5-45b9-ab7c-8a068485ef09, command=[]} | ret=SUCCESS |  
2019-08-23 09:14:23,936 | INFO  | SCMAudit | user=jenkins1000 | ip=192.168.69.105 | op=SEND_HEARTBEAT {datanodeUUID=0a284024-13d6-46ed-b1db-6a3886ae2776, command=[]} | ret=SUCCESS |  
2019-08-23 09:14:24,050 | INFO  | SCMAudit | user=jenkins1000 | ip=192.168.69.105 | op=SEND_HEARTBEAT {datanodeUUID=e3f86e53-8f15-4a09-b253-90a30ace4ba2, command=[]} | ret=SUCCESS |  
2019-08-23 09:14:24,439 | INFO  | SCMAudit | user=jenkins1000 | ip=192.168.69.105 | op=SEND_HEARTBEAT {datanodeUUID=480da6fd-5cad-42f6-a3a8-03ebe6e9ed72, command=[]} | ret=SUCCESS |  
2019-08-23 09:14:24,502 | INFO  | SCMAudit | user=jenkins1000 | ip=192.168.69.105 | op=SEND_HEARTBEAT {datanodeUUID=06d76673-acfc-4852-ba17-8edfd4d37f5d, command=[]} | ret=SUCCESS |  
2019-08-23 09:14:24,525 | INFO  | SCMAudit | user=jenkins1000 | ip=192.168.69.105 | op=SEND_HEARTBEAT {datanodeUUID=ce3b71d6-803c-4999-98a7-ed3c8197db33, command=[]} | ret=SUCCESS |  
2019-08-23 09:14:24,530 | INFO  | SCMAudit | user=jenkins1000 | ip=192.168.69.105 | op=SEND_HEARTBEAT {datanodeUUID=41b9b824-85d6-416a-bf4a-c5cccd6fce1e, command=[]} | ret=SUCCESS |  
2019-08-23 09:14:24,649 | INFO  | SCMAudit | user=jenkins1000 | ip=192.168.69.105 | op=SEND_HEARTBEAT {datanodeUUID=6db0b5b4-33e5-45b9-ab7c-8a068485ef09, command=[]} | ret=SUCCESS |  
2019-08-23 09:14:24,940 | INFO  | SCMAudit | user=jenkins1000 | ip=192.168.69.105 | op=SEND_HEARTBEAT {datanodeUUID=0a284024-13d6-46ed-b1db-6a3886ae2776, command=[]} | ret=SUCCESS |  
2019-08-23 09:14:25,049 | INFO  | SCMAudit | user=jenkins1000 | ip=192.168.69.105 | op=SEND_HEARTBEAT {datanodeUUID=e3f86e53-8f15-4a09-b253-90a30ace4ba2, command=[]} | ret=SUCCESS |  
2019-08-23 09:14:25,440 | INFO  | SCMAudit | user=jenkins1000 | ip=192.168.69.105 | op=SEND_HEARTBEAT {datanodeUUID=480da6fd-5cad-42f6-a3a8-03ebe6e9ed72, command=[]} | ret=SUCCESS |  
2019-08-23 09:14:25,503 | INFO  | SCMAudit | user=jenkins1000 | ip=192.168.69.105 | op=SEND_HEARTBEAT {datanodeUUID=06d76673-acfc-4852-ba17-8edfd4d37f5d, command=[]} | ret=SUCCESS |  
2019-08-23 09:14:25,525 | INFO  | SCMAudit | user=jenkins1000 | ip=192.168.69.105 | op=SEND_HEARTBEAT {datanodeUUID=ce3b71d6-803c-4999-98a7-ed3c8197db33, command=[]} | ret=SUCCESS |  
2019-08-23 09:14:25,529 | INFO  | SCMAudit | user=jenkins1000 | ip=192.168.69.105 | op=SEND_HEARTBEAT {datanodeUUID=41b9b824-85d6-416a-bf4a-c5cccd6fce1e, command=[]} | ret=SUCCESS |  
2019-08-23 09:14:25,650 | INFO  | SCMAudit | user=jenkins1000 | ip=192.168.69.105 | op=SEND_HEARTBEAT {datanodeUUID=6db0b5b4-33e5-45b9-ab7c-8a068485ef09, command=[]} | ret=SUCCESS |  
2019-08-23 09:14:25,823 [grpc-default-executor-2] INFO  client.GrpcClientProtocolClient (GrpcClientProtocolClient.java:onNext(255)) - client-E82DA6E02431->ce3b71d6-803c-4999-98a7-ed3c8197db33: receive RaftClientReply:client-E82DA6E02431->ce3b71d6-803c-4999-98a7-ed3c8197db33@group-73033864ACD7, cid=45, FAILED org.apache.ratis.protocol.NotLeaderException: Server ce3b71d6-803c-4999-98a7-ed3c8197db33 is not the leader (06d76673-acfc-4852-ba17-8edfd4d37f5d:192.168.69.105:42001). Request must be sent to leader., logIndex=0, commits[ce3b71d6-803c-4999-98a7-ed3c8197db33:c8, 41b9b824-85d6-416a-bf4a-c5cccd6fce1e:c8, 06d76673-acfc-4852-ba17-8edfd4d37f5d:c8]
2019-08-23 09:14:25,936 | INFO  | SCMAudit | user=jenkins1000 | ip=192.168.69.105 | op=SEND_HEARTBEAT {datanodeUUID=0a284024-13d6-46ed-b1db-6a3886ae2776, command=[]} | ret=SUCCESS |  
2019-08-23 09:14:26,049 | INFO  | SCMAudit | user=jenkins1000 | ip=192.168.69.105 | op=SEND_HEARTBEAT {datanodeUUID=e3f86e53-8f15-4a09-b253-90a30ace4ba2, command=[]} | ret=SUCCESS |  
2019-08-23 09:14:26,439 | INFO  | SCMAudit | user=jenkins1000 | ip=192.168.69.105 | op=SEND_HEARTBEAT {datanodeUUID=480da6fd-5cad-42f6-a3a8-03ebe6e9ed72, command=[]} | ret=SUCCESS |  
2019-08-23 09:14:26,503 | INFO  | SCMAudit | user=jenkins1000 | ip=192.168.69.105 | op=SEND_HEARTBEAT {datanodeUUID=06d76673-acfc-4852-ba17-8edfd4d37f5d, command=[]} | ret=SUCCESS |  
2019-08-23 09:14:26,525 | INFO  | SCMAudit | user=jenkins1000 | ip=192.168.69.105 | op=SEND_HEARTBEAT {datanodeUUID=ce3b71d6-803c-4999-98a7-ed3c8197db33, command=[]} | ret=SUCCESS |  
2019-08-23 09:14:26,529 | INFO  | SCMAudit | user=jenkins1000 | ip=192.168.69.105 | op=SEND_HEARTBEAT {datanodeUUID=41b9b824-85d6-416a-bf4a-c5cccd6fce1e, command=[]} | ret=SUCCESS |  
2019-08-23 09:14:26,649 | INFO  | SCMAudit | user=jenkins1000 | ip=192.168.69.105 | op=SEND_HEARTBEAT {datanodeUUID=6db0b5b4-33e5-45b9-ab7c-8a068485ef09, command=[]} | ret=SUCCESS |  
2019-08-23 09:14:26,937 | INFO  | SCMAudit | user=jenkins1000 | ip=192.168.69.105 | op=SEND_HEARTBEAT {datanodeUUID=0a284024-13d6-46ed-b1db-6a3886ae2776, command=[]} | ret=SUCCESS |  
2019-08-23 09:14:27,050 | INFO  | SCMAudit | user=jenkins1000 | ip=192.168.69.105 | op=SEND_HEARTBEAT {datanodeUUID=e3f86e53-8f15-4a09-b253-90a30ace4ba2, command=[]} | ret=SUCCESS |  
2019-08-23 09:14:27,439 | INFO  | SCMAudit | user=jenkins1000 | ip=192.168.69.105 | op=SEND_HEARTBEAT {datanodeUUID=480da6fd-5cad-42f6-a3a8-03ebe6e9ed72, command=[]} | ret=SUCCESS |  
2019-08-23 09:14:27,504 | INFO  | SCMAudit | user=jenkins1000 | ip=192.168.69.105 | op=SEND_HEARTBEAT {datanodeUUID=06d76673-acfc-4852-ba17-8edfd4d37f5d, command=[]} | ret=SUCCESS |  
2019-08-23 09:14:27,525 | INFO  | SCMAudit | user=jenkins1000 | ip=192.168.69.105 | op=SEND_HEARTBEAT {datanodeUUID=ce3b71d6-803c-4999-98a7-ed3c8197db33, command=[]} | ret=SUCCESS |  
2019-08-23 09:14:27,530 | INFO  | SCMAudit | user=jenkins1000 | ip=192.168.69.105 | op=SEND_HEARTBEAT {datanodeUUID=41b9b824-85d6-416a-bf4a-c5cccd6fce1e, command=[]} | ret=SUCCESS |  
2019-08-23 09:14:27,649 | INFO  | SCMAudit | user=jenkins1000 | ip=192.168.69.105 | op=SEND_HEARTBEAT {datanodeUUID=6db0b5b4-33e5-45b9-ab7c-8a068485ef09, command=[]} | ret=SUCCESS |  
2019-08-23 09:14:27,937 | INFO  | SCMAudit | user=jenkins1000 | ip=192.168.69.105 | op=SEND_HEARTBEAT {datanodeUUID=0a284024-13d6-46ed-b1db-6a3886ae2776, command=[]} | ret=SUCCESS |  
2019-08-23 09:14:28,050 | INFO  | SCMAudit | user=jenkins1000 | ip=192.168.69.105 | op=SEND_HEARTBEAT {datanodeUUID=e3f86e53-8f15-4a09-b253-90a30ace4ba2, command=[]} | ret=SUCCESS |  
2019-08-23 09:14:28,440 | INFO  | SCMAudit | user=jenkins1000 | ip=192.168.69.105 | op=SEND_HEARTBEAT {datanodeUUID=480da6fd-5cad-42f6-a3a8-03ebe6e9ed72, command=[]} | ret=SUCCESS |  
2019-08-23 09:14:28,503 | INFO  | SCMAudit | user=jenkins1000 | ip=192.168.69.105 | op=SEND_HEARTBEAT {datanodeUUID=06d76673-acfc-4852-ba17-8edfd4d37f5d, command=[]} | ret=SUCCESS |  
2019-08-23 09:14:28,525 | INFO  | SCMAudit | user=jenkins1000 | ip=192.168.69.105 | op=SEND_HEARTBEAT {datanodeUUID=ce3b71d6-803c-4999-98a7-ed3c8197db33, command=[]} | ret=SUCCESS |  
2019-08-23 09:14:28,531 | INFO  | SCMAudit | user=jenkins1000 | ip=192.168.69.105 | op=SEND_HEARTBEAT {datanodeUUID=41b9b824-85d6-416a-bf4a-c5cccd6fce1e, command=[]} | ret=SUCCESS |  
2019-08-23 09:14:28,649 | INFO  | SCMAudit | user=jenkins1000 | ip=192.168.69.105 | op=SEND_HEARTBEAT {datanodeUUID=6db0b5b4-33e5-45b9-ab7c-8a068485ef09, command=[]} | ret=SUCCESS |  
2019-08-23 09:14:28,937 | INFO  | SCMAudit | user=jenkins1000 | ip=192.168.69.105 | op=SEND_HEARTBEAT {datanodeUUID=0a284024-13d6-46ed-b1db-6a3886ae2776, command=[]} | ret=SUCCESS |  
2019-08-23 09:14:29,050 | INFO  | SCMAudit | user=jenkins1000 | ip=192.168.69.105 | op=SEND_HEARTBEAT {datanodeUUID=e3f86e53-8f15-4a09-b253-90a30ace4ba2, command=[]} | ret=SUCCESS |  
2019-08-23 09:14:29,440 | INFO  | SCMAudit | user=jenkins1000 | ip=192.168.69.105 | op=SEND_HEARTBEAT {datanodeUUID=480da6fd-5cad-42f6-a3a8-03ebe6e9ed72, command=[]} | ret=SUCCESS |  
2019-08-23 09:14:29,504 | INFO  | SCMAudit | user=jenkins1000 | ip=192.168.69.105 | op=SEND_HEARTBEAT {datanodeUUID=06d76673-acfc-4852-ba17-8edfd4d37f5d, command=[]} | ret=SUCCESS |  
2019-08-23 09:14:29,525 | INFO  | SCMAudit | user=jenkins1000 | ip=192.168.69.105 | op=SEND_HEARTBEAT {datanodeUUID=ce3b71d6-803c-4999-98a7-ed3c8197db33, command=[]} | ret=SUCCESS |  
2019-08-23 09:14:29,532 | INFO  | SCMAudit | user=jenkins1000 | ip=192.168.69.105 | op=SEND_HEARTBEAT {datanodeUUID=41b9b824-85d6-416a-bf4a-c5cccd6fce1e, command=[]} | ret=SUCCESS |  
2019-08-23 09:14:29,649 | INFO  | SCMAudit | user=jenkins1000 | ip=192.168.69.105 | op=SEND_HEARTBEAT {datanodeUUID=6db0b5b4-33e5-45b9-ab7c-8a068485ef09, command=[]} | ret=SUCCESS |  
2019-08-23 09:14:29,938 | INFO  | SCMAudit | user=jenkins1000 | ip=192.168.69.105 | op=SEND_HEARTBEAT {datanodeUUID=0a284024-13d6-46ed-b1db-6a3886ae2776, command=[]} | ret=SUCCESS |  
2019-08-23 09:14:30,051 | INFO  | SCMAudit | user=jenkins1000 | ip=192.168.69.105 | op=SEND_HEARTBEAT {datanodeUUID=e3f86e53-8f15-4a09-b253-90a30ace4ba2, command=[]} | ret=SUCCESS |  
2019-08-23 09:14:30,440 | INFO  | SCMAudit | user=jenkins1000 | ip=192.168.69.105 | op=SEND_HEARTBEAT {datanodeUUID=480da6fd-5cad-42f6-a3a8-03ebe6e9ed72, command=[]} | ret=SUCCESS |  
2019-08-23 09:14:30,504 | INFO  | SCMAudit | user=jenkins1000 | ip=192.168.69.105 | op=SEND_HEARTBEAT {datanodeUUID=06d76673-acfc-4852-ba17-8edfd4d37f5d, command=[]} | ret=SUCCESS |  
2019-08-23 09:14:30,525 | INFO  | SCMAudit | user=jenkins1000 | ip=192.168.69.105 | op=SEND_HEARTBEAT {datanodeUUID=ce3b71d6-803c-4999-98a7-ed3c8197db33, command=[]} | ret=SUCCESS |  
2019-08-23 09:14:30,531 | INFO  | SCMAudit | user=jenkins1000 | ip=192.168.69.105 | op=SEND_HEARTBEAT {datanodeUUID=41b9b824-85d6-416a-bf4a-c5cccd6fce1e, command=[]} | ret=SUCCESS |  
2019-08-23 09:14:30,649 | INFO  | SCMAudit | user=jenkins1000 | ip=192.168.69.105 | op=SEND_HEARTBEAT {datanodeUUID=6db0b5b4-33e5-45b9-ab7c-8a068485ef09, command=[]} | ret=SUCCESS |  
2019-08-23 09:14:30,875 [grpc-default-executor-2] INFO  client.GrpcClientProtocolClient (GrpcClientProtocolClient.java:onNext(255)) - client-E82DA6E02431->41b9b824-85d6-416a-bf4a-c5cccd6fce1e: receive RaftClientReply:client-E82DA6E02431->41b9b824-85d6-416a-bf4a-c5cccd6fce1e@group-73033864ACD7, cid=45, FAILED org.apache.ratis.protocol.NotLeaderException: Server 41b9b824-85d6-416a-bf4a-c5cccd6fce1e is not the leader (06d76673-acfc-4852-ba17-8edfd4d37f5d:192.168.69.105:42001). Request must be sent to leader., logIndex=0, commits[41b9b824-85d6-416a-bf4a-c5cccd6fce1e:c8, ce3b71d6-803c-4999-98a7-ed3c8197db33:c8, 06d76673-acfc-4852-ba17-8edfd4d37f5d:c8]
2019-08-23 09:14:30,937 | INFO  | SCMAudit | user=jenkins1000 | ip=192.168.69.105 | op=SEND_HEARTBEAT {datanodeUUID=0a284024-13d6-46ed-b1db-6a3886ae2776, command=[]} | ret=SUCCESS |  
2019-08-23 09:14:31,050 | INFO  | SCMAudit | user=jenkins1000 | ip=192.168.69.105 | op=SEND_HEARTBEAT {datanodeUUID=e3f86e53-8f15-4a09-b253-90a30ace4ba2, command=[]} | ret=SUCCESS |  
2019-08-23 09:14:31,440 | INFO  | SCMAudit | user=jenkins1000 | ip=192.168.69.105 | op=SEND_HEARTBEAT {datanodeUUID=480da6fd-5cad-42f6-a3a8-03ebe6e9ed72, command=[]} | ret=SUCCESS |  
2019-08-23 09:14:31,503 | INFO  | SCMAudit | user=jenkins1000 | ip=192.168.69.105 | op=SEND_HEARTBEAT {datanodeUUID=06d76673-acfc-4852-ba17-8edfd4d37f5d, command=[]} | ret=SUCCESS |  
2019-08-23 09:14:31,525 | INFO  | SCMAudit | user=jenkins1000 | ip=192.168.69.105 | op=SEND_HEARTBEAT {datanodeUUID=ce3b71d6-803c-4999-98a7-ed3c8197db33, command=[]} | ret=SUCCESS |  
2019-08-23 09:14:31,531 | INFO  | SCMAudit | user=jenkins1000 | ip=192.168.69.105 | op=SEND_HEARTBEAT {datanodeUUID=41b9b824-85d6-416a-bf4a-c5cccd6fce1e, command=[]} | ret=SUCCESS |  
2019-08-23 09:14:31,649 | INFO  | SCMAudit | user=jenkins1000 | ip=192.168.69.105 | op=SEND_HEARTBEAT {datanodeUUID=6db0b5b4-33e5-45b9-ab7c-8a068485ef09, command=[]} | ret=SUCCESS |  
2019-08-23 09:14:31,938 | INFO  | SCMAudit | user=jenkins1000 | ip=192.168.69.105 | op=SEND_HEARTBEAT {datanodeUUID=0a284024-13d6-46ed-b1db-6a3886ae2776, command=[]} | ret=SUCCESS |  
2019-08-23 09:14:32,050 | INFO  | SCMAudit | user=jenkins1000 | ip=192.168.69.105 | op=SEND_HEARTBEAT {datanodeUUID=e3f86e53-8f15-4a09-b253-90a30ace4ba2, command=[]} | ret=SUCCESS |  
2019-08-23 09:14:32,441 | INFO  | SCMAudit | user=jenkins1000 | ip=192.168.69.105 | op=SEND_HEARTBEAT {datanodeUUID=480da6fd-5cad-42f6-a3a8-03ebe6e9ed72, command=[]} | ret=SUCCESS |  
2019-08-23 09:14:32,504 | INFO  | SCMAudit | user=jenkins1000 | ip=192.168.69.105 | op=SEND_HEARTBEAT {datanodeUUID=06d76673-acfc-4852-ba17-8edfd4d37f5d, command=[]} | ret=SUCCESS |  
2019-08-23 09:14:32,526 | INFO  | SCMAudit | user=jenkins1000 | ip=192.168.69.105 | op=SEND_HEARTBEAT {datanodeUUID=ce3b71d6-803c-4999-98a7-ed3c8197db33, command=[]} | ret=SUCCESS |  
2019-08-23 09:14:32,531 | INFO  | SCMAudit | user=jenkins1000 | ip=192.168.69.105 | op=SEND_HEARTBEAT {datanodeUUID=41b9b824-85d6-416a-bf4a-c5cccd6fce1e, command=[]} | ret=SUCCESS |  
2019-08-23 09:14:32,650 | INFO  | SCMAudit | user=jenkins1000 | ip=192.168.69.105 | op=SEND_HEARTBEAT {datanodeUUID=6db0b5b4-33e5-45b9-ab7c-8a068485ef09, command=[]} | ret=SUCCESS |  
2019-08-23 09:14:32,939 | INFO  | SCMAudit | user=jenkins1000 | ip=192.168.69.105 | op=SEND_HEARTBEAT {datanodeUUID=0a284024-13d6-46ed-b1db-6a3886ae2776, command=[]} | ret=SUCCESS |  
2019-08-23 09:14:33,050 | INFO  | SCMAudit | user=jenkins1000 | ip=192.168.69.105 | op=SEND_HEARTBEAT {datanodeUUID=e3f86e53-8f15-4a09-b253-90a30ace4ba2, command=[]} | ret=SUCCESS |  
2019-08-23 09:14:33,442 | INFO  | SCMAudit | user=jenkins1000 | ip=192.168.69.105 | op=SEND_HEARTBEAT {datanodeUUID=480da6fd-5cad-42f6-a3a8-03ebe6e9ed72, command=[]} | ret=SUCCESS |  
2019-08-23 09:14:33,503 | INFO  | SCMAudit | user=jenkins1000 | ip=192.168.69.105 | op=SEND_HEARTBEAT {datanodeUUID=06d76673-acfc-4852-ba17-8edfd4d37f5d, command=[]} | ret=SUCCESS |  
2019-08-23 09:14:33,527 | INFO  | SCMAudit | user=jenkins1000 | ip=192.168.69.105 | op=SEND_HEARTBEAT {datanodeUUID=ce3b71d6-803c-4999-98a7-ed3c8197db33, command=[]} | ret=SUCCESS |  
2019-08-23 09:14:33,531 | INFO  | SCMAudit | user=jenkins1000 | ip=192.168.69.105 | op=SEND_HEARTBEAT {datanodeUUID=41b9b824-85d6-416a-bf4a-c5cccd6fce1e, command=[]} | ret=SUCCESS |  
2019-08-23 09:14:33,649 | INFO  | SCMAudit | user=jenkins1000 | ip=192.168.69.105 | op=SEND_HEARTBEAT {datanodeUUID=6db0b5b4-33e5-45b9-ab7c-8a068485ef09, command=[]} | ret=SUCCESS |  
2019-08-23 09:14:33,938 | INFO  | SCMAudit | user=jenkins1000 | ip=192.168.69.105 | op=SEND_HEARTBEAT {datanodeUUID=0a284024-13d6-46ed-b1db-6a3886ae2776, command=[]} | ret=SUCCESS |  
2019-08-23 09:14:34,051 | INFO  | SCMAudit | user=jenkins1000 | ip=192.168.69.105 | op=SEND_HEARTBEAT {datanodeUUID=e3f86e53-8f15-4a09-b253-90a30ace4ba2, command=[]} | ret=SUCCESS |  
2019-08-23 09:14:34,441 | INFO  | SCMAudit | user=jenkins1000 | ip=192.168.69.105 | op=SEND_HEARTBEAT {datanodeUUID=480da6fd-5cad-42f6-a3a8-03ebe6e9ed72, command=[]} | ret=SUCCESS |  
2019-08-23 09:14:34,504 | INFO  | SCMAudit | user=jenkins1000 | ip=192.168.69.105 | op=SEND_HEARTBEAT {datanodeUUID=06d76673-acfc-4852-ba17-8edfd4d37f5d, command=[]} | ret=SUCCESS |  
2019-08-23 09:14:34,527 | INFO  | SCMAudit | user=jenkins1000 | ip=192.168.69.105 | op=SEND_HEARTBEAT {datanodeUUID=ce3b71d6-803c-4999-98a7-ed3c8197db33, command=[]} | ret=SUCCESS |  
2019-08-23 09:14:34,532 | INFO  | SCMAudit | user=jenkins1000 | ip=192.168.69.105 | op=SEND_HEARTBEAT {datanodeUUID=41b9b824-85d6-416a-bf4a-c5cccd6fce1e, command=[]} | ret=SUCCESS |  
2019-08-23 09:14:34,649 | INFO  | SCMAudit | user=jenkins1000 | ip=192.168.69.105 | op=SEND_HEARTBEAT {datanodeUUID=6db0b5b4-33e5-45b9-ab7c-8a068485ef09, command=[]} | ret=SUCCESS |  
2019-08-23 09:14:34,939 | INFO  | SCMAudit | user=jenkins1000 | ip=192.168.69.105 | op=SEND_HEARTBEAT {datanodeUUID=0a284024-13d6-46ed-b1db-6a3886ae2776, command=[]} | ret=SUCCESS |  
2019-08-23 09:14:35,051 | INFO  | SCMAudit | user=jenkins1000 | ip=192.168.69.105 | op=SEND_HEARTBEAT {datanodeUUID=e3f86e53-8f15-4a09-b253-90a30ace4ba2, command=[]} | ret=SUCCESS |  
2019-08-23 09:14:35,442 | INFO  | SCMAudit | user=jenkins1000 | ip=192.168.69.105 | op=SEND_HEARTBEAT {datanodeUUID=480da6fd-5cad-42f6-a3a8-03ebe6e9ed72, command=[]} | ret=SUCCESS |  
2019-08-23 09:14:35,503 | INFO  | SCMAudit | user=jenkins1000 | ip=192.168.69.105 | op=SEND_HEARTBEAT {datanodeUUID=06d76673-acfc-4852-ba17-8edfd4d37f5d, command=[]} | ret=SUCCESS |  
2019-08-23 09:14:35,527 | INFO  | SCMAudit | user=jenkins1000 | ip=192.168.69.105 | op=SEND_HEARTBEAT {datanodeUUID=ce3b71d6-803c-4999-98a7-ed3c8197db33, command=[]} | ret=SUCCESS |  
2019-08-23 09:14:35,532 | INFO  | SCMAudit | user=jenkins1000 | ip=192.168.69.105 | op=SEND_HEARTBEAT {datanodeUUID=41b9b824-85d6-416a-bf4a-c5cccd6fce1e, command=[]} | ret=SUCCESS |  
2019-08-23 09:14:35,650 | INFO  | SCMAudit | user=jenkins1000 | ip=192.168.69.105 | op=SEND_HEARTBEAT {datanodeUUID=6db0b5b4-33e5-45b9-ab7c-8a068485ef09, command=[]} | ret=SUCCESS |  
2019-08-23 09:14:35,917 [grpc-default-executor-1] INFO  client.GrpcClientProtocolClient (GrpcClientProtocolClient.java:onNext(255)) - client-E82DA6E02431->41b9b824-85d6-416a-bf4a-c5cccd6fce1e: receive RaftClientReply:client-E82DA6E02431->41b9b824-85d6-416a-bf4a-c5cccd6fce1e@group-73033864ACD7, cid=45, FAILED org.apache.ratis.protocol.NotLeaderException: Server 41b9b824-85d6-416a-bf4a-c5cccd6fce1e is not the leader (06d76673-acfc-4852-ba17-8edfd4d37f5d:192.168.69.105:42001). Request must be sent to leader., logIndex=0, commits[41b9b824-85d6-416a-bf4a-c5cccd6fce1e:c8, ce3b71d6-803c-4999-98a7-ed3c8197db33:c8, 06d76673-acfc-4852-ba17-8edfd4d37f5d:c8]
2019-08-23 09:14:35,938 | INFO  | SCMAudit | user=jenkins1000 | ip=192.168.69.105 | op=SEND_HEARTBEAT {datanodeUUID=0a284024-13d6-46ed-b1db-6a3886ae2776, command=[]} | ret=SUCCESS |  
2019-08-23 09:14:36,052 | INFO  | SCMAudit | user=jenkins1000 | ip=192.168.69.105 | op=SEND_HEARTBEAT {datanodeUUID=e3f86e53-8f15-4a09-b253-90a30ace4ba2, command=[]} | ret=SUCCESS |  
2019-08-23 09:14:36,442 | INFO  | SCMAudit | user=jenkins1000 | ip=192.168.69.105 | op=SEND_HEARTBEAT {datanodeUUID=480da6fd-5cad-42f6-a3a8-03ebe6e9ed72, command=[]} | ret=SUCCESS |  
2019-08-23 09:14:36,503 | INFO  | SCMAudit | user=jenkins1000 | ip=192.168.69.105 | op=SEND_HEARTBEAT {datanodeUUID=06d76673-acfc-4852-ba17-8edfd4d37f5d, command=[]} | ret=SUCCESS |  
2019-08-23 09:14:36,527 | INFO  | SCMAudit | user=jenkins1000 | ip=192.168.69.105 | op=SEND_HEARTBEAT {datanodeUUID=ce3b71d6-803c-4999-98a7-ed3c8197db33, command=[]} | ret=SUCCESS |  
2019-08-23 09:14:36,532 | INFO  | SCMAudit | user=jenkins1000 | ip=192.168.69.105 | op=SEND_HEARTBEAT {datanodeUUID=41b9b824-85d6-416a-bf4a-c5cccd6fce1e, command=[]} | ret=SUCCESS |  
2019-08-23 09:14:36,649 | INFO  | SCMAudit | user=jenkins1000 | ip=192.168.69.105 | op=SEND_HEARTBEAT {datanodeUUID=6db0b5b4-33e5-45b9-ab7c-8a068485ef09, command=[]} | ret=SUCCESS |  
2019-08-23 09:14:36,939 | INFO  | SCMAudit | user=jenkins1000 | ip=192.168.69.105 | op=SEND_HEARTBEAT {datanodeUUID=0a284024-13d6-46ed-b1db-6a3886ae2776, command=[]} | ret=SUCCESS |  
2019-08-23 09:14:37,051 | INFO  | SCMAudit | user=jenkins1000 | ip=192.168.69.105 | op=SEND_HEARTBEAT {datanodeUUID=e3f86e53-8f15-4a09-b253-90a30ace4ba2, command=[]} | ret=SUCCESS |  
2019-08-23 09:14:37,443 | INFO  | SCMAudit | user=jenkins1000 | ip=192.168.69.105 | op=SEND_HEARTBEAT {datanodeUUID=480da6fd-5cad-42f6-a3a8-03ebe6e9ed72, command=[]} | ret=SUCCESS |  
2019-08-23 09:14:37,503 | INFO  | SCMAudit | user=jenkins1000 | ip=192.168.69.105 | op=SEND_HEARTBEAT {datanodeUUID=06d76673-acfc-4852-ba17-8edfd4d37f5d, command=[]} | ret=SUCCESS |  
2019-08-23 09:14:37,527 | INFO  | SCMAudit | user=jenkins1000 | ip=192.168.69.105 | op=SEND_HEARTBEAT {datanodeUUID=ce3b71d6-803c-4999-98a7-ed3c8197db33, command=[]} | ret=SUCCESS |  
2019-08-23 09:14:37,532 | INFO  | SCMAudit | user=jenkins1000 | ip=192.168.69.105 | op=SEND_HEARTBEAT {datanodeUUID=41b9b824-85d6-416a-bf4a-c5cccd6fce1e, command=[]} | ret=SUCCESS |  
2019-08-23 09:14:37,649 | INFO  | SCMAudit | user=jenkins1000 | ip=192.168.69.105 | op=SEND_HEARTBEAT {datanodeUUID=6db0b5b4-33e5-45b9-ab7c-8a068485ef09, command=[]} | ret=SUCCESS |  
2019-08-23 09:14:37,938 | INFO  | SCMAudit | user=jenkins1000 | ip=192.168.69.105 | op=SEND_HEARTBEAT {datanodeUUID=0a284024-13d6-46ed-b1db-6a3886ae2776, command=[]} | ret=SUCCESS |  
2019-08-23 09:14:38,051 | INFO  | SCMAudit | user=jenkins1000 | ip=192.168.69.105 | op=SEND_HEARTBEAT {datanodeUUID=e3f86e53-8f15-4a09-b253-90a30ace4ba2, command=[]} | ret=SUCCESS |  
2019-08-23 09:14:38,442 | INFO  | SCMAudit | user=jenkins1000 | ip=192.168.69.105 | op=SEND_HEARTBEAT {datanodeUUID=480da6fd-5cad-42f6-a3a8-03ebe6e9ed72, command=[]} | ret=SUCCESS |  
2019-08-23 09:14:38,504 | INFO  | SCMAudit | user=jenkins1000 | ip=192.168.69.105 | op=SEND_HEARTBEAT {datanodeUUID=06d76673-acfc-4852-ba17-8edfd4d37f5d, command=[]} | ret=SUCCESS |  
2019-08-23 09:14:38,527 | INFO  | SCMAudit | user=jenkins1000 | ip=192.168.69.105 | op=SEND_HEARTBEAT {datanodeUUID=ce3b71d6-803c-4999-98a7-ed3c8197db33, command=[]} | ret=SUCCESS |  
2019-08-23 09:14:38,532 | INFO  | SCMAudit | user=jenkins1000 | ip=192.168.69.105 | op=SEND_HEARTBEAT {datanodeUUID=41b9b824-85d6-416a-bf4a-c5cccd6fce1e, command=[]} | ret=SUCCESS |  
2019-08-23 09:14:38,650 | INFO  | SCMAudit | user=jenkins1000 | ip=192.168.69.105 | op=SEND_HEARTBEAT {datanodeUUID=6db0b5b4-33e5-45b9-ab7c-8a068485ef09, command=[]} | ret=SUCCESS |  
2019-08-23 09:14:38,939 | INFO  | SCMAudit | user=jenkins1000 | ip=192.168.69.105 | op=SEND_HEARTBEAT {datanodeUUID=0a284024-13d6-46ed-b1db-6a3886ae2776, command=[]} | ret=SUCCESS |  
2019-08-23 09:14:39,052 | INFO  | SCMAudit | user=jenkins1000 | ip=192.168.69.105 | op=SEND_HEARTBEAT {datanodeUUID=e3f86e53-8f15-4a09-b253-90a30ace4ba2, command=[]} | ret=SUCCESS |  
2019-08-23 09:14:39,443 | INFO  | SCMAudit | user=jenkins1000 | ip=192.168.69.105 | op=SEND_HEARTBEAT {datanodeUUID=480da6fd-5cad-42f6-a3a8-03ebe6e9ed72, command=[]} | ret=SUCCESS |  
2019-08-23 09:14:39,503 | INFO  | SCMAudit | user=jenkins1000 | ip=192.168.69.105 | op=SEND_HEARTBEAT {datanodeUUID=06d76673-acfc-4852-ba17-8edfd4d37f5d, command=[]} | ret=SUCCESS |  
2019-08-23 09:14:39,527 | INFO  | SCMAudit | user=jenkins1000 | ip=192.168.69.105 | op=SEND_HEARTBEAT {datanodeUUID=ce3b71d6-803c-4999-98a7-ed3c8197db33, command=[]} | ret=SUCCESS |  
2019-08-23 09:14:39,532 | INFO  | SCMAudit | user=jenkins1000 | ip=192.168.69.105 | op=SEND_HEARTBEAT {datanodeUUID=41b9b824-85d6-416a-bf4a-c5cccd6fce1e, command=[]} | ret=SUCCESS |  
2019-08-23 09:14:39,649 | INFO  | SCMAudit | user=jenkins1000 | ip=192.168.69.105 | op=SEND_HEARTBEAT {datanodeUUID=6db0b5b4-33e5-45b9-ab7c-8a068485ef09, command=[]} | ret=SUCCESS |  
2019-08-23 09:14:39,939 | INFO  | SCMAudit | user=jenkins1000 | ip=192.168.69.105 | op=SEND_HEARTBEAT {datanodeUUID=0a284024-13d6-46ed-b1db-6a3886ae2776, command=[]} | ret=SUCCESS |  
2019-08-23 09:14:40,051 | INFO  | SCMAudit | user=jenkins1000 | ip=192.168.69.105 | op=SEND_HEARTBEAT {datanodeUUID=e3f86e53-8f15-4a09-b253-90a30ace4ba2, command=[]} | ret=SUCCESS |  
2019-08-23 09:14:40,442 | INFO  | SCMAudit | user=jenkins1000 | ip=192.168.69.105 | op=SEND_HEARTBEAT {datanodeUUID=480da6fd-5cad-42f6-a3a8-03ebe6e9ed72, command=[]} | ret=SUCCESS |  
2019-08-23 09:14:40,503 | INFO  | SCMAudit | user=jenkins1000 | ip=192.168.69.105 | op=SEND_HEARTBEAT {datanodeUUID=06d76673-acfc-4852-ba17-8edfd4d37f5d, command=[]} | ret=SUCCESS |  
2019-08-23 09:14:40,527 | INFO  | SCMAudit | user=jenkins1000 | ip=192.168.69.105 | op=SEND_HEARTBEAT {datanodeUUID=ce3b71d6-803c-4999-98a7-ed3c8197db33, command=[]} | ret=SUCCESS |  
2019-08-23 09:14:40,534 | INFO  | SCMAudit | user=jenkins1000 | ip=192.168.69.105 | op=SEND_HEARTBEAT {datanodeUUID=41b9b824-85d6-416a-bf4a-c5cccd6fce1e, command=[]} | ret=SUCCESS |  
2019-08-23 09:14:40,649 | INFO  | SCMAudit | user=jenkins1000 | ip=192.168.69.105 | op=SEND_HEARTBEAT {datanodeUUID=6db0b5b4-33e5-45b9-ab7c-8a068485ef09, command=[]} | ret=SUCCESS |  
2019-08-23 09:14:40,939 | INFO  | SCMAudit | user=jenkins1000 | ip=192.168.69.105 | op=SEND_HEARTBEAT {datanodeUUID=0a284024-13d6-46ed-b1db-6a3886ae2776, command=[]} | ret=SUCCESS |  
2019-08-23 09:14:40,962 [grpc-default-executor-1] INFO  client.GrpcClientProtocolClient (GrpcClientProtocolClient.java:onNext(255)) - client-E82DA6E02431->ce3b71d6-803c-4999-98a7-ed3c8197db33: receive RaftClientReply:client-E82DA6E02431->ce3b71d6-803c-4999-98a7-ed3c8197db33@group-73033864ACD7, cid=45, FAILED org.apache.ratis.protocol.NotLeaderException: Server ce3b71d6-803c-4999-98a7-ed3c8197db33 is not the leader (06d76673-acfc-4852-ba17-8edfd4d37f5d:192.168.69.105:42001). Request must be sent to leader., logIndex=0, commits[ce3b71d6-803c-4999-98a7-ed3c8197db33:c8, 41b9b824-85d6-416a-bf4a-c5cccd6fce1e:c8, 06d76673-acfc-4852-ba17-8edfd4d37f5d:c8]
2019-08-23 09:14:41,052 | INFO  | SCMAudit | user=jenkins1000 | ip=192.168.69.105 | op=SEND_HEARTBEAT {datanodeUUID=e3f86e53-8f15-4a09-b253-90a30ace4ba2, command=[]} | ret=SUCCESS |  
2019-08-23 09:14:41,443 | INFO  | SCMAudit | user=jenkins1000 | ip=192.168.69.105 | op=SEND_HEARTBEAT {datanodeUUID=480da6fd-5cad-42f6-a3a8-03ebe6e9ed72, command=[]} | ret=SUCCESS |  
2019-08-23 09:14:41,503 | INFO  | SCMAudit | user=jenkins1000 | ip=192.168.69.105 | op=SEND_HEARTBEAT {datanodeUUID=06d76673-acfc-4852-ba17-8edfd4d37f5d, command=[]} | ret=SUCCESS |  
2019-08-23 09:14:41,527 | INFO  | SCMAudit | user=jenkins1000 | ip=192.168.69.105 | op=SEND_HEARTBEAT {datanodeUUID=ce3b71d6-803c-4999-98a7-ed3c8197db33, command=[]} | ret=SUCCESS |  
2019-08-23 09:14:41,533 | INFO  | SCMAudit | user=jenkins1000 | ip=192.168.69.105 | op=SEND_HEARTBEAT {datanodeUUID=41b9b824-85d6-416a-bf4a-c5cccd6fce1e, command=[]} | ret=SUCCESS |  
2019-08-23 09:14:41,649 | INFO  | SCMAudit | user=jenkins1000 | ip=192.168.69.105 | op=SEND_HEARTBEAT {datanodeUUID=6db0b5b4-33e5-45b9-ab7c-8a068485ef09, command=[]} | ret=SUCCESS |  
2019-08-23 09:14:41,940 | INFO  | SCMAudit | user=jenkins1000 | ip=192.168.69.105 | op=SEND_HEARTBEAT {datanodeUUID=0a284024-13d6-46ed-b1db-6a3886ae2776, command=[]} | ret=SUCCESS |  
2019-08-23 09:14:42,051 | INFO  | SCMAudit | user=jenkins1000 | ip=192.168.69.105 | op=SEND_HEARTBEAT {datanodeUUID=e3f86e53-8f15-4a09-b253-90a30ace4ba2, command=[]} | ret=SUCCESS |  
2019-08-23 09:14:42,443 | INFO  | SCMAudit | user=jenkins1000 | ip=192.168.69.105 | op=SEND_HEARTBEAT {datanodeUUID=480da6fd-5cad-42f6-a3a8-03ebe6e9ed72, command=[]} | ret=SUCCESS |  
2019-08-23 09:14:42,504 | INFO  | SCMAudit | user=jenkins1000 | ip=192.168.69.105 | op=SEND_HEARTBEAT {datanodeUUID=06d76673-acfc-4852-ba17-8edfd4d37f5d, command=[]} | ret=SUCCESS |  
2019-08-23 09:14:42,527 | INFO  | SCMAudit | user=jenkins1000 | ip=192.168.69.105 | op=SEND_HEARTBEAT {datanodeUUID=ce3b71d6-803c-4999-98a7-ed3c8197db33, command=[]} | ret=SUCCESS |  
2019-08-23 09:14:42,535 | INFO  | SCMAudit | user=jenkins1000 | ip=192.168.69.105 | op=SEND_HEARTBEAT {datanodeUUID=41b9b824-85d6-416a-bf4a-c5cccd6fce1e, command=[]} | ret=SUCCESS |  
2019-08-23 09:14:42,650 | INFO  | SCMAudit | user=jenkins1000 | ip=192.168.69.105 | op=SEND_HEARTBEAT {datanodeUUID=6db0b5b4-33e5-45b9-ab7c-8a068485ef09, command=[]} | ret=SUCCESS |  
2019-08-23 09:14:42,939 | INFO  | SCMAudit | user=jenkins1000 | ip=192.168.69.105 | op=SEND_HEARTBEAT {datanodeUUID=0a284024-13d6-46ed-b1db-6a3886ae2776, command=[]} | ret=SUCCESS |  
2019-08-23 09:14:43,052 | INFO  | SCMAudit | user=jenkins1000 | ip=192.168.69.105 | op=SEND_HEARTBEAT {datanodeUUID=e3f86e53-8f15-4a09-b253-90a30ace4ba2, command=[]} | ret=SUCCESS |  
2019-08-23 09:14:43,443 | INFO  | SCMAudit | user=jenkins1000 | ip=192.168.69.105 | op=SEND_HEARTBEAT {datanodeUUID=480da6fd-5cad-42f6-a3a8-03ebe6e9ed72, command=[]} | ret=SUCCESS |  
2019-08-23 09:14:43,504 | INFO  | SCMAudit | user=jenkins1000 | ip=192.168.69.105 | op=SEND_HEARTBEAT {datanodeUUID=06d76673-acfc-4852-ba17-8edfd4d37f5d, command=[]} | ret=SUCCESS |  
2019-08-23 09:14:43,527 | INFO  | SCMAudit | user=jenkins1000 | ip=192.168.69.105 | op=SEND_HEARTBEAT {datanodeUUID=ce3b71d6-803c-4999-98a7-ed3c8197db33, command=[]} | ret=SUCCESS |  
2019-08-23 09:14:43,534 | INFO  | SCMAudit | user=jenkins1000 | ip=192.168.69.105 | op=SEND_HEARTBEAT {datanodeUUID=41b9b824-85d6-416a-bf4a-c5cccd6fce1e, command=[]} | ret=SUCCESS |  
2019-08-23 09:14:43,650 | INFO  | SCMAudit | user=jenkins1000 | ip=192.168.69.105 | op=SEND_HEARTBEAT {datanodeUUID=6db0b5b4-33e5-45b9-ab7c-8a068485ef09, command=[]} | ret=SUCCESS |  
2019-08-23 09:14:43,939 | INFO  | SCMAudit | user=jenkins1000 | ip=192.168.69.105 | op=SEND_HEARTBEAT {datanodeUUID=0a284024-13d6-46ed-b1db-6a3886ae2776, command=[]} | ret=SUCCESS |  
2019-08-23 09:14:44,051 | INFO  | SCMAudit | user=jenkins1000 | ip=192.168.69.105 | op=SEND_HEARTBEAT {datanodeUUID=e3f86e53-8f15-4a09-b253-90a30ace4ba2, command=[]} | ret=SUCCESS |  
2019-08-23 09:14:44,443 | INFO  | SCMAudit | user=jenkins1000 | ip=192.168.69.105 | op=SEND_HEARTBEAT {datanodeUUID=480da6fd-5cad-42f6-a3a8-03ebe6e9ed72, command=[]} | ret=SUCCESS |  
2019-08-23 09:14:44,504 | INFO  | SCMAudit | user=jenkins1000 | ip=192.168.69.105 | op=SEND_HEARTBEAT {datanodeUUID=06d76673-acfc-4852-ba17-8edfd4d37f5d, command=[]} | ret=SUCCESS |  
2019-08-23 09:14:44,528 | INFO  | SCMAudit | user=jenkins1000 | ip=192.168.69.105 | op=SEND_HEARTBEAT {datanodeUUID=ce3b71d6-803c-4999-98a7-ed3c8197db33, command=[]} | ret=SUCCESS |  
2019-08-23 09:14:44,535 | INFO  | SCMAudit | user=jenkins1000 | ip=192.168.69.105 | op=SEND_HEARTBEAT {datanodeUUID=41b9b824-85d6-416a-bf4a-c5cccd6fce1e, command=[]} | ret=SUCCESS |  
2019-08-23 09:14:44,650 | INFO  | SCMAudit | user=jenkins1000 | ip=192.168.69.105 | op=SEND_HEARTBEAT {datanodeUUID=6db0b5b4-33e5-45b9-ab7c-8a068485ef09, command=[]} | ret=SUCCESS |  
2019-08-23 09:14:44,940 | INFO  | SCMAudit | user=jenkins1000 | ip=192.168.69.105 | op=SEND_HEARTBEAT {datanodeUUID=0a284024-13d6-46ed-b1db-6a3886ae2776, command=[]} | ret=SUCCESS |  
2019-08-23 09:14:45,051 | INFO  | SCMAudit | user=jenkins1000 | ip=192.168.69.105 | op=SEND_HEARTBEAT {datanodeUUID=e3f86e53-8f15-4a09-b253-90a30ace4ba2, command=[]} | ret=SUCCESS |  
2019-08-23 09:14:45,444 | INFO  | SCMAudit | user=jenkins1000 | ip=192.168.69.105 | op=SEND_HEARTBEAT {datanodeUUID=480da6fd-5cad-42f6-a3a8-03ebe6e9ed72, command=[]} | ret=SUCCESS |  
2019-08-23 09:14:45,504 | INFO  | SCMAudit | user=jenkins1000 | ip=192.168.69.105 | op=SEND_HEARTBEAT {datanodeUUID=06d76673-acfc-4852-ba17-8edfd4d37f5d, command=[]} | ret=SUCCESS |  
2019-08-23 09:14:45,527 | INFO  | SCMAudit | user=jenkins1000 | ip=192.168.69.105 | op=SEND_HEARTBEAT {datanodeUUID=ce3b71d6-803c-4999-98a7-ed3c8197db33, command=[]} | ret=SUCCESS |  
2019-08-23 09:14:45,535 | INFO  | SCMAudit | user=jenkins1000 | ip=192.168.69.105 | op=SEND_HEARTBEAT {datanodeUUID=41b9b824-85d6-416a-bf4a-c5cccd6fce1e, command=[]} | ret=SUCCESS |  
2019-08-23 09:14:45,650 | INFO  | SCMAudit | user=jenkins1000 | ip=192.168.69.105 | op=SEND_HEARTBEAT {datanodeUUID=6db0b5b4-33e5-45b9-ab7c-8a068485ef09, command=[]} | ret=SUCCESS |  
2019-08-23 09:14:45,940 | INFO  | SCMAudit | user=jenkins1000 | ip=192.168.69.105 | op=SEND_HEARTBEAT {datanodeUUID=0a284024-13d6-46ed-b1db-6a3886ae2776, command=[]} | ret=SUCCESS |  
2019-08-23 09:14:46,008 [grpc-default-executor-2] INFO  client.GrpcClientProtocolClient (GrpcClientProtocolClient.java:onNext(255)) - client-E82DA6E02431->41b9b824-85d6-416a-bf4a-c5cccd6fce1e: receive RaftClientReply:client-E82DA6E02431->41b9b824-85d6-416a-bf4a-c5cccd6fce1e@group-73033864ACD7, cid=45, FAILED org.apache.ratis.protocol.NotLeaderException: Server 41b9b824-85d6-416a-bf4a-c5cccd6fce1e is not the leader (06d76673-acfc-4852-ba17-8edfd4d37f5d:192.168.69.105:42001). Request must be sent to leader., logIndex=0, commits[41b9b824-85d6-416a-bf4a-c5cccd6fce1e:c8, ce3b71d6-803c-4999-98a7-ed3c8197db33:c8, 06d76673-acfc-4852-ba17-8edfd4d37f5d:c8]
2019-08-23 09:14:46,052 | INFO  | SCMAudit | user=jenkins1000 | ip=192.168.69.105 | op=SEND_HEARTBEAT {datanodeUUID=e3f86e53-8f15-4a09-b253-90a30ace4ba2, command=[]} | ret=SUCCESS |  
2019-08-23 09:14:46,443 | INFO  | SCMAudit | user=jenkins1000 | ip=192.168.69.105 | op=SEND_HEARTBEAT {datanodeUUID=480da6fd-5cad-42f6-a3a8-03ebe6e9ed72, command=[]} | ret=SUCCESS |  
2019-08-23 09:14:46,504 | INFO  | SCMAudit | user=jenkins1000 | ip=192.168.69.105 | op=SEND_HEARTBEAT {datanodeUUID=06d76673-acfc-4852-ba17-8edfd4d37f5d, command=[]} | ret=SUCCESS |  
2019-08-23 09:14:46,527 | INFO  | SCMAudit | user=jenkins1000 | ip=192.168.69.105 | op=SEND_HEARTBEAT {datanodeUUID=ce3b71d6-803c-4999-98a7-ed3c8197db33, command=[]} | ret=SUCCESS |  
2019-08-23 09:14:46,535 | INFO  | SCMAudit | user=jenkins1000 | ip=192.168.69.105 | op=SEND_HEARTBEAT {datanodeUUID=41b9b824-85d6-416a-bf4a-c5cccd6fce1e, command=[]} | ret=SUCCESS |  
2019-08-23 09:14:46,650 | INFO  | SCMAudit | user=jenkins1000 | ip=192.168.69.105 | op=SEND_HEARTBEAT {datanodeUUID=6db0b5b4-33e5-45b9-ab7c-8a068485ef09, command=[]} | ret=SUCCESS |  
2019-08-23 09:14:46,941 | INFO  | SCMAudit | user=jenkins1000 | ip=192.168.69.105 | op=SEND_HEARTBEAT {datanodeUUID=0a284024-13d6-46ed-b1db-6a3886ae2776, command=[]} | ret=SUCCESS |  
2019-08-23 09:14:47,052 | INFO  | SCMAudit | user=jenkins1000 | ip=192.168.69.105 | op=SEND_HEARTBEAT {datanodeUUID=e3f86e53-8f15-4a09-b253-90a30ace4ba2, command=[]} | ret=SUCCESS |  
2019-08-23 09:14:47,444 | INFO  | SCMAudit | user=jenkins1000 | ip=192.168.69.105 | op=SEND_HEARTBEAT {datanodeUUID=480da6fd-5cad-42f6-a3a8-03ebe6e9ed72, command=[]} | ret=SUCCESS |  
2019-08-23 09:14:47,504 | INFO  | SCMAudit | user=jenkins1000 | ip=192.168.69.105 | op=SEND_HEARTBEAT {datanodeUUID=06d76673-acfc-4852-ba17-8edfd4d37f5d, command=[]} | ret=SUCCESS |  
2019-08-23 09:14:47,527 | INFO  | SCMAudit | user=jenkins1000 | ip=192.168.69.105 | op=SEND_HEARTBEAT {datanodeUUID=ce3b71d6-803c-4999-98a7-ed3c8197db33, command=[]} | ret=SUCCESS |  
2019-08-23 09:14:47,536 | INFO  | SCMAudit | user=jenkins1000 | ip=192.168.69.105 | op=SEND_HEARTBEAT {datanodeUUID=41b9b824-85d6-416a-bf4a-c5cccd6fce1e, command=[]} | ret=SUCCESS |  
2019-08-23 09:14:47,650 | INFO  | SCMAudit | user=jenkins1000 | ip=192.168.69.105 | op=SEND_HEARTBEAT {datanodeUUID=6db0b5b4-33e5-45b9-ab7c-8a068485ef09, command=[]} | ret=SUCCESS |  
2019-08-23 09:14:47,940 | INFO  | SCMAudit | user=jenkins1000 | ip=192.168.69.105 | op=SEND_HEARTBEAT {datanodeUUID=0a284024-13d6-46ed-b1db-6a3886ae2776, command=[]} | ret=SUCCESS |  
2019-08-23 09:14:48,053 | INFO  | SCMAudit | user=jenkins1000 | ip=192.168.69.105 | op=SEND_HEARTBEAT {datanodeUUID=e3f86e53-8f15-4a09-b253-90a30ace4ba2, command=[]} | ret=SUCCESS |  
2019-08-23 09:14:48,443 | INFO  | SCMAudit | user=jenkins1000 | ip=192.168.69.105 | op=SEND_HEARTBEAT {datanodeUUID=480da6fd-5cad-42f6-a3a8-03ebe6e9ed72, command=[]} | ret=SUCCESS |  
2019-08-23 09:14:48,504 | INFO  | SCMAudit | user=jenkins1000 | ip=192.168.69.105 | op=SEND_HEARTBEAT {datanodeUUID=06d76673-acfc-4852-ba17-8edfd4d37f5d, command=[]} | ret=SUCCESS |  
2019-08-23 09:14:48,528 | INFO  | SCMAudit | user=jenkins1000 | ip=192.168.69.105 | op=SEND_HEARTBEAT {datanodeUUID=ce3b71d6-803c-4999-98a7-ed3c8197db33, command=[]} | ret=SUCCESS |  
2019-08-23 09:14:48,536 | INFO  | SCMAudit | user=jenkins1000 | ip=192.168.69.105 | op=SEND_HEARTBEAT {datanodeUUID=41b9b824-85d6-416a-bf4a-c5cccd6fce1e, command=[]} | ret=SUCCESS |  
2019-08-23 09:14:48,650 | INFO  | SCMAudit | user=jenkins1000 | ip=192.168.69.105 | op=SEND_HEARTBEAT {datanodeUUID=6db0b5b4-33e5-45b9-ab7c-8a068485ef09, command=[]} | ret=SUCCESS |  
2019-08-23 09:14:48,940 | INFO  | SCMAudit | user=jenkins1000 | ip=192.168.69.105 | op=SEND_HEARTBEAT {datanodeUUID=0a284024-13d6-46ed-b1db-6a3886ae2776, command=[]} | ret=SUCCESS |  
2019-08-23 09:14:49,053 | INFO  | SCMAudit | user=jenkins1000 | ip=192.168.69.105 | op=SEND_HEARTBEAT {datanodeUUID=e3f86e53-8f15-4a09-b253-90a30ace4ba2, command=[]} | ret=SUCCESS |  
2019-08-23 09:14:49,443 | INFO  | SCMAudit | user=jenkins1000 | ip=192.168.69.105 | op=SEND_HEARTBEAT {datanodeUUID=480da6fd-5cad-42f6-a3a8-03ebe6e9ed72, command=[]} | ret=SUCCESS |  
2019-08-23 09:14:49,504 | INFO  | SCMAudit | user=jenkins1000 | ip=192.168.69.105 | op=SEND_HEARTBEAT {datanodeUUID=06d76673-acfc-4852-ba17-8edfd4d37f5d, command=[]} | ret=SUCCESS |  
2019-08-23 09:14:49,528 | INFO  | SCMAudit | user=jenkins1000 | ip=192.168.69.105 | op=SEND_HEARTBEAT {datanodeUUID=ce3b71d6-803c-4999-98a7-ed3c8197db33, command=[]} | ret=SUCCESS |  
2019-08-23 09:14:49,537 | INFO  | SCMAudit | user=jenkins1000 | ip=192.168.69.105 | op=SEND_HEARTBEAT {datanodeUUID=41b9b824-85d6-416a-bf4a-c5cccd6fce1e, command=[]} | ret=SUCCESS |  
2019-08-23 09:14:49,651 | INFO  | SCMAudit | user=jenkins1000 | ip=192.168.69.105 | op=SEND_HEARTBEAT {datanodeUUID=6db0b5b4-33e5-45b9-ab7c-8a068485ef09, command=[]} | ret=SUCCESS |  
2019-08-23 09:14:49,941 | INFO  | SCMAudit | user=jenkins1000 | ip=192.168.69.105 | op=SEND_HEARTBEAT {datanodeUUID=0a284024-13d6-46ed-b1db-6a3886ae2776, command=[]} | ret=SUCCESS |  
2019-08-23 09:14:50,054 | INFO  | SCMAudit | user=jenkins1000 | ip=192.168.69.105 | op=SEND_HEARTBEAT {datanodeUUID=e3f86e53-8f15-4a09-b253-90a30ace4ba2, command=[]} | ret=SUCCESS |  
2019-08-23 09:14:50,444 | INFO  | SCMAudit | user=jenkins1000 | ip=192.168.69.105 | op=SEND_HEARTBEAT {datanodeUUID=480da6fd-5cad-42f6-a3a8-03ebe6e9ed72, command=[]} | ret=SUCCESS |  
2019-08-23 09:14:50,504 | INFO  | SCMAudit | user=jenkins1000 | ip=192.168.69.105 | op=SEND_HEARTBEAT {datanodeUUID=06d76673-acfc-4852-ba17-8edfd4d37f5d, command=[]} | ret=SUCCESS |  
2019-08-23 09:14:50,528 | INFO  | SCMAudit | user=jenkins1000 | ip=192.168.69.105 | op=SEND_HEARTBEAT {datanodeUUID=ce3b71d6-803c-4999-98a7-ed3c8197db33, command=[]} | ret=SUCCESS |  
2019-08-23 09:14:50,537 | INFO  | SCMAudit | user=jenkins1000 | ip=192.168.69.105 | op=SEND_HEARTBEAT {datanodeUUID=41b9b824-85d6-416a-bf4a-c5cccd6fce1e, command=[]} | ret=SUCCESS |  
2019-08-23 09:14:50,651 | INFO  | SCMAudit | user=jenkins1000 | ip=192.168.69.105 | op=SEND_HEARTBEAT {datanodeUUID=6db0b5b4-33e5-45b9-ab7c-8a068485ef09, command=[]} | ret=SUCCESS |  
2019-08-23 09:14:50,940 | INFO  | SCMAudit | user=jenkins1000 | ip=192.168.69.105 | op=SEND_HEARTBEAT {datanodeUUID=0a284024-13d6-46ed-b1db-6a3886ae2776, command=[]} | ret=SUCCESS |  
2019-08-23 09:14:51,049 [grpc-default-executor-2] INFO  client.GrpcClientProtocolClient (GrpcClientProtocolClient.java:onNext(255)) - client-E82DA6E02431->ce3b71d6-803c-4999-98a7-ed3c8197db33: receive RaftClientReply:client-E82DA6E02431->ce3b71d6-803c-4999-98a7-ed3c8197db33@group-73033864ACD7, cid=45, FAILED org.apache.ratis.protocol.NotLeaderException: Server ce3b71d6-803c-4999-98a7-ed3c8197db33 is not the leader (06d76673-acfc-4852-ba17-8edfd4d37f5d:192.168.69.105:42001). Request must be sent to leader., logIndex=0, commits[ce3b71d6-803c-4999-98a7-ed3c8197db33:c8, 41b9b824-85d6-416a-bf4a-c5cccd6fce1e:c8, 06d76673-acfc-4852-ba17-8edfd4d37f5d:c8]
2019-08-23 09:14:51,060 | INFO  | SCMAudit | user=jenkins1000 | ip=192.168.69.105 | op=SEND_HEARTBEAT {datanodeUUID=e3f86e53-8f15-4a09-b253-90a30ace4ba2, command=[]} | ret=SUCCESS |  
2019-08-23 09:14:51,444 | INFO  | SCMAudit | user=jenkins1000 | ip=192.168.69.105 | op=SEND_HEARTBEAT {datanodeUUID=480da6fd-5cad-42f6-a3a8-03ebe6e9ed72, command=[]} | ret=SUCCESS |  
2019-08-23 09:14:51,505 | INFO  | SCMAudit | user=jenkins1000 | ip=192.168.69.105 | op=SEND_HEARTBEAT {datanodeUUID=06d76673-acfc-4852-ba17-8edfd4d37f5d, command=[]} | ret=SUCCESS |  
2019-08-23 09:14:51,529 | INFO  | SCMAudit | user=jenkins1000 | ip=192.168.69.105 | op=SEND_HEARTBEAT {datanodeUUID=ce3b71d6-803c-4999-98a7-ed3c8197db33, command=[]} | ret=SUCCESS |  
2019-08-23 09:14:51,537 | INFO  | SCMAudit | user=jenkins1000 | ip=192.168.69.105 | op=SEND_HEARTBEAT {datanodeUUID=41b9b824-85d6-416a-bf4a-c5cccd6fce1e, command=[]} | ret=SUCCESS |  
2019-08-23 09:14:51,651 | INFO  | SCMAudit | user=jenkins1000 | ip=192.168.69.105 | op=SEND_HEARTBEAT {datanodeUUID=6db0b5b4-33e5-45b9-ab7c-8a068485ef09, command=[]} | ret=SUCCESS |  
2019-08-23 09:14:51,940 | INFO  | SCMAudit | user=jenkins1000 | ip=192.168.69.105 | op=SEND_HEARTBEAT {datanodeUUID=0a284024-13d6-46ed-b1db-6a3886ae2776, command=[]} | ret=SUCCESS |  
2019-08-23 09:14:52,054 | INFO  | SCMAudit | user=jenkins1000 | ip=192.168.69.105 | op=SEND_HEARTBEAT {datanodeUUID=e3f86e53-8f15-4a09-b253-90a30ace4ba2, command=[]} | ret=SUCCESS |  
2019-08-23 09:14:52,444 | INFO  | SCMAudit | user=jenkins1000 | ip=192.168.69.105 | op=SEND_HEARTBEAT {datanodeUUID=480da6fd-5cad-42f6-a3a8-03ebe6e9ed72, command=[]} | ret=SUCCESS |  
2019-08-23 09:14:52,508 | INFO  | SCMAudit | user=jenkins1000 | ip=192.168.69.105 | op=SEND_HEARTBEAT {datanodeUUID=06d76673-acfc-4852-ba17-8edfd4d37f5d, command=[]} | ret=SUCCESS |  
2019-08-23 09:14:52,530 | INFO  | SCMAudit | user=jenkins1000 | ip=192.168.69.105 | op=SEND_HEARTBEAT {datanodeUUID=ce3b71d6-803c-4999-98a7-ed3c8197db33, command=[]} | ret=SUCCESS |  
2019-08-23 09:14:52,537 | INFO  | SCMAudit | user=jenkins1000 | ip=192.168.69.105 | op=SEND_HEARTBEAT {datanodeUUID=41b9b824-85d6-416a-bf4a-c5cccd6fce1e, command=[]} | ret=SUCCESS |  
2019-08-23 09:14:52,652 | INFO  | SCMAudit | user=jenkins1000 | ip=192.168.69.105 | op=SEND_HEARTBEAT {datanodeUUID=6db0b5b4-33e5-45b9-ab7c-8a068485ef09, command=[]} | ret=SUCCESS |  
2019-08-23 09:14:52,941 | INFO  | SCMAudit | user=jenkins1000 | ip=192.168.69.105 | op=SEND_HEARTBEAT {datanodeUUID=0a284024-13d6-46ed-b1db-6a3886ae2776, command=[]} | ret=SUCCESS |  
2019-08-23 09:14:53,054 | INFO  | SCMAudit | user=jenkins1000 | ip=192.168.69.105 | op=SEND_HEARTBEAT {datanodeUUID=e3f86e53-8f15-4a09-b253-90a30ace4ba2, command=[]} | ret=SUCCESS |  
2019-08-23 09:14:53,445 | INFO  | SCMAudit | user=jenkins1000 | ip=192.168.69.105 | op=SEND_HEARTBEAT {datanodeUUID=480da6fd-5cad-42f6-a3a8-03ebe6e9ed72, command=[]} | ret=SUCCESS |  
2019-08-23 09:14:53,512 | INFO  | SCMAudit | user=jenkins1000 | ip=192.168.69.105 | op=SEND_HEARTBEAT {datanodeUUID=06d76673-acfc-4852-ba17-8edfd4d37f5d, command=[]} | ret=SUCCESS |  
2019-08-23 09:14:53,534 | INFO  | SCMAudit | user=jenkins1000 | ip=192.168.69.105 | op=SEND_HEARTBEAT {datanodeUUID=ce3b71d6-803c-4999-98a7-ed3c8197db33, command=[]} | ret=SUCCESS |  
2019-08-23 09:14:53,537 | INFO  | SCMAudit | user=jenkins1000 | ip=192.168.69.105 | op=SEND_HEARTBEAT {datanodeUUID=41b9b824-85d6-416a-bf4a-c5cccd6fce1e, command=[]} | ret=SUCCESS |  
2019-08-23 09:14:53,652 | INFO  | SCMAudit | user=jenkins1000 | ip=192.168.69.105 | op=SEND_HEARTBEAT {datanodeUUID=6db0b5b4-33e5-45b9-ab7c-8a068485ef09, command=[]} | ret=SUCCESS |  
2019-08-23 09:14:53,942 | INFO  | SCMAudit | user=jenkins1000 | ip=192.168.69.105 | op=SEND_HEARTBEAT {datanodeUUID=0a284024-13d6-46ed-b1db-6a3886ae2776, command=[]} | ret=SUCCESS |  
2019-08-23 09:14:54,054 | INFO  | SCMAudit | user=jenkins1000 | ip=192.168.69.105 | op=SEND_HEARTBEAT {datanodeUUID=e3f86e53-8f15-4a09-b253-90a30ace4ba2, command=[]} | ret=SUCCESS |  
2019-08-23 09:14:54,444 | INFO  | SCMAudit | user=jenkins1000 | ip=192.168.69.105 | op=SEND_HEARTBEAT {datanodeUUID=480da6fd-5cad-42f6-a3a8-03ebe6e9ed72, command=[]} | ret=SUCCESS |  
2019-08-23 09:14:54,512 | INFO  | SCMAudit | user=jenkins1000 | ip=192.168.69.105 | op=SEND_HEARTBEAT {datanodeUUID=06d76673-acfc-4852-ba17-8edfd4d37f5d, command=[]} | ret=SUCCESS |  
2019-08-23 09:14:54,534 | INFO  | SCMAudit | user=jenkins1000 | ip=192.168.69.105 | op=SEND_HEARTBEAT {datanodeUUID=ce3b71d6-803c-4999-98a7-ed3c8197db33, command=[]} | ret=SUCCESS |  
2019-08-23 09:14:54,537 | INFO  | SCMAudit | user=jenkins1000 | ip=192.168.69.105 | op=SEND_HEARTBEAT {datanodeUUID=41b9b824-85d6-416a-bf4a-c5cccd6fce1e, command=[]} | ret=SUCCESS |  
2019-08-23 09:14:54,652 | INFO  | SCMAudit | user=jenkins1000 | ip=192.168.69.105 | op=SEND_HEARTBEAT {datanodeUUID=6db0b5b4-33e5-45b9-ab7c-8a068485ef09, command=[]} | ret=SUCCESS |  
2019-08-23 09:14:54,941 | INFO  | SCMAudit | user=jenkins1000 | ip=192.168.69.105 | op=SEND_HEARTBEAT {datanodeUUID=0a284024-13d6-46ed-b1db-6a3886ae2776, command=[]} | ret=SUCCESS |  
2019-08-23 09:14:55,054 | INFO  | SCMAudit | user=jenkins1000 | ip=192.168.69.105 | op=SEND_HEARTBEAT {datanodeUUID=e3f86e53-8f15-4a09-b253-90a30ace4ba2, command=[]} | ret=SUCCESS |  
2019-08-23 09:14:55,444 | INFO  | SCMAudit | user=jenkins1000 | ip=192.168.69.105 | op=SEND_HEARTBEAT {datanodeUUID=480da6fd-5cad-42f6-a3a8-03ebe6e9ed72, command=[]} | ret=SUCCESS |  
2019-08-23 09:14:55,513 | INFO  | SCMAudit | user=jenkins1000 | ip=192.168.69.105 | op=SEND_HEARTBEAT {datanodeUUID=06d76673-acfc-4852-ba17-8edfd4d37f5d, command=[]} | ret=SUCCESS |  
2019-08-23 09:14:55,534 | INFO  | SCMAudit | user=jenkins1000 | ip=192.168.69.105 | op=SEND_HEARTBEAT {datanodeUUID=ce3b71d6-803c-4999-98a7-ed3c8197db33, command=[]} | ret=SUCCESS |  
2019-08-23 09:14:55,537 | INFO  | SCMAudit | user=jenkins1000 | ip=192.168.69.105 | op=SEND_HEARTBEAT {datanodeUUID=41b9b824-85d6-416a-bf4a-c5cccd6fce1e, command=[]} | ret=SUCCESS |  
2019-08-23 09:14:55,652 | INFO  | SCMAudit | user=jenkins1000 | ip=192.168.69.105 | op=SEND_HEARTBEAT {datanodeUUID=6db0b5b4-33e5-45b9-ab7c-8a068485ef09, command=[]} | ret=SUCCESS |  
2019-08-23 09:14:55,942 | INFO  | SCMAudit | user=jenkins1000 | ip=192.168.69.105 | op=SEND_HEARTBEAT {datanodeUUID=0a284024-13d6-46ed-b1db-6a3886ae2776, command=[]} | ret=SUCCESS |  
2019-08-23 09:14:56,054 | INFO  | SCMAudit | user=jenkins1000 | ip=192.168.69.105 | op=SEND_HEARTBEAT {datanodeUUID=e3f86e53-8f15-4a09-b253-90a30ace4ba2, command=[]} | ret=SUCCESS |  
2019-08-23 09:14:56,099 [grpc-default-executor-1] INFO  client.GrpcClientProtocolClient (GrpcClientProtocolClient.java:onNext(255)) - client-E82DA6E02431->ce3b71d6-803c-4999-98a7-ed3c8197db33: receive RaftClientReply:client-E82DA6E02431->ce3b71d6-803c-4999-98a7-ed3c8197db33@group-73033864ACD7, cid=45, FAILED org.apache.ratis.protocol.NotLeaderException: Server ce3b71d6-803c-4999-98a7-ed3c8197db33 is not the leader (06d76673-acfc-4852-ba17-8edfd4d37f5d:192.168.69.105:42001). Request must be sent to leader., logIndex=0, commits[ce3b71d6-803c-4999-98a7-ed3c8197db33:c8, 41b9b824-85d6-416a-bf4a-c5cccd6fce1e:c8, 06d76673-acfc-4852-ba17-8edfd4d37f5d:c8]
2019-08-23 09:14:56,445 | INFO  | SCMAudit | user=jenkins1000 | ip=192.168.69.105 | op=SEND_HEARTBEAT {datanodeUUID=480da6fd-5cad-42f6-a3a8-03ebe6e9ed72, command=[]} | ret=SUCCESS |  
2019-08-23 09:14:56,512 | INFO  | SCMAudit | user=jenkins1000 | ip=192.168.69.105 | op=SEND_HEARTBEAT {datanodeUUID=06d76673-acfc-4852-ba17-8edfd4d37f5d, command=[]} | ret=SUCCESS |  
2019-08-23 09:14:56,534 | INFO  | SCMAudit | user=jenkins1000 | ip=192.168.69.105 | op=SEND_HEARTBEAT {datanodeUUID=ce3b71d6-803c-4999-98a7-ed3c8197db33, command=[]} | ret=SUCCESS |  
2019-08-23 09:14:56,538 | INFO  | SCMAudit | user=jenkins1000 | ip=192.168.69.105 | op=SEND_HEARTBEAT {datanodeUUID=41b9b824-85d6-416a-bf4a-c5cccd6fce1e, command=[]} | ret=SUCCESS |  
2019-08-23 09:14:56,652 | INFO  | SCMAudit | user=jenkins1000 | ip=192.168.69.105 | op=SEND_HEARTBEAT {datanodeUUID=6db0b5b4-33e5-45b9-ab7c-8a068485ef09, command=[]} | ret=SUCCESS |  
2019-08-23 09:14:56,941 | INFO  | SCMAudit | user=jenkins1000 | ip=192.168.69.105 | op=SEND_HEARTBEAT {datanodeUUID=0a284024-13d6-46ed-b1db-6a3886ae2776, command=[]} | ret=SUCCESS |  
2019-08-23 09:14:57,054 | INFO  | SCMAudit | user=jenkins1000 | ip=192.168.69.105 | op=SEND_HEARTBEAT {datanodeUUID=e3f86e53-8f15-4a09-b253-90a30ace4ba2, command=[]} | ret=SUCCESS |  
2019-08-23 09:14:57,445 | INFO  | SCMAudit | user=jenkins1000 | ip=192.168.69.105 | op=SEND_HEARTBEAT {datanodeUUID=480da6fd-5cad-42f6-a3a8-03ebe6e9ed72, command=[]} | ret=SUCCESS |  
2019-08-23 09:14:57,512 | INFO  | SCMAudit | user=jenkins1000 | ip=192.168.69.105 | op=SEND_HEARTBEAT {datanodeUUID=06d76673-acfc-4852-ba17-8edfd4d37f5d, command=[]} | ret=SUCCESS |  
2019-08-23 09:14:57,534 | INFO  | SCMAudit | user=jenkins1000 | ip=192.168.69.105 | op=SEND_HEARTBEAT {datanodeUUID=ce3b71d6-803c-4999-98a7-ed3c8197db33, command=[]} | ret=SUCCESS |  
2019-08-23 09:14:57,538 | INFO  | SCMAudit | user=jenkins1000 | ip=192.168.69.105 | op=SEND_HEARTBEAT {datanodeUUID=41b9b824-85d6-416a-bf4a-c5cccd6fce1e, command=[]} | ret=SUCCESS |  
2019-08-23 09:14:57,652 | INFO  | SCMAudit | user=jenkins1000 | ip=192.168.69.105 | op=SEND_HEARTBEAT {datanodeUUID=6db0b5b4-33e5-45b9-ab7c-8a068485ef09, command=[]} | ret=SUCCESS |  
2019-08-23 09:14:57,941 | INFO  | SCMAudit | user=jenkins1000 | ip=192.168.69.105 | op=SEND_HEARTBEAT {datanodeUUID=0a284024-13d6-46ed-b1db-6a3886ae2776, command=[]} | ret=SUCCESS |  
2019-08-23 09:14:58,055 | INFO  | SCMAudit | user=jenkins1000 | ip=192.168.69.105 | op=SEND_HEARTBEAT {datanodeUUID=e3f86e53-8f15-4a09-b253-90a30ace4ba2, command=[]} | ret=SUCCESS |  
2019-08-23 09:14:58,444 | INFO  | SCMAudit | user=jenkins1000 | ip=192.168.69.105 | op=SEND_HEARTBEAT {datanodeUUID=480da6fd-5cad-42f6-a3a8-03ebe6e9ed72, command=[]} | ret=SUCCESS |  
2019-08-23 09:14:58,512 | INFO  | SCMAudit | user=jenkins1000 | ip=192.168.69.105 | op=SEND_HEARTBEAT {datanodeUUID=06d76673-acfc-4852-ba17-8edfd4d37f5d, command=[]} | ret=SUCCESS |  
2019-08-23 09:14:58,534 | INFO  | SCMAudit | user=jenkins1000 | ip=192.168.69.105 | op=SEND_HEARTBEAT {datanodeUUID=ce3b71d6-803c-4999-98a7-ed3c8197db33, command=[]} | ret=SUCCESS |  
2019-08-23 09:14:58,538 | INFO  | SCMAudit | user=jenkins1000 | ip=192.168.69.105 | op=SEND_HEARTBEAT {datanodeUUID=41b9b824-85d6-416a-bf4a-c5cccd6fce1e, command=[]} | ret=SUCCESS |  
2019-08-23 09:14:58,652 | INFO  | SCMAudit | user=jenkins1000 | ip=192.168.69.105 | op=SEND_HEARTBEAT {datanodeUUID=6db0b5b4-33e5-45b9-ab7c-8a068485ef09, command=[]} | ret=SUCCESS |  
2019-08-23 09:14:58,941 | INFO  | SCMAudit | user=jenkins1000 | ip=192.168.69.105 | op=SEND_HEARTBEAT {datanodeUUID=0a284024-13d6-46ed-b1db-6a3886ae2776, command=[]} | ret=SUCCESS |  
2019-08-23 09:14:59,055 | INFO  | SCMAudit | user=jenkins1000 | ip=192.168.69.105 | op=SEND_HEARTBEAT {datanodeUUID=e3f86e53-8f15-4a09-b253-90a30ace4ba2, command=[]} | ret=SUCCESS |  
2019-08-23 09:14:59,445 | INFO  | SCMAudit | user=jenkins1000 | ip=192.168.69.105 | op=SEND_HEARTBEAT {datanodeUUID=480da6fd-5cad-42f6-a3a8-03ebe6e9ed72, command=[]} | ret=SUCCESS |  
2019-08-23 09:14:59,513 | INFO  | SCMAudit | user=jenkins1000 | ip=192.168.69.105 | op=SEND_HEARTBEAT {datanodeUUID=06d76673-acfc-4852-ba17-8edfd4d37f5d, command=[]} | ret=SUCCESS |  
2019-08-23 09:14:59,534 | INFO  | SCMAudit | user=jenkins1000 | ip=192.168.69.105 | op=SEND_HEARTBEAT {datanodeUUID=ce3b71d6-803c-4999-98a7-ed3c8197db33, command=[]} | ret=SUCCESS |  
2019-08-23 09:14:59,538 | INFO  | SCMAudit | user=jenkins1000 | ip=192.168.69.105 | op=SEND_HEARTBEAT {datanodeUUID=41b9b824-85d6-416a-bf4a-c5cccd6fce1e, command=[]} | ret=SUCCESS |  
2019-08-23 09:14:59,652 | INFO  | SCMAudit | user=jenkins1000 | ip=192.168.69.105 | op=SEND_HEARTBEAT {datanodeUUID=6db0b5b4-33e5-45b9-ab7c-8a068485ef09, command=[]} | ret=SUCCESS |  
2019-08-23 09:14:59,942 | INFO  | SCMAudit | user=jenkins1000 | ip=192.168.69.105 | op=SEND_HEARTBEAT {datanodeUUID=0a284024-13d6-46ed-b1db-6a3886ae2776, command=[]} | ret=SUCCESS |  
2019-08-23 09:15:00,055 | INFO  | SCMAudit | user=jenkins1000 | ip=192.168.69.105 | op=SEND_HEARTBEAT {datanodeUUID=e3f86e53-8f15-4a09-b253-90a30ace4ba2, command=[]} | ret=SUCCESS |  
2019-08-23 09:15:00,445 | INFO  | SCMAudit | user=jenkins1000 | ip=192.168.69.105 | op=SEND_HEARTBEAT {datanodeUUID=480da6fd-5cad-42f6-a3a8-03ebe6e9ed72, command=[]} | ret=SUCCESS |  
2019-08-23 09:15:00,512 | INFO  | SCMAudit | user=jenkins1000 | ip=192.168.69.105 | op=SEND_HEARTBEAT {datanodeUUID=06d76673-acfc-4852-ba17-8edfd4d37f5d, command=[]} | ret=SUCCESS |  
2019-08-23 09:15:00,534 | INFO  | SCMAudit | user=jenkins1000 | ip=192.168.69.105 | op=SEND_HEARTBEAT {datanodeUUID=ce3b71d6-803c-4999-98a7-ed3c8197db33, command=[]} | ret=SUCCESS |  
2019-08-23 09:15:00,538 | INFO  | SCMAudit | user=jenkins1000 | ip=192.168.69.105 | op=SEND_HEARTBEAT {datanodeUUID=41b9b824-85d6-416a-bf4a-c5cccd6fce1e, command=[]} | ret=SUCCESS |  
2019-08-23 09:15:00,652 | INFO  | SCMAudit | user=jenkins1000 | ip=192.168.69.105 | op=SEND_HEARTBEAT {datanodeUUID=6db0b5b4-33e5-45b9-ab7c-8a068485ef09, command=[]} | ret=SUCCESS |  
2019-08-23 09:15:00,941 | INFO  | SCMAudit | user=jenkins1000 | ip=192.168.69.105 | op=SEND_HEARTBEAT {datanodeUUID=0a284024-13d6-46ed-b1db-6a3886ae2776, command=[]} | ret=SUCCESS |  
2019-08-23 09:15:01,055 | INFO  | SCMAudit | user=jenkins1000 | ip=192.168.69.105 | op=SEND_HEARTBEAT {datanodeUUID=e3f86e53-8f15-4a09-b253-90a30ace4ba2, command=[]} | ret=SUCCESS |  
2019-08-23 09:15:01,142 [grpc-default-executor-2] INFO  client.GrpcClientProtocolClient (GrpcClientProtocolClient.java:onNext(255)) - client-E82DA6E02431->41b9b824-85d6-416a-bf4a-c5cccd6fce1e: receive RaftClientReply:client-E82DA6E02431->41b9b824-85d6-416a-bf4a-c5cccd6fce1e@group-73033864ACD7, cid=45, FAILED org.apache.ratis.protocol.NotLeaderException: Server 41b9b824-85d6-416a-bf4a-c5cccd6fce1e is not the leader (06d76673-acfc-4852-ba17-8edfd4d37f5d:192.168.69.105:42001). Request must be sent to leader., logIndex=0, commits[41b9b824-85d6-416a-bf4a-c5cccd6fce1e:c8, ce3b71d6-803c-4999-98a7-ed3c8197db33:c8, 06d76673-acfc-4852-ba17-8edfd4d37f5d:c8]
2019-08-23 09:15:01,446 | INFO  | SCMAudit | user=jenkins1000 | ip=192.168.69.105 | op=SEND_HEARTBEAT {datanodeUUID=480da6fd-5cad-42f6-a3a8-03ebe6e9ed72, command=[]} | ret=SUCCESS |  
2019-08-23 09:15:01,512 | INFO  | SCMAudit | user=jenkins1000 | ip=192.168.69.105 | op=SEND_HEARTBEAT {datanodeUUID=06d76673-acfc-4852-ba17-8edfd4d37f5d, command=[]} | ret=SUCCESS |  
2019-08-23 09:15:01,535 | INFO  | SCMAudit | user=jenkins1000 | ip=192.168.69.105 | op=SEND_HEARTBEAT {datanodeUUID=ce3b71d6-803c-4999-98a7-ed3c8197db33, command=[]} | ret=SUCCESS |  
2019-08-23 09:15:01,538 | INFO  | SCMAudit | user=jenkins1000 | ip=192.168.69.105 | op=SEND_HEARTBEAT {datanodeUUID=41b9b824-85d6-416a-bf4a-c5cccd6fce1e, command=[]} | ret=SUCCESS |  
2019-08-23 09:15:01,653 | INFO  | SCMAudit | user=jenkins1000 | ip=192.168.69.105 | op=SEND_HEARTBEAT {datanodeUUID=6db0b5b4-33e5-45b9-ab7c-8a068485ef09, command=[]} | ret=SUCCESS |  
2019-08-23 09:15:01,941 | INFO  | SCMAudit | user=jenkins1000 | ip=192.168.69.105 | op=SEND_HEARTBEAT {datanodeUUID=0a284024-13d6-46ed-b1db-6a3886ae2776, command=[]} | ret=SUCCESS |  
2019-08-23 09:15:02,055 | INFO  | SCMAudit | user=jenkins1000 | ip=192.168.69.105 | op=SEND_HEARTBEAT {datanodeUUID=e3f86e53-8f15-4a09-b253-90a30ace4ba2, command=[]} | ret=SUCCESS |  
2019-08-23 09:15:02,446 | INFO  | SCMAudit | user=jenkins1000 | ip=192.168.69.105 | op=SEND_HEARTBEAT {datanodeUUID=480da6fd-5cad-42f6-a3a8-03ebe6e9ed72, command=[]} | ret=SUCCESS |  
2019-08-23 09:15:02,513 | INFO  | SCMAudit | user=jenkins1000 | ip=192.168.69.105 | op=SEND_HEARTBEAT {datanodeUUID=06d76673-acfc-4852-ba17-8edfd4d37f5d, command=[]} | ret=SUCCESS |  
2019-08-23 09:15:02,534 | INFO  | SCMAudit | user=jenkins1000 | ip=192.168.69.105 | op=SEND_HEARTBEAT {datanodeUUID=ce3b71d6-803c-4999-98a7-ed3c8197db33, command=[]} | ret=SUCCESS |  
2019-08-23 09:15:02,538 | INFO  | SCMAudit | user=jenkins1000 | ip=192.168.69.105 | op=SEND_HEARTBEAT {datanodeUUID=41b9b824-85d6-416a-bf4a-c5cccd6fce1e, command=[]} | ret=SUCCESS |  
2019-08-23 09:15:02,653 | INFO  | SCMAudit | user=jenkins1000 | ip=192.168.69.105 | op=SEND_HEARTBEAT {datanodeUUID=6db0b5b4-33e5-45b9-ab7c-8a068485ef09, command=[]} | ret=SUCCESS |  
2019-08-23 09:15:02,942 | INFO  | SCMAudit | user=jenkins1000 | ip=192.168.69.105 | op=SEND_HEARTBEAT {datanodeUUID=0a284024-13d6-46ed-b1db-6a3886ae2776, command=[]} | ret=SUCCESS |  
2019-08-23 09:15:03,055 | INFO  | SCMAudit | user=jenkins1000 | ip=192.168.69.105 | op=SEND_HEARTBEAT {datanodeUUID=e3f86e53-8f15-4a09-b253-90a30ace4ba2, command=[]} | ret=SUCCESS |  
2019-08-23 09:15:03,446 | INFO  | SCMAudit | user=jenkins1000 | ip=192.168.69.105 | op=SEND_HEARTBEAT {datanodeUUID=480da6fd-5cad-42f6-a3a8-03ebe6e9ed72, command=[]} | ret=SUCCESS |  
2019-08-23 09:15:03,512 | INFO  | SCMAudit | user=jenkins1000 | ip=192.168.69.105 | op=SEND_HEARTBEAT {datanodeUUID=06d76673-acfc-4852-ba17-8edfd4d37f5d, command=[]} | ret=SUCCESS |  
2019-08-23 09:15:03,534 | INFO  | SCMAudit | user=jenkins1000 | ip=192.168.69.105 | op=SEND_HEARTBEAT {datanodeUUID=ce3b71d6-803c-4999-98a7-ed3c8197db33, command=[]} | ret=SUCCESS |  
2019-08-23 09:15:03,538 | INFO  | SCMAudit | user=jenkins1000 | ip=192.168.69.105 | op=SEND_HEARTBEAT {datanodeUUID=41b9b824-85d6-416a-bf4a-c5cccd6fce1e, command=[]} | ret=SUCCESS |  
2019-08-23 09:15:03,653 | INFO  | SCMAudit | user=jenkins1000 | ip=192.168.69.105 | op=SEND_HEARTBEAT {datanodeUUID=6db0b5b4-33e5-45b9-ab7c-8a068485ef09, command=[]} | ret=SUCCESS |  
2019-08-23 09:15:03,941 | INFO  | SCMAudit | user=jenkins1000 | ip=192.168.69.105 | op=SEND_HEARTBEAT {datanodeUUID=0a284024-13d6-46ed-b1db-6a3886ae2776, command=[]} | ret=SUCCESS |  
2019-08-23 09:15:04,056 | INFO  | SCMAudit | user=jenkins1000 | ip=192.168.69.105 | op=SEND_HEARTBEAT {datanodeUUID=e3f86e53-8f15-4a09-b253-90a30ace4ba2, command=[]} | ret=SUCCESS |  
2019-08-23 09:15:04,447 | INFO  | SCMAudit | user=jenkins1000 | ip=192.168.69.105 | op=SEND_HEARTBEAT {datanodeUUID=480da6fd-5cad-42f6-a3a8-03ebe6e9ed72, command=[]} | ret=SUCCESS |  
2019-08-23 09:15:04,512 | INFO  | SCMAudit | user=jenkins1000 | ip=192.168.69.105 | op=SEND_HEARTBEAT {datanodeUUID=06d76673-acfc-4852-ba17-8edfd4d37f5d, command=[]} | ret=SUCCESS |  
2019-08-23 09:15:04,534 | INFO  | SCMAudit | user=jenkins1000 | ip=192.168.69.105 | op=SEND_HEARTBEAT {datanodeUUID=ce3b71d6-803c-4999-98a7-ed3c8197db33, command=[]} | ret=SUCCESS |  
2019-08-23 09:15:04,539 | INFO  | SCMAudit | user=jenkins1000 | ip=192.168.69.105 | op=SEND_HEARTBEAT {datanodeUUID=41b9b824-85d6-416a-bf4a-c5cccd6fce1e, command=[]} | ret=SUCCESS |  
2019-08-23 09:15:04,653 | INFO  | SCMAudit | user=jenkins1000 | ip=192.168.69.105 | op=SEND_HEARTBEAT {datanodeUUID=6db0b5b4-33e5-45b9-ab7c-8a068485ef09, command=[]} | ret=SUCCESS |  
2019-08-23 09:15:04,941 | INFO  | SCMAudit | user=jenkins1000 | ip=192.168.69.105 | op=SEND_HEARTBEAT {datanodeUUID=0a284024-13d6-46ed-b1db-6a3886ae2776, command=[]} | ret=SUCCESS |  
2019-08-23 09:15:05,056 | INFO  | SCMAudit | user=jenkins1000 | ip=192.168.69.105 | op=SEND_HEARTBEAT {datanodeUUID=e3f86e53-8f15-4a09-b253-90a30ace4ba2, command=[]} | ret=SUCCESS |  
2019-08-23 09:15:05,448 | INFO  | SCMAudit | user=jenkins1000 | ip=192.168.69.105 | op=SEND_HEARTBEAT {datanodeUUID=480da6fd-5cad-42f6-a3a8-03ebe6e9ed72, command=[]} | ret=SUCCESS |  
2019-08-23 09:15:05,513 | INFO  | SCMAudit | user=jenkins1000 | ip=192.168.69.105 | op=SEND_HEARTBEAT {datanodeUUID=06d76673-acfc-4852-ba17-8edfd4d37f5d, command=[]} | ret=SUCCESS |  
2019-08-23 09:15:05,534 | INFO  | SCMAudit | user=jenkins1000 | ip=192.168.69.105 | op=SEND_HEARTBEAT {datanodeUUID=ce3b71d6-803c-4999-98a7-ed3c8197db33, command=[]} | ret=SUCCESS |  
2019-08-23 09:15:05,539 | INFO  | SCMAudit | user=jenkins1000 | ip=192.168.69.105 | op=SEND_HEARTBEAT {datanodeUUID=41b9b824-85d6-416a-bf4a-c5cccd6fce1e, command=[]} | ret=SUCCESS |  
2019-08-23 09:15:05,654 | INFO  | SCMAudit | user=jenkins1000 | ip=192.168.69.105 | op=SEND_HEARTBEAT {datanodeUUID=6db0b5b4-33e5-45b9-ab7c-8a068485ef09, command=[]} | ret=SUCCESS |  
2019-08-23 09:15:05,941 | INFO  | SCMAudit | user=jenkins1000 | ip=192.168.69.105 | op=SEND_HEARTBEAT {datanodeUUID=0a284024-13d6-46ed-b1db-6a3886ae2776, command=[]} | ret=SUCCESS |  
2019-08-23 09:15:06,056 | INFO  | SCMAudit | user=jenkins1000 | ip=192.168.69.105 | op=SEND_HEARTBEAT {datanodeUUID=e3f86e53-8f15-4a09-b253-90a30ace4ba2, command=[]} | ret=SUCCESS |  
2019-08-23 09:15:06,186 [grpc-default-executor-2] INFO  client.GrpcClientProtocolClient (GrpcClientProtocolClient.java:onNext(255)) - client-E82DA6E02431->41b9b824-85d6-416a-bf4a-c5cccd6fce1e: receive RaftClientReply:client-E82DA6E02431->41b9b824-85d6-416a-bf4a-c5cccd6fce1e@group-73033864ACD7, cid=45, FAILED org.apache.ratis.protocol.NotLeaderException: Server 41b9b824-85d6-416a-bf4a-c5cccd6fce1e is not the leader (06d76673-acfc-4852-ba17-8edfd4d37f5d:192.168.69.105:42001). Request must be sent to leader., logIndex=0, commits[41b9b824-85d6-416a-bf4a-c5cccd6fce1e:c8, ce3b71d6-803c-4999-98a7-ed3c8197db33:c8, 06d76673-acfc-4852-ba17-8edfd4d37f5d:c8]
2019-08-23 09:15:06,447 | INFO  | SCMAudit | user=jenkins1000 | ip=192.168.69.105 | op=SEND_HEARTBEAT {datanodeUUID=480da6fd-5cad-42f6-a3a8-03ebe6e9ed72, command=[]} | ret=SUCCESS |  
2019-08-23 09:15:06,512 | INFO  | SCMAudit | user=jenkins1000 | ip=192.168.69.105 | op=SEND_HEARTBEAT {datanodeUUID=06d76673-acfc-4852-ba17-8edfd4d37f5d, command=[]} | ret=SUCCESS |  
2019-08-23 09:15:06,534 | INFO  | SCMAudit | user=jenkins1000 | ip=192.168.69.105 | op=SEND_HEARTBEAT {datanodeUUID=ce3b71d6-803c-4999-98a7-ed3c8197db33, command=[]} | ret=SUCCESS |  
2019-08-23 09:15:06,539 | INFO  | SCMAudit | user=jenkins1000 | ip=192.168.69.105 | op=SEND_HEARTBEAT {datanodeUUID=41b9b824-85d6-416a-bf4a-c5cccd6fce1e, command=[]} | ret=SUCCESS |  
2019-08-23 09:15:06,654 | INFO  | SCMAudit | user=jenkins1000 | ip=192.168.69.105 | op=SEND_HEARTBEAT {datanodeUUID=6db0b5b4-33e5-45b9-ab7c-8a068485ef09, command=[]} | ret=SUCCESS |  
2019-08-23 09:15:06,941 | INFO  | SCMAudit | user=jenkins1000 | ip=192.168.69.105 | op=SEND_HEARTBEAT {datanodeUUID=0a284024-13d6-46ed-b1db-6a3886ae2776, command=[]} | ret=SUCCESS |  
2019-08-23 09:15:07,057 | INFO  | SCMAudit | user=jenkins1000 | ip=192.168.69.105 | op=SEND_HEARTBEAT {datanodeUUID=e3f86e53-8f15-4a09-b253-90a30ace4ba2, command=[]} | ret=SUCCESS |  
2019-08-23 09:15:07,448 | INFO  | SCMAudit | user=jenkins1000 | ip=192.168.69.105 | op=SEND_HEARTBEAT {datanodeUUID=480da6fd-5cad-42f6-a3a8-03ebe6e9ed72, command=[]} | ret=SUCCESS |  
2019-08-23 09:15:07,512 | INFO  | SCMAudit | user=jenkins1000 | ip=192.168.69.105 | op=SEND_HEARTBEAT {datanodeUUID=06d76673-acfc-4852-ba17-8edfd4d37f5d, command=[]} | ret=SUCCESS |  
2019-08-23 09:15:07,534 | INFO  | SCMAudit | user=jenkins1000 | ip=192.168.69.105 | op=SEND_HEARTBEAT {datanodeUUID=ce3b71d6-803c-4999-98a7-ed3c8197db33, command=[]} | ret=SUCCESS |  
2019-08-23 09:15:07,539 | INFO  | SCMAudit | user=jenkins1000 | ip=192.168.69.105 | op=SEND_HEARTBEAT {datanodeUUID=41b9b824-85d6-416a-bf4a-c5cccd6fce1e, command=[]} | ret=SUCCESS |  
2019-08-23 09:15:07,654 | INFO  | SCMAudit | user=jenkins1000 | ip=192.168.69.105 | op=SEND_HEARTBEAT {datanodeUUID=6db0b5b4-33e5-45b9-ab7c-8a068485ef09, command=[]} | ret=SUCCESS |  
2019-08-23 09:15:07,941 | INFO  | SCMAudit | user=jenkins1000 | ip=192.168.69.105 | op=SEND_HEARTBEAT {datanodeUUID=0a284024-13d6-46ed-b1db-6a3886ae2776, command=[]} | ret=SUCCESS |  
2019-08-23 09:15:08,056 | INFO  | SCMAudit | user=jenkins1000 | ip=192.168.69.105 | op=SEND_HEARTBEAT {datanodeUUID=e3f86e53-8f15-4a09-b253-90a30ace4ba2, command=[]} | ret=SUCCESS |  
2019-08-23 09:15:08,447 | INFO  | SCMAudit | user=jenkins1000 | ip=192.168.69.105 | op=SEND_HEARTBEAT {datanodeUUID=480da6fd-5cad-42f6-a3a8-03ebe6e9ed72, command=[]} | ret=SUCCESS |  
2019-08-23 09:15:08,512 | INFO  | SCMAudit | user=jenkins1000 | ip=192.168.69.105 | op=SEND_HEARTBEAT {datanodeUUID=06d76673-acfc-4852-ba17-8edfd4d37f5d, command=[]} | ret=SUCCESS |  
2019-08-23 09:15:08,534 | INFO  | SCMAudit | user=jenkins1000 | ip=192.168.69.105 | op=SEND_HEARTBEAT {datanodeUUID=ce3b71d6-803c-4999-98a7-ed3c8197db33, command=[]} | ret=SUCCESS |  
2019-08-23 09:15:08,539 | INFO  | SCMAudit | user=jenkins1000 | ip=192.168.69.105 | op=SEND_HEARTBEAT {datanodeUUID=41b9b824-85d6-416a-bf4a-c5cccd6fce1e, command=[]} | ret=SUCCESS |  
2019-08-23 09:15:08,655 | INFO  | SCMAudit | user=jenkins1000 | ip=192.168.69.105 | op=SEND_HEARTBEAT {datanodeUUID=6db0b5b4-33e5-45b9-ab7c-8a068485ef09, command=[]} | ret=SUCCESS |  
2019-08-23 09:15:08,943 | INFO  | SCMAudit | user=jenkins1000 | ip=192.168.69.105 | op=SEND_HEARTBEAT {datanodeUUID=0a284024-13d6-46ed-b1db-6a3886ae2776, command=[]} | ret=SUCCESS |  
2019-08-23 09:15:09,057 | INFO  | SCMAudit | user=jenkins1000 | ip=192.168.69.105 | op=SEND_HEARTBEAT {datanodeUUID=e3f86e53-8f15-4a09-b253-90a30ace4ba2, command=[]} | ret=SUCCESS |  
2019-08-23 09:15:09,448 | INFO  | SCMAudit | user=jenkins1000 | ip=192.168.69.105 | op=SEND_HEARTBEAT {datanodeUUID=480da6fd-5cad-42f6-a3a8-03ebe6e9ed72, command=[]} | ret=SUCCESS |  
2019-08-23 09:15:09,512 | INFO  | SCMAudit | user=jenkins1000 | ip=192.168.69.105 | op=SEND_HEARTBEAT {datanodeUUID=06d76673-acfc-4852-ba17-8edfd4d37f5d, command=[]} | ret=SUCCESS |  
2019-08-23 09:15:09,534 | INFO  | SCMAudit | user=jenkins1000 | ip=192.168.69.105 | op=SEND_HEARTBEAT {datanodeUUID=ce3b71d6-803c-4999-98a7-ed3c8197db33, command=[]} | ret=SUCCESS |  
2019-08-23 09:15:09,540 | INFO  | SCMAudit | user=jenkins1000 | ip=192.168.69.105 | op=SEND_HEARTBEAT {datanodeUUID=41b9b824-85d6-416a-bf4a-c5cccd6fce1e, command=[]} | ret=SUCCESS |  
2019-08-23 09:15:09,655 | INFO  | SCMAudit | user=jenkins1000 | ip=192.168.69.105 | op=SEND_HEARTBEAT {datanodeUUID=6db0b5b4-33e5-45b9-ab7c-8a068485ef09, command=[]} | ret=SUCCESS |  
2019-08-23 09:15:09,942 | INFO  | SCMAudit | user=jenkins1000 | ip=192.168.69.105 | op=SEND_HEARTBEAT {datanodeUUID=0a284024-13d6-46ed-b1db-6a3886ae2776, command=[]} | ret=SUCCESS |  
2019-08-23 09:15:10,056 | INFO  | SCMAudit | user=jenkins1000 | ip=192.168.69.105 | op=SEND_HEARTBEAT {datanodeUUID=e3f86e53-8f15-4a09-b253-90a30ace4ba2, command=[]} | ret=SUCCESS |  
2019-08-23 09:15:10,449 | INFO  | SCMAudit | user=jenkins1000 | ip=192.168.69.105 | op=SEND_HEARTBEAT {datanodeUUID=480da6fd-5cad-42f6-a3a8-03ebe6e9ed72, command=[]} | ret=SUCCESS |  
2019-08-23 09:15:10,512 | INFO  | SCMAudit | user=jenkins1000 | ip=192.168.69.105 | op=SEND_HEARTBEAT {datanodeUUID=06d76673-acfc-4852-ba17-8edfd4d37f5d, command=[]} | ret=SUCCESS |  
2019-08-23 09:15:10,534 | INFO  | SCMAudit | user=jenkins1000 | ip=192.168.69.105 | op=SEND_HEARTBEAT {datanodeUUID=ce3b71d6-803c-4999-98a7-ed3c8197db33, command=[]} | ret=SUCCESS |  
2019-08-23 09:15:10,539 | INFO  | SCMAudit | user=jenkins1000 | ip=192.168.69.105 | op=SEND_HEARTBEAT {datanodeUUID=41b9b824-85d6-416a-bf4a-c5cccd6fce1e, command=[]} | ret=SUCCESS |  
2019-08-23 09:15:10,655 | INFO  | SCMAudit | user=jenkins1000 | ip=192.168.69.105 | op=SEND_HEARTBEAT {datanodeUUID=6db0b5b4-33e5-45b9-ab7c-8a068485ef09, command=[]} | ret=SUCCESS |  
2019-08-23 09:15:10,942 | INFO  | SCMAudit | user=jenkins1000 | ip=192.168.69.105 | op=SEND_HEARTBEAT {datanodeUUID=0a284024-13d6-46ed-b1db-6a3886ae2776, command=[]} | ret=SUCCESS |  
2019-08-23 09:15:11,057 | INFO  | SCMAudit | user=jenkins1000 | ip=192.168.69.105 | op=SEND_HEARTBEAT {datanodeUUID=e3f86e53-8f15-4a09-b253-90a30ace4ba2, command=[]} | ret=SUCCESS |  
2019-08-23 09:15:11,241 [grpc-default-executor-1] INFO  client.GrpcClientProtocolClient (GrpcClientProtocolClient.java:onNext(255)) - client-E82DA6E02431->41b9b824-85d6-416a-bf4a-c5cccd6fce1e: receive RaftClientReply:client-E82DA6E02431->41b9b824-85d6-416a-bf4a-c5cccd6fce1e@group-73033864ACD7, cid=45, FAILED org.apache.ratis.protocol.NotLeaderException: Server 41b9b824-85d6-416a-bf4a-c5cccd6fce1e is not the leader (06d76673-acfc-4852-ba17-8edfd4d37f5d:192.168.69.105:42001). Request must be sent to leader., logIndex=0, commits[41b9b824-85d6-416a-bf4a-c5cccd6fce1e:c8, ce3b71d6-803c-4999-98a7-ed3c8197db33:c8, 06d76673-acfc-4852-ba17-8edfd4d37f5d:c8]
2019-08-23 09:15:11,447 | INFO  | SCMAudit | user=jenkins1000 | ip=192.168.69.105 | op=SEND_HEARTBEAT {datanodeUUID=480da6fd-5cad-42f6-a3a8-03ebe6e9ed72, command=[]} | ret=SUCCESS |  
2019-08-23 09:15:11,512 | INFO  | SCMAudit | user=jenkins1000 | ip=192.168.69.105 | op=SEND_HEARTBEAT {datanodeUUID=06d76673-acfc-4852-ba17-8edfd4d37f5d, command=[]} | ret=SUCCESS |  
2019-08-23 09:15:11,534 | INFO  | SCMAudit | user=jenkins1000 | ip=192.168.69.105 | op=SEND_HEARTBEAT {datanodeUUID=ce3b71d6-803c-4999-98a7-ed3c8197db33, command=[]} | ret=SUCCESS |  
2019-08-23 09:15:11,539 | INFO  | SCMAudit | user=jenkins1000 | ip=192.168.69.105 | op=SEND_HEARTBEAT {datanodeUUID=41b9b824-85d6-416a-bf4a-c5cccd6fce1e, command=[]} | ret=SUCCESS |  
2019-08-23 09:15:11,655 | INFO  | SCMAudit | user=jenkins1000 | ip=192.168.69.105 | op=SEND_HEARTBEAT {datanodeUUID=6db0b5b4-33e5-45b9-ab7c-8a068485ef09, command=[]} | ret=SUCCESS |  
2019-08-23 09:15:11,942 | INFO  | SCMAudit | user=jenkins1000 | ip=192.168.69.105 | op=SEND_HEARTBEAT {datanodeUUID=0a284024-13d6-46ed-b1db-6a3886ae2776, command=[]} | ret=SUCCESS |  
2019-08-23 09:15:12,057 | INFO  | SCMAudit | user=jenkins1000 | ip=192.168.69.105 | op=SEND_HEARTBEAT {datanodeUUID=e3f86e53-8f15-4a09-b253-90a30ace4ba2, command=[]} | ret=SUCCESS |  
2019-08-23 09:15:12,447 | INFO  | SCMAudit | user=jenkins1000 | ip=192.168.69.105 | op=SEND_HEARTBEAT {datanodeUUID=480da6fd-5cad-42f6-a3a8-03ebe6e9ed72, command=[]} | ret=SUCCESS |  
2019-08-23 09:15:12,512 | INFO  | SCMAudit | user=jenkins1000 | ip=192.168.69.105 | op=SEND_HEARTBEAT {datanodeUUID=06d76673-acfc-4852-ba17-8edfd4d37f5d, command=[]} | ret=SUCCESS |  
2019-08-23 09:15:12,534 | INFO  | SCMAudit | user=jenkins1000 | ip=192.168.69.105 | op=SEND_HEARTBEAT {datanodeUUID=ce3b71d6-803c-4999-98a7-ed3c8197db33, command=[]} | ret=SUCCESS |  
2019-08-23 09:15:12,539 | INFO  | SCMAudit | user=jenkins1000 | ip=192.168.69.105 | op=SEND_HEARTBEAT {datanodeUUID=41b9b824-85d6-416a-bf4a-c5cccd6fce1e, command=[]} | ret=SUCCESS |  
2019-08-23 09:15:12,655 | INFO  | SCMAudit | user=jenkins1000 | ip=192.168.69.105 | op=SEND_HEARTBEAT {datanodeUUID=6db0b5b4-33e5-45b9-ab7c-8a068485ef09, command=[]} | ret=SUCCESS |  
2019-08-23 09:15:12,943 | INFO  | SCMAudit | user=jenkins1000 | ip=192.168.69.105 | op=SEND_HEARTBEAT {datanodeUUID=0a284024-13d6-46ed-b1db-6a3886ae2776, command=[]} | ret=SUCCESS |  
2019-08-23 09:15:13,057 | INFO  | SCMAudit | user=jenkins1000 | ip=192.168.69.105 | op=SEND_HEARTBEAT {datanodeUUID=e3f86e53-8f15-4a09-b253-90a30ace4ba2, command=[]} | ret=SUCCESS |  
2019-08-23 09:15:13,448 | INFO  | SCMAudit | user=jenkins1000 | ip=192.168.69.105 | op=SEND_HEARTBEAT {datanodeUUID=480da6fd-5cad-42f6-a3a8-03ebe6e9ed72, command=[]} | ret=SUCCESS |  
2019-08-23 09:15:13,513 | INFO  | SCMAudit | user=jenkins1000 | ip=192.168.69.105 | op=SEND_HEARTBEAT {datanodeUUID=06d76673-acfc-4852-ba17-8edfd4d37f5d, command=[]} | ret=SUCCESS |  
2019-08-23 09:15:13,534 | INFO  | SCMAudit | user=jenkins1000 | ip=192.168.69.105 | op=SEND_HEARTBEAT {datanodeUUID=ce3b71d6-803c-4999-98a7-ed3c8197db33, command=[]} | ret=SUCCESS |  
2019-08-23 09:15:13,539 | INFO  | SCMAudit | user=jenkins1000 | ip=192.168.69.105 | op=SEND_HEARTBEAT {datanodeUUID=41b9b824-85d6-416a-bf4a-c5cccd6fce1e, command=[]} | ret=SUCCESS |  
2019-08-23 09:15:13,655 | INFO  | SCMAudit | user=jenkins1000 | ip=192.168.69.105 | op=SEND_HEARTBEAT {datanodeUUID=6db0b5b4-33e5-45b9-ab7c-8a068485ef09, command=[]} | ret=SUCCESS |  
2019-08-23 09:15:13,942 | INFO  | SCMAudit | user=jenkins1000 | ip=192.168.69.105 | op=SEND_HEARTBEAT {datanodeUUID=0a284024-13d6-46ed-b1db-6a3886ae2776, command=[]} | ret=SUCCESS |  
2019-08-23 09:15:14,057 | INFO  | SCMAudit | user=jenkins1000 | ip=192.168.69.105 | op=SEND_HEARTBEAT {datanodeUUID=e3f86e53-8f15-4a09-b253-90a30ace4ba2, command=[]} | ret=SUCCESS |  
2019-08-23 09:15:14,448 | INFO  | SCMAudit | user=jenkins1000 | ip=192.168.69.105 | op=SEND_HEARTBEAT {datanodeUUID=480da6fd-5cad-42f6-a3a8-03ebe6e9ed72, command=[]} | ret=SUCCESS |  
2019-08-23 09:15:14,514 | INFO  | SCMAudit | user=jenkins1000 | ip=192.168.69.105 | op=SEND_HEARTBEAT {datanodeUUID=06d76673-acfc-4852-ba17-8edfd4d37f5d, command=[]} | ret=SUCCESS |  
2019-08-23 09:15:14,534 | INFO  | SCMAudit | user=jenkins1000 | ip=192.168.69.105 | op=SEND_HEARTBEAT {datanodeUUID=ce3b71d6-803c-4999-98a7-ed3c8197db33, command=[]} | ret=SUCCESS |  
2019-08-23 09:15:14,539 | INFO  | SCMAudit | user=jenkins1000 | ip=192.168.69.105 | op=SEND_HEARTBEAT {datanodeUUID=41b9b824-85d6-416a-bf4a-c5cccd6fce1e, command=[]} | ret=SUCCESS |  
2019-08-23 09:15:14,655 | INFO  | SCMAudit | user=jenkins1000 | ip=192.168.69.105 | op=SEND_HEARTBEAT {datanodeUUID=6db0b5b4-33e5-45b9-ab7c-8a068485ef09, command=[]} | ret=SUCCESS |  
2019-08-23 09:15:14,943 | INFO  | SCMAudit | user=jenkins1000 | ip=192.168.69.105 | op=SEND_HEARTBEAT {datanodeUUID=0a284024-13d6-46ed-b1db-6a3886ae2776, command=[]} | ret=SUCCESS |  
2019-08-23 09:15:15,057 | INFO  | SCMAudit | user=jenkins1000 | ip=192.168.69.105 | op=SEND_HEARTBEAT {datanodeUUID=e3f86e53-8f15-4a09-b253-90a30ace4ba2, command=[]} | ret=SUCCESS |  
2019-08-23 09:15:15,448 | INFO  | SCMAudit | user=jenkins1000 | ip=192.168.69.105 | op=SEND_HEARTBEAT {datanodeUUID=480da6fd-5cad-42f6-a3a8-03ebe6e9ed72, command=[]} | ret=SUCCESS |  
2019-08-23 09:15:15,514 | INFO  | SCMAudit | user=jenkins1000 | ip=192.168.69.105 | op=SEND_HEARTBEAT {datanodeUUID=06d76673-acfc-4852-ba17-8edfd4d37f5d, command=[]} | ret=SUCCESS |  
2019-08-23 09:15:15,534 | INFO  | SCMAudit | user=jenkins1000 | ip=192.168.69.105 | op=SEND_HEARTBEAT {datanodeUUID=ce3b71d6-803c-4999-98a7-ed3c8197db33, command=[]} | ret=SUCCESS |  
2019-08-23 09:15:15,540 | INFO  | SCMAudit | user=jenkins1000 | ip=192.168.69.105 | op=SEND_HEARTBEAT {datanodeUUID=41b9b824-85d6-416a-bf4a-c5cccd6fce1e, command=[]} | ret=SUCCESS |  
2019-08-23 09:15:15,655 | INFO  | SCMAudit | user=jenkins1000 | ip=192.168.69.105 | op=SEND_HEARTBEAT {datanodeUUID=6db0b5b4-33e5-45b9-ab7c-8a068485ef09, command=[]} | ret=SUCCESS |  
2019-08-23 09:15:15,942 | INFO  | SCMAudit | user=jenkins1000 | ip=192.168.69.105 | op=SEND_HEARTBEAT {datanodeUUID=0a284024-13d6-46ed-b1db-6a3886ae2776, command=[]} | ret=SUCCESS |  
2019-08-23 09:15:16,058 | INFO  | SCMAudit | user=jenkins1000 | ip=192.168.69.105 | op=SEND_HEARTBEAT {datanodeUUID=e3f86e53-8f15-4a09-b253-90a30ace4ba2, command=[]} | ret=SUCCESS |  
2019-08-23 09:15:16,284 [grpc-default-executor-2] INFO  client.GrpcClientProtocolClient (GrpcClientProtocolClient.java:onNext(255)) - client-E82DA6E02431->41b9b824-85d6-416a-bf4a-c5cccd6fce1e: receive RaftClientReply:client-E82DA6E02431->41b9b824-85d6-416a-bf4a-c5cccd6fce1e@group-73033864ACD7, cid=45, FAILED org.apache.ratis.protocol.NotLeaderException: Server 41b9b824-85d6-416a-bf4a-c5cccd6fce1e is not the leader (06d76673-acfc-4852-ba17-8edfd4d37f5d:192.168.69.105:42001). Request must be sent to leader., logIndex=0, commits[41b9b824-85d6-416a-bf4a-c5cccd6fce1e:c8, ce3b71d6-803c-4999-98a7-ed3c8197db33:c8, 06d76673-acfc-4852-ba17-8edfd4d37f5d:c8]
2019-08-23 09:15:16,448 | INFO  | SCMAudit | user=jenkins1000 | ip=192.168.69.105 | op=SEND_HEARTBEAT {datanodeUUID=480da6fd-5cad-42f6-a3a8-03ebe6e9ed72, command=[]} | ret=SUCCESS |  
2019-08-23 09:15:16,514 | INFO  | SCMAudit | user=jenkins1000 | ip=192.168.69.105 | op=SEND_HEARTBEAT {datanodeUUID=06d76673-acfc-4852-ba17-8edfd4d37f5d, command=[]} | ret=SUCCESS |  
2019-08-23 09:15:16,534 | INFO  | SCMAudit | user=jenkins1000 | ip=192.168.69.105 | op=SEND_HEARTBEAT {datanodeUUID=ce3b71d6-803c-4999-98a7-ed3c8197db33, command=[]} | ret=SUCCESS |  
2019-08-23 09:15:16,541 | INFO  | SCMAudit | user=jenkins1000 | ip=192.168.69.105 | op=SEND_HEARTBEAT {datanodeUUID=41b9b824-85d6-416a-bf4a-c5cccd6fce1e, command=[]} | ret=SUCCESS |  
2019-08-23 09:15:16,656 | INFO  | SCMAudit | user=jenkins1000 | ip=192.168.69.105 | op=SEND_HEARTBEAT {datanodeUUID=6db0b5b4-33e5-45b9-ab7c-8a068485ef09, command=[]} | ret=SUCCESS |  
2019-08-23 09:15:16,943 | INFO  | SCMAudit | user=jenkins1000 | ip=192.168.69.105 | op=SEND_HEARTBEAT {datanodeUUID=0a284024-13d6-46ed-b1db-6a3886ae2776, command=[]} | ret=SUCCESS |  
2019-08-23 09:15:17,058 | INFO  | SCMAudit | user=jenkins1000 | ip=192.168.69.105 | op=SEND_HEARTBEAT {datanodeUUID=e3f86e53-8f15-4a09-b253-90a30ace4ba2, command=[]} | ret=SUCCESS |  
2019-08-23 09:15:17,448 | INFO  | SCMAudit | user=jenkins1000 | ip=192.168.69.105 | op=SEND_HEARTBEAT {datanodeUUID=480da6fd-5cad-42f6-a3a8-03ebe6e9ed72, command=[]} | ret=SUCCESS |  
2019-08-23 09:15:17,516 | INFO  | SCMAudit | user=jenkins1000 | ip=192.168.69.105 | op=SEND_HEARTBEAT {datanodeUUID=06d76673-acfc-4852-ba17-8edfd4d37f5d, command=[]} | ret=SUCCESS |  
2019-08-23 09:15:17,534 | INFO  | SCMAudit | user=jenkins1000 | ip=192.168.69.105 | op=SEND_HEARTBEAT {datanodeUUID=ce3b71d6-803c-4999-98a7-ed3c8197db33, command=[]} | ret=SUCCESS |  
2019-08-23 09:15:17,541 | INFO  | SCMAudit | user=jenkins1000 | ip=192.168.69.105 | op=SEND_HEARTBEAT {datanodeUUID=41b9b824-85d6-416a-bf4a-c5cccd6fce1e, command=[]} | ret=SUCCESS |  
2019-08-23 09:15:17,656 | INFO  | SCMAudit | user=jenkins1000 | ip=192.168.69.105 | op=SEND_HEARTBEAT {datanodeUUID=6db0b5b4-33e5-45b9-ab7c-8a068485ef09, command=[]} | ret=SUCCESS |  
2019-08-23 09:15:17,943 | INFO  | SCMAudit | user=jenkins1000 | ip=192.168.69.105 | op=SEND_HEARTBEAT {datanodeUUID=0a284024-13d6-46ed-b1db-6a3886ae2776, command=[]} | ret=SUCCESS |  
2019-08-23 09:15:18,058 | INFO  | SCMAudit | user=jenkins1000 | ip=192.168.69.105 | op=SEND_HEARTBEAT {datanodeUUID=e3f86e53-8f15-4a09-b253-90a30ace4ba2, command=[]} | ret=SUCCESS |  
2019-08-23 09:15:18,448 | INFO  | SCMAudit | user=jenkins1000 | ip=192.168.69.105 | op=SEND_HEARTBEAT {datanodeUUID=480da6fd-5cad-42f6-a3a8-03ebe6e9ed72, command=[]} | ret=SUCCESS |  
2019-08-23 09:15:18,516 | INFO  | SCMAudit | user=jenkins1000 | ip=192.168.69.105 | op=SEND_HEARTBEAT {datanodeUUID=06d76673-acfc-4852-ba17-8edfd4d37f5d, command=[]} | ret=SUCCESS |  
2019-08-23 09:15:18,534 | INFO  | SCMAudit | user=jenkins1000 | ip=192.168.69.105 | op=SEND_HEARTBEAT {datanodeUUID=ce3b71d6-803c-4999-98a7-ed3c8197db33, command=[]} | ret=SUCCESS |  
2019-08-23 09:15:18,541 | INFO  | SCMAudit | user=jenkins1000 | ip=192.168.69.105 | op=SEND_HEARTBEAT {datanodeUUID=41b9b824-85d6-416a-bf4a-c5cccd6fce1e, command=[]} | ret=SUCCESS |  
2019-08-23 09:15:18,656 | INFO  | SCMAudit | user=jenkins1000 | ip=192.168.69.105 | op=SEND_HEARTBEAT {datanodeUUID=6db0b5b4-33e5-45b9-ab7c-8a068485ef09, command=[]} | ret=SUCCESS |  
2019-08-23 09:15:18,943 | INFO  | SCMAudit | user=jenkins1000 | ip=192.168.69.105 | op=SEND_HEARTBEAT {datanodeUUID=0a284024-13d6-46ed-b1db-6a3886ae2776, command=[]} | ret=SUCCESS |  
2019-08-23 09:15:19,058 | INFO  | SCMAudit | user=jenkins1000 | ip=192.168.69.105 | op=SEND_HEARTBEAT {datanodeUUID=e3f86e53-8f15-4a09-b253-90a30ace4ba2, command=[]} | ret=SUCCESS |  
2019-08-23 09:15:19,449 | INFO  | SCMAudit | user=jenkins1000 | ip=192.168.69.105 | op=SEND_HEARTBEAT {datanodeUUID=480da6fd-5cad-42f6-a3a8-03ebe6e9ed72, command=[]} | ret=SUCCESS |  
2019-08-23 09:15:19,516 | INFO  | SCMAudit | user=jenkins1000 | ip=192.168.69.105 | op=SEND_HEARTBEAT {datanodeUUID=06d76673-acfc-4852-ba17-8edfd4d37f5d, command=[]} | ret=SUCCESS |  
2019-08-23 09:15:19,534 | INFO  | SCMAudit | user=jenkins1000 | ip=192.168.69.105 | op=SEND_HEARTBEAT {datanodeUUID=ce3b71d6-803c-4999-98a7-ed3c8197db33, command=[]} | ret=SUCCESS |  
2019-08-23 09:15:19,541 | INFO  | SCMAudit | user=jenkins1000 | ip=192.168.69.105 | op=SEND_HEARTBEAT {datanodeUUID=41b9b824-85d6-416a-bf4a-c5cccd6fce1e, command=[]} | ret=SUCCESS |  
2019-08-23 09:15:19,656 | INFO  | SCMAudit | user=jenkins1000 | ip=192.168.69.105 | op=SEND_HEARTBEAT {datanodeUUID=6db0b5b4-33e5-45b9-ab7c-8a068485ef09, command=[]} | ret=SUCCESS |  
2019-08-23 09:15:19,944 | INFO  | SCMAudit | user=jenkins1000 | ip=192.168.69.105 | op=SEND_HEARTBEAT {datanodeUUID=0a284024-13d6-46ed-b1db-6a3886ae2776, command=[]} | ret=SUCCESS |  
2019-08-23 09:15:20,058 | INFO  | SCMAudit | user=jenkins1000 | ip=192.168.69.105 | op=SEND_HEARTBEAT {datanodeUUID=e3f86e53-8f15-4a09-b253-90a30ace4ba2, command=[]} | ret=SUCCESS |  
2019-08-23 09:15:20,448 | INFO  | SCMAudit | user=jenkins1000 | ip=192.168.69.105 | op=SEND_HEARTBEAT {datanodeUUID=480da6fd-5cad-42f6-a3a8-03ebe6e9ed72, command=[]} | ret=SUCCESS |  
2019-08-23 09:15:20,516 | INFO  | SCMAudit | user=jenkins1000 | ip=192.168.69.105 | op=SEND_HEARTBEAT {datanodeUUID=06d76673-acfc-4852-ba17-8edfd4d37f5d, command=[]} | ret=SUCCESS |  
2019-08-23 09:15:20,534 | INFO  | SCMAudit | user=jenkins1000 | ip=192.168.69.105 | op=SEND_HEARTBEAT {datanodeUUID=ce3b71d6-803c-4999-98a7-ed3c8197db33, command=[]} | ret=SUCCESS |  
2019-08-23 09:15:20,541 | INFO  | SCMAudit | user=jenkins1000 | ip=192.168.69.105 | op=SEND_HEARTBEAT {datanodeUUID=41b9b824-85d6-416a-bf4a-c5cccd6fce1e, command=[]} | ret=SUCCESS |  
2019-08-23 09:15:20,656 | INFO  | SCMAudit | user=jenkins1000 | ip=192.168.69.105 | op=SEND_HEARTBEAT {datanodeUUID=6db0b5b4-33e5-45b9-ab7c-8a068485ef09, command=[]} | ret=SUCCESS |  
2019-08-23 09:15:20,943 | INFO  | SCMAudit | user=jenkins1000 | ip=192.168.69.105 | op=SEND_HEARTBEAT {datanodeUUID=0a284024-13d6-46ed-b1db-6a3886ae2776, command=[]} | ret=SUCCESS |  
2019-08-23 09:15:21,059 | INFO  | SCMAudit | user=jenkins1000 | ip=192.168.69.105 | op=SEND_HEARTBEAT {datanodeUUID=e3f86e53-8f15-4a09-b253-90a30ace4ba2, command=[]} | ret=SUCCESS |  
2019-08-23 09:15:21,329 [grpc-default-executor-2] INFO  client.GrpcClientProtocolClient (GrpcClientProtocolClient.java:onNext(255)) - client-E82DA6E02431->41b9b824-85d6-416a-bf4a-c5cccd6fce1e: receive RaftClientReply:client-E82DA6E02431->41b9b824-85d6-416a-bf4a-c5cccd6fce1e@group-73033864ACD7, cid=45, FAILED org.apache.ratis.protocol.NotLeaderException: Server 41b9b824-85d6-416a-bf4a-c5cccd6fce1e is not the leader (06d76673-acfc-4852-ba17-8edfd4d37f5d:192.168.69.105:42001). Request must be sent to leader., logIndex=0, commits[41b9b824-85d6-416a-bf4a-c5cccd6fce1e:c8, ce3b71d6-803c-4999-98a7-ed3c8197db33:c8, 06d76673-acfc-4852-ba17-8edfd4d37f5d:c8]
2019-08-23 09:15:21,449 | INFO  | SCMAudit | user=jenkins1000 | ip=192.168.69.105 | op=SEND_HEARTBEAT {datanodeUUID=480da6fd-5cad-42f6-a3a8-03ebe6e9ed72, command=[]} | ret=SUCCESS |  
2019-08-23 09:15:21,515 | INFO  | SCMAudit | user=jenkins1000 | ip=192.168.69.105 | op=SEND_HEARTBEAT {datanodeUUID=06d76673-acfc-4852-ba17-8edfd4d37f5d, command=[]} | ret=SUCCESS |  
2019-08-23 09:15:21,534 | INFO  | SCMAudit | user=jenkins1000 | ip=192.168.69.105 | op=SEND_HEARTBEAT {datanodeUUID=ce3b71d6-803c-4999-98a7-ed3c8197db33, command=[]} | ret=SUCCESS |  
2019-08-23 09:15:21,541 | INFO  | SCMAudit | user=jenkins1000 | ip=192.168.69.105 | op=SEND_HEARTBEAT {datanodeUUID=41b9b824-85d6-416a-bf4a-c5cccd6fce1e, command=[]} | ret=SUCCESS |  
2019-08-23 09:15:21,656 | INFO  | SCMAudit | user=jenkins1000 | ip=192.168.69.105 | op=SEND_HEARTBEAT {datanodeUUID=6db0b5b4-33e5-45b9-ab7c-8a068485ef09, command=[]} | ret=SUCCESS |  
2019-08-23 09:15:21,943 | INFO  | SCMAudit | user=jenkins1000 | ip=192.168.69.105 | op=SEND_HEARTBEAT {datanodeUUID=0a284024-13d6-46ed-b1db-6a3886ae2776, command=[]} | ret=SUCCESS |  
2019-08-23 09:15:22,058 | INFO  | SCMAudit | user=jenkins1000 | ip=192.168.69.105 | op=SEND_HEARTBEAT {datanodeUUID=e3f86e53-8f15-4a09-b253-90a30ace4ba2, command=[]} | ret=SUCCESS |  
2019-08-23 09:15:22,448 | INFO  | SCMAudit | user=jenkins1000 | ip=192.168.69.105 | op=SEND_HEARTBEAT {datanodeUUID=480da6fd-5cad-42f6-a3a8-03ebe6e9ed72, command=[]} | ret=SUCCESS |  
2019-08-23 09:15:22,517 | INFO  | SCMAudit | user=jenkins1000 | ip=192.168.69.105 | op=SEND_HEARTBEAT {datanodeUUID=06d76673-acfc-4852-ba17-8edfd4d37f5d, command=[]} | ret=SUCCESS |  
2019-08-23 09:15:22,534 | INFO  | SCMAudit | user=jenkins1000 | ip=192.168.69.105 | op=SEND_HEARTBEAT {datanodeUUID=ce3b71d6-803c-4999-98a7-ed3c8197db33, command=[]} | ret=SUCCESS |  
2019-08-23 09:15:22,541 | INFO  | SCMAudit | user=jenkins1000 | ip=192.168.69.105 | op=SEND_HEARTBEAT {datanodeUUID=41b9b824-85d6-416a-bf4a-c5cccd6fce1e, command=[]} | ret=SUCCESS |  
2019-08-23 09:15:22,656 | INFO  | SCMAudit | user=jenkins1000 | ip=192.168.69.105 | op=SEND_HEARTBEAT {datanodeUUID=6db0b5b4-33e5-45b9-ab7c-8a068485ef09, command=[]} | ret=SUCCESS |  
2019-08-23 09:15:22,944 | INFO  | SCMAudit | user=jenkins1000 | ip=192.168.69.105 | op=SEND_HEARTBEAT {datanodeUUID=0a284024-13d6-46ed-b1db-6a3886ae2776, command=[]} | ret=SUCCESS |  
2019-08-23 09:15:23,059 | INFO  | SCMAudit | user=jenkins1000 | ip=192.168.69.105 | op=SEND_HEARTBEAT {datanodeUUID=e3f86e53-8f15-4a09-b253-90a30ace4ba2, command=[]} | ret=SUCCESS |  
2019-08-23 09:15:23,449 | INFO  | SCMAudit | user=jenkins1000 | ip=192.168.69.105 | op=SEND_HEARTBEAT {datanodeUUID=480da6fd-5cad-42f6-a3a8-03ebe6e9ed72, command=[]} | ret=SUCCESS |  
2019-08-23 09:15:23,517 | INFO  | SCMAudit | user=jenkins1000 | ip=192.168.69.105 | op=SEND_HEARTBEAT {datanodeUUID=06d76673-acfc-4852-ba17-8edfd4d37f5d, command=[]} | ret=SUCCESS |  
2019-08-23 09:15:23,534 | INFO  | SCMAudit | user=jenkins1000 | ip=192.168.69.105 | op=SEND_HEARTBEAT {datanodeUUID=ce3b71d6-803c-4999-98a7-ed3c8197db33, command=[]} | ret=SUCCESS |  
2019-08-23 09:15:23,542 | INFO  | SCMAudit | user=jenkins1000 | ip=192.168.69.105 | op=SEND_HEARTBEAT {datanodeUUID=41b9b824-85d6-416a-bf4a-c5cccd6fce1e, command=[]} | ret=SUCCESS |  
2019-08-23 09:15:23,656 | INFO  | SCMAudit | user=jenkins1000 | ip=192.168.69.105 | op=SEND_HEARTBEAT {datanodeUUID=6db0b5b4-33e5-45b9-ab7c-8a068485ef09, command=[]} | ret=SUCCESS |  
2019-08-23 09:15:23,943 | INFO  | SCMAudit | user=jenkins1000 | ip=192.168.69.105 | op=SEND_HEARTBEAT {datanodeUUID=0a284024-13d6-46ed-b1db-6a3886ae2776, command=[]} | ret=SUCCESS |  
2019-08-23 09:15:24,059 | INFO  | SCMAudit | user=jenkins1000 | ip=192.168.69.105 | op=SEND_HEARTBEAT {datanodeUUID=e3f86e53-8f15-4a09-b253-90a30ace4ba2, command=[]} | ret=SUCCESS |  
2019-08-23 09:15:24,448 | INFO  | SCMAudit | user=jenkins1000 | ip=192.168.69.105 | op=SEND_HEARTBEAT {datanodeUUID=480da6fd-5cad-42f6-a3a8-03ebe6e9ed72, command=[]} | ret=SUCCESS |  
2019-08-23 09:15:24,518 | INFO  | SCMAudit | user=jenkins1000 | ip=192.168.69.105 | op=SEND_HEARTBEAT {datanodeUUID=06d76673-acfc-4852-ba17-8edfd4d37f5d, command=[]} | ret=SUCCESS |  
2019-08-23 09:15:24,535 | INFO  | SCMAudit | user=jenkins1000 | ip=192.168.69.105 | op=SEND_HEARTBEAT {datanodeUUID=ce3b71d6-803c-4999-98a7-ed3c8197db33, command=[]} | ret=SUCCESS |  
2019-08-23 09:15:24,542 | INFO  | SCMAudit | user=jenkins1000 | ip=192.168.69.105 | op=SEND_HEARTBEAT {datanodeUUID=41b9b824-85d6-416a-bf4a-c5cccd6fce1e, command=[]} | ret=SUCCESS |  
2019-08-23 09:15:24,657 | INFO  | SCMAudit | user=jenkins1000 | ip=192.168.69.105 | op=SEND_HEARTBEAT {datanodeUUID=6db0b5b4-33e5-45b9-ab7c-8a068485ef09, command=[]} | ret=SUCCESS |  
2019-08-23 09:15:24,943 | INFO  | SCMAudit | user=jenkins1000 | ip=192.168.69.105 | op=SEND_HEARTBEAT {datanodeUUID=0a284024-13d6-46ed-b1db-6a3886ae2776, command=[]} | ret=SUCCESS |  
2019-08-23 09:15:25,059 | INFO  | SCMAudit | user=jenkins1000 | ip=192.168.69.105 | op=SEND_HEARTBEAT {datanodeUUID=e3f86e53-8f15-4a09-b253-90a30ace4ba2, command=[]} | ret=SUCCESS |  
2019-08-23 09:15:25,449 | INFO  | SCMAudit | user=jenkins1000 | ip=192.168.69.105 | op=SEND_HEARTBEAT {datanodeUUID=480da6fd-5cad-42f6-a3a8-03ebe6e9ed72, command=[]} | ret=SUCCESS |  
2019-08-23 09:15:25,518 | INFO  | SCMAudit | user=jenkins1000 | ip=192.168.69.105 | op=SEND_HEARTBEAT {datanodeUUID=06d76673-acfc-4852-ba17-8edfd4d37f5d, command=[]} | ret=SUCCESS |  
2019-08-23 09:15:25,536 | INFO  | SCMAudit | user=jenkins1000 | ip=192.168.69.105 | op=SEND_HEARTBEAT {datanodeUUID=ce3b71d6-803c-4999-98a7-ed3c8197db33, command=[]} | ret=SUCCESS |  
2019-08-23 09:15:25,542 | INFO  | SCMAudit | user=jenkins1000 | ip=192.168.69.105 | op=SEND_HEARTBEAT {datanodeUUID=41b9b824-85d6-416a-bf4a-c5cccd6fce1e, command=[]} | ret=SUCCESS |  
2019-08-23 09:15:25,657 | INFO  | SCMAudit | user=jenkins1000 | ip=192.168.69.105 | op=SEND_HEARTBEAT {datanodeUUID=6db0b5b4-33e5-45b9-ab7c-8a068485ef09, command=[]} | ret=SUCCESS |  
2019-08-23 09:15:25,943 | INFO  | SCMAudit | user=jenkins1000 | ip=192.168.69.105 | op=SEND_HEARTBEAT {datanodeUUID=0a284024-13d6-46ed-b1db-6a3886ae2776, command=[]} | ret=SUCCESS |  
2019-08-23 09:15:26,059 | INFO  | SCMAudit | user=jenkins1000 | ip=192.168.69.105 | op=SEND_HEARTBEAT {datanodeUUID=e3f86e53-8f15-4a09-b253-90a30ace4ba2, command=[]} | ret=SUCCESS |  
2019-08-23 09:15:26,373 [grpc-default-executor-2] INFO  client.GrpcClientProtocolClient (GrpcClientProtocolClient.java:onNext(255)) - client-E82DA6E02431->ce3b71d6-803c-4999-98a7-ed3c8197db33: receive RaftClientReply:client-E82DA6E02431->ce3b71d6-803c-4999-98a7-ed3c8197db33@group-73033864ACD7, cid=45, FAILED org.apache.ratis.protocol.NotLeaderException: Server ce3b71d6-803c-4999-98a7-ed3c8197db33 is not the leader (06d76673-acfc-4852-ba17-8edfd4d37f5d:192.168.69.105:42001). Request must be sent to leader., logIndex=0, commits[ce3b71d6-803c-4999-98a7-ed3c8197db33:c8, 41b9b824-85d6-416a-bf4a-c5cccd6fce1e:c8, 06d76673-acfc-4852-ba17-8edfd4d37f5d:c8]
2019-08-23 09:15:26,448 | INFO  | SCMAudit | user=jenkins1000 | ip=192.168.69.105 | op=SEND_HEARTBEAT {datanodeUUID=480da6fd-5cad-42f6-a3a8-03ebe6e9ed72, command=[]} | ret=SUCCESS |  
2019-08-23 09:15:26,519 | INFO  | SCMAudit | user=jenkins1000 | ip=192.168.69.105 | op=SEND_HEARTBEAT {datanodeUUID=06d76673-acfc-4852-ba17-8edfd4d37f5d, command=[]} | ret=SUCCESS |  
2019-08-23 09:15:26,536 | INFO  | SCMAudit | user=jenkins1000 | ip=192.168.69.105 | op=SEND_HEARTBEAT {datanodeUUID=ce3b71d6-803c-4999-98a7-ed3c8197db33, command=[]} | ret=SUCCESS |  
2019-08-23 09:15:26,542 | INFO  | SCMAudit | user=jenkins1000 | ip=192.168.69.105 | op=SEND_HEARTBEAT {datanodeUUID=41b9b824-85d6-416a-bf4a-c5cccd6fce1e, command=[]} | ret=SUCCESS |  
2019-08-23 09:15:26,657 | INFO  | SCMAudit | user=jenkins1000 | ip=192.168.69.105 | op=SEND_HEARTBEAT {datanodeUUID=6db0b5b4-33e5-45b9-ab7c-8a068485ef09, command=[]} | ret=SUCCESS |  
2019-08-23 09:15:26,944 | INFO  | SCMAudit | user=jenkins1000 | ip=192.168.69.105 | op=SEND_HEARTBEAT {datanodeUUID=0a284024-13d6-46ed-b1db-6a3886ae2776, command=[]} | ret=SUCCESS |  
2019-08-23 09:15:27,060 | INFO  | SCMAudit | user=jenkins1000 | ip=192.168.69.105 | op=SEND_HEARTBEAT {datanodeUUID=e3f86e53-8f15-4a09-b253-90a30ace4ba2, command=[]} | ret=SUCCESS |  
2019-08-23 09:15:27,449 | INFO  | SCMAudit | user=jenkins1000 | ip=192.168.69.105 | op=SEND_HEARTBEAT {datanodeUUID=480da6fd-5cad-42f6-a3a8-03ebe6e9ed72, command=[]} | ret=SUCCESS |  
2019-08-23 09:15:27,519 | INFO  | SCMAudit | user=jenkins1000 | ip=192.168.69.105 | op=SEND_HEARTBEAT {datanodeUUID=06d76673-acfc-4852-ba17-8edfd4d37f5d, command=[]} | ret=SUCCESS |  
2019-08-23 09:15:27,536 | INFO  | SCMAudit | user=jenkins1000 | ip=192.168.69.105 | op=SEND_HEARTBEAT {datanodeUUID=ce3b71d6-803c-4999-98a7-ed3c8197db33, command=[]} | ret=SUCCESS |  
2019-08-23 09:15:27,542 | INFO  | SCMAudit | user=jenkins1000 | ip=192.168.69.105 | op=SEND_HEARTBEAT {datanodeUUID=41b9b824-85d6-416a-bf4a-c5cccd6fce1e, command=[]} | ret=SUCCESS |  
2019-08-23 09:15:27,658 | INFO  | SCMAudit | user=jenkins1000 | ip=192.168.69.105 | op=SEND_HEARTBEAT {datanodeUUID=6db0b5b4-33e5-45b9-ab7c-8a068485ef09, command=[]} | ret=SUCCESS |  
2019-08-23 09:15:27,944 | INFO  | SCMAudit | user=jenkins1000 | ip=192.168.69.105 | op=SEND_HEARTBEAT {datanodeUUID=0a284024-13d6-46ed-b1db-6a3886ae2776, command=[]} | ret=SUCCESS |  
2019-08-23 09:15:28,060 | INFO  | SCMAudit | user=jenkins1000 | ip=192.168.69.105 | op=SEND_HEARTBEAT {datanodeUUID=e3f86e53-8f15-4a09-b253-90a30ace4ba2, command=[]} | ret=SUCCESS |  
2019-08-23 09:15:28,448 | INFO  | SCMAudit | user=jenkins1000 | ip=192.168.69.105 | op=SEND_HEARTBEAT {datanodeUUID=480da6fd-5cad-42f6-a3a8-03ebe6e9ed72, command=[]} | ret=SUCCESS |  
2019-08-23 09:15:28,519 | INFO  | SCMAudit | user=jenkins1000 | ip=192.168.69.105 | op=SEND_HEARTBEAT {datanodeUUID=06d76673-acfc-4852-ba17-8edfd4d37f5d, command=[]} | ret=SUCCESS |  
2019-08-23 09:15:28,536 | INFO  | SCMAudit | user=jenkins1000 | ip=192.168.69.105 | op=SEND_HEARTBEAT {datanodeUUID=ce3b71d6-803c-4999-98a7-ed3c8197db33, command=[]} | ret=SUCCESS |  
2019-08-23 09:15:28,542 | INFO  | SCMAudit | user=jenkins1000 | ip=192.168.69.105 | op=SEND_HEARTBEAT {datanodeUUID=41b9b824-85d6-416a-bf4a-c5cccd6fce1e, command=[]} | ret=SUCCESS |  
2019-08-23 09:15:28,658 | INFO  | SCMAudit | user=jenkins1000 | ip=192.168.69.105 | op=SEND_HEARTBEAT {datanodeUUID=6db0b5b4-33e5-45b9-ab7c-8a068485ef09, command=[]} | ret=SUCCESS |  
2019-08-23 09:15:28,944 | INFO  | SCMAudit | user=jenkins1000 | ip=192.168.69.105 | op=SEND_HEARTBEAT {datanodeUUID=0a284024-13d6-46ed-b1db-6a3886ae2776, command=[]} | ret=SUCCESS |  
2019-08-23 09:15:29,060 | INFO  | SCMAudit | user=jenkins1000 | ip=192.168.69.105 | op=SEND_HEARTBEAT {datanodeUUID=e3f86e53-8f15-4a09-b253-90a30ace4ba2, command=[]} | ret=SUCCESS |  
2019-08-23 09:15:29,448 | INFO  | SCMAudit | user=jenkins1000 | ip=192.168.69.105 | op=SEND_HEARTBEAT {datanodeUUID=480da6fd-5cad-42f6-a3a8-03ebe6e9ed72, command=[]} | ret=SUCCESS |  
2019-08-23 09:15:29,519 | INFO  | SCMAudit | user=jenkins1000 | ip=192.168.69.105 | op=SEND_HEARTBEAT {datanodeUUID=06d76673-acfc-4852-ba17-8edfd4d37f5d, command=[]} | ret=SUCCESS |  
2019-08-23 09:15:29,536 | INFO  | SCMAudit | user=jenkins1000 | ip=192.168.69.105 | op=SEND_HEARTBEAT {datanodeUUID=ce3b71d6-803c-4999-98a7-ed3c8197db33, command=[]} | ret=SUCCESS |  
2019-08-23 09:15:29,542 | INFO  | SCMAudit | user=jenkins1000 | ip=192.168.69.105 | op=SEND_HEARTBEAT {datanodeUUID=41b9b824-85d6-416a-bf4a-c5cccd6fce1e, command=[]} | ret=SUCCESS |  
2019-08-23 09:15:29,658 | INFO  | SCMAudit | user=jenkins1000 | ip=192.168.69.105 | op=SEND_HEARTBEAT {datanodeUUID=6db0b5b4-33e5-45b9-ab7c-8a068485ef09, command=[]} | ret=SUCCESS |  
2019-08-23 09:15:29,944 | INFO  | SCMAudit | user=jenkins1000 | ip=192.168.69.105 | op=SEND_HEARTBEAT {datanodeUUID=0a284024-13d6-46ed-b1db-6a3886ae2776, command=[]} | ret=SUCCESS |  
2019-08-23 09:15:30,060 | INFO  | SCMAudit | user=jenkins1000 | ip=192.168.69.105 | op=SEND_HEARTBEAT {datanodeUUID=e3f86e53-8f15-4a09-b253-90a30ace4ba2, command=[]} | ret=SUCCESS |  
2019-08-23 09:15:30,449 | INFO  | SCMAudit | user=jenkins1000 | ip=192.168.69.105 | op=SEND_HEARTBEAT {datanodeUUID=480da6fd-5cad-42f6-a3a8-03ebe6e9ed72, command=[]} | ret=SUCCESS |  
2019-08-23 09:15:30,519 | INFO  | SCMAudit | user=jenkins1000 | ip=192.168.69.105 | op=SEND_HEARTBEAT {datanodeUUID=06d76673-acfc-4852-ba17-8edfd4d37f5d, command=[]} | ret=SUCCESS |  
2019-08-23 09:15:30,536 | INFO  | SCMAudit | user=jenkins1000 | ip=192.168.69.105 | op=SEND_HEARTBEAT {datanodeUUID=ce3b71d6-803c-4999-98a7-ed3c8197db33, command=[]} | ret=SUCCESS |  
2019-08-23 09:15:30,542 | INFO  | SCMAudit | user=jenkins1000 | ip=192.168.69.105 | op=SEND_HEARTBEAT {datanodeUUID=41b9b824-85d6-416a-bf4a-c5cccd6fce1e, command=[]} | ret=SUCCESS |  
2019-08-23 09:15:30,658 | INFO  | SCMAudit | user=jenkins1000 | ip=192.168.69.105 | op=SEND_HEARTBEAT {datanodeUUID=6db0b5b4-33e5-45b9-ab7c-8a068485ef09, command=[]} | ret=SUCCESS |  
2019-08-23 09:15:30,944 | INFO  | SCMAudit | user=jenkins1000 | ip=192.168.69.105 | op=SEND_HEARTBEAT {datanodeUUID=0a284024-13d6-46ed-b1db-6a3886ae2776, command=[]} | ret=SUCCESS |  
2019-08-23 09:15:31,060 | INFO  | SCMAudit | user=jenkins1000 | ip=192.168.69.105 | op=SEND_HEARTBEAT {datanodeUUID=e3f86e53-8f15-4a09-b253-90a30ace4ba2, command=[]} | ret=SUCCESS |  
2019-08-23 09:15:31,413 [grpc-default-executor-1] INFO  client.GrpcClientProtocolClient (GrpcClientProtocolClient.java:onNext(255)) - client-E82DA6E02431->ce3b71d6-803c-4999-98a7-ed3c8197db33: receive RaftClientReply:client-E82DA6E02431->ce3b71d6-803c-4999-98a7-ed3c8197db33@group-73033864ACD7, cid=45, FAILED org.apache.ratis.protocol.NotLeaderException: Server ce3b71d6-803c-4999-98a7-ed3c8197db33 is not the leader (06d76673-acfc-4852-ba17-8edfd4d37f5d:192.168.69.105:42001). Request must be sent to leader., logIndex=0, commits[ce3b71d6-803c-4999-98a7-ed3c8197db33:c8, 41b9b824-85d6-416a-bf4a-c5cccd6fce1e:c8, 06d76673-acfc-4852-ba17-8edfd4d37f5d:c8]
2019-08-23 09:15:31,449 | INFO  | SCMAudit | user=jenkins1000 | ip=192.168.69.105 | op=SEND_HEARTBEAT {datanodeUUID=480da6fd-5cad-42f6-a3a8-03ebe6e9ed72, command=[]} | ret=SUCCESS |  
2019-08-23 09:15:31,519 | INFO  | SCMAudit | user=jenkins1000 | ip=192.168.69.105 | op=SEND_HEARTBEAT {datanodeUUID=06d76673-acfc-4852-ba17-8edfd4d37f5d, command=[]} | ret=SUCCESS |  
2019-08-23 09:15:31,536 | INFO  | SCMAudit | user=jenkins1000 | ip=192.168.69.105 | op=SEND_HEARTBEAT {datanodeUUID=ce3b71d6-803c-4999-98a7-ed3c8197db33, command=[]} | ret=SUCCESS |  
2019-08-23 09:15:31,544 | INFO  | SCMAudit | user=jenkins1000 | ip=192.168.69.105 | op=SEND_HEARTBEAT {datanodeUUID=41b9b824-85d6-416a-bf4a-c5cccd6fce1e, command=[]} | ret=SUCCESS |  
2019-08-23 09:15:31,658 | INFO  | SCMAudit | user=jenkins1000 | ip=192.168.69.105 | op=SEND_HEARTBEAT {datanodeUUID=6db0b5b4-33e5-45b9-ab7c-8a068485ef09, command=[]} | ret=SUCCESS |  
2019-08-23 09:15:31,945 | INFO  | SCMAudit | user=jenkins1000 | ip=192.168.69.105 | op=SEND_HEARTBEAT {datanodeUUID=0a284024-13d6-46ed-b1db-6a3886ae2776, command=[]} | ret=SUCCESS |  
2019-08-23 09:15:32,061 | INFO  | SCMAudit | user=jenkins1000 | ip=192.168.69.105 | op=SEND_HEARTBEAT {datanodeUUID=e3f86e53-8f15-4a09-b253-90a30ace4ba2, command=[]} | ret=SUCCESS |  
2019-08-23 09:15:32,451 | INFO  | SCMAudit | user=jenkins1000 | ip=192.168.69.105 | op=SEND_HEARTBEAT {datanodeUUID=480da6fd-5cad-42f6-a3a8-03ebe6e9ed72, command=[]} | ret=SUCCESS |  
2019-08-23 09:15:32,520 | INFO  | SCMAudit | user=jenkins1000 | ip=192.168.69.105 | op=SEND_HEARTBEAT {datanodeUUID=06d76673-acfc-4852-ba17-8edfd4d37f5d, command=[]} | ret=SUCCESS |  
2019-08-23 09:15:32,536 | INFO  | SCMAudit | user=jenkins1000 | ip=192.168.69.105 | op=SEND_HEARTBEAT {datanodeUUID=ce3b71d6-803c-4999-98a7-ed3c8197db33, command=[]} | ret=SUCCESS |  
2019-08-23 09:15:32,544 | INFO  | SCMAudit | user=jenkins1000 | ip=192.168.69.105 | op=SEND_HEARTBEAT {datanodeUUID=41b9b824-85d6-416a-bf4a-c5cccd6fce1e, command=[]} | ret=SUCCESS |  
2019-08-23 09:15:32,658 | INFO  | SCMAudit | user=jenkins1000 | ip=192.168.69.105 | op=SEND_HEARTBEAT {datanodeUUID=6db0b5b4-33e5-45b9-ab7c-8a068485ef09, command=[]} | ret=SUCCESS |  
2019-08-23 09:15:32,944 | INFO  | SCMAudit | user=jenkins1000 | ip=192.168.69.105 | op=SEND_HEARTBEAT {datanodeUUID=0a284024-13d6-46ed-b1db-6a3886ae2776, command=[]} | ret=SUCCESS |  
2019-08-23 09:15:33,061 | INFO  | SCMAudit | user=jenkins1000 | ip=192.168.69.105 | op=SEND_HEARTBEAT {datanodeUUID=e3f86e53-8f15-4a09-b253-90a30ace4ba2, command=[]} | ret=SUCCESS |  
2019-08-23 09:15:33,451 | INFO  | SCMAudit | user=jenkins1000 | ip=192.168.69.105 | op=SEND_HEARTBEAT {datanodeUUID=480da6fd-5cad-42f6-a3a8-03ebe6e9ed72, command=[]} | ret=SUCCESS |  
2019-08-23 09:15:33,519 | INFO  | SCMAudit | user=jenkins1000 | ip=192.168.69.105 | op=SEND_HEARTBEAT {datanodeUUID=06d76673-acfc-4852-ba17-8edfd4d37f5d, command=[]} | ret=SUCCESS |  
2019-08-23 09:15:33,536 | INFO  | SCMAudit | user=jenkins1000 | ip=192.168.69.105 | op=SEND_HEARTBEAT {datanodeUUID=ce3b71d6-803c-4999-98a7-ed3c8197db33, command=[]} | ret=SUCCESS |  
2019-08-23 09:15:33,545 | INFO  | SCMAudit | user=jenkins1000 | ip=192.168.69.105 | op=SEND_HEARTBEAT {datanodeUUID=41b9b824-85d6-416a-bf4a-c5cccd6fce1e, command=[]} | ret=SUCCESS |  
2019-08-23 09:15:33,658 | INFO  | SCMAudit | user=jenkins1000 | ip=192.168.69.105 | op=SEND_HEARTBEAT {datanodeUUID=6db0b5b4-33e5-45b9-ab7c-8a068485ef09, command=[]} | ret=SUCCESS |  
2019-08-23 09:15:33,944 | INFO  | SCMAudit | user=jenkins1000 | ip=192.168.69.105 | op=SEND_HEARTBEAT {datanodeUUID=0a284024-13d6-46ed-b1db-6a3886ae2776, command=[]} | ret=SUCCESS |  
2019-08-23 09:15:34,061 | INFO  | SCMAudit | user=jenkins1000 | ip=192.168.69.105 | op=SEND_HEARTBEAT {datanodeUUID=e3f86e53-8f15-4a09-b253-90a30ace4ba2, command=[]} | ret=SUCCESS |  
2019-08-23 09:15:34,452 | INFO  | SCMAudit | user=jenkins1000 | ip=192.168.69.105 | op=SEND_HEARTBEAT {datanodeUUID=480da6fd-5cad-42f6-a3a8-03ebe6e9ed72, command=[]} | ret=SUCCESS |  
2019-08-23 09:15:34,519 | INFO  | SCMAudit | user=jenkins1000 | ip=192.168.69.105 | op=SEND_HEARTBEAT {datanodeUUID=06d76673-acfc-4852-ba17-8edfd4d37f5d, command=[]} | ret=SUCCESS |  
2019-08-23 09:15:34,537 | INFO  | SCMAudit | user=jenkins1000 | ip=192.168.69.105 | op=SEND_HEARTBEAT {datanodeUUID=ce3b71d6-803c-4999-98a7-ed3c8197db33, command=[]} | ret=SUCCESS |  
2019-08-23 09:15:34,544 | INFO  | SCMAudit | user=jenkins1000 | ip=192.168.69.105 | op=SEND_HEARTBEAT {datanodeUUID=41b9b824-85d6-416a-bf4a-c5cccd6fce1e, command=[]} | ret=SUCCESS |  
2019-08-23 09:15:34,658 | INFO  | SCMAudit | user=jenkins1000 | ip=192.168.69.105 | op=SEND_HEARTBEAT {datanodeUUID=6db0b5b4-33e5-45b9-ab7c-8a068485ef09, command=[]} | ret=SUCCESS |  
2019-08-23 09:15:34,944 | INFO  | SCMAudit | user=jenkins1000 | ip=192.168.69.105 | op=SEND_HEARTBEAT {datanodeUUID=0a284024-13d6-46ed-b1db-6a3886ae2776, command=[]} | ret=SUCCESS |  
2019-08-23 09:15:35,061 | INFO  | SCMAudit | user=jenkins1000 | ip=192.168.69.105 | op=SEND_HEARTBEAT {datanodeUUID=e3f86e53-8f15-4a09-b253-90a30ace4ba2, command=[]} | ret=SUCCESS |  
2019-08-23 09:15:35,456 | INFO  | SCMAudit | user=jenkins1000 | ip=192.168.69.105 | op=SEND_HEARTBEAT {datanodeUUID=480da6fd-5cad-42f6-a3a8-03ebe6e9ed72, command=[]} | ret=SUCCESS |  
2019-08-23 09:15:35,520 | INFO  | SCMAudit | user=jenkins1000 | ip=192.168.69.105 | op=SEND_HEARTBEAT {datanodeUUID=06d76673-acfc-4852-ba17-8edfd4d37f5d, command=[]} | ret=SUCCESS |  
2019-08-23 09:15:35,538 | INFO  | SCMAudit | user=jenkins1000 | ip=192.168.69.105 | op=SEND_HEARTBEAT {datanodeUUID=ce3b71d6-803c-4999-98a7-ed3c8197db33, command=[]} | ret=SUCCESS |  
2019-08-23 09:15:35,545 | INFO  | SCMAudit | user=jenkins1000 | ip=192.168.69.105 | op=SEND_HEARTBEAT {datanodeUUID=41b9b824-85d6-416a-bf4a-c5cccd6fce1e, command=[]} | ret=SUCCESS |  
2019-08-23 09:15:35,659 | INFO  | SCMAudit | user=jenkins1000 | ip=192.168.69.105 | op=SEND_HEARTBEAT {datanodeUUID=6db0b5b4-33e5-45b9-ab7c-8a068485ef09, command=[]} | ret=SUCCESS |  
2019-08-23 09:15:35,945 | INFO  | SCMAudit | user=jenkins1000 | ip=192.168.69.105 | op=SEND_HEARTBEAT {datanodeUUID=0a284024-13d6-46ed-b1db-6a3886ae2776, command=[]} | ret=SUCCESS |  
2019-08-23 09:15:36,062 | INFO  | SCMAudit | user=jenkins1000 | ip=192.168.69.105 | op=SEND_HEARTBEAT {datanodeUUID=e3f86e53-8f15-4a09-b253-90a30ace4ba2, command=[]} | ret=SUCCESS |  
2019-08-23 09:15:36,453 | INFO  | SCMAudit | user=jenkins1000 | ip=192.168.69.105 | op=SEND_HEARTBEAT {datanodeUUID=480da6fd-5cad-42f6-a3a8-03ebe6e9ed72, command=[]} | ret=SUCCESS |  
2019-08-23 09:15:36,492 [grpc-default-executor-2] INFO  client.GrpcClientProtocolClient (GrpcClientProtocolClient.java:onNext(255)) - client-E82DA6E02431->41b9b824-85d6-416a-bf4a-c5cccd6fce1e: receive RaftClientReply:client-E82DA6E02431->41b9b824-85d6-416a-bf4a-c5cccd6fce1e@group-73033864ACD7, cid=45, FAILED org.apache.ratis.protocol.NotLeaderException: Server 41b9b824-85d6-416a-bf4a-c5cccd6fce1e is not the leader (06d76673-acfc-4852-ba17-8edfd4d37f5d:192.168.69.105:42001). Request must be sent to leader., logIndex=0, commits[41b9b824-85d6-416a-bf4a-c5cccd6fce1e:c8, ce3b71d6-803c-4999-98a7-ed3c8197db33:c8, 06d76673-acfc-4852-ba17-8edfd4d37f5d:c8]
2019-08-23 09:15:36,519 | INFO  | SCMAudit | user=jenkins1000 | ip=192.168.69.105 | op=SEND_HEARTBEAT {datanodeUUID=06d76673-acfc-4852-ba17-8edfd4d37f5d, command=[]} | ret=SUCCESS |  
2019-08-23 09:15:36,538 | INFO  | SCMAudit | user=jenkins1000 | ip=192.168.69.105 | op=SEND_HEARTBEAT {datanodeUUID=ce3b71d6-803c-4999-98a7-ed3c8197db33, command=[]} | ret=SUCCESS |  
2019-08-23 09:15:36,544 | INFO  | SCMAudit | user=jenkins1000 | ip=192.168.69.105 | op=SEND_HEARTBEAT {datanodeUUID=41b9b824-85d6-416a-bf4a-c5cccd6fce1e, command=[]} | ret=SUCCESS |  
2019-08-23 09:15:36,659 | INFO  | SCMAudit | user=jenkins1000 | ip=192.168.69.105 | op=SEND_HEARTBEAT {datanodeUUID=6db0b5b4-33e5-45b9-ab7c-8a068485ef09, command=[]} | ret=SUCCESS |  
2019-08-23 09:15:36,945 | INFO  | SCMAudit | user=jenkins1000 | ip=192.168.69.105 | op=SEND_HEARTBEAT {datanodeUUID=0a284024-13d6-46ed-b1db-6a3886ae2776, command=[]} | ret=SUCCESS |  
2019-08-23 09:15:37,062 | INFO  | SCMAudit | user=jenkins1000 | ip=192.168.69.105 | op=SEND_HEARTBEAT {datanodeUUID=e3f86e53-8f15-4a09-b253-90a30ace4ba2, command=[]} | ret=SUCCESS |  
2019-08-23 09:15:37,454 | INFO  | SCMAudit | user=jenkins1000 | ip=192.168.69.105 | op=SEND_HEARTBEAT {datanodeUUID=480da6fd-5cad-42f6-a3a8-03ebe6e9ed72, command=[]} | ret=SUCCESS |  
2019-08-23 09:15:37,519 | INFO  | SCMAudit | user=jenkins1000 | ip=192.168.69.105 | op=SEND_HEARTBEAT {datanodeUUID=06d76673-acfc-4852-ba17-8edfd4d37f5d, command=[]} | ret=SUCCESS |  
2019-08-23 09:15:37,538 | INFO  | SCMAudit | user=jenkins1000 | ip=192.168.69.105 | op=SEND_HEARTBEAT {datanodeUUID=ce3b71d6-803c-4999-98a7-ed3c8197db33, command=[]} | ret=SUCCESS |  
2019-08-23 09:15:37,544 | INFO  | SCMAudit | user=jenkins1000 | ip=192.168.69.105 | op=SEND_HEARTBEAT {datanodeUUID=41b9b824-85d6-416a-bf4a-c5cccd6fce1e, command=[]} | ret=SUCCESS |  
2019-08-23 09:15:37,659 | INFO  | SCMAudit | user=jenkins1000 | ip=192.168.69.105 | op=SEND_HEARTBEAT {datanodeUUID=6db0b5b4-33e5-45b9-ab7c-8a068485ef09, command=[]} | ret=SUCCESS |  
2019-08-23 09:15:37,946 | INFO  | SCMAudit | user=jenkins1000 | ip=192.168.69.105 | op=SEND_HEARTBEAT {datanodeUUID=0a284024-13d6-46ed-b1db-6a3886ae2776, command=[]} | ret=SUCCESS |  
2019-08-23 09:15:38,062 | INFO  | SCMAudit | user=jenkins1000 | ip=192.168.69.105 | op=SEND_HEARTBEAT {datanodeUUID=e3f86e53-8f15-4a09-b253-90a30ace4ba2, command=[]} | ret=SUCCESS |  
2019-08-23 09:15:38,453 | INFO  | SCMAudit | user=jenkins1000 | ip=192.168.69.105 | op=SEND_HEARTBEAT {datanodeUUID=480da6fd-5cad-42f6-a3a8-03ebe6e9ed72, command=[]} | ret=SUCCESS |  
2019-08-23 09:15:38,520 | INFO  | SCMAudit | user=jenkins1000 | ip=192.168.69.105 | op=SEND_HEARTBEAT {datanodeUUID=06d76673-acfc-4852-ba17-8edfd4d37f5d, command=[]} | ret=SUCCESS |  
2019-08-23 09:15:38,542 | INFO  | SCMAudit | user=jenkins1000 | ip=192.168.69.105 | op=SEND_HEARTBEAT {datanodeUUID=ce3b71d6-803c-4999-98a7-ed3c8197db33, command=[]} | ret=SUCCESS |  
2019-08-23 09:15:38,544 | INFO  | SCMAudit | user=jenkins1000 | ip=192.168.69.105 | op=SEND_HEARTBEAT {datanodeUUID=41b9b824-85d6-416a-bf4a-c5cccd6fce1e, command=[]} | ret=SUCCESS |  
2019-08-23 09:15:38,659 | INFO  | SCMAudit | user=jenkins1000 | ip=192.168.69.105 | op=SEND_HEARTBEAT {datanodeUUID=6db0b5b4-33e5-45b9-ab7c-8a068485ef09, command=[]} | ret=SUCCESS |  
2019-08-23 09:15:38,945 | INFO  | SCMAudit | user=jenkins1000 | ip=192.168.69.105 | op=SEND_HEARTBEAT {datanodeUUID=0a284024-13d6-46ed-b1db-6a3886ae2776, command=[]} | ret=SUCCESS |  
2019-08-23 09:15:39,062 | INFO  | SCMAudit | user=jenkins1000 | ip=192.168.69.105 | op=SEND_HEARTBEAT {datanodeUUID=e3f86e53-8f15-4a09-b253-90a30ace4ba2, command=[]} | ret=SUCCESS |  
2019-08-23 09:15:39,453 | INFO  | SCMAudit | user=jenkins1000 | ip=192.168.69.105 | op=SEND_HEARTBEAT {datanodeUUID=480da6fd-5cad-42f6-a3a8-03ebe6e9ed72, command=[]} | ret=SUCCESS |  
2019-08-23 09:15:39,520 | INFO  | SCMAudit | user=jenkins1000 | ip=192.168.69.105 | op=SEND_HEARTBEAT {datanodeUUID=06d76673-acfc-4852-ba17-8edfd4d37f5d, command=[]} | ret=SUCCESS |  
2019-08-23 09:15:39,538 | INFO  | SCMAudit | user=jenkins1000 | ip=192.168.69.105 | op=SEND_HEARTBEAT {datanodeUUID=ce3b71d6-803c-4999-98a7-ed3c8197db33, command=[]} | ret=SUCCESS |  
2019-08-23 09:15:39,544 | INFO  | SCMAudit | user=jenkins1000 | ip=192.168.69.105 | op=SEND_HEARTBEAT {datanodeUUID=41b9b824-85d6-416a-bf4a-c5cccd6fce1e, command=[]} | ret=SUCCESS |  
2019-08-23 09:15:39,660 | INFO  | SCMAudit | user=jenkins1000 | ip=192.168.69.105 | op=SEND_HEARTBEAT {datanodeUUID=6db0b5b4-33e5-45b9-ab7c-8a068485ef09, command=[]} | ret=SUCCESS |  
2019-08-23 09:15:39,945 | INFO  | SCMAudit | user=jenkins1000 | ip=192.168.69.105 | op=SEND_HEARTBEAT {datanodeUUID=0a284024-13d6-46ed-b1db-6a3886ae2776, command=[]} | ret=SUCCESS |  
2019-08-23 09:15:40,063 | INFO  | SCMAudit | user=jenkins1000 | ip=192.168.69.105 | op=SEND_HEARTBEAT {datanodeUUID=e3f86e53-8f15-4a09-b253-90a30ace4ba2, command=[]} | ret=SUCCESS |  
2019-08-23 09:15:40,453 | INFO  | SCMAudit | user=jenkins1000 | ip=192.168.69.105 | op=SEND_HEARTBEAT {datanodeUUID=480da6fd-5cad-42f6-a3a8-03ebe6e9ed72, command=[]} | ret=SUCCESS |  
2019-08-23 09:15:40,521 | INFO  | SCMAudit | user=jenkins1000 | ip=192.168.69.105 | op=SEND_HEARTBEAT {datanodeUUID=06d76673-acfc-4852-ba17-8edfd4d37f5d, command=[]} | ret=SUCCESS |  
2019-08-23 09:15:40,538 | INFO  | SCMAudit | user=jenkins1000 | ip=192.168.69.105 | op=SEND_HEARTBEAT {datanodeUUID=ce3b71d6-803c-4999-98a7-ed3c8197db33, command=[]} | ret=SUCCESS |  
2019-08-23 09:15:40,545 | INFO  | SCMAudit | user=jenkins1000 | ip=192.168.69.105 | op=SEND_HEARTBEAT {datanodeUUID=41b9b824-85d6-416a-bf4a-c5cccd6fce1e, command=[]} | ret=SUCCESS |  
2019-08-23 09:15:40,659 | INFO  | SCMAudit | user=jenkins1000 | ip=192.168.69.105 | op=SEND_HEARTBEAT {datanodeUUID=6db0b5b4-33e5-45b9-ab7c-8a068485ef09, command=[]} | ret=SUCCESS |  
2019-08-23 09:15:40,945 | INFO  | SCMAudit | user=jenkins1000 | ip=192.168.69.105 | op=SEND_HEARTBEAT {datanodeUUID=0a284024-13d6-46ed-b1db-6a3886ae2776, command=[]} | ret=SUCCESS |  
2019-08-23 09:15:41,063 | INFO  | SCMAudit | user=jenkins1000 | ip=192.168.69.105 | op=SEND_HEARTBEAT {datanodeUUID=e3f86e53-8f15-4a09-b253-90a30ace4ba2, command=[]} | ret=SUCCESS |  
2019-08-23 09:15:41,453 | INFO  | SCMAudit | user=jenkins1000 | ip=192.168.69.105 | op=SEND_HEARTBEAT {datanodeUUID=480da6fd-5cad-42f6-a3a8-03ebe6e9ed72, command=[]} | ret=SUCCESS |  
2019-08-23 09:15:41,521 | INFO  | SCMAudit | user=jenkins1000 | ip=192.168.69.105 | op=SEND_HEARTBEAT {datanodeUUID=06d76673-acfc-4852-ba17-8edfd4d37f5d, command=[]} | ret=SUCCESS |  
2019-08-23 09:15:41,531 [grpc-default-executor-1] INFO  client.GrpcClientProtocolClient (GrpcClientProtocolClient.java:onNext(255)) - client-E82DA6E02431->41b9b824-85d6-416a-bf4a-c5cccd6fce1e: receive RaftClientReply:client-E82DA6E02431->41b9b824-85d6-416a-bf4a-c5cccd6fce1e@group-73033864ACD7, cid=45, FAILED org.apache.ratis.protocol.NotLeaderException: Server 41b9b824-85d6-416a-bf4a-c5cccd6fce1e is not the leader (06d76673-acfc-4852-ba17-8edfd4d37f5d:192.168.69.105:42001). Request must be sent to leader., logIndex=0, commits[41b9b824-85d6-416a-bf4a-c5cccd6fce1e:c8, ce3b71d6-803c-4999-98a7-ed3c8197db33:c8, 06d76673-acfc-4852-ba17-8edfd4d37f5d:c8]
2019-08-23 09:15:41,551 | INFO  | SCMAudit | user=jenkins1000 | ip=192.168.69.105 | op=SEND_HEARTBEAT {datanodeUUID=ce3b71d6-803c-4999-98a7-ed3c8197db33, command=[]} | ret=SUCCESS |  
2019-08-23 09:15:41,552 | INFO  | SCMAudit | user=jenkins1000 | ip=192.168.69.105 | op=SEND_HEARTBEAT {datanodeUUID=41b9b824-85d6-416a-bf4a-c5cccd6fce1e, command=[]} | ret=SUCCESS |  
2019-08-23 09:15:41,659 | INFO  | SCMAudit | user=jenkins1000 | ip=192.168.69.105 | op=SEND_HEARTBEAT {datanodeUUID=6db0b5b4-33e5-45b9-ab7c-8a068485ef09, command=[]} | ret=SUCCESS |  
2019-08-23 09:15:41,945 | INFO  | SCMAudit | user=jenkins1000 | ip=192.168.69.105 | op=SEND_HEARTBEAT {datanodeUUID=0a284024-13d6-46ed-b1db-6a3886ae2776, command=[]} | ret=SUCCESS |  
2019-08-23 09:15:42,063 | INFO  | SCMAudit | user=jenkins1000 | ip=192.168.69.105 | op=SEND_HEARTBEAT {datanodeUUID=e3f86e53-8f15-4a09-b253-90a30ace4ba2, command=[]} | ret=SUCCESS |  
2019-08-23 09:15:42,454 | INFO  | SCMAudit | user=jenkins1000 | ip=192.168.69.105 | op=SEND_HEARTBEAT {datanodeUUID=480da6fd-5cad-42f6-a3a8-03ebe6e9ed72, command=[]} | ret=SUCCESS |  
2019-08-23 09:15:42,521 | INFO  | SCMAudit | user=jenkins1000 | ip=192.168.69.105 | op=SEND_HEARTBEAT {datanodeUUID=06d76673-acfc-4852-ba17-8edfd4d37f5d, command=[]} | ret=SUCCESS |  
2019-08-23 09:15:42,541 | INFO  | SCMAudit | user=jenkins1000 | ip=192.168.69.105 | op=SEND_HEARTBEAT {datanodeUUID=ce3b71d6-803c-4999-98a7-ed3c8197db33, command=[]} | ret=SUCCESS |  
2019-08-23 09:15:42,557 | INFO  | SCMAudit | user=jenkins1000 | ip=192.168.69.105 | op=SEND_HEARTBEAT {datanodeUUID=41b9b824-85d6-416a-bf4a-c5cccd6fce1e, command=[]} | ret=SUCCESS |  
2019-08-23 09:15:42,659 | INFO  | SCMAudit | user=jenkins1000 | ip=192.168.69.105 | op=SEND_HEARTBEAT {datanodeUUID=6db0b5b4-33e5-45b9-ab7c-8a068485ef09, command=[]} | ret=SUCCESS |  
2019-08-23 09:15:42,945 | INFO  | SCMAudit | user=jenkins1000 | ip=192.168.69.105 | op=SEND_HEARTBEAT {datanodeUUID=0a284024-13d6-46ed-b1db-6a3886ae2776, command=[]} | ret=SUCCESS |  
2019-08-23 09:15:43,063 | INFO  | SCMAudit | user=jenkins1000 | ip=192.168.69.105 | op=SEND_HEARTBEAT {datanodeUUID=e3f86e53-8f15-4a09-b253-90a30ace4ba2, command=[]} | ret=SUCCESS |  
2019-08-23 09:15:43,453 | INFO  | SCMAudit | user=jenkins1000 | ip=192.168.69.105 | op=SEND_HEARTBEAT {datanodeUUID=480da6fd-5cad-42f6-a3a8-03ebe6e9ed72, command=[]} | ret=SUCCESS |  
2019-08-23 09:15:43,521 | INFO  | SCMAudit | user=jenkins1000 | ip=192.168.69.105 | op=SEND_HEARTBEAT {datanodeUUID=06d76673-acfc-4852-ba17-8edfd4d37f5d, command=[]} | ret=SUCCESS |  
2019-08-23 09:15:43,541 | INFO  | SCMAudit | user=jenkins1000 | ip=192.168.69.105 | op=SEND_HEARTBEAT {datanodeUUID=ce3b71d6-803c-4999-98a7-ed3c8197db33, command=[]} | ret=SUCCESS |  
2019-08-23 09:15:43,551 | INFO  | SCMAudit | user=jenkins1000 | ip=192.168.69.105 | op=SEND_HEARTBEAT {datanodeUUID=41b9b824-85d6-416a-bf4a-c5cccd6fce1e, command=[]} | ret=SUCCESS |  
2019-08-23 09:15:43,659 | INFO  | SCMAudit | user=jenkins1000 | ip=192.168.69.105 | op=SEND_HEARTBEAT {datanodeUUID=6db0b5b4-33e5-45b9-ab7c-8a068485ef09, command=[]} | ret=SUCCESS |  
2019-08-23 09:15:43,945 | INFO  | SCMAudit | user=jenkins1000 | ip=192.168.69.105 | op=SEND_HEARTBEAT {datanodeUUID=0a284024-13d6-46ed-b1db-6a3886ae2776, command=[]} | ret=SUCCESS |  
2019-08-23 09:15:44,063 | INFO  | SCMAudit | user=jenkins1000 | ip=192.168.69.105 | op=SEND_HEARTBEAT {datanodeUUID=e3f86e53-8f15-4a09-b253-90a30ace4ba2, command=[]} | ret=SUCCESS |  
2019-08-23 09:15:44,454 | INFO  | SCMAudit | user=jenkins1000 | ip=192.168.69.105 | op=SEND_HEARTBEAT {datanodeUUID=480da6fd-5cad-42f6-a3a8-03ebe6e9ed72, command=[]} | ret=SUCCESS |  
2019-08-23 09:15:44,521 | INFO  | SCMAudit | user=jenkins1000 | ip=192.168.69.105 | op=SEND_HEARTBEAT {datanodeUUID=06d76673-acfc-4852-ba17-8edfd4d37f5d, command=[]} | ret=SUCCESS |  
2019-08-23 09:15:44,542 | INFO  | SCMAudit | user=jenkins1000 | ip=192.168.69.105 | op=SEND_HEARTBEAT {datanodeUUID=ce3b71d6-803c-4999-98a7-ed3c8197db33, command=[]} | ret=SUCCESS |  
2019-08-23 09:15:44,552 | INFO  | SCMAudit | user=jenkins1000 | ip=192.168.69.105 | op=SEND_HEARTBEAT {datanodeUUID=41b9b824-85d6-416a-bf4a-c5cccd6fce1e, command=[]} | ret=SUCCESS |  
2019-08-23 09:15:44,659 | INFO  | SCMAudit | user=jenkins1000 | ip=192.168.69.105 | op=SEND_HEARTBEAT {datanodeUUID=6db0b5b4-33e5-45b9-ab7c-8a068485ef09, command=[]} | ret=SUCCESS |  
2019-08-23 09:15:44,946 | INFO  | SCMAudit | user=jenkins1000 | ip=192.168.69.105 | op=SEND_HEARTBEAT {datanodeUUID=0a284024-13d6-46ed-b1db-6a3886ae2776, command=[]} | ret=SUCCESS |  
2019-08-23 09:15:45,064 | INFO  | SCMAudit | user=jenkins1000 | ip=192.168.69.105 | op=SEND_HEARTBEAT {datanodeUUID=e3f86e53-8f15-4a09-b253-90a30ace4ba2, command=[]} | ret=SUCCESS |  
2019-08-23 09:15:45,454 | INFO  | SCMAudit | user=jenkins1000 | ip=192.168.69.105 | op=SEND_HEARTBEAT {datanodeUUID=480da6fd-5cad-42f6-a3a8-03ebe6e9ed72, command=[]} | ret=SUCCESS |  
2019-08-23 09:15:45,522 | INFO  | SCMAudit | user=jenkins1000 | ip=192.168.69.105 | op=SEND_HEARTBEAT {datanodeUUID=06d76673-acfc-4852-ba17-8edfd4d37f5d, command=[]} | ret=SUCCESS |  
2019-08-23 09:15:45,542 | INFO  | SCMAudit | user=jenkins1000 | ip=192.168.69.105 | op=SEND_HEARTBEAT {datanodeUUID=ce3b71d6-803c-4999-98a7-ed3c8197db33, command=[]} | ret=SUCCESS |  
2019-08-23 09:15:45,551 | INFO  | SCMAudit | user=jenkins1000 | ip=192.168.69.105 | op=SEND_HEARTBEAT {datanodeUUID=41b9b824-85d6-416a-bf4a-c5cccd6fce1e, command=[]} | ret=SUCCESS |  
2019-08-23 09:15:45,660 | INFO  | SCMAudit | user=jenkins1000 | ip=192.168.69.105 | op=SEND_HEARTBEAT {datanodeUUID=6db0b5b4-33e5-45b9-ab7c-8a068485ef09, command=[]} | ret=SUCCESS |  
2019-08-23 09:15:45,946 | INFO  | SCMAudit | user=jenkins1000 | ip=192.168.69.105 | op=SEND_HEARTBEAT {datanodeUUID=0a284024-13d6-46ed-b1db-6a3886ae2776, command=[]} | ret=SUCCESS |  
2019-08-23 09:15:46,064 | INFO  | SCMAudit | user=jenkins1000 | ip=192.168.69.105 | op=SEND_HEARTBEAT {datanodeUUID=e3f86e53-8f15-4a09-b253-90a30ace4ba2, command=[]} | ret=SUCCESS |  
2019-08-23 09:15:46,455 | INFO  | SCMAudit | user=jenkins1000 | ip=192.168.69.105 | op=SEND_HEARTBEAT {datanodeUUID=480da6fd-5cad-42f6-a3a8-03ebe6e9ed72, command=[]} | ret=SUCCESS |  
2019-08-23 09:15:46,521 | INFO  | SCMAudit | user=jenkins1000 | ip=192.168.69.105 | op=SEND_HEARTBEAT {datanodeUUID=06d76673-acfc-4852-ba17-8edfd4d37f5d, command=[]} | ret=SUCCESS |  
2019-08-23 09:15:46,543 | INFO  | SCMAudit | user=jenkins1000 | ip=192.168.69.105 | op=SEND_HEARTBEAT {datanodeUUID=ce3b71d6-803c-4999-98a7-ed3c8197db33, command=[]} | ret=SUCCESS |  
2019-08-23 09:15:46,551 | INFO  | SCMAudit | user=jenkins1000 | ip=192.168.69.105 | op=SEND_HEARTBEAT {datanodeUUID=41b9b824-85d6-416a-bf4a-c5cccd6fce1e, command=[]} | ret=SUCCESS |  
2019-08-23 09:15:46,587 [grpc-default-executor-1] INFO  client.GrpcClientProtocolClient (GrpcClientProtocolClient.java:onNext(255)) - client-E82DA6E02431->ce3b71d6-803c-4999-98a7-ed3c8197db33: receive RaftClientReply:client-E82DA6E02431->ce3b71d6-803c-4999-98a7-ed3c8197db33@group-73033864ACD7, cid=45, FAILED org.apache.ratis.protocol.NotLeaderException: Server ce3b71d6-803c-4999-98a7-ed3c8197db33 is not the leader (06d76673-acfc-4852-ba17-8edfd4d37f5d:192.168.69.105:42001). Request must be sent to leader., logIndex=0, commits[ce3b71d6-803c-4999-98a7-ed3c8197db33:c8, 41b9b824-85d6-416a-bf4a-c5cccd6fce1e:c8, 06d76673-acfc-4852-ba17-8edfd4d37f5d:c8]
2019-08-23 09:15:46,659 | INFO  | SCMAudit | user=jenkins1000 | ip=192.168.69.105 | op=SEND_HEARTBEAT {datanodeUUID=6db0b5b4-33e5-45b9-ab7c-8a068485ef09, command=[]} | ret=SUCCESS |  
2019-08-23 09:15:46,946 | INFO  | SCMAudit | user=jenkins1000 | ip=192.168.69.105 | op=SEND_HEARTBEAT {datanodeUUID=0a284024-13d6-46ed-b1db-6a3886ae2776, command=[]} | ret=SUCCESS |  
2019-08-23 09:15:47,064 | INFO  | SCMAudit | user=jenkins1000 | ip=192.168.69.105 | op=SEND_HEARTBEAT {datanodeUUID=e3f86e53-8f15-4a09-b253-90a30ace4ba2, command=[]} | ret=SUCCESS |  
2019-08-23 09:15:47,454 | INFO  | SCMAudit | user=jenkins1000 | ip=192.168.69.105 | op=SEND_HEARTBEAT {datanodeUUID=480da6fd-5cad-42f6-a3a8-03ebe6e9ed72, command=[]} | ret=SUCCESS |  
2019-08-23 09:15:47,521 | INFO  | SCMAudit | user=jenkins1000 | ip=192.168.69.105 | op=SEND_HEARTBEAT {datanodeUUID=06d76673-acfc-4852-ba17-8edfd4d37f5d, command=[]} | ret=SUCCESS |  
2019-08-23 09:15:47,542 | INFO  | SCMAudit | user=jenkins1000 | ip=192.168.69.105 | op=SEND_HEARTBEAT {datanodeUUID=ce3b71d6-803c-4999-98a7-ed3c8197db33, command=[]} | ret=SUCCESS |  
2019-08-23 09:15:47,551 | INFO  | SCMAudit | user=jenkins1000 | ip=192.168.69.105 | op=SEND_HEARTBEAT {datanodeUUID=41b9b824-85d6-416a-bf4a-c5cccd6fce1e, command=[]} | ret=SUCCESS |  
2019-08-23 09:15:47,659 | INFO  | SCMAudit | user=jenkins1000 | ip=192.168.69.105 | op=SEND_HEARTBEAT {datanodeUUID=6db0b5b4-33e5-45b9-ab7c-8a068485ef09, command=[]} | ret=SUCCESS |  
2019-08-23 09:15:47,946 | INFO  | SCMAudit | user=jenkins1000 | ip=192.168.69.105 | op=SEND_HEARTBEAT {datanodeUUID=0a284024-13d6-46ed-b1db-6a3886ae2776, command=[]} | ret=SUCCESS |  
2019-08-23 09:15:48,064 | INFO  | SCMAudit | user=jenkins1000 | ip=192.168.69.105 | op=SEND_HEARTBEAT {datanodeUUID=e3f86e53-8f15-4a09-b253-90a30ace4ba2, command=[]} | ret=SUCCESS |  
2019-08-23 09:15:48,454 | INFO  | SCMAudit | user=jenkins1000 | ip=192.168.69.105 | op=SEND_HEARTBEAT {datanodeUUID=480da6fd-5cad-42f6-a3a8-03ebe6e9ed72, command=[]} | ret=SUCCESS |  
2019-08-23 09:15:48,522 | INFO  | SCMAudit | user=jenkins1000 | ip=192.168.69.105 | op=SEND_HEARTBEAT {datanodeUUID=06d76673-acfc-4852-ba17-8edfd4d37f5d, command=[]} | ret=SUCCESS |  
2019-08-23 09:15:48,542 | INFO  | SCMAudit | user=jenkins1000 | ip=192.168.69.105 | op=SEND_HEARTBEAT {datanodeUUID=ce3b71d6-803c-4999-98a7-ed3c8197db33, command=[]} | ret=SUCCESS |  
2019-08-23 09:15:48,551 | INFO  | SCMAudit | user=jenkins1000 | ip=192.168.69.105 | op=SEND_HEARTBEAT {datanodeUUID=41b9b824-85d6-416a-bf4a-c5cccd6fce1e, command=[]} | ret=SUCCESS |  
2019-08-23 09:15:48,659 | INFO  | SCMAudit | user=jenkins1000 | ip=192.168.69.105 | op=SEND_HEARTBEAT {datanodeUUID=6db0b5b4-33e5-45b9-ab7c-8a068485ef09, command=[]} | ret=SUCCESS |  
2019-08-23 09:15:48,947 | INFO  | SCMAudit | user=jenkins1000 | ip=192.168.69.105 | op=SEND_HEARTBEAT {datanodeUUID=0a284024-13d6-46ed-b1db-6a3886ae2776, command=[]} | ret=SUCCESS |  
2019-08-23 09:15:49,064 | INFO  | SCMAudit | user=jenkins1000 | ip=192.168.69.105 | op=SEND_HEARTBEAT {datanodeUUID=e3f86e53-8f15-4a09-b253-90a30ace4ba2, command=[]} | ret=SUCCESS |  
2019-08-23 09:15:49,455 | INFO  | SCMAudit | user=jenkins1000 | ip=192.168.69.105 | op=SEND_HEARTBEAT {datanodeUUID=480da6fd-5cad-42f6-a3a8-03ebe6e9ed72, command=[]} | ret=SUCCESS |  
2019-08-23 09:15:49,521 | INFO  | SCMAudit | user=jenkins1000 | ip=192.168.69.105 | op=SEND_HEARTBEAT {datanodeUUID=06d76673-acfc-4852-ba17-8edfd4d37f5d, command=[]} | ret=SUCCESS |  
2019-08-23 09:15:49,542 | INFO  | SCMAudit | user=jenkins1000 | ip=192.168.69.105 | op=SEND_HEARTBEAT {datanodeUUID=ce3b71d6-803c-4999-98a7-ed3c8197db33, command=[]} | ret=SUCCESS |  
2019-08-23 09:15:49,551 | INFO  | SCMAudit | user=jenkins1000 | ip=192.168.69.105 | op=SEND_HEARTBEAT {datanodeUUID=41b9b824-85d6-416a-bf4a-c5cccd6fce1e, command=[]} | ret=SUCCESS |  
2019-08-23 09:15:49,659 | INFO  | SCMAudit | user=jenkins1000 | ip=192.168.69.105 | op=SEND_HEARTBEAT {datanodeUUID=6db0b5b4-33e5-45b9-ab7c-8a068485ef09, command=[]} | ret=SUCCESS |  
2019-08-23 09:15:49,947 | INFO  | SCMAudit | user=jenkins1000 | ip=192.168.69.105 | op=SEND_HEARTBEAT {datanodeUUID=0a284024-13d6-46ed-b1db-6a3886ae2776, command=[]} | ret=SUCCESS |  
2019-08-23 09:15:50,065 | INFO  | SCMAudit | user=jenkins1000 | ip=192.168.69.105 | op=SEND_HEARTBEAT {datanodeUUID=e3f86e53-8f15-4a09-b253-90a30ace4ba2, command=[]} | ret=SUCCESS |  
2019-08-23 09:15:50,454 | INFO  | SCMAudit | user=jenkins1000 | ip=192.168.69.105 | op=SEND_HEARTBEAT {datanodeUUID=480da6fd-5cad-42f6-a3a8-03ebe6e9ed72, command=[]} | ret=SUCCESS |  
2019-08-23 09:15:50,521 | INFO  | SCMAudit | user=jenkins1000 | ip=192.168.69.105 | op=SEND_HEARTBEAT {datanodeUUID=06d76673-acfc-4852-ba17-8edfd4d37f5d, command=[]} | ret=SUCCESS |  
2019-08-23 09:15:50,542 | INFO  | SCMAudit | user=jenkins1000 | ip=192.168.69.105 | op=SEND_HEARTBEAT {datanodeUUID=ce3b71d6-803c-4999-98a7-ed3c8197db33, command=[]} | ret=SUCCESS |  
2019-08-23 09:15:50,551 | INFO  | SCMAudit | user=jenkins1000 | ip=192.168.69.105 | op=SEND_HEARTBEAT {datanodeUUID=41b9b824-85d6-416a-bf4a-c5cccd6fce1e, command=[]} | ret=SUCCESS |  
2019-08-23 09:15:50,659 | INFO  | SCMAudit | user=jenkins1000 | ip=192.168.69.105 | op=SEND_HEARTBEAT {datanodeUUID=6db0b5b4-33e5-45b9-ab7c-8a068485ef09, command=[]} | ret=SUCCESS |  
2019-08-23 09:15:50,947 | INFO  | SCMAudit | user=jenkins1000 | ip=192.168.69.105 | op=SEND_HEARTBEAT {datanodeUUID=0a284024-13d6-46ed-b1db-6a3886ae2776, command=[]} | ret=SUCCESS |  
2019-08-23 09:15:51,064 | INFO  | SCMAudit | user=jenkins1000 | ip=192.168.69.105 | op=SEND_HEARTBEAT {datanodeUUID=e3f86e53-8f15-4a09-b253-90a30ace4ba2, command=[]} | ret=SUCCESS |  
2019-08-23 09:15:51,454 | INFO  | SCMAudit | user=jenkins1000 | ip=192.168.69.105 | op=SEND_HEARTBEAT {datanodeUUID=480da6fd-5cad-42f6-a3a8-03ebe6e9ed72, command=[]} | ret=SUCCESS |  
2019-08-23 09:15:51,522 | INFO  | SCMAudit | user=jenkins1000 | ip=192.168.69.105 | op=SEND_HEARTBEAT {datanodeUUID=06d76673-acfc-4852-ba17-8edfd4d37f5d, command=[]} | ret=SUCCESS |  
2019-08-23 09:15:51,542 | INFO  | SCMAudit | user=jenkins1000 | ip=192.168.69.105 | op=SEND_HEARTBEAT {datanodeUUID=ce3b71d6-803c-4999-98a7-ed3c8197db33, command=[]} | ret=SUCCESS |  
2019-08-23 09:15:51,551 | INFO  | SCMAudit | user=jenkins1000 | ip=192.168.69.105 | op=SEND_HEARTBEAT {datanodeUUID=41b9b824-85d6-416a-bf4a-c5cccd6fce1e, command=[]} | ret=SUCCESS |  
2019-08-23 09:15:51,624 [grpc-default-executor-1] INFO  client.GrpcClientProtocolClient (GrpcClientProtocolClient.java:onNext(255)) - client-E82DA6E02431->ce3b71d6-803c-4999-98a7-ed3c8197db33: receive RaftClientReply:client-E82DA6E02431->ce3b71d6-803c-4999-98a7-ed3c8197db33@group-73033864ACD7, cid=45, FAILED org.apache.ratis.protocol.NotLeaderException: Server ce3b71d6-803c-4999-98a7-ed3c8197db33 is not the leader (06d76673-acfc-4852-ba17-8edfd4d37f5d:192.168.69.105:42001). Request must be sent to leader., logIndex=0, commits[ce3b71d6-803c-4999-98a7-ed3c8197db33:c8, 41b9b824-85d6-416a-bf4a-c5cccd6fce1e:c8, 06d76673-acfc-4852-ba17-8edfd4d37f5d:c8]
2019-08-23 09:15:51,659 | INFO  | SCMAudit | user=jenkins1000 | ip=192.168.69.105 | op=SEND_HEARTBEAT {datanodeUUID=6db0b5b4-33e5-45b9-ab7c-8a068485ef09, command=[]} | ret=SUCCESS |  
2019-08-23 09:15:51,947 | INFO  | SCMAudit | user=jenkins1000 | ip=192.168.69.105 | op=SEND_HEARTBEAT {datanodeUUID=0a284024-13d6-46ed-b1db-6a3886ae2776, command=[]} | ret=SUCCESS |  
2019-08-23 09:15:52,065 | INFO  | SCMAudit | user=jenkins1000 | ip=192.168.69.105 | op=SEND_HEARTBEAT {datanodeUUID=e3f86e53-8f15-4a09-b253-90a30ace4ba2, command=[]} | ret=SUCCESS |  
2019-08-23 09:15:52,454 | INFO  | SCMAudit | user=jenkins1000 | ip=192.168.69.105 | op=SEND_HEARTBEAT {datanodeUUID=480da6fd-5cad-42f6-a3a8-03ebe6e9ed72, command=[]} | ret=SUCCESS |  
2019-08-23 09:15:52,521 | INFO  | SCMAudit | user=jenkins1000 | ip=192.168.69.105 | op=SEND_HEARTBEAT {datanodeUUID=06d76673-acfc-4852-ba17-8edfd4d37f5d, command=[]} | ret=SUCCESS |  
2019-08-23 09:15:52,542 | INFO  | SCMAudit | user=jenkins1000 | ip=192.168.69.105 | op=SEND_HEARTBEAT {datanodeUUID=ce3b71d6-803c-4999-98a7-ed3c8197db33, command=[]} | ret=SUCCESS |  
2019-08-23 09:15:52,551 | INFO  | SCMAudit | user=jenkins1000 | ip=192.168.69.105 | op=SEND_HEARTBEAT {datanodeUUID=41b9b824-85d6-416a-bf4a-c5cccd6fce1e, command=[]} | ret=SUCCESS |  
2019-08-23 09:15:52,659 | INFO  | SCMAudit | user=jenkins1000 | ip=192.168.69.105 | op=SEND_HEARTBEAT {datanodeUUID=6db0b5b4-33e5-45b9-ab7c-8a068485ef09, command=[]} | ret=SUCCESS |  
2019-08-23 09:15:52,947 | INFO  | SCMAudit | user=jenkins1000 | ip=192.168.69.105 | op=SEND_HEARTBEAT {datanodeUUID=0a284024-13d6-46ed-b1db-6a3886ae2776, command=[]} | ret=SUCCESS |  
2019-08-23 09:15:53,064 | INFO  | SCMAudit | user=jenkins1000 | ip=192.168.69.105 | op=SEND_HEARTBEAT {datanodeUUID=e3f86e53-8f15-4a09-b253-90a30ace4ba2, command=[]} | ret=SUCCESS |  
2019-08-23 09:15:53,455 | INFO  | SCMAudit | user=jenkins1000 | ip=192.168.69.105 | op=SEND_HEARTBEAT {datanodeUUID=480da6fd-5cad-42f6-a3a8-03ebe6e9ed72, command=[]} | ret=SUCCESS |  
2019-08-23 09:15:53,521 | INFO  | SCMAudit | user=jenkins1000 | ip=192.168.69.105 | op=SEND_HEARTBEAT {datanodeUUID=06d76673-acfc-4852-ba17-8edfd4d37f5d, command=[]} | ret=SUCCESS |  
2019-08-23 09:15:53,543 | INFO  | SCMAudit | user=jenkins1000 | ip=192.168.69.105 | op=SEND_HEARTBEAT {datanodeUUID=ce3b71d6-803c-4999-98a7-ed3c8197db33, command=[]} | ret=SUCCESS |  
2019-08-23 09:15:53,551 | INFO  | SCMAudit | user=jenkins1000 | ip=192.168.69.105 | op=SEND_HEARTBEAT {datanodeUUID=41b9b824-85d6-416a-bf4a-c5cccd6fce1e, command=[]} | ret=SUCCESS |  
2019-08-23 09:15:53,659 | INFO  | SCMAudit | user=jenkins1000 | ip=192.168.69.105 | op=SEND_HEARTBEAT {datanodeUUID=6db0b5b4-33e5-45b9-ab7c-8a068485ef09, command=[]} | ret=SUCCESS |  
2019-08-23 09:15:53,947 | INFO  | SCMAudit | user=jenkins1000 | ip=192.168.69.105 | op=SEND_HEARTBEAT {datanodeUUID=0a284024-13d6-46ed-b1db-6a3886ae2776, command=[]} | ret=SUCCESS |  
2019-08-23 09:15:54,064 | INFO  | SCMAudit | user=jenkins1000 | ip=192.168.69.105 | op=SEND_HEARTBEAT {datanodeUUID=e3f86e53-8f15-4a09-b253-90a30ace4ba2, command=[]} | ret=SUCCESS |  
2019-08-23 09:15:54,455 | INFO  | SCMAudit | user=jenkins1000 | ip=192.168.69.105 | op=SEND_HEARTBEAT {datanodeUUID=480da6fd-5cad-42f6-a3a8-03ebe6e9ed72, command=[]} | ret=SUCCESS |  
2019-08-23 09:15:54,522 | INFO  | SCMAudit | user=jenkins1000 | ip=192.168.69.105 | op=SEND_HEARTBEAT {datanodeUUID=06d76673-acfc-4852-ba17-8edfd4d37f5d, command=[]} | ret=SUCCESS |  
2019-08-23 09:15:54,543 | INFO  | SCMAudit | user=jenkins1000 | ip=192.168.69.105 | op=SEND_HEARTBEAT {datanodeUUID=ce3b71d6-803c-4999-98a7-ed3c8197db33, command=[]} | ret=SUCCESS |  
2019-08-23 09:15:54,551 | INFO  | SCMAudit | user=jenkins1000 | ip=192.168.69.105 | op=SEND_HEARTBEAT {datanodeUUID=41b9b824-85d6-416a-bf4a-c5cccd6fce1e, command=[]} | ret=SUCCESS |  
2019-08-23 09:15:54,660 | INFO  | SCMAudit | user=jenkins1000 | ip=192.168.69.105 | op=SEND_HEARTBEAT {datanodeUUID=6db0b5b4-33e5-45b9-ab7c-8a068485ef09, command=[]} | ret=SUCCESS |  
2019-08-23 09:15:54,948 | INFO  | SCMAudit | user=jenkins1000 | ip=192.168.69.105 | op=SEND_HEARTBEAT {datanodeUUID=0a284024-13d6-46ed-b1db-6a3886ae2776, command=[]} | ret=SUCCESS |  
2019-08-23 09:15:55,064 | INFO  | SCMAudit | user=jenkins1000 | ip=192.168.69.105 | op=SEND_HEARTBEAT {datanodeUUID=e3f86e53-8f15-4a09-b253-90a30ace4ba2, command=[]} | ret=SUCCESS |  
2019-08-23 09:15:55,456 | INFO  | SCMAudit | user=jenkins1000 | ip=192.168.69.105 | op=SEND_HEARTBEAT {datanodeUUID=480da6fd-5cad-42f6-a3a8-03ebe6e9ed72, command=[]} | ret=SUCCESS |  
2019-08-23 09:15:55,521 | INFO  | SCMAudit | user=jenkins1000 | ip=192.168.69.105 | op=SEND_HEARTBEAT {datanodeUUID=06d76673-acfc-4852-ba17-8edfd4d37f5d, command=[]} | ret=SUCCESS |  
2019-08-23 09:15:55,543 | INFO  | SCMAudit | user=jenkins1000 | ip=192.168.69.105 | op=SEND_HEARTBEAT {datanodeUUID=ce3b71d6-803c-4999-98a7-ed3c8197db33, command=[]} | ret=SUCCESS |  
2019-08-23 09:15:55,553 | INFO  | SCMAudit | user=jenkins1000 | ip=192.168.69.105 | op=SEND_HEARTBEAT {datanodeUUID=41b9b824-85d6-416a-bf4a-c5cccd6fce1e, command=[]} | ret=SUCCESS |  
2019-08-23 09:15:55,659 | INFO  | SCMAudit | user=jenkins1000 | ip=192.168.69.105 | op=SEND_HEARTBEAT {datanodeUUID=6db0b5b4-33e5-45b9-ab7c-8a068485ef09, command=[]} | ret=SUCCESS |  
2019-08-23 09:15:55,947 | INFO  | SCMAudit | user=jenkins1000 | ip=192.168.69.105 | op=SEND_HEARTBEAT {datanodeUUID=0a284024-13d6-46ed-b1db-6a3886ae2776, command=[]} | ret=SUCCESS |  
2019-08-23 09:15:56,064 | INFO  | SCMAudit | user=jenkins1000 | ip=192.168.69.105 | op=SEND_HEARTBEAT {datanodeUUID=e3f86e53-8f15-4a09-b253-90a30ace4ba2, command=[]} | ret=SUCCESS |  
2019-08-23 09:15:56,455 | INFO  | SCMAudit | user=jenkins1000 | ip=192.168.69.105 | op=SEND_HEARTBEAT {datanodeUUID=480da6fd-5cad-42f6-a3a8-03ebe6e9ed72, command=[]} | ret=SUCCESS |  
2019-08-23 09:15:56,522 | INFO  | SCMAudit | user=jenkins1000 | ip=192.168.69.105 | op=SEND_HEARTBEAT {datanodeUUID=06d76673-acfc-4852-ba17-8edfd4d37f5d, command=[]} | ret=SUCCESS |  
2019-08-23 09:15:56,543 | INFO  | SCMAudit | user=jenkins1000 | ip=192.168.69.105 | op=SEND_HEARTBEAT {datanodeUUID=ce3b71d6-803c-4999-98a7-ed3c8197db33, command=[]} | ret=SUCCESS |  
2019-08-23 09:15:56,553 | INFO  | SCMAudit | user=jenkins1000 | ip=192.168.69.105 | op=SEND_HEARTBEAT {datanodeUUID=41b9b824-85d6-416a-bf4a-c5cccd6fce1e, command=[]} | ret=SUCCESS |  
2019-08-23 09:15:56,659 | INFO  | SCMAudit | user=jenkins1000 | ip=192.168.69.105 | op=SEND_HEARTBEAT {datanodeUUID=6db0b5b4-33e5-45b9-ab7c-8a068485ef09, command=[]} | ret=SUCCESS |  
2019-08-23 09:15:56,666 [grpc-default-executor-1] INFO  client.GrpcClientProtocolClient (GrpcClientProtocolClient.java:onNext(255)) - client-E82DA6E02431->41b9b824-85d6-416a-bf4a-c5cccd6fce1e: receive RaftClientReply:client-E82DA6E02431->41b9b824-85d6-416a-bf4a-c5cccd6fce1e@group-73033864ACD7, cid=45, FAILED org.apache.ratis.protocol.NotLeaderException: Server 41b9b824-85d6-416a-bf4a-c5cccd6fce1e is not the leader (06d76673-acfc-4852-ba17-8edfd4d37f5d:192.168.69.105:42001). Request must be sent to leader., logIndex=0, commits[41b9b824-85d6-416a-bf4a-c5cccd6fce1e:c8, ce3b71d6-803c-4999-98a7-ed3c8197db33:c8, 06d76673-acfc-4852-ba17-8edfd4d37f5d:c8]
2019-08-23 09:15:56,948 | INFO  | SCMAudit | user=jenkins1000 | ip=192.168.69.105 | op=SEND_HEARTBEAT {datanodeUUID=0a284024-13d6-46ed-b1db-6a3886ae2776, command=[]} | ret=SUCCESS |  
2019-08-23 09:15:57,064 | INFO  | SCMAudit | user=jenkins1000 | ip=192.168.69.105 | op=SEND_HEARTBEAT {datanodeUUID=e3f86e53-8f15-4a09-b253-90a30ace4ba2, command=[]} | ret=SUCCESS |  
2019-08-23 09:15:57,456 | INFO  | SCMAudit | user=jenkins1000 | ip=192.168.69.105 | op=SEND_HEARTBEAT {datanodeUUID=480da6fd-5cad-42f6-a3a8-03ebe6e9ed72, command=[]} | ret=SUCCESS |  
2019-08-23 09:15:57,522 | INFO  | SCMAudit | user=jenkins1000 | ip=192.168.69.105 | op=SEND_HEARTBEAT {datanodeUUID=06d76673-acfc-4852-ba17-8edfd4d37f5d, command=[]} | ret=SUCCESS |  
2019-08-23 09:15:57,543 | INFO  | SCMAudit | user=jenkins1000 | ip=192.168.69.105 | op=SEND_HEARTBEAT {datanodeUUID=ce3b71d6-803c-4999-98a7-ed3c8197db33, command=[]} | ret=SUCCESS |  
2019-08-23 09:15:57,553 | INFO  | SCMAudit | user=jenkins1000 | ip=192.168.69.105 | op=SEND_HEARTBEAT {datanodeUUID=41b9b824-85d6-416a-bf4a-c5cccd6fce1e, command=[]} | ret=SUCCESS |  
2019-08-23 09:15:57,659 | INFO  | SCMAudit | user=jenkins1000 | ip=192.168.69.105 | op=SEND_HEARTBEAT {datanodeUUID=6db0b5b4-33e5-45b9-ab7c-8a068485ef09, command=[]} | ret=SUCCESS |  
2019-08-23 09:15:57,948 | INFO  | SCMAudit | user=jenkins1000 | ip=192.168.69.105 | op=SEND_HEARTBEAT {datanodeUUID=0a284024-13d6-46ed-b1db-6a3886ae2776, command=[]} | ret=SUCCESS |  
2019-08-23 09:15:58,065 | INFO  | SCMAudit | user=jenkins1000 | ip=192.168.69.105 | op=SEND_HEARTBEAT {datanodeUUID=e3f86e53-8f15-4a09-b253-90a30ace4ba2, command=[]} | ret=SUCCESS |  
2019-08-23 09:15:58,456 | INFO  | SCMAudit | user=jenkins1000 | ip=192.168.69.105 | op=SEND_HEARTBEAT {datanodeUUID=480da6fd-5cad-42f6-a3a8-03ebe6e9ed72, command=[]} | ret=SUCCESS |  
2019-08-23 09:15:58,523 | INFO  | SCMAudit | user=jenkins1000 | ip=192.168.69.105 | op=SEND_HEARTBEAT {datanodeUUID=06d76673-acfc-4852-ba17-8edfd4d37f5d, command=[]} | ret=SUCCESS |  
2019-08-23 09:15:58,543 | INFO  | SCMAudit | user=jenkins1000 | ip=192.168.69.105 | op=SEND_HEARTBEAT {datanodeUUID=ce3b71d6-803c-4999-98a7-ed3c8197db33, command=[]} | ret=SUCCESS |  
2019-08-23 09:15:58,553 | INFO  | SCMAudit | user=jenkins1000 | ip=192.168.69.105 | op=SEND_HEARTBEAT {datanodeUUID=41b9b824-85d6-416a-bf4a-c5cccd6fce1e, command=[]} | ret=SUCCESS |  
2019-08-23 09:15:58,659 | INFO  | SCMAudit | user=jenkins1000 | ip=192.168.69.105 | op=SEND_HEARTBEAT {datanodeUUID=6db0b5b4-33e5-45b9-ab7c-8a068485ef09, command=[]} | ret=SUCCESS |  
2019-08-23 09:15:58,947 | INFO  | SCMAudit | user=jenkins1000 | ip=192.168.69.105 | op=SEND_HEARTBEAT {datanodeUUID=0a284024-13d6-46ed-b1db-6a3886ae2776, command=[]} | ret=SUCCESS |  
2019-08-23 09:15:59,065 | INFO  | SCMAudit | user=jenkins1000 | ip=192.168.69.105 | op=SEND_HEARTBEAT {datanodeUUID=e3f86e53-8f15-4a09-b253-90a30ace4ba2, command=[]} | ret=SUCCESS |  
2019-08-23 09:15:59,457 | INFO  | SCMAudit | user=jenkins1000 | ip=192.168.69.105 | op=SEND_HEARTBEAT {datanodeUUID=480da6fd-5cad-42f6-a3a8-03ebe6e9ed72, command=[]} | ret=SUCCESS |  
2019-08-23 09:15:59,523 | INFO  | SCMAudit | user=jenkins1000 | ip=192.168.69.105 | op=SEND_HEARTBEAT {datanodeUUID=06d76673-acfc-4852-ba17-8edfd4d37f5d, command=[]} | ret=SUCCESS |  
2019-08-23 09:15:59,544 | INFO  | SCMAudit | user=jenkins1000 | ip=192.168.69.105 | op=SEND_HEARTBEAT {datanodeUUID=ce3b71d6-803c-4999-98a7-ed3c8197db33, command=[]} | ret=SUCCESS |  
2019-08-23 09:15:59,553 | INFO  | SCMAudit | user=jenkins1000 | ip=192.168.69.105 | op=SEND_HEARTBEAT {datanodeUUID=41b9b824-85d6-416a-bf4a-c5cccd6fce1e, command=[]} | ret=SUCCESS |  
2019-08-23 09:15:59,663 | INFO  | SCMAudit | user=jenkins1000 | ip=192.168.69.105 | op=SEND_HEARTBEAT {datanodeUUID=6db0b5b4-33e5-45b9-ab7c-8a068485ef09, command=[]} | ret=SUCCESS |  
2019-08-23 09:15:59,947 | INFO  | SCMAudit | user=jenkins1000 | ip=192.168.69.105 | op=SEND_HEARTBEAT {datanodeUUID=0a284024-13d6-46ed-b1db-6a3886ae2776, command=[]} | ret=SUCCESS |  
2019-08-23 09:16:00,064 | INFO  | SCMAudit | user=jenkins1000 | ip=192.168.69.105 | op=SEND_HEARTBEAT {datanodeUUID=e3f86e53-8f15-4a09-b253-90a30ace4ba2, command=[]} | ret=SUCCESS |  
2019-08-23 09:16:00,456 | INFO  | SCMAudit | user=jenkins1000 | ip=192.168.69.105 | op=SEND_HEARTBEAT {datanodeUUID=480da6fd-5cad-42f6-a3a8-03ebe6e9ed72, command=[]} | ret=SUCCESS |  
2019-08-23 09:16:00,524 | INFO  | SCMAudit | user=jenkins1000 | ip=192.168.69.105 | op=SEND_HEARTBEAT {datanodeUUID=06d76673-acfc-4852-ba17-8edfd4d37f5d, command=[]} | ret=SUCCESS |  
2019-08-23 09:16:00,545 | INFO  | SCMAudit | user=jenkins1000 | ip=192.168.69.105 | op=SEND_HEARTBEAT {datanodeUUID=ce3b71d6-803c-4999-98a7-ed3c8197db33, command=[]} | ret=SUCCESS |  
2019-08-23 09:16:00,553 | INFO  | SCMAudit | user=jenkins1000 | ip=192.168.69.105 | op=SEND_HEARTBEAT {datanodeUUID=41b9b824-85d6-416a-bf4a-c5cccd6fce1e, command=[]} | ret=SUCCESS |  
2019-08-23 09:16:00,663 | INFO  | SCMAudit | user=jenkins1000 | ip=192.168.69.105 | op=SEND_HEARTBEAT {datanodeUUID=6db0b5b4-33e5-45b9-ab7c-8a068485ef09, command=[]} | ret=SUCCESS |  
2019-08-23 09:16:00,947 | INFO  | SCMAudit | user=jenkins1000 | ip=192.168.69.105 | op=SEND_HEARTBEAT {datanodeUUID=0a284024-13d6-46ed-b1db-6a3886ae2776, command=[]} | ret=SUCCESS |  
2019-08-23 09:16:01,064 | INFO  | SCMAudit | user=jenkins1000 | ip=192.168.69.105 | op=SEND_HEARTBEAT {datanodeUUID=e3f86e53-8f15-4a09-b253-90a30ace4ba2, command=[]} | ret=SUCCESS |  
2019-08-23 09:16:01,457 | INFO  | SCMAudit | user=jenkins1000 | ip=192.168.69.105 | op=SEND_HEARTBEAT {datanodeUUID=480da6fd-5cad-42f6-a3a8-03ebe6e9ed72, command=[]} | ret=SUCCESS |  
2019-08-23 09:16:01,524 | INFO  | SCMAudit | user=jenkins1000 | ip=192.168.69.105 | op=SEND_HEARTBEAT {datanodeUUID=06d76673-acfc-4852-ba17-8edfd4d37f5d, command=[]} | ret=SUCCESS |  
2019-08-23 09:16:01,546 | INFO  | SCMAudit | user=jenkins1000 | ip=192.168.69.105 | op=SEND_HEARTBEAT {datanodeUUID=ce3b71d6-803c-4999-98a7-ed3c8197db33, command=[]} | ret=SUCCESS |  
2019-08-23 09:16:01,553 | INFO  | SCMAudit | user=jenkins1000 | ip=192.168.69.105 | op=SEND_HEARTBEAT {datanodeUUID=41b9b824-85d6-416a-bf4a-c5cccd6fce1e, command=[]} | ret=SUCCESS |  
2019-08-23 09:16:01,663 | INFO  | SCMAudit | user=jenkins1000 | ip=192.168.69.105 | op=SEND_HEARTBEAT {datanodeUUID=6db0b5b4-33e5-45b9-ab7c-8a068485ef09, command=[]} | ret=SUCCESS |  
2019-08-23 09:16:01,715 [grpc-default-executor-2] INFO  client.GrpcClientProtocolClient (GrpcClientProtocolClient.java:onNext(255)) - client-E82DA6E02431->ce3b71d6-803c-4999-98a7-ed3c8197db33: receive RaftClientReply:client-E82DA6E02431->ce3b71d6-803c-4999-98a7-ed3c8197db33@group-73033864ACD7, cid=45, FAILED org.apache.ratis.protocol.NotLeaderException: Server ce3b71d6-803c-4999-98a7-ed3c8197db33 is not the leader (06d76673-acfc-4852-ba17-8edfd4d37f5d:192.168.69.105:42001). Request must be sent to leader., logIndex=0, commits[ce3b71d6-803c-4999-98a7-ed3c8197db33:c8, 41b9b824-85d6-416a-bf4a-c5cccd6fce1e:c8, 06d76673-acfc-4852-ba17-8edfd4d37f5d:c8]
2019-08-23 09:16:01,947 | INFO  | SCMAudit | user=jenkins1000 | ip=192.168.69.105 | op=SEND_HEARTBEAT {datanodeUUID=0a284024-13d6-46ed-b1db-6a3886ae2776, command=[]} | ret=SUCCESS |  
2019-08-23 09:16:02,065 | INFO  | SCMAudit | user=jenkins1000 | ip=192.168.69.105 | op=SEND_HEARTBEAT {datanodeUUID=e3f86e53-8f15-4a09-b253-90a30ace4ba2, command=[]} | ret=SUCCESS |  
2019-08-23 09:16:02,456 | INFO  | SCMAudit | user=jenkins1000 | ip=192.168.69.105 | op=SEND_HEARTBEAT {datanodeUUID=480da6fd-5cad-42f6-a3a8-03ebe6e9ed72, command=[]} | ret=SUCCESS |  
2019-08-23 09:16:02,525 | INFO  | SCMAudit | user=jenkins1000 | ip=192.168.69.105 | op=SEND_HEARTBEAT {datanodeUUID=06d76673-acfc-4852-ba17-8edfd4d37f5d, command=[]} | ret=SUCCESS |  
2019-08-23 09:16:02,546 | INFO  | SCMAudit | user=jenkins1000 | ip=192.168.69.105 | op=SEND_HEARTBEAT {datanodeUUID=ce3b71d6-803c-4999-98a7-ed3c8197db33, command=[]} | ret=SUCCESS |  
2019-08-23 09:16:02,553 | INFO  | SCMAudit | user=jenkins1000 | ip=192.168.69.105 | op=SEND_HEARTBEAT {datanodeUUID=41b9b824-85d6-416a-bf4a-c5cccd6fce1e, command=[]} | ret=SUCCESS |  
2019-08-23 09:16:02,663 | INFO  | SCMAudit | user=jenkins1000 | ip=192.168.69.105 | op=SEND_HEARTBEAT {datanodeUUID=6db0b5b4-33e5-45b9-ab7c-8a068485ef09, command=[]} | ret=SUCCESS |  
2019-08-23 09:16:02,947 | INFO  | SCMAudit | user=jenkins1000 | ip=192.168.69.105 | op=SEND_HEARTBEAT {datanodeUUID=0a284024-13d6-46ed-b1db-6a3886ae2776, command=[]} | ret=SUCCESS |  
2019-08-23 09:16:03,067 | INFO  | SCMAudit | user=jenkins1000 | ip=192.168.69.105 | op=SEND_HEARTBEAT {datanodeUUID=e3f86e53-8f15-4a09-b253-90a30ace4ba2, command=[]} | ret=SUCCESS |  
2019-08-23 09:16:03,457 | INFO  | SCMAudit | user=jenkins1000 | ip=192.168.69.105 | op=SEND_HEARTBEAT {datanodeUUID=480da6fd-5cad-42f6-a3a8-03ebe6e9ed72, command=[]} | ret=SUCCESS |  
2019-08-23 09:16:03,524 | INFO  | SCMAudit | user=jenkins1000 | ip=192.168.69.105 | op=SEND_HEARTBEAT {datanodeUUID=06d76673-acfc-4852-ba17-8edfd4d37f5d, command=[]} | ret=SUCCESS |  
2019-08-23 09:16:03,546 | INFO  | SCMAudit | user=jenkins1000 | ip=192.168.69.105 | op=SEND_HEARTBEAT {datanodeUUID=ce3b71d6-803c-4999-98a7-ed3c8197db33, command=[]} | ret=SUCCESS |  
2019-08-23 09:16:03,553 | INFO  | SCMAudit | user=jenkins1000 | ip=192.168.69.105 | op=SEND_HEARTBEAT {datanodeUUID=41b9b824-85d6-416a-bf4a-c5cccd6fce1e, command=[]} | ret=SUCCESS |  
2019-08-23 09:16:03,663 | INFO  | SCMAudit | user=jenkins1000 | ip=192.168.69.105 | op=SEND_HEARTBEAT {datanodeUUID=6db0b5b4-33e5-45b9-ab7c-8a068485ef09, command=[]} | ret=SUCCESS |  
2019-08-23 09:16:03,947 | INFO  | SCMAudit | user=jenkins1000 | ip=192.168.69.105 | op=SEND_HEARTBEAT {datanodeUUID=0a284024-13d6-46ed-b1db-6a3886ae2776, command=[]} | ret=SUCCESS |  
2019-08-23 09:16:04,065 | INFO  | SCMAudit | user=jenkins1000 | ip=192.168.69.105 | op=SEND_HEARTBEAT {datanodeUUID=e3f86e53-8f15-4a09-b253-90a30ace4ba2, command=[]} | ret=SUCCESS |  
2019-08-23 09:16:04,456 | INFO  | SCMAudit | user=jenkins1000 | ip=192.168.69.105 | op=SEND_HEARTBEAT {datanodeUUID=480da6fd-5cad-42f6-a3a8-03ebe6e9ed72, command=[]} | ret=SUCCESS |  
2019-08-23 09:16:04,525 | INFO  | SCMAudit | user=jenkins1000 | ip=192.168.69.105 | op=SEND_HEARTBEAT {datanodeUUID=06d76673-acfc-4852-ba17-8edfd4d37f5d, command=[]} | ret=SUCCESS |  
2019-08-23 09:16:04,546 | INFO  | SCMAudit | user=jenkins1000 | ip=192.168.69.105 | op=SEND_HEARTBEAT {datanodeUUID=ce3b71d6-803c-4999-98a7-ed3c8197db33, command=[]} | ret=SUCCESS |  
2019-08-23 09:16:04,554 | INFO  | SCMAudit | user=jenkins1000 | ip=192.168.69.105 | op=SEND_HEARTBEAT {datanodeUUID=41b9b824-85d6-416a-bf4a-c5cccd6fce1e, command=[]} | ret=SUCCESS |  
2019-08-23 09:16:04,663 | INFO  | SCMAudit | user=jenkins1000 | ip=192.168.69.105 | op=SEND_HEARTBEAT {datanodeUUID=6db0b5b4-33e5-45b9-ab7c-8a068485ef09, command=[]} | ret=SUCCESS |  
2019-08-23 09:16:04,947 | INFO  | SCMAudit | user=jenkins1000 | ip=192.168.69.105 | op=SEND_HEARTBEAT {datanodeUUID=0a284024-13d6-46ed-b1db-6a3886ae2776, command=[]} | ret=SUCCESS |  
2019-08-23 09:16:05,069 | INFO  | SCMAudit | user=jenkins1000 | ip=192.168.69.105 | op=SEND_HEARTBEAT {datanodeUUID=e3f86e53-8f15-4a09-b253-90a30ace4ba2, command=[]} | ret=SUCCESS |  
2019-08-23 09:16:05,456 | INFO  | SCMAudit | user=jenkins1000 | ip=192.168.69.105 | op=SEND_HEARTBEAT {datanodeUUID=480da6fd-5cad-42f6-a3a8-03ebe6e9ed72, command=[]} | ret=SUCCESS |  
2019-08-23 09:16:05,524 | INFO  | SCMAudit | user=jenkins1000 | ip=192.168.69.105 | op=SEND_HEARTBEAT {datanodeUUID=06d76673-acfc-4852-ba17-8edfd4d37f5d, command=[]} | ret=SUCCESS |  
2019-08-23 09:16:05,546 | INFO  | SCMAudit | user=jenkins1000 | ip=192.168.69.105 | op=SEND_HEARTBEAT {datanodeUUID=ce3b71d6-803c-4999-98a7-ed3c8197db33, command=[]} | ret=SUCCESS |  
2019-08-23 09:16:05,554 | INFO  | SCMAudit | user=jenkins1000 | ip=192.168.69.105 | op=SEND_HEARTBEAT {datanodeUUID=41b9b824-85d6-416a-bf4a-c5cccd6fce1e, command=[]} | ret=SUCCESS |  
2019-08-23 09:16:05,663 | INFO  | SCMAudit | user=jenkins1000 | ip=192.168.69.105 | op=SEND_HEARTBEAT {datanodeUUID=6db0b5b4-33e5-45b9-ab7c-8a068485ef09, command=[]} | ret=SUCCESS |  
2019-08-23 09:16:05,948 | INFO  | SCMAudit | user=jenkins1000 | ip=192.168.69.105 | op=SEND_HEARTBEAT {datanodeUUID=0a284024-13d6-46ed-b1db-6a3886ae2776, command=[]} | ret=SUCCESS |  
2019-08-23 09:16:06,069 | INFO  | SCMAudit | user=jenkins1000 | ip=192.168.69.105 | op=SEND_HEARTBEAT {datanodeUUID=e3f86e53-8f15-4a09-b253-90a30ace4ba2, command=[]} | ret=SUCCESS |  
2019-08-23 09:16:06,456 | INFO  | SCMAudit | user=jenkins1000 | ip=192.168.69.105 | op=SEND_HEARTBEAT {datanodeUUID=480da6fd-5cad-42f6-a3a8-03ebe6e9ed72, command=[]} | ret=SUCCESS |  
2019-08-23 09:16:06,524 | INFO  | SCMAudit | user=jenkins1000 | ip=192.168.69.105 | op=SEND_HEARTBEAT {datanodeUUID=06d76673-acfc-4852-ba17-8edfd4d37f5d, command=[]} | ret=SUCCESS |  
2019-08-23 09:16:06,546 | INFO  | SCMAudit | user=jenkins1000 | ip=192.168.69.105 | op=SEND_HEARTBEAT {datanodeUUID=ce3b71d6-803c-4999-98a7-ed3c8197db33, command=[]} | ret=SUCCESS |  
2019-08-23 09:16:06,554 | INFO  | SCMAudit | user=jenkins1000 | ip=192.168.69.105 | op=SEND_HEARTBEAT {datanodeUUID=41b9b824-85d6-416a-bf4a-c5cccd6fce1e, command=[]} | ret=SUCCESS |  
2019-08-23 09:16:06,663 | INFO  | SCMAudit | user=jenkins1000 | ip=192.168.69.105 | op=SEND_HEARTBEAT {datanodeUUID=6db0b5b4-33e5-45b9-ab7c-8a068485ef09, command=[]} | ret=SUCCESS |  
2019-08-23 09:16:06,757 [grpc-default-executor-2] INFO  client.GrpcClientProtocolClient (GrpcClientProtocolClient.java:onNext(255)) - client-E82DA6E02431->41b9b824-85d6-416a-bf4a-c5cccd6fce1e: receive RaftClientReply:client-E82DA6E02431->41b9b824-85d6-416a-bf4a-c5cccd6fce1e@group-73033864ACD7, cid=45, FAILED org.apache.ratis.protocol.NotLeaderException: Server 41b9b824-85d6-416a-bf4a-c5cccd6fce1e is not the leader (06d76673-acfc-4852-ba17-8edfd4d37f5d:192.168.69.105:42001). Request must be sent to leader., logIndex=0, commits[41b9b824-85d6-416a-bf4a-c5cccd6fce1e:c8, ce3b71d6-803c-4999-98a7-ed3c8197db33:c8, 06d76673-acfc-4852-ba17-8edfd4d37f5d:c8]
2019-08-23 09:16:06,948 | INFO  | SCMAudit | user=jenkins1000 | ip=192.168.69.105 | op=SEND_HEARTBEAT {datanodeUUID=0a284024-13d6-46ed-b1db-6a3886ae2776, command=[]} | ret=SUCCESS |  
2019-08-23 09:16:07,069 | INFO  | SCMAudit | user=jenkins1000 | ip=192.168.69.105 | op=SEND_HEARTBEAT {datanodeUUID=e3f86e53-8f15-4a09-b253-90a30ace4ba2, command=[]} | ret=SUCCESS |  
2019-08-23 09:16:07,456 | INFO  | SCMAudit | user=jenkins1000 | ip=192.168.69.105 | op=SEND_HEARTBEAT {datanodeUUID=480da6fd-5cad-42f6-a3a8-03ebe6e9ed72, command=[]} | ret=SUCCESS |  
2019-08-23 09:16:07,525 | INFO  | SCMAudit | user=jenkins1000 | ip=192.168.69.105 | op=SEND_HEARTBEAT {datanodeUUID=06d76673-acfc-4852-ba17-8edfd4d37f5d, command=[]} | ret=SUCCESS |  
2019-08-23 09:16:07,546 | INFO  | SCMAudit | user=jenkins1000 | ip=192.168.69.105 | op=SEND_HEARTBEAT {datanodeUUID=ce3b71d6-803c-4999-98a7-ed3c8197db33, command=[]} | ret=SUCCESS |  
2019-08-23 09:16:07,554 | INFO  | SCMAudit | user=jenkins1000 | ip=192.168.69.105 | op=SEND_HEARTBEAT {datanodeUUID=41b9b824-85d6-416a-bf4a-c5cccd6fce1e, command=[]} | ret=SUCCESS |  
2019-08-23 09:16:07,663 | INFO  | SCMAudit | user=jenkins1000 | ip=192.168.69.105 | op=SEND_HEARTBEAT {datanodeUUID=6db0b5b4-33e5-45b9-ab7c-8a068485ef09, command=[]} | ret=SUCCESS |  
2019-08-23 09:16:07,948 | INFO  | SCMAudit | user=jenkins1000 | ip=192.168.69.105 | op=SEND_HEARTBEAT {datanodeUUID=0a284024-13d6-46ed-b1db-6a3886ae2776, command=[]} | ret=SUCCESS |  
2019-08-23 09:16:08,069 | INFO  | SCMAudit | user=jenkins1000 | ip=192.168.69.105 | op=SEND_HEARTBEAT {datanodeUUID=e3f86e53-8f15-4a09-b253-90a30ace4ba2, command=[]} | ret=SUCCESS |  
2019-08-23 09:16:08,457 | INFO  | SCMAudit | user=jenkins1000 | ip=192.168.69.105 | op=SEND_HEARTBEAT {datanodeUUID=480da6fd-5cad-42f6-a3a8-03ebe6e9ed72, command=[]} | ret=SUCCESS |  
2019-08-23 09:16:08,525 | INFO  | SCMAudit | user=jenkins1000 | ip=192.168.69.105 | op=SEND_HEARTBEAT {datanodeUUID=06d76673-acfc-4852-ba17-8edfd4d37f5d, command=[]} | ret=SUCCESS |  
2019-08-23 09:16:08,546 | INFO  | SCMAudit | user=jenkins1000 | ip=192.168.69.105 | op=SEND_HEARTBEAT {datanodeUUID=ce3b71d6-803c-4999-98a7-ed3c8197db33, command=[]} | ret=SUCCESS |  
2019-08-23 09:16:08,554 | INFO  | SCMAudit | user=jenkins1000 | ip=192.168.69.105 | op=SEND_HEARTBEAT {datanodeUUID=41b9b824-85d6-416a-bf4a-c5cccd6fce1e, command=[]} | ret=SUCCESS |  
2019-08-23 09:16:08,663 | INFO  | SCMAudit | user=jenkins1000 | ip=192.168.69.105 | op=SEND_HEARTBEAT {datanodeUUID=6db0b5b4-33e5-45b9-ab7c-8a068485ef09, command=[]} | ret=SUCCESS |  
2019-08-23 09:16:08,948 | INFO  | SCMAudit | user=jenkins1000 | ip=192.168.69.105 | op=SEND_HEARTBEAT {datanodeUUID=0a284024-13d6-46ed-b1db-6a3886ae2776, command=[]} | ret=SUCCESS |  
2019-08-23 09:16:09,070 | INFO  | SCMAudit | user=jenkins1000 | ip=192.168.69.105 | op=SEND_HEARTBEAT {datanodeUUID=e3f86e53-8f15-4a09-b253-90a30ace4ba2, command=[]} | ret=SUCCESS |  
2019-08-23 09:16:09,457 | INFO  | SCMAudit | user=jenkins1000 | ip=192.168.69.105 | op=SEND_HEARTBEAT {datanodeUUID=480da6fd-5cad-42f6-a3a8-03ebe6e9ed72, command=[]} | ret=SUCCESS |  
2019-08-23 09:16:09,526 | INFO  | SCMAudit | user=jenkins1000 | ip=192.168.69.105 | op=SEND_HEARTBEAT {datanodeUUID=06d76673-acfc-4852-ba17-8edfd4d37f5d, command=[]} | ret=SUCCESS |  
2019-08-23 09:16:09,546 | INFO  | SCMAudit | user=jenkins1000 | ip=192.168.69.105 | op=SEND_HEARTBEAT {datanodeUUID=ce3b71d6-803c-4999-98a7-ed3c8197db33, command=[]} | ret=SUCCESS |  
2019-08-23 09:16:09,554 | INFO  | SCMAudit | user=jenkins1000 | ip=192.168.69.105 | op=SEND_HEARTBEAT {datanodeUUID=41b9b824-85d6-416a-bf4a-c5cccd6fce1e, command=[]} | ret=SUCCESS |  
2019-08-23 09:16:09,663 | INFO  | SCMAudit | user=jenkins1000 | ip=192.168.69.105 | op=SEND_HEARTBEAT {datanodeUUID=6db0b5b4-33e5-45b9-ab7c-8a068485ef09, command=[]} | ret=SUCCESS |  
2019-08-23 09:16:09,949 | INFO  | SCMAudit | user=jenkins1000 | ip=192.168.69.105 | op=SEND_HEARTBEAT {datanodeUUID=0a284024-13d6-46ed-b1db-6a3886ae2776, command=[]} | ret=SUCCESS |  
2019-08-23 09:16:10,070 | INFO  | SCMAudit | user=jenkins1000 | ip=192.168.69.105 | op=SEND_HEARTBEAT {datanodeUUID=e3f86e53-8f15-4a09-b253-90a30ace4ba2, command=[]} | ret=SUCCESS |  
2019-08-23 09:16:10,457 | INFO  | SCMAudit | user=jenkins1000 | ip=192.168.69.105 | op=SEND_HEARTBEAT {datanodeUUID=480da6fd-5cad-42f6-a3a8-03ebe6e9ed72, command=[]} | ret=SUCCESS |  
2019-08-23 09:16:10,525 | INFO  | SCMAudit | user=jenkins1000 | ip=192.168.69.105 | op=SEND_HEARTBEAT {datanodeUUID=06d76673-acfc-4852-ba17-8edfd4d37f5d, command=[]} | ret=SUCCESS |  
2019-08-23 09:16:10,546 | INFO  | SCMAudit | user=jenkins1000 | ip=192.168.69.105 | op=SEND_HEARTBEAT {datanodeUUID=ce3b71d6-803c-4999-98a7-ed3c8197db33, command=[]} | ret=SUCCESS |  
2019-08-23 09:16:10,554 | INFO  | SCMAudit | user=jenkins1000 | ip=192.168.69.105 | op=SEND_HEARTBEAT {datanodeUUID=41b9b824-85d6-416a-bf4a-c5cccd6fce1e, command=[]} | ret=SUCCESS |  
2019-08-23 09:16:10,664 | INFO  | SCMAudit | user=jenkins1000 | ip=192.168.69.105 | op=SEND_HEARTBEAT {datanodeUUID=6db0b5b4-33e5-45b9-ab7c-8a068485ef09, command=[]} | ret=SUCCESS |  
2019-08-23 09:16:10,948 | INFO  | SCMAudit | user=jenkins1000 | ip=192.168.69.105 | op=SEND_HEARTBEAT {datanodeUUID=0a284024-13d6-46ed-b1db-6a3886ae2776, command=[]} | ret=SUCCESS |  
2019-08-23 09:16:11,069 | INFO  | SCMAudit | user=jenkins1000 | ip=192.168.69.105 | op=SEND_HEARTBEAT {datanodeUUID=e3f86e53-8f15-4a09-b253-90a30ace4ba2, command=[]} | ret=SUCCESS |  
2019-08-23 09:16:11,458 | INFO  | SCMAudit | user=jenkins1000 | ip=192.168.69.105 | op=SEND_HEARTBEAT {datanodeUUID=480da6fd-5cad-42f6-a3a8-03ebe6e9ed72, command=[]} | ret=SUCCESS |  
2019-08-23 09:16:11,526 | INFO  | SCMAudit | user=jenkins1000 | ip=192.168.69.105 | op=SEND_HEARTBEAT {datanodeUUID=06d76673-acfc-4852-ba17-8edfd4d37f5d, command=[]} | ret=SUCCESS |  
2019-08-23 09:16:11,547 | INFO  | SCMAudit | user=jenkins1000 | ip=192.168.69.105 | op=SEND_HEARTBEAT {datanodeUUID=ce3b71d6-803c-4999-98a7-ed3c8197db33, command=[]} | ret=SUCCESS |  
2019-08-23 09:16:11,556 | INFO  | SCMAudit | user=jenkins1000 | ip=192.168.69.105 | op=SEND_HEARTBEAT {datanodeUUID=41b9b824-85d6-416a-bf4a-c5cccd6fce1e, command=[]} | ret=SUCCESS |  
2019-08-23 09:16:11,664 | INFO  | SCMAudit | user=jenkins1000 | ip=192.168.69.105 | op=SEND_HEARTBEAT {datanodeUUID=6db0b5b4-33e5-45b9-ab7c-8a068485ef09, command=[]} | ret=SUCCESS |  
2019-08-23 09:16:11,794 [grpc-default-executor-2] INFO  client.GrpcClientProtocolClient (GrpcClientProtocolClient.java:onNext(255)) - client-E82DA6E02431->ce3b71d6-803c-4999-98a7-ed3c8197db33: receive RaftClientReply:client-E82DA6E02431->ce3b71d6-803c-4999-98a7-ed3c8197db33@group-73033864ACD7, cid=45, FAILED org.apache.ratis.protocol.NotLeaderException: Server ce3b71d6-803c-4999-98a7-ed3c8197db33 is not the leader (06d76673-acfc-4852-ba17-8edfd4d37f5d:192.168.69.105:42001). Request must be sent to leader., logIndex=0, commits[ce3b71d6-803c-4999-98a7-ed3c8197db33:c8, 41b9b824-85d6-416a-bf4a-c5cccd6fce1e:c8, 06d76673-acfc-4852-ba17-8edfd4d37f5d:c8]
2019-08-23 09:16:11,948 | INFO  | SCMAudit | user=jenkins1000 | ip=192.168.69.105 | op=SEND_HEARTBEAT {datanodeUUID=0a284024-13d6-46ed-b1db-6a3886ae2776, command=[]} | ret=SUCCESS |  
2019-08-23 09:16:12,069 | INFO  | SCMAudit | user=jenkins1000 | ip=192.168.69.105 | op=SEND_HEARTBEAT {datanodeUUID=e3f86e53-8f15-4a09-b253-90a30ace4ba2, command=[]} | ret=SUCCESS |  
2019-08-23 09:16:12,457 | INFO  | SCMAudit | user=jenkins1000 | ip=192.168.69.105 | op=SEND_HEARTBEAT {datanodeUUID=480da6fd-5cad-42f6-a3a8-03ebe6e9ed72, command=[]} | ret=SUCCESS |  
2019-08-23 09:16:12,525 | INFO  | SCMAudit | user=jenkins1000 | ip=192.168.69.105 | op=SEND_HEARTBEAT {datanodeUUID=06d76673-acfc-4852-ba17-8edfd4d37f5d, command=[]} | ret=SUCCESS |  
2019-08-23 09:16:12,547 | INFO  | SCMAudit | user=jenkins1000 | ip=192.168.69.105 | op=SEND_HEARTBEAT {datanodeUUID=ce3b71d6-803c-4999-98a7-ed3c8197db33, command=[]} | ret=SUCCESS |  
2019-08-23 09:16:12,555 | INFO  | SCMAudit | user=jenkins1000 | ip=192.168.69.105 | op=SEND_HEARTBEAT {datanodeUUID=41b9b824-85d6-416a-bf4a-c5cccd6fce1e, command=[]} | ret=SUCCESS |  
2019-08-23 09:16:12,663 | INFO  | SCMAudit | user=jenkins1000 | ip=192.168.69.105 | op=SEND_HEARTBEAT {datanodeUUID=6db0b5b4-33e5-45b9-ab7c-8a068485ef09, command=[]} | ret=SUCCESS |  
2019-08-23 09:16:12,949 | INFO  | SCMAudit | user=jenkins1000 | ip=192.168.69.105 | op=SEND_HEARTBEAT {datanodeUUID=0a284024-13d6-46ed-b1db-6a3886ae2776, command=[]} | ret=SUCCESS |  
2019-08-23 09:16:13,069 | INFO  | SCMAudit | user=jenkins1000 | ip=192.168.69.105 | op=SEND_HEARTBEAT {datanodeUUID=e3f86e53-8f15-4a09-b253-90a30ace4ba2, command=[]} | ret=SUCCESS |  
2019-08-23 09:16:13,457 | INFO  | SCMAudit | user=jenkins1000 | ip=192.168.69.105 | op=SEND_HEARTBEAT {datanodeUUID=480da6fd-5cad-42f6-a3a8-03ebe6e9ed72, command=[]} | ret=SUCCESS |  
2019-08-23 09:16:13,525 | INFO  | SCMAudit | user=jenkins1000 | ip=192.168.69.105 | op=SEND_HEARTBEAT {datanodeUUID=06d76673-acfc-4852-ba17-8edfd4d37f5d, command=[]} | ret=SUCCESS |  
2019-08-23 09:16:13,547 | INFO  | SCMAudit | user=jenkins1000 | ip=192.168.69.105 | op=SEND_HEARTBEAT {datanodeUUID=ce3b71d6-803c-4999-98a7-ed3c8197db33, command=[]} | ret=SUCCESS |  
2019-08-23 09:16:13,556 | INFO  | SCMAudit | user=jenkins1000 | ip=192.168.69.105 | op=SEND_HEARTBEAT {datanodeUUID=41b9b824-85d6-416a-bf4a-c5cccd6fce1e, command=[]} | ret=SUCCESS |  
2019-08-23 09:16:13,663 | INFO  | SCMAudit | user=jenkins1000 | ip=192.168.69.105 | op=SEND_HEARTBEAT {datanodeUUID=6db0b5b4-33e5-45b9-ab7c-8a068485ef09, command=[]} | ret=SUCCESS |  
2019-08-23 09:16:13,948 | INFO  | SCMAudit | user=jenkins1000 | ip=192.168.69.105 | op=SEND_HEARTBEAT {datanodeUUID=0a284024-13d6-46ed-b1db-6a3886ae2776, command=[]} | ret=SUCCESS |  
2019-08-23 09:16:14,070 | INFO  | SCMAudit | user=jenkins1000 | ip=192.168.69.105 | op=SEND_HEARTBEAT {datanodeUUID=e3f86e53-8f15-4a09-b253-90a30ace4ba2, command=[]} | ret=SUCCESS |  
2019-08-23 09:16:14,458 | INFO  | SCMAudit | user=jenkins1000 | ip=192.168.69.105 | op=SEND_HEARTBEAT {datanodeUUID=480da6fd-5cad-42f6-a3a8-03ebe6e9ed72, command=[]} | ret=SUCCESS |  
2019-08-23 09:16:14,526 | INFO  | SCMAudit | user=jenkins1000 | ip=192.168.69.105 | op=SEND_HEARTBEAT {datanodeUUID=06d76673-acfc-4852-ba17-8edfd4d37f5d, command=[]} | ret=SUCCESS |  
2019-08-23 09:16:14,547 | INFO  | SCMAudit | user=jenkins1000 | ip=192.168.69.105 | op=SEND_HEARTBEAT {datanodeUUID=ce3b71d6-803c-4999-98a7-ed3c8197db33, command=[]} | ret=SUCCESS |  
2019-08-23 09:16:14,556 | INFO  | SCMAudit | user=jenkins1000 | ip=192.168.69.105 | op=SEND_HEARTBEAT {datanodeUUID=41b9b824-85d6-416a-bf4a-c5cccd6fce1e, command=[]} | ret=SUCCESS |  
2019-08-23 09:16:14,663 | INFO  | SCMAudit | user=jenkins1000 | ip=192.168.69.105 | op=SEND_HEARTBEAT {datanodeUUID=6db0b5b4-33e5-45b9-ab7c-8a068485ef09, command=[]} | ret=SUCCESS |  
2019-08-23 09:16:14,948 | INFO  | SCMAudit | user=jenkins1000 | ip=192.168.69.105 | op=SEND_HEARTBEAT {datanodeUUID=0a284024-13d6-46ed-b1db-6a3886ae2776, command=[]} | ret=SUCCESS |  
2019-08-23 09:16:15,071 | INFO  | SCMAudit | user=jenkins1000 | ip=192.168.69.105 | op=SEND_HEARTBEAT {datanodeUUID=e3f86e53-8f15-4a09-b253-90a30ace4ba2, command=[]} | ret=SUCCESS |  
2019-08-23 09:16:15,457 | INFO  | SCMAudit | user=jenkins1000 | ip=192.168.69.105 | op=SEND_HEARTBEAT {datanodeUUID=480da6fd-5cad-42f6-a3a8-03ebe6e9ed72, command=[]} | ret=SUCCESS |  
2019-08-23 09:16:15,525 | INFO  | SCMAudit | user=jenkins1000 | ip=192.168.69.105 | op=SEND_HEARTBEAT {datanodeUUID=06d76673-acfc-4852-ba17-8edfd4d37f5d, command=[]} | ret=SUCCESS |  
2019-08-23 09:16:15,547 | INFO  | SCMAudit | user=jenkins1000 | ip=192.168.69.105 | op=SEND_HEARTBEAT {datanodeUUID=ce3b71d6-803c-4999-98a7-ed3c8197db33, command=[]} | ret=SUCCESS |  
2019-08-23 09:16:15,556 | INFO  | SCMAudit | user=jenkins1000 | ip=192.168.69.105 | op=SEND_HEARTBEAT {datanodeUUID=41b9b824-85d6-416a-bf4a-c5cccd6fce1e, command=[]} | ret=SUCCESS |  
2019-08-23 09:16:15,663 | INFO  | SCMAudit | user=jenkins1000 | ip=192.168.69.105 | op=SEND_HEARTBEAT {datanodeUUID=6db0b5b4-33e5-45b9-ab7c-8a068485ef09, command=[]} | ret=SUCCESS |  
2019-08-23 09:16:15,948 | INFO  | SCMAudit | user=jenkins1000 | ip=192.168.69.105 | op=SEND_HEARTBEAT {datanodeUUID=0a284024-13d6-46ed-b1db-6a3886ae2776, command=[]} | ret=SUCCESS |  
2019-08-23 09:16:16,071 | INFO  | SCMAudit | user=jenkins1000 | ip=192.168.69.105 | op=SEND_HEARTBEAT {datanodeUUID=e3f86e53-8f15-4a09-b253-90a30ace4ba2, command=[]} | ret=SUCCESS |  
2019-08-23 09:16:16,457 | INFO  | SCMAudit | user=jenkins1000 | ip=192.168.69.105 | op=SEND_HEARTBEAT {datanodeUUID=480da6fd-5cad-42f6-a3a8-03ebe6e9ed72, command=[]} | ret=SUCCESS |  
2019-08-23 09:16:16,525 | INFO  | SCMAudit | user=jenkins1000 | ip=192.168.69.105 | op=SEND_HEARTBEAT {datanodeUUID=06d76673-acfc-4852-ba17-8edfd4d37f5d, command=[]} | ret=SUCCESS |  
2019-08-23 09:16:16,547 | INFO  | SCMAudit | user=jenkins1000 | ip=192.168.69.105 | op=SEND_HEARTBEAT {datanodeUUID=ce3b71d6-803c-4999-98a7-ed3c8197db33, command=[]} | ret=SUCCESS |  
2019-08-23 09:16:16,556 | INFO  | SCMAudit | user=jenkins1000 | ip=192.168.69.105 | op=SEND_HEARTBEAT {datanodeUUID=41b9b824-85d6-416a-bf4a-c5cccd6fce1e, command=[]} | ret=SUCCESS |  
2019-08-23 09:16:16,663 | INFO  | SCMAudit | user=jenkins1000 | ip=192.168.69.105 | op=SEND_HEARTBEAT {datanodeUUID=6db0b5b4-33e5-45b9-ab7c-8a068485ef09, command=[]} | ret=SUCCESS |  
2019-08-23 09:16:16,830 [grpc-default-executor-1] INFO  client.GrpcClientProtocolClient (GrpcClientProtocolClient.java:onNext(255)) - client-E82DA6E02431->41b9b824-85d6-416a-bf4a-c5cccd6fce1e: receive RaftClientReply:client-E82DA6E02431->41b9b824-85d6-416a-bf4a-c5cccd6fce1e@group-73033864ACD7, cid=45, FAILED org.apache.ratis.protocol.NotLeaderException: Server 41b9b824-85d6-416a-bf4a-c5cccd6fce1e is not the leader (06d76673-acfc-4852-ba17-8edfd4d37f5d:192.168.69.105:42001). Request must be sent to leader., logIndex=0, commits[41b9b824-85d6-416a-bf4a-c5cccd6fce1e:c8, ce3b71d6-803c-4999-98a7-ed3c8197db33:c8, 06d76673-acfc-4852-ba17-8edfd4d37f5d:c8]
2019-08-23 09:16:16,948 | INFO  | SCMAudit | user=jenkins1000 | ip=192.168.69.105 | op=SEND_HEARTBEAT {datanodeUUID=0a284024-13d6-46ed-b1db-6a3886ae2776, command=[]} | ret=SUCCESS |  
2019-08-23 09:16:17,071 | INFO  | SCMAudit | user=jenkins1000 | ip=192.168.69.105 | op=SEND_HEARTBEAT {datanodeUUID=e3f86e53-8f15-4a09-b253-90a30ace4ba2, command=[]} | ret=SUCCESS |  
2019-08-23 09:16:17,458 | INFO  | SCMAudit | user=jenkins1000 | ip=192.168.69.105 | op=SEND_HEARTBEAT {datanodeUUID=480da6fd-5cad-42f6-a3a8-03ebe6e9ed72, command=[]} | ret=SUCCESS |  
2019-08-23 09:16:17,525 | INFO  | SCMAudit | user=jenkins1000 | ip=192.168.69.105 | op=SEND_HEARTBEAT {datanodeUUID=06d76673-acfc-4852-ba17-8edfd4d37f5d, command=[]} | ret=SUCCESS |  
2019-08-23 09:16:17,547 | INFO  | SCMAudit | user=jenkins1000 | ip=192.168.69.105 | op=SEND_HEARTBEAT {datanodeUUID=ce3b71d6-803c-4999-98a7-ed3c8197db33, command=[]} | ret=SUCCESS |  
2019-08-23 09:16:17,556 | INFO  | SCMAudit | user=jenkins1000 | ip=192.168.69.105 | op=SEND_HEARTBEAT {datanodeUUID=41b9b824-85d6-416a-bf4a-c5cccd6fce1e, command=[]} | ret=SUCCESS |  
2019-08-23 09:16:17,663 | INFO  | SCMAudit | user=jenkins1000 | ip=192.168.69.105 | op=SEND_HEARTBEAT {datanodeUUID=6db0b5b4-33e5-45b9-ab7c-8a068485ef09, command=[]} | ret=SUCCESS |  
2019-08-23 09:16:17,948 | INFO  | SCMAudit | user=jenkins1000 | ip=192.168.69.105 | op=SEND_HEARTBEAT {datanodeUUID=0a284024-13d6-46ed-b1db-6a3886ae2776, command=[]} | ret=SUCCESS |  
2019-08-23 09:16:18,071 | INFO  | SCMAudit | user=jenkins1000 | ip=192.168.69.105 | op=SEND_HEARTBEAT {datanodeUUID=e3f86e53-8f15-4a09-b253-90a30ace4ba2, command=[]} | ret=SUCCESS |  
2019-08-23 09:16:18,458 | INFO  | SCMAudit | user=jenkins1000 | ip=192.168.69.105 | op=SEND_HEARTBEAT {datanodeUUID=480da6fd-5cad-42f6-a3a8-03ebe6e9ed72, command=[]} | ret=SUCCESS |  
2019-08-23 09:16:18,525 | INFO  | SCMAudit | user=jenkins1000 | ip=192.168.69.105 | op=SEND_HEARTBEAT {datanodeUUID=06d76673-acfc-4852-ba17-8edfd4d37f5d, command=[]} | ret=SUCCESS |  
2019-08-23 09:16:18,547 | INFO  | SCMAudit | user=jenkins1000 | ip=192.168.69.105 | op=SEND_HEARTBEAT {datanodeUUID=ce3b71d6-803c-4999-98a7-ed3c8197db33, command=[]} | ret=SUCCESS |  
2019-08-23 09:16:18,557 | INFO  | SCMAudit | user=jenkins1000 | ip=192.168.69.105 | op=SEND_HEARTBEAT {datanodeUUID=41b9b824-85d6-416a-bf4a-c5cccd6fce1e, command=[]} | ret=SUCCESS |  
2019-08-23 09:16:18,663 | INFO  | SCMAudit | user=jenkins1000 | ip=192.168.69.105 | op=SEND_HEARTBEAT {datanodeUUID=6db0b5b4-33e5-45b9-ab7c-8a068485ef09, command=[]} | ret=SUCCESS |  
2019-08-23 09:16:18,949 | INFO  | SCMAudit | user=jenkins1000 | ip=192.168.69.105 | op=SEND_HEARTBEAT {datanodeUUID=0a284024-13d6-46ed-b1db-6a3886ae2776, command=[]} | ret=SUCCESS |  
2019-08-23 09:16:19,071 | INFO  | SCMAudit | user=jenkins1000 | ip=192.168.69.105 | op=SEND_HEARTBEAT {datanodeUUID=e3f86e53-8f15-4a09-b253-90a30ace4ba2, command=[]} | ret=SUCCESS |  
2019-08-23 09:16:19,458 | INFO  | SCMAudit | user=jenkins1000 | ip=192.168.69.105 | op=SEND_HEARTBEAT {datanodeUUID=480da6fd-5cad-42f6-a3a8-03ebe6e9ed72, command=[]} | ret=SUCCESS |  
2019-08-23 09:16:19,525 | INFO  | SCMAudit | user=jenkins1000 | ip=192.168.69.105 | op=SEND_HEARTBEAT {datanodeUUID=06d76673-acfc-4852-ba17-8edfd4d37f5d, command=[]} | ret=SUCCESS |  
2019-08-23 09:16:19,547 | INFO  | SCMAudit | user=jenkins1000 | ip=192.168.69.105 | op=SEND_HEARTBEAT {datanodeUUID=ce3b71d6-803c-4999-98a7-ed3c8197db33, command=[]} | ret=SUCCESS |  
2019-08-23 09:16:19,557 | INFO  | SCMAudit | user=jenkins1000 | ip=192.168.69.105 | op=SEND_HEARTBEAT {datanodeUUID=41b9b824-85d6-416a-bf4a-c5cccd6fce1e, command=[]} | ret=SUCCESS |  
2019-08-23 09:16:19,663 | INFO  | SCMAudit | user=jenkins1000 | ip=192.168.69.105 | op=SEND_HEARTBEAT {datanodeUUID=6db0b5b4-33e5-45b9-ab7c-8a068485ef09, command=[]} | ret=SUCCESS |  
2019-08-23 09:16:19,949 | INFO  | SCMAudit | user=jenkins1000 | ip=192.168.69.105 | op=SEND_HEARTBEAT {datanodeUUID=0a284024-13d6-46ed-b1db-6a3886ae2776, command=[]} | ret=SUCCESS |  
2019-08-23 09:16:20,072 | INFO  | SCMAudit | user=jenkins1000 | ip=192.168.69.105 | op=SEND_HEARTBEAT {datanodeUUID=e3f86e53-8f15-4a09-b253-90a30ace4ba2, command=[]} | ret=SUCCESS |  
2019-08-23 09:16:20,459 | INFO  | SCMAudit | user=jenkins1000 | ip=192.168.69.105 | op=SEND_HEARTBEAT {datanodeUUID=480da6fd-5cad-42f6-a3a8-03ebe6e9ed72, command=[]} | ret=SUCCESS |  
2019-08-23 09:16:20,525 | INFO  | SCMAudit | user=jenkins1000 | ip=192.168.69.105 | op=SEND_HEARTBEAT {datanodeUUID=06d76673-acfc-4852-ba17-8edfd4d37f5d, command=[]} | ret=SUCCESS |  
2019-08-23 09:16:20,547 | INFO  | SCMAudit | user=jenkins1000 | ip=192.168.69.105 | op=SEND_HEARTBEAT {datanodeUUID=ce3b71d6-803c-4999-98a7-ed3c8197db33, command=[]} | ret=SUCCESS |  
2019-08-23 09:16:20,558 | INFO  | SCMAudit | user=jenkins1000 | ip=192.168.69.105 | op=SEND_HEARTBEAT {datanodeUUID=41b9b824-85d6-416a-bf4a-c5cccd6fce1e, command=[]} | ret=SUCCESS |  
2019-08-23 09:16:20,663 | INFO  | SCMAudit | user=jenkins1000 | ip=192.168.69.105 | op=SEND_HEARTBEAT {datanodeUUID=6db0b5b4-33e5-45b9-ab7c-8a068485ef09, command=[]} | ret=SUCCESS |  
2019-08-23 09:16:20,949 | INFO  | SCMAudit | user=jenkins1000 | ip=192.168.69.105 | op=SEND_HEARTBEAT {datanodeUUID=0a284024-13d6-46ed-b1db-6a3886ae2776, command=[]} | ret=SUCCESS |  
2019-08-23 09:16:21,073 | INFO  | SCMAudit | user=jenkins1000 | ip=192.168.69.105 | op=SEND_HEARTBEAT {datanodeUUID=e3f86e53-8f15-4a09-b253-90a30ace4ba2, command=[]} | ret=SUCCESS |  
2019-08-23 09:16:21,460 | INFO  | SCMAudit | user=jenkins1000 | ip=192.168.69.105 | op=SEND_HEARTBEAT {datanodeUUID=480da6fd-5cad-42f6-a3a8-03ebe6e9ed72, command=[]} | ret=SUCCESS |  
2019-08-23 09:16:21,526 | INFO  | SCMAudit | user=jenkins1000 | ip=192.168.69.105 | op=SEND_HEARTBEAT {datanodeUUID=06d76673-acfc-4852-ba17-8edfd4d37f5d, command=[]} | ret=SUCCESS |  
2019-08-23 09:16:21,547 | INFO  | SCMAudit | user=jenkins1000 | ip=192.168.69.105 | op=SEND_HEARTBEAT {datanodeUUID=ce3b71d6-803c-4999-98a7-ed3c8197db33, command=[]} | ret=SUCCESS |  
2019-08-23 09:16:21,558 | INFO  | SCMAudit | user=jenkins1000 | ip=192.168.69.105 | op=SEND_HEARTBEAT {datanodeUUID=41b9b824-85d6-416a-bf4a-c5cccd6fce1e, command=[]} | ret=SUCCESS |  
2019-08-23 09:16:21,663 | INFO  | SCMAudit | user=jenkins1000 | ip=192.168.69.105 | op=SEND_HEARTBEAT {datanodeUUID=6db0b5b4-33e5-45b9-ab7c-8a068485ef09, command=[]} | ret=SUCCESS |  
2019-08-23 09:16:21,880 [grpc-default-executor-2] INFO  client.GrpcClientProtocolClient (GrpcClientProtocolClient.java:onNext(255)) - client-E82DA6E02431->ce3b71d6-803c-4999-98a7-ed3c8197db33: receive RaftClientReply:client-E82DA6E02431->ce3b71d6-803c-4999-98a7-ed3c8197db33@group-73033864ACD7, cid=45, FAILED org.apache.ratis.protocol.NotLeaderException: Server ce3b71d6-803c-4999-98a7-ed3c8197db33 is not the leader (06d76673-acfc-4852-ba17-8edfd4d37f5d:192.168.69.105:42001). Request must be sent to leader., logIndex=0, commits[ce3b71d6-803c-4999-98a7-ed3c8197db33:c8, 41b9b824-85d6-416a-bf4a-c5cccd6fce1e:c8, 06d76673-acfc-4852-ba17-8edfd4d37f5d:c8]
2019-08-23 09:16:21,950 | INFO  | SCMAudit | user=jenkins1000 | ip=192.168.69.105 | op=SEND_HEARTBEAT {datanodeUUID=0a284024-13d6-46ed-b1db-6a3886ae2776, command=[]} | ret=SUCCESS |  
2019-08-23 09:16:22,073 | INFO  | SCMAudit | user=jenkins1000 | ip=192.168.69.105 | op=SEND_HEARTBEAT {datanodeUUID=e3f86e53-8f15-4a09-b253-90a30ace4ba2, command=[]} | ret=SUCCESS |  
2019-08-23 09:16:22,460 | INFO  | SCMAudit | user=jenkins1000 | ip=192.168.69.105 | op=SEND_HEARTBEAT {datanodeUUID=480da6fd-5cad-42f6-a3a8-03ebe6e9ed72, command=[]} | ret=SUCCESS |  
2019-08-23 09:16:22,525 | INFO  | SCMAudit | user=jenkins1000 | ip=192.168.69.105 | op=SEND_HEARTBEAT {datanodeUUID=06d76673-acfc-4852-ba17-8edfd4d37f5d, command=[]} | ret=SUCCESS |  
2019-08-23 09:16:22,547 | INFO  | SCMAudit | user=jenkins1000 | ip=192.168.69.105 | op=SEND_HEARTBEAT {datanodeUUID=ce3b71d6-803c-4999-98a7-ed3c8197db33, command=[]} | ret=SUCCESS |  
2019-08-23 09:16:22,559 | INFO  | SCMAudit | user=jenkins1000 | ip=192.168.69.105 | op=SEND_HEARTBEAT {datanodeUUID=41b9b824-85d6-416a-bf4a-c5cccd6fce1e, command=[]} | ret=SUCCESS |  
2019-08-23 09:16:22,663 | INFO  | SCMAudit | user=jenkins1000 | ip=192.168.69.105 | op=SEND_HEARTBEAT {datanodeUUID=6db0b5b4-33e5-45b9-ab7c-8a068485ef09, command=[]} | ret=SUCCESS |  
2019-08-23 09:16:22,949 | INFO  | SCMAudit | user=jenkins1000 | ip=192.168.69.105 | op=SEND_HEARTBEAT {datanodeUUID=0a284024-13d6-46ed-b1db-6a3886ae2776, command=[]} | ret=SUCCESS |  
2019-08-23 09:16:23,073 | INFO  | SCMAudit | user=jenkins1000 | ip=192.168.69.105 | op=SEND_HEARTBEAT {datanodeUUID=e3f86e53-8f15-4a09-b253-90a30ace4ba2, command=[]} | ret=SUCCESS |  
2019-08-23 09:16:23,460 | INFO  | SCMAudit | user=jenkins1000 | ip=192.168.69.105 | op=SEND_HEARTBEAT {datanodeUUID=480da6fd-5cad-42f6-a3a8-03ebe6e9ed72, command=[]} | ret=SUCCESS |  
2019-08-23 09:16:23,525 | INFO  | SCMAudit | user=jenkins1000 | ip=192.168.69.105 | op=SEND_HEARTBEAT {datanodeUUID=06d76673-acfc-4852-ba17-8edfd4d37f5d, command=[]} | ret=SUCCESS |  
2019-08-23 09:16:23,548 | INFO  | SCMAudit | user=jenkins1000 | ip=192.168.69.105 | op=SEND_HEARTBEAT {datanodeUUID=ce3b71d6-803c-4999-98a7-ed3c8197db33, command=[]} | ret=SUCCESS |  
2019-08-23 09:16:23,559 | INFO  | SCMAudit | user=jenkins1000 | ip=192.168.69.105 | op=SEND_HEARTBEAT {datanodeUUID=41b9b824-85d6-416a-bf4a-c5cccd6fce1e, command=[]} | ret=SUCCESS |  
2019-08-23 09:16:23,663 | INFO  | SCMAudit | user=jenkins1000 | ip=192.168.69.105 | op=SEND_HEARTBEAT {datanodeUUID=6db0b5b4-33e5-45b9-ab7c-8a068485ef09, command=[]} | ret=SUCCESS |  
2019-08-23 09:16:23,949 | INFO  | SCMAudit | user=jenkins1000 | ip=192.168.69.105 | op=SEND_HEARTBEAT {datanodeUUID=0a284024-13d6-46ed-b1db-6a3886ae2776, command=[]} | ret=SUCCESS |  
2019-08-23 09:16:24,073 | INFO  | SCMAudit | user=jenkins1000 | ip=192.168.69.105 | op=SEND_HEARTBEAT {datanodeUUID=e3f86e53-8f15-4a09-b253-90a30ace4ba2, command=[]} | ret=SUCCESS |  
2019-08-23 09:16:24,460 | INFO  | SCMAudit | user=jenkins1000 | ip=192.168.69.105 | op=SEND_HEARTBEAT {datanodeUUID=480da6fd-5cad-42f6-a3a8-03ebe6e9ed72, command=[]} | ret=SUCCESS |  
2019-08-23 09:16:24,525 | INFO  | SCMAudit | user=jenkins1000 | ip=192.168.69.105 | op=SEND_HEARTBEAT {datanodeUUID=06d76673-acfc-4852-ba17-8edfd4d37f5d, command=[]} | ret=SUCCESS |  
2019-08-23 09:16:24,547 | INFO  | SCMAudit | user=jenkins1000 | ip=192.168.69.105 | op=SEND_HEARTBEAT {datanodeUUID=ce3b71d6-803c-4999-98a7-ed3c8197db33, command=[]} | ret=SUCCESS |  
2019-08-23 09:16:24,559 | INFO  | SCMAudit | user=jenkins1000 | ip=192.168.69.105 | op=SEND_HEARTBEAT {datanodeUUID=41b9b824-85d6-416a-bf4a-c5cccd6fce1e, command=[]} | ret=SUCCESS |  
2019-08-23 09:16:24,663 | INFO  | SCMAudit | user=jenkins1000 | ip=192.168.69.105 | op=SEND_HEARTBEAT {datanodeUUID=6db0b5b4-33e5-45b9-ab7c-8a068485ef09, command=[]} | ret=SUCCESS |  
2019-08-23 09:16:24,950 | INFO  | SCMAudit | user=jenkins1000 | ip=192.168.69.105 | op=SEND_HEARTBEAT {datanodeUUID=0a284024-13d6-46ed-b1db-6a3886ae2776, command=[]} | ret=SUCCESS |  
2019-08-23 09:16:25,073 | INFO  | SCMAudit | user=jenkins1000 | ip=192.168.69.105 | op=SEND_HEARTBEAT {datanodeUUID=e3f86e53-8f15-4a09-b253-90a30ace4ba2, command=[]} | ret=SUCCESS |  
2019-08-23 09:16:25,462 | INFO  | SCMAudit | user=jenkins1000 | ip=192.168.69.105 | op=SEND_HEARTBEAT {datanodeUUID=480da6fd-5cad-42f6-a3a8-03ebe6e9ed72, command=[]} | ret=SUCCESS |  
2019-08-23 09:16:25,525 | INFO  | SCMAudit | user=jenkins1000 | ip=192.168.69.105 | op=SEND_HEARTBEAT {datanodeUUID=06d76673-acfc-4852-ba17-8edfd4d37f5d, command=[]} | ret=SUCCESS |  
2019-08-23 09:16:25,547 | INFO  | SCMAudit | user=jenkins1000 | ip=192.168.69.105 | op=SEND_HEARTBEAT {datanodeUUID=ce3b71d6-803c-4999-98a7-ed3c8197db33, command=[]} | ret=SUCCESS |  
2019-08-23 09:16:25,568 | INFO  | SCMAudit | user=jenkins1000 | ip=192.168.69.105 | op=SEND_HEARTBEAT {datanodeUUID=41b9b824-85d6-416a-bf4a-c5cccd6fce1e, command=[]} | ret=SUCCESS |  
2019-08-23 09:16:25,665 | INFO  | SCMAudit | user=jenkins1000 | ip=192.168.69.105 | op=SEND_HEARTBEAT {datanodeUUID=6db0b5b4-33e5-45b9-ab7c-8a068485ef09, command=[]} | ret=SUCCESS |  
2019-08-23 09:16:25,950 | INFO  | SCMAudit | user=jenkins1000 | ip=192.168.69.105 | op=SEND_HEARTBEAT {datanodeUUID=0a284024-13d6-46ed-b1db-6a3886ae2776, command=[]} | ret=SUCCESS |  
2019-08-23 09:16:26,073 | INFO  | SCMAudit | user=jenkins1000 | ip=192.168.69.105 | op=SEND_HEARTBEAT {datanodeUUID=e3f86e53-8f15-4a09-b253-90a30ace4ba2, command=[]} | ret=SUCCESS |  
2019-08-23 09:16:26,462 | INFO  | SCMAudit | user=jenkins1000 | ip=192.168.69.105 | op=SEND_HEARTBEAT {datanodeUUID=480da6fd-5cad-42f6-a3a8-03ebe6e9ed72, command=[]} | ret=SUCCESS |  
2019-08-23 09:16:26,526 | INFO  | SCMAudit | user=jenkins1000 | ip=192.168.69.105 | op=SEND_HEARTBEAT {datanodeUUID=06d76673-acfc-4852-ba17-8edfd4d37f5d, command=[]} | ret=SUCCESS |  
2019-08-23 09:16:26,547 | INFO  | SCMAudit | user=jenkins1000 | ip=192.168.69.105 | op=SEND_HEARTBEAT {datanodeUUID=ce3b71d6-803c-4999-98a7-ed3c8197db33, command=[]} | ret=SUCCESS |  
2019-08-23 09:16:26,568 | INFO  | SCMAudit | user=jenkins1000 | ip=192.168.69.105 | op=SEND_HEARTBEAT {datanodeUUID=41b9b824-85d6-416a-bf4a-c5cccd6fce1e, command=[]} | ret=SUCCESS |  
2019-08-23 09:16:26,665 | INFO  | SCMAudit | user=jenkins1000 | ip=192.168.69.105 | op=SEND_HEARTBEAT {datanodeUUID=6db0b5b4-33e5-45b9-ab7c-8a068485ef09, command=[]} | ret=SUCCESS |  
2019-08-23 09:16:26,928 [grpc-default-executor-1] INFO  client.GrpcClientProtocolClient (GrpcClientProtocolClient.java:onNext(255)) - client-E82DA6E02431->ce3b71d6-803c-4999-98a7-ed3c8197db33: receive RaftClientReply:client-E82DA6E02431->ce3b71d6-803c-4999-98a7-ed3c8197db33@group-73033864ACD7, cid=45, FAILED org.apache.ratis.protocol.NotLeaderException: Server ce3b71d6-803c-4999-98a7-ed3c8197db33 is not the leader (06d76673-acfc-4852-ba17-8edfd4d37f5d:192.168.69.105:42001). Request must be sent to leader., logIndex=0, commits[ce3b71d6-803c-4999-98a7-ed3c8197db33:c8, 41b9b824-85d6-416a-bf4a-c5cccd6fce1e:c8, 06d76673-acfc-4852-ba17-8edfd4d37f5d:c8]
2019-08-23 09:16:26,950 | INFO  | SCMAudit | user=jenkins1000 | ip=192.168.69.105 | op=SEND_HEARTBEAT {datanodeUUID=0a284024-13d6-46ed-b1db-6a3886ae2776, command=[]} | ret=SUCCESS |  
2019-08-23 09:16:27,073 | INFO  | SCMAudit | user=jenkins1000 | ip=192.168.69.105 | op=SEND_HEARTBEAT {datanodeUUID=e3f86e53-8f15-4a09-b253-90a30ace4ba2, command=[]} | ret=SUCCESS |  
2019-08-23 09:16:27,462 | INFO  | SCMAudit | user=jenkins1000 | ip=192.168.69.105 | op=SEND_HEARTBEAT {datanodeUUID=480da6fd-5cad-42f6-a3a8-03ebe6e9ed72, command=[]} | ret=SUCCESS |  
2019-08-23 09:16:27,526 | INFO  | SCMAudit | user=jenkins1000 | ip=192.168.69.105 | op=SEND_HEARTBEAT {datanodeUUID=06d76673-acfc-4852-ba17-8edfd4d37f5d, command=[]} | ret=SUCCESS |  
2019-08-23 09:16:27,547 | INFO  | SCMAudit | user=jenkins1000 | ip=192.168.69.105 | op=SEND_HEARTBEAT {datanodeUUID=ce3b71d6-803c-4999-98a7-ed3c8197db33, command=[]} | ret=SUCCESS |  
2019-08-23 09:16:27,568 | INFO  | SCMAudit | user=jenkins1000 | ip=192.168.69.105 | op=SEND_HEARTBEAT {datanodeUUID=41b9b824-85d6-416a-bf4a-c5cccd6fce1e, command=[]} | ret=SUCCESS |  
2019-08-23 09:16:27,665 | INFO  | SCMAudit | user=jenkins1000 | ip=192.168.69.105 | op=SEND_HEARTBEAT {datanodeUUID=6db0b5b4-33e5-45b9-ab7c-8a068485ef09, command=[]} | ret=SUCCESS |  
2019-08-23 09:16:27,951 | INFO  | SCMAudit | user=jenkins1000 | ip=192.168.69.105 | op=SEND_HEARTBEAT {datanodeUUID=0a284024-13d6-46ed-b1db-6a3886ae2776, command=[]} | ret=SUCCESS |  
2019-08-23 09:16:28,074 | INFO  | SCMAudit | user=jenkins1000 | ip=192.168.69.105 | op=SEND_HEARTBEAT {datanodeUUID=e3f86e53-8f15-4a09-b253-90a30ace4ba2, command=[]} | ret=SUCCESS |  
2019-08-23 09:16:28,463 | INFO  | SCMAudit | user=jenkins1000 | ip=192.168.69.105 | op=SEND_HEARTBEAT {datanodeUUID=480da6fd-5cad-42f6-a3a8-03ebe6e9ed72, command=[]} | ret=SUCCESS |  
2019-08-23 09:16:28,527 | INFO  | SCMAudit | user=jenkins1000 | ip=192.168.69.105 | op=SEND_HEARTBEAT {datanodeUUID=06d76673-acfc-4852-ba17-8edfd4d37f5d, command=[]} | ret=SUCCESS |  
2019-08-23 09:16:28,547 | INFO  | SCMAudit | user=jenkins1000 | ip=192.168.69.105 | op=SEND_HEARTBEAT {datanodeUUID=ce3b71d6-803c-4999-98a7-ed3c8197db33, command=[]} | ret=SUCCESS |  
2019-08-23 09:16:28,568 | INFO  | SCMAudit | user=jenkins1000 | ip=192.168.69.105 | op=SEND_HEARTBEAT {datanodeUUID=41b9b824-85d6-416a-bf4a-c5cccd6fce1e, command=[]} | ret=SUCCESS |  
2019-08-23 09:16:28,665 | INFO  | SCMAudit | user=jenkins1000 | ip=192.168.69.105 | op=SEND_HEARTBEAT {datanodeUUID=6db0b5b4-33e5-45b9-ab7c-8a068485ef09, command=[]} | ret=SUCCESS |  
2019-08-23 09:16:28,950 | INFO  | SCMAudit | user=jenkins1000 | ip=192.168.69.105 | op=SEND_HEARTBEAT {datanodeUUID=0a284024-13d6-46ed-b1db-6a3886ae2776, command=[]} | ret=SUCCESS |  
2019-08-23 09:16:29,073 | INFO  | SCMAudit | user=jenkins1000 | ip=192.168.69.105 | op=SEND_HEARTBEAT {datanodeUUID=e3f86e53-8f15-4a09-b253-90a30ace4ba2, command=[]} | ret=SUCCESS |  
2019-08-23 09:16:29,463 | INFO  | SCMAudit | user=jenkins1000 | ip=192.168.69.105 | op=SEND_HEARTBEAT {datanodeUUID=480da6fd-5cad-42f6-a3a8-03ebe6e9ed72, command=[]} | ret=SUCCESS |  
2019-08-23 09:16:29,526 | INFO  | SCMAudit | user=jenkins1000 | ip=192.168.69.105 | op=SEND_HEARTBEAT {datanodeUUID=06d76673-acfc-4852-ba17-8edfd4d37f5d, command=[]} | ret=SUCCESS |  
2019-08-23 09:16:29,547 | INFO  | SCMAudit | user=jenkins1000 | ip=192.168.69.105 | op=SEND_HEARTBEAT {datanodeUUID=ce3b71d6-803c-4999-98a7-ed3c8197db33, command=[]} | ret=SUCCESS |  
2019-08-23 09:16:29,568 | INFO  | SCMAudit | user=jenkins1000 | ip=192.168.69.105 | op=SEND_HEARTBEAT {datanodeUUID=41b9b824-85d6-416a-bf4a-c5cccd6fce1e, command=[]} | ret=SUCCESS |  
2019-08-23 09:16:29,665 | INFO  | SCMAudit | user=jenkins1000 | ip=192.168.69.105 | op=SEND_HEARTBEAT {datanodeUUID=6db0b5b4-33e5-45b9-ab7c-8a068485ef09, command=[]} | ret=SUCCESS |  
2019-08-23 09:16:29,950 | INFO  | SCMAudit | user=jenkins1000 | ip=192.168.69.105 | op=SEND_HEARTBEAT {datanodeUUID=0a284024-13d6-46ed-b1db-6a3886ae2776, command=[]} | ret=SUCCESS |  
2019-08-23 09:16:30,073 | INFO  | SCMAudit | user=jenkins1000 | ip=192.168.69.105 | op=SEND_HEARTBEAT {datanodeUUID=e3f86e53-8f15-4a09-b253-90a30ace4ba2, command=[]} | ret=SUCCESS |  
2019-08-23 09:16:30,463 | INFO  | SCMAudit | user=jenkins1000 | ip=192.168.69.105 | op=SEND_HEARTBEAT {datanodeUUID=480da6fd-5cad-42f6-a3a8-03ebe6e9ed72, command=[]} | ret=SUCCESS |  
2019-08-23 09:16:30,526 | INFO  | SCMAudit | user=jenkins1000 | ip=192.168.69.105 | op=SEND_HEARTBEAT {datanodeUUID=06d76673-acfc-4852-ba17-8edfd4d37f5d, command=[]} | ret=SUCCESS |  
2019-08-23 09:16:30,547 | INFO  | SCMAudit | user=jenkins1000 | ip=192.168.69.105 | op=SEND_HEARTBEAT {datanodeUUID=ce3b71d6-803c-4999-98a7-ed3c8197db33, command=[]} | ret=SUCCESS |  
2019-08-23 09:16:30,568 | INFO  | SCMAudit | user=jenkins1000 | ip=192.168.69.105 | op=SEND_HEARTBEAT {datanodeUUID=41b9b824-85d6-416a-bf4a-c5cccd6fce1e, command=[]} | ret=SUCCESS |  
2019-08-23 09:16:30,665 | INFO  | SCMAudit | user=jenkins1000 | ip=192.168.69.105 | op=SEND_HEARTBEAT {datanodeUUID=6db0b5b4-33e5-45b9-ab7c-8a068485ef09, command=[]} | ret=SUCCESS |  
2019-08-23 09:16:30,951 | INFO  | SCMAudit | user=jenkins1000 | ip=192.168.69.105 | op=SEND_HEARTBEAT {datanodeUUID=0a284024-13d6-46ed-b1db-6a3886ae2776, command=[]} | ret=SUCCESS |  
2019-08-23 09:16:31,074 | INFO  | SCMAudit | user=jenkins1000 | ip=192.168.69.105 | op=SEND_HEARTBEAT {datanodeUUID=e3f86e53-8f15-4a09-b253-90a30ace4ba2, command=[]} | ret=SUCCESS |  
2019-08-23 09:16:31,464 | INFO  | SCMAudit | user=jenkins1000 | ip=192.168.69.105 | op=SEND_HEARTBEAT {datanodeUUID=480da6fd-5cad-42f6-a3a8-03ebe6e9ed72, command=[]} | ret=SUCCESS |  
2019-08-23 09:16:31,527 | INFO  | SCMAudit | user=jenkins1000 | ip=192.168.69.105 | op=SEND_HEARTBEAT {datanodeUUID=06d76673-acfc-4852-ba17-8edfd4d37f5d, command=[]} | ret=SUCCESS |  
2019-08-23 09:16:31,549 | INFO  | SCMAudit | user=jenkins1000 | ip=192.168.69.105 | op=SEND_HEARTBEAT {datanodeUUID=ce3b71d6-803c-4999-98a7-ed3c8197db33, command=[]} | ret=SUCCESS |  
2019-08-23 09:16:31,568 | INFO  | SCMAudit | user=jenkins1000 | ip=192.168.69.105 | op=SEND_HEARTBEAT {datanodeUUID=41b9b824-85d6-416a-bf4a-c5cccd6fce1e, command=[]} | ret=SUCCESS |  
2019-08-23 09:16:31,665 | INFO  | SCMAudit | user=jenkins1000 | ip=192.168.69.105 | op=SEND_HEARTBEAT {datanodeUUID=6db0b5b4-33e5-45b9-ab7c-8a068485ef09, command=[]} | ret=SUCCESS |  
2019-08-23 09:16:31,951 | INFO  | SCMAudit | user=jenkins1000 | ip=192.168.69.105 | op=SEND_HEARTBEAT {datanodeUUID=0a284024-13d6-46ed-b1db-6a3886ae2776, command=[]} | ret=SUCCESS |  
2019-08-23 09:16:31,970 [grpc-default-executor-2] INFO  client.GrpcClientProtocolClient (GrpcClientProtocolClient.java:onNext(255)) - client-E82DA6E02431->41b9b824-85d6-416a-bf4a-c5cccd6fce1e: receive RaftClientReply:client-E82DA6E02431->41b9b824-85d6-416a-bf4a-c5cccd6fce1e@group-73033864ACD7, cid=45, FAILED org.apache.ratis.protocol.NotLeaderException: Server 41b9b824-85d6-416a-bf4a-c5cccd6fce1e is not the leader (06d76673-acfc-4852-ba17-8edfd4d37f5d:192.168.69.105:42001). Request must be sent to leader., logIndex=0, commits[41b9b824-85d6-416a-bf4a-c5cccd6fce1e:c8, ce3b71d6-803c-4999-98a7-ed3c8197db33:c8, 06d76673-acfc-4852-ba17-8edfd4d37f5d:c8]
2019-08-23 09:16:32,073 | INFO  | SCMAudit | user=jenkins1000 | ip=192.168.69.105 | op=SEND_HEARTBEAT {datanodeUUID=e3f86e53-8f15-4a09-b253-90a30ace4ba2, command=[]} | ret=SUCCESS |  
2019-08-23 09:16:32,463 | INFO  | SCMAudit | user=jenkins1000 | ip=192.168.69.105 | op=SEND_HEARTBEAT {datanodeUUID=480da6fd-5cad-42f6-a3a8-03ebe6e9ed72, command=[]} | ret=SUCCESS |  
2019-08-23 09:16:32,527 | INFO  | SCMAudit | user=jenkins1000 | ip=192.168.69.105 | op=SEND_HEARTBEAT {datanodeUUID=06d76673-acfc-4852-ba17-8edfd4d37f5d, command=[]} | ret=SUCCESS |  
2019-08-23 09:16:32,549 | INFO  | SCMAudit | user=jenkins1000 | ip=192.168.69.105 | op=SEND_HEARTBEAT {datanodeUUID=ce3b71d6-803c-4999-98a7-ed3c8197db33, command=[]} | ret=SUCCESS |  
2019-08-23 09:16:32,568 | INFO  | SCMAudit | user=jenkins1000 | ip=192.168.69.105 | op=SEND_HEARTBEAT {datanodeUUID=41b9b824-85d6-416a-bf4a-c5cccd6fce1e, command=[]} | ret=SUCCESS |  
2019-08-23 09:16:32,665 | INFO  | SCMAudit | user=jenkins1000 | ip=192.168.69.105 | op=SEND_HEARTBEAT {datanodeUUID=6db0b5b4-33e5-45b9-ab7c-8a068485ef09, command=[]} | ret=SUCCESS |  
2019-08-23 09:16:32,951 | INFO  | SCMAudit | user=jenkins1000 | ip=192.168.69.105 | op=SEND_HEARTBEAT {datanodeUUID=0a284024-13d6-46ed-b1db-6a3886ae2776, command=[]} | ret=SUCCESS |  
2019-08-23 09:16:33,073 | INFO  | SCMAudit | user=jenkins1000 | ip=192.168.69.105 | op=SEND_HEARTBEAT {datanodeUUID=e3f86e53-8f15-4a09-b253-90a30ace4ba2, command=[]} | ret=SUCCESS |  
2019-08-23 09:16:33,463 | INFO  | SCMAudit | user=jenkins1000 | ip=192.168.69.105 | op=SEND_HEARTBEAT {datanodeUUID=480da6fd-5cad-42f6-a3a8-03ebe6e9ed72, command=[]} | ret=SUCCESS |  
2019-08-23 09:16:33,527 | INFO  | SCMAudit | user=jenkins1000 | ip=192.168.69.105 | op=SEND_HEARTBEAT {datanodeUUID=06d76673-acfc-4852-ba17-8edfd4d37f5d, command=[]} | ret=SUCCESS |  
2019-08-23 09:16:33,549 | INFO  | SCMAudit | user=jenkins1000 | ip=192.168.69.105 | op=SEND_HEARTBEAT {datanodeUUID=ce3b71d6-803c-4999-98a7-ed3c8197db33, command=[]} | ret=SUCCESS |  
2019-08-23 09:16:33,568 | INFO  | SCMAudit | user=jenkins1000 | ip=192.168.69.105 | op=SEND_HEARTBEAT {datanodeUUID=41b9b824-85d6-416a-bf4a-c5cccd6fce1e, command=[]} | ret=SUCCESS |  
2019-08-23 09:16:33,665 | INFO  | SCMAudit | user=jenkins1000 | ip=192.168.69.105 | op=SEND_HEARTBEAT {datanodeUUID=6db0b5b4-33e5-45b9-ab7c-8a068485ef09, command=[]} | ret=SUCCESS |  
2019-08-23 09:16:33,951 | INFO  | SCMAudit | user=jenkins1000 | ip=192.168.69.105 | op=SEND_HEARTBEAT {datanodeUUID=0a284024-13d6-46ed-b1db-6a3886ae2776, command=[]} | ret=SUCCESS |  
2019-08-23 09:16:34,073 | INFO  | SCMAudit | user=jenkins1000 | ip=192.168.69.105 | op=SEND_HEARTBEAT {datanodeUUID=e3f86e53-8f15-4a09-b253-90a30ace4ba2, command=[]} | ret=SUCCESS |  
2019-08-23 09:16:34,463 | INFO  | SCMAudit | user=jenkins1000 | ip=192.168.69.105 | op=SEND_HEARTBEAT {datanodeUUID=480da6fd-5cad-42f6-a3a8-03ebe6e9ed72, command=[]} | ret=SUCCESS |  
2019-08-23 09:16:34,528 | INFO  | SCMAudit | user=jenkins1000 | ip=192.168.69.105 | op=SEND_HEARTBEAT {datanodeUUID=06d76673-acfc-4852-ba17-8edfd4d37f5d, command=[]} | ret=SUCCESS |  
2019-08-23 09:16:34,549 | INFO  | SCMAudit | user=jenkins1000 | ip=192.168.69.105 | op=SEND_HEARTBEAT {datanodeUUID=ce3b71d6-803c-4999-98a7-ed3c8197db33, command=[]} | ret=SUCCESS |  
2019-08-23 09:16:34,568 | INFO  | SCMAudit | user=jenkins1000 | ip=192.168.69.105 | op=SEND_HEARTBEAT {datanodeUUID=41b9b824-85d6-416a-bf4a-c5cccd6fce1e, command=[]} | ret=SUCCESS |  
2019-08-23 09:16:34,665 | INFO  | SCMAudit | user=jenkins1000 | ip=192.168.69.105 | op=SEND_HEARTBEAT {datanodeUUID=6db0b5b4-33e5-45b9-ab7c-8a068485ef09, command=[]} | ret=SUCCESS |  
2019-08-23 09:16:34,951 | INFO  | SCMAudit | user=jenkins1000 | ip=192.168.69.105 | op=SEND_HEARTBEAT {datanodeUUID=0a284024-13d6-46ed-b1db-6a3886ae2776, command=[]} | ret=SUCCESS |  
2019-08-23 09:16:35,074 | INFO  | SCMAudit | user=jenkins1000 | ip=192.168.69.105 | op=SEND_HEARTBEAT {datanodeUUID=e3f86e53-8f15-4a09-b253-90a30ace4ba2, command=[]} | ret=SUCCESS |  
2019-08-23 09:16:35,464 | INFO  | SCMAudit | user=jenkins1000 | ip=192.168.69.105 | op=SEND_HEARTBEAT {datanodeUUID=480da6fd-5cad-42f6-a3a8-03ebe6e9ed72, command=[]} | ret=SUCCESS |  
2019-08-23 09:16:35,527 | INFO  | SCMAudit | user=jenkins1000 | ip=192.168.69.105 | op=SEND_HEARTBEAT {datanodeUUID=06d76673-acfc-4852-ba17-8edfd4d37f5d, command=[]} | ret=SUCCESS |  
2019-08-23 09:16:35,549 | INFO  | SCMAudit | user=jenkins1000 | ip=192.168.69.105 | op=SEND_HEARTBEAT {datanodeUUID=ce3b71d6-803c-4999-98a7-ed3c8197db33, command=[]} | ret=SUCCESS |  
2019-08-23 09:16:35,568 | INFO  | SCMAudit | user=jenkins1000 | ip=192.168.69.105 | op=SEND_HEARTBEAT {datanodeUUID=41b9b824-85d6-416a-bf4a-c5cccd6fce1e, command=[]} | ret=SUCCESS |  
2019-08-23 09:16:35,665 | INFO  | SCMAudit | user=jenkins1000 | ip=192.168.69.105 | op=SEND_HEARTBEAT {datanodeUUID=6db0b5b4-33e5-45b9-ab7c-8a068485ef09, command=[]} | ret=SUCCESS |  
2019-08-23 09:16:35,953 | INFO  | SCMAudit | user=jenkins1000 | ip=192.168.69.105 | op=SEND_HEARTBEAT {datanodeUUID=0a284024-13d6-46ed-b1db-6a3886ae2776, command=[]} | ret=SUCCESS |  
2019-08-23 09:16:36,074 | INFO  | SCMAudit | user=jenkins1000 | ip=192.168.69.105 | op=SEND_HEARTBEAT {datanodeUUID=e3f86e53-8f15-4a09-b253-90a30ace4ba2, command=[]} | ret=SUCCESS |  
2019-08-23 09:16:36,464 | INFO  | SCMAudit | user=jenkins1000 | ip=192.168.69.105 | op=SEND_HEARTBEAT {datanodeUUID=480da6fd-5cad-42f6-a3a8-03ebe6e9ed72, command=[]} | ret=SUCCESS |  
2019-08-23 09:16:36,527 | INFO  | SCMAudit | user=jenkins1000 | ip=192.168.69.105 | op=SEND_HEARTBEAT {datanodeUUID=06d76673-acfc-4852-ba17-8edfd4d37f5d, command=[]} | ret=SUCCESS |  
2019-08-23 09:16:36,550 | INFO  | SCMAudit | user=jenkins1000 | ip=192.168.69.105 | op=SEND_HEARTBEAT {datanodeUUID=ce3b71d6-803c-4999-98a7-ed3c8197db33, command=[]} | ret=SUCCESS |  
2019-08-23 09:16:36,568 | INFO  | SCMAudit | user=jenkins1000 | ip=192.168.69.105 | op=SEND_HEARTBEAT {datanodeUUID=41b9b824-85d6-416a-bf4a-c5cccd6fce1e, command=[]} | ret=SUCCESS |  
2019-08-23 09:16:36,665 | INFO  | SCMAudit | user=jenkins1000 | ip=192.168.69.105 | op=SEND_HEARTBEAT {datanodeUUID=6db0b5b4-33e5-45b9-ab7c-8a068485ef09, command=[]} | ret=SUCCESS |  
2019-08-23 09:16:36,953 | INFO  | SCMAudit | user=jenkins1000 | ip=192.168.69.105 | op=SEND_HEARTBEAT {datanodeUUID=0a284024-13d6-46ed-b1db-6a3886ae2776, command=[]} | ret=SUCCESS |  
2019-08-23 09:16:37,011 [grpc-default-executor-1] INFO  client.GrpcClientProtocolClient (GrpcClientProtocolClient.java:onNext(255)) - client-E82DA6E02431->41b9b824-85d6-416a-bf4a-c5cccd6fce1e: receive RaftClientReply:client-E82DA6E02431->41b9b824-85d6-416a-bf4a-c5cccd6fce1e@group-73033864ACD7, cid=45, FAILED org.apache.ratis.protocol.NotLeaderException: Server 41b9b824-85d6-416a-bf4a-c5cccd6fce1e is not the leader (06d76673-acfc-4852-ba17-8edfd4d37f5d:192.168.69.105:42001). Request must be sent to leader., logIndex=0, commits[41b9b824-85d6-416a-bf4a-c5cccd6fce1e:c8, ce3b71d6-803c-4999-98a7-ed3c8197db33:c8, 06d76673-acfc-4852-ba17-8edfd4d37f5d:c8]
2019-08-23 09:16:37,074 | INFO  | SCMAudit | user=jenkins1000 | ip=192.168.69.105 | op=SEND_HEARTBEAT {datanodeUUID=e3f86e53-8f15-4a09-b253-90a30ace4ba2, command=[]} | ret=SUCCESS |  
2019-08-23 09:16:37,465 | INFO  | SCMAudit | user=jenkins1000 | ip=192.168.69.105 | op=SEND_HEARTBEAT {datanodeUUID=480da6fd-5cad-42f6-a3a8-03ebe6e9ed72, command=[]} | ret=SUCCESS |  
2019-08-23 09:16:37,527 | INFO  | SCMAudit | user=jenkins1000 | ip=192.168.69.105 | op=SEND_HEARTBEAT {datanodeUUID=06d76673-acfc-4852-ba17-8edfd4d37f5d, command=[]} | ret=SUCCESS |  
2019-08-23 09:16:37,551 | INFO  | SCMAudit | user=jenkins1000 | ip=192.168.69.105 | op=SEND_HEARTBEAT {datanodeUUID=ce3b71d6-803c-4999-98a7-ed3c8197db33, command=[]} | ret=SUCCESS |  
2019-08-23 09:16:37,568 | INFO  | SCMAudit | user=jenkins1000 | ip=192.168.69.105 | op=SEND_HEARTBEAT {datanodeUUID=41b9b824-85d6-416a-bf4a-c5cccd6fce1e, command=[]} | ret=SUCCESS |  
2019-08-23 09:16:37,665 | INFO  | SCMAudit | user=jenkins1000 | ip=192.168.69.105 | op=SEND_HEARTBEAT {datanodeUUID=6db0b5b4-33e5-45b9-ab7c-8a068485ef09, command=[]} | ret=SUCCESS |  
2019-08-23 09:16:37,953 | INFO  | SCMAudit | user=jenkins1000 | ip=192.168.69.105 | op=SEND_HEARTBEAT {datanodeUUID=0a284024-13d6-46ed-b1db-6a3886ae2776, command=[]} | ret=SUCCESS |  
2019-08-23 09:16:38,075 | INFO  | SCMAudit | user=jenkins1000 | ip=192.168.69.105 | op=SEND_HEARTBEAT {datanodeUUID=e3f86e53-8f15-4a09-b253-90a30ace4ba2, command=[]} | ret=SUCCESS |  
2019-08-23 09:16:38,464 | INFO  | SCMAudit | user=jenkins1000 | ip=192.168.69.105 | op=SEND_HEARTBEAT {datanodeUUID=480da6fd-5cad-42f6-a3a8-03ebe6e9ed72, command=[]} | ret=SUCCESS |  
2019-08-23 09:16:38,527 | INFO  | SCMAudit | user=jenkins1000 | ip=192.168.69.105 | op=SEND_HEARTBEAT {datanodeUUID=06d76673-acfc-4852-ba17-8edfd4d37f5d, command=[]} | ret=SUCCESS |  
2019-08-23 09:16:38,551 | INFO  | SCMAudit | user=jenkins1000 | ip=192.168.69.105 | op=SEND_HEARTBEAT {datanodeUUID=ce3b71d6-803c-4999-98a7-ed3c8197db33, command=[]} | ret=SUCCESS |  
2019-08-23 09:16:38,568 | INFO  | SCMAudit | user=jenkins1000 | ip=192.168.69.105 | op=SEND_HEARTBEAT {datanodeUUID=41b9b824-85d6-416a-bf4a-c5cccd6fce1e, command=[]} | ret=SUCCESS |  
2019-08-23 09:16:38,666 | INFO  | SCMAudit | user=jenkins1000 | ip=192.168.69.105 | op=SEND_HEARTBEAT {datanodeUUID=6db0b5b4-33e5-45b9-ab7c-8a068485ef09, command=[]} | ret=SUCCESS |  
2019-08-23 09:16:38,953 | INFO  | SCMAudit | user=jenkins1000 | ip=192.168.69.105 | op=SEND_HEARTBEAT {datanodeUUID=0a284024-13d6-46ed-b1db-6a3886ae2776, command=[]} | ret=SUCCESS |  
2019-08-23 09:16:39,074 | INFO  | SCMAudit | user=jenkins1000 | ip=192.168.69.105 | op=SEND_HEARTBEAT {datanodeUUID=e3f86e53-8f15-4a09-b253-90a30ace4ba2, command=[]} | ret=SUCCESS |  
2019-08-23 09:16:39,464 | INFO  | SCMAudit | user=jenkins1000 | ip=192.168.69.105 | op=SEND_HEARTBEAT {datanodeUUID=480da6fd-5cad-42f6-a3a8-03ebe6e9ed72, command=[]} | ret=SUCCESS |  
2019-08-23 09:16:39,528 | INFO  | SCMAudit | user=jenkins1000 | ip=192.168.69.105 | op=SEND_HEARTBEAT {datanodeUUID=06d76673-acfc-4852-ba17-8edfd4d37f5d, command=[]} | ret=SUCCESS |  
2019-08-23 09:16:39,551 | INFO  | SCMAudit | user=jenkins1000 | ip=192.168.69.105 | op=SEND_HEARTBEAT {datanodeUUID=ce3b71d6-803c-4999-98a7-ed3c8197db33, command=[]} | ret=SUCCESS |  
2019-08-23 09:16:39,568 | INFO  | SCMAudit | user=jenkins1000 | ip=192.168.69.105 | op=SEND_HEARTBEAT {datanodeUUID=41b9b824-85d6-416a-bf4a-c5cccd6fce1e, command=[]} | ret=SUCCESS |  
2019-08-23 09:16:39,667 | INFO  | SCMAudit | user=jenkins1000 | ip=192.168.69.105 | op=SEND_HEARTBEAT {datanodeUUID=6db0b5b4-33e5-45b9-ab7c-8a068485ef09, command=[]} | ret=SUCCESS |  
2019-08-23 09:16:39,954 | INFO  | SCMAudit | user=jenkins1000 | ip=192.168.69.105 | op=SEND_HEARTBEAT {datanodeUUID=0a284024-13d6-46ed-b1db-6a3886ae2776, command=[]} | ret=SUCCESS |  
2019-08-23 09:16:40,074 | INFO  | SCMAudit | user=jenkins1000 | ip=192.168.69.105 | op=SEND_HEARTBEAT {datanodeUUID=e3f86e53-8f15-4a09-b253-90a30ace4ba2, command=[]} | ret=SUCCESS |  
2019-08-23 09:16:40,465 | INFO  | SCMAudit | user=jenkins1000 | ip=192.168.69.105 | op=SEND_HEARTBEAT {datanodeUUID=480da6fd-5cad-42f6-a3a8-03ebe6e9ed72, command=[]} | ret=SUCCESS |  
2019-08-23 09:16:40,527 | INFO  | SCMAudit | user=jenkins1000 | ip=192.168.69.105 | op=SEND_HEARTBEAT {datanodeUUID=06d76673-acfc-4852-ba17-8edfd4d37f5d, command=[]} | ret=SUCCESS |  
2019-08-23 09:16:40,551 | INFO  | SCMAudit | user=jenkins1000 | ip=192.168.69.105 | op=SEND_HEARTBEAT {datanodeUUID=ce3b71d6-803c-4999-98a7-ed3c8197db33, command=[]} | ret=SUCCESS |  
2019-08-23 09:16:40,568 | INFO  | SCMAudit | user=jenkins1000 | ip=192.168.69.105 | op=SEND_HEARTBEAT {datanodeUUID=41b9b824-85d6-416a-bf4a-c5cccd6fce1e, command=[]} | ret=SUCCESS |  
2019-08-23 09:16:40,667 | INFO  | SCMAudit | user=jenkins1000 | ip=192.168.69.105 | op=SEND_HEARTBEAT {datanodeUUID=6db0b5b4-33e5-45b9-ab7c-8a068485ef09, command=[]} | ret=SUCCESS |  
2019-08-23 09:16:40,953 | INFO  | SCMAudit | user=jenkins1000 | ip=192.168.69.105 | op=SEND_HEARTBEAT {datanodeUUID=0a284024-13d6-46ed-b1db-6a3886ae2776, command=[]} | ret=SUCCESS |  
2019-08-23 09:16:41,074 | INFO  | SCMAudit | user=jenkins1000 | ip=192.168.69.105 | op=SEND_HEARTBEAT {datanodeUUID=e3f86e53-8f15-4a09-b253-90a30ace4ba2, command=[]} | ret=SUCCESS |  
2019-08-23 09:16:41,464 | INFO  | SCMAudit | user=jenkins1000 | ip=192.168.69.105 | op=SEND_HEARTBEAT {datanodeUUID=480da6fd-5cad-42f6-a3a8-03ebe6e9ed72, command=[]} | ret=SUCCESS |  
2019-08-23 09:16:41,527 | INFO  | SCMAudit | user=jenkins1000 | ip=192.168.69.105 | op=SEND_HEARTBEAT {datanodeUUID=06d76673-acfc-4852-ba17-8edfd4d37f5d, command=[]} | ret=SUCCESS |  
2019-08-23 09:16:41,551 | INFO  | SCMAudit | user=jenkins1000 | ip=192.168.69.105 | op=SEND_HEARTBEAT {datanodeUUID=ce3b71d6-803c-4999-98a7-ed3c8197db33, command=[]} | ret=SUCCESS |  
2019-08-23 09:16:41,568 | INFO  | SCMAudit | user=jenkins1000 | ip=192.168.69.105 | op=SEND_HEARTBEAT {datanodeUUID=41b9b824-85d6-416a-bf4a-c5cccd6fce1e, command=[]} | ret=SUCCESS |  
2019-08-23 09:16:41,667 | INFO  | SCMAudit | user=jenkins1000 | ip=192.168.69.105 | op=SEND_HEARTBEAT {datanodeUUID=6db0b5b4-33e5-45b9-ab7c-8a068485ef09, command=[]} | ret=SUCCESS |  
2019-08-23 09:16:41,954 | INFO  | SCMAudit | user=jenkins1000 | ip=192.168.69.105 | op=SEND_HEARTBEAT {datanodeUUID=0a284024-13d6-46ed-b1db-6a3886ae2776, command=[]} | ret=SUCCESS |  
2019-08-23 09:16:42,050 [grpc-default-executor-2] INFO  client.GrpcClientProtocolClient (GrpcClientProtocolClient.java:onNext(255)) - client-E82DA6E02431->ce3b71d6-803c-4999-98a7-ed3c8197db33: receive RaftClientReply:client-E82DA6E02431->ce3b71d6-803c-4999-98a7-ed3c8197db33@group-73033864ACD7, cid=45, FAILED org.apache.ratis.protocol.NotLeaderException: Server ce3b71d6-803c-4999-98a7-ed3c8197db33 is not the leader (06d76673-acfc-4852-ba17-8edfd4d37f5d:192.168.69.105:42001). Request must be sent to leader., logIndex=0, commits[ce3b71d6-803c-4999-98a7-ed3c8197db33:c8, 41b9b824-85d6-416a-bf4a-c5cccd6fce1e:c8, 06d76673-acfc-4852-ba17-8edfd4d37f5d:c8]
2019-08-23 09:16:42,075 | INFO  | SCMAudit | user=jenkins1000 | ip=192.168.69.105 | op=SEND_HEARTBEAT {datanodeUUID=e3f86e53-8f15-4a09-b253-90a30ace4ba2, command=[]} | ret=SUCCESS |  
2019-08-23 09:16:42,464 | INFO  | SCMAudit | user=jenkins1000 | ip=192.168.69.105 | op=SEND_HEARTBEAT {datanodeUUID=480da6fd-5cad-42f6-a3a8-03ebe6e9ed72, command=[]} | ret=SUCCESS |  
2019-08-23 09:16:42,527 | INFO  | SCMAudit | user=jenkins1000 | ip=192.168.69.105 | op=SEND_HEARTBEAT {datanodeUUID=06d76673-acfc-4852-ba17-8edfd4d37f5d, command=[]} | ret=SUCCESS |  
2019-08-23 09:16:42,551 | INFO  | SCMAudit | user=jenkins1000 | ip=192.168.69.105 | op=SEND_HEARTBEAT {datanodeUUID=ce3b71d6-803c-4999-98a7-ed3c8197db33, command=[]} | ret=SUCCESS |  
2019-08-23 09:16:42,568 | INFO  | SCMAudit | user=jenkins1000 | ip=192.168.69.105 | op=SEND_HEARTBEAT {datanodeUUID=41b9b824-85d6-416a-bf4a-c5cccd6fce1e, command=[]} | ret=SUCCESS |  
2019-08-23 09:16:42,667 | INFO  | SCMAudit | user=jenkins1000 | ip=192.168.69.105 | op=SEND_HEARTBEAT {datanodeUUID=6db0b5b4-33e5-45b9-ab7c-8a068485ef09, command=[]} | ret=SUCCESS |  
2019-08-23 09:16:42,953 | INFO  | SCMAudit | user=jenkins1000 | ip=192.168.69.105 | op=SEND_HEARTBEAT {datanodeUUID=0a284024-13d6-46ed-b1db-6a3886ae2776, command=[]} | ret=SUCCESS |  
2019-08-23 09:16:43,076 | INFO  | SCMAudit | user=jenkins1000 | ip=192.168.69.105 | op=SEND_HEARTBEAT {datanodeUUID=e3f86e53-8f15-4a09-b253-90a30ace4ba2, command=[]} | ret=SUCCESS |  
2019-08-23 09:16:43,465 | INFO  | SCMAudit | user=jenkins1000 | ip=192.168.69.105 | op=SEND_HEARTBEAT {datanodeUUID=480da6fd-5cad-42f6-a3a8-03ebe6e9ed72, command=[]} | ret=SUCCESS |  
2019-08-23 09:16:43,527 | INFO  | SCMAudit | user=jenkins1000 | ip=192.168.69.105 | op=SEND_HEARTBEAT {datanodeUUID=06d76673-acfc-4852-ba17-8edfd4d37f5d, command=[]} | ret=SUCCESS |  
2019-08-23 09:16:43,551 | INFO  | SCMAudit | user=jenkins1000 | ip=192.168.69.105 | op=SEND_HEARTBEAT {datanodeUUID=ce3b71d6-803c-4999-98a7-ed3c8197db33, command=[]} | ret=SUCCESS |  
2019-08-23 09:16:43,568 | INFO  | SCMAudit | user=jenkins1000 | ip=192.168.69.105 | op=SEND_HEARTBEAT {datanodeUUID=41b9b824-85d6-416a-bf4a-c5cccd6fce1e, command=[]} | ret=SUCCESS |  
2019-08-23 09:16:43,667 | INFO  | SCMAudit | user=jenkins1000 | ip=192.168.69.105 | op=SEND_HEARTBEAT {datanodeUUID=6db0b5b4-33e5-45b9-ab7c-8a068485ef09, command=[]} | ret=SUCCESS |  
2019-08-23 09:16:43,953 | INFO  | SCMAudit | user=jenkins1000 | ip=192.168.69.105 | op=SEND_HEARTBEAT {datanodeUUID=0a284024-13d6-46ed-b1db-6a3886ae2776, command=[]} | ret=SUCCESS |  
2019-08-23 09:16:44,076 | INFO  | SCMAudit | user=jenkins1000 | ip=192.168.69.105 | op=SEND_HEARTBEAT {datanodeUUID=e3f86e53-8f15-4a09-b253-90a30ace4ba2, command=[]} | ret=SUCCESS |  
2019-08-23 09:16:44,464 | INFO  | SCMAudit | user=jenkins1000 | ip=192.168.69.105 | op=SEND_HEARTBEAT {datanodeUUID=480da6fd-5cad-42f6-a3a8-03ebe6e9ed72, command=[]} | ret=SUCCESS |  
2019-08-23 09:16:44,527 | INFO  | SCMAudit | user=jenkins1000 | ip=192.168.69.105 | op=SEND_HEARTBEAT {datanodeUUID=06d76673-acfc-4852-ba17-8edfd4d37f5d, command=[]} | ret=SUCCESS |  
2019-08-23 09:16:44,552 | INFO  | SCMAudit | user=jenkins1000 | ip=192.168.69.105 | op=SEND_HEARTBEAT {datanodeUUID=ce3b71d6-803c-4999-98a7-ed3c8197db33, command=[]} | ret=SUCCESS |  
2019-08-23 09:16:44,568 | INFO  | SCMAudit | user=jenkins1000 | ip=192.168.69.105 | op=SEND_HEARTBEAT {datanodeUUID=41b9b824-85d6-416a-bf4a-c5cccd6fce1e, command=[]} | ret=SUCCESS |  
2019-08-23 09:16:44,668 | INFO  | SCMAudit | user=jenkins1000 | ip=192.168.69.105 | op=SEND_HEARTBEAT {datanodeUUID=6db0b5b4-33e5-45b9-ab7c-8a068485ef09, command=[]} | ret=SUCCESS |  
2019-08-23 09:16:44,953 | INFO  | SCMAudit | user=jenkins1000 | ip=192.168.69.105 | op=SEND_HEARTBEAT {datanodeUUID=0a284024-13d6-46ed-b1db-6a3886ae2776, command=[]} | ret=SUCCESS |  
2019-08-23 09:16:45,077 | INFO  | SCMAudit | user=jenkins1000 | ip=192.168.69.105 | op=SEND_HEARTBEAT {datanodeUUID=e3f86e53-8f15-4a09-b253-90a30ace4ba2, command=[]} | ret=SUCCESS |  
2019-08-23 09:16:45,465 | INFO  | SCMAudit | user=jenkins1000 | ip=192.168.69.105 | op=SEND_HEARTBEAT {datanodeUUID=480da6fd-5cad-42f6-a3a8-03ebe6e9ed72, command=[]} | ret=SUCCESS |  
2019-08-23 09:16:45,527 | INFO  | SCMAudit | user=jenkins1000 | ip=192.168.69.105 | op=SEND_HEARTBEAT {datanodeUUID=06d76673-acfc-4852-ba17-8edfd4d37f5d, command=[]} | ret=SUCCESS |  
2019-08-23 09:16:45,551 | INFO  | SCMAudit | user=jenkins1000 | ip=192.168.69.105 | op=SEND_HEARTBEAT {datanodeUUID=ce3b71d6-803c-4999-98a7-ed3c8197db33, command=[]} | ret=SUCCESS |  
2019-08-23 09:16:45,568 | INFO  | SCMAudit | user=jenkins1000 | ip=192.168.69.105 | op=SEND_HEARTBEAT {datanodeUUID=41b9b824-85d6-416a-bf4a-c5cccd6fce1e, command=[]} | ret=SUCCESS |  
2019-08-23 09:16:45,670 | INFO  | SCMAudit | user=jenkins1000 | ip=192.168.69.105 | op=SEND_HEARTBEAT {datanodeUUID=6db0b5b4-33e5-45b9-ab7c-8a068485ef09, command=[]} | ret=SUCCESS |  
2019-08-23 09:16:45,954 | INFO  | SCMAudit | user=jenkins1000 | ip=192.168.69.105 | op=SEND_HEARTBEAT {datanodeUUID=0a284024-13d6-46ed-b1db-6a3886ae2776, command=[]} | ret=SUCCESS |  
2019-08-23 09:16:46,090 | INFO  | SCMAudit | user=jenkins1000 | ip=192.168.69.105 | op=SEND_HEARTBEAT {datanodeUUID=e3f86e53-8f15-4a09-b253-90a30ace4ba2, command=[]} | ret=SUCCESS |  
2019-08-23 09:16:46,465 | INFO  | SCMAudit | user=jenkins1000 | ip=192.168.69.105 | op=SEND_HEARTBEAT {datanodeUUID=480da6fd-5cad-42f6-a3a8-03ebe6e9ed72, command=[]} | ret=SUCCESS |  
2019-08-23 09:16:46,528 | INFO  | SCMAudit | user=jenkins1000 | ip=192.168.69.105 | op=SEND_HEARTBEAT {datanodeUUID=06d76673-acfc-4852-ba17-8edfd4d37f5d, command=[]} | ret=SUCCESS |  
2019-08-23 09:16:46,551 | INFO  | SCMAudit | user=jenkins1000 | ip=192.168.69.105 | op=SEND_HEARTBEAT {datanodeUUID=ce3b71d6-803c-4999-98a7-ed3c8197db33, command=[]} | ret=SUCCESS |  
2019-08-23 09:16:46,568 | INFO  | SCMAudit | user=jenkins1000 | ip=192.168.69.105 | op=SEND_HEARTBEAT {datanodeUUID=41b9b824-85d6-416a-bf4a-c5cccd6fce1e, command=[]} | ret=SUCCESS |  
2019-08-23 09:16:46,669 | INFO  | SCMAudit | user=jenkins1000 | ip=192.168.69.105 | op=SEND_HEARTBEAT {datanodeUUID=6db0b5b4-33e5-45b9-ab7c-8a068485ef09, command=[]} | ret=SUCCESS |  
2019-08-23 09:16:46,954 | INFO  | SCMAudit | user=jenkins1000 | ip=192.168.69.105 | op=SEND_HEARTBEAT {datanodeUUID=0a284024-13d6-46ed-b1db-6a3886ae2776, command=[]} | ret=SUCCESS |  
2019-08-23 09:16:47,079 | INFO  | SCMAudit | user=jenkins1000 | ip=192.168.69.105 | op=SEND_HEARTBEAT {datanodeUUID=e3f86e53-8f15-4a09-b253-90a30ace4ba2, command=[]} | ret=SUCCESS |  
2019-08-23 09:16:47,113 [grpc-default-executor-2] INFO  client.GrpcClientProtocolClient (GrpcClientProtocolClient.java:onNext(255)) - client-E82DA6E02431->ce3b71d6-803c-4999-98a7-ed3c8197db33: receive RaftClientReply:client-E82DA6E02431->ce3b71d6-803c-4999-98a7-ed3c8197db33@group-73033864ACD7, cid=45, FAILED org.apache.ratis.protocol.NotLeaderException: Server ce3b71d6-803c-4999-98a7-ed3c8197db33 is not the leader (06d76673-acfc-4852-ba17-8edfd4d37f5d:192.168.69.105:42001). Request must be sent to leader., logIndex=0, commits[ce3b71d6-803c-4999-98a7-ed3c8197db33:c8, 41b9b824-85d6-416a-bf4a-c5cccd6fce1e:c8, 06d76673-acfc-4852-ba17-8edfd4d37f5d:c8]
2019-08-23 09:16:47,465 | INFO  | SCMAudit | user=jenkins1000 | ip=192.168.69.105 | op=SEND_HEARTBEAT {datanodeUUID=480da6fd-5cad-42f6-a3a8-03ebe6e9ed72, command=[]} | ret=SUCCESS |  
2019-08-23 09:16:47,527 | INFO  | SCMAudit | user=jenkins1000 | ip=192.168.69.105 | op=SEND_HEARTBEAT {datanodeUUID=06d76673-acfc-4852-ba17-8edfd4d37f5d, command=[]} | ret=SUCCESS |  
2019-08-23 09:16:47,551 | INFO  | SCMAudit | user=jenkins1000 | ip=192.168.69.105 | op=SEND_HEARTBEAT {datanodeUUID=ce3b71d6-803c-4999-98a7-ed3c8197db33, command=[]} | ret=SUCCESS |  
2019-08-23 09:16:47,568 | INFO  | SCMAudit | user=jenkins1000 | ip=192.168.69.105 | op=SEND_HEARTBEAT {datanodeUUID=41b9b824-85d6-416a-bf4a-c5cccd6fce1e, command=[]} | ret=SUCCESS |  
2019-08-23 09:16:47,671 | INFO  | SCMAudit | user=jenkins1000 | ip=192.168.69.105 | op=SEND_HEARTBEAT {datanodeUUID=6db0b5b4-33e5-45b9-ab7c-8a068485ef09, command=[]} | ret=SUCCESS |  
2019-08-23 09:16:47,955 | INFO  | SCMAudit | user=jenkins1000 | ip=192.168.69.105 | op=SEND_HEARTBEAT {datanodeUUID=0a284024-13d6-46ed-b1db-6a3886ae2776, command=[]} | ret=SUCCESS |  
2019-08-23 09:16:48,080 | INFO  | SCMAudit | user=jenkins1000 | ip=192.168.69.105 | op=SEND_HEARTBEAT {datanodeUUID=e3f86e53-8f15-4a09-b253-90a30ace4ba2, command=[]} | ret=SUCCESS |  
2019-08-23 09:16:48,465 | INFO  | SCMAudit | user=jenkins1000 | ip=192.168.69.105 | op=SEND_HEARTBEAT {datanodeUUID=480da6fd-5cad-42f6-a3a8-03ebe6e9ed72, command=[]} | ret=SUCCESS |  
2019-08-23 09:16:48,527 | INFO  | SCMAudit | user=jenkins1000 | ip=192.168.69.105 | op=SEND_HEARTBEAT {datanodeUUID=06d76673-acfc-4852-ba17-8edfd4d37f5d, command=[]} | ret=SUCCESS |  
2019-08-23 09:16:48,552 | INFO  | SCMAudit | user=jenkins1000 | ip=192.168.69.105 | op=SEND_HEARTBEAT {datanodeUUID=ce3b71d6-803c-4999-98a7-ed3c8197db33, command=[]} | ret=SUCCESS |  
2019-08-23 09:16:48,568 | INFO  | SCMAudit | user=jenkins1000 | ip=192.168.69.105 | op=SEND_HEARTBEAT {datanodeUUID=41b9b824-85d6-416a-bf4a-c5cccd6fce1e, command=[]} | ret=SUCCESS |  
2019-08-23 09:16:48,670 | INFO  | SCMAudit | user=jenkins1000 | ip=192.168.69.105 | op=SEND_HEARTBEAT {datanodeUUID=6db0b5b4-33e5-45b9-ab7c-8a068485ef09, command=[]} | ret=SUCCESS |  
2019-08-23 09:16:48,955 | INFO  | SCMAudit | user=jenkins1000 | ip=192.168.69.105 | op=SEND_HEARTBEAT {datanodeUUID=0a284024-13d6-46ed-b1db-6a3886ae2776, command=[]} | ret=SUCCESS |  
2019-08-23 09:16:49,079 | INFO  | SCMAudit | user=jenkins1000 | ip=192.168.69.105 | op=SEND_HEARTBEAT {datanodeUUID=e3f86e53-8f15-4a09-b253-90a30ace4ba2, command=[]} | ret=SUCCESS |  
2019-08-23 09:16:49,465 | INFO  | SCMAudit | user=jenkins1000 | ip=192.168.69.105 | op=SEND_HEARTBEAT {datanodeUUID=480da6fd-5cad-42f6-a3a8-03ebe6e9ed72, command=[]} | ret=SUCCESS |  
2019-08-23 09:16:49,527 | INFO  | SCMAudit | user=jenkins1000 | ip=192.168.69.105 | op=SEND_HEARTBEAT {datanodeUUID=06d76673-acfc-4852-ba17-8edfd4d37f5d, command=[]} | ret=SUCCESS |  
2019-08-23 09:16:49,552 | INFO  | SCMAudit | user=jenkins1000 | ip=192.168.69.105 | op=SEND_HEARTBEAT {datanodeUUID=ce3b71d6-803c-4999-98a7-ed3c8197db33, command=[]} | ret=SUCCESS |  
2019-08-23 09:16:49,568 | INFO  | SCMAudit | user=jenkins1000 | ip=192.168.69.105 | op=SEND_HEARTBEAT {datanodeUUID=41b9b824-85d6-416a-bf4a-c5cccd6fce1e, command=[]} | ret=SUCCESS |  
2019-08-23 09:16:49,670 | INFO  | SCMAudit | user=jenkins1000 | ip=192.168.69.105 | op=SEND_HEARTBEAT {datanodeUUID=6db0b5b4-33e5-45b9-ab7c-8a068485ef09, command=[]} | ret=SUCCESS |  
2019-08-23 09:16:49,955 | INFO  | SCMAudit | user=jenkins1000 | ip=192.168.69.105 | op=SEND_HEARTBEAT {datanodeUUID=0a284024-13d6-46ed-b1db-6a3886ae2776, command=[]} | ret=SUCCESS |  
2019-08-23 09:16:50,079 | INFO  | SCMAudit | user=jenkins1000 | ip=192.168.69.105 | op=SEND_HEARTBEAT {datanodeUUID=e3f86e53-8f15-4a09-b253-90a30ace4ba2, command=[]} | ret=SUCCESS |  
2019-08-23 09:16:50,465 | INFO  | SCMAudit | user=jenkins1000 | ip=192.168.69.105 | op=SEND_HEARTBEAT {datanodeUUID=480da6fd-5cad-42f6-a3a8-03ebe6e9ed72, command=[]} | ret=SUCCESS |  
2019-08-23 09:16:50,528 | INFO  | SCMAudit | user=jenkins1000 | ip=192.168.69.105 | op=SEND_HEARTBEAT {datanodeUUID=06d76673-acfc-4852-ba17-8edfd4d37f5d, command=[]} | ret=SUCCESS |  
2019-08-23 09:16:50,552 | INFO  | SCMAudit | user=jenkins1000 | ip=192.168.69.105 | op=SEND_HEARTBEAT {datanodeUUID=ce3b71d6-803c-4999-98a7-ed3c8197db33, command=[]} | ret=SUCCESS |  
2019-08-23 09:16:50,568 | INFO  | SCMAudit | user=jenkins1000 | ip=192.168.69.105 | op=SEND_HEARTBEAT {datanodeUUID=41b9b824-85d6-416a-bf4a-c5cccd6fce1e, command=[]} | ret=SUCCESS |  
2019-08-23 09:16:50,670 | INFO  | SCMAudit | user=jenkins1000 | ip=192.168.69.105 | op=SEND_HEARTBEAT {datanodeUUID=6db0b5b4-33e5-45b9-ab7c-8a068485ef09, command=[]} | ret=SUCCESS |  
2019-08-23 09:16:50,956 | INFO  | SCMAudit | user=jenkins1000 | ip=192.168.69.105 | op=SEND_HEARTBEAT {datanodeUUID=0a284024-13d6-46ed-b1db-6a3886ae2776, command=[]} | ret=SUCCESS |  
2019-08-23 09:16:51,079 | INFO  | SCMAudit | user=jenkins1000 | ip=192.168.69.105 | op=SEND_HEARTBEAT {datanodeUUID=e3f86e53-8f15-4a09-b253-90a30ace4ba2, command=[]} | ret=SUCCESS |  
2019-08-23 09:16:51,308 [ReplicationMonitor] INFO  container.ReplicationManager (ReplicationManager.java:run(215)) - Replication Monitor Thread took 0 milliseconds for processing 3 containers.
2019-08-23 09:16:51,466 | INFO  | SCMAudit | user=jenkins1000 | ip=192.168.69.105 | op=SEND_HEARTBEAT {datanodeUUID=480da6fd-5cad-42f6-a3a8-03ebe6e9ed72, command=[]} | ret=SUCCESS |  
2019-08-23 09:16:51,528 | INFO  | SCMAudit | user=jenkins1000 | ip=192.168.69.105 | op=SEND_HEARTBEAT {datanodeUUID=06d76673-acfc-4852-ba17-8edfd4d37f5d, command=[]} | ret=SUCCESS |  
2019-08-23 09:16:51,552 | INFO  | SCMAudit | user=jenkins1000 | ip=192.168.69.105 | op=SEND_HEARTBEAT {datanodeUUID=ce3b71d6-803c-4999-98a7-ed3c8197db33, command=[]} | ret=SUCCESS |  
2019-08-23 09:16:51,568 | INFO  | SCMAudit | user=jenkins1000 | ip=192.168.69.105 | op=SEND_HEARTBEAT {datanodeUUID=41b9b824-85d6-416a-bf4a-c5cccd6fce1e, command=[]} | ret=SUCCESS |  
2019-08-23 09:16:51,670 | INFO  | SCMAudit | user=jenkins1000 | ip=192.168.69.105 | op=SEND_HEARTBEAT {datanodeUUID=6db0b5b4-33e5-45b9-ab7c-8a068485ef09, command=[]} | ret=SUCCESS |  
2019-08-23 09:16:51,955 | INFO  | SCMAudit | user=jenkins1000 | ip=192.168.69.105 | op=SEND_HEARTBEAT {datanodeUUID=0a284024-13d6-46ed-b1db-6a3886ae2776, command=[]} | ret=SUCCESS |  
2019-08-23 09:16:52,080 | INFO  | SCMAudit | user=jenkins1000 | ip=192.168.69.105 | op=SEND_HEARTBEAT {datanodeUUID=e3f86e53-8f15-4a09-b253-90a30ace4ba2, command=[]} | ret=SUCCESS |  
2019-08-23 09:16:52,154 [grpc-default-executor-1] INFO  client.GrpcClientProtocolClient (GrpcClientProtocolClient.java:onNext(255)) - client-E82DA6E02431->41b9b824-85d6-416a-bf4a-c5cccd6fce1e: receive RaftClientReply:client-E82DA6E02431->41b9b824-85d6-416a-bf4a-c5cccd6fce1e@group-73033864ACD7, cid=45, FAILED org.apache.ratis.protocol.NotLeaderException: Server 41b9b824-85d6-416a-bf4a-c5cccd6fce1e is not the leader (06d76673-acfc-4852-ba17-8edfd4d37f5d:192.168.69.105:42001). Request must be sent to leader., logIndex=0, commits[41b9b824-85d6-416a-bf4a-c5cccd6fce1e:c8, ce3b71d6-803c-4999-98a7-ed3c8197db33:c8, 06d76673-acfc-4852-ba17-8edfd4d37f5d:c8]
2019-08-23 09:16:52,465 | INFO  | SCMAudit | user=jenkins1000 | ip=192.168.69.105 | op=SEND_HEARTBEAT {datanodeUUID=480da6fd-5cad-42f6-a3a8-03ebe6e9ed72, command=[]} | ret=SUCCESS |  
2019-08-23 09:16:52,528 | INFO  | SCMAudit | user=jenkins1000 | ip=192.168.69.105 | op=SEND_HEARTBEAT {datanodeUUID=06d76673-acfc-4852-ba17-8edfd4d37f5d, command=[]} | ret=SUCCESS |  
2019-08-23 09:16:52,552 | INFO  | SCMAudit | user=jenkins1000 | ip=192.168.69.105 | op=SEND_HEARTBEAT {datanodeUUID=ce3b71d6-803c-4999-98a7-ed3c8197db33, command=[]} | ret=SUCCESS |  
2019-08-23 09:16:52,569 | INFO  | SCMAudit | user=jenkins1000 | ip=192.168.69.105 | op=SEND_HEARTBEAT {datanodeUUID=41b9b824-85d6-416a-bf4a-c5cccd6fce1e, command=[]} | ret=SUCCESS |  
2019-08-23 09:16:52,670 | INFO  | SCMAudit | user=jenkins1000 | ip=192.168.69.105 | op=SEND_HEARTBEAT {datanodeUUID=6db0b5b4-33e5-45b9-ab7c-8a068485ef09, command=[]} | ret=SUCCESS |  
2019-08-23 09:16:52,955 | INFO  | SCMAudit | user=jenkins1000 | ip=192.168.69.105 | op=SEND_HEARTBEAT {datanodeUUID=0a284024-13d6-46ed-b1db-6a3886ae2776, command=[]} | ret=SUCCESS |  
2019-08-23 09:16:53,079 | INFO  | SCMAudit | user=jenkins1000 | ip=192.168.69.105 | op=SEND_HEARTBEAT {datanodeUUID=e3f86e53-8f15-4a09-b253-90a30ace4ba2, command=[]} | ret=SUCCESS |  
2019-08-23 09:16:53,466 | INFO  | SCMAudit | user=jenkins1000 | ip=192.168.69.105 | op=SEND_HEARTBEAT {datanodeUUID=480da6fd-5cad-42f6-a3a8-03ebe6e9ed72, command=[]} | ret=SUCCESS |  
2019-08-23 09:16:53,529 | INFO  | SCMAudit | user=jenkins1000 | ip=192.168.69.105 | op=SEND_HEARTBEAT {datanodeUUID=06d76673-acfc-4852-ba17-8edfd4d37f5d, command=[]} | ret=SUCCESS |  
2019-08-23 09:16:53,552 | INFO  | SCMAudit | user=jenkins1000 | ip=192.168.69.105 | op=SEND_HEARTBEAT {datanodeUUID=ce3b71d6-803c-4999-98a7-ed3c8197db33, command=[]} | ret=SUCCESS |  
2019-08-23 09:16:53,570 | INFO  | SCMAudit | user=jenkins1000 | ip=192.168.69.105 | op=SEND_HEARTBEAT {datanodeUUID=41b9b824-85d6-416a-bf4a-c5cccd6fce1e, command=[]} | ret=SUCCESS |  
2019-08-23 09:16:53,670 | INFO  | SCMAudit | user=jenkins1000 | ip=192.168.69.105 | op=SEND_HEARTBEAT {datanodeUUID=6db0b5b4-33e5-45b9-ab7c-8a068485ef09, command=[]} | ret=SUCCESS |  
2019-08-23 09:16:53,955 | INFO  | SCMAudit | user=jenkins1000 | ip=192.168.69.105 | op=SEND_HEARTBEAT {datanodeUUID=0a284024-13d6-46ed-b1db-6a3886ae2776, command=[]} | ret=SUCCESS |  
2019-08-23 09:16:54,080 | INFO  | SCMAudit | user=jenkins1000 | ip=192.168.69.105 | op=SEND_HEARTBEAT {datanodeUUID=e3f86e53-8f15-4a09-b253-90a30ace4ba2, command=[]} | ret=SUCCESS |  
2019-08-23 09:16:54,465 | INFO  | SCMAudit | user=jenkins1000 | ip=192.168.69.105 | op=SEND_HEARTBEAT {datanodeUUID=480da6fd-5cad-42f6-a3a8-03ebe6e9ed72, command=[]} | ret=SUCCESS |  
2019-08-23 09:16:54,529 | INFO  | SCMAudit | user=jenkins1000 | ip=192.168.69.105 | op=SEND_HEARTBEAT {datanodeUUID=06d76673-acfc-4852-ba17-8edfd4d37f5d, command=[]} | ret=SUCCESS |  
2019-08-23 09:16:54,553 | INFO  | SCMAudit | user=jenkins1000 | ip=192.168.69.105 | op=SEND_HEARTBEAT {datanodeUUID=ce3b71d6-803c-4999-98a7-ed3c8197db33, command=[]} | ret=SUCCESS |  
2019-08-23 09:16:54,570 | INFO  | SCMAudit | user=jenkins1000 | ip=192.168.69.105 | op=SEND_HEARTBEAT {datanodeUUID=41b9b824-85d6-416a-bf4a-c5cccd6fce1e, command=[]} | ret=SUCCESS |  
2019-08-23 09:16:54,670 | INFO  | SCMAudit | user=jenkins1000 | ip=192.168.69.105 | op=SEND_HEARTBEAT {datanodeUUID=6db0b5b4-33e5-45b9-ab7c-8a068485ef09, command=[]} | ret=SUCCESS |  
2019-08-23 09:16:54,955 | INFO  | SCMAudit | user=jenkins1000 | ip=192.168.69.105 | op=SEND_HEARTBEAT {datanodeUUID=0a284024-13d6-46ed-b1db-6a3886ae2776, command=[]} | ret=SUCCESS |  
2019-08-23 09:16:55,079 | INFO  | SCMAudit | user=jenkins1000 | ip=192.168.69.105 | op=SEND_HEARTBEAT {datanodeUUID=e3f86e53-8f15-4a09-b253-90a30ace4ba2, command=[]} | ret=SUCCESS |  
2019-08-23 09:16:55,465 | INFO  | SCMAudit | user=jenkins1000 | ip=192.168.69.105 | op=SEND_HEARTBEAT {datanodeUUID=480da6fd-5cad-42f6-a3a8-03ebe6e9ed72, command=[]} | ret=SUCCESS |  
2019-08-23 09:16:55,529 | INFO  | SCMAudit | user=jenkins1000 | ip=192.168.69.105 | op=SEND_HEARTBEAT {datanodeUUID=06d76673-acfc-4852-ba17-8edfd4d37f5d, command=[]} | ret=SUCCESS |  
2019-08-23 09:16:55,553 | INFO  | SCMAudit | user=jenkins1000 | ip=192.168.69.105 | op=SEND_HEARTBEAT {datanodeUUID=ce3b71d6-803c-4999-98a7-ed3c8197db33, command=[]} | ret=SUCCESS |  
2019-08-23 09:16:55,570 | INFO  | SCMAudit | user=jenkins1000 | ip=192.168.69.105 | op=SEND_HEARTBEAT {datanodeUUID=41b9b824-85d6-416a-bf4a-c5cccd6fce1e, command=[]} | ret=SUCCESS |  
2019-08-23 09:16:55,672 | INFO  | SCMAudit | user=jenkins1000 | ip=192.168.69.105 | op=SEND_HEARTBEAT {datanodeUUID=6db0b5b4-33e5-45b9-ab7c-8a068485ef09, command=[]} | ret=SUCCESS |  
2019-08-23 09:16:55,955 | INFO  | SCMAudit | user=jenkins1000 | ip=192.168.69.105 | op=SEND_HEARTBEAT {datanodeUUID=0a284024-13d6-46ed-b1db-6a3886ae2776, command=[]} | ret=SUCCESS |  
2019-08-23 09:16:56,079 | INFO  | SCMAudit | user=jenkins1000 | ip=192.168.69.105 | op=SEND_HEARTBEAT {datanodeUUID=e3f86e53-8f15-4a09-b253-90a30ace4ba2, command=[]} | ret=SUCCESS |  
2019-08-23 09:16:56,466 | INFO  | SCMAudit | user=jenkins1000 | ip=192.168.69.105 | op=SEND_HEARTBEAT {datanodeUUID=480da6fd-5cad-42f6-a3a8-03ebe6e9ed72, command=[]} | ret=SUCCESS |  
2019-08-23 09:16:56,529 | INFO  | SCMAudit | user=jenkins1000 | ip=192.168.69.105 | op=SEND_HEARTBEAT {datanodeUUID=06d76673-acfc-4852-ba17-8edfd4d37f5d, command=[]} | ret=SUCCESS |  
2019-08-23 09:16:56,553 | INFO  | SCMAudit | user=jenkins1000 | ip=192.168.69.105 | op=SEND_HEARTBEAT {datanodeUUID=ce3b71d6-803c-4999-98a7-ed3c8197db33, command=[]} | ret=SUCCESS |  
2019-08-23 09:16:56,570 | INFO  | SCMAudit | user=jenkins1000 | ip=192.168.69.105 | op=SEND_HEARTBEAT {datanodeUUID=41b9b824-85d6-416a-bf4a-c5cccd6fce1e, command=[]} | ret=SUCCESS |  
2019-08-23 09:16:56,672 | INFO  | SCMAudit | user=jenkins1000 | ip=192.168.69.105 | op=SEND_HEARTBEAT {datanodeUUID=6db0b5b4-33e5-45b9-ab7c-8a068485ef09, command=[]} | ret=SUCCESS |  
2019-08-23 09:16:56,957 | INFO  | SCMAudit | user=jenkins1000 | ip=192.168.69.105 | op=SEND_HEARTBEAT {datanodeUUID=0a284024-13d6-46ed-b1db-6a3886ae2776, command=[]} | ret=SUCCESS |  
2019-08-23 09:16:57,079 | INFO  | SCMAudit | user=jenkins1000 | ip=192.168.69.105 | op=SEND_HEARTBEAT {datanodeUUID=e3f86e53-8f15-4a09-b253-90a30ace4ba2, command=[]} | ret=SUCCESS |  
2019-08-23 09:16:57,196 [grpc-default-executor-1] INFO  client.GrpcClientProtocolClient (GrpcClientProtocolClient.java:onNext(255)) - client-E82DA6E02431->ce3b71d6-803c-4999-98a7-ed3c8197db33: receive RaftClientReply:client-E82DA6E02431->ce3b71d6-803c-4999-98a7-ed3c8197db33@group-73033864ACD7, cid=45, FAILED org.apache.ratis.protocol.NotLeaderException: Server ce3b71d6-803c-4999-98a7-ed3c8197db33 is not the leader (06d76673-acfc-4852-ba17-8edfd4d37f5d:192.168.69.105:42001). Request must be sent to leader., logIndex=0, commits[ce3b71d6-803c-4999-98a7-ed3c8197db33:c8, 41b9b824-85d6-416a-bf4a-c5cccd6fce1e:c8, 06d76673-acfc-4852-ba17-8edfd4d37f5d:c8]
2019-08-23 09:16:57,210 [main] INFO  ozone.MiniOzoneClusterImpl (MiniOzoneClusterImpl.java:shutdown(321)) - Shutting down the Mini Ozone Cluster
2019-08-23 09:16:57,211 | INFO  | SCMAudit | user=null | ip=null | op=GET_SCM_INFO null | ret=SUCCESS |  
2019-08-23 09:16:57,211 [main] INFO  ozone.MiniOzoneClusterImpl (MiniOzoneClusterImpl.java:stop(336)) - Stopping the Mini Ozone Cluster
2019-08-23 09:16:57,211 [main] INFO  ozone.MiniOzoneClusterImpl (MiniOzoneClusterImpl.java:stop(338)) - Stopping the OzoneManager
2019-08-23 09:16:57,212 [main] INFO  ipc.Server (Server.java:stop(3082)) - Stopping server on 37654
2019-08-23 09:16:57,228 [IPC Server listener on 37654] INFO  ipc.Server (Server.java:run(1185)) - Stopping IPC Server listener on 37654
2019-08-23 09:16:57,228 [main] INFO  ratis.OzoneManagerDoubleBuffer (OzoneManagerDoubleBuffer.java:stop(248)) - Stopping OMDoubleBuffer flush thread
2019-08-23 09:16:57,231 [IPC Server Responder] INFO  ipc.Server (Server.java:run(1319)) - Stopping IPC Server Responder
2019-08-23 09:16:57,248 [OMDoubleBufferFlushThread] INFO  ratis.OzoneManagerDoubleBuffer (OzoneManagerDoubleBuffer.java:flushTransactions(191)) - OMDoubleBuffer flush thread OMDoubleBufferFlushThread is interrupted and will exit. OMDoubleBufferFlushThread
2019-08-23 09:16:57,276 [main] INFO  utils.BackgroundService (BackgroundService.java:shutdown(148)) - Shutting down service KeyDeletingService
2019-08-23 09:16:57,278 [main] INFO  handler.ContextHandler (ContextHandler.java:doStop(910)) - Stopped o.e.j.w.WebAppContext@502c087e{/,null,UNAVAILABLE}{/ozoneManager}
2019-08-23 09:16:57,279 [main] INFO  server.AbstractConnector (AbstractConnector.java:doStop(318)) - Stopped ServerConnector@49986178{HTTP/1.1,[http/1.1]}{0.0.0.0:0}
2019-08-23 09:16:57,280 [main] INFO  handler.ContextHandler (ContextHandler.java:doStop(910)) - Stopped o.e.j.s.ServletContextHandler@734f8317{/static,file:///workdir/hadoop-ozone/integration-test/target/test-classes/webapps/static,UNAVAILABLE}
2019-08-23 09:16:57,280 [main] INFO  handler.ContextHandler (ContextHandler.java:doStop(910)) - Stopped o.e.j.s.ServletContextHandler@42ecc554{/logs,file:///workdir/hadoop-ozone/integration-test/target/log,UNAVAILABLE}
2019-08-23 09:16:57,285 [main] INFO  ozone.MiniOzoneClusterImpl (MiniOzoneClusterImpl.java:stop(344)) - Shutting the HddsDatanodes
2019-08-23 09:16:57,285 [main] INFO  datanode.ObjectStoreHandler (ObjectStoreHandler.java:close(155)) - Closing ObjectStoreHandler.
2019-08-23 09:16:57,285 [ForkJoinPool.commonPool-worker-0] INFO  datanode.ObjectStoreHandler (ObjectStoreHandler.java:close(155)) - Closing ObjectStoreHandler.
2019-08-23 09:16:57,287 [main] INFO  ozone.HddsDatanodeService (HddsDatanodeService.java:stop(451)) - Stopped plug-in org.apache.hadoop.ozone.web.OzoneHddsDatanodeService@799971ac
2019-08-23 09:16:57,287 [ForkJoinPool.commonPool-worker-0] INFO  ozone.HddsDatanodeService (HddsDatanodeService.java:stop(451)) - Stopped plug-in org.apache.hadoop.ozone.web.OzoneHddsDatanodeService@b841713
2019-08-23 09:16:57,465 [Datanode State Machine Thread - 0] INFO  statemachine.DatanodeStateMachine (DatanodeStateMachine.java:lambda$startDaemon$0(350)) - Ozone container server started.
2019-08-23 09:16:57,530 | INFO  | SCMAudit | user=jenkins1000 | ip=192.168.69.105 | op=SEND_HEARTBEAT {datanodeUUID=06d76673-acfc-4852-ba17-8edfd4d37f5d, command=[]} | ret=SUCCESS |  
2019-08-23 09:16:57,553 | INFO  | SCMAudit | user=jenkins1000 | ip=192.168.69.105 | op=SEND_HEARTBEAT {datanodeUUID=ce3b71d6-803c-4999-98a7-ed3c8197db33, command=[]} | ret=SUCCESS |  
2019-08-23 09:16:57,569 [Datanode State Machine Thread - 0] INFO  statemachine.DatanodeStateMachine (DatanodeStateMachine.java:lambda$startDaemon$0(350)) - Ozone container server started.
2019-08-23 09:16:57,672 | INFO  | SCMAudit | user=jenkins1000 | ip=192.168.69.105 | op=SEND_HEARTBEAT {datanodeUUID=6db0b5b4-33e5-45b9-ab7c-8a068485ef09, command=[]} | ret=SUCCESS |  
2019-08-23 09:16:57,957 | INFO  | SCMAudit | user=jenkins1000 | ip=192.168.69.105 | op=SEND_HEARTBEAT {datanodeUUID=0a284024-13d6-46ed-b1db-6a3886ae2776, command=[]} | ret=SUCCESS |  
2019-08-23 09:16:58,080 | INFO  | SCMAudit | user=jenkins1000 | ip=192.168.69.105 | op=SEND_HEARTBEAT {datanodeUUID=e3f86e53-8f15-4a09-b253-90a30ace4ba2, command=[]} | ret=SUCCESS |  
2019-08-23 09:16:58,530 | INFO  | SCMAudit | user=jenkins1000 | ip=192.168.69.105 | op=SEND_HEARTBEAT {datanodeUUID=06d76673-acfc-4852-ba17-8edfd4d37f5d, command=[]} | ret=SUCCESS |  
2019-08-23 09:16:58,553 | INFO  | SCMAudit | user=jenkins1000 | ip=192.168.69.105 | op=SEND_HEARTBEAT {datanodeUUID=ce3b71d6-803c-4999-98a7-ed3c8197db33, command=[]} | ret=SUCCESS |  
2019-08-23 09:16:58,672 | INFO  | SCMAudit | user=jenkins1000 | ip=192.168.69.105 | op=SEND_HEARTBEAT {datanodeUUID=6db0b5b4-33e5-45b9-ab7c-8a068485ef09, command=[]} | ret=SUCCESS |  
2019-08-23 09:16:58,957 | INFO  | SCMAudit | user=jenkins1000 | ip=192.168.69.105 | op=SEND_HEARTBEAT {datanodeUUID=0a284024-13d6-46ed-b1db-6a3886ae2776, command=[]} | ret=SUCCESS |  
2019-08-23 09:16:59,079 | INFO  | SCMAudit | user=jenkins1000 | ip=192.168.69.105 | op=SEND_HEARTBEAT {datanodeUUID=e3f86e53-8f15-4a09-b253-90a30ace4ba2, command=[]} | ret=SUCCESS |  
2019-08-23 09:16:59,529 | INFO  | SCMAudit | user=jenkins1000 | ip=192.168.69.105 | op=SEND_HEARTBEAT {datanodeUUID=06d76673-acfc-4852-ba17-8edfd4d37f5d, command=[]} | ret=SUCCESS |  
2019-08-23 09:16:59,553 | INFO  | SCMAudit | user=jenkins1000 | ip=192.168.69.105 | op=SEND_HEARTBEAT {datanodeUUID=ce3b71d6-803c-4999-98a7-ed3c8197db33, command=[]} | ret=SUCCESS |  
2019-08-23 09:16:59,673 | INFO  | SCMAudit | user=jenkins1000 | ip=192.168.69.105 | op=SEND_HEARTBEAT {datanodeUUID=6db0b5b4-33e5-45b9-ab7c-8a068485ef09, command=[]} | ret=SUCCESS |  
2019-08-23 09:16:59,957 | INFO  | SCMAudit | user=jenkins1000 | ip=192.168.69.105 | op=SEND_HEARTBEAT {datanodeUUID=0a284024-13d6-46ed-b1db-6a3886ae2776, command=[]} | ret=SUCCESS |  
2019-08-23 09:17:00,079 | INFO  | SCMAudit | user=jenkins1000 | ip=192.168.69.105 | op=SEND_HEARTBEAT {datanodeUUID=e3f86e53-8f15-4a09-b253-90a30ace4ba2, command=[]} | ret=SUCCESS |  
2019-08-23 09:17:00,529 | INFO  | SCMAudit | user=jenkins1000 | ip=192.168.69.105 | op=SEND_HEARTBEAT {datanodeUUID=06d76673-acfc-4852-ba17-8edfd4d37f5d, command=[]} | ret=SUCCESS |  
2019-08-23 09:17:00,555 | INFO  | SCMAudit | user=jenkins1000 | ip=192.168.69.105 | op=SEND_HEARTBEAT {datanodeUUID=ce3b71d6-803c-4999-98a7-ed3c8197db33, command=[]} | ret=SUCCESS |  
2019-08-23 09:17:00,672 | INFO  | SCMAudit | user=jenkins1000 | ip=192.168.69.105 | op=SEND_HEARTBEAT {datanodeUUID=6db0b5b4-33e5-45b9-ab7c-8a068485ef09, command=[]} | ret=SUCCESS |  
2019-08-23 09:17:00,958 | INFO  | SCMAudit | user=jenkins1000 | ip=192.168.69.105 | op=SEND_HEARTBEAT {datanodeUUID=0a284024-13d6-46ed-b1db-6a3886ae2776, command=[]} | ret=SUCCESS |  
2019-08-23 09:17:01,079 | INFO  | SCMAudit | user=jenkins1000 | ip=192.168.69.105 | op=SEND_HEARTBEAT {datanodeUUID=e3f86e53-8f15-4a09-b253-90a30ace4ba2, command=[]} | ret=SUCCESS |  
2019-08-23 09:17:01,529 | INFO  | SCMAudit | user=jenkins1000 | ip=192.168.69.105 | op=SEND_HEARTBEAT {datanodeUUID=06d76673-acfc-4852-ba17-8edfd4d37f5d, command=[]} | ret=SUCCESS |  
2019-08-23 09:17:01,555 | INFO  | SCMAudit | user=jenkins1000 | ip=192.168.69.105 | op=SEND_HEARTBEAT {datanodeUUID=ce3b71d6-803c-4999-98a7-ed3c8197db33, command=[]} | ret=SUCCESS |  
2019-08-23 09:17:01,672 | INFO  | SCMAudit | user=jenkins1000 | ip=192.168.69.105 | op=SEND_HEARTBEAT {datanodeUUID=6db0b5b4-33e5-45b9-ab7c-8a068485ef09, command=[]} | ret=SUCCESS |  
2019-08-23 09:17:01,958 | INFO  | SCMAudit | user=jenkins1000 | ip=192.168.69.105 | op=SEND_HEARTBEAT {datanodeUUID=0a284024-13d6-46ed-b1db-6a3886ae2776, command=[]} | ret=SUCCESS |  
2019-08-23 09:17:02,080 | INFO  | SCMAudit | user=jenkins1000 | ip=192.168.69.105 | op=SEND_HEARTBEAT {datanodeUUID=e3f86e53-8f15-4a09-b253-90a30ace4ba2, command=[]} | ret=SUCCESS |  
2019-08-23 09:17:02,289 [main] INFO  ozoneimpl.OzoneContainer (OzoneContainer.java:stop(199)) - Attempting to stop container services.
2019-08-23 09:17:02,289 [ForkJoinPool.commonPool-worker-0] INFO  ozoneimpl.OzoneContainer (OzoneContainer.java:stop(199)) - Attempting to stop container services.
2019-08-23 09:17:02,290 [main] INFO  impl.RaftServerProxy (RaftServerProxy.java:lambda$close$4(314)) - 480da6fd-5cad-42f6-a3a8-03ebe6e9ed72: close
2019-08-23 09:17:02,290 [ForkJoinPool.commonPool-worker-0] INFO  impl.RaftServerProxy (RaftServerProxy.java:lambda$close$4(314)) - 41b9b824-85d6-416a-bf4a-c5cccd6fce1e: close
2019-08-23 09:17:02,290 [main] INFO  impl.RaftServerImpl (RaftServerImpl.java:lambda$shutdown$3(245)) - 480da6fd-5cad-42f6-a3a8-03ebe6e9ed72: shutdown group-FE0C229C6F37
2019-08-23 09:17:02,290 [ForkJoinPool.commonPool-worker-0] INFO  impl.RaftServerImpl (RaftServerImpl.java:lambda$shutdown$3(245)) - 41b9b824-85d6-416a-bf4a-c5cccd6fce1e: shutdown group-3AF65F16054E
2019-08-23 09:17:02,291 [main] INFO  util.JmxRegister (JmxRegister.java:unregister(73)) - Successfully un-registered JMX Bean with object name Ratis:service=RaftServer,group=group-FE0C229C6F37,id=480da6fd-5cad-42f6-a3a8-03ebe6e9ed72
2019-08-23 09:17:02,291 [ForkJoinPool.commonPool-worker-0] INFO  util.JmxRegister (JmxRegister.java:unregister(73)) - Successfully un-registered JMX Bean with object name Ratis:service=RaftServer,group=group-3AF65F16054E,id=41b9b824-85d6-416a-bf4a-c5cccd6fce1e
2019-08-23 09:17:02,291 [main] INFO  impl.RoleInfo (RoleInfo.java:shutdownFollowerState(121)) - 480da6fd-5cad-42f6-a3a8-03ebe6e9ed72: shutdown FollowerState
2019-08-23 09:17:02,291 [ForkJoinPool.commonPool-worker-0] INFO  impl.RoleInfo (RoleInfo.java:shutdownLeaderState(104)) - 41b9b824-85d6-416a-bf4a-c5cccd6fce1e: shutdown LeaderState
2019-08-23 09:17:02,292 [Thread-848] INFO  impl.FollowerState (FollowerState.java:run(114)) - 480da6fd-5cad-42f6-a3a8-03ebe6e9ed72: FollowerState was interrupted: java.lang.InterruptedException: sleep interrupted
2019-08-23 09:17:02,292 [main] INFO  impl.StateMachineUpdater (StateMachineUpdater.java:stopAndJoin(115)) - StateMachineUpdater:480da6fd-5cad-42f6-a3a8-03ebe6e9ed72:group-FE0C229C6F37: set stopIndex = 0
2019-08-23 09:17:02,292 [ForkJoinPool.commonPool-worker-0] INFO  impl.PendingRequests (PendingRequests.java:sendNotLeaderResponses(202)) - 41b9b824-85d6-416a-bf4a-c5cccd6fce1e-PendingRequests: sendNotLeaderResponses
2019-08-23 09:17:02,297 [main] INFO  impl.RaftServerImpl (ServerState.java:close(394)) - 480da6fd-5cad-42f6-a3a8-03ebe6e9ed72:group-FE0C229C6F37 closes. The last applied log index is 0
2019-08-23 09:17:02,297 [ForkJoinPool.commonPool-worker-0] INFO  impl.StateMachineUpdater (StateMachineUpdater.java:stopAndJoin(115)) - StateMachineUpdater:41b9b824-85d6-416a-bf4a-c5cccd6fce1e:group-3AF65F16054E: set stopIndex = 0
2019-08-23 09:17:02,299 [ForkJoinPool.commonPool-worker-0] INFO  impl.RaftServerImpl (ServerState.java:close(394)) - 41b9b824-85d6-416a-bf4a-c5cccd6fce1e:group-3AF65F16054E closes. The last applied log index is 0
2019-08-23 09:17:02,300 [480da6fd-5cad-42f6-a3a8-03ebe6e9ed72-SegmentedRaftLogWorker:Storage Directory /workdir/hadoop-ozone/integration-test/target/test-dir/MiniOzoneClusterImpl-46891ce3-8eb0-4315-8db6-3822c3bd7dcf/datanode-4/data/ratis/c3c0063c-9561-4dcf-aecd-fe0c229c6f37] INFO  segmented.SegmentedRaftLogWorker (SegmentedRaftLogWorker.java:run(313)) - 480da6fd-5cad-42f6-a3a8-03ebe6e9ed72-SegmentedRaftLogWorker:Storage Directory /workdir/hadoop-ozone/integration-test/target/test-dir/MiniOzoneClusterImpl-46891ce3-8eb0-4315-8db6-3822c3bd7dcf/datanode-4/data/ratis/c3c0063c-9561-4dcf-aecd-fe0c229c6f37 was interrupted, exiting. There are 0 tasks remaining in the queue.
2019-08-23 09:17:02,300 [41b9b824-85d6-416a-bf4a-c5cccd6fce1e-SegmentedRaftLogWorker:Storage Directory /workdir/hadoop-ozone/integration-test/target/test-dir/MiniOzoneClusterImpl-46891ce3-8eb0-4315-8db6-3822c3bd7dcf/datanode-1/data/ratis/5ab100cc-e287-41c4-bbc7-3af65f16054e] INFO  segmented.SegmentedRaftLogWorker (SegmentedRaftLogWorker.java:run(313)) - 41b9b824-85d6-416a-bf4a-c5cccd6fce1e-SegmentedRaftLogWorker:Storage Directory /workdir/hadoop-ozone/integration-test/target/test-dir/MiniOzoneClusterImpl-46891ce3-8eb0-4315-8db6-3822c3bd7dcf/datanode-1/data/ratis/5ab100cc-e287-41c4-bbc7-3af65f16054e was interrupted, exiting. There are 0 tasks remaining in the queue.
2019-08-23 09:17:02,316 [ForkJoinPool.commonPool-worker-0] INFO  segmented.SegmentedRaftLogWorker (SegmentedRaftLogWorker.java:close(228)) - 41b9b824-85d6-416a-bf4a-c5cccd6fce1e-SegmentedRaftLogWorker:Storage Directory /workdir/hadoop-ozone/integration-test/target/test-dir/MiniOzoneClusterImpl-46891ce3-8eb0-4315-8db6-3822c3bd7dcf/datanode-1/data/ratis/5ab100cc-e287-41c4-bbc7-3af65f16054e close()
2019-08-23 09:17:02,316 [main] INFO  segmented.SegmentedRaftLogWorker (SegmentedRaftLogWorker.java:close(228)) - 480da6fd-5cad-42f6-a3a8-03ebe6e9ed72-SegmentedRaftLogWorker:Storage Directory /workdir/hadoop-ozone/integration-test/target/test-dir/MiniOzoneClusterImpl-46891ce3-8eb0-4315-8db6-3822c3bd7dcf/datanode-4/data/ratis/c3c0063c-9561-4dcf-aecd-fe0c229c6f37 close()
2019-08-23 09:17:02,320 [ForkJoinPool.commonPool-worker-0] INFO  impl.RaftServerImpl (RaftServerImpl.java:lambda$shutdown$3(245)) - 41b9b824-85d6-416a-bf4a-c5cccd6fce1e: shutdown group-73033864ACD7
2019-08-23 09:17:02,323 [main] INFO  impl.RaftServerImpl (RaftServerImpl.java:lambda$shutdown$3(245)) - 480da6fd-5cad-42f6-a3a8-03ebe6e9ed72: shutdown group-5631915CA8C0
2019-08-23 09:17:02,324 [ForkJoinPool.commonPool-worker-0] INFO  util.JmxRegister (JmxRegister.java:unregister(73)) - Successfully un-registered JMX Bean with object name Ratis:service=RaftServer,group=group-73033864ACD7,id=41b9b824-85d6-416a-bf4a-c5cccd6fce1e
2019-08-23 09:17:02,324 [main] INFO  util.JmxRegister (JmxRegister.java:unregister(73)) - Successfully un-registered JMX Bean with object name Ratis:service=RaftServer,group=group-5631915CA8C0,id=480da6fd-5cad-42f6-a3a8-03ebe6e9ed72
2019-08-23 09:17:02,325 [main] INFO  impl.RoleInfo (RoleInfo.java:shutdownLeaderState(104)) - 480da6fd-5cad-42f6-a3a8-03ebe6e9ed72: shutdown LeaderState
2019-08-23 09:17:02,324 [ForkJoinPool.commonPool-worker-0] INFO  impl.RoleInfo (RoleInfo.java:shutdownFollowerState(121)) - 41b9b824-85d6-416a-bf4a-c5cccd6fce1e: shutdown FollowerState
2019-08-23 09:17:02,325 [main] INFO  impl.PendingRequests (PendingRequests.java:sendNotLeaderResponses(202)) - 480da6fd-5cad-42f6-a3a8-03ebe6e9ed72-PendingRequests: sendNotLeaderResponses
2019-08-23 09:17:02,325 [StateMachineUpdater:41b9b824-85d6-416a-bf4a-c5cccd6fce1e:group-73033864ACD7] INFO  ratis.ContainerStateMachine (ContainerStateMachine.java:takeSnapshot(283)) - group-73033864ACD7: Taking a snapshot at:(t:1, i:6) file /workdir/hadoop-ozone/integration-test/target/test-dir/MiniOzoneClusterImpl-46891ce3-8eb0-4315-8db6-3822c3bd7dcf/datanode-1/data/ratis/93047d0c-a21e-49b2-a0be-73033864acd7/sm/snapshot.1_6
2019-08-23 09:17:02,325 [Thread-795] INFO  impl.FollowerState (FollowerState.java:run(114)) - 41b9b824-85d6-416a-bf4a-c5cccd6fce1e: FollowerState was interrupted: java.lang.InterruptedException: sleep interrupted
2019-08-23 09:17:02,325 [ForkJoinPool.commonPool-worker-0] INFO  impl.StateMachineUpdater (StateMachineUpdater.java:stopAndJoin(115)) - StateMachineUpdater:41b9b824-85d6-416a-bf4a-c5cccd6fce1e:group-73033864ACD7: set stopIndex = 8
2019-08-23 09:17:02,326 [main] INFO  impl.StateMachineUpdater (StateMachineUpdater.java:stopAndJoin(115)) - StateMachineUpdater:480da6fd-5cad-42f6-a3a8-03ebe6e9ed72:group-5631915CA8C0: set stopIndex = 0
2019-08-23 09:17:02,334 [main] INFO  impl.RaftServerImpl (ServerState.java:close(394)) - 480da6fd-5cad-42f6-a3a8-03ebe6e9ed72:group-5631915CA8C0 closes. The last applied log index is 0
2019-08-23 09:17:02,334 [480da6fd-5cad-42f6-a3a8-03ebe6e9ed72-SegmentedRaftLogWorker:Storage Directory /workdir/hadoop-ozone/integration-test/target/test-dir/MiniOzoneClusterImpl-46891ce3-8eb0-4315-8db6-3822c3bd7dcf/datanode-4/data/ratis/b8f89d3c-30e3-4ab4-bf80-5631915ca8c0] INFO  segmented.SegmentedRaftLogWorker (SegmentedRaftLogWorker.java:run(313)) - 480da6fd-5cad-42f6-a3a8-03ebe6e9ed72-SegmentedRaftLogWorker:Storage Directory /workdir/hadoop-ozone/integration-test/target/test-dir/MiniOzoneClusterImpl-46891ce3-8eb0-4315-8db6-3822c3bd7dcf/datanode-4/data/ratis/b8f89d3c-30e3-4ab4-bf80-5631915ca8c0 was interrupted, exiting. There are 0 tasks remaining in the queue.
2019-08-23 09:17:02,338 [main] INFO  segmented.SegmentedRaftLogWorker (SegmentedRaftLogWorker.java:close(228)) - 480da6fd-5cad-42f6-a3a8-03ebe6e9ed72-SegmentedRaftLogWorker:Storage Directory /workdir/hadoop-ozone/integration-test/target/test-dir/MiniOzoneClusterImpl-46891ce3-8eb0-4315-8db6-3822c3bd7dcf/datanode-4/data/ratis/b8f89d3c-30e3-4ab4-bf80-5631915ca8c0 close()
2019-08-23 09:17:02,342 [StateMachineUpdater:41b9b824-85d6-416a-bf4a-c5cccd6fce1e:group-73033864ACD7] INFO  ratis.ContainerStateMachine (ContainerStateMachine.java:takeSnapshot(294)) - group-73033864ACD7: Finished taking a snapshot at:(t:1, i:6) file:/workdir/hadoop-ozone/integration-test/target/test-dir/MiniOzoneClusterImpl-46891ce3-8eb0-4315-8db6-3822c3bd7dcf/datanode-1/data/ratis/93047d0c-a21e-49b2-a0be-73033864acd7/sm/snapshot.1_6 time:15
2019-08-23 09:17:02,342 [main] INFO  server.GrpcService (GrpcService.java:closeImpl(155)) - 480da6fd-5cad-42f6-a3a8-03ebe6e9ed72: shutdown server with port 35049 now
2019-08-23 09:17:02,342 [StateMachineUpdater:41b9b824-85d6-416a-bf4a-c5cccd6fce1e:group-73033864ACD7] INFO  impl.StateMachineUpdater (StateMachineUpdater.java:takeSnapshot(242)) - StateMachineUpdater:41b9b824-85d6-416a-bf4a-c5cccd6fce1e:group-73033864ACD7: Took a snapshot at index 6
2019-08-23 09:17:02,342 [StateMachineUpdater:41b9b824-85d6-416a-bf4a-c5cccd6fce1e:group-73033864ACD7] INFO  impl.StateMachineUpdater (StateMachineUpdater.java:lambda$new$0(80)) - StateMachineUpdater:41b9b824-85d6-416a-bf4a-c5cccd6fce1e:group-73033864ACD7: snapshotIndex: updateIncreasingly -1 -> 6
2019-08-23 09:17:02,343 [ForkJoinPool.commonPool-worker-0] INFO  impl.RaftServerImpl (ServerState.java:close(394)) - 41b9b824-85d6-416a-bf4a-c5cccd6fce1e:group-73033864ACD7 closes. The last applied log index is 8
2019-08-23 09:17:02,343 [41b9b824-85d6-416a-bf4a-c5cccd6fce1e-SegmentedRaftLogWorker:Storage Directory /workdir/hadoop-ozone/integration-test/target/test-dir/MiniOzoneClusterImpl-46891ce3-8eb0-4315-8db6-3822c3bd7dcf/datanode-1/data/ratis/93047d0c-a21e-49b2-a0be-73033864acd7] INFO  segmented.SegmentedRaftLogWorker (SegmentedRaftLogWorker.java:run(313)) - 41b9b824-85d6-416a-bf4a-c5cccd6fce1e-SegmentedRaftLogWorker:Storage Directory /workdir/hadoop-ozone/integration-test/target/test-dir/MiniOzoneClusterImpl-46891ce3-8eb0-4315-8db6-3822c3bd7dcf/datanode-1/data/ratis/93047d0c-a21e-49b2-a0be-73033864acd7 was interrupted, exiting. There are 0 tasks remaining in the queue.
2019-08-23 09:17:02,345 [ForkJoinPool.commonPool-worker-0] INFO  segmented.SegmentedRaftLogWorker (SegmentedRaftLogWorker.java:close(228)) - 41b9b824-85d6-416a-bf4a-c5cccd6fce1e-SegmentedRaftLogWorker:Storage Directory /workdir/hadoop-ozone/integration-test/target/test-dir/MiniOzoneClusterImpl-46891ce3-8eb0-4315-8db6-3822c3bd7dcf/datanode-1/data/ratis/93047d0c-a21e-49b2-a0be-73033864acd7 close()
2019-08-23 09:17:02,356 [ForkJoinPool.commonPool-worker-0] INFO  server.GrpcService (GrpcService.java:closeImpl(155)) - 41b9b824-85d6-416a-bf4a-c5cccd6fce1e: shutdown server with port 35086 now
2019-08-23 09:17:02,356 [main] INFO  server.GrpcService (GrpcService.java:closeImpl(163)) - 480da6fd-5cad-42f6-a3a8-03ebe6e9ed72: shutdown server with port 35049 successfully
2019-08-23 09:17:02,358 [grpc-default-executor-1] WARN  server.GrpcLogAppender (LogUtils.java:warn(134)) - e3f86e53-8f15-4a09-b253-90a30ace4ba2->480da6fd-5cad-42f6-a3a8-03ebe6e9ed72: Failed appendEntries: org.apache.ratis.thirdparty.io.grpc.StatusRuntimeException: CANCELLED: HTTP/2 error code: CANCEL
Received Rst Stream
2019-08-23 09:17:02,358 [grpc-default-executor-11] WARN  server.GrpcServerProtocolService (LogUtils.java:warn(134)) - 41b9b824-85d6-416a-bf4a-c5cccd6fce1e: appendEntries onError: org.apache.ratis.thirdparty.io.grpc.StatusRuntimeException: CANCELLED: cancelled before receiving half close
2019-08-23 09:17:02,358 [ForkJoinPool.commonPool-worker-0] INFO  server.GrpcService (GrpcService.java:closeImpl(163)) - 41b9b824-85d6-416a-bf4a-c5cccd6fce1e: shutdown server with port 35086 successfully
2019-08-23 09:17:02,358 [grpc-default-executor-2] WARN  server.GrpcServerProtocolService (LogUtils.java:warn(134)) - 480da6fd-5cad-42f6-a3a8-03ebe6e9ed72: appendEntries onError: org.apache.ratis.thirdparty.io.grpc.StatusRuntimeException: CANCELLED: cancelled before receiving half close
2019-08-23 09:17:02,360 [grpc-default-executor-1] INFO  impl.FollowerInfo (FollowerInfo.java:lambda$new$0(50)) - e3f86e53-8f15-4a09-b253-90a30ace4ba2->480da6fd-5cad-42f6-a3a8-03ebe6e9ed72: nextIndex: updateUnconditionally 1 -> 0
2019-08-23 09:17:02,360 [main] INFO  utils.BackgroundService (BackgroundService.java:shutdown(148)) - Shutting down service BlockDeletingService
2019-08-23 09:17:02,358 [grpc-default-executor-10] WARN  server.GrpcLogAppender (LogUtils.java:warn(134)) - 06d76673-acfc-4852-ba17-8edfd4d37f5d->41b9b824-85d6-416a-bf4a-c5cccd6fce1e: Failed appendEntries: org.apache.ratis.thirdparty.io.grpc.StatusRuntimeException: CANCELLED: HTTP/2 error code: CANCEL
Received Rst Stream
2019-08-23 09:17:02,363 [grpc-default-executor-10] INFO  impl.FollowerInfo (FollowerInfo.java:lambda$new$0(50)) - 06d76673-acfc-4852-ba17-8edfd4d37f5d->41b9b824-85d6-416a-bf4a-c5cccd6fce1e: nextIndex: updateUnconditionally 9 -> 8
2019-08-23 09:17:02,367 [refreshUsed-/workdir/hadoop-ozone/integration-test/target/test-dir/MiniOzoneClusterImpl-46891ce3-8eb0-4315-8db6-3822c3bd7dcf/datanode-4/data/containers] WARN  fs.CachingGetSpaceUsed (CachingGetSpaceUsed.java:run(183)) - Thread Interrupted waiting to refresh disk information: sleep interrupted
2019-08-23 09:17:02,369 [ForkJoinPool.commonPool-worker-0] INFO  utils.BackgroundService (BackgroundService.java:shutdown(148)) - Shutting down service BlockDeletingService
2019-08-23 09:17:02,370 [refreshUsed-/workdir/hadoop-ozone/integration-test/target/test-dir/MiniOzoneClusterImpl-46891ce3-8eb0-4315-8db6-3822c3bd7dcf/datanode-1/data/containers] WARN  fs.CachingGetSpaceUsed (CachingGetSpaceUsed.java:run(183)) - Thread Interrupted waiting to refresh disk information: sleep interrupted
2019-08-23 09:17:02,384 [main] INFO  statemachine.DatanodeStateMachine (DatanodeStateMachine.java:stopDaemon(395)) - Ozone container server stopped.
2019-08-23 09:17:02,385 [main] INFO  handler.ContextHandler (ContextHandler.java:doStop(910)) - Stopped o.e.j.w.WebAppContext@647ff23e{/,null,UNAVAILABLE}{/hddsDatanode}
2019-08-23 09:17:02,389 [ForkJoinPool.commonPool-worker-0] INFO  statemachine.DatanodeStateMachine (DatanodeStateMachine.java:stopDaemon(395)) - Ozone container server stopped.
2019-08-23 09:17:02,390 [main] INFO  server.AbstractConnector (AbstractConnector.java:doStop(318)) - Stopped ServerConnector@6a04d2a4{HTTP/1.1,[http/1.1]}{0.0.0.0:0}
2019-08-23 09:17:02,391 [main] INFO  handler.ContextHandler (ContextHandler.java:doStop(910)) - Stopped o.e.j.s.ServletContextHandler@638d2ce3{/static,jar:file:/home/user/.m2/repository/org/apache/hadoop/hadoop-hdds-container-service/0.5.0-SNAPSHOT/hadoop-hdds-container-service-0.5.0-SNAPSHOT.jar!/webapps/static,UNAVAILABLE}
2019-08-23 09:17:02,393 [ForkJoinPool.commonPool-worker-0] INFO  handler.ContextHandler (ContextHandler.java:doStop(910)) - Stopped o.e.j.w.WebAppContext@750e2d33{/,null,UNAVAILABLE}{/hddsDatanode}
2019-08-23 09:17:02,393 [main] INFO  handler.ContextHandler (ContextHandler.java:doStop(910)) - Stopped o.e.j.s.ServletContextHandler@1f75fd1d{/logs,file:///workdir/hadoop-ozone/integration-test/target/log,UNAVAILABLE}
2019-08-23 09:17:02,393 [ForkJoinPool.commonPool-worker-0] INFO  server.AbstractConnector (AbstractConnector.java:doStop(318)) - Stopped ServerConnector@359e27d2{HTTP/1.1,[http/1.1]}{0.0.0.0:0}
2019-08-23 09:17:02,395 [main] INFO  datanode.ObjectStoreHandler (ObjectStoreHandler.java:close(155)) - Closing ObjectStoreHandler.
2019-08-23 09:17:02,395 [ForkJoinPool.commonPool-worker-0] INFO  handler.ContextHandler (ContextHandler.java:doStop(910)) - Stopped o.e.j.s.ServletContextHandler@56b05bd7{/static,jar:file:/home/user/.m2/repository/org/apache/hadoop/hadoop-hdds-container-service/0.5.0-SNAPSHOT/hadoop-hdds-container-service-0.5.0-SNAPSHOT.jar!/webapps/static,UNAVAILABLE}
2019-08-23 09:17:02,397 [ForkJoinPool.commonPool-worker-0] INFO  handler.ContextHandler (ContextHandler.java:doStop(910)) - Stopped o.e.j.s.ServletContextHandler@4ffa7041{/logs,file:///workdir/hadoop-ozone/integration-test/target/log,UNAVAILABLE}
2019-08-23 09:17:02,397 [main] INFO  ozone.HddsDatanodeService (HddsDatanodeService.java:stop(451)) - Stopped plug-in org.apache.hadoop.ozone.web.OzoneHddsDatanodeService@28dacf31
2019-08-23 09:17:02,398 [ForkJoinPool.commonPool-worker-0] INFO  datanode.ObjectStoreHandler (ObjectStoreHandler.java:close(155)) - Closing ObjectStoreHandler.
2019-08-23 09:17:02,398 [ForkJoinPool.commonPool-worker-0] INFO  ozone.HddsDatanodeService (HddsDatanodeService.java:stop(451)) - Stopped plug-in org.apache.hadoop.ozone.web.OzoneHddsDatanodeService@654b899f
2019-08-23 09:17:02,429 [grpc-default-executor-2] WARN  server.GrpcLogAppender (LogUtils.java:warn(134)) - 06d76673-acfc-4852-ba17-8edfd4d37f5d->41b9b824-85d6-416a-bf4a-c5cccd6fce1e: Failed appendEntries: org.apache.ratis.thirdparty.io.grpc.StatusRuntimeException: UNAVAILABLE: io exception
2019-08-23 09:17:02,431 [grpc-default-executor-2] INFO  impl.FollowerInfo (FollowerInfo.java:lambda$new$0(50)) - 06d76673-acfc-4852-ba17-8edfd4d37f5d->41b9b824-85d6-416a-bf4a-c5cccd6fce1e: nextIndex: updateUnconditionally 8 -> 7
2019-08-23 09:17:02,528 [Datanode State Machine Thread - 0] INFO  statemachine.DatanodeStateMachine (DatanodeStateMachine.java:lambda$startDaemon$0(350)) - Ozone container server started.
2019-08-23 09:17:02,555 | INFO  | SCMAudit | user=jenkins1000 | ip=192.168.69.105 | op=SEND_HEARTBEAT {datanodeUUID=ce3b71d6-803c-4999-98a7-ed3c8197db33, command=[]} | ret=SUCCESS |  
2019-08-23 09:17:02,673 | INFO  | SCMAudit | user=jenkins1000 | ip=192.168.69.105 | op=SEND_HEARTBEAT {datanodeUUID=6db0b5b4-33e5-45b9-ab7c-8a068485ef09, command=[]} | ret=SUCCESS |  
2019-08-23 09:17:02,811 [grpc-default-executor-1] WARN  server.GrpcLogAppender (LogUtils.java:warn(134)) - e3f86e53-8f15-4a09-b253-90a30ace4ba2->480da6fd-5cad-42f6-a3a8-03ebe6e9ed72: Failed appendEntries: org.apache.ratis.thirdparty.io.grpc.StatusRuntimeException: UNAVAILABLE: io exception
2019-08-23 09:17:02,814 [grpc-default-executor-1] INFO  impl.FollowerInfo (FollowerInfo.java:lambda$new$0(50)) - e3f86e53-8f15-4a09-b253-90a30ace4ba2->480da6fd-5cad-42f6-a3a8-03ebe6e9ed72: nextIndex: updateUnconditionally 0 -> 0
2019-08-23 09:17:02,959 | INFO  | SCMAudit | user=jenkins1000 | ip=192.168.69.105 | op=SEND_HEARTBEAT {datanodeUUID=0a284024-13d6-46ed-b1db-6a3886ae2776, command=[]} | ret=SUCCESS |  
2019-08-23 09:17:03,079 [Datanode State Machine Thread - 0] INFO  statemachine.DatanodeStateMachine (DatanodeStateMachine.java:lambda$startDaemon$0(350)) - Ozone container server started.
2019-08-23 09:17:03,555 | INFO  | SCMAudit | user=jenkins1000 | ip=192.168.69.105 | op=SEND_HEARTBEAT {datanodeUUID=ce3b71d6-803c-4999-98a7-ed3c8197db33, command=[]} | ret=SUCCESS |  
2019-08-23 09:17:03,673 | INFO  | SCMAudit | user=jenkins1000 | ip=192.168.69.105 | op=SEND_HEARTBEAT {datanodeUUID=6db0b5b4-33e5-45b9-ab7c-8a068485ef09, command=[]} | ret=SUCCESS |  
2019-08-23 09:17:03,958 | INFO  | SCMAudit | user=jenkins1000 | ip=192.168.69.105 | op=SEND_HEARTBEAT {datanodeUUID=0a284024-13d6-46ed-b1db-6a3886ae2776, command=[]} | ret=SUCCESS |  
2019-08-23 09:17:04,555 | INFO  | SCMAudit | user=jenkins1000 | ip=192.168.69.105 | op=SEND_HEARTBEAT {datanodeUUID=ce3b71d6-803c-4999-98a7-ed3c8197db33, command=[]} | ret=SUCCESS |  
2019-08-23 09:17:04,673 | INFO  | SCMAudit | user=jenkins1000 | ip=192.168.69.105 | op=SEND_HEARTBEAT {datanodeUUID=6db0b5b4-33e5-45b9-ab7c-8a068485ef09, command=[]} | ret=SUCCESS |  
2019-08-23 09:17:04,931 [grpc-default-executor-10] WARN  server.GrpcLogAppender (LogUtils.java:warn(134)) - 06d76673-acfc-4852-ba17-8edfd4d37f5d->41b9b824-85d6-416a-bf4a-c5cccd6fce1e: Failed appendEntries: org.apache.ratis.thirdparty.io.grpc.StatusRuntimeException: UNAVAILABLE: io exception
2019-08-23 09:17:04,935 [grpc-default-executor-10] INFO  impl.FollowerInfo (FollowerInfo.java:lambda$new$0(50)) - 06d76673-acfc-4852-ba17-8edfd4d37f5d->41b9b824-85d6-416a-bf4a-c5cccd6fce1e: nextIndex: updateUnconditionally 7 -> 6
2019-08-23 09:17:04,959 | INFO  | SCMAudit | user=jenkins1000 | ip=192.168.69.105 | op=SEND_HEARTBEAT {datanodeUUID=0a284024-13d6-46ed-b1db-6a3886ae2776, command=[]} | ret=SUCCESS |  
2019-08-23 09:17:05,313 [grpc-default-executor-2] WARN  server.GrpcLogAppender (LogUtils.java:warn(134)) - e3f86e53-8f15-4a09-b253-90a30ace4ba2->480da6fd-5cad-42f6-a3a8-03ebe6e9ed72: Failed appendEntries: org.apache.ratis.thirdparty.io.grpc.StatusRuntimeException: UNAVAILABLE: io exception
2019-08-23 09:17:05,316 [grpc-default-executor-2] INFO  impl.FollowerInfo (FollowerInfo.java:lambda$new$0(50)) - e3f86e53-8f15-4a09-b253-90a30ace4ba2->480da6fd-5cad-42f6-a3a8-03ebe6e9ed72: nextIndex: updateUnconditionally 0 -> 0
2019-08-23 09:17:05,555 | INFO  | SCMAudit | user=jenkins1000 | ip=192.168.69.105 | op=SEND_HEARTBEAT {datanodeUUID=ce3b71d6-803c-4999-98a7-ed3c8197db33, command=[]} | ret=SUCCESS |  
2019-08-23 09:17:05,674 | INFO  | SCMAudit | user=jenkins1000 | ip=192.168.69.105 | op=SEND_HEARTBEAT {datanodeUUID=6db0b5b4-33e5-45b9-ab7c-8a068485ef09, command=[]} | ret=SUCCESS |  
2019-08-23 09:17:05,958 | INFO  | SCMAudit | user=jenkins1000 | ip=192.168.69.105 | op=SEND_HEARTBEAT {datanodeUUID=0a284024-13d6-46ed-b1db-6a3886ae2776, command=[]} | ret=SUCCESS |  
2019-08-23 09:17:06,555 | INFO  | SCMAudit | user=jenkins1000 | ip=192.168.69.105 | op=SEND_HEARTBEAT {datanodeUUID=ce3b71d6-803c-4999-98a7-ed3c8197db33, command=[]} | ret=SUCCESS |  
2019-08-23 09:17:06,674 | INFO  | SCMAudit | user=jenkins1000 | ip=192.168.69.105 | op=SEND_HEARTBEAT {datanodeUUID=6db0b5b4-33e5-45b9-ab7c-8a068485ef09, command=[]} | ret=SUCCESS |  
2019-08-23 09:17:06,958 | INFO  | SCMAudit | user=jenkins1000 | ip=192.168.69.105 | op=SEND_HEARTBEAT {datanodeUUID=0a284024-13d6-46ed-b1db-6a3886ae2776, command=[]} | ret=SUCCESS |  
2019-08-23 09:17:07,398 [main] INFO  ozoneimpl.OzoneContainer (OzoneContainer.java:stop(199)) - Attempting to stop container services.
2019-08-23 09:17:07,399 [ForkJoinPool.commonPool-worker-0] INFO  ozoneimpl.OzoneContainer (OzoneContainer.java:stop(199)) - Attempting to stop container services.
2019-08-23 09:17:07,400 [main] INFO  impl.RaftServerProxy (RaftServerProxy.java:lambda$close$4(314)) - e3f86e53-8f15-4a09-b253-90a30ace4ba2: close
2019-08-23 09:17:07,400 [ForkJoinPool.commonPool-worker-0] INFO  impl.RaftServerProxy (RaftServerProxy.java:lambda$close$4(314)) - 06d76673-acfc-4852-ba17-8edfd4d37f5d: close
2019-08-23 09:17:07,400 [main] INFO  impl.RaftServerImpl (RaftServerImpl.java:lambda$shutdown$3(245)) - e3f86e53-8f15-4a09-b253-90a30ace4ba2: shutdown group-FE0C229C6F37
2019-08-23 09:17:07,401 [ForkJoinPool.commonPool-worker-0] INFO  impl.RaftServerImpl (RaftServerImpl.java:lambda$shutdown$3(245)) - 06d76673-acfc-4852-ba17-8edfd4d37f5d: shutdown group-E29C5FD872E6
2019-08-23 09:17:07,401 [main] INFO  util.JmxRegister (JmxRegister.java:unregister(73)) - Successfully un-registered JMX Bean with object name Ratis:service=RaftServer,group=group-FE0C229C6F37,id=e3f86e53-8f15-4a09-b253-90a30ace4ba2
2019-08-23 09:17:07,401 [ForkJoinPool.commonPool-worker-0] INFO  util.JmxRegister (JmxRegister.java:unregister(73)) - Successfully un-registered JMX Bean with object name Ratis:service=RaftServer,group=group-E29C5FD872E6,id=06d76673-acfc-4852-ba17-8edfd4d37f5d
2019-08-23 09:17:07,402 [main] INFO  impl.RoleInfo (RoleInfo.java:shutdownLeaderState(104)) - e3f86e53-8f15-4a09-b253-90a30ace4ba2: shutdown LeaderState
2019-08-23 09:17:07,402 [ForkJoinPool.commonPool-worker-0] INFO  impl.RoleInfo (RoleInfo.java:shutdownLeaderState(104)) - 06d76673-acfc-4852-ba17-8edfd4d37f5d: shutdown LeaderState
2019-08-23 09:17:07,407 [main] INFO  impl.PendingRequests (PendingRequests.java:sendNotLeaderResponses(202)) - e3f86e53-8f15-4a09-b253-90a30ace4ba2-PendingRequests: sendNotLeaderResponses
2019-08-23 09:17:07,408 [org.apache.ratis.server.impl.LogAppender$AppenderDaemon$$Lambda$493/510379471@7c76aea7] WARN  server.GrpcLogAppender (GrpcLogAppender.java:mayWait(143)) - GrpcLogAppender(e3f86e53-8f15-4a09-b253-90a30ace4ba2->6db0b5b4-33e5-45b9-ab7c-8a068485ef09): Wait interrupted by java.lang.InterruptedException
2019-08-23 09:17:07,408 [org.apache.ratis.server.impl.LogAppender$AppenderDaemon$$Lambda$493/510379471@39743f4d] WARN  server.GrpcLogAppender (GrpcLogAppender.java:mayWait(143)) - GrpcLogAppender(e3f86e53-8f15-4a09-b253-90a30ace4ba2->480da6fd-5cad-42f6-a3a8-03ebe6e9ed72): Wait interrupted by java.lang.InterruptedException
2019-08-23 09:17:07,407 [ForkJoinPool.commonPool-worker-0] INFO  impl.PendingRequests (PendingRequests.java:sendNotLeaderResponses(202)) - 06d76673-acfc-4852-ba17-8edfd4d37f5d-PendingRequests: sendNotLeaderResponses
2019-08-23 09:17:07,408 [main] INFO  impl.StateMachineUpdater (StateMachineUpdater.java:stopAndJoin(115)) - StateMachineUpdater:e3f86e53-8f15-4a09-b253-90a30ace4ba2:group-FE0C229C6F37: set stopIndex = 0
2019-08-23 09:17:07,416 [grpc-default-executor-2] INFO  server.GrpcServerProtocolService (GrpcServerProtocolService.java:onCompleted(104)) - 6db0b5b4-33e5-45b9-ab7c-8a068485ef09: appendEntries completed
2019-08-23 09:17:07,414 [ForkJoinPool.commonPool-worker-0] INFO  impl.StateMachineUpdater (StateMachineUpdater.java:stopAndJoin(115)) - StateMachineUpdater:06d76673-acfc-4852-ba17-8edfd4d37f5d:group-E29C5FD872E6: set stopIndex = 0
2019-08-23 09:17:07,416 [main] INFO  impl.RaftServerImpl (ServerState.java:close(394)) - e3f86e53-8f15-4a09-b253-90a30ace4ba2:group-FE0C229C6F37 closes. The last applied log index is 0
2019-08-23 09:17:07,417 [grpc-default-executor-2] INFO  server.GrpcLogAppender (GrpcLogAppender.java:onCompleted(292)) - e3f86e53-8f15-4a09-b253-90a30ace4ba2->6db0b5b4-33e5-45b9-ab7c-8a068485ef09: follower responses appendEntries COMPLETED
2019-08-23 09:17:07,417 [ForkJoinPool.commonPool-worker-0] INFO  impl.RaftServerImpl (ServerState.java:close(394)) - 06d76673-acfc-4852-ba17-8edfd4d37f5d:group-E29C5FD872E6 closes. The last applied log index is 0
2019-08-23 09:17:07,420 [grpc-default-executor-2] INFO  impl.FollowerInfo (FollowerInfo.java:lambda$new$0(50)) - e3f86e53-8f15-4a09-b253-90a30ace4ba2->6db0b5b4-33e5-45b9-ab7c-8a068485ef09: nextIndex: updateUnconditionally 1 -> 0
2019-08-23 09:17:07,418 [e3f86e53-8f15-4a09-b253-90a30ace4ba2-SegmentedRaftLogWorker:Storage Directory /workdir/hadoop-ozone/integration-test/target/test-dir/MiniOzoneClusterImpl-46891ce3-8eb0-4315-8db6-3822c3bd7dcf/datanode-3/data/ratis/c3c0063c-9561-4dcf-aecd-fe0c229c6f37] INFO  segmented.SegmentedRaftLogWorker (SegmentedRaftLogWorker.java:run(313)) - e3f86e53-8f15-4a09-b253-90a30ace4ba2-SegmentedRaftLogWorker:Storage Directory /workdir/hadoop-ozone/integration-test/target/test-dir/MiniOzoneClusterImpl-46891ce3-8eb0-4315-8db6-3822c3bd7dcf/datanode-3/data/ratis/c3c0063c-9561-4dcf-aecd-fe0c229c6f37 was interrupted, exiting. There are 0 tasks remaining in the queue.
2019-08-23 09:17:07,420 [06d76673-acfc-4852-ba17-8edfd4d37f5d-SegmentedRaftLogWorker:Storage Directory /workdir/hadoop-ozone/integration-test/target/test-dir/MiniOzoneClusterImpl-46891ce3-8eb0-4315-8db6-3822c3bd7dcf/datanode-2/data/ratis/ba062c79-6253-4872-b4fa-e29c5fd872e6] INFO  segmented.SegmentedRaftLogWorker (SegmentedRaftLogWorker.java:run(313)) - 06d76673-acfc-4852-ba17-8edfd4d37f5d-SegmentedRaftLogWorker:Storage Directory /workdir/hadoop-ozone/integration-test/target/test-dir/MiniOzoneClusterImpl-46891ce3-8eb0-4315-8db6-3822c3bd7dcf/datanode-2/data/ratis/ba062c79-6253-4872-b4fa-e29c5fd872e6 was interrupted, exiting. There are 0 tasks remaining in the queue.
2019-08-23 09:17:07,422 [main] INFO  segmented.SegmentedRaftLogWorker (SegmentedRaftLogWorker.java:close(228)) - e3f86e53-8f15-4a09-b253-90a30ace4ba2-SegmentedRaftLogWorker:Storage Directory /workdir/hadoop-ozone/integration-test/target/test-dir/MiniOzoneClusterImpl-46891ce3-8eb0-4315-8db6-3822c3bd7dcf/datanode-3/data/ratis/c3c0063c-9561-4dcf-aecd-fe0c229c6f37 close()
2019-08-23 09:17:07,424 [ForkJoinPool.commonPool-worker-0] INFO  segmented.SegmentedRaftLogWorker (SegmentedRaftLogWorker.java:close(228)) - 06d76673-acfc-4852-ba17-8edfd4d37f5d-SegmentedRaftLogWorker:Storage Directory /workdir/hadoop-ozone/integration-test/target/test-dir/MiniOzoneClusterImpl-46891ce3-8eb0-4315-8db6-3822c3bd7dcf/datanode-2/data/ratis/ba062c79-6253-4872-b4fa-e29c5fd872e6 close()
2019-08-23 09:17:07,426 [main] INFO  impl.RaftServerImpl (RaftServerImpl.java:lambda$shutdown$3(245)) - e3f86e53-8f15-4a09-b253-90a30ace4ba2: shutdown group-59B54FBC1329
2019-08-23 09:17:07,428 [ForkJoinPool.commonPool-worker-0] INFO  impl.RaftServerImpl (RaftServerImpl.java:lambda$shutdown$3(245)) - 06d76673-acfc-4852-ba17-8edfd4d37f5d: shutdown group-73033864ACD7
2019-08-23 09:17:07,429 [main] INFO  util.JmxRegister (JmxRegister.java:unregister(73)) - Successfully un-registered JMX Bean with object name Ratis:service=RaftServer,group=group-59B54FBC1329,id=e3f86e53-8f15-4a09-b253-90a30ace4ba2
2019-08-23 09:17:07,429 [ForkJoinPool.commonPool-worker-0] INFO  util.JmxRegister (JmxRegister.java:unregister(73)) - Successfully un-registered JMX Bean with object name Ratis:service=RaftServer,group=group-73033864ACD7,id=06d76673-acfc-4852-ba17-8edfd4d37f5d
2019-08-23 09:17:07,429 [main] INFO  impl.RoleInfo (RoleInfo.java:shutdownLeaderState(104)) - e3f86e53-8f15-4a09-b253-90a30ace4ba2: shutdown LeaderState
2019-08-23 09:17:07,430 [ForkJoinPool.commonPool-worker-0] INFO  impl.RoleInfo (RoleInfo.java:shutdownLeaderState(104)) - 06d76673-acfc-4852-ba17-8edfd4d37f5d: shutdown LeaderState
2019-08-23 09:17:07,430 [main] INFO  impl.PendingRequests (PendingRequests.java:sendNotLeaderResponses(202)) - e3f86e53-8f15-4a09-b253-90a30ace4ba2-PendingRequests: sendNotLeaderResponses
2019-08-23 09:17:07,434 [org.apache.ratis.server.impl.LogAppender$AppenderDaemon$$Lambda$493/510379471@3984ddb1] WARN  server.GrpcLogAppender (GrpcLogAppender.java:mayWait(143)) - GrpcLogAppender(06d76673-acfc-4852-ba17-8edfd4d37f5d->ce3b71d6-803c-4999-98a7-ed3c8197db33): Wait interrupted by java.lang.InterruptedException
2019-08-23 09:17:07,434 [ForkJoinPool.commonPool-worker-0] INFO  impl.PendingRequests (PendingRequests.java:sendNotLeaderResponses(202)) - 06d76673-acfc-4852-ba17-8edfd4d37f5d-PendingRequests: sendNotLeaderResponses
2019-08-23 09:17:07,434 [org.apache.ratis.server.impl.LogAppender$AppenderDaemon$$Lambda$493/510379471@7c8654e5] WARN  server.GrpcLogAppender (GrpcLogAppender.java:mayWait(143)) - GrpcLogAppender(06d76673-acfc-4852-ba17-8edfd4d37f5d->41b9b824-85d6-416a-bf4a-c5cccd6fce1e): Wait interrupted by java.lang.InterruptedException
2019-08-23 09:17:07,434 [main] INFO  impl.StateMachineUpdater (StateMachineUpdater.java:stopAndJoin(115)) - StateMachineUpdater:e3f86e53-8f15-4a09-b253-90a30ace4ba2:group-59B54FBC1329: set stopIndex = 0
2019-08-23 09:17:07,440 [grpc-default-executor-10] INFO  server.GrpcLogAppender (GrpcLogAppender.java:onError(281)) - GrpcLogAppender(06d76673-acfc-4852-ba17-8edfd4d37f5d->41b9b824-85d6-416a-bf4a-c5cccd6fce1e) is stopped
2019-08-23 09:17:07,442 [ForkJoinPool.commonPool-worker-0] INFO  impl.StateMachineUpdater (StateMachineUpdater.java:stopAndJoin(115)) - StateMachineUpdater:06d76673-acfc-4852-ba17-8edfd4d37f5d:group-73033864ACD7: set stopIndex = 8
2019-08-23 09:17:07,442 [StateMachineUpdater:06d76673-acfc-4852-ba17-8edfd4d37f5d:group-73033864ACD7] INFO  ratis.ContainerStateMachine (ContainerStateMachine.java:takeSnapshot(283)) - group-73033864ACD7: Taking a snapshot at:(t:1, i:6) file /workdir/hadoop-ozone/integration-test/target/test-dir/MiniOzoneClusterImpl-46891ce3-8eb0-4315-8db6-3822c3bd7dcf/datanode-2/data/ratis/93047d0c-a21e-49b2-a0be-73033864acd7/sm/snapshot.1_6
2019-08-23 09:17:07,440 [grpc-default-executor-2] INFO  server.GrpcServerProtocolService (GrpcServerProtocolService.java:onCompleted(104)) - ce3b71d6-803c-4999-98a7-ed3c8197db33: appendEntries completed
2019-08-23 09:17:07,440 [main] INFO  impl.RaftServerImpl (ServerState.java:close(394)) - e3f86e53-8f15-4a09-b253-90a30ace4ba2:group-59B54FBC1329 closes. The last applied log index is 0
2019-08-23 09:17:07,445 [grpc-default-executor-2] INFO  server.GrpcLogAppender (GrpcLogAppender.java:onCompleted(292)) - 06d76673-acfc-4852-ba17-8edfd4d37f5d->ce3b71d6-803c-4999-98a7-ed3c8197db33: follower responses appendEntries COMPLETED
2019-08-23 09:17:07,445 [e3f86e53-8f15-4a09-b253-90a30ace4ba2-SegmentedRaftLogWorker:Storage Directory /workdir/hadoop-ozone/integration-test/target/test-dir/MiniOzoneClusterImpl-46891ce3-8eb0-4315-8db6-3822c3bd7dcf/datanode-3/data/ratis/596febc4-c835-478f-9adc-59b54fbc1329] INFO  segmented.SegmentedRaftLogWorker (SegmentedRaftLogWorker.java:run(313)) - e3f86e53-8f15-4a09-b253-90a30ace4ba2-SegmentedRaftLogWorker:Storage Directory /workdir/hadoop-ozone/integration-test/target/test-dir/MiniOzoneClusterImpl-46891ce3-8eb0-4315-8db6-3822c3bd7dcf/datanode-3/data/ratis/596febc4-c835-478f-9adc-59b54fbc1329 was interrupted, exiting. There are 0 tasks remaining in the queue.
2019-08-23 09:17:07,446 [grpc-default-executor-2] INFO  impl.FollowerInfo (FollowerInfo.java:lambda$new$0(50)) - 06d76673-acfc-4852-ba17-8edfd4d37f5d->ce3b71d6-803c-4999-98a7-ed3c8197db33: nextIndex: updateUnconditionally 9 -> 8
2019-08-23 09:17:07,457 [main] INFO  segmented.SegmentedRaftLogWorker (SegmentedRaftLogWorker.java:close(228)) - e3f86e53-8f15-4a09-b253-90a30ace4ba2-SegmentedRaftLogWorker:Storage Directory /workdir/hadoop-ozone/integration-test/target/test-dir/MiniOzoneClusterImpl-46891ce3-8eb0-4315-8db6-3822c3bd7dcf/datanode-3/data/ratis/596febc4-c835-478f-9adc-59b54fbc1329 close()
2019-08-23 09:17:07,459 [StateMachineUpdater:06d76673-acfc-4852-ba17-8edfd4d37f5d:group-73033864ACD7] INFO  ratis.ContainerStateMachine (ContainerStateMachine.java:takeSnapshot(294)) - group-73033864ACD7: Finished taking a snapshot at:(t:1, i:6) file:/workdir/hadoop-ozone/integration-test/target/test-dir/MiniOzoneClusterImpl-46891ce3-8eb0-4315-8db6-3822c3bd7dcf/datanode-2/data/ratis/93047d0c-a21e-49b2-a0be-73033864acd7/sm/snapshot.1_6 time:16
2019-08-23 09:17:07,459 [main] INFO  server.GrpcService (GrpcService.java:closeImpl(155)) - e3f86e53-8f15-4a09-b253-90a30ace4ba2: shutdown server with port 33325 now
2019-08-23 09:17:07,459 [StateMachineUpdater:06d76673-acfc-4852-ba17-8edfd4d37f5d:group-73033864ACD7] INFO  impl.StateMachineUpdater (StateMachineUpdater.java:takeSnapshot(242)) - StateMachineUpdater:06d76673-acfc-4852-ba17-8edfd4d37f5d:group-73033864ACD7: Took a snapshot at index 6
2019-08-23 09:17:07,459 [StateMachineUpdater:06d76673-acfc-4852-ba17-8edfd4d37f5d:group-73033864ACD7] INFO  impl.StateMachineUpdater (StateMachineUpdater.java:lambda$new$0(80)) - StateMachineUpdater:06d76673-acfc-4852-ba17-8edfd4d37f5d:group-73033864ACD7: snapshotIndex: updateIncreasingly -1 -> 6
2019-08-23 09:17:07,460 [main] INFO  server.GrpcService (GrpcService.java:closeImpl(163)) - e3f86e53-8f15-4a09-b253-90a30ace4ba2: shutdown server with port 33325 successfully
2019-08-23 09:17:07,460 [ForkJoinPool.commonPool-worker-0] INFO  impl.RaftServerImpl (ServerState.java:close(394)) - 06d76673-acfc-4852-ba17-8edfd4d37f5d:group-73033864ACD7 closes. The last applied log index is 8
2019-08-23 09:17:07,461 [06d76673-acfc-4852-ba17-8edfd4d37f5d-SegmentedRaftLogWorker:Storage Directory /workdir/hadoop-ozone/integration-test/target/test-dir/MiniOzoneClusterImpl-46891ce3-8eb0-4315-8db6-3822c3bd7dcf/datanode-2/data/ratis/93047d0c-a21e-49b2-a0be-73033864acd7] INFO  segmented.SegmentedRaftLogWorker (SegmentedRaftLogWorker.java:run(313)) - 06d76673-acfc-4852-ba17-8edfd4d37f5d-SegmentedRaftLogWorker:Storage Directory /workdir/hadoop-ozone/integration-test/target/test-dir/MiniOzoneClusterImpl-46891ce3-8eb0-4315-8db6-3822c3bd7dcf/datanode-2/data/ratis/93047d0c-a21e-49b2-a0be-73033864acd7 was interrupted, exiting. There are 0 tasks remaining in the queue.
2019-08-23 09:17:07,463 [ForkJoinPool.commonPool-worker-0] INFO  segmented.SegmentedRaftLogWorker (SegmentedRaftLogWorker.java:close(228)) - 06d76673-acfc-4852-ba17-8edfd4d37f5d-SegmentedRaftLogWorker:Storage Directory /workdir/hadoop-ozone/integration-test/target/test-dir/MiniOzoneClusterImpl-46891ce3-8eb0-4315-8db6-3822c3bd7dcf/datanode-2/data/ratis/93047d0c-a21e-49b2-a0be-73033864acd7 close()
2019-08-23 09:17:07,465 [main] INFO  utils.BackgroundService (BackgroundService.java:shutdown(148)) - Shutting down service BlockDeletingService
2019-08-23 09:17:07,469 [ForkJoinPool.commonPool-worker-0] INFO  server.GrpcService (GrpcService.java:closeImpl(155)) - 06d76673-acfc-4852-ba17-8edfd4d37f5d: shutdown server with port 42001 now
2019-08-23 09:17:07,473 [ForkJoinPool.commonPool-worker-0] INFO  server.GrpcService (GrpcService.java:closeImpl(163)) - 06d76673-acfc-4852-ba17-8edfd4d37f5d: shutdown server with port 42001 successfully
2019-08-23 09:17:07,475 [refreshUsed-/workdir/hadoop-ozone/integration-test/target/test-dir/MiniOzoneClusterImpl-46891ce3-8eb0-4315-8db6-3822c3bd7dcf/datanode-3/data/containers] WARN  fs.CachingGetSpaceUsed (CachingGetSpaceUsed.java:run(183)) - Thread Interrupted waiting to refresh disk information: sleep interrupted
2019-08-23 09:17:07,478 [ForkJoinPool.commonPool-worker-0] INFO  utils.BackgroundService (BackgroundService.java:shutdown(148)) - Shutting down service BlockDeletingService
2019-08-23 09:17:07,480 [refreshUsed-/workdir/hadoop-ozone/integration-test/target/test-dir/MiniOzoneClusterImpl-46891ce3-8eb0-4315-8db6-3822c3bd7dcf/datanode-2/data/containers] WARN  fs.CachingGetSpaceUsed (CachingGetSpaceUsed.java:run(183)) - Thread Interrupted waiting to refresh disk information: sleep interrupted
2019-08-23 09:17:07,497 [ForkJoinPool.commonPool-worker-0] INFO  statemachine.DatanodeStateMachine (DatanodeStateMachine.java:stopDaemon(395)) - Ozone container server stopped.
2019-08-23 09:17:07,502 [ForkJoinPool.commonPool-worker-0] INFO  handler.ContextHandler (ContextHandler.java:doStop(910)) - Stopped o.e.j.w.WebAppContext@6533629{/,null,UNAVAILABLE}{/hddsDatanode}
2019-08-23 09:17:07,503 [ForkJoinPool.commonPool-worker-0] INFO  server.AbstractConnector (AbstractConnector.java:doStop(318)) - Stopped ServerConnector@f49e81a{HTTP/1.1,[http/1.1]}{0.0.0.0:0}
2019-08-23 09:17:07,504 [ForkJoinPool.commonPool-worker-0] INFO  handler.ContextHandler (ContextHandler.java:doStop(910)) - Stopped o.e.j.s.ServletContextHandler@716ae973{/static,jar:file:/home/user/.m2/repository/org/apache/hadoop/hadoop-hdds-container-service/0.5.0-SNAPSHOT/hadoop-hdds-container-service-0.5.0-SNAPSHOT.jar!/webapps/static,UNAVAILABLE}
2019-08-23 09:17:07,505 [ForkJoinPool.commonPool-worker-0] INFO  handler.ContextHandler (ContextHandler.java:doStop(910)) - Stopped o.e.j.s.ServletContextHandler@61c4cebd{/logs,file:///workdir/hadoop-ozone/integration-test/target/log,UNAVAILABLE}
2019-08-23 09:17:07,509 [main] INFO  statemachine.DatanodeStateMachine (DatanodeStateMachine.java:stopDaemon(395)) - Ozone container server stopped.
2019-08-23 09:17:07,511 [ForkJoinPool.commonPool-worker-0] INFO  datanode.ObjectStoreHandler (ObjectStoreHandler.java:close(155)) - Closing ObjectStoreHandler.
2019-08-23 09:17:07,511 [ForkJoinPool.commonPool-worker-0] INFO  ozone.HddsDatanodeService (HddsDatanodeService.java:stop(451)) - Stopped plug-in org.apache.hadoop.ozone.web.OzoneHddsDatanodeService@685e6a68
2019-08-23 09:17:07,511 [main] INFO  handler.ContextHandler (ContextHandler.java:doStop(910)) - Stopped o.e.j.w.WebAppContext@79295932{/,null,UNAVAILABLE}{/hddsDatanode}
2019-08-23 09:17:07,512 [main] INFO  server.AbstractConnector (AbstractConnector.java:doStop(318)) - Stopped ServerConnector@2cadcff6{HTTP/1.1,[http/1.1]}{0.0.0.0:0}
2019-08-23 09:17:07,513 [main] INFO  handler.ContextHandler (ContextHandler.java:doStop(910)) - Stopped o.e.j.s.ServletContextHandler@2dc3ece8{/static,jar:file:/home/user/.m2/repository/org/apache/hadoop/hadoop-hdds-container-service/0.5.0-SNAPSHOT/hadoop-hdds-container-service-0.5.0-SNAPSHOT.jar!/webapps/static,UNAVAILABLE}
2019-08-23 09:17:07,513 [main] INFO  handler.ContextHandler (ContextHandler.java:doStop(910)) - Stopped o.e.j.s.ServletContextHandler@751686aa{/logs,file:///workdir/hadoop-ozone/integration-test/target/log,UNAVAILABLE}
2019-08-23 09:17:07,515 [main] INFO  datanode.ObjectStoreHandler (ObjectStoreHandler.java:close(155)) - Closing ObjectStoreHandler.
2019-08-23 09:17:07,515 [main] INFO  ozone.HddsDatanodeService (HddsDatanodeService.java:stop(451)) - Stopped plug-in org.apache.hadoop.ozone.web.OzoneHddsDatanodeService@38394dc3
2019-08-23 09:17:07,554 [Datanode State Machine Thread - 0] INFO  statemachine.DatanodeStateMachine (DatanodeStateMachine.java:lambda$startDaemon$0(350)) - Ozone container server started.
2019-08-23 09:17:07,675 | INFO  | SCMAudit | user=jenkins1000 | ip=192.168.69.105 | op=SEND_HEARTBEAT {datanodeUUID=6db0b5b4-33e5-45b9-ab7c-8a068485ef09, command=[]} | ret=SUCCESS |  
2019-08-23 09:17:07,958 [Datanode State Machine Thread - 0] INFO  statemachine.DatanodeStateMachine (DatanodeStateMachine.java:lambda$startDaemon$0(350)) - Ozone container server started.
2019-08-23 09:17:08,674 | INFO  | SCMAudit | user=jenkins1000 | ip=192.168.69.105 | op=SEND_HEARTBEAT {datanodeUUID=6db0b5b4-33e5-45b9-ab7c-8a068485ef09, command=[]} | ret=SUCCESS |  
2019-08-23 09:17:09,674 | INFO  | SCMAudit | user=jenkins1000 | ip=192.168.69.105 | op=SEND_HEARTBEAT {datanodeUUID=6db0b5b4-33e5-45b9-ab7c-8a068485ef09, command=[]} | ret=SUCCESS |  
2019-08-23 09:17:10,430 [java.util.concurrent.ThreadPoolExecutor$Worker@49123c75[State = -1, empty queue]] WARN  server.GrpcLogAppender (GrpcLogAppender.java:timeoutAppendRequest(200)) - GrpcLogAppender(06d76673-acfc-4852-ba17-8edfd4d37f5d->41b9b824-85d6-416a-bf4a-c5cccd6fce1e): appendEntries Timeout, request=06d76673-acfc-4852-ba17-8edfd4d37f5d->41b9b824-85d6-416a-bf4a-c5cccd6fce1e#134-t1, previous=(t:1, i:5), leaderCommit=8, initializing? false, entries: <empty>
2019-08-23 09:17:10,474 [Thread-796] INFO  impl.FollowerState (FollowerState.java:run(106)) - ce3b71d6-803c-4999-98a7-ed3c8197db33:group-73033864ACD7 changes to CANDIDATE, lastRpcTime:5540, electionTimeout:5056ms
2019-08-23 09:17:10,475 [Thread-796] INFO  impl.RoleInfo (RoleInfo.java:shutdownFollowerState(121)) - ce3b71d6-803c-4999-98a7-ed3c8197db33: shutdown FollowerState
2019-08-23 09:17:10,475 [Thread-796] INFO  impl.RaftServerImpl (RaftServerImpl.java:setRole(171)) - ce3b71d6-803c-4999-98a7-ed3c8197db33:group-73033864ACD7 changes role from FOLLOWER to CANDIDATE at term 1 for changeToCandidate
2019-08-23 09:17:10,475 [Thread-796] INFO  impl.RoleInfo (RoleInfo.java:updateAndGet(143)) - ce3b71d6-803c-4999-98a7-ed3c8197db33: start LeaderElection
2019-08-23 09:17:10,478 [ce3b71d6-803c-4999-98a7-ed3c8197db33:group-73033864ACD7:LeaderElection26] INFO  impl.RaftServerImpl (ServerState.java:setLeader(263)) - ce3b71d6-803c-4999-98a7-ed3c8197db33:group-73033864ACD7 change Leader from 06d76673-acfc-4852-ba17-8edfd4d37f5d to null at term 1 for initElection
2019-08-23 09:17:10,492 [ce3b71d6-803c-4999-98a7-ed3c8197db33:group-73033864ACD7:LeaderElection26] INFO  impl.LeaderElection (LeaderElection.java:askForVotes(181)) - ce3b71d6-803c-4999-98a7-ed3c8197db33:group-73033864ACD7:LeaderElection26: begin an election at term 2 for 0: [ce3b71d6-803c-4999-98a7-ed3c8197db33:192.168.69.105:44477, 41b9b824-85d6-416a-bf4a-c5cccd6fce1e:192.168.69.105:35086, 06d76673-acfc-4852-ba17-8edfd4d37f5d:192.168.69.105:42001], old=null
2019-08-23 09:17:10,495 [ce3b71d6-803c-4999-98a7-ed3c8197db33:group-73033864ACD7:LeaderElection26] INFO  impl.LeaderElection (LogUtils.java:infoOrTrace(149)) - ce3b71d6-803c-4999-98a7-ed3c8197db33:group-73033864ACD7:LeaderElection26 got exception when requesting votes: {}
java.util.concurrent.ExecutionException: org.apache.ratis.thirdparty.io.grpc.StatusRuntimeException: UNAVAILABLE: io exception
	at java.util.concurrent.FutureTask.report(FutureTask.java:122)
	at java.util.concurrent.FutureTask.get(FutureTask.java:192)
	at org.apache.ratis.server.impl.LeaderElection.waitForResults(LeaderElection.java:262)
	at org.apache.ratis.server.impl.LeaderElection.askForVotes(LeaderElection.java:200)
	at org.apache.ratis.server.impl.LeaderElection.run(LeaderElection.java:130)
	at java.lang.Thread.run(Thread.java:748)
Caused by: org.apache.ratis.thirdparty.io.grpc.StatusRuntimeException: UNAVAILABLE: io exception
	at org.apache.ratis.thirdparty.io.grpc.stub.ClientCalls.toStatusRuntimeException(ClientCalls.java:233)
	at org.apache.ratis.thirdparty.io.grpc.stub.ClientCalls.getUnchecked(ClientCalls.java:214)
	at org.apache.ratis.thirdparty.io.grpc.stub.ClientCalls.blockingUnaryCall(ClientCalls.java:139)
	at org.apache.ratis.proto.grpc.RaftServerProtocolServiceGrpc$RaftServerProtocolServiceBlockingStub.requestVote(RaftServerProtocolServiceGrpc.java:265)
	at org.apache.ratis.grpc.server.GrpcServerProtocolClient.requestVote(GrpcServerProtocolClient.java:83)
	at org.apache.ratis.grpc.server.GrpcService.requestVote(GrpcService.java:195)
	at org.apache.ratis.server.impl.LeaderElection.lambda$submitRequests$1(LeaderElection.java:237)
	at java.util.concurrent.FutureTask.run(FutureTask.java:266)
	at java.util.concurrent.Executors$RunnableAdapter.call(Executors.java:511)
	at java.util.concurrent.FutureTask.run(FutureTask.java:266)
	at java.util.concurrent.ThreadPoolExecutor.runWorker(ThreadPoolExecutor.java:1149)
	at java.util.concurrent.ThreadPoolExecutor$Worker.run(ThreadPoolExecutor.java:624)
	... 1 more
Caused by: org.apache.ratis.thirdparty.io.netty.channel.AbstractChannel$AnnotatedConnectException: Connection refused: /192.168.69.105:35086
	at sun.nio.ch.SocketChannelImpl.checkConnect(Native Method)
	at sun.nio.ch.SocketChannelImpl.finishConnect(SocketChannelImpl.java:717)
	at org.apache.ratis.thirdparty.io.netty.channel.socket.nio.NioSocketChannel.doFinishConnect(NioSocketChannel.java:327)
	at org.apache.ratis.thirdparty.io.netty.channel.nio.AbstractNioChannel$AbstractNioUnsafe.finishConnect(AbstractNioChannel.java:340)
	at org.apache.ratis.thirdparty.io.netty.channel.nio.NioEventLoop.processSelectedKey(NioEventLoop.java:632)
	at org.apache.ratis.thirdparty.io.netty.channel.nio.NioEventLoop.processSelectedKeysOptimized(NioEventLoop.java:579)
	at org.apache.ratis.thirdparty.io.netty.channel.nio.NioEventLoop.processSelectedKeys(NioEventLoop.java:496)
	at org.apache.ratis.thirdparty.io.netty.channel.nio.NioEventLoop.run(NioEventLoop.java:458)
	at org.apache.ratis.thirdparty.io.netty.util.concurrent.SingleThreadEventExecutor$5.run(SingleThreadEventExecutor.java:897)
	at org.apache.ratis.thirdparty.io.netty.util.concurrent.FastThreadLocalRunnable.run(FastThreadLocalRunnable.java:30)
	... 1 more
Caused by: java.net.ConnectException: Connection refused
	... 11 more
2019-08-23 09:17:10,498 [ce3b71d6-803c-4999-98a7-ed3c8197db33:group-73033864ACD7:LeaderElection26] INFO  impl.LeaderElection (LogUtils.java:infoOrTrace(149)) - ce3b71d6-803c-4999-98a7-ed3c8197db33:group-73033864ACD7:LeaderElection26 got exception when requesting votes: {}
java.util.concurrent.ExecutionException: org.apache.ratis.thirdparty.io.grpc.StatusRuntimeException: UNAVAILABLE: io exception
	at java.util.concurrent.FutureTask.report(FutureTask.java:122)
	at java.util.concurrent.FutureTask.get(FutureTask.java:192)
	at org.apache.ratis.server.impl.LeaderElection.waitForResults(LeaderElection.java:262)
	at org.apache.ratis.server.impl.LeaderElection.askForVotes(LeaderElection.java:200)
	at org.apache.ratis.server.impl.LeaderElection.run(LeaderElection.java:130)
	at java.lang.Thread.run(Thread.java:748)
Caused by: org.apache.ratis.thirdparty.io.grpc.StatusRuntimeException: UNAVAILABLE: io exception
	at org.apache.ratis.thirdparty.io.grpc.stub.ClientCalls.toStatusRuntimeException(ClientCalls.java:233)
	at org.apache.ratis.thirdparty.io.grpc.stub.ClientCalls.getUnchecked(ClientCalls.java:214)
	at org.apache.ratis.thirdparty.io.grpc.stub.ClientCalls.blockingUnaryCall(ClientCalls.java:139)
	at org.apache.ratis.proto.grpc.RaftServerProtocolServiceGrpc$RaftServerProtocolServiceBlockingStub.requestVote(RaftServerProtocolServiceGrpc.java:265)
	at org.apache.ratis.grpc.server.GrpcServerProtocolClient.requestVote(GrpcServerProtocolClient.java:83)
	at org.apache.ratis.grpc.server.GrpcService.requestVote(GrpcService.java:195)
	at org.apache.ratis.server.impl.LeaderElection.lambda$submitRequests$1(LeaderElection.java:237)
	at java.util.concurrent.FutureTask.run(FutureTask.java:266)
	at java.util.concurrent.Executors$RunnableAdapter.call(Executors.java:511)
	at java.util.concurrent.FutureTask.run(FutureTask.java:266)
	at java.util.concurrent.ThreadPoolExecutor.runWorker(ThreadPoolExecutor.java:1149)
	at java.util.concurrent.ThreadPoolExecutor$Worker.run(ThreadPoolExecutor.java:624)
	... 1 more
Caused by: org.apache.ratis.thirdparty.io.netty.channel.AbstractChannel$AnnotatedConnectException: Connection refused: /192.168.69.105:42001
	at sun.nio.ch.SocketChannelImpl.checkConnect(Native Method)
	at sun.nio.ch.SocketChannelImpl.finishConnect(SocketChannelImpl.java:717)
	at org.apache.ratis.thirdparty.io.netty.channel.socket.nio.NioSocketChannel.doFinishConnect(NioSocketChannel.java:327)
	at org.apache.ratis.thirdparty.io.netty.channel.nio.AbstractNioChannel$AbstractNioUnsafe.finishConnect(AbstractNioChannel.java:340)
	at org.apache.ratis.thirdparty.io.netty.channel.nio.NioEventLoop.processSelectedKey(NioEventLoop.java:632)
	at org.apache.ratis.thirdparty.io.netty.channel.nio.NioEventLoop.processSelectedKeysOptimized(NioEventLoop.java:579)
	at org.apache.ratis.thirdparty.io.netty.channel.nio.NioEventLoop.processSelectedKeys(NioEventLoop.java:496)
	at org.apache.ratis.thirdparty.io.netty.channel.nio.NioEventLoop.run(NioEventLoop.java:458)
	at org.apache.ratis.thirdparty.io.netty.util.concurrent.SingleThreadEventExecutor$5.run(SingleThreadEventExecutor.java:897)
	at org.apache.ratis.thirdparty.io.netty.util.concurrent.FastThreadLocalRunnable.run(FastThreadLocalRunnable.java:30)
	... 1 more
Caused by: java.net.ConnectException: Connection refused
	... 11 more
2019-08-23 09:17:10,501 [ce3b71d6-803c-4999-98a7-ed3c8197db33:group-73033864ACD7:LeaderElection26] INFO  impl.LeaderElection (LeaderElection.java:logAndReturn(56)) - ce3b71d6-803c-4999-98a7-ed3c8197db33:group-73033864ACD7:LeaderElection26: Election REJECTED; received 0 response(s) [] and 2 exception(s); ce3b71d6-803c-4999-98a7-ed3c8197db33:t2, leader=null, voted=ce3b71d6-803c-4999-98a7-ed3c8197db33, raftlog=ce3b71d6-803c-4999-98a7-ed3c8197db33-SegmentedRaftLog:OPENED:c8,f8,i8, conf=0: [ce3b71d6-803c-4999-98a7-ed3c8197db33:192.168.69.105:44477, 41b9b824-85d6-416a-bf4a-c5cccd6fce1e:192.168.69.105:35086, 06d76673-acfc-4852-ba17-8edfd4d37f5d:192.168.69.105:42001], old=null
2019-08-23 09:17:10,501 [ce3b71d6-803c-4999-98a7-ed3c8197db33:group-73033864ACD7:LeaderElection26] INFO  impl.LeaderElection (LogUtils.java:infoOrTrace(149)) -   Exception 0: {}
java.util.concurrent.ExecutionException: org.apache.ratis.thirdparty.io.grpc.StatusRuntimeException: UNAVAILABLE: io exception
	at java.util.concurrent.FutureTask.report(FutureTask.java:122)
	at java.util.concurrent.FutureTask.get(FutureTask.java:192)
	at org.apache.ratis.server.impl.LeaderElection.waitForResults(LeaderElection.java:262)
	at org.apache.ratis.server.impl.LeaderElection.askForVotes(LeaderElection.java:200)
	at org.apache.ratis.server.impl.LeaderElection.run(LeaderElection.java:130)
	at java.lang.Thread.run(Thread.java:748)
Caused by: org.apache.ratis.thirdparty.io.grpc.StatusRuntimeException: UNAVAILABLE: io exception
	at org.apache.ratis.thirdparty.io.grpc.stub.ClientCalls.toStatusRuntimeException(ClientCalls.java:233)
	at org.apache.ratis.thirdparty.io.grpc.stub.ClientCalls.getUnchecked(ClientCalls.java:214)
	at org.apache.ratis.thirdparty.io.grpc.stub.ClientCalls.blockingUnaryCall(ClientCalls.java:139)
	at org.apache.ratis.proto.grpc.RaftServerProtocolServiceGrpc$RaftServerProtocolServiceBlockingStub.requestVote(RaftServerProtocolServiceGrpc.java:265)
	at org.apache.ratis.grpc.server.GrpcServerProtocolClient.requestVote(GrpcServerProtocolClient.java:83)
	at org.apache.ratis.grpc.server.GrpcService.requestVote(GrpcService.java:195)
	at org.apache.ratis.server.impl.LeaderElection.lambda$submitRequests$1(LeaderElection.java:237)
	at java.util.concurrent.FutureTask.run(FutureTask.java:266)
	at java.util.concurrent.Executors$RunnableAdapter.call(Executors.java:511)
	at java.util.concurrent.FutureTask.run(FutureTask.java:266)
	at java.util.concurrent.ThreadPoolExecutor.runWorker(ThreadPoolExecutor.java:1149)
	at java.util.concurrent.ThreadPoolExecutor$Worker.run(ThreadPoolExecutor.java:624)
	... 1 more
Caused by: org.apache.ratis.thirdparty.io.netty.channel.AbstractChannel$AnnotatedConnectException: Connection refused: /192.168.69.105:35086
	at sun.nio.ch.SocketChannelImpl.checkConnect(Native Method)
	at sun.nio.ch.SocketChannelImpl.finishConnect(SocketChannelImpl.java:717)
	at org.apache.ratis.thirdparty.io.netty.channel.socket.nio.NioSocketChannel.doFinishConnect(NioSocketChannel.java:327)
	at org.apache.ratis.thirdparty.io.netty.channel.nio.AbstractNioChannel$AbstractNioUnsafe.finishConnect(AbstractNioChannel.java:340)
	at org.apache.ratis.thirdparty.io.netty.channel.nio.NioEventLoop.processSelectedKey(NioEventLoop.java:632)
	at org.apache.ratis.thirdparty.io.netty.channel.nio.NioEventLoop.processSelectedKeysOptimized(NioEventLoop.java:579)
	at org.apache.ratis.thirdparty.io.netty.channel.nio.NioEventLoop.processSelectedKeys(NioEventLoop.java:496)
	at org.apache.ratis.thirdparty.io.netty.channel.nio.NioEventLoop.run(NioEventLoop.java:458)
	at org.apache.ratis.thirdparty.io.netty.util.concurrent.SingleThreadEventExecutor$5.run(SingleThreadEventExecutor.java:897)
	at org.apache.ratis.thirdparty.io.netty.util.concurrent.FastThreadLocalRunnable.run(FastThreadLocalRunnable.java:30)
	... 1 more
Caused by: java.net.ConnectException: Connection refused
	... 11 more
2019-08-23 09:17:10,501 [ce3b71d6-803c-4999-98a7-ed3c8197db33:group-73033864ACD7:LeaderElection26] INFO  impl.LeaderElection (LogUtils.java:infoOrTrace(149)) -   Exception 1: {}
java.util.concurrent.ExecutionException: org.apache.ratis.thirdparty.io.grpc.StatusRuntimeException: UNAVAILABLE: io exception
	at java.util.concurrent.FutureTask.report(FutureTask.java:122)
	at java.util.concurrent.FutureTask.get(FutureTask.java:192)
	at org.apache.ratis.server.impl.LeaderElection.waitForResults(LeaderElection.java:262)
	at org.apache.ratis.server.impl.LeaderElection.askForVotes(LeaderElection.java:200)
	at org.apache.ratis.server.impl.LeaderElection.run(LeaderElection.java:130)
	at java.lang.Thread.run(Thread.java:748)
Caused by: org.apache.ratis.thirdparty.io.grpc.StatusRuntimeException: UNAVAILABLE: io exception
	at org.apache.ratis.thirdparty.io.grpc.stub.ClientCalls.toStatusRuntimeException(ClientCalls.java:233)
	at org.apache.ratis.thirdparty.io.grpc.stub.ClientCalls.getUnchecked(ClientCalls.java:214)
	at org.apache.ratis.thirdparty.io.grpc.stub.ClientCalls.blockingUnaryCall(ClientCalls.java:139)
	at org.apache.ratis.proto.grpc.RaftServerProtocolServiceGrpc$RaftServerProtocolServiceBlockingStub.requestVote(RaftServerProtocolServiceGrpc.java:265)
	at org.apache.ratis.grpc.server.GrpcServerProtocolClient.requestVote(GrpcServerProtocolClient.java:83)
	at org.apache.ratis.grpc.server.GrpcService.requestVote(GrpcService.java:195)
	at org.apache.ratis.server.impl.LeaderElection.lambda$submitRequests$1(LeaderElection.java:237)
	at java.util.concurrent.FutureTask.run(FutureTask.java:266)
	at java.util.concurrent.Executors$RunnableAdapter.call(Executors.java:511)
	at java.util.concurrent.FutureTask.run(FutureTask.java:266)
	at java.util.concurrent.ThreadPoolExecutor.runWorker(ThreadPoolExecutor.java:1149)
	at java.util.concurrent.ThreadPoolExecutor$Worker.run(ThreadPoolExecutor.java:624)
	... 1 more
Caused by: org.apache.ratis.thirdparty.io.netty.channel.AbstractChannel$AnnotatedConnectException: Connection refused: /192.168.69.105:42001
	at sun.nio.ch.SocketChannelImpl.checkConnect(Native Method)
	at sun.nio.ch.SocketChannelImpl.finishConnect(SocketChannelImpl.java:717)
	at org.apache.ratis.thirdparty.io.netty.channel.socket.nio.NioSocketChannel.doFinishConnect(NioSocketChannel.java:327)
	at org.apache.ratis.thirdparty.io.netty.channel.nio.AbstractNioChannel$AbstractNioUnsafe.finishConnect(AbstractNioChannel.java:340)
	at org.apache.ratis.thirdparty.io.netty.channel.nio.NioEventLoop.processSelectedKey(NioEventLoop.java:632)
	at org.apache.ratis.thirdparty.io.netty.channel.nio.NioEventLoop.processSelectedKeysOptimized(NioEventLoop.java:579)
	at org.apache.ratis.thirdparty.io.netty.channel.nio.NioEventLoop.processSelectedKeys(NioEventLoop.java:496)
	at org.apache.ratis.thirdparty.io.netty.channel.nio.NioEventLoop.run(NioEventLoop.java:458)
	at org.apache.ratis.thirdparty.io.netty.util.concurrent.SingleThreadEventExecutor$5.run(SingleThreadEventExecutor.java:897)
	at org.apache.ratis.thirdparty.io.netty.util.concurrent.FastThreadLocalRunnable.run(FastThreadLocalRunnable.java:30)
	... 1 more
Caused by: java.net.ConnectException: Connection refused
	... 11 more
2019-08-23 09:17:10,503 [ce3b71d6-803c-4999-98a7-ed3c8197db33:group-73033864ACD7:LeaderElection26] INFO  impl.RaftServerImpl (RaftServerImpl.java:setRole(171)) - ce3b71d6-803c-4999-98a7-ed3c8197db33:group-73033864ACD7 changes role from CANDIDATE to FOLLOWER at term 2 for DISCOVERED_A_NEW_TERM
2019-08-23 09:17:10,503 [ce3b71d6-803c-4999-98a7-ed3c8197db33:group-73033864ACD7:LeaderElection26] INFO  impl.RoleInfo (RoleInfo.java:shutdownLeaderElection(134)) - ce3b71d6-803c-4999-98a7-ed3c8197db33: shutdown LeaderElection
2019-08-23 09:17:10,504 [ce3b71d6-803c-4999-98a7-ed3c8197db33:group-73033864ACD7:LeaderElection26] INFO  impl.RoleInfo (RoleInfo.java:updateAndGet(143)) - ce3b71d6-803c-4999-98a7-ed3c8197db33: start FollowerState
2019-08-23 09:17:10,674 | INFO  | SCMAudit | user=jenkins1000 | ip=192.168.69.105 | op=SEND_HEARTBEAT {datanodeUUID=6db0b5b4-33e5-45b9-ab7c-8a068485ef09, command=[]} | ret=SUCCESS |  
2019-08-23 09:17:10,762 [Thread-849] INFO  impl.FollowerState (FollowerState.java:run(106)) - 6db0b5b4-33e5-45b9-ab7c-8a068485ef09:group-FE0C229C6F37 changes to CANDIDATE, lastRpcTime:5450, electionTimeout:5138ms
2019-08-23 09:17:10,763 [Thread-849] INFO  impl.RoleInfo (RoleInfo.java:shutdownFollowerState(121)) - 6db0b5b4-33e5-45b9-ab7c-8a068485ef09: shutdown FollowerState
2019-08-23 09:17:10,763 [Thread-849] INFO  impl.RaftServerImpl (RaftServerImpl.java:setRole(171)) - 6db0b5b4-33e5-45b9-ab7c-8a068485ef09:group-FE0C229C6F37 changes role from FOLLOWER to CANDIDATE at term 1 for changeToCandidate
2019-08-23 09:17:10,763 [Thread-849] INFO  impl.RoleInfo (RoleInfo.java:updateAndGet(143)) - 6db0b5b4-33e5-45b9-ab7c-8a068485ef09: start LeaderElection
2019-08-23 09:17:10,764 [6db0b5b4-33e5-45b9-ab7c-8a068485ef09:group-FE0C229C6F37:LeaderElection27] INFO  impl.RaftServerImpl (ServerState.java:setLeader(263)) - 6db0b5b4-33e5-45b9-ab7c-8a068485ef09:group-FE0C229C6F37 change Leader from e3f86e53-8f15-4a09-b253-90a30ace4ba2 to null at term 1 for initElection
2019-08-23 09:17:10,779 [6db0b5b4-33e5-45b9-ab7c-8a068485ef09:group-FE0C229C6F37:LeaderElection27] INFO  impl.LeaderElection (LeaderElection.java:askForVotes(181)) - 6db0b5b4-33e5-45b9-ab7c-8a068485ef09:group-FE0C229C6F37:LeaderElection27: begin an election at term 2 for 0: [6db0b5b4-33e5-45b9-ab7c-8a068485ef09:192.168.69.105:41066, e3f86e53-8f15-4a09-b253-90a30ace4ba2:192.168.69.105:33325, 480da6fd-5cad-42f6-a3a8-03ebe6e9ed72:192.168.69.105:35049], old=null
2019-08-23 09:17:10,783 [6db0b5b4-33e5-45b9-ab7c-8a068485ef09:group-FE0C229C6F37:LeaderElection27] INFO  impl.LeaderElection (LogUtils.java:infoOrTrace(149)) - 6db0b5b4-33e5-45b9-ab7c-8a068485ef09:group-FE0C229C6F37:LeaderElection27 got exception when requesting votes: {}
java.util.concurrent.ExecutionException: org.apache.ratis.thirdparty.io.grpc.StatusRuntimeException: UNAVAILABLE: io exception
	at java.util.concurrent.FutureTask.report(FutureTask.java:122)
	at java.util.concurrent.FutureTask.get(FutureTask.java:192)
	at org.apache.ratis.server.impl.LeaderElection.waitForResults(LeaderElection.java:262)
	at org.apache.ratis.server.impl.LeaderElection.askForVotes(LeaderElection.java:200)
	at org.apache.ratis.server.impl.LeaderElection.run(LeaderElection.java:130)
	at java.lang.Thread.run(Thread.java:748)
Caused by: org.apache.ratis.thirdparty.io.grpc.StatusRuntimeException: UNAVAILABLE: io exception
	at org.apache.ratis.thirdparty.io.grpc.stub.ClientCalls.toStatusRuntimeException(ClientCalls.java:233)
	at org.apache.ratis.thirdparty.io.grpc.stub.ClientCalls.getUnchecked(ClientCalls.java:214)
	at org.apache.ratis.thirdparty.io.grpc.stub.ClientCalls.blockingUnaryCall(ClientCalls.java:139)
	at org.apache.ratis.proto.grpc.RaftServerProtocolServiceGrpc$RaftServerProtocolServiceBlockingStub.requestVote(RaftServerProtocolServiceGrpc.java:265)
	at org.apache.ratis.grpc.server.GrpcServerProtocolClient.requestVote(GrpcServerProtocolClient.java:83)
	at org.apache.ratis.grpc.server.GrpcService.requestVote(GrpcService.java:195)
	at org.apache.ratis.server.impl.LeaderElection.lambda$submitRequests$1(LeaderElection.java:237)
	at java.util.concurrent.FutureTask.run(FutureTask.java:266)
	at java.util.concurrent.Executors$RunnableAdapter.call(Executors.java:511)
	at java.util.concurrent.FutureTask.run(FutureTask.java:266)
	at java.util.concurrent.ThreadPoolExecutor.runWorker(ThreadPoolExecutor.java:1149)
	at java.util.concurrent.ThreadPoolExecutor$Worker.run(ThreadPoolExecutor.java:624)
	... 1 more
Caused by: org.apache.ratis.thirdparty.io.netty.channel.AbstractChannel$AnnotatedConnectException: Connection refused: /192.168.69.105:33325
	at sun.nio.ch.SocketChannelImpl.checkConnect(Native Method)
	at sun.nio.ch.SocketChannelImpl.finishConnect(SocketChannelImpl.java:717)
	at org.apache.ratis.thirdparty.io.netty.channel.socket.nio.NioSocketChannel.doFinishConnect(NioSocketChannel.java:327)
	at org.apache.ratis.thirdparty.io.netty.channel.nio.AbstractNioChannel$AbstractNioUnsafe.finishConnect(AbstractNioChannel.java:340)
	at org.apache.ratis.thirdparty.io.netty.channel.nio.NioEventLoop.processSelectedKey(NioEventLoop.java:632)
	at org.apache.ratis.thirdparty.io.netty.channel.nio.NioEventLoop.processSelectedKeysOptimized(NioEventLoop.java:579)
	at org.apache.ratis.thirdparty.io.netty.channel.nio.NioEventLoop.processSelectedKeys(NioEventLoop.java:496)
	at org.apache.ratis.thirdparty.io.netty.channel.nio.NioEventLoop.run(NioEventLoop.java:458)
	at org.apache.ratis.thirdparty.io.netty.util.concurrent.SingleThreadEventExecutor$5.run(SingleThreadEventExecutor.java:897)
	at org.apache.ratis.thirdparty.io.netty.util.concurrent.FastThreadLocalRunnable.run(FastThreadLocalRunnable.java:30)
	... 1 more
Caused by: java.net.ConnectException: Connection refused
	... 11 more
2019-08-23 09:17:10,784 [6db0b5b4-33e5-45b9-ab7c-8a068485ef09:group-FE0C229C6F37:LeaderElection27] INFO  impl.LeaderElection (LogUtils.java:infoOrTrace(149)) - 6db0b5b4-33e5-45b9-ab7c-8a068485ef09:group-FE0C229C6F37:LeaderElection27 got exception when requesting votes: {}
java.util.concurrent.ExecutionException: org.apache.ratis.thirdparty.io.grpc.StatusRuntimeException: UNAVAILABLE: io exception
	at java.util.concurrent.FutureTask.report(FutureTask.java:122)
	at java.util.concurrent.FutureTask.get(FutureTask.java:192)
	at org.apache.ratis.server.impl.LeaderElection.waitForResults(LeaderElection.java:262)
	at org.apache.ratis.server.impl.LeaderElection.askForVotes(LeaderElection.java:200)
	at org.apache.ratis.server.impl.LeaderElection.run(LeaderElection.java:130)
	at java.lang.Thread.run(Thread.java:748)
Caused by: org.apache.ratis.thirdparty.io.grpc.StatusRuntimeException: UNAVAILABLE: io exception
	at org.apache.ratis.thirdparty.io.grpc.stub.ClientCalls.toStatusRuntimeException(ClientCalls.java:233)
	at org.apache.ratis.thirdparty.io.grpc.stub.ClientCalls.getUnchecked(ClientCalls.java:214)
	at org.apache.ratis.thirdparty.io.grpc.stub.ClientCalls.blockingUnaryCall(ClientCalls.java:139)
	at org.apache.ratis.proto.grpc.RaftServerProtocolServiceGrpc$RaftServerProtocolServiceBlockingStub.requestVote(RaftServerProtocolServiceGrpc.java:265)
	at org.apache.ratis.grpc.server.GrpcServerProtocolClient.requestVote(GrpcServerProtocolClient.java:83)
	at org.apache.ratis.grpc.server.GrpcService.requestVote(GrpcService.java:195)
	at org.apache.ratis.server.impl.LeaderElection.lambda$submitRequests$1(LeaderElection.java:237)
	at java.util.concurrent.FutureTask.run(FutureTask.java:266)
	at java.util.concurrent.Executors$RunnableAdapter.call(Executors.java:511)
	at java.util.concurrent.FutureTask.run(FutureTask.java:266)
	at java.util.concurrent.ThreadPoolExecutor.runWorker(ThreadPoolExecutor.java:1149)
	at java.util.concurrent.ThreadPoolExecutor$Worker.run(ThreadPoolExecutor.java:624)
	... 1 more
Caused by: org.apache.ratis.thirdparty.io.netty.channel.AbstractChannel$AnnotatedConnectException: Connection refused: /192.168.69.105:35049
	at sun.nio.ch.SocketChannelImpl.checkConnect(Native Method)
	at sun.nio.ch.SocketChannelImpl.finishConnect(SocketChannelImpl.java:717)
	at org.apache.ratis.thirdparty.io.netty.channel.socket.nio.NioSocketChannel.doFinishConnect(NioSocketChannel.java:327)
	at org.apache.ratis.thirdparty.io.netty.channel.nio.AbstractNioChannel$AbstractNioUnsafe.finishConnect(AbstractNioChannel.java:340)
	at org.apache.ratis.thirdparty.io.netty.channel.nio.NioEventLoop.processSelectedKey(NioEventLoop.java:632)
	at org.apache.ratis.thirdparty.io.netty.channel.nio.NioEventLoop.processSelectedKeysOptimized(NioEventLoop.java:579)
	at org.apache.ratis.thirdparty.io.netty.channel.nio.NioEventLoop.processSelectedKeys(NioEventLoop.java:496)
	at org.apache.ratis.thirdparty.io.netty.channel.nio.NioEventLoop.run(NioEventLoop.java:458)
	at org.apache.ratis.thirdparty.io.netty.util.concurrent.SingleThreadEventExecutor$5.run(SingleThreadEventExecutor.java:897)
	at org.apache.ratis.thirdparty.io.netty.util.concurrent.FastThreadLocalRunnable.run(FastThreadLocalRunnable.java:30)
	... 1 more
Caused by: java.net.ConnectException: Connection refused
	... 11 more
2019-08-23 09:17:10,785 [6db0b5b4-33e5-45b9-ab7c-8a068485ef09:group-FE0C229C6F37:LeaderElection27] INFO  impl.LeaderElection (LeaderElection.java:logAndReturn(56)) - 6db0b5b4-33e5-45b9-ab7c-8a068485ef09:group-FE0C229C6F37:LeaderElection27: Election REJECTED; received 0 response(s) [] and 2 exception(s); 6db0b5b4-33e5-45b9-ab7c-8a068485ef09:t2, leader=null, voted=6db0b5b4-33e5-45b9-ab7c-8a068485ef09, raftlog=6db0b5b4-33e5-45b9-ab7c-8a068485ef09-SegmentedRaftLog:OPENED:c0,f0,i0, conf=0: [6db0b5b4-33e5-45b9-ab7c-8a068485ef09:192.168.69.105:41066, e3f86e53-8f15-4a09-b253-90a30ace4ba2:192.168.69.105:33325, 480da6fd-5cad-42f6-a3a8-03ebe6e9ed72:192.168.69.105:35049], old=null
2019-08-23 09:17:10,786 [6db0b5b4-33e5-45b9-ab7c-8a068485ef09:group-FE0C229C6F37:LeaderElection27] INFO  impl.LeaderElection (LogUtils.java:infoOrTrace(149)) -   Exception 0: {}
java.util.concurrent.ExecutionException: org.apache.ratis.thirdparty.io.grpc.StatusRuntimeException: UNAVAILABLE: io exception
	at java.util.concurrent.FutureTask.report(FutureTask.java:122)
	at java.util.concurrent.FutureTask.get(FutureTask.java:192)
	at org.apache.ratis.server.impl.LeaderElection.waitForResults(LeaderElection.java:262)
	at org.apache.ratis.server.impl.LeaderElection.askForVotes(LeaderElection.java:200)
	at org.apache.ratis.server.impl.LeaderElection.run(LeaderElection.java:130)
	at java.lang.Thread.run(Thread.java:748)
Caused by: org.apache.ratis.thirdparty.io.grpc.StatusRuntimeException: UNAVAILABLE: io exception
	at org.apache.ratis.thirdparty.io.grpc.stub.ClientCalls.toStatusRuntimeException(ClientCalls.java:233)
	at org.apache.ratis.thirdparty.io.grpc.stub.ClientCalls.getUnchecked(ClientCalls.java:214)
	at org.apache.ratis.thirdparty.io.grpc.stub.ClientCalls.blockingUnaryCall(ClientCalls.java:139)
	at org.apache.ratis.proto.grpc.RaftServerProtocolServiceGrpc$RaftServerProtocolServiceBlockingStub.requestVote(RaftServerProtocolServiceGrpc.java:265)
	at org.apache.ratis.grpc.server.GrpcServerProtocolClient.requestVote(GrpcServerProtocolClient.java:83)
	at org.apache.ratis.grpc.server.GrpcService.requestVote(GrpcService.java:195)
	at org.apache.ratis.server.impl.LeaderElection.lambda$submitRequests$1(LeaderElection.java:237)
	at java.util.concurrent.FutureTask.run(FutureTask.java:266)
	at java.util.concurrent.Executors$RunnableAdapter.call(Executors.java:511)
	at java.util.concurrent.FutureTask.run(FutureTask.java:266)
	at java.util.concurrent.ThreadPoolExecutor.runWorker(ThreadPoolExecutor.java:1149)
	at java.util.concurrent.ThreadPoolExecutor$Worker.run(ThreadPoolExecutor.java:624)
	... 1 more
Caused by: org.apache.ratis.thirdparty.io.netty.channel.AbstractChannel$AnnotatedConnectException: Connection refused: /192.168.69.105:33325
	at sun.nio.ch.SocketChannelImpl.checkConnect(Native Method)
	at sun.nio.ch.SocketChannelImpl.finishConnect(SocketChannelImpl.java:717)
	at org.apache.ratis.thirdparty.io.netty.channel.socket.nio.NioSocketChannel.doFinishConnect(NioSocketChannel.java:327)
	at org.apache.ratis.thirdparty.io.netty.channel.nio.AbstractNioChannel$AbstractNioUnsafe.finishConnect(AbstractNioChannel.java:340)
	at org.apache.ratis.thirdparty.io.netty.channel.nio.NioEventLoop.processSelectedKey(NioEventLoop.java:632)
	at org.apache.ratis.thirdparty.io.netty.channel.nio.NioEventLoop.processSelectedKeysOptimized(NioEventLoop.java:579)
	at org.apache.ratis.thirdparty.io.netty.channel.nio.NioEventLoop.processSelectedKeys(NioEventLoop.java:496)
	at org.apache.ratis.thirdparty.io.netty.channel.nio.NioEventLoop.run(NioEventLoop.java:458)
	at org.apache.ratis.thirdparty.io.netty.util.concurrent.SingleThreadEventExecutor$5.run(SingleThreadEventExecutor.java:897)
	at org.apache.ratis.thirdparty.io.netty.util.concurrent.FastThreadLocalRunnable.run(FastThreadLocalRunnable.java:30)
	... 1 more
Caused by: java.net.ConnectException: Connection refused
	... 11 more
2019-08-23 09:17:10,786 [6db0b5b4-33e5-45b9-ab7c-8a068485ef09:group-FE0C229C6F37:LeaderElection27] INFO  impl.LeaderElection (LogUtils.java:infoOrTrace(149)) -   Exception 1: {}
java.util.concurrent.ExecutionException: org.apache.ratis.thirdparty.io.grpc.StatusRuntimeException: UNAVAILABLE: io exception
	at java.util.concurrent.FutureTask.report(FutureTask.java:122)
	at java.util.concurrent.FutureTask.get(FutureTask.java:192)
	at org.apache.ratis.server.impl.LeaderElection.waitForResults(LeaderElection.java:262)
	at org.apache.ratis.server.impl.LeaderElection.askForVotes(LeaderElection.java:200)
	at org.apache.ratis.server.impl.LeaderElection.run(LeaderElection.java:130)
	at java.lang.Thread.run(Thread.java:748)
Caused by: org.apache.ratis.thirdparty.io.grpc.StatusRuntimeException: UNAVAILABLE: io exception
	at org.apache.ratis.thirdparty.io.grpc.stub.ClientCalls.toStatusRuntimeException(ClientCalls.java:233)
	at org.apache.ratis.thirdparty.io.grpc.stub.ClientCalls.getUnchecked(ClientCalls.java:214)
	at org.apache.ratis.thirdparty.io.grpc.stub.ClientCalls.blockingUnaryCall(ClientCalls.java:139)
	at org.apache.ratis.proto.grpc.RaftServerProtocolServiceGrpc$RaftServerProtocolServiceBlockingStub.requestVote(RaftServerProtocolServiceGrpc.java:265)
	at org.apache.ratis.grpc.server.GrpcServerProtocolClient.requestVote(GrpcServerProtocolClient.java:83)
	at org.apache.ratis.grpc.server.GrpcService.requestVote(GrpcService.java:195)
	at org.apache.ratis.server.impl.LeaderElection.lambda$submitRequests$1(LeaderElection.java:237)
	at java.util.concurrent.FutureTask.run(FutureTask.java:266)
	at java.util.concurrent.Executors$RunnableAdapter.call(Executors.java:511)
	at java.util.concurrent.FutureTask.run(FutureTask.java:266)
	at java.util.concurrent.ThreadPoolExecutor.runWorker(ThreadPoolExecutor.java:1149)
	at java.util.concurrent.ThreadPoolExecutor$Worker.run(ThreadPoolExecutor.java:624)
	... 1 more
Caused by: org.apache.ratis.thirdparty.io.netty.channel.AbstractChannel$AnnotatedConnectException: Connection refused: /192.168.69.105:35049
	at sun.nio.ch.SocketChannelImpl.checkConnect(Native Method)
	at sun.nio.ch.SocketChannelImpl.finishConnect(SocketChannelImpl.java:717)
	at org.apache.ratis.thirdparty.io.netty.channel.socket.nio.NioSocketChannel.doFinishConnect(NioSocketChannel.java:327)
	at org.apache.ratis.thirdparty.io.netty.channel.nio.AbstractNioChannel$AbstractNioUnsafe.finishConnect(AbstractNioChannel.java:340)
	at org.apache.ratis.thirdparty.io.netty.channel.nio.NioEventLoop.processSelectedKey(NioEventLoop.java:632)
	at org.apache.ratis.thirdparty.io.netty.channel.nio.NioEventLoop.processSelectedKeysOptimized(NioEventLoop.java:579)
	at org.apache.ratis.thirdparty.io.netty.channel.nio.NioEventLoop.processSelectedKeys(NioEventLoop.java:496)
	at org.apache.ratis.thirdparty.io.netty.channel.nio.NioEventLoop.run(NioEventLoop.java:458)
	at org.apache.ratis.thirdparty.io.netty.util.concurrent.SingleThreadEventExecutor$5.run(SingleThreadEventExecutor.java:897)
	at org.apache.ratis.thirdparty.io.netty.util.concurrent.FastThreadLocalRunnable.run(FastThreadLocalRunnable.java:30)
	... 1 more
Caused by: java.net.ConnectException: Connection refused
	... 11 more
2019-08-23 09:17:10,786 [6db0b5b4-33e5-45b9-ab7c-8a068485ef09:group-FE0C229C6F37:LeaderElection27] INFO  impl.RaftServerImpl (RaftServerImpl.java:setRole(171)) - 6db0b5b4-33e5-45b9-ab7c-8a068485ef09:group-FE0C229C6F37 changes role from CANDIDATE to FOLLOWER at term 2 for DISCOVERED_A_NEW_TERM
2019-08-23 09:17:10,787 [6db0b5b4-33e5-45b9-ab7c-8a068485ef09:group-FE0C229C6F37:LeaderElection27] INFO  impl.RoleInfo (RoleInfo.java:shutdownLeaderElection(134)) - 6db0b5b4-33e5-45b9-ab7c-8a068485ef09: shutdown LeaderElection
2019-08-23 09:17:10,787 [6db0b5b4-33e5-45b9-ab7c-8a068485ef09:group-FE0C229C6F37:LeaderElection27] INFO  impl.RoleInfo (RoleInfo.java:updateAndGet(143)) - 6db0b5b4-33e5-45b9-ab7c-8a068485ef09: start FollowerState
2019-08-23 09:17:11,674 | INFO  | SCMAudit | user=jenkins1000 | ip=192.168.69.105 | op=SEND_HEARTBEAT {datanodeUUID=6db0b5b4-33e5-45b9-ab7c-8a068485ef09, command=[]} | ret=SUCCESS |  
2019-08-23 09:17:12,512 [ForkJoinPool.commonPool-worker-0] INFO  ozoneimpl.OzoneContainer (OzoneContainer.java:stop(199)) - Attempting to stop container services.
2019-08-23 09:17:12,513 [ForkJoinPool.commonPool-worker-0] INFO  impl.RaftServerProxy (RaftServerProxy.java:lambda$close$4(314)) - ce3b71d6-803c-4999-98a7-ed3c8197db33: close
2019-08-23 09:17:12,513 [ForkJoinPool.commonPool-worker-0] INFO  impl.RaftServerImpl (RaftServerImpl.java:lambda$shutdown$3(245)) - ce3b71d6-803c-4999-98a7-ed3c8197db33: shutdown group-73033864ACD7
2019-08-23 09:17:12,513 [ForkJoinPool.commonPool-worker-0] INFO  util.JmxRegister (JmxRegister.java:unregister(73)) - Successfully un-registered JMX Bean with object name Ratis:service=RaftServer,group=group-73033864ACD7,id=ce3b71d6-803c-4999-98a7-ed3c8197db33
2019-08-23 09:17:12,514 [ForkJoinPool.commonPool-worker-0] INFO  impl.RoleInfo (RoleInfo.java:shutdownFollowerState(121)) - ce3b71d6-803c-4999-98a7-ed3c8197db33: shutdown FollowerState
2019-08-23 09:17:12,514 [ForkJoinPool.commonPool-worker-0] INFO  impl.StateMachineUpdater (StateMachineUpdater.java:stopAndJoin(115)) - StateMachineUpdater:ce3b71d6-803c-4999-98a7-ed3c8197db33:group-73033864ACD7: set stopIndex = 8
2019-08-23 09:17:12,514 [Thread-1755] INFO  impl.FollowerState (FollowerState.java:run(114)) - ce3b71d6-803c-4999-98a7-ed3c8197db33: FollowerState was interrupted: java.lang.InterruptedException: sleep interrupted
2019-08-23 09:17:12,514 [StateMachineUpdater:ce3b71d6-803c-4999-98a7-ed3c8197db33:group-73033864ACD7] INFO  ratis.ContainerStateMachine (ContainerStateMachine.java:takeSnapshot(283)) - group-73033864ACD7: Taking a snapshot at:(t:1, i:6) file /workdir/hadoop-ozone/integration-test/target/test-dir/MiniOzoneClusterImpl-46891ce3-8eb0-4315-8db6-3822c3bd7dcf/datanode-0/data/ratis/93047d0c-a21e-49b2-a0be-73033864acd7/sm/snapshot.1_6
2019-08-23 09:17:12,518 [main] INFO  ozoneimpl.OzoneContainer (OzoneContainer.java:stop(199)) - Attempting to stop container services.
2019-08-23 09:17:12,520 [main] INFO  impl.RaftServerProxy (RaftServerProxy.java:lambda$close$4(314)) - 0a284024-13d6-46ed-b1db-6a3886ae2776: close
2019-08-23 09:17:12,521 [main] INFO  impl.RaftServerImpl (RaftServerImpl.java:lambda$shutdown$3(245)) - 0a284024-13d6-46ed-b1db-6a3886ae2776: shutdown group-93FB97578F57
2019-08-23 09:17:12,521 [main] INFO  util.JmxRegister (JmxRegister.java:unregister(73)) - Successfully un-registered JMX Bean with object name Ratis:service=RaftServer,group=group-93FB97578F57,id=0a284024-13d6-46ed-b1db-6a3886ae2776
2019-08-23 09:17:12,521 [main] INFO  impl.RoleInfo (RoleInfo.java:shutdownLeaderState(104)) - 0a284024-13d6-46ed-b1db-6a3886ae2776: shutdown LeaderState
2019-08-23 09:17:12,522 [main] INFO  impl.PendingRequests (PendingRequests.java:sendNotLeaderResponses(202)) - 0a284024-13d6-46ed-b1db-6a3886ae2776-PendingRequests: sendNotLeaderResponses
2019-08-23 09:17:12,523 [main] INFO  impl.StateMachineUpdater (StateMachineUpdater.java:stopAndJoin(115)) - StateMachineUpdater:0a284024-13d6-46ed-b1db-6a3886ae2776:group-93FB97578F57: set stopIndex = 0
2019-08-23 09:17:12,531 [main] INFO  impl.RaftServerImpl (ServerState.java:close(394)) - 0a284024-13d6-46ed-b1db-6a3886ae2776:group-93FB97578F57 closes. The last applied log index is 0
2019-08-23 09:17:12,531 [StateMachineUpdater:ce3b71d6-803c-4999-98a7-ed3c8197db33:group-73033864ACD7] INFO  ratis.ContainerStateMachine (ContainerStateMachine.java:takeSnapshot(294)) - group-73033864ACD7: Finished taking a snapshot at:(t:1, i:6) file:/workdir/hadoop-ozone/integration-test/target/test-dir/MiniOzoneClusterImpl-46891ce3-8eb0-4315-8db6-3822c3bd7dcf/datanode-0/data/ratis/93047d0c-a21e-49b2-a0be-73033864acd7/sm/snapshot.1_6 time:17
2019-08-23 09:17:12,532 [StateMachineUpdater:ce3b71d6-803c-4999-98a7-ed3c8197db33:group-73033864ACD7] INFO  impl.StateMachineUpdater (StateMachineUpdater.java:takeSnapshot(242)) - StateMachineUpdater:ce3b71d6-803c-4999-98a7-ed3c8197db33:group-73033864ACD7: Took a snapshot at index 6
2019-08-23 09:17:12,532 [0a284024-13d6-46ed-b1db-6a3886ae2776-SegmentedRaftLogWorker:Storage Directory /workdir/hadoop-ozone/integration-test/target/test-dir/MiniOzoneClusterImpl-46891ce3-8eb0-4315-8db6-3822c3bd7dcf/datanode-6/data/ratis/55d71ec9-83a4-4adb-8d39-93fb97578f57] INFO  segmented.SegmentedRaftLogWorker (SegmentedRaftLogWorker.java:run(313)) - 0a284024-13d6-46ed-b1db-6a3886ae2776-SegmentedRaftLogWorker:Storage Directory /workdir/hadoop-ozone/integration-test/target/test-dir/MiniOzoneClusterImpl-46891ce3-8eb0-4315-8db6-3822c3bd7dcf/datanode-6/data/ratis/55d71ec9-83a4-4adb-8d39-93fb97578f57 was interrupted, exiting. There are 0 tasks remaining in the queue.
2019-08-23 09:17:12,532 [StateMachineUpdater:ce3b71d6-803c-4999-98a7-ed3c8197db33:group-73033864ACD7] INFO  impl.StateMachineUpdater (StateMachineUpdater.java:lambda$new$0(80)) - StateMachineUpdater:ce3b71d6-803c-4999-98a7-ed3c8197db33:group-73033864ACD7: snapshotIndex: updateIncreasingly -1 -> 6
2019-08-23 09:17:12,534 [main] INFO  segmented.SegmentedRaftLogWorker (SegmentedRaftLogWorker.java:close(228)) - 0a284024-13d6-46ed-b1db-6a3886ae2776-SegmentedRaftLogWorker:Storage Directory /workdir/hadoop-ozone/integration-test/target/test-dir/MiniOzoneClusterImpl-46891ce3-8eb0-4315-8db6-3822c3bd7dcf/datanode-6/data/ratis/55d71ec9-83a4-4adb-8d39-93fb97578f57 close()
2019-08-23 09:17:12,536 [ForkJoinPool.commonPool-worker-0] INFO  impl.RaftServerImpl (ServerState.java:close(394)) - ce3b71d6-803c-4999-98a7-ed3c8197db33:group-73033864ACD7 closes. The last applied log index is 8
2019-08-23 09:17:12,536 [main] INFO  server.GrpcService (GrpcService.java:closeImpl(155)) - 0a284024-13d6-46ed-b1db-6a3886ae2776: shutdown server with port 44670 now
2019-08-23 09:17:12,536 [ce3b71d6-803c-4999-98a7-ed3c8197db33-SegmentedRaftLogWorker:Storage Directory /workdir/hadoop-ozone/integration-test/target/test-dir/MiniOzoneClusterImpl-46891ce3-8eb0-4315-8db6-3822c3bd7dcf/datanode-0/data/ratis/93047d0c-a21e-49b2-a0be-73033864acd7] INFO  segmented.SegmentedRaftLogWorker (SegmentedRaftLogWorker.java:run(313)) - ce3b71d6-803c-4999-98a7-ed3c8197db33-SegmentedRaftLogWorker:Storage Directory /workdir/hadoop-ozone/integration-test/target/test-dir/MiniOzoneClusterImpl-46891ce3-8eb0-4315-8db6-3822c3bd7dcf/datanode-0/data/ratis/93047d0c-a21e-49b2-a0be-73033864acd7 was interrupted, exiting. There are 0 tasks remaining in the queue.
2019-08-23 09:17:12,539 [ForkJoinPool.commonPool-worker-0] INFO  segmented.SegmentedRaftLogWorker (SegmentedRaftLogWorker.java:close(228)) - ce3b71d6-803c-4999-98a7-ed3c8197db33-SegmentedRaftLogWorker:Storage Directory /workdir/hadoop-ozone/integration-test/target/test-dir/MiniOzoneClusterImpl-46891ce3-8eb0-4315-8db6-3822c3bd7dcf/datanode-0/data/ratis/93047d0c-a21e-49b2-a0be-73033864acd7 close()
2019-08-23 09:17:12,541 [main] INFO  server.GrpcService (GrpcService.java:closeImpl(163)) - 0a284024-13d6-46ed-b1db-6a3886ae2776: shutdown server with port 44670 successfully
2019-08-23 09:17:12,547 [ForkJoinPool.commonPool-worker-0] INFO  impl.RaftServerImpl (RaftServerImpl.java:lambda$shutdown$3(245)) - ce3b71d6-803c-4999-98a7-ed3c8197db33: shutdown group-5FCE3F8029BF
2019-08-23 09:17:12,548 [ForkJoinPool.commonPool-worker-0] INFO  util.JmxRegister (JmxRegister.java:unregister(73)) - Successfully un-registered JMX Bean with object name Ratis:service=RaftServer,group=group-5FCE3F8029BF,id=ce3b71d6-803c-4999-98a7-ed3c8197db33
2019-08-23 09:17:12,548 [ForkJoinPool.commonPool-worker-0] INFO  impl.RoleInfo (RoleInfo.java:shutdownLeaderState(104)) - ce3b71d6-803c-4999-98a7-ed3c8197db33: shutdown LeaderState
2019-08-23 09:17:12,549 [main] INFO  utils.BackgroundService (BackgroundService.java:shutdown(148)) - Shutting down service BlockDeletingService
2019-08-23 09:17:12,549 [ForkJoinPool.commonPool-worker-0] INFO  impl.PendingRequests (PendingRequests.java:sendNotLeaderResponses(202)) - ce3b71d6-803c-4999-98a7-ed3c8197db33-PendingRequests: sendNotLeaderResponses
2019-08-23 09:17:12,551 [ForkJoinPool.commonPool-worker-0] INFO  impl.StateMachineUpdater (StateMachineUpdater.java:stopAndJoin(115)) - StateMachineUpdater:ce3b71d6-803c-4999-98a7-ed3c8197db33:group-5FCE3F8029BF: set stopIndex = 0
2019-08-23 09:17:12,552 [ForkJoinPool.commonPool-worker-0] INFO  impl.RaftServerImpl (ServerState.java:close(394)) - ce3b71d6-803c-4999-98a7-ed3c8197db33:group-5FCE3F8029BF closes. The last applied log index is 0
2019-08-23 09:17:12,553 [ce3b71d6-803c-4999-98a7-ed3c8197db33-SegmentedRaftLogWorker:Storage Directory /workdir/hadoop-ozone/integration-test/target/test-dir/MiniOzoneClusterImpl-46891ce3-8eb0-4315-8db6-3822c3bd7dcf/datanode-0/data/ratis/833e0711-562c-451d-8471-5fce3f8029bf] INFO  segmented.SegmentedRaftLogWorker (SegmentedRaftLogWorker.java:run(313)) - ce3b71d6-803c-4999-98a7-ed3c8197db33-SegmentedRaftLogWorker:Storage Directory /workdir/hadoop-ozone/integration-test/target/test-dir/MiniOzoneClusterImpl-46891ce3-8eb0-4315-8db6-3822c3bd7dcf/datanode-0/data/ratis/833e0711-562c-451d-8471-5fce3f8029bf was interrupted, exiting. There are 0 tasks remaining in the queue.
2019-08-23 09:17:12,554 [refreshUsed-/workdir/hadoop-ozone/integration-test/target/test-dir/MiniOzoneClusterImpl-46891ce3-8eb0-4315-8db6-3822c3bd7dcf/datanode-6/data/containers] WARN  fs.CachingGetSpaceUsed (CachingGetSpaceUsed.java:run(183)) - Thread Interrupted waiting to refresh disk information: sleep interrupted
2019-08-23 09:17:12,554 [ForkJoinPool.commonPool-worker-0] INFO  segmented.SegmentedRaftLogWorker (SegmentedRaftLogWorker.java:close(228)) - ce3b71d6-803c-4999-98a7-ed3c8197db33-SegmentedRaftLogWorker:Storage Directory /workdir/hadoop-ozone/integration-test/target/test-dir/MiniOzoneClusterImpl-46891ce3-8eb0-4315-8db6-3822c3bd7dcf/datanode-0/data/ratis/833e0711-562c-451d-8471-5fce3f8029bf close()
2019-08-23 09:17:12,555 [ForkJoinPool.commonPool-worker-0] INFO  server.GrpcService (GrpcService.java:closeImpl(155)) - ce3b71d6-803c-4999-98a7-ed3c8197db33: shutdown server with port 44477 now
2019-08-23 09:17:12,560 [ForkJoinPool.commonPool-worker-0] INFO  server.GrpcService (GrpcService.java:closeImpl(163)) - ce3b71d6-803c-4999-98a7-ed3c8197db33: shutdown server with port 44477 successfully
2019-08-23 09:17:12,561 [ForkJoinPool.commonPool-worker-0] INFO  utils.BackgroundService (BackgroundService.java:shutdown(148)) - Shutting down service BlockDeletingService
2019-08-23 09:17:12,562 [grpc-default-executor-2] WARN  client.GrpcClientProtocolService (LogUtils.java:warn(134)) - 28-OrderedRequestStreamObserver28: onError: org.apache.ratis.thirdparty.io.grpc.StatusRuntimeException: CANCELLED: cancelled before receiving half close
2019-08-23 09:17:12,564 [refreshUsed-/workdir/hadoop-ozone/integration-test/target/test-dir/MiniOzoneClusterImpl-46891ce3-8eb0-4315-8db6-3822c3bd7dcf/datanode-0/data/containers] WARN  fs.CachingGetSpaceUsed (CachingGetSpaceUsed.java:run(183)) - Thread Interrupted waiting to refresh disk information: sleep interrupted
2019-08-23 09:17:12,580 [ForkJoinPool.commonPool-worker-0] INFO  statemachine.DatanodeStateMachine (DatanodeStateMachine.java:stopDaemon(395)) - Ozone container server stopped.
2019-08-23 09:17:12,584 [ForkJoinPool.commonPool-worker-0] INFO  handler.ContextHandler (ContextHandler.java:doStop(910)) - Stopped o.e.j.w.WebAppContext@7de6549d{/,null,UNAVAILABLE}{/hddsDatanode}
2019-08-23 09:17:12,587 [main] INFO  statemachine.DatanodeStateMachine (DatanodeStateMachine.java:stopDaemon(395)) - Ozone container server stopped.
2019-08-23 09:17:12,587 [ForkJoinPool.commonPool-worker-0] INFO  server.AbstractConnector (AbstractConnector.java:doStop(318)) - Stopped ServerConnector@12214f2f{HTTP/1.1,[http/1.1]}{0.0.0.0:0}
2019-08-23 09:17:12,591 [ForkJoinPool.commonPool-worker-0] INFO  handler.ContextHandler (ContextHandler.java:doStop(910)) - Stopped o.e.j.s.ServletContextHandler@698f4aa{/static,jar:file:/home/user/.m2/repository/org/apache/hadoop/hadoop-hdds-container-service/0.5.0-SNAPSHOT/hadoop-hdds-container-service-0.5.0-SNAPSHOT.jar!/webapps/static,UNAVAILABLE}
2019-08-23 09:17:12,591 [ForkJoinPool.commonPool-worker-0] INFO  handler.ContextHandler (ContextHandler.java:doStop(910)) - Stopped o.e.j.s.ServletContextHandler@39851c5{/logs,file:///workdir/hadoop-ozone/integration-test/target/log,UNAVAILABLE}
2019-08-23 09:17:12,592 [main] INFO  handler.ContextHandler (ContextHandler.java:doStop(910)) - Stopped o.e.j.w.WebAppContext@5de335cf{/,null,UNAVAILABLE}{/hddsDatanode}
2019-08-23 09:17:12,592 [ForkJoinPool.commonPool-worker-0] INFO  datanode.ObjectStoreHandler (ObjectStoreHandler.java:close(155)) - Closing ObjectStoreHandler.
2019-08-23 09:17:12,593 [main] INFO  server.AbstractConnector (AbstractConnector.java:doStop(318)) - Stopped ServerConnector@1e029a04{HTTP/1.1,[http/1.1]}{0.0.0.0:0}
2019-08-23 09:17:12,593 [ForkJoinPool.commonPool-worker-0] INFO  ozone.HddsDatanodeService (HddsDatanodeService.java:stop(451)) - Stopped plug-in org.apache.hadoop.ozone.web.OzoneHddsDatanodeService@7831d1aa
2019-08-23 09:17:12,593 [main] INFO  handler.ContextHandler (ContextHandler.java:doStop(910)) - Stopped o.e.j.s.ServletContextHandler@51f4439e{/static,jar:file:/home/user/.m2/repository/org/apache/hadoop/hadoop-hdds-container-service/0.5.0-SNAPSHOT/hadoop-hdds-container-service-0.5.0-SNAPSHOT.jar!/webapps/static,UNAVAILABLE}
2019-08-23 09:17:12,594 [main] INFO  handler.ContextHandler (ContextHandler.java:doStop(910)) - Stopped o.e.j.s.ServletContextHandler@5da3f32a{/logs,file:///workdir/hadoop-ozone/integration-test/target/log,UNAVAILABLE}
2019-08-23 09:17:12,674 [Datanode State Machine Thread - 0] INFO  statemachine.DatanodeStateMachine (DatanodeStateMachine.java:lambda$startDaemon$0(350)) - Ozone container server started.
2019-08-23 09:17:15,935 [Thread-1759] INFO  impl.FollowerState (FollowerState.java:run(106)) - 6db0b5b4-33e5-45b9-ab7c-8a068485ef09:group-FE0C229C6F37 changes to CANDIDATE, lastRpcTime:5147, electionTimeout:5146ms
2019-08-23 09:17:15,935 [Thread-1759] INFO  impl.RoleInfo (RoleInfo.java:shutdownFollowerState(121)) - 6db0b5b4-33e5-45b9-ab7c-8a068485ef09: shutdown FollowerState
2019-08-23 09:17:15,935 [Thread-1759] INFO  impl.RaftServerImpl (RaftServerImpl.java:setRole(171)) - 6db0b5b4-33e5-45b9-ab7c-8a068485ef09:group-FE0C229C6F37 changes role from FOLLOWER to CANDIDATE at term 2 for changeToCandidate
2019-08-23 09:17:15,936 [Thread-1759] INFO  impl.RoleInfo (RoleInfo.java:updateAndGet(143)) - 6db0b5b4-33e5-45b9-ab7c-8a068485ef09: start LeaderElection
2019-08-23 09:17:16,107 [6db0b5b4-33e5-45b9-ab7c-8a068485ef09:group-FE0C229C6F37:LeaderElection28] INFO  impl.LeaderElection (LeaderElection.java:askForVotes(181)) - 6db0b5b4-33e5-45b9-ab7c-8a068485ef09:group-FE0C229C6F37:LeaderElection28: begin an election at term 3 for 0: [6db0b5b4-33e5-45b9-ab7c-8a068485ef09:192.168.69.105:41066, e3f86e53-8f15-4a09-b253-90a30ace4ba2:192.168.69.105:33325, 480da6fd-5cad-42f6-a3a8-03ebe6e9ed72:192.168.69.105:35049], old=null
2019-08-23 09:17:16,109 [6db0b5b4-33e5-45b9-ab7c-8a068485ef09:group-FE0C229C6F37:LeaderElection28] INFO  impl.LeaderElection (LogUtils.java:infoOrTrace(149)) - 6db0b5b4-33e5-45b9-ab7c-8a068485ef09:group-FE0C229C6F37:LeaderElection28 got exception when requesting votes: {}
java.util.concurrent.ExecutionException: org.apache.ratis.thirdparty.io.grpc.StatusRuntimeException: UNAVAILABLE: io exception
	at java.util.concurrent.FutureTask.report(FutureTask.java:122)
	at java.util.concurrent.FutureTask.get(FutureTask.java:192)
	at org.apache.ratis.server.impl.LeaderElection.waitForResults(LeaderElection.java:262)
	at org.apache.ratis.server.impl.LeaderElection.askForVotes(LeaderElection.java:200)
	at org.apache.ratis.server.impl.LeaderElection.run(LeaderElection.java:130)
	at java.lang.Thread.run(Thread.java:748)
Caused by: org.apache.ratis.thirdparty.io.grpc.StatusRuntimeException: UNAVAILABLE: io exception
	at org.apache.ratis.thirdparty.io.grpc.stub.ClientCalls.toStatusRuntimeException(ClientCalls.java:233)
	at org.apache.ratis.thirdparty.io.grpc.stub.ClientCalls.getUnchecked(ClientCalls.java:214)
	at org.apache.ratis.thirdparty.io.grpc.stub.ClientCalls.blockingUnaryCall(ClientCalls.java:139)
	at org.apache.ratis.proto.grpc.RaftServerProtocolServiceGrpc$RaftServerProtocolServiceBlockingStub.requestVote(RaftServerProtocolServiceGrpc.java:265)
	at org.apache.ratis.grpc.server.GrpcServerProtocolClient.requestVote(GrpcServerProtocolClient.java:83)
	at org.apache.ratis.grpc.server.GrpcService.requestVote(GrpcService.java:195)
	at org.apache.ratis.server.impl.LeaderElection.lambda$submitRequests$1(LeaderElection.java:237)
	at java.util.concurrent.FutureTask.run(FutureTask.java:266)
	at java.util.concurrent.Executors$RunnableAdapter.call(Executors.java:511)
	at java.util.concurrent.FutureTask.run(FutureTask.java:266)
	at java.util.concurrent.ThreadPoolExecutor.runWorker(ThreadPoolExecutor.java:1149)
	at java.util.concurrent.ThreadPoolExecutor$Worker.run(ThreadPoolExecutor.java:624)
	... 1 more
Caused by: org.apache.ratis.thirdparty.io.netty.channel.AbstractChannel$AnnotatedConnectException: Connection refused: /192.168.69.105:35049
	at sun.nio.ch.SocketChannelImpl.checkConnect(Native Method)
	at sun.nio.ch.SocketChannelImpl.finishConnect(SocketChannelImpl.java:717)
	at org.apache.ratis.thirdparty.io.netty.channel.socket.nio.NioSocketChannel.doFinishConnect(NioSocketChannel.java:327)
	at org.apache.ratis.thirdparty.io.netty.channel.nio.AbstractNioChannel$AbstractNioUnsafe.finishConnect(AbstractNioChannel.java:340)
	at org.apache.ratis.thirdparty.io.netty.channel.nio.NioEventLoop.processSelectedKey(NioEventLoop.java:632)
	at org.apache.ratis.thirdparty.io.netty.channel.nio.NioEventLoop.processSelectedKeysOptimized(NioEventLoop.java:579)
	at org.apache.ratis.thirdparty.io.netty.channel.nio.NioEventLoop.processSelectedKeys(NioEventLoop.java:496)
	at org.apache.ratis.thirdparty.io.netty.channel.nio.NioEventLoop.run(NioEventLoop.java:458)
	at org.apache.ratis.thirdparty.io.netty.util.concurrent.SingleThreadEventExecutor$5.run(SingleThreadEventExecutor.java:897)
	at org.apache.ratis.thirdparty.io.netty.util.concurrent.FastThreadLocalRunnable.run(FastThreadLocalRunnable.java:30)
	... 1 more
Caused by: java.net.ConnectException: Connection refused
	... 11 more
2019-08-23 09:17:16,110 [6db0b5b4-33e5-45b9-ab7c-8a068485ef09:group-FE0C229C6F37:LeaderElection28] INFO  impl.LeaderElection (LogUtils.java:infoOrTrace(149)) - 6db0b5b4-33e5-45b9-ab7c-8a068485ef09:group-FE0C229C6F37:LeaderElection28 got exception when requesting votes: {}
java.util.concurrent.ExecutionException: org.apache.ratis.thirdparty.io.grpc.StatusRuntimeException: UNAVAILABLE: io exception
	at java.util.concurrent.FutureTask.report(FutureTask.java:122)
	at java.util.concurrent.FutureTask.get(FutureTask.java:192)
	at org.apache.ratis.server.impl.LeaderElection.waitForResults(LeaderElection.java:262)
	at org.apache.ratis.server.impl.LeaderElection.askForVotes(LeaderElection.java:200)
	at org.apache.ratis.server.impl.LeaderElection.run(LeaderElection.java:130)
	at java.lang.Thread.run(Thread.java:748)
Caused by: org.apache.ratis.thirdparty.io.grpc.StatusRuntimeException: UNAVAILABLE: io exception
	at org.apache.ratis.thirdparty.io.grpc.stub.ClientCalls.toStatusRuntimeException(ClientCalls.java:233)
	at org.apache.ratis.thirdparty.io.grpc.stub.ClientCalls.getUnchecked(ClientCalls.java:214)
	at org.apache.ratis.thirdparty.io.grpc.stub.ClientCalls.blockingUnaryCall(ClientCalls.java:139)
	at org.apache.ratis.proto.grpc.RaftServerProtocolServiceGrpc$RaftServerProtocolServiceBlockingStub.requestVote(RaftServerProtocolServiceGrpc.java:265)
	at org.apache.ratis.grpc.server.GrpcServerProtocolClient.requestVote(GrpcServerProtocolClient.java:83)
	at org.apache.ratis.grpc.server.GrpcService.requestVote(GrpcService.java:195)
	at org.apache.ratis.server.impl.LeaderElection.lambda$submitRequests$1(LeaderElection.java:237)
	at java.util.concurrent.FutureTask.run(FutureTask.java:266)
	at java.util.concurrent.Executors$RunnableAdapter.call(Executors.java:511)
	at java.util.concurrent.FutureTask.run(FutureTask.java:266)
	at java.util.concurrent.ThreadPoolExecutor.runWorker(ThreadPoolExecutor.java:1149)
	at java.util.concurrent.ThreadPoolExecutor$Worker.run(ThreadPoolExecutor.java:624)
	... 1 more
Caused by: org.apache.ratis.thirdparty.io.netty.channel.AbstractChannel$AnnotatedConnectException: Connection refused: /192.168.69.105:33325
	at sun.nio.ch.SocketChannelImpl.checkConnect(Native Method)
	at sun.nio.ch.SocketChannelImpl.finishConnect(SocketChannelImpl.java:717)
	at org.apache.ratis.thirdparty.io.netty.channel.socket.nio.NioSocketChannel.doFinishConnect(NioSocketChannel.java:327)
	at org.apache.ratis.thirdparty.io.netty.channel.nio.AbstractNioChannel$AbstractNioUnsafe.finishConnect(AbstractNioChannel.java:340)
	at org.apache.ratis.thirdparty.io.netty.channel.nio.NioEventLoop.processSelectedKey(NioEventLoop.java:632)
	at org.apache.ratis.thirdparty.io.netty.channel.nio.NioEventLoop.processSelectedKeysOptimized(NioEventLoop.java:579)
	at org.apache.ratis.thirdparty.io.netty.channel.nio.NioEventLoop.processSelectedKeys(NioEventLoop.java:496)
	at org.apache.ratis.thirdparty.io.netty.channel.nio.NioEventLoop.run(NioEventLoop.java:458)
	at org.apache.ratis.thirdparty.io.netty.util.concurrent.SingleThreadEventExecutor$5.run(SingleThreadEventExecutor.java:897)
	at org.apache.ratis.thirdparty.io.netty.util.concurrent.FastThreadLocalRunnable.run(FastThreadLocalRunnable.java:30)
	... 1 more
Caused by: java.net.ConnectException: Connection refused
	... 11 more
2019-08-23 09:17:16,112 [6db0b5b4-33e5-45b9-ab7c-8a068485ef09:group-FE0C229C6F37:LeaderElection28] INFO  impl.LeaderElection (LeaderElection.java:logAndReturn(56)) - 6db0b5b4-33e5-45b9-ab7c-8a068485ef09:group-FE0C229C6F37:LeaderElection28: Election REJECTED; received 0 response(s) [] and 2 exception(s); 6db0b5b4-33e5-45b9-ab7c-8a068485ef09:t3, leader=null, voted=6db0b5b4-33e5-45b9-ab7c-8a068485ef09, raftlog=6db0b5b4-33e5-45b9-ab7c-8a068485ef09-SegmentedRaftLog:OPENED:c0,f0,i0, conf=0: [6db0b5b4-33e5-45b9-ab7c-8a068485ef09:192.168.69.105:41066, e3f86e53-8f15-4a09-b253-90a30ace4ba2:192.168.69.105:33325, 480da6fd-5cad-42f6-a3a8-03ebe6e9ed72:192.168.69.105:35049], old=null
2019-08-23 09:17:16,112 [6db0b5b4-33e5-45b9-ab7c-8a068485ef09:group-FE0C229C6F37:LeaderElection28] INFO  impl.LeaderElection (LogUtils.java:infoOrTrace(149)) -   Exception 0: {}
java.util.concurrent.ExecutionException: org.apache.ratis.thirdparty.io.grpc.StatusRuntimeException: UNAVAILABLE: io exception
	at java.util.concurrent.FutureTask.report(FutureTask.java:122)
	at java.util.concurrent.FutureTask.get(FutureTask.java:192)
	at org.apache.ratis.server.impl.LeaderElection.waitForResults(LeaderElection.java:262)
	at org.apache.ratis.server.impl.LeaderElection.askForVotes(LeaderElection.java:200)
	at org.apache.ratis.server.impl.LeaderElection.run(LeaderElection.java:130)
	at java.lang.Thread.run(Thread.java:748)
Caused by: org.apache.ratis.thirdparty.io.grpc.StatusRuntimeException: UNAVAILABLE: io exception
	at org.apache.ratis.thirdparty.io.grpc.stub.ClientCalls.toStatusRuntimeException(ClientCalls.java:233)
	at org.apache.ratis.thirdparty.io.grpc.stub.ClientCalls.getUnchecked(ClientCalls.java:214)
	at org.apache.ratis.thirdparty.io.grpc.stub.ClientCalls.blockingUnaryCall(ClientCalls.java:139)
	at org.apache.ratis.proto.grpc.RaftServerProtocolServiceGrpc$RaftServerProtocolServiceBlockingStub.requestVote(RaftServerProtocolServiceGrpc.java:265)
	at org.apache.ratis.grpc.server.GrpcServerProtocolClient.requestVote(GrpcServerProtocolClient.java:83)
	at org.apache.ratis.grpc.server.GrpcService.requestVote(GrpcService.java:195)
	at org.apache.ratis.server.impl.LeaderElection.lambda$submitRequests$1(LeaderElection.java:237)
	at java.util.concurrent.FutureTask.run(FutureTask.java:266)
	at java.util.concurrent.Executors$RunnableAdapter.call(Executors.java:511)
	at java.util.concurrent.FutureTask.run(FutureTask.java:266)
	at java.util.concurrent.ThreadPoolExecutor.runWorker(ThreadPoolExecutor.java:1149)
	at java.util.concurrent.ThreadPoolExecutor$Worker.run(ThreadPoolExecutor.java:624)
	... 1 more
Caused by: org.apache.ratis.thirdparty.io.netty.channel.AbstractChannel$AnnotatedConnectException: Connection refused: /192.168.69.105:35049
	at sun.nio.ch.SocketChannelImpl.checkConnect(Native Method)
	at sun.nio.ch.SocketChannelImpl.finishConnect(SocketChannelImpl.java:717)
	at org.apache.ratis.thirdparty.io.netty.channel.socket.nio.NioSocketChannel.doFinishConnect(NioSocketChannel.java:327)
	at org.apache.ratis.thirdparty.io.netty.channel.nio.AbstractNioChannel$AbstractNioUnsafe.finishConnect(AbstractNioChannel.java:340)
	at org.apache.ratis.thirdparty.io.netty.channel.nio.NioEventLoop.processSelectedKey(NioEventLoop.java:632)
	at org.apache.ratis.thirdparty.io.netty.channel.nio.NioEventLoop.processSelectedKeysOptimized(NioEventLoop.java:579)
	at org.apache.ratis.thirdparty.io.netty.channel.nio.NioEventLoop.processSelectedKeys(NioEventLoop.java:496)
	at org.apache.ratis.thirdparty.io.netty.channel.nio.NioEventLoop.run(NioEventLoop.java:458)
	at org.apache.ratis.thirdparty.io.netty.util.concurrent.SingleThreadEventExecutor$5.run(SingleThreadEventExecutor.java:897)
	at org.apache.ratis.thirdparty.io.netty.util.concurrent.FastThreadLocalRunnable.run(FastThreadLocalRunnable.java:30)
	... 1 more
Caused by: java.net.ConnectException: Connection refused
	... 11 more
2019-08-23 09:17:16,112 [6db0b5b4-33e5-45b9-ab7c-8a068485ef09:group-FE0C229C6F37:LeaderElection28] INFO  impl.LeaderElection (LogUtils.java:infoOrTrace(149)) -   Exception 1: {}
java.util.concurrent.ExecutionException: org.apache.ratis.thirdparty.io.grpc.StatusRuntimeException: UNAVAILABLE: io exception
	at java.util.concurrent.FutureTask.report(FutureTask.java:122)
	at java.util.concurrent.FutureTask.get(FutureTask.java:192)
	at org.apache.ratis.server.impl.LeaderElection.waitForResults(LeaderElection.java:262)
	at org.apache.ratis.server.impl.LeaderElection.askForVotes(LeaderElection.java:200)
	at org.apache.ratis.server.impl.LeaderElection.run(LeaderElection.java:130)
	at java.lang.Thread.run(Thread.java:748)
Caused by: org.apache.ratis.thirdparty.io.grpc.StatusRuntimeException: UNAVAILABLE: io exception
	at org.apache.ratis.thirdparty.io.grpc.stub.ClientCalls.toStatusRuntimeException(ClientCalls.java:233)
	at org.apache.ratis.thirdparty.io.grpc.stub.ClientCalls.getUnchecked(ClientCalls.java:214)
	at org.apache.ratis.thirdparty.io.grpc.stub.ClientCalls.blockingUnaryCall(ClientCalls.java:139)
	at org.apache.ratis.proto.grpc.RaftServerProtocolServiceGrpc$RaftServerProtocolServiceBlockingStub.requestVote(RaftServerProtocolServiceGrpc.java:265)
	at org.apache.ratis.grpc.server.GrpcServerProtocolClient.requestVote(GrpcServerProtocolClient.java:83)
	at org.apache.ratis.grpc.server.GrpcService.requestVote(GrpcService.java:195)
	at org.apache.ratis.server.impl.LeaderElection.lambda$submitRequests$1(LeaderElection.java:237)
	at java.util.concurrent.FutureTask.run(FutureTask.java:266)
	at java.util.concurrent.Executors$RunnableAdapter.call(Executors.java:511)
	at java.util.concurrent.FutureTask.run(FutureTask.java:266)
	at java.util.concurrent.ThreadPoolExecutor.runWorker(ThreadPoolExecutor.java:1149)
	at java.util.concurrent.ThreadPoolExecutor$Worker.run(ThreadPoolExecutor.java:624)
	... 1 more
Caused by: org.apache.ratis.thirdparty.io.netty.channel.AbstractChannel$AnnotatedConnectException: Connection refused: /192.168.69.105:33325
	at sun.nio.ch.SocketChannelImpl.checkConnect(Native Method)
	at sun.nio.ch.SocketChannelImpl.finishConnect(SocketChannelImpl.java:717)
	at org.apache.ratis.thirdparty.io.netty.channel.socket.nio.NioSocketChannel.doFinishConnect(NioSocketChannel.java:327)
	at org.apache.ratis.thirdparty.io.netty.channel.nio.AbstractNioChannel$AbstractNioUnsafe.finishConnect(AbstractNioChannel.java:340)
	at org.apache.ratis.thirdparty.io.netty.channel.nio.NioEventLoop.processSelectedKey(NioEventLoop.java:632)
	at org.apache.ratis.thirdparty.io.netty.channel.nio.NioEventLoop.processSelectedKeysOptimized(NioEventLoop.java:579)
	at org.apache.ratis.thirdparty.io.netty.channel.nio.NioEventLoop.processSelectedKeys(NioEventLoop.java:496)
	at org.apache.ratis.thirdparty.io.netty.channel.nio.NioEventLoop.run(NioEventLoop.java:458)
	at org.apache.ratis.thirdparty.io.netty.util.concurrent.SingleThreadEventExecutor$5.run(SingleThreadEventExecutor.java:897)
	at org.apache.ratis.thirdparty.io.netty.util.concurrent.FastThreadLocalRunnable.run(FastThreadLocalRunnable.java:30)
	... 1 more
Caused by: java.net.ConnectException: Connection refused
	... 11 more
2019-08-23 09:17:16,112 [6db0b5b4-33e5-45b9-ab7c-8a068485ef09:group-FE0C229C6F37:LeaderElection28] INFO  impl.RaftServerImpl (RaftServerImpl.java:setRole(171)) - 6db0b5b4-33e5-45b9-ab7c-8a068485ef09:group-FE0C229C6F37 changes role from CANDIDATE to FOLLOWER at term 3 for DISCOVERED_A_NEW_TERM
2019-08-23 09:17:16,114 [6db0b5b4-33e5-45b9-ab7c-8a068485ef09:group-FE0C229C6F37:LeaderElection28] INFO  impl.RoleInfo (RoleInfo.java:shutdownLeaderElection(134)) - 6db0b5b4-33e5-45b9-ab7c-8a068485ef09: shutdown LeaderElection
2019-08-23 09:17:16,114 [6db0b5b4-33e5-45b9-ab7c-8a068485ef09:group-FE0C229C6F37:LeaderElection28] INFO  impl.RoleInfo (RoleInfo.java:updateAndGet(143)) - 6db0b5b4-33e5-45b9-ab7c-8a068485ef09: start FollowerState
2019-08-23 09:17:17,595 [ForkJoinPool.commonPool-worker-0] INFO  ozoneimpl.OzoneContainer (OzoneContainer.java:stop(199)) - Attempting to stop container services.
2019-08-23 09:17:17,596 [ForkJoinPool.commonPool-worker-0] INFO  impl.RaftServerProxy (RaftServerProxy.java:lambda$close$4(314)) - 6db0b5b4-33e5-45b9-ab7c-8a068485ef09: close
2019-08-23 09:17:17,597 [ForkJoinPool.commonPool-worker-0] INFO  impl.RaftServerImpl (RaftServerImpl.java:lambda$shutdown$3(245)) - 6db0b5b4-33e5-45b9-ab7c-8a068485ef09: shutdown group-B34774209AAC
2019-08-23 09:17:17,597 [ForkJoinPool.commonPool-worker-0] INFO  util.JmxRegister (JmxRegister.java:unregister(73)) - Successfully un-registered JMX Bean with object name Ratis:service=RaftServer,group=group-B34774209AAC,id=6db0b5b4-33e5-45b9-ab7c-8a068485ef09
2019-08-23 09:17:17,598 [ForkJoinPool.commonPool-worker-0] INFO  impl.RoleInfo (RoleInfo.java:shutdownLeaderState(104)) - 6db0b5b4-33e5-45b9-ab7c-8a068485ef09: shutdown LeaderState
2019-08-23 09:17:17,598 [ForkJoinPool.commonPool-worker-0] INFO  impl.PendingRequests (PendingRequests.java:sendNotLeaderResponses(202)) - 6db0b5b4-33e5-45b9-ab7c-8a068485ef09-PendingRequests: sendNotLeaderResponses
2019-08-23 09:17:17,599 [ForkJoinPool.commonPool-worker-0] INFO  impl.StateMachineUpdater (StateMachineUpdater.java:stopAndJoin(115)) - StateMachineUpdater:6db0b5b4-33e5-45b9-ab7c-8a068485ef09:group-B34774209AAC: set stopIndex = 0
2019-08-23 09:17:17,599 [ForkJoinPool.commonPool-worker-0] INFO  impl.RaftServerImpl (ServerState.java:close(394)) - 6db0b5b4-33e5-45b9-ab7c-8a068485ef09:group-B34774209AAC closes. The last applied log index is 0
2019-08-23 09:17:17,600 [6db0b5b4-33e5-45b9-ab7c-8a068485ef09-SegmentedRaftLogWorker:Storage Directory /workdir/hadoop-ozone/integration-test/target/test-dir/MiniOzoneClusterImpl-46891ce3-8eb0-4315-8db6-3822c3bd7dcf/datanode-5/data/ratis/4322990e-a334-47b0-aeb3-b34774209aac] INFO  segmented.SegmentedRaftLogWorker (SegmentedRaftLogWorker.java:run(313)) - 6db0b5b4-33e5-45b9-ab7c-8a068485ef09-SegmentedRaftLogWorker:Storage Directory /workdir/hadoop-ozone/integration-test/target/test-dir/MiniOzoneClusterImpl-46891ce3-8eb0-4315-8db6-3822c3bd7dcf/datanode-5/data/ratis/4322990e-a334-47b0-aeb3-b34774209aac was interrupted, exiting. There are 0 tasks remaining in the queue.
2019-08-23 09:17:17,601 [ForkJoinPool.commonPool-worker-0] INFO  segmented.SegmentedRaftLogWorker (SegmentedRaftLogWorker.java:close(228)) - 6db0b5b4-33e5-45b9-ab7c-8a068485ef09-SegmentedRaftLogWorker:Storage Directory /workdir/hadoop-ozone/integration-test/target/test-dir/MiniOzoneClusterImpl-46891ce3-8eb0-4315-8db6-3822c3bd7dcf/datanode-5/data/ratis/4322990e-a334-47b0-aeb3-b34774209aac close()
2019-08-23 09:17:17,601 [ForkJoinPool.commonPool-worker-0] INFO  impl.RaftServerImpl (RaftServerImpl.java:lambda$shutdown$3(245)) - 6db0b5b4-33e5-45b9-ab7c-8a068485ef09: shutdown group-FE0C229C6F37
2019-08-23 09:17:17,601 [ForkJoinPool.commonPool-worker-0] INFO  util.JmxRegister (JmxRegister.java:unregister(73)) - Successfully un-registered JMX Bean with object name Ratis:service=RaftServer,group=group-FE0C229C6F37,id=6db0b5b4-33e5-45b9-ab7c-8a068485ef09
2019-08-23 09:17:17,602 [ForkJoinPool.commonPool-worker-0] INFO  impl.RoleInfo (RoleInfo.java:shutdownFollowerState(121)) - 6db0b5b4-33e5-45b9-ab7c-8a068485ef09: shutdown FollowerState
2019-08-23 09:17:17,602 [ForkJoinPool.commonPool-worker-0] INFO  impl.StateMachineUpdater (StateMachineUpdater.java:stopAndJoin(115)) - StateMachineUpdater:6db0b5b4-33e5-45b9-ab7c-8a068485ef09:group-FE0C229C6F37: set stopIndex = 0
2019-08-23 09:17:17,602 [Thread-1763] INFO  impl.FollowerState (FollowerState.java:run(114)) - 6db0b5b4-33e5-45b9-ab7c-8a068485ef09: FollowerState was interrupted: java.lang.InterruptedException: sleep interrupted
2019-08-23 09:17:17,602 [ForkJoinPool.commonPool-worker-0] INFO  impl.RaftServerImpl (ServerState.java:close(394)) - 6db0b5b4-33e5-45b9-ab7c-8a068485ef09:group-FE0C229C6F37 closes. The last applied log index is 0
2019-08-23 09:17:17,608 [6db0b5b4-33e5-45b9-ab7c-8a068485ef09-SegmentedRaftLogWorker:Storage Directory /workdir/hadoop-ozone/integration-test/target/test-dir/MiniOzoneClusterImpl-46891ce3-8eb0-4315-8db6-3822c3bd7dcf/datanode-5/data/ratis/c3c0063c-9561-4dcf-aecd-fe0c229c6f37] INFO  segmented.SegmentedRaftLogWorker (SegmentedRaftLogWorker.java:run(313)) - 6db0b5b4-33e5-45b9-ab7c-8a068485ef09-SegmentedRaftLogWorker:Storage Directory /workdir/hadoop-ozone/integration-test/target/test-dir/MiniOzoneClusterImpl-46891ce3-8eb0-4315-8db6-3822c3bd7dcf/datanode-5/data/ratis/c3c0063c-9561-4dcf-aecd-fe0c229c6f37 was interrupted, exiting. There are 0 tasks remaining in the queue.
2019-08-23 09:17:17,608 [ForkJoinPool.commonPool-worker-0] INFO  segmented.SegmentedRaftLogWorker (SegmentedRaftLogWorker.java:close(228)) - 6db0b5b4-33e5-45b9-ab7c-8a068485ef09-SegmentedRaftLogWorker:Storage Directory /workdir/hadoop-ozone/integration-test/target/test-dir/MiniOzoneClusterImpl-46891ce3-8eb0-4315-8db6-3822c3bd7dcf/datanode-5/data/ratis/c3c0063c-9561-4dcf-aecd-fe0c229c6f37 close()
2019-08-23 09:17:17,608 [ForkJoinPool.commonPool-worker-0] INFO  server.GrpcService (GrpcService.java:closeImpl(155)) - 6db0b5b4-33e5-45b9-ab7c-8a068485ef09: shutdown server with port 41066 now
2019-08-23 09:17:17,611 [ForkJoinPool.commonPool-worker-0] INFO  server.GrpcService (GrpcService.java:closeImpl(163)) - 6db0b5b4-33e5-45b9-ab7c-8a068485ef09: shutdown server with port 41066 successfully
2019-08-23 09:17:17,613 [ForkJoinPool.commonPool-worker-0] INFO  utils.BackgroundService (BackgroundService.java:shutdown(148)) - Shutting down service BlockDeletingService
2019-08-23 09:17:17,618 [refreshUsed-/workdir/hadoop-ozone/integration-test/target/test-dir/MiniOzoneClusterImpl-46891ce3-8eb0-4315-8db6-3822c3bd7dcf/datanode-5/data/containers] WARN  fs.CachingGetSpaceUsed (CachingGetSpaceUsed.java:run(183)) - Thread Interrupted waiting to refresh disk information: sleep interrupted
2019-08-23 09:17:17,635 [ForkJoinPool.commonPool-worker-0] INFO  statemachine.DatanodeStateMachine (DatanodeStateMachine.java:stopDaemon(395)) - Ozone container server stopped.
2019-08-23 09:17:17,638 [ForkJoinPool.commonPool-worker-0] INFO  handler.ContextHandler (ContextHandler.java:doStop(910)) - Stopped o.e.j.w.WebAppContext@35d114f4{/,null,UNAVAILABLE}{/hddsDatanode}
2019-08-23 09:17:17,639 [ForkJoinPool.commonPool-worker-0] INFO  server.AbstractConnector (AbstractConnector.java:doStop(318)) - Stopped ServerConnector@3684d2c0{HTTP/1.1,[http/1.1]}{0.0.0.0:0}
2019-08-23 09:17:17,639 [ForkJoinPool.commonPool-worker-0] INFO  handler.ContextHandler (ContextHandler.java:doStop(910)) - Stopped o.e.j.s.ServletContextHandler@3a988299{/static,jar:file:/home/user/.m2/repository/org/apache/hadoop/hadoop-hdds-container-service/0.5.0-SNAPSHOT/hadoop-hdds-container-service-0.5.0-SNAPSHOT.jar!/webapps/static,UNAVAILABLE}
2019-08-23 09:17:17,640 [ForkJoinPool.commonPool-worker-0] INFO  handler.ContextHandler (ContextHandler.java:doStop(910)) - Stopped o.e.j.s.ServletContextHandler@31443680{/logs,file:///workdir/hadoop-ozone/integration-test/target/log,UNAVAILABLE}
2019-08-23 09:17:17,641 [main] INFO  ozone.MiniOzoneClusterImpl (MiniOzoneClusterImpl.java:stop(353)) - Stopping the StorageContainerManager
2019-08-23 09:17:17,642 [main] INFO  server.StorageContainerManager (StorageContainerManager.java:stop(797)) - Stopping Replication Manager Service.
2019-08-23 09:17:17,642 [main] INFO  container.ReplicationManager (ReplicationManager.java:stop(193)) - Stopping Replication Monitor Thread.
2019-08-23 09:17:17,642 [main] INFO  server.StorageContainerManager (StorageContainerManager.java:stop(804)) - Stopping Lease Manager of the command watchers
2019-08-23 09:17:17,642 [main] INFO  server.StorageContainerManager (StorageContainerManager.java:stop(811)) - Stopping datanode service RPC server
2019-08-23 09:17:17,643 [main] INFO  server.SCMDatanodeProtocolServer (SCMDatanodeProtocolServer.java:stop(367)) - Stopping the RPC server for DataNodes
2019-08-23 09:17:17,643 [main] INFO  ipc.Server (Server.java:stop(3082)) - Stopping server on 46524
2019-08-23 09:17:17,646 [IPC Server listener on 46524] INFO  ipc.Server (Server.java:run(1185)) - Stopping IPC Server listener on 46524
2019-08-23 09:17:17,646 [IPC Server Responder] INFO  ipc.Server (Server.java:run(1319)) - Stopping IPC Server Responder
2019-08-23 09:17:17,725 [SCM Heartbeat Processing Thread - 0] WARN  node.NodeStateManager (NodeStateManager.java:scheduleNextHealthCheck(646)) - Current Thread is interrupted, shutting down HB processing thread for Node Manager.
2019-08-23 09:17:17,725 [main] INFO  server.StorageContainerManager (StorageContainerManager.java:stop(819)) - Stopping block service RPC server
2019-08-23 09:17:17,725 [main] INFO  server.SCMBlockProtocolServer (SCMBlockProtocolServer.java:stop(148)) - Stopping the RPC server for Block Protocol
2019-08-23 09:17:17,725 [main] INFO  ipc.Server (Server.java:stop(3082)) - Stopping server on 40944
2019-08-23 09:17:17,729 [IPC Server listener on 40944] INFO  ipc.Server (Server.java:run(1185)) - Stopping IPC Server listener on 40944
2019-08-23 09:17:17,729 [main] INFO  server.StorageContainerManager (StorageContainerManager.java:stop(826)) - Stopping the StorageContainerLocationProtocol RPC server
2019-08-23 09:17:17,729 [IPC Server Responder] INFO  ipc.Server (Server.java:run(1319)) - Stopping IPC Server Responder
2019-08-23 09:17:17,730 [main] INFO  server.SCMClientProtocolServer (SCMClientProtocolServer.java:stop(159)) - Stopping the RPC server for Client Protocol
2019-08-23 09:17:17,730 [main] INFO  ipc.Server (Server.java:stop(3082)) - Stopping server on 34425
2019-08-23 09:17:17,733 [IPC Server listener on 34425] INFO  ipc.Server (Server.java:run(1185)) - Stopping IPC Server listener on 34425
2019-08-23 09:17:17,733 [main] INFO  server.StorageContainerManager (StorageContainerManager.java:stop(833)) - Stopping Storage Container Manager HTTP server.
2019-08-23 09:17:17,733 [IPC Server Responder] INFO  ipc.Server (Server.java:run(1319)) - Stopping IPC Server Responder
2019-08-23 09:17:17,735 [main] INFO  handler.ContextHandler (ContextHandler.java:doStop(910)) - Stopped o.e.j.w.WebAppContext@786ff0ea{/,null,UNAVAILABLE}{/scm}
2019-08-23 09:17:17,736 [main] INFO  server.AbstractConnector (AbstractConnector.java:doStop(318)) - Stopped ServerConnector@15186ce0{HTTP/1.1,[http/1.1]}{0.0.0.0:0}
2019-08-23 09:17:17,737 [main] INFO  handler.ContextHandler (ContextHandler.java:doStop(910)) - Stopped o.e.j.s.ServletContextHandler@efe49ab{/static,file:///workdir/hadoop-ozone/integration-test/target/test-classes/webapps/static,UNAVAILABLE}
2019-08-23 09:17:17,737 [main] INFO  handler.ContextHandler (ContextHandler.java:doStop(910)) - Stopped o.e.j.s.ServletContextHandler@17c53dfb{/logs,file:///workdir/hadoop-ozone/integration-test/target/log,UNAVAILABLE}
2019-08-23 09:17:17,738 [main] INFO  server.StorageContainerManager (StorageContainerManager.java:stop(844)) - Stopping Block Manager Service.
2019-08-23 09:17:17,739 [main] INFO  utils.BackgroundService (BackgroundService.java:shutdown(148)) - Shutting down service SCMBlockDeletingService
2019-08-23 09:17:17,739 [main] INFO  utils.BackgroundService (BackgroundService.java:shutdown(148)) - Shutting down service SCMBlockDeletingService
2019-08-23 09:17:17,740 [main] INFO  server.StorageContainerManager (StorageContainerManager.java:stop(866)) - Stopping SCM Event Queue.
2019-08-23 09:17:17,746 [main] INFO  impl.MetricsSystemImpl (MetricsSystemImpl.java:stop(210)) - Stopping HddsDatanode metrics system...
2019-08-23 09:17:17,753 [main] INFO  impl.MetricsSystemImpl (MetricsSystemImpl.java:stop(216)) - HddsDatanode metrics system stopped.
]]></system-out>
    <system-err><![CDATA[Aug 23, 2019 9:11:44 AM com.sun.jersey.server.impl.application.WebApplicationImpl _initiate
INFO: Initiating Jersey application, version 'Jersey: 1.19 02/11/2015 03:25 AM'
Aug 23, 2019 9:11:44 AM com.sun.jersey.server.impl.application.WebApplicationImpl _initiate
INFO: Initiating Jersey application, version 'Jersey: 1.19 02/11/2015 03:25 AM'
Aug 23, 2019 9:11:44 AM com.sun.jersey.server.impl.application.WebApplicationImpl _initiate
INFO: Initiating Jersey application, version 'Jersey: 1.19 02/11/2015 03:25 AM'
Aug 23, 2019 9:11:44 AM com.sun.jersey.server.impl.application.WebApplicationImpl _initiate
INFO: Initiating Jersey application, version 'Jersey: 1.19 02/11/2015 03:25 AM'
Aug 23, 2019 9:11:45 AM com.sun.jersey.server.impl.application.WebApplicationImpl _initiate
INFO: Initiating Jersey application, version 'Jersey: 1.19 02/11/2015 03:25 AM'
Aug 23, 2019 9:11:45 AM com.sun.jersey.server.impl.application.WebApplicationImpl _initiate
INFO: Initiating Jersey application, version 'Jersey: 1.19 02/11/2015 03:25 AM'
Aug 23, 2019 9:11:45 AM com.sun.jersey.server.impl.application.WebApplicationImpl _initiate
INFO: Initiating Jersey application, version 'Jersey: 1.19 02/11/2015 03:25 AM'
]]></system-err>
  </testcase>
</testsuite>