<?xml version="1.0" encoding="UTF-8"?>
<testsuite xmlns:xsi="http://www.w3.org/2001/XMLSchema-instance" xsi:noNamespaceSchemaLocation="https://maven.apache.org/surefire/maven-surefire-plugin/xsd/surefire-test-report.xsd" name="org.apache.hadoop.ozone.TestStorageContainerManager" time="106.431" tests="9" errors="2" skipped="0" failures="1">
  <properties>
    <property name="awt.toolkit" value="sun.awt.X11.XToolkit"/>
    <property name="file.encoding.pkg" value="sun.io"/>
    <property name="java.specification.version" value="1.8"/>
    <property name="sun.cpu.isalist" value=""/>
    <property name="sun.jnu.encoding" value="UTF-8"/>
    <property name="java.class.path" value="/workdir/hadoop-ozone/integration-test/target/test-classes:/workdir/hadoop-ozone/integration-test/target/classes:/home/user/.m2/repository/org/apache/hadoop/hadoop-ozone-common/0.4.1-SNAPSHOT/hadoop-ozone-common-0.4.1-SNAPSHOT.jar:/home/user/.m2/repository/org/apache/commons/commons-compress/1.4.1/commons-compress-1.4.1.jar:/home/user/.m2/repository/org/tukaani/xz/1.0/xz-1.0.jar:/home/user/.m2/repository/org/apache/hadoop/hadoop-common/3.2.0/hadoop-common-3.2.0.jar:/home/user/.m2/repository/org/apache/hadoop/hadoop-hdfs/3.2.0/hadoop-hdfs-3.2.0.jar:/home/user/.m2/repository/org/apache/hadoop/hadoop-hdfs-client/3.2.0/hadoop-hdfs-client-3.2.0.jar:/home/user/.m2/repository/com/fasterxml/jackson/core/jackson-annotations/2.9.5/jackson-annotations-2.9.5.jar:/home/user/.m2/repository/org/apache/hadoop/hadoop-hdds-common/0.4.1-SNAPSHOT/hadoop-hdds-common-0.4.1-SNAPSHOT.jar:/home/user/.m2/repository/javax/annotation/javax.annotation-api/1.2/javax.annotation-api-1.2.jar:/home/user/.m2/repository/org/apache/ratis/ratis-server/0.4.0-2337318-SNAPSHOT/ratis-server-0.4.0-2337318-SNAPSHOT.jar:/home/user/.m2/repository/org/apache/ratis/ratis-thirdparty-misc/0.2.0/ratis-thirdparty-misc-0.2.0.jar:/home/user/.m2/repository/org/apache/ratis/ratis-proto/0.4.0-2337318-SNAPSHOT/ratis-proto-0.4.0-2337318-SNAPSHOT.jar:/home/user/.m2/repository/org/apache/ratis/ratis-common/0.4.0-2337318-SNAPSHOT/ratis-common-0.4.0-2337318-SNAPSHOT.jar:/home/user/.m2/repository/org/apache/ratis/ratis-client/0.4.0-2337318-SNAPSHOT/ratis-client-0.4.0-2337318-SNAPSHOT.jar:/home/user/.m2/repository/org/apache/ratis/ratis-metrics/0.4.0-2337318-SNAPSHOT/ratis-metrics-0.4.0-2337318-SNAPSHOT.jar:/home/user/.m2/repository/org/apache/ratis/ratis-netty/0.4.0-2337318-SNAPSHOT/ratis-netty-0.4.0-2337318-SNAPSHOT.jar:/home/user/.m2/repository/org/apache/ratis/ratis-grpc/0.4.0-2337318-SNAPSHOT/ratis-grpc-0.4.0-2337318-SNAPSHOT.jar:/home/user/.m2/repository/org/rocksdb/rocksdbjni/6.0.1/rocksdbjni-6.0.1.jar:/home/user/.m2/repository/org/apache/logging/log4j/log4j-api/2.11.0/log4j-api-2.11.0.jar:/home/user/.m2/repository/org/apache/logging/log4j/log4j-core/2.11.0/log4j-core-2.11.0.jar:/home/user/.m2/repository/com/lmax/disruptor/3.4.2/disruptor-3.4.2.jar:/home/user/.m2/repository/org/apache/commons/commons-pool2/2.6.0/commons-pool2-2.6.0.jar:/home/user/.m2/repository/org/bouncycastle/bcpkix-jdk15on/1.60/bcpkix-jdk15on-1.60.jar:/home/user/.m2/repository/commons-validator/commons-validator/1.6/commons-validator-1.6.jar:/home/user/.m2/repository/commons-digester/commons-digester/1.8.1/commons-digester-1.8.1.jar:/home/user/.m2/repository/io/jaegertracing/jaeger-client/0.33.1/jaeger-client-0.33.1.jar:/home/user/.m2/repository/io/jaegertracing/jaeger-thrift/0.33.1/jaeger-thrift-0.33.1.jar:/home/user/.m2/repository/org/apache/thrift/libthrift/0.11.0/libthrift-0.11.0.jar:/home/user/.m2/repository/com/squareup/okhttp3/okhttp/3.9.0/okhttp-3.9.0.jar:/home/user/.m2/repository/com/squareup/okio/okio/1.13.0/okio-1.13.0.jar:/home/user/.m2/repository/io/jaegertracing/jaeger-core/0.33.1/jaeger-core-0.33.1.jar:/home/user/.m2/repository/io/jaegertracing/jaeger-tracerresolver/0.33.1/jaeger-tracerresolver-0.33.1.jar:/home/user/.m2/repository/io/opentracing/contrib/opentracing-tracerresolver/0.1.5/opentracing-tracerresolver-0.1.5.jar:/home/user/.m2/repository/io/opentracing/opentracing-util/0.31.0/opentracing-util-0.31.0.jar:/home/user/.m2/repository/io/opentracing/opentracing-api/0.31.0/opentracing-api-0.31.0.jar:/home/user/.m2/repository/io/opentracing/opentracing-noop/0.31.0/opentracing-noop-0.31.0.jar:/home/user/.m2/repository/org/apache/hadoop/hadoop-hdds-server-framework/0.4.1-SNAPSHOT/hadoop-hdds-server-framework-0.4.1-SNAPSHOT.jar:/home/user/.m2/repository/org/apache/hadoop/hadoop-hdds-container-service/0.4.1-SNAPSHOT/hadoop-hdds-container-service-0.4.1-SNAPSHOT.jar:/home/user/.m2/repository/org/apache/hadoop/hadoop-hdds-client/0.4.1-SNAPSHOT/hadoop-hdds-client-0.4.1-SNAPSHOT.jar:/home/user/.m2/repository/org/apache/hadoop/hadoop-hdds-tools/0.4.1-SNAPSHOT/hadoop-hdds-tools-0.4.1-SNAPSHOT.jar:/home/user/.m2/repository/org/apache/hadoop/hadoop-hdds-server-scm/0.4.1-SNAPSHOT/hadoop-hdds-server-scm-0.4.1-SNAPSHOT.jar:/home/user/.m2/repository/org/apache/hadoop/hadoop-hdds-docs/0.4.1-SNAPSHOT/hadoop-hdds-docs-0.4.1-SNAPSHOT.jar:/home/user/.m2/repository/io/dropwizard/metrics/metrics-core/3.2.4/metrics-core-3.2.4.jar:/home/user/.m2/repository/org/hamcrest/hamcrest-all/1.3/hamcrest-all-1.3.jar:/home/user/.m2/repository/org/bouncycastle/bcprov-jdk15on/1.60/bcprov-jdk15on-1.60.jar:/home/user/.m2/repository/info/picocli/picocli/3.9.6/picocli-3.9.6.jar:/home/user/.m2/repository/com/google/protobuf/protobuf-java/2.5.0/protobuf-java-2.5.0.jar:/home/user/.m2/repository/com/google/guava/guava/11.0.2/guava-11.0.2.jar:/home/user/.m2/repository/org/apache/hadoop/hadoop-ozone-ozone-manager/0.4.1-SNAPSHOT/hadoop-ozone-ozone-manager-0.4.1-SNAPSHOT.jar:/home/user/.m2/repository/org/apache/hadoop/hadoop-minikdc/3.2.0/hadoop-minikdc-3.2.0.jar:/home/user/.m2/repository/commons-io/commons-io/2.5/commons-io-2.5.jar:/home/user/.m2/repository/org/apache/kerby/kerb-simplekdc/1.0.1/kerb-simplekdc-1.0.1.jar:/home/user/.m2/repository/org/apache/kerby/kerb-client/1.0.1/kerb-client-1.0.1.jar:/home/user/.m2/repository/org/apache/kerby/kerby-config/1.0.1/kerby-config-1.0.1.jar:/home/user/.m2/repository/org/apache/kerby/kerb-core/1.0.1/kerb-core-1.0.1.jar:/home/user/.m2/repository/org/apache/kerby/kerby-pkix/1.0.1/kerby-pkix-1.0.1.jar:/home/user/.m2/repository/org/apache/kerby/kerby-asn1/1.0.1/kerby-asn1-1.0.1.jar:/home/user/.m2/repository/org/apache/kerby/kerby-util/1.0.1/kerby-util-1.0.1.jar:/home/user/.m2/repository/org/apache/kerby/kerb-common/1.0.1/kerb-common-1.0.1.jar:/home/user/.m2/repository/org/apache/kerby/kerb-crypto/1.0.1/kerb-crypto-1.0.1.jar:/home/user/.m2/repository/org/apache/kerby/kerb-util/1.0.1/kerb-util-1.0.1.jar:/home/user/.m2/repository/org/apache/kerby/token-provider/1.0.1/token-provider-1.0.1.jar:/home/user/.m2/repository/org/apache/kerby/kerb-admin/1.0.1/kerb-admin-1.0.1.jar:/home/user/.m2/repository/org/apache/kerby/kerb-server/1.0.1/kerb-server-1.0.1.jar:/home/user/.m2/repository/org/apache/kerby/kerb-identity/1.0.1/kerb-identity-1.0.1.jar:/home/user/.m2/repository/org/apache/kerby/kerby-xdr/1.0.1/kerby-xdr-1.0.1.jar:/home/user/.m2/repository/org/slf4j/slf4j-log4j12/1.7.25/slf4j-log4j12-1.7.25.jar:/home/user/.m2/repository/org/apache/hadoop/hadoop-ozone-objectstore-service/0.4.1-SNAPSHOT/hadoop-ozone-objectstore-service-0.4.1-SNAPSHOT.jar:/home/user/.m2/repository/org/apache/hadoop/hadoop-ozone-s3gateway/0.4.1-SNAPSHOT/hadoop-ozone-s3gateway-0.4.1-SNAPSHOT.jar:/home/user/.m2/repository/org/jboss/weld/servlet/weld-servlet/2.4.7.Final/weld-servlet-2.4.7.Final.jar:/home/user/.m2/repository/org/glassfish/jersey/containers/jersey-container-servlet-core/2.27/jersey-container-servlet-core-2.27.jar:/home/user/.m2/repository/org/glassfish/hk2/external/javax.inject/2.5.0-b42/javax.inject-2.5.0-b42.jar:/home/user/.m2/repository/org/glassfish/jersey/core/jersey-common/2.27/jersey-common-2.27.jar:/home/user/.m2/repository/org/glassfish/hk2/osgi-resource-locator/1.0.1/osgi-resource-locator-1.0.1.jar:/home/user/.m2/repository/javax/ws/rs/javax.ws.rs-api/2.1/javax.ws.rs-api-2.1.jar:/home/user/.m2/repository/org/glassfish/jersey/ext/cdi/jersey-cdi1x/2.27/jersey-cdi1x-2.27.jar:/home/user/.m2/repository/org/glassfish/jersey/inject/jersey-hk2/2.27/jersey-hk2-2.27.jar:/home/user/.m2/repository/org/glassfish/hk2/hk2-locator/2.5.0-b42/hk2-locator-2.5.0-b42.jar:/home/user/.m2/repository/org/javassist/javassist/3.22.0-CR2/javassist-3.22.0-CR2.jar:/home/user/.m2/repository/org/glassfish/hk2/hk2-api/2.5.0/hk2-api-2.5.0.jar:/home/user/.m2/repository/org/glassfish/hk2/external/jakarta.inject/2.5.0/jakarta.inject-2.5.0.jar:/home/user/.m2/repository/org/glassfish/hk2/hk2-utils/2.5.0/hk2-utils-2.5.0.jar:/home/user/.m2/repository/jakarta/annotation/jakarta.annotation-api/1.3.4/jakarta.annotation-api-1.3.4.jar:/home/user/.m2/repository/org/glassfish/hk2/external/aopalliance-repackaged/2.5.0/aopalliance-repackaged-2.5.0.jar:/home/user/.m2/repository/com/fasterxml/jackson/dataformat/jackson-dataformat-xml/2.9.0/jackson-dataformat-xml-2.9.0.jar:/home/user/.m2/repository/com/fasterxml/jackson/core/jackson-core/2.9.5/jackson-core-2.9.5.jar:/home/user/.m2/repository/com/fasterxml/jackson/module/jackson-module-jaxb-annotations/2.9.5/jackson-module-jaxb-annotations-2.9.5.jar:/home/user/.m2/repository/javax/enterprise/cdi-api/1.2/cdi-api-1.2.jar:/home/user/.m2/repository/javax/el/javax.el-api/3.0.0/javax.el-api-3.0.0.jar:/home/user/.m2/repository/javax/interceptor/javax.interceptor-api/1.2/javax.interceptor-api-1.2.jar:/home/user/.m2/repository/javax/inject/javax.inject/1/javax.inject-1.jar:/home/user/.m2/repository/com/sun/xml/bind/jaxb-impl/2.3.0.1/jaxb-impl-2.3.0.1.jar:/home/user/.m2/repository/com/sun/xml/bind/jaxb-core/2.3.0.1/jaxb-core-2.3.0.1.jar:/home/user/.m2/repository/javax/xml/bind/jaxb-api/2.3.0/jaxb-api-2.3.0.jar:/home/user/.m2/repository/javax/activation/activation/1.1.1/activation-1.1.1.jar:/home/user/.m2/repository/org/apache/hadoop/hadoop-ozone-csi/0.4.1-SNAPSHOT/hadoop-ozone-csi-0.4.1-SNAPSHOT.jar:/home/user/.m2/repository/com/google/protobuf/protobuf-java-util/3.5.1/protobuf-java-util-3.5.1.jar:/home/user/.m2/repository/org/apache/hadoop/hadoop-hdds-config/0.4.1-SNAPSHOT/hadoop-hdds-config-0.4.1-SNAPSHOT.jar:/home/user/.m2/repository/io/grpc/grpc-netty/1.17.1/grpc-netty-1.17.1.jar:/home/user/.m2/repository/io/grpc/grpc-core/1.17.1/grpc-core-1.17.1.jar:/home/user/.m2/repository/io/grpc/grpc-context/1.17.1/grpc-context-1.17.1.jar:/home/user/.m2/repository/com/google/errorprone/error_prone_annotations/2.2.0/error_prone_annotations-2.2.0.jar:/home/user/.m2/repository/org/codehaus/mojo/animal-sniffer-annotations/1.17/animal-sniffer-annotations-1.17.jar:/home/user/.m2/repository/io/opencensus/opencensus-api/0.17.0/opencensus-api-0.17.0.jar:/home/user/.m2/repository/io/opencensus/opencensus-contrib-grpc-metrics/0.17.0/opencensus-contrib-grpc-metrics-0.17.0.jar:/home/user/.m2/repository/io/netty/netty-codec-http2/4.1.30.Final/netty-codec-http2-4.1.30.Final.jar:/home/user/.m2/repository/io/netty/netty-codec-http/4.1.30.Final/netty-codec-http-4.1.30.Final.jar:/home/user/.m2/repository/io/netty/netty-codec/4.1.30.Final/netty-codec-4.1.30.Final.jar:/home/user/.m2/repository/io/netty/netty-handler/4.1.30.Final/netty-handler-4.1.30.Final.jar:/home/user/.m2/repository/io/netty/netty-handler-proxy/4.1.30.Final/netty-handler-proxy-4.1.30.Final.jar:/home/user/.m2/repository/io/netty/netty-codec-socks/4.1.30.Final/netty-codec-socks-4.1.30.Final.jar:/home/user/.m2/repository/io/netty/netty-transport-native-epoll/4.1.30.Final/netty-transport-native-epoll-4.1.30.Final.jar:/home/user/.m2/repository/io/netty/netty-common/4.1.30.Final/netty-common-4.1.30.Final.jar:/home/user/.m2/repository/io/netty/netty-buffer/4.1.30.Final/netty-buffer-4.1.30.Final.jar:/home/user/.m2/repository/io/netty/netty-transport/4.1.30.Final/netty-transport-4.1.30.Final.jar:/home/user/.m2/repository/io/netty/netty-resolver/4.1.30.Final/netty-resolver-4.1.30.Final.jar:/home/user/.m2/repository/io/netty/netty-transport-native-unix-common/4.1.30.Final/netty-transport-native-unix-common-4.1.30.Final.jar:/home/user/.m2/repository/io/grpc/grpc-protobuf/1.17.1/grpc-protobuf-1.17.1.jar:/home/user/.m2/repository/com/google/api/grpc/proto-google-common-protos/1.0.0/proto-google-common-protos-1.0.0.jar:/home/user/.m2/repository/io/grpc/grpc-protobuf-lite/1.17.1/grpc-protobuf-lite-1.17.1.jar:/home/user/.m2/repository/io/grpc/grpc-stub/1.17.1/grpc-stub-1.17.1.jar:/home/user/.m2/repository/org/apache/hadoop/hadoop-ozone-recon/0.4.1-SNAPSHOT/hadoop-ozone-recon-0.4.1-SNAPSHOT.jar:/home/user/.m2/repository/org/apache/hadoop/hadoop-ozone-reconcodegen/0.4.1-SNAPSHOT/hadoop-ozone-reconcodegen-0.4.1-SNAPSHOT.jar:/home/user/.m2/repository/com/google/inject/extensions/guice-multibindings/4.0/guice-multibindings-4.0.jar:/home/user/.m2/repository/com/google/inject/guice/4.0/guice-4.0.jar:/home/user/.m2/repository/aopalliance/aopalliance/1.0/aopalliance-1.0.jar:/home/user/.m2/repository/com/google/inject/extensions/guice-servlet/4.0/guice-servlet-4.0.jar:/home/user/.m2/repository/org/glassfish/jersey/containers/jersey-container-servlet/2.27/jersey-container-servlet-2.27.jar:/home/user/.m2/repository/org/glassfish/hk2/guice-bridge/2.5.0/guice-bridge-2.5.0.jar:/home/user/.m2/repository/org/glassfish/jersey/core/jersey-server/2.27/jersey-server-2.27.jar:/home/user/.m2/repository/org/glassfish/jersey/core/jersey-client/2.27/jersey-client-2.27.jar:/home/user/.m2/repository/org/glassfish/jersey/media/jersey-media-jaxb/2.27/jersey-media-jaxb-2.27.jar:/home/user/.m2/repository/javax/validation/validation-api/1.1.0.Final/validation-api-1.1.0.Final.jar:/home/user/.m2/repository/org/glassfish/jersey/media/jersey-media-json-jackson/2.27/jersey-media-json-jackson-2.27.jar:/home/user/.m2/repository/org/glassfish/jersey/ext/jersey-entity-filtering/2.27/jersey-entity-filtering-2.27.jar:/home/user/.m2/repository/com/google/inject/extensions/guice-assistedinject/4.0/guice-assistedinject-4.0.jar:/home/user/.m2/repository/org/jooq/jooq/3.11.10/jooq-3.11.10.jar:/home/user/.m2/repository/org/jooq/jooq-meta/3.11.10/jooq-meta-3.11.10.jar:/home/user/.m2/repository/org/jooq/jooq-codegen/3.11.10/jooq-codegen-3.11.10.jar:/home/user/.m2/repository/com/jolbox/bonecp/0.8.0.RELEASE/bonecp-0.8.0.RELEASE.jar:/home/user/.m2/repository/org/xerial/sqlite-jdbc/3.25.2/sqlite-jdbc-3.25.2.jar:/home/user/.m2/repository/org/springframework/spring-jdbc/5.1.3.RELEASE/spring-jdbc-5.1.3.RELEASE.jar:/home/user/.m2/repository/org/springframework/spring-beans/5.1.3.RELEASE/spring-beans-5.1.3.RELEASE.jar:/home/user/.m2/repository/org/springframework/spring-core/5.1.3.RELEASE/spring-core-5.1.3.RELEASE.jar:/home/user/.m2/repository/org/springframework/spring-jcl/5.1.3.RELEASE/spring-jcl-5.1.3.RELEASE.jar:/home/user/.m2/repository/org/springframework/spring-tx/5.1.3.RELEASE/spring-tx-5.1.3.RELEASE.jar:/home/user/.m2/repository/org/apache/hadoop/hadoop-ozone-client/0.4.1-SNAPSHOT/hadoop-ozone-client-0.4.1-SNAPSHOT.jar:/home/user/.m2/repository/commons-lang/commons-lang/2.6/commons-lang-2.6.jar:/home/user/.m2/repository/org/apache/hadoop/hadoop-ozone-ozone-manager/0.4.1-SNAPSHOT/hadoop-ozone-ozone-manager-0.4.1-SNAPSHOT-tests.jar:/home/user/.m2/repository/junit/junit/4.11/junit-4.11.jar:/home/user/.m2/repository/org/hamcrest/hamcrest-core/1.3/hamcrest-core-1.3.jar:/home/user/.m2/repository/org/openjdk/jmh/jmh-core/1.19/jmh-core-1.19.jar:/home/user/.m2/repository/net/sf/jopt-simple/jopt-simple/4.6/jopt-simple-4.6.jar:/home/user/.m2/repository/org/apache/commons/commons-math3/3.1.1/commons-math3-3.1.1.jar:/home/user/.m2/repository/org/openjdk/jmh/jmh-generator-annprocess/1.19/jmh-generator-annprocess-1.19.jar:/home/user/.m2/repository/org/mockito/mockito-all/1.8.5/mockito-all-1.8.5.jar:/home/user/.m2/repository/org/apache/hadoop/hadoop-kms/3.2.0/hadoop-kms-3.2.0.jar:/home/user/.m2/repository/org/apache/hadoop/hadoop-auth/3.2.0/hadoop-auth-3.2.0.jar:/home/user/.m2/repository/com/nimbusds/nimbus-jose-jwt/4.41.1/nimbus-jose-jwt-4.41.1.jar:/home/user/.m2/repository/com/github/stephenc/jcip/jcip-annotations/1.0-1/jcip-annotations-1.0-1.jar:/home/user/.m2/repository/net/minidev/json-smart/2.3/json-smart-2.3.jar:/home/user/.m2/repository/net/minidev/accessors-smart/1.2/accessors-smart-1.2.jar:/home/user/.m2/repository/org/ow2/asm/asm/5.0.4/asm-5.0.4.jar:/home/user/.m2/repository/org/apache/curator/curator-framework/2.12.0/curator-framework-2.12.0.jar:/home/user/.m2/repository/com/sun/jersey/jersey-core/1.19/jersey-core-1.19.jar:/home/user/.m2/repository/javax/ws/rs/jsr311-api/1.1.1/jsr311-api-1.1.1.jar:/home/user/.m2/repository/com/sun/jersey/jersey-server/1.19/jersey-server-1.19.jar:/home/user/.m2/repository/javax/servlet/javax.servlet-api/3.1.0/javax.servlet-api-3.1.0.jar:/home/user/.m2/repository/org/eclipse/jetty/jetty-server/9.3.24.v20180605/jetty-server-9.3.24.v20180605.jar:/home/user/.m2/repository/org/eclipse/jetty/jetty-http/9.3.24.v20180605/jetty-http-9.3.24.v20180605.jar:/home/user/.m2/repository/org/eclipse/jetty/jetty-io/9.3.24.v20180605/jetty-io-9.3.24.v20180605.jar:/home/user/.m2/repository/org/eclipse/jetty/jetty-webapp/9.3.24.v20180605/jetty-webapp-9.3.24.v20180605.jar:/home/user/.m2/repository/org/eclipse/jetty/jetty-xml/9.3.24.v20180605/jetty-xml-9.3.24.v20180605.jar:/home/user/.m2/repository/log4j/log4j/1.2.17/log4j-1.2.17.jar:/home/user/.m2/repository/org/slf4j/slf4j-api/1.7.25/slf4j-api-1.7.25.jar:/home/user/.m2/repository/org/slf4j/jul-to-slf4j/1.7.25/jul-to-slf4j-1.7.25.jar:/home/user/.m2/repository/org/eclipse/jetty/jetty-util/9.3.24.v20180605/jetty-util-9.3.24.v20180605.jar:/home/user/.m2/repository/com/fasterxml/jackson/core/jackson-databind/2.9.5/jackson-databind-2.9.5.jar:/home/user/.m2/repository/org/apache/hadoop/hadoop-kms/3.2.0/hadoop-kms-3.2.0-tests.jar:/home/user/.m2/repository/org/apache/hadoop/hadoop-hdds-server-scm/0.4.1-SNAPSHOT/hadoop-hdds-server-scm-0.4.1-SNAPSHOT-tests.jar:/home/user/.m2/repository/org/apache/hadoop/hadoop-hdds-container-service/0.4.1-SNAPSHOT/hadoop-hdds-container-service-0.4.1-SNAPSHOT-tests.jar:/home/user/.m2/repository/org/yaml/snakeyaml/1.16/snakeyaml-1.16.jar:/home/user/.m2/repository/org/apache/hadoop/hadoop-common/3.2.0/hadoop-common-3.2.0-tests.jar:/home/user/.m2/repository/org/apache/hadoop/hadoop-annotations/3.2.0/hadoop-annotations-3.2.0.jar:/usr/lib/jvm/java-1.8-openjdk/jre/../lib/tools.jar:/home/user/.m2/repository/commons-cli/commons-cli/1.2/commons-cli-1.2.jar:/home/user/.m2/repository/org/apache/httpcomponents/httpclient/4.5.2/httpclient-4.5.2.jar:/home/user/.m2/repository/org/apache/httpcomponents/httpcore/4.4.4/httpcore-4.4.4.jar:/home/user/.m2/repository/commons-codec/commons-codec/1.11/commons-codec-1.11.jar:/home/user/.m2/repository/commons-net/commons-net/3.6/commons-net-3.6.jar:/home/user/.m2/repository/commons-collections/commons-collections/3.2.2/commons-collections-3.2.2.jar:/home/user/.m2/repository/org/eclipse/jetty/jetty-servlet/9.3.24.v20180605/jetty-servlet-9.3.24.v20180605.jar:/home/user/.m2/repository/org/eclipse/jetty/jetty-security/9.3.24.v20180605/jetty-security-9.3.24.v20180605.jar:/home/user/.m2/repository/javax/servlet/jsp/jsp-api/2.1/jsp-api-2.1.jar:/home/user/.m2/repository/com/sun/jersey/jersey-servlet/1.19/jersey-servlet-1.19.jar:/home/user/.m2/repository/com/sun/jersey/jersey-json/1.19/jersey-json-1.19.jar:/home/user/.m2/repository/org/codehaus/jettison/jettison/1.1/jettison-1.1.jar:/home/user/.m2/repository/org/codehaus/jackson/jackson-core-asl/1.9.13/jackson-core-asl-1.9.13.jar:/home/user/.m2/repository/org/codehaus/jackson/jackson-mapper-asl/1.9.13/jackson-mapper-asl-1.9.13.jar:/home/user/.m2/repository/org/codehaus/jackson/jackson-jaxrs/1.9.13/jackson-jaxrs-1.9.13.jar:/home/user/.m2/repository/org/codehaus/jackson/jackson-xc/1.9.13/jackson-xc-1.9.13.jar:/home/user/.m2/repository/commons-logging/commons-logging/1.1.3/commons-logging-1.1.3.jar:/home/user/.m2/repository/commons-beanutils/commons-beanutils/1.9.3/commons-beanutils-1.9.3.jar:/home/user/.m2/repository/org/apache/commons/commons-configuration2/2.1.1/commons-configuration2-2.1.1.jar:/home/user/.m2/repository/org/apache/commons/commons-lang3/3.7/commons-lang3-3.7.jar:/home/user/.m2/repository/org/apache/commons/commons-text/1.4/commons-text-1.4.jar:/home/user/.m2/repository/org/apache/avro/avro/1.7.7/avro-1.7.7.jar:/home/user/.m2/repository/com/thoughtworks/paranamer/paranamer/2.3/paranamer-2.3.jar:/home/user/.m2/repository/org/xerial/snappy/snappy-java/1.0.5/snappy-java-1.0.5.jar:/home/user/.m2/repository/com/google/re2j/re2j/1.1/re2j-1.1.jar:/home/user/.m2/repository/com/google/code/gson/gson/2.2.4/gson-2.2.4.jar:/home/user/.m2/repository/com/jcraft/jsch/0.1.54/jsch-0.1.54.jar:/home/user/.m2/repository/org/apache/curator/curator-client/2.12.0/curator-client-2.12.0.jar:/home/user/.m2/repository/org/apache/curator/curator-recipes/2.12.0/curator-recipes-2.12.0.jar:/home/user/.m2/repository/com/google/code/findbugs/jsr305/3.0.0/jsr305-3.0.0.jar:/home/user/.m2/repository/org/apache/htrace/htrace-core4/4.1.0-incubating/htrace-core4-4.1.0-incubating.jar:/home/user/.m2/repository/org/apache/zookeeper/zookeeper/3.4.13/zookeeper-3.4.13.jar:/home/user/.m2/repository/org/apache/yetus/audience-annotations/0.5.0/audience-annotations-0.5.0.jar:/home/user/.m2/repository/org/codehaus/woodstox/stax2-api/3.1.4/stax2-api-3.1.4.jar:/home/user/.m2/repository/com/fasterxml/woodstox/woodstox-core/5.0.3/woodstox-core-5.0.3.jar:/home/user/.m2/repository/dnsjava/dnsjava/2.1.7/dnsjava-2.1.7.jar:/home/user/.m2/repository/org/apache/hadoop/hadoop-hdfs/3.2.0/hadoop-hdfs-3.2.0-tests.jar:/home/user/.m2/repository/org/eclipse/jetty/jetty-util-ajax/9.3.24.v20180605/jetty-util-ajax-9.3.24.v20180605.jar:/home/user/.m2/repository/commons-daemon/commons-daemon/1.0.13/commons-daemon-1.0.13.jar:/home/user/.m2/repository/io/netty/netty/3.10.5.Final/netty-3.10.5.Final.jar:/home/user/.m2/repository/io/netty/netty-all/4.0.52.Final/netty-all-4.0.52.Final.jar:/home/user/.m2/repository/org/fusesource/leveldbjni/leveldbjni-all/1.8/leveldbjni-all-1.8.jar:"/>
    <property name="java.vm.vendor" value="IcedTea"/>
    <property name="sun.arch.data.model" value="64"/>
    <property name="test.build.dir" value="/workdir/hadoop-ozone/integration-test/target/test-dir"/>
    <property name="test.cache.data" value=""/>
    <property name="java.vendor.url" value="https://icedtea.classpath.org"/>
    <property name="user.timezone" value=""/>
    <property name="java.vm.specification.version" value="1.8"/>
    <property name="os.name" value="Linux"/>
    <property name="test.build.data" value="/workdir/hadoop-ozone/integration-test/target/test-dir"/>
    <property name="user.country" value="US"/>
    <property name="sun.java.launcher" value="SUN_STANDARD"/>
    <property name="sun.boot.library.path" value="/usr/lib/jvm/java-1.8-openjdk/jre/lib/amd64"/>
    <property name="sun.java.command" value="/workdir/hadoop-ozone/integration-test/target/surefire/surefirebooter2434278785320859137.jar /workdir/hadoop-ozone/integration-test/target/surefire 2019-08-08T03-12-47_907-jvmRun1 surefire1306629957031575249tmp surefire_247719829746743032679tmp"/>
    <property name="surefire.test.class.path" value="/workdir/hadoop-ozone/integration-test/target/test-classes:/workdir/hadoop-ozone/integration-test/target/classes:/home/user/.m2/repository/org/apache/hadoop/hadoop-ozone-common/0.4.1-SNAPSHOT/hadoop-ozone-common-0.4.1-SNAPSHOT.jar:/home/user/.m2/repository/org/apache/commons/commons-compress/1.4.1/commons-compress-1.4.1.jar:/home/user/.m2/repository/org/tukaani/xz/1.0/xz-1.0.jar:/home/user/.m2/repository/org/apache/hadoop/hadoop-common/3.2.0/hadoop-common-3.2.0.jar:/home/user/.m2/repository/org/apache/hadoop/hadoop-hdfs/3.2.0/hadoop-hdfs-3.2.0.jar:/home/user/.m2/repository/org/apache/hadoop/hadoop-hdfs-client/3.2.0/hadoop-hdfs-client-3.2.0.jar:/home/user/.m2/repository/com/fasterxml/jackson/core/jackson-annotations/2.9.5/jackson-annotations-2.9.5.jar:/home/user/.m2/repository/org/apache/hadoop/hadoop-hdds-common/0.4.1-SNAPSHOT/hadoop-hdds-common-0.4.1-SNAPSHOT.jar:/home/user/.m2/repository/javax/annotation/javax.annotation-api/1.2/javax.annotation-api-1.2.jar:/home/user/.m2/repository/org/apache/ratis/ratis-server/0.4.0-2337318-SNAPSHOT/ratis-server-0.4.0-2337318-SNAPSHOT.jar:/home/user/.m2/repository/org/apache/ratis/ratis-thirdparty-misc/0.2.0/ratis-thirdparty-misc-0.2.0.jar:/home/user/.m2/repository/org/apache/ratis/ratis-proto/0.4.0-2337318-SNAPSHOT/ratis-proto-0.4.0-2337318-SNAPSHOT.jar:/home/user/.m2/repository/org/apache/ratis/ratis-common/0.4.0-2337318-SNAPSHOT/ratis-common-0.4.0-2337318-SNAPSHOT.jar:/home/user/.m2/repository/org/apache/ratis/ratis-client/0.4.0-2337318-SNAPSHOT/ratis-client-0.4.0-2337318-SNAPSHOT.jar:/home/user/.m2/repository/org/apache/ratis/ratis-metrics/0.4.0-2337318-SNAPSHOT/ratis-metrics-0.4.0-2337318-SNAPSHOT.jar:/home/user/.m2/repository/org/apache/ratis/ratis-netty/0.4.0-2337318-SNAPSHOT/ratis-netty-0.4.0-2337318-SNAPSHOT.jar:/home/user/.m2/repository/org/apache/ratis/ratis-grpc/0.4.0-2337318-SNAPSHOT/ratis-grpc-0.4.0-2337318-SNAPSHOT.jar:/home/user/.m2/repository/org/rocksdb/rocksdbjni/6.0.1/rocksdbjni-6.0.1.jar:/home/user/.m2/repository/org/apache/logging/log4j/log4j-api/2.11.0/log4j-api-2.11.0.jar:/home/user/.m2/repository/org/apache/logging/log4j/log4j-core/2.11.0/log4j-core-2.11.0.jar:/home/user/.m2/repository/com/lmax/disruptor/3.4.2/disruptor-3.4.2.jar:/home/user/.m2/repository/org/apache/commons/commons-pool2/2.6.0/commons-pool2-2.6.0.jar:/home/user/.m2/repository/org/bouncycastle/bcpkix-jdk15on/1.60/bcpkix-jdk15on-1.60.jar:/home/user/.m2/repository/commons-validator/commons-validator/1.6/commons-validator-1.6.jar:/home/user/.m2/repository/commons-digester/commons-digester/1.8.1/commons-digester-1.8.1.jar:/home/user/.m2/repository/io/jaegertracing/jaeger-client/0.33.1/jaeger-client-0.33.1.jar:/home/user/.m2/repository/io/jaegertracing/jaeger-thrift/0.33.1/jaeger-thrift-0.33.1.jar:/home/user/.m2/repository/org/apache/thrift/libthrift/0.11.0/libthrift-0.11.0.jar:/home/user/.m2/repository/com/squareup/okhttp3/okhttp/3.9.0/okhttp-3.9.0.jar:/home/user/.m2/repository/com/squareup/okio/okio/1.13.0/okio-1.13.0.jar:/home/user/.m2/repository/io/jaegertracing/jaeger-core/0.33.1/jaeger-core-0.33.1.jar:/home/user/.m2/repository/io/jaegertracing/jaeger-tracerresolver/0.33.1/jaeger-tracerresolver-0.33.1.jar:/home/user/.m2/repository/io/opentracing/contrib/opentracing-tracerresolver/0.1.5/opentracing-tracerresolver-0.1.5.jar:/home/user/.m2/repository/io/opentracing/opentracing-util/0.31.0/opentracing-util-0.31.0.jar:/home/user/.m2/repository/io/opentracing/opentracing-api/0.31.0/opentracing-api-0.31.0.jar:/home/user/.m2/repository/io/opentracing/opentracing-noop/0.31.0/opentracing-noop-0.31.0.jar:/home/user/.m2/repository/org/apache/hadoop/hadoop-hdds-server-framework/0.4.1-SNAPSHOT/hadoop-hdds-server-framework-0.4.1-SNAPSHOT.jar:/home/user/.m2/repository/org/apache/hadoop/hadoop-hdds-container-service/0.4.1-SNAPSHOT/hadoop-hdds-container-service-0.4.1-SNAPSHOT.jar:/home/user/.m2/repository/org/apache/hadoop/hadoop-hdds-client/0.4.1-SNAPSHOT/hadoop-hdds-client-0.4.1-SNAPSHOT.jar:/home/user/.m2/repository/org/apache/hadoop/hadoop-hdds-tools/0.4.1-SNAPSHOT/hadoop-hdds-tools-0.4.1-SNAPSHOT.jar:/home/user/.m2/repository/org/apache/hadoop/hadoop-hdds-server-scm/0.4.1-SNAPSHOT/hadoop-hdds-server-scm-0.4.1-SNAPSHOT.jar:/home/user/.m2/repository/org/apache/hadoop/hadoop-hdds-docs/0.4.1-SNAPSHOT/hadoop-hdds-docs-0.4.1-SNAPSHOT.jar:/home/user/.m2/repository/io/dropwizard/metrics/metrics-core/3.2.4/metrics-core-3.2.4.jar:/home/user/.m2/repository/org/hamcrest/hamcrest-all/1.3/hamcrest-all-1.3.jar:/home/user/.m2/repository/org/bouncycastle/bcprov-jdk15on/1.60/bcprov-jdk15on-1.60.jar:/home/user/.m2/repository/info/picocli/picocli/3.9.6/picocli-3.9.6.jar:/home/user/.m2/repository/com/google/protobuf/protobuf-java/2.5.0/protobuf-java-2.5.0.jar:/home/user/.m2/repository/com/google/guava/guava/11.0.2/guava-11.0.2.jar:/home/user/.m2/repository/org/apache/hadoop/hadoop-ozone-ozone-manager/0.4.1-SNAPSHOT/hadoop-ozone-ozone-manager-0.4.1-SNAPSHOT.jar:/home/user/.m2/repository/org/apache/hadoop/hadoop-minikdc/3.2.0/hadoop-minikdc-3.2.0.jar:/home/user/.m2/repository/commons-io/commons-io/2.5/commons-io-2.5.jar:/home/user/.m2/repository/org/apache/kerby/kerb-simplekdc/1.0.1/kerb-simplekdc-1.0.1.jar:/home/user/.m2/repository/org/apache/kerby/kerb-client/1.0.1/kerb-client-1.0.1.jar:/home/user/.m2/repository/org/apache/kerby/kerby-config/1.0.1/kerby-config-1.0.1.jar:/home/user/.m2/repository/org/apache/kerby/kerb-core/1.0.1/kerb-core-1.0.1.jar:/home/user/.m2/repository/org/apache/kerby/kerby-pkix/1.0.1/kerby-pkix-1.0.1.jar:/home/user/.m2/repository/org/apache/kerby/kerby-asn1/1.0.1/kerby-asn1-1.0.1.jar:/home/user/.m2/repository/org/apache/kerby/kerby-util/1.0.1/kerby-util-1.0.1.jar:/home/user/.m2/repository/org/apache/kerby/kerb-common/1.0.1/kerb-common-1.0.1.jar:/home/user/.m2/repository/org/apache/kerby/kerb-crypto/1.0.1/kerb-crypto-1.0.1.jar:/home/user/.m2/repository/org/apache/kerby/kerb-util/1.0.1/kerb-util-1.0.1.jar:/home/user/.m2/repository/org/apache/kerby/token-provider/1.0.1/token-provider-1.0.1.jar:/home/user/.m2/repository/org/apache/kerby/kerb-admin/1.0.1/kerb-admin-1.0.1.jar:/home/user/.m2/repository/org/apache/kerby/kerb-server/1.0.1/kerb-server-1.0.1.jar:/home/user/.m2/repository/org/apache/kerby/kerb-identity/1.0.1/kerb-identity-1.0.1.jar:/home/user/.m2/repository/org/apache/kerby/kerby-xdr/1.0.1/kerby-xdr-1.0.1.jar:/home/user/.m2/repository/org/slf4j/slf4j-log4j12/1.7.25/slf4j-log4j12-1.7.25.jar:/home/user/.m2/repository/org/apache/hadoop/hadoop-ozone-objectstore-service/0.4.1-SNAPSHOT/hadoop-ozone-objectstore-service-0.4.1-SNAPSHOT.jar:/home/user/.m2/repository/org/apache/hadoop/hadoop-ozone-s3gateway/0.4.1-SNAPSHOT/hadoop-ozone-s3gateway-0.4.1-SNAPSHOT.jar:/home/user/.m2/repository/org/jboss/weld/servlet/weld-servlet/2.4.7.Final/weld-servlet-2.4.7.Final.jar:/home/user/.m2/repository/org/glassfish/jersey/containers/jersey-container-servlet-core/2.27/jersey-container-servlet-core-2.27.jar:/home/user/.m2/repository/org/glassfish/hk2/external/javax.inject/2.5.0-b42/javax.inject-2.5.0-b42.jar:/home/user/.m2/repository/org/glassfish/jersey/core/jersey-common/2.27/jersey-common-2.27.jar:/home/user/.m2/repository/org/glassfish/hk2/osgi-resource-locator/1.0.1/osgi-resource-locator-1.0.1.jar:/home/user/.m2/repository/javax/ws/rs/javax.ws.rs-api/2.1/javax.ws.rs-api-2.1.jar:/home/user/.m2/repository/org/glassfish/jersey/ext/cdi/jersey-cdi1x/2.27/jersey-cdi1x-2.27.jar:/home/user/.m2/repository/org/glassfish/jersey/inject/jersey-hk2/2.27/jersey-hk2-2.27.jar:/home/user/.m2/repository/org/glassfish/hk2/hk2-locator/2.5.0-b42/hk2-locator-2.5.0-b42.jar:/home/user/.m2/repository/org/javassist/javassist/3.22.0-CR2/javassist-3.22.0-CR2.jar:/home/user/.m2/repository/org/glassfish/hk2/hk2-api/2.5.0/hk2-api-2.5.0.jar:/home/user/.m2/repository/org/glassfish/hk2/external/jakarta.inject/2.5.0/jakarta.inject-2.5.0.jar:/home/user/.m2/repository/org/glassfish/hk2/hk2-utils/2.5.0/hk2-utils-2.5.0.jar:/home/user/.m2/repository/jakarta/annotation/jakarta.annotation-api/1.3.4/jakarta.annotation-api-1.3.4.jar:/home/user/.m2/repository/org/glassfish/hk2/external/aopalliance-repackaged/2.5.0/aopalliance-repackaged-2.5.0.jar:/home/user/.m2/repository/com/fasterxml/jackson/dataformat/jackson-dataformat-xml/2.9.0/jackson-dataformat-xml-2.9.0.jar:/home/user/.m2/repository/com/fasterxml/jackson/core/jackson-core/2.9.5/jackson-core-2.9.5.jar:/home/user/.m2/repository/com/fasterxml/jackson/module/jackson-module-jaxb-annotations/2.9.5/jackson-module-jaxb-annotations-2.9.5.jar:/home/user/.m2/repository/javax/enterprise/cdi-api/1.2/cdi-api-1.2.jar:/home/user/.m2/repository/javax/el/javax.el-api/3.0.0/javax.el-api-3.0.0.jar:/home/user/.m2/repository/javax/interceptor/javax.interceptor-api/1.2/javax.interceptor-api-1.2.jar:/home/user/.m2/repository/javax/inject/javax.inject/1/javax.inject-1.jar:/home/user/.m2/repository/com/sun/xml/bind/jaxb-impl/2.3.0.1/jaxb-impl-2.3.0.1.jar:/home/user/.m2/repository/com/sun/xml/bind/jaxb-core/2.3.0.1/jaxb-core-2.3.0.1.jar:/home/user/.m2/repository/javax/xml/bind/jaxb-api/2.3.0/jaxb-api-2.3.0.jar:/home/user/.m2/repository/javax/activation/activation/1.1.1/activation-1.1.1.jar:/home/user/.m2/repository/org/apache/hadoop/hadoop-ozone-csi/0.4.1-SNAPSHOT/hadoop-ozone-csi-0.4.1-SNAPSHOT.jar:/home/user/.m2/repository/com/google/protobuf/protobuf-java-util/3.5.1/protobuf-java-util-3.5.1.jar:/home/user/.m2/repository/org/apache/hadoop/hadoop-hdds-config/0.4.1-SNAPSHOT/hadoop-hdds-config-0.4.1-SNAPSHOT.jar:/home/user/.m2/repository/io/grpc/grpc-netty/1.17.1/grpc-netty-1.17.1.jar:/home/user/.m2/repository/io/grpc/grpc-core/1.17.1/grpc-core-1.17.1.jar:/home/user/.m2/repository/io/grpc/grpc-context/1.17.1/grpc-context-1.17.1.jar:/home/user/.m2/repository/com/google/errorprone/error_prone_annotations/2.2.0/error_prone_annotations-2.2.0.jar:/home/user/.m2/repository/org/codehaus/mojo/animal-sniffer-annotations/1.17/animal-sniffer-annotations-1.17.jar:/home/user/.m2/repository/io/opencensus/opencensus-api/0.17.0/opencensus-api-0.17.0.jar:/home/user/.m2/repository/io/opencensus/opencensus-contrib-grpc-metrics/0.17.0/opencensus-contrib-grpc-metrics-0.17.0.jar:/home/user/.m2/repository/io/netty/netty-codec-http2/4.1.30.Final/netty-codec-http2-4.1.30.Final.jar:/home/user/.m2/repository/io/netty/netty-codec-http/4.1.30.Final/netty-codec-http-4.1.30.Final.jar:/home/user/.m2/repository/io/netty/netty-codec/4.1.30.Final/netty-codec-4.1.30.Final.jar:/home/user/.m2/repository/io/netty/netty-handler/4.1.30.Final/netty-handler-4.1.30.Final.jar:/home/user/.m2/repository/io/netty/netty-handler-proxy/4.1.30.Final/netty-handler-proxy-4.1.30.Final.jar:/home/user/.m2/repository/io/netty/netty-codec-socks/4.1.30.Final/netty-codec-socks-4.1.30.Final.jar:/home/user/.m2/repository/io/netty/netty-transport-native-epoll/4.1.30.Final/netty-transport-native-epoll-4.1.30.Final.jar:/home/user/.m2/repository/io/netty/netty-common/4.1.30.Final/netty-common-4.1.30.Final.jar:/home/user/.m2/repository/io/netty/netty-buffer/4.1.30.Final/netty-buffer-4.1.30.Final.jar:/home/user/.m2/repository/io/netty/netty-transport/4.1.30.Final/netty-transport-4.1.30.Final.jar:/home/user/.m2/repository/io/netty/netty-resolver/4.1.30.Final/netty-resolver-4.1.30.Final.jar:/home/user/.m2/repository/io/netty/netty-transport-native-unix-common/4.1.30.Final/netty-transport-native-unix-common-4.1.30.Final.jar:/home/user/.m2/repository/io/grpc/grpc-protobuf/1.17.1/grpc-protobuf-1.17.1.jar:/home/user/.m2/repository/com/google/api/grpc/proto-google-common-protos/1.0.0/proto-google-common-protos-1.0.0.jar:/home/user/.m2/repository/io/grpc/grpc-protobuf-lite/1.17.1/grpc-protobuf-lite-1.17.1.jar:/home/user/.m2/repository/io/grpc/grpc-stub/1.17.1/grpc-stub-1.17.1.jar:/home/user/.m2/repository/org/apache/hadoop/hadoop-ozone-recon/0.4.1-SNAPSHOT/hadoop-ozone-recon-0.4.1-SNAPSHOT.jar:/home/user/.m2/repository/org/apache/hadoop/hadoop-ozone-reconcodegen/0.4.1-SNAPSHOT/hadoop-ozone-reconcodegen-0.4.1-SNAPSHOT.jar:/home/user/.m2/repository/com/google/inject/extensions/guice-multibindings/4.0/guice-multibindings-4.0.jar:/home/user/.m2/repository/com/google/inject/guice/4.0/guice-4.0.jar:/home/user/.m2/repository/aopalliance/aopalliance/1.0/aopalliance-1.0.jar:/home/user/.m2/repository/com/google/inject/extensions/guice-servlet/4.0/guice-servlet-4.0.jar:/home/user/.m2/repository/org/glassfish/jersey/containers/jersey-container-servlet/2.27/jersey-container-servlet-2.27.jar:/home/user/.m2/repository/org/glassfish/hk2/guice-bridge/2.5.0/guice-bridge-2.5.0.jar:/home/user/.m2/repository/org/glassfish/jersey/core/jersey-server/2.27/jersey-server-2.27.jar:/home/user/.m2/repository/org/glassfish/jersey/core/jersey-client/2.27/jersey-client-2.27.jar:/home/user/.m2/repository/org/glassfish/jersey/media/jersey-media-jaxb/2.27/jersey-media-jaxb-2.27.jar:/home/user/.m2/repository/javax/validation/validation-api/1.1.0.Final/validation-api-1.1.0.Final.jar:/home/user/.m2/repository/org/glassfish/jersey/media/jersey-media-json-jackson/2.27/jersey-media-json-jackson-2.27.jar:/home/user/.m2/repository/org/glassfish/jersey/ext/jersey-entity-filtering/2.27/jersey-entity-filtering-2.27.jar:/home/user/.m2/repository/com/google/inject/extensions/guice-assistedinject/4.0/guice-assistedinject-4.0.jar:/home/user/.m2/repository/org/jooq/jooq/3.11.10/jooq-3.11.10.jar:/home/user/.m2/repository/org/jooq/jooq-meta/3.11.10/jooq-meta-3.11.10.jar:/home/user/.m2/repository/org/jooq/jooq-codegen/3.11.10/jooq-codegen-3.11.10.jar:/home/user/.m2/repository/com/jolbox/bonecp/0.8.0.RELEASE/bonecp-0.8.0.RELEASE.jar:/home/user/.m2/repository/org/xerial/sqlite-jdbc/3.25.2/sqlite-jdbc-3.25.2.jar:/home/user/.m2/repository/org/springframework/spring-jdbc/5.1.3.RELEASE/spring-jdbc-5.1.3.RELEASE.jar:/home/user/.m2/repository/org/springframework/spring-beans/5.1.3.RELEASE/spring-beans-5.1.3.RELEASE.jar:/home/user/.m2/repository/org/springframework/spring-core/5.1.3.RELEASE/spring-core-5.1.3.RELEASE.jar:/home/user/.m2/repository/org/springframework/spring-jcl/5.1.3.RELEASE/spring-jcl-5.1.3.RELEASE.jar:/home/user/.m2/repository/org/springframework/spring-tx/5.1.3.RELEASE/spring-tx-5.1.3.RELEASE.jar:/home/user/.m2/repository/org/apache/hadoop/hadoop-ozone-client/0.4.1-SNAPSHOT/hadoop-ozone-client-0.4.1-SNAPSHOT.jar:/home/user/.m2/repository/commons-lang/commons-lang/2.6/commons-lang-2.6.jar:/home/user/.m2/repository/org/apache/hadoop/hadoop-ozone-ozone-manager/0.4.1-SNAPSHOT/hadoop-ozone-ozone-manager-0.4.1-SNAPSHOT-tests.jar:/home/user/.m2/repository/junit/junit/4.11/junit-4.11.jar:/home/user/.m2/repository/org/hamcrest/hamcrest-core/1.3/hamcrest-core-1.3.jar:/home/user/.m2/repository/org/openjdk/jmh/jmh-core/1.19/jmh-core-1.19.jar:/home/user/.m2/repository/net/sf/jopt-simple/jopt-simple/4.6/jopt-simple-4.6.jar:/home/user/.m2/repository/org/apache/commons/commons-math3/3.1.1/commons-math3-3.1.1.jar:/home/user/.m2/repository/org/openjdk/jmh/jmh-generator-annprocess/1.19/jmh-generator-annprocess-1.19.jar:/home/user/.m2/repository/org/mockito/mockito-all/1.8.5/mockito-all-1.8.5.jar:/home/user/.m2/repository/org/apache/hadoop/hadoop-kms/3.2.0/hadoop-kms-3.2.0.jar:/home/user/.m2/repository/org/apache/hadoop/hadoop-auth/3.2.0/hadoop-auth-3.2.0.jar:/home/user/.m2/repository/com/nimbusds/nimbus-jose-jwt/4.41.1/nimbus-jose-jwt-4.41.1.jar:/home/user/.m2/repository/com/github/stephenc/jcip/jcip-annotations/1.0-1/jcip-annotations-1.0-1.jar:/home/user/.m2/repository/net/minidev/json-smart/2.3/json-smart-2.3.jar:/home/user/.m2/repository/net/minidev/accessors-smart/1.2/accessors-smart-1.2.jar:/home/user/.m2/repository/org/ow2/asm/asm/5.0.4/asm-5.0.4.jar:/home/user/.m2/repository/org/apache/curator/curator-framework/2.12.0/curator-framework-2.12.0.jar:/home/user/.m2/repository/com/sun/jersey/jersey-core/1.19/jersey-core-1.19.jar:/home/user/.m2/repository/javax/ws/rs/jsr311-api/1.1.1/jsr311-api-1.1.1.jar:/home/user/.m2/repository/com/sun/jersey/jersey-server/1.19/jersey-server-1.19.jar:/home/user/.m2/repository/javax/servlet/javax.servlet-api/3.1.0/javax.servlet-api-3.1.0.jar:/home/user/.m2/repository/org/eclipse/jetty/jetty-server/9.3.24.v20180605/jetty-server-9.3.24.v20180605.jar:/home/user/.m2/repository/org/eclipse/jetty/jetty-http/9.3.24.v20180605/jetty-http-9.3.24.v20180605.jar:/home/user/.m2/repository/org/eclipse/jetty/jetty-io/9.3.24.v20180605/jetty-io-9.3.24.v20180605.jar:/home/user/.m2/repository/org/eclipse/jetty/jetty-webapp/9.3.24.v20180605/jetty-webapp-9.3.24.v20180605.jar:/home/user/.m2/repository/org/eclipse/jetty/jetty-xml/9.3.24.v20180605/jetty-xml-9.3.24.v20180605.jar:/home/user/.m2/repository/log4j/log4j/1.2.17/log4j-1.2.17.jar:/home/user/.m2/repository/org/slf4j/slf4j-api/1.7.25/slf4j-api-1.7.25.jar:/home/user/.m2/repository/org/slf4j/jul-to-slf4j/1.7.25/jul-to-slf4j-1.7.25.jar:/home/user/.m2/repository/org/eclipse/jetty/jetty-util/9.3.24.v20180605/jetty-util-9.3.24.v20180605.jar:/home/user/.m2/repository/com/fasterxml/jackson/core/jackson-databind/2.9.5/jackson-databind-2.9.5.jar:/home/user/.m2/repository/org/apache/hadoop/hadoop-kms/3.2.0/hadoop-kms-3.2.0-tests.jar:/home/user/.m2/repository/org/apache/hadoop/hadoop-hdds-server-scm/0.4.1-SNAPSHOT/hadoop-hdds-server-scm-0.4.1-SNAPSHOT-tests.jar:/home/user/.m2/repository/org/apache/hadoop/hadoop-hdds-container-service/0.4.1-SNAPSHOT/hadoop-hdds-container-service-0.4.1-SNAPSHOT-tests.jar:/home/user/.m2/repository/org/yaml/snakeyaml/1.16/snakeyaml-1.16.jar:/home/user/.m2/repository/org/apache/hadoop/hadoop-common/3.2.0/hadoop-common-3.2.0-tests.jar:/home/user/.m2/repository/org/apache/hadoop/hadoop-annotations/3.2.0/hadoop-annotations-3.2.0.jar:/usr/lib/jvm/java-1.8-openjdk/jre/../lib/tools.jar:/home/user/.m2/repository/commons-cli/commons-cli/1.2/commons-cli-1.2.jar:/home/user/.m2/repository/org/apache/httpcomponents/httpclient/4.5.2/httpclient-4.5.2.jar:/home/user/.m2/repository/org/apache/httpcomponents/httpcore/4.4.4/httpcore-4.4.4.jar:/home/user/.m2/repository/commons-codec/commons-codec/1.11/commons-codec-1.11.jar:/home/user/.m2/repository/commons-net/commons-net/3.6/commons-net-3.6.jar:/home/user/.m2/repository/commons-collections/commons-collections/3.2.2/commons-collections-3.2.2.jar:/home/user/.m2/repository/org/eclipse/jetty/jetty-servlet/9.3.24.v20180605/jetty-servlet-9.3.24.v20180605.jar:/home/user/.m2/repository/org/eclipse/jetty/jetty-security/9.3.24.v20180605/jetty-security-9.3.24.v20180605.jar:/home/user/.m2/repository/javax/servlet/jsp/jsp-api/2.1/jsp-api-2.1.jar:/home/user/.m2/repository/com/sun/jersey/jersey-servlet/1.19/jersey-servlet-1.19.jar:/home/user/.m2/repository/com/sun/jersey/jersey-json/1.19/jersey-json-1.19.jar:/home/user/.m2/repository/org/codehaus/jettison/jettison/1.1/jettison-1.1.jar:/home/user/.m2/repository/org/codehaus/jackson/jackson-core-asl/1.9.13/jackson-core-asl-1.9.13.jar:/home/user/.m2/repository/org/codehaus/jackson/jackson-mapper-asl/1.9.13/jackson-mapper-asl-1.9.13.jar:/home/user/.m2/repository/org/codehaus/jackson/jackson-jaxrs/1.9.13/jackson-jaxrs-1.9.13.jar:/home/user/.m2/repository/org/codehaus/jackson/jackson-xc/1.9.13/jackson-xc-1.9.13.jar:/home/user/.m2/repository/commons-logging/commons-logging/1.1.3/commons-logging-1.1.3.jar:/home/user/.m2/repository/commons-beanutils/commons-beanutils/1.9.3/commons-beanutils-1.9.3.jar:/home/user/.m2/repository/org/apache/commons/commons-configuration2/2.1.1/commons-configuration2-2.1.1.jar:/home/user/.m2/repository/org/apache/commons/commons-lang3/3.7/commons-lang3-3.7.jar:/home/user/.m2/repository/org/apache/commons/commons-text/1.4/commons-text-1.4.jar:/home/user/.m2/repository/org/apache/avro/avro/1.7.7/avro-1.7.7.jar:/home/user/.m2/repository/com/thoughtworks/paranamer/paranamer/2.3/paranamer-2.3.jar:/home/user/.m2/repository/org/xerial/snappy/snappy-java/1.0.5/snappy-java-1.0.5.jar:/home/user/.m2/repository/com/google/re2j/re2j/1.1/re2j-1.1.jar:/home/user/.m2/repository/com/google/code/gson/gson/2.2.4/gson-2.2.4.jar:/home/user/.m2/repository/com/jcraft/jsch/0.1.54/jsch-0.1.54.jar:/home/user/.m2/repository/org/apache/curator/curator-client/2.12.0/curator-client-2.12.0.jar:/home/user/.m2/repository/org/apache/curator/curator-recipes/2.12.0/curator-recipes-2.12.0.jar:/home/user/.m2/repository/com/google/code/findbugs/jsr305/3.0.0/jsr305-3.0.0.jar:/home/user/.m2/repository/org/apache/htrace/htrace-core4/4.1.0-incubating/htrace-core4-4.1.0-incubating.jar:/home/user/.m2/repository/org/apache/zookeeper/zookeeper/3.4.13/zookeeper-3.4.13.jar:/home/user/.m2/repository/org/apache/yetus/audience-annotations/0.5.0/audience-annotations-0.5.0.jar:/home/user/.m2/repository/org/codehaus/woodstox/stax2-api/3.1.4/stax2-api-3.1.4.jar:/home/user/.m2/repository/com/fasterxml/woodstox/woodstox-core/5.0.3/woodstox-core-5.0.3.jar:/home/user/.m2/repository/dnsjava/dnsjava/2.1.7/dnsjava-2.1.7.jar:/home/user/.m2/repository/org/apache/hadoop/hadoop-hdfs/3.2.0/hadoop-hdfs-3.2.0-tests.jar:/home/user/.m2/repository/org/eclipse/jetty/jetty-util-ajax/9.3.24.v20180605/jetty-util-ajax-9.3.24.v20180605.jar:/home/user/.m2/repository/commons-daemon/commons-daemon/1.0.13/commons-daemon-1.0.13.jar:/home/user/.m2/repository/io/netty/netty/3.10.5.Final/netty-3.10.5.Final.jar:/home/user/.m2/repository/io/netty/netty-all/4.0.52.Final/netty-all-4.0.52.Final.jar:/home/user/.m2/repository/org/fusesource/leveldbjni/leveldbjni-all/1.8/leveldbjni-all-1.8.jar:"/>
    <property name="sun.cpu.endian" value="little"/>
    <property name="user.home" value="/home/user"/>
    <property name="user.language" value="en"/>
    <property name="java.specification.vendor" value="Oracle Corporation"/>
    <property name="java.home" value="/usr/lib/jvm/java-1.8-openjdk/jre"/>
    <property name="java.security.krb5.conf" value="/workdir/hadoop-ozone/integration-test/target/test-classes/krb5.conf"/>
    <property name="basedir" value="/workdir/hadoop-ozone/integration-test"/>
    <property name="file.separator" value="/"/>
    <property name="line.separator" value="&#10;"/>
    <property name="java.vm.specification.vendor" value="Oracle Corporation"/>
    <property name="java.specification.name" value="Java Platform API Specification"/>
    <property name="java.awt.graphicsenv" value="sun.awt.X11GraphicsEnvironment"/>
    <property name="surefire.real.class.path" value="/workdir/hadoop-ozone/integration-test/target/surefire/surefirebooter2434278785320859137.jar"/>
    <property name="hadoop.log.dir" value="/workdir/hadoop-ozone/integration-test/target/log"/>
    <property name="sun.boot.class.path" value="/usr/lib/jvm/java-1.8-openjdk/jre/lib/resources.jar:/usr/lib/jvm/java-1.8-openjdk/jre/lib/rt.jar:/usr/lib/jvm/java-1.8-openjdk/jre/lib/sunrsasign.jar:/usr/lib/jvm/java-1.8-openjdk/jre/lib/jsse.jar:/usr/lib/jvm/java-1.8-openjdk/jre/lib/jce.jar:/usr/lib/jvm/java-1.8-openjdk/jre/lib/charsets.jar:/usr/lib/jvm/java-1.8-openjdk/jre/lib/jfr.jar:/usr/lib/jvm/java-1.8-openjdk/jre/classes"/>
    <property name="sun.management.compiler" value="HotSpot 64-Bit Tiered Compilers"/>
    <property name="java.runtime.version" value="1.8.0_212-b04"/>
    <property name="java.net.preferIPv4Stack" value="true"/>
    <property name="user.name" value="jenkins1000"/>
    <property name="path.separator" value=":"/>
    <property name="java.security.egd" value="file:///dev/urandom"/>
    <property name="os.version" value="3.10.0-957.12.2.el7.x86_64"/>
    <property name="java.endorsed.dirs" value="/usr/lib/jvm/java-1.8-openjdk/jre/lib/endorsed"/>
    <property name="java.runtime.name" value="OpenJDK Runtime Environment"/>
    <property name="file.encoding" value="UTF-8"/>
    <property name="java.vm.name" value="OpenJDK 64-Bit Server VM"/>
    <property name="test.build.webapps" value=""/>
    <property name="localRepository" value="/home/user/.m2/repository"/>
    <property name="java.vendor.url.bug" value="https://icedtea.classpath.org/bugzilla"/>
    <property name="java.io.tmpdir" value="/tmp"/>
    <property name="require.test.libhadoop" value=""/>
    <property name="java.version" value="1.8.0_212"/>
    <property name="user.dir" value="/workdir/hadoop-ozone/integration-test"/>
    <property name="os.arch" value="amd64"/>
    <property name="java.vm.specification.name" value="Java Virtual Machine Specification"/>
    <property name="test.build.classes" value="/workdir/hadoop-ozone/integration-test/target/test-classes"/>
    <property name="java.awt.printerjob" value="sun.print.PSPrinterJob"/>
    <property name="sun.os.patch.level" value="unknown"/>
    <property name="hadoop.tmp.dir" value="/workdir/hadoop-ozone/integration-test/target/tmp"/>
    <property name="java.library.path" value="/usr/lib/jvm/java-1.8-openjdk/jre/lib/amd64/server:/usr/lib/jvm/java-1.8-openjdk/jre/lib/amd64:/usr/lib/jvm/java-1.8-openjdk/jre/../lib/amd64:/workdir/hadoop-ozone/integration-test/target/native/target/usr/local/lib:/workdir/hadoop-ozone/integration-test/../../hadoop-common-project/hadoop-common/target/native/target/usr/local/lib:/usr/java/packages/lib/amd64:/usr/lib64:/lib64:/lib:/usr/lib"/>
    <property name="java.vm.info" value="mixed mode"/>
    <property name="java.vendor" value="IcedTea"/>
    <property name="java.vm.version" value="25.212-b04"/>
    <property name="java.ext.dirs" value="/usr/lib/jvm/java-1.8-openjdk/jre/lib/ext:/usr/java/packages/lib/ext"/>
    <property name="sun.io.unicode.encoding" value="UnicodeLittle"/>
    <property name="java.class.version" value="52.0"/>
  </properties>
  <testcase name="testBlockDeletionTransactions" classname="org.apache.hadoop.ozone.TestStorageContainerManager" time="19.475"/>
  <testcase name="testBlockDeletingThrottling" classname="org.apache.hadoop.ozone.TestStorageContainerManager" time="6.736">
    <error message="Unexpected Storage Container Exception: org.apache.hadoop.hdds.scm.container.common.helpers.StorageContainerException: ContainerID 6 creation failed" type="java.io.IOException">java.io.IOException: Unexpected Storage Container Exception: org.apache.hadoop.hdds.scm.container.common.helpers.StorageContainerException: ContainerID 6 creation failed
	at org.apache.hadoop.hdds.scm.storage.BlockOutputStream.setIoException(BlockOutputStream.java:541)
	at org.apache.hadoop.hdds.scm.storage.BlockOutputStream.validateResponse(BlockOutputStream.java:532)
	at org.apache.hadoop.hdds.scm.storage.BlockOutputStream.lambda$writeChunkToContainer$2(BlockOutputStream.java:606)
	at java.util.concurrent.CompletableFuture.uniApply(CompletableFuture.java:602)
	at java.util.concurrent.CompletableFuture$UniApply.tryFire(CompletableFuture.java:577)
	at java.util.concurrent.CompletableFuture$Completion.run(CompletableFuture.java:442)
	at java.util.concurrent.ThreadPoolExecutor.runWorker(ThreadPoolExecutor.java:1149)
	at java.util.concurrent.ThreadPoolExecutor$Worker.run(ThreadPoolExecutor.java:624)
	at java.lang.Thread.run(Thread.java:748)
Caused by: org.apache.hadoop.hdds.scm.container.common.helpers.StorageContainerException: ContainerID 6 creation failed
	at org.apache.hadoop.hdds.scm.storage.ContainerProtocolCalls.validateContainerResponse(ContainerProtocolCalls.java:536)
	at org.apache.hadoop.hdds.scm.storage.BlockOutputStream.validateResponse(BlockOutputStream.java:529)
	... 7 more
</error>
    <system-out><![CDATA[2019-08-08 03:26:22,161 WARN  server.ServerUtils (ServerUtils.java:getScmDbDir(145)) - ozone.scm.db.dirs is not configured. We recommend adding this setting. Falling back to ozone.metadata.dirs instead.
2019-08-08 03:26:22,169 WARN  server.ServerUtils (ServerUtils.java:getScmDbDir(145)) - ozone.scm.db.dirs is not configured. We recommend adding this setting. Falling back to ozone.metadata.dirs instead.
2019-08-08 03:26:22,169 WARN  server.ServerUtils (ServerUtils.java:getScmDbDir(145)) - ozone.scm.db.dirs is not configured. We recommend adding this setting. Falling back to ozone.metadata.dirs instead.
2019-08-08 03:26:22,170 INFO  db.DBStoreBuilder (DBStoreBuilder.java:addTable(110)) - using custom profile for table: deletedBlocks
2019-08-08 03:26:22,170 INFO  db.DBStoreBuilder (DBStoreBuilder.java:processTables(161)) - Using default column profile:DBProfile.DISK for Table:deletedBlocks
2019-08-08 03:26:22,171 INFO  db.DBStoreBuilder (DBStoreBuilder.java:addTable(110)) - using custom profile for table: validCerts
2019-08-08 03:26:22,171 INFO  db.DBStoreBuilder (DBStoreBuilder.java:processTables(161)) - Using default column profile:DBProfile.DISK for Table:validCerts
2019-08-08 03:26:22,171 INFO  db.DBStoreBuilder (DBStoreBuilder.java:addTable(110)) - using custom profile for table: revokedCerts
2019-08-08 03:26:22,171 INFO  db.DBStoreBuilder (DBStoreBuilder.java:processTables(161)) - Using default column profile:DBProfile.DISK for Table:revokedCerts
2019-08-08 03:26:22,172 INFO  db.DBStoreBuilder (DBStoreBuilder.java:addTable(110)) - using custom profile for table: default
2019-08-08 03:26:22,172 INFO  db.DBStoreBuilder (DBStoreBuilder.java:processTables(167)) - Using default column profile:DBProfile.DISK for Table:default
2019-08-08 03:26:22,172 INFO  db.DBStoreBuilder (DBStoreBuilder.java:getDbProfile(198)) - Using default options. DBProfile.DISK
2019-08-08 03:26:22,249 INFO  net.NodeSchemaLoader (NodeSchemaLoader.java:loadSchemaFromFile(125)) - Loading file from sun.misc.CompoundEnumeration@79b071b2
2019-08-08 03:26:22,249 INFO  net.NodeSchemaLoader (NodeSchemaLoader.java:loadSchema(171)) - Loading network topology layer schema file
2019-08-08 03:26:22,255 INFO  node.SCMNodeManager (SCMNodeManager.java:<init>(121)) - Entering startup safe mode.
2019-08-08 03:26:22,256 WARN  server.ServerUtils (ServerUtils.java:getScmDbDir(145)) - ozone.scm.db.dirs is not configured. We recommend adding this setting. Falling back to ozone.metadata.dirs instead.
2019-08-08 03:26:22,279 INFO  pipeline.SCMPipelineManager (SCMPipelineManager.java:initializePipelineState(126)) - No pipeline exists in current db
2019-08-08 03:26:22,279 WARN  server.ServerUtils (ServerUtils.java:getScmDbDir(145)) - ozone.scm.db.dirs is not configured. We recommend adding this setting. Falling back to ozone.metadata.dirs instead.
2019-08-08 03:26:22,307 WARN  events.EventQueue (EventQueue.java:fireEvent(175)) - No event handler registered for event TypedEvent{payloadType=SafeModeStatus, name='SafeModeStatus'}
2019-08-08 03:26:22,308 INFO  ipc.CallQueueManager (CallQueueManager.java:<init>(84)) - Using callQueue: class java.util.concurrent.LinkedBlockingQueue, queueCapacity: 2000, scheduler: class org.apache.hadoop.ipc.DefaultRpcScheduler, ipcBackoff: false.
2019-08-08 03:26:22,309 INFO  ipc.Server (Server.java:run(1074)) - Starting Socket Reader #1 for port 39827
2019-08-08 03:26:22,311 INFO  ipc.CallQueueManager (CallQueueManager.java:<init>(84)) - Using callQueue: class java.util.concurrent.LinkedBlockingQueue, queueCapacity: 2000, scheduler: class org.apache.hadoop.ipc.DefaultRpcScheduler, ipcBackoff: false.
2019-08-08 03:26:22,312 INFO  ipc.Server (Server.java:run(1074)) - Starting Socket Reader #1 for port 35548
2019-08-08 03:26:22,313 INFO  ipc.CallQueueManager (CallQueueManager.java:<init>(84)) - Using callQueue: class java.util.concurrent.LinkedBlockingQueue, queueCapacity: 2000, scheduler: class org.apache.hadoop.ipc.DefaultRpcScheduler, ipcBackoff: false.
2019-08-08 03:26:22,314 INFO  ipc.Server (Server.java:run(1074)) - Starting Socket Reader #1 for port 42377
2019-08-08 03:26:22,316 INFO  hdfs.DFSUtil (DFSUtil.java:httpServerTemplateForNNAndJN(1641)) - Starting Web-server for scm at: http://0.0.0.0:0
2019-08-08 03:26:22,319 INFO  server.AuthenticationFilter (AuthenticationFilter.java:constructSecretProvider(240)) - Unable to initialize FileSignerSecretProvider, falling back to use random secrets.
2019-08-08 03:26:22,320 WARN  http.HttpRequestLog (HttpRequestLog.java:getRequestLog(97)) - Jetty request log can only be enabled using Log4j
2019-08-08 03:26:22,323 INFO  http.HttpServer2 (HttpServer2.java:addGlobalFilter(975)) - Added global filter 'safety' (class=org.apache.hadoop.http.HttpServer2$QuotingInputFilter)
2019-08-08 03:26:22,324 INFO  http.HttpServer2 (HttpServer2.java:addFilter(948)) - Added filter static_user_filter (class=org.apache.hadoop.http.lib.StaticUserWebFilter$StaticUserFilter) to context scm
2019-08-08 03:26:22,324 INFO  http.HttpServer2 (HttpServer2.java:addFilter(958)) - Added filter static_user_filter (class=org.apache.hadoop.http.lib.StaticUserWebFilter$StaticUserFilter) to context logs
2019-08-08 03:26:22,325 INFO  http.HttpServer2 (HttpServer2.java:addFilter(958)) - Added filter static_user_filter (class=org.apache.hadoop.http.lib.StaticUserWebFilter$StaticUserFilter) to context static
2019-08-08 03:26:22,328 INFO  server.StorageContainerManager (StorageContainerManager.java:start(758)) - StorageContainerLocationProtocol RPC server is listening at /0.0.0.0:42377
2019-08-08 03:26:22,331 WARN  impl.MetricsConfig (MetricsConfig.java:loadFirst(134)) - Cannot locate configuration: tried hadoop-metrics2-storagecontainermanager.properties,hadoop-metrics2.properties
2019-08-08 03:26:22,332 INFO  impl.MetricsSystemImpl (MetricsSystemImpl.java:startTimer(374)) - Scheduled Metric snapshot period at 10 second(s).
2019-08-08 03:26:22,333 INFO  impl.MetricsSystemImpl (MetricsSystemImpl.java:start(191)) - StorageContainerManager metrics system started
2019-08-08 03:26:22,365 INFO  server.SCMClientProtocolServer (SCMClientProtocolServer.java:start(151)) - RPC server for Client  is listening at /0.0.0.0:42377
2019-08-08 03:26:22,365 INFO  ipc.Server (Server.java:run(1314)) - IPC Server Responder: starting
2019-08-08 03:26:22,365 INFO  ipc.Server (Server.java:run(1153)) - IPC Server listener on 42377: starting
2019-08-08 03:26:22,369 INFO  server.StorageContainerManager (StorageContainerManager.java:start(768)) - ScmBlockLocationProtocol RPC server is listening at /0.0.0.0:35548
2019-08-08 03:26:22,369 INFO  server.SCMBlockProtocolServer (SCMBlockProtocolServer.java:start(140)) - RPC server for Block Protocol is listening at /0.0.0.0:35548
2019-08-08 03:26:22,370 INFO  ipc.Server (Server.java:run(1314)) - IPC Server Responder: starting
2019-08-08 03:26:22,370 INFO  ipc.Server (Server.java:run(1153)) - IPC Server listener on 35548: starting
2019-08-08 03:26:22,374 INFO  server.StorageContainerManager (StorageContainerManager.java:start(772)) - ScmDatanodeProtocl RPC server is listening at /0.0.0.0:39827
2019-08-08 03:26:22,374 INFO  server.SCMDatanodeProtocolServer (SCMDatanodeProtocolServer.java:start(191)) - RPC server for DataNodes is listening at /0.0.0.0:39827
2019-08-08 03:26:22,374 INFO  ipc.Server (Server.java:run(1314)) - IPC Server Responder: starting
2019-08-08 03:26:22,374 INFO  ipc.Server (Server.java:run(1153)) - IPC Server listener on 39827: starting
2019-08-08 03:26:22,378 INFO  http.HttpServer2 (HttpServer2.java:bindListener(1191)) - Jetty bound to port 43804
2019-08-08 03:26:22,379 INFO  server.Server (Server.java:doStart(351)) - jetty-9.3.24.v20180605, build timestamp: 2018-06-05T17:11:56Z, git hash: 84205aa28f11a4f31f2a3b86d1bba2cc8ab69827
2019-08-08 03:26:22,381 INFO  handler.ContextHandler (ContextHandler.java:doStart(781)) - Started o.e.j.s.ServletContextHandler@2b8b67a9{/logs,file:///workdir/hadoop-ozone/integration-test/target/log,AVAILABLE}
2019-08-08 03:26:22,382 INFO  handler.ContextHandler (ContextHandler.java:doStart(781)) - Started o.e.j.s.ServletContextHandler@41c6c8e9{/static,file:///workdir/hadoop-ozone/integration-test/target/test-classes/webapps/static,AVAILABLE}
2019-08-08 03:26:22,388 INFO  handler.ContextHandler (ContextHandler.java:doStart(781)) - Started o.e.j.w.WebAppContext@dfd4022{/,file:///workdir/hadoop-ozone/integration-test/target/test-classes/webapps/scm/,AVAILABLE}{/scm}
2019-08-08 03:26:22,389 INFO  server.AbstractConnector (AbstractConnector.java:doStart(278)) - Started ServerConnector@75233835{HTTP/1.1,[http/1.1]}{0.0.0.0:43804}
2019-08-08 03:26:22,389 INFO  server.Server (Server.java:doStart(419)) - Started @20443ms
2019-08-08 03:26:22,390 INFO  server.BaseHttpServer (BaseHttpServer.java:updateConnectorAddress(207)) - HTTP server of SCM is listening at http://0.0.0.0:43804
2019-08-08 03:26:22,391 WARN  server.ServerUtils (ServerUtils.java:getDBPath(222)) - ozone.om.db.dirs is not configured. We recommend adding this setting. Falling back to ozone.metadata.dirs instead.
2019-08-08 03:26:22,392 INFO  util.JvmPauseMonitor (JvmPauseMonitor.java:run(188)) - Starting JVM pause monitor
2019-08-08 03:26:22,404 WARN  server.ServerUtils (ServerUtils.java:getDBPath(222)) - ozone.om.db.dirs is not configured. We recommend adding this setting. Falling back to ozone.metadata.dirs instead.
2019-08-08 03:26:22,405 WARN  server.ServerUtils (ServerUtils.java:getDBPath(222)) - ozone.om.db.dirs is not configured. We recommend adding this setting. Falling back to ozone.metadata.dirs instead.
2019-08-08 03:26:22,405 INFO  om.OzoneManager (OzoneManager.java:setOMNodeDetails(644)) - OM Service ID is not set. Setting it to the default ID: omServiceIdDefault
2019-08-08 03:26:22,405 INFO  om.OzoneManager (OzoneManager.java:setOMNodeDetails(650)) - OM Node ID is not set. Setting it to the OmStorage's OmID: 94369151-5a2b-4c10-87af-d6619456dd6c
2019-08-08 03:26:22,406 INFO  om.OzoneManager (OzoneManager.java:loadOMHAConfigs(601)) - Found matching OM address with OMServiceId: null, OMNodeId: null, RPC Address: localhost:0 and Ratis port: 9872
2019-08-08 03:26:22,413 WARN  server.ServerUtils (ServerUtils.java:getDBPath(222)) - ozone.om.db.dirs is not configured. We recommend adding this setting. Falling back to ozone.metadata.dirs instead.
2019-08-08 03:26:22,413 INFO  db.DBStoreBuilder (DBStoreBuilder.java:addTable(110)) - using custom profile for table: userTable
2019-08-08 03:26:22,414 INFO  db.DBStoreBuilder (DBStoreBuilder.java:processTables(161)) - Using default column profile:DBProfile.DISK for Table:userTable
2019-08-08 03:26:22,414 INFO  db.DBStoreBuilder (DBStoreBuilder.java:addTable(110)) - using custom profile for table: volumeTable
2019-08-08 03:26:22,414 INFO  db.DBStoreBuilder (DBStoreBuilder.java:processTables(161)) - Using default column profile:DBProfile.DISK for Table:volumeTable
2019-08-08 03:26:22,414 INFO  db.DBStoreBuilder (DBStoreBuilder.java:addTable(110)) - using custom profile for table: bucketTable
2019-08-08 03:26:22,415 INFO  db.DBStoreBuilder (DBStoreBuilder.java:processTables(161)) - Using default column profile:DBProfile.DISK for Table:bucketTable
2019-08-08 03:26:22,415 INFO  db.DBStoreBuilder (DBStoreBuilder.java:addTable(110)) - using custom profile for table: keyTable
2019-08-08 03:26:22,415 INFO  db.DBStoreBuilder (DBStoreBuilder.java:processTables(161)) - Using default column profile:DBProfile.DISK for Table:keyTable
2019-08-08 03:26:22,415 INFO  db.DBStoreBuilder (DBStoreBuilder.java:addTable(110)) - using custom profile for table: deletedTable
2019-08-08 03:26:22,416 INFO  db.DBStoreBuilder (DBStoreBuilder.java:processTables(161)) - Using default column profile:DBProfile.DISK for Table:deletedTable
2019-08-08 03:26:22,416 INFO  db.DBStoreBuilder (DBStoreBuilder.java:addTable(110)) - using custom profile for table: openKeyTable
2019-08-08 03:26:22,416 INFO  db.DBStoreBuilder (DBStoreBuilder.java:processTables(161)) - Using default column profile:DBProfile.DISK for Table:openKeyTable
2019-08-08 03:26:22,416 INFO  db.DBStoreBuilder (DBStoreBuilder.java:addTable(110)) - using custom profile for table: s3Table
2019-08-08 03:26:22,417 INFO  db.DBStoreBuilder (DBStoreBuilder.java:processTables(161)) - Using default column profile:DBProfile.DISK for Table:s3Table
2019-08-08 03:26:22,417 INFO  db.DBStoreBuilder (DBStoreBuilder.java:addTable(110)) - using custom profile for table: multipartInfoTable
2019-08-08 03:26:22,417 INFO  db.DBStoreBuilder (DBStoreBuilder.java:processTables(161)) - Using default column profile:DBProfile.DISK for Table:multipartInfoTable
2019-08-08 03:26:22,417 INFO  db.DBStoreBuilder (DBStoreBuilder.java:addTable(110)) - using custom profile for table: dTokenTable
2019-08-08 03:26:22,418 INFO  db.DBStoreBuilder (DBStoreBuilder.java:processTables(161)) - Using default column profile:DBProfile.DISK for Table:dTokenTable
2019-08-08 03:26:22,418 INFO  db.DBStoreBuilder (DBStoreBuilder.java:addTable(110)) - using custom profile for table: s3SecretTable
2019-08-08 03:26:22,418 INFO  db.DBStoreBuilder (DBStoreBuilder.java:processTables(161)) - Using default column profile:DBProfile.DISK for Table:s3SecretTable
2019-08-08 03:26:22,418 INFO  db.DBStoreBuilder (DBStoreBuilder.java:addTable(110)) - using custom profile for table: prefixTable
2019-08-08 03:26:22,419 INFO  db.DBStoreBuilder (DBStoreBuilder.java:processTables(161)) - Using default column profile:DBProfile.DISK for Table:prefixTable
2019-08-08 03:26:22,419 INFO  db.DBStoreBuilder (DBStoreBuilder.java:addTable(110)) - using custom profile for table: default
2019-08-08 03:26:22,419 INFO  db.DBStoreBuilder (DBStoreBuilder.java:processTables(167)) - Using default column profile:DBProfile.DISK for Table:default
2019-08-08 03:26:22,419 INFO  db.DBStoreBuilder (DBStoreBuilder.java:getDbProfile(198)) - Using default options. DBProfile.DISK
2019-08-08 03:26:22,727 INFO  ipc.CallQueueManager (CallQueueManager.java:<init>(84)) - Using callQueue: class java.util.concurrent.LinkedBlockingQueue, queueCapacity: 2000, scheduler: class org.apache.hadoop.ipc.DefaultRpcScheduler, ipcBackoff: false.
2019-08-08 03:26:22,728 INFO  ipc.Server (Server.java:run(1074)) - Starting Socket Reader #1 for port 34511
2019-08-08 03:26:22,745 INFO  om.OzoneManager (OzoneManager.java:start(1255)) - OzoneManager RPC server is listening at localhost/127.0.0.1:34511
2019-08-08 03:26:22,745 INFO  impl.MetricsSystemImpl (MetricsSystemImpl.java:init(158)) - OzoneManager metrics system started (again)
2019-08-08 03:26:22,746 INFO  ipc.Server (Server.java:run(1314)) - IPC Server Responder: starting
2019-08-08 03:26:22,746 INFO  ipc.Server (Server.java:run(1153)) - IPC Server listener on 34511: starting
2019-08-08 03:26:22,751 INFO  hdfs.DFSUtil (DFSUtil.java:httpServerTemplateForNNAndJN(1641)) - Starting Web-server for ozoneManager at: http://0.0.0.0:0
2019-08-08 03:26:22,754 INFO  server.AuthenticationFilter (AuthenticationFilter.java:constructSecretProvider(240)) - Unable to initialize FileSignerSecretProvider, falling back to use random secrets.
2019-08-08 03:26:22,754 WARN  http.HttpRequestLog (HttpRequestLog.java:getRequestLog(97)) - Jetty request log can only be enabled using Log4j
2019-08-08 03:26:22,757 INFO  http.HttpServer2 (HttpServer2.java:addGlobalFilter(975)) - Added global filter 'safety' (class=org.apache.hadoop.http.HttpServer2$QuotingInputFilter)
2019-08-08 03:26:22,758 INFO  http.HttpServer2 (HttpServer2.java:addFilter(948)) - Added filter static_user_filter (class=org.apache.hadoop.http.lib.StaticUserWebFilter$StaticUserFilter) to context ozoneManager
2019-08-08 03:26:22,759 INFO  http.HttpServer2 (HttpServer2.java:addFilter(958)) - Added filter static_user_filter (class=org.apache.hadoop.http.lib.StaticUserWebFilter$StaticUserFilter) to context logs
2019-08-08 03:26:22,759 INFO  http.HttpServer2 (HttpServer2.java:addFilter(958)) - Added filter static_user_filter (class=org.apache.hadoop.http.lib.StaticUserWebFilter$StaticUserFilter) to context static
2019-08-08 03:26:22,760 INFO  http.HttpServer2 (HttpServer2.java:bindListener(1191)) - Jetty bound to port 34139
2019-08-08 03:26:22,760 INFO  server.Server (Server.java:doStart(351)) - jetty-9.3.24.v20180605, build timestamp: 2018-06-05T17:11:56Z, git hash: 84205aa28f11a4f31f2a3b86d1bba2cc8ab69827
2019-08-08 03:26:22,763 INFO  handler.ContextHandler (ContextHandler.java:doStart(781)) - Started o.e.j.s.ServletContextHandler@50af414c{/logs,file:///workdir/hadoop-ozone/integration-test/target/log,AVAILABLE}
2019-08-08 03:26:22,764 INFO  handler.ContextHandler (ContextHandler.java:doStart(781)) - Started o.e.j.s.ServletContextHandler@73d06c48{/static,file:///workdir/hadoop-ozone/integration-test/target/test-classes/webapps/static,AVAILABLE}
2019-08-08 03:26:22,771 INFO  handler.ContextHandler (ContextHandler.java:doStart(781)) - Started o.e.j.w.WebAppContext@6a4b07c2{/,file:///workdir/hadoop-ozone/integration-test/target/test-classes/webapps/ozoneManager/,AVAILABLE}{/ozoneManager}
2019-08-08 03:26:22,772 INFO  server.AbstractConnector (AbstractConnector.java:doStart(278)) - Started ServerConnector@7f93fb5{HTTP/1.1,[http/1.1]}{0.0.0.0:34139}
2019-08-08 03:26:22,773 INFO  server.Server (Server.java:doStart(419)) - Started @20827ms
2019-08-08 03:26:22,774 INFO  server.BaseHttpServer (BaseHttpServer.java:updateConnectorAddress(207)) - HTTP server of OZONEMANAGER is listening at http://0.0.0.0:34139
2019-08-08 03:26:22,779 INFO  impl.MetricsSystemImpl (MetricsSystemImpl.java:init(158)) - HddsDatanode metrics system started (again)
2019-08-08 03:26:22,781 INFO  ozone.HddsDatanodeService (HddsDatanodeService.java:start(184)) - HddsDatanodeService host:byscane-nightly-5b87q-1102612012 ip:192.168.5.133
2019-08-08 03:26:22,790 INFO  volume.HddsVolume (HddsVolume.java:<init>(176)) - Creating Volume: /workdir/hadoop-ozone/integration-test/target/test-dir/MiniOzoneClusterImpl-72477842-54a4-4367-af5d-edee64db336e/datanode-0/data/containers/hdds of  storage type : DISK and capacity : 52710309888
2019-08-08 03:26:22,791 INFO  volume.VolumeSet (VolumeSet.java:initializeVolumeSet(170)) - Added Volume : /workdir/hadoop-ozone/integration-test/target/test-dir/MiniOzoneClusterImpl-72477842-54a4-4367-af5d-edee64db336e/datanode-0/data/containers/hdds to VolumeSet
2019-08-08 03:26:22,792 INFO  volume.ThrottledAsyncChecker (ThrottledAsyncChecker.java:schedule(140)) - Scheduling a check for org.apache.hadoop.ozone.container.common.volume.HddsVolume@723bd57e
2019-08-08 03:26:22,793 INFO  volume.HddsVolumeChecker (HddsVolumeChecker.java:checkAllVolumes(203)) - Scheduled health check for volume org.apache.hadoop.ozone.container.common.volume.HddsVolume@723bd57e
2019-08-08 03:26:22,819 INFO  impl.RaftServerProxy (ConfUtils.java:logGet(43)) - raft.rpc.type = GRPC (default)
2019-08-08 03:26:22,819 INFO  grpc.GrpcFactory (GrpcFactory.java:checkPooledByteBufAllocatorUseCacheForAllThreads(45)) - PERFORMANCE WARNING: useCacheForAllThreads is true that may cause Netty to create a lot garbage objects and, as a result, trigger GC.
	It is recommended to disable useCacheForAllThreads by setting -Dorg.apache.ratis.thirdparty.io.netty.allocator.useCacheForAllThreads=false in command line.
2019-08-08 03:26:22,820 INFO  grpc.GrpcConfigKeys$Server (ConfUtils.java:logGet(43)) - raft.grpc.server.port = 0 (default)
2019-08-08 03:26:22,821 INFO  server.GrpcService (ConfUtils.java:logGet(43)) - raft.grpc.message.size.max = 33570816 (custom)
2019-08-08 03:26:22,821 INFO  server.RaftServerConfigKeys (ConfUtils.java:logGet(43)) - raft.server.log.appender.buffer.byte-limit = 33554432 (custom)
2019-08-08 03:26:22,821 INFO  server.GrpcService (ConfUtils.java:logGet(43)) - raft.grpc.flow.control.window = 1MB (=1048576) (default)
2019-08-08 03:26:22,821 INFO  server.RaftServerConfigKeys (ConfUtils.java:logGet(43)) - raft.server.rpc.request.timeout = 3000ms (default)
2019-08-08 03:26:22,822 INFO  server.RaftServerConfigKeys (ConfUtils.java:logGet(43)) - raft.server.storage.dir = [/workdir/hadoop-ozone/integration-test/target/test-dir/MiniOzoneClusterImpl-72477842-54a4-4367-af5d-edee64db336e/datanode-0/data/ratis] (custom)
2019-08-08 03:26:22,823 INFO  replication.SimpleContainerDownloader (SimpleContainerDownloader.java:<init>(72)) - Starting container downloader service to copy containers to replicate.
2019-08-08 03:26:22,825 INFO  hdfs.DFSUtil (DFSUtil.java:httpServerTemplateForNNAndJN(1641)) - Starting Web-server for hddsDatanode at: http://0.0.0.0:0
2019-08-08 03:26:22,827 INFO  server.AuthenticationFilter (AuthenticationFilter.java:constructSecretProvider(240)) - Unable to initialize FileSignerSecretProvider, falling back to use random secrets.
2019-08-08 03:26:22,827 WARN  http.HttpRequestLog (HttpRequestLog.java:getRequestLog(97)) - Jetty request log can only be enabled using Log4j
2019-08-08 03:26:22,830 INFO  http.HttpServer2 (HttpServer2.java:addGlobalFilter(975)) - Added global filter 'safety' (class=org.apache.hadoop.http.HttpServer2$QuotingInputFilter)
2019-08-08 03:26:22,831 INFO  http.HttpServer2 (HttpServer2.java:addFilter(948)) - Added filter static_user_filter (class=org.apache.hadoop.http.lib.StaticUserWebFilter$StaticUserFilter) to context hddsDatanode
2019-08-08 03:26:22,831 INFO  http.HttpServer2 (HttpServer2.java:addFilter(958)) - Added filter static_user_filter (class=org.apache.hadoop.http.lib.StaticUserWebFilter$StaticUserFilter) to context logs
2019-08-08 03:26:22,831 INFO  http.HttpServer2 (HttpServer2.java:addFilter(958)) - Added filter static_user_filter (class=org.apache.hadoop.http.lib.StaticUserWebFilter$StaticUserFilter) to context static
2019-08-08 03:26:22,832 INFO  http.HttpServer2 (HttpServer2.java:bindListener(1191)) - Jetty bound to port 37100
2019-08-08 03:26:22,832 INFO  server.Server (Server.java:doStart(351)) - jetty-9.3.24.v20180605, build timestamp: 2018-06-05T17:11:56Z, git hash: 84205aa28f11a4f31f2a3b86d1bba2cc8ab69827
2019-08-08 03:26:22,836 INFO  handler.ContextHandler (ContextHandler.java:doStart(781)) - Started o.e.j.s.ServletContextHandler@7b178bbf{/logs,file:///workdir/hadoop-ozone/integration-test/target/log,AVAILABLE}
2019-08-08 03:26:22,836 INFO  handler.ContextHandler (ContextHandler.java:doStart(781)) - Started o.e.j.s.ServletContextHandler@9b7cdb8{/static,jar:file:/home/user/.m2/repository/org/apache/hadoop/hadoop-hdds-container-service/0.4.1-SNAPSHOT/hadoop-hdds-container-service-0.4.1-SNAPSHOT.jar!/webapps/static,AVAILABLE}
2019-08-08 03:26:22,873 INFO  handler.ContextHandler (ContextHandler.java:doStart(781)) - Started o.e.j.w.WebAppContext@26f57e34{/,file:///tmp/jetty-0.0.0.0-37100-hddsDatanode-_-any-7337884897087326990.dir/webapp/,AVAILABLE}{/hddsDatanode}
2019-08-08 03:26:22,874 INFO  server.AbstractConnector (AbstractConnector.java:doStart(278)) - Started ServerConnector@88d184{HTTP/1.1,[http/1.1]}{0.0.0.0:37100}
2019-08-08 03:26:22,874 INFO  server.Server (Server.java:doStart(419)) - Started @20928ms
2019-08-08 03:26:22,875 INFO  server.BaseHttpServer (BaseHttpServer.java:updateConnectorAddress(207)) - HTTP server of HDDSDATANODE is listening at http://0.0.0.0:37100
2019-08-08 03:26:23,047 INFO  ozone.HddsDatanodeService (HddsDatanodeService.java:startPlugins(395)) - Started plug-in org.apache.hadoop.ozone.web.OzoneHddsDatanodeService@39355fd9
2019-08-08 03:26:23,047 INFO  ozone.MiniOzoneClusterImpl (MiniOzoneClusterImpl.java:lambda$waitForClusterToBeReady$0(142)) - Waiting for cluster to be ready. Got 0 of 1 DN Heartbeats.
2019-08-08 03:26:23,050 INFO  util.JvmPauseMonitor (JvmPauseMonitor.java:run(188)) - Starting JVM pause monitor
2019-08-08 03:26:23,056 INFO  datanode.InitDatanodeState (InitDatanodeState.java:persistContainerDatanodeDetails(140)) - DatanodeDetails is persisted to /workdir/hadoop-ozone/integration-test/target/test-dir/MiniOzoneClusterImpl-72477842-54a4-4367-af5d-edee64db336e/datanode-0/meta/datanode.id
2019-08-08 03:26:24,049 INFO  ozone.MiniOzoneClusterImpl (MiniOzoneClusterImpl.java:lambda$waitForClusterToBeReady$0(142)) - Waiting for cluster to be ready. Got 0 of 1 DN Heartbeats.
2019-08-08 03:26:25,049 INFO  ozone.MiniOzoneClusterImpl (MiniOzoneClusterImpl.java:lambda$waitForClusterToBeReady$0(142)) - Waiting for cluster to be ready. Got 0 of 1 DN Heartbeats.
2019-08-08 03:26:25,063 INFO  ozoneimpl.OzoneContainer (OzoneContainer.java:start(186)) - Attempting to start container services.
2019-08-08 03:26:25,064 INFO  ozoneimpl.OzoneContainer (OzoneContainer.java:startContainerScrub(160)) - Background container scrubber has been disabled by hdds.containerscrub.enabled
2019-08-08 03:26:25,064 INFO  ratis.XceiverServerRatis (XceiverServerRatis.java:start(404)) - Starting XceiverServerRatis 4055b6fc-8aa5-4214-9af0-6c748468425c at port 0
2019-08-08 03:26:25,074 INFO  impl.RaftServerProxy (RaftServerProxy.java:lambda$start$3(299)) - 4055b6fc-8aa5-4214-9af0-6c748468425c: start RPC server
2019-08-08 03:26:25,077 INFO  server.GrpcService (GrpcService.java:startImpl(149)) - 4055b6fc-8aa5-4214-9af0-6c748468425c: GrpcService started, listening on 0.0.0.0/0.0.0.0:38845
2019-08-08 03:26:25,078 INFO  ratis.XceiverServerRatis (XceiverServerRatis.java:start(414)) - XceiverServerRatis 4055b6fc-8aa5-4214-9af0-6c748468425c is started using port 38845
2019-08-08 03:26:25,079 INFO  server.XceiverServerGrpc (XceiverServerGrpc.java:start(161)) - XceiverServerGrpc 4055b6fc-8aa5-4214-9af0-6c748468425c is started using port 43763
2019-08-08 03:26:26,050 INFO  ozone.MiniOzoneClusterImpl (MiniOzoneClusterImpl.java:lambda$waitForClusterToBeReady$0(142)) - Waiting for cluster to be ready. Got 0 of 1 DN Heartbeats.
2019-08-08 03:26:27,051 INFO  ozone.MiniOzoneClusterImpl (MiniOzoneClusterImpl.java:lambda$waitForClusterToBeReady$0(142)) - Waiting for cluster to be ready. Got 0 of 1 DN Heartbeats.
2019-08-08 03:26:27,053 INFO  net.NetworkTopology (NetworkTopologyImpl.java:add(110)) - Added a new node: /default-rack/4055b6fc-8aa5-4214-9af0-6c748468425c
2019-08-08 03:26:27,055 INFO  node.SCMNodeManager (SCMNodeManager.java:register(273)) - Registered Data node : 4055b6fc-8aa5-4214-9af0-6c748468425c{ip: 192.168.5.133, host: byscane-nightly-5b87q-1102612012, networkLocation: /default-rack, certSerialId: null}
2019-08-08 03:26:27,057 INFO  safemode.SCMSafeModeManager (DataNodeSafeModeRule.java:process(71)) - SCM in safe mode. 1 DataNodes registered, 1 required.
2019-08-08 03:26:27,058 INFO  safemode.SCMSafeModeManager (SCMSafeModeManager.java:validateSafeModeExitRules(177)) - ScmSafeModeManager, all rules are successfully validated
2019-08-08 03:26:27,058 INFO  safemode.SCMSafeModeManager (SCMSafeModeManager.java:exitSafeMode(193)) - SCM exiting safe mode.
2019-08-08 03:26:27,073 INFO  impl.RaftServerProxy (RaftServerProxy.java:addNew(89)) - 4055b6fc-8aa5-4214-9af0-6c748468425c: addNew group-D24ACAFB58C8:[4055b6fc-8aa5-4214-9af0-6c748468425c:192.168.5.133:38845] returns group-D24ACAFB58C8:java.util.concurrent.CompletableFuture@7959ca88[Not completed]
2019-08-08 03:26:27,075 INFO  impl.RaftServerImpl (RaftServerImpl.java:<init>(93)) - 4055b6fc-8aa5-4214-9af0-6c748468425c: new RaftServerImpl for group-D24ACAFB58C8:[4055b6fc-8aa5-4214-9af0-6c748468425c:192.168.5.133:38845] with ContainerStateMachine:uninitialized
2019-08-08 03:26:27,076 INFO  server.RaftServerConfigKeys (ConfUtils.java:logGet(43)) - raft.server.rpc.timeout.min = 5s (custom)
2019-08-08 03:26:27,077 INFO  server.RaftServerConfigKeys (ConfUtils.java:logGet(43)) - raft.server.rpc.timeout.max = 5200ms (custom)
2019-08-08 03:26:27,077 INFO  server.RaftServerConfigKeys (ConfUtils.java:logGet(43)) - raft.server.rpcslowness.timeout = 120s (custom)
2019-08-08 03:26:27,077 INFO  server.RaftServerConfigKeys (ConfUtils.java:logGet(43)) - raft.server.sleep.deviation.threshold = 300 (default)
2019-08-08 03:26:27,077 INFO  server.RaftServerConfigKeys (ConfUtils.java:logGet(43)) - raft.server.log.appender.install.snapshot.enabled = false (custom)
2019-08-08 03:26:27,077 INFO  impl.RaftServerImpl (ServerState.java:<init>(105)) - 4055b6fc-8aa5-4214-9af0-6c748468425c:group-D24ACAFB58C8 ConfigurationManager, init=-1: [4055b6fc-8aa5-4214-9af0-6c748468425c:192.168.5.133:38845], old=null, confs=<EMPTY_MAP>
2019-08-08 03:26:27,078 INFO  server.RaftServerConfigKeys (ConfUtils.java:logGet(43)) - raft.server.storage.dir = [/workdir/hadoop-ozone/integration-test/target/test-dir/MiniOzoneClusterImpl-72477842-54a4-4367-af5d-edee64db336e/datanode-0/data/ratis] (custom)
2019-08-08 03:26:27,078 INFO  storage.RaftStorageDirectory (RaftStorageDirectory.java:analyzeStorage(246)) - The storage directory /workdir/hadoop-ozone/integration-test/target/test-dir/MiniOzoneClusterImpl-72477842-54a4-4367-af5d-edee64db336e/datanode-0/data/ratis/d33ef4d7-d6d8-4601-9913-d24acafb58c8 does not exist. Creating ...
2019-08-08 03:26:27,094 INFO  storage.RaftStorageDirectory (RaftStorageDirectory.java:tryLock(328)) - Lock on /workdir/hadoop-ozone/integration-test/target/test-dir/MiniOzoneClusterImpl-72477842-54a4-4367-af5d-edee64db336e/datanode-0/data/ratis/d33ef4d7-d6d8-4601-9913-d24acafb58c8/in_use.lock acquired by nodename 24306@byscane-nightly-5b87q-1102612012
2019-08-08 03:26:27,099 INFO  storage.RaftStorage (RaftStorage.java:format(72)) - Storage directory /workdir/hadoop-ozone/integration-test/target/test-dir/MiniOzoneClusterImpl-72477842-54a4-4367-af5d-edee64db336e/datanode-0/data/ratis/d33ef4d7-d6d8-4601-9913-d24acafb58c8 has been successfully formatted.
2019-08-08 03:26:27,099 INFO  ratis.ContainerStateMachine (ContainerStateMachine.java:loadSnapshot(213)) - group-D24ACAFB58C8: The snapshot info is null. Setting the last applied indexto:(t:0, i:~)
2019-08-08 03:26:27,099 INFO  server.RaftServerConfigKeys (ConfUtils.java:logGet(43)) - raft.server.leader.election.timeout = 120s (custom)
2019-08-08 03:26:27,100 INFO  server.RaftServerConfigKeys (ConfUtils.java:logGet(43)) - raft.server.log.use.memory = false (default)
2019-08-08 03:26:27,100 INFO  server.RaftServerConfigKeys (ConfUtils.java:logGet(43)) - raft.server.log.purge.gap = 1000000000 (custom)
2019-08-08 03:26:27,100 INFO  server.RaftServerConfigKeys (ConfUtils.java:logGet(43)) - raft.server.log.appender.buffer.byte-limit = 33554432 (custom)
2019-08-08 03:26:27,100 INFO  server.RaftServerConfigKeys (ConfUtils.java:logGet(43)) - raft.server.log.segment.size.max = 1048576 (custom)
2019-08-08 03:26:27,100 INFO  server.RaftServerConfigKeys (ConfUtils.java:logGet(43)) - raft.server.log.segment.cache.num.max = 2 (custom)
2019-08-08 03:26:27,101 INFO  segmented.SegmentedRaftLogWorker (SegmentedRaftLogWorker.java:<init>(172)) - new 4055b6fc-8aa5-4214-9af0-6c748468425c-SegmentedRaftLogWorker:Storage Directory /workdir/hadoop-ozone/integration-test/target/test-dir/MiniOzoneClusterImpl-72477842-54a4-4367-af5d-edee64db336e/datanode-0/data/ratis/d33ef4d7-d6d8-4601-9913-d24acafb58c8 for RaftStorage:Storage Directory /workdir/hadoop-ozone/integration-test/target/test-dir/MiniOzoneClusterImpl-72477842-54a4-4367-af5d-edee64db336e/datanode-0/data/ratis/d33ef4d7-d6d8-4601-9913-d24acafb58c8
2019-08-08 03:26:27,101 INFO  server.RaftServerConfigKeys (ConfUtils.java:logGet(43)) - raft.server.log.queue.byte-limit = 2147483647 (custom)
2019-08-08 03:26:27,101 INFO  server.RaftServerConfigKeys (ConfUtils.java:logGet(43)) - raft.server.log.queue.element-limit = 1024 (custom)
2019-08-08 03:26:27,102 INFO  server.RaftServerConfigKeys (ConfUtils.java:logGet(43)) - raft.server.log.segment.size.max = 1048576 (custom)
2019-08-08 03:26:27,102 INFO  server.RaftServerConfigKeys (ConfUtils.java:logGet(43)) - raft.server.log.preallocated.size = 16384 (custom)
2019-08-08 03:26:27,102 INFO  server.RaftServerConfigKeys (ConfUtils.java:logGet(43)) - raft.server.log.write.buffer.size = 33554432 (custom)
2019-08-08 03:26:27,102 INFO  server.RaftServerConfigKeys (ConfUtils.java:logGet(43)) - raft.server.log.force.sync.num = 128 (default)
2019-08-08 03:26:27,102 INFO  server.RaftServerConfigKeys (ConfUtils.java:logGet(43)) - raft.server.log.statemachine.data.sync = true (default)
2019-08-08 03:26:27,103 INFO  server.RaftServerConfigKeys (ConfUtils.java:logGet(43)) - raft.server.log.statemachine.data.sync.timeout = 10s (default)
2019-08-08 03:26:27,103 INFO  server.RaftServerConfigKeys (ConfUtils.java:logGet(43)) - raft.server.log.statemachine.data.sync.timeout.retry = -1 (default)
2019-08-08 03:26:27,103 INFO  server.RaftServerConfigKeys (ConfUtils.java:logGet(43)) - raft.server.log.statemachine.data.caching.enabled = true (custom)
2019-08-08 03:26:27,104 INFO  segmented.SegmentedRaftLogWorker (SegmentedRaftLogWorker.java:lambda$new$0(132)) - 4055b6fc-8aa5-4214-9af0-6c748468425c-SegmentedRaftLogWorker:Storage Directory /workdir/hadoop-ozone/integration-test/target/test-dir/MiniOzoneClusterImpl-72477842-54a4-4367-af5d-edee64db336e/datanode-0/data/ratis/d33ef4d7-d6d8-4601-9913-d24acafb58c8: flushIndex: setUnconditionally 0 -> -1
2019-08-08 03:26:27,104 INFO  server.RaftServerConfigKeys (ConfUtils.java:logGet(43)) - raft.server.snapshot.auto.trigger.enabled = true (custom)
2019-08-08 03:26:27,104 INFO  server.RaftServerConfigKeys (ConfUtils.java:logGet(43)) - raft.server.snapshot.auto.trigger.threshold = 10000 (custom)
2019-08-08 03:26:27,104 INFO  server.RaftServerConfigKeys (ConfUtils.java:logGet(43)) - raft.server.retrycache.expirytime = 600000ms (custom)
2019-08-08 03:26:27,105 INFO  impl.RaftServerImpl (RaftServerImpl.java:start(180)) - 4055b6fc-8aa5-4214-9af0-6c748468425c: start group-D24ACAFB58C8
2019-08-08 03:26:27,105 INFO  impl.RaftServerImpl (RaftServerImpl.java:setRole(171)) - 4055b6fc-8aa5-4214-9af0-6c748468425c:group-D24ACAFB58C8 changes role from null to FOLLOWER at term 0 for startAsFollower
2019-08-08 03:26:27,105 INFO  impl.RoleInfo (RoleInfo.java:updateAndGet(143)) - 4055b6fc-8aa5-4214-9af0-6c748468425c: start FollowerState
2019-08-08 03:26:27,106 INFO  util.JmxRegister (JmxRegister.java:tryRegister(44)) - Successfully registered JMX Bean with object name Ratis:service=RaftServer,group=group-D24ACAFB58C8,id=4055b6fc-8aa5-4214-9af0-6c748468425c
2019-08-08 03:26:27,115 INFO  pipeline.PipelineStateManager (PipelineStateManager.java:addPipeline(56)) - Created pipeline Pipeline[ Id: d33ef4d7-d6d8-4601-9913-d24acafb58c8, Nodes: 4055b6fc-8aa5-4214-9af0-6c748468425c{ip: 192.168.5.133, host: byscane-nightly-5b87q-1102612012, networkLocation: /default-rack, certSerialId: null}, Type:RATIS, Factor:ONE, State:OPEN]
2019-08-08 03:26:28,051 INFO  ozone.MiniOzoneClusterImpl (MiniOzoneClusterImpl.java:lambda$waitForClusterToBeReady$0(142)) - Cluster is ready. Got 1 of 1 DN Heartbeats.
2019-08-08 03:26:28,213 INFO  pipeline.PipelineStateManager (PipelineStateManager.java:addPipeline(56)) - Created pipeline Pipeline[ Id: 25901505-1f97-43d8-840c-e6190cc23f5a, Nodes: 4055b6fc-8aa5-4214-9af0-6c748468425c{ip: 192.168.5.133, host: byscane-nightly-5b87q-1102612012, networkLocation: /default-rack, certSerialId: null}, Type:STAND_ALONE, Factor:ONE, State:OPEN]
2019-08-08 03:26:28,837 INFO  keyvalue.KeyValueHandler (ContainerUtils.java:logAndReturnError(146)) - Operation: CreateContainer : Trace ID: 429d5b97b75abf38:429d5b97b75abf38:0:0 : Message: Container creation failed, due to disk out of space : Result: DISK_OUT_OF_SPACE
03:26:28.838 [grpc-default-executor-0] ERROR DNAudit - user=null | ip=null | op=WRITE_CHUNK {blockData=conID: 6 locID: 102579227114405909 bcsId: 0} | ret=FAILURE
org.apache.hadoop.hdds.scm.container.common.helpers.StorageContainerException: ContainerID 6 creation failed
	at org.apache.hadoop.ozone.container.common.impl.HddsDispatcher.dispatchRequest(HddsDispatcher.java:227) [hadoop-hdds-container-service-0.4.1-SNAPSHOT.jar:?]
	at org.apache.hadoop.ozone.container.common.impl.HddsDispatcher.dispatch(HddsDispatcher.java:148) [hadoop-hdds-container-service-0.4.1-SNAPSHOT.jar:?]
	at org.apache.hadoop.ozone.container.common.transport.server.GrpcXceiverService$1.onNext(GrpcXceiverService.java:73) [hadoop-hdds-container-service-0.4.1-SNAPSHOT.jar:?]
	at org.apache.hadoop.ozone.container.common.transport.server.GrpcXceiverService$1.onNext(GrpcXceiverService.java:61) [hadoop-hdds-container-service-0.4.1-SNAPSHOT.jar:?]
	at org.apache.ratis.thirdparty.io.grpc.stub.ServerCalls$StreamingServerCallHandler$StreamingServerCallListener.onMessage(ServerCalls.java:248) [ratis-thirdparty-misc-0.2.0.jar:0.2.0]
	at org.apache.ratis.thirdparty.io.grpc.ForwardingServerCallListener.onMessage(ForwardingServerCallListener.java:33) [ratis-thirdparty-misc-0.2.0.jar:0.2.0]
	at org.apache.ratis.thirdparty.io.grpc.Contexts$ContextualizedServerCallListener.onMessage(Contexts.java:76) [ratis-thirdparty-misc-0.2.0.jar:0.2.0]
	at org.apache.ratis.thirdparty.io.grpc.ForwardingServerCallListener.onMessage(ForwardingServerCallListener.java:33) [ratis-thirdparty-misc-0.2.0.jar:0.2.0]
	at org.apache.hadoop.hdds.tracing.GrpcServerInterceptor$1.onMessage(GrpcServerInterceptor.java:46) [hadoop-hdds-common-0.4.1-SNAPSHOT.jar:?]
	at org.apache.ratis.thirdparty.io.grpc.internal.ServerCallImpl$ServerStreamListenerImpl.messagesAvailable(ServerCallImpl.java:263) [ratis-thirdparty-misc-0.2.0.jar:0.2.0]
	at org.apache.ratis.thirdparty.io.grpc.internal.ServerImpl$JumpToApplicationThreadServerStreamListener$1MessagesAvailable.runInContext(ServerImpl.java:686) [ratis-thirdparty-misc-0.2.0.jar:0.2.0]
	at org.apache.ratis.thirdparty.io.grpc.internal.ContextRunnable.run(ContextRunnable.java:37) [ratis-thirdparty-misc-0.2.0.jar:0.2.0]
	at org.apache.ratis.thirdparty.io.grpc.internal.SerializingExecutor.run(SerializingExecutor.java:123) [ratis-thirdparty-misc-0.2.0.jar:0.2.0]
	at java.util.concurrent.ThreadPoolExecutor.runWorker(ThreadPoolExecutor.java:1149) [?:1.8.0_212]
	at java.util.concurrent.ThreadPoolExecutor$Worker.run(ThreadPoolExecutor.java:624) [?:1.8.0_212]
	at java.lang.Thread.run(Thread.java:748) [?:1.8.0_212]
2019-08-08 03:26:28,849 INFO  impl.HddsDispatcher (ContainerUtils.java:logAndReturnError(146)) - Operation: WriteChunk : Trace ID: 429d5b97b75abf38:429d5b97b75abf38:0:0 : Message: ContainerID 6 creation failed : Result: DISK_OUT_OF_SPACE
2019-08-08 03:26:28,852 ERROR storage.BlockOutputStream (BlockOutputStream.java:validateResponse(531)) - Unexpected Storage Container Exception: 
org.apache.hadoop.hdds.scm.container.common.helpers.StorageContainerException: ContainerID 6 creation failed
	at org.apache.hadoop.hdds.scm.storage.ContainerProtocolCalls.validateContainerResponse(ContainerProtocolCalls.java:536)
	at org.apache.hadoop.hdds.scm.storage.BlockOutputStream.validateResponse(BlockOutputStream.java:529)
	at org.apache.hadoop.hdds.scm.storage.BlockOutputStream.lambda$writeChunkToContainer$2(BlockOutputStream.java:606)
	at java.util.concurrent.CompletableFuture.uniApply(CompletableFuture.java:602)
	at java.util.concurrent.CompletableFuture$UniApply.tryFire(CompletableFuture.java:577)
	at java.util.concurrent.CompletableFuture$Completion.run(CompletableFuture.java:442)
	at java.util.concurrent.ThreadPoolExecutor.runWorker(ThreadPoolExecutor.java:1149)
	at java.util.concurrent.ThreadPoolExecutor$Worker.run(ThreadPoolExecutor.java:624)
	at java.lang.Thread.run(Thread.java:748)
03:26:28.854 [grpc-default-executor-0] ERROR DNAudit - user=null | ip=null | op=PUT_BLOCK {blockData=[blockId=conID: 6 locID: 102579227114405909 bcsId: 0,size=5]} | ret=FAILURE
org.apache.hadoop.hdds.scm.container.common.helpers.StorageContainerException: ContainerID 6 does not exist
	at org.apache.hadoop.ozone.container.common.impl.HddsDispatcher.dispatchRequest(HddsDispatcher.java:242) [hadoop-hdds-container-service-0.4.1-SNAPSHOT.jar:?]
	at org.apache.hadoop.ozone.container.common.impl.HddsDispatcher.dispatch(HddsDispatcher.java:148) [hadoop-hdds-container-service-0.4.1-SNAPSHOT.jar:?]
	at org.apache.hadoop.ozone.container.common.transport.server.GrpcXceiverService$1.onNext(GrpcXceiverService.java:73) [hadoop-hdds-container-service-0.4.1-SNAPSHOT.jar:?]
	at org.apache.hadoop.ozone.container.common.transport.server.GrpcXceiverService$1.onNext(GrpcXceiverService.java:61) [hadoop-hdds-container-service-0.4.1-SNAPSHOT.jar:?]
	at org.apache.ratis.thirdparty.io.grpc.stub.ServerCalls$StreamingServerCallHandler$StreamingServerCallListener.onMessage(ServerCalls.java:248) [ratis-thirdparty-misc-0.2.0.jar:0.2.0]
	at org.apache.ratis.thirdparty.io.grpc.ForwardingServerCallListener.onMessage(ForwardingServerCallListener.java:33) [ratis-thirdparty-misc-0.2.0.jar:0.2.0]
	at org.apache.ratis.thirdparty.io.grpc.Contexts$ContextualizedServerCallListener.onMessage(Contexts.java:76) [ratis-thirdparty-misc-0.2.0.jar:0.2.0]
	at org.apache.ratis.thirdparty.io.grpc.ForwardingServerCallListener.onMessage(ForwardingServerCallListener.java:33) [ratis-thirdparty-misc-0.2.0.jar:0.2.0]
	at org.apache.hadoop.hdds.tracing.GrpcServerInterceptor$1.onMessage(GrpcServerInterceptor.java:46) [hadoop-hdds-common-0.4.1-SNAPSHOT.jar:?]
	at org.apache.ratis.thirdparty.io.grpc.internal.ServerCallImpl$ServerStreamListenerImpl.messagesAvailable(ServerCallImpl.java:263) [ratis-thirdparty-misc-0.2.0.jar:0.2.0]
	at org.apache.ratis.thirdparty.io.grpc.internal.ServerImpl$JumpToApplicationThreadServerStreamListener$1MessagesAvailable.runInContext(ServerImpl.java:686) [ratis-thirdparty-misc-0.2.0.jar:0.2.0]
	at org.apache.ratis.thirdparty.io.grpc.internal.ContextRunnable.run(ContextRunnable.java:37) [ratis-thirdparty-misc-0.2.0.jar:0.2.0]
	at org.apache.ratis.thirdparty.io.grpc.internal.SerializingExecutor.run(SerializingExecutor.java:123) [ratis-thirdparty-misc-0.2.0.jar:0.2.0]
	at java.util.concurrent.ThreadPoolExecutor.runWorker(ThreadPoolExecutor.java:1149) [?:1.8.0_212]
	at java.util.concurrent.ThreadPoolExecutor$Worker.run(ThreadPoolExecutor.java:624) [?:1.8.0_212]
	at java.lang.Thread.run(Thread.java:748) [?:1.8.0_212]
2019-08-08 03:26:28,855 INFO  impl.HddsDispatcher (ContainerUtils.java:logAndReturnError(146)) - Operation: PutBlock : Trace ID: 2eb518ba99ac8241:2eb518ba99ac8241:0:0 : Message: ContainerID 6 does not exist : Result: CONTAINER_NOT_FOUND
]]></system-out>
    <system-err><![CDATA[Aug 08, 2019 3:26:22 AM com.sun.jersey.server.impl.application.WebApplicationImpl _initiate
INFO: Initiating Jersey application, version 'Jersey: 1.19 02/11/2015 03:25 AM'
Aug 08, 2019 3:26:28 AM com.sun.jersey.server.impl.application.WebApplicationImpl _initiate
INFO: Initiating Jersey application, version 'Jersey: 1.19 02/11/2015 03:25 AM'
]]></system-err>
  </testcase>
  <testcase name="testSCMReinitialization" classname="org.apache.hadoop.ozone.TestStorageContainerManager" time="11.186"/>
  <testcase name="testCloseContainerCommandOnRestart" classname="org.apache.hadoop.ozone.TestStorageContainerManager" time="5.77">
    <error message="Unexpected Storage Container Exception: org.apache.hadoop.hdds.scm.container.common.helpers.StorageContainerException: ContainerID 6 creation failed" type="java.io.IOException">java.io.IOException: Unexpected Storage Container Exception: org.apache.hadoop.hdds.scm.container.common.helpers.StorageContainerException: ContainerID 6 creation failed
	at org.apache.hadoop.hdds.scm.storage.BlockOutputStream.setIoException(BlockOutputStream.java:541)
	at org.apache.hadoop.hdds.scm.storage.BlockOutputStream.validateResponse(BlockOutputStream.java:532)
	at org.apache.hadoop.hdds.scm.storage.BlockOutputStream.lambda$writeChunkToContainer$2(BlockOutputStream.java:606)
	at java.util.concurrent.CompletableFuture.uniApply(CompletableFuture.java:602)
	at java.util.concurrent.CompletableFuture$UniApply.tryFire(CompletableFuture.java:577)
	at java.util.concurrent.CompletableFuture$Completion.run(CompletableFuture.java:442)
	at java.util.concurrent.ThreadPoolExecutor.runWorker(ThreadPoolExecutor.java:1149)
	at java.util.concurrent.ThreadPoolExecutor$Worker.run(ThreadPoolExecutor.java:624)
	at java.lang.Thread.run(Thread.java:748)
Caused by: org.apache.hadoop.hdds.scm.container.common.helpers.StorageContainerException: ContainerID 6 creation failed
	at org.apache.hadoop.hdds.scm.storage.ContainerProtocolCalls.validateContainerResponse(ContainerProtocolCalls.java:536)
	at org.apache.hadoop.hdds.scm.storage.BlockOutputStream.validateResponse(BlockOutputStream.java:529)
	... 7 more
</error>
    <system-out><![CDATA[2019-08-08 03:26:40,095 WARN  server.ServerUtils (ServerUtils.java:getScmDbDir(145)) - ozone.scm.db.dirs is not configured. We recommend adding this setting. Falling back to ozone.metadata.dirs instead.
2019-08-08 03:26:40,110 WARN  server.ServerUtils (ServerUtils.java:getScmDbDir(145)) - ozone.scm.db.dirs is not configured. We recommend adding this setting. Falling back to ozone.metadata.dirs instead.
2019-08-08 03:26:40,110 WARN  server.ServerUtils (ServerUtils.java:getScmDbDir(145)) - ozone.scm.db.dirs is not configured. We recommend adding this setting. Falling back to ozone.metadata.dirs instead.
2019-08-08 03:26:40,111 INFO  db.DBStoreBuilder (DBStoreBuilder.java:addTable(110)) - using custom profile for table: deletedBlocks
2019-08-08 03:26:40,111 INFO  db.DBStoreBuilder (DBStoreBuilder.java:processTables(161)) - Using default column profile:DBProfile.DISK for Table:deletedBlocks
2019-08-08 03:26:40,111 INFO  db.DBStoreBuilder (DBStoreBuilder.java:addTable(110)) - using custom profile for table: validCerts
2019-08-08 03:26:40,111 INFO  db.DBStoreBuilder (DBStoreBuilder.java:processTables(161)) - Using default column profile:DBProfile.DISK for Table:validCerts
2019-08-08 03:26:40,112 INFO  db.DBStoreBuilder (DBStoreBuilder.java:addTable(110)) - using custom profile for table: revokedCerts
2019-08-08 03:26:40,112 INFO  db.DBStoreBuilder (DBStoreBuilder.java:processTables(161)) - Using default column profile:DBProfile.DISK for Table:revokedCerts
2019-08-08 03:26:40,112 INFO  db.DBStoreBuilder (DBStoreBuilder.java:addTable(110)) - using custom profile for table: default
2019-08-08 03:26:40,112 INFO  db.DBStoreBuilder (DBStoreBuilder.java:processTables(167)) - Using default column profile:DBProfile.DISK for Table:default
2019-08-08 03:26:40,112 INFO  db.DBStoreBuilder (DBStoreBuilder.java:getDbProfile(198)) - Using default options. DBProfile.DISK
2019-08-08 03:26:40,219 INFO  net.NodeSchemaLoader (NodeSchemaLoader.java:loadSchemaFromFile(125)) - Loading file from sun.misc.CompoundEnumeration@641bd0b
2019-08-08 03:26:40,219 INFO  net.NodeSchemaLoader (NodeSchemaLoader.java:loadSchema(171)) - Loading network topology layer schema file
2019-08-08 03:26:40,226 INFO  node.SCMNodeManager (SCMNodeManager.java:<init>(121)) - Entering startup safe mode.
2019-08-08 03:26:40,227 WARN  server.ServerUtils (ServerUtils.java:getScmDbDir(145)) - ozone.scm.db.dirs is not configured. We recommend adding this setting. Falling back to ozone.metadata.dirs instead.
2019-08-08 03:26:40,262 INFO  pipeline.SCMPipelineManager (SCMPipelineManager.java:initializePipelineState(126)) - No pipeline exists in current db
2019-08-08 03:26:40,262 WARN  server.ServerUtils (ServerUtils.java:getScmDbDir(145)) - ozone.scm.db.dirs is not configured. We recommend adding this setting. Falling back to ozone.metadata.dirs instead.
2019-08-08 03:26:40,292 WARN  events.EventQueue (EventQueue.java:fireEvent(175)) - No event handler registered for event TypedEvent{payloadType=SafeModeStatus, name='SafeModeStatus'}
2019-08-08 03:26:40,293 INFO  ipc.CallQueueManager (CallQueueManager.java:<init>(84)) - Using callQueue: class java.util.concurrent.LinkedBlockingQueue, queueCapacity: 2000, scheduler: class org.apache.hadoop.ipc.DefaultRpcScheduler, ipcBackoff: false.
2019-08-08 03:26:40,294 INFO  ipc.Server (Server.java:run(1074)) - Starting Socket Reader #1 for port 34675
2019-08-08 03:26:40,298 INFO  ipc.CallQueueManager (CallQueueManager.java:<init>(84)) - Using callQueue: class java.util.concurrent.LinkedBlockingQueue, queueCapacity: 2000, scheduler: class org.apache.hadoop.ipc.DefaultRpcScheduler, ipcBackoff: false.
2019-08-08 03:26:40,299 INFO  ipc.Server (Server.java:run(1074)) - Starting Socket Reader #1 for port 40286
2019-08-08 03:26:40,300 INFO  ipc.CallQueueManager (CallQueueManager.java:<init>(84)) - Using callQueue: class java.util.concurrent.LinkedBlockingQueue, queueCapacity: 2000, scheduler: class org.apache.hadoop.ipc.DefaultRpcScheduler, ipcBackoff: false.
2019-08-08 03:26:40,301 INFO  ipc.Server (Server.java:run(1074)) - Starting Socket Reader #1 for port 36058
2019-08-08 03:26:40,305 INFO  hdfs.DFSUtil (DFSUtil.java:httpServerTemplateForNNAndJN(1641)) - Starting Web-server for scm at: http://0.0.0.0:0
2019-08-08 03:26:40,308 INFO  server.AuthenticationFilter (AuthenticationFilter.java:constructSecretProvider(240)) - Unable to initialize FileSignerSecretProvider, falling back to use random secrets.
2019-08-08 03:26:40,309 WARN  http.HttpRequestLog (HttpRequestLog.java:getRequestLog(97)) - Jetty request log can only be enabled using Log4j
2019-08-08 03:26:40,312 INFO  http.HttpServer2 (HttpServer2.java:addGlobalFilter(975)) - Added global filter 'safety' (class=org.apache.hadoop.http.HttpServer2$QuotingInputFilter)
2019-08-08 03:26:40,313 INFO  http.HttpServer2 (HttpServer2.java:addFilter(948)) - Added filter static_user_filter (class=org.apache.hadoop.http.lib.StaticUserWebFilter$StaticUserFilter) to context scm
2019-08-08 03:26:40,314 INFO  http.HttpServer2 (HttpServer2.java:addFilter(958)) - Added filter static_user_filter (class=org.apache.hadoop.http.lib.StaticUserWebFilter$StaticUserFilter) to context static
2019-08-08 03:26:40,314 INFO  http.HttpServer2 (HttpServer2.java:addFilter(958)) - Added filter static_user_filter (class=org.apache.hadoop.http.lib.StaticUserWebFilter$StaticUserFilter) to context logs
2019-08-08 03:26:40,318 INFO  server.StorageContainerManager (StorageContainerManager.java:start(758)) - StorageContainerLocationProtocol RPC server is listening at /0.0.0.0:36058
2019-08-08 03:26:40,320 WARN  impl.MetricsConfig (MetricsConfig.java:loadFirst(134)) - Cannot locate configuration: tried hadoop-metrics2-storagecontainermanager.properties,hadoop-metrics2.properties
2019-08-08 03:26:40,322 INFO  impl.MetricsSystemImpl (MetricsSystemImpl.java:startTimer(374)) - Scheduled Metric snapshot period at 10 second(s).
2019-08-08 03:26:40,322 INFO  impl.MetricsSystemImpl (MetricsSystemImpl.java:start(191)) - StorageContainerManager metrics system started
2019-08-08 03:26:40,442 INFO  server.SCMClientProtocolServer (SCMClientProtocolServer.java:start(151)) - RPC server for Client  is listening at /0.0.0.0:36058
2019-08-08 03:26:40,442 INFO  ipc.Server (Server.java:run(1314)) - IPC Server Responder: starting
2019-08-08 03:26:40,442 INFO  ipc.Server (Server.java:run(1153)) - IPC Server listener on 36058: starting
2019-08-08 03:26:40,448 INFO  server.StorageContainerManager (StorageContainerManager.java:start(768)) - ScmBlockLocationProtocol RPC server is listening at /0.0.0.0:40286
2019-08-08 03:26:40,448 INFO  server.SCMBlockProtocolServer (SCMBlockProtocolServer.java:start(140)) - RPC server for Block Protocol is listening at /0.0.0.0:40286
2019-08-08 03:26:40,448 INFO  ipc.Server (Server.java:run(1314)) - IPC Server Responder: starting
2019-08-08 03:26:40,448 INFO  ipc.Server (Server.java:run(1153)) - IPC Server listener on 40286: starting
2019-08-08 03:26:40,454 INFO  server.StorageContainerManager (StorageContainerManager.java:start(772)) - ScmDatanodeProtocl RPC server is listening at /0.0.0.0:34675
2019-08-08 03:26:40,454 INFO  server.SCMDatanodeProtocolServer (SCMDatanodeProtocolServer.java:start(191)) - RPC server for DataNodes is listening at /0.0.0.0:34675
2019-08-08 03:26:40,454 INFO  ipc.Server (Server.java:run(1314)) - IPC Server Responder: starting
2019-08-08 03:26:40,454 INFO  ipc.Server (Server.java:run(1153)) - IPC Server listener on 34675: starting
2019-08-08 03:26:40,460 INFO  http.HttpServer2 (HttpServer2.java:bindListener(1191)) - Jetty bound to port 46366
2019-08-08 03:26:40,460 INFO  server.Server (Server.java:doStart(351)) - jetty-9.3.24.v20180605, build timestamp: 2018-06-05T17:11:56Z, git hash: 84205aa28f11a4f31f2a3b86d1bba2cc8ab69827
2019-08-08 03:26:40,463 INFO  handler.ContextHandler (ContextHandler.java:doStart(781)) - Started o.e.j.s.ServletContextHandler@776e9be4{/logs,file:///workdir/hadoop-ozone/integration-test/target/log,AVAILABLE}
2019-08-08 03:26:40,463 INFO  handler.ContextHandler (ContextHandler.java:doStart(781)) - Started o.e.j.s.ServletContextHandler@7b760380{/static,file:///workdir/hadoop-ozone/integration-test/target/test-classes/webapps/static,AVAILABLE}
2019-08-08 03:26:40,470 INFO  handler.ContextHandler (ContextHandler.java:doStart(781)) - Started o.e.j.w.WebAppContext@508ac4fc{/,file:///workdir/hadoop-ozone/integration-test/target/test-classes/webapps/scm/,AVAILABLE}{/scm}
2019-08-08 03:26:40,471 INFO  server.AbstractConnector (AbstractConnector.java:doStart(278)) - Started ServerConnector@15eb61e2{HTTP/1.1,[http/1.1]}{0.0.0.0:46366}
2019-08-08 03:26:40,471 INFO  server.Server (Server.java:doStart(419)) - Started @38525ms
2019-08-08 03:26:40,473 INFO  server.BaseHttpServer (BaseHttpServer.java:updateConnectorAddress(207)) - HTTP server of SCM is listening at http://0.0.0.0:46366
2019-08-08 03:26:40,474 WARN  server.ServerUtils (ServerUtils.java:getDBPath(222)) - ozone.om.db.dirs is not configured. We recommend adding this setting. Falling back to ozone.metadata.dirs instead.
2019-08-08 03:26:40,475 INFO  util.JvmPauseMonitor (JvmPauseMonitor.java:run(188)) - Starting JVM pause monitor
2019-08-08 03:26:40,488 WARN  server.ServerUtils (ServerUtils.java:getDBPath(222)) - ozone.om.db.dirs is not configured. We recommend adding this setting. Falling back to ozone.metadata.dirs instead.
2019-08-08 03:26:40,489 WARN  server.ServerUtils (ServerUtils.java:getDBPath(222)) - ozone.om.db.dirs is not configured. We recommend adding this setting. Falling back to ozone.metadata.dirs instead.
2019-08-08 03:26:40,489 INFO  om.OzoneManager (OzoneManager.java:setOMNodeDetails(644)) - OM Service ID is not set. Setting it to the default ID: omServiceIdDefault
2019-08-08 03:26:40,489 INFO  om.OzoneManager (OzoneManager.java:setOMNodeDetails(650)) - OM Node ID is not set. Setting it to the OmStorage's OmID: d31f8c71-7b42-4997-9757-99bb771266fe
2019-08-08 03:26:40,490 INFO  om.OzoneManager (OzoneManager.java:loadOMHAConfigs(601)) - Found matching OM address with OMServiceId: null, OMNodeId: null, RPC Address: localhost:0 and Ratis port: 9872
2019-08-08 03:26:40,498 WARN  server.ServerUtils (ServerUtils.java:getDBPath(222)) - ozone.om.db.dirs is not configured. We recommend adding this setting. Falling back to ozone.metadata.dirs instead.
2019-08-08 03:26:40,499 INFO  db.DBStoreBuilder (DBStoreBuilder.java:addTable(110)) - using custom profile for table: userTable
2019-08-08 03:26:40,499 INFO  db.DBStoreBuilder (DBStoreBuilder.java:processTables(161)) - Using default column profile:DBProfile.DISK for Table:userTable
2019-08-08 03:26:40,499 INFO  db.DBStoreBuilder (DBStoreBuilder.java:addTable(110)) - using custom profile for table: volumeTable
2019-08-08 03:26:40,499 INFO  db.DBStoreBuilder (DBStoreBuilder.java:processTables(161)) - Using default column profile:DBProfile.DISK for Table:volumeTable
2019-08-08 03:26:40,499 INFO  db.DBStoreBuilder (DBStoreBuilder.java:addTable(110)) - using custom profile for table: bucketTable
2019-08-08 03:26:40,500 INFO  db.DBStoreBuilder (DBStoreBuilder.java:processTables(161)) - Using default column profile:DBProfile.DISK for Table:bucketTable
2019-08-08 03:26:40,500 INFO  db.DBStoreBuilder (DBStoreBuilder.java:addTable(110)) - using custom profile for table: keyTable
2019-08-08 03:26:40,500 INFO  db.DBStoreBuilder (DBStoreBuilder.java:processTables(161)) - Using default column profile:DBProfile.DISK for Table:keyTable
2019-08-08 03:26:40,500 INFO  db.DBStoreBuilder (DBStoreBuilder.java:addTable(110)) - using custom profile for table: deletedTable
2019-08-08 03:26:40,500 INFO  db.DBStoreBuilder (DBStoreBuilder.java:processTables(161)) - Using default column profile:DBProfile.DISK for Table:deletedTable
2019-08-08 03:26:40,501 INFO  db.DBStoreBuilder (DBStoreBuilder.java:addTable(110)) - using custom profile for table: openKeyTable
2019-08-08 03:26:40,501 INFO  db.DBStoreBuilder (DBStoreBuilder.java:processTables(161)) - Using default column profile:DBProfile.DISK for Table:openKeyTable
2019-08-08 03:26:40,501 INFO  db.DBStoreBuilder (DBStoreBuilder.java:addTable(110)) - using custom profile for table: s3Table
2019-08-08 03:26:40,501 INFO  db.DBStoreBuilder (DBStoreBuilder.java:processTables(161)) - Using default column profile:DBProfile.DISK for Table:s3Table
2019-08-08 03:26:40,501 INFO  db.DBStoreBuilder (DBStoreBuilder.java:addTable(110)) - using custom profile for table: multipartInfoTable
2019-08-08 03:26:40,502 INFO  db.DBStoreBuilder (DBStoreBuilder.java:processTables(161)) - Using default column profile:DBProfile.DISK for Table:multipartInfoTable
2019-08-08 03:26:40,502 INFO  db.DBStoreBuilder (DBStoreBuilder.java:addTable(110)) - using custom profile for table: dTokenTable
2019-08-08 03:26:40,502 INFO  db.DBStoreBuilder (DBStoreBuilder.java:processTables(161)) - Using default column profile:DBProfile.DISK for Table:dTokenTable
2019-08-08 03:26:40,502 INFO  db.DBStoreBuilder (DBStoreBuilder.java:addTable(110)) - using custom profile for table: s3SecretTable
2019-08-08 03:26:40,502 INFO  db.DBStoreBuilder (DBStoreBuilder.java:processTables(161)) - Using default column profile:DBProfile.DISK for Table:s3SecretTable
2019-08-08 03:26:40,503 INFO  db.DBStoreBuilder (DBStoreBuilder.java:addTable(110)) - using custom profile for table: prefixTable
2019-08-08 03:26:40,503 INFO  db.DBStoreBuilder (DBStoreBuilder.java:processTables(161)) - Using default column profile:DBProfile.DISK for Table:prefixTable
2019-08-08 03:26:40,503 INFO  db.DBStoreBuilder (DBStoreBuilder.java:addTable(110)) - using custom profile for table: default
2019-08-08 03:26:40,503 INFO  db.DBStoreBuilder (DBStoreBuilder.java:processTables(167)) - Using default column profile:DBProfile.DISK for Table:default
2019-08-08 03:26:40,503 INFO  db.DBStoreBuilder (DBStoreBuilder.java:getDbProfile(198)) - Using default options. DBProfile.DISK
2019-08-08 03:26:40,778 INFO  ipc.CallQueueManager (CallQueueManager.java:<init>(84)) - Using callQueue: class java.util.concurrent.LinkedBlockingQueue, queueCapacity: 2000, scheduler: class org.apache.hadoop.ipc.DefaultRpcScheduler, ipcBackoff: false.
2019-08-08 03:26:40,779 INFO  ipc.Server (Server.java:run(1074)) - Starting Socket Reader #1 for port 38972
2019-08-08 03:26:40,795 INFO  om.OzoneManager (OzoneManager.java:start(1255)) - OzoneManager RPC server is listening at localhost/127.0.0.1:38972
2019-08-08 03:26:40,795 INFO  impl.MetricsSystemImpl (MetricsSystemImpl.java:init(158)) - OzoneManager metrics system started (again)
2019-08-08 03:26:40,796 INFO  ipc.Server (Server.java:run(1314)) - IPC Server Responder: starting
2019-08-08 03:26:40,796 INFO  ipc.Server (Server.java:run(1153)) - IPC Server listener on 38972: starting
2019-08-08 03:26:40,802 INFO  hdfs.DFSUtil (DFSUtil.java:httpServerTemplateForNNAndJN(1641)) - Starting Web-server for ozoneManager at: http://0.0.0.0:0
2019-08-08 03:26:40,804 INFO  server.AuthenticationFilter (AuthenticationFilter.java:constructSecretProvider(240)) - Unable to initialize FileSignerSecretProvider, falling back to use random secrets.
2019-08-08 03:26:40,804 WARN  http.HttpRequestLog (HttpRequestLog.java:getRequestLog(97)) - Jetty request log can only be enabled using Log4j
2019-08-08 03:26:40,805 INFO  http.HttpServer2 (HttpServer2.java:addGlobalFilter(975)) - Added global filter 'safety' (class=org.apache.hadoop.http.HttpServer2$QuotingInputFilter)
2019-08-08 03:26:40,806 INFO  http.HttpServer2 (HttpServer2.java:addFilter(948)) - Added filter static_user_filter (class=org.apache.hadoop.http.lib.StaticUserWebFilter$StaticUserFilter) to context ozoneManager
2019-08-08 03:26:40,806 INFO  http.HttpServer2 (HttpServer2.java:addFilter(958)) - Added filter static_user_filter (class=org.apache.hadoop.http.lib.StaticUserWebFilter$StaticUserFilter) to context static
2019-08-08 03:26:40,806 INFO  http.HttpServer2 (HttpServer2.java:addFilter(958)) - Added filter static_user_filter (class=org.apache.hadoop.http.lib.StaticUserWebFilter$StaticUserFilter) to context logs
2019-08-08 03:26:40,807 INFO  http.HttpServer2 (HttpServer2.java:bindListener(1191)) - Jetty bound to port 34367
2019-08-08 03:26:40,807 INFO  server.Server (Server.java:doStart(351)) - jetty-9.3.24.v20180605, build timestamp: 2018-06-05T17:11:56Z, git hash: 84205aa28f11a4f31f2a3b86d1bba2cc8ab69827
2019-08-08 03:26:40,809 INFO  handler.ContextHandler (ContextHandler.java:doStart(781)) - Started o.e.j.s.ServletContextHandler@72477cbc{/logs,file:///workdir/hadoop-ozone/integration-test/target/log,AVAILABLE}
2019-08-08 03:26:40,809 INFO  handler.ContextHandler (ContextHandler.java:doStart(781)) - Started o.e.j.s.ServletContextHandler@1024cca5{/static,file:///workdir/hadoop-ozone/integration-test/target/test-classes/webapps/static,AVAILABLE}
2019-08-08 03:26:40,814 INFO  handler.ContextHandler (ContextHandler.java:doStart(781)) - Started o.e.j.w.WebAppContext@2054b24a{/,file:///workdir/hadoop-ozone/integration-test/target/test-classes/webapps/ozoneManager/,AVAILABLE}{/ozoneManager}
2019-08-08 03:26:40,814 INFO  server.AbstractConnector (AbstractConnector.java:doStart(278)) - Started ServerConnector@77ba41f5{HTTP/1.1,[http/1.1]}{0.0.0.0:34367}
2019-08-08 03:26:40,815 INFO  server.Server (Server.java:doStart(419)) - Started @38869ms
2019-08-08 03:26:40,816 INFO  server.BaseHttpServer (BaseHttpServer.java:updateConnectorAddress(207)) - HTTP server of OZONEMANAGER is listening at http://0.0.0.0:34367
2019-08-08 03:26:40,820 INFO  impl.MetricsSystemImpl (MetricsSystemImpl.java:init(158)) - HddsDatanode metrics system started (again)
2019-08-08 03:26:40,824 INFO  ozone.HddsDatanodeService (HddsDatanodeService.java:start(184)) - HddsDatanodeService host:byscane-nightly-5b87q-1102612012 ip:192.168.5.133
2019-08-08 03:26:40,838 INFO  volume.HddsVolume (HddsVolume.java:<init>(176)) - Creating Volume: /workdir/hadoop-ozone/integration-test/target/test-dir/MiniOzoneClusterImpl-7cca7fb2-ecb4-4c03-87e8-3eb1093d33ca/datanode-0/data/containers/hdds of  storage type : DISK and capacity : 52710309888
2019-08-08 03:26:40,839 INFO  volume.VolumeSet (VolumeSet.java:initializeVolumeSet(170)) - Added Volume : /workdir/hadoop-ozone/integration-test/target/test-dir/MiniOzoneClusterImpl-7cca7fb2-ecb4-4c03-87e8-3eb1093d33ca/datanode-0/data/containers/hdds to VolumeSet
2019-08-08 03:26:40,839 INFO  volume.ThrottledAsyncChecker (ThrottledAsyncChecker.java:schedule(140)) - Scheduling a check for org.apache.hadoop.ozone.container.common.volume.HddsVolume@4863d3dc
2019-08-08 03:26:40,840 INFO  volume.HddsVolumeChecker (HddsVolumeChecker.java:checkAllVolumes(203)) - Scheduled health check for volume org.apache.hadoop.ozone.container.common.volume.HddsVolume@4863d3dc
2019-08-08 03:26:40,857 INFO  impl.RaftServerProxy (ConfUtils.java:logGet(43)) - raft.rpc.type = GRPC (default)
2019-08-08 03:26:40,858 INFO  grpc.GrpcFactory (GrpcFactory.java:checkPooledByteBufAllocatorUseCacheForAllThreads(45)) - PERFORMANCE WARNING: useCacheForAllThreads is true that may cause Netty to create a lot garbage objects and, as a result, trigger GC.
	It is recommended to disable useCacheForAllThreads by setting -Dorg.apache.ratis.thirdparty.io.netty.allocator.useCacheForAllThreads=false in command line.
2019-08-08 03:26:40,858 INFO  grpc.GrpcConfigKeys$Server (ConfUtils.java:logGet(43)) - raft.grpc.server.port = 0 (default)
2019-08-08 03:26:40,858 INFO  server.GrpcService (ConfUtils.java:logGet(43)) - raft.grpc.message.size.max = 33570816 (custom)
2019-08-08 03:26:40,858 INFO  server.RaftServerConfigKeys (ConfUtils.java:logGet(43)) - raft.server.log.appender.buffer.byte-limit = 33554432 (custom)
2019-08-08 03:26:40,858 INFO  server.GrpcService (ConfUtils.java:logGet(43)) - raft.grpc.flow.control.window = 1MB (=1048576) (default)
2019-08-08 03:26:40,859 INFO  server.RaftServerConfigKeys (ConfUtils.java:logGet(43)) - raft.server.rpc.request.timeout = 3000ms (default)
2019-08-08 03:26:40,859 INFO  server.RaftServerConfigKeys (ConfUtils.java:logGet(43)) - raft.server.storage.dir = [/workdir/hadoop-ozone/integration-test/target/test-dir/MiniOzoneClusterImpl-7cca7fb2-ecb4-4c03-87e8-3eb1093d33ca/datanode-0/data/ratis] (custom)
2019-08-08 03:26:40,860 INFO  replication.SimpleContainerDownloader (SimpleContainerDownloader.java:<init>(72)) - Starting container downloader service to copy containers to replicate.
2019-08-08 03:26:40,861 INFO  hdfs.DFSUtil (DFSUtil.java:httpServerTemplateForNNAndJN(1641)) - Starting Web-server for hddsDatanode at: http://0.0.0.0:0
2019-08-08 03:26:40,862 INFO  server.AuthenticationFilter (AuthenticationFilter.java:constructSecretProvider(240)) - Unable to initialize FileSignerSecretProvider, falling back to use random secrets.
2019-08-08 03:26:40,863 WARN  http.HttpRequestLog (HttpRequestLog.java:getRequestLog(97)) - Jetty request log can only be enabled using Log4j
2019-08-08 03:26:40,864 INFO  http.HttpServer2 (HttpServer2.java:addGlobalFilter(975)) - Added global filter 'safety' (class=org.apache.hadoop.http.HttpServer2$QuotingInputFilter)
2019-08-08 03:26:40,865 INFO  http.HttpServer2 (HttpServer2.java:addFilter(948)) - Added filter static_user_filter (class=org.apache.hadoop.http.lib.StaticUserWebFilter$StaticUserFilter) to context hddsDatanode
2019-08-08 03:26:40,865 INFO  http.HttpServer2 (HttpServer2.java:addFilter(958)) - Added filter static_user_filter (class=org.apache.hadoop.http.lib.StaticUserWebFilter$StaticUserFilter) to context static
2019-08-08 03:26:40,865 INFO  http.HttpServer2 (HttpServer2.java:addFilter(958)) - Added filter static_user_filter (class=org.apache.hadoop.http.lib.StaticUserWebFilter$StaticUserFilter) to context logs
2019-08-08 03:26:40,866 INFO  http.HttpServer2 (HttpServer2.java:bindListener(1191)) - Jetty bound to port 39144
2019-08-08 03:26:40,866 INFO  server.Server (Server.java:doStart(351)) - jetty-9.3.24.v20180605, build timestamp: 2018-06-05T17:11:56Z, git hash: 84205aa28f11a4f31f2a3b86d1bba2cc8ab69827
2019-08-08 03:26:40,868 INFO  handler.ContextHandler (ContextHandler.java:doStart(781)) - Started o.e.j.s.ServletContextHandler@72cad920{/logs,file:///workdir/hadoop-ozone/integration-test/target/log,AVAILABLE}
2019-08-08 03:26:40,869 INFO  handler.ContextHandler (ContextHandler.java:doStart(781)) - Started o.e.j.s.ServletContextHandler@382485d6{/static,jar:file:/home/user/.m2/repository/org/apache/hadoop/hadoop-hdds-container-service/0.4.1-SNAPSHOT/hadoop-hdds-container-service-0.4.1-SNAPSHOT.jar!/webapps/static,AVAILABLE}
2019-08-08 03:26:40,902 INFO  handler.ContextHandler (ContextHandler.java:doStart(781)) - Started o.e.j.w.WebAppContext@6995e2d4{/,file:///tmp/jetty-0.0.0.0-39144-hddsDatanode-_-any-68551580573727343.dir/webapp/,AVAILABLE}{/hddsDatanode}
2019-08-08 03:26:40,902 INFO  server.AbstractConnector (AbstractConnector.java:doStart(278)) - Started ServerConnector@54fd264b{HTTP/1.1,[http/1.1]}{0.0.0.0:39144}
2019-08-08 03:26:40,903 INFO  server.Server (Server.java:doStart(419)) - Started @38957ms
2019-08-08 03:26:40,904 INFO  server.BaseHttpServer (BaseHttpServer.java:updateConnectorAddress(207)) - HTTP server of HDDSDATANODE is listening at http://0.0.0.0:39144
2019-08-08 03:26:41,055 INFO  ozone.HddsDatanodeService (HddsDatanodeService.java:startPlugins(395)) - Started plug-in org.apache.hadoop.ozone.web.OzoneHddsDatanodeService@1fdc5524
2019-08-08 03:26:41,061 INFO  ozone.MiniOzoneClusterImpl (MiniOzoneClusterImpl.java:lambda$waitForClusterToBeReady$0(142)) - Waiting for cluster to be ready. Got 0 of 1 DN Heartbeats.
2019-08-08 03:26:41,066 INFO  util.JvmPauseMonitor (JvmPauseMonitor.java:run(188)) - Starting JVM pause monitor
2019-08-08 03:26:41,070 INFO  datanode.InitDatanodeState (InitDatanodeState.java:persistContainerDatanodeDetails(140)) - DatanodeDetails is persisted to /workdir/hadoop-ozone/integration-test/target/test-dir/MiniOzoneClusterImpl-7cca7fb2-ecb4-4c03-87e8-3eb1093d33ca/datanode-0/meta/datanode.id
2019-08-08 03:26:42,064 INFO  ozone.MiniOzoneClusterImpl (MiniOzoneClusterImpl.java:lambda$waitForClusterToBeReady$0(142)) - Waiting for cluster to be ready. Got 0 of 1 DN Heartbeats.
2019-08-08 03:26:43,067 INFO  ozone.MiniOzoneClusterImpl (MiniOzoneClusterImpl.java:lambda$waitForClusterToBeReady$0(142)) - Waiting for cluster to be ready. Got 0 of 1 DN Heartbeats.
2019-08-08 03:26:43,078 INFO  ozoneimpl.OzoneContainer (OzoneContainer.java:start(186)) - Attempting to start container services.
2019-08-08 03:26:43,081 INFO  ozoneimpl.OzoneContainer (OzoneContainer.java:startContainerScrub(160)) - Background container scrubber has been disabled by hdds.containerscrub.enabled
2019-08-08 03:26:43,081 INFO  ratis.XceiverServerRatis (XceiverServerRatis.java:start(404)) - Starting XceiverServerRatis 2edaa8dc-3251-4afc-98a7-e8f1749c1518 at port 0
2019-08-08 03:26:43,093 INFO  impl.RaftServerProxy (RaftServerProxy.java:lambda$start$3(299)) - 2edaa8dc-3251-4afc-98a7-e8f1749c1518: start RPC server
2019-08-08 03:26:43,096 INFO  server.GrpcService (GrpcService.java:startImpl(149)) - 2edaa8dc-3251-4afc-98a7-e8f1749c1518: GrpcService started, listening on 0.0.0.0/0.0.0.0:33802
2019-08-08 03:26:43,096 INFO  ratis.XceiverServerRatis (XceiverServerRatis.java:start(414)) - XceiverServerRatis 2edaa8dc-3251-4afc-98a7-e8f1749c1518 is started using port 33802
2019-08-08 03:26:43,099 INFO  server.XceiverServerGrpc (XceiverServerGrpc.java:start(161)) - XceiverServerGrpc 2edaa8dc-3251-4afc-98a7-e8f1749c1518 is started using port 44634
2019-08-08 03:26:44,070 INFO  ozone.MiniOzoneClusterImpl (MiniOzoneClusterImpl.java:lambda$waitForClusterToBeReady$0(142)) - Waiting for cluster to be ready. Got 0 of 1 DN Heartbeats.
2019-08-08 03:26:45,072 INFO  ozone.MiniOzoneClusterImpl (MiniOzoneClusterImpl.java:lambda$waitForClusterToBeReady$0(142)) - Cluster is ready. Got 1 of 1 DN Heartbeats.
2019-08-08 03:26:45,072 INFO  net.NetworkTopology (NetworkTopologyImpl.java:add(110)) - Added a new node: /default-rack/2edaa8dc-3251-4afc-98a7-e8f1749c1518
2019-08-08 03:26:45,077 INFO  node.SCMNodeManager (SCMNodeManager.java:register(273)) - Registered Data node : 2edaa8dc-3251-4afc-98a7-e8f1749c1518{ip: 192.168.5.133, host: byscane-nightly-5b87q-1102612012, networkLocation: /default-rack, certSerialId: null}
2019-08-08 03:26:45,079 INFO  safemode.SCMSafeModeManager (DataNodeSafeModeRule.java:process(71)) - SCM in safe mode. 1 DataNodes registered, 1 required.
2019-08-08 03:26:45,080 INFO  safemode.SCMSafeModeManager (SCMSafeModeManager.java:validateSafeModeExitRules(177)) - ScmSafeModeManager, all rules are successfully validated
2019-08-08 03:26:45,081 INFO  safemode.SCMSafeModeManager (SCMSafeModeManager.java:exitSafeMode(193)) - SCM exiting safe mode.
2019-08-08 03:26:45,117 INFO  impl.RaftServerProxy (RaftServerProxy.java:addNew(89)) - 2edaa8dc-3251-4afc-98a7-e8f1749c1518: addNew group-7DFA64890328:[2edaa8dc-3251-4afc-98a7-e8f1749c1518:192.168.5.133:33802] returns group-7DFA64890328:java.util.concurrent.CompletableFuture@7e574183[Not completed]
2019-08-08 03:26:45,121 INFO  impl.RaftServerImpl (RaftServerImpl.java:<init>(93)) - 2edaa8dc-3251-4afc-98a7-e8f1749c1518: new RaftServerImpl for group-7DFA64890328:[2edaa8dc-3251-4afc-98a7-e8f1749c1518:192.168.5.133:33802] with ContainerStateMachine:uninitialized
2019-08-08 03:26:45,123 INFO  server.RaftServerConfigKeys (ConfUtils.java:logGet(43)) - raft.server.rpc.timeout.min = 5s (custom)
2019-08-08 03:26:45,123 INFO  server.RaftServerConfigKeys (ConfUtils.java:logGet(43)) - raft.server.rpc.timeout.max = 5200ms (custom)
2019-08-08 03:26:45,123 INFO  server.RaftServerConfigKeys (ConfUtils.java:logGet(43)) - raft.server.rpcslowness.timeout = 120s (custom)
2019-08-08 03:26:45,124 INFO  server.RaftServerConfigKeys (ConfUtils.java:logGet(43)) - raft.server.sleep.deviation.threshold = 300 (default)
2019-08-08 03:26:45,124 INFO  server.RaftServerConfigKeys (ConfUtils.java:logGet(43)) - raft.server.log.appender.install.snapshot.enabled = false (custom)
2019-08-08 03:26:45,124 INFO  impl.RaftServerImpl (ServerState.java:<init>(105)) - 2edaa8dc-3251-4afc-98a7-e8f1749c1518:group-7DFA64890328 ConfigurationManager, init=-1: [2edaa8dc-3251-4afc-98a7-e8f1749c1518:192.168.5.133:33802], old=null, confs=<EMPTY_MAP>
2019-08-08 03:26:45,125 INFO  server.RaftServerConfigKeys (ConfUtils.java:logGet(43)) - raft.server.storage.dir = [/workdir/hadoop-ozone/integration-test/target/test-dir/MiniOzoneClusterImpl-7cca7fb2-ecb4-4c03-87e8-3eb1093d33ca/datanode-0/data/ratis] (custom)
2019-08-08 03:26:45,125 INFO  storage.RaftStorageDirectory (RaftStorageDirectory.java:analyzeStorage(246)) - The storage directory /workdir/hadoop-ozone/integration-test/target/test-dir/MiniOzoneClusterImpl-7cca7fb2-ecb4-4c03-87e8-3eb1093d33ca/datanode-0/data/ratis/3049e8d8-3388-43f7-86ce-7dfa64890328 does not exist. Creating ...
2019-08-08 03:26:45,137 INFO  storage.RaftStorageDirectory (RaftStorageDirectory.java:tryLock(328)) - Lock on /workdir/hadoop-ozone/integration-test/target/test-dir/MiniOzoneClusterImpl-7cca7fb2-ecb4-4c03-87e8-3eb1093d33ca/datanode-0/data/ratis/3049e8d8-3388-43f7-86ce-7dfa64890328/in_use.lock acquired by nodename 24306@byscane-nightly-5b87q-1102612012
2019-08-08 03:26:45,141 INFO  storage.RaftStorage (RaftStorage.java:format(72)) - Storage directory /workdir/hadoop-ozone/integration-test/target/test-dir/MiniOzoneClusterImpl-7cca7fb2-ecb4-4c03-87e8-3eb1093d33ca/datanode-0/data/ratis/3049e8d8-3388-43f7-86ce-7dfa64890328 has been successfully formatted.
2019-08-08 03:26:45,142 INFO  ratis.ContainerStateMachine (ContainerStateMachine.java:loadSnapshot(213)) - group-7DFA64890328: The snapshot info is null. Setting the last applied indexto:(t:0, i:~)
2019-08-08 03:26:45,142 INFO  server.RaftServerConfigKeys (ConfUtils.java:logGet(43)) - raft.server.leader.election.timeout = 120s (custom)
2019-08-08 03:26:45,142 INFO  server.RaftServerConfigKeys (ConfUtils.java:logGet(43)) - raft.server.log.use.memory = false (default)
2019-08-08 03:26:45,143 INFO  server.RaftServerConfigKeys (ConfUtils.java:logGet(43)) - raft.server.log.purge.gap = 1000000000 (custom)
2019-08-08 03:26:45,143 INFO  server.RaftServerConfigKeys (ConfUtils.java:logGet(43)) - raft.server.log.appender.buffer.byte-limit = 33554432 (custom)
2019-08-08 03:26:45,143 INFO  server.RaftServerConfigKeys (ConfUtils.java:logGet(43)) - raft.server.log.segment.size.max = 1048576 (custom)
2019-08-08 03:26:45,143 INFO  server.RaftServerConfigKeys (ConfUtils.java:logGet(43)) - raft.server.log.segment.cache.num.max = 2 (custom)
2019-08-08 03:26:45,144 INFO  segmented.SegmentedRaftLogWorker (SegmentedRaftLogWorker.java:<init>(172)) - new 2edaa8dc-3251-4afc-98a7-e8f1749c1518-SegmentedRaftLogWorker:Storage Directory /workdir/hadoop-ozone/integration-test/target/test-dir/MiniOzoneClusterImpl-7cca7fb2-ecb4-4c03-87e8-3eb1093d33ca/datanode-0/data/ratis/3049e8d8-3388-43f7-86ce-7dfa64890328 for RaftStorage:Storage Directory /workdir/hadoop-ozone/integration-test/target/test-dir/MiniOzoneClusterImpl-7cca7fb2-ecb4-4c03-87e8-3eb1093d33ca/datanode-0/data/ratis/3049e8d8-3388-43f7-86ce-7dfa64890328
2019-08-08 03:26:45,144 INFO  server.RaftServerConfigKeys (ConfUtils.java:logGet(43)) - raft.server.log.queue.byte-limit = 2147483647 (custom)
2019-08-08 03:26:45,145 INFO  server.RaftServerConfigKeys (ConfUtils.java:logGet(43)) - raft.server.log.queue.element-limit = 1024 (custom)
2019-08-08 03:26:45,145 INFO  server.RaftServerConfigKeys (ConfUtils.java:logGet(43)) - raft.server.log.segment.size.max = 1048576 (custom)
2019-08-08 03:26:45,145 INFO  server.RaftServerConfigKeys (ConfUtils.java:logGet(43)) - raft.server.log.preallocated.size = 16384 (custom)
2019-08-08 03:26:45,146 INFO  server.RaftServerConfigKeys (ConfUtils.java:logGet(43)) - raft.server.log.write.buffer.size = 33554432 (custom)
2019-08-08 03:26:45,146 INFO  server.RaftServerConfigKeys (ConfUtils.java:logGet(43)) - raft.server.log.force.sync.num = 128 (default)
2019-08-08 03:26:45,146 INFO  server.RaftServerConfigKeys (ConfUtils.java:logGet(43)) - raft.server.log.statemachine.data.sync = true (default)
2019-08-08 03:26:45,146 INFO  server.RaftServerConfigKeys (ConfUtils.java:logGet(43)) - raft.server.log.statemachine.data.sync.timeout = 10s (default)
2019-08-08 03:26:45,146 INFO  server.RaftServerConfigKeys (ConfUtils.java:logGet(43)) - raft.server.log.statemachine.data.sync.timeout.retry = -1 (default)
2019-08-08 03:26:45,147 INFO  server.RaftServerConfigKeys (ConfUtils.java:logGet(43)) - raft.server.log.statemachine.data.caching.enabled = true (custom)
2019-08-08 03:26:45,148 INFO  segmented.SegmentedRaftLogWorker (SegmentedRaftLogWorker.java:lambda$new$0(132)) - 2edaa8dc-3251-4afc-98a7-e8f1749c1518-SegmentedRaftLogWorker:Storage Directory /workdir/hadoop-ozone/integration-test/target/test-dir/MiniOzoneClusterImpl-7cca7fb2-ecb4-4c03-87e8-3eb1093d33ca/datanode-0/data/ratis/3049e8d8-3388-43f7-86ce-7dfa64890328: flushIndex: setUnconditionally 0 -> -1
2019-08-08 03:26:45,148 INFO  server.RaftServerConfigKeys (ConfUtils.java:logGet(43)) - raft.server.snapshot.auto.trigger.enabled = true (custom)
2019-08-08 03:26:45,148 INFO  server.RaftServerConfigKeys (ConfUtils.java:logGet(43)) - raft.server.snapshot.auto.trigger.threshold = 10000 (custom)
2019-08-08 03:26:45,149 INFO  server.RaftServerConfigKeys (ConfUtils.java:logGet(43)) - raft.server.retrycache.expirytime = 600000ms (custom)
2019-08-08 03:26:45,149 INFO  impl.RaftServerImpl (RaftServerImpl.java:start(180)) - 2edaa8dc-3251-4afc-98a7-e8f1749c1518: start group-7DFA64890328
2019-08-08 03:26:45,150 INFO  impl.RaftServerImpl (RaftServerImpl.java:setRole(171)) - 2edaa8dc-3251-4afc-98a7-e8f1749c1518:group-7DFA64890328 changes role from null to FOLLOWER at term 0 for startAsFollower
2019-08-08 03:26:45,150 INFO  impl.RoleInfo (RoleInfo.java:updateAndGet(143)) - 2edaa8dc-3251-4afc-98a7-e8f1749c1518: start FollowerState
2019-08-08 03:26:45,151 INFO  util.JmxRegister (JmxRegister.java:tryRegister(44)) - Successfully registered JMX Bean with object name Ratis:service=RaftServer,group=group-7DFA64890328,id=2edaa8dc-3251-4afc-98a7-e8f1749c1518
2019-08-08 03:26:45,162 INFO  pipeline.PipelineStateManager (PipelineStateManager.java:addPipeline(56)) - Created pipeline Pipeline[ Id: 3049e8d8-3388-43f7-86ce-7dfa64890328, Nodes: 2edaa8dc-3251-4afc-98a7-e8f1749c1518{ip: 192.168.5.133, host: byscane-nightly-5b87q-1102612012, networkLocation: /default-rack, certSerialId: null}, Type:RATIS, Factor:ONE, State:OPEN]
2019-08-08 03:26:45,414 INFO  pipeline.PipelineStateManager (PipelineStateManager.java:addPipeline(56)) - Created pipeline Pipeline[ Id: 44a0dbe0-c42d-4c67-9645-eb40267a86d7, Nodes: 2edaa8dc-3251-4afc-98a7-e8f1749c1518{ip: 192.168.5.133, host: byscane-nightly-5b87q-1102612012, networkLocation: /default-rack, certSerialId: null}, Type:STAND_ALONE, Factor:ONE, State:OPEN]
2019-08-08 03:26:45,816 INFO  keyvalue.KeyValueHandler (ContainerUtils.java:logAndReturnError(146)) - Operation: CreateContainer : Trace ID: 59af89eff38d5206:59af89eff38d5206:0:0 : Message: Container creation failed, due to disk out of space : Result: DISK_OUT_OF_SPACE
03:26:45.817 [grpc-default-executor-0] ERROR DNAudit - user=null | ip=null | op=WRITE_CHUNK {blockData=conID: 6 locID: 102579228233498657 bcsId: 0} | ret=FAILURE
org.apache.hadoop.hdds.scm.container.common.helpers.StorageContainerException: ContainerID 6 creation failed
	at org.apache.hadoop.ozone.container.common.impl.HddsDispatcher.dispatchRequest(HddsDispatcher.java:227) [hadoop-hdds-container-service-0.4.1-SNAPSHOT.jar:?]
	at org.apache.hadoop.ozone.container.common.impl.HddsDispatcher.dispatch(HddsDispatcher.java:148) [hadoop-hdds-container-service-0.4.1-SNAPSHOT.jar:?]
	at org.apache.hadoop.ozone.container.common.transport.server.GrpcXceiverService$1.onNext(GrpcXceiverService.java:73) [hadoop-hdds-container-service-0.4.1-SNAPSHOT.jar:?]
	at org.apache.hadoop.ozone.container.common.transport.server.GrpcXceiverService$1.onNext(GrpcXceiverService.java:61) [hadoop-hdds-container-service-0.4.1-SNAPSHOT.jar:?]
	at org.apache.ratis.thirdparty.io.grpc.stub.ServerCalls$StreamingServerCallHandler$StreamingServerCallListener.onMessage(ServerCalls.java:248) [ratis-thirdparty-misc-0.2.0.jar:0.2.0]
	at org.apache.ratis.thirdparty.io.grpc.ForwardingServerCallListener.onMessage(ForwardingServerCallListener.java:33) [ratis-thirdparty-misc-0.2.0.jar:0.2.0]
	at org.apache.ratis.thirdparty.io.grpc.Contexts$ContextualizedServerCallListener.onMessage(Contexts.java:76) [ratis-thirdparty-misc-0.2.0.jar:0.2.0]
	at org.apache.ratis.thirdparty.io.grpc.ForwardingServerCallListener.onMessage(ForwardingServerCallListener.java:33) [ratis-thirdparty-misc-0.2.0.jar:0.2.0]
	at org.apache.hadoop.hdds.tracing.GrpcServerInterceptor$1.onMessage(GrpcServerInterceptor.java:46) [hadoop-hdds-common-0.4.1-SNAPSHOT.jar:?]
	at org.apache.ratis.thirdparty.io.grpc.internal.ServerCallImpl$ServerStreamListenerImpl.messagesAvailable(ServerCallImpl.java:263) [ratis-thirdparty-misc-0.2.0.jar:0.2.0]
	at org.apache.ratis.thirdparty.io.grpc.internal.ServerImpl$JumpToApplicationThreadServerStreamListener$1MessagesAvailable.runInContext(ServerImpl.java:686) [ratis-thirdparty-misc-0.2.0.jar:0.2.0]
	at org.apache.ratis.thirdparty.io.grpc.internal.ContextRunnable.run(ContextRunnable.java:37) [ratis-thirdparty-misc-0.2.0.jar:0.2.0]
	at org.apache.ratis.thirdparty.io.grpc.internal.SerializingExecutor.run(SerializingExecutor.java:123) [ratis-thirdparty-misc-0.2.0.jar:0.2.0]
	at java.util.concurrent.ThreadPoolExecutor.runWorker(ThreadPoolExecutor.java:1149) [?:1.8.0_212]
	at java.util.concurrent.ThreadPoolExecutor$Worker.run(ThreadPoolExecutor.java:624) [?:1.8.0_212]
	at java.lang.Thread.run(Thread.java:748) [?:1.8.0_212]
2019-08-08 03:26:45,818 INFO  impl.HddsDispatcher (ContainerUtils.java:logAndReturnError(146)) - Operation: WriteChunk : Trace ID: 59af89eff38d5206:59af89eff38d5206:0:0 : Message: ContainerID 6 creation failed : Result: DISK_OUT_OF_SPACE
2019-08-08 03:26:45,820 ERROR storage.BlockOutputStream (BlockOutputStream.java:validateResponse(531)) - Unexpected Storage Container Exception: 
org.apache.hadoop.hdds.scm.container.common.helpers.StorageContainerException: ContainerID 6 creation failed
	at org.apache.hadoop.hdds.scm.storage.ContainerProtocolCalls.validateContainerResponse(ContainerProtocolCalls.java:536)
	at org.apache.hadoop.hdds.scm.storage.BlockOutputStream.validateResponse(BlockOutputStream.java:529)
	at org.apache.hadoop.hdds.scm.storage.BlockOutputStream.lambda$writeChunkToContainer$2(BlockOutputStream.java:606)
	at java.util.concurrent.CompletableFuture.uniApply(CompletableFuture.java:602)
	at java.util.concurrent.CompletableFuture$UniApply.tryFire(CompletableFuture.java:577)
	at java.util.concurrent.CompletableFuture$Completion.run(CompletableFuture.java:442)
	at java.util.concurrent.ThreadPoolExecutor.runWorker(ThreadPoolExecutor.java:1149)
	at java.util.concurrent.ThreadPoolExecutor$Worker.run(ThreadPoolExecutor.java:624)
	at java.lang.Thread.run(Thread.java:748)
03:26:45.825 [grpc-default-executor-0] ERROR DNAudit - user=null | ip=null | op=PUT_BLOCK {blockData=[blockId=conID: 6 locID: 102579228233498657 bcsId: 0,size=5]} | ret=FAILURE
org.apache.hadoop.hdds.scm.container.common.helpers.StorageContainerException: ContainerID 6 does not exist
	at org.apache.hadoop.ozone.container.common.impl.HddsDispatcher.dispatchRequest(HddsDispatcher.java:242) [hadoop-hdds-container-service-0.4.1-SNAPSHOT.jar:?]
	at org.apache.hadoop.ozone.container.common.impl.HddsDispatcher.dispatch(HddsDispatcher.java:148) [hadoop-hdds-container-service-0.4.1-SNAPSHOT.jar:?]
	at org.apache.hadoop.ozone.container.common.transport.server.GrpcXceiverService$1.onNext(GrpcXceiverService.java:73) [hadoop-hdds-container-service-0.4.1-SNAPSHOT.jar:?]
	at org.apache.hadoop.ozone.container.common.transport.server.GrpcXceiverService$1.onNext(GrpcXceiverService.java:61) [hadoop-hdds-container-service-0.4.1-SNAPSHOT.jar:?]
	at org.apache.ratis.thirdparty.io.grpc.stub.ServerCalls$StreamingServerCallHandler$StreamingServerCallListener.onMessage(ServerCalls.java:248) [ratis-thirdparty-misc-0.2.0.jar:0.2.0]
	at org.apache.ratis.thirdparty.io.grpc.ForwardingServerCallListener.onMessage(ForwardingServerCallListener.java:33) [ratis-thirdparty-misc-0.2.0.jar:0.2.0]
	at org.apache.ratis.thirdparty.io.grpc.Contexts$ContextualizedServerCallListener.onMessage(Contexts.java:76) [ratis-thirdparty-misc-0.2.0.jar:0.2.0]
	at org.apache.ratis.thirdparty.io.grpc.ForwardingServerCallListener.onMessage(ForwardingServerCallListener.java:33) [ratis-thirdparty-misc-0.2.0.jar:0.2.0]
	at org.apache.hadoop.hdds.tracing.GrpcServerInterceptor$1.onMessage(GrpcServerInterceptor.java:46) [hadoop-hdds-common-0.4.1-SNAPSHOT.jar:?]
	at org.apache.ratis.thirdparty.io.grpc.internal.ServerCallImpl$ServerStreamListenerImpl.messagesAvailable(ServerCallImpl.java:263) [ratis-thirdparty-misc-0.2.0.jar:0.2.0]
	at org.apache.ratis.thirdparty.io.grpc.internal.ServerImpl$JumpToApplicationThreadServerStreamListener$1MessagesAvailable.runInContext(ServerImpl.java:686) [ratis-thirdparty-misc-0.2.0.jar:0.2.0]
	at org.apache.ratis.thirdparty.io.grpc.internal.ContextRunnable.run(ContextRunnable.java:37) [ratis-thirdparty-misc-0.2.0.jar:0.2.0]
	at org.apache.ratis.thirdparty.io.grpc.internal.SerializingExecutor.run(SerializingExecutor.java:123) [ratis-thirdparty-misc-0.2.0.jar:0.2.0]
	at java.util.concurrent.ThreadPoolExecutor.runWorker(ThreadPoolExecutor.java:1149) [?:1.8.0_212]
	at java.util.concurrent.ThreadPoolExecutor$Worker.run(ThreadPoolExecutor.java:624) [?:1.8.0_212]
	at java.lang.Thread.run(Thread.java:748) [?:1.8.0_212]
2019-08-08 03:26:45,825 INFO  impl.HddsDispatcher (ContainerUtils.java:logAndReturnError(146)) - Operation: PutBlock : Trace ID: c8e5409c9d1567e7:c8e5409c9d1567e7:0:0 : Message: ContainerID 6 does not exist : Result: CONTAINER_NOT_FOUND
]]></system-out>
    <system-err><![CDATA[Aug 08, 2019 3:26:40 AM com.sun.jersey.server.impl.application.WebApplicationImpl _initiate
INFO: Initiating Jersey application, version 'Jersey: 1.19 02/11/2015 03:25 AM'
Aug 08, 2019 3:26:45 AM com.sun.jersey.server.impl.application.WebApplicationImpl _initiate
INFO: Initiating Jersey application, version 'Jersey: 1.19 02/11/2015 03:25 AM'
Aug 08, 2019 3:26:45 AM org.apache.ratis.thirdparty.io.grpc.internal.ManagedChannelOrphanWrapper$ManagedChannelReference cleanQueue
SEVERE: *~*~*~ Channel ManagedChannelImpl{logId=12, target=192.168.5.133:46487} was not shutdown properly!!! ~*~*~*
    Make sure to call shutdown()/shutdownNow() and wait until awaitTermination() returns true.
java.lang.RuntimeException: ManagedChannel allocation site
	at org.apache.ratis.thirdparty.io.grpc.internal.ManagedChannelOrphanWrapper$ManagedChannelReference.<init>(ManagedChannelOrphanWrapper.java:103)
	at org.apache.ratis.thirdparty.io.grpc.internal.ManagedChannelOrphanWrapper.<init>(ManagedChannelOrphanWrapper.java:53)
	at org.apache.ratis.thirdparty.io.grpc.internal.ManagedChannelOrphanWrapper.<init>(ManagedChannelOrphanWrapper.java:44)
	at org.apache.ratis.thirdparty.io.grpc.internal.AbstractManagedChannelImplBuilder.build(AbstractManagedChannelImplBuilder.java:411)
	at org.apache.hadoop.hdds.scm.XceiverClientGrpc.connectToDatanode(XceiverClientGrpc.java:174)
	at org.apache.hadoop.hdds.scm.XceiverClientGrpc.reconnect(XceiverClientGrpc.java:422)
	at org.apache.hadoop.hdds.scm.XceiverClientGrpc.sendCommandAsync(XceiverClientGrpc.java:371)
	at org.apache.hadoop.hdds.scm.XceiverClientGrpc.sendCommandAsync(XceiverClientGrpc.java:346)
	at org.apache.hadoop.hdds.scm.storage.ContainerProtocolCalls.writeChunkAsync(ContainerProtocolCalls.java:310)
	at org.apache.hadoop.hdds.scm.storage.BlockOutputStream.writeChunkToContainer(BlockOutputStream.java:601)
	at org.apache.hadoop.hdds.scm.storage.BlockOutputStream.writeChunk(BlockOutputStream.java:459)
	at org.apache.hadoop.hdds.scm.storage.BlockOutputStream.handleFlush(BlockOutputStream.java:470)
	at org.apache.hadoop.hdds.scm.storage.BlockOutputStream.close(BlockOutputStream.java:493)
	at org.apache.hadoop.ozone.client.io.BlockOutputStreamEntry.close(BlockOutputStreamEntry.java:143)
	at org.apache.hadoop.ozone.client.io.KeyOutputStream.handleFlushOrClose(KeyOutputStream.java:434)
	at org.apache.hadoop.ozone.client.io.KeyOutputStream.close(KeyOutputStream.java:472)
	at org.apache.hadoop.ozone.client.io.OzoneOutputStream.close(OzoneOutputStream.java:60)
	at org.apache.hadoop.ozone.TestStorageContainerManagerHelper.createKeys(TestStorageContainerManagerHelper.java:102)
	at org.apache.hadoop.ozone.TestStorageContainerManager.testBlockDeletionTransactions(TestStorageContainerManager.java:249)
	at sun.reflect.NativeMethodAccessorImpl.invoke0(Native Method)
	at sun.reflect.NativeMethodAccessorImpl.invoke(NativeMethodAccessorImpl.java:62)
	at sun.reflect.DelegatingMethodAccessorImpl.invoke(DelegatingMethodAccessorImpl.java:43)
	at java.lang.reflect.Method.invoke(Method.java:498)
	at org.junit.runners.model.FrameworkMethod$1.runReflectiveCall(FrameworkMethod.java:47)
	at org.junit.internal.runners.model.ReflectiveCallable.run(ReflectiveCallable.java:12)
	at org.junit.runners.model.FrameworkMethod.invokeExplosively(FrameworkMethod.java:44)
	at org.junit.internal.runners.statements.InvokeMethod.evaluate(InvokeMethod.java:17)
	at org.junit.internal.runners.statements.FailOnTimeout$StatementThread.run(FailOnTimeout.java:74)

Aug 08, 2019 3:26:45 AM org.apache.ratis.thirdparty.io.grpc.internal.ManagedChannelOrphanWrapper$ManagedChannelReference cleanQueue
SEVERE: *~*~*~ Channel ManagedChannelImpl{logId=28, target=192.168.5.133:43763} was not shutdown properly!!! ~*~*~*
    Make sure to call shutdown()/shutdownNow() and wait until awaitTermination() returns true.
java.lang.RuntimeException: ManagedChannel allocation site
	at org.apache.ratis.thirdparty.io.grpc.internal.ManagedChannelOrphanWrapper$ManagedChannelReference.<init>(ManagedChannelOrphanWrapper.java:103)
	at org.apache.ratis.thirdparty.io.grpc.internal.ManagedChannelOrphanWrapper.<init>(ManagedChannelOrphanWrapper.java:53)
	at org.apache.ratis.thirdparty.io.grpc.internal.ManagedChannelOrphanWrapper.<init>(ManagedChannelOrphanWrapper.java:44)
	at org.apache.ratis.thirdparty.io.grpc.internal.AbstractManagedChannelImplBuilder.build(AbstractManagedChannelImplBuilder.java:411)
	at org.apache.hadoop.hdds.scm.XceiverClientGrpc.connectToDatanode(XceiverClientGrpc.java:174)
	at org.apache.hadoop.hdds.scm.XceiverClientGrpc.reconnect(XceiverClientGrpc.java:422)
	at org.apache.hadoop.hdds.scm.XceiverClientGrpc.sendCommandAsync(XceiverClientGrpc.java:371)
	at org.apache.hadoop.hdds.scm.XceiverClientGrpc.sendCommandAsync(XceiverClientGrpc.java:346)
	at org.apache.hadoop.hdds.scm.storage.ContainerProtocolCalls.writeChunkAsync(ContainerProtocolCalls.java:310)
	at org.apache.hadoop.hdds.scm.storage.BlockOutputStream.writeChunkToContainer(BlockOutputStream.java:601)
	at org.apache.hadoop.hdds.scm.storage.BlockOutputStream.writeChunk(BlockOutputStream.java:459)
	at org.apache.hadoop.hdds.scm.storage.BlockOutputStream.handleFlush(BlockOutputStream.java:470)
	at org.apache.hadoop.hdds.scm.storage.BlockOutputStream.close(BlockOutputStream.java:493)
	at org.apache.hadoop.ozone.client.io.BlockOutputStreamEntry.close(BlockOutputStreamEntry.java:143)
	at org.apache.hadoop.ozone.client.io.KeyOutputStream.handleFlushOrClose(KeyOutputStream.java:434)
	at org.apache.hadoop.ozone.client.io.KeyOutputStream.close(KeyOutputStream.java:472)
	at org.apache.hadoop.ozone.client.io.OzoneOutputStream.close(OzoneOutputStream.java:60)
	at org.apache.hadoop.ozone.TestStorageContainerManagerHelper.createKeys(TestStorageContainerManagerHelper.java:102)
	at org.apache.hadoop.ozone.TestStorageContainerManager.testBlockDeletingThrottling(TestStorageContainerManager.java:338)
	at sun.reflect.NativeMethodAccessorImpl.invoke0(Native Method)
	at sun.reflect.NativeMethodAccessorImpl.invoke(NativeMethodAccessorImpl.java:62)
	at sun.reflect.DelegatingMethodAccessorImpl.invoke(DelegatingMethodAccessorImpl.java:43)
	at java.lang.reflect.Method.invoke(Method.java:498)
	at org.junit.runners.model.FrameworkMethod$1.runReflectiveCall(FrameworkMethod.java:47)
	at org.junit.internal.runners.model.ReflectiveCallable.run(ReflectiveCallable.java:12)
	at org.junit.runners.model.FrameworkMethod.invokeExplosively(FrameworkMethod.java:44)
	at org.junit.internal.runners.statements.InvokeMethod.evaluate(InvokeMethod.java:17)
	at org.junit.internal.runners.statements.FailOnTimeout$StatementThread.run(FailOnTimeout.java:74)

]]></system-err>
  </testcase>
  <testcase name="testRpcPermission" classname="org.apache.hadoop.ozone.TestStorageContainerManager" time="33.581"/>
  <testcase name="testSCMInitializationFailure" classname="org.apache.hadoop.ozone.TestStorageContainerManager" time="0.033"/>
  <testcase name="testSCMInitialization" classname="org.apache.hadoop.ozone.TestStorageContainerManager" time="0.039"/>
  <testcase name="testScmProcessDatanodeHeartbeat" classname="org.apache.hadoop.ozone.TestStorageContainerManager" time="29.026">
    <failure type="java.lang.AssertionError">java.lang.AssertionError
	at org.junit.Assert.fail(Assert.java:86)
	at org.junit.Assert.assertTrue(Assert.java:41)
	at org.junit.Assert.assertTrue(Assert.java:52)
	at org.apache.hadoop.ozone.TestStorageContainerManager.testScmProcessDatanodeHeartbeat(TestStorageContainerManager.java:531)
	at sun.reflect.NativeMethodAccessorImpl.invoke0(Native Method)
	at sun.reflect.NativeMethodAccessorImpl.invoke(NativeMethodAccessorImpl.java:62)
	at sun.reflect.DelegatingMethodAccessorImpl.invoke(DelegatingMethodAccessorImpl.java:43)
	at java.lang.reflect.Method.invoke(Method.java:498)
	at org.junit.runners.model.FrameworkMethod$1.runReflectiveCall(FrameworkMethod.java:47)
	at org.junit.internal.runners.model.ReflectiveCallable.run(ReflectiveCallable.java:12)
	at org.junit.runners.model.FrameworkMethod.invokeExplosively(FrameworkMethod.java:44)
	at org.junit.internal.runners.statements.InvokeMethod.evaluate(InvokeMethod.java:17)
	at org.junit.internal.runners.statements.FailOnTimeout$StatementThread.run(FailOnTimeout.java:74)
</failure>
    <system-out><![CDATA[2019-08-08 03:27:19,512 WARN  server.ServerUtils (ServerUtils.java:getScmDbDir(145)) - ozone.scm.db.dirs is not configured. We recommend adding this setting. Falling back to ozone.metadata.dirs instead.
2019-08-08 03:27:19,526 WARN  server.ServerUtils (ServerUtils.java:getScmDbDir(145)) - ozone.scm.db.dirs is not configured. We recommend adding this setting. Falling back to ozone.metadata.dirs instead.
2019-08-08 03:27:19,527 WARN  server.ServerUtils (ServerUtils.java:getScmDbDir(145)) - ozone.scm.db.dirs is not configured. We recommend adding this setting. Falling back to ozone.metadata.dirs instead.
2019-08-08 03:27:19,528 INFO  db.DBStoreBuilder (DBStoreBuilder.java:addTable(110)) - using custom profile for table: deletedBlocks
2019-08-08 03:27:19,528 INFO  db.DBStoreBuilder (DBStoreBuilder.java:processTables(161)) - Using default column profile:DBProfile.DISK for Table:deletedBlocks
2019-08-08 03:27:19,528 INFO  db.DBStoreBuilder (DBStoreBuilder.java:addTable(110)) - using custom profile for table: validCerts
2019-08-08 03:27:19,528 INFO  db.DBStoreBuilder (DBStoreBuilder.java:processTables(161)) - Using default column profile:DBProfile.DISK for Table:validCerts
2019-08-08 03:27:19,529 INFO  db.DBStoreBuilder (DBStoreBuilder.java:addTable(110)) - using custom profile for table: revokedCerts
2019-08-08 03:27:19,529 INFO  db.DBStoreBuilder (DBStoreBuilder.java:processTables(161)) - Using default column profile:DBProfile.DISK for Table:revokedCerts
2019-08-08 03:27:19,529 INFO  db.DBStoreBuilder (DBStoreBuilder.java:addTable(110)) - using custom profile for table: default
2019-08-08 03:27:19,529 INFO  db.DBStoreBuilder (DBStoreBuilder.java:processTables(167)) - Using default column profile:DBProfile.DISK for Table:default
2019-08-08 03:27:19,529 INFO  db.DBStoreBuilder (DBStoreBuilder.java:getDbProfile(198)) - Using default options. DBProfile.DISK
2019-08-08 03:27:19,694 INFO  net.NodeSchemaLoader (NodeSchemaLoader.java:loadSchemaFromFile(125)) - Loading file from sun.misc.CompoundEnumeration@3cf6c2d
2019-08-08 03:27:19,695 INFO  net.NodeSchemaLoader (NodeSchemaLoader.java:loadSchema(171)) - Loading network topology layer schema file
2019-08-08 03:27:19,699 WARN  server.ServerUtils (ServerUtils.java:sanitizeUserArgs(70)) - ozone.scm.stale.node.interval value = 300000 is larger than max = 100000 based on the key value of ozone.scm.heartbeat.thread.interval, reset to the max value 100000.
2019-08-08 03:27:19,699 WARN  server.ServerUtils (ServerUtils.java:sanitizeUserArgs(70)) - ozone.scm.stale.node.interval value = 300000 is larger than max = 100000 based on the key value of ozone.scm.heartbeat.thread.interval, reset to the max value 100000.
2019-08-08 03:27:19,700 INFO  node.SCMNodeManager (SCMNodeManager.java:<init>(121)) - Entering startup safe mode.
2019-08-08 03:27:19,705 INFO  Configuration.deprecation (Configuration.java:logDeprecation(1394)) - hadoop.configured.node.mapping is deprecated. Instead, use net.topology.configured.node.mapping
2019-08-08 03:27:19,706 WARN  server.ServerUtils (ServerUtils.java:getScmDbDir(145)) - ozone.scm.db.dirs is not configured. We recommend adding this setting. Falling back to ozone.metadata.dirs instead.
2019-08-08 03:27:19,730 INFO  pipeline.SCMPipelineManager (SCMPipelineManager.java:initializePipelineState(126)) - No pipeline exists in current db
2019-08-08 03:27:19,730 WARN  server.ServerUtils (ServerUtils.java:getScmDbDir(145)) - ozone.scm.db.dirs is not configured. We recommend adding this setting. Falling back to ozone.metadata.dirs instead.
2019-08-08 03:27:19,768 WARN  events.EventQueue (EventQueue.java:fireEvent(175)) - No event handler registered for event TypedEvent{payloadType=SafeModeStatus, name='SafeModeStatus'}
2019-08-08 03:27:19,768 INFO  ipc.CallQueueManager (CallQueueManager.java:<init>(84)) - Using callQueue: class java.util.concurrent.LinkedBlockingQueue, queueCapacity: 2000, scheduler: class org.apache.hadoop.ipc.DefaultRpcScheduler, ipcBackoff: false.
2019-08-08 03:27:19,770 INFO  ipc.Server (Server.java:run(1074)) - Starting Socket Reader #1 for port 36550
2019-08-08 03:27:19,773 INFO  ipc.CallQueueManager (CallQueueManager.java:<init>(84)) - Using callQueue: class java.util.concurrent.LinkedBlockingQueue, queueCapacity: 2000, scheduler: class org.apache.hadoop.ipc.DefaultRpcScheduler, ipcBackoff: false.
2019-08-08 03:27:19,774 INFO  ipc.Server (Server.java:run(1074)) - Starting Socket Reader #1 for port 44384
2019-08-08 03:27:19,777 INFO  ipc.CallQueueManager (CallQueueManager.java:<init>(84)) - Using callQueue: class java.util.concurrent.LinkedBlockingQueue, queueCapacity: 2000, scheduler: class org.apache.hadoop.ipc.DefaultRpcScheduler, ipcBackoff: false.
2019-08-08 03:27:19,778 INFO  ipc.Server (Server.java:run(1074)) - Starting Socket Reader #1 for port 36712
2019-08-08 03:27:19,782 INFO  hdfs.DFSUtil (DFSUtil.java:httpServerTemplateForNNAndJN(1641)) - Starting Web-server for scm at: http://0.0.0.0:0
2019-08-08 03:27:19,793 INFO  server.AuthenticationFilter (AuthenticationFilter.java:constructSecretProvider(240)) - Unable to initialize FileSignerSecretProvider, falling back to use random secrets.
2019-08-08 03:27:19,793 WARN  http.HttpRequestLog (HttpRequestLog.java:getRequestLog(97)) - Jetty request log can only be enabled using Log4j
2019-08-08 03:27:19,796 INFO  http.HttpServer2 (HttpServer2.java:addGlobalFilter(975)) - Added global filter 'safety' (class=org.apache.hadoop.http.HttpServer2$QuotingInputFilter)
2019-08-08 03:27:19,796 INFO  http.HttpServer2 (HttpServer2.java:addFilter(948)) - Added filter static_user_filter (class=org.apache.hadoop.http.lib.StaticUserWebFilter$StaticUserFilter) to context scm
2019-08-08 03:27:19,797 INFO  http.HttpServer2 (HttpServer2.java:addFilter(958)) - Added filter static_user_filter (class=org.apache.hadoop.http.lib.StaticUserWebFilter$StaticUserFilter) to context logs
2019-08-08 03:27:19,797 INFO  http.HttpServer2 (HttpServer2.java:addFilter(958)) - Added filter static_user_filter (class=org.apache.hadoop.http.lib.StaticUserWebFilter$StaticUserFilter) to context static
2019-08-08 03:27:19,799 INFO  server.StorageContainerManager (StorageContainerManager.java:start(758)) - StorageContainerLocationProtocol RPC server is listening at /0.0.0.0:36712
2019-08-08 03:27:19,802 WARN  impl.MetricsConfig (MetricsConfig.java:loadFirst(134)) - Cannot locate configuration: tried hadoop-metrics2-storagecontainermanager.properties,hadoop-metrics2.properties
2019-08-08 03:27:19,803 INFO  impl.MetricsSystemImpl (MetricsSystemImpl.java:startTimer(374)) - Scheduled Metric snapshot period at 10 second(s).
2019-08-08 03:27:19,803 INFO  impl.MetricsSystemImpl (MetricsSystemImpl.java:start(191)) - StorageContainerManager metrics system started
2019-08-08 03:27:19,986 INFO  server.SCMClientProtocolServer (SCMClientProtocolServer.java:start(151)) - RPC server for Client  is listening at /0.0.0.0:36712
2019-08-08 03:27:19,987 INFO  ipc.Server (Server.java:run(1314)) - IPC Server Responder: starting
2019-08-08 03:27:19,987 INFO  ipc.Server (Server.java:run(1153)) - IPC Server listener on 36712: starting
2019-08-08 03:27:19,993 INFO  server.StorageContainerManager (StorageContainerManager.java:start(768)) - ScmBlockLocationProtocol RPC server is listening at /0.0.0.0:44384
2019-08-08 03:27:19,993 INFO  server.SCMBlockProtocolServer (SCMBlockProtocolServer.java:start(140)) - RPC server for Block Protocol is listening at /0.0.0.0:44384
2019-08-08 03:27:19,994 INFO  ipc.Server (Server.java:run(1314)) - IPC Server Responder: starting
2019-08-08 03:27:19,994 INFO  ipc.Server (Server.java:run(1153)) - IPC Server listener on 44384: starting
2019-08-08 03:27:20,000 INFO  server.StorageContainerManager (StorageContainerManager.java:start(772)) - ScmDatanodeProtocl RPC server is listening at /0.0.0.0:36550
2019-08-08 03:27:20,000 INFO  server.SCMDatanodeProtocolServer (SCMDatanodeProtocolServer.java:start(191)) - RPC server for DataNodes is listening at /0.0.0.0:36550
2019-08-08 03:27:20,001 INFO  ipc.Server (Server.java:run(1314)) - IPC Server Responder: starting
2019-08-08 03:27:20,001 INFO  ipc.Server (Server.java:run(1153)) - IPC Server listener on 36550: starting
2019-08-08 03:27:20,007 INFO  http.HttpServer2 (HttpServer2.java:bindListener(1191)) - Jetty bound to port 39241
2019-08-08 03:27:20,007 INFO  server.Server (Server.java:doStart(351)) - jetty-9.3.24.v20180605, build timestamp: 2018-06-05T17:11:56Z, git hash: 84205aa28f11a4f31f2a3b86d1bba2cc8ab69827
2019-08-08 03:27:20,009 INFO  handler.ContextHandler (ContextHandler.java:doStart(781)) - Started o.e.j.s.ServletContextHandler@71e048be{/logs,file:///workdir/hadoop-ozone/integration-test/target/log,AVAILABLE}
2019-08-08 03:27:20,009 INFO  handler.ContextHandler (ContextHandler.java:doStart(781)) - Started o.e.j.s.ServletContextHandler@7e93b4ec{/static,file:///workdir/hadoop-ozone/integration-test/target/test-classes/webapps/static,AVAILABLE}
2019-08-08 03:27:20,014 INFO  handler.ContextHandler (ContextHandler.java:doStart(781)) - Started o.e.j.w.WebAppContext@de2821c{/,file:///workdir/hadoop-ozone/integration-test/target/test-classes/webapps/scm/,AVAILABLE}{/scm}
2019-08-08 03:27:20,014 INFO  server.AbstractConnector (AbstractConnector.java:doStart(278)) - Started ServerConnector@6fe81861{HTTP/1.1,[http/1.1]}{0.0.0.0:39241}
2019-08-08 03:27:20,020 INFO  server.Server (Server.java:doStart(419)) - Started @78074ms
2019-08-08 03:27:20,022 INFO  server.BaseHttpServer (BaseHttpServer.java:updateConnectorAddress(207)) - HTTP server of SCM is listening at http://0.0.0.0:39241
2019-08-08 03:27:20,030 WARN  server.ServerUtils (ServerUtils.java:getDBPath(222)) - ozone.om.db.dirs is not configured. We recommend adding this setting. Falling back to ozone.metadata.dirs instead.
2019-08-08 03:27:20,030 INFO  util.JvmPauseMonitor (JvmPauseMonitor.java:run(188)) - Starting JVM pause monitor
2019-08-08 03:27:20,035 WARN  server.ServerUtils (ServerUtils.java:getDBPath(222)) - ozone.om.db.dirs is not configured. We recommend adding this setting. Falling back to ozone.metadata.dirs instead.
2019-08-08 03:27:20,035 WARN  server.ServerUtils (ServerUtils.java:getDBPath(222)) - ozone.om.db.dirs is not configured. We recommend adding this setting. Falling back to ozone.metadata.dirs instead.
2019-08-08 03:27:20,036 INFO  om.OzoneManager (OzoneManager.java:setOMNodeDetails(644)) - OM Service ID is not set. Setting it to the default ID: omServiceIdDefault
2019-08-08 03:27:20,036 INFO  om.OzoneManager (OzoneManager.java:setOMNodeDetails(650)) - OM Node ID is not set. Setting it to the OmStorage's OmID: e3053200-838b-4002-8659-ab7df6e23c6c
2019-08-08 03:27:20,036 INFO  om.OzoneManager (OzoneManager.java:loadOMHAConfigs(601)) - Found matching OM address with OMServiceId: null, OMNodeId: null, RPC Address: localhost:0 and Ratis port: 9872
2019-08-08 03:27:20,047 WARN  server.ServerUtils (ServerUtils.java:getDBPath(222)) - ozone.om.db.dirs is not configured. We recommend adding this setting. Falling back to ozone.metadata.dirs instead.
2019-08-08 03:27:20,048 INFO  db.DBStoreBuilder (DBStoreBuilder.java:addTable(110)) - using custom profile for table: userTable
2019-08-08 03:27:20,048 INFO  db.DBStoreBuilder (DBStoreBuilder.java:processTables(161)) - Using default column profile:DBProfile.DISK for Table:userTable
2019-08-08 03:27:20,048 INFO  db.DBStoreBuilder (DBStoreBuilder.java:addTable(110)) - using custom profile for table: volumeTable
2019-08-08 03:27:20,048 INFO  db.DBStoreBuilder (DBStoreBuilder.java:processTables(161)) - Using default column profile:DBProfile.DISK for Table:volumeTable
2019-08-08 03:27:20,049 INFO  db.DBStoreBuilder (DBStoreBuilder.java:addTable(110)) - using custom profile for table: bucketTable
2019-08-08 03:27:20,049 INFO  db.DBStoreBuilder (DBStoreBuilder.java:processTables(161)) - Using default column profile:DBProfile.DISK for Table:bucketTable
2019-08-08 03:27:20,049 INFO  db.DBStoreBuilder (DBStoreBuilder.java:addTable(110)) - using custom profile for table: keyTable
2019-08-08 03:27:20,049 INFO  db.DBStoreBuilder (DBStoreBuilder.java:processTables(161)) - Using default column profile:DBProfile.DISK for Table:keyTable
2019-08-08 03:27:20,049 INFO  db.DBStoreBuilder (DBStoreBuilder.java:addTable(110)) - using custom profile for table: deletedTable
2019-08-08 03:27:20,050 INFO  db.DBStoreBuilder (DBStoreBuilder.java:processTables(161)) - Using default column profile:DBProfile.DISK for Table:deletedTable
2019-08-08 03:27:20,050 INFO  db.DBStoreBuilder (DBStoreBuilder.java:addTable(110)) - using custom profile for table: openKeyTable
2019-08-08 03:27:20,050 INFO  db.DBStoreBuilder (DBStoreBuilder.java:processTables(161)) - Using default column profile:DBProfile.DISK for Table:openKeyTable
2019-08-08 03:27:20,050 INFO  db.DBStoreBuilder (DBStoreBuilder.java:addTable(110)) - using custom profile for table: s3Table
2019-08-08 03:27:20,051 INFO  db.DBStoreBuilder (DBStoreBuilder.java:processTables(161)) - Using default column profile:DBProfile.DISK for Table:s3Table
2019-08-08 03:27:20,051 INFO  db.DBStoreBuilder (DBStoreBuilder.java:addTable(110)) - using custom profile for table: multipartInfoTable
2019-08-08 03:27:20,051 INFO  db.DBStoreBuilder (DBStoreBuilder.java:processTables(161)) - Using default column profile:DBProfile.DISK for Table:multipartInfoTable
2019-08-08 03:27:20,051 INFO  db.DBStoreBuilder (DBStoreBuilder.java:addTable(110)) - using custom profile for table: dTokenTable
2019-08-08 03:27:20,051 INFO  db.DBStoreBuilder (DBStoreBuilder.java:processTables(161)) - Using default column profile:DBProfile.DISK for Table:dTokenTable
2019-08-08 03:27:20,052 INFO  db.DBStoreBuilder (DBStoreBuilder.java:addTable(110)) - using custom profile for table: s3SecretTable
2019-08-08 03:27:20,052 INFO  db.DBStoreBuilder (DBStoreBuilder.java:processTables(161)) - Using default column profile:DBProfile.DISK for Table:s3SecretTable
2019-08-08 03:27:20,052 INFO  db.DBStoreBuilder (DBStoreBuilder.java:addTable(110)) - using custom profile for table: prefixTable
2019-08-08 03:27:20,052 INFO  db.DBStoreBuilder (DBStoreBuilder.java:processTables(161)) - Using default column profile:DBProfile.DISK for Table:prefixTable
2019-08-08 03:27:20,053 INFO  db.DBStoreBuilder (DBStoreBuilder.java:addTable(110)) - using custom profile for table: default
2019-08-08 03:27:20,053 INFO  db.DBStoreBuilder (DBStoreBuilder.java:processTables(167)) - Using default column profile:DBProfile.DISK for Table:default
2019-08-08 03:27:20,053 INFO  db.DBStoreBuilder (DBStoreBuilder.java:getDbProfile(198)) - Using default options. DBProfile.DISK
2019-08-08 03:27:20,364 INFO  ipc.CallQueueManager (CallQueueManager.java:<init>(84)) - Using callQueue: class java.util.concurrent.LinkedBlockingQueue, queueCapacity: 2000, scheduler: class org.apache.hadoop.ipc.DefaultRpcScheduler, ipcBackoff: false.
2019-08-08 03:27:20,366 INFO  ipc.Server (Server.java:run(1074)) - Starting Socket Reader #1 for port 34236
2019-08-08 03:27:20,385 INFO  om.OzoneManager (OzoneManager.java:start(1255)) - OzoneManager RPC server is listening at localhost/127.0.0.1:34236
2019-08-08 03:27:20,385 INFO  impl.MetricsSystemImpl (MetricsSystemImpl.java:init(158)) - OzoneManager metrics system started (again)
2019-08-08 03:27:20,386 INFO  ipc.Server (Server.java:run(1314)) - IPC Server Responder: starting
2019-08-08 03:27:20,386 INFO  ipc.Server (Server.java:run(1153)) - IPC Server listener on 34236: starting
2019-08-08 03:27:20,394 INFO  hdfs.DFSUtil (DFSUtil.java:httpServerTemplateForNNAndJN(1641)) - Starting Web-server for ozoneManager at: http://0.0.0.0:0
2019-08-08 03:27:20,397 INFO  server.AuthenticationFilter (AuthenticationFilter.java:constructSecretProvider(240)) - Unable to initialize FileSignerSecretProvider, falling back to use random secrets.
2019-08-08 03:27:20,398 WARN  http.HttpRequestLog (HttpRequestLog.java:getRequestLog(97)) - Jetty request log can only be enabled using Log4j
2019-08-08 03:27:20,400 INFO  http.HttpServer2 (HttpServer2.java:addGlobalFilter(975)) - Added global filter 'safety' (class=org.apache.hadoop.http.HttpServer2$QuotingInputFilter)
2019-08-08 03:27:20,401 INFO  http.HttpServer2 (HttpServer2.java:addFilter(948)) - Added filter static_user_filter (class=org.apache.hadoop.http.lib.StaticUserWebFilter$StaticUserFilter) to context ozoneManager
2019-08-08 03:27:20,401 INFO  http.HttpServer2 (HttpServer2.java:addFilter(958)) - Added filter static_user_filter (class=org.apache.hadoop.http.lib.StaticUserWebFilter$StaticUserFilter) to context static
2019-08-08 03:27:20,401 INFO  http.HttpServer2 (HttpServer2.java:addFilter(958)) - Added filter static_user_filter (class=org.apache.hadoop.http.lib.StaticUserWebFilter$StaticUserFilter) to context logs
2019-08-08 03:27:20,402 INFO  http.HttpServer2 (HttpServer2.java:bindListener(1191)) - Jetty bound to port 46241
2019-08-08 03:27:20,403 INFO  server.Server (Server.java:doStart(351)) - jetty-9.3.24.v20180605, build timestamp: 2018-06-05T17:11:56Z, git hash: 84205aa28f11a4f31f2a3b86d1bba2cc8ab69827
2019-08-08 03:27:20,405 INFO  handler.ContextHandler (ContextHandler.java:doStart(781)) - Started o.e.j.s.ServletContextHandler@49ba9643{/logs,file:///workdir/hadoop-ozone/integration-test/target/log,AVAILABLE}
2019-08-08 03:27:20,406 INFO  handler.ContextHandler (ContextHandler.java:doStart(781)) - Started o.e.j.s.ServletContextHandler@2047d8b5{/static,file:///workdir/hadoop-ozone/integration-test/target/test-classes/webapps/static,AVAILABLE}
2019-08-08 03:27:20,411 INFO  handler.ContextHandler (ContextHandler.java:doStart(781)) - Started o.e.j.w.WebAppContext@4f4cf32{/,file:///workdir/hadoop-ozone/integration-test/target/test-classes/webapps/ozoneManager/,AVAILABLE}{/ozoneManager}
2019-08-08 03:27:20,412 INFO  server.AbstractConnector (AbstractConnector.java:doStart(278)) - Started ServerConnector@1b1b498f{HTTP/1.1,[http/1.1]}{0.0.0.0:46241}
2019-08-08 03:27:20,414 INFO  server.Server (Server.java:doStart(419)) - Started @78468ms
2019-08-08 03:27:20,417 INFO  server.BaseHttpServer (BaseHttpServer.java:updateConnectorAddress(207)) - HTTP server of OZONEMANAGER is listening at http://0.0.0.0:46241
2019-08-08 03:27:20,430 INFO  impl.MetricsSystemImpl (MetricsSystemImpl.java:init(158)) - HddsDatanode metrics system started (again)
2019-08-08 03:27:20,443 INFO  ozone.HddsDatanodeService (HddsDatanodeService.java:start(184)) - HddsDatanodeService host:byscane-nightly-5b87q-1102612012 ip:192.168.5.133
2019-08-08 03:27:20,454 INFO  volume.HddsVolume (HddsVolume.java:<init>(176)) - Creating Volume: /workdir/hadoop-ozone/integration-test/target/test-dir/MiniOzoneClusterImpl-941576e3-e170-4a7f-9dad-67a5afb83a4e/datanode-0/data/containers/hdds of  storage type : DISK and capacity : 52710309888
2019-08-08 03:27:20,455 INFO  volume.VolumeSet (VolumeSet.java:initializeVolumeSet(170)) - Added Volume : /workdir/hadoop-ozone/integration-test/target/test-dir/MiniOzoneClusterImpl-941576e3-e170-4a7f-9dad-67a5afb83a4e/datanode-0/data/containers/hdds to VolumeSet
2019-08-08 03:27:20,455 INFO  volume.ThrottledAsyncChecker (ThrottledAsyncChecker.java:schedule(140)) - Scheduling a check for org.apache.hadoop.ozone.container.common.volume.HddsVolume@7f9d3096
2019-08-08 03:27:20,456 INFO  volume.HddsVolumeChecker (HddsVolumeChecker.java:checkAllVolumes(203)) - Scheduled health check for volume org.apache.hadoop.ozone.container.common.volume.HddsVolume@7f9d3096
2019-08-08 03:27:20,481 INFO  impl.RaftServerProxy (ConfUtils.java:logGet(43)) - raft.rpc.type = GRPC (default)
2019-08-08 03:27:20,482 INFO  grpc.GrpcFactory (GrpcFactory.java:checkPooledByteBufAllocatorUseCacheForAllThreads(45)) - PERFORMANCE WARNING: useCacheForAllThreads is true that may cause Netty to create a lot garbage objects and, as a result, trigger GC.
	It is recommended to disable useCacheForAllThreads by setting -Dorg.apache.ratis.thirdparty.io.netty.allocator.useCacheForAllThreads=false in command line.
2019-08-08 03:27:20,482 INFO  grpc.GrpcConfigKeys$Server (ConfUtils.java:logGet(43)) - raft.grpc.server.port = 0 (default)
2019-08-08 03:27:20,482 INFO  server.GrpcService (ConfUtils.java:logGet(43)) - raft.grpc.message.size.max = 33570816 (custom)
2019-08-08 03:27:20,483 INFO  server.RaftServerConfigKeys (ConfUtils.java:logGet(43)) - raft.server.log.appender.buffer.byte-limit = 33554432 (custom)
2019-08-08 03:27:20,483 INFO  server.GrpcService (ConfUtils.java:logGet(43)) - raft.grpc.flow.control.window = 1MB (=1048576) (default)
2019-08-08 03:27:20,483 INFO  server.RaftServerConfigKeys (ConfUtils.java:logGet(43)) - raft.server.rpc.request.timeout = 3000ms (default)
2019-08-08 03:27:20,485 INFO  server.RaftServerConfigKeys (ConfUtils.java:logGet(43)) - raft.server.storage.dir = [/workdir/hadoop-ozone/integration-test/target/test-dir/MiniOzoneClusterImpl-941576e3-e170-4a7f-9dad-67a5afb83a4e/datanode-0/data/ratis] (custom)
2019-08-08 03:27:20,486 INFO  replication.SimpleContainerDownloader (SimpleContainerDownloader.java:<init>(72)) - Starting container downloader service to copy containers to replicate.
2019-08-08 03:27:20,487 INFO  hdfs.DFSUtil (DFSUtil.java:httpServerTemplateForNNAndJN(1641)) - Starting Web-server for hddsDatanode at: http://0.0.0.0:0
2019-08-08 03:27:20,489 INFO  server.AuthenticationFilter (AuthenticationFilter.java:constructSecretProvider(240)) - Unable to initialize FileSignerSecretProvider, falling back to use random secrets.
2019-08-08 03:27:20,490 WARN  http.HttpRequestLog (HttpRequestLog.java:getRequestLog(97)) - Jetty request log can only be enabled using Log4j
2019-08-08 03:27:20,493 INFO  http.HttpServer2 (HttpServer2.java:addGlobalFilter(975)) - Added global filter 'safety' (class=org.apache.hadoop.http.HttpServer2$QuotingInputFilter)
2019-08-08 03:27:20,494 INFO  http.HttpServer2 (HttpServer2.java:addFilter(948)) - Added filter static_user_filter (class=org.apache.hadoop.http.lib.StaticUserWebFilter$StaticUserFilter) to context hddsDatanode
2019-08-08 03:27:20,494 INFO  http.HttpServer2 (HttpServer2.java:addFilter(958)) - Added filter static_user_filter (class=org.apache.hadoop.http.lib.StaticUserWebFilter$StaticUserFilter) to context static
2019-08-08 03:27:20,494 INFO  http.HttpServer2 (HttpServer2.java:addFilter(958)) - Added filter static_user_filter (class=org.apache.hadoop.http.lib.StaticUserWebFilter$StaticUserFilter) to context logs
2019-08-08 03:27:20,495 INFO  http.HttpServer2 (HttpServer2.java:bindListener(1191)) - Jetty bound to port 38148
2019-08-08 03:27:20,495 INFO  server.Server (Server.java:doStart(351)) - jetty-9.3.24.v20180605, build timestamp: 2018-06-05T17:11:56Z, git hash: 84205aa28f11a4f31f2a3b86d1bba2cc8ab69827
2019-08-08 03:27:20,499 INFO  handler.ContextHandler (ContextHandler.java:doStart(781)) - Started o.e.j.s.ServletContextHandler@5e608c09{/logs,file:///workdir/hadoop-ozone/integration-test/target/log,AVAILABLE}
2019-08-08 03:27:20,499 INFO  handler.ContextHandler (ContextHandler.java:doStart(781)) - Started o.e.j.s.ServletContextHandler@20c37c9{/static,jar:file:/home/user/.m2/repository/org/apache/hadoop/hadoop-hdds-container-service/0.4.1-SNAPSHOT/hadoop-hdds-container-service-0.4.1-SNAPSHOT.jar!/webapps/static,AVAILABLE}
2019-08-08 03:27:20,546 INFO  handler.ContextHandler (ContextHandler.java:doStart(781)) - Started o.e.j.w.WebAppContext@a063523{/,file:///tmp/jetty-0.0.0.0-38148-hddsDatanode-_-any-4949891335701361296.dir/webapp/,AVAILABLE}{/hddsDatanode}
2019-08-08 03:27:20,549 INFO  server.AbstractConnector (AbstractConnector.java:doStart(278)) - Started ServerConnector@3ddc1f1d{HTTP/1.1,[http/1.1]}{0.0.0.0:38148}
2019-08-08 03:27:20,549 INFO  server.Server (Server.java:doStart(419)) - Started @78603ms
2019-08-08 03:27:20,550 INFO  server.BaseHttpServer (BaseHttpServer.java:updateConnectorAddress(207)) - HTTP server of HDDSDATANODE is listening at http://0.0.0.0:38148
2019-08-08 03:27:20,714 INFO  ozone.HddsDatanodeService (HddsDatanodeService.java:startPlugins(395)) - Started plug-in org.apache.hadoop.ozone.web.OzoneHddsDatanodeService@47f68225
2019-08-08 03:27:20,714 INFO  impl.MetricsSystemImpl (MetricsSystemImpl.java:init(158)) - HddsDatanode metrics system started (again)
2019-08-08 03:27:20,722 INFO  util.JvmPauseMonitor (JvmPauseMonitor.java:run(188)) - Starting JVM pause monitor
2019-08-08 03:27:20,722 INFO  ozone.HddsDatanodeService (HddsDatanodeService.java:start(184)) - HddsDatanodeService host:byscane-nightly-5b87q-1102612012 ip:192.168.5.133
2019-08-08 03:27:20,725 INFO  datanode.InitDatanodeState (InitDatanodeState.java:persistContainerDatanodeDetails(140)) - DatanodeDetails is persisted to /workdir/hadoop-ozone/integration-test/target/test-dir/MiniOzoneClusterImpl-941576e3-e170-4a7f-9dad-67a5afb83a4e/datanode-0/meta/datanode.id
2019-08-08 03:27:20,731 INFO  volume.HddsVolume (HddsVolume.java:<init>(176)) - Creating Volume: /workdir/hadoop-ozone/integration-test/target/test-dir/MiniOzoneClusterImpl-941576e3-e170-4a7f-9dad-67a5afb83a4e/datanode-1/data/containers/hdds of  storage type : DISK and capacity : 52710309888
2019-08-08 03:27:20,731 INFO  volume.VolumeSet (VolumeSet.java:initializeVolumeSet(170)) - Added Volume : /workdir/hadoop-ozone/integration-test/target/test-dir/MiniOzoneClusterImpl-941576e3-e170-4a7f-9dad-67a5afb83a4e/datanode-1/data/containers/hdds to VolumeSet
2019-08-08 03:27:20,732 INFO  volume.ThrottledAsyncChecker (ThrottledAsyncChecker.java:schedule(140)) - Scheduling a check for org.apache.hadoop.ozone.container.common.volume.HddsVolume@71e365db
2019-08-08 03:27:20,732 INFO  volume.HddsVolumeChecker (HddsVolumeChecker.java:checkAllVolumes(203)) - Scheduled health check for volume org.apache.hadoop.ozone.container.common.volume.HddsVolume@71e365db
2019-08-08 03:27:20,749 INFO  impl.RaftServerProxy (ConfUtils.java:logGet(43)) - raft.rpc.type = GRPC (default)
2019-08-08 03:27:20,750 INFO  grpc.GrpcFactory (GrpcFactory.java:checkPooledByteBufAllocatorUseCacheForAllThreads(45)) - PERFORMANCE WARNING: useCacheForAllThreads is true that may cause Netty to create a lot garbage objects and, as a result, trigger GC.
	It is recommended to disable useCacheForAllThreads by setting -Dorg.apache.ratis.thirdparty.io.netty.allocator.useCacheForAllThreads=false in command line.
2019-08-08 03:27:20,750 INFO  grpc.GrpcConfigKeys$Server (ConfUtils.java:logGet(43)) - raft.grpc.server.port = 0 (default)
2019-08-08 03:27:20,751 INFO  server.GrpcService (ConfUtils.java:logGet(43)) - raft.grpc.message.size.max = 33570816 (custom)
2019-08-08 03:27:20,751 INFO  server.RaftServerConfigKeys (ConfUtils.java:logGet(43)) - raft.server.log.appender.buffer.byte-limit = 33554432 (custom)
2019-08-08 03:27:20,751 INFO  server.GrpcService (ConfUtils.java:logGet(43)) - raft.grpc.flow.control.window = 1MB (=1048576) (default)
2019-08-08 03:27:20,751 INFO  server.RaftServerConfigKeys (ConfUtils.java:logGet(43)) - raft.server.rpc.request.timeout = 3000ms (default)
2019-08-08 03:27:20,751 INFO  server.RaftServerConfigKeys (ConfUtils.java:logGet(43)) - raft.server.storage.dir = [/workdir/hadoop-ozone/integration-test/target/test-dir/MiniOzoneClusterImpl-941576e3-e170-4a7f-9dad-67a5afb83a4e/datanode-1/data/ratis] (custom)
2019-08-08 03:27:20,752 INFO  replication.SimpleContainerDownloader (SimpleContainerDownloader.java:<init>(72)) - Starting container downloader service to copy containers to replicate.
2019-08-08 03:27:20,753 INFO  hdfs.DFSUtil (DFSUtil.java:httpServerTemplateForNNAndJN(1641)) - Starting Web-server for hddsDatanode at: http://0.0.0.0:0
2019-08-08 03:27:20,755 INFO  server.AuthenticationFilter (AuthenticationFilter.java:constructSecretProvider(240)) - Unable to initialize FileSignerSecretProvider, falling back to use random secrets.
2019-08-08 03:27:20,756 WARN  http.HttpRequestLog (HttpRequestLog.java:getRequestLog(97)) - Jetty request log can only be enabled using Log4j
2019-08-08 03:27:20,757 INFO  http.HttpServer2 (HttpServer2.java:addGlobalFilter(975)) - Added global filter 'safety' (class=org.apache.hadoop.http.HttpServer2$QuotingInputFilter)
2019-08-08 03:27:20,758 INFO  http.HttpServer2 (HttpServer2.java:addFilter(948)) - Added filter static_user_filter (class=org.apache.hadoop.http.lib.StaticUserWebFilter$StaticUserFilter) to context hddsDatanode
2019-08-08 03:27:20,758 INFO  http.HttpServer2 (HttpServer2.java:addFilter(958)) - Added filter static_user_filter (class=org.apache.hadoop.http.lib.StaticUserWebFilter$StaticUserFilter) to context static
2019-08-08 03:27:20,758 INFO  http.HttpServer2 (HttpServer2.java:addFilter(958)) - Added filter static_user_filter (class=org.apache.hadoop.http.lib.StaticUserWebFilter$StaticUserFilter) to context logs
2019-08-08 03:27:20,759 INFO  http.HttpServer2 (HttpServer2.java:bindListener(1191)) - Jetty bound to port 34914
2019-08-08 03:27:20,759 INFO  server.Server (Server.java:doStart(351)) - jetty-9.3.24.v20180605, build timestamp: 2018-06-05T17:11:56Z, git hash: 84205aa28f11a4f31f2a3b86d1bba2cc8ab69827
2019-08-08 03:27:20,761 INFO  handler.ContextHandler (ContextHandler.java:doStart(781)) - Started o.e.j.s.ServletContextHandler@5d749b39{/logs,file:///workdir/hadoop-ozone/integration-test/target/log,AVAILABLE}
2019-08-08 03:27:20,762 INFO  handler.ContextHandler (ContextHandler.java:doStart(781)) - Started o.e.j.s.ServletContextHandler@51da5ed6{/static,jar:file:/home/user/.m2/repository/org/apache/hadoop/hadoop-hdds-container-service/0.4.1-SNAPSHOT/hadoop-hdds-container-service-0.4.1-SNAPSHOT.jar!/webapps/static,AVAILABLE}
2019-08-08 03:27:20,797 INFO  handler.ContextHandler (ContextHandler.java:doStart(781)) - Started o.e.j.w.WebAppContext@125b4c0c{/,file:///tmp/jetty-0.0.0.0-34914-hddsDatanode-_-any-7722241470046439935.dir/webapp/,AVAILABLE}{/hddsDatanode}
2019-08-08 03:27:20,797 INFO  server.AbstractConnector (AbstractConnector.java:doStart(278)) - Started ServerConnector@14681358{HTTP/1.1,[http/1.1]}{0.0.0.0:34914}
2019-08-08 03:27:20,800 INFO  server.Server (Server.java:doStart(419)) - Started @78854ms
2019-08-08 03:27:20,801 INFO  server.BaseHttpServer (BaseHttpServer.java:updateConnectorAddress(207)) - HTTP server of HDDSDATANODE is listening at http://0.0.0.0:34914
2019-08-08 03:27:20,925 INFO  ozone.HddsDatanodeService (HddsDatanodeService.java:startPlugins(395)) - Started plug-in org.apache.hadoop.ozone.web.OzoneHddsDatanodeService@2fe78d1
2019-08-08 03:27:20,925 INFO  impl.MetricsSystemImpl (MetricsSystemImpl.java:init(158)) - HddsDatanode metrics system started (again)
2019-08-08 03:27:20,934 INFO  util.JvmPauseMonitor (JvmPauseMonitor.java:run(188)) - Starting JVM pause monitor
2019-08-08 03:27:20,934 INFO  ozone.HddsDatanodeService (HddsDatanodeService.java:start(184)) - HddsDatanodeService host:byscane-nightly-5b87q-1102612012 ip:192.168.5.133
2019-08-08 03:27:20,935 INFO  datanode.InitDatanodeState (InitDatanodeState.java:persistContainerDatanodeDetails(140)) - DatanodeDetails is persisted to /workdir/hadoop-ozone/integration-test/target/test-dir/MiniOzoneClusterImpl-941576e3-e170-4a7f-9dad-67a5afb83a4e/datanode-1/meta/datanode.id
2019-08-08 03:27:20,943 INFO  volume.HddsVolume (HddsVolume.java:<init>(176)) - Creating Volume: /workdir/hadoop-ozone/integration-test/target/test-dir/MiniOzoneClusterImpl-941576e3-e170-4a7f-9dad-67a5afb83a4e/datanode-2/data/containers/hdds of  storage type : DISK and capacity : 52710309888
2019-08-08 03:27:20,943 INFO  volume.VolumeSet (VolumeSet.java:initializeVolumeSet(170)) - Added Volume : /workdir/hadoop-ozone/integration-test/target/test-dir/MiniOzoneClusterImpl-941576e3-e170-4a7f-9dad-67a5afb83a4e/datanode-2/data/containers/hdds to VolumeSet
2019-08-08 03:27:20,944 INFO  volume.ThrottledAsyncChecker (ThrottledAsyncChecker.java:schedule(140)) - Scheduling a check for org.apache.hadoop.ozone.container.common.volume.HddsVolume@19cd4fef
2019-08-08 03:27:20,944 INFO  volume.HddsVolumeChecker (HddsVolumeChecker.java:checkAllVolumes(203)) - Scheduled health check for volume org.apache.hadoop.ozone.container.common.volume.HddsVolume@19cd4fef
2019-08-08 03:27:20,958 INFO  impl.RaftServerProxy (ConfUtils.java:logGet(43)) - raft.rpc.type = GRPC (default)
2019-08-08 03:27:20,958 INFO  grpc.GrpcFactory (GrpcFactory.java:checkPooledByteBufAllocatorUseCacheForAllThreads(45)) - PERFORMANCE WARNING: useCacheForAllThreads is true that may cause Netty to create a lot garbage objects and, as a result, trigger GC.
	It is recommended to disable useCacheForAllThreads by setting -Dorg.apache.ratis.thirdparty.io.netty.allocator.useCacheForAllThreads=false in command line.
2019-08-08 03:27:20,959 INFO  grpc.GrpcConfigKeys$Server (ConfUtils.java:logGet(43)) - raft.grpc.server.port = 0 (default)
2019-08-08 03:27:20,959 INFO  server.GrpcService (ConfUtils.java:logGet(43)) - raft.grpc.message.size.max = 33570816 (custom)
2019-08-08 03:27:20,959 INFO  server.RaftServerConfigKeys (ConfUtils.java:logGet(43)) - raft.server.log.appender.buffer.byte-limit = 33554432 (custom)
2019-08-08 03:27:20,959 INFO  server.GrpcService (ConfUtils.java:logGet(43)) - raft.grpc.flow.control.window = 1MB (=1048576) (default)
2019-08-08 03:27:20,959 INFO  server.RaftServerConfigKeys (ConfUtils.java:logGet(43)) - raft.server.rpc.request.timeout = 3000ms (default)
2019-08-08 03:27:20,960 INFO  server.RaftServerConfigKeys (ConfUtils.java:logGet(43)) - raft.server.storage.dir = [/workdir/hadoop-ozone/integration-test/target/test-dir/MiniOzoneClusterImpl-941576e3-e170-4a7f-9dad-67a5afb83a4e/datanode-2/data/ratis] (custom)
2019-08-08 03:27:20,960 INFO  replication.SimpleContainerDownloader (SimpleContainerDownloader.java:<init>(72)) - Starting container downloader service to copy containers to replicate.
2019-08-08 03:27:20,961 INFO  hdfs.DFSUtil (DFSUtil.java:httpServerTemplateForNNAndJN(1641)) - Starting Web-server for hddsDatanode at: http://0.0.0.0:0
2019-08-08 03:27:20,964 INFO  server.AuthenticationFilter (AuthenticationFilter.java:constructSecretProvider(240)) - Unable to initialize FileSignerSecretProvider, falling back to use random secrets.
2019-08-08 03:27:20,964 WARN  http.HttpRequestLog (HttpRequestLog.java:getRequestLog(97)) - Jetty request log can only be enabled using Log4j
2019-08-08 03:27:20,966 INFO  http.HttpServer2 (HttpServer2.java:addGlobalFilter(975)) - Added global filter 'safety' (class=org.apache.hadoop.http.HttpServer2$QuotingInputFilter)
2019-08-08 03:27:20,967 INFO  http.HttpServer2 (HttpServer2.java:addFilter(948)) - Added filter static_user_filter (class=org.apache.hadoop.http.lib.StaticUserWebFilter$StaticUserFilter) to context hddsDatanode
2019-08-08 03:27:20,967 INFO  http.HttpServer2 (HttpServer2.java:addFilter(958)) - Added filter static_user_filter (class=org.apache.hadoop.http.lib.StaticUserWebFilter$StaticUserFilter) to context logs
2019-08-08 03:27:20,967 INFO  http.HttpServer2 (HttpServer2.java:addFilter(958)) - Added filter static_user_filter (class=org.apache.hadoop.http.lib.StaticUserWebFilter$StaticUserFilter) to context static
2019-08-08 03:27:20,968 INFO  http.HttpServer2 (HttpServer2.java:bindListener(1191)) - Jetty bound to port 37702
2019-08-08 03:27:20,969 INFO  server.Server (Server.java:doStart(351)) - jetty-9.3.24.v20180605, build timestamp: 2018-06-05T17:11:56Z, git hash: 84205aa28f11a4f31f2a3b86d1bba2cc8ab69827
2019-08-08 03:27:20,971 INFO  handler.ContextHandler (ContextHandler.java:doStart(781)) - Started o.e.j.s.ServletContextHandler@49df0a0c{/logs,file:///workdir/hadoop-ozone/integration-test/target/log,AVAILABLE}
2019-08-08 03:27:20,972 INFO  handler.ContextHandler (ContextHandler.java:doStart(781)) - Started o.e.j.s.ServletContextHandler@5143cd8d{/static,jar:file:/home/user/.m2/repository/org/apache/hadoop/hadoop-hdds-container-service/0.4.1-SNAPSHOT/hadoop-hdds-container-service-0.4.1-SNAPSHOT.jar!/webapps/static,AVAILABLE}
2019-08-08 03:27:21,014 INFO  handler.ContextHandler (ContextHandler.java:doStart(781)) - Started o.e.j.w.WebAppContext@b9fe8cd{/,file:///tmp/jetty-0.0.0.0-37702-hddsDatanode-_-any-6441649782823974645.dir/webapp/,AVAILABLE}{/hddsDatanode}
2019-08-08 03:27:21,014 INFO  server.AbstractConnector (AbstractConnector.java:doStart(278)) - Started ServerConnector@58a16297{HTTP/1.1,[http/1.1]}{0.0.0.0:37702}
2019-08-08 03:27:21,016 INFO  server.Server (Server.java:doStart(419)) - Started @79070ms
2019-08-08 03:27:21,017 INFO  server.BaseHttpServer (BaseHttpServer.java:updateConnectorAddress(207)) - HTTP server of HDDSDATANODE is listening at http://0.0.0.0:37702
2019-08-08 03:27:21,176 INFO  ozone.HddsDatanodeService (HddsDatanodeService.java:startPlugins(395)) - Started plug-in org.apache.hadoop.ozone.web.OzoneHddsDatanodeService@170e81ae
2019-08-08 03:27:21,177 INFO  ozone.MiniOzoneClusterImpl (MiniOzoneClusterImpl.java:lambda$waitForClusterToBeReady$0(142)) - Waiting for cluster to be ready. Got 0 of 3 DN Heartbeats.
2019-08-08 03:27:21,178 INFO  util.JvmPauseMonitor (JvmPauseMonitor.java:run(188)) - Starting JVM pause monitor
2019-08-08 03:27:21,180 INFO  datanode.InitDatanodeState (InitDatanodeState.java:persistContainerDatanodeDetails(140)) - DatanodeDetails is persisted to /workdir/hadoop-ozone/integration-test/target/test-dir/MiniOzoneClusterImpl-941576e3-e170-4a7f-9dad-67a5afb83a4e/datanode-2/meta/datanode.id
2019-08-08 03:27:22,177 INFO  ozone.MiniOzoneClusterImpl (MiniOzoneClusterImpl.java:lambda$waitForClusterToBeReady$0(142)) - Waiting for cluster to be ready. Got 0 of 3 DN Heartbeats.
2019-08-08 03:27:22,745 INFO  ozoneimpl.OzoneContainer (OzoneContainer.java:start(186)) - Attempting to start container services.
2019-08-08 03:27:22,746 INFO  ozoneimpl.OzoneContainer (OzoneContainer.java:startContainerScrub(160)) - Background container scrubber has been disabled by hdds.containerscrub.enabled
2019-08-08 03:27:22,746 INFO  ratis.XceiverServerRatis (XceiverServerRatis.java:start(404)) - Starting XceiverServerRatis 687599c5-c16c-4bec-bf81-393126fba56b at port 0
2019-08-08 03:27:22,754 INFO  impl.RaftServerProxy (RaftServerProxy.java:lambda$start$3(299)) - 687599c5-c16c-4bec-bf81-393126fba56b: start RPC server
2019-08-08 03:27:22,758 INFO  server.GrpcService (GrpcService.java:startImpl(149)) - 687599c5-c16c-4bec-bf81-393126fba56b: GrpcService started, listening on 0.0.0.0/0.0.0.0:41468
2019-08-08 03:27:22,758 INFO  ratis.XceiverServerRatis (XceiverServerRatis.java:start(414)) - XceiverServerRatis 687599c5-c16c-4bec-bf81-393126fba56b is started using port 41468
2019-08-08 03:27:22,775 INFO  server.XceiverServerGrpc (XceiverServerGrpc.java:start(161)) - XceiverServerGrpc 687599c5-c16c-4bec-bf81-393126fba56b is started using port 42203
2019-08-08 03:27:22,949 INFO  ozoneimpl.OzoneContainer (OzoneContainer.java:start(186)) - Attempting to start container services.
2019-08-08 03:27:22,950 INFO  ozoneimpl.OzoneContainer (OzoneContainer.java:startContainerScrub(160)) - Background container scrubber has been disabled by hdds.containerscrub.enabled
2019-08-08 03:27:22,950 INFO  ratis.XceiverServerRatis (XceiverServerRatis.java:start(404)) - Starting XceiverServerRatis ea377136-26e2-484b-ada6-c14952883d88 at port 0
2019-08-08 03:27:22,958 INFO  impl.RaftServerProxy (RaftServerProxy.java:lambda$start$3(299)) - ea377136-26e2-484b-ada6-c14952883d88: start RPC server
2019-08-08 03:27:22,961 INFO  server.GrpcService (GrpcService.java:startImpl(149)) - ea377136-26e2-484b-ada6-c14952883d88: GrpcService started, listening on 0.0.0.0/0.0.0.0:36891
2019-08-08 03:27:22,962 INFO  ratis.XceiverServerRatis (XceiverServerRatis.java:start(414)) - XceiverServerRatis ea377136-26e2-484b-ada6-c14952883d88 is started using port 36891
2019-08-08 03:27:22,964 INFO  server.XceiverServerGrpc (XceiverServerGrpc.java:start(161)) - XceiverServerGrpc ea377136-26e2-484b-ada6-c14952883d88 is started using port 35804
2019-08-08 03:27:23,178 INFO  ozone.MiniOzoneClusterImpl (MiniOzoneClusterImpl.java:lambda$waitForClusterToBeReady$0(142)) - Waiting for cluster to be ready. Got 0 of 3 DN Heartbeats.
2019-08-08 03:27:23,193 INFO  ozoneimpl.OzoneContainer (OzoneContainer.java:start(186)) - Attempting to start container services.
2019-08-08 03:27:23,193 INFO  ozoneimpl.OzoneContainer (OzoneContainer.java:startContainerScrub(160)) - Background container scrubber has been disabled by hdds.containerscrub.enabled
2019-08-08 03:27:23,193 INFO  ratis.XceiverServerRatis (XceiverServerRatis.java:start(404)) - Starting XceiverServerRatis de54250b-1717-4432-82a0-36fa9a777c55 at port 0
2019-08-08 03:27:23,202 INFO  impl.RaftServerProxy (RaftServerProxy.java:lambda$start$3(299)) - de54250b-1717-4432-82a0-36fa9a777c55: start RPC server
2019-08-08 03:27:23,206 INFO  server.GrpcService (GrpcService.java:startImpl(149)) - de54250b-1717-4432-82a0-36fa9a777c55: GrpcService started, listening on 0.0.0.0/0.0.0.0:34783
2019-08-08 03:27:23,206 INFO  ratis.XceiverServerRatis (XceiverServerRatis.java:start(414)) - XceiverServerRatis de54250b-1717-4432-82a0-36fa9a777c55 is started using port 34783
2019-08-08 03:27:23,221 INFO  server.XceiverServerGrpc (XceiverServerGrpc.java:start(161)) - XceiverServerGrpc de54250b-1717-4432-82a0-36fa9a777c55 is started using port 41027
2019-08-08 03:27:24,178 INFO  ozone.MiniOzoneClusterImpl (MiniOzoneClusterImpl.java:lambda$waitForClusterToBeReady$0(142)) - Waiting for cluster to be ready. Got 0 of 3 DN Heartbeats.
2019-08-08 03:27:24,732 INFO  net.NetworkTopology (NetworkTopologyImpl.java:add(110)) - Added a new node: /default-rack/687599c5-c16c-4bec-bf81-393126fba56b
2019-08-08 03:27:24,735 INFO  node.SCMNodeManager (SCMNodeManager.java:register(273)) - Registered Data node : 687599c5-c16c-4bec-bf81-393126fba56b{ip: 192.168.5.133, host: byscane-nightly-5b87q-1102612012, networkLocation: /default-rack, certSerialId: null}
2019-08-08 03:27:24,736 INFO  safemode.SCMSafeModeManager (DataNodeSafeModeRule.java:process(71)) - SCM in safe mode. 1 DataNodes registered, 1 required.
2019-08-08 03:27:24,738 INFO  safemode.SCMSafeModeManager (SCMSafeModeManager.java:validateSafeModeExitRules(177)) - ScmSafeModeManager, all rules are successfully validated
2019-08-08 03:27:24,739 INFO  safemode.SCMSafeModeManager (SCMSafeModeManager.java:exitSafeMode(193)) - SCM exiting safe mode.
2019-08-08 03:27:24,764 INFO  impl.RaftServerProxy (RaftServerProxy.java:addNew(89)) - 687599c5-c16c-4bec-bf81-393126fba56b: addNew group-2A6465579B81:[687599c5-c16c-4bec-bf81-393126fba56b:192.168.5.133:41468] returns group-2A6465579B81:java.util.concurrent.CompletableFuture@684b4ae8[Not completed]
2019-08-08 03:27:24,766 INFO  impl.RaftServerImpl (RaftServerImpl.java:<init>(93)) - 687599c5-c16c-4bec-bf81-393126fba56b: new RaftServerImpl for group-2A6465579B81:[687599c5-c16c-4bec-bf81-393126fba56b:192.168.5.133:41468] with ContainerStateMachine:uninitialized
2019-08-08 03:27:24,766 INFO  server.RaftServerConfigKeys (ConfUtils.java:logGet(43)) - raft.server.rpc.timeout.min = 5s (custom)
2019-08-08 03:27:24,766 INFO  server.RaftServerConfigKeys (ConfUtils.java:logGet(43)) - raft.server.rpc.timeout.max = 5200ms (custom)
2019-08-08 03:27:24,766 INFO  server.RaftServerConfigKeys (ConfUtils.java:logGet(43)) - raft.server.rpcslowness.timeout = 120s (custom)
2019-08-08 03:27:24,767 INFO  server.RaftServerConfigKeys (ConfUtils.java:logGet(43)) - raft.server.sleep.deviation.threshold = 300 (default)
2019-08-08 03:27:24,767 INFO  server.RaftServerConfigKeys (ConfUtils.java:logGet(43)) - raft.server.log.appender.install.snapshot.enabled = false (custom)
2019-08-08 03:27:24,767 INFO  impl.RaftServerImpl (ServerState.java:<init>(105)) - 687599c5-c16c-4bec-bf81-393126fba56b:group-2A6465579B81 ConfigurationManager, init=-1: [687599c5-c16c-4bec-bf81-393126fba56b:192.168.5.133:41468], old=null, confs=<EMPTY_MAP>
2019-08-08 03:27:24,767 INFO  server.RaftServerConfigKeys (ConfUtils.java:logGet(43)) - raft.server.storage.dir = [/workdir/hadoop-ozone/integration-test/target/test-dir/MiniOzoneClusterImpl-941576e3-e170-4a7f-9dad-67a5afb83a4e/datanode-0/data/ratis] (custom)
2019-08-08 03:27:24,768 INFO  storage.RaftStorageDirectory (RaftStorageDirectory.java:analyzeStorage(246)) - The storage directory /workdir/hadoop-ozone/integration-test/target/test-dir/MiniOzoneClusterImpl-941576e3-e170-4a7f-9dad-67a5afb83a4e/datanode-0/data/ratis/6338e3a2-820b-49f6-8e6e-2a6465579b81 does not exist. Creating ...
2019-08-08 03:27:24,793 INFO  storage.RaftStorageDirectory (RaftStorageDirectory.java:tryLock(328)) - Lock on /workdir/hadoop-ozone/integration-test/target/test-dir/MiniOzoneClusterImpl-941576e3-e170-4a7f-9dad-67a5afb83a4e/datanode-0/data/ratis/6338e3a2-820b-49f6-8e6e-2a6465579b81/in_use.lock acquired by nodename 24306@byscane-nightly-5b87q-1102612012
2019-08-08 03:27:24,808 INFO  storage.RaftStorage (RaftStorage.java:format(72)) - Storage directory /workdir/hadoop-ozone/integration-test/target/test-dir/MiniOzoneClusterImpl-941576e3-e170-4a7f-9dad-67a5afb83a4e/datanode-0/data/ratis/6338e3a2-820b-49f6-8e6e-2a6465579b81 has been successfully formatted.
2019-08-08 03:27:24,808 INFO  ratis.ContainerStateMachine (ContainerStateMachine.java:loadSnapshot(213)) - group-2A6465579B81: The snapshot info is null. Setting the last applied indexto:(t:0, i:~)
2019-08-08 03:27:24,808 INFO  server.RaftServerConfigKeys (ConfUtils.java:logGet(43)) - raft.server.leader.election.timeout = 120s (custom)
2019-08-08 03:27:24,808 INFO  server.RaftServerConfigKeys (ConfUtils.java:logGet(43)) - raft.server.log.use.memory = false (default)
2019-08-08 03:27:24,809 INFO  server.RaftServerConfigKeys (ConfUtils.java:logGet(43)) - raft.server.log.purge.gap = 1000000000 (custom)
2019-08-08 03:27:24,809 INFO  server.RaftServerConfigKeys (ConfUtils.java:logGet(43)) - raft.server.log.appender.buffer.byte-limit = 33554432 (custom)
2019-08-08 03:27:24,809 INFO  server.RaftServerConfigKeys (ConfUtils.java:logGet(43)) - raft.server.log.segment.size.max = 1048576 (custom)
2019-08-08 03:27:24,809 INFO  server.RaftServerConfigKeys (ConfUtils.java:logGet(43)) - raft.server.log.segment.cache.num.max = 2 (custom)
2019-08-08 03:27:24,809 INFO  segmented.SegmentedRaftLogWorker (SegmentedRaftLogWorker.java:<init>(172)) - new 687599c5-c16c-4bec-bf81-393126fba56b-SegmentedRaftLogWorker:Storage Directory /workdir/hadoop-ozone/integration-test/target/test-dir/MiniOzoneClusterImpl-941576e3-e170-4a7f-9dad-67a5afb83a4e/datanode-0/data/ratis/6338e3a2-820b-49f6-8e6e-2a6465579b81 for RaftStorage:Storage Directory /workdir/hadoop-ozone/integration-test/target/test-dir/MiniOzoneClusterImpl-941576e3-e170-4a7f-9dad-67a5afb83a4e/datanode-0/data/ratis/6338e3a2-820b-49f6-8e6e-2a6465579b81
2019-08-08 03:27:24,810 INFO  server.RaftServerConfigKeys (ConfUtils.java:logGet(43)) - raft.server.log.queue.byte-limit = 2147483647 (custom)
2019-08-08 03:27:24,810 INFO  server.RaftServerConfigKeys (ConfUtils.java:logGet(43)) - raft.server.log.queue.element-limit = 1024 (custom)
2019-08-08 03:27:24,810 INFO  server.RaftServerConfigKeys (ConfUtils.java:logGet(43)) - raft.server.log.segment.size.max = 1048576 (custom)
2019-08-08 03:27:24,811 INFO  server.RaftServerConfigKeys (ConfUtils.java:logGet(43)) - raft.server.log.preallocated.size = 16384 (custom)
2019-08-08 03:27:24,811 INFO  server.RaftServerConfigKeys (ConfUtils.java:logGet(43)) - raft.server.log.write.buffer.size = 33554432 (custom)
2019-08-08 03:27:24,811 INFO  server.RaftServerConfigKeys (ConfUtils.java:logGet(43)) - raft.server.log.force.sync.num = 128 (default)
2019-08-08 03:27:24,811 INFO  server.RaftServerConfigKeys (ConfUtils.java:logGet(43)) - raft.server.log.statemachine.data.sync = true (default)
2019-08-08 03:27:24,811 INFO  server.RaftServerConfigKeys (ConfUtils.java:logGet(43)) - raft.server.log.statemachine.data.sync.timeout = 10s (default)
2019-08-08 03:27:24,811 INFO  server.RaftServerConfigKeys (ConfUtils.java:logGet(43)) - raft.server.log.statemachine.data.sync.timeout.retry = -1 (default)
2019-08-08 03:27:24,812 INFO  server.RaftServerConfigKeys (ConfUtils.java:logGet(43)) - raft.server.log.statemachine.data.caching.enabled = true (custom)
2019-08-08 03:27:24,812 INFO  segmented.SegmentedRaftLogWorker (SegmentedRaftLogWorker.java:lambda$new$0(132)) - 687599c5-c16c-4bec-bf81-393126fba56b-SegmentedRaftLogWorker:Storage Directory /workdir/hadoop-ozone/integration-test/target/test-dir/MiniOzoneClusterImpl-941576e3-e170-4a7f-9dad-67a5afb83a4e/datanode-0/data/ratis/6338e3a2-820b-49f6-8e6e-2a6465579b81: flushIndex: setUnconditionally 0 -> -1
2019-08-08 03:27:24,813 INFO  server.RaftServerConfigKeys (ConfUtils.java:logGet(43)) - raft.server.snapshot.auto.trigger.enabled = true (custom)
2019-08-08 03:27:24,813 INFO  server.RaftServerConfigKeys (ConfUtils.java:logGet(43)) - raft.server.snapshot.auto.trigger.threshold = 10000 (custom)
2019-08-08 03:27:24,813 INFO  server.RaftServerConfigKeys (ConfUtils.java:logGet(43)) - raft.server.retrycache.expirytime = 600000ms (custom)
2019-08-08 03:27:24,814 INFO  impl.RaftServerImpl (RaftServerImpl.java:start(180)) - 687599c5-c16c-4bec-bf81-393126fba56b: start group-2A6465579B81
2019-08-08 03:27:24,814 INFO  impl.RaftServerImpl (RaftServerImpl.java:setRole(171)) - 687599c5-c16c-4bec-bf81-393126fba56b:group-2A6465579B81 changes role from null to FOLLOWER at term 0 for startAsFollower
2019-08-08 03:27:24,814 INFO  impl.RoleInfo (RoleInfo.java:updateAndGet(143)) - 687599c5-c16c-4bec-bf81-393126fba56b: start FollowerState
2019-08-08 03:27:24,814 INFO  util.JmxRegister (JmxRegister.java:tryRegister(44)) - Successfully registered JMX Bean with object name Ratis:service=RaftServer,group=group-2A6465579B81,id=687599c5-c16c-4bec-bf81-393126fba56b
2019-08-08 03:27:24,826 INFO  pipeline.PipelineStateManager (PipelineStateManager.java:addPipeline(56)) - Created pipeline Pipeline[ Id: 6338e3a2-820b-49f6-8e6e-2a6465579b81, Nodes: 687599c5-c16c-4bec-bf81-393126fba56b{ip: 192.168.5.133, host: byscane-nightly-5b87q-1102612012, networkLocation: /default-rack, certSerialId: null}, Type:RATIS, Factor:ONE, State:OPEN]
2019-08-08 03:27:24,935 INFO  net.NetworkTopology (NetworkTopologyImpl.java:add(110)) - Added a new node: /default-rack/ea377136-26e2-484b-ada6-c14952883d88
2019-08-08 03:27:24,936 INFO  node.SCMNodeManager (SCMNodeManager.java:register(273)) - Registered Data node : ea377136-26e2-484b-ada6-c14952883d88{ip: 192.168.5.133, host: byscane-nightly-5b87q-1102612012, networkLocation: /default-rack, certSerialId: null}
2019-08-08 03:27:24,959 INFO  impl.RaftServerProxy (RaftServerProxy.java:addNew(89)) - ea377136-26e2-484b-ada6-c14952883d88: addNew group-878FEEAC4BDB:[ea377136-26e2-484b-ada6-c14952883d88:192.168.5.133:36891] returns group-878FEEAC4BDB:java.util.concurrent.CompletableFuture@4868912c[Not completed]
2019-08-08 03:27:24,960 INFO  impl.RaftServerImpl (RaftServerImpl.java:<init>(93)) - ea377136-26e2-484b-ada6-c14952883d88: new RaftServerImpl for group-878FEEAC4BDB:[ea377136-26e2-484b-ada6-c14952883d88:192.168.5.133:36891] with ContainerStateMachine:uninitialized
2019-08-08 03:27:24,960 INFO  server.RaftServerConfigKeys (ConfUtils.java:logGet(43)) - raft.server.rpc.timeout.min = 5s (custom)
2019-08-08 03:27:24,961 INFO  server.RaftServerConfigKeys (ConfUtils.java:logGet(43)) - raft.server.rpc.timeout.max = 5200ms (custom)
2019-08-08 03:27:24,961 INFO  server.RaftServerConfigKeys (ConfUtils.java:logGet(43)) - raft.server.rpcslowness.timeout = 120s (custom)
2019-08-08 03:27:24,961 INFO  server.RaftServerConfigKeys (ConfUtils.java:logGet(43)) - raft.server.sleep.deviation.threshold = 300 (default)
2019-08-08 03:27:24,961 INFO  server.RaftServerConfigKeys (ConfUtils.java:logGet(43)) - raft.server.log.appender.install.snapshot.enabled = false (custom)
2019-08-08 03:27:24,961 INFO  impl.RaftServerImpl (ServerState.java:<init>(105)) - ea377136-26e2-484b-ada6-c14952883d88:group-878FEEAC4BDB ConfigurationManager, init=-1: [ea377136-26e2-484b-ada6-c14952883d88:192.168.5.133:36891], old=null, confs=<EMPTY_MAP>
2019-08-08 03:27:24,962 INFO  server.RaftServerConfigKeys (ConfUtils.java:logGet(43)) - raft.server.storage.dir = [/workdir/hadoop-ozone/integration-test/target/test-dir/MiniOzoneClusterImpl-941576e3-e170-4a7f-9dad-67a5afb83a4e/datanode-1/data/ratis] (custom)
2019-08-08 03:27:24,962 INFO  storage.RaftStorageDirectory (RaftStorageDirectory.java:analyzeStorage(246)) - The storage directory /workdir/hadoop-ozone/integration-test/target/test-dir/MiniOzoneClusterImpl-941576e3-e170-4a7f-9dad-67a5afb83a4e/datanode-1/data/ratis/c699055c-a212-4a20-a5cf-878feeac4bdb does not exist. Creating ...
2019-08-08 03:27:24,975 INFO  storage.RaftStorageDirectory (RaftStorageDirectory.java:tryLock(328)) - Lock on /workdir/hadoop-ozone/integration-test/target/test-dir/MiniOzoneClusterImpl-941576e3-e170-4a7f-9dad-67a5afb83a4e/datanode-1/data/ratis/c699055c-a212-4a20-a5cf-878feeac4bdb/in_use.lock acquired by nodename 24306@byscane-nightly-5b87q-1102612012
2019-08-08 03:27:24,988 INFO  storage.RaftStorage (RaftStorage.java:format(72)) - Storage directory /workdir/hadoop-ozone/integration-test/target/test-dir/MiniOzoneClusterImpl-941576e3-e170-4a7f-9dad-67a5afb83a4e/datanode-1/data/ratis/c699055c-a212-4a20-a5cf-878feeac4bdb has been successfully formatted.
2019-08-08 03:27:24,988 INFO  ratis.ContainerStateMachine (ContainerStateMachine.java:loadSnapshot(213)) - group-878FEEAC4BDB: The snapshot info is null. Setting the last applied indexto:(t:0, i:~)
2019-08-08 03:27:24,988 INFO  server.RaftServerConfigKeys (ConfUtils.java:logGet(43)) - raft.server.leader.election.timeout = 120s (custom)
2019-08-08 03:27:24,989 INFO  server.RaftServerConfigKeys (ConfUtils.java:logGet(43)) - raft.server.log.use.memory = false (default)
2019-08-08 03:27:24,989 INFO  server.RaftServerConfigKeys (ConfUtils.java:logGet(43)) - raft.server.log.purge.gap = 1000000000 (custom)
2019-08-08 03:27:24,989 INFO  server.RaftServerConfigKeys (ConfUtils.java:logGet(43)) - raft.server.log.appender.buffer.byte-limit = 33554432 (custom)
2019-08-08 03:27:24,989 INFO  server.RaftServerConfigKeys (ConfUtils.java:logGet(43)) - raft.server.log.segment.size.max = 1048576 (custom)
2019-08-08 03:27:24,989 INFO  server.RaftServerConfigKeys (ConfUtils.java:logGet(43)) - raft.server.log.segment.cache.num.max = 2 (custom)
2019-08-08 03:27:24,989 INFO  segmented.SegmentedRaftLogWorker (SegmentedRaftLogWorker.java:<init>(172)) - new ea377136-26e2-484b-ada6-c14952883d88-SegmentedRaftLogWorker:Storage Directory /workdir/hadoop-ozone/integration-test/target/test-dir/MiniOzoneClusterImpl-941576e3-e170-4a7f-9dad-67a5afb83a4e/datanode-1/data/ratis/c699055c-a212-4a20-a5cf-878feeac4bdb for RaftStorage:Storage Directory /workdir/hadoop-ozone/integration-test/target/test-dir/MiniOzoneClusterImpl-941576e3-e170-4a7f-9dad-67a5afb83a4e/datanode-1/data/ratis/c699055c-a212-4a20-a5cf-878feeac4bdb
2019-08-08 03:27:24,990 INFO  server.RaftServerConfigKeys (ConfUtils.java:logGet(43)) - raft.server.log.queue.byte-limit = 2147483647 (custom)
2019-08-08 03:27:24,990 INFO  server.RaftServerConfigKeys (ConfUtils.java:logGet(43)) - raft.server.log.queue.element-limit = 1024 (custom)
2019-08-08 03:27:24,990 INFO  server.RaftServerConfigKeys (ConfUtils.java:logGet(43)) - raft.server.log.segment.size.max = 1048576 (custom)
2019-08-08 03:27:24,990 INFO  server.RaftServerConfigKeys (ConfUtils.java:logGet(43)) - raft.server.log.preallocated.size = 16384 (custom)
2019-08-08 03:27:24,991 INFO  server.RaftServerConfigKeys (ConfUtils.java:logGet(43)) - raft.server.log.write.buffer.size = 33554432 (custom)
2019-08-08 03:27:24,991 INFO  server.RaftServerConfigKeys (ConfUtils.java:logGet(43)) - raft.server.log.force.sync.num = 128 (default)
2019-08-08 03:27:24,991 INFO  server.RaftServerConfigKeys (ConfUtils.java:logGet(43)) - raft.server.log.statemachine.data.sync = true (default)
2019-08-08 03:27:24,991 INFO  server.RaftServerConfigKeys (ConfUtils.java:logGet(43)) - raft.server.log.statemachine.data.sync.timeout = 10s (default)
2019-08-08 03:27:24,991 INFO  server.RaftServerConfigKeys (ConfUtils.java:logGet(43)) - raft.server.log.statemachine.data.sync.timeout.retry = -1 (default)
2019-08-08 03:27:24,992 INFO  server.RaftServerConfigKeys (ConfUtils.java:logGet(43)) - raft.server.log.statemachine.data.caching.enabled = true (custom)
2019-08-08 03:27:24,992 INFO  segmented.SegmentedRaftLogWorker (SegmentedRaftLogWorker.java:lambda$new$0(132)) - ea377136-26e2-484b-ada6-c14952883d88-SegmentedRaftLogWorker:Storage Directory /workdir/hadoop-ozone/integration-test/target/test-dir/MiniOzoneClusterImpl-941576e3-e170-4a7f-9dad-67a5afb83a4e/datanode-1/data/ratis/c699055c-a212-4a20-a5cf-878feeac4bdb: flushIndex: setUnconditionally 0 -> -1
2019-08-08 03:27:24,992 INFO  server.RaftServerConfigKeys (ConfUtils.java:logGet(43)) - raft.server.snapshot.auto.trigger.enabled = true (custom)
2019-08-08 03:27:24,992 INFO  server.RaftServerConfigKeys (ConfUtils.java:logGet(43)) - raft.server.snapshot.auto.trigger.threshold = 10000 (custom)
2019-08-08 03:27:24,993 INFO  server.RaftServerConfigKeys (ConfUtils.java:logGet(43)) - raft.server.retrycache.expirytime = 600000ms (custom)
2019-08-08 03:27:24,993 INFO  impl.RaftServerImpl (RaftServerImpl.java:start(180)) - ea377136-26e2-484b-ada6-c14952883d88: start group-878FEEAC4BDB
2019-08-08 03:27:24,993 INFO  impl.RaftServerImpl (RaftServerImpl.java:setRole(171)) - ea377136-26e2-484b-ada6-c14952883d88:group-878FEEAC4BDB changes role from null to FOLLOWER at term 0 for startAsFollower
2019-08-08 03:27:24,993 INFO  impl.RoleInfo (RoleInfo.java:updateAndGet(143)) - ea377136-26e2-484b-ada6-c14952883d88: start FollowerState
2019-08-08 03:27:24,994 INFO  util.JmxRegister (JmxRegister.java:tryRegister(44)) - Successfully registered JMX Bean with object name Ratis:service=RaftServer,group=group-878FEEAC4BDB,id=ea377136-26e2-484b-ada6-c14952883d88
2019-08-08 03:27:25,009 INFO  pipeline.PipelineStateManager (PipelineStateManager.java:addPipeline(56)) - Created pipeline Pipeline[ Id: c699055c-a212-4a20-a5cf-878feeac4bdb, Nodes: ea377136-26e2-484b-ada6-c14952883d88{ip: 192.168.5.133, host: byscane-nightly-5b87q-1102612012, networkLocation: /default-rack, certSerialId: null}, Type:RATIS, Factor:ONE, State:OPEN]
2019-08-08 03:27:25,179 INFO  ozone.MiniOzoneClusterImpl (MiniOzoneClusterImpl.java:lambda$waitForClusterToBeReady$0(142)) - Waiting for cluster to be ready. Got 2 of 3 DN Heartbeats.
2019-08-08 03:27:25,180 INFO  net.NetworkTopology (NetworkTopologyImpl.java:add(110)) - Added a new node: /default-rack/de54250b-1717-4432-82a0-36fa9a777c55
2019-08-08 03:27:25,180 INFO  node.SCMNodeManager (SCMNodeManager.java:register(273)) - Registered Data node : de54250b-1717-4432-82a0-36fa9a777c55{ip: 192.168.5.133, host: byscane-nightly-5b87q-1102612012, networkLocation: /default-rack, certSerialId: null}
2019-08-08 03:27:25,201 INFO  impl.RaftServerProxy (RaftServerProxy.java:addNew(89)) - de54250b-1717-4432-82a0-36fa9a777c55: addNew group-01116DE6F942:[de54250b-1717-4432-82a0-36fa9a777c55:192.168.5.133:34783] returns group-01116DE6F942:java.util.concurrent.CompletableFuture@729c0643[Not completed]
2019-08-08 03:27:25,203 INFO  impl.RaftServerImpl (RaftServerImpl.java:<init>(93)) - de54250b-1717-4432-82a0-36fa9a777c55: new RaftServerImpl for group-01116DE6F942:[de54250b-1717-4432-82a0-36fa9a777c55:192.168.5.133:34783] with ContainerStateMachine:uninitialized
2019-08-08 03:27:25,203 INFO  server.RaftServerConfigKeys (ConfUtils.java:logGet(43)) - raft.server.rpc.timeout.min = 5s (custom)
2019-08-08 03:27:25,203 INFO  server.RaftServerConfigKeys (ConfUtils.java:logGet(43)) - raft.server.rpc.timeout.max = 5200ms (custom)
2019-08-08 03:27:25,203 INFO  server.RaftServerConfigKeys (ConfUtils.java:logGet(43)) - raft.server.rpcslowness.timeout = 120s (custom)
2019-08-08 03:27:25,204 INFO  server.RaftServerConfigKeys (ConfUtils.java:logGet(43)) - raft.server.sleep.deviation.threshold = 300 (default)
2019-08-08 03:27:25,204 INFO  server.RaftServerConfigKeys (ConfUtils.java:logGet(43)) - raft.server.log.appender.install.snapshot.enabled = false (custom)
2019-08-08 03:27:25,204 INFO  impl.RaftServerImpl (ServerState.java:<init>(105)) - de54250b-1717-4432-82a0-36fa9a777c55:group-01116DE6F942 ConfigurationManager, init=-1: [de54250b-1717-4432-82a0-36fa9a777c55:192.168.5.133:34783], old=null, confs=<EMPTY_MAP>
2019-08-08 03:27:25,204 INFO  server.RaftServerConfigKeys (ConfUtils.java:logGet(43)) - raft.server.storage.dir = [/workdir/hadoop-ozone/integration-test/target/test-dir/MiniOzoneClusterImpl-941576e3-e170-4a7f-9dad-67a5afb83a4e/datanode-2/data/ratis] (custom)
2019-08-08 03:27:25,205 INFO  storage.RaftStorageDirectory (RaftStorageDirectory.java:analyzeStorage(246)) - The storage directory /workdir/hadoop-ozone/integration-test/target/test-dir/MiniOzoneClusterImpl-941576e3-e170-4a7f-9dad-67a5afb83a4e/datanode-2/data/ratis/d9d31fa8-b250-4d60-af0e-01116de6f942 does not exist. Creating ...
2019-08-08 03:27:25,209 INFO  storage.RaftStorageDirectory (RaftStorageDirectory.java:tryLock(328)) - Lock on /workdir/hadoop-ozone/integration-test/target/test-dir/MiniOzoneClusterImpl-941576e3-e170-4a7f-9dad-67a5afb83a4e/datanode-2/data/ratis/d9d31fa8-b250-4d60-af0e-01116de6f942/in_use.lock acquired by nodename 24306@byscane-nightly-5b87q-1102612012
2019-08-08 03:27:25,212 INFO  storage.RaftStorage (RaftStorage.java:format(72)) - Storage directory /workdir/hadoop-ozone/integration-test/target/test-dir/MiniOzoneClusterImpl-941576e3-e170-4a7f-9dad-67a5afb83a4e/datanode-2/data/ratis/d9d31fa8-b250-4d60-af0e-01116de6f942 has been successfully formatted.
2019-08-08 03:27:25,213 INFO  ratis.ContainerStateMachine (ContainerStateMachine.java:loadSnapshot(213)) - group-01116DE6F942: The snapshot info is null. Setting the last applied indexto:(t:0, i:~)
2019-08-08 03:27:25,213 INFO  server.RaftServerConfigKeys (ConfUtils.java:logGet(43)) - raft.server.leader.election.timeout = 120s (custom)
2019-08-08 03:27:25,213 INFO  server.RaftServerConfigKeys (ConfUtils.java:logGet(43)) - raft.server.log.use.memory = false (default)
2019-08-08 03:27:25,213 INFO  server.RaftServerConfigKeys (ConfUtils.java:logGet(43)) - raft.server.log.purge.gap = 1000000000 (custom)
2019-08-08 03:27:25,213 INFO  server.RaftServerConfigKeys (ConfUtils.java:logGet(43)) - raft.server.log.appender.buffer.byte-limit = 33554432 (custom)
2019-08-08 03:27:25,214 INFO  server.RaftServerConfigKeys (ConfUtils.java:logGet(43)) - raft.server.log.segment.size.max = 1048576 (custom)
2019-08-08 03:27:25,214 INFO  server.RaftServerConfigKeys (ConfUtils.java:logGet(43)) - raft.server.log.segment.cache.num.max = 2 (custom)
2019-08-08 03:27:25,214 INFO  segmented.SegmentedRaftLogWorker (SegmentedRaftLogWorker.java:<init>(172)) - new de54250b-1717-4432-82a0-36fa9a777c55-SegmentedRaftLogWorker:Storage Directory /workdir/hadoop-ozone/integration-test/target/test-dir/MiniOzoneClusterImpl-941576e3-e170-4a7f-9dad-67a5afb83a4e/datanode-2/data/ratis/d9d31fa8-b250-4d60-af0e-01116de6f942 for RaftStorage:Storage Directory /workdir/hadoop-ozone/integration-test/target/test-dir/MiniOzoneClusterImpl-941576e3-e170-4a7f-9dad-67a5afb83a4e/datanode-2/data/ratis/d9d31fa8-b250-4d60-af0e-01116de6f942
2019-08-08 03:27:25,214 INFO  server.RaftServerConfigKeys (ConfUtils.java:logGet(43)) - raft.server.log.queue.byte-limit = 2147483647 (custom)
2019-08-08 03:27:25,214 INFO  server.RaftServerConfigKeys (ConfUtils.java:logGet(43)) - raft.server.log.queue.element-limit = 1024 (custom)
2019-08-08 03:27:25,215 INFO  server.RaftServerConfigKeys (ConfUtils.java:logGet(43)) - raft.server.log.segment.size.max = 1048576 (custom)
2019-08-08 03:27:25,215 INFO  server.RaftServerConfigKeys (ConfUtils.java:logGet(43)) - raft.server.log.preallocated.size = 16384 (custom)
2019-08-08 03:27:25,215 INFO  server.RaftServerConfigKeys (ConfUtils.java:logGet(43)) - raft.server.log.write.buffer.size = 33554432 (custom)
2019-08-08 03:27:25,215 INFO  server.RaftServerConfigKeys (ConfUtils.java:logGet(43)) - raft.server.log.force.sync.num = 128 (default)
2019-08-08 03:27:25,215 INFO  server.RaftServerConfigKeys (ConfUtils.java:logGet(43)) - raft.server.log.statemachine.data.sync = true (default)
2019-08-08 03:27:25,215 INFO  server.RaftServerConfigKeys (ConfUtils.java:logGet(43)) - raft.server.log.statemachine.data.sync.timeout = 10s (default)
2019-08-08 03:27:25,216 INFO  server.RaftServerConfigKeys (ConfUtils.java:logGet(43)) - raft.server.log.statemachine.data.sync.timeout.retry = -1 (default)
2019-08-08 03:27:25,216 INFO  server.RaftServerConfigKeys (ConfUtils.java:logGet(43)) - raft.server.log.statemachine.data.caching.enabled = true (custom)
2019-08-08 03:27:25,216 INFO  segmented.SegmentedRaftLogWorker (SegmentedRaftLogWorker.java:lambda$new$0(132)) - de54250b-1717-4432-82a0-36fa9a777c55-SegmentedRaftLogWorker:Storage Directory /workdir/hadoop-ozone/integration-test/target/test-dir/MiniOzoneClusterImpl-941576e3-e170-4a7f-9dad-67a5afb83a4e/datanode-2/data/ratis/d9d31fa8-b250-4d60-af0e-01116de6f942: flushIndex: setUnconditionally 0 -> -1
2019-08-08 03:27:25,217 INFO  server.RaftServerConfigKeys (ConfUtils.java:logGet(43)) - raft.server.snapshot.auto.trigger.enabled = true (custom)
2019-08-08 03:27:25,217 INFO  server.RaftServerConfigKeys (ConfUtils.java:logGet(43)) - raft.server.snapshot.auto.trigger.threshold = 10000 (custom)
2019-08-08 03:27:25,217 INFO  server.RaftServerConfigKeys (ConfUtils.java:logGet(43)) - raft.server.retrycache.expirytime = 600000ms (custom)
2019-08-08 03:27:25,217 INFO  impl.RaftServerImpl (RaftServerImpl.java:start(180)) - de54250b-1717-4432-82a0-36fa9a777c55: start group-01116DE6F942
2019-08-08 03:27:25,218 INFO  impl.RaftServerImpl (RaftServerImpl.java:setRole(171)) - de54250b-1717-4432-82a0-36fa9a777c55:group-01116DE6F942 changes role from null to FOLLOWER at term 0 for startAsFollower
2019-08-08 03:27:25,218 INFO  impl.RoleInfo (RoleInfo.java:updateAndGet(143)) - de54250b-1717-4432-82a0-36fa9a777c55: start FollowerState
2019-08-08 03:27:25,218 INFO  util.JmxRegister (JmxRegister.java:tryRegister(44)) - Successfully registered JMX Bean with object name Ratis:service=RaftServer,group=group-01116DE6F942,id=de54250b-1717-4432-82a0-36fa9a777c55
2019-08-08 03:27:25,230 INFO  pipeline.PipelineStateManager (PipelineStateManager.java:addPipeline(56)) - Created pipeline Pipeline[ Id: d9d31fa8-b250-4d60-af0e-01116de6f942, Nodes: de54250b-1717-4432-82a0-36fa9a777c55{ip: 192.168.5.133, host: byscane-nightly-5b87q-1102612012, networkLocation: /default-rack, certSerialId: null}, Type:RATIS, Factor:ONE, State:OPEN]
2019-08-08 03:27:25,278 INFO  impl.RaftServerProxy (RaftServerProxy.java:addNew(89)) - de54250b-1717-4432-82a0-36fa9a777c55: addNew group-2D08915675F6:[de54250b-1717-4432-82a0-36fa9a777c55:192.168.5.133:34783, 687599c5-c16c-4bec-bf81-393126fba56b:192.168.5.133:41468, ea377136-26e2-484b-ada6-c14952883d88:192.168.5.133:36891] returns group-2D08915675F6:java.util.concurrent.CompletableFuture@53065597[Not completed]
2019-08-08 03:27:25,278 INFO  impl.RaftServerProxy (RaftServerProxy.java:addNew(89)) - 687599c5-c16c-4bec-bf81-393126fba56b: addNew group-2D08915675F6:[de54250b-1717-4432-82a0-36fa9a777c55:192.168.5.133:34783, 687599c5-c16c-4bec-bf81-393126fba56b:192.168.5.133:41468, ea377136-26e2-484b-ada6-c14952883d88:192.168.5.133:36891] returns group-2D08915675F6:java.util.concurrent.CompletableFuture@4b9fae4c[Not completed]
2019-08-08 03:27:25,280 INFO  impl.RaftServerProxy (RaftServerProxy.java:addNew(89)) - ea377136-26e2-484b-ada6-c14952883d88: addNew group-2D08915675F6:[de54250b-1717-4432-82a0-36fa9a777c55:192.168.5.133:34783, 687599c5-c16c-4bec-bf81-393126fba56b:192.168.5.133:41468, ea377136-26e2-484b-ada6-c14952883d88:192.168.5.133:36891] returns group-2D08915675F6:java.util.concurrent.CompletableFuture@4590adee[Not completed]
2019-08-08 03:27:25,281 INFO  impl.RaftServerImpl (RaftServerImpl.java:<init>(93)) - de54250b-1717-4432-82a0-36fa9a777c55: new RaftServerImpl for group-2D08915675F6:[de54250b-1717-4432-82a0-36fa9a777c55:192.168.5.133:34783, 687599c5-c16c-4bec-bf81-393126fba56b:192.168.5.133:41468, ea377136-26e2-484b-ada6-c14952883d88:192.168.5.133:36891] with ContainerStateMachine:uninitialized
2019-08-08 03:27:25,281 INFO  server.RaftServerConfigKeys (ConfUtils.java:logGet(43)) - raft.server.rpc.timeout.min = 5s (custom)
2019-08-08 03:27:25,282 INFO  impl.RaftServerImpl (RaftServerImpl.java:<init>(93)) - ea377136-26e2-484b-ada6-c14952883d88: new RaftServerImpl for group-2D08915675F6:[de54250b-1717-4432-82a0-36fa9a777c55:192.168.5.133:34783, 687599c5-c16c-4bec-bf81-393126fba56b:192.168.5.133:41468, ea377136-26e2-484b-ada6-c14952883d88:192.168.5.133:36891] with ContainerStateMachine:uninitialized
2019-08-08 03:27:25,282 INFO  server.RaftServerConfigKeys (ConfUtils.java:logGet(43)) - raft.server.rpc.timeout.max = 5200ms (custom)
2019-08-08 03:27:25,282 INFO  server.RaftServerConfigKeys (ConfUtils.java:logGet(43)) - raft.server.rpc.timeout.min = 5s (custom)
2019-08-08 03:27:25,282 INFO  impl.RaftServerImpl (RaftServerImpl.java:<init>(93)) - 687599c5-c16c-4bec-bf81-393126fba56b: new RaftServerImpl for group-2D08915675F6:[de54250b-1717-4432-82a0-36fa9a777c55:192.168.5.133:34783, 687599c5-c16c-4bec-bf81-393126fba56b:192.168.5.133:41468, ea377136-26e2-484b-ada6-c14952883d88:192.168.5.133:36891] with ContainerStateMachine:uninitialized
2019-08-08 03:27:25,282 INFO  server.RaftServerConfigKeys (ConfUtils.java:logGet(43)) - raft.server.rpcslowness.timeout = 120s (custom)
2019-08-08 03:27:25,282 INFO  server.RaftServerConfigKeys (ConfUtils.java:logGet(43)) - raft.server.rpc.timeout.min = 5s (custom)
2019-08-08 03:27:25,282 INFO  server.RaftServerConfigKeys (ConfUtils.java:logGet(43)) - raft.server.rpc.timeout.max = 5200ms (custom)
2019-08-08 03:27:25,283 INFO  server.RaftServerConfigKeys (ConfUtils.java:logGet(43)) - raft.server.rpc.timeout.max = 5200ms (custom)
2019-08-08 03:27:25,282 INFO  server.RaftServerConfigKeys (ConfUtils.java:logGet(43)) - raft.server.sleep.deviation.threshold = 300 (default)
2019-08-08 03:27:25,283 INFO  server.RaftServerConfigKeys (ConfUtils.java:logGet(43)) - raft.server.rpcslowness.timeout = 120s (custom)
2019-08-08 03:27:25,283 INFO  server.RaftServerConfigKeys (ConfUtils.java:logGet(43)) - raft.server.rpcslowness.timeout = 120s (custom)
2019-08-08 03:27:25,283 INFO  server.RaftServerConfigKeys (ConfUtils.java:logGet(43)) - raft.server.sleep.deviation.threshold = 300 (default)
2019-08-08 03:27:25,283 INFO  server.RaftServerConfigKeys (ConfUtils.java:logGet(43)) - raft.server.log.appender.install.snapshot.enabled = false (custom)
2019-08-08 03:27:25,283 INFO  server.RaftServerConfigKeys (ConfUtils.java:logGet(43)) - raft.server.log.appender.install.snapshot.enabled = false (custom)
2019-08-08 03:27:25,283 INFO  server.RaftServerConfigKeys (ConfUtils.java:logGet(43)) - raft.server.sleep.deviation.threshold = 300 (default)
2019-08-08 03:27:25,284 INFO  impl.RaftServerImpl (ServerState.java:<init>(105)) - 687599c5-c16c-4bec-bf81-393126fba56b:group-2D08915675F6 ConfigurationManager, init=-1: [de54250b-1717-4432-82a0-36fa9a777c55:192.168.5.133:34783, 687599c5-c16c-4bec-bf81-393126fba56b:192.168.5.133:41468, ea377136-26e2-484b-ada6-c14952883d88:192.168.5.133:36891], old=null, confs=<EMPTY_MAP>
2019-08-08 03:27:25,284 INFO  impl.RaftServerImpl (ServerState.java:<init>(105)) - de54250b-1717-4432-82a0-36fa9a777c55:group-2D08915675F6 ConfigurationManager, init=-1: [de54250b-1717-4432-82a0-36fa9a777c55:192.168.5.133:34783, 687599c5-c16c-4bec-bf81-393126fba56b:192.168.5.133:41468, ea377136-26e2-484b-ada6-c14952883d88:192.168.5.133:36891], old=null, confs=<EMPTY_MAP>
2019-08-08 03:27:25,284 INFO  server.RaftServerConfigKeys (ConfUtils.java:logGet(43)) - raft.server.storage.dir = [/workdir/hadoop-ozone/integration-test/target/test-dir/MiniOzoneClusterImpl-941576e3-e170-4a7f-9dad-67a5afb83a4e/datanode-0/data/ratis] (custom)
2019-08-08 03:27:25,284 INFO  server.RaftServerConfigKeys (ConfUtils.java:logGet(43)) - raft.server.log.appender.install.snapshot.enabled = false (custom)
2019-08-08 03:27:25,284 INFO  server.RaftServerConfigKeys (ConfUtils.java:logGet(43)) - raft.server.storage.dir = [/workdir/hadoop-ozone/integration-test/target/test-dir/MiniOzoneClusterImpl-941576e3-e170-4a7f-9dad-67a5afb83a4e/datanode-2/data/ratis] (custom)
2019-08-08 03:27:25,285 INFO  impl.RaftServerImpl (ServerState.java:<init>(105)) - ea377136-26e2-484b-ada6-c14952883d88:group-2D08915675F6 ConfigurationManager, init=-1: [de54250b-1717-4432-82a0-36fa9a777c55:192.168.5.133:34783, 687599c5-c16c-4bec-bf81-393126fba56b:192.168.5.133:41468, ea377136-26e2-484b-ada6-c14952883d88:192.168.5.133:36891], old=null, confs=<EMPTY_MAP>
2019-08-08 03:27:25,285 INFO  storage.RaftStorageDirectory (RaftStorageDirectory.java:analyzeStorage(246)) - The storage directory /workdir/hadoop-ozone/integration-test/target/test-dir/MiniOzoneClusterImpl-941576e3-e170-4a7f-9dad-67a5afb83a4e/datanode-0/data/ratis/8b774c40-84c2-479f-aa3a-2d08915675f6 does not exist. Creating ...
2019-08-08 03:27:25,285 INFO  server.RaftServerConfigKeys (ConfUtils.java:logGet(43)) - raft.server.storage.dir = [/workdir/hadoop-ozone/integration-test/target/test-dir/MiniOzoneClusterImpl-941576e3-e170-4a7f-9dad-67a5afb83a4e/datanode-1/data/ratis] (custom)
2019-08-08 03:27:25,285 INFO  storage.RaftStorageDirectory (RaftStorageDirectory.java:analyzeStorage(246)) - The storage directory /workdir/hadoop-ozone/integration-test/target/test-dir/MiniOzoneClusterImpl-941576e3-e170-4a7f-9dad-67a5afb83a4e/datanode-2/data/ratis/8b774c40-84c2-479f-aa3a-2d08915675f6 does not exist. Creating ...
2019-08-08 03:27:25,285 INFO  storage.RaftStorageDirectory (RaftStorageDirectory.java:analyzeStorage(246)) - The storage directory /workdir/hadoop-ozone/integration-test/target/test-dir/MiniOzoneClusterImpl-941576e3-e170-4a7f-9dad-67a5afb83a4e/datanode-1/data/ratis/8b774c40-84c2-479f-aa3a-2d08915675f6 does not exist. Creating ...
2019-08-08 03:27:25,298 INFO  storage.RaftStorageDirectory (RaftStorageDirectory.java:tryLock(328)) - Lock on /workdir/hadoop-ozone/integration-test/target/test-dir/MiniOzoneClusterImpl-941576e3-e170-4a7f-9dad-67a5afb83a4e/datanode-1/data/ratis/8b774c40-84c2-479f-aa3a-2d08915675f6/in_use.lock acquired by nodename 24306@byscane-nightly-5b87q-1102612012
2019-08-08 03:27:25,298 INFO  storage.RaftStorageDirectory (RaftStorageDirectory.java:tryLock(328)) - Lock on /workdir/hadoop-ozone/integration-test/target/test-dir/MiniOzoneClusterImpl-941576e3-e170-4a7f-9dad-67a5afb83a4e/datanode-0/data/ratis/8b774c40-84c2-479f-aa3a-2d08915675f6/in_use.lock acquired by nodename 24306@byscane-nightly-5b87q-1102612012
2019-08-08 03:27:25,298 INFO  storage.RaftStorageDirectory (RaftStorageDirectory.java:tryLock(328)) - Lock on /workdir/hadoop-ozone/integration-test/target/test-dir/MiniOzoneClusterImpl-941576e3-e170-4a7f-9dad-67a5afb83a4e/datanode-2/data/ratis/8b774c40-84c2-479f-aa3a-2d08915675f6/in_use.lock acquired by nodename 24306@byscane-nightly-5b87q-1102612012
2019-08-08 03:27:25,306 INFO  storage.RaftStorage (RaftStorage.java:format(72)) - Storage directory /workdir/hadoop-ozone/integration-test/target/test-dir/MiniOzoneClusterImpl-941576e3-e170-4a7f-9dad-67a5afb83a4e/datanode-1/data/ratis/8b774c40-84c2-479f-aa3a-2d08915675f6 has been successfully formatted.
2019-08-08 03:27:25,306 INFO  storage.RaftStorage (RaftStorage.java:format(72)) - Storage directory /workdir/hadoop-ozone/integration-test/target/test-dir/MiniOzoneClusterImpl-941576e3-e170-4a7f-9dad-67a5afb83a4e/datanode-0/data/ratis/8b774c40-84c2-479f-aa3a-2d08915675f6 has been successfully formatted.
2019-08-08 03:27:25,306 INFO  storage.RaftStorage (RaftStorage.java:format(72)) - Storage directory /workdir/hadoop-ozone/integration-test/target/test-dir/MiniOzoneClusterImpl-941576e3-e170-4a7f-9dad-67a5afb83a4e/datanode-2/data/ratis/8b774c40-84c2-479f-aa3a-2d08915675f6 has been successfully formatted.
2019-08-08 03:27:25,306 INFO  ratis.ContainerStateMachine (ContainerStateMachine.java:loadSnapshot(213)) - group-2D08915675F6: The snapshot info is null. Setting the last applied indexto:(t:0, i:~)
2019-08-08 03:27:25,306 INFO  ratis.ContainerStateMachine (ContainerStateMachine.java:loadSnapshot(213)) - group-2D08915675F6: The snapshot info is null. Setting the last applied indexto:(t:0, i:~)
2019-08-08 03:27:25,306 INFO  server.RaftServerConfigKeys (ConfUtils.java:logGet(43)) - raft.server.leader.election.timeout = 120s (custom)
2019-08-08 03:27:25,306 INFO  ratis.ContainerStateMachine (ContainerStateMachine.java:loadSnapshot(213)) - group-2D08915675F6: The snapshot info is null. Setting the last applied indexto:(t:0, i:~)
2019-08-08 03:27:25,307 INFO  server.RaftServerConfigKeys (ConfUtils.java:logGet(43)) - raft.server.log.use.memory = false (default)
2019-08-08 03:27:25,307 INFO  server.RaftServerConfigKeys (ConfUtils.java:logGet(43)) - raft.server.leader.election.timeout = 120s (custom)
2019-08-08 03:27:25,307 INFO  server.RaftServerConfigKeys (ConfUtils.java:logGet(43)) - raft.server.log.purge.gap = 1000000000 (custom)
2019-08-08 03:27:25,307 INFO  server.RaftServerConfigKeys (ConfUtils.java:logGet(43)) - raft.server.leader.election.timeout = 120s (custom)
2019-08-08 03:27:25,307 INFO  server.RaftServerConfigKeys (ConfUtils.java:logGet(43)) - raft.server.log.appender.buffer.byte-limit = 33554432 (custom)
2019-08-08 03:27:25,307 INFO  server.RaftServerConfigKeys (ConfUtils.java:logGet(43)) - raft.server.log.use.memory = false (default)
2019-08-08 03:27:25,308 INFO  server.RaftServerConfigKeys (ConfUtils.java:logGet(43)) - raft.server.log.segment.size.max = 1048576 (custom)
2019-08-08 03:27:25,307 INFO  server.RaftServerConfigKeys (ConfUtils.java:logGet(43)) - raft.server.log.use.memory = false (default)
2019-08-08 03:27:25,308 INFO  server.RaftServerConfigKeys (ConfUtils.java:logGet(43)) - raft.server.log.segment.cache.num.max = 2 (custom)
2019-08-08 03:27:25,308 INFO  server.RaftServerConfigKeys (ConfUtils.java:logGet(43)) - raft.server.log.purge.gap = 1000000000 (custom)
2019-08-08 03:27:25,308 INFO  segmented.SegmentedRaftLogWorker (SegmentedRaftLogWorker.java:<init>(172)) - new 687599c5-c16c-4bec-bf81-393126fba56b-SegmentedRaftLogWorker:Storage Directory /workdir/hadoop-ozone/integration-test/target/test-dir/MiniOzoneClusterImpl-941576e3-e170-4a7f-9dad-67a5afb83a4e/datanode-0/data/ratis/8b774c40-84c2-479f-aa3a-2d08915675f6 for RaftStorage:Storage Directory /workdir/hadoop-ozone/integration-test/target/test-dir/MiniOzoneClusterImpl-941576e3-e170-4a7f-9dad-67a5afb83a4e/datanode-0/data/ratis/8b774c40-84c2-479f-aa3a-2d08915675f6
2019-08-08 03:27:25,308 INFO  server.RaftServerConfigKeys (ConfUtils.java:logGet(43)) - raft.server.log.purge.gap = 1000000000 (custom)
2019-08-08 03:27:25,308 INFO  server.RaftServerConfigKeys (ConfUtils.java:logGet(43)) - raft.server.log.queue.byte-limit = 2147483647 (custom)
2019-08-08 03:27:25,308 INFO  server.RaftServerConfigKeys (ConfUtils.java:logGet(43)) - raft.server.log.appender.buffer.byte-limit = 33554432 (custom)
2019-08-08 03:27:25,311 INFO  server.RaftServerConfigKeys (ConfUtils.java:logGet(43)) - raft.server.log.queue.element-limit = 1024 (custom)
2019-08-08 03:27:25,308 INFO  server.RaftServerConfigKeys (ConfUtils.java:logGet(43)) - raft.server.log.appender.buffer.byte-limit = 33554432 (custom)
2019-08-08 03:27:25,311 INFO  server.RaftServerConfigKeys (ConfUtils.java:logGet(43)) - raft.server.log.segment.size.max = 1048576 (custom)
2019-08-08 03:27:25,311 INFO  server.RaftServerConfigKeys (ConfUtils.java:logGet(43)) - raft.server.log.preallocated.size = 16384 (custom)
2019-08-08 03:27:25,311 INFO  server.RaftServerConfigKeys (ConfUtils.java:logGet(43)) - raft.server.log.segment.size.max = 1048576 (custom)
2019-08-08 03:27:25,312 INFO  server.RaftServerConfigKeys (ConfUtils.java:logGet(43)) - raft.server.log.write.buffer.size = 33554432 (custom)
2019-08-08 03:27:25,311 INFO  server.RaftServerConfigKeys (ConfUtils.java:logGet(43)) - raft.server.log.segment.size.max = 1048576 (custom)
2019-08-08 03:27:25,312 INFO  server.RaftServerConfigKeys (ConfUtils.java:logGet(43)) - raft.server.log.force.sync.num = 128 (default)
2019-08-08 03:27:25,312 INFO  server.RaftServerConfigKeys (ConfUtils.java:logGet(43)) - raft.server.log.segment.cache.num.max = 2 (custom)
2019-08-08 03:27:25,312 INFO  server.RaftServerConfigKeys (ConfUtils.java:logGet(43)) - raft.server.log.statemachine.data.sync = true (default)
2019-08-08 03:27:25,312 INFO  server.RaftServerConfigKeys (ConfUtils.java:logGet(43)) - raft.server.log.segment.cache.num.max = 2 (custom)
2019-08-08 03:27:25,312 INFO  server.RaftServerConfigKeys (ConfUtils.java:logGet(43)) - raft.server.log.statemachine.data.sync.timeout = 10s (default)
2019-08-08 03:27:25,312 INFO  segmented.SegmentedRaftLogWorker (SegmentedRaftLogWorker.java:<init>(172)) - new ea377136-26e2-484b-ada6-c14952883d88-SegmentedRaftLogWorker:Storage Directory /workdir/hadoop-ozone/integration-test/target/test-dir/MiniOzoneClusterImpl-941576e3-e170-4a7f-9dad-67a5afb83a4e/datanode-1/data/ratis/8b774c40-84c2-479f-aa3a-2d08915675f6 for RaftStorage:Storage Directory /workdir/hadoop-ozone/integration-test/target/test-dir/MiniOzoneClusterImpl-941576e3-e170-4a7f-9dad-67a5afb83a4e/datanode-1/data/ratis/8b774c40-84c2-479f-aa3a-2d08915675f6
2019-08-08 03:27:25,313 INFO  server.RaftServerConfigKeys (ConfUtils.java:logGet(43)) - raft.server.log.statemachine.data.sync.timeout.retry = -1 (default)
2019-08-08 03:27:25,313 INFO  segmented.SegmentedRaftLogWorker (SegmentedRaftLogWorker.java:<init>(172)) - new de54250b-1717-4432-82a0-36fa9a777c55-SegmentedRaftLogWorker:Storage Directory /workdir/hadoop-ozone/integration-test/target/test-dir/MiniOzoneClusterImpl-941576e3-e170-4a7f-9dad-67a5afb83a4e/datanode-2/data/ratis/8b774c40-84c2-479f-aa3a-2d08915675f6 for RaftStorage:Storage Directory /workdir/hadoop-ozone/integration-test/target/test-dir/MiniOzoneClusterImpl-941576e3-e170-4a7f-9dad-67a5afb83a4e/datanode-2/data/ratis/8b774c40-84c2-479f-aa3a-2d08915675f6
2019-08-08 03:27:25,315 INFO  server.RaftServerConfigKeys (ConfUtils.java:logGet(43)) - raft.server.log.statemachine.data.caching.enabled = true (custom)
2019-08-08 03:27:25,313 INFO  server.RaftServerConfigKeys (ConfUtils.java:logGet(43)) - raft.server.log.queue.byte-limit = 2147483647 (custom)
2019-08-08 03:27:25,315 INFO  server.RaftServerConfigKeys (ConfUtils.java:logGet(43)) - raft.server.log.queue.byte-limit = 2147483647 (custom)
2019-08-08 03:27:25,327 INFO  segmented.SegmentedRaftLogWorker (SegmentedRaftLogWorker.java:lambda$new$0(132)) - 687599c5-c16c-4bec-bf81-393126fba56b-SegmentedRaftLogWorker:Storage Directory /workdir/hadoop-ozone/integration-test/target/test-dir/MiniOzoneClusterImpl-941576e3-e170-4a7f-9dad-67a5afb83a4e/datanode-0/data/ratis/8b774c40-84c2-479f-aa3a-2d08915675f6: flushIndex: setUnconditionally 0 -> -1
2019-08-08 03:27:25,325 INFO  server.RaftServerConfigKeys (ConfUtils.java:logGet(43)) - raft.server.log.queue.element-limit = 1024 (custom)
2019-08-08 03:27:25,328 INFO  server.RaftServerConfigKeys (ConfUtils.java:logGet(43)) - raft.server.snapshot.auto.trigger.enabled = true (custom)
2019-08-08 03:27:25,328 INFO  server.RaftServerConfigKeys (ConfUtils.java:logGet(43)) - raft.server.log.segment.size.max = 1048576 (custom)
2019-08-08 03:27:25,327 INFO  server.RaftServerConfigKeys (ConfUtils.java:logGet(43)) - raft.server.log.queue.element-limit = 1024 (custom)
2019-08-08 03:27:25,328 INFO  server.RaftServerConfigKeys (ConfUtils.java:logGet(43)) - raft.server.log.preallocated.size = 16384 (custom)
2019-08-08 03:27:25,328 INFO  server.RaftServerConfigKeys (ConfUtils.java:logGet(43)) - raft.server.snapshot.auto.trigger.threshold = 10000 (custom)
2019-08-08 03:27:25,328 INFO  server.RaftServerConfigKeys (ConfUtils.java:logGet(43)) - raft.server.log.write.buffer.size = 33554432 (custom)
2019-08-08 03:27:25,328 INFO  server.RaftServerConfigKeys (ConfUtils.java:logGet(43)) - raft.server.log.segment.size.max = 1048576 (custom)
2019-08-08 03:27:25,328 INFO  server.RaftServerConfigKeys (ConfUtils.java:logGet(43)) - raft.server.log.force.sync.num = 128 (default)
2019-08-08 03:27:25,328 INFO  server.RaftServerConfigKeys (ConfUtils.java:logGet(43)) - raft.server.retrycache.expirytime = 600000ms (custom)
2019-08-08 03:27:25,329 INFO  server.RaftServerConfigKeys (ConfUtils.java:logGet(43)) - raft.server.log.statemachine.data.sync = true (default)
2019-08-08 03:27:25,329 INFO  server.RaftServerConfigKeys (ConfUtils.java:logGet(43)) - raft.server.log.preallocated.size = 16384 (custom)
2019-08-08 03:27:25,329 INFO  server.RaftServerConfigKeys (ConfUtils.java:logGet(43)) - raft.server.log.statemachine.data.sync.timeout = 10s (default)
2019-08-08 03:27:25,329 INFO  impl.RaftServerImpl (RaftServerImpl.java:start(180)) - 687599c5-c16c-4bec-bf81-393126fba56b: start group-2D08915675F6
2019-08-08 03:27:25,329 INFO  server.RaftServerConfigKeys (ConfUtils.java:logGet(43)) - raft.server.log.statemachine.data.sync.timeout.retry = -1 (default)
2019-08-08 03:27:25,329 INFO  server.RaftServerConfigKeys (ConfUtils.java:logGet(43)) - raft.server.log.write.buffer.size = 33554432 (custom)
2019-08-08 03:27:25,329 INFO  server.RaftServerConfigKeys (ConfUtils.java:logGet(43)) - raft.server.log.statemachine.data.caching.enabled = true (custom)
2019-08-08 03:27:25,329 INFO  impl.RaftServerImpl (RaftServerImpl.java:setRole(171)) - 687599c5-c16c-4bec-bf81-393126fba56b:group-2D08915675F6 changes role from null to FOLLOWER at term 0 for startAsFollower
2019-08-08 03:27:25,329 INFO  server.RaftServerConfigKeys (ConfUtils.java:logGet(43)) - raft.server.log.force.sync.num = 128 (default)
2019-08-08 03:27:25,330 INFO  impl.RoleInfo (RoleInfo.java:updateAndGet(143)) - 687599c5-c16c-4bec-bf81-393126fba56b: start FollowerState
2019-08-08 03:27:25,330 INFO  segmented.SegmentedRaftLogWorker (SegmentedRaftLogWorker.java:lambda$new$0(132)) - ea377136-26e2-484b-ada6-c14952883d88-SegmentedRaftLogWorker:Storage Directory /workdir/hadoop-ozone/integration-test/target/test-dir/MiniOzoneClusterImpl-941576e3-e170-4a7f-9dad-67a5afb83a4e/datanode-1/data/ratis/8b774c40-84c2-479f-aa3a-2d08915675f6: flushIndex: setUnconditionally 0 -> -1
2019-08-08 03:27:25,330 INFO  server.RaftServerConfigKeys (ConfUtils.java:logGet(43)) - raft.server.log.statemachine.data.sync = true (default)
2019-08-08 03:27:25,330 INFO  server.RaftServerConfigKeys (ConfUtils.java:logGet(43)) - raft.server.log.statemachine.data.sync.timeout = 10s (default)
2019-08-08 03:27:25,330 INFO  server.RaftServerConfigKeys (ConfUtils.java:logGet(43)) - raft.server.snapshot.auto.trigger.enabled = true (custom)
2019-08-08 03:27:25,330 INFO  util.JmxRegister (JmxRegister.java:tryRegister(44)) - Successfully registered JMX Bean with object name Ratis:service=RaftServer,group=group-2D08915675F6,id=687599c5-c16c-4bec-bf81-393126fba56b
2019-08-08 03:27:25,331 INFO  server.RaftServerConfigKeys (ConfUtils.java:logGet(43)) - raft.server.snapshot.auto.trigger.threshold = 10000 (custom)
2019-08-08 03:27:25,330 INFO  server.RaftServerConfigKeys (ConfUtils.java:logGet(43)) - raft.server.log.statemachine.data.sync.timeout.retry = -1 (default)
2019-08-08 03:27:25,331 INFO  server.RaftServerConfigKeys (ConfUtils.java:logGet(43)) - raft.server.retrycache.expirytime = 600000ms (custom)
2019-08-08 03:27:25,331 INFO  server.RaftServerConfigKeys (ConfUtils.java:logGet(43)) - raft.server.log.statemachine.data.caching.enabled = true (custom)
2019-08-08 03:27:25,331 INFO  impl.RaftServerImpl (RaftServerImpl.java:start(180)) - ea377136-26e2-484b-ada6-c14952883d88: start group-2D08915675F6
2019-08-08 03:27:25,331 INFO  impl.RaftServerImpl (RaftServerImpl.java:setRole(171)) - ea377136-26e2-484b-ada6-c14952883d88:group-2D08915675F6 changes role from null to FOLLOWER at term 0 for startAsFollower
2019-08-08 03:27:25,331 INFO  segmented.SegmentedRaftLogWorker (SegmentedRaftLogWorker.java:lambda$new$0(132)) - de54250b-1717-4432-82a0-36fa9a777c55-SegmentedRaftLogWorker:Storage Directory /workdir/hadoop-ozone/integration-test/target/test-dir/MiniOzoneClusterImpl-941576e3-e170-4a7f-9dad-67a5afb83a4e/datanode-2/data/ratis/8b774c40-84c2-479f-aa3a-2d08915675f6: flushIndex: setUnconditionally 0 -> -1
2019-08-08 03:27:25,331 INFO  impl.RoleInfo (RoleInfo.java:updateAndGet(143)) - ea377136-26e2-484b-ada6-c14952883d88: start FollowerState
2019-08-08 03:27:25,332 INFO  server.RaftServerConfigKeys (ConfUtils.java:logGet(43)) - raft.server.snapshot.auto.trigger.enabled = true (custom)
2019-08-08 03:27:25,332 INFO  server.RaftServerConfigKeys (ConfUtils.java:logGet(43)) - raft.server.snapshot.auto.trigger.threshold = 10000 (custom)
2019-08-08 03:27:25,332 INFO  util.JmxRegister (JmxRegister.java:tryRegister(44)) - Successfully registered JMX Bean with object name Ratis:service=RaftServer,group=group-2D08915675F6,id=ea377136-26e2-484b-ada6-c14952883d88
2019-08-08 03:27:25,332 INFO  server.RaftServerConfigKeys (ConfUtils.java:logGet(43)) - raft.server.retrycache.expirytime = 600000ms (custom)
2019-08-08 03:27:25,332 INFO  impl.RaftServerImpl (RaftServerImpl.java:start(180)) - de54250b-1717-4432-82a0-36fa9a777c55: start group-2D08915675F6
2019-08-08 03:27:25,333 INFO  impl.RaftServerImpl (RaftServerImpl.java:setRole(171)) - de54250b-1717-4432-82a0-36fa9a777c55:group-2D08915675F6 changes role from null to FOLLOWER at term 0 for startAsFollower
2019-08-08 03:27:25,335 INFO  impl.RoleInfo (RoleInfo.java:updateAndGet(143)) - de54250b-1717-4432-82a0-36fa9a777c55: start FollowerState
2019-08-08 03:27:25,338 INFO  util.JmxRegister (JmxRegister.java:tryRegister(44)) - Successfully registered JMX Bean with object name Ratis:service=RaftServer,group=group-2D08915675F6,id=de54250b-1717-4432-82a0-36fa9a777c55
2019-08-08 03:27:25,359 INFO  pipeline.PipelineStateManager (PipelineStateManager.java:addPipeline(56)) - Created pipeline Pipeline[ Id: 8b774c40-84c2-479f-aa3a-2d08915675f6, Nodes: 687599c5-c16c-4bec-bf81-393126fba56b{ip: 192.168.5.133, host: byscane-nightly-5b87q-1102612012, networkLocation: /default-rack, certSerialId: null}de54250b-1717-4432-82a0-36fa9a777c55{ip: 192.168.5.133, host: byscane-nightly-5b87q-1102612012, networkLocation: /default-rack, certSerialId: null}ea377136-26e2-484b-ada6-c14952883d88{ip: 192.168.5.133, host: byscane-nightly-5b87q-1102612012, networkLocation: /default-rack, certSerialId: null}, Type:RATIS, Factor:THREE, State:OPEN]
2019-08-08 03:27:26,179 INFO  ozone.MiniOzoneClusterImpl (MiniOzoneClusterImpl.java:lambda$waitForClusterToBeReady$0(142)) - Cluster is ready. Got 3 of 3 DN Heartbeats.
2019-08-08 03:27:27,740 INFO  container.ReplicationManager (ReplicationManager.java:start(155)) - Starting Replication Monitor Thread.
2019-08-08 03:27:27,746 INFO  container.ReplicationManager (ReplicationManager.java:run(207)) - Replication Monitor Thread took 0 milliseconds for processing 0 containers.
2019-08-08 03:27:29,954 INFO  impl.FollowerState (FollowerState.java:run(106)) - 687599c5-c16c-4bec-bf81-393126fba56b:group-2A6465579B81 changes to CANDIDATE, lastRpcTime:5139, electionTimeout:5139ms
2019-08-08 03:27:29,954 INFO  impl.RoleInfo (RoleInfo.java:shutdownFollowerState(121)) - 687599c5-c16c-4bec-bf81-393126fba56b: shutdown FollowerState
2019-08-08 03:27:29,954 INFO  impl.RaftServerImpl (RaftServerImpl.java:setRole(171)) - 687599c5-c16c-4bec-bf81-393126fba56b:group-2A6465579B81 changes role from FOLLOWER to CANDIDATE at term 0 for changeToCandidate
2019-08-08 03:27:29,954 INFO  impl.RoleInfo (RoleInfo.java:updateAndGet(143)) - 687599c5-c16c-4bec-bf81-393126fba56b: start LeaderElection
2019-08-08 03:27:29,976 INFO  impl.LeaderElection (LeaderElection.java:askForVotes(181)) - 687599c5-c16c-4bec-bf81-393126fba56b:group-2A6465579B81:LeaderElection8: begin an election at term 1 for -1: [687599c5-c16c-4bec-bf81-393126fba56b:192.168.5.133:41468], old=null
2019-08-08 03:27:29,976 INFO  impl.RoleInfo (RoleInfo.java:shutdownLeaderElection(134)) - 687599c5-c16c-4bec-bf81-393126fba56b: shutdown LeaderElection
2019-08-08 03:27:29,976 INFO  impl.RaftServerImpl (RaftServerImpl.java:setRole(171)) - 687599c5-c16c-4bec-bf81-393126fba56b:group-2A6465579B81 changes role from CANDIDATE to LEADER at term 1 for changeToLeader
2019-08-08 03:27:29,976 INFO  impl.RaftServerImpl (ServerState.java:setLeader(263)) - 687599c5-c16c-4bec-bf81-393126fba56b:group-2A6465579B81 change Leader from null to 687599c5-c16c-4bec-bf81-393126fba56b at term 1 for becomeLeader, leader elected after 5168ms
2019-08-08 03:27:29,977 INFO  server.RaftServerConfigKeys (ConfUtils.java:logGet(43)) - raft.server.staging.catchup.gap = 1000 (default)
2019-08-08 03:27:29,977 INFO  server.RaftServerConfigKeys (ConfUtils.java:logGet(43)) - raft.server.rpc.sleep.time = 25ms (default)
2019-08-08 03:27:29,977 INFO  server.RaftServerConfigKeys (ConfUtils.java:logGet(43)) - raft.server.write.element-limit = 4096 (default)
2019-08-08 03:27:29,977 INFO  server.RaftServerConfigKeys (ConfUtils.java:logGet(43)) - raft.server.watch.timeout = 10s (default)
2019-08-08 03:27:29,978 INFO  server.RaftServerConfigKeys (ConfUtils.java:logGet(43)) - raft.server.watch.timeout.denomination = 1s (default)
2019-08-08 03:27:29,978 INFO  server.RaftServerConfigKeys (ConfUtils.java:logGet(43)) - raft.server.watch.element-limit = 65536 (default)
2019-08-08 03:27:29,978 INFO  impl.RoleInfo (RoleInfo.java:updateAndGet(143)) - 687599c5-c16c-4bec-bf81-393126fba56b: start LeaderState
2019-08-08 03:27:29,979 INFO  segmented.SegmentedRaftLogWorker (SegmentedRaftLogWorker.java:startLogSegment(380)) - 687599c5-c16c-4bec-bf81-393126fba56b-SegmentedRaftLogWorker:Storage Directory /workdir/hadoop-ozone/integration-test/target/test-dir/MiniOzoneClusterImpl-941576e3-e170-4a7f-9dad-67a5afb83a4e/datanode-0/data/ratis/6338e3a2-820b-49f6-8e6e-2a6465579b81: Starting segment from index:0
2019-08-08 03:27:29,980 INFO  impl.RaftServerImpl (ServerState.java:setRaftConf(361)) - 687599c5-c16c-4bec-bf81-393126fba56b:group-2A6465579B81 set configuration 0: [687599c5-c16c-4bec-bf81-393126fba56b:192.168.5.133:41468], old=null at 0
2019-08-08 03:27:30,025 INFO  segmented.SegmentedRaftLogWorker (SegmentedRaftLogWorker.java:execute(569)) - 687599c5-c16c-4bec-bf81-393126fba56b-SegmentedRaftLogWorker:Storage Directory /workdir/hadoop-ozone/integration-test/target/test-dir/MiniOzoneClusterImpl-941576e3-e170-4a7f-9dad-67a5afb83a4e/datanode-0/data/ratis/6338e3a2-820b-49f6-8e6e-2a6465579b81: created new log segment /workdir/hadoop-ozone/integration-test/target/test-dir/MiniOzoneClusterImpl-941576e3-e170-4a7f-9dad-67a5afb83a4e/datanode-0/data/ratis/6338e3a2-820b-49f6-8e6e-2a6465579b81/current/log_inprogress_0
2019-08-08 03:27:30,069 INFO  impl.FollowerState (FollowerState.java:run(106)) - ea377136-26e2-484b-ada6-c14952883d88:group-878FEEAC4BDB changes to CANDIDATE, lastRpcTime:5075, electionTimeout:5075ms
2019-08-08 03:27:30,069 INFO  impl.RoleInfo (RoleInfo.java:shutdownFollowerState(121)) - ea377136-26e2-484b-ada6-c14952883d88: shutdown FollowerState
2019-08-08 03:27:30,069 INFO  impl.RaftServerImpl (RaftServerImpl.java:setRole(171)) - ea377136-26e2-484b-ada6-c14952883d88:group-878FEEAC4BDB changes role from FOLLOWER to CANDIDATE at term 0 for changeToCandidate
2019-08-08 03:27:30,070 INFO  impl.RoleInfo (RoleInfo.java:updateAndGet(143)) - ea377136-26e2-484b-ada6-c14952883d88: start LeaderElection
2019-08-08 03:27:30,083 INFO  impl.LeaderElection (LeaderElection.java:askForVotes(181)) - ea377136-26e2-484b-ada6-c14952883d88:group-878FEEAC4BDB:LeaderElection9: begin an election at term 1 for -1: [ea377136-26e2-484b-ada6-c14952883d88:192.168.5.133:36891], old=null
2019-08-08 03:27:30,085 INFO  impl.RoleInfo (RoleInfo.java:shutdownLeaderElection(134)) - ea377136-26e2-484b-ada6-c14952883d88: shutdown LeaderElection
2019-08-08 03:27:30,086 INFO  impl.RaftServerImpl (RaftServerImpl.java:setRole(171)) - ea377136-26e2-484b-ada6-c14952883d88:group-878FEEAC4BDB changes role from CANDIDATE to LEADER at term 1 for changeToLeader
2019-08-08 03:27:30,086 INFO  impl.RaftServerImpl (ServerState.java:setLeader(263)) - ea377136-26e2-484b-ada6-c14952883d88:group-878FEEAC4BDB change Leader from null to ea377136-26e2-484b-ada6-c14952883d88 at term 1 for becomeLeader, leader elected after 5097ms
2019-08-08 03:27:30,086 INFO  server.RaftServerConfigKeys (ConfUtils.java:logGet(43)) - raft.server.staging.catchup.gap = 1000 (default)
2019-08-08 03:27:30,086 INFO  server.RaftServerConfigKeys (ConfUtils.java:logGet(43)) - raft.server.rpc.sleep.time = 25ms (default)
2019-08-08 03:27:30,086 INFO  server.RaftServerConfigKeys (ConfUtils.java:logGet(43)) - raft.server.write.element-limit = 4096 (default)
2019-08-08 03:27:30,087 INFO  server.RaftServerConfigKeys (ConfUtils.java:logGet(43)) - raft.server.watch.timeout = 10s (default)
2019-08-08 03:27:30,087 INFO  server.RaftServerConfigKeys (ConfUtils.java:logGet(43)) - raft.server.watch.timeout.denomination = 1s (default)
2019-08-08 03:27:30,087 INFO  server.RaftServerConfigKeys (ConfUtils.java:logGet(43)) - raft.server.watch.element-limit = 65536 (default)
2019-08-08 03:27:30,087 INFO  impl.RoleInfo (RoleInfo.java:updateAndGet(143)) - ea377136-26e2-484b-ada6-c14952883d88: start LeaderState
2019-08-08 03:27:30,088 INFO  segmented.SegmentedRaftLogWorker (SegmentedRaftLogWorker.java:startLogSegment(380)) - ea377136-26e2-484b-ada6-c14952883d88-SegmentedRaftLogWorker:Storage Directory /workdir/hadoop-ozone/integration-test/target/test-dir/MiniOzoneClusterImpl-941576e3-e170-4a7f-9dad-67a5afb83a4e/datanode-1/data/ratis/c699055c-a212-4a20-a5cf-878feeac4bdb: Starting segment from index:0
2019-08-08 03:27:30,088 INFO  impl.RaftServerImpl (ServerState.java:setRaftConf(361)) - ea377136-26e2-484b-ada6-c14952883d88:group-878FEEAC4BDB set configuration 0: [ea377136-26e2-484b-ada6-c14952883d88:192.168.5.133:36891], old=null at 0
2019-08-08 03:27:30,111 INFO  segmented.SegmentedRaftLogWorker (SegmentedRaftLogWorker.java:execute(569)) - ea377136-26e2-484b-ada6-c14952883d88-SegmentedRaftLogWorker:Storage Directory /workdir/hadoop-ozone/integration-test/target/test-dir/MiniOzoneClusterImpl-941576e3-e170-4a7f-9dad-67a5afb83a4e/datanode-1/data/ratis/c699055c-a212-4a20-a5cf-878feeac4bdb: created new log segment /workdir/hadoop-ozone/integration-test/target/test-dir/MiniOzoneClusterImpl-941576e3-e170-4a7f-9dad-67a5afb83a4e/datanode-1/data/ratis/c699055c-a212-4a20-a5cf-878feeac4bdb/current/log_inprogress_0
2019-08-08 03:27:30,273 INFO  impl.FollowerState (FollowerState.java:run(106)) - de54250b-1717-4432-82a0-36fa9a777c55:group-01116DE6F942 changes to CANDIDATE, lastRpcTime:5054, electionTimeout:5054ms
2019-08-08 03:27:30,273 INFO  impl.RoleInfo (RoleInfo.java:shutdownFollowerState(121)) - de54250b-1717-4432-82a0-36fa9a777c55: shutdown FollowerState
2019-08-08 03:27:30,273 INFO  impl.RaftServerImpl (RaftServerImpl.java:setRole(171)) - de54250b-1717-4432-82a0-36fa9a777c55:group-01116DE6F942 changes role from FOLLOWER to CANDIDATE at term 0 for changeToCandidate
2019-08-08 03:27:30,273 INFO  impl.RoleInfo (RoleInfo.java:updateAndGet(143)) - de54250b-1717-4432-82a0-36fa9a777c55: start LeaderElection
2019-08-08 03:27:30,287 INFO  impl.LeaderElection (LeaderElection.java:askForVotes(181)) - de54250b-1717-4432-82a0-36fa9a777c55:group-01116DE6F942:LeaderElection10: begin an election at term 1 for -1: [de54250b-1717-4432-82a0-36fa9a777c55:192.168.5.133:34783], old=null
2019-08-08 03:27:30,290 INFO  impl.RoleInfo (RoleInfo.java:shutdownLeaderElection(134)) - de54250b-1717-4432-82a0-36fa9a777c55: shutdown LeaderElection
2019-08-08 03:27:30,290 INFO  impl.RaftServerImpl (RaftServerImpl.java:setRole(171)) - de54250b-1717-4432-82a0-36fa9a777c55:group-01116DE6F942 changes role from CANDIDATE to LEADER at term 1 for changeToLeader
2019-08-08 03:27:30,290 INFO  impl.RaftServerImpl (ServerState.java:setLeader(263)) - de54250b-1717-4432-82a0-36fa9a777c55:group-01116DE6F942 change Leader from null to de54250b-1717-4432-82a0-36fa9a777c55 at term 1 for becomeLeader, leader elected after 5077ms
2019-08-08 03:27:30,290 INFO  server.RaftServerConfigKeys (ConfUtils.java:logGet(43)) - raft.server.staging.catchup.gap = 1000 (default)
2019-08-08 03:27:30,290 INFO  server.RaftServerConfigKeys (ConfUtils.java:logGet(43)) - raft.server.rpc.sleep.time = 25ms (default)
2019-08-08 03:27:30,291 INFO  server.RaftServerConfigKeys (ConfUtils.java:logGet(43)) - raft.server.write.element-limit = 4096 (default)
2019-08-08 03:27:30,291 INFO  server.RaftServerConfigKeys (ConfUtils.java:logGet(43)) - raft.server.watch.timeout = 10s (default)
2019-08-08 03:27:30,291 INFO  server.RaftServerConfigKeys (ConfUtils.java:logGet(43)) - raft.server.watch.timeout.denomination = 1s (default)
2019-08-08 03:27:30,291 INFO  server.RaftServerConfigKeys (ConfUtils.java:logGet(43)) - raft.server.watch.element-limit = 65536 (default)
2019-08-08 03:27:30,292 INFO  impl.RoleInfo (RoleInfo.java:updateAndGet(143)) - de54250b-1717-4432-82a0-36fa9a777c55: start LeaderState
2019-08-08 03:27:30,292 INFO  segmented.SegmentedRaftLogWorker (SegmentedRaftLogWorker.java:startLogSegment(380)) - de54250b-1717-4432-82a0-36fa9a777c55-SegmentedRaftLogWorker:Storage Directory /workdir/hadoop-ozone/integration-test/target/test-dir/MiniOzoneClusterImpl-941576e3-e170-4a7f-9dad-67a5afb83a4e/datanode-2/data/ratis/d9d31fa8-b250-4d60-af0e-01116de6f942: Starting segment from index:0
2019-08-08 03:27:30,293 INFO  impl.RaftServerImpl (ServerState.java:setRaftConf(361)) - de54250b-1717-4432-82a0-36fa9a777c55:group-01116DE6F942 set configuration 0: [de54250b-1717-4432-82a0-36fa9a777c55:192.168.5.133:34783], old=null at 0
2019-08-08 03:27:30,317 INFO  segmented.SegmentedRaftLogWorker (SegmentedRaftLogWorker.java:execute(569)) - de54250b-1717-4432-82a0-36fa9a777c55-SegmentedRaftLogWorker:Storage Directory /workdir/hadoop-ozone/integration-test/target/test-dir/MiniOzoneClusterImpl-941576e3-e170-4a7f-9dad-67a5afb83a4e/datanode-2/data/ratis/d9d31fa8-b250-4d60-af0e-01116de6f942: created new log segment /workdir/hadoop-ozone/integration-test/target/test-dir/MiniOzoneClusterImpl-941576e3-e170-4a7f-9dad-67a5afb83a4e/datanode-2/data/ratis/d9d31fa8-b250-4d60-af0e-01116de6f942/current/log_inprogress_0
2019-08-08 03:27:30,422 INFO  impl.FollowerState (FollowerState.java:run(106)) - 687599c5-c16c-4bec-bf81-393126fba56b:group-2D08915675F6 changes to CANDIDATE, lastRpcTime:5092, electionTimeout:5092ms
2019-08-08 03:27:30,423 INFO  impl.RoleInfo (RoleInfo.java:shutdownFollowerState(121)) - 687599c5-c16c-4bec-bf81-393126fba56b: shutdown FollowerState
2019-08-08 03:27:30,423 INFO  impl.RaftServerImpl (RaftServerImpl.java:setRole(171)) - 687599c5-c16c-4bec-bf81-393126fba56b:group-2D08915675F6 changes role from FOLLOWER to CANDIDATE at term 0 for changeToCandidate
2019-08-08 03:27:30,423 INFO  impl.RoleInfo (RoleInfo.java:updateAndGet(143)) - 687599c5-c16c-4bec-bf81-393126fba56b: start LeaderElection
2019-08-08 03:27:30,443 INFO  impl.LeaderElection (LeaderElection.java:askForVotes(181)) - 687599c5-c16c-4bec-bf81-393126fba56b:group-2D08915675F6:LeaderElection11: begin an election at term 1 for -1: [de54250b-1717-4432-82a0-36fa9a777c55:192.168.5.133:34783, 687599c5-c16c-4bec-bf81-393126fba56b:192.168.5.133:41468, ea377136-26e2-484b-ada6-c14952883d88:192.168.5.133:36891], old=null
2019-08-08 03:27:30,453 INFO  impl.FollowerState (FollowerState.java:run(106)) - ea377136-26e2-484b-ada6-c14952883d88:group-2D08915675F6 changes to CANDIDATE, lastRpcTime:5121, electionTimeout:5121ms
2019-08-08 03:27:30,453 INFO  impl.RoleInfo (RoleInfo.java:shutdownFollowerState(121)) - ea377136-26e2-484b-ada6-c14952883d88: shutdown FollowerState
2019-08-08 03:27:30,454 INFO  impl.RaftServerImpl (RaftServerImpl.java:setRole(171)) - ea377136-26e2-484b-ada6-c14952883d88:group-2D08915675F6 changes role from FOLLOWER to CANDIDATE at term 0 for changeToCandidate
2019-08-08 03:27:30,454 INFO  impl.RoleInfo (RoleInfo.java:updateAndGet(143)) - ea377136-26e2-484b-ada6-c14952883d88: start LeaderElection
2019-08-08 03:27:30,465 INFO  impl.LeaderElection (LeaderElection.java:askForVotes(181)) - ea377136-26e2-484b-ada6-c14952883d88:group-2D08915675F6:LeaderElection12: begin an election at term 1 for -1: [de54250b-1717-4432-82a0-36fa9a777c55:192.168.5.133:34783, 687599c5-c16c-4bec-bf81-393126fba56b:192.168.5.133:41468, ea377136-26e2-484b-ada6-c14952883d88:192.168.5.133:36891], old=null
2019-08-08 03:27:30,505 INFO  impl.FollowerState (FollowerState.java:run(106)) - de54250b-1717-4432-82a0-36fa9a777c55:group-2D08915675F6 changes to CANDIDATE, lastRpcTime:5172, electionTimeout:5167ms
2019-08-08 03:27:30,506 INFO  impl.RoleInfo (RoleInfo.java:shutdownFollowerState(121)) - de54250b-1717-4432-82a0-36fa9a777c55: shutdown FollowerState
2019-08-08 03:27:30,506 INFO  impl.RaftServerImpl (RaftServerImpl.java:setRole(171)) - de54250b-1717-4432-82a0-36fa9a777c55:group-2D08915675F6 changes role from FOLLOWER to CANDIDATE at term 0 for changeToCandidate
2019-08-08 03:27:30,506 INFO  impl.RoleInfo (RoleInfo.java:updateAndGet(143)) - de54250b-1717-4432-82a0-36fa9a777c55: start LeaderElection
2019-08-08 03:27:30,520 INFO  impl.LeaderElection (LeaderElection.java:askForVotes(181)) - de54250b-1717-4432-82a0-36fa9a777c55:group-2D08915675F6:LeaderElection13: begin an election at term 1 for -1: [de54250b-1717-4432-82a0-36fa9a777c55:192.168.5.133:34783, 687599c5-c16c-4bec-bf81-393126fba56b:192.168.5.133:41468, ea377136-26e2-484b-ada6-c14952883d88:192.168.5.133:36891], old=null
2019-08-08 03:27:30,579 INFO  impl.LeaderElection (LeaderElection.java:logAndReturn(56)) - 687599c5-c16c-4bec-bf81-393126fba56b:group-2D08915675F6:LeaderElection11: Election REJECTED; received 2 response(s) [687599c5-c16c-4bec-bf81-393126fba56b<-de54250b-1717-4432-82a0-36fa9a777c55#0:FAIL-t1, 687599c5-c16c-4bec-bf81-393126fba56b<-ea377136-26e2-484b-ada6-c14952883d88#0:FAIL-t1] and 0 exception(s); 687599c5-c16c-4bec-bf81-393126fba56b:t1, leader=null, voted=687599c5-c16c-4bec-bf81-393126fba56b, raftlog=687599c5-c16c-4bec-bf81-393126fba56b-SegmentedRaftLog:OPENED:c-1,f-1,i0, conf=-1: [de54250b-1717-4432-82a0-36fa9a777c55:192.168.5.133:34783, 687599c5-c16c-4bec-bf81-393126fba56b:192.168.5.133:41468, ea377136-26e2-484b-ada6-c14952883d88:192.168.5.133:36891], old=null
2019-08-08 03:27:30,579 INFO  impl.LeaderElection (LeaderElection.java:logAndReturn(56)) - ea377136-26e2-484b-ada6-c14952883d88:group-2D08915675F6:LeaderElection12: Election REJECTED; received 2 response(s) [ea377136-26e2-484b-ada6-c14952883d88<-de54250b-1717-4432-82a0-36fa9a777c55#0:FAIL-t1, ea377136-26e2-484b-ada6-c14952883d88<-687599c5-c16c-4bec-bf81-393126fba56b#0:FAIL-t1] and 0 exception(s); ea377136-26e2-484b-ada6-c14952883d88:t1, leader=null, voted=ea377136-26e2-484b-ada6-c14952883d88, raftlog=ea377136-26e2-484b-ada6-c14952883d88-SegmentedRaftLog:OPENED:c-1,f-1,i0, conf=-1: [de54250b-1717-4432-82a0-36fa9a777c55:192.168.5.133:34783, 687599c5-c16c-4bec-bf81-393126fba56b:192.168.5.133:41468, ea377136-26e2-484b-ada6-c14952883d88:192.168.5.133:36891], old=null
2019-08-08 03:27:30,582 INFO  impl.LeaderElection (LeaderElection.java:logAndReturn(56)) - de54250b-1717-4432-82a0-36fa9a777c55:group-2D08915675F6:LeaderElection13: Election REJECTED; received 2 response(s) [de54250b-1717-4432-82a0-36fa9a777c55<-687599c5-c16c-4bec-bf81-393126fba56b#0:FAIL-t1, de54250b-1717-4432-82a0-36fa9a777c55<-ea377136-26e2-484b-ada6-c14952883d88#0:FAIL-t1] and 0 exception(s); de54250b-1717-4432-82a0-36fa9a777c55:t1, leader=null, voted=de54250b-1717-4432-82a0-36fa9a777c55, raftlog=de54250b-1717-4432-82a0-36fa9a777c55-SegmentedRaftLog:OPENED:c-1,f-1,i0, conf=-1: [de54250b-1717-4432-82a0-36fa9a777c55:192.168.5.133:34783, 687599c5-c16c-4bec-bf81-393126fba56b:192.168.5.133:41468, ea377136-26e2-484b-ada6-c14952883d88:192.168.5.133:36891], old=null
2019-08-08 03:27:30,592 INFO  impl.RaftServerImpl (RaftServerImpl.java:setRole(171)) - ea377136-26e2-484b-ada6-c14952883d88:group-2D08915675F6 changes role from CANDIDATE to FOLLOWER at term 1 for DISCOVERED_A_NEW_TERM
2019-08-08 03:27:30,594 INFO  impl.RoleInfo (RoleInfo.java:shutdownLeaderElection(134)) - ea377136-26e2-484b-ada6-c14952883d88: shutdown LeaderElection
2019-08-08 03:27:30,592 INFO  impl.RaftServerImpl (RaftServerImpl.java:setRole(171)) - 687599c5-c16c-4bec-bf81-393126fba56b:group-2D08915675F6 changes role from CANDIDATE to FOLLOWER at term 1 for DISCOVERED_A_NEW_TERM
2019-08-08 03:27:30,597 INFO  impl.RoleInfo (RoleInfo.java:updateAndGet(143)) - ea377136-26e2-484b-ada6-c14952883d88: start FollowerState
2019-08-08 03:27:30,594 INFO  impl.RaftServerImpl (RaftServerImpl.java:setRole(171)) - de54250b-1717-4432-82a0-36fa9a777c55:group-2D08915675F6 changes role from CANDIDATE to FOLLOWER at term 1 for DISCOVERED_A_NEW_TERM
2019-08-08 03:27:30,597 INFO  impl.RoleInfo (RoleInfo.java:shutdownLeaderElection(134)) - 687599c5-c16c-4bec-bf81-393126fba56b: shutdown LeaderElection
2019-08-08 03:27:30,597 INFO  impl.RoleInfo (RoleInfo.java:shutdownLeaderElection(134)) - de54250b-1717-4432-82a0-36fa9a777c55: shutdown LeaderElection
2019-08-08 03:27:30,597 INFO  impl.RoleInfo (RoleInfo.java:updateAndGet(143)) - 687599c5-c16c-4bec-bf81-393126fba56b: start FollowerState
2019-08-08 03:27:30,597 INFO  impl.RoleInfo (RoleInfo.java:updateAndGet(143)) - de54250b-1717-4432-82a0-36fa9a777c55: start FollowerState
2019-08-08 03:27:35,599 INFO  impl.FollowerState (FollowerState.java:run(106)) - 687599c5-c16c-4bec-bf81-393126fba56b:group-2D08915675F6 changes to CANDIDATE, lastRpcTime:5001, electionTimeout:5001ms
2019-08-08 03:27:35,599 INFO  impl.RoleInfo (RoleInfo.java:shutdownFollowerState(121)) - 687599c5-c16c-4bec-bf81-393126fba56b: shutdown FollowerState
2019-08-08 03:27:35,599 INFO  impl.RaftServerImpl (RaftServerImpl.java:setRole(171)) - 687599c5-c16c-4bec-bf81-393126fba56b:group-2D08915675F6 changes role from FOLLOWER to CANDIDATE at term 1 for changeToCandidate
2019-08-08 03:27:35,600 INFO  impl.RoleInfo (RoleInfo.java:updateAndGet(143)) - 687599c5-c16c-4bec-bf81-393126fba56b: start LeaderElection
2019-08-08 03:27:35,605 INFO  impl.FollowerState (FollowerState.java:run(106)) - ea377136-26e2-484b-ada6-c14952883d88:group-2D08915675F6 changes to CANDIDATE, lastRpcTime:5007, electionTimeout:5004ms
2019-08-08 03:27:35,605 INFO  impl.RoleInfo (RoleInfo.java:shutdownFollowerState(121)) - ea377136-26e2-484b-ada6-c14952883d88: shutdown FollowerState
2019-08-08 03:27:35,605 INFO  impl.RaftServerImpl (RaftServerImpl.java:setRole(171)) - ea377136-26e2-484b-ada6-c14952883d88:group-2D08915675F6 changes role from FOLLOWER to CANDIDATE at term 1 for changeToCandidate
2019-08-08 03:27:35,605 INFO  impl.RoleInfo (RoleInfo.java:updateAndGet(143)) - ea377136-26e2-484b-ada6-c14952883d88: start LeaderElection
2019-08-08 03:27:35,619 INFO  impl.LeaderElection (LeaderElection.java:askForVotes(181)) - ea377136-26e2-484b-ada6-c14952883d88:group-2D08915675F6:LeaderElection15: begin an election at term 2 for -1: [de54250b-1717-4432-82a0-36fa9a777c55:192.168.5.133:34783, 687599c5-c16c-4bec-bf81-393126fba56b:192.168.5.133:41468, ea377136-26e2-484b-ada6-c14952883d88:192.168.5.133:36891], old=null
2019-08-08 03:27:35,619 INFO  impl.LeaderElection (LeaderElection.java:askForVotes(181)) - 687599c5-c16c-4bec-bf81-393126fba56b:group-2D08915675F6:LeaderElection14: begin an election at term 2 for -1: [de54250b-1717-4432-82a0-36fa9a777c55:192.168.5.133:34783, 687599c5-c16c-4bec-bf81-393126fba56b:192.168.5.133:41468, ea377136-26e2-484b-ada6-c14952883d88:192.168.5.133:36891], old=null
2019-08-08 03:27:35,630 INFO  impl.RaftServerImpl (RaftServerImpl.java:setRole(171)) - de54250b-1717-4432-82a0-36fa9a777c55:group-2D08915675F6 changes role from FOLLOWER to FOLLOWER at term 2 for recognizeCandidate:687599c5-c16c-4bec-bf81-393126fba56b
2019-08-08 03:27:35,630 INFO  impl.RoleInfo (RoleInfo.java:shutdownFollowerState(121)) - de54250b-1717-4432-82a0-36fa9a777c55: shutdown FollowerState
2019-08-08 03:27:35,633 INFO  impl.RoleInfo (RoleInfo.java:updateAndGet(143)) - de54250b-1717-4432-82a0-36fa9a777c55: start FollowerState
2019-08-08 03:27:35,635 INFO  impl.FollowerState (FollowerState.java:run(114)) - de54250b-1717-4432-82a0-36fa9a777c55: FollowerState was interrupted: java.lang.InterruptedException: sleep interrupted
2019-08-08 03:27:35,658 INFO  impl.LeaderElection (LeaderElection.java:logAndReturn(56)) - 687599c5-c16c-4bec-bf81-393126fba56b:group-2D08915675F6:LeaderElection14: Election PASSED; received 2 response(s) [687599c5-c16c-4bec-bf81-393126fba56b<-de54250b-1717-4432-82a0-36fa9a777c55#0:OK-t2, 687599c5-c16c-4bec-bf81-393126fba56b<-ea377136-26e2-484b-ada6-c14952883d88#0:FAIL-t2] and 0 exception(s); 687599c5-c16c-4bec-bf81-393126fba56b:t2, leader=null, voted=687599c5-c16c-4bec-bf81-393126fba56b, raftlog=687599c5-c16c-4bec-bf81-393126fba56b-SegmentedRaftLog:OPENED:c-1,f-1,i0, conf=-1: [de54250b-1717-4432-82a0-36fa9a777c55:192.168.5.133:34783, 687599c5-c16c-4bec-bf81-393126fba56b:192.168.5.133:41468, ea377136-26e2-484b-ada6-c14952883d88:192.168.5.133:36891], old=null
2019-08-08 03:27:35,658 INFO  impl.RoleInfo (RoleInfo.java:shutdownLeaderElection(134)) - 687599c5-c16c-4bec-bf81-393126fba56b: shutdown LeaderElection
2019-08-08 03:27:35,661 INFO  impl.RaftServerImpl (RaftServerImpl.java:setRole(171)) - 687599c5-c16c-4bec-bf81-393126fba56b:group-2D08915675F6 changes role from CANDIDATE to LEADER at term 2 for changeToLeader
2019-08-08 03:27:35,659 INFO  impl.LeaderElection (LeaderElection.java:logAndReturn(56)) - ea377136-26e2-484b-ada6-c14952883d88:group-2D08915675F6:LeaderElection15: Election REJECTED; received 2 response(s) [ea377136-26e2-484b-ada6-c14952883d88<-de54250b-1717-4432-82a0-36fa9a777c55#0:FAIL-t2, ea377136-26e2-484b-ada6-c14952883d88<-687599c5-c16c-4bec-bf81-393126fba56b#0:FAIL-t2] and 0 exception(s); ea377136-26e2-484b-ada6-c14952883d88:t2, leader=null, voted=ea377136-26e2-484b-ada6-c14952883d88, raftlog=ea377136-26e2-484b-ada6-c14952883d88-SegmentedRaftLog:OPENED:c-1,f-1,i0, conf=-1: [de54250b-1717-4432-82a0-36fa9a777c55:192.168.5.133:34783, 687599c5-c16c-4bec-bf81-393126fba56b:192.168.5.133:41468, ea377136-26e2-484b-ada6-c14952883d88:192.168.5.133:36891], old=null
2019-08-08 03:27:35,663 INFO  impl.RaftServerImpl (ServerState.java:setLeader(263)) - 687599c5-c16c-4bec-bf81-393126fba56b:group-2D08915675F6 change Leader from null to 687599c5-c16c-4bec-bf81-393126fba56b at term 2 for becomeLeader, leader elected after 10356ms
2019-08-08 03:27:35,665 INFO  impl.RaftServerImpl (RaftServerImpl.java:setRole(171)) - ea377136-26e2-484b-ada6-c14952883d88:group-2D08915675F6 changes role from CANDIDATE to FOLLOWER at term 2 for DISCOVERED_A_NEW_TERM
2019-08-08 03:27:35,669 INFO  server.RaftServerConfigKeys (ConfUtils.java:logGet(43)) - raft.server.staging.catchup.gap = 1000 (default)
2019-08-08 03:27:35,669 INFO  impl.RoleInfo (RoleInfo.java:shutdownLeaderElection(134)) - ea377136-26e2-484b-ada6-c14952883d88: shutdown LeaderElection
2019-08-08 03:27:35,670 INFO  server.RaftServerConfigKeys (ConfUtils.java:logGet(43)) - raft.server.rpc.sleep.time = 25ms (default)
2019-08-08 03:27:35,670 INFO  impl.RoleInfo (RoleInfo.java:updateAndGet(143)) - ea377136-26e2-484b-ada6-c14952883d88: start FollowerState
2019-08-08 03:27:35,670 INFO  server.RaftServerConfigKeys (ConfUtils.java:logGet(43)) - raft.server.write.element-limit = 4096 (default)
2019-08-08 03:27:35,672 INFO  server.RaftServerConfigKeys (ConfUtils.java:logGet(43)) - raft.server.watch.timeout = 10s (default)
2019-08-08 03:27:35,672 INFO  server.RaftServerConfigKeys (ConfUtils.java:logGet(43)) - raft.server.watch.timeout.denomination = 1s (default)
2019-08-08 03:27:35,673 INFO  server.RaftServerConfigKeys (ConfUtils.java:logGet(43)) - raft.server.watch.element-limit = 65536 (default)
2019-08-08 03:27:35,677 INFO  server.RaftServerConfigKeys (ConfUtils.java:logGet(43)) - raft.server.log.appender.snapshot.chunk.size.max = 16MB (=16777216) (default)
2019-08-08 03:27:35,677 INFO  server.RaftServerConfigKeys (ConfUtils.java:logGet(43)) - raft.server.log.appender.buffer.byte-limit = 33554432 (custom)
2019-08-08 03:27:35,678 INFO  server.RaftServerConfigKeys (ConfUtils.java:logGet(43)) - raft.server.log.appender.buffer.element-limit = 1 (custom)
2019-08-08 03:27:35,682 INFO  grpc.GrpcConfigKeys$Server (ConfUtils.java:logGet(43)) - raft.grpc.server.leader.outstanding.appends.max = 128 (default)
2019-08-08 03:27:35,683 INFO  server.RaftServerConfigKeys (ConfUtils.java:logGet(43)) - raft.server.rpc.request.timeout = 3000ms (default)
2019-08-08 03:27:35,683 INFO  server.RaftServerConfigKeys (ConfUtils.java:logGet(43)) - raft.server.log.appender.install.snapshot.enabled = false (custom)
2019-08-08 03:27:35,683 INFO  server.RaftServerConfigKeys (ConfUtils.java:logGet(43)) - raft.server.log.appender.snapshot.chunk.size.max = 16MB (=16777216) (default)
2019-08-08 03:27:35,683 INFO  server.RaftServerConfigKeys (ConfUtils.java:logGet(43)) - raft.server.log.appender.buffer.byte-limit = 33554432 (custom)
2019-08-08 03:27:35,684 INFO  server.RaftServerConfigKeys (ConfUtils.java:logGet(43)) - raft.server.log.appender.buffer.element-limit = 1 (custom)
2019-08-08 03:27:35,684 INFO  grpc.GrpcConfigKeys$Server (ConfUtils.java:logGet(43)) - raft.grpc.server.leader.outstanding.appends.max = 128 (default)
2019-08-08 03:27:35,684 INFO  server.RaftServerConfigKeys (ConfUtils.java:logGet(43)) - raft.server.rpc.request.timeout = 3000ms (default)
2019-08-08 03:27:35,685 INFO  server.RaftServerConfigKeys (ConfUtils.java:logGet(43)) - raft.server.log.appender.install.snapshot.enabled = false (custom)
2019-08-08 03:27:35,689 INFO  impl.RoleInfo (RoleInfo.java:updateAndGet(143)) - 687599c5-c16c-4bec-bf81-393126fba56b: start LeaderState
2019-08-08 03:27:35,690 INFO  segmented.SegmentedRaftLogWorker (SegmentedRaftLogWorker.java:startLogSegment(380)) - 687599c5-c16c-4bec-bf81-393126fba56b-SegmentedRaftLogWorker:Storage Directory /workdir/hadoop-ozone/integration-test/target/test-dir/MiniOzoneClusterImpl-941576e3-e170-4a7f-9dad-67a5afb83a4e/datanode-0/data/ratis/8b774c40-84c2-479f-aa3a-2d08915675f6: Starting segment from index:0
2019-08-08 03:27:35,691 INFO  impl.RaftServerImpl (ServerState.java:setRaftConf(361)) - 687599c5-c16c-4bec-bf81-393126fba56b:group-2D08915675F6 set configuration 0: [de54250b-1717-4432-82a0-36fa9a777c55:192.168.5.133:34783, 687599c5-c16c-4bec-bf81-393126fba56b:192.168.5.133:41468, ea377136-26e2-484b-ada6-c14952883d88:192.168.5.133:36891], old=null at 0
2019-08-08 03:27:35,720 INFO  segmented.SegmentedRaftLogWorker (SegmentedRaftLogWorker.java:execute(569)) - 687599c5-c16c-4bec-bf81-393126fba56b-SegmentedRaftLogWorker:Storage Directory /workdir/hadoop-ozone/integration-test/target/test-dir/MiniOzoneClusterImpl-941576e3-e170-4a7f-9dad-67a5afb83a4e/datanode-0/data/ratis/8b774c40-84c2-479f-aa3a-2d08915675f6: created new log segment /workdir/hadoop-ozone/integration-test/target/test-dir/MiniOzoneClusterImpl-941576e3-e170-4a7f-9dad-67a5afb83a4e/datanode-0/data/ratis/8b774c40-84c2-479f-aa3a-2d08915675f6/current/log_inprogress_0
2019-08-08 03:27:35,736 INFO  impl.RaftServerImpl (ServerState.java:setLeader(263)) - ea377136-26e2-484b-ada6-c14952883d88:group-2D08915675F6 change Leader from null to 687599c5-c16c-4bec-bf81-393126fba56b at term 2 for appendEntries, leader elected after 10429ms
2019-08-08 03:27:35,736 INFO  impl.RaftServerImpl (ServerState.java:setLeader(263)) - de54250b-1717-4432-82a0-36fa9a777c55:group-2D08915675F6 change Leader from null to 687599c5-c16c-4bec-bf81-393126fba56b at term 2 for appendEntries, leader elected after 10429ms
2019-08-08 03:27:35,781 INFO  impl.RaftServerImpl (ServerState.java:setRaftConf(361)) - de54250b-1717-4432-82a0-36fa9a777c55:group-2D08915675F6 set configuration 0: [de54250b-1717-4432-82a0-36fa9a777c55:192.168.5.133:34783, 687599c5-c16c-4bec-bf81-393126fba56b:192.168.5.133:41468, ea377136-26e2-484b-ada6-c14952883d88:192.168.5.133:36891], old=null at 0
2019-08-08 03:27:35,781 INFO  impl.RaftServerImpl (ServerState.java:setRaftConf(361)) - ea377136-26e2-484b-ada6-c14952883d88:group-2D08915675F6 set configuration 0: [de54250b-1717-4432-82a0-36fa9a777c55:192.168.5.133:34783, 687599c5-c16c-4bec-bf81-393126fba56b:192.168.5.133:41468, ea377136-26e2-484b-ada6-c14952883d88:192.168.5.133:36891], old=null at 0
2019-08-08 03:27:35,781 INFO  segmented.SegmentedRaftLogWorker (SegmentedRaftLogWorker.java:startLogSegment(380)) - de54250b-1717-4432-82a0-36fa9a777c55-SegmentedRaftLogWorker:Storage Directory /workdir/hadoop-ozone/integration-test/target/test-dir/MiniOzoneClusterImpl-941576e3-e170-4a7f-9dad-67a5afb83a4e/datanode-2/data/ratis/8b774c40-84c2-479f-aa3a-2d08915675f6: Starting segment from index:0
2019-08-08 03:27:35,782 INFO  segmented.SegmentedRaftLogWorker (SegmentedRaftLogWorker.java:startLogSegment(380)) - ea377136-26e2-484b-ada6-c14952883d88-SegmentedRaftLogWorker:Storage Directory /workdir/hadoop-ozone/integration-test/target/test-dir/MiniOzoneClusterImpl-941576e3-e170-4a7f-9dad-67a5afb83a4e/datanode-1/data/ratis/8b774c40-84c2-479f-aa3a-2d08915675f6: Starting segment from index:0
2019-08-08 03:27:35,824 INFO  segmented.SegmentedRaftLogWorker (SegmentedRaftLogWorker.java:execute(569)) - ea377136-26e2-484b-ada6-c14952883d88-SegmentedRaftLogWorker:Storage Directory /workdir/hadoop-ozone/integration-test/target/test-dir/MiniOzoneClusterImpl-941576e3-e170-4a7f-9dad-67a5afb83a4e/datanode-1/data/ratis/8b774c40-84c2-479f-aa3a-2d08915675f6: created new log segment /workdir/hadoop-ozone/integration-test/target/test-dir/MiniOzoneClusterImpl-941576e3-e170-4a7f-9dad-67a5afb83a4e/datanode-1/data/ratis/8b774c40-84c2-479f-aa3a-2d08915675f6/current/log_inprogress_0
2019-08-08 03:27:35,826 INFO  segmented.SegmentedRaftLogWorker (SegmentedRaftLogWorker.java:execute(569)) - de54250b-1717-4432-82a0-36fa9a777c55-SegmentedRaftLogWorker:Storage Directory /workdir/hadoop-ozone/integration-test/target/test-dir/MiniOzoneClusterImpl-941576e3-e170-4a7f-9dad-67a5afb83a4e/datanode-2/data/ratis/8b774c40-84c2-479f-aa3a-2d08915675f6: created new log segment /workdir/hadoop-ozone/integration-test/target/test-dir/MiniOzoneClusterImpl-941576e3-e170-4a7f-9dad-67a5afb83a4e/datanode-2/data/ratis/8b774c40-84c2-479f-aa3a-2d08915675f6/current/log_inprogress_0
2019-08-08 03:27:38,182 INFO  ozone.MiniOzoneClusterImpl (MiniOzoneClusterImpl.java:shutdown(321)) - Shutting down the Mini Ozone Cluster
2019-08-08 03:27:38,187 INFO  ozone.MiniOzoneClusterImpl (MiniOzoneClusterImpl.java:stop(336)) - Stopping the Mini Ozone Cluster
2019-08-08 03:27:38,187 INFO  ozone.MiniOzoneClusterImpl (MiniOzoneClusterImpl.java:stop(338)) - Stopping the OzoneManager
2019-08-08 03:27:38,187 INFO  ipc.Server (Server.java:stop(3082)) - Stopping server on 34236
2019-08-08 03:27:38,193 INFO  ipc.Server (Server.java:run(1185)) - Stopping IPC Server listener on 34236
2019-08-08 03:27:38,196 INFO  utils.BackgroundService (BackgroundService.java:shutdown(148)) - Shutting down service KeyDeletingService
2019-08-08 03:27:38,196 INFO  ipc.Server (Server.java:run(1319)) - Stopping IPC Server Responder
2019-08-08 03:27:38,201 INFO  handler.ContextHandler (ContextHandler.java:doStop(910)) - Stopped o.e.j.w.WebAppContext@4f4cf32{/,null,UNAVAILABLE}{/ozoneManager}
2019-08-08 03:27:38,201 INFO  server.AbstractConnector (AbstractConnector.java:doStop(318)) - Stopped ServerConnector@1b1b498f{HTTP/1.1,[http/1.1]}{0.0.0.0:0}
2019-08-08 03:27:38,202 INFO  handler.ContextHandler (ContextHandler.java:doStop(910)) - Stopped o.e.j.s.ServletContextHandler@2047d8b5{/static,file:///workdir/hadoop-ozone/integration-test/target/test-classes/webapps/static,UNAVAILABLE}
2019-08-08 03:27:38,202 INFO  handler.ContextHandler (ContextHandler.java:doStop(910)) - Stopped o.e.j.s.ServletContextHandler@49ba9643{/logs,file:///workdir/hadoop-ozone/integration-test/target/log,UNAVAILABLE}
2019-08-08 03:27:38,205 INFO  ozone.MiniOzoneClusterImpl (MiniOzoneClusterImpl.java:stop(344)) - Shutting the HddsDatanodes
2019-08-08 03:27:38,205 INFO  datanode.ObjectStoreHandler (ObjectStoreHandler.java:close(155)) - Closing ObjectStoreHandler.
2019-08-08 03:27:38,205 INFO  datanode.ObjectStoreHandler (ObjectStoreHandler.java:close(155)) - Closing ObjectStoreHandler.
2019-08-08 03:27:38,206 INFO  ozone.HddsDatanodeService (HddsDatanodeService.java:stop(451)) - Stopped plug-in org.apache.hadoop.ozone.web.OzoneHddsDatanodeService@47f68225
2019-08-08 03:27:38,206 INFO  ozone.HddsDatanodeService (HddsDatanodeService.java:stop(451)) - Stopped plug-in org.apache.hadoop.ozone.web.OzoneHddsDatanodeService@2fe78d1
2019-08-08 03:27:38,725 INFO  statemachine.DatanodeStateMachine (DatanodeStateMachine.java:lambda$startDaemon$0(350)) - Ozone container server started.
2019-08-08 03:27:38,936 INFO  statemachine.DatanodeStateMachine (DatanodeStateMachine.java:lambda$startDaemon$0(350)) - Ozone container server started.
2019-08-08 03:27:43,207 INFO  ozoneimpl.OzoneContainer (OzoneContainer.java:stop(199)) - Attempting to stop container services.
2019-08-08 03:27:43,207 INFO  ozoneimpl.OzoneContainer (OzoneContainer.java:stop(199)) - Attempting to stop container services.
2019-08-08 03:27:43,208 INFO  impl.RaftServerProxy (RaftServerProxy.java:lambda$close$4(314)) - 687599c5-c16c-4bec-bf81-393126fba56b: close
2019-08-08 03:27:43,208 INFO  impl.RaftServerProxy (RaftServerProxy.java:lambda$close$4(314)) - ea377136-26e2-484b-ada6-c14952883d88: close
2019-08-08 03:27:43,208 INFO  impl.RaftServerImpl (RaftServerImpl.java:lambda$shutdown$3(245)) - 687599c5-c16c-4bec-bf81-393126fba56b: shutdown group-2D08915675F6
2019-08-08 03:27:43,208 INFO  impl.RaftServerImpl (RaftServerImpl.java:lambda$shutdown$3(245)) - ea377136-26e2-484b-ada6-c14952883d88: shutdown group-878FEEAC4BDB
2019-08-08 03:27:43,209 INFO  util.JmxRegister (JmxRegister.java:unregister(73)) - Successfully un-registered JMX Bean with object name Ratis:service=RaftServer,group=group-2D08915675F6,id=687599c5-c16c-4bec-bf81-393126fba56b
2019-08-08 03:27:43,209 INFO  util.JmxRegister (JmxRegister.java:unregister(73)) - Successfully un-registered JMX Bean with object name Ratis:service=RaftServer,group=group-878FEEAC4BDB,id=ea377136-26e2-484b-ada6-c14952883d88
2019-08-08 03:27:43,209 INFO  impl.RoleInfo (RoleInfo.java:shutdownLeaderState(104)) - 687599c5-c16c-4bec-bf81-393126fba56b: shutdown LeaderState
2019-08-08 03:27:43,210 INFO  impl.RoleInfo (RoleInfo.java:shutdownLeaderState(104)) - ea377136-26e2-484b-ada6-c14952883d88: shutdown LeaderState
2019-08-08 03:27:43,216 INFO  impl.PendingRequests (PendingRequests.java:sendNotLeaderResponses(202)) - 687599c5-c16c-4bec-bf81-393126fba56b-PendingRequests: sendNotLeaderResponses
2019-08-08 03:27:43,217 WARN  server.GrpcLogAppender (GrpcLogAppender.java:mayWait(143)) - GrpcLogAppender(687599c5-c16c-4bec-bf81-393126fba56b->ea377136-26e2-484b-ada6-c14952883d88): Wait interrupted by java.lang.InterruptedException
2019-08-08 03:27:43,219 INFO  impl.StateMachineUpdater (StateMachineUpdater.java:stopAndJoin(115)) - StateMachineUpdater:687599c5-c16c-4bec-bf81-393126fba56b:group-2D08915675F6: set stopIndex = 0
2019-08-08 03:27:43,220 INFO  impl.RaftServerImpl (ServerState.java:close(394)) - 687599c5-c16c-4bec-bf81-393126fba56b:group-2D08915675F6 closes. The last applied log index is 0
2019-08-08 03:27:43,217 INFO  impl.PendingRequests (PendingRequests.java:sendNotLeaderResponses(202)) - ea377136-26e2-484b-ada6-c14952883d88-PendingRequests: sendNotLeaderResponses
2019-08-08 03:27:43,217 WARN  server.GrpcLogAppender (GrpcLogAppender.java:mayWait(143)) - GrpcLogAppender(687599c5-c16c-4bec-bf81-393126fba56b->de54250b-1717-4432-82a0-36fa9a777c55): Wait interrupted by java.lang.InterruptedException
2019-08-08 03:27:43,223 INFO  impl.StateMachineUpdater (StateMachineUpdater.java:stopAndJoin(115)) - StateMachineUpdater:ea377136-26e2-484b-ada6-c14952883d88:group-878FEEAC4BDB: set stopIndex = 0
2019-08-08 03:27:43,220 INFO  segmented.SegmentedRaftLogWorker (SegmentedRaftLogWorker.java:run(313)) - 687599c5-c16c-4bec-bf81-393126fba56b-SegmentedRaftLogWorker:Storage Directory /workdir/hadoop-ozone/integration-test/target/test-dir/MiniOzoneClusterImpl-941576e3-e170-4a7f-9dad-67a5afb83a4e/datanode-0/data/ratis/8b774c40-84c2-479f-aa3a-2d08915675f6 was interrupted, exiting. There are 0 tasks remaining in the queue.
2019-08-08 03:27:43,226 INFO  impl.RaftServerImpl (ServerState.java:close(394)) - ea377136-26e2-484b-ada6-c14952883d88:group-878FEEAC4BDB closes. The last applied log index is 0
2019-08-08 03:27:43,229 INFO  server.GrpcServerProtocolService (GrpcServerProtocolService.java:onCompleted(104)) - ea377136-26e2-484b-ada6-c14952883d88: appendEntries completed
2019-08-08 03:27:43,229 INFO  segmented.SegmentedRaftLogWorker (SegmentedRaftLogWorker.java:close(228)) - 687599c5-c16c-4bec-bf81-393126fba56b-SegmentedRaftLogWorker:Storage Directory /workdir/hadoop-ozone/integration-test/target/test-dir/MiniOzoneClusterImpl-941576e3-e170-4a7f-9dad-67a5afb83a4e/datanode-0/data/ratis/8b774c40-84c2-479f-aa3a-2d08915675f6 close()
2019-08-08 03:27:43,229 INFO  server.GrpcServerProtocolService (GrpcServerProtocolService.java:onCompleted(104)) - de54250b-1717-4432-82a0-36fa9a777c55: appendEntries completed
2019-08-08 03:27:43,229 INFO  segmented.SegmentedRaftLogWorker (SegmentedRaftLogWorker.java:run(313)) - ea377136-26e2-484b-ada6-c14952883d88-SegmentedRaftLogWorker:Storage Directory /workdir/hadoop-ozone/integration-test/target/test-dir/MiniOzoneClusterImpl-941576e3-e170-4a7f-9dad-67a5afb83a4e/datanode-1/data/ratis/c699055c-a212-4a20-a5cf-878feeac4bdb was interrupted, exiting. There are 0 tasks remaining in the queue.
2019-08-08 03:27:43,239 INFO  impl.RaftServerImpl (RaftServerImpl.java:lambda$shutdown$3(245)) - 687599c5-c16c-4bec-bf81-393126fba56b: shutdown group-2A6465579B81
2019-08-08 03:27:43,244 INFO  segmented.SegmentedRaftLogWorker (SegmentedRaftLogWorker.java:close(228)) - ea377136-26e2-484b-ada6-c14952883d88-SegmentedRaftLogWorker:Storage Directory /workdir/hadoop-ozone/integration-test/target/test-dir/MiniOzoneClusterImpl-941576e3-e170-4a7f-9dad-67a5afb83a4e/datanode-1/data/ratis/c699055c-a212-4a20-a5cf-878feeac4bdb close()
2019-08-08 03:27:43,245 INFO  server.GrpcLogAppender (GrpcLogAppender.java:onCompleted(292)) - 687599c5-c16c-4bec-bf81-393126fba56b->ea377136-26e2-484b-ada6-c14952883d88: follower responses appendEntries COMPLETED
2019-08-08 03:27:43,244 INFO  util.JmxRegister (JmxRegister.java:unregister(73)) - Successfully un-registered JMX Bean with object name Ratis:service=RaftServer,group=group-2A6465579B81,id=687599c5-c16c-4bec-bf81-393126fba56b
2019-08-08 03:27:43,249 INFO  server.GrpcLogAppender (GrpcLogAppender.java:onCompleted(292)) - 687599c5-c16c-4bec-bf81-393126fba56b->de54250b-1717-4432-82a0-36fa9a777c55: follower responses appendEntries COMPLETED
2019-08-08 03:27:43,249 INFO  impl.RaftServerImpl (RaftServerImpl.java:lambda$shutdown$3(245)) - ea377136-26e2-484b-ada6-c14952883d88: shutdown group-2D08915675F6
2019-08-08 03:27:43,252 INFO  impl.RoleInfo (RoleInfo.java:shutdownLeaderState(104)) - 687599c5-c16c-4bec-bf81-393126fba56b: shutdown LeaderState
2019-08-08 03:27:43,254 INFO  util.JmxRegister (JmxRegister.java:unregister(73)) - Successfully un-registered JMX Bean with object name Ratis:service=RaftServer,group=group-2D08915675F6,id=ea377136-26e2-484b-ada6-c14952883d88
2019-08-08 03:27:43,255 INFO  impl.FollowerInfo (FollowerInfo.java:lambda$new$0(50)) - 687599c5-c16c-4bec-bf81-393126fba56b->de54250b-1717-4432-82a0-36fa9a777c55: nextIndex: updateUnconditionally 1 -> 0
2019-08-08 03:27:43,255 INFO  impl.FollowerInfo (FollowerInfo.java:lambda$new$0(50)) - 687599c5-c16c-4bec-bf81-393126fba56b->ea377136-26e2-484b-ada6-c14952883d88: nextIndex: updateUnconditionally 1 -> 0
2019-08-08 03:27:43,255 INFO  impl.PendingRequests (PendingRequests.java:sendNotLeaderResponses(202)) - 687599c5-c16c-4bec-bf81-393126fba56b-PendingRequests: sendNotLeaderResponses
2019-08-08 03:27:43,257 INFO  impl.RoleInfo (RoleInfo.java:shutdownFollowerState(121)) - ea377136-26e2-484b-ada6-c14952883d88: shutdown FollowerState
2019-08-08 03:27:43,258 INFO  impl.StateMachineUpdater (StateMachineUpdater.java:stopAndJoin(115)) - StateMachineUpdater:687599c5-c16c-4bec-bf81-393126fba56b:group-2A6465579B81: set stopIndex = 0
2019-08-08 03:27:43,259 INFO  impl.RaftServerImpl (ServerState.java:close(394)) - 687599c5-c16c-4bec-bf81-393126fba56b:group-2A6465579B81 closes. The last applied log index is 0
2019-08-08 03:27:43,259 INFO  impl.FollowerState (FollowerState.java:run(114)) - ea377136-26e2-484b-ada6-c14952883d88: FollowerState was interrupted: java.lang.InterruptedException: sleep interrupted
2019-08-08 03:27:43,259 INFO  impl.StateMachineUpdater (StateMachineUpdater.java:stopAndJoin(115)) - StateMachineUpdater:ea377136-26e2-484b-ada6-c14952883d88:group-2D08915675F6: set stopIndex = 0
2019-08-08 03:27:43,262 INFO  impl.RaftServerImpl (ServerState.java:close(394)) - ea377136-26e2-484b-ada6-c14952883d88:group-2D08915675F6 closes. The last applied log index is 0
2019-08-08 03:27:43,259 INFO  segmented.SegmentedRaftLogWorker (SegmentedRaftLogWorker.java:run(313)) - 687599c5-c16c-4bec-bf81-393126fba56b-SegmentedRaftLogWorker:Storage Directory /workdir/hadoop-ozone/integration-test/target/test-dir/MiniOzoneClusterImpl-941576e3-e170-4a7f-9dad-67a5afb83a4e/datanode-0/data/ratis/6338e3a2-820b-49f6-8e6e-2a6465579b81 was interrupted, exiting. There are 0 tasks remaining in the queue.
2019-08-08 03:27:43,262 INFO  segmented.SegmentedRaftLogWorker (SegmentedRaftLogWorker.java:run(313)) - ea377136-26e2-484b-ada6-c14952883d88-SegmentedRaftLogWorker:Storage Directory /workdir/hadoop-ozone/integration-test/target/test-dir/MiniOzoneClusterImpl-941576e3-e170-4a7f-9dad-67a5afb83a4e/datanode-1/data/ratis/8b774c40-84c2-479f-aa3a-2d08915675f6 was interrupted, exiting. There are 0 tasks remaining in the queue.
2019-08-08 03:27:43,264 INFO  segmented.SegmentedRaftLogWorker (SegmentedRaftLogWorker.java:close(228)) - 687599c5-c16c-4bec-bf81-393126fba56b-SegmentedRaftLogWorker:Storage Directory /workdir/hadoop-ozone/integration-test/target/test-dir/MiniOzoneClusterImpl-941576e3-e170-4a7f-9dad-67a5afb83a4e/datanode-0/data/ratis/6338e3a2-820b-49f6-8e6e-2a6465579b81 close()
2019-08-08 03:27:43,267 INFO  segmented.SegmentedRaftLogWorker (SegmentedRaftLogWorker.java:close(228)) - ea377136-26e2-484b-ada6-c14952883d88-SegmentedRaftLogWorker:Storage Directory /workdir/hadoop-ozone/integration-test/target/test-dir/MiniOzoneClusterImpl-941576e3-e170-4a7f-9dad-67a5afb83a4e/datanode-1/data/ratis/8b774c40-84c2-479f-aa3a-2d08915675f6 close()
2019-08-08 03:27:43,271 INFO  server.GrpcService (GrpcService.java:closeImpl(155)) - 687599c5-c16c-4bec-bf81-393126fba56b: shutdown server with port 41468 now
2019-08-08 03:27:43,275 INFO  server.GrpcService (GrpcService.java:closeImpl(155)) - ea377136-26e2-484b-ada6-c14952883d88: shutdown server with port 36891 now
2019-08-08 03:27:43,282 INFO  server.GrpcService (GrpcService.java:closeImpl(163)) - 687599c5-c16c-4bec-bf81-393126fba56b: shutdown server with port 41468 successfully
2019-08-08 03:27:43,283 INFO  server.GrpcService (GrpcService.java:closeImpl(163)) - ea377136-26e2-484b-ada6-c14952883d88: shutdown server with port 36891 successfully
2019-08-08 03:27:43,284 INFO  utils.BackgroundService (BackgroundService.java:shutdown(148)) - Shutting down service BlockDeletingService
2019-08-08 03:27:43,285 INFO  utils.BackgroundService (BackgroundService.java:shutdown(148)) - Shutting down service BlockDeletingService
2019-08-08 03:27:43,286 WARN  fs.CachingGetSpaceUsed (CachingGetSpaceUsed.java:run(183)) - Thread Interrupted waiting to refresh disk information: sleep interrupted
2019-08-08 03:27:43,289 WARN  fs.CachingGetSpaceUsed (CachingGetSpaceUsed.java:run(183)) - Thread Interrupted waiting to refresh disk information: sleep interrupted
2019-08-08 03:27:43,314 INFO  statemachine.DatanodeStateMachine (DatanodeStateMachine.java:stopDaemon(395)) - Ozone container server stopped.
2019-08-08 03:27:43,323 INFO  handler.ContextHandler (ContextHandler.java:doStop(910)) - Stopped o.e.j.w.WebAppContext@a063523{/,null,UNAVAILABLE}{/hddsDatanode}
2019-08-08 03:27:43,325 INFO  statemachine.DatanodeStateMachine (DatanodeStateMachine.java:stopDaemon(395)) - Ozone container server stopped.
2019-08-08 03:27:43,326 INFO  server.AbstractConnector (AbstractConnector.java:doStop(318)) - Stopped ServerConnector@3ddc1f1d{HTTP/1.1,[http/1.1]}{0.0.0.0:0}
2019-08-08 03:27:43,328 INFO  handler.ContextHandler (ContextHandler.java:doStop(910)) - Stopped o.e.j.w.WebAppContext@125b4c0c{/,null,UNAVAILABLE}{/hddsDatanode}
2019-08-08 03:27:43,328 INFO  handler.ContextHandler (ContextHandler.java:doStop(910)) - Stopped o.e.j.s.ServletContextHandler@20c37c9{/static,jar:file:/home/user/.m2/repository/org/apache/hadoop/hadoop-hdds-container-service/0.4.1-SNAPSHOT/hadoop-hdds-container-service-0.4.1-SNAPSHOT.jar!/webapps/static,UNAVAILABLE}
2019-08-08 03:27:43,331 INFO  handler.ContextHandler (ContextHandler.java:doStop(910)) - Stopped o.e.j.s.ServletContextHandler@5e608c09{/logs,file:///workdir/hadoop-ozone/integration-test/target/log,UNAVAILABLE}
2019-08-08 03:27:43,331 INFO  server.AbstractConnector (AbstractConnector.java:doStop(318)) - Stopped ServerConnector@14681358{HTTP/1.1,[http/1.1]}{0.0.0.0:0}
2019-08-08 03:27:43,332 INFO  handler.ContextHandler (ContextHandler.java:doStop(910)) - Stopped o.e.j.s.ServletContextHandler@51da5ed6{/static,jar:file:/home/user/.m2/repository/org/apache/hadoop/hadoop-hdds-container-service/0.4.1-SNAPSHOT/hadoop-hdds-container-service-0.4.1-SNAPSHOT.jar!/webapps/static,UNAVAILABLE}
2019-08-08 03:27:43,332 INFO  datanode.ObjectStoreHandler (ObjectStoreHandler.java:close(155)) - Closing ObjectStoreHandler.
2019-08-08 03:27:43,332 INFO  handler.ContextHandler (ContextHandler.java:doStop(910)) - Stopped o.e.j.s.ServletContextHandler@5d749b39{/logs,file:///workdir/hadoop-ozone/integration-test/target/log,UNAVAILABLE}
2019-08-08 03:27:43,334 INFO  ozone.HddsDatanodeService (HddsDatanodeService.java:stop(451)) - Stopped plug-in org.apache.hadoop.ozone.web.OzoneHddsDatanodeService@170e81ae
2019-08-08 03:27:44,180 INFO  statemachine.DatanodeStateMachine (DatanodeStateMachine.java:lambda$startDaemon$0(350)) - Ozone container server started.
2019-08-08 03:27:48,335 INFO  ozoneimpl.OzoneContainer (OzoneContainer.java:stop(199)) - Attempting to stop container services.
2019-08-08 03:27:48,335 INFO  impl.RaftServerProxy (RaftServerProxy.java:lambda$close$4(314)) - de54250b-1717-4432-82a0-36fa9a777c55: close
2019-08-08 03:27:48,336 INFO  impl.RaftServerImpl (RaftServerImpl.java:lambda$shutdown$3(245)) - de54250b-1717-4432-82a0-36fa9a777c55: shutdown group-01116DE6F942
2019-08-08 03:27:48,336 INFO  util.JmxRegister (JmxRegister.java:unregister(73)) - Successfully un-registered JMX Bean with object name Ratis:service=RaftServer,group=group-01116DE6F942,id=de54250b-1717-4432-82a0-36fa9a777c55
2019-08-08 03:27:48,337 INFO  impl.RoleInfo (RoleInfo.java:shutdownLeaderState(104)) - de54250b-1717-4432-82a0-36fa9a777c55: shutdown LeaderState
2019-08-08 03:27:48,337 INFO  impl.PendingRequests (PendingRequests.java:sendNotLeaderResponses(202)) - de54250b-1717-4432-82a0-36fa9a777c55-PendingRequests: sendNotLeaderResponses
2019-08-08 03:27:48,337 INFO  impl.StateMachineUpdater (StateMachineUpdater.java:stopAndJoin(115)) - StateMachineUpdater:de54250b-1717-4432-82a0-36fa9a777c55:group-01116DE6F942: set stopIndex = 0
2019-08-08 03:27:48,338 INFO  impl.RaftServerImpl (ServerState.java:close(394)) - de54250b-1717-4432-82a0-36fa9a777c55:group-01116DE6F942 closes. The last applied log index is 0
2019-08-08 03:27:48,338 INFO  segmented.SegmentedRaftLogWorker (SegmentedRaftLogWorker.java:run(313)) - de54250b-1717-4432-82a0-36fa9a777c55-SegmentedRaftLogWorker:Storage Directory /workdir/hadoop-ozone/integration-test/target/test-dir/MiniOzoneClusterImpl-941576e3-e170-4a7f-9dad-67a5afb83a4e/datanode-2/data/ratis/d9d31fa8-b250-4d60-af0e-01116de6f942 was interrupted, exiting. There are 0 tasks remaining in the queue.
2019-08-08 03:27:48,342 INFO  segmented.SegmentedRaftLogWorker (SegmentedRaftLogWorker.java:close(228)) - de54250b-1717-4432-82a0-36fa9a777c55-SegmentedRaftLogWorker:Storage Directory /workdir/hadoop-ozone/integration-test/target/test-dir/MiniOzoneClusterImpl-941576e3-e170-4a7f-9dad-67a5afb83a4e/datanode-2/data/ratis/d9d31fa8-b250-4d60-af0e-01116de6f942 close()
2019-08-08 03:27:48,355 INFO  impl.RaftServerImpl (RaftServerImpl.java:lambda$shutdown$3(245)) - de54250b-1717-4432-82a0-36fa9a777c55: shutdown group-2D08915675F6
2019-08-08 03:27:48,356 INFO  util.JmxRegister (JmxRegister.java:unregister(73)) - Successfully un-registered JMX Bean with object name Ratis:service=RaftServer,group=group-2D08915675F6,id=de54250b-1717-4432-82a0-36fa9a777c55
2019-08-08 03:27:48,356 INFO  impl.RoleInfo (RoleInfo.java:shutdownFollowerState(121)) - de54250b-1717-4432-82a0-36fa9a777c55: shutdown FollowerState
2019-08-08 03:27:48,356 INFO  impl.StateMachineUpdater (StateMachineUpdater.java:stopAndJoin(115)) - StateMachineUpdater:de54250b-1717-4432-82a0-36fa9a777c55:group-2D08915675F6: set stopIndex = 0
2019-08-08 03:27:48,356 INFO  impl.FollowerState (FollowerState.java:run(114)) - de54250b-1717-4432-82a0-36fa9a777c55: FollowerState was interrupted: java.lang.InterruptedException: sleep interrupted
2019-08-08 03:27:48,356 INFO  impl.RaftServerImpl (ServerState.java:close(394)) - de54250b-1717-4432-82a0-36fa9a777c55:group-2D08915675F6 closes. The last applied log index is 0
2019-08-08 03:27:48,359 INFO  segmented.SegmentedRaftLogWorker (SegmentedRaftLogWorker.java:run(313)) - de54250b-1717-4432-82a0-36fa9a777c55-SegmentedRaftLogWorker:Storage Directory /workdir/hadoop-ozone/integration-test/target/test-dir/MiniOzoneClusterImpl-941576e3-e170-4a7f-9dad-67a5afb83a4e/datanode-2/data/ratis/8b774c40-84c2-479f-aa3a-2d08915675f6 was interrupted, exiting. There are 0 tasks remaining in the queue.
2019-08-08 03:27:48,359 INFO  segmented.SegmentedRaftLogWorker (SegmentedRaftLogWorker.java:close(228)) - de54250b-1717-4432-82a0-36fa9a777c55-SegmentedRaftLogWorker:Storage Directory /workdir/hadoop-ozone/integration-test/target/test-dir/MiniOzoneClusterImpl-941576e3-e170-4a7f-9dad-67a5afb83a4e/datanode-2/data/ratis/8b774c40-84c2-479f-aa3a-2d08915675f6 close()
2019-08-08 03:27:48,361 INFO  server.GrpcService (GrpcService.java:closeImpl(155)) - de54250b-1717-4432-82a0-36fa9a777c55: shutdown server with port 34783 now
2019-08-08 03:27:48,365 INFO  server.GrpcService (GrpcService.java:closeImpl(163)) - de54250b-1717-4432-82a0-36fa9a777c55: shutdown server with port 34783 successfully
2019-08-08 03:27:48,367 INFO  utils.BackgroundService (BackgroundService.java:shutdown(148)) - Shutting down service BlockDeletingService
2019-08-08 03:27:48,368 WARN  fs.CachingGetSpaceUsed (CachingGetSpaceUsed.java:run(183)) - Thread Interrupted waiting to refresh disk information: sleep interrupted
2019-08-08 03:27:48,394 INFO  statemachine.DatanodeStateMachine (DatanodeStateMachine.java:stopDaemon(395)) - Ozone container server stopped.
2019-08-08 03:27:48,400 INFO  handler.ContextHandler (ContextHandler.java:doStop(910)) - Stopped o.e.j.w.WebAppContext@b9fe8cd{/,null,UNAVAILABLE}{/hddsDatanode}
2019-08-08 03:27:48,402 INFO  server.AbstractConnector (AbstractConnector.java:doStop(318)) - Stopped ServerConnector@58a16297{HTTP/1.1,[http/1.1]}{0.0.0.0:0}
2019-08-08 03:27:48,404 INFO  handler.ContextHandler (ContextHandler.java:doStop(910)) - Stopped o.e.j.s.ServletContextHandler@5143cd8d{/static,jar:file:/home/user/.m2/repository/org/apache/hadoop/hadoop-hdds-container-service/0.4.1-SNAPSHOT/hadoop-hdds-container-service-0.4.1-SNAPSHOT.jar!/webapps/static,UNAVAILABLE}
2019-08-08 03:27:48,406 INFO  handler.ContextHandler (ContextHandler.java:doStop(910)) - Stopped o.e.j.s.ServletContextHandler@49df0a0c{/logs,file:///workdir/hadoop-ozone/integration-test/target/log,UNAVAILABLE}
2019-08-08 03:27:48,407 INFO  ozone.MiniOzoneClusterImpl (MiniOzoneClusterImpl.java:stop(353)) - Stopping the StorageContainerManager
2019-08-08 03:27:48,407 INFO  server.StorageContainerManager (StorageContainerManager.java:stop(796)) - Stopping Replication Manager Service.
2019-08-08 03:27:48,407 INFO  container.ReplicationManager (ReplicationManager.java:stop(187)) - Stopping Replication Monitor Thread.
2019-08-08 03:27:48,407 INFO  server.StorageContainerManager (StorageContainerManager.java:stop(803)) - Stopping Lease Manager of the command watchers
2019-08-08 03:27:48,408 INFO  server.StorageContainerManager (StorageContainerManager.java:stop(810)) - Stopping datanode service RPC server
2019-08-08 03:27:48,408 INFO  server.SCMDatanodeProtocolServer (SCMDatanodeProtocolServer.java:stop(367)) - Stopping the RPC server for DataNodes
2019-08-08 03:27:48,408 INFO  ipc.Server (Server.java:stop(3082)) - Stopping server on 36550
2019-08-08 03:27:48,411 INFO  ipc.Server (Server.java:run(1185)) - Stopping IPC Server listener on 36550
2019-08-08 03:27:48,411 INFO  ipc.Server (Server.java:run(1319)) - Stopping IPC Server Responder
2019-08-08 03:27:48,455 WARN  node.NodeStateManager (NodeStateManager.java:scheduleNextHealthCheck(631)) - Current Thread is interrupted, shutting down HB processing thread for Node Manager.
2019-08-08 03:27:48,456 INFO  server.StorageContainerManager (StorageContainerManager.java:stop(818)) - Stopping block service RPC server
2019-08-08 03:27:48,456 INFO  server.SCMBlockProtocolServer (SCMBlockProtocolServer.java:stop(148)) - Stopping the RPC server for Block Protocol
2019-08-08 03:27:48,456 INFO  ipc.Server (Server.java:stop(3082)) - Stopping server on 44384
2019-08-08 03:27:48,459 INFO  ipc.Server (Server.java:run(1185)) - Stopping IPC Server listener on 44384
2019-08-08 03:27:48,459 INFO  ipc.Server (Server.java:run(1319)) - Stopping IPC Server Responder
2019-08-08 03:27:48,462 INFO  server.StorageContainerManager (StorageContainerManager.java:stop(825)) - Stopping the StorageContainerLocationProtocol RPC server
2019-08-08 03:27:48,462 INFO  server.SCMClientProtocolServer (SCMClientProtocolServer.java:stop(159)) - Stopping the RPC server for Client Protocol
2019-08-08 03:27:48,462 INFO  ipc.Server (Server.java:stop(3082)) - Stopping server on 36712
2019-08-08 03:27:48,471 INFO  ipc.Server (Server.java:run(1185)) - Stopping IPC Server listener on 36712
2019-08-08 03:27:48,475 INFO  server.StorageContainerManager (StorageContainerManager.java:stop(832)) - Stopping Storage Container Manager HTTP server.
2019-08-08 03:27:48,476 INFO  ipc.Server (Server.java:run(1319)) - Stopping IPC Server Responder
2019-08-08 03:27:48,478 INFO  handler.ContextHandler (ContextHandler.java:doStop(910)) - Stopped o.e.j.w.WebAppContext@de2821c{/,null,UNAVAILABLE}{/scm}
2019-08-08 03:27:48,480 INFO  server.AbstractConnector (AbstractConnector.java:doStop(318)) - Stopped ServerConnector@6fe81861{HTTP/1.1,[http/1.1]}{0.0.0.0:0}
2019-08-08 03:27:48,480 INFO  handler.ContextHandler (ContextHandler.java:doStop(910)) - Stopped o.e.j.s.ServletContextHandler@7e93b4ec{/static,file:///workdir/hadoop-ozone/integration-test/target/test-classes/webapps/static,UNAVAILABLE}
2019-08-08 03:27:48,481 INFO  handler.ContextHandler (ContextHandler.java:doStop(910)) - Stopped o.e.j.s.ServletContextHandler@71e048be{/logs,file:///workdir/hadoop-ozone/integration-test/target/log,UNAVAILABLE}
2019-08-08 03:27:48,482 INFO  server.StorageContainerManager (StorageContainerManager.java:stop(843)) - Stopping Block Manager Service.
2019-08-08 03:27:48,482 INFO  utils.BackgroundService (BackgroundService.java:shutdown(148)) - Shutting down service SCMBlockDeletingService
2019-08-08 03:27:48,484 INFO  utils.BackgroundService (BackgroundService.java:shutdown(148)) - Shutting down service SCMBlockDeletingService
2019-08-08 03:27:48,484 INFO  server.StorageContainerManager (StorageContainerManager.java:stop(865)) - Stopping SCM Event Queue.
2019-08-08 03:27:48,488 INFO  impl.MetricsSystemImpl (MetricsSystemImpl.java:stop(210)) - Stopping HddsDatanode metrics system...
2019-08-08 03:27:48,493 INFO  impl.MetricsSystemImpl (MetricsSystemImpl.java:stop(216)) - HddsDatanode metrics system stopped.
]]></system-out>
    <system-err><![CDATA[Aug 08, 2019 3:27:20 AM com.sun.jersey.server.impl.application.WebApplicationImpl _initiate
INFO: Initiating Jersey application, version 'Jersey: 1.19 02/11/2015 03:25 AM'
Aug 08, 2019 3:27:20 AM com.sun.jersey.server.impl.application.WebApplicationImpl _initiate
INFO: Initiating Jersey application, version 'Jersey: 1.19 02/11/2015 03:25 AM'
Aug 08, 2019 3:27:21 AM com.sun.jersey.server.impl.application.WebApplicationImpl _initiate
INFO: Initiating Jersey application, version 'Jersey: 1.19 02/11/2015 03:25 AM'
]]></system-err>
  </testcase>
  <testcase name="testScmInfo" classname="org.apache.hadoop.ozone.TestStorageContainerManager" time="0.19"/>
</testsuite>