<?xml version="1.0" encoding="UTF-8"?>
<testsuite xmlns:xsi="http://www.w3.org/2001/XMLSchema-instance" xsi:noNamespaceSchemaLocation="https://maven.apache.org/surefire/maven-surefire-plugin/xsd/surefire-test-report.xsd" name="org.apache.hadoop.ozone.client.rpc.TestOzoneClientRetriesOnException" time="86.428" tests="2" errors="1" skipped="0" failures="0">
  <properties>
    <property name="awt.toolkit" value="sun.awt.X11.XToolkit"/>
    <property name="file.encoding.pkg" value="sun.io"/>
    <property name="java.specification.version" value="1.8"/>
    <property name="sun.cpu.isalist" value=""/>
    <property name="sun.jnu.encoding" value="UTF-8"/>
    <property name="java.class.path" value="/workdir/hadoop-ozone/integration-test/target/test-classes:/workdir/hadoop-ozone/integration-test/target/classes:/home/user/.m2/repository/org/apache/hadoop/hadoop-ozone-common/0.4.1-SNAPSHOT/hadoop-ozone-common-0.4.1-SNAPSHOT.jar:/home/user/.m2/repository/org/apache/commons/commons-compress/1.4.1/commons-compress-1.4.1.jar:/home/user/.m2/repository/org/tukaani/xz/1.0/xz-1.0.jar:/home/user/.m2/repository/org/apache/hadoop/hadoop-common/3.2.0/hadoop-common-3.2.0.jar:/home/user/.m2/repository/org/apache/hadoop/hadoop-hdfs/3.2.0/hadoop-hdfs-3.2.0.jar:/home/user/.m2/repository/org/apache/hadoop/hadoop-hdfs-client/3.2.0/hadoop-hdfs-client-3.2.0.jar:/home/user/.m2/repository/com/fasterxml/jackson/core/jackson-annotations/2.9.5/jackson-annotations-2.9.5.jar:/home/user/.m2/repository/org/apache/hadoop/hadoop-hdds-common/0.4.1-SNAPSHOT/hadoop-hdds-common-0.4.1-SNAPSHOT.jar:/home/user/.m2/repository/javax/annotation/javax.annotation-api/1.2/javax.annotation-api-1.2.jar:/home/user/.m2/repository/org/apache/ratis/ratis-server/0.4.0-2337318-SNAPSHOT/ratis-server-0.4.0-2337318-SNAPSHOT.jar:/home/user/.m2/repository/org/apache/ratis/ratis-thirdparty-misc/0.2.0/ratis-thirdparty-misc-0.2.0.jar:/home/user/.m2/repository/org/apache/ratis/ratis-proto/0.4.0-2337318-SNAPSHOT/ratis-proto-0.4.0-2337318-SNAPSHOT.jar:/home/user/.m2/repository/org/apache/ratis/ratis-common/0.4.0-2337318-SNAPSHOT/ratis-common-0.4.0-2337318-SNAPSHOT.jar:/home/user/.m2/repository/org/apache/ratis/ratis-client/0.4.0-2337318-SNAPSHOT/ratis-client-0.4.0-2337318-SNAPSHOT.jar:/home/user/.m2/repository/org/apache/ratis/ratis-metrics/0.4.0-2337318-SNAPSHOT/ratis-metrics-0.4.0-2337318-SNAPSHOT.jar:/home/user/.m2/repository/org/apache/ratis/ratis-netty/0.4.0-2337318-SNAPSHOT/ratis-netty-0.4.0-2337318-SNAPSHOT.jar:/home/user/.m2/repository/org/apache/ratis/ratis-grpc/0.4.0-2337318-SNAPSHOT/ratis-grpc-0.4.0-2337318-SNAPSHOT.jar:/home/user/.m2/repository/org/rocksdb/rocksdbjni/6.0.1/rocksdbjni-6.0.1.jar:/home/user/.m2/repository/org/apache/logging/log4j/log4j-api/2.11.0/log4j-api-2.11.0.jar:/home/user/.m2/repository/org/apache/logging/log4j/log4j-core/2.11.0/log4j-core-2.11.0.jar:/home/user/.m2/repository/com/lmax/disruptor/3.4.2/disruptor-3.4.2.jar:/home/user/.m2/repository/org/apache/commons/commons-pool2/2.6.0/commons-pool2-2.6.0.jar:/home/user/.m2/repository/org/bouncycastle/bcpkix-jdk15on/1.60/bcpkix-jdk15on-1.60.jar:/home/user/.m2/repository/commons-validator/commons-validator/1.6/commons-validator-1.6.jar:/home/user/.m2/repository/commons-digester/commons-digester/1.8.1/commons-digester-1.8.1.jar:/home/user/.m2/repository/io/jaegertracing/jaeger-client/0.33.1/jaeger-client-0.33.1.jar:/home/user/.m2/repository/io/jaegertracing/jaeger-thrift/0.33.1/jaeger-thrift-0.33.1.jar:/home/user/.m2/repository/org/apache/thrift/libthrift/0.11.0/libthrift-0.11.0.jar:/home/user/.m2/repository/com/squareup/okhttp3/okhttp/3.9.0/okhttp-3.9.0.jar:/home/user/.m2/repository/com/squareup/okio/okio/1.13.0/okio-1.13.0.jar:/home/user/.m2/repository/io/jaegertracing/jaeger-core/0.33.1/jaeger-core-0.33.1.jar:/home/user/.m2/repository/io/jaegertracing/jaeger-tracerresolver/0.33.1/jaeger-tracerresolver-0.33.1.jar:/home/user/.m2/repository/io/opentracing/contrib/opentracing-tracerresolver/0.1.5/opentracing-tracerresolver-0.1.5.jar:/home/user/.m2/repository/io/opentracing/opentracing-util/0.31.0/opentracing-util-0.31.0.jar:/home/user/.m2/repository/io/opentracing/opentracing-api/0.31.0/opentracing-api-0.31.0.jar:/home/user/.m2/repository/io/opentracing/opentracing-noop/0.31.0/opentracing-noop-0.31.0.jar:/home/user/.m2/repository/org/apache/hadoop/hadoop-hdds-server-framework/0.4.1-SNAPSHOT/hadoop-hdds-server-framework-0.4.1-SNAPSHOT.jar:/home/user/.m2/repository/org/apache/hadoop/hadoop-hdds-container-service/0.4.1-SNAPSHOT/hadoop-hdds-container-service-0.4.1-SNAPSHOT.jar:/home/user/.m2/repository/org/apache/hadoop/hadoop-hdds-client/0.4.1-SNAPSHOT/hadoop-hdds-client-0.4.1-SNAPSHOT.jar:/home/user/.m2/repository/org/apache/hadoop/hadoop-hdds-tools/0.4.1-SNAPSHOT/hadoop-hdds-tools-0.4.1-SNAPSHOT.jar:/home/user/.m2/repository/org/apache/hadoop/hadoop-hdds-server-scm/0.4.1-SNAPSHOT/hadoop-hdds-server-scm-0.4.1-SNAPSHOT.jar:/home/user/.m2/repository/org/apache/hadoop/hadoop-hdds-docs/0.4.1-SNAPSHOT/hadoop-hdds-docs-0.4.1-SNAPSHOT.jar:/home/user/.m2/repository/io/dropwizard/metrics/metrics-core/3.2.4/metrics-core-3.2.4.jar:/home/user/.m2/repository/org/hamcrest/hamcrest-all/1.3/hamcrest-all-1.3.jar:/home/user/.m2/repository/org/bouncycastle/bcprov-jdk15on/1.60/bcprov-jdk15on-1.60.jar:/home/user/.m2/repository/info/picocli/picocli/3.9.6/picocli-3.9.6.jar:/home/user/.m2/repository/com/google/protobuf/protobuf-java/2.5.0/protobuf-java-2.5.0.jar:/home/user/.m2/repository/com/google/guava/guava/11.0.2/guava-11.0.2.jar:/home/user/.m2/repository/org/apache/hadoop/hadoop-ozone-ozone-manager/0.4.1-SNAPSHOT/hadoop-ozone-ozone-manager-0.4.1-SNAPSHOT.jar:/home/user/.m2/repository/org/apache/hadoop/hadoop-minikdc/3.2.0/hadoop-minikdc-3.2.0.jar:/home/user/.m2/repository/commons-io/commons-io/2.5/commons-io-2.5.jar:/home/user/.m2/repository/org/apache/kerby/kerb-simplekdc/1.0.1/kerb-simplekdc-1.0.1.jar:/home/user/.m2/repository/org/apache/kerby/kerb-client/1.0.1/kerb-client-1.0.1.jar:/home/user/.m2/repository/org/apache/kerby/kerby-config/1.0.1/kerby-config-1.0.1.jar:/home/user/.m2/repository/org/apache/kerby/kerb-core/1.0.1/kerb-core-1.0.1.jar:/home/user/.m2/repository/org/apache/kerby/kerby-pkix/1.0.1/kerby-pkix-1.0.1.jar:/home/user/.m2/repository/org/apache/kerby/kerby-asn1/1.0.1/kerby-asn1-1.0.1.jar:/home/user/.m2/repository/org/apache/kerby/kerby-util/1.0.1/kerby-util-1.0.1.jar:/home/user/.m2/repository/org/apache/kerby/kerb-common/1.0.1/kerb-common-1.0.1.jar:/home/user/.m2/repository/org/apache/kerby/kerb-crypto/1.0.1/kerb-crypto-1.0.1.jar:/home/user/.m2/repository/org/apache/kerby/kerb-util/1.0.1/kerb-util-1.0.1.jar:/home/user/.m2/repository/org/apache/kerby/token-provider/1.0.1/token-provider-1.0.1.jar:/home/user/.m2/repository/org/apache/kerby/kerb-admin/1.0.1/kerb-admin-1.0.1.jar:/home/user/.m2/repository/org/apache/kerby/kerb-server/1.0.1/kerb-server-1.0.1.jar:/home/user/.m2/repository/org/apache/kerby/kerb-identity/1.0.1/kerb-identity-1.0.1.jar:/home/user/.m2/repository/org/apache/kerby/kerby-xdr/1.0.1/kerby-xdr-1.0.1.jar:/home/user/.m2/repository/org/slf4j/slf4j-log4j12/1.7.25/slf4j-log4j12-1.7.25.jar:/home/user/.m2/repository/org/apache/hadoop/hadoop-ozone-objectstore-service/0.4.1-SNAPSHOT/hadoop-ozone-objectstore-service-0.4.1-SNAPSHOT.jar:/home/user/.m2/repository/org/apache/hadoop/hadoop-ozone-s3gateway/0.4.1-SNAPSHOT/hadoop-ozone-s3gateway-0.4.1-SNAPSHOT.jar:/home/user/.m2/repository/org/jboss/weld/servlet/weld-servlet/2.4.7.Final/weld-servlet-2.4.7.Final.jar:/home/user/.m2/repository/org/glassfish/jersey/containers/jersey-container-servlet-core/2.27/jersey-container-servlet-core-2.27.jar:/home/user/.m2/repository/org/glassfish/hk2/external/javax.inject/2.5.0-b42/javax.inject-2.5.0-b42.jar:/home/user/.m2/repository/org/glassfish/jersey/core/jersey-common/2.27/jersey-common-2.27.jar:/home/user/.m2/repository/org/glassfish/hk2/osgi-resource-locator/1.0.1/osgi-resource-locator-1.0.1.jar:/home/user/.m2/repository/javax/ws/rs/javax.ws.rs-api/2.1/javax.ws.rs-api-2.1.jar:/home/user/.m2/repository/org/glassfish/jersey/ext/cdi/jersey-cdi1x/2.27/jersey-cdi1x-2.27.jar:/home/user/.m2/repository/org/glassfish/jersey/inject/jersey-hk2/2.27/jersey-hk2-2.27.jar:/home/user/.m2/repository/org/glassfish/hk2/hk2-locator/2.5.0-b42/hk2-locator-2.5.0-b42.jar:/home/user/.m2/repository/org/javassist/javassist/3.22.0-CR2/javassist-3.22.0-CR2.jar:/home/user/.m2/repository/org/glassfish/hk2/hk2-api/2.5.0/hk2-api-2.5.0.jar:/home/user/.m2/repository/org/glassfish/hk2/external/jakarta.inject/2.5.0/jakarta.inject-2.5.0.jar:/home/user/.m2/repository/org/glassfish/hk2/hk2-utils/2.5.0/hk2-utils-2.5.0.jar:/home/user/.m2/repository/jakarta/annotation/jakarta.annotation-api/1.3.4/jakarta.annotation-api-1.3.4.jar:/home/user/.m2/repository/org/glassfish/hk2/external/aopalliance-repackaged/2.5.0/aopalliance-repackaged-2.5.0.jar:/home/user/.m2/repository/com/fasterxml/jackson/dataformat/jackson-dataformat-xml/2.9.0/jackson-dataformat-xml-2.9.0.jar:/home/user/.m2/repository/com/fasterxml/jackson/core/jackson-core/2.9.5/jackson-core-2.9.5.jar:/home/user/.m2/repository/com/fasterxml/jackson/module/jackson-module-jaxb-annotations/2.9.5/jackson-module-jaxb-annotations-2.9.5.jar:/home/user/.m2/repository/javax/enterprise/cdi-api/1.2/cdi-api-1.2.jar:/home/user/.m2/repository/javax/el/javax.el-api/3.0.0/javax.el-api-3.0.0.jar:/home/user/.m2/repository/javax/interceptor/javax.interceptor-api/1.2/javax.interceptor-api-1.2.jar:/home/user/.m2/repository/javax/inject/javax.inject/1/javax.inject-1.jar:/home/user/.m2/repository/com/sun/xml/bind/jaxb-impl/2.3.0.1/jaxb-impl-2.3.0.1.jar:/home/user/.m2/repository/com/sun/xml/bind/jaxb-core/2.3.0.1/jaxb-core-2.3.0.1.jar:/home/user/.m2/repository/javax/xml/bind/jaxb-api/2.3.0/jaxb-api-2.3.0.jar:/home/user/.m2/repository/javax/activation/activation/1.1.1/activation-1.1.1.jar:/home/user/.m2/repository/org/apache/hadoop/hadoop-ozone-csi/0.4.1-SNAPSHOT/hadoop-ozone-csi-0.4.1-SNAPSHOT.jar:/home/user/.m2/repository/com/google/protobuf/protobuf-java-util/3.5.1/protobuf-java-util-3.5.1.jar:/home/user/.m2/repository/org/apache/hadoop/hadoop-hdds-config/0.4.1-SNAPSHOT/hadoop-hdds-config-0.4.1-SNAPSHOT.jar:/home/user/.m2/repository/io/grpc/grpc-netty/1.17.1/grpc-netty-1.17.1.jar:/home/user/.m2/repository/io/grpc/grpc-core/1.17.1/grpc-core-1.17.1.jar:/home/user/.m2/repository/io/grpc/grpc-context/1.17.1/grpc-context-1.17.1.jar:/home/user/.m2/repository/com/google/errorprone/error_prone_annotations/2.2.0/error_prone_annotations-2.2.0.jar:/home/user/.m2/repository/org/codehaus/mojo/animal-sniffer-annotations/1.17/animal-sniffer-annotations-1.17.jar:/home/user/.m2/repository/io/opencensus/opencensus-api/0.17.0/opencensus-api-0.17.0.jar:/home/user/.m2/repository/io/opencensus/opencensus-contrib-grpc-metrics/0.17.0/opencensus-contrib-grpc-metrics-0.17.0.jar:/home/user/.m2/repository/io/netty/netty-codec-http2/4.1.30.Final/netty-codec-http2-4.1.30.Final.jar:/home/user/.m2/repository/io/netty/netty-codec-http/4.1.30.Final/netty-codec-http-4.1.30.Final.jar:/home/user/.m2/repository/io/netty/netty-codec/4.1.30.Final/netty-codec-4.1.30.Final.jar:/home/user/.m2/repository/io/netty/netty-handler/4.1.30.Final/netty-handler-4.1.30.Final.jar:/home/user/.m2/repository/io/netty/netty-handler-proxy/4.1.30.Final/netty-handler-proxy-4.1.30.Final.jar:/home/user/.m2/repository/io/netty/netty-codec-socks/4.1.30.Final/netty-codec-socks-4.1.30.Final.jar:/home/user/.m2/repository/io/netty/netty-transport-native-epoll/4.1.30.Final/netty-transport-native-epoll-4.1.30.Final.jar:/home/user/.m2/repository/io/netty/netty-common/4.1.30.Final/netty-common-4.1.30.Final.jar:/home/user/.m2/repository/io/netty/netty-buffer/4.1.30.Final/netty-buffer-4.1.30.Final.jar:/home/user/.m2/repository/io/netty/netty-transport/4.1.30.Final/netty-transport-4.1.30.Final.jar:/home/user/.m2/repository/io/netty/netty-resolver/4.1.30.Final/netty-resolver-4.1.30.Final.jar:/home/user/.m2/repository/io/netty/netty-transport-native-unix-common/4.1.30.Final/netty-transport-native-unix-common-4.1.30.Final.jar:/home/user/.m2/repository/io/grpc/grpc-protobuf/1.17.1/grpc-protobuf-1.17.1.jar:/home/user/.m2/repository/com/google/api/grpc/proto-google-common-protos/1.0.0/proto-google-common-protos-1.0.0.jar:/home/user/.m2/repository/io/grpc/grpc-protobuf-lite/1.17.1/grpc-protobuf-lite-1.17.1.jar:/home/user/.m2/repository/io/grpc/grpc-stub/1.17.1/grpc-stub-1.17.1.jar:/home/user/.m2/repository/org/apache/hadoop/hadoop-ozone-recon/0.4.1-SNAPSHOT/hadoop-ozone-recon-0.4.1-SNAPSHOT.jar:/home/user/.m2/repository/org/apache/hadoop/hadoop-ozone-reconcodegen/0.4.1-SNAPSHOT/hadoop-ozone-reconcodegen-0.4.1-SNAPSHOT.jar:/home/user/.m2/repository/com/google/inject/extensions/guice-multibindings/4.0/guice-multibindings-4.0.jar:/home/user/.m2/repository/com/google/inject/guice/4.0/guice-4.0.jar:/home/user/.m2/repository/aopalliance/aopalliance/1.0/aopalliance-1.0.jar:/home/user/.m2/repository/com/google/inject/extensions/guice-servlet/4.0/guice-servlet-4.0.jar:/home/user/.m2/repository/org/glassfish/jersey/containers/jersey-container-servlet/2.27/jersey-container-servlet-2.27.jar:/home/user/.m2/repository/org/glassfish/hk2/guice-bridge/2.5.0/guice-bridge-2.5.0.jar:/home/user/.m2/repository/org/glassfish/jersey/core/jersey-server/2.27/jersey-server-2.27.jar:/home/user/.m2/repository/org/glassfish/jersey/core/jersey-client/2.27/jersey-client-2.27.jar:/home/user/.m2/repository/org/glassfish/jersey/media/jersey-media-jaxb/2.27/jersey-media-jaxb-2.27.jar:/home/user/.m2/repository/javax/validation/validation-api/1.1.0.Final/validation-api-1.1.0.Final.jar:/home/user/.m2/repository/org/glassfish/jersey/media/jersey-media-json-jackson/2.27/jersey-media-json-jackson-2.27.jar:/home/user/.m2/repository/org/glassfish/jersey/ext/jersey-entity-filtering/2.27/jersey-entity-filtering-2.27.jar:/home/user/.m2/repository/com/google/inject/extensions/guice-assistedinject/4.0/guice-assistedinject-4.0.jar:/home/user/.m2/repository/org/jooq/jooq/3.11.10/jooq-3.11.10.jar:/home/user/.m2/repository/org/jooq/jooq-meta/3.11.10/jooq-meta-3.11.10.jar:/home/user/.m2/repository/org/jooq/jooq-codegen/3.11.10/jooq-codegen-3.11.10.jar:/home/user/.m2/repository/com/jolbox/bonecp/0.8.0.RELEASE/bonecp-0.8.0.RELEASE.jar:/home/user/.m2/repository/org/xerial/sqlite-jdbc/3.25.2/sqlite-jdbc-3.25.2.jar:/home/user/.m2/repository/org/springframework/spring-jdbc/5.1.3.RELEASE/spring-jdbc-5.1.3.RELEASE.jar:/home/user/.m2/repository/org/springframework/spring-beans/5.1.3.RELEASE/spring-beans-5.1.3.RELEASE.jar:/home/user/.m2/repository/org/springframework/spring-core/5.1.3.RELEASE/spring-core-5.1.3.RELEASE.jar:/home/user/.m2/repository/org/springframework/spring-jcl/5.1.3.RELEASE/spring-jcl-5.1.3.RELEASE.jar:/home/user/.m2/repository/org/springframework/spring-tx/5.1.3.RELEASE/spring-tx-5.1.3.RELEASE.jar:/home/user/.m2/repository/org/apache/hadoop/hadoop-ozone-client/0.4.1-SNAPSHOT/hadoop-ozone-client-0.4.1-SNAPSHOT.jar:/home/user/.m2/repository/commons-lang/commons-lang/2.6/commons-lang-2.6.jar:/home/user/.m2/repository/org/apache/hadoop/hadoop-ozone-ozone-manager/0.4.1-SNAPSHOT/hadoop-ozone-ozone-manager-0.4.1-SNAPSHOT-tests.jar:/home/user/.m2/repository/junit/junit/4.11/junit-4.11.jar:/home/user/.m2/repository/org/hamcrest/hamcrest-core/1.3/hamcrest-core-1.3.jar:/home/user/.m2/repository/org/openjdk/jmh/jmh-core/1.19/jmh-core-1.19.jar:/home/user/.m2/repository/net/sf/jopt-simple/jopt-simple/4.6/jopt-simple-4.6.jar:/home/user/.m2/repository/org/apache/commons/commons-math3/3.1.1/commons-math3-3.1.1.jar:/home/user/.m2/repository/org/openjdk/jmh/jmh-generator-annprocess/1.19/jmh-generator-annprocess-1.19.jar:/home/user/.m2/repository/org/mockito/mockito-all/1.8.5/mockito-all-1.8.5.jar:/home/user/.m2/repository/org/apache/hadoop/hadoop-kms/3.2.0/hadoop-kms-3.2.0.jar:/home/user/.m2/repository/org/apache/hadoop/hadoop-auth/3.2.0/hadoop-auth-3.2.0.jar:/home/user/.m2/repository/com/nimbusds/nimbus-jose-jwt/4.41.1/nimbus-jose-jwt-4.41.1.jar:/home/user/.m2/repository/com/github/stephenc/jcip/jcip-annotations/1.0-1/jcip-annotations-1.0-1.jar:/home/user/.m2/repository/net/minidev/json-smart/2.3/json-smart-2.3.jar:/home/user/.m2/repository/net/minidev/accessors-smart/1.2/accessors-smart-1.2.jar:/home/user/.m2/repository/org/ow2/asm/asm/5.0.4/asm-5.0.4.jar:/home/user/.m2/repository/org/apache/curator/curator-framework/2.12.0/curator-framework-2.12.0.jar:/home/user/.m2/repository/com/sun/jersey/jersey-core/1.19/jersey-core-1.19.jar:/home/user/.m2/repository/javax/ws/rs/jsr311-api/1.1.1/jsr311-api-1.1.1.jar:/home/user/.m2/repository/com/sun/jersey/jersey-server/1.19/jersey-server-1.19.jar:/home/user/.m2/repository/javax/servlet/javax.servlet-api/3.1.0/javax.servlet-api-3.1.0.jar:/home/user/.m2/repository/org/eclipse/jetty/jetty-server/9.3.24.v20180605/jetty-server-9.3.24.v20180605.jar:/home/user/.m2/repository/org/eclipse/jetty/jetty-http/9.3.24.v20180605/jetty-http-9.3.24.v20180605.jar:/home/user/.m2/repository/org/eclipse/jetty/jetty-io/9.3.24.v20180605/jetty-io-9.3.24.v20180605.jar:/home/user/.m2/repository/org/eclipse/jetty/jetty-webapp/9.3.24.v20180605/jetty-webapp-9.3.24.v20180605.jar:/home/user/.m2/repository/org/eclipse/jetty/jetty-xml/9.3.24.v20180605/jetty-xml-9.3.24.v20180605.jar:/home/user/.m2/repository/log4j/log4j/1.2.17/log4j-1.2.17.jar:/home/user/.m2/repository/org/slf4j/slf4j-api/1.7.25/slf4j-api-1.7.25.jar:/home/user/.m2/repository/org/slf4j/jul-to-slf4j/1.7.25/jul-to-slf4j-1.7.25.jar:/home/user/.m2/repository/org/eclipse/jetty/jetty-util/9.3.24.v20180605/jetty-util-9.3.24.v20180605.jar:/home/user/.m2/repository/com/fasterxml/jackson/core/jackson-databind/2.9.5/jackson-databind-2.9.5.jar:/home/user/.m2/repository/org/apache/hadoop/hadoop-kms/3.2.0/hadoop-kms-3.2.0-tests.jar:/home/user/.m2/repository/org/apache/hadoop/hadoop-hdds-server-scm/0.4.1-SNAPSHOT/hadoop-hdds-server-scm-0.4.1-SNAPSHOT-tests.jar:/home/user/.m2/repository/org/apache/hadoop/hadoop-hdds-container-service/0.4.1-SNAPSHOT/hadoop-hdds-container-service-0.4.1-SNAPSHOT-tests.jar:/home/user/.m2/repository/org/yaml/snakeyaml/1.16/snakeyaml-1.16.jar:/home/user/.m2/repository/org/apache/hadoop/hadoop-common/3.2.0/hadoop-common-3.2.0-tests.jar:/home/user/.m2/repository/org/apache/hadoop/hadoop-annotations/3.2.0/hadoop-annotations-3.2.0.jar:/usr/lib/jvm/java-1.8-openjdk/jre/../lib/tools.jar:/home/user/.m2/repository/commons-cli/commons-cli/1.2/commons-cli-1.2.jar:/home/user/.m2/repository/org/apache/httpcomponents/httpclient/4.5.2/httpclient-4.5.2.jar:/home/user/.m2/repository/org/apache/httpcomponents/httpcore/4.4.4/httpcore-4.4.4.jar:/home/user/.m2/repository/commons-codec/commons-codec/1.11/commons-codec-1.11.jar:/home/user/.m2/repository/commons-net/commons-net/3.6/commons-net-3.6.jar:/home/user/.m2/repository/commons-collections/commons-collections/3.2.2/commons-collections-3.2.2.jar:/home/user/.m2/repository/org/eclipse/jetty/jetty-servlet/9.3.24.v20180605/jetty-servlet-9.3.24.v20180605.jar:/home/user/.m2/repository/org/eclipse/jetty/jetty-security/9.3.24.v20180605/jetty-security-9.3.24.v20180605.jar:/home/user/.m2/repository/javax/servlet/jsp/jsp-api/2.1/jsp-api-2.1.jar:/home/user/.m2/repository/com/sun/jersey/jersey-servlet/1.19/jersey-servlet-1.19.jar:/home/user/.m2/repository/com/sun/jersey/jersey-json/1.19/jersey-json-1.19.jar:/home/user/.m2/repository/org/codehaus/jettison/jettison/1.1/jettison-1.1.jar:/home/user/.m2/repository/org/codehaus/jackson/jackson-core-asl/1.9.13/jackson-core-asl-1.9.13.jar:/home/user/.m2/repository/org/codehaus/jackson/jackson-mapper-asl/1.9.13/jackson-mapper-asl-1.9.13.jar:/home/user/.m2/repository/org/codehaus/jackson/jackson-jaxrs/1.9.13/jackson-jaxrs-1.9.13.jar:/home/user/.m2/repository/org/codehaus/jackson/jackson-xc/1.9.13/jackson-xc-1.9.13.jar:/home/user/.m2/repository/commons-logging/commons-logging/1.1.3/commons-logging-1.1.3.jar:/home/user/.m2/repository/commons-beanutils/commons-beanutils/1.9.3/commons-beanutils-1.9.3.jar:/home/user/.m2/repository/org/apache/commons/commons-configuration2/2.1.1/commons-configuration2-2.1.1.jar:/home/user/.m2/repository/org/apache/commons/commons-lang3/3.7/commons-lang3-3.7.jar:/home/user/.m2/repository/org/apache/commons/commons-text/1.4/commons-text-1.4.jar:/home/user/.m2/repository/org/apache/avro/avro/1.7.7/avro-1.7.7.jar:/home/user/.m2/repository/com/thoughtworks/paranamer/paranamer/2.3/paranamer-2.3.jar:/home/user/.m2/repository/org/xerial/snappy/snappy-java/1.0.5/snappy-java-1.0.5.jar:/home/user/.m2/repository/com/google/re2j/re2j/1.1/re2j-1.1.jar:/home/user/.m2/repository/com/google/code/gson/gson/2.2.4/gson-2.2.4.jar:/home/user/.m2/repository/com/jcraft/jsch/0.1.54/jsch-0.1.54.jar:/home/user/.m2/repository/org/apache/curator/curator-client/2.12.0/curator-client-2.12.0.jar:/home/user/.m2/repository/org/apache/curator/curator-recipes/2.12.0/curator-recipes-2.12.0.jar:/home/user/.m2/repository/com/google/code/findbugs/jsr305/3.0.0/jsr305-3.0.0.jar:/home/user/.m2/repository/org/apache/htrace/htrace-core4/4.1.0-incubating/htrace-core4-4.1.0-incubating.jar:/home/user/.m2/repository/org/apache/zookeeper/zookeeper/3.4.13/zookeeper-3.4.13.jar:/home/user/.m2/repository/org/apache/yetus/audience-annotations/0.5.0/audience-annotations-0.5.0.jar:/home/user/.m2/repository/org/codehaus/woodstox/stax2-api/3.1.4/stax2-api-3.1.4.jar:/home/user/.m2/repository/com/fasterxml/woodstox/woodstox-core/5.0.3/woodstox-core-5.0.3.jar:/home/user/.m2/repository/dnsjava/dnsjava/2.1.7/dnsjava-2.1.7.jar:/home/user/.m2/repository/org/apache/hadoop/hadoop-hdfs/3.2.0/hadoop-hdfs-3.2.0-tests.jar:/home/user/.m2/repository/org/eclipse/jetty/jetty-util-ajax/9.3.24.v20180605/jetty-util-ajax-9.3.24.v20180605.jar:/home/user/.m2/repository/commons-daemon/commons-daemon/1.0.13/commons-daemon-1.0.13.jar:/home/user/.m2/repository/io/netty/netty/3.10.5.Final/netty-3.10.5.Final.jar:/home/user/.m2/repository/io/netty/netty-all/4.0.52.Final/netty-all-4.0.52.Final.jar:/home/user/.m2/repository/org/fusesource/leveldbjni/leveldbjni-all/1.8/leveldbjni-all-1.8.jar:"/>
    <property name="java.vm.vendor" value="IcedTea"/>
    <property name="sun.arch.data.model" value="64"/>
    <property name="test.build.dir" value="/workdir/hadoop-ozone/integration-test/target/test-dir"/>
    <property name="test.cache.data" value=""/>
    <property name="java.vendor.url" value="https://icedtea.classpath.org"/>
    <property name="user.timezone" value=""/>
    <property name="java.vm.specification.version" value="1.8"/>
    <property name="os.name" value="Linux"/>
    <property name="test.build.data" value="/workdir/hadoop-ozone/integration-test/target/test-dir"/>
    <property name="user.country" value="US"/>
    <property name="sun.java.launcher" value="SUN_STANDARD"/>
    <property name="sun.boot.library.path" value="/usr/lib/jvm/java-1.8-openjdk/jre/lib/amd64"/>
    <property name="sun.java.command" value="/workdir/hadoop-ozone/integration-test/target/surefire/surefirebooter6389968221904213724.jar /workdir/hadoop-ozone/integration-test/target/surefire 2019-08-08T03-12-47_907-jvmRun1 surefire8668660480207443326tmp surefire_412196795173807959450tmp"/>
    <property name="surefire.test.class.path" value="/workdir/hadoop-ozone/integration-test/target/test-classes:/workdir/hadoop-ozone/integration-test/target/classes:/home/user/.m2/repository/org/apache/hadoop/hadoop-ozone-common/0.4.1-SNAPSHOT/hadoop-ozone-common-0.4.1-SNAPSHOT.jar:/home/user/.m2/repository/org/apache/commons/commons-compress/1.4.1/commons-compress-1.4.1.jar:/home/user/.m2/repository/org/tukaani/xz/1.0/xz-1.0.jar:/home/user/.m2/repository/org/apache/hadoop/hadoop-common/3.2.0/hadoop-common-3.2.0.jar:/home/user/.m2/repository/org/apache/hadoop/hadoop-hdfs/3.2.0/hadoop-hdfs-3.2.0.jar:/home/user/.m2/repository/org/apache/hadoop/hadoop-hdfs-client/3.2.0/hadoop-hdfs-client-3.2.0.jar:/home/user/.m2/repository/com/fasterxml/jackson/core/jackson-annotations/2.9.5/jackson-annotations-2.9.5.jar:/home/user/.m2/repository/org/apache/hadoop/hadoop-hdds-common/0.4.1-SNAPSHOT/hadoop-hdds-common-0.4.1-SNAPSHOT.jar:/home/user/.m2/repository/javax/annotation/javax.annotation-api/1.2/javax.annotation-api-1.2.jar:/home/user/.m2/repository/org/apache/ratis/ratis-server/0.4.0-2337318-SNAPSHOT/ratis-server-0.4.0-2337318-SNAPSHOT.jar:/home/user/.m2/repository/org/apache/ratis/ratis-thirdparty-misc/0.2.0/ratis-thirdparty-misc-0.2.0.jar:/home/user/.m2/repository/org/apache/ratis/ratis-proto/0.4.0-2337318-SNAPSHOT/ratis-proto-0.4.0-2337318-SNAPSHOT.jar:/home/user/.m2/repository/org/apache/ratis/ratis-common/0.4.0-2337318-SNAPSHOT/ratis-common-0.4.0-2337318-SNAPSHOT.jar:/home/user/.m2/repository/org/apache/ratis/ratis-client/0.4.0-2337318-SNAPSHOT/ratis-client-0.4.0-2337318-SNAPSHOT.jar:/home/user/.m2/repository/org/apache/ratis/ratis-metrics/0.4.0-2337318-SNAPSHOT/ratis-metrics-0.4.0-2337318-SNAPSHOT.jar:/home/user/.m2/repository/org/apache/ratis/ratis-netty/0.4.0-2337318-SNAPSHOT/ratis-netty-0.4.0-2337318-SNAPSHOT.jar:/home/user/.m2/repository/org/apache/ratis/ratis-grpc/0.4.0-2337318-SNAPSHOT/ratis-grpc-0.4.0-2337318-SNAPSHOT.jar:/home/user/.m2/repository/org/rocksdb/rocksdbjni/6.0.1/rocksdbjni-6.0.1.jar:/home/user/.m2/repository/org/apache/logging/log4j/log4j-api/2.11.0/log4j-api-2.11.0.jar:/home/user/.m2/repository/org/apache/logging/log4j/log4j-core/2.11.0/log4j-core-2.11.0.jar:/home/user/.m2/repository/com/lmax/disruptor/3.4.2/disruptor-3.4.2.jar:/home/user/.m2/repository/org/apache/commons/commons-pool2/2.6.0/commons-pool2-2.6.0.jar:/home/user/.m2/repository/org/bouncycastle/bcpkix-jdk15on/1.60/bcpkix-jdk15on-1.60.jar:/home/user/.m2/repository/commons-validator/commons-validator/1.6/commons-validator-1.6.jar:/home/user/.m2/repository/commons-digester/commons-digester/1.8.1/commons-digester-1.8.1.jar:/home/user/.m2/repository/io/jaegertracing/jaeger-client/0.33.1/jaeger-client-0.33.1.jar:/home/user/.m2/repository/io/jaegertracing/jaeger-thrift/0.33.1/jaeger-thrift-0.33.1.jar:/home/user/.m2/repository/org/apache/thrift/libthrift/0.11.0/libthrift-0.11.0.jar:/home/user/.m2/repository/com/squareup/okhttp3/okhttp/3.9.0/okhttp-3.9.0.jar:/home/user/.m2/repository/com/squareup/okio/okio/1.13.0/okio-1.13.0.jar:/home/user/.m2/repository/io/jaegertracing/jaeger-core/0.33.1/jaeger-core-0.33.1.jar:/home/user/.m2/repository/io/jaegertracing/jaeger-tracerresolver/0.33.1/jaeger-tracerresolver-0.33.1.jar:/home/user/.m2/repository/io/opentracing/contrib/opentracing-tracerresolver/0.1.5/opentracing-tracerresolver-0.1.5.jar:/home/user/.m2/repository/io/opentracing/opentracing-util/0.31.0/opentracing-util-0.31.0.jar:/home/user/.m2/repository/io/opentracing/opentracing-api/0.31.0/opentracing-api-0.31.0.jar:/home/user/.m2/repository/io/opentracing/opentracing-noop/0.31.0/opentracing-noop-0.31.0.jar:/home/user/.m2/repository/org/apache/hadoop/hadoop-hdds-server-framework/0.4.1-SNAPSHOT/hadoop-hdds-server-framework-0.4.1-SNAPSHOT.jar:/home/user/.m2/repository/org/apache/hadoop/hadoop-hdds-container-service/0.4.1-SNAPSHOT/hadoop-hdds-container-service-0.4.1-SNAPSHOT.jar:/home/user/.m2/repository/org/apache/hadoop/hadoop-hdds-client/0.4.1-SNAPSHOT/hadoop-hdds-client-0.4.1-SNAPSHOT.jar:/home/user/.m2/repository/org/apache/hadoop/hadoop-hdds-tools/0.4.1-SNAPSHOT/hadoop-hdds-tools-0.4.1-SNAPSHOT.jar:/home/user/.m2/repository/org/apache/hadoop/hadoop-hdds-server-scm/0.4.1-SNAPSHOT/hadoop-hdds-server-scm-0.4.1-SNAPSHOT.jar:/home/user/.m2/repository/org/apache/hadoop/hadoop-hdds-docs/0.4.1-SNAPSHOT/hadoop-hdds-docs-0.4.1-SNAPSHOT.jar:/home/user/.m2/repository/io/dropwizard/metrics/metrics-core/3.2.4/metrics-core-3.2.4.jar:/home/user/.m2/repository/org/hamcrest/hamcrest-all/1.3/hamcrest-all-1.3.jar:/home/user/.m2/repository/org/bouncycastle/bcprov-jdk15on/1.60/bcprov-jdk15on-1.60.jar:/home/user/.m2/repository/info/picocli/picocli/3.9.6/picocli-3.9.6.jar:/home/user/.m2/repository/com/google/protobuf/protobuf-java/2.5.0/protobuf-java-2.5.0.jar:/home/user/.m2/repository/com/google/guava/guava/11.0.2/guava-11.0.2.jar:/home/user/.m2/repository/org/apache/hadoop/hadoop-ozone-ozone-manager/0.4.1-SNAPSHOT/hadoop-ozone-ozone-manager-0.4.1-SNAPSHOT.jar:/home/user/.m2/repository/org/apache/hadoop/hadoop-minikdc/3.2.0/hadoop-minikdc-3.2.0.jar:/home/user/.m2/repository/commons-io/commons-io/2.5/commons-io-2.5.jar:/home/user/.m2/repository/org/apache/kerby/kerb-simplekdc/1.0.1/kerb-simplekdc-1.0.1.jar:/home/user/.m2/repository/org/apache/kerby/kerb-client/1.0.1/kerb-client-1.0.1.jar:/home/user/.m2/repository/org/apache/kerby/kerby-config/1.0.1/kerby-config-1.0.1.jar:/home/user/.m2/repository/org/apache/kerby/kerb-core/1.0.1/kerb-core-1.0.1.jar:/home/user/.m2/repository/org/apache/kerby/kerby-pkix/1.0.1/kerby-pkix-1.0.1.jar:/home/user/.m2/repository/org/apache/kerby/kerby-asn1/1.0.1/kerby-asn1-1.0.1.jar:/home/user/.m2/repository/org/apache/kerby/kerby-util/1.0.1/kerby-util-1.0.1.jar:/home/user/.m2/repository/org/apache/kerby/kerb-common/1.0.1/kerb-common-1.0.1.jar:/home/user/.m2/repository/org/apache/kerby/kerb-crypto/1.0.1/kerb-crypto-1.0.1.jar:/home/user/.m2/repository/org/apache/kerby/kerb-util/1.0.1/kerb-util-1.0.1.jar:/home/user/.m2/repository/org/apache/kerby/token-provider/1.0.1/token-provider-1.0.1.jar:/home/user/.m2/repository/org/apache/kerby/kerb-admin/1.0.1/kerb-admin-1.0.1.jar:/home/user/.m2/repository/org/apache/kerby/kerb-server/1.0.1/kerb-server-1.0.1.jar:/home/user/.m2/repository/org/apache/kerby/kerb-identity/1.0.1/kerb-identity-1.0.1.jar:/home/user/.m2/repository/org/apache/kerby/kerby-xdr/1.0.1/kerby-xdr-1.0.1.jar:/home/user/.m2/repository/org/slf4j/slf4j-log4j12/1.7.25/slf4j-log4j12-1.7.25.jar:/home/user/.m2/repository/org/apache/hadoop/hadoop-ozone-objectstore-service/0.4.1-SNAPSHOT/hadoop-ozone-objectstore-service-0.4.1-SNAPSHOT.jar:/home/user/.m2/repository/org/apache/hadoop/hadoop-ozone-s3gateway/0.4.1-SNAPSHOT/hadoop-ozone-s3gateway-0.4.1-SNAPSHOT.jar:/home/user/.m2/repository/org/jboss/weld/servlet/weld-servlet/2.4.7.Final/weld-servlet-2.4.7.Final.jar:/home/user/.m2/repository/org/glassfish/jersey/containers/jersey-container-servlet-core/2.27/jersey-container-servlet-core-2.27.jar:/home/user/.m2/repository/org/glassfish/hk2/external/javax.inject/2.5.0-b42/javax.inject-2.5.0-b42.jar:/home/user/.m2/repository/org/glassfish/jersey/core/jersey-common/2.27/jersey-common-2.27.jar:/home/user/.m2/repository/org/glassfish/hk2/osgi-resource-locator/1.0.1/osgi-resource-locator-1.0.1.jar:/home/user/.m2/repository/javax/ws/rs/javax.ws.rs-api/2.1/javax.ws.rs-api-2.1.jar:/home/user/.m2/repository/org/glassfish/jersey/ext/cdi/jersey-cdi1x/2.27/jersey-cdi1x-2.27.jar:/home/user/.m2/repository/org/glassfish/jersey/inject/jersey-hk2/2.27/jersey-hk2-2.27.jar:/home/user/.m2/repository/org/glassfish/hk2/hk2-locator/2.5.0-b42/hk2-locator-2.5.0-b42.jar:/home/user/.m2/repository/org/javassist/javassist/3.22.0-CR2/javassist-3.22.0-CR2.jar:/home/user/.m2/repository/org/glassfish/hk2/hk2-api/2.5.0/hk2-api-2.5.0.jar:/home/user/.m2/repository/org/glassfish/hk2/external/jakarta.inject/2.5.0/jakarta.inject-2.5.0.jar:/home/user/.m2/repository/org/glassfish/hk2/hk2-utils/2.5.0/hk2-utils-2.5.0.jar:/home/user/.m2/repository/jakarta/annotation/jakarta.annotation-api/1.3.4/jakarta.annotation-api-1.3.4.jar:/home/user/.m2/repository/org/glassfish/hk2/external/aopalliance-repackaged/2.5.0/aopalliance-repackaged-2.5.0.jar:/home/user/.m2/repository/com/fasterxml/jackson/dataformat/jackson-dataformat-xml/2.9.0/jackson-dataformat-xml-2.9.0.jar:/home/user/.m2/repository/com/fasterxml/jackson/core/jackson-core/2.9.5/jackson-core-2.9.5.jar:/home/user/.m2/repository/com/fasterxml/jackson/module/jackson-module-jaxb-annotations/2.9.5/jackson-module-jaxb-annotations-2.9.5.jar:/home/user/.m2/repository/javax/enterprise/cdi-api/1.2/cdi-api-1.2.jar:/home/user/.m2/repository/javax/el/javax.el-api/3.0.0/javax.el-api-3.0.0.jar:/home/user/.m2/repository/javax/interceptor/javax.interceptor-api/1.2/javax.interceptor-api-1.2.jar:/home/user/.m2/repository/javax/inject/javax.inject/1/javax.inject-1.jar:/home/user/.m2/repository/com/sun/xml/bind/jaxb-impl/2.3.0.1/jaxb-impl-2.3.0.1.jar:/home/user/.m2/repository/com/sun/xml/bind/jaxb-core/2.3.0.1/jaxb-core-2.3.0.1.jar:/home/user/.m2/repository/javax/xml/bind/jaxb-api/2.3.0/jaxb-api-2.3.0.jar:/home/user/.m2/repository/javax/activation/activation/1.1.1/activation-1.1.1.jar:/home/user/.m2/repository/org/apache/hadoop/hadoop-ozone-csi/0.4.1-SNAPSHOT/hadoop-ozone-csi-0.4.1-SNAPSHOT.jar:/home/user/.m2/repository/com/google/protobuf/protobuf-java-util/3.5.1/protobuf-java-util-3.5.1.jar:/home/user/.m2/repository/org/apache/hadoop/hadoop-hdds-config/0.4.1-SNAPSHOT/hadoop-hdds-config-0.4.1-SNAPSHOT.jar:/home/user/.m2/repository/io/grpc/grpc-netty/1.17.1/grpc-netty-1.17.1.jar:/home/user/.m2/repository/io/grpc/grpc-core/1.17.1/grpc-core-1.17.1.jar:/home/user/.m2/repository/io/grpc/grpc-context/1.17.1/grpc-context-1.17.1.jar:/home/user/.m2/repository/com/google/errorprone/error_prone_annotations/2.2.0/error_prone_annotations-2.2.0.jar:/home/user/.m2/repository/org/codehaus/mojo/animal-sniffer-annotations/1.17/animal-sniffer-annotations-1.17.jar:/home/user/.m2/repository/io/opencensus/opencensus-api/0.17.0/opencensus-api-0.17.0.jar:/home/user/.m2/repository/io/opencensus/opencensus-contrib-grpc-metrics/0.17.0/opencensus-contrib-grpc-metrics-0.17.0.jar:/home/user/.m2/repository/io/netty/netty-codec-http2/4.1.30.Final/netty-codec-http2-4.1.30.Final.jar:/home/user/.m2/repository/io/netty/netty-codec-http/4.1.30.Final/netty-codec-http-4.1.30.Final.jar:/home/user/.m2/repository/io/netty/netty-codec/4.1.30.Final/netty-codec-4.1.30.Final.jar:/home/user/.m2/repository/io/netty/netty-handler/4.1.30.Final/netty-handler-4.1.30.Final.jar:/home/user/.m2/repository/io/netty/netty-handler-proxy/4.1.30.Final/netty-handler-proxy-4.1.30.Final.jar:/home/user/.m2/repository/io/netty/netty-codec-socks/4.1.30.Final/netty-codec-socks-4.1.30.Final.jar:/home/user/.m2/repository/io/netty/netty-transport-native-epoll/4.1.30.Final/netty-transport-native-epoll-4.1.30.Final.jar:/home/user/.m2/repository/io/netty/netty-common/4.1.30.Final/netty-common-4.1.30.Final.jar:/home/user/.m2/repository/io/netty/netty-buffer/4.1.30.Final/netty-buffer-4.1.30.Final.jar:/home/user/.m2/repository/io/netty/netty-transport/4.1.30.Final/netty-transport-4.1.30.Final.jar:/home/user/.m2/repository/io/netty/netty-resolver/4.1.30.Final/netty-resolver-4.1.30.Final.jar:/home/user/.m2/repository/io/netty/netty-transport-native-unix-common/4.1.30.Final/netty-transport-native-unix-common-4.1.30.Final.jar:/home/user/.m2/repository/io/grpc/grpc-protobuf/1.17.1/grpc-protobuf-1.17.1.jar:/home/user/.m2/repository/com/google/api/grpc/proto-google-common-protos/1.0.0/proto-google-common-protos-1.0.0.jar:/home/user/.m2/repository/io/grpc/grpc-protobuf-lite/1.17.1/grpc-protobuf-lite-1.17.1.jar:/home/user/.m2/repository/io/grpc/grpc-stub/1.17.1/grpc-stub-1.17.1.jar:/home/user/.m2/repository/org/apache/hadoop/hadoop-ozone-recon/0.4.1-SNAPSHOT/hadoop-ozone-recon-0.4.1-SNAPSHOT.jar:/home/user/.m2/repository/org/apache/hadoop/hadoop-ozone-reconcodegen/0.4.1-SNAPSHOT/hadoop-ozone-reconcodegen-0.4.1-SNAPSHOT.jar:/home/user/.m2/repository/com/google/inject/extensions/guice-multibindings/4.0/guice-multibindings-4.0.jar:/home/user/.m2/repository/com/google/inject/guice/4.0/guice-4.0.jar:/home/user/.m2/repository/aopalliance/aopalliance/1.0/aopalliance-1.0.jar:/home/user/.m2/repository/com/google/inject/extensions/guice-servlet/4.0/guice-servlet-4.0.jar:/home/user/.m2/repository/org/glassfish/jersey/containers/jersey-container-servlet/2.27/jersey-container-servlet-2.27.jar:/home/user/.m2/repository/org/glassfish/hk2/guice-bridge/2.5.0/guice-bridge-2.5.0.jar:/home/user/.m2/repository/org/glassfish/jersey/core/jersey-server/2.27/jersey-server-2.27.jar:/home/user/.m2/repository/org/glassfish/jersey/core/jersey-client/2.27/jersey-client-2.27.jar:/home/user/.m2/repository/org/glassfish/jersey/media/jersey-media-jaxb/2.27/jersey-media-jaxb-2.27.jar:/home/user/.m2/repository/javax/validation/validation-api/1.1.0.Final/validation-api-1.1.0.Final.jar:/home/user/.m2/repository/org/glassfish/jersey/media/jersey-media-json-jackson/2.27/jersey-media-json-jackson-2.27.jar:/home/user/.m2/repository/org/glassfish/jersey/ext/jersey-entity-filtering/2.27/jersey-entity-filtering-2.27.jar:/home/user/.m2/repository/com/google/inject/extensions/guice-assistedinject/4.0/guice-assistedinject-4.0.jar:/home/user/.m2/repository/org/jooq/jooq/3.11.10/jooq-3.11.10.jar:/home/user/.m2/repository/org/jooq/jooq-meta/3.11.10/jooq-meta-3.11.10.jar:/home/user/.m2/repository/org/jooq/jooq-codegen/3.11.10/jooq-codegen-3.11.10.jar:/home/user/.m2/repository/com/jolbox/bonecp/0.8.0.RELEASE/bonecp-0.8.0.RELEASE.jar:/home/user/.m2/repository/org/xerial/sqlite-jdbc/3.25.2/sqlite-jdbc-3.25.2.jar:/home/user/.m2/repository/org/springframework/spring-jdbc/5.1.3.RELEASE/spring-jdbc-5.1.3.RELEASE.jar:/home/user/.m2/repository/org/springframework/spring-beans/5.1.3.RELEASE/spring-beans-5.1.3.RELEASE.jar:/home/user/.m2/repository/org/springframework/spring-core/5.1.3.RELEASE/spring-core-5.1.3.RELEASE.jar:/home/user/.m2/repository/org/springframework/spring-jcl/5.1.3.RELEASE/spring-jcl-5.1.3.RELEASE.jar:/home/user/.m2/repository/org/springframework/spring-tx/5.1.3.RELEASE/spring-tx-5.1.3.RELEASE.jar:/home/user/.m2/repository/org/apache/hadoop/hadoop-ozone-client/0.4.1-SNAPSHOT/hadoop-ozone-client-0.4.1-SNAPSHOT.jar:/home/user/.m2/repository/commons-lang/commons-lang/2.6/commons-lang-2.6.jar:/home/user/.m2/repository/org/apache/hadoop/hadoop-ozone-ozone-manager/0.4.1-SNAPSHOT/hadoop-ozone-ozone-manager-0.4.1-SNAPSHOT-tests.jar:/home/user/.m2/repository/junit/junit/4.11/junit-4.11.jar:/home/user/.m2/repository/org/hamcrest/hamcrest-core/1.3/hamcrest-core-1.3.jar:/home/user/.m2/repository/org/openjdk/jmh/jmh-core/1.19/jmh-core-1.19.jar:/home/user/.m2/repository/net/sf/jopt-simple/jopt-simple/4.6/jopt-simple-4.6.jar:/home/user/.m2/repository/org/apache/commons/commons-math3/3.1.1/commons-math3-3.1.1.jar:/home/user/.m2/repository/org/openjdk/jmh/jmh-generator-annprocess/1.19/jmh-generator-annprocess-1.19.jar:/home/user/.m2/repository/org/mockito/mockito-all/1.8.5/mockito-all-1.8.5.jar:/home/user/.m2/repository/org/apache/hadoop/hadoop-kms/3.2.0/hadoop-kms-3.2.0.jar:/home/user/.m2/repository/org/apache/hadoop/hadoop-auth/3.2.0/hadoop-auth-3.2.0.jar:/home/user/.m2/repository/com/nimbusds/nimbus-jose-jwt/4.41.1/nimbus-jose-jwt-4.41.1.jar:/home/user/.m2/repository/com/github/stephenc/jcip/jcip-annotations/1.0-1/jcip-annotations-1.0-1.jar:/home/user/.m2/repository/net/minidev/json-smart/2.3/json-smart-2.3.jar:/home/user/.m2/repository/net/minidev/accessors-smart/1.2/accessors-smart-1.2.jar:/home/user/.m2/repository/org/ow2/asm/asm/5.0.4/asm-5.0.4.jar:/home/user/.m2/repository/org/apache/curator/curator-framework/2.12.0/curator-framework-2.12.0.jar:/home/user/.m2/repository/com/sun/jersey/jersey-core/1.19/jersey-core-1.19.jar:/home/user/.m2/repository/javax/ws/rs/jsr311-api/1.1.1/jsr311-api-1.1.1.jar:/home/user/.m2/repository/com/sun/jersey/jersey-server/1.19/jersey-server-1.19.jar:/home/user/.m2/repository/javax/servlet/javax.servlet-api/3.1.0/javax.servlet-api-3.1.0.jar:/home/user/.m2/repository/org/eclipse/jetty/jetty-server/9.3.24.v20180605/jetty-server-9.3.24.v20180605.jar:/home/user/.m2/repository/org/eclipse/jetty/jetty-http/9.3.24.v20180605/jetty-http-9.3.24.v20180605.jar:/home/user/.m2/repository/org/eclipse/jetty/jetty-io/9.3.24.v20180605/jetty-io-9.3.24.v20180605.jar:/home/user/.m2/repository/org/eclipse/jetty/jetty-webapp/9.3.24.v20180605/jetty-webapp-9.3.24.v20180605.jar:/home/user/.m2/repository/org/eclipse/jetty/jetty-xml/9.3.24.v20180605/jetty-xml-9.3.24.v20180605.jar:/home/user/.m2/repository/log4j/log4j/1.2.17/log4j-1.2.17.jar:/home/user/.m2/repository/org/slf4j/slf4j-api/1.7.25/slf4j-api-1.7.25.jar:/home/user/.m2/repository/org/slf4j/jul-to-slf4j/1.7.25/jul-to-slf4j-1.7.25.jar:/home/user/.m2/repository/org/eclipse/jetty/jetty-util/9.3.24.v20180605/jetty-util-9.3.24.v20180605.jar:/home/user/.m2/repository/com/fasterxml/jackson/core/jackson-databind/2.9.5/jackson-databind-2.9.5.jar:/home/user/.m2/repository/org/apache/hadoop/hadoop-kms/3.2.0/hadoop-kms-3.2.0-tests.jar:/home/user/.m2/repository/org/apache/hadoop/hadoop-hdds-server-scm/0.4.1-SNAPSHOT/hadoop-hdds-server-scm-0.4.1-SNAPSHOT-tests.jar:/home/user/.m2/repository/org/apache/hadoop/hadoop-hdds-container-service/0.4.1-SNAPSHOT/hadoop-hdds-container-service-0.4.1-SNAPSHOT-tests.jar:/home/user/.m2/repository/org/yaml/snakeyaml/1.16/snakeyaml-1.16.jar:/home/user/.m2/repository/org/apache/hadoop/hadoop-common/3.2.0/hadoop-common-3.2.0-tests.jar:/home/user/.m2/repository/org/apache/hadoop/hadoop-annotations/3.2.0/hadoop-annotations-3.2.0.jar:/usr/lib/jvm/java-1.8-openjdk/jre/../lib/tools.jar:/home/user/.m2/repository/commons-cli/commons-cli/1.2/commons-cli-1.2.jar:/home/user/.m2/repository/org/apache/httpcomponents/httpclient/4.5.2/httpclient-4.5.2.jar:/home/user/.m2/repository/org/apache/httpcomponents/httpcore/4.4.4/httpcore-4.4.4.jar:/home/user/.m2/repository/commons-codec/commons-codec/1.11/commons-codec-1.11.jar:/home/user/.m2/repository/commons-net/commons-net/3.6/commons-net-3.6.jar:/home/user/.m2/repository/commons-collections/commons-collections/3.2.2/commons-collections-3.2.2.jar:/home/user/.m2/repository/org/eclipse/jetty/jetty-servlet/9.3.24.v20180605/jetty-servlet-9.3.24.v20180605.jar:/home/user/.m2/repository/org/eclipse/jetty/jetty-security/9.3.24.v20180605/jetty-security-9.3.24.v20180605.jar:/home/user/.m2/repository/javax/servlet/jsp/jsp-api/2.1/jsp-api-2.1.jar:/home/user/.m2/repository/com/sun/jersey/jersey-servlet/1.19/jersey-servlet-1.19.jar:/home/user/.m2/repository/com/sun/jersey/jersey-json/1.19/jersey-json-1.19.jar:/home/user/.m2/repository/org/codehaus/jettison/jettison/1.1/jettison-1.1.jar:/home/user/.m2/repository/org/codehaus/jackson/jackson-core-asl/1.9.13/jackson-core-asl-1.9.13.jar:/home/user/.m2/repository/org/codehaus/jackson/jackson-mapper-asl/1.9.13/jackson-mapper-asl-1.9.13.jar:/home/user/.m2/repository/org/codehaus/jackson/jackson-jaxrs/1.9.13/jackson-jaxrs-1.9.13.jar:/home/user/.m2/repository/org/codehaus/jackson/jackson-xc/1.9.13/jackson-xc-1.9.13.jar:/home/user/.m2/repository/commons-logging/commons-logging/1.1.3/commons-logging-1.1.3.jar:/home/user/.m2/repository/commons-beanutils/commons-beanutils/1.9.3/commons-beanutils-1.9.3.jar:/home/user/.m2/repository/org/apache/commons/commons-configuration2/2.1.1/commons-configuration2-2.1.1.jar:/home/user/.m2/repository/org/apache/commons/commons-lang3/3.7/commons-lang3-3.7.jar:/home/user/.m2/repository/org/apache/commons/commons-text/1.4/commons-text-1.4.jar:/home/user/.m2/repository/org/apache/avro/avro/1.7.7/avro-1.7.7.jar:/home/user/.m2/repository/com/thoughtworks/paranamer/paranamer/2.3/paranamer-2.3.jar:/home/user/.m2/repository/org/xerial/snappy/snappy-java/1.0.5/snappy-java-1.0.5.jar:/home/user/.m2/repository/com/google/re2j/re2j/1.1/re2j-1.1.jar:/home/user/.m2/repository/com/google/code/gson/gson/2.2.4/gson-2.2.4.jar:/home/user/.m2/repository/com/jcraft/jsch/0.1.54/jsch-0.1.54.jar:/home/user/.m2/repository/org/apache/curator/curator-client/2.12.0/curator-client-2.12.0.jar:/home/user/.m2/repository/org/apache/curator/curator-recipes/2.12.0/curator-recipes-2.12.0.jar:/home/user/.m2/repository/com/google/code/findbugs/jsr305/3.0.0/jsr305-3.0.0.jar:/home/user/.m2/repository/org/apache/htrace/htrace-core4/4.1.0-incubating/htrace-core4-4.1.0-incubating.jar:/home/user/.m2/repository/org/apache/zookeeper/zookeeper/3.4.13/zookeeper-3.4.13.jar:/home/user/.m2/repository/org/apache/yetus/audience-annotations/0.5.0/audience-annotations-0.5.0.jar:/home/user/.m2/repository/org/codehaus/woodstox/stax2-api/3.1.4/stax2-api-3.1.4.jar:/home/user/.m2/repository/com/fasterxml/woodstox/woodstox-core/5.0.3/woodstox-core-5.0.3.jar:/home/user/.m2/repository/dnsjava/dnsjava/2.1.7/dnsjava-2.1.7.jar:/home/user/.m2/repository/org/apache/hadoop/hadoop-hdfs/3.2.0/hadoop-hdfs-3.2.0-tests.jar:/home/user/.m2/repository/org/eclipse/jetty/jetty-util-ajax/9.3.24.v20180605/jetty-util-ajax-9.3.24.v20180605.jar:/home/user/.m2/repository/commons-daemon/commons-daemon/1.0.13/commons-daemon-1.0.13.jar:/home/user/.m2/repository/io/netty/netty/3.10.5.Final/netty-3.10.5.Final.jar:/home/user/.m2/repository/io/netty/netty-all/4.0.52.Final/netty-all-4.0.52.Final.jar:/home/user/.m2/repository/org/fusesource/leveldbjni/leveldbjni-all/1.8/leveldbjni-all-1.8.jar:"/>
    <property name="sun.cpu.endian" value="little"/>
    <property name="user.home" value="/home/user"/>
    <property name="user.language" value="en"/>
    <property name="java.specification.vendor" value="Oracle Corporation"/>
    <property name="java.home" value="/usr/lib/jvm/java-1.8-openjdk/jre"/>
    <property name="java.security.krb5.conf" value="/workdir/hadoop-ozone/integration-test/target/test-classes/krb5.conf"/>
    <property name="basedir" value="/workdir/hadoop-ozone/integration-test"/>
    <property name="file.separator" value="/"/>
    <property name="line.separator" value="&#10;"/>
    <property name="java.vm.specification.vendor" value="Oracle Corporation"/>
    <property name="java.specification.name" value="Java Platform API Specification"/>
    <property name="java.awt.graphicsenv" value="sun.awt.X11GraphicsEnvironment"/>
    <property name="surefire.real.class.path" value="/workdir/hadoop-ozone/integration-test/target/surefire/surefirebooter6389968221904213724.jar"/>
    <property name="hadoop.log.dir" value="/workdir/hadoop-ozone/integration-test/target/log"/>
    <property name="sun.boot.class.path" value="/usr/lib/jvm/java-1.8-openjdk/jre/lib/resources.jar:/usr/lib/jvm/java-1.8-openjdk/jre/lib/rt.jar:/usr/lib/jvm/java-1.8-openjdk/jre/lib/sunrsasign.jar:/usr/lib/jvm/java-1.8-openjdk/jre/lib/jsse.jar:/usr/lib/jvm/java-1.8-openjdk/jre/lib/jce.jar:/usr/lib/jvm/java-1.8-openjdk/jre/lib/charsets.jar:/usr/lib/jvm/java-1.8-openjdk/jre/lib/jfr.jar:/usr/lib/jvm/java-1.8-openjdk/jre/classes"/>
    <property name="sun.management.compiler" value="HotSpot 64-Bit Tiered Compilers"/>
    <property name="java.runtime.version" value="1.8.0_212-b04"/>
    <property name="java.net.preferIPv4Stack" value="true"/>
    <property name="user.name" value="jenkins1000"/>
    <property name="path.separator" value=":"/>
    <property name="java.security.egd" value="file:///dev/urandom"/>
    <property name="os.version" value="3.10.0-957.12.2.el7.x86_64"/>
    <property name="java.endorsed.dirs" value="/usr/lib/jvm/java-1.8-openjdk/jre/lib/endorsed"/>
    <property name="java.runtime.name" value="OpenJDK Runtime Environment"/>
    <property name="file.encoding" value="UTF-8"/>
    <property name="java.vm.name" value="OpenJDK 64-Bit Server VM"/>
    <property name="test.build.webapps" value=""/>
    <property name="localRepository" value="/home/user/.m2/repository"/>
    <property name="java.vendor.url.bug" value="https://icedtea.classpath.org/bugzilla"/>
    <property name="java.io.tmpdir" value="/tmp"/>
    <property name="require.test.libhadoop" value=""/>
    <property name="java.version" value="1.8.0_212"/>
    <property name="user.dir" value="/workdir/hadoop-ozone/integration-test"/>
    <property name="os.arch" value="amd64"/>
    <property name="java.vm.specification.name" value="Java Virtual Machine Specification"/>
    <property name="test.build.classes" value="/workdir/hadoop-ozone/integration-test/target/test-classes"/>
    <property name="java.awt.printerjob" value="sun.print.PSPrinterJob"/>
    <property name="sun.os.patch.level" value="unknown"/>
    <property name="hadoop.tmp.dir" value="/workdir/hadoop-ozone/integration-test/target/tmp"/>
    <property name="java.library.path" value="/usr/lib/jvm/java-1.8-openjdk/jre/lib/amd64/server:/usr/lib/jvm/java-1.8-openjdk/jre/lib/amd64:/usr/lib/jvm/java-1.8-openjdk/jre/../lib/amd64:/workdir/hadoop-ozone/integration-test/target/native/target/usr/local/lib:/workdir/hadoop-ozone/integration-test/../../hadoop-common-project/hadoop-common/target/native/target/usr/local/lib:/usr/java/packages/lib/amd64:/usr/lib64:/lib64:/lib:/usr/lib"/>
    <property name="java.vm.info" value="mixed mode"/>
    <property name="java.vendor" value="IcedTea"/>
    <property name="java.vm.version" value="25.212-b04"/>
    <property name="java.ext.dirs" value="/usr/lib/jvm/java-1.8-openjdk/jre/lib/ext:/usr/java/packages/lib/ext"/>
    <property name="sun.io.unicode.encoding" value="UnicodeLittle"/>
    <property name="java.class.version" value="52.0"/>
  </properties>
  <testcase name="testGroupMismatchExceptionHandling" classname="org.apache.hadoop.ozone.client.rpc.TestOzoneClientRetriesOnException" time="53.956"/>
  <testcase name="testMaxRetriesByOzoneClient" classname="org.apache.hadoop.ozone.client.rpc.TestOzoneClientRetriesOnException" time="32.249">
    <error message="Failed to command cmdType: CreateContainer&#10;containerID: 1&#10;datanodeUuid: &quot;02d56343-07ef-4e0c-96c7-d21ae89378ad&quot;&#10;createContainer {&#10;}&#10;" type="java.io.IOException">java.io.IOException: 
Failed to command cmdType: CreateContainer
containerID: 1
datanodeUuid: "02d56343-07ef-4e0c-96c7-d21ae89378ad"
createContainer {
}

	at org.apache.hadoop.hdds.scm.XceiverClientSpi.sendCommand(XceiverClientSpi.java:113)
	at org.apache.hadoop.ozone.client.rpc.TestOzoneClientRetriesOnException.testMaxRetriesByOzoneClient(TestOzoneClientRetriesOnException.java:190)
	at sun.reflect.NativeMethodAccessorImpl.invoke0(Native Method)
	at sun.reflect.NativeMethodAccessorImpl.invoke(NativeMethodAccessorImpl.java:62)
	at sun.reflect.DelegatingMethodAccessorImpl.invoke(DelegatingMethodAccessorImpl.java:43)
	at java.lang.reflect.Method.invoke(Method.java:498)
	at org.junit.runners.model.FrameworkMethod$1.runReflectiveCall(FrameworkMethod.java:47)
	at org.junit.internal.runners.model.ReflectiveCallable.run(ReflectiveCallable.java:12)
	at org.junit.runners.model.FrameworkMethod.invokeExplosively(FrameworkMethod.java:44)
	at org.junit.internal.runners.statements.InvokeMethod.evaluate(InvokeMethod.java:17)
	at org.junit.internal.runners.statements.RunBefores.evaluate(RunBefores.java:26)
	at org.junit.internal.runners.statements.RunAfters.evaluate(RunAfters.java:27)
	at org.junit.runners.ParentRunner.runLeaf(ParentRunner.java:271)
	at org.junit.runners.BlockJUnit4ClassRunner.runChild(BlockJUnit4ClassRunner.java:70)
	at org.junit.runners.BlockJUnit4ClassRunner.runChild(BlockJUnit4ClassRunner.java:50)
	at org.junit.runners.ParentRunner$3.run(ParentRunner.java:238)
	at org.junit.runners.ParentRunner$1.schedule(ParentRunner.java:63)
	at org.junit.runners.ParentRunner.runChildren(ParentRunner.java:236)
	at org.junit.runners.ParentRunner.access$000(ParentRunner.java:53)
	at org.junit.runners.ParentRunner$2.evaluate(ParentRunner.java:229)
	at org.junit.runners.ParentRunner.run(ParentRunner.java:309)
	at org.apache.maven.surefire.junit4.JUnit4Provider.execute(JUnit4Provider.java:365)
	at org.apache.maven.surefire.junit4.JUnit4Provider.executeWithRerun(JUnit4Provider.java:273)
	at org.apache.maven.surefire.junit4.JUnit4Provider.executeTestSet(JUnit4Provider.java:238)
	at org.apache.maven.surefire.junit4.JUnit4Provider.invoke(JUnit4Provider.java:159)
	at org.apache.maven.surefire.booter.ForkedBooter.invokeProviderInSameClassLoader(ForkedBooter.java:384)
	at org.apache.maven.surefire.booter.ForkedBooter.runSuitesInProcess(ForkedBooter.java:345)
	at org.apache.maven.surefire.booter.ForkedBooter.execute(ForkedBooter.java:126)
	at org.apache.maven.surefire.booter.ForkedBooter.main(ForkedBooter.java:418)
Caused by: java.util.concurrent.ExecutionException: org.apache.ratis.protocol.StateMachineException: java.util.concurrent.CompletionException: java.lang.IllegalArgumentException
	at java.util.concurrent.CompletableFuture.reportGet(CompletableFuture.java:357)
	at java.util.concurrent.CompletableFuture.get(CompletableFuture.java:1895)
	at org.apache.hadoop.hdds.scm.XceiverClientSpi.sendCommand(XceiverClientSpi.java:110)
	... 28 more
Caused by: org.apache.ratis.protocol.StateMachineException: java.util.concurrent.CompletionException: java.lang.IllegalArgumentException
	at java.util.concurrent.CompletableFuture.encodeThrowable(CompletableFuture.java:273)
	at java.util.concurrent.CompletableFuture.completeThrowable(CompletableFuture.java:280)
	at java.util.concurrent.CompletableFuture$AsyncSupply.run(CompletableFuture.java:1592)
	at java.util.concurrent.ThreadPoolExecutor.runWorker(ThreadPoolExecutor.java:1149)
	at java.util.concurrent.ThreadPoolExecutor$Worker.run(ThreadPoolExecutor.java:624)
	at java.lang.Thread.run(Thread.java:748)
</error>
    <system-out><![CDATA[2019-08-08 03:47:06,310 WARN  server.ServerUtils (ServerUtils.java:getScmDbDir(145)) - ozone.scm.db.dirs is not configured. We recommend adding this setting. Falling back to ozone.metadata.dirs instead.
2019-08-08 03:47:06,327 WARN  server.ServerUtils (ServerUtils.java:getScmDbDir(145)) - ozone.scm.db.dirs is not configured. We recommend adding this setting. Falling back to ozone.metadata.dirs instead.
2019-08-08 03:47:06,327 WARN  server.ServerUtils (ServerUtils.java:getScmDbDir(145)) - ozone.scm.db.dirs is not configured. We recommend adding this setting. Falling back to ozone.metadata.dirs instead.
2019-08-08 03:47:06,328 INFO  db.DBStoreBuilder (DBStoreBuilder.java:addTable(110)) - using custom profile for table: deletedBlocks
2019-08-08 03:47:06,328 INFO  db.DBStoreBuilder (DBStoreBuilder.java:processTables(161)) - Using default column profile:DBProfile.DISK for Table:deletedBlocks
2019-08-08 03:47:06,329 INFO  db.DBStoreBuilder (DBStoreBuilder.java:addTable(110)) - using custom profile for table: validCerts
2019-08-08 03:47:06,329 INFO  db.DBStoreBuilder (DBStoreBuilder.java:processTables(161)) - Using default column profile:DBProfile.DISK for Table:validCerts
2019-08-08 03:47:06,329 INFO  db.DBStoreBuilder (DBStoreBuilder.java:addTable(110)) - using custom profile for table: revokedCerts
2019-08-08 03:47:06,329 INFO  db.DBStoreBuilder (DBStoreBuilder.java:processTables(161)) - Using default column profile:DBProfile.DISK for Table:revokedCerts
2019-08-08 03:47:06,330 INFO  db.DBStoreBuilder (DBStoreBuilder.java:addTable(110)) - using custom profile for table: default
2019-08-08 03:47:06,330 INFO  db.DBStoreBuilder (DBStoreBuilder.java:processTables(167)) - Using default column profile:DBProfile.DISK for Table:default
2019-08-08 03:47:06,330 INFO  db.DBStoreBuilder (DBStoreBuilder.java:getDbProfile(198)) - Using default options. DBProfile.DISK
2019-08-08 03:47:06,421 INFO  net.NodeSchemaLoader (NodeSchemaLoader.java:loadSchemaFromFile(125)) - Loading file from sun.misc.CompoundEnumeration@98637a2
2019-08-08 03:47:06,422 INFO  net.NodeSchemaLoader (NodeSchemaLoader.java:loadSchema(171)) - Loading network topology layer schema file
2019-08-08 03:47:06,428 WARN  server.ServerUtils (ServerUtils.java:sanitizeUserArgs(70)) - ozone.scm.stale.node.interval value = 300000 is larger than max = 100000 based on the key value of ozone.scm.heartbeat.thread.interval, reset to the max value 100000.
2019-08-08 03:47:06,429 WARN  server.ServerUtils (ServerUtils.java:sanitizeUserArgs(70)) - ozone.scm.stale.node.interval value = 300000 is larger than max = 100000 based on the key value of ozone.scm.heartbeat.thread.interval, reset to the max value 100000.
2019-08-08 03:47:06,429 INFO  node.SCMNodeManager (SCMNodeManager.java:<init>(121)) - Entering startup safe mode.
2019-08-08 03:47:06,430 WARN  server.ServerUtils (ServerUtils.java:getScmDbDir(145)) - ozone.scm.db.dirs is not configured. We recommend adding this setting. Falling back to ozone.metadata.dirs instead.
2019-08-08 03:47:06,454 INFO  pipeline.SCMPipelineManager (SCMPipelineManager.java:initializePipelineState(126)) - No pipeline exists in current db
2019-08-08 03:47:06,454 WARN  server.ServerUtils (ServerUtils.java:getScmDbDir(145)) - ozone.scm.db.dirs is not configured. We recommend adding this setting. Falling back to ozone.metadata.dirs instead.
2019-08-08 03:47:06,480 WARN  events.EventQueue (EventQueue.java:fireEvent(175)) - No event handler registered for event TypedEvent{payloadType=SafeModeStatus, name='SafeModeStatus'}
2019-08-08 03:47:06,482 INFO  ipc.CallQueueManager (CallQueueManager.java:<init>(84)) - Using callQueue: class java.util.concurrent.LinkedBlockingQueue, queueCapacity: 2000, scheduler: class org.apache.hadoop.ipc.DefaultRpcScheduler, ipcBackoff: false.
2019-08-08 03:47:06,483 INFO  ipc.Server (Server.java:run(1074)) - Starting Socket Reader #1 for port 38706
2019-08-08 03:47:06,486 INFO  ipc.CallQueueManager (CallQueueManager.java:<init>(84)) - Using callQueue: class java.util.concurrent.LinkedBlockingQueue, queueCapacity: 2000, scheduler: class org.apache.hadoop.ipc.DefaultRpcScheduler, ipcBackoff: false.
2019-08-08 03:47:06,486 INFO  ipc.Server (Server.java:run(1074)) - Starting Socket Reader #1 for port 39046
2019-08-08 03:47:06,488 INFO  ipc.CallQueueManager (CallQueueManager.java:<init>(84)) - Using callQueue: class java.util.concurrent.LinkedBlockingQueue, queueCapacity: 2000, scheduler: class org.apache.hadoop.ipc.DefaultRpcScheduler, ipcBackoff: false.
2019-08-08 03:47:06,489 INFO  ipc.Server (Server.java:run(1074)) - Starting Socket Reader #1 for port 41994
2019-08-08 03:47:06,493 INFO  hdfs.DFSUtil (DFSUtil.java:httpServerTemplateForNNAndJN(1641)) - Starting Web-server for scm at: http://0.0.0.0:0
2019-08-08 03:47:06,496 INFO  server.AuthenticationFilter (AuthenticationFilter.java:constructSecretProvider(240)) - Unable to initialize FileSignerSecretProvider, falling back to use random secrets.
2019-08-08 03:47:06,497 WARN  http.HttpRequestLog (HttpRequestLog.java:getRequestLog(97)) - Jetty request log can only be enabled using Log4j
2019-08-08 03:47:06,500 INFO  http.HttpServer2 (HttpServer2.java:addGlobalFilter(975)) - Added global filter 'safety' (class=org.apache.hadoop.http.HttpServer2$QuotingInputFilter)
2019-08-08 03:47:06,502 INFO  http.HttpServer2 (HttpServer2.java:addFilter(948)) - Added filter static_user_filter (class=org.apache.hadoop.http.lib.StaticUserWebFilter$StaticUserFilter) to context scm
2019-08-08 03:47:06,502 INFO  http.HttpServer2 (HttpServer2.java:addFilter(958)) - Added filter static_user_filter (class=org.apache.hadoop.http.lib.StaticUserWebFilter$StaticUserFilter) to context logs
2019-08-08 03:47:06,502 INFO  http.HttpServer2 (HttpServer2.java:addFilter(958)) - Added filter static_user_filter (class=org.apache.hadoop.http.lib.StaticUserWebFilter$StaticUserFilter) to context static
2019-08-08 03:47:06,506 INFO  server.StorageContainerManager (StorageContainerManager.java:start(758)) - StorageContainerLocationProtocol RPC server is listening at /0.0.0.0:41994
2019-08-08 03:47:06,509 WARN  impl.MetricsConfig (MetricsConfig.java:loadFirst(134)) - Cannot locate configuration: tried hadoop-metrics2-storagecontainermanager.properties,hadoop-metrics2.properties
2019-08-08 03:47:06,510 INFO  impl.MetricsSystemImpl (MetricsSystemImpl.java:startTimer(374)) - Scheduled Metric snapshot period at 10 second(s).
2019-08-08 03:47:06,510 INFO  impl.MetricsSystemImpl (MetricsSystemImpl.java:start(191)) - StorageContainerManager metrics system started
2019-08-08 03:47:06,572 INFO  server.SCMClientProtocolServer (SCMClientProtocolServer.java:start(151)) - RPC server for Client  is listening at /0.0.0.0:41994
2019-08-08 03:47:06,573 INFO  ipc.Server (Server.java:run(1314)) - IPC Server Responder: starting
2019-08-08 03:47:06,573 INFO  ipc.Server (Server.java:run(1153)) - IPC Server listener on 41994: starting
2019-08-08 03:47:06,577 INFO  server.StorageContainerManager (StorageContainerManager.java:start(768)) - ScmBlockLocationProtocol RPC server is listening at /0.0.0.0:39046
2019-08-08 03:47:06,577 INFO  server.SCMBlockProtocolServer (SCMBlockProtocolServer.java:start(140)) - RPC server for Block Protocol is listening at /0.0.0.0:39046
2019-08-08 03:47:06,578 INFO  ipc.Server (Server.java:run(1314)) - IPC Server Responder: starting
2019-08-08 03:47:06,578 INFO  ipc.Server (Server.java:run(1153)) - IPC Server listener on 39046: starting
2019-08-08 03:47:06,582 INFO  server.StorageContainerManager (StorageContainerManager.java:start(772)) - ScmDatanodeProtocl RPC server is listening at /0.0.0.0:38706
2019-08-08 03:47:06,582 INFO  server.SCMDatanodeProtocolServer (SCMDatanodeProtocolServer.java:start(191)) - RPC server for DataNodes is listening at /0.0.0.0:38706
2019-08-08 03:47:06,583 INFO  ipc.Server (Server.java:run(1314)) - IPC Server Responder: starting
2019-08-08 03:47:06,583 INFO  ipc.Server (Server.java:run(1153)) - IPC Server listener on 38706: starting
2019-08-08 03:47:06,587 INFO  http.HttpServer2 (HttpServer2.java:bindListener(1191)) - Jetty bound to port 46588
2019-08-08 03:47:06,587 INFO  server.Server (Server.java:doStart(351)) - jetty-9.3.24.v20180605, build timestamp: 2018-06-05T17:11:56Z, git hash: 84205aa28f11a4f31f2a3b86d1bba2cc8ab69827
2019-08-08 03:47:06,589 INFO  handler.ContextHandler (ContextHandler.java:doStart(781)) - Started o.e.j.s.ServletContextHandler@6d815fb7{/logs,file:///workdir/hadoop-ozone/integration-test/target/log,AVAILABLE}
2019-08-08 03:47:06,590 INFO  handler.ContextHandler (ContextHandler.java:doStart(781)) - Started o.e.j.s.ServletContextHandler@376af784{/static,file:///workdir/hadoop-ozone/integration-test/target/test-classes/webapps/static,AVAILABLE}
2019-08-08 03:47:06,595 INFO  handler.ContextHandler (ContextHandler.java:doStart(781)) - Started o.e.j.w.WebAppContext@18715bb{/,file:///workdir/hadoop-ozone/integration-test/target/test-classes/webapps/scm/,AVAILABLE}{/scm}
2019-08-08 03:47:06,595 INFO  server.AbstractConnector (AbstractConnector.java:doStart(278)) - Started ServerConnector@2a19a0fe{HTTP/1.1,[http/1.1]}{0.0.0.0:46588}
2019-08-08 03:47:06,596 INFO  server.Server (Server.java:doStart(419)) - Started @54842ms
2019-08-08 03:47:06,598 INFO  server.BaseHttpServer (BaseHttpServer.java:updateConnectorAddress(207)) - HTTP server of SCM is listening at http://0.0.0.0:46588
2019-08-08 03:47:06,599 WARN  server.ServerUtils (ServerUtils.java:getDBPath(222)) - ozone.om.db.dirs is not configured. We recommend adding this setting. Falling back to ozone.metadata.dirs instead.
2019-08-08 03:47:06,600 INFO  util.JvmPauseMonitor (JvmPauseMonitor.java:run(188)) - Starting JVM pause monitor
2019-08-08 03:47:06,612 WARN  server.ServerUtils (ServerUtils.java:getDBPath(222)) - ozone.om.db.dirs is not configured. We recommend adding this setting. Falling back to ozone.metadata.dirs instead.
2019-08-08 03:47:06,612 WARN  server.ServerUtils (ServerUtils.java:getDBPath(222)) - ozone.om.db.dirs is not configured. We recommend adding this setting. Falling back to ozone.metadata.dirs instead.
2019-08-08 03:47:06,613 INFO  om.OzoneManager (OzoneManager.java:setOMNodeDetails(644)) - OM Service ID is not set. Setting it to the default ID: omServiceIdDefault
2019-08-08 03:47:06,613 INFO  om.OzoneManager (OzoneManager.java:setOMNodeDetails(650)) - OM Node ID is not set. Setting it to the OmStorage's OmID: c8052dfc-5222-4c58-ad11-847858987075
2019-08-08 03:47:06,613 INFO  om.OzoneManager (OzoneManager.java:loadOMHAConfigs(601)) - Found matching OM address with OMServiceId: null, OMNodeId: null, RPC Address: localhost:0 and Ratis port: 9872
2019-08-08 03:47:06,621 WARN  server.ServerUtils (ServerUtils.java:getDBPath(222)) - ozone.om.db.dirs is not configured. We recommend adding this setting. Falling back to ozone.metadata.dirs instead.
2019-08-08 03:47:06,621 INFO  db.DBStoreBuilder (DBStoreBuilder.java:addTable(110)) - using custom profile for table: userTable
2019-08-08 03:47:06,621 INFO  db.DBStoreBuilder (DBStoreBuilder.java:processTables(161)) - Using default column profile:DBProfile.DISK for Table:userTable
2019-08-08 03:47:06,622 INFO  db.DBStoreBuilder (DBStoreBuilder.java:addTable(110)) - using custom profile for table: volumeTable
2019-08-08 03:47:06,622 INFO  db.DBStoreBuilder (DBStoreBuilder.java:processTables(161)) - Using default column profile:DBProfile.DISK for Table:volumeTable
2019-08-08 03:47:06,622 INFO  db.DBStoreBuilder (DBStoreBuilder.java:addTable(110)) - using custom profile for table: bucketTable
2019-08-08 03:47:06,622 INFO  db.DBStoreBuilder (DBStoreBuilder.java:processTables(161)) - Using default column profile:DBProfile.DISK for Table:bucketTable
2019-08-08 03:47:06,622 INFO  db.DBStoreBuilder (DBStoreBuilder.java:addTable(110)) - using custom profile for table: keyTable
2019-08-08 03:47:06,623 INFO  db.DBStoreBuilder (DBStoreBuilder.java:processTables(161)) - Using default column profile:DBProfile.DISK for Table:keyTable
2019-08-08 03:47:06,623 INFO  db.DBStoreBuilder (DBStoreBuilder.java:addTable(110)) - using custom profile for table: deletedTable
2019-08-08 03:47:06,623 INFO  db.DBStoreBuilder (DBStoreBuilder.java:processTables(161)) - Using default column profile:DBProfile.DISK for Table:deletedTable
2019-08-08 03:47:06,623 INFO  db.DBStoreBuilder (DBStoreBuilder.java:addTable(110)) - using custom profile for table: openKeyTable
2019-08-08 03:47:06,623 INFO  db.DBStoreBuilder (DBStoreBuilder.java:processTables(161)) - Using default column profile:DBProfile.DISK for Table:openKeyTable
2019-08-08 03:47:06,624 INFO  db.DBStoreBuilder (DBStoreBuilder.java:addTable(110)) - using custom profile for table: s3Table
2019-08-08 03:47:06,624 INFO  db.DBStoreBuilder (DBStoreBuilder.java:processTables(161)) - Using default column profile:DBProfile.DISK for Table:s3Table
2019-08-08 03:47:06,624 INFO  db.DBStoreBuilder (DBStoreBuilder.java:addTable(110)) - using custom profile for table: multipartInfoTable
2019-08-08 03:47:06,624 INFO  db.DBStoreBuilder (DBStoreBuilder.java:processTables(161)) - Using default column profile:DBProfile.DISK for Table:multipartInfoTable
2019-08-08 03:47:06,624 INFO  db.DBStoreBuilder (DBStoreBuilder.java:addTable(110)) - using custom profile for table: dTokenTable
2019-08-08 03:47:06,624 INFO  db.DBStoreBuilder (DBStoreBuilder.java:processTables(161)) - Using default column profile:DBProfile.DISK for Table:dTokenTable
2019-08-08 03:47:06,625 INFO  db.DBStoreBuilder (DBStoreBuilder.java:addTable(110)) - using custom profile for table: s3SecretTable
2019-08-08 03:47:06,625 INFO  db.DBStoreBuilder (DBStoreBuilder.java:processTables(161)) - Using default column profile:DBProfile.DISK for Table:s3SecretTable
2019-08-08 03:47:06,625 INFO  db.DBStoreBuilder (DBStoreBuilder.java:addTable(110)) - using custom profile for table: prefixTable
2019-08-08 03:47:06,625 INFO  db.DBStoreBuilder (DBStoreBuilder.java:processTables(161)) - Using default column profile:DBProfile.DISK for Table:prefixTable
2019-08-08 03:47:06,625 INFO  db.DBStoreBuilder (DBStoreBuilder.java:addTable(110)) - using custom profile for table: default
2019-08-08 03:47:06,625 INFO  db.DBStoreBuilder (DBStoreBuilder.java:processTables(167)) - Using default column profile:DBProfile.DISK for Table:default
2019-08-08 03:47:06,626 INFO  db.DBStoreBuilder (DBStoreBuilder.java:getDbProfile(198)) - Using default options. DBProfile.DISK
2019-08-08 03:47:06,902 INFO  ipc.CallQueueManager (CallQueueManager.java:<init>(84)) - Using callQueue: class java.util.concurrent.LinkedBlockingQueue, queueCapacity: 2000, scheduler: class org.apache.hadoop.ipc.DefaultRpcScheduler, ipcBackoff: false.
2019-08-08 03:47:06,903 INFO  ipc.Server (Server.java:run(1074)) - Starting Socket Reader #1 for port 41316
2019-08-08 03:47:06,920 INFO  om.OzoneManager (OzoneManager.java:start(1255)) - OzoneManager RPC server is listening at localhost/127.0.0.1:41316
2019-08-08 03:47:06,921 INFO  impl.MetricsSystemImpl (MetricsSystemImpl.java:init(158)) - OzoneManager metrics system started (again)
2019-08-08 03:47:06,922 INFO  ipc.Server (Server.java:run(1314)) - IPC Server Responder: starting
2019-08-08 03:47:06,922 INFO  ipc.Server (Server.java:run(1153)) - IPC Server listener on 41316: starting
2019-08-08 03:47:06,928 INFO  hdfs.DFSUtil (DFSUtil.java:httpServerTemplateForNNAndJN(1641)) - Starting Web-server for ozoneManager at: http://0.0.0.0:0
2019-08-08 03:47:06,930 INFO  server.AuthenticationFilter (AuthenticationFilter.java:constructSecretProvider(240)) - Unable to initialize FileSignerSecretProvider, falling back to use random secrets.
2019-08-08 03:47:06,931 WARN  http.HttpRequestLog (HttpRequestLog.java:getRequestLog(97)) - Jetty request log can only be enabled using Log4j
2019-08-08 03:47:06,934 INFO  http.HttpServer2 (HttpServer2.java:addGlobalFilter(975)) - Added global filter 'safety' (class=org.apache.hadoop.http.HttpServer2$QuotingInputFilter)
2019-08-08 03:47:06,935 INFO  http.HttpServer2 (HttpServer2.java:addFilter(948)) - Added filter static_user_filter (class=org.apache.hadoop.http.lib.StaticUserWebFilter$StaticUserFilter) to context ozoneManager
2019-08-08 03:47:06,935 INFO  http.HttpServer2 (HttpServer2.java:addFilter(958)) - Added filter static_user_filter (class=org.apache.hadoop.http.lib.StaticUserWebFilter$StaticUserFilter) to context static
2019-08-08 03:47:06,935 INFO  http.HttpServer2 (HttpServer2.java:addFilter(958)) - Added filter static_user_filter (class=org.apache.hadoop.http.lib.StaticUserWebFilter$StaticUserFilter) to context logs
2019-08-08 03:47:06,937 INFO  http.HttpServer2 (HttpServer2.java:bindListener(1191)) - Jetty bound to port 38498
2019-08-08 03:47:06,937 INFO  server.Server (Server.java:doStart(351)) - jetty-9.3.24.v20180605, build timestamp: 2018-06-05T17:11:56Z, git hash: 84205aa28f11a4f31f2a3b86d1bba2cc8ab69827
2019-08-08 03:47:06,940 INFO  handler.ContextHandler (ContextHandler.java:doStart(781)) - Started o.e.j.s.ServletContextHandler@6903ed0e{/logs,file:///workdir/hadoop-ozone/integration-test/target/log,AVAILABLE}
2019-08-08 03:47:06,941 INFO  handler.ContextHandler (ContextHandler.java:doStart(781)) - Started o.e.j.s.ServletContextHandler@16ea0f22{/static,file:///workdir/hadoop-ozone/integration-test/target/test-classes/webapps/static,AVAILABLE}
2019-08-08 03:47:06,948 INFO  handler.ContextHandler (ContextHandler.java:doStart(781)) - Started o.e.j.w.WebAppContext@b94703b{/,file:///workdir/hadoop-ozone/integration-test/target/test-classes/webapps/ozoneManager/,AVAILABLE}{/ozoneManager}
2019-08-08 03:47:06,948 INFO  server.AbstractConnector (AbstractConnector.java:doStart(278)) - Started ServerConnector@33a47707{HTTP/1.1,[http/1.1]}{0.0.0.0:38498}
2019-08-08 03:47:06,950 INFO  server.Server (Server.java:doStart(419)) - Started @55196ms
2019-08-08 03:47:06,951 INFO  server.BaseHttpServer (BaseHttpServer.java:updateConnectorAddress(207)) - HTTP server of OZONEMANAGER is listening at http://0.0.0.0:38498
2019-08-08 03:47:06,973 INFO  impl.MetricsSystemImpl (MetricsSystemImpl.java:init(158)) - HddsDatanode metrics system started (again)
2019-08-08 03:47:06,977 INFO  ozone.HddsDatanodeService (HddsDatanodeService.java:start(184)) - HddsDatanodeService host:byscane-nightly-5b87q-1102612012 ip:192.168.5.133
2019-08-08 03:47:06,985 INFO  volume.HddsVolume (HddsVolume.java:<init>(176)) - Creating Volume: /workdir/hadoop-ozone/integration-test/target/test-dir/MiniOzoneClusterImpl-7ca575dc-1199-4ed1-bcd1-a36870a62ff3/datanode-0/data/containers/hdds of  storage type : DISK and capacity : 52710309888
2019-08-08 03:47:06,985 INFO  volume.VolumeSet (VolumeSet.java:initializeVolumeSet(170)) - Added Volume : /workdir/hadoop-ozone/integration-test/target/test-dir/MiniOzoneClusterImpl-7ca575dc-1199-4ed1-bcd1-a36870a62ff3/datanode-0/data/containers/hdds to VolumeSet
2019-08-08 03:47:06,985 INFO  volume.ThrottledAsyncChecker (ThrottledAsyncChecker.java:schedule(140)) - Scheduling a check for org.apache.hadoop.ozone.container.common.volume.HddsVolume@34f23816
2019-08-08 03:47:06,986 INFO  volume.HddsVolumeChecker (HddsVolumeChecker.java:checkAllVolumes(203)) - Scheduled health check for volume org.apache.hadoop.ozone.container.common.volume.HddsVolume@34f23816
2019-08-08 03:47:07,004 INFO  impl.RaftServerProxy (ConfUtils.java:logGet(43)) - raft.rpc.type = GRPC (default)
2019-08-08 03:47:07,005 INFO  grpc.GrpcFactory (GrpcFactory.java:checkPooledByteBufAllocatorUseCacheForAllThreads(45)) - PERFORMANCE WARNING: useCacheForAllThreads is true that may cause Netty to create a lot garbage objects and, as a result, trigger GC.
	It is recommended to disable useCacheForAllThreads by setting -Dorg.apache.ratis.thirdparty.io.netty.allocator.useCacheForAllThreads=false in command line.
2019-08-08 03:47:07,005 INFO  grpc.GrpcConfigKeys$Server (ConfUtils.java:logGet(43)) - raft.grpc.server.port = 0 (default)
2019-08-08 03:47:07,005 INFO  server.GrpcService (ConfUtils.java:logGet(43)) - raft.grpc.message.size.max = 33570816 (custom)
2019-08-08 03:47:07,005 INFO  server.RaftServerConfigKeys (ConfUtils.java:logGet(43)) - raft.server.log.appender.buffer.byte-limit = 33554432 (custom)
2019-08-08 03:47:07,006 INFO  server.GrpcService (ConfUtils.java:logGet(43)) - raft.grpc.flow.control.window = 1MB (=1048576) (default)
2019-08-08 03:47:07,006 INFO  server.RaftServerConfigKeys (ConfUtils.java:logGet(43)) - raft.server.rpc.request.timeout = 3000ms (default)
2019-08-08 03:47:07,007 INFO  server.RaftServerConfigKeys (ConfUtils.java:logGet(43)) - raft.server.storage.dir = [/workdir/hadoop-ozone/integration-test/target/test-dir/MiniOzoneClusterImpl-7ca575dc-1199-4ed1-bcd1-a36870a62ff3/datanode-0/data/ratis] (custom)
2019-08-08 03:47:07,007 INFO  replication.SimpleContainerDownloader (SimpleContainerDownloader.java:<init>(72)) - Starting container downloader service to copy containers to replicate.
2019-08-08 03:47:07,009 INFO  hdfs.DFSUtil (DFSUtil.java:httpServerTemplateForNNAndJN(1641)) - Starting Web-server for hddsDatanode at: http://0.0.0.0:0
2019-08-08 03:47:07,010 INFO  server.AuthenticationFilter (AuthenticationFilter.java:constructSecretProvider(240)) - Unable to initialize FileSignerSecretProvider, falling back to use random secrets.
2019-08-08 03:47:07,011 WARN  http.HttpRequestLog (HttpRequestLog.java:getRequestLog(97)) - Jetty request log can only be enabled using Log4j
2019-08-08 03:47:07,012 INFO  http.HttpServer2 (HttpServer2.java:addGlobalFilter(975)) - Added global filter 'safety' (class=org.apache.hadoop.http.HttpServer2$QuotingInputFilter)
2019-08-08 03:47:07,013 INFO  http.HttpServer2 (HttpServer2.java:addFilter(948)) - Added filter static_user_filter (class=org.apache.hadoop.http.lib.StaticUserWebFilter$StaticUserFilter) to context hddsDatanode
2019-08-08 03:47:07,013 INFO  http.HttpServer2 (HttpServer2.java:addFilter(958)) - Added filter static_user_filter (class=org.apache.hadoop.http.lib.StaticUserWebFilter$StaticUserFilter) to context static
2019-08-08 03:47:07,013 INFO  http.HttpServer2 (HttpServer2.java:addFilter(958)) - Added filter static_user_filter (class=org.apache.hadoop.http.lib.StaticUserWebFilter$StaticUserFilter) to context logs
2019-08-08 03:47:07,014 INFO  http.HttpServer2 (HttpServer2.java:bindListener(1191)) - Jetty bound to port 42937
2019-08-08 03:47:07,014 INFO  server.Server (Server.java:doStart(351)) - jetty-9.3.24.v20180605, build timestamp: 2018-06-05T17:11:56Z, git hash: 84205aa28f11a4f31f2a3b86d1bba2cc8ab69827
2019-08-08 03:47:07,016 INFO  handler.ContextHandler (ContextHandler.java:doStart(781)) - Started o.e.j.s.ServletContextHandler@5a899811{/logs,file:///workdir/hadoop-ozone/integration-test/target/log,AVAILABLE}
2019-08-08 03:47:07,017 INFO  handler.ContextHandler (ContextHandler.java:doStart(781)) - Started o.e.j.s.ServletContextHandler@171aa66{/static,jar:file:/home/user/.m2/repository/org/apache/hadoop/hadoop-hdds-container-service/0.4.1-SNAPSHOT/hadoop-hdds-container-service-0.4.1-SNAPSHOT.jar!/webapps/static,AVAILABLE}
2019-08-08 03:47:07,048 INFO  handler.ContextHandler (ContextHandler.java:doStart(781)) - Started o.e.j.w.WebAppContext@4d20616a{/,file:///tmp/jetty-0.0.0.0-42937-hddsDatanode-_-any-8658948568097035743.dir/webapp/,AVAILABLE}{/hddsDatanode}
2019-08-08 03:47:07,049 INFO  server.AbstractConnector (AbstractConnector.java:doStart(278)) - Started ServerConnector@6ad6ae45{HTTP/1.1,[http/1.1]}{0.0.0.0:42937}
2019-08-08 03:47:07,050 INFO  server.Server (Server.java:doStart(419)) - Started @55296ms
2019-08-08 03:47:07,051 INFO  server.BaseHttpServer (BaseHttpServer.java:updateConnectorAddress(207)) - HTTP server of HDDSDATANODE is listening at http://0.0.0.0:42937
2019-08-08 03:47:07,214 INFO  ozone.HddsDatanodeService (HddsDatanodeService.java:startPlugins(395)) - Started plug-in org.apache.hadoop.ozone.web.OzoneHddsDatanodeService@1f42366
2019-08-08 03:47:07,215 INFO  impl.MetricsSystemImpl (MetricsSystemImpl.java:init(158)) - HddsDatanode metrics system started (again)
2019-08-08 03:47:07,219 INFO  util.JvmPauseMonitor (JvmPauseMonitor.java:run(188)) - Starting JVM pause monitor
2019-08-08 03:47:07,219 INFO  ozone.HddsDatanodeService (HddsDatanodeService.java:start(184)) - HddsDatanodeService host:byscane-nightly-5b87q-1102612012 ip:192.168.5.133
2019-08-08 03:47:07,221 INFO  datanode.InitDatanodeState (InitDatanodeState.java:persistContainerDatanodeDetails(140)) - DatanodeDetails is persisted to /workdir/hadoop-ozone/integration-test/target/test-dir/MiniOzoneClusterImpl-7ca575dc-1199-4ed1-bcd1-a36870a62ff3/datanode-0/meta/datanode.id
2019-08-08 03:47:07,227 INFO  volume.HddsVolume (HddsVolume.java:<init>(176)) - Creating Volume: /workdir/hadoop-ozone/integration-test/target/test-dir/MiniOzoneClusterImpl-7ca575dc-1199-4ed1-bcd1-a36870a62ff3/datanode-1/data/containers/hdds of  storage type : DISK and capacity : 52710309888
2019-08-08 03:47:07,227 INFO  volume.VolumeSet (VolumeSet.java:initializeVolumeSet(170)) - Added Volume : /workdir/hadoop-ozone/integration-test/target/test-dir/MiniOzoneClusterImpl-7ca575dc-1199-4ed1-bcd1-a36870a62ff3/datanode-1/data/containers/hdds to VolumeSet
2019-08-08 03:47:07,228 INFO  volume.ThrottledAsyncChecker (ThrottledAsyncChecker.java:schedule(140)) - Scheduling a check for org.apache.hadoop.ozone.container.common.volume.HddsVolume@297bd171
2019-08-08 03:47:07,228 INFO  volume.HddsVolumeChecker (HddsVolumeChecker.java:checkAllVolumes(203)) - Scheduled health check for volume org.apache.hadoop.ozone.container.common.volume.HddsVolume@297bd171
2019-08-08 03:47:07,243 INFO  impl.RaftServerProxy (ConfUtils.java:logGet(43)) - raft.rpc.type = GRPC (default)
2019-08-08 03:47:07,243 INFO  grpc.GrpcFactory (GrpcFactory.java:checkPooledByteBufAllocatorUseCacheForAllThreads(45)) - PERFORMANCE WARNING: useCacheForAllThreads is true that may cause Netty to create a lot garbage objects and, as a result, trigger GC.
	It is recommended to disable useCacheForAllThreads by setting -Dorg.apache.ratis.thirdparty.io.netty.allocator.useCacheForAllThreads=false in command line.
2019-08-08 03:47:07,243 INFO  grpc.GrpcConfigKeys$Server (ConfUtils.java:logGet(43)) - raft.grpc.server.port = 0 (default)
2019-08-08 03:47:07,244 INFO  server.GrpcService (ConfUtils.java:logGet(43)) - raft.grpc.message.size.max = 33570816 (custom)
2019-08-08 03:47:07,244 INFO  server.RaftServerConfigKeys (ConfUtils.java:logGet(43)) - raft.server.log.appender.buffer.byte-limit = 33554432 (custom)
2019-08-08 03:47:07,244 INFO  server.GrpcService (ConfUtils.java:logGet(43)) - raft.grpc.flow.control.window = 1MB (=1048576) (default)
2019-08-08 03:47:07,244 INFO  server.RaftServerConfigKeys (ConfUtils.java:logGet(43)) - raft.server.rpc.request.timeout = 3000ms (default)
2019-08-08 03:47:07,245 INFO  server.RaftServerConfigKeys (ConfUtils.java:logGet(43)) - raft.server.storage.dir = [/workdir/hadoop-ozone/integration-test/target/test-dir/MiniOzoneClusterImpl-7ca575dc-1199-4ed1-bcd1-a36870a62ff3/datanode-1/data/ratis] (custom)
2019-08-08 03:47:07,245 INFO  replication.SimpleContainerDownloader (SimpleContainerDownloader.java:<init>(72)) - Starting container downloader service to copy containers to replicate.
2019-08-08 03:47:07,247 INFO  hdfs.DFSUtil (DFSUtil.java:httpServerTemplateForNNAndJN(1641)) - Starting Web-server for hddsDatanode at: http://0.0.0.0:0
2019-08-08 03:47:07,248 INFO  server.AuthenticationFilter (AuthenticationFilter.java:constructSecretProvider(240)) - Unable to initialize FileSignerSecretProvider, falling back to use random secrets.
2019-08-08 03:47:07,249 WARN  http.HttpRequestLog (HttpRequestLog.java:getRequestLog(97)) - Jetty request log can only be enabled using Log4j
2019-08-08 03:47:07,250 INFO  http.HttpServer2 (HttpServer2.java:addGlobalFilter(975)) - Added global filter 'safety' (class=org.apache.hadoop.http.HttpServer2$QuotingInputFilter)
2019-08-08 03:47:07,251 INFO  http.HttpServer2 (HttpServer2.java:addFilter(948)) - Added filter static_user_filter (class=org.apache.hadoop.http.lib.StaticUserWebFilter$StaticUserFilter) to context hddsDatanode
2019-08-08 03:47:07,251 INFO  http.HttpServer2 (HttpServer2.java:addFilter(958)) - Added filter static_user_filter (class=org.apache.hadoop.http.lib.StaticUserWebFilter$StaticUserFilter) to context logs
2019-08-08 03:47:07,251 INFO  http.HttpServer2 (HttpServer2.java:addFilter(958)) - Added filter static_user_filter (class=org.apache.hadoop.http.lib.StaticUserWebFilter$StaticUserFilter) to context static
2019-08-08 03:47:07,252 INFO  http.HttpServer2 (HttpServer2.java:bindListener(1191)) - Jetty bound to port 36014
2019-08-08 03:47:07,252 INFO  server.Server (Server.java:doStart(351)) - jetty-9.3.24.v20180605, build timestamp: 2018-06-05T17:11:56Z, git hash: 84205aa28f11a4f31f2a3b86d1bba2cc8ab69827
2019-08-08 03:47:07,254 INFO  handler.ContextHandler (ContextHandler.java:doStart(781)) - Started o.e.j.s.ServletContextHandler@3b362f1{/logs,file:///workdir/hadoop-ozone/integration-test/target/log,AVAILABLE}
2019-08-08 03:47:07,254 INFO  handler.ContextHandler (ContextHandler.java:doStart(781)) - Started o.e.j.s.ServletContextHandler@79cdf2d4{/static,jar:file:/home/user/.m2/repository/org/apache/hadoop/hadoop-hdds-container-service/0.4.1-SNAPSHOT/hadoop-hdds-container-service-0.4.1-SNAPSHOT.jar!/webapps/static,AVAILABLE}
2019-08-08 03:47:07,282 INFO  handler.ContextHandler (ContextHandler.java:doStart(781)) - Started o.e.j.w.WebAppContext@770cae59{/,file:///tmp/jetty-0.0.0.0-36014-hddsDatanode-_-any-393746245986940277.dir/webapp/,AVAILABLE}{/hddsDatanode}
2019-08-08 03:47:07,283 INFO  server.AbstractConnector (AbstractConnector.java:doStart(278)) - Started ServerConnector@76b5a559{HTTP/1.1,[http/1.1]}{0.0.0.0:36014}
2019-08-08 03:47:07,284 INFO  server.Server (Server.java:doStart(419)) - Started @55530ms
2019-08-08 03:47:07,285 INFO  server.BaseHttpServer (BaseHttpServer.java:updateConnectorAddress(207)) - HTTP server of HDDSDATANODE is listening at http://0.0.0.0:36014
2019-08-08 03:47:07,422 INFO  ozone.HddsDatanodeService (HddsDatanodeService.java:startPlugins(395)) - Started plug-in org.apache.hadoop.ozone.web.OzoneHddsDatanodeService@66b6873f
2019-08-08 03:47:07,422 INFO  impl.MetricsSystemImpl (MetricsSystemImpl.java:init(158)) - HddsDatanode metrics system started (again)
2019-08-08 03:47:07,428 INFO  util.JvmPauseMonitor (JvmPauseMonitor.java:run(188)) - Starting JVM pause monitor
2019-08-08 03:47:07,429 INFO  ozone.HddsDatanodeService (HddsDatanodeService.java:start(184)) - HddsDatanodeService host:byscane-nightly-5b87q-1102612012 ip:192.168.5.133
2019-08-08 03:47:07,430 INFO  datanode.InitDatanodeState (InitDatanodeState.java:persistContainerDatanodeDetails(140)) - DatanodeDetails is persisted to /workdir/hadoop-ozone/integration-test/target/test-dir/MiniOzoneClusterImpl-7ca575dc-1199-4ed1-bcd1-a36870a62ff3/datanode-1/meta/datanode.id
2019-08-08 03:47:07,437 INFO  volume.HddsVolume (HddsVolume.java:<init>(176)) - Creating Volume: /workdir/hadoop-ozone/integration-test/target/test-dir/MiniOzoneClusterImpl-7ca575dc-1199-4ed1-bcd1-a36870a62ff3/datanode-2/data/containers/hdds of  storage type : DISK and capacity : 52710309888
2019-08-08 03:47:07,437 INFO  volume.VolumeSet (VolumeSet.java:initializeVolumeSet(170)) - Added Volume : /workdir/hadoop-ozone/integration-test/target/test-dir/MiniOzoneClusterImpl-7ca575dc-1199-4ed1-bcd1-a36870a62ff3/datanode-2/data/containers/hdds to VolumeSet
2019-08-08 03:47:07,438 INFO  volume.ThrottledAsyncChecker (ThrottledAsyncChecker.java:schedule(140)) - Scheduling a check for org.apache.hadoop.ozone.container.common.volume.HddsVolume@2c3f43d1
2019-08-08 03:47:07,438 INFO  volume.HddsVolumeChecker (HddsVolumeChecker.java:checkAllVolumes(203)) - Scheduled health check for volume org.apache.hadoop.ozone.container.common.volume.HddsVolume@2c3f43d1
2019-08-08 03:47:07,461 INFO  impl.RaftServerProxy (ConfUtils.java:logGet(43)) - raft.rpc.type = GRPC (default)
2019-08-08 03:47:07,461 INFO  grpc.GrpcFactory (GrpcFactory.java:checkPooledByteBufAllocatorUseCacheForAllThreads(45)) - PERFORMANCE WARNING: useCacheForAllThreads is true that may cause Netty to create a lot garbage objects and, as a result, trigger GC.
	It is recommended to disable useCacheForAllThreads by setting -Dorg.apache.ratis.thirdparty.io.netty.allocator.useCacheForAllThreads=false in command line.
2019-08-08 03:47:07,461 INFO  grpc.GrpcConfigKeys$Server (ConfUtils.java:logGet(43)) - raft.grpc.server.port = 0 (default)
2019-08-08 03:47:07,461 INFO  server.GrpcService (ConfUtils.java:logGet(43)) - raft.grpc.message.size.max = 33570816 (custom)
2019-08-08 03:47:07,462 INFO  server.RaftServerConfigKeys (ConfUtils.java:logGet(43)) - raft.server.log.appender.buffer.byte-limit = 33554432 (custom)
2019-08-08 03:47:07,462 INFO  server.GrpcService (ConfUtils.java:logGet(43)) - raft.grpc.flow.control.window = 1MB (=1048576) (default)
2019-08-08 03:47:07,462 INFO  server.RaftServerConfigKeys (ConfUtils.java:logGet(43)) - raft.server.rpc.request.timeout = 3000ms (default)
2019-08-08 03:47:07,463 INFO  server.RaftServerConfigKeys (ConfUtils.java:logGet(43)) - raft.server.storage.dir = [/workdir/hadoop-ozone/integration-test/target/test-dir/MiniOzoneClusterImpl-7ca575dc-1199-4ed1-bcd1-a36870a62ff3/datanode-2/data/ratis] (custom)
2019-08-08 03:47:07,463 INFO  replication.SimpleContainerDownloader (SimpleContainerDownloader.java:<init>(72)) - Starting container downloader service to copy containers to replicate.
2019-08-08 03:47:07,465 INFO  hdfs.DFSUtil (DFSUtil.java:httpServerTemplateForNNAndJN(1641)) - Starting Web-server for hddsDatanode at: http://0.0.0.0:0
2019-08-08 03:47:07,466 INFO  server.AuthenticationFilter (AuthenticationFilter.java:constructSecretProvider(240)) - Unable to initialize FileSignerSecretProvider, falling back to use random secrets.
2019-08-08 03:47:07,467 WARN  http.HttpRequestLog (HttpRequestLog.java:getRequestLog(97)) - Jetty request log can only be enabled using Log4j
2019-08-08 03:47:07,468 INFO  http.HttpServer2 (HttpServer2.java:addGlobalFilter(975)) - Added global filter 'safety' (class=org.apache.hadoop.http.HttpServer2$QuotingInputFilter)
2019-08-08 03:47:07,468 INFO  http.HttpServer2 (HttpServer2.java:addFilter(948)) - Added filter static_user_filter (class=org.apache.hadoop.http.lib.StaticUserWebFilter$StaticUserFilter) to context hddsDatanode
2019-08-08 03:47:07,469 INFO  http.HttpServer2 (HttpServer2.java:addFilter(958)) - Added filter static_user_filter (class=org.apache.hadoop.http.lib.StaticUserWebFilter$StaticUserFilter) to context logs
2019-08-08 03:47:07,469 INFO  http.HttpServer2 (HttpServer2.java:addFilter(958)) - Added filter static_user_filter (class=org.apache.hadoop.http.lib.StaticUserWebFilter$StaticUserFilter) to context static
2019-08-08 03:47:07,469 INFO  http.HttpServer2 (HttpServer2.java:bindListener(1191)) - Jetty bound to port 38786
2019-08-08 03:47:07,469 INFO  server.Server (Server.java:doStart(351)) - jetty-9.3.24.v20180605, build timestamp: 2018-06-05T17:11:56Z, git hash: 84205aa28f11a4f31f2a3b86d1bba2cc8ab69827
2019-08-08 03:47:07,471 INFO  handler.ContextHandler (ContextHandler.java:doStart(781)) - Started o.e.j.s.ServletContextHandler@41be8db9{/logs,file:///workdir/hadoop-ozone/integration-test/target/log,AVAILABLE}
2019-08-08 03:47:07,472 INFO  handler.ContextHandler (ContextHandler.java:doStart(781)) - Started o.e.j.s.ServletContextHandler@46524ebe{/static,jar:file:/home/user/.m2/repository/org/apache/hadoop/hadoop-hdds-container-service/0.4.1-SNAPSHOT/hadoop-hdds-container-service-0.4.1-SNAPSHOT.jar!/webapps/static,AVAILABLE}
2019-08-08 03:47:07,500 INFO  handler.ContextHandler (ContextHandler.java:doStart(781)) - Started o.e.j.w.WebAppContext@410382cb{/,file:///tmp/jetty-0.0.0.0-38786-hddsDatanode-_-any-1071255099918787020.dir/webapp/,AVAILABLE}{/hddsDatanode}
2019-08-08 03:47:07,501 INFO  server.AbstractConnector (AbstractConnector.java:doStart(278)) - Started ServerConnector@399f5daf{HTTP/1.1,[http/1.1]}{0.0.0.0:38786}
2019-08-08 03:47:07,503 INFO  server.Server (Server.java:doStart(419)) - Started @55749ms
2019-08-08 03:47:07,504 INFO  server.BaseHttpServer (BaseHttpServer.java:updateConnectorAddress(207)) - HTTP server of HDDSDATANODE is listening at http://0.0.0.0:38786
2019-08-08 03:47:07,649 INFO  ozone.HddsDatanodeService (HddsDatanodeService.java:startPlugins(395)) - Started plug-in org.apache.hadoop.ozone.web.OzoneHddsDatanodeService@1d2046bb
2019-08-08 03:47:07,649 INFO  impl.MetricsSystemImpl (MetricsSystemImpl.java:init(158)) - HddsDatanode metrics system started (again)
2019-08-08 03:47:07,655 INFO  util.JvmPauseMonitor (JvmPauseMonitor.java:run(188)) - Starting JVM pause monitor
2019-08-08 03:47:07,655 INFO  ozone.HddsDatanodeService (HddsDatanodeService.java:start(184)) - HddsDatanodeService host:byscane-nightly-5b87q-1102612012 ip:192.168.5.133
2019-08-08 03:47:07,657 INFO  datanode.InitDatanodeState (InitDatanodeState.java:persistContainerDatanodeDetails(140)) - DatanodeDetails is persisted to /workdir/hadoop-ozone/integration-test/target/test-dir/MiniOzoneClusterImpl-7ca575dc-1199-4ed1-bcd1-a36870a62ff3/datanode-2/meta/datanode.id
2019-08-08 03:47:07,663 INFO  volume.HddsVolume (HddsVolume.java:<init>(176)) - Creating Volume: /workdir/hadoop-ozone/integration-test/target/test-dir/MiniOzoneClusterImpl-7ca575dc-1199-4ed1-bcd1-a36870a62ff3/datanode-3/data/containers/hdds of  storage type : DISK and capacity : 52710309888
2019-08-08 03:47:07,664 INFO  volume.VolumeSet (VolumeSet.java:initializeVolumeSet(170)) - Added Volume : /workdir/hadoop-ozone/integration-test/target/test-dir/MiniOzoneClusterImpl-7ca575dc-1199-4ed1-bcd1-a36870a62ff3/datanode-3/data/containers/hdds to VolumeSet
2019-08-08 03:47:07,664 INFO  volume.ThrottledAsyncChecker (ThrottledAsyncChecker.java:schedule(140)) - Scheduling a check for org.apache.hadoop.ozone.container.common.volume.HddsVolume@25f7cc38
2019-08-08 03:47:07,664 INFO  volume.HddsVolumeChecker (HddsVolumeChecker.java:checkAllVolumes(203)) - Scheduled health check for volume org.apache.hadoop.ozone.container.common.volume.HddsVolume@25f7cc38
2019-08-08 03:47:07,681 INFO  impl.RaftServerProxy (ConfUtils.java:logGet(43)) - raft.rpc.type = GRPC (default)
2019-08-08 03:47:07,681 INFO  grpc.GrpcFactory (GrpcFactory.java:checkPooledByteBufAllocatorUseCacheForAllThreads(45)) - PERFORMANCE WARNING: useCacheForAllThreads is true that may cause Netty to create a lot garbage objects and, as a result, trigger GC.
	It is recommended to disable useCacheForAllThreads by setting -Dorg.apache.ratis.thirdparty.io.netty.allocator.useCacheForAllThreads=false in command line.
2019-08-08 03:47:07,681 INFO  grpc.GrpcConfigKeys$Server (ConfUtils.java:logGet(43)) - raft.grpc.server.port = 0 (default)
2019-08-08 03:47:07,682 INFO  server.GrpcService (ConfUtils.java:logGet(43)) - raft.grpc.message.size.max = 33570816 (custom)
2019-08-08 03:47:07,682 INFO  server.RaftServerConfigKeys (ConfUtils.java:logGet(43)) - raft.server.log.appender.buffer.byte-limit = 33554432 (custom)
2019-08-08 03:47:07,682 INFO  server.GrpcService (ConfUtils.java:logGet(43)) - raft.grpc.flow.control.window = 1MB (=1048576) (default)
2019-08-08 03:47:07,682 INFO  server.RaftServerConfigKeys (ConfUtils.java:logGet(43)) - raft.server.rpc.request.timeout = 3000ms (default)
2019-08-08 03:47:07,683 INFO  server.RaftServerConfigKeys (ConfUtils.java:logGet(43)) - raft.server.storage.dir = [/workdir/hadoop-ozone/integration-test/target/test-dir/MiniOzoneClusterImpl-7ca575dc-1199-4ed1-bcd1-a36870a62ff3/datanode-3/data/ratis] (custom)
2019-08-08 03:47:07,683 INFO  replication.SimpleContainerDownloader (SimpleContainerDownloader.java:<init>(72)) - Starting container downloader service to copy containers to replicate.
2019-08-08 03:47:07,685 INFO  hdfs.DFSUtil (DFSUtil.java:httpServerTemplateForNNAndJN(1641)) - Starting Web-server for hddsDatanode at: http://0.0.0.0:0
2019-08-08 03:47:07,686 INFO  server.AuthenticationFilter (AuthenticationFilter.java:constructSecretProvider(240)) - Unable to initialize FileSignerSecretProvider, falling back to use random secrets.
2019-08-08 03:47:07,686 WARN  http.HttpRequestLog (HttpRequestLog.java:getRequestLog(97)) - Jetty request log can only be enabled using Log4j
2019-08-08 03:47:07,688 INFO  http.HttpServer2 (HttpServer2.java:addGlobalFilter(975)) - Added global filter 'safety' (class=org.apache.hadoop.http.HttpServer2$QuotingInputFilter)
2019-08-08 03:47:07,688 INFO  http.HttpServer2 (HttpServer2.java:addFilter(948)) - Added filter static_user_filter (class=org.apache.hadoop.http.lib.StaticUserWebFilter$StaticUserFilter) to context hddsDatanode
2019-08-08 03:47:07,688 INFO  http.HttpServer2 (HttpServer2.java:addFilter(958)) - Added filter static_user_filter (class=org.apache.hadoop.http.lib.StaticUserWebFilter$StaticUserFilter) to context static
2019-08-08 03:47:07,689 INFO  http.HttpServer2 (HttpServer2.java:addFilter(958)) - Added filter static_user_filter (class=org.apache.hadoop.http.lib.StaticUserWebFilter$StaticUserFilter) to context logs
2019-08-08 03:47:07,689 INFO  http.HttpServer2 (HttpServer2.java:bindListener(1191)) - Jetty bound to port 39485
2019-08-08 03:47:07,689 INFO  server.Server (Server.java:doStart(351)) - jetty-9.3.24.v20180605, build timestamp: 2018-06-05T17:11:56Z, git hash: 84205aa28f11a4f31f2a3b86d1bba2cc8ab69827
2019-08-08 03:47:07,691 INFO  handler.ContextHandler (ContextHandler.java:doStart(781)) - Started o.e.j.s.ServletContextHandler@6f68756d{/logs,file:///workdir/hadoop-ozone/integration-test/target/log,AVAILABLE}
2019-08-08 03:47:07,691 INFO  handler.ContextHandler (ContextHandler.java:doStart(781)) - Started o.e.j.s.ServletContextHandler@5d9bb69b{/static,jar:file:/home/user/.m2/repository/org/apache/hadoop/hadoop-hdds-container-service/0.4.1-SNAPSHOT/hadoop-hdds-container-service-0.4.1-SNAPSHOT.jar!/webapps/static,AVAILABLE}
2019-08-08 03:47:07,719 INFO  handler.ContextHandler (ContextHandler.java:doStart(781)) - Started o.e.j.w.WebAppContext@26d73519{/,file:///tmp/jetty-0.0.0.0-39485-hddsDatanode-_-any-4748023516054347030.dir/webapp/,AVAILABLE}{/hddsDatanode}
2019-08-08 03:47:07,719 INFO  server.AbstractConnector (AbstractConnector.java:doStart(278)) - Started ServerConnector@48af5f38{HTTP/1.1,[http/1.1]}{0.0.0.0:39485}
2019-08-08 03:47:07,721 INFO  server.Server (Server.java:doStart(419)) - Started @55967ms
2019-08-08 03:47:07,721 INFO  server.BaseHttpServer (BaseHttpServer.java:updateConnectorAddress(207)) - HTTP server of HDDSDATANODE is listening at http://0.0.0.0:39485
2019-08-08 03:47:07,843 INFO  ozone.HddsDatanodeService (HddsDatanodeService.java:startPlugins(395)) - Started plug-in org.apache.hadoop.ozone.web.OzoneHddsDatanodeService@71262020
2019-08-08 03:47:07,843 INFO  impl.MetricsSystemImpl (MetricsSystemImpl.java:init(158)) - HddsDatanode metrics system started (again)
2019-08-08 03:47:07,849 INFO  util.JvmPauseMonitor (JvmPauseMonitor.java:run(188)) - Starting JVM pause monitor
2019-08-08 03:47:07,849 INFO  ozone.HddsDatanodeService (HddsDatanodeService.java:start(184)) - HddsDatanodeService host:byscane-nightly-5b87q-1102612012 ip:192.168.5.133
2019-08-08 03:47:07,851 INFO  datanode.InitDatanodeState (InitDatanodeState.java:persistContainerDatanodeDetails(140)) - DatanodeDetails is persisted to /workdir/hadoop-ozone/integration-test/target/test-dir/MiniOzoneClusterImpl-7ca575dc-1199-4ed1-bcd1-a36870a62ff3/datanode-3/meta/datanode.id
2019-08-08 03:47:07,857 INFO  volume.HddsVolume (HddsVolume.java:<init>(176)) - Creating Volume: /workdir/hadoop-ozone/integration-test/target/test-dir/MiniOzoneClusterImpl-7ca575dc-1199-4ed1-bcd1-a36870a62ff3/datanode-4/data/containers/hdds of  storage type : DISK and capacity : 52710309888
2019-08-08 03:47:07,857 INFO  volume.VolumeSet (VolumeSet.java:initializeVolumeSet(170)) - Added Volume : /workdir/hadoop-ozone/integration-test/target/test-dir/MiniOzoneClusterImpl-7ca575dc-1199-4ed1-bcd1-a36870a62ff3/datanode-4/data/containers/hdds to VolumeSet
2019-08-08 03:47:07,857 INFO  volume.ThrottledAsyncChecker (ThrottledAsyncChecker.java:schedule(140)) - Scheduling a check for org.apache.hadoop.ozone.container.common.volume.HddsVolume@3221588e
2019-08-08 03:47:07,858 INFO  volume.HddsVolumeChecker (HddsVolumeChecker.java:checkAllVolumes(203)) - Scheduled health check for volume org.apache.hadoop.ozone.container.common.volume.HddsVolume@3221588e
2019-08-08 03:47:08,045 INFO  impl.RaftServerProxy (ConfUtils.java:logGet(43)) - raft.rpc.type = GRPC (default)
2019-08-08 03:47:08,045 INFO  grpc.GrpcFactory (GrpcFactory.java:checkPooledByteBufAllocatorUseCacheForAllThreads(45)) - PERFORMANCE WARNING: useCacheForAllThreads is true that may cause Netty to create a lot garbage objects and, as a result, trigger GC.
	It is recommended to disable useCacheForAllThreads by setting -Dorg.apache.ratis.thirdparty.io.netty.allocator.useCacheForAllThreads=false in command line.
2019-08-08 03:47:08,045 INFO  grpc.GrpcConfigKeys$Server (ConfUtils.java:logGet(43)) - raft.grpc.server.port = 0 (default)
2019-08-08 03:47:08,046 INFO  server.GrpcService (ConfUtils.java:logGet(43)) - raft.grpc.message.size.max = 33570816 (custom)
2019-08-08 03:47:08,046 INFO  server.RaftServerConfigKeys (ConfUtils.java:logGet(43)) - raft.server.log.appender.buffer.byte-limit = 33554432 (custom)
2019-08-08 03:47:08,046 INFO  server.GrpcService (ConfUtils.java:logGet(43)) - raft.grpc.flow.control.window = 1MB (=1048576) (default)
2019-08-08 03:47:08,046 INFO  server.RaftServerConfigKeys (ConfUtils.java:logGet(43)) - raft.server.rpc.request.timeout = 3000ms (default)
2019-08-08 03:47:08,047 INFO  server.RaftServerConfigKeys (ConfUtils.java:logGet(43)) - raft.server.storage.dir = [/workdir/hadoop-ozone/integration-test/target/test-dir/MiniOzoneClusterImpl-7ca575dc-1199-4ed1-bcd1-a36870a62ff3/datanode-4/data/ratis] (custom)
2019-08-08 03:47:08,047 INFO  replication.SimpleContainerDownloader (SimpleContainerDownloader.java:<init>(72)) - Starting container downloader service to copy containers to replicate.
2019-08-08 03:47:08,049 INFO  hdfs.DFSUtil (DFSUtil.java:httpServerTemplateForNNAndJN(1641)) - Starting Web-server for hddsDatanode at: http://0.0.0.0:0
2019-08-08 03:47:08,051 INFO  server.AuthenticationFilter (AuthenticationFilter.java:constructSecretProvider(240)) - Unable to initialize FileSignerSecretProvider, falling back to use random secrets.
2019-08-08 03:47:08,052 WARN  http.HttpRequestLog (HttpRequestLog.java:getRequestLog(97)) - Jetty request log can only be enabled using Log4j
2019-08-08 03:47:08,054 INFO  http.HttpServer2 (HttpServer2.java:addGlobalFilter(975)) - Added global filter 'safety' (class=org.apache.hadoop.http.HttpServer2$QuotingInputFilter)
2019-08-08 03:47:08,055 INFO  http.HttpServer2 (HttpServer2.java:addFilter(948)) - Added filter static_user_filter (class=org.apache.hadoop.http.lib.StaticUserWebFilter$StaticUserFilter) to context hddsDatanode
2019-08-08 03:47:08,055 INFO  http.HttpServer2 (HttpServer2.java:addFilter(958)) - Added filter static_user_filter (class=org.apache.hadoop.http.lib.StaticUserWebFilter$StaticUserFilter) to context logs
2019-08-08 03:47:08,055 INFO  http.HttpServer2 (HttpServer2.java:addFilter(958)) - Added filter static_user_filter (class=org.apache.hadoop.http.lib.StaticUserWebFilter$StaticUserFilter) to context static
2019-08-08 03:47:08,056 INFO  http.HttpServer2 (HttpServer2.java:bindListener(1191)) - Jetty bound to port 45840
2019-08-08 03:47:08,056 INFO  server.Server (Server.java:doStart(351)) - jetty-9.3.24.v20180605, build timestamp: 2018-06-05T17:11:56Z, git hash: 84205aa28f11a4f31f2a3b86d1bba2cc8ab69827
2019-08-08 03:47:08,059 INFO  handler.ContextHandler (ContextHandler.java:doStart(781)) - Started o.e.j.s.ServletContextHandler@eb1d475{/logs,file:///workdir/hadoop-ozone/integration-test/target/log,AVAILABLE}
2019-08-08 03:47:08,060 INFO  handler.ContextHandler (ContextHandler.java:doStart(781)) - Started o.e.j.s.ServletContextHandler@718f3088{/static,jar:file:/home/user/.m2/repository/org/apache/hadoop/hadoop-hdds-container-service/0.4.1-SNAPSHOT/hadoop-hdds-container-service-0.4.1-SNAPSHOT.jar!/webapps/static,AVAILABLE}
2019-08-08 03:47:08,100 INFO  handler.ContextHandler (ContextHandler.java:doStart(781)) - Started o.e.j.w.WebAppContext@3cad24ae{/,file:///tmp/jetty-0.0.0.0-45840-hddsDatanode-_-any-1750595330411866337.dir/webapp/,AVAILABLE}{/hddsDatanode}
2019-08-08 03:47:08,101 INFO  server.AbstractConnector (AbstractConnector.java:doStart(278)) - Started ServerConnector@58021c3c{HTTP/1.1,[http/1.1]}{0.0.0.0:45840}
2019-08-08 03:47:08,102 INFO  server.Server (Server.java:doStart(419)) - Started @56348ms
2019-08-08 03:47:08,103 INFO  server.BaseHttpServer (BaseHttpServer.java:updateConnectorAddress(207)) - HTTP server of HDDSDATANODE is listening at http://0.0.0.0:45840
2019-08-08 03:47:08,217 INFO  ozone.HddsDatanodeService (HddsDatanodeService.java:startPlugins(395)) - Started plug-in org.apache.hadoop.ozone.web.OzoneHddsDatanodeService@18a0721b
2019-08-08 03:47:08,217 INFO  impl.MetricsSystemImpl (MetricsSystemImpl.java:init(158)) - HddsDatanode metrics system started (again)
2019-08-08 03:47:08,223 INFO  util.JvmPauseMonitor (JvmPauseMonitor.java:run(188)) - Starting JVM pause monitor
2019-08-08 03:47:08,223 INFO  ozone.HddsDatanodeService (HddsDatanodeService.java:start(184)) - HddsDatanodeService host:byscane-nightly-5b87q-1102612012 ip:192.168.5.133
2019-08-08 03:47:08,225 INFO  datanode.InitDatanodeState (InitDatanodeState.java:persistContainerDatanodeDetails(140)) - DatanodeDetails is persisted to /workdir/hadoop-ozone/integration-test/target/test-dir/MiniOzoneClusterImpl-7ca575dc-1199-4ed1-bcd1-a36870a62ff3/datanode-4/meta/datanode.id
2019-08-08 03:47:08,231 INFO  volume.HddsVolume (HddsVolume.java:<init>(176)) - Creating Volume: /workdir/hadoop-ozone/integration-test/target/test-dir/MiniOzoneClusterImpl-7ca575dc-1199-4ed1-bcd1-a36870a62ff3/datanode-5/data/containers/hdds of  storage type : DISK and capacity : 52710309888
2019-08-08 03:47:08,231 INFO  volume.VolumeSet (VolumeSet.java:initializeVolumeSet(170)) - Added Volume : /workdir/hadoop-ozone/integration-test/target/test-dir/MiniOzoneClusterImpl-7ca575dc-1199-4ed1-bcd1-a36870a62ff3/datanode-5/data/containers/hdds to VolumeSet
2019-08-08 03:47:08,231 INFO  volume.ThrottledAsyncChecker (ThrottledAsyncChecker.java:schedule(140)) - Scheduling a check for org.apache.hadoop.ozone.container.common.volume.HddsVolume@6b6fd0
2019-08-08 03:47:08,232 INFO  volume.HddsVolumeChecker (HddsVolumeChecker.java:checkAllVolumes(203)) - Scheduled health check for volume org.apache.hadoop.ozone.container.common.volume.HddsVolume@6b6fd0
2019-08-08 03:47:08,251 INFO  impl.RaftServerProxy (ConfUtils.java:logGet(43)) - raft.rpc.type = GRPC (default)
2019-08-08 03:47:08,251 INFO  grpc.GrpcFactory (GrpcFactory.java:checkPooledByteBufAllocatorUseCacheForAllThreads(45)) - PERFORMANCE WARNING: useCacheForAllThreads is true that may cause Netty to create a lot garbage objects and, as a result, trigger GC.
	It is recommended to disable useCacheForAllThreads by setting -Dorg.apache.ratis.thirdparty.io.netty.allocator.useCacheForAllThreads=false in command line.
2019-08-08 03:47:08,251 INFO  grpc.GrpcConfigKeys$Server (ConfUtils.java:logGet(43)) - raft.grpc.server.port = 0 (default)
2019-08-08 03:47:08,251 INFO  server.GrpcService (ConfUtils.java:logGet(43)) - raft.grpc.message.size.max = 33570816 (custom)
2019-08-08 03:47:08,252 INFO  server.RaftServerConfigKeys (ConfUtils.java:logGet(43)) - raft.server.log.appender.buffer.byte-limit = 33554432 (custom)
2019-08-08 03:47:08,252 INFO  server.GrpcService (ConfUtils.java:logGet(43)) - raft.grpc.flow.control.window = 1MB (=1048576) (default)
2019-08-08 03:47:08,252 INFO  server.RaftServerConfigKeys (ConfUtils.java:logGet(43)) - raft.server.rpc.request.timeout = 3000ms (default)
2019-08-08 03:47:08,252 INFO  server.RaftServerConfigKeys (ConfUtils.java:logGet(43)) - raft.server.storage.dir = [/workdir/hadoop-ozone/integration-test/target/test-dir/MiniOzoneClusterImpl-7ca575dc-1199-4ed1-bcd1-a36870a62ff3/datanode-5/data/ratis] (custom)
2019-08-08 03:47:08,253 INFO  replication.SimpleContainerDownloader (SimpleContainerDownloader.java:<init>(72)) - Starting container downloader service to copy containers to replicate.
2019-08-08 03:47:08,254 INFO  hdfs.DFSUtil (DFSUtil.java:httpServerTemplateForNNAndJN(1641)) - Starting Web-server for hddsDatanode at: http://0.0.0.0:0
2019-08-08 03:47:08,255 INFO  server.AuthenticationFilter (AuthenticationFilter.java:constructSecretProvider(240)) - Unable to initialize FileSignerSecretProvider, falling back to use random secrets.
2019-08-08 03:47:08,256 WARN  http.HttpRequestLog (HttpRequestLog.java:getRequestLog(97)) - Jetty request log can only be enabled using Log4j
2019-08-08 03:47:08,257 INFO  http.HttpServer2 (HttpServer2.java:addGlobalFilter(975)) - Added global filter 'safety' (class=org.apache.hadoop.http.HttpServer2$QuotingInputFilter)
2019-08-08 03:47:08,258 INFO  http.HttpServer2 (HttpServer2.java:addFilter(948)) - Added filter static_user_filter (class=org.apache.hadoop.http.lib.StaticUserWebFilter$StaticUserFilter) to context hddsDatanode
2019-08-08 03:47:08,258 INFO  http.HttpServer2 (HttpServer2.java:addFilter(958)) - Added filter static_user_filter (class=org.apache.hadoop.http.lib.StaticUserWebFilter$StaticUserFilter) to context logs
2019-08-08 03:47:08,258 INFO  http.HttpServer2 (HttpServer2.java:addFilter(958)) - Added filter static_user_filter (class=org.apache.hadoop.http.lib.StaticUserWebFilter$StaticUserFilter) to context static
2019-08-08 03:47:08,259 INFO  http.HttpServer2 (HttpServer2.java:bindListener(1191)) - Jetty bound to port 41123
2019-08-08 03:47:08,259 INFO  server.Server (Server.java:doStart(351)) - jetty-9.3.24.v20180605, build timestamp: 2018-06-05T17:11:56Z, git hash: 84205aa28f11a4f31f2a3b86d1bba2cc8ab69827
2019-08-08 03:47:08,260 INFO  handler.ContextHandler (ContextHandler.java:doStart(781)) - Started o.e.j.s.ServletContextHandler@6bdedbbd{/logs,file:///workdir/hadoop-ozone/integration-test/target/log,AVAILABLE}
2019-08-08 03:47:08,261 INFO  handler.ContextHandler (ContextHandler.java:doStart(781)) - Started o.e.j.s.ServletContextHandler@d2cb2d0{/static,jar:file:/home/user/.m2/repository/org/apache/hadoop/hadoop-hdds-container-service/0.4.1-SNAPSHOT/hadoop-hdds-container-service-0.4.1-SNAPSHOT.jar!/webapps/static,AVAILABLE}
2019-08-08 03:47:08,290 INFO  handler.ContextHandler (ContextHandler.java:doStart(781)) - Started o.e.j.w.WebAppContext@7976e536{/,file:///tmp/jetty-0.0.0.0-41123-hddsDatanode-_-any-2254728052471726968.dir/webapp/,AVAILABLE}{/hddsDatanode}
2019-08-08 03:47:08,291 INFO  server.AbstractConnector (AbstractConnector.java:doStart(278)) - Started ServerConnector@670a4738{HTTP/1.1,[http/1.1]}{0.0.0.0:41123}
2019-08-08 03:47:08,292 INFO  server.Server (Server.java:doStart(419)) - Started @56538ms
2019-08-08 03:47:08,293 INFO  server.BaseHttpServer (BaseHttpServer.java:updateConnectorAddress(207)) - HTTP server of HDDSDATANODE is listening at http://0.0.0.0:41123
2019-08-08 03:47:08,450 INFO  ozone.HddsDatanodeService (HddsDatanodeService.java:startPlugins(395)) - Started plug-in org.apache.hadoop.ozone.web.OzoneHddsDatanodeService@20a946d9
2019-08-08 03:47:08,451 INFO  impl.MetricsSystemImpl (MetricsSystemImpl.java:init(158)) - HddsDatanode metrics system started (again)
2019-08-08 03:47:08,457 INFO  util.JvmPauseMonitor (JvmPauseMonitor.java:run(188)) - Starting JVM pause monitor
2019-08-08 03:47:08,457 INFO  ozone.HddsDatanodeService (HddsDatanodeService.java:start(184)) - HddsDatanodeService host:byscane-nightly-5b87q-1102612012 ip:192.168.5.133
2019-08-08 03:47:08,460 INFO  datanode.InitDatanodeState (InitDatanodeState.java:persistContainerDatanodeDetails(140)) - DatanodeDetails is persisted to /workdir/hadoop-ozone/integration-test/target/test-dir/MiniOzoneClusterImpl-7ca575dc-1199-4ed1-bcd1-a36870a62ff3/datanode-5/meta/datanode.id
2019-08-08 03:47:08,466 INFO  volume.HddsVolume (HddsVolume.java:<init>(176)) - Creating Volume: /workdir/hadoop-ozone/integration-test/target/test-dir/MiniOzoneClusterImpl-7ca575dc-1199-4ed1-bcd1-a36870a62ff3/datanode-6/data/containers/hdds of  storage type : DISK and capacity : 52710309888
2019-08-08 03:47:08,466 INFO  volume.VolumeSet (VolumeSet.java:initializeVolumeSet(170)) - Added Volume : /workdir/hadoop-ozone/integration-test/target/test-dir/MiniOzoneClusterImpl-7ca575dc-1199-4ed1-bcd1-a36870a62ff3/datanode-6/data/containers/hdds to VolumeSet
2019-08-08 03:47:08,466 INFO  volume.ThrottledAsyncChecker (ThrottledAsyncChecker.java:schedule(140)) - Scheduling a check for org.apache.hadoop.ozone.container.common.volume.HddsVolume@611a2d82
2019-08-08 03:47:08,467 INFO  volume.HddsVolumeChecker (HddsVolumeChecker.java:checkAllVolumes(203)) - Scheduled health check for volume org.apache.hadoop.ozone.container.common.volume.HddsVolume@611a2d82
2019-08-08 03:47:08,482 INFO  impl.RaftServerProxy (ConfUtils.java:logGet(43)) - raft.rpc.type = GRPC (default)
2019-08-08 03:47:08,482 INFO  grpc.GrpcFactory (GrpcFactory.java:checkPooledByteBufAllocatorUseCacheForAllThreads(45)) - PERFORMANCE WARNING: useCacheForAllThreads is true that may cause Netty to create a lot garbage objects and, as a result, trigger GC.
	It is recommended to disable useCacheForAllThreads by setting -Dorg.apache.ratis.thirdparty.io.netty.allocator.useCacheForAllThreads=false in command line.
2019-08-08 03:47:08,482 INFO  grpc.GrpcConfigKeys$Server (ConfUtils.java:logGet(43)) - raft.grpc.server.port = 0 (default)
2019-08-08 03:47:08,482 INFO  server.GrpcService (ConfUtils.java:logGet(43)) - raft.grpc.message.size.max = 33570816 (custom)
2019-08-08 03:47:08,482 INFO  server.RaftServerConfigKeys (ConfUtils.java:logGet(43)) - raft.server.log.appender.buffer.byte-limit = 33554432 (custom)
2019-08-08 03:47:08,483 INFO  server.GrpcService (ConfUtils.java:logGet(43)) - raft.grpc.flow.control.window = 1MB (=1048576) (default)
2019-08-08 03:47:08,483 INFO  server.RaftServerConfigKeys (ConfUtils.java:logGet(43)) - raft.server.rpc.request.timeout = 3000ms (default)
2019-08-08 03:47:08,483 INFO  server.RaftServerConfigKeys (ConfUtils.java:logGet(43)) - raft.server.storage.dir = [/workdir/hadoop-ozone/integration-test/target/test-dir/MiniOzoneClusterImpl-7ca575dc-1199-4ed1-bcd1-a36870a62ff3/datanode-6/data/ratis] (custom)
2019-08-08 03:47:08,484 INFO  replication.SimpleContainerDownloader (SimpleContainerDownloader.java:<init>(72)) - Starting container downloader service to copy containers to replicate.
2019-08-08 03:47:08,485 INFO  hdfs.DFSUtil (DFSUtil.java:httpServerTemplateForNNAndJN(1641)) - Starting Web-server for hddsDatanode at: http://0.0.0.0:0
2019-08-08 03:47:08,487 INFO  server.AuthenticationFilter (AuthenticationFilter.java:constructSecretProvider(240)) - Unable to initialize FileSignerSecretProvider, falling back to use random secrets.
2019-08-08 03:47:08,488 WARN  http.HttpRequestLog (HttpRequestLog.java:getRequestLog(97)) - Jetty request log can only be enabled using Log4j
2019-08-08 03:47:08,489 INFO  http.HttpServer2 (HttpServer2.java:addGlobalFilter(975)) - Added global filter 'safety' (class=org.apache.hadoop.http.HttpServer2$QuotingInputFilter)
2019-08-08 03:47:08,490 INFO  http.HttpServer2 (HttpServer2.java:addFilter(948)) - Added filter static_user_filter (class=org.apache.hadoop.http.lib.StaticUserWebFilter$StaticUserFilter) to context hddsDatanode
2019-08-08 03:47:08,490 INFO  http.HttpServer2 (HttpServer2.java:addFilter(958)) - Added filter static_user_filter (class=org.apache.hadoop.http.lib.StaticUserWebFilter$StaticUserFilter) to context logs
2019-08-08 03:47:08,490 INFO  http.HttpServer2 (HttpServer2.java:addFilter(958)) - Added filter static_user_filter (class=org.apache.hadoop.http.lib.StaticUserWebFilter$StaticUserFilter) to context static
2019-08-08 03:47:08,491 INFO  http.HttpServer2 (HttpServer2.java:bindListener(1191)) - Jetty bound to port 43183
2019-08-08 03:47:08,491 INFO  server.Server (Server.java:doStart(351)) - jetty-9.3.24.v20180605, build timestamp: 2018-06-05T17:11:56Z, git hash: 84205aa28f11a4f31f2a3b86d1bba2cc8ab69827
2019-08-08 03:47:08,493 INFO  handler.ContextHandler (ContextHandler.java:doStart(781)) - Started o.e.j.s.ServletContextHandler@63d0e8d{/logs,file:///workdir/hadoop-ozone/integration-test/target/log,AVAILABLE}
2019-08-08 03:47:08,493 INFO  handler.ContextHandler (ContextHandler.java:doStart(781)) - Started o.e.j.s.ServletContextHandler@1dd443c1{/static,jar:file:/home/user/.m2/repository/org/apache/hadoop/hadoop-hdds-container-service/0.4.1-SNAPSHOT/hadoop-hdds-container-service-0.4.1-SNAPSHOT.jar!/webapps/static,AVAILABLE}
2019-08-08 03:47:08,521 INFO  handler.ContextHandler (ContextHandler.java:doStart(781)) - Started o.e.j.w.WebAppContext@213ceb4e{/,file:///tmp/jetty-0.0.0.0-43183-hddsDatanode-_-any-5527240222037823612.dir/webapp/,AVAILABLE}{/hddsDatanode}
2019-08-08 03:47:08,521 INFO  server.AbstractConnector (AbstractConnector.java:doStart(278)) - Started ServerConnector@23c72128{HTTP/1.1,[http/1.1]}{0.0.0.0:43183}
2019-08-08 03:47:08,523 INFO  server.Server (Server.java:doStart(419)) - Started @56769ms
2019-08-08 03:47:08,523 INFO  server.BaseHttpServer (BaseHttpServer.java:updateConnectorAddress(207)) - HTTP server of HDDSDATANODE is listening at http://0.0.0.0:43183
2019-08-08 03:47:08,637 INFO  ozone.HddsDatanodeService (HddsDatanodeService.java:startPlugins(395)) - Started plug-in org.apache.hadoop.ozone.web.OzoneHddsDatanodeService@1e50eb3f
2019-08-08 03:47:08,637 INFO  ozone.MiniOzoneClusterImpl (MiniOzoneClusterImpl.java:lambda$waitForClusterToBeReady$0(142)) - Waiting for cluster to be ready. Got 0 of 7 DN Heartbeats.
2019-08-08 03:47:08,642 INFO  util.JvmPauseMonitor (JvmPauseMonitor.java:run(188)) - Starting JVM pause monitor
2019-08-08 03:47:08,644 INFO  datanode.InitDatanodeState (InitDatanodeState.java:persistContainerDatanodeDetails(140)) - DatanodeDetails is persisted to /workdir/hadoop-ozone/integration-test/target/test-dir/MiniOzoneClusterImpl-7ca575dc-1199-4ed1-bcd1-a36870a62ff3/datanode-6/meta/datanode.id
2019-08-08 03:47:09,245 INFO  ozoneimpl.OzoneContainer (OzoneContainer.java:start(186)) - Attempting to start container services.
2019-08-08 03:47:09,248 INFO  ozoneimpl.OzoneContainer (OzoneContainer.java:startContainerScrub(160)) - Background container scrubber has been disabled by hdds.containerscrub.enabled
2019-08-08 03:47:09,248 INFO  ratis.XceiverServerRatis (XceiverServerRatis.java:start(404)) - Starting XceiverServerRatis 7b92e4f9-0792-4d55-98da-1f974f6e97d6 at port 0
2019-08-08 03:47:09,259 INFO  impl.RaftServerProxy (RaftServerProxy.java:lambda$start$3(299)) - 7b92e4f9-0792-4d55-98da-1f974f6e97d6: start RPC server
2019-08-08 03:47:09,261 INFO  server.GrpcService (GrpcService.java:startImpl(149)) - 7b92e4f9-0792-4d55-98da-1f974f6e97d6: GrpcService started, listening on 0.0.0.0/0.0.0.0:33634
2019-08-08 03:47:09,262 INFO  ratis.XceiverServerRatis (XceiverServerRatis.java:start(414)) - XceiverServerRatis 7b92e4f9-0792-4d55-98da-1f974f6e97d6 is started using port 33634
2019-08-08 03:47:09,263 INFO  server.XceiverServerGrpc (XceiverServerGrpc.java:start(161)) - XceiverServerGrpc 7b92e4f9-0792-4d55-98da-1f974f6e97d6 is started using port 41551
2019-08-08 03:47:09,446 INFO  ozoneimpl.OzoneContainer (OzoneContainer.java:start(186)) - Attempting to start container services.
2019-08-08 03:47:09,449 INFO  ozoneimpl.OzoneContainer (OzoneContainer.java:startContainerScrub(160)) - Background container scrubber has been disabled by hdds.containerscrub.enabled
2019-08-08 03:47:09,449 INFO  ratis.XceiverServerRatis (XceiverServerRatis.java:start(404)) - Starting XceiverServerRatis e864378d-96a5-4915-ae22-eb92971c1f9d at port 0
2019-08-08 03:47:09,460 INFO  impl.RaftServerProxy (RaftServerProxy.java:lambda$start$3(299)) - e864378d-96a5-4915-ae22-eb92971c1f9d: start RPC server
2019-08-08 03:47:09,463 INFO  server.GrpcService (GrpcService.java:startImpl(149)) - e864378d-96a5-4915-ae22-eb92971c1f9d: GrpcService started, listening on 0.0.0.0/0.0.0.0:35042
2019-08-08 03:47:09,463 INFO  ratis.XceiverServerRatis (XceiverServerRatis.java:start(414)) - XceiverServerRatis e864378d-96a5-4915-ae22-eb92971c1f9d is started using port 35042
2019-08-08 03:47:09,472 INFO  server.XceiverServerGrpc (XceiverServerGrpc.java:start(161)) - XceiverServerGrpc e864378d-96a5-4915-ae22-eb92971c1f9d is started using port 34308
2019-08-08 03:47:09,640 INFO  ozone.MiniOzoneClusterImpl (MiniOzoneClusterImpl.java:lambda$waitForClusterToBeReady$0(142)) - Waiting for cluster to be ready. Got 0 of 7 DN Heartbeats.
2019-08-08 03:47:09,660 INFO  ozoneimpl.OzoneContainer (OzoneContainer.java:start(186)) - Attempting to start container services.
2019-08-08 03:47:09,664 INFO  ozoneimpl.OzoneContainer (OzoneContainer.java:startContainerScrub(160)) - Background container scrubber has been disabled by hdds.containerscrub.enabled
2019-08-08 03:47:09,664 INFO  ratis.XceiverServerRatis (XceiverServerRatis.java:start(404)) - Starting XceiverServerRatis 02d56343-07ef-4e0c-96c7-d21ae89378ad at port 0
2019-08-08 03:47:09,673 INFO  impl.RaftServerProxy (RaftServerProxy.java:lambda$start$3(299)) - 02d56343-07ef-4e0c-96c7-d21ae89378ad: start RPC server
2019-08-08 03:47:09,674 INFO  server.GrpcService (GrpcService.java:startImpl(149)) - 02d56343-07ef-4e0c-96c7-d21ae89378ad: GrpcService started, listening on 0.0.0.0/0.0.0.0:34665
2019-08-08 03:47:09,674 INFO  ratis.XceiverServerRatis (XceiverServerRatis.java:start(414)) - XceiverServerRatis 02d56343-07ef-4e0c-96c7-d21ae89378ad is started using port 34665
2019-08-08 03:47:09,684 INFO  server.XceiverServerGrpc (XceiverServerGrpc.java:start(161)) - XceiverServerGrpc 02d56343-07ef-4e0c-96c7-d21ae89378ad is started using port 45514
2019-08-08 03:47:09,855 INFO  ozoneimpl.OzoneContainer (OzoneContainer.java:start(186)) - Attempting to start container services.
2019-08-08 03:47:09,864 INFO  ozoneimpl.OzoneContainer (OzoneContainer.java:startContainerScrub(160)) - Background container scrubber has been disabled by hdds.containerscrub.enabled
2019-08-08 03:47:09,865 INFO  ratis.XceiverServerRatis (XceiverServerRatis.java:start(404)) - Starting XceiverServerRatis 8cb70791-4ae6-4613-8802-e5f9409d5895 at port 0
2019-08-08 03:47:09,874 INFO  impl.RaftServerProxy (RaftServerProxy.java:lambda$start$3(299)) - 8cb70791-4ae6-4613-8802-e5f9409d5895: start RPC server
2019-08-08 03:47:09,875 INFO  server.GrpcService (GrpcService.java:startImpl(149)) - 8cb70791-4ae6-4613-8802-e5f9409d5895: GrpcService started, listening on 0.0.0.0/0.0.0.0:34937
2019-08-08 03:47:09,875 INFO  ratis.XceiverServerRatis (XceiverServerRatis.java:start(414)) - XceiverServerRatis 8cb70791-4ae6-4613-8802-e5f9409d5895 is started using port 34937
2019-08-08 03:47:09,876 INFO  server.XceiverServerGrpc (XceiverServerGrpc.java:start(161)) - XceiverServerGrpc 8cb70791-4ae6-4613-8802-e5f9409d5895 is started using port 42026
2019-08-08 03:47:10,230 INFO  ozoneimpl.OzoneContainer (OzoneContainer.java:start(186)) - Attempting to start container services.
2019-08-08 03:47:10,230 INFO  ozoneimpl.OzoneContainer (OzoneContainer.java:startContainerScrub(160)) - Background container scrubber has been disabled by hdds.containerscrub.enabled
2019-08-08 03:47:10,230 INFO  ratis.XceiverServerRatis (XceiverServerRatis.java:start(404)) - Starting XceiverServerRatis 6070a69d-a2e3-4a95-b4eb-67cafca61360 at port 0
2019-08-08 03:47:10,240 INFO  impl.RaftServerProxy (RaftServerProxy.java:lambda$start$3(299)) - 6070a69d-a2e3-4a95-b4eb-67cafca61360: start RPC server
2019-08-08 03:47:10,242 INFO  server.GrpcService (GrpcService.java:startImpl(149)) - 6070a69d-a2e3-4a95-b4eb-67cafca61360: GrpcService started, listening on 0.0.0.0/0.0.0.0:41722
2019-08-08 03:47:10,242 INFO  ratis.XceiverServerRatis (XceiverServerRatis.java:start(414)) - XceiverServerRatis 6070a69d-a2e3-4a95-b4eb-67cafca61360 is started using port 41722
2019-08-08 03:47:10,246 INFO  server.XceiverServerGrpc (XceiverServerGrpc.java:start(161)) - XceiverServerGrpc 6070a69d-a2e3-4a95-b4eb-67cafca61360 is started using port 37816
2019-08-08 03:47:10,471 INFO  ozoneimpl.OzoneContainer (OzoneContainer.java:start(186)) - Attempting to start container services.
2019-08-08 03:47:10,471 INFO  ozoneimpl.OzoneContainer (OzoneContainer.java:startContainerScrub(160)) - Background container scrubber has been disabled by hdds.containerscrub.enabled
2019-08-08 03:47:10,471 INFO  ratis.XceiverServerRatis (XceiverServerRatis.java:start(404)) - Starting XceiverServerRatis 981f4f9a-b234-451d-b85b-0c6ec9e8e4b6 at port 0
2019-08-08 03:47:10,481 INFO  impl.RaftServerProxy (RaftServerProxy.java:lambda$start$3(299)) - 981f4f9a-b234-451d-b85b-0c6ec9e8e4b6: start RPC server
2019-08-08 03:47:10,484 INFO  server.GrpcService (GrpcService.java:startImpl(149)) - 981f4f9a-b234-451d-b85b-0c6ec9e8e4b6: GrpcService started, listening on 0.0.0.0/0.0.0.0:44048
2019-08-08 03:47:10,484 INFO  ratis.XceiverServerRatis (XceiverServerRatis.java:start(414)) - XceiverServerRatis 981f4f9a-b234-451d-b85b-0c6ec9e8e4b6 is started using port 44048
2019-08-08 03:47:10,487 INFO  server.XceiverServerGrpc (XceiverServerGrpc.java:start(161)) - XceiverServerGrpc 981f4f9a-b234-451d-b85b-0c6ec9e8e4b6 is started using port 33078
2019-08-08 03:47:10,641 INFO  ozone.MiniOzoneClusterImpl (MiniOzoneClusterImpl.java:lambda$waitForClusterToBeReady$0(142)) - Waiting for cluster to be ready. Got 0 of 7 DN Heartbeats.
2019-08-08 03:47:10,648 INFO  ozoneimpl.OzoneContainer (OzoneContainer.java:start(186)) - Attempting to start container services.
2019-08-08 03:47:10,648 INFO  ozoneimpl.OzoneContainer (OzoneContainer.java:startContainerScrub(160)) - Background container scrubber has been disabled by hdds.containerscrub.enabled
2019-08-08 03:47:10,648 INFO  ratis.XceiverServerRatis (XceiverServerRatis.java:start(404)) - Starting XceiverServerRatis 9c10512b-86cb-40aa-9257-830e95186eb0 at port 0
2019-08-08 03:47:10,657 INFO  impl.RaftServerProxy (RaftServerProxy.java:lambda$start$3(299)) - 9c10512b-86cb-40aa-9257-830e95186eb0: start RPC server
2019-08-08 03:47:10,659 INFO  server.GrpcService (GrpcService.java:startImpl(149)) - 9c10512b-86cb-40aa-9257-830e95186eb0: GrpcService started, listening on 0.0.0.0/0.0.0.0:39683
2019-08-08 03:47:10,659 INFO  ratis.XceiverServerRatis (XceiverServerRatis.java:start(414)) - XceiverServerRatis 9c10512b-86cb-40aa-9257-830e95186eb0 is started using port 39683
2019-08-08 03:47:10,659 INFO  server.XceiverServerGrpc (XceiverServerGrpc.java:start(161)) - XceiverServerGrpc 9c10512b-86cb-40aa-9257-830e95186eb0 is started using port 34034
2019-08-08 03:47:11,228 INFO  net.NetworkTopology (NetworkTopologyImpl.java:add(110)) - Added a new node: /default-rack/7b92e4f9-0792-4d55-98da-1f974f6e97d6
2019-08-08 03:47:11,231 INFO  node.SCMNodeManager (SCMNodeManager.java:register(273)) - Registered Data node : 7b92e4f9-0792-4d55-98da-1f974f6e97d6{ip: 192.168.5.133, host: byscane-nightly-5b87q-1102612012, networkLocation: /default-rack, certSerialId: null}
2019-08-08 03:47:11,232 INFO  safemode.SCMSafeModeManager (DataNodeSafeModeRule.java:process(71)) - SCM in safe mode. 1 DataNodes registered, 1 required.
2019-08-08 03:47:11,237 INFO  safemode.SCMSafeModeManager (SCMSafeModeManager.java:validateSafeModeExitRules(177)) - ScmSafeModeManager, all rules are successfully validated
2019-08-08 03:47:11,237 INFO  safemode.SCMSafeModeManager (SCMSafeModeManager.java:exitSafeMode(193)) - SCM exiting safe mode.
2019-08-08 03:47:11,255 INFO  impl.RaftServerProxy (RaftServerProxy.java:addNew(89)) - 7b92e4f9-0792-4d55-98da-1f974f6e97d6: addNew group-776101046397:[7b92e4f9-0792-4d55-98da-1f974f6e97d6:192.168.5.133:33634] returns group-776101046397:java.util.concurrent.CompletableFuture@526fc031[Not completed]
2019-08-08 03:47:11,258 INFO  impl.RaftServerImpl (RaftServerImpl.java:<init>(93)) - 7b92e4f9-0792-4d55-98da-1f974f6e97d6: new RaftServerImpl for group-776101046397:[7b92e4f9-0792-4d55-98da-1f974f6e97d6:192.168.5.133:33634] with ContainerStateMachine:uninitialized
2019-08-08 03:47:11,258 INFO  server.RaftServerConfigKeys (ConfUtils.java:logGet(43)) - raft.server.rpc.timeout.min = 5s (custom)
2019-08-08 03:47:11,258 INFO  server.RaftServerConfigKeys (ConfUtils.java:logGet(43)) - raft.server.rpc.timeout.max = 5200ms (custom)
2019-08-08 03:47:11,258 INFO  server.RaftServerConfigKeys (ConfUtils.java:logGet(43)) - raft.server.rpcslowness.timeout = 120s (custom)
2019-08-08 03:47:11,258 INFO  server.RaftServerConfigKeys (ConfUtils.java:logGet(43)) - raft.server.sleep.deviation.threshold = 300 (default)
2019-08-08 03:47:11,259 INFO  server.RaftServerConfigKeys (ConfUtils.java:logGet(43)) - raft.server.log.appender.install.snapshot.enabled = false (custom)
2019-08-08 03:47:11,259 INFO  impl.RaftServerImpl (ServerState.java:<init>(105)) - 7b92e4f9-0792-4d55-98da-1f974f6e97d6:group-776101046397 ConfigurationManager, init=-1: [7b92e4f9-0792-4d55-98da-1f974f6e97d6:192.168.5.133:33634], old=null, confs=<EMPTY_MAP>
2019-08-08 03:47:11,259 INFO  server.RaftServerConfigKeys (ConfUtils.java:logGet(43)) - raft.server.storage.dir = [/workdir/hadoop-ozone/integration-test/target/test-dir/MiniOzoneClusterImpl-7ca575dc-1199-4ed1-bcd1-a36870a62ff3/datanode-0/data/ratis] (custom)
2019-08-08 03:47:11,260 INFO  storage.RaftStorageDirectory (RaftStorageDirectory.java:analyzeStorage(246)) - The storage directory /workdir/hadoop-ozone/integration-test/target/test-dir/MiniOzoneClusterImpl-7ca575dc-1199-4ed1-bcd1-a36870a62ff3/datanode-0/data/ratis/038eb5f3-0b87-467c-9e46-776101046397 does not exist. Creating ...
2019-08-08 03:47:11,265 INFO  storage.RaftStorageDirectory (RaftStorageDirectory.java:tryLock(328)) - Lock on /workdir/hadoop-ozone/integration-test/target/test-dir/MiniOzoneClusterImpl-7ca575dc-1199-4ed1-bcd1-a36870a62ff3/datanode-0/data/ratis/038eb5f3-0b87-467c-9e46-776101046397/in_use.lock acquired by nodename 1086@byscane-nightly-5b87q-1102612012
2019-08-08 03:47:11,269 INFO  storage.RaftStorage (RaftStorage.java:format(72)) - Storage directory /workdir/hadoop-ozone/integration-test/target/test-dir/MiniOzoneClusterImpl-7ca575dc-1199-4ed1-bcd1-a36870a62ff3/datanode-0/data/ratis/038eb5f3-0b87-467c-9e46-776101046397 has been successfully formatted.
2019-08-08 03:47:11,269 INFO  ratis.ContainerStateMachine (ContainerStateMachine.java:loadSnapshot(213)) - group-776101046397: The snapshot info is null. Setting the last applied indexto:(t:0, i:~)
2019-08-08 03:47:11,269 INFO  server.RaftServerConfigKeys (ConfUtils.java:logGet(43)) - raft.server.leader.election.timeout = 120s (custom)
2019-08-08 03:47:11,269 INFO  server.RaftServerConfigKeys (ConfUtils.java:logGet(43)) - raft.server.log.use.memory = false (default)
2019-08-08 03:47:11,270 INFO  server.RaftServerConfigKeys (ConfUtils.java:logGet(43)) - raft.server.log.purge.gap = 1000000000 (custom)
2019-08-08 03:47:11,270 INFO  server.RaftServerConfigKeys (ConfUtils.java:logGet(43)) - raft.server.log.appender.buffer.byte-limit = 33554432 (custom)
2019-08-08 03:47:11,270 INFO  server.RaftServerConfigKeys (ConfUtils.java:logGet(43)) - raft.server.log.segment.size.max = 1048576 (custom)
2019-08-08 03:47:11,270 INFO  server.RaftServerConfigKeys (ConfUtils.java:logGet(43)) - raft.server.log.segment.cache.num.max = 2 (custom)
2019-08-08 03:47:11,271 INFO  segmented.SegmentedRaftLogWorker (SegmentedRaftLogWorker.java:<init>(172)) - new 7b92e4f9-0792-4d55-98da-1f974f6e97d6-SegmentedRaftLogWorker:Storage Directory /workdir/hadoop-ozone/integration-test/target/test-dir/MiniOzoneClusterImpl-7ca575dc-1199-4ed1-bcd1-a36870a62ff3/datanode-0/data/ratis/038eb5f3-0b87-467c-9e46-776101046397 for RaftStorage:Storage Directory /workdir/hadoop-ozone/integration-test/target/test-dir/MiniOzoneClusterImpl-7ca575dc-1199-4ed1-bcd1-a36870a62ff3/datanode-0/data/ratis/038eb5f3-0b87-467c-9e46-776101046397
2019-08-08 03:47:11,271 INFO  server.RaftServerConfigKeys (ConfUtils.java:logGet(43)) - raft.server.log.queue.byte-limit = 2147483647 (custom)
2019-08-08 03:47:11,271 INFO  server.RaftServerConfigKeys (ConfUtils.java:logGet(43)) - raft.server.log.queue.element-limit = 1024 (custom)
2019-08-08 03:47:11,272 INFO  server.RaftServerConfigKeys (ConfUtils.java:logGet(43)) - raft.server.log.segment.size.max = 1048576 (custom)
2019-08-08 03:47:11,272 INFO  server.RaftServerConfigKeys (ConfUtils.java:logGet(43)) - raft.server.log.preallocated.size = 16384 (custom)
2019-08-08 03:47:11,272 INFO  server.RaftServerConfigKeys (ConfUtils.java:logGet(43)) - raft.server.log.write.buffer.size = 33554432 (custom)
2019-08-08 03:47:11,272 INFO  server.RaftServerConfigKeys (ConfUtils.java:logGet(43)) - raft.server.log.force.sync.num = 128 (default)
2019-08-08 03:47:11,272 INFO  server.RaftServerConfigKeys (ConfUtils.java:logGet(43)) - raft.server.log.statemachine.data.sync = true (default)
2019-08-08 03:47:11,272 INFO  server.RaftServerConfigKeys (ConfUtils.java:logGet(43)) - raft.server.log.statemachine.data.sync.timeout = 10s (default)
2019-08-08 03:47:11,273 INFO  server.RaftServerConfigKeys (ConfUtils.java:logGet(43)) - raft.server.log.statemachine.data.sync.timeout.retry = -1 (default)
2019-08-08 03:47:11,273 INFO  server.RaftServerConfigKeys (ConfUtils.java:logGet(43)) - raft.server.log.statemachine.data.caching.enabled = true (custom)
2019-08-08 03:47:11,274 INFO  segmented.SegmentedRaftLogWorker (SegmentedRaftLogWorker.java:lambda$new$0(132)) - 7b92e4f9-0792-4d55-98da-1f974f6e97d6-SegmentedRaftLogWorker:Storage Directory /workdir/hadoop-ozone/integration-test/target/test-dir/MiniOzoneClusterImpl-7ca575dc-1199-4ed1-bcd1-a36870a62ff3/datanode-0/data/ratis/038eb5f3-0b87-467c-9e46-776101046397: flushIndex: setUnconditionally 0 -> -1
2019-08-08 03:47:11,274 INFO  server.RaftServerConfigKeys (ConfUtils.java:logGet(43)) - raft.server.snapshot.auto.trigger.enabled = true (custom)
2019-08-08 03:47:11,274 INFO  server.RaftServerConfigKeys (ConfUtils.java:logGet(43)) - raft.server.snapshot.auto.trigger.threshold = 10000 (custom)
2019-08-08 03:47:11,274 INFO  server.RaftServerConfigKeys (ConfUtils.java:logGet(43)) - raft.server.retrycache.expirytime = 600000ms (custom)
2019-08-08 03:47:11,275 INFO  impl.RaftServerImpl (RaftServerImpl.java:start(180)) - 7b92e4f9-0792-4d55-98da-1f974f6e97d6: start group-776101046397
2019-08-08 03:47:11,275 INFO  impl.RaftServerImpl (RaftServerImpl.java:setRole(171)) - 7b92e4f9-0792-4d55-98da-1f974f6e97d6:group-776101046397 changes role from null to FOLLOWER at term 0 for startAsFollower
2019-08-08 03:47:11,275 INFO  impl.RoleInfo (RoleInfo.java:updateAndGet(143)) - 7b92e4f9-0792-4d55-98da-1f974f6e97d6: start FollowerState
2019-08-08 03:47:11,277 INFO  util.JmxRegister (JmxRegister.java:tryRegister(44)) - Successfully registered JMX Bean with object name Ratis:service=RaftServer,group=group-776101046397,id=7b92e4f9-0792-4d55-98da-1f974f6e97d6
2019-08-08 03:47:11,281 INFO  pipeline.PipelineStateManager (PipelineStateManager.java:addPipeline(56)) - Created pipeline Pipeline[ Id: 038eb5f3-0b87-467c-9e46-776101046397, Nodes: 7b92e4f9-0792-4d55-98da-1f974f6e97d6{ip: 192.168.5.133, host: byscane-nightly-5b87q-1102612012, networkLocation: /default-rack, certSerialId: null}, Type:RATIS, Factor:ONE, State:OPEN]
2019-08-08 03:47:11,430 INFO  net.NetworkTopology (NetworkTopologyImpl.java:add(110)) - Added a new node: /default-rack/e864378d-96a5-4915-ae22-eb92971c1f9d
2019-08-08 03:47:11,430 INFO  node.SCMNodeManager (SCMNodeManager.java:register(273)) - Registered Data node : e864378d-96a5-4915-ae22-eb92971c1f9d{ip: 192.168.5.133, host: byscane-nightly-5b87q-1102612012, networkLocation: /default-rack, certSerialId: null}
2019-08-08 03:47:11,448 INFO  impl.RaftServerProxy (RaftServerProxy.java:addNew(89)) - e864378d-96a5-4915-ae22-eb92971c1f9d: addNew group-70B8B1BFA2D1:[e864378d-96a5-4915-ae22-eb92971c1f9d:192.168.5.133:35042] returns group-70B8B1BFA2D1:java.util.concurrent.CompletableFuture@5c15c380[Not completed]
2019-08-08 03:47:11,452 INFO  impl.RaftServerImpl (RaftServerImpl.java:<init>(93)) - e864378d-96a5-4915-ae22-eb92971c1f9d: new RaftServerImpl for group-70B8B1BFA2D1:[e864378d-96a5-4915-ae22-eb92971c1f9d:192.168.5.133:35042] with ContainerStateMachine:uninitialized
2019-08-08 03:47:11,453 INFO  server.RaftServerConfigKeys (ConfUtils.java:logGet(43)) - raft.server.rpc.timeout.min = 5s (custom)
2019-08-08 03:47:11,453 INFO  server.RaftServerConfigKeys (ConfUtils.java:logGet(43)) - raft.server.rpc.timeout.max = 5200ms (custom)
2019-08-08 03:47:11,453 INFO  server.RaftServerConfigKeys (ConfUtils.java:logGet(43)) - raft.server.rpcslowness.timeout = 120s (custom)
2019-08-08 03:47:11,453 INFO  server.RaftServerConfigKeys (ConfUtils.java:logGet(43)) - raft.server.sleep.deviation.threshold = 300 (default)
2019-08-08 03:47:11,453 INFO  server.RaftServerConfigKeys (ConfUtils.java:logGet(43)) - raft.server.log.appender.install.snapshot.enabled = false (custom)
2019-08-08 03:47:11,453 INFO  impl.RaftServerImpl (ServerState.java:<init>(105)) - e864378d-96a5-4915-ae22-eb92971c1f9d:group-70B8B1BFA2D1 ConfigurationManager, init=-1: [e864378d-96a5-4915-ae22-eb92971c1f9d:192.168.5.133:35042], old=null, confs=<EMPTY_MAP>
2019-08-08 03:47:11,454 INFO  server.RaftServerConfigKeys (ConfUtils.java:logGet(43)) - raft.server.storage.dir = [/workdir/hadoop-ozone/integration-test/target/test-dir/MiniOzoneClusterImpl-7ca575dc-1199-4ed1-bcd1-a36870a62ff3/datanode-1/data/ratis] (custom)
2019-08-08 03:47:11,456 INFO  storage.RaftStorageDirectory (RaftStorageDirectory.java:analyzeStorage(246)) - The storage directory /workdir/hadoop-ozone/integration-test/target/test-dir/MiniOzoneClusterImpl-7ca575dc-1199-4ed1-bcd1-a36870a62ff3/datanode-1/data/ratis/110c4938-91de-4389-abb5-70b8b1bfa2d1 does not exist. Creating ...
2019-08-08 03:47:11,469 INFO  storage.RaftStorageDirectory (RaftStorageDirectory.java:tryLock(328)) - Lock on /workdir/hadoop-ozone/integration-test/target/test-dir/MiniOzoneClusterImpl-7ca575dc-1199-4ed1-bcd1-a36870a62ff3/datanode-1/data/ratis/110c4938-91de-4389-abb5-70b8b1bfa2d1/in_use.lock acquired by nodename 1086@byscane-nightly-5b87q-1102612012
2019-08-08 03:47:11,475 INFO  storage.RaftStorage (RaftStorage.java:format(72)) - Storage directory /workdir/hadoop-ozone/integration-test/target/test-dir/MiniOzoneClusterImpl-7ca575dc-1199-4ed1-bcd1-a36870a62ff3/datanode-1/data/ratis/110c4938-91de-4389-abb5-70b8b1bfa2d1 has been successfully formatted.
2019-08-08 03:47:11,475 INFO  ratis.ContainerStateMachine (ContainerStateMachine.java:loadSnapshot(213)) - group-70B8B1BFA2D1: The snapshot info is null. Setting the last applied indexto:(t:0, i:~)
2019-08-08 03:47:11,476 INFO  server.RaftServerConfigKeys (ConfUtils.java:logGet(43)) - raft.server.leader.election.timeout = 120s (custom)
2019-08-08 03:47:11,476 INFO  server.RaftServerConfigKeys (ConfUtils.java:logGet(43)) - raft.server.log.use.memory = false (default)
2019-08-08 03:47:11,476 INFO  server.RaftServerConfigKeys (ConfUtils.java:logGet(43)) - raft.server.log.purge.gap = 1000000000 (custom)
2019-08-08 03:47:11,476 INFO  server.RaftServerConfigKeys (ConfUtils.java:logGet(43)) - raft.server.log.appender.buffer.byte-limit = 33554432 (custom)
2019-08-08 03:47:11,476 INFO  server.RaftServerConfigKeys (ConfUtils.java:logGet(43)) - raft.server.log.segment.size.max = 1048576 (custom)
2019-08-08 03:47:11,477 INFO  server.RaftServerConfigKeys (ConfUtils.java:logGet(43)) - raft.server.log.segment.cache.num.max = 2 (custom)
2019-08-08 03:47:11,477 INFO  segmented.SegmentedRaftLogWorker (SegmentedRaftLogWorker.java:<init>(172)) - new e864378d-96a5-4915-ae22-eb92971c1f9d-SegmentedRaftLogWorker:Storage Directory /workdir/hadoop-ozone/integration-test/target/test-dir/MiniOzoneClusterImpl-7ca575dc-1199-4ed1-bcd1-a36870a62ff3/datanode-1/data/ratis/110c4938-91de-4389-abb5-70b8b1bfa2d1 for RaftStorage:Storage Directory /workdir/hadoop-ozone/integration-test/target/test-dir/MiniOzoneClusterImpl-7ca575dc-1199-4ed1-bcd1-a36870a62ff3/datanode-1/data/ratis/110c4938-91de-4389-abb5-70b8b1bfa2d1
2019-08-08 03:47:11,477 INFO  server.RaftServerConfigKeys (ConfUtils.java:logGet(43)) - raft.server.log.queue.byte-limit = 2147483647 (custom)
2019-08-08 03:47:11,477 INFO  server.RaftServerConfigKeys (ConfUtils.java:logGet(43)) - raft.server.log.queue.element-limit = 1024 (custom)
2019-08-08 03:47:11,478 INFO  server.RaftServerConfigKeys (ConfUtils.java:logGet(43)) - raft.server.log.segment.size.max = 1048576 (custom)
2019-08-08 03:47:11,478 INFO  server.RaftServerConfigKeys (ConfUtils.java:logGet(43)) - raft.server.log.preallocated.size = 16384 (custom)
2019-08-08 03:47:11,478 INFO  server.RaftServerConfigKeys (ConfUtils.java:logGet(43)) - raft.server.log.write.buffer.size = 33554432 (custom)
2019-08-08 03:47:11,478 INFO  server.RaftServerConfigKeys (ConfUtils.java:logGet(43)) - raft.server.log.force.sync.num = 128 (default)
2019-08-08 03:47:11,479 INFO  server.RaftServerConfigKeys (ConfUtils.java:logGet(43)) - raft.server.log.statemachine.data.sync = true (default)
2019-08-08 03:47:11,479 INFO  server.RaftServerConfigKeys (ConfUtils.java:logGet(43)) - raft.server.log.statemachine.data.sync.timeout = 10s (default)
2019-08-08 03:47:11,479 INFO  server.RaftServerConfigKeys (ConfUtils.java:logGet(43)) - raft.server.log.statemachine.data.sync.timeout.retry = -1 (default)
2019-08-08 03:47:11,479 INFO  server.RaftServerConfigKeys (ConfUtils.java:logGet(43)) - raft.server.log.statemachine.data.caching.enabled = true (custom)
2019-08-08 03:47:11,480 INFO  segmented.SegmentedRaftLogWorker (SegmentedRaftLogWorker.java:lambda$new$0(132)) - e864378d-96a5-4915-ae22-eb92971c1f9d-SegmentedRaftLogWorker:Storage Directory /workdir/hadoop-ozone/integration-test/target/test-dir/MiniOzoneClusterImpl-7ca575dc-1199-4ed1-bcd1-a36870a62ff3/datanode-1/data/ratis/110c4938-91de-4389-abb5-70b8b1bfa2d1: flushIndex: setUnconditionally 0 -> -1
2019-08-08 03:47:11,480 INFO  server.RaftServerConfigKeys (ConfUtils.java:logGet(43)) - raft.server.snapshot.auto.trigger.enabled = true (custom)
2019-08-08 03:47:11,481 INFO  server.RaftServerConfigKeys (ConfUtils.java:logGet(43)) - raft.server.snapshot.auto.trigger.threshold = 10000 (custom)
2019-08-08 03:47:11,481 INFO  server.RaftServerConfigKeys (ConfUtils.java:logGet(43)) - raft.server.retrycache.expirytime = 600000ms (custom)
2019-08-08 03:47:11,481 INFO  impl.RaftServerImpl (RaftServerImpl.java:start(180)) - e864378d-96a5-4915-ae22-eb92971c1f9d: start group-70B8B1BFA2D1
2019-08-08 03:47:11,481 INFO  impl.RaftServerImpl (RaftServerImpl.java:setRole(171)) - e864378d-96a5-4915-ae22-eb92971c1f9d:group-70B8B1BFA2D1 changes role from null to FOLLOWER at term 0 for startAsFollower
2019-08-08 03:47:11,481 INFO  impl.RoleInfo (RoleInfo.java:updateAndGet(143)) - e864378d-96a5-4915-ae22-eb92971c1f9d: start FollowerState
2019-08-08 03:47:11,482 INFO  util.JmxRegister (JmxRegister.java:tryRegister(44)) - Successfully registered JMX Bean with object name Ratis:service=RaftServer,group=group-70B8B1BFA2D1,id=e864378d-96a5-4915-ae22-eb92971c1f9d
2019-08-08 03:47:11,487 INFO  pipeline.PipelineStateManager (PipelineStateManager.java:addPipeline(56)) - Created pipeline Pipeline[ Id: 110c4938-91de-4389-abb5-70b8b1bfa2d1, Nodes: e864378d-96a5-4915-ae22-eb92971c1f9d{ip: 192.168.5.133, host: byscane-nightly-5b87q-1102612012, networkLocation: /default-rack, certSerialId: null}, Type:RATIS, Factor:ONE, State:OPEN]
2019-08-08 03:47:11,641 INFO  ozone.MiniOzoneClusterImpl (MiniOzoneClusterImpl.java:lambda$waitForClusterToBeReady$0(142)) - Waiting for cluster to be ready. Got 2 of 7 DN Heartbeats.
2019-08-08 03:47:11,658 INFO  net.NetworkTopology (NetworkTopologyImpl.java:add(110)) - Added a new node: /default-rack/02d56343-07ef-4e0c-96c7-d21ae89378ad
2019-08-08 03:47:11,658 INFO  node.SCMNodeManager (SCMNodeManager.java:register(273)) - Registered Data node : 02d56343-07ef-4e0c-96c7-d21ae89378ad{ip: 192.168.5.133, host: byscane-nightly-5b87q-1102612012, networkLocation: /default-rack, certSerialId: null}
2019-08-08 03:47:11,670 INFO  impl.RaftServerProxy (RaftServerProxy.java:addNew(89)) - 02d56343-07ef-4e0c-96c7-d21ae89378ad: addNew group-2A345C320596:[02d56343-07ef-4e0c-96c7-d21ae89378ad:192.168.5.133:34665] returns group-2A345C320596:java.util.concurrent.CompletableFuture@16fb5d41[Not completed]
2019-08-08 03:47:11,672 INFO  impl.RaftServerImpl (RaftServerImpl.java:<init>(93)) - 02d56343-07ef-4e0c-96c7-d21ae89378ad: new RaftServerImpl for group-2A345C320596:[02d56343-07ef-4e0c-96c7-d21ae89378ad:192.168.5.133:34665] with ContainerStateMachine:uninitialized
2019-08-08 03:47:11,672 INFO  server.RaftServerConfigKeys (ConfUtils.java:logGet(43)) - raft.server.rpc.timeout.min = 5s (custom)
2019-08-08 03:47:11,673 INFO  server.RaftServerConfigKeys (ConfUtils.java:logGet(43)) - raft.server.rpc.timeout.max = 5200ms (custom)
2019-08-08 03:47:11,673 INFO  server.RaftServerConfigKeys (ConfUtils.java:logGet(43)) - raft.server.rpcslowness.timeout = 120s (custom)
2019-08-08 03:47:11,673 INFO  server.RaftServerConfigKeys (ConfUtils.java:logGet(43)) - raft.server.sleep.deviation.threshold = 300 (default)
2019-08-08 03:47:11,673 INFO  server.RaftServerConfigKeys (ConfUtils.java:logGet(43)) - raft.server.log.appender.install.snapshot.enabled = false (custom)
2019-08-08 03:47:11,673 INFO  impl.RaftServerImpl (ServerState.java:<init>(105)) - 02d56343-07ef-4e0c-96c7-d21ae89378ad:group-2A345C320596 ConfigurationManager, init=-1: [02d56343-07ef-4e0c-96c7-d21ae89378ad:192.168.5.133:34665], old=null, confs=<EMPTY_MAP>
2019-08-08 03:47:11,674 INFO  server.RaftServerConfigKeys (ConfUtils.java:logGet(43)) - raft.server.storage.dir = [/workdir/hadoop-ozone/integration-test/target/test-dir/MiniOzoneClusterImpl-7ca575dc-1199-4ed1-bcd1-a36870a62ff3/datanode-2/data/ratis] (custom)
2019-08-08 03:47:11,674 INFO  storage.RaftStorageDirectory (RaftStorageDirectory.java:analyzeStorage(246)) - The storage directory /workdir/hadoop-ozone/integration-test/target/test-dir/MiniOzoneClusterImpl-7ca575dc-1199-4ed1-bcd1-a36870a62ff3/datanode-2/data/ratis/17add576-5a05-4d40-8d31-2a345c320596 does not exist. Creating ...
2019-08-08 03:47:11,679 INFO  storage.RaftStorageDirectory (RaftStorageDirectory.java:tryLock(328)) - Lock on /workdir/hadoop-ozone/integration-test/target/test-dir/MiniOzoneClusterImpl-7ca575dc-1199-4ed1-bcd1-a36870a62ff3/datanode-2/data/ratis/17add576-5a05-4d40-8d31-2a345c320596/in_use.lock acquired by nodename 1086@byscane-nightly-5b87q-1102612012
2019-08-08 03:47:11,682 INFO  storage.RaftStorage (RaftStorage.java:format(72)) - Storage directory /workdir/hadoop-ozone/integration-test/target/test-dir/MiniOzoneClusterImpl-7ca575dc-1199-4ed1-bcd1-a36870a62ff3/datanode-2/data/ratis/17add576-5a05-4d40-8d31-2a345c320596 has been successfully formatted.
2019-08-08 03:47:11,683 INFO  ratis.ContainerStateMachine (ContainerStateMachine.java:loadSnapshot(213)) - group-2A345C320596: The snapshot info is null. Setting the last applied indexto:(t:0, i:~)
2019-08-08 03:47:11,683 INFO  server.RaftServerConfigKeys (ConfUtils.java:logGet(43)) - raft.server.leader.election.timeout = 120s (custom)
2019-08-08 03:47:11,683 INFO  server.RaftServerConfigKeys (ConfUtils.java:logGet(43)) - raft.server.log.use.memory = false (default)
2019-08-08 03:47:11,683 INFO  server.RaftServerConfigKeys (ConfUtils.java:logGet(43)) - raft.server.log.purge.gap = 1000000000 (custom)
2019-08-08 03:47:11,684 INFO  server.RaftServerConfigKeys (ConfUtils.java:logGet(43)) - raft.server.log.appender.buffer.byte-limit = 33554432 (custom)
2019-08-08 03:47:11,684 INFO  server.RaftServerConfigKeys (ConfUtils.java:logGet(43)) - raft.server.log.segment.size.max = 1048576 (custom)
2019-08-08 03:47:11,684 INFO  server.RaftServerConfigKeys (ConfUtils.java:logGet(43)) - raft.server.log.segment.cache.num.max = 2 (custom)
2019-08-08 03:47:11,684 INFO  segmented.SegmentedRaftLogWorker (SegmentedRaftLogWorker.java:<init>(172)) - new 02d56343-07ef-4e0c-96c7-d21ae89378ad-SegmentedRaftLogWorker:Storage Directory /workdir/hadoop-ozone/integration-test/target/test-dir/MiniOzoneClusterImpl-7ca575dc-1199-4ed1-bcd1-a36870a62ff3/datanode-2/data/ratis/17add576-5a05-4d40-8d31-2a345c320596 for RaftStorage:Storage Directory /workdir/hadoop-ozone/integration-test/target/test-dir/MiniOzoneClusterImpl-7ca575dc-1199-4ed1-bcd1-a36870a62ff3/datanode-2/data/ratis/17add576-5a05-4d40-8d31-2a345c320596
2019-08-08 03:47:11,685 INFO  server.RaftServerConfigKeys (ConfUtils.java:logGet(43)) - raft.server.log.queue.byte-limit = 2147483647 (custom)
2019-08-08 03:47:11,685 INFO  server.RaftServerConfigKeys (ConfUtils.java:logGet(43)) - raft.server.log.queue.element-limit = 1024 (custom)
2019-08-08 03:47:11,685 INFO  server.RaftServerConfigKeys (ConfUtils.java:logGet(43)) - raft.server.log.segment.size.max = 1048576 (custom)
2019-08-08 03:47:11,685 INFO  server.RaftServerConfigKeys (ConfUtils.java:logGet(43)) - raft.server.log.preallocated.size = 16384 (custom)
2019-08-08 03:47:11,686 INFO  server.RaftServerConfigKeys (ConfUtils.java:logGet(43)) - raft.server.log.write.buffer.size = 33554432 (custom)
2019-08-08 03:47:11,686 INFO  server.RaftServerConfigKeys (ConfUtils.java:logGet(43)) - raft.server.log.force.sync.num = 128 (default)
2019-08-08 03:47:11,686 INFO  server.RaftServerConfigKeys (ConfUtils.java:logGet(43)) - raft.server.log.statemachine.data.sync = true (default)
2019-08-08 03:47:11,686 INFO  server.RaftServerConfigKeys (ConfUtils.java:logGet(43)) - raft.server.log.statemachine.data.sync.timeout = 10s (default)
2019-08-08 03:47:11,686 INFO  server.RaftServerConfigKeys (ConfUtils.java:logGet(43)) - raft.server.log.statemachine.data.sync.timeout.retry = -1 (default)
2019-08-08 03:47:11,687 INFO  server.RaftServerConfigKeys (ConfUtils.java:logGet(43)) - raft.server.log.statemachine.data.caching.enabled = true (custom)
2019-08-08 03:47:11,687 INFO  segmented.SegmentedRaftLogWorker (SegmentedRaftLogWorker.java:lambda$new$0(132)) - 02d56343-07ef-4e0c-96c7-d21ae89378ad-SegmentedRaftLogWorker:Storage Directory /workdir/hadoop-ozone/integration-test/target/test-dir/MiniOzoneClusterImpl-7ca575dc-1199-4ed1-bcd1-a36870a62ff3/datanode-2/data/ratis/17add576-5a05-4d40-8d31-2a345c320596: flushIndex: setUnconditionally 0 -> -1
2019-08-08 03:47:11,688 INFO  server.RaftServerConfigKeys (ConfUtils.java:logGet(43)) - raft.server.snapshot.auto.trigger.enabled = true (custom)
2019-08-08 03:47:11,688 INFO  server.RaftServerConfigKeys (ConfUtils.java:logGet(43)) - raft.server.snapshot.auto.trigger.threshold = 10000 (custom)
2019-08-08 03:47:11,688 INFO  server.RaftServerConfigKeys (ConfUtils.java:logGet(43)) - raft.server.retrycache.expirytime = 600000ms (custom)
2019-08-08 03:47:11,688 INFO  impl.RaftServerImpl (RaftServerImpl.java:start(180)) - 02d56343-07ef-4e0c-96c7-d21ae89378ad: start group-2A345C320596
2019-08-08 03:47:11,689 INFO  impl.RaftServerImpl (RaftServerImpl.java:setRole(171)) - 02d56343-07ef-4e0c-96c7-d21ae89378ad:group-2A345C320596 changes role from null to FOLLOWER at term 0 for startAsFollower
2019-08-08 03:47:11,689 INFO  impl.RoleInfo (RoleInfo.java:updateAndGet(143)) - 02d56343-07ef-4e0c-96c7-d21ae89378ad: start FollowerState
2019-08-08 03:47:11,689 INFO  util.JmxRegister (JmxRegister.java:tryRegister(44)) - Successfully registered JMX Bean with object name Ratis:service=RaftServer,group=group-2A345C320596,id=02d56343-07ef-4e0c-96c7-d21ae89378ad
2019-08-08 03:47:11,692 INFO  pipeline.PipelineStateManager (PipelineStateManager.java:addPipeline(56)) - Created pipeline Pipeline[ Id: 17add576-5a05-4d40-8d31-2a345c320596, Nodes: 02d56343-07ef-4e0c-96c7-d21ae89378ad{ip: 192.168.5.133, host: byscane-nightly-5b87q-1102612012, networkLocation: /default-rack, certSerialId: null}, Type:RATIS, Factor:ONE, State:OPEN]
2019-08-08 03:47:11,708 INFO  impl.RaftServerProxy (RaftServerProxy.java:addNew(89)) - 7b92e4f9-0792-4d55-98da-1f974f6e97d6: addNew group-40AD9D2C2EF3:[e864378d-96a5-4915-ae22-eb92971c1f9d:192.168.5.133:35042, 02d56343-07ef-4e0c-96c7-d21ae89378ad:192.168.5.133:34665, 7b92e4f9-0792-4d55-98da-1f974f6e97d6:192.168.5.133:33634] returns group-40AD9D2C2EF3:java.util.concurrent.CompletableFuture@9030994[Not completed]
2019-08-08 03:47:11,709 INFO  impl.RaftServerProxy (RaftServerProxy.java:addNew(89)) - e864378d-96a5-4915-ae22-eb92971c1f9d: addNew group-40AD9D2C2EF3:[e864378d-96a5-4915-ae22-eb92971c1f9d:192.168.5.133:35042, 02d56343-07ef-4e0c-96c7-d21ae89378ad:192.168.5.133:34665, 7b92e4f9-0792-4d55-98da-1f974f6e97d6:192.168.5.133:33634] returns group-40AD9D2C2EF3:java.util.concurrent.CompletableFuture@77cd498a[Not completed]
2019-08-08 03:47:11,709 INFO  impl.RaftServerProxy (RaftServerProxy.java:addNew(89)) - 02d56343-07ef-4e0c-96c7-d21ae89378ad: addNew group-40AD9D2C2EF3:[e864378d-96a5-4915-ae22-eb92971c1f9d:192.168.5.133:35042, 02d56343-07ef-4e0c-96c7-d21ae89378ad:192.168.5.133:34665, 7b92e4f9-0792-4d55-98da-1f974f6e97d6:192.168.5.133:33634] returns group-40AD9D2C2EF3:java.util.concurrent.CompletableFuture@394147d8[Not completed]
2019-08-08 03:47:11,710 INFO  impl.RaftServerImpl (RaftServerImpl.java:<init>(93)) - 7b92e4f9-0792-4d55-98da-1f974f6e97d6: new RaftServerImpl for group-40AD9D2C2EF3:[e864378d-96a5-4915-ae22-eb92971c1f9d:192.168.5.133:35042, 02d56343-07ef-4e0c-96c7-d21ae89378ad:192.168.5.133:34665, 7b92e4f9-0792-4d55-98da-1f974f6e97d6:192.168.5.133:33634] with ContainerStateMachine:uninitialized
2019-08-08 03:47:11,710 INFO  server.RaftServerConfigKeys (ConfUtils.java:logGet(43)) - raft.server.rpc.timeout.min = 5s (custom)
2019-08-08 03:47:11,710 INFO  server.RaftServerConfigKeys (ConfUtils.java:logGet(43)) - raft.server.rpc.timeout.max = 5200ms (custom)
2019-08-08 03:47:11,710 INFO  server.RaftServerConfigKeys (ConfUtils.java:logGet(43)) - raft.server.rpcslowness.timeout = 120s (custom)
2019-08-08 03:47:11,710 INFO  server.RaftServerConfigKeys (ConfUtils.java:logGet(43)) - raft.server.sleep.deviation.threshold = 300 (default)
2019-08-08 03:47:11,711 INFO  impl.RaftServerImpl (RaftServerImpl.java:<init>(93)) - 02d56343-07ef-4e0c-96c7-d21ae89378ad: new RaftServerImpl for group-40AD9D2C2EF3:[e864378d-96a5-4915-ae22-eb92971c1f9d:192.168.5.133:35042, 02d56343-07ef-4e0c-96c7-d21ae89378ad:192.168.5.133:34665, 7b92e4f9-0792-4d55-98da-1f974f6e97d6:192.168.5.133:33634] with ContainerStateMachine:uninitialized
2019-08-08 03:47:11,711 INFO  server.RaftServerConfigKeys (ConfUtils.java:logGet(43)) - raft.server.log.appender.install.snapshot.enabled = false (custom)
2019-08-08 03:47:11,711 INFO  server.RaftServerConfigKeys (ConfUtils.java:logGet(43)) - raft.server.rpc.timeout.min = 5s (custom)
2019-08-08 03:47:11,711 INFO  impl.RaftServerImpl (ServerState.java:<init>(105)) - 7b92e4f9-0792-4d55-98da-1f974f6e97d6:group-40AD9D2C2EF3 ConfigurationManager, init=-1: [e864378d-96a5-4915-ae22-eb92971c1f9d:192.168.5.133:35042, 02d56343-07ef-4e0c-96c7-d21ae89378ad:192.168.5.133:34665, 7b92e4f9-0792-4d55-98da-1f974f6e97d6:192.168.5.133:33634], old=null, confs=<EMPTY_MAP>
2019-08-08 03:47:11,711 INFO  server.RaftServerConfigKeys (ConfUtils.java:logGet(43)) - raft.server.rpc.timeout.max = 5200ms (custom)
2019-08-08 03:47:11,711 INFO  server.RaftServerConfigKeys (ConfUtils.java:logGet(43)) - raft.server.storage.dir = [/workdir/hadoop-ozone/integration-test/target/test-dir/MiniOzoneClusterImpl-7ca575dc-1199-4ed1-bcd1-a36870a62ff3/datanode-0/data/ratis] (custom)
2019-08-08 03:47:11,711 INFO  server.RaftServerConfigKeys (ConfUtils.java:logGet(43)) - raft.server.rpcslowness.timeout = 120s (custom)
2019-08-08 03:47:11,712 INFO  server.RaftServerConfigKeys (ConfUtils.java:logGet(43)) - raft.server.sleep.deviation.threshold = 300 (default)
2019-08-08 03:47:11,712 INFO  storage.RaftStorageDirectory (RaftStorageDirectory.java:analyzeStorage(246)) - The storage directory /workdir/hadoop-ozone/integration-test/target/test-dir/MiniOzoneClusterImpl-7ca575dc-1199-4ed1-bcd1-a36870a62ff3/datanode-0/data/ratis/7bfe1b32-2ae6-42de-82e9-40ad9d2c2ef3 does not exist. Creating ...
2019-08-08 03:47:11,712 INFO  impl.RaftServerImpl (RaftServerImpl.java:<init>(93)) - e864378d-96a5-4915-ae22-eb92971c1f9d: new RaftServerImpl for group-40AD9D2C2EF3:[e864378d-96a5-4915-ae22-eb92971c1f9d:192.168.5.133:35042, 02d56343-07ef-4e0c-96c7-d21ae89378ad:192.168.5.133:34665, 7b92e4f9-0792-4d55-98da-1f974f6e97d6:192.168.5.133:33634] with ContainerStateMachine:uninitialized
2019-08-08 03:47:11,712 INFO  server.RaftServerConfigKeys (ConfUtils.java:logGet(43)) - raft.server.log.appender.install.snapshot.enabled = false (custom)
2019-08-08 03:47:11,712 INFO  server.RaftServerConfigKeys (ConfUtils.java:logGet(43)) - raft.server.rpc.timeout.min = 5s (custom)
2019-08-08 03:47:11,712 INFO  impl.RaftServerImpl (ServerState.java:<init>(105)) - 02d56343-07ef-4e0c-96c7-d21ae89378ad:group-40AD9D2C2EF3 ConfigurationManager, init=-1: [e864378d-96a5-4915-ae22-eb92971c1f9d:192.168.5.133:35042, 02d56343-07ef-4e0c-96c7-d21ae89378ad:192.168.5.133:34665, 7b92e4f9-0792-4d55-98da-1f974f6e97d6:192.168.5.133:33634], old=null, confs=<EMPTY_MAP>
2019-08-08 03:47:11,713 INFO  server.RaftServerConfigKeys (ConfUtils.java:logGet(43)) - raft.server.rpc.timeout.max = 5200ms (custom)
2019-08-08 03:47:11,713 INFO  server.RaftServerConfigKeys (ConfUtils.java:logGet(43)) - raft.server.storage.dir = [/workdir/hadoop-ozone/integration-test/target/test-dir/MiniOzoneClusterImpl-7ca575dc-1199-4ed1-bcd1-a36870a62ff3/datanode-2/data/ratis] (custom)
2019-08-08 03:47:11,713 INFO  server.RaftServerConfigKeys (ConfUtils.java:logGet(43)) - raft.server.rpcslowness.timeout = 120s (custom)
2019-08-08 03:47:11,713 INFO  server.RaftServerConfigKeys (ConfUtils.java:logGet(43)) - raft.server.sleep.deviation.threshold = 300 (default)
2019-08-08 03:47:11,713 INFO  storage.RaftStorageDirectory (RaftStorageDirectory.java:analyzeStorage(246)) - The storage directory /workdir/hadoop-ozone/integration-test/target/test-dir/MiniOzoneClusterImpl-7ca575dc-1199-4ed1-bcd1-a36870a62ff3/datanode-2/data/ratis/7bfe1b32-2ae6-42de-82e9-40ad9d2c2ef3 does not exist. Creating ...
2019-08-08 03:47:11,713 INFO  server.RaftServerConfigKeys (ConfUtils.java:logGet(43)) - raft.server.log.appender.install.snapshot.enabled = false (custom)
2019-08-08 03:47:11,714 INFO  impl.RaftServerImpl (ServerState.java:<init>(105)) - e864378d-96a5-4915-ae22-eb92971c1f9d:group-40AD9D2C2EF3 ConfigurationManager, init=-1: [e864378d-96a5-4915-ae22-eb92971c1f9d:192.168.5.133:35042, 02d56343-07ef-4e0c-96c7-d21ae89378ad:192.168.5.133:34665, 7b92e4f9-0792-4d55-98da-1f974f6e97d6:192.168.5.133:33634], old=null, confs=<EMPTY_MAP>
2019-08-08 03:47:11,714 INFO  server.RaftServerConfigKeys (ConfUtils.java:logGet(43)) - raft.server.storage.dir = [/workdir/hadoop-ozone/integration-test/target/test-dir/MiniOzoneClusterImpl-7ca575dc-1199-4ed1-bcd1-a36870a62ff3/datanode-1/data/ratis] (custom)
2019-08-08 03:47:11,715 INFO  storage.RaftStorageDirectory (RaftStorageDirectory.java:analyzeStorage(246)) - The storage directory /workdir/hadoop-ozone/integration-test/target/test-dir/MiniOzoneClusterImpl-7ca575dc-1199-4ed1-bcd1-a36870a62ff3/datanode-1/data/ratis/7bfe1b32-2ae6-42de-82e9-40ad9d2c2ef3 does not exist. Creating ...
2019-08-08 03:47:11,716 INFO  storage.RaftStorageDirectory (RaftStorageDirectory.java:tryLock(328)) - Lock on /workdir/hadoop-ozone/integration-test/target/test-dir/MiniOzoneClusterImpl-7ca575dc-1199-4ed1-bcd1-a36870a62ff3/datanode-0/data/ratis/7bfe1b32-2ae6-42de-82e9-40ad9d2c2ef3/in_use.lock acquired by nodename 1086@byscane-nightly-5b87q-1102612012
2019-08-08 03:47:11,718 INFO  storage.RaftStorageDirectory (RaftStorageDirectory.java:tryLock(328)) - Lock on /workdir/hadoop-ozone/integration-test/target/test-dir/MiniOzoneClusterImpl-7ca575dc-1199-4ed1-bcd1-a36870a62ff3/datanode-2/data/ratis/7bfe1b32-2ae6-42de-82e9-40ad9d2c2ef3/in_use.lock acquired by nodename 1086@byscane-nightly-5b87q-1102612012
2019-08-08 03:47:11,718 INFO  storage.RaftStorageDirectory (RaftStorageDirectory.java:tryLock(328)) - Lock on /workdir/hadoop-ozone/integration-test/target/test-dir/MiniOzoneClusterImpl-7ca575dc-1199-4ed1-bcd1-a36870a62ff3/datanode-1/data/ratis/7bfe1b32-2ae6-42de-82e9-40ad9d2c2ef3/in_use.lock acquired by nodename 1086@byscane-nightly-5b87q-1102612012
2019-08-08 03:47:11,724 INFO  storage.RaftStorage (RaftStorage.java:format(72)) - Storage directory /workdir/hadoop-ozone/integration-test/target/test-dir/MiniOzoneClusterImpl-7ca575dc-1199-4ed1-bcd1-a36870a62ff3/datanode-2/data/ratis/7bfe1b32-2ae6-42de-82e9-40ad9d2c2ef3 has been successfully formatted.
2019-08-08 03:47:11,724 INFO  storage.RaftStorage (RaftStorage.java:format(72)) - Storage directory /workdir/hadoop-ozone/integration-test/target/test-dir/MiniOzoneClusterImpl-7ca575dc-1199-4ed1-bcd1-a36870a62ff3/datanode-0/data/ratis/7bfe1b32-2ae6-42de-82e9-40ad9d2c2ef3 has been successfully formatted.
2019-08-08 03:47:11,724 INFO  storage.RaftStorage (RaftStorage.java:format(72)) - Storage directory /workdir/hadoop-ozone/integration-test/target/test-dir/MiniOzoneClusterImpl-7ca575dc-1199-4ed1-bcd1-a36870a62ff3/datanode-1/data/ratis/7bfe1b32-2ae6-42de-82e9-40ad9d2c2ef3 has been successfully formatted.
2019-08-08 03:47:11,725 INFO  ratis.ContainerStateMachine (ContainerStateMachine.java:loadSnapshot(213)) - group-40AD9D2C2EF3: The snapshot info is null. Setting the last applied indexto:(t:0, i:~)
2019-08-08 03:47:11,725 INFO  ratis.ContainerStateMachine (ContainerStateMachine.java:loadSnapshot(213)) - group-40AD9D2C2EF3: The snapshot info is null. Setting the last applied indexto:(t:0, i:~)
2019-08-08 03:47:11,725 INFO  ratis.ContainerStateMachine (ContainerStateMachine.java:loadSnapshot(213)) - group-40AD9D2C2EF3: The snapshot info is null. Setting the last applied indexto:(t:0, i:~)
2019-08-08 03:47:11,726 INFO  server.RaftServerConfigKeys (ConfUtils.java:logGet(43)) - raft.server.leader.election.timeout = 120s (custom)
2019-08-08 03:47:11,725 INFO  server.RaftServerConfigKeys (ConfUtils.java:logGet(43)) - raft.server.leader.election.timeout = 120s (custom)
2019-08-08 03:47:11,726 INFO  server.RaftServerConfigKeys (ConfUtils.java:logGet(43)) - raft.server.log.use.memory = false (default)
2019-08-08 03:47:11,726 INFO  server.RaftServerConfigKeys (ConfUtils.java:logGet(43)) - raft.server.leader.election.timeout = 120s (custom)
2019-08-08 03:47:11,726 INFO  server.RaftServerConfigKeys (ConfUtils.java:logGet(43)) - raft.server.log.purge.gap = 1000000000 (custom)
2019-08-08 03:47:11,726 INFO  server.RaftServerConfigKeys (ConfUtils.java:logGet(43)) - raft.server.log.use.memory = false (default)
2019-08-08 03:47:11,727 INFO  server.RaftServerConfigKeys (ConfUtils.java:logGet(43)) - raft.server.log.appender.buffer.byte-limit = 33554432 (custom)
2019-08-08 03:47:11,726 INFO  server.RaftServerConfigKeys (ConfUtils.java:logGet(43)) - raft.server.log.use.memory = false (default)
2019-08-08 03:47:11,727 INFO  server.RaftServerConfigKeys (ConfUtils.java:logGet(43)) - raft.server.log.segment.size.max = 1048576 (custom)
2019-08-08 03:47:11,727 INFO  server.RaftServerConfigKeys (ConfUtils.java:logGet(43)) - raft.server.log.purge.gap = 1000000000 (custom)
2019-08-08 03:47:11,727 INFO  server.RaftServerConfigKeys (ConfUtils.java:logGet(43)) - raft.server.log.segment.cache.num.max = 2 (custom)
2019-08-08 03:47:11,727 INFO  server.RaftServerConfigKeys (ConfUtils.java:logGet(43)) - raft.server.log.purge.gap = 1000000000 (custom)
2019-08-08 03:47:11,728 INFO  segmented.SegmentedRaftLogWorker (SegmentedRaftLogWorker.java:<init>(172)) - new e864378d-96a5-4915-ae22-eb92971c1f9d-SegmentedRaftLogWorker:Storage Directory /workdir/hadoop-ozone/integration-test/target/test-dir/MiniOzoneClusterImpl-7ca575dc-1199-4ed1-bcd1-a36870a62ff3/datanode-1/data/ratis/7bfe1b32-2ae6-42de-82e9-40ad9d2c2ef3 for RaftStorage:Storage Directory /workdir/hadoop-ozone/integration-test/target/test-dir/MiniOzoneClusterImpl-7ca575dc-1199-4ed1-bcd1-a36870a62ff3/datanode-1/data/ratis/7bfe1b32-2ae6-42de-82e9-40ad9d2c2ef3
2019-08-08 03:47:11,727 INFO  server.RaftServerConfigKeys (ConfUtils.java:logGet(43)) - raft.server.log.appender.buffer.byte-limit = 33554432 (custom)
2019-08-08 03:47:11,728 INFO  server.RaftServerConfigKeys (ConfUtils.java:logGet(43)) - raft.server.log.queue.byte-limit = 2147483647 (custom)
2019-08-08 03:47:11,728 INFO  server.RaftServerConfigKeys (ConfUtils.java:logGet(43)) - raft.server.log.appender.buffer.byte-limit = 33554432 (custom)
2019-08-08 03:47:11,728 INFO  server.RaftServerConfigKeys (ConfUtils.java:logGet(43)) - raft.server.log.queue.element-limit = 1024 (custom)
2019-08-08 03:47:11,728 INFO  server.RaftServerConfigKeys (ConfUtils.java:logGet(43)) - raft.server.log.segment.size.max = 1048576 (custom)
2019-08-08 03:47:11,729 INFO  server.RaftServerConfigKeys (ConfUtils.java:logGet(43)) - raft.server.log.segment.size.max = 1048576 (custom)
2019-08-08 03:47:11,729 INFO  server.RaftServerConfigKeys (ConfUtils.java:logGet(43)) - raft.server.log.segment.size.max = 1048576 (custom)
2019-08-08 03:47:11,729 INFO  server.RaftServerConfigKeys (ConfUtils.java:logGet(43)) - raft.server.log.preallocated.size = 16384 (custom)
2019-08-08 03:47:11,729 INFO  server.RaftServerConfigKeys (ConfUtils.java:logGet(43)) - raft.server.log.segment.cache.num.max = 2 (custom)
2019-08-08 03:47:11,730 INFO  server.RaftServerConfigKeys (ConfUtils.java:logGet(43)) - raft.server.log.write.buffer.size = 33554432 (custom)
2019-08-08 03:47:11,730 INFO  server.RaftServerConfigKeys (ConfUtils.java:logGet(43)) - raft.server.log.force.sync.num = 128 (default)
2019-08-08 03:47:11,729 INFO  server.RaftServerConfigKeys (ConfUtils.java:logGet(43)) - raft.server.log.segment.cache.num.max = 2 (custom)
2019-08-08 03:47:11,730 INFO  server.RaftServerConfigKeys (ConfUtils.java:logGet(43)) - raft.server.log.statemachine.data.sync = true (default)
2019-08-08 03:47:11,730 INFO  segmented.SegmentedRaftLogWorker (SegmentedRaftLogWorker.java:<init>(172)) - new 02d56343-07ef-4e0c-96c7-d21ae89378ad-SegmentedRaftLogWorker:Storage Directory /workdir/hadoop-ozone/integration-test/target/test-dir/MiniOzoneClusterImpl-7ca575dc-1199-4ed1-bcd1-a36870a62ff3/datanode-2/data/ratis/7bfe1b32-2ae6-42de-82e9-40ad9d2c2ef3 for RaftStorage:Storage Directory /workdir/hadoop-ozone/integration-test/target/test-dir/MiniOzoneClusterImpl-7ca575dc-1199-4ed1-bcd1-a36870a62ff3/datanode-2/data/ratis/7bfe1b32-2ae6-42de-82e9-40ad9d2c2ef3
2019-08-08 03:47:11,731 INFO  server.RaftServerConfigKeys (ConfUtils.java:logGet(43)) - raft.server.log.statemachine.data.sync.timeout = 10s (default)
2019-08-08 03:47:11,731 INFO  server.RaftServerConfigKeys (ConfUtils.java:logGet(43)) - raft.server.log.statemachine.data.sync.timeout.retry = -1 (default)
2019-08-08 03:47:11,731 INFO  segmented.SegmentedRaftLogWorker (SegmentedRaftLogWorker.java:<init>(172)) - new 7b92e4f9-0792-4d55-98da-1f974f6e97d6-SegmentedRaftLogWorker:Storage Directory /workdir/hadoop-ozone/integration-test/target/test-dir/MiniOzoneClusterImpl-7ca575dc-1199-4ed1-bcd1-a36870a62ff3/datanode-0/data/ratis/7bfe1b32-2ae6-42de-82e9-40ad9d2c2ef3 for RaftStorage:Storage Directory /workdir/hadoop-ozone/integration-test/target/test-dir/MiniOzoneClusterImpl-7ca575dc-1199-4ed1-bcd1-a36870a62ff3/datanode-0/data/ratis/7bfe1b32-2ae6-42de-82e9-40ad9d2c2ef3
2019-08-08 03:47:11,731 INFO  server.RaftServerConfigKeys (ConfUtils.java:logGet(43)) - raft.server.log.statemachine.data.caching.enabled = true (custom)
2019-08-08 03:47:11,731 INFO  server.RaftServerConfigKeys (ConfUtils.java:logGet(43)) - raft.server.log.queue.byte-limit = 2147483647 (custom)
2019-08-08 03:47:11,732 INFO  server.RaftServerConfigKeys (ConfUtils.java:logGet(43)) - raft.server.log.queue.byte-limit = 2147483647 (custom)
2019-08-08 03:47:11,732 INFO  server.RaftServerConfigKeys (ConfUtils.java:logGet(43)) - raft.server.log.queue.element-limit = 1024 (custom)
2019-08-08 03:47:11,732 INFO  segmented.SegmentedRaftLogWorker (SegmentedRaftLogWorker.java:lambda$new$0(132)) - e864378d-96a5-4915-ae22-eb92971c1f9d-SegmentedRaftLogWorker:Storage Directory /workdir/hadoop-ozone/integration-test/target/test-dir/MiniOzoneClusterImpl-7ca575dc-1199-4ed1-bcd1-a36870a62ff3/datanode-1/data/ratis/7bfe1b32-2ae6-42de-82e9-40ad9d2c2ef3: flushIndex: setUnconditionally 0 -> -1
2019-08-08 03:47:11,732 INFO  server.RaftServerConfigKeys (ConfUtils.java:logGet(43)) - raft.server.log.segment.size.max = 1048576 (custom)
2019-08-08 03:47:11,732 INFO  server.RaftServerConfigKeys (ConfUtils.java:logGet(43)) - raft.server.log.queue.element-limit = 1024 (custom)
2019-08-08 03:47:11,733 INFO  server.RaftServerConfigKeys (ConfUtils.java:logGet(43)) - raft.server.log.preallocated.size = 16384 (custom)
2019-08-08 03:47:11,733 INFO  server.RaftServerConfigKeys (ConfUtils.java:logGet(43)) - raft.server.snapshot.auto.trigger.enabled = true (custom)
2019-08-08 03:47:11,733 INFO  server.RaftServerConfigKeys (ConfUtils.java:logGet(43)) - raft.server.log.write.buffer.size = 33554432 (custom)
2019-08-08 03:47:11,733 INFO  server.RaftServerConfigKeys (ConfUtils.java:logGet(43)) - raft.server.log.segment.size.max = 1048576 (custom)
2019-08-08 03:47:11,733 INFO  server.RaftServerConfigKeys (ConfUtils.java:logGet(43)) - raft.server.log.force.sync.num = 128 (default)
2019-08-08 03:47:11,733 INFO  server.RaftServerConfigKeys (ConfUtils.java:logGet(43)) - raft.server.snapshot.auto.trigger.threshold = 10000 (custom)
2019-08-08 03:47:11,734 INFO  server.RaftServerConfigKeys (ConfUtils.java:logGet(43)) - raft.server.log.statemachine.data.sync = true (default)
2019-08-08 03:47:11,733 INFO  server.RaftServerConfigKeys (ConfUtils.java:logGet(43)) - raft.server.log.preallocated.size = 16384 (custom)
2019-08-08 03:47:11,734 INFO  server.RaftServerConfigKeys (ConfUtils.java:logGet(43)) - raft.server.log.statemachine.data.sync.timeout = 10s (default)
2019-08-08 03:47:11,734 INFO  server.RaftServerConfigKeys (ConfUtils.java:logGet(43)) - raft.server.retrycache.expirytime = 600000ms (custom)
2019-08-08 03:47:11,734 INFO  server.RaftServerConfigKeys (ConfUtils.java:logGet(43)) - raft.server.log.statemachine.data.sync.timeout.retry = -1 (default)
2019-08-08 03:47:11,734 INFO  server.RaftServerConfigKeys (ConfUtils.java:logGet(43)) - raft.server.log.write.buffer.size = 33554432 (custom)
2019-08-08 03:47:11,735 INFO  server.RaftServerConfigKeys (ConfUtils.java:logGet(43)) - raft.server.log.statemachine.data.caching.enabled = true (custom)
2019-08-08 03:47:11,735 INFO  impl.RaftServerImpl (RaftServerImpl.java:start(180)) - e864378d-96a5-4915-ae22-eb92971c1f9d: start group-40AD9D2C2EF3
2019-08-08 03:47:11,735 INFO  server.RaftServerConfigKeys (ConfUtils.java:logGet(43)) - raft.server.log.force.sync.num = 128 (default)
2019-08-08 03:47:11,735 INFO  segmented.SegmentedRaftLogWorker (SegmentedRaftLogWorker.java:lambda$new$0(132)) - 02d56343-07ef-4e0c-96c7-d21ae89378ad-SegmentedRaftLogWorker:Storage Directory /workdir/hadoop-ozone/integration-test/target/test-dir/MiniOzoneClusterImpl-7ca575dc-1199-4ed1-bcd1-a36870a62ff3/datanode-2/data/ratis/7bfe1b32-2ae6-42de-82e9-40ad9d2c2ef3: flushIndex: setUnconditionally 0 -> -1
2019-08-08 03:47:11,735 INFO  impl.RaftServerImpl (RaftServerImpl.java:setRole(171)) - e864378d-96a5-4915-ae22-eb92971c1f9d:group-40AD9D2C2EF3 changes role from null to FOLLOWER at term 0 for startAsFollower
2019-08-08 03:47:11,735 INFO  server.RaftServerConfigKeys (ConfUtils.java:logGet(43)) - raft.server.log.statemachine.data.sync = true (default)
2019-08-08 03:47:11,736 INFO  server.RaftServerConfigKeys (ConfUtils.java:logGet(43)) - raft.server.snapshot.auto.trigger.enabled = true (custom)
2019-08-08 03:47:11,736 INFO  impl.RoleInfo (RoleInfo.java:updateAndGet(143)) - e864378d-96a5-4915-ae22-eb92971c1f9d: start FollowerState
2019-08-08 03:47:11,736 INFO  server.RaftServerConfigKeys (ConfUtils.java:logGet(43)) - raft.server.snapshot.auto.trigger.threshold = 10000 (custom)
2019-08-08 03:47:11,736 INFO  server.RaftServerConfigKeys (ConfUtils.java:logGet(43)) - raft.server.log.statemachine.data.sync.timeout = 10s (default)
2019-08-08 03:47:11,736 INFO  server.RaftServerConfigKeys (ConfUtils.java:logGet(43)) - raft.server.retrycache.expirytime = 600000ms (custom)
2019-08-08 03:47:11,750 INFO  util.JmxRegister (JmxRegister.java:tryRegister(44)) - Successfully registered JMX Bean with object name Ratis:service=RaftServer,group=group-40AD9D2C2EF3,id=e864378d-96a5-4915-ae22-eb92971c1f9d
2019-08-08 03:47:11,736 INFO  server.RaftServerConfigKeys (ConfUtils.java:logGet(43)) - raft.server.log.statemachine.data.sync.timeout.retry = -1 (default)
2019-08-08 03:47:11,750 INFO  impl.RaftServerImpl (RaftServerImpl.java:start(180)) - 02d56343-07ef-4e0c-96c7-d21ae89378ad: start group-40AD9D2C2EF3
2019-08-08 03:47:11,750 INFO  server.RaftServerConfigKeys (ConfUtils.java:logGet(43)) - raft.server.log.statemachine.data.caching.enabled = true (custom)
2019-08-08 03:47:11,750 INFO  impl.RaftServerImpl (RaftServerImpl.java:setRole(171)) - 02d56343-07ef-4e0c-96c7-d21ae89378ad:group-40AD9D2C2EF3 changes role from null to FOLLOWER at term 0 for startAsFollower
2019-08-08 03:47:11,758 INFO  impl.RoleInfo (RoleInfo.java:updateAndGet(143)) - 02d56343-07ef-4e0c-96c7-d21ae89378ad: start FollowerState
2019-08-08 03:47:11,758 INFO  segmented.SegmentedRaftLogWorker (SegmentedRaftLogWorker.java:lambda$new$0(132)) - 7b92e4f9-0792-4d55-98da-1f974f6e97d6-SegmentedRaftLogWorker:Storage Directory /workdir/hadoop-ozone/integration-test/target/test-dir/MiniOzoneClusterImpl-7ca575dc-1199-4ed1-bcd1-a36870a62ff3/datanode-0/data/ratis/7bfe1b32-2ae6-42de-82e9-40ad9d2c2ef3: flushIndex: setUnconditionally 0 -> -1
2019-08-08 03:47:11,759 INFO  util.JmxRegister (JmxRegister.java:tryRegister(44)) - Successfully registered JMX Bean with object name Ratis:service=RaftServer,group=group-40AD9D2C2EF3,id=02d56343-07ef-4e0c-96c7-d21ae89378ad
2019-08-08 03:47:11,759 INFO  server.RaftServerConfigKeys (ConfUtils.java:logGet(43)) - raft.server.snapshot.auto.trigger.enabled = true (custom)
2019-08-08 03:47:11,759 INFO  server.RaftServerConfigKeys (ConfUtils.java:logGet(43)) - raft.server.snapshot.auto.trigger.threshold = 10000 (custom)
2019-08-08 03:47:11,759 INFO  server.RaftServerConfigKeys (ConfUtils.java:logGet(43)) - raft.server.retrycache.expirytime = 600000ms (custom)
2019-08-08 03:47:11,760 INFO  impl.RaftServerImpl (RaftServerImpl.java:start(180)) - 7b92e4f9-0792-4d55-98da-1f974f6e97d6: start group-40AD9D2C2EF3
2019-08-08 03:47:11,760 INFO  impl.RaftServerImpl (RaftServerImpl.java:setRole(171)) - 7b92e4f9-0792-4d55-98da-1f974f6e97d6:group-40AD9D2C2EF3 changes role from null to FOLLOWER at term 0 for startAsFollower
2019-08-08 03:47:11,760 INFO  impl.RoleInfo (RoleInfo.java:updateAndGet(143)) - 7b92e4f9-0792-4d55-98da-1f974f6e97d6: start FollowerState
2019-08-08 03:47:11,761 INFO  util.JmxRegister (JmxRegister.java:tryRegister(44)) - Successfully registered JMX Bean with object name Ratis:service=RaftServer,group=group-40AD9D2C2EF3,id=7b92e4f9-0792-4d55-98da-1f974f6e97d6
2019-08-08 03:47:11,763 INFO  pipeline.PipelineStateManager (PipelineStateManager.java:addPipeline(56)) - Created pipeline Pipeline[ Id: 7bfe1b32-2ae6-42de-82e9-40ad9d2c2ef3, Nodes: 02d56343-07ef-4e0c-96c7-d21ae89378ad{ip: 192.168.5.133, host: byscane-nightly-5b87q-1102612012, networkLocation: /default-rack, certSerialId: null}e864378d-96a5-4915-ae22-eb92971c1f9d{ip: 192.168.5.133, host: byscane-nightly-5b87q-1102612012, networkLocation: /default-rack, certSerialId: null}7b92e4f9-0792-4d55-98da-1f974f6e97d6{ip: 192.168.5.133, host: byscane-nightly-5b87q-1102612012, networkLocation: /default-rack, certSerialId: null}, Type:RATIS, Factor:THREE, State:OPEN]
2019-08-08 03:47:11,850 INFO  net.NetworkTopology (NetworkTopologyImpl.java:add(110)) - Added a new node: /default-rack/8cb70791-4ae6-4613-8802-e5f9409d5895
2019-08-08 03:47:11,850 INFO  node.SCMNodeManager (SCMNodeManager.java:register(273)) - Registered Data node : 8cb70791-4ae6-4613-8802-e5f9409d5895{ip: 192.168.5.133, host: byscane-nightly-5b87q-1102612012, networkLocation: /default-rack, certSerialId: null}
2019-08-08 03:47:11,861 INFO  impl.RaftServerProxy (RaftServerProxy.java:addNew(89)) - 8cb70791-4ae6-4613-8802-e5f9409d5895: addNew group-DB3843F6F260:[8cb70791-4ae6-4613-8802-e5f9409d5895:192.168.5.133:34937] returns group-DB3843F6F260:java.util.concurrent.CompletableFuture@4130826a[Not completed]
2019-08-08 03:47:11,864 INFO  impl.RaftServerImpl (RaftServerImpl.java:<init>(93)) - 8cb70791-4ae6-4613-8802-e5f9409d5895: new RaftServerImpl for group-DB3843F6F260:[8cb70791-4ae6-4613-8802-e5f9409d5895:192.168.5.133:34937] with ContainerStateMachine:uninitialized
2019-08-08 03:47:11,865 INFO  server.RaftServerConfigKeys (ConfUtils.java:logGet(43)) - raft.server.rpc.timeout.min = 5s (custom)
2019-08-08 03:47:11,865 INFO  server.RaftServerConfigKeys (ConfUtils.java:logGet(43)) - raft.server.rpc.timeout.max = 5200ms (custom)
2019-08-08 03:47:11,865 INFO  server.RaftServerConfigKeys (ConfUtils.java:logGet(43)) - raft.server.rpcslowness.timeout = 120s (custom)
2019-08-08 03:47:11,865 INFO  server.RaftServerConfigKeys (ConfUtils.java:logGet(43)) - raft.server.sleep.deviation.threshold = 300 (default)
2019-08-08 03:47:11,865 INFO  server.RaftServerConfigKeys (ConfUtils.java:logGet(43)) - raft.server.log.appender.install.snapshot.enabled = false (custom)
2019-08-08 03:47:11,865 INFO  impl.RaftServerImpl (ServerState.java:<init>(105)) - 8cb70791-4ae6-4613-8802-e5f9409d5895:group-DB3843F6F260 ConfigurationManager, init=-1: [8cb70791-4ae6-4613-8802-e5f9409d5895:192.168.5.133:34937], old=null, confs=<EMPTY_MAP>
2019-08-08 03:47:11,866 INFO  server.RaftServerConfigKeys (ConfUtils.java:logGet(43)) - raft.server.storage.dir = [/workdir/hadoop-ozone/integration-test/target/test-dir/MiniOzoneClusterImpl-7ca575dc-1199-4ed1-bcd1-a36870a62ff3/datanode-3/data/ratis] (custom)
2019-08-08 03:47:11,866 INFO  storage.RaftStorageDirectory (RaftStorageDirectory.java:analyzeStorage(246)) - The storage directory /workdir/hadoop-ozone/integration-test/target/test-dir/MiniOzoneClusterImpl-7ca575dc-1199-4ed1-bcd1-a36870a62ff3/datanode-3/data/ratis/197f51fb-d6b5-431b-8867-db3843f6f260 does not exist. Creating ...
2019-08-08 03:47:11,880 INFO  storage.RaftStorageDirectory (RaftStorageDirectory.java:tryLock(328)) - Lock on /workdir/hadoop-ozone/integration-test/target/test-dir/MiniOzoneClusterImpl-7ca575dc-1199-4ed1-bcd1-a36870a62ff3/datanode-3/data/ratis/197f51fb-d6b5-431b-8867-db3843f6f260/in_use.lock acquired by nodename 1086@byscane-nightly-5b87q-1102612012
2019-08-08 03:47:11,893 INFO  storage.RaftStorage (RaftStorage.java:format(72)) - Storage directory /workdir/hadoop-ozone/integration-test/target/test-dir/MiniOzoneClusterImpl-7ca575dc-1199-4ed1-bcd1-a36870a62ff3/datanode-3/data/ratis/197f51fb-d6b5-431b-8867-db3843f6f260 has been successfully formatted.
2019-08-08 03:47:11,893 INFO  ratis.ContainerStateMachine (ContainerStateMachine.java:loadSnapshot(213)) - group-DB3843F6F260: The snapshot info is null. Setting the last applied indexto:(t:0, i:~)
2019-08-08 03:47:11,893 INFO  server.RaftServerConfigKeys (ConfUtils.java:logGet(43)) - raft.server.leader.election.timeout = 120s (custom)
2019-08-08 03:47:11,893 INFO  server.RaftServerConfigKeys (ConfUtils.java:logGet(43)) - raft.server.log.use.memory = false (default)
2019-08-08 03:47:11,893 INFO  server.RaftServerConfigKeys (ConfUtils.java:logGet(43)) - raft.server.log.purge.gap = 1000000000 (custom)
2019-08-08 03:47:11,894 INFO  server.RaftServerConfigKeys (ConfUtils.java:logGet(43)) - raft.server.log.appender.buffer.byte-limit = 33554432 (custom)
2019-08-08 03:47:11,894 INFO  server.RaftServerConfigKeys (ConfUtils.java:logGet(43)) - raft.server.log.segment.size.max = 1048576 (custom)
2019-08-08 03:47:11,894 INFO  server.RaftServerConfigKeys (ConfUtils.java:logGet(43)) - raft.server.log.segment.cache.num.max = 2 (custom)
2019-08-08 03:47:11,894 INFO  segmented.SegmentedRaftLogWorker (SegmentedRaftLogWorker.java:<init>(172)) - new 8cb70791-4ae6-4613-8802-e5f9409d5895-SegmentedRaftLogWorker:Storage Directory /workdir/hadoop-ozone/integration-test/target/test-dir/MiniOzoneClusterImpl-7ca575dc-1199-4ed1-bcd1-a36870a62ff3/datanode-3/data/ratis/197f51fb-d6b5-431b-8867-db3843f6f260 for RaftStorage:Storage Directory /workdir/hadoop-ozone/integration-test/target/test-dir/MiniOzoneClusterImpl-7ca575dc-1199-4ed1-bcd1-a36870a62ff3/datanode-3/data/ratis/197f51fb-d6b5-431b-8867-db3843f6f260
2019-08-08 03:47:11,894 INFO  server.RaftServerConfigKeys (ConfUtils.java:logGet(43)) - raft.server.log.queue.byte-limit = 2147483647 (custom)
2019-08-08 03:47:11,894 INFO  server.RaftServerConfigKeys (ConfUtils.java:logGet(43)) - raft.server.log.queue.element-limit = 1024 (custom)
2019-08-08 03:47:11,895 INFO  server.RaftServerConfigKeys (ConfUtils.java:logGet(43)) - raft.server.log.segment.size.max = 1048576 (custom)
2019-08-08 03:47:11,895 INFO  server.RaftServerConfigKeys (ConfUtils.java:logGet(43)) - raft.server.log.preallocated.size = 16384 (custom)
2019-08-08 03:47:11,895 INFO  server.RaftServerConfigKeys (ConfUtils.java:logGet(43)) - raft.server.log.write.buffer.size = 33554432 (custom)
2019-08-08 03:47:11,895 INFO  server.RaftServerConfigKeys (ConfUtils.java:logGet(43)) - raft.server.log.force.sync.num = 128 (default)
2019-08-08 03:47:11,895 INFO  server.RaftServerConfigKeys (ConfUtils.java:logGet(43)) - raft.server.log.statemachine.data.sync = true (default)
2019-08-08 03:47:11,896 INFO  server.RaftServerConfigKeys (ConfUtils.java:logGet(43)) - raft.server.log.statemachine.data.sync.timeout = 10s (default)
2019-08-08 03:47:11,896 INFO  server.RaftServerConfigKeys (ConfUtils.java:logGet(43)) - raft.server.log.statemachine.data.sync.timeout.retry = -1 (default)
2019-08-08 03:47:11,896 INFO  server.RaftServerConfigKeys (ConfUtils.java:logGet(43)) - raft.server.log.statemachine.data.caching.enabled = true (custom)
2019-08-08 03:47:11,897 INFO  segmented.SegmentedRaftLogWorker (SegmentedRaftLogWorker.java:lambda$new$0(132)) - 8cb70791-4ae6-4613-8802-e5f9409d5895-SegmentedRaftLogWorker:Storage Directory /workdir/hadoop-ozone/integration-test/target/test-dir/MiniOzoneClusterImpl-7ca575dc-1199-4ed1-bcd1-a36870a62ff3/datanode-3/data/ratis/197f51fb-d6b5-431b-8867-db3843f6f260: flushIndex: setUnconditionally 0 -> -1
2019-08-08 03:47:11,897 INFO  server.RaftServerConfigKeys (ConfUtils.java:logGet(43)) - raft.server.snapshot.auto.trigger.enabled = true (custom)
2019-08-08 03:47:11,897 INFO  server.RaftServerConfigKeys (ConfUtils.java:logGet(43)) - raft.server.snapshot.auto.trigger.threshold = 10000 (custom)
2019-08-08 03:47:11,897 INFO  server.RaftServerConfigKeys (ConfUtils.java:logGet(43)) - raft.server.retrycache.expirytime = 600000ms (custom)
2019-08-08 03:47:11,898 INFO  impl.RaftServerImpl (RaftServerImpl.java:start(180)) - 8cb70791-4ae6-4613-8802-e5f9409d5895: start group-DB3843F6F260
2019-08-08 03:47:11,898 INFO  impl.RaftServerImpl (RaftServerImpl.java:setRole(171)) - 8cb70791-4ae6-4613-8802-e5f9409d5895:group-DB3843F6F260 changes role from null to FOLLOWER at term 0 for startAsFollower
2019-08-08 03:47:11,898 INFO  impl.RoleInfo (RoleInfo.java:updateAndGet(143)) - 8cb70791-4ae6-4613-8802-e5f9409d5895: start FollowerState
2019-08-08 03:47:11,898 INFO  util.JmxRegister (JmxRegister.java:tryRegister(44)) - Successfully registered JMX Bean with object name Ratis:service=RaftServer,group=group-DB3843F6F260,id=8cb70791-4ae6-4613-8802-e5f9409d5895
2019-08-08 03:47:11,901 INFO  pipeline.PipelineStateManager (PipelineStateManager.java:addPipeline(56)) - Created pipeline Pipeline[ Id: 197f51fb-d6b5-431b-8867-db3843f6f260, Nodes: 8cb70791-4ae6-4613-8802-e5f9409d5895{ip: 192.168.5.133, host: byscane-nightly-5b87q-1102612012, networkLocation: /default-rack, certSerialId: null}, Type:RATIS, Factor:ONE, State:OPEN]
2019-08-08 03:47:12,224 INFO  net.NetworkTopology (NetworkTopologyImpl.java:add(110)) - Added a new node: /default-rack/6070a69d-a2e3-4a95-b4eb-67cafca61360
2019-08-08 03:47:12,225 INFO  node.SCMNodeManager (SCMNodeManager.java:register(273)) - Registered Data node : 6070a69d-a2e3-4a95-b4eb-67cafca61360{ip: 192.168.5.133, host: byscane-nightly-5b87q-1102612012, networkLocation: /default-rack, certSerialId: null}
2019-08-08 03:47:12,238 INFO  impl.RaftServerProxy (RaftServerProxy.java:addNew(89)) - 6070a69d-a2e3-4a95-b4eb-67cafca61360: addNew group-D9AD99A81851:[6070a69d-a2e3-4a95-b4eb-67cafca61360:192.168.5.133:41722] returns group-D9AD99A81851:java.util.concurrent.CompletableFuture@52c9ead9[Not completed]
2019-08-08 03:47:12,245 INFO  impl.RaftServerImpl (RaftServerImpl.java:<init>(93)) - 6070a69d-a2e3-4a95-b4eb-67cafca61360: new RaftServerImpl for group-D9AD99A81851:[6070a69d-a2e3-4a95-b4eb-67cafca61360:192.168.5.133:41722] with ContainerStateMachine:uninitialized
2019-08-08 03:47:12,245 INFO  server.RaftServerConfigKeys (ConfUtils.java:logGet(43)) - raft.server.rpc.timeout.min = 5s (custom)
2019-08-08 03:47:12,246 INFO  server.RaftServerConfigKeys (ConfUtils.java:logGet(43)) - raft.server.rpc.timeout.max = 5200ms (custom)
2019-08-08 03:47:12,246 INFO  server.RaftServerConfigKeys (ConfUtils.java:logGet(43)) - raft.server.rpcslowness.timeout = 120s (custom)
2019-08-08 03:47:12,246 INFO  server.RaftServerConfigKeys (ConfUtils.java:logGet(43)) - raft.server.sleep.deviation.threshold = 300 (default)
2019-08-08 03:47:12,246 INFO  server.RaftServerConfigKeys (ConfUtils.java:logGet(43)) - raft.server.log.appender.install.snapshot.enabled = false (custom)
2019-08-08 03:47:12,246 INFO  impl.RaftServerImpl (ServerState.java:<init>(105)) - 6070a69d-a2e3-4a95-b4eb-67cafca61360:group-D9AD99A81851 ConfigurationManager, init=-1: [6070a69d-a2e3-4a95-b4eb-67cafca61360:192.168.5.133:41722], old=null, confs=<EMPTY_MAP>
2019-08-08 03:47:12,247 INFO  server.RaftServerConfigKeys (ConfUtils.java:logGet(43)) - raft.server.storage.dir = [/workdir/hadoop-ozone/integration-test/target/test-dir/MiniOzoneClusterImpl-7ca575dc-1199-4ed1-bcd1-a36870a62ff3/datanode-4/data/ratis] (custom)
2019-08-08 03:47:12,247 INFO  storage.RaftStorageDirectory (RaftStorageDirectory.java:analyzeStorage(246)) - The storage directory /workdir/hadoop-ozone/integration-test/target/test-dir/MiniOzoneClusterImpl-7ca575dc-1199-4ed1-bcd1-a36870a62ff3/datanode-4/data/ratis/b32a6143-c5a8-4938-b010-d9ad99a81851 does not exist. Creating ...
2019-08-08 03:47:12,252 INFO  storage.RaftStorageDirectory (RaftStorageDirectory.java:tryLock(328)) - Lock on /workdir/hadoop-ozone/integration-test/target/test-dir/MiniOzoneClusterImpl-7ca575dc-1199-4ed1-bcd1-a36870a62ff3/datanode-4/data/ratis/b32a6143-c5a8-4938-b010-d9ad99a81851/in_use.lock acquired by nodename 1086@byscane-nightly-5b87q-1102612012
2019-08-08 03:47:12,256 INFO  storage.RaftStorage (RaftStorage.java:format(72)) - Storage directory /workdir/hadoop-ozone/integration-test/target/test-dir/MiniOzoneClusterImpl-7ca575dc-1199-4ed1-bcd1-a36870a62ff3/datanode-4/data/ratis/b32a6143-c5a8-4938-b010-d9ad99a81851 has been successfully formatted.
2019-08-08 03:47:12,256 INFO  ratis.ContainerStateMachine (ContainerStateMachine.java:loadSnapshot(213)) - group-D9AD99A81851: The snapshot info is null. Setting the last applied indexto:(t:0, i:~)
2019-08-08 03:47:12,257 INFO  server.RaftServerConfigKeys (ConfUtils.java:logGet(43)) - raft.server.leader.election.timeout = 120s (custom)
2019-08-08 03:47:12,257 INFO  server.RaftServerConfigKeys (ConfUtils.java:logGet(43)) - raft.server.log.use.memory = false (default)
2019-08-08 03:47:12,257 INFO  server.RaftServerConfigKeys (ConfUtils.java:logGet(43)) - raft.server.log.purge.gap = 1000000000 (custom)
2019-08-08 03:47:12,257 INFO  server.RaftServerConfigKeys (ConfUtils.java:logGet(43)) - raft.server.log.appender.buffer.byte-limit = 33554432 (custom)
2019-08-08 03:47:12,258 INFO  server.RaftServerConfigKeys (ConfUtils.java:logGet(43)) - raft.server.log.segment.size.max = 1048576 (custom)
2019-08-08 03:47:12,258 INFO  server.RaftServerConfigKeys (ConfUtils.java:logGet(43)) - raft.server.log.segment.cache.num.max = 2 (custom)
2019-08-08 03:47:12,258 INFO  segmented.SegmentedRaftLogWorker (SegmentedRaftLogWorker.java:<init>(172)) - new 6070a69d-a2e3-4a95-b4eb-67cafca61360-SegmentedRaftLogWorker:Storage Directory /workdir/hadoop-ozone/integration-test/target/test-dir/MiniOzoneClusterImpl-7ca575dc-1199-4ed1-bcd1-a36870a62ff3/datanode-4/data/ratis/b32a6143-c5a8-4938-b010-d9ad99a81851 for RaftStorage:Storage Directory /workdir/hadoop-ozone/integration-test/target/test-dir/MiniOzoneClusterImpl-7ca575dc-1199-4ed1-bcd1-a36870a62ff3/datanode-4/data/ratis/b32a6143-c5a8-4938-b010-d9ad99a81851
2019-08-08 03:47:12,258 INFO  server.RaftServerConfigKeys (ConfUtils.java:logGet(43)) - raft.server.log.queue.byte-limit = 2147483647 (custom)
2019-08-08 03:47:12,258 INFO  server.RaftServerConfigKeys (ConfUtils.java:logGet(43)) - raft.server.log.queue.element-limit = 1024 (custom)
2019-08-08 03:47:12,259 INFO  server.RaftServerConfigKeys (ConfUtils.java:logGet(43)) - raft.server.log.segment.size.max = 1048576 (custom)
2019-08-08 03:47:12,259 INFO  server.RaftServerConfigKeys (ConfUtils.java:logGet(43)) - raft.server.log.preallocated.size = 16384 (custom)
2019-08-08 03:47:12,259 INFO  server.RaftServerConfigKeys (ConfUtils.java:logGet(43)) - raft.server.log.write.buffer.size = 33554432 (custom)
2019-08-08 03:47:12,259 INFO  server.RaftServerConfigKeys (ConfUtils.java:logGet(43)) - raft.server.log.force.sync.num = 128 (default)
2019-08-08 03:47:12,260 INFO  server.RaftServerConfigKeys (ConfUtils.java:logGet(43)) - raft.server.log.statemachine.data.sync = true (default)
2019-08-08 03:47:12,260 INFO  server.RaftServerConfigKeys (ConfUtils.java:logGet(43)) - raft.server.log.statemachine.data.sync.timeout = 10s (default)
2019-08-08 03:47:12,260 INFO  server.RaftServerConfigKeys (ConfUtils.java:logGet(43)) - raft.server.log.statemachine.data.sync.timeout.retry = -1 (default)
2019-08-08 03:47:12,260 INFO  server.RaftServerConfigKeys (ConfUtils.java:logGet(43)) - raft.server.log.statemachine.data.caching.enabled = true (custom)
2019-08-08 03:47:12,261 INFO  segmented.SegmentedRaftLogWorker (SegmentedRaftLogWorker.java:lambda$new$0(132)) - 6070a69d-a2e3-4a95-b4eb-67cafca61360-SegmentedRaftLogWorker:Storage Directory /workdir/hadoop-ozone/integration-test/target/test-dir/MiniOzoneClusterImpl-7ca575dc-1199-4ed1-bcd1-a36870a62ff3/datanode-4/data/ratis/b32a6143-c5a8-4938-b010-d9ad99a81851: flushIndex: setUnconditionally 0 -> -1
2019-08-08 03:47:12,261 INFO  server.RaftServerConfigKeys (ConfUtils.java:logGet(43)) - raft.server.snapshot.auto.trigger.enabled = true (custom)
2019-08-08 03:47:12,261 INFO  server.RaftServerConfigKeys (ConfUtils.java:logGet(43)) - raft.server.snapshot.auto.trigger.threshold = 10000 (custom)
2019-08-08 03:47:12,262 INFO  server.RaftServerConfigKeys (ConfUtils.java:logGet(43)) - raft.server.retrycache.expirytime = 600000ms (custom)
2019-08-08 03:47:12,262 INFO  impl.RaftServerImpl (RaftServerImpl.java:start(180)) - 6070a69d-a2e3-4a95-b4eb-67cafca61360: start group-D9AD99A81851
2019-08-08 03:47:12,262 INFO  impl.RaftServerImpl (RaftServerImpl.java:setRole(171)) - 6070a69d-a2e3-4a95-b4eb-67cafca61360:group-D9AD99A81851 changes role from null to FOLLOWER at term 0 for startAsFollower
2019-08-08 03:47:12,262 INFO  impl.RoleInfo (RoleInfo.java:updateAndGet(143)) - 6070a69d-a2e3-4a95-b4eb-67cafca61360: start FollowerState
2019-08-08 03:47:12,263 INFO  util.JmxRegister (JmxRegister.java:tryRegister(44)) - Successfully registered JMX Bean with object name Ratis:service=RaftServer,group=group-D9AD99A81851,id=6070a69d-a2e3-4a95-b4eb-67cafca61360
2019-08-08 03:47:12,266 INFO  pipeline.PipelineStateManager (PipelineStateManager.java:addPipeline(56)) - Created pipeline Pipeline[ Id: b32a6143-c5a8-4938-b010-d9ad99a81851, Nodes: 6070a69d-a2e3-4a95-b4eb-67cafca61360{ip: 192.168.5.133, host: byscane-nightly-5b87q-1102612012, networkLocation: /default-rack, certSerialId: null}, Type:RATIS, Factor:ONE, State:OPEN]
2019-08-08 03:47:12,460 INFO  net.NetworkTopology (NetworkTopologyImpl.java:add(110)) - Added a new node: /default-rack/981f4f9a-b234-451d-b85b-0c6ec9e8e4b6
2019-08-08 03:47:12,460 INFO  node.SCMNodeManager (SCMNodeManager.java:register(273)) - Registered Data node : 981f4f9a-b234-451d-b85b-0c6ec9e8e4b6{ip: 192.168.5.133, host: byscane-nightly-5b87q-1102612012, networkLocation: /default-rack, certSerialId: null}
2019-08-08 03:47:12,471 INFO  impl.RaftServerProxy (RaftServerProxy.java:addNew(89)) - 981f4f9a-b234-451d-b85b-0c6ec9e8e4b6: addNew group-F73587CDA537:[981f4f9a-b234-451d-b85b-0c6ec9e8e4b6:192.168.5.133:44048] returns group-F73587CDA537:java.util.concurrent.CompletableFuture@41530da3[Not completed]
2019-08-08 03:47:12,476 INFO  impl.RaftServerImpl (RaftServerImpl.java:<init>(93)) - 981f4f9a-b234-451d-b85b-0c6ec9e8e4b6: new RaftServerImpl for group-F73587CDA537:[981f4f9a-b234-451d-b85b-0c6ec9e8e4b6:192.168.5.133:44048] with ContainerStateMachine:uninitialized
2019-08-08 03:47:12,477 INFO  server.RaftServerConfigKeys (ConfUtils.java:logGet(43)) - raft.server.rpc.timeout.min = 5s (custom)
2019-08-08 03:47:12,477 INFO  server.RaftServerConfigKeys (ConfUtils.java:logGet(43)) - raft.server.rpc.timeout.max = 5200ms (custom)
2019-08-08 03:47:12,477 INFO  server.RaftServerConfigKeys (ConfUtils.java:logGet(43)) - raft.server.rpcslowness.timeout = 120s (custom)
2019-08-08 03:47:12,477 INFO  server.RaftServerConfigKeys (ConfUtils.java:logGet(43)) - raft.server.sleep.deviation.threshold = 300 (default)
2019-08-08 03:47:12,478 INFO  server.RaftServerConfigKeys (ConfUtils.java:logGet(43)) - raft.server.log.appender.install.snapshot.enabled = false (custom)
2019-08-08 03:47:12,478 INFO  impl.RaftServerImpl (ServerState.java:<init>(105)) - 981f4f9a-b234-451d-b85b-0c6ec9e8e4b6:group-F73587CDA537 ConfigurationManager, init=-1: [981f4f9a-b234-451d-b85b-0c6ec9e8e4b6:192.168.5.133:44048], old=null, confs=<EMPTY_MAP>
2019-08-08 03:47:12,478 INFO  server.RaftServerConfigKeys (ConfUtils.java:logGet(43)) - raft.server.storage.dir = [/workdir/hadoop-ozone/integration-test/target/test-dir/MiniOzoneClusterImpl-7ca575dc-1199-4ed1-bcd1-a36870a62ff3/datanode-5/data/ratis] (custom)
2019-08-08 03:47:12,479 INFO  storage.RaftStorageDirectory (RaftStorageDirectory.java:analyzeStorage(246)) - The storage directory /workdir/hadoop-ozone/integration-test/target/test-dir/MiniOzoneClusterImpl-7ca575dc-1199-4ed1-bcd1-a36870a62ff3/datanode-5/data/ratis/9fd19ff8-5c8a-4a9d-ae1f-f73587cda537 does not exist. Creating ...
2019-08-08 03:47:12,483 INFO  storage.RaftStorageDirectory (RaftStorageDirectory.java:tryLock(328)) - Lock on /workdir/hadoop-ozone/integration-test/target/test-dir/MiniOzoneClusterImpl-7ca575dc-1199-4ed1-bcd1-a36870a62ff3/datanode-5/data/ratis/9fd19ff8-5c8a-4a9d-ae1f-f73587cda537/in_use.lock acquired by nodename 1086@byscane-nightly-5b87q-1102612012
2019-08-08 03:47:12,487 INFO  storage.RaftStorage (RaftStorage.java:format(72)) - Storage directory /workdir/hadoop-ozone/integration-test/target/test-dir/MiniOzoneClusterImpl-7ca575dc-1199-4ed1-bcd1-a36870a62ff3/datanode-5/data/ratis/9fd19ff8-5c8a-4a9d-ae1f-f73587cda537 has been successfully formatted.
2019-08-08 03:47:12,487 INFO  ratis.ContainerStateMachine (ContainerStateMachine.java:loadSnapshot(213)) - group-F73587CDA537: The snapshot info is null. Setting the last applied indexto:(t:0, i:~)
2019-08-08 03:47:12,487 INFO  server.RaftServerConfigKeys (ConfUtils.java:logGet(43)) - raft.server.leader.election.timeout = 120s (custom)
2019-08-08 03:47:12,488 INFO  server.RaftServerConfigKeys (ConfUtils.java:logGet(43)) - raft.server.log.use.memory = false (default)
2019-08-08 03:47:12,488 INFO  server.RaftServerConfigKeys (ConfUtils.java:logGet(43)) - raft.server.log.purge.gap = 1000000000 (custom)
2019-08-08 03:47:12,488 INFO  server.RaftServerConfigKeys (ConfUtils.java:logGet(43)) - raft.server.log.appender.buffer.byte-limit = 33554432 (custom)
2019-08-08 03:47:12,488 INFO  server.RaftServerConfigKeys (ConfUtils.java:logGet(43)) - raft.server.log.segment.size.max = 1048576 (custom)
2019-08-08 03:47:12,488 INFO  server.RaftServerConfigKeys (ConfUtils.java:logGet(43)) - raft.server.log.segment.cache.num.max = 2 (custom)
2019-08-08 03:47:12,489 INFO  segmented.SegmentedRaftLogWorker (SegmentedRaftLogWorker.java:<init>(172)) - new 981f4f9a-b234-451d-b85b-0c6ec9e8e4b6-SegmentedRaftLogWorker:Storage Directory /workdir/hadoop-ozone/integration-test/target/test-dir/MiniOzoneClusterImpl-7ca575dc-1199-4ed1-bcd1-a36870a62ff3/datanode-5/data/ratis/9fd19ff8-5c8a-4a9d-ae1f-f73587cda537 for RaftStorage:Storage Directory /workdir/hadoop-ozone/integration-test/target/test-dir/MiniOzoneClusterImpl-7ca575dc-1199-4ed1-bcd1-a36870a62ff3/datanode-5/data/ratis/9fd19ff8-5c8a-4a9d-ae1f-f73587cda537
2019-08-08 03:47:12,489 INFO  server.RaftServerConfigKeys (ConfUtils.java:logGet(43)) - raft.server.log.queue.byte-limit = 2147483647 (custom)
2019-08-08 03:47:12,489 INFO  server.RaftServerConfigKeys (ConfUtils.java:logGet(43)) - raft.server.log.queue.element-limit = 1024 (custom)
2019-08-08 03:47:12,489 INFO  server.RaftServerConfigKeys (ConfUtils.java:logGet(43)) - raft.server.log.segment.size.max = 1048576 (custom)
2019-08-08 03:47:12,490 INFO  server.RaftServerConfigKeys (ConfUtils.java:logGet(43)) - raft.server.log.preallocated.size = 16384 (custom)
2019-08-08 03:47:12,490 INFO  server.RaftServerConfigKeys (ConfUtils.java:logGet(43)) - raft.server.log.write.buffer.size = 33554432 (custom)
2019-08-08 03:47:12,490 INFO  server.RaftServerConfigKeys (ConfUtils.java:logGet(43)) - raft.server.log.force.sync.num = 128 (default)
2019-08-08 03:47:12,490 INFO  server.RaftServerConfigKeys (ConfUtils.java:logGet(43)) - raft.server.log.statemachine.data.sync = true (default)
2019-08-08 03:47:12,490 INFO  server.RaftServerConfigKeys (ConfUtils.java:logGet(43)) - raft.server.log.statemachine.data.sync.timeout = 10s (default)
2019-08-08 03:47:12,490 INFO  server.RaftServerConfigKeys (ConfUtils.java:logGet(43)) - raft.server.log.statemachine.data.sync.timeout.retry = -1 (default)
2019-08-08 03:47:12,491 INFO  server.RaftServerConfigKeys (ConfUtils.java:logGet(43)) - raft.server.log.statemachine.data.caching.enabled = true (custom)
2019-08-08 03:47:12,491 INFO  segmented.SegmentedRaftLogWorker (SegmentedRaftLogWorker.java:lambda$new$0(132)) - 981f4f9a-b234-451d-b85b-0c6ec9e8e4b6-SegmentedRaftLogWorker:Storage Directory /workdir/hadoop-ozone/integration-test/target/test-dir/MiniOzoneClusterImpl-7ca575dc-1199-4ed1-bcd1-a36870a62ff3/datanode-5/data/ratis/9fd19ff8-5c8a-4a9d-ae1f-f73587cda537: flushIndex: setUnconditionally 0 -> -1
2019-08-08 03:47:12,492 INFO  server.RaftServerConfigKeys (ConfUtils.java:logGet(43)) - raft.server.snapshot.auto.trigger.enabled = true (custom)
2019-08-08 03:47:12,492 INFO  server.RaftServerConfigKeys (ConfUtils.java:logGet(43)) - raft.server.snapshot.auto.trigger.threshold = 10000 (custom)
2019-08-08 03:47:12,492 INFO  server.RaftServerConfigKeys (ConfUtils.java:logGet(43)) - raft.server.retrycache.expirytime = 600000ms (custom)
2019-08-08 03:47:12,492 INFO  impl.RaftServerImpl (RaftServerImpl.java:start(180)) - 981f4f9a-b234-451d-b85b-0c6ec9e8e4b6: start group-F73587CDA537
2019-08-08 03:47:12,492 INFO  impl.RaftServerImpl (RaftServerImpl.java:setRole(171)) - 981f4f9a-b234-451d-b85b-0c6ec9e8e4b6:group-F73587CDA537 changes role from null to FOLLOWER at term 0 for startAsFollower
2019-08-08 03:47:12,493 INFO  impl.RoleInfo (RoleInfo.java:updateAndGet(143)) - 981f4f9a-b234-451d-b85b-0c6ec9e8e4b6: start FollowerState
2019-08-08 03:47:12,493 INFO  util.JmxRegister (JmxRegister.java:tryRegister(44)) - Successfully registered JMX Bean with object name Ratis:service=RaftServer,group=group-F73587CDA537,id=981f4f9a-b234-451d-b85b-0c6ec9e8e4b6
2019-08-08 03:47:12,496 INFO  pipeline.PipelineStateManager (PipelineStateManager.java:addPipeline(56)) - Created pipeline Pipeline[ Id: 9fd19ff8-5c8a-4a9d-ae1f-f73587cda537, Nodes: 981f4f9a-b234-451d-b85b-0c6ec9e8e4b6{ip: 192.168.5.133, host: byscane-nightly-5b87q-1102612012, networkLocation: /default-rack, certSerialId: null}, Type:RATIS, Factor:ONE, State:OPEN]
2019-08-08 03:47:12,509 INFO  impl.RaftServerProxy (RaftServerProxy.java:addNew(89)) - 6070a69d-a2e3-4a95-b4eb-67cafca61360: addNew group-513A738D928D:[981f4f9a-b234-451d-b85b-0c6ec9e8e4b6:192.168.5.133:44048, 6070a69d-a2e3-4a95-b4eb-67cafca61360:192.168.5.133:41722, 8cb70791-4ae6-4613-8802-e5f9409d5895:192.168.5.133:34937] returns group-513A738D928D:java.util.concurrent.CompletableFuture@3c33d174[Not completed]
2019-08-08 03:47:12,510 INFO  impl.RaftServerProxy (RaftServerProxy.java:addNew(89)) - 981f4f9a-b234-451d-b85b-0c6ec9e8e4b6: addNew group-513A738D928D:[981f4f9a-b234-451d-b85b-0c6ec9e8e4b6:192.168.5.133:44048, 6070a69d-a2e3-4a95-b4eb-67cafca61360:192.168.5.133:41722, 8cb70791-4ae6-4613-8802-e5f9409d5895:192.168.5.133:34937] returns group-513A738D928D:java.util.concurrent.CompletableFuture@24a39cd9[Not completed]
2019-08-08 03:47:12,510 INFO  impl.RaftServerProxy (RaftServerProxy.java:addNew(89)) - 8cb70791-4ae6-4613-8802-e5f9409d5895: addNew group-513A738D928D:[981f4f9a-b234-451d-b85b-0c6ec9e8e4b6:192.168.5.133:44048, 6070a69d-a2e3-4a95-b4eb-67cafca61360:192.168.5.133:41722, 8cb70791-4ae6-4613-8802-e5f9409d5895:192.168.5.133:34937] returns group-513A738D928D:java.util.concurrent.CompletableFuture@3318c401[Not completed]
2019-08-08 03:47:12,511 INFO  impl.RaftServerImpl (RaftServerImpl.java:<init>(93)) - 6070a69d-a2e3-4a95-b4eb-67cafca61360: new RaftServerImpl for group-513A738D928D:[981f4f9a-b234-451d-b85b-0c6ec9e8e4b6:192.168.5.133:44048, 6070a69d-a2e3-4a95-b4eb-67cafca61360:192.168.5.133:41722, 8cb70791-4ae6-4613-8802-e5f9409d5895:192.168.5.133:34937] with ContainerStateMachine:uninitialized
2019-08-08 03:47:12,511 INFO  server.RaftServerConfigKeys (ConfUtils.java:logGet(43)) - raft.server.rpc.timeout.min = 5s (custom)
2019-08-08 03:47:12,511 INFO  server.RaftServerConfigKeys (ConfUtils.java:logGet(43)) - raft.server.rpc.timeout.max = 5200ms (custom)
2019-08-08 03:47:12,511 INFO  impl.RaftServerImpl (RaftServerImpl.java:<init>(93)) - 981f4f9a-b234-451d-b85b-0c6ec9e8e4b6: new RaftServerImpl for group-513A738D928D:[981f4f9a-b234-451d-b85b-0c6ec9e8e4b6:192.168.5.133:44048, 6070a69d-a2e3-4a95-b4eb-67cafca61360:192.168.5.133:41722, 8cb70791-4ae6-4613-8802-e5f9409d5895:192.168.5.133:34937] with ContainerStateMachine:uninitialized
2019-08-08 03:47:12,511 INFO  server.RaftServerConfigKeys (ConfUtils.java:logGet(43)) - raft.server.rpcslowness.timeout = 120s (custom)
2019-08-08 03:47:12,512 INFO  server.RaftServerConfigKeys (ConfUtils.java:logGet(43)) - raft.server.rpc.timeout.min = 5s (custom)
2019-08-08 03:47:12,512 INFO  server.RaftServerConfigKeys (ConfUtils.java:logGet(43)) - raft.server.sleep.deviation.threshold = 300 (default)
2019-08-08 03:47:12,512 INFO  server.RaftServerConfigKeys (ConfUtils.java:logGet(43)) - raft.server.rpc.timeout.max = 5200ms (custom)
2019-08-08 03:47:12,512 INFO  impl.RaftServerImpl (RaftServerImpl.java:<init>(93)) - 8cb70791-4ae6-4613-8802-e5f9409d5895: new RaftServerImpl for group-513A738D928D:[981f4f9a-b234-451d-b85b-0c6ec9e8e4b6:192.168.5.133:44048, 6070a69d-a2e3-4a95-b4eb-67cafca61360:192.168.5.133:41722, 8cb70791-4ae6-4613-8802-e5f9409d5895:192.168.5.133:34937] with ContainerStateMachine:uninitialized
2019-08-08 03:47:12,512 INFO  server.RaftServerConfigKeys (ConfUtils.java:logGet(43)) - raft.server.rpcslowness.timeout = 120s (custom)
2019-08-08 03:47:12,512 INFO  server.RaftServerConfigKeys (ConfUtils.java:logGet(43)) - raft.server.sleep.deviation.threshold = 300 (default)
2019-08-08 03:47:12,512 INFO  server.RaftServerConfigKeys (ConfUtils.java:logGet(43)) - raft.server.log.appender.install.snapshot.enabled = false (custom)
2019-08-08 03:47:12,513 INFO  server.RaftServerConfigKeys (ConfUtils.java:logGet(43)) - raft.server.log.appender.install.snapshot.enabled = false (custom)
2019-08-08 03:47:12,512 INFO  server.RaftServerConfigKeys (ConfUtils.java:logGet(43)) - raft.server.rpc.timeout.min = 5s (custom)
2019-08-08 03:47:12,513 INFO  impl.RaftServerImpl (ServerState.java:<init>(105)) - 981f4f9a-b234-451d-b85b-0c6ec9e8e4b6:group-513A738D928D ConfigurationManager, init=-1: [981f4f9a-b234-451d-b85b-0c6ec9e8e4b6:192.168.5.133:44048, 6070a69d-a2e3-4a95-b4eb-67cafca61360:192.168.5.133:41722, 8cb70791-4ae6-4613-8802-e5f9409d5895:192.168.5.133:34937], old=null, confs=<EMPTY_MAP>
2019-08-08 03:47:12,513 INFO  impl.RaftServerImpl (ServerState.java:<init>(105)) - 6070a69d-a2e3-4a95-b4eb-67cafca61360:group-513A738D928D ConfigurationManager, init=-1: [981f4f9a-b234-451d-b85b-0c6ec9e8e4b6:192.168.5.133:44048, 6070a69d-a2e3-4a95-b4eb-67cafca61360:192.168.5.133:41722, 8cb70791-4ae6-4613-8802-e5f9409d5895:192.168.5.133:34937], old=null, confs=<EMPTY_MAP>
2019-08-08 03:47:12,513 INFO  server.RaftServerConfigKeys (ConfUtils.java:logGet(43)) - raft.server.storage.dir = [/workdir/hadoop-ozone/integration-test/target/test-dir/MiniOzoneClusterImpl-7ca575dc-1199-4ed1-bcd1-a36870a62ff3/datanode-5/data/ratis] (custom)
2019-08-08 03:47:12,513 INFO  server.RaftServerConfigKeys (ConfUtils.java:logGet(43)) - raft.server.rpc.timeout.max = 5200ms (custom)
2019-08-08 03:47:12,513 INFO  server.RaftServerConfigKeys (ConfUtils.java:logGet(43)) - raft.server.storage.dir = [/workdir/hadoop-ozone/integration-test/target/test-dir/MiniOzoneClusterImpl-7ca575dc-1199-4ed1-bcd1-a36870a62ff3/datanode-4/data/ratis] (custom)
2019-08-08 03:47:12,514 INFO  storage.RaftStorageDirectory (RaftStorageDirectory.java:analyzeStorage(246)) - The storage directory /workdir/hadoop-ozone/integration-test/target/test-dir/MiniOzoneClusterImpl-7ca575dc-1199-4ed1-bcd1-a36870a62ff3/datanode-5/data/ratis/39c5b30e-7124-4632-98aa-513a738d928d does not exist. Creating ...
2019-08-08 03:47:12,514 INFO  server.RaftServerConfigKeys (ConfUtils.java:logGet(43)) - raft.server.rpcslowness.timeout = 120s (custom)
2019-08-08 03:47:12,514 INFO  server.RaftServerConfigKeys (ConfUtils.java:logGet(43)) - raft.server.sleep.deviation.threshold = 300 (default)
2019-08-08 03:47:12,514 INFO  storage.RaftStorageDirectory (RaftStorageDirectory.java:analyzeStorage(246)) - The storage directory /workdir/hadoop-ozone/integration-test/target/test-dir/MiniOzoneClusterImpl-7ca575dc-1199-4ed1-bcd1-a36870a62ff3/datanode-4/data/ratis/39c5b30e-7124-4632-98aa-513a738d928d does not exist. Creating ...
2019-08-08 03:47:12,514 INFO  server.RaftServerConfigKeys (ConfUtils.java:logGet(43)) - raft.server.log.appender.install.snapshot.enabled = false (custom)
2019-08-08 03:47:12,515 INFO  impl.RaftServerImpl (ServerState.java:<init>(105)) - 8cb70791-4ae6-4613-8802-e5f9409d5895:group-513A738D928D ConfigurationManager, init=-1: [981f4f9a-b234-451d-b85b-0c6ec9e8e4b6:192.168.5.133:44048, 6070a69d-a2e3-4a95-b4eb-67cafca61360:192.168.5.133:41722, 8cb70791-4ae6-4613-8802-e5f9409d5895:192.168.5.133:34937], old=null, confs=<EMPTY_MAP>
2019-08-08 03:47:12,515 INFO  server.RaftServerConfigKeys (ConfUtils.java:logGet(43)) - raft.server.storage.dir = [/workdir/hadoop-ozone/integration-test/target/test-dir/MiniOzoneClusterImpl-7ca575dc-1199-4ed1-bcd1-a36870a62ff3/datanode-3/data/ratis] (custom)
2019-08-08 03:47:12,515 INFO  storage.RaftStorageDirectory (RaftStorageDirectory.java:analyzeStorage(246)) - The storage directory /workdir/hadoop-ozone/integration-test/target/test-dir/MiniOzoneClusterImpl-7ca575dc-1199-4ed1-bcd1-a36870a62ff3/datanode-3/data/ratis/39c5b30e-7124-4632-98aa-513a738d928d does not exist. Creating ...
2019-08-08 03:47:12,518 INFO  storage.RaftStorageDirectory (RaftStorageDirectory.java:tryLock(328)) - Lock on /workdir/hadoop-ozone/integration-test/target/test-dir/MiniOzoneClusterImpl-7ca575dc-1199-4ed1-bcd1-a36870a62ff3/datanode-3/data/ratis/39c5b30e-7124-4632-98aa-513a738d928d/in_use.lock acquired by nodename 1086@byscane-nightly-5b87q-1102612012
2019-08-08 03:47:12,518 INFO  storage.RaftStorageDirectory (RaftStorageDirectory.java:tryLock(328)) - Lock on /workdir/hadoop-ozone/integration-test/target/test-dir/MiniOzoneClusterImpl-7ca575dc-1199-4ed1-bcd1-a36870a62ff3/datanode-5/data/ratis/39c5b30e-7124-4632-98aa-513a738d928d/in_use.lock acquired by nodename 1086@byscane-nightly-5b87q-1102612012
2019-08-08 03:47:12,518 INFO  storage.RaftStorageDirectory (RaftStorageDirectory.java:tryLock(328)) - Lock on /workdir/hadoop-ozone/integration-test/target/test-dir/MiniOzoneClusterImpl-7ca575dc-1199-4ed1-bcd1-a36870a62ff3/datanode-4/data/ratis/39c5b30e-7124-4632-98aa-513a738d928d/in_use.lock acquired by nodename 1086@byscane-nightly-5b87q-1102612012
2019-08-08 03:47:12,523 INFO  storage.RaftStorage (RaftStorage.java:format(72)) - Storage directory /workdir/hadoop-ozone/integration-test/target/test-dir/MiniOzoneClusterImpl-7ca575dc-1199-4ed1-bcd1-a36870a62ff3/datanode-5/data/ratis/39c5b30e-7124-4632-98aa-513a738d928d has been successfully formatted.
2019-08-08 03:47:12,523 INFO  storage.RaftStorage (RaftStorage.java:format(72)) - Storage directory /workdir/hadoop-ozone/integration-test/target/test-dir/MiniOzoneClusterImpl-7ca575dc-1199-4ed1-bcd1-a36870a62ff3/datanode-3/data/ratis/39c5b30e-7124-4632-98aa-513a738d928d has been successfully formatted.
2019-08-08 03:47:12,523 INFO  storage.RaftStorage (RaftStorage.java:format(72)) - Storage directory /workdir/hadoop-ozone/integration-test/target/test-dir/MiniOzoneClusterImpl-7ca575dc-1199-4ed1-bcd1-a36870a62ff3/datanode-4/data/ratis/39c5b30e-7124-4632-98aa-513a738d928d has been successfully formatted.
2019-08-08 03:47:12,523 INFO  ratis.ContainerStateMachine (ContainerStateMachine.java:loadSnapshot(213)) - group-513A738D928D: The snapshot info is null. Setting the last applied indexto:(t:0, i:~)
2019-08-08 03:47:12,523 INFO  ratis.ContainerStateMachine (ContainerStateMachine.java:loadSnapshot(213)) - group-513A738D928D: The snapshot info is null. Setting the last applied indexto:(t:0, i:~)
2019-08-08 03:47:12,523 INFO  ratis.ContainerStateMachine (ContainerStateMachine.java:loadSnapshot(213)) - group-513A738D928D: The snapshot info is null. Setting the last applied indexto:(t:0, i:~)
2019-08-08 03:47:12,523 INFO  server.RaftServerConfigKeys (ConfUtils.java:logGet(43)) - raft.server.leader.election.timeout = 120s (custom)
2019-08-08 03:47:12,523 INFO  server.RaftServerConfigKeys (ConfUtils.java:logGet(43)) - raft.server.leader.election.timeout = 120s (custom)
2019-08-08 03:47:12,524 INFO  server.RaftServerConfigKeys (ConfUtils.java:logGet(43)) - raft.server.log.use.memory = false (default)
2019-08-08 03:47:12,524 INFO  server.RaftServerConfigKeys (ConfUtils.java:logGet(43)) - raft.server.leader.election.timeout = 120s (custom)
2019-08-08 03:47:12,524 INFO  server.RaftServerConfigKeys (ConfUtils.java:logGet(43)) - raft.server.log.purge.gap = 1000000000 (custom)
2019-08-08 03:47:12,524 INFO  server.RaftServerConfigKeys (ConfUtils.java:logGet(43)) - raft.server.log.use.memory = false (default)
2019-08-08 03:47:12,524 INFO  server.RaftServerConfigKeys (ConfUtils.java:logGet(43)) - raft.server.log.appender.buffer.byte-limit = 33554432 (custom)
2019-08-08 03:47:12,524 INFO  server.RaftServerConfigKeys (ConfUtils.java:logGet(43)) - raft.server.log.use.memory = false (default)
2019-08-08 03:47:12,525 INFO  server.RaftServerConfigKeys (ConfUtils.java:logGet(43)) - raft.server.log.segment.size.max = 1048576 (custom)
2019-08-08 03:47:12,524 INFO  server.RaftServerConfigKeys (ConfUtils.java:logGet(43)) - raft.server.log.purge.gap = 1000000000 (custom)
2019-08-08 03:47:12,525 INFO  server.RaftServerConfigKeys (ConfUtils.java:logGet(43)) - raft.server.log.segment.cache.num.max = 2 (custom)
2019-08-08 03:47:12,525 INFO  server.RaftServerConfigKeys (ConfUtils.java:logGet(43)) - raft.server.log.purge.gap = 1000000000 (custom)
2019-08-08 03:47:12,525 INFO  segmented.SegmentedRaftLogWorker (SegmentedRaftLogWorker.java:<init>(172)) - new 6070a69d-a2e3-4a95-b4eb-67cafca61360-SegmentedRaftLogWorker:Storage Directory /workdir/hadoop-ozone/integration-test/target/test-dir/MiniOzoneClusterImpl-7ca575dc-1199-4ed1-bcd1-a36870a62ff3/datanode-4/data/ratis/39c5b30e-7124-4632-98aa-513a738d928d for RaftStorage:Storage Directory /workdir/hadoop-ozone/integration-test/target/test-dir/MiniOzoneClusterImpl-7ca575dc-1199-4ed1-bcd1-a36870a62ff3/datanode-4/data/ratis/39c5b30e-7124-4632-98aa-513a738d928d
2019-08-08 03:47:12,525 INFO  server.RaftServerConfigKeys (ConfUtils.java:logGet(43)) - raft.server.log.appender.buffer.byte-limit = 33554432 (custom)
2019-08-08 03:47:12,526 INFO  server.RaftServerConfigKeys (ConfUtils.java:logGet(43)) - raft.server.log.queue.byte-limit = 2147483647 (custom)
2019-08-08 03:47:12,525 INFO  server.RaftServerConfigKeys (ConfUtils.java:logGet(43)) - raft.server.log.appender.buffer.byte-limit = 33554432 (custom)
2019-08-08 03:47:12,526 INFO  server.RaftServerConfigKeys (ConfUtils.java:logGet(43)) - raft.server.log.queue.element-limit = 1024 (custom)
2019-08-08 03:47:12,526 INFO  server.RaftServerConfigKeys (ConfUtils.java:logGet(43)) - raft.server.log.segment.size.max = 1048576 (custom)
2019-08-08 03:47:12,526 INFO  server.RaftServerConfigKeys (ConfUtils.java:logGet(43)) - raft.server.log.segment.size.max = 1048576 (custom)
2019-08-08 03:47:12,526 INFO  server.RaftServerConfigKeys (ConfUtils.java:logGet(43)) - raft.server.log.segment.size.max = 1048576 (custom)
2019-08-08 03:47:12,526 INFO  server.RaftServerConfigKeys (ConfUtils.java:logGet(43)) - raft.server.log.preallocated.size = 16384 (custom)
2019-08-08 03:47:12,526 INFO  server.RaftServerConfigKeys (ConfUtils.java:logGet(43)) - raft.server.log.segment.cache.num.max = 2 (custom)
2019-08-08 03:47:12,527 INFO  server.RaftServerConfigKeys (ConfUtils.java:logGet(43)) - raft.server.log.write.buffer.size = 33554432 (custom)
2019-08-08 03:47:12,527 INFO  server.RaftServerConfigKeys (ConfUtils.java:logGet(43)) - raft.server.log.force.sync.num = 128 (default)
2019-08-08 03:47:12,527 INFO  server.RaftServerConfigKeys (ConfUtils.java:logGet(43)) - raft.server.log.segment.cache.num.max = 2 (custom)
2019-08-08 03:47:12,527 INFO  server.RaftServerConfigKeys (ConfUtils.java:logGet(43)) - raft.server.log.statemachine.data.sync = true (default)
2019-08-08 03:47:12,527 INFO  segmented.SegmentedRaftLogWorker (SegmentedRaftLogWorker.java:<init>(172)) - new 8cb70791-4ae6-4613-8802-e5f9409d5895-SegmentedRaftLogWorker:Storage Directory /workdir/hadoop-ozone/integration-test/target/test-dir/MiniOzoneClusterImpl-7ca575dc-1199-4ed1-bcd1-a36870a62ff3/datanode-3/data/ratis/39c5b30e-7124-4632-98aa-513a738d928d for RaftStorage:Storage Directory /workdir/hadoop-ozone/integration-test/target/test-dir/MiniOzoneClusterImpl-7ca575dc-1199-4ed1-bcd1-a36870a62ff3/datanode-3/data/ratis/39c5b30e-7124-4632-98aa-513a738d928d
2019-08-08 03:47:12,527 INFO  server.RaftServerConfigKeys (ConfUtils.java:logGet(43)) - raft.server.log.statemachine.data.sync.timeout = 10s (default)
2019-08-08 03:47:12,527 INFO  segmented.SegmentedRaftLogWorker (SegmentedRaftLogWorker.java:<init>(172)) - new 981f4f9a-b234-451d-b85b-0c6ec9e8e4b6-SegmentedRaftLogWorker:Storage Directory /workdir/hadoop-ozone/integration-test/target/test-dir/MiniOzoneClusterImpl-7ca575dc-1199-4ed1-bcd1-a36870a62ff3/datanode-5/data/ratis/39c5b30e-7124-4632-98aa-513a738d928d for RaftStorage:Storage Directory /workdir/hadoop-ozone/integration-test/target/test-dir/MiniOzoneClusterImpl-7ca575dc-1199-4ed1-bcd1-a36870a62ff3/datanode-5/data/ratis/39c5b30e-7124-4632-98aa-513a738d928d
2019-08-08 03:47:12,528 INFO  server.RaftServerConfigKeys (ConfUtils.java:logGet(43)) - raft.server.log.statemachine.data.sync.timeout.retry = -1 (default)
2019-08-08 03:47:12,528 INFO  server.RaftServerConfigKeys (ConfUtils.java:logGet(43)) - raft.server.log.queue.byte-limit = 2147483647 (custom)
2019-08-08 03:47:12,528 INFO  server.RaftServerConfigKeys (ConfUtils.java:logGet(43)) - raft.server.log.statemachine.data.caching.enabled = true (custom)
2019-08-08 03:47:12,528 INFO  server.RaftServerConfigKeys (ConfUtils.java:logGet(43)) - raft.server.log.queue.byte-limit = 2147483647 (custom)
2019-08-08 03:47:12,528 INFO  server.RaftServerConfigKeys (ConfUtils.java:logGet(43)) - raft.server.log.queue.element-limit = 1024 (custom)
2019-08-08 03:47:12,529 INFO  server.RaftServerConfigKeys (ConfUtils.java:logGet(43)) - raft.server.log.queue.element-limit = 1024 (custom)
2019-08-08 03:47:12,529 INFO  segmented.SegmentedRaftLogWorker (SegmentedRaftLogWorker.java:lambda$new$0(132)) - 6070a69d-a2e3-4a95-b4eb-67cafca61360-SegmentedRaftLogWorker:Storage Directory /workdir/hadoop-ozone/integration-test/target/test-dir/MiniOzoneClusterImpl-7ca575dc-1199-4ed1-bcd1-a36870a62ff3/datanode-4/data/ratis/39c5b30e-7124-4632-98aa-513a738d928d: flushIndex: setUnconditionally 0 -> -1
2019-08-08 03:47:12,529 INFO  server.RaftServerConfigKeys (ConfUtils.java:logGet(43)) - raft.server.log.segment.size.max = 1048576 (custom)
2019-08-08 03:47:12,529 INFO  server.RaftServerConfigKeys (ConfUtils.java:logGet(43)) - raft.server.log.segment.size.max = 1048576 (custom)
2019-08-08 03:47:12,529 INFO  server.RaftServerConfigKeys (ConfUtils.java:logGet(43)) - raft.server.snapshot.auto.trigger.enabled = true (custom)
2019-08-08 03:47:12,529 INFO  server.RaftServerConfigKeys (ConfUtils.java:logGet(43)) - raft.server.log.preallocated.size = 16384 (custom)
2019-08-08 03:47:12,529 INFO  server.RaftServerConfigKeys (ConfUtils.java:logGet(43)) - raft.server.snapshot.auto.trigger.threshold = 10000 (custom)
2019-08-08 03:47:12,529 INFO  server.RaftServerConfigKeys (ConfUtils.java:logGet(43)) - raft.server.log.preallocated.size = 16384 (custom)
2019-08-08 03:47:12,530 INFO  server.RaftServerConfigKeys (ConfUtils.java:logGet(43)) - raft.server.retrycache.expirytime = 600000ms (custom)
2019-08-08 03:47:12,530 INFO  server.RaftServerConfigKeys (ConfUtils.java:logGet(43)) - raft.server.log.write.buffer.size = 33554432 (custom)
2019-08-08 03:47:12,530 INFO  impl.RaftServerImpl (RaftServerImpl.java:start(180)) - 6070a69d-a2e3-4a95-b4eb-67cafca61360: start group-513A738D928D
2019-08-08 03:47:12,530 INFO  server.RaftServerConfigKeys (ConfUtils.java:logGet(43)) - raft.server.log.write.buffer.size = 33554432 (custom)
2019-08-08 03:47:12,530 INFO  impl.RaftServerImpl (RaftServerImpl.java:setRole(171)) - 6070a69d-a2e3-4a95-b4eb-67cafca61360:group-513A738D928D changes role from null to FOLLOWER at term 0 for startAsFollower
2019-08-08 03:47:12,530 INFO  server.RaftServerConfigKeys (ConfUtils.java:logGet(43)) - raft.server.log.force.sync.num = 128 (default)
2019-08-08 03:47:12,531 INFO  impl.RoleInfo (RoleInfo.java:updateAndGet(143)) - 6070a69d-a2e3-4a95-b4eb-67cafca61360: start FollowerState
2019-08-08 03:47:12,530 INFO  server.RaftServerConfigKeys (ConfUtils.java:logGet(43)) - raft.server.log.force.sync.num = 128 (default)
2019-08-08 03:47:12,531 INFO  server.RaftServerConfigKeys (ConfUtils.java:logGet(43)) - raft.server.log.statemachine.data.sync = true (default)
2019-08-08 03:47:12,531 INFO  server.RaftServerConfigKeys (ConfUtils.java:logGet(43)) - raft.server.log.statemachine.data.sync = true (default)
2019-08-08 03:47:12,531 INFO  util.JmxRegister (JmxRegister.java:tryRegister(44)) - Successfully registered JMX Bean with object name Ratis:service=RaftServer,group=group-513A738D928D,id=6070a69d-a2e3-4a95-b4eb-67cafca61360
2019-08-08 03:47:12,531 INFO  server.RaftServerConfigKeys (ConfUtils.java:logGet(43)) - raft.server.log.statemachine.data.sync.timeout = 10s (default)
2019-08-08 03:47:12,531 INFO  server.RaftServerConfigKeys (ConfUtils.java:logGet(43)) - raft.server.log.statemachine.data.sync.timeout = 10s (default)
2019-08-08 03:47:12,532 INFO  server.RaftServerConfigKeys (ConfUtils.java:logGet(43)) - raft.server.log.statemachine.data.sync.timeout.retry = -1 (default)
2019-08-08 03:47:12,532 INFO  server.RaftServerConfigKeys (ConfUtils.java:logGet(43)) - raft.server.log.statemachine.data.sync.timeout.retry = -1 (default)
2019-08-08 03:47:12,532 INFO  server.RaftServerConfigKeys (ConfUtils.java:logGet(43)) - raft.server.log.statemachine.data.caching.enabled = true (custom)
2019-08-08 03:47:12,532 INFO  server.RaftServerConfigKeys (ConfUtils.java:logGet(43)) - raft.server.log.statemachine.data.caching.enabled = true (custom)
2019-08-08 03:47:12,532 INFO  segmented.SegmentedRaftLogWorker (SegmentedRaftLogWorker.java:lambda$new$0(132)) - 981f4f9a-b234-451d-b85b-0c6ec9e8e4b6-SegmentedRaftLogWorker:Storage Directory /workdir/hadoop-ozone/integration-test/target/test-dir/MiniOzoneClusterImpl-7ca575dc-1199-4ed1-bcd1-a36870a62ff3/datanode-5/data/ratis/39c5b30e-7124-4632-98aa-513a738d928d: flushIndex: setUnconditionally 0 -> -1
2019-08-08 03:47:12,533 INFO  segmented.SegmentedRaftLogWorker (SegmentedRaftLogWorker.java:lambda$new$0(132)) - 8cb70791-4ae6-4613-8802-e5f9409d5895-SegmentedRaftLogWorker:Storage Directory /workdir/hadoop-ozone/integration-test/target/test-dir/MiniOzoneClusterImpl-7ca575dc-1199-4ed1-bcd1-a36870a62ff3/datanode-3/data/ratis/39c5b30e-7124-4632-98aa-513a738d928d: flushIndex: setUnconditionally 0 -> -1
2019-08-08 03:47:12,533 INFO  server.RaftServerConfigKeys (ConfUtils.java:logGet(43)) - raft.server.snapshot.auto.trigger.enabled = true (custom)
2019-08-08 03:47:12,533 INFO  server.RaftServerConfigKeys (ConfUtils.java:logGet(43)) - raft.server.snapshot.auto.trigger.threshold = 10000 (custom)
2019-08-08 03:47:12,533 INFO  server.RaftServerConfigKeys (ConfUtils.java:logGet(43)) - raft.server.snapshot.auto.trigger.enabled = true (custom)
2019-08-08 03:47:12,533 INFO  server.RaftServerConfigKeys (ConfUtils.java:logGet(43)) - raft.server.retrycache.expirytime = 600000ms (custom)
2019-08-08 03:47:12,533 INFO  server.RaftServerConfigKeys (ConfUtils.java:logGet(43)) - raft.server.snapshot.auto.trigger.threshold = 10000 (custom)
2019-08-08 03:47:12,533 INFO  impl.RaftServerImpl (RaftServerImpl.java:start(180)) - 981f4f9a-b234-451d-b85b-0c6ec9e8e4b6: start group-513A738D928D
2019-08-08 03:47:12,534 INFO  server.RaftServerConfigKeys (ConfUtils.java:logGet(43)) - raft.server.retrycache.expirytime = 600000ms (custom)
2019-08-08 03:47:12,534 INFO  impl.RaftServerImpl (RaftServerImpl.java:setRole(171)) - 981f4f9a-b234-451d-b85b-0c6ec9e8e4b6:group-513A738D928D changes role from null to FOLLOWER at term 0 for startAsFollower
2019-08-08 03:47:12,534 INFO  impl.RaftServerImpl (RaftServerImpl.java:start(180)) - 8cb70791-4ae6-4613-8802-e5f9409d5895: start group-513A738D928D
2019-08-08 03:47:12,534 INFO  impl.RoleInfo (RoleInfo.java:updateAndGet(143)) - 981f4f9a-b234-451d-b85b-0c6ec9e8e4b6: start FollowerState
2019-08-08 03:47:12,534 INFO  impl.RaftServerImpl (RaftServerImpl.java:setRole(171)) - 8cb70791-4ae6-4613-8802-e5f9409d5895:group-513A738D928D changes role from null to FOLLOWER at term 0 for startAsFollower
2019-08-08 03:47:12,534 INFO  impl.RoleInfo (RoleInfo.java:updateAndGet(143)) - 8cb70791-4ae6-4613-8802-e5f9409d5895: start FollowerState
2019-08-08 03:47:12,534 INFO  util.JmxRegister (JmxRegister.java:tryRegister(44)) - Successfully registered JMX Bean with object name Ratis:service=RaftServer,group=group-513A738D928D,id=981f4f9a-b234-451d-b85b-0c6ec9e8e4b6
2019-08-08 03:47:12,535 INFO  util.JmxRegister (JmxRegister.java:tryRegister(44)) - Successfully registered JMX Bean with object name Ratis:service=RaftServer,group=group-513A738D928D,id=8cb70791-4ae6-4613-8802-e5f9409d5895
2019-08-08 03:47:12,537 INFO  pipeline.PipelineStateManager (PipelineStateManager.java:addPipeline(56)) - Created pipeline Pipeline[ Id: 39c5b30e-7124-4632-98aa-513a738d928d, Nodes: 8cb70791-4ae6-4613-8802-e5f9409d5895{ip: 192.168.5.133, host: byscane-nightly-5b87q-1102612012, networkLocation: /default-rack, certSerialId: null}981f4f9a-b234-451d-b85b-0c6ec9e8e4b6{ip: 192.168.5.133, host: byscane-nightly-5b87q-1102612012, networkLocation: /default-rack, certSerialId: null}6070a69d-a2e3-4a95-b4eb-67cafca61360{ip: 192.168.5.133, host: byscane-nightly-5b87q-1102612012, networkLocation: /default-rack, certSerialId: null}, Type:RATIS, Factor:THREE, State:OPEN]
2019-08-08 03:47:12,642 INFO  ozone.MiniOzoneClusterImpl (MiniOzoneClusterImpl.java:lambda$waitForClusterToBeReady$0(142)) - Waiting for cluster to be ready. Got 6 of 7 DN Heartbeats.
2019-08-08 03:47:12,643 INFO  net.NetworkTopology (NetworkTopologyImpl.java:add(110)) - Added a new node: /default-rack/9c10512b-86cb-40aa-9257-830e95186eb0
2019-08-08 03:47:12,644 INFO  node.SCMNodeManager (SCMNodeManager.java:register(273)) - Registered Data node : 9c10512b-86cb-40aa-9257-830e95186eb0{ip: 192.168.5.133, host: byscane-nightly-5b87q-1102612012, networkLocation: /default-rack, certSerialId: null}
2019-08-08 03:47:12,654 INFO  impl.RaftServerProxy (RaftServerProxy.java:addNew(89)) - 9c10512b-86cb-40aa-9257-830e95186eb0: addNew group-4FBB58A807C5:[9c10512b-86cb-40aa-9257-830e95186eb0:192.168.5.133:39683] returns group-4FBB58A807C5:java.util.concurrent.CompletableFuture@7bf0ab7b[Not completed]
2019-08-08 03:47:12,660 INFO  impl.RaftServerImpl (RaftServerImpl.java:<init>(93)) - 9c10512b-86cb-40aa-9257-830e95186eb0: new RaftServerImpl for group-4FBB58A807C5:[9c10512b-86cb-40aa-9257-830e95186eb0:192.168.5.133:39683] with ContainerStateMachine:uninitialized
2019-08-08 03:47:12,660 INFO  server.RaftServerConfigKeys (ConfUtils.java:logGet(43)) - raft.server.rpc.timeout.min = 5s (custom)
2019-08-08 03:47:12,660 INFO  server.RaftServerConfigKeys (ConfUtils.java:logGet(43)) - raft.server.rpc.timeout.max = 5200ms (custom)
2019-08-08 03:47:12,660 INFO  server.RaftServerConfigKeys (ConfUtils.java:logGet(43)) - raft.server.rpcslowness.timeout = 120s (custom)
2019-08-08 03:47:12,661 INFO  server.RaftServerConfigKeys (ConfUtils.java:logGet(43)) - raft.server.sleep.deviation.threshold = 300 (default)
2019-08-08 03:47:12,661 INFO  server.RaftServerConfigKeys (ConfUtils.java:logGet(43)) - raft.server.log.appender.install.snapshot.enabled = false (custom)
2019-08-08 03:47:12,661 INFO  impl.RaftServerImpl (ServerState.java:<init>(105)) - 9c10512b-86cb-40aa-9257-830e95186eb0:group-4FBB58A807C5 ConfigurationManager, init=-1: [9c10512b-86cb-40aa-9257-830e95186eb0:192.168.5.133:39683], old=null, confs=<EMPTY_MAP>
2019-08-08 03:47:12,661 INFO  server.RaftServerConfigKeys (ConfUtils.java:logGet(43)) - raft.server.storage.dir = [/workdir/hadoop-ozone/integration-test/target/test-dir/MiniOzoneClusterImpl-7ca575dc-1199-4ed1-bcd1-a36870a62ff3/datanode-6/data/ratis] (custom)
2019-08-08 03:47:12,662 INFO  storage.RaftStorageDirectory (RaftStorageDirectory.java:analyzeStorage(246)) - The storage directory /workdir/hadoop-ozone/integration-test/target/test-dir/MiniOzoneClusterImpl-7ca575dc-1199-4ed1-bcd1-a36870a62ff3/datanode-6/data/ratis/0fc940fa-50a7-415a-9291-4fbb58a807c5 does not exist. Creating ...
2019-08-08 03:47:12,675 INFO  storage.RaftStorageDirectory (RaftStorageDirectory.java:tryLock(328)) - Lock on /workdir/hadoop-ozone/integration-test/target/test-dir/MiniOzoneClusterImpl-7ca575dc-1199-4ed1-bcd1-a36870a62ff3/datanode-6/data/ratis/0fc940fa-50a7-415a-9291-4fbb58a807c5/in_use.lock acquired by nodename 1086@byscane-nightly-5b87q-1102612012
2019-08-08 03:47:12,684 INFO  storage.RaftStorage (RaftStorage.java:format(72)) - Storage directory /workdir/hadoop-ozone/integration-test/target/test-dir/MiniOzoneClusterImpl-7ca575dc-1199-4ed1-bcd1-a36870a62ff3/datanode-6/data/ratis/0fc940fa-50a7-415a-9291-4fbb58a807c5 has been successfully formatted.
2019-08-08 03:47:12,685 INFO  ratis.ContainerStateMachine (ContainerStateMachine.java:loadSnapshot(213)) - group-4FBB58A807C5: The snapshot info is null. Setting the last applied indexto:(t:0, i:~)
2019-08-08 03:47:12,685 INFO  server.RaftServerConfigKeys (ConfUtils.java:logGet(43)) - raft.server.leader.election.timeout = 120s (custom)
2019-08-08 03:47:12,685 INFO  server.RaftServerConfigKeys (ConfUtils.java:logGet(43)) - raft.server.log.use.memory = false (default)
2019-08-08 03:47:12,685 INFO  server.RaftServerConfigKeys (ConfUtils.java:logGet(43)) - raft.server.log.purge.gap = 1000000000 (custom)
2019-08-08 03:47:12,685 INFO  server.RaftServerConfigKeys (ConfUtils.java:logGet(43)) - raft.server.log.appender.buffer.byte-limit = 33554432 (custom)
2019-08-08 03:47:12,686 INFO  server.RaftServerConfigKeys (ConfUtils.java:logGet(43)) - raft.server.log.segment.size.max = 1048576 (custom)
2019-08-08 03:47:12,686 INFO  server.RaftServerConfigKeys (ConfUtils.java:logGet(43)) - raft.server.log.segment.cache.num.max = 2 (custom)
2019-08-08 03:47:12,686 INFO  segmented.SegmentedRaftLogWorker (SegmentedRaftLogWorker.java:<init>(172)) - new 9c10512b-86cb-40aa-9257-830e95186eb0-SegmentedRaftLogWorker:Storage Directory /workdir/hadoop-ozone/integration-test/target/test-dir/MiniOzoneClusterImpl-7ca575dc-1199-4ed1-bcd1-a36870a62ff3/datanode-6/data/ratis/0fc940fa-50a7-415a-9291-4fbb58a807c5 for RaftStorage:Storage Directory /workdir/hadoop-ozone/integration-test/target/test-dir/MiniOzoneClusterImpl-7ca575dc-1199-4ed1-bcd1-a36870a62ff3/datanode-6/data/ratis/0fc940fa-50a7-415a-9291-4fbb58a807c5
2019-08-08 03:47:12,686 INFO  server.RaftServerConfigKeys (ConfUtils.java:logGet(43)) - raft.server.log.queue.byte-limit = 2147483647 (custom)
2019-08-08 03:47:12,686 INFO  server.RaftServerConfigKeys (ConfUtils.java:logGet(43)) - raft.server.log.queue.element-limit = 1024 (custom)
2019-08-08 03:47:12,687 INFO  server.RaftServerConfigKeys (ConfUtils.java:logGet(43)) - raft.server.log.segment.size.max = 1048576 (custom)
2019-08-08 03:47:12,687 INFO  server.RaftServerConfigKeys (ConfUtils.java:logGet(43)) - raft.server.log.preallocated.size = 16384 (custom)
2019-08-08 03:47:12,687 INFO  server.RaftServerConfigKeys (ConfUtils.java:logGet(43)) - raft.server.log.write.buffer.size = 33554432 (custom)
2019-08-08 03:47:12,687 INFO  server.RaftServerConfigKeys (ConfUtils.java:logGet(43)) - raft.server.log.force.sync.num = 128 (default)
2019-08-08 03:47:12,687 INFO  server.RaftServerConfigKeys (ConfUtils.java:logGet(43)) - raft.server.log.statemachine.data.sync = true (default)
2019-08-08 03:47:12,687 INFO  server.RaftServerConfigKeys (ConfUtils.java:logGet(43)) - raft.server.log.statemachine.data.sync.timeout = 10s (default)
2019-08-08 03:47:12,688 INFO  server.RaftServerConfigKeys (ConfUtils.java:logGet(43)) - raft.server.log.statemachine.data.sync.timeout.retry = -1 (default)
2019-08-08 03:47:12,688 INFO  server.RaftServerConfigKeys (ConfUtils.java:logGet(43)) - raft.server.log.statemachine.data.caching.enabled = true (custom)
2019-08-08 03:47:12,688 INFO  segmented.SegmentedRaftLogWorker (SegmentedRaftLogWorker.java:lambda$new$0(132)) - 9c10512b-86cb-40aa-9257-830e95186eb0-SegmentedRaftLogWorker:Storage Directory /workdir/hadoop-ozone/integration-test/target/test-dir/MiniOzoneClusterImpl-7ca575dc-1199-4ed1-bcd1-a36870a62ff3/datanode-6/data/ratis/0fc940fa-50a7-415a-9291-4fbb58a807c5: flushIndex: setUnconditionally 0 -> -1
2019-08-08 03:47:12,689 INFO  server.RaftServerConfigKeys (ConfUtils.java:logGet(43)) - raft.server.snapshot.auto.trigger.enabled = true (custom)
2019-08-08 03:47:12,689 INFO  server.RaftServerConfigKeys (ConfUtils.java:logGet(43)) - raft.server.snapshot.auto.trigger.threshold = 10000 (custom)
2019-08-08 03:47:12,689 INFO  server.RaftServerConfigKeys (ConfUtils.java:logGet(43)) - raft.server.retrycache.expirytime = 600000ms (custom)
2019-08-08 03:47:12,689 INFO  impl.RaftServerImpl (RaftServerImpl.java:start(180)) - 9c10512b-86cb-40aa-9257-830e95186eb0: start group-4FBB58A807C5
2019-08-08 03:47:12,690 INFO  impl.RaftServerImpl (RaftServerImpl.java:setRole(171)) - 9c10512b-86cb-40aa-9257-830e95186eb0:group-4FBB58A807C5 changes role from null to FOLLOWER at term 0 for startAsFollower
2019-08-08 03:47:12,690 INFO  impl.RoleInfo (RoleInfo.java:updateAndGet(143)) - 9c10512b-86cb-40aa-9257-830e95186eb0: start FollowerState
2019-08-08 03:47:12,690 INFO  util.JmxRegister (JmxRegister.java:tryRegister(44)) - Successfully registered JMX Bean with object name Ratis:service=RaftServer,group=group-4FBB58A807C5,id=9c10512b-86cb-40aa-9257-830e95186eb0
2019-08-08 03:47:12,693 INFO  pipeline.PipelineStateManager (PipelineStateManager.java:addPipeline(56)) - Created pipeline Pipeline[ Id: 0fc940fa-50a7-415a-9291-4fbb58a807c5, Nodes: 9c10512b-86cb-40aa-9257-830e95186eb0{ip: 192.168.5.133, host: byscane-nightly-5b87q-1102612012, networkLocation: /default-rack, certSerialId: null}, Type:RATIS, Factor:ONE, State:OPEN]
2019-08-08 03:47:13,643 INFO  ozone.MiniOzoneClusterImpl (MiniOzoneClusterImpl.java:lambda$waitForClusterToBeReady$0(142)) - Cluster is ready. Got 7 of 7 DN Heartbeats.
2019-08-08 03:47:13,690 INFO  rpc.RpcClient (RpcClient.java:createVolume(288)) - Creating Volume: testblockoutputstreamwithretries, with jenkins1000 as owner.
2019-08-08 03:47:13,706 INFO  rpc.RpcClient (RpcClient.java:createBucket(425)) - Creating Bucket: testblockoutputstreamwithretries/testblockoutputstreamwithretries, with Versioning false and Storage Type set to DISK and Encryption set to false 
2019-08-08 03:47:13,741 INFO  client.GrpcClientProtocolClient (GrpcClientProtocolClient.java:onNext(255)) - client-603577F76FD9->02d56343-07ef-4e0c-96c7-d21ae89378ad: receive RaftClientReply:client-603577F76FD9->02d56343-07ef-4e0c-96c7-d21ae89378ad@group-40AD9D2C2EF3, cid=42, FAILED org.apache.ratis.protocol.NotLeaderException: Server 02d56343-07ef-4e0c-96c7-d21ae89378ad is not the leader (null). Request must be sent to leader., logIndex=0, commits[02d56343-07ef-4e0c-96c7-d21ae89378ad:c-1]
2019-08-08 03:47:14,241 INFO  container.ReplicationManager (ReplicationManager.java:start(155)) - Starting Replication Monitor Thread.
2019-08-08 03:47:14,247 INFO  container.ReplicationManager (ReplicationManager.java:run(207)) - Replication Monitor Thread took 0 milliseconds for processing 3 containers.
2019-08-08 03:47:14,770 INFO  client.GrpcClientProtocolClient (GrpcClientProtocolClient.java:onNext(255)) - client-603577F76FD9->7b92e4f9-0792-4d55-98da-1f974f6e97d6: receive RaftClientReply:client-603577F76FD9->7b92e4f9-0792-4d55-98da-1f974f6e97d6@group-40AD9D2C2EF3, cid=42, FAILED org.apache.ratis.protocol.NotLeaderException: Server 7b92e4f9-0792-4d55-98da-1f974f6e97d6 is not the leader (null). Request must be sent to leader., logIndex=0, commits[7b92e4f9-0792-4d55-98da-1f974f6e97d6:c-1]
2019-08-08 03:47:15,795 INFO  client.GrpcClientProtocolClient (GrpcClientProtocolClient.java:onNext(255)) - client-603577F76FD9->e864378d-96a5-4915-ae22-eb92971c1f9d: receive RaftClientReply:client-603577F76FD9->e864378d-96a5-4915-ae22-eb92971c1f9d@group-40AD9D2C2EF3, cid=42, FAILED org.apache.ratis.protocol.NotLeaderException: Server e864378d-96a5-4915-ae22-eb92971c1f9d is not the leader (null). Request must be sent to leader., logIndex=0, commits[e864378d-96a5-4915-ae22-eb92971c1f9d:c-1]
2019-08-08 03:47:16,392 INFO  impl.FollowerState (FollowerState.java:run(106)) - 7b92e4f9-0792-4d55-98da-1f974f6e97d6:group-776101046397 changes to CANDIDATE, lastRpcTime:5116, electionTimeout:5116ms
2019-08-08 03:47:16,392 INFO  impl.RoleInfo (RoleInfo.java:shutdownFollowerState(121)) - 7b92e4f9-0792-4d55-98da-1f974f6e97d6: shutdown FollowerState
2019-08-08 03:47:16,392 INFO  impl.RaftServerImpl (RaftServerImpl.java:setRole(171)) - 7b92e4f9-0792-4d55-98da-1f974f6e97d6:group-776101046397 changes role from FOLLOWER to CANDIDATE at term 0 for changeToCandidate
2019-08-08 03:47:16,393 INFO  impl.RoleInfo (RoleInfo.java:updateAndGet(143)) - 7b92e4f9-0792-4d55-98da-1f974f6e97d6: start LeaderElection
2019-08-08 03:47:16,431 INFO  impl.LeaderElection (LeaderElection.java:askForVotes(181)) - 7b92e4f9-0792-4d55-98da-1f974f6e97d6:group-776101046397:LeaderElection21: begin an election at term 1 for -1: [7b92e4f9-0792-4d55-98da-1f974f6e97d6:192.168.5.133:33634], old=null
2019-08-08 03:47:16,431 INFO  impl.RoleInfo (RoleInfo.java:shutdownLeaderElection(134)) - 7b92e4f9-0792-4d55-98da-1f974f6e97d6: shutdown LeaderElection
2019-08-08 03:47:16,431 INFO  impl.RaftServerImpl (RaftServerImpl.java:setRole(171)) - 7b92e4f9-0792-4d55-98da-1f974f6e97d6:group-776101046397 changes role from CANDIDATE to LEADER at term 1 for changeToLeader
2019-08-08 03:47:16,432 INFO  impl.RaftServerImpl (ServerState.java:setLeader(263)) - 7b92e4f9-0792-4d55-98da-1f974f6e97d6:group-776101046397 change Leader from null to 7b92e4f9-0792-4d55-98da-1f974f6e97d6 at term 1 for becomeLeader, leader elected after 5162ms
2019-08-08 03:47:16,434 INFO  server.RaftServerConfigKeys (ConfUtils.java:logGet(43)) - raft.server.staging.catchup.gap = 1000 (default)
2019-08-08 03:47:16,434 INFO  server.RaftServerConfigKeys (ConfUtils.java:logGet(43)) - raft.server.rpc.sleep.time = 25ms (default)
2019-08-08 03:47:16,435 INFO  server.RaftServerConfigKeys (ConfUtils.java:logGet(43)) - raft.server.write.element-limit = 4096 (default)
2019-08-08 03:47:16,435 INFO  server.RaftServerConfigKeys (ConfUtils.java:logGet(43)) - raft.server.watch.timeout = 10s (default)
2019-08-08 03:47:16,435 INFO  server.RaftServerConfigKeys (ConfUtils.java:logGet(43)) - raft.server.watch.timeout.denomination = 1s (default)
2019-08-08 03:47:16,435 INFO  server.RaftServerConfigKeys (ConfUtils.java:logGet(43)) - raft.server.watch.element-limit = 65536 (default)
2019-08-08 03:47:16,436 INFO  impl.RoleInfo (RoleInfo.java:updateAndGet(143)) - 7b92e4f9-0792-4d55-98da-1f974f6e97d6: start LeaderState
2019-08-08 03:47:16,437 INFO  segmented.SegmentedRaftLogWorker (SegmentedRaftLogWorker.java:startLogSegment(380)) - 7b92e4f9-0792-4d55-98da-1f974f6e97d6-SegmentedRaftLogWorker:Storage Directory /workdir/hadoop-ozone/integration-test/target/test-dir/MiniOzoneClusterImpl-7ca575dc-1199-4ed1-bcd1-a36870a62ff3/datanode-0/data/ratis/038eb5f3-0b87-467c-9e46-776101046397: Starting segment from index:0
2019-08-08 03:47:16,437 INFO  impl.RaftServerImpl (ServerState.java:setRaftConf(361)) - 7b92e4f9-0792-4d55-98da-1f974f6e97d6:group-776101046397 set configuration 0: [7b92e4f9-0792-4d55-98da-1f974f6e97d6:192.168.5.133:33634], old=null at 0
2019-08-08 03:47:16,461 INFO  segmented.SegmentedRaftLogWorker (SegmentedRaftLogWorker.java:execute(569)) - 7b92e4f9-0792-4d55-98da-1f974f6e97d6-SegmentedRaftLogWorker:Storage Directory /workdir/hadoop-ozone/integration-test/target/test-dir/MiniOzoneClusterImpl-7ca575dc-1199-4ed1-bcd1-a36870a62ff3/datanode-0/data/ratis/038eb5f3-0b87-467c-9e46-776101046397: created new log segment /workdir/hadoop-ozone/integration-test/target/test-dir/MiniOzoneClusterImpl-7ca575dc-1199-4ed1-bcd1-a36870a62ff3/datanode-0/data/ratis/038eb5f3-0b87-467c-9e46-776101046397/current/log_inprogress_0
2019-08-08 03:47:16,543 INFO  impl.FollowerState (FollowerState.java:run(106)) - e864378d-96a5-4915-ae22-eb92971c1f9d:group-70B8B1BFA2D1 changes to CANDIDATE, lastRpcTime:5061, electionTimeout:5061ms
2019-08-08 03:47:16,543 INFO  impl.RoleInfo (RoleInfo.java:shutdownFollowerState(121)) - e864378d-96a5-4915-ae22-eb92971c1f9d: shutdown FollowerState
2019-08-08 03:47:16,543 INFO  impl.RaftServerImpl (RaftServerImpl.java:setRole(171)) - e864378d-96a5-4915-ae22-eb92971c1f9d:group-70B8B1BFA2D1 changes role from FOLLOWER to CANDIDATE at term 0 for changeToCandidate
2019-08-08 03:47:16,544 INFO  impl.RoleInfo (RoleInfo.java:updateAndGet(143)) - e864378d-96a5-4915-ae22-eb92971c1f9d: start LeaderElection
2019-08-08 03:47:16,555 INFO  impl.LeaderElection (LeaderElection.java:askForVotes(181)) - e864378d-96a5-4915-ae22-eb92971c1f9d:group-70B8B1BFA2D1:LeaderElection22: begin an election at term 1 for -1: [e864378d-96a5-4915-ae22-eb92971c1f9d:192.168.5.133:35042], old=null
2019-08-08 03:47:16,555 INFO  impl.RoleInfo (RoleInfo.java:shutdownLeaderElection(134)) - e864378d-96a5-4915-ae22-eb92971c1f9d: shutdown LeaderElection
2019-08-08 03:47:16,555 INFO  impl.RaftServerImpl (RaftServerImpl.java:setRole(171)) - e864378d-96a5-4915-ae22-eb92971c1f9d:group-70B8B1BFA2D1 changes role from CANDIDATE to LEADER at term 1 for changeToLeader
2019-08-08 03:47:16,556 INFO  impl.RaftServerImpl (ServerState.java:setLeader(263)) - e864378d-96a5-4915-ae22-eb92971c1f9d:group-70B8B1BFA2D1 change Leader from null to e864378d-96a5-4915-ae22-eb92971c1f9d at term 1 for becomeLeader, leader elected after 5079ms
2019-08-08 03:47:16,558 INFO  server.RaftServerConfigKeys (ConfUtils.java:logGet(43)) - raft.server.staging.catchup.gap = 1000 (default)
2019-08-08 03:47:16,558 INFO  server.RaftServerConfigKeys (ConfUtils.java:logGet(43)) - raft.server.rpc.sleep.time = 25ms (default)
2019-08-08 03:47:16,559 INFO  server.RaftServerConfigKeys (ConfUtils.java:logGet(43)) - raft.server.write.element-limit = 4096 (default)
2019-08-08 03:47:16,559 INFO  server.RaftServerConfigKeys (ConfUtils.java:logGet(43)) - raft.server.watch.timeout = 10s (default)
2019-08-08 03:47:16,559 INFO  server.RaftServerConfigKeys (ConfUtils.java:logGet(43)) - raft.server.watch.timeout.denomination = 1s (default)
2019-08-08 03:47:16,559 INFO  server.RaftServerConfigKeys (ConfUtils.java:logGet(43)) - raft.server.watch.element-limit = 65536 (default)
2019-08-08 03:47:16,559 INFO  impl.RoleInfo (RoleInfo.java:updateAndGet(143)) - e864378d-96a5-4915-ae22-eb92971c1f9d: start LeaderState
2019-08-08 03:47:16,560 INFO  segmented.SegmentedRaftLogWorker (SegmentedRaftLogWorker.java:startLogSegment(380)) - e864378d-96a5-4915-ae22-eb92971c1f9d-SegmentedRaftLogWorker:Storage Directory /workdir/hadoop-ozone/integration-test/target/test-dir/MiniOzoneClusterImpl-7ca575dc-1199-4ed1-bcd1-a36870a62ff3/datanode-1/data/ratis/110c4938-91de-4389-abb5-70b8b1bfa2d1: Starting segment from index:0
2019-08-08 03:47:16,560 INFO  impl.RaftServerImpl (ServerState.java:setRaftConf(361)) - e864378d-96a5-4915-ae22-eb92971c1f9d:group-70B8B1BFA2D1 set configuration 0: [e864378d-96a5-4915-ae22-eb92971c1f9d:192.168.5.133:35042], old=null at 0
2019-08-08 03:47:16,619 INFO  segmented.SegmentedRaftLogWorker (SegmentedRaftLogWorker.java:execute(569)) - e864378d-96a5-4915-ae22-eb92971c1f9d-SegmentedRaftLogWorker:Storage Directory /workdir/hadoop-ozone/integration-test/target/test-dir/MiniOzoneClusterImpl-7ca575dc-1199-4ed1-bcd1-a36870a62ff3/datanode-1/data/ratis/110c4938-91de-4389-abb5-70b8b1bfa2d1: created new log segment /workdir/hadoop-ozone/integration-test/target/test-dir/MiniOzoneClusterImpl-7ca575dc-1199-4ed1-bcd1-a36870a62ff3/datanode-1/data/ratis/110c4938-91de-4389-abb5-70b8b1bfa2d1/current/log_inprogress_0
2019-08-08 03:47:16,786 INFO  impl.FollowerState (FollowerState.java:run(106)) - 02d56343-07ef-4e0c-96c7-d21ae89378ad:group-40AD9D2C2EF3 changes to CANDIDATE, lastRpcTime:5027, electionTimeout:5027ms
2019-08-08 03:47:16,786 INFO  impl.RoleInfo (RoleInfo.java:shutdownFollowerState(121)) - 02d56343-07ef-4e0c-96c7-d21ae89378ad: shutdown FollowerState
2019-08-08 03:47:16,786 INFO  impl.RaftServerImpl (RaftServerImpl.java:setRole(171)) - 02d56343-07ef-4e0c-96c7-d21ae89378ad:group-40AD9D2C2EF3 changes role from FOLLOWER to CANDIDATE at term 0 for changeToCandidate
2019-08-08 03:47:16,786 INFO  impl.RoleInfo (RoleInfo.java:updateAndGet(143)) - 02d56343-07ef-4e0c-96c7-d21ae89378ad: start LeaderElection
2019-08-08 03:47:16,797 INFO  impl.LeaderElection (LeaderElection.java:askForVotes(181)) - 02d56343-07ef-4e0c-96c7-d21ae89378ad:group-40AD9D2C2EF3:LeaderElection23: begin an election at term 1 for -1: [e864378d-96a5-4915-ae22-eb92971c1f9d:192.168.5.133:35042, 02d56343-07ef-4e0c-96c7-d21ae89378ad:192.168.5.133:34665, 7b92e4f9-0792-4d55-98da-1f974f6e97d6:192.168.5.133:33634], old=null
2019-08-08 03:47:16,804 INFO  impl.RaftServerImpl (RaftServerImpl.java:setRole(171)) - e864378d-96a5-4915-ae22-eb92971c1f9d:group-40AD9D2C2EF3 changes role from FOLLOWER to FOLLOWER at term 1 for recognizeCandidate:02d56343-07ef-4e0c-96c7-d21ae89378ad
2019-08-08 03:47:16,804 INFO  impl.RaftServerImpl (RaftServerImpl.java:setRole(171)) - 7b92e4f9-0792-4d55-98da-1f974f6e97d6:group-40AD9D2C2EF3 changes role from FOLLOWER to FOLLOWER at term 1 for recognizeCandidate:02d56343-07ef-4e0c-96c7-d21ae89378ad
2019-08-08 03:47:16,804 INFO  impl.RoleInfo (RoleInfo.java:shutdownFollowerState(121)) - e864378d-96a5-4915-ae22-eb92971c1f9d: shutdown FollowerState
2019-08-08 03:47:16,804 INFO  impl.RoleInfo (RoleInfo.java:shutdownFollowerState(121)) - 7b92e4f9-0792-4d55-98da-1f974f6e97d6: shutdown FollowerState
2019-08-08 03:47:16,804 INFO  impl.FollowerState (FollowerState.java:run(114)) - e864378d-96a5-4915-ae22-eb92971c1f9d: FollowerState was interrupted: java.lang.InterruptedException: sleep interrupted
2019-08-08 03:47:16,805 INFO  impl.RoleInfo (RoleInfo.java:updateAndGet(143)) - 7b92e4f9-0792-4d55-98da-1f974f6e97d6: start FollowerState
2019-08-08 03:47:16,804 INFO  impl.RoleInfo (RoleInfo.java:updateAndGet(143)) - e864378d-96a5-4915-ae22-eb92971c1f9d: start FollowerState
2019-08-08 03:47:16,805 INFO  impl.FollowerState (FollowerState.java:run(114)) - 7b92e4f9-0792-4d55-98da-1f974f6e97d6: FollowerState was interrupted: java.lang.InterruptedException: sleep interrupted
2019-08-08 03:47:16,817 INFO  impl.LeaderElection (LeaderElection.java:logAndReturn(56)) - 02d56343-07ef-4e0c-96c7-d21ae89378ad:group-40AD9D2C2EF3:LeaderElection23: Election PASSED; received 1 response(s) [02d56343-07ef-4e0c-96c7-d21ae89378ad<-e864378d-96a5-4915-ae22-eb92971c1f9d#0:OK-t1] and 0 exception(s); 02d56343-07ef-4e0c-96c7-d21ae89378ad:t1, leader=null, voted=02d56343-07ef-4e0c-96c7-d21ae89378ad, raftlog=02d56343-07ef-4e0c-96c7-d21ae89378ad-SegmentedRaftLog:OPENED:c-1,f-1,i0, conf=-1: [e864378d-96a5-4915-ae22-eb92971c1f9d:192.168.5.133:35042, 02d56343-07ef-4e0c-96c7-d21ae89378ad:192.168.5.133:34665, 7b92e4f9-0792-4d55-98da-1f974f6e97d6:192.168.5.133:33634], old=null
2019-08-08 03:47:16,817 INFO  impl.RoleInfo (RoleInfo.java:shutdownLeaderElection(134)) - 02d56343-07ef-4e0c-96c7-d21ae89378ad: shutdown LeaderElection
2019-08-08 03:47:16,817 INFO  client.GrpcClientProtocolClient (GrpcClientProtocolClient.java:onNext(255)) - client-603577F76FD9->7b92e4f9-0792-4d55-98da-1f974f6e97d6: receive RaftClientReply:client-603577F76FD9->7b92e4f9-0792-4d55-98da-1f974f6e97d6@group-40AD9D2C2EF3, cid=42, FAILED org.apache.ratis.protocol.NotLeaderException: Server 7b92e4f9-0792-4d55-98da-1f974f6e97d6 is not the leader (null). Request must be sent to leader., logIndex=0, commits[7b92e4f9-0792-4d55-98da-1f974f6e97d6:c-1]
2019-08-08 03:47:16,817 INFO  impl.RaftServerImpl (RaftServerImpl.java:setRole(171)) - 02d56343-07ef-4e0c-96c7-d21ae89378ad:group-40AD9D2C2EF3 changes role from CANDIDATE to LEADER at term 1 for changeToLeader
2019-08-08 03:47:16,820 INFO  impl.RaftServerImpl (ServerState.java:setLeader(263)) - 02d56343-07ef-4e0c-96c7-d21ae89378ad:group-40AD9D2C2EF3 change Leader from null to 02d56343-07ef-4e0c-96c7-d21ae89378ad at term 1 for becomeLeader, leader elected after 5094ms
2019-08-08 03:47:16,827 INFO  server.RaftServerConfigKeys (ConfUtils.java:logGet(43)) - raft.server.staging.catchup.gap = 1000 (default)
2019-08-08 03:47:16,827 INFO  server.RaftServerConfigKeys (ConfUtils.java:logGet(43)) - raft.server.rpc.sleep.time = 25ms (default)
2019-08-08 03:47:16,827 INFO  server.RaftServerConfigKeys (ConfUtils.java:logGet(43)) - raft.server.write.element-limit = 4096 (default)
2019-08-08 03:47:16,829 INFO  server.RaftServerConfigKeys (ConfUtils.java:logGet(43)) - raft.server.watch.timeout = 10s (default)
2019-08-08 03:47:16,830 INFO  server.RaftServerConfigKeys (ConfUtils.java:logGet(43)) - raft.server.watch.timeout.denomination = 1s (default)
2019-08-08 03:47:16,830 INFO  server.RaftServerConfigKeys (ConfUtils.java:logGet(43)) - raft.server.watch.element-limit = 65536 (default)
2019-08-08 03:47:16,830 INFO  server.RaftServerConfigKeys (ConfUtils.java:logGet(43)) - raft.server.log.appender.snapshot.chunk.size.max = 16MB (=16777216) (default)
2019-08-08 03:47:16,830 INFO  server.RaftServerConfigKeys (ConfUtils.java:logGet(43)) - raft.server.log.appender.buffer.byte-limit = 33554432 (custom)
2019-08-08 03:47:16,830 INFO  server.RaftServerConfigKeys (ConfUtils.java:logGet(43)) - raft.server.log.appender.buffer.element-limit = 1 (custom)
2019-08-08 03:47:16,831 INFO  grpc.GrpcConfigKeys$Server (ConfUtils.java:logGet(43)) - raft.grpc.server.leader.outstanding.appends.max = 128 (default)
2019-08-08 03:47:16,831 INFO  server.RaftServerConfigKeys (ConfUtils.java:logGet(43)) - raft.server.rpc.request.timeout = 3000ms (default)
2019-08-08 03:47:16,831 INFO  server.RaftServerConfigKeys (ConfUtils.java:logGet(43)) - raft.server.log.appender.install.snapshot.enabled = false (custom)
2019-08-08 03:47:16,831 INFO  server.RaftServerConfigKeys (ConfUtils.java:logGet(43)) - raft.server.log.appender.snapshot.chunk.size.max = 16MB (=16777216) (default)
2019-08-08 03:47:16,831 INFO  server.RaftServerConfigKeys (ConfUtils.java:logGet(43)) - raft.server.log.appender.buffer.byte-limit = 33554432 (custom)
2019-08-08 03:47:16,832 INFO  server.RaftServerConfigKeys (ConfUtils.java:logGet(43)) - raft.server.log.appender.buffer.element-limit = 1 (custom)
2019-08-08 03:47:16,832 INFO  grpc.GrpcConfigKeys$Server (ConfUtils.java:logGet(43)) - raft.grpc.server.leader.outstanding.appends.max = 128 (default)
2019-08-08 03:47:16,832 INFO  server.RaftServerConfigKeys (ConfUtils.java:logGet(43)) - raft.server.rpc.request.timeout = 3000ms (default)
2019-08-08 03:47:16,832 INFO  server.RaftServerConfigKeys (ConfUtils.java:logGet(43)) - raft.server.log.appender.install.snapshot.enabled = false (custom)
2019-08-08 03:47:16,832 INFO  impl.RoleInfo (RoleInfo.java:updateAndGet(143)) - 02d56343-07ef-4e0c-96c7-d21ae89378ad: start LeaderState
2019-08-08 03:47:16,833 INFO  segmented.SegmentedRaftLogWorker (SegmentedRaftLogWorker.java:startLogSegment(380)) - 02d56343-07ef-4e0c-96c7-d21ae89378ad-SegmentedRaftLogWorker:Storage Directory /workdir/hadoop-ozone/integration-test/target/test-dir/MiniOzoneClusterImpl-7ca575dc-1199-4ed1-bcd1-a36870a62ff3/datanode-2/data/ratis/7bfe1b32-2ae6-42de-82e9-40ad9d2c2ef3: Starting segment from index:0
2019-08-08 03:47:16,834 INFO  impl.RaftServerImpl (ServerState.java:setRaftConf(361)) - 02d56343-07ef-4e0c-96c7-d21ae89378ad:group-40AD9D2C2EF3 set configuration 0: [e864378d-96a5-4915-ae22-eb92971c1f9d:192.168.5.133:35042, 02d56343-07ef-4e0c-96c7-d21ae89378ad:192.168.5.133:34665, 7b92e4f9-0792-4d55-98da-1f974f6e97d6:192.168.5.133:33634], old=null at 0
2019-08-08 03:47:16,876 INFO  impl.RaftServerImpl (ServerState.java:setLeader(263)) - 7b92e4f9-0792-4d55-98da-1f974f6e97d6:group-40AD9D2C2EF3 change Leader from null to 02d56343-07ef-4e0c-96c7-d21ae89378ad at term 1 for appendEntries, leader elected after 5150ms
2019-08-08 03:47:16,876 INFO  impl.RaftServerImpl (ServerState.java:setLeader(263)) - e864378d-96a5-4915-ae22-eb92971c1f9d:group-40AD9D2C2EF3 change Leader from null to 02d56343-07ef-4e0c-96c7-d21ae89378ad at term 1 for appendEntries, leader elected after 5150ms
2019-08-08 03:47:16,876 INFO  impl.FollowerState (FollowerState.java:run(106)) - 02d56343-07ef-4e0c-96c7-d21ae89378ad:group-2A345C320596 changes to CANDIDATE, lastRpcTime:5187, electionTimeout:5187ms
2019-08-08 03:47:16,876 INFO  impl.RoleInfo (RoleInfo.java:shutdownFollowerState(121)) - 02d56343-07ef-4e0c-96c7-d21ae89378ad: shutdown FollowerState
2019-08-08 03:47:16,877 INFO  impl.RaftServerImpl (RaftServerImpl.java:setRole(171)) - 02d56343-07ef-4e0c-96c7-d21ae89378ad:group-2A345C320596 changes role from FOLLOWER to CANDIDATE at term 0 for changeToCandidate
2019-08-08 03:47:16,877 INFO  impl.RoleInfo (RoleInfo.java:updateAndGet(143)) - 02d56343-07ef-4e0c-96c7-d21ae89378ad: start LeaderElection
2019-08-08 03:47:16,897 INFO  impl.RaftServerImpl (ServerState.java:setRaftConf(361)) - e864378d-96a5-4915-ae22-eb92971c1f9d:group-40AD9D2C2EF3 set configuration 0: [e864378d-96a5-4915-ae22-eb92971c1f9d:192.168.5.133:35042, 02d56343-07ef-4e0c-96c7-d21ae89378ad:192.168.5.133:34665, 7b92e4f9-0792-4d55-98da-1f974f6e97d6:192.168.5.133:33634], old=null at 0
2019-08-08 03:47:16,897 INFO  impl.RaftServerImpl (ServerState.java:setRaftConf(361)) - 7b92e4f9-0792-4d55-98da-1f974f6e97d6:group-40AD9D2C2EF3 set configuration 0: [e864378d-96a5-4915-ae22-eb92971c1f9d:192.168.5.133:35042, 02d56343-07ef-4e0c-96c7-d21ae89378ad:192.168.5.133:34665, 7b92e4f9-0792-4d55-98da-1f974f6e97d6:192.168.5.133:33634], old=null at 0
2019-08-08 03:47:16,897 INFO  segmented.SegmentedRaftLogWorker (SegmentedRaftLogWorker.java:startLogSegment(380)) - e864378d-96a5-4915-ae22-eb92971c1f9d-SegmentedRaftLogWorker:Storage Directory /workdir/hadoop-ozone/integration-test/target/test-dir/MiniOzoneClusterImpl-7ca575dc-1199-4ed1-bcd1-a36870a62ff3/datanode-1/data/ratis/7bfe1b32-2ae6-42de-82e9-40ad9d2c2ef3: Starting segment from index:0
2019-08-08 03:47:16,897 INFO  segmented.SegmentedRaftLogWorker (SegmentedRaftLogWorker.java:startLogSegment(380)) - 7b92e4f9-0792-4d55-98da-1f974f6e97d6-SegmentedRaftLogWorker:Storage Directory /workdir/hadoop-ozone/integration-test/target/test-dir/MiniOzoneClusterImpl-7ca575dc-1199-4ed1-bcd1-a36870a62ff3/datanode-0/data/ratis/7bfe1b32-2ae6-42de-82e9-40ad9d2c2ef3: Starting segment from index:0
2019-08-08 03:47:16,898 INFO  segmented.SegmentedRaftLogWorker (SegmentedRaftLogWorker.java:execute(569)) - 02d56343-07ef-4e0c-96c7-d21ae89378ad-SegmentedRaftLogWorker:Storage Directory /workdir/hadoop-ozone/integration-test/target/test-dir/MiniOzoneClusterImpl-7ca575dc-1199-4ed1-bcd1-a36870a62ff3/datanode-2/data/ratis/7bfe1b32-2ae6-42de-82e9-40ad9d2c2ef3: created new log segment /workdir/hadoop-ozone/integration-test/target/test-dir/MiniOzoneClusterImpl-7ca575dc-1199-4ed1-bcd1-a36870a62ff3/datanode-2/data/ratis/7bfe1b32-2ae6-42de-82e9-40ad9d2c2ef3/current/log_inprogress_0
2019-08-08 03:47:16,901 INFO  impl.LeaderElection (LeaderElection.java:askForVotes(181)) - 02d56343-07ef-4e0c-96c7-d21ae89378ad:group-2A345C320596:LeaderElection24: begin an election at term 1 for -1: [02d56343-07ef-4e0c-96c7-d21ae89378ad:192.168.5.133:34665], old=null
2019-08-08 03:47:16,901 INFO  impl.RoleInfo (RoleInfo.java:shutdownLeaderElection(134)) - 02d56343-07ef-4e0c-96c7-d21ae89378ad: shutdown LeaderElection
2019-08-08 03:47:16,901 INFO  impl.RaftServerImpl (RaftServerImpl.java:setRole(171)) - 02d56343-07ef-4e0c-96c7-d21ae89378ad:group-2A345C320596 changes role from CANDIDATE to LEADER at term 1 for changeToLeader
2019-08-08 03:47:16,901 INFO  impl.RaftServerImpl (ServerState.java:setLeader(263)) - 02d56343-07ef-4e0c-96c7-d21ae89378ad:group-2A345C320596 change Leader from null to 02d56343-07ef-4e0c-96c7-d21ae89378ad at term 1 for becomeLeader, leader elected after 5218ms
2019-08-08 03:47:16,901 INFO  server.RaftServerConfigKeys (ConfUtils.java:logGet(43)) - raft.server.staging.catchup.gap = 1000 (default)
2019-08-08 03:47:16,901 INFO  server.RaftServerConfigKeys (ConfUtils.java:logGet(43)) - raft.server.rpc.sleep.time = 25ms (default)
2019-08-08 03:47:16,902 INFO  server.RaftServerConfigKeys (ConfUtils.java:logGet(43)) - raft.server.write.element-limit = 4096 (default)
2019-08-08 03:47:16,902 INFO  server.RaftServerConfigKeys (ConfUtils.java:logGet(43)) - raft.server.watch.timeout = 10s (default)
2019-08-08 03:47:16,902 INFO  server.RaftServerConfigKeys (ConfUtils.java:logGet(43)) - raft.server.watch.timeout.denomination = 1s (default)
2019-08-08 03:47:16,902 INFO  server.RaftServerConfigKeys (ConfUtils.java:logGet(43)) - raft.server.watch.element-limit = 65536 (default)
2019-08-08 03:47:16,902 INFO  impl.RoleInfo (RoleInfo.java:updateAndGet(143)) - 02d56343-07ef-4e0c-96c7-d21ae89378ad: start LeaderState
2019-08-08 03:47:16,903 INFO  segmented.SegmentedRaftLogWorker (SegmentedRaftLogWorker.java:startLogSegment(380)) - 02d56343-07ef-4e0c-96c7-d21ae89378ad-SegmentedRaftLogWorker:Storage Directory /workdir/hadoop-ozone/integration-test/target/test-dir/MiniOzoneClusterImpl-7ca575dc-1199-4ed1-bcd1-a36870a62ff3/datanode-2/data/ratis/17add576-5a05-4d40-8d31-2a345c320596: Starting segment from index:0
2019-08-08 03:47:16,903 INFO  impl.RaftServerImpl (ServerState.java:setRaftConf(361)) - 02d56343-07ef-4e0c-96c7-d21ae89378ad:group-2A345C320596 set configuration 0: [02d56343-07ef-4e0c-96c7-d21ae89378ad:192.168.5.133:34665], old=null at 0
2019-08-08 03:47:16,960 INFO  segmented.SegmentedRaftLogWorker (SegmentedRaftLogWorker.java:execute(569)) - 02d56343-07ef-4e0c-96c7-d21ae89378ad-SegmentedRaftLogWorker:Storage Directory /workdir/hadoop-ozone/integration-test/target/test-dir/MiniOzoneClusterImpl-7ca575dc-1199-4ed1-bcd1-a36870a62ff3/datanode-2/data/ratis/17add576-5a05-4d40-8d31-2a345c320596: created new log segment /workdir/hadoop-ozone/integration-test/target/test-dir/MiniOzoneClusterImpl-7ca575dc-1199-4ed1-bcd1-a36870a62ff3/datanode-2/data/ratis/17add576-5a05-4d40-8d31-2a345c320596/current/log_inprogress_0
2019-08-08 03:47:16,960 INFO  segmented.SegmentedRaftLogWorker (SegmentedRaftLogWorker.java:execute(569)) - e864378d-96a5-4915-ae22-eb92971c1f9d-SegmentedRaftLogWorker:Storage Directory /workdir/hadoop-ozone/integration-test/target/test-dir/MiniOzoneClusterImpl-7ca575dc-1199-4ed1-bcd1-a36870a62ff3/datanode-1/data/ratis/7bfe1b32-2ae6-42de-82e9-40ad9d2c2ef3: created new log segment /workdir/hadoop-ozone/integration-test/target/test-dir/MiniOzoneClusterImpl-7ca575dc-1199-4ed1-bcd1-a36870a62ff3/datanode-1/data/ratis/7bfe1b32-2ae6-42de-82e9-40ad9d2c2ef3/current/log_inprogress_0
2019-08-08 03:47:16,960 INFO  segmented.SegmentedRaftLogWorker (SegmentedRaftLogWorker.java:execute(569)) - 7b92e4f9-0792-4d55-98da-1f974f6e97d6-SegmentedRaftLogWorker:Storage Directory /workdir/hadoop-ozone/integration-test/target/test-dir/MiniOzoneClusterImpl-7ca575dc-1199-4ed1-bcd1-a36870a62ff3/datanode-0/data/ratis/7bfe1b32-2ae6-42de-82e9-40ad9d2c2ef3: created new log segment /workdir/hadoop-ozone/integration-test/target/test-dir/MiniOzoneClusterImpl-7ca575dc-1199-4ed1-bcd1-a36870a62ff3/datanode-0/data/ratis/7bfe1b32-2ae6-42de-82e9-40ad9d2c2ef3/current/log_inprogress_0
2019-08-08 03:47:17,008 INFO  impl.FollowerState (FollowerState.java:run(106)) - 8cb70791-4ae6-4613-8802-e5f9409d5895:group-DB3843F6F260 changes to CANDIDATE, lastRpcTime:5109, electionTimeout:5109ms
2019-08-08 03:47:17,008 INFO  impl.RoleInfo (RoleInfo.java:shutdownFollowerState(121)) - 8cb70791-4ae6-4613-8802-e5f9409d5895: shutdown FollowerState
2019-08-08 03:47:17,008 INFO  impl.RaftServerImpl (RaftServerImpl.java:setRole(171)) - 8cb70791-4ae6-4613-8802-e5f9409d5895:group-DB3843F6F260 changes role from FOLLOWER to CANDIDATE at term 0 for changeToCandidate
2019-08-08 03:47:17,008 INFO  impl.RoleInfo (RoleInfo.java:updateAndGet(143)) - 8cb70791-4ae6-4613-8802-e5f9409d5895: start LeaderElection
2019-08-08 03:47:17,019 INFO  impl.LeaderElection (LeaderElection.java:askForVotes(181)) - 8cb70791-4ae6-4613-8802-e5f9409d5895:group-DB3843F6F260:LeaderElection25: begin an election at term 1 for -1: [8cb70791-4ae6-4613-8802-e5f9409d5895:192.168.5.133:34937], old=null
2019-08-08 03:47:17,019 INFO  impl.RoleInfo (RoleInfo.java:shutdownLeaderElection(134)) - 8cb70791-4ae6-4613-8802-e5f9409d5895: shutdown LeaderElection
2019-08-08 03:47:17,019 INFO  impl.RaftServerImpl (RaftServerImpl.java:setRole(171)) - 8cb70791-4ae6-4613-8802-e5f9409d5895:group-DB3843F6F260 changes role from CANDIDATE to LEADER at term 1 for changeToLeader
2019-08-08 03:47:17,019 INFO  impl.RaftServerImpl (ServerState.java:setLeader(263)) - 8cb70791-4ae6-4613-8802-e5f9409d5895:group-DB3843F6F260 change Leader from null to 8cb70791-4ae6-4613-8802-e5f9409d5895 at term 1 for becomeLeader, leader elected after 5126ms
2019-08-08 03:47:17,022 INFO  server.RaftServerConfigKeys (ConfUtils.java:logGet(43)) - raft.server.staging.catchup.gap = 1000 (default)
2019-08-08 03:47:17,022 INFO  server.RaftServerConfigKeys (ConfUtils.java:logGet(43)) - raft.server.rpc.sleep.time = 25ms (default)
2019-08-08 03:47:17,022 INFO  server.RaftServerConfigKeys (ConfUtils.java:logGet(43)) - raft.server.write.element-limit = 4096 (default)
2019-08-08 03:47:17,023 INFO  server.RaftServerConfigKeys (ConfUtils.java:logGet(43)) - raft.server.watch.timeout = 10s (default)
2019-08-08 03:47:17,023 INFO  server.RaftServerConfigKeys (ConfUtils.java:logGet(43)) - raft.server.watch.timeout.denomination = 1s (default)
2019-08-08 03:47:17,023 INFO  server.RaftServerConfigKeys (ConfUtils.java:logGet(43)) - raft.server.watch.element-limit = 65536 (default)
2019-08-08 03:47:17,023 INFO  impl.RoleInfo (RoleInfo.java:updateAndGet(143)) - 8cb70791-4ae6-4613-8802-e5f9409d5895: start LeaderState
2019-08-08 03:47:17,024 INFO  segmented.SegmentedRaftLogWorker (SegmentedRaftLogWorker.java:startLogSegment(380)) - 8cb70791-4ae6-4613-8802-e5f9409d5895-SegmentedRaftLogWorker:Storage Directory /workdir/hadoop-ozone/integration-test/target/test-dir/MiniOzoneClusterImpl-7ca575dc-1199-4ed1-bcd1-a36870a62ff3/datanode-3/data/ratis/197f51fb-d6b5-431b-8867-db3843f6f260: Starting segment from index:0
2019-08-08 03:47:17,024 INFO  impl.RaftServerImpl (ServerState.java:setRaftConf(361)) - 8cb70791-4ae6-4613-8802-e5f9409d5895:group-DB3843F6F260 set configuration 0: [8cb70791-4ae6-4613-8802-e5f9409d5895:192.168.5.133:34937], old=null at 0
2019-08-08 03:47:17,047 INFO  segmented.SegmentedRaftLogWorker (SegmentedRaftLogWorker.java:execute(569)) - 8cb70791-4ae6-4613-8802-e5f9409d5895-SegmentedRaftLogWorker:Storage Directory /workdir/hadoop-ozone/integration-test/target/test-dir/MiniOzoneClusterImpl-7ca575dc-1199-4ed1-bcd1-a36870a62ff3/datanode-3/data/ratis/197f51fb-d6b5-431b-8867-db3843f6f260: created new log segment /workdir/hadoop-ozone/integration-test/target/test-dir/MiniOzoneClusterImpl-7ca575dc-1199-4ed1-bcd1-a36870a62ff3/datanode-3/data/ratis/197f51fb-d6b5-431b-8867-db3843f6f260/current/log_inprogress_0
2019-08-08 03:47:17,406 INFO  impl.FollowerState (FollowerState.java:run(106)) - 6070a69d-a2e3-4a95-b4eb-67cafca61360:group-D9AD99A81851 changes to CANDIDATE, lastRpcTime:5143, electionTimeout:5143ms
2019-08-08 03:47:17,406 INFO  impl.RoleInfo (RoleInfo.java:shutdownFollowerState(121)) - 6070a69d-a2e3-4a95-b4eb-67cafca61360: shutdown FollowerState
2019-08-08 03:47:17,406 INFO  impl.RaftServerImpl (RaftServerImpl.java:setRole(171)) - 6070a69d-a2e3-4a95-b4eb-67cafca61360:group-D9AD99A81851 changes role from FOLLOWER to CANDIDATE at term 0 for changeToCandidate
2019-08-08 03:47:17,406 INFO  impl.RoleInfo (RoleInfo.java:updateAndGet(143)) - 6070a69d-a2e3-4a95-b4eb-67cafca61360: start LeaderElection
2019-08-08 03:47:17,425 INFO  impl.LeaderElection (LeaderElection.java:askForVotes(181)) - 6070a69d-a2e3-4a95-b4eb-67cafca61360:group-D9AD99A81851:LeaderElection26: begin an election at term 1 for -1: [6070a69d-a2e3-4a95-b4eb-67cafca61360:192.168.5.133:41722], old=null
2019-08-08 03:47:17,426 INFO  impl.RoleInfo (RoleInfo.java:shutdownLeaderElection(134)) - 6070a69d-a2e3-4a95-b4eb-67cafca61360: shutdown LeaderElection
2019-08-08 03:47:17,426 INFO  impl.RaftServerImpl (RaftServerImpl.java:setRole(171)) - 6070a69d-a2e3-4a95-b4eb-67cafca61360:group-D9AD99A81851 changes role from CANDIDATE to LEADER at term 1 for changeToLeader
2019-08-08 03:47:17,426 INFO  impl.RaftServerImpl (ServerState.java:setLeader(263)) - 6070a69d-a2e3-4a95-b4eb-67cafca61360:group-D9AD99A81851 change Leader from null to 6070a69d-a2e3-4a95-b4eb-67cafca61360 at term 1 for becomeLeader, leader elected after 5169ms
2019-08-08 03:47:17,429 INFO  server.RaftServerConfigKeys (ConfUtils.java:logGet(43)) - raft.server.staging.catchup.gap = 1000 (default)
2019-08-08 03:47:17,429 INFO  server.RaftServerConfigKeys (ConfUtils.java:logGet(43)) - raft.server.rpc.sleep.time = 25ms (default)
2019-08-08 03:47:17,429 INFO  server.RaftServerConfigKeys (ConfUtils.java:logGet(43)) - raft.server.write.element-limit = 4096 (default)
2019-08-08 03:47:17,429 INFO  server.RaftServerConfigKeys (ConfUtils.java:logGet(43)) - raft.server.watch.timeout = 10s (default)
2019-08-08 03:47:17,429 INFO  server.RaftServerConfigKeys (ConfUtils.java:logGet(43)) - raft.server.watch.timeout.denomination = 1s (default)
2019-08-08 03:47:17,430 INFO  server.RaftServerConfigKeys (ConfUtils.java:logGet(43)) - raft.server.watch.element-limit = 65536 (default)
2019-08-08 03:47:17,430 INFO  impl.RoleInfo (RoleInfo.java:updateAndGet(143)) - 6070a69d-a2e3-4a95-b4eb-67cafca61360: start LeaderState
2019-08-08 03:47:17,430 INFO  segmented.SegmentedRaftLogWorker (SegmentedRaftLogWorker.java:startLogSegment(380)) - 6070a69d-a2e3-4a95-b4eb-67cafca61360-SegmentedRaftLogWorker:Storage Directory /workdir/hadoop-ozone/integration-test/target/test-dir/MiniOzoneClusterImpl-7ca575dc-1199-4ed1-bcd1-a36870a62ff3/datanode-4/data/ratis/b32a6143-c5a8-4938-b010-d9ad99a81851: Starting segment from index:0
2019-08-08 03:47:17,431 INFO  impl.RaftServerImpl (ServerState.java:setRaftConf(361)) - 6070a69d-a2e3-4a95-b4eb-67cafca61360:group-D9AD99A81851 set configuration 0: [6070a69d-a2e3-4a95-b4eb-67cafca61360:192.168.5.133:41722], old=null at 0
2019-08-08 03:47:17,485 INFO  segmented.SegmentedRaftLogWorker (SegmentedRaftLogWorker.java:execute(569)) - 6070a69d-a2e3-4a95-b4eb-67cafca61360-SegmentedRaftLogWorker:Storage Directory /workdir/hadoop-ozone/integration-test/target/test-dir/MiniOzoneClusterImpl-7ca575dc-1199-4ed1-bcd1-a36870a62ff3/datanode-4/data/ratis/b32a6143-c5a8-4938-b010-d9ad99a81851: created new log segment /workdir/hadoop-ozone/integration-test/target/test-dir/MiniOzoneClusterImpl-7ca575dc-1199-4ed1-bcd1-a36870a62ff3/datanode-4/data/ratis/b32a6143-c5a8-4938-b010-d9ad99a81851/current/log_inprogress_0
2019-08-08 03:47:17,558 INFO  impl.FollowerState (FollowerState.java:run(106)) - 8cb70791-4ae6-4613-8802-e5f9409d5895:group-513A738D928D changes to CANDIDATE, lastRpcTime:5023, electionTimeout:5023ms
2019-08-08 03:47:17,558 INFO  impl.RoleInfo (RoleInfo.java:shutdownFollowerState(121)) - 8cb70791-4ae6-4613-8802-e5f9409d5895: shutdown FollowerState
2019-08-08 03:47:17,558 INFO  impl.RaftServerImpl (RaftServerImpl.java:setRole(171)) - 8cb70791-4ae6-4613-8802-e5f9409d5895:group-513A738D928D changes role from FOLLOWER to CANDIDATE at term 0 for changeToCandidate
2019-08-08 03:47:17,558 INFO  impl.RoleInfo (RoleInfo.java:updateAndGet(143)) - 8cb70791-4ae6-4613-8802-e5f9409d5895: start LeaderElection
2019-08-08 03:47:17,569 INFO  impl.LeaderElection (LeaderElection.java:askForVotes(181)) - 8cb70791-4ae6-4613-8802-e5f9409d5895:group-513A738D928D:LeaderElection27: begin an election at term 1 for -1: [981f4f9a-b234-451d-b85b-0c6ec9e8e4b6:192.168.5.133:44048, 6070a69d-a2e3-4a95-b4eb-67cafca61360:192.168.5.133:41722, 8cb70791-4ae6-4613-8802-e5f9409d5895:192.168.5.133:34937], old=null
2019-08-08 03:47:17,576 INFO  impl.RaftServerImpl (RaftServerImpl.java:setRole(171)) - 981f4f9a-b234-451d-b85b-0c6ec9e8e4b6:group-513A738D928D changes role from FOLLOWER to FOLLOWER at term 1 for recognizeCandidate:8cb70791-4ae6-4613-8802-e5f9409d5895
2019-08-08 03:47:17,576 INFO  impl.RaftServerImpl (RaftServerImpl.java:setRole(171)) - 6070a69d-a2e3-4a95-b4eb-67cafca61360:group-513A738D928D changes role from FOLLOWER to FOLLOWER at term 1 for recognizeCandidate:8cb70791-4ae6-4613-8802-e5f9409d5895
2019-08-08 03:47:17,576 INFO  impl.RoleInfo (RoleInfo.java:shutdownFollowerState(121)) - 981f4f9a-b234-451d-b85b-0c6ec9e8e4b6: shutdown FollowerState
2019-08-08 03:47:17,576 INFO  impl.RoleInfo (RoleInfo.java:shutdownFollowerState(121)) - 6070a69d-a2e3-4a95-b4eb-67cafca61360: shutdown FollowerState
2019-08-08 03:47:17,576 INFO  impl.FollowerState (FollowerState.java:run(114)) - 981f4f9a-b234-451d-b85b-0c6ec9e8e4b6: FollowerState was interrupted: java.lang.InterruptedException: sleep interrupted
2019-08-08 03:47:17,576 INFO  impl.RoleInfo (RoleInfo.java:updateAndGet(143)) - 981f4f9a-b234-451d-b85b-0c6ec9e8e4b6: start FollowerState
2019-08-08 03:47:17,577 INFO  impl.FollowerState (FollowerState.java:run(114)) - 6070a69d-a2e3-4a95-b4eb-67cafca61360: FollowerState was interrupted: java.lang.InterruptedException: sleep interrupted
2019-08-08 03:47:17,577 INFO  impl.RoleInfo (RoleInfo.java:updateAndGet(143)) - 6070a69d-a2e3-4a95-b4eb-67cafca61360: start FollowerState
2019-08-08 03:47:17,588 INFO  impl.LeaderElection (LeaderElection.java:logAndReturn(56)) - 8cb70791-4ae6-4613-8802-e5f9409d5895:group-513A738D928D:LeaderElection27: Election PASSED; received 1 response(s) [8cb70791-4ae6-4613-8802-e5f9409d5895<-981f4f9a-b234-451d-b85b-0c6ec9e8e4b6#0:OK-t1] and 0 exception(s); 8cb70791-4ae6-4613-8802-e5f9409d5895:t1, leader=null, voted=8cb70791-4ae6-4613-8802-e5f9409d5895, raftlog=8cb70791-4ae6-4613-8802-e5f9409d5895-SegmentedRaftLog:OPENED:c-1,f-1,i0, conf=-1: [981f4f9a-b234-451d-b85b-0c6ec9e8e4b6:192.168.5.133:44048, 6070a69d-a2e3-4a95-b4eb-67cafca61360:192.168.5.133:41722, 8cb70791-4ae6-4613-8802-e5f9409d5895:192.168.5.133:34937], old=null
2019-08-08 03:47:17,588 INFO  impl.RoleInfo (RoleInfo.java:shutdownLeaderElection(134)) - 8cb70791-4ae6-4613-8802-e5f9409d5895: shutdown LeaderElection
2019-08-08 03:47:17,588 INFO  impl.RaftServerImpl (RaftServerImpl.java:setRole(171)) - 8cb70791-4ae6-4613-8802-e5f9409d5895:group-513A738D928D changes role from CANDIDATE to LEADER at term 1 for changeToLeader
2019-08-08 03:47:17,588 INFO  impl.RaftServerImpl (ServerState.java:setLeader(263)) - 8cb70791-4ae6-4613-8802-e5f9409d5895:group-513A738D928D change Leader from null to 8cb70791-4ae6-4613-8802-e5f9409d5895 at term 1 for becomeLeader, leader elected after 5065ms
2019-08-08 03:47:17,589 INFO  server.RaftServerConfigKeys (ConfUtils.java:logGet(43)) - raft.server.staging.catchup.gap = 1000 (default)
2019-08-08 03:47:17,589 INFO  server.RaftServerConfigKeys (ConfUtils.java:logGet(43)) - raft.server.rpc.sleep.time = 25ms (default)
2019-08-08 03:47:17,589 INFO  server.RaftServerConfigKeys (ConfUtils.java:logGet(43)) - raft.server.write.element-limit = 4096 (default)
2019-08-08 03:47:17,589 INFO  server.RaftServerConfigKeys (ConfUtils.java:logGet(43)) - raft.server.watch.timeout = 10s (default)
2019-08-08 03:47:17,589 INFO  server.RaftServerConfigKeys (ConfUtils.java:logGet(43)) - raft.server.watch.timeout.denomination = 1s (default)
2019-08-08 03:47:17,590 INFO  server.RaftServerConfigKeys (ConfUtils.java:logGet(43)) - raft.server.watch.element-limit = 65536 (default)
2019-08-08 03:47:17,590 INFO  server.RaftServerConfigKeys (ConfUtils.java:logGet(43)) - raft.server.log.appender.snapshot.chunk.size.max = 16MB (=16777216) (default)
2019-08-08 03:47:17,590 INFO  server.RaftServerConfigKeys (ConfUtils.java:logGet(43)) - raft.server.log.appender.buffer.byte-limit = 33554432 (custom)
2019-08-08 03:47:17,590 INFO  server.RaftServerConfigKeys (ConfUtils.java:logGet(43)) - raft.server.log.appender.buffer.element-limit = 1 (custom)
2019-08-08 03:47:17,591 INFO  grpc.GrpcConfigKeys$Server (ConfUtils.java:logGet(43)) - raft.grpc.server.leader.outstanding.appends.max = 128 (default)
2019-08-08 03:47:17,591 INFO  server.RaftServerConfigKeys (ConfUtils.java:logGet(43)) - raft.server.rpc.request.timeout = 3000ms (default)
2019-08-08 03:47:17,591 INFO  server.RaftServerConfigKeys (ConfUtils.java:logGet(43)) - raft.server.log.appender.install.snapshot.enabled = false (custom)
2019-08-08 03:47:17,591 INFO  server.RaftServerConfigKeys (ConfUtils.java:logGet(43)) - raft.server.log.appender.snapshot.chunk.size.max = 16MB (=16777216) (default)
2019-08-08 03:47:17,592 INFO  server.RaftServerConfigKeys (ConfUtils.java:logGet(43)) - raft.server.log.appender.buffer.byte-limit = 33554432 (custom)
2019-08-08 03:47:17,592 INFO  server.RaftServerConfigKeys (ConfUtils.java:logGet(43)) - raft.server.log.appender.buffer.element-limit = 1 (custom)
2019-08-08 03:47:17,592 INFO  grpc.GrpcConfigKeys$Server (ConfUtils.java:logGet(43)) - raft.grpc.server.leader.outstanding.appends.max = 128 (default)
2019-08-08 03:47:17,592 INFO  server.RaftServerConfigKeys (ConfUtils.java:logGet(43)) - raft.server.rpc.request.timeout = 3000ms (default)
2019-08-08 03:47:17,593 INFO  server.RaftServerConfigKeys (ConfUtils.java:logGet(43)) - raft.server.log.appender.install.snapshot.enabled = false (custom)
2019-08-08 03:47:17,593 INFO  impl.RoleInfo (RoleInfo.java:updateAndGet(143)) - 8cb70791-4ae6-4613-8802-e5f9409d5895: start LeaderState
2019-08-08 03:47:17,593 INFO  segmented.SegmentedRaftLogWorker (SegmentedRaftLogWorker.java:startLogSegment(380)) - 8cb70791-4ae6-4613-8802-e5f9409d5895-SegmentedRaftLogWorker:Storage Directory /workdir/hadoop-ozone/integration-test/target/test-dir/MiniOzoneClusterImpl-7ca575dc-1199-4ed1-bcd1-a36870a62ff3/datanode-3/data/ratis/39c5b30e-7124-4632-98aa-513a738d928d: Starting segment from index:0
2019-08-08 03:47:17,594 INFO  impl.RaftServerImpl (ServerState.java:setRaftConf(361)) - 8cb70791-4ae6-4613-8802-e5f9409d5895:group-513A738D928D set configuration 0: [981f4f9a-b234-451d-b85b-0c6ec9e8e4b6:192.168.5.133:44048, 6070a69d-a2e3-4a95-b4eb-67cafca61360:192.168.5.133:41722, 8cb70791-4ae6-4613-8802-e5f9409d5895:192.168.5.133:34937], old=null at 0
2019-08-08 03:47:17,635 INFO  impl.FollowerState (FollowerState.java:run(106)) - 981f4f9a-b234-451d-b85b-0c6ec9e8e4b6:group-F73587CDA537 changes to CANDIDATE, lastRpcTime:5142, electionTimeout:5140ms
2019-08-08 03:47:17,636 INFO  impl.RoleInfo (RoleInfo.java:shutdownFollowerState(121)) - 981f4f9a-b234-451d-b85b-0c6ec9e8e4b6: shutdown FollowerState
2019-08-08 03:47:17,636 INFO  impl.RaftServerImpl (RaftServerImpl.java:setRole(171)) - 981f4f9a-b234-451d-b85b-0c6ec9e8e4b6:group-F73587CDA537 changes role from FOLLOWER to CANDIDATE at term 0 for changeToCandidate
2019-08-08 03:47:17,636 INFO  impl.RoleInfo (RoleInfo.java:updateAndGet(143)) - 981f4f9a-b234-451d-b85b-0c6ec9e8e4b6: start LeaderElection
2019-08-08 03:47:17,647 INFO  segmented.SegmentedRaftLogWorker (SegmentedRaftLogWorker.java:execute(569)) - 8cb70791-4ae6-4613-8802-e5f9409d5895-SegmentedRaftLogWorker:Storage Directory /workdir/hadoop-ozone/integration-test/target/test-dir/MiniOzoneClusterImpl-7ca575dc-1199-4ed1-bcd1-a36870a62ff3/datanode-3/data/ratis/39c5b30e-7124-4632-98aa-513a738d928d: created new log segment /workdir/hadoop-ozone/integration-test/target/test-dir/MiniOzoneClusterImpl-7ca575dc-1199-4ed1-bcd1-a36870a62ff3/datanode-3/data/ratis/39c5b30e-7124-4632-98aa-513a738d928d/current/log_inprogress_0
2019-08-08 03:47:17,647 INFO  impl.LeaderElection (LeaderElection.java:askForVotes(181)) - 981f4f9a-b234-451d-b85b-0c6ec9e8e4b6:group-F73587CDA537:LeaderElection28: begin an election at term 1 for -1: [981f4f9a-b234-451d-b85b-0c6ec9e8e4b6:192.168.5.133:44048], old=null
2019-08-08 03:47:17,647 INFO  impl.RaftServerImpl (ServerState.java:setLeader(263)) - 6070a69d-a2e3-4a95-b4eb-67cafca61360:group-513A738D928D change Leader from null to 8cb70791-4ae6-4613-8802-e5f9409d5895 at term 1 for appendEntries, leader elected after 5124ms
2019-08-08 03:47:17,648 INFO  impl.RoleInfo (RoleInfo.java:shutdownLeaderElection(134)) - 981f4f9a-b234-451d-b85b-0c6ec9e8e4b6: shutdown LeaderElection
2019-08-08 03:47:17,648 INFO  impl.RaftServerImpl (RaftServerImpl.java:setRole(171)) - 981f4f9a-b234-451d-b85b-0c6ec9e8e4b6:group-F73587CDA537 changes role from CANDIDATE to LEADER at term 1 for changeToLeader
2019-08-08 03:47:17,647 INFO  impl.RaftServerImpl (ServerState.java:setLeader(263)) - 981f4f9a-b234-451d-b85b-0c6ec9e8e4b6:group-513A738D928D change Leader from null to 8cb70791-4ae6-4613-8802-e5f9409d5895 at term 1 for appendEntries, leader elected after 5123ms
2019-08-08 03:47:17,648 INFO  impl.RaftServerImpl (ServerState.java:setLeader(263)) - 981f4f9a-b234-451d-b85b-0c6ec9e8e4b6:group-F73587CDA537 change Leader from null to 981f4f9a-b234-451d-b85b-0c6ec9e8e4b6 at term 1 for becomeLeader, leader elected after 5160ms
2019-08-08 03:47:17,651 INFO  server.RaftServerConfigKeys (ConfUtils.java:logGet(43)) - raft.server.staging.catchup.gap = 1000 (default)
2019-08-08 03:47:17,652 INFO  server.RaftServerConfigKeys (ConfUtils.java:logGet(43)) - raft.server.rpc.sleep.time = 25ms (default)
2019-08-08 03:47:17,652 INFO  server.RaftServerConfigKeys (ConfUtils.java:logGet(43)) - raft.server.write.element-limit = 4096 (default)
2019-08-08 03:47:17,652 INFO  server.RaftServerConfigKeys (ConfUtils.java:logGet(43)) - raft.server.watch.timeout = 10s (default)
2019-08-08 03:47:17,652 INFO  server.RaftServerConfigKeys (ConfUtils.java:logGet(43)) - raft.server.watch.timeout.denomination = 1s (default)
2019-08-08 03:47:17,652 INFO  server.RaftServerConfigKeys (ConfUtils.java:logGet(43)) - raft.server.watch.element-limit = 65536 (default)
2019-08-08 03:47:17,653 INFO  impl.RoleInfo (RoleInfo.java:updateAndGet(143)) - 981f4f9a-b234-451d-b85b-0c6ec9e8e4b6: start LeaderState
2019-08-08 03:47:17,653 INFO  segmented.SegmentedRaftLogWorker (SegmentedRaftLogWorker.java:startLogSegment(380)) - 981f4f9a-b234-451d-b85b-0c6ec9e8e4b6-SegmentedRaftLogWorker:Storage Directory /workdir/hadoop-ozone/integration-test/target/test-dir/MiniOzoneClusterImpl-7ca575dc-1199-4ed1-bcd1-a36870a62ff3/datanode-5/data/ratis/9fd19ff8-5c8a-4a9d-ae1f-f73587cda537: Starting segment from index:0
2019-08-08 03:47:17,653 INFO  impl.RaftServerImpl (ServerState.java:setRaftConf(361)) - 6070a69d-a2e3-4a95-b4eb-67cafca61360:group-513A738D928D set configuration 0: [981f4f9a-b234-451d-b85b-0c6ec9e8e4b6:192.168.5.133:44048, 6070a69d-a2e3-4a95-b4eb-67cafca61360:192.168.5.133:41722, 8cb70791-4ae6-4613-8802-e5f9409d5895:192.168.5.133:34937], old=null at 0
2019-08-08 03:47:17,654 INFO  impl.RaftServerImpl (ServerState.java:setRaftConf(361)) - 981f4f9a-b234-451d-b85b-0c6ec9e8e4b6:group-F73587CDA537 set configuration 0: [981f4f9a-b234-451d-b85b-0c6ec9e8e4b6:192.168.5.133:44048], old=null at 0
2019-08-08 03:47:17,654 INFO  segmented.SegmentedRaftLogWorker (SegmentedRaftLogWorker.java:startLogSegment(380)) - 6070a69d-a2e3-4a95-b4eb-67cafca61360-SegmentedRaftLogWorker:Storage Directory /workdir/hadoop-ozone/integration-test/target/test-dir/MiniOzoneClusterImpl-7ca575dc-1199-4ed1-bcd1-a36870a62ff3/datanode-4/data/ratis/39c5b30e-7124-4632-98aa-513a738d928d: Starting segment from index:0
2019-08-08 03:47:17,694 INFO  impl.RaftServerImpl (ServerState.java:setRaftConf(361)) - 981f4f9a-b234-451d-b85b-0c6ec9e8e4b6:group-513A738D928D set configuration 0: [981f4f9a-b234-451d-b85b-0c6ec9e8e4b6:192.168.5.133:44048, 6070a69d-a2e3-4a95-b4eb-67cafca61360:192.168.5.133:41722, 8cb70791-4ae6-4613-8802-e5f9409d5895:192.168.5.133:34937], old=null at 0
2019-08-08 03:47:17,694 INFO  segmented.SegmentedRaftLogWorker (SegmentedRaftLogWorker.java:startLogSegment(380)) - 981f4f9a-b234-451d-b85b-0c6ec9e8e4b6-SegmentedRaftLogWorker:Storage Directory /workdir/hadoop-ozone/integration-test/target/test-dir/MiniOzoneClusterImpl-7ca575dc-1199-4ed1-bcd1-a36870a62ff3/datanode-5/data/ratis/39c5b30e-7124-4632-98aa-513a738d928d: Starting segment from index:0
2019-08-08 03:47:17,706 INFO  segmented.SegmentedRaftLogWorker (SegmentedRaftLogWorker.java:execute(569)) - 981f4f9a-b234-451d-b85b-0c6ec9e8e4b6-SegmentedRaftLogWorker:Storage Directory /workdir/hadoop-ozone/integration-test/target/test-dir/MiniOzoneClusterImpl-7ca575dc-1199-4ed1-bcd1-a36870a62ff3/datanode-5/data/ratis/9fd19ff8-5c8a-4a9d-ae1f-f73587cda537: created new log segment /workdir/hadoop-ozone/integration-test/target/test-dir/MiniOzoneClusterImpl-7ca575dc-1199-4ed1-bcd1-a36870a62ff3/datanode-5/data/ratis/9fd19ff8-5c8a-4a9d-ae1f-f73587cda537/current/log_inprogress_0
2019-08-08 03:47:17,716 INFO  segmented.SegmentedRaftLogWorker (SegmentedRaftLogWorker.java:execute(569)) - 981f4f9a-b234-451d-b85b-0c6ec9e8e4b6-SegmentedRaftLogWorker:Storage Directory /workdir/hadoop-ozone/integration-test/target/test-dir/MiniOzoneClusterImpl-7ca575dc-1199-4ed1-bcd1-a36870a62ff3/datanode-5/data/ratis/39c5b30e-7124-4632-98aa-513a738d928d: created new log segment /workdir/hadoop-ozone/integration-test/target/test-dir/MiniOzoneClusterImpl-7ca575dc-1199-4ed1-bcd1-a36870a62ff3/datanode-5/data/ratis/39c5b30e-7124-4632-98aa-513a738d928d/current/log_inprogress_0
2019-08-08 03:47:17,731 INFO  segmented.SegmentedRaftLogWorker (SegmentedRaftLogWorker.java:execute(569)) - 6070a69d-a2e3-4a95-b4eb-67cafca61360-SegmentedRaftLogWorker:Storage Directory /workdir/hadoop-ozone/integration-test/target/test-dir/MiniOzoneClusterImpl-7ca575dc-1199-4ed1-bcd1-a36870a62ff3/datanode-4/data/ratis/39c5b30e-7124-4632-98aa-513a738d928d: created new log segment /workdir/hadoop-ozone/integration-test/target/test-dir/MiniOzoneClusterImpl-7ca575dc-1199-4ed1-bcd1-a36870a62ff3/datanode-4/data/ratis/39c5b30e-7124-4632-98aa-513a738d928d/current/log_inprogress_0
2019-08-08 03:47:17,812 INFO  impl.FollowerState (FollowerState.java:run(106)) - 9c10512b-86cb-40aa-9257-830e95186eb0:group-4FBB58A807C5 changes to CANDIDATE, lastRpcTime:5122, electionTimeout:5122ms
2019-08-08 03:47:17,813 INFO  impl.RoleInfo (RoleInfo.java:shutdownFollowerState(121)) - 9c10512b-86cb-40aa-9257-830e95186eb0: shutdown FollowerState
2019-08-08 03:47:17,813 INFO  impl.RaftServerImpl (RaftServerImpl.java:setRole(171)) - 9c10512b-86cb-40aa-9257-830e95186eb0:group-4FBB58A807C5 changes role from FOLLOWER to CANDIDATE at term 0 for changeToCandidate
2019-08-08 03:47:17,813 INFO  impl.RoleInfo (RoleInfo.java:updateAndGet(143)) - 9c10512b-86cb-40aa-9257-830e95186eb0: start LeaderElection
2019-08-08 03:47:17,831 INFO  impl.LeaderElection (LeaderElection.java:askForVotes(181)) - 9c10512b-86cb-40aa-9257-830e95186eb0:group-4FBB58A807C5:LeaderElection29: begin an election at term 1 for -1: [9c10512b-86cb-40aa-9257-830e95186eb0:192.168.5.133:39683], old=null
2019-08-08 03:47:17,831 INFO  impl.RoleInfo (RoleInfo.java:shutdownLeaderElection(134)) - 9c10512b-86cb-40aa-9257-830e95186eb0: shutdown LeaderElection
2019-08-08 03:47:17,831 INFO  impl.RaftServerImpl (RaftServerImpl.java:setRole(171)) - 9c10512b-86cb-40aa-9257-830e95186eb0:group-4FBB58A807C5 changes role from CANDIDATE to LEADER at term 1 for changeToLeader
2019-08-08 03:47:17,831 INFO  impl.RaftServerImpl (ServerState.java:setLeader(263)) - 9c10512b-86cb-40aa-9257-830e95186eb0:group-4FBB58A807C5 change Leader from null to 9c10512b-86cb-40aa-9257-830e95186eb0 at term 1 for becomeLeader, leader elected after 5146ms
2019-08-08 03:47:17,834 INFO  server.RaftServerConfigKeys (ConfUtils.java:logGet(43)) - raft.server.staging.catchup.gap = 1000 (default)
2019-08-08 03:47:17,834 INFO  server.RaftServerConfigKeys (ConfUtils.java:logGet(43)) - raft.server.rpc.sleep.time = 25ms (default)
2019-08-08 03:47:17,834 INFO  server.RaftServerConfigKeys (ConfUtils.java:logGet(43)) - raft.server.write.element-limit = 4096 (default)
2019-08-08 03:47:17,834 INFO  server.RaftServerConfigKeys (ConfUtils.java:logGet(43)) - raft.server.watch.timeout = 10s (default)
2019-08-08 03:47:17,835 INFO  server.RaftServerConfigKeys (ConfUtils.java:logGet(43)) - raft.server.watch.timeout.denomination = 1s (default)
2019-08-08 03:47:17,835 INFO  server.RaftServerConfigKeys (ConfUtils.java:logGet(43)) - raft.server.watch.element-limit = 65536 (default)
2019-08-08 03:47:17,835 INFO  impl.RoleInfo (RoleInfo.java:updateAndGet(143)) - 9c10512b-86cb-40aa-9257-830e95186eb0: start LeaderState
2019-08-08 03:47:17,835 INFO  segmented.SegmentedRaftLogWorker (SegmentedRaftLogWorker.java:startLogSegment(380)) - 9c10512b-86cb-40aa-9257-830e95186eb0-SegmentedRaftLogWorker:Storage Directory /workdir/hadoop-ozone/integration-test/target/test-dir/MiniOzoneClusterImpl-7ca575dc-1199-4ed1-bcd1-a36870a62ff3/datanode-6/data/ratis/0fc940fa-50a7-415a-9291-4fbb58a807c5: Starting segment from index:0
2019-08-08 03:47:17,836 INFO  impl.RaftServerImpl (ServerState.java:setRaftConf(361)) - 9c10512b-86cb-40aa-9257-830e95186eb0:group-4FBB58A807C5 set configuration 0: [9c10512b-86cb-40aa-9257-830e95186eb0:192.168.5.133:39683], old=null at 0
2019-08-08 03:47:17,864 INFO  segmented.SegmentedRaftLogWorker (SegmentedRaftLogWorker.java:execute(569)) - 9c10512b-86cb-40aa-9257-830e95186eb0-SegmentedRaftLogWorker:Storage Directory /workdir/hadoop-ozone/integration-test/target/test-dir/MiniOzoneClusterImpl-7ca575dc-1199-4ed1-bcd1-a36870a62ff3/datanode-6/data/ratis/0fc940fa-50a7-415a-9291-4fbb58a807c5: created new log segment /workdir/hadoop-ozone/integration-test/target/test-dir/MiniOzoneClusterImpl-7ca575dc-1199-4ed1-bcd1-a36870a62ff3/datanode-6/data/ratis/0fc940fa-50a7-415a-9291-4fbb58a807c5/current/log_inprogress_0
2019-08-08 03:47:17,963 INFO  client.GrpcClientProtocolClient (GrpcClientProtocolClient.java:onNext(255)) - client-603577F76FD9->02d56343-07ef-4e0c-96c7-d21ae89378ad: receive RaftClientReply:client-603577F76FD9->02d56343-07ef-4e0c-96c7-d21ae89378ad@group-40AD9D2C2EF3, cid=42, SUCCESS, logIndex=1, commits[02d56343-07ef-4e0c-96c7-d21ae89378ad:c2, e864378d-96a5-4915-ae22-eb92971c1f9d:c1, 7b92e4f9-0792-4d55-98da-1f974f6e97d6:c1]
2019-08-08 03:47:18,029 INFO  client.GrpcClientProtocolClient (GrpcClientProtocolClient.java:onNext(255)) - client-603577F76FD9->02d56343-07ef-4e0c-96c7-d21ae89378ad: receive RaftClientReply:client-603577F76FD9->02d56343-07ef-4e0c-96c7-d21ae89378ad@group-40AD9D2C2EF3, cid=43, SUCCESS, logIndex=3, commits[02d56343-07ef-4e0c-96c7-d21ae89378ad:c4, e864378d-96a5-4915-ae22-eb92971c1f9d:c3, 7b92e4f9-0792-4d55-98da-1f974f6e97d6:c3]
2019-08-08 03:47:18,070 INFO  client.GrpcClientProtocolClient (GrpcClientProtocolClient.java:onNext(255)) - client-603577F76FD9->02d56343-07ef-4e0c-96c7-d21ae89378ad: receive RaftClientReply:client-603577F76FD9->02d56343-07ef-4e0c-96c7-d21ae89378ad@group-40AD9D2C2EF3, cid=44, SUCCESS, logIndex=5, commits[02d56343-07ef-4e0c-96c7-d21ae89378ad:c6, e864378d-96a5-4915-ae22-eb92971c1f9d:c5, 7b92e4f9-0792-4d55-98da-1f974f6e97d6:c5]
2019-08-08 03:47:18,088 INFO  client.GrpcClientProtocolClient (GrpcClientProtocolClient.java:onNext(255)) - client-603577F76FD9->02d56343-07ef-4e0c-96c7-d21ae89378ad: receive RaftClientReply:client-603577F76FD9->02d56343-07ef-4e0c-96c7-d21ae89378ad@group-40AD9D2C2EF3, cid=45, FAILED org.apache.ratis.protocol.StateMachineException: java.util.concurrent.CompletionException: java.lang.IllegalArgumentException, logIndex=7, commits[02d56343-07ef-4e0c-96c7-d21ae89378ad:c7, e864378d-96a5-4915-ae22-eb92971c1f9d:c6, 7b92e4f9-0792-4d55-98da-1f974f6e97d6:c6]
2019-08-08 03:47:18,091 INFO  ozone.MiniOzoneClusterImpl (MiniOzoneClusterImpl.java:shutdown(321)) - Shutting down the Mini Ozone Cluster
2019-08-08 03:47:18,092 INFO  ozone.MiniOzoneClusterImpl (MiniOzoneClusterImpl.java:stop(336)) - Stopping the Mini Ozone Cluster
2019-08-08 03:47:18,092 INFO  ozone.MiniOzoneClusterImpl (MiniOzoneClusterImpl.java:stop(338)) - Stopping the OzoneManager
2019-08-08 03:47:18,092 INFO  ipc.Server (Server.java:stop(3082)) - Stopping server on 41316
2019-08-08 03:47:18,105 INFO  ipc.Server (Server.java:run(1185)) - Stopping IPC Server listener on 41316
2019-08-08 03:47:18,120 INFO  utils.BackgroundService (BackgroundService.java:shutdown(148)) - Shutting down service KeyDeletingService
2019-08-08 03:47:18,120 INFO  ipc.Server (Server.java:run(1319)) - Stopping IPC Server Responder
2019-08-08 03:47:18,124 INFO  handler.ContextHandler (ContextHandler.java:doStop(910)) - Stopped o.e.j.w.WebAppContext@b94703b{/,null,UNAVAILABLE}{/ozoneManager}
2019-08-08 03:47:18,125 INFO  server.AbstractConnector (AbstractConnector.java:doStop(318)) - Stopped ServerConnector@33a47707{HTTP/1.1,[http/1.1]}{0.0.0.0:0}
2019-08-08 03:47:18,125 INFO  handler.ContextHandler (ContextHandler.java:doStop(910)) - Stopped o.e.j.s.ServletContextHandler@16ea0f22{/static,file:///workdir/hadoop-ozone/integration-test/target/test-classes/webapps/static,UNAVAILABLE}
2019-08-08 03:47:18,126 INFO  handler.ContextHandler (ContextHandler.java:doStop(910)) - Stopped o.e.j.s.ServletContextHandler@6903ed0e{/logs,file:///workdir/hadoop-ozone/integration-test/target/log,UNAVAILABLE}
2019-08-08 03:47:18,128 INFO  ozone.MiniOzoneClusterImpl (MiniOzoneClusterImpl.java:stop(344)) - Shutting the HddsDatanodes
2019-08-08 03:47:18,128 INFO  datanode.ObjectStoreHandler (ObjectStoreHandler.java:close(155)) - Closing ObjectStoreHandler.
2019-08-08 03:47:18,128 INFO  datanode.ObjectStoreHandler (ObjectStoreHandler.java:close(155)) - Closing ObjectStoreHandler.
2019-08-08 03:47:18,129 INFO  ozone.HddsDatanodeService (HddsDatanodeService.java:stop(451)) - Stopped plug-in org.apache.hadoop.ozone.web.OzoneHddsDatanodeService@66b6873f
2019-08-08 03:47:18,129 INFO  ozone.HddsDatanodeService (HddsDatanodeService.java:stop(451)) - Stopped plug-in org.apache.hadoop.ozone.web.OzoneHddsDatanodeService@18a0721b
2019-08-08 03:47:18,223 INFO  statemachine.DatanodeStateMachine (DatanodeStateMachine.java:lambda$startDaemon$0(350)) - Ozone container server started.
2019-08-08 03:47:19,099 INFO  statemachine.DatanodeStateMachine (DatanodeStateMachine.java:lambda$startDaemon$0(350)) - Ozone container server started.
2019-08-08 03:47:23,130 INFO  ozoneimpl.OzoneContainer (OzoneContainer.java:stop(199)) - Attempting to stop container services.
2019-08-08 03:47:23,130 INFO  ozoneimpl.OzoneContainer (OzoneContainer.java:stop(199)) - Attempting to stop container services.
2019-08-08 03:47:23,131 INFO  impl.RaftServerProxy (RaftServerProxy.java:lambda$close$4(314)) - e864378d-96a5-4915-ae22-eb92971c1f9d: close
2019-08-08 03:47:23,131 INFO  impl.RaftServerProxy (RaftServerProxy.java:lambda$close$4(314)) - 6070a69d-a2e3-4a95-b4eb-67cafca61360: close
2019-08-08 03:47:23,131 INFO  impl.RaftServerImpl (RaftServerImpl.java:lambda$shutdown$3(245)) - e864378d-96a5-4915-ae22-eb92971c1f9d: shutdown group-70B8B1BFA2D1
2019-08-08 03:47:23,132 INFO  impl.RaftServerImpl (RaftServerImpl.java:lambda$shutdown$3(245)) - 6070a69d-a2e3-4a95-b4eb-67cafca61360: shutdown group-D9AD99A81851
2019-08-08 03:47:23,132 INFO  util.JmxRegister (JmxRegister.java:unregister(73)) - Successfully un-registered JMX Bean with object name Ratis:service=RaftServer,group=group-70B8B1BFA2D1,id=e864378d-96a5-4915-ae22-eb92971c1f9d
2019-08-08 03:47:23,133 INFO  util.JmxRegister (JmxRegister.java:unregister(73)) - Successfully un-registered JMX Bean with object name Ratis:service=RaftServer,group=group-D9AD99A81851,id=6070a69d-a2e3-4a95-b4eb-67cafca61360
2019-08-08 03:47:23,133 INFO  impl.RoleInfo (RoleInfo.java:shutdownLeaderState(104)) - e864378d-96a5-4915-ae22-eb92971c1f9d: shutdown LeaderState
2019-08-08 03:47:23,133 INFO  impl.RoleInfo (RoleInfo.java:shutdownLeaderState(104)) - 6070a69d-a2e3-4a95-b4eb-67cafca61360: shutdown LeaderState
2019-08-08 03:47:23,134 INFO  impl.PendingRequests (PendingRequests.java:sendNotLeaderResponses(202)) - e864378d-96a5-4915-ae22-eb92971c1f9d-PendingRequests: sendNotLeaderResponses
2019-08-08 03:47:23,134 INFO  impl.PendingRequests (PendingRequests.java:sendNotLeaderResponses(202)) - 6070a69d-a2e3-4a95-b4eb-67cafca61360-PendingRequests: sendNotLeaderResponses
2019-08-08 03:47:23,135 INFO  impl.StateMachineUpdater (StateMachineUpdater.java:stopAndJoin(115)) - StateMachineUpdater:e864378d-96a5-4915-ae22-eb92971c1f9d:group-70B8B1BFA2D1: set stopIndex = 0
2019-08-08 03:47:23,135 INFO  impl.StateMachineUpdater (StateMachineUpdater.java:stopAndJoin(115)) - StateMachineUpdater:6070a69d-a2e3-4a95-b4eb-67cafca61360:group-D9AD99A81851: set stopIndex = 0
2019-08-08 03:47:23,136 INFO  impl.RaftServerImpl (ServerState.java:close(394)) - 6070a69d-a2e3-4a95-b4eb-67cafca61360:group-D9AD99A81851 closes. The last applied log index is 0
2019-08-08 03:47:23,135 INFO  impl.RaftServerImpl (ServerState.java:close(394)) - e864378d-96a5-4915-ae22-eb92971c1f9d:group-70B8B1BFA2D1 closes. The last applied log index is 0
2019-08-08 03:47:23,136 INFO  segmented.SegmentedRaftLogWorker (SegmentedRaftLogWorker.java:run(313)) - 6070a69d-a2e3-4a95-b4eb-67cafca61360-SegmentedRaftLogWorker:Storage Directory /workdir/hadoop-ozone/integration-test/target/test-dir/MiniOzoneClusterImpl-7ca575dc-1199-4ed1-bcd1-a36870a62ff3/datanode-4/data/ratis/b32a6143-c5a8-4938-b010-d9ad99a81851 was interrupted, exiting. There are 0 tasks remaining in the queue.
2019-08-08 03:47:23,137 INFO  segmented.SegmentedRaftLogWorker (SegmentedRaftLogWorker.java:run(313)) - e864378d-96a5-4915-ae22-eb92971c1f9d-SegmentedRaftLogWorker:Storage Directory /workdir/hadoop-ozone/integration-test/target/test-dir/MiniOzoneClusterImpl-7ca575dc-1199-4ed1-bcd1-a36870a62ff3/datanode-1/data/ratis/110c4938-91de-4389-abb5-70b8b1bfa2d1 was interrupted, exiting. There are 0 tasks remaining in the queue.
2019-08-08 03:47:23,142 INFO  segmented.SegmentedRaftLogWorker (SegmentedRaftLogWorker.java:close(228)) - 6070a69d-a2e3-4a95-b4eb-67cafca61360-SegmentedRaftLogWorker:Storage Directory /workdir/hadoop-ozone/integration-test/target/test-dir/MiniOzoneClusterImpl-7ca575dc-1199-4ed1-bcd1-a36870a62ff3/datanode-4/data/ratis/b32a6143-c5a8-4938-b010-d9ad99a81851 close()
2019-08-08 03:47:23,142 INFO  segmented.SegmentedRaftLogWorker (SegmentedRaftLogWorker.java:close(228)) - e864378d-96a5-4915-ae22-eb92971c1f9d-SegmentedRaftLogWorker:Storage Directory /workdir/hadoop-ozone/integration-test/target/test-dir/MiniOzoneClusterImpl-7ca575dc-1199-4ed1-bcd1-a36870a62ff3/datanode-1/data/ratis/110c4938-91de-4389-abb5-70b8b1bfa2d1 close()
2019-08-08 03:47:23,147 INFO  impl.RaftServerImpl (RaftServerImpl.java:lambda$shutdown$3(245)) - 6070a69d-a2e3-4a95-b4eb-67cafca61360: shutdown group-513A738D928D
2019-08-08 03:47:23,152 INFO  impl.RaftServerImpl (RaftServerImpl.java:lambda$shutdown$3(245)) - e864378d-96a5-4915-ae22-eb92971c1f9d: shutdown group-40AD9D2C2EF3
2019-08-08 03:47:23,153 INFO  util.JmxRegister (JmxRegister.java:unregister(73)) - Successfully un-registered JMX Bean with object name Ratis:service=RaftServer,group=group-513A738D928D,id=6070a69d-a2e3-4a95-b4eb-67cafca61360
2019-08-08 03:47:23,153 INFO  util.JmxRegister (JmxRegister.java:unregister(73)) - Successfully un-registered JMX Bean with object name Ratis:service=RaftServer,group=group-40AD9D2C2EF3,id=e864378d-96a5-4915-ae22-eb92971c1f9d
2019-08-08 03:47:23,153 INFO  impl.RoleInfo (RoleInfo.java:shutdownFollowerState(121)) - 6070a69d-a2e3-4a95-b4eb-67cafca61360: shutdown FollowerState
2019-08-08 03:47:23,154 INFO  impl.RoleInfo (RoleInfo.java:shutdownFollowerState(121)) - e864378d-96a5-4915-ae22-eb92971c1f9d: shutdown FollowerState
2019-08-08 03:47:23,154 INFO  impl.FollowerState (FollowerState.java:run(114)) - 6070a69d-a2e3-4a95-b4eb-67cafca61360: FollowerState was interrupted: java.lang.InterruptedException: sleep interrupted
2019-08-08 03:47:23,155 INFO  impl.FollowerState (FollowerState.java:run(114)) - e864378d-96a5-4915-ae22-eb92971c1f9d: FollowerState was interrupted: java.lang.InterruptedException: sleep interrupted
2019-08-08 03:47:23,154 INFO  impl.StateMachineUpdater (StateMachineUpdater.java:stopAndJoin(115)) - StateMachineUpdater:6070a69d-a2e3-4a95-b4eb-67cafca61360:group-513A738D928D: set stopIndex = 0
2019-08-08 03:47:23,155 INFO  ratis.ContainerStateMachine (ContainerStateMachine.java:takeSnapshot(262)) - group-40AD9D2C2EF3: Taking a snapshot at:(t:1, i:6) file /workdir/hadoop-ozone/integration-test/target/test-dir/MiniOzoneClusterImpl-7ca575dc-1199-4ed1-bcd1-a36870a62ff3/datanode-1/data/ratis/7bfe1b32-2ae6-42de-82e9-40ad9d2c2ef3/sm/snapshot.1_6
2019-08-08 03:47:23,155 INFO  impl.StateMachineUpdater (StateMachineUpdater.java:stopAndJoin(115)) - StateMachineUpdater:e864378d-96a5-4915-ae22-eb92971c1f9d:group-40AD9D2C2EF3: set stopIndex = 8
2019-08-08 03:47:23,161 INFO  impl.RaftServerImpl (ServerState.java:close(394)) - 6070a69d-a2e3-4a95-b4eb-67cafca61360:group-513A738D928D closes. The last applied log index is 0
2019-08-08 03:47:23,162 INFO  segmented.SegmentedRaftLogWorker (SegmentedRaftLogWorker.java:run(313)) - 6070a69d-a2e3-4a95-b4eb-67cafca61360-SegmentedRaftLogWorker:Storage Directory /workdir/hadoop-ozone/integration-test/target/test-dir/MiniOzoneClusterImpl-7ca575dc-1199-4ed1-bcd1-a36870a62ff3/datanode-4/data/ratis/39c5b30e-7124-4632-98aa-513a738d928d was interrupted, exiting. There are 0 tasks remaining in the queue.
2019-08-08 03:47:23,173 INFO  segmented.SegmentedRaftLogWorker (SegmentedRaftLogWorker.java:close(228)) - 6070a69d-a2e3-4a95-b4eb-67cafca61360-SegmentedRaftLogWorker:Storage Directory /workdir/hadoop-ozone/integration-test/target/test-dir/MiniOzoneClusterImpl-7ca575dc-1199-4ed1-bcd1-a36870a62ff3/datanode-4/data/ratis/39c5b30e-7124-4632-98aa-513a738d928d close()
2019-08-08 03:47:23,173 INFO  ratis.ContainerStateMachine (ContainerStateMachine.java:takeSnapshot(273)) - group-40AD9D2C2EF3: Finished taking a snapshot at:(t:1, i:6) file:/workdir/hadoop-ozone/integration-test/target/test-dir/MiniOzoneClusterImpl-7ca575dc-1199-4ed1-bcd1-a36870a62ff3/datanode-1/data/ratis/7bfe1b32-2ae6-42de-82e9-40ad9d2c2ef3/sm/snapshot.1_6 time:19
2019-08-08 03:47:23,178 INFO  impl.StateMachineUpdater (StateMachineUpdater.java:takeSnapshot(242)) - StateMachineUpdater:e864378d-96a5-4915-ae22-eb92971c1f9d:group-40AD9D2C2EF3: Took a snapshot at index 6
2019-08-08 03:47:23,178 INFO  server.GrpcService (GrpcService.java:closeImpl(155)) - 6070a69d-a2e3-4a95-b4eb-67cafca61360: shutdown server with port 41722 now
2019-08-08 03:47:23,178 INFO  impl.StateMachineUpdater (StateMachineUpdater.java:lambda$new$0(80)) - StateMachineUpdater:e864378d-96a5-4915-ae22-eb92971c1f9d:group-40AD9D2C2EF3: snapshotIndex: updateIncreasingly -1 -> 6
2019-08-08 03:47:23,179 INFO  impl.RaftServerImpl (ServerState.java:close(394)) - e864378d-96a5-4915-ae22-eb92971c1f9d:group-40AD9D2C2EF3 closes. The last applied log index is 8
2019-08-08 03:47:23,180 INFO  segmented.SegmentedRaftLogWorker (SegmentedRaftLogWorker.java:run(313)) - e864378d-96a5-4915-ae22-eb92971c1f9d-SegmentedRaftLogWorker:Storage Directory /workdir/hadoop-ozone/integration-test/target/test-dir/MiniOzoneClusterImpl-7ca575dc-1199-4ed1-bcd1-a36870a62ff3/datanode-1/data/ratis/7bfe1b32-2ae6-42de-82e9-40ad9d2c2ef3 was interrupted, exiting. There are 0 tasks remaining in the queue.
2019-08-08 03:47:23,180 WARN  server.GrpcServerProtocolService (LogUtils.java:warn(134)) - 6070a69d-a2e3-4a95-b4eb-67cafca61360: appendEntries onError: org.apache.ratis.thirdparty.io.grpc.StatusRuntimeException: CANCELLED: cancelled before receiving half close
2019-08-08 03:47:23,183 INFO  segmented.SegmentedRaftLogWorker (SegmentedRaftLogWorker.java:close(228)) - e864378d-96a5-4915-ae22-eb92971c1f9d-SegmentedRaftLogWorker:Storage Directory /workdir/hadoop-ozone/integration-test/target/test-dir/MiniOzoneClusterImpl-7ca575dc-1199-4ed1-bcd1-a36870a62ff3/datanode-1/data/ratis/7bfe1b32-2ae6-42de-82e9-40ad9d2c2ef3 close()
2019-08-08 03:47:23,183 WARN  server.GrpcLogAppender (LogUtils.java:warn(134)) - 8cb70791-4ae6-4613-8802-e5f9409d5895->6070a69d-a2e3-4a95-b4eb-67cafca61360: Failed appendEntries: org.apache.ratis.thirdparty.io.grpc.StatusRuntimeException: CANCELLED: HTTP/2 error code: CANCEL
Received Rst Stream
2019-08-08 03:47:23,200 INFO  server.GrpcService (GrpcService.java:closeImpl(155)) - e864378d-96a5-4915-ae22-eb92971c1f9d: shutdown server with port 35042 now
2019-08-08 03:47:23,183 INFO  server.GrpcService (GrpcService.java:closeImpl(163)) - 6070a69d-a2e3-4a95-b4eb-67cafca61360: shutdown server with port 41722 successfully
2019-08-08 03:47:23,203 INFO  impl.FollowerInfo (FollowerInfo.java:lambda$new$0(50)) - 8cb70791-4ae6-4613-8802-e5f9409d5895->6070a69d-a2e3-4a95-b4eb-67cafca61360: nextIndex: updateUnconditionally 1 -> 0
2019-08-08 03:47:23,204 WARN  server.GrpcServerProtocolService (LogUtils.java:warn(134)) - e864378d-96a5-4915-ae22-eb92971c1f9d: appendEntries onError: org.apache.ratis.thirdparty.io.grpc.StatusRuntimeException: CANCELLED: cancelled before receiving half close
2019-08-08 03:47:23,204 INFO  server.GrpcService (GrpcService.java:closeImpl(163)) - e864378d-96a5-4915-ae22-eb92971c1f9d: shutdown server with port 35042 successfully
2019-08-08 03:47:23,204 INFO  utils.BackgroundService (BackgroundService.java:shutdown(148)) - Shutting down service BlockDeletingService
2019-08-08 03:47:23,204 WARN  server.GrpcLogAppender (LogUtils.java:warn(134)) - 02d56343-07ef-4e0c-96c7-d21ae89378ad->e864378d-96a5-4915-ae22-eb92971c1f9d: Failed appendEntries: org.apache.ratis.thirdparty.io.grpc.StatusRuntimeException: CANCELLED: HTTP/2 error code: CANCEL
Received Rst Stream
2019-08-08 03:47:23,207 INFO  impl.FollowerInfo (FollowerInfo.java:lambda$new$0(50)) - 02d56343-07ef-4e0c-96c7-d21ae89378ad->e864378d-96a5-4915-ae22-eb92971c1f9d: nextIndex: updateUnconditionally 9 -> 8
2019-08-08 03:47:23,208 WARN  fs.CachingGetSpaceUsed (CachingGetSpaceUsed.java:run(183)) - Thread Interrupted waiting to refresh disk information: sleep interrupted
2019-08-08 03:47:23,209 INFO  utils.BackgroundService (BackgroundService.java:shutdown(148)) - Shutting down service BlockDeletingService
2019-08-08 03:47:23,211 WARN  fs.CachingGetSpaceUsed (CachingGetSpaceUsed.java:run(183)) - Thread Interrupted waiting to refresh disk information: sleep interrupted
2019-08-08 03:47:23,237 INFO  statemachine.DatanodeStateMachine (DatanodeStateMachine.java:stopDaemon(395)) - Ozone container server stopped.
2019-08-08 03:47:23,243 INFO  handler.ContextHandler (ContextHandler.java:doStop(910)) - Stopped o.e.j.w.WebAppContext@770cae59{/,null,UNAVAILABLE}{/hddsDatanode}
2019-08-08 03:47:23,244 INFO  server.AbstractConnector (AbstractConnector.java:doStop(318)) - Stopped ServerConnector@76b5a559{HTTP/1.1,[http/1.1]}{0.0.0.0:0}
2019-08-08 03:47:23,246 INFO  handler.ContextHandler (ContextHandler.java:doStop(910)) - Stopped o.e.j.s.ServletContextHandler@79cdf2d4{/static,jar:file:/home/user/.m2/repository/org/apache/hadoop/hadoop-hdds-container-service/0.4.1-SNAPSHOT/hadoop-hdds-container-service-0.4.1-SNAPSHOT.jar!/webapps/static,UNAVAILABLE}
2019-08-08 03:47:23,249 INFO  handler.ContextHandler (ContextHandler.java:doStop(910)) - Stopped o.e.j.s.ServletContextHandler@3b362f1{/logs,file:///workdir/hadoop-ozone/integration-test/target/log,UNAVAILABLE}
2019-08-08 03:47:23,250 INFO  datanode.ObjectStoreHandler (ObjectStoreHandler.java:close(155)) - Closing ObjectStoreHandler.
2019-08-08 03:47:23,250 INFO  ozone.HddsDatanodeService (HddsDatanodeService.java:stop(451)) - Stopped plug-in org.apache.hadoop.ozone.web.OzoneHddsDatanodeService@1d2046bb
2019-08-08 03:47:23,258 INFO  statemachine.DatanodeStateMachine (DatanodeStateMachine.java:stopDaemon(395)) - Ozone container server stopped.
2019-08-08 03:47:23,259 INFO  handler.ContextHandler (ContextHandler.java:doStop(910)) - Stopped o.e.j.w.WebAppContext@3cad24ae{/,null,UNAVAILABLE}{/hddsDatanode}
2019-08-08 03:47:23,259 INFO  server.AbstractConnector (AbstractConnector.java:doStop(318)) - Stopped ServerConnector@58021c3c{HTTP/1.1,[http/1.1]}{0.0.0.0:0}
2019-08-08 03:47:23,260 INFO  handler.ContextHandler (ContextHandler.java:doStop(910)) - Stopped o.e.j.s.ServletContextHandler@718f3088{/static,jar:file:/home/user/.m2/repository/org/apache/hadoop/hadoop-hdds-container-service/0.4.1-SNAPSHOT/hadoop-hdds-container-service-0.4.1-SNAPSHOT.jar!/webapps/static,UNAVAILABLE}
2019-08-08 03:47:23,260 INFO  handler.ContextHandler (ContextHandler.java:doStop(910)) - Stopped o.e.j.s.ServletContextHandler@eb1d475{/logs,file:///workdir/hadoop-ozone/integration-test/target/log,UNAVAILABLE}
2019-08-08 03:47:23,262 INFO  datanode.ObjectStoreHandler (ObjectStoreHandler.java:close(155)) - Closing ObjectStoreHandler.
2019-08-08 03:47:23,262 INFO  ozone.HddsDatanodeService (HddsDatanodeService.java:stop(451)) - Stopped plug-in org.apache.hadoop.ozone.web.OzoneHddsDatanodeService@71262020
2019-08-08 03:47:23,880 INFO  statemachine.DatanodeStateMachine (DatanodeStateMachine.java:lambda$startDaemon$0(350)) - Ozone container server started.
2019-08-08 03:47:24,069 INFO  statemachine.DatanodeStateMachine (DatanodeStateMachine.java:lambda$startDaemon$0(350)) - Ozone container server started.
2019-08-08 03:47:25,244 WARN  server.GrpcLogAppender (LogUtils.java:warn(134)) - 8cb70791-4ae6-4613-8802-e5f9409d5895->6070a69d-a2e3-4a95-b4eb-67cafca61360: Failed appendEntries: org.apache.ratis.thirdparty.io.grpc.StatusRuntimeException: UNAVAILABLE: io exception
2019-08-08 03:47:25,248 INFO  impl.FollowerInfo (FollowerInfo.java:lambda$new$0(50)) - 8cb70791-4ae6-4613-8802-e5f9409d5895->6070a69d-a2e3-4a95-b4eb-67cafca61360: nextIndex: updateUnconditionally 0 -> 0
2019-08-08 03:47:25,590 WARN  server.GrpcLogAppender (LogUtils.java:warn(134)) - 02d56343-07ef-4e0c-96c7-d21ae89378ad->e864378d-96a5-4915-ae22-eb92971c1f9d: Failed appendEntries: org.apache.ratis.thirdparty.io.grpc.StatusRuntimeException: UNAVAILABLE: io exception
2019-08-08 03:47:25,594 INFO  impl.FollowerInfo (FollowerInfo.java:lambda$new$0(50)) - 02d56343-07ef-4e0c-96c7-d21ae89378ad->e864378d-96a5-4915-ae22-eb92971c1f9d: nextIndex: updateUnconditionally 8 -> 7
2019-08-08 03:47:27,745 WARN  server.GrpcLogAppender (LogUtils.java:warn(134)) - 8cb70791-4ae6-4613-8802-e5f9409d5895->6070a69d-a2e3-4a95-b4eb-67cafca61360: Failed appendEntries: org.apache.ratis.thirdparty.io.grpc.StatusRuntimeException: UNAVAILABLE: io exception
2019-08-08 03:47:27,749 INFO  impl.FollowerInfo (FollowerInfo.java:lambda$new$0(50)) - 8cb70791-4ae6-4613-8802-e5f9409d5895->6070a69d-a2e3-4a95-b4eb-67cafca61360: nextIndex: updateUnconditionally 0 -> 0
2019-08-08 03:47:28,092 WARN  server.GrpcLogAppender (LogUtils.java:warn(134)) - 02d56343-07ef-4e0c-96c7-d21ae89378ad->e864378d-96a5-4915-ae22-eb92971c1f9d: Failed appendEntries: org.apache.ratis.thirdparty.io.grpc.StatusRuntimeException: UNAVAILABLE: io exception
2019-08-08 03:47:28,096 INFO  impl.FollowerInfo (FollowerInfo.java:lambda$new$0(50)) - 02d56343-07ef-4e0c-96c7-d21ae89378ad->e864378d-96a5-4915-ae22-eb92971c1f9d: nextIndex: updateUnconditionally 7 -> 6
2019-08-08 03:47:28,251 INFO  ozoneimpl.OzoneContainer (OzoneContainer.java:stop(199)) - Attempting to stop container services.
2019-08-08 03:47:28,252 INFO  impl.RaftServerProxy (RaftServerProxy.java:lambda$close$4(314)) - 02d56343-07ef-4e0c-96c7-d21ae89378ad: close
2019-08-08 03:47:28,252 INFO  impl.RaftServerImpl (RaftServerImpl.java:lambda$shutdown$3(245)) - 02d56343-07ef-4e0c-96c7-d21ae89378ad: shutdown group-2A345C320596
2019-08-08 03:47:28,252 INFO  util.JmxRegister (JmxRegister.java:unregister(73)) - Successfully un-registered JMX Bean with object name Ratis:service=RaftServer,group=group-2A345C320596,id=02d56343-07ef-4e0c-96c7-d21ae89378ad
2019-08-08 03:47:28,253 INFO  impl.RoleInfo (RoleInfo.java:shutdownLeaderState(104)) - 02d56343-07ef-4e0c-96c7-d21ae89378ad: shutdown LeaderState
2019-08-08 03:47:28,253 INFO  impl.PendingRequests (PendingRequests.java:sendNotLeaderResponses(202)) - 02d56343-07ef-4e0c-96c7-d21ae89378ad-PendingRequests: sendNotLeaderResponses
2019-08-08 03:47:28,253 INFO  impl.StateMachineUpdater (StateMachineUpdater.java:stopAndJoin(115)) - StateMachineUpdater:02d56343-07ef-4e0c-96c7-d21ae89378ad:group-2A345C320596: set stopIndex = 0
2019-08-08 03:47:28,254 INFO  impl.RaftServerImpl (ServerState.java:close(394)) - 02d56343-07ef-4e0c-96c7-d21ae89378ad:group-2A345C320596 closes. The last applied log index is 0
2019-08-08 03:47:28,254 INFO  segmented.SegmentedRaftLogWorker (SegmentedRaftLogWorker.java:run(313)) - 02d56343-07ef-4e0c-96c7-d21ae89378ad-SegmentedRaftLogWorker:Storage Directory /workdir/hadoop-ozone/integration-test/target/test-dir/MiniOzoneClusterImpl-7ca575dc-1199-4ed1-bcd1-a36870a62ff3/datanode-2/data/ratis/17add576-5a05-4d40-8d31-2a345c320596 was interrupted, exiting. There are 0 tasks remaining in the queue.
2019-08-08 03:47:28,258 INFO  segmented.SegmentedRaftLogWorker (SegmentedRaftLogWorker.java:close(228)) - 02d56343-07ef-4e0c-96c7-d21ae89378ad-SegmentedRaftLogWorker:Storage Directory /workdir/hadoop-ozone/integration-test/target/test-dir/MiniOzoneClusterImpl-7ca575dc-1199-4ed1-bcd1-a36870a62ff3/datanode-2/data/ratis/17add576-5a05-4d40-8d31-2a345c320596 close()
2019-08-08 03:47:28,260 INFO  impl.RaftServerImpl (RaftServerImpl.java:lambda$shutdown$3(245)) - 02d56343-07ef-4e0c-96c7-d21ae89378ad: shutdown group-40AD9D2C2EF3
2019-08-08 03:47:28,260 INFO  util.JmxRegister (JmxRegister.java:unregister(73)) - Successfully un-registered JMX Bean with object name Ratis:service=RaftServer,group=group-40AD9D2C2EF3,id=02d56343-07ef-4e0c-96c7-d21ae89378ad
2019-08-08 03:47:28,261 INFO  impl.RoleInfo (RoleInfo.java:shutdownLeaderState(104)) - 02d56343-07ef-4e0c-96c7-d21ae89378ad: shutdown LeaderState
2019-08-08 03:47:28,265 WARN  server.GrpcLogAppender (GrpcLogAppender.java:mayWait(143)) - GrpcLogAppender(02d56343-07ef-4e0c-96c7-d21ae89378ad->e864378d-96a5-4915-ae22-eb92971c1f9d): Wait interrupted by java.lang.InterruptedException
2019-08-08 03:47:28,265 INFO  impl.PendingRequests (PendingRequests.java:sendNotLeaderResponses(202)) - 02d56343-07ef-4e0c-96c7-d21ae89378ad-PendingRequests: sendNotLeaderResponses
2019-08-08 03:47:28,265 INFO  ozoneimpl.OzoneContainer (OzoneContainer.java:stop(199)) - Attempting to stop container services.
2019-08-08 03:47:28,270 INFO  ratis.ContainerStateMachine (ContainerStateMachine.java:takeSnapshot(262)) - group-40AD9D2C2EF3: Taking a snapshot at:(t:1, i:6) file /workdir/hadoop-ozone/integration-test/target/test-dir/MiniOzoneClusterImpl-7ca575dc-1199-4ed1-bcd1-a36870a62ff3/datanode-2/data/ratis/7bfe1b32-2ae6-42de-82e9-40ad9d2c2ef3/sm/snapshot.1_6
2019-08-08 03:47:28,270 INFO  impl.RaftServerProxy (RaftServerProxy.java:lambda$close$4(314)) - 8cb70791-4ae6-4613-8802-e5f9409d5895: close
2019-08-08 03:47:28,269 INFO  impl.StateMachineUpdater (StateMachineUpdater.java:stopAndJoin(115)) - StateMachineUpdater:02d56343-07ef-4e0c-96c7-d21ae89378ad:group-40AD9D2C2EF3: set stopIndex = 8
2019-08-08 03:47:28,265 WARN  server.GrpcLogAppender (GrpcLogAppender.java:mayWait(143)) - GrpcLogAppender(02d56343-07ef-4e0c-96c7-d21ae89378ad->7b92e4f9-0792-4d55-98da-1f974f6e97d6): Wait interrupted by java.lang.InterruptedException
2019-08-08 03:47:28,270 INFO  impl.RaftServerImpl (RaftServerImpl.java:lambda$shutdown$3(245)) - 8cb70791-4ae6-4613-8802-e5f9409d5895: shutdown group-DB3843F6F260
2019-08-08 03:47:28,271 INFO  util.JmxRegister (JmxRegister.java:unregister(73)) - Successfully un-registered JMX Bean with object name Ratis:service=RaftServer,group=group-DB3843F6F260,id=8cb70791-4ae6-4613-8802-e5f9409d5895
2019-08-08 03:47:28,271 INFO  server.GrpcServerProtocolService (GrpcServerProtocolService.java:onCompleted(104)) - 7b92e4f9-0792-4d55-98da-1f974f6e97d6: appendEntries completed
2019-08-08 03:47:28,272 INFO  impl.RoleInfo (RoleInfo.java:shutdownLeaderState(104)) - 8cb70791-4ae6-4613-8802-e5f9409d5895: shutdown LeaderState
2019-08-08 03:47:28,272 INFO  ratis.ContainerStateMachine (ContainerStateMachine.java:takeSnapshot(273)) - group-40AD9D2C2EF3: Finished taking a snapshot at:(t:1, i:6) file:/workdir/hadoop-ozone/integration-test/target/test-dir/MiniOzoneClusterImpl-7ca575dc-1199-4ed1-bcd1-a36870a62ff3/datanode-2/data/ratis/7bfe1b32-2ae6-42de-82e9-40ad9d2c2ef3/sm/snapshot.1_6 time:3
2019-08-08 03:47:28,273 INFO  impl.PendingRequests (PendingRequests.java:sendNotLeaderResponses(202)) - 8cb70791-4ae6-4613-8802-e5f9409d5895-PendingRequests: sendNotLeaderResponses
2019-08-08 03:47:28,273 INFO  server.GrpcLogAppender (GrpcLogAppender.java:onCompleted(292)) - 02d56343-07ef-4e0c-96c7-d21ae89378ad->7b92e4f9-0792-4d55-98da-1f974f6e97d6: follower responses appendEntries COMPLETED
2019-08-08 03:47:28,273 INFO  impl.StateMachineUpdater (StateMachineUpdater.java:takeSnapshot(242)) - StateMachineUpdater:02d56343-07ef-4e0c-96c7-d21ae89378ad:group-40AD9D2C2EF3: Took a snapshot at index 6
2019-08-08 03:47:28,273 INFO  impl.StateMachineUpdater (StateMachineUpdater.java:stopAndJoin(115)) - StateMachineUpdater:8cb70791-4ae6-4613-8802-e5f9409d5895:group-DB3843F6F260: set stopIndex = 0
2019-08-08 03:47:28,276 INFO  impl.RaftServerImpl (ServerState.java:close(394)) - 8cb70791-4ae6-4613-8802-e5f9409d5895:group-DB3843F6F260 closes. The last applied log index is 0
2019-08-08 03:47:28,276 INFO  impl.FollowerInfo (FollowerInfo.java:lambda$new$0(50)) - 02d56343-07ef-4e0c-96c7-d21ae89378ad->7b92e4f9-0792-4d55-98da-1f974f6e97d6: nextIndex: updateUnconditionally 9 -> 8
2019-08-08 03:47:28,276 INFO  impl.StateMachineUpdater (StateMachineUpdater.java:lambda$new$0(80)) - StateMachineUpdater:02d56343-07ef-4e0c-96c7-d21ae89378ad:group-40AD9D2C2EF3: snapshotIndex: updateIncreasingly -1 -> 6
2019-08-08 03:47:28,277 INFO  segmented.SegmentedRaftLogWorker (SegmentedRaftLogWorker.java:run(313)) - 8cb70791-4ae6-4613-8802-e5f9409d5895-SegmentedRaftLogWorker:Storage Directory /workdir/hadoop-ozone/integration-test/target/test-dir/MiniOzoneClusterImpl-7ca575dc-1199-4ed1-bcd1-a36870a62ff3/datanode-3/data/ratis/197f51fb-d6b5-431b-8867-db3843f6f260 was interrupted, exiting. There are 0 tasks remaining in the queue.
2019-08-08 03:47:28,279 INFO  impl.RaftServerImpl (ServerState.java:close(394)) - 02d56343-07ef-4e0c-96c7-d21ae89378ad:group-40AD9D2C2EF3 closes. The last applied log index is 8
2019-08-08 03:47:28,279 INFO  segmented.SegmentedRaftLogWorker (SegmentedRaftLogWorker.java:close(228)) - 8cb70791-4ae6-4613-8802-e5f9409d5895-SegmentedRaftLogWorker:Storage Directory /workdir/hadoop-ozone/integration-test/target/test-dir/MiniOzoneClusterImpl-7ca575dc-1199-4ed1-bcd1-a36870a62ff3/datanode-3/data/ratis/197f51fb-d6b5-431b-8867-db3843f6f260 close()
2019-08-08 03:47:28,280 INFO  segmented.SegmentedRaftLogWorker (SegmentedRaftLogWorker.java:run(313)) - 02d56343-07ef-4e0c-96c7-d21ae89378ad-SegmentedRaftLogWorker:Storage Directory /workdir/hadoop-ozone/integration-test/target/test-dir/MiniOzoneClusterImpl-7ca575dc-1199-4ed1-bcd1-a36870a62ff3/datanode-2/data/ratis/7bfe1b32-2ae6-42de-82e9-40ad9d2c2ef3 was interrupted, exiting. There are 0 tasks remaining in the queue.
2019-08-08 03:47:28,282 INFO  impl.RaftServerImpl (RaftServerImpl.java:lambda$shutdown$3(245)) - 8cb70791-4ae6-4613-8802-e5f9409d5895: shutdown group-513A738D928D
2019-08-08 03:47:28,284 INFO  segmented.SegmentedRaftLogWorker (SegmentedRaftLogWorker.java:close(228)) - 02d56343-07ef-4e0c-96c7-d21ae89378ad-SegmentedRaftLogWorker:Storage Directory /workdir/hadoop-ozone/integration-test/target/test-dir/MiniOzoneClusterImpl-7ca575dc-1199-4ed1-bcd1-a36870a62ff3/datanode-2/data/ratis/7bfe1b32-2ae6-42de-82e9-40ad9d2c2ef3 close()
2019-08-08 03:47:28,284 INFO  util.JmxRegister (JmxRegister.java:unregister(73)) - Successfully un-registered JMX Bean with object name Ratis:service=RaftServer,group=group-513A738D928D,id=8cb70791-4ae6-4613-8802-e5f9409d5895
2019-08-08 03:47:28,287 INFO  server.GrpcService (GrpcService.java:closeImpl(155)) - 02d56343-07ef-4e0c-96c7-d21ae89378ad: shutdown server with port 34665 now
2019-08-08 03:47:28,287 INFO  impl.RoleInfo (RoleInfo.java:shutdownLeaderState(104)) - 8cb70791-4ae6-4613-8802-e5f9409d5895: shutdown LeaderState
2019-08-08 03:47:28,291 INFO  impl.PendingRequests (PendingRequests.java:sendNotLeaderResponses(202)) - 8cb70791-4ae6-4613-8802-e5f9409d5895-PendingRequests: sendNotLeaderResponses
2019-08-08 03:47:28,292 WARN  server.GrpcLogAppender (GrpcLogAppender.java:mayWait(143)) - GrpcLogAppender(8cb70791-4ae6-4613-8802-e5f9409d5895->981f4f9a-b234-451d-b85b-0c6ec9e8e4b6): Wait interrupted by java.lang.InterruptedException
2019-08-08 03:47:28,291 WARN  server.GrpcLogAppender (GrpcLogAppender.java:mayWait(143)) - GrpcLogAppender(8cb70791-4ae6-4613-8802-e5f9409d5895->6070a69d-a2e3-4a95-b4eb-67cafca61360): Wait interrupted by java.lang.InterruptedException
2019-08-08 03:47:28,292 INFO  server.GrpcService (GrpcService.java:closeImpl(163)) - 02d56343-07ef-4e0c-96c7-d21ae89378ad: shutdown server with port 34665 successfully
2019-08-08 03:47:28,292 INFO  impl.StateMachineUpdater (StateMachineUpdater.java:stopAndJoin(115)) - StateMachineUpdater:8cb70791-4ae6-4613-8802-e5f9409d5895:group-513A738D928D: set stopIndex = 0
2019-08-08 03:47:28,292 INFO  server.GrpcServerProtocolService (GrpcServerProtocolService.java:onCompleted(104)) - 981f4f9a-b234-451d-b85b-0c6ec9e8e4b6: appendEntries completed
2019-08-08 03:47:28,293 INFO  impl.RaftServerImpl (ServerState.java:close(394)) - 8cb70791-4ae6-4613-8802-e5f9409d5895:group-513A738D928D closes. The last applied log index is 0
2019-08-08 03:47:28,294 INFO  server.GrpcLogAppender (GrpcLogAppender.java:onCompleted(292)) - 8cb70791-4ae6-4613-8802-e5f9409d5895->981f4f9a-b234-451d-b85b-0c6ec9e8e4b6: follower responses appendEntries COMPLETED
2019-08-08 03:47:28,294 INFO  segmented.SegmentedRaftLogWorker (SegmentedRaftLogWorker.java:run(313)) - 8cb70791-4ae6-4613-8802-e5f9409d5895-SegmentedRaftLogWorker:Storage Directory /workdir/hadoop-ozone/integration-test/target/test-dir/MiniOzoneClusterImpl-7ca575dc-1199-4ed1-bcd1-a36870a62ff3/datanode-3/data/ratis/39c5b30e-7124-4632-98aa-513a738d928d was interrupted, exiting. There are 0 tasks remaining in the queue.
2019-08-08 03:47:28,296 INFO  impl.FollowerInfo (FollowerInfo.java:lambda$new$0(50)) - 8cb70791-4ae6-4613-8802-e5f9409d5895->981f4f9a-b234-451d-b85b-0c6ec9e8e4b6: nextIndex: updateUnconditionally 1 -> 0
2019-08-08 03:47:28,299 INFO  segmented.SegmentedRaftLogWorker (SegmentedRaftLogWorker.java:close(228)) - 8cb70791-4ae6-4613-8802-e5f9409d5895-SegmentedRaftLogWorker:Storage Directory /workdir/hadoop-ozone/integration-test/target/test-dir/MiniOzoneClusterImpl-7ca575dc-1199-4ed1-bcd1-a36870a62ff3/datanode-3/data/ratis/39c5b30e-7124-4632-98aa-513a738d928d close()
2019-08-08 03:47:28,301 INFO  server.GrpcService (GrpcService.java:closeImpl(155)) - 8cb70791-4ae6-4613-8802-e5f9409d5895: shutdown server with port 34937 now
2019-08-08 03:47:28,304 INFO  server.GrpcService (GrpcService.java:closeImpl(163)) - 8cb70791-4ae6-4613-8802-e5f9409d5895: shutdown server with port 34937 successfully
2019-08-08 03:47:28,306 INFO  utils.BackgroundService (BackgroundService.java:shutdown(148)) - Shutting down service BlockDeletingService
2019-08-08 03:47:28,309 INFO  utils.BackgroundService (BackgroundService.java:shutdown(148)) - Shutting down service BlockDeletingService
2019-08-08 03:47:28,310 WARN  fs.CachingGetSpaceUsed (CachingGetSpaceUsed.java:run(183)) - Thread Interrupted waiting to refresh disk information: sleep interrupted
2019-08-08 03:47:28,312 WARN  fs.CachingGetSpaceUsed (CachingGetSpaceUsed.java:run(183)) - Thread Interrupted waiting to refresh disk information: sleep interrupted
2019-08-08 03:47:28,335 INFO  statemachine.DatanodeStateMachine (DatanodeStateMachine.java:stopDaemon(395)) - Ozone container server stopped.
2019-08-08 03:47:28,336 INFO  statemachine.DatanodeStateMachine (DatanodeStateMachine.java:stopDaemon(395)) - Ozone container server stopped.
2019-08-08 03:47:28,342 INFO  handler.ContextHandler (ContextHandler.java:doStop(910)) - Stopped o.e.j.w.WebAppContext@410382cb{/,null,UNAVAILABLE}{/hddsDatanode}
2019-08-08 03:47:28,343 INFO  handler.ContextHandler (ContextHandler.java:doStop(910)) - Stopped o.e.j.w.WebAppContext@26d73519{/,null,UNAVAILABLE}{/hddsDatanode}
2019-08-08 03:47:28,343 INFO  server.AbstractConnector (AbstractConnector.java:doStop(318)) - Stopped ServerConnector@399f5daf{HTTP/1.1,[http/1.1]}{0.0.0.0:0}
2019-08-08 03:47:28,345 INFO  server.AbstractConnector (AbstractConnector.java:doStop(318)) - Stopped ServerConnector@48af5f38{HTTP/1.1,[http/1.1]}{0.0.0.0:0}
2019-08-08 03:47:28,345 INFO  handler.ContextHandler (ContextHandler.java:doStop(910)) - Stopped o.e.j.s.ServletContextHandler@46524ebe{/static,jar:file:/home/user/.m2/repository/org/apache/hadoop/hadoop-hdds-container-service/0.4.1-SNAPSHOT/hadoop-hdds-container-service-0.4.1-SNAPSHOT.jar!/webapps/static,UNAVAILABLE}
2019-08-08 03:47:28,345 INFO  handler.ContextHandler (ContextHandler.java:doStop(910)) - Stopped o.e.j.s.ServletContextHandler@5d9bb69b{/static,jar:file:/home/user/.m2/repository/org/apache/hadoop/hadoop-hdds-container-service/0.4.1-SNAPSHOT/hadoop-hdds-container-service-0.4.1-SNAPSHOT.jar!/webapps/static,UNAVAILABLE}
2019-08-08 03:47:28,347 INFO  handler.ContextHandler (ContextHandler.java:doStop(910)) - Stopped o.e.j.s.ServletContextHandler@41be8db9{/logs,file:///workdir/hadoop-ozone/integration-test/target/log,UNAVAILABLE}
2019-08-08 03:47:28,348 INFO  handler.ContextHandler (ContextHandler.java:doStop(910)) - Stopped o.e.j.s.ServletContextHandler@6f68756d{/logs,file:///workdir/hadoop-ozone/integration-test/target/log,UNAVAILABLE}
2019-08-08 03:47:28,349 INFO  datanode.ObjectStoreHandler (ObjectStoreHandler.java:close(155)) - Closing ObjectStoreHandler.
2019-08-08 03:47:28,349 INFO  datanode.ObjectStoreHandler (ObjectStoreHandler.java:close(155)) - Closing ObjectStoreHandler.
2019-08-08 03:47:28,349 INFO  ozone.HddsDatanodeService (HddsDatanodeService.java:stop(451)) - Stopped plug-in org.apache.hadoop.ozone.web.OzoneHddsDatanodeService@1f42366
2019-08-08 03:47:28,350 INFO  ozone.HddsDatanodeService (HddsDatanodeService.java:stop(451)) - Stopped plug-in org.apache.hadoop.ozone.web.OzoneHddsDatanodeService@1e50eb3f
2019-08-08 03:47:28,645 INFO  statemachine.DatanodeStateMachine (DatanodeStateMachine.java:lambda$startDaemon$0(350)) - Ozone container server started.
2019-08-08 03:47:29,102 INFO  statemachine.DatanodeStateMachine (DatanodeStateMachine.java:lambda$startDaemon$0(350)) - Ozone container server started.
2019-08-08 03:47:33,024 INFO  impl.FollowerState (FollowerState.java:run(106)) - 981f4f9a-b234-451d-b85b-0c6ec9e8e4b6:group-513A738D928D changes to CANDIDATE, lastRpcTime:5288, electionTimeout:5174ms
2019-08-08 03:47:33,024 INFO  impl.RoleInfo (RoleInfo.java:shutdownFollowerState(121)) - 981f4f9a-b234-451d-b85b-0c6ec9e8e4b6: shutdown FollowerState
2019-08-08 03:47:33,024 INFO  impl.RaftServerImpl (RaftServerImpl.java:setRole(171)) - 981f4f9a-b234-451d-b85b-0c6ec9e8e4b6:group-513A738D928D changes role from FOLLOWER to CANDIDATE at term 1 for changeToCandidate
2019-08-08 03:47:33,024 INFO  impl.RoleInfo (RoleInfo.java:updateAndGet(143)) - 981f4f9a-b234-451d-b85b-0c6ec9e8e4b6: start LeaderElection
2019-08-08 03:47:33,027 INFO  impl.RaftServerImpl (ServerState.java:setLeader(263)) - 981f4f9a-b234-451d-b85b-0c6ec9e8e4b6:group-513A738D928D change Leader from 8cb70791-4ae6-4613-8802-e5f9409d5895 to null at term 1 for initElection
2019-08-08 03:47:33,057 INFO  impl.LeaderElection (LeaderElection.java:askForVotes(181)) - 981f4f9a-b234-451d-b85b-0c6ec9e8e4b6:group-513A738D928D:LeaderElection30: begin an election at term 2 for 0: [981f4f9a-b234-451d-b85b-0c6ec9e8e4b6:192.168.5.133:44048, 6070a69d-a2e3-4a95-b4eb-67cafca61360:192.168.5.133:41722, 8cb70791-4ae6-4613-8802-e5f9409d5895:192.168.5.133:34937], old=null
2019-08-08 03:47:33,061 INFO  impl.LeaderElection (LogUtils.java:infoOrTrace(149)) - 981f4f9a-b234-451d-b85b-0c6ec9e8e4b6:group-513A738D928D:LeaderElection30 got exception when requesting votes: {}
java.util.concurrent.ExecutionException: org.apache.ratis.thirdparty.io.grpc.StatusRuntimeException: UNAVAILABLE: io exception
	at java.util.concurrent.FutureTask.report(FutureTask.java:122)
	at java.util.concurrent.FutureTask.get(FutureTask.java:192)
	at org.apache.ratis.server.impl.LeaderElection.waitForResults(LeaderElection.java:262)
	at org.apache.ratis.server.impl.LeaderElection.askForVotes(LeaderElection.java:200)
	at org.apache.ratis.server.impl.LeaderElection.run(LeaderElection.java:130)
	at java.lang.Thread.run(Thread.java:748)
Caused by: org.apache.ratis.thirdparty.io.grpc.StatusRuntimeException: UNAVAILABLE: io exception
	at org.apache.ratis.thirdparty.io.grpc.stub.ClientCalls.toStatusRuntimeException(ClientCalls.java:233)
	at org.apache.ratis.thirdparty.io.grpc.stub.ClientCalls.getUnchecked(ClientCalls.java:214)
	at org.apache.ratis.thirdparty.io.grpc.stub.ClientCalls.blockingUnaryCall(ClientCalls.java:139)
	at org.apache.ratis.proto.grpc.RaftServerProtocolServiceGrpc$RaftServerProtocolServiceBlockingStub.requestVote(RaftServerProtocolServiceGrpc.java:265)
	at org.apache.ratis.grpc.server.GrpcServerProtocolClient.requestVote(GrpcServerProtocolClient.java:83)
	at org.apache.ratis.grpc.server.GrpcService.requestVote(GrpcService.java:195)
	at org.apache.ratis.server.impl.LeaderElection.lambda$submitRequests$1(LeaderElection.java:237)
	at java.util.concurrent.FutureTask.run(FutureTask.java:266)
	at java.util.concurrent.Executors$RunnableAdapter.call(Executors.java:511)
	at java.util.concurrent.FutureTask.run(FutureTask.java:266)
	at java.util.concurrent.ThreadPoolExecutor.runWorker(ThreadPoolExecutor.java:1149)
	at java.util.concurrent.ThreadPoolExecutor$Worker.run(ThreadPoolExecutor.java:624)
	... 1 more
Caused by: org.apache.ratis.thirdparty.io.netty.channel.AbstractChannel$AnnotatedConnectException: Connection refused: /192.168.5.133:34937
	at sun.nio.ch.SocketChannelImpl.checkConnect(Native Method)
	at sun.nio.ch.SocketChannelImpl.finishConnect(SocketChannelImpl.java:717)
	at org.apache.ratis.thirdparty.io.netty.channel.socket.nio.NioSocketChannel.doFinishConnect(NioSocketChannel.java:327)
	at org.apache.ratis.thirdparty.io.netty.channel.nio.AbstractNioChannel$AbstractNioUnsafe.finishConnect(AbstractNioChannel.java:340)
	at org.apache.ratis.thirdparty.io.netty.channel.nio.NioEventLoop.processSelectedKey(NioEventLoop.java:632)
	at org.apache.ratis.thirdparty.io.netty.channel.nio.NioEventLoop.processSelectedKeysOptimized(NioEventLoop.java:579)
	at org.apache.ratis.thirdparty.io.netty.channel.nio.NioEventLoop.processSelectedKeys(NioEventLoop.java:496)
	at org.apache.ratis.thirdparty.io.netty.channel.nio.NioEventLoop.run(NioEventLoop.java:458)
	at org.apache.ratis.thirdparty.io.netty.util.concurrent.SingleThreadEventExecutor$5.run(SingleThreadEventExecutor.java:897)
	at org.apache.ratis.thirdparty.io.netty.util.concurrent.FastThreadLocalRunnable.run(FastThreadLocalRunnable.java:30)
	... 1 more
Caused by: java.net.ConnectException: Connection refused
	... 11 more
2019-08-08 03:47:33,064 INFO  impl.LeaderElection (LogUtils.java:infoOrTrace(149)) - 981f4f9a-b234-451d-b85b-0c6ec9e8e4b6:group-513A738D928D:LeaderElection30 got exception when requesting votes: {}
java.util.concurrent.ExecutionException: org.apache.ratis.thirdparty.io.grpc.StatusRuntimeException: UNAVAILABLE: io exception
	at java.util.concurrent.FutureTask.report(FutureTask.java:122)
	at java.util.concurrent.FutureTask.get(FutureTask.java:192)
	at org.apache.ratis.server.impl.LeaderElection.waitForResults(LeaderElection.java:262)
	at org.apache.ratis.server.impl.LeaderElection.askForVotes(LeaderElection.java:200)
	at org.apache.ratis.server.impl.LeaderElection.run(LeaderElection.java:130)
	at java.lang.Thread.run(Thread.java:748)
Caused by: org.apache.ratis.thirdparty.io.grpc.StatusRuntimeException: UNAVAILABLE: io exception
	at org.apache.ratis.thirdparty.io.grpc.stub.ClientCalls.toStatusRuntimeException(ClientCalls.java:233)
	at org.apache.ratis.thirdparty.io.grpc.stub.ClientCalls.getUnchecked(ClientCalls.java:214)
	at org.apache.ratis.thirdparty.io.grpc.stub.ClientCalls.blockingUnaryCall(ClientCalls.java:139)
	at org.apache.ratis.proto.grpc.RaftServerProtocolServiceGrpc$RaftServerProtocolServiceBlockingStub.requestVote(RaftServerProtocolServiceGrpc.java:265)
	at org.apache.ratis.grpc.server.GrpcServerProtocolClient.requestVote(GrpcServerProtocolClient.java:83)
	at org.apache.ratis.grpc.server.GrpcService.requestVote(GrpcService.java:195)
	at org.apache.ratis.server.impl.LeaderElection.lambda$submitRequests$1(LeaderElection.java:237)
	at java.util.concurrent.FutureTask.run(FutureTask.java:266)
	at java.util.concurrent.Executors$RunnableAdapter.call(Executors.java:511)
	at java.util.concurrent.FutureTask.run(FutureTask.java:266)
	at java.util.concurrent.ThreadPoolExecutor.runWorker(ThreadPoolExecutor.java:1149)
	at java.util.concurrent.ThreadPoolExecutor$Worker.run(ThreadPoolExecutor.java:624)
	... 1 more
Caused by: org.apache.ratis.thirdparty.io.netty.channel.AbstractChannel$AnnotatedConnectException: Connection refused: /192.168.5.133:41722
	at sun.nio.ch.SocketChannelImpl.checkConnect(Native Method)
	at sun.nio.ch.SocketChannelImpl.finishConnect(SocketChannelImpl.java:717)
	at org.apache.ratis.thirdparty.io.netty.channel.socket.nio.NioSocketChannel.doFinishConnect(NioSocketChannel.java:327)
	at org.apache.ratis.thirdparty.io.netty.channel.nio.AbstractNioChannel$AbstractNioUnsafe.finishConnect(AbstractNioChannel.java:340)
	at org.apache.ratis.thirdparty.io.netty.channel.nio.NioEventLoop.processSelectedKey(NioEventLoop.java:632)
	at org.apache.ratis.thirdparty.io.netty.channel.nio.NioEventLoop.processSelectedKeysOptimized(NioEventLoop.java:579)
	at org.apache.ratis.thirdparty.io.netty.channel.nio.NioEventLoop.processSelectedKeys(NioEventLoop.java:496)
	at org.apache.ratis.thirdparty.io.netty.channel.nio.NioEventLoop.run(NioEventLoop.java:458)
	at org.apache.ratis.thirdparty.io.netty.util.concurrent.SingleThreadEventExecutor$5.run(SingleThreadEventExecutor.java:897)
	at org.apache.ratis.thirdparty.io.netty.util.concurrent.FastThreadLocalRunnable.run(FastThreadLocalRunnable.java:30)
	... 1 more
Caused by: java.net.ConnectException: Connection refused
	... 11 more
2019-08-08 03:47:33,066 INFO  impl.LeaderElection (LeaderElection.java:logAndReturn(56)) - 981f4f9a-b234-451d-b85b-0c6ec9e8e4b6:group-513A738D928D:LeaderElection30: Election REJECTED; received 0 response(s) [] and 2 exception(s); 981f4f9a-b234-451d-b85b-0c6ec9e8e4b6:t2, leader=null, voted=981f4f9a-b234-451d-b85b-0c6ec9e8e4b6, raftlog=981f4f9a-b234-451d-b85b-0c6ec9e8e4b6-SegmentedRaftLog:OPENED:c0,f0,i0, conf=0: [981f4f9a-b234-451d-b85b-0c6ec9e8e4b6:192.168.5.133:44048, 6070a69d-a2e3-4a95-b4eb-67cafca61360:192.168.5.133:41722, 8cb70791-4ae6-4613-8802-e5f9409d5895:192.168.5.133:34937], old=null
2019-08-08 03:47:33,066 INFO  impl.LeaderElection (LogUtils.java:infoOrTrace(149)) -   Exception 0: {}
java.util.concurrent.ExecutionException: org.apache.ratis.thirdparty.io.grpc.StatusRuntimeException: UNAVAILABLE: io exception
	at java.util.concurrent.FutureTask.report(FutureTask.java:122)
	at java.util.concurrent.FutureTask.get(FutureTask.java:192)
	at org.apache.ratis.server.impl.LeaderElection.waitForResults(LeaderElection.java:262)
	at org.apache.ratis.server.impl.LeaderElection.askForVotes(LeaderElection.java:200)
	at org.apache.ratis.server.impl.LeaderElection.run(LeaderElection.java:130)
	at java.lang.Thread.run(Thread.java:748)
Caused by: org.apache.ratis.thirdparty.io.grpc.StatusRuntimeException: UNAVAILABLE: io exception
	at org.apache.ratis.thirdparty.io.grpc.stub.ClientCalls.toStatusRuntimeException(ClientCalls.java:233)
	at org.apache.ratis.thirdparty.io.grpc.stub.ClientCalls.getUnchecked(ClientCalls.java:214)
	at org.apache.ratis.thirdparty.io.grpc.stub.ClientCalls.blockingUnaryCall(ClientCalls.java:139)
	at org.apache.ratis.proto.grpc.RaftServerProtocolServiceGrpc$RaftServerProtocolServiceBlockingStub.requestVote(RaftServerProtocolServiceGrpc.java:265)
	at org.apache.ratis.grpc.server.GrpcServerProtocolClient.requestVote(GrpcServerProtocolClient.java:83)
	at org.apache.ratis.grpc.server.GrpcService.requestVote(GrpcService.java:195)
	at org.apache.ratis.server.impl.LeaderElection.lambda$submitRequests$1(LeaderElection.java:237)
	at java.util.concurrent.FutureTask.run(FutureTask.java:266)
	at java.util.concurrent.Executors$RunnableAdapter.call(Executors.java:511)
	at java.util.concurrent.FutureTask.run(FutureTask.java:266)
	at java.util.concurrent.ThreadPoolExecutor.runWorker(ThreadPoolExecutor.java:1149)
	at java.util.concurrent.ThreadPoolExecutor$Worker.run(ThreadPoolExecutor.java:624)
	... 1 more
Caused by: org.apache.ratis.thirdparty.io.netty.channel.AbstractChannel$AnnotatedConnectException: Connection refused: /192.168.5.133:34937
	at sun.nio.ch.SocketChannelImpl.checkConnect(Native Method)
	at sun.nio.ch.SocketChannelImpl.finishConnect(SocketChannelImpl.java:717)
	at org.apache.ratis.thirdparty.io.netty.channel.socket.nio.NioSocketChannel.doFinishConnect(NioSocketChannel.java:327)
	at org.apache.ratis.thirdparty.io.netty.channel.nio.AbstractNioChannel$AbstractNioUnsafe.finishConnect(AbstractNioChannel.java:340)
	at org.apache.ratis.thirdparty.io.netty.channel.nio.NioEventLoop.processSelectedKey(NioEventLoop.java:632)
	at org.apache.ratis.thirdparty.io.netty.channel.nio.NioEventLoop.processSelectedKeysOptimized(NioEventLoop.java:579)
	at org.apache.ratis.thirdparty.io.netty.channel.nio.NioEventLoop.processSelectedKeys(NioEventLoop.java:496)
	at org.apache.ratis.thirdparty.io.netty.channel.nio.NioEventLoop.run(NioEventLoop.java:458)
	at org.apache.ratis.thirdparty.io.netty.util.concurrent.SingleThreadEventExecutor$5.run(SingleThreadEventExecutor.java:897)
	at org.apache.ratis.thirdparty.io.netty.util.concurrent.FastThreadLocalRunnable.run(FastThreadLocalRunnable.java:30)
	... 1 more
Caused by: java.net.ConnectException: Connection refused
	... 11 more
2019-08-08 03:47:33,066 INFO  impl.LeaderElection (LogUtils.java:infoOrTrace(149)) -   Exception 1: {}
java.util.concurrent.ExecutionException: org.apache.ratis.thirdparty.io.grpc.StatusRuntimeException: UNAVAILABLE: io exception
	at java.util.concurrent.FutureTask.report(FutureTask.java:122)
	at java.util.concurrent.FutureTask.get(FutureTask.java:192)
	at org.apache.ratis.server.impl.LeaderElection.waitForResults(LeaderElection.java:262)
	at org.apache.ratis.server.impl.LeaderElection.askForVotes(LeaderElection.java:200)
	at org.apache.ratis.server.impl.LeaderElection.run(LeaderElection.java:130)
	at java.lang.Thread.run(Thread.java:748)
Caused by: org.apache.ratis.thirdparty.io.grpc.StatusRuntimeException: UNAVAILABLE: io exception
	at org.apache.ratis.thirdparty.io.grpc.stub.ClientCalls.toStatusRuntimeException(ClientCalls.java:233)
	at org.apache.ratis.thirdparty.io.grpc.stub.ClientCalls.getUnchecked(ClientCalls.java:214)
	at org.apache.ratis.thirdparty.io.grpc.stub.ClientCalls.blockingUnaryCall(ClientCalls.java:139)
	at org.apache.ratis.proto.grpc.RaftServerProtocolServiceGrpc$RaftServerProtocolServiceBlockingStub.requestVote(RaftServerProtocolServiceGrpc.java:265)
	at org.apache.ratis.grpc.server.GrpcServerProtocolClient.requestVote(GrpcServerProtocolClient.java:83)
	at org.apache.ratis.grpc.server.GrpcService.requestVote(GrpcService.java:195)
	at org.apache.ratis.server.impl.LeaderElection.lambda$submitRequests$1(LeaderElection.java:237)
	at java.util.concurrent.FutureTask.run(FutureTask.java:266)
	at java.util.concurrent.Executors$RunnableAdapter.call(Executors.java:511)
	at java.util.concurrent.FutureTask.run(FutureTask.java:266)
	at java.util.concurrent.ThreadPoolExecutor.runWorker(ThreadPoolExecutor.java:1149)
	at java.util.concurrent.ThreadPoolExecutor$Worker.run(ThreadPoolExecutor.java:624)
	... 1 more
Caused by: org.apache.ratis.thirdparty.io.netty.channel.AbstractChannel$AnnotatedConnectException: Connection refused: /192.168.5.133:41722
	at sun.nio.ch.SocketChannelImpl.checkConnect(Native Method)
	at sun.nio.ch.SocketChannelImpl.finishConnect(SocketChannelImpl.java:717)
	at org.apache.ratis.thirdparty.io.netty.channel.socket.nio.NioSocketChannel.doFinishConnect(NioSocketChannel.java:327)
	at org.apache.ratis.thirdparty.io.netty.channel.nio.AbstractNioChannel$AbstractNioUnsafe.finishConnect(AbstractNioChannel.java:340)
	at org.apache.ratis.thirdparty.io.netty.channel.nio.NioEventLoop.processSelectedKey(NioEventLoop.java:632)
	at org.apache.ratis.thirdparty.io.netty.channel.nio.NioEventLoop.processSelectedKeysOptimized(NioEventLoop.java:579)
	at org.apache.ratis.thirdparty.io.netty.channel.nio.NioEventLoop.processSelectedKeys(NioEventLoop.java:496)
	at org.apache.ratis.thirdparty.io.netty.channel.nio.NioEventLoop.run(NioEventLoop.java:458)
	at org.apache.ratis.thirdparty.io.netty.util.concurrent.SingleThreadEventExecutor$5.run(SingleThreadEventExecutor.java:897)
	at org.apache.ratis.thirdparty.io.netty.util.concurrent.FastThreadLocalRunnable.run(FastThreadLocalRunnable.java:30)
	... 1 more
Caused by: java.net.ConnectException: Connection refused
	... 11 more
2019-08-08 03:47:33,067 INFO  impl.RaftServerImpl (RaftServerImpl.java:setRole(171)) - 981f4f9a-b234-451d-b85b-0c6ec9e8e4b6:group-513A738D928D changes role from CANDIDATE to FOLLOWER at term 2 for DISCOVERED_A_NEW_TERM
2019-08-08 03:47:33,067 INFO  impl.RoleInfo (RoleInfo.java:shutdownLeaderElection(134)) - 981f4f9a-b234-451d-b85b-0c6ec9e8e4b6: shutdown LeaderElection
2019-08-08 03:47:33,067 INFO  impl.RoleInfo (RoleInfo.java:updateAndGet(143)) - 981f4f9a-b234-451d-b85b-0c6ec9e8e4b6: start FollowerState
2019-08-08 03:47:33,351 INFO  ozoneimpl.OzoneContainer (OzoneContainer.java:stop(199)) - Attempting to stop container services.
2019-08-08 03:47:33,351 INFO  ozoneimpl.OzoneContainer (OzoneContainer.java:stop(199)) - Attempting to stop container services.
2019-08-08 03:47:33,351 INFO  impl.RaftServerProxy (RaftServerProxy.java:lambda$close$4(314)) - 7b92e4f9-0792-4d55-98da-1f974f6e97d6: close
2019-08-08 03:47:33,352 INFO  impl.RaftServerProxy (RaftServerProxy.java:lambda$close$4(314)) - 9c10512b-86cb-40aa-9257-830e95186eb0: close
2019-08-08 03:47:33,352 INFO  impl.RaftServerImpl (RaftServerImpl.java:lambda$shutdown$3(245)) - 7b92e4f9-0792-4d55-98da-1f974f6e97d6: shutdown group-776101046397
2019-08-08 03:47:33,352 INFO  impl.RaftServerImpl (RaftServerImpl.java:lambda$shutdown$3(245)) - 9c10512b-86cb-40aa-9257-830e95186eb0: shutdown group-4FBB58A807C5
2019-08-08 03:47:33,353 INFO  util.JmxRegister (JmxRegister.java:unregister(73)) - Successfully un-registered JMX Bean with object name Ratis:service=RaftServer,group=group-776101046397,id=7b92e4f9-0792-4d55-98da-1f974f6e97d6
2019-08-08 03:47:33,353 INFO  util.JmxRegister (JmxRegister.java:unregister(73)) - Successfully un-registered JMX Bean with object name Ratis:service=RaftServer,group=group-4FBB58A807C5,id=9c10512b-86cb-40aa-9257-830e95186eb0
2019-08-08 03:47:33,354 INFO  impl.RoleInfo (RoleInfo.java:shutdownLeaderState(104)) - 9c10512b-86cb-40aa-9257-830e95186eb0: shutdown LeaderState
2019-08-08 03:47:33,353 INFO  impl.RoleInfo (RoleInfo.java:shutdownLeaderState(104)) - 7b92e4f9-0792-4d55-98da-1f974f6e97d6: shutdown LeaderState
2019-08-08 03:47:33,354 INFO  impl.PendingRequests (PendingRequests.java:sendNotLeaderResponses(202)) - 9c10512b-86cb-40aa-9257-830e95186eb0-PendingRequests: sendNotLeaderResponses
2019-08-08 03:47:33,355 INFO  impl.PendingRequests (PendingRequests.java:sendNotLeaderResponses(202)) - 7b92e4f9-0792-4d55-98da-1f974f6e97d6-PendingRequests: sendNotLeaderResponses
2019-08-08 03:47:33,355 INFO  impl.StateMachineUpdater (StateMachineUpdater.java:stopAndJoin(115)) - StateMachineUpdater:9c10512b-86cb-40aa-9257-830e95186eb0:group-4FBB58A807C5: set stopIndex = 0
2019-08-08 03:47:33,356 INFO  impl.RaftServerImpl (ServerState.java:close(394)) - 9c10512b-86cb-40aa-9257-830e95186eb0:group-4FBB58A807C5 closes. The last applied log index is 0
2019-08-08 03:47:33,355 INFO  impl.StateMachineUpdater (StateMachineUpdater.java:stopAndJoin(115)) - StateMachineUpdater:7b92e4f9-0792-4d55-98da-1f974f6e97d6:group-776101046397: set stopIndex = 0
2019-08-08 03:47:33,357 INFO  segmented.SegmentedRaftLogWorker (SegmentedRaftLogWorker.java:run(313)) - 9c10512b-86cb-40aa-9257-830e95186eb0-SegmentedRaftLogWorker:Storage Directory /workdir/hadoop-ozone/integration-test/target/test-dir/MiniOzoneClusterImpl-7ca575dc-1199-4ed1-bcd1-a36870a62ff3/datanode-6/data/ratis/0fc940fa-50a7-415a-9291-4fbb58a807c5 was interrupted, exiting. There are 0 tasks remaining in the queue.
2019-08-08 03:47:33,357 INFO  impl.RaftServerImpl (ServerState.java:close(394)) - 7b92e4f9-0792-4d55-98da-1f974f6e97d6:group-776101046397 closes. The last applied log index is 0
2019-08-08 03:47:33,359 INFO  segmented.SegmentedRaftLogWorker (SegmentedRaftLogWorker.java:close(228)) - 9c10512b-86cb-40aa-9257-830e95186eb0-SegmentedRaftLogWorker:Storage Directory /workdir/hadoop-ozone/integration-test/target/test-dir/MiniOzoneClusterImpl-7ca575dc-1199-4ed1-bcd1-a36870a62ff3/datanode-6/data/ratis/0fc940fa-50a7-415a-9291-4fbb58a807c5 close()
2019-08-08 03:47:33,359 INFO  segmented.SegmentedRaftLogWorker (SegmentedRaftLogWorker.java:run(313)) - 7b92e4f9-0792-4d55-98da-1f974f6e97d6-SegmentedRaftLogWorker:Storage Directory /workdir/hadoop-ozone/integration-test/target/test-dir/MiniOzoneClusterImpl-7ca575dc-1199-4ed1-bcd1-a36870a62ff3/datanode-0/data/ratis/038eb5f3-0b87-467c-9e46-776101046397 was interrupted, exiting. There are 0 tasks remaining in the queue.
2019-08-08 03:47:33,361 INFO  server.GrpcService (GrpcService.java:closeImpl(155)) - 9c10512b-86cb-40aa-9257-830e95186eb0: shutdown server with port 39683 now
2019-08-08 03:47:33,363 INFO  segmented.SegmentedRaftLogWorker (SegmentedRaftLogWorker.java:close(228)) - 7b92e4f9-0792-4d55-98da-1f974f6e97d6-SegmentedRaftLogWorker:Storage Directory /workdir/hadoop-ozone/integration-test/target/test-dir/MiniOzoneClusterImpl-7ca575dc-1199-4ed1-bcd1-a36870a62ff3/datanode-0/data/ratis/038eb5f3-0b87-467c-9e46-776101046397 close()
2019-08-08 03:47:33,365 INFO  server.GrpcService (GrpcService.java:closeImpl(163)) - 9c10512b-86cb-40aa-9257-830e95186eb0: shutdown server with port 39683 successfully
2019-08-08 03:47:33,372 INFO  impl.RaftServerImpl (RaftServerImpl.java:lambda$shutdown$3(245)) - 7b92e4f9-0792-4d55-98da-1f974f6e97d6: shutdown group-40AD9D2C2EF3
2019-08-08 03:47:33,372 INFO  util.JmxRegister (JmxRegister.java:unregister(73)) - Successfully un-registered JMX Bean with object name Ratis:service=RaftServer,group=group-40AD9D2C2EF3,id=7b92e4f9-0792-4d55-98da-1f974f6e97d6
2019-08-08 03:47:33,373 INFO  impl.RoleInfo (RoleInfo.java:shutdownFollowerState(121)) - 7b92e4f9-0792-4d55-98da-1f974f6e97d6: shutdown FollowerState
2019-08-08 03:47:33,373 INFO  impl.StateMachineUpdater (StateMachineUpdater.java:stopAndJoin(115)) - StateMachineUpdater:7b92e4f9-0792-4d55-98da-1f974f6e97d6:group-40AD9D2C2EF3: set stopIndex = 8
2019-08-08 03:47:33,373 INFO  impl.FollowerState (FollowerState.java:run(114)) - 7b92e4f9-0792-4d55-98da-1f974f6e97d6: FollowerState was interrupted: java.lang.InterruptedException: sleep interrupted
2019-08-08 03:47:33,373 INFO  ratis.ContainerStateMachine (ContainerStateMachine.java:takeSnapshot(262)) - group-40AD9D2C2EF3: Taking a snapshot at:(t:1, i:6) file /workdir/hadoop-ozone/integration-test/target/test-dir/MiniOzoneClusterImpl-7ca575dc-1199-4ed1-bcd1-a36870a62ff3/datanode-0/data/ratis/7bfe1b32-2ae6-42de-82e9-40ad9d2c2ef3/sm/snapshot.1_6
2019-08-08 03:47:33,377 INFO  utils.BackgroundService (BackgroundService.java:shutdown(148)) - Shutting down service BlockDeletingService
2019-08-08 03:47:33,379 WARN  fs.CachingGetSpaceUsed (CachingGetSpaceUsed.java:run(183)) - Thread Interrupted waiting to refresh disk information: sleep interrupted
2019-08-08 03:47:33,380 INFO  ratis.ContainerStateMachine (ContainerStateMachine.java:takeSnapshot(273)) - group-40AD9D2C2EF3: Finished taking a snapshot at:(t:1, i:6) file:/workdir/hadoop-ozone/integration-test/target/test-dir/MiniOzoneClusterImpl-7ca575dc-1199-4ed1-bcd1-a36870a62ff3/datanode-0/data/ratis/7bfe1b32-2ae6-42de-82e9-40ad9d2c2ef3/sm/snapshot.1_6 time:6
2019-08-08 03:47:33,380 INFO  impl.StateMachineUpdater (StateMachineUpdater.java:takeSnapshot(242)) - StateMachineUpdater:7b92e4f9-0792-4d55-98da-1f974f6e97d6:group-40AD9D2C2EF3: Took a snapshot at index 6
2019-08-08 03:47:33,380 INFO  impl.StateMachineUpdater (StateMachineUpdater.java:lambda$new$0(80)) - StateMachineUpdater:7b92e4f9-0792-4d55-98da-1f974f6e97d6:group-40AD9D2C2EF3: snapshotIndex: updateIncreasingly -1 -> 6
2019-08-08 03:47:33,380 INFO  impl.RaftServerImpl (ServerState.java:close(394)) - 7b92e4f9-0792-4d55-98da-1f974f6e97d6:group-40AD9D2C2EF3 closes. The last applied log index is 8
2019-08-08 03:47:33,381 INFO  segmented.SegmentedRaftLogWorker (SegmentedRaftLogWorker.java:run(313)) - 7b92e4f9-0792-4d55-98da-1f974f6e97d6-SegmentedRaftLogWorker:Storage Directory /workdir/hadoop-ozone/integration-test/target/test-dir/MiniOzoneClusterImpl-7ca575dc-1199-4ed1-bcd1-a36870a62ff3/datanode-0/data/ratis/7bfe1b32-2ae6-42de-82e9-40ad9d2c2ef3 was interrupted, exiting. There are 0 tasks remaining in the queue.
2019-08-08 03:47:33,381 INFO  segmented.SegmentedRaftLogWorker (SegmentedRaftLogWorker.java:close(228)) - 7b92e4f9-0792-4d55-98da-1f974f6e97d6-SegmentedRaftLogWorker:Storage Directory /workdir/hadoop-ozone/integration-test/target/test-dir/MiniOzoneClusterImpl-7ca575dc-1199-4ed1-bcd1-a36870a62ff3/datanode-0/data/ratis/7bfe1b32-2ae6-42de-82e9-40ad9d2c2ef3 close()
2019-08-08 03:47:33,381 INFO  server.GrpcService (GrpcService.java:closeImpl(155)) - 7b92e4f9-0792-4d55-98da-1f974f6e97d6: shutdown server with port 33634 now
2019-08-08 03:47:33,382 INFO  server.GrpcService (GrpcService.java:closeImpl(163)) - 7b92e4f9-0792-4d55-98da-1f974f6e97d6: shutdown server with port 33634 successfully
2019-08-08 03:47:33,383 INFO  utils.BackgroundService (BackgroundService.java:shutdown(148)) - Shutting down service BlockDeletingService
2019-08-08 03:47:33,384 WARN  fs.CachingGetSpaceUsed (CachingGetSpaceUsed.java:run(183)) - Thread Interrupted waiting to refresh disk information: sleep interrupted
2019-08-08 03:47:33,401 INFO  statemachine.DatanodeStateMachine (DatanodeStateMachine.java:stopDaemon(395)) - Ozone container server stopped.
2019-08-08 03:47:33,402 INFO  handler.ContextHandler (ContextHandler.java:doStop(910)) - Stopped o.e.j.w.WebAppContext@213ceb4e{/,null,UNAVAILABLE}{/hddsDatanode}
2019-08-08 03:47:33,403 INFO  server.AbstractConnector (AbstractConnector.java:doStop(318)) - Stopped ServerConnector@23c72128{HTTP/1.1,[http/1.1]}{0.0.0.0:0}
2019-08-08 03:47:33,404 INFO  handler.ContextHandler (ContextHandler.java:doStop(910)) - Stopped o.e.j.s.ServletContextHandler@1dd443c1{/static,jar:file:/home/user/.m2/repository/org/apache/hadoop/hadoop-hdds-container-service/0.4.1-SNAPSHOT/hadoop-hdds-container-service-0.4.1-SNAPSHOT.jar!/webapps/static,UNAVAILABLE}
2019-08-08 03:47:33,404 INFO  handler.ContextHandler (ContextHandler.java:doStop(910)) - Stopped o.e.j.s.ServletContextHandler@63d0e8d{/logs,file:///workdir/hadoop-ozone/integration-test/target/log,UNAVAILABLE}
2019-08-08 03:47:33,408 INFO  datanode.ObjectStoreHandler (ObjectStoreHandler.java:close(155)) - Closing ObjectStoreHandler.
2019-08-08 03:47:33,409 INFO  statemachine.DatanodeStateMachine (DatanodeStateMachine.java:stopDaemon(395)) - Ozone container server stopped.
2019-08-08 03:47:33,411 INFO  ozone.HddsDatanodeService (HddsDatanodeService.java:stop(451)) - Stopped plug-in org.apache.hadoop.ozone.web.OzoneHddsDatanodeService@20a946d9
2019-08-08 03:47:33,414 INFO  handler.ContextHandler (ContextHandler.java:doStop(910)) - Stopped o.e.j.w.WebAppContext@4d20616a{/,null,UNAVAILABLE}{/hddsDatanode}
2019-08-08 03:47:33,414 INFO  server.AbstractConnector (AbstractConnector.java:doStop(318)) - Stopped ServerConnector@6ad6ae45{HTTP/1.1,[http/1.1]}{0.0.0.0:0}
2019-08-08 03:47:33,416 INFO  handler.ContextHandler (ContextHandler.java:doStop(910)) - Stopped o.e.j.s.ServletContextHandler@171aa66{/static,jar:file:/home/user/.m2/repository/org/apache/hadoop/hadoop-hdds-container-service/0.4.1-SNAPSHOT/hadoop-hdds-container-service-0.4.1-SNAPSHOT.jar!/webapps/static,UNAVAILABLE}
2019-08-08 03:47:33,417 INFO  handler.ContextHandler (ContextHandler.java:doStop(910)) - Stopped o.e.j.s.ServletContextHandler@5a899811{/logs,file:///workdir/hadoop-ozone/integration-test/target/log,UNAVAILABLE}
2019-08-08 03:47:33,474 INFO  statemachine.DatanodeStateMachine (DatanodeStateMachine.java:lambda$startDaemon$0(350)) - Ozone container server started.
2019-08-08 03:47:38,265 INFO  impl.FollowerState (FollowerState.java:run(106)) - 981f4f9a-b234-451d-b85b-0c6ec9e8e4b6:group-513A738D928D changes to CANDIDATE, lastRpcTime:5197, electionTimeout:5197ms
2019-08-08 03:47:38,265 INFO  impl.RoleInfo (RoleInfo.java:shutdownFollowerState(121)) - 981f4f9a-b234-451d-b85b-0c6ec9e8e4b6: shutdown FollowerState
2019-08-08 03:47:38,265 INFO  impl.RaftServerImpl (RaftServerImpl.java:setRole(171)) - 981f4f9a-b234-451d-b85b-0c6ec9e8e4b6:group-513A738D928D changes role from FOLLOWER to CANDIDATE at term 2 for changeToCandidate
2019-08-08 03:47:38,265 INFO  impl.RoleInfo (RoleInfo.java:updateAndGet(143)) - 981f4f9a-b234-451d-b85b-0c6ec9e8e4b6: start LeaderElection
2019-08-08 03:47:38,281 INFO  impl.LeaderElection (LeaderElection.java:askForVotes(181)) - 981f4f9a-b234-451d-b85b-0c6ec9e8e4b6:group-513A738D928D:LeaderElection31: begin an election at term 3 for 0: [981f4f9a-b234-451d-b85b-0c6ec9e8e4b6:192.168.5.133:44048, 6070a69d-a2e3-4a95-b4eb-67cafca61360:192.168.5.133:41722, 8cb70791-4ae6-4613-8802-e5f9409d5895:192.168.5.133:34937], old=null
2019-08-08 03:47:38,283 INFO  impl.LeaderElection (LogUtils.java:infoOrTrace(149)) - 981f4f9a-b234-451d-b85b-0c6ec9e8e4b6:group-513A738D928D:LeaderElection31 got exception when requesting votes: {}
java.util.concurrent.ExecutionException: org.apache.ratis.thirdparty.io.grpc.StatusRuntimeException: UNAVAILABLE: io exception
	at java.util.concurrent.FutureTask.report(FutureTask.java:122)
	at java.util.concurrent.FutureTask.get(FutureTask.java:192)
	at org.apache.ratis.server.impl.LeaderElection.waitForResults(LeaderElection.java:262)
	at org.apache.ratis.server.impl.LeaderElection.askForVotes(LeaderElection.java:200)
	at org.apache.ratis.server.impl.LeaderElection.run(LeaderElection.java:130)
	at java.lang.Thread.run(Thread.java:748)
Caused by: org.apache.ratis.thirdparty.io.grpc.StatusRuntimeException: UNAVAILABLE: io exception
	at org.apache.ratis.thirdparty.io.grpc.stub.ClientCalls.toStatusRuntimeException(ClientCalls.java:233)
	at org.apache.ratis.thirdparty.io.grpc.stub.ClientCalls.getUnchecked(ClientCalls.java:214)
	at org.apache.ratis.thirdparty.io.grpc.stub.ClientCalls.blockingUnaryCall(ClientCalls.java:139)
	at org.apache.ratis.proto.grpc.RaftServerProtocolServiceGrpc$RaftServerProtocolServiceBlockingStub.requestVote(RaftServerProtocolServiceGrpc.java:265)
	at org.apache.ratis.grpc.server.GrpcServerProtocolClient.requestVote(GrpcServerProtocolClient.java:83)
	at org.apache.ratis.grpc.server.GrpcService.requestVote(GrpcService.java:195)
	at org.apache.ratis.server.impl.LeaderElection.lambda$submitRequests$1(LeaderElection.java:237)
	at java.util.concurrent.FutureTask.run(FutureTask.java:266)
	at java.util.concurrent.Executors$RunnableAdapter.call(Executors.java:511)
	at java.util.concurrent.FutureTask.run(FutureTask.java:266)
	at java.util.concurrent.ThreadPoolExecutor.runWorker(ThreadPoolExecutor.java:1149)
	at java.util.concurrent.ThreadPoolExecutor$Worker.run(ThreadPoolExecutor.java:624)
	... 1 more
Caused by: org.apache.ratis.thirdparty.io.netty.channel.AbstractChannel$AnnotatedConnectException: Connection refused: /192.168.5.133:41722
	at sun.nio.ch.SocketChannelImpl.checkConnect(Native Method)
	at sun.nio.ch.SocketChannelImpl.finishConnect(SocketChannelImpl.java:717)
	at org.apache.ratis.thirdparty.io.netty.channel.socket.nio.NioSocketChannel.doFinishConnect(NioSocketChannel.java:327)
	at org.apache.ratis.thirdparty.io.netty.channel.nio.AbstractNioChannel$AbstractNioUnsafe.finishConnect(AbstractNioChannel.java:340)
	at org.apache.ratis.thirdparty.io.netty.channel.nio.NioEventLoop.processSelectedKey(NioEventLoop.java:632)
	at org.apache.ratis.thirdparty.io.netty.channel.nio.NioEventLoop.processSelectedKeysOptimized(NioEventLoop.java:579)
	at org.apache.ratis.thirdparty.io.netty.channel.nio.NioEventLoop.processSelectedKeys(NioEventLoop.java:496)
	at org.apache.ratis.thirdparty.io.netty.channel.nio.NioEventLoop.run(NioEventLoop.java:458)
	at org.apache.ratis.thirdparty.io.netty.util.concurrent.SingleThreadEventExecutor$5.run(SingleThreadEventExecutor.java:897)
	at org.apache.ratis.thirdparty.io.netty.util.concurrent.FastThreadLocalRunnable.run(FastThreadLocalRunnable.java:30)
	... 1 more
Caused by: java.net.ConnectException: Connection refused
	... 11 more
2019-08-08 03:47:38,285 INFO  impl.LeaderElection (LogUtils.java:infoOrTrace(149)) - 981f4f9a-b234-451d-b85b-0c6ec9e8e4b6:group-513A738D928D:LeaderElection31 got exception when requesting votes: {}
java.util.concurrent.ExecutionException: org.apache.ratis.thirdparty.io.grpc.StatusRuntimeException: UNAVAILABLE: io exception
	at java.util.concurrent.FutureTask.report(FutureTask.java:122)
	at java.util.concurrent.FutureTask.get(FutureTask.java:192)
	at org.apache.ratis.server.impl.LeaderElection.waitForResults(LeaderElection.java:262)
	at org.apache.ratis.server.impl.LeaderElection.askForVotes(LeaderElection.java:200)
	at org.apache.ratis.server.impl.LeaderElection.run(LeaderElection.java:130)
	at java.lang.Thread.run(Thread.java:748)
Caused by: org.apache.ratis.thirdparty.io.grpc.StatusRuntimeException: UNAVAILABLE: io exception
	at org.apache.ratis.thirdparty.io.grpc.stub.ClientCalls.toStatusRuntimeException(ClientCalls.java:233)
	at org.apache.ratis.thirdparty.io.grpc.stub.ClientCalls.getUnchecked(ClientCalls.java:214)
	at org.apache.ratis.thirdparty.io.grpc.stub.ClientCalls.blockingUnaryCall(ClientCalls.java:139)
	at org.apache.ratis.proto.grpc.RaftServerProtocolServiceGrpc$RaftServerProtocolServiceBlockingStub.requestVote(RaftServerProtocolServiceGrpc.java:265)
	at org.apache.ratis.grpc.server.GrpcServerProtocolClient.requestVote(GrpcServerProtocolClient.java:83)
	at org.apache.ratis.grpc.server.GrpcService.requestVote(GrpcService.java:195)
	at org.apache.ratis.server.impl.LeaderElection.lambda$submitRequests$1(LeaderElection.java:237)
	at java.util.concurrent.FutureTask.run(FutureTask.java:266)
	at java.util.concurrent.Executors$RunnableAdapter.call(Executors.java:511)
	at java.util.concurrent.FutureTask.run(FutureTask.java:266)
	at java.util.concurrent.ThreadPoolExecutor.runWorker(ThreadPoolExecutor.java:1149)
	at java.util.concurrent.ThreadPoolExecutor$Worker.run(ThreadPoolExecutor.java:624)
	... 1 more
Caused by: org.apache.ratis.thirdparty.io.netty.channel.AbstractChannel$AnnotatedConnectException: Connection refused: /192.168.5.133:34937
	at sun.nio.ch.SocketChannelImpl.checkConnect(Native Method)
	at sun.nio.ch.SocketChannelImpl.finishConnect(SocketChannelImpl.java:717)
	at org.apache.ratis.thirdparty.io.netty.channel.socket.nio.NioSocketChannel.doFinishConnect(NioSocketChannel.java:327)
	at org.apache.ratis.thirdparty.io.netty.channel.nio.AbstractNioChannel$AbstractNioUnsafe.finishConnect(AbstractNioChannel.java:340)
	at org.apache.ratis.thirdparty.io.netty.channel.nio.NioEventLoop.processSelectedKey(NioEventLoop.java:632)
	at org.apache.ratis.thirdparty.io.netty.channel.nio.NioEventLoop.processSelectedKeysOptimized(NioEventLoop.java:579)
	at org.apache.ratis.thirdparty.io.netty.channel.nio.NioEventLoop.processSelectedKeys(NioEventLoop.java:496)
	at org.apache.ratis.thirdparty.io.netty.channel.nio.NioEventLoop.run(NioEventLoop.java:458)
	at org.apache.ratis.thirdparty.io.netty.util.concurrent.SingleThreadEventExecutor$5.run(SingleThreadEventExecutor.java:897)
	at org.apache.ratis.thirdparty.io.netty.util.concurrent.FastThreadLocalRunnable.run(FastThreadLocalRunnable.java:30)
	... 1 more
Caused by: java.net.ConnectException: Connection refused
	... 11 more
2019-08-08 03:47:38,286 INFO  impl.LeaderElection (LeaderElection.java:logAndReturn(56)) - 981f4f9a-b234-451d-b85b-0c6ec9e8e4b6:group-513A738D928D:LeaderElection31: Election REJECTED; received 0 response(s) [] and 2 exception(s); 981f4f9a-b234-451d-b85b-0c6ec9e8e4b6:t3, leader=null, voted=981f4f9a-b234-451d-b85b-0c6ec9e8e4b6, raftlog=981f4f9a-b234-451d-b85b-0c6ec9e8e4b6-SegmentedRaftLog:OPENED:c0,f0,i0, conf=0: [981f4f9a-b234-451d-b85b-0c6ec9e8e4b6:192.168.5.133:44048, 6070a69d-a2e3-4a95-b4eb-67cafca61360:192.168.5.133:41722, 8cb70791-4ae6-4613-8802-e5f9409d5895:192.168.5.133:34937], old=null
2019-08-08 03:47:38,286 INFO  impl.LeaderElection (LogUtils.java:infoOrTrace(149)) -   Exception 0: {}
java.util.concurrent.ExecutionException: org.apache.ratis.thirdparty.io.grpc.StatusRuntimeException: UNAVAILABLE: io exception
	at java.util.concurrent.FutureTask.report(FutureTask.java:122)
	at java.util.concurrent.FutureTask.get(FutureTask.java:192)
	at org.apache.ratis.server.impl.LeaderElection.waitForResults(LeaderElection.java:262)
	at org.apache.ratis.server.impl.LeaderElection.askForVotes(LeaderElection.java:200)
	at org.apache.ratis.server.impl.LeaderElection.run(LeaderElection.java:130)
	at java.lang.Thread.run(Thread.java:748)
Caused by: org.apache.ratis.thirdparty.io.grpc.StatusRuntimeException: UNAVAILABLE: io exception
	at org.apache.ratis.thirdparty.io.grpc.stub.ClientCalls.toStatusRuntimeException(ClientCalls.java:233)
	at org.apache.ratis.thirdparty.io.grpc.stub.ClientCalls.getUnchecked(ClientCalls.java:214)
	at org.apache.ratis.thirdparty.io.grpc.stub.ClientCalls.blockingUnaryCall(ClientCalls.java:139)
	at org.apache.ratis.proto.grpc.RaftServerProtocolServiceGrpc$RaftServerProtocolServiceBlockingStub.requestVote(RaftServerProtocolServiceGrpc.java:265)
	at org.apache.ratis.grpc.server.GrpcServerProtocolClient.requestVote(GrpcServerProtocolClient.java:83)
	at org.apache.ratis.grpc.server.GrpcService.requestVote(GrpcService.java:195)
	at org.apache.ratis.server.impl.LeaderElection.lambda$submitRequests$1(LeaderElection.java:237)
	at java.util.concurrent.FutureTask.run(FutureTask.java:266)
	at java.util.concurrent.Executors$RunnableAdapter.call(Executors.java:511)
	at java.util.concurrent.FutureTask.run(FutureTask.java:266)
	at java.util.concurrent.ThreadPoolExecutor.runWorker(ThreadPoolExecutor.java:1149)
	at java.util.concurrent.ThreadPoolExecutor$Worker.run(ThreadPoolExecutor.java:624)
	... 1 more
Caused by: org.apache.ratis.thirdparty.io.netty.channel.AbstractChannel$AnnotatedConnectException: Connection refused: /192.168.5.133:41722
	at sun.nio.ch.SocketChannelImpl.checkConnect(Native Method)
	at sun.nio.ch.SocketChannelImpl.finishConnect(SocketChannelImpl.java:717)
	at org.apache.ratis.thirdparty.io.netty.channel.socket.nio.NioSocketChannel.doFinishConnect(NioSocketChannel.java:327)
	at org.apache.ratis.thirdparty.io.netty.channel.nio.AbstractNioChannel$AbstractNioUnsafe.finishConnect(AbstractNioChannel.java:340)
	at org.apache.ratis.thirdparty.io.netty.channel.nio.NioEventLoop.processSelectedKey(NioEventLoop.java:632)
	at org.apache.ratis.thirdparty.io.netty.channel.nio.NioEventLoop.processSelectedKeysOptimized(NioEventLoop.java:579)
	at org.apache.ratis.thirdparty.io.netty.channel.nio.NioEventLoop.processSelectedKeys(NioEventLoop.java:496)
	at org.apache.ratis.thirdparty.io.netty.channel.nio.NioEventLoop.run(NioEventLoop.java:458)
	at org.apache.ratis.thirdparty.io.netty.util.concurrent.SingleThreadEventExecutor$5.run(SingleThreadEventExecutor.java:897)
	at org.apache.ratis.thirdparty.io.netty.util.concurrent.FastThreadLocalRunnable.run(FastThreadLocalRunnable.java:30)
	... 1 more
Caused by: java.net.ConnectException: Connection refused
	... 11 more
2019-08-08 03:47:38,287 INFO  impl.LeaderElection (LogUtils.java:infoOrTrace(149)) -   Exception 1: {}
java.util.concurrent.ExecutionException: org.apache.ratis.thirdparty.io.grpc.StatusRuntimeException: UNAVAILABLE: io exception
	at java.util.concurrent.FutureTask.report(FutureTask.java:122)
	at java.util.concurrent.FutureTask.get(FutureTask.java:192)
	at org.apache.ratis.server.impl.LeaderElection.waitForResults(LeaderElection.java:262)
	at org.apache.ratis.server.impl.LeaderElection.askForVotes(LeaderElection.java:200)
	at org.apache.ratis.server.impl.LeaderElection.run(LeaderElection.java:130)
	at java.lang.Thread.run(Thread.java:748)
Caused by: org.apache.ratis.thirdparty.io.grpc.StatusRuntimeException: UNAVAILABLE: io exception
	at org.apache.ratis.thirdparty.io.grpc.stub.ClientCalls.toStatusRuntimeException(ClientCalls.java:233)
	at org.apache.ratis.thirdparty.io.grpc.stub.ClientCalls.getUnchecked(ClientCalls.java:214)
	at org.apache.ratis.thirdparty.io.grpc.stub.ClientCalls.blockingUnaryCall(ClientCalls.java:139)
	at org.apache.ratis.proto.grpc.RaftServerProtocolServiceGrpc$RaftServerProtocolServiceBlockingStub.requestVote(RaftServerProtocolServiceGrpc.java:265)
	at org.apache.ratis.grpc.server.GrpcServerProtocolClient.requestVote(GrpcServerProtocolClient.java:83)
	at org.apache.ratis.grpc.server.GrpcService.requestVote(GrpcService.java:195)
	at org.apache.ratis.server.impl.LeaderElection.lambda$submitRequests$1(LeaderElection.java:237)
	at java.util.concurrent.FutureTask.run(FutureTask.java:266)
	at java.util.concurrent.Executors$RunnableAdapter.call(Executors.java:511)
	at java.util.concurrent.FutureTask.run(FutureTask.java:266)
	at java.util.concurrent.ThreadPoolExecutor.runWorker(ThreadPoolExecutor.java:1149)
	at java.util.concurrent.ThreadPoolExecutor$Worker.run(ThreadPoolExecutor.java:624)
	... 1 more
Caused by: org.apache.ratis.thirdparty.io.netty.channel.AbstractChannel$AnnotatedConnectException: Connection refused: /192.168.5.133:34937
	at sun.nio.ch.SocketChannelImpl.checkConnect(Native Method)
	at sun.nio.ch.SocketChannelImpl.finishConnect(SocketChannelImpl.java:717)
	at org.apache.ratis.thirdparty.io.netty.channel.socket.nio.NioSocketChannel.doFinishConnect(NioSocketChannel.java:327)
	at org.apache.ratis.thirdparty.io.netty.channel.nio.AbstractNioChannel$AbstractNioUnsafe.finishConnect(AbstractNioChannel.java:340)
	at org.apache.ratis.thirdparty.io.netty.channel.nio.NioEventLoop.processSelectedKey(NioEventLoop.java:632)
	at org.apache.ratis.thirdparty.io.netty.channel.nio.NioEventLoop.processSelectedKeysOptimized(NioEventLoop.java:579)
	at org.apache.ratis.thirdparty.io.netty.channel.nio.NioEventLoop.processSelectedKeys(NioEventLoop.java:496)
	at org.apache.ratis.thirdparty.io.netty.channel.nio.NioEventLoop.run(NioEventLoop.java:458)
	at org.apache.ratis.thirdparty.io.netty.util.concurrent.SingleThreadEventExecutor$5.run(SingleThreadEventExecutor.java:897)
	at org.apache.ratis.thirdparty.io.netty.util.concurrent.FastThreadLocalRunnable.run(FastThreadLocalRunnable.java:30)
	... 1 more
Caused by: java.net.ConnectException: Connection refused
	... 11 more
2019-08-08 03:47:38,287 INFO  impl.RaftServerImpl (RaftServerImpl.java:setRole(171)) - 981f4f9a-b234-451d-b85b-0c6ec9e8e4b6:group-513A738D928D changes role from CANDIDATE to FOLLOWER at term 3 for DISCOVERED_A_NEW_TERM
2019-08-08 03:47:38,287 INFO  impl.RoleInfo (RoleInfo.java:shutdownLeaderElection(134)) - 981f4f9a-b234-451d-b85b-0c6ec9e8e4b6: shutdown LeaderElection
2019-08-08 03:47:38,287 INFO  impl.RoleInfo (RoleInfo.java:updateAndGet(143)) - 981f4f9a-b234-451d-b85b-0c6ec9e8e4b6: start FollowerState
2019-08-08 03:47:38,413 INFO  ozoneimpl.OzoneContainer (OzoneContainer.java:stop(199)) - Attempting to stop container services.
2019-08-08 03:47:38,414 INFO  impl.RaftServerProxy (RaftServerProxy.java:lambda$close$4(314)) - 981f4f9a-b234-451d-b85b-0c6ec9e8e4b6: close
2019-08-08 03:47:38,414 INFO  impl.RaftServerImpl (RaftServerImpl.java:lambda$shutdown$3(245)) - 981f4f9a-b234-451d-b85b-0c6ec9e8e4b6: shutdown group-513A738D928D
2019-08-08 03:47:38,415 INFO  util.JmxRegister (JmxRegister.java:unregister(73)) - Successfully un-registered JMX Bean with object name Ratis:service=RaftServer,group=group-513A738D928D,id=981f4f9a-b234-451d-b85b-0c6ec9e8e4b6
2019-08-08 03:47:38,415 INFO  impl.RoleInfo (RoleInfo.java:shutdownFollowerState(121)) - 981f4f9a-b234-451d-b85b-0c6ec9e8e4b6: shutdown FollowerState
2019-08-08 03:47:38,416 INFO  impl.StateMachineUpdater (StateMachineUpdater.java:stopAndJoin(115)) - StateMachineUpdater:981f4f9a-b234-451d-b85b-0c6ec9e8e4b6:group-513A738D928D: set stopIndex = 0
2019-08-08 03:47:38,416 INFO  impl.FollowerState (FollowerState.java:run(114)) - 981f4f9a-b234-451d-b85b-0c6ec9e8e4b6: FollowerState was interrupted: java.lang.InterruptedException: sleep interrupted
2019-08-08 03:47:38,416 INFO  impl.RaftServerImpl (ServerState.java:close(394)) - 981f4f9a-b234-451d-b85b-0c6ec9e8e4b6:group-513A738D928D closes. The last applied log index is 0
2019-08-08 03:47:38,421 INFO  segmented.SegmentedRaftLogWorker (SegmentedRaftLogWorker.java:run(313)) - 981f4f9a-b234-451d-b85b-0c6ec9e8e4b6-SegmentedRaftLogWorker:Storage Directory /workdir/hadoop-ozone/integration-test/target/test-dir/MiniOzoneClusterImpl-7ca575dc-1199-4ed1-bcd1-a36870a62ff3/datanode-5/data/ratis/39c5b30e-7124-4632-98aa-513a738d928d was interrupted, exiting. There are 0 tasks remaining in the queue.
2019-08-08 03:47:38,421 INFO  segmented.SegmentedRaftLogWorker (SegmentedRaftLogWorker.java:close(228)) - 981f4f9a-b234-451d-b85b-0c6ec9e8e4b6-SegmentedRaftLogWorker:Storage Directory /workdir/hadoop-ozone/integration-test/target/test-dir/MiniOzoneClusterImpl-7ca575dc-1199-4ed1-bcd1-a36870a62ff3/datanode-5/data/ratis/39c5b30e-7124-4632-98aa-513a738d928d close()
2019-08-08 03:47:38,421 INFO  impl.RaftServerImpl (RaftServerImpl.java:lambda$shutdown$3(245)) - 981f4f9a-b234-451d-b85b-0c6ec9e8e4b6: shutdown group-F73587CDA537
2019-08-08 03:47:38,422 INFO  util.JmxRegister (JmxRegister.java:unregister(73)) - Successfully un-registered JMX Bean with object name Ratis:service=RaftServer,group=group-F73587CDA537,id=981f4f9a-b234-451d-b85b-0c6ec9e8e4b6
2019-08-08 03:47:38,422 INFO  impl.RoleInfo (RoleInfo.java:shutdownLeaderState(104)) - 981f4f9a-b234-451d-b85b-0c6ec9e8e4b6: shutdown LeaderState
2019-08-08 03:47:38,423 INFO  impl.PendingRequests (PendingRequests.java:sendNotLeaderResponses(202)) - 981f4f9a-b234-451d-b85b-0c6ec9e8e4b6-PendingRequests: sendNotLeaderResponses
2019-08-08 03:47:38,423 INFO  impl.StateMachineUpdater (StateMachineUpdater.java:stopAndJoin(115)) - StateMachineUpdater:981f4f9a-b234-451d-b85b-0c6ec9e8e4b6:group-F73587CDA537: set stopIndex = 0
2019-08-08 03:47:38,424 INFO  impl.RaftServerImpl (ServerState.java:close(394)) - 981f4f9a-b234-451d-b85b-0c6ec9e8e4b6:group-F73587CDA537 closes. The last applied log index is 0
2019-08-08 03:47:38,424 INFO  segmented.SegmentedRaftLogWorker (SegmentedRaftLogWorker.java:run(313)) - 981f4f9a-b234-451d-b85b-0c6ec9e8e4b6-SegmentedRaftLogWorker:Storage Directory /workdir/hadoop-ozone/integration-test/target/test-dir/MiniOzoneClusterImpl-7ca575dc-1199-4ed1-bcd1-a36870a62ff3/datanode-5/data/ratis/9fd19ff8-5c8a-4a9d-ae1f-f73587cda537 was interrupted, exiting. There are 0 tasks remaining in the queue.
2019-08-08 03:47:38,425 INFO  segmented.SegmentedRaftLogWorker (SegmentedRaftLogWorker.java:close(228)) - 981f4f9a-b234-451d-b85b-0c6ec9e8e4b6-SegmentedRaftLogWorker:Storage Directory /workdir/hadoop-ozone/integration-test/target/test-dir/MiniOzoneClusterImpl-7ca575dc-1199-4ed1-bcd1-a36870a62ff3/datanode-5/data/ratis/9fd19ff8-5c8a-4a9d-ae1f-f73587cda537 close()
2019-08-08 03:47:38,425 INFO  server.GrpcService (GrpcService.java:closeImpl(155)) - 981f4f9a-b234-451d-b85b-0c6ec9e8e4b6: shutdown server with port 44048 now
2019-08-08 03:47:38,428 INFO  server.GrpcService (GrpcService.java:closeImpl(163)) - 981f4f9a-b234-451d-b85b-0c6ec9e8e4b6: shutdown server with port 44048 successfully
2019-08-08 03:47:38,429 INFO  utils.BackgroundService (BackgroundService.java:shutdown(148)) - Shutting down service BlockDeletingService
2019-08-08 03:47:38,432 WARN  fs.CachingGetSpaceUsed (CachingGetSpaceUsed.java:run(183)) - Thread Interrupted waiting to refresh disk information: sleep interrupted
2019-08-08 03:47:38,451 INFO  statemachine.DatanodeStateMachine (DatanodeStateMachine.java:stopDaemon(395)) - Ozone container server stopped.
2019-08-08 03:47:38,453 INFO  handler.ContextHandler (ContextHandler.java:doStop(910)) - Stopped o.e.j.w.WebAppContext@7976e536{/,null,UNAVAILABLE}{/hddsDatanode}
2019-08-08 03:47:38,454 INFO  server.AbstractConnector (AbstractConnector.java:doStop(318)) - Stopped ServerConnector@670a4738{HTTP/1.1,[http/1.1]}{0.0.0.0:0}
2019-08-08 03:47:38,454 INFO  handler.ContextHandler (ContextHandler.java:doStop(910)) - Stopped o.e.j.s.ServletContextHandler@d2cb2d0{/static,jar:file:/home/user/.m2/repository/org/apache/hadoop/hadoop-hdds-container-service/0.4.1-SNAPSHOT/hadoop-hdds-container-service-0.4.1-SNAPSHOT.jar!/webapps/static,UNAVAILABLE}
2019-08-08 03:47:38,455 INFO  handler.ContextHandler (ContextHandler.java:doStop(910)) - Stopped o.e.j.s.ServletContextHandler@6bdedbbd{/logs,file:///workdir/hadoop-ozone/integration-test/target/log,UNAVAILABLE}
2019-08-08 03:47:38,456 INFO  ozone.MiniOzoneClusterImpl (MiniOzoneClusterImpl.java:stop(353)) - Stopping the StorageContainerManager
2019-08-08 03:47:38,456 INFO  server.StorageContainerManager (StorageContainerManager.java:stop(796)) - Stopping Replication Manager Service.
2019-08-08 03:47:38,456 INFO  container.ReplicationManager (ReplicationManager.java:stop(187)) - Stopping Replication Monitor Thread.
2019-08-08 03:47:38,457 INFO  server.StorageContainerManager (StorageContainerManager.java:stop(803)) - Stopping Lease Manager of the command watchers
2019-08-08 03:47:38,457 INFO  server.StorageContainerManager (StorageContainerManager.java:stop(810)) - Stopping datanode service RPC server
2019-08-08 03:47:38,457 INFO  server.SCMDatanodeProtocolServer (SCMDatanodeProtocolServer.java:stop(367)) - Stopping the RPC server for DataNodes
2019-08-08 03:47:38,458 INFO  ipc.Server (Server.java:stop(3082)) - Stopping server on 38706
2019-08-08 03:47:38,460 INFO  ipc.Server (Server.java:run(1185)) - Stopping IPC Server listener on 38706
2019-08-08 03:47:38,461 INFO  ipc.Server (Server.java:run(1319)) - Stopping IPC Server Responder
2019-08-08 03:47:38,480 WARN  node.NodeStateManager (NodeStateManager.java:scheduleNextHealthCheck(631)) - Current Thread is interrupted, shutting down HB processing thread for Node Manager.
2019-08-08 03:47:38,480 INFO  server.StorageContainerManager (StorageContainerManager.java:stop(818)) - Stopping block service RPC server
2019-08-08 03:47:38,480 INFO  server.SCMBlockProtocolServer (SCMBlockProtocolServer.java:stop(148)) - Stopping the RPC server for Block Protocol
2019-08-08 03:47:38,480 INFO  ipc.Server (Server.java:stop(3082)) - Stopping server on 39046
2019-08-08 03:47:38,482 INFO  ipc.Server (Server.java:run(1185)) - Stopping IPC Server listener on 39046
2019-08-08 03:47:38,482 INFO  server.StorageContainerManager (StorageContainerManager.java:stop(825)) - Stopping the StorageContainerLocationProtocol RPC server
2019-08-08 03:47:38,484 INFO  server.SCMClientProtocolServer (SCMClientProtocolServer.java:stop(159)) - Stopping the RPC server for Client Protocol
2019-08-08 03:47:38,484 INFO  ipc.Server (Server.java:run(1319)) - Stopping IPC Server Responder
2019-08-08 03:47:38,484 INFO  ipc.Server (Server.java:stop(3082)) - Stopping server on 41994
2019-08-08 03:47:38,486 INFO  ipc.Server (Server.java:run(1185)) - Stopping IPC Server listener on 41994
2019-08-08 03:47:38,486 INFO  server.StorageContainerManager (StorageContainerManager.java:stop(832)) - Stopping Storage Container Manager HTTP server.
2019-08-08 03:47:38,487 INFO  ipc.Server (Server.java:run(1319)) - Stopping IPC Server Responder
2019-08-08 03:47:38,488 INFO  handler.ContextHandler (ContextHandler.java:doStop(910)) - Stopped o.e.j.w.WebAppContext@18715bb{/,null,UNAVAILABLE}{/scm}
2019-08-08 03:47:38,489 INFO  server.AbstractConnector (AbstractConnector.java:doStop(318)) - Stopped ServerConnector@2a19a0fe{HTTP/1.1,[http/1.1]}{0.0.0.0:0}
2019-08-08 03:47:38,490 INFO  handler.ContextHandler (ContextHandler.java:doStop(910)) - Stopped o.e.j.s.ServletContextHandler@376af784{/static,file:///workdir/hadoop-ozone/integration-test/target/test-classes/webapps/static,UNAVAILABLE}
2019-08-08 03:47:38,490 INFO  handler.ContextHandler (ContextHandler.java:doStop(910)) - Stopped o.e.j.s.ServletContextHandler@6d815fb7{/logs,file:///workdir/hadoop-ozone/integration-test/target/log,UNAVAILABLE}
2019-08-08 03:47:38,491 INFO  server.StorageContainerManager (StorageContainerManager.java:stop(843)) - Stopping Block Manager Service.
2019-08-08 03:47:38,491 INFO  utils.BackgroundService (BackgroundService.java:shutdown(148)) - Shutting down service SCMBlockDeletingService
2019-08-08 03:47:38,492 INFO  utils.BackgroundService (BackgroundService.java:shutdown(148)) - Shutting down service SCMBlockDeletingService
2019-08-08 03:47:38,492 INFO  server.StorageContainerManager (StorageContainerManager.java:stop(865)) - Stopping SCM Event Queue.
2019-08-08 03:47:38,496 INFO  impl.MetricsSystemImpl (MetricsSystemImpl.java:stop(210)) - Stopping HddsDatanode metrics system...
2019-08-08 03:47:38,502 INFO  impl.MetricsSystemImpl (MetricsSystemImpl.java:stop(216)) - HddsDatanode metrics system stopped.
]]></system-out>
    <system-err><![CDATA[Aug 08, 2019 3:47:07 AM com.sun.jersey.server.impl.application.WebApplicationImpl _initiate
INFO: Initiating Jersey application, version 'Jersey: 1.19 02/11/2015 03:25 AM'
Aug 08, 2019 3:47:07 AM com.sun.jersey.server.impl.application.WebApplicationImpl _initiate
INFO: Initiating Jersey application, version 'Jersey: 1.19 02/11/2015 03:25 AM'
Aug 08, 2019 3:47:07 AM com.sun.jersey.server.impl.application.WebApplicationImpl _initiate
INFO: Initiating Jersey application, version 'Jersey: 1.19 02/11/2015 03:25 AM'
Aug 08, 2019 3:47:07 AM com.sun.jersey.server.impl.application.WebApplicationImpl _initiate
INFO: Initiating Jersey application, version 'Jersey: 1.19 02/11/2015 03:25 AM'
Aug 08, 2019 3:47:08 AM com.sun.jersey.server.impl.application.WebApplicationImpl _initiate
INFO: Initiating Jersey application, version 'Jersey: 1.19 02/11/2015 03:25 AM'
Aug 08, 2019 3:47:08 AM com.sun.jersey.server.impl.application.WebApplicationImpl _initiate
INFO: Initiating Jersey application, version 'Jersey: 1.19 02/11/2015 03:25 AM'
Aug 08, 2019 3:47:08 AM com.sun.jersey.server.impl.application.WebApplicationImpl _initiate
INFO: Initiating Jersey application, version 'Jersey: 1.19 02/11/2015 03:25 AM'
]]></system-err>
  </testcase>
</testsuite>