<?xml version="1.0" encoding="UTF-8"?>
<testsuite xmlns:xsi="http://www.w3.org/2001/XMLSchema-instance" xsi:noNamespaceSchemaLocation="https://maven.apache.org/surefire/maven-surefire-plugin/xsd/surefire-test-report.xsd" name="org.apache.hadoop.ozone.client.rpc.TestMultiBlockWritesWithDnFailures" time="37.57" tests="1" errors="1" skipped="0" failures="0">
  <properties>
    <property name="awt.toolkit" value="sun.awt.X11.XToolkit"/>
    <property name="file.encoding.pkg" value="sun.io"/>
    <property name="java.specification.version" value="1.8"/>
    <property name="sun.cpu.isalist" value=""/>
    <property name="sun.jnu.encoding" value="UTF-8"/>
    <property name="java.class.path" value="/workdir/hadoop-ozone/integration-test/target/test-classes:/workdir/hadoop-ozone/integration-test/target/classes:/home/user/.m2/repository/org/apache/hadoop/hadoop-ozone-common/0.4.1-SNAPSHOT/hadoop-ozone-common-0.4.1-SNAPSHOT.jar:/home/user/.m2/repository/org/apache/commons/commons-compress/1.4.1/commons-compress-1.4.1.jar:/home/user/.m2/repository/org/tukaani/xz/1.0/xz-1.0.jar:/home/user/.m2/repository/org/apache/hadoop/hadoop-common/3.2.0/hadoop-common-3.2.0.jar:/home/user/.m2/repository/org/apache/hadoop/hadoop-hdfs/3.2.0/hadoop-hdfs-3.2.0.jar:/home/user/.m2/repository/org/apache/hadoop/hadoop-hdfs-client/3.2.0/hadoop-hdfs-client-3.2.0.jar:/home/user/.m2/repository/com/fasterxml/jackson/core/jackson-annotations/2.9.5/jackson-annotations-2.9.5.jar:/home/user/.m2/repository/org/apache/hadoop/hadoop-hdds-common/0.4.1-SNAPSHOT/hadoop-hdds-common-0.4.1-SNAPSHOT.jar:/home/user/.m2/repository/javax/annotation/javax.annotation-api/1.2/javax.annotation-api-1.2.jar:/home/user/.m2/repository/org/apache/ratis/ratis-server/0.4.0-2337318-SNAPSHOT/ratis-server-0.4.0-2337318-SNAPSHOT.jar:/home/user/.m2/repository/org/apache/ratis/ratis-thirdparty-misc/0.2.0/ratis-thirdparty-misc-0.2.0.jar:/home/user/.m2/repository/org/apache/ratis/ratis-proto/0.4.0-2337318-SNAPSHOT/ratis-proto-0.4.0-2337318-SNAPSHOT.jar:/home/user/.m2/repository/org/apache/ratis/ratis-common/0.4.0-2337318-SNAPSHOT/ratis-common-0.4.0-2337318-SNAPSHOT.jar:/home/user/.m2/repository/org/apache/ratis/ratis-client/0.4.0-2337318-SNAPSHOT/ratis-client-0.4.0-2337318-SNAPSHOT.jar:/home/user/.m2/repository/org/apache/ratis/ratis-metrics/0.4.0-2337318-SNAPSHOT/ratis-metrics-0.4.0-2337318-SNAPSHOT.jar:/home/user/.m2/repository/org/apache/ratis/ratis-netty/0.4.0-2337318-SNAPSHOT/ratis-netty-0.4.0-2337318-SNAPSHOT.jar:/home/user/.m2/repository/org/apache/ratis/ratis-grpc/0.4.0-2337318-SNAPSHOT/ratis-grpc-0.4.0-2337318-SNAPSHOT.jar:/home/user/.m2/repository/org/rocksdb/rocksdbjni/6.0.1/rocksdbjni-6.0.1.jar:/home/user/.m2/repository/org/apache/logging/log4j/log4j-api/2.11.0/log4j-api-2.11.0.jar:/home/user/.m2/repository/org/apache/logging/log4j/log4j-core/2.11.0/log4j-core-2.11.0.jar:/home/user/.m2/repository/com/lmax/disruptor/3.4.2/disruptor-3.4.2.jar:/home/user/.m2/repository/org/apache/commons/commons-pool2/2.6.0/commons-pool2-2.6.0.jar:/home/user/.m2/repository/org/bouncycastle/bcpkix-jdk15on/1.60/bcpkix-jdk15on-1.60.jar:/home/user/.m2/repository/commons-validator/commons-validator/1.6/commons-validator-1.6.jar:/home/user/.m2/repository/commons-digester/commons-digester/1.8.1/commons-digester-1.8.1.jar:/home/user/.m2/repository/io/jaegertracing/jaeger-client/0.33.1/jaeger-client-0.33.1.jar:/home/user/.m2/repository/io/jaegertracing/jaeger-thrift/0.33.1/jaeger-thrift-0.33.1.jar:/home/user/.m2/repository/org/apache/thrift/libthrift/0.11.0/libthrift-0.11.0.jar:/home/user/.m2/repository/com/squareup/okhttp3/okhttp/3.9.0/okhttp-3.9.0.jar:/home/user/.m2/repository/com/squareup/okio/okio/1.13.0/okio-1.13.0.jar:/home/user/.m2/repository/io/jaegertracing/jaeger-core/0.33.1/jaeger-core-0.33.1.jar:/home/user/.m2/repository/io/jaegertracing/jaeger-tracerresolver/0.33.1/jaeger-tracerresolver-0.33.1.jar:/home/user/.m2/repository/io/opentracing/contrib/opentracing-tracerresolver/0.1.5/opentracing-tracerresolver-0.1.5.jar:/home/user/.m2/repository/io/opentracing/opentracing-util/0.31.0/opentracing-util-0.31.0.jar:/home/user/.m2/repository/io/opentracing/opentracing-api/0.31.0/opentracing-api-0.31.0.jar:/home/user/.m2/repository/io/opentracing/opentracing-noop/0.31.0/opentracing-noop-0.31.0.jar:/home/user/.m2/repository/org/apache/hadoop/hadoop-hdds-server-framework/0.4.1-SNAPSHOT/hadoop-hdds-server-framework-0.4.1-SNAPSHOT.jar:/home/user/.m2/repository/org/apache/hadoop/hadoop-hdds-container-service/0.4.1-SNAPSHOT/hadoop-hdds-container-service-0.4.1-SNAPSHOT.jar:/home/user/.m2/repository/org/apache/hadoop/hadoop-hdds-client/0.4.1-SNAPSHOT/hadoop-hdds-client-0.4.1-SNAPSHOT.jar:/home/user/.m2/repository/org/apache/hadoop/hadoop-hdds-tools/0.4.1-SNAPSHOT/hadoop-hdds-tools-0.4.1-SNAPSHOT.jar:/home/user/.m2/repository/org/apache/hadoop/hadoop-hdds-server-scm/0.4.1-SNAPSHOT/hadoop-hdds-server-scm-0.4.1-SNAPSHOT.jar:/home/user/.m2/repository/org/apache/hadoop/hadoop-hdds-docs/0.4.1-SNAPSHOT/hadoop-hdds-docs-0.4.1-SNAPSHOT.jar:/home/user/.m2/repository/io/dropwizard/metrics/metrics-core/3.2.4/metrics-core-3.2.4.jar:/home/user/.m2/repository/org/hamcrest/hamcrest-all/1.3/hamcrest-all-1.3.jar:/home/user/.m2/repository/org/bouncycastle/bcprov-jdk15on/1.60/bcprov-jdk15on-1.60.jar:/home/user/.m2/repository/info/picocli/picocli/3.9.6/picocli-3.9.6.jar:/home/user/.m2/repository/com/google/protobuf/protobuf-java/2.5.0/protobuf-java-2.5.0.jar:/home/user/.m2/repository/com/google/guava/guava/11.0.2/guava-11.0.2.jar:/home/user/.m2/repository/org/apache/hadoop/hadoop-ozone-ozone-manager/0.4.1-SNAPSHOT/hadoop-ozone-ozone-manager-0.4.1-SNAPSHOT.jar:/home/user/.m2/repository/org/apache/hadoop/hadoop-minikdc/3.2.0/hadoop-minikdc-3.2.0.jar:/home/user/.m2/repository/commons-io/commons-io/2.5/commons-io-2.5.jar:/home/user/.m2/repository/org/apache/kerby/kerb-simplekdc/1.0.1/kerb-simplekdc-1.0.1.jar:/home/user/.m2/repository/org/apache/kerby/kerb-client/1.0.1/kerb-client-1.0.1.jar:/home/user/.m2/repository/org/apache/kerby/kerby-config/1.0.1/kerby-config-1.0.1.jar:/home/user/.m2/repository/org/apache/kerby/kerb-core/1.0.1/kerb-core-1.0.1.jar:/home/user/.m2/repository/org/apache/kerby/kerby-pkix/1.0.1/kerby-pkix-1.0.1.jar:/home/user/.m2/repository/org/apache/kerby/kerby-asn1/1.0.1/kerby-asn1-1.0.1.jar:/home/user/.m2/repository/org/apache/kerby/kerby-util/1.0.1/kerby-util-1.0.1.jar:/home/user/.m2/repository/org/apache/kerby/kerb-common/1.0.1/kerb-common-1.0.1.jar:/home/user/.m2/repository/org/apache/kerby/kerb-crypto/1.0.1/kerb-crypto-1.0.1.jar:/home/user/.m2/repository/org/apache/kerby/kerb-util/1.0.1/kerb-util-1.0.1.jar:/home/user/.m2/repository/org/apache/kerby/token-provider/1.0.1/token-provider-1.0.1.jar:/home/user/.m2/repository/org/apache/kerby/kerb-admin/1.0.1/kerb-admin-1.0.1.jar:/home/user/.m2/repository/org/apache/kerby/kerb-server/1.0.1/kerb-server-1.0.1.jar:/home/user/.m2/repository/org/apache/kerby/kerb-identity/1.0.1/kerb-identity-1.0.1.jar:/home/user/.m2/repository/org/apache/kerby/kerby-xdr/1.0.1/kerby-xdr-1.0.1.jar:/home/user/.m2/repository/org/slf4j/slf4j-log4j12/1.7.25/slf4j-log4j12-1.7.25.jar:/home/user/.m2/repository/org/apache/hadoop/hadoop-ozone-objectstore-service/0.4.1-SNAPSHOT/hadoop-ozone-objectstore-service-0.4.1-SNAPSHOT.jar:/home/user/.m2/repository/org/apache/hadoop/hadoop-ozone-s3gateway/0.4.1-SNAPSHOT/hadoop-ozone-s3gateway-0.4.1-SNAPSHOT.jar:/home/user/.m2/repository/org/jboss/weld/servlet/weld-servlet/2.4.7.Final/weld-servlet-2.4.7.Final.jar:/home/user/.m2/repository/org/glassfish/jersey/containers/jersey-container-servlet-core/2.27/jersey-container-servlet-core-2.27.jar:/home/user/.m2/repository/org/glassfish/hk2/external/javax.inject/2.5.0-b42/javax.inject-2.5.0-b42.jar:/home/user/.m2/repository/org/glassfish/jersey/core/jersey-common/2.27/jersey-common-2.27.jar:/home/user/.m2/repository/org/glassfish/hk2/osgi-resource-locator/1.0.1/osgi-resource-locator-1.0.1.jar:/home/user/.m2/repository/javax/ws/rs/javax.ws.rs-api/2.1/javax.ws.rs-api-2.1.jar:/home/user/.m2/repository/org/glassfish/jersey/ext/cdi/jersey-cdi1x/2.27/jersey-cdi1x-2.27.jar:/home/user/.m2/repository/org/glassfish/jersey/inject/jersey-hk2/2.27/jersey-hk2-2.27.jar:/home/user/.m2/repository/org/glassfish/hk2/hk2-locator/2.5.0-b42/hk2-locator-2.5.0-b42.jar:/home/user/.m2/repository/org/javassist/javassist/3.22.0-CR2/javassist-3.22.0-CR2.jar:/home/user/.m2/repository/org/glassfish/hk2/hk2-api/2.5.0/hk2-api-2.5.0.jar:/home/user/.m2/repository/org/glassfish/hk2/external/jakarta.inject/2.5.0/jakarta.inject-2.5.0.jar:/home/user/.m2/repository/org/glassfish/hk2/hk2-utils/2.5.0/hk2-utils-2.5.0.jar:/home/user/.m2/repository/jakarta/annotation/jakarta.annotation-api/1.3.4/jakarta.annotation-api-1.3.4.jar:/home/user/.m2/repository/org/glassfish/hk2/external/aopalliance-repackaged/2.5.0/aopalliance-repackaged-2.5.0.jar:/home/user/.m2/repository/com/fasterxml/jackson/dataformat/jackson-dataformat-xml/2.9.0/jackson-dataformat-xml-2.9.0.jar:/home/user/.m2/repository/com/fasterxml/jackson/core/jackson-core/2.9.5/jackson-core-2.9.5.jar:/home/user/.m2/repository/com/fasterxml/jackson/module/jackson-module-jaxb-annotations/2.9.5/jackson-module-jaxb-annotations-2.9.5.jar:/home/user/.m2/repository/javax/enterprise/cdi-api/1.2/cdi-api-1.2.jar:/home/user/.m2/repository/javax/el/javax.el-api/3.0.0/javax.el-api-3.0.0.jar:/home/user/.m2/repository/javax/interceptor/javax.interceptor-api/1.2/javax.interceptor-api-1.2.jar:/home/user/.m2/repository/javax/inject/javax.inject/1/javax.inject-1.jar:/home/user/.m2/repository/com/sun/xml/bind/jaxb-impl/2.3.0.1/jaxb-impl-2.3.0.1.jar:/home/user/.m2/repository/com/sun/xml/bind/jaxb-core/2.3.0.1/jaxb-core-2.3.0.1.jar:/home/user/.m2/repository/javax/xml/bind/jaxb-api/2.3.0/jaxb-api-2.3.0.jar:/home/user/.m2/repository/javax/activation/activation/1.1.1/activation-1.1.1.jar:/home/user/.m2/repository/org/apache/hadoop/hadoop-ozone-csi/0.4.1-SNAPSHOT/hadoop-ozone-csi-0.4.1-SNAPSHOT.jar:/home/user/.m2/repository/com/google/protobuf/protobuf-java-util/3.5.1/protobuf-java-util-3.5.1.jar:/home/user/.m2/repository/org/apache/hadoop/hadoop-hdds-config/0.4.1-SNAPSHOT/hadoop-hdds-config-0.4.1-SNAPSHOT.jar:/home/user/.m2/repository/io/grpc/grpc-netty/1.17.1/grpc-netty-1.17.1.jar:/home/user/.m2/repository/io/grpc/grpc-core/1.17.1/grpc-core-1.17.1.jar:/home/user/.m2/repository/io/grpc/grpc-context/1.17.1/grpc-context-1.17.1.jar:/home/user/.m2/repository/com/google/errorprone/error_prone_annotations/2.2.0/error_prone_annotations-2.2.0.jar:/home/user/.m2/repository/org/codehaus/mojo/animal-sniffer-annotations/1.17/animal-sniffer-annotations-1.17.jar:/home/user/.m2/repository/io/opencensus/opencensus-api/0.17.0/opencensus-api-0.17.0.jar:/home/user/.m2/repository/io/opencensus/opencensus-contrib-grpc-metrics/0.17.0/opencensus-contrib-grpc-metrics-0.17.0.jar:/home/user/.m2/repository/io/netty/netty-codec-http2/4.1.30.Final/netty-codec-http2-4.1.30.Final.jar:/home/user/.m2/repository/io/netty/netty-codec-http/4.1.30.Final/netty-codec-http-4.1.30.Final.jar:/home/user/.m2/repository/io/netty/netty-codec/4.1.30.Final/netty-codec-4.1.30.Final.jar:/home/user/.m2/repository/io/netty/netty-handler/4.1.30.Final/netty-handler-4.1.30.Final.jar:/home/user/.m2/repository/io/netty/netty-handler-proxy/4.1.30.Final/netty-handler-proxy-4.1.30.Final.jar:/home/user/.m2/repository/io/netty/netty-codec-socks/4.1.30.Final/netty-codec-socks-4.1.30.Final.jar:/home/user/.m2/repository/io/netty/netty-transport-native-epoll/4.1.30.Final/netty-transport-native-epoll-4.1.30.Final.jar:/home/user/.m2/repository/io/netty/netty-common/4.1.30.Final/netty-common-4.1.30.Final.jar:/home/user/.m2/repository/io/netty/netty-buffer/4.1.30.Final/netty-buffer-4.1.30.Final.jar:/home/user/.m2/repository/io/netty/netty-transport/4.1.30.Final/netty-transport-4.1.30.Final.jar:/home/user/.m2/repository/io/netty/netty-resolver/4.1.30.Final/netty-resolver-4.1.30.Final.jar:/home/user/.m2/repository/io/netty/netty-transport-native-unix-common/4.1.30.Final/netty-transport-native-unix-common-4.1.30.Final.jar:/home/user/.m2/repository/io/grpc/grpc-protobuf/1.17.1/grpc-protobuf-1.17.1.jar:/home/user/.m2/repository/com/google/api/grpc/proto-google-common-protos/1.0.0/proto-google-common-protos-1.0.0.jar:/home/user/.m2/repository/io/grpc/grpc-protobuf-lite/1.17.1/grpc-protobuf-lite-1.17.1.jar:/home/user/.m2/repository/io/grpc/grpc-stub/1.17.1/grpc-stub-1.17.1.jar:/home/user/.m2/repository/org/apache/hadoop/hadoop-ozone-recon/0.4.1-SNAPSHOT/hadoop-ozone-recon-0.4.1-SNAPSHOT.jar:/home/user/.m2/repository/org/apache/hadoop/hadoop-ozone-reconcodegen/0.4.1-SNAPSHOT/hadoop-ozone-reconcodegen-0.4.1-SNAPSHOT.jar:/home/user/.m2/repository/com/google/inject/extensions/guice-multibindings/4.0/guice-multibindings-4.0.jar:/home/user/.m2/repository/com/google/inject/guice/4.0/guice-4.0.jar:/home/user/.m2/repository/aopalliance/aopalliance/1.0/aopalliance-1.0.jar:/home/user/.m2/repository/com/google/inject/extensions/guice-servlet/4.0/guice-servlet-4.0.jar:/home/user/.m2/repository/org/glassfish/jersey/containers/jersey-container-servlet/2.27/jersey-container-servlet-2.27.jar:/home/user/.m2/repository/org/glassfish/hk2/guice-bridge/2.5.0/guice-bridge-2.5.0.jar:/home/user/.m2/repository/org/glassfish/jersey/core/jersey-server/2.27/jersey-server-2.27.jar:/home/user/.m2/repository/org/glassfish/jersey/core/jersey-client/2.27/jersey-client-2.27.jar:/home/user/.m2/repository/org/glassfish/jersey/media/jersey-media-jaxb/2.27/jersey-media-jaxb-2.27.jar:/home/user/.m2/repository/javax/validation/validation-api/1.1.0.Final/validation-api-1.1.0.Final.jar:/home/user/.m2/repository/org/glassfish/jersey/media/jersey-media-json-jackson/2.27/jersey-media-json-jackson-2.27.jar:/home/user/.m2/repository/org/glassfish/jersey/ext/jersey-entity-filtering/2.27/jersey-entity-filtering-2.27.jar:/home/user/.m2/repository/com/google/inject/extensions/guice-assistedinject/4.0/guice-assistedinject-4.0.jar:/home/user/.m2/repository/org/jooq/jooq/3.11.10/jooq-3.11.10.jar:/home/user/.m2/repository/org/jooq/jooq-meta/3.11.10/jooq-meta-3.11.10.jar:/home/user/.m2/repository/org/jooq/jooq-codegen/3.11.10/jooq-codegen-3.11.10.jar:/home/user/.m2/repository/com/jolbox/bonecp/0.8.0.RELEASE/bonecp-0.8.0.RELEASE.jar:/home/user/.m2/repository/org/xerial/sqlite-jdbc/3.25.2/sqlite-jdbc-3.25.2.jar:/home/user/.m2/repository/org/springframework/spring-jdbc/5.1.3.RELEASE/spring-jdbc-5.1.3.RELEASE.jar:/home/user/.m2/repository/org/springframework/spring-beans/5.1.3.RELEASE/spring-beans-5.1.3.RELEASE.jar:/home/user/.m2/repository/org/springframework/spring-core/5.1.3.RELEASE/spring-core-5.1.3.RELEASE.jar:/home/user/.m2/repository/org/springframework/spring-jcl/5.1.3.RELEASE/spring-jcl-5.1.3.RELEASE.jar:/home/user/.m2/repository/org/springframework/spring-tx/5.1.3.RELEASE/spring-tx-5.1.3.RELEASE.jar:/home/user/.m2/repository/org/apache/hadoop/hadoop-ozone-client/0.4.1-SNAPSHOT/hadoop-ozone-client-0.4.1-SNAPSHOT.jar:/home/user/.m2/repository/commons-lang/commons-lang/2.6/commons-lang-2.6.jar:/home/user/.m2/repository/org/apache/hadoop/hadoop-ozone-ozone-manager/0.4.1-SNAPSHOT/hadoop-ozone-ozone-manager-0.4.1-SNAPSHOT-tests.jar:/home/user/.m2/repository/junit/junit/4.11/junit-4.11.jar:/home/user/.m2/repository/org/hamcrest/hamcrest-core/1.3/hamcrest-core-1.3.jar:/home/user/.m2/repository/org/openjdk/jmh/jmh-core/1.19/jmh-core-1.19.jar:/home/user/.m2/repository/net/sf/jopt-simple/jopt-simple/4.6/jopt-simple-4.6.jar:/home/user/.m2/repository/org/apache/commons/commons-math3/3.1.1/commons-math3-3.1.1.jar:/home/user/.m2/repository/org/openjdk/jmh/jmh-generator-annprocess/1.19/jmh-generator-annprocess-1.19.jar:/home/user/.m2/repository/org/mockito/mockito-all/1.8.5/mockito-all-1.8.5.jar:/home/user/.m2/repository/org/apache/hadoop/hadoop-kms/3.2.0/hadoop-kms-3.2.0.jar:/home/user/.m2/repository/org/apache/hadoop/hadoop-auth/3.2.0/hadoop-auth-3.2.0.jar:/home/user/.m2/repository/com/nimbusds/nimbus-jose-jwt/4.41.1/nimbus-jose-jwt-4.41.1.jar:/home/user/.m2/repository/com/github/stephenc/jcip/jcip-annotations/1.0-1/jcip-annotations-1.0-1.jar:/home/user/.m2/repository/net/minidev/json-smart/2.3/json-smart-2.3.jar:/home/user/.m2/repository/net/minidev/accessors-smart/1.2/accessors-smart-1.2.jar:/home/user/.m2/repository/org/ow2/asm/asm/5.0.4/asm-5.0.4.jar:/home/user/.m2/repository/org/apache/curator/curator-framework/2.12.0/curator-framework-2.12.0.jar:/home/user/.m2/repository/com/sun/jersey/jersey-core/1.19/jersey-core-1.19.jar:/home/user/.m2/repository/javax/ws/rs/jsr311-api/1.1.1/jsr311-api-1.1.1.jar:/home/user/.m2/repository/com/sun/jersey/jersey-server/1.19/jersey-server-1.19.jar:/home/user/.m2/repository/javax/servlet/javax.servlet-api/3.1.0/javax.servlet-api-3.1.0.jar:/home/user/.m2/repository/org/eclipse/jetty/jetty-server/9.3.24.v20180605/jetty-server-9.3.24.v20180605.jar:/home/user/.m2/repository/org/eclipse/jetty/jetty-http/9.3.24.v20180605/jetty-http-9.3.24.v20180605.jar:/home/user/.m2/repository/org/eclipse/jetty/jetty-io/9.3.24.v20180605/jetty-io-9.3.24.v20180605.jar:/home/user/.m2/repository/org/eclipse/jetty/jetty-webapp/9.3.24.v20180605/jetty-webapp-9.3.24.v20180605.jar:/home/user/.m2/repository/org/eclipse/jetty/jetty-xml/9.3.24.v20180605/jetty-xml-9.3.24.v20180605.jar:/home/user/.m2/repository/log4j/log4j/1.2.17/log4j-1.2.17.jar:/home/user/.m2/repository/org/slf4j/slf4j-api/1.7.25/slf4j-api-1.7.25.jar:/home/user/.m2/repository/org/slf4j/jul-to-slf4j/1.7.25/jul-to-slf4j-1.7.25.jar:/home/user/.m2/repository/org/eclipse/jetty/jetty-util/9.3.24.v20180605/jetty-util-9.3.24.v20180605.jar:/home/user/.m2/repository/com/fasterxml/jackson/core/jackson-databind/2.9.5/jackson-databind-2.9.5.jar:/home/user/.m2/repository/org/apache/hadoop/hadoop-kms/3.2.0/hadoop-kms-3.2.0-tests.jar:/home/user/.m2/repository/org/apache/hadoop/hadoop-hdds-server-scm/0.4.1-SNAPSHOT/hadoop-hdds-server-scm-0.4.1-SNAPSHOT-tests.jar:/home/user/.m2/repository/org/apache/hadoop/hadoop-hdds-container-service/0.4.1-SNAPSHOT/hadoop-hdds-container-service-0.4.1-SNAPSHOT-tests.jar:/home/user/.m2/repository/org/yaml/snakeyaml/1.16/snakeyaml-1.16.jar:/home/user/.m2/repository/org/apache/hadoop/hadoop-common/3.2.0/hadoop-common-3.2.0-tests.jar:/home/user/.m2/repository/org/apache/hadoop/hadoop-annotations/3.2.0/hadoop-annotations-3.2.0.jar:/usr/lib/jvm/java-1.8-openjdk/jre/../lib/tools.jar:/home/user/.m2/repository/commons-cli/commons-cli/1.2/commons-cli-1.2.jar:/home/user/.m2/repository/org/apache/httpcomponents/httpclient/4.5.2/httpclient-4.5.2.jar:/home/user/.m2/repository/org/apache/httpcomponents/httpcore/4.4.4/httpcore-4.4.4.jar:/home/user/.m2/repository/commons-codec/commons-codec/1.11/commons-codec-1.11.jar:/home/user/.m2/repository/commons-net/commons-net/3.6/commons-net-3.6.jar:/home/user/.m2/repository/commons-collections/commons-collections/3.2.2/commons-collections-3.2.2.jar:/home/user/.m2/repository/org/eclipse/jetty/jetty-servlet/9.3.24.v20180605/jetty-servlet-9.3.24.v20180605.jar:/home/user/.m2/repository/org/eclipse/jetty/jetty-security/9.3.24.v20180605/jetty-security-9.3.24.v20180605.jar:/home/user/.m2/repository/javax/servlet/jsp/jsp-api/2.1/jsp-api-2.1.jar:/home/user/.m2/repository/com/sun/jersey/jersey-servlet/1.19/jersey-servlet-1.19.jar:/home/user/.m2/repository/com/sun/jersey/jersey-json/1.19/jersey-json-1.19.jar:/home/user/.m2/repository/org/codehaus/jettison/jettison/1.1/jettison-1.1.jar:/home/user/.m2/repository/org/codehaus/jackson/jackson-core-asl/1.9.13/jackson-core-asl-1.9.13.jar:/home/user/.m2/repository/org/codehaus/jackson/jackson-mapper-asl/1.9.13/jackson-mapper-asl-1.9.13.jar:/home/user/.m2/repository/org/codehaus/jackson/jackson-jaxrs/1.9.13/jackson-jaxrs-1.9.13.jar:/home/user/.m2/repository/org/codehaus/jackson/jackson-xc/1.9.13/jackson-xc-1.9.13.jar:/home/user/.m2/repository/commons-logging/commons-logging/1.1.3/commons-logging-1.1.3.jar:/home/user/.m2/repository/commons-beanutils/commons-beanutils/1.9.3/commons-beanutils-1.9.3.jar:/home/user/.m2/repository/org/apache/commons/commons-configuration2/2.1.1/commons-configuration2-2.1.1.jar:/home/user/.m2/repository/org/apache/commons/commons-lang3/3.7/commons-lang3-3.7.jar:/home/user/.m2/repository/org/apache/commons/commons-text/1.4/commons-text-1.4.jar:/home/user/.m2/repository/org/apache/avro/avro/1.7.7/avro-1.7.7.jar:/home/user/.m2/repository/com/thoughtworks/paranamer/paranamer/2.3/paranamer-2.3.jar:/home/user/.m2/repository/org/xerial/snappy/snappy-java/1.0.5/snappy-java-1.0.5.jar:/home/user/.m2/repository/com/google/re2j/re2j/1.1/re2j-1.1.jar:/home/user/.m2/repository/com/google/code/gson/gson/2.2.4/gson-2.2.4.jar:/home/user/.m2/repository/com/jcraft/jsch/0.1.54/jsch-0.1.54.jar:/home/user/.m2/repository/org/apache/curator/curator-client/2.12.0/curator-client-2.12.0.jar:/home/user/.m2/repository/org/apache/curator/curator-recipes/2.12.0/curator-recipes-2.12.0.jar:/home/user/.m2/repository/com/google/code/findbugs/jsr305/3.0.0/jsr305-3.0.0.jar:/home/user/.m2/repository/org/apache/htrace/htrace-core4/4.1.0-incubating/htrace-core4-4.1.0-incubating.jar:/home/user/.m2/repository/org/apache/zookeeper/zookeeper/3.4.13/zookeeper-3.4.13.jar:/home/user/.m2/repository/org/apache/yetus/audience-annotations/0.5.0/audience-annotations-0.5.0.jar:/home/user/.m2/repository/org/codehaus/woodstox/stax2-api/3.1.4/stax2-api-3.1.4.jar:/home/user/.m2/repository/com/fasterxml/woodstox/woodstox-core/5.0.3/woodstox-core-5.0.3.jar:/home/user/.m2/repository/dnsjava/dnsjava/2.1.7/dnsjava-2.1.7.jar:/home/user/.m2/repository/org/apache/hadoop/hadoop-hdfs/3.2.0/hadoop-hdfs-3.2.0-tests.jar:/home/user/.m2/repository/org/eclipse/jetty/jetty-util-ajax/9.3.24.v20180605/jetty-util-ajax-9.3.24.v20180605.jar:/home/user/.m2/repository/commons-daemon/commons-daemon/1.0.13/commons-daemon-1.0.13.jar:/home/user/.m2/repository/io/netty/netty/3.10.5.Final/netty-3.10.5.Final.jar:/home/user/.m2/repository/io/netty/netty-all/4.0.52.Final/netty-all-4.0.52.Final.jar:/home/user/.m2/repository/org/fusesource/leveldbjni/leveldbjni-all/1.8/leveldbjni-all-1.8.jar:"/>
    <property name="java.vm.vendor" value="IcedTea"/>
    <property name="sun.arch.data.model" value="64"/>
    <property name="test.build.dir" value="/workdir/hadoop-ozone/integration-test/target/test-dir"/>
    <property name="test.cache.data" value=""/>
    <property name="java.vendor.url" value="https://icedtea.classpath.org"/>
    <property name="user.timezone" value=""/>
    <property name="java.vm.specification.version" value="1.8"/>
    <property name="os.name" value="Linux"/>
    <property name="test.build.data" value="/workdir/hadoop-ozone/integration-test/target/test-dir"/>
    <property name="user.country" value="US"/>
    <property name="sun.java.launcher" value="SUN_STANDARD"/>
    <property name="sun.boot.library.path" value="/usr/lib/jvm/java-1.8-openjdk/jre/lib/amd64"/>
    <property name="sun.java.command" value="/workdir/hadoop-ozone/integration-test/target/surefire/surefirebooter2756543538902024968.jar /workdir/hadoop-ozone/integration-test/target/surefire 2019-08-08T03-12-47_907-jvmRun1 surefire7849367898236168026tmp surefire_425570407435105070639tmp"/>
    <property name="surefire.test.class.path" value="/workdir/hadoop-ozone/integration-test/target/test-classes:/workdir/hadoop-ozone/integration-test/target/classes:/home/user/.m2/repository/org/apache/hadoop/hadoop-ozone-common/0.4.1-SNAPSHOT/hadoop-ozone-common-0.4.1-SNAPSHOT.jar:/home/user/.m2/repository/org/apache/commons/commons-compress/1.4.1/commons-compress-1.4.1.jar:/home/user/.m2/repository/org/tukaani/xz/1.0/xz-1.0.jar:/home/user/.m2/repository/org/apache/hadoop/hadoop-common/3.2.0/hadoop-common-3.2.0.jar:/home/user/.m2/repository/org/apache/hadoop/hadoop-hdfs/3.2.0/hadoop-hdfs-3.2.0.jar:/home/user/.m2/repository/org/apache/hadoop/hadoop-hdfs-client/3.2.0/hadoop-hdfs-client-3.2.0.jar:/home/user/.m2/repository/com/fasterxml/jackson/core/jackson-annotations/2.9.5/jackson-annotations-2.9.5.jar:/home/user/.m2/repository/org/apache/hadoop/hadoop-hdds-common/0.4.1-SNAPSHOT/hadoop-hdds-common-0.4.1-SNAPSHOT.jar:/home/user/.m2/repository/javax/annotation/javax.annotation-api/1.2/javax.annotation-api-1.2.jar:/home/user/.m2/repository/org/apache/ratis/ratis-server/0.4.0-2337318-SNAPSHOT/ratis-server-0.4.0-2337318-SNAPSHOT.jar:/home/user/.m2/repository/org/apache/ratis/ratis-thirdparty-misc/0.2.0/ratis-thirdparty-misc-0.2.0.jar:/home/user/.m2/repository/org/apache/ratis/ratis-proto/0.4.0-2337318-SNAPSHOT/ratis-proto-0.4.0-2337318-SNAPSHOT.jar:/home/user/.m2/repository/org/apache/ratis/ratis-common/0.4.0-2337318-SNAPSHOT/ratis-common-0.4.0-2337318-SNAPSHOT.jar:/home/user/.m2/repository/org/apache/ratis/ratis-client/0.4.0-2337318-SNAPSHOT/ratis-client-0.4.0-2337318-SNAPSHOT.jar:/home/user/.m2/repository/org/apache/ratis/ratis-metrics/0.4.0-2337318-SNAPSHOT/ratis-metrics-0.4.0-2337318-SNAPSHOT.jar:/home/user/.m2/repository/org/apache/ratis/ratis-netty/0.4.0-2337318-SNAPSHOT/ratis-netty-0.4.0-2337318-SNAPSHOT.jar:/home/user/.m2/repository/org/apache/ratis/ratis-grpc/0.4.0-2337318-SNAPSHOT/ratis-grpc-0.4.0-2337318-SNAPSHOT.jar:/home/user/.m2/repository/org/rocksdb/rocksdbjni/6.0.1/rocksdbjni-6.0.1.jar:/home/user/.m2/repository/org/apache/logging/log4j/log4j-api/2.11.0/log4j-api-2.11.0.jar:/home/user/.m2/repository/org/apache/logging/log4j/log4j-core/2.11.0/log4j-core-2.11.0.jar:/home/user/.m2/repository/com/lmax/disruptor/3.4.2/disruptor-3.4.2.jar:/home/user/.m2/repository/org/apache/commons/commons-pool2/2.6.0/commons-pool2-2.6.0.jar:/home/user/.m2/repository/org/bouncycastle/bcpkix-jdk15on/1.60/bcpkix-jdk15on-1.60.jar:/home/user/.m2/repository/commons-validator/commons-validator/1.6/commons-validator-1.6.jar:/home/user/.m2/repository/commons-digester/commons-digester/1.8.1/commons-digester-1.8.1.jar:/home/user/.m2/repository/io/jaegertracing/jaeger-client/0.33.1/jaeger-client-0.33.1.jar:/home/user/.m2/repository/io/jaegertracing/jaeger-thrift/0.33.1/jaeger-thrift-0.33.1.jar:/home/user/.m2/repository/org/apache/thrift/libthrift/0.11.0/libthrift-0.11.0.jar:/home/user/.m2/repository/com/squareup/okhttp3/okhttp/3.9.0/okhttp-3.9.0.jar:/home/user/.m2/repository/com/squareup/okio/okio/1.13.0/okio-1.13.0.jar:/home/user/.m2/repository/io/jaegertracing/jaeger-core/0.33.1/jaeger-core-0.33.1.jar:/home/user/.m2/repository/io/jaegertracing/jaeger-tracerresolver/0.33.1/jaeger-tracerresolver-0.33.1.jar:/home/user/.m2/repository/io/opentracing/contrib/opentracing-tracerresolver/0.1.5/opentracing-tracerresolver-0.1.5.jar:/home/user/.m2/repository/io/opentracing/opentracing-util/0.31.0/opentracing-util-0.31.0.jar:/home/user/.m2/repository/io/opentracing/opentracing-api/0.31.0/opentracing-api-0.31.0.jar:/home/user/.m2/repository/io/opentracing/opentracing-noop/0.31.0/opentracing-noop-0.31.0.jar:/home/user/.m2/repository/org/apache/hadoop/hadoop-hdds-server-framework/0.4.1-SNAPSHOT/hadoop-hdds-server-framework-0.4.1-SNAPSHOT.jar:/home/user/.m2/repository/org/apache/hadoop/hadoop-hdds-container-service/0.4.1-SNAPSHOT/hadoop-hdds-container-service-0.4.1-SNAPSHOT.jar:/home/user/.m2/repository/org/apache/hadoop/hadoop-hdds-client/0.4.1-SNAPSHOT/hadoop-hdds-client-0.4.1-SNAPSHOT.jar:/home/user/.m2/repository/org/apache/hadoop/hadoop-hdds-tools/0.4.1-SNAPSHOT/hadoop-hdds-tools-0.4.1-SNAPSHOT.jar:/home/user/.m2/repository/org/apache/hadoop/hadoop-hdds-server-scm/0.4.1-SNAPSHOT/hadoop-hdds-server-scm-0.4.1-SNAPSHOT.jar:/home/user/.m2/repository/org/apache/hadoop/hadoop-hdds-docs/0.4.1-SNAPSHOT/hadoop-hdds-docs-0.4.1-SNAPSHOT.jar:/home/user/.m2/repository/io/dropwizard/metrics/metrics-core/3.2.4/metrics-core-3.2.4.jar:/home/user/.m2/repository/org/hamcrest/hamcrest-all/1.3/hamcrest-all-1.3.jar:/home/user/.m2/repository/org/bouncycastle/bcprov-jdk15on/1.60/bcprov-jdk15on-1.60.jar:/home/user/.m2/repository/info/picocli/picocli/3.9.6/picocli-3.9.6.jar:/home/user/.m2/repository/com/google/protobuf/protobuf-java/2.5.0/protobuf-java-2.5.0.jar:/home/user/.m2/repository/com/google/guava/guava/11.0.2/guava-11.0.2.jar:/home/user/.m2/repository/org/apache/hadoop/hadoop-ozone-ozone-manager/0.4.1-SNAPSHOT/hadoop-ozone-ozone-manager-0.4.1-SNAPSHOT.jar:/home/user/.m2/repository/org/apache/hadoop/hadoop-minikdc/3.2.0/hadoop-minikdc-3.2.0.jar:/home/user/.m2/repository/commons-io/commons-io/2.5/commons-io-2.5.jar:/home/user/.m2/repository/org/apache/kerby/kerb-simplekdc/1.0.1/kerb-simplekdc-1.0.1.jar:/home/user/.m2/repository/org/apache/kerby/kerb-client/1.0.1/kerb-client-1.0.1.jar:/home/user/.m2/repository/org/apache/kerby/kerby-config/1.0.1/kerby-config-1.0.1.jar:/home/user/.m2/repository/org/apache/kerby/kerb-core/1.0.1/kerb-core-1.0.1.jar:/home/user/.m2/repository/org/apache/kerby/kerby-pkix/1.0.1/kerby-pkix-1.0.1.jar:/home/user/.m2/repository/org/apache/kerby/kerby-asn1/1.0.1/kerby-asn1-1.0.1.jar:/home/user/.m2/repository/org/apache/kerby/kerby-util/1.0.1/kerby-util-1.0.1.jar:/home/user/.m2/repository/org/apache/kerby/kerb-common/1.0.1/kerb-common-1.0.1.jar:/home/user/.m2/repository/org/apache/kerby/kerb-crypto/1.0.1/kerb-crypto-1.0.1.jar:/home/user/.m2/repository/org/apache/kerby/kerb-util/1.0.1/kerb-util-1.0.1.jar:/home/user/.m2/repository/org/apache/kerby/token-provider/1.0.1/token-provider-1.0.1.jar:/home/user/.m2/repository/org/apache/kerby/kerb-admin/1.0.1/kerb-admin-1.0.1.jar:/home/user/.m2/repository/org/apache/kerby/kerb-server/1.0.1/kerb-server-1.0.1.jar:/home/user/.m2/repository/org/apache/kerby/kerb-identity/1.0.1/kerb-identity-1.0.1.jar:/home/user/.m2/repository/org/apache/kerby/kerby-xdr/1.0.1/kerby-xdr-1.0.1.jar:/home/user/.m2/repository/org/slf4j/slf4j-log4j12/1.7.25/slf4j-log4j12-1.7.25.jar:/home/user/.m2/repository/org/apache/hadoop/hadoop-ozone-objectstore-service/0.4.1-SNAPSHOT/hadoop-ozone-objectstore-service-0.4.1-SNAPSHOT.jar:/home/user/.m2/repository/org/apache/hadoop/hadoop-ozone-s3gateway/0.4.1-SNAPSHOT/hadoop-ozone-s3gateway-0.4.1-SNAPSHOT.jar:/home/user/.m2/repository/org/jboss/weld/servlet/weld-servlet/2.4.7.Final/weld-servlet-2.4.7.Final.jar:/home/user/.m2/repository/org/glassfish/jersey/containers/jersey-container-servlet-core/2.27/jersey-container-servlet-core-2.27.jar:/home/user/.m2/repository/org/glassfish/hk2/external/javax.inject/2.5.0-b42/javax.inject-2.5.0-b42.jar:/home/user/.m2/repository/org/glassfish/jersey/core/jersey-common/2.27/jersey-common-2.27.jar:/home/user/.m2/repository/org/glassfish/hk2/osgi-resource-locator/1.0.1/osgi-resource-locator-1.0.1.jar:/home/user/.m2/repository/javax/ws/rs/javax.ws.rs-api/2.1/javax.ws.rs-api-2.1.jar:/home/user/.m2/repository/org/glassfish/jersey/ext/cdi/jersey-cdi1x/2.27/jersey-cdi1x-2.27.jar:/home/user/.m2/repository/org/glassfish/jersey/inject/jersey-hk2/2.27/jersey-hk2-2.27.jar:/home/user/.m2/repository/org/glassfish/hk2/hk2-locator/2.5.0-b42/hk2-locator-2.5.0-b42.jar:/home/user/.m2/repository/org/javassist/javassist/3.22.0-CR2/javassist-3.22.0-CR2.jar:/home/user/.m2/repository/org/glassfish/hk2/hk2-api/2.5.0/hk2-api-2.5.0.jar:/home/user/.m2/repository/org/glassfish/hk2/external/jakarta.inject/2.5.0/jakarta.inject-2.5.0.jar:/home/user/.m2/repository/org/glassfish/hk2/hk2-utils/2.5.0/hk2-utils-2.5.0.jar:/home/user/.m2/repository/jakarta/annotation/jakarta.annotation-api/1.3.4/jakarta.annotation-api-1.3.4.jar:/home/user/.m2/repository/org/glassfish/hk2/external/aopalliance-repackaged/2.5.0/aopalliance-repackaged-2.5.0.jar:/home/user/.m2/repository/com/fasterxml/jackson/dataformat/jackson-dataformat-xml/2.9.0/jackson-dataformat-xml-2.9.0.jar:/home/user/.m2/repository/com/fasterxml/jackson/core/jackson-core/2.9.5/jackson-core-2.9.5.jar:/home/user/.m2/repository/com/fasterxml/jackson/module/jackson-module-jaxb-annotations/2.9.5/jackson-module-jaxb-annotations-2.9.5.jar:/home/user/.m2/repository/javax/enterprise/cdi-api/1.2/cdi-api-1.2.jar:/home/user/.m2/repository/javax/el/javax.el-api/3.0.0/javax.el-api-3.0.0.jar:/home/user/.m2/repository/javax/interceptor/javax.interceptor-api/1.2/javax.interceptor-api-1.2.jar:/home/user/.m2/repository/javax/inject/javax.inject/1/javax.inject-1.jar:/home/user/.m2/repository/com/sun/xml/bind/jaxb-impl/2.3.0.1/jaxb-impl-2.3.0.1.jar:/home/user/.m2/repository/com/sun/xml/bind/jaxb-core/2.3.0.1/jaxb-core-2.3.0.1.jar:/home/user/.m2/repository/javax/xml/bind/jaxb-api/2.3.0/jaxb-api-2.3.0.jar:/home/user/.m2/repository/javax/activation/activation/1.1.1/activation-1.1.1.jar:/home/user/.m2/repository/org/apache/hadoop/hadoop-ozone-csi/0.4.1-SNAPSHOT/hadoop-ozone-csi-0.4.1-SNAPSHOT.jar:/home/user/.m2/repository/com/google/protobuf/protobuf-java-util/3.5.1/protobuf-java-util-3.5.1.jar:/home/user/.m2/repository/org/apache/hadoop/hadoop-hdds-config/0.4.1-SNAPSHOT/hadoop-hdds-config-0.4.1-SNAPSHOT.jar:/home/user/.m2/repository/io/grpc/grpc-netty/1.17.1/grpc-netty-1.17.1.jar:/home/user/.m2/repository/io/grpc/grpc-core/1.17.1/grpc-core-1.17.1.jar:/home/user/.m2/repository/io/grpc/grpc-context/1.17.1/grpc-context-1.17.1.jar:/home/user/.m2/repository/com/google/errorprone/error_prone_annotations/2.2.0/error_prone_annotations-2.2.0.jar:/home/user/.m2/repository/org/codehaus/mojo/animal-sniffer-annotations/1.17/animal-sniffer-annotations-1.17.jar:/home/user/.m2/repository/io/opencensus/opencensus-api/0.17.0/opencensus-api-0.17.0.jar:/home/user/.m2/repository/io/opencensus/opencensus-contrib-grpc-metrics/0.17.0/opencensus-contrib-grpc-metrics-0.17.0.jar:/home/user/.m2/repository/io/netty/netty-codec-http2/4.1.30.Final/netty-codec-http2-4.1.30.Final.jar:/home/user/.m2/repository/io/netty/netty-codec-http/4.1.30.Final/netty-codec-http-4.1.30.Final.jar:/home/user/.m2/repository/io/netty/netty-codec/4.1.30.Final/netty-codec-4.1.30.Final.jar:/home/user/.m2/repository/io/netty/netty-handler/4.1.30.Final/netty-handler-4.1.30.Final.jar:/home/user/.m2/repository/io/netty/netty-handler-proxy/4.1.30.Final/netty-handler-proxy-4.1.30.Final.jar:/home/user/.m2/repository/io/netty/netty-codec-socks/4.1.30.Final/netty-codec-socks-4.1.30.Final.jar:/home/user/.m2/repository/io/netty/netty-transport-native-epoll/4.1.30.Final/netty-transport-native-epoll-4.1.30.Final.jar:/home/user/.m2/repository/io/netty/netty-common/4.1.30.Final/netty-common-4.1.30.Final.jar:/home/user/.m2/repository/io/netty/netty-buffer/4.1.30.Final/netty-buffer-4.1.30.Final.jar:/home/user/.m2/repository/io/netty/netty-transport/4.1.30.Final/netty-transport-4.1.30.Final.jar:/home/user/.m2/repository/io/netty/netty-resolver/4.1.30.Final/netty-resolver-4.1.30.Final.jar:/home/user/.m2/repository/io/netty/netty-transport-native-unix-common/4.1.30.Final/netty-transport-native-unix-common-4.1.30.Final.jar:/home/user/.m2/repository/io/grpc/grpc-protobuf/1.17.1/grpc-protobuf-1.17.1.jar:/home/user/.m2/repository/com/google/api/grpc/proto-google-common-protos/1.0.0/proto-google-common-protos-1.0.0.jar:/home/user/.m2/repository/io/grpc/grpc-protobuf-lite/1.17.1/grpc-protobuf-lite-1.17.1.jar:/home/user/.m2/repository/io/grpc/grpc-stub/1.17.1/grpc-stub-1.17.1.jar:/home/user/.m2/repository/org/apache/hadoop/hadoop-ozone-recon/0.4.1-SNAPSHOT/hadoop-ozone-recon-0.4.1-SNAPSHOT.jar:/home/user/.m2/repository/org/apache/hadoop/hadoop-ozone-reconcodegen/0.4.1-SNAPSHOT/hadoop-ozone-reconcodegen-0.4.1-SNAPSHOT.jar:/home/user/.m2/repository/com/google/inject/extensions/guice-multibindings/4.0/guice-multibindings-4.0.jar:/home/user/.m2/repository/com/google/inject/guice/4.0/guice-4.0.jar:/home/user/.m2/repository/aopalliance/aopalliance/1.0/aopalliance-1.0.jar:/home/user/.m2/repository/com/google/inject/extensions/guice-servlet/4.0/guice-servlet-4.0.jar:/home/user/.m2/repository/org/glassfish/jersey/containers/jersey-container-servlet/2.27/jersey-container-servlet-2.27.jar:/home/user/.m2/repository/org/glassfish/hk2/guice-bridge/2.5.0/guice-bridge-2.5.0.jar:/home/user/.m2/repository/org/glassfish/jersey/core/jersey-server/2.27/jersey-server-2.27.jar:/home/user/.m2/repository/org/glassfish/jersey/core/jersey-client/2.27/jersey-client-2.27.jar:/home/user/.m2/repository/org/glassfish/jersey/media/jersey-media-jaxb/2.27/jersey-media-jaxb-2.27.jar:/home/user/.m2/repository/javax/validation/validation-api/1.1.0.Final/validation-api-1.1.0.Final.jar:/home/user/.m2/repository/org/glassfish/jersey/media/jersey-media-json-jackson/2.27/jersey-media-json-jackson-2.27.jar:/home/user/.m2/repository/org/glassfish/jersey/ext/jersey-entity-filtering/2.27/jersey-entity-filtering-2.27.jar:/home/user/.m2/repository/com/google/inject/extensions/guice-assistedinject/4.0/guice-assistedinject-4.0.jar:/home/user/.m2/repository/org/jooq/jooq/3.11.10/jooq-3.11.10.jar:/home/user/.m2/repository/org/jooq/jooq-meta/3.11.10/jooq-meta-3.11.10.jar:/home/user/.m2/repository/org/jooq/jooq-codegen/3.11.10/jooq-codegen-3.11.10.jar:/home/user/.m2/repository/com/jolbox/bonecp/0.8.0.RELEASE/bonecp-0.8.0.RELEASE.jar:/home/user/.m2/repository/org/xerial/sqlite-jdbc/3.25.2/sqlite-jdbc-3.25.2.jar:/home/user/.m2/repository/org/springframework/spring-jdbc/5.1.3.RELEASE/spring-jdbc-5.1.3.RELEASE.jar:/home/user/.m2/repository/org/springframework/spring-beans/5.1.3.RELEASE/spring-beans-5.1.3.RELEASE.jar:/home/user/.m2/repository/org/springframework/spring-core/5.1.3.RELEASE/spring-core-5.1.3.RELEASE.jar:/home/user/.m2/repository/org/springframework/spring-jcl/5.1.3.RELEASE/spring-jcl-5.1.3.RELEASE.jar:/home/user/.m2/repository/org/springframework/spring-tx/5.1.3.RELEASE/spring-tx-5.1.3.RELEASE.jar:/home/user/.m2/repository/org/apache/hadoop/hadoop-ozone-client/0.4.1-SNAPSHOT/hadoop-ozone-client-0.4.1-SNAPSHOT.jar:/home/user/.m2/repository/commons-lang/commons-lang/2.6/commons-lang-2.6.jar:/home/user/.m2/repository/org/apache/hadoop/hadoop-ozone-ozone-manager/0.4.1-SNAPSHOT/hadoop-ozone-ozone-manager-0.4.1-SNAPSHOT-tests.jar:/home/user/.m2/repository/junit/junit/4.11/junit-4.11.jar:/home/user/.m2/repository/org/hamcrest/hamcrest-core/1.3/hamcrest-core-1.3.jar:/home/user/.m2/repository/org/openjdk/jmh/jmh-core/1.19/jmh-core-1.19.jar:/home/user/.m2/repository/net/sf/jopt-simple/jopt-simple/4.6/jopt-simple-4.6.jar:/home/user/.m2/repository/org/apache/commons/commons-math3/3.1.1/commons-math3-3.1.1.jar:/home/user/.m2/repository/org/openjdk/jmh/jmh-generator-annprocess/1.19/jmh-generator-annprocess-1.19.jar:/home/user/.m2/repository/org/mockito/mockito-all/1.8.5/mockito-all-1.8.5.jar:/home/user/.m2/repository/org/apache/hadoop/hadoop-kms/3.2.0/hadoop-kms-3.2.0.jar:/home/user/.m2/repository/org/apache/hadoop/hadoop-auth/3.2.0/hadoop-auth-3.2.0.jar:/home/user/.m2/repository/com/nimbusds/nimbus-jose-jwt/4.41.1/nimbus-jose-jwt-4.41.1.jar:/home/user/.m2/repository/com/github/stephenc/jcip/jcip-annotations/1.0-1/jcip-annotations-1.0-1.jar:/home/user/.m2/repository/net/minidev/json-smart/2.3/json-smart-2.3.jar:/home/user/.m2/repository/net/minidev/accessors-smart/1.2/accessors-smart-1.2.jar:/home/user/.m2/repository/org/ow2/asm/asm/5.0.4/asm-5.0.4.jar:/home/user/.m2/repository/org/apache/curator/curator-framework/2.12.0/curator-framework-2.12.0.jar:/home/user/.m2/repository/com/sun/jersey/jersey-core/1.19/jersey-core-1.19.jar:/home/user/.m2/repository/javax/ws/rs/jsr311-api/1.1.1/jsr311-api-1.1.1.jar:/home/user/.m2/repository/com/sun/jersey/jersey-server/1.19/jersey-server-1.19.jar:/home/user/.m2/repository/javax/servlet/javax.servlet-api/3.1.0/javax.servlet-api-3.1.0.jar:/home/user/.m2/repository/org/eclipse/jetty/jetty-server/9.3.24.v20180605/jetty-server-9.3.24.v20180605.jar:/home/user/.m2/repository/org/eclipse/jetty/jetty-http/9.3.24.v20180605/jetty-http-9.3.24.v20180605.jar:/home/user/.m2/repository/org/eclipse/jetty/jetty-io/9.3.24.v20180605/jetty-io-9.3.24.v20180605.jar:/home/user/.m2/repository/org/eclipse/jetty/jetty-webapp/9.3.24.v20180605/jetty-webapp-9.3.24.v20180605.jar:/home/user/.m2/repository/org/eclipse/jetty/jetty-xml/9.3.24.v20180605/jetty-xml-9.3.24.v20180605.jar:/home/user/.m2/repository/log4j/log4j/1.2.17/log4j-1.2.17.jar:/home/user/.m2/repository/org/slf4j/slf4j-api/1.7.25/slf4j-api-1.7.25.jar:/home/user/.m2/repository/org/slf4j/jul-to-slf4j/1.7.25/jul-to-slf4j-1.7.25.jar:/home/user/.m2/repository/org/eclipse/jetty/jetty-util/9.3.24.v20180605/jetty-util-9.3.24.v20180605.jar:/home/user/.m2/repository/com/fasterxml/jackson/core/jackson-databind/2.9.5/jackson-databind-2.9.5.jar:/home/user/.m2/repository/org/apache/hadoop/hadoop-kms/3.2.0/hadoop-kms-3.2.0-tests.jar:/home/user/.m2/repository/org/apache/hadoop/hadoop-hdds-server-scm/0.4.1-SNAPSHOT/hadoop-hdds-server-scm-0.4.1-SNAPSHOT-tests.jar:/home/user/.m2/repository/org/apache/hadoop/hadoop-hdds-container-service/0.4.1-SNAPSHOT/hadoop-hdds-container-service-0.4.1-SNAPSHOT-tests.jar:/home/user/.m2/repository/org/yaml/snakeyaml/1.16/snakeyaml-1.16.jar:/home/user/.m2/repository/org/apache/hadoop/hadoop-common/3.2.0/hadoop-common-3.2.0-tests.jar:/home/user/.m2/repository/org/apache/hadoop/hadoop-annotations/3.2.0/hadoop-annotations-3.2.0.jar:/usr/lib/jvm/java-1.8-openjdk/jre/../lib/tools.jar:/home/user/.m2/repository/commons-cli/commons-cli/1.2/commons-cli-1.2.jar:/home/user/.m2/repository/org/apache/httpcomponents/httpclient/4.5.2/httpclient-4.5.2.jar:/home/user/.m2/repository/org/apache/httpcomponents/httpcore/4.4.4/httpcore-4.4.4.jar:/home/user/.m2/repository/commons-codec/commons-codec/1.11/commons-codec-1.11.jar:/home/user/.m2/repository/commons-net/commons-net/3.6/commons-net-3.6.jar:/home/user/.m2/repository/commons-collections/commons-collections/3.2.2/commons-collections-3.2.2.jar:/home/user/.m2/repository/org/eclipse/jetty/jetty-servlet/9.3.24.v20180605/jetty-servlet-9.3.24.v20180605.jar:/home/user/.m2/repository/org/eclipse/jetty/jetty-security/9.3.24.v20180605/jetty-security-9.3.24.v20180605.jar:/home/user/.m2/repository/javax/servlet/jsp/jsp-api/2.1/jsp-api-2.1.jar:/home/user/.m2/repository/com/sun/jersey/jersey-servlet/1.19/jersey-servlet-1.19.jar:/home/user/.m2/repository/com/sun/jersey/jersey-json/1.19/jersey-json-1.19.jar:/home/user/.m2/repository/org/codehaus/jettison/jettison/1.1/jettison-1.1.jar:/home/user/.m2/repository/org/codehaus/jackson/jackson-core-asl/1.9.13/jackson-core-asl-1.9.13.jar:/home/user/.m2/repository/org/codehaus/jackson/jackson-mapper-asl/1.9.13/jackson-mapper-asl-1.9.13.jar:/home/user/.m2/repository/org/codehaus/jackson/jackson-jaxrs/1.9.13/jackson-jaxrs-1.9.13.jar:/home/user/.m2/repository/org/codehaus/jackson/jackson-xc/1.9.13/jackson-xc-1.9.13.jar:/home/user/.m2/repository/commons-logging/commons-logging/1.1.3/commons-logging-1.1.3.jar:/home/user/.m2/repository/commons-beanutils/commons-beanutils/1.9.3/commons-beanutils-1.9.3.jar:/home/user/.m2/repository/org/apache/commons/commons-configuration2/2.1.1/commons-configuration2-2.1.1.jar:/home/user/.m2/repository/org/apache/commons/commons-lang3/3.7/commons-lang3-3.7.jar:/home/user/.m2/repository/org/apache/commons/commons-text/1.4/commons-text-1.4.jar:/home/user/.m2/repository/org/apache/avro/avro/1.7.7/avro-1.7.7.jar:/home/user/.m2/repository/com/thoughtworks/paranamer/paranamer/2.3/paranamer-2.3.jar:/home/user/.m2/repository/org/xerial/snappy/snappy-java/1.0.5/snappy-java-1.0.5.jar:/home/user/.m2/repository/com/google/re2j/re2j/1.1/re2j-1.1.jar:/home/user/.m2/repository/com/google/code/gson/gson/2.2.4/gson-2.2.4.jar:/home/user/.m2/repository/com/jcraft/jsch/0.1.54/jsch-0.1.54.jar:/home/user/.m2/repository/org/apache/curator/curator-client/2.12.0/curator-client-2.12.0.jar:/home/user/.m2/repository/org/apache/curator/curator-recipes/2.12.0/curator-recipes-2.12.0.jar:/home/user/.m2/repository/com/google/code/findbugs/jsr305/3.0.0/jsr305-3.0.0.jar:/home/user/.m2/repository/org/apache/htrace/htrace-core4/4.1.0-incubating/htrace-core4-4.1.0-incubating.jar:/home/user/.m2/repository/org/apache/zookeeper/zookeeper/3.4.13/zookeeper-3.4.13.jar:/home/user/.m2/repository/org/apache/yetus/audience-annotations/0.5.0/audience-annotations-0.5.0.jar:/home/user/.m2/repository/org/codehaus/woodstox/stax2-api/3.1.4/stax2-api-3.1.4.jar:/home/user/.m2/repository/com/fasterxml/woodstox/woodstox-core/5.0.3/woodstox-core-5.0.3.jar:/home/user/.m2/repository/dnsjava/dnsjava/2.1.7/dnsjava-2.1.7.jar:/home/user/.m2/repository/org/apache/hadoop/hadoop-hdfs/3.2.0/hadoop-hdfs-3.2.0-tests.jar:/home/user/.m2/repository/org/eclipse/jetty/jetty-util-ajax/9.3.24.v20180605/jetty-util-ajax-9.3.24.v20180605.jar:/home/user/.m2/repository/commons-daemon/commons-daemon/1.0.13/commons-daemon-1.0.13.jar:/home/user/.m2/repository/io/netty/netty/3.10.5.Final/netty-3.10.5.Final.jar:/home/user/.m2/repository/io/netty/netty-all/4.0.52.Final/netty-all-4.0.52.Final.jar:/home/user/.m2/repository/org/fusesource/leveldbjni/leveldbjni-all/1.8/leveldbjni-all-1.8.jar:"/>
    <property name="sun.cpu.endian" value="little"/>
    <property name="user.home" value="/home/user"/>
    <property name="user.language" value="en"/>
    <property name="java.specification.vendor" value="Oracle Corporation"/>
    <property name="java.home" value="/usr/lib/jvm/java-1.8-openjdk/jre"/>
    <property name="java.security.krb5.conf" value="/workdir/hadoop-ozone/integration-test/target/test-classes/krb5.conf"/>
    <property name="basedir" value="/workdir/hadoop-ozone/integration-test"/>
    <property name="file.separator" value="/"/>
    <property name="line.separator" value="&#10;"/>
    <property name="java.vm.specification.vendor" value="Oracle Corporation"/>
    <property name="java.specification.name" value="Java Platform API Specification"/>
    <property name="java.awt.graphicsenv" value="sun.awt.X11GraphicsEnvironment"/>
    <property name="surefire.real.class.path" value="/workdir/hadoop-ozone/integration-test/target/surefire/surefirebooter2756543538902024968.jar"/>
    <property name="hadoop.log.dir" value="/workdir/hadoop-ozone/integration-test/target/log"/>
    <property name="sun.boot.class.path" value="/usr/lib/jvm/java-1.8-openjdk/jre/lib/resources.jar:/usr/lib/jvm/java-1.8-openjdk/jre/lib/rt.jar:/usr/lib/jvm/java-1.8-openjdk/jre/lib/sunrsasign.jar:/usr/lib/jvm/java-1.8-openjdk/jre/lib/jsse.jar:/usr/lib/jvm/java-1.8-openjdk/jre/lib/jce.jar:/usr/lib/jvm/java-1.8-openjdk/jre/lib/charsets.jar:/usr/lib/jvm/java-1.8-openjdk/jre/lib/jfr.jar:/usr/lib/jvm/java-1.8-openjdk/jre/classes"/>
    <property name="sun.management.compiler" value="HotSpot 64-Bit Tiered Compilers"/>
    <property name="java.runtime.version" value="1.8.0_212-b04"/>
    <property name="java.net.preferIPv4Stack" value="true"/>
    <property name="user.name" value="jenkins1000"/>
    <property name="path.separator" value=":"/>
    <property name="java.security.egd" value="file:///dev/urandom"/>
    <property name="os.version" value="3.10.0-957.12.2.el7.x86_64"/>
    <property name="java.endorsed.dirs" value="/usr/lib/jvm/java-1.8-openjdk/jre/lib/endorsed"/>
    <property name="java.runtime.name" value="OpenJDK Runtime Environment"/>
    <property name="file.encoding" value="UTF-8"/>
    <property name="java.vm.name" value="OpenJDK 64-Bit Server VM"/>
    <property name="test.build.webapps" value=""/>
    <property name="localRepository" value="/home/user/.m2/repository"/>
    <property name="java.vendor.url.bug" value="https://icedtea.classpath.org/bugzilla"/>
    <property name="java.io.tmpdir" value="/tmp"/>
    <property name="require.test.libhadoop" value=""/>
    <property name="java.version" value="1.8.0_212"/>
    <property name="user.dir" value="/workdir/hadoop-ozone/integration-test"/>
    <property name="os.arch" value="amd64"/>
    <property name="java.vm.specification.name" value="Java Virtual Machine Specification"/>
    <property name="test.build.classes" value="/workdir/hadoop-ozone/integration-test/target/test-classes"/>
    <property name="java.awt.printerjob" value="sun.print.PSPrinterJob"/>
    <property name="sun.os.patch.level" value="unknown"/>
    <property name="hadoop.tmp.dir" value="/workdir/hadoop-ozone/integration-test/target/tmp"/>
    <property name="java.library.path" value="/usr/lib/jvm/java-1.8-openjdk/jre/lib/amd64/server:/usr/lib/jvm/java-1.8-openjdk/jre/lib/amd64:/usr/lib/jvm/java-1.8-openjdk/jre/../lib/amd64:/workdir/hadoop-ozone/integration-test/target/native/target/usr/local/lib:/workdir/hadoop-ozone/integration-test/../../hadoop-common-project/hadoop-common/target/native/target/usr/local/lib:/usr/java/packages/lib/amd64:/usr/lib64:/lib64:/lib:/usr/lib"/>
    <property name="java.vm.info" value="mixed mode"/>
    <property name="java.vendor" value="IcedTea"/>
    <property name="java.vm.version" value="25.212-b04"/>
    <property name="java.ext.dirs" value="/usr/lib/jvm/java-1.8-openjdk/jre/lib/ext:/usr/java/packages/lib/ext"/>
    <property name="sun.io.unicode.encoding" value="UnicodeLittle"/>
    <property name="java.class.version" value="52.0"/>
  </properties>
  <testcase name="testMultiBlockWritesWithDnFailures" classname="org.apache.hadoop.ozone.client.rpc.TestMultiBlockWritesWithDnFailures" time="37.507">
    <error message="Allocated 0 blocks. Requested 1 blocks" type="INTERNAL_ERROR org.apache.hadoop.ozone.om.exceptions.OMException">INTERNAL_ERROR org.apache.hadoop.ozone.om.exceptions.OMException: Allocated 0 blocks. Requested 1 blocks
	at org.apache.hadoop.ozone.om.protocolPB.OzoneManagerProtocolClientSideTranslatorPB.handleError(OzoneManagerProtocolClientSideTranslatorPB.java:720)
	at org.apache.hadoop.ozone.om.protocolPB.OzoneManagerProtocolClientSideTranslatorPB.allocateBlock(OzoneManagerProtocolClientSideTranslatorPB.java:752)
	at org.apache.hadoop.ozone.client.io.BlockOutputStreamEntryPool.allocateNewBlock(BlockOutputStreamEntryPool.java:248)
	at org.apache.hadoop.ozone.client.io.BlockOutputStreamEntryPool.allocateBlockIfNeeded(BlockOutputStreamEntryPool.java:296)
	at org.apache.hadoop.ozone.client.io.KeyOutputStream.handleWrite(KeyOutputStream.java:201)
	at org.apache.hadoop.ozone.client.io.KeyOutputStream.handleRetry(KeyOutputStream.java:376)
	at org.apache.hadoop.ozone.client.io.KeyOutputStream.handleException(KeyOutputStream.java:325)
	at org.apache.hadoop.ozone.client.io.KeyOutputStream.handleWrite(KeyOutputStream.java:231)
	at org.apache.hadoop.ozone.client.io.KeyOutputStream.write(KeyOutputStream.java:193)
	at org.apache.hadoop.ozone.client.io.OzoneOutputStream.write(OzoneOutputStream.java:49)
	at java.io.OutputStream.write(OutputStream.java:75)
	at org.apache.hadoop.ozone.client.rpc.TestMultiBlockWritesWithDnFailures.testMultiBlockWritesWithDnFailures(TestMultiBlockWritesWithDnFailures.java:144)
	at sun.reflect.NativeMethodAccessorImpl.invoke0(Native Method)
	at sun.reflect.NativeMethodAccessorImpl.invoke(NativeMethodAccessorImpl.java:62)
	at sun.reflect.DelegatingMethodAccessorImpl.invoke(DelegatingMethodAccessorImpl.java:43)
	at java.lang.reflect.Method.invoke(Method.java:498)
	at org.junit.runners.model.FrameworkMethod$1.runReflectiveCall(FrameworkMethod.java:47)
	at org.junit.internal.runners.model.ReflectiveCallable.run(ReflectiveCallable.java:12)
	at org.junit.runners.model.FrameworkMethod.invokeExplosively(FrameworkMethod.java:44)
	at org.junit.internal.runners.statements.InvokeMethod.evaluate(InvokeMethod.java:17)
	at org.junit.runners.ParentRunner.runLeaf(ParentRunner.java:271)
	at org.junit.runners.BlockJUnit4ClassRunner.runChild(BlockJUnit4ClassRunner.java:70)
	at org.junit.runners.BlockJUnit4ClassRunner.runChild(BlockJUnit4ClassRunner.java:50)
	at org.junit.runners.ParentRunner$3.run(ParentRunner.java:238)
	at org.junit.runners.ParentRunner$1.schedule(ParentRunner.java:63)
	at org.junit.runners.ParentRunner.runChildren(ParentRunner.java:236)
	at org.junit.runners.ParentRunner.access$000(ParentRunner.java:53)
	at org.junit.runners.ParentRunner$2.evaluate(ParentRunner.java:229)
	at org.junit.runners.ParentRunner.run(ParentRunner.java:309)
	at org.apache.maven.surefire.junit4.JUnit4Provider.execute(JUnit4Provider.java:365)
	at org.apache.maven.surefire.junit4.JUnit4Provider.executeWithRerun(JUnit4Provider.java:273)
	at org.apache.maven.surefire.junit4.JUnit4Provider.executeTestSet(JUnit4Provider.java:238)
	at org.apache.maven.surefire.junit4.JUnit4Provider.invoke(JUnit4Provider.java:159)
	at org.apache.maven.surefire.booter.ForkedBooter.invokeProviderInSameClassLoader(ForkedBooter.java:384)
	at org.apache.maven.surefire.booter.ForkedBooter.runSuitesInProcess(ForkedBooter.java:345)
	at org.apache.maven.surefire.booter.ForkedBooter.execute(ForkedBooter.java:126)
	at org.apache.maven.surefire.booter.ForkedBooter.main(ForkedBooter.java:418)
</error>
    <system-out><![CDATA[2019-08-08 03:47:39,808 WARN  server.ServerUtils (ServerUtils.java:getScmDbDir(145)) - ozone.scm.db.dirs is not configured. We recommend adding this setting. Falling back to ozone.metadata.dirs instead.
2019-08-08 03:47:39,927 WARN  server.ServerUtils (ServerUtils.java:getScmDbDir(145)) - ozone.scm.db.dirs is not configured. We recommend adding this setting. Falling back to ozone.metadata.dirs instead.
2019-08-08 03:47:39,931 WARN  server.ServerUtils (ServerUtils.java:getScmDbDir(145)) - ozone.scm.db.dirs is not configured. We recommend adding this setting. Falling back to ozone.metadata.dirs instead.
2019-08-08 03:47:39,950 INFO  util.log (Log.java:initialized(192)) - Logging initialized @868ms
2019-08-08 03:47:40,052 INFO  db.DBStoreBuilder (DBStoreBuilder.java:addTable(110)) - using custom profile for table: deletedBlocks
2019-08-08 03:47:40,053 INFO  db.DBStoreBuilder (DBStoreBuilder.java:processTables(161)) - Using default column profile:DBProfile.DISK for Table:deletedBlocks
2019-08-08 03:47:40,053 INFO  db.DBStoreBuilder (DBStoreBuilder.java:addTable(110)) - using custom profile for table: validCerts
2019-08-08 03:47:40,053 INFO  db.DBStoreBuilder (DBStoreBuilder.java:processTables(161)) - Using default column profile:DBProfile.DISK for Table:validCerts
2019-08-08 03:47:40,054 INFO  db.DBStoreBuilder (DBStoreBuilder.java:addTable(110)) - using custom profile for table: revokedCerts
2019-08-08 03:47:40,054 INFO  db.DBStoreBuilder (DBStoreBuilder.java:processTables(161)) - Using default column profile:DBProfile.DISK for Table:revokedCerts
2019-08-08 03:47:40,068 INFO  db.DBStoreBuilder (DBStoreBuilder.java:addTable(110)) - using custom profile for table: default
2019-08-08 03:47:40,069 INFO  db.DBStoreBuilder (DBStoreBuilder.java:processTables(167)) - Using default column profile:DBProfile.DISK for Table:default
2019-08-08 03:47:40,070 INFO  db.DBStoreBuilder (DBStoreBuilder.java:getDbProfile(198)) - Using default options. DBProfile.DISK
2019-08-08 03:47:40,163 INFO  net.NodeSchemaLoader (NodeSchemaLoader.java:loadSchemaFromFile(125)) - Loading file from sun.misc.CompoundEnumeration@20deea7f
2019-08-08 03:47:40,166 INFO  net.NodeSchemaLoader (NodeSchemaLoader.java:loadSchema(171)) - Loading network topology layer schema file
2019-08-08 03:47:40,256 INFO  node.SCMNodeManager (SCMNodeManager.java:<init>(121)) - Entering startup safe mode.
2019-08-08 03:47:40,341 WARN  server.ServerUtils (ServerUtils.java:getScmDbDir(145)) - ozone.scm.db.dirs is not configured. We recommend adding this setting. Falling back to ozone.metadata.dirs instead.
2019-08-08 03:47:40,393 INFO  pipeline.SCMPipelineManager (SCMPipelineManager.java:initializePipelineState(126)) - No pipeline exists in current db
2019-08-08 03:47:40,395 WARN  server.ServerUtils (ServerUtils.java:getScmDbDir(145)) - ozone.scm.db.dirs is not configured. We recommend adding this setting. Falling back to ozone.metadata.dirs instead.
2019-08-08 03:47:40,460 WARN  events.EventQueue (EventQueue.java:fireEvent(175)) - No event handler registered for event TypedEvent{payloadType=SafeModeStatus, name='SafeModeStatus'}
2019-08-08 03:47:40,859 INFO  ipc.CallQueueManager (CallQueueManager.java:<init>(84)) - Using callQueue: class java.util.concurrent.LinkedBlockingQueue, queueCapacity: 2000, scheduler: class org.apache.hadoop.ipc.DefaultRpcScheduler, ipcBackoff: false.
2019-08-08 03:47:40,904 INFO  ipc.Server (Server.java:run(1074)) - Starting Socket Reader #1 for port 45561
2019-08-08 03:47:40,938 INFO  ipc.CallQueueManager (CallQueueManager.java:<init>(84)) - Using callQueue: class java.util.concurrent.LinkedBlockingQueue, queueCapacity: 2000, scheduler: class org.apache.hadoop.ipc.DefaultRpcScheduler, ipcBackoff: false.
2019-08-08 03:47:40,939 INFO  ipc.Server (Server.java:run(1074)) - Starting Socket Reader #1 for port 35047
2019-08-08 03:47:40,948 INFO  ipc.CallQueueManager (CallQueueManager.java:<init>(84)) - Using callQueue: class java.util.concurrent.LinkedBlockingQueue, queueCapacity: 2000, scheduler: class org.apache.hadoop.ipc.DefaultRpcScheduler, ipcBackoff: false.
2019-08-08 03:47:40,949 INFO  ipc.Server (Server.java:run(1074)) - Starting Socket Reader #1 for port 45631
2019-08-08 03:47:41,086 INFO  hdfs.DFSUtil (DFSUtil.java:httpServerTemplateForNNAndJN(1641)) - Starting Web-server for scm at: http://0.0.0.0:0
2019-08-08 03:47:41,262 INFO  server.AuthenticationFilter (AuthenticationFilter.java:constructSecretProvider(240)) - Unable to initialize FileSignerSecretProvider, falling back to use random secrets.
2019-08-08 03:47:41,270 WARN  http.HttpRequestLog (HttpRequestLog.java:getRequestLog(97)) - Jetty request log can only be enabled using Log4j
2019-08-08 03:47:41,278 INFO  http.HttpServer2 (HttpServer2.java:addGlobalFilter(975)) - Added global filter 'safety' (class=org.apache.hadoop.http.HttpServer2$QuotingInputFilter)
2019-08-08 03:47:41,280 INFO  http.HttpServer2 (HttpServer2.java:addFilter(948)) - Added filter static_user_filter (class=org.apache.hadoop.http.lib.StaticUserWebFilter$StaticUserFilter) to context scm
2019-08-08 03:47:41,281 INFO  http.HttpServer2 (HttpServer2.java:addFilter(958)) - Added filter static_user_filter (class=org.apache.hadoop.http.lib.StaticUserWebFilter$StaticUserFilter) to context static
2019-08-08 03:47:41,281 INFO  http.HttpServer2 (HttpServer2.java:addFilter(958)) - Added filter static_user_filter (class=org.apache.hadoop.http.lib.StaticUserWebFilter$StaticUserFilter) to context logs
2019-08-08 03:47:41,327 INFO  server.StorageContainerManager (StorageContainerManager.java:start(758)) - StorageContainerLocationProtocol RPC server is listening at /0.0.0.0:45631
2019-08-08 03:47:41,411 WARN  impl.MetricsConfig (MetricsConfig.java:loadFirst(134)) - Cannot locate configuration: tried hadoop-metrics2-storagecontainermanager.properties,hadoop-metrics2.properties
2019-08-08 03:47:41,426 INFO  impl.MetricsSystemImpl (MetricsSystemImpl.java:startTimer(374)) - Scheduled Metric snapshot period at 10 second(s).
2019-08-08 03:47:41,426 INFO  impl.MetricsSystemImpl (MetricsSystemImpl.java:start(191)) - StorageContainerManager metrics system started
2019-08-08 03:47:41,651 INFO  server.SCMClientProtocolServer (SCMClientProtocolServer.java:start(151)) - RPC server for Client  is listening at /0.0.0.0:45631
2019-08-08 03:47:41,652 INFO  ipc.Server (Server.java:run(1153)) - IPC Server listener on 45631: starting
2019-08-08 03:47:41,652 INFO  ipc.Server (Server.java:run(1314)) - IPC Server Responder: starting
2019-08-08 03:47:41,655 INFO  server.StorageContainerManager (StorageContainerManager.java:start(768)) - ScmBlockLocationProtocol RPC server is listening at /0.0.0.0:35047
2019-08-08 03:47:41,656 INFO  server.SCMBlockProtocolServer (SCMBlockProtocolServer.java:start(140)) - RPC server for Block Protocol is listening at /0.0.0.0:35047
2019-08-08 03:47:41,656 INFO  ipc.Server (Server.java:run(1314)) - IPC Server Responder: starting
2019-08-08 03:47:41,656 INFO  ipc.Server (Server.java:run(1153)) - IPC Server listener on 35047: starting
2019-08-08 03:47:41,660 INFO  server.StorageContainerManager (StorageContainerManager.java:start(772)) - ScmDatanodeProtocl RPC server is listening at /0.0.0.0:45561
2019-08-08 03:47:41,661 INFO  server.SCMDatanodeProtocolServer (SCMDatanodeProtocolServer.java:start(191)) - RPC server for DataNodes is listening at /0.0.0.0:45561
2019-08-08 03:47:41,661 INFO  ipc.Server (Server.java:run(1314)) - IPC Server Responder: starting
2019-08-08 03:47:41,662 INFO  ipc.Server (Server.java:run(1153)) - IPC Server listener on 45561: starting
2019-08-08 03:47:41,669 INFO  http.HttpServer2 (HttpServer2.java:bindListener(1191)) - Jetty bound to port 33904
2019-08-08 03:47:41,671 INFO  server.Server (Server.java:doStart(351)) - jetty-9.3.24.v20180605, build timestamp: 2018-06-05T17:11:56Z, git hash: 84205aa28f11a4f31f2a3b86d1bba2cc8ab69827
2019-08-08 03:47:41,709 INFO  handler.ContextHandler (ContextHandler.java:doStart(781)) - Started o.e.j.s.ServletContextHandler@6127a7e{/logs,file:///workdir/hadoop-ozone/integration-test/target/log,AVAILABLE}
2019-08-08 03:47:41,710 INFO  handler.ContextHandler (ContextHandler.java:doStart(781)) - Started o.e.j.s.ServletContextHandler@495fac5f{/static,file:///workdir/hadoop-ozone/integration-test/target/test-classes/webapps/static,AVAILABLE}
2019-08-08 03:47:41,743 INFO  handler.ContextHandler (ContextHandler.java:doStart(781)) - Started o.e.j.w.WebAppContext@314b8f2d{/,file:///workdir/hadoop-ozone/integration-test/target/test-classes/webapps/scm/,AVAILABLE}{/scm}
2019-08-08 03:47:41,748 INFO  server.AbstractConnector (AbstractConnector.java:doStart(278)) - Started ServerConnector@5217f3d0{HTTP/1.1,[http/1.1]}{0.0.0.0:33904}
2019-08-08 03:47:41,748 INFO  server.Server (Server.java:doStart(419)) - Started @2667ms
2019-08-08 03:47:41,751 INFO  server.BaseHttpServer (BaseHttpServer.java:updateConnectorAddress(207)) - HTTP server of SCM is listening at http://0.0.0.0:33904
2019-08-08 03:47:41,759 INFO  util.JvmPauseMonitor (JvmPauseMonitor.java:run(188)) - Starting JVM pause monitor
2019-08-08 03:47:41,763 WARN  server.ServerUtils (ServerUtils.java:getDBPath(222)) - ozone.om.db.dirs is not configured. We recommend adding this setting. Falling back to ozone.metadata.dirs instead.
2019-08-08 03:47:41,886 WARN  server.ServerUtils (ServerUtils.java:getDBPath(222)) - ozone.om.db.dirs is not configured. We recommend adding this setting. Falling back to ozone.metadata.dirs instead.
2019-08-08 03:47:41,887 WARN  server.ServerUtils (ServerUtils.java:getDBPath(222)) - ozone.om.db.dirs is not configured. We recommend adding this setting. Falling back to ozone.metadata.dirs instead.
2019-08-08 03:47:41,888 INFO  om.OzoneManager (OzoneManager.java:setOMNodeDetails(644)) - OM Service ID is not set. Setting it to the default ID: omServiceIdDefault
2019-08-08 03:47:41,888 INFO  om.OzoneManager (OzoneManager.java:setOMNodeDetails(650)) - OM Node ID is not set. Setting it to the OmStorage's OmID: 9bef4b79-f22b-486c-89a1-00850f5b0ad5
2019-08-08 03:47:41,890 INFO  om.OzoneManager (OzoneManager.java:loadOMHAConfigs(601)) - Found matching OM address with OMServiceId: null, OMNodeId: null, RPC Address: localhost:0 and Ratis port: 9872
2019-08-08 03:47:42,650 WARN  server.ServerUtils (ServerUtils.java:getDBPath(222)) - ozone.om.db.dirs is not configured. We recommend adding this setting. Falling back to ozone.metadata.dirs instead.
2019-08-08 03:47:42,657 INFO  db.DBStoreBuilder (DBStoreBuilder.java:addTable(110)) - using custom profile for table: userTable
2019-08-08 03:47:42,657 INFO  db.DBStoreBuilder (DBStoreBuilder.java:processTables(161)) - Using default column profile:DBProfile.DISK for Table:userTable
2019-08-08 03:47:42,658 INFO  db.DBStoreBuilder (DBStoreBuilder.java:addTable(110)) - using custom profile for table: volumeTable
2019-08-08 03:47:42,658 INFO  db.DBStoreBuilder (DBStoreBuilder.java:processTables(161)) - Using default column profile:DBProfile.DISK for Table:volumeTable
2019-08-08 03:47:42,658 INFO  db.DBStoreBuilder (DBStoreBuilder.java:addTable(110)) - using custom profile for table: bucketTable
2019-08-08 03:47:42,659 INFO  db.DBStoreBuilder (DBStoreBuilder.java:processTables(161)) - Using default column profile:DBProfile.DISK for Table:bucketTable
2019-08-08 03:47:42,659 INFO  db.DBStoreBuilder (DBStoreBuilder.java:addTable(110)) - using custom profile for table: keyTable
2019-08-08 03:47:42,659 INFO  db.DBStoreBuilder (DBStoreBuilder.java:processTables(161)) - Using default column profile:DBProfile.DISK for Table:keyTable
2019-08-08 03:47:42,659 INFO  db.DBStoreBuilder (DBStoreBuilder.java:addTable(110)) - using custom profile for table: deletedTable
2019-08-08 03:47:42,660 INFO  db.DBStoreBuilder (DBStoreBuilder.java:processTables(161)) - Using default column profile:DBProfile.DISK for Table:deletedTable
2019-08-08 03:47:42,660 INFO  db.DBStoreBuilder (DBStoreBuilder.java:addTable(110)) - using custom profile for table: openKeyTable
2019-08-08 03:47:42,660 INFO  db.DBStoreBuilder (DBStoreBuilder.java:processTables(161)) - Using default column profile:DBProfile.DISK for Table:openKeyTable
2019-08-08 03:47:42,661 INFO  db.DBStoreBuilder (DBStoreBuilder.java:addTable(110)) - using custom profile for table: s3Table
2019-08-08 03:47:42,661 INFO  db.DBStoreBuilder (DBStoreBuilder.java:processTables(161)) - Using default column profile:DBProfile.DISK for Table:s3Table
2019-08-08 03:47:42,661 INFO  db.DBStoreBuilder (DBStoreBuilder.java:addTable(110)) - using custom profile for table: multipartInfoTable
2019-08-08 03:47:42,661 INFO  db.DBStoreBuilder (DBStoreBuilder.java:processTables(161)) - Using default column profile:DBProfile.DISK for Table:multipartInfoTable
2019-08-08 03:47:42,662 INFO  db.DBStoreBuilder (DBStoreBuilder.java:addTable(110)) - using custom profile for table: dTokenTable
2019-08-08 03:47:42,662 INFO  db.DBStoreBuilder (DBStoreBuilder.java:processTables(161)) - Using default column profile:DBProfile.DISK for Table:dTokenTable
2019-08-08 03:47:42,662 INFO  db.DBStoreBuilder (DBStoreBuilder.java:addTable(110)) - using custom profile for table: s3SecretTable
2019-08-08 03:47:42,662 INFO  db.DBStoreBuilder (DBStoreBuilder.java:processTables(161)) - Using default column profile:DBProfile.DISK for Table:s3SecretTable
2019-08-08 03:47:42,663 INFO  db.DBStoreBuilder (DBStoreBuilder.java:addTable(110)) - using custom profile for table: prefixTable
2019-08-08 03:47:42,663 INFO  db.DBStoreBuilder (DBStoreBuilder.java:processTables(161)) - Using default column profile:DBProfile.DISK for Table:prefixTable
2019-08-08 03:47:42,663 INFO  db.DBStoreBuilder (DBStoreBuilder.java:addTable(110)) - using custom profile for table: default
2019-08-08 03:47:42,663 INFO  db.DBStoreBuilder (DBStoreBuilder.java:processTables(167)) - Using default column profile:DBProfile.DISK for Table:default
2019-08-08 03:47:42,664 INFO  db.DBStoreBuilder (DBStoreBuilder.java:getDbProfile(198)) - Using default options. DBProfile.DISK
2019-08-08 03:47:42,958 INFO  ipc.CallQueueManager (CallQueueManager.java:<init>(84)) - Using callQueue: class java.util.concurrent.LinkedBlockingQueue, queueCapacity: 2000, scheduler: class org.apache.hadoop.ipc.DefaultRpcScheduler, ipcBackoff: false.
2019-08-08 03:47:42,959 INFO  ipc.Server (Server.java:run(1074)) - Starting Socket Reader #1 for port 41658
2019-08-08 03:47:42,979 INFO  om.OzoneManager (OzoneManager.java:start(1255)) - OzoneManager RPC server is listening at localhost/127.0.0.1:41658
2019-08-08 03:47:42,979 INFO  impl.MetricsSystemImpl (MetricsSystemImpl.java:init(158)) - OzoneManager metrics system started (again)
2019-08-08 03:47:42,980 INFO  ipc.Server (Server.java:run(1314)) - IPC Server Responder: starting
2019-08-08 03:47:42,980 INFO  ipc.Server (Server.java:run(1153)) - IPC Server listener on 41658: starting
2019-08-08 03:47:42,989 INFO  hdfs.DFSUtil (DFSUtil.java:httpServerTemplateForNNAndJN(1641)) - Starting Web-server for ozoneManager at: http://0.0.0.0:0
2019-08-08 03:47:42,990 INFO  server.AuthenticationFilter (AuthenticationFilter.java:constructSecretProvider(240)) - Unable to initialize FileSignerSecretProvider, falling back to use random secrets.
2019-08-08 03:47:42,991 WARN  http.HttpRequestLog (HttpRequestLog.java:getRequestLog(97)) - Jetty request log can only be enabled using Log4j
2019-08-08 03:47:42,993 INFO  http.HttpServer2 (HttpServer2.java:addGlobalFilter(975)) - Added global filter 'safety' (class=org.apache.hadoop.http.HttpServer2$QuotingInputFilter)
2019-08-08 03:47:42,994 INFO  http.HttpServer2 (HttpServer2.java:addFilter(948)) - Added filter static_user_filter (class=org.apache.hadoop.http.lib.StaticUserWebFilter$StaticUserFilter) to context ozoneManager
2019-08-08 03:47:42,994 INFO  http.HttpServer2 (HttpServer2.java:addFilter(958)) - Added filter static_user_filter (class=org.apache.hadoop.http.lib.StaticUserWebFilter$StaticUserFilter) to context logs
2019-08-08 03:47:42,994 INFO  http.HttpServer2 (HttpServer2.java:addFilter(958)) - Added filter static_user_filter (class=org.apache.hadoop.http.lib.StaticUserWebFilter$StaticUserFilter) to context static
2019-08-08 03:47:42,996 INFO  http.HttpServer2 (HttpServer2.java:bindListener(1191)) - Jetty bound to port 43466
2019-08-08 03:47:42,996 INFO  server.Server (Server.java:doStart(351)) - jetty-9.3.24.v20180605, build timestamp: 2018-06-05T17:11:56Z, git hash: 84205aa28f11a4f31f2a3b86d1bba2cc8ab69827
2019-08-08 03:47:42,998 INFO  handler.ContextHandler (ContextHandler.java:doStart(781)) - Started o.e.j.s.ServletContextHandler@773bd77b{/logs,file:///workdir/hadoop-ozone/integration-test/target/log,AVAILABLE}
2019-08-08 03:47:42,999 INFO  handler.ContextHandler (ContextHandler.java:doStart(781)) - Started o.e.j.s.ServletContextHandler@6d91790b{/static,file:///workdir/hadoop-ozone/integration-test/target/test-classes/webapps/static,AVAILABLE}
2019-08-08 03:47:43,004 INFO  handler.ContextHandler (ContextHandler.java:doStart(781)) - Started o.e.j.w.WebAppContext@332f25c8{/,file:///workdir/hadoop-ozone/integration-test/target/test-classes/webapps/ozoneManager/,AVAILABLE}{/ozoneManager}
2019-08-08 03:47:43,004 INFO  server.AbstractConnector (AbstractConnector.java:doStart(278)) - Started ServerConnector@1b32cd16{HTTP/1.1,[http/1.1]}{0.0.0.0:43466}
2019-08-08 03:47:43,005 INFO  server.Server (Server.java:doStart(419)) - Started @3923ms
2019-08-08 03:47:43,006 INFO  server.BaseHttpServer (BaseHttpServer.java:updateConnectorAddress(207)) - HTTP server of OZONEMANAGER is listening at http://0.0.0.0:43466
2019-08-08 03:47:43,324 INFO  impl.MetricsSystemImpl (MetricsSystemImpl.java:init(158)) - HddsDatanode metrics system started (again)
2019-08-08 03:47:43,393 INFO  ozone.HddsDatanodeService (HddsDatanodeService.java:start(184)) - HddsDatanodeService host:byscane-nightly-5b87q-1102612012 ip:192.168.5.133
2019-08-08 03:47:43,419 INFO  volume.HddsVolume (HddsVolume.java:<init>(176)) - Creating Volume: /workdir/hadoop-ozone/integration-test/target/test-dir/MiniOzoneClusterImpl-bbbd5529-fb2f-4638-92cf-dc668c1c5c73/datanode-0/data/containers/hdds of  storage type : DISK and capacity : 52710309888
2019-08-08 03:47:43,421 INFO  volume.VolumeSet (VolumeSet.java:initializeVolumeSet(170)) - Added Volume : /workdir/hadoop-ozone/integration-test/target/test-dir/MiniOzoneClusterImpl-bbbd5529-fb2f-4638-92cf-dc668c1c5c73/datanode-0/data/containers/hdds to VolumeSet
2019-08-08 03:47:43,423 INFO  volume.ThrottledAsyncChecker (ThrottledAsyncChecker.java:schedule(140)) - Scheduling a check for org.apache.hadoop.ozone.container.common.volume.HddsVolume@67e28be3
2019-08-08 03:47:43,437 INFO  volume.HddsVolumeChecker (HddsVolumeChecker.java:checkAllVolumes(203)) - Scheduled health check for volume org.apache.hadoop.ozone.container.common.volume.HddsVolume@67e28be3
2019-08-08 03:47:43,522 INFO  impl.RaftServerProxy (ConfUtils.java:logGet(43)) - raft.rpc.type = GRPC (default)
2019-08-08 03:47:43,572 INFO  grpc.GrpcFactory (GrpcFactory.java:checkPooledByteBufAllocatorUseCacheForAllThreads(45)) - PERFORMANCE WARNING: useCacheForAllThreads is true that may cause Netty to create a lot garbage objects and, as a result, trigger GC.
	It is recommended to disable useCacheForAllThreads by setting -Dorg.apache.ratis.thirdparty.io.netty.allocator.useCacheForAllThreads=false in command line.
2019-08-08 03:47:43,575 INFO  grpc.GrpcConfigKeys$Server (ConfUtils.java:logGet(43)) - raft.grpc.server.port = 0 (default)
2019-08-08 03:47:43,576 INFO  server.GrpcService (ConfUtils.java:logGet(43)) - raft.grpc.message.size.max = 33570816 (custom)
2019-08-08 03:47:43,577 INFO  server.RaftServerConfigKeys (ConfUtils.java:logGet(43)) - raft.server.log.appender.buffer.byte-limit = 33554432 (custom)
2019-08-08 03:47:43,578 INFO  server.GrpcService (ConfUtils.java:logGet(43)) - raft.grpc.flow.control.window = 1MB (=1048576) (default)
2019-08-08 03:47:43,579 INFO  server.RaftServerConfigKeys (ConfUtils.java:logGet(43)) - raft.server.rpc.request.timeout = 3000ms (default)
2019-08-08 03:47:43,696 INFO  server.RaftServerConfigKeys (ConfUtils.java:logGet(43)) - raft.server.storage.dir = [/workdir/hadoop-ozone/integration-test/target/test-dir/MiniOzoneClusterImpl-bbbd5529-fb2f-4638-92cf-dc668c1c5c73/datanode-0/data/ratis] (custom)
2019-08-08 03:47:43,723 INFO  replication.SimpleContainerDownloader (SimpleContainerDownloader.java:<init>(72)) - Starting container downloader service to copy containers to replicate.
2019-08-08 03:47:43,733 INFO  hdfs.DFSUtil (DFSUtil.java:httpServerTemplateForNNAndJN(1641)) - Starting Web-server for hddsDatanode at: http://0.0.0.0:0
2019-08-08 03:47:43,734 INFO  server.AuthenticationFilter (AuthenticationFilter.java:constructSecretProvider(240)) - Unable to initialize FileSignerSecretProvider, falling back to use random secrets.
2019-08-08 03:47:43,735 WARN  http.HttpRequestLog (HttpRequestLog.java:getRequestLog(97)) - Jetty request log can only be enabled using Log4j
2019-08-08 03:47:43,736 INFO  http.HttpServer2 (HttpServer2.java:addGlobalFilter(975)) - Added global filter 'safety' (class=org.apache.hadoop.http.HttpServer2$QuotingInputFilter)
2019-08-08 03:47:43,737 INFO  http.HttpServer2 (HttpServer2.java:addFilter(948)) - Added filter static_user_filter (class=org.apache.hadoop.http.lib.StaticUserWebFilter$StaticUserFilter) to context hddsDatanode
2019-08-08 03:47:43,737 INFO  http.HttpServer2 (HttpServer2.java:addFilter(958)) - Added filter static_user_filter (class=org.apache.hadoop.http.lib.StaticUserWebFilter$StaticUserFilter) to context static
2019-08-08 03:47:43,737 INFO  http.HttpServer2 (HttpServer2.java:addFilter(958)) - Added filter static_user_filter (class=org.apache.hadoop.http.lib.StaticUserWebFilter$StaticUserFilter) to context logs
2019-08-08 03:47:43,738 INFO  http.HttpServer2 (HttpServer2.java:bindListener(1191)) - Jetty bound to port 45090
2019-08-08 03:47:43,738 INFO  server.Server (Server.java:doStart(351)) - jetty-9.3.24.v20180605, build timestamp: 2018-06-05T17:11:56Z, git hash: 84205aa28f11a4f31f2a3b86d1bba2cc8ab69827
2019-08-08 03:47:43,740 INFO  handler.ContextHandler (ContextHandler.java:doStart(781)) - Started o.e.j.s.ServletContextHandler@7903d448{/logs,file:///workdir/hadoop-ozone/integration-test/target/log,AVAILABLE}
2019-08-08 03:47:43,740 INFO  handler.ContextHandler (ContextHandler.java:doStart(781)) - Started o.e.j.s.ServletContextHandler@42ea287{/static,jar:file:/home/user/.m2/repository/org/apache/hadoop/hadoop-hdds-container-service/0.4.1-SNAPSHOT/hadoop-hdds-container-service-0.4.1-SNAPSHOT.jar!/webapps/static,AVAILABLE}
2019-08-08 03:47:43,775 INFO  handler.ContextHandler (ContextHandler.java:doStart(781)) - Started o.e.j.w.WebAppContext@2b8bb184{/,file:///tmp/jetty-0.0.0.0-45090-hddsDatanode-_-any-5347401271573705112.dir/webapp/,AVAILABLE}{/hddsDatanode}
2019-08-08 03:47:43,777 INFO  server.AbstractConnector (AbstractConnector.java:doStart(278)) - Started ServerConnector@472a11ae{HTTP/1.1,[http/1.1]}{0.0.0.0:45090}
2019-08-08 03:47:43,781 INFO  server.Server (Server.java:doStart(419)) - Started @4699ms
2019-08-08 03:47:43,783 INFO  server.BaseHttpServer (BaseHttpServer.java:updateConnectorAddress(207)) - HTTP server of HDDSDATANODE is listening at http://0.0.0.0:45090
2019-08-08 03:47:44,873 INFO  ozone.HddsDatanodeService (HddsDatanodeService.java:startPlugins(395)) - Started plug-in org.apache.hadoop.ozone.web.OzoneHddsDatanodeService@359066bc
2019-08-08 03:47:44,875 INFO  impl.MetricsSystemImpl (MetricsSystemImpl.java:init(158)) - HddsDatanode metrics system started (again)
2019-08-08 03:47:44,878 INFO  ozone.HddsDatanodeService (HddsDatanodeService.java:start(184)) - HddsDatanodeService host:byscane-nightly-5b87q-1102612012 ip:192.168.5.133
2019-08-08 03:47:44,882 INFO  util.JvmPauseMonitor (JvmPauseMonitor.java:run(188)) - Starting JVM pause monitor
2019-08-08 03:47:44,892 INFO  volume.HddsVolume (HddsVolume.java:<init>(176)) - Creating Volume: /workdir/hadoop-ozone/integration-test/target/test-dir/MiniOzoneClusterImpl-bbbd5529-fb2f-4638-92cf-dc668c1c5c73/datanode-1/data/containers/hdds of  storage type : DISK and capacity : 52710309888
2019-08-08 03:47:44,892 INFO  volume.VolumeSet (VolumeSet.java:initializeVolumeSet(170)) - Added Volume : /workdir/hadoop-ozone/integration-test/target/test-dir/MiniOzoneClusterImpl-bbbd5529-fb2f-4638-92cf-dc668c1c5c73/datanode-1/data/containers/hdds to VolumeSet
2019-08-08 03:47:44,894 INFO  volume.ThrottledAsyncChecker (ThrottledAsyncChecker.java:schedule(140)) - Scheduling a check for org.apache.hadoop.ozone.container.common.volume.HddsVolume@902fdbe
2019-08-08 03:47:44,895 INFO  volume.HddsVolumeChecker (HddsVolumeChecker.java:checkAllVolumes(203)) - Scheduled health check for volume org.apache.hadoop.ozone.container.common.volume.HddsVolume@902fdbe
2019-08-08 03:47:44,923 INFO  impl.RaftServerProxy (ConfUtils.java:logGet(43)) - raft.rpc.type = GRPC (default)
2019-08-08 03:47:44,923 INFO  grpc.GrpcFactory (GrpcFactory.java:checkPooledByteBufAllocatorUseCacheForAllThreads(45)) - PERFORMANCE WARNING: useCacheForAllThreads is true that may cause Netty to create a lot garbage objects and, as a result, trigger GC.
	It is recommended to disable useCacheForAllThreads by setting -Dorg.apache.ratis.thirdparty.io.netty.allocator.useCacheForAllThreads=false in command line.
2019-08-08 03:47:44,924 INFO  grpc.GrpcConfigKeys$Server (ConfUtils.java:logGet(43)) - raft.grpc.server.port = 0 (default)
2019-08-08 03:47:44,925 INFO  server.GrpcService (ConfUtils.java:logGet(43)) - raft.grpc.message.size.max = 33570816 (custom)
2019-08-08 03:47:44,925 INFO  server.RaftServerConfigKeys (ConfUtils.java:logGet(43)) - raft.server.log.appender.buffer.byte-limit = 33554432 (custom)
2019-08-08 03:47:44,926 INFO  server.GrpcService (ConfUtils.java:logGet(43)) - raft.grpc.flow.control.window = 1MB (=1048576) (default)
2019-08-08 03:47:44,926 INFO  server.RaftServerConfigKeys (ConfUtils.java:logGet(43)) - raft.server.rpc.request.timeout = 3000ms (default)
2019-08-08 03:47:44,927 INFO  server.RaftServerConfigKeys (ConfUtils.java:logGet(43)) - raft.server.storage.dir = [/workdir/hadoop-ozone/integration-test/target/test-dir/MiniOzoneClusterImpl-bbbd5529-fb2f-4638-92cf-dc668c1c5c73/datanode-1/data/ratis] (custom)
2019-08-08 03:47:44,929 INFO  replication.SimpleContainerDownloader (SimpleContainerDownloader.java:<init>(72)) - Starting container downloader service to copy containers to replicate.
2019-08-08 03:47:44,931 INFO  hdfs.DFSUtil (DFSUtil.java:httpServerTemplateForNNAndJN(1641)) - Starting Web-server for hddsDatanode at: http://0.0.0.0:0
2019-08-08 03:47:44,933 INFO  server.AuthenticationFilter (AuthenticationFilter.java:constructSecretProvider(240)) - Unable to initialize FileSignerSecretProvider, falling back to use random secrets.
2019-08-08 03:47:44,934 WARN  http.HttpRequestLog (HttpRequestLog.java:getRequestLog(97)) - Jetty request log can only be enabled using Log4j
2019-08-08 03:47:44,936 INFO  http.HttpServer2 (HttpServer2.java:addGlobalFilter(975)) - Added global filter 'safety' (class=org.apache.hadoop.http.HttpServer2$QuotingInputFilter)
2019-08-08 03:47:44,936 INFO  http.HttpServer2 (HttpServer2.java:addFilter(948)) - Added filter static_user_filter (class=org.apache.hadoop.http.lib.StaticUserWebFilter$StaticUserFilter) to context hddsDatanode
2019-08-08 03:47:44,937 INFO  http.HttpServer2 (HttpServer2.java:addFilter(958)) - Added filter static_user_filter (class=org.apache.hadoop.http.lib.StaticUserWebFilter$StaticUserFilter) to context logs
2019-08-08 03:47:44,937 INFO  http.HttpServer2 (HttpServer2.java:addFilter(958)) - Added filter static_user_filter (class=org.apache.hadoop.http.lib.StaticUserWebFilter$StaticUserFilter) to context static
2019-08-08 03:47:44,938 INFO  http.HttpServer2 (HttpServer2.java:bindListener(1191)) - Jetty bound to port 36717
2019-08-08 03:47:44,938 INFO  server.Server (Server.java:doStart(351)) - jetty-9.3.24.v20180605, build timestamp: 2018-06-05T17:11:56Z, git hash: 84205aa28f11a4f31f2a3b86d1bba2cc8ab69827
2019-08-08 03:47:44,940 INFO  handler.ContextHandler (ContextHandler.java:doStart(781)) - Started o.e.j.s.ServletContextHandler@4bf80c29{/logs,file:///workdir/hadoop-ozone/integration-test/target/log,AVAILABLE}
2019-08-08 03:47:44,941 INFO  handler.ContextHandler (ContextHandler.java:doStart(781)) - Started o.e.j.s.ServletContextHandler@515b9d4a{/static,jar:file:/home/user/.m2/repository/org/apache/hadoop/hadoop-hdds-container-service/0.4.1-SNAPSHOT/hadoop-hdds-container-service-0.4.1-SNAPSHOT.jar!/webapps/static,AVAILABLE}
2019-08-08 03:47:44,968 INFO  handler.ContextHandler (ContextHandler.java:doStart(781)) - Started o.e.j.w.WebAppContext@1c628f6a{/,file:///tmp/jetty-0.0.0.0-36717-hddsDatanode-_-any-898854753722127357.dir/webapp/,AVAILABLE}{/hddsDatanode}
2019-08-08 03:47:44,969 INFO  server.AbstractConnector (AbstractConnector.java:doStart(278)) - Started ServerConnector@9b47400{HTTP/1.1,[http/1.1]}{0.0.0.0:36717}
2019-08-08 03:47:44,970 INFO  server.Server (Server.java:doStart(419)) - Started @5889ms
2019-08-08 03:47:44,971 INFO  server.BaseHttpServer (BaseHttpServer.java:updateConnectorAddress(207)) - HTTP server of HDDSDATANODE is listening at http://0.0.0.0:36717
2019-08-08 03:47:45,009 INFO  datanode.InitDatanodeState (InitDatanodeState.java:persistContainerDatanodeDetails(140)) - DatanodeDetails is persisted to /workdir/hadoop-ozone/integration-test/target/test-dir/MiniOzoneClusterImpl-bbbd5529-fb2f-4638-92cf-dc668c1c5c73/datanode-0/meta/datanode.id
2019-08-08 03:47:45,104 INFO  ozone.HddsDatanodeService (HddsDatanodeService.java:startPlugins(395)) - Started plug-in org.apache.hadoop.ozone.web.OzoneHddsDatanodeService@4f1fb828
2019-08-08 03:47:45,104 INFO  impl.MetricsSystemImpl (MetricsSystemImpl.java:init(158)) - HddsDatanode metrics system started (again)
2019-08-08 03:47:45,107 INFO  ozone.HddsDatanodeService (HddsDatanodeService.java:start(184)) - HddsDatanodeService host:byscane-nightly-5b87q-1102612012 ip:192.168.5.133
2019-08-08 03:47:45,107 INFO  util.JvmPauseMonitor (JvmPauseMonitor.java:run(188)) - Starting JVM pause monitor
2019-08-08 03:47:45,114 INFO  datanode.InitDatanodeState (InitDatanodeState.java:persistContainerDatanodeDetails(140)) - DatanodeDetails is persisted to /workdir/hadoop-ozone/integration-test/target/test-dir/MiniOzoneClusterImpl-bbbd5529-fb2f-4638-92cf-dc668c1c5c73/datanode-1/meta/datanode.id
2019-08-08 03:47:45,117 INFO  volume.HddsVolume (HddsVolume.java:<init>(176)) - Creating Volume: /workdir/hadoop-ozone/integration-test/target/test-dir/MiniOzoneClusterImpl-bbbd5529-fb2f-4638-92cf-dc668c1c5c73/datanode-2/data/containers/hdds of  storage type : DISK and capacity : 52710309888
2019-08-08 03:47:45,118 INFO  volume.VolumeSet (VolumeSet.java:initializeVolumeSet(170)) - Added Volume : /workdir/hadoop-ozone/integration-test/target/test-dir/MiniOzoneClusterImpl-bbbd5529-fb2f-4638-92cf-dc668c1c5c73/datanode-2/data/containers/hdds to VolumeSet
2019-08-08 03:47:45,118 INFO  volume.ThrottledAsyncChecker (ThrottledAsyncChecker.java:schedule(140)) - Scheduling a check for org.apache.hadoop.ozone.container.common.volume.HddsVolume@1f10fec6
2019-08-08 03:47:45,118 INFO  volume.HddsVolumeChecker (HddsVolumeChecker.java:checkAllVolumes(203)) - Scheduled health check for volume org.apache.hadoop.ozone.container.common.volume.HddsVolume@1f10fec6
2019-08-08 03:47:45,132 INFO  impl.RaftServerProxy (ConfUtils.java:logGet(43)) - raft.rpc.type = GRPC (default)
2019-08-08 03:47:45,132 INFO  grpc.GrpcFactory (GrpcFactory.java:checkPooledByteBufAllocatorUseCacheForAllThreads(45)) - PERFORMANCE WARNING: useCacheForAllThreads is true that may cause Netty to create a lot garbage objects and, as a result, trigger GC.
	It is recommended to disable useCacheForAllThreads by setting -Dorg.apache.ratis.thirdparty.io.netty.allocator.useCacheForAllThreads=false in command line.
2019-08-08 03:47:45,132 INFO  grpc.GrpcConfigKeys$Server (ConfUtils.java:logGet(43)) - raft.grpc.server.port = 0 (default)
2019-08-08 03:47:45,132 INFO  server.GrpcService (ConfUtils.java:logGet(43)) - raft.grpc.message.size.max = 33570816 (custom)
2019-08-08 03:47:45,133 INFO  server.RaftServerConfigKeys (ConfUtils.java:logGet(43)) - raft.server.log.appender.buffer.byte-limit = 33554432 (custom)
2019-08-08 03:47:45,133 INFO  server.GrpcService (ConfUtils.java:logGet(43)) - raft.grpc.flow.control.window = 1MB (=1048576) (default)
2019-08-08 03:47:45,133 INFO  server.RaftServerConfigKeys (ConfUtils.java:logGet(43)) - raft.server.rpc.request.timeout = 3000ms (default)
2019-08-08 03:47:45,133 INFO  server.RaftServerConfigKeys (ConfUtils.java:logGet(43)) - raft.server.storage.dir = [/workdir/hadoop-ozone/integration-test/target/test-dir/MiniOzoneClusterImpl-bbbd5529-fb2f-4638-92cf-dc668c1c5c73/datanode-2/data/ratis] (custom)
2019-08-08 03:47:45,134 INFO  replication.SimpleContainerDownloader (SimpleContainerDownloader.java:<init>(72)) - Starting container downloader service to copy containers to replicate.
2019-08-08 03:47:45,135 INFO  hdfs.DFSUtil (DFSUtil.java:httpServerTemplateForNNAndJN(1641)) - Starting Web-server for hddsDatanode at: http://0.0.0.0:0
2019-08-08 03:47:45,136 INFO  server.AuthenticationFilter (AuthenticationFilter.java:constructSecretProvider(240)) - Unable to initialize FileSignerSecretProvider, falling back to use random secrets.
2019-08-08 03:47:45,137 WARN  http.HttpRequestLog (HttpRequestLog.java:getRequestLog(97)) - Jetty request log can only be enabled using Log4j
2019-08-08 03:47:45,138 INFO  http.HttpServer2 (HttpServer2.java:addGlobalFilter(975)) - Added global filter 'safety' (class=org.apache.hadoop.http.HttpServer2$QuotingInputFilter)
2019-08-08 03:47:45,139 INFO  http.HttpServer2 (HttpServer2.java:addFilter(948)) - Added filter static_user_filter (class=org.apache.hadoop.http.lib.StaticUserWebFilter$StaticUserFilter) to context hddsDatanode
2019-08-08 03:47:45,139 INFO  http.HttpServer2 (HttpServer2.java:addFilter(958)) - Added filter static_user_filter (class=org.apache.hadoop.http.lib.StaticUserWebFilter$StaticUserFilter) to context logs
2019-08-08 03:47:45,139 INFO  http.HttpServer2 (HttpServer2.java:addFilter(958)) - Added filter static_user_filter (class=org.apache.hadoop.http.lib.StaticUserWebFilter$StaticUserFilter) to context static
2019-08-08 03:47:45,140 INFO  http.HttpServer2 (HttpServer2.java:bindListener(1191)) - Jetty bound to port 43458
2019-08-08 03:47:45,140 INFO  server.Server (Server.java:doStart(351)) - jetty-9.3.24.v20180605, build timestamp: 2018-06-05T17:11:56Z, git hash: 84205aa28f11a4f31f2a3b86d1bba2cc8ab69827
2019-08-08 03:47:45,143 INFO  handler.ContextHandler (ContextHandler.java:doStart(781)) - Started o.e.j.s.ServletContextHandler@7cfb0c4c{/logs,file:///workdir/hadoop-ozone/integration-test/target/log,AVAILABLE}
2019-08-08 03:47:45,144 INFO  handler.ContextHandler (ContextHandler.java:doStart(781)) - Started o.e.j.s.ServletContextHandler@6b63abdc{/static,jar:file:/home/user/.m2/repository/org/apache/hadoop/hadoop-hdds-container-service/0.4.1-SNAPSHOT/hadoop-hdds-container-service-0.4.1-SNAPSHOT.jar!/webapps/static,AVAILABLE}
2019-08-08 03:47:45,167 INFO  handler.ContextHandler (ContextHandler.java:doStart(781)) - Started o.e.j.w.WebAppContext@35787726{/,file:///tmp/jetty-0.0.0.0-43458-hddsDatanode-_-any-2202327898796813645.dir/webapp/,AVAILABLE}{/hddsDatanode}
2019-08-08 03:47:45,167 INFO  server.AbstractConnector (AbstractConnector.java:doStart(278)) - Started ServerConnector@2199e845{HTTP/1.1,[http/1.1]}{0.0.0.0:43458}
2019-08-08 03:47:45,168 INFO  server.Server (Server.java:doStart(419)) - Started @6086ms
2019-08-08 03:47:45,169 INFO  server.BaseHttpServer (BaseHttpServer.java:updateConnectorAddress(207)) - HTTP server of HDDSDATANODE is listening at http://0.0.0.0:43458
2019-08-08 03:47:45,293 INFO  ozone.HddsDatanodeService (HddsDatanodeService.java:startPlugins(395)) - Started plug-in org.apache.hadoop.ozone.web.OzoneHddsDatanodeService@6a98f353
2019-08-08 03:47:45,294 INFO  impl.MetricsSystemImpl (MetricsSystemImpl.java:init(158)) - HddsDatanode metrics system started (again)
2019-08-08 03:47:45,297 INFO  ozone.HddsDatanodeService (HddsDatanodeService.java:start(184)) - HddsDatanodeService host:byscane-nightly-5b87q-1102612012 ip:192.168.5.133
2019-08-08 03:47:45,298 INFO  util.JvmPauseMonitor (JvmPauseMonitor.java:run(188)) - Starting JVM pause monitor
2019-08-08 03:47:45,301 INFO  datanode.InitDatanodeState (InitDatanodeState.java:persistContainerDatanodeDetails(140)) - DatanodeDetails is persisted to /workdir/hadoop-ozone/integration-test/target/test-dir/MiniOzoneClusterImpl-bbbd5529-fb2f-4638-92cf-dc668c1c5c73/datanode-2/meta/datanode.id
2019-08-08 03:47:45,306 INFO  volume.HddsVolume (HddsVolume.java:<init>(176)) - Creating Volume: /workdir/hadoop-ozone/integration-test/target/test-dir/MiniOzoneClusterImpl-bbbd5529-fb2f-4638-92cf-dc668c1c5c73/datanode-3/data/containers/hdds of  storage type : DISK and capacity : 52710309888
2019-08-08 03:47:45,307 INFO  volume.VolumeSet (VolumeSet.java:initializeVolumeSet(170)) - Added Volume : /workdir/hadoop-ozone/integration-test/target/test-dir/MiniOzoneClusterImpl-bbbd5529-fb2f-4638-92cf-dc668c1c5c73/datanode-3/data/containers/hdds to VolumeSet
2019-08-08 03:47:45,307 INFO  volume.ThrottledAsyncChecker (ThrottledAsyncChecker.java:schedule(140)) - Scheduling a check for org.apache.hadoop.ozone.container.common.volume.HddsVolume@3554bdc0
2019-08-08 03:47:45,307 INFO  volume.HddsVolumeChecker (HddsVolumeChecker.java:checkAllVolumes(203)) - Scheduled health check for volume org.apache.hadoop.ozone.container.common.volume.HddsVolume@3554bdc0
2019-08-08 03:47:45,321 INFO  impl.RaftServerProxy (ConfUtils.java:logGet(43)) - raft.rpc.type = GRPC (default)
2019-08-08 03:47:45,321 INFO  grpc.GrpcFactory (GrpcFactory.java:checkPooledByteBufAllocatorUseCacheForAllThreads(45)) - PERFORMANCE WARNING: useCacheForAllThreads is true that may cause Netty to create a lot garbage objects and, as a result, trigger GC.
	It is recommended to disable useCacheForAllThreads by setting -Dorg.apache.ratis.thirdparty.io.netty.allocator.useCacheForAllThreads=false in command line.
2019-08-08 03:47:45,321 INFO  grpc.GrpcConfigKeys$Server (ConfUtils.java:logGet(43)) - raft.grpc.server.port = 0 (default)
2019-08-08 03:47:45,322 INFO  server.GrpcService (ConfUtils.java:logGet(43)) - raft.grpc.message.size.max = 33570816 (custom)
2019-08-08 03:47:45,322 INFO  server.RaftServerConfigKeys (ConfUtils.java:logGet(43)) - raft.server.log.appender.buffer.byte-limit = 33554432 (custom)
2019-08-08 03:47:45,322 INFO  server.GrpcService (ConfUtils.java:logGet(43)) - raft.grpc.flow.control.window = 1MB (=1048576) (default)
2019-08-08 03:47:45,322 INFO  server.RaftServerConfigKeys (ConfUtils.java:logGet(43)) - raft.server.rpc.request.timeout = 3000ms (default)
2019-08-08 03:47:45,323 INFO  server.RaftServerConfigKeys (ConfUtils.java:logGet(43)) - raft.server.storage.dir = [/workdir/hadoop-ozone/integration-test/target/test-dir/MiniOzoneClusterImpl-bbbd5529-fb2f-4638-92cf-dc668c1c5c73/datanode-3/data/ratis] (custom)
2019-08-08 03:47:45,323 INFO  replication.SimpleContainerDownloader (SimpleContainerDownloader.java:<init>(72)) - Starting container downloader service to copy containers to replicate.
2019-08-08 03:47:45,324 INFO  hdfs.DFSUtil (DFSUtil.java:httpServerTemplateForNNAndJN(1641)) - Starting Web-server for hddsDatanode at: http://0.0.0.0:0
2019-08-08 03:47:45,326 INFO  server.AuthenticationFilter (AuthenticationFilter.java:constructSecretProvider(240)) - Unable to initialize FileSignerSecretProvider, falling back to use random secrets.
2019-08-08 03:47:45,326 WARN  http.HttpRequestLog (HttpRequestLog.java:getRequestLog(97)) - Jetty request log can only be enabled using Log4j
2019-08-08 03:47:45,327 INFO  http.HttpServer2 (HttpServer2.java:addGlobalFilter(975)) - Added global filter 'safety' (class=org.apache.hadoop.http.HttpServer2$QuotingInputFilter)
2019-08-08 03:47:45,328 INFO  http.HttpServer2 (HttpServer2.java:addFilter(948)) - Added filter static_user_filter (class=org.apache.hadoop.http.lib.StaticUserWebFilter$StaticUserFilter) to context hddsDatanode
2019-08-08 03:47:45,328 INFO  http.HttpServer2 (HttpServer2.java:addFilter(958)) - Added filter static_user_filter (class=org.apache.hadoop.http.lib.StaticUserWebFilter$StaticUserFilter) to context static
2019-08-08 03:47:45,328 INFO  http.HttpServer2 (HttpServer2.java:addFilter(958)) - Added filter static_user_filter (class=org.apache.hadoop.http.lib.StaticUserWebFilter$StaticUserFilter) to context logs
2019-08-08 03:47:45,329 INFO  http.HttpServer2 (HttpServer2.java:bindListener(1191)) - Jetty bound to port 41937
2019-08-08 03:47:45,329 INFO  server.Server (Server.java:doStart(351)) - jetty-9.3.24.v20180605, build timestamp: 2018-06-05T17:11:56Z, git hash: 84205aa28f11a4f31f2a3b86d1bba2cc8ab69827
2019-08-08 03:47:45,331 INFO  handler.ContextHandler (ContextHandler.java:doStart(781)) - Started o.e.j.s.ServletContextHandler@4ed18798{/logs,file:///workdir/hadoop-ozone/integration-test/target/log,AVAILABLE}
2019-08-08 03:47:45,332 INFO  handler.ContextHandler (ContextHandler.java:doStart(781)) - Started o.e.j.s.ServletContextHandler@5b29ab61{/static,jar:file:/home/user/.m2/repository/org/apache/hadoop/hadoop-hdds-container-service/0.4.1-SNAPSHOT/hadoop-hdds-container-service-0.4.1-SNAPSHOT.jar!/webapps/static,AVAILABLE}
2019-08-08 03:47:45,355 INFO  handler.ContextHandler (ContextHandler.java:doStart(781)) - Started o.e.j.w.WebAppContext@3b4086c1{/,file:///tmp/jetty-0.0.0.0-41937-hddsDatanode-_-any-91211966262137418.dir/webapp/,AVAILABLE}{/hddsDatanode}
2019-08-08 03:47:45,355 INFO  server.AbstractConnector (AbstractConnector.java:doStart(278)) - Started ServerConnector@58aa1d72{HTTP/1.1,[http/1.1]}{0.0.0.0:41937}
2019-08-08 03:47:45,356 INFO  server.Server (Server.java:doStart(419)) - Started @6275ms
2019-08-08 03:47:45,358 INFO  server.BaseHttpServer (BaseHttpServer.java:updateConnectorAddress(207)) - HTTP server of HDDSDATANODE is listening at http://0.0.0.0:41937
2019-08-08 03:47:45,483 INFO  ozone.HddsDatanodeService (HddsDatanodeService.java:startPlugins(395)) - Started plug-in org.apache.hadoop.ozone.web.OzoneHddsDatanodeService@50ec4bfc
2019-08-08 03:47:45,483 INFO  impl.MetricsSystemImpl (MetricsSystemImpl.java:init(158)) - HddsDatanode metrics system started (again)
2019-08-08 03:47:45,487 INFO  ozone.HddsDatanodeService (HddsDatanodeService.java:start(184)) - HddsDatanodeService host:byscane-nightly-5b87q-1102612012 ip:192.168.5.133
2019-08-08 03:47:45,487 INFO  util.JvmPauseMonitor (JvmPauseMonitor.java:run(188)) - Starting JVM pause monitor
2019-08-08 03:47:45,490 INFO  datanode.InitDatanodeState (InitDatanodeState.java:persistContainerDatanodeDetails(140)) - DatanodeDetails is persisted to /workdir/hadoop-ozone/integration-test/target/test-dir/MiniOzoneClusterImpl-bbbd5529-fb2f-4638-92cf-dc668c1c5c73/datanode-3/meta/datanode.id
2019-08-08 03:47:45,497 INFO  volume.HddsVolume (HddsVolume.java:<init>(176)) - Creating Volume: /workdir/hadoop-ozone/integration-test/target/test-dir/MiniOzoneClusterImpl-bbbd5529-fb2f-4638-92cf-dc668c1c5c73/datanode-4/data/containers/hdds of  storage type : DISK and capacity : 52710309888
2019-08-08 03:47:45,497 INFO  volume.VolumeSet (VolumeSet.java:initializeVolumeSet(170)) - Added Volume : /workdir/hadoop-ozone/integration-test/target/test-dir/MiniOzoneClusterImpl-bbbd5529-fb2f-4638-92cf-dc668c1c5c73/datanode-4/data/containers/hdds to VolumeSet
2019-08-08 03:47:45,497 INFO  volume.ThrottledAsyncChecker (ThrottledAsyncChecker.java:schedule(140)) - Scheduling a check for org.apache.hadoop.ozone.container.common.volume.HddsVolume@71936a92
2019-08-08 03:47:45,498 INFO  volume.HddsVolumeChecker (HddsVolumeChecker.java:checkAllVolumes(203)) - Scheduled health check for volume org.apache.hadoop.ozone.container.common.volume.HddsVolume@71936a92
2019-08-08 03:47:45,512 INFO  impl.RaftServerProxy (ConfUtils.java:logGet(43)) - raft.rpc.type = GRPC (default)
2019-08-08 03:47:45,512 INFO  grpc.GrpcFactory (GrpcFactory.java:checkPooledByteBufAllocatorUseCacheForAllThreads(45)) - PERFORMANCE WARNING: useCacheForAllThreads is true that may cause Netty to create a lot garbage objects and, as a result, trigger GC.
	It is recommended to disable useCacheForAllThreads by setting -Dorg.apache.ratis.thirdparty.io.netty.allocator.useCacheForAllThreads=false in command line.
2019-08-08 03:47:45,512 INFO  grpc.GrpcConfigKeys$Server (ConfUtils.java:logGet(43)) - raft.grpc.server.port = 0 (default)
2019-08-08 03:47:45,512 INFO  server.GrpcService (ConfUtils.java:logGet(43)) - raft.grpc.message.size.max = 33570816 (custom)
2019-08-08 03:47:45,512 INFO  server.RaftServerConfigKeys (ConfUtils.java:logGet(43)) - raft.server.log.appender.buffer.byte-limit = 33554432 (custom)
2019-08-08 03:47:45,513 INFO  server.GrpcService (ConfUtils.java:logGet(43)) - raft.grpc.flow.control.window = 1MB (=1048576) (default)
2019-08-08 03:47:45,513 INFO  server.RaftServerConfigKeys (ConfUtils.java:logGet(43)) - raft.server.rpc.request.timeout = 3000ms (default)
2019-08-08 03:47:45,513 INFO  server.RaftServerConfigKeys (ConfUtils.java:logGet(43)) - raft.server.storage.dir = [/workdir/hadoop-ozone/integration-test/target/test-dir/MiniOzoneClusterImpl-bbbd5529-fb2f-4638-92cf-dc668c1c5c73/datanode-4/data/ratis] (custom)
2019-08-08 03:47:45,514 INFO  replication.SimpleContainerDownloader (SimpleContainerDownloader.java:<init>(72)) - Starting container downloader service to copy containers to replicate.
2019-08-08 03:47:45,515 INFO  hdfs.DFSUtil (DFSUtil.java:httpServerTemplateForNNAndJN(1641)) - Starting Web-server for hddsDatanode at: http://0.0.0.0:0
2019-08-08 03:47:45,516 INFO  server.AuthenticationFilter (AuthenticationFilter.java:constructSecretProvider(240)) - Unable to initialize FileSignerSecretProvider, falling back to use random secrets.
2019-08-08 03:47:45,516 WARN  http.HttpRequestLog (HttpRequestLog.java:getRequestLog(97)) - Jetty request log can only be enabled using Log4j
2019-08-08 03:47:45,518 INFO  http.HttpServer2 (HttpServer2.java:addGlobalFilter(975)) - Added global filter 'safety' (class=org.apache.hadoop.http.HttpServer2$QuotingInputFilter)
2019-08-08 03:47:45,518 INFO  http.HttpServer2 (HttpServer2.java:addFilter(948)) - Added filter static_user_filter (class=org.apache.hadoop.http.lib.StaticUserWebFilter$StaticUserFilter) to context hddsDatanode
2019-08-08 03:47:45,519 INFO  http.HttpServer2 (HttpServer2.java:addFilter(958)) - Added filter static_user_filter (class=org.apache.hadoop.http.lib.StaticUserWebFilter$StaticUserFilter) to context logs
2019-08-08 03:47:45,519 INFO  http.HttpServer2 (HttpServer2.java:addFilter(958)) - Added filter static_user_filter (class=org.apache.hadoop.http.lib.StaticUserWebFilter$StaticUserFilter) to context static
2019-08-08 03:47:45,522 INFO  http.HttpServer2 (HttpServer2.java:bindListener(1191)) - Jetty bound to port 35300
2019-08-08 03:47:45,522 INFO  server.Server (Server.java:doStart(351)) - jetty-9.3.24.v20180605, build timestamp: 2018-06-05T17:11:56Z, git hash: 84205aa28f11a4f31f2a3b86d1bba2cc8ab69827
2019-08-08 03:47:45,526 INFO  handler.ContextHandler (ContextHandler.java:doStart(781)) - Started o.e.j.s.ServletContextHandler@51e7589f{/logs,file:///workdir/hadoop-ozone/integration-test/target/log,AVAILABLE}
2019-08-08 03:47:45,527 INFO  handler.ContextHandler (ContextHandler.java:doStart(781)) - Started o.e.j.s.ServletContextHandler@42c12b3e{/static,jar:file:/home/user/.m2/repository/org/apache/hadoop/hadoop-hdds-container-service/0.4.1-SNAPSHOT/hadoop-hdds-container-service-0.4.1-SNAPSHOT.jar!/webapps/static,AVAILABLE}
2019-08-08 03:47:45,551 INFO  handler.ContextHandler (ContextHandler.java:doStart(781)) - Started o.e.j.w.WebAppContext@3caee3a8{/,file:///tmp/jetty-0.0.0.0-35300-hddsDatanode-_-any-3037762204958997933.dir/webapp/,AVAILABLE}{/hddsDatanode}
2019-08-08 03:47:45,551 INFO  server.AbstractConnector (AbstractConnector.java:doStart(278)) - Started ServerConnector@69a40b3c{HTTP/1.1,[http/1.1]}{0.0.0.0:35300}
2019-08-08 03:47:45,552 INFO  server.Server (Server.java:doStart(419)) - Started @6470ms
2019-08-08 03:47:45,553 INFO  server.BaseHttpServer (BaseHttpServer.java:updateConnectorAddress(207)) - HTTP server of HDDSDATANODE is listening at http://0.0.0.0:35300
2019-08-08 03:47:45,712 INFO  ozone.HddsDatanodeService (HddsDatanodeService.java:startPlugins(395)) - Started plug-in org.apache.hadoop.ozone.web.OzoneHddsDatanodeService@2c9fdb64
2019-08-08 03:47:45,713 INFO  impl.MetricsSystemImpl (MetricsSystemImpl.java:init(158)) - HddsDatanode metrics system started (again)
2019-08-08 03:47:45,717 INFO  ozone.HddsDatanodeService (HddsDatanodeService.java:start(184)) - HddsDatanodeService host:byscane-nightly-5b87q-1102612012 ip:192.168.5.133
2019-08-08 03:47:45,718 INFO  util.JvmPauseMonitor (JvmPauseMonitor.java:run(188)) - Starting JVM pause monitor
2019-08-08 03:47:45,721 INFO  datanode.InitDatanodeState (InitDatanodeState.java:persistContainerDatanodeDetails(140)) - DatanodeDetails is persisted to /workdir/hadoop-ozone/integration-test/target/test-dir/MiniOzoneClusterImpl-bbbd5529-fb2f-4638-92cf-dc668c1c5c73/datanode-4/meta/datanode.id
2019-08-08 03:47:45,726 INFO  volume.HddsVolume (HddsVolume.java:<init>(176)) - Creating Volume: /workdir/hadoop-ozone/integration-test/target/test-dir/MiniOzoneClusterImpl-bbbd5529-fb2f-4638-92cf-dc668c1c5c73/datanode-5/data/containers/hdds of  storage type : DISK and capacity : 52710309888
2019-08-08 03:47:45,726 INFO  volume.VolumeSet (VolumeSet.java:initializeVolumeSet(170)) - Added Volume : /workdir/hadoop-ozone/integration-test/target/test-dir/MiniOzoneClusterImpl-bbbd5529-fb2f-4638-92cf-dc668c1c5c73/datanode-5/data/containers/hdds to VolumeSet
2019-08-08 03:47:45,726 INFO  volume.ThrottledAsyncChecker (ThrottledAsyncChecker.java:schedule(140)) - Scheduling a check for org.apache.hadoop.ozone.container.common.volume.HddsVolume@79ca7bea
2019-08-08 03:47:45,727 INFO  volume.HddsVolumeChecker (HddsVolumeChecker.java:checkAllVolumes(203)) - Scheduled health check for volume org.apache.hadoop.ozone.container.common.volume.HddsVolume@79ca7bea
2019-08-08 03:47:45,740 INFO  impl.RaftServerProxy (ConfUtils.java:logGet(43)) - raft.rpc.type = GRPC (default)
2019-08-08 03:47:45,740 INFO  grpc.GrpcFactory (GrpcFactory.java:checkPooledByteBufAllocatorUseCacheForAllThreads(45)) - PERFORMANCE WARNING: useCacheForAllThreads is true that may cause Netty to create a lot garbage objects and, as a result, trigger GC.
	It is recommended to disable useCacheForAllThreads by setting -Dorg.apache.ratis.thirdparty.io.netty.allocator.useCacheForAllThreads=false in command line.
2019-08-08 03:47:45,741 INFO  grpc.GrpcConfigKeys$Server (ConfUtils.java:logGet(43)) - raft.grpc.server.port = 0 (default)
2019-08-08 03:47:45,741 INFO  server.GrpcService (ConfUtils.java:logGet(43)) - raft.grpc.message.size.max = 33570816 (custom)
2019-08-08 03:47:45,741 INFO  server.RaftServerConfigKeys (ConfUtils.java:logGet(43)) - raft.server.log.appender.buffer.byte-limit = 33554432 (custom)
2019-08-08 03:47:45,741 INFO  server.GrpcService (ConfUtils.java:logGet(43)) - raft.grpc.flow.control.window = 1MB (=1048576) (default)
2019-08-08 03:47:45,741 INFO  server.RaftServerConfigKeys (ConfUtils.java:logGet(43)) - raft.server.rpc.request.timeout = 3000ms (default)
2019-08-08 03:47:45,742 INFO  server.RaftServerConfigKeys (ConfUtils.java:logGet(43)) - raft.server.storage.dir = [/workdir/hadoop-ozone/integration-test/target/test-dir/MiniOzoneClusterImpl-bbbd5529-fb2f-4638-92cf-dc668c1c5c73/datanode-5/data/ratis] (custom)
2019-08-08 03:47:45,743 INFO  replication.SimpleContainerDownloader (SimpleContainerDownloader.java:<init>(72)) - Starting container downloader service to copy containers to replicate.
2019-08-08 03:47:45,744 INFO  hdfs.DFSUtil (DFSUtil.java:httpServerTemplateForNNAndJN(1641)) - Starting Web-server for hddsDatanode at: http://0.0.0.0:0
2019-08-08 03:47:45,745 INFO  server.AuthenticationFilter (AuthenticationFilter.java:constructSecretProvider(240)) - Unable to initialize FileSignerSecretProvider, falling back to use random secrets.
2019-08-08 03:47:45,745 WARN  http.HttpRequestLog (HttpRequestLog.java:getRequestLog(97)) - Jetty request log can only be enabled using Log4j
2019-08-08 03:47:45,747 INFO  http.HttpServer2 (HttpServer2.java:addGlobalFilter(975)) - Added global filter 'safety' (class=org.apache.hadoop.http.HttpServer2$QuotingInputFilter)
2019-08-08 03:47:45,747 INFO  http.HttpServer2 (HttpServer2.java:addFilter(948)) - Added filter static_user_filter (class=org.apache.hadoop.http.lib.StaticUserWebFilter$StaticUserFilter) to context hddsDatanode
2019-08-08 03:47:45,747 INFO  http.HttpServer2 (HttpServer2.java:addFilter(958)) - Added filter static_user_filter (class=org.apache.hadoop.http.lib.StaticUserWebFilter$StaticUserFilter) to context static
2019-08-08 03:47:45,748 INFO  http.HttpServer2 (HttpServer2.java:addFilter(958)) - Added filter static_user_filter (class=org.apache.hadoop.http.lib.StaticUserWebFilter$StaticUserFilter) to context logs
2019-08-08 03:47:45,748 INFO  http.HttpServer2 (HttpServer2.java:bindListener(1191)) - Jetty bound to port 39905
2019-08-08 03:47:45,749 INFO  server.Server (Server.java:doStart(351)) - jetty-9.3.24.v20180605, build timestamp: 2018-06-05T17:11:56Z, git hash: 84205aa28f11a4f31f2a3b86d1bba2cc8ab69827
2019-08-08 03:47:45,751 INFO  handler.ContextHandler (ContextHandler.java:doStart(781)) - Started o.e.j.s.ServletContextHandler@6c2a95d5{/logs,file:///workdir/hadoop-ozone/integration-test/target/log,AVAILABLE}
2019-08-08 03:47:45,752 INFO  handler.ContextHandler (ContextHandler.java:doStart(781)) - Started o.e.j.s.ServletContextHandler@3f048c86{/static,jar:file:/home/user/.m2/repository/org/apache/hadoop/hadoop-hdds-container-service/0.4.1-SNAPSHOT/hadoop-hdds-container-service-0.4.1-SNAPSHOT.jar!/webapps/static,AVAILABLE}
2019-08-08 03:47:45,775 INFO  handler.ContextHandler (ContextHandler.java:doStart(781)) - Started o.e.j.w.WebAppContext@4b4969ea{/,file:///tmp/jetty-0.0.0.0-39905-hddsDatanode-_-any-451480036770796551.dir/webapp/,AVAILABLE}{/hddsDatanode}
2019-08-08 03:47:45,775 INFO  server.AbstractConnector (AbstractConnector.java:doStart(278)) - Started ServerConnector@11c581a0{HTTP/1.1,[http/1.1]}{0.0.0.0:39905}
2019-08-08 03:47:45,776 INFO  server.Server (Server.java:doStart(419)) - Started @6695ms
2019-08-08 03:47:45,777 INFO  server.BaseHttpServer (BaseHttpServer.java:updateConnectorAddress(207)) - HTTP server of HDDSDATANODE is listening at http://0.0.0.0:39905
2019-08-08 03:47:45,892 INFO  ozone.HddsDatanodeService (HddsDatanodeService.java:startPlugins(395)) - Started plug-in org.apache.hadoop.ozone.web.OzoneHddsDatanodeService@44fd7ba4
2019-08-08 03:47:45,895 INFO  ozone.MiniOzoneClusterImpl (MiniOzoneClusterImpl.java:lambda$waitForClusterToBeReady$0(142)) - Waiting for cluster to be ready. Got 0 of 6 DN Heartbeats.
2019-08-08 03:47:45,896 INFO  util.JvmPauseMonitor (JvmPauseMonitor.java:run(188)) - Starting JVM pause monitor
2019-08-08 03:47:45,899 INFO  datanode.InitDatanodeState (InitDatanodeState.java:persistContainerDatanodeDetails(140)) - DatanodeDetails is persisted to /workdir/hadoop-ozone/integration-test/target/test-dir/MiniOzoneClusterImpl-bbbd5529-fb2f-4638-92cf-dc668c1c5c73/datanode-5/meta/datanode.id
2019-08-08 03:47:46,895 INFO  ozone.MiniOzoneClusterImpl (MiniOzoneClusterImpl.java:lambda$waitForClusterToBeReady$0(142)) - Waiting for cluster to be ready. Got 0 of 6 DN Heartbeats.
2019-08-08 03:47:46,946 INFO  ozoneimpl.OzoneContainer (OzoneContainer.java:start(186)) - Attempting to start container services.
2019-08-08 03:47:46,948 INFO  ozoneimpl.OzoneContainer (OzoneContainer.java:startContainerScrub(160)) - Background container scrubber has been disabled by hdds.containerscrub.enabled
2019-08-08 03:47:46,948 INFO  ratis.XceiverServerRatis (XceiverServerRatis.java:start(404)) - Starting XceiverServerRatis 45ff45e8-57f8-49dd-a9c3-9fe318182704 at port 0
2019-08-08 03:47:47,077 INFO  impl.RaftServerProxy (RaftServerProxy.java:lambda$start$3(299)) - 45ff45e8-57f8-49dd-a9c3-9fe318182704: start RPC server
2019-08-08 03:47:47,125 INFO  ozoneimpl.OzoneContainer (OzoneContainer.java:start(186)) - Attempting to start container services.
2019-08-08 03:47:47,128 INFO  ozoneimpl.OzoneContainer (OzoneContainer.java:startContainerScrub(160)) - Background container scrubber has been disabled by hdds.containerscrub.enabled
2019-08-08 03:47:47,128 INFO  ratis.XceiverServerRatis (XceiverServerRatis.java:start(404)) - Starting XceiverServerRatis 67b8c38d-1c0c-410b-ad58-e04c3ee1fc44 at port 0
2019-08-08 03:47:47,140 INFO  impl.RaftServerProxy (RaftServerProxy.java:lambda$start$3(299)) - 67b8c38d-1c0c-410b-ad58-e04c3ee1fc44: start RPC server
2019-08-08 03:47:47,219 INFO  server.GrpcService (GrpcService.java:startImpl(149)) - 45ff45e8-57f8-49dd-a9c3-9fe318182704: GrpcService started, listening on 0.0.0.0/0.0.0.0:45139
2019-08-08 03:47:47,219 INFO  server.GrpcService (GrpcService.java:startImpl(149)) - 67b8c38d-1c0c-410b-ad58-e04c3ee1fc44: GrpcService started, listening on 0.0.0.0/0.0.0.0:46655
2019-08-08 03:47:47,220 INFO  ratis.XceiverServerRatis (XceiverServerRatis.java:start(414)) - XceiverServerRatis 45ff45e8-57f8-49dd-a9c3-9fe318182704 is started using port 45139
2019-08-08 03:47:47,220 INFO  ratis.XceiverServerRatis (XceiverServerRatis.java:start(414)) - XceiverServerRatis 67b8c38d-1c0c-410b-ad58-e04c3ee1fc44 is started using port 46655
2019-08-08 03:47:47,224 INFO  server.XceiverServerGrpc (XceiverServerGrpc.java:start(161)) - XceiverServerGrpc 67b8c38d-1c0c-410b-ad58-e04c3ee1fc44 is started using port 46191
2019-08-08 03:47:47,224 INFO  server.XceiverServerGrpc (XceiverServerGrpc.java:start(161)) - XceiverServerGrpc 45ff45e8-57f8-49dd-a9c3-9fe318182704 is started using port 43472
2019-08-08 03:47:47,305 INFO  ozoneimpl.OzoneContainer (OzoneContainer.java:start(186)) - Attempting to start container services.
2019-08-08 03:47:47,307 INFO  ozoneimpl.OzoneContainer (OzoneContainer.java:startContainerScrub(160)) - Background container scrubber has been disabled by hdds.containerscrub.enabled
2019-08-08 03:47:47,307 INFO  ratis.XceiverServerRatis (XceiverServerRatis.java:start(404)) - Starting XceiverServerRatis 8743a806-3fdf-4e39-ac49-5ad3198a3616 at port 0
2019-08-08 03:47:47,317 INFO  impl.RaftServerProxy (RaftServerProxy.java:lambda$start$3(299)) - 8743a806-3fdf-4e39-ac49-5ad3198a3616: start RPC server
2019-08-08 03:47:47,320 INFO  server.GrpcService (GrpcService.java:startImpl(149)) - 8743a806-3fdf-4e39-ac49-5ad3198a3616: GrpcService started, listening on 0.0.0.0/0.0.0.0:36685
2019-08-08 03:47:47,321 INFO  ratis.XceiverServerRatis (XceiverServerRatis.java:start(414)) - XceiverServerRatis 8743a806-3fdf-4e39-ac49-5ad3198a3616 is started using port 36685
2019-08-08 03:47:47,323 INFO  server.XceiverServerGrpc (XceiverServerGrpc.java:start(161)) - XceiverServerGrpc 8743a806-3fdf-4e39-ac49-5ad3198a3616 is started using port 38729
2019-08-08 03:47:47,502 INFO  ozoneimpl.OzoneContainer (OzoneContainer.java:start(186)) - Attempting to start container services.
2019-08-08 03:47:47,505 INFO  ozoneimpl.OzoneContainer (OzoneContainer.java:startContainerScrub(160)) - Background container scrubber has been disabled by hdds.containerscrub.enabled
2019-08-08 03:47:47,505 INFO  ratis.XceiverServerRatis (XceiverServerRatis.java:start(404)) - Starting XceiverServerRatis 209f9e72-f8f5-4204-b108-d69371c1f8f4 at port 0
2019-08-08 03:47:47,513 INFO  impl.RaftServerProxy (RaftServerProxy.java:lambda$start$3(299)) - 209f9e72-f8f5-4204-b108-d69371c1f8f4: start RPC server
2019-08-08 03:47:47,517 INFO  server.GrpcService (GrpcService.java:startImpl(149)) - 209f9e72-f8f5-4204-b108-d69371c1f8f4: GrpcService started, listening on 0.0.0.0/0.0.0.0:34890
2019-08-08 03:47:47,517 INFO  ratis.XceiverServerRatis (XceiverServerRatis.java:start(414)) - XceiverServerRatis 209f9e72-f8f5-4204-b108-d69371c1f8f4 is started using port 34890
2019-08-08 03:47:47,520 INFO  server.XceiverServerGrpc (XceiverServerGrpc.java:start(161)) - XceiverServerGrpc 209f9e72-f8f5-4204-b108-d69371c1f8f4 is started using port 34053
2019-08-08 03:47:47,735 INFO  ozoneimpl.OzoneContainer (OzoneContainer.java:start(186)) - Attempting to start container services.
2019-08-08 03:47:47,742 INFO  ozoneimpl.OzoneContainer (OzoneContainer.java:startContainerScrub(160)) - Background container scrubber has been disabled by hdds.containerscrub.enabled
2019-08-08 03:47:47,742 INFO  ratis.XceiverServerRatis (XceiverServerRatis.java:start(404)) - Starting XceiverServerRatis 8d3b2891-5ba8-461e-a3b4-ee1923c34eb8 at port 0
2019-08-08 03:47:47,751 INFO  impl.RaftServerProxy (RaftServerProxy.java:lambda$start$3(299)) - 8d3b2891-5ba8-461e-a3b4-ee1923c34eb8: start RPC server
2019-08-08 03:47:47,755 INFO  server.GrpcService (GrpcService.java:startImpl(149)) - 8d3b2891-5ba8-461e-a3b4-ee1923c34eb8: GrpcService started, listening on 0.0.0.0/0.0.0.0:45718
2019-08-08 03:47:47,755 INFO  ratis.XceiverServerRatis (XceiverServerRatis.java:start(414)) - XceiverServerRatis 8d3b2891-5ba8-461e-a3b4-ee1923c34eb8 is started using port 45718
2019-08-08 03:47:47,759 INFO  server.XceiverServerGrpc (XceiverServerGrpc.java:start(161)) - XceiverServerGrpc 8d3b2891-5ba8-461e-a3b4-ee1923c34eb8 is started using port 35298
2019-08-08 03:47:47,896 INFO  ozone.MiniOzoneClusterImpl (MiniOzoneClusterImpl.java:lambda$waitForClusterToBeReady$0(142)) - Waiting for cluster to be ready. Got 0 of 6 DN Heartbeats.
2019-08-08 03:47:47,905 INFO  ozoneimpl.OzoneContainer (OzoneContainer.java:start(186)) - Attempting to start container services.
2019-08-08 03:47:47,905 INFO  ozoneimpl.OzoneContainer (OzoneContainer.java:startContainerScrub(160)) - Background container scrubber has been disabled by hdds.containerscrub.enabled
2019-08-08 03:47:47,905 INFO  ratis.XceiverServerRatis (XceiverServerRatis.java:start(404)) - Starting XceiverServerRatis aa821608-d1f0-48d0-800b-f831b7f70f50 at port 0
2019-08-08 03:47:47,912 INFO  impl.RaftServerProxy (RaftServerProxy.java:lambda$start$3(299)) - aa821608-d1f0-48d0-800b-f831b7f70f50: start RPC server
2019-08-08 03:47:47,916 INFO  server.GrpcService (GrpcService.java:startImpl(149)) - aa821608-d1f0-48d0-800b-f831b7f70f50: GrpcService started, listening on 0.0.0.0/0.0.0.0:43319
2019-08-08 03:47:47,917 INFO  ratis.XceiverServerRatis (XceiverServerRatis.java:start(414)) - XceiverServerRatis aa821608-d1f0-48d0-800b-f831b7f70f50 is started using port 43319
2019-08-08 03:47:47,920 INFO  server.XceiverServerGrpc (XceiverServerGrpc.java:start(161)) - XceiverServerGrpc aa821608-d1f0-48d0-800b-f831b7f70f50 is started using port 37102
2019-08-08 03:47:48,897 INFO  ozone.MiniOzoneClusterImpl (MiniOzoneClusterImpl.java:lambda$waitForClusterToBeReady$0(142)) - Waiting for cluster to be ready. Got 0 of 6 DN Heartbeats.
2019-08-08 03:47:48,930 INFO  net.NetworkTopology (NetworkTopologyImpl.java:add(110)) - Added a new node: /default-rack/45ff45e8-57f8-49dd-a9c3-9fe318182704
2019-08-08 03:47:48,931 INFO  node.SCMNodeManager (SCMNodeManager.java:register(273)) - Registered Data node : 45ff45e8-57f8-49dd-a9c3-9fe318182704{ip: 192.168.5.133, host: byscane-nightly-5b87q-1102612012, networkLocation: /default-rack, certSerialId: null}
2019-08-08 03:47:48,937 INFO  safemode.SCMSafeModeManager (DataNodeSafeModeRule.java:process(71)) - SCM in safe mode. 1 DataNodes registered, 1 required.
2019-08-08 03:47:48,937 INFO  safemode.SCMSafeModeManager (SCMSafeModeManager.java:validateSafeModeExitRules(177)) - ScmSafeModeManager, all rules are successfully validated
2019-08-08 03:47:48,937 INFO  safemode.SCMSafeModeManager (SCMSafeModeManager.java:exitSafeMode(193)) - SCM exiting safe mode.
2019-08-08 03:47:49,111 INFO  net.NetworkTopology (NetworkTopologyImpl.java:add(110)) - Added a new node: /default-rack/67b8c38d-1c0c-410b-ad58-e04c3ee1fc44
2019-08-08 03:47:49,112 INFO  node.SCMNodeManager (SCMNodeManager.java:register(273)) - Registered Data node : 67b8c38d-1c0c-410b-ad58-e04c3ee1fc44{ip: 192.168.5.133, host: byscane-nightly-5b87q-1102612012, networkLocation: /default-rack, certSerialId: null}
2019-08-08 03:47:49,301 INFO  net.NetworkTopology (NetworkTopologyImpl.java:add(110)) - Added a new node: /default-rack/8743a806-3fdf-4e39-ac49-5ad3198a3616
2019-08-08 03:47:49,302 INFO  node.SCMNodeManager (SCMNodeManager.java:register(273)) - Registered Data node : 8743a806-3fdf-4e39-ac49-5ad3198a3616{ip: 192.168.5.133, host: byscane-nightly-5b87q-1102612012, networkLocation: /default-rack, certSerialId: null}
2019-08-08 03:47:49,491 INFO  net.NetworkTopology (NetworkTopologyImpl.java:add(110)) - Added a new node: /default-rack/209f9e72-f8f5-4204-b108-d69371c1f8f4
2019-08-08 03:47:49,491 INFO  node.SCMNodeManager (SCMNodeManager.java:register(273)) - Registered Data node : 209f9e72-f8f5-4204-b108-d69371c1f8f4{ip: 192.168.5.133, host: byscane-nightly-5b87q-1102612012, networkLocation: /default-rack, certSerialId: null}
2019-08-08 03:47:49,526 INFO  impl.RaftServerProxy (RaftServerProxy.java:addNew(89)) - 45ff45e8-57f8-49dd-a9c3-9fe318182704: addNew group-D1BA5C6D7ED3:[45ff45e8-57f8-49dd-a9c3-9fe318182704:192.168.5.133:45139] returns group-D1BA5C6D7ED3:java.util.concurrent.CompletableFuture@762fe744[Not completed]
2019-08-08 03:47:49,861 INFO  net.NetworkTopology (NetworkTopologyImpl.java:add(110)) - Added a new node: /default-rack/8d3b2891-5ba8-461e-a3b4-ee1923c34eb8
2019-08-08 03:47:49,868 INFO  node.SCMNodeManager (SCMNodeManager.java:register(273)) - Registered Data node : 8d3b2891-5ba8-461e-a3b4-ee1923c34eb8{ip: 192.168.5.133, host: byscane-nightly-5b87q-1102612012, networkLocation: /default-rack, certSerialId: null}
2019-08-08 03:47:49,876 INFO  impl.RaftServerImpl (RaftServerImpl.java:<init>(93)) - 45ff45e8-57f8-49dd-a9c3-9fe318182704: new RaftServerImpl for group-D1BA5C6D7ED3:[45ff45e8-57f8-49dd-a9c3-9fe318182704:192.168.5.133:45139] with ContainerStateMachine:uninitialized
2019-08-08 03:47:49,878 INFO  server.RaftServerConfigKeys (ConfUtils.java:logGet(43)) - raft.server.rpc.timeout.min = 5s (custom)
2019-08-08 03:47:49,879 INFO  server.RaftServerConfigKeys (ConfUtils.java:logGet(43)) - raft.server.rpc.timeout.max = 5200ms (custom)
2019-08-08 03:47:49,880 INFO  server.RaftServerConfigKeys (ConfUtils.java:logGet(43)) - raft.server.rpcslowness.timeout = 120s (custom)
2019-08-08 03:47:49,881 INFO  server.RaftServerConfigKeys (ConfUtils.java:logGet(43)) - raft.server.sleep.deviation.threshold = 300 (default)
2019-08-08 03:47:49,882 INFO  server.RaftServerConfigKeys (ConfUtils.java:logGet(43)) - raft.server.log.appender.install.snapshot.enabled = false (custom)
2019-08-08 03:47:49,892 INFO  impl.RaftServerImpl (ServerState.java:<init>(105)) - 45ff45e8-57f8-49dd-a9c3-9fe318182704:group-D1BA5C6D7ED3 ConfigurationManager, init=-1: [45ff45e8-57f8-49dd-a9c3-9fe318182704:192.168.5.133:45139], old=null, confs=<EMPTY_MAP>
2019-08-08 03:47:49,892 INFO  server.RaftServerConfigKeys (ConfUtils.java:logGet(43)) - raft.server.storage.dir = [/workdir/hadoop-ozone/integration-test/target/test-dir/MiniOzoneClusterImpl-bbbd5529-fb2f-4638-92cf-dc668c1c5c73/datanode-0/data/ratis] (custom)
2019-08-08 03:47:49,897 INFO  ozone.MiniOzoneClusterImpl (MiniOzoneClusterImpl.java:lambda$waitForClusterToBeReady$0(142)) - Waiting for cluster to be ready. Got 5 of 6 DN Heartbeats.
2019-08-08 03:47:49,900 INFO  net.NetworkTopology (NetworkTopologyImpl.java:add(110)) - Added a new node: /default-rack/aa821608-d1f0-48d0-800b-f831b7f70f50
2019-08-08 03:47:49,900 INFO  node.SCMNodeManager (SCMNodeManager.java:register(273)) - Registered Data node : aa821608-d1f0-48d0-800b-f831b7f70f50{ip: 192.168.5.133, host: byscane-nightly-5b87q-1102612012, networkLocation: /default-rack, certSerialId: null}
2019-08-08 03:47:49,903 INFO  storage.RaftStorageDirectory (RaftStorageDirectory.java:analyzeStorage(246)) - The storage directory /workdir/hadoop-ozone/integration-test/target/test-dir/MiniOzoneClusterImpl-bbbd5529-fb2f-4638-92cf-dc668c1c5c73/datanode-0/data/ratis/996488d5-5ec6-496b-9c8c-d1ba5c6d7ed3 does not exist. Creating ...
2019-08-08 03:47:49,932 INFO  storage.RaftStorageDirectory (RaftStorageDirectory.java:tryLock(328)) - Lock on /workdir/hadoop-ozone/integration-test/target/test-dir/MiniOzoneClusterImpl-bbbd5529-fb2f-4638-92cf-dc668c1c5c73/datanode-0/data/ratis/996488d5-5ec6-496b-9c8c-d1ba5c6d7ed3/in_use.lock acquired by nodename 3826@byscane-nightly-5b87q-1102612012
2019-08-08 03:47:49,948 INFO  storage.RaftStorage (RaftStorage.java:format(72)) - Storage directory /workdir/hadoop-ozone/integration-test/target/test-dir/MiniOzoneClusterImpl-bbbd5529-fb2f-4638-92cf-dc668c1c5c73/datanode-0/data/ratis/996488d5-5ec6-496b-9c8c-d1ba5c6d7ed3 has been successfully formatted.
2019-08-08 03:47:49,950 INFO  ratis.ContainerStateMachine (ContainerStateMachine.java:loadSnapshot(213)) - group-D1BA5C6D7ED3: The snapshot info is null. Setting the last applied indexto:(t:0, i:~)
2019-08-08 03:47:49,950 INFO  server.RaftServerConfigKeys (ConfUtils.java:logGet(43)) - raft.server.leader.election.timeout = 120s (custom)
2019-08-08 03:47:49,953 INFO  server.RaftServerConfigKeys (ConfUtils.java:logGet(43)) - raft.server.log.use.memory = false (default)
2019-08-08 03:47:49,959 INFO  server.RaftServerConfigKeys (ConfUtils.java:logGet(43)) - raft.server.log.purge.gap = 1000000000 (custom)
2019-08-08 03:47:49,959 INFO  server.RaftServerConfigKeys (ConfUtils.java:logGet(43)) - raft.server.log.appender.buffer.byte-limit = 33554432 (custom)
2019-08-08 03:47:49,961 INFO  server.RaftServerConfigKeys (ConfUtils.java:logGet(43)) - raft.server.log.segment.size.max = 1048576 (custom)
2019-08-08 03:47:49,966 INFO  server.RaftServerConfigKeys (ConfUtils.java:logGet(43)) - raft.server.log.segment.cache.num.max = 2 (custom)
2019-08-08 03:47:49,972 INFO  segmented.SegmentedRaftLogWorker (SegmentedRaftLogWorker.java:<init>(172)) - new 45ff45e8-57f8-49dd-a9c3-9fe318182704-SegmentedRaftLogWorker:Storage Directory /workdir/hadoop-ozone/integration-test/target/test-dir/MiniOzoneClusterImpl-bbbd5529-fb2f-4638-92cf-dc668c1c5c73/datanode-0/data/ratis/996488d5-5ec6-496b-9c8c-d1ba5c6d7ed3 for RaftStorage:Storage Directory /workdir/hadoop-ozone/integration-test/target/test-dir/MiniOzoneClusterImpl-bbbd5529-fb2f-4638-92cf-dc668c1c5c73/datanode-0/data/ratis/996488d5-5ec6-496b-9c8c-d1ba5c6d7ed3
2019-08-08 03:47:49,984 INFO  server.RaftServerConfigKeys (ConfUtils.java:logGet(43)) - raft.server.log.queue.byte-limit = 2147483647 (custom)
2019-08-08 03:47:49,985 INFO  server.RaftServerConfigKeys (ConfUtils.java:logGet(43)) - raft.server.log.queue.element-limit = 1024 (custom)
2019-08-08 03:47:49,990 INFO  server.RaftServerConfigKeys (ConfUtils.java:logGet(43)) - raft.server.log.segment.size.max = 1048576 (custom)
2019-08-08 03:47:49,990 INFO  server.RaftServerConfigKeys (ConfUtils.java:logGet(43)) - raft.server.log.preallocated.size = 16384 (custom)
2019-08-08 03:47:49,991 INFO  server.RaftServerConfigKeys (ConfUtils.java:logGet(43)) - raft.server.log.write.buffer.size = 33554432 (custom)
2019-08-08 03:47:49,991 INFO  server.RaftServerConfigKeys (ConfUtils.java:logGet(43)) - raft.server.log.force.sync.num = 128 (default)
2019-08-08 03:47:49,992 INFO  server.RaftServerConfigKeys (ConfUtils.java:logGet(43)) - raft.server.log.statemachine.data.sync = true (default)
2019-08-08 03:47:49,992 INFO  server.RaftServerConfigKeys (ConfUtils.java:logGet(43)) - raft.server.log.statemachine.data.sync.timeout = 10s (default)
2019-08-08 03:47:49,993 INFO  server.RaftServerConfigKeys (ConfUtils.java:logGet(43)) - raft.server.log.statemachine.data.sync.timeout.retry = -1 (default)
2019-08-08 03:47:50,001 INFO  server.RaftServerConfigKeys (ConfUtils.java:logGet(43)) - raft.server.log.statemachine.data.caching.enabled = true (custom)
2019-08-08 03:47:50,006 INFO  segmented.SegmentedRaftLogWorker (SegmentedRaftLogWorker.java:lambda$new$0(132)) - 45ff45e8-57f8-49dd-a9c3-9fe318182704-SegmentedRaftLogWorker:Storage Directory /workdir/hadoop-ozone/integration-test/target/test-dir/MiniOzoneClusterImpl-bbbd5529-fb2f-4638-92cf-dc668c1c5c73/datanode-0/data/ratis/996488d5-5ec6-496b-9c8c-d1ba5c6d7ed3: flushIndex: setUnconditionally 0 -> -1
2019-08-08 03:47:50,010 INFO  server.RaftServerConfigKeys (ConfUtils.java:logGet(43)) - raft.server.snapshot.auto.trigger.enabled = true (custom)
2019-08-08 03:47:50,011 INFO  server.RaftServerConfigKeys (ConfUtils.java:logGet(43)) - raft.server.snapshot.auto.trigger.threshold = 10000 (custom)
2019-08-08 03:47:50,011 INFO  server.RaftServerConfigKeys (ConfUtils.java:logGet(43)) - raft.server.retrycache.expirytime = 600000ms (custom)
2019-08-08 03:47:50,030 INFO  impl.RaftServerImpl (RaftServerImpl.java:start(180)) - 45ff45e8-57f8-49dd-a9c3-9fe318182704: start group-D1BA5C6D7ED3
2019-08-08 03:47:50,031 INFO  impl.RaftServerImpl (RaftServerImpl.java:setRole(171)) - 45ff45e8-57f8-49dd-a9c3-9fe318182704:group-D1BA5C6D7ED3 changes role from null to FOLLOWER at term 0 for startAsFollower
2019-08-08 03:47:50,032 INFO  impl.RoleInfo (RoleInfo.java:updateAndGet(143)) - 45ff45e8-57f8-49dd-a9c3-9fe318182704: start FollowerState
2019-08-08 03:47:50,034 INFO  util.JmxRegister (JmxRegister.java:tryRegister(44)) - Successfully registered JMX Bean with object name Ratis:service=RaftServer,group=group-D1BA5C6D7ED3,id=45ff45e8-57f8-49dd-a9c3-9fe318182704
2019-08-08 03:47:50,101 INFO  pipeline.PipelineStateManager (PipelineStateManager.java:addPipeline(56)) - Created pipeline Pipeline[ Id: 996488d5-5ec6-496b-9c8c-d1ba5c6d7ed3, Nodes: 45ff45e8-57f8-49dd-a9c3-9fe318182704{ip: 192.168.5.133, host: byscane-nightly-5b87q-1102612012, networkLocation: /default-rack, certSerialId: null}, Type:RATIS, Factor:ONE, State:OPEN]
2019-08-08 03:47:50,132 INFO  impl.RaftServerProxy (RaftServerProxy.java:addNew(89)) - 209f9e72-f8f5-4204-b108-d69371c1f8f4: addNew group-165309DB4C14:[209f9e72-f8f5-4204-b108-d69371c1f8f4:192.168.5.133:34890] returns group-165309DB4C14:java.util.concurrent.CompletableFuture@45ac6630[Not completed]
2019-08-08 03:47:50,183 INFO  impl.RaftServerImpl (RaftServerImpl.java:<init>(93)) - 209f9e72-f8f5-4204-b108-d69371c1f8f4: new RaftServerImpl for group-165309DB4C14:[209f9e72-f8f5-4204-b108-d69371c1f8f4:192.168.5.133:34890] with ContainerStateMachine:uninitialized
2019-08-08 03:47:50,185 INFO  server.RaftServerConfigKeys (ConfUtils.java:logGet(43)) - raft.server.rpc.timeout.min = 5s (custom)
2019-08-08 03:47:50,185 INFO  server.RaftServerConfigKeys (ConfUtils.java:logGet(43)) - raft.server.rpc.timeout.max = 5200ms (custom)
2019-08-08 03:47:50,185 INFO  server.RaftServerConfigKeys (ConfUtils.java:logGet(43)) - raft.server.rpcslowness.timeout = 120s (custom)
2019-08-08 03:47:50,185 INFO  server.RaftServerConfigKeys (ConfUtils.java:logGet(43)) - raft.server.sleep.deviation.threshold = 300 (default)
2019-08-08 03:47:50,186 INFO  server.RaftServerConfigKeys (ConfUtils.java:logGet(43)) - raft.server.log.appender.install.snapshot.enabled = false (custom)
2019-08-08 03:47:50,186 INFO  impl.RaftServerImpl (ServerState.java:<init>(105)) - 209f9e72-f8f5-4204-b108-d69371c1f8f4:group-165309DB4C14 ConfigurationManager, init=-1: [209f9e72-f8f5-4204-b108-d69371c1f8f4:192.168.5.133:34890], old=null, confs=<EMPTY_MAP>
2019-08-08 03:47:50,186 INFO  server.RaftServerConfigKeys (ConfUtils.java:logGet(43)) - raft.server.storage.dir = [/workdir/hadoop-ozone/integration-test/target/test-dir/MiniOzoneClusterImpl-bbbd5529-fb2f-4638-92cf-dc668c1c5c73/datanode-3/data/ratis] (custom)
2019-08-08 03:47:50,187 INFO  storage.RaftStorageDirectory (RaftStorageDirectory.java:analyzeStorage(246)) - The storage directory /workdir/hadoop-ozone/integration-test/target/test-dir/MiniOzoneClusterImpl-bbbd5529-fb2f-4638-92cf-dc668c1c5c73/datanode-3/data/ratis/01baac4d-c66e-4ee7-bc12-165309db4c14 does not exist. Creating ...
2019-08-08 03:47:50,212 INFO  storage.RaftStorageDirectory (RaftStorageDirectory.java:tryLock(328)) - Lock on /workdir/hadoop-ozone/integration-test/target/test-dir/MiniOzoneClusterImpl-bbbd5529-fb2f-4638-92cf-dc668c1c5c73/datanode-3/data/ratis/01baac4d-c66e-4ee7-bc12-165309db4c14/in_use.lock acquired by nodename 3826@byscane-nightly-5b87q-1102612012
2019-08-08 03:47:50,231 INFO  storage.RaftStorage (RaftStorage.java:format(72)) - Storage directory /workdir/hadoop-ozone/integration-test/target/test-dir/MiniOzoneClusterImpl-bbbd5529-fb2f-4638-92cf-dc668c1c5c73/datanode-3/data/ratis/01baac4d-c66e-4ee7-bc12-165309db4c14 has been successfully formatted.
2019-08-08 03:47:50,233 INFO  ratis.ContainerStateMachine (ContainerStateMachine.java:loadSnapshot(213)) - group-165309DB4C14: The snapshot info is null. Setting the last applied indexto:(t:0, i:~)
2019-08-08 03:47:50,235 INFO  server.RaftServerConfigKeys (ConfUtils.java:logGet(43)) - raft.server.leader.election.timeout = 120s (custom)
2019-08-08 03:47:50,235 INFO  server.RaftServerConfigKeys (ConfUtils.java:logGet(43)) - raft.server.log.use.memory = false (default)
2019-08-08 03:47:50,235 INFO  server.RaftServerConfigKeys (ConfUtils.java:logGet(43)) - raft.server.log.purge.gap = 1000000000 (custom)
2019-08-08 03:47:50,236 INFO  server.RaftServerConfigKeys (ConfUtils.java:logGet(43)) - raft.server.log.appender.buffer.byte-limit = 33554432 (custom)
2019-08-08 03:47:50,236 INFO  server.RaftServerConfigKeys (ConfUtils.java:logGet(43)) - raft.server.log.segment.size.max = 1048576 (custom)
2019-08-08 03:47:50,236 INFO  server.RaftServerConfigKeys (ConfUtils.java:logGet(43)) - raft.server.log.segment.cache.num.max = 2 (custom)
2019-08-08 03:47:50,236 INFO  segmented.SegmentedRaftLogWorker (SegmentedRaftLogWorker.java:<init>(172)) - new 209f9e72-f8f5-4204-b108-d69371c1f8f4-SegmentedRaftLogWorker:Storage Directory /workdir/hadoop-ozone/integration-test/target/test-dir/MiniOzoneClusterImpl-bbbd5529-fb2f-4638-92cf-dc668c1c5c73/datanode-3/data/ratis/01baac4d-c66e-4ee7-bc12-165309db4c14 for RaftStorage:Storage Directory /workdir/hadoop-ozone/integration-test/target/test-dir/MiniOzoneClusterImpl-bbbd5529-fb2f-4638-92cf-dc668c1c5c73/datanode-3/data/ratis/01baac4d-c66e-4ee7-bc12-165309db4c14
2019-08-08 03:47:50,238 INFO  server.RaftServerConfigKeys (ConfUtils.java:logGet(43)) - raft.server.log.queue.byte-limit = 2147483647 (custom)
2019-08-08 03:47:50,238 INFO  server.RaftServerConfigKeys (ConfUtils.java:logGet(43)) - raft.server.log.queue.element-limit = 1024 (custom)
2019-08-08 03:47:50,239 INFO  server.RaftServerConfigKeys (ConfUtils.java:logGet(43)) - raft.server.log.segment.size.max = 1048576 (custom)
2019-08-08 03:47:50,239 INFO  server.RaftServerConfigKeys (ConfUtils.java:logGet(43)) - raft.server.log.preallocated.size = 16384 (custom)
2019-08-08 03:47:50,239 INFO  server.RaftServerConfigKeys (ConfUtils.java:logGet(43)) - raft.server.log.write.buffer.size = 33554432 (custom)
2019-08-08 03:47:50,239 INFO  server.RaftServerConfigKeys (ConfUtils.java:logGet(43)) - raft.server.log.force.sync.num = 128 (default)
2019-08-08 03:47:50,240 INFO  server.RaftServerConfigKeys (ConfUtils.java:logGet(43)) - raft.server.log.statemachine.data.sync = true (default)
2019-08-08 03:47:50,240 INFO  server.RaftServerConfigKeys (ConfUtils.java:logGet(43)) - raft.server.log.statemachine.data.sync.timeout = 10s (default)
2019-08-08 03:47:50,240 INFO  server.RaftServerConfigKeys (ConfUtils.java:logGet(43)) - raft.server.log.statemachine.data.sync.timeout.retry = -1 (default)
2019-08-08 03:47:50,240 INFO  server.RaftServerConfigKeys (ConfUtils.java:logGet(43)) - raft.server.log.statemachine.data.caching.enabled = true (custom)
2019-08-08 03:47:50,241 INFO  segmented.SegmentedRaftLogWorker (SegmentedRaftLogWorker.java:lambda$new$0(132)) - 209f9e72-f8f5-4204-b108-d69371c1f8f4-SegmentedRaftLogWorker:Storage Directory /workdir/hadoop-ozone/integration-test/target/test-dir/MiniOzoneClusterImpl-bbbd5529-fb2f-4638-92cf-dc668c1c5c73/datanode-3/data/ratis/01baac4d-c66e-4ee7-bc12-165309db4c14: flushIndex: setUnconditionally 0 -> -1
2019-08-08 03:47:50,242 INFO  server.RaftServerConfigKeys (ConfUtils.java:logGet(43)) - raft.server.snapshot.auto.trigger.enabled = true (custom)
2019-08-08 03:47:50,242 INFO  server.RaftServerConfigKeys (ConfUtils.java:logGet(43)) - raft.server.snapshot.auto.trigger.threshold = 10000 (custom)
2019-08-08 03:47:50,242 INFO  server.RaftServerConfigKeys (ConfUtils.java:logGet(43)) - raft.server.retrycache.expirytime = 600000ms (custom)
2019-08-08 03:47:50,242 INFO  impl.RaftServerImpl (RaftServerImpl.java:start(180)) - 209f9e72-f8f5-4204-b108-d69371c1f8f4: start group-165309DB4C14
2019-08-08 03:47:50,242 INFO  impl.RaftServerImpl (RaftServerImpl.java:setRole(171)) - 209f9e72-f8f5-4204-b108-d69371c1f8f4:group-165309DB4C14 changes role from null to FOLLOWER at term 0 for startAsFollower
2019-08-08 03:47:50,243 INFO  impl.RoleInfo (RoleInfo.java:updateAndGet(143)) - 209f9e72-f8f5-4204-b108-d69371c1f8f4: start FollowerState
2019-08-08 03:47:50,245 INFO  util.JmxRegister (JmxRegister.java:tryRegister(44)) - Successfully registered JMX Bean with object name Ratis:service=RaftServer,group=group-165309DB4C14,id=209f9e72-f8f5-4204-b108-d69371c1f8f4
2019-08-08 03:47:50,263 INFO  pipeline.PipelineStateManager (PipelineStateManager.java:addPipeline(56)) - Created pipeline Pipeline[ Id: 01baac4d-c66e-4ee7-bc12-165309db4c14, Nodes: 209f9e72-f8f5-4204-b108-d69371c1f8f4{ip: 192.168.5.133, host: byscane-nightly-5b87q-1102612012, networkLocation: /default-rack, certSerialId: null}, Type:RATIS, Factor:ONE, State:OPEN]
2019-08-08 03:47:50,288 INFO  impl.RaftServerProxy (RaftServerProxy.java:addNew(89)) - 67b8c38d-1c0c-410b-ad58-e04c3ee1fc44: addNew group-119E1F9F1718:[67b8c38d-1c0c-410b-ad58-e04c3ee1fc44:192.168.5.133:46655] returns group-119E1F9F1718:java.util.concurrent.CompletableFuture@70e2133c[Not completed]
2019-08-08 03:47:50,300 INFO  impl.RaftServerImpl (RaftServerImpl.java:<init>(93)) - 67b8c38d-1c0c-410b-ad58-e04c3ee1fc44: new RaftServerImpl for group-119E1F9F1718:[67b8c38d-1c0c-410b-ad58-e04c3ee1fc44:192.168.5.133:46655] with ContainerStateMachine:uninitialized
2019-08-08 03:47:50,300 INFO  server.RaftServerConfigKeys (ConfUtils.java:logGet(43)) - raft.server.rpc.timeout.min = 5s (custom)
2019-08-08 03:47:50,300 INFO  server.RaftServerConfigKeys (ConfUtils.java:logGet(43)) - raft.server.rpc.timeout.max = 5200ms (custom)
2019-08-08 03:47:50,301 INFO  server.RaftServerConfigKeys (ConfUtils.java:logGet(43)) - raft.server.rpcslowness.timeout = 120s (custom)
2019-08-08 03:47:50,301 INFO  server.RaftServerConfigKeys (ConfUtils.java:logGet(43)) - raft.server.sleep.deviation.threshold = 300 (default)
2019-08-08 03:47:50,301 INFO  server.RaftServerConfigKeys (ConfUtils.java:logGet(43)) - raft.server.log.appender.install.snapshot.enabled = false (custom)
2019-08-08 03:47:50,301 INFO  impl.RaftServerImpl (ServerState.java:<init>(105)) - 67b8c38d-1c0c-410b-ad58-e04c3ee1fc44:group-119E1F9F1718 ConfigurationManager, init=-1: [67b8c38d-1c0c-410b-ad58-e04c3ee1fc44:192.168.5.133:46655], old=null, confs=<EMPTY_MAP>
2019-08-08 03:47:50,302 INFO  server.RaftServerConfigKeys (ConfUtils.java:logGet(43)) - raft.server.storage.dir = [/workdir/hadoop-ozone/integration-test/target/test-dir/MiniOzoneClusterImpl-bbbd5529-fb2f-4638-92cf-dc668c1c5c73/datanode-1/data/ratis] (custom)
2019-08-08 03:47:50,302 INFO  storage.RaftStorageDirectory (RaftStorageDirectory.java:analyzeStorage(246)) - The storage directory /workdir/hadoop-ozone/integration-test/target/test-dir/MiniOzoneClusterImpl-bbbd5529-fb2f-4638-92cf-dc668c1c5c73/datanode-1/data/ratis/22c445c2-8cd8-4816-829b-119e1f9f1718 does not exist. Creating ...
2019-08-08 03:47:50,306 INFO  storage.RaftStorageDirectory (RaftStorageDirectory.java:tryLock(328)) - Lock on /workdir/hadoop-ozone/integration-test/target/test-dir/MiniOzoneClusterImpl-bbbd5529-fb2f-4638-92cf-dc668c1c5c73/datanode-1/data/ratis/22c445c2-8cd8-4816-829b-119e1f9f1718/in_use.lock acquired by nodename 3826@byscane-nightly-5b87q-1102612012
2019-08-08 03:47:50,310 INFO  storage.RaftStorage (RaftStorage.java:format(72)) - Storage directory /workdir/hadoop-ozone/integration-test/target/test-dir/MiniOzoneClusterImpl-bbbd5529-fb2f-4638-92cf-dc668c1c5c73/datanode-1/data/ratis/22c445c2-8cd8-4816-829b-119e1f9f1718 has been successfully formatted.
2019-08-08 03:47:50,311 INFO  ratis.ContainerStateMachine (ContainerStateMachine.java:loadSnapshot(213)) - group-119E1F9F1718: The snapshot info is null. Setting the last applied indexto:(t:0, i:~)
2019-08-08 03:47:50,311 INFO  server.RaftServerConfigKeys (ConfUtils.java:logGet(43)) - raft.server.leader.election.timeout = 120s (custom)
2019-08-08 03:47:50,311 INFO  server.RaftServerConfigKeys (ConfUtils.java:logGet(43)) - raft.server.log.use.memory = false (default)
2019-08-08 03:47:50,311 INFO  server.RaftServerConfigKeys (ConfUtils.java:logGet(43)) - raft.server.log.purge.gap = 1000000000 (custom)
2019-08-08 03:47:50,312 INFO  server.RaftServerConfigKeys (ConfUtils.java:logGet(43)) - raft.server.log.appender.buffer.byte-limit = 33554432 (custom)
2019-08-08 03:47:50,312 INFO  server.RaftServerConfigKeys (ConfUtils.java:logGet(43)) - raft.server.log.segment.size.max = 1048576 (custom)
2019-08-08 03:47:50,312 INFO  server.RaftServerConfigKeys (ConfUtils.java:logGet(43)) - raft.server.log.segment.cache.num.max = 2 (custom)
2019-08-08 03:47:50,312 INFO  segmented.SegmentedRaftLogWorker (SegmentedRaftLogWorker.java:<init>(172)) - new 67b8c38d-1c0c-410b-ad58-e04c3ee1fc44-SegmentedRaftLogWorker:Storage Directory /workdir/hadoop-ozone/integration-test/target/test-dir/MiniOzoneClusterImpl-bbbd5529-fb2f-4638-92cf-dc668c1c5c73/datanode-1/data/ratis/22c445c2-8cd8-4816-829b-119e1f9f1718 for RaftStorage:Storage Directory /workdir/hadoop-ozone/integration-test/target/test-dir/MiniOzoneClusterImpl-bbbd5529-fb2f-4638-92cf-dc668c1c5c73/datanode-1/data/ratis/22c445c2-8cd8-4816-829b-119e1f9f1718
2019-08-08 03:47:50,313 INFO  server.RaftServerConfigKeys (ConfUtils.java:logGet(43)) - raft.server.log.queue.byte-limit = 2147483647 (custom)
2019-08-08 03:47:50,313 INFO  server.RaftServerConfigKeys (ConfUtils.java:logGet(43)) - raft.server.log.queue.element-limit = 1024 (custom)
2019-08-08 03:47:50,313 INFO  server.RaftServerConfigKeys (ConfUtils.java:logGet(43)) - raft.server.log.segment.size.max = 1048576 (custom)
2019-08-08 03:47:50,313 INFO  server.RaftServerConfigKeys (ConfUtils.java:logGet(43)) - raft.server.log.preallocated.size = 16384 (custom)
2019-08-08 03:47:50,314 INFO  server.RaftServerConfigKeys (ConfUtils.java:logGet(43)) - raft.server.log.write.buffer.size = 33554432 (custom)
2019-08-08 03:47:50,314 INFO  server.RaftServerConfigKeys (ConfUtils.java:logGet(43)) - raft.server.log.force.sync.num = 128 (default)
2019-08-08 03:47:50,314 INFO  server.RaftServerConfigKeys (ConfUtils.java:logGet(43)) - raft.server.log.statemachine.data.sync = true (default)
2019-08-08 03:47:50,314 INFO  server.RaftServerConfigKeys (ConfUtils.java:logGet(43)) - raft.server.log.statemachine.data.sync.timeout = 10s (default)
2019-08-08 03:47:50,314 INFO  server.RaftServerConfigKeys (ConfUtils.java:logGet(43)) - raft.server.log.statemachine.data.sync.timeout.retry = -1 (default)
2019-08-08 03:47:50,315 INFO  server.RaftServerConfigKeys (ConfUtils.java:logGet(43)) - raft.server.log.statemachine.data.caching.enabled = true (custom)
2019-08-08 03:47:50,315 INFO  segmented.SegmentedRaftLogWorker (SegmentedRaftLogWorker.java:lambda$new$0(132)) - 67b8c38d-1c0c-410b-ad58-e04c3ee1fc44-SegmentedRaftLogWorker:Storage Directory /workdir/hadoop-ozone/integration-test/target/test-dir/MiniOzoneClusterImpl-bbbd5529-fb2f-4638-92cf-dc668c1c5c73/datanode-1/data/ratis/22c445c2-8cd8-4816-829b-119e1f9f1718: flushIndex: setUnconditionally 0 -> -1
2019-08-08 03:47:50,316 INFO  server.RaftServerConfigKeys (ConfUtils.java:logGet(43)) - raft.server.snapshot.auto.trigger.enabled = true (custom)
2019-08-08 03:47:50,316 INFO  server.RaftServerConfigKeys (ConfUtils.java:logGet(43)) - raft.server.snapshot.auto.trigger.threshold = 10000 (custom)
2019-08-08 03:47:50,316 INFO  server.RaftServerConfigKeys (ConfUtils.java:logGet(43)) - raft.server.retrycache.expirytime = 600000ms (custom)
2019-08-08 03:47:50,317 INFO  impl.RaftServerImpl (RaftServerImpl.java:start(180)) - 67b8c38d-1c0c-410b-ad58-e04c3ee1fc44: start group-119E1F9F1718
2019-08-08 03:47:50,317 INFO  impl.RaftServerImpl (RaftServerImpl.java:setRole(171)) - 67b8c38d-1c0c-410b-ad58-e04c3ee1fc44:group-119E1F9F1718 changes role from null to FOLLOWER at term 0 for startAsFollower
2019-08-08 03:47:50,317 INFO  impl.RoleInfo (RoleInfo.java:updateAndGet(143)) - 67b8c38d-1c0c-410b-ad58-e04c3ee1fc44: start FollowerState
2019-08-08 03:47:50,318 INFO  util.JmxRegister (JmxRegister.java:tryRegister(44)) - Successfully registered JMX Bean with object name Ratis:service=RaftServer,group=group-119E1F9F1718,id=67b8c38d-1c0c-410b-ad58-e04c3ee1fc44
2019-08-08 03:47:50,331 INFO  pipeline.PipelineStateManager (PipelineStateManager.java:addPipeline(56)) - Created pipeline Pipeline[ Id: 22c445c2-8cd8-4816-829b-119e1f9f1718, Nodes: 67b8c38d-1c0c-410b-ad58-e04c3ee1fc44{ip: 192.168.5.133, host: byscane-nightly-5b87q-1102612012, networkLocation: /default-rack, certSerialId: null}, Type:RATIS, Factor:ONE, State:OPEN]
2019-08-08 03:47:50,360 INFO  impl.RaftServerProxy (RaftServerProxy.java:addNew(89)) - 8743a806-3fdf-4e39-ac49-5ad3198a3616: addNew group-165523E592CB:[8743a806-3fdf-4e39-ac49-5ad3198a3616:192.168.5.133:36685] returns group-165523E592CB:java.util.concurrent.CompletableFuture@2ed3a3ed[Not completed]
2019-08-08 03:47:50,362 INFO  impl.RaftServerImpl (RaftServerImpl.java:<init>(93)) - 8743a806-3fdf-4e39-ac49-5ad3198a3616: new RaftServerImpl for group-165523E592CB:[8743a806-3fdf-4e39-ac49-5ad3198a3616:192.168.5.133:36685] with ContainerStateMachine:uninitialized
2019-08-08 03:47:50,362 INFO  server.RaftServerConfigKeys (ConfUtils.java:logGet(43)) - raft.server.rpc.timeout.min = 5s (custom)
2019-08-08 03:47:50,363 INFO  server.RaftServerConfigKeys (ConfUtils.java:logGet(43)) - raft.server.rpc.timeout.max = 5200ms (custom)
2019-08-08 03:47:50,363 INFO  server.RaftServerConfigKeys (ConfUtils.java:logGet(43)) - raft.server.rpcslowness.timeout = 120s (custom)
2019-08-08 03:47:50,363 INFO  server.RaftServerConfigKeys (ConfUtils.java:logGet(43)) - raft.server.sleep.deviation.threshold = 300 (default)
2019-08-08 03:47:50,363 INFO  server.RaftServerConfigKeys (ConfUtils.java:logGet(43)) - raft.server.log.appender.install.snapshot.enabled = false (custom)
2019-08-08 03:47:50,363 INFO  impl.RaftServerImpl (ServerState.java:<init>(105)) - 8743a806-3fdf-4e39-ac49-5ad3198a3616:group-165523E592CB ConfigurationManager, init=-1: [8743a806-3fdf-4e39-ac49-5ad3198a3616:192.168.5.133:36685], old=null, confs=<EMPTY_MAP>
2019-08-08 03:47:50,364 INFO  server.RaftServerConfigKeys (ConfUtils.java:logGet(43)) - raft.server.storage.dir = [/workdir/hadoop-ozone/integration-test/target/test-dir/MiniOzoneClusterImpl-bbbd5529-fb2f-4638-92cf-dc668c1c5c73/datanode-2/data/ratis] (custom)
2019-08-08 03:47:50,364 INFO  storage.RaftStorageDirectory (RaftStorageDirectory.java:analyzeStorage(246)) - The storage directory /workdir/hadoop-ozone/integration-test/target/test-dir/MiniOzoneClusterImpl-bbbd5529-fb2f-4638-92cf-dc668c1c5c73/datanode-2/data/ratis/47b3f7c4-6e51-48c1-8f2a-165523e592cb does not exist. Creating ...
2019-08-08 03:47:50,376 INFO  storage.RaftStorageDirectory (RaftStorageDirectory.java:tryLock(328)) - Lock on /workdir/hadoop-ozone/integration-test/target/test-dir/MiniOzoneClusterImpl-bbbd5529-fb2f-4638-92cf-dc668c1c5c73/datanode-2/data/ratis/47b3f7c4-6e51-48c1-8f2a-165523e592cb/in_use.lock acquired by nodename 3826@byscane-nightly-5b87q-1102612012
2019-08-08 03:47:50,380 INFO  storage.RaftStorage (RaftStorage.java:format(72)) - Storage directory /workdir/hadoop-ozone/integration-test/target/test-dir/MiniOzoneClusterImpl-bbbd5529-fb2f-4638-92cf-dc668c1c5c73/datanode-2/data/ratis/47b3f7c4-6e51-48c1-8f2a-165523e592cb has been successfully formatted.
2019-08-08 03:47:50,380 INFO  ratis.ContainerStateMachine (ContainerStateMachine.java:loadSnapshot(213)) - group-165523E592CB: The snapshot info is null. Setting the last applied indexto:(t:0, i:~)
2019-08-08 03:47:50,380 INFO  server.RaftServerConfigKeys (ConfUtils.java:logGet(43)) - raft.server.leader.election.timeout = 120s (custom)
2019-08-08 03:47:50,381 INFO  server.RaftServerConfigKeys (ConfUtils.java:logGet(43)) - raft.server.log.use.memory = false (default)
2019-08-08 03:47:50,381 INFO  server.RaftServerConfigKeys (ConfUtils.java:logGet(43)) - raft.server.log.purge.gap = 1000000000 (custom)
2019-08-08 03:47:50,381 INFO  server.RaftServerConfigKeys (ConfUtils.java:logGet(43)) - raft.server.log.appender.buffer.byte-limit = 33554432 (custom)
2019-08-08 03:47:50,381 INFO  server.RaftServerConfigKeys (ConfUtils.java:logGet(43)) - raft.server.log.segment.size.max = 1048576 (custom)
2019-08-08 03:47:50,381 INFO  server.RaftServerConfigKeys (ConfUtils.java:logGet(43)) - raft.server.log.segment.cache.num.max = 2 (custom)
2019-08-08 03:47:50,382 INFO  segmented.SegmentedRaftLogWorker (SegmentedRaftLogWorker.java:<init>(172)) - new 8743a806-3fdf-4e39-ac49-5ad3198a3616-SegmentedRaftLogWorker:Storage Directory /workdir/hadoop-ozone/integration-test/target/test-dir/MiniOzoneClusterImpl-bbbd5529-fb2f-4638-92cf-dc668c1c5c73/datanode-2/data/ratis/47b3f7c4-6e51-48c1-8f2a-165523e592cb for RaftStorage:Storage Directory /workdir/hadoop-ozone/integration-test/target/test-dir/MiniOzoneClusterImpl-bbbd5529-fb2f-4638-92cf-dc668c1c5c73/datanode-2/data/ratis/47b3f7c4-6e51-48c1-8f2a-165523e592cb
2019-08-08 03:47:50,382 INFO  server.RaftServerConfigKeys (ConfUtils.java:logGet(43)) - raft.server.log.queue.byte-limit = 2147483647 (custom)
2019-08-08 03:47:50,382 INFO  server.RaftServerConfigKeys (ConfUtils.java:logGet(43)) - raft.server.log.queue.element-limit = 1024 (custom)
2019-08-08 03:47:50,382 INFO  server.RaftServerConfigKeys (ConfUtils.java:logGet(43)) - raft.server.log.segment.size.max = 1048576 (custom)
2019-08-08 03:47:50,383 INFO  server.RaftServerConfigKeys (ConfUtils.java:logGet(43)) - raft.server.log.preallocated.size = 16384 (custom)
2019-08-08 03:47:50,383 INFO  server.RaftServerConfigKeys (ConfUtils.java:logGet(43)) - raft.server.log.write.buffer.size = 33554432 (custom)
2019-08-08 03:47:50,383 INFO  server.RaftServerConfigKeys (ConfUtils.java:logGet(43)) - raft.server.log.force.sync.num = 128 (default)
2019-08-08 03:47:50,384 INFO  server.RaftServerConfigKeys (ConfUtils.java:logGet(43)) - raft.server.log.statemachine.data.sync = true (default)
2019-08-08 03:47:50,384 INFO  server.RaftServerConfigKeys (ConfUtils.java:logGet(43)) - raft.server.log.statemachine.data.sync.timeout = 10s (default)
2019-08-08 03:47:50,384 INFO  server.RaftServerConfigKeys (ConfUtils.java:logGet(43)) - raft.server.log.statemachine.data.sync.timeout.retry = -1 (default)
2019-08-08 03:47:50,384 INFO  server.RaftServerConfigKeys (ConfUtils.java:logGet(43)) - raft.server.log.statemachine.data.caching.enabled = true (custom)
2019-08-08 03:47:50,385 INFO  segmented.SegmentedRaftLogWorker (SegmentedRaftLogWorker.java:lambda$new$0(132)) - 8743a806-3fdf-4e39-ac49-5ad3198a3616-SegmentedRaftLogWorker:Storage Directory /workdir/hadoop-ozone/integration-test/target/test-dir/MiniOzoneClusterImpl-bbbd5529-fb2f-4638-92cf-dc668c1c5c73/datanode-2/data/ratis/47b3f7c4-6e51-48c1-8f2a-165523e592cb: flushIndex: setUnconditionally 0 -> -1
2019-08-08 03:47:50,385 INFO  server.RaftServerConfigKeys (ConfUtils.java:logGet(43)) - raft.server.snapshot.auto.trigger.enabled = true (custom)
2019-08-08 03:47:50,385 INFO  server.RaftServerConfigKeys (ConfUtils.java:logGet(43)) - raft.server.snapshot.auto.trigger.threshold = 10000 (custom)
2019-08-08 03:47:50,386 INFO  server.RaftServerConfigKeys (ConfUtils.java:logGet(43)) - raft.server.retrycache.expirytime = 600000ms (custom)
2019-08-08 03:47:50,386 INFO  impl.RaftServerImpl (RaftServerImpl.java:start(180)) - 8743a806-3fdf-4e39-ac49-5ad3198a3616: start group-165523E592CB
2019-08-08 03:47:50,386 INFO  impl.RaftServerImpl (RaftServerImpl.java:setRole(171)) - 8743a806-3fdf-4e39-ac49-5ad3198a3616:group-165523E592CB changes role from null to FOLLOWER at term 0 for startAsFollower
2019-08-08 03:47:50,386 INFO  impl.RoleInfo (RoleInfo.java:updateAndGet(143)) - 8743a806-3fdf-4e39-ac49-5ad3198a3616: start FollowerState
2019-08-08 03:47:50,387 INFO  util.JmxRegister (JmxRegister.java:tryRegister(44)) - Successfully registered JMX Bean with object name Ratis:service=RaftServer,group=group-165523E592CB,id=8743a806-3fdf-4e39-ac49-5ad3198a3616
2019-08-08 03:47:50,401 INFO  pipeline.PipelineStateManager (PipelineStateManager.java:addPipeline(56)) - Created pipeline Pipeline[ Id: 47b3f7c4-6e51-48c1-8f2a-165523e592cb, Nodes: 8743a806-3fdf-4e39-ac49-5ad3198a3616{ip: 192.168.5.133, host: byscane-nightly-5b87q-1102612012, networkLocation: /default-rack, certSerialId: null}, Type:RATIS, Factor:ONE, State:OPEN]
2019-08-08 03:47:50,423 INFO  impl.RaftServerProxy (RaftServerProxy.java:addNew(89)) - aa821608-d1f0-48d0-800b-f831b7f70f50: addNew group-5D5C28D8CB9D:[aa821608-d1f0-48d0-800b-f831b7f70f50:192.168.5.133:43319] returns group-5D5C28D8CB9D:java.util.concurrent.CompletableFuture@1b507ba9[Not completed]
2019-08-08 03:47:50,428 INFO  impl.RaftServerImpl (RaftServerImpl.java:<init>(93)) - aa821608-d1f0-48d0-800b-f831b7f70f50: new RaftServerImpl for group-5D5C28D8CB9D:[aa821608-d1f0-48d0-800b-f831b7f70f50:192.168.5.133:43319] with ContainerStateMachine:uninitialized
2019-08-08 03:47:50,428 INFO  server.RaftServerConfigKeys (ConfUtils.java:logGet(43)) - raft.server.rpc.timeout.min = 5s (custom)
2019-08-08 03:47:50,428 INFO  server.RaftServerConfigKeys (ConfUtils.java:logGet(43)) - raft.server.rpc.timeout.max = 5200ms (custom)
2019-08-08 03:47:50,428 INFO  server.RaftServerConfigKeys (ConfUtils.java:logGet(43)) - raft.server.rpcslowness.timeout = 120s (custom)
2019-08-08 03:47:50,429 INFO  server.RaftServerConfigKeys (ConfUtils.java:logGet(43)) - raft.server.sleep.deviation.threshold = 300 (default)
2019-08-08 03:47:50,429 INFO  server.RaftServerConfigKeys (ConfUtils.java:logGet(43)) - raft.server.log.appender.install.snapshot.enabled = false (custom)
2019-08-08 03:47:50,429 INFO  impl.RaftServerImpl (ServerState.java:<init>(105)) - aa821608-d1f0-48d0-800b-f831b7f70f50:group-5D5C28D8CB9D ConfigurationManager, init=-1: [aa821608-d1f0-48d0-800b-f831b7f70f50:192.168.5.133:43319], old=null, confs=<EMPTY_MAP>
2019-08-08 03:47:50,429 INFO  server.RaftServerConfigKeys (ConfUtils.java:logGet(43)) - raft.server.storage.dir = [/workdir/hadoop-ozone/integration-test/target/test-dir/MiniOzoneClusterImpl-bbbd5529-fb2f-4638-92cf-dc668c1c5c73/datanode-5/data/ratis] (custom)
2019-08-08 03:47:50,429 INFO  storage.RaftStorageDirectory (RaftStorageDirectory.java:analyzeStorage(246)) - The storage directory /workdir/hadoop-ozone/integration-test/target/test-dir/MiniOzoneClusterImpl-bbbd5529-fb2f-4638-92cf-dc668c1c5c73/datanode-5/data/ratis/2c53fc7e-d01d-48e3-aa50-5d5c28d8cb9d does not exist. Creating ...
2019-08-08 03:47:50,443 INFO  storage.RaftStorageDirectory (RaftStorageDirectory.java:tryLock(328)) - Lock on /workdir/hadoop-ozone/integration-test/target/test-dir/MiniOzoneClusterImpl-bbbd5529-fb2f-4638-92cf-dc668c1c5c73/datanode-5/data/ratis/2c53fc7e-d01d-48e3-aa50-5d5c28d8cb9d/in_use.lock acquired by nodename 3826@byscane-nightly-5b87q-1102612012
2019-08-08 03:47:50,454 INFO  storage.RaftStorage (RaftStorage.java:format(72)) - Storage directory /workdir/hadoop-ozone/integration-test/target/test-dir/MiniOzoneClusterImpl-bbbd5529-fb2f-4638-92cf-dc668c1c5c73/datanode-5/data/ratis/2c53fc7e-d01d-48e3-aa50-5d5c28d8cb9d has been successfully formatted.
2019-08-08 03:47:50,455 INFO  ratis.ContainerStateMachine (ContainerStateMachine.java:loadSnapshot(213)) - group-5D5C28D8CB9D: The snapshot info is null. Setting the last applied indexto:(t:0, i:~)
2019-08-08 03:47:50,455 INFO  server.RaftServerConfigKeys (ConfUtils.java:logGet(43)) - raft.server.leader.election.timeout = 120s (custom)
2019-08-08 03:47:50,455 INFO  server.RaftServerConfigKeys (ConfUtils.java:logGet(43)) - raft.server.log.use.memory = false (default)
2019-08-08 03:47:50,455 INFO  server.RaftServerConfigKeys (ConfUtils.java:logGet(43)) - raft.server.log.purge.gap = 1000000000 (custom)
2019-08-08 03:47:50,455 INFO  server.RaftServerConfigKeys (ConfUtils.java:logGet(43)) - raft.server.log.appender.buffer.byte-limit = 33554432 (custom)
2019-08-08 03:47:50,455 INFO  server.RaftServerConfigKeys (ConfUtils.java:logGet(43)) - raft.server.log.segment.size.max = 1048576 (custom)
2019-08-08 03:47:50,456 INFO  server.RaftServerConfigKeys (ConfUtils.java:logGet(43)) - raft.server.log.segment.cache.num.max = 2 (custom)
2019-08-08 03:47:50,456 INFO  segmented.SegmentedRaftLogWorker (SegmentedRaftLogWorker.java:<init>(172)) - new aa821608-d1f0-48d0-800b-f831b7f70f50-SegmentedRaftLogWorker:Storage Directory /workdir/hadoop-ozone/integration-test/target/test-dir/MiniOzoneClusterImpl-bbbd5529-fb2f-4638-92cf-dc668c1c5c73/datanode-5/data/ratis/2c53fc7e-d01d-48e3-aa50-5d5c28d8cb9d for RaftStorage:Storage Directory /workdir/hadoop-ozone/integration-test/target/test-dir/MiniOzoneClusterImpl-bbbd5529-fb2f-4638-92cf-dc668c1c5c73/datanode-5/data/ratis/2c53fc7e-d01d-48e3-aa50-5d5c28d8cb9d
2019-08-08 03:47:50,456 INFO  server.RaftServerConfigKeys (ConfUtils.java:logGet(43)) - raft.server.log.queue.byte-limit = 2147483647 (custom)
2019-08-08 03:47:50,456 INFO  server.RaftServerConfigKeys (ConfUtils.java:logGet(43)) - raft.server.log.queue.element-limit = 1024 (custom)
2019-08-08 03:47:50,456 INFO  server.RaftServerConfigKeys (ConfUtils.java:logGet(43)) - raft.server.log.segment.size.max = 1048576 (custom)
2019-08-08 03:47:50,457 INFO  server.RaftServerConfigKeys (ConfUtils.java:logGet(43)) - raft.server.log.preallocated.size = 16384 (custom)
2019-08-08 03:47:50,457 INFO  server.RaftServerConfigKeys (ConfUtils.java:logGet(43)) - raft.server.log.write.buffer.size = 33554432 (custom)
2019-08-08 03:47:50,457 INFO  server.RaftServerConfigKeys (ConfUtils.java:logGet(43)) - raft.server.log.force.sync.num = 128 (default)
2019-08-08 03:47:50,457 INFO  server.RaftServerConfigKeys (ConfUtils.java:logGet(43)) - raft.server.log.statemachine.data.sync = true (default)
2019-08-08 03:47:50,457 INFO  server.RaftServerConfigKeys (ConfUtils.java:logGet(43)) - raft.server.log.statemachine.data.sync.timeout = 10s (default)
2019-08-08 03:47:50,457 INFO  server.RaftServerConfigKeys (ConfUtils.java:logGet(43)) - raft.server.log.statemachine.data.sync.timeout.retry = -1 (default)
2019-08-08 03:47:50,458 INFO  server.RaftServerConfigKeys (ConfUtils.java:logGet(43)) - raft.server.log.statemachine.data.caching.enabled = true (custom)
2019-08-08 03:47:50,458 INFO  segmented.SegmentedRaftLogWorker (SegmentedRaftLogWorker.java:lambda$new$0(132)) - aa821608-d1f0-48d0-800b-f831b7f70f50-SegmentedRaftLogWorker:Storage Directory /workdir/hadoop-ozone/integration-test/target/test-dir/MiniOzoneClusterImpl-bbbd5529-fb2f-4638-92cf-dc668c1c5c73/datanode-5/data/ratis/2c53fc7e-d01d-48e3-aa50-5d5c28d8cb9d: flushIndex: setUnconditionally 0 -> -1
2019-08-08 03:47:50,458 INFO  server.RaftServerConfigKeys (ConfUtils.java:logGet(43)) - raft.server.snapshot.auto.trigger.enabled = true (custom)
2019-08-08 03:47:50,458 INFO  server.RaftServerConfigKeys (ConfUtils.java:logGet(43)) - raft.server.snapshot.auto.trigger.threshold = 10000 (custom)
2019-08-08 03:47:50,459 INFO  server.RaftServerConfigKeys (ConfUtils.java:logGet(43)) - raft.server.retrycache.expirytime = 600000ms (custom)
2019-08-08 03:47:50,459 INFO  impl.RaftServerImpl (RaftServerImpl.java:start(180)) - aa821608-d1f0-48d0-800b-f831b7f70f50: start group-5D5C28D8CB9D
2019-08-08 03:47:50,459 INFO  impl.RaftServerImpl (RaftServerImpl.java:setRole(171)) - aa821608-d1f0-48d0-800b-f831b7f70f50:group-5D5C28D8CB9D changes role from null to FOLLOWER at term 0 for startAsFollower
2019-08-08 03:47:50,459 INFO  impl.RoleInfo (RoleInfo.java:updateAndGet(143)) - aa821608-d1f0-48d0-800b-f831b7f70f50: start FollowerState
2019-08-08 03:47:50,460 INFO  util.JmxRegister (JmxRegister.java:tryRegister(44)) - Successfully registered JMX Bean with object name Ratis:service=RaftServer,group=group-5D5C28D8CB9D,id=aa821608-d1f0-48d0-800b-f831b7f70f50
2019-08-08 03:47:50,474 INFO  pipeline.PipelineStateManager (PipelineStateManager.java:addPipeline(56)) - Created pipeline Pipeline[ Id: 2c53fc7e-d01d-48e3-aa50-5d5c28d8cb9d, Nodes: aa821608-d1f0-48d0-800b-f831b7f70f50{ip: 192.168.5.133, host: byscane-nightly-5b87q-1102612012, networkLocation: /default-rack, certSerialId: null}, Type:RATIS, Factor:ONE, State:OPEN]
2019-08-08 03:47:50,502 INFO  impl.RaftServerProxy (RaftServerProxy.java:addNew(89)) - 8d3b2891-5ba8-461e-a3b4-ee1923c34eb8: addNew group-EC84640D7BB2:[8d3b2891-5ba8-461e-a3b4-ee1923c34eb8:192.168.5.133:45718] returns group-EC84640D7BB2:java.util.concurrent.CompletableFuture@2853fb83[Not completed]
2019-08-08 03:47:50,505 INFO  impl.RaftServerImpl (RaftServerImpl.java:<init>(93)) - 8d3b2891-5ba8-461e-a3b4-ee1923c34eb8: new RaftServerImpl for group-EC84640D7BB2:[8d3b2891-5ba8-461e-a3b4-ee1923c34eb8:192.168.5.133:45718] with ContainerStateMachine:uninitialized
2019-08-08 03:47:50,505 INFO  server.RaftServerConfigKeys (ConfUtils.java:logGet(43)) - raft.server.rpc.timeout.min = 5s (custom)
2019-08-08 03:47:50,506 INFO  server.RaftServerConfigKeys (ConfUtils.java:logGet(43)) - raft.server.rpc.timeout.max = 5200ms (custom)
2019-08-08 03:47:50,506 INFO  server.RaftServerConfigKeys (ConfUtils.java:logGet(43)) - raft.server.rpcslowness.timeout = 120s (custom)
2019-08-08 03:47:50,506 INFO  server.RaftServerConfigKeys (ConfUtils.java:logGet(43)) - raft.server.sleep.deviation.threshold = 300 (default)
2019-08-08 03:47:50,506 INFO  server.RaftServerConfigKeys (ConfUtils.java:logGet(43)) - raft.server.log.appender.install.snapshot.enabled = false (custom)
2019-08-08 03:47:50,506 INFO  impl.RaftServerImpl (ServerState.java:<init>(105)) - 8d3b2891-5ba8-461e-a3b4-ee1923c34eb8:group-EC84640D7BB2 ConfigurationManager, init=-1: [8d3b2891-5ba8-461e-a3b4-ee1923c34eb8:192.168.5.133:45718], old=null, confs=<EMPTY_MAP>
2019-08-08 03:47:50,507 INFO  server.RaftServerConfigKeys (ConfUtils.java:logGet(43)) - raft.server.storage.dir = [/workdir/hadoop-ozone/integration-test/target/test-dir/MiniOzoneClusterImpl-bbbd5529-fb2f-4638-92cf-dc668c1c5c73/datanode-4/data/ratis] (custom)
2019-08-08 03:47:50,507 INFO  storage.RaftStorageDirectory (RaftStorageDirectory.java:analyzeStorage(246)) - The storage directory /workdir/hadoop-ozone/integration-test/target/test-dir/MiniOzoneClusterImpl-bbbd5529-fb2f-4638-92cf-dc668c1c5c73/datanode-4/data/ratis/366d0855-6d0d-4ced-8906-ec84640d7bb2 does not exist. Creating ...
2019-08-08 03:47:50,511 INFO  storage.RaftStorageDirectory (RaftStorageDirectory.java:tryLock(328)) - Lock on /workdir/hadoop-ozone/integration-test/target/test-dir/MiniOzoneClusterImpl-bbbd5529-fb2f-4638-92cf-dc668c1c5c73/datanode-4/data/ratis/366d0855-6d0d-4ced-8906-ec84640d7bb2/in_use.lock acquired by nodename 3826@byscane-nightly-5b87q-1102612012
2019-08-08 03:47:50,515 INFO  storage.RaftStorage (RaftStorage.java:format(72)) - Storage directory /workdir/hadoop-ozone/integration-test/target/test-dir/MiniOzoneClusterImpl-bbbd5529-fb2f-4638-92cf-dc668c1c5c73/datanode-4/data/ratis/366d0855-6d0d-4ced-8906-ec84640d7bb2 has been successfully formatted.
2019-08-08 03:47:50,516 INFO  ratis.ContainerStateMachine (ContainerStateMachine.java:loadSnapshot(213)) - group-EC84640D7BB2: The snapshot info is null. Setting the last applied indexto:(t:0, i:~)
2019-08-08 03:47:50,516 INFO  server.RaftServerConfigKeys (ConfUtils.java:logGet(43)) - raft.server.leader.election.timeout = 120s (custom)
2019-08-08 03:47:50,516 INFO  server.RaftServerConfigKeys (ConfUtils.java:logGet(43)) - raft.server.log.use.memory = false (default)
2019-08-08 03:47:50,516 INFO  server.RaftServerConfigKeys (ConfUtils.java:logGet(43)) - raft.server.log.purge.gap = 1000000000 (custom)
2019-08-08 03:47:50,516 INFO  server.RaftServerConfigKeys (ConfUtils.java:logGet(43)) - raft.server.log.appender.buffer.byte-limit = 33554432 (custom)
2019-08-08 03:47:50,517 INFO  server.RaftServerConfigKeys (ConfUtils.java:logGet(43)) - raft.server.log.segment.size.max = 1048576 (custom)
2019-08-08 03:47:50,517 INFO  server.RaftServerConfigKeys (ConfUtils.java:logGet(43)) - raft.server.log.segment.cache.num.max = 2 (custom)
2019-08-08 03:47:50,517 INFO  segmented.SegmentedRaftLogWorker (SegmentedRaftLogWorker.java:<init>(172)) - new 8d3b2891-5ba8-461e-a3b4-ee1923c34eb8-SegmentedRaftLogWorker:Storage Directory /workdir/hadoop-ozone/integration-test/target/test-dir/MiniOzoneClusterImpl-bbbd5529-fb2f-4638-92cf-dc668c1c5c73/datanode-4/data/ratis/366d0855-6d0d-4ced-8906-ec84640d7bb2 for RaftStorage:Storage Directory /workdir/hadoop-ozone/integration-test/target/test-dir/MiniOzoneClusterImpl-bbbd5529-fb2f-4638-92cf-dc668c1c5c73/datanode-4/data/ratis/366d0855-6d0d-4ced-8906-ec84640d7bb2
2019-08-08 03:47:50,517 INFO  server.RaftServerConfigKeys (ConfUtils.java:logGet(43)) - raft.server.log.queue.byte-limit = 2147483647 (custom)
2019-08-08 03:47:50,517 INFO  server.RaftServerConfigKeys (ConfUtils.java:logGet(43)) - raft.server.log.queue.element-limit = 1024 (custom)
2019-08-08 03:47:50,518 INFO  server.RaftServerConfigKeys (ConfUtils.java:logGet(43)) - raft.server.log.segment.size.max = 1048576 (custom)
2019-08-08 03:47:50,518 INFO  server.RaftServerConfigKeys (ConfUtils.java:logGet(43)) - raft.server.log.preallocated.size = 16384 (custom)
2019-08-08 03:47:50,518 INFO  server.RaftServerConfigKeys (ConfUtils.java:logGet(43)) - raft.server.log.write.buffer.size = 33554432 (custom)
2019-08-08 03:47:50,518 INFO  server.RaftServerConfigKeys (ConfUtils.java:logGet(43)) - raft.server.log.force.sync.num = 128 (default)
2019-08-08 03:47:50,519 INFO  server.RaftServerConfigKeys (ConfUtils.java:logGet(43)) - raft.server.log.statemachine.data.sync = true (default)
2019-08-08 03:47:50,519 INFO  server.RaftServerConfigKeys (ConfUtils.java:logGet(43)) - raft.server.log.statemachine.data.sync.timeout = 10s (default)
2019-08-08 03:47:50,519 INFO  server.RaftServerConfigKeys (ConfUtils.java:logGet(43)) - raft.server.log.statemachine.data.sync.timeout.retry = -1 (default)
2019-08-08 03:47:50,519 INFO  server.RaftServerConfigKeys (ConfUtils.java:logGet(43)) - raft.server.log.statemachine.data.caching.enabled = true (custom)
2019-08-08 03:47:50,520 INFO  segmented.SegmentedRaftLogWorker (SegmentedRaftLogWorker.java:lambda$new$0(132)) - 8d3b2891-5ba8-461e-a3b4-ee1923c34eb8-SegmentedRaftLogWorker:Storage Directory /workdir/hadoop-ozone/integration-test/target/test-dir/MiniOzoneClusterImpl-bbbd5529-fb2f-4638-92cf-dc668c1c5c73/datanode-4/data/ratis/366d0855-6d0d-4ced-8906-ec84640d7bb2: flushIndex: setUnconditionally 0 -> -1
2019-08-08 03:47:50,520 INFO  server.RaftServerConfigKeys (ConfUtils.java:logGet(43)) - raft.server.snapshot.auto.trigger.enabled = true (custom)
2019-08-08 03:47:50,520 INFO  server.RaftServerConfigKeys (ConfUtils.java:logGet(43)) - raft.server.snapshot.auto.trigger.threshold = 10000 (custom)
2019-08-08 03:47:50,521 INFO  server.RaftServerConfigKeys (ConfUtils.java:logGet(43)) - raft.server.retrycache.expirytime = 600000ms (custom)
2019-08-08 03:47:50,521 INFO  impl.RaftServerImpl (RaftServerImpl.java:start(180)) - 8d3b2891-5ba8-461e-a3b4-ee1923c34eb8: start group-EC84640D7BB2
2019-08-08 03:47:50,521 INFO  impl.RaftServerImpl (RaftServerImpl.java:setRole(171)) - 8d3b2891-5ba8-461e-a3b4-ee1923c34eb8:group-EC84640D7BB2 changes role from null to FOLLOWER at term 0 for startAsFollower
2019-08-08 03:47:50,521 INFO  impl.RoleInfo (RoleInfo.java:updateAndGet(143)) - 8d3b2891-5ba8-461e-a3b4-ee1923c34eb8: start FollowerState
2019-08-08 03:47:50,522 INFO  util.JmxRegister (JmxRegister.java:tryRegister(44)) - Successfully registered JMX Bean with object name Ratis:service=RaftServer,group=group-EC84640D7BB2,id=8d3b2891-5ba8-461e-a3b4-ee1923c34eb8
2019-08-08 03:47:50,533 INFO  pipeline.PipelineStateManager (PipelineStateManager.java:addPipeline(56)) - Created pipeline Pipeline[ Id: 366d0855-6d0d-4ced-8906-ec84640d7bb2, Nodes: 8d3b2891-5ba8-461e-a3b4-ee1923c34eb8{ip: 192.168.5.133, host: byscane-nightly-5b87q-1102612012, networkLocation: /default-rack, certSerialId: null}, Type:RATIS, Factor:ONE, State:OPEN]
2019-08-08 03:47:50,582 INFO  impl.RaftServerProxy (RaftServerProxy.java:addNew(89)) - 67b8c38d-1c0c-410b-ad58-e04c3ee1fc44: addNew group-F87A33E6BF08:[209f9e72-f8f5-4204-b108-d69371c1f8f4:192.168.5.133:34890, 67b8c38d-1c0c-410b-ad58-e04c3ee1fc44:192.168.5.133:46655, 8743a806-3fdf-4e39-ac49-5ad3198a3616:192.168.5.133:36685] returns group-F87A33E6BF08:java.util.concurrent.CompletableFuture@54441b82[Not completed]
2019-08-08 03:47:50,582 INFO  impl.RaftServerProxy (RaftServerProxy.java:addNew(89)) - 209f9e72-f8f5-4204-b108-d69371c1f8f4: addNew group-F87A33E6BF08:[209f9e72-f8f5-4204-b108-d69371c1f8f4:192.168.5.133:34890, 67b8c38d-1c0c-410b-ad58-e04c3ee1fc44:192.168.5.133:46655, 8743a806-3fdf-4e39-ac49-5ad3198a3616:192.168.5.133:36685] returns group-F87A33E6BF08:java.util.concurrent.CompletableFuture@634551a9[Not completed]
2019-08-08 03:47:50,582 INFO  impl.RaftServerProxy (RaftServerProxy.java:addNew(89)) - 8743a806-3fdf-4e39-ac49-5ad3198a3616: addNew group-F87A33E6BF08:[209f9e72-f8f5-4204-b108-d69371c1f8f4:192.168.5.133:34890, 67b8c38d-1c0c-410b-ad58-e04c3ee1fc44:192.168.5.133:46655, 8743a806-3fdf-4e39-ac49-5ad3198a3616:192.168.5.133:36685] returns group-F87A33E6BF08:java.util.concurrent.CompletableFuture@1ac23ba0[Not completed]
2019-08-08 03:47:50,585 INFO  impl.RaftServerImpl (RaftServerImpl.java:<init>(93)) - 8743a806-3fdf-4e39-ac49-5ad3198a3616: new RaftServerImpl for group-F87A33E6BF08:[209f9e72-f8f5-4204-b108-d69371c1f8f4:192.168.5.133:34890, 67b8c38d-1c0c-410b-ad58-e04c3ee1fc44:192.168.5.133:46655, 8743a806-3fdf-4e39-ac49-5ad3198a3616:192.168.5.133:36685] with ContainerStateMachine:uninitialized
2019-08-08 03:47:50,585 INFO  server.RaftServerConfigKeys (ConfUtils.java:logGet(43)) - raft.server.rpc.timeout.min = 5s (custom)
2019-08-08 03:47:50,585 INFO  server.RaftServerConfigKeys (ConfUtils.java:logGet(43)) - raft.server.rpc.timeout.max = 5200ms (custom)
2019-08-08 03:47:50,585 INFO  server.RaftServerConfigKeys (ConfUtils.java:logGet(43)) - raft.server.rpcslowness.timeout = 120s (custom)
2019-08-08 03:47:50,585 INFO  server.RaftServerConfigKeys (ConfUtils.java:logGet(43)) - raft.server.sleep.deviation.threshold = 300 (default)
2019-08-08 03:47:50,585 INFO  server.RaftServerConfigKeys (ConfUtils.java:logGet(43)) - raft.server.log.appender.install.snapshot.enabled = false (custom)
2019-08-08 03:47:50,586 INFO  impl.RaftServerImpl (RaftServerImpl.java:<init>(93)) - 209f9e72-f8f5-4204-b108-d69371c1f8f4: new RaftServerImpl for group-F87A33E6BF08:[209f9e72-f8f5-4204-b108-d69371c1f8f4:192.168.5.133:34890, 67b8c38d-1c0c-410b-ad58-e04c3ee1fc44:192.168.5.133:46655, 8743a806-3fdf-4e39-ac49-5ad3198a3616:192.168.5.133:36685] with ContainerStateMachine:uninitialized
2019-08-08 03:47:50,586 INFO  impl.RaftServerImpl (ServerState.java:<init>(105)) - 8743a806-3fdf-4e39-ac49-5ad3198a3616:group-F87A33E6BF08 ConfigurationManager, init=-1: [209f9e72-f8f5-4204-b108-d69371c1f8f4:192.168.5.133:34890, 67b8c38d-1c0c-410b-ad58-e04c3ee1fc44:192.168.5.133:46655, 8743a806-3fdf-4e39-ac49-5ad3198a3616:192.168.5.133:36685], old=null, confs=<EMPTY_MAP>
2019-08-08 03:47:50,586 INFO  server.RaftServerConfigKeys (ConfUtils.java:logGet(43)) - raft.server.rpc.timeout.min = 5s (custom)
2019-08-08 03:47:50,586 INFO  server.RaftServerConfigKeys (ConfUtils.java:logGet(43)) - raft.server.storage.dir = [/workdir/hadoop-ozone/integration-test/target/test-dir/MiniOzoneClusterImpl-bbbd5529-fb2f-4638-92cf-dc668c1c5c73/datanode-2/data/ratis] (custom)
2019-08-08 03:47:50,586 INFO  server.RaftServerConfigKeys (ConfUtils.java:logGet(43)) - raft.server.rpc.timeout.max = 5200ms (custom)
2019-08-08 03:47:50,586 INFO  server.RaftServerConfigKeys (ConfUtils.java:logGet(43)) - raft.server.rpcslowness.timeout = 120s (custom)
2019-08-08 03:47:50,587 INFO  impl.RaftServerImpl (RaftServerImpl.java:<init>(93)) - 67b8c38d-1c0c-410b-ad58-e04c3ee1fc44: new RaftServerImpl for group-F87A33E6BF08:[209f9e72-f8f5-4204-b108-d69371c1f8f4:192.168.5.133:34890, 67b8c38d-1c0c-410b-ad58-e04c3ee1fc44:192.168.5.133:46655, 8743a806-3fdf-4e39-ac49-5ad3198a3616:192.168.5.133:36685] with ContainerStateMachine:uninitialized
2019-08-08 03:47:50,587 INFO  storage.RaftStorageDirectory (RaftStorageDirectory.java:analyzeStorage(246)) - The storage directory /workdir/hadoop-ozone/integration-test/target/test-dir/MiniOzoneClusterImpl-bbbd5529-fb2f-4638-92cf-dc668c1c5c73/datanode-2/data/ratis/f3c03ac2-bf91-47a8-ac2e-f87a33e6bf08 does not exist. Creating ...
2019-08-08 03:47:50,587 INFO  server.RaftServerConfigKeys (ConfUtils.java:logGet(43)) - raft.server.sleep.deviation.threshold = 300 (default)
2019-08-08 03:47:50,587 INFO  server.RaftServerConfigKeys (ConfUtils.java:logGet(43)) - raft.server.rpc.timeout.min = 5s (custom)
2019-08-08 03:47:50,587 INFO  server.RaftServerConfigKeys (ConfUtils.java:logGet(43)) - raft.server.log.appender.install.snapshot.enabled = false (custom)
2019-08-08 03:47:50,587 INFO  server.RaftServerConfigKeys (ConfUtils.java:logGet(43)) - raft.server.rpc.timeout.max = 5200ms (custom)
2019-08-08 03:47:50,587 INFO  impl.RaftServerImpl (ServerState.java:<init>(105)) - 209f9e72-f8f5-4204-b108-d69371c1f8f4:group-F87A33E6BF08 ConfigurationManager, init=-1: [209f9e72-f8f5-4204-b108-d69371c1f8f4:192.168.5.133:34890, 67b8c38d-1c0c-410b-ad58-e04c3ee1fc44:192.168.5.133:46655, 8743a806-3fdf-4e39-ac49-5ad3198a3616:192.168.5.133:36685], old=null, confs=<EMPTY_MAP>
2019-08-08 03:47:50,587 INFO  server.RaftServerConfigKeys (ConfUtils.java:logGet(43)) - raft.server.rpcslowness.timeout = 120s (custom)
2019-08-08 03:47:50,588 INFO  server.RaftServerConfigKeys (ConfUtils.java:logGet(43)) - raft.server.storage.dir = [/workdir/hadoop-ozone/integration-test/target/test-dir/MiniOzoneClusterImpl-bbbd5529-fb2f-4638-92cf-dc668c1c5c73/datanode-3/data/ratis] (custom)
2019-08-08 03:47:50,588 INFO  server.RaftServerConfigKeys (ConfUtils.java:logGet(43)) - raft.server.sleep.deviation.threshold = 300 (default)
2019-08-08 03:47:50,588 INFO  server.RaftServerConfigKeys (ConfUtils.java:logGet(43)) - raft.server.log.appender.install.snapshot.enabled = false (custom)
2019-08-08 03:47:50,588 INFO  storage.RaftStorageDirectory (RaftStorageDirectory.java:analyzeStorage(246)) - The storage directory /workdir/hadoop-ozone/integration-test/target/test-dir/MiniOzoneClusterImpl-bbbd5529-fb2f-4638-92cf-dc668c1c5c73/datanode-3/data/ratis/f3c03ac2-bf91-47a8-ac2e-f87a33e6bf08 does not exist. Creating ...
2019-08-08 03:47:50,588 INFO  impl.RaftServerImpl (ServerState.java:<init>(105)) - 67b8c38d-1c0c-410b-ad58-e04c3ee1fc44:group-F87A33E6BF08 ConfigurationManager, init=-1: [209f9e72-f8f5-4204-b108-d69371c1f8f4:192.168.5.133:34890, 67b8c38d-1c0c-410b-ad58-e04c3ee1fc44:192.168.5.133:46655, 8743a806-3fdf-4e39-ac49-5ad3198a3616:192.168.5.133:36685], old=null, confs=<EMPTY_MAP>
2019-08-08 03:47:50,589 INFO  server.RaftServerConfigKeys (ConfUtils.java:logGet(43)) - raft.server.storage.dir = [/workdir/hadoop-ozone/integration-test/target/test-dir/MiniOzoneClusterImpl-bbbd5529-fb2f-4638-92cf-dc668c1c5c73/datanode-1/data/ratis] (custom)
2019-08-08 03:47:50,589 INFO  storage.RaftStorageDirectory (RaftStorageDirectory.java:analyzeStorage(246)) - The storage directory /workdir/hadoop-ozone/integration-test/target/test-dir/MiniOzoneClusterImpl-bbbd5529-fb2f-4638-92cf-dc668c1c5c73/datanode-1/data/ratis/f3c03ac2-bf91-47a8-ac2e-f87a33e6bf08 does not exist. Creating ...
2019-08-08 03:47:50,600 INFO  storage.RaftStorageDirectory (RaftStorageDirectory.java:tryLock(328)) - Lock on /workdir/hadoop-ozone/integration-test/target/test-dir/MiniOzoneClusterImpl-bbbd5529-fb2f-4638-92cf-dc668c1c5c73/datanode-1/data/ratis/f3c03ac2-bf91-47a8-ac2e-f87a33e6bf08/in_use.lock acquired by nodename 3826@byscane-nightly-5b87q-1102612012
2019-08-08 03:47:50,600 INFO  storage.RaftStorageDirectory (RaftStorageDirectory.java:tryLock(328)) - Lock on /workdir/hadoop-ozone/integration-test/target/test-dir/MiniOzoneClusterImpl-bbbd5529-fb2f-4638-92cf-dc668c1c5c73/datanode-2/data/ratis/f3c03ac2-bf91-47a8-ac2e-f87a33e6bf08/in_use.lock acquired by nodename 3826@byscane-nightly-5b87q-1102612012
2019-08-08 03:47:50,600 INFO  storage.RaftStorageDirectory (RaftStorageDirectory.java:tryLock(328)) - Lock on /workdir/hadoop-ozone/integration-test/target/test-dir/MiniOzoneClusterImpl-bbbd5529-fb2f-4638-92cf-dc668c1c5c73/datanode-3/data/ratis/f3c03ac2-bf91-47a8-ac2e-f87a33e6bf08/in_use.lock acquired by nodename 3826@byscane-nightly-5b87q-1102612012
2019-08-08 03:47:50,605 INFO  storage.RaftStorage (RaftStorage.java:format(72)) - Storage directory /workdir/hadoop-ozone/integration-test/target/test-dir/MiniOzoneClusterImpl-bbbd5529-fb2f-4638-92cf-dc668c1c5c73/datanode-3/data/ratis/f3c03ac2-bf91-47a8-ac2e-f87a33e6bf08 has been successfully formatted.
2019-08-08 03:47:50,605 INFO  storage.RaftStorage (RaftStorage.java:format(72)) - Storage directory /workdir/hadoop-ozone/integration-test/target/test-dir/MiniOzoneClusterImpl-bbbd5529-fb2f-4638-92cf-dc668c1c5c73/datanode-2/data/ratis/f3c03ac2-bf91-47a8-ac2e-f87a33e6bf08 has been successfully formatted.
2019-08-08 03:47:50,605 INFO  storage.RaftStorage (RaftStorage.java:format(72)) - Storage directory /workdir/hadoop-ozone/integration-test/target/test-dir/MiniOzoneClusterImpl-bbbd5529-fb2f-4638-92cf-dc668c1c5c73/datanode-1/data/ratis/f3c03ac2-bf91-47a8-ac2e-f87a33e6bf08 has been successfully formatted.
2019-08-08 03:47:50,605 INFO  ratis.ContainerStateMachine (ContainerStateMachine.java:loadSnapshot(213)) - group-F87A33E6BF08: The snapshot info is null. Setting the last applied indexto:(t:0, i:~)
2019-08-08 03:47:50,605 INFO  ratis.ContainerStateMachine (ContainerStateMachine.java:loadSnapshot(213)) - group-F87A33E6BF08: The snapshot info is null. Setting the last applied indexto:(t:0, i:~)
2019-08-08 03:47:50,605 INFO  server.RaftServerConfigKeys (ConfUtils.java:logGet(43)) - raft.server.leader.election.timeout = 120s (custom)
2019-08-08 03:47:50,605 INFO  ratis.ContainerStateMachine (ContainerStateMachine.java:loadSnapshot(213)) - group-F87A33E6BF08: The snapshot info is null. Setting the last applied indexto:(t:0, i:~)
2019-08-08 03:47:50,606 INFO  server.RaftServerConfigKeys (ConfUtils.java:logGet(43)) - raft.server.log.use.memory = false (default)
2019-08-08 03:47:50,606 INFO  server.RaftServerConfigKeys (ConfUtils.java:logGet(43)) - raft.server.leader.election.timeout = 120s (custom)
2019-08-08 03:47:50,606 INFO  server.RaftServerConfigKeys (ConfUtils.java:logGet(43)) - raft.server.log.purge.gap = 1000000000 (custom)
2019-08-08 03:47:50,606 INFO  server.RaftServerConfigKeys (ConfUtils.java:logGet(43)) - raft.server.leader.election.timeout = 120s (custom)
2019-08-08 03:47:50,606 INFO  server.RaftServerConfigKeys (ConfUtils.java:logGet(43)) - raft.server.log.appender.buffer.byte-limit = 33554432 (custom)
2019-08-08 03:47:50,606 INFO  server.RaftServerConfigKeys (ConfUtils.java:logGet(43)) - raft.server.log.use.memory = false (default)
2019-08-08 03:47:50,607 INFO  server.RaftServerConfigKeys (ConfUtils.java:logGet(43)) - raft.server.log.segment.size.max = 1048576 (custom)
2019-08-08 03:47:50,606 INFO  server.RaftServerConfigKeys (ConfUtils.java:logGet(43)) - raft.server.log.use.memory = false (default)
2019-08-08 03:47:50,607 INFO  server.RaftServerConfigKeys (ConfUtils.java:logGet(43)) - raft.server.log.segment.cache.num.max = 2 (custom)
2019-08-08 03:47:50,607 INFO  server.RaftServerConfigKeys (ConfUtils.java:logGet(43)) - raft.server.log.purge.gap = 1000000000 (custom)
2019-08-08 03:47:50,607 INFO  segmented.SegmentedRaftLogWorker (SegmentedRaftLogWorker.java:<init>(172)) - new 209f9e72-f8f5-4204-b108-d69371c1f8f4-SegmentedRaftLogWorker:Storage Directory /workdir/hadoop-ozone/integration-test/target/test-dir/MiniOzoneClusterImpl-bbbd5529-fb2f-4638-92cf-dc668c1c5c73/datanode-3/data/ratis/f3c03ac2-bf91-47a8-ac2e-f87a33e6bf08 for RaftStorage:Storage Directory /workdir/hadoop-ozone/integration-test/target/test-dir/MiniOzoneClusterImpl-bbbd5529-fb2f-4638-92cf-dc668c1c5c73/datanode-3/data/ratis/f3c03ac2-bf91-47a8-ac2e-f87a33e6bf08
2019-08-08 03:47:50,607 INFO  server.RaftServerConfigKeys (ConfUtils.java:logGet(43)) - raft.server.log.appender.buffer.byte-limit = 33554432 (custom)
2019-08-08 03:47:50,607 INFO  server.RaftServerConfigKeys (ConfUtils.java:logGet(43)) - raft.server.log.purge.gap = 1000000000 (custom)
2019-08-08 03:47:50,609 INFO  server.RaftServerConfigKeys (ConfUtils.java:logGet(43)) - raft.server.log.segment.size.max = 1048576 (custom)
2019-08-08 03:47:50,607 INFO  server.RaftServerConfigKeys (ConfUtils.java:logGet(43)) - raft.server.log.queue.byte-limit = 2147483647 (custom)
2019-08-08 03:47:50,609 INFO  server.RaftServerConfigKeys (ConfUtils.java:logGet(43)) - raft.server.log.segment.cache.num.max = 2 (custom)
2019-08-08 03:47:50,609 INFO  server.RaftServerConfigKeys (ConfUtils.java:logGet(43)) - raft.server.log.appender.buffer.byte-limit = 33554432 (custom)
2019-08-08 03:47:50,609 INFO  segmented.SegmentedRaftLogWorker (SegmentedRaftLogWorker.java:<init>(172)) - new 8743a806-3fdf-4e39-ac49-5ad3198a3616-SegmentedRaftLogWorker:Storage Directory /workdir/hadoop-ozone/integration-test/target/test-dir/MiniOzoneClusterImpl-bbbd5529-fb2f-4638-92cf-dc668c1c5c73/datanode-2/data/ratis/f3c03ac2-bf91-47a8-ac2e-f87a33e6bf08 for RaftStorage:Storage Directory /workdir/hadoop-ozone/integration-test/target/test-dir/MiniOzoneClusterImpl-bbbd5529-fb2f-4638-92cf-dc668c1c5c73/datanode-2/data/ratis/f3c03ac2-bf91-47a8-ac2e-f87a33e6bf08
2019-08-08 03:47:50,609 INFO  server.RaftServerConfigKeys (ConfUtils.java:logGet(43)) - raft.server.log.queue.element-limit = 1024 (custom)
2019-08-08 03:47:50,610 INFO  server.RaftServerConfigKeys (ConfUtils.java:logGet(43)) - raft.server.log.queue.byte-limit = 2147483647 (custom)
2019-08-08 03:47:50,610 INFO  server.RaftServerConfigKeys (ConfUtils.java:logGet(43)) - raft.server.log.segment.size.max = 1048576 (custom)
2019-08-08 03:47:50,612 INFO  server.RaftServerConfigKeys (ConfUtils.java:logGet(43)) - raft.server.log.queue.element-limit = 1024 (custom)
2019-08-08 03:47:50,611 INFO  server.RaftServerConfigKeys (ConfUtils.java:logGet(43)) - raft.server.log.segment.size.max = 1048576 (custom)
2019-08-08 03:47:50,612 INFO  server.RaftServerConfigKeys (ConfUtils.java:logGet(43)) - raft.server.log.segment.size.max = 1048576 (custom)
2019-08-08 03:47:50,612 INFO  server.RaftServerConfigKeys (ConfUtils.java:logGet(43)) - raft.server.log.segment.cache.num.max = 2 (custom)
2019-08-08 03:47:50,612 INFO  server.RaftServerConfigKeys (ConfUtils.java:logGet(43)) - raft.server.log.preallocated.size = 16384 (custom)
2019-08-08 03:47:50,612 INFO  server.RaftServerConfigKeys (ConfUtils.java:logGet(43)) - raft.server.log.preallocated.size = 16384 (custom)
2019-08-08 03:47:50,613 INFO  server.RaftServerConfigKeys (ConfUtils.java:logGet(43)) - raft.server.log.write.buffer.size = 33554432 (custom)
2019-08-08 03:47:50,612 INFO  segmented.SegmentedRaftLogWorker (SegmentedRaftLogWorker.java:<init>(172)) - new 67b8c38d-1c0c-410b-ad58-e04c3ee1fc44-SegmentedRaftLogWorker:Storage Directory /workdir/hadoop-ozone/integration-test/target/test-dir/MiniOzoneClusterImpl-bbbd5529-fb2f-4638-92cf-dc668c1c5c73/datanode-1/data/ratis/f3c03ac2-bf91-47a8-ac2e-f87a33e6bf08 for RaftStorage:Storage Directory /workdir/hadoop-ozone/integration-test/target/test-dir/MiniOzoneClusterImpl-bbbd5529-fb2f-4638-92cf-dc668c1c5c73/datanode-1/data/ratis/f3c03ac2-bf91-47a8-ac2e-f87a33e6bf08
2019-08-08 03:47:50,613 INFO  server.RaftServerConfigKeys (ConfUtils.java:logGet(43)) - raft.server.log.force.sync.num = 128 (default)
2019-08-08 03:47:50,613 INFO  server.RaftServerConfigKeys (ConfUtils.java:logGet(43)) - raft.server.log.write.buffer.size = 33554432 (custom)
2019-08-08 03:47:50,613 INFO  server.RaftServerConfigKeys (ConfUtils.java:logGet(43)) - raft.server.log.statemachine.data.sync = true (default)
2019-08-08 03:47:50,613 INFO  server.RaftServerConfigKeys (ConfUtils.java:logGet(43)) - raft.server.log.queue.byte-limit = 2147483647 (custom)
2019-08-08 03:47:50,615 INFO  server.RaftServerConfigKeys (ConfUtils.java:logGet(43)) - raft.server.log.statemachine.data.sync.timeout = 10s (default)
2019-08-08 03:47:50,615 INFO  server.RaftServerConfigKeys (ConfUtils.java:logGet(43)) - raft.server.log.force.sync.num = 128 (default)
2019-08-08 03:47:50,615 INFO  server.RaftServerConfigKeys (ConfUtils.java:logGet(43)) - raft.server.log.statemachine.data.sync.timeout.retry = -1 (default)
2019-08-08 03:47:50,615 INFO  server.RaftServerConfigKeys (ConfUtils.java:logGet(43)) - raft.server.log.queue.element-limit = 1024 (custom)
2019-08-08 03:47:50,616 INFO  server.RaftServerConfigKeys (ConfUtils.java:logGet(43)) - raft.server.log.statemachine.data.caching.enabled = true (custom)
2019-08-08 03:47:50,616 INFO  server.RaftServerConfigKeys (ConfUtils.java:logGet(43)) - raft.server.log.statemachine.data.sync = true (default)
2019-08-08 03:47:50,616 INFO  server.RaftServerConfigKeys (ConfUtils.java:logGet(43)) - raft.server.log.segment.size.max = 1048576 (custom)
2019-08-08 03:47:50,616 INFO  server.RaftServerConfigKeys (ConfUtils.java:logGet(43)) - raft.server.log.statemachine.data.sync.timeout = 10s (default)
2019-08-08 03:47:50,616 INFO  segmented.SegmentedRaftLogWorker (SegmentedRaftLogWorker.java:lambda$new$0(132)) - 8743a806-3fdf-4e39-ac49-5ad3198a3616-SegmentedRaftLogWorker:Storage Directory /workdir/hadoop-ozone/integration-test/target/test-dir/MiniOzoneClusterImpl-bbbd5529-fb2f-4638-92cf-dc668c1c5c73/datanode-2/data/ratis/f3c03ac2-bf91-47a8-ac2e-f87a33e6bf08: flushIndex: setUnconditionally 0 -> -1
2019-08-08 03:47:50,617 INFO  server.RaftServerConfigKeys (ConfUtils.java:logGet(43)) - raft.server.log.statemachine.data.sync.timeout.retry = -1 (default)
2019-08-08 03:47:50,616 INFO  server.RaftServerConfigKeys (ConfUtils.java:logGet(43)) - raft.server.log.preallocated.size = 16384 (custom)
2019-08-08 03:47:50,617 INFO  server.RaftServerConfigKeys (ConfUtils.java:logGet(43)) - raft.server.snapshot.auto.trigger.enabled = true (custom)
2019-08-08 03:47:50,617 INFO  server.RaftServerConfigKeys (ConfUtils.java:logGet(43)) - raft.server.log.statemachine.data.caching.enabled = true (custom)
2019-08-08 03:47:50,617 INFO  server.RaftServerConfigKeys (ConfUtils.java:logGet(43)) - raft.server.snapshot.auto.trigger.threshold = 10000 (custom)
2019-08-08 03:47:50,617 INFO  server.RaftServerConfigKeys (ConfUtils.java:logGet(43)) - raft.server.log.write.buffer.size = 33554432 (custom)
2019-08-08 03:47:50,618 INFO  server.RaftServerConfigKeys (ConfUtils.java:logGet(43)) - raft.server.retrycache.expirytime = 600000ms (custom)
2019-08-08 03:47:50,618 INFO  segmented.SegmentedRaftLogWorker (SegmentedRaftLogWorker.java:lambda$new$0(132)) - 209f9e72-f8f5-4204-b108-d69371c1f8f4-SegmentedRaftLogWorker:Storage Directory /workdir/hadoop-ozone/integration-test/target/test-dir/MiniOzoneClusterImpl-bbbd5529-fb2f-4638-92cf-dc668c1c5c73/datanode-3/data/ratis/f3c03ac2-bf91-47a8-ac2e-f87a33e6bf08: flushIndex: setUnconditionally 0 -> -1
2019-08-08 03:47:50,618 INFO  server.RaftServerConfigKeys (ConfUtils.java:logGet(43)) - raft.server.log.force.sync.num = 128 (default)
2019-08-08 03:47:50,618 INFO  impl.RaftServerImpl (RaftServerImpl.java:start(180)) - 8743a806-3fdf-4e39-ac49-5ad3198a3616: start group-F87A33E6BF08
2019-08-08 03:47:50,618 INFO  server.RaftServerConfigKeys (ConfUtils.java:logGet(43)) - raft.server.snapshot.auto.trigger.enabled = true (custom)
2019-08-08 03:47:50,618 INFO  server.RaftServerConfigKeys (ConfUtils.java:logGet(43)) - raft.server.log.statemachine.data.sync = true (default)
2019-08-08 03:47:50,618 INFO  server.RaftServerConfigKeys (ConfUtils.java:logGet(43)) - raft.server.snapshot.auto.trigger.threshold = 10000 (custom)
2019-08-08 03:47:50,618 INFO  impl.RaftServerImpl (RaftServerImpl.java:setRole(171)) - 8743a806-3fdf-4e39-ac49-5ad3198a3616:group-F87A33E6BF08 changes role from null to FOLLOWER at term 0 for startAsFollower
2019-08-08 03:47:50,619 INFO  server.RaftServerConfigKeys (ConfUtils.java:logGet(43)) - raft.server.retrycache.expirytime = 600000ms (custom)
2019-08-08 03:47:50,619 INFO  server.RaftServerConfigKeys (ConfUtils.java:logGet(43)) - raft.server.log.statemachine.data.sync.timeout = 10s (default)
2019-08-08 03:47:50,619 INFO  impl.RaftServerImpl (RaftServerImpl.java:start(180)) - 209f9e72-f8f5-4204-b108-d69371c1f8f4: start group-F87A33E6BF08
2019-08-08 03:47:50,619 INFO  impl.RoleInfo (RoleInfo.java:updateAndGet(143)) - 8743a806-3fdf-4e39-ac49-5ad3198a3616: start FollowerState
2019-08-08 03:47:50,619 INFO  impl.RaftServerImpl (RaftServerImpl.java:setRole(171)) - 209f9e72-f8f5-4204-b108-d69371c1f8f4:group-F87A33E6BF08 changes role from null to FOLLOWER at term 0 for startAsFollower
2019-08-08 03:47:50,619 INFO  server.RaftServerConfigKeys (ConfUtils.java:logGet(43)) - raft.server.log.statemachine.data.sync.timeout.retry = -1 (default)
2019-08-08 03:47:50,620 INFO  impl.RoleInfo (RoleInfo.java:updateAndGet(143)) - 209f9e72-f8f5-4204-b108-d69371c1f8f4: start FollowerState
2019-08-08 03:47:50,620 INFO  server.RaftServerConfigKeys (ConfUtils.java:logGet(43)) - raft.server.log.statemachine.data.caching.enabled = true (custom)
2019-08-08 03:47:50,620 INFO  util.JmxRegister (JmxRegister.java:tryRegister(44)) - Successfully registered JMX Bean with object name Ratis:service=RaftServer,group=group-F87A33E6BF08,id=8743a806-3fdf-4e39-ac49-5ad3198a3616
2019-08-08 03:47:50,620 INFO  util.JmxRegister (JmxRegister.java:tryRegister(44)) - Successfully registered JMX Bean with object name Ratis:service=RaftServer,group=group-F87A33E6BF08,id=209f9e72-f8f5-4204-b108-d69371c1f8f4
2019-08-08 03:47:50,620 INFO  segmented.SegmentedRaftLogWorker (SegmentedRaftLogWorker.java:lambda$new$0(132)) - 67b8c38d-1c0c-410b-ad58-e04c3ee1fc44-SegmentedRaftLogWorker:Storage Directory /workdir/hadoop-ozone/integration-test/target/test-dir/MiniOzoneClusterImpl-bbbd5529-fb2f-4638-92cf-dc668c1c5c73/datanode-1/data/ratis/f3c03ac2-bf91-47a8-ac2e-f87a33e6bf08: flushIndex: setUnconditionally 0 -> -1
2019-08-08 03:47:50,621 INFO  server.RaftServerConfigKeys (ConfUtils.java:logGet(43)) - raft.server.snapshot.auto.trigger.enabled = true (custom)
2019-08-08 03:47:50,621 INFO  server.RaftServerConfigKeys (ConfUtils.java:logGet(43)) - raft.server.snapshot.auto.trigger.threshold = 10000 (custom)
2019-08-08 03:47:50,621 INFO  server.RaftServerConfigKeys (ConfUtils.java:logGet(43)) - raft.server.retrycache.expirytime = 600000ms (custom)
2019-08-08 03:47:50,621 INFO  impl.RaftServerImpl (RaftServerImpl.java:start(180)) - 67b8c38d-1c0c-410b-ad58-e04c3ee1fc44: start group-F87A33E6BF08
2019-08-08 03:47:50,621 INFO  impl.RaftServerImpl (RaftServerImpl.java:setRole(171)) - 67b8c38d-1c0c-410b-ad58-e04c3ee1fc44:group-F87A33E6BF08 changes role from null to FOLLOWER at term 0 for startAsFollower
2019-08-08 03:47:50,623 INFO  impl.RoleInfo (RoleInfo.java:updateAndGet(143)) - 67b8c38d-1c0c-410b-ad58-e04c3ee1fc44: start FollowerState
2019-08-08 03:47:50,623 INFO  util.JmxRegister (JmxRegister.java:tryRegister(44)) - Successfully registered JMX Bean with object name Ratis:service=RaftServer,group=group-F87A33E6BF08,id=67b8c38d-1c0c-410b-ad58-e04c3ee1fc44
2019-08-08 03:47:50,642 INFO  pipeline.PipelineStateManager (PipelineStateManager.java:addPipeline(56)) - Created pipeline Pipeline[ Id: f3c03ac2-bf91-47a8-ac2e-f87a33e6bf08, Nodes: 209f9e72-f8f5-4204-b108-d69371c1f8f4{ip: 192.168.5.133, host: byscane-nightly-5b87q-1102612012, networkLocation: /default-rack, certSerialId: null}67b8c38d-1c0c-410b-ad58-e04c3ee1fc44{ip: 192.168.5.133, host: byscane-nightly-5b87q-1102612012, networkLocation: /default-rack, certSerialId: null}8743a806-3fdf-4e39-ac49-5ad3198a3616{ip: 192.168.5.133, host: byscane-nightly-5b87q-1102612012, networkLocation: /default-rack, certSerialId: null}, Type:RATIS, Factor:THREE, State:OPEN]
2019-08-08 03:47:50,667 INFO  impl.RaftServerProxy (RaftServerProxy.java:addNew(89)) - 45ff45e8-57f8-49dd-a9c3-9fe318182704: addNew group-B2B2AAE4B515:[8d3b2891-5ba8-461e-a3b4-ee1923c34eb8:192.168.5.133:45718, 45ff45e8-57f8-49dd-a9c3-9fe318182704:192.168.5.133:45139, aa821608-d1f0-48d0-800b-f831b7f70f50:192.168.5.133:43319] returns group-B2B2AAE4B515:java.util.concurrent.CompletableFuture@ee7fd67[Not completed]
2019-08-08 03:47:50,667 INFO  impl.RaftServerProxy (RaftServerProxy.java:addNew(89)) - 8d3b2891-5ba8-461e-a3b4-ee1923c34eb8: addNew group-B2B2AAE4B515:[8d3b2891-5ba8-461e-a3b4-ee1923c34eb8:192.168.5.133:45718, 45ff45e8-57f8-49dd-a9c3-9fe318182704:192.168.5.133:45139, aa821608-d1f0-48d0-800b-f831b7f70f50:192.168.5.133:43319] returns group-B2B2AAE4B515:java.util.concurrent.CompletableFuture@1dbed164[Not completed]
2019-08-08 03:47:50,668 INFO  impl.RaftServerProxy (RaftServerProxy.java:addNew(89)) - aa821608-d1f0-48d0-800b-f831b7f70f50: addNew group-B2B2AAE4B515:[8d3b2891-5ba8-461e-a3b4-ee1923c34eb8:192.168.5.133:45718, 45ff45e8-57f8-49dd-a9c3-9fe318182704:192.168.5.133:45139, aa821608-d1f0-48d0-800b-f831b7f70f50:192.168.5.133:43319] returns group-B2B2AAE4B515:java.util.concurrent.CompletableFuture@2cc04654[Not completed]
2019-08-08 03:47:50,671 INFO  impl.RaftServerImpl (RaftServerImpl.java:<init>(93)) - 8d3b2891-5ba8-461e-a3b4-ee1923c34eb8: new RaftServerImpl for group-B2B2AAE4B515:[8d3b2891-5ba8-461e-a3b4-ee1923c34eb8:192.168.5.133:45718, 45ff45e8-57f8-49dd-a9c3-9fe318182704:192.168.5.133:45139, aa821608-d1f0-48d0-800b-f831b7f70f50:192.168.5.133:43319] with ContainerStateMachine:uninitialized
2019-08-08 03:47:50,671 INFO  server.RaftServerConfigKeys (ConfUtils.java:logGet(43)) - raft.server.rpc.timeout.min = 5s (custom)
2019-08-08 03:47:50,671 INFO  server.RaftServerConfigKeys (ConfUtils.java:logGet(43)) - raft.server.rpc.timeout.max = 5200ms (custom)
2019-08-08 03:47:50,671 INFO  server.RaftServerConfigKeys (ConfUtils.java:logGet(43)) - raft.server.rpcslowness.timeout = 120s (custom)
2019-08-08 03:47:50,671 INFO  server.RaftServerConfigKeys (ConfUtils.java:logGet(43)) - raft.server.sleep.deviation.threshold = 300 (default)
2019-08-08 03:47:50,672 INFO  server.RaftServerConfigKeys (ConfUtils.java:logGet(43)) - raft.server.log.appender.install.snapshot.enabled = false (custom)
2019-08-08 03:47:50,672 INFO  impl.RaftServerImpl (ServerState.java:<init>(105)) - 8d3b2891-5ba8-461e-a3b4-ee1923c34eb8:group-B2B2AAE4B515 ConfigurationManager, init=-1: [8d3b2891-5ba8-461e-a3b4-ee1923c34eb8:192.168.5.133:45718, 45ff45e8-57f8-49dd-a9c3-9fe318182704:192.168.5.133:45139, aa821608-d1f0-48d0-800b-f831b7f70f50:192.168.5.133:43319], old=null, confs=<EMPTY_MAP>
2019-08-08 03:47:50,672 INFO  server.RaftServerConfigKeys (ConfUtils.java:logGet(43)) - raft.server.storage.dir = [/workdir/hadoop-ozone/integration-test/target/test-dir/MiniOzoneClusterImpl-bbbd5529-fb2f-4638-92cf-dc668c1c5c73/datanode-4/data/ratis] (custom)
2019-08-08 03:47:50,672 INFO  impl.RaftServerImpl (RaftServerImpl.java:<init>(93)) - 45ff45e8-57f8-49dd-a9c3-9fe318182704: new RaftServerImpl for group-B2B2AAE4B515:[8d3b2891-5ba8-461e-a3b4-ee1923c34eb8:192.168.5.133:45718, 45ff45e8-57f8-49dd-a9c3-9fe318182704:192.168.5.133:45139, aa821608-d1f0-48d0-800b-f831b7f70f50:192.168.5.133:43319] with ContainerStateMachine:uninitialized
2019-08-08 03:47:50,672 INFO  storage.RaftStorageDirectory (RaftStorageDirectory.java:analyzeStorage(246)) - The storage directory /workdir/hadoop-ozone/integration-test/target/test-dir/MiniOzoneClusterImpl-bbbd5529-fb2f-4638-92cf-dc668c1c5c73/datanode-4/data/ratis/dae0541b-3e06-4fd2-9766-b2b2aae4b515 does not exist. Creating ...
2019-08-08 03:47:50,672 INFO  server.RaftServerConfigKeys (ConfUtils.java:logGet(43)) - raft.server.rpc.timeout.min = 5s (custom)
2019-08-08 03:47:50,673 INFO  server.RaftServerConfigKeys (ConfUtils.java:logGet(43)) - raft.server.rpc.timeout.max = 5200ms (custom)
2019-08-08 03:47:50,673 INFO  server.RaftServerConfigKeys (ConfUtils.java:logGet(43)) - raft.server.rpcslowness.timeout = 120s (custom)
2019-08-08 03:47:50,673 INFO  server.RaftServerConfigKeys (ConfUtils.java:logGet(43)) - raft.server.sleep.deviation.threshold = 300 (default)
2019-08-08 03:47:50,673 INFO  server.RaftServerConfigKeys (ConfUtils.java:logGet(43)) - raft.server.log.appender.install.snapshot.enabled = false (custom)
2019-08-08 03:47:50,673 INFO  impl.RaftServerImpl (RaftServerImpl.java:<init>(93)) - aa821608-d1f0-48d0-800b-f831b7f70f50: new RaftServerImpl for group-B2B2AAE4B515:[8d3b2891-5ba8-461e-a3b4-ee1923c34eb8:192.168.5.133:45718, 45ff45e8-57f8-49dd-a9c3-9fe318182704:192.168.5.133:45139, aa821608-d1f0-48d0-800b-f831b7f70f50:192.168.5.133:43319] with ContainerStateMachine:uninitialized
2019-08-08 03:47:50,673 INFO  impl.RaftServerImpl (ServerState.java:<init>(105)) - 45ff45e8-57f8-49dd-a9c3-9fe318182704:group-B2B2AAE4B515 ConfigurationManager, init=-1: [8d3b2891-5ba8-461e-a3b4-ee1923c34eb8:192.168.5.133:45718, 45ff45e8-57f8-49dd-a9c3-9fe318182704:192.168.5.133:45139, aa821608-d1f0-48d0-800b-f831b7f70f50:192.168.5.133:43319], old=null, confs=<EMPTY_MAP>
2019-08-08 03:47:50,673 INFO  server.RaftServerConfigKeys (ConfUtils.java:logGet(43)) - raft.server.rpc.timeout.min = 5s (custom)
2019-08-08 03:47:50,674 INFO  server.RaftServerConfigKeys (ConfUtils.java:logGet(43)) - raft.server.storage.dir = [/workdir/hadoop-ozone/integration-test/target/test-dir/MiniOzoneClusterImpl-bbbd5529-fb2f-4638-92cf-dc668c1c5c73/datanode-0/data/ratis] (custom)
2019-08-08 03:47:50,674 INFO  server.RaftServerConfigKeys (ConfUtils.java:logGet(43)) - raft.server.rpc.timeout.max = 5200ms (custom)
2019-08-08 03:47:50,674 INFO  server.RaftServerConfigKeys (ConfUtils.java:logGet(43)) - raft.server.rpcslowness.timeout = 120s (custom)
2019-08-08 03:47:50,674 INFO  storage.RaftStorageDirectory (RaftStorageDirectory.java:analyzeStorage(246)) - The storage directory /workdir/hadoop-ozone/integration-test/target/test-dir/MiniOzoneClusterImpl-bbbd5529-fb2f-4638-92cf-dc668c1c5c73/datanode-0/data/ratis/dae0541b-3e06-4fd2-9766-b2b2aae4b515 does not exist. Creating ...
2019-08-08 03:47:50,674 INFO  server.RaftServerConfigKeys (ConfUtils.java:logGet(43)) - raft.server.sleep.deviation.threshold = 300 (default)
2019-08-08 03:47:50,674 INFO  server.RaftServerConfigKeys (ConfUtils.java:logGet(43)) - raft.server.log.appender.install.snapshot.enabled = false (custom)
2019-08-08 03:47:50,675 INFO  impl.RaftServerImpl (ServerState.java:<init>(105)) - aa821608-d1f0-48d0-800b-f831b7f70f50:group-B2B2AAE4B515 ConfigurationManager, init=-1: [8d3b2891-5ba8-461e-a3b4-ee1923c34eb8:192.168.5.133:45718, 45ff45e8-57f8-49dd-a9c3-9fe318182704:192.168.5.133:45139, aa821608-d1f0-48d0-800b-f831b7f70f50:192.168.5.133:43319], old=null, confs=<EMPTY_MAP>
2019-08-08 03:47:50,675 INFO  server.RaftServerConfigKeys (ConfUtils.java:logGet(43)) - raft.server.storage.dir = [/workdir/hadoop-ozone/integration-test/target/test-dir/MiniOzoneClusterImpl-bbbd5529-fb2f-4638-92cf-dc668c1c5c73/datanode-5/data/ratis] (custom)
2019-08-08 03:47:50,675 INFO  storage.RaftStorageDirectory (RaftStorageDirectory.java:analyzeStorage(246)) - The storage directory /workdir/hadoop-ozone/integration-test/target/test-dir/MiniOzoneClusterImpl-bbbd5529-fb2f-4638-92cf-dc668c1c5c73/datanode-5/data/ratis/dae0541b-3e06-4fd2-9766-b2b2aae4b515 does not exist. Creating ...
2019-08-08 03:47:50,686 INFO  storage.RaftStorageDirectory (RaftStorageDirectory.java:tryLock(328)) - Lock on /workdir/hadoop-ozone/integration-test/target/test-dir/MiniOzoneClusterImpl-bbbd5529-fb2f-4638-92cf-dc668c1c5c73/datanode-0/data/ratis/dae0541b-3e06-4fd2-9766-b2b2aae4b515/in_use.lock acquired by nodename 3826@byscane-nightly-5b87q-1102612012
2019-08-08 03:47:50,686 INFO  storage.RaftStorageDirectory (RaftStorageDirectory.java:tryLock(328)) - Lock on /workdir/hadoop-ozone/integration-test/target/test-dir/MiniOzoneClusterImpl-bbbd5529-fb2f-4638-92cf-dc668c1c5c73/datanode-4/data/ratis/dae0541b-3e06-4fd2-9766-b2b2aae4b515/in_use.lock acquired by nodename 3826@byscane-nightly-5b87q-1102612012
2019-08-08 03:47:50,686 INFO  storage.RaftStorageDirectory (RaftStorageDirectory.java:tryLock(328)) - Lock on /workdir/hadoop-ozone/integration-test/target/test-dir/MiniOzoneClusterImpl-bbbd5529-fb2f-4638-92cf-dc668c1c5c73/datanode-5/data/ratis/dae0541b-3e06-4fd2-9766-b2b2aae4b515/in_use.lock acquired by nodename 3826@byscane-nightly-5b87q-1102612012
2019-08-08 03:47:50,692 INFO  storage.RaftStorage (RaftStorage.java:format(72)) - Storage directory /workdir/hadoop-ozone/integration-test/target/test-dir/MiniOzoneClusterImpl-bbbd5529-fb2f-4638-92cf-dc668c1c5c73/datanode-0/data/ratis/dae0541b-3e06-4fd2-9766-b2b2aae4b515 has been successfully formatted.
2019-08-08 03:47:50,692 INFO  storage.RaftStorage (RaftStorage.java:format(72)) - Storage directory /workdir/hadoop-ozone/integration-test/target/test-dir/MiniOzoneClusterImpl-bbbd5529-fb2f-4638-92cf-dc668c1c5c73/datanode-4/data/ratis/dae0541b-3e06-4fd2-9766-b2b2aae4b515 has been successfully formatted.
2019-08-08 03:47:50,692 INFO  storage.RaftStorage (RaftStorage.java:format(72)) - Storage directory /workdir/hadoop-ozone/integration-test/target/test-dir/MiniOzoneClusterImpl-bbbd5529-fb2f-4638-92cf-dc668c1c5c73/datanode-5/data/ratis/dae0541b-3e06-4fd2-9766-b2b2aae4b515 has been successfully formatted.
2019-08-08 03:47:50,692 INFO  ratis.ContainerStateMachine (ContainerStateMachine.java:loadSnapshot(213)) - group-B2B2AAE4B515: The snapshot info is null. Setting the last applied indexto:(t:0, i:~)
2019-08-08 03:47:50,693 INFO  ratis.ContainerStateMachine (ContainerStateMachine.java:loadSnapshot(213)) - group-B2B2AAE4B515: The snapshot info is null. Setting the last applied indexto:(t:0, i:~)
2019-08-08 03:47:50,693 INFO  ratis.ContainerStateMachine (ContainerStateMachine.java:loadSnapshot(213)) - group-B2B2AAE4B515: The snapshot info is null. Setting the last applied indexto:(t:0, i:~)
2019-08-08 03:47:50,693 INFO  server.RaftServerConfigKeys (ConfUtils.java:logGet(43)) - raft.server.leader.election.timeout = 120s (custom)
2019-08-08 03:47:50,693 INFO  server.RaftServerConfigKeys (ConfUtils.java:logGet(43)) - raft.server.leader.election.timeout = 120s (custom)
2019-08-08 03:47:50,693 INFO  server.RaftServerConfigKeys (ConfUtils.java:logGet(43)) - raft.server.leader.election.timeout = 120s (custom)
2019-08-08 03:47:50,693 INFO  server.RaftServerConfigKeys (ConfUtils.java:logGet(43)) - raft.server.log.use.memory = false (default)
2019-08-08 03:47:50,693 INFO  server.RaftServerConfigKeys (ConfUtils.java:logGet(43)) - raft.server.log.use.memory = false (default)
2019-08-08 03:47:50,694 INFO  server.RaftServerConfigKeys (ConfUtils.java:logGet(43)) - raft.server.log.purge.gap = 1000000000 (custom)
2019-08-08 03:47:50,694 INFO  server.RaftServerConfigKeys (ConfUtils.java:logGet(43)) - raft.server.log.use.memory = false (default)
2019-08-08 03:47:50,694 INFO  server.RaftServerConfigKeys (ConfUtils.java:logGet(43)) - raft.server.log.appender.buffer.byte-limit = 33554432 (custom)
2019-08-08 03:47:50,694 INFO  server.RaftServerConfigKeys (ConfUtils.java:logGet(43)) - raft.server.log.purge.gap = 1000000000 (custom)
2019-08-08 03:47:50,694 INFO  server.RaftServerConfigKeys (ConfUtils.java:logGet(43)) - raft.server.log.segment.size.max = 1048576 (custom)
2019-08-08 03:47:50,694 INFO  server.RaftServerConfigKeys (ConfUtils.java:logGet(43)) - raft.server.log.purge.gap = 1000000000 (custom)
2019-08-08 03:47:50,694 INFO  server.RaftServerConfigKeys (ConfUtils.java:logGet(43)) - raft.server.log.segment.cache.num.max = 2 (custom)
2019-08-08 03:47:50,694 INFO  server.RaftServerConfigKeys (ConfUtils.java:logGet(43)) - raft.server.log.appender.buffer.byte-limit = 33554432 (custom)
2019-08-08 03:47:50,695 INFO  segmented.SegmentedRaftLogWorker (SegmentedRaftLogWorker.java:<init>(172)) - new aa821608-d1f0-48d0-800b-f831b7f70f50-SegmentedRaftLogWorker:Storage Directory /workdir/hadoop-ozone/integration-test/target/test-dir/MiniOzoneClusterImpl-bbbd5529-fb2f-4638-92cf-dc668c1c5c73/datanode-5/data/ratis/dae0541b-3e06-4fd2-9766-b2b2aae4b515 for RaftStorage:Storage Directory /workdir/hadoop-ozone/integration-test/target/test-dir/MiniOzoneClusterImpl-bbbd5529-fb2f-4638-92cf-dc668c1c5c73/datanode-5/data/ratis/dae0541b-3e06-4fd2-9766-b2b2aae4b515
2019-08-08 03:47:50,695 INFO  server.RaftServerConfigKeys (ConfUtils.java:logGet(43)) - raft.server.log.appender.buffer.byte-limit = 33554432 (custom)
2019-08-08 03:47:50,695 INFO  server.RaftServerConfigKeys (ConfUtils.java:logGet(43)) - raft.server.log.queue.byte-limit = 2147483647 (custom)
2019-08-08 03:47:50,695 INFO  server.RaftServerConfigKeys (ConfUtils.java:logGet(43)) - raft.server.log.segment.size.max = 1048576 (custom)
2019-08-08 03:47:50,696 INFO  server.RaftServerConfigKeys (ConfUtils.java:logGet(43)) - raft.server.log.queue.element-limit = 1024 (custom)
2019-08-08 03:47:50,696 INFO  server.RaftServerConfigKeys (ConfUtils.java:logGet(43)) - raft.server.log.segment.size.max = 1048576 (custom)
2019-08-08 03:47:50,697 INFO  server.RaftServerConfigKeys (ConfUtils.java:logGet(43)) - raft.server.log.segment.size.max = 1048576 (custom)
2019-08-08 03:47:50,696 INFO  server.RaftServerConfigKeys (ConfUtils.java:logGet(43)) - raft.server.log.segment.cache.num.max = 2 (custom)
2019-08-08 03:47:50,697 INFO  server.RaftServerConfigKeys (ConfUtils.java:logGet(43)) - raft.server.log.preallocated.size = 16384 (custom)
2019-08-08 03:47:50,697 INFO  server.RaftServerConfigKeys (ConfUtils.java:logGet(43)) - raft.server.log.segment.cache.num.max = 2 (custom)
2019-08-08 03:47:50,697 INFO  server.RaftServerConfigKeys (ConfUtils.java:logGet(43)) - raft.server.log.write.buffer.size = 33554432 (custom)
2019-08-08 03:47:50,697 INFO  segmented.SegmentedRaftLogWorker (SegmentedRaftLogWorker.java:<init>(172)) - new 45ff45e8-57f8-49dd-a9c3-9fe318182704-SegmentedRaftLogWorker:Storage Directory /workdir/hadoop-ozone/integration-test/target/test-dir/MiniOzoneClusterImpl-bbbd5529-fb2f-4638-92cf-dc668c1c5c73/datanode-0/data/ratis/dae0541b-3e06-4fd2-9766-b2b2aae4b515 for RaftStorage:Storage Directory /workdir/hadoop-ozone/integration-test/target/test-dir/MiniOzoneClusterImpl-bbbd5529-fb2f-4638-92cf-dc668c1c5c73/datanode-0/data/ratis/dae0541b-3e06-4fd2-9766-b2b2aae4b515
2019-08-08 03:47:50,697 INFO  server.RaftServerConfigKeys (ConfUtils.java:logGet(43)) - raft.server.log.force.sync.num = 128 (default)
2019-08-08 03:47:50,697 INFO  segmented.SegmentedRaftLogWorker (SegmentedRaftLogWorker.java:<init>(172)) - new 8d3b2891-5ba8-461e-a3b4-ee1923c34eb8-SegmentedRaftLogWorker:Storage Directory /workdir/hadoop-ozone/integration-test/target/test-dir/MiniOzoneClusterImpl-bbbd5529-fb2f-4638-92cf-dc668c1c5c73/datanode-4/data/ratis/dae0541b-3e06-4fd2-9766-b2b2aae4b515 for RaftStorage:Storage Directory /workdir/hadoop-ozone/integration-test/target/test-dir/MiniOzoneClusterImpl-bbbd5529-fb2f-4638-92cf-dc668c1c5c73/datanode-4/data/ratis/dae0541b-3e06-4fd2-9766-b2b2aae4b515
2019-08-08 03:47:50,698 INFO  server.RaftServerConfigKeys (ConfUtils.java:logGet(43)) - raft.server.log.statemachine.data.sync = true (default)
2019-08-08 03:47:50,698 INFO  server.RaftServerConfigKeys (ConfUtils.java:logGet(43)) - raft.server.log.queue.byte-limit = 2147483647 (custom)
2019-08-08 03:47:50,700 INFO  server.RaftServerConfigKeys (ConfUtils.java:logGet(43)) - raft.server.log.statemachine.data.sync.timeout = 10s (default)
2019-08-08 03:47:50,699 INFO  server.RaftServerConfigKeys (ConfUtils.java:logGet(43)) - raft.server.log.queue.byte-limit = 2147483647 (custom)
2019-08-08 03:47:50,700 INFO  server.RaftServerConfigKeys (ConfUtils.java:logGet(43)) - raft.server.log.statemachine.data.sync.timeout.retry = -1 (default)
2019-08-08 03:47:50,700 INFO  server.RaftServerConfigKeys (ConfUtils.java:logGet(43)) - raft.server.log.queue.element-limit = 1024 (custom)
2019-08-08 03:47:50,700 INFO  server.RaftServerConfigKeys (ConfUtils.java:logGet(43)) - raft.server.log.queue.element-limit = 1024 (custom)
2019-08-08 03:47:50,701 INFO  server.RaftServerConfigKeys (ConfUtils.java:logGet(43)) - raft.server.log.segment.size.max = 1048576 (custom)
2019-08-08 03:47:50,701 INFO  server.RaftServerConfigKeys (ConfUtils.java:logGet(43)) - raft.server.log.statemachine.data.caching.enabled = true (custom)
2019-08-08 03:47:50,701 INFO  server.RaftServerConfigKeys (ConfUtils.java:logGet(43)) - raft.server.log.preallocated.size = 16384 (custom)
2019-08-08 03:47:50,701 INFO  server.RaftServerConfigKeys (ConfUtils.java:logGet(43)) - raft.server.log.segment.size.max = 1048576 (custom)
2019-08-08 03:47:50,701 INFO  segmented.SegmentedRaftLogWorker (SegmentedRaftLogWorker.java:lambda$new$0(132)) - aa821608-d1f0-48d0-800b-f831b7f70f50-SegmentedRaftLogWorker:Storage Directory /workdir/hadoop-ozone/integration-test/target/test-dir/MiniOzoneClusterImpl-bbbd5529-fb2f-4638-92cf-dc668c1c5c73/datanode-5/data/ratis/dae0541b-3e06-4fd2-9766-b2b2aae4b515: flushIndex: setUnconditionally 0 -> -1
2019-08-08 03:47:50,701 INFO  server.RaftServerConfigKeys (ConfUtils.java:logGet(43)) - raft.server.log.write.buffer.size = 33554432 (custom)
2019-08-08 03:47:50,702 INFO  server.RaftServerConfigKeys (ConfUtils.java:logGet(43)) - raft.server.snapshot.auto.trigger.enabled = true (custom)
2019-08-08 03:47:50,702 INFO  server.RaftServerConfigKeys (ConfUtils.java:logGet(43)) - raft.server.log.force.sync.num = 128 (default)
2019-08-08 03:47:50,701 INFO  server.RaftServerConfigKeys (ConfUtils.java:logGet(43)) - raft.server.log.preallocated.size = 16384 (custom)
2019-08-08 03:47:50,702 INFO  server.RaftServerConfigKeys (ConfUtils.java:logGet(43)) - raft.server.log.statemachine.data.sync = true (default)
2019-08-08 03:47:50,702 INFO  server.RaftServerConfigKeys (ConfUtils.java:logGet(43)) - raft.server.snapshot.auto.trigger.threshold = 10000 (custom)
2019-08-08 03:47:50,702 INFO  server.RaftServerConfigKeys (ConfUtils.java:logGet(43)) - raft.server.log.statemachine.data.sync.timeout = 10s (default)
2019-08-08 03:47:50,702 INFO  server.RaftServerConfigKeys (ConfUtils.java:logGet(43)) - raft.server.log.write.buffer.size = 33554432 (custom)
2019-08-08 03:47:50,703 INFO  server.RaftServerConfigKeys (ConfUtils.java:logGet(43)) - raft.server.log.statemachine.data.sync.timeout.retry = -1 (default)
2019-08-08 03:47:50,703 INFO  server.RaftServerConfigKeys (ConfUtils.java:logGet(43)) - raft.server.retrycache.expirytime = 600000ms (custom)
2019-08-08 03:47:50,703 INFO  server.RaftServerConfigKeys (ConfUtils.java:logGet(43)) - raft.server.log.statemachine.data.caching.enabled = true (custom)
2019-08-08 03:47:50,703 INFO  server.RaftServerConfigKeys (ConfUtils.java:logGet(43)) - raft.server.log.force.sync.num = 128 (default)
2019-08-08 03:47:50,703 INFO  impl.RaftServerImpl (RaftServerImpl.java:start(180)) - aa821608-d1f0-48d0-800b-f831b7f70f50: start group-B2B2AAE4B515
2019-08-08 03:47:50,704 INFO  segmented.SegmentedRaftLogWorker (SegmentedRaftLogWorker.java:lambda$new$0(132)) - 45ff45e8-57f8-49dd-a9c3-9fe318182704-SegmentedRaftLogWorker:Storage Directory /workdir/hadoop-ozone/integration-test/target/test-dir/MiniOzoneClusterImpl-bbbd5529-fb2f-4638-92cf-dc668c1c5c73/datanode-0/data/ratis/dae0541b-3e06-4fd2-9766-b2b2aae4b515: flushIndex: setUnconditionally 0 -> -1
2019-08-08 03:47:50,703 INFO  server.RaftServerConfigKeys (ConfUtils.java:logGet(43)) - raft.server.log.statemachine.data.sync = true (default)
2019-08-08 03:47:50,704 INFO  server.RaftServerConfigKeys (ConfUtils.java:logGet(43)) - raft.server.snapshot.auto.trigger.enabled = true (custom)
2019-08-08 03:47:50,704 INFO  impl.RaftServerImpl (RaftServerImpl.java:setRole(171)) - aa821608-d1f0-48d0-800b-f831b7f70f50:group-B2B2AAE4B515 changes role from null to FOLLOWER at term 0 for startAsFollower
2019-08-08 03:47:50,704 INFO  server.RaftServerConfigKeys (ConfUtils.java:logGet(43)) - raft.server.snapshot.auto.trigger.threshold = 10000 (custom)
2019-08-08 03:47:50,704 INFO  server.RaftServerConfigKeys (ConfUtils.java:logGet(43)) - raft.server.log.statemachine.data.sync.timeout = 10s (default)
2019-08-08 03:47:50,704 INFO  server.RaftServerConfigKeys (ConfUtils.java:logGet(43)) - raft.server.retrycache.expirytime = 600000ms (custom)
2019-08-08 03:47:50,704 INFO  impl.RoleInfo (RoleInfo.java:updateAndGet(143)) - aa821608-d1f0-48d0-800b-f831b7f70f50: start FollowerState
2019-08-08 03:47:50,705 INFO  server.RaftServerConfigKeys (ConfUtils.java:logGet(43)) - raft.server.log.statemachine.data.sync.timeout.retry = -1 (default)
2019-08-08 03:47:50,705 INFO  impl.RaftServerImpl (RaftServerImpl.java:start(180)) - 45ff45e8-57f8-49dd-a9c3-9fe318182704: start group-B2B2AAE4B515
2019-08-08 03:47:50,705 INFO  util.JmxRegister (JmxRegister.java:tryRegister(44)) - Successfully registered JMX Bean with object name Ratis:service=RaftServer,group=group-B2B2AAE4B515,id=aa821608-d1f0-48d0-800b-f831b7f70f50
2019-08-08 03:47:50,705 INFO  server.RaftServerConfigKeys (ConfUtils.java:logGet(43)) - raft.server.log.statemachine.data.caching.enabled = true (custom)
2019-08-08 03:47:50,705 INFO  impl.RaftServerImpl (RaftServerImpl.java:setRole(171)) - 45ff45e8-57f8-49dd-a9c3-9fe318182704:group-B2B2AAE4B515 changes role from null to FOLLOWER at term 0 for startAsFollower
2019-08-08 03:47:50,706 INFO  impl.RoleInfo (RoleInfo.java:updateAndGet(143)) - 45ff45e8-57f8-49dd-a9c3-9fe318182704: start FollowerState
2019-08-08 03:47:50,706 INFO  segmented.SegmentedRaftLogWorker (SegmentedRaftLogWorker.java:lambda$new$0(132)) - 8d3b2891-5ba8-461e-a3b4-ee1923c34eb8-SegmentedRaftLogWorker:Storage Directory /workdir/hadoop-ozone/integration-test/target/test-dir/MiniOzoneClusterImpl-bbbd5529-fb2f-4638-92cf-dc668c1c5c73/datanode-4/data/ratis/dae0541b-3e06-4fd2-9766-b2b2aae4b515: flushIndex: setUnconditionally 0 -> -1
2019-08-08 03:47:50,706 INFO  util.JmxRegister (JmxRegister.java:tryRegister(44)) - Successfully registered JMX Bean with object name Ratis:service=RaftServer,group=group-B2B2AAE4B515,id=45ff45e8-57f8-49dd-a9c3-9fe318182704
2019-08-08 03:47:50,706 INFO  server.RaftServerConfigKeys (ConfUtils.java:logGet(43)) - raft.server.snapshot.auto.trigger.enabled = true (custom)
2019-08-08 03:47:50,706 INFO  server.RaftServerConfigKeys (ConfUtils.java:logGet(43)) - raft.server.snapshot.auto.trigger.threshold = 10000 (custom)
2019-08-08 03:47:50,707 INFO  server.RaftServerConfigKeys (ConfUtils.java:logGet(43)) - raft.server.retrycache.expirytime = 600000ms (custom)
2019-08-08 03:47:50,707 INFO  impl.RaftServerImpl (RaftServerImpl.java:start(180)) - 8d3b2891-5ba8-461e-a3b4-ee1923c34eb8: start group-B2B2AAE4B515
2019-08-08 03:47:50,707 INFO  impl.RaftServerImpl (RaftServerImpl.java:setRole(171)) - 8d3b2891-5ba8-461e-a3b4-ee1923c34eb8:group-B2B2AAE4B515 changes role from null to FOLLOWER at term 0 for startAsFollower
2019-08-08 03:47:50,707 INFO  impl.RoleInfo (RoleInfo.java:updateAndGet(143)) - 8d3b2891-5ba8-461e-a3b4-ee1923c34eb8: start FollowerState
2019-08-08 03:47:50,708 INFO  util.JmxRegister (JmxRegister.java:tryRegister(44)) - Successfully registered JMX Bean with object name Ratis:service=RaftServer,group=group-B2B2AAE4B515,id=8d3b2891-5ba8-461e-a3b4-ee1923c34eb8
2019-08-08 03:47:50,725 INFO  pipeline.PipelineStateManager (PipelineStateManager.java:addPipeline(56)) - Created pipeline Pipeline[ Id: dae0541b-3e06-4fd2-9766-b2b2aae4b515, Nodes: aa821608-d1f0-48d0-800b-f831b7f70f50{ip: 192.168.5.133, host: byscane-nightly-5b87q-1102612012, networkLocation: /default-rack, certSerialId: null}8d3b2891-5ba8-461e-a3b4-ee1923c34eb8{ip: 192.168.5.133, host: byscane-nightly-5b87q-1102612012, networkLocation: /default-rack, certSerialId: null}45ff45e8-57f8-49dd-a9c3-9fe318182704{ip: 192.168.5.133, host: byscane-nightly-5b87q-1102612012, networkLocation: /default-rack, certSerialId: null}, Type:RATIS, Factor:THREE, State:OPEN]
2019-08-08 03:47:50,898 INFO  ozone.MiniOzoneClusterImpl (MiniOzoneClusterImpl.java:lambda$waitForClusterToBeReady$0(142)) - Cluster is ready. Got 6 of 6 DN Heartbeats.
2019-08-08 03:47:51,229 INFO  rpc.RpcClient (RpcClient.java:createVolume(288)) - Creating Volume: datanodefailurehandlingtest, with jenkins1000 as owner.
2019-08-08 03:47:51,277 INFO  rpc.RpcClient (RpcClient.java:createBucket(425)) - Creating Bucket: datanodefailurehandlingtest/datanodefailurehandlingtest, with Versioning false and Storage Type set to DISK and Encryption set to false 
2019-08-08 03:47:51,522 INFO  impl.MetricsSystemImpl (MetricsSystemImpl.java:init(158)) - XceiverClientMetrics metrics system started (again)
2019-08-08 03:47:51,642 INFO  client.GrpcClientProtocolClient (GrpcClientProtocolClient.java:onNext(255)) - client-46E402B29842->aa821608-d1f0-48d0-800b-f831b7f70f50: receive RaftClientReply:client-46E402B29842->aa821608-d1f0-48d0-800b-f831b7f70f50@group-B2B2AAE4B515, cid=12, FAILED org.apache.ratis.protocol.NotLeaderException: Server aa821608-d1f0-48d0-800b-f831b7f70f50 is not the leader (null). Request must be sent to leader., logIndex=0, commits[aa821608-d1f0-48d0-800b-f831b7f70f50:c-1]
2019-08-08 03:47:51,939 INFO  container.ReplicationManager (ReplicationManager.java:start(155)) - Starting Replication Monitor Thread.
2019-08-08 03:47:51,944 INFO  container.ReplicationManager (ReplicationManager.java:run(207)) - Replication Monitor Thread took 4 milliseconds for processing 1 containers.
2019-08-08 03:47:52,702 INFO  client.GrpcClientProtocolClient (GrpcClientProtocolClient.java:onNext(255)) - client-46E402B29842->45ff45e8-57f8-49dd-a9c3-9fe318182704: receive RaftClientReply:client-46E402B29842->45ff45e8-57f8-49dd-a9c3-9fe318182704@group-B2B2AAE4B515, cid=12, FAILED org.apache.ratis.protocol.NotLeaderException: Server 45ff45e8-57f8-49dd-a9c3-9fe318182704 is not the leader (null). Request must be sent to leader., logIndex=0, commits[45ff45e8-57f8-49dd-a9c3-9fe318182704:c-1]
2019-08-08 03:47:53,741 INFO  client.GrpcClientProtocolClient (GrpcClientProtocolClient.java:onNext(255)) - client-46E402B29842->aa821608-d1f0-48d0-800b-f831b7f70f50: receive RaftClientReply:client-46E402B29842->aa821608-d1f0-48d0-800b-f831b7f70f50@group-B2B2AAE4B515, cid=12, FAILED org.apache.ratis.protocol.NotLeaderException: Server aa821608-d1f0-48d0-800b-f831b7f70f50 is not the leader (null). Request must be sent to leader., logIndex=0, commits[aa821608-d1f0-48d0-800b-f831b7f70f50:c-1]
2019-08-08 03:47:54,783 INFO  client.GrpcClientProtocolClient (GrpcClientProtocolClient.java:onNext(255)) - client-46E402B29842->8d3b2891-5ba8-461e-a3b4-ee1923c34eb8: receive RaftClientReply:client-46E402B29842->8d3b2891-5ba8-461e-a3b4-ee1923c34eb8@group-B2B2AAE4B515, cid=12, FAILED org.apache.ratis.protocol.NotLeaderException: Server 8d3b2891-5ba8-461e-a3b4-ee1923c34eb8 is not the leader (null). Request must be sent to leader., logIndex=0, commits[8d3b2891-5ba8-461e-a3b4-ee1923c34eb8:c-1]
2019-08-08 03:47:55,174 INFO  impl.FollowerState (FollowerState.java:run(106)) - 45ff45e8-57f8-49dd-a9c3-9fe318182704:group-D1BA5C6D7ED3 changes to CANDIDATE, lastRpcTime:5142, electionTimeout:5141ms
2019-08-08 03:47:55,175 INFO  impl.RoleInfo (RoleInfo.java:shutdownFollowerState(121)) - 45ff45e8-57f8-49dd-a9c3-9fe318182704: shutdown FollowerState
2019-08-08 03:47:55,175 INFO  impl.RaftServerImpl (RaftServerImpl.java:setRole(171)) - 45ff45e8-57f8-49dd-a9c3-9fe318182704:group-D1BA5C6D7ED3 changes role from FOLLOWER to CANDIDATE at term 0 for changeToCandidate
2019-08-08 03:47:55,178 INFO  impl.RoleInfo (RoleInfo.java:updateAndGet(143)) - 45ff45e8-57f8-49dd-a9c3-9fe318182704: start LeaderElection
2019-08-08 03:47:55,191 INFO  impl.LeaderElection (LeaderElection.java:askForVotes(181)) - 45ff45e8-57f8-49dd-a9c3-9fe318182704:group-D1BA5C6D7ED3:LeaderElection1: begin an election at term 1 for -1: [45ff45e8-57f8-49dd-a9c3-9fe318182704:192.168.5.133:45139], old=null
2019-08-08 03:47:55,193 INFO  impl.RoleInfo (RoleInfo.java:shutdownLeaderElection(134)) - 45ff45e8-57f8-49dd-a9c3-9fe318182704: shutdown LeaderElection
2019-08-08 03:47:55,193 INFO  impl.RaftServerImpl (RaftServerImpl.java:setRole(171)) - 45ff45e8-57f8-49dd-a9c3-9fe318182704:group-D1BA5C6D7ED3 changes role from CANDIDATE to LEADER at term 1 for changeToLeader
2019-08-08 03:47:55,194 INFO  impl.RaftServerImpl (ServerState.java:setLeader(263)) - 45ff45e8-57f8-49dd-a9c3-9fe318182704:group-D1BA5C6D7ED3 change Leader from null to 45ff45e8-57f8-49dd-a9c3-9fe318182704 at term 1 for becomeLeader, leader elected after 5243ms
2019-08-08 03:47:55,203 INFO  server.RaftServerConfigKeys (ConfUtils.java:logGet(43)) - raft.server.staging.catchup.gap = 1000 (default)
2019-08-08 03:47:55,203 INFO  server.RaftServerConfigKeys (ConfUtils.java:logGet(43)) - raft.server.rpc.sleep.time = 25ms (default)
2019-08-08 03:47:55,207 INFO  server.RaftServerConfigKeys (ConfUtils.java:logGet(43)) - raft.server.write.element-limit = 4096 (default)
2019-08-08 03:47:55,210 INFO  server.RaftServerConfigKeys (ConfUtils.java:logGet(43)) - raft.server.watch.timeout = 10s (default)
2019-08-08 03:47:55,210 INFO  server.RaftServerConfigKeys (ConfUtils.java:logGet(43)) - raft.server.watch.timeout.denomination = 1s (default)
2019-08-08 03:47:55,211 INFO  server.RaftServerConfigKeys (ConfUtils.java:logGet(43)) - raft.server.watch.element-limit = 65536 (default)
2019-08-08 03:47:55,222 INFO  impl.RoleInfo (RoleInfo.java:updateAndGet(143)) - 45ff45e8-57f8-49dd-a9c3-9fe318182704: start LeaderState
2019-08-08 03:47:55,250 INFO  segmented.SegmentedRaftLogWorker (SegmentedRaftLogWorker.java:startLogSegment(380)) - 45ff45e8-57f8-49dd-a9c3-9fe318182704-SegmentedRaftLogWorker:Storage Directory /workdir/hadoop-ozone/integration-test/target/test-dir/MiniOzoneClusterImpl-bbbd5529-fb2f-4638-92cf-dc668c1c5c73/datanode-0/data/ratis/996488d5-5ec6-496b-9c8c-d1ba5c6d7ed3: Starting segment from index:0
2019-08-08 03:47:55,260 INFO  impl.RaftServerImpl (ServerState.java:setRaftConf(361)) - 45ff45e8-57f8-49dd-a9c3-9fe318182704:group-D1BA5C6D7ED3 set configuration 0: [45ff45e8-57f8-49dd-a9c3-9fe318182704:192.168.5.133:45139], old=null at 0
2019-08-08 03:47:55,370 INFO  impl.FollowerState (FollowerState.java:run(106)) - 209f9e72-f8f5-4204-b108-d69371c1f8f4:group-165309DB4C14 changes to CANDIDATE, lastRpcTime:5127, electionTimeout:5125ms
2019-08-08 03:47:55,373 INFO  impl.RoleInfo (RoleInfo.java:shutdownFollowerState(121)) - 209f9e72-f8f5-4204-b108-d69371c1f8f4: shutdown FollowerState
2019-08-08 03:47:55,373 INFO  impl.RaftServerImpl (RaftServerImpl.java:setRole(171)) - 209f9e72-f8f5-4204-b108-d69371c1f8f4:group-165309DB4C14 changes role from FOLLOWER to CANDIDATE at term 0 for changeToCandidate
2019-08-08 03:47:55,373 INFO  impl.RoleInfo (RoleInfo.java:updateAndGet(143)) - 209f9e72-f8f5-4204-b108-d69371c1f8f4: start LeaderElection
2019-08-08 03:47:55,391 INFO  impl.FollowerState (FollowerState.java:run(106)) - 67b8c38d-1c0c-410b-ad58-e04c3ee1fc44:group-119E1F9F1718 changes to CANDIDATE, lastRpcTime:5073, electionTimeout:5073ms
2019-08-08 03:47:55,391 INFO  impl.RoleInfo (RoleInfo.java:shutdownFollowerState(121)) - 67b8c38d-1c0c-410b-ad58-e04c3ee1fc44: shutdown FollowerState
2019-08-08 03:47:55,391 INFO  impl.RaftServerImpl (RaftServerImpl.java:setRole(171)) - 67b8c38d-1c0c-410b-ad58-e04c3ee1fc44:group-119E1F9F1718 changes role from FOLLOWER to CANDIDATE at term 0 for changeToCandidate
2019-08-08 03:47:55,391 INFO  impl.RoleInfo (RoleInfo.java:updateAndGet(143)) - 67b8c38d-1c0c-410b-ad58-e04c3ee1fc44: start LeaderElection
2019-08-08 03:47:55,392 INFO  impl.LeaderElection (LeaderElection.java:askForVotes(181)) - 209f9e72-f8f5-4204-b108-d69371c1f8f4:group-165309DB4C14:LeaderElection2: begin an election at term 1 for -1: [209f9e72-f8f5-4204-b108-d69371c1f8f4:192.168.5.133:34890], old=null
2019-08-08 03:47:55,397 INFO  impl.RoleInfo (RoleInfo.java:shutdownLeaderElection(134)) - 209f9e72-f8f5-4204-b108-d69371c1f8f4: shutdown LeaderElection
2019-08-08 03:47:55,397 INFO  impl.RaftServerImpl (RaftServerImpl.java:setRole(171)) - 209f9e72-f8f5-4204-b108-d69371c1f8f4:group-165309DB4C14 changes role from CANDIDATE to LEADER at term 1 for changeToLeader
2019-08-08 03:47:55,397 INFO  impl.RaftServerImpl (ServerState.java:setLeader(263)) - 209f9e72-f8f5-4204-b108-d69371c1f8f4:group-165309DB4C14 change Leader from null to 209f9e72-f8f5-4204-b108-d69371c1f8f4 at term 1 for becomeLeader, leader elected after 5162ms
2019-08-08 03:47:55,399 INFO  server.RaftServerConfigKeys (ConfUtils.java:logGet(43)) - raft.server.staging.catchup.gap = 1000 (default)
2019-08-08 03:47:55,399 INFO  server.RaftServerConfigKeys (ConfUtils.java:logGet(43)) - raft.server.rpc.sleep.time = 25ms (default)
2019-08-08 03:47:55,399 INFO  server.RaftServerConfigKeys (ConfUtils.java:logGet(43)) - raft.server.write.element-limit = 4096 (default)
2019-08-08 03:47:55,399 INFO  server.RaftServerConfigKeys (ConfUtils.java:logGet(43)) - raft.server.watch.timeout = 10s (default)
2019-08-08 03:47:55,400 INFO  server.RaftServerConfigKeys (ConfUtils.java:logGet(43)) - raft.server.watch.timeout.denomination = 1s (default)
2019-08-08 03:47:55,400 INFO  server.RaftServerConfigKeys (ConfUtils.java:logGet(43)) - raft.server.watch.element-limit = 65536 (default)
2019-08-08 03:47:55,400 INFO  impl.RoleInfo (RoleInfo.java:updateAndGet(143)) - 209f9e72-f8f5-4204-b108-d69371c1f8f4: start LeaderState
2019-08-08 03:47:55,401 INFO  segmented.SegmentedRaftLogWorker (SegmentedRaftLogWorker.java:startLogSegment(380)) - 209f9e72-f8f5-4204-b108-d69371c1f8f4-SegmentedRaftLogWorker:Storage Directory /workdir/hadoop-ozone/integration-test/target/test-dir/MiniOzoneClusterImpl-bbbd5529-fb2f-4638-92cf-dc668c1c5c73/datanode-3/data/ratis/01baac4d-c66e-4ee7-bc12-165309db4c14: Starting segment from index:0
2019-08-08 03:47:55,401 INFO  impl.RaftServerImpl (ServerState.java:setRaftConf(361)) - 209f9e72-f8f5-4204-b108-d69371c1f8f4:group-165309DB4C14 set configuration 0: [209f9e72-f8f5-4204-b108-d69371c1f8f4:192.168.5.133:34890], old=null at 0
2019-08-08 03:47:55,403 INFO  impl.LeaderElection (LeaderElection.java:askForVotes(181)) - 67b8c38d-1c0c-410b-ad58-e04c3ee1fc44:group-119E1F9F1718:LeaderElection3: begin an election at term 1 for -1: [67b8c38d-1c0c-410b-ad58-e04c3ee1fc44:192.168.5.133:46655], old=null
2019-08-08 03:47:55,405 INFO  impl.RoleInfo (RoleInfo.java:shutdownLeaderElection(134)) - 67b8c38d-1c0c-410b-ad58-e04c3ee1fc44: shutdown LeaderElection
2019-08-08 03:47:55,405 INFO  impl.RaftServerImpl (RaftServerImpl.java:setRole(171)) - 67b8c38d-1c0c-410b-ad58-e04c3ee1fc44:group-119E1F9F1718 changes role from CANDIDATE to LEADER at term 1 for changeToLeader
2019-08-08 03:47:55,405 INFO  impl.RaftServerImpl (ServerState.java:setLeader(263)) - 67b8c38d-1c0c-410b-ad58-e04c3ee1fc44:group-119E1F9F1718 change Leader from null to 67b8c38d-1c0c-410b-ad58-e04c3ee1fc44 at term 1 for becomeLeader, leader elected after 5094ms
2019-08-08 03:47:55,407 INFO  server.RaftServerConfigKeys (ConfUtils.java:logGet(43)) - raft.server.staging.catchup.gap = 1000 (default)
2019-08-08 03:47:55,407 INFO  server.RaftServerConfigKeys (ConfUtils.java:logGet(43)) - raft.server.rpc.sleep.time = 25ms (default)
2019-08-08 03:47:55,407 INFO  server.RaftServerConfigKeys (ConfUtils.java:logGet(43)) - raft.server.write.element-limit = 4096 (default)
2019-08-08 03:47:55,407 INFO  server.RaftServerConfigKeys (ConfUtils.java:logGet(43)) - raft.server.watch.timeout = 10s (default)
2019-08-08 03:47:55,408 INFO  server.RaftServerConfigKeys (ConfUtils.java:logGet(43)) - raft.server.watch.timeout.denomination = 1s (default)
2019-08-08 03:47:55,408 INFO  server.RaftServerConfigKeys (ConfUtils.java:logGet(43)) - raft.server.watch.element-limit = 65536 (default)
2019-08-08 03:47:55,408 INFO  impl.RoleInfo (RoleInfo.java:updateAndGet(143)) - 67b8c38d-1c0c-410b-ad58-e04c3ee1fc44: start LeaderState
2019-08-08 03:47:55,408 INFO  segmented.SegmentedRaftLogWorker (SegmentedRaftLogWorker.java:startLogSegment(380)) - 67b8c38d-1c0c-410b-ad58-e04c3ee1fc44-SegmentedRaftLogWorker:Storage Directory /workdir/hadoop-ozone/integration-test/target/test-dir/MiniOzoneClusterImpl-bbbd5529-fb2f-4638-92cf-dc668c1c5c73/datanode-1/data/ratis/22c445c2-8cd8-4816-829b-119e1f9f1718: Starting segment from index:0
2019-08-08 03:47:55,409 INFO  impl.RaftServerImpl (ServerState.java:setRaftConf(361)) - 67b8c38d-1c0c-410b-ad58-e04c3ee1fc44:group-119E1F9F1718 set configuration 0: [67b8c38d-1c0c-410b-ad58-e04c3ee1fc44:192.168.5.133:46655], old=null at 0
2019-08-08 03:47:55,471 INFO  segmented.SegmentedRaftLogWorker (SegmentedRaftLogWorker.java:execute(569)) - 209f9e72-f8f5-4204-b108-d69371c1f8f4-SegmentedRaftLogWorker:Storage Directory /workdir/hadoop-ozone/integration-test/target/test-dir/MiniOzoneClusterImpl-bbbd5529-fb2f-4638-92cf-dc668c1c5c73/datanode-3/data/ratis/01baac4d-c66e-4ee7-bc12-165309db4c14: created new log segment /workdir/hadoop-ozone/integration-test/target/test-dir/MiniOzoneClusterImpl-bbbd5529-fb2f-4638-92cf-dc668c1c5c73/datanode-3/data/ratis/01baac4d-c66e-4ee7-bc12-165309db4c14/current/log_inprogress_0
2019-08-08 03:47:55,471 INFO  segmented.SegmentedRaftLogWorker (SegmentedRaftLogWorker.java:execute(569)) - 67b8c38d-1c0c-410b-ad58-e04c3ee1fc44-SegmentedRaftLogWorker:Storage Directory /workdir/hadoop-ozone/integration-test/target/test-dir/MiniOzoneClusterImpl-bbbd5529-fb2f-4638-92cf-dc668c1c5c73/datanode-1/data/ratis/22c445c2-8cd8-4816-829b-119e1f9f1718: created new log segment /workdir/hadoop-ozone/integration-test/target/test-dir/MiniOzoneClusterImpl-bbbd5529-fb2f-4638-92cf-dc668c1c5c73/datanode-1/data/ratis/22c445c2-8cd8-4816-829b-119e1f9f1718/current/log_inprogress_0
2019-08-08 03:47:55,471 INFO  segmented.SegmentedRaftLogWorker (SegmentedRaftLogWorker.java:execute(569)) - 45ff45e8-57f8-49dd-a9c3-9fe318182704-SegmentedRaftLogWorker:Storage Directory /workdir/hadoop-ozone/integration-test/target/test-dir/MiniOzoneClusterImpl-bbbd5529-fb2f-4638-92cf-dc668c1c5c73/datanode-0/data/ratis/996488d5-5ec6-496b-9c8c-d1ba5c6d7ed3: created new log segment /workdir/hadoop-ozone/integration-test/target/test-dir/MiniOzoneClusterImpl-bbbd5529-fb2f-4638-92cf-dc668c1c5c73/datanode-0/data/ratis/996488d5-5ec6-496b-9c8c-d1ba5c6d7ed3/current/log_inprogress_0
2019-08-08 03:47:55,558 INFO  impl.FollowerState (FollowerState.java:run(106)) - 8743a806-3fdf-4e39-ac49-5ad3198a3616:group-165523E592CB changes to CANDIDATE, lastRpcTime:5171, electionTimeout:5171ms
2019-08-08 03:47:55,560 INFO  impl.RoleInfo (RoleInfo.java:shutdownFollowerState(121)) - 8743a806-3fdf-4e39-ac49-5ad3198a3616: shutdown FollowerState
2019-08-08 03:47:55,560 INFO  impl.RaftServerImpl (RaftServerImpl.java:setRole(171)) - 8743a806-3fdf-4e39-ac49-5ad3198a3616:group-165523E592CB changes role from FOLLOWER to CANDIDATE at term 0 for changeToCandidate
2019-08-08 03:47:55,560 INFO  impl.RoleInfo (RoleInfo.java:updateAndGet(143)) - 8743a806-3fdf-4e39-ac49-5ad3198a3616: start LeaderElection
2019-08-08 03:47:55,577 INFO  impl.LeaderElection (LeaderElection.java:askForVotes(181)) - 8743a806-3fdf-4e39-ac49-5ad3198a3616:group-165523E592CB:LeaderElection4: begin an election at term 1 for -1: [8743a806-3fdf-4e39-ac49-5ad3198a3616:192.168.5.133:36685], old=null
2019-08-08 03:47:55,579 INFO  impl.RoleInfo (RoleInfo.java:shutdownLeaderElection(134)) - 8743a806-3fdf-4e39-ac49-5ad3198a3616: shutdown LeaderElection
2019-08-08 03:47:55,579 INFO  impl.RaftServerImpl (RaftServerImpl.java:setRole(171)) - 8743a806-3fdf-4e39-ac49-5ad3198a3616:group-165523E592CB changes role from CANDIDATE to LEADER at term 1 for changeToLeader
2019-08-08 03:47:55,579 INFO  impl.RaftServerImpl (ServerState.java:setLeader(263)) - 8743a806-3fdf-4e39-ac49-5ad3198a3616:group-165523E592CB change Leader from null to 8743a806-3fdf-4e39-ac49-5ad3198a3616 at term 1 for becomeLeader, leader elected after 5199ms
2019-08-08 03:47:55,581 INFO  server.RaftServerConfigKeys (ConfUtils.java:logGet(43)) - raft.server.staging.catchup.gap = 1000 (default)
2019-08-08 03:47:55,581 INFO  server.RaftServerConfigKeys (ConfUtils.java:logGet(43)) - raft.server.rpc.sleep.time = 25ms (default)
2019-08-08 03:47:55,581 INFO  server.RaftServerConfigKeys (ConfUtils.java:logGet(43)) - raft.server.write.element-limit = 4096 (default)
2019-08-08 03:47:55,582 INFO  server.RaftServerConfigKeys (ConfUtils.java:logGet(43)) - raft.server.watch.timeout = 10s (default)
2019-08-08 03:47:55,582 INFO  server.RaftServerConfigKeys (ConfUtils.java:logGet(43)) - raft.server.watch.timeout.denomination = 1s (default)
2019-08-08 03:47:55,582 INFO  server.RaftServerConfigKeys (ConfUtils.java:logGet(43)) - raft.server.watch.element-limit = 65536 (default)
2019-08-08 03:47:55,582 INFO  impl.RoleInfo (RoleInfo.java:updateAndGet(143)) - 8743a806-3fdf-4e39-ac49-5ad3198a3616: start LeaderState
2019-08-08 03:47:55,583 INFO  segmented.SegmentedRaftLogWorker (SegmentedRaftLogWorker.java:startLogSegment(380)) - 8743a806-3fdf-4e39-ac49-5ad3198a3616-SegmentedRaftLogWorker:Storage Directory /workdir/hadoop-ozone/integration-test/target/test-dir/MiniOzoneClusterImpl-bbbd5529-fb2f-4638-92cf-dc668c1c5c73/datanode-2/data/ratis/47b3f7c4-6e51-48c1-8f2a-165523e592cb: Starting segment from index:0
2019-08-08 03:47:55,583 INFO  impl.RaftServerImpl (ServerState.java:setRaftConf(361)) - 8743a806-3fdf-4e39-ac49-5ad3198a3616:group-165523E592CB set configuration 0: [8743a806-3fdf-4e39-ac49-5ad3198a3616:192.168.5.133:36685], old=null at 0
2019-08-08 03:47:55,604 INFO  segmented.SegmentedRaftLogWorker (SegmentedRaftLogWorker.java:execute(569)) - 8743a806-3fdf-4e39-ac49-5ad3198a3616-SegmentedRaftLogWorker:Storage Directory /workdir/hadoop-ozone/integration-test/target/test-dir/MiniOzoneClusterImpl-bbbd5529-fb2f-4638-92cf-dc668c1c5c73/datanode-2/data/ratis/47b3f7c4-6e51-48c1-8f2a-165523e592cb: created new log segment /workdir/hadoop-ozone/integration-test/target/test-dir/MiniOzoneClusterImpl-bbbd5529-fb2f-4638-92cf-dc668c1c5c73/datanode-2/data/ratis/47b3f7c4-6e51-48c1-8f2a-165523e592cb/current/log_inprogress_0
2019-08-08 03:47:55,615 INFO  impl.FollowerState (FollowerState.java:run(106)) - aa821608-d1f0-48d0-800b-f831b7f70f50:group-5D5C28D8CB9D changes to CANDIDATE, lastRpcTime:5155, electionTimeout:5155ms
2019-08-08 03:47:55,615 INFO  impl.RoleInfo (RoleInfo.java:shutdownFollowerState(121)) - aa821608-d1f0-48d0-800b-f831b7f70f50: shutdown FollowerState
2019-08-08 03:47:55,615 INFO  impl.RaftServerImpl (RaftServerImpl.java:setRole(171)) - aa821608-d1f0-48d0-800b-f831b7f70f50:group-5D5C28D8CB9D changes role from FOLLOWER to CANDIDATE at term 0 for changeToCandidate
2019-08-08 03:47:55,615 INFO  impl.RoleInfo (RoleInfo.java:updateAndGet(143)) - aa821608-d1f0-48d0-800b-f831b7f70f50: start LeaderElection
2019-08-08 03:47:55,623 INFO  impl.LeaderElection (LeaderElection.java:askForVotes(181)) - aa821608-d1f0-48d0-800b-f831b7f70f50:group-5D5C28D8CB9D:LeaderElection5: begin an election at term 1 for -1: [aa821608-d1f0-48d0-800b-f831b7f70f50:192.168.5.133:43319], old=null
2019-08-08 03:47:55,625 INFO  impl.RoleInfo (RoleInfo.java:shutdownLeaderElection(134)) - aa821608-d1f0-48d0-800b-f831b7f70f50: shutdown LeaderElection
2019-08-08 03:47:55,625 INFO  impl.RaftServerImpl (RaftServerImpl.java:setRole(171)) - aa821608-d1f0-48d0-800b-f831b7f70f50:group-5D5C28D8CB9D changes role from CANDIDATE to LEADER at term 1 for changeToLeader
2019-08-08 03:47:55,625 INFO  impl.RaftServerImpl (ServerState.java:setLeader(263)) - aa821608-d1f0-48d0-800b-f831b7f70f50:group-5D5C28D8CB9D change Leader from null to aa821608-d1f0-48d0-800b-f831b7f70f50 at term 1 for becomeLeader, leader elected after 5170ms
2019-08-08 03:47:55,626 INFO  server.RaftServerConfigKeys (ConfUtils.java:logGet(43)) - raft.server.staging.catchup.gap = 1000 (default)
2019-08-08 03:47:55,627 INFO  server.RaftServerConfigKeys (ConfUtils.java:logGet(43)) - raft.server.rpc.sleep.time = 25ms (default)
2019-08-08 03:47:55,627 INFO  server.RaftServerConfigKeys (ConfUtils.java:logGet(43)) - raft.server.write.element-limit = 4096 (default)
2019-08-08 03:47:55,627 INFO  server.RaftServerConfigKeys (ConfUtils.java:logGet(43)) - raft.server.watch.timeout = 10s (default)
2019-08-08 03:47:55,627 INFO  server.RaftServerConfigKeys (ConfUtils.java:logGet(43)) - raft.server.watch.timeout.denomination = 1s (default)
2019-08-08 03:47:55,627 INFO  server.RaftServerConfigKeys (ConfUtils.java:logGet(43)) - raft.server.watch.element-limit = 65536 (default)
2019-08-08 03:47:55,628 INFO  impl.RoleInfo (RoleInfo.java:updateAndGet(143)) - aa821608-d1f0-48d0-800b-f831b7f70f50: start LeaderState
2019-08-08 03:47:55,628 INFO  segmented.SegmentedRaftLogWorker (SegmentedRaftLogWorker.java:startLogSegment(380)) - aa821608-d1f0-48d0-800b-f831b7f70f50-SegmentedRaftLogWorker:Storage Directory /workdir/hadoop-ozone/integration-test/target/test-dir/MiniOzoneClusterImpl-bbbd5529-fb2f-4638-92cf-dc668c1c5c73/datanode-5/data/ratis/2c53fc7e-d01d-48e3-aa50-5d5c28d8cb9d: Starting segment from index:0
2019-08-08 03:47:55,628 INFO  impl.RaftServerImpl (ServerState.java:setRaftConf(361)) - aa821608-d1f0-48d0-800b-f831b7f70f50:group-5D5C28D8CB9D set configuration 0: [aa821608-d1f0-48d0-800b-f831b7f70f50:192.168.5.133:43319], old=null at 0
2019-08-08 03:47:55,666 INFO  impl.FollowerState (FollowerState.java:run(106)) - 8743a806-3fdf-4e39-ac49-5ad3198a3616:group-F87A33E6BF08 changes to CANDIDATE, lastRpcTime:5045, electionTimeout:5021ms
2019-08-08 03:47:55,666 INFO  impl.FollowerState (FollowerState.java:run(106)) - 67b8c38d-1c0c-410b-ad58-e04c3ee1fc44:group-F87A33E6BF08 changes to CANDIDATE, lastRpcTime:5041, electionTimeout:5024ms
2019-08-08 03:47:55,666 INFO  impl.RoleInfo (RoleInfo.java:shutdownFollowerState(121)) - 8743a806-3fdf-4e39-ac49-5ad3198a3616: shutdown FollowerState
2019-08-08 03:47:55,667 INFO  impl.RoleInfo (RoleInfo.java:shutdownFollowerState(121)) - 67b8c38d-1c0c-410b-ad58-e04c3ee1fc44: shutdown FollowerState
2019-08-08 03:47:55,667 INFO  impl.RaftServerImpl (RaftServerImpl.java:setRole(171)) - 8743a806-3fdf-4e39-ac49-5ad3198a3616:group-F87A33E6BF08 changes role from FOLLOWER to CANDIDATE at term 0 for changeToCandidate
2019-08-08 03:47:55,667 INFO  impl.RaftServerImpl (RaftServerImpl.java:setRole(171)) - 67b8c38d-1c0c-410b-ad58-e04c3ee1fc44:group-F87A33E6BF08 changes role from FOLLOWER to CANDIDATE at term 0 for changeToCandidate
2019-08-08 03:47:55,667 INFO  impl.RoleInfo (RoleInfo.java:updateAndGet(143)) - 8743a806-3fdf-4e39-ac49-5ad3198a3616: start LeaderElection
2019-08-08 03:47:55,667 INFO  impl.RoleInfo (RoleInfo.java:updateAndGet(143)) - 67b8c38d-1c0c-410b-ad58-e04c3ee1fc44: start LeaderElection
2019-08-08 03:47:55,675 INFO  impl.FollowerState (FollowerState.java:run(106)) - 8d3b2891-5ba8-461e-a3b4-ee1923c34eb8:group-EC84640D7BB2 changes to CANDIDATE, lastRpcTime:5152, electionTimeout:5147ms
2019-08-08 03:47:55,675 INFO  impl.RoleInfo (RoleInfo.java:shutdownFollowerState(121)) - 8d3b2891-5ba8-461e-a3b4-ee1923c34eb8: shutdown FollowerState
2019-08-08 03:47:55,675 INFO  impl.RaftServerImpl (RaftServerImpl.java:setRole(171)) - 8d3b2891-5ba8-461e-a3b4-ee1923c34eb8:group-EC84640D7BB2 changes role from FOLLOWER to CANDIDATE at term 0 for changeToCandidate
2019-08-08 03:47:55,676 INFO  impl.RoleInfo (RoleInfo.java:updateAndGet(143)) - 8d3b2891-5ba8-461e-a3b4-ee1923c34eb8: start LeaderElection
2019-08-08 03:47:55,680 INFO  segmented.SegmentedRaftLogWorker (SegmentedRaftLogWorker.java:execute(569)) - aa821608-d1f0-48d0-800b-f831b7f70f50-SegmentedRaftLogWorker:Storage Directory /workdir/hadoop-ozone/integration-test/target/test-dir/MiniOzoneClusterImpl-bbbd5529-fb2f-4638-92cf-dc668c1c5c73/datanode-5/data/ratis/2c53fc7e-d01d-48e3-aa50-5d5c28d8cb9d: created new log segment /workdir/hadoop-ozone/integration-test/target/test-dir/MiniOzoneClusterImpl-bbbd5529-fb2f-4638-92cf-dc668c1c5c73/datanode-5/data/ratis/2c53fc7e-d01d-48e3-aa50-5d5c28d8cb9d/current/log_inprogress_0
2019-08-08 03:47:55,680 INFO  impl.LeaderElection (LeaderElection.java:askForVotes(181)) - 8743a806-3fdf-4e39-ac49-5ad3198a3616:group-F87A33E6BF08:LeaderElection6: begin an election at term 1 for -1: [209f9e72-f8f5-4204-b108-d69371c1f8f4:192.168.5.133:34890, 67b8c38d-1c0c-410b-ad58-e04c3ee1fc44:192.168.5.133:46655, 8743a806-3fdf-4e39-ac49-5ad3198a3616:192.168.5.133:36685], old=null
2019-08-08 03:47:55,683 INFO  impl.LeaderElection (LeaderElection.java:askForVotes(181)) - 67b8c38d-1c0c-410b-ad58-e04c3ee1fc44:group-F87A33E6BF08:LeaderElection7: begin an election at term 1 for -1: [209f9e72-f8f5-4204-b108-d69371c1f8f4:192.168.5.133:34890, 67b8c38d-1c0c-410b-ad58-e04c3ee1fc44:192.168.5.133:46655, 8743a806-3fdf-4e39-ac49-5ad3198a3616:192.168.5.133:36685], old=null
2019-08-08 03:47:55,683 INFO  impl.LeaderElection (LeaderElection.java:askForVotes(181)) - 8d3b2891-5ba8-461e-a3b4-ee1923c34eb8:group-EC84640D7BB2:LeaderElection8: begin an election at term 1 for -1: [8d3b2891-5ba8-461e-a3b4-ee1923c34eb8:192.168.5.133:45718], old=null
2019-08-08 03:47:55,685 INFO  impl.RoleInfo (RoleInfo.java:shutdownLeaderElection(134)) - 8d3b2891-5ba8-461e-a3b4-ee1923c34eb8: shutdown LeaderElection
2019-08-08 03:47:55,685 INFO  impl.RaftServerImpl (RaftServerImpl.java:setRole(171)) - 8d3b2891-5ba8-461e-a3b4-ee1923c34eb8:group-EC84640D7BB2 changes role from CANDIDATE to LEADER at term 1 for changeToLeader
2019-08-08 03:47:55,685 INFO  impl.RaftServerImpl (ServerState.java:setLeader(263)) - 8d3b2891-5ba8-461e-a3b4-ee1923c34eb8:group-EC84640D7BB2 change Leader from null to 8d3b2891-5ba8-461e-a3b4-ee1923c34eb8 at term 1 for becomeLeader, leader elected after 5169ms
2019-08-08 03:47:55,687 INFO  server.RaftServerConfigKeys (ConfUtils.java:logGet(43)) - raft.server.staging.catchup.gap = 1000 (default)
2019-08-08 03:47:55,687 INFO  server.RaftServerConfigKeys (ConfUtils.java:logGet(43)) - raft.server.rpc.sleep.time = 25ms (default)
2019-08-08 03:47:55,687 INFO  server.RaftServerConfigKeys (ConfUtils.java:logGet(43)) - raft.server.write.element-limit = 4096 (default)
2019-08-08 03:47:55,687 INFO  server.RaftServerConfigKeys (ConfUtils.java:logGet(43)) - raft.server.watch.timeout = 10s (default)
2019-08-08 03:47:55,688 INFO  server.RaftServerConfigKeys (ConfUtils.java:logGet(43)) - raft.server.watch.timeout.denomination = 1s (default)
2019-08-08 03:47:55,688 INFO  server.RaftServerConfigKeys (ConfUtils.java:logGet(43)) - raft.server.watch.element-limit = 65536 (default)
2019-08-08 03:47:55,688 INFO  impl.RoleInfo (RoleInfo.java:updateAndGet(143)) - 8d3b2891-5ba8-461e-a3b4-ee1923c34eb8: start LeaderState
2019-08-08 03:47:55,688 INFO  segmented.SegmentedRaftLogWorker (SegmentedRaftLogWorker.java:startLogSegment(380)) - 8d3b2891-5ba8-461e-a3b4-ee1923c34eb8-SegmentedRaftLogWorker:Storage Directory /workdir/hadoop-ozone/integration-test/target/test-dir/MiniOzoneClusterImpl-bbbd5529-fb2f-4638-92cf-dc668c1c5c73/datanode-4/data/ratis/366d0855-6d0d-4ced-8906-ec84640d7bb2: Starting segment from index:0
2019-08-08 03:47:55,689 INFO  impl.RaftServerImpl (ServerState.java:setRaftConf(361)) - 8d3b2891-5ba8-461e-a3b4-ee1923c34eb8:group-EC84640D7BB2 set configuration 0: [8d3b2891-5ba8-461e-a3b4-ee1923c34eb8:192.168.5.133:45718], old=null at 0
2019-08-08 03:47:55,715 INFO  segmented.SegmentedRaftLogWorker (SegmentedRaftLogWorker.java:execute(569)) - 8d3b2891-5ba8-461e-a3b4-ee1923c34eb8-SegmentedRaftLogWorker:Storage Directory /workdir/hadoop-ozone/integration-test/target/test-dir/MiniOzoneClusterImpl-bbbd5529-fb2f-4638-92cf-dc668c1c5c73/datanode-4/data/ratis/366d0855-6d0d-4ced-8906-ec84640d7bb2: created new log segment /workdir/hadoop-ozone/integration-test/target/test-dir/MiniOzoneClusterImpl-bbbd5529-fb2f-4638-92cf-dc668c1c5c73/datanode-4/data/ratis/366d0855-6d0d-4ced-8906-ec84640d7bb2/current/log_inprogress_0
2019-08-08 03:47:55,730 INFO  impl.RaftServerImpl (RaftServerImpl.java:setRole(171)) - 209f9e72-f8f5-4204-b108-d69371c1f8f4:group-F87A33E6BF08 changes role from FOLLOWER to FOLLOWER at term 1 for recognizeCandidate:8743a806-3fdf-4e39-ac49-5ad3198a3616
2019-08-08 03:47:55,730 INFO  impl.RoleInfo (RoleInfo.java:shutdownFollowerState(121)) - 209f9e72-f8f5-4204-b108-d69371c1f8f4: shutdown FollowerState
2019-08-08 03:47:55,730 INFO  impl.RoleInfo (RoleInfo.java:updateAndGet(143)) - 209f9e72-f8f5-4204-b108-d69371c1f8f4: start FollowerState
2019-08-08 03:47:55,730 INFO  impl.FollowerState (FollowerState.java:run(114)) - 209f9e72-f8f5-4204-b108-d69371c1f8f4: FollowerState was interrupted: java.lang.InterruptedException: sleep interrupted
2019-08-08 03:47:55,757 INFO  impl.FollowerState (FollowerState.java:run(106)) - 45ff45e8-57f8-49dd-a9c3-9fe318182704:group-B2B2AAE4B515 changes to CANDIDATE, lastRpcTime:5051, electionTimeout:5051ms
2019-08-08 03:47:55,758 INFO  impl.RoleInfo (RoleInfo.java:shutdownFollowerState(121)) - 45ff45e8-57f8-49dd-a9c3-9fe318182704: shutdown FollowerState
2019-08-08 03:47:55,759 INFO  impl.RaftServerImpl (RaftServerImpl.java:setRole(171)) - 45ff45e8-57f8-49dd-a9c3-9fe318182704:group-B2B2AAE4B515 changes role from FOLLOWER to CANDIDATE at term 0 for changeToCandidate
2019-08-08 03:47:55,759 INFO  impl.RoleInfo (RoleInfo.java:updateAndGet(143)) - 45ff45e8-57f8-49dd-a9c3-9fe318182704: start LeaderElection
2019-08-08 03:47:55,762 INFO  impl.LeaderElection (LeaderElection.java:logAndReturn(56)) - 8743a806-3fdf-4e39-ac49-5ad3198a3616:group-F87A33E6BF08:LeaderElection6: Election PASSED; received 2 response(s) [8743a806-3fdf-4e39-ac49-5ad3198a3616<-209f9e72-f8f5-4204-b108-d69371c1f8f4#0:OK-t1, 8743a806-3fdf-4e39-ac49-5ad3198a3616<-67b8c38d-1c0c-410b-ad58-e04c3ee1fc44#0:FAIL-t1] and 0 exception(s); 8743a806-3fdf-4e39-ac49-5ad3198a3616:t1, leader=null, voted=8743a806-3fdf-4e39-ac49-5ad3198a3616, raftlog=8743a806-3fdf-4e39-ac49-5ad3198a3616-SegmentedRaftLog:OPENED:c-1,f-1,i0, conf=-1: [209f9e72-f8f5-4204-b108-d69371c1f8f4:192.168.5.133:34890, 67b8c38d-1c0c-410b-ad58-e04c3ee1fc44:192.168.5.133:46655, 8743a806-3fdf-4e39-ac49-5ad3198a3616:192.168.5.133:36685], old=null
2019-08-08 03:47:55,762 INFO  impl.LeaderElection (LeaderElection.java:logAndReturn(56)) - 67b8c38d-1c0c-410b-ad58-e04c3ee1fc44:group-F87A33E6BF08:LeaderElection7: Election REJECTED; received 2 response(s) [67b8c38d-1c0c-410b-ad58-e04c3ee1fc44<-209f9e72-f8f5-4204-b108-d69371c1f8f4#0:FAIL-t1, 67b8c38d-1c0c-410b-ad58-e04c3ee1fc44<-8743a806-3fdf-4e39-ac49-5ad3198a3616#0:FAIL-t1] and 0 exception(s); 67b8c38d-1c0c-410b-ad58-e04c3ee1fc44:t1, leader=null, voted=67b8c38d-1c0c-410b-ad58-e04c3ee1fc44, raftlog=67b8c38d-1c0c-410b-ad58-e04c3ee1fc44-SegmentedRaftLog:OPENED:c-1,f-1,i0, conf=-1: [209f9e72-f8f5-4204-b108-d69371c1f8f4:192.168.5.133:34890, 67b8c38d-1c0c-410b-ad58-e04c3ee1fc44:192.168.5.133:46655, 8743a806-3fdf-4e39-ac49-5ad3198a3616:192.168.5.133:36685], old=null
2019-08-08 03:47:55,762 INFO  impl.RoleInfo (RoleInfo.java:shutdownLeaderElection(134)) - 8743a806-3fdf-4e39-ac49-5ad3198a3616: shutdown LeaderElection
2019-08-08 03:47:55,763 INFO  impl.RaftServerImpl (RaftServerImpl.java:setRole(171)) - 67b8c38d-1c0c-410b-ad58-e04c3ee1fc44:group-F87A33E6BF08 changes role from CANDIDATE to FOLLOWER at term 1 for DISCOVERED_A_NEW_TERM
2019-08-08 03:47:55,763 INFO  impl.RaftServerImpl (RaftServerImpl.java:setRole(171)) - 8743a806-3fdf-4e39-ac49-5ad3198a3616:group-F87A33E6BF08 changes role from CANDIDATE to LEADER at term 1 for changeToLeader
2019-08-08 03:47:55,766 INFO  impl.RoleInfo (RoleInfo.java:shutdownLeaderElection(134)) - 67b8c38d-1c0c-410b-ad58-e04c3ee1fc44: shutdown LeaderElection
2019-08-08 03:47:55,766 INFO  impl.RaftServerImpl (ServerState.java:setLeader(263)) - 8743a806-3fdf-4e39-ac49-5ad3198a3616:group-F87A33E6BF08 change Leader from null to 8743a806-3fdf-4e39-ac49-5ad3198a3616 at term 1 for becomeLeader, leader elected after 5160ms
2019-08-08 03:47:55,766 INFO  impl.RoleInfo (RoleInfo.java:updateAndGet(143)) - 67b8c38d-1c0c-410b-ad58-e04c3ee1fc44: start FollowerState
2019-08-08 03:47:55,766 INFO  server.RaftServerConfigKeys (ConfUtils.java:logGet(43)) - raft.server.staging.catchup.gap = 1000 (default)
2019-08-08 03:47:55,766 INFO  server.RaftServerConfigKeys (ConfUtils.java:logGet(43)) - raft.server.rpc.sleep.time = 25ms (default)
2019-08-08 03:47:55,768 INFO  server.RaftServerConfigKeys (ConfUtils.java:logGet(43)) - raft.server.write.element-limit = 4096 (default)
2019-08-08 03:47:55,768 INFO  server.RaftServerConfigKeys (ConfUtils.java:logGet(43)) - raft.server.watch.timeout = 10s (default)
2019-08-08 03:47:55,768 INFO  impl.LeaderElection (LeaderElection.java:askForVotes(181)) - 45ff45e8-57f8-49dd-a9c3-9fe318182704:group-B2B2AAE4B515:LeaderElection9: begin an election at term 1 for -1: [8d3b2891-5ba8-461e-a3b4-ee1923c34eb8:192.168.5.133:45718, 45ff45e8-57f8-49dd-a9c3-9fe318182704:192.168.5.133:45139, aa821608-d1f0-48d0-800b-f831b7f70f50:192.168.5.133:43319], old=null
2019-08-08 03:47:55,768 INFO  server.RaftServerConfigKeys (ConfUtils.java:logGet(43)) - raft.server.watch.timeout.denomination = 1s (default)
2019-08-08 03:47:55,769 INFO  server.RaftServerConfigKeys (ConfUtils.java:logGet(43)) - raft.server.watch.element-limit = 65536 (default)
2019-08-08 03:47:55,774 INFO  server.RaftServerConfigKeys (ConfUtils.java:logGet(43)) - raft.server.log.appender.snapshot.chunk.size.max = 16MB (=16777216) (default)
2019-08-08 03:47:55,775 INFO  server.RaftServerConfigKeys (ConfUtils.java:logGet(43)) - raft.server.log.appender.buffer.byte-limit = 33554432 (custom)
2019-08-08 03:47:55,775 INFO  server.RaftServerConfigKeys (ConfUtils.java:logGet(43)) - raft.server.log.appender.buffer.element-limit = 1 (custom)
2019-08-08 03:47:55,785 INFO  grpc.GrpcConfigKeys$Server (ConfUtils.java:logGet(43)) - raft.grpc.server.leader.outstanding.appends.max = 128 (default)
2019-08-08 03:47:55,786 INFO  impl.RaftServerImpl (RaftServerImpl.java:setRole(171)) - aa821608-d1f0-48d0-800b-f831b7f70f50:group-B2B2AAE4B515 changes role from FOLLOWER to FOLLOWER at term 1 for recognizeCandidate:45ff45e8-57f8-49dd-a9c3-9fe318182704
2019-08-08 03:47:55,787 INFO  server.RaftServerConfigKeys (ConfUtils.java:logGet(43)) - raft.server.rpc.request.timeout = 3000ms (default)
2019-08-08 03:47:55,787 INFO  impl.RaftServerImpl (RaftServerImpl.java:setRole(171)) - 8d3b2891-5ba8-461e-a3b4-ee1923c34eb8:group-B2B2AAE4B515 changes role from FOLLOWER to FOLLOWER at term 1 for recognizeCandidate:45ff45e8-57f8-49dd-a9c3-9fe318182704
2019-08-08 03:47:55,787 INFO  impl.RoleInfo (RoleInfo.java:shutdownFollowerState(121)) - 8d3b2891-5ba8-461e-a3b4-ee1923c34eb8: shutdown FollowerState
2019-08-08 03:47:55,787 INFO  impl.RoleInfo (RoleInfo.java:shutdownFollowerState(121)) - aa821608-d1f0-48d0-800b-f831b7f70f50: shutdown FollowerState
2019-08-08 03:47:55,787 INFO  impl.FollowerState (FollowerState.java:run(114)) - 8d3b2891-5ba8-461e-a3b4-ee1923c34eb8: FollowerState was interrupted: java.lang.InterruptedException: sleep interrupted
2019-08-08 03:47:55,787 INFO  impl.RoleInfo (RoleInfo.java:updateAndGet(143)) - 8d3b2891-5ba8-461e-a3b4-ee1923c34eb8: start FollowerState
2019-08-08 03:47:55,787 INFO  server.RaftServerConfigKeys (ConfUtils.java:logGet(43)) - raft.server.log.appender.install.snapshot.enabled = false (custom)
2019-08-08 03:47:55,788 INFO  impl.FollowerState (FollowerState.java:run(114)) - aa821608-d1f0-48d0-800b-f831b7f70f50: FollowerState was interrupted: java.lang.InterruptedException: sleep interrupted
2019-08-08 03:47:55,787 INFO  impl.RoleInfo (RoleInfo.java:updateAndGet(143)) - aa821608-d1f0-48d0-800b-f831b7f70f50: start FollowerState
2019-08-08 03:47:55,789 INFO  server.RaftServerConfigKeys (ConfUtils.java:logGet(43)) - raft.server.log.appender.snapshot.chunk.size.max = 16MB (=16777216) (default)
2019-08-08 03:47:55,791 INFO  server.RaftServerConfigKeys (ConfUtils.java:logGet(43)) - raft.server.log.appender.buffer.byte-limit = 33554432 (custom)
2019-08-08 03:47:55,792 INFO  server.RaftServerConfigKeys (ConfUtils.java:logGet(43)) - raft.server.log.appender.buffer.element-limit = 1 (custom)
2019-08-08 03:47:55,792 INFO  grpc.GrpcConfigKeys$Server (ConfUtils.java:logGet(43)) - raft.grpc.server.leader.outstanding.appends.max = 128 (default)
2019-08-08 03:47:55,792 INFO  server.RaftServerConfigKeys (ConfUtils.java:logGet(43)) - raft.server.rpc.request.timeout = 3000ms (default)
2019-08-08 03:47:55,792 INFO  server.RaftServerConfigKeys (ConfUtils.java:logGet(43)) - raft.server.log.appender.install.snapshot.enabled = false (custom)
2019-08-08 03:47:55,795 INFO  impl.RoleInfo (RoleInfo.java:updateAndGet(143)) - 8743a806-3fdf-4e39-ac49-5ad3198a3616: start LeaderState
2019-08-08 03:47:55,796 INFO  segmented.SegmentedRaftLogWorker (SegmentedRaftLogWorker.java:startLogSegment(380)) - 8743a806-3fdf-4e39-ac49-5ad3198a3616-SegmentedRaftLogWorker:Storage Directory /workdir/hadoop-ozone/integration-test/target/test-dir/MiniOzoneClusterImpl-bbbd5529-fb2f-4638-92cf-dc668c1c5c73/datanode-2/data/ratis/f3c03ac2-bf91-47a8-ac2e-f87a33e6bf08: Starting segment from index:0
2019-08-08 03:47:55,797 INFO  impl.RaftServerImpl (ServerState.java:setRaftConf(361)) - 8743a806-3fdf-4e39-ac49-5ad3198a3616:group-F87A33E6BF08 set configuration 0: [209f9e72-f8f5-4204-b108-d69371c1f8f4:192.168.5.133:34890, 67b8c38d-1c0c-410b-ad58-e04c3ee1fc44:192.168.5.133:46655, 8743a806-3fdf-4e39-ac49-5ad3198a3616:192.168.5.133:36685], old=null at 0
2019-08-08 03:47:55,818 INFO  segmented.SegmentedRaftLogWorker (SegmentedRaftLogWorker.java:execute(569)) - 8743a806-3fdf-4e39-ac49-5ad3198a3616-SegmentedRaftLogWorker:Storage Directory /workdir/hadoop-ozone/integration-test/target/test-dir/MiniOzoneClusterImpl-bbbd5529-fb2f-4638-92cf-dc668c1c5c73/datanode-2/data/ratis/f3c03ac2-bf91-47a8-ac2e-f87a33e6bf08: created new log segment /workdir/hadoop-ozone/integration-test/target/test-dir/MiniOzoneClusterImpl-bbbd5529-fb2f-4638-92cf-dc668c1c5c73/datanode-2/data/ratis/f3c03ac2-bf91-47a8-ac2e-f87a33e6bf08/current/log_inprogress_0
2019-08-08 03:47:55,821 INFO  impl.LeaderElection (LeaderElection.java:logAndReturn(56)) - 45ff45e8-57f8-49dd-a9c3-9fe318182704:group-B2B2AAE4B515:LeaderElection9: Election PASSED; received 1 response(s) [45ff45e8-57f8-49dd-a9c3-9fe318182704<-aa821608-d1f0-48d0-800b-f831b7f70f50#0:OK-t1] and 0 exception(s); 45ff45e8-57f8-49dd-a9c3-9fe318182704:t1, leader=null, voted=45ff45e8-57f8-49dd-a9c3-9fe318182704, raftlog=45ff45e8-57f8-49dd-a9c3-9fe318182704-SegmentedRaftLog:OPENED:c-1,f-1,i0, conf=-1: [8d3b2891-5ba8-461e-a3b4-ee1923c34eb8:192.168.5.133:45718, 45ff45e8-57f8-49dd-a9c3-9fe318182704:192.168.5.133:45139, aa821608-d1f0-48d0-800b-f831b7f70f50:192.168.5.133:43319], old=null
2019-08-08 03:47:55,821 INFO  impl.RoleInfo (RoleInfo.java:shutdownLeaderElection(134)) - 45ff45e8-57f8-49dd-a9c3-9fe318182704: shutdown LeaderElection
2019-08-08 03:47:55,823 INFO  impl.RaftServerImpl (RaftServerImpl.java:setRole(171)) - 45ff45e8-57f8-49dd-a9c3-9fe318182704:group-B2B2AAE4B515 changes role from CANDIDATE to LEADER at term 1 for changeToLeader
2019-08-08 03:47:55,824 INFO  impl.RaftServerImpl (ServerState.java:setLeader(263)) - 45ff45e8-57f8-49dd-a9c3-9fe318182704:group-B2B2AAE4B515 change Leader from null to 45ff45e8-57f8-49dd-a9c3-9fe318182704 at term 1 for becomeLeader, leader elected after 5130ms
2019-08-08 03:47:55,826 INFO  server.RaftServerConfigKeys (ConfUtils.java:logGet(43)) - raft.server.staging.catchup.gap = 1000 (default)
2019-08-08 03:47:55,826 INFO  server.RaftServerConfigKeys (ConfUtils.java:logGet(43)) - raft.server.rpc.sleep.time = 25ms (default)
2019-08-08 03:47:55,826 INFO  server.RaftServerConfigKeys (ConfUtils.java:logGet(43)) - raft.server.write.element-limit = 4096 (default)
2019-08-08 03:47:55,826 INFO  server.RaftServerConfigKeys (ConfUtils.java:logGet(43)) - raft.server.watch.timeout = 10s (default)
2019-08-08 03:47:55,827 INFO  server.RaftServerConfigKeys (ConfUtils.java:logGet(43)) - raft.server.watch.timeout.denomination = 1s (default)
2019-08-08 03:47:55,827 INFO  server.RaftServerConfigKeys (ConfUtils.java:logGet(43)) - raft.server.watch.element-limit = 65536 (default)
2019-08-08 03:47:55,827 INFO  server.RaftServerConfigKeys (ConfUtils.java:logGet(43)) - raft.server.log.appender.snapshot.chunk.size.max = 16MB (=16777216) (default)
2019-08-08 03:47:55,827 INFO  server.RaftServerConfigKeys (ConfUtils.java:logGet(43)) - raft.server.log.appender.buffer.byte-limit = 33554432 (custom)
2019-08-08 03:47:55,827 INFO  server.RaftServerConfigKeys (ConfUtils.java:logGet(43)) - raft.server.log.appender.buffer.element-limit = 1 (custom)
2019-08-08 03:47:55,828 INFO  grpc.GrpcConfigKeys$Server (ConfUtils.java:logGet(43)) - raft.grpc.server.leader.outstanding.appends.max = 128 (default)
2019-08-08 03:47:55,828 INFO  server.RaftServerConfigKeys (ConfUtils.java:logGet(43)) - raft.server.rpc.request.timeout = 3000ms (default)
2019-08-08 03:47:55,828 INFO  server.RaftServerConfigKeys (ConfUtils.java:logGet(43)) - raft.server.log.appender.install.snapshot.enabled = false (custom)
2019-08-08 03:47:55,828 INFO  server.RaftServerConfigKeys (ConfUtils.java:logGet(43)) - raft.server.log.appender.snapshot.chunk.size.max = 16MB (=16777216) (default)
2019-08-08 03:47:55,828 INFO  server.RaftServerConfigKeys (ConfUtils.java:logGet(43)) - raft.server.log.appender.buffer.byte-limit = 33554432 (custom)
2019-08-08 03:47:55,828 INFO  server.RaftServerConfigKeys (ConfUtils.java:logGet(43)) - raft.server.log.appender.buffer.element-limit = 1 (custom)
2019-08-08 03:47:55,829 INFO  grpc.GrpcConfigKeys$Server (ConfUtils.java:logGet(43)) - raft.grpc.server.leader.outstanding.appends.max = 128 (default)
2019-08-08 03:47:55,829 INFO  server.RaftServerConfigKeys (ConfUtils.java:logGet(43)) - raft.server.rpc.request.timeout = 3000ms (default)
2019-08-08 03:47:55,829 INFO  server.RaftServerConfigKeys (ConfUtils.java:logGet(43)) - raft.server.log.appender.install.snapshot.enabled = false (custom)
2019-08-08 03:47:55,829 INFO  impl.RoleInfo (RoleInfo.java:updateAndGet(143)) - 45ff45e8-57f8-49dd-a9c3-9fe318182704: start LeaderState
2019-08-08 03:47:55,830 INFO  segmented.SegmentedRaftLogWorker (SegmentedRaftLogWorker.java:startLogSegment(380)) - 45ff45e8-57f8-49dd-a9c3-9fe318182704-SegmentedRaftLogWorker:Storage Directory /workdir/hadoop-ozone/integration-test/target/test-dir/MiniOzoneClusterImpl-bbbd5529-fb2f-4638-92cf-dc668c1c5c73/datanode-0/data/ratis/dae0541b-3e06-4fd2-9766-b2b2aae4b515: Starting segment from index:0
2019-08-08 03:47:55,830 INFO  impl.RaftServerImpl (ServerState.java:setRaftConf(361)) - 45ff45e8-57f8-49dd-a9c3-9fe318182704:group-B2B2AAE4B515 set configuration 0: [8d3b2891-5ba8-461e-a3b4-ee1923c34eb8:192.168.5.133:45718, 45ff45e8-57f8-49dd-a9c3-9fe318182704:192.168.5.133:45139, aa821608-d1f0-48d0-800b-f831b7f70f50:192.168.5.133:43319], old=null at 0
2019-08-08 03:47:55,883 INFO  segmented.SegmentedRaftLogWorker (SegmentedRaftLogWorker.java:execute(569)) - 45ff45e8-57f8-49dd-a9c3-9fe318182704-SegmentedRaftLogWorker:Storage Directory /workdir/hadoop-ozone/integration-test/target/test-dir/MiniOzoneClusterImpl-bbbd5529-fb2f-4638-92cf-dc668c1c5c73/datanode-0/data/ratis/dae0541b-3e06-4fd2-9766-b2b2aae4b515: created new log segment /workdir/hadoop-ozone/integration-test/target/test-dir/MiniOzoneClusterImpl-bbbd5529-fb2f-4638-92cf-dc668c1c5c73/datanode-0/data/ratis/dae0541b-3e06-4fd2-9766-b2b2aae4b515/current/log_inprogress_0
2019-08-08 03:47:55,897 INFO  impl.RaftServerImpl (ServerState.java:setLeader(263)) - 209f9e72-f8f5-4204-b108-d69371c1f8f4:group-F87A33E6BF08 change Leader from null to 8743a806-3fdf-4e39-ac49-5ad3198a3616 at term 1 for appendEntries, leader elected after 5289ms
2019-08-08 03:47:55,897 INFO  impl.RaftServerImpl (ServerState.java:setLeader(263)) - 67b8c38d-1c0c-410b-ad58-e04c3ee1fc44:group-F87A33E6BF08 change Leader from null to 8743a806-3fdf-4e39-ac49-5ad3198a3616 at term 1 for appendEntries, leader elected after 5289ms
2019-08-08 03:47:55,897 INFO  impl.RaftServerImpl (ServerState.java:setLeader(263)) - aa821608-d1f0-48d0-800b-f831b7f70f50:group-B2B2AAE4B515 change Leader from null to 45ff45e8-57f8-49dd-a9c3-9fe318182704 at term 1 for appendEntries, leader elected after 5203ms
2019-08-08 03:47:55,897 INFO  impl.RaftServerImpl (ServerState.java:setLeader(263)) - 8d3b2891-5ba8-461e-a3b4-ee1923c34eb8:group-B2B2AAE4B515 change Leader from null to 45ff45e8-57f8-49dd-a9c3-9fe318182704 at term 1 for appendEntries, leader elected after 5203ms
2019-08-08 03:47:55,902 INFO  client.GrpcClientProtocolClient (GrpcClientProtocolClient.java:onNext(255)) - client-46E402B29842->aa821608-d1f0-48d0-800b-f831b7f70f50: receive RaftClientReply:client-46E402B29842->aa821608-d1f0-48d0-800b-f831b7f70f50@group-B2B2AAE4B515, cid=12, FAILED org.apache.ratis.protocol.NotLeaderException: Server aa821608-d1f0-48d0-800b-f831b7f70f50 is not the leader (null). Request must be sent to leader., logIndex=0, commits[aa821608-d1f0-48d0-800b-f831b7f70f50:c-1]
2019-08-08 03:47:55,929 WARN  io.KeyOutputStream (KeyOutputStream.java:handleException(276)) - Encountered exception java.io.IOException: Unexpected Storage Container Exception: java.util.concurrent.CompletionException: java.util.concurrent.CompletionException: org.apache.ratis.protocol.RaftRetryFailureException: Failed RaftClientRequest:client-46E402B29842->aa821608-d1f0-48d0-800b-f831b7f70f50@group-B2B2AAE4B515, cid=12, seq=1*, RW, org.apache.hadoop.hdds.scm.XceiverClientRatis$$Lambda$314/1472633143@3b2712b0 for 5 attempts with RetryLimited(maxAttempts=5, sleepTime=1000ms) on the pipeline Pipeline[ Id: dae0541b-3e06-4fd2-9766-b2b2aae4b515, Nodes: aa821608-d1f0-48d0-800b-f831b7f70f50{ip: 192.168.5.133, host: byscane-nightly-5b87q-1102612012, networkLocation: /default-rack, certSerialId: null}8d3b2891-5ba8-461e-a3b4-ee1923c34eb8{ip: 192.168.5.133, host: byscane-nightly-5b87q-1102612012, networkLocation: /default-rack, certSerialId: null}45ff45e8-57f8-49dd-a9c3-9fe318182704{ip: 192.168.5.133, host: byscane-nightly-5b87q-1102612012, networkLocation: /default-rack, certSerialId: null}, Type:RATIS, Factor:THREE, State:OPEN]. The last committed block length is 0, uncommitted data length is 2097152 retry count 0
2019-08-08 03:47:55,950 INFO  impl.RaftServerImpl (ServerState.java:setRaftConf(361)) - aa821608-d1f0-48d0-800b-f831b7f70f50:group-B2B2AAE4B515 set configuration 0: [8d3b2891-5ba8-461e-a3b4-ee1923c34eb8:192.168.5.133:45718, 45ff45e8-57f8-49dd-a9c3-9fe318182704:192.168.5.133:45139, aa821608-d1f0-48d0-800b-f831b7f70f50:192.168.5.133:43319], old=null at 0
2019-08-08 03:47:55,950 INFO  impl.RaftServerImpl (ServerState.java:setRaftConf(361)) - 67b8c38d-1c0c-410b-ad58-e04c3ee1fc44:group-F87A33E6BF08 set configuration 0: [209f9e72-f8f5-4204-b108-d69371c1f8f4:192.168.5.133:34890, 67b8c38d-1c0c-410b-ad58-e04c3ee1fc44:192.168.5.133:46655, 8743a806-3fdf-4e39-ac49-5ad3198a3616:192.168.5.133:36685], old=null at 0
2019-08-08 03:47:55,950 INFO  impl.RaftServerImpl (ServerState.java:setRaftConf(361)) - 8d3b2891-5ba8-461e-a3b4-ee1923c34eb8:group-B2B2AAE4B515 set configuration 0: [8d3b2891-5ba8-461e-a3b4-ee1923c34eb8:192.168.5.133:45718, 45ff45e8-57f8-49dd-a9c3-9fe318182704:192.168.5.133:45139, aa821608-d1f0-48d0-800b-f831b7f70f50:192.168.5.133:43319], old=null at 0
2019-08-08 03:47:55,950 INFO  impl.RaftServerImpl (ServerState.java:setRaftConf(361)) - 209f9e72-f8f5-4204-b108-d69371c1f8f4:group-F87A33E6BF08 set configuration 0: [209f9e72-f8f5-4204-b108-d69371c1f8f4:192.168.5.133:34890, 67b8c38d-1c0c-410b-ad58-e04c3ee1fc44:192.168.5.133:46655, 8743a806-3fdf-4e39-ac49-5ad3198a3616:192.168.5.133:36685], old=null at 0
2019-08-08 03:47:55,952 INFO  segmented.SegmentedRaftLogWorker (SegmentedRaftLogWorker.java:startLogSegment(380)) - 8d3b2891-5ba8-461e-a3b4-ee1923c34eb8-SegmentedRaftLogWorker:Storage Directory /workdir/hadoop-ozone/integration-test/target/test-dir/MiniOzoneClusterImpl-bbbd5529-fb2f-4638-92cf-dc668c1c5c73/datanode-4/data/ratis/dae0541b-3e06-4fd2-9766-b2b2aae4b515: Starting segment from index:0
2019-08-08 03:47:55,952 INFO  segmented.SegmentedRaftLogWorker (SegmentedRaftLogWorker.java:startLogSegment(380)) - 67b8c38d-1c0c-410b-ad58-e04c3ee1fc44-SegmentedRaftLogWorker:Storage Directory /workdir/hadoop-ozone/integration-test/target/test-dir/MiniOzoneClusterImpl-bbbd5529-fb2f-4638-92cf-dc668c1c5c73/datanode-1/data/ratis/f3c03ac2-bf91-47a8-ac2e-f87a33e6bf08: Starting segment from index:0
2019-08-08 03:47:55,952 INFO  segmented.SegmentedRaftLogWorker (SegmentedRaftLogWorker.java:startLogSegment(380)) - aa821608-d1f0-48d0-800b-f831b7f70f50-SegmentedRaftLogWorker:Storage Directory /workdir/hadoop-ozone/integration-test/target/test-dir/MiniOzoneClusterImpl-bbbd5529-fb2f-4638-92cf-dc668c1c5c73/datanode-5/data/ratis/dae0541b-3e06-4fd2-9766-b2b2aae4b515: Starting segment from index:0
2019-08-08 03:47:55,952 INFO  segmented.SegmentedRaftLogWorker (SegmentedRaftLogWorker.java:startLogSegment(380)) - 209f9e72-f8f5-4204-b108-d69371c1f8f4-SegmentedRaftLogWorker:Storage Directory /workdir/hadoop-ozone/integration-test/target/test-dir/MiniOzoneClusterImpl-bbbd5529-fb2f-4638-92cf-dc668c1c5c73/datanode-3/data/ratis/f3c03ac2-bf91-47a8-ac2e-f87a33e6bf08: Starting segment from index:0
2019-08-08 03:47:56,016 INFO  segmented.SegmentedRaftLogWorker (SegmentedRaftLogWorker.java:execute(569)) - aa821608-d1f0-48d0-800b-f831b7f70f50-SegmentedRaftLogWorker:Storage Directory /workdir/hadoop-ozone/integration-test/target/test-dir/MiniOzoneClusterImpl-bbbd5529-fb2f-4638-92cf-dc668c1c5c73/datanode-5/data/ratis/dae0541b-3e06-4fd2-9766-b2b2aae4b515: created new log segment /workdir/hadoop-ozone/integration-test/target/test-dir/MiniOzoneClusterImpl-bbbd5529-fb2f-4638-92cf-dc668c1c5c73/datanode-5/data/ratis/dae0541b-3e06-4fd2-9766-b2b2aae4b515/current/log_inprogress_0
2019-08-08 03:47:56,016 INFO  segmented.SegmentedRaftLogWorker (SegmentedRaftLogWorker.java:execute(569)) - 8d3b2891-5ba8-461e-a3b4-ee1923c34eb8-SegmentedRaftLogWorker:Storage Directory /workdir/hadoop-ozone/integration-test/target/test-dir/MiniOzoneClusterImpl-bbbd5529-fb2f-4638-92cf-dc668c1c5c73/datanode-4/data/ratis/dae0541b-3e06-4fd2-9766-b2b2aae4b515: created new log segment /workdir/hadoop-ozone/integration-test/target/test-dir/MiniOzoneClusterImpl-bbbd5529-fb2f-4638-92cf-dc668c1c5c73/datanode-4/data/ratis/dae0541b-3e06-4fd2-9766-b2b2aae4b515/current/log_inprogress_0
2019-08-08 03:47:56,019 INFO  segmented.SegmentedRaftLogWorker (SegmentedRaftLogWorker.java:execute(569)) - 67b8c38d-1c0c-410b-ad58-e04c3ee1fc44-SegmentedRaftLogWorker:Storage Directory /workdir/hadoop-ozone/integration-test/target/test-dir/MiniOzoneClusterImpl-bbbd5529-fb2f-4638-92cf-dc668c1c5c73/datanode-1/data/ratis/f3c03ac2-bf91-47a8-ac2e-f87a33e6bf08: created new log segment /workdir/hadoop-ozone/integration-test/target/test-dir/MiniOzoneClusterImpl-bbbd5529-fb2f-4638-92cf-dc668c1c5c73/datanode-1/data/ratis/f3c03ac2-bf91-47a8-ac2e-f87a33e6bf08/current/log_inprogress_0
2019-08-08 03:47:56,019 INFO  segmented.SegmentedRaftLogWorker (SegmentedRaftLogWorker.java:execute(569)) - 209f9e72-f8f5-4204-b108-d69371c1f8f4-SegmentedRaftLogWorker:Storage Directory /workdir/hadoop-ozone/integration-test/target/test-dir/MiniOzoneClusterImpl-bbbd5529-fb2f-4638-92cf-dc668c1c5c73/datanode-3/data/ratis/f3c03ac2-bf91-47a8-ac2e-f87a33e6bf08: created new log segment /workdir/hadoop-ozone/integration-test/target/test-dir/MiniOzoneClusterImpl-bbbd5529-fb2f-4638-92cf-dc668c1c5c73/datanode-3/data/ratis/f3c03ac2-bf91-47a8-ac2e-f87a33e6bf08/current/log_inprogress_0
2019-08-08 03:47:56,053 INFO  client.GrpcClientProtocolClient (GrpcClientProtocolClient.java:onNext(255)) - client-5BDE5640354D->209f9e72-f8f5-4204-b108-d69371c1f8f4: receive RaftClientReply:client-5BDE5640354D->209f9e72-f8f5-4204-b108-d69371c1f8f4@group-F87A33E6BF08, cid=16, FAILED org.apache.ratis.protocol.NotLeaderException: Server 209f9e72-f8f5-4204-b108-d69371c1f8f4 is not the leader (8743a806-3fdf-4e39-ac49-5ad3198a3616:192.168.5.133:36685). Request must be sent to leader., logIndex=0, commits[209f9e72-f8f5-4204-b108-d69371c1f8f4:c0, 67b8c38d-1c0c-410b-ad58-e04c3ee1fc44:c-1, 8743a806-3fdf-4e39-ac49-5ad3198a3616:c0]
2019-08-08 03:47:56,276 INFO  client.GrpcClientProtocolClient (GrpcClientProtocolClient.java:onNext(255)) - client-5BDE5640354D->8743a806-3fdf-4e39-ac49-5ad3198a3616: receive RaftClientReply:client-5BDE5640354D->8743a806-3fdf-4e39-ac49-5ad3198a3616@group-F87A33E6BF08, cid=16, SUCCESS, logIndex=1, commits[8743a806-3fdf-4e39-ac49-5ad3198a3616:c1, 209f9e72-f8f5-4204-b108-d69371c1f8f4:c0, 67b8c38d-1c0c-410b-ad58-e04c3ee1fc44:c0]
2019-08-08 03:47:56,355 INFO  client.GrpcClientProtocolClient (GrpcClientProtocolClient.java:onNext(255)) - client-5BDE5640354D->8743a806-3fdf-4e39-ac49-5ad3198a3616: receive RaftClientReply:client-5BDE5640354D->8743a806-3fdf-4e39-ac49-5ad3198a3616@group-F87A33E6BF08, cid=17, SUCCESS, logIndex=3, commits[8743a806-3fdf-4e39-ac49-5ad3198a3616:c8, 209f9e72-f8f5-4204-b108-d69371c1f8f4:c6, 67b8c38d-1c0c-410b-ad58-e04c3ee1fc44:c6]
2019-08-08 03:47:56,362 INFO  client.GrpcClientProtocolClient (GrpcClientProtocolClient.java:onNext(255)) - client-5BDE5640354D->8743a806-3fdf-4e39-ac49-5ad3198a3616: receive RaftClientReply:client-5BDE5640354D->8743a806-3fdf-4e39-ac49-5ad3198a3616@group-F87A33E6BF08, cid=18, SUCCESS, logIndex=4, commits[8743a806-3fdf-4e39-ac49-5ad3198a3616:c8, 209f9e72-f8f5-4204-b108-d69371c1f8f4:c6, 67b8c38d-1c0c-410b-ad58-e04c3ee1fc44:c6]
2019-08-08 03:47:56,384 INFO  client.GrpcClientProtocolClient (GrpcClientProtocolClient.java:onNext(255)) - client-5BDE5640354D->8743a806-3fdf-4e39-ac49-5ad3198a3616: receive RaftClientReply:client-5BDE5640354D->8743a806-3fdf-4e39-ac49-5ad3198a3616@group-F87A33E6BF08, cid=19, SUCCESS, logIndex=6, commits[8743a806-3fdf-4e39-ac49-5ad3198a3616:c8, 209f9e72-f8f5-4204-b108-d69371c1f8f4:c6, 67b8c38d-1c0c-410b-ad58-e04c3ee1fc44:c6]
2019-08-08 03:47:56,431 INFO  client.GrpcClientProtocolClient (GrpcClientProtocolClient.java:onNext(255)) - client-5BDE5640354D->8743a806-3fdf-4e39-ac49-5ad3198a3616: receive RaftClientReply:client-5BDE5640354D->8743a806-3fdf-4e39-ac49-5ad3198a3616@group-F87A33E6BF08, cid=20, SUCCESS, logIndex=9, commits[8743a806-3fdf-4e39-ac49-5ad3198a3616:c10, 209f9e72-f8f5-4204-b108-d69371c1f8f4:c6, 67b8c38d-1c0c-410b-ad58-e04c3ee1fc44:c8]
2019-08-08 03:47:56,432 INFO  client.GrpcClientProtocolClient (GrpcClientProtocolClient.java:onNext(255)) - client-5BDE5640354D->8743a806-3fdf-4e39-ac49-5ad3198a3616: receive RaftClientReply:client-5BDE5640354D->8743a806-3fdf-4e39-ac49-5ad3198a3616@group-F87A33E6BF08, cid=21, SUCCESS, logIndex=10, commits[8743a806-3fdf-4e39-ac49-5ad3198a3616:c10, 209f9e72-f8f5-4204-b108-d69371c1f8f4:c6, 67b8c38d-1c0c-410b-ad58-e04c3ee1fc44:c8]
2019-08-08 03:47:56,450 INFO  client.GrpcClientProtocolClient (GrpcClientProtocolClient.java:onNext(255)) - client-5BDE5640354D->8743a806-3fdf-4e39-ac49-5ad3198a3616: receive RaftClientReply:client-5BDE5640354D->8743a806-3fdf-4e39-ac49-5ad3198a3616@group-F87A33E6BF08, cid=22, SUCCESS, logIndex=11, commits[8743a806-3fdf-4e39-ac49-5ad3198a3616:c13, 209f9e72-f8f5-4204-b108-d69371c1f8f4:c8, 67b8c38d-1c0c-410b-ad58-e04c3ee1fc44:c10]
2019-08-08 03:47:56,452 INFO  client.GrpcClientProtocolClient (GrpcClientProtocolClient.java:onNext(255)) - client-5BDE5640354D->8743a806-3fdf-4e39-ac49-5ad3198a3616: receive RaftClientReply:client-5BDE5640354D->8743a806-3fdf-4e39-ac49-5ad3198a3616@group-F87A33E6BF08, cid=23, SUCCESS, logIndex=12, commits[8743a806-3fdf-4e39-ac49-5ad3198a3616:c14, 209f9e72-f8f5-4204-b108-d69371c1f8f4:c8, 67b8c38d-1c0c-410b-ad58-e04c3ee1fc44:c10]
2019-08-08 03:47:56,477 INFO  client.GrpcClientProtocolClient (GrpcClientProtocolClient.java:onNext(255)) - client-5BDE5640354D->8743a806-3fdf-4e39-ac49-5ad3198a3616: receive RaftClientReply:client-5BDE5640354D->8743a806-3fdf-4e39-ac49-5ad3198a3616@group-F87A33E6BF08, cid=24, SUCCESS, logIndex=0, commits[8743a806-3fdf-4e39-ac49-5ad3198a3616:c16, 209f9e72-f8f5-4204-b108-d69371c1f8f4:c12, 67b8c38d-1c0c-410b-ad58-e04c3ee1fc44:c12]
2019-08-08 03:47:56,484 INFO  client.GrpcClientProtocolClient (GrpcClientProtocolClient.java:onNext(255)) - client-5BDE5640354D->8743a806-3fdf-4e39-ac49-5ad3198a3616: receive RaftClientReply:client-5BDE5640354D->8743a806-3fdf-4e39-ac49-5ad3198a3616@group-F87A33E6BF08, cid=25, SUCCESS, logIndex=0, commits[8743a806-3fdf-4e39-ac49-5ad3198a3616:c16, 209f9e72-f8f5-4204-b108-d69371c1f8f4:c12, 67b8c38d-1c0c-410b-ad58-e04c3ee1fc44:c12]
2019-08-08 03:47:56,499 INFO  datanode.ObjectStoreHandler (ObjectStoreHandler.java:close(155)) - Closing ObjectStoreHandler.
2019-08-08 03:47:56,500 INFO  ozone.HddsDatanodeService (HddsDatanodeService.java:stop(451)) - Stopped plug-in org.apache.hadoop.ozone.web.OzoneHddsDatanodeService@50ec4bfc
2019-08-08 03:47:56,759 INFO  statemachine.DatanodeStateMachine (DatanodeStateMachine.java:lambda$startDaemon$0(350)) - Ozone container server started.
2019-08-08 03:47:56,784 INFO  client.GrpcClientProtocolClient (GrpcClientProtocolClient.java:onNext(255)) - client-5BDE5640354D->8743a806-3fdf-4e39-ac49-5ad3198a3616: receive RaftClientReply:client-5BDE5640354D->8743a806-3fdf-4e39-ac49-5ad3198a3616@group-F87A33E6BF08, cid=26, SUCCESS, logIndex=17, commits[8743a806-3fdf-4e39-ac49-5ad3198a3616:c18, 209f9e72-f8f5-4204-b108-d69371c1f8f4:c16, 67b8c38d-1c0c-410b-ad58-e04c3ee1fc44:c16]
2019-08-08 03:47:56,821 INFO  client.GrpcClientProtocolClient (GrpcClientProtocolClient.java:onNext(255)) - client-5BDE5640354D->8743a806-3fdf-4e39-ac49-5ad3198a3616: receive RaftClientReply:client-5BDE5640354D->8743a806-3fdf-4e39-ac49-5ad3198a3616@group-F87A33E6BF08, cid=27, SUCCESS, logIndex=18, commits[8743a806-3fdf-4e39-ac49-5ad3198a3616:c20, 209f9e72-f8f5-4204-b108-d69371c1f8f4:c18, 67b8c38d-1c0c-410b-ad58-e04c3ee1fc44:c18]
2019-08-08 03:48:01,503 INFO  ozoneimpl.OzoneContainer (OzoneContainer.java:stop(199)) - Attempting to stop container services.
2019-08-08 03:48:01,504 INFO  impl.RaftServerProxy (RaftServerProxy.java:lambda$close$4(314)) - 209f9e72-f8f5-4204-b108-d69371c1f8f4: close
2019-08-08 03:48:01,507 INFO  impl.RaftServerImpl (RaftServerImpl.java:lambda$shutdown$3(245)) - 209f9e72-f8f5-4204-b108-d69371c1f8f4: shutdown group-165309DB4C14
2019-08-08 03:48:01,507 INFO  util.JmxRegister (JmxRegister.java:unregister(73)) - Successfully un-registered JMX Bean with object name Ratis:service=RaftServer,group=group-165309DB4C14,id=209f9e72-f8f5-4204-b108-d69371c1f8f4
2019-08-08 03:48:01,508 INFO  impl.RoleInfo (RoleInfo.java:shutdownLeaderState(104)) - 209f9e72-f8f5-4204-b108-d69371c1f8f4: shutdown LeaderState
2019-08-08 03:48:01,509 INFO  impl.PendingRequests (PendingRequests.java:sendNotLeaderResponses(202)) - 209f9e72-f8f5-4204-b108-d69371c1f8f4-PendingRequests: sendNotLeaderResponses
2019-08-08 03:48:01,511 INFO  impl.StateMachineUpdater (StateMachineUpdater.java:stopAndJoin(115)) - StateMachineUpdater:209f9e72-f8f5-4204-b108-d69371c1f8f4:group-165309DB4C14: set stopIndex = 0
2019-08-08 03:48:01,515 INFO  impl.RaftServerImpl (ServerState.java:close(394)) - 209f9e72-f8f5-4204-b108-d69371c1f8f4:group-165309DB4C14 closes. The last applied log index is 0
2019-08-08 03:48:01,518 INFO  segmented.SegmentedRaftLogWorker (SegmentedRaftLogWorker.java:run(313)) - 209f9e72-f8f5-4204-b108-d69371c1f8f4-SegmentedRaftLogWorker:Storage Directory /workdir/hadoop-ozone/integration-test/target/test-dir/MiniOzoneClusterImpl-bbbd5529-fb2f-4638-92cf-dc668c1c5c73/datanode-3/data/ratis/01baac4d-c66e-4ee7-bc12-165309db4c14 was interrupted, exiting. There are 0 tasks remaining in the queue.
2019-08-08 03:48:01,534 INFO  segmented.SegmentedRaftLogWorker (SegmentedRaftLogWorker.java:close(228)) - 209f9e72-f8f5-4204-b108-d69371c1f8f4-SegmentedRaftLogWorker:Storage Directory /workdir/hadoop-ozone/integration-test/target/test-dir/MiniOzoneClusterImpl-bbbd5529-fb2f-4638-92cf-dc668c1c5c73/datanode-3/data/ratis/01baac4d-c66e-4ee7-bc12-165309db4c14 close()
2019-08-08 03:48:01,538 INFO  impl.RaftServerImpl (RaftServerImpl.java:lambda$shutdown$3(245)) - 209f9e72-f8f5-4204-b108-d69371c1f8f4: shutdown group-F87A33E6BF08
2019-08-08 03:48:01,538 INFO  util.JmxRegister (JmxRegister.java:unregister(73)) - Successfully un-registered JMX Bean with object name Ratis:service=RaftServer,group=group-F87A33E6BF08,id=209f9e72-f8f5-4204-b108-d69371c1f8f4
2019-08-08 03:48:01,539 INFO  impl.RoleInfo (RoleInfo.java:shutdownFollowerState(121)) - 209f9e72-f8f5-4204-b108-d69371c1f8f4: shutdown FollowerState
2019-08-08 03:48:01,539 INFO  impl.StateMachineUpdater (StateMachineUpdater.java:stopAndJoin(115)) - StateMachineUpdater:209f9e72-f8f5-4204-b108-d69371c1f8f4:group-F87A33E6BF08: set stopIndex = 20
2019-08-08 03:48:01,539 INFO  impl.FollowerState (FollowerState.java:run(114)) - 209f9e72-f8f5-4204-b108-d69371c1f8f4: FollowerState was interrupted: java.lang.InterruptedException: sleep interrupted
2019-08-08 03:48:01,541 INFO  ratis.ContainerStateMachine (ContainerStateMachine.java:takeSnapshot(262)) - group-F87A33E6BF08: Taking a snapshot at:(t:1, i:18) file /workdir/hadoop-ozone/integration-test/target/test-dir/MiniOzoneClusterImpl-bbbd5529-fb2f-4638-92cf-dc668c1c5c73/datanode-3/data/ratis/f3c03ac2-bf91-47a8-ac2e-f87a33e6bf08/sm/snapshot.1_18
2019-08-08 03:48:01,579 INFO  ratis.ContainerStateMachine (ContainerStateMachine.java:takeSnapshot(273)) - group-F87A33E6BF08: Finished taking a snapshot at:(t:1, i:18) file:/workdir/hadoop-ozone/integration-test/target/test-dir/MiniOzoneClusterImpl-bbbd5529-fb2f-4638-92cf-dc668c1c5c73/datanode-3/data/ratis/f3c03ac2-bf91-47a8-ac2e-f87a33e6bf08/sm/snapshot.1_18 time:39
2019-08-08 03:48:01,579 INFO  impl.StateMachineUpdater (StateMachineUpdater.java:takeSnapshot(242)) - StateMachineUpdater:209f9e72-f8f5-4204-b108-d69371c1f8f4:group-F87A33E6BF08: Took a snapshot at index 18
2019-08-08 03:48:01,598 INFO  impl.StateMachineUpdater (StateMachineUpdater.java:lambda$new$0(80)) - StateMachineUpdater:209f9e72-f8f5-4204-b108-d69371c1f8f4:group-F87A33E6BF08: snapshotIndex: updateIncreasingly -1 -> 18
2019-08-08 03:48:01,606 INFO  impl.RaftServerImpl (ServerState.java:close(394)) - 209f9e72-f8f5-4204-b108-d69371c1f8f4:group-F87A33E6BF08 closes. The last applied log index is 20
2019-08-08 03:48:01,607 INFO  segmented.SegmentedRaftLogWorker (SegmentedRaftLogWorker.java:run(313)) - 209f9e72-f8f5-4204-b108-d69371c1f8f4-SegmentedRaftLogWorker:Storage Directory /workdir/hadoop-ozone/integration-test/target/test-dir/MiniOzoneClusterImpl-bbbd5529-fb2f-4638-92cf-dc668c1c5c73/datanode-3/data/ratis/f3c03ac2-bf91-47a8-ac2e-f87a33e6bf08 was interrupted, exiting. There are 0 tasks remaining in the queue.
2019-08-08 03:48:01,610 INFO  segmented.SegmentedRaftLogWorker (SegmentedRaftLogWorker.java:close(228)) - 209f9e72-f8f5-4204-b108-d69371c1f8f4-SegmentedRaftLogWorker:Storage Directory /workdir/hadoop-ozone/integration-test/target/test-dir/MiniOzoneClusterImpl-bbbd5529-fb2f-4638-92cf-dc668c1c5c73/datanode-3/data/ratis/f3c03ac2-bf91-47a8-ac2e-f87a33e6bf08 close()
2019-08-08 03:48:01,614 INFO  server.GrpcService (GrpcService.java:closeImpl(155)) - 209f9e72-f8f5-4204-b108-d69371c1f8f4: shutdown server with port 34890 now
2019-08-08 03:48:01,622 INFO  server.GrpcService (GrpcService.java:closeImpl(163)) - 209f9e72-f8f5-4204-b108-d69371c1f8f4: shutdown server with port 34890 successfully
2019-08-08 03:48:01,622 WARN  server.GrpcServerProtocolService (LogUtils.java:warn(134)) - 209f9e72-f8f5-4204-b108-d69371c1f8f4: appendEntries onError: org.apache.ratis.thirdparty.io.grpc.StatusRuntimeException: CANCELLED: cancelled before receiving half close
2019-08-08 03:48:01,626 INFO  utils.BackgroundService (BackgroundService.java:shutdown(148)) - Shutting down service BlockDeletingService
2019-08-08 03:48:01,626 WARN  server.GrpcLogAppender (LogUtils.java:warn(134)) - 8743a806-3fdf-4e39-ac49-5ad3198a3616->209f9e72-f8f5-4204-b108-d69371c1f8f4: Failed appendEntries: org.apache.ratis.thirdparty.io.grpc.StatusRuntimeException: CANCELLED: HTTP/2 error code: CANCEL
Received Rst Stream
2019-08-08 03:48:01,633 WARN  fs.CachingGetSpaceUsed (CachingGetSpaceUsed.java:run(183)) - Thread Interrupted waiting to refresh disk information: sleep interrupted
2019-08-08 03:48:01,633 INFO  impl.FollowerInfo (FollowerInfo.java:lambda$new$0(50)) - 8743a806-3fdf-4e39-ac49-5ad3198a3616->209f9e72-f8f5-4204-b108-d69371c1f8f4: nextIndex: updateUnconditionally 21 -> 20
2019-08-08 03:48:01,652 INFO  statemachine.DatanodeStateMachine (DatanodeStateMachine.java:stopDaemon(395)) - Ozone container server stopped.
2019-08-08 03:48:01,655 INFO  handler.ContextHandler (ContextHandler.java:doStop(910)) - Stopped o.e.j.w.WebAppContext@3b4086c1{/,null,UNAVAILABLE}{/hddsDatanode}
2019-08-08 03:48:01,661 INFO  server.AbstractConnector (AbstractConnector.java:doStop(318)) - Stopped ServerConnector@58aa1d72{HTTP/1.1,[http/1.1]}{0.0.0.0:0}
2019-08-08 03:48:01,661 INFO  handler.ContextHandler (ContextHandler.java:doStop(910)) - Stopped o.e.j.s.ServletContextHandler@5b29ab61{/static,jar:file:/home/user/.m2/repository/org/apache/hadoop/hadoop-hdds-container-service/0.4.1-SNAPSHOT/hadoop-hdds-container-service-0.4.1-SNAPSHOT.jar!/webapps/static,UNAVAILABLE}
2019-08-08 03:48:01,661 INFO  handler.ContextHandler (ContextHandler.java:doStop(910)) - Stopped o.e.j.s.ServletContextHandler@4ed18798{/logs,file:///workdir/hadoop-ozone/integration-test/target/log,UNAVAILABLE}
2019-08-08 03:48:01,666 INFO  datanode.ObjectStoreHandler (ObjectStoreHandler.java:close(155)) - Closing ObjectStoreHandler.
2019-08-08 03:48:01,666 INFO  ozone.HddsDatanodeService (HddsDatanodeService.java:stop(451)) - Stopped plug-in org.apache.hadoop.ozone.web.OzoneHddsDatanodeService@4f1fb828
2019-08-08 03:48:01,759 INFO  statemachine.DatanodeStateMachine (DatanodeStateMachine.java:lambda$startDaemon$0(350)) - Ozone container server started.
2019-08-08 03:48:01,812 WARN  server.GrpcLogAppender (LogUtils.java:warn(134)) - 8743a806-3fdf-4e39-ac49-5ad3198a3616->209f9e72-f8f5-4204-b108-d69371c1f8f4: Failed appendEntries: org.apache.ratis.thirdparty.io.grpc.StatusRuntimeException: UNAVAILABLE: io exception
2019-08-08 03:48:01,814 INFO  impl.FollowerInfo (FollowerInfo.java:lambda$new$0(50)) - 8743a806-3fdf-4e39-ac49-5ad3198a3616->209f9e72-f8f5-4204-b108-d69371c1f8f4: nextIndex: updateUnconditionally 20 -> 19
2019-08-08 03:48:04,307 WARN  server.GrpcLogAppender (LogUtils.java:warn(134)) - 8743a806-3fdf-4e39-ac49-5ad3198a3616->209f9e72-f8f5-4204-b108-d69371c1f8f4: Failed appendEntries: org.apache.ratis.thirdparty.io.grpc.StatusRuntimeException: UNAVAILABLE: io exception
2019-08-08 03:48:04,311 INFO  impl.FollowerInfo (FollowerInfo.java:lambda$new$0(50)) - 8743a806-3fdf-4e39-ac49-5ad3198a3616->209f9e72-f8f5-4204-b108-d69371c1f8f4: nextIndex: updateUnconditionally 19 -> 18
2019-08-08 03:48:06,667 INFO  ozoneimpl.OzoneContainer (OzoneContainer.java:stop(199)) - Attempting to stop container services.
2019-08-08 03:48:06,668 INFO  impl.RaftServerProxy (RaftServerProxy.java:lambda$close$4(314)) - 67b8c38d-1c0c-410b-ad58-e04c3ee1fc44: close
2019-08-08 03:48:06,669 INFO  impl.RaftServerImpl (RaftServerImpl.java:lambda$shutdown$3(245)) - 67b8c38d-1c0c-410b-ad58-e04c3ee1fc44: shutdown group-F87A33E6BF08
2019-08-08 03:48:06,669 INFO  impl.RaftServerImpl (RaftServerImpl.java:lambda$shutdown$3(245)) - 67b8c38d-1c0c-410b-ad58-e04c3ee1fc44: shutdown group-119E1F9F1718
2019-08-08 03:48:06,669 INFO  util.JmxRegister (JmxRegister.java:unregister(73)) - Successfully un-registered JMX Bean with object name Ratis:service=RaftServer,group=group-F87A33E6BF08,id=67b8c38d-1c0c-410b-ad58-e04c3ee1fc44
2019-08-08 03:48:06,669 INFO  util.JmxRegister (JmxRegister.java:unregister(73)) - Successfully un-registered JMX Bean with object name Ratis:service=RaftServer,group=group-119E1F9F1718,id=67b8c38d-1c0c-410b-ad58-e04c3ee1fc44
2019-08-08 03:48:06,670 INFO  impl.RoleInfo (RoleInfo.java:shutdownFollowerState(121)) - 67b8c38d-1c0c-410b-ad58-e04c3ee1fc44: shutdown FollowerState
2019-08-08 03:48:06,670 INFO  impl.RoleInfo (RoleInfo.java:shutdownLeaderState(104)) - 67b8c38d-1c0c-410b-ad58-e04c3ee1fc44: shutdown LeaderState
2019-08-08 03:48:06,672 INFO  impl.FollowerState (FollowerState.java:run(114)) - 67b8c38d-1c0c-410b-ad58-e04c3ee1fc44: FollowerState was interrupted: java.lang.InterruptedException: sleep interrupted
2019-08-08 03:48:06,670 INFO  impl.StateMachineUpdater (StateMachineUpdater.java:stopAndJoin(115)) - StateMachineUpdater:67b8c38d-1c0c-410b-ad58-e04c3ee1fc44:group-F87A33E6BF08: set stopIndex = 20
2019-08-08 03:48:06,675 INFO  impl.PendingRequests (PendingRequests.java:sendNotLeaderResponses(202)) - 67b8c38d-1c0c-410b-ad58-e04c3ee1fc44-PendingRequests: sendNotLeaderResponses
2019-08-08 03:48:06,673 INFO  ratis.ContainerStateMachine (ContainerStateMachine.java:takeSnapshot(262)) - group-F87A33E6BF08: Taking a snapshot at:(t:1, i:18) file /workdir/hadoop-ozone/integration-test/target/test-dir/MiniOzoneClusterImpl-bbbd5529-fb2f-4638-92cf-dc668c1c5c73/datanode-1/data/ratis/f3c03ac2-bf91-47a8-ac2e-f87a33e6bf08/sm/snapshot.1_18
2019-08-08 03:48:06,677 INFO  impl.StateMachineUpdater (StateMachineUpdater.java:stopAndJoin(115)) - StateMachineUpdater:67b8c38d-1c0c-410b-ad58-e04c3ee1fc44:group-119E1F9F1718: set stopIndex = 0
2019-08-08 03:48:06,689 INFO  impl.RaftServerImpl (ServerState.java:close(394)) - 67b8c38d-1c0c-410b-ad58-e04c3ee1fc44:group-119E1F9F1718 closes. The last applied log index is 0
2019-08-08 03:48:06,689 INFO  segmented.SegmentedRaftLogWorker (SegmentedRaftLogWorker.java:run(313)) - 67b8c38d-1c0c-410b-ad58-e04c3ee1fc44-SegmentedRaftLogWorker:Storage Directory /workdir/hadoop-ozone/integration-test/target/test-dir/MiniOzoneClusterImpl-bbbd5529-fb2f-4638-92cf-dc668c1c5c73/datanode-1/data/ratis/22c445c2-8cd8-4816-829b-119e1f9f1718 was interrupted, exiting. There are 0 tasks remaining in the queue.
2019-08-08 03:48:06,691 INFO  segmented.SegmentedRaftLogWorker (SegmentedRaftLogWorker.java:close(228)) - 67b8c38d-1c0c-410b-ad58-e04c3ee1fc44-SegmentedRaftLogWorker:Storage Directory /workdir/hadoop-ozone/integration-test/target/test-dir/MiniOzoneClusterImpl-bbbd5529-fb2f-4638-92cf-dc668c1c5c73/datanode-1/data/ratis/22c445c2-8cd8-4816-829b-119e1f9f1718 close()
2019-08-08 03:48:06,694 INFO  ratis.ContainerStateMachine (ContainerStateMachine.java:takeSnapshot(273)) - group-F87A33E6BF08: Finished taking a snapshot at:(t:1, i:18) file:/workdir/hadoop-ozone/integration-test/target/test-dir/MiniOzoneClusterImpl-bbbd5529-fb2f-4638-92cf-dc668c1c5c73/datanode-1/data/ratis/f3c03ac2-bf91-47a8-ac2e-f87a33e6bf08/sm/snapshot.1_18 time:24
2019-08-08 03:48:06,694 INFO  impl.StateMachineUpdater (StateMachineUpdater.java:takeSnapshot(242)) - StateMachineUpdater:67b8c38d-1c0c-410b-ad58-e04c3ee1fc44:group-F87A33E6BF08: Took a snapshot at index 18
2019-08-08 03:48:06,695 INFO  impl.StateMachineUpdater (StateMachineUpdater.java:lambda$new$0(80)) - StateMachineUpdater:67b8c38d-1c0c-410b-ad58-e04c3ee1fc44:group-F87A33E6BF08: snapshotIndex: updateIncreasingly -1 -> 18
2019-08-08 03:48:06,697 INFO  impl.RaftServerImpl (ServerState.java:close(394)) - 67b8c38d-1c0c-410b-ad58-e04c3ee1fc44:group-F87A33E6BF08 closes. The last applied log index is 20
2019-08-08 03:48:06,697 INFO  segmented.SegmentedRaftLogWorker (SegmentedRaftLogWorker.java:run(313)) - 67b8c38d-1c0c-410b-ad58-e04c3ee1fc44-SegmentedRaftLogWorker:Storage Directory /workdir/hadoop-ozone/integration-test/target/test-dir/MiniOzoneClusterImpl-bbbd5529-fb2f-4638-92cf-dc668c1c5c73/datanode-1/data/ratis/f3c03ac2-bf91-47a8-ac2e-f87a33e6bf08 was interrupted, exiting. There are 0 tasks remaining in the queue.
2019-08-08 03:48:06,699 INFO  segmented.SegmentedRaftLogWorker (SegmentedRaftLogWorker.java:close(228)) - 67b8c38d-1c0c-410b-ad58-e04c3ee1fc44-SegmentedRaftLogWorker:Storage Directory /workdir/hadoop-ozone/integration-test/target/test-dir/MiniOzoneClusterImpl-bbbd5529-fb2f-4638-92cf-dc668c1c5c73/datanode-1/data/ratis/f3c03ac2-bf91-47a8-ac2e-f87a33e6bf08 close()
2019-08-08 03:48:06,703 INFO  server.GrpcService (GrpcService.java:closeImpl(155)) - 67b8c38d-1c0c-410b-ad58-e04c3ee1fc44: shutdown server with port 46655 now
2019-08-08 03:48:06,708 WARN  server.GrpcServerProtocolService (LogUtils.java:warn(134)) - 67b8c38d-1c0c-410b-ad58-e04c3ee1fc44: appendEntries onError: org.apache.ratis.thirdparty.io.grpc.StatusRuntimeException: CANCELLED: cancelled before receiving half close
2019-08-08 03:48:06,712 INFO  server.GrpcService (GrpcService.java:closeImpl(163)) - 67b8c38d-1c0c-410b-ad58-e04c3ee1fc44: shutdown server with port 46655 successfully
2019-08-08 03:48:06,712 WARN  server.GrpcLogAppender (LogUtils.java:warn(134)) - 8743a806-3fdf-4e39-ac49-5ad3198a3616->67b8c38d-1c0c-410b-ad58-e04c3ee1fc44: Failed appendEntries: org.apache.ratis.thirdparty.io.grpc.StatusRuntimeException: CANCELLED: HTTP/2 error code: CANCEL
Received Rst Stream
2019-08-08 03:48:06,714 INFO  impl.FollowerInfo (FollowerInfo.java:lambda$new$0(50)) - 8743a806-3fdf-4e39-ac49-5ad3198a3616->67b8c38d-1c0c-410b-ad58-e04c3ee1fc44: nextIndex: updateUnconditionally 21 -> 20
2019-08-08 03:48:06,715 INFO  utils.BackgroundService (BackgroundService.java:shutdown(148)) - Shutting down service BlockDeletingService
2019-08-08 03:48:06,716 WARN  fs.CachingGetSpaceUsed (CachingGetSpaceUsed.java:run(183)) - Thread Interrupted waiting to refresh disk information: sleep interrupted
2019-08-08 03:48:06,746 INFO  statemachine.DatanodeStateMachine (DatanodeStateMachine.java:stopDaemon(395)) - Ozone container server stopped.
2019-08-08 03:48:06,747 INFO  handler.ContextHandler (ContextHandler.java:doStop(910)) - Stopped o.e.j.w.WebAppContext@1c628f6a{/,null,UNAVAILABLE}{/hddsDatanode}
2019-08-08 03:48:06,748 INFO  server.AbstractConnector (AbstractConnector.java:doStop(318)) - Stopped ServerConnector@9b47400{HTTP/1.1,[http/1.1]}{0.0.0.0:0}
2019-08-08 03:48:06,748 INFO  handler.ContextHandler (ContextHandler.java:doStop(910)) - Stopped o.e.j.s.ServletContextHandler@515b9d4a{/static,jar:file:/home/user/.m2/repository/org/apache/hadoop/hadoop-hdds-container-service/0.4.1-SNAPSHOT/hadoop-hdds-container-service-0.4.1-SNAPSHOT.jar!/webapps/static,UNAVAILABLE}
2019-08-08 03:48:06,749 INFO  handler.ContextHandler (ContextHandler.java:doStop(910)) - Stopped o.e.j.s.ServletContextHandler@4bf80c29{/logs,file:///workdir/hadoop-ozone/integration-test/target/log,UNAVAILABLE}
2019-08-08 03:48:06,799 WARN  server.GrpcLogAppender (LogUtils.java:warn(134)) - 8743a806-3fdf-4e39-ac49-5ad3198a3616->67b8c38d-1c0c-410b-ad58-e04c3ee1fc44: Failed appendEntries: org.apache.ratis.thirdparty.io.grpc.StatusRuntimeException: UNAVAILABLE: io exception
2019-08-08 03:48:06,799 WARN  server.GrpcLogAppender (LogUtils.java:warn(134)) - 8743a806-3fdf-4e39-ac49-5ad3198a3616->209f9e72-f8f5-4204-b108-d69371c1f8f4: Failed appendEntries: org.apache.ratis.thirdparty.io.grpc.StatusRuntimeException: UNAVAILABLE: io exception
2019-08-08 03:48:06,801 INFO  impl.FollowerInfo (FollowerInfo.java:lambda$new$0(50)) - 8743a806-3fdf-4e39-ac49-5ad3198a3616->67b8c38d-1c0c-410b-ad58-e04c3ee1fc44: nextIndex: updateUnconditionally 21 -> 20
2019-08-08 03:48:06,802 INFO  impl.FollowerInfo (FollowerInfo.java:lambda$new$0(50)) - 8743a806-3fdf-4e39-ac49-5ad3198a3616->209f9e72-f8f5-4204-b108-d69371c1f8f4: nextIndex: updateUnconditionally 19 -> 18
2019-08-08 03:48:09,302 WARN  server.GrpcLogAppender (LogUtils.java:warn(134)) - 8743a806-3fdf-4e39-ac49-5ad3198a3616->209f9e72-f8f5-4204-b108-d69371c1f8f4: Failed appendEntries: org.apache.ratis.thirdparty.io.grpc.StatusRuntimeException: UNAVAILABLE: io exception
2019-08-08 03:48:09,302 WARN  server.GrpcLogAppender (LogUtils.java:warn(134)) - 8743a806-3fdf-4e39-ac49-5ad3198a3616->67b8c38d-1c0c-410b-ad58-e04c3ee1fc44: Failed appendEntries: org.apache.ratis.thirdparty.io.grpc.StatusRuntimeException: UNAVAILABLE: io exception
2019-08-08 03:48:09,305 INFO  impl.FollowerInfo (FollowerInfo.java:lambda$new$0(50)) - 8743a806-3fdf-4e39-ac49-5ad3198a3616->209f9e72-f8f5-4204-b108-d69371c1f8f4: nextIndex: updateUnconditionally 18 -> 17
2019-08-08 03:48:09,306 INFO  impl.FollowerInfo (FollowerInfo.java:lambda$new$0(50)) - 8743a806-3fdf-4e39-ac49-5ad3198a3616->67b8c38d-1c0c-410b-ad58-e04c3ee1fc44: nextIndex: updateUnconditionally 20 -> 19
2019-08-08 03:48:11,806 WARN  server.GrpcLogAppender (LogUtils.java:warn(134)) - 8743a806-3fdf-4e39-ac49-5ad3198a3616->67b8c38d-1c0c-410b-ad58-e04c3ee1fc44: Failed appendEntries: org.apache.ratis.thirdparty.io.grpc.StatusRuntimeException: UNAVAILABLE: io exception
2019-08-08 03:48:11,807 WARN  server.GrpcLogAppender (LogUtils.java:warn(134)) - 8743a806-3fdf-4e39-ac49-5ad3198a3616->209f9e72-f8f5-4204-b108-d69371c1f8f4: Failed appendEntries: org.apache.ratis.thirdparty.io.grpc.StatusRuntimeException: UNAVAILABLE: io exception
2019-08-08 03:48:11,808 INFO  impl.FollowerInfo (FollowerInfo.java:lambda$new$0(50)) - 8743a806-3fdf-4e39-ac49-5ad3198a3616->67b8c38d-1c0c-410b-ad58-e04c3ee1fc44: nextIndex: updateUnconditionally 19 -> 18
2019-08-08 03:48:11,809 INFO  impl.FollowerInfo (FollowerInfo.java:lambda$new$0(50)) - 8743a806-3fdf-4e39-ac49-5ad3198a3616->209f9e72-f8f5-4204-b108-d69371c1f8f4: nextIndex: updateUnconditionally 17 -> 16
2019-08-08 03:48:14,307 WARN  server.GrpcLogAppender (LogUtils.java:warn(134)) - 8743a806-3fdf-4e39-ac49-5ad3198a3616->67b8c38d-1c0c-410b-ad58-e04c3ee1fc44: Failed appendEntries: org.apache.ratis.thirdparty.io.grpc.StatusRuntimeException: UNAVAILABLE: io exception
2019-08-08 03:48:14,307 WARN  server.GrpcLogAppender (LogUtils.java:warn(134)) - 8743a806-3fdf-4e39-ac49-5ad3198a3616->209f9e72-f8f5-4204-b108-d69371c1f8f4: Failed appendEntries: org.apache.ratis.thirdparty.io.grpc.StatusRuntimeException: UNAVAILABLE: io exception
2019-08-08 03:48:14,310 INFO  impl.FollowerInfo (FollowerInfo.java:lambda$new$0(50)) - 8743a806-3fdf-4e39-ac49-5ad3198a3616->67b8c38d-1c0c-410b-ad58-e04c3ee1fc44: nextIndex: updateUnconditionally 18 -> 17
2019-08-08 03:48:14,310 INFO  impl.FollowerInfo (FollowerInfo.java:lambda$new$0(50)) - 8743a806-3fdf-4e39-ac49-5ad3198a3616->209f9e72-f8f5-4204-b108-d69371c1f8f4: nextIndex: updateUnconditionally 16 -> 15
2019-08-08 03:48:16,815 WARN  server.GrpcLogAppender (LogUtils.java:warn(134)) - 8743a806-3fdf-4e39-ac49-5ad3198a3616->209f9e72-f8f5-4204-b108-d69371c1f8f4: Failed appendEntries: org.apache.ratis.thirdparty.io.grpc.StatusRuntimeException: UNAVAILABLE: io exception
2019-08-08 03:48:16,815 WARN  server.GrpcLogAppender (LogUtils.java:warn(134)) - 8743a806-3fdf-4e39-ac49-5ad3198a3616->67b8c38d-1c0c-410b-ad58-e04c3ee1fc44: Failed appendEntries: org.apache.ratis.thirdparty.io.grpc.StatusRuntimeException: UNAVAILABLE: io exception
2019-08-08 03:48:16,819 INFO  impl.FollowerInfo (FollowerInfo.java:lambda$new$0(50)) - 8743a806-3fdf-4e39-ac49-5ad3198a3616->209f9e72-f8f5-4204-b108-d69371c1f8f4: nextIndex: updateUnconditionally 15 -> 14
2019-08-08 03:48:16,819 INFO  impl.FollowerInfo (FollowerInfo.java:lambda$new$0(50)) - 8743a806-3fdf-4e39-ac49-5ad3198a3616->67b8c38d-1c0c-410b-ad58-e04c3ee1fc44: nextIndex: updateUnconditionally 17 -> 16
2019-08-08 03:48:16,909 WARN  io.KeyOutputStream (KeyOutputStream.java:handleException(276)) - Encountered exception java.io.IOException: Unexpected Storage Container Exception: java.util.concurrent.CompletionException: java.util.concurrent.CompletionException: org.apache.ratis.protocol.RaftRetryFailureException: Failed RaftClientRequest:client-5BDE5640354D->8743a806-3fdf-4e39-ac49-5ad3198a3616@group-F87A33E6BF08, cid=28, seq=11*, RW, org.apache.hadoop.hdds.scm.XceiverClientRatis$$Lambda$314/1472633143@6aa906f for 5 attempts with RetryLimited(maxAttempts=5, sleepTime=1000ms) on the pipeline Pipeline[ Id: f3c03ac2-bf91-47a8-ac2e-f87a33e6bf08, Nodes: 209f9e72-f8f5-4204-b108-d69371c1f8f4{ip: 192.168.5.133, host: byscane-nightly-5b87q-1102612012, networkLocation: /default-rack, certSerialId: null}67b8c38d-1c0c-410b-ad58-e04c3ee1fc44{ip: 192.168.5.133, host: byscane-nightly-5b87q-1102612012, networkLocation: /default-rack, certSerialId: null}8743a806-3fdf-4e39-ac49-5ad3198a3616{ip: 192.168.5.133, host: byscane-nightly-5b87q-1102612012, networkLocation: /default-rack, certSerialId: null}, Type:RATIS, Factor:THREE, State:OPEN]. The last committed block length is 1048576, uncommitted data length is 1048576 retry count 0
2019-08-08 03:48:16,949 WARN  block.BlockManagerImpl (BlockManagerImpl.java:allocateBlock(192)) - Pipeline creation failed for type:RATIS factor:THREE. Retrying get pipelines call once.
org.apache.hadoop.hdds.scm.pipeline.InsufficientDatanodesException: Cannot create pipeline of factor 3 using 0 nodes.
	at org.apache.hadoop.hdds.scm.pipeline.RatisPipelineProvider.create(RatisPipelineProvider.java:151)
	at org.apache.hadoop.hdds.scm.pipeline.PipelineFactory.create(PipelineFactory.java:57)
	at org.apache.hadoop.hdds.scm.pipeline.SCMPipelineManager.createPipeline(SCMPipelineManager.java:149)
	at org.apache.hadoop.hdds.scm.block.BlockManagerImpl.allocateBlock(BlockManagerImpl.java:190)
	at org.apache.hadoop.hdds.scm.server.SCMBlockProtocolServer.allocateBlock(SCMBlockProtocolServer.java:175)
	at org.apache.hadoop.ozone.protocolPB.ScmBlockLocationProtocolServerSideTranslatorPB.allocateScmBlock(ScmBlockLocationProtocolServerSideTranslatorPB.java:153)
	at org.apache.hadoop.ozone.protocolPB.ScmBlockLocationProtocolServerSideTranslatorPB.send(ScmBlockLocationProtocolServerSideTranslatorPB.java:112)
	at org.apache.hadoop.hdds.protocol.proto.ScmBlockLocationProtocolProtos$ScmBlockLocationProtocolService$2.callBlockingMethod(ScmBlockLocationProtocolProtos.java:13157)
	at org.apache.hadoop.ipc.ProtobufRpcEngine$Server$ProtoBufRpcInvoker.call(ProtobufRpcEngine.java:524)
	at org.apache.hadoop.ipc.RPC$Server.call(RPC.java:1025)
	at org.apache.hadoop.ipc.Server$RpcCall.run(Server.java:876)
	at org.apache.hadoop.ipc.Server$RpcCall.run(Server.java:822)
	at java.security.AccessController.doPrivileged(Native Method)
	at javax.security.auth.Subject.doAs(Subject.java:422)
	at org.apache.hadoop.security.UserGroupInformation.doAs(UserGroupInformation.java:1730)
	at org.apache.hadoop.ipc.Server$Handler.run(Server.java:2682)
2019-08-08 03:48:16,954 INFO  block.BlockManagerImpl (BlockManagerImpl.java:allocateBlock(198)) - Could not find available pipeline of type:RATIS and factor:THREE even after retrying
2019-08-08 03:48:16,954 ERROR block.BlockManagerImpl (BlockManagerImpl.java:allocateBlock(222)) - Unable to allocate a block for the size: 4194304, type: RATIS, factor: THREE
03:48:16.959 [IPC Server handler 14 on 41658] ERROR OMAudit - user=jenkins1000 | ip=127.0.0.1 | op=ALLOCATE_BLOCK {volume=datanodefailurehandlingtest, bucket=datanodefailurehandlingtest, key=ratis3, dataSize=0, replicationType=null, replicationFactor=null, keyLocationInfo=null, clientID=102579311171862528} | ret=FAILURE
org.apache.hadoop.hdds.scm.exceptions.SCMException: Allocated 0 blocks. Requested 1 blocks
	at org.apache.hadoop.hdds.scm.protocolPB.ScmBlockLocationProtocolClientSideTranslatorPB.handleError(ScmBlockLocationProtocolClientSideTranslatorPB.java:118) ~[hadoop-hdds-common-0.4.1-SNAPSHOT.jar:?]
	at org.apache.hadoop.hdds.scm.protocolPB.ScmBlockLocationProtocolClientSideTranslatorPB.allocateBlock(ScmBlockLocationProtocolClientSideTranslatorPB.java:156) ~[hadoop-hdds-common-0.4.1-SNAPSHOT.jar:?]
	at sun.reflect.NativeMethodAccessorImpl.invoke0(Native Method) ~[?:1.8.0_212]
	at sun.reflect.NativeMethodAccessorImpl.invoke(NativeMethodAccessorImpl.java:62) ~[?:1.8.0_212]
	at sun.reflect.DelegatingMethodAccessorImpl.invoke(DelegatingMethodAccessorImpl.java:43) ~[?:1.8.0_212]
	at java.lang.reflect.Method.invoke(Method.java:498) ~[?:1.8.0_212]
	at org.apache.hadoop.hdds.tracing.TraceAllMethod.invoke(TraceAllMethod.java:66) ~[hadoop-hdds-common-0.4.1-SNAPSHOT.jar:?]
	at com.sun.proxy.$Proxy25.allocateBlock(Unknown Source) ~[?:?]
	at org.apache.hadoop.ozone.om.KeyManagerImpl.allocateBlock(KeyManagerImpl.java:333) ~[hadoop-ozone-ozone-manager-0.4.1-SNAPSHOT.jar:?]
	at org.apache.hadoop.ozone.om.KeyManagerImpl.allocateBlock(KeyManagerImpl.java:304) ~[hadoop-ozone-ozone-manager-0.4.1-SNAPSHOT.jar:?]
	at org.apache.hadoop.ozone.om.OzoneManager.allocateBlock(OzoneManager.java:2291) [hadoop-ozone-ozone-manager-0.4.1-SNAPSHOT.jar:?]
	at org.apache.hadoop.ozone.protocolPB.OzoneManagerRequestHandler.allocateBlock(OzoneManagerRequestHandler.java:717) [hadoop-ozone-ozone-manager-0.4.1-SNAPSHOT.jar:?]
	at org.apache.hadoop.ozone.protocolPB.OzoneManagerRequestHandler.handle(OzoneManagerRequestHandler.java:240) [hadoop-ozone-ozone-manager-0.4.1-SNAPSHOT.jar:?]
	at org.apache.hadoop.ozone.protocolPB.OzoneManagerProtocolServerSideTranslatorPB.submitRequestDirectlyToOM(OzoneManagerProtocolServerSideTranslatorPB.java:192) [hadoop-ozone-ozone-manager-0.4.1-SNAPSHOT.jar:?]
	at org.apache.hadoop.ozone.protocolPB.OzoneManagerProtocolServerSideTranslatorPB.submitRequest(OzoneManagerProtocolServerSideTranslatorPB.java:110) [hadoop-ozone-ozone-manager-0.4.1-SNAPSHOT.jar:?]
	at org.apache.hadoop.ozone.protocol.proto.OzoneManagerProtocolProtos$OzoneManagerService$2.callBlockingMethod(OzoneManagerProtocolProtos.java) [hadoop-ozone-common-0.4.1-SNAPSHOT.jar:?]
	at org.apache.hadoop.ipc.ProtobufRpcEngine$Server$ProtoBufRpcInvoker.call(ProtobufRpcEngine.java:524) [hadoop-common-3.2.0.jar:?]
	at org.apache.hadoop.ipc.RPC$Server.call(RPC.java:1025) [hadoop-common-3.2.0.jar:?]
	at org.apache.hadoop.ipc.Server$RpcCall.run(Server.java:876) [hadoop-common-3.2.0.jar:?]
	at org.apache.hadoop.ipc.Server$RpcCall.run(Server.java:822) [hadoop-common-3.2.0.jar:?]
	at java.security.AccessController.doPrivileged(Native Method) [?:1.8.0_212]
	at javax.security.auth.Subject.doAs(Subject.java:422) [?:1.8.0_212]
	at org.apache.hadoop.security.UserGroupInformation.doAs(UserGroupInformation.java:1730) [hadoop-common-3.2.0.jar:?]
	at org.apache.hadoop.ipc.Server$Handler.run(Server.java:2682) [hadoop-common-3.2.0.jar:?]
2019-08-08 03:48:16,976 ERROR io.BlockOutputStreamEntryPool (BlockOutputStreamEntryPool.java:allocateBlockIfNeeded(299)) - Try to allocate more blocks for write failed, already allocated 0 blocks for this write.
INTERNAL_ERROR org.apache.hadoop.ozone.om.exceptions.OMException: Allocated 0 blocks. Requested 1 blocks
	at org.apache.hadoop.ozone.om.protocolPB.OzoneManagerProtocolClientSideTranslatorPB.handleError(OzoneManagerProtocolClientSideTranslatorPB.java:720)
	at org.apache.hadoop.ozone.om.protocolPB.OzoneManagerProtocolClientSideTranslatorPB.allocateBlock(OzoneManagerProtocolClientSideTranslatorPB.java:752)
	at org.apache.hadoop.ozone.client.io.BlockOutputStreamEntryPool.allocateNewBlock(BlockOutputStreamEntryPool.java:248)
	at org.apache.hadoop.ozone.client.io.BlockOutputStreamEntryPool.allocateBlockIfNeeded(BlockOutputStreamEntryPool.java:296)
	at org.apache.hadoop.ozone.client.io.KeyOutputStream.handleWrite(KeyOutputStream.java:201)
	at org.apache.hadoop.ozone.client.io.KeyOutputStream.handleRetry(KeyOutputStream.java:376)
	at org.apache.hadoop.ozone.client.io.KeyOutputStream.handleException(KeyOutputStream.java:325)
	at org.apache.hadoop.ozone.client.io.KeyOutputStream.handleWrite(KeyOutputStream.java:231)
	at org.apache.hadoop.ozone.client.io.KeyOutputStream.write(KeyOutputStream.java:193)
	at org.apache.hadoop.ozone.client.io.OzoneOutputStream.write(OzoneOutputStream.java:49)
	at java.io.OutputStream.write(OutputStream.java:75)
	at org.apache.hadoop.ozone.client.rpc.TestMultiBlockWritesWithDnFailures.testMultiBlockWritesWithDnFailures(TestMultiBlockWritesWithDnFailures.java:144)
	at sun.reflect.NativeMethodAccessorImpl.invoke0(Native Method)
	at sun.reflect.NativeMethodAccessorImpl.invoke(NativeMethodAccessorImpl.java:62)
	at sun.reflect.DelegatingMethodAccessorImpl.invoke(DelegatingMethodAccessorImpl.java:43)
	at java.lang.reflect.Method.invoke(Method.java:498)
	at org.junit.runners.model.FrameworkMethod$1.runReflectiveCall(FrameworkMethod.java:47)
	at org.junit.internal.runners.model.ReflectiveCallable.run(ReflectiveCallable.java:12)
	at org.junit.runners.model.FrameworkMethod.invokeExplosively(FrameworkMethod.java:44)
	at org.junit.internal.runners.statements.InvokeMethod.evaluate(InvokeMethod.java:17)
	at org.junit.runners.ParentRunner.runLeaf(ParentRunner.java:271)
	at org.junit.runners.BlockJUnit4ClassRunner.runChild(BlockJUnit4ClassRunner.java:70)
	at org.junit.runners.BlockJUnit4ClassRunner.runChild(BlockJUnit4ClassRunner.java:50)
	at org.junit.runners.ParentRunner$3.run(ParentRunner.java:238)
	at org.junit.runners.ParentRunner$1.schedule(ParentRunner.java:63)
	at org.junit.runners.ParentRunner.runChildren(ParentRunner.java:236)
	at org.junit.runners.ParentRunner.access$000(ParentRunner.java:53)
	at org.junit.runners.ParentRunner$2.evaluate(ParentRunner.java:229)
	at org.junit.runners.ParentRunner.run(ParentRunner.java:309)
	at org.apache.maven.surefire.junit4.JUnit4Provider.execute(JUnit4Provider.java:365)
	at org.apache.maven.surefire.junit4.JUnit4Provider.executeWithRerun(JUnit4Provider.java:273)
	at org.apache.maven.surefire.junit4.JUnit4Provider.executeTestSet(JUnit4Provider.java:238)
	at org.apache.maven.surefire.junit4.JUnit4Provider.invoke(JUnit4Provider.java:159)
	at org.apache.maven.surefire.booter.ForkedBooter.invokeProviderInSameClassLoader(ForkedBooter.java:384)
	at org.apache.maven.surefire.booter.ForkedBooter.runSuitesInProcess(ForkedBooter.java:345)
	at org.apache.maven.surefire.booter.ForkedBooter.execute(ForkedBooter.java:126)
	at org.apache.maven.surefire.booter.ForkedBooter.main(ForkedBooter.java:418)
]]></system-out>
    <system-err><![CDATA[ERROR StatusLogger No Log4j 2 configuration file found. Using default configuration (logging only errors to the console), or user programmatically provided configurations. Set system property 'log4j2.debug' to show Log4j 2 internal initialization logging. See https://logging.apache.org/log4j/2.x/manual/configuration.html for instructions on how to configure Log4j 2
Aug 08, 2019 3:47:43 AM com.sun.jersey.server.impl.application.WebApplicationImpl _initiate
INFO: Initiating Jersey application, version 'Jersey: 1.19 02/11/2015 03:25 AM'
Aug 08, 2019 3:47:44 AM com.sun.jersey.server.impl.application.WebApplicationImpl _initiate
INFO: Initiating Jersey application, version 'Jersey: 1.19 02/11/2015 03:25 AM'
Aug 08, 2019 3:47:45 AM com.sun.jersey.server.impl.application.WebApplicationImpl _initiate
INFO: Initiating Jersey application, version 'Jersey: 1.19 02/11/2015 03:25 AM'
Aug 08, 2019 3:47:45 AM com.sun.jersey.server.impl.application.WebApplicationImpl _initiate
INFO: Initiating Jersey application, version 'Jersey: 1.19 02/11/2015 03:25 AM'
Aug 08, 2019 3:47:45 AM com.sun.jersey.server.impl.application.WebApplicationImpl _initiate
INFO: Initiating Jersey application, version 'Jersey: 1.19 02/11/2015 03:25 AM'
Aug 08, 2019 3:47:45 AM com.sun.jersey.server.impl.application.WebApplicationImpl _initiate
INFO: Initiating Jersey application, version 'Jersey: 1.19 02/11/2015 03:25 AM'
]]></system-err>
  </testcase>
</testsuite>