<?xml version="1.0" encoding="UTF-8"?>
<testsuite xmlns:xsi="http://www.w3.org/2001/XMLSchema-instance" xsi:noNamespaceSchemaLocation="https://maven.apache.org/surefire/maven-surefire-plugin/xsd/surefire-test-report.xsd" name="org.apache.hadoop.ozone.client.rpc.TestMultiBlockWritesWithDnFailures" time="146.342" tests="2" errors="1" skipped="0" failures="0">
  <properties>
    <property name="awt.toolkit" value="sun.awt.X11.XToolkit"/>
    <property name="file.encoding.pkg" value="sun.io"/>
    <property name="java.specification.version" value="1.8"/>
    <property name="sun.cpu.isalist" value=""/>
    <property name="sun.jnu.encoding" value="UTF-8"/>
    <property name="java.class.path" value="/workdir/hadoop-ozone/integration-test/target/test-classes:/workdir/hadoop-ozone/integration-test/target/classes:/home/user/.m2/repository/org/apache/hadoop/hadoop-ozone-common/0.5.0-SNAPSHOT/hadoop-ozone-common-0.5.0-SNAPSHOT.jar:/home/user/.m2/repository/org/apache/commons/commons-compress/1.4.1/commons-compress-1.4.1.jar:/home/user/.m2/repository/org/tukaani/xz/1.0/xz-1.0.jar:/home/user/.m2/repository/org/apache/hadoop/hadoop-common/3.2.0/hadoop-common-3.2.0.jar:/home/user/.m2/repository/org/apache/hadoop/hadoop-hdfs/3.2.0/hadoop-hdfs-3.2.0.jar:/home/user/.m2/repository/org/apache/hadoop/hadoop-hdfs-client/3.2.0/hadoop-hdfs-client-3.2.0.jar:/home/user/.m2/repository/com/fasterxml/jackson/core/jackson-annotations/2.9.5/jackson-annotations-2.9.5.jar:/home/user/.m2/repository/org/apache/hadoop/hadoop-hdds-common/0.5.0-SNAPSHOT/hadoop-hdds-common-0.5.0-SNAPSHOT.jar:/home/user/.m2/repository/javax/annotation/javax.annotation-api/1.2/javax.annotation-api-1.2.jar:/home/user/.m2/repository/org/apache/ratis/ratis-server/0.4.0-78e95b9-SNAPSHOT/ratis-server-0.4.0-78e95b9-SNAPSHOT.jar:/home/user/.m2/repository/org/apache/ratis/ratis-thirdparty-misc/0.2.0/ratis-thirdparty-misc-0.2.0.jar:/home/user/.m2/repository/org/apache/ratis/ratis-proto/0.4.0-78e95b9-SNAPSHOT/ratis-proto-0.4.0-78e95b9-SNAPSHOT.jar:/home/user/.m2/repository/org/apache/ratis/ratis-common/0.4.0-78e95b9-SNAPSHOT/ratis-common-0.4.0-78e95b9-SNAPSHOT.jar:/home/user/.m2/repository/org/apache/ratis/ratis-client/0.4.0-78e95b9-SNAPSHOT/ratis-client-0.4.0-78e95b9-SNAPSHOT.jar:/home/user/.m2/repository/org/apache/ratis/ratis-metrics/0.4.0-78e95b9-SNAPSHOT/ratis-metrics-0.4.0-78e95b9-SNAPSHOT.jar:/home/user/.m2/repository/com/github/joshelser/dropwizard-metrics-hadoop-metrics2-reporter/0.1.2/dropwizard-metrics-hadoop-metrics2-reporter-0.1.2.jar:/home/user/.m2/repository/io/dropwizard/metrics/metrics-jvm/3.2.5/metrics-jvm-3.2.5.jar:/home/user/.m2/repository/io/dropwizard/metrics/metrics-ganglia/3.2.5/metrics-ganglia-3.2.5.jar:/home/user/.m2/repository/info/ganglia/gmetric4j/gmetric4j/1.0.7/gmetric4j-1.0.7.jar:/home/user/.m2/repository/org/apache/ratis/ratis-netty/0.4.0-78e95b9-SNAPSHOT/ratis-netty-0.4.0-78e95b9-SNAPSHOT.jar:/home/user/.m2/repository/org/apache/ratis/ratis-grpc/0.4.0-78e95b9-SNAPSHOT/ratis-grpc-0.4.0-78e95b9-SNAPSHOT.jar:/home/user/.m2/repository/org/rocksdb/rocksdbjni/6.0.1/rocksdbjni-6.0.1.jar:/home/user/.m2/repository/org/apache/logging/log4j/log4j-api/2.11.0/log4j-api-2.11.0.jar:/home/user/.m2/repository/org/apache/logging/log4j/log4j-core/2.11.0/log4j-core-2.11.0.jar:/home/user/.m2/repository/com/lmax/disruptor/3.4.2/disruptor-3.4.2.jar:/home/user/.m2/repository/org/apache/commons/commons-pool2/2.6.0/commons-pool2-2.6.0.jar:/home/user/.m2/repository/org/bouncycastle/bcpkix-jdk15on/1.60/bcpkix-jdk15on-1.60.jar:/home/user/.m2/repository/commons-validator/commons-validator/1.6/commons-validator-1.6.jar:/home/user/.m2/repository/commons-digester/commons-digester/1.8.1/commons-digester-1.8.1.jar:/home/user/.m2/repository/io/jaegertracing/jaeger-client/0.33.1/jaeger-client-0.33.1.jar:/home/user/.m2/repository/io/jaegertracing/jaeger-thrift/0.33.1/jaeger-thrift-0.33.1.jar:/home/user/.m2/repository/org/apache/thrift/libthrift/0.11.0/libthrift-0.11.0.jar:/home/user/.m2/repository/com/squareup/okhttp3/okhttp/3.9.0/okhttp-3.9.0.jar:/home/user/.m2/repository/com/squareup/okio/okio/1.13.0/okio-1.13.0.jar:/home/user/.m2/repository/io/jaegertracing/jaeger-core/0.33.1/jaeger-core-0.33.1.jar:/home/user/.m2/repository/io/jaegertracing/jaeger-tracerresolver/0.33.1/jaeger-tracerresolver-0.33.1.jar:/home/user/.m2/repository/io/opentracing/contrib/opentracing-tracerresolver/0.1.5/opentracing-tracerresolver-0.1.5.jar:/home/user/.m2/repository/io/opentracing/opentracing-util/0.31.0/opentracing-util-0.31.0.jar:/home/user/.m2/repository/io/opentracing/opentracing-api/0.31.0/opentracing-api-0.31.0.jar:/home/user/.m2/repository/io/opentracing/opentracing-noop/0.31.0/opentracing-noop-0.31.0.jar:/home/user/.m2/repository/org/apache/hadoop/hadoop-hdds-server-framework/0.5.0-SNAPSHOT/hadoop-hdds-server-framework-0.5.0-SNAPSHOT.jar:/home/user/.m2/repository/org/apache/hadoop/hadoop-hdds-container-service/0.5.0-SNAPSHOT/hadoop-hdds-container-service-0.5.0-SNAPSHOT.jar:/home/user/.m2/repository/org/apache/hadoop/hadoop-hdds-client/0.5.0-SNAPSHOT/hadoop-hdds-client-0.5.0-SNAPSHOT.jar:/home/user/.m2/repository/org/apache/hadoop/hadoop-hdds-tools/0.5.0-SNAPSHOT/hadoop-hdds-tools-0.5.0-SNAPSHOT.jar:/home/user/.m2/repository/org/apache/hadoop/hadoop-hdds-server-scm/0.5.0-SNAPSHOT/hadoop-hdds-server-scm-0.5.0-SNAPSHOT.jar:/home/user/.m2/repository/org/apache/hadoop/hadoop-hdds-docs/0.5.0-SNAPSHOT/hadoop-hdds-docs-0.5.0-SNAPSHOT.jar:/home/user/.m2/repository/io/dropwizard/metrics/metrics-core/3.2.4/metrics-core-3.2.4.jar:/home/user/.m2/repository/org/hamcrest/hamcrest-all/1.3/hamcrest-all-1.3.jar:/home/user/.m2/repository/org/bouncycastle/bcprov-jdk15on/1.60/bcprov-jdk15on-1.60.jar:/home/user/.m2/repository/info/picocli/picocli/3.9.6/picocli-3.9.6.jar:/home/user/.m2/repository/com/google/protobuf/protobuf-java/2.5.0/protobuf-java-2.5.0.jar:/home/user/.m2/repository/com/google/guava/guava/11.0.2/guava-11.0.2.jar:/home/user/.m2/repository/org/apache/hadoop/hadoop-ozone-ozone-manager/0.5.0-SNAPSHOT/hadoop-ozone-ozone-manager-0.5.0-SNAPSHOT.jar:/home/user/.m2/repository/org/apache/hadoop/hadoop-minikdc/3.2.0/hadoop-minikdc-3.2.0.jar:/home/user/.m2/repository/commons-io/commons-io/2.5/commons-io-2.5.jar:/home/user/.m2/repository/org/apache/kerby/kerb-simplekdc/1.0.1/kerb-simplekdc-1.0.1.jar:/home/user/.m2/repository/org/apache/kerby/kerb-client/1.0.1/kerb-client-1.0.1.jar:/home/user/.m2/repository/org/apache/kerby/kerby-config/1.0.1/kerby-config-1.0.1.jar:/home/user/.m2/repository/org/apache/kerby/kerb-core/1.0.1/kerb-core-1.0.1.jar:/home/user/.m2/repository/org/apache/kerby/kerby-pkix/1.0.1/kerby-pkix-1.0.1.jar:/home/user/.m2/repository/org/apache/kerby/kerby-asn1/1.0.1/kerby-asn1-1.0.1.jar:/home/user/.m2/repository/org/apache/kerby/kerby-util/1.0.1/kerby-util-1.0.1.jar:/home/user/.m2/repository/org/apache/kerby/kerb-common/1.0.1/kerb-common-1.0.1.jar:/home/user/.m2/repository/org/apache/kerby/kerb-crypto/1.0.1/kerb-crypto-1.0.1.jar:/home/user/.m2/repository/org/apache/kerby/kerb-util/1.0.1/kerb-util-1.0.1.jar:/home/user/.m2/repository/org/apache/kerby/token-provider/1.0.1/token-provider-1.0.1.jar:/home/user/.m2/repository/org/apache/kerby/kerb-admin/1.0.1/kerb-admin-1.0.1.jar:/home/user/.m2/repository/org/apache/kerby/kerb-server/1.0.1/kerb-server-1.0.1.jar:/home/user/.m2/repository/org/apache/kerby/kerb-identity/1.0.1/kerb-identity-1.0.1.jar:/home/user/.m2/repository/org/apache/kerby/kerby-xdr/1.0.1/kerby-xdr-1.0.1.jar:/home/user/.m2/repository/org/slf4j/slf4j-log4j12/1.7.25/slf4j-log4j12-1.7.25.jar:/home/user/.m2/repository/org/apache/hadoop/hadoop-ozone-s3gateway/0.5.0-SNAPSHOT/hadoop-ozone-s3gateway-0.5.0-SNAPSHOT.jar:/home/user/.m2/repository/org/jboss/weld/servlet/weld-servlet/2.4.7.Final/weld-servlet-2.4.7.Final.jar:/home/user/.m2/repository/org/glassfish/jersey/containers/jersey-container-servlet-core/2.27/jersey-container-servlet-core-2.27.jar:/home/user/.m2/repository/org/glassfish/hk2/external/javax.inject/2.5.0-b42/javax.inject-2.5.0-b42.jar:/home/user/.m2/repository/org/glassfish/jersey/core/jersey-common/2.27/jersey-common-2.27.jar:/home/user/.m2/repository/org/glassfish/hk2/osgi-resource-locator/1.0.1/osgi-resource-locator-1.0.1.jar:/home/user/.m2/repository/javax/ws/rs/javax.ws.rs-api/2.1/javax.ws.rs-api-2.1.jar:/home/user/.m2/repository/org/glassfish/jersey/ext/cdi/jersey-cdi1x/2.27/jersey-cdi1x-2.27.jar:/home/user/.m2/repository/org/glassfish/jersey/inject/jersey-hk2/2.27/jersey-hk2-2.27.jar:/home/user/.m2/repository/org/glassfish/hk2/hk2-locator/2.5.0-b42/hk2-locator-2.5.0-b42.jar:/home/user/.m2/repository/org/javassist/javassist/3.22.0-CR2/javassist-3.22.0-CR2.jar:/home/user/.m2/repository/org/glassfish/hk2/hk2-api/2.5.0/hk2-api-2.5.0.jar:/home/user/.m2/repository/org/glassfish/hk2/external/jakarta.inject/2.5.0/jakarta.inject-2.5.0.jar:/home/user/.m2/repository/org/glassfish/hk2/hk2-utils/2.5.0/hk2-utils-2.5.0.jar:/home/user/.m2/repository/jakarta/annotation/jakarta.annotation-api/1.3.4/jakarta.annotation-api-1.3.4.jar:/home/user/.m2/repository/org/glassfish/hk2/external/aopalliance-repackaged/2.5.0/aopalliance-repackaged-2.5.0.jar:/home/user/.m2/repository/com/fasterxml/jackson/dataformat/jackson-dataformat-xml/2.9.0/jackson-dataformat-xml-2.9.0.jar:/home/user/.m2/repository/com/fasterxml/jackson/core/jackson-core/2.9.5/jackson-core-2.9.5.jar:/home/user/.m2/repository/com/fasterxml/jackson/module/jackson-module-jaxb-annotations/2.9.5/jackson-module-jaxb-annotations-2.9.5.jar:/home/user/.m2/repository/javax/enterprise/cdi-api/1.2/cdi-api-1.2.jar:/home/user/.m2/repository/javax/el/javax.el-api/3.0.0/javax.el-api-3.0.0.jar:/home/user/.m2/repository/javax/interceptor/javax.interceptor-api/1.2/javax.interceptor-api-1.2.jar:/home/user/.m2/repository/javax/inject/javax.inject/1/javax.inject-1.jar:/home/user/.m2/repository/com/sun/xml/bind/jaxb-impl/2.3.0.1/jaxb-impl-2.3.0.1.jar:/home/user/.m2/repository/com/sun/xml/bind/jaxb-core/2.3.0.1/jaxb-core-2.3.0.1.jar:/home/user/.m2/repository/javax/xml/bind/jaxb-api/2.3.0/jaxb-api-2.3.0.jar:/home/user/.m2/repository/javax/activation/activation/1.1.1/activation-1.1.1.jar:/home/user/.m2/repository/org/apache/hadoop/hadoop-ozone-csi/0.5.0-SNAPSHOT/hadoop-ozone-csi-0.5.0-SNAPSHOT.jar:/home/user/.m2/repository/com/google/protobuf/protobuf-java-util/3.5.1/protobuf-java-util-3.5.1.jar:/home/user/.m2/repository/org/apache/hadoop/hadoop-hdds-config/0.5.0-SNAPSHOT/hadoop-hdds-config-0.5.0-SNAPSHOT.jar:/home/user/.m2/repository/io/grpc/grpc-netty/1.17.1/grpc-netty-1.17.1.jar:/home/user/.m2/repository/io/grpc/grpc-core/1.17.1/grpc-core-1.17.1.jar:/home/user/.m2/repository/io/grpc/grpc-context/1.17.1/grpc-context-1.17.1.jar:/home/user/.m2/repository/com/google/errorprone/error_prone_annotations/2.2.0/error_prone_annotations-2.2.0.jar:/home/user/.m2/repository/org/codehaus/mojo/animal-sniffer-annotations/1.17/animal-sniffer-annotations-1.17.jar:/home/user/.m2/repository/io/opencensus/opencensus-api/0.17.0/opencensus-api-0.17.0.jar:/home/user/.m2/repository/io/opencensus/opencensus-contrib-grpc-metrics/0.17.0/opencensus-contrib-grpc-metrics-0.17.0.jar:/home/user/.m2/repository/io/netty/netty-codec-http2/4.1.30.Final/netty-codec-http2-4.1.30.Final.jar:/home/user/.m2/repository/io/netty/netty-codec-http/4.1.30.Final/netty-codec-http-4.1.30.Final.jar:/home/user/.m2/repository/io/netty/netty-codec/4.1.30.Final/netty-codec-4.1.30.Final.jar:/home/user/.m2/repository/io/netty/netty-handler/4.1.30.Final/netty-handler-4.1.30.Final.jar:/home/user/.m2/repository/io/netty/netty-handler-proxy/4.1.30.Final/netty-handler-proxy-4.1.30.Final.jar:/home/user/.m2/repository/io/netty/netty-codec-socks/4.1.30.Final/netty-codec-socks-4.1.30.Final.jar:/home/user/.m2/repository/io/netty/netty-transport-native-epoll/4.1.30.Final/netty-transport-native-epoll-4.1.30.Final.jar:/home/user/.m2/repository/io/netty/netty-common/4.1.30.Final/netty-common-4.1.30.Final.jar:/home/user/.m2/repository/io/netty/netty-buffer/4.1.30.Final/netty-buffer-4.1.30.Final.jar:/home/user/.m2/repository/io/netty/netty-transport/4.1.30.Final/netty-transport-4.1.30.Final.jar:/home/user/.m2/repository/io/netty/netty-resolver/4.1.30.Final/netty-resolver-4.1.30.Final.jar:/home/user/.m2/repository/io/netty/netty-transport-native-unix-common/4.1.30.Final/netty-transport-native-unix-common-4.1.30.Final.jar:/home/user/.m2/repository/io/grpc/grpc-protobuf/1.17.1/grpc-protobuf-1.17.1.jar:/home/user/.m2/repository/com/google/api/grpc/proto-google-common-protos/1.0.0/proto-google-common-protos-1.0.0.jar:/home/user/.m2/repository/io/grpc/grpc-protobuf-lite/1.17.1/grpc-protobuf-lite-1.17.1.jar:/home/user/.m2/repository/io/grpc/grpc-stub/1.17.1/grpc-stub-1.17.1.jar:/home/user/.m2/repository/org/apache/hadoop/hadoop-ozone-recon/0.5.0-SNAPSHOT/hadoop-ozone-recon-0.5.0-SNAPSHOT.jar:/home/user/.m2/repository/org/apache/hadoop/hadoop-ozone-reconcodegen/0.5.0-SNAPSHOT/hadoop-ozone-reconcodegen-0.5.0-SNAPSHOT.jar:/home/user/.m2/repository/com/google/inject/extensions/guice-multibindings/4.0/guice-multibindings-4.0.jar:/home/user/.m2/repository/com/google/inject/guice/4.0/guice-4.0.jar:/home/user/.m2/repository/aopalliance/aopalliance/1.0/aopalliance-1.0.jar:/home/user/.m2/repository/com/google/inject/extensions/guice-servlet/4.0/guice-servlet-4.0.jar:/home/user/.m2/repository/org/glassfish/jersey/containers/jersey-container-servlet/2.27/jersey-container-servlet-2.27.jar:/home/user/.m2/repository/org/glassfish/hk2/guice-bridge/2.5.0/guice-bridge-2.5.0.jar:/home/user/.m2/repository/org/glassfish/jersey/core/jersey-server/2.27/jersey-server-2.27.jar:/home/user/.m2/repository/org/glassfish/jersey/core/jersey-client/2.27/jersey-client-2.27.jar:/home/user/.m2/repository/org/glassfish/jersey/media/jersey-media-jaxb/2.27/jersey-media-jaxb-2.27.jar:/home/user/.m2/repository/javax/validation/validation-api/1.1.0.Final/validation-api-1.1.0.Final.jar:/home/user/.m2/repository/org/glassfish/jersey/media/jersey-media-json-jackson/2.27/jersey-media-json-jackson-2.27.jar:/home/user/.m2/repository/org/glassfish/jersey/ext/jersey-entity-filtering/2.27/jersey-entity-filtering-2.27.jar:/home/user/.m2/repository/com/google/inject/extensions/guice-assistedinject/4.0/guice-assistedinject-4.0.jar:/home/user/.m2/repository/org/jooq/jooq/3.11.10/jooq-3.11.10.jar:/home/user/.m2/repository/org/jooq/jooq-meta/3.11.10/jooq-meta-3.11.10.jar:/home/user/.m2/repository/org/jooq/jooq-codegen/3.11.10/jooq-codegen-3.11.10.jar:/home/user/.m2/repository/com/jolbox/bonecp/0.8.0.RELEASE/bonecp-0.8.0.RELEASE.jar:/home/user/.m2/repository/org/xerial/sqlite-jdbc/3.25.2/sqlite-jdbc-3.25.2.jar:/home/user/.m2/repository/org/springframework/spring-jdbc/5.1.3.RELEASE/spring-jdbc-5.1.3.RELEASE.jar:/home/user/.m2/repository/org/springframework/spring-beans/5.1.3.RELEASE/spring-beans-5.1.3.RELEASE.jar:/home/user/.m2/repository/org/springframework/spring-core/5.1.3.RELEASE/spring-core-5.1.3.RELEASE.jar:/home/user/.m2/repository/org/springframework/spring-jcl/5.1.3.RELEASE/spring-jcl-5.1.3.RELEASE.jar:/home/user/.m2/repository/org/springframework/spring-tx/5.1.3.RELEASE/spring-tx-5.1.3.RELEASE.jar:/home/user/.m2/repository/org/apache/hadoop/hadoop-ozone-client/0.5.0-SNAPSHOT/hadoop-ozone-client-0.5.0-SNAPSHOT.jar:/home/user/.m2/repository/commons-lang/commons-lang/2.6/commons-lang-2.6.jar:/home/user/.m2/repository/org/apache/hadoop/hadoop-ozone-ozone-manager/0.5.0-SNAPSHOT/hadoop-ozone-ozone-manager-0.5.0-SNAPSHOT-tests.jar:/home/user/.m2/repository/junit/junit/4.11/junit-4.11.jar:/home/user/.m2/repository/org/hamcrest/hamcrest-core/1.3/hamcrest-core-1.3.jar:/home/user/.m2/repository/org/openjdk/jmh/jmh-core/1.19/jmh-core-1.19.jar:/home/user/.m2/repository/net/sf/jopt-simple/jopt-simple/4.6/jopt-simple-4.6.jar:/home/user/.m2/repository/org/apache/commons/commons-math3/3.1.1/commons-math3-3.1.1.jar:/home/user/.m2/repository/org/openjdk/jmh/jmh-generator-annprocess/1.19/jmh-generator-annprocess-1.19.jar:/home/user/.m2/repository/org/mockito/mockito-all/1.8.5/mockito-all-1.8.5.jar:/home/user/.m2/repository/org/apache/hadoop/hadoop-kms/3.2.0/hadoop-kms-3.2.0.jar:/home/user/.m2/repository/org/apache/hadoop/hadoop-auth/3.2.0/hadoop-auth-3.2.0.jar:/home/user/.m2/repository/com/nimbusds/nimbus-jose-jwt/4.41.1/nimbus-jose-jwt-4.41.1.jar:/home/user/.m2/repository/com/github/stephenc/jcip/jcip-annotations/1.0-1/jcip-annotations-1.0-1.jar:/home/user/.m2/repository/net/minidev/json-smart/2.3/json-smart-2.3.jar:/home/user/.m2/repository/net/minidev/accessors-smart/1.2/accessors-smart-1.2.jar:/home/user/.m2/repository/org/ow2/asm/asm/5.0.4/asm-5.0.4.jar:/home/user/.m2/repository/org/apache/curator/curator-framework/2.12.0/curator-framework-2.12.0.jar:/home/user/.m2/repository/com/sun/jersey/jersey-core/1.19/jersey-core-1.19.jar:/home/user/.m2/repository/javax/ws/rs/jsr311-api/1.1.1/jsr311-api-1.1.1.jar:/home/user/.m2/repository/com/sun/jersey/jersey-server/1.19/jersey-server-1.19.jar:/home/user/.m2/repository/javax/servlet/javax.servlet-api/3.1.0/javax.servlet-api-3.1.0.jar:/home/user/.m2/repository/org/eclipse/jetty/jetty-server/9.3.24.v20180605/jetty-server-9.3.24.v20180605.jar:/home/user/.m2/repository/org/eclipse/jetty/jetty-http/9.3.24.v20180605/jetty-http-9.3.24.v20180605.jar:/home/user/.m2/repository/org/eclipse/jetty/jetty-io/9.3.24.v20180605/jetty-io-9.3.24.v20180605.jar:/home/user/.m2/repository/org/eclipse/jetty/jetty-webapp/9.3.24.v20180605/jetty-webapp-9.3.24.v20180605.jar:/home/user/.m2/repository/org/eclipse/jetty/jetty-xml/9.3.24.v20180605/jetty-xml-9.3.24.v20180605.jar:/home/user/.m2/repository/log4j/log4j/1.2.17/log4j-1.2.17.jar:/home/user/.m2/repository/org/slf4j/slf4j-api/1.7.25/slf4j-api-1.7.25.jar:/home/user/.m2/repository/org/slf4j/jul-to-slf4j/1.7.25/jul-to-slf4j-1.7.25.jar:/home/user/.m2/repository/org/eclipse/jetty/jetty-util/9.3.24.v20180605/jetty-util-9.3.24.v20180605.jar:/home/user/.m2/repository/com/fasterxml/jackson/core/jackson-databind/2.9.5/jackson-databind-2.9.5.jar:/home/user/.m2/repository/org/apache/hadoop/hadoop-kms/3.2.0/hadoop-kms-3.2.0-tests.jar:/home/user/.m2/repository/org/apache/hadoop/hadoop-hdds-server-scm/0.5.0-SNAPSHOT/hadoop-hdds-server-scm-0.5.0-SNAPSHOT-tests.jar:/home/user/.m2/repository/org/apache/hadoop/hadoop-hdds-container-service/0.5.0-SNAPSHOT/hadoop-hdds-container-service-0.5.0-SNAPSHOT-tests.jar:/home/user/.m2/repository/org/yaml/snakeyaml/1.16/snakeyaml-1.16.jar:/home/user/.m2/repository/org/apache/hadoop/hadoop-common/3.2.0/hadoop-common-3.2.0-tests.jar:/home/user/.m2/repository/org/apache/hadoop/hadoop-annotations/3.2.0/hadoop-annotations-3.2.0.jar:/usr/lib/jvm/java-1.8-openjdk/jre/../lib/tools.jar:/home/user/.m2/repository/commons-cli/commons-cli/1.2/commons-cli-1.2.jar:/home/user/.m2/repository/org/apache/httpcomponents/httpclient/4.5.2/httpclient-4.5.2.jar:/home/user/.m2/repository/org/apache/httpcomponents/httpcore/4.4.4/httpcore-4.4.4.jar:/home/user/.m2/repository/commons-codec/commons-codec/1.11/commons-codec-1.11.jar:/home/user/.m2/repository/commons-net/commons-net/3.6/commons-net-3.6.jar:/home/user/.m2/repository/commons-collections/commons-collections/3.2.2/commons-collections-3.2.2.jar:/home/user/.m2/repository/org/eclipse/jetty/jetty-servlet/9.3.24.v20180605/jetty-servlet-9.3.24.v20180605.jar:/home/user/.m2/repository/org/eclipse/jetty/jetty-security/9.3.24.v20180605/jetty-security-9.3.24.v20180605.jar:/home/user/.m2/repository/javax/servlet/jsp/jsp-api/2.1/jsp-api-2.1.jar:/home/user/.m2/repository/com/sun/jersey/jersey-servlet/1.19/jersey-servlet-1.19.jar:/home/user/.m2/repository/com/sun/jersey/jersey-json/1.19/jersey-json-1.19.jar:/home/user/.m2/repository/org/codehaus/jettison/jettison/1.1/jettison-1.1.jar:/home/user/.m2/repository/org/codehaus/jackson/jackson-core-asl/1.9.13/jackson-core-asl-1.9.13.jar:/home/user/.m2/repository/org/codehaus/jackson/jackson-mapper-asl/1.9.13/jackson-mapper-asl-1.9.13.jar:/home/user/.m2/repository/org/codehaus/jackson/jackson-jaxrs/1.9.13/jackson-jaxrs-1.9.13.jar:/home/user/.m2/repository/org/codehaus/jackson/jackson-xc/1.9.13/jackson-xc-1.9.13.jar:/home/user/.m2/repository/commons-logging/commons-logging/1.1.3/commons-logging-1.1.3.jar:/home/user/.m2/repository/commons-beanutils/commons-beanutils/1.9.3/commons-beanutils-1.9.3.jar:/home/user/.m2/repository/org/apache/commons/commons-configuration2/2.1.1/commons-configuration2-2.1.1.jar:/home/user/.m2/repository/org/apache/commons/commons-lang3/3.7/commons-lang3-3.7.jar:/home/user/.m2/repository/org/apache/commons/commons-text/1.4/commons-text-1.4.jar:/home/user/.m2/repository/org/apache/avro/avro/1.7.7/avro-1.7.7.jar:/home/user/.m2/repository/com/thoughtworks/paranamer/paranamer/2.3/paranamer-2.3.jar:/home/user/.m2/repository/org/xerial/snappy/snappy-java/1.0.5/snappy-java-1.0.5.jar:/home/user/.m2/repository/com/google/re2j/re2j/1.1/re2j-1.1.jar:/home/user/.m2/repository/com/google/code/gson/gson/2.2.4/gson-2.2.4.jar:/home/user/.m2/repository/com/jcraft/jsch/0.1.54/jsch-0.1.54.jar:/home/user/.m2/repository/org/apache/curator/curator-client/2.12.0/curator-client-2.12.0.jar:/home/user/.m2/repository/org/apache/curator/curator-recipes/2.12.0/curator-recipes-2.12.0.jar:/home/user/.m2/repository/com/google/code/findbugs/jsr305/3.0.0/jsr305-3.0.0.jar:/home/user/.m2/repository/org/apache/htrace/htrace-core4/4.1.0-incubating/htrace-core4-4.1.0-incubating.jar:/home/user/.m2/repository/org/apache/zookeeper/zookeeper/3.4.13/zookeeper-3.4.13.jar:/home/user/.m2/repository/org/apache/yetus/audience-annotations/0.5.0/audience-annotations-0.5.0.jar:/home/user/.m2/repository/org/codehaus/woodstox/stax2-api/3.1.4/stax2-api-3.1.4.jar:/home/user/.m2/repository/com/fasterxml/woodstox/woodstox-core/5.0.3/woodstox-core-5.0.3.jar:/home/user/.m2/repository/dnsjava/dnsjava/2.1.7/dnsjava-2.1.7.jar:/home/user/.m2/repository/org/apache/hadoop/hadoop-hdfs/3.2.0/hadoop-hdfs-3.2.0-tests.jar:/home/user/.m2/repository/org/eclipse/jetty/jetty-util-ajax/9.3.24.v20180605/jetty-util-ajax-9.3.24.v20180605.jar:/home/user/.m2/repository/commons-daemon/commons-daemon/1.0.13/commons-daemon-1.0.13.jar:/home/user/.m2/repository/io/netty/netty/3.10.5.Final/netty-3.10.5.Final.jar:/home/user/.m2/repository/io/netty/netty-all/4.0.52.Final/netty-all-4.0.52.Final.jar:/home/user/.m2/repository/org/fusesource/leveldbjni/leveldbjni-all/1.8/leveldbjni-all-1.8.jar:"/>
    <property name="java.vm.vendor" value="IcedTea"/>
    <property name="sun.arch.data.model" value="64"/>
    <property name="test.build.dir" value="/workdir/hadoop-ozone/integration-test/target/test-dir"/>
    <property name="test.cache.data" value=""/>
    <property name="java.vendor.url" value="https://icedtea.classpath.org"/>
    <property name="user.timezone" value=""/>
    <property name="java.vm.specification.version" value="1.8"/>
    <property name="os.name" value="Linux"/>
    <property name="test.build.data" value="/workdir/hadoop-ozone/integration-test/target/test-dir"/>
    <property name="user.country" value="US"/>
    <property name="sun.java.launcher" value="SUN_STANDARD"/>
    <property name="sun.boot.library.path" value="/usr/lib/jvm/java-1.8-openjdk/jre/lib/amd64"/>
    <property name="sun.java.command" value="/workdir/hadoop-ozone/integration-test/target/surefire/surefirebooter1598922472856980102.jar /workdir/hadoop-ozone/integration-test/target/surefire 2019-09-19T10-50-14_909-jvmRun1 surefire8827877831320725749tmp surefire_526253129574674470089tmp"/>
    <property name="test" value="!TestMiniChaosOzoneCluster"/>
    <property name="surefire.test.class.path" value="/workdir/hadoop-ozone/integration-test/target/test-classes:/workdir/hadoop-ozone/integration-test/target/classes:/home/user/.m2/repository/org/apache/hadoop/hadoop-ozone-common/0.5.0-SNAPSHOT/hadoop-ozone-common-0.5.0-SNAPSHOT.jar:/home/user/.m2/repository/org/apache/commons/commons-compress/1.4.1/commons-compress-1.4.1.jar:/home/user/.m2/repository/org/tukaani/xz/1.0/xz-1.0.jar:/home/user/.m2/repository/org/apache/hadoop/hadoop-common/3.2.0/hadoop-common-3.2.0.jar:/home/user/.m2/repository/org/apache/hadoop/hadoop-hdfs/3.2.0/hadoop-hdfs-3.2.0.jar:/home/user/.m2/repository/org/apache/hadoop/hadoop-hdfs-client/3.2.0/hadoop-hdfs-client-3.2.0.jar:/home/user/.m2/repository/com/fasterxml/jackson/core/jackson-annotations/2.9.5/jackson-annotations-2.9.5.jar:/home/user/.m2/repository/org/apache/hadoop/hadoop-hdds-common/0.5.0-SNAPSHOT/hadoop-hdds-common-0.5.0-SNAPSHOT.jar:/home/user/.m2/repository/javax/annotation/javax.annotation-api/1.2/javax.annotation-api-1.2.jar:/home/user/.m2/repository/org/apache/ratis/ratis-server/0.4.0-78e95b9-SNAPSHOT/ratis-server-0.4.0-78e95b9-SNAPSHOT.jar:/home/user/.m2/repository/org/apache/ratis/ratis-thirdparty-misc/0.2.0/ratis-thirdparty-misc-0.2.0.jar:/home/user/.m2/repository/org/apache/ratis/ratis-proto/0.4.0-78e95b9-SNAPSHOT/ratis-proto-0.4.0-78e95b9-SNAPSHOT.jar:/home/user/.m2/repository/org/apache/ratis/ratis-common/0.4.0-78e95b9-SNAPSHOT/ratis-common-0.4.0-78e95b9-SNAPSHOT.jar:/home/user/.m2/repository/org/apache/ratis/ratis-client/0.4.0-78e95b9-SNAPSHOT/ratis-client-0.4.0-78e95b9-SNAPSHOT.jar:/home/user/.m2/repository/org/apache/ratis/ratis-metrics/0.4.0-78e95b9-SNAPSHOT/ratis-metrics-0.4.0-78e95b9-SNAPSHOT.jar:/home/user/.m2/repository/com/github/joshelser/dropwizard-metrics-hadoop-metrics2-reporter/0.1.2/dropwizard-metrics-hadoop-metrics2-reporter-0.1.2.jar:/home/user/.m2/repository/io/dropwizard/metrics/metrics-jvm/3.2.5/metrics-jvm-3.2.5.jar:/home/user/.m2/repository/io/dropwizard/metrics/metrics-ganglia/3.2.5/metrics-ganglia-3.2.5.jar:/home/user/.m2/repository/info/ganglia/gmetric4j/gmetric4j/1.0.7/gmetric4j-1.0.7.jar:/home/user/.m2/repository/org/apache/ratis/ratis-netty/0.4.0-78e95b9-SNAPSHOT/ratis-netty-0.4.0-78e95b9-SNAPSHOT.jar:/home/user/.m2/repository/org/apache/ratis/ratis-grpc/0.4.0-78e95b9-SNAPSHOT/ratis-grpc-0.4.0-78e95b9-SNAPSHOT.jar:/home/user/.m2/repository/org/rocksdb/rocksdbjni/6.0.1/rocksdbjni-6.0.1.jar:/home/user/.m2/repository/org/apache/logging/log4j/log4j-api/2.11.0/log4j-api-2.11.0.jar:/home/user/.m2/repository/org/apache/logging/log4j/log4j-core/2.11.0/log4j-core-2.11.0.jar:/home/user/.m2/repository/com/lmax/disruptor/3.4.2/disruptor-3.4.2.jar:/home/user/.m2/repository/org/apache/commons/commons-pool2/2.6.0/commons-pool2-2.6.0.jar:/home/user/.m2/repository/org/bouncycastle/bcpkix-jdk15on/1.60/bcpkix-jdk15on-1.60.jar:/home/user/.m2/repository/commons-validator/commons-validator/1.6/commons-validator-1.6.jar:/home/user/.m2/repository/commons-digester/commons-digester/1.8.1/commons-digester-1.8.1.jar:/home/user/.m2/repository/io/jaegertracing/jaeger-client/0.33.1/jaeger-client-0.33.1.jar:/home/user/.m2/repository/io/jaegertracing/jaeger-thrift/0.33.1/jaeger-thrift-0.33.1.jar:/home/user/.m2/repository/org/apache/thrift/libthrift/0.11.0/libthrift-0.11.0.jar:/home/user/.m2/repository/com/squareup/okhttp3/okhttp/3.9.0/okhttp-3.9.0.jar:/home/user/.m2/repository/com/squareup/okio/okio/1.13.0/okio-1.13.0.jar:/home/user/.m2/repository/io/jaegertracing/jaeger-core/0.33.1/jaeger-core-0.33.1.jar:/home/user/.m2/repository/io/jaegertracing/jaeger-tracerresolver/0.33.1/jaeger-tracerresolver-0.33.1.jar:/home/user/.m2/repository/io/opentracing/contrib/opentracing-tracerresolver/0.1.5/opentracing-tracerresolver-0.1.5.jar:/home/user/.m2/repository/io/opentracing/opentracing-util/0.31.0/opentracing-util-0.31.0.jar:/home/user/.m2/repository/io/opentracing/opentracing-api/0.31.0/opentracing-api-0.31.0.jar:/home/user/.m2/repository/io/opentracing/opentracing-noop/0.31.0/opentracing-noop-0.31.0.jar:/home/user/.m2/repository/org/apache/hadoop/hadoop-hdds-server-framework/0.5.0-SNAPSHOT/hadoop-hdds-server-framework-0.5.0-SNAPSHOT.jar:/home/user/.m2/repository/org/apache/hadoop/hadoop-hdds-container-service/0.5.0-SNAPSHOT/hadoop-hdds-container-service-0.5.0-SNAPSHOT.jar:/home/user/.m2/repository/org/apache/hadoop/hadoop-hdds-client/0.5.0-SNAPSHOT/hadoop-hdds-client-0.5.0-SNAPSHOT.jar:/home/user/.m2/repository/org/apache/hadoop/hadoop-hdds-tools/0.5.0-SNAPSHOT/hadoop-hdds-tools-0.5.0-SNAPSHOT.jar:/home/user/.m2/repository/org/apache/hadoop/hadoop-hdds-server-scm/0.5.0-SNAPSHOT/hadoop-hdds-server-scm-0.5.0-SNAPSHOT.jar:/home/user/.m2/repository/org/apache/hadoop/hadoop-hdds-docs/0.5.0-SNAPSHOT/hadoop-hdds-docs-0.5.0-SNAPSHOT.jar:/home/user/.m2/repository/io/dropwizard/metrics/metrics-core/3.2.4/metrics-core-3.2.4.jar:/home/user/.m2/repository/org/hamcrest/hamcrest-all/1.3/hamcrest-all-1.3.jar:/home/user/.m2/repository/org/bouncycastle/bcprov-jdk15on/1.60/bcprov-jdk15on-1.60.jar:/home/user/.m2/repository/info/picocli/picocli/3.9.6/picocli-3.9.6.jar:/home/user/.m2/repository/com/google/protobuf/protobuf-java/2.5.0/protobuf-java-2.5.0.jar:/home/user/.m2/repository/com/google/guava/guava/11.0.2/guava-11.0.2.jar:/home/user/.m2/repository/org/apache/hadoop/hadoop-ozone-ozone-manager/0.5.0-SNAPSHOT/hadoop-ozone-ozone-manager-0.5.0-SNAPSHOT.jar:/home/user/.m2/repository/org/apache/hadoop/hadoop-minikdc/3.2.0/hadoop-minikdc-3.2.0.jar:/home/user/.m2/repository/commons-io/commons-io/2.5/commons-io-2.5.jar:/home/user/.m2/repository/org/apache/kerby/kerb-simplekdc/1.0.1/kerb-simplekdc-1.0.1.jar:/home/user/.m2/repository/org/apache/kerby/kerb-client/1.0.1/kerb-client-1.0.1.jar:/home/user/.m2/repository/org/apache/kerby/kerby-config/1.0.1/kerby-config-1.0.1.jar:/home/user/.m2/repository/org/apache/kerby/kerb-core/1.0.1/kerb-core-1.0.1.jar:/home/user/.m2/repository/org/apache/kerby/kerby-pkix/1.0.1/kerby-pkix-1.0.1.jar:/home/user/.m2/repository/org/apache/kerby/kerby-asn1/1.0.1/kerby-asn1-1.0.1.jar:/home/user/.m2/repository/org/apache/kerby/kerby-util/1.0.1/kerby-util-1.0.1.jar:/home/user/.m2/repository/org/apache/kerby/kerb-common/1.0.1/kerb-common-1.0.1.jar:/home/user/.m2/repository/org/apache/kerby/kerb-crypto/1.0.1/kerb-crypto-1.0.1.jar:/home/user/.m2/repository/org/apache/kerby/kerb-util/1.0.1/kerb-util-1.0.1.jar:/home/user/.m2/repository/org/apache/kerby/token-provider/1.0.1/token-provider-1.0.1.jar:/home/user/.m2/repository/org/apache/kerby/kerb-admin/1.0.1/kerb-admin-1.0.1.jar:/home/user/.m2/repository/org/apache/kerby/kerb-server/1.0.1/kerb-server-1.0.1.jar:/home/user/.m2/repository/org/apache/kerby/kerb-identity/1.0.1/kerb-identity-1.0.1.jar:/home/user/.m2/repository/org/apache/kerby/kerby-xdr/1.0.1/kerby-xdr-1.0.1.jar:/home/user/.m2/repository/org/slf4j/slf4j-log4j12/1.7.25/slf4j-log4j12-1.7.25.jar:/home/user/.m2/repository/org/apache/hadoop/hadoop-ozone-s3gateway/0.5.0-SNAPSHOT/hadoop-ozone-s3gateway-0.5.0-SNAPSHOT.jar:/home/user/.m2/repository/org/jboss/weld/servlet/weld-servlet/2.4.7.Final/weld-servlet-2.4.7.Final.jar:/home/user/.m2/repository/org/glassfish/jersey/containers/jersey-container-servlet-core/2.27/jersey-container-servlet-core-2.27.jar:/home/user/.m2/repository/org/glassfish/hk2/external/javax.inject/2.5.0-b42/javax.inject-2.5.0-b42.jar:/home/user/.m2/repository/org/glassfish/jersey/core/jersey-common/2.27/jersey-common-2.27.jar:/home/user/.m2/repository/org/glassfish/hk2/osgi-resource-locator/1.0.1/osgi-resource-locator-1.0.1.jar:/home/user/.m2/repository/javax/ws/rs/javax.ws.rs-api/2.1/javax.ws.rs-api-2.1.jar:/home/user/.m2/repository/org/glassfish/jersey/ext/cdi/jersey-cdi1x/2.27/jersey-cdi1x-2.27.jar:/home/user/.m2/repository/org/glassfish/jersey/inject/jersey-hk2/2.27/jersey-hk2-2.27.jar:/home/user/.m2/repository/org/glassfish/hk2/hk2-locator/2.5.0-b42/hk2-locator-2.5.0-b42.jar:/home/user/.m2/repository/org/javassist/javassist/3.22.0-CR2/javassist-3.22.0-CR2.jar:/home/user/.m2/repository/org/glassfish/hk2/hk2-api/2.5.0/hk2-api-2.5.0.jar:/home/user/.m2/repository/org/glassfish/hk2/external/jakarta.inject/2.5.0/jakarta.inject-2.5.0.jar:/home/user/.m2/repository/org/glassfish/hk2/hk2-utils/2.5.0/hk2-utils-2.5.0.jar:/home/user/.m2/repository/jakarta/annotation/jakarta.annotation-api/1.3.4/jakarta.annotation-api-1.3.4.jar:/home/user/.m2/repository/org/glassfish/hk2/external/aopalliance-repackaged/2.5.0/aopalliance-repackaged-2.5.0.jar:/home/user/.m2/repository/com/fasterxml/jackson/dataformat/jackson-dataformat-xml/2.9.0/jackson-dataformat-xml-2.9.0.jar:/home/user/.m2/repository/com/fasterxml/jackson/core/jackson-core/2.9.5/jackson-core-2.9.5.jar:/home/user/.m2/repository/com/fasterxml/jackson/module/jackson-module-jaxb-annotations/2.9.5/jackson-module-jaxb-annotations-2.9.5.jar:/home/user/.m2/repository/javax/enterprise/cdi-api/1.2/cdi-api-1.2.jar:/home/user/.m2/repository/javax/el/javax.el-api/3.0.0/javax.el-api-3.0.0.jar:/home/user/.m2/repository/javax/interceptor/javax.interceptor-api/1.2/javax.interceptor-api-1.2.jar:/home/user/.m2/repository/javax/inject/javax.inject/1/javax.inject-1.jar:/home/user/.m2/repository/com/sun/xml/bind/jaxb-impl/2.3.0.1/jaxb-impl-2.3.0.1.jar:/home/user/.m2/repository/com/sun/xml/bind/jaxb-core/2.3.0.1/jaxb-core-2.3.0.1.jar:/home/user/.m2/repository/javax/xml/bind/jaxb-api/2.3.0/jaxb-api-2.3.0.jar:/home/user/.m2/repository/javax/activation/activation/1.1.1/activation-1.1.1.jar:/home/user/.m2/repository/org/apache/hadoop/hadoop-ozone-csi/0.5.0-SNAPSHOT/hadoop-ozone-csi-0.5.0-SNAPSHOT.jar:/home/user/.m2/repository/com/google/protobuf/protobuf-java-util/3.5.1/protobuf-java-util-3.5.1.jar:/home/user/.m2/repository/org/apache/hadoop/hadoop-hdds-config/0.5.0-SNAPSHOT/hadoop-hdds-config-0.5.0-SNAPSHOT.jar:/home/user/.m2/repository/io/grpc/grpc-netty/1.17.1/grpc-netty-1.17.1.jar:/home/user/.m2/repository/io/grpc/grpc-core/1.17.1/grpc-core-1.17.1.jar:/home/user/.m2/repository/io/grpc/grpc-context/1.17.1/grpc-context-1.17.1.jar:/home/user/.m2/repository/com/google/errorprone/error_prone_annotations/2.2.0/error_prone_annotations-2.2.0.jar:/home/user/.m2/repository/org/codehaus/mojo/animal-sniffer-annotations/1.17/animal-sniffer-annotations-1.17.jar:/home/user/.m2/repository/io/opencensus/opencensus-api/0.17.0/opencensus-api-0.17.0.jar:/home/user/.m2/repository/io/opencensus/opencensus-contrib-grpc-metrics/0.17.0/opencensus-contrib-grpc-metrics-0.17.0.jar:/home/user/.m2/repository/io/netty/netty-codec-http2/4.1.30.Final/netty-codec-http2-4.1.30.Final.jar:/home/user/.m2/repository/io/netty/netty-codec-http/4.1.30.Final/netty-codec-http-4.1.30.Final.jar:/home/user/.m2/repository/io/netty/netty-codec/4.1.30.Final/netty-codec-4.1.30.Final.jar:/home/user/.m2/repository/io/netty/netty-handler/4.1.30.Final/netty-handler-4.1.30.Final.jar:/home/user/.m2/repository/io/netty/netty-handler-proxy/4.1.30.Final/netty-handler-proxy-4.1.30.Final.jar:/home/user/.m2/repository/io/netty/netty-codec-socks/4.1.30.Final/netty-codec-socks-4.1.30.Final.jar:/home/user/.m2/repository/io/netty/netty-transport-native-epoll/4.1.30.Final/netty-transport-native-epoll-4.1.30.Final.jar:/home/user/.m2/repository/io/netty/netty-common/4.1.30.Final/netty-common-4.1.30.Final.jar:/home/user/.m2/repository/io/netty/netty-buffer/4.1.30.Final/netty-buffer-4.1.30.Final.jar:/home/user/.m2/repository/io/netty/netty-transport/4.1.30.Final/netty-transport-4.1.30.Final.jar:/home/user/.m2/repository/io/netty/netty-resolver/4.1.30.Final/netty-resolver-4.1.30.Final.jar:/home/user/.m2/repository/io/netty/netty-transport-native-unix-common/4.1.30.Final/netty-transport-native-unix-common-4.1.30.Final.jar:/home/user/.m2/repository/io/grpc/grpc-protobuf/1.17.1/grpc-protobuf-1.17.1.jar:/home/user/.m2/repository/com/google/api/grpc/proto-google-common-protos/1.0.0/proto-google-common-protos-1.0.0.jar:/home/user/.m2/repository/io/grpc/grpc-protobuf-lite/1.17.1/grpc-protobuf-lite-1.17.1.jar:/home/user/.m2/repository/io/grpc/grpc-stub/1.17.1/grpc-stub-1.17.1.jar:/home/user/.m2/repository/org/apache/hadoop/hadoop-ozone-recon/0.5.0-SNAPSHOT/hadoop-ozone-recon-0.5.0-SNAPSHOT.jar:/home/user/.m2/repository/org/apache/hadoop/hadoop-ozone-reconcodegen/0.5.0-SNAPSHOT/hadoop-ozone-reconcodegen-0.5.0-SNAPSHOT.jar:/home/user/.m2/repository/com/google/inject/extensions/guice-multibindings/4.0/guice-multibindings-4.0.jar:/home/user/.m2/repository/com/google/inject/guice/4.0/guice-4.0.jar:/home/user/.m2/repository/aopalliance/aopalliance/1.0/aopalliance-1.0.jar:/home/user/.m2/repository/com/google/inject/extensions/guice-servlet/4.0/guice-servlet-4.0.jar:/home/user/.m2/repository/org/glassfish/jersey/containers/jersey-container-servlet/2.27/jersey-container-servlet-2.27.jar:/home/user/.m2/repository/org/glassfish/hk2/guice-bridge/2.5.0/guice-bridge-2.5.0.jar:/home/user/.m2/repository/org/glassfish/jersey/core/jersey-server/2.27/jersey-server-2.27.jar:/home/user/.m2/repository/org/glassfish/jersey/core/jersey-client/2.27/jersey-client-2.27.jar:/home/user/.m2/repository/org/glassfish/jersey/media/jersey-media-jaxb/2.27/jersey-media-jaxb-2.27.jar:/home/user/.m2/repository/javax/validation/validation-api/1.1.0.Final/validation-api-1.1.0.Final.jar:/home/user/.m2/repository/org/glassfish/jersey/media/jersey-media-json-jackson/2.27/jersey-media-json-jackson-2.27.jar:/home/user/.m2/repository/org/glassfish/jersey/ext/jersey-entity-filtering/2.27/jersey-entity-filtering-2.27.jar:/home/user/.m2/repository/com/google/inject/extensions/guice-assistedinject/4.0/guice-assistedinject-4.0.jar:/home/user/.m2/repository/org/jooq/jooq/3.11.10/jooq-3.11.10.jar:/home/user/.m2/repository/org/jooq/jooq-meta/3.11.10/jooq-meta-3.11.10.jar:/home/user/.m2/repository/org/jooq/jooq-codegen/3.11.10/jooq-codegen-3.11.10.jar:/home/user/.m2/repository/com/jolbox/bonecp/0.8.0.RELEASE/bonecp-0.8.0.RELEASE.jar:/home/user/.m2/repository/org/xerial/sqlite-jdbc/3.25.2/sqlite-jdbc-3.25.2.jar:/home/user/.m2/repository/org/springframework/spring-jdbc/5.1.3.RELEASE/spring-jdbc-5.1.3.RELEASE.jar:/home/user/.m2/repository/org/springframework/spring-beans/5.1.3.RELEASE/spring-beans-5.1.3.RELEASE.jar:/home/user/.m2/repository/org/springframework/spring-core/5.1.3.RELEASE/spring-core-5.1.3.RELEASE.jar:/home/user/.m2/repository/org/springframework/spring-jcl/5.1.3.RELEASE/spring-jcl-5.1.3.RELEASE.jar:/home/user/.m2/repository/org/springframework/spring-tx/5.1.3.RELEASE/spring-tx-5.1.3.RELEASE.jar:/home/user/.m2/repository/org/apache/hadoop/hadoop-ozone-client/0.5.0-SNAPSHOT/hadoop-ozone-client-0.5.0-SNAPSHOT.jar:/home/user/.m2/repository/commons-lang/commons-lang/2.6/commons-lang-2.6.jar:/home/user/.m2/repository/org/apache/hadoop/hadoop-ozone-ozone-manager/0.5.0-SNAPSHOT/hadoop-ozone-ozone-manager-0.5.0-SNAPSHOT-tests.jar:/home/user/.m2/repository/junit/junit/4.11/junit-4.11.jar:/home/user/.m2/repository/org/hamcrest/hamcrest-core/1.3/hamcrest-core-1.3.jar:/home/user/.m2/repository/org/openjdk/jmh/jmh-core/1.19/jmh-core-1.19.jar:/home/user/.m2/repository/net/sf/jopt-simple/jopt-simple/4.6/jopt-simple-4.6.jar:/home/user/.m2/repository/org/apache/commons/commons-math3/3.1.1/commons-math3-3.1.1.jar:/home/user/.m2/repository/org/openjdk/jmh/jmh-generator-annprocess/1.19/jmh-generator-annprocess-1.19.jar:/home/user/.m2/repository/org/mockito/mockito-all/1.8.5/mockito-all-1.8.5.jar:/home/user/.m2/repository/org/apache/hadoop/hadoop-kms/3.2.0/hadoop-kms-3.2.0.jar:/home/user/.m2/repository/org/apache/hadoop/hadoop-auth/3.2.0/hadoop-auth-3.2.0.jar:/home/user/.m2/repository/com/nimbusds/nimbus-jose-jwt/4.41.1/nimbus-jose-jwt-4.41.1.jar:/home/user/.m2/repository/com/github/stephenc/jcip/jcip-annotations/1.0-1/jcip-annotations-1.0-1.jar:/home/user/.m2/repository/net/minidev/json-smart/2.3/json-smart-2.3.jar:/home/user/.m2/repository/net/minidev/accessors-smart/1.2/accessors-smart-1.2.jar:/home/user/.m2/repository/org/ow2/asm/asm/5.0.4/asm-5.0.4.jar:/home/user/.m2/repository/org/apache/curator/curator-framework/2.12.0/curator-framework-2.12.0.jar:/home/user/.m2/repository/com/sun/jersey/jersey-core/1.19/jersey-core-1.19.jar:/home/user/.m2/repository/javax/ws/rs/jsr311-api/1.1.1/jsr311-api-1.1.1.jar:/home/user/.m2/repository/com/sun/jersey/jersey-server/1.19/jersey-server-1.19.jar:/home/user/.m2/repository/javax/servlet/javax.servlet-api/3.1.0/javax.servlet-api-3.1.0.jar:/home/user/.m2/repository/org/eclipse/jetty/jetty-server/9.3.24.v20180605/jetty-server-9.3.24.v20180605.jar:/home/user/.m2/repository/org/eclipse/jetty/jetty-http/9.3.24.v20180605/jetty-http-9.3.24.v20180605.jar:/home/user/.m2/repository/org/eclipse/jetty/jetty-io/9.3.24.v20180605/jetty-io-9.3.24.v20180605.jar:/home/user/.m2/repository/org/eclipse/jetty/jetty-webapp/9.3.24.v20180605/jetty-webapp-9.3.24.v20180605.jar:/home/user/.m2/repository/org/eclipse/jetty/jetty-xml/9.3.24.v20180605/jetty-xml-9.3.24.v20180605.jar:/home/user/.m2/repository/log4j/log4j/1.2.17/log4j-1.2.17.jar:/home/user/.m2/repository/org/slf4j/slf4j-api/1.7.25/slf4j-api-1.7.25.jar:/home/user/.m2/repository/org/slf4j/jul-to-slf4j/1.7.25/jul-to-slf4j-1.7.25.jar:/home/user/.m2/repository/org/eclipse/jetty/jetty-util/9.3.24.v20180605/jetty-util-9.3.24.v20180605.jar:/home/user/.m2/repository/com/fasterxml/jackson/core/jackson-databind/2.9.5/jackson-databind-2.9.5.jar:/home/user/.m2/repository/org/apache/hadoop/hadoop-kms/3.2.0/hadoop-kms-3.2.0-tests.jar:/home/user/.m2/repository/org/apache/hadoop/hadoop-hdds-server-scm/0.5.0-SNAPSHOT/hadoop-hdds-server-scm-0.5.0-SNAPSHOT-tests.jar:/home/user/.m2/repository/org/apache/hadoop/hadoop-hdds-container-service/0.5.0-SNAPSHOT/hadoop-hdds-container-service-0.5.0-SNAPSHOT-tests.jar:/home/user/.m2/repository/org/yaml/snakeyaml/1.16/snakeyaml-1.16.jar:/home/user/.m2/repository/org/apache/hadoop/hadoop-common/3.2.0/hadoop-common-3.2.0-tests.jar:/home/user/.m2/repository/org/apache/hadoop/hadoop-annotations/3.2.0/hadoop-annotations-3.2.0.jar:/usr/lib/jvm/java-1.8-openjdk/jre/../lib/tools.jar:/home/user/.m2/repository/commons-cli/commons-cli/1.2/commons-cli-1.2.jar:/home/user/.m2/repository/org/apache/httpcomponents/httpclient/4.5.2/httpclient-4.5.2.jar:/home/user/.m2/repository/org/apache/httpcomponents/httpcore/4.4.4/httpcore-4.4.4.jar:/home/user/.m2/repository/commons-codec/commons-codec/1.11/commons-codec-1.11.jar:/home/user/.m2/repository/commons-net/commons-net/3.6/commons-net-3.6.jar:/home/user/.m2/repository/commons-collections/commons-collections/3.2.2/commons-collections-3.2.2.jar:/home/user/.m2/repository/org/eclipse/jetty/jetty-servlet/9.3.24.v20180605/jetty-servlet-9.3.24.v20180605.jar:/home/user/.m2/repository/org/eclipse/jetty/jetty-security/9.3.24.v20180605/jetty-security-9.3.24.v20180605.jar:/home/user/.m2/repository/javax/servlet/jsp/jsp-api/2.1/jsp-api-2.1.jar:/home/user/.m2/repository/com/sun/jersey/jersey-servlet/1.19/jersey-servlet-1.19.jar:/home/user/.m2/repository/com/sun/jersey/jersey-json/1.19/jersey-json-1.19.jar:/home/user/.m2/repository/org/codehaus/jettison/jettison/1.1/jettison-1.1.jar:/home/user/.m2/repository/org/codehaus/jackson/jackson-core-asl/1.9.13/jackson-core-asl-1.9.13.jar:/home/user/.m2/repository/org/codehaus/jackson/jackson-mapper-asl/1.9.13/jackson-mapper-asl-1.9.13.jar:/home/user/.m2/repository/org/codehaus/jackson/jackson-jaxrs/1.9.13/jackson-jaxrs-1.9.13.jar:/home/user/.m2/repository/org/codehaus/jackson/jackson-xc/1.9.13/jackson-xc-1.9.13.jar:/home/user/.m2/repository/commons-logging/commons-logging/1.1.3/commons-logging-1.1.3.jar:/home/user/.m2/repository/commons-beanutils/commons-beanutils/1.9.3/commons-beanutils-1.9.3.jar:/home/user/.m2/repository/org/apache/commons/commons-configuration2/2.1.1/commons-configuration2-2.1.1.jar:/home/user/.m2/repository/org/apache/commons/commons-lang3/3.7/commons-lang3-3.7.jar:/home/user/.m2/repository/org/apache/commons/commons-text/1.4/commons-text-1.4.jar:/home/user/.m2/repository/org/apache/avro/avro/1.7.7/avro-1.7.7.jar:/home/user/.m2/repository/com/thoughtworks/paranamer/paranamer/2.3/paranamer-2.3.jar:/home/user/.m2/repository/org/xerial/snappy/snappy-java/1.0.5/snappy-java-1.0.5.jar:/home/user/.m2/repository/com/google/re2j/re2j/1.1/re2j-1.1.jar:/home/user/.m2/repository/com/google/code/gson/gson/2.2.4/gson-2.2.4.jar:/home/user/.m2/repository/com/jcraft/jsch/0.1.54/jsch-0.1.54.jar:/home/user/.m2/repository/org/apache/curator/curator-client/2.12.0/curator-client-2.12.0.jar:/home/user/.m2/repository/org/apache/curator/curator-recipes/2.12.0/curator-recipes-2.12.0.jar:/home/user/.m2/repository/com/google/code/findbugs/jsr305/3.0.0/jsr305-3.0.0.jar:/home/user/.m2/repository/org/apache/htrace/htrace-core4/4.1.0-incubating/htrace-core4-4.1.0-incubating.jar:/home/user/.m2/repository/org/apache/zookeeper/zookeeper/3.4.13/zookeeper-3.4.13.jar:/home/user/.m2/repository/org/apache/yetus/audience-annotations/0.5.0/audience-annotations-0.5.0.jar:/home/user/.m2/repository/org/codehaus/woodstox/stax2-api/3.1.4/stax2-api-3.1.4.jar:/home/user/.m2/repository/com/fasterxml/woodstox/woodstox-core/5.0.3/woodstox-core-5.0.3.jar:/home/user/.m2/repository/dnsjava/dnsjava/2.1.7/dnsjava-2.1.7.jar:/home/user/.m2/repository/org/apache/hadoop/hadoop-hdfs/3.2.0/hadoop-hdfs-3.2.0-tests.jar:/home/user/.m2/repository/org/eclipse/jetty/jetty-util-ajax/9.3.24.v20180605/jetty-util-ajax-9.3.24.v20180605.jar:/home/user/.m2/repository/commons-daemon/commons-daemon/1.0.13/commons-daemon-1.0.13.jar:/home/user/.m2/repository/io/netty/netty/3.10.5.Final/netty-3.10.5.Final.jar:/home/user/.m2/repository/io/netty/netty-all/4.0.52.Final/netty-all-4.0.52.Final.jar:/home/user/.m2/repository/org/fusesource/leveldbjni/leveldbjni-all/1.8/leveldbjni-all-1.8.jar:"/>
    <property name="sun.cpu.endian" value="little"/>
    <property name="user.home" value="/home/user"/>
    <property name="user.language" value="en"/>
    <property name="java.specification.vendor" value="Oracle Corporation"/>
    <property name="java.home" value="/usr/lib/jvm/java-1.8-openjdk/jre"/>
    <property name="java.security.krb5.conf" value="/workdir/hadoop-ozone/integration-test/target/test-classes/krb5.conf"/>
    <property name="basedir" value="/workdir/hadoop-ozone/integration-test"/>
    <property name="file.separator" value="/"/>
    <property name="line.separator" value="&#10;"/>
    <property name="java.vm.specification.vendor" value="Oracle Corporation"/>
    <property name="java.specification.name" value="Java Platform API Specification"/>
    <property name="java.awt.graphicsenv" value="sun.awt.X11GraphicsEnvironment"/>
    <property name="surefire.real.class.path" value="/workdir/hadoop-ozone/integration-test/target/surefire/surefirebooter1598922472856980102.jar"/>
    <property name="hadoop.log.dir" value="/workdir/hadoop-ozone/integration-test/target/log"/>
    <property name="sun.boot.class.path" value="/usr/lib/jvm/java-1.8-openjdk/jre/lib/resources.jar:/usr/lib/jvm/java-1.8-openjdk/jre/lib/rt.jar:/usr/lib/jvm/java-1.8-openjdk/jre/lib/sunrsasign.jar:/usr/lib/jvm/java-1.8-openjdk/jre/lib/jsse.jar:/usr/lib/jvm/java-1.8-openjdk/jre/lib/jce.jar:/usr/lib/jvm/java-1.8-openjdk/jre/lib/charsets.jar:/usr/lib/jvm/java-1.8-openjdk/jre/lib/jfr.jar:/usr/lib/jvm/java-1.8-openjdk/jre/classes"/>
    <property name="sun.management.compiler" value="HotSpot 64-Bit Tiered Compilers"/>
    <property name="java.runtime.version" value="1.8.0_212-b04"/>
    <property name="java.net.preferIPv4Stack" value="true"/>
    <property name="user.name" value="jenkins1000"/>
    <property name="path.separator" value=":"/>
    <property name="java.security.egd" value="file:///dev/urandom"/>
    <property name="os.version" value="3.10.0-957.12.2.el7.x86_64"/>
    <property name="java.endorsed.dirs" value="/usr/lib/jvm/java-1.8-openjdk/jre/lib/endorsed"/>
    <property name="java.runtime.name" value="OpenJDK Runtime Environment"/>
    <property name="file.encoding" value="UTF-8"/>
    <property name="java.vm.name" value="OpenJDK 64-Bit Server VM"/>
    <property name="test.build.webapps" value=""/>
    <property name="localRepository" value="/home/user/.m2/repository"/>
    <property name="java.vendor.url.bug" value="https://icedtea.classpath.org/bugzilla"/>
    <property name="java.io.tmpdir" value="/tmp"/>
    <property name="require.test.libhadoop" value=""/>
    <property name="java.version" value="1.8.0_212"/>
    <property name="user.dir" value="/workdir/hadoop-ozone/integration-test"/>
    <property name="os.arch" value="amd64"/>
    <property name="java.vm.specification.name" value="Java Virtual Machine Specification"/>
    <property name="test.build.classes" value="/workdir/hadoop-ozone/integration-test/target/test-classes"/>
    <property name="java.awt.printerjob" value="sun.print.PSPrinterJob"/>
    <property name="sun.os.patch.level" value="unknown"/>
    <property name="hadoop.tmp.dir" value="/workdir/hadoop-ozone/integration-test/target/tmp"/>
    <property name="java.library.path" value="/usr/lib/jvm/java-1.8-openjdk/jre/lib/amd64/server:/usr/lib/jvm/java-1.8-openjdk/jre/lib/amd64:/usr/lib/jvm/java-1.8-openjdk/jre/../lib/amd64:/workdir/hadoop-ozone/integration-test/target/native/target/usr/local/lib:/workdir/hadoop-ozone/integration-test/../../hadoop-common-project/hadoop-common/target/native/target/usr/local/lib:/usr/java/packages/lib/amd64:/usr/lib64:/lib64:/lib:/usr/lib"/>
    <property name="java.vm.info" value="mixed mode"/>
    <property name="java.vendor" value="IcedTea"/>
    <property name="java.vm.version" value="25.212-b04"/>
    <property name="java.ext.dirs" value="/usr/lib/jvm/java-1.8-openjdk/jre/lib/ext:/usr/java/packages/lib/ext"/>
    <property name="sun.io.unicode.encoding" value="UnicodeLittle"/>
    <property name="java.class.version" value="52.0"/>
  </properties>
  <testcase name="testMultiBlockWritesWithIntermittentDnFailures" classname="org.apache.hadoop.ozone.client.rpc.TestMultiBlockWritesWithDnFailures" time="108.293">
    <error message="Allocated 0 blocks. Requested 1 blocks" type="INTERNAL_ERROR org.apache.hadoop.ozone.om.exceptions.OMException">INTERNAL_ERROR org.apache.hadoop.ozone.om.exceptions.OMException: Allocated 0 blocks. Requested 1 blocks
	at org.apache.hadoop.ozone.om.protocolPB.OzoneManagerProtocolClientSideTranslatorPB.handleError(OzoneManagerProtocolClientSideTranslatorPB.java:724)
	at org.apache.hadoop.ozone.om.protocolPB.OzoneManagerProtocolClientSideTranslatorPB.allocateBlock(OzoneManagerProtocolClientSideTranslatorPB.java:756)
	at sun.reflect.NativeMethodAccessorImpl.invoke0(Native Method)
	at sun.reflect.NativeMethodAccessorImpl.invoke(NativeMethodAccessorImpl.java:62)
	at sun.reflect.DelegatingMethodAccessorImpl.invoke(DelegatingMethodAccessorImpl.java:43)
	at java.lang.reflect.Method.invoke(Method.java:498)
	at org.apache.hadoop.hdds.tracing.TraceAllMethod.invoke(TraceAllMethod.java:66)
	at com.sun.proxy.$Proxy36.allocateBlock(Unknown Source)
	at org.apache.hadoop.ozone.client.io.BlockOutputStreamEntryPool.allocateNewBlock(BlockOutputStreamEntryPool.java:248)
	at org.apache.hadoop.ozone.client.io.BlockOutputStreamEntryPool.allocateBlockIfNeeded(BlockOutputStreamEntryPool.java:296)
	at org.apache.hadoop.ozone.client.io.KeyOutputStream.handleWrite(KeyOutputStream.java:201)
	at org.apache.hadoop.ozone.client.io.KeyOutputStream.handleRetry(KeyOutputStream.java:376)
	at org.apache.hadoop.ozone.client.io.KeyOutputStream.handleException(KeyOutputStream.java:325)
	at org.apache.hadoop.ozone.client.io.KeyOutputStream.handleWrite(KeyOutputStream.java:231)
	at org.apache.hadoop.ozone.client.io.KeyOutputStream.write(KeyOutputStream.java:193)
	at org.apache.hadoop.ozone.client.io.OzoneOutputStream.write(OzoneOutputStream.java:49)
	at java.io.OutputStream.write(OutputStream.java:75)
	at org.apache.hadoop.ozone.client.rpc.TestMultiBlockWritesWithDnFailures.testMultiBlockWritesWithIntermittentDnFailures(TestMultiBlockWritesWithDnFailures.java:196)
	at sun.reflect.NativeMethodAccessorImpl.invoke0(Native Method)
	at sun.reflect.NativeMethodAccessorImpl.invoke(NativeMethodAccessorImpl.java:62)
	at sun.reflect.DelegatingMethodAccessorImpl.invoke(DelegatingMethodAccessorImpl.java:43)
	at java.lang.reflect.Method.invoke(Method.java:498)
	at org.junit.runners.model.FrameworkMethod$1.runReflectiveCall(FrameworkMethod.java:47)
	at org.junit.internal.runners.model.ReflectiveCallable.run(ReflectiveCallable.java:12)
	at org.junit.runners.model.FrameworkMethod.invokeExplosively(FrameworkMethod.java:44)
	at org.junit.internal.runners.statements.InvokeMethod.evaluate(InvokeMethod.java:17)
	at org.junit.internal.runners.statements.RunAfters.evaluate(RunAfters.java:27)
	at org.junit.runners.ParentRunner.runLeaf(ParentRunner.java:271)
	at org.junit.runners.BlockJUnit4ClassRunner.runChild(BlockJUnit4ClassRunner.java:70)
	at org.junit.runners.BlockJUnit4ClassRunner.runChild(BlockJUnit4ClassRunner.java:50)
	at org.junit.runners.ParentRunner$3.run(ParentRunner.java:238)
	at org.junit.runners.ParentRunner$1.schedule(ParentRunner.java:63)
	at org.junit.runners.ParentRunner.runChildren(ParentRunner.java:236)
	at org.junit.runners.ParentRunner.access$000(ParentRunner.java:53)
	at org.junit.runners.ParentRunner$2.evaluate(ParentRunner.java:229)
	at org.junit.runners.ParentRunner.run(ParentRunner.java:309)
	at org.apache.maven.surefire.junit4.JUnit4Provider.execute(JUnit4Provider.java:365)
	at org.apache.maven.surefire.junit4.JUnit4Provider.executeWithRerun(JUnit4Provider.java:273)
	at org.apache.maven.surefire.junit4.JUnit4Provider.executeTestSet(JUnit4Provider.java:238)
	at org.apache.maven.surefire.junit4.JUnit4Provider.invoke(JUnit4Provider.java:159)
	at org.apache.maven.surefire.booter.ForkedBooter.invokeProviderInSameClassLoader(ForkedBooter.java:384)
	at org.apache.maven.surefire.booter.ForkedBooter.runSuitesInProcess(ForkedBooter.java:345)
	at org.apache.maven.surefire.booter.ForkedBooter.execute(ForkedBooter.java:126)
	at org.apache.maven.surefire.booter.ForkedBooter.main(ForkedBooter.java:418)
</error>
    <system-out><![CDATA[2019-09-19 12:00:44,379 [main] WARN  server.ServerUtils (ServerUtils.java:getScmDbDir(145)) - ozone.scm.db.dirs is not configured. We recommend adding this setting. Falling back to ozone.metadata.dirs instead.
2019-09-19 12:00:44,532 [main] WARN  server.ServerUtils (ServerUtils.java:getScmDbDir(145)) - ozone.scm.db.dirs is not configured. We recommend adding this setting. Falling back to ozone.metadata.dirs instead.
2019-09-19 12:00:44,536 [main] WARN  server.ServerUtils (ServerUtils.java:getScmDbDir(145)) - ozone.scm.db.dirs is not configured. We recommend adding this setting. Falling back to ozone.metadata.dirs instead.
2019-09-19 12:00:44,557 [main] INFO  util.log (Log.java:initialized(192)) - Logging initialized @937ms
2019-09-19 12:00:44,661 [main] INFO  db.DBStoreBuilder (DBStoreBuilder.java:addTable(110)) - using custom profile for table: deletedBlocks
2019-09-19 12:00:44,661 [main] INFO  db.DBStoreBuilder (DBStoreBuilder.java:processTables(161)) - Using default column profile:DBProfile.DISK for Table:deletedBlocks
2019-09-19 12:00:44,662 [main] INFO  db.DBStoreBuilder (DBStoreBuilder.java:addTable(110)) - using custom profile for table: validCerts
2019-09-19 12:00:44,662 [main] INFO  db.DBStoreBuilder (DBStoreBuilder.java:processTables(161)) - Using default column profile:DBProfile.DISK for Table:validCerts
2019-09-19 12:00:44,662 [main] INFO  db.DBStoreBuilder (DBStoreBuilder.java:addTable(110)) - using custom profile for table: revokedCerts
2019-09-19 12:00:44,662 [main] INFO  db.DBStoreBuilder (DBStoreBuilder.java:processTables(161)) - Using default column profile:DBProfile.DISK for Table:revokedCerts
2019-09-19 12:00:44,675 [main] INFO  db.DBStoreBuilder (DBStoreBuilder.java:addTable(110)) - using custom profile for table: default
2019-09-19 12:00:44,675 [main] INFO  db.DBStoreBuilder (DBStoreBuilder.java:processTables(167)) - Using default column profile:DBProfile.DISK for Table:default
2019-09-19 12:00:44,677 [main] INFO  db.DBStoreBuilder (DBStoreBuilder.java:getDbProfile(198)) - Using default options. DBProfile.DISK
2019-09-19 12:00:44,939 [main] INFO  net.NodeSchemaLoader (NodeSchemaLoader.java:loadSchemaFromFile(125)) - Loading file from sun.misc.CompoundEnumeration@235834f2
2019-09-19 12:00:44,941 [main] INFO  net.NodeSchemaLoader (NodeSchemaLoader.java:loadSchema(171)) - Loading network topology layer schema file
2019-09-19 12:00:45,015 [main] INFO  node.SCMNodeManager (SCMNodeManager.java:<init>(114)) - Entering startup safe mode.
2019-09-19 12:00:45,091 [main] INFO  algorithms.ContainerPlacementPolicyFactory (ContainerPlacementPolicyFactory.java:getPolicy(57)) - Create container placement policy of type org.apache.hadoop.hdds.scm.container.placement.algorithms.SCMContainerPlacementRandom
2019-09-19 12:00:45,107 [main] WARN  server.ServerUtils (ServerUtils.java:getScmDbDir(145)) - ozone.scm.db.dirs is not configured. We recommend adding this setting. Falling back to ozone.metadata.dirs instead.
2019-09-19 12:00:45,174 [main] INFO  pipeline.SCMPipelineManager (SCMPipelineManager.java:initializePipelineState(128)) - No pipeline exists in current db
2019-09-19 12:00:45,178 [main] WARN  server.ServerUtils (ServerUtils.java:getScmDbDir(145)) - ozone.scm.db.dirs is not configured. We recommend adding this setting. Falling back to ozone.metadata.dirs instead.
2019-09-19 12:00:45,298 [main] WARN  events.EventQueue (EventQueue.java:fireEvent(183)) - No event handler registered for event TypedEvent{payloadType=SafeModeStatus, name='SafeModeStatus'}
2019-09-19 12:00:45,679 [main] INFO  ipc.CallQueueManager (CallQueueManager.java:<init>(84)) - Using callQueue: class java.util.concurrent.LinkedBlockingQueue, queueCapacity: 2000, scheduler: class org.apache.hadoop.ipc.DefaultRpcScheduler, ipcBackoff: false.
2019-09-19 12:00:45,709 [Socket Reader #1 for port 46860] INFO  ipc.Server (Server.java:run(1074)) - Starting Socket Reader #1 for port 46860
2019-09-19 12:00:45,848 [main] INFO  ipc.CallQueueManager (CallQueueManager.java:<init>(84)) - Using callQueue: class java.util.concurrent.LinkedBlockingQueue, queueCapacity: 2000, scheduler: class org.apache.hadoop.ipc.DefaultRpcScheduler, ipcBackoff: false.
2019-09-19 12:00:45,849 [Socket Reader #1 for port 33389] INFO  ipc.Server (Server.java:run(1074)) - Starting Socket Reader #1 for port 33389
2019-09-19 12:00:45,861 [main] INFO  ipc.CallQueueManager (CallQueueManager.java:<init>(84)) - Using callQueue: class java.util.concurrent.LinkedBlockingQueue, queueCapacity: 2000, scheduler: class org.apache.hadoop.ipc.DefaultRpcScheduler, ipcBackoff: false.
2019-09-19 12:00:45,863 [Socket Reader #1 for port 36490] INFO  ipc.Server (Server.java:run(1074)) - Starting Socket Reader #1 for port 36490
2019-09-19 12:00:45,891 [main] INFO  hdfs.DFSUtil (DFSUtil.java:httpServerTemplateForNNAndJN(1641)) - Starting Web-server for scm at: http://0.0.0.0:0
2019-09-19 12:00:46,062 [main] INFO  server.AuthenticationFilter (AuthenticationFilter.java:constructSecretProvider(240)) - Unable to initialize FileSignerSecretProvider, falling back to use random secrets.
2019-09-19 12:00:46,075 [main] WARN  http.HttpRequestLog (HttpRequestLog.java:getRequestLog(97)) - Jetty request log can only be enabled using Log4j
2019-09-19 12:00:46,088 [main] INFO  http.HttpServer2 (HttpServer2.java:addGlobalFilter(975)) - Added global filter 'safety' (class=org.apache.hadoop.http.HttpServer2$QuotingInputFilter)
2019-09-19 12:00:46,092 [main] INFO  http.HttpServer2 (HttpServer2.java:addFilter(948)) - Added filter static_user_filter (class=org.apache.hadoop.http.lib.StaticUserWebFilter$StaticUserFilter) to context scm
2019-09-19 12:00:46,092 [main] INFO  http.HttpServer2 (HttpServer2.java:addFilter(958)) - Added filter static_user_filter (class=org.apache.hadoop.http.lib.StaticUserWebFilter$StaticUserFilter) to context static
2019-09-19 12:00:46,093 [main] INFO  http.HttpServer2 (HttpServer2.java:addFilter(958)) - Added filter static_user_filter (class=org.apache.hadoop.http.lib.StaticUserWebFilter$StaticUserFilter) to context logs
2019-09-19 12:00:46,134 [main] INFO  server.StorageContainerManager (StorageContainerManager.java:start(763)) - StorageContainerLocationProtocol RPC server is listening at /0.0.0.0:36490
2019-09-19 12:00:46,195 [main] WARN  impl.MetricsConfig (MetricsConfig.java:loadFirst(134)) - Cannot locate configuration: tried hadoop-metrics2-storagecontainermanager.properties,hadoop-metrics2.properties
2019-09-19 12:00:46,208 [main] INFO  impl.MetricsSystemImpl (MetricsSystemImpl.java:startTimer(374)) - Scheduled Metric snapshot period at 10 second(s).
2019-09-19 12:00:46,208 [main] INFO  impl.MetricsSystemImpl (MetricsSystemImpl.java:start(191)) - StorageContainerManager metrics system started
2019-09-19 12:00:46,434 [main] INFO  server.SCMClientProtocolServer (SCMClientProtocolServer.java:start(151)) - RPC server for Client  is listening at /0.0.0.0:36490
2019-09-19 12:00:46,435 [IPC Server Responder] INFO  ipc.Server (Server.java:run(1314)) - IPC Server Responder: starting
2019-09-19 12:00:46,435 [IPC Server listener on 36490] INFO  ipc.Server (Server.java:run(1153)) - IPC Server listener on 36490: starting
2019-09-19 12:00:46,439 [main] INFO  server.StorageContainerManager (StorageContainerManager.java:start(773)) - ScmBlockLocationProtocol RPC server is listening at /0.0.0.0:33389
2019-09-19 12:00:46,441 [main] INFO  server.SCMBlockProtocolServer (SCMBlockProtocolServer.java:start(146)) - RPC server for Block Protocol is listening at /0.0.0.0:33389
2019-09-19 12:00:46,441 [IPC Server Responder] INFO  ipc.Server (Server.java:run(1314)) - IPC Server Responder: starting
2019-09-19 12:00:46,441 [IPC Server listener on 33389] INFO  ipc.Server (Server.java:run(1153)) - IPC Server listener on 33389: starting
2019-09-19 12:00:46,448 [main] INFO  server.StorageContainerManager (StorageContainerManager.java:start(777)) - ScmDatanodeProtocl RPC server is listening at /0.0.0.0:46860
2019-09-19 12:00:46,448 [main] INFO  server.SCMDatanodeProtocolServer (SCMDatanodeProtocolServer.java:start(191)) - RPC server for DataNodes is listening at /0.0.0.0:46860
2019-09-19 12:00:46,450 [IPC Server Responder] INFO  ipc.Server (Server.java:run(1314)) - IPC Server Responder: starting
2019-09-19 12:00:46,450 [IPC Server listener on 46860] INFO  ipc.Server (Server.java:run(1153)) - IPC Server listener on 46860: starting
2019-09-19 12:00:46,459 [main] INFO  http.HttpServer2 (HttpServer2.java:bindListener(1191)) - Jetty bound to port 42622
2019-09-19 12:00:46,461 [main] INFO  server.Server (Server.java:doStart(351)) - jetty-9.3.24.v20180605, build timestamp: 2018-06-05T17:11:56Z, git hash: 84205aa28f11a4f31f2a3b86d1bba2cc8ab69827
2019-09-19 12:00:46,501 [main] INFO  handler.ContextHandler (ContextHandler.java:doStart(781)) - Started o.e.j.s.ServletContextHandler@d3957fe{/logs,file:///workdir/hadoop-ozone/integration-test/target/log,AVAILABLE}
2019-09-19 12:00:46,501 [main] INFO  handler.ContextHandler (ContextHandler.java:doStart(781)) - Started o.e.j.s.ServletContextHandler@299321e2{/static,file:///workdir/hadoop-ozone/integration-test/target/test-classes/webapps/static,AVAILABLE}
2019-09-19 12:00:46,535 [main] INFO  handler.ContextHandler (ContextHandler.java:doStart(781)) - Started o.e.j.w.WebAppContext@4152d38d{/,file:///workdir/hadoop-ozone/integration-test/target/test-classes/webapps/scm/,AVAILABLE}{/scm}
2019-09-19 12:00:46,541 [main] INFO  server.AbstractConnector (AbstractConnector.java:doStart(278)) - Started ServerConnector@db44aa2{HTTP/1.1,[http/1.1]}{0.0.0.0:42622}
2019-09-19 12:00:46,541 [main] INFO  server.Server (Server.java:doStart(419)) - Started @2922ms
2019-09-19 12:00:46,544 [main] INFO  impl.MetricsSinkAdapter (MetricsSinkAdapter.java:start(204)) - Sink prometheus started
2019-09-19 12:00:46,544 [main] INFO  impl.MetricsSystemImpl (MetricsSystemImpl.java:registerSink(301)) - Registered sink prometheus
2019-09-19 12:00:46,545 [main] INFO  server.BaseHttpServer (BaseHttpServer.java:updateConnectorAddress(215)) - HTTP server of SCM is listening at http://0.0.0.0:42622
2019-09-19 12:00:46,553 [org.apache.hadoop.util.JvmPauseMonitor$Monitor@544630b7] INFO  util.JvmPauseMonitor (JvmPauseMonitor.java:run(188)) - Starting JVM pause monitor
2019-09-19 12:00:46,557 [main] WARN  server.ServerUtils (ServerUtils.java:getDBPath(222)) - ozone.om.db.dirs is not configured. We recommend adding this setting. Falling back to ozone.metadata.dirs instead.
2019-09-19 12:00:46,670 [main] WARN  server.ServerUtils (ServerUtils.java:getDBPath(222)) - ozone.om.db.dirs is not configured. We recommend adding this setting. Falling back to ozone.metadata.dirs instead.
2019-09-19 12:00:46,671 [main] WARN  server.ServerUtils (ServerUtils.java:getDBPath(222)) - ozone.om.db.dirs is not configured. We recommend adding this setting. Falling back to ozone.metadata.dirs instead.
2019-09-19 12:00:46,672 [main] INFO  om.OzoneManager (OzoneManager.java:setOMNodeDetails(649)) - OM Service ID is not set. Setting it to the default ID: omServiceIdDefault
2019-09-19 12:00:46,672 [main] INFO  om.OzoneManager (OzoneManager.java:setOMNodeDetails(655)) - OM Node ID is not set. Setting it to the OmStorage's OmID: f10395c5-1df6-40ea-96a4-99e24a51d2ac
2019-09-19 12:00:46,673 [main] INFO  om.OzoneManager (OzoneManager.java:loadOMHAConfigs(606)) - Found matching OM address with OMServiceId: null, OMNodeId: null, RPC Address: localhost:0 and Ratis port: 9872
2019-09-19 12:00:47,487 [main] WARN  server.ServerUtils (ServerUtils.java:getDBPath(222)) - ozone.om.db.dirs is not configured. We recommend adding this setting. Falling back to ozone.metadata.dirs instead.
2019-09-19 12:00:47,494 [main] INFO  db.DBStoreBuilder (DBStoreBuilder.java:addTable(110)) - using custom profile for table: userTable
2019-09-19 12:00:47,494 [main] INFO  db.DBStoreBuilder (DBStoreBuilder.java:processTables(161)) - Using default column profile:DBProfile.DISK for Table:userTable
2019-09-19 12:00:47,494 [main] INFO  db.DBStoreBuilder (DBStoreBuilder.java:addTable(110)) - using custom profile for table: volumeTable
2019-09-19 12:00:47,494 [main] INFO  db.DBStoreBuilder (DBStoreBuilder.java:processTables(161)) - Using default column profile:DBProfile.DISK for Table:volumeTable
2019-09-19 12:00:47,495 [main] INFO  db.DBStoreBuilder (DBStoreBuilder.java:addTable(110)) - using custom profile for table: bucketTable
2019-09-19 12:00:47,495 [main] INFO  db.DBStoreBuilder (DBStoreBuilder.java:processTables(161)) - Using default column profile:DBProfile.DISK for Table:bucketTable
2019-09-19 12:00:47,495 [main] INFO  db.DBStoreBuilder (DBStoreBuilder.java:addTable(110)) - using custom profile for table: keyTable
2019-09-19 12:00:47,495 [main] INFO  db.DBStoreBuilder (DBStoreBuilder.java:processTables(161)) - Using default column profile:DBProfile.DISK for Table:keyTable
2019-09-19 12:00:47,496 [main] INFO  db.DBStoreBuilder (DBStoreBuilder.java:addTable(110)) - using custom profile for table: deletedTable
2019-09-19 12:00:47,496 [main] INFO  db.DBStoreBuilder (DBStoreBuilder.java:processTables(161)) - Using default column profile:DBProfile.DISK for Table:deletedTable
2019-09-19 12:00:47,496 [main] INFO  db.DBStoreBuilder (DBStoreBuilder.java:addTable(110)) - using custom profile for table: openKeyTable
2019-09-19 12:00:47,496 [main] INFO  db.DBStoreBuilder (DBStoreBuilder.java:processTables(161)) - Using default column profile:DBProfile.DISK for Table:openKeyTable
2019-09-19 12:00:47,496 [main] INFO  db.DBStoreBuilder (DBStoreBuilder.java:addTable(110)) - using custom profile for table: s3Table
2019-09-19 12:00:47,497 [main] INFO  db.DBStoreBuilder (DBStoreBuilder.java:processTables(161)) - Using default column profile:DBProfile.DISK for Table:s3Table
2019-09-19 12:00:47,497 [main] INFO  db.DBStoreBuilder (DBStoreBuilder.java:addTable(110)) - using custom profile for table: multipartInfoTable
2019-09-19 12:00:47,497 [main] INFO  db.DBStoreBuilder (DBStoreBuilder.java:processTables(161)) - Using default column profile:DBProfile.DISK for Table:multipartInfoTable
2019-09-19 12:00:47,497 [main] INFO  db.DBStoreBuilder (DBStoreBuilder.java:addTable(110)) - using custom profile for table: dTokenTable
2019-09-19 12:00:47,498 [main] INFO  db.DBStoreBuilder (DBStoreBuilder.java:processTables(161)) - Using default column profile:DBProfile.DISK for Table:dTokenTable
2019-09-19 12:00:47,498 [main] INFO  db.DBStoreBuilder (DBStoreBuilder.java:addTable(110)) - using custom profile for table: s3SecretTable
2019-09-19 12:00:47,498 [main] INFO  db.DBStoreBuilder (DBStoreBuilder.java:processTables(161)) - Using default column profile:DBProfile.DISK for Table:s3SecretTable
2019-09-19 12:00:47,498 [main] INFO  db.DBStoreBuilder (DBStoreBuilder.java:addTable(110)) - using custom profile for table: prefixTable
2019-09-19 12:00:47,499 [main] INFO  db.DBStoreBuilder (DBStoreBuilder.java:processTables(161)) - Using default column profile:DBProfile.DISK for Table:prefixTable
2019-09-19 12:00:47,499 [main] INFO  db.DBStoreBuilder (DBStoreBuilder.java:addTable(110)) - using custom profile for table: default
2019-09-19 12:00:47,499 [main] INFO  db.DBStoreBuilder (DBStoreBuilder.java:processTables(167)) - Using default column profile:DBProfile.DISK for Table:default
2019-09-19 12:00:47,499 [main] INFO  db.DBStoreBuilder (DBStoreBuilder.java:getDbProfile(198)) - Using default options. DBProfile.DISK
2019-09-19 12:00:47,883 [main] INFO  ipc.CallQueueManager (CallQueueManager.java:<init>(84)) - Using callQueue: class java.util.concurrent.LinkedBlockingQueue, queueCapacity: 2000, scheduler: class org.apache.hadoop.ipc.DefaultRpcScheduler, ipcBackoff: false.
2019-09-19 12:00:47,884 [Socket Reader #1 for port 37481] INFO  ipc.Server (Server.java:run(1074)) - Starting Socket Reader #1 for port 37481
2019-09-19 12:00:47,904 [main] INFO  om.OzoneManager (OzoneManager.java:start(1240)) - OzoneManager RPC server is listening at localhost/127.0.0.1:37481
2019-09-19 12:00:47,905 [main] INFO  impl.MetricsSystemImpl (MetricsSystemImpl.java:init(158)) - OzoneManager metrics system started (again)
2019-09-19 12:00:47,906 [IPC Server Responder] INFO  ipc.Server (Server.java:run(1314)) - IPC Server Responder: starting
2019-09-19 12:00:47,906 [IPC Server listener on 37481] INFO  ipc.Server (Server.java:run(1153)) - IPC Server listener on 37481: starting
2019-09-19 12:00:47,912 [main] INFO  hdfs.DFSUtil (DFSUtil.java:httpServerTemplateForNNAndJN(1641)) - Starting Web-server for ozoneManager at: http://0.0.0.0:0
2019-09-19 12:00:47,914 [main] INFO  server.AuthenticationFilter (AuthenticationFilter.java:constructSecretProvider(240)) - Unable to initialize FileSignerSecretProvider, falling back to use random secrets.
2019-09-19 12:00:47,915 [main] WARN  http.HttpRequestLog (HttpRequestLog.java:getRequestLog(97)) - Jetty request log can only be enabled using Log4j
2019-09-19 12:00:47,917 [main] INFO  http.HttpServer2 (HttpServer2.java:addGlobalFilter(975)) - Added global filter 'safety' (class=org.apache.hadoop.http.HttpServer2$QuotingInputFilter)
2019-09-19 12:00:47,919 [main] INFO  http.HttpServer2 (HttpServer2.java:addFilter(948)) - Added filter static_user_filter (class=org.apache.hadoop.http.lib.StaticUserWebFilter$StaticUserFilter) to context ozoneManager
2019-09-19 12:00:47,919 [main] INFO  http.HttpServer2 (HttpServer2.java:addFilter(958)) - Added filter static_user_filter (class=org.apache.hadoop.http.lib.StaticUserWebFilter$StaticUserFilter) to context static
2019-09-19 12:00:47,920 [main] INFO  http.HttpServer2 (HttpServer2.java:addFilter(958)) - Added filter static_user_filter (class=org.apache.hadoop.http.lib.StaticUserWebFilter$StaticUserFilter) to context logs
2019-09-19 12:00:47,923 [main] INFO  http.HttpServer2 (HttpServer2.java:bindListener(1191)) - Jetty bound to port 42460
2019-09-19 12:00:47,923 [main] INFO  server.Server (Server.java:doStart(351)) - jetty-9.3.24.v20180605, build timestamp: 2018-06-05T17:11:56Z, git hash: 84205aa28f11a4f31f2a3b86d1bba2cc8ab69827
2019-09-19 12:00:47,925 [main] INFO  handler.ContextHandler (ContextHandler.java:doStart(781)) - Started o.e.j.s.ServletContextHandler@30331109{/logs,file:///workdir/hadoop-ozone/integration-test/target/log,AVAILABLE}
2019-09-19 12:00:47,926 [main] INFO  handler.ContextHandler (ContextHandler.java:doStart(781)) - Started o.e.j.s.ServletContextHandler@74fe5966{/static,file:///workdir/hadoop-ozone/integration-test/target/test-classes/webapps/static,AVAILABLE}
2019-09-19 12:00:47,933 [main] INFO  handler.ContextHandler (ContextHandler.java:doStart(781)) - Started o.e.j.w.WebAppContext@3766c667{/,file:///workdir/hadoop-ozone/integration-test/target/test-classes/webapps/ozoneManager/,AVAILABLE}{/ozoneManager}
2019-09-19 12:00:47,935 [main] INFO  server.AbstractConnector (AbstractConnector.java:doStart(278)) - Started ServerConnector@773c0293{HTTP/1.1,[http/1.1]}{0.0.0.0:42460}
2019-09-19 12:00:47,935 [main] INFO  server.Server (Server.java:doStart(419)) - Started @4316ms
2019-09-19 12:00:47,936 [main] WARN  impl.MetricsSystemImpl (MetricsSystemImpl.java:register(276)) - Sink prometheus already exists!
2019-09-19 12:00:47,937 [main] INFO  server.BaseHttpServer (BaseHttpServer.java:updateConnectorAddress(215)) - HTTP server of OZONEMANAGER is listening at http://0.0.0.0:42460
2019-09-19 12:00:48,252 [main] INFO  impl.MetricsSystemImpl (MetricsSystemImpl.java:init(158)) - HddsDatanode metrics system started (again)
2019-09-19 12:00:48,307 [main] INFO  ozone.HddsDatanodeService (HddsDatanodeService.java:start(184)) - HddsDatanodeService host:pr-hdds-2153-g484h-410672627 ip:192.168.34.13
2019-09-19 12:00:48,341 [main] INFO  volume.HddsVolume (HddsVolume.java:<init>(176)) - Creating Volume: /workdir/hadoop-ozone/integration-test/target/test-dir/MiniOzoneClusterImpl-d8add679-7105-42f6-bf2c-18911ac53160/datanode-0/data/containers/hdds of  storage type : DISK and capacity : 1482555576320
2019-09-19 12:00:48,344 [main] INFO  volume.VolumeSet (VolumeSet.java:initializeVolumeSet(170)) - Added Volume : /workdir/hadoop-ozone/integration-test/target/test-dir/MiniOzoneClusterImpl-d8add679-7105-42f6-bf2c-18911ac53160/datanode-0/data/containers/hdds to VolumeSet
2019-09-19 12:00:48,349 [main] INFO  volume.ThrottledAsyncChecker (ThrottledAsyncChecker.java:schedule(139)) - Scheduling a check for org.apache.hadoop.ozone.container.common.volume.HddsVolume@4d774249
2019-09-19 12:00:48,373 [main] INFO  volume.HddsVolumeChecker (HddsVolumeChecker.java:checkAllVolumes(202)) - Scheduled health check for volume org.apache.hadoop.ozone.container.common.volume.HddsVolume@4d774249
2019-09-19 12:00:48,489 [main] INFO  impl.RaftServerProxy (ConfUtils.java:logGet(43)) - raft.rpc.type = GRPC (default)
2019-09-19 12:00:48,552 [main] INFO  grpc.GrpcFactory (GrpcFactory.java:checkPooledByteBufAllocatorUseCacheForAllThreads(45)) - PERFORMANCE WARNING: useCacheForAllThreads is true that may cause Netty to create a lot garbage objects and, as a result, trigger GC.
	It is recommended to disable useCacheForAllThreads by setting -Dorg.apache.ratis.thirdparty.io.netty.allocator.useCacheForAllThreads=false in command line.
2019-09-19 12:00:48,556 [main] INFO  grpc.GrpcConfigKeys$Server (ConfUtils.java:logGet(43)) - raft.grpc.server.port = 0 (default)
2019-09-19 12:00:48,557 [main] INFO  server.GrpcService (ConfUtils.java:logGet(43)) - raft.grpc.message.size.max = 33570816 (custom)
2019-09-19 12:00:48,559 [main] INFO  server.RaftServerConfigKeys (ConfUtils.java:logGet(43)) - raft.server.log.appender.buffer.byte-limit = 33554432 (custom)
2019-09-19 12:00:48,560 [main] INFO  server.GrpcService (ConfUtils.java:logGet(43)) - raft.grpc.flow.control.window = 1MB (=1048576) (default)
2019-09-19 12:00:48,560 [main] INFO  server.RaftServerConfigKeys (ConfUtils.java:logGet(43)) - raft.server.rpc.request.timeout = 3000ms (default)
2019-09-19 12:00:48,730 [main] INFO  server.RaftServerConfigKeys (ConfUtils.java:logGet(43)) - raft.server.storage.dir = [/workdir/hadoop-ozone/integration-test/target/test-dir/MiniOzoneClusterImpl-d8add679-7105-42f6-bf2c-18911ac53160/datanode-0/data/ratis] (custom)
2019-09-19 12:00:48,797 [main] INFO  hdfs.DFSUtil (DFSUtil.java:httpServerTemplateForNNAndJN(1641)) - Starting Web-server for hddsDatanode at: http://0.0.0.0:0
2019-09-19 12:00:48,801 [main] INFO  server.AuthenticationFilter (AuthenticationFilter.java:constructSecretProvider(240)) - Unable to initialize FileSignerSecretProvider, falling back to use random secrets.
2019-09-19 12:00:48,802 [main] WARN  http.HttpRequestLog (HttpRequestLog.java:getRequestLog(97)) - Jetty request log can only be enabled using Log4j
2019-09-19 12:00:48,805 [main] INFO  http.HttpServer2 (HttpServer2.java:addGlobalFilter(975)) - Added global filter 'safety' (class=org.apache.hadoop.http.HttpServer2$QuotingInputFilter)
2019-09-19 12:00:48,806 [main] INFO  http.HttpServer2 (HttpServer2.java:addFilter(948)) - Added filter static_user_filter (class=org.apache.hadoop.http.lib.StaticUserWebFilter$StaticUserFilter) to context hddsDatanode
2019-09-19 12:00:48,806 [main] INFO  http.HttpServer2 (HttpServer2.java:addFilter(958)) - Added filter static_user_filter (class=org.apache.hadoop.http.lib.StaticUserWebFilter$StaticUserFilter) to context static
2019-09-19 12:00:48,807 [main] INFO  http.HttpServer2 (HttpServer2.java:addFilter(958)) - Added filter static_user_filter (class=org.apache.hadoop.http.lib.StaticUserWebFilter$StaticUserFilter) to context logs
2019-09-19 12:00:48,808 [main] INFO  http.HttpServer2 (HttpServer2.java:bindListener(1191)) - Jetty bound to port 35752
2019-09-19 12:00:48,809 [main] INFO  server.Server (Server.java:doStart(351)) - jetty-9.3.24.v20180605, build timestamp: 2018-06-05T17:11:56Z, git hash: 84205aa28f11a4f31f2a3b86d1bba2cc8ab69827
2019-09-19 12:00:48,812 [main] INFO  handler.ContextHandler (ContextHandler.java:doStart(781)) - Started o.e.j.s.ServletContextHandler@46c269e0{/logs,file:///workdir/hadoop-ozone/integration-test/target/log,AVAILABLE}
2019-09-19 12:00:48,813 [main] INFO  handler.ContextHandler (ContextHandler.java:doStart(781)) - Started o.e.j.s.ServletContextHandler@6069dd38{/static,jar:file:/home/user/.m2/repository/org/apache/hadoop/hadoop-hdds-container-service/0.5.0-SNAPSHOT/hadoop-hdds-container-service-0.5.0-SNAPSHOT.jar!/webapps/static,AVAILABLE}
2019-09-19 12:00:48,859 [main] INFO  handler.ContextHandler (ContextHandler.java:doStart(781)) - Started o.e.j.w.WebAppContext@7a0e7ecd{/,file:///tmp/jetty-0.0.0.0-35752-hddsDatanode-_-any-4332176985035815906.dir/webapp/,AVAILABLE}{/hddsDatanode}
2019-09-19 12:00:48,860 [main] INFO  server.AbstractConnector (AbstractConnector.java:doStart(278)) - Started ServerConnector@54e3658c{HTTP/1.1,[http/1.1]}{0.0.0.0:35752}
2019-09-19 12:00:48,861 [main] INFO  server.Server (Server.java:doStart(419)) - Started @5241ms
2019-09-19 12:00:48,861 [main] WARN  impl.MetricsSystemImpl (MetricsSystemImpl.java:register(276)) - Sink prometheus already exists!
2019-09-19 12:00:48,862 [main] INFO  server.BaseHttpServer (BaseHttpServer.java:updateConnectorAddress(215)) - HTTP server of HDDSDATANODE is listening at http://0.0.0.0:35752
2019-09-19 12:00:48,864 [main] INFO  impl.MetricsSystemImpl (MetricsSystemImpl.java:init(158)) - HddsDatanode metrics system started (again)
2019-09-19 12:00:48,867 [main] INFO  ozone.HddsDatanodeService (HddsDatanodeService.java:start(184)) - HddsDatanodeService host:pr-hdds-2153-g484h-410672627 ip:192.168.34.13
2019-09-19 12:00:48,870 [org.apache.hadoop.util.JvmPauseMonitor$Monitor@4c77c69] INFO  util.JvmPauseMonitor (JvmPauseMonitor.java:run(188)) - Starting JVM pause monitor
2019-09-19 12:00:48,879 [main] INFO  volume.HddsVolume (HddsVolume.java:<init>(176)) - Creating Volume: /workdir/hadoop-ozone/integration-test/target/test-dir/MiniOzoneClusterImpl-d8add679-7105-42f6-bf2c-18911ac53160/datanode-1/data/containers/hdds of  storage type : DISK and capacity : 1482555576320
2019-09-19 12:00:48,880 [main] INFO  volume.VolumeSet (VolumeSet.java:initializeVolumeSet(170)) - Added Volume : /workdir/hadoop-ozone/integration-test/target/test-dir/MiniOzoneClusterImpl-d8add679-7105-42f6-bf2c-18911ac53160/datanode-1/data/containers/hdds to VolumeSet
2019-09-19 12:00:48,880 [main] INFO  volume.ThrottledAsyncChecker (ThrottledAsyncChecker.java:schedule(139)) - Scheduling a check for org.apache.hadoop.ozone.container.common.volume.HddsVolume@e84fb85
2019-09-19 12:00:48,881 [main] INFO  volume.HddsVolumeChecker (HddsVolumeChecker.java:checkAllVolumes(202)) - Scheduled health check for volume org.apache.hadoop.ozone.container.common.volume.HddsVolume@e84fb85
2019-09-19 12:00:48,900 [main] INFO  impl.RaftServerProxy (ConfUtils.java:logGet(43)) - raft.rpc.type = GRPC (default)
2019-09-19 12:00:48,901 [main] INFO  grpc.GrpcFactory (GrpcFactory.java:checkPooledByteBufAllocatorUseCacheForAllThreads(45)) - PERFORMANCE WARNING: useCacheForAllThreads is true that may cause Netty to create a lot garbage objects and, as a result, trigger GC.
	It is recommended to disable useCacheForAllThreads by setting -Dorg.apache.ratis.thirdparty.io.netty.allocator.useCacheForAllThreads=false in command line.
2019-09-19 12:00:48,901 [main] INFO  grpc.GrpcConfigKeys$Server (ConfUtils.java:logGet(43)) - raft.grpc.server.port = 0 (default)
2019-09-19 12:00:48,901 [main] INFO  server.GrpcService (ConfUtils.java:logGet(43)) - raft.grpc.message.size.max = 33570816 (custom)
2019-09-19 12:00:48,902 [main] INFO  server.RaftServerConfigKeys (ConfUtils.java:logGet(43)) - raft.server.log.appender.buffer.byte-limit = 33554432 (custom)
2019-09-19 12:00:48,902 [main] INFO  server.GrpcService (ConfUtils.java:logGet(43)) - raft.grpc.flow.control.window = 1MB (=1048576) (default)
2019-09-19 12:00:48,902 [main] INFO  server.RaftServerConfigKeys (ConfUtils.java:logGet(43)) - raft.server.rpc.request.timeout = 3000ms (default)
2019-09-19 12:00:48,903 [main] INFO  server.RaftServerConfigKeys (ConfUtils.java:logGet(43)) - raft.server.storage.dir = [/workdir/hadoop-ozone/integration-test/target/test-dir/MiniOzoneClusterImpl-d8add679-7105-42f6-bf2c-18911ac53160/datanode-1/data/ratis] (custom)
2019-09-19 12:00:48,905 [main] INFO  hdfs.DFSUtil (DFSUtil.java:httpServerTemplateForNNAndJN(1641)) - Starting Web-server for hddsDatanode at: http://0.0.0.0:0
2019-09-19 12:00:48,907 [main] INFO  server.AuthenticationFilter (AuthenticationFilter.java:constructSecretProvider(240)) - Unable to initialize FileSignerSecretProvider, falling back to use random secrets.
2019-09-19 12:00:48,908 [main] WARN  http.HttpRequestLog (HttpRequestLog.java:getRequestLog(97)) - Jetty request log can only be enabled using Log4j
2019-09-19 12:00:48,910 [main] INFO  http.HttpServer2 (HttpServer2.java:addGlobalFilter(975)) - Added global filter 'safety' (class=org.apache.hadoop.http.HttpServer2$QuotingInputFilter)
2019-09-19 12:00:48,911 [main] INFO  http.HttpServer2 (HttpServer2.java:addFilter(948)) - Added filter static_user_filter (class=org.apache.hadoop.http.lib.StaticUserWebFilter$StaticUserFilter) to context hddsDatanode
2019-09-19 12:00:48,911 [main] INFO  http.HttpServer2 (HttpServer2.java:addFilter(958)) - Added filter static_user_filter (class=org.apache.hadoop.http.lib.StaticUserWebFilter$StaticUserFilter) to context static
2019-09-19 12:00:48,912 [main] INFO  http.HttpServer2 (HttpServer2.java:addFilter(958)) - Added filter static_user_filter (class=org.apache.hadoop.http.lib.StaticUserWebFilter$StaticUserFilter) to context logs
2019-09-19 12:00:48,913 [main] INFO  http.HttpServer2 (HttpServer2.java:bindListener(1191)) - Jetty bound to port 40196
2019-09-19 12:00:48,913 [main] INFO  server.Server (Server.java:doStart(351)) - jetty-9.3.24.v20180605, build timestamp: 2018-06-05T17:11:56Z, git hash: 84205aa28f11a4f31f2a3b86d1bba2cc8ab69827
2019-09-19 12:00:48,917 [main] INFO  handler.ContextHandler (ContextHandler.java:doStart(781)) - Started o.e.j.s.ServletContextHandler@15400fff{/logs,file:///workdir/hadoop-ozone/integration-test/target/log,AVAILABLE}
2019-09-19 12:00:48,917 [main] INFO  handler.ContextHandler (ContextHandler.java:doStart(781)) - Started o.e.j.s.ServletContextHandler@1e7ab390{/static,jar:file:/home/user/.m2/repository/org/apache/hadoop/hadoop-hdds-container-service/0.5.0-SNAPSHOT/hadoop-hdds-container-service-0.5.0-SNAPSHOT.jar!/webapps/static,AVAILABLE}
2019-09-19 12:00:48,953 [main] INFO  handler.ContextHandler (ContextHandler.java:doStart(781)) - Started o.e.j.w.WebAppContext@6f94a5a5{/,file:///tmp/jetty-0.0.0.0-40196-hddsDatanode-_-any-3796696364562901967.dir/webapp/,AVAILABLE}{/hddsDatanode}
2019-09-19 12:00:48,955 [main] INFO  server.AbstractConnector (AbstractConnector.java:doStart(278)) - Started ServerConnector@455c1d8c{HTTP/1.1,[http/1.1]}{0.0.0.0:40196}
2019-09-19 12:00:48,955 [main] INFO  server.Server (Server.java:doStart(419)) - Started @5336ms
2019-09-19 12:00:48,956 [main] WARN  impl.MetricsSystemImpl (MetricsSystemImpl.java:register(276)) - Sink prometheus already exists!
2019-09-19 12:00:48,957 [main] INFO  server.BaseHttpServer (BaseHttpServer.java:updateConnectorAddress(215)) - HTTP server of HDDSDATANODE is listening at http://0.0.0.0:40196
2019-09-19 12:00:48,957 [main] INFO  impl.MetricsSystemImpl (MetricsSystemImpl.java:init(158)) - HddsDatanode metrics system started (again)
2019-09-19 12:00:48,960 [main] INFO  ozone.HddsDatanodeService (HddsDatanodeService.java:start(184)) - HddsDatanodeService host:pr-hdds-2153-g484h-410672627 ip:192.168.34.13
2019-09-19 12:00:48,960 [org.apache.hadoop.util.JvmPauseMonitor$Monitor@6cbba6f1] INFO  util.JvmPauseMonitor (JvmPauseMonitor.java:run(188)) - Starting JVM pause monitor
2019-09-19 12:00:48,968 [main] INFO  volume.HddsVolume (HddsVolume.java:<init>(176)) - Creating Volume: /workdir/hadoop-ozone/integration-test/target/test-dir/MiniOzoneClusterImpl-d8add679-7105-42f6-bf2c-18911ac53160/datanode-2/data/containers/hdds of  storage type : DISK and capacity : 1482555576320
2019-09-19 12:00:48,968 [main] INFO  volume.VolumeSet (VolumeSet.java:initializeVolumeSet(170)) - Added Volume : /workdir/hadoop-ozone/integration-test/target/test-dir/MiniOzoneClusterImpl-d8add679-7105-42f6-bf2c-18911ac53160/datanode-2/data/containers/hdds to VolumeSet
2019-09-19 12:00:48,969 [main] INFO  volume.ThrottledAsyncChecker (ThrottledAsyncChecker.java:schedule(139)) - Scheduling a check for org.apache.hadoop.ozone.container.common.volume.HddsVolume@524a076e
2019-09-19 12:00:48,969 [main] INFO  volume.HddsVolumeChecker (HddsVolumeChecker.java:checkAllVolumes(202)) - Scheduled health check for volume org.apache.hadoop.ozone.container.common.volume.HddsVolume@524a076e
2019-09-19 12:00:48,976 [Datanode State Machine Thread - 0] INFO  datanode.InitDatanodeState (InitDatanodeState.java:persistContainerDatanodeDetails(140)) - DatanodeDetails is persisted to /workdir/hadoop-ozone/integration-test/target/test-dir/MiniOzoneClusterImpl-d8add679-7105-42f6-bf2c-18911ac53160/datanode-0/meta/datanode.id
2019-09-19 12:00:48,980 [Datanode State Machine Thread - 0] INFO  datanode.InitDatanodeState (InitDatanodeState.java:persistContainerDatanodeDetails(140)) - DatanodeDetails is persisted to /workdir/hadoop-ozone/integration-test/target/test-dir/MiniOzoneClusterImpl-d8add679-7105-42f6-bf2c-18911ac53160/datanode-1/meta/datanode.id
2019-09-19 12:00:48,984 [main] INFO  impl.RaftServerProxy (ConfUtils.java:logGet(43)) - raft.rpc.type = GRPC (default)
2019-09-19 12:00:48,984 [main] INFO  grpc.GrpcFactory (GrpcFactory.java:checkPooledByteBufAllocatorUseCacheForAllThreads(45)) - PERFORMANCE WARNING: useCacheForAllThreads is true that may cause Netty to create a lot garbage objects and, as a result, trigger GC.
	It is recommended to disable useCacheForAllThreads by setting -Dorg.apache.ratis.thirdparty.io.netty.allocator.useCacheForAllThreads=false in command line.
2019-09-19 12:00:48,985 [main] INFO  grpc.GrpcConfigKeys$Server (ConfUtils.java:logGet(43)) - raft.grpc.server.port = 0 (default)
2019-09-19 12:00:48,985 [main] INFO  server.GrpcService (ConfUtils.java:logGet(43)) - raft.grpc.message.size.max = 33570816 (custom)
2019-09-19 12:00:48,985 [main] INFO  server.RaftServerConfigKeys (ConfUtils.java:logGet(43)) - raft.server.log.appender.buffer.byte-limit = 33554432 (custom)
2019-09-19 12:00:48,985 [main] INFO  server.GrpcService (ConfUtils.java:logGet(43)) - raft.grpc.flow.control.window = 1MB (=1048576) (default)
2019-09-19 12:00:48,986 [main] INFO  server.RaftServerConfigKeys (ConfUtils.java:logGet(43)) - raft.server.rpc.request.timeout = 3000ms (default)
2019-09-19 12:00:48,986 [main] INFO  server.RaftServerConfigKeys (ConfUtils.java:logGet(43)) - raft.server.storage.dir = [/workdir/hadoop-ozone/integration-test/target/test-dir/MiniOzoneClusterImpl-d8add679-7105-42f6-bf2c-18911ac53160/datanode-2/data/ratis] (custom)
2019-09-19 12:00:48,989 [main] INFO  hdfs.DFSUtil (DFSUtil.java:httpServerTemplateForNNAndJN(1641)) - Starting Web-server for hddsDatanode at: http://0.0.0.0:0
2019-09-19 12:00:48,990 [main] INFO  server.AuthenticationFilter (AuthenticationFilter.java:constructSecretProvider(240)) - Unable to initialize FileSignerSecretProvider, falling back to use random secrets.
2019-09-19 12:00:48,990 [main] WARN  http.HttpRequestLog (HttpRequestLog.java:getRequestLog(97)) - Jetty request log can only be enabled using Log4j
2019-09-19 12:00:48,992 [main] INFO  http.HttpServer2 (HttpServer2.java:addGlobalFilter(975)) - Added global filter 'safety' (class=org.apache.hadoop.http.HttpServer2$QuotingInputFilter)
2019-09-19 12:00:48,992 [main] INFO  http.HttpServer2 (HttpServer2.java:addFilter(948)) - Added filter static_user_filter (class=org.apache.hadoop.http.lib.StaticUserWebFilter$StaticUserFilter) to context hddsDatanode
2019-09-19 12:00:48,993 [main] INFO  http.HttpServer2 (HttpServer2.java:addFilter(958)) - Added filter static_user_filter (class=org.apache.hadoop.http.lib.StaticUserWebFilter$StaticUserFilter) to context static
2019-09-19 12:00:48,993 [main] INFO  http.HttpServer2 (HttpServer2.java:addFilter(958)) - Added filter static_user_filter (class=org.apache.hadoop.http.lib.StaticUserWebFilter$StaticUserFilter) to context logs
2019-09-19 12:00:48,993 [main] INFO  http.HttpServer2 (HttpServer2.java:bindListener(1191)) - Jetty bound to port 40887
2019-09-19 12:00:48,994 [main] INFO  server.Server (Server.java:doStart(351)) - jetty-9.3.24.v20180605, build timestamp: 2018-06-05T17:11:56Z, git hash: 84205aa28f11a4f31f2a3b86d1bba2cc8ab69827
2019-09-19 12:00:48,996 [main] INFO  handler.ContextHandler (ContextHandler.java:doStart(781)) - Started o.e.j.s.ServletContextHandler@2e66bc32{/logs,file:///workdir/hadoop-ozone/integration-test/target/log,AVAILABLE}
2019-09-19 12:00:48,996 [main] INFO  handler.ContextHandler (ContextHandler.java:doStart(781)) - Started o.e.j.s.ServletContextHandler@4b65d9f4{/static,jar:file:/home/user/.m2/repository/org/apache/hadoop/hadoop-hdds-container-service/0.5.0-SNAPSHOT/hadoop-hdds-container-service-0.5.0-SNAPSHOT.jar!/webapps/static,AVAILABLE}
2019-09-19 12:00:49,025 [main] INFO  handler.ContextHandler (ContextHandler.java:doStart(781)) - Started o.e.j.w.WebAppContext@4745e9c{/,file:///tmp/jetty-0.0.0.0-40887-hddsDatanode-_-any-2049572693623894848.dir/webapp/,AVAILABLE}{/hddsDatanode}
2019-09-19 12:00:49,026 [main] INFO  server.AbstractConnector (AbstractConnector.java:doStart(278)) - Started ServerConnector@2f2bff16{HTTP/1.1,[http/1.1]}{0.0.0.0:40887}
2019-09-19 12:00:49,026 [main] INFO  server.Server (Server.java:doStart(419)) - Started @5407ms
2019-09-19 12:00:49,027 [main] WARN  impl.MetricsSystemImpl (MetricsSystemImpl.java:register(276)) - Sink prometheus already exists!
2019-09-19 12:00:49,028 [main] INFO  server.BaseHttpServer (BaseHttpServer.java:updateConnectorAddress(215)) - HTTP server of HDDSDATANODE is listening at http://0.0.0.0:40887
2019-09-19 12:00:49,029 [main] INFO  impl.MetricsSystemImpl (MetricsSystemImpl.java:init(158)) - HddsDatanode metrics system started (again)
2019-09-19 12:00:49,031 [main] INFO  ozone.HddsDatanodeService (HddsDatanodeService.java:start(184)) - HddsDatanodeService host:pr-hdds-2153-g484h-410672627 ip:192.168.34.13
2019-09-19 12:00:49,032 [org.apache.hadoop.util.JvmPauseMonitor$Monitor@68e52e99] INFO  util.JvmPauseMonitor (JvmPauseMonitor.java:run(188)) - Starting JVM pause monitor
2019-09-19 12:00:49,035 [Datanode State Machine Thread - 0] INFO  datanode.InitDatanodeState (InitDatanodeState.java:persistContainerDatanodeDetails(140)) - DatanodeDetails is persisted to /workdir/hadoop-ozone/integration-test/target/test-dir/MiniOzoneClusterImpl-d8add679-7105-42f6-bf2c-18911ac53160/datanode-2/meta/datanode.id
2019-09-19 12:00:49,039 [main] INFO  volume.HddsVolume (HddsVolume.java:<init>(176)) - Creating Volume: /workdir/hadoop-ozone/integration-test/target/test-dir/MiniOzoneClusterImpl-d8add679-7105-42f6-bf2c-18911ac53160/datanode-3/data/containers/hdds of  storage type : DISK and capacity : 1482555576320
2019-09-19 12:00:49,040 [main] INFO  volume.VolumeSet (VolumeSet.java:initializeVolumeSet(170)) - Added Volume : /workdir/hadoop-ozone/integration-test/target/test-dir/MiniOzoneClusterImpl-d8add679-7105-42f6-bf2c-18911ac53160/datanode-3/data/containers/hdds to VolumeSet
2019-09-19 12:00:49,040 [main] INFO  volume.ThrottledAsyncChecker (ThrottledAsyncChecker.java:schedule(139)) - Scheduling a check for org.apache.hadoop.ozone.container.common.volume.HddsVolume@dc4a691
2019-09-19 12:00:49,041 [main] INFO  volume.HddsVolumeChecker (HddsVolumeChecker.java:checkAllVolumes(202)) - Scheduled health check for volume org.apache.hadoop.ozone.container.common.volume.HddsVolume@dc4a691
2019-09-19 12:00:49,054 [main] INFO  impl.RaftServerProxy (ConfUtils.java:logGet(43)) - raft.rpc.type = GRPC (default)
2019-09-19 12:00:49,054 [main] INFO  grpc.GrpcFactory (GrpcFactory.java:checkPooledByteBufAllocatorUseCacheForAllThreads(45)) - PERFORMANCE WARNING: useCacheForAllThreads is true that may cause Netty to create a lot garbage objects and, as a result, trigger GC.
	It is recommended to disable useCacheForAllThreads by setting -Dorg.apache.ratis.thirdparty.io.netty.allocator.useCacheForAllThreads=false in command line.
2019-09-19 12:00:49,054 [main] INFO  grpc.GrpcConfigKeys$Server (ConfUtils.java:logGet(43)) - raft.grpc.server.port = 0 (default)
2019-09-19 12:00:49,054 [main] INFO  server.GrpcService (ConfUtils.java:logGet(43)) - raft.grpc.message.size.max = 33570816 (custom)
2019-09-19 12:00:49,055 [main] INFO  server.RaftServerConfigKeys (ConfUtils.java:logGet(43)) - raft.server.log.appender.buffer.byte-limit = 33554432 (custom)
2019-09-19 12:00:49,055 [main] INFO  server.GrpcService (ConfUtils.java:logGet(43)) - raft.grpc.flow.control.window = 1MB (=1048576) (default)
2019-09-19 12:00:49,055 [main] INFO  server.RaftServerConfigKeys (ConfUtils.java:logGet(43)) - raft.server.rpc.request.timeout = 3000ms (default)
2019-09-19 12:00:49,056 [main] INFO  server.RaftServerConfigKeys (ConfUtils.java:logGet(43)) - raft.server.storage.dir = [/workdir/hadoop-ozone/integration-test/target/test-dir/MiniOzoneClusterImpl-d8add679-7105-42f6-bf2c-18911ac53160/datanode-3/data/ratis] (custom)
2019-09-19 12:00:49,057 [main] INFO  hdfs.DFSUtil (DFSUtil.java:httpServerTemplateForNNAndJN(1641)) - Starting Web-server for hddsDatanode at: http://0.0.0.0:0
2019-09-19 12:00:49,059 [main] INFO  server.AuthenticationFilter (AuthenticationFilter.java:constructSecretProvider(240)) - Unable to initialize FileSignerSecretProvider, falling back to use random secrets.
2019-09-19 12:00:49,060 [main] WARN  http.HttpRequestLog (HttpRequestLog.java:getRequestLog(97)) - Jetty request log can only be enabled using Log4j
2019-09-19 12:00:49,062 [main] INFO  http.HttpServer2 (HttpServer2.java:addGlobalFilter(975)) - Added global filter 'safety' (class=org.apache.hadoop.http.HttpServer2$QuotingInputFilter)
2019-09-19 12:00:49,063 [main] INFO  http.HttpServer2 (HttpServer2.java:addFilter(948)) - Added filter static_user_filter (class=org.apache.hadoop.http.lib.StaticUserWebFilter$StaticUserFilter) to context hddsDatanode
2019-09-19 12:00:49,063 [main] INFO  http.HttpServer2 (HttpServer2.java:addFilter(958)) - Added filter static_user_filter (class=org.apache.hadoop.http.lib.StaticUserWebFilter$StaticUserFilter) to context static
2019-09-19 12:00:49,064 [main] INFO  http.HttpServer2 (HttpServer2.java:addFilter(958)) - Added filter static_user_filter (class=org.apache.hadoop.http.lib.StaticUserWebFilter$StaticUserFilter) to context logs
2019-09-19 12:00:49,065 [main] INFO  http.HttpServer2 (HttpServer2.java:bindListener(1191)) - Jetty bound to port 46433
2019-09-19 12:00:49,065 [main] INFO  server.Server (Server.java:doStart(351)) - jetty-9.3.24.v20180605, build timestamp: 2018-06-05T17:11:56Z, git hash: 84205aa28f11a4f31f2a3b86d1bba2cc8ab69827
2019-09-19 12:00:49,071 [main] INFO  handler.ContextHandler (ContextHandler.java:doStart(781)) - Started o.e.j.s.ServletContextHandler@517a2b0{/logs,file:///workdir/hadoop-ozone/integration-test/target/log,AVAILABLE}
2019-09-19 12:00:49,072 [main] INFO  handler.ContextHandler (ContextHandler.java:doStart(781)) - Started o.e.j.s.ServletContextHandler@36480b2d{/static,jar:file:/home/user/.m2/repository/org/apache/hadoop/hadoop-hdds-container-service/0.5.0-SNAPSHOT/hadoop-hdds-container-service-0.5.0-SNAPSHOT.jar!/webapps/static,AVAILABLE}
2019-09-19 12:00:49,107 [main] INFO  handler.ContextHandler (ContextHandler.java:doStart(781)) - Started o.e.j.w.WebAppContext@1fb2d5e{/,file:///tmp/jetty-0.0.0.0-46433-hddsDatanode-_-any-4116245057810957824.dir/webapp/,AVAILABLE}{/hddsDatanode}
2019-09-19 12:00:49,109 [main] INFO  server.AbstractConnector (AbstractConnector.java:doStart(278)) - Started ServerConnector@1716e8c5{HTTP/1.1,[http/1.1]}{0.0.0.0:46433}
2019-09-19 12:00:49,111 [main] INFO  server.Server (Server.java:doStart(419)) - Started @5490ms
2019-09-19 12:00:49,111 [main] WARN  impl.MetricsSystemImpl (MetricsSystemImpl.java:register(276)) - Sink prometheus already exists!
2019-09-19 12:00:49,112 [main] INFO  server.BaseHttpServer (BaseHttpServer.java:updateConnectorAddress(215)) - HTTP server of HDDSDATANODE is listening at http://0.0.0.0:46433
2019-09-19 12:00:49,113 [main] INFO  impl.MetricsSystemImpl (MetricsSystemImpl.java:init(158)) - HddsDatanode metrics system started (again)
2019-09-19 12:00:49,117 [org.apache.hadoop.util.JvmPauseMonitor$Monitor@7fc15aca] INFO  util.JvmPauseMonitor (JvmPauseMonitor.java:run(188)) - Starting JVM pause monitor
2019-09-19 12:00:49,117 [main] INFO  ozone.HddsDatanodeService (HddsDatanodeService.java:start(184)) - HddsDatanodeService host:pr-hdds-2153-g484h-410672627 ip:192.168.34.13
2019-09-19 12:00:49,120 [Datanode State Machine Thread - 0] INFO  datanode.InitDatanodeState (InitDatanodeState.java:persistContainerDatanodeDetails(140)) - DatanodeDetails is persisted to /workdir/hadoop-ozone/integration-test/target/test-dir/MiniOzoneClusterImpl-d8add679-7105-42f6-bf2c-18911ac53160/datanode-3/meta/datanode.id
2019-09-19 12:00:49,126 [main] INFO  volume.HddsVolume (HddsVolume.java:<init>(176)) - Creating Volume: /workdir/hadoop-ozone/integration-test/target/test-dir/MiniOzoneClusterImpl-d8add679-7105-42f6-bf2c-18911ac53160/datanode-4/data/containers/hdds of  storage type : DISK and capacity : 1482555576320
2019-09-19 12:00:49,127 [main] INFO  volume.VolumeSet (VolumeSet.java:initializeVolumeSet(170)) - Added Volume : /workdir/hadoop-ozone/integration-test/target/test-dir/MiniOzoneClusterImpl-d8add679-7105-42f6-bf2c-18911ac53160/datanode-4/data/containers/hdds to VolumeSet
2019-09-19 12:00:49,127 [main] INFO  volume.ThrottledAsyncChecker (ThrottledAsyncChecker.java:schedule(139)) - Scheduling a check for org.apache.hadoop.ozone.container.common.volume.HddsVolume@44f24a20
2019-09-19 12:00:49,128 [main] INFO  volume.HddsVolumeChecker (HddsVolumeChecker.java:checkAllVolumes(202)) - Scheduled health check for volume org.apache.hadoop.ozone.container.common.volume.HddsVolume@44f24a20
2019-09-19 12:00:49,144 [main] INFO  impl.RaftServerProxy (ConfUtils.java:logGet(43)) - raft.rpc.type = GRPC (default)
2019-09-19 12:00:49,144 [main] INFO  grpc.GrpcFactory (GrpcFactory.java:checkPooledByteBufAllocatorUseCacheForAllThreads(45)) - PERFORMANCE WARNING: useCacheForAllThreads is true that may cause Netty to create a lot garbage objects and, as a result, trigger GC.
	It is recommended to disable useCacheForAllThreads by setting -Dorg.apache.ratis.thirdparty.io.netty.allocator.useCacheForAllThreads=false in command line.
2019-09-19 12:00:49,144 [main] INFO  grpc.GrpcConfigKeys$Server (ConfUtils.java:logGet(43)) - raft.grpc.server.port = 0 (default)
2019-09-19 12:00:49,145 [main] INFO  server.GrpcService (ConfUtils.java:logGet(43)) - raft.grpc.message.size.max = 33570816 (custom)
2019-09-19 12:00:49,145 [main] INFO  server.RaftServerConfigKeys (ConfUtils.java:logGet(43)) - raft.server.log.appender.buffer.byte-limit = 33554432 (custom)
2019-09-19 12:00:49,145 [main] INFO  server.GrpcService (ConfUtils.java:logGet(43)) - raft.grpc.flow.control.window = 1MB (=1048576) (default)
2019-09-19 12:00:49,146 [main] INFO  server.RaftServerConfigKeys (ConfUtils.java:logGet(43)) - raft.server.rpc.request.timeout = 3000ms (default)
2019-09-19 12:00:49,146 [main] INFO  server.RaftServerConfigKeys (ConfUtils.java:logGet(43)) - raft.server.storage.dir = [/workdir/hadoop-ozone/integration-test/target/test-dir/MiniOzoneClusterImpl-d8add679-7105-42f6-bf2c-18911ac53160/datanode-4/data/ratis] (custom)
2019-09-19 12:00:49,148 [main] INFO  hdfs.DFSUtil (DFSUtil.java:httpServerTemplateForNNAndJN(1641)) - Starting Web-server for hddsDatanode at: http://0.0.0.0:0
2019-09-19 12:00:49,150 [main] INFO  server.AuthenticationFilter (AuthenticationFilter.java:constructSecretProvider(240)) - Unable to initialize FileSignerSecretProvider, falling back to use random secrets.
2019-09-19 12:00:49,151 [main] WARN  http.HttpRequestLog (HttpRequestLog.java:getRequestLog(97)) - Jetty request log can only be enabled using Log4j
2019-09-19 12:00:49,154 [main] INFO  http.HttpServer2 (HttpServer2.java:addGlobalFilter(975)) - Added global filter 'safety' (class=org.apache.hadoop.http.HttpServer2$QuotingInputFilter)
2019-09-19 12:00:49,155 [main] INFO  http.HttpServer2 (HttpServer2.java:addFilter(948)) - Added filter static_user_filter (class=org.apache.hadoop.http.lib.StaticUserWebFilter$StaticUserFilter) to context hddsDatanode
2019-09-19 12:00:49,155 [main] INFO  http.HttpServer2 (HttpServer2.java:addFilter(958)) - Added filter static_user_filter (class=org.apache.hadoop.http.lib.StaticUserWebFilter$StaticUserFilter) to context static
2019-09-19 12:00:49,155 [main] INFO  http.HttpServer2 (HttpServer2.java:addFilter(958)) - Added filter static_user_filter (class=org.apache.hadoop.http.lib.StaticUserWebFilter$StaticUserFilter) to context logs
2019-09-19 12:00:49,157 [main] INFO  http.HttpServer2 (HttpServer2.java:bindListener(1191)) - Jetty bound to port 43077
2019-09-19 12:00:49,157 [main] INFO  server.Server (Server.java:doStart(351)) - jetty-9.3.24.v20180605, build timestamp: 2018-06-05T17:11:56Z, git hash: 84205aa28f11a4f31f2a3b86d1bba2cc8ab69827
2019-09-19 12:00:49,160 [main] INFO  handler.ContextHandler (ContextHandler.java:doStart(781)) - Started o.e.j.s.ServletContextHandler@333c8791{/logs,file:///workdir/hadoop-ozone/integration-test/target/log,AVAILABLE}
2019-09-19 12:00:49,161 [main] INFO  handler.ContextHandler (ContextHandler.java:doStart(781)) - Started o.e.j.s.ServletContextHandler@22eaa86e{/static,jar:file:/home/user/.m2/repository/org/apache/hadoop/hadoop-hdds-container-service/0.5.0-SNAPSHOT/hadoop-hdds-container-service-0.5.0-SNAPSHOT.jar!/webapps/static,AVAILABLE}
2019-09-19 12:00:49,207 [main] INFO  handler.ContextHandler (ContextHandler.java:doStart(781)) - Started o.e.j.w.WebAppContext@a5272be{/,file:///tmp/jetty-0.0.0.0-43077-hddsDatanode-_-any-3164744552070350817.dir/webapp/,AVAILABLE}{/hddsDatanode}
2019-09-19 12:00:49,208 [main] INFO  server.AbstractConnector (AbstractConnector.java:doStart(278)) - Started ServerConnector@58ba5b30{HTTP/1.1,[http/1.1]}{0.0.0.0:43077}
2019-09-19 12:00:49,210 [main] INFO  server.Server (Server.java:doStart(419)) - Started @5590ms
2019-09-19 12:00:49,214 [main] WARN  impl.MetricsSystemImpl (MetricsSystemImpl.java:register(276)) - Sink prometheus already exists!
2019-09-19 12:00:49,215 [main] INFO  server.BaseHttpServer (BaseHttpServer.java:updateConnectorAddress(215)) - HTTP server of HDDSDATANODE is listening at http://0.0.0.0:43077
2019-09-19 12:00:49,216 [main] INFO  impl.MetricsSystemImpl (MetricsSystemImpl.java:init(158)) - HddsDatanode metrics system started (again)
2019-09-19 12:00:49,221 [org.apache.hadoop.util.JvmPauseMonitor$Monitor@54dfc30e] INFO  util.JvmPauseMonitor (JvmPauseMonitor.java:run(188)) - Starting JVM pause monitor
2019-09-19 12:00:49,221 [main] INFO  ozone.HddsDatanodeService (HddsDatanodeService.java:start(184)) - HddsDatanodeService host:pr-hdds-2153-g484h-410672627 ip:192.168.34.13
2019-09-19 12:00:49,224 [Datanode State Machine Thread - 0] INFO  datanode.InitDatanodeState (InitDatanodeState.java:persistContainerDatanodeDetails(140)) - DatanodeDetails is persisted to /workdir/hadoop-ozone/integration-test/target/test-dir/MiniOzoneClusterImpl-d8add679-7105-42f6-bf2c-18911ac53160/datanode-4/meta/datanode.id
2019-09-19 12:00:49,231 [main] INFO  volume.HddsVolume (HddsVolume.java:<init>(176)) - Creating Volume: /workdir/hadoop-ozone/integration-test/target/test-dir/MiniOzoneClusterImpl-d8add679-7105-42f6-bf2c-18911ac53160/datanode-5/data/containers/hdds of  storage type : DISK and capacity : 1482555576320
2019-09-19 12:00:49,232 [main] INFO  volume.VolumeSet (VolumeSet.java:initializeVolumeSet(170)) - Added Volume : /workdir/hadoop-ozone/integration-test/target/test-dir/MiniOzoneClusterImpl-d8add679-7105-42f6-bf2c-18911ac53160/datanode-5/data/containers/hdds to VolumeSet
2019-09-19 12:00:49,232 [main] INFO  volume.ThrottledAsyncChecker (ThrottledAsyncChecker.java:schedule(139)) - Scheduling a check for org.apache.hadoop.ozone.container.common.volume.HddsVolume@127a7272
2019-09-19 12:00:49,233 [main] INFO  volume.HddsVolumeChecker (HddsVolumeChecker.java:checkAllVolumes(202)) - Scheduled health check for volume org.apache.hadoop.ozone.container.common.volume.HddsVolume@127a7272
2019-09-19 12:00:49,257 [main] INFO  impl.RaftServerProxy (ConfUtils.java:logGet(43)) - raft.rpc.type = GRPC (default)
2019-09-19 12:00:49,257 [main] INFO  grpc.GrpcFactory (GrpcFactory.java:checkPooledByteBufAllocatorUseCacheForAllThreads(45)) - PERFORMANCE WARNING: useCacheForAllThreads is true that may cause Netty to create a lot garbage objects and, as a result, trigger GC.
	It is recommended to disable useCacheForAllThreads by setting -Dorg.apache.ratis.thirdparty.io.netty.allocator.useCacheForAllThreads=false in command line.
2019-09-19 12:00:49,258 [main] INFO  grpc.GrpcConfigKeys$Server (ConfUtils.java:logGet(43)) - raft.grpc.server.port = 0 (default)
2019-09-19 12:00:49,258 [main] INFO  server.GrpcService (ConfUtils.java:logGet(43)) - raft.grpc.message.size.max = 33570816 (custom)
2019-09-19 12:00:49,258 [main] INFO  server.RaftServerConfigKeys (ConfUtils.java:logGet(43)) - raft.server.log.appender.buffer.byte-limit = 33554432 (custom)
2019-09-19 12:00:49,259 [main] INFO  server.GrpcService (ConfUtils.java:logGet(43)) - raft.grpc.flow.control.window = 1MB (=1048576) (default)
2019-09-19 12:00:49,259 [main] INFO  server.RaftServerConfigKeys (ConfUtils.java:logGet(43)) - raft.server.rpc.request.timeout = 3000ms (default)
2019-09-19 12:00:49,260 [main] INFO  server.RaftServerConfigKeys (ConfUtils.java:logGet(43)) - raft.server.storage.dir = [/workdir/hadoop-ozone/integration-test/target/test-dir/MiniOzoneClusterImpl-d8add679-7105-42f6-bf2c-18911ac53160/datanode-5/data/ratis] (custom)
2019-09-19 12:00:49,262 [main] INFO  hdfs.DFSUtil (DFSUtil.java:httpServerTemplateForNNAndJN(1641)) - Starting Web-server for hddsDatanode at: http://0.0.0.0:0
2019-09-19 12:00:49,265 [main] INFO  server.AuthenticationFilter (AuthenticationFilter.java:constructSecretProvider(240)) - Unable to initialize FileSignerSecretProvider, falling back to use random secrets.
2019-09-19 12:00:49,265 [main] WARN  http.HttpRequestLog (HttpRequestLog.java:getRequestLog(97)) - Jetty request log can only be enabled using Log4j
2019-09-19 12:00:49,267 [main] INFO  http.HttpServer2 (HttpServer2.java:addGlobalFilter(975)) - Added global filter 'safety' (class=org.apache.hadoop.http.HttpServer2$QuotingInputFilter)
2019-09-19 12:00:49,268 [main] INFO  http.HttpServer2 (HttpServer2.java:addFilter(948)) - Added filter static_user_filter (class=org.apache.hadoop.http.lib.StaticUserWebFilter$StaticUserFilter) to context hddsDatanode
2019-09-19 12:00:49,268 [main] INFO  http.HttpServer2 (HttpServer2.java:addFilter(958)) - Added filter static_user_filter (class=org.apache.hadoop.http.lib.StaticUserWebFilter$StaticUserFilter) to context logs
2019-09-19 12:00:49,269 [main] INFO  http.HttpServer2 (HttpServer2.java:addFilter(958)) - Added filter static_user_filter (class=org.apache.hadoop.http.lib.StaticUserWebFilter$StaticUserFilter) to context static
2019-09-19 12:00:49,270 [main] INFO  http.HttpServer2 (HttpServer2.java:bindListener(1191)) - Jetty bound to port 35834
2019-09-19 12:00:49,270 [main] INFO  server.Server (Server.java:doStart(351)) - jetty-9.3.24.v20180605, build timestamp: 2018-06-05T17:11:56Z, git hash: 84205aa28f11a4f31f2a3b86d1bba2cc8ab69827
2019-09-19 12:00:49,272 [main] INFO  handler.ContextHandler (ContextHandler.java:doStart(781)) - Started o.e.j.s.ServletContextHandler@4596f8f3{/logs,file:///workdir/hadoop-ozone/integration-test/target/log,AVAILABLE}
2019-09-19 12:00:49,273 [main] INFO  handler.ContextHandler (ContextHandler.java:doStart(781)) - Started o.e.j.s.ServletContextHandler@117d32e{/static,jar:file:/home/user/.m2/repository/org/apache/hadoop/hadoop-hdds-container-service/0.5.0-SNAPSHOT/hadoop-hdds-container-service-0.5.0-SNAPSHOT.jar!/webapps/static,AVAILABLE}
2019-09-19 12:00:49,316 [main] INFO  handler.ContextHandler (ContextHandler.java:doStart(781)) - Started o.e.j.w.WebAppContext@272ce069{/,file:///tmp/jetty-0.0.0.0-35834-hddsDatanode-_-any-5037234563337120994.dir/webapp/,AVAILABLE}{/hddsDatanode}
2019-09-19 12:00:49,319 [main] INFO  server.AbstractConnector (AbstractConnector.java:doStart(278)) - Started ServerConnector@3d7fb838{HTTP/1.1,[http/1.1]}{0.0.0.0:35834}
2019-09-19 12:00:49,320 [main] INFO  server.Server (Server.java:doStart(419)) - Started @5700ms
2019-09-19 12:00:49,320 [main] WARN  impl.MetricsSystemImpl (MetricsSystemImpl.java:register(276)) - Sink prometheus already exists!
2019-09-19 12:00:49,322 [main] INFO  server.BaseHttpServer (BaseHttpServer.java:updateConnectorAddress(215)) - HTTP server of HDDSDATANODE is listening at http://0.0.0.0:35834
2019-09-19 12:00:49,323 [main] INFO  impl.MetricsSystemImpl (MetricsSystemImpl.java:init(158)) - HddsDatanode metrics system started (again)
2019-09-19 12:00:49,330 [org.apache.hadoop.util.JvmPauseMonitor$Monitor@72a14180] INFO  util.JvmPauseMonitor (JvmPauseMonitor.java:run(188)) - Starting JVM pause monitor
2019-09-19 12:00:49,332 [main] INFO  ozone.HddsDatanodeService (HddsDatanodeService.java:start(184)) - HddsDatanodeService host:pr-hdds-2153-g484h-410672627 ip:192.168.34.13
2019-09-19 12:00:49,334 [Datanode State Machine Thread - 0] INFO  datanode.InitDatanodeState (InitDatanodeState.java:persistContainerDatanodeDetails(140)) - DatanodeDetails is persisted to /workdir/hadoop-ozone/integration-test/target/test-dir/MiniOzoneClusterImpl-d8add679-7105-42f6-bf2c-18911ac53160/datanode-5/meta/datanode.id
2019-09-19 12:00:49,341 [main] INFO  volume.HddsVolume (HddsVolume.java:<init>(176)) - Creating Volume: /workdir/hadoop-ozone/integration-test/target/test-dir/MiniOzoneClusterImpl-d8add679-7105-42f6-bf2c-18911ac53160/datanode-6/data/containers/hdds of  storage type : DISK and capacity : 1482555576320
2019-09-19 12:00:49,342 [main] INFO  volume.VolumeSet (VolumeSet.java:initializeVolumeSet(170)) - Added Volume : /workdir/hadoop-ozone/integration-test/target/test-dir/MiniOzoneClusterImpl-d8add679-7105-42f6-bf2c-18911ac53160/datanode-6/data/containers/hdds to VolumeSet
2019-09-19 12:00:49,342 [main] INFO  volume.ThrottledAsyncChecker (ThrottledAsyncChecker.java:schedule(139)) - Scheduling a check for org.apache.hadoop.ozone.container.common.volume.HddsVolume@254f906e
2019-09-19 12:00:49,343 [main] INFO  volume.HddsVolumeChecker (HddsVolumeChecker.java:checkAllVolumes(202)) - Scheduled health check for volume org.apache.hadoop.ozone.container.common.volume.HddsVolume@254f906e
2019-09-19 12:00:49,366 [main] INFO  impl.RaftServerProxy (ConfUtils.java:logGet(43)) - raft.rpc.type = GRPC (default)
2019-09-19 12:00:49,367 [main] INFO  grpc.GrpcFactory (GrpcFactory.java:checkPooledByteBufAllocatorUseCacheForAllThreads(45)) - PERFORMANCE WARNING: useCacheForAllThreads is true that may cause Netty to create a lot garbage objects and, as a result, trigger GC.
	It is recommended to disable useCacheForAllThreads by setting -Dorg.apache.ratis.thirdparty.io.netty.allocator.useCacheForAllThreads=false in command line.
2019-09-19 12:00:49,367 [main] INFO  grpc.GrpcConfigKeys$Server (ConfUtils.java:logGet(43)) - raft.grpc.server.port = 0 (default)
2019-09-19 12:00:49,368 [main] INFO  server.GrpcService (ConfUtils.java:logGet(43)) - raft.grpc.message.size.max = 33570816 (custom)
2019-09-19 12:00:49,368 [main] INFO  server.RaftServerConfigKeys (ConfUtils.java:logGet(43)) - raft.server.log.appender.buffer.byte-limit = 33554432 (custom)
2019-09-19 12:00:49,368 [main] INFO  server.GrpcService (ConfUtils.java:logGet(43)) - raft.grpc.flow.control.window = 1MB (=1048576) (default)
2019-09-19 12:00:49,369 [main] INFO  server.RaftServerConfigKeys (ConfUtils.java:logGet(43)) - raft.server.rpc.request.timeout = 3000ms (default)
2019-09-19 12:00:49,369 [main] INFO  server.RaftServerConfigKeys (ConfUtils.java:logGet(43)) - raft.server.storage.dir = [/workdir/hadoop-ozone/integration-test/target/test-dir/MiniOzoneClusterImpl-d8add679-7105-42f6-bf2c-18911ac53160/datanode-6/data/ratis] (custom)
2019-09-19 12:00:49,371 [main] INFO  hdfs.DFSUtil (DFSUtil.java:httpServerTemplateForNNAndJN(1641)) - Starting Web-server for hddsDatanode at: http://0.0.0.0:0
2019-09-19 12:00:49,374 [main] INFO  server.AuthenticationFilter (AuthenticationFilter.java:constructSecretProvider(240)) - Unable to initialize FileSignerSecretProvider, falling back to use random secrets.
2019-09-19 12:00:49,375 [main] WARN  http.HttpRequestLog (HttpRequestLog.java:getRequestLog(97)) - Jetty request log can only be enabled using Log4j
2019-09-19 12:00:49,377 [main] INFO  http.HttpServer2 (HttpServer2.java:addGlobalFilter(975)) - Added global filter 'safety' (class=org.apache.hadoop.http.HttpServer2$QuotingInputFilter)
2019-09-19 12:00:49,378 [main] INFO  http.HttpServer2 (HttpServer2.java:addFilter(948)) - Added filter static_user_filter (class=org.apache.hadoop.http.lib.StaticUserWebFilter$StaticUserFilter) to context hddsDatanode
2019-09-19 12:00:49,378 [main] INFO  http.HttpServer2 (HttpServer2.java:addFilter(958)) - Added filter static_user_filter (class=org.apache.hadoop.http.lib.StaticUserWebFilter$StaticUserFilter) to context static
2019-09-19 12:00:49,378 [main] INFO  http.HttpServer2 (HttpServer2.java:addFilter(958)) - Added filter static_user_filter (class=org.apache.hadoop.http.lib.StaticUserWebFilter$StaticUserFilter) to context logs
2019-09-19 12:00:49,380 [main] INFO  http.HttpServer2 (HttpServer2.java:bindListener(1191)) - Jetty bound to port 42058
2019-09-19 12:00:49,380 [main] INFO  server.Server (Server.java:doStart(351)) - jetty-9.3.24.v20180605, build timestamp: 2018-06-05T17:11:56Z, git hash: 84205aa28f11a4f31f2a3b86d1bba2cc8ab69827
2019-09-19 12:00:49,383 [main] INFO  handler.ContextHandler (ContextHandler.java:doStart(781)) - Started o.e.j.s.ServletContextHandler@67514bdd{/logs,file:///workdir/hadoop-ozone/integration-test/target/log,AVAILABLE}
2019-09-19 12:00:49,384 [main] INFO  handler.ContextHandler (ContextHandler.java:doStart(781)) - Started o.e.j.s.ServletContextHandler@7f5538a1{/static,jar:file:/home/user/.m2/repository/org/apache/hadoop/hadoop-hdds-container-service/0.5.0-SNAPSHOT/hadoop-hdds-container-service-0.5.0-SNAPSHOT.jar!/webapps/static,AVAILABLE}
2019-09-19 12:00:49,425 [main] INFO  handler.ContextHandler (ContextHandler.java:doStart(781)) - Started o.e.j.w.WebAppContext@3e3315d9{/,file:///tmp/jetty-0.0.0.0-42058-hddsDatanode-_-any-3212486440728820490.dir/webapp/,AVAILABLE}{/hddsDatanode}
2019-09-19 12:00:49,425 [main] INFO  server.AbstractConnector (AbstractConnector.java:doStart(278)) - Started ServerConnector@64db4967{HTTP/1.1,[http/1.1]}{0.0.0.0:42058}
2019-09-19 12:00:49,427 [main] INFO  server.Server (Server.java:doStart(419)) - Started @5807ms
2019-09-19 12:00:49,427 [main] WARN  impl.MetricsSystemImpl (MetricsSystemImpl.java:register(276)) - Sink prometheus already exists!
2019-09-19 12:00:49,428 [main] INFO  server.BaseHttpServer (BaseHttpServer.java:updateConnectorAddress(215)) - HTTP server of HDDSDATANODE is listening at http://0.0.0.0:42058
2019-09-19 12:00:49,428 [main] INFO  impl.MetricsSystemImpl (MetricsSystemImpl.java:init(158)) - HddsDatanode metrics system started (again)
2019-09-19 12:00:49,432 [main] INFO  ozone.HddsDatanodeService (HddsDatanodeService.java:start(184)) - HddsDatanodeService host:pr-hdds-2153-g484h-410672627 ip:192.168.34.13
2019-09-19 12:00:49,432 [org.apache.hadoop.util.JvmPauseMonitor$Monitor@229fd9c9] INFO  util.JvmPauseMonitor (JvmPauseMonitor.java:run(188)) - Starting JVM pause monitor
2019-09-19 12:00:49,436 [Datanode State Machine Thread - 0] INFO  datanode.InitDatanodeState (InitDatanodeState.java:persistContainerDatanodeDetails(140)) - DatanodeDetails is persisted to /workdir/hadoop-ozone/integration-test/target/test-dir/MiniOzoneClusterImpl-d8add679-7105-42f6-bf2c-18911ac53160/datanode-6/meta/datanode.id
2019-09-19 12:00:49,443 [main] INFO  volume.HddsVolume (HddsVolume.java:<init>(176)) - Creating Volume: /workdir/hadoop-ozone/integration-test/target/test-dir/MiniOzoneClusterImpl-d8add679-7105-42f6-bf2c-18911ac53160/datanode-7/data/containers/hdds of  storage type : DISK and capacity : 1482555576320
2019-09-19 12:00:49,443 [main] INFO  volume.VolumeSet (VolumeSet.java:initializeVolumeSet(170)) - Added Volume : /workdir/hadoop-ozone/integration-test/target/test-dir/MiniOzoneClusterImpl-d8add679-7105-42f6-bf2c-18911ac53160/datanode-7/data/containers/hdds to VolumeSet
2019-09-19 12:00:49,444 [main] INFO  volume.ThrottledAsyncChecker (ThrottledAsyncChecker.java:schedule(139)) - Scheduling a check for org.apache.hadoop.ozone.container.common.volume.HddsVolume@43f1bb92
2019-09-19 12:00:49,446 [main] INFO  volume.HddsVolumeChecker (HddsVolumeChecker.java:checkAllVolumes(202)) - Scheduled health check for volume org.apache.hadoop.ozone.container.common.volume.HddsVolume@43f1bb92
2019-09-19 12:00:49,470 [main] INFO  impl.RaftServerProxy (ConfUtils.java:logGet(43)) - raft.rpc.type = GRPC (default)
2019-09-19 12:00:49,470 [main] INFO  grpc.GrpcFactory (GrpcFactory.java:checkPooledByteBufAllocatorUseCacheForAllThreads(45)) - PERFORMANCE WARNING: useCacheForAllThreads is true that may cause Netty to create a lot garbage objects and, as a result, trigger GC.
	It is recommended to disable useCacheForAllThreads by setting -Dorg.apache.ratis.thirdparty.io.netty.allocator.useCacheForAllThreads=false in command line.
2019-09-19 12:00:49,470 [main] INFO  grpc.GrpcConfigKeys$Server (ConfUtils.java:logGet(43)) - raft.grpc.server.port = 0 (default)
2019-09-19 12:00:49,471 [main] INFO  server.GrpcService (ConfUtils.java:logGet(43)) - raft.grpc.message.size.max = 33570816 (custom)
2019-09-19 12:00:49,471 [main] INFO  server.RaftServerConfigKeys (ConfUtils.java:logGet(43)) - raft.server.log.appender.buffer.byte-limit = 33554432 (custom)
2019-09-19 12:00:49,471 [main] INFO  server.GrpcService (ConfUtils.java:logGet(43)) - raft.grpc.flow.control.window = 1MB (=1048576) (default)
2019-09-19 12:00:49,471 [main] INFO  server.RaftServerConfigKeys (ConfUtils.java:logGet(43)) - raft.server.rpc.request.timeout = 3000ms (default)
2019-09-19 12:00:49,472 [main] INFO  server.RaftServerConfigKeys (ConfUtils.java:logGet(43)) - raft.server.storage.dir = [/workdir/hadoop-ozone/integration-test/target/test-dir/MiniOzoneClusterImpl-d8add679-7105-42f6-bf2c-18911ac53160/datanode-7/data/ratis] (custom)
2019-09-19 12:00:49,474 [main] INFO  hdfs.DFSUtil (DFSUtil.java:httpServerTemplateForNNAndJN(1641)) - Starting Web-server for hddsDatanode at: http://0.0.0.0:0
2019-09-19 12:00:49,475 [main] INFO  server.AuthenticationFilter (AuthenticationFilter.java:constructSecretProvider(240)) - Unable to initialize FileSignerSecretProvider, falling back to use random secrets.
2019-09-19 12:00:49,476 [main] WARN  http.HttpRequestLog (HttpRequestLog.java:getRequestLog(97)) - Jetty request log can only be enabled using Log4j
2019-09-19 12:00:49,478 [main] INFO  http.HttpServer2 (HttpServer2.java:addGlobalFilter(975)) - Added global filter 'safety' (class=org.apache.hadoop.http.HttpServer2$QuotingInputFilter)
2019-09-19 12:00:49,478 [main] INFO  http.HttpServer2 (HttpServer2.java:addFilter(948)) - Added filter static_user_filter (class=org.apache.hadoop.http.lib.StaticUserWebFilter$StaticUserFilter) to context hddsDatanode
2019-09-19 12:00:49,478 [main] INFO  http.HttpServer2 (HttpServer2.java:addFilter(958)) - Added filter static_user_filter (class=org.apache.hadoop.http.lib.StaticUserWebFilter$StaticUserFilter) to context logs
2019-09-19 12:00:49,479 [main] INFO  http.HttpServer2 (HttpServer2.java:addFilter(958)) - Added filter static_user_filter (class=org.apache.hadoop.http.lib.StaticUserWebFilter$StaticUserFilter) to context static
2019-09-19 12:00:49,480 [main] INFO  http.HttpServer2 (HttpServer2.java:bindListener(1191)) - Jetty bound to port 34219
2019-09-19 12:00:49,480 [main] INFO  server.Server (Server.java:doStart(351)) - jetty-9.3.24.v20180605, build timestamp: 2018-06-05T17:11:56Z, git hash: 84205aa28f11a4f31f2a3b86d1bba2cc8ab69827
2019-09-19 12:00:49,482 [main] INFO  handler.ContextHandler (ContextHandler.java:doStart(781)) - Started o.e.j.s.ServletContextHandler@b9a77c8{/logs,file:///workdir/hadoop-ozone/integration-test/target/log,AVAILABLE}
2019-09-19 12:00:49,482 [main] INFO  handler.ContextHandler (ContextHandler.java:doStart(781)) - Started o.e.j.s.ServletContextHandler@6cd3ad8a{/static,jar:file:/home/user/.m2/repository/org/apache/hadoop/hadoop-hdds-container-service/0.5.0-SNAPSHOT/hadoop-hdds-container-service-0.5.0-SNAPSHOT.jar!/webapps/static,AVAILABLE}
2019-09-19 12:00:49,513 [main] INFO  handler.ContextHandler (ContextHandler.java:doStart(781)) - Started o.e.j.w.WebAppContext@663bb8ef{/,file:///tmp/jetty-0.0.0.0-34219-hddsDatanode-_-any-5658785075405029962.dir/webapp/,AVAILABLE}{/hddsDatanode}
2019-09-19 12:00:49,513 [main] INFO  server.AbstractConnector (AbstractConnector.java:doStart(278)) - Started ServerConnector@2f4e40d7{HTTP/1.1,[http/1.1]}{0.0.0.0:34219}
2019-09-19 12:00:49,515 [main] INFO  server.Server (Server.java:doStart(419)) - Started @5896ms
2019-09-19 12:00:49,515 [main] WARN  impl.MetricsSystemImpl (MetricsSystemImpl.java:register(276)) - Sink prometheus already exists!
2019-09-19 12:00:49,516 [main] INFO  server.BaseHttpServer (BaseHttpServer.java:updateConnectorAddress(215)) - HTTP server of HDDSDATANODE is listening at http://0.0.0.0:34219
2019-09-19 12:00:49,516 [main] INFO  impl.MetricsSystemImpl (MetricsSystemImpl.java:init(158)) - HddsDatanode metrics system started (again)
2019-09-19 12:00:49,521 [main] INFO  ozone.HddsDatanodeService (HddsDatanodeService.java:start(184)) - HddsDatanodeService host:pr-hdds-2153-g484h-410672627 ip:192.168.34.13
2019-09-19 12:00:49,521 [org.apache.hadoop.util.JvmPauseMonitor$Monitor@2182b362] INFO  util.JvmPauseMonitor (JvmPauseMonitor.java:run(188)) - Starting JVM pause monitor
2019-09-19 12:00:49,524 [Datanode State Machine Thread - 0] INFO  datanode.InitDatanodeState (InitDatanodeState.java:persistContainerDatanodeDetails(140)) - DatanodeDetails is persisted to /workdir/hadoop-ozone/integration-test/target/test-dir/MiniOzoneClusterImpl-d8add679-7105-42f6-bf2c-18911ac53160/datanode-7/meta/datanode.id
2019-09-19 12:00:49,531 [main] INFO  volume.HddsVolume (HddsVolume.java:<init>(176)) - Creating Volume: /workdir/hadoop-ozone/integration-test/target/test-dir/MiniOzoneClusterImpl-d8add679-7105-42f6-bf2c-18911ac53160/datanode-8/data/containers/hdds of  storage type : DISK and capacity : 1482555576320
2019-09-19 12:00:49,531 [main] INFO  volume.VolumeSet (VolumeSet.java:initializeVolumeSet(170)) - Added Volume : /workdir/hadoop-ozone/integration-test/target/test-dir/MiniOzoneClusterImpl-d8add679-7105-42f6-bf2c-18911ac53160/datanode-8/data/containers/hdds to VolumeSet
2019-09-19 12:00:49,532 [main] INFO  volume.ThrottledAsyncChecker (ThrottledAsyncChecker.java:schedule(139)) - Scheduling a check for org.apache.hadoop.ozone.container.common.volume.HddsVolume@44b29496
2019-09-19 12:00:49,532 [main] INFO  volume.HddsVolumeChecker (HddsVolumeChecker.java:checkAllVolumes(202)) - Scheduled health check for volume org.apache.hadoop.ozone.container.common.volume.HddsVolume@44b29496
2019-09-19 12:00:49,553 [main] INFO  impl.RaftServerProxy (ConfUtils.java:logGet(43)) - raft.rpc.type = GRPC (default)
2019-09-19 12:00:49,554 [main] INFO  grpc.GrpcFactory (GrpcFactory.java:checkPooledByteBufAllocatorUseCacheForAllThreads(45)) - PERFORMANCE WARNING: useCacheForAllThreads is true that may cause Netty to create a lot garbage objects and, as a result, trigger GC.
	It is recommended to disable useCacheForAllThreads by setting -Dorg.apache.ratis.thirdparty.io.netty.allocator.useCacheForAllThreads=false in command line.
2019-09-19 12:00:49,554 [main] INFO  grpc.GrpcConfigKeys$Server (ConfUtils.java:logGet(43)) - raft.grpc.server.port = 0 (default)
2019-09-19 12:00:49,554 [main] INFO  server.GrpcService (ConfUtils.java:logGet(43)) - raft.grpc.message.size.max = 33570816 (custom)
2019-09-19 12:00:49,554 [main] INFO  server.RaftServerConfigKeys (ConfUtils.java:logGet(43)) - raft.server.log.appender.buffer.byte-limit = 33554432 (custom)
2019-09-19 12:00:49,555 [main] INFO  server.GrpcService (ConfUtils.java:logGet(43)) - raft.grpc.flow.control.window = 1MB (=1048576) (default)
2019-09-19 12:00:49,555 [main] INFO  server.RaftServerConfigKeys (ConfUtils.java:logGet(43)) - raft.server.rpc.request.timeout = 3000ms (default)
2019-09-19 12:00:49,556 [main] INFO  server.RaftServerConfigKeys (ConfUtils.java:logGet(43)) - raft.server.storage.dir = [/workdir/hadoop-ozone/integration-test/target/test-dir/MiniOzoneClusterImpl-d8add679-7105-42f6-bf2c-18911ac53160/datanode-8/data/ratis] (custom)
2019-09-19 12:00:49,558 [main] INFO  hdfs.DFSUtil (DFSUtil.java:httpServerTemplateForNNAndJN(1641)) - Starting Web-server for hddsDatanode at: http://0.0.0.0:0
2019-09-19 12:00:49,560 [main] INFO  server.AuthenticationFilter (AuthenticationFilter.java:constructSecretProvider(240)) - Unable to initialize FileSignerSecretProvider, falling back to use random secrets.
2019-09-19 12:00:49,560 [main] WARN  http.HttpRequestLog (HttpRequestLog.java:getRequestLog(97)) - Jetty request log can only be enabled using Log4j
2019-09-19 12:00:49,562 [main] INFO  http.HttpServer2 (HttpServer2.java:addGlobalFilter(975)) - Added global filter 'safety' (class=org.apache.hadoop.http.HttpServer2$QuotingInputFilter)
2019-09-19 12:00:49,563 [main] INFO  http.HttpServer2 (HttpServer2.java:addFilter(948)) - Added filter static_user_filter (class=org.apache.hadoop.http.lib.StaticUserWebFilter$StaticUserFilter) to context hddsDatanode
2019-09-19 12:00:49,563 [main] INFO  http.HttpServer2 (HttpServer2.java:addFilter(958)) - Added filter static_user_filter (class=org.apache.hadoop.http.lib.StaticUserWebFilter$StaticUserFilter) to context static
2019-09-19 12:00:49,564 [main] INFO  http.HttpServer2 (HttpServer2.java:addFilter(958)) - Added filter static_user_filter (class=org.apache.hadoop.http.lib.StaticUserWebFilter$StaticUserFilter) to context logs
2019-09-19 12:00:49,565 [main] INFO  http.HttpServer2 (HttpServer2.java:bindListener(1191)) - Jetty bound to port 33796
2019-09-19 12:00:49,565 [main] INFO  server.Server (Server.java:doStart(351)) - jetty-9.3.24.v20180605, build timestamp: 2018-06-05T17:11:56Z, git hash: 84205aa28f11a4f31f2a3b86d1bba2cc8ab69827
2019-09-19 12:00:49,567 [main] INFO  handler.ContextHandler (ContextHandler.java:doStart(781)) - Started o.e.j.s.ServletContextHandler@176f7f3b{/logs,file:///workdir/hadoop-ozone/integration-test/target/log,AVAILABLE}
2019-09-19 12:00:49,568 [main] INFO  handler.ContextHandler (ContextHandler.java:doStart(781)) - Started o.e.j.s.ServletContextHandler@58740366{/static,jar:file:/home/user/.m2/repository/org/apache/hadoop/hadoop-hdds-container-service/0.5.0-SNAPSHOT/hadoop-hdds-container-service-0.5.0-SNAPSHOT.jar!/webapps/static,AVAILABLE}
2019-09-19 12:00:49,604 [main] INFO  handler.ContextHandler (ContextHandler.java:doStart(781)) - Started o.e.j.w.WebAppContext@4b0f2299{/,file:///tmp/jetty-0.0.0.0-33796-hddsDatanode-_-any-8610397302288300719.dir/webapp/,AVAILABLE}{/hddsDatanode}
2019-09-19 12:00:49,604 [main] INFO  server.AbstractConnector (AbstractConnector.java:doStart(278)) - Started ServerConnector@33063f5b{HTTP/1.1,[http/1.1]}{0.0.0.0:33796}
2019-09-19 12:00:49,605 [main] INFO  server.Server (Server.java:doStart(419)) - Started @5986ms
2019-09-19 12:00:49,606 [main] WARN  impl.MetricsSystemImpl (MetricsSystemImpl.java:register(276)) - Sink prometheus already exists!
2019-09-19 12:00:49,607 [main] INFO  server.BaseHttpServer (BaseHttpServer.java:updateConnectorAddress(215)) - HTTP server of HDDSDATANODE is listening at http://0.0.0.0:33796
2019-09-19 12:00:49,607 [main] INFO  impl.MetricsSystemImpl (MetricsSystemImpl.java:init(158)) - HddsDatanode metrics system started (again)
2019-09-19 12:00:49,612 [org.apache.hadoop.util.JvmPauseMonitor$Monitor@4073a411] INFO  util.JvmPauseMonitor (JvmPauseMonitor.java:run(188)) - Starting JVM pause monitor
2019-09-19 12:00:49,614 [main] INFO  ozone.HddsDatanodeService (HddsDatanodeService.java:start(184)) - HddsDatanodeService host:pr-hdds-2153-g484h-410672627 ip:192.168.34.13
2019-09-19 12:00:49,616 [Datanode State Machine Thread - 0] INFO  datanode.InitDatanodeState (InitDatanodeState.java:persistContainerDatanodeDetails(140)) - DatanodeDetails is persisted to /workdir/hadoop-ozone/integration-test/target/test-dir/MiniOzoneClusterImpl-d8add679-7105-42f6-bf2c-18911ac53160/datanode-8/meta/datanode.id
2019-09-19 12:00:49,622 [main] INFO  volume.HddsVolume (HddsVolume.java:<init>(176)) - Creating Volume: /workdir/hadoop-ozone/integration-test/target/test-dir/MiniOzoneClusterImpl-d8add679-7105-42f6-bf2c-18911ac53160/datanode-9/data/containers/hdds of  storage type : DISK and capacity : 1482555576320
2019-09-19 12:00:49,622 [main] INFO  volume.VolumeSet (VolumeSet.java:initializeVolumeSet(170)) - Added Volume : /workdir/hadoop-ozone/integration-test/target/test-dir/MiniOzoneClusterImpl-d8add679-7105-42f6-bf2c-18911ac53160/datanode-9/data/containers/hdds to VolumeSet
2019-09-19 12:00:49,623 [main] INFO  volume.ThrottledAsyncChecker (ThrottledAsyncChecker.java:schedule(139)) - Scheduling a check for org.apache.hadoop.ozone.container.common.volume.HddsVolume@765ffb14
2019-09-19 12:00:49,624 [main] INFO  volume.HddsVolumeChecker (HddsVolumeChecker.java:checkAllVolumes(202)) - Scheduled health check for volume org.apache.hadoop.ozone.container.common.volume.HddsVolume@765ffb14
2019-09-19 12:00:49,644 [main] INFO  impl.RaftServerProxy (ConfUtils.java:logGet(43)) - raft.rpc.type = GRPC (default)
2019-09-19 12:00:49,644 [main] INFO  grpc.GrpcFactory (GrpcFactory.java:checkPooledByteBufAllocatorUseCacheForAllThreads(45)) - PERFORMANCE WARNING: useCacheForAllThreads is true that may cause Netty to create a lot garbage objects and, as a result, trigger GC.
	It is recommended to disable useCacheForAllThreads by setting -Dorg.apache.ratis.thirdparty.io.netty.allocator.useCacheForAllThreads=false in command line.
2019-09-19 12:00:49,645 [main] INFO  grpc.GrpcConfigKeys$Server (ConfUtils.java:logGet(43)) - raft.grpc.server.port = 0 (default)
2019-09-19 12:00:49,645 [main] INFO  server.GrpcService (ConfUtils.java:logGet(43)) - raft.grpc.message.size.max = 33570816 (custom)
2019-09-19 12:00:49,645 [main] INFO  server.RaftServerConfigKeys (ConfUtils.java:logGet(43)) - raft.server.log.appender.buffer.byte-limit = 33554432 (custom)
2019-09-19 12:00:49,646 [main] INFO  server.GrpcService (ConfUtils.java:logGet(43)) - raft.grpc.flow.control.window = 1MB (=1048576) (default)
2019-09-19 12:00:49,646 [main] INFO  server.RaftServerConfigKeys (ConfUtils.java:logGet(43)) - raft.server.rpc.request.timeout = 3000ms (default)
2019-09-19 12:00:49,647 [main] INFO  server.RaftServerConfigKeys (ConfUtils.java:logGet(43)) - raft.server.storage.dir = [/workdir/hadoop-ozone/integration-test/target/test-dir/MiniOzoneClusterImpl-d8add679-7105-42f6-bf2c-18911ac53160/datanode-9/data/ratis] (custom)
2019-09-19 12:00:49,649 [main] INFO  hdfs.DFSUtil (DFSUtil.java:httpServerTemplateForNNAndJN(1641)) - Starting Web-server for hddsDatanode at: http://0.0.0.0:0
2019-09-19 12:00:49,651 [main] INFO  server.AuthenticationFilter (AuthenticationFilter.java:constructSecretProvider(240)) - Unable to initialize FileSignerSecretProvider, falling back to use random secrets.
2019-09-19 12:00:49,651 [main] WARN  http.HttpRequestLog (HttpRequestLog.java:getRequestLog(97)) - Jetty request log can only be enabled using Log4j
2019-09-19 12:00:49,654 [main] INFO  http.HttpServer2 (HttpServer2.java:addGlobalFilter(975)) - Added global filter 'safety' (class=org.apache.hadoop.http.HttpServer2$QuotingInputFilter)
2019-09-19 12:00:49,654 [main] INFO  http.HttpServer2 (HttpServer2.java:addFilter(948)) - Added filter static_user_filter (class=org.apache.hadoop.http.lib.StaticUserWebFilter$StaticUserFilter) to context hddsDatanode
2019-09-19 12:00:49,655 [main] INFO  http.HttpServer2 (HttpServer2.java:addFilter(958)) - Added filter static_user_filter (class=org.apache.hadoop.http.lib.StaticUserWebFilter$StaticUserFilter) to context logs
2019-09-19 12:00:49,655 [main] INFO  http.HttpServer2 (HttpServer2.java:addFilter(958)) - Added filter static_user_filter (class=org.apache.hadoop.http.lib.StaticUserWebFilter$StaticUserFilter) to context static
2019-09-19 12:00:49,656 [main] INFO  http.HttpServer2 (HttpServer2.java:bindListener(1191)) - Jetty bound to port 36869
2019-09-19 12:00:49,656 [main] INFO  server.Server (Server.java:doStart(351)) - jetty-9.3.24.v20180605, build timestamp: 2018-06-05T17:11:56Z, git hash: 84205aa28f11a4f31f2a3b86d1bba2cc8ab69827
2019-09-19 12:00:49,658 [main] INFO  handler.ContextHandler (ContextHandler.java:doStart(781)) - Started o.e.j.s.ServletContextHandler@5578be42{/logs,file:///workdir/hadoop-ozone/integration-test/target/log,AVAILABLE}
2019-09-19 12:00:49,659 [main] INFO  handler.ContextHandler (ContextHandler.java:doStart(781)) - Started o.e.j.s.ServletContextHandler@136965e3{/static,jar:file:/home/user/.m2/repository/org/apache/hadoop/hadoop-hdds-container-service/0.5.0-SNAPSHOT/hadoop-hdds-container-service-0.5.0-SNAPSHOT.jar!/webapps/static,AVAILABLE}
2019-09-19 12:00:49,696 [main] INFO  handler.ContextHandler (ContextHandler.java:doStart(781)) - Started o.e.j.w.WebAppContext@26bbe604{/,file:///tmp/jetty-0.0.0.0-36869-hddsDatanode-_-any-6574193598131067838.dir/webapp/,AVAILABLE}{/hddsDatanode}
2019-09-19 12:00:49,697 [main] INFO  server.AbstractConnector (AbstractConnector.java:doStart(278)) - Started ServerConnector@fe34b86{HTTP/1.1,[http/1.1]}{0.0.0.0:36869}
2019-09-19 12:00:49,698 [main] INFO  server.Server (Server.java:doStart(419)) - Started @6079ms
2019-09-19 12:00:49,698 [main] WARN  impl.MetricsSystemImpl (MetricsSystemImpl.java:register(276)) - Sink prometheus already exists!
2019-09-19 12:00:49,699 [main] INFO  server.BaseHttpServer (BaseHttpServer.java:updateConnectorAddress(215)) - HTTP server of HDDSDATANODE is listening at http://0.0.0.0:36869
2019-09-19 12:00:49,705 [main] INFO  ozone.MiniOzoneClusterImpl (MiniOzoneClusterImpl.java:lambda$waitForClusterToBeReady$0(140)) - Waiting for cluster to be ready. Got 0 of 10 DN Heartbeats.
2019-09-19 12:00:49,706 [org.apache.hadoop.util.JvmPauseMonitor$Monitor@72ebb79e] INFO  util.JvmPauseMonitor (JvmPauseMonitor.java:run(188)) - Starting JVM pause monitor
2019-09-19 12:00:49,710 [Datanode State Machine Thread - 0] INFO  datanode.InitDatanodeState (InitDatanodeState.java:persistContainerDatanodeDetails(140)) - DatanodeDetails is persisted to /workdir/hadoop-ozone/integration-test/target/test-dir/MiniOzoneClusterImpl-d8add679-7105-42f6-bf2c-18911ac53160/datanode-9/meta/datanode.id
2019-09-19 12:00:50,706 [main] INFO  ozone.MiniOzoneClusterImpl (MiniOzoneClusterImpl.java:lambda$waitForClusterToBeReady$0(140)) - Waiting for cluster to be ready. Got 0 of 10 DN Heartbeats.
2019-09-19 12:00:50,945 [Datanode State Machine Thread - 0] INFO  ozoneimpl.OzoneContainer (OzoneContainer.java:start(217)) - Attempting to start container services.
2019-09-19 12:00:50,947 [Datanode State Machine Thread - 0] INFO  ozoneimpl.OzoneContainer (OzoneContainer.java:startContainerScrub(179)) - Background container scanner has been disabled.
2019-09-19 12:00:50,948 [Datanode State Machine Thread - 0] INFO  ratis.XceiverServerRatis (XceiverServerRatis.java:start(404)) - Starting XceiverServerRatis ccaa8f46-a720-4c9d-b367-b8e62fb2ca31 at port 0
2019-09-19 12:00:50,975 [Datanode State Machine Thread - 0] INFO  impl.RaftServerProxy (RaftServerProxy.java:lambda$start$3(299)) - ccaa8f46-a720-4c9d-b367-b8e62fb2ca31: start RPC server
2019-09-19 12:00:50,989 [Datanode State Machine Thread - 0] INFO  ozoneimpl.OzoneContainer (OzoneContainer.java:start(217)) - Attempting to start container services.
2019-09-19 12:00:50,995 [Datanode State Machine Thread - 0] INFO  ozoneimpl.OzoneContainer (OzoneContainer.java:startContainerScrub(179)) - Background container scanner has been disabled.
2019-09-19 12:00:50,995 [Datanode State Machine Thread - 0] INFO  ratis.XceiverServerRatis (XceiverServerRatis.java:start(404)) - Starting XceiverServerRatis 8f7c3f06-04e3-45b0-a756-eb146f11ca16 at port 0
2019-09-19 12:00:51,009 [Datanode State Machine Thread - 0] INFO  impl.RaftServerProxy (RaftServerProxy.java:lambda$start$3(299)) - 8f7c3f06-04e3-45b0-a756-eb146f11ca16: start RPC server
2019-09-19 12:00:51,048 [Datanode State Machine Thread - 0] INFO  ozoneimpl.OzoneContainer (OzoneContainer.java:start(217)) - Attempting to start container services.
2019-09-19 12:00:51,048 [Datanode State Machine Thread - 0] INFO  ozoneimpl.OzoneContainer (OzoneContainer.java:startContainerScrub(179)) - Background container scanner has been disabled.
2019-09-19 12:00:51,049 [Datanode State Machine Thread - 0] INFO  ratis.XceiverServerRatis (XceiverServerRatis.java:start(404)) - Starting XceiverServerRatis 14eab2a7-31b9-4bf4-80ab-c0ebf925c262 at port 0
2019-09-19 12:00:51,058 [Datanode State Machine Thread - 0] INFO  impl.RaftServerProxy (RaftServerProxy.java:lambda$start$3(299)) - 14eab2a7-31b9-4bf4-80ab-c0ebf925c262: start RPC server
2019-09-19 12:00:51,137 [Datanode State Machine Thread - 0] INFO  ozoneimpl.OzoneContainer (OzoneContainer.java:start(217)) - Attempting to start container services.
2019-09-19 12:00:51,147 [Datanode State Machine Thread - 0] INFO  ozoneimpl.OzoneContainer (OzoneContainer.java:startContainerScrub(179)) - Background container scanner has been disabled.
2019-09-19 12:00:51,147 [Datanode State Machine Thread - 0] INFO  ratis.XceiverServerRatis (XceiverServerRatis.java:start(404)) - Starting XceiverServerRatis b61b9bc0-c8d8-4ce8-a569-0c84e6e62f96 at port 0
2019-09-19 12:00:51,170 [Datanode State Machine Thread - 0] INFO  impl.RaftServerProxy (RaftServerProxy.java:lambda$start$3(299)) - b61b9bc0-c8d8-4ce8-a569-0c84e6e62f96: start RPC server
2019-09-19 12:00:51,179 [Datanode State Machine Thread - 0] INFO  server.GrpcService (GrpcService.java:startImpl(158)) - 8f7c3f06-04e3-45b0-a756-eb146f11ca16: GrpcService started, listening on 0.0.0.0/0.0.0.0:41016
2019-09-19 12:00:51,179 [Datanode State Machine Thread - 0] INFO  server.GrpcService (GrpcService.java:startImpl(158)) - 14eab2a7-31b9-4bf4-80ab-c0ebf925c262: GrpcService started, listening on 0.0.0.0/0.0.0.0:37038
2019-09-19 12:00:51,179 [Datanode State Machine Thread - 0] INFO  server.GrpcService (GrpcService.java:startImpl(158)) - b61b9bc0-c8d8-4ce8-a569-0c84e6e62f96: GrpcService started, listening on 0.0.0.0/0.0.0.0:36095
2019-09-19 12:00:51,179 [Datanode State Machine Thread - 0] INFO  server.GrpcService (GrpcService.java:startImpl(158)) - ccaa8f46-a720-4c9d-b367-b8e62fb2ca31: GrpcService started, listening on 0.0.0.0/0.0.0.0:37847
2019-09-19 12:00:51,180 [Datanode State Machine Thread - 0] INFO  ratis.XceiverServerRatis (XceiverServerRatis.java:start(414)) - XceiverServerRatis b61b9bc0-c8d8-4ce8-a569-0c84e6e62f96 is started using port 36095
2019-09-19 12:00:51,180 [Datanode State Machine Thread - 0] INFO  ratis.XceiverServerRatis (XceiverServerRatis.java:start(414)) - XceiverServerRatis 14eab2a7-31b9-4bf4-80ab-c0ebf925c262 is started using port 37038
2019-09-19 12:00:51,180 [Datanode State Machine Thread - 0] INFO  ratis.XceiverServerRatis (XceiverServerRatis.java:start(414)) - XceiverServerRatis 8f7c3f06-04e3-45b0-a756-eb146f11ca16 is started using port 41016
2019-09-19 12:00:51,180 [Datanode State Machine Thread - 0] INFO  ratis.XceiverServerRatis (XceiverServerRatis.java:start(414)) - XceiverServerRatis ccaa8f46-a720-4c9d-b367-b8e62fb2ca31 is started using port 37847
2019-09-19 12:00:51,190 [Datanode State Machine Thread - 0] INFO  server.XceiverServerGrpc (XceiverServerGrpc.java:start(163)) - XceiverServerGrpc b61b9bc0-c8d8-4ce8-a569-0c84e6e62f96 is started using port 46809
2019-09-19 12:00:51,190 [Datanode State Machine Thread - 0] INFO  server.XceiverServerGrpc (XceiverServerGrpc.java:start(163)) - XceiverServerGrpc 8f7c3f06-04e3-45b0-a756-eb146f11ca16 is started using port 36967
2019-09-19 12:00:51,191 [Datanode State Machine Thread - 0] INFO  server.XceiverServerGrpc (XceiverServerGrpc.java:start(163)) - XceiverServerGrpc ccaa8f46-a720-4c9d-b367-b8e62fb2ca31 is started using port 33644
2019-09-19 12:00:51,190 [Datanode State Machine Thread - 0] INFO  server.XceiverServerGrpc (XceiverServerGrpc.java:start(163)) - XceiverServerGrpc 14eab2a7-31b9-4bf4-80ab-c0ebf925c262 is started using port 44783
2019-09-19 12:00:51,237 [Datanode State Machine Thread - 0] INFO  ozoneimpl.OzoneContainer (OzoneContainer.java:start(217)) - Attempting to start container services.
2019-09-19 12:00:51,238 [Datanode State Machine Thread - 0] INFO  ozoneimpl.OzoneContainer (OzoneContainer.java:startContainerScrub(179)) - Background container scanner has been disabled.
2019-09-19 12:00:51,238 [Datanode State Machine Thread - 0] INFO  ratis.XceiverServerRatis (XceiverServerRatis.java:start(404)) - Starting XceiverServerRatis a729cdbd-f787-49c0-8e2c-44f1fb27cdba at port 0
2019-09-19 12:00:51,246 [Datanode State Machine Thread - 0] INFO  impl.RaftServerProxy (RaftServerProxy.java:lambda$start$3(299)) - a729cdbd-f787-49c0-8e2c-44f1fb27cdba: start RPC server
2019-09-19 12:00:51,249 [Datanode State Machine Thread - 0] INFO  server.GrpcService (GrpcService.java:startImpl(158)) - a729cdbd-f787-49c0-8e2c-44f1fb27cdba: GrpcService started, listening on 0.0.0.0/0.0.0.0:46503
2019-09-19 12:00:51,249 [Datanode State Machine Thread - 0] INFO  ratis.XceiverServerRatis (XceiverServerRatis.java:start(414)) - XceiverServerRatis a729cdbd-f787-49c0-8e2c-44f1fb27cdba is started using port 46503
2019-09-19 12:00:51,253 [Datanode State Machine Thread - 0] INFO  server.XceiverServerGrpc (XceiverServerGrpc.java:start(163)) - XceiverServerGrpc a729cdbd-f787-49c0-8e2c-44f1fb27cdba is started using port 40571
2019-09-19 12:00:51,348 [Datanode State Machine Thread - 0] INFO  ozoneimpl.OzoneContainer (OzoneContainer.java:start(217)) - Attempting to start container services.
2019-09-19 12:00:51,348 [Datanode State Machine Thread - 0] INFO  ozoneimpl.OzoneContainer (OzoneContainer.java:startContainerScrub(179)) - Background container scanner has been disabled.
2019-09-19 12:00:51,349 [Datanode State Machine Thread - 0] INFO  ratis.XceiverServerRatis (XceiverServerRatis.java:start(404)) - Starting XceiverServerRatis 0eafe25b-eef3-4e6e-962a-cfdd69f48960 at port 0
2019-09-19 12:00:51,356 [Datanode State Machine Thread - 0] INFO  impl.RaftServerProxy (RaftServerProxy.java:lambda$start$3(299)) - 0eafe25b-eef3-4e6e-962a-cfdd69f48960: start RPC server
2019-09-19 12:00:51,361 [Datanode State Machine Thread - 0] INFO  server.GrpcService (GrpcService.java:startImpl(158)) - 0eafe25b-eef3-4e6e-962a-cfdd69f48960: GrpcService started, listening on 0.0.0.0/0.0.0.0:38223
2019-09-19 12:00:51,361 [Datanode State Machine Thread - 0] INFO  ratis.XceiverServerRatis (XceiverServerRatis.java:start(414)) - XceiverServerRatis 0eafe25b-eef3-4e6e-962a-cfdd69f48960 is started using port 38223
2019-09-19 12:00:51,366 [Datanode State Machine Thread - 0] INFO  server.XceiverServerGrpc (XceiverServerGrpc.java:start(163)) - XceiverServerGrpc 0eafe25b-eef3-4e6e-962a-cfdd69f48960 is started using port 38781
2019-09-19 12:00:51,452 [Datanode State Machine Thread - 0] INFO  ozoneimpl.OzoneContainer (OzoneContainer.java:start(217)) - Attempting to start container services.
2019-09-19 12:00:51,452 [Datanode State Machine Thread - 0] INFO  ozoneimpl.OzoneContainer (OzoneContainer.java:startContainerScrub(179)) - Background container scanner has been disabled.
2019-09-19 12:00:51,452 [Datanode State Machine Thread - 0] INFO  ratis.XceiverServerRatis (XceiverServerRatis.java:start(404)) - Starting XceiverServerRatis ccd7891f-abf2-4840-bcfd-f7d46dfca276 at port 0
2019-09-19 12:00:51,460 [Datanode State Machine Thread - 0] INFO  impl.RaftServerProxy (RaftServerProxy.java:lambda$start$3(299)) - ccd7891f-abf2-4840-bcfd-f7d46dfca276: start RPC server
2019-09-19 12:00:51,466 [Datanode State Machine Thread - 0] INFO  server.GrpcService (GrpcService.java:startImpl(158)) - ccd7891f-abf2-4840-bcfd-f7d46dfca276: GrpcService started, listening on 0.0.0.0/0.0.0.0:41947
2019-09-19 12:00:51,466 [Datanode State Machine Thread - 0] INFO  ratis.XceiverServerRatis (XceiverServerRatis.java:start(414)) - XceiverServerRatis ccd7891f-abf2-4840-bcfd-f7d46dfca276 is started using port 41947
2019-09-19 12:00:51,470 [Datanode State Machine Thread - 0] INFO  server.XceiverServerGrpc (XceiverServerGrpc.java:start(163)) - XceiverServerGrpc ccd7891f-abf2-4840-bcfd-f7d46dfca276 is started using port 40010
2019-09-19 12:00:51,538 [Datanode State Machine Thread - 0] INFO  ozoneimpl.OzoneContainer (OzoneContainer.java:start(217)) - Attempting to start container services.
2019-09-19 12:00:51,538 [Datanode State Machine Thread - 0] INFO  ozoneimpl.OzoneContainer (OzoneContainer.java:startContainerScrub(179)) - Background container scanner has been disabled.
2019-09-19 12:00:51,538 [Datanode State Machine Thread - 0] INFO  ratis.XceiverServerRatis (XceiverServerRatis.java:start(404)) - Starting XceiverServerRatis 2fa9f0f6-b6af-48ee-80c5-dd8119aa09d6 at port 0
2019-09-19 12:00:51,548 [Datanode State Machine Thread - 0] INFO  impl.RaftServerProxy (RaftServerProxy.java:lambda$start$3(299)) - 2fa9f0f6-b6af-48ee-80c5-dd8119aa09d6: start RPC server
2019-09-19 12:00:51,553 [Datanode State Machine Thread - 0] INFO  server.GrpcService (GrpcService.java:startImpl(158)) - 2fa9f0f6-b6af-48ee-80c5-dd8119aa09d6: GrpcService started, listening on 0.0.0.0/0.0.0.0:39061
2019-09-19 12:00:51,553 [Datanode State Machine Thread - 0] INFO  ratis.XceiverServerRatis (XceiverServerRatis.java:start(414)) - XceiverServerRatis 2fa9f0f6-b6af-48ee-80c5-dd8119aa09d6 is started using port 39061
2019-09-19 12:00:51,558 [Datanode State Machine Thread - 0] INFO  server.XceiverServerGrpc (XceiverServerGrpc.java:start(163)) - XceiverServerGrpc 2fa9f0f6-b6af-48ee-80c5-dd8119aa09d6 is started using port 40637
2019-09-19 12:00:51,630 [Datanode State Machine Thread - 0] INFO  ozoneimpl.OzoneContainer (OzoneContainer.java:start(217)) - Attempting to start container services.
2019-09-19 12:00:51,630 [Datanode State Machine Thread - 0] INFO  ozoneimpl.OzoneContainer (OzoneContainer.java:startContainerScrub(179)) - Background container scanner has been disabled.
2019-09-19 12:00:51,630 [Datanode State Machine Thread - 0] INFO  ratis.XceiverServerRatis (XceiverServerRatis.java:start(404)) - Starting XceiverServerRatis 7d946ca7-a873-4723-b723-9ddee89d0bc7 at port 0
2019-09-19 12:00:51,640 [Datanode State Machine Thread - 0] INFO  impl.RaftServerProxy (RaftServerProxy.java:lambda$start$3(299)) - 7d946ca7-a873-4723-b723-9ddee89d0bc7: start RPC server
2019-09-19 12:00:51,645 [Datanode State Machine Thread - 0] INFO  server.GrpcService (GrpcService.java:startImpl(158)) - 7d946ca7-a873-4723-b723-9ddee89d0bc7: GrpcService started, listening on 0.0.0.0/0.0.0.0:44439
2019-09-19 12:00:51,645 [Datanode State Machine Thread - 0] INFO  ratis.XceiverServerRatis (XceiverServerRatis.java:start(414)) - XceiverServerRatis 7d946ca7-a873-4723-b723-9ddee89d0bc7 is started using port 44439
2019-09-19 12:00:51,650 [Datanode State Machine Thread - 0] INFO  server.XceiverServerGrpc (XceiverServerGrpc.java:start(163)) - XceiverServerGrpc 7d946ca7-a873-4723-b723-9ddee89d0bc7 is started using port 44240
2019-09-19 12:00:51,709 [main] INFO  ozone.MiniOzoneClusterImpl (MiniOzoneClusterImpl.java:lambda$waitForClusterToBeReady$0(140)) - Waiting for cluster to be ready. Got 0 of 10 DN Heartbeats.
2019-09-19 12:00:51,723 [Datanode State Machine Thread - 0] INFO  ozoneimpl.OzoneContainer (OzoneContainer.java:start(217)) - Attempting to start container services.
2019-09-19 12:00:51,724 [Datanode State Machine Thread - 0] INFO  ozoneimpl.OzoneContainer (OzoneContainer.java:startContainerScrub(179)) - Background container scanner has been disabled.
2019-09-19 12:00:51,724 [Datanode State Machine Thread - 0] INFO  ratis.XceiverServerRatis (XceiverServerRatis.java:start(404)) - Starting XceiverServerRatis 0f3ef5c5-216f-4603-9049-7f6477ca6f67 at port 0
2019-09-19 12:00:51,733 [Datanode State Machine Thread - 0] INFO  impl.RaftServerProxy (RaftServerProxy.java:lambda$start$3(299)) - 0f3ef5c5-216f-4603-9049-7f6477ca6f67: start RPC server
2019-09-19 12:00:51,751 [Datanode State Machine Thread - 0] INFO  server.GrpcService (GrpcService.java:startImpl(158)) - 0f3ef5c5-216f-4603-9049-7f6477ca6f67: GrpcService started, listening on 0.0.0.0/0.0.0.0:38664
2019-09-19 12:00:51,751 [Datanode State Machine Thread - 0] INFO  ratis.XceiverServerRatis (XceiverServerRatis.java:start(414)) - XceiverServerRatis 0f3ef5c5-216f-4603-9049-7f6477ca6f67 is started using port 38664
2019-09-19 12:00:51,777 [Datanode State Machine Thread - 0] INFO  server.XceiverServerGrpc (XceiverServerGrpc.java:start(163)) - XceiverServerGrpc 0f3ef5c5-216f-4603-9049-7f6477ca6f67 is started using port 38204
2019-09-19 12:00:52,709 [main] INFO  ozone.MiniOzoneClusterImpl (MiniOzoneClusterImpl.java:lambda$waitForClusterToBeReady$0(140)) - Waiting for cluster to be ready. Got 0 of 10 DN Heartbeats.
2019-09-19 12:00:52,922 [IPC Server handler 3 on 46860] INFO  net.NetworkTopology (NetworkTopologyImpl.java:add(110)) - Added a new node: /default-rack/ccaa8f46-a720-4c9d-b367-b8e62fb2ca31
2019-09-19 12:00:52,922 [IPC Server handler 3 on 46860] INFO  node.SCMNodeManager (SCMNodeManager.java:register(266)) - Registered Data node : ccaa8f46-a720-4c9d-b367-b8e62fb2ca31{ip: 192.168.34.13, host: pr-hdds-2153-g484h-410672627, networkLocation: /default-rack, certSerialId: null}
2019-09-19 12:00:52,929 [EventQueue-NodeRegistrationContainerReportForDataNodeSafeModeRule] INFO  safemode.SCMSafeModeManager (DataNodeSafeModeRule.java:process(71)) - SCM in safe mode. 1 DataNodes registered, 1 required.
2019-09-19 12:00:52,929 [EventQueue-NodeRegistrationContainerReportForDataNodeSafeModeRule] INFO  safemode.SCMSafeModeManager (SCMSafeModeManager.java:validateSafeModeExitRules(177)) - ScmSafeModeManager, all rules are successfully validated
2019-09-19 12:00:52,930 [EventQueue-NodeRegistrationContainerReportForDataNodeSafeModeRule] INFO  safemode.SCMSafeModeManager (SCMSafeModeManager.java:exitSafeMode(193)) - SCM exiting safe mode.
2019-09-19 12:00:52,965 [IPC Server handler 4 on 46860] INFO  net.NetworkTopology (NetworkTopologyImpl.java:add(110)) - Added a new node: /default-rack/8f7c3f06-04e3-45b0-a756-eb146f11ca16
2019-09-19 12:00:52,966 [IPC Server handler 4 on 46860] INFO  node.SCMNodeManager (SCMNodeManager.java:register(266)) - Registered Data node : 8f7c3f06-04e3-45b0-a756-eb146f11ca16{ip: 192.168.34.13, host: pr-hdds-2153-g484h-410672627, networkLocation: /default-rack, certSerialId: null}
2019-09-19 12:00:53,036 [IPC Server handler 5 on 46860] INFO  net.NetworkTopology (NetworkTopologyImpl.java:add(110)) - Added a new node: /default-rack/14eab2a7-31b9-4bf4-80ab-c0ebf925c262
2019-09-19 12:00:53,037 [IPC Server handler 5 on 46860] INFO  node.SCMNodeManager (SCMNodeManager.java:register(266)) - Registered Data node : 14eab2a7-31b9-4bf4-80ab-c0ebf925c262{ip: 192.168.34.13, host: pr-hdds-2153-g484h-410672627, networkLocation: /default-rack, certSerialId: null}
2019-09-19 12:00:53,124 [IPC Server handler 6 on 46860] INFO  net.NetworkTopology (NetworkTopologyImpl.java:add(110)) - Added a new node: /default-rack/b61b9bc0-c8d8-4ce8-a569-0c84e6e62f96
2019-09-19 12:00:53,125 [IPC Server handler 6 on 46860] INFO  node.SCMNodeManager (SCMNodeManager.java:register(266)) - Registered Data node : b61b9bc0-c8d8-4ce8-a569-0c84e6e62f96{ip: 192.168.34.13, host: pr-hdds-2153-g484h-410672627, networkLocation: /default-rack, certSerialId: null}
2019-09-19 12:00:53,227 [IPC Server handler 7 on 46860] INFO  net.NetworkTopology (NetworkTopologyImpl.java:add(110)) - Added a new node: /default-rack/a729cdbd-f787-49c0-8e2c-44f1fb27cdba
2019-09-19 12:00:53,227 [IPC Server handler 7 on 46860] INFO  node.SCMNodeManager (SCMNodeManager.java:register(266)) - Registered Data node : a729cdbd-f787-49c0-8e2c-44f1fb27cdba{ip: 192.168.34.13, host: pr-hdds-2153-g484h-410672627, networkLocation: /default-rack, certSerialId: null}
2019-09-19 12:00:53,341 [IPC Server handler 8 on 46860] INFO  net.NetworkTopology (NetworkTopologyImpl.java:add(110)) - Added a new node: /default-rack/0eafe25b-eef3-4e6e-962a-cfdd69f48960
2019-09-19 12:00:53,341 [IPC Server handler 8 on 46860] INFO  node.SCMNodeManager (SCMNodeManager.java:register(266)) - Registered Data node : 0eafe25b-eef3-4e6e-962a-cfdd69f48960{ip: 192.168.34.13, host: pr-hdds-2153-g484h-410672627, networkLocation: /default-rack, certSerialId: null}
2019-09-19 12:00:53,443 [IPC Server handler 9 on 46860] INFO  net.NetworkTopology (NetworkTopologyImpl.java:add(110)) - Added a new node: /default-rack/ccd7891f-abf2-4840-bcfd-f7d46dfca276
2019-09-19 12:00:53,443 [IPC Server handler 9 on 46860] INFO  node.SCMNodeManager (SCMNodeManager.java:register(266)) - Registered Data node : ccd7891f-abf2-4840-bcfd-f7d46dfca276{ip: 192.168.34.13, host: pr-hdds-2153-g484h-410672627, networkLocation: /default-rack, certSerialId: null}
2019-09-19 12:00:53,524 [IPC Server handler 0 on 46860] INFO  net.NetworkTopology (NetworkTopologyImpl.java:add(110)) - Added a new node: /default-rack/2fa9f0f6-b6af-48ee-80c5-dd8119aa09d6
2019-09-19 12:00:53,524 [IPC Server handler 0 on 46860] INFO  node.SCMNodeManager (SCMNodeManager.java:register(266)) - Registered Data node : 2fa9f0f6-b6af-48ee-80c5-dd8119aa09d6{ip: 192.168.34.13, host: pr-hdds-2153-g484h-410672627, networkLocation: /default-rack, certSerialId: null}
2019-09-19 12:00:53,605 [grpc-default-executor-0] INFO  impl.RaftServerProxy (RaftServerProxy.java:addNew(89)) - ccaa8f46-a720-4c9d-b367-b8e62fb2ca31: addNew group-BBBA7E8A47D4:[ccaa8f46-a720-4c9d-b367-b8e62fb2ca31:192.168.34.13:37847] returns group-BBBA7E8A47D4:java.util.concurrent.CompletableFuture@4c815ed[Not completed]
2019-09-19 12:00:53,617 [IPC Server handler 1 on 46860] INFO  net.NetworkTopology (NetworkTopologyImpl.java:add(110)) - Added a new node: /default-rack/7d946ca7-a873-4723-b723-9ddee89d0bc7
2019-09-19 12:00:53,617 [IPC Server handler 1 on 46860] INFO  node.SCMNodeManager (SCMNodeManager.java:register(266)) - Registered Data node : 7d946ca7-a873-4723-b723-9ddee89d0bc7{ip: 192.168.34.13, host: pr-hdds-2153-g484h-410672627, networkLocation: /default-rack, certSerialId: null}
2019-09-19 12:00:53,628 [pool-27-thread-1] INFO  impl.RaftServerImpl (RaftServerImpl.java:<init>(95)) - ccaa8f46-a720-4c9d-b367-b8e62fb2ca31: new RaftServerImpl for group-BBBA7E8A47D4:[ccaa8f46-a720-4c9d-b367-b8e62fb2ca31:192.168.34.13:37847] with ContainerStateMachine:uninitialized
2019-09-19 12:00:53,630 [pool-27-thread-1] INFO  server.RaftServerConfigKeys (ConfUtils.java:logGet(43)) - raft.server.rpc.timeout.min = 1s (custom)
2019-09-19 12:00:53,632 [pool-27-thread-1] INFO  server.RaftServerConfigKeys (ConfUtils.java:logGet(43)) - raft.server.rpc.timeout.max = 1200ms (custom)
2019-09-19 12:00:53,632 [pool-27-thread-1] INFO  server.RaftServerConfigKeys (ConfUtils.java:logGet(43)) - raft.server.rpcslowness.timeout = 120s (custom)
2019-09-19 12:00:53,634 [pool-27-thread-1] INFO  server.RaftServerConfigKeys (ConfUtils.java:logGet(43)) - raft.server.sleep.deviation.threshold = 300 (default)
2019-09-19 12:00:53,635 [pool-27-thread-1] INFO  server.RaftServerConfigKeys (ConfUtils.java:logGet(43)) - raft.server.log.appender.install.snapshot.enabled = false (custom)
2019-09-19 12:00:53,645 [pool-27-thread-1] INFO  impl.RaftServerImpl (ServerState.java:<init>(103)) - ccaa8f46-a720-4c9d-b367-b8e62fb2ca31@group-BBBA7E8A47D4: ConfigurationManager, init=-1: [ccaa8f46-a720-4c9d-b367-b8e62fb2ca31:192.168.34.13:37847], old=null, confs=<EMPTY_MAP>
2019-09-19 12:00:53,645 [pool-27-thread-1] INFO  server.RaftServerConfigKeys (ConfUtils.java:logGet(43)) - raft.server.storage.dir = [/workdir/hadoop-ozone/integration-test/target/test-dir/MiniOzoneClusterImpl-d8add679-7105-42f6-bf2c-18911ac53160/datanode-0/data/ratis] (custom)
2019-09-19 12:00:53,655 [pool-27-thread-1] INFO  storage.RaftStorageDirectory (RaftStorageDirectory.java:analyzeStorage(246)) - The storage directory /workdir/hadoop-ozone/integration-test/target/test-dir/MiniOzoneClusterImpl-d8add679-7105-42f6-bf2c-18911ac53160/datanode-0/data/ratis/a626d566-f909-4d75-9153-bbba7e8a47d4 does not exist. Creating ...
2019-09-19 12:00:53,682 [pool-27-thread-1] INFO  storage.RaftStorageDirectory (RaftStorageDirectory.java:tryLock(328)) - Lock on /workdir/hadoop-ozone/integration-test/target/test-dir/MiniOzoneClusterImpl-d8add679-7105-42f6-bf2c-18911ac53160/datanode-0/data/ratis/a626d566-f909-4d75-9153-bbba7e8a47d4/in_use.lock acquired by nodename 7714@pr-hdds-2153-g484h-410672627
2019-09-19 12:00:53,688 [pool-27-thread-1] INFO  storage.RaftStorage (RaftStorage.java:format(72)) - Storage directory /workdir/hadoop-ozone/integration-test/target/test-dir/MiniOzoneClusterImpl-d8add679-7105-42f6-bf2c-18911ac53160/datanode-0/data/ratis/a626d566-f909-4d75-9153-bbba7e8a47d4 has been successfully formatted.
2019-09-19 12:00:53,691 [pool-27-thread-1] INFO  ratis.ContainerStateMachine (ContainerStateMachine.java:loadSnapshot(230)) - group-BBBA7E8A47D4: The snapshot info is null. Setting the last applied indexto:(t:0, i:~)
2019-09-19 12:00:53,691 [pool-27-thread-1] INFO  server.RaftServerConfigKeys (ConfUtils.java:logGet(43)) - raft.server.notification.no-leader.timeout = 120s (custom)
2019-09-19 12:00:53,694 [pool-27-thread-1] INFO  server.RaftServerConfigKeys (ConfUtils.java:logGet(43)) - raft.server.log.use.memory = false (default)
2019-09-19 12:00:53,701 [pool-27-thread-1] INFO  server.RaftServerConfigKeys (ConfUtils.java:logGet(43)) - raft.server.log.purge.gap = 1000000 (custom)
2019-09-19 12:00:53,701 [pool-27-thread-1] INFO  server.RaftServerConfigKeys (ConfUtils.java:logGet(43)) - raft.server.log.appender.buffer.byte-limit = 33554432 (custom)
2019-09-19 12:00:53,704 [pool-27-thread-1] INFO  server.RaftServerConfigKeys (ConfUtils.java:logGet(43)) - raft.server.log.segment.size.max = 1048576 (custom)
2019-09-19 12:00:53,718 [main] INFO  ozone.MiniOzoneClusterImpl (MiniOzoneClusterImpl.java:lambda$waitForClusterToBeReady$0(140)) - Waiting for cluster to be ready. Got 9 of 10 DN Heartbeats.
2019-09-19 12:00:53,728 [IPC Server handler 3 on 46860] INFO  net.NetworkTopology (NetworkTopologyImpl.java:add(110)) - Added a new node: /default-rack/0f3ef5c5-216f-4603-9049-7f6477ca6f67
2019-09-19 12:00:53,728 [IPC Server handler 3 on 46860] INFO  node.SCMNodeManager (SCMNodeManager.java:register(266)) - Registered Data node : 0f3ef5c5-216f-4603-9049-7f6477ca6f67{ip: 192.168.34.13, host: pr-hdds-2153-g484h-410672627, networkLocation: /default-rack, certSerialId: null}
2019-09-19 12:00:53,728 [pool-27-thread-1] INFO  server.RaftServerConfigKeys (ConfUtils.java:logGet(43)) - raft.server.log.segment.cache.num.max = 2 (custom)
2019-09-19 12:00:53,739 [pool-27-thread-1] INFO  segmented.SegmentedRaftLogWorker (SegmentedRaftLogWorker.java:<init>(172)) - new ccaa8f46-a720-4c9d-b367-b8e62fb2ca31@group-BBBA7E8A47D4-SegmentedRaftLogWorker for RaftStorage:Storage Directory /workdir/hadoop-ozone/integration-test/target/test-dir/MiniOzoneClusterImpl-d8add679-7105-42f6-bf2c-18911ac53160/datanode-0/data/ratis/a626d566-f909-4d75-9153-bbba7e8a47d4
2019-09-19 12:00:53,742 [pool-27-thread-1] INFO  impl.MetricsSystemImpl (MetricsSystemImpl.java:init(158)) - ratis metrics system started (again)
2019-09-19 12:00:53,792 [pool-27-thread-1] INFO  server.RaftServerConfigKeys (ConfUtils.java:logGet(43)) - raft.server.log.queue.byte-limit = 2147483647 (custom)
2019-09-19 12:00:53,793 [pool-27-thread-1] INFO  server.RaftServerConfigKeys (ConfUtils.java:logGet(43)) - raft.server.log.queue.element-limit = 1024 (custom)
2019-09-19 12:00:53,797 [pool-27-thread-1] INFO  server.RaftServerConfigKeys (ConfUtils.java:logGet(43)) - raft.server.log.segment.size.max = 1048576 (custom)
2019-09-19 12:00:53,797 [pool-27-thread-1] INFO  server.RaftServerConfigKeys (ConfUtils.java:logGet(43)) - raft.server.log.preallocated.size = 16384 (custom)
2019-09-19 12:00:53,797 [pool-27-thread-1] INFO  server.RaftServerConfigKeys (ConfUtils.java:logGet(43)) - raft.server.log.write.buffer.size = 33554432 (custom)
2019-09-19 12:00:53,798 [pool-27-thread-1] INFO  server.RaftServerConfigKeys (ConfUtils.java:logGet(43)) - raft.server.log.force.sync.num = 128 (default)
2019-09-19 12:00:53,799 [pool-27-thread-1] INFO  server.RaftServerConfigKeys (ConfUtils.java:logGet(43)) - raft.server.log.statemachine.data.sync = true (default)
2019-09-19 12:00:53,799 [pool-27-thread-1] INFO  server.RaftServerConfigKeys (ConfUtils.java:logGet(43)) - raft.server.log.statemachine.data.sync.timeout = 10s (default)
2019-09-19 12:00:53,800 [pool-27-thread-1] INFO  server.RaftServerConfigKeys (ConfUtils.java:logGet(43)) - raft.server.log.statemachine.data.sync.timeout.retry = -1 (default)
2019-09-19 12:00:53,808 [pool-27-thread-1] INFO  server.RaftServerConfigKeys (ConfUtils.java:logGet(43)) - raft.server.log.statemachine.data.caching.enabled = true (custom)
2019-09-19 12:00:53,813 [pool-27-thread-1] INFO  segmented.SegmentedRaftLogWorker (SegmentedRaftLogWorker.java:lambda$new$0(132)) - ccaa8f46-a720-4c9d-b367-b8e62fb2ca31@group-BBBA7E8A47D4-SegmentedRaftLogWorker: flushIndex: setUnconditionally 0 -> -1
2019-09-19 12:00:53,817 [pool-27-thread-1] INFO  server.RaftServerConfigKeys (ConfUtils.java:logGet(43)) - raft.server.snapshot.auto.trigger.enabled = true (custom)
2019-09-19 12:00:53,819 [pool-27-thread-1] INFO  server.RaftServerConfigKeys (ConfUtils.java:logGet(43)) - raft.server.snapshot.auto.trigger.threshold = 10000 (custom)
2019-09-19 12:00:53,819 [pool-27-thread-1] INFO  server.RaftServerConfigKeys (ConfUtils.java:logGet(43)) - raft.server.snapshot.retention.num.files = -1 (default)
2019-09-19 12:00:53,820 [pool-27-thread-1] INFO  server.RaftServerConfigKeys (ConfUtils.java:logGet(43)) - raft.server.retrycache.expirytime = 600000ms (custom)
2019-09-19 12:00:53,846 [pool-27-thread-1] INFO  impl.RaftServerImpl (RaftServerImpl.java:start(185)) - ccaa8f46-a720-4c9d-b367-b8e62fb2ca31@group-BBBA7E8A47D4: start as a follower, conf=-1: [ccaa8f46-a720-4c9d-b367-b8e62fb2ca31:192.168.34.13:37847], old=null
2019-09-19 12:00:53,847 [pool-27-thread-1] INFO  impl.RaftServerImpl (RaftServerImpl.java:setRole(174)) - ccaa8f46-a720-4c9d-b367-b8e62fb2ca31@group-BBBA7E8A47D4: changes role from      null to FOLLOWER at term 0 for startAsFollower
2019-09-19 12:00:53,848 [pool-27-thread-1] INFO  impl.RoleInfo (RoleInfo.java:updateAndGet(143)) - ccaa8f46-a720-4c9d-b367-b8e62fb2ca31: start FollowerState
2019-09-19 12:00:53,850 [pool-27-thread-1] INFO  util.JmxRegister (JmxRegister.java:tryRegister(44)) - Successfully registered JMX Bean with object name Ratis:service=RaftServer,group=group-BBBA7E8A47D4,id=ccaa8f46-a720-4c9d-b367-b8e62fb2ca31
2019-09-19 12:00:53,923 [RatisPipelineUtilsThread] INFO  pipeline.PipelineStateManager (PipelineStateManager.java:addPipeline(56)) - Created pipeline Pipeline[ Id: a626d566-f909-4d75-9153-bbba7e8a47d4, Nodes: ccaa8f46-a720-4c9d-b367-b8e62fb2ca31{ip: 192.168.34.13, host: pr-hdds-2153-g484h-410672627, networkLocation: /default-rack, certSerialId: null}, Type:RATIS, Factor:ONE, State:OPEN]
2019-09-19 12:00:53,949 [grpc-default-executor-0] INFO  impl.RaftServerProxy (RaftServerProxy.java:addNew(89)) - a729cdbd-f787-49c0-8e2c-44f1fb27cdba: addNew group-CB904ECECA12:[a729cdbd-f787-49c0-8e2c-44f1fb27cdba:192.168.34.13:46503] returns group-CB904ECECA12:java.util.concurrent.CompletableFuture@7882ff93[Not completed]
2019-09-19 12:00:54,010 [pool-67-thread-1] INFO  impl.RaftServerImpl (RaftServerImpl.java:<init>(95)) - a729cdbd-f787-49c0-8e2c-44f1fb27cdba: new RaftServerImpl for group-CB904ECECA12:[a729cdbd-f787-49c0-8e2c-44f1fb27cdba:192.168.34.13:46503] with ContainerStateMachine:uninitialized
2019-09-19 12:00:54,012 [pool-67-thread-1] INFO  server.RaftServerConfigKeys (ConfUtils.java:logGet(43)) - raft.server.rpc.timeout.min = 1s (custom)
2019-09-19 12:00:54,012 [pool-67-thread-1] INFO  server.RaftServerConfigKeys (ConfUtils.java:logGet(43)) - raft.server.rpc.timeout.max = 1200ms (custom)
2019-09-19 12:00:54,012 [pool-67-thread-1] INFO  server.RaftServerConfigKeys (ConfUtils.java:logGet(43)) - raft.server.rpcslowness.timeout = 120s (custom)
2019-09-19 12:00:54,012 [pool-67-thread-1] INFO  server.RaftServerConfigKeys (ConfUtils.java:logGet(43)) - raft.server.sleep.deviation.threshold = 300 (default)
2019-09-19 12:00:54,012 [pool-67-thread-1] INFO  server.RaftServerConfigKeys (ConfUtils.java:logGet(43)) - raft.server.log.appender.install.snapshot.enabled = false (custom)
2019-09-19 12:00:54,013 [pool-67-thread-1] INFO  impl.RaftServerImpl (ServerState.java:<init>(103)) - a729cdbd-f787-49c0-8e2c-44f1fb27cdba@group-CB904ECECA12: ConfigurationManager, init=-1: [a729cdbd-f787-49c0-8e2c-44f1fb27cdba:192.168.34.13:46503], old=null, confs=<EMPTY_MAP>
2019-09-19 12:00:54,013 [pool-67-thread-1] INFO  server.RaftServerConfigKeys (ConfUtils.java:logGet(43)) - raft.server.storage.dir = [/workdir/hadoop-ozone/integration-test/target/test-dir/MiniOzoneClusterImpl-d8add679-7105-42f6-bf2c-18911ac53160/datanode-4/data/ratis] (custom)
2019-09-19 12:00:54,014 [pool-67-thread-1] INFO  storage.RaftStorageDirectory (RaftStorageDirectory.java:analyzeStorage(246)) - The storage directory /workdir/hadoop-ozone/integration-test/target/test-dir/MiniOzoneClusterImpl-d8add679-7105-42f6-bf2c-18911ac53160/datanode-4/data/ratis/8889dd7d-74ac-492c-bb39-cb904ececa12 does not exist. Creating ...
2019-09-19 12:00:54,028 [pool-67-thread-1] INFO  storage.RaftStorageDirectory (RaftStorageDirectory.java:tryLock(328)) - Lock on /workdir/hadoop-ozone/integration-test/target/test-dir/MiniOzoneClusterImpl-d8add679-7105-42f6-bf2c-18911ac53160/datanode-4/data/ratis/8889dd7d-74ac-492c-bb39-cb904ececa12/in_use.lock acquired by nodename 7714@pr-hdds-2153-g484h-410672627
2019-09-19 12:00:54,041 [pool-67-thread-1] INFO  storage.RaftStorage (RaftStorage.java:format(72)) - Storage directory /workdir/hadoop-ozone/integration-test/target/test-dir/MiniOzoneClusterImpl-d8add679-7105-42f6-bf2c-18911ac53160/datanode-4/data/ratis/8889dd7d-74ac-492c-bb39-cb904ececa12 has been successfully formatted.
2019-09-19 12:00:54,044 [pool-67-thread-1] INFO  ratis.ContainerStateMachine (ContainerStateMachine.java:loadSnapshot(230)) - group-CB904ECECA12: The snapshot info is null. Setting the last applied indexto:(t:0, i:~)
2019-09-19 12:00:54,046 [pool-67-thread-1] INFO  server.RaftServerConfigKeys (ConfUtils.java:logGet(43)) - raft.server.notification.no-leader.timeout = 120s (custom)
2019-09-19 12:00:54,046 [pool-67-thread-1] INFO  server.RaftServerConfigKeys (ConfUtils.java:logGet(43)) - raft.server.log.use.memory = false (default)
2019-09-19 12:00:54,047 [pool-67-thread-1] INFO  server.RaftServerConfigKeys (ConfUtils.java:logGet(43)) - raft.server.log.purge.gap = 1000000 (custom)
2019-09-19 12:00:54,047 [pool-67-thread-1] INFO  server.RaftServerConfigKeys (ConfUtils.java:logGet(43)) - raft.server.log.appender.buffer.byte-limit = 33554432 (custom)
2019-09-19 12:00:54,047 [pool-67-thread-1] INFO  server.RaftServerConfigKeys (ConfUtils.java:logGet(43)) - raft.server.log.segment.size.max = 1048576 (custom)
2019-09-19 12:00:54,047 [pool-67-thread-1] INFO  server.RaftServerConfigKeys (ConfUtils.java:logGet(43)) - raft.server.log.segment.cache.num.max = 2 (custom)
2019-09-19 12:00:54,047 [pool-67-thread-1] INFO  segmented.SegmentedRaftLogWorker (SegmentedRaftLogWorker.java:<init>(172)) - new a729cdbd-f787-49c0-8e2c-44f1fb27cdba@group-CB904ECECA12-SegmentedRaftLogWorker for RaftStorage:Storage Directory /workdir/hadoop-ozone/integration-test/target/test-dir/MiniOzoneClusterImpl-d8add679-7105-42f6-bf2c-18911ac53160/datanode-4/data/ratis/8889dd7d-74ac-492c-bb39-cb904ececa12
2019-09-19 12:00:54,055 [pool-67-thread-1] INFO  server.RaftServerConfigKeys (ConfUtils.java:logGet(43)) - raft.server.log.queue.byte-limit = 2147483647 (custom)
2019-09-19 12:00:54,056 [pool-67-thread-1] INFO  server.RaftServerConfigKeys (ConfUtils.java:logGet(43)) - raft.server.log.queue.element-limit = 1024 (custom)
2019-09-19 12:00:54,056 [pool-67-thread-1] INFO  server.RaftServerConfigKeys (ConfUtils.java:logGet(43)) - raft.server.log.segment.size.max = 1048576 (custom)
2019-09-19 12:00:54,056 [pool-67-thread-1] INFO  server.RaftServerConfigKeys (ConfUtils.java:logGet(43)) - raft.server.log.preallocated.size = 16384 (custom)
2019-09-19 12:00:54,056 [pool-67-thread-1] INFO  server.RaftServerConfigKeys (ConfUtils.java:logGet(43)) - raft.server.log.write.buffer.size = 33554432 (custom)
2019-09-19 12:00:54,056 [pool-67-thread-1] INFO  server.RaftServerConfigKeys (ConfUtils.java:logGet(43)) - raft.server.log.force.sync.num = 128 (default)
2019-09-19 12:00:54,057 [pool-67-thread-1] INFO  server.RaftServerConfigKeys (ConfUtils.java:logGet(43)) - raft.server.log.statemachine.data.sync = true (default)
2019-09-19 12:00:54,057 [pool-67-thread-1] INFO  server.RaftServerConfigKeys (ConfUtils.java:logGet(43)) - raft.server.log.statemachine.data.sync.timeout = 10s (default)
2019-09-19 12:00:54,057 [pool-67-thread-1] INFO  server.RaftServerConfigKeys (ConfUtils.java:logGet(43)) - raft.server.log.statemachine.data.sync.timeout.retry = -1 (default)
2019-09-19 12:00:54,058 [pool-67-thread-1] INFO  server.RaftServerConfigKeys (ConfUtils.java:logGet(43)) - raft.server.log.statemachine.data.caching.enabled = true (custom)
2019-09-19 12:00:54,058 [pool-67-thread-1] INFO  segmented.SegmentedRaftLogWorker (SegmentedRaftLogWorker.java:lambda$new$0(132)) - a729cdbd-f787-49c0-8e2c-44f1fb27cdba@group-CB904ECECA12-SegmentedRaftLogWorker: flushIndex: setUnconditionally 0 -> -1
2019-09-19 12:00:54,058 [pool-67-thread-1] INFO  server.RaftServerConfigKeys (ConfUtils.java:logGet(43)) - raft.server.snapshot.auto.trigger.enabled = true (custom)
2019-09-19 12:00:54,059 [pool-67-thread-1] INFO  server.RaftServerConfigKeys (ConfUtils.java:logGet(43)) - raft.server.snapshot.auto.trigger.threshold = 10000 (custom)
2019-09-19 12:00:54,059 [pool-67-thread-1] INFO  server.RaftServerConfigKeys (ConfUtils.java:logGet(43)) - raft.server.snapshot.retention.num.files = -1 (default)
2019-09-19 12:00:54,059 [pool-67-thread-1] INFO  server.RaftServerConfigKeys (ConfUtils.java:logGet(43)) - raft.server.retrycache.expirytime = 600000ms (custom)
2019-09-19 12:00:54,065 [pool-67-thread-1] INFO  impl.RaftServerImpl (RaftServerImpl.java:start(185)) - a729cdbd-f787-49c0-8e2c-44f1fb27cdba@group-CB904ECECA12: start as a follower, conf=-1: [a729cdbd-f787-49c0-8e2c-44f1fb27cdba:192.168.34.13:46503], old=null
2019-09-19 12:00:54,065 [pool-67-thread-1] INFO  impl.RaftServerImpl (RaftServerImpl.java:setRole(174)) - a729cdbd-f787-49c0-8e2c-44f1fb27cdba@group-CB904ECECA12: changes role from      null to FOLLOWER at term 0 for startAsFollower
2019-09-19 12:00:54,066 [pool-67-thread-1] INFO  impl.RoleInfo (RoleInfo.java:updateAndGet(143)) - a729cdbd-f787-49c0-8e2c-44f1fb27cdba: start FollowerState
2019-09-19 12:00:54,068 [pool-67-thread-1] INFO  util.JmxRegister (JmxRegister.java:tryRegister(44)) - Successfully registered JMX Bean with object name Ratis:service=RaftServer,group=group-CB904ECECA12,id=a729cdbd-f787-49c0-8e2c-44f1fb27cdba
2019-09-19 12:00:54,084 [RatisPipelineUtilsThread] INFO  pipeline.PipelineStateManager (PipelineStateManager.java:addPipeline(56)) - Created pipeline Pipeline[ Id: 8889dd7d-74ac-492c-bb39-cb904ececa12, Nodes: a729cdbd-f787-49c0-8e2c-44f1fb27cdba{ip: 192.168.34.13, host: pr-hdds-2153-g484h-410672627, networkLocation: /default-rack, certSerialId: null}, Type:RATIS, Factor:ONE, State:OPEN]
2019-09-19 12:00:54,107 [grpc-default-executor-0] INFO  impl.RaftServerProxy (RaftServerProxy.java:addNew(89)) - 7d946ca7-a873-4723-b723-9ddee89d0bc7: addNew group-D84F5CC66694:[7d946ca7-a873-4723-b723-9ddee89d0bc7:192.168.34.13:44439] returns group-D84F5CC66694:java.util.concurrent.CompletableFuture@2a275de2[Not completed]
2019-09-19 12:00:54,138 [pool-107-thread-1] INFO  impl.RaftServerImpl (RaftServerImpl.java:<init>(95)) - 7d946ca7-a873-4723-b723-9ddee89d0bc7: new RaftServerImpl for group-D84F5CC66694:[7d946ca7-a873-4723-b723-9ddee89d0bc7:192.168.34.13:44439] with ContainerStateMachine:uninitialized
2019-09-19 12:00:54,138 [pool-107-thread-1] INFO  server.RaftServerConfigKeys (ConfUtils.java:logGet(43)) - raft.server.rpc.timeout.min = 1s (custom)
2019-09-19 12:00:54,139 [pool-107-thread-1] INFO  server.RaftServerConfigKeys (ConfUtils.java:logGet(43)) - raft.server.rpc.timeout.max = 1200ms (custom)
2019-09-19 12:00:54,139 [pool-107-thread-1] INFO  server.RaftServerConfigKeys (ConfUtils.java:logGet(43)) - raft.server.rpcslowness.timeout = 120s (custom)
2019-09-19 12:00:54,139 [pool-107-thread-1] INFO  server.RaftServerConfigKeys (ConfUtils.java:logGet(43)) - raft.server.sleep.deviation.threshold = 300 (default)
2019-09-19 12:00:54,139 [pool-107-thread-1] INFO  server.RaftServerConfigKeys (ConfUtils.java:logGet(43)) - raft.server.log.appender.install.snapshot.enabled = false (custom)
2019-09-19 12:00:54,139 [pool-107-thread-1] INFO  impl.RaftServerImpl (ServerState.java:<init>(103)) - 7d946ca7-a873-4723-b723-9ddee89d0bc7@group-D84F5CC66694: ConfigurationManager, init=-1: [7d946ca7-a873-4723-b723-9ddee89d0bc7:192.168.34.13:44439], old=null, confs=<EMPTY_MAP>
2019-09-19 12:00:54,139 [pool-107-thread-1] INFO  server.RaftServerConfigKeys (ConfUtils.java:logGet(43)) - raft.server.storage.dir = [/workdir/hadoop-ozone/integration-test/target/test-dir/MiniOzoneClusterImpl-d8add679-7105-42f6-bf2c-18911ac53160/datanode-8/data/ratis] (custom)
2019-09-19 12:00:54,140 [pool-107-thread-1] INFO  storage.RaftStorageDirectory (RaftStorageDirectory.java:analyzeStorage(246)) - The storage directory /workdir/hadoop-ozone/integration-test/target/test-dir/MiniOzoneClusterImpl-d8add679-7105-42f6-bf2c-18911ac53160/datanode-8/data/ratis/cb4ba112-27ff-4bf5-9e95-d84f5cc66694 does not exist. Creating ...
2019-09-19 12:00:54,153 [pool-107-thread-1] INFO  storage.RaftStorageDirectory (RaftStorageDirectory.java:tryLock(328)) - Lock on /workdir/hadoop-ozone/integration-test/target/test-dir/MiniOzoneClusterImpl-d8add679-7105-42f6-bf2c-18911ac53160/datanode-8/data/ratis/cb4ba112-27ff-4bf5-9e95-d84f5cc66694/in_use.lock acquired by nodename 7714@pr-hdds-2153-g484h-410672627
2019-09-19 12:00:54,166 [pool-107-thread-1] INFO  storage.RaftStorage (RaftStorage.java:format(72)) - Storage directory /workdir/hadoop-ozone/integration-test/target/test-dir/MiniOzoneClusterImpl-d8add679-7105-42f6-bf2c-18911ac53160/datanode-8/data/ratis/cb4ba112-27ff-4bf5-9e95-d84f5cc66694 has been successfully formatted.
2019-09-19 12:00:54,166 [pool-107-thread-1] INFO  ratis.ContainerStateMachine (ContainerStateMachine.java:loadSnapshot(230)) - group-D84F5CC66694: The snapshot info is null. Setting the last applied indexto:(t:0, i:~)
2019-09-19 12:00:54,167 [pool-107-thread-1] INFO  server.RaftServerConfigKeys (ConfUtils.java:logGet(43)) - raft.server.notification.no-leader.timeout = 120s (custom)
2019-09-19 12:00:54,167 [pool-107-thread-1] INFO  server.RaftServerConfigKeys (ConfUtils.java:logGet(43)) - raft.server.log.use.memory = false (default)
2019-09-19 12:00:54,167 [pool-107-thread-1] INFO  server.RaftServerConfigKeys (ConfUtils.java:logGet(43)) - raft.server.log.purge.gap = 1000000 (custom)
2019-09-19 12:00:54,167 [pool-107-thread-1] INFO  server.RaftServerConfigKeys (ConfUtils.java:logGet(43)) - raft.server.log.appender.buffer.byte-limit = 33554432 (custom)
2019-09-19 12:00:54,167 [pool-107-thread-1] INFO  server.RaftServerConfigKeys (ConfUtils.java:logGet(43)) - raft.server.log.segment.size.max = 1048576 (custom)
2019-09-19 12:00:54,168 [pool-107-thread-1] INFO  server.RaftServerConfigKeys (ConfUtils.java:logGet(43)) - raft.server.log.segment.cache.num.max = 2 (custom)
2019-09-19 12:00:54,168 [pool-107-thread-1] INFO  segmented.SegmentedRaftLogWorker (SegmentedRaftLogWorker.java:<init>(172)) - new 7d946ca7-a873-4723-b723-9ddee89d0bc7@group-D84F5CC66694-SegmentedRaftLogWorker for RaftStorage:Storage Directory /workdir/hadoop-ozone/integration-test/target/test-dir/MiniOzoneClusterImpl-d8add679-7105-42f6-bf2c-18911ac53160/datanode-8/data/ratis/cb4ba112-27ff-4bf5-9e95-d84f5cc66694
2019-09-19 12:00:54,236 [pool-107-thread-1] INFO  server.RaftServerConfigKeys (ConfUtils.java:logGet(43)) - raft.server.log.queue.byte-limit = 2147483647 (custom)
2019-09-19 12:00:54,237 [pool-107-thread-1] INFO  server.RaftServerConfigKeys (ConfUtils.java:logGet(43)) - raft.server.log.queue.element-limit = 1024 (custom)
2019-09-19 12:00:54,237 [pool-107-thread-1] INFO  server.RaftServerConfigKeys (ConfUtils.java:logGet(43)) - raft.server.log.segment.size.max = 1048576 (custom)
2019-09-19 12:00:54,237 [pool-107-thread-1] INFO  server.RaftServerConfigKeys (ConfUtils.java:logGet(43)) - raft.server.log.preallocated.size = 16384 (custom)
2019-09-19 12:00:54,237 [pool-107-thread-1] INFO  server.RaftServerConfigKeys (ConfUtils.java:logGet(43)) - raft.server.log.write.buffer.size = 33554432 (custom)
2019-09-19 12:00:54,237 [pool-107-thread-1] INFO  server.RaftServerConfigKeys (ConfUtils.java:logGet(43)) - raft.server.log.force.sync.num = 128 (default)
2019-09-19 12:00:54,237 [pool-107-thread-1] INFO  server.RaftServerConfigKeys (ConfUtils.java:logGet(43)) - raft.server.log.statemachine.data.sync = true (default)
2019-09-19 12:00:54,237 [pool-107-thread-1] INFO  server.RaftServerConfigKeys (ConfUtils.java:logGet(43)) - raft.server.log.statemachine.data.sync.timeout = 10s (default)
2019-09-19 12:00:54,238 [pool-107-thread-1] INFO  server.RaftServerConfigKeys (ConfUtils.java:logGet(43)) - raft.server.log.statemachine.data.sync.timeout.retry = -1 (default)
2019-09-19 12:00:54,238 [pool-107-thread-1] INFO  server.RaftServerConfigKeys (ConfUtils.java:logGet(43)) - raft.server.log.statemachine.data.caching.enabled = true (custom)
2019-09-19 12:00:54,238 [pool-107-thread-1] INFO  segmented.SegmentedRaftLogWorker (SegmentedRaftLogWorker.java:lambda$new$0(132)) - 7d946ca7-a873-4723-b723-9ddee89d0bc7@group-D84F5CC66694-SegmentedRaftLogWorker: flushIndex: setUnconditionally 0 -> -1
2019-09-19 12:00:54,239 [pool-107-thread-1] INFO  server.RaftServerConfigKeys (ConfUtils.java:logGet(43)) - raft.server.snapshot.auto.trigger.enabled = true (custom)
2019-09-19 12:00:54,239 [pool-107-thread-1] INFO  server.RaftServerConfigKeys (ConfUtils.java:logGet(43)) - raft.server.snapshot.auto.trigger.threshold = 10000 (custom)
2019-09-19 12:00:54,239 [pool-107-thread-1] INFO  server.RaftServerConfigKeys (ConfUtils.java:logGet(43)) - raft.server.snapshot.retention.num.files = -1 (default)
2019-09-19 12:00:54,239 [pool-107-thread-1] INFO  server.RaftServerConfigKeys (ConfUtils.java:logGet(43)) - raft.server.retrycache.expirytime = 600000ms (custom)
2019-09-19 12:00:54,245 [pool-107-thread-1] INFO  impl.RaftServerImpl (RaftServerImpl.java:start(185)) - 7d946ca7-a873-4723-b723-9ddee89d0bc7@group-D84F5CC66694: start as a follower, conf=-1: [7d946ca7-a873-4723-b723-9ddee89d0bc7:192.168.34.13:44439], old=null
2019-09-19 12:00:54,245 [pool-107-thread-1] INFO  impl.RaftServerImpl (RaftServerImpl.java:setRole(174)) - 7d946ca7-a873-4723-b723-9ddee89d0bc7@group-D84F5CC66694: changes role from      null to FOLLOWER at term 0 for startAsFollower
2019-09-19 12:00:54,245 [pool-107-thread-1] INFO  impl.RoleInfo (RoleInfo.java:updateAndGet(143)) - 7d946ca7-a873-4723-b723-9ddee89d0bc7: start FollowerState
2019-09-19 12:00:54,246 [pool-107-thread-1] INFO  util.JmxRegister (JmxRegister.java:tryRegister(44)) - Successfully registered JMX Bean with object name Ratis:service=RaftServer,group=group-D84F5CC66694,id=7d946ca7-a873-4723-b723-9ddee89d0bc7
2019-09-19 12:00:54,262 [RatisPipelineUtilsThread] INFO  pipeline.PipelineStateManager (PipelineStateManager.java:addPipeline(56)) - Created pipeline Pipeline[ Id: cb4ba112-27ff-4bf5-9e95-d84f5cc66694, Nodes: 7d946ca7-a873-4723-b723-9ddee89d0bc7{ip: 192.168.34.13, host: pr-hdds-2153-g484h-410672627, networkLocation: /default-rack, certSerialId: null}, Type:RATIS, Factor:ONE, State:OPEN]
2019-09-19 12:00:54,289 [grpc-default-executor-0] INFO  impl.RaftServerProxy (RaftServerProxy.java:addNew(89)) - b61b9bc0-c8d8-4ce8-a569-0c84e6e62f96: addNew group-A959921C772B:[b61b9bc0-c8d8-4ce8-a569-0c84e6e62f96:192.168.34.13:36095] returns group-A959921C772B:java.util.concurrent.CompletableFuture@174cc310[Not completed]
2019-09-19 12:00:54,294 [pool-57-thread-1] INFO  impl.RaftServerImpl (RaftServerImpl.java:<init>(95)) - b61b9bc0-c8d8-4ce8-a569-0c84e6e62f96: new RaftServerImpl for group-A959921C772B:[b61b9bc0-c8d8-4ce8-a569-0c84e6e62f96:192.168.34.13:36095] with ContainerStateMachine:uninitialized
2019-09-19 12:00:54,295 [pool-57-thread-1] INFO  server.RaftServerConfigKeys (ConfUtils.java:logGet(43)) - raft.server.rpc.timeout.min = 1s (custom)
2019-09-19 12:00:54,295 [pool-57-thread-1] INFO  server.RaftServerConfigKeys (ConfUtils.java:logGet(43)) - raft.server.rpc.timeout.max = 1200ms (custom)
2019-09-19 12:00:54,295 [pool-57-thread-1] INFO  server.RaftServerConfigKeys (ConfUtils.java:logGet(43)) - raft.server.rpcslowness.timeout = 120s (custom)
2019-09-19 12:00:54,295 [pool-57-thread-1] INFO  server.RaftServerConfigKeys (ConfUtils.java:logGet(43)) - raft.server.sleep.deviation.threshold = 300 (default)
2019-09-19 12:00:54,295 [pool-57-thread-1] INFO  server.RaftServerConfigKeys (ConfUtils.java:logGet(43)) - raft.server.log.appender.install.snapshot.enabled = false (custom)
2019-09-19 12:00:54,295 [pool-57-thread-1] INFO  impl.RaftServerImpl (ServerState.java:<init>(103)) - b61b9bc0-c8d8-4ce8-a569-0c84e6e62f96@group-A959921C772B: ConfigurationManager, init=-1: [b61b9bc0-c8d8-4ce8-a569-0c84e6e62f96:192.168.34.13:36095], old=null, confs=<EMPTY_MAP>
2019-09-19 12:00:54,296 [pool-57-thread-1] INFO  server.RaftServerConfigKeys (ConfUtils.java:logGet(43)) - raft.server.storage.dir = [/workdir/hadoop-ozone/integration-test/target/test-dir/MiniOzoneClusterImpl-d8add679-7105-42f6-bf2c-18911ac53160/datanode-3/data/ratis] (custom)
2019-09-19 12:00:54,296 [pool-57-thread-1] INFO  storage.RaftStorageDirectory (RaftStorageDirectory.java:analyzeStorage(246)) - The storage directory /workdir/hadoop-ozone/integration-test/target/test-dir/MiniOzoneClusterImpl-d8add679-7105-42f6-bf2c-18911ac53160/datanode-3/data/ratis/3c584ef5-740f-45c8-ad55-a959921c772b does not exist. Creating ...
2019-09-19 12:00:54,319 [pool-57-thread-1] INFO  storage.RaftStorageDirectory (RaftStorageDirectory.java:tryLock(328)) - Lock on /workdir/hadoop-ozone/integration-test/target/test-dir/MiniOzoneClusterImpl-d8add679-7105-42f6-bf2c-18911ac53160/datanode-3/data/ratis/3c584ef5-740f-45c8-ad55-a959921c772b/in_use.lock acquired by nodename 7714@pr-hdds-2153-g484h-410672627
2019-09-19 12:00:54,333 [pool-57-thread-1] INFO  storage.RaftStorage (RaftStorage.java:format(72)) - Storage directory /workdir/hadoop-ozone/integration-test/target/test-dir/MiniOzoneClusterImpl-d8add679-7105-42f6-bf2c-18911ac53160/datanode-3/data/ratis/3c584ef5-740f-45c8-ad55-a959921c772b has been successfully formatted.
2019-09-19 12:00:54,333 [pool-57-thread-1] INFO  ratis.ContainerStateMachine (ContainerStateMachine.java:loadSnapshot(230)) - group-A959921C772B: The snapshot info is null. Setting the last applied indexto:(t:0, i:~)
2019-09-19 12:00:54,334 [pool-57-thread-1] INFO  server.RaftServerConfigKeys (ConfUtils.java:logGet(43)) - raft.server.notification.no-leader.timeout = 120s (custom)
2019-09-19 12:00:54,334 [pool-57-thread-1] INFO  server.RaftServerConfigKeys (ConfUtils.java:logGet(43)) - raft.server.log.use.memory = false (default)
2019-09-19 12:00:54,334 [pool-57-thread-1] INFO  server.RaftServerConfigKeys (ConfUtils.java:logGet(43)) - raft.server.log.purge.gap = 1000000 (custom)
2019-09-19 12:00:54,335 [pool-57-thread-1] INFO  server.RaftServerConfigKeys (ConfUtils.java:logGet(43)) - raft.server.log.appender.buffer.byte-limit = 33554432 (custom)
2019-09-19 12:00:54,335 [pool-57-thread-1] INFO  server.RaftServerConfigKeys (ConfUtils.java:logGet(43)) - raft.server.log.segment.size.max = 1048576 (custom)
2019-09-19 12:00:54,335 [pool-57-thread-1] INFO  server.RaftServerConfigKeys (ConfUtils.java:logGet(43)) - raft.server.log.segment.cache.num.max = 2 (custom)
2019-09-19 12:00:54,336 [pool-57-thread-1] INFO  segmented.SegmentedRaftLogWorker (SegmentedRaftLogWorker.java:<init>(172)) - new b61b9bc0-c8d8-4ce8-a569-0c84e6e62f96@group-A959921C772B-SegmentedRaftLogWorker for RaftStorage:Storage Directory /workdir/hadoop-ozone/integration-test/target/test-dir/MiniOzoneClusterImpl-d8add679-7105-42f6-bf2c-18911ac53160/datanode-3/data/ratis/3c584ef5-740f-45c8-ad55-a959921c772b
2019-09-19 12:00:54,345 [pool-57-thread-1] INFO  server.RaftServerConfigKeys (ConfUtils.java:logGet(43)) - raft.server.log.queue.byte-limit = 2147483647 (custom)
2019-09-19 12:00:54,345 [pool-57-thread-1] INFO  server.RaftServerConfigKeys (ConfUtils.java:logGet(43)) - raft.server.log.queue.element-limit = 1024 (custom)
2019-09-19 12:00:54,345 [pool-57-thread-1] INFO  server.RaftServerConfigKeys (ConfUtils.java:logGet(43)) - raft.server.log.segment.size.max = 1048576 (custom)
2019-09-19 12:00:54,345 [pool-57-thread-1] INFO  server.RaftServerConfigKeys (ConfUtils.java:logGet(43)) - raft.server.log.preallocated.size = 16384 (custom)
2019-09-19 12:00:54,345 [pool-57-thread-1] INFO  server.RaftServerConfigKeys (ConfUtils.java:logGet(43)) - raft.server.log.write.buffer.size = 33554432 (custom)
2019-09-19 12:00:54,346 [pool-57-thread-1] INFO  server.RaftServerConfigKeys (ConfUtils.java:logGet(43)) - raft.server.log.force.sync.num = 128 (default)
2019-09-19 12:00:54,346 [pool-57-thread-1] INFO  server.RaftServerConfigKeys (ConfUtils.java:logGet(43)) - raft.server.log.statemachine.data.sync = true (default)
2019-09-19 12:00:54,346 [pool-57-thread-1] INFO  server.RaftServerConfigKeys (ConfUtils.java:logGet(43)) - raft.server.log.statemachine.data.sync.timeout = 10s (default)
2019-09-19 12:00:54,346 [pool-57-thread-1] INFO  server.RaftServerConfigKeys (ConfUtils.java:logGet(43)) - raft.server.log.statemachine.data.sync.timeout.retry = -1 (default)
2019-09-19 12:00:54,346 [pool-57-thread-1] INFO  server.RaftServerConfigKeys (ConfUtils.java:logGet(43)) - raft.server.log.statemachine.data.caching.enabled = true (custom)
2019-09-19 12:00:54,347 [pool-57-thread-1] INFO  segmented.SegmentedRaftLogWorker (SegmentedRaftLogWorker.java:lambda$new$0(132)) - b61b9bc0-c8d8-4ce8-a569-0c84e6e62f96@group-A959921C772B-SegmentedRaftLogWorker: flushIndex: setUnconditionally 0 -> -1
2019-09-19 12:00:54,347 [pool-57-thread-1] INFO  server.RaftServerConfigKeys (ConfUtils.java:logGet(43)) - raft.server.snapshot.auto.trigger.enabled = true (custom)
2019-09-19 12:00:54,347 [pool-57-thread-1] INFO  server.RaftServerConfigKeys (ConfUtils.java:logGet(43)) - raft.server.snapshot.auto.trigger.threshold = 10000 (custom)
2019-09-19 12:00:54,347 [pool-57-thread-1] INFO  server.RaftServerConfigKeys (ConfUtils.java:logGet(43)) - raft.server.snapshot.retention.num.files = -1 (default)
2019-09-19 12:00:54,348 [pool-57-thread-1] INFO  server.RaftServerConfigKeys (ConfUtils.java:logGet(43)) - raft.server.retrycache.expirytime = 600000ms (custom)
2019-09-19 12:00:54,352 [pool-57-thread-1] INFO  impl.RaftServerImpl (RaftServerImpl.java:start(185)) - b61b9bc0-c8d8-4ce8-a569-0c84e6e62f96@group-A959921C772B: start as a follower, conf=-1: [b61b9bc0-c8d8-4ce8-a569-0c84e6e62f96:192.168.34.13:36095], old=null
2019-09-19 12:00:54,353 [pool-57-thread-1] INFO  impl.RaftServerImpl (RaftServerImpl.java:setRole(174)) - b61b9bc0-c8d8-4ce8-a569-0c84e6e62f96@group-A959921C772B: changes role from      null to FOLLOWER at term 0 for startAsFollower
2019-09-19 12:00:54,353 [pool-57-thread-1] INFO  impl.RoleInfo (RoleInfo.java:updateAndGet(143)) - b61b9bc0-c8d8-4ce8-a569-0c84e6e62f96: start FollowerState
2019-09-19 12:00:54,353 [pool-57-thread-1] INFO  util.JmxRegister (JmxRegister.java:tryRegister(44)) - Successfully registered JMX Bean with object name Ratis:service=RaftServer,group=group-A959921C772B,id=b61b9bc0-c8d8-4ce8-a569-0c84e6e62f96
2019-09-19 12:00:54,374 [RatisPipelineUtilsThread] INFO  pipeline.PipelineStateManager (PipelineStateManager.java:addPipeline(56)) - Created pipeline Pipeline[ Id: 3c584ef5-740f-45c8-ad55-a959921c772b, Nodes: b61b9bc0-c8d8-4ce8-a569-0c84e6e62f96{ip: 192.168.34.13, host: pr-hdds-2153-g484h-410672627, networkLocation: /default-rack, certSerialId: null}, Type:RATIS, Factor:ONE, State:OPEN]
2019-09-19 12:00:54,394 [grpc-default-executor-0] INFO  impl.RaftServerProxy (RaftServerProxy.java:addNew(89)) - 2fa9f0f6-b6af-48ee-80c5-dd8119aa09d6: addNew group-89A1A75A4DAA:[2fa9f0f6-b6af-48ee-80c5-dd8119aa09d6:192.168.34.13:39061] returns group-89A1A75A4DAA:java.util.concurrent.CompletableFuture@74857dd1[Not completed]
2019-09-19 12:00:54,401 [pool-97-thread-1] INFO  impl.RaftServerImpl (RaftServerImpl.java:<init>(95)) - 2fa9f0f6-b6af-48ee-80c5-dd8119aa09d6: new RaftServerImpl for group-89A1A75A4DAA:[2fa9f0f6-b6af-48ee-80c5-dd8119aa09d6:192.168.34.13:39061] with ContainerStateMachine:uninitialized
2019-09-19 12:00:54,402 [pool-97-thread-1] INFO  server.RaftServerConfigKeys (ConfUtils.java:logGet(43)) - raft.server.rpc.timeout.min = 1s (custom)
2019-09-19 12:00:54,402 [pool-97-thread-1] INFO  server.RaftServerConfigKeys (ConfUtils.java:logGet(43)) - raft.server.rpc.timeout.max = 1200ms (custom)
2019-09-19 12:00:54,402 [pool-97-thread-1] INFO  server.RaftServerConfigKeys (ConfUtils.java:logGet(43)) - raft.server.rpcslowness.timeout = 120s (custom)
2019-09-19 12:00:54,402 [pool-97-thread-1] INFO  server.RaftServerConfigKeys (ConfUtils.java:logGet(43)) - raft.server.sleep.deviation.threshold = 300 (default)
2019-09-19 12:00:54,402 [pool-97-thread-1] INFO  server.RaftServerConfigKeys (ConfUtils.java:logGet(43)) - raft.server.log.appender.install.snapshot.enabled = false (custom)
2019-09-19 12:00:54,403 [pool-97-thread-1] INFO  impl.RaftServerImpl (ServerState.java:<init>(103)) - 2fa9f0f6-b6af-48ee-80c5-dd8119aa09d6@group-89A1A75A4DAA: ConfigurationManager, init=-1: [2fa9f0f6-b6af-48ee-80c5-dd8119aa09d6:192.168.34.13:39061], old=null, confs=<EMPTY_MAP>
2019-09-19 12:00:54,403 [pool-97-thread-1] INFO  server.RaftServerConfigKeys (ConfUtils.java:logGet(43)) - raft.server.storage.dir = [/workdir/hadoop-ozone/integration-test/target/test-dir/MiniOzoneClusterImpl-d8add679-7105-42f6-bf2c-18911ac53160/datanode-7/data/ratis] (custom)
2019-09-19 12:00:54,404 [pool-97-thread-1] INFO  storage.RaftStorageDirectory (RaftStorageDirectory.java:analyzeStorage(246)) - The storage directory /workdir/hadoop-ozone/integration-test/target/test-dir/MiniOzoneClusterImpl-d8add679-7105-42f6-bf2c-18911ac53160/datanode-7/data/ratis/ab7dfb59-a4c6-42f9-9e7d-89a1a75a4daa does not exist. Creating ...
2019-09-19 12:00:54,417 [pool-97-thread-1] INFO  storage.RaftStorageDirectory (RaftStorageDirectory.java:tryLock(328)) - Lock on /workdir/hadoop-ozone/integration-test/target/test-dir/MiniOzoneClusterImpl-d8add679-7105-42f6-bf2c-18911ac53160/datanode-7/data/ratis/ab7dfb59-a4c6-42f9-9e7d-89a1a75a4daa/in_use.lock acquired by nodename 7714@pr-hdds-2153-g484h-410672627
2019-09-19 12:00:54,431 [pool-97-thread-1] INFO  storage.RaftStorage (RaftStorage.java:format(72)) - Storage directory /workdir/hadoop-ozone/integration-test/target/test-dir/MiniOzoneClusterImpl-d8add679-7105-42f6-bf2c-18911ac53160/datanode-7/data/ratis/ab7dfb59-a4c6-42f9-9e7d-89a1a75a4daa has been successfully formatted.
2019-09-19 12:00:54,431 [pool-97-thread-1] INFO  ratis.ContainerStateMachine (ContainerStateMachine.java:loadSnapshot(230)) - group-89A1A75A4DAA: The snapshot info is null. Setting the last applied indexto:(t:0, i:~)
2019-09-19 12:00:54,431 [pool-97-thread-1] INFO  server.RaftServerConfigKeys (ConfUtils.java:logGet(43)) - raft.server.notification.no-leader.timeout = 120s (custom)
2019-09-19 12:00:54,431 [pool-97-thread-1] INFO  server.RaftServerConfigKeys (ConfUtils.java:logGet(43)) - raft.server.log.use.memory = false (default)
2019-09-19 12:00:54,431 [pool-97-thread-1] INFO  server.RaftServerConfigKeys (ConfUtils.java:logGet(43)) - raft.server.log.purge.gap = 1000000 (custom)
2019-09-19 12:00:54,432 [pool-97-thread-1] INFO  server.RaftServerConfigKeys (ConfUtils.java:logGet(43)) - raft.server.log.appender.buffer.byte-limit = 33554432 (custom)
2019-09-19 12:00:54,432 [pool-97-thread-1] INFO  server.RaftServerConfigKeys (ConfUtils.java:logGet(43)) - raft.server.log.segment.size.max = 1048576 (custom)
2019-09-19 12:00:54,432 [pool-97-thread-1] INFO  server.RaftServerConfigKeys (ConfUtils.java:logGet(43)) - raft.server.log.segment.cache.num.max = 2 (custom)
2019-09-19 12:00:54,432 [pool-97-thread-1] INFO  segmented.SegmentedRaftLogWorker (SegmentedRaftLogWorker.java:<init>(172)) - new 2fa9f0f6-b6af-48ee-80c5-dd8119aa09d6@group-89A1A75A4DAA-SegmentedRaftLogWorker for RaftStorage:Storage Directory /workdir/hadoop-ozone/integration-test/target/test-dir/MiniOzoneClusterImpl-d8add679-7105-42f6-bf2c-18911ac53160/datanode-7/data/ratis/ab7dfb59-a4c6-42f9-9e7d-89a1a75a4daa
2019-09-19 12:00:54,437 [pool-97-thread-1] INFO  server.RaftServerConfigKeys (ConfUtils.java:logGet(43)) - raft.server.log.queue.byte-limit = 2147483647 (custom)
2019-09-19 12:00:54,437 [pool-97-thread-1] INFO  server.RaftServerConfigKeys (ConfUtils.java:logGet(43)) - raft.server.log.queue.element-limit = 1024 (custom)
2019-09-19 12:00:54,438 [pool-97-thread-1] INFO  server.RaftServerConfigKeys (ConfUtils.java:logGet(43)) - raft.server.log.segment.size.max = 1048576 (custom)
2019-09-19 12:00:54,438 [pool-97-thread-1] INFO  server.RaftServerConfigKeys (ConfUtils.java:logGet(43)) - raft.server.log.preallocated.size = 16384 (custom)
2019-09-19 12:00:54,438 [pool-97-thread-1] INFO  server.RaftServerConfigKeys (ConfUtils.java:logGet(43)) - raft.server.log.write.buffer.size = 33554432 (custom)
2019-09-19 12:00:54,438 [pool-97-thread-1] INFO  server.RaftServerConfigKeys (ConfUtils.java:logGet(43)) - raft.server.log.force.sync.num = 128 (default)
2019-09-19 12:00:54,438 [pool-97-thread-1] INFO  server.RaftServerConfigKeys (ConfUtils.java:logGet(43)) - raft.server.log.statemachine.data.sync = true (default)
2019-09-19 12:00:54,439 [pool-97-thread-1] INFO  server.RaftServerConfigKeys (ConfUtils.java:logGet(43)) - raft.server.log.statemachine.data.sync.timeout = 10s (default)
2019-09-19 12:00:54,439 [pool-97-thread-1] INFO  server.RaftServerConfigKeys (ConfUtils.java:logGet(43)) - raft.server.log.statemachine.data.sync.timeout.retry = -1 (default)
2019-09-19 12:00:54,439 [pool-97-thread-1] INFO  server.RaftServerConfigKeys (ConfUtils.java:logGet(43)) - raft.server.log.statemachine.data.caching.enabled = true (custom)
2019-09-19 12:00:54,440 [pool-97-thread-1] INFO  segmented.SegmentedRaftLogWorker (SegmentedRaftLogWorker.java:lambda$new$0(132)) - 2fa9f0f6-b6af-48ee-80c5-dd8119aa09d6@group-89A1A75A4DAA-SegmentedRaftLogWorker: flushIndex: setUnconditionally 0 -> -1
2019-09-19 12:00:54,440 [pool-97-thread-1] INFO  server.RaftServerConfigKeys (ConfUtils.java:logGet(43)) - raft.server.snapshot.auto.trigger.enabled = true (custom)
2019-09-19 12:00:54,440 [pool-97-thread-1] INFO  server.RaftServerConfigKeys (ConfUtils.java:logGet(43)) - raft.server.snapshot.auto.trigger.threshold = 10000 (custom)
2019-09-19 12:00:54,440 [pool-97-thread-1] INFO  server.RaftServerConfigKeys (ConfUtils.java:logGet(43)) - raft.server.snapshot.retention.num.files = -1 (default)
2019-09-19 12:00:54,441 [pool-97-thread-1] INFO  server.RaftServerConfigKeys (ConfUtils.java:logGet(43)) - raft.server.retrycache.expirytime = 600000ms (custom)
2019-09-19 12:00:54,445 [pool-97-thread-1] INFO  impl.RaftServerImpl (RaftServerImpl.java:start(185)) - 2fa9f0f6-b6af-48ee-80c5-dd8119aa09d6@group-89A1A75A4DAA: start as a follower, conf=-1: [2fa9f0f6-b6af-48ee-80c5-dd8119aa09d6:192.168.34.13:39061], old=null
2019-09-19 12:00:54,445 [pool-97-thread-1] INFO  impl.RaftServerImpl (RaftServerImpl.java:setRole(174)) - 2fa9f0f6-b6af-48ee-80c5-dd8119aa09d6@group-89A1A75A4DAA: changes role from      null to FOLLOWER at term 0 for startAsFollower
2019-09-19 12:00:54,446 [pool-97-thread-1] INFO  impl.RoleInfo (RoleInfo.java:updateAndGet(143)) - 2fa9f0f6-b6af-48ee-80c5-dd8119aa09d6: start FollowerState
2019-09-19 12:00:54,446 [pool-97-thread-1] INFO  util.JmxRegister (JmxRegister.java:tryRegister(44)) - Successfully registered JMX Bean with object name Ratis:service=RaftServer,group=group-89A1A75A4DAA,id=2fa9f0f6-b6af-48ee-80c5-dd8119aa09d6
2019-09-19 12:00:54,462 [RatisPipelineUtilsThread] INFO  pipeline.PipelineStateManager (PipelineStateManager.java:addPipeline(56)) - Created pipeline Pipeline[ Id: ab7dfb59-a4c6-42f9-9e7d-89a1a75a4daa, Nodes: 2fa9f0f6-b6af-48ee-80c5-dd8119aa09d6{ip: 192.168.34.13, host: pr-hdds-2153-g484h-410672627, networkLocation: /default-rack, certSerialId: null}, Type:RATIS, Factor:ONE, State:OPEN]
2019-09-19 12:00:54,479 [grpc-default-executor-0] INFO  impl.RaftServerProxy (RaftServerProxy.java:addNew(89)) - 14eab2a7-31b9-4bf4-80ab-c0ebf925c262: addNew group-C8E0D2DAE8CD:[14eab2a7-31b9-4bf4-80ab-c0ebf925c262:192.168.34.13:37038] returns group-C8E0D2DAE8CD:java.util.concurrent.CompletableFuture@2da8b5a4[Not completed]
2019-09-19 12:00:54,485 [pool-47-thread-1] INFO  impl.RaftServerImpl (RaftServerImpl.java:<init>(95)) - 14eab2a7-31b9-4bf4-80ab-c0ebf925c262: new RaftServerImpl for group-C8E0D2DAE8CD:[14eab2a7-31b9-4bf4-80ab-c0ebf925c262:192.168.34.13:37038] with ContainerStateMachine:uninitialized
2019-09-19 12:00:54,485 [pool-47-thread-1] INFO  server.RaftServerConfigKeys (ConfUtils.java:logGet(43)) - raft.server.rpc.timeout.min = 1s (custom)
2019-09-19 12:00:54,486 [pool-47-thread-1] INFO  server.RaftServerConfigKeys (ConfUtils.java:logGet(43)) - raft.server.rpc.timeout.max = 1200ms (custom)
2019-09-19 12:00:54,486 [pool-47-thread-1] INFO  server.RaftServerConfigKeys (ConfUtils.java:logGet(43)) - raft.server.rpcslowness.timeout = 120s (custom)
2019-09-19 12:00:54,486 [pool-47-thread-1] INFO  server.RaftServerConfigKeys (ConfUtils.java:logGet(43)) - raft.server.sleep.deviation.threshold = 300 (default)
2019-09-19 12:00:54,486 [pool-47-thread-1] INFO  server.RaftServerConfigKeys (ConfUtils.java:logGet(43)) - raft.server.log.appender.install.snapshot.enabled = false (custom)
2019-09-19 12:00:54,486 [pool-47-thread-1] INFO  impl.RaftServerImpl (ServerState.java:<init>(103)) - 14eab2a7-31b9-4bf4-80ab-c0ebf925c262@group-C8E0D2DAE8CD: ConfigurationManager, init=-1: [14eab2a7-31b9-4bf4-80ab-c0ebf925c262:192.168.34.13:37038], old=null, confs=<EMPTY_MAP>
2019-09-19 12:00:54,487 [pool-47-thread-1] INFO  server.RaftServerConfigKeys (ConfUtils.java:logGet(43)) - raft.server.storage.dir = [/workdir/hadoop-ozone/integration-test/target/test-dir/MiniOzoneClusterImpl-d8add679-7105-42f6-bf2c-18911ac53160/datanode-2/data/ratis] (custom)
2019-09-19 12:00:54,487 [pool-47-thread-1] INFO  storage.RaftStorageDirectory (RaftStorageDirectory.java:analyzeStorage(246)) - The storage directory /workdir/hadoop-ozone/integration-test/target/test-dir/MiniOzoneClusterImpl-d8add679-7105-42f6-bf2c-18911ac53160/datanode-2/data/ratis/b515fb10-8cb2-45af-a3f3-c8e0d2dae8cd does not exist. Creating ...
2019-09-19 12:00:54,500 [pool-47-thread-1] INFO  storage.RaftStorageDirectory (RaftStorageDirectory.java:tryLock(328)) - Lock on /workdir/hadoop-ozone/integration-test/target/test-dir/MiniOzoneClusterImpl-d8add679-7105-42f6-bf2c-18911ac53160/datanode-2/data/ratis/b515fb10-8cb2-45af-a3f3-c8e0d2dae8cd/in_use.lock acquired by nodename 7714@pr-hdds-2153-g484h-410672627
2019-09-19 12:00:54,513 [pool-47-thread-1] INFO  storage.RaftStorage (RaftStorage.java:format(72)) - Storage directory /workdir/hadoop-ozone/integration-test/target/test-dir/MiniOzoneClusterImpl-d8add679-7105-42f6-bf2c-18911ac53160/datanode-2/data/ratis/b515fb10-8cb2-45af-a3f3-c8e0d2dae8cd has been successfully formatted.
2019-09-19 12:00:54,513 [pool-47-thread-1] INFO  ratis.ContainerStateMachine (ContainerStateMachine.java:loadSnapshot(230)) - group-C8E0D2DAE8CD: The snapshot info is null. Setting the last applied indexto:(t:0, i:~)
2019-09-19 12:00:54,514 [pool-47-thread-1] INFO  server.RaftServerConfigKeys (ConfUtils.java:logGet(43)) - raft.server.notification.no-leader.timeout = 120s (custom)
2019-09-19 12:00:54,514 [pool-47-thread-1] INFO  server.RaftServerConfigKeys (ConfUtils.java:logGet(43)) - raft.server.log.use.memory = false (default)
2019-09-19 12:00:54,514 [pool-47-thread-1] INFO  server.RaftServerConfigKeys (ConfUtils.java:logGet(43)) - raft.server.log.purge.gap = 1000000 (custom)
2019-09-19 12:00:54,575 [pool-47-thread-1] INFO  server.RaftServerConfigKeys (ConfUtils.java:logGet(43)) - raft.server.log.appender.buffer.byte-limit = 33554432 (custom)
2019-09-19 12:00:54,586 [pool-47-thread-1] INFO  server.RaftServerConfigKeys (ConfUtils.java:logGet(43)) - raft.server.log.segment.size.max = 1048576 (custom)
2019-09-19 12:00:54,586 [pool-47-thread-1] INFO  server.RaftServerConfigKeys (ConfUtils.java:logGet(43)) - raft.server.log.segment.cache.num.max = 2 (custom)
2019-09-19 12:00:54,586 [pool-47-thread-1] INFO  segmented.SegmentedRaftLogWorker (SegmentedRaftLogWorker.java:<init>(172)) - new 14eab2a7-31b9-4bf4-80ab-c0ebf925c262@group-C8E0D2DAE8CD-SegmentedRaftLogWorker for RaftStorage:Storage Directory /workdir/hadoop-ozone/integration-test/target/test-dir/MiniOzoneClusterImpl-d8add679-7105-42f6-bf2c-18911ac53160/datanode-2/data/ratis/b515fb10-8cb2-45af-a3f3-c8e0d2dae8cd
2019-09-19 12:00:54,592 [pool-47-thread-1] INFO  server.RaftServerConfigKeys (ConfUtils.java:logGet(43)) - raft.server.log.queue.byte-limit = 2147483647 (custom)
2019-09-19 12:00:54,592 [pool-47-thread-1] INFO  server.RaftServerConfigKeys (ConfUtils.java:logGet(43)) - raft.server.log.queue.element-limit = 1024 (custom)
2019-09-19 12:00:54,593 [pool-47-thread-1] INFO  server.RaftServerConfigKeys (ConfUtils.java:logGet(43)) - raft.server.log.segment.size.max = 1048576 (custom)
2019-09-19 12:00:54,593 [pool-47-thread-1] INFO  server.RaftServerConfigKeys (ConfUtils.java:logGet(43)) - raft.server.log.preallocated.size = 16384 (custom)
2019-09-19 12:00:54,593 [pool-47-thread-1] INFO  server.RaftServerConfigKeys (ConfUtils.java:logGet(43)) - raft.server.log.write.buffer.size = 33554432 (custom)
2019-09-19 12:00:54,595 [pool-47-thread-1] INFO  server.RaftServerConfigKeys (ConfUtils.java:logGet(43)) - raft.server.log.force.sync.num = 128 (default)
2019-09-19 12:00:54,611 [pool-47-thread-1] INFO  server.RaftServerConfigKeys (ConfUtils.java:logGet(43)) - raft.server.log.statemachine.data.sync = true (default)
2019-09-19 12:00:54,636 [pool-47-thread-1] INFO  server.RaftServerConfigKeys (ConfUtils.java:logGet(43)) - raft.server.log.statemachine.data.sync.timeout = 10s (default)
2019-09-19 12:00:54,637 [pool-47-thread-1] INFO  server.RaftServerConfigKeys (ConfUtils.java:logGet(43)) - raft.server.log.statemachine.data.sync.timeout.retry = -1 (default)
2019-09-19 12:00:54,637 [pool-47-thread-1] INFO  server.RaftServerConfigKeys (ConfUtils.java:logGet(43)) - raft.server.log.statemachine.data.caching.enabled = true (custom)
2019-09-19 12:00:54,640 [pool-47-thread-1] INFO  segmented.SegmentedRaftLogWorker (SegmentedRaftLogWorker.java:lambda$new$0(132)) - 14eab2a7-31b9-4bf4-80ab-c0ebf925c262@group-C8E0D2DAE8CD-SegmentedRaftLogWorker: flushIndex: setUnconditionally 0 -> -1
2019-09-19 12:00:54,642 [pool-47-thread-1] INFO  server.RaftServerConfigKeys (ConfUtils.java:logGet(43)) - raft.server.snapshot.auto.trigger.enabled = true (custom)
2019-09-19 12:00:54,642 [pool-47-thread-1] INFO  server.RaftServerConfigKeys (ConfUtils.java:logGet(43)) - raft.server.snapshot.auto.trigger.threshold = 10000 (custom)
2019-09-19 12:00:54,642 [pool-47-thread-1] INFO  server.RaftServerConfigKeys (ConfUtils.java:logGet(43)) - raft.server.snapshot.retention.num.files = -1 (default)
2019-09-19 12:00:54,642 [pool-47-thread-1] INFO  server.RaftServerConfigKeys (ConfUtils.java:logGet(43)) - raft.server.retrycache.expirytime = 600000ms (custom)
2019-09-19 12:00:54,646 [pool-47-thread-1] INFO  impl.RaftServerImpl (RaftServerImpl.java:start(185)) - 14eab2a7-31b9-4bf4-80ab-c0ebf925c262@group-C8E0D2DAE8CD: start as a follower, conf=-1: [14eab2a7-31b9-4bf4-80ab-c0ebf925c262:192.168.34.13:37038], old=null
2019-09-19 12:00:54,646 [pool-47-thread-1] INFO  impl.RaftServerImpl (RaftServerImpl.java:setRole(174)) - 14eab2a7-31b9-4bf4-80ab-c0ebf925c262@group-C8E0D2DAE8CD: changes role from      null to FOLLOWER at term 0 for startAsFollower
2019-09-19 12:00:54,646 [pool-47-thread-1] INFO  impl.RoleInfo (RoleInfo.java:updateAndGet(143)) - 14eab2a7-31b9-4bf4-80ab-c0ebf925c262: start FollowerState
2019-09-19 12:00:54,647 [pool-47-thread-1] INFO  util.JmxRegister (JmxRegister.java:tryRegister(44)) - Successfully registered JMX Bean with object name Ratis:service=RaftServer,group=group-C8E0D2DAE8CD,id=14eab2a7-31b9-4bf4-80ab-c0ebf925c262
2019-09-19 12:00:54,659 [RatisPipelineUtilsThread] INFO  pipeline.PipelineStateManager (PipelineStateManager.java:addPipeline(56)) - Created pipeline Pipeline[ Id: b515fb10-8cb2-45af-a3f3-c8e0d2dae8cd, Nodes: 14eab2a7-31b9-4bf4-80ab-c0ebf925c262{ip: 192.168.34.13, host: pr-hdds-2153-g484h-410672627, networkLocation: /default-rack, certSerialId: null}, Type:RATIS, Factor:ONE, State:OPEN]
2019-09-19 12:00:54,677 [grpc-default-executor-0] INFO  impl.RaftServerProxy (RaftServerProxy.java:addNew(89)) - 0f3ef5c5-216f-4603-9049-7f6477ca6f67: addNew group-6E4021FC9D33:[0f3ef5c5-216f-4603-9049-7f6477ca6f67:192.168.34.13:38664] returns group-6E4021FC9D33:java.util.concurrent.CompletableFuture@4da0cf01[Not completed]
2019-09-19 12:00:54,682 [pool-117-thread-1] INFO  impl.RaftServerImpl (RaftServerImpl.java:<init>(95)) - 0f3ef5c5-216f-4603-9049-7f6477ca6f67: new RaftServerImpl for group-6E4021FC9D33:[0f3ef5c5-216f-4603-9049-7f6477ca6f67:192.168.34.13:38664] with ContainerStateMachine:uninitialized
2019-09-19 12:00:54,683 [pool-117-thread-1] INFO  server.RaftServerConfigKeys (ConfUtils.java:logGet(43)) - raft.server.rpc.timeout.min = 1s (custom)
2019-09-19 12:00:54,683 [pool-117-thread-1] INFO  server.RaftServerConfigKeys (ConfUtils.java:logGet(43)) - raft.server.rpc.timeout.max = 1200ms (custom)
2019-09-19 12:00:54,683 [pool-117-thread-1] INFO  server.RaftServerConfigKeys (ConfUtils.java:logGet(43)) - raft.server.rpcslowness.timeout = 120s (custom)
2019-09-19 12:00:54,683 [pool-117-thread-1] INFO  server.RaftServerConfigKeys (ConfUtils.java:logGet(43)) - raft.server.sleep.deviation.threshold = 300 (default)
2019-09-19 12:00:54,683 [pool-117-thread-1] INFO  server.RaftServerConfigKeys (ConfUtils.java:logGet(43)) - raft.server.log.appender.install.snapshot.enabled = false (custom)
2019-09-19 12:00:54,684 [pool-117-thread-1] INFO  impl.RaftServerImpl (ServerState.java:<init>(103)) - 0f3ef5c5-216f-4603-9049-7f6477ca6f67@group-6E4021FC9D33: ConfigurationManager, init=-1: [0f3ef5c5-216f-4603-9049-7f6477ca6f67:192.168.34.13:38664], old=null, confs=<EMPTY_MAP>
2019-09-19 12:00:54,684 [pool-117-thread-1] INFO  server.RaftServerConfigKeys (ConfUtils.java:logGet(43)) - raft.server.storage.dir = [/workdir/hadoop-ozone/integration-test/target/test-dir/MiniOzoneClusterImpl-d8add679-7105-42f6-bf2c-18911ac53160/datanode-9/data/ratis] (custom)
2019-09-19 12:00:54,684 [pool-117-thread-1] INFO  storage.RaftStorageDirectory (RaftStorageDirectory.java:analyzeStorage(246)) - The storage directory /workdir/hadoop-ozone/integration-test/target/test-dir/MiniOzoneClusterImpl-d8add679-7105-42f6-bf2c-18911ac53160/datanode-9/data/ratis/38e78fc4-fbd8-4fde-bbe8-6e4021fc9d33 does not exist. Creating ...
2019-09-19 12:00:54,697 [pool-117-thread-1] INFO  storage.RaftStorageDirectory (RaftStorageDirectory.java:tryLock(328)) - Lock on /workdir/hadoop-ozone/integration-test/target/test-dir/MiniOzoneClusterImpl-d8add679-7105-42f6-bf2c-18911ac53160/datanode-9/data/ratis/38e78fc4-fbd8-4fde-bbe8-6e4021fc9d33/in_use.lock acquired by nodename 7714@pr-hdds-2153-g484h-410672627
2019-09-19 12:00:54,711 [pool-117-thread-1] INFO  storage.RaftStorage (RaftStorage.java:format(72)) - Storage directory /workdir/hadoop-ozone/integration-test/target/test-dir/MiniOzoneClusterImpl-d8add679-7105-42f6-bf2c-18911ac53160/datanode-9/data/ratis/38e78fc4-fbd8-4fde-bbe8-6e4021fc9d33 has been successfully formatted.
2019-09-19 12:00:54,711 [pool-117-thread-1] INFO  ratis.ContainerStateMachine (ContainerStateMachine.java:loadSnapshot(230)) - group-6E4021FC9D33: The snapshot info is null. Setting the last applied indexto:(t:0, i:~)
2019-09-19 12:00:54,711 [pool-117-thread-1] INFO  server.RaftServerConfigKeys (ConfUtils.java:logGet(43)) - raft.server.notification.no-leader.timeout = 120s (custom)
2019-09-19 12:00:54,712 [pool-117-thread-1] INFO  server.RaftServerConfigKeys (ConfUtils.java:logGet(43)) - raft.server.log.use.memory = false (default)
2019-09-19 12:00:54,712 [pool-117-thread-1] INFO  server.RaftServerConfigKeys (ConfUtils.java:logGet(43)) - raft.server.log.purge.gap = 1000000 (custom)
2019-09-19 12:00:54,712 [pool-117-thread-1] INFO  server.RaftServerConfigKeys (ConfUtils.java:logGet(43)) - raft.server.log.appender.buffer.byte-limit = 33554432 (custom)
2019-09-19 12:00:54,712 [pool-117-thread-1] INFO  server.RaftServerConfigKeys (ConfUtils.java:logGet(43)) - raft.server.log.segment.size.max = 1048576 (custom)
2019-09-19 12:00:54,712 [pool-117-thread-1] INFO  server.RaftServerConfigKeys (ConfUtils.java:logGet(43)) - raft.server.log.segment.cache.num.max = 2 (custom)
2019-09-19 12:00:54,713 [pool-117-thread-1] INFO  segmented.SegmentedRaftLogWorker (SegmentedRaftLogWorker.java:<init>(172)) - new 0f3ef5c5-216f-4603-9049-7f6477ca6f67@group-6E4021FC9D33-SegmentedRaftLogWorker for RaftStorage:Storage Directory /workdir/hadoop-ozone/integration-test/target/test-dir/MiniOzoneClusterImpl-d8add679-7105-42f6-bf2c-18911ac53160/datanode-9/data/ratis/38e78fc4-fbd8-4fde-bbe8-6e4021fc9d33
2019-09-19 12:00:54,716 [pool-117-thread-1] INFO  server.RaftServerConfigKeys (ConfUtils.java:logGet(43)) - raft.server.log.queue.byte-limit = 2147483647 (custom)
2019-09-19 12:00:54,716 [pool-117-thread-1] INFO  server.RaftServerConfigKeys (ConfUtils.java:logGet(43)) - raft.server.log.queue.element-limit = 1024 (custom)
2019-09-19 12:00:54,717 [pool-117-thread-1] INFO  server.RaftServerConfigKeys (ConfUtils.java:logGet(43)) - raft.server.log.segment.size.max = 1048576 (custom)
2019-09-19 12:00:54,717 [pool-117-thread-1] INFO  server.RaftServerConfigKeys (ConfUtils.java:logGet(43)) - raft.server.log.preallocated.size = 16384 (custom)
2019-09-19 12:00:54,717 [pool-117-thread-1] INFO  server.RaftServerConfigKeys (ConfUtils.java:logGet(43)) - raft.server.log.write.buffer.size = 33554432 (custom)
2019-09-19 12:00:54,717 [pool-117-thread-1] INFO  server.RaftServerConfigKeys (ConfUtils.java:logGet(43)) - raft.server.log.force.sync.num = 128 (default)
2019-09-19 12:00:54,717 [pool-117-thread-1] INFO  server.RaftServerConfigKeys (ConfUtils.java:logGet(43)) - raft.server.log.statemachine.data.sync = true (default)
2019-09-19 12:00:54,717 [pool-117-thread-1] INFO  server.RaftServerConfigKeys (ConfUtils.java:logGet(43)) - raft.server.log.statemachine.data.sync.timeout = 10s (default)
2019-09-19 12:00:54,718 [pool-117-thread-1] INFO  server.RaftServerConfigKeys (ConfUtils.java:logGet(43)) - raft.server.log.statemachine.data.sync.timeout.retry = -1 (default)
2019-09-19 12:00:54,718 [pool-117-thread-1] INFO  server.RaftServerConfigKeys (ConfUtils.java:logGet(43)) - raft.server.log.statemachine.data.caching.enabled = true (custom)
2019-09-19 12:00:54,718 [pool-117-thread-1] INFO  segmented.SegmentedRaftLogWorker (SegmentedRaftLogWorker.java:lambda$new$0(132)) - 0f3ef5c5-216f-4603-9049-7f6477ca6f67@group-6E4021FC9D33-SegmentedRaftLogWorker: flushIndex: setUnconditionally 0 -> -1
2019-09-19 12:00:54,719 [pool-117-thread-1] INFO  server.RaftServerConfigKeys (ConfUtils.java:logGet(43)) - raft.server.snapshot.auto.trigger.enabled = true (custom)
2019-09-19 12:00:54,719 [pool-117-thread-1] INFO  server.RaftServerConfigKeys (ConfUtils.java:logGet(43)) - raft.server.snapshot.auto.trigger.threshold = 10000 (custom)
2019-09-19 12:00:54,719 [pool-117-thread-1] INFO  server.RaftServerConfigKeys (ConfUtils.java:logGet(43)) - raft.server.snapshot.retention.num.files = -1 (default)
2019-09-19 12:00:54,719 [pool-117-thread-1] INFO  server.RaftServerConfigKeys (ConfUtils.java:logGet(43)) - raft.server.retrycache.expirytime = 600000ms (custom)
2019-09-19 12:00:54,725 [pool-117-thread-1] INFO  impl.RaftServerImpl (RaftServerImpl.java:start(185)) - 0f3ef5c5-216f-4603-9049-7f6477ca6f67@group-6E4021FC9D33: start as a follower, conf=-1: [0f3ef5c5-216f-4603-9049-7f6477ca6f67:192.168.34.13:38664], old=null
2019-09-19 12:00:54,725 [pool-117-thread-1] INFO  impl.RaftServerImpl (RaftServerImpl.java:setRole(174)) - 0f3ef5c5-216f-4603-9049-7f6477ca6f67@group-6E4021FC9D33: changes role from      null to FOLLOWER at term 0 for startAsFollower
2019-09-19 12:00:54,725 [pool-117-thread-1] INFO  impl.RoleInfo (RoleInfo.java:updateAndGet(143)) - 0f3ef5c5-216f-4603-9049-7f6477ca6f67: start FollowerState
2019-09-19 12:00:54,726 [pool-117-thread-1] INFO  util.JmxRegister (JmxRegister.java:tryRegister(44)) - Successfully registered JMX Bean with object name Ratis:service=RaftServer,group=group-6E4021FC9D33,id=0f3ef5c5-216f-4603-9049-7f6477ca6f67
2019-09-19 12:00:54,727 [main] INFO  ozone.MiniOzoneClusterImpl (MiniOzoneClusterImpl.java:lambda$waitForClusterToBeReady$0(140)) - Cluster is ready. Got 10 of 10 DN Heartbeats.
2019-09-19 12:00:54,743 [RatisPipelineUtilsThread] INFO  pipeline.PipelineStateManager (PipelineStateManager.java:addPipeline(56)) - Created pipeline Pipeline[ Id: 38e78fc4-fbd8-4fde-bbe8-6e4021fc9d33, Nodes: 0f3ef5c5-216f-4603-9049-7f6477ca6f67{ip: 192.168.34.13, host: pr-hdds-2153-g484h-410672627, networkLocation: /default-rack, certSerialId: null}, Type:RATIS, Factor:ONE, State:OPEN]
2019-09-19 12:00:54,758 [grpc-default-executor-0] INFO  impl.RaftServerProxy (RaftServerProxy.java:addNew(89)) - ccd7891f-abf2-4840-bcfd-f7d46dfca276: addNew group-F7932203CDFA:[ccd7891f-abf2-4840-bcfd-f7d46dfca276:192.168.34.13:41947] returns group-F7932203CDFA:java.util.concurrent.CompletableFuture@10ab559c[Not completed]
2019-09-19 12:00:54,763 [pool-87-thread-1] INFO  impl.RaftServerImpl (RaftServerImpl.java:<init>(95)) - ccd7891f-abf2-4840-bcfd-f7d46dfca276: new RaftServerImpl for group-F7932203CDFA:[ccd7891f-abf2-4840-bcfd-f7d46dfca276:192.168.34.13:41947] with ContainerStateMachine:uninitialized
2019-09-19 12:00:54,763 [pool-87-thread-1] INFO  server.RaftServerConfigKeys (ConfUtils.java:logGet(43)) - raft.server.rpc.timeout.min = 1s (custom)
2019-09-19 12:00:54,763 [pool-87-thread-1] INFO  server.RaftServerConfigKeys (ConfUtils.java:logGet(43)) - raft.server.rpc.timeout.max = 1200ms (custom)
2019-09-19 12:00:54,764 [pool-87-thread-1] INFO  server.RaftServerConfigKeys (ConfUtils.java:logGet(43)) - raft.server.rpcslowness.timeout = 120s (custom)
2019-09-19 12:00:54,764 [pool-87-thread-1] INFO  server.RaftServerConfigKeys (ConfUtils.java:logGet(43)) - raft.server.sleep.deviation.threshold = 300 (default)
2019-09-19 12:00:54,764 [pool-87-thread-1] INFO  server.RaftServerConfigKeys (ConfUtils.java:logGet(43)) - raft.server.log.appender.install.snapshot.enabled = false (custom)
2019-09-19 12:00:54,764 [pool-87-thread-1] INFO  impl.RaftServerImpl (ServerState.java:<init>(103)) - ccd7891f-abf2-4840-bcfd-f7d46dfca276@group-F7932203CDFA: ConfigurationManager, init=-1: [ccd7891f-abf2-4840-bcfd-f7d46dfca276:192.168.34.13:41947], old=null, confs=<EMPTY_MAP>
2019-09-19 12:00:54,764 [pool-87-thread-1] INFO  server.RaftServerConfigKeys (ConfUtils.java:logGet(43)) - raft.server.storage.dir = [/workdir/hadoop-ozone/integration-test/target/test-dir/MiniOzoneClusterImpl-d8add679-7105-42f6-bf2c-18911ac53160/datanode-6/data/ratis] (custom)
2019-09-19 12:00:54,765 [pool-87-thread-1] INFO  storage.RaftStorageDirectory (RaftStorageDirectory.java:analyzeStorage(246)) - The storage directory /workdir/hadoop-ozone/integration-test/target/test-dir/MiniOzoneClusterImpl-d8add679-7105-42f6-bf2c-18911ac53160/datanode-6/data/ratis/b7129211-ce49-4c9c-8c35-f7932203cdfa does not exist. Creating ...
2019-09-19 12:00:54,778 [pool-87-thread-1] INFO  storage.RaftStorageDirectory (RaftStorageDirectory.java:tryLock(328)) - Lock on /workdir/hadoop-ozone/integration-test/target/test-dir/MiniOzoneClusterImpl-d8add679-7105-42f6-bf2c-18911ac53160/datanode-6/data/ratis/b7129211-ce49-4c9c-8c35-f7932203cdfa/in_use.lock acquired by nodename 7714@pr-hdds-2153-g484h-410672627
2019-09-19 12:00:54,792 [pool-87-thread-1] INFO  storage.RaftStorage (RaftStorage.java:format(72)) - Storage directory /workdir/hadoop-ozone/integration-test/target/test-dir/MiniOzoneClusterImpl-d8add679-7105-42f6-bf2c-18911ac53160/datanode-6/data/ratis/b7129211-ce49-4c9c-8c35-f7932203cdfa has been successfully formatted.
2019-09-19 12:00:54,792 [pool-87-thread-1] INFO  ratis.ContainerStateMachine (ContainerStateMachine.java:loadSnapshot(230)) - group-F7932203CDFA: The snapshot info is null. Setting the last applied indexto:(t:0, i:~)
2019-09-19 12:00:54,792 [pool-87-thread-1] INFO  server.RaftServerConfigKeys (ConfUtils.java:logGet(43)) - raft.server.notification.no-leader.timeout = 120s (custom)
2019-09-19 12:00:54,792 [pool-87-thread-1] INFO  server.RaftServerConfigKeys (ConfUtils.java:logGet(43)) - raft.server.log.use.memory = false (default)
2019-09-19 12:00:54,792 [pool-87-thread-1] INFO  server.RaftServerConfigKeys (ConfUtils.java:logGet(43)) - raft.server.log.purge.gap = 1000000 (custom)
2019-09-19 12:00:54,793 [pool-87-thread-1] INFO  server.RaftServerConfigKeys (ConfUtils.java:logGet(43)) - raft.server.log.appender.buffer.byte-limit = 33554432 (custom)
2019-09-19 12:00:54,793 [pool-87-thread-1] INFO  server.RaftServerConfigKeys (ConfUtils.java:logGet(43)) - raft.server.log.segment.size.max = 1048576 (custom)
2019-09-19 12:00:54,793 [pool-87-thread-1] INFO  server.RaftServerConfigKeys (ConfUtils.java:logGet(43)) - raft.server.log.segment.cache.num.max = 2 (custom)
2019-09-19 12:00:54,793 [pool-87-thread-1] INFO  segmented.SegmentedRaftLogWorker (SegmentedRaftLogWorker.java:<init>(172)) - new ccd7891f-abf2-4840-bcfd-f7d46dfca276@group-F7932203CDFA-SegmentedRaftLogWorker for RaftStorage:Storage Directory /workdir/hadoop-ozone/integration-test/target/test-dir/MiniOzoneClusterImpl-d8add679-7105-42f6-bf2c-18911ac53160/datanode-6/data/ratis/b7129211-ce49-4c9c-8c35-f7932203cdfa
2019-09-19 12:00:54,796 [pool-87-thread-1] INFO  server.RaftServerConfigKeys (ConfUtils.java:logGet(43)) - raft.server.log.queue.byte-limit = 2147483647 (custom)
2019-09-19 12:00:54,796 [pool-87-thread-1] INFO  server.RaftServerConfigKeys (ConfUtils.java:logGet(43)) - raft.server.log.queue.element-limit = 1024 (custom)
2019-09-19 12:00:54,796 [pool-87-thread-1] INFO  server.RaftServerConfigKeys (ConfUtils.java:logGet(43)) - raft.server.log.segment.size.max = 1048576 (custom)
2019-09-19 12:00:54,796 [pool-87-thread-1] INFO  server.RaftServerConfigKeys (ConfUtils.java:logGet(43)) - raft.server.log.preallocated.size = 16384 (custom)
2019-09-19 12:00:54,796 [pool-87-thread-1] INFO  server.RaftServerConfigKeys (ConfUtils.java:logGet(43)) - raft.server.log.write.buffer.size = 33554432 (custom)
2019-09-19 12:00:54,796 [pool-87-thread-1] INFO  server.RaftServerConfigKeys (ConfUtils.java:logGet(43)) - raft.server.log.force.sync.num = 128 (default)
2019-09-19 12:00:54,797 [pool-87-thread-1] INFO  server.RaftServerConfigKeys (ConfUtils.java:logGet(43)) - raft.server.log.statemachine.data.sync = true (default)
2019-09-19 12:00:54,797 [pool-87-thread-1] INFO  server.RaftServerConfigKeys (ConfUtils.java:logGet(43)) - raft.server.log.statemachine.data.sync.timeout = 10s (default)
2019-09-19 12:00:54,797 [pool-87-thread-1] INFO  server.RaftServerConfigKeys (ConfUtils.java:logGet(43)) - raft.server.log.statemachine.data.sync.timeout.retry = -1 (default)
2019-09-19 12:00:54,797 [pool-87-thread-1] INFO  server.RaftServerConfigKeys (ConfUtils.java:logGet(43)) - raft.server.log.statemachine.data.caching.enabled = true (custom)
2019-09-19 12:00:54,797 [pool-87-thread-1] INFO  segmented.SegmentedRaftLogWorker (SegmentedRaftLogWorker.java:lambda$new$0(132)) - ccd7891f-abf2-4840-bcfd-f7d46dfca276@group-F7932203CDFA-SegmentedRaftLogWorker: flushIndex: setUnconditionally 0 -> -1
2019-09-19 12:00:54,798 [pool-87-thread-1] INFO  server.RaftServerConfigKeys (ConfUtils.java:logGet(43)) - raft.server.snapshot.auto.trigger.enabled = true (custom)
2019-09-19 12:00:54,798 [pool-87-thread-1] INFO  server.RaftServerConfigKeys (ConfUtils.java:logGet(43)) - raft.server.snapshot.auto.trigger.threshold = 10000 (custom)
2019-09-19 12:00:54,798 [pool-87-thread-1] INFO  server.RaftServerConfigKeys (ConfUtils.java:logGet(43)) - raft.server.snapshot.retention.num.files = -1 (default)
2019-09-19 12:00:54,798 [pool-87-thread-1] INFO  server.RaftServerConfigKeys (ConfUtils.java:logGet(43)) - raft.server.retrycache.expirytime = 600000ms (custom)
2019-09-19 12:00:54,800 [pool-87-thread-1] INFO  impl.RaftServerImpl (RaftServerImpl.java:start(185)) - ccd7891f-abf2-4840-bcfd-f7d46dfca276@group-F7932203CDFA: start as a follower, conf=-1: [ccd7891f-abf2-4840-bcfd-f7d46dfca276:192.168.34.13:41947], old=null
2019-09-19 12:00:54,801 [pool-87-thread-1] INFO  impl.RaftServerImpl (RaftServerImpl.java:setRole(174)) - ccd7891f-abf2-4840-bcfd-f7d46dfca276@group-F7932203CDFA: changes role from      null to FOLLOWER at term 0 for startAsFollower
2019-09-19 12:00:54,801 [pool-87-thread-1] INFO  impl.RoleInfo (RoleInfo.java:updateAndGet(143)) - ccd7891f-abf2-4840-bcfd-f7d46dfca276: start FollowerState
2019-09-19 12:00:54,801 [pool-87-thread-1] INFO  util.JmxRegister (JmxRegister.java:tryRegister(44)) - Successfully registered JMX Bean with object name Ratis:service=RaftServer,group=group-F7932203CDFA,id=ccd7891f-abf2-4840-bcfd-f7d46dfca276
2019-09-19 12:00:54,820 [RatisPipelineUtilsThread] INFO  pipeline.PipelineStateManager (PipelineStateManager.java:addPipeline(56)) - Created pipeline Pipeline[ Id: b7129211-ce49-4c9c-8c35-f7932203cdfa, Nodes: ccd7891f-abf2-4840-bcfd-f7d46dfca276{ip: 192.168.34.13, host: pr-hdds-2153-g484h-410672627, networkLocation: /default-rack, certSerialId: null}, Type:RATIS, Factor:ONE, State:OPEN]
2019-09-19 12:00:54,843 [grpc-default-executor-0] INFO  impl.RaftServerProxy (RaftServerProxy.java:addNew(89)) - 0eafe25b-eef3-4e6e-962a-cfdd69f48960: addNew group-05CD69C2CA44:[0eafe25b-eef3-4e6e-962a-cfdd69f48960:192.168.34.13:38223] returns group-05CD69C2CA44:java.util.concurrent.CompletableFuture@3fda680c[Not completed]
2019-09-19 12:00:54,851 [pool-77-thread-1] INFO  impl.RaftServerImpl (RaftServerImpl.java:<init>(95)) - 0eafe25b-eef3-4e6e-962a-cfdd69f48960: new RaftServerImpl for group-05CD69C2CA44:[0eafe25b-eef3-4e6e-962a-cfdd69f48960:192.168.34.13:38223] with ContainerStateMachine:uninitialized
2019-09-19 12:00:54,851 [pool-77-thread-1] INFO  server.RaftServerConfigKeys (ConfUtils.java:logGet(43)) - raft.server.rpc.timeout.min = 1s (custom)
2019-09-19 12:00:54,851 [pool-77-thread-1] INFO  server.RaftServerConfigKeys (ConfUtils.java:logGet(43)) - raft.server.rpc.timeout.max = 1200ms (custom)
2019-09-19 12:00:54,851 [pool-77-thread-1] INFO  server.RaftServerConfigKeys (ConfUtils.java:logGet(43)) - raft.server.rpcslowness.timeout = 120s (custom)
2019-09-19 12:00:54,851 [pool-77-thread-1] INFO  server.RaftServerConfigKeys (ConfUtils.java:logGet(43)) - raft.server.sleep.deviation.threshold = 300 (default)
2019-09-19 12:00:54,852 [pool-77-thread-1] INFO  server.RaftServerConfigKeys (ConfUtils.java:logGet(43)) - raft.server.log.appender.install.snapshot.enabled = false (custom)
2019-09-19 12:00:54,852 [pool-77-thread-1] INFO  impl.RaftServerImpl (ServerState.java:<init>(103)) - 0eafe25b-eef3-4e6e-962a-cfdd69f48960@group-05CD69C2CA44: ConfigurationManager, init=-1: [0eafe25b-eef3-4e6e-962a-cfdd69f48960:192.168.34.13:38223], old=null, confs=<EMPTY_MAP>
2019-09-19 12:00:54,852 [pool-77-thread-1] INFO  server.RaftServerConfigKeys (ConfUtils.java:logGet(43)) - raft.server.storage.dir = [/workdir/hadoop-ozone/integration-test/target/test-dir/MiniOzoneClusterImpl-d8add679-7105-42f6-bf2c-18911ac53160/datanode-5/data/ratis] (custom)
2019-09-19 12:00:54,853 [pool-77-thread-1] INFO  storage.RaftStorageDirectory (RaftStorageDirectory.java:analyzeStorage(246)) - The storage directory /workdir/hadoop-ozone/integration-test/target/test-dir/MiniOzoneClusterImpl-d8add679-7105-42f6-bf2c-18911ac53160/datanode-5/data/ratis/783e7073-c003-4a6c-8c54-05cd69c2ca44 does not exist. Creating ...
2019-09-19 12:00:54,866 [pool-77-thread-1] INFO  storage.RaftStorageDirectory (RaftStorageDirectory.java:tryLock(328)) - Lock on /workdir/hadoop-ozone/integration-test/target/test-dir/MiniOzoneClusterImpl-d8add679-7105-42f6-bf2c-18911ac53160/datanode-5/data/ratis/783e7073-c003-4a6c-8c54-05cd69c2ca44/in_use.lock acquired by nodename 7714@pr-hdds-2153-g484h-410672627
2019-09-19 12:00:54,879 [pool-77-thread-1] INFO  storage.RaftStorage (RaftStorage.java:format(72)) - Storage directory /workdir/hadoop-ozone/integration-test/target/test-dir/MiniOzoneClusterImpl-d8add679-7105-42f6-bf2c-18911ac53160/datanode-5/data/ratis/783e7073-c003-4a6c-8c54-05cd69c2ca44 has been successfully formatted.
2019-09-19 12:00:54,879 [pool-77-thread-1] INFO  ratis.ContainerStateMachine (ContainerStateMachine.java:loadSnapshot(230)) - group-05CD69C2CA44: The snapshot info is null. Setting the last applied indexto:(t:0, i:~)
2019-09-19 12:00:54,879 [pool-77-thread-1] INFO  server.RaftServerConfigKeys (ConfUtils.java:logGet(43)) - raft.server.notification.no-leader.timeout = 120s (custom)
2019-09-19 12:00:54,879 [pool-77-thread-1] INFO  server.RaftServerConfigKeys (ConfUtils.java:logGet(43)) - raft.server.log.use.memory = false (default)
2019-09-19 12:00:54,880 [pool-77-thread-1] INFO  server.RaftServerConfigKeys (ConfUtils.java:logGet(43)) - raft.server.log.purge.gap = 1000000 (custom)
2019-09-19 12:00:54,880 [pool-77-thread-1] INFO  server.RaftServerConfigKeys (ConfUtils.java:logGet(43)) - raft.server.log.appender.buffer.byte-limit = 33554432 (custom)
2019-09-19 12:00:54,880 [pool-77-thread-1] INFO  server.RaftServerConfigKeys (ConfUtils.java:logGet(43)) - raft.server.log.segment.size.max = 1048576 (custom)
2019-09-19 12:00:54,880 [pool-77-thread-1] INFO  server.RaftServerConfigKeys (ConfUtils.java:logGet(43)) - raft.server.log.segment.cache.num.max = 2 (custom)
2019-09-19 12:00:54,880 [pool-77-thread-1] INFO  segmented.SegmentedRaftLogWorker (SegmentedRaftLogWorker.java:<init>(172)) - new 0eafe25b-eef3-4e6e-962a-cfdd69f48960@group-05CD69C2CA44-SegmentedRaftLogWorker for RaftStorage:Storage Directory /workdir/hadoop-ozone/integration-test/target/test-dir/MiniOzoneClusterImpl-d8add679-7105-42f6-bf2c-18911ac53160/datanode-5/data/ratis/783e7073-c003-4a6c-8c54-05cd69c2ca44
2019-09-19 12:00:54,886 [pool-77-thread-1] INFO  server.RaftServerConfigKeys (ConfUtils.java:logGet(43)) - raft.server.log.queue.byte-limit = 2147483647 (custom)
2019-09-19 12:00:54,886 [pool-77-thread-1] INFO  server.RaftServerConfigKeys (ConfUtils.java:logGet(43)) - raft.server.log.queue.element-limit = 1024 (custom)
2019-09-19 12:00:54,887 [pool-77-thread-1] INFO  server.RaftServerConfigKeys (ConfUtils.java:logGet(43)) - raft.server.log.segment.size.max = 1048576 (custom)
2019-09-19 12:00:54,887 [pool-77-thread-1] INFO  server.RaftServerConfigKeys (ConfUtils.java:logGet(43)) - raft.server.log.preallocated.size = 16384 (custom)
2019-09-19 12:00:54,887 [pool-77-thread-1] INFO  server.RaftServerConfigKeys (ConfUtils.java:logGet(43)) - raft.server.log.write.buffer.size = 33554432 (custom)
2019-09-19 12:00:54,887 [pool-77-thread-1] INFO  server.RaftServerConfigKeys (ConfUtils.java:logGet(43)) - raft.server.log.force.sync.num = 128 (default)
2019-09-19 12:00:54,887 [pool-77-thread-1] INFO  server.RaftServerConfigKeys (ConfUtils.java:logGet(43)) - raft.server.log.statemachine.data.sync = true (default)
2019-09-19 12:00:54,888 [pool-77-thread-1] INFO  server.RaftServerConfigKeys (ConfUtils.java:logGet(43)) - raft.server.log.statemachine.data.sync.timeout = 10s (default)
2019-09-19 12:00:54,888 [pool-77-thread-1] INFO  server.RaftServerConfigKeys (ConfUtils.java:logGet(43)) - raft.server.log.statemachine.data.sync.timeout.retry = -1 (default)
2019-09-19 12:00:54,888 [pool-77-thread-1] INFO  server.RaftServerConfigKeys (ConfUtils.java:logGet(43)) - raft.server.log.statemachine.data.caching.enabled = true (custom)
2019-09-19 12:00:54,889 [pool-77-thread-1] INFO  segmented.SegmentedRaftLogWorker (SegmentedRaftLogWorker.java:lambda$new$0(132)) - 0eafe25b-eef3-4e6e-962a-cfdd69f48960@group-05CD69C2CA44-SegmentedRaftLogWorker: flushIndex: setUnconditionally 0 -> -1
2019-09-19 12:00:54,889 [pool-77-thread-1] INFO  server.RaftServerConfigKeys (ConfUtils.java:logGet(43)) - raft.server.snapshot.auto.trigger.enabled = true (custom)
2019-09-19 12:00:54,889 [pool-77-thread-1] INFO  server.RaftServerConfigKeys (ConfUtils.java:logGet(43)) - raft.server.snapshot.auto.trigger.threshold = 10000 (custom)
2019-09-19 12:00:54,889 [pool-77-thread-1] INFO  server.RaftServerConfigKeys (ConfUtils.java:logGet(43)) - raft.server.snapshot.retention.num.files = -1 (default)
2019-09-19 12:00:54,889 [pool-77-thread-1] INFO  server.RaftServerConfigKeys (ConfUtils.java:logGet(43)) - raft.server.retrycache.expirytime = 600000ms (custom)
2019-09-19 12:00:54,892 [pool-77-thread-1] INFO  impl.RaftServerImpl (RaftServerImpl.java:start(185)) - 0eafe25b-eef3-4e6e-962a-cfdd69f48960@group-05CD69C2CA44: start as a follower, conf=-1: [0eafe25b-eef3-4e6e-962a-cfdd69f48960:192.168.34.13:38223], old=null
2019-09-19 12:00:54,892 [pool-77-thread-1] INFO  impl.RaftServerImpl (RaftServerImpl.java:setRole(174)) - 0eafe25b-eef3-4e6e-962a-cfdd69f48960@group-05CD69C2CA44: changes role from      null to FOLLOWER at term 0 for startAsFollower
2019-09-19 12:00:54,892 [pool-77-thread-1] INFO  impl.RoleInfo (RoleInfo.java:updateAndGet(143)) - 0eafe25b-eef3-4e6e-962a-cfdd69f48960: start FollowerState
2019-09-19 12:00:54,893 [pool-77-thread-1] INFO  util.JmxRegister (JmxRegister.java:tryRegister(44)) - Successfully registered JMX Bean with object name Ratis:service=RaftServer,group=group-05CD69C2CA44,id=0eafe25b-eef3-4e6e-962a-cfdd69f48960
2019-09-19 12:00:54,893 [Thread-285] INFO  impl.FollowerState (FollowerState.java:run(106)) - ccaa8f46-a720-4c9d-b367-b8e62fb2ca31:group-BBBA7E8A47D4 changes to CANDIDATE, lastRpcTime:1044, electionTimeout:1044ms
2019-09-19 12:00:54,900 [Thread-285] INFO  impl.RoleInfo (RoleInfo.java:shutdownFollowerState(121)) - ccaa8f46-a720-4c9d-b367-b8e62fb2ca31: shutdown FollowerState
2019-09-19 12:00:54,901 [Thread-285] INFO  impl.RaftServerImpl (RaftServerImpl.java:setRole(174)) - ccaa8f46-a720-4c9d-b367-b8e62fb2ca31@group-BBBA7E8A47D4: changes role from  FOLLOWER to CANDIDATE at term 0 for changeToCandidate
2019-09-19 12:00:54,909 [RatisPipelineUtilsThread] INFO  pipeline.PipelineStateManager (PipelineStateManager.java:addPipeline(56)) - Created pipeline Pipeline[ Id: 783e7073-c003-4a6c-8c54-05cd69c2ca44, Nodes: 0eafe25b-eef3-4e6e-962a-cfdd69f48960{ip: 192.168.34.13, host: pr-hdds-2153-g484h-410672627, networkLocation: /default-rack, certSerialId: null}, Type:RATIS, Factor:ONE, State:OPEN]
2019-09-19 12:00:54,919 [Thread-285] INFO  impl.RoleInfo (RoleInfo.java:updateAndGet(143)) - ccaa8f46-a720-4c9d-b367-b8e62fb2ca31: start LeaderElection
2019-09-19 12:00:54,941 [ccaa8f46-a720-4c9d-b367-b8e62fb2ca31@group-BBBA7E8A47D4:LeaderElection1] INFO  impl.LeaderElection (LeaderElection.java:askForVotes(182)) - ccaa8f46-a720-4c9d-b367-b8e62fb2ca31@group-BBBA7E8A47D4:LeaderElection1: begin an election at term 1 for -1: [ccaa8f46-a720-4c9d-b367-b8e62fb2ca31:192.168.34.13:37847], old=null
2019-09-19 12:00:54,945 [ccaa8f46-a720-4c9d-b367-b8e62fb2ca31@group-BBBA7E8A47D4:LeaderElection1] INFO  impl.RoleInfo (RoleInfo.java:shutdownLeaderElection(134)) - ccaa8f46-a720-4c9d-b367-b8e62fb2ca31: shutdown LeaderElection
2019-09-19 12:00:54,945 [ccaa8f46-a720-4c9d-b367-b8e62fb2ca31@group-BBBA7E8A47D4:LeaderElection1] INFO  impl.RaftServerImpl (RaftServerImpl.java:setRole(174)) - ccaa8f46-a720-4c9d-b367-b8e62fb2ca31@group-BBBA7E8A47D4: changes role from CANDIDATE to LEADER at term 1 for changeToLeader
2019-09-19 12:00:54,946 [ccaa8f46-a720-4c9d-b367-b8e62fb2ca31@group-BBBA7E8A47D4:LeaderElection1] INFO  impl.RaftServerImpl (ServerState.java:setLeader(253)) - ccaa8f46-a720-4c9d-b367-b8e62fb2ca31@group-BBBA7E8A47D4: change Leader from null to ccaa8f46-a720-4c9d-b367-b8e62fb2ca31 at term 1 for becomeLeader, leader elected after 1254ms
2019-09-19 12:00:54,952 [grpc-default-executor-0] INFO  impl.RaftServerProxy (RaftServerProxy.java:addNew(89)) - 8f7c3f06-04e3-45b0-a756-eb146f11ca16: addNew group-E981BB2162A8:[8f7c3f06-04e3-45b0-a756-eb146f11ca16:192.168.34.13:41016] returns group-E981BB2162A8:java.util.concurrent.CompletableFuture@a7a60db[Not completed]
2019-09-19 12:00:54,964 [pool-37-thread-1] INFO  impl.RaftServerImpl (RaftServerImpl.java:<init>(95)) - 8f7c3f06-04e3-45b0-a756-eb146f11ca16: new RaftServerImpl for group-E981BB2162A8:[8f7c3f06-04e3-45b0-a756-eb146f11ca16:192.168.34.13:41016] with ContainerStateMachine:uninitialized
2019-09-19 12:00:54,964 [ccaa8f46-a720-4c9d-b367-b8e62fb2ca31@group-BBBA7E8A47D4:LeaderElection1] INFO  server.RaftServerConfigKeys (ConfUtils.java:logGet(43)) - raft.server.staging.catchup.gap = 1000 (default)
2019-09-19 12:00:54,964 [pool-37-thread-1] INFO  server.RaftServerConfigKeys (ConfUtils.java:logGet(43)) - raft.server.rpc.timeout.min = 1s (custom)
2019-09-19 12:00:54,964 [ccaa8f46-a720-4c9d-b367-b8e62fb2ca31@group-BBBA7E8A47D4:LeaderElection1] INFO  server.RaftServerConfigKeys (ConfUtils.java:logGet(43)) - raft.server.rpc.sleep.time = 25ms (default)
2019-09-19 12:00:54,964 [pool-37-thread-1] INFO  server.RaftServerConfigKeys (ConfUtils.java:logGet(43)) - raft.server.rpc.timeout.max = 1200ms (custom)
2019-09-19 12:00:54,967 [pool-37-thread-1] INFO  server.RaftServerConfigKeys (ConfUtils.java:logGet(43)) - raft.server.rpcslowness.timeout = 120s (custom)
2019-09-19 12:00:54,967 [pool-37-thread-1] INFO  server.RaftServerConfigKeys (ConfUtils.java:logGet(43)) - raft.server.sleep.deviation.threshold = 300 (default)
2019-09-19 12:00:54,967 [pool-37-thread-1] INFO  server.RaftServerConfigKeys (ConfUtils.java:logGet(43)) - raft.server.log.appender.install.snapshot.enabled = false (custom)
2019-09-19 12:00:54,967 [pool-37-thread-1] INFO  impl.RaftServerImpl (ServerState.java:<init>(103)) - 8f7c3f06-04e3-45b0-a756-eb146f11ca16@group-E981BB2162A8: ConfigurationManager, init=-1: [8f7c3f06-04e3-45b0-a756-eb146f11ca16:192.168.34.13:41016], old=null, confs=<EMPTY_MAP>
2019-09-19 12:00:54,967 [pool-37-thread-1] INFO  server.RaftServerConfigKeys (ConfUtils.java:logGet(43)) - raft.server.storage.dir = [/workdir/hadoop-ozone/integration-test/target/test-dir/MiniOzoneClusterImpl-d8add679-7105-42f6-bf2c-18911ac53160/datanode-1/data/ratis] (custom)
2019-09-19 12:00:54,968 [pool-37-thread-1] INFO  storage.RaftStorageDirectory (RaftStorageDirectory.java:analyzeStorage(246)) - The storage directory /workdir/hadoop-ozone/integration-test/target/test-dir/MiniOzoneClusterImpl-d8add679-7105-42f6-bf2c-18911ac53160/datanode-1/data/ratis/cfd65423-eda6-4959-8e41-e981bb2162a8 does not exist. Creating ...
2019-09-19 12:00:54,970 [ccaa8f46-a720-4c9d-b367-b8e62fb2ca31@group-BBBA7E8A47D4:LeaderElection1] INFO  server.RaftServerConfigKeys (ConfUtils.java:logGet(43)) - raft.server.write.element-limit = 4096 (default)
2019-09-19 12:00:54,973 [ccaa8f46-a720-4c9d-b367-b8e62fb2ca31@group-BBBA7E8A47D4:LeaderElection1] INFO  server.RaftServerConfigKeys (ConfUtils.java:logGet(43)) - raft.server.watch.timeout = 10s (default)
2019-09-19 12:00:54,973 [ccaa8f46-a720-4c9d-b367-b8e62fb2ca31@group-BBBA7E8A47D4:LeaderElection1] INFO  server.RaftServerConfigKeys (ConfUtils.java:logGet(43)) - raft.server.watch.timeout.denomination = 1s (default)
2019-09-19 12:00:54,974 [ccaa8f46-a720-4c9d-b367-b8e62fb2ca31@group-BBBA7E8A47D4:LeaderElection1] INFO  server.RaftServerConfigKeys (ConfUtils.java:logGet(43)) - raft.server.watch.element-limit = 65536 (default)
2019-09-19 12:00:54,981 [pool-37-thread-1] INFO  storage.RaftStorageDirectory (RaftStorageDirectory.java:tryLock(328)) - Lock on /workdir/hadoop-ozone/integration-test/target/test-dir/MiniOzoneClusterImpl-d8add679-7105-42f6-bf2c-18911ac53160/datanode-1/data/ratis/cfd65423-eda6-4959-8e41-e981bb2162a8/in_use.lock acquired by nodename 7714@pr-hdds-2153-g484h-410672627
2019-09-19 12:00:54,987 [ccaa8f46-a720-4c9d-b367-b8e62fb2ca31@group-BBBA7E8A47D4:LeaderElection1] INFO  impl.RoleInfo (RoleInfo.java:updateAndGet(143)) - ccaa8f46-a720-4c9d-b367-b8e62fb2ca31: start LeaderState
2019-09-19 12:00:54,999 [pool-37-thread-1] INFO  storage.RaftStorage (RaftStorage.java:format(72)) - Storage directory /workdir/hadoop-ozone/integration-test/target/test-dir/MiniOzoneClusterImpl-d8add679-7105-42f6-bf2c-18911ac53160/datanode-1/data/ratis/cfd65423-eda6-4959-8e41-e981bb2162a8 has been successfully formatted.
2019-09-19 12:00:55,000 [pool-37-thread-1] INFO  ratis.ContainerStateMachine (ContainerStateMachine.java:loadSnapshot(230)) - group-E981BB2162A8: The snapshot info is null. Setting the last applied indexto:(t:0, i:~)
2019-09-19 12:00:55,000 [pool-37-thread-1] INFO  server.RaftServerConfigKeys (ConfUtils.java:logGet(43)) - raft.server.notification.no-leader.timeout = 120s (custom)
2019-09-19 12:00:55,000 [pool-37-thread-1] INFO  server.RaftServerConfigKeys (ConfUtils.java:logGet(43)) - raft.server.log.use.memory = false (default)
2019-09-19 12:00:55,001 [pool-37-thread-1] INFO  server.RaftServerConfigKeys (ConfUtils.java:logGet(43)) - raft.server.log.purge.gap = 1000000 (custom)
2019-09-19 12:00:55,001 [pool-37-thread-1] INFO  server.RaftServerConfigKeys (ConfUtils.java:logGet(43)) - raft.server.log.appender.buffer.byte-limit = 33554432 (custom)
2019-09-19 12:00:55,001 [pool-37-thread-1] INFO  server.RaftServerConfigKeys (ConfUtils.java:logGet(43)) - raft.server.log.segment.size.max = 1048576 (custom)
2019-09-19 12:00:55,001 [pool-37-thread-1] INFO  server.RaftServerConfigKeys (ConfUtils.java:logGet(43)) - raft.server.log.segment.cache.num.max = 2 (custom)
2019-09-19 12:00:55,002 [pool-37-thread-1] INFO  segmented.SegmentedRaftLogWorker (SegmentedRaftLogWorker.java:<init>(172)) - new 8f7c3f06-04e3-45b0-a756-eb146f11ca16@group-E981BB2162A8-SegmentedRaftLogWorker for RaftStorage:Storage Directory /workdir/hadoop-ozone/integration-test/target/test-dir/MiniOzoneClusterImpl-d8add679-7105-42f6-bf2c-18911ac53160/datanode-1/data/ratis/cfd65423-eda6-4959-8e41-e981bb2162a8
2019-09-19 12:00:55,010 [ccaa8f46-a720-4c9d-b367-b8e62fb2ca31@group-BBBA7E8A47D4:LeaderElection1] INFO  segmented.SegmentedRaftLogWorker (SegmentedRaftLogWorker.java:startLogSegment(380)) - ccaa8f46-a720-4c9d-b367-b8e62fb2ca31@group-BBBA7E8A47D4-SegmentedRaftLogWorker: Starting segment from index:0
2019-09-19 12:00:55,011 [pool-37-thread-1] INFO  server.RaftServerConfigKeys (ConfUtils.java:logGet(43)) - raft.server.log.queue.byte-limit = 2147483647 (custom)
2019-09-19 12:00:55,012 [pool-37-thread-1] INFO  server.RaftServerConfigKeys (ConfUtils.java:logGet(43)) - raft.server.log.queue.element-limit = 1024 (custom)
2019-09-19 12:00:55,012 [pool-37-thread-1] INFO  server.RaftServerConfigKeys (ConfUtils.java:logGet(43)) - raft.server.log.segment.size.max = 1048576 (custom)
2019-09-19 12:00:55,012 [pool-37-thread-1] INFO  server.RaftServerConfigKeys (ConfUtils.java:logGet(43)) - raft.server.log.preallocated.size = 16384 (custom)
2019-09-19 12:00:55,012 [pool-37-thread-1] INFO  server.RaftServerConfigKeys (ConfUtils.java:logGet(43)) - raft.server.log.write.buffer.size = 33554432 (custom)
2019-09-19 12:00:55,013 [pool-37-thread-1] INFO  server.RaftServerConfigKeys (ConfUtils.java:logGet(43)) - raft.server.log.force.sync.num = 128 (default)
2019-09-19 12:00:55,013 [pool-37-thread-1] INFO  server.RaftServerConfigKeys (ConfUtils.java:logGet(43)) - raft.server.log.statemachine.data.sync = true (default)
2019-09-19 12:00:55,013 [pool-37-thread-1] INFO  server.RaftServerConfigKeys (ConfUtils.java:logGet(43)) - raft.server.log.statemachine.data.sync.timeout = 10s (default)
2019-09-19 12:00:55,013 [pool-37-thread-1] INFO  server.RaftServerConfigKeys (ConfUtils.java:logGet(43)) - raft.server.log.statemachine.data.sync.timeout.retry = -1 (default)
2019-09-19 12:00:55,014 [pool-37-thread-1] INFO  server.RaftServerConfigKeys (ConfUtils.java:logGet(43)) - raft.server.log.statemachine.data.caching.enabled = true (custom)
2019-09-19 12:00:55,014 [pool-37-thread-1] INFO  segmented.SegmentedRaftLogWorker (SegmentedRaftLogWorker.java:lambda$new$0(132)) - 8f7c3f06-04e3-45b0-a756-eb146f11ca16@group-E981BB2162A8-SegmentedRaftLogWorker: flushIndex: setUnconditionally 0 -> -1
2019-09-19 12:00:55,015 [pool-37-thread-1] INFO  server.RaftServerConfigKeys (ConfUtils.java:logGet(43)) - raft.server.snapshot.auto.trigger.enabled = true (custom)
2019-09-19 12:00:55,015 [pool-37-thread-1] INFO  server.RaftServerConfigKeys (ConfUtils.java:logGet(43)) - raft.server.snapshot.auto.trigger.threshold = 10000 (custom)
2019-09-19 12:00:55,015 [pool-37-thread-1] INFO  server.RaftServerConfigKeys (ConfUtils.java:logGet(43)) - raft.server.snapshot.retention.num.files = -1 (default)
2019-09-19 12:00:55,015 [pool-37-thread-1] INFO  server.RaftServerConfigKeys (ConfUtils.java:logGet(43)) - raft.server.retrycache.expirytime = 600000ms (custom)
2019-09-19 12:00:55,017 [ccaa8f46-a720-4c9d-b367-b8e62fb2ca31@group-BBBA7E8A47D4:LeaderElection1] INFO  impl.RaftServerImpl (ServerState.java:setRaftConf(354)) - ccaa8f46-a720-4c9d-b367-b8e62fb2ca31@group-BBBA7E8A47D4: set configuration 0: [ccaa8f46-a720-4c9d-b367-b8e62fb2ca31:192.168.34.13:37847], old=null at 0
2019-09-19 12:00:55,022 [pool-37-thread-1] INFO  impl.RaftServerImpl (RaftServerImpl.java:start(185)) - 8f7c3f06-04e3-45b0-a756-eb146f11ca16@group-E981BB2162A8: start as a follower, conf=-1: [8f7c3f06-04e3-45b0-a756-eb146f11ca16:192.168.34.13:41016], old=null
2019-09-19 12:00:55,022 [pool-37-thread-1] INFO  impl.RaftServerImpl (RaftServerImpl.java:setRole(174)) - 8f7c3f06-04e3-45b0-a756-eb146f11ca16@group-E981BB2162A8: changes role from      null to FOLLOWER at term 0 for startAsFollower
2019-09-19 12:00:55,022 [pool-37-thread-1] INFO  impl.RoleInfo (RoleInfo.java:updateAndGet(143)) - 8f7c3f06-04e3-45b0-a756-eb146f11ca16: start FollowerState
2019-09-19 12:00:55,023 [pool-37-thread-1] INFO  util.JmxRegister (JmxRegister.java:tryRegister(44)) - Successfully registered JMX Bean with object name Ratis:service=RaftServer,group=group-E981BB2162A8,id=8f7c3f06-04e3-45b0-a756-eb146f11ca16
2019-09-19 12:00:55,048 [RatisPipelineUtilsThread] INFO  pipeline.PipelineStateManager (PipelineStateManager.java:addPipeline(56)) - Created pipeline Pipeline[ Id: cfd65423-eda6-4959-8e41-e981bb2162a8, Nodes: 8f7c3f06-04e3-45b0-a756-eb146f11ca16{ip: 192.168.34.13, host: pr-hdds-2153-g484h-410672627, networkLocation: /default-rack, certSerialId: null}, Type:RATIS, Factor:ONE, State:OPEN]
2019-09-19 12:00:55,119 [grpc-default-executor-1] INFO  impl.RaftServerProxy (RaftServerProxy.java:addNew(89)) - 7d946ca7-a873-4723-b723-9ddee89d0bc7: addNew group-A9823C1EF766:[ccaa8f46-a720-4c9d-b367-b8e62fb2ca31:192.168.34.13:37847, 7d946ca7-a873-4723-b723-9ddee89d0bc7:192.168.34.13:44439, a729cdbd-f787-49c0-8e2c-44f1fb27cdba:192.168.34.13:46503] returns group-A9823C1EF766:java.util.concurrent.CompletableFuture@265417ef[Not completed]
2019-09-19 12:00:55,120 [grpc-default-executor-2] INFO  impl.RaftServerProxy (RaftServerProxy.java:addNew(89)) - ccaa8f46-a720-4c9d-b367-b8e62fb2ca31: addNew group-A9823C1EF766:[ccaa8f46-a720-4c9d-b367-b8e62fb2ca31:192.168.34.13:37847, 7d946ca7-a873-4723-b723-9ddee89d0bc7:192.168.34.13:44439, a729cdbd-f787-49c0-8e2c-44f1fb27cdba:192.168.34.13:46503] returns group-A9823C1EF766:java.util.concurrent.CompletableFuture@75849fb7[Not completed]
2019-09-19 12:00:55,124 [grpc-default-executor-2] INFO  impl.RaftServerProxy (RaftServerProxy.java:addNew(89)) - a729cdbd-f787-49c0-8e2c-44f1fb27cdba: addNew group-A9823C1EF766:[ccaa8f46-a720-4c9d-b367-b8e62fb2ca31:192.168.34.13:37847, 7d946ca7-a873-4723-b723-9ddee89d0bc7:192.168.34.13:44439, a729cdbd-f787-49c0-8e2c-44f1fb27cdba:192.168.34.13:46503] returns group-A9823C1EF766:java.util.concurrent.CompletableFuture@71bb15df[Not completed]
2019-09-19 12:00:55,124 [pool-107-thread-1] INFO  impl.RaftServerImpl (RaftServerImpl.java:<init>(95)) - 7d946ca7-a873-4723-b723-9ddee89d0bc7: new RaftServerImpl for group-A9823C1EF766:[ccaa8f46-a720-4c9d-b367-b8e62fb2ca31:192.168.34.13:37847, 7d946ca7-a873-4723-b723-9ddee89d0bc7:192.168.34.13:44439, a729cdbd-f787-49c0-8e2c-44f1fb27cdba:192.168.34.13:46503] with ContainerStateMachine:uninitialized
2019-09-19 12:00:55,124 [pool-107-thread-1] INFO  server.RaftServerConfigKeys (ConfUtils.java:logGet(43)) - raft.server.rpc.timeout.min = 1s (custom)
2019-09-19 12:00:55,125 [pool-107-thread-1] INFO  server.RaftServerConfigKeys (ConfUtils.java:logGet(43)) - raft.server.rpc.timeout.max = 1200ms (custom)
2019-09-19 12:00:55,125 [pool-107-thread-1] INFO  server.RaftServerConfigKeys (ConfUtils.java:logGet(43)) - raft.server.rpcslowness.timeout = 120s (custom)
2019-09-19 12:00:55,125 [pool-107-thread-1] INFO  server.RaftServerConfigKeys (ConfUtils.java:logGet(43)) - raft.server.sleep.deviation.threshold = 300 (default)
2019-09-19 12:00:55,125 [pool-107-thread-1] INFO  server.RaftServerConfigKeys (ConfUtils.java:logGet(43)) - raft.server.log.appender.install.snapshot.enabled = false (custom)
2019-09-19 12:00:55,125 [pool-107-thread-1] INFO  impl.RaftServerImpl (ServerState.java:<init>(103)) - 7d946ca7-a873-4723-b723-9ddee89d0bc7@group-A9823C1EF766: ConfigurationManager, init=-1: [ccaa8f46-a720-4c9d-b367-b8e62fb2ca31:192.168.34.13:37847, 7d946ca7-a873-4723-b723-9ddee89d0bc7:192.168.34.13:44439, a729cdbd-f787-49c0-8e2c-44f1fb27cdba:192.168.34.13:46503], old=null, confs=<EMPTY_MAP>
2019-09-19 12:00:55,125 [pool-27-thread-1] INFO  impl.RaftServerImpl (RaftServerImpl.java:<init>(95)) - ccaa8f46-a720-4c9d-b367-b8e62fb2ca31: new RaftServerImpl for group-A9823C1EF766:[ccaa8f46-a720-4c9d-b367-b8e62fb2ca31:192.168.34.13:37847, 7d946ca7-a873-4723-b723-9ddee89d0bc7:192.168.34.13:44439, a729cdbd-f787-49c0-8e2c-44f1fb27cdba:192.168.34.13:46503] with ContainerStateMachine:uninitialized
2019-09-19 12:00:55,125 [pool-107-thread-1] INFO  server.RaftServerConfigKeys (ConfUtils.java:logGet(43)) - raft.server.storage.dir = [/workdir/hadoop-ozone/integration-test/target/test-dir/MiniOzoneClusterImpl-d8add679-7105-42f6-bf2c-18911ac53160/datanode-8/data/ratis] (custom)
2019-09-19 12:00:55,125 [pool-27-thread-1] INFO  server.RaftServerConfigKeys (ConfUtils.java:logGet(43)) - raft.server.rpc.timeout.min = 1s (custom)
2019-09-19 12:00:55,126 [pool-27-thread-1] INFO  server.RaftServerConfigKeys (ConfUtils.java:logGet(43)) - raft.server.rpc.timeout.max = 1200ms (custom)
2019-09-19 12:00:55,126 [pool-107-thread-1] INFO  storage.RaftStorageDirectory (RaftStorageDirectory.java:analyzeStorage(246)) - The storage directory /workdir/hadoop-ozone/integration-test/target/test-dir/MiniOzoneClusterImpl-d8add679-7105-42f6-bf2c-18911ac53160/datanode-8/data/ratis/8f57a7dd-98e2-41d5-9d7d-a9823c1ef766 does not exist. Creating ...
2019-09-19 12:00:55,126 [pool-67-thread-1] INFO  impl.RaftServerImpl (RaftServerImpl.java:<init>(95)) - a729cdbd-f787-49c0-8e2c-44f1fb27cdba: new RaftServerImpl for group-A9823C1EF766:[ccaa8f46-a720-4c9d-b367-b8e62fb2ca31:192.168.34.13:37847, 7d946ca7-a873-4723-b723-9ddee89d0bc7:192.168.34.13:44439, a729cdbd-f787-49c0-8e2c-44f1fb27cdba:192.168.34.13:46503] with ContainerStateMachine:uninitialized
2019-09-19 12:00:55,126 [pool-27-thread-1] INFO  server.RaftServerConfigKeys (ConfUtils.java:logGet(43)) - raft.server.rpcslowness.timeout = 120s (custom)
2019-09-19 12:00:55,126 [pool-67-thread-1] INFO  server.RaftServerConfigKeys (ConfUtils.java:logGet(43)) - raft.server.rpc.timeout.min = 1s (custom)
2019-09-19 12:00:55,126 [pool-27-thread-1] INFO  server.RaftServerConfigKeys (ConfUtils.java:logGet(43)) - raft.server.sleep.deviation.threshold = 300 (default)
2019-09-19 12:00:55,126 [pool-67-thread-1] INFO  server.RaftServerConfigKeys (ConfUtils.java:logGet(43)) - raft.server.rpc.timeout.max = 1200ms (custom)
2019-09-19 12:00:55,127 [pool-27-thread-1] INFO  server.RaftServerConfigKeys (ConfUtils.java:logGet(43)) - raft.server.log.appender.install.snapshot.enabled = false (custom)
2019-09-19 12:00:55,127 [pool-67-thread-1] INFO  server.RaftServerConfigKeys (ConfUtils.java:logGet(43)) - raft.server.rpcslowness.timeout = 120s (custom)
2019-09-19 12:00:55,127 [pool-27-thread-1] INFO  impl.RaftServerImpl (ServerState.java:<init>(103)) - ccaa8f46-a720-4c9d-b367-b8e62fb2ca31@group-A9823C1EF766: ConfigurationManager, init=-1: [ccaa8f46-a720-4c9d-b367-b8e62fb2ca31:192.168.34.13:37847, 7d946ca7-a873-4723-b723-9ddee89d0bc7:192.168.34.13:44439, a729cdbd-f787-49c0-8e2c-44f1fb27cdba:192.168.34.13:46503], old=null, confs=<EMPTY_MAP>
2019-09-19 12:00:55,127 [pool-67-thread-1] INFO  server.RaftServerConfigKeys (ConfUtils.java:logGet(43)) - raft.server.sleep.deviation.threshold = 300 (default)
2019-09-19 12:00:55,127 [pool-27-thread-1] INFO  server.RaftServerConfigKeys (ConfUtils.java:logGet(43)) - raft.server.storage.dir = [/workdir/hadoop-ozone/integration-test/target/test-dir/MiniOzoneClusterImpl-d8add679-7105-42f6-bf2c-18911ac53160/datanode-0/data/ratis] (custom)
2019-09-19 12:00:55,127 [pool-67-thread-1] INFO  server.RaftServerConfigKeys (ConfUtils.java:logGet(43)) - raft.server.log.appender.install.snapshot.enabled = false (custom)
2019-09-19 12:00:55,127 [pool-67-thread-1] INFO  impl.RaftServerImpl (ServerState.java:<init>(103)) - a729cdbd-f787-49c0-8e2c-44f1fb27cdba@group-A9823C1EF766: ConfigurationManager, init=-1: [ccaa8f46-a720-4c9d-b367-b8e62fb2ca31:192.168.34.13:37847, 7d946ca7-a873-4723-b723-9ddee89d0bc7:192.168.34.13:44439, a729cdbd-f787-49c0-8e2c-44f1fb27cdba:192.168.34.13:46503], old=null, confs=<EMPTY_MAP>
2019-09-19 12:00:55,127 [pool-27-thread-1] INFO  storage.RaftStorageDirectory (RaftStorageDirectory.java:analyzeStorage(246)) - The storage directory /workdir/hadoop-ozone/integration-test/target/test-dir/MiniOzoneClusterImpl-d8add679-7105-42f6-bf2c-18911ac53160/datanode-0/data/ratis/8f57a7dd-98e2-41d5-9d7d-a9823c1ef766 does not exist. Creating ...
2019-09-19 12:00:55,127 [pool-67-thread-1] INFO  server.RaftServerConfigKeys (ConfUtils.java:logGet(43)) - raft.server.storage.dir = [/workdir/hadoop-ozone/integration-test/target/test-dir/MiniOzoneClusterImpl-d8add679-7105-42f6-bf2c-18911ac53160/datanode-4/data/ratis] (custom)
2019-09-19 12:00:55,128 [pool-67-thread-1] INFO  storage.RaftStorageDirectory (RaftStorageDirectory.java:analyzeStorage(246)) - The storage directory /workdir/hadoop-ozone/integration-test/target/test-dir/MiniOzoneClusterImpl-d8add679-7105-42f6-bf2c-18911ac53160/datanode-4/data/ratis/8f57a7dd-98e2-41d5-9d7d-a9823c1ef766 does not exist. Creating ...
2019-09-19 12:00:55,140 [pool-67-thread-1] INFO  storage.RaftStorageDirectory (RaftStorageDirectory.java:tryLock(328)) - Lock on /workdir/hadoop-ozone/integration-test/target/test-dir/MiniOzoneClusterImpl-d8add679-7105-42f6-bf2c-18911ac53160/datanode-4/data/ratis/8f57a7dd-98e2-41d5-9d7d-a9823c1ef766/in_use.lock acquired by nodename 7714@pr-hdds-2153-g484h-410672627
2019-09-19 12:00:55,140 [pool-107-thread-1] INFO  storage.RaftStorageDirectory (RaftStorageDirectory.java:tryLock(328)) - Lock on /workdir/hadoop-ozone/integration-test/target/test-dir/MiniOzoneClusterImpl-d8add679-7105-42f6-bf2c-18911ac53160/datanode-8/data/ratis/8f57a7dd-98e2-41d5-9d7d-a9823c1ef766/in_use.lock acquired by nodename 7714@pr-hdds-2153-g484h-410672627
2019-09-19 12:00:55,140 [pool-27-thread-1] INFO  storage.RaftStorageDirectory (RaftStorageDirectory.java:tryLock(328)) - Lock on /workdir/hadoop-ozone/integration-test/target/test-dir/MiniOzoneClusterImpl-d8add679-7105-42f6-bf2c-18911ac53160/datanode-0/data/ratis/8f57a7dd-98e2-41d5-9d7d-a9823c1ef766/in_use.lock acquired by nodename 7714@pr-hdds-2153-g484h-410672627
2019-09-19 12:00:55,154 [pool-67-thread-1] INFO  storage.RaftStorage (RaftStorage.java:format(72)) - Storage directory /workdir/hadoop-ozone/integration-test/target/test-dir/MiniOzoneClusterImpl-d8add679-7105-42f6-bf2c-18911ac53160/datanode-4/data/ratis/8f57a7dd-98e2-41d5-9d7d-a9823c1ef766 has been successfully formatted.
2019-09-19 12:00:55,154 [pool-27-thread-1] INFO  storage.RaftStorage (RaftStorage.java:format(72)) - Storage directory /workdir/hadoop-ozone/integration-test/target/test-dir/MiniOzoneClusterImpl-d8add679-7105-42f6-bf2c-18911ac53160/datanode-0/data/ratis/8f57a7dd-98e2-41d5-9d7d-a9823c1ef766 has been successfully formatted.
2019-09-19 12:00:55,154 [pool-67-thread-1] INFO  ratis.ContainerStateMachine (ContainerStateMachine.java:loadSnapshot(230)) - group-A9823C1EF766: The snapshot info is null. Setting the last applied indexto:(t:0, i:~)
2019-09-19 12:00:55,154 [pool-107-thread-1] INFO  storage.RaftStorage (RaftStorage.java:format(72)) - Storage directory /workdir/hadoop-ozone/integration-test/target/test-dir/MiniOzoneClusterImpl-d8add679-7105-42f6-bf2c-18911ac53160/datanode-8/data/ratis/8f57a7dd-98e2-41d5-9d7d-a9823c1ef766 has been successfully formatted.
2019-09-19 12:00:55,154 [pool-67-thread-1] INFO  server.RaftServerConfigKeys (ConfUtils.java:logGet(43)) - raft.server.notification.no-leader.timeout = 120s (custom)
2019-09-19 12:00:55,154 [pool-27-thread-1] INFO  ratis.ContainerStateMachine (ContainerStateMachine.java:loadSnapshot(230)) - group-A9823C1EF766: The snapshot info is null. Setting the last applied indexto:(t:0, i:~)
2019-09-19 12:00:55,154 [pool-107-thread-1] INFO  ratis.ContainerStateMachine (ContainerStateMachine.java:loadSnapshot(230)) - group-A9823C1EF766: The snapshot info is null. Setting the last applied indexto:(t:0, i:~)
2019-09-19 12:00:55,154 [pool-67-thread-1] INFO  server.RaftServerConfigKeys (ConfUtils.java:logGet(43)) - raft.server.log.use.memory = false (default)
2019-09-19 12:00:55,154 [pool-107-thread-1] INFO  server.RaftServerConfigKeys (ConfUtils.java:logGet(43)) - raft.server.notification.no-leader.timeout = 120s (custom)
2019-09-19 12:00:55,154 [pool-27-thread-1] INFO  server.RaftServerConfigKeys (ConfUtils.java:logGet(43)) - raft.server.notification.no-leader.timeout = 120s (custom)
2019-09-19 12:00:55,155 [pool-107-thread-1] INFO  server.RaftServerConfigKeys (ConfUtils.java:logGet(43)) - raft.server.log.use.memory = false (default)
2019-09-19 12:00:55,155 [pool-67-thread-1] INFO  server.RaftServerConfigKeys (ConfUtils.java:logGet(43)) - raft.server.log.purge.gap = 1000000 (custom)
2019-09-19 12:00:55,155 [pool-107-thread-1] INFO  server.RaftServerConfigKeys (ConfUtils.java:logGet(43)) - raft.server.log.purge.gap = 1000000 (custom)
2019-09-19 12:00:55,155 [pool-27-thread-1] INFO  server.RaftServerConfigKeys (ConfUtils.java:logGet(43)) - raft.server.log.use.memory = false (default)
2019-09-19 12:00:55,155 [pool-107-thread-1] INFO  server.RaftServerConfigKeys (ConfUtils.java:logGet(43)) - raft.server.log.appender.buffer.byte-limit = 33554432 (custom)
2019-09-19 12:00:55,155 [pool-67-thread-1] INFO  server.RaftServerConfigKeys (ConfUtils.java:logGet(43)) - raft.server.log.appender.buffer.byte-limit = 33554432 (custom)
2019-09-19 12:00:55,155 [pool-107-thread-1] INFO  server.RaftServerConfigKeys (ConfUtils.java:logGet(43)) - raft.server.log.segment.size.max = 1048576 (custom)
2019-09-19 12:00:55,155 [pool-27-thread-1] INFO  server.RaftServerConfigKeys (ConfUtils.java:logGet(43)) - raft.server.log.purge.gap = 1000000 (custom)
2019-09-19 12:00:55,156 [pool-107-thread-1] INFO  server.RaftServerConfigKeys (ConfUtils.java:logGet(43)) - raft.server.log.segment.cache.num.max = 2 (custom)
2019-09-19 12:00:55,155 [pool-67-thread-1] INFO  server.RaftServerConfigKeys (ConfUtils.java:logGet(43)) - raft.server.log.segment.size.max = 1048576 (custom)
2019-09-19 12:00:55,156 [pool-107-thread-1] INFO  segmented.SegmentedRaftLogWorker (SegmentedRaftLogWorker.java:<init>(172)) - new 7d946ca7-a873-4723-b723-9ddee89d0bc7@group-A9823C1EF766-SegmentedRaftLogWorker for RaftStorage:Storage Directory /workdir/hadoop-ozone/integration-test/target/test-dir/MiniOzoneClusterImpl-d8add679-7105-42f6-bf2c-18911ac53160/datanode-8/data/ratis/8f57a7dd-98e2-41d5-9d7d-a9823c1ef766
2019-09-19 12:00:55,156 [pool-67-thread-1] INFO  server.RaftServerConfigKeys (ConfUtils.java:logGet(43)) - raft.server.log.segment.cache.num.max = 2 (custom)
2019-09-19 12:00:55,156 [pool-27-thread-1] INFO  server.RaftServerConfigKeys (ConfUtils.java:logGet(43)) - raft.server.log.appender.buffer.byte-limit = 33554432 (custom)
2019-09-19 12:00:55,156 [pool-67-thread-1] INFO  segmented.SegmentedRaftLogWorker (SegmentedRaftLogWorker.java:<init>(172)) - new a729cdbd-f787-49c0-8e2c-44f1fb27cdba@group-A9823C1EF766-SegmentedRaftLogWorker for RaftStorage:Storage Directory /workdir/hadoop-ozone/integration-test/target/test-dir/MiniOzoneClusterImpl-d8add679-7105-42f6-bf2c-18911ac53160/datanode-4/data/ratis/8f57a7dd-98e2-41d5-9d7d-a9823c1ef766
2019-09-19 12:00:55,156 [pool-107-thread-1] INFO  server.RaftServerConfigKeys (ConfUtils.java:logGet(43)) - raft.server.log.queue.byte-limit = 2147483647 (custom)
2019-09-19 12:00:55,156 [pool-67-thread-1] INFO  server.RaftServerConfigKeys (ConfUtils.java:logGet(43)) - raft.server.log.queue.byte-limit = 2147483647 (custom)
2019-09-19 12:00:55,156 [pool-27-thread-1] INFO  server.RaftServerConfigKeys (ConfUtils.java:logGet(43)) - raft.server.log.segment.size.max = 1048576 (custom)
2019-09-19 12:00:55,156 [pool-67-thread-1] INFO  server.RaftServerConfigKeys (ConfUtils.java:logGet(43)) - raft.server.log.queue.element-limit = 1024 (custom)
2019-09-19 12:00:55,156 [pool-107-thread-1] INFO  server.RaftServerConfigKeys (ConfUtils.java:logGet(43)) - raft.server.log.queue.element-limit = 1024 (custom)
2019-09-19 12:00:55,157 [pool-67-thread-1] INFO  server.RaftServerConfigKeys (ConfUtils.java:logGet(43)) - raft.server.log.segment.size.max = 1048576 (custom)
2019-09-19 12:00:55,156 [pool-27-thread-1] INFO  server.RaftServerConfigKeys (ConfUtils.java:logGet(43)) - raft.server.log.segment.cache.num.max = 2 (custom)
2019-09-19 12:00:55,157 [pool-67-thread-1] INFO  server.RaftServerConfigKeys (ConfUtils.java:logGet(43)) - raft.server.log.preallocated.size = 16384 (custom)
2019-09-19 12:00:55,157 [pool-107-thread-1] INFO  server.RaftServerConfigKeys (ConfUtils.java:logGet(43)) - raft.server.log.segment.size.max = 1048576 (custom)
2019-09-19 12:00:55,157 [pool-67-thread-1] INFO  server.RaftServerConfigKeys (ConfUtils.java:logGet(43)) - raft.server.log.write.buffer.size = 33554432 (custom)
2019-09-19 12:00:55,157 [pool-27-thread-1] INFO  segmented.SegmentedRaftLogWorker (SegmentedRaftLogWorker.java:<init>(172)) - new ccaa8f46-a720-4c9d-b367-b8e62fb2ca31@group-A9823C1EF766-SegmentedRaftLogWorker for RaftStorage:Storage Directory /workdir/hadoop-ozone/integration-test/target/test-dir/MiniOzoneClusterImpl-d8add679-7105-42f6-bf2c-18911ac53160/datanode-0/data/ratis/8f57a7dd-98e2-41d5-9d7d-a9823c1ef766
2019-09-19 12:00:55,157 [pool-67-thread-1] INFO  server.RaftServerConfigKeys (ConfUtils.java:logGet(43)) - raft.server.log.force.sync.num = 128 (default)
2019-09-19 12:00:55,157 [pool-107-thread-1] INFO  server.RaftServerConfigKeys (ConfUtils.java:logGet(43)) - raft.server.log.preallocated.size = 16384 (custom)
2019-09-19 12:00:55,157 [pool-67-thread-1] INFO  server.RaftServerConfigKeys (ConfUtils.java:logGet(43)) - raft.server.log.statemachine.data.sync = true (default)
2019-09-19 12:00:55,157 [pool-27-thread-1] INFO  server.RaftServerConfigKeys (ConfUtils.java:logGet(43)) - raft.server.log.queue.byte-limit = 2147483647 (custom)
2019-09-19 12:00:55,158 [pool-67-thread-1] INFO  server.RaftServerConfigKeys (ConfUtils.java:logGet(43)) - raft.server.log.statemachine.data.sync.timeout = 10s (default)
2019-09-19 12:00:55,157 [pool-107-thread-1] INFO  server.RaftServerConfigKeys (ConfUtils.java:logGet(43)) - raft.server.log.write.buffer.size = 33554432 (custom)
2019-09-19 12:00:55,158 [pool-67-thread-1] INFO  server.RaftServerConfigKeys (ConfUtils.java:logGet(43)) - raft.server.log.statemachine.data.sync.timeout.retry = -1 (default)
2019-09-19 12:00:55,158 [pool-27-thread-1] INFO  server.RaftServerConfigKeys (ConfUtils.java:logGet(43)) - raft.server.log.queue.element-limit = 1024 (custom)
2019-09-19 12:00:55,158 [pool-67-thread-1] INFO  server.RaftServerConfigKeys (ConfUtils.java:logGet(43)) - raft.server.log.statemachine.data.caching.enabled = true (custom)
2019-09-19 12:00:55,158 [pool-107-thread-1] INFO  server.RaftServerConfigKeys (ConfUtils.java:logGet(43)) - raft.server.log.force.sync.num = 128 (default)
2019-09-19 12:00:55,158 [pool-27-thread-1] INFO  server.RaftServerConfigKeys (ConfUtils.java:logGet(43)) - raft.server.log.segment.size.max = 1048576 (custom)
2019-09-19 12:00:55,158 [pool-67-thread-1] INFO  segmented.SegmentedRaftLogWorker (SegmentedRaftLogWorker.java:lambda$new$0(132)) - a729cdbd-f787-49c0-8e2c-44f1fb27cdba@group-A9823C1EF766-SegmentedRaftLogWorker: flushIndex: setUnconditionally 0 -> -1
2019-09-19 12:00:55,158 [pool-107-thread-1] INFO  server.RaftServerConfigKeys (ConfUtils.java:logGet(43)) - raft.server.log.statemachine.data.sync = true (default)
2019-09-19 12:00:55,158 [pool-27-thread-1] INFO  server.RaftServerConfigKeys (ConfUtils.java:logGet(43)) - raft.server.log.preallocated.size = 16384 (custom)
2019-09-19 12:00:55,159 [pool-107-thread-1] INFO  server.RaftServerConfigKeys (ConfUtils.java:logGet(43)) - raft.server.log.statemachine.data.sync.timeout = 10s (default)
2019-09-19 12:00:55,159 [pool-67-thread-1] INFO  server.RaftServerConfigKeys (ConfUtils.java:logGet(43)) - raft.server.snapshot.auto.trigger.enabled = true (custom)
2019-09-19 12:00:55,159 [pool-27-thread-1] INFO  server.RaftServerConfigKeys (ConfUtils.java:logGet(43)) - raft.server.log.write.buffer.size = 33554432 (custom)
2019-09-19 12:00:55,159 [pool-107-thread-1] INFO  server.RaftServerConfigKeys (ConfUtils.java:logGet(43)) - raft.server.log.statemachine.data.sync.timeout.retry = -1 (default)
2019-09-19 12:00:55,159 [pool-67-thread-1] INFO  server.RaftServerConfigKeys (ConfUtils.java:logGet(43)) - raft.server.snapshot.auto.trigger.threshold = 10000 (custom)
2019-09-19 12:00:55,159 [pool-27-thread-1] INFO  server.RaftServerConfigKeys (ConfUtils.java:logGet(43)) - raft.server.log.force.sync.num = 128 (default)
2019-09-19 12:00:55,159 [pool-107-thread-1] INFO  server.RaftServerConfigKeys (ConfUtils.java:logGet(43)) - raft.server.log.statemachine.data.caching.enabled = true (custom)
2019-09-19 12:00:55,159 [pool-67-thread-1] INFO  server.RaftServerConfigKeys (ConfUtils.java:logGet(43)) - raft.server.snapshot.retention.num.files = -1 (default)
2019-09-19 12:00:55,159 [pool-27-thread-1] INFO  server.RaftServerConfigKeys (ConfUtils.java:logGet(43)) - raft.server.log.statemachine.data.sync = true (default)
2019-09-19 12:00:55,160 [pool-67-thread-1] INFO  server.RaftServerConfigKeys (ConfUtils.java:logGet(43)) - raft.server.retrycache.expirytime = 600000ms (custom)
2019-09-19 12:00:55,160 [pool-107-thread-1] INFO  segmented.SegmentedRaftLogWorker (SegmentedRaftLogWorker.java:lambda$new$0(132)) - 7d946ca7-a873-4723-b723-9ddee89d0bc7@group-A9823C1EF766-SegmentedRaftLogWorker: flushIndex: setUnconditionally 0 -> -1
2019-09-19 12:00:55,160 [pool-27-thread-1] INFO  server.RaftServerConfigKeys (ConfUtils.java:logGet(43)) - raft.server.log.statemachine.data.sync.timeout = 10s (default)
2019-09-19 12:00:55,160 [pool-27-thread-1] INFO  server.RaftServerConfigKeys (ConfUtils.java:logGet(43)) - raft.server.log.statemachine.data.sync.timeout.retry = -1 (default)
2019-09-19 12:00:55,160 [pool-107-thread-1] INFO  server.RaftServerConfigKeys (ConfUtils.java:logGet(43)) - raft.server.snapshot.auto.trigger.enabled = true (custom)
2019-09-19 12:00:55,160 [pool-27-thread-1] INFO  server.RaftServerConfigKeys (ConfUtils.java:logGet(43)) - raft.server.log.statemachine.data.caching.enabled = true (custom)
2019-09-19 12:00:55,160 [pool-107-thread-1] INFO  server.RaftServerConfigKeys (ConfUtils.java:logGet(43)) - raft.server.snapshot.auto.trigger.threshold = 10000 (custom)
2019-09-19 12:00:55,160 [pool-107-thread-1] INFO  server.RaftServerConfigKeys (ConfUtils.java:logGet(43)) - raft.server.snapshot.retention.num.files = -1 (default)
2019-09-19 12:00:55,160 [pool-27-thread-1] INFO  segmented.SegmentedRaftLogWorker (SegmentedRaftLogWorker.java:lambda$new$0(132)) - ccaa8f46-a720-4c9d-b367-b8e62fb2ca31@group-A9823C1EF766-SegmentedRaftLogWorker: flushIndex: setUnconditionally 0 -> -1
2019-09-19 12:00:55,161 [pool-107-thread-1] INFO  server.RaftServerConfigKeys (ConfUtils.java:logGet(43)) - raft.server.retrycache.expirytime = 600000ms (custom)
2019-09-19 12:00:55,161 [pool-27-thread-1] INFO  server.RaftServerConfigKeys (ConfUtils.java:logGet(43)) - raft.server.snapshot.auto.trigger.enabled = true (custom)
2019-09-19 12:00:55,161 [pool-27-thread-1] INFO  server.RaftServerConfigKeys (ConfUtils.java:logGet(43)) - raft.server.snapshot.auto.trigger.threshold = 10000 (custom)
2019-09-19 12:00:55,161 [pool-27-thread-1] INFO  server.RaftServerConfigKeys (ConfUtils.java:logGet(43)) - raft.server.snapshot.retention.num.files = -1 (default)
2019-09-19 12:00:55,161 [pool-27-thread-1] INFO  server.RaftServerConfigKeys (ConfUtils.java:logGet(43)) - raft.server.retrycache.expirytime = 600000ms (custom)
2019-09-19 12:00:55,163 [pool-67-thread-1] INFO  impl.RaftServerImpl (RaftServerImpl.java:start(185)) - a729cdbd-f787-49c0-8e2c-44f1fb27cdba@group-A9823C1EF766: start as a follower, conf=-1: [ccaa8f46-a720-4c9d-b367-b8e62fb2ca31:192.168.34.13:37847, 7d946ca7-a873-4723-b723-9ddee89d0bc7:192.168.34.13:44439, a729cdbd-f787-49c0-8e2c-44f1fb27cdba:192.168.34.13:46503], old=null
2019-09-19 12:00:55,163 [pool-67-thread-1] INFO  impl.RaftServerImpl (RaftServerImpl.java:setRole(174)) - a729cdbd-f787-49c0-8e2c-44f1fb27cdba@group-A9823C1EF766: changes role from      null to FOLLOWER at term 0 for startAsFollower
2019-09-19 12:00:55,163 [pool-67-thread-1] INFO  impl.RoleInfo (RoleInfo.java:updateAndGet(143)) - a729cdbd-f787-49c0-8e2c-44f1fb27cdba: start FollowerState
2019-09-19 12:00:55,163 [pool-67-thread-1] INFO  util.JmxRegister (JmxRegister.java:tryRegister(44)) - Successfully registered JMX Bean with object name Ratis:service=RaftServer,group=group-A9823C1EF766,id=a729cdbd-f787-49c0-8e2c-44f1fb27cdba
2019-09-19 12:00:55,164 [pool-107-thread-1] INFO  impl.RaftServerImpl (RaftServerImpl.java:start(185)) - 7d946ca7-a873-4723-b723-9ddee89d0bc7@group-A9823C1EF766: start as a follower, conf=-1: [ccaa8f46-a720-4c9d-b367-b8e62fb2ca31:192.168.34.13:37847, 7d946ca7-a873-4723-b723-9ddee89d0bc7:192.168.34.13:44439, a729cdbd-f787-49c0-8e2c-44f1fb27cdba:192.168.34.13:46503], old=null
2019-09-19 12:00:55,164 [pool-27-thread-1] INFO  impl.RaftServerImpl (RaftServerImpl.java:start(185)) - ccaa8f46-a720-4c9d-b367-b8e62fb2ca31@group-A9823C1EF766: start as a follower, conf=-1: [ccaa8f46-a720-4c9d-b367-b8e62fb2ca31:192.168.34.13:37847, 7d946ca7-a873-4723-b723-9ddee89d0bc7:192.168.34.13:44439, a729cdbd-f787-49c0-8e2c-44f1fb27cdba:192.168.34.13:46503], old=null
2019-09-19 12:00:55,164 [pool-107-thread-1] INFO  impl.RaftServerImpl (RaftServerImpl.java:setRole(174)) - 7d946ca7-a873-4723-b723-9ddee89d0bc7@group-A9823C1EF766: changes role from      null to FOLLOWER at term 0 for startAsFollower
2019-09-19 12:00:55,164 [pool-27-thread-1] INFO  impl.RaftServerImpl (RaftServerImpl.java:setRole(174)) - ccaa8f46-a720-4c9d-b367-b8e62fb2ca31@group-A9823C1EF766: changes role from      null to FOLLOWER at term 0 for startAsFollower
2019-09-19 12:00:55,164 [pool-107-thread-1] INFO  impl.RoleInfo (RoleInfo.java:updateAndGet(143)) - 7d946ca7-a873-4723-b723-9ddee89d0bc7: start FollowerState
2019-09-19 12:00:55,164 [pool-27-thread-1] INFO  impl.RoleInfo (RoleInfo.java:updateAndGet(143)) - ccaa8f46-a720-4c9d-b367-b8e62fb2ca31: start FollowerState
2019-09-19 12:00:55,164 [pool-107-thread-1] INFO  util.JmxRegister (JmxRegister.java:tryRegister(44)) - Successfully registered JMX Bean with object name Ratis:service=RaftServer,group=group-A9823C1EF766,id=7d946ca7-a873-4723-b723-9ddee89d0bc7
2019-09-19 12:00:55,165 [pool-27-thread-1] INFO  util.JmxRegister (JmxRegister.java:tryRegister(44)) - Successfully registered JMX Bean with object name Ratis:service=RaftServer,group=group-A9823C1EF766,id=ccaa8f46-a720-4c9d-b367-b8e62fb2ca31
2019-09-19 12:00:55,209 [RatisPipelineUtilsThread] INFO  pipeline.PipelineStateManager (PipelineStateManager.java:addPipeline(56)) - Created pipeline Pipeline[ Id: 8f57a7dd-98e2-41d5-9d7d-a9823c1ef766, Nodes: ccaa8f46-a720-4c9d-b367-b8e62fb2ca31{ip: 192.168.34.13, host: pr-hdds-2153-g484h-410672627, networkLocation: /default-rack, certSerialId: null}a729cdbd-f787-49c0-8e2c-44f1fb27cdba{ip: 192.168.34.13, host: pr-hdds-2153-g484h-410672627, networkLocation: /default-rack, certSerialId: null}7d946ca7-a873-4723-b723-9ddee89d0bc7{ip: 192.168.34.13, host: pr-hdds-2153-g484h-410672627, networkLocation: /default-rack, certSerialId: null}, Type:RATIS, Factor:THREE, State:OPEN]
2019-09-19 12:00:55,233 [Thread-288] INFO  impl.FollowerState (FollowerState.java:run(106)) - a729cdbd-f787-49c0-8e2c-44f1fb27cdba:group-CB904ECECA12 changes to CANDIDATE, lastRpcTime:1167, electionTimeout:1163ms
2019-09-19 12:00:55,236 [Thread-288] INFO  impl.RoleInfo (RoleInfo.java:shutdownFollowerState(121)) - a729cdbd-f787-49c0-8e2c-44f1fb27cdba: shutdown FollowerState
2019-09-19 12:00:55,236 [Thread-288] INFO  impl.RaftServerImpl (RaftServerImpl.java:setRole(174)) - a729cdbd-f787-49c0-8e2c-44f1fb27cdba@group-CB904ECECA12: changes role from  FOLLOWER to CANDIDATE at term 0 for changeToCandidate
2019-09-19 12:00:55,236 [Thread-288] INFO  impl.RoleInfo (RoleInfo.java:updateAndGet(143)) - a729cdbd-f787-49c0-8e2c-44f1fb27cdba: start LeaderElection
2019-09-19 12:00:55,263 [a729cdbd-f787-49c0-8e2c-44f1fb27cdba@group-CB904ECECA12:LeaderElection2] INFO  impl.LeaderElection (LeaderElection.java:askForVotes(182)) - a729cdbd-f787-49c0-8e2c-44f1fb27cdba@group-CB904ECECA12:LeaderElection2: begin an election at term 1 for -1: [a729cdbd-f787-49c0-8e2c-44f1fb27cdba:192.168.34.13:46503], old=null
2019-09-19 12:00:55,273 [Thread-291] INFO  impl.FollowerState (FollowerState.java:run(106)) - 7d946ca7-a873-4723-b723-9ddee89d0bc7:group-D84F5CC66694 changes to CANDIDATE, lastRpcTime:1027, electionTimeout:1020ms
2019-09-19 12:00:55,273 [a729cdbd-f787-49c0-8e2c-44f1fb27cdba@group-CB904ECECA12:LeaderElection2] INFO  impl.RoleInfo (RoleInfo.java:shutdownLeaderElection(134)) - a729cdbd-f787-49c0-8e2c-44f1fb27cdba: shutdown LeaderElection
2019-09-19 12:00:55,273 [Thread-291] INFO  impl.RoleInfo (RoleInfo.java:shutdownFollowerState(121)) - 7d946ca7-a873-4723-b723-9ddee89d0bc7: shutdown FollowerState
2019-09-19 12:00:55,273 [a729cdbd-f787-49c0-8e2c-44f1fb27cdba@group-CB904ECECA12:LeaderElection2] INFO  impl.RaftServerImpl (RaftServerImpl.java:setRole(174)) - a729cdbd-f787-49c0-8e2c-44f1fb27cdba@group-CB904ECECA12: changes role from CANDIDATE to LEADER at term 1 for changeToLeader
2019-09-19 12:00:55,273 [Thread-291] INFO  impl.RaftServerImpl (RaftServerImpl.java:setRole(174)) - 7d946ca7-a873-4723-b723-9ddee89d0bc7@group-D84F5CC66694: changes role from  FOLLOWER to CANDIDATE at term 0 for changeToCandidate
2019-09-19 12:00:55,274 [a729cdbd-f787-49c0-8e2c-44f1fb27cdba@group-CB904ECECA12:LeaderElection2] INFO  impl.RaftServerImpl (ServerState.java:setLeader(253)) - a729cdbd-f787-49c0-8e2c-44f1fb27cdba@group-CB904ECECA12: change Leader from null to a729cdbd-f787-49c0-8e2c-44f1fb27cdba at term 1 for becomeLeader, leader elected after 1227ms
2019-09-19 12:00:55,274 [Thread-291] INFO  impl.RoleInfo (RoleInfo.java:updateAndGet(143)) - 7d946ca7-a873-4723-b723-9ddee89d0bc7: start LeaderElection
2019-09-19 12:00:55,274 [a729cdbd-f787-49c0-8e2c-44f1fb27cdba@group-CB904ECECA12:LeaderElection2] INFO  server.RaftServerConfigKeys (ConfUtils.java:logGet(43)) - raft.server.staging.catchup.gap = 1000 (default)
2019-09-19 12:00:55,276 [a729cdbd-f787-49c0-8e2c-44f1fb27cdba@group-CB904ECECA12:LeaderElection2] INFO  server.RaftServerConfigKeys (ConfUtils.java:logGet(43)) - raft.server.rpc.sleep.time = 25ms (default)
2019-09-19 12:00:55,280 [a729cdbd-f787-49c0-8e2c-44f1fb27cdba@group-CB904ECECA12:LeaderElection2] INFO  server.RaftServerConfigKeys (ConfUtils.java:logGet(43)) - raft.server.write.element-limit = 4096 (default)
2019-09-19 12:00:55,280 [grpc-default-executor-1] INFO  impl.RaftServerProxy (RaftServerProxy.java:addNew(89)) - 14eab2a7-31b9-4bf4-80ab-c0ebf925c262: addNew group-F197496E7779:[14eab2a7-31b9-4bf4-80ab-c0ebf925c262:192.168.34.13:37038, 2fa9f0f6-b6af-48ee-80c5-dd8119aa09d6:192.168.34.13:39061, b61b9bc0-c8d8-4ce8-a569-0c84e6e62f96:192.168.34.13:36095] returns group-F197496E7779:java.util.concurrent.CompletableFuture@2cd15d30[Not completed]
2019-09-19 12:00:55,280 [grpc-default-executor-2] INFO  impl.RaftServerProxy (RaftServerProxy.java:addNew(89)) - 2fa9f0f6-b6af-48ee-80c5-dd8119aa09d6: addNew group-F197496E7779:[14eab2a7-31b9-4bf4-80ab-c0ebf925c262:192.168.34.13:37038, 2fa9f0f6-b6af-48ee-80c5-dd8119aa09d6:192.168.34.13:39061, b61b9bc0-c8d8-4ce8-a569-0c84e6e62f96:192.168.34.13:36095] returns group-F197496E7779:java.util.concurrent.CompletableFuture@54ef23b2[Not completed]
2019-09-19 12:00:55,280 [a729cdbd-f787-49c0-8e2c-44f1fb27cdba@group-CB904ECECA12:LeaderElection2] INFO  server.RaftServerConfigKeys (ConfUtils.java:logGet(43)) - raft.server.watch.timeout = 10s (default)
2019-09-19 12:00:55,280 [grpc-default-executor-0] INFO  impl.RaftServerProxy (RaftServerProxy.java:addNew(89)) - b61b9bc0-c8d8-4ce8-a569-0c84e6e62f96: addNew group-F197496E7779:[14eab2a7-31b9-4bf4-80ab-c0ebf925c262:192.168.34.13:37038, 2fa9f0f6-b6af-48ee-80c5-dd8119aa09d6:192.168.34.13:39061, b61b9bc0-c8d8-4ce8-a569-0c84e6e62f96:192.168.34.13:36095] returns group-F197496E7779:java.util.concurrent.CompletableFuture@39fa2f33[Not completed]
2019-09-19 12:00:55,281 [a729cdbd-f787-49c0-8e2c-44f1fb27cdba@group-CB904ECECA12:LeaderElection2] INFO  server.RaftServerConfigKeys (ConfUtils.java:logGet(43)) - raft.server.watch.timeout.denomination = 1s (default)
2019-09-19 12:00:55,281 [a729cdbd-f787-49c0-8e2c-44f1fb27cdba@group-CB904ECECA12:LeaderElection2] INFO  server.RaftServerConfigKeys (ConfUtils.java:logGet(43)) - raft.server.watch.element-limit = 65536 (default)
2019-09-19 12:00:55,282 [pool-47-thread-1] INFO  impl.RaftServerImpl (RaftServerImpl.java:<init>(95)) - 14eab2a7-31b9-4bf4-80ab-c0ebf925c262: new RaftServerImpl for group-F197496E7779:[14eab2a7-31b9-4bf4-80ab-c0ebf925c262:192.168.34.13:37038, 2fa9f0f6-b6af-48ee-80c5-dd8119aa09d6:192.168.34.13:39061, b61b9bc0-c8d8-4ce8-a569-0c84e6e62f96:192.168.34.13:36095] with ContainerStateMachine:uninitialized
2019-09-19 12:00:55,282 [pool-47-thread-1] INFO  server.RaftServerConfigKeys (ConfUtils.java:logGet(43)) - raft.server.rpc.timeout.min = 1s (custom)
2019-09-19 12:00:55,282 [pool-47-thread-1] INFO  server.RaftServerConfigKeys (ConfUtils.java:logGet(43)) - raft.server.rpc.timeout.max = 1200ms (custom)
2019-09-19 12:00:55,282 [pool-47-thread-1] INFO  server.RaftServerConfigKeys (ConfUtils.java:logGet(43)) - raft.server.rpcslowness.timeout = 120s (custom)
2019-09-19 12:00:55,283 [pool-47-thread-1] INFO  server.RaftServerConfigKeys (ConfUtils.java:logGet(43)) - raft.server.sleep.deviation.threshold = 300 (default)
2019-09-19 12:00:55,283 [pool-47-thread-1] INFO  server.RaftServerConfigKeys (ConfUtils.java:logGet(43)) - raft.server.log.appender.install.snapshot.enabled = false (custom)
2019-09-19 12:00:55,283 [pool-47-thread-1] INFO  impl.RaftServerImpl (ServerState.java:<init>(103)) - 14eab2a7-31b9-4bf4-80ab-c0ebf925c262@group-F197496E7779: ConfigurationManager, init=-1: [14eab2a7-31b9-4bf4-80ab-c0ebf925c262:192.168.34.13:37038, 2fa9f0f6-b6af-48ee-80c5-dd8119aa09d6:192.168.34.13:39061, b61b9bc0-c8d8-4ce8-a569-0c84e6e62f96:192.168.34.13:36095], old=null, confs=<EMPTY_MAP>
2019-09-19 12:00:55,283 [pool-97-thread-1] INFO  impl.RaftServerImpl (RaftServerImpl.java:<init>(95)) - 2fa9f0f6-b6af-48ee-80c5-dd8119aa09d6: new RaftServerImpl for group-F197496E7779:[14eab2a7-31b9-4bf4-80ab-c0ebf925c262:192.168.34.13:37038, 2fa9f0f6-b6af-48ee-80c5-dd8119aa09d6:192.168.34.13:39061, b61b9bc0-c8d8-4ce8-a569-0c84e6e62f96:192.168.34.13:36095] with ContainerStateMachine:uninitialized
2019-09-19 12:00:55,283 [pool-47-thread-1] INFO  server.RaftServerConfigKeys (ConfUtils.java:logGet(43)) - raft.server.storage.dir = [/workdir/hadoop-ozone/integration-test/target/test-dir/MiniOzoneClusterImpl-d8add679-7105-42f6-bf2c-18911ac53160/datanode-2/data/ratis] (custom)
2019-09-19 12:00:55,283 [pool-97-thread-1] INFO  server.RaftServerConfigKeys (ConfUtils.java:logGet(43)) - raft.server.rpc.timeout.min = 1s (custom)
2019-09-19 12:00:55,283 [pool-97-thread-1] INFO  server.RaftServerConfigKeys (ConfUtils.java:logGet(43)) - raft.server.rpc.timeout.max = 1200ms (custom)
2019-09-19 12:00:55,283 [a729cdbd-f787-49c0-8e2c-44f1fb27cdba@group-CB904ECECA12:LeaderElection2] INFO  impl.RoleInfo (RoleInfo.java:updateAndGet(143)) - a729cdbd-f787-49c0-8e2c-44f1fb27cdba: start LeaderState
2019-09-19 12:00:55,284 [pool-47-thread-1] INFO  storage.RaftStorageDirectory (RaftStorageDirectory.java:analyzeStorage(246)) - The storage directory /workdir/hadoop-ozone/integration-test/target/test-dir/MiniOzoneClusterImpl-d8add679-7105-42f6-bf2c-18911ac53160/datanode-2/data/ratis/6d8850fe-b2ec-45e2-8de3-f197496e7779 does not exist. Creating ...
2019-09-19 12:00:55,284 [pool-97-thread-1] INFO  server.RaftServerConfigKeys (ConfUtils.java:logGet(43)) - raft.server.rpcslowness.timeout = 120s (custom)
2019-09-19 12:00:55,284 [a729cdbd-f787-49c0-8e2c-44f1fb27cdba@group-CB904ECECA12:LeaderElection2] INFO  segmented.SegmentedRaftLogWorker (SegmentedRaftLogWorker.java:startLogSegment(380)) - a729cdbd-f787-49c0-8e2c-44f1fb27cdba@group-CB904ECECA12-SegmentedRaftLogWorker: Starting segment from index:0
2019-09-19 12:00:55,284 [pool-57-thread-1] INFO  impl.RaftServerImpl (RaftServerImpl.java:<init>(95)) - b61b9bc0-c8d8-4ce8-a569-0c84e6e62f96: new RaftServerImpl for group-F197496E7779:[14eab2a7-31b9-4bf4-80ab-c0ebf925c262:192.168.34.13:37038, 2fa9f0f6-b6af-48ee-80c5-dd8119aa09d6:192.168.34.13:39061, b61b9bc0-c8d8-4ce8-a569-0c84e6e62f96:192.168.34.13:36095] with ContainerStateMachine:uninitialized
2019-09-19 12:00:55,284 [pool-97-thread-1] INFO  server.RaftServerConfigKeys (ConfUtils.java:logGet(43)) - raft.server.sleep.deviation.threshold = 300 (default)
2019-09-19 12:00:55,284 [pool-57-thread-1] INFO  server.RaftServerConfigKeys (ConfUtils.java:logGet(43)) - raft.server.rpc.timeout.min = 1s (custom)
2019-09-19 12:00:55,284 [a729cdbd-f787-49c0-8e2c-44f1fb27cdba@group-CB904ECECA12:LeaderElection2] INFO  impl.RaftServerImpl (ServerState.java:setRaftConf(354)) - a729cdbd-f787-49c0-8e2c-44f1fb27cdba@group-CB904ECECA12: set configuration 0: [a729cdbd-f787-49c0-8e2c-44f1fb27cdba:192.168.34.13:46503], old=null at 0
2019-09-19 12:00:55,284 [pool-97-thread-1] INFO  server.RaftServerConfigKeys (ConfUtils.java:logGet(43)) - raft.server.log.appender.install.snapshot.enabled = false (custom)
2019-09-19 12:00:55,284 [pool-57-thread-1] INFO  server.RaftServerConfigKeys (ConfUtils.java:logGet(43)) - raft.server.rpc.timeout.max = 1200ms (custom)
2019-09-19 12:00:55,287 [pool-97-thread-1] INFO  impl.RaftServerImpl (ServerState.java:<init>(103)) - 2fa9f0f6-b6af-48ee-80c5-dd8119aa09d6@group-F197496E7779: ConfigurationManager, init=-1: [14eab2a7-31b9-4bf4-80ab-c0ebf925c262:192.168.34.13:37038, 2fa9f0f6-b6af-48ee-80c5-dd8119aa09d6:192.168.34.13:39061, b61b9bc0-c8d8-4ce8-a569-0c84e6e62f96:192.168.34.13:36095], old=null, confs=<EMPTY_MAP>
2019-09-19 12:00:55,287 [pool-57-thread-1] INFO  server.RaftServerConfigKeys (ConfUtils.java:logGet(43)) - raft.server.rpcslowness.timeout = 120s (custom)
2019-09-19 12:00:55,287 [pool-97-thread-1] INFO  server.RaftServerConfigKeys (ConfUtils.java:logGet(43)) - raft.server.storage.dir = [/workdir/hadoop-ozone/integration-test/target/test-dir/MiniOzoneClusterImpl-d8add679-7105-42f6-bf2c-18911ac53160/datanode-7/data/ratis] (custom)
2019-09-19 12:00:55,287 [pool-57-thread-1] INFO  server.RaftServerConfigKeys (ConfUtils.java:logGet(43)) - raft.server.sleep.deviation.threshold = 300 (default)
2019-09-19 12:00:55,287 [pool-57-thread-1] INFO  server.RaftServerConfigKeys (ConfUtils.java:logGet(43)) - raft.server.log.appender.install.snapshot.enabled = false (custom)
2019-09-19 12:00:55,287 [pool-97-thread-1] INFO  storage.RaftStorageDirectory (RaftStorageDirectory.java:analyzeStorage(246)) - The storage directory /workdir/hadoop-ozone/integration-test/target/test-dir/MiniOzoneClusterImpl-d8add679-7105-42f6-bf2c-18911ac53160/datanode-7/data/ratis/6d8850fe-b2ec-45e2-8de3-f197496e7779 does not exist. Creating ...
2019-09-19 12:00:55,288 [pool-57-thread-1] INFO  impl.RaftServerImpl (ServerState.java:<init>(103)) - b61b9bc0-c8d8-4ce8-a569-0c84e6e62f96@group-F197496E7779: ConfigurationManager, init=-1: [14eab2a7-31b9-4bf4-80ab-c0ebf925c262:192.168.34.13:37038, 2fa9f0f6-b6af-48ee-80c5-dd8119aa09d6:192.168.34.13:39061, b61b9bc0-c8d8-4ce8-a569-0c84e6e62f96:192.168.34.13:36095], old=null, confs=<EMPTY_MAP>
2019-09-19 12:00:55,288 [pool-57-thread-1] INFO  server.RaftServerConfigKeys (ConfUtils.java:logGet(43)) - raft.server.storage.dir = [/workdir/hadoop-ozone/integration-test/target/test-dir/MiniOzoneClusterImpl-d8add679-7105-42f6-bf2c-18911ac53160/datanode-3/data/ratis] (custom)
2019-09-19 12:00:55,288 [pool-57-thread-1] INFO  storage.RaftStorageDirectory (RaftStorageDirectory.java:analyzeStorage(246)) - The storage directory /workdir/hadoop-ozone/integration-test/target/test-dir/MiniOzoneClusterImpl-d8add679-7105-42f6-bf2c-18911ac53160/datanode-3/data/ratis/6d8850fe-b2ec-45e2-8de3-f197496e7779 does not exist. Creating ...
2019-09-19 12:00:55,294 [pool-97-thread-1] INFO  storage.RaftStorageDirectory (RaftStorageDirectory.java:tryLock(328)) - Lock on /workdir/hadoop-ozone/integration-test/target/test-dir/MiniOzoneClusterImpl-d8add679-7105-42f6-bf2c-18911ac53160/datanode-7/data/ratis/6d8850fe-b2ec-45e2-8de3-f197496e7779/in_use.lock acquired by nodename 7714@pr-hdds-2153-g484h-410672627
2019-09-19 12:00:55,294 [pool-57-thread-1] INFO  storage.RaftStorageDirectory (RaftStorageDirectory.java:tryLock(328)) - Lock on /workdir/hadoop-ozone/integration-test/target/test-dir/MiniOzoneClusterImpl-d8add679-7105-42f6-bf2c-18911ac53160/datanode-3/data/ratis/6d8850fe-b2ec-45e2-8de3-f197496e7779/in_use.lock acquired by nodename 7714@pr-hdds-2153-g484h-410672627
2019-09-19 12:00:55,294 [pool-47-thread-1] INFO  storage.RaftStorageDirectory (RaftStorageDirectory.java:tryLock(328)) - Lock on /workdir/hadoop-ozone/integration-test/target/test-dir/MiniOzoneClusterImpl-d8add679-7105-42f6-bf2c-18911ac53160/datanode-2/data/ratis/6d8850fe-b2ec-45e2-8de3-f197496e7779/in_use.lock acquired by nodename 7714@pr-hdds-2153-g484h-410672627
2019-09-19 12:00:55,294 [7d946ca7-a873-4723-b723-9ddee89d0bc7@group-D84F5CC66694:LeaderElection3] INFO  impl.LeaderElection (LeaderElection.java:askForVotes(182)) - 7d946ca7-a873-4723-b723-9ddee89d0bc7@group-D84F5CC66694:LeaderElection3: begin an election at term 1 for -1: [7d946ca7-a873-4723-b723-9ddee89d0bc7:192.168.34.13:44439], old=null
2019-09-19 12:00:55,299 [7d946ca7-a873-4723-b723-9ddee89d0bc7@group-D84F5CC66694:LeaderElection3] INFO  impl.RoleInfo (RoleInfo.java:shutdownLeaderElection(134)) - 7d946ca7-a873-4723-b723-9ddee89d0bc7: shutdown LeaderElection
2019-09-19 12:00:55,301 [7d946ca7-a873-4723-b723-9ddee89d0bc7@group-D84F5CC66694:LeaderElection3] INFO  impl.RaftServerImpl (RaftServerImpl.java:setRole(174)) - 7d946ca7-a873-4723-b723-9ddee89d0bc7@group-D84F5CC66694: changes role from CANDIDATE to LEADER at term 1 for changeToLeader
2019-09-19 12:00:55,301 [7d946ca7-a873-4723-b723-9ddee89d0bc7@group-D84F5CC66694:LeaderElection3] INFO  impl.RaftServerImpl (ServerState.java:setLeader(253)) - 7d946ca7-a873-4723-b723-9ddee89d0bc7@group-D84F5CC66694: change Leader from null to 7d946ca7-a873-4723-b723-9ddee89d0bc7 at term 1 for becomeLeader, leader elected after 1134ms
2019-09-19 12:00:55,302 [7d946ca7-a873-4723-b723-9ddee89d0bc7@group-D84F5CC66694:LeaderElection3] INFO  server.RaftServerConfigKeys (ConfUtils.java:logGet(43)) - raft.server.staging.catchup.gap = 1000 (default)
2019-09-19 12:00:55,302 [7d946ca7-a873-4723-b723-9ddee89d0bc7@group-D84F5CC66694:LeaderElection3] INFO  server.RaftServerConfigKeys (ConfUtils.java:logGet(43)) - raft.server.rpc.sleep.time = 25ms (default)
2019-09-19 12:00:55,302 [7d946ca7-a873-4723-b723-9ddee89d0bc7@group-D84F5CC66694:LeaderElection3] INFO  server.RaftServerConfigKeys (ConfUtils.java:logGet(43)) - raft.server.write.element-limit = 4096 (default)
2019-09-19 12:00:55,302 [7d946ca7-a873-4723-b723-9ddee89d0bc7@group-D84F5CC66694:LeaderElection3] INFO  server.RaftServerConfigKeys (ConfUtils.java:logGet(43)) - raft.server.watch.timeout = 10s (default)
2019-09-19 12:00:55,302 [7d946ca7-a873-4723-b723-9ddee89d0bc7@group-D84F5CC66694:LeaderElection3] INFO  server.RaftServerConfigKeys (ConfUtils.java:logGet(43)) - raft.server.watch.timeout.denomination = 1s (default)
2019-09-19 12:00:55,302 [7d946ca7-a873-4723-b723-9ddee89d0bc7@group-D84F5CC66694:LeaderElection3] INFO  server.RaftServerConfigKeys (ConfUtils.java:logGet(43)) - raft.server.watch.element-limit = 65536 (default)
2019-09-19 12:00:55,305 [7d946ca7-a873-4723-b723-9ddee89d0bc7@group-D84F5CC66694:LeaderElection3] INFO  impl.RoleInfo (RoleInfo.java:updateAndGet(143)) - 7d946ca7-a873-4723-b723-9ddee89d0bc7: start LeaderState
2019-09-19 12:00:55,305 [7d946ca7-a873-4723-b723-9ddee89d0bc7@group-D84F5CC66694:LeaderElection3] INFO  segmented.SegmentedRaftLogWorker (SegmentedRaftLogWorker.java:startLogSegment(380)) - 7d946ca7-a873-4723-b723-9ddee89d0bc7@group-D84F5CC66694-SegmentedRaftLogWorker: Starting segment from index:0
2019-09-19 12:00:55,305 [7d946ca7-a873-4723-b723-9ddee89d0bc7@group-D84F5CC66694:LeaderElection3] INFO  impl.RaftServerImpl (ServerState.java:setRaftConf(354)) - 7d946ca7-a873-4723-b723-9ddee89d0bc7@group-D84F5CC66694: set configuration 0: [7d946ca7-a873-4723-b723-9ddee89d0bc7:192.168.34.13:44439], old=null at 0
2019-09-19 12:00:55,315 [pool-47-thread-1] INFO  storage.RaftStorage (RaftStorage.java:format(72)) - Storage directory /workdir/hadoop-ozone/integration-test/target/test-dir/MiniOzoneClusterImpl-d8add679-7105-42f6-bf2c-18911ac53160/datanode-2/data/ratis/6d8850fe-b2ec-45e2-8de3-f197496e7779 has been successfully formatted.
2019-09-19 12:00:55,315 [pool-97-thread-1] INFO  storage.RaftStorage (RaftStorage.java:format(72)) - Storage directory /workdir/hadoop-ozone/integration-test/target/test-dir/MiniOzoneClusterImpl-d8add679-7105-42f6-bf2c-18911ac53160/datanode-7/data/ratis/6d8850fe-b2ec-45e2-8de3-f197496e7779 has been successfully formatted.
2019-09-19 12:00:55,315 [pool-57-thread-1] INFO  storage.RaftStorage (RaftStorage.java:format(72)) - Storage directory /workdir/hadoop-ozone/integration-test/target/test-dir/MiniOzoneClusterImpl-d8add679-7105-42f6-bf2c-18911ac53160/datanode-3/data/ratis/6d8850fe-b2ec-45e2-8de3-f197496e7779 has been successfully formatted.
2019-09-19 12:00:55,315 [pool-47-thread-1] INFO  ratis.ContainerStateMachine (ContainerStateMachine.java:loadSnapshot(230)) - group-F197496E7779: The snapshot info is null. Setting the last applied indexto:(t:0, i:~)
2019-09-19 12:00:55,315 [pool-97-thread-1] INFO  ratis.ContainerStateMachine (ContainerStateMachine.java:loadSnapshot(230)) - group-F197496E7779: The snapshot info is null. Setting the last applied indexto:(t:0, i:~)
2019-09-19 12:00:55,315 [pool-47-thread-1] INFO  server.RaftServerConfigKeys (ConfUtils.java:logGet(43)) - raft.server.notification.no-leader.timeout = 120s (custom)
2019-09-19 12:00:55,315 [pool-57-thread-1] INFO  ratis.ContainerStateMachine (ContainerStateMachine.java:loadSnapshot(230)) - group-F197496E7779: The snapshot info is null. Setting the last applied indexto:(t:0, i:~)
2019-09-19 12:00:55,316 [pool-47-thread-1] INFO  server.RaftServerConfigKeys (ConfUtils.java:logGet(43)) - raft.server.log.use.memory = false (default)
2019-09-19 12:00:55,316 [pool-97-thread-1] INFO  server.RaftServerConfigKeys (ConfUtils.java:logGet(43)) - raft.server.notification.no-leader.timeout = 120s (custom)
2019-09-19 12:00:55,316 [pool-47-thread-1] INFO  server.RaftServerConfigKeys (ConfUtils.java:logGet(43)) - raft.server.log.purge.gap = 1000000 (custom)
2019-09-19 12:00:55,316 [pool-57-thread-1] INFO  server.RaftServerConfigKeys (ConfUtils.java:logGet(43)) - raft.server.notification.no-leader.timeout = 120s (custom)
2019-09-19 12:00:55,316 [pool-47-thread-1] INFO  server.RaftServerConfigKeys (ConfUtils.java:logGet(43)) - raft.server.log.appender.buffer.byte-limit = 33554432 (custom)
2019-09-19 12:00:55,316 [pool-97-thread-1] INFO  server.RaftServerConfigKeys (ConfUtils.java:logGet(43)) - raft.server.log.use.memory = false (default)
2019-09-19 12:00:55,316 [pool-47-thread-1] INFO  server.RaftServerConfigKeys (ConfUtils.java:logGet(43)) - raft.server.log.segment.size.max = 1048576 (custom)
2019-09-19 12:00:55,316 [pool-57-thread-1] INFO  server.RaftServerConfigKeys (ConfUtils.java:logGet(43)) - raft.server.log.use.memory = false (default)
2019-09-19 12:00:55,316 [pool-47-thread-1] INFO  server.RaftServerConfigKeys (ConfUtils.java:logGet(43)) - raft.server.log.segment.cache.num.max = 2 (custom)
2019-09-19 12:00:55,316 [pool-97-thread-1] INFO  server.RaftServerConfigKeys (ConfUtils.java:logGet(43)) - raft.server.log.purge.gap = 1000000 (custom)
2019-09-19 12:00:55,317 [pool-47-thread-1] INFO  segmented.SegmentedRaftLogWorker (SegmentedRaftLogWorker.java:<init>(172)) - new 14eab2a7-31b9-4bf4-80ab-c0ebf925c262@group-F197496E7779-SegmentedRaftLogWorker for RaftStorage:Storage Directory /workdir/hadoop-ozone/integration-test/target/test-dir/MiniOzoneClusterImpl-d8add679-7105-42f6-bf2c-18911ac53160/datanode-2/data/ratis/6d8850fe-b2ec-45e2-8de3-f197496e7779
2019-09-19 12:00:55,317 [pool-57-thread-1] INFO  server.RaftServerConfigKeys (ConfUtils.java:logGet(43)) - raft.server.log.purge.gap = 1000000 (custom)
2019-09-19 12:00:55,317 [pool-47-thread-1] INFO  server.RaftServerConfigKeys (ConfUtils.java:logGet(43)) - raft.server.log.queue.byte-limit = 2147483647 (custom)
2019-09-19 12:00:55,317 [pool-97-thread-1] INFO  server.RaftServerConfigKeys (ConfUtils.java:logGet(43)) - raft.server.log.appender.buffer.byte-limit = 33554432 (custom)
2019-09-19 12:00:55,317 [pool-47-thread-1] INFO  server.RaftServerConfigKeys (ConfUtils.java:logGet(43)) - raft.server.log.queue.element-limit = 1024 (custom)
2019-09-19 12:00:55,317 [pool-57-thread-1] INFO  server.RaftServerConfigKeys (ConfUtils.java:logGet(43)) - raft.server.log.appender.buffer.byte-limit = 33554432 (custom)
2019-09-19 12:00:55,317 [pool-47-thread-1] INFO  server.RaftServerConfigKeys (ConfUtils.java:logGet(43)) - raft.server.log.segment.size.max = 1048576 (custom)
2019-09-19 12:00:55,317 [pool-97-thread-1] INFO  server.RaftServerConfigKeys (ConfUtils.java:logGet(43)) - raft.server.log.segment.size.max = 1048576 (custom)
2019-09-19 12:00:55,318 [pool-47-thread-1] INFO  server.RaftServerConfigKeys (ConfUtils.java:logGet(43)) - raft.server.log.preallocated.size = 16384 (custom)
2019-09-19 12:00:55,318 [pool-47-thread-1] INFO  server.RaftServerConfigKeys (ConfUtils.java:logGet(43)) - raft.server.log.write.buffer.size = 33554432 (custom)
2019-09-19 12:00:55,318 [pool-57-thread-1] INFO  server.RaftServerConfigKeys (ConfUtils.java:logGet(43)) - raft.server.log.segment.size.max = 1048576 (custom)
2019-09-19 12:00:55,318 [pool-47-thread-1] INFO  server.RaftServerConfigKeys (ConfUtils.java:logGet(43)) - raft.server.log.force.sync.num = 128 (default)
2019-09-19 12:00:55,318 [pool-97-thread-1] INFO  server.RaftServerConfigKeys (ConfUtils.java:logGet(43)) - raft.server.log.segment.cache.num.max = 2 (custom)
2019-09-19 12:00:55,318 [pool-47-thread-1] INFO  server.RaftServerConfigKeys (ConfUtils.java:logGet(43)) - raft.server.log.statemachine.data.sync = true (default)
2019-09-19 12:00:55,318 [pool-57-thread-1] INFO  server.RaftServerConfigKeys (ConfUtils.java:logGet(43)) - raft.server.log.segment.cache.num.max = 2 (custom)
2019-09-19 12:00:55,318 [pool-47-thread-1] INFO  server.RaftServerConfigKeys (ConfUtils.java:logGet(43)) - raft.server.log.statemachine.data.sync.timeout = 10s (default)
2019-09-19 12:00:55,318 [pool-97-thread-1] INFO  segmented.SegmentedRaftLogWorker (SegmentedRaftLogWorker.java:<init>(172)) - new 2fa9f0f6-b6af-48ee-80c5-dd8119aa09d6@group-F197496E7779-SegmentedRaftLogWorker for RaftStorage:Storage Directory /workdir/hadoop-ozone/integration-test/target/test-dir/MiniOzoneClusterImpl-d8add679-7105-42f6-bf2c-18911ac53160/datanode-7/data/ratis/6d8850fe-b2ec-45e2-8de3-f197496e7779
2019-09-19 12:00:55,319 [pool-47-thread-1] INFO  server.RaftServerConfigKeys (ConfUtils.java:logGet(43)) - raft.server.log.statemachine.data.sync.timeout.retry = -1 (default)
2019-09-19 12:00:55,318 [pool-57-thread-1] INFO  segmented.SegmentedRaftLogWorker (SegmentedRaftLogWorker.java:<init>(172)) - new b61b9bc0-c8d8-4ce8-a569-0c84e6e62f96@group-F197496E7779-SegmentedRaftLogWorker for RaftStorage:Storage Directory /workdir/hadoop-ozone/integration-test/target/test-dir/MiniOzoneClusterImpl-d8add679-7105-42f6-bf2c-18911ac53160/datanode-3/data/ratis/6d8850fe-b2ec-45e2-8de3-f197496e7779
2019-09-19 12:00:55,319 [pool-97-thread-1] INFO  server.RaftServerConfigKeys (ConfUtils.java:logGet(43)) - raft.server.log.queue.byte-limit = 2147483647 (custom)
2019-09-19 12:00:55,319 [pool-57-thread-1] INFO  server.RaftServerConfigKeys (ConfUtils.java:logGet(43)) - raft.server.log.queue.byte-limit = 2147483647 (custom)
2019-09-19 12:00:55,319 [pool-47-thread-1] INFO  server.RaftServerConfigKeys (ConfUtils.java:logGet(43)) - raft.server.log.statemachine.data.caching.enabled = true (custom)
2019-09-19 12:00:55,319 [pool-57-thread-1] INFO  server.RaftServerConfigKeys (ConfUtils.java:logGet(43)) - raft.server.log.queue.element-limit = 1024 (custom)
2019-09-19 12:00:55,319 [pool-97-thread-1] INFO  server.RaftServerConfigKeys (ConfUtils.java:logGet(43)) - raft.server.log.queue.element-limit = 1024 (custom)
2019-09-19 12:00:55,320 [pool-57-thread-1] INFO  server.RaftServerConfigKeys (ConfUtils.java:logGet(43)) - raft.server.log.segment.size.max = 1048576 (custom)
2019-09-19 12:00:55,320 [pool-97-thread-1] INFO  server.RaftServerConfigKeys (ConfUtils.java:logGet(43)) - raft.server.log.segment.size.max = 1048576 (custom)
2019-09-19 12:00:55,320 [pool-47-thread-1] INFO  segmented.SegmentedRaftLogWorker (SegmentedRaftLogWorker.java:lambda$new$0(132)) - 14eab2a7-31b9-4bf4-80ab-c0ebf925c262@group-F197496E7779-SegmentedRaftLogWorker: flushIndex: setUnconditionally 0 -> -1
2019-09-19 12:00:55,320 [pool-97-thread-1] INFO  server.RaftServerConfigKeys (ConfUtils.java:logGet(43)) - raft.server.log.preallocated.size = 16384 (custom)
2019-09-19 12:00:55,320 [pool-57-thread-1] INFO  server.RaftServerConfigKeys (ConfUtils.java:logGet(43)) - raft.server.log.preallocated.size = 16384 (custom)
2019-09-19 12:00:55,320 [pool-47-thread-1] INFO  server.RaftServerConfigKeys (ConfUtils.java:logGet(43)) - raft.server.snapshot.auto.trigger.enabled = true (custom)
2019-09-19 12:00:55,320 [pool-97-thread-1] INFO  server.RaftServerConfigKeys (ConfUtils.java:logGet(43)) - raft.server.log.write.buffer.size = 33554432 (custom)
2019-09-19 12:00:55,321 [pool-47-thread-1] INFO  server.RaftServerConfigKeys (ConfUtils.java:logGet(43)) - raft.server.snapshot.auto.trigger.threshold = 10000 (custom)
2019-09-19 12:00:55,320 [pool-57-thread-1] INFO  server.RaftServerConfigKeys (ConfUtils.java:logGet(43)) - raft.server.log.write.buffer.size = 33554432 (custom)
2019-09-19 12:00:55,321 [pool-47-thread-1] INFO  server.RaftServerConfigKeys (ConfUtils.java:logGet(43)) - raft.server.snapshot.retention.num.files = -1 (default)
2019-09-19 12:00:55,321 [pool-97-thread-1] INFO  server.RaftServerConfigKeys (ConfUtils.java:logGet(43)) - raft.server.log.force.sync.num = 128 (default)
2019-09-19 12:00:55,321 [pool-47-thread-1] INFO  server.RaftServerConfigKeys (ConfUtils.java:logGet(43)) - raft.server.retrycache.expirytime = 600000ms (custom)
2019-09-19 12:00:55,321 [pool-57-thread-1] INFO  server.RaftServerConfigKeys (ConfUtils.java:logGet(43)) - raft.server.log.force.sync.num = 128 (default)
2019-09-19 12:00:55,321 [pool-97-thread-1] INFO  server.RaftServerConfigKeys (ConfUtils.java:logGet(43)) - raft.server.log.statemachine.data.sync = true (default)
2019-09-19 12:00:55,322 [pool-57-thread-1] INFO  server.RaftServerConfigKeys (ConfUtils.java:logGet(43)) - raft.server.log.statemachine.data.sync = true (default)
2019-09-19 12:00:55,322 [pool-97-thread-1] INFO  server.RaftServerConfigKeys (ConfUtils.java:logGet(43)) - raft.server.log.statemachine.data.sync.timeout = 10s (default)
2019-09-19 12:00:55,322 [pool-57-thread-1] INFO  server.RaftServerConfigKeys (ConfUtils.java:logGet(43)) - raft.server.log.statemachine.data.sync.timeout = 10s (default)
2019-09-19 12:00:55,322 [pool-97-thread-1] INFO  server.RaftServerConfigKeys (ConfUtils.java:logGet(43)) - raft.server.log.statemachine.data.sync.timeout.retry = -1 (default)
2019-09-19 12:00:55,322 [pool-57-thread-1] INFO  server.RaftServerConfigKeys (ConfUtils.java:logGet(43)) - raft.server.log.statemachine.data.sync.timeout.retry = -1 (default)
2019-09-19 12:00:55,323 [pool-57-thread-1] INFO  server.RaftServerConfigKeys (ConfUtils.java:logGet(43)) - raft.server.log.statemachine.data.caching.enabled = true (custom)
2019-09-19 12:00:55,323 [pool-97-thread-1] INFO  server.RaftServerConfigKeys (ConfUtils.java:logGet(43)) - raft.server.log.statemachine.data.caching.enabled = true (custom)
2019-09-19 12:00:55,323 [pool-57-thread-1] INFO  segmented.SegmentedRaftLogWorker (SegmentedRaftLogWorker.java:lambda$new$0(132)) - b61b9bc0-c8d8-4ce8-a569-0c84e6e62f96@group-F197496E7779-SegmentedRaftLogWorker: flushIndex: setUnconditionally 0 -> -1
2019-09-19 12:00:55,323 [pool-97-thread-1] INFO  segmented.SegmentedRaftLogWorker (SegmentedRaftLogWorker.java:lambda$new$0(132)) - 2fa9f0f6-b6af-48ee-80c5-dd8119aa09d6@group-F197496E7779-SegmentedRaftLogWorker: flushIndex: setUnconditionally 0 -> -1
2019-09-19 12:00:55,323 [pool-57-thread-1] INFO  server.RaftServerConfigKeys (ConfUtils.java:logGet(43)) - raft.server.snapshot.auto.trigger.enabled = true (custom)
2019-09-19 12:00:55,323 [pool-57-thread-1] INFO  server.RaftServerConfigKeys (ConfUtils.java:logGet(43)) - raft.server.snapshot.auto.trigger.threshold = 10000 (custom)
2019-09-19 12:00:55,323 [pool-97-thread-1] INFO  server.RaftServerConfigKeys (ConfUtils.java:logGet(43)) - raft.server.snapshot.auto.trigger.enabled = true (custom)
2019-09-19 12:00:55,323 [pool-57-thread-1] INFO  server.RaftServerConfigKeys (ConfUtils.java:logGet(43)) - raft.server.snapshot.retention.num.files = -1 (default)
2019-09-19 12:00:55,324 [pool-97-thread-1] INFO  server.RaftServerConfigKeys (ConfUtils.java:logGet(43)) - raft.server.snapshot.auto.trigger.threshold = 10000 (custom)
2019-09-19 12:00:55,324 [pool-57-thread-1] INFO  server.RaftServerConfigKeys (ConfUtils.java:logGet(43)) - raft.server.retrycache.expirytime = 600000ms (custom)
2019-09-19 12:00:55,324 [pool-97-thread-1] INFO  server.RaftServerConfigKeys (ConfUtils.java:logGet(43)) - raft.server.snapshot.retention.num.files = -1 (default)
2019-09-19 12:00:55,324 [pool-97-thread-1] INFO  server.RaftServerConfigKeys (ConfUtils.java:logGet(43)) - raft.server.retrycache.expirytime = 600000ms (custom)
2019-09-19 12:00:55,324 [pool-47-thread-1] INFO  impl.RaftServerImpl (RaftServerImpl.java:start(185)) - 14eab2a7-31b9-4bf4-80ab-c0ebf925c262@group-F197496E7779: start as a follower, conf=-1: [14eab2a7-31b9-4bf4-80ab-c0ebf925c262:192.168.34.13:37038, 2fa9f0f6-b6af-48ee-80c5-dd8119aa09d6:192.168.34.13:39061, b61b9bc0-c8d8-4ce8-a569-0c84e6e62f96:192.168.34.13:36095], old=null
2019-09-19 12:00:55,325 [pool-47-thread-1] INFO  impl.RaftServerImpl (RaftServerImpl.java:setRole(174)) - 14eab2a7-31b9-4bf4-80ab-c0ebf925c262@group-F197496E7779: changes role from      null to FOLLOWER at term 0 for startAsFollower
2019-09-19 12:00:55,325 [pool-47-thread-1] INFO  impl.RoleInfo (RoleInfo.java:updateAndGet(143)) - 14eab2a7-31b9-4bf4-80ab-c0ebf925c262: start FollowerState
2019-09-19 12:00:55,326 [pool-47-thread-1] INFO  util.JmxRegister (JmxRegister.java:tryRegister(44)) - Successfully registered JMX Bean with object name Ratis:service=RaftServer,group=group-F197496E7779,id=14eab2a7-31b9-4bf4-80ab-c0ebf925c262
2019-09-19 12:00:55,327 [pool-57-thread-1] INFO  impl.RaftServerImpl (RaftServerImpl.java:start(185)) - b61b9bc0-c8d8-4ce8-a569-0c84e6e62f96@group-F197496E7779: start as a follower, conf=-1: [14eab2a7-31b9-4bf4-80ab-c0ebf925c262:192.168.34.13:37038, 2fa9f0f6-b6af-48ee-80c5-dd8119aa09d6:192.168.34.13:39061, b61b9bc0-c8d8-4ce8-a569-0c84e6e62f96:192.168.34.13:36095], old=null
2019-09-19 12:00:55,327 [pool-57-thread-1] INFO  impl.RaftServerImpl (RaftServerImpl.java:setRole(174)) - b61b9bc0-c8d8-4ce8-a569-0c84e6e62f96@group-F197496E7779: changes role from      null to FOLLOWER at term 0 for startAsFollower
2019-09-19 12:00:55,327 [pool-57-thread-1] INFO  impl.RoleInfo (RoleInfo.java:updateAndGet(143)) - b61b9bc0-c8d8-4ce8-a569-0c84e6e62f96: start FollowerState
2019-09-19 12:00:55,327 [pool-57-thread-1] INFO  util.JmxRegister (JmxRegister.java:tryRegister(44)) - Successfully registered JMX Bean with object name Ratis:service=RaftServer,group=group-F197496E7779,id=b61b9bc0-c8d8-4ce8-a569-0c84e6e62f96
2019-09-19 12:00:55,328 [pool-97-thread-1] INFO  impl.RaftServerImpl (RaftServerImpl.java:start(185)) - 2fa9f0f6-b6af-48ee-80c5-dd8119aa09d6@group-F197496E7779: start as a follower, conf=-1: [14eab2a7-31b9-4bf4-80ab-c0ebf925c262:192.168.34.13:37038, 2fa9f0f6-b6af-48ee-80c5-dd8119aa09d6:192.168.34.13:39061, b61b9bc0-c8d8-4ce8-a569-0c84e6e62f96:192.168.34.13:36095], old=null
2019-09-19 12:00:55,328 [pool-97-thread-1] INFO  impl.RaftServerImpl (RaftServerImpl.java:setRole(174)) - 2fa9f0f6-b6af-48ee-80c5-dd8119aa09d6@group-F197496E7779: changes role from      null to FOLLOWER at term 0 for startAsFollower
2019-09-19 12:00:55,328 [pool-97-thread-1] INFO  impl.RoleInfo (RoleInfo.java:updateAndGet(143)) - 2fa9f0f6-b6af-48ee-80c5-dd8119aa09d6: start FollowerState
2019-09-19 12:00:55,328 [pool-97-thread-1] INFO  util.JmxRegister (JmxRegister.java:tryRegister(44)) - Successfully registered JMX Bean with object name Ratis:service=RaftServer,group=group-F197496E7779,id=2fa9f0f6-b6af-48ee-80c5-dd8119aa09d6
2019-09-19 12:00:55,358 [RatisPipelineUtilsThread] INFO  pipeline.PipelineStateManager (PipelineStateManager.java:addPipeline(56)) - Created pipeline Pipeline[ Id: 6d8850fe-b2ec-45e2-8de3-f197496e7779, Nodes: b61b9bc0-c8d8-4ce8-a569-0c84e6e62f96{ip: 192.168.34.13, host: pr-hdds-2153-g484h-410672627, networkLocation: /default-rack, certSerialId: null}2fa9f0f6-b6af-48ee-80c5-dd8119aa09d6{ip: 192.168.34.13, host: pr-hdds-2153-g484h-410672627, networkLocation: /default-rack, certSerialId: null}14eab2a7-31b9-4bf4-80ab-c0ebf925c262{ip: 192.168.34.13, host: pr-hdds-2153-g484h-410672627, networkLocation: /default-rack, certSerialId: null}, Type:RATIS, Factor:THREE, State:OPEN]
2019-09-19 12:00:55,394 [grpc-default-executor-0] INFO  impl.RaftServerProxy (RaftServerProxy.java:addNew(89)) - ccd7891f-abf2-4840-bcfd-f7d46dfca276: addNew group-E57B62D150CC:[0eafe25b-eef3-4e6e-962a-cfdd69f48960:192.168.34.13:38223, ccd7891f-abf2-4840-bcfd-f7d46dfca276:192.168.34.13:41947, 0f3ef5c5-216f-4603-9049-7f6477ca6f67:192.168.34.13:38664] returns group-E57B62D150CC:java.util.concurrent.CompletableFuture@74861511[Not completed]
2019-09-19 12:00:55,394 [grpc-default-executor-2] INFO  impl.RaftServerProxy (RaftServerProxy.java:addNew(89)) - 0f3ef5c5-216f-4603-9049-7f6477ca6f67: addNew group-E57B62D150CC:[0eafe25b-eef3-4e6e-962a-cfdd69f48960:192.168.34.13:38223, ccd7891f-abf2-4840-bcfd-f7d46dfca276:192.168.34.13:41947, 0f3ef5c5-216f-4603-9049-7f6477ca6f67:192.168.34.13:38664] returns group-E57B62D150CC:java.util.concurrent.CompletableFuture@54966ac3[Not completed]
2019-09-19 12:00:55,397 [grpc-default-executor-1] INFO  impl.RaftServerProxy (RaftServerProxy.java:addNew(89)) - 0eafe25b-eef3-4e6e-962a-cfdd69f48960: addNew group-E57B62D150CC:[0eafe25b-eef3-4e6e-962a-cfdd69f48960:192.168.34.13:38223, ccd7891f-abf2-4840-bcfd-f7d46dfca276:192.168.34.13:41947, 0f3ef5c5-216f-4603-9049-7f6477ca6f67:192.168.34.13:38664] returns group-E57B62D150CC:java.util.concurrent.CompletableFuture@54124158[Not completed]
2019-09-19 12:00:55,398 [pool-87-thread-1] INFO  impl.RaftServerImpl (RaftServerImpl.java:<init>(95)) - ccd7891f-abf2-4840-bcfd-f7d46dfca276: new RaftServerImpl for group-E57B62D150CC:[0eafe25b-eef3-4e6e-962a-cfdd69f48960:192.168.34.13:38223, ccd7891f-abf2-4840-bcfd-f7d46dfca276:192.168.34.13:41947, 0f3ef5c5-216f-4603-9049-7f6477ca6f67:192.168.34.13:38664] with ContainerStateMachine:uninitialized
2019-09-19 12:00:55,398 [pool-87-thread-1] INFO  server.RaftServerConfigKeys (ConfUtils.java:logGet(43)) - raft.server.rpc.timeout.min = 1s (custom)
2019-09-19 12:00:55,398 [pool-87-thread-1] INFO  server.RaftServerConfigKeys (ConfUtils.java:logGet(43)) - raft.server.rpc.timeout.max = 1200ms (custom)
2019-09-19 12:00:55,398 [pool-87-thread-1] INFO  server.RaftServerConfigKeys (ConfUtils.java:logGet(43)) - raft.server.rpcslowness.timeout = 120s (custom)
2019-09-19 12:00:55,398 [pool-87-thread-1] INFO  server.RaftServerConfigKeys (ConfUtils.java:logGet(43)) - raft.server.sleep.deviation.threshold = 300 (default)
2019-09-19 12:00:55,399 [pool-77-thread-1] INFO  impl.RaftServerImpl (RaftServerImpl.java:<init>(95)) - 0eafe25b-eef3-4e6e-962a-cfdd69f48960: new RaftServerImpl for group-E57B62D150CC:[0eafe25b-eef3-4e6e-962a-cfdd69f48960:192.168.34.13:38223, ccd7891f-abf2-4840-bcfd-f7d46dfca276:192.168.34.13:41947, 0f3ef5c5-216f-4603-9049-7f6477ca6f67:192.168.34.13:38664] with ContainerStateMachine:uninitialized
2019-09-19 12:00:55,399 [pool-87-thread-1] INFO  server.RaftServerConfigKeys (ConfUtils.java:logGet(43)) - raft.server.log.appender.install.snapshot.enabled = false (custom)
2019-09-19 12:00:55,399 [pool-77-thread-1] INFO  server.RaftServerConfigKeys (ConfUtils.java:logGet(43)) - raft.server.rpc.timeout.min = 1s (custom)
2019-09-19 12:00:55,399 [pool-87-thread-1] INFO  impl.RaftServerImpl (ServerState.java:<init>(103)) - ccd7891f-abf2-4840-bcfd-f7d46dfca276@group-E57B62D150CC: ConfigurationManager, init=-1: [0eafe25b-eef3-4e6e-962a-cfdd69f48960:192.168.34.13:38223, ccd7891f-abf2-4840-bcfd-f7d46dfca276:192.168.34.13:41947, 0f3ef5c5-216f-4603-9049-7f6477ca6f67:192.168.34.13:38664], old=null, confs=<EMPTY_MAP>
2019-09-19 12:00:55,399 [pool-77-thread-1] INFO  server.RaftServerConfigKeys (ConfUtils.java:logGet(43)) - raft.server.rpc.timeout.max = 1200ms (custom)
2019-09-19 12:00:55,399 [pool-77-thread-1] INFO  server.RaftServerConfigKeys (ConfUtils.java:logGet(43)) - raft.server.rpcslowness.timeout = 120s (custom)
2019-09-19 12:00:55,399 [pool-87-thread-1] INFO  server.RaftServerConfigKeys (ConfUtils.java:logGet(43)) - raft.server.storage.dir = [/workdir/hadoop-ozone/integration-test/target/test-dir/MiniOzoneClusterImpl-d8add679-7105-42f6-bf2c-18911ac53160/datanode-6/data/ratis] (custom)
2019-09-19 12:00:55,399 [pool-77-thread-1] INFO  server.RaftServerConfigKeys (ConfUtils.java:logGet(43)) - raft.server.sleep.deviation.threshold = 300 (default)
2019-09-19 12:00:55,399 [pool-77-thread-1] INFO  server.RaftServerConfigKeys (ConfUtils.java:logGet(43)) - raft.server.log.appender.install.snapshot.enabled = false (custom)
2019-09-19 12:00:55,399 [pool-77-thread-1] INFO  impl.RaftServerImpl (ServerState.java:<init>(103)) - 0eafe25b-eef3-4e6e-962a-cfdd69f48960@group-E57B62D150CC: ConfigurationManager, init=-1: [0eafe25b-eef3-4e6e-962a-cfdd69f48960:192.168.34.13:38223, ccd7891f-abf2-4840-bcfd-f7d46dfca276:192.168.34.13:41947, 0f3ef5c5-216f-4603-9049-7f6477ca6f67:192.168.34.13:38664], old=null, confs=<EMPTY_MAP>
2019-09-19 12:00:55,399 [pool-87-thread-1] INFO  storage.RaftStorageDirectory (RaftStorageDirectory.java:analyzeStorage(246)) - The storage directory /workdir/hadoop-ozone/integration-test/target/test-dir/MiniOzoneClusterImpl-d8add679-7105-42f6-bf2c-18911ac53160/datanode-6/data/ratis/a625de63-8597-4c04-b87b-e57b62d150cc does not exist. Creating ...
2019-09-19 12:00:55,400 [pool-77-thread-1] INFO  server.RaftServerConfigKeys (ConfUtils.java:logGet(43)) - raft.server.storage.dir = [/workdir/hadoop-ozone/integration-test/target/test-dir/MiniOzoneClusterImpl-d8add679-7105-42f6-bf2c-18911ac53160/datanode-5/data/ratis] (custom)
2019-09-19 12:00:55,400 [pool-77-thread-1] INFO  storage.RaftStorageDirectory (RaftStorageDirectory.java:analyzeStorage(246)) - The storage directory /workdir/hadoop-ozone/integration-test/target/test-dir/MiniOzoneClusterImpl-d8add679-7105-42f6-bf2c-18911ac53160/datanode-5/data/ratis/a625de63-8597-4c04-b87b-e57b62d150cc does not exist. Creating ...
2019-09-19 12:00:55,400 [pool-117-thread-1] INFO  impl.RaftServerImpl (RaftServerImpl.java:<init>(95)) - 0f3ef5c5-216f-4603-9049-7f6477ca6f67: new RaftServerImpl for group-E57B62D150CC:[0eafe25b-eef3-4e6e-962a-cfdd69f48960:192.168.34.13:38223, ccd7891f-abf2-4840-bcfd-f7d46dfca276:192.168.34.13:41947, 0f3ef5c5-216f-4603-9049-7f6477ca6f67:192.168.34.13:38664] with ContainerStateMachine:uninitialized
2019-09-19 12:00:55,400 [pool-117-thread-1] INFO  server.RaftServerConfigKeys (ConfUtils.java:logGet(43)) - raft.server.rpc.timeout.min = 1s (custom)
2019-09-19 12:00:55,400 [pool-117-thread-1] INFO  server.RaftServerConfigKeys (ConfUtils.java:logGet(43)) - raft.server.rpc.timeout.max = 1200ms (custom)
2019-09-19 12:00:55,401 [pool-117-thread-1] INFO  server.RaftServerConfigKeys (ConfUtils.java:logGet(43)) - raft.server.rpcslowness.timeout = 120s (custom)
2019-09-19 12:00:55,401 [pool-117-thread-1] INFO  server.RaftServerConfigKeys (ConfUtils.java:logGet(43)) - raft.server.sleep.deviation.threshold = 300 (default)
2019-09-19 12:00:55,401 [pool-117-thread-1] INFO  server.RaftServerConfigKeys (ConfUtils.java:logGet(43)) - raft.server.log.appender.install.snapshot.enabled = false (custom)
2019-09-19 12:00:55,401 [pool-117-thread-1] INFO  impl.RaftServerImpl (ServerState.java:<init>(103)) - 0f3ef5c5-216f-4603-9049-7f6477ca6f67@group-E57B62D150CC: ConfigurationManager, init=-1: [0eafe25b-eef3-4e6e-962a-cfdd69f48960:192.168.34.13:38223, ccd7891f-abf2-4840-bcfd-f7d46dfca276:192.168.34.13:41947, 0f3ef5c5-216f-4603-9049-7f6477ca6f67:192.168.34.13:38664], old=null, confs=<EMPTY_MAP>
2019-09-19 12:00:55,401 [pool-117-thread-1] INFO  server.RaftServerConfigKeys (ConfUtils.java:logGet(43)) - raft.server.storage.dir = [/workdir/hadoop-ozone/integration-test/target/test-dir/MiniOzoneClusterImpl-d8add679-7105-42f6-bf2c-18911ac53160/datanode-9/data/ratis] (custom)
2019-09-19 12:00:55,402 [pool-117-thread-1] INFO  storage.RaftStorageDirectory (RaftStorageDirectory.java:analyzeStorage(246)) - The storage directory /workdir/hadoop-ozone/integration-test/target/test-dir/MiniOzoneClusterImpl-d8add679-7105-42f6-bf2c-18911ac53160/datanode-9/data/ratis/a625de63-8597-4c04-b87b-e57b62d150cc does not exist. Creating ...
2019-09-19 12:00:55,413 [pool-87-thread-1] INFO  storage.RaftStorageDirectory (RaftStorageDirectory.java:tryLock(328)) - Lock on /workdir/hadoop-ozone/integration-test/target/test-dir/MiniOzoneClusterImpl-d8add679-7105-42f6-bf2c-18911ac53160/datanode-6/data/ratis/a625de63-8597-4c04-b87b-e57b62d150cc/in_use.lock acquired by nodename 7714@pr-hdds-2153-g484h-410672627
2019-09-19 12:00:55,413 [pool-117-thread-1] INFO  storage.RaftStorageDirectory (RaftStorageDirectory.java:tryLock(328)) - Lock on /workdir/hadoop-ozone/integration-test/target/test-dir/MiniOzoneClusterImpl-d8add679-7105-42f6-bf2c-18911ac53160/datanode-9/data/ratis/a625de63-8597-4c04-b87b-e57b62d150cc/in_use.lock acquired by nodename 7714@pr-hdds-2153-g484h-410672627
2019-09-19 12:00:55,413 [pool-77-thread-1] INFO  storage.RaftStorageDirectory (RaftStorageDirectory.java:tryLock(328)) - Lock on /workdir/hadoop-ozone/integration-test/target/test-dir/MiniOzoneClusterImpl-d8add679-7105-42f6-bf2c-18911ac53160/datanode-5/data/ratis/a625de63-8597-4c04-b87b-e57b62d150cc/in_use.lock acquired by nodename 7714@pr-hdds-2153-g484h-410672627
2019-09-19 12:00:55,428 [pool-117-thread-1] INFO  storage.RaftStorage (RaftStorage.java:format(72)) - Storage directory /workdir/hadoop-ozone/integration-test/target/test-dir/MiniOzoneClusterImpl-d8add679-7105-42f6-bf2c-18911ac53160/datanode-9/data/ratis/a625de63-8597-4c04-b87b-e57b62d150cc has been successfully formatted.
2019-09-19 12:00:55,428 [pool-77-thread-1] INFO  storage.RaftStorage (RaftStorage.java:format(72)) - Storage directory /workdir/hadoop-ozone/integration-test/target/test-dir/MiniOzoneClusterImpl-d8add679-7105-42f6-bf2c-18911ac53160/datanode-5/data/ratis/a625de63-8597-4c04-b87b-e57b62d150cc has been successfully formatted.
2019-09-19 12:00:55,428 [pool-87-thread-1] INFO  storage.RaftStorage (RaftStorage.java:format(72)) - Storage directory /workdir/hadoop-ozone/integration-test/target/test-dir/MiniOzoneClusterImpl-d8add679-7105-42f6-bf2c-18911ac53160/datanode-6/data/ratis/a625de63-8597-4c04-b87b-e57b62d150cc has been successfully formatted.
2019-09-19 12:00:55,430 [pool-117-thread-1] INFO  ratis.ContainerStateMachine (ContainerStateMachine.java:loadSnapshot(230)) - group-E57B62D150CC: The snapshot info is null. Setting the last applied indexto:(t:0, i:~)
2019-09-19 12:00:55,430 [pool-87-thread-1] INFO  ratis.ContainerStateMachine (ContainerStateMachine.java:loadSnapshot(230)) - group-E57B62D150CC: The snapshot info is null. Setting the last applied indexto:(t:0, i:~)
2019-09-19 12:00:55,430 [pool-77-thread-1] INFO  ratis.ContainerStateMachine (ContainerStateMachine.java:loadSnapshot(230)) - group-E57B62D150CC: The snapshot info is null. Setting the last applied indexto:(t:0, i:~)
2019-09-19 12:00:55,432 [pool-117-thread-1] INFO  server.RaftServerConfigKeys (ConfUtils.java:logGet(43)) - raft.server.notification.no-leader.timeout = 120s (custom)
2019-09-19 12:00:55,432 [pool-87-thread-1] INFO  server.RaftServerConfigKeys (ConfUtils.java:logGet(43)) - raft.server.notification.no-leader.timeout = 120s (custom)
2019-09-19 12:00:55,437 [pool-117-thread-1] INFO  server.RaftServerConfigKeys (ConfUtils.java:logGet(43)) - raft.server.log.use.memory = false (default)
2019-09-19 12:00:55,436 [pool-77-thread-1] INFO  server.RaftServerConfigKeys (ConfUtils.java:logGet(43)) - raft.server.notification.no-leader.timeout = 120s (custom)
2019-09-19 12:00:55,437 [pool-117-thread-1] INFO  server.RaftServerConfigKeys (ConfUtils.java:logGet(43)) - raft.server.log.purge.gap = 1000000 (custom)
2019-09-19 12:00:55,437 [pool-87-thread-1] INFO  server.RaftServerConfigKeys (ConfUtils.java:logGet(43)) - raft.server.log.use.memory = false (default)
2019-09-19 12:00:55,437 [pool-117-thread-1] INFO  server.RaftServerConfigKeys (ConfUtils.java:logGet(43)) - raft.server.log.appender.buffer.byte-limit = 33554432 (custom)
2019-09-19 12:00:55,437 [pool-77-thread-1] INFO  server.RaftServerConfigKeys (ConfUtils.java:logGet(43)) - raft.server.log.use.memory = false (default)
2019-09-19 12:00:55,437 [pool-117-thread-1] INFO  server.RaftServerConfigKeys (ConfUtils.java:logGet(43)) - raft.server.log.segment.size.max = 1048576 (custom)
2019-09-19 12:00:55,437 [pool-87-thread-1] INFO  server.RaftServerConfigKeys (ConfUtils.java:logGet(43)) - raft.server.log.purge.gap = 1000000 (custom)
2019-09-19 12:00:55,437 [pool-117-thread-1] INFO  server.RaftServerConfigKeys (ConfUtils.java:logGet(43)) - raft.server.log.segment.cache.num.max = 2 (custom)
2019-09-19 12:00:55,437 [pool-77-thread-1] INFO  server.RaftServerConfigKeys (ConfUtils.java:logGet(43)) - raft.server.log.purge.gap = 1000000 (custom)
2019-09-19 12:00:55,438 [pool-117-thread-1] INFO  segmented.SegmentedRaftLogWorker (SegmentedRaftLogWorker.java:<init>(172)) - new 0f3ef5c5-216f-4603-9049-7f6477ca6f67@group-E57B62D150CC-SegmentedRaftLogWorker for RaftStorage:Storage Directory /workdir/hadoop-ozone/integration-test/target/test-dir/MiniOzoneClusterImpl-d8add679-7105-42f6-bf2c-18911ac53160/datanode-9/data/ratis/a625de63-8597-4c04-b87b-e57b62d150cc
2019-09-19 12:00:55,438 [pool-87-thread-1] INFO  server.RaftServerConfigKeys (ConfUtils.java:logGet(43)) - raft.server.log.appender.buffer.byte-limit = 33554432 (custom)
2019-09-19 12:00:55,438 [pool-117-thread-1] INFO  server.RaftServerConfigKeys (ConfUtils.java:logGet(43)) - raft.server.log.queue.byte-limit = 2147483647 (custom)
2019-09-19 12:00:55,438 [pool-77-thread-1] INFO  server.RaftServerConfigKeys (ConfUtils.java:logGet(43)) - raft.server.log.appender.buffer.byte-limit = 33554432 (custom)
2019-09-19 12:00:55,438 [pool-117-thread-1] INFO  server.RaftServerConfigKeys (ConfUtils.java:logGet(43)) - raft.server.log.queue.element-limit = 1024 (custom)
2019-09-19 12:00:55,438 [pool-87-thread-1] INFO  server.RaftServerConfigKeys (ConfUtils.java:logGet(43)) - raft.server.log.segment.size.max = 1048576 (custom)
2019-09-19 12:00:55,438 [pool-117-thread-1] INFO  server.RaftServerConfigKeys (ConfUtils.java:logGet(43)) - raft.server.log.segment.size.max = 1048576 (custom)
2019-09-19 12:00:55,438 [pool-77-thread-1] INFO  server.RaftServerConfigKeys (ConfUtils.java:logGet(43)) - raft.server.log.segment.size.max = 1048576 (custom)
2019-09-19 12:00:55,439 [pool-117-thread-1] INFO  server.RaftServerConfigKeys (ConfUtils.java:logGet(43)) - raft.server.log.preallocated.size = 16384 (custom)
2019-09-19 12:00:55,439 [pool-87-thread-1] INFO  server.RaftServerConfigKeys (ConfUtils.java:logGet(43)) - raft.server.log.segment.cache.num.max = 2 (custom)
2019-09-19 12:00:55,439 [pool-117-thread-1] INFO  server.RaftServerConfigKeys (ConfUtils.java:logGet(43)) - raft.server.log.write.buffer.size = 33554432 (custom)
2019-09-19 12:00:55,439 [pool-77-thread-1] INFO  server.RaftServerConfigKeys (ConfUtils.java:logGet(43)) - raft.server.log.segment.cache.num.max = 2 (custom)
2019-09-19 12:00:55,439 [pool-117-thread-1] INFO  server.RaftServerConfigKeys (ConfUtils.java:logGet(43)) - raft.server.log.force.sync.num = 128 (default)
2019-09-19 12:00:55,439 [pool-87-thread-1] INFO  segmented.SegmentedRaftLogWorker (SegmentedRaftLogWorker.java:<init>(172)) - new ccd7891f-abf2-4840-bcfd-f7d46dfca276@group-E57B62D150CC-SegmentedRaftLogWorker for RaftStorage:Storage Directory /workdir/hadoop-ozone/integration-test/target/test-dir/MiniOzoneClusterImpl-d8add679-7105-42f6-bf2c-18911ac53160/datanode-6/data/ratis/a625de63-8597-4c04-b87b-e57b62d150cc
2019-09-19 12:00:55,439 [pool-117-thread-1] INFO  server.RaftServerConfigKeys (ConfUtils.java:logGet(43)) - raft.server.log.statemachine.data.sync = true (default)
2019-09-19 12:00:55,439 [pool-77-thread-1] INFO  segmented.SegmentedRaftLogWorker (SegmentedRaftLogWorker.java:<init>(172)) - new 0eafe25b-eef3-4e6e-962a-cfdd69f48960@group-E57B62D150CC-SegmentedRaftLogWorker for RaftStorage:Storage Directory /workdir/hadoop-ozone/integration-test/target/test-dir/MiniOzoneClusterImpl-d8add679-7105-42f6-bf2c-18911ac53160/datanode-5/data/ratis/a625de63-8597-4c04-b87b-e57b62d150cc
2019-09-19 12:00:55,441 [pool-117-thread-1] INFO  server.RaftServerConfigKeys (ConfUtils.java:logGet(43)) - raft.server.log.statemachine.data.sync.timeout = 10s (default)
2019-09-19 12:00:55,441 [pool-87-thread-1] INFO  server.RaftServerConfigKeys (ConfUtils.java:logGet(43)) - raft.server.log.queue.byte-limit = 2147483647 (custom)
2019-09-19 12:00:55,442 [pool-117-thread-1] INFO  server.RaftServerConfigKeys (ConfUtils.java:logGet(43)) - raft.server.log.statemachine.data.sync.timeout.retry = -1 (default)
2019-09-19 12:00:55,441 [pool-77-thread-1] INFO  server.RaftServerConfigKeys (ConfUtils.java:logGet(43)) - raft.server.log.queue.byte-limit = 2147483647 (custom)
2019-09-19 12:00:55,442 [pool-117-thread-1] INFO  server.RaftServerConfigKeys (ConfUtils.java:logGet(43)) - raft.server.log.statemachine.data.caching.enabled = true (custom)
2019-09-19 12:00:55,442 [pool-87-thread-1] INFO  server.RaftServerConfigKeys (ConfUtils.java:logGet(43)) - raft.server.log.queue.element-limit = 1024 (custom)
2019-09-19 12:00:55,442 [pool-77-thread-1] INFO  server.RaftServerConfigKeys (ConfUtils.java:logGet(43)) - raft.server.log.queue.element-limit = 1024 (custom)
2019-09-19 12:00:55,442 [pool-87-thread-1] INFO  server.RaftServerConfigKeys (ConfUtils.java:logGet(43)) - raft.server.log.segment.size.max = 1048576 (custom)
2019-09-19 12:00:55,442 [pool-117-thread-1] INFO  segmented.SegmentedRaftLogWorker (SegmentedRaftLogWorker.java:lambda$new$0(132)) - 0f3ef5c5-216f-4603-9049-7f6477ca6f67@group-E57B62D150CC-SegmentedRaftLogWorker: flushIndex: setUnconditionally 0 -> -1
2019-09-19 12:00:55,442 [pool-87-thread-1] INFO  server.RaftServerConfigKeys (ConfUtils.java:logGet(43)) - raft.server.log.preallocated.size = 16384 (custom)
2019-09-19 12:00:55,442 [pool-77-thread-1] INFO  server.RaftServerConfigKeys (ConfUtils.java:logGet(43)) - raft.server.log.segment.size.max = 1048576 (custom)
2019-09-19 12:00:55,443 [pool-87-thread-1] INFO  server.RaftServerConfigKeys (ConfUtils.java:logGet(43)) - raft.server.log.write.buffer.size = 33554432 (custom)
2019-09-19 12:00:55,443 [pool-117-thread-1] INFO  server.RaftServerConfigKeys (ConfUtils.java:logGet(43)) - raft.server.snapshot.auto.trigger.enabled = true (custom)
2019-09-19 12:00:55,443 [pool-87-thread-1] INFO  server.RaftServerConfigKeys (ConfUtils.java:logGet(43)) - raft.server.log.force.sync.num = 128 (default)
2019-09-19 12:00:55,443 [pool-77-thread-1] INFO  server.RaftServerConfigKeys (ConfUtils.java:logGet(43)) - raft.server.log.preallocated.size = 16384 (custom)
2019-09-19 12:00:55,443 [pool-87-thread-1] INFO  server.RaftServerConfigKeys (ConfUtils.java:logGet(43)) - raft.server.log.statemachine.data.sync = true (default)
2019-09-19 12:00:55,443 [pool-117-thread-1] INFO  server.RaftServerConfigKeys (ConfUtils.java:logGet(43)) - raft.server.snapshot.auto.trigger.threshold = 10000 (custom)
2019-09-19 12:00:55,443 [pool-87-thread-1] INFO  server.RaftServerConfigKeys (ConfUtils.java:logGet(43)) - raft.server.log.statemachine.data.sync.timeout = 10s (default)
2019-09-19 12:00:55,443 [pool-77-thread-1] INFO  server.RaftServerConfigKeys (ConfUtils.java:logGet(43)) - raft.server.log.write.buffer.size = 33554432 (custom)
2019-09-19 12:00:55,444 [pool-87-thread-1] INFO  server.RaftServerConfigKeys (ConfUtils.java:logGet(43)) - raft.server.log.statemachine.data.sync.timeout.retry = -1 (default)
2019-09-19 12:00:55,444 [pool-117-thread-1] INFO  server.RaftServerConfigKeys (ConfUtils.java:logGet(43)) - raft.server.snapshot.retention.num.files = -1 (default)
2019-09-19 12:00:55,444 [pool-87-thread-1] INFO  server.RaftServerConfigKeys (ConfUtils.java:logGet(43)) - raft.server.log.statemachine.data.caching.enabled = true (custom)
2019-09-19 12:00:55,444 [pool-77-thread-1] INFO  server.RaftServerConfigKeys (ConfUtils.java:logGet(43)) - raft.server.log.force.sync.num = 128 (default)
2019-09-19 12:00:55,444 [pool-117-thread-1] INFO  server.RaftServerConfigKeys (ConfUtils.java:logGet(43)) - raft.server.retrycache.expirytime = 600000ms (custom)
2019-09-19 12:00:55,444 [pool-87-thread-1] INFO  segmented.SegmentedRaftLogWorker (SegmentedRaftLogWorker.java:lambda$new$0(132)) - ccd7891f-abf2-4840-bcfd-f7d46dfca276@group-E57B62D150CC-SegmentedRaftLogWorker: flushIndex: setUnconditionally 0 -> -1
2019-09-19 12:00:55,444 [pool-77-thread-1] INFO  server.RaftServerConfigKeys (ConfUtils.java:logGet(43)) - raft.server.log.statemachine.data.sync = true (default)
2019-09-19 12:00:55,445 [pool-77-thread-1] INFO  server.RaftServerConfigKeys (ConfUtils.java:logGet(43)) - raft.server.log.statemachine.data.sync.timeout = 10s (default)
2019-09-19 12:00:55,445 [pool-87-thread-1] INFO  server.RaftServerConfigKeys (ConfUtils.java:logGet(43)) - raft.server.snapshot.auto.trigger.enabled = true (custom)
2019-09-19 12:00:55,445 [pool-77-thread-1] INFO  server.RaftServerConfigKeys (ConfUtils.java:logGet(43)) - raft.server.log.statemachine.data.sync.timeout.retry = -1 (default)
2019-09-19 12:00:55,445 [pool-87-thread-1] INFO  server.RaftServerConfigKeys (ConfUtils.java:logGet(43)) - raft.server.snapshot.auto.trigger.threshold = 10000 (custom)
2019-09-19 12:00:55,445 [pool-77-thread-1] INFO  server.RaftServerConfigKeys (ConfUtils.java:logGet(43)) - raft.server.log.statemachine.data.caching.enabled = true (custom)
2019-09-19 12:00:55,445 [pool-87-thread-1] INFO  server.RaftServerConfigKeys (ConfUtils.java:logGet(43)) - raft.server.snapshot.retention.num.files = -1 (default)
2019-09-19 12:00:55,445 [pool-77-thread-1] INFO  segmented.SegmentedRaftLogWorker (SegmentedRaftLogWorker.java:lambda$new$0(132)) - 0eafe25b-eef3-4e6e-962a-cfdd69f48960@group-E57B62D150CC-SegmentedRaftLogWorker: flushIndex: setUnconditionally 0 -> -1
2019-09-19 12:00:55,445 [pool-87-thread-1] INFO  server.RaftServerConfigKeys (ConfUtils.java:logGet(43)) - raft.server.retrycache.expirytime = 600000ms (custom)
2019-09-19 12:00:55,446 [pool-77-thread-1] INFO  server.RaftServerConfigKeys (ConfUtils.java:logGet(43)) - raft.server.snapshot.auto.trigger.enabled = true (custom)
2019-09-19 12:00:55,446 [pool-77-thread-1] INFO  server.RaftServerConfigKeys (ConfUtils.java:logGet(43)) - raft.server.snapshot.auto.trigger.threshold = 10000 (custom)
2019-09-19 12:00:55,446 [pool-77-thread-1] INFO  server.RaftServerConfigKeys (ConfUtils.java:logGet(43)) - raft.server.snapshot.retention.num.files = -1 (default)
2019-09-19 12:00:55,446 [pool-77-thread-1] INFO  server.RaftServerConfigKeys (ConfUtils.java:logGet(43)) - raft.server.retrycache.expirytime = 600000ms (custom)
2019-09-19 12:00:55,446 [pool-117-thread-1] INFO  impl.RaftServerImpl (RaftServerImpl.java:start(185)) - 0f3ef5c5-216f-4603-9049-7f6477ca6f67@group-E57B62D150CC: start as a follower, conf=-1: [0eafe25b-eef3-4e6e-962a-cfdd69f48960:192.168.34.13:38223, ccd7891f-abf2-4840-bcfd-f7d46dfca276:192.168.34.13:41947, 0f3ef5c5-216f-4603-9049-7f6477ca6f67:192.168.34.13:38664], old=null
2019-09-19 12:00:55,447 [pool-117-thread-1] INFO  impl.RaftServerImpl (RaftServerImpl.java:setRole(174)) - 0f3ef5c5-216f-4603-9049-7f6477ca6f67@group-E57B62D150CC: changes role from      null to FOLLOWER at term 0 for startAsFollower
2019-09-19 12:00:55,447 [pool-117-thread-1] INFO  impl.RoleInfo (RoleInfo.java:updateAndGet(143)) - 0f3ef5c5-216f-4603-9049-7f6477ca6f67: start FollowerState
2019-09-19 12:00:55,447 [pool-117-thread-1] INFO  util.JmxRegister (JmxRegister.java:tryRegister(44)) - Successfully registered JMX Bean with object name Ratis:service=RaftServer,group=group-E57B62D150CC,id=0f3ef5c5-216f-4603-9049-7f6477ca6f67
2019-09-19 12:00:55,492 [pool-77-thread-1] INFO  impl.RaftServerImpl (RaftServerImpl.java:start(185)) - 0eafe25b-eef3-4e6e-962a-cfdd69f48960@group-E57B62D150CC: start as a follower, conf=-1: [0eafe25b-eef3-4e6e-962a-cfdd69f48960:192.168.34.13:38223, ccd7891f-abf2-4840-bcfd-f7d46dfca276:192.168.34.13:41947, 0f3ef5c5-216f-4603-9049-7f6477ca6f67:192.168.34.13:38664], old=null
2019-09-19 12:00:55,492 [pool-87-thread-1] INFO  impl.RaftServerImpl (RaftServerImpl.java:start(185)) - ccd7891f-abf2-4840-bcfd-f7d46dfca276@group-E57B62D150CC: start as a follower, conf=-1: [0eafe25b-eef3-4e6e-962a-cfdd69f48960:192.168.34.13:38223, ccd7891f-abf2-4840-bcfd-f7d46dfca276:192.168.34.13:41947, 0f3ef5c5-216f-4603-9049-7f6477ca6f67:192.168.34.13:38664], old=null
2019-09-19 12:00:55,492 [pool-77-thread-1] INFO  impl.RaftServerImpl (RaftServerImpl.java:setRole(174)) - 0eafe25b-eef3-4e6e-962a-cfdd69f48960@group-E57B62D150CC: changes role from      null to FOLLOWER at term 0 for startAsFollower
2019-09-19 12:00:55,492 [pool-87-thread-1] INFO  impl.RaftServerImpl (RaftServerImpl.java:setRole(174)) - ccd7891f-abf2-4840-bcfd-f7d46dfca276@group-E57B62D150CC: changes role from      null to FOLLOWER at term 0 for startAsFollower
2019-09-19 12:00:55,493 [pool-77-thread-1] INFO  impl.RoleInfo (RoleInfo.java:updateAndGet(143)) - 0eafe25b-eef3-4e6e-962a-cfdd69f48960: start FollowerState
2019-09-19 12:00:55,493 [pool-87-thread-1] INFO  impl.RoleInfo (RoleInfo.java:updateAndGet(143)) - ccd7891f-abf2-4840-bcfd-f7d46dfca276: start FollowerState
2019-09-19 12:00:55,493 [pool-77-thread-1] INFO  util.JmxRegister (JmxRegister.java:tryRegister(44)) - Successfully registered JMX Bean with object name Ratis:service=RaftServer,group=group-E57B62D150CC,id=0eafe25b-eef3-4e6e-962a-cfdd69f48960
2019-09-19 12:00:55,494 [pool-87-thread-1] INFO  util.JmxRegister (JmxRegister.java:tryRegister(44)) - Successfully registered JMX Bean with object name Ratis:service=RaftServer,group=group-E57B62D150CC,id=ccd7891f-abf2-4840-bcfd-f7d46dfca276
2019-09-19 12:00:55,502 [Thread-297] INFO  impl.FollowerState (FollowerState.java:run(106)) - 2fa9f0f6-b6af-48ee-80c5-dd8119aa09d6:group-89A1A75A4DAA changes to CANDIDATE, lastRpcTime:1056, electionTimeout:1055ms
2019-09-19 12:00:55,502 [Thread-297] INFO  impl.RoleInfo (RoleInfo.java:shutdownFollowerState(121)) - 2fa9f0f6-b6af-48ee-80c5-dd8119aa09d6: shutdown FollowerState
2019-09-19 12:00:55,502 [Thread-297] INFO  impl.RaftServerImpl (RaftServerImpl.java:setRole(174)) - 2fa9f0f6-b6af-48ee-80c5-dd8119aa09d6@group-89A1A75A4DAA: changes role from  FOLLOWER to CANDIDATE at term 0 for changeToCandidate
2019-09-19 12:00:55,502 [Thread-297] INFO  impl.RoleInfo (RoleInfo.java:updateAndGet(143)) - 2fa9f0f6-b6af-48ee-80c5-dd8119aa09d6: start LeaderElection
2019-09-19 12:00:55,507 [ccaa8f46-a720-4c9d-b367-b8e62fb2ca31@group-BBBA7E8A47D4-SegmentedRaftLogWorker] INFO  segmented.SegmentedRaftLogWorker (SegmentedRaftLogWorker.java:execute(569)) - ccaa8f46-a720-4c9d-b367-b8e62fb2ca31@group-BBBA7E8A47D4-SegmentedRaftLogWorker: created new log segment /workdir/hadoop-ozone/integration-test/target/test-dir/MiniOzoneClusterImpl-d8add679-7105-42f6-bf2c-18911ac53160/datanode-0/data/ratis/a626d566-f909-4d75-9153-bbba7e8a47d4/current/log_inprogress_0
2019-09-19 12:00:55,507 [a729cdbd-f787-49c0-8e2c-44f1fb27cdba@group-CB904ECECA12-SegmentedRaftLogWorker] INFO  segmented.SegmentedRaftLogWorker (SegmentedRaftLogWorker.java:execute(569)) - a729cdbd-f787-49c0-8e2c-44f1fb27cdba@group-CB904ECECA12-SegmentedRaftLogWorker: created new log segment /workdir/hadoop-ozone/integration-test/target/test-dir/MiniOzoneClusterImpl-d8add679-7105-42f6-bf2c-18911ac53160/datanode-4/data/ratis/8889dd7d-74ac-492c-bb39-cb904ececa12/current/log_inprogress_0
2019-09-19 12:00:55,507 [7d946ca7-a873-4723-b723-9ddee89d0bc7@group-D84F5CC66694-SegmentedRaftLogWorker] INFO  segmented.SegmentedRaftLogWorker (SegmentedRaftLogWorker.java:execute(569)) - 7d946ca7-a873-4723-b723-9ddee89d0bc7@group-D84F5CC66694-SegmentedRaftLogWorker: created new log segment /workdir/hadoop-ozone/integration-test/target/test-dir/MiniOzoneClusterImpl-d8add679-7105-42f6-bf2c-18911ac53160/datanode-8/data/ratis/cb4ba112-27ff-4bf5-9e95-d84f5cc66694/current/log_inprogress_0
2019-09-19 12:00:55,508 [RatisPipelineUtilsThread] INFO  pipeline.PipelineStateManager (PipelineStateManager.java:addPipeline(56)) - Created pipeline Pipeline[ Id: a625de63-8597-4c04-b87b-e57b62d150cc, Nodes: 0f3ef5c5-216f-4603-9049-7f6477ca6f67{ip: 192.168.34.13, host: pr-hdds-2153-g484h-410672627, networkLocation: /default-rack, certSerialId: null}ccd7891f-abf2-4840-bcfd-f7d46dfca276{ip: 192.168.34.13, host: pr-hdds-2153-g484h-410672627, networkLocation: /default-rack, certSerialId: null}0eafe25b-eef3-4e6e-962a-cfdd69f48960{ip: 192.168.34.13, host: pr-hdds-2153-g484h-410672627, networkLocation: /default-rack, certSerialId: null}, Type:RATIS, Factor:THREE, State:OPEN]
2019-09-19 12:00:55,522 [2fa9f0f6-b6af-48ee-80c5-dd8119aa09d6@group-89A1A75A4DAA:LeaderElection4] INFO  impl.LeaderElection (LeaderElection.java:askForVotes(182)) - 2fa9f0f6-b6af-48ee-80c5-dd8119aa09d6@group-89A1A75A4DAA:LeaderElection4: begin an election at term 1 for -1: [2fa9f0f6-b6af-48ee-80c5-dd8119aa09d6:192.168.34.13:39061], old=null
2019-09-19 12:00:55,522 [2fa9f0f6-b6af-48ee-80c5-dd8119aa09d6@group-89A1A75A4DAA:LeaderElection4] INFO  impl.RoleInfo (RoleInfo.java:shutdownLeaderElection(134)) - 2fa9f0f6-b6af-48ee-80c5-dd8119aa09d6: shutdown LeaderElection
2019-09-19 12:00:55,522 [2fa9f0f6-b6af-48ee-80c5-dd8119aa09d6@group-89A1A75A4DAA:LeaderElection4] INFO  impl.RaftServerImpl (RaftServerImpl.java:setRole(174)) - 2fa9f0f6-b6af-48ee-80c5-dd8119aa09d6@group-89A1A75A4DAA: changes role from CANDIDATE to LEADER at term 1 for changeToLeader
2019-09-19 12:00:55,524 [2fa9f0f6-b6af-48ee-80c5-dd8119aa09d6@group-89A1A75A4DAA:LeaderElection4] INFO  impl.RaftServerImpl (ServerState.java:setLeader(253)) - 2fa9f0f6-b6af-48ee-80c5-dd8119aa09d6@group-89A1A75A4DAA: change Leader from null to 2fa9f0f6-b6af-48ee-80c5-dd8119aa09d6 at term 1 for becomeLeader, leader elected after 1092ms
2019-09-19 12:00:55,524 [2fa9f0f6-b6af-48ee-80c5-dd8119aa09d6@group-89A1A75A4DAA:LeaderElection4] INFO  server.RaftServerConfigKeys (ConfUtils.java:logGet(43)) - raft.server.staging.catchup.gap = 1000 (default)
2019-09-19 12:00:55,524 [2fa9f0f6-b6af-48ee-80c5-dd8119aa09d6@group-89A1A75A4DAA:LeaderElection4] INFO  server.RaftServerConfigKeys (ConfUtils.java:logGet(43)) - raft.server.rpc.sleep.time = 25ms (default)
2019-09-19 12:00:55,525 [2fa9f0f6-b6af-48ee-80c5-dd8119aa09d6@group-89A1A75A4DAA:LeaderElection4] INFO  server.RaftServerConfigKeys (ConfUtils.java:logGet(43)) - raft.server.write.element-limit = 4096 (default)
2019-09-19 12:00:55,525 [2fa9f0f6-b6af-48ee-80c5-dd8119aa09d6@group-89A1A75A4DAA:LeaderElection4] INFO  server.RaftServerConfigKeys (ConfUtils.java:logGet(43)) - raft.server.watch.timeout = 10s (default)
2019-09-19 12:00:55,525 [2fa9f0f6-b6af-48ee-80c5-dd8119aa09d6@group-89A1A75A4DAA:LeaderElection4] INFO  server.RaftServerConfigKeys (ConfUtils.java:logGet(43)) - raft.server.watch.timeout.denomination = 1s (default)
2019-09-19 12:00:55,525 [2fa9f0f6-b6af-48ee-80c5-dd8119aa09d6@group-89A1A75A4DAA:LeaderElection4] INFO  server.RaftServerConfigKeys (ConfUtils.java:logGet(43)) - raft.server.watch.element-limit = 65536 (default)
2019-09-19 12:00:55,528 [2fa9f0f6-b6af-48ee-80c5-dd8119aa09d6@group-89A1A75A4DAA:LeaderElection4] INFO  impl.RoleInfo (RoleInfo.java:updateAndGet(143)) - 2fa9f0f6-b6af-48ee-80c5-dd8119aa09d6: start LeaderState
2019-09-19 12:00:55,528 [2fa9f0f6-b6af-48ee-80c5-dd8119aa09d6@group-89A1A75A4DAA:LeaderElection4] INFO  segmented.SegmentedRaftLogWorker (SegmentedRaftLogWorker.java:startLogSegment(380)) - 2fa9f0f6-b6af-48ee-80c5-dd8119aa09d6@group-89A1A75A4DAA-SegmentedRaftLogWorker: Starting segment from index:0
2019-09-19 12:00:55,529 [2fa9f0f6-b6af-48ee-80c5-dd8119aa09d6@group-89A1A75A4DAA:LeaderElection4] INFO  impl.RaftServerImpl (ServerState.java:setRaftConf(354)) - 2fa9f0f6-b6af-48ee-80c5-dd8119aa09d6@group-89A1A75A4DAA: set configuration 0: [2fa9f0f6-b6af-48ee-80c5-dd8119aa09d6:192.168.34.13:39061], old=null at 0
2019-09-19 12:00:55,567 [Thread-294] INFO  impl.FollowerState (FollowerState.java:run(106)) - b61b9bc0-c8d8-4ce8-a569-0c84e6e62f96:group-A959921C772B changes to CANDIDATE, lastRpcTime:1213, electionTimeout:1179ms
2019-09-19 12:00:55,568 [Thread-294] INFO  impl.RoleInfo (RoleInfo.java:shutdownFollowerState(121)) - b61b9bc0-c8d8-4ce8-a569-0c84e6e62f96: shutdown FollowerState
2019-09-19 12:00:55,569 [Thread-294] INFO  impl.RaftServerImpl (RaftServerImpl.java:setRole(174)) - b61b9bc0-c8d8-4ce8-a569-0c84e6e62f96@group-A959921C772B: changes role from  FOLLOWER to CANDIDATE at term 0 for changeToCandidate
2019-09-19 12:00:55,569 [Thread-294] INFO  impl.RoleInfo (RoleInfo.java:updateAndGet(143)) - b61b9bc0-c8d8-4ce8-a569-0c84e6e62f96: start LeaderElection
2019-09-19 12:00:55,580 [2fa9f0f6-b6af-48ee-80c5-dd8119aa09d6@group-89A1A75A4DAA-SegmentedRaftLogWorker] INFO  segmented.SegmentedRaftLogWorker (SegmentedRaftLogWorker.java:execute(569)) - 2fa9f0f6-b6af-48ee-80c5-dd8119aa09d6@group-89A1A75A4DAA-SegmentedRaftLogWorker: created new log segment /workdir/hadoop-ozone/integration-test/target/test-dir/MiniOzoneClusterImpl-d8add679-7105-42f6-bf2c-18911ac53160/datanode-7/data/ratis/ab7dfb59-a4c6-42f9-9e7d-89a1a75a4daa/current/log_inprogress_0
2019-09-19 12:00:55,580 [b61b9bc0-c8d8-4ce8-a569-0c84e6e62f96@group-A959921C772B:LeaderElection5] INFO  impl.LeaderElection (LeaderElection.java:askForVotes(182)) - b61b9bc0-c8d8-4ce8-a569-0c84e6e62f96@group-A959921C772B:LeaderElection5: begin an election at term 1 for -1: [b61b9bc0-c8d8-4ce8-a569-0c84e6e62f96:192.168.34.13:36095], old=null
2019-09-19 12:00:55,580 [b61b9bc0-c8d8-4ce8-a569-0c84e6e62f96@group-A959921C772B:LeaderElection5] INFO  impl.RoleInfo (RoleInfo.java:shutdownLeaderElection(134)) - b61b9bc0-c8d8-4ce8-a569-0c84e6e62f96: shutdown LeaderElection
2019-09-19 12:00:55,580 [b61b9bc0-c8d8-4ce8-a569-0c84e6e62f96@group-A959921C772B:LeaderElection5] INFO  impl.RaftServerImpl (RaftServerImpl.java:setRole(174)) - b61b9bc0-c8d8-4ce8-a569-0c84e6e62f96@group-A959921C772B: changes role from CANDIDATE to LEADER at term 1 for changeToLeader
2019-09-19 12:00:55,580 [b61b9bc0-c8d8-4ce8-a569-0c84e6e62f96@group-A959921C772B:LeaderElection5] INFO  impl.RaftServerImpl (ServerState.java:setLeader(253)) - b61b9bc0-c8d8-4ce8-a569-0c84e6e62f96@group-A959921C772B: change Leader from null to b61b9bc0-c8d8-4ce8-a569-0c84e6e62f96 at term 1 for becomeLeader, leader elected after 1246ms
2019-09-19 12:00:55,580 [b61b9bc0-c8d8-4ce8-a569-0c84e6e62f96@group-A959921C772B:LeaderElection5] INFO  server.RaftServerConfigKeys (ConfUtils.java:logGet(43)) - raft.server.staging.catchup.gap = 1000 (default)
2019-09-19 12:00:55,581 [b61b9bc0-c8d8-4ce8-a569-0c84e6e62f96@group-A959921C772B:LeaderElection5] INFO  server.RaftServerConfigKeys (ConfUtils.java:logGet(43)) - raft.server.rpc.sleep.time = 25ms (default)
2019-09-19 12:00:55,581 [b61b9bc0-c8d8-4ce8-a569-0c84e6e62f96@group-A959921C772B:LeaderElection5] INFO  server.RaftServerConfigKeys (ConfUtils.java:logGet(43)) - raft.server.write.element-limit = 4096 (default)
2019-09-19 12:00:55,581 [b61b9bc0-c8d8-4ce8-a569-0c84e6e62f96@group-A959921C772B:LeaderElection5] INFO  server.RaftServerConfigKeys (ConfUtils.java:logGet(43)) - raft.server.watch.timeout = 10s (default)
2019-09-19 12:00:55,581 [b61b9bc0-c8d8-4ce8-a569-0c84e6e62f96@group-A959921C772B:LeaderElection5] INFO  server.RaftServerConfigKeys (ConfUtils.java:logGet(43)) - raft.server.watch.timeout.denomination = 1s (default)
2019-09-19 12:00:55,581 [b61b9bc0-c8d8-4ce8-a569-0c84e6e62f96@group-A959921C772B:LeaderElection5] INFO  server.RaftServerConfigKeys (ConfUtils.java:logGet(43)) - raft.server.watch.element-limit = 65536 (default)
2019-09-19 12:00:55,585 [b61b9bc0-c8d8-4ce8-a569-0c84e6e62f96@group-A959921C772B:LeaderElection5] INFO  impl.RoleInfo (RoleInfo.java:updateAndGet(143)) - b61b9bc0-c8d8-4ce8-a569-0c84e6e62f96: start LeaderState
2019-09-19 12:00:55,585 [b61b9bc0-c8d8-4ce8-a569-0c84e6e62f96@group-A959921C772B:LeaderElection5] INFO  segmented.SegmentedRaftLogWorker (SegmentedRaftLogWorker.java:startLogSegment(380)) - b61b9bc0-c8d8-4ce8-a569-0c84e6e62f96@group-A959921C772B-SegmentedRaftLogWorker: Starting segment from index:0
2019-09-19 12:00:55,586 [b61b9bc0-c8d8-4ce8-a569-0c84e6e62f96@group-A959921C772B:LeaderElection5] INFO  impl.RaftServerImpl (ServerState.java:setRaftConf(354)) - b61b9bc0-c8d8-4ce8-a569-0c84e6e62f96@group-A959921C772B: set configuration 0: [b61b9bc0-c8d8-4ce8-a569-0c84e6e62f96:192.168.34.13:36095], old=null at 0
2019-09-19 12:00:55,629 [b61b9bc0-c8d8-4ce8-a569-0c84e6e62f96@group-A959921C772B-SegmentedRaftLogWorker] INFO  segmented.SegmentedRaftLogWorker (SegmentedRaftLogWorker.java:execute(569)) - b61b9bc0-c8d8-4ce8-a569-0c84e6e62f96@group-A959921C772B-SegmentedRaftLogWorker: created new log segment /workdir/hadoop-ozone/integration-test/target/test-dir/MiniOzoneClusterImpl-d8add679-7105-42f6-bf2c-18911ac53160/datanode-3/data/ratis/3c584ef5-740f-45c8-ad55-a959921c772b/current/log_inprogress_0
2019-09-19 12:00:55,682 [Thread-300] INFO  impl.FollowerState (FollowerState.java:run(106)) - 14eab2a7-31b9-4bf4-80ab-c0ebf925c262:group-C8E0D2DAE8CD changes to CANDIDATE, lastRpcTime:1035, electionTimeout:1035ms
2019-09-19 12:00:55,682 [Thread-300] INFO  impl.RoleInfo (RoleInfo.java:shutdownFollowerState(121)) - 14eab2a7-31b9-4bf4-80ab-c0ebf925c262: shutdown FollowerState
2019-09-19 12:00:55,682 [Thread-300] INFO  impl.RaftServerImpl (RaftServerImpl.java:setRole(174)) - 14eab2a7-31b9-4bf4-80ab-c0ebf925c262@group-C8E0D2DAE8CD: changes role from  FOLLOWER to CANDIDATE at term 0 for changeToCandidate
2019-09-19 12:00:55,682 [Thread-300] INFO  impl.RoleInfo (RoleInfo.java:updateAndGet(143)) - 14eab2a7-31b9-4bf4-80ab-c0ebf925c262: start LeaderElection
2019-09-19 12:00:55,688 [main] INFO  rpc.RpcClient (RpcClient.java:createVolume(301)) - Creating Volume: datanodefailurehandlingtest, with jenkins1000 as owner.
2019-09-19 12:00:55,701 [14eab2a7-31b9-4bf4-80ab-c0ebf925c262@group-C8E0D2DAE8CD:LeaderElection6] INFO  impl.LeaderElection (LeaderElection.java:askForVotes(182)) - 14eab2a7-31b9-4bf4-80ab-c0ebf925c262@group-C8E0D2DAE8CD:LeaderElection6: begin an election at term 1 for -1: [14eab2a7-31b9-4bf4-80ab-c0ebf925c262:192.168.34.13:37038], old=null
2019-09-19 12:00:55,701 [14eab2a7-31b9-4bf4-80ab-c0ebf925c262@group-C8E0D2DAE8CD:LeaderElection6] INFO  impl.RoleInfo (RoleInfo.java:shutdownLeaderElection(134)) - 14eab2a7-31b9-4bf4-80ab-c0ebf925c262: shutdown LeaderElection
2019-09-19 12:00:55,701 [14eab2a7-31b9-4bf4-80ab-c0ebf925c262@group-C8E0D2DAE8CD:LeaderElection6] INFO  impl.RaftServerImpl (RaftServerImpl.java:setRole(174)) - 14eab2a7-31b9-4bf4-80ab-c0ebf925c262@group-C8E0D2DAE8CD: changes role from CANDIDATE to LEADER at term 1 for changeToLeader
2019-09-19 12:00:55,701 [14eab2a7-31b9-4bf4-80ab-c0ebf925c262@group-C8E0D2DAE8CD:LeaderElection6] INFO  impl.RaftServerImpl (ServerState.java:setLeader(253)) - 14eab2a7-31b9-4bf4-80ab-c0ebf925c262@group-C8E0D2DAE8CD: change Leader from null to 14eab2a7-31b9-4bf4-80ab-c0ebf925c262 at term 1 for becomeLeader, leader elected after 1187ms
2019-09-19 12:00:55,701 [14eab2a7-31b9-4bf4-80ab-c0ebf925c262@group-C8E0D2DAE8CD:LeaderElection6] INFO  server.RaftServerConfigKeys (ConfUtils.java:logGet(43)) - raft.server.staging.catchup.gap = 1000 (default)
2019-09-19 12:00:55,701 [14eab2a7-31b9-4bf4-80ab-c0ebf925c262@group-C8E0D2DAE8CD:LeaderElection6] INFO  server.RaftServerConfigKeys (ConfUtils.java:logGet(43)) - raft.server.rpc.sleep.time = 25ms (default)
2019-09-19 12:00:55,701 [14eab2a7-31b9-4bf4-80ab-c0ebf925c262@group-C8E0D2DAE8CD:LeaderElection6] INFO  server.RaftServerConfigKeys (ConfUtils.java:logGet(43)) - raft.server.write.element-limit = 4096 (default)
2019-09-19 12:00:55,701 [14eab2a7-31b9-4bf4-80ab-c0ebf925c262@group-C8E0D2DAE8CD:LeaderElection6] INFO  server.RaftServerConfigKeys (ConfUtils.java:logGet(43)) - raft.server.watch.timeout = 10s (default)
2019-09-19 12:00:55,702 [14eab2a7-31b9-4bf4-80ab-c0ebf925c262@group-C8E0D2DAE8CD:LeaderElection6] INFO  server.RaftServerConfigKeys (ConfUtils.java:logGet(43)) - raft.server.watch.timeout.denomination = 1s (default)
2019-09-19 12:00:55,702 [14eab2a7-31b9-4bf4-80ab-c0ebf925c262@group-C8E0D2DAE8CD:LeaderElection6] INFO  server.RaftServerConfigKeys (ConfUtils.java:logGet(43)) - raft.server.watch.element-limit = 65536 (default)
2019-09-19 12:00:55,704 [14eab2a7-31b9-4bf4-80ab-c0ebf925c262@group-C8E0D2DAE8CD:LeaderElection6] INFO  impl.RoleInfo (RoleInfo.java:updateAndGet(143)) - 14eab2a7-31b9-4bf4-80ab-c0ebf925c262: start LeaderState
2019-09-19 12:00:55,704 [14eab2a7-31b9-4bf4-80ab-c0ebf925c262@group-C8E0D2DAE8CD:LeaderElection6] INFO  segmented.SegmentedRaftLogWorker (SegmentedRaftLogWorker.java:startLogSegment(380)) - 14eab2a7-31b9-4bf4-80ab-c0ebf925c262@group-C8E0D2DAE8CD-SegmentedRaftLogWorker: Starting segment from index:0
2019-09-19 12:00:55,704 [14eab2a7-31b9-4bf4-80ab-c0ebf925c262@group-C8E0D2DAE8CD:LeaderElection6] INFO  impl.RaftServerImpl (ServerState.java:setRaftConf(354)) - 14eab2a7-31b9-4bf4-80ab-c0ebf925c262@group-C8E0D2DAE8CD: set configuration 0: [14eab2a7-31b9-4bf4-80ab-c0ebf925c262:192.168.34.13:37038], old=null at 0
2019-09-19 12:00:55,756 [14eab2a7-31b9-4bf4-80ab-c0ebf925c262@group-C8E0D2DAE8CD-SegmentedRaftLogWorker] INFO  segmented.SegmentedRaftLogWorker (SegmentedRaftLogWorker.java:execute(569)) - 14eab2a7-31b9-4bf4-80ab-c0ebf925c262@group-C8E0D2DAE8CD-SegmentedRaftLogWorker: created new log segment /workdir/hadoop-ozone/integration-test/target/test-dir/MiniOzoneClusterImpl-d8add679-7105-42f6-bf2c-18911ac53160/datanode-2/data/ratis/b515fb10-8cb2-45af-a3f3-c8e0d2dae8cd/current/log_inprogress_0
2019-09-19 12:00:56,155 [Thread-309] INFO  impl.FollowerState (FollowerState.java:run(106)) - 0eafe25b-eef3-4e6e-962a-cfdd69f48960:group-05CD69C2CA44 changes to CANDIDATE, lastRpcTime:1262, electionTimeout:1162ms
2019-09-19 12:00:56,164 [Thread-303] WARN  util.JavaUtils (JavaUtils.java:sleep(250)) - Unexpected long sleep: sleep(1109ms) actually took 1438ms which is over the threshold 300ms
2019-09-19 12:00:56,164 [Thread-306] INFO  impl.FollowerState (FollowerState.java:run(106)) - ccd7891f-abf2-4840-bcfd-f7d46dfca276:group-F7932203CDFA changes to CANDIDATE, lastRpcTime:1362, electionTimeout:1084ms
2019-09-19 12:00:56,176 [Thread-309] INFO  impl.RoleInfo (RoleInfo.java:shutdownFollowerState(121)) - 0eafe25b-eef3-4e6e-962a-cfdd69f48960: shutdown FollowerState
2019-09-19 12:00:56,179 [Thread-306] INFO  impl.RoleInfo (RoleInfo.java:shutdownFollowerState(121)) - ccd7891f-abf2-4840-bcfd-f7d46dfca276: shutdown FollowerState
2019-09-19 12:00:56,179 [Thread-306] INFO  impl.RaftServerImpl (RaftServerImpl.java:setRole(174)) - ccd7891f-abf2-4840-bcfd-f7d46dfca276@group-F7932203CDFA: changes role from  FOLLOWER to CANDIDATE at term 0 for changeToCandidate
2019-09-19 12:00:56,179 [Thread-309] INFO  impl.RaftServerImpl (RaftServerImpl.java:setRole(174)) - 0eafe25b-eef3-4e6e-962a-cfdd69f48960@group-05CD69C2CA44: changes role from  FOLLOWER to CANDIDATE at term 0 for changeToCandidate
2019-09-19 12:00:56,180 [Thread-306] INFO  impl.RoleInfo (RoleInfo.java:updateAndGet(143)) - ccd7891f-abf2-4840-bcfd-f7d46dfca276: start LeaderElection
2019-09-19 12:00:56,180 [Thread-309] INFO  impl.RoleInfo (RoleInfo.java:updateAndGet(143)) - 0eafe25b-eef3-4e6e-962a-cfdd69f48960: start LeaderElection
2019-09-19 12:00:56,194 [Thread-283] INFO  container.ReplicationManager (ReplicationManager.java:start(162)) - Starting Replication Monitor Thread.
2019-09-19 12:00:56,196 [ReplicationMonitor] INFO  container.ReplicationManager (ReplicationManager.java:run(225)) - Replication Monitor Thread took 1 milliseconds for processing 0 containers.
2019-09-19 12:00:56,199 [Thread-314] INFO  impl.FollowerState (FollowerState.java:run(106)) - 8f7c3f06-04e3-45b0-a756-eb146f11ca16:group-E981BB2162A8 changes to CANDIDATE, lastRpcTime:1176, electionTimeout:1176ms
2019-09-19 12:00:56,199 [Thread-314] INFO  impl.RoleInfo (RoleInfo.java:shutdownFollowerState(121)) - 8f7c3f06-04e3-45b0-a756-eb146f11ca16: shutdown FollowerState
2019-09-19 12:00:56,199 [Thread-314] INFO  impl.RaftServerImpl (RaftServerImpl.java:setRole(174)) - 8f7c3f06-04e3-45b0-a756-eb146f11ca16@group-E981BB2162A8: changes role from  FOLLOWER to CANDIDATE at term 0 for changeToCandidate
2019-09-19 12:00:56,199 [Thread-314] INFO  impl.RoleInfo (RoleInfo.java:updateAndGet(143)) - 8f7c3f06-04e3-45b0-a756-eb146f11ca16: start LeaderElection
2019-09-19 12:00:56,208 [ccd7891f-abf2-4840-bcfd-f7d46dfca276@group-F7932203CDFA:LeaderElection7] INFO  impl.LeaderElection (LeaderElection.java:askForVotes(182)) - ccd7891f-abf2-4840-bcfd-f7d46dfca276@group-F7932203CDFA:LeaderElection7: begin an election at term 1 for -1: [ccd7891f-abf2-4840-bcfd-f7d46dfca276:192.168.34.13:41947], old=null
2019-09-19 12:00:56,208 [0eafe25b-eef3-4e6e-962a-cfdd69f48960@group-05CD69C2CA44:LeaderElection8] INFO  impl.LeaderElection (LeaderElection.java:askForVotes(182)) - 0eafe25b-eef3-4e6e-962a-cfdd69f48960@group-05CD69C2CA44:LeaderElection8: begin an election at term 1 for -1: [0eafe25b-eef3-4e6e-962a-cfdd69f48960:192.168.34.13:38223], old=null
2019-09-19 12:00:56,209 [ccd7891f-abf2-4840-bcfd-f7d46dfca276@group-F7932203CDFA:LeaderElection7] INFO  impl.RoleInfo (RoleInfo.java:shutdownLeaderElection(134)) - ccd7891f-abf2-4840-bcfd-f7d46dfca276: shutdown LeaderElection
2019-09-19 12:00:56,209 [0eafe25b-eef3-4e6e-962a-cfdd69f48960@group-05CD69C2CA44:LeaderElection8] INFO  impl.RoleInfo (RoleInfo.java:shutdownLeaderElection(134)) - 0eafe25b-eef3-4e6e-962a-cfdd69f48960: shutdown LeaderElection
2019-09-19 12:00:56,209 [ccd7891f-abf2-4840-bcfd-f7d46dfca276@group-F7932203CDFA:LeaderElection7] INFO  impl.RaftServerImpl (RaftServerImpl.java:setRole(174)) - ccd7891f-abf2-4840-bcfd-f7d46dfca276@group-F7932203CDFA: changes role from CANDIDATE to LEADER at term 1 for changeToLeader
2019-09-19 12:00:56,209 [0eafe25b-eef3-4e6e-962a-cfdd69f48960@group-05CD69C2CA44:LeaderElection8] INFO  impl.RaftServerImpl (RaftServerImpl.java:setRole(174)) - 0eafe25b-eef3-4e6e-962a-cfdd69f48960@group-05CD69C2CA44: changes role from CANDIDATE to LEADER at term 1 for changeToLeader
2019-09-19 12:00:56,209 [ccd7891f-abf2-4840-bcfd-f7d46dfca276@group-F7932203CDFA:LeaderElection7] INFO  impl.RaftServerImpl (ServerState.java:setLeader(253)) - ccd7891f-abf2-4840-bcfd-f7d46dfca276@group-F7932203CDFA: change Leader from null to ccd7891f-abf2-4840-bcfd-f7d46dfca276 at term 1 for becomeLeader, leader elected after 1417ms
2019-09-19 12:00:56,209 [0eafe25b-eef3-4e6e-962a-cfdd69f48960@group-05CD69C2CA44:LeaderElection8] INFO  impl.RaftServerImpl (ServerState.java:setLeader(253)) - 0eafe25b-eef3-4e6e-962a-cfdd69f48960@group-05CD69C2CA44: change Leader from null to 0eafe25b-eef3-4e6e-962a-cfdd69f48960 at term 1 for becomeLeader, leader elected after 1330ms
2019-09-19 12:00:56,209 [ccd7891f-abf2-4840-bcfd-f7d46dfca276@group-F7932203CDFA:LeaderElection7] INFO  server.RaftServerConfigKeys (ConfUtils.java:logGet(43)) - raft.server.staging.catchup.gap = 1000 (default)
2019-09-19 12:00:56,210 [0eafe25b-eef3-4e6e-962a-cfdd69f48960@group-05CD69C2CA44:LeaderElection8] INFO  server.RaftServerConfigKeys (ConfUtils.java:logGet(43)) - raft.server.staging.catchup.gap = 1000 (default)
2019-09-19 12:00:56,210 [ccd7891f-abf2-4840-bcfd-f7d46dfca276@group-F7932203CDFA:LeaderElection7] INFO  server.RaftServerConfigKeys (ConfUtils.java:logGet(43)) - raft.server.rpc.sleep.time = 25ms (default)
2019-09-19 12:00:56,210 [0eafe25b-eef3-4e6e-962a-cfdd69f48960@group-05CD69C2CA44:LeaderElection8] INFO  server.RaftServerConfigKeys (ConfUtils.java:logGet(43)) - raft.server.rpc.sleep.time = 25ms (default)
2019-09-19 12:00:56,210 [ccd7891f-abf2-4840-bcfd-f7d46dfca276@group-F7932203CDFA:LeaderElection7] INFO  server.RaftServerConfigKeys (ConfUtils.java:logGet(43)) - raft.server.write.element-limit = 4096 (default)
2019-09-19 12:00:56,210 [0eafe25b-eef3-4e6e-962a-cfdd69f48960@group-05CD69C2CA44:LeaderElection8] INFO  server.RaftServerConfigKeys (ConfUtils.java:logGet(43)) - raft.server.write.element-limit = 4096 (default)
2019-09-19 12:00:56,210 [ccd7891f-abf2-4840-bcfd-f7d46dfca276@group-F7932203CDFA:LeaderElection7] INFO  server.RaftServerConfigKeys (ConfUtils.java:logGet(43)) - raft.server.watch.timeout = 10s (default)
2019-09-19 12:00:56,211 [0eafe25b-eef3-4e6e-962a-cfdd69f48960@group-05CD69C2CA44:LeaderElection8] INFO  server.RaftServerConfigKeys (ConfUtils.java:logGet(43)) - raft.server.watch.timeout = 10s (default)
2019-09-19 12:00:56,211 [ccd7891f-abf2-4840-bcfd-f7d46dfca276@group-F7932203CDFA:LeaderElection7] INFO  server.RaftServerConfigKeys (ConfUtils.java:logGet(43)) - raft.server.watch.timeout.denomination = 1s (default)
2019-09-19 12:00:56,211 [0eafe25b-eef3-4e6e-962a-cfdd69f48960@group-05CD69C2CA44:LeaderElection8] INFO  server.RaftServerConfigKeys (ConfUtils.java:logGet(43)) - raft.server.watch.timeout.denomination = 1s (default)
2019-09-19 12:00:56,211 [ccd7891f-abf2-4840-bcfd-f7d46dfca276@group-F7932203CDFA:LeaderElection7] INFO  server.RaftServerConfigKeys (ConfUtils.java:logGet(43)) - raft.server.watch.element-limit = 65536 (default)
2019-09-19 12:00:56,211 [0eafe25b-eef3-4e6e-962a-cfdd69f48960@group-05CD69C2CA44:LeaderElection8] INFO  server.RaftServerConfigKeys (ConfUtils.java:logGet(43)) - raft.server.watch.element-limit = 65536 (default)
2019-09-19 12:00:56,218 [Thread-320] INFO  impl.FollowerState (FollowerState.java:run(106)) - a729cdbd-f787-49c0-8e2c-44f1fb27cdba:group-A9823C1EF766 changes to CANDIDATE, lastRpcTime:1055, electionTimeout:1052ms
2019-09-19 12:00:56,246 [Thread-323] INFO  impl.FollowerState (FollowerState.java:run(106)) - ccaa8f46-a720-4c9d-b367-b8e62fb2ca31:group-A9823C1EF766 changes to CANDIDATE, lastRpcTime:1081, electionTimeout:1065ms
2019-09-19 12:00:56,248 [8f7c3f06-04e3-45b0-a756-eb146f11ca16@group-E981BB2162A8:LeaderElection9] INFO  impl.LeaderElection (LeaderElection.java:askForVotes(182)) - 8f7c3f06-04e3-45b0-a756-eb146f11ca16@group-E981BB2162A8:LeaderElection9: begin an election at term 1 for -1: [8f7c3f06-04e3-45b0-a756-eb146f11ca16:192.168.34.13:41016], old=null
2019-09-19 12:00:56,271 [Thread-323] INFO  impl.RoleInfo (RoleInfo.java:shutdownFollowerState(121)) - ccaa8f46-a720-4c9d-b367-b8e62fb2ca31: shutdown FollowerState
2019-09-19 12:00:56,253 [Thread-320] INFO  impl.RoleInfo (RoleInfo.java:shutdownFollowerState(121)) - a729cdbd-f787-49c0-8e2c-44f1fb27cdba: shutdown FollowerState
2019-09-19 12:00:56,274 [Thread-323] INFO  impl.RaftServerImpl (RaftServerImpl.java:setRole(174)) - ccaa8f46-a720-4c9d-b367-b8e62fb2ca31@group-A9823C1EF766: changes role from  FOLLOWER to CANDIDATE at term 0 for changeToCandidate
2019-09-19 12:00:56,271 [8f7c3f06-04e3-45b0-a756-eb146f11ca16@group-E981BB2162A8:LeaderElection9] INFO  impl.RoleInfo (RoleInfo.java:shutdownLeaderElection(134)) - 8f7c3f06-04e3-45b0-a756-eb146f11ca16: shutdown LeaderElection
2019-09-19 12:00:56,274 [Thread-323] INFO  impl.RoleInfo (RoleInfo.java:updateAndGet(143)) - ccaa8f46-a720-4c9d-b367-b8e62fb2ca31: start LeaderElection
2019-09-19 12:00:56,274 [Thread-320] INFO  impl.RaftServerImpl (RaftServerImpl.java:setRole(174)) - a729cdbd-f787-49c0-8e2c-44f1fb27cdba@group-A9823C1EF766: changes role from  FOLLOWER to CANDIDATE at term 0 for changeToCandidate
2019-09-19 12:00:56,274 [8f7c3f06-04e3-45b0-a756-eb146f11ca16@group-E981BB2162A8:LeaderElection9] INFO  impl.RaftServerImpl (RaftServerImpl.java:setRole(174)) - 8f7c3f06-04e3-45b0-a756-eb146f11ca16@group-E981BB2162A8: changes role from CANDIDATE to LEADER at term 1 for changeToLeader
2019-09-19 12:00:56,275 [8f7c3f06-04e3-45b0-a756-eb146f11ca16@group-E981BB2162A8:LeaderElection9] INFO  impl.RaftServerImpl (ServerState.java:setLeader(253)) - 8f7c3f06-04e3-45b0-a756-eb146f11ca16@group-E981BB2162A8: change Leader from null to 8f7c3f06-04e3-45b0-a756-eb146f11ca16 at term 1 for becomeLeader, leader elected after 1274ms
2019-09-19 12:00:56,275 [Thread-320] INFO  impl.RoleInfo (RoleInfo.java:updateAndGet(143)) - a729cdbd-f787-49c0-8e2c-44f1fb27cdba: start LeaderElection
2019-09-19 12:00:56,282 [8f7c3f06-04e3-45b0-a756-eb146f11ca16@group-E981BB2162A8:LeaderElection9] INFO  server.RaftServerConfigKeys (ConfUtils.java:logGet(43)) - raft.server.staging.catchup.gap = 1000 (default)
2019-09-19 12:00:56,288 [8f7c3f06-04e3-45b0-a756-eb146f11ca16@group-E981BB2162A8:LeaderElection9] INFO  server.RaftServerConfigKeys (ConfUtils.java:logGet(43)) - raft.server.rpc.sleep.time = 25ms (default)
2019-09-19 12:00:56,299 [8f7c3f06-04e3-45b0-a756-eb146f11ca16@group-E981BB2162A8:LeaderElection9] INFO  server.RaftServerConfigKeys (ConfUtils.java:logGet(43)) - raft.server.write.element-limit = 4096 (default)
2019-09-19 12:00:56,300 [8f7c3f06-04e3-45b0-a756-eb146f11ca16@group-E981BB2162A8:LeaderElection9] INFO  server.RaftServerConfigKeys (ConfUtils.java:logGet(43)) - raft.server.watch.timeout = 10s (default)
2019-09-19 12:00:56,300 [8f7c3f06-04e3-45b0-a756-eb146f11ca16@group-E981BB2162A8:LeaderElection9] INFO  server.RaftServerConfigKeys (ConfUtils.java:logGet(43)) - raft.server.watch.timeout.denomination = 1s (default)
2019-09-19 12:00:56,300 [8f7c3f06-04e3-45b0-a756-eb146f11ca16@group-E981BB2162A8:LeaderElection9] INFO  server.RaftServerConfigKeys (ConfUtils.java:logGet(43)) - raft.server.watch.element-limit = 65536 (default)
2019-09-19 12:00:56,312 [Thread-322] INFO  impl.FollowerState (FollowerState.java:run(106)) - 7d946ca7-a873-4723-b723-9ddee89d0bc7:group-A9823C1EF766 changes to CANDIDATE, lastRpcTime:1147, electionTimeout:1147ms
2019-09-19 12:00:56,312 [Thread-322] INFO  impl.RoleInfo (RoleInfo.java:shutdownFollowerState(121)) - 7d946ca7-a873-4723-b723-9ddee89d0bc7: shutdown FollowerState
2019-09-19 12:00:56,312 [Thread-322] INFO  impl.RaftServerImpl (RaftServerImpl.java:setRole(174)) - 7d946ca7-a873-4723-b723-9ddee89d0bc7@group-A9823C1EF766: changes role from  FOLLOWER to CANDIDATE at term 0 for changeToCandidate
2019-09-19 12:00:56,313 [ccaa8f46-a720-4c9d-b367-b8e62fb2ca31@group-A9823C1EF766:LeaderElection10] INFO  impl.LeaderElection (LeaderElection.java:askForVotes(182)) - ccaa8f46-a720-4c9d-b367-b8e62fb2ca31@group-A9823C1EF766:LeaderElection10: begin an election at term 1 for -1: [ccaa8f46-a720-4c9d-b367-b8e62fb2ca31:192.168.34.13:37847, 7d946ca7-a873-4723-b723-9ddee89d0bc7:192.168.34.13:44439, a729cdbd-f787-49c0-8e2c-44f1fb27cdba:192.168.34.13:46503], old=null
2019-09-19 12:00:56,313 [a729cdbd-f787-49c0-8e2c-44f1fb27cdba@group-A9823C1EF766:LeaderElection11] INFO  impl.LeaderElection (LeaderElection.java:askForVotes(182)) - a729cdbd-f787-49c0-8e2c-44f1fb27cdba@group-A9823C1EF766:LeaderElection11: begin an election at term 1 for -1: [ccaa8f46-a720-4c9d-b367-b8e62fb2ca31:192.168.34.13:37847, 7d946ca7-a873-4723-b723-9ddee89d0bc7:192.168.34.13:44439, a729cdbd-f787-49c0-8e2c-44f1fb27cdba:192.168.34.13:46503], old=null
2019-09-19 12:00:56,337 [Thread-322] INFO  impl.RoleInfo (RoleInfo.java:updateAndGet(143)) - 7d946ca7-a873-4723-b723-9ddee89d0bc7: start LeaderElection
2019-09-19 12:00:56,347 [Thread-335] INFO  impl.FollowerState (FollowerState.java:run(106)) - b61b9bc0-c8d8-4ce8-a569-0c84e6e62f96:group-F197496E7779 changes to CANDIDATE, lastRpcTime:1020, electionTimeout:1020ms
2019-09-19 12:00:56,348 [Thread-335] INFO  impl.RoleInfo (RoleInfo.java:shutdownFollowerState(121)) - b61b9bc0-c8d8-4ce8-a569-0c84e6e62f96: shutdown FollowerState
2019-09-19 12:00:56,348 [Thread-335] INFO  impl.RaftServerImpl (RaftServerImpl.java:setRole(174)) - b61b9bc0-c8d8-4ce8-a569-0c84e6e62f96@group-F197496E7779: changes role from  FOLLOWER to CANDIDATE at term 0 for changeToCandidate
2019-09-19 12:00:56,348 [Thread-335] INFO  impl.RoleInfo (RoleInfo.java:updateAndGet(143)) - b61b9bc0-c8d8-4ce8-a569-0c84e6e62f96: start LeaderElection
2019-09-19 12:00:56,354 [IPC Server handler 3 on 37481] INFO  volume.OMVolumeCreateRequest (OMVolumeCreateRequest.java:validateAndUpdateCache(189)) - created volume:datanodefailurehandlingtest for user:jenkins1000
2019-09-19 12:00:56,367 [7d946ca7-a873-4723-b723-9ddee89d0bc7@group-A9823C1EF766:LeaderElection12] INFO  impl.LeaderElection (LeaderElection.java:askForVotes(182)) - 7d946ca7-a873-4723-b723-9ddee89d0bc7@group-A9823C1EF766:LeaderElection12: begin an election at term 1 for -1: [ccaa8f46-a720-4c9d-b367-b8e62fb2ca31:192.168.34.13:37847, 7d946ca7-a873-4723-b723-9ddee89d0bc7:192.168.34.13:44439, a729cdbd-f787-49c0-8e2c-44f1fb27cdba:192.168.34.13:46503], old=null
2019-09-19 12:00:56,367 [b61b9bc0-c8d8-4ce8-a569-0c84e6e62f96@group-F197496E7779:LeaderElection13] INFO  impl.LeaderElection (LeaderElection.java:askForVotes(182)) - b61b9bc0-c8d8-4ce8-a569-0c84e6e62f96@group-F197496E7779:LeaderElection13: begin an election at term 1 for -1: [14eab2a7-31b9-4bf4-80ab-c0ebf925c262:192.168.34.13:37038, 2fa9f0f6-b6af-48ee-80c5-dd8119aa09d6:192.168.34.13:39061, b61b9bc0-c8d8-4ce8-a569-0c84e6e62f96:192.168.34.13:36095], old=null
2019-09-19 12:00:56,399 [Thread-333] INFO  impl.FollowerState (FollowerState.java:run(106)) - 14eab2a7-31b9-4bf4-80ab-c0ebf925c262:group-F197496E7779 changes to CANDIDATE, lastRpcTime:1073, electionTimeout:1073ms
2019-09-19 12:00:56,399 [Thread-333] INFO  impl.RoleInfo (RoleInfo.java:shutdownFollowerState(121)) - 14eab2a7-31b9-4bf4-80ab-c0ebf925c262: shutdown FollowerState
2019-09-19 12:00:56,399 [Thread-333] INFO  impl.RaftServerImpl (RaftServerImpl.java:setRole(174)) - 14eab2a7-31b9-4bf4-80ab-c0ebf925c262@group-F197496E7779: changes role from  FOLLOWER to CANDIDATE at term 0 for changeToCandidate
2019-09-19 12:00:56,414 [Thread-337] INFO  impl.FollowerState (FollowerState.java:run(106)) - 2fa9f0f6-b6af-48ee-80c5-dd8119aa09d6:group-F197496E7779 changes to CANDIDATE, lastRpcTime:1086, electionTimeout:1068ms
2019-09-19 12:00:56,414 [Thread-337] INFO  impl.RoleInfo (RoleInfo.java:shutdownFollowerState(121)) - 2fa9f0f6-b6af-48ee-80c5-dd8119aa09d6: shutdown FollowerState
2019-09-19 12:00:56,415 [Thread-337] INFO  impl.RaftServerImpl (RaftServerImpl.java:setRole(174)) - 2fa9f0f6-b6af-48ee-80c5-dd8119aa09d6@group-F197496E7779: changes role from  FOLLOWER to CANDIDATE at term 0 for changeToCandidate
2019-09-19 12:00:56,426 [Thread-337] INFO  impl.RoleInfo (RoleInfo.java:updateAndGet(143)) - 2fa9f0f6-b6af-48ee-80c5-dd8119aa09d6: start LeaderElection
2019-09-19 12:00:56,429 [Thread-333] INFO  impl.RoleInfo (RoleInfo.java:updateAndGet(143)) - 14eab2a7-31b9-4bf4-80ab-c0ebf925c262: start LeaderElection
2019-09-19 12:00:56,469 [2fa9f0f6-b6af-48ee-80c5-dd8119aa09d6@group-F197496E7779:LeaderElection15] INFO  impl.LeaderElection (LeaderElection.java:askForVotes(182)) - 2fa9f0f6-b6af-48ee-80c5-dd8119aa09d6@group-F197496E7779:LeaderElection15: begin an election at term 1 for -1: [14eab2a7-31b9-4bf4-80ab-c0ebf925c262:192.168.34.13:37038, 2fa9f0f6-b6af-48ee-80c5-dd8119aa09d6:192.168.34.13:39061, b61b9bc0-c8d8-4ce8-a569-0c84e6e62f96:192.168.34.13:36095], old=null
2019-09-19 12:00:56,515 [14eab2a7-31b9-4bf4-80ab-c0ebf925c262@group-F197496E7779:LeaderElection14] INFO  impl.LeaderElection (LeaderElection.java:askForVotes(182)) - 14eab2a7-31b9-4bf4-80ab-c0ebf925c262@group-F197496E7779:LeaderElection14: begin an election at term 1 for -1: [14eab2a7-31b9-4bf4-80ab-c0ebf925c262:192.168.34.13:37038, 2fa9f0f6-b6af-48ee-80c5-dd8119aa09d6:192.168.34.13:39061, b61b9bc0-c8d8-4ce8-a569-0c84e6e62f96:192.168.34.13:36095], old=null
2019-09-19 12:00:56,543 [Thread-343] INFO  impl.FollowerState (FollowerState.java:run(106)) - 0f3ef5c5-216f-4603-9049-7f6477ca6f67:group-E57B62D150CC changes to CANDIDATE, lastRpcTime:1096, electionTimeout:1043ms
2019-09-19 12:00:56,547 [Thread-343] INFO  impl.RoleInfo (RoleInfo.java:shutdownFollowerState(121)) - 0f3ef5c5-216f-4603-9049-7f6477ca6f67: shutdown FollowerState
2019-09-19 12:00:56,548 [Thread-343] INFO  impl.RaftServerImpl (RaftServerImpl.java:setRole(174)) - 0f3ef5c5-216f-4603-9049-7f6477ca6f67@group-E57B62D150CC: changes role from  FOLLOWER to CANDIDATE at term 0 for changeToCandidate
2019-09-19 12:00:56,548 [Thread-343] INFO  impl.RoleInfo (RoleInfo.java:updateAndGet(143)) - 0f3ef5c5-216f-4603-9049-7f6477ca6f67: start LeaderElection
2019-09-19 12:00:56,575 [0f3ef5c5-216f-4603-9049-7f6477ca6f67@group-E57B62D150CC:LeaderElection16] INFO  impl.LeaderElection (LeaderElection.java:askForVotes(182)) - 0f3ef5c5-216f-4603-9049-7f6477ca6f67@group-E57B62D150CC:LeaderElection16: begin an election at term 1 for -1: [0eafe25b-eef3-4e6e-962a-cfdd69f48960:192.168.34.13:38223, ccd7891f-abf2-4840-bcfd-f7d46dfca276:192.168.34.13:41947, 0f3ef5c5-216f-4603-9049-7f6477ca6f67:192.168.34.13:38664], old=null
2019-09-19 12:00:56,631 [Thread-346] INFO  impl.FollowerState (FollowerState.java:run(106)) - ccd7891f-abf2-4840-bcfd-f7d46dfca276:group-E57B62D150CC changes to CANDIDATE, lastRpcTime:1137, electionTimeout:1137ms
2019-09-19 12:00:56,631 [Thread-346] INFO  impl.RoleInfo (RoleInfo.java:shutdownFollowerState(121)) - ccd7891f-abf2-4840-bcfd-f7d46dfca276: shutdown FollowerState
2019-09-19 12:00:56,631 [Thread-346] INFO  impl.RaftServerImpl (RaftServerImpl.java:setRole(174)) - ccd7891f-abf2-4840-bcfd-f7d46dfca276@group-E57B62D150CC: changes role from  FOLLOWER to CANDIDATE at term 0 for changeToCandidate
2019-09-19 12:00:56,641 [Thread-346] INFO  impl.RoleInfo (RoleInfo.java:updateAndGet(143)) - ccd7891f-abf2-4840-bcfd-f7d46dfca276: start LeaderElection
2019-09-19 12:00:56,668 [main] INFO  rpc.RpcClient (RpcClient.java:createBucket(440)) - Creating Bucket: datanodefailurehandlingtest/datanodefailurehandlingtest, with Versioning false and Storage Type set to DISK and Encryption set to false 
2019-09-19 12:00:56,671 [ccd7891f-abf2-4840-bcfd-f7d46dfca276@group-E57B62D150CC:LeaderElection17] INFO  impl.LeaderElection (LeaderElection.java:askForVotes(182)) - ccd7891f-abf2-4840-bcfd-f7d46dfca276@group-E57B62D150CC:LeaderElection17: begin an election at term 1 for -1: [0eafe25b-eef3-4e6e-962a-cfdd69f48960:192.168.34.13:38223, ccd7891f-abf2-4840-bcfd-f7d46dfca276:192.168.34.13:41947, 0f3ef5c5-216f-4603-9049-7f6477ca6f67:192.168.34.13:38664], old=null
2019-09-19 12:00:56,683 [Thread-345] INFO  impl.FollowerState (FollowerState.java:run(106)) - 0eafe25b-eef3-4e6e-962a-cfdd69f48960:group-E57B62D150CC changes to CANDIDATE, lastRpcTime:1190, electionTimeout:1190ms
2019-09-19 12:00:56,684 [Thread-345] INFO  impl.RoleInfo (RoleInfo.java:shutdownFollowerState(121)) - 0eafe25b-eef3-4e6e-962a-cfdd69f48960: shutdown FollowerState
2019-09-19 12:00:56,684 [Thread-345] INFO  impl.RaftServerImpl (RaftServerImpl.java:setRole(174)) - 0eafe25b-eef3-4e6e-962a-cfdd69f48960@group-E57B62D150CC: changes role from  FOLLOWER to CANDIDATE at term 0 for changeToCandidate
2019-09-19 12:00:56,692 [Thread-345] INFO  impl.RoleInfo (RoleInfo.java:updateAndGet(143)) - 0eafe25b-eef3-4e6e-962a-cfdd69f48960: start LeaderElection
2019-09-19 12:00:56,726 [0eafe25b-eef3-4e6e-962a-cfdd69f48960@group-E57B62D150CC:LeaderElection18] INFO  impl.LeaderElection (LeaderElection.java:askForVotes(182)) - 0eafe25b-eef3-4e6e-962a-cfdd69f48960@group-E57B62D150CC:LeaderElection18: begin an election at term 1 for -1: [0eafe25b-eef3-4e6e-962a-cfdd69f48960:192.168.34.13:38223, ccd7891f-abf2-4840-bcfd-f7d46dfca276:192.168.34.13:41947, 0f3ef5c5-216f-4603-9049-7f6477ca6f67:192.168.34.13:38664], old=null
2019-09-19 12:00:56,731 [b61b9bc0-c8d8-4ce8-a569-0c84e6e62f96@group-F197496E7779:LeaderElection13] INFO  impl.LeaderElection (LeaderElection.java:logAndReturn(56)) - b61b9bc0-c8d8-4ce8-a569-0c84e6e62f96@group-F197496E7779:LeaderElection13: Election REJECTED; received 2 response(s) [b61b9bc0-c8d8-4ce8-a569-0c84e6e62f96<-14eab2a7-31b9-4bf4-80ab-c0ebf925c262#0:FAIL-t1, b61b9bc0-c8d8-4ce8-a569-0c84e6e62f96<-2fa9f0f6-b6af-48ee-80c5-dd8119aa09d6#0:FAIL-t1] and 0 exception(s); b61b9bc0-c8d8-4ce8-a569-0c84e6e62f96@group-F197496E7779:t1, leader=null, voted=b61b9bc0-c8d8-4ce8-a569-0c84e6e62f96, raftlog=b61b9bc0-c8d8-4ce8-a569-0c84e6e62f96@group-F197496E7779-SegmentedRaftLog:OPENED:c-1,f-1,i0, conf=-1: [14eab2a7-31b9-4bf4-80ab-c0ebf925c262:192.168.34.13:37038, 2fa9f0f6-b6af-48ee-80c5-dd8119aa09d6:192.168.34.13:39061, b61b9bc0-c8d8-4ce8-a569-0c84e6e62f96:192.168.34.13:36095], old=null
2019-09-19 12:00:56,731 [a729cdbd-f787-49c0-8e2c-44f1fb27cdba@group-A9823C1EF766:LeaderElection11] INFO  impl.LeaderElection (LeaderElection.java:logAndReturn(56)) - a729cdbd-f787-49c0-8e2c-44f1fb27cdba@group-A9823C1EF766:LeaderElection11: Election REJECTED; received 2 response(s) [a729cdbd-f787-49c0-8e2c-44f1fb27cdba<-ccaa8f46-a720-4c9d-b367-b8e62fb2ca31#0:FAIL-t1, a729cdbd-f787-49c0-8e2c-44f1fb27cdba<-7d946ca7-a873-4723-b723-9ddee89d0bc7#0:FAIL-t1] and 0 exception(s); a729cdbd-f787-49c0-8e2c-44f1fb27cdba@group-A9823C1EF766:t1, leader=null, voted=a729cdbd-f787-49c0-8e2c-44f1fb27cdba, raftlog=a729cdbd-f787-49c0-8e2c-44f1fb27cdba@group-A9823C1EF766-SegmentedRaftLog:OPENED:c-1,f-1,i0, conf=-1: [ccaa8f46-a720-4c9d-b367-b8e62fb2ca31:192.168.34.13:37847, 7d946ca7-a873-4723-b723-9ddee89d0bc7:192.168.34.13:44439, a729cdbd-f787-49c0-8e2c-44f1fb27cdba:192.168.34.13:46503], old=null
2019-09-19 12:00:56,731 [ccaa8f46-a720-4c9d-b367-b8e62fb2ca31@group-A9823C1EF766:LeaderElection10] INFO  impl.LeaderElection (LeaderElection.java:logAndReturn(56)) - ccaa8f46-a720-4c9d-b367-b8e62fb2ca31@group-A9823C1EF766:LeaderElection10: Election REJECTED; received 2 response(s) [ccaa8f46-a720-4c9d-b367-b8e62fb2ca31<-7d946ca7-a873-4723-b723-9ddee89d0bc7#0:FAIL-t1, ccaa8f46-a720-4c9d-b367-b8e62fb2ca31<-a729cdbd-f787-49c0-8e2c-44f1fb27cdba#0:FAIL-t1] and 0 exception(s); ccaa8f46-a720-4c9d-b367-b8e62fb2ca31@group-A9823C1EF766:t1, leader=null, voted=ccaa8f46-a720-4c9d-b367-b8e62fb2ca31, raftlog=ccaa8f46-a720-4c9d-b367-b8e62fb2ca31@group-A9823C1EF766-SegmentedRaftLog:OPENED:c-1,f-1,i0, conf=-1: [ccaa8f46-a720-4c9d-b367-b8e62fb2ca31:192.168.34.13:37847, 7d946ca7-a873-4723-b723-9ddee89d0bc7:192.168.34.13:44439, a729cdbd-f787-49c0-8e2c-44f1fb27cdba:192.168.34.13:46503], old=null
2019-09-19 12:00:56,766 [ccaa8f46-a720-4c9d-b367-b8e62fb2ca31@group-A9823C1EF766:LeaderElection10] INFO  impl.RaftServerImpl (RaftServerImpl.java:setRole(174)) - ccaa8f46-a720-4c9d-b367-b8e62fb2ca31@group-A9823C1EF766: changes role from CANDIDATE to FOLLOWER at term 1 for DISCOVERED_A_NEW_TERM
2019-09-19 12:00:56,766 [b61b9bc0-c8d8-4ce8-a569-0c84e6e62f96@group-F197496E7779:LeaderElection13] INFO  impl.RaftServerImpl (RaftServerImpl.java:setRole(174)) - b61b9bc0-c8d8-4ce8-a569-0c84e6e62f96@group-F197496E7779: changes role from CANDIDATE to FOLLOWER at term 1 for DISCOVERED_A_NEW_TERM
2019-09-19 12:00:56,775 [a729cdbd-f787-49c0-8e2c-44f1fb27cdba@group-A9823C1EF766:LeaderElection11] INFO  impl.RaftServerImpl (RaftServerImpl.java:setRole(174)) - a729cdbd-f787-49c0-8e2c-44f1fb27cdba@group-A9823C1EF766: changes role from CANDIDATE to FOLLOWER at term 1 for DISCOVERED_A_NEW_TERM
2019-09-19 12:00:56,786 [a729cdbd-f787-49c0-8e2c-44f1fb27cdba@group-A9823C1EF766:LeaderElection11] INFO  impl.RoleInfo (RoleInfo.java:shutdownLeaderElection(134)) - a729cdbd-f787-49c0-8e2c-44f1fb27cdba: shutdown LeaderElection
2019-09-19 12:00:56,769 [ccaa8f46-a720-4c9d-b367-b8e62fb2ca31@group-A9823C1EF766:LeaderElection10] INFO  impl.RoleInfo (RoleInfo.java:shutdownLeaderElection(134)) - ccaa8f46-a720-4c9d-b367-b8e62fb2ca31: shutdown LeaderElection
2019-09-19 12:00:56,783 [b61b9bc0-c8d8-4ce8-a569-0c84e6e62f96@group-F197496E7779:LeaderElection13] INFO  impl.RoleInfo (RoleInfo.java:shutdownLeaderElection(134)) - b61b9bc0-c8d8-4ce8-a569-0c84e6e62f96: shutdown LeaderElection
2019-09-19 12:00:56,813 [b61b9bc0-c8d8-4ce8-a569-0c84e6e62f96@group-F197496E7779:LeaderElection13] INFO  impl.RoleInfo (RoleInfo.java:updateAndGet(143)) - b61b9bc0-c8d8-4ce8-a569-0c84e6e62f96: start FollowerState
2019-09-19 12:00:56,814 [a729cdbd-f787-49c0-8e2c-44f1fb27cdba@group-A9823C1EF766:LeaderElection11] INFO  impl.RoleInfo (RoleInfo.java:updateAndGet(143)) - a729cdbd-f787-49c0-8e2c-44f1fb27cdba: start FollowerState
2019-09-19 12:00:56,814 [7d946ca7-a873-4723-b723-9ddee89d0bc7@group-A9823C1EF766:LeaderElection12] INFO  impl.LeaderElection (LeaderElection.java:logAndReturn(56)) - 7d946ca7-a873-4723-b723-9ddee89d0bc7@group-A9823C1EF766:LeaderElection12: Election REJECTED; received 2 response(s) [7d946ca7-a873-4723-b723-9ddee89d0bc7<-ccaa8f46-a720-4c9d-b367-b8e62fb2ca31#0:FAIL-t1, 7d946ca7-a873-4723-b723-9ddee89d0bc7<-a729cdbd-f787-49c0-8e2c-44f1fb27cdba#0:FAIL-t1] and 0 exception(s); 7d946ca7-a873-4723-b723-9ddee89d0bc7@group-A9823C1EF766:t1, leader=null, voted=7d946ca7-a873-4723-b723-9ddee89d0bc7, raftlog=7d946ca7-a873-4723-b723-9ddee89d0bc7@group-A9823C1EF766-SegmentedRaftLog:OPENED:c-1,f-1,i0, conf=-1: [ccaa8f46-a720-4c9d-b367-b8e62fb2ca31:192.168.34.13:37847, 7d946ca7-a873-4723-b723-9ddee89d0bc7:192.168.34.13:44439, a729cdbd-f787-49c0-8e2c-44f1fb27cdba:192.168.34.13:46503], old=null
2019-09-19 12:00:56,814 [ccaa8f46-a720-4c9d-b367-b8e62fb2ca31@group-A9823C1EF766:LeaderElection10] INFO  impl.RoleInfo (RoleInfo.java:updateAndGet(143)) - ccaa8f46-a720-4c9d-b367-b8e62fb2ca31: start FollowerState
2019-09-19 12:00:56,822 [7d946ca7-a873-4723-b723-9ddee89d0bc7@group-A9823C1EF766:LeaderElection12] INFO  impl.RaftServerImpl (RaftServerImpl.java:setRole(174)) - 7d946ca7-a873-4723-b723-9ddee89d0bc7@group-A9823C1EF766: changes role from CANDIDATE to FOLLOWER at term 1 for DISCOVERED_A_NEW_TERM
2019-09-19 12:00:56,827 [7d946ca7-a873-4723-b723-9ddee89d0bc7@group-A9823C1EF766:LeaderElection12] INFO  impl.RoleInfo (RoleInfo.java:shutdownLeaderElection(134)) - 7d946ca7-a873-4723-b723-9ddee89d0bc7: shutdown LeaderElection
2019-09-19 12:00:56,829 [2fa9f0f6-b6af-48ee-80c5-dd8119aa09d6@group-F197496E7779:LeaderElection15] INFO  impl.LeaderElection (LeaderElection.java:logAndReturn(56)) - 2fa9f0f6-b6af-48ee-80c5-dd8119aa09d6@group-F197496E7779:LeaderElection15: Election REJECTED; received 2 response(s) [2fa9f0f6-b6af-48ee-80c5-dd8119aa09d6<-14eab2a7-31b9-4bf4-80ab-c0ebf925c262#0:FAIL-t1, 2fa9f0f6-b6af-48ee-80c5-dd8119aa09d6<-b61b9bc0-c8d8-4ce8-a569-0c84e6e62f96#0:FAIL-t1] and 0 exception(s); 2fa9f0f6-b6af-48ee-80c5-dd8119aa09d6@group-F197496E7779:t1, leader=null, voted=2fa9f0f6-b6af-48ee-80c5-dd8119aa09d6, raftlog=2fa9f0f6-b6af-48ee-80c5-dd8119aa09d6@group-F197496E7779-SegmentedRaftLog:OPENED:c-1,f-1,i0, conf=-1: [14eab2a7-31b9-4bf4-80ab-c0ebf925c262:192.168.34.13:37038, 2fa9f0f6-b6af-48ee-80c5-dd8119aa09d6:192.168.34.13:39061, b61b9bc0-c8d8-4ce8-a569-0c84e6e62f96:192.168.34.13:36095], old=null
2019-09-19 12:00:56,831 [7d946ca7-a873-4723-b723-9ddee89d0bc7@group-A9823C1EF766:LeaderElection12] INFO  impl.RoleInfo (RoleInfo.java:updateAndGet(143)) - 7d946ca7-a873-4723-b723-9ddee89d0bc7: start FollowerState
2019-09-19 12:00:56,832 [2fa9f0f6-b6af-48ee-80c5-dd8119aa09d6@group-F197496E7779:LeaderElection15] INFO  impl.RaftServerImpl (RaftServerImpl.java:setRole(174)) - 2fa9f0f6-b6af-48ee-80c5-dd8119aa09d6@group-F197496E7779: changes role from CANDIDATE to FOLLOWER at term 1 for DISCOVERED_A_NEW_TERM
2019-09-19 12:00:56,835 [2fa9f0f6-b6af-48ee-80c5-dd8119aa09d6@group-F197496E7779:LeaderElection15] INFO  impl.RoleInfo (RoleInfo.java:shutdownLeaderElection(134)) - 2fa9f0f6-b6af-48ee-80c5-dd8119aa09d6: shutdown LeaderElection
2019-09-19 12:00:56,859 [2fa9f0f6-b6af-48ee-80c5-dd8119aa09d6@group-F197496E7779:LeaderElection15] INFO  impl.RoleInfo (RoleInfo.java:updateAndGet(143)) - 2fa9f0f6-b6af-48ee-80c5-dd8119aa09d6: start FollowerState
2019-09-19 12:00:56,874 [0f3ef5c5-216f-4603-9049-7f6477ca6f67@group-E57B62D150CC:LeaderElection16] INFO  impl.LeaderElection (LeaderElection.java:logAndReturn(56)) - 0f3ef5c5-216f-4603-9049-7f6477ca6f67@group-E57B62D150CC:LeaderElection16: Election REJECTED; received 2 response(s) [0f3ef5c5-216f-4603-9049-7f6477ca6f67<-0eafe25b-eef3-4e6e-962a-cfdd69f48960#0:FAIL-t1, 0f3ef5c5-216f-4603-9049-7f6477ca6f67<-ccd7891f-abf2-4840-bcfd-f7d46dfca276#0:FAIL-t1] and 0 exception(s); 0f3ef5c5-216f-4603-9049-7f6477ca6f67@group-E57B62D150CC:t1, leader=null, voted=0f3ef5c5-216f-4603-9049-7f6477ca6f67, raftlog=0f3ef5c5-216f-4603-9049-7f6477ca6f67@group-E57B62D150CC-SegmentedRaftLog:OPENED:c-1,f-1,i0, conf=-1: [0eafe25b-eef3-4e6e-962a-cfdd69f48960:192.168.34.13:38223, ccd7891f-abf2-4840-bcfd-f7d46dfca276:192.168.34.13:41947, 0f3ef5c5-216f-4603-9049-7f6477ca6f67:192.168.34.13:38664], old=null
2019-09-19 12:00:56,874 [14eab2a7-31b9-4bf4-80ab-c0ebf925c262@group-F197496E7779:LeaderElection14] INFO  impl.LeaderElection (LeaderElection.java:logAndReturn(56)) - 14eab2a7-31b9-4bf4-80ab-c0ebf925c262@group-F197496E7779:LeaderElection14: Election REJECTED; received 2 response(s) [14eab2a7-31b9-4bf4-80ab-c0ebf925c262<-2fa9f0f6-b6af-48ee-80c5-dd8119aa09d6#0:FAIL-t1, 14eab2a7-31b9-4bf4-80ab-c0ebf925c262<-b61b9bc0-c8d8-4ce8-a569-0c84e6e62f96#0:FAIL-t1] and 0 exception(s); 14eab2a7-31b9-4bf4-80ab-c0ebf925c262@group-F197496E7779:t1, leader=null, voted=14eab2a7-31b9-4bf4-80ab-c0ebf925c262, raftlog=14eab2a7-31b9-4bf4-80ab-c0ebf925c262@group-F197496E7779-SegmentedRaftLog:OPENED:c-1,f-1,i0, conf=-1: [14eab2a7-31b9-4bf4-80ab-c0ebf925c262:192.168.34.13:37038, 2fa9f0f6-b6af-48ee-80c5-dd8119aa09d6:192.168.34.13:39061, b61b9bc0-c8d8-4ce8-a569-0c84e6e62f96:192.168.34.13:36095], old=null
2019-09-19 12:00:56,874 [0f3ef5c5-216f-4603-9049-7f6477ca6f67@group-E57B62D150CC:LeaderElection16] INFO  impl.RaftServerImpl (RaftServerImpl.java:setRole(174)) - 0f3ef5c5-216f-4603-9049-7f6477ca6f67@group-E57B62D150CC: changes role from CANDIDATE to FOLLOWER at term 1 for DISCOVERED_A_NEW_TERM
2019-09-19 12:00:56,902 [14eab2a7-31b9-4bf4-80ab-c0ebf925c262@group-F197496E7779:LeaderElection14] INFO  impl.RaftServerImpl (RaftServerImpl.java:setRole(174)) - 14eab2a7-31b9-4bf4-80ab-c0ebf925c262@group-F197496E7779: changes role from CANDIDATE to FOLLOWER at term 1 for DISCOVERED_A_NEW_TERM
2019-09-19 12:00:56,904 [0f3ef5c5-216f-4603-9049-7f6477ca6f67@group-E57B62D150CC:LeaderElection16] INFO  impl.RoleInfo (RoleInfo.java:shutdownLeaderElection(134)) - 0f3ef5c5-216f-4603-9049-7f6477ca6f67: shutdown LeaderElection
2019-09-19 12:00:56,904 [14eab2a7-31b9-4bf4-80ab-c0ebf925c262@group-F197496E7779:LeaderElection14] INFO  impl.RoleInfo (RoleInfo.java:shutdownLeaderElection(134)) - 14eab2a7-31b9-4bf4-80ab-c0ebf925c262: shutdown LeaderElection
2019-09-19 12:00:56,904 [0f3ef5c5-216f-4603-9049-7f6477ca6f67@group-E57B62D150CC:LeaderElection16] INFO  impl.RoleInfo (RoleInfo.java:updateAndGet(143)) - 0f3ef5c5-216f-4603-9049-7f6477ca6f67: start FollowerState
2019-09-19 12:00:56,905 [14eab2a7-31b9-4bf4-80ab-c0ebf925c262@group-F197496E7779:LeaderElection14] INFO  impl.RoleInfo (RoleInfo.java:updateAndGet(143)) - 14eab2a7-31b9-4bf4-80ab-c0ebf925c262: start FollowerState
2019-09-19 12:00:56,951 [ccd7891f-abf2-4840-bcfd-f7d46dfca276@group-E57B62D150CC:LeaderElection17] INFO  impl.LeaderElection (LeaderElection.java:logAndReturn(56)) - ccd7891f-abf2-4840-bcfd-f7d46dfca276@group-E57B62D150CC:LeaderElection17: Election REJECTED; received 2 response(s) [ccd7891f-abf2-4840-bcfd-f7d46dfca276<-0eafe25b-eef3-4e6e-962a-cfdd69f48960#0:FAIL-t1, ccd7891f-abf2-4840-bcfd-f7d46dfca276<-0f3ef5c5-216f-4603-9049-7f6477ca6f67#0:FAIL-t1] and 0 exception(s); ccd7891f-abf2-4840-bcfd-f7d46dfca276@group-E57B62D150CC:t1, leader=null, voted=ccd7891f-abf2-4840-bcfd-f7d46dfca276, raftlog=ccd7891f-abf2-4840-bcfd-f7d46dfca276@group-E57B62D150CC-SegmentedRaftLog:OPENED:c-1,f-1,i0, conf=-1: [0eafe25b-eef3-4e6e-962a-cfdd69f48960:192.168.34.13:38223, ccd7891f-abf2-4840-bcfd-f7d46dfca276:192.168.34.13:41947, 0f3ef5c5-216f-4603-9049-7f6477ca6f67:192.168.34.13:38664], old=null
2019-09-19 12:00:56,962 [ccd7891f-abf2-4840-bcfd-f7d46dfca276@group-E57B62D150CC:LeaderElection17] INFO  impl.RaftServerImpl (RaftServerImpl.java:setRole(174)) - ccd7891f-abf2-4840-bcfd-f7d46dfca276@group-E57B62D150CC: changes role from CANDIDATE to FOLLOWER at term 1 for DISCOVERED_A_NEW_TERM
2019-09-19 12:00:56,962 [ccd7891f-abf2-4840-bcfd-f7d46dfca276@group-E57B62D150CC:LeaderElection17] INFO  impl.RoleInfo (RoleInfo.java:shutdownLeaderElection(134)) - ccd7891f-abf2-4840-bcfd-f7d46dfca276: shutdown LeaderElection
2019-09-19 12:00:56,962 [0eafe25b-eef3-4e6e-962a-cfdd69f48960@group-E57B62D150CC:LeaderElection18] INFO  impl.LeaderElection (LeaderElection.java:logAndReturn(56)) - 0eafe25b-eef3-4e6e-962a-cfdd69f48960@group-E57B62D150CC:LeaderElection18: Election REJECTED; received 2 response(s) [0eafe25b-eef3-4e6e-962a-cfdd69f48960<-ccd7891f-abf2-4840-bcfd-f7d46dfca276#0:FAIL-t1, 0eafe25b-eef3-4e6e-962a-cfdd69f48960<-0f3ef5c5-216f-4603-9049-7f6477ca6f67#0:FAIL-t1] and 0 exception(s); 0eafe25b-eef3-4e6e-962a-cfdd69f48960@group-E57B62D150CC:t1, leader=null, voted=0eafe25b-eef3-4e6e-962a-cfdd69f48960, raftlog=0eafe25b-eef3-4e6e-962a-cfdd69f48960@group-E57B62D150CC-SegmentedRaftLog:OPENED:c-1,f-1,i0, conf=-1: [0eafe25b-eef3-4e6e-962a-cfdd69f48960:192.168.34.13:38223, ccd7891f-abf2-4840-bcfd-f7d46dfca276:192.168.34.13:41947, 0f3ef5c5-216f-4603-9049-7f6477ca6f67:192.168.34.13:38664], old=null
2019-09-19 12:00:56,964 [ccd7891f-abf2-4840-bcfd-f7d46dfca276@group-E57B62D150CC:LeaderElection17] INFO  impl.RoleInfo (RoleInfo.java:updateAndGet(143)) - ccd7891f-abf2-4840-bcfd-f7d46dfca276: start FollowerState
2019-09-19 12:00:56,964 [0eafe25b-eef3-4e6e-962a-cfdd69f48960@group-E57B62D150CC:LeaderElection18] INFO  impl.RaftServerImpl (RaftServerImpl.java:setRole(174)) - 0eafe25b-eef3-4e6e-962a-cfdd69f48960@group-E57B62D150CC: changes role from CANDIDATE to FOLLOWER at term 1 for DISCOVERED_A_NEW_TERM
2019-09-19 12:00:56,994 [0eafe25b-eef3-4e6e-962a-cfdd69f48960@group-E57B62D150CC:LeaderElection18] INFO  impl.RoleInfo (RoleInfo.java:shutdownLeaderElection(134)) - 0eafe25b-eef3-4e6e-962a-cfdd69f48960: shutdown LeaderElection
2019-09-19 12:00:57,002 [0eafe25b-eef3-4e6e-962a-cfdd69f48960@group-E57B62D150CC:LeaderElection18] INFO  impl.RoleInfo (RoleInfo.java:updateAndGet(143)) - 0eafe25b-eef3-4e6e-962a-cfdd69f48960: start FollowerState
2019-09-19 12:00:57,007 [8f7c3f06-04e3-45b0-a756-eb146f11ca16@group-E981BB2162A8:LeaderElection9] INFO  impl.RoleInfo (RoleInfo.java:updateAndGet(143)) - 8f7c3f06-04e3-45b0-a756-eb146f11ca16: start LeaderState
2019-09-19 12:00:57,008 [8f7c3f06-04e3-45b0-a756-eb146f11ca16@group-E981BB2162A8:LeaderElection9] INFO  segmented.SegmentedRaftLogWorker (SegmentedRaftLogWorker.java:startLogSegment(380)) - 8f7c3f06-04e3-45b0-a756-eb146f11ca16@group-E981BB2162A8-SegmentedRaftLogWorker: Starting segment from index:0
2019-09-19 12:00:57,008 [0eafe25b-eef3-4e6e-962a-cfdd69f48960@group-05CD69C2CA44:LeaderElection8] INFO  impl.RoleInfo (RoleInfo.java:updateAndGet(143)) - 0eafe25b-eef3-4e6e-962a-cfdd69f48960: start LeaderState
2019-09-19 12:00:57,008 [ccd7891f-abf2-4840-bcfd-f7d46dfca276@group-F7932203CDFA:LeaderElection7] INFO  impl.RoleInfo (RoleInfo.java:updateAndGet(143)) - ccd7891f-abf2-4840-bcfd-f7d46dfca276: start LeaderState
2019-09-19 12:00:57,008 [0eafe25b-eef3-4e6e-962a-cfdd69f48960@group-05CD69C2CA44:LeaderElection8] INFO  segmented.SegmentedRaftLogWorker (SegmentedRaftLogWorker.java:startLogSegment(380)) - 0eafe25b-eef3-4e6e-962a-cfdd69f48960@group-05CD69C2CA44-SegmentedRaftLogWorker: Starting segment from index:0
2019-09-19 12:00:57,008 [8f7c3f06-04e3-45b0-a756-eb146f11ca16@group-E981BB2162A8:LeaderElection9] INFO  impl.RaftServerImpl (ServerState.java:setRaftConf(354)) - 8f7c3f06-04e3-45b0-a756-eb146f11ca16@group-E981BB2162A8: set configuration 0: [8f7c3f06-04e3-45b0-a756-eb146f11ca16:192.168.34.13:41016], old=null at 0
2019-09-19 12:00:57,008 [ccd7891f-abf2-4840-bcfd-f7d46dfca276@group-F7932203CDFA:LeaderElection7] INFO  segmented.SegmentedRaftLogWorker (SegmentedRaftLogWorker.java:startLogSegment(380)) - ccd7891f-abf2-4840-bcfd-f7d46dfca276@group-F7932203CDFA-SegmentedRaftLogWorker: Starting segment from index:0
2019-09-19 12:00:57,009 [0eafe25b-eef3-4e6e-962a-cfdd69f48960@group-05CD69C2CA44:LeaderElection8] INFO  impl.RaftServerImpl (ServerState.java:setRaftConf(354)) - 0eafe25b-eef3-4e6e-962a-cfdd69f48960@group-05CD69C2CA44: set configuration 0: [0eafe25b-eef3-4e6e-962a-cfdd69f48960:192.168.34.13:38223], old=null at 0
2019-09-19 12:00:57,009 [ccd7891f-abf2-4840-bcfd-f7d46dfca276@group-F7932203CDFA:LeaderElection7] INFO  impl.RaftServerImpl (ServerState.java:setRaftConf(354)) - ccd7891f-abf2-4840-bcfd-f7d46dfca276@group-F7932203CDFA: set configuration 0: [ccd7891f-abf2-4840-bcfd-f7d46dfca276:192.168.34.13:41947], old=null at 0
2019-09-19 12:00:57,053 [ccd7891f-abf2-4840-bcfd-f7d46dfca276@group-F7932203CDFA-SegmentedRaftLogWorker] INFO  segmented.SegmentedRaftLogWorker (SegmentedRaftLogWorker.java:execute(569)) - ccd7891f-abf2-4840-bcfd-f7d46dfca276@group-F7932203CDFA-SegmentedRaftLogWorker: created new log segment /workdir/hadoop-ozone/integration-test/target/test-dir/MiniOzoneClusterImpl-d8add679-7105-42f6-bf2c-18911ac53160/datanode-6/data/ratis/b7129211-ce49-4c9c-8c35-f7932203cdfa/current/log_inprogress_0
2019-09-19 12:00:57,053 [0eafe25b-eef3-4e6e-962a-cfdd69f48960@group-05CD69C2CA44-SegmentedRaftLogWorker] INFO  segmented.SegmentedRaftLogWorker (SegmentedRaftLogWorker.java:execute(569)) - 0eafe25b-eef3-4e6e-962a-cfdd69f48960@group-05CD69C2CA44-SegmentedRaftLogWorker: created new log segment /workdir/hadoop-ozone/integration-test/target/test-dir/MiniOzoneClusterImpl-d8add679-7105-42f6-bf2c-18911ac53160/datanode-5/data/ratis/783e7073-c003-4a6c-8c54-05cd69c2ca44/current/log_inprogress_0
2019-09-19 12:00:57,053 [8f7c3f06-04e3-45b0-a756-eb146f11ca16@group-E981BB2162A8-SegmentedRaftLogWorker] INFO  segmented.SegmentedRaftLogWorker (SegmentedRaftLogWorker.java:execute(569)) - 8f7c3f06-04e3-45b0-a756-eb146f11ca16@group-E981BB2162A8-SegmentedRaftLogWorker: created new log segment /workdir/hadoop-ozone/integration-test/target/test-dir/MiniOzoneClusterImpl-d8add679-7105-42f6-bf2c-18911ac53160/datanode-1/data/ratis/cfd65423-eda6-4959-8e41-e981bb2162a8/current/log_inprogress_0
2019-09-19 12:00:57,228 [main] INFO  impl.MetricsSystemImpl (MetricsSystemImpl.java:init(158)) - XceiverClientMetrics metrics system started (again)
2019-09-19 12:00:57,283 [Thread-303] INFO  impl.FollowerState (FollowerState.java:run(106)) - 0f3ef5c5-216f-4603-9049-7f6477ca6f67:group-6E4021FC9D33 changes to CANDIDATE, lastRpcTime:2557, electionTimeout:1107ms
2019-09-19 12:00:57,283 [Thread-303] INFO  impl.RoleInfo (RoleInfo.java:shutdownFollowerState(121)) - 0f3ef5c5-216f-4603-9049-7f6477ca6f67: shutdown FollowerState
2019-09-19 12:00:57,284 [Thread-303] INFO  impl.RaftServerImpl (RaftServerImpl.java:setRole(174)) - 0f3ef5c5-216f-4603-9049-7f6477ca6f67@group-6E4021FC9D33: changes role from  FOLLOWER to CANDIDATE at term 0 for changeToCandidate
2019-09-19 12:00:57,284 [Thread-303] INFO  impl.RoleInfo (RoleInfo.java:updateAndGet(143)) - 0f3ef5c5-216f-4603-9049-7f6477ca6f67: start LeaderElection
2019-09-19 12:00:57,305 [0f3ef5c5-216f-4603-9049-7f6477ca6f67@group-6E4021FC9D33:LeaderElection19] INFO  impl.LeaderElection (LeaderElection.java:askForVotes(182)) - 0f3ef5c5-216f-4603-9049-7f6477ca6f67@group-6E4021FC9D33:LeaderElection19: begin an election at term 1 for -1: [0f3ef5c5-216f-4603-9049-7f6477ca6f67:192.168.34.13:38664], old=null
2019-09-19 12:00:57,305 [0f3ef5c5-216f-4603-9049-7f6477ca6f67@group-6E4021FC9D33:LeaderElection19] INFO  impl.RoleInfo (RoleInfo.java:shutdownLeaderElection(134)) - 0f3ef5c5-216f-4603-9049-7f6477ca6f67: shutdown LeaderElection
2019-09-19 12:00:57,305 [0f3ef5c5-216f-4603-9049-7f6477ca6f67@group-6E4021FC9D33:LeaderElection19] INFO  impl.RaftServerImpl (RaftServerImpl.java:setRole(174)) - 0f3ef5c5-216f-4603-9049-7f6477ca6f67@group-6E4021FC9D33: changes role from CANDIDATE to LEADER at term 1 for changeToLeader
2019-09-19 12:00:57,306 [0f3ef5c5-216f-4603-9049-7f6477ca6f67@group-6E4021FC9D33:LeaderElection19] INFO  impl.RaftServerImpl (ServerState.java:setLeader(253)) - 0f3ef5c5-216f-4603-9049-7f6477ca6f67@group-6E4021FC9D33: change Leader from null to 0f3ef5c5-216f-4603-9049-7f6477ca6f67 at term 1 for becomeLeader, leader elected after 2594ms
2019-09-19 12:00:57,306 [0f3ef5c5-216f-4603-9049-7f6477ca6f67@group-6E4021FC9D33:LeaderElection19] INFO  server.RaftServerConfigKeys (ConfUtils.java:logGet(43)) - raft.server.staging.catchup.gap = 1000 (default)
2019-09-19 12:00:57,306 [0f3ef5c5-216f-4603-9049-7f6477ca6f67@group-6E4021FC9D33:LeaderElection19] INFO  server.RaftServerConfigKeys (ConfUtils.java:logGet(43)) - raft.server.rpc.sleep.time = 25ms (default)
2019-09-19 12:00:57,306 [0f3ef5c5-216f-4603-9049-7f6477ca6f67@group-6E4021FC9D33:LeaderElection19] INFO  server.RaftServerConfigKeys (ConfUtils.java:logGet(43)) - raft.server.write.element-limit = 4096 (default)
2019-09-19 12:00:57,306 [0f3ef5c5-216f-4603-9049-7f6477ca6f67@group-6E4021FC9D33:LeaderElection19] INFO  server.RaftServerConfigKeys (ConfUtils.java:logGet(43)) - raft.server.watch.timeout = 10s (default)
2019-09-19 12:00:57,317 [0f3ef5c5-216f-4603-9049-7f6477ca6f67@group-6E4021FC9D33:LeaderElection19] INFO  server.RaftServerConfigKeys (ConfUtils.java:logGet(43)) - raft.server.watch.timeout.denomination = 1s (default)
2019-09-19 12:00:57,317 [0f3ef5c5-216f-4603-9049-7f6477ca6f67@group-6E4021FC9D33:LeaderElection19] INFO  server.RaftServerConfigKeys (ConfUtils.java:logGet(43)) - raft.server.watch.element-limit = 65536 (default)
2019-09-19 12:00:57,320 [0f3ef5c5-216f-4603-9049-7f6477ca6f67@group-6E4021FC9D33:LeaderElection19] INFO  impl.RoleInfo (RoleInfo.java:updateAndGet(143)) - 0f3ef5c5-216f-4603-9049-7f6477ca6f67: start LeaderState
2019-09-19 12:00:57,320 [0f3ef5c5-216f-4603-9049-7f6477ca6f67@group-6E4021FC9D33:LeaderElection19] INFO  segmented.SegmentedRaftLogWorker (SegmentedRaftLogWorker.java:startLogSegment(380)) - 0f3ef5c5-216f-4603-9049-7f6477ca6f67@group-6E4021FC9D33-SegmentedRaftLogWorker: Starting segment from index:0
2019-09-19 12:00:57,321 [0f3ef5c5-216f-4603-9049-7f6477ca6f67@group-6E4021FC9D33:LeaderElection19] INFO  impl.RaftServerImpl (ServerState.java:setRaftConf(354)) - 0f3ef5c5-216f-4603-9049-7f6477ca6f67@group-6E4021FC9D33: set configuration 0: [0f3ef5c5-216f-4603-9049-7f6477ca6f67:192.168.34.13:38664], old=null at 0
2019-09-19 12:00:57,364 [0f3ef5c5-216f-4603-9049-7f6477ca6f67@group-6E4021FC9D33-SegmentedRaftLogWorker] INFO  segmented.SegmentedRaftLogWorker (SegmentedRaftLogWorker.java:execute(569)) - 0f3ef5c5-216f-4603-9049-7f6477ca6f67@group-6E4021FC9D33-SegmentedRaftLogWorker: created new log segment /workdir/hadoop-ozone/integration-test/target/test-dir/MiniOzoneClusterImpl-d8add679-7105-42f6-bf2c-18911ac53160/datanode-9/data/ratis/38e78fc4-fbd8-4fde-bbe8-6e4021fc9d33/current/log_inprogress_0
2019-09-19 12:00:57,392 [grpc-default-executor-1] INFO  client.GrpcClientProtocolClient (GrpcClientProtocolClient.java:onNext(264)) - client-A01C9FFD10C9->b61b9bc0-c8d8-4ce8-a569-0c84e6e62f96: receive RaftClientReply:client-A01C9FFD10C9->b61b9bc0-c8d8-4ce8-a569-0c84e6e62f96@group-F197496E7779, cid=19, FAILED org.apache.ratis.protocol.NotLeaderException: Server b61b9bc0-c8d8-4ce8-a569-0c84e6e62f96@group-F197496E7779 is not the leader, logIndex=0, commits[b61b9bc0-c8d8-4ce8-a569-0c84e6e62f96:c-1]
2019-09-19 12:00:57,831 [Thread-390] INFO  impl.FollowerState (FollowerState.java:run(106)) - a729cdbd-f787-49c0-8e2c-44f1fb27cdba:group-A9823C1EF766 changes to CANDIDATE, lastRpcTime:1016, electionTimeout:1006ms
2019-09-19 12:00:57,831 [Thread-390] INFO  impl.RoleInfo (RoleInfo.java:shutdownFollowerState(121)) - a729cdbd-f787-49c0-8e2c-44f1fb27cdba: shutdown FollowerState
2019-09-19 12:00:57,831 [Thread-390] INFO  impl.RaftServerImpl (RaftServerImpl.java:setRole(174)) - a729cdbd-f787-49c0-8e2c-44f1fb27cdba@group-A9823C1EF766: changes role from  FOLLOWER to CANDIDATE at term 1 for changeToCandidate
2019-09-19 12:00:57,831 [Thread-390] INFO  impl.RoleInfo (RoleInfo.java:updateAndGet(143)) - a729cdbd-f787-49c0-8e2c-44f1fb27cdba: start LeaderElection
2019-09-19 12:00:57,841 [Thread-392] INFO  impl.FollowerState (FollowerState.java:run(106)) - b61b9bc0-c8d8-4ce8-a569-0c84e6e62f96:group-F197496E7779 changes to CANDIDATE, lastRpcTime:1027, electionTimeout:1018ms
2019-09-19 12:00:57,841 [Thread-392] INFO  impl.RoleInfo (RoleInfo.java:shutdownFollowerState(121)) - b61b9bc0-c8d8-4ce8-a569-0c84e6e62f96: shutdown FollowerState
2019-09-19 12:00:57,841 [Thread-392] INFO  impl.RaftServerImpl (RaftServerImpl.java:setRole(174)) - b61b9bc0-c8d8-4ce8-a569-0c84e6e62f96@group-F197496E7779: changes role from  FOLLOWER to CANDIDATE at term 1 for changeToCandidate
2019-09-19 12:00:57,842 [Thread-392] INFO  impl.RoleInfo (RoleInfo.java:updateAndGet(143)) - b61b9bc0-c8d8-4ce8-a569-0c84e6e62f96: start LeaderElection
2019-09-19 12:00:57,855 [a729cdbd-f787-49c0-8e2c-44f1fb27cdba@group-A9823C1EF766:LeaderElection20] INFO  impl.LeaderElection (LeaderElection.java:askForVotes(182)) - a729cdbd-f787-49c0-8e2c-44f1fb27cdba@group-A9823C1EF766:LeaderElection20: begin an election at term 2 for -1: [ccaa8f46-a720-4c9d-b367-b8e62fb2ca31:192.168.34.13:37847, 7d946ca7-a873-4723-b723-9ddee89d0bc7:192.168.34.13:44439, a729cdbd-f787-49c0-8e2c-44f1fb27cdba:192.168.34.13:46503], old=null
2019-09-19 12:00:57,855 [b61b9bc0-c8d8-4ce8-a569-0c84e6e62f96@group-F197496E7779:LeaderElection21] INFO  impl.LeaderElection (LeaderElection.java:askForVotes(182)) - b61b9bc0-c8d8-4ce8-a569-0c84e6e62f96@group-F197496E7779:LeaderElection21: begin an election at term 2 for -1: [14eab2a7-31b9-4bf4-80ab-c0ebf925c262:192.168.34.13:37038, 2fa9f0f6-b6af-48ee-80c5-dd8119aa09d6:192.168.34.13:39061, b61b9bc0-c8d8-4ce8-a569-0c84e6e62f96:192.168.34.13:36095], old=null
2019-09-19 12:00:57,869 [grpc-default-executor-5] INFO  impl.RaftServerImpl (RaftServerImpl.java:setRole(174)) - 14eab2a7-31b9-4bf4-80ab-c0ebf925c262@group-F197496E7779: changes role from  FOLLOWER to FOLLOWER at term 2 for recognizeCandidate:b61b9bc0-c8d8-4ce8-a569-0c84e6e62f96
2019-09-19 12:00:57,869 [grpc-default-executor-5] INFO  impl.RoleInfo (RoleInfo.java:shutdownFollowerState(121)) - 14eab2a7-31b9-4bf4-80ab-c0ebf925c262: shutdown FollowerState
2019-09-19 12:00:57,869 [grpc-default-executor-1] INFO  impl.RaftServerImpl (RaftServerImpl.java:setRole(174)) - ccaa8f46-a720-4c9d-b367-b8e62fb2ca31@group-A9823C1EF766: changes role from  FOLLOWER to FOLLOWER at term 2 for recognizeCandidate:a729cdbd-f787-49c0-8e2c-44f1fb27cdba
2019-09-19 12:00:57,870 [grpc-default-executor-5] INFO  impl.RoleInfo (RoleInfo.java:updateAndGet(143)) - 14eab2a7-31b9-4bf4-80ab-c0ebf925c262: start FollowerState
2019-09-19 12:00:57,869 [grpc-default-executor-4] INFO  impl.RaftServerImpl (RaftServerImpl.java:setRole(174)) - 7d946ca7-a873-4723-b723-9ddee89d0bc7@group-A9823C1EF766: changes role from  FOLLOWER to FOLLOWER at term 2 for recognizeCandidate:a729cdbd-f787-49c0-8e2c-44f1fb27cdba
2019-09-19 12:00:57,870 [Thread-396] INFO  impl.FollowerState (FollowerState.java:run(115)) - 14eab2a7-31b9-4bf4-80ab-c0ebf925c262: FollowerState was interrupted: java.lang.InterruptedException: sleep interrupted
2019-09-19 12:00:57,870 [grpc-default-executor-6] INFO  impl.RaftServerImpl (RaftServerImpl.java:setRole(174)) - 2fa9f0f6-b6af-48ee-80c5-dd8119aa09d6@group-F197496E7779: changes role from  FOLLOWER to FOLLOWER at term 2 for recognizeCandidate:b61b9bc0-c8d8-4ce8-a569-0c84e6e62f96
2019-09-19 12:00:57,870 [grpc-default-executor-1] INFO  impl.RoleInfo (RoleInfo.java:shutdownFollowerState(121)) - ccaa8f46-a720-4c9d-b367-b8e62fb2ca31: shutdown FollowerState
2019-09-19 12:00:57,871 [grpc-default-executor-6] INFO  impl.RoleInfo (RoleInfo.java:shutdownFollowerState(121)) - 2fa9f0f6-b6af-48ee-80c5-dd8119aa09d6: shutdown FollowerState
2019-09-19 12:00:57,870 [grpc-default-executor-4] INFO  impl.RoleInfo (RoleInfo.java:shutdownFollowerState(121)) - 7d946ca7-a873-4723-b723-9ddee89d0bc7: shutdown FollowerState
2019-09-19 12:00:57,871 [grpc-default-executor-6] INFO  impl.RoleInfo (RoleInfo.java:updateAndGet(143)) - 2fa9f0f6-b6af-48ee-80c5-dd8119aa09d6: start FollowerState
2019-09-19 12:00:57,871 [Thread-394] INFO  impl.FollowerState (FollowerState.java:run(115)) - 2fa9f0f6-b6af-48ee-80c5-dd8119aa09d6: FollowerState was interrupted: java.lang.InterruptedException: sleep interrupted
2019-09-19 12:00:57,871 [Thread-391] INFO  impl.FollowerState (FollowerState.java:run(115)) - ccaa8f46-a720-4c9d-b367-b8e62fb2ca31: FollowerState was interrupted: java.lang.InterruptedException: sleep interrupted
2019-09-19 12:00:57,871 [grpc-default-executor-1] INFO  impl.RoleInfo (RoleInfo.java:updateAndGet(143)) - ccaa8f46-a720-4c9d-b367-b8e62fb2ca31: start FollowerState
2019-09-19 12:00:57,871 [Thread-393] INFO  impl.FollowerState (FollowerState.java:run(115)) - 7d946ca7-a873-4723-b723-9ddee89d0bc7: FollowerState was interrupted: java.lang.InterruptedException: sleep interrupted
2019-09-19 12:00:57,871 [grpc-default-executor-4] INFO  impl.RoleInfo (RoleInfo.java:updateAndGet(143)) - 7d946ca7-a873-4723-b723-9ddee89d0bc7: start FollowerState
2019-09-19 12:00:57,890 [a729cdbd-f787-49c0-8e2c-44f1fb27cdba@group-A9823C1EF766:LeaderElection20] INFO  impl.LeaderElection (LeaderElection.java:logAndReturn(56)) - a729cdbd-f787-49c0-8e2c-44f1fb27cdba@group-A9823C1EF766:LeaderElection20: Election PASSED; received 1 response(s) [a729cdbd-f787-49c0-8e2c-44f1fb27cdba<-ccaa8f46-a720-4c9d-b367-b8e62fb2ca31#0:OK-t2] and 0 exception(s); a729cdbd-f787-49c0-8e2c-44f1fb27cdba@group-A9823C1EF766:t2, leader=null, voted=a729cdbd-f787-49c0-8e2c-44f1fb27cdba, raftlog=a729cdbd-f787-49c0-8e2c-44f1fb27cdba@group-A9823C1EF766-SegmentedRaftLog:OPENED:c-1,f-1,i0, conf=-1: [ccaa8f46-a720-4c9d-b367-b8e62fb2ca31:192.168.34.13:37847, 7d946ca7-a873-4723-b723-9ddee89d0bc7:192.168.34.13:44439, a729cdbd-f787-49c0-8e2c-44f1fb27cdba:192.168.34.13:46503], old=null
2019-09-19 12:00:57,890 [b61b9bc0-c8d8-4ce8-a569-0c84e6e62f96@group-F197496E7779:LeaderElection21] INFO  impl.LeaderElection (LeaderElection.java:logAndReturn(56)) - b61b9bc0-c8d8-4ce8-a569-0c84e6e62f96@group-F197496E7779:LeaderElection21: Election PASSED; received 1 response(s) [b61b9bc0-c8d8-4ce8-a569-0c84e6e62f96<-14eab2a7-31b9-4bf4-80ab-c0ebf925c262#0:OK-t2] and 0 exception(s); b61b9bc0-c8d8-4ce8-a569-0c84e6e62f96@group-F197496E7779:t2, leader=null, voted=b61b9bc0-c8d8-4ce8-a569-0c84e6e62f96, raftlog=b61b9bc0-c8d8-4ce8-a569-0c84e6e62f96@group-F197496E7779-SegmentedRaftLog:OPENED:c-1,f-1,i0, conf=-1: [14eab2a7-31b9-4bf4-80ab-c0ebf925c262:192.168.34.13:37038, 2fa9f0f6-b6af-48ee-80c5-dd8119aa09d6:192.168.34.13:39061, b61b9bc0-c8d8-4ce8-a569-0c84e6e62f96:192.168.34.13:36095], old=null
2019-09-19 12:00:57,891 [a729cdbd-f787-49c0-8e2c-44f1fb27cdba@group-A9823C1EF766:LeaderElection20] INFO  impl.RoleInfo (RoleInfo.java:shutdownLeaderElection(134)) - a729cdbd-f787-49c0-8e2c-44f1fb27cdba: shutdown LeaderElection
2019-09-19 12:00:57,891 [b61b9bc0-c8d8-4ce8-a569-0c84e6e62f96@group-F197496E7779:LeaderElection21] INFO  impl.RoleInfo (RoleInfo.java:shutdownLeaderElection(134)) - b61b9bc0-c8d8-4ce8-a569-0c84e6e62f96: shutdown LeaderElection
2019-09-19 12:00:57,906 [a729cdbd-f787-49c0-8e2c-44f1fb27cdba@group-A9823C1EF766:LeaderElection20] INFO  impl.RaftServerImpl (RaftServerImpl.java:setRole(174)) - a729cdbd-f787-49c0-8e2c-44f1fb27cdba@group-A9823C1EF766: changes role from CANDIDATE to LEADER at term 2 for changeToLeader
2019-09-19 12:00:57,906 [Thread-395] INFO  impl.FollowerState (FollowerState.java:run(106)) - 0f3ef5c5-216f-4603-9049-7f6477ca6f67:group-E57B62D150CC changes to CANDIDATE, lastRpcTime:1001, electionTimeout:1001ms
2019-09-19 12:00:57,907 [a729cdbd-f787-49c0-8e2c-44f1fb27cdba@group-A9823C1EF766:LeaderElection20] INFO  impl.RaftServerImpl (ServerState.java:setLeader(253)) - a729cdbd-f787-49c0-8e2c-44f1fb27cdba@group-A9823C1EF766: change Leader from null to a729cdbd-f787-49c0-8e2c-44f1fb27cdba at term 2 for becomeLeader, leader elected after 2752ms
2019-09-19 12:00:57,906 [b61b9bc0-c8d8-4ce8-a569-0c84e6e62f96@group-F197496E7779:LeaderElection21] INFO  impl.RaftServerImpl (RaftServerImpl.java:setRole(174)) - b61b9bc0-c8d8-4ce8-a569-0c84e6e62f96@group-F197496E7779: changes role from CANDIDATE to LEADER at term 2 for changeToLeader
2019-09-19 12:00:57,907 [a729cdbd-f787-49c0-8e2c-44f1fb27cdba@group-A9823C1EF766:LeaderElection20] INFO  server.RaftServerConfigKeys (ConfUtils.java:logGet(43)) - raft.server.staging.catchup.gap = 1000 (default)
2019-09-19 12:00:57,907 [Thread-395] INFO  impl.RoleInfo (RoleInfo.java:shutdownFollowerState(121)) - 0f3ef5c5-216f-4603-9049-7f6477ca6f67: shutdown FollowerState
2019-09-19 12:00:57,907 [a729cdbd-f787-49c0-8e2c-44f1fb27cdba@group-A9823C1EF766:LeaderElection20] INFO  server.RaftServerConfigKeys (ConfUtils.java:logGet(43)) - raft.server.rpc.sleep.time = 25ms (default)
2019-09-19 12:00:57,907 [b61b9bc0-c8d8-4ce8-a569-0c84e6e62f96@group-F197496E7779:LeaderElection21] INFO  impl.RaftServerImpl (ServerState.java:setLeader(253)) - b61b9bc0-c8d8-4ce8-a569-0c84e6e62f96@group-F197496E7779: change Leader from null to b61b9bc0-c8d8-4ce8-a569-0c84e6e62f96 at term 2 for becomeLeader, leader elected after 2591ms
2019-09-19 12:00:57,907 [a729cdbd-f787-49c0-8e2c-44f1fb27cdba@group-A9823C1EF766:LeaderElection20] INFO  server.RaftServerConfigKeys (ConfUtils.java:logGet(43)) - raft.server.write.element-limit = 4096 (default)
2019-09-19 12:00:57,907 [Thread-395] INFO  impl.RaftServerImpl (RaftServerImpl.java:setRole(174)) - 0f3ef5c5-216f-4603-9049-7f6477ca6f67@group-E57B62D150CC: changes role from  FOLLOWER to CANDIDATE at term 1 for changeToCandidate
2019-09-19 12:00:57,908 [a729cdbd-f787-49c0-8e2c-44f1fb27cdba@group-A9823C1EF766:LeaderElection20] INFO  server.RaftServerConfigKeys (ConfUtils.java:logGet(43)) - raft.server.watch.timeout = 10s (default)
2019-09-19 12:00:57,907 [b61b9bc0-c8d8-4ce8-a569-0c84e6e62f96@group-F197496E7779:LeaderElection21] INFO  server.RaftServerConfigKeys (ConfUtils.java:logGet(43)) - raft.server.staging.catchup.gap = 1000 (default)
2019-09-19 12:00:57,908 [a729cdbd-f787-49c0-8e2c-44f1fb27cdba@group-A9823C1EF766:LeaderElection20] INFO  server.RaftServerConfigKeys (ConfUtils.java:logGet(43)) - raft.server.watch.timeout.denomination = 1s (default)
2019-09-19 12:00:57,908 [Thread-395] INFO  impl.RoleInfo (RoleInfo.java:updateAndGet(143)) - 0f3ef5c5-216f-4603-9049-7f6477ca6f67: start LeaderElection
2019-09-19 12:00:57,908 [a729cdbd-f787-49c0-8e2c-44f1fb27cdba@group-A9823C1EF766:LeaderElection20] INFO  server.RaftServerConfigKeys (ConfUtils.java:logGet(43)) - raft.server.watch.element-limit = 65536 (default)
2019-09-19 12:00:57,908 [b61b9bc0-c8d8-4ce8-a569-0c84e6e62f96@group-F197496E7779:LeaderElection21] INFO  server.RaftServerConfigKeys (ConfUtils.java:logGet(43)) - raft.server.rpc.sleep.time = 25ms (default)
2019-09-19 12:00:57,909 [b61b9bc0-c8d8-4ce8-a569-0c84e6e62f96@group-F197496E7779:LeaderElection21] INFO  server.RaftServerConfigKeys (ConfUtils.java:logGet(43)) - raft.server.write.element-limit = 4096 (default)
2019-09-19 12:00:57,909 [b61b9bc0-c8d8-4ce8-a569-0c84e6e62f96@group-F197496E7779:LeaderElection21] INFO  server.RaftServerConfigKeys (ConfUtils.java:logGet(43)) - raft.server.watch.timeout = 10s (default)
2019-09-19 12:00:57,909 [b61b9bc0-c8d8-4ce8-a569-0c84e6e62f96@group-F197496E7779:LeaderElection21] INFO  server.RaftServerConfigKeys (ConfUtils.java:logGet(43)) - raft.server.watch.timeout.denomination = 1s (default)
2019-09-19 12:00:57,909 [b61b9bc0-c8d8-4ce8-a569-0c84e6e62f96@group-F197496E7779:LeaderElection21] INFO  server.RaftServerConfigKeys (ConfUtils.java:logGet(43)) - raft.server.watch.element-limit = 65536 (default)
2019-09-19 12:00:57,913 [a729cdbd-f787-49c0-8e2c-44f1fb27cdba@group-A9823C1EF766:LeaderElection20] INFO  server.RaftServerConfigKeys (ConfUtils.java:logGet(43)) - raft.server.log.appender.snapshot.chunk.size.max = 16MB (=16777216) (default)
2019-09-19 12:00:57,913 [b61b9bc0-c8d8-4ce8-a569-0c84e6e62f96@group-F197496E7779:LeaderElection21] INFO  server.RaftServerConfigKeys (ConfUtils.java:logGet(43)) - raft.server.log.appender.snapshot.chunk.size.max = 16MB (=16777216) (default)
2019-09-19 12:00:57,914 [a729cdbd-f787-49c0-8e2c-44f1fb27cdba@group-A9823C1EF766:LeaderElection20] INFO  server.RaftServerConfigKeys (ConfUtils.java:logGet(43)) - raft.server.log.appender.buffer.byte-limit = 33554432 (custom)
2019-09-19 12:00:57,914 [b61b9bc0-c8d8-4ce8-a569-0c84e6e62f96@group-F197496E7779:LeaderElection21] INFO  server.RaftServerConfigKeys (ConfUtils.java:logGet(43)) - raft.server.log.appender.buffer.byte-limit = 33554432 (custom)
2019-09-19 12:00:57,914 [a729cdbd-f787-49c0-8e2c-44f1fb27cdba@group-A9823C1EF766:LeaderElection20] INFO  server.RaftServerConfigKeys (ConfUtils.java:logGet(43)) - raft.server.log.appender.buffer.element-limit = 1 (custom)
2019-09-19 12:00:57,914 [b61b9bc0-c8d8-4ce8-a569-0c84e6e62f96@group-F197496E7779:LeaderElection21] INFO  server.RaftServerConfigKeys (ConfUtils.java:logGet(43)) - raft.server.log.appender.buffer.element-limit = 1 (custom)
2019-09-19 12:00:57,918 [a729cdbd-f787-49c0-8e2c-44f1fb27cdba@group-A9823C1EF766:LeaderElection20] INFO  grpc.GrpcConfigKeys$Server (ConfUtils.java:logGet(43)) - raft.grpc.server.leader.outstanding.appends.max = 128 (default)
2019-09-19 12:00:57,918 [b61b9bc0-c8d8-4ce8-a569-0c84e6e62f96@group-F197496E7779:LeaderElection21] INFO  grpc.GrpcConfigKeys$Server (ConfUtils.java:logGet(43)) - raft.grpc.server.leader.outstanding.appends.max = 128 (default)
2019-09-19 12:00:57,921 [a729cdbd-f787-49c0-8e2c-44f1fb27cdba@group-A9823C1EF766:LeaderElection20] INFO  server.RaftServerConfigKeys (ConfUtils.java:logGet(43)) - raft.server.rpc.request.timeout = 3000ms (default)
2019-09-19 12:00:57,922 [b61b9bc0-c8d8-4ce8-a569-0c84e6e62f96@group-F197496E7779:LeaderElection21] INFO  server.RaftServerConfigKeys (ConfUtils.java:logGet(43)) - raft.server.rpc.request.timeout = 3000ms (default)
2019-09-19 12:00:57,922 [0f3ef5c5-216f-4603-9049-7f6477ca6f67@group-E57B62D150CC:LeaderElection22] INFO  impl.LeaderElection (LeaderElection.java:askForVotes(182)) - 0f3ef5c5-216f-4603-9049-7f6477ca6f67@group-E57B62D150CC:LeaderElection22: begin an election at term 2 for -1: [0eafe25b-eef3-4e6e-962a-cfdd69f48960:192.168.34.13:38223, ccd7891f-abf2-4840-bcfd-f7d46dfca276:192.168.34.13:41947, 0f3ef5c5-216f-4603-9049-7f6477ca6f67:192.168.34.13:38664], old=null
2019-09-19 12:00:57,922 [a729cdbd-f787-49c0-8e2c-44f1fb27cdba@group-A9823C1EF766:LeaderElection20] INFO  server.RaftServerConfigKeys (ConfUtils.java:logGet(43)) - raft.server.log.appender.install.snapshot.enabled = false (custom)
2019-09-19 12:00:57,922 [b61b9bc0-c8d8-4ce8-a569-0c84e6e62f96@group-F197496E7779:LeaderElection21] INFO  server.RaftServerConfigKeys (ConfUtils.java:logGet(43)) - raft.server.log.appender.install.snapshot.enabled = false (custom)
2019-09-19 12:00:57,923 [b61b9bc0-c8d8-4ce8-a569-0c84e6e62f96@group-F197496E7779:LeaderElection21] INFO  server.RaftServerConfigKeys (ConfUtils.java:logGet(43)) - raft.server.log.appender.snapshot.chunk.size.max = 16MB (=16777216) (default)
2019-09-19 12:00:57,923 [a729cdbd-f787-49c0-8e2c-44f1fb27cdba@group-A9823C1EF766:LeaderElection20] INFO  server.RaftServerConfigKeys (ConfUtils.java:logGet(43)) - raft.server.log.appender.snapshot.chunk.size.max = 16MB (=16777216) (default)
2019-09-19 12:00:57,923 [b61b9bc0-c8d8-4ce8-a569-0c84e6e62f96@group-F197496E7779:LeaderElection21] INFO  server.RaftServerConfigKeys (ConfUtils.java:logGet(43)) - raft.server.log.appender.buffer.byte-limit = 33554432 (custom)
2019-09-19 12:00:57,923 [a729cdbd-f787-49c0-8e2c-44f1fb27cdba@group-A9823C1EF766:LeaderElection20] INFO  server.RaftServerConfigKeys (ConfUtils.java:logGet(43)) - raft.server.log.appender.buffer.byte-limit = 33554432 (custom)
2019-09-19 12:00:57,924 [b61b9bc0-c8d8-4ce8-a569-0c84e6e62f96@group-F197496E7779:LeaderElection21] INFO  server.RaftServerConfigKeys (ConfUtils.java:logGet(43)) - raft.server.log.appender.buffer.element-limit = 1 (custom)
2019-09-19 12:00:57,924 [a729cdbd-f787-49c0-8e2c-44f1fb27cdba@group-A9823C1EF766:LeaderElection20] INFO  server.RaftServerConfigKeys (ConfUtils.java:logGet(43)) - raft.server.log.appender.buffer.element-limit = 1 (custom)
2019-09-19 12:00:57,924 [b61b9bc0-c8d8-4ce8-a569-0c84e6e62f96@group-F197496E7779:LeaderElection21] INFO  grpc.GrpcConfigKeys$Server (ConfUtils.java:logGet(43)) - raft.grpc.server.leader.outstanding.appends.max = 128 (default)
2019-09-19 12:00:57,924 [a729cdbd-f787-49c0-8e2c-44f1fb27cdba@group-A9823C1EF766:LeaderElection20] INFO  grpc.GrpcConfigKeys$Server (ConfUtils.java:logGet(43)) - raft.grpc.server.leader.outstanding.appends.max = 128 (default)
2019-09-19 12:00:57,924 [b61b9bc0-c8d8-4ce8-a569-0c84e6e62f96@group-F197496E7779:LeaderElection21] INFO  server.RaftServerConfigKeys (ConfUtils.java:logGet(43)) - raft.server.rpc.request.timeout = 3000ms (default)
2019-09-19 12:00:57,924 [a729cdbd-f787-49c0-8e2c-44f1fb27cdba@group-A9823C1EF766:LeaderElection20] INFO  server.RaftServerConfigKeys (ConfUtils.java:logGet(43)) - raft.server.rpc.request.timeout = 3000ms (default)
2019-09-19 12:00:57,925 [b61b9bc0-c8d8-4ce8-a569-0c84e6e62f96@group-F197496E7779:LeaderElection21] INFO  server.RaftServerConfigKeys (ConfUtils.java:logGet(43)) - raft.server.log.appender.install.snapshot.enabled = false (custom)
2019-09-19 12:00:57,925 [a729cdbd-f787-49c0-8e2c-44f1fb27cdba@group-A9823C1EF766:LeaderElection20] INFO  server.RaftServerConfigKeys (ConfUtils.java:logGet(43)) - raft.server.log.appender.install.snapshot.enabled = false (custom)
2019-09-19 12:00:57,925 [grpc-default-executor-6] INFO  impl.RaftServerImpl (RaftServerImpl.java:setRole(174)) - 0eafe25b-eef3-4e6e-962a-cfdd69f48960@group-E57B62D150CC: changes role from  FOLLOWER to FOLLOWER at term 2 for recognizeCandidate:0f3ef5c5-216f-4603-9049-7f6477ca6f67
2019-09-19 12:00:57,925 [grpc-default-executor-6] INFO  impl.RoleInfo (RoleInfo.java:shutdownFollowerState(121)) - 0eafe25b-eef3-4e6e-962a-cfdd69f48960: shutdown FollowerState
2019-09-19 12:00:57,926 [grpc-default-executor-4] INFO  impl.RaftServerImpl (RaftServerImpl.java:setRole(174)) - ccd7891f-abf2-4840-bcfd-f7d46dfca276@group-E57B62D150CC: changes role from  FOLLOWER to FOLLOWER at term 2 for recognizeCandidate:0f3ef5c5-216f-4603-9049-7f6477ca6f67
2019-09-19 12:00:57,926 [grpc-default-executor-6] INFO  impl.RoleInfo (RoleInfo.java:updateAndGet(143)) - 0eafe25b-eef3-4e6e-962a-cfdd69f48960: start FollowerState
2019-09-19 12:00:57,926 [Thread-399] INFO  impl.FollowerState (FollowerState.java:run(115)) - 0eafe25b-eef3-4e6e-962a-cfdd69f48960: FollowerState was interrupted: java.lang.InterruptedException: sleep interrupted
2019-09-19 12:00:57,926 [grpc-default-executor-4] INFO  impl.RoleInfo (RoleInfo.java:shutdownFollowerState(121)) - ccd7891f-abf2-4840-bcfd-f7d46dfca276: shutdown FollowerState
2019-09-19 12:00:57,926 [a729cdbd-f787-49c0-8e2c-44f1fb27cdba@group-A9823C1EF766:LeaderElection20] INFO  impl.RoleInfo (RoleInfo.java:updateAndGet(143)) - a729cdbd-f787-49c0-8e2c-44f1fb27cdba: start LeaderState
2019-09-19 12:00:57,926 [b61b9bc0-c8d8-4ce8-a569-0c84e6e62f96@group-F197496E7779:LeaderElection21] INFO  impl.RoleInfo (RoleInfo.java:updateAndGet(143)) - b61b9bc0-c8d8-4ce8-a569-0c84e6e62f96: start LeaderState
2019-09-19 12:00:57,926 [Thread-398] INFO  impl.FollowerState (FollowerState.java:run(115)) - ccd7891f-abf2-4840-bcfd-f7d46dfca276: FollowerState was interrupted: java.lang.InterruptedException: sleep interrupted
2019-09-19 12:00:57,926 [grpc-default-executor-4] INFO  impl.RoleInfo (RoleInfo.java:updateAndGet(143)) - ccd7891f-abf2-4840-bcfd-f7d46dfca276: start FollowerState
2019-09-19 12:00:57,927 [b61b9bc0-c8d8-4ce8-a569-0c84e6e62f96@group-F197496E7779:LeaderElection21] INFO  segmented.SegmentedRaftLogWorker (SegmentedRaftLogWorker.java:startLogSegment(380)) - b61b9bc0-c8d8-4ce8-a569-0c84e6e62f96@group-F197496E7779-SegmentedRaftLogWorker: Starting segment from index:0
2019-09-19 12:00:57,927 [a729cdbd-f787-49c0-8e2c-44f1fb27cdba@group-A9823C1EF766:LeaderElection20] INFO  segmented.SegmentedRaftLogWorker (SegmentedRaftLogWorker.java:startLogSegment(380)) - a729cdbd-f787-49c0-8e2c-44f1fb27cdba@group-A9823C1EF766-SegmentedRaftLogWorker: Starting segment from index:0
2019-09-19 12:00:57,927 [b61b9bc0-c8d8-4ce8-a569-0c84e6e62f96@group-F197496E7779:LeaderElection21] INFO  impl.RaftServerImpl (ServerState.java:setRaftConf(354)) - b61b9bc0-c8d8-4ce8-a569-0c84e6e62f96@group-F197496E7779: set configuration 0: [14eab2a7-31b9-4bf4-80ab-c0ebf925c262:192.168.34.13:37038, 2fa9f0f6-b6af-48ee-80c5-dd8119aa09d6:192.168.34.13:39061, b61b9bc0-c8d8-4ce8-a569-0c84e6e62f96:192.168.34.13:36095], old=null at 0
2019-09-19 12:00:57,963 [a729cdbd-f787-49c0-8e2c-44f1fb27cdba@group-A9823C1EF766:LeaderElection20] INFO  impl.RaftServerImpl (ServerState.java:setRaftConf(354)) - a729cdbd-f787-49c0-8e2c-44f1fb27cdba@group-A9823C1EF766: set configuration 0: [ccaa8f46-a720-4c9d-b367-b8e62fb2ca31:192.168.34.13:37847, 7d946ca7-a873-4723-b723-9ddee89d0bc7:192.168.34.13:44439, a729cdbd-f787-49c0-8e2c-44f1fb27cdba:192.168.34.13:46503], old=null at 0
2019-09-19 12:00:57,967 [0f3ef5c5-216f-4603-9049-7f6477ca6f67@group-E57B62D150CC:LeaderElection22] INFO  impl.LeaderElection (LeaderElection.java:logAndReturn(56)) - 0f3ef5c5-216f-4603-9049-7f6477ca6f67@group-E57B62D150CC:LeaderElection22: Election PASSED; received 1 response(s) [0f3ef5c5-216f-4603-9049-7f6477ca6f67<-ccd7891f-abf2-4840-bcfd-f7d46dfca276#0:OK-t2] and 0 exception(s); 0f3ef5c5-216f-4603-9049-7f6477ca6f67@group-E57B62D150CC:t2, leader=null, voted=0f3ef5c5-216f-4603-9049-7f6477ca6f67, raftlog=0f3ef5c5-216f-4603-9049-7f6477ca6f67@group-E57B62D150CC-SegmentedRaftLog:OPENED:c-1,f-1,i0, conf=-1: [0eafe25b-eef3-4e6e-962a-cfdd69f48960:192.168.34.13:38223, ccd7891f-abf2-4840-bcfd-f7d46dfca276:192.168.34.13:41947, 0f3ef5c5-216f-4603-9049-7f6477ca6f67:192.168.34.13:38664], old=null
2019-09-19 12:00:57,967 [0f3ef5c5-216f-4603-9049-7f6477ca6f67@group-E57B62D150CC:LeaderElection22] INFO  impl.RoleInfo (RoleInfo.java:shutdownLeaderElection(134)) - 0f3ef5c5-216f-4603-9049-7f6477ca6f67: shutdown LeaderElection
2019-09-19 12:00:57,970 [0f3ef5c5-216f-4603-9049-7f6477ca6f67@group-E57B62D150CC:LeaderElection22] INFO  impl.RaftServerImpl (RaftServerImpl.java:setRole(174)) - 0f3ef5c5-216f-4603-9049-7f6477ca6f67@group-E57B62D150CC: changes role from CANDIDATE to LEADER at term 2 for changeToLeader
2019-09-19 12:00:57,974 [0f3ef5c5-216f-4603-9049-7f6477ca6f67@group-E57B62D150CC:LeaderElection22] INFO  impl.RaftServerImpl (ServerState.java:setLeader(253)) - 0f3ef5c5-216f-4603-9049-7f6477ca6f67@group-E57B62D150CC: change Leader from null to 0f3ef5c5-216f-4603-9049-7f6477ca6f67 at term 2 for becomeLeader, leader elected after 2543ms
2019-09-19 12:00:57,974 [0f3ef5c5-216f-4603-9049-7f6477ca6f67@group-E57B62D150CC:LeaderElection22] INFO  server.RaftServerConfigKeys (ConfUtils.java:logGet(43)) - raft.server.staging.catchup.gap = 1000 (default)
2019-09-19 12:00:57,974 [0f3ef5c5-216f-4603-9049-7f6477ca6f67@group-E57B62D150CC:LeaderElection22] INFO  server.RaftServerConfigKeys (ConfUtils.java:logGet(43)) - raft.server.rpc.sleep.time = 25ms (default)
2019-09-19 12:00:57,974 [0f3ef5c5-216f-4603-9049-7f6477ca6f67@group-E57B62D150CC:LeaderElection22] INFO  server.RaftServerConfigKeys (ConfUtils.java:logGet(43)) - raft.server.write.element-limit = 4096 (default)
2019-09-19 12:00:57,974 [0f3ef5c5-216f-4603-9049-7f6477ca6f67@group-E57B62D150CC:LeaderElection22] INFO  server.RaftServerConfigKeys (ConfUtils.java:logGet(43)) - raft.server.watch.timeout = 10s (default)
2019-09-19 12:00:57,974 [0f3ef5c5-216f-4603-9049-7f6477ca6f67@group-E57B62D150CC:LeaderElection22] INFO  server.RaftServerConfigKeys (ConfUtils.java:logGet(43)) - raft.server.watch.timeout.denomination = 1s (default)
2019-09-19 12:00:57,975 [0f3ef5c5-216f-4603-9049-7f6477ca6f67@group-E57B62D150CC:LeaderElection22] INFO  server.RaftServerConfigKeys (ConfUtils.java:logGet(43)) - raft.server.watch.element-limit = 65536 (default)
2019-09-19 12:00:57,975 [b61b9bc0-c8d8-4ce8-a569-0c84e6e62f96@group-F197496E7779-SegmentedRaftLogWorker] INFO  segmented.SegmentedRaftLogWorker (SegmentedRaftLogWorker.java:execute(569)) - b61b9bc0-c8d8-4ce8-a569-0c84e6e62f96@group-F197496E7779-SegmentedRaftLogWorker: created new log segment /workdir/hadoop-ozone/integration-test/target/test-dir/MiniOzoneClusterImpl-d8add679-7105-42f6-bf2c-18911ac53160/datanode-3/data/ratis/6d8850fe-b2ec-45e2-8de3-f197496e7779/current/log_inprogress_0
2019-09-19 12:00:57,977 [a729cdbd-f787-49c0-8e2c-44f1fb27cdba@group-A9823C1EF766-SegmentedRaftLogWorker] INFO  segmented.SegmentedRaftLogWorker (SegmentedRaftLogWorker.java:execute(569)) - a729cdbd-f787-49c0-8e2c-44f1fb27cdba@group-A9823C1EF766-SegmentedRaftLogWorker: created new log segment /workdir/hadoop-ozone/integration-test/target/test-dir/MiniOzoneClusterImpl-d8add679-7105-42f6-bf2c-18911ac53160/datanode-4/data/ratis/8f57a7dd-98e2-41d5-9d7d-a9823c1ef766/current/log_inprogress_0
2019-09-19 12:00:57,979 [0f3ef5c5-216f-4603-9049-7f6477ca6f67@group-E57B62D150CC:LeaderElection22] INFO  server.RaftServerConfigKeys (ConfUtils.java:logGet(43)) - raft.server.log.appender.snapshot.chunk.size.max = 16MB (=16777216) (default)
2019-09-19 12:00:57,979 [0f3ef5c5-216f-4603-9049-7f6477ca6f67@group-E57B62D150CC:LeaderElection22] INFO  server.RaftServerConfigKeys (ConfUtils.java:logGet(43)) - raft.server.log.appender.buffer.byte-limit = 33554432 (custom)
2019-09-19 12:00:57,980 [0f3ef5c5-216f-4603-9049-7f6477ca6f67@group-E57B62D150CC:LeaderElection22] INFO  server.RaftServerConfigKeys (ConfUtils.java:logGet(43)) - raft.server.log.appender.buffer.element-limit = 1 (custom)
2019-09-19 12:00:57,980 [0f3ef5c5-216f-4603-9049-7f6477ca6f67@group-E57B62D150CC:LeaderElection22] INFO  grpc.GrpcConfigKeys$Server (ConfUtils.java:logGet(43)) - raft.grpc.server.leader.outstanding.appends.max = 128 (default)
2019-09-19 12:00:57,980 [0f3ef5c5-216f-4603-9049-7f6477ca6f67@group-E57B62D150CC:LeaderElection22] INFO  server.RaftServerConfigKeys (ConfUtils.java:logGet(43)) - raft.server.rpc.request.timeout = 3000ms (default)
2019-09-19 12:00:57,980 [0f3ef5c5-216f-4603-9049-7f6477ca6f67@group-E57B62D150CC:LeaderElection22] INFO  server.RaftServerConfigKeys (ConfUtils.java:logGet(43)) - raft.server.log.appender.install.snapshot.enabled = false (custom)
2019-09-19 12:00:57,981 [0f3ef5c5-216f-4603-9049-7f6477ca6f67@group-E57B62D150CC:LeaderElection22] INFO  server.RaftServerConfigKeys (ConfUtils.java:logGet(43)) - raft.server.log.appender.snapshot.chunk.size.max = 16MB (=16777216) (default)
2019-09-19 12:00:57,981 [0f3ef5c5-216f-4603-9049-7f6477ca6f67@group-E57B62D150CC:LeaderElection22] INFO  server.RaftServerConfigKeys (ConfUtils.java:logGet(43)) - raft.server.log.appender.buffer.byte-limit = 33554432 (custom)
2019-09-19 12:00:57,981 [0f3ef5c5-216f-4603-9049-7f6477ca6f67@group-E57B62D150CC:LeaderElection22] INFO  server.RaftServerConfigKeys (ConfUtils.java:logGet(43)) - raft.server.log.appender.buffer.element-limit = 1 (custom)
2019-09-19 12:00:57,981 [0f3ef5c5-216f-4603-9049-7f6477ca6f67@group-E57B62D150CC:LeaderElection22] INFO  grpc.GrpcConfigKeys$Server (ConfUtils.java:logGet(43)) - raft.grpc.server.leader.outstanding.appends.max = 128 (default)
2019-09-19 12:00:57,982 [0f3ef5c5-216f-4603-9049-7f6477ca6f67@group-E57B62D150CC:LeaderElection22] INFO  server.RaftServerConfigKeys (ConfUtils.java:logGet(43)) - raft.server.rpc.request.timeout = 3000ms (default)
2019-09-19 12:00:57,982 [0f3ef5c5-216f-4603-9049-7f6477ca6f67@group-E57B62D150CC:LeaderElection22] INFO  server.RaftServerConfigKeys (ConfUtils.java:logGet(43)) - raft.server.log.appender.install.snapshot.enabled = false (custom)
2019-09-19 12:00:57,982 [0f3ef5c5-216f-4603-9049-7f6477ca6f67@group-E57B62D150CC:LeaderElection22] INFO  impl.RoleInfo (RoleInfo.java:updateAndGet(143)) - 0f3ef5c5-216f-4603-9049-7f6477ca6f67: start LeaderState
2019-09-19 12:00:57,982 [0f3ef5c5-216f-4603-9049-7f6477ca6f67@group-E57B62D150CC:LeaderElection22] INFO  segmented.SegmentedRaftLogWorker (SegmentedRaftLogWorker.java:startLogSegment(380)) - 0f3ef5c5-216f-4603-9049-7f6477ca6f67@group-E57B62D150CC-SegmentedRaftLogWorker: Starting segment from index:0
2019-09-19 12:00:57,983 [0f3ef5c5-216f-4603-9049-7f6477ca6f67@group-E57B62D150CC:LeaderElection22] INFO  impl.RaftServerImpl (ServerState.java:setRaftConf(354)) - 0f3ef5c5-216f-4603-9049-7f6477ca6f67@group-E57B62D150CC: set configuration 0: [0eafe25b-eef3-4e6e-962a-cfdd69f48960:192.168.34.13:38223, ccd7891f-abf2-4840-bcfd-f7d46dfca276:192.168.34.13:41947, 0f3ef5c5-216f-4603-9049-7f6477ca6f67:192.168.34.13:38664], old=null at 0
2019-09-19 12:00:58,020 [0f3ef5c5-216f-4603-9049-7f6477ca6f67@group-E57B62D150CC-SegmentedRaftLogWorker] INFO  segmented.SegmentedRaftLogWorker (SegmentedRaftLogWorker.java:execute(569)) - 0f3ef5c5-216f-4603-9049-7f6477ca6f67@group-E57B62D150CC-SegmentedRaftLogWorker: created new log segment /workdir/hadoop-ozone/integration-test/target/test-dir/MiniOzoneClusterImpl-d8add679-7105-42f6-bf2c-18911ac53160/datanode-9/data/ratis/a625de63-8597-4c04-b87b-e57b62d150cc/current/log_inprogress_0
2019-09-19 12:00:58,020 [grpc-default-executor-3] INFO  impl.RaftServerImpl (ServerState.java:setLeader(253)) - 0eafe25b-eef3-4e6e-962a-cfdd69f48960@group-E57B62D150CC: change Leader from null to 0f3ef5c5-216f-4603-9049-7f6477ca6f67 at term 2 for appendEntries, leader elected after 2586ms
2019-09-19 12:00:58,020 [grpc-default-executor-5] INFO  impl.RaftServerImpl (ServerState.java:setLeader(253)) - 7d946ca7-a873-4723-b723-9ddee89d0bc7@group-A9823C1EF766: change Leader from null to a729cdbd-f787-49c0-8e2c-44f1fb27cdba at term 2 for appendEntries, leader elected after 2865ms
2019-09-19 12:00:58,021 [grpc-default-executor-1] INFO  impl.RaftServerImpl (ServerState.java:setLeader(253)) - 2fa9f0f6-b6af-48ee-80c5-dd8119aa09d6@group-F197496E7779: change Leader from null to b61b9bc0-c8d8-4ce8-a569-0c84e6e62f96 at term 2 for appendEntries, leader elected after 2705ms
2019-09-19 12:00:58,020 [grpc-default-executor-4] INFO  impl.RaftServerImpl (ServerState.java:setLeader(253)) - 14eab2a7-31b9-4bf4-80ab-c0ebf925c262@group-F197496E7779: change Leader from null to b61b9bc0-c8d8-4ce8-a569-0c84e6e62f96 at term 2 for appendEntries, leader elected after 2704ms
2019-09-19 12:00:58,021 [grpc-default-executor-2] INFO  impl.RaftServerImpl (ServerState.java:setLeader(253)) - ccd7891f-abf2-4840-bcfd-f7d46dfca276@group-E57B62D150CC: change Leader from null to 0f3ef5c5-216f-4603-9049-7f6477ca6f67 at term 2 for appendEntries, leader elected after 2588ms
2019-09-19 12:00:58,020 [grpc-default-executor-6] INFO  impl.RaftServerImpl (ServerState.java:setLeader(253)) - ccaa8f46-a720-4c9d-b367-b8e62fb2ca31@group-A9823C1EF766: change Leader from null to a729cdbd-f787-49c0-8e2c-44f1fb27cdba at term 2 for appendEntries, leader elected after 2866ms
2019-09-19 12:00:58,055 [grpc-default-executor-4] INFO  impl.RaftServerImpl (ServerState.java:setRaftConf(354)) - ccd7891f-abf2-4840-bcfd-f7d46dfca276@group-E57B62D150CC: set configuration 0: [0eafe25b-eef3-4e6e-962a-cfdd69f48960:192.168.34.13:38223, ccd7891f-abf2-4840-bcfd-f7d46dfca276:192.168.34.13:41947, 0f3ef5c5-216f-4603-9049-7f6477ca6f67:192.168.34.13:38664], old=null at 0
2019-09-19 12:00:58,055 [grpc-default-executor-2] INFO  impl.RaftServerImpl (ServerState.java:setRaftConf(354)) - ccaa8f46-a720-4c9d-b367-b8e62fb2ca31@group-A9823C1EF766: set configuration 0: [ccaa8f46-a720-4c9d-b367-b8e62fb2ca31:192.168.34.13:37847, 7d946ca7-a873-4723-b723-9ddee89d0bc7:192.168.34.13:44439, a729cdbd-f787-49c0-8e2c-44f1fb27cdba:192.168.34.13:46503], old=null at 0
2019-09-19 12:00:58,055 [grpc-default-executor-5] INFO  impl.RaftServerImpl (ServerState.java:setRaftConf(354)) - 2fa9f0f6-b6af-48ee-80c5-dd8119aa09d6@group-F197496E7779: set configuration 0: [14eab2a7-31b9-4bf4-80ab-c0ebf925c262:192.168.34.13:37038, 2fa9f0f6-b6af-48ee-80c5-dd8119aa09d6:192.168.34.13:39061, b61b9bc0-c8d8-4ce8-a569-0c84e6e62f96:192.168.34.13:36095], old=null at 0
2019-09-19 12:00:58,056 [grpc-default-executor-2] INFO  segmented.SegmentedRaftLogWorker (SegmentedRaftLogWorker.java:startLogSegment(380)) - ccaa8f46-a720-4c9d-b367-b8e62fb2ca31@group-A9823C1EF766-SegmentedRaftLogWorker: Starting segment from index:0
2019-09-19 12:00:58,055 [grpc-default-executor-4] INFO  segmented.SegmentedRaftLogWorker (SegmentedRaftLogWorker.java:startLogSegment(380)) - ccd7891f-abf2-4840-bcfd-f7d46dfca276@group-E57B62D150CC-SegmentedRaftLogWorker: Starting segment from index:0
2019-09-19 12:00:58,055 [grpc-default-executor-1] INFO  impl.RaftServerImpl (ServerState.java:setRaftConf(354)) - 0eafe25b-eef3-4e6e-962a-cfdd69f48960@group-E57B62D150CC: set configuration 0: [0eafe25b-eef3-4e6e-962a-cfdd69f48960:192.168.34.13:38223, ccd7891f-abf2-4840-bcfd-f7d46dfca276:192.168.34.13:41947, 0f3ef5c5-216f-4603-9049-7f6477ca6f67:192.168.34.13:38664], old=null at 0
2019-09-19 12:00:58,055 [grpc-default-executor-3] INFO  impl.RaftServerImpl (ServerState.java:setRaftConf(354)) - 7d946ca7-a873-4723-b723-9ddee89d0bc7@group-A9823C1EF766: set configuration 0: [ccaa8f46-a720-4c9d-b367-b8e62fb2ca31:192.168.34.13:37847, 7d946ca7-a873-4723-b723-9ddee89d0bc7:192.168.34.13:44439, a729cdbd-f787-49c0-8e2c-44f1fb27cdba:192.168.34.13:46503], old=null at 0
2019-09-19 12:00:58,055 [grpc-default-executor-6] INFO  impl.RaftServerImpl (ServerState.java:setRaftConf(354)) - 14eab2a7-31b9-4bf4-80ab-c0ebf925c262@group-F197496E7779: set configuration 0: [14eab2a7-31b9-4bf4-80ab-c0ebf925c262:192.168.34.13:37038, 2fa9f0f6-b6af-48ee-80c5-dd8119aa09d6:192.168.34.13:39061, b61b9bc0-c8d8-4ce8-a569-0c84e6e62f96:192.168.34.13:36095], old=null at 0
2019-09-19 12:00:58,057 [grpc-default-executor-3] INFO  segmented.SegmentedRaftLogWorker (SegmentedRaftLogWorker.java:startLogSegment(380)) - 7d946ca7-a873-4723-b723-9ddee89d0bc7@group-A9823C1EF766-SegmentedRaftLogWorker: Starting segment from index:0
2019-09-19 12:00:58,057 [grpc-default-executor-1] INFO  segmented.SegmentedRaftLogWorker (SegmentedRaftLogWorker.java:startLogSegment(380)) - 0eafe25b-eef3-4e6e-962a-cfdd69f48960@group-E57B62D150CC-SegmentedRaftLogWorker: Starting segment from index:0
2019-09-19 12:00:58,056 [grpc-default-executor-5] INFO  segmented.SegmentedRaftLogWorker (SegmentedRaftLogWorker.java:startLogSegment(380)) - 2fa9f0f6-b6af-48ee-80c5-dd8119aa09d6@group-F197496E7779-SegmentedRaftLogWorker: Starting segment from index:0
2019-09-19 12:00:58,057 [grpc-default-executor-6] INFO  segmented.SegmentedRaftLogWorker (SegmentedRaftLogWorker.java:startLogSegment(380)) - 14eab2a7-31b9-4bf4-80ab-c0ebf925c262@group-F197496E7779-SegmentedRaftLogWorker: Starting segment from index:0
2019-09-19 12:00:58,099 [ccaa8f46-a720-4c9d-b367-b8e62fb2ca31@group-A9823C1EF766-SegmentedRaftLogWorker] INFO  segmented.SegmentedRaftLogWorker (SegmentedRaftLogWorker.java:execute(569)) - ccaa8f46-a720-4c9d-b367-b8e62fb2ca31@group-A9823C1EF766-SegmentedRaftLogWorker: created new log segment /workdir/hadoop-ozone/integration-test/target/test-dir/MiniOzoneClusterImpl-d8add679-7105-42f6-bf2c-18911ac53160/datanode-0/data/ratis/8f57a7dd-98e2-41d5-9d7d-a9823c1ef766/current/log_inprogress_0
2019-09-19 12:00:58,099 [14eab2a7-31b9-4bf4-80ab-c0ebf925c262@group-F197496E7779-SegmentedRaftLogWorker] INFO  segmented.SegmentedRaftLogWorker (SegmentedRaftLogWorker.java:execute(569)) - 14eab2a7-31b9-4bf4-80ab-c0ebf925c262@group-F197496E7779-SegmentedRaftLogWorker: created new log segment /workdir/hadoop-ozone/integration-test/target/test-dir/MiniOzoneClusterImpl-d8add679-7105-42f6-bf2c-18911ac53160/datanode-2/data/ratis/6d8850fe-b2ec-45e2-8de3-f197496e7779/current/log_inprogress_0
2019-09-19 12:00:58,099 [0eafe25b-eef3-4e6e-962a-cfdd69f48960@group-E57B62D150CC-SegmentedRaftLogWorker] INFO  segmented.SegmentedRaftLogWorker (SegmentedRaftLogWorker.java:execute(569)) - 0eafe25b-eef3-4e6e-962a-cfdd69f48960@group-E57B62D150CC-SegmentedRaftLogWorker: created new log segment /workdir/hadoop-ozone/integration-test/target/test-dir/MiniOzoneClusterImpl-d8add679-7105-42f6-bf2c-18911ac53160/datanode-5/data/ratis/a625de63-8597-4c04-b87b-e57b62d150cc/current/log_inprogress_0
2019-09-19 12:00:58,099 [7d946ca7-a873-4723-b723-9ddee89d0bc7@group-A9823C1EF766-SegmentedRaftLogWorker] INFO  segmented.SegmentedRaftLogWorker (SegmentedRaftLogWorker.java:execute(569)) - 7d946ca7-a873-4723-b723-9ddee89d0bc7@group-A9823C1EF766-SegmentedRaftLogWorker: created new log segment /workdir/hadoop-ozone/integration-test/target/test-dir/MiniOzoneClusterImpl-d8add679-7105-42f6-bf2c-18911ac53160/datanode-8/data/ratis/8f57a7dd-98e2-41d5-9d7d-a9823c1ef766/current/log_inprogress_0
2019-09-19 12:00:58,099 [2fa9f0f6-b6af-48ee-80c5-dd8119aa09d6@group-F197496E7779-SegmentedRaftLogWorker] INFO  segmented.SegmentedRaftLogWorker (SegmentedRaftLogWorker.java:execute(569)) - 2fa9f0f6-b6af-48ee-80c5-dd8119aa09d6@group-F197496E7779-SegmentedRaftLogWorker: created new log segment /workdir/hadoop-ozone/integration-test/target/test-dir/MiniOzoneClusterImpl-d8add679-7105-42f6-bf2c-18911ac53160/datanode-7/data/ratis/6d8850fe-b2ec-45e2-8de3-f197496e7779/current/log_inprogress_0
2019-09-19 12:00:58,099 [ccd7891f-abf2-4840-bcfd-f7d46dfca276@group-E57B62D150CC-SegmentedRaftLogWorker] INFO  segmented.SegmentedRaftLogWorker (SegmentedRaftLogWorker.java:execute(569)) - ccd7891f-abf2-4840-bcfd-f7d46dfca276@group-E57B62D150CC-SegmentedRaftLogWorker: created new log segment /workdir/hadoop-ozone/integration-test/target/test-dir/MiniOzoneClusterImpl-d8add679-7105-42f6-bf2c-18911ac53160/datanode-6/data/ratis/a625de63-8597-4c04-b87b-e57b62d150cc/current/log_inprogress_0
2019-09-19 12:00:58,444 [grpc-default-executor-5] INFO  client.GrpcClientProtocolClient (GrpcClientProtocolClient.java:onNext(264)) - client-A01C9FFD10C9->14eab2a7-31b9-4bf4-80ab-c0ebf925c262: receive RaftClientReply:client-A01C9FFD10C9->14eab2a7-31b9-4bf4-80ab-c0ebf925c262@group-F197496E7779, cid=19, FAILED org.apache.ratis.protocol.NotLeaderException: Server 14eab2a7-31b9-4bf4-80ab-c0ebf925c262@group-F197496E7779 is not the leader b61b9bc0-c8d8-4ce8-a569-0c84e6e62f96:192.168.34.13:36095, logIndex=0, commits[14eab2a7-31b9-4bf4-80ab-c0ebf925c262:c0, 2fa9f0f6-b6af-48ee-80c5-dd8119aa09d6:c-1, b61b9bc0-c8d8-4ce8-a569-0c84e6e62f96:c0]
2019-09-19 12:00:58,757 [grpc-default-executor-6] INFO  client.GrpcClientProtocolClient (GrpcClientProtocolClient.java:onNext(264)) - client-A01C9FFD10C9->b61b9bc0-c8d8-4ce8-a569-0c84e6e62f96: receive RaftClientReply:client-A01C9FFD10C9->b61b9bc0-c8d8-4ce8-a569-0c84e6e62f96@group-F197496E7779, cid=19, SUCCESS, logIndex=1, commits[b61b9bc0-c8d8-4ce8-a569-0c84e6e62f96:c1, 14eab2a7-31b9-4bf4-80ab-c0ebf925c262:c0, 2fa9f0f6-b6af-48ee-80c5-dd8119aa09d6:c0]
2019-09-19 12:00:58,870 [grpc-default-executor-3] INFO  client.GrpcClientProtocolClient (GrpcClientProtocolClient.java:onNext(264)) - client-A01C9FFD10C9->b61b9bc0-c8d8-4ce8-a569-0c84e6e62f96: receive RaftClientReply:client-A01C9FFD10C9->b61b9bc0-c8d8-4ce8-a569-0c84e6e62f96@group-F197496E7779, cid=20, SUCCESS, logIndex=3, commits[b61b9bc0-c8d8-4ce8-a569-0c84e6e62f96:c8, 14eab2a7-31b9-4bf4-80ab-c0ebf925c262:c5, 2fa9f0f6-b6af-48ee-80c5-dd8119aa09d6:c6]
2019-09-19 12:00:58,881 [grpc-default-executor-3] INFO  client.GrpcClientProtocolClient (GrpcClientProtocolClient.java:onNext(264)) - client-A01C9FFD10C9->b61b9bc0-c8d8-4ce8-a569-0c84e6e62f96: receive RaftClientReply:client-A01C9FFD10C9->b61b9bc0-c8d8-4ce8-a569-0c84e6e62f96@group-F197496E7779, cid=21, SUCCESS, logIndex=4, commits[b61b9bc0-c8d8-4ce8-a569-0c84e6e62f96:c8, 14eab2a7-31b9-4bf4-80ab-c0ebf925c262:c5, 2fa9f0f6-b6af-48ee-80c5-dd8119aa09d6:c6]
2019-09-19 12:00:58,953 [grpc-default-executor-3] INFO  client.GrpcClientProtocolClient (GrpcClientProtocolClient.java:onNext(264)) - client-A01C9FFD10C9->b61b9bc0-c8d8-4ce8-a569-0c84e6e62f96: receive RaftClientReply:client-A01C9FFD10C9->b61b9bc0-c8d8-4ce8-a569-0c84e6e62f96@group-F197496E7779, cid=22, SUCCESS, logIndex=5, commits[b61b9bc0-c8d8-4ce8-a569-0c84e6e62f96:c8, 14eab2a7-31b9-4bf4-80ab-c0ebf925c262:c5, 2fa9f0f6-b6af-48ee-80c5-dd8119aa09d6:c6]
2019-09-19 12:00:59,028 [grpc-default-executor-2] INFO  client.GrpcClientProtocolClient (GrpcClientProtocolClient.java:onNext(264)) - client-A01C9FFD10C9->b61b9bc0-c8d8-4ce8-a569-0c84e6e62f96: receive RaftClientReply:client-A01C9FFD10C9->b61b9bc0-c8d8-4ce8-a569-0c84e6e62f96@group-F197496E7779, cid=23, SUCCESS, logIndex=9, commits[b61b9bc0-c8d8-4ce8-a569-0c84e6e62f96:c10, 14eab2a7-31b9-4bf4-80ab-c0ebf925c262:c8, 2fa9f0f6-b6af-48ee-80c5-dd8119aa09d6:c8]
2019-09-19 12:00:59,029 [grpc-default-executor-2] INFO  client.GrpcClientProtocolClient (GrpcClientProtocolClient.java:onNext(264)) - client-A01C9FFD10C9->b61b9bc0-c8d8-4ce8-a569-0c84e6e62f96: receive RaftClientReply:client-A01C9FFD10C9->b61b9bc0-c8d8-4ce8-a569-0c84e6e62f96@group-F197496E7779, cid=24, SUCCESS, logIndex=10, commits[b61b9bc0-c8d8-4ce8-a569-0c84e6e62f96:c10, 14eab2a7-31b9-4bf4-80ab-c0ebf925c262:c8, 2fa9f0f6-b6af-48ee-80c5-dd8119aa09d6:c8]
2019-09-19 12:00:59,041 [grpc-default-executor-2] INFO  client.GrpcClientProtocolClient (GrpcClientProtocolClient.java:onNext(264)) - client-A01C9FFD10C9->b61b9bc0-c8d8-4ce8-a569-0c84e6e62f96: receive RaftClientReply:client-A01C9FFD10C9->b61b9bc0-c8d8-4ce8-a569-0c84e6e62f96@group-F197496E7779, cid=25, SUCCESS, logIndex=11, commits[b61b9bc0-c8d8-4ce8-a569-0c84e6e62f96:c13, 14eab2a7-31b9-4bf4-80ab-c0ebf925c262:c10, 2fa9f0f6-b6af-48ee-80c5-dd8119aa09d6:c9]
2019-09-19 12:00:59,042 [grpc-default-executor-2] INFO  client.GrpcClientProtocolClient (GrpcClientProtocolClient.java:onNext(264)) - client-A01C9FFD10C9->b61b9bc0-c8d8-4ce8-a569-0c84e6e62f96: receive RaftClientReply:client-A01C9FFD10C9->b61b9bc0-c8d8-4ce8-a569-0c84e6e62f96@group-F197496E7779, cid=26, SUCCESS, logIndex=12, commits[b61b9bc0-c8d8-4ce8-a569-0c84e6e62f96:c14, 14eab2a7-31b9-4bf4-80ab-c0ebf925c262:c10, 2fa9f0f6-b6af-48ee-80c5-dd8119aa09d6:c10]
2019-09-19 12:00:59,069 [grpc-default-executor-6] INFO  client.GrpcClientProtocolClient (GrpcClientProtocolClient.java:onNext(264)) - client-A01C9FFD10C9->b61b9bc0-c8d8-4ce8-a569-0c84e6e62f96: receive RaftClientReply:client-A01C9FFD10C9->b61b9bc0-c8d8-4ce8-a569-0c84e6e62f96@group-F197496E7779, cid=27, SUCCESS, logIndex=0, commits[b61b9bc0-c8d8-4ce8-a569-0c84e6e62f96:c16, 14eab2a7-31b9-4bf4-80ab-c0ebf925c262:c12, 2fa9f0f6-b6af-48ee-80c5-dd8119aa09d6:c12]
2019-09-19 12:00:59,103 [grpc-default-executor-2] INFO  client.GrpcClientProtocolClient (GrpcClientProtocolClient.java:onNext(264)) - client-E7F445D3456E->ccaa8f46-a720-4c9d-b367-b8e62fb2ca31: receive RaftClientReply:client-E7F445D3456E->ccaa8f46-a720-4c9d-b367-b8e62fb2ca31@group-A9823C1EF766, cid=28, FAILED org.apache.ratis.protocol.NotLeaderException: Server ccaa8f46-a720-4c9d-b367-b8e62fb2ca31@group-A9823C1EF766 is not the leader a729cdbd-f787-49c0-8e2c-44f1fb27cdba:192.168.34.13:46503, logIndex=0, commits[ccaa8f46-a720-4c9d-b367-b8e62fb2ca31:c0, 7d946ca7-a873-4723-b723-9ddee89d0bc7:c0, a729cdbd-f787-49c0-8e2c-44f1fb27cdba:c0]
2019-09-19 12:00:59,268 [grpc-default-executor-2] INFO  client.GrpcClientProtocolClient (GrpcClientProtocolClient.java:onNext(264)) - client-E7F445D3456E->a729cdbd-f787-49c0-8e2c-44f1fb27cdba: receive RaftClientReply:client-E7F445D3456E->a729cdbd-f787-49c0-8e2c-44f1fb27cdba@group-A9823C1EF766, cid=28, SUCCESS, logIndex=1, commits[a729cdbd-f787-49c0-8e2c-44f1fb27cdba:c1, ccaa8f46-a720-4c9d-b367-b8e62fb2ca31:c0, 7d946ca7-a873-4723-b723-9ddee89d0bc7:c0]
2019-09-19 12:00:59,354 [grpc-default-executor-3] INFO  client.GrpcClientProtocolClient (GrpcClientProtocolClient.java:onNext(264)) - client-E7F445D3456E->a729cdbd-f787-49c0-8e2c-44f1fb27cdba: receive RaftClientReply:client-E7F445D3456E->a729cdbd-f787-49c0-8e2c-44f1fb27cdba@group-A9823C1EF766, cid=29, SUCCESS, logIndex=3, commits[a729cdbd-f787-49c0-8e2c-44f1fb27cdba:c7, ccaa8f46-a720-4c9d-b367-b8e62fb2ca31:c4, 7d946ca7-a873-4723-b723-9ddee89d0bc7:c4]
2019-09-19 12:00:59,357 [grpc-default-executor-3] INFO  client.GrpcClientProtocolClient (GrpcClientProtocolClient.java:onNext(264)) - client-E7F445D3456E->a729cdbd-f787-49c0-8e2c-44f1fb27cdba: receive RaftClientReply:client-E7F445D3456E->a729cdbd-f787-49c0-8e2c-44f1fb27cdba@group-A9823C1EF766, cid=30, SUCCESS, logIndex=4, commits[a729cdbd-f787-49c0-8e2c-44f1fb27cdba:c7, ccaa8f46-a720-4c9d-b367-b8e62fb2ca31:c4, 7d946ca7-a873-4723-b723-9ddee89d0bc7:c4]
2019-09-19 12:00:59,433 [grpc-default-executor-3] INFO  client.GrpcClientProtocolClient (GrpcClientProtocolClient.java:onNext(264)) - client-E7F445D3456E->a729cdbd-f787-49c0-8e2c-44f1fb27cdba: receive RaftClientReply:client-E7F445D3456E->a729cdbd-f787-49c0-8e2c-44f1fb27cdba@group-A9823C1EF766, cid=31, SUCCESS, logIndex=5, commits[a729cdbd-f787-49c0-8e2c-44f1fb27cdba:c7, ccaa8f46-a720-4c9d-b367-b8e62fb2ca31:c4, 7d946ca7-a873-4723-b723-9ddee89d0bc7:c4]
2019-09-19 12:00:59,479 [grpc-default-executor-6] INFO  client.GrpcClientProtocolClient (GrpcClientProtocolClient.java:onNext(264)) - client-E7F445D3456E->a729cdbd-f787-49c0-8e2c-44f1fb27cdba: receive RaftClientReply:client-E7F445D3456E->a729cdbd-f787-49c0-8e2c-44f1fb27cdba@group-A9823C1EF766, cid=32, SUCCESS, logIndex=8, commits[a729cdbd-f787-49c0-8e2c-44f1fb27cdba:c9, ccaa8f46-a720-4c9d-b367-b8e62fb2ca31:c7, 7d946ca7-a873-4723-b723-9ddee89d0bc7:c7]
2019-09-19 12:00:59,480 [grpc-default-executor-6] INFO  client.GrpcClientProtocolClient (GrpcClientProtocolClient.java:onNext(264)) - client-E7F445D3456E->a729cdbd-f787-49c0-8e2c-44f1fb27cdba: receive RaftClientReply:client-E7F445D3456E->a729cdbd-f787-49c0-8e2c-44f1fb27cdba@group-A9823C1EF766, cid=33, SUCCESS, logIndex=9, commits[a729cdbd-f787-49c0-8e2c-44f1fb27cdba:c9, ccaa8f46-a720-4c9d-b367-b8e62fb2ca31:c7, 7d946ca7-a873-4723-b723-9ddee89d0bc7:c7]
2019-09-19 12:00:59,519 [grpc-default-executor-2] INFO  client.GrpcClientProtocolClient (GrpcClientProtocolClient.java:onNext(264)) - client-E7F445D3456E->a729cdbd-f787-49c0-8e2c-44f1fb27cdba: receive RaftClientReply:client-E7F445D3456E->a729cdbd-f787-49c0-8e2c-44f1fb27cdba@group-A9823C1EF766, cid=34, SUCCESS, logIndex=12, commits[a729cdbd-f787-49c0-8e2c-44f1fb27cdba:c13, ccaa8f46-a720-4c9d-b367-b8e62fb2ca31:c11, 7d946ca7-a873-4723-b723-9ddee89d0bc7:c11]
2019-09-19 12:00:59,520 [grpc-default-executor-2] INFO  client.GrpcClientProtocolClient (GrpcClientProtocolClient.java:onNext(264)) - client-E7F445D3456E->a729cdbd-f787-49c0-8e2c-44f1fb27cdba: receive RaftClientReply:client-E7F445D3456E->a729cdbd-f787-49c0-8e2c-44f1fb27cdba@group-A9823C1EF766, cid=35, SUCCESS, logIndex=13, commits[a729cdbd-f787-49c0-8e2c-44f1fb27cdba:c13, ccaa8f46-a720-4c9d-b367-b8e62fb2ca31:c11, 7d946ca7-a873-4723-b723-9ddee89d0bc7:c11]
2019-09-19 12:00:59,551 [grpc-default-executor-2] INFO  client.GrpcClientProtocolClient (GrpcClientProtocolClient.java:onNext(264)) - client-E7F445D3456E->a729cdbd-f787-49c0-8e2c-44f1fb27cdba: receive RaftClientReply:client-E7F445D3456E->a729cdbd-f787-49c0-8e2c-44f1fb27cdba@group-A9823C1EF766, cid=36, SUCCESS, logIndex=0, commits[a729cdbd-f787-49c0-8e2c-44f1fb27cdba:c15, ccaa8f46-a720-4c9d-b367-b8e62fb2ca31:c13, 7d946ca7-a873-4723-b723-9ddee89d0bc7:c13]
2019-09-19 12:01:02,562 [java.util.concurrent.ThreadPoolExecutor$Worker@3e8d0eb4[State = -1, empty queue]] WARN  server.GrpcLogAppender (GrpcLogAppender.java:timeoutAppendRequest(200)) - a729cdbd-f787-49c0-8e2c-44f1fb27cdba@group-A9823C1EF766->7d946ca7-a873-4723-b723-9ddee89d0bc7-GrpcLogAppender: appendEntries Timeout, request=a729cdbd-f787-49c0-8e2c-44f1fb27cdba->7d946ca7-a873-4723-b723-9ddee89d0bc7#19-t2, previous=(t:2, i:15), leaderCommit=15, initializing? false, entries: size=1, first=(t:2, i:16), STATEMACHINELOGENTRY, client-E7F445D3456E, cid=37
2019-09-19 12:01:02,562 [java.util.concurrent.ThreadPoolExecutor$Worker@3540f9e3[State = -1, empty queue]] WARN  server.GrpcLogAppender (GrpcLogAppender.java:timeoutAppendRequest(200)) - a729cdbd-f787-49c0-8e2c-44f1fb27cdba@group-A9823C1EF766->ccaa8f46-a720-4c9d-b367-b8e62fb2ca31-GrpcLogAppender: appendEntries Timeout, request=a729cdbd-f787-49c0-8e2c-44f1fb27cdba->ccaa8f46-a720-4c9d-b367-b8e62fb2ca31#19-t2, previous=(t:2, i:15), leaderCommit=15, initializing? false, entries: size=1, first=(t:2, i:16), STATEMACHINELOGENTRY, client-E7F445D3456E, cid=37
2019-09-19 12:01:02,567 [java.util.concurrent.ThreadPoolExecutor$Worker@3e8d0eb4[State = -1, empty queue]] WARN  server.GrpcLogAppender (GrpcLogAppender.java:timeoutAppendRequest(200)) - a729cdbd-f787-49c0-8e2c-44f1fb27cdba@group-A9823C1EF766->7d946ca7-a873-4723-b723-9ddee89d0bc7-GrpcLogAppender: appendEntries Timeout, request=a729cdbd-f787-49c0-8e2c-44f1fb27cdba->7d946ca7-a873-4723-b723-9ddee89d0bc7#20-t2, previous=(t:2, i:16), leaderCommit=15, initializing? false, entries: size=1, first=(t:2, i:17), STATEMACHINELOGENTRY, client-E7F445D3456E, cid=38
2019-09-19 12:01:02,570 [java.util.concurrent.ThreadPoolExecutor$Worker@3540f9e3[State = -1, empty queue]] WARN  server.GrpcLogAppender (GrpcLogAppender.java:timeoutAppendRequest(200)) - a729cdbd-f787-49c0-8e2c-44f1fb27cdba@group-A9823C1EF766->ccaa8f46-a720-4c9d-b367-b8e62fb2ca31-GrpcLogAppender: appendEntries Timeout, request=a729cdbd-f787-49c0-8e2c-44f1fb27cdba->ccaa8f46-a720-4c9d-b367-b8e62fb2ca31#20-t2, previous=(t:2, i:16), leaderCommit=15, initializing? false, entries: size=1, first=(t:2, i:17), STATEMACHINELOGENTRY, client-E7F445D3456E, cid=38
2019-09-19 12:01:02,573 [java.util.concurrent.ThreadPoolExecutor$Worker@3e8d0eb4[State = -1, empty queue]] WARN  server.GrpcLogAppender (GrpcLogAppender.java:timeoutAppendRequest(200)) - a729cdbd-f787-49c0-8e2c-44f1fb27cdba@group-A9823C1EF766->7d946ca7-a873-4723-b723-9ddee89d0bc7-GrpcLogAppender: appendEntries Timeout, request=a729cdbd-f787-49c0-8e2c-44f1fb27cdba->7d946ca7-a873-4723-b723-9ddee89d0bc7#21-t2, previous=(t:2, i:17), leaderCommit=15, initializing? false, entries: size=1, first=(t:2, i:18), STATEMACHINELOGENTRY, client-E7F445D3456E, cid=39
2019-09-19 12:01:02,576 [java.util.concurrent.ThreadPoolExecutor$Worker@3540f9e3[State = -1, empty queue]] WARN  server.GrpcLogAppender (GrpcLogAppender.java:timeoutAppendRequest(200)) - a729cdbd-f787-49c0-8e2c-44f1fb27cdba@group-A9823C1EF766->ccaa8f46-a720-4c9d-b367-b8e62fb2ca31-GrpcLogAppender: appendEntries Timeout, request=a729cdbd-f787-49c0-8e2c-44f1fb27cdba->ccaa8f46-a720-4c9d-b367-b8e62fb2ca31#21-t2, previous=(t:2, i:17), leaderCommit=15, initializing? false, entries: size=1, first=(t:2, i:18), STATEMACHINELOGENTRY, client-E7F445D3456E, cid=39
2019-09-19 12:01:02,586 [java.util.concurrent.ThreadPoolExecutor$Worker@3540f9e3[State = -1, empty queue]] WARN  server.GrpcLogAppender (GrpcLogAppender.java:timeoutAppendRequest(200)) - a729cdbd-f787-49c0-8e2c-44f1fb27cdba@group-A9823C1EF766->ccaa8f46-a720-4c9d-b367-b8e62fb2ca31-GrpcLogAppender: appendEntries Timeout, request=a729cdbd-f787-49c0-8e2c-44f1fb27cdba->ccaa8f46-a720-4c9d-b367-b8e62fb2ca31#22-t2, previous=(t:2, i:18), leaderCommit=15, initializing? false, entries: size=1, first=(t:2, i:19), STATEMACHINELOGENTRY, client-E7F445D3456E, cid=40
2019-09-19 12:01:02,586 [java.util.concurrent.ThreadPoolExecutor$Worker@3e8d0eb4[State = -1, empty queue]] WARN  server.GrpcLogAppender (GrpcLogAppender.java:timeoutAppendRequest(200)) - a729cdbd-f787-49c0-8e2c-44f1fb27cdba@group-A9823C1EF766->7d946ca7-a873-4723-b723-9ddee89d0bc7-GrpcLogAppender: appendEntries Timeout, request=a729cdbd-f787-49c0-8e2c-44f1fb27cdba->7d946ca7-a873-4723-b723-9ddee89d0bc7#22-t2, previous=(t:2, i:18), leaderCommit=15, initializing? false, entries: size=1, first=(t:2, i:19), STATEMACHINELOGENTRY, client-E7F445D3456E, cid=40
2019-09-19 12:01:03,067 [java.util.concurrent.ThreadPoolExecutor$Worker@3e8d0eb4[State = -1, empty queue]] WARN  server.GrpcLogAppender (GrpcLogAppender.java:timeoutAppendRequest(200)) - a729cdbd-f787-49c0-8e2c-44f1fb27cdba@group-A9823C1EF766->7d946ca7-a873-4723-b723-9ddee89d0bc7-GrpcLogAppender: appendEntries Timeout, request=a729cdbd-f787-49c0-8e2c-44f1fb27cdba->7d946ca7-a873-4723-b723-9ddee89d0bc7#23-t2, previous=(t:2, i:19), leaderCommit=15, initializing? false, entries: <empty>
2019-09-19 12:01:03,067 [java.util.concurrent.ThreadPoolExecutor$Worker@3540f9e3[State = -1, empty queue]] WARN  server.GrpcLogAppender (GrpcLogAppender.java:timeoutAppendRequest(200)) - a729cdbd-f787-49c0-8e2c-44f1fb27cdba@group-A9823C1EF766->ccaa8f46-a720-4c9d-b367-b8e62fb2ca31-GrpcLogAppender: appendEntries Timeout, request=a729cdbd-f787-49c0-8e2c-44f1fb27cdba->ccaa8f46-a720-4c9d-b367-b8e62fb2ca31#23-t2, previous=(t:2, i:19), leaderCommit=15, initializing? false, entries: <empty>
2019-09-19 12:01:03,567 [java.util.concurrent.ThreadPoolExecutor$Worker@3e8d0eb4[State = -1, empty queue]] WARN  server.GrpcLogAppender (GrpcLogAppender.java:timeoutAppendRequest(200)) - a729cdbd-f787-49c0-8e2c-44f1fb27cdba@group-A9823C1EF766->7d946ca7-a873-4723-b723-9ddee89d0bc7-GrpcLogAppender: appendEntries Timeout, request=a729cdbd-f787-49c0-8e2c-44f1fb27cdba->7d946ca7-a873-4723-b723-9ddee89d0bc7#24-t2, previous=(t:2, i:19), leaderCommit=15, initializing? false, entries: <empty>
2019-09-19 12:01:03,567 [java.util.concurrent.ThreadPoolExecutor$Worker@3540f9e3[State = -1, empty queue]] WARN  server.GrpcLogAppender (GrpcLogAppender.java:timeoutAppendRequest(200)) - a729cdbd-f787-49c0-8e2c-44f1fb27cdba@group-A9823C1EF766->ccaa8f46-a720-4c9d-b367-b8e62fb2ca31-GrpcLogAppender: appendEntries Timeout, request=a729cdbd-f787-49c0-8e2c-44f1fb27cdba->ccaa8f46-a720-4c9d-b367-b8e62fb2ca31#24-t2, previous=(t:2, i:19), leaderCommit=15, initializing? false, entries: <empty>
2019-09-19 12:01:04,073 [java.util.concurrent.ThreadPoolExecutor$Worker@3540f9e3[State = -1, empty queue]] WARN  server.GrpcLogAppender (GrpcLogAppender.java:timeoutAppendRequest(200)) - a729cdbd-f787-49c0-8e2c-44f1fb27cdba@group-A9823C1EF766->ccaa8f46-a720-4c9d-b367-b8e62fb2ca31-GrpcLogAppender: appendEntries Timeout, request=a729cdbd-f787-49c0-8e2c-44f1fb27cdba->ccaa8f46-a720-4c9d-b367-b8e62fb2ca31#25-t2, previous=(t:2, i:19), leaderCommit=15, initializing? false, entries: <empty>
2019-09-19 12:01:04,073 [java.util.concurrent.ThreadPoolExecutor$Worker@3e8d0eb4[State = -1, empty queue]] WARN  server.GrpcLogAppender (GrpcLogAppender.java:timeoutAppendRequest(200)) - a729cdbd-f787-49c0-8e2c-44f1fb27cdba@group-A9823C1EF766->7d946ca7-a873-4723-b723-9ddee89d0bc7-GrpcLogAppender: appendEntries Timeout, request=a729cdbd-f787-49c0-8e2c-44f1fb27cdba->7d946ca7-a873-4723-b723-9ddee89d0bc7#25-t2, previous=(t:2, i:19), leaderCommit=15, initializing? false, entries: <empty>
2019-09-19 12:01:04,573 [java.util.concurrent.ThreadPoolExecutor$Worker@3540f9e3[State = -1, empty queue]] WARN  server.GrpcLogAppender (GrpcLogAppender.java:timeoutAppendRequest(200)) - a729cdbd-f787-49c0-8e2c-44f1fb27cdba@group-A9823C1EF766->ccaa8f46-a720-4c9d-b367-b8e62fb2ca31-GrpcLogAppender: appendEntries Timeout, request=a729cdbd-f787-49c0-8e2c-44f1fb27cdba->ccaa8f46-a720-4c9d-b367-b8e62fb2ca31#26-t2, previous=(t:2, i:19), leaderCommit=15, initializing? false, entries: <empty>
2019-09-19 12:01:04,573 [java.util.concurrent.ThreadPoolExecutor$Worker@3e8d0eb4[State = -1, empty queue]] WARN  server.GrpcLogAppender (GrpcLogAppender.java:timeoutAppendRequest(200)) - a729cdbd-f787-49c0-8e2c-44f1fb27cdba@group-A9823C1EF766->7d946ca7-a873-4723-b723-9ddee89d0bc7-GrpcLogAppender: appendEntries Timeout, request=a729cdbd-f787-49c0-8e2c-44f1fb27cdba->7d946ca7-a873-4723-b723-9ddee89d0bc7#26-t2, previous=(t:2, i:19), leaderCommit=15, initializing? false, entries: <empty>
2019-09-19 12:01:04,636 [grpc-default-executor-3] INFO  client.GrpcClientProtocolClient (GrpcClientProtocolClient.java:onNext(264)) - client-E7F445D3456E->ccaa8f46-a720-4c9d-b367-b8e62fb2ca31: receive RaftClientReply:client-E7F445D3456E->ccaa8f46-a720-4c9d-b367-b8e62fb2ca31@group-A9823C1EF766, cid=37, FAILED org.apache.ratis.protocol.NotLeaderException: Server ccaa8f46-a720-4c9d-b367-b8e62fb2ca31@group-A9823C1EF766 is not the leader a729cdbd-f787-49c0-8e2c-44f1fb27cdba:192.168.34.13:46503, logIndex=0, commits[ccaa8f46-a720-4c9d-b367-b8e62fb2ca31:c15, 7d946ca7-a873-4723-b723-9ddee89d0bc7:c13, a729cdbd-f787-49c0-8e2c-44f1fb27cdba:c15]
2019-09-19 12:01:05,074 [java.util.concurrent.ThreadPoolExecutor$Worker@3e8d0eb4[State = -1, empty queue]] WARN  server.GrpcLogAppender (GrpcLogAppender.java:timeoutAppendRequest(200)) - a729cdbd-f787-49c0-8e2c-44f1fb27cdba@group-A9823C1EF766->7d946ca7-a873-4723-b723-9ddee89d0bc7-GrpcLogAppender: appendEntries Timeout, request=a729cdbd-f787-49c0-8e2c-44f1fb27cdba->7d946ca7-a873-4723-b723-9ddee89d0bc7#27-t2, previous=(t:2, i:19), leaderCommit=15, initializing? false, entries: <empty>
2019-09-19 12:01:05,074 [java.util.concurrent.ThreadPoolExecutor$Worker@3540f9e3[State = -1, empty queue]] WARN  server.GrpcLogAppender (GrpcLogAppender.java:timeoutAppendRequest(200)) - a729cdbd-f787-49c0-8e2c-44f1fb27cdba@group-A9823C1EF766->ccaa8f46-a720-4c9d-b367-b8e62fb2ca31-GrpcLogAppender: appendEntries Timeout, request=a729cdbd-f787-49c0-8e2c-44f1fb27cdba->ccaa8f46-a720-4c9d-b367-b8e62fb2ca31#27-t2, previous=(t:2, i:19), leaderCommit=15, initializing? false, entries: <empty>
2019-09-19 12:01:05,587 [java.util.concurrent.ThreadPoolExecutor$Worker@3540f9e3[State = -1, empty queue]] WARN  server.GrpcLogAppender (GrpcLogAppender.java:timeoutAppendRequest(200)) - a729cdbd-f787-49c0-8e2c-44f1fb27cdba@group-A9823C1EF766->ccaa8f46-a720-4c9d-b367-b8e62fb2ca31-GrpcLogAppender: appendEntries Timeout, request=a729cdbd-f787-49c0-8e2c-44f1fb27cdba->ccaa8f46-a720-4c9d-b367-b8e62fb2ca31#28-t2, previous=(t:2, i:19), leaderCommit=15, initializing? false, entries: <empty>
2019-09-19 12:01:05,587 [java.util.concurrent.ThreadPoolExecutor$Worker@3e8d0eb4[State = -1, empty queue]] WARN  server.GrpcLogAppender (GrpcLogAppender.java:timeoutAppendRequest(200)) - a729cdbd-f787-49c0-8e2c-44f1fb27cdba@group-A9823C1EF766->7d946ca7-a873-4723-b723-9ddee89d0bc7-GrpcLogAppender: appendEntries Timeout, request=a729cdbd-f787-49c0-8e2c-44f1fb27cdba->7d946ca7-a873-4723-b723-9ddee89d0bc7#28-t2, previous=(t:2, i:19), leaderCommit=15, initializing? false, entries: <empty>
2019-09-19 12:01:06,088 [java.util.concurrent.ThreadPoolExecutor$Worker@3540f9e3[State = -1, empty queue]] WARN  server.GrpcLogAppender (GrpcLogAppender.java:timeoutAppendRequest(200)) - a729cdbd-f787-49c0-8e2c-44f1fb27cdba@group-A9823C1EF766->ccaa8f46-a720-4c9d-b367-b8e62fb2ca31-GrpcLogAppender: appendEntries Timeout, request=a729cdbd-f787-49c0-8e2c-44f1fb27cdba->ccaa8f46-a720-4c9d-b367-b8e62fb2ca31#29-t2, previous=(t:2, i:19), leaderCommit=15, initializing? false, entries: <empty>
2019-09-19 12:01:06,088 [java.util.concurrent.ThreadPoolExecutor$Worker@3e8d0eb4[State = -1, empty queue]] WARN  server.GrpcLogAppender (GrpcLogAppender.java:timeoutAppendRequest(200)) - a729cdbd-f787-49c0-8e2c-44f1fb27cdba@group-A9823C1EF766->7d946ca7-a873-4723-b723-9ddee89d0bc7-GrpcLogAppender: appendEntries Timeout, request=a729cdbd-f787-49c0-8e2c-44f1fb27cdba->7d946ca7-a873-4723-b723-9ddee89d0bc7#29-t2, previous=(t:2, i:19), leaderCommit=15, initializing? false, entries: <empty>
2019-09-19 12:01:06,589 [java.util.concurrent.ThreadPoolExecutor$Worker@3540f9e3[State = -1, empty queue]] WARN  server.GrpcLogAppender (GrpcLogAppender.java:timeoutAppendRequest(200)) - a729cdbd-f787-49c0-8e2c-44f1fb27cdba@group-A9823C1EF766->ccaa8f46-a720-4c9d-b367-b8e62fb2ca31-GrpcLogAppender: appendEntries Timeout, request=a729cdbd-f787-49c0-8e2c-44f1fb27cdba->ccaa8f46-a720-4c9d-b367-b8e62fb2ca31#30-t2, previous=(t:2, i:19), leaderCommit=15, initializing? false, entries: <empty>
2019-09-19 12:01:06,589 [java.util.concurrent.ThreadPoolExecutor$Worker@3e8d0eb4[State = -1, empty queue]] WARN  server.GrpcLogAppender (GrpcLogAppender.java:timeoutAppendRequest(200)) - a729cdbd-f787-49c0-8e2c-44f1fb27cdba@group-A9823C1EF766->7d946ca7-a873-4723-b723-9ddee89d0bc7-GrpcLogAppender: appendEntries Timeout, request=a729cdbd-f787-49c0-8e2c-44f1fb27cdba->7d946ca7-a873-4723-b723-9ddee89d0bc7#30-t2, previous=(t:2, i:19), leaderCommit=15, initializing? false, entries: <empty>
2019-09-19 12:01:07,090 [java.util.concurrent.ThreadPoolExecutor$Worker@3e8d0eb4[State = -1, empty queue]] WARN  server.GrpcLogAppender (GrpcLogAppender.java:timeoutAppendRequest(200)) - a729cdbd-f787-49c0-8e2c-44f1fb27cdba@group-A9823C1EF766->7d946ca7-a873-4723-b723-9ddee89d0bc7-GrpcLogAppender: appendEntries Timeout, request=a729cdbd-f787-49c0-8e2c-44f1fb27cdba->7d946ca7-a873-4723-b723-9ddee89d0bc7#31-t2, previous=(t:2, i:19), leaderCommit=15, initializing? false, entries: <empty>
2019-09-19 12:01:07,090 [java.util.concurrent.ThreadPoolExecutor$Worker@3540f9e3[State = -1, empty queue]] WARN  server.GrpcLogAppender (GrpcLogAppender.java:timeoutAppendRequest(200)) - a729cdbd-f787-49c0-8e2c-44f1fb27cdba@group-A9823C1EF766->ccaa8f46-a720-4c9d-b367-b8e62fb2ca31-GrpcLogAppender: appendEntries Timeout, request=a729cdbd-f787-49c0-8e2c-44f1fb27cdba->ccaa8f46-a720-4c9d-b367-b8e62fb2ca31#31-t2, previous=(t:2, i:19), leaderCommit=15, initializing? false, entries: <empty>
2019-09-19 12:01:07,590 [java.util.concurrent.ThreadPoolExecutor$Worker@3540f9e3[State = -1, empty queue]] WARN  server.GrpcLogAppender (GrpcLogAppender.java:timeoutAppendRequest(200)) - a729cdbd-f787-49c0-8e2c-44f1fb27cdba@group-A9823C1EF766->ccaa8f46-a720-4c9d-b367-b8e62fb2ca31-GrpcLogAppender: appendEntries Timeout, request=a729cdbd-f787-49c0-8e2c-44f1fb27cdba->ccaa8f46-a720-4c9d-b367-b8e62fb2ca31#32-t2, previous=(t:2, i:19), leaderCommit=15, initializing? false, entries: <empty>
2019-09-19 12:01:07,590 [java.util.concurrent.ThreadPoolExecutor$Worker@3e8d0eb4[State = -1, empty queue]] WARN  server.GrpcLogAppender (GrpcLogAppender.java:timeoutAppendRequest(200)) - a729cdbd-f787-49c0-8e2c-44f1fb27cdba@group-A9823C1EF766->7d946ca7-a873-4723-b723-9ddee89d0bc7-GrpcLogAppender: appendEntries Timeout, request=a729cdbd-f787-49c0-8e2c-44f1fb27cdba->7d946ca7-a873-4723-b723-9ddee89d0bc7#32-t2, previous=(t:2, i:19), leaderCommit=15, initializing? false, entries: <empty>
2019-09-19 12:01:08,091 [java.util.concurrent.ThreadPoolExecutor$Worker@3e8d0eb4[State = -1, empty queue]] WARN  server.GrpcLogAppender (GrpcLogAppender.java:timeoutAppendRequest(200)) - a729cdbd-f787-49c0-8e2c-44f1fb27cdba@group-A9823C1EF766->7d946ca7-a873-4723-b723-9ddee89d0bc7-GrpcLogAppender: appendEntries Timeout, request=a729cdbd-f787-49c0-8e2c-44f1fb27cdba->7d946ca7-a873-4723-b723-9ddee89d0bc7#33-t2, previous=(t:2, i:19), leaderCommit=15, initializing? false, entries: <empty>
2019-09-19 12:01:08,091 [java.util.concurrent.ThreadPoolExecutor$Worker@3540f9e3[State = -1, empty queue]] WARN  server.GrpcLogAppender (GrpcLogAppender.java:timeoutAppendRequest(200)) - a729cdbd-f787-49c0-8e2c-44f1fb27cdba@group-A9823C1EF766->ccaa8f46-a720-4c9d-b367-b8e62fb2ca31-GrpcLogAppender: appendEntries Timeout, request=a729cdbd-f787-49c0-8e2c-44f1fb27cdba->ccaa8f46-a720-4c9d-b367-b8e62fb2ca31#33-t2, previous=(t:2, i:19), leaderCommit=15, initializing? false, entries: <empty>
2019-09-19 12:01:08,591 [java.util.concurrent.ThreadPoolExecutor$Worker@3e8d0eb4[State = -1, empty queue]] WARN  server.GrpcLogAppender (GrpcLogAppender.java:timeoutAppendRequest(200)) - a729cdbd-f787-49c0-8e2c-44f1fb27cdba@group-A9823C1EF766->7d946ca7-a873-4723-b723-9ddee89d0bc7-GrpcLogAppender: appendEntries Timeout, request=a729cdbd-f787-49c0-8e2c-44f1fb27cdba->7d946ca7-a873-4723-b723-9ddee89d0bc7#34-t2, previous=(t:2, i:19), leaderCommit=15, initializing? false, entries: <empty>
2019-09-19 12:01:08,591 [java.util.concurrent.ThreadPoolExecutor$Worker@3540f9e3[State = -1, empty queue]] WARN  server.GrpcLogAppender (GrpcLogAppender.java:timeoutAppendRequest(200)) - a729cdbd-f787-49c0-8e2c-44f1fb27cdba@group-A9823C1EF766->ccaa8f46-a720-4c9d-b367-b8e62fb2ca31-GrpcLogAppender: appendEntries Timeout, request=a729cdbd-f787-49c0-8e2c-44f1fb27cdba->ccaa8f46-a720-4c9d-b367-b8e62fb2ca31#34-t2, previous=(t:2, i:19), leaderCommit=15, initializing? false, entries: <empty>
2019-09-19 12:01:09,092 [java.util.concurrent.ThreadPoolExecutor$Worker@3540f9e3[State = -1, empty queue]] WARN  server.GrpcLogAppender (GrpcLogAppender.java:timeoutAppendRequest(200)) - a729cdbd-f787-49c0-8e2c-44f1fb27cdba@group-A9823C1EF766->ccaa8f46-a720-4c9d-b367-b8e62fb2ca31-GrpcLogAppender: appendEntries Timeout, request=a729cdbd-f787-49c0-8e2c-44f1fb27cdba->ccaa8f46-a720-4c9d-b367-b8e62fb2ca31#35-t2, previous=(t:2, i:19), leaderCommit=15, initializing? false, entries: <empty>
2019-09-19 12:01:09,092 [java.util.concurrent.ThreadPoolExecutor$Worker@3e8d0eb4[State = -1, empty queue]] WARN  server.GrpcLogAppender (GrpcLogAppender.java:timeoutAppendRequest(200)) - a729cdbd-f787-49c0-8e2c-44f1fb27cdba@group-A9823C1EF766->7d946ca7-a873-4723-b723-9ddee89d0bc7-GrpcLogAppender: appendEntries Timeout, request=a729cdbd-f787-49c0-8e2c-44f1fb27cdba->7d946ca7-a873-4723-b723-9ddee89d0bc7#35-t2, previous=(t:2, i:19), leaderCommit=15, initializing? false, entries: <empty>
2019-09-19 12:01:09,592 [java.util.concurrent.ThreadPoolExecutor$Worker@3540f9e3[State = -1, empty queue]] WARN  server.GrpcLogAppender (GrpcLogAppender.java:timeoutAppendRequest(200)) - a729cdbd-f787-49c0-8e2c-44f1fb27cdba@group-A9823C1EF766->ccaa8f46-a720-4c9d-b367-b8e62fb2ca31-GrpcLogAppender: appendEntries Timeout, request=a729cdbd-f787-49c0-8e2c-44f1fb27cdba->ccaa8f46-a720-4c9d-b367-b8e62fb2ca31#36-t2, previous=(t:2, i:19), leaderCommit=15, initializing? false, entries: <empty>
2019-09-19 12:01:09,592 [java.util.concurrent.ThreadPoolExecutor$Worker@3e8d0eb4[State = -1, empty queue]] WARN  server.GrpcLogAppender (GrpcLogAppender.java:timeoutAppendRequest(200)) - a729cdbd-f787-49c0-8e2c-44f1fb27cdba@group-A9823C1EF766->7d946ca7-a873-4723-b723-9ddee89d0bc7-GrpcLogAppender: appendEntries Timeout, request=a729cdbd-f787-49c0-8e2c-44f1fb27cdba->7d946ca7-a873-4723-b723-9ddee89d0bc7#36-t2, previous=(t:2, i:19), leaderCommit=15, initializing? false, entries: <empty>
2019-09-19 12:01:09,668 [a729cdbd-f787-49c0-8e2c-44f1fb27cdba@group-A9823C1EF766-SegmentedRaftLogWorker] WARN  segmented.SegmentedRaftLogWorker (SegmentedRaftLogWorker.java:getFromFuture(90)) - Timeout 0/~
org.apache.ratis.protocol.TimeoutIOException: Timeout 10s: WriteLog:18: (t:2, i:18), STATEMACHINELOGENTRY, client-E7F445D3456E, cid=39-writeStateMachineData
	at org.apache.ratis.util.IOUtils.getFromFuture(IOUtils.java:87)
	at org.apache.ratis.server.raftlog.segmented.SegmentedRaftLogWorker$StateMachineDataPolicy.getFromFuture(SegmentedRaftLogWorker.java:87)
	at org.apache.ratis.server.raftlog.segmented.SegmentedRaftLogWorker$WriteLog.execute(SegmentedRaftLogWorker.java:477)
	at org.apache.ratis.server.raftlog.segmented.SegmentedRaftLogWorker.run(SegmentedRaftLogWorker.java:289)
	at java.lang.Thread.run(Thread.java:748)
Caused by: java.util.concurrent.TimeoutException
	at java.util.concurrent.CompletableFuture.timedGet(CompletableFuture.java:1771)
	at java.util.concurrent.CompletableFuture.get(CompletableFuture.java:1915)
	at org.apache.ratis.util.IOUtils.getFromFuture(IOUtils.java:79)
	... 4 more
2019-09-19 12:01:09,668 [ccaa8f46-a720-4c9d-b367-b8e62fb2ca31@group-A9823C1EF766-SegmentedRaftLogWorker] WARN  segmented.SegmentedRaftLogWorker (SegmentedRaftLogWorker.java:getFromFuture(90)) - Timeout 0/~
org.apache.ratis.protocol.TimeoutIOException: Timeout 10s: WriteLog:18: (t:2, i:18), STATEMACHINELOGENTRY, client-E7F445D3456E, cid=39-writeStateMachineData
	at org.apache.ratis.util.IOUtils.getFromFuture(IOUtils.java:87)
	at org.apache.ratis.server.raftlog.segmented.SegmentedRaftLogWorker$StateMachineDataPolicy.getFromFuture(SegmentedRaftLogWorker.java:87)
	at org.apache.ratis.server.raftlog.segmented.SegmentedRaftLogWorker$WriteLog.execute(SegmentedRaftLogWorker.java:477)
	at org.apache.ratis.server.raftlog.segmented.SegmentedRaftLogWorker.run(SegmentedRaftLogWorker.java:289)
	at java.lang.Thread.run(Thread.java:748)
Caused by: java.util.concurrent.TimeoutException
	at java.util.concurrent.CompletableFuture.timedGet(CompletableFuture.java:1771)
	at java.util.concurrent.CompletableFuture.get(CompletableFuture.java:1915)
	at org.apache.ratis.util.IOUtils.getFromFuture(IOUtils.java:79)
	... 4 more
2019-09-19 12:01:09,668 [7d946ca7-a873-4723-b723-9ddee89d0bc7@group-A9823C1EF766-SegmentedRaftLogWorker] WARN  segmented.SegmentedRaftLogWorker (SegmentedRaftLogWorker.java:getFromFuture(90)) - Timeout 0/~
org.apache.ratis.protocol.TimeoutIOException: Timeout 10s: WriteLog:18: (t:2, i:18), STATEMACHINELOGENTRY, client-E7F445D3456E, cid=39-writeStateMachineData
	at org.apache.ratis.util.IOUtils.getFromFuture(IOUtils.java:87)
	at org.apache.ratis.server.raftlog.segmented.SegmentedRaftLogWorker$StateMachineDataPolicy.getFromFuture(SegmentedRaftLogWorker.java:87)
	at org.apache.ratis.server.raftlog.segmented.SegmentedRaftLogWorker$WriteLog.execute(SegmentedRaftLogWorker.java:477)
	at org.apache.ratis.server.raftlog.segmented.SegmentedRaftLogWorker.run(SegmentedRaftLogWorker.java:289)
	at java.lang.Thread.run(Thread.java:748)
Caused by: java.util.concurrent.TimeoutException
	at java.util.concurrent.CompletableFuture.timedGet(CompletableFuture.java:1771)
	at java.util.concurrent.CompletableFuture.get(CompletableFuture.java:1915)
	at org.apache.ratis.util.IOUtils.getFromFuture(IOUtils.java:79)
	... 4 more
2019-09-19 12:01:09,700 [grpc-default-executor-3] INFO  client.GrpcClientProtocolClient (GrpcClientProtocolClient.java:onNext(264)) - client-E7F445D3456E->7d946ca7-a873-4723-b723-9ddee89d0bc7: receive RaftClientReply:client-E7F445D3456E->7d946ca7-a873-4723-b723-9ddee89d0bc7@group-A9823C1EF766, cid=37, FAILED org.apache.ratis.protocol.NotLeaderException: Server 7d946ca7-a873-4723-b723-9ddee89d0bc7@group-A9823C1EF766 is not the leader a729cdbd-f787-49c0-8e2c-44f1fb27cdba:192.168.34.13:46503, logIndex=0, commits[7d946ca7-a873-4723-b723-9ddee89d0bc7:c15, ccaa8f46-a720-4c9d-b367-b8e62fb2ca31:c13, a729cdbd-f787-49c0-8e2c-44f1fb27cdba:c15]
2019-09-19 12:01:10,093 [java.util.concurrent.ThreadPoolExecutor$Worker@3e8d0eb4[State = -1, empty queue]] WARN  server.GrpcLogAppender (GrpcLogAppender.java:timeoutAppendRequest(200)) - a729cdbd-f787-49c0-8e2c-44f1fb27cdba@group-A9823C1EF766->7d946ca7-a873-4723-b723-9ddee89d0bc7-GrpcLogAppender: appendEntries Timeout, request=a729cdbd-f787-49c0-8e2c-44f1fb27cdba->7d946ca7-a873-4723-b723-9ddee89d0bc7#37-t2, previous=(t:2, i:19), leaderCommit=15, initializing? false, entries: <empty>
2019-09-19 12:01:10,093 [java.util.concurrent.ThreadPoolExecutor$Worker@3540f9e3[State = -1, empty queue]] WARN  server.GrpcLogAppender (GrpcLogAppender.java:timeoutAppendRequest(200)) - a729cdbd-f787-49c0-8e2c-44f1fb27cdba@group-A9823C1EF766->ccaa8f46-a720-4c9d-b367-b8e62fb2ca31-GrpcLogAppender: appendEntries Timeout, request=a729cdbd-f787-49c0-8e2c-44f1fb27cdba->ccaa8f46-a720-4c9d-b367-b8e62fb2ca31#37-t2, previous=(t:2, i:19), leaderCommit=15, initializing? false, entries: <empty>
2019-09-19 12:01:10,595 [java.util.concurrent.ThreadPoolExecutor$Worker@3540f9e3[State = -1, empty queue]] WARN  server.GrpcLogAppender (GrpcLogAppender.java:timeoutAppendRequest(200)) - a729cdbd-f787-49c0-8e2c-44f1fb27cdba@group-A9823C1EF766->ccaa8f46-a720-4c9d-b367-b8e62fb2ca31-GrpcLogAppender: appendEntries Timeout, request=a729cdbd-f787-49c0-8e2c-44f1fb27cdba->ccaa8f46-a720-4c9d-b367-b8e62fb2ca31#38-t2, previous=(t:2, i:19), leaderCommit=15, initializing? false, entries: <empty>
2019-09-19 12:01:10,595 [java.util.concurrent.ThreadPoolExecutor$Worker@3e8d0eb4[State = -1, empty queue]] WARN  server.GrpcLogAppender (GrpcLogAppender.java:timeoutAppendRequest(200)) - a729cdbd-f787-49c0-8e2c-44f1fb27cdba@group-A9823C1EF766->7d946ca7-a873-4723-b723-9ddee89d0bc7-GrpcLogAppender: appendEntries Timeout, request=a729cdbd-f787-49c0-8e2c-44f1fb27cdba->7d946ca7-a873-4723-b723-9ddee89d0bc7#38-t2, previous=(t:2, i:19), leaderCommit=15, initializing? false, entries: <empty>
2019-09-19 12:01:11,096 [java.util.concurrent.ThreadPoolExecutor$Worker@3e8d0eb4[State = -1, empty queue]] WARN  server.GrpcLogAppender (GrpcLogAppender.java:timeoutAppendRequest(200)) - a729cdbd-f787-49c0-8e2c-44f1fb27cdba@group-A9823C1EF766->7d946ca7-a873-4723-b723-9ddee89d0bc7-GrpcLogAppender: appendEntries Timeout, request=a729cdbd-f787-49c0-8e2c-44f1fb27cdba->7d946ca7-a873-4723-b723-9ddee89d0bc7#39-t2, previous=(t:2, i:19), leaderCommit=15, initializing? false, entries: <empty>
2019-09-19 12:01:11,096 [java.util.concurrent.ThreadPoolExecutor$Worker@3540f9e3[State = -1, empty queue]] WARN  server.GrpcLogAppender (GrpcLogAppender.java:timeoutAppendRequest(200)) - a729cdbd-f787-49c0-8e2c-44f1fb27cdba@group-A9823C1EF766->ccaa8f46-a720-4c9d-b367-b8e62fb2ca31-GrpcLogAppender: appendEntries Timeout, request=a729cdbd-f787-49c0-8e2c-44f1fb27cdba->ccaa8f46-a720-4c9d-b367-b8e62fb2ca31#39-t2, previous=(t:2, i:19), leaderCommit=15, initializing? false, entries: <empty>
2019-09-19 12:01:11,596 [java.util.concurrent.ThreadPoolExecutor$Worker@3540f9e3[State = -1, empty queue]] WARN  server.GrpcLogAppender (GrpcLogAppender.java:timeoutAppendRequest(200)) - a729cdbd-f787-49c0-8e2c-44f1fb27cdba@group-A9823C1EF766->ccaa8f46-a720-4c9d-b367-b8e62fb2ca31-GrpcLogAppender: appendEntries Timeout, request=a729cdbd-f787-49c0-8e2c-44f1fb27cdba->ccaa8f46-a720-4c9d-b367-b8e62fb2ca31#40-t2, previous=(t:2, i:19), leaderCommit=15, initializing? false, entries: <empty>
2019-09-19 12:01:11,596 [java.util.concurrent.ThreadPoolExecutor$Worker@3e8d0eb4[State = -1, empty queue]] WARN  server.GrpcLogAppender (GrpcLogAppender.java:timeoutAppendRequest(200)) - a729cdbd-f787-49c0-8e2c-44f1fb27cdba@group-A9823C1EF766->7d946ca7-a873-4723-b723-9ddee89d0bc7-GrpcLogAppender: appendEntries Timeout, request=a729cdbd-f787-49c0-8e2c-44f1fb27cdba->7d946ca7-a873-4723-b723-9ddee89d0bc7#40-t2, previous=(t:2, i:19), leaderCommit=15, initializing? false, entries: <empty>
2019-09-19 12:01:12,097 [java.util.concurrent.ThreadPoolExecutor$Worker@3540f9e3[State = -1, empty queue]] WARN  server.GrpcLogAppender (GrpcLogAppender.java:timeoutAppendRequest(200)) - a729cdbd-f787-49c0-8e2c-44f1fb27cdba@group-A9823C1EF766->ccaa8f46-a720-4c9d-b367-b8e62fb2ca31-GrpcLogAppender: appendEntries Timeout, request=a729cdbd-f787-49c0-8e2c-44f1fb27cdba->ccaa8f46-a720-4c9d-b367-b8e62fb2ca31#41-t2, previous=(t:2, i:19), leaderCommit=15, initializing? false, entries: <empty>
2019-09-19 12:01:12,097 [java.util.concurrent.ThreadPoolExecutor$Worker@3e8d0eb4[State = -1, empty queue]] WARN  server.GrpcLogAppender (GrpcLogAppender.java:timeoutAppendRequest(200)) - a729cdbd-f787-49c0-8e2c-44f1fb27cdba@group-A9823C1EF766->7d946ca7-a873-4723-b723-9ddee89d0bc7-GrpcLogAppender: appendEntries Timeout, request=a729cdbd-f787-49c0-8e2c-44f1fb27cdba->7d946ca7-a873-4723-b723-9ddee89d0bc7#41-t2, previous=(t:2, i:19), leaderCommit=15, initializing? false, entries: <empty>
2019-09-19 12:01:12,597 [java.util.concurrent.ThreadPoolExecutor$Worker@3540f9e3[State = -1, empty queue]] WARN  server.GrpcLogAppender (GrpcLogAppender.java:timeoutAppendRequest(200)) - a729cdbd-f787-49c0-8e2c-44f1fb27cdba@group-A9823C1EF766->ccaa8f46-a720-4c9d-b367-b8e62fb2ca31-GrpcLogAppender: appendEntries Timeout, request=a729cdbd-f787-49c0-8e2c-44f1fb27cdba->ccaa8f46-a720-4c9d-b367-b8e62fb2ca31#42-t2, previous=(t:2, i:19), leaderCommit=15, initializing? false, entries: <empty>
2019-09-19 12:01:12,597 [java.util.concurrent.ThreadPoolExecutor$Worker@3e8d0eb4[State = -1, empty queue]] WARN  server.GrpcLogAppender (GrpcLogAppender.java:timeoutAppendRequest(200)) - a729cdbd-f787-49c0-8e2c-44f1fb27cdba@group-A9823C1EF766->7d946ca7-a873-4723-b723-9ddee89d0bc7-GrpcLogAppender: appendEntries Timeout, request=a729cdbd-f787-49c0-8e2c-44f1fb27cdba->7d946ca7-a873-4723-b723-9ddee89d0bc7#42-t2, previous=(t:2, i:19), leaderCommit=15, initializing? false, entries: <empty>
2019-09-19 12:01:13,098 [java.util.concurrent.ThreadPoolExecutor$Worker@3540f9e3[State = -1, empty queue]] WARN  server.GrpcLogAppender (GrpcLogAppender.java:timeoutAppendRequest(200)) - a729cdbd-f787-49c0-8e2c-44f1fb27cdba@group-A9823C1EF766->ccaa8f46-a720-4c9d-b367-b8e62fb2ca31-GrpcLogAppender: appendEntries Timeout, request=a729cdbd-f787-49c0-8e2c-44f1fb27cdba->ccaa8f46-a720-4c9d-b367-b8e62fb2ca31#43-t2, previous=(t:2, i:19), leaderCommit=15, initializing? false, entries: <empty>
2019-09-19 12:01:13,098 [java.util.concurrent.ThreadPoolExecutor$Worker@3e8d0eb4[State = -1, empty queue]] WARN  server.GrpcLogAppender (GrpcLogAppender.java:timeoutAppendRequest(200)) - a729cdbd-f787-49c0-8e2c-44f1fb27cdba@group-A9823C1EF766->7d946ca7-a873-4723-b723-9ddee89d0bc7-GrpcLogAppender: appendEntries Timeout, request=a729cdbd-f787-49c0-8e2c-44f1fb27cdba->7d946ca7-a873-4723-b723-9ddee89d0bc7#43-t2, previous=(t:2, i:19), leaderCommit=15, initializing? false, entries: <empty>
2019-09-19 12:01:13,599 [java.util.concurrent.ThreadPoolExecutor$Worker@3e8d0eb4[State = -1, empty queue]] WARN  server.GrpcLogAppender (GrpcLogAppender.java:timeoutAppendRequest(200)) - a729cdbd-f787-49c0-8e2c-44f1fb27cdba@group-A9823C1EF766->7d946ca7-a873-4723-b723-9ddee89d0bc7-GrpcLogAppender: appendEntries Timeout, request=a729cdbd-f787-49c0-8e2c-44f1fb27cdba->7d946ca7-a873-4723-b723-9ddee89d0bc7#44-t2, previous=(t:2, i:19), leaderCommit=15, initializing? false, entries: <empty>
2019-09-19 12:01:13,599 [java.util.concurrent.ThreadPoolExecutor$Worker@3540f9e3[State = -1, empty queue]] WARN  server.GrpcLogAppender (GrpcLogAppender.java:timeoutAppendRequest(200)) - a729cdbd-f787-49c0-8e2c-44f1fb27cdba@group-A9823C1EF766->ccaa8f46-a720-4c9d-b367-b8e62fb2ca31-GrpcLogAppender: appendEntries Timeout, request=a729cdbd-f787-49c0-8e2c-44f1fb27cdba->ccaa8f46-a720-4c9d-b367-b8e62fb2ca31#44-t2, previous=(t:2, i:19), leaderCommit=15, initializing? false, entries: <empty>
2019-09-19 12:01:14,099 [java.util.concurrent.ThreadPoolExecutor$Worker@3540f9e3[State = -1, empty queue]] WARN  server.GrpcLogAppender (GrpcLogAppender.java:timeoutAppendRequest(200)) - a729cdbd-f787-49c0-8e2c-44f1fb27cdba@group-A9823C1EF766->ccaa8f46-a720-4c9d-b367-b8e62fb2ca31-GrpcLogAppender: appendEntries Timeout, request=a729cdbd-f787-49c0-8e2c-44f1fb27cdba->ccaa8f46-a720-4c9d-b367-b8e62fb2ca31#45-t2, previous=(t:2, i:19), leaderCommit=15, initializing? false, entries: <empty>
2019-09-19 12:01:14,099 [java.util.concurrent.ThreadPoolExecutor$Worker@3e8d0eb4[State = -1, empty queue]] WARN  server.GrpcLogAppender (GrpcLogAppender.java:timeoutAppendRequest(200)) - a729cdbd-f787-49c0-8e2c-44f1fb27cdba@group-A9823C1EF766->7d946ca7-a873-4723-b723-9ddee89d0bc7-GrpcLogAppender: appendEntries Timeout, request=a729cdbd-f787-49c0-8e2c-44f1fb27cdba->7d946ca7-a873-4723-b723-9ddee89d0bc7#45-t2, previous=(t:2, i:19), leaderCommit=15, initializing? false, entries: <empty>
2019-09-19 12:01:14,600 [java.util.concurrent.ThreadPoolExecutor$Worker@3540f9e3[State = -1, empty queue]] WARN  server.GrpcLogAppender (GrpcLogAppender.java:timeoutAppendRequest(200)) - a729cdbd-f787-49c0-8e2c-44f1fb27cdba@group-A9823C1EF766->ccaa8f46-a720-4c9d-b367-b8e62fb2ca31-GrpcLogAppender: appendEntries Timeout, request=a729cdbd-f787-49c0-8e2c-44f1fb27cdba->ccaa8f46-a720-4c9d-b367-b8e62fb2ca31#46-t2, previous=(t:2, i:19), leaderCommit=15, initializing? false, entries: <empty>
2019-09-19 12:01:14,600 [java.util.concurrent.ThreadPoolExecutor$Worker@3e8d0eb4[State = -1, empty queue]] WARN  server.GrpcLogAppender (GrpcLogAppender.java:timeoutAppendRequest(200)) - a729cdbd-f787-49c0-8e2c-44f1fb27cdba@group-A9823C1EF766->7d946ca7-a873-4723-b723-9ddee89d0bc7-GrpcLogAppender: appendEntries Timeout, request=a729cdbd-f787-49c0-8e2c-44f1fb27cdba->7d946ca7-a873-4723-b723-9ddee89d0bc7#46-t2, previous=(t:2, i:19), leaderCommit=15, initializing? false, entries: <empty>
2019-09-19 12:01:14,766 [grpc-default-executor-2] INFO  client.GrpcClientProtocolClient (GrpcClientProtocolClient.java:onNext(264)) - client-E7F445D3456E->ccaa8f46-a720-4c9d-b367-b8e62fb2ca31: receive RaftClientReply:client-E7F445D3456E->ccaa8f46-a720-4c9d-b367-b8e62fb2ca31@group-A9823C1EF766, cid=37, FAILED org.apache.ratis.protocol.NotLeaderException: Server ccaa8f46-a720-4c9d-b367-b8e62fb2ca31@group-A9823C1EF766 is not the leader a729cdbd-f787-49c0-8e2c-44f1fb27cdba:192.168.34.13:46503, logIndex=0, commits[ccaa8f46-a720-4c9d-b367-b8e62fb2ca31:c15, 7d946ca7-a873-4723-b723-9ddee89d0bc7:c13, a729cdbd-f787-49c0-8e2c-44f1fb27cdba:c15]
2019-09-19 12:01:15,101 [java.util.concurrent.ThreadPoolExecutor$Worker@3540f9e3[State = -1, empty queue]] WARN  server.GrpcLogAppender (GrpcLogAppender.java:timeoutAppendRequest(200)) - a729cdbd-f787-49c0-8e2c-44f1fb27cdba@group-A9823C1EF766->ccaa8f46-a720-4c9d-b367-b8e62fb2ca31-GrpcLogAppender: appendEntries Timeout, request=a729cdbd-f787-49c0-8e2c-44f1fb27cdba->ccaa8f46-a720-4c9d-b367-b8e62fb2ca31#47-t2, previous=(t:2, i:19), leaderCommit=15, initializing? false, entries: <empty>
2019-09-19 12:01:15,101 [java.util.concurrent.ThreadPoolExecutor$Worker@3e8d0eb4[State = -1, empty queue]] WARN  server.GrpcLogAppender (GrpcLogAppender.java:timeoutAppendRequest(200)) - a729cdbd-f787-49c0-8e2c-44f1fb27cdba@group-A9823C1EF766->7d946ca7-a873-4723-b723-9ddee89d0bc7-GrpcLogAppender: appendEntries Timeout, request=a729cdbd-f787-49c0-8e2c-44f1fb27cdba->7d946ca7-a873-4723-b723-9ddee89d0bc7#47-t2, previous=(t:2, i:19), leaderCommit=15, initializing? false, entries: <empty>
2019-09-19 12:01:15,601 [java.util.concurrent.ThreadPoolExecutor$Worker@3540f9e3[State = -1, empty queue]] WARN  server.GrpcLogAppender (GrpcLogAppender.java:timeoutAppendRequest(200)) - a729cdbd-f787-49c0-8e2c-44f1fb27cdba@group-A9823C1EF766->ccaa8f46-a720-4c9d-b367-b8e62fb2ca31-GrpcLogAppender: appendEntries Timeout, request=a729cdbd-f787-49c0-8e2c-44f1fb27cdba->ccaa8f46-a720-4c9d-b367-b8e62fb2ca31#48-t2, previous=(t:2, i:19), leaderCommit=15, initializing? false, entries: <empty>
2019-09-19 12:01:15,601 [java.util.concurrent.ThreadPoolExecutor$Worker@3e8d0eb4[State = -1, empty queue]] WARN  server.GrpcLogAppender (GrpcLogAppender.java:timeoutAppendRequest(200)) - a729cdbd-f787-49c0-8e2c-44f1fb27cdba@group-A9823C1EF766->7d946ca7-a873-4723-b723-9ddee89d0bc7-GrpcLogAppender: appendEntries Timeout, request=a729cdbd-f787-49c0-8e2c-44f1fb27cdba->7d946ca7-a873-4723-b723-9ddee89d0bc7#48-t2, previous=(t:2, i:19), leaderCommit=15, initializing? false, entries: <empty>
2019-09-19 12:01:16,102 [java.util.concurrent.ThreadPoolExecutor$Worker@3540f9e3[State = -1, empty queue]] WARN  server.GrpcLogAppender (GrpcLogAppender.java:timeoutAppendRequest(200)) - a729cdbd-f787-49c0-8e2c-44f1fb27cdba@group-A9823C1EF766->ccaa8f46-a720-4c9d-b367-b8e62fb2ca31-GrpcLogAppender: appendEntries Timeout, request=a729cdbd-f787-49c0-8e2c-44f1fb27cdba->ccaa8f46-a720-4c9d-b367-b8e62fb2ca31#49-t2, previous=(t:2, i:19), leaderCommit=15, initializing? false, entries: <empty>
2019-09-19 12:01:16,102 [java.util.concurrent.ThreadPoolExecutor$Worker@3e8d0eb4[State = -1, empty queue]] WARN  server.GrpcLogAppender (GrpcLogAppender.java:timeoutAppendRequest(200)) - a729cdbd-f787-49c0-8e2c-44f1fb27cdba@group-A9823C1EF766->7d946ca7-a873-4723-b723-9ddee89d0bc7-GrpcLogAppender: appendEntries Timeout, request=a729cdbd-f787-49c0-8e2c-44f1fb27cdba->7d946ca7-a873-4723-b723-9ddee89d0bc7#49-t2, previous=(t:2, i:19), leaderCommit=15, initializing? false, entries: <empty>
2019-09-19 12:01:16,603 [java.util.concurrent.ThreadPoolExecutor$Worker@3540f9e3[State = -1, empty queue]] WARN  server.GrpcLogAppender (GrpcLogAppender.java:timeoutAppendRequest(200)) - a729cdbd-f787-49c0-8e2c-44f1fb27cdba@group-A9823C1EF766->ccaa8f46-a720-4c9d-b367-b8e62fb2ca31-GrpcLogAppender: appendEntries Timeout, request=a729cdbd-f787-49c0-8e2c-44f1fb27cdba->ccaa8f46-a720-4c9d-b367-b8e62fb2ca31#50-t2, previous=(t:2, i:19), leaderCommit=15, initializing? false, entries: <empty>
2019-09-19 12:01:16,603 [java.util.concurrent.ThreadPoolExecutor$Worker@3e8d0eb4[State = -1, empty queue]] WARN  server.GrpcLogAppender (GrpcLogAppender.java:timeoutAppendRequest(200)) - a729cdbd-f787-49c0-8e2c-44f1fb27cdba@group-A9823C1EF766->7d946ca7-a873-4723-b723-9ddee89d0bc7-GrpcLogAppender: appendEntries Timeout, request=a729cdbd-f787-49c0-8e2c-44f1fb27cdba->7d946ca7-a873-4723-b723-9ddee89d0bc7#50-t2, previous=(t:2, i:19), leaderCommit=15, initializing? false, entries: <empty>
2019-09-19 12:01:17,103 [java.util.concurrent.ThreadPoolExecutor$Worker@3540f9e3[State = -1, empty queue]] WARN  server.GrpcLogAppender (GrpcLogAppender.java:timeoutAppendRequest(200)) - a729cdbd-f787-49c0-8e2c-44f1fb27cdba@group-A9823C1EF766->ccaa8f46-a720-4c9d-b367-b8e62fb2ca31-GrpcLogAppender: appendEntries Timeout, request=a729cdbd-f787-49c0-8e2c-44f1fb27cdba->ccaa8f46-a720-4c9d-b367-b8e62fb2ca31#51-t2, previous=(t:2, i:19), leaderCommit=15, initializing? false, entries: <empty>
2019-09-19 12:01:17,103 [java.util.concurrent.ThreadPoolExecutor$Worker@3e8d0eb4[State = -1, empty queue]] WARN  server.GrpcLogAppender (GrpcLogAppender.java:timeoutAppendRequest(200)) - a729cdbd-f787-49c0-8e2c-44f1fb27cdba@group-A9823C1EF766->7d946ca7-a873-4723-b723-9ddee89d0bc7-GrpcLogAppender: appendEntries Timeout, request=a729cdbd-f787-49c0-8e2c-44f1fb27cdba->7d946ca7-a873-4723-b723-9ddee89d0bc7#51-t2, previous=(t:2, i:19), leaderCommit=15, initializing? false, entries: <empty>
2019-09-19 12:01:17,604 [java.util.concurrent.ThreadPoolExecutor$Worker@3e8d0eb4[State = -1, empty queue]] WARN  server.GrpcLogAppender (GrpcLogAppender.java:timeoutAppendRequest(200)) - a729cdbd-f787-49c0-8e2c-44f1fb27cdba@group-A9823C1EF766->7d946ca7-a873-4723-b723-9ddee89d0bc7-GrpcLogAppender: appendEntries Timeout, request=a729cdbd-f787-49c0-8e2c-44f1fb27cdba->7d946ca7-a873-4723-b723-9ddee89d0bc7#52-t2, previous=(t:2, i:19), leaderCommit=15, initializing? false, entries: <empty>
2019-09-19 12:01:17,604 [java.util.concurrent.ThreadPoolExecutor$Worker@3540f9e3[State = -1, empty queue]] WARN  server.GrpcLogAppender (GrpcLogAppender.java:timeoutAppendRequest(200)) - a729cdbd-f787-49c0-8e2c-44f1fb27cdba@group-A9823C1EF766->ccaa8f46-a720-4c9d-b367-b8e62fb2ca31-GrpcLogAppender: appendEntries Timeout, request=a729cdbd-f787-49c0-8e2c-44f1fb27cdba->ccaa8f46-a720-4c9d-b367-b8e62fb2ca31#52-t2, previous=(t:2, i:19), leaderCommit=15, initializing? false, entries: <empty>
2019-09-19 12:01:17,818 [main] WARN  io.KeyOutputStream (KeyOutputStream.java:handleException(276)) - Encountered exception java.io.IOException: Unexpected Storage Container Exception: java.util.concurrent.CompletionException: java.util.concurrent.CompletionException: org.apache.ratis.protocol.RaftRetryFailureException: Failed RaftClientRequest:client-E7F445D3456E->a729cdbd-f787-49c0-8e2c-44f1fb27cdba@group-A9823C1EF766, cid=37, seq=9*, RW, org.apache.hadoop.hdds.scm.XceiverClientRatis$$Lambda$463/1566285515@79ba3092 for 10 attempts with RetryLimited(maxAttempts=10, sleepTime=1000ms) on the pipeline Pipeline[ Id: 8f57a7dd-98e2-41d5-9d7d-a9823c1ef766, Nodes: ccaa8f46-a720-4c9d-b367-b8e62fb2ca31{ip: 192.168.34.13, host: pr-hdds-2153-g484h-410672627, networkLocation: /default-rack, certSerialId: null}a729cdbd-f787-49c0-8e2c-44f1fb27cdba{ip: 192.168.34.13, host: pr-hdds-2153-g484h-410672627, networkLocation: /default-rack, certSerialId: null}7d946ca7-a873-4723-b723-9ddee89d0bc7{ip: 192.168.34.13, host: pr-hdds-2153-g484h-410672627, networkLocation: /default-rack, certSerialId: null}, Type:RATIS, Factor:THREE, State:OPEN]. The last committed block length is 0, uncommitted data length is 2097152 retry count 0
2019-09-19 12:01:17,984 [grpc-default-executor-6] INFO  client.GrpcClientProtocolClient (GrpcClientProtocolClient.java:onNext(264)) - client-4CC87BB336E7->0f3ef5c5-216f-4603-9049-7f6477ca6f67: receive RaftClientReply:client-4CC87BB336E7->0f3ef5c5-216f-4603-9049-7f6477ca6f67@group-E57B62D150CC, cid=41, SUCCESS, logIndex=1, commits[0f3ef5c5-216f-4603-9049-7f6477ca6f67:c1, 0eafe25b-eef3-4e6e-962a-cfdd69f48960:c0, ccd7891f-abf2-4840-bcfd-f7d46dfca276:c0]
2019-09-19 12:01:18,037 [grpc-default-executor-2] INFO  client.GrpcClientProtocolClient (GrpcClientProtocolClient.java:onNext(264)) - client-4CC87BB336E7->0f3ef5c5-216f-4603-9049-7f6477ca6f67: receive RaftClientReply:client-4CC87BB336E7->0f3ef5c5-216f-4603-9049-7f6477ca6f67@group-E57B62D150CC, cid=42, SUCCESS, logIndex=3, commits[0f3ef5c5-216f-4603-9049-7f6477ca6f67:c8, 0eafe25b-eef3-4e6e-962a-cfdd69f48960:c6, ccd7891f-abf2-4840-bcfd-f7d46dfca276:c6]
2019-09-19 12:01:18,040 [grpc-default-executor-2] INFO  client.GrpcClientProtocolClient (GrpcClientProtocolClient.java:onNext(264)) - client-4CC87BB336E7->0f3ef5c5-216f-4603-9049-7f6477ca6f67: receive RaftClientReply:client-4CC87BB336E7->0f3ef5c5-216f-4603-9049-7f6477ca6f67@group-E57B62D150CC, cid=43, SUCCESS, logIndex=5, commits[0f3ef5c5-216f-4603-9049-7f6477ca6f67:c8, 0eafe25b-eef3-4e6e-962a-cfdd69f48960:c6, ccd7891f-abf2-4840-bcfd-f7d46dfca276:c6]
2019-09-19 12:01:18,249 [java.util.concurrent.ThreadPoolExecutor$Worker@3540f9e3[State = -1, empty queue]] WARN  server.GrpcLogAppender (GrpcLogAppender.java:timeoutAppendRequest(200)) - a729cdbd-f787-49c0-8e2c-44f1fb27cdba@group-A9823C1EF766->ccaa8f46-a720-4c9d-b367-b8e62fb2ca31-GrpcLogAppender: appendEntries Timeout, request=a729cdbd-f787-49c0-8e2c-44f1fb27cdba->ccaa8f46-a720-4c9d-b367-b8e62fb2ca31#53-t2, previous=(t:2, i:19), leaderCommit=15, initializing? false, entries: <empty>
2019-09-19 12:01:18,249 [java.util.concurrent.ThreadPoolExecutor$Worker@3e8d0eb4[State = -1, empty queue]] WARN  server.GrpcLogAppender (GrpcLogAppender.java:timeoutAppendRequest(200)) - a729cdbd-f787-49c0-8e2c-44f1fb27cdba@group-A9823C1EF766->7d946ca7-a873-4723-b723-9ddee89d0bc7-GrpcLogAppender: appendEntries Timeout, request=a729cdbd-f787-49c0-8e2c-44f1fb27cdba->7d946ca7-a873-4723-b723-9ddee89d0bc7#53-t2, previous=(t:2, i:19), leaderCommit=15, initializing? false, entries: <empty>
2019-09-19 12:01:18,251 [grpc-default-executor-5] INFO  client.GrpcClientProtocolClient (GrpcClientProtocolClient.java:onNext(264)) - client-4CC87BB336E7->0f3ef5c5-216f-4603-9049-7f6477ca6f67: receive RaftClientReply:client-4CC87BB336E7->0f3ef5c5-216f-4603-9049-7f6477ca6f67@group-E57B62D150CC, cid=44, SUCCESS, logIndex=6, commits[0f3ef5c5-216f-4603-9049-7f6477ca6f67:c8, 0eafe25b-eef3-4e6e-962a-cfdd69f48960:c6, ccd7891f-abf2-4840-bcfd-f7d46dfca276:c6]
2019-09-19 12:01:18,606 [java.util.concurrent.ThreadPoolExecutor$Worker@3e8d0eb4[State = -1, empty queue]] WARN  server.GrpcLogAppender (GrpcLogAppender.java:timeoutAppendRequest(200)) - a729cdbd-f787-49c0-8e2c-44f1fb27cdba@group-A9823C1EF766->7d946ca7-a873-4723-b723-9ddee89d0bc7-GrpcLogAppender: appendEntries Timeout, request=a729cdbd-f787-49c0-8e2c-44f1fb27cdba->7d946ca7-a873-4723-b723-9ddee89d0bc7#54-t2, previous=(t:2, i:19), leaderCommit=15, initializing? false, entries: <empty>
2019-09-19 12:01:18,606 [java.util.concurrent.ThreadPoolExecutor$Worker@3540f9e3[State = -1, empty queue]] WARN  server.GrpcLogAppender (GrpcLogAppender.java:timeoutAppendRequest(200)) - a729cdbd-f787-49c0-8e2c-44f1fb27cdba@group-A9823C1EF766->ccaa8f46-a720-4c9d-b367-b8e62fb2ca31-GrpcLogAppender: appendEntries Timeout, request=a729cdbd-f787-49c0-8e2c-44f1fb27cdba->ccaa8f46-a720-4c9d-b367-b8e62fb2ca31#54-t2, previous=(t:2, i:19), leaderCommit=15, initializing? false, entries: <empty>
2019-09-19 12:01:18,651 [Datanode State Machine Thread - 0] INFO  statemachine.DatanodeStateMachine (DatanodeStateMachine.java:lambda$startDaemon$0(350)) - Ozone container server started.
2019-09-19 12:01:19,107 [java.util.concurrent.ThreadPoolExecutor$Worker@3540f9e3[State = -1, empty queue]] WARN  server.GrpcLogAppender (GrpcLogAppender.java:timeoutAppendRequest(200)) - a729cdbd-f787-49c0-8e2c-44f1fb27cdba@group-A9823C1EF766->ccaa8f46-a720-4c9d-b367-b8e62fb2ca31-GrpcLogAppender: appendEntries Timeout, request=a729cdbd-f787-49c0-8e2c-44f1fb27cdba->ccaa8f46-a720-4c9d-b367-b8e62fb2ca31#55-t2, previous=(t:2, i:19), leaderCommit=15, initializing? false, entries: <empty>
2019-09-19 12:01:19,107 [java.util.concurrent.ThreadPoolExecutor$Worker@3e8d0eb4[State = -1, empty queue]] WARN  server.GrpcLogAppender (GrpcLogAppender.java:timeoutAppendRequest(200)) - a729cdbd-f787-49c0-8e2c-44f1fb27cdba@group-A9823C1EF766->7d946ca7-a873-4723-b723-9ddee89d0bc7-GrpcLogAppender: appendEntries Timeout, request=a729cdbd-f787-49c0-8e2c-44f1fb27cdba->7d946ca7-a873-4723-b723-9ddee89d0bc7#55-t2, previous=(t:2, i:19), leaderCommit=15, initializing? false, entries: <empty>
2019-09-19 12:01:19,616 [java.util.concurrent.ThreadPoolExecutor$Worker@3540f9e3[State = -1, empty queue]] WARN  server.GrpcLogAppender (GrpcLogAppender.java:timeoutAppendRequest(200)) - a729cdbd-f787-49c0-8e2c-44f1fb27cdba@group-A9823C1EF766->ccaa8f46-a720-4c9d-b367-b8e62fb2ca31-GrpcLogAppender: appendEntries Timeout, request=a729cdbd-f787-49c0-8e2c-44f1fb27cdba->ccaa8f46-a720-4c9d-b367-b8e62fb2ca31#56-t2, previous=(t:2, i:19), leaderCommit=15, initializing? false, entries: <empty>
2019-09-19 12:01:19,616 [java.util.concurrent.ThreadPoolExecutor$Worker@3e8d0eb4[State = -1, empty queue]] WARN  server.GrpcLogAppender (GrpcLogAppender.java:timeoutAppendRequest(200)) - a729cdbd-f787-49c0-8e2c-44f1fb27cdba@group-A9823C1EF766->7d946ca7-a873-4723-b723-9ddee89d0bc7-GrpcLogAppender: appendEntries Timeout, request=a729cdbd-f787-49c0-8e2c-44f1fb27cdba->7d946ca7-a873-4723-b723-9ddee89d0bc7#56-t2, previous=(t:2, i:19), leaderCommit=15, initializing? false, entries: <empty>
2019-09-19 12:01:19,670 [a729cdbd-f787-49c0-8e2c-44f1fb27cdba@group-A9823C1EF766-SegmentedRaftLogWorker] WARN  segmented.SegmentedRaftLogWorker (SegmentedRaftLogWorker.java:getFromFuture(90)) - Timeout 1/~
org.apache.ratis.protocol.TimeoutIOException: Timeout 10s: WriteLog:18: (t:2, i:18), STATEMACHINELOGENTRY, client-E7F445D3456E, cid=39-writeStateMachineData
	at org.apache.ratis.util.IOUtils.getFromFuture(IOUtils.java:87)
	at org.apache.ratis.server.raftlog.segmented.SegmentedRaftLogWorker$StateMachineDataPolicy.getFromFuture(SegmentedRaftLogWorker.java:87)
	at org.apache.ratis.server.raftlog.segmented.SegmentedRaftLogWorker$WriteLog.execute(SegmentedRaftLogWorker.java:477)
	at org.apache.ratis.server.raftlog.segmented.SegmentedRaftLogWorker.run(SegmentedRaftLogWorker.java:289)
	at java.lang.Thread.run(Thread.java:748)
Caused by: java.util.concurrent.TimeoutException
	at java.util.concurrent.CompletableFuture.timedGet(CompletableFuture.java:1771)
	at java.util.concurrent.CompletableFuture.get(CompletableFuture.java:1915)
	at org.apache.ratis.util.IOUtils.getFromFuture(IOUtils.java:79)
	... 4 more
2019-09-19 12:01:19,671 [ccaa8f46-a720-4c9d-b367-b8e62fb2ca31@group-A9823C1EF766-SegmentedRaftLogWorker] WARN  segmented.SegmentedRaftLogWorker (SegmentedRaftLogWorker.java:getFromFuture(90)) - Timeout 1/~
org.apache.ratis.protocol.TimeoutIOException: Timeout 10s: WriteLog:18: (t:2, i:18), STATEMACHINELOGENTRY, client-E7F445D3456E, cid=39-writeStateMachineData
	at org.apache.ratis.util.IOUtils.getFromFuture(IOUtils.java:87)
	at org.apache.ratis.server.raftlog.segmented.SegmentedRaftLogWorker$StateMachineDataPolicy.getFromFuture(SegmentedRaftLogWorker.java:87)
	at org.apache.ratis.server.raftlog.segmented.SegmentedRaftLogWorker$WriteLog.execute(SegmentedRaftLogWorker.java:477)
	at org.apache.ratis.server.raftlog.segmented.SegmentedRaftLogWorker.run(SegmentedRaftLogWorker.java:289)
	at java.lang.Thread.run(Thread.java:748)
Caused by: java.util.concurrent.TimeoutException
	at java.util.concurrent.CompletableFuture.timedGet(CompletableFuture.java:1771)
	at java.util.concurrent.CompletableFuture.get(CompletableFuture.java:1915)
	at org.apache.ratis.util.IOUtils.getFromFuture(IOUtils.java:79)
	... 4 more
2019-09-19 12:01:19,671 [7d946ca7-a873-4723-b723-9ddee89d0bc7@group-A9823C1EF766-SegmentedRaftLogWorker] WARN  segmented.SegmentedRaftLogWorker (SegmentedRaftLogWorker.java:getFromFuture(90)) - Timeout 1/~
org.apache.ratis.protocol.TimeoutIOException: Timeout 10s: WriteLog:18: (t:2, i:18), STATEMACHINELOGENTRY, client-E7F445D3456E, cid=39-writeStateMachineData
	at org.apache.ratis.util.IOUtils.getFromFuture(IOUtils.java:87)
	at org.apache.ratis.server.raftlog.segmented.SegmentedRaftLogWorker$StateMachineDataPolicy.getFromFuture(SegmentedRaftLogWorker.java:87)
	at org.apache.ratis.server.raftlog.segmented.SegmentedRaftLogWorker$WriteLog.execute(SegmentedRaftLogWorker.java:477)
	at org.apache.ratis.server.raftlog.segmented.SegmentedRaftLogWorker.run(SegmentedRaftLogWorker.java:289)
	at java.lang.Thread.run(Thread.java:748)
Caused by: java.util.concurrent.TimeoutException
	at java.util.concurrent.CompletableFuture.timedGet(CompletableFuture.java:1771)
	at java.util.concurrent.CompletableFuture.get(CompletableFuture.java:1915)
	at org.apache.ratis.util.IOUtils.getFromFuture(IOUtils.java:79)
	... 4 more
2019-09-19 12:01:20,117 [java.util.concurrent.ThreadPoolExecutor$Worker@3e8d0eb4[State = -1, empty queue]] WARN  server.GrpcLogAppender (GrpcLogAppender.java:timeoutAppendRequest(200)) - a729cdbd-f787-49c0-8e2c-44f1fb27cdba@group-A9823C1EF766->7d946ca7-a873-4723-b723-9ddee89d0bc7-GrpcLogAppender: appendEntries Timeout, request=a729cdbd-f787-49c0-8e2c-44f1fb27cdba->7d946ca7-a873-4723-b723-9ddee89d0bc7#57-t2, previous=(t:2, i:19), leaderCommit=15, initializing? false, entries: <empty>
2019-09-19 12:01:20,117 [java.util.concurrent.ThreadPoolExecutor$Worker@3540f9e3[State = -1, empty queue]] WARN  server.GrpcLogAppender (GrpcLogAppender.java:timeoutAppendRequest(200)) - a729cdbd-f787-49c0-8e2c-44f1fb27cdba@group-A9823C1EF766->ccaa8f46-a720-4c9d-b367-b8e62fb2ca31-GrpcLogAppender: appendEntries Timeout, request=a729cdbd-f787-49c0-8e2c-44f1fb27cdba->ccaa8f46-a720-4c9d-b367-b8e62fb2ca31#57-t2, previous=(t:2, i:19), leaderCommit=15, initializing? false, entries: <empty>
2019-09-19 12:01:20,617 [java.util.concurrent.ThreadPoolExecutor$Worker@3e8d0eb4[State = -1, empty queue]] WARN  server.GrpcLogAppender (GrpcLogAppender.java:timeoutAppendRequest(200)) - a729cdbd-f787-49c0-8e2c-44f1fb27cdba@group-A9823C1EF766->7d946ca7-a873-4723-b723-9ddee89d0bc7-GrpcLogAppender: appendEntries Timeout, request=a729cdbd-f787-49c0-8e2c-44f1fb27cdba->7d946ca7-a873-4723-b723-9ddee89d0bc7#58-t2, previous=(t:2, i:19), leaderCommit=15, initializing? false, entries: <empty>
2019-09-19 12:01:20,617 [java.util.concurrent.ThreadPoolExecutor$Worker@3540f9e3[State = -1, empty queue]] WARN  server.GrpcLogAppender (GrpcLogAppender.java:timeoutAppendRequest(200)) - a729cdbd-f787-49c0-8e2c-44f1fb27cdba@group-A9823C1EF766->ccaa8f46-a720-4c9d-b367-b8e62fb2ca31-GrpcLogAppender: appendEntries Timeout, request=a729cdbd-f787-49c0-8e2c-44f1fb27cdba->ccaa8f46-a720-4c9d-b367-b8e62fb2ca31#58-t2, previous=(t:2, i:19), leaderCommit=15, initializing? false, entries: <empty>
2019-09-19 12:01:21,249 [java.util.concurrent.ThreadPoolExecutor$Worker@3e8d0eb4[State = -1, empty queue]] WARN  server.GrpcLogAppender (GrpcLogAppender.java:timeoutAppendRequest(200)) - a729cdbd-f787-49c0-8e2c-44f1fb27cdba@group-A9823C1EF766->7d946ca7-a873-4723-b723-9ddee89d0bc7-GrpcLogAppender: appendEntries Timeout, request=a729cdbd-f787-49c0-8e2c-44f1fb27cdba->7d946ca7-a873-4723-b723-9ddee89d0bc7#59-t2, previous=(t:2, i:19), leaderCommit=15, initializing? false, entries: <empty>
2019-09-19 12:01:21,249 [java.util.concurrent.ThreadPoolExecutor$Worker@3540f9e3[State = -1, empty queue]] WARN  server.GrpcLogAppender (GrpcLogAppender.java:timeoutAppendRequest(200)) - a729cdbd-f787-49c0-8e2c-44f1fb27cdba@group-A9823C1EF766->ccaa8f46-a720-4c9d-b367-b8e62fb2ca31-GrpcLogAppender: appendEntries Timeout, request=a729cdbd-f787-49c0-8e2c-44f1fb27cdba->ccaa8f46-a720-4c9d-b367-b8e62fb2ca31#59-t2, previous=(t:2, i:19), leaderCommit=15, initializing? false, entries: <empty>
2019-09-19 12:01:21,749 [java.util.concurrent.ThreadPoolExecutor$Worker@3540f9e3[State = -1, empty queue]] WARN  server.GrpcLogAppender (GrpcLogAppender.java:timeoutAppendRequest(200)) - a729cdbd-f787-49c0-8e2c-44f1fb27cdba@group-A9823C1EF766->ccaa8f46-a720-4c9d-b367-b8e62fb2ca31-GrpcLogAppender: appendEntries Timeout, request=a729cdbd-f787-49c0-8e2c-44f1fb27cdba->ccaa8f46-a720-4c9d-b367-b8e62fb2ca31#60-t2, previous=(t:2, i:19), leaderCommit=15, initializing? false, entries: <empty>
2019-09-19 12:01:21,749 [java.util.concurrent.ThreadPoolExecutor$Worker@3e8d0eb4[State = -1, empty queue]] WARN  server.GrpcLogAppender (GrpcLogAppender.java:timeoutAppendRequest(200)) - a729cdbd-f787-49c0-8e2c-44f1fb27cdba@group-A9823C1EF766->7d946ca7-a873-4723-b723-9ddee89d0bc7-GrpcLogAppender: appendEntries Timeout, request=a729cdbd-f787-49c0-8e2c-44f1fb27cdba->7d946ca7-a873-4723-b723-9ddee89d0bc7#60-t2, previous=(t:2, i:19), leaderCommit=15, initializing? false, entries: <empty>
2019-09-19 12:01:22,251 [java.util.concurrent.ThreadPoolExecutor$Worker@3e8d0eb4[State = -1, empty queue]] WARN  server.GrpcLogAppender (GrpcLogAppender.java:timeoutAppendRequest(200)) - a729cdbd-f787-49c0-8e2c-44f1fb27cdba@group-A9823C1EF766->7d946ca7-a873-4723-b723-9ddee89d0bc7-GrpcLogAppender: appendEntries Timeout, request=a729cdbd-f787-49c0-8e2c-44f1fb27cdba->7d946ca7-a873-4723-b723-9ddee89d0bc7#61-t2, previous=(t:2, i:19), leaderCommit=15, initializing? false, entries: <empty>
2019-09-19 12:01:22,251 [java.util.concurrent.ThreadPoolExecutor$Worker@3540f9e3[State = -1, empty queue]] WARN  server.GrpcLogAppender (GrpcLogAppender.java:timeoutAppendRequest(200)) - a729cdbd-f787-49c0-8e2c-44f1fb27cdba@group-A9823C1EF766->ccaa8f46-a720-4c9d-b367-b8e62fb2ca31-GrpcLogAppender: appendEntries Timeout, request=a729cdbd-f787-49c0-8e2c-44f1fb27cdba->ccaa8f46-a720-4c9d-b367-b8e62fb2ca31#61-t2, previous=(t:2, i:19), leaderCommit=15, initializing? false, entries: <empty>
2019-09-19 12:01:22,752 [java.util.concurrent.ThreadPoolExecutor$Worker@3540f9e3[State = -1, empty queue]] WARN  server.GrpcLogAppender (GrpcLogAppender.java:timeoutAppendRequest(200)) - a729cdbd-f787-49c0-8e2c-44f1fb27cdba@group-A9823C1EF766->ccaa8f46-a720-4c9d-b367-b8e62fb2ca31-GrpcLogAppender: appendEntries Timeout, request=a729cdbd-f787-49c0-8e2c-44f1fb27cdba->ccaa8f46-a720-4c9d-b367-b8e62fb2ca31#62-t2, previous=(t:2, i:19), leaderCommit=15, initializing? false, entries: <empty>
2019-09-19 12:01:22,752 [java.util.concurrent.ThreadPoolExecutor$Worker@3e8d0eb4[State = -1, empty queue]] WARN  server.GrpcLogAppender (GrpcLogAppender.java:timeoutAppendRequest(200)) - a729cdbd-f787-49c0-8e2c-44f1fb27cdba@group-A9823C1EF766->7d946ca7-a873-4723-b723-9ddee89d0bc7-GrpcLogAppender: appendEntries Timeout, request=a729cdbd-f787-49c0-8e2c-44f1fb27cdba->7d946ca7-a873-4723-b723-9ddee89d0bc7#62-t2, previous=(t:2, i:19), leaderCommit=15, initializing? false, entries: <empty>
2019-09-19 12:01:23,257 [main] INFO  ozoneimpl.OzoneContainer (OzoneContainer.java:stop(231)) - Attempting to stop container services.
2019-09-19 12:01:23,258 [java.util.concurrent.ThreadPoolExecutor$Worker@3540f9e3[State = -1, empty queue]] WARN  server.GrpcLogAppender (GrpcLogAppender.java:timeoutAppendRequest(200)) - a729cdbd-f787-49c0-8e2c-44f1fb27cdba@group-A9823C1EF766->ccaa8f46-a720-4c9d-b367-b8e62fb2ca31-GrpcLogAppender: appendEntries Timeout, request=a729cdbd-f787-49c0-8e2c-44f1fb27cdba->ccaa8f46-a720-4c9d-b367-b8e62fb2ca31#63-t2, previous=(t:2, i:19), leaderCommit=15, initializing? false, entries: <empty>
2019-09-19 12:01:23,258 [java.util.concurrent.ThreadPoolExecutor$Worker@3e8d0eb4[State = -1, empty queue]] WARN  server.GrpcLogAppender (GrpcLogAppender.java:timeoutAppendRequest(200)) - a729cdbd-f787-49c0-8e2c-44f1fb27cdba@group-A9823C1EF766->7d946ca7-a873-4723-b723-9ddee89d0bc7-GrpcLogAppender: appendEntries Timeout, request=a729cdbd-f787-49c0-8e2c-44f1fb27cdba->7d946ca7-a873-4723-b723-9ddee89d0bc7#63-t2, previous=(t:2, i:19), leaderCommit=15, initializing? false, entries: <empty>
2019-09-19 12:01:23,259 [main] INFO  impl.RaftServerProxy (RaftServerProxy.java:lambda$close$4(314)) - b61b9bc0-c8d8-4ce8-a569-0c84e6e62f96: close
2019-09-19 12:01:23,261 [main] INFO  impl.RaftServerImpl (RaftServerImpl.java:lambda$shutdown$3(251)) - b61b9bc0-c8d8-4ce8-a569-0c84e6e62f96@group-A959921C772B: shutdown
2019-09-19 12:01:23,262 [ForkJoinPool.commonPool-worker-0] INFO  impl.RaftServerImpl (RaftServerImpl.java:lambda$shutdown$3(251)) - b61b9bc0-c8d8-4ce8-a569-0c84e6e62f96@group-F197496E7779: shutdown
2019-09-19 12:01:23,262 [main] INFO  util.JmxRegister (JmxRegister.java:unregister(73)) - Successfully un-registered JMX Bean with object name Ratis:service=RaftServer,group=group-A959921C772B,id=b61b9bc0-c8d8-4ce8-a569-0c84e6e62f96
2019-09-19 12:01:23,262 [ForkJoinPool.commonPool-worker-0] INFO  util.JmxRegister (JmxRegister.java:unregister(73)) - Successfully un-registered JMX Bean with object name Ratis:service=RaftServer,group=group-F197496E7779,id=b61b9bc0-c8d8-4ce8-a569-0c84e6e62f96
2019-09-19 12:01:23,263 [main] INFO  impl.RoleInfo (RoleInfo.java:shutdownLeaderState(104)) - b61b9bc0-c8d8-4ce8-a569-0c84e6e62f96: shutdown LeaderState
2019-09-19 12:01:23,263 [ForkJoinPool.commonPool-worker-0] INFO  impl.RoleInfo (RoleInfo.java:shutdownLeaderState(104)) - b61b9bc0-c8d8-4ce8-a569-0c84e6e62f96: shutdown LeaderState
2019-09-19 12:01:23,264 [main] INFO  impl.PendingRequests (PendingRequests.java:sendNotLeaderResponses(202)) - b61b9bc0-c8d8-4ce8-a569-0c84e6e62f96-PendingRequests: sendNotLeaderResponses
2019-09-19 12:01:23,276 [org.apache.ratis.server.impl.LogAppender$AppenderDaemon$$Lambda$539/871233349@775d344] WARN  server.GrpcLogAppender (GrpcLogAppender.java:mayWait(143)) - b61b9bc0-c8d8-4ce8-a569-0c84e6e62f96@group-F197496E7779->2fa9f0f6-b6af-48ee-80c5-dd8119aa09d6-GrpcLogAppender: Wait interrupted by java.lang.InterruptedException
2019-09-19 12:01:23,273 [ForkJoinPool.commonPool-worker-0] INFO  impl.PendingRequests (PendingRequests.java:sendNotLeaderResponses(202)) - b61b9bc0-c8d8-4ce8-a569-0c84e6e62f96-PendingRequests: sendNotLeaderResponses
2019-09-19 12:01:23,276 [org.apache.ratis.server.impl.LogAppender$AppenderDaemon$$Lambda$539/871233349@4d2efdef] WARN  server.GrpcLogAppender (GrpcLogAppender.java:mayWait(143)) - b61b9bc0-c8d8-4ce8-a569-0c84e6e62f96@group-F197496E7779->14eab2a7-31b9-4bf4-80ab-c0ebf925c262-GrpcLogAppender: Wait interrupted by java.lang.InterruptedException
2019-09-19 12:01:23,284 [main] INFO  impl.StateMachineUpdater (StateMachineUpdater.java:stopAndJoin(125)) - b61b9bc0-c8d8-4ce8-a569-0c84e6e62f96@group-A959921C772B-StateMachineUpdater: set stopIndex = 0
2019-09-19 12:01:23,284 [ForkJoinPool.commonPool-worker-0] INFO  impl.StateMachineUpdater (StateMachineUpdater.java:stopAndJoin(125)) - b61b9bc0-c8d8-4ce8-a569-0c84e6e62f96@group-F197496E7779-StateMachineUpdater: set stopIndex = 16
2019-09-19 12:01:23,287 [grpc-default-executor-6] INFO  server.GrpcServerProtocolService (GrpcServerProtocolService.java:onCompleted(113)) - 14eab2a7-31b9-4bf4-80ab-c0ebf925c262: Completed APPEND_ENTRIES, lastRequest: b61b9bc0-c8d8-4ce8-a569-0c84e6e62f96->14eab2a7-31b9-4bf4-80ab-c0ebf925c262#64-t2, previous=(t:2, i:16), leaderCommit=16, initializing? false, entries: <empty>
2019-09-19 12:01:23,290 [main] INFO  impl.RaftServerImpl (ServerState.java:close(385)) - b61b9bc0-c8d8-4ce8-a569-0c84e6e62f96@group-A959921C772B: closes. applyIndex: 0
2019-09-19 12:01:23,287 [b61b9bc0-c8d8-4ce8-a569-0c84e6e62f96@group-F197496E7779-StateMachineUpdater] INFO  ratis.ContainerStateMachine (ContainerStateMachine.java:takeSnapshot(289)) - group-F197496E7779: Taking a snapshot at:(t:2, i:14) file /workdir/hadoop-ozone/integration-test/target/test-dir/MiniOzoneClusterImpl-d8add679-7105-42f6-bf2c-18911ac53160/datanode-3/data/ratis/6d8850fe-b2ec-45e2-8de3-f197496e7779/sm/snapshot.2_14
2019-09-19 12:01:23,287 [grpc-default-executor-2] INFO  server.GrpcServerProtocolService (GrpcServerProtocolService.java:onCompleted(113)) - 2fa9f0f6-b6af-48ee-80c5-dd8119aa09d6: Completed APPEND_ENTRIES, lastRequest: b61b9bc0-c8d8-4ce8-a569-0c84e6e62f96->2fa9f0f6-b6af-48ee-80c5-dd8119aa09d6#64-t2, previous=(t:2, i:16), leaderCommit=16, initializing? false, entries: <empty>
2019-09-19 12:01:23,291 [grpc-default-executor-2] INFO  server.GrpcLogAppender (GrpcLogAppender.java:onCompleted(293)) - b61b9bc0-c8d8-4ce8-a569-0c84e6e62f96@group-F197496E7779->14eab2a7-31b9-4bf4-80ab-c0ebf925c262-AppendLogResponseHandler: follower responses appendEntries COMPLETED
2019-09-19 12:01:23,291 [grpc-default-executor-6] INFO  server.GrpcLogAppender (GrpcLogAppender.java:onCompleted(293)) - b61b9bc0-c8d8-4ce8-a569-0c84e6e62f96@group-F197496E7779->2fa9f0f6-b6af-48ee-80c5-dd8119aa09d6-AppendLogResponseHandler: follower responses appendEntries COMPLETED
2019-09-19 12:01:23,303 [b61b9bc0-c8d8-4ce8-a569-0c84e6e62f96@group-A959921C772B-SegmentedRaftLogWorker] INFO  segmented.SegmentedRaftLogWorker (SegmentedRaftLogWorker.java:run(313)) - b61b9bc0-c8d8-4ce8-a569-0c84e6e62f96@group-A959921C772B-SegmentedRaftLogWorker was interrupted, exiting. There are 0 tasks remaining in the queue.
2019-09-19 12:01:23,307 [grpc-default-executor-2] INFO  impl.FollowerInfo (FollowerInfo.java:lambda$new$0(51)) - b61b9bc0-c8d8-4ce8-a569-0c84e6e62f96@group-F197496E7779->14eab2a7-31b9-4bf4-80ab-c0ebf925c262: nextIndex: updateUnconditionally 17 -> 16
2019-09-19 12:01:23,308 [main] INFO  segmented.SegmentedRaftLogWorker (SegmentedRaftLogWorker.java:close(228)) - b61b9bc0-c8d8-4ce8-a569-0c84e6e62f96@group-A959921C772B-SegmentedRaftLogWorker close()
2019-09-19 12:01:23,308 [grpc-default-executor-6] INFO  impl.FollowerInfo (FollowerInfo.java:lambda$new$0(51)) - b61b9bc0-c8d8-4ce8-a569-0c84e6e62f96@group-F197496E7779->2fa9f0f6-b6af-48ee-80c5-dd8119aa09d6: nextIndex: updateUnconditionally 17 -> 16
2019-09-19 12:01:23,345 [b61b9bc0-c8d8-4ce8-a569-0c84e6e62f96@group-F197496E7779-StateMachineUpdater] INFO  ratis.ContainerStateMachine (ContainerStateMachine.java:takeSnapshot(300)) - group-F197496E7779: Finished taking a snapshot at:(t:2, i:14) file:/workdir/hadoop-ozone/integration-test/target/test-dir/MiniOzoneClusterImpl-d8add679-7105-42f6-bf2c-18911ac53160/datanode-3/data/ratis/6d8850fe-b2ec-45e2-8de3-f197496e7779/sm/snapshot.2_14 time:58
2019-09-19 12:01:23,345 [b61b9bc0-c8d8-4ce8-a569-0c84e6e62f96@group-F197496E7779-StateMachineUpdater] INFO  impl.StateMachineUpdater (StateMachineUpdater.java:takeSnapshot(258)) - b61b9bc0-c8d8-4ce8-a569-0c84e6e62f96@group-F197496E7779-StateMachineUpdater: Took a snapshot at index 14
2019-09-19 12:01:23,345 [b61b9bc0-c8d8-4ce8-a569-0c84e6e62f96@group-F197496E7779-StateMachineUpdater] INFO  impl.StateMachineUpdater (StateMachineUpdater.java:lambda$new$0(83)) - b61b9bc0-c8d8-4ce8-a569-0c84e6e62f96@group-F197496E7779-StateMachineUpdater: snapshotIndex: updateIncreasingly -1 -> 14
2019-09-19 12:01:23,364 [b61b9bc0-c8d8-4ce8-a569-0c84e6e62f96@group-F197496E7779-StateMachineUpdater] INFO  ratis.ContainerStateMachine (ContainerStateMachine.java:takeSnapshot(289)) - group-F197496E7779: Taking a snapshot at:(t:2, i:14) file /workdir/hadoop-ozone/integration-test/target/test-dir/MiniOzoneClusterImpl-d8add679-7105-42f6-bf2c-18911ac53160/datanode-3/data/ratis/6d8850fe-b2ec-45e2-8de3-f197496e7779/sm/snapshot.2_14
2019-09-19 12:01:23,376 [b61b9bc0-c8d8-4ce8-a569-0c84e6e62f96@group-F197496E7779-StateMachineUpdater] INFO  ratis.ContainerStateMachine (ContainerStateMachine.java:takeSnapshot(300)) - group-F197496E7779: Finished taking a snapshot at:(t:2, i:14) file:/workdir/hadoop-ozone/integration-test/target/test-dir/MiniOzoneClusterImpl-d8add679-7105-42f6-bf2c-18911ac53160/datanode-3/data/ratis/6d8850fe-b2ec-45e2-8de3-f197496e7779/sm/snapshot.2_14 time:12
2019-09-19 12:01:23,376 [b61b9bc0-c8d8-4ce8-a569-0c84e6e62f96@group-F197496E7779-StateMachineUpdater] INFO  impl.StateMachineUpdater (StateMachineUpdater.java:takeSnapshot(258)) - b61b9bc0-c8d8-4ce8-a569-0c84e6e62f96@group-F197496E7779-StateMachineUpdater: Took a snapshot at index 14
2019-09-19 12:01:23,377 [b61b9bc0-c8d8-4ce8-a569-0c84e6e62f96@group-F197496E7779-StateMachineUpdater] INFO  impl.StateMachineUpdater (StateMachineUpdater.java:lambda$new$0(83)) - b61b9bc0-c8d8-4ce8-a569-0c84e6e62f96@group-F197496E7779-StateMachineUpdater: snapshotIndex: updateIncreasingly 14 -> 14
2019-09-19 12:01:23,377 [ForkJoinPool.commonPool-worker-0] INFO  impl.RaftServerImpl (ServerState.java:close(385)) - b61b9bc0-c8d8-4ce8-a569-0c84e6e62f96@group-F197496E7779: closes. applyIndex: 16
2019-09-19 12:01:23,378 [b61b9bc0-c8d8-4ce8-a569-0c84e6e62f96@group-F197496E7779-SegmentedRaftLogWorker] INFO  segmented.SegmentedRaftLogWorker (SegmentedRaftLogWorker.java:run(313)) - b61b9bc0-c8d8-4ce8-a569-0c84e6e62f96@group-F197496E7779-SegmentedRaftLogWorker was interrupted, exiting. There are 0 tasks remaining in the queue.
2019-09-19 12:01:23,381 [ForkJoinPool.commonPool-worker-0] INFO  segmented.SegmentedRaftLogWorker (SegmentedRaftLogWorker.java:close(228)) - b61b9bc0-c8d8-4ce8-a569-0c84e6e62f96@group-F197496E7779-SegmentedRaftLogWorker close()
2019-09-19 12:01:23,385 [main] INFO  server.GrpcService (GrpcService.java:closeImpl(164)) - b61b9bc0-c8d8-4ce8-a569-0c84e6e62f96: shutdown server with port 36095 now
2019-09-19 12:01:23,389 [main] INFO  server.GrpcService (GrpcService.java:closeImpl(172)) - b61b9bc0-c8d8-4ce8-a569-0c84e6e62f96: shutdown server with port 36095 successfully
2019-09-19 12:01:23,403 [refreshUsed-/workdir/hadoop-ozone/integration-test/target/test-dir/MiniOzoneClusterImpl-d8add679-7105-42f6-bf2c-18911ac53160/datanode-3/data/containers] WARN  fs.CachingGetSpaceUsed (CachingGetSpaceUsed.java:run(183)) - Thread Interrupted waiting to refresh disk information: sleep interrupted
2019-09-19 12:01:23,419 [main] INFO  utils.BackgroundService (BackgroundService.java:shutdown(148)) - Shutting down service BlockDeletingService
2019-09-19 12:01:23,427 [main] INFO  statemachine.DatanodeStateMachine (DatanodeStateMachine.java:stopDaemon(395)) - Ozone container server stopped.
2019-09-19 12:01:23,434 [main] INFO  handler.ContextHandler (ContextHandler.java:doStop(910)) - Stopped o.e.j.w.WebAppContext@1fb2d5e{/,null,UNAVAILABLE}{/hddsDatanode}
2019-09-19 12:01:23,440 [main] INFO  server.AbstractConnector (AbstractConnector.java:doStop(318)) - Stopped ServerConnector@1716e8c5{HTTP/1.1,[http/1.1]}{0.0.0.0:0}
2019-09-19 12:01:23,441 [main] INFO  handler.ContextHandler (ContextHandler.java:doStop(910)) - Stopped o.e.j.s.ServletContextHandler@36480b2d{/static,jar:file:/home/user/.m2/repository/org/apache/hadoop/hadoop-hdds-container-service/0.5.0-SNAPSHOT/hadoop-hdds-container-service-0.5.0-SNAPSHOT.jar!/webapps/static,UNAVAILABLE}
2019-09-19 12:01:23,441 [main] INFO  handler.ContextHandler (ContextHandler.java:doStop(910)) - Stopped o.e.j.s.ServletContextHandler@517a2b0{/logs,file:///workdir/hadoop-ozone/integration-test/target/log,UNAVAILABLE}
2019-09-19 12:01:23,488 [grpc-default-executor-2] INFO  client.GrpcClientProtocolClient (GrpcClientProtocolClient.java:onNext(264)) - client-4CC87BB336E7->0f3ef5c5-216f-4603-9049-7f6477ca6f67: receive RaftClientReply:client-4CC87BB336E7->0f3ef5c5-216f-4603-9049-7f6477ca6f67@group-E57B62D150CC, cid=45, SUCCESS, logIndex=9, commits[0f3ef5c5-216f-4603-9049-7f6477ca6f67:c12, 0eafe25b-eef3-4e6e-962a-cfdd69f48960:c8, ccd7891f-abf2-4840-bcfd-f7d46dfca276:c8]
2019-09-19 12:01:23,489 [grpc-default-executor-2] INFO  client.GrpcClientProtocolClient (GrpcClientProtocolClient.java:onNext(264)) - client-4CC87BB336E7->0f3ef5c5-216f-4603-9049-7f6477ca6f67: receive RaftClientReply:client-4CC87BB336E7->0f3ef5c5-216f-4603-9049-7f6477ca6f67@group-E57B62D150CC, cid=46, SUCCESS, logIndex=10, commits[0f3ef5c5-216f-4603-9049-7f6477ca6f67:c12, 0eafe25b-eef3-4e6e-962a-cfdd69f48960:c8, ccd7891f-abf2-4840-bcfd-f7d46dfca276:c8]
2019-09-19 12:01:23,490 [grpc-default-executor-2] INFO  client.GrpcClientProtocolClient (GrpcClientProtocolClient.java:onNext(264)) - client-4CC87BB336E7->0f3ef5c5-216f-4603-9049-7f6477ca6f67: receive RaftClientReply:client-4CC87BB336E7->0f3ef5c5-216f-4603-9049-7f6477ca6f67@group-E57B62D150CC, cid=47, SUCCESS, logIndex=11, commits[0f3ef5c5-216f-4603-9049-7f6477ca6f67:c12, 0eafe25b-eef3-4e6e-962a-cfdd69f48960:c8, ccd7891f-abf2-4840-bcfd-f7d46dfca276:c8]
2019-09-19 12:01:23,491 [grpc-default-executor-2] INFO  client.GrpcClientProtocolClient (GrpcClientProtocolClient.java:onNext(264)) - client-4CC87BB336E7->0f3ef5c5-216f-4603-9049-7f6477ca6f67: receive RaftClientReply:client-4CC87BB336E7->0f3ef5c5-216f-4603-9049-7f6477ca6f67@group-E57B62D150CC, cid=48, SUCCESS, logIndex=12, commits[0f3ef5c5-216f-4603-9049-7f6477ca6f67:c12, 0eafe25b-eef3-4e6e-962a-cfdd69f48960:c8, ccd7891f-abf2-4840-bcfd-f7d46dfca276:c8]
2019-09-19 12:01:23,508 [grpc-default-executor-6] INFO  client.GrpcClientProtocolClient (GrpcClientProtocolClient.java:onNext(264)) - client-4CC87BB336E7->0f3ef5c5-216f-4603-9049-7f6477ca6f67: receive RaftClientReply:client-4CC87BB336E7->0f3ef5c5-216f-4603-9049-7f6477ca6f67@group-E57B62D150CC, cid=49, SUCCESS, logIndex=0, commits[0f3ef5c5-216f-4603-9049-7f6477ca6f67:c14, 0eafe25b-eef3-4e6e-962a-cfdd69f48960:c12, ccd7891f-abf2-4840-bcfd-f7d46dfca276:c12]
2019-09-19 12:01:23,510 [grpc-default-executor-6] INFO  client.GrpcClientProtocolClient (GrpcClientProtocolClient.java:onNext(264)) - client-4CC87BB336E7->0f3ef5c5-216f-4603-9049-7f6477ca6f67: receive RaftClientReply:client-4CC87BB336E7->0f3ef5c5-216f-4603-9049-7f6477ca6f67@group-E57B62D150CC, cid=50, SUCCESS, logIndex=0, commits[0f3ef5c5-216f-4603-9049-7f6477ca6f67:c14, 0eafe25b-eef3-4e6e-962a-cfdd69f48960:c12, ccd7891f-abf2-4840-bcfd-f7d46dfca276:c12]
2019-09-19 12:01:23,758 [java.util.concurrent.ThreadPoolExecutor$Worker@3e8d0eb4[State = -1, empty queue]] WARN  server.GrpcLogAppender (GrpcLogAppender.java:timeoutAppendRequest(200)) - a729cdbd-f787-49c0-8e2c-44f1fb27cdba@group-A9823C1EF766->7d946ca7-a873-4723-b723-9ddee89d0bc7-GrpcLogAppender: appendEntries Timeout, request=a729cdbd-f787-49c0-8e2c-44f1fb27cdba->7d946ca7-a873-4723-b723-9ddee89d0bc7#64-t2, previous=(t:2, i:19), leaderCommit=15, initializing? false, entries: <empty>
2019-09-19 12:01:23,758 [java.util.concurrent.ThreadPoolExecutor$Worker@3540f9e3[State = -1, empty queue]] WARN  server.GrpcLogAppender (GrpcLogAppender.java:timeoutAppendRequest(200)) - a729cdbd-f787-49c0-8e2c-44f1fb27cdba@group-A9823C1EF766->ccaa8f46-a720-4c9d-b367-b8e62fb2ca31-GrpcLogAppender: appendEntries Timeout, request=a729cdbd-f787-49c0-8e2c-44f1fb27cdba->ccaa8f46-a720-4c9d-b367-b8e62fb2ca31#64-t2, previous=(t:2, i:19), leaderCommit=15, initializing? false, entries: <empty>
2019-09-19 12:01:24,262 [java.util.concurrent.ThreadPoolExecutor$Worker@3e8d0eb4[State = -1, empty queue]] WARN  server.GrpcLogAppender (GrpcLogAppender.java:timeoutAppendRequest(200)) - a729cdbd-f787-49c0-8e2c-44f1fb27cdba@group-A9823C1EF766->7d946ca7-a873-4723-b723-9ddee89d0bc7-GrpcLogAppender: appendEntries Timeout, request=a729cdbd-f787-49c0-8e2c-44f1fb27cdba->7d946ca7-a873-4723-b723-9ddee89d0bc7#65-t2, previous=(t:2, i:19), leaderCommit=15, initializing? false, entries: <empty>
2019-09-19 12:01:24,262 [java.util.concurrent.ThreadPoolExecutor$Worker@3540f9e3[State = -1, empty queue]] WARN  server.GrpcLogAppender (GrpcLogAppender.java:timeoutAppendRequest(200)) - a729cdbd-f787-49c0-8e2c-44f1fb27cdba@group-A9823C1EF766->ccaa8f46-a720-4c9d-b367-b8e62fb2ca31-GrpcLogAppender: appendEntries Timeout, request=a729cdbd-f787-49c0-8e2c-44f1fb27cdba->ccaa8f46-a720-4c9d-b367-b8e62fb2ca31#65-t2, previous=(t:2, i:19), leaderCommit=15, initializing? false, entries: <empty>
2019-09-19 12:01:24,547 [Thread-411] INFO  impl.FollowerState (FollowerState.java:run(106)) - 14eab2a7-31b9-4bf4-80ab-c0ebf925c262:group-F197496E7779 changes to CANDIDATE, lastRpcTime:1776, electionTimeout:1058ms
2019-09-19 12:01:24,548 [Thread-411] INFO  impl.RoleInfo (RoleInfo.java:shutdownFollowerState(121)) - 14eab2a7-31b9-4bf4-80ab-c0ebf925c262: shutdown FollowerState
2019-09-19 12:01:24,548 [Thread-411] INFO  impl.RaftServerImpl (RaftServerImpl.java:setRole(174)) - 14eab2a7-31b9-4bf4-80ab-c0ebf925c262@group-F197496E7779: changes role from  FOLLOWER to CANDIDATE at term 2 for changeToCandidate
2019-09-19 12:01:24,548 [Thread-411] INFO  impl.RoleInfo (RoleInfo.java:updateAndGet(143)) - 14eab2a7-31b9-4bf4-80ab-c0ebf925c262: start LeaderElection
2019-09-19 12:01:24,553 [14eab2a7-31b9-4bf4-80ab-c0ebf925c262@group-F197496E7779:LeaderElection23] INFO  impl.RaftServerImpl (ServerState.java:setLeader(253)) - 14eab2a7-31b9-4bf4-80ab-c0ebf925c262@group-F197496E7779: change Leader from b61b9bc0-c8d8-4ce8-a569-0c84e6e62f96 to null at term 2 for initElection
2019-09-19 12:01:24,567 [14eab2a7-31b9-4bf4-80ab-c0ebf925c262@group-F197496E7779:LeaderElection23] INFO  impl.LeaderElection (LeaderElection.java:askForVotes(182)) - 14eab2a7-31b9-4bf4-80ab-c0ebf925c262@group-F197496E7779:LeaderElection23: begin an election at term 3 for 0: [14eab2a7-31b9-4bf4-80ab-c0ebf925c262:192.168.34.13:37038, 2fa9f0f6-b6af-48ee-80c5-dd8119aa09d6:192.168.34.13:39061, b61b9bc0-c8d8-4ce8-a569-0c84e6e62f96:192.168.34.13:36095], old=null
2019-09-19 12:01:24,577 [grpc-default-executor-6] INFO  impl.RaftServerImpl (ServerState.java:setLeader(253)) - 2fa9f0f6-b6af-48ee-80c5-dd8119aa09d6@group-F197496E7779: change Leader from b61b9bc0-c8d8-4ce8-a569-0c84e6e62f96 to null at term 3 for updateCurrentTerm
2019-09-19 12:01:24,578 [grpc-default-executor-6] INFO  impl.RaftServerImpl (RaftServerImpl.java:setRole(174)) - 2fa9f0f6-b6af-48ee-80c5-dd8119aa09d6@group-F197496E7779: changes role from  FOLLOWER to FOLLOWER at term 3 for recognizeCandidate:14eab2a7-31b9-4bf4-80ab-c0ebf925c262
2019-09-19 12:01:24,578 [grpc-default-executor-6] INFO  impl.RoleInfo (RoleInfo.java:shutdownFollowerState(121)) - 2fa9f0f6-b6af-48ee-80c5-dd8119aa09d6: shutdown FollowerState
2019-09-19 12:01:24,578 [grpc-default-executor-6] INFO  impl.RoleInfo (RoleInfo.java:updateAndGet(143)) - 2fa9f0f6-b6af-48ee-80c5-dd8119aa09d6: start FollowerState
2019-09-19 12:01:24,578 [Thread-413] INFO  impl.FollowerState (FollowerState.java:run(115)) - 2fa9f0f6-b6af-48ee-80c5-dd8119aa09d6: FollowerState was interrupted: java.lang.InterruptedException: sleep interrupted
2019-09-19 12:01:24,585 [14eab2a7-31b9-4bf4-80ab-c0ebf925c262@group-F197496E7779:LeaderElection23] INFO  impl.LeaderElection (LogUtils.java:infoOrTrace(149)) - 14eab2a7-31b9-4bf4-80ab-c0ebf925c262@group-F197496E7779:LeaderElection23 got exception when requesting votes: {}
java.util.concurrent.ExecutionException: org.apache.ratis.thirdparty.io.grpc.StatusRuntimeException: UNAVAILABLE: io exception
	at java.util.concurrent.FutureTask.report(FutureTask.java:122)
	at java.util.concurrent.FutureTask.get(FutureTask.java:192)
	at org.apache.ratis.server.impl.LeaderElection.waitForResults(LeaderElection.java:263)
	at org.apache.ratis.server.impl.LeaderElection.askForVotes(LeaderElection.java:201)
	at org.apache.ratis.server.impl.LeaderElection.run(LeaderElection.java:133)
	at java.lang.Thread.run(Thread.java:748)
Caused by: org.apache.ratis.thirdparty.io.grpc.StatusRuntimeException: UNAVAILABLE: io exception
	at org.apache.ratis.thirdparty.io.grpc.stub.ClientCalls.toStatusRuntimeException(ClientCalls.java:233)
	at org.apache.ratis.thirdparty.io.grpc.stub.ClientCalls.getUnchecked(ClientCalls.java:214)
	at org.apache.ratis.thirdparty.io.grpc.stub.ClientCalls.blockingUnaryCall(ClientCalls.java:139)
	at org.apache.ratis.proto.grpc.RaftServerProtocolServiceGrpc$RaftServerProtocolServiceBlockingStub.requestVote(RaftServerProtocolServiceGrpc.java:265)
	at org.apache.ratis.grpc.server.GrpcServerProtocolClient.requestVote(GrpcServerProtocolClient.java:90)
	at org.apache.ratis.grpc.server.GrpcService.requestVote(GrpcService.java:204)
	at org.apache.ratis.server.impl.LeaderElection.lambda$submitRequests$1(LeaderElection.java:238)
	at java.util.concurrent.FutureTask.run(FutureTask.java:266)
	at java.util.concurrent.Executors$RunnableAdapter.call(Executors.java:511)
	at java.util.concurrent.FutureTask.run(FutureTask.java:266)
	at java.util.concurrent.ThreadPoolExecutor.runWorker(ThreadPoolExecutor.java:1149)
	at java.util.concurrent.ThreadPoolExecutor$Worker.run(ThreadPoolExecutor.java:624)
	... 1 more
Caused by: org.apache.ratis.thirdparty.io.netty.channel.AbstractChannel$AnnotatedConnectException: Connection refused: /192.168.34.13:36095
	at sun.nio.ch.SocketChannelImpl.checkConnect(Native Method)
	at sun.nio.ch.SocketChannelImpl.finishConnect(SocketChannelImpl.java:717)
	at org.apache.ratis.thirdparty.io.netty.channel.socket.nio.NioSocketChannel.doFinishConnect(NioSocketChannel.java:327)
	at org.apache.ratis.thirdparty.io.netty.channel.nio.AbstractNioChannel$AbstractNioUnsafe.finishConnect(AbstractNioChannel.java:340)
	at org.apache.ratis.thirdparty.io.netty.channel.nio.NioEventLoop.processSelectedKey(NioEventLoop.java:632)
	at org.apache.ratis.thirdparty.io.netty.channel.nio.NioEventLoop.processSelectedKeysOptimized(NioEventLoop.java:579)
	at org.apache.ratis.thirdparty.io.netty.channel.nio.NioEventLoop.processSelectedKeys(NioEventLoop.java:496)
	at org.apache.ratis.thirdparty.io.netty.channel.nio.NioEventLoop.run(NioEventLoop.java:458)
	at org.apache.ratis.thirdparty.io.netty.util.concurrent.SingleThreadEventExecutor$5.run(SingleThreadEventExecutor.java:897)
	at org.apache.ratis.thirdparty.io.netty.util.concurrent.FastThreadLocalRunnable.run(FastThreadLocalRunnable.java:30)
	... 1 more
Caused by: java.net.ConnectException: Connection refused
	... 11 more
2019-09-19 12:01:24,596 [14eab2a7-31b9-4bf4-80ab-c0ebf925c262@group-F197496E7779:LeaderElection23] INFO  impl.LeaderElection (LeaderElection.java:logAndReturn(56)) - 14eab2a7-31b9-4bf4-80ab-c0ebf925c262@group-F197496E7779:LeaderElection23: Election PASSED; received 1 response(s) [14eab2a7-31b9-4bf4-80ab-c0ebf925c262<-2fa9f0f6-b6af-48ee-80c5-dd8119aa09d6#0:OK-t3] and 1 exception(s); 14eab2a7-31b9-4bf4-80ab-c0ebf925c262@group-F197496E7779:t3, leader=null, voted=14eab2a7-31b9-4bf4-80ab-c0ebf925c262, raftlog=14eab2a7-31b9-4bf4-80ab-c0ebf925c262@group-F197496E7779-SegmentedRaftLog:OPENED:c16,f16,i16, conf=0: [14eab2a7-31b9-4bf4-80ab-c0ebf925c262:192.168.34.13:37038, 2fa9f0f6-b6af-48ee-80c5-dd8119aa09d6:192.168.34.13:39061, b61b9bc0-c8d8-4ce8-a569-0c84e6e62f96:192.168.34.13:36095], old=null
2019-09-19 12:01:24,597 [14eab2a7-31b9-4bf4-80ab-c0ebf925c262@group-F197496E7779:LeaderElection23] INFO  impl.LeaderElection (LogUtils.java:infoOrTrace(149)) -   Exception 0: {}
java.util.concurrent.ExecutionException: org.apache.ratis.thirdparty.io.grpc.StatusRuntimeException: UNAVAILABLE: io exception
	at java.util.concurrent.FutureTask.report(FutureTask.java:122)
	at java.util.concurrent.FutureTask.get(FutureTask.java:192)
	at org.apache.ratis.server.impl.LeaderElection.waitForResults(LeaderElection.java:263)
	at org.apache.ratis.server.impl.LeaderElection.askForVotes(LeaderElection.java:201)
	at org.apache.ratis.server.impl.LeaderElection.run(LeaderElection.java:133)
	at java.lang.Thread.run(Thread.java:748)
Caused by: org.apache.ratis.thirdparty.io.grpc.StatusRuntimeException: UNAVAILABLE: io exception
	at org.apache.ratis.thirdparty.io.grpc.stub.ClientCalls.toStatusRuntimeException(ClientCalls.java:233)
	at org.apache.ratis.thirdparty.io.grpc.stub.ClientCalls.getUnchecked(ClientCalls.java:214)
	at org.apache.ratis.thirdparty.io.grpc.stub.ClientCalls.blockingUnaryCall(ClientCalls.java:139)
	at org.apache.ratis.proto.grpc.RaftServerProtocolServiceGrpc$RaftServerProtocolServiceBlockingStub.requestVote(RaftServerProtocolServiceGrpc.java:265)
	at org.apache.ratis.grpc.server.GrpcServerProtocolClient.requestVote(GrpcServerProtocolClient.java:90)
	at org.apache.ratis.grpc.server.GrpcService.requestVote(GrpcService.java:204)
	at org.apache.ratis.server.impl.LeaderElection.lambda$submitRequests$1(LeaderElection.java:238)
	at java.util.concurrent.FutureTask.run(FutureTask.java:266)
	at java.util.concurrent.Executors$RunnableAdapter.call(Executors.java:511)
	at java.util.concurrent.FutureTask.run(FutureTask.java:266)
	at java.util.concurrent.ThreadPoolExecutor.runWorker(ThreadPoolExecutor.java:1149)
	at java.util.concurrent.ThreadPoolExecutor$Worker.run(ThreadPoolExecutor.java:624)
	... 1 more
Caused by: org.apache.ratis.thirdparty.io.netty.channel.AbstractChannel$AnnotatedConnectException: Connection refused: /192.168.34.13:36095
	at sun.nio.ch.SocketChannelImpl.checkConnect(Native Method)
	at sun.nio.ch.SocketChannelImpl.finishConnect(SocketChannelImpl.java:717)
	at org.apache.ratis.thirdparty.io.netty.channel.socket.nio.NioSocketChannel.doFinishConnect(NioSocketChannel.java:327)
	at org.apache.ratis.thirdparty.io.netty.channel.nio.AbstractNioChannel$AbstractNioUnsafe.finishConnect(AbstractNioChannel.java:340)
	at org.apache.ratis.thirdparty.io.netty.channel.nio.NioEventLoop.processSelectedKey(NioEventLoop.java:632)
	at org.apache.ratis.thirdparty.io.netty.channel.nio.NioEventLoop.processSelectedKeysOptimized(NioEventLoop.java:579)
	at org.apache.ratis.thirdparty.io.netty.channel.nio.NioEventLoop.processSelectedKeys(NioEventLoop.java:496)
	at org.apache.ratis.thirdparty.io.netty.channel.nio.NioEventLoop.run(NioEventLoop.java:458)
	at org.apache.ratis.thirdparty.io.netty.util.concurrent.SingleThreadEventExecutor$5.run(SingleThreadEventExecutor.java:897)
	at org.apache.ratis.thirdparty.io.netty.util.concurrent.FastThreadLocalRunnable.run(FastThreadLocalRunnable.java:30)
	... 1 more
Caused by: java.net.ConnectException: Connection refused
	... 11 more
2019-09-19 12:01:24,598 [14eab2a7-31b9-4bf4-80ab-c0ebf925c262@group-F197496E7779:LeaderElection23] INFO  impl.RoleInfo (RoleInfo.java:shutdownLeaderElection(134)) - 14eab2a7-31b9-4bf4-80ab-c0ebf925c262: shutdown LeaderElection
2019-09-19 12:01:24,599 [14eab2a7-31b9-4bf4-80ab-c0ebf925c262@group-F197496E7779:LeaderElection23] INFO  impl.RaftServerImpl (RaftServerImpl.java:setRole(174)) - 14eab2a7-31b9-4bf4-80ab-c0ebf925c262@group-F197496E7779: changes role from CANDIDATE to LEADER at term 3 for changeToLeader
2019-09-19 12:01:24,599 [14eab2a7-31b9-4bf4-80ab-c0ebf925c262@group-F197496E7779:LeaderElection23] INFO  impl.RaftServerImpl (ServerState.java:setLeader(253)) - 14eab2a7-31b9-4bf4-80ab-c0ebf925c262@group-F197496E7779: change Leader from null to 14eab2a7-31b9-4bf4-80ab-c0ebf925c262 at term 3 for becomeLeader, leader elected after 45ms
2019-09-19 12:01:24,599 [14eab2a7-31b9-4bf4-80ab-c0ebf925c262@group-F197496E7779:LeaderElection23] INFO  server.RaftServerConfigKeys (ConfUtils.java:logGet(43)) - raft.server.staging.catchup.gap = 1000 (default)
2019-09-19 12:01:24,599 [14eab2a7-31b9-4bf4-80ab-c0ebf925c262@group-F197496E7779:LeaderElection23] INFO  server.RaftServerConfigKeys (ConfUtils.java:logGet(43)) - raft.server.rpc.sleep.time = 25ms (default)
2019-09-19 12:01:24,600 [14eab2a7-31b9-4bf4-80ab-c0ebf925c262@group-F197496E7779:LeaderElection23] INFO  server.RaftServerConfigKeys (ConfUtils.java:logGet(43)) - raft.server.write.element-limit = 4096 (default)
2019-09-19 12:01:24,600 [14eab2a7-31b9-4bf4-80ab-c0ebf925c262@group-F197496E7779:LeaderElection23] INFO  server.RaftServerConfigKeys (ConfUtils.java:logGet(43)) - raft.server.watch.timeout = 10s (default)
2019-09-19 12:01:24,600 [14eab2a7-31b9-4bf4-80ab-c0ebf925c262@group-F197496E7779:LeaderElection23] INFO  server.RaftServerConfigKeys (ConfUtils.java:logGet(43)) - raft.server.watch.timeout.denomination = 1s (default)
2019-09-19 12:01:24,600 [14eab2a7-31b9-4bf4-80ab-c0ebf925c262@group-F197496E7779:LeaderElection23] INFO  server.RaftServerConfigKeys (ConfUtils.java:logGet(43)) - raft.server.watch.element-limit = 65536 (default)
2019-09-19 12:01:24,605 [14eab2a7-31b9-4bf4-80ab-c0ebf925c262@group-F197496E7779:LeaderElection23] INFO  server.RaftServerConfigKeys (ConfUtils.java:logGet(43)) - raft.server.log.appender.snapshot.chunk.size.max = 16MB (=16777216) (default)
2019-09-19 12:01:24,606 [14eab2a7-31b9-4bf4-80ab-c0ebf925c262@group-F197496E7779:LeaderElection23] INFO  server.RaftServerConfigKeys (ConfUtils.java:logGet(43)) - raft.server.log.appender.buffer.byte-limit = 33554432 (custom)
2019-09-19 12:01:24,606 [14eab2a7-31b9-4bf4-80ab-c0ebf925c262@group-F197496E7779:LeaderElection23] INFO  server.RaftServerConfigKeys (ConfUtils.java:logGet(43)) - raft.server.log.appender.buffer.element-limit = 1 (custom)
2019-09-19 12:01:24,606 [14eab2a7-31b9-4bf4-80ab-c0ebf925c262@group-F197496E7779:LeaderElection23] INFO  grpc.GrpcConfigKeys$Server (ConfUtils.java:logGet(43)) - raft.grpc.server.leader.outstanding.appends.max = 128 (default)
2019-09-19 12:01:24,607 [14eab2a7-31b9-4bf4-80ab-c0ebf925c262@group-F197496E7779:LeaderElection23] INFO  server.RaftServerConfigKeys (ConfUtils.java:logGet(43)) - raft.server.rpc.request.timeout = 3000ms (default)
2019-09-19 12:01:24,607 [14eab2a7-31b9-4bf4-80ab-c0ebf925c262@group-F197496E7779:LeaderElection23] INFO  server.RaftServerConfigKeys (ConfUtils.java:logGet(43)) - raft.server.log.appender.install.snapshot.enabled = false (custom)
2019-09-19 12:01:24,607 [14eab2a7-31b9-4bf4-80ab-c0ebf925c262@group-F197496E7779:LeaderElection23] INFO  server.RaftServerConfigKeys (ConfUtils.java:logGet(43)) - raft.server.log.appender.snapshot.chunk.size.max = 16MB (=16777216) (default)
2019-09-19 12:01:24,608 [14eab2a7-31b9-4bf4-80ab-c0ebf925c262@group-F197496E7779:LeaderElection23] INFO  server.RaftServerConfigKeys (ConfUtils.java:logGet(43)) - raft.server.log.appender.buffer.byte-limit = 33554432 (custom)
2019-09-19 12:01:24,608 [14eab2a7-31b9-4bf4-80ab-c0ebf925c262@group-F197496E7779:LeaderElection23] INFO  server.RaftServerConfigKeys (ConfUtils.java:logGet(43)) - raft.server.log.appender.buffer.element-limit = 1 (custom)
2019-09-19 12:01:24,608 [14eab2a7-31b9-4bf4-80ab-c0ebf925c262@group-F197496E7779:LeaderElection23] INFO  grpc.GrpcConfigKeys$Server (ConfUtils.java:logGet(43)) - raft.grpc.server.leader.outstanding.appends.max = 128 (default)
2019-09-19 12:01:24,608 [14eab2a7-31b9-4bf4-80ab-c0ebf925c262@group-F197496E7779:LeaderElection23] INFO  server.RaftServerConfigKeys (ConfUtils.java:logGet(43)) - raft.server.rpc.request.timeout = 3000ms (default)
2019-09-19 12:01:24,609 [14eab2a7-31b9-4bf4-80ab-c0ebf925c262@group-F197496E7779:LeaderElection23] INFO  server.RaftServerConfigKeys (ConfUtils.java:logGet(43)) - raft.server.log.appender.install.snapshot.enabled = false (custom)
2019-09-19 12:01:24,609 [14eab2a7-31b9-4bf4-80ab-c0ebf925c262@group-F197496E7779:LeaderElection23] INFO  impl.RoleInfo (RoleInfo.java:updateAndGet(143)) - 14eab2a7-31b9-4bf4-80ab-c0ebf925c262: start LeaderState
2019-09-19 12:01:24,610 [14eab2a7-31b9-4bf4-80ab-c0ebf925c262@group-F197496E7779:LeaderElection23] INFO  segmented.SegmentedRaftLogWorker (SegmentedRaftLogWorker.java:rollLogSegment(385)) - 14eab2a7-31b9-4bf4-80ab-c0ebf925c262@group-F197496E7779-SegmentedRaftLogWorker: Rolling segment log-0_16 to index:16
2019-09-19 12:01:24,612 [14eab2a7-31b9-4bf4-80ab-c0ebf925c262@group-F197496E7779:LeaderElection23] INFO  impl.RaftServerImpl (ServerState.java:setRaftConf(354)) - 14eab2a7-31b9-4bf4-80ab-c0ebf925c262@group-F197496E7779: set configuration 17: [14eab2a7-31b9-4bf4-80ab-c0ebf925c262:192.168.34.13:37038, 2fa9f0f6-b6af-48ee-80c5-dd8119aa09d6:192.168.34.13:39061, b61b9bc0-c8d8-4ce8-a569-0c84e6e62f96:192.168.34.13:36095], old=null at 17
2019-09-19 12:01:24,612 [14eab2a7-31b9-4bf4-80ab-c0ebf925c262@group-F197496E7779-SegmentedRaftLogWorker] INFO  segmented.SegmentedRaftLogWorker (SegmentedRaftLogWorker.java:execute(526)) - 14eab2a7-31b9-4bf4-80ab-c0ebf925c262@group-F197496E7779-SegmentedRaftLogWorker: Rolled log segment from /workdir/hadoop-ozone/integration-test/target/test-dir/MiniOzoneClusterImpl-d8add679-7105-42f6-bf2c-18911ac53160/datanode-2/data/ratis/6d8850fe-b2ec-45e2-8de3-f197496e7779/current/log_inprogress_0 to /workdir/hadoop-ozone/integration-test/target/test-dir/MiniOzoneClusterImpl-d8add679-7105-42f6-bf2c-18911ac53160/datanode-2/data/ratis/6d8850fe-b2ec-45e2-8de3-f197496e7779/current/log_0-16
2019-09-19 12:01:24,616 [grpc-default-executor-6] WARN  server.GrpcLogAppender (LogUtils.java:warn(134)) - 14eab2a7-31b9-4bf4-80ab-c0ebf925c262@group-F197496E7779->b61b9bc0-c8d8-4ce8-a569-0c84e6e62f96-AppendLogResponseHandler: Failed appendEntries: org.apache.ratis.thirdparty.io.grpc.StatusRuntimeException: UNAVAILABLE: io exception
2019-09-19 12:01:24,647 [grpc-default-executor-6] INFO  impl.FollowerInfo (FollowerInfo.java:lambda$new$0(51)) - 14eab2a7-31b9-4bf4-80ab-c0ebf925c262@group-F197496E7779->b61b9bc0-c8d8-4ce8-a569-0c84e6e62f96: nextIndex: updateUnconditionally 17 -> 1
2019-09-19 12:01:24,647 [grpc-default-executor-3] INFO  impl.RaftServerImpl (ServerState.java:setLeader(253)) - 2fa9f0f6-b6af-48ee-80c5-dd8119aa09d6@group-F197496E7779: change Leader from null to 14eab2a7-31b9-4bf4-80ab-c0ebf925c262 at term 3 for appendEntries, leader elected after 69ms
2019-09-19 12:01:24,651 [14eab2a7-31b9-4bf4-80ab-c0ebf925c262@group-F197496E7779-SegmentedRaftLogWorker] INFO  segmented.SegmentedRaftLogWorker (SegmentedRaftLogWorker.java:execute(569)) - 14eab2a7-31b9-4bf4-80ab-c0ebf925c262@group-F197496E7779-SegmentedRaftLogWorker: created new log segment /workdir/hadoop-ozone/integration-test/target/test-dir/MiniOzoneClusterImpl-d8add679-7105-42f6-bf2c-18911ac53160/datanode-2/data/ratis/6d8850fe-b2ec-45e2-8de3-f197496e7779/current/log_inprogress_17
2019-09-19 12:01:24,653 [grpc-default-executor-3] INFO  impl.RaftServerImpl (ServerState.java:setRaftConf(354)) - 2fa9f0f6-b6af-48ee-80c5-dd8119aa09d6@group-F197496E7779: set configuration 17: [14eab2a7-31b9-4bf4-80ab-c0ebf925c262:192.168.34.13:37038, 2fa9f0f6-b6af-48ee-80c5-dd8119aa09d6:192.168.34.13:39061, b61b9bc0-c8d8-4ce8-a569-0c84e6e62f96:192.168.34.13:36095], old=null at 17
2019-09-19 12:01:24,653 [grpc-default-executor-3] INFO  segmented.SegmentedRaftLogWorker (SegmentedRaftLogWorker.java:rollLogSegment(385)) - 2fa9f0f6-b6af-48ee-80c5-dd8119aa09d6@group-F197496E7779-SegmentedRaftLogWorker: Rolling segment log-0_16 to index:16
2019-09-19 12:01:24,654 [2fa9f0f6-b6af-48ee-80c5-dd8119aa09d6@group-F197496E7779-SegmentedRaftLogWorker] INFO  segmented.SegmentedRaftLogWorker (SegmentedRaftLogWorker.java:execute(526)) - 2fa9f0f6-b6af-48ee-80c5-dd8119aa09d6@group-F197496E7779-SegmentedRaftLogWorker: Rolled log segment from /workdir/hadoop-ozone/integration-test/target/test-dir/MiniOzoneClusterImpl-d8add679-7105-42f6-bf2c-18911ac53160/datanode-7/data/ratis/6d8850fe-b2ec-45e2-8de3-f197496e7779/current/log_inprogress_0 to /workdir/hadoop-ozone/integration-test/target/test-dir/MiniOzoneClusterImpl-d8add679-7105-42f6-bf2c-18911ac53160/datanode-7/data/ratis/6d8850fe-b2ec-45e2-8de3-f197496e7779/current/log_0-16
2019-09-19 12:01:24,692 [2fa9f0f6-b6af-48ee-80c5-dd8119aa09d6@group-F197496E7779-SegmentedRaftLogWorker] INFO  segmented.SegmentedRaftLogWorker (SegmentedRaftLogWorker.java:execute(569)) - 2fa9f0f6-b6af-48ee-80c5-dd8119aa09d6@group-F197496E7779-SegmentedRaftLogWorker: created new log segment /workdir/hadoop-ozone/integration-test/target/test-dir/MiniOzoneClusterImpl-d8add679-7105-42f6-bf2c-18911ac53160/datanode-7/data/ratis/6d8850fe-b2ec-45e2-8de3-f197496e7779/current/log_inprogress_17
2019-09-19 12:01:24,742 [grpc-default-executor-3] WARN  server.GrpcLogAppender (LogUtils.java:warn(134)) - 14eab2a7-31b9-4bf4-80ab-c0ebf925c262@group-F197496E7779->b61b9bc0-c8d8-4ce8-a569-0c84e6e62f96-AppendLogResponseHandler: Failed appendEntries: org.apache.ratis.thirdparty.io.grpc.StatusRuntimeException: UNAVAILABLE: io exception
2019-09-19 12:01:24,748 [grpc-default-executor-3] INFO  impl.FollowerInfo (FollowerInfo.java:lambda$new$0(51)) - 14eab2a7-31b9-4bf4-80ab-c0ebf925c262@group-F197496E7779->b61b9bc0-c8d8-4ce8-a569-0c84e6e62f96: nextIndex: updateUnconditionally 2 -> 1
2019-09-19 12:01:24,762 [java.util.concurrent.ThreadPoolExecutor$Worker@3540f9e3[State = -1, empty queue]] WARN  server.GrpcLogAppender (GrpcLogAppender.java:timeoutAppendRequest(200)) - a729cdbd-f787-49c0-8e2c-44f1fb27cdba@group-A9823C1EF766->ccaa8f46-a720-4c9d-b367-b8e62fb2ca31-GrpcLogAppender: appendEntries Timeout, request=a729cdbd-f787-49c0-8e2c-44f1fb27cdba->ccaa8f46-a720-4c9d-b367-b8e62fb2ca31#66-t2, previous=(t:2, i:19), leaderCommit=15, initializing? false, entries: <empty>
2019-09-19 12:01:24,762 [java.util.concurrent.ThreadPoolExecutor$Worker@3e8d0eb4[State = -1, empty queue]] WARN  server.GrpcLogAppender (GrpcLogAppender.java:timeoutAppendRequest(200)) - a729cdbd-f787-49c0-8e2c-44f1fb27cdba@group-A9823C1EF766->7d946ca7-a873-4723-b723-9ddee89d0bc7-GrpcLogAppender: appendEntries Timeout, request=a729cdbd-f787-49c0-8e2c-44f1fb27cdba->7d946ca7-a873-4723-b723-9ddee89d0bc7#66-t2, previous=(t:2, i:19), leaderCommit=15, initializing? false, entries: <empty>
2019-09-19 12:01:25,244 [grpc-default-executor-2] WARN  server.GrpcLogAppender (LogUtils.java:warn(134)) - 14eab2a7-31b9-4bf4-80ab-c0ebf925c262@group-F197496E7779->b61b9bc0-c8d8-4ce8-a569-0c84e6e62f96-AppendLogResponseHandler: Failed appendEntries: org.apache.ratis.thirdparty.io.grpc.StatusRuntimeException: UNAVAILABLE: io exception
2019-09-19 12:01:25,248 [grpc-default-executor-2] INFO  impl.FollowerInfo (FollowerInfo.java:lambda$new$0(51)) - 14eab2a7-31b9-4bf4-80ab-c0ebf925c262@group-F197496E7779->b61b9bc0-c8d8-4ce8-a569-0c84e6e62f96: nextIndex: updateUnconditionally 1 -> 0
2019-09-19 12:01:25,268 [java.util.concurrent.ThreadPoolExecutor$Worker@3e8d0eb4[State = -1, empty queue]] WARN  server.GrpcLogAppender (GrpcLogAppender.java:timeoutAppendRequest(200)) - a729cdbd-f787-49c0-8e2c-44f1fb27cdba@group-A9823C1EF766->7d946ca7-a873-4723-b723-9ddee89d0bc7-GrpcLogAppender: appendEntries Timeout, request=a729cdbd-f787-49c0-8e2c-44f1fb27cdba->7d946ca7-a873-4723-b723-9ddee89d0bc7#67-t2, previous=(t:2, i:19), leaderCommit=15, initializing? false, entries: <empty>
2019-09-19 12:01:25,268 [java.util.concurrent.ThreadPoolExecutor$Worker@3540f9e3[State = -1, empty queue]] WARN  server.GrpcLogAppender (GrpcLogAppender.java:timeoutAppendRequest(200)) - a729cdbd-f787-49c0-8e2c-44f1fb27cdba@group-A9823C1EF766->ccaa8f46-a720-4c9d-b367-b8e62fb2ca31-GrpcLogAppender: appendEntries Timeout, request=a729cdbd-f787-49c0-8e2c-44f1fb27cdba->ccaa8f46-a720-4c9d-b367-b8e62fb2ca31#67-t2, previous=(t:2, i:19), leaderCommit=15, initializing? false, entries: <empty>
2019-09-19 12:01:25,745 [grpc-default-executor-3] WARN  server.GrpcLogAppender (LogUtils.java:warn(134)) - 14eab2a7-31b9-4bf4-80ab-c0ebf925c262@group-F197496E7779->b61b9bc0-c8d8-4ce8-a569-0c84e6e62f96-AppendLogResponseHandler: Failed appendEntries: org.apache.ratis.thirdparty.io.grpc.StatusRuntimeException: UNAVAILABLE: io exception
2019-09-19 12:01:25,749 [grpc-default-executor-3] INFO  impl.FollowerInfo (FollowerInfo.java:lambda$new$0(51)) - 14eab2a7-31b9-4bf4-80ab-c0ebf925c262@group-F197496E7779->b61b9bc0-c8d8-4ce8-a569-0c84e6e62f96: nextIndex: updateUnconditionally 0 -> 0
2019-09-19 12:01:25,769 [java.util.concurrent.ThreadPoolExecutor$Worker@3540f9e3[State = -1, empty queue]] WARN  server.GrpcLogAppender (GrpcLogAppender.java:timeoutAppendRequest(200)) - a729cdbd-f787-49c0-8e2c-44f1fb27cdba@group-A9823C1EF766->ccaa8f46-a720-4c9d-b367-b8e62fb2ca31-GrpcLogAppender: appendEntries Timeout, request=a729cdbd-f787-49c0-8e2c-44f1fb27cdba->ccaa8f46-a720-4c9d-b367-b8e62fb2ca31#68-t2, previous=(t:2, i:19), leaderCommit=15, initializing? false, entries: <empty>
2019-09-19 12:01:25,769 [java.util.concurrent.ThreadPoolExecutor$Worker@3e8d0eb4[State = -1, empty queue]] WARN  server.GrpcLogAppender (GrpcLogAppender.java:timeoutAppendRequest(200)) - a729cdbd-f787-49c0-8e2c-44f1fb27cdba@group-A9823C1EF766->7d946ca7-a873-4723-b723-9ddee89d0bc7-GrpcLogAppender: appendEntries Timeout, request=a729cdbd-f787-49c0-8e2c-44f1fb27cdba->7d946ca7-a873-4723-b723-9ddee89d0bc7#68-t2, previous=(t:2, i:19), leaderCommit=15, initializing? false, entries: <empty>
2019-09-19 12:01:26,246 [grpc-default-executor-3] WARN  server.GrpcLogAppender (LogUtils.java:warn(134)) - 14eab2a7-31b9-4bf4-80ab-c0ebf925c262@group-F197496E7779->b61b9bc0-c8d8-4ce8-a569-0c84e6e62f96-AppendLogResponseHandler: Failed appendEntries: org.apache.ratis.thirdparty.io.grpc.StatusRuntimeException: UNAVAILABLE: io exception
2019-09-19 12:01:26,252 [grpc-default-executor-3] INFO  impl.FollowerInfo (FollowerInfo.java:lambda$new$0(51)) - 14eab2a7-31b9-4bf4-80ab-c0ebf925c262@group-F197496E7779->b61b9bc0-c8d8-4ce8-a569-0c84e6e62f96: nextIndex: updateUnconditionally 0 -> 0
2019-09-19 12:01:26,277 [java.util.concurrent.ThreadPoolExecutor$Worker@3e8d0eb4[State = -1, empty queue]] WARN  server.GrpcLogAppender (GrpcLogAppender.java:timeoutAppendRequest(200)) - a729cdbd-f787-49c0-8e2c-44f1fb27cdba@group-A9823C1EF766->7d946ca7-a873-4723-b723-9ddee89d0bc7-GrpcLogAppender: appendEntries Timeout, request=a729cdbd-f787-49c0-8e2c-44f1fb27cdba->7d946ca7-a873-4723-b723-9ddee89d0bc7#69-t2, previous=(t:2, i:19), leaderCommit=15, initializing? false, entries: <empty>
2019-09-19 12:01:26,277 [java.util.concurrent.ThreadPoolExecutor$Worker@3540f9e3[State = -1, empty queue]] WARN  server.GrpcLogAppender (GrpcLogAppender.java:timeoutAppendRequest(200)) - a729cdbd-f787-49c0-8e2c-44f1fb27cdba@group-A9823C1EF766->ccaa8f46-a720-4c9d-b367-b8e62fb2ca31-GrpcLogAppender: appendEntries Timeout, request=a729cdbd-f787-49c0-8e2c-44f1fb27cdba->ccaa8f46-a720-4c9d-b367-b8e62fb2ca31#69-t2, previous=(t:2, i:19), leaderCommit=15, initializing? false, entries: <empty>
2019-09-19 12:01:26,518 [java.util.concurrent.ThreadPoolExecutor$Worker@6aaa628b[State = -1, empty queue]] WARN  server.GrpcLogAppender (GrpcLogAppender.java:timeoutAppendRequest(200)) - 0f3ef5c5-216f-4603-9049-7f6477ca6f67@group-E57B62D150CC->0eafe25b-eef3-4e6e-962a-cfdd69f48960-GrpcLogAppender: appendEntries Timeout, request=0f3ef5c5-216f-4603-9049-7f6477ca6f67->0eafe25b-eef3-4e6e-962a-cfdd69f48960#65-t2, previous=(t:2, i:14), leaderCommit=14, initializing? false, entries: size=1, first=(t:2, i:15), STATEMACHINELOGENTRY, client-4CC87BB336E7, cid=51
2019-09-19 12:01:26,518 [java.util.concurrent.ThreadPoolExecutor$Worker@41e0e92[State = -1, empty queue]] WARN  server.GrpcLogAppender (GrpcLogAppender.java:timeoutAppendRequest(200)) - 0f3ef5c5-216f-4603-9049-7f6477ca6f67@group-E57B62D150CC->ccd7891f-abf2-4840-bcfd-f7d46dfca276-GrpcLogAppender: appendEntries Timeout, request=0f3ef5c5-216f-4603-9049-7f6477ca6f67->ccd7891f-abf2-4840-bcfd-f7d46dfca276#65-t2, previous=(t:2, i:14), leaderCommit=14, initializing? false, entries: size=1, first=(t:2, i:15), STATEMACHINELOGENTRY, client-4CC87BB336E7, cid=51
2019-09-19 12:01:26,519 [java.util.concurrent.ThreadPoolExecutor$Worker@6aaa628b[State = -1, empty queue]] WARN  server.GrpcLogAppender (GrpcLogAppender.java:timeoutAppendRequest(200)) - 0f3ef5c5-216f-4603-9049-7f6477ca6f67@group-E57B62D150CC->0eafe25b-eef3-4e6e-962a-cfdd69f48960-GrpcLogAppender: appendEntries Timeout, request=0f3ef5c5-216f-4603-9049-7f6477ca6f67->0eafe25b-eef3-4e6e-962a-cfdd69f48960#66-t2, previous=(t:2, i:15), leaderCommit=14, initializing? false, entries: size=1, first=(t:2, i:16), STATEMACHINELOGENTRY, client-4CC87BB336E7, cid=52
2019-09-19 12:01:26,524 [java.util.concurrent.ThreadPoolExecutor$Worker@41e0e92[State = -1, empty queue]] WARN  server.GrpcLogAppender (GrpcLogAppender.java:timeoutAppendRequest(200)) - 0f3ef5c5-216f-4603-9049-7f6477ca6f67@group-E57B62D150CC->ccd7891f-abf2-4840-bcfd-f7d46dfca276-GrpcLogAppender: appendEntries Timeout, request=0f3ef5c5-216f-4603-9049-7f6477ca6f67->ccd7891f-abf2-4840-bcfd-f7d46dfca276#66-t2, previous=(t:2, i:15), leaderCommit=14, initializing? false, entries: size=1, first=(t:2, i:16), STATEMACHINELOGENTRY, client-4CC87BB336E7, cid=52
2019-09-19 12:01:26,527 [java.util.concurrent.ThreadPoolExecutor$Worker@6aaa628b[State = -1, empty queue]] WARN  server.GrpcLogAppender (GrpcLogAppender.java:timeoutAppendRequest(200)) - 0f3ef5c5-216f-4603-9049-7f6477ca6f67@group-E57B62D150CC->0eafe25b-eef3-4e6e-962a-cfdd69f48960-GrpcLogAppender: appendEntries Timeout, request=0f3ef5c5-216f-4603-9049-7f6477ca6f67->0eafe25b-eef3-4e6e-962a-cfdd69f48960#67-t2, previous=(t:2, i:16), leaderCommit=14, initializing? false, entries: size=1, first=(t:2, i:17), STATEMACHINELOGENTRY, client-4CC87BB336E7, cid=53
2019-09-19 12:01:26,530 [java.util.concurrent.ThreadPoolExecutor$Worker@41e0e92[State = -1, empty queue]] WARN  server.GrpcLogAppender (GrpcLogAppender.java:timeoutAppendRequest(200)) - 0f3ef5c5-216f-4603-9049-7f6477ca6f67@group-E57B62D150CC->ccd7891f-abf2-4840-bcfd-f7d46dfca276-GrpcLogAppender: appendEntries Timeout, request=0f3ef5c5-216f-4603-9049-7f6477ca6f67->ccd7891f-abf2-4840-bcfd-f7d46dfca276#67-t2, previous=(t:2, i:16), leaderCommit=14, initializing? false, entries: size=1, first=(t:2, i:17), STATEMACHINELOGENTRY, client-4CC87BB336E7, cid=53
2019-09-19 12:01:26,533 [java.util.concurrent.ThreadPoolExecutor$Worker@6aaa628b[State = -1, empty queue]] WARN  server.GrpcLogAppender (GrpcLogAppender.java:timeoutAppendRequest(200)) - 0f3ef5c5-216f-4603-9049-7f6477ca6f67@group-E57B62D150CC->0eafe25b-eef3-4e6e-962a-cfdd69f48960-GrpcLogAppender: appendEntries Timeout, request=0f3ef5c5-216f-4603-9049-7f6477ca6f67->0eafe25b-eef3-4e6e-962a-cfdd69f48960#68-t2, previous=(t:2, i:17), leaderCommit=14, initializing? false, entries: size=1, first=(t:2, i:18), STATEMACHINELOGENTRY, client-4CC87BB336E7, cid=54
2019-09-19 12:01:26,535 [java.util.concurrent.ThreadPoolExecutor$Worker@41e0e92[State = -1, empty queue]] WARN  server.GrpcLogAppender (GrpcLogAppender.java:timeoutAppendRequest(200)) - 0f3ef5c5-216f-4603-9049-7f6477ca6f67@group-E57B62D150CC->ccd7891f-abf2-4840-bcfd-f7d46dfca276-GrpcLogAppender: appendEntries Timeout, request=0f3ef5c5-216f-4603-9049-7f6477ca6f67->ccd7891f-abf2-4840-bcfd-f7d46dfca276#68-t2, previous=(t:2, i:17), leaderCommit=14, initializing? false, entries: size=1, first=(t:2, i:18), STATEMACHINELOGENTRY, client-4CC87BB336E7, cid=54
2019-09-19 12:01:26,748 [grpc-default-executor-3] WARN  server.GrpcLogAppender (LogUtils.java:warn(134)) - 14eab2a7-31b9-4bf4-80ab-c0ebf925c262@group-F197496E7779->b61b9bc0-c8d8-4ce8-a569-0c84e6e62f96-AppendLogResponseHandler: Failed appendEntries: org.apache.ratis.thirdparty.io.grpc.StatusRuntimeException: UNAVAILABLE: io exception
2019-09-19 12:01:26,752 [grpc-default-executor-3] INFO  impl.FollowerInfo (FollowerInfo.java:lambda$new$0(51)) - 14eab2a7-31b9-4bf4-80ab-c0ebf925c262@group-F197496E7779->b61b9bc0-c8d8-4ce8-a569-0c84e6e62f96: nextIndex: updateUnconditionally 0 -> 0
2019-09-19 12:01:26,777 [java.util.concurrent.ThreadPoolExecutor$Worker@3540f9e3[State = -1, empty queue]] WARN  server.GrpcLogAppender (GrpcLogAppender.java:timeoutAppendRequest(200)) - a729cdbd-f787-49c0-8e2c-44f1fb27cdba@group-A9823C1EF766->ccaa8f46-a720-4c9d-b367-b8e62fb2ca31-GrpcLogAppender: appendEntries Timeout, request=a729cdbd-f787-49c0-8e2c-44f1fb27cdba->ccaa8f46-a720-4c9d-b367-b8e62fb2ca31#70-t2, previous=(t:2, i:19), leaderCommit=15, initializing? false, entries: <empty>
2019-09-19 12:01:26,777 [java.util.concurrent.ThreadPoolExecutor$Worker@3e8d0eb4[State = -1, empty queue]] WARN  server.GrpcLogAppender (GrpcLogAppender.java:timeoutAppendRequest(200)) - a729cdbd-f787-49c0-8e2c-44f1fb27cdba@group-A9823C1EF766->7d946ca7-a873-4723-b723-9ddee89d0bc7-GrpcLogAppender: appendEntries Timeout, request=a729cdbd-f787-49c0-8e2c-44f1fb27cdba->7d946ca7-a873-4723-b723-9ddee89d0bc7#70-t2, previous=(t:2, i:19), leaderCommit=15, initializing? false, entries: <empty>
2019-09-19 12:01:27,023 [java.util.concurrent.ThreadPoolExecutor$Worker@6aaa628b[State = -1, empty queue]] WARN  server.GrpcLogAppender (GrpcLogAppender.java:timeoutAppendRequest(200)) - 0f3ef5c5-216f-4603-9049-7f6477ca6f67@group-E57B62D150CC->0eafe25b-eef3-4e6e-962a-cfdd69f48960-GrpcLogAppender: appendEntries Timeout, request=0f3ef5c5-216f-4603-9049-7f6477ca6f67->0eafe25b-eef3-4e6e-962a-cfdd69f48960#69-t2, previous=(t:2, i:18), leaderCommit=14, initializing? false, entries: <empty>
2019-09-19 12:01:27,023 [java.util.concurrent.ThreadPoolExecutor$Worker@41e0e92[State = -1, empty queue]] WARN  server.GrpcLogAppender (GrpcLogAppender.java:timeoutAppendRequest(200)) - 0f3ef5c5-216f-4603-9049-7f6477ca6f67@group-E57B62D150CC->ccd7891f-abf2-4840-bcfd-f7d46dfca276-GrpcLogAppender: appendEntries Timeout, request=0f3ef5c5-216f-4603-9049-7f6477ca6f67->ccd7891f-abf2-4840-bcfd-f7d46dfca276#69-t2, previous=(t:2, i:18), leaderCommit=14, initializing? false, entries: <empty>
2019-09-19 12:01:27,250 [grpc-default-executor-6] WARN  server.GrpcLogAppender (LogUtils.java:warn(134)) - 14eab2a7-31b9-4bf4-80ab-c0ebf925c262@group-F197496E7779->b61b9bc0-c8d8-4ce8-a569-0c84e6e62f96-AppendLogResponseHandler: Failed appendEntries: org.apache.ratis.thirdparty.io.grpc.StatusRuntimeException: UNAVAILABLE: io exception
2019-09-19 12:01:27,272 [grpc-default-executor-6] INFO  impl.FollowerInfo (FollowerInfo.java:lambda$new$0(51)) - 14eab2a7-31b9-4bf4-80ab-c0ebf925c262@group-F197496E7779->b61b9bc0-c8d8-4ce8-a569-0c84e6e62f96: nextIndex: updateUnconditionally 0 -> 0
2019-09-19 12:01:27,277 [java.util.concurrent.ThreadPoolExecutor$Worker@3540f9e3[State = -1, empty queue]] WARN  server.GrpcLogAppender (GrpcLogAppender.java:timeoutAppendRequest(200)) - a729cdbd-f787-49c0-8e2c-44f1fb27cdba@group-A9823C1EF766->ccaa8f46-a720-4c9d-b367-b8e62fb2ca31-GrpcLogAppender: appendEntries Timeout, request=a729cdbd-f787-49c0-8e2c-44f1fb27cdba->ccaa8f46-a720-4c9d-b367-b8e62fb2ca31#71-t2, previous=(t:2, i:19), leaderCommit=15, initializing? false, entries: <empty>
2019-09-19 12:01:27,277 [java.util.concurrent.ThreadPoolExecutor$Worker@3e8d0eb4[State = -1, empty queue]] WARN  server.GrpcLogAppender (GrpcLogAppender.java:timeoutAppendRequest(200)) - a729cdbd-f787-49c0-8e2c-44f1fb27cdba@group-A9823C1EF766->7d946ca7-a873-4723-b723-9ddee89d0bc7-GrpcLogAppender: appendEntries Timeout, request=a729cdbd-f787-49c0-8e2c-44f1fb27cdba->7d946ca7-a873-4723-b723-9ddee89d0bc7#71-t2, previous=(t:2, i:19), leaderCommit=15, initializing? false, entries: <empty>
2019-09-19 12:01:27,524 [java.util.concurrent.ThreadPoolExecutor$Worker@6aaa628b[State = -1, empty queue]] WARN  server.GrpcLogAppender (GrpcLogAppender.java:timeoutAppendRequest(200)) - 0f3ef5c5-216f-4603-9049-7f6477ca6f67@group-E57B62D150CC->0eafe25b-eef3-4e6e-962a-cfdd69f48960-GrpcLogAppender: appendEntries Timeout, request=0f3ef5c5-216f-4603-9049-7f6477ca6f67->0eafe25b-eef3-4e6e-962a-cfdd69f48960#70-t2, previous=(t:2, i:18), leaderCommit=14, initializing? false, entries: <empty>
2019-09-19 12:01:27,524 [java.util.concurrent.ThreadPoolExecutor$Worker@41e0e92[State = -1, empty queue]] WARN  server.GrpcLogAppender (GrpcLogAppender.java:timeoutAppendRequest(200)) - 0f3ef5c5-216f-4603-9049-7f6477ca6f67@group-E57B62D150CC->ccd7891f-abf2-4840-bcfd-f7d46dfca276-GrpcLogAppender: appendEntries Timeout, request=0f3ef5c5-216f-4603-9049-7f6477ca6f67->ccd7891f-abf2-4840-bcfd-f7d46dfca276#70-t2, previous=(t:2, i:18), leaderCommit=14, initializing? false, entries: <empty>
2019-09-19 12:01:27,750 [grpc-default-executor-5] WARN  server.GrpcLogAppender (LogUtils.java:warn(134)) - 14eab2a7-31b9-4bf4-80ab-c0ebf925c262@group-F197496E7779->b61b9bc0-c8d8-4ce8-a569-0c84e6e62f96-AppendLogResponseHandler: Failed appendEntries: org.apache.ratis.thirdparty.io.grpc.StatusRuntimeException: UNAVAILABLE: io exception
2019-09-19 12:01:27,754 [grpc-default-executor-5] INFO  impl.FollowerInfo (FollowerInfo.java:lambda$new$0(51)) - 14eab2a7-31b9-4bf4-80ab-c0ebf925c262@group-F197496E7779->b61b9bc0-c8d8-4ce8-a569-0c84e6e62f96: nextIndex: updateUnconditionally 0 -> 0
2019-09-19 12:01:27,778 [java.util.concurrent.ThreadPoolExecutor$Worker@3540f9e3[State = -1, empty queue]] WARN  server.GrpcLogAppender (GrpcLogAppender.java:timeoutAppendRequest(200)) - a729cdbd-f787-49c0-8e2c-44f1fb27cdba@group-A9823C1EF766->ccaa8f46-a720-4c9d-b367-b8e62fb2ca31-GrpcLogAppender: appendEntries Timeout, request=a729cdbd-f787-49c0-8e2c-44f1fb27cdba->ccaa8f46-a720-4c9d-b367-b8e62fb2ca31#72-t2, previous=(t:2, i:19), leaderCommit=15, initializing? false, entries: <empty>
2019-09-19 12:01:27,778 [java.util.concurrent.ThreadPoolExecutor$Worker@3e8d0eb4[State = -1, empty queue]] WARN  server.GrpcLogAppender (GrpcLogAppender.java:timeoutAppendRequest(200)) - a729cdbd-f787-49c0-8e2c-44f1fb27cdba@group-A9823C1EF766->7d946ca7-a873-4723-b723-9ddee89d0bc7-GrpcLogAppender: appendEntries Timeout, request=a729cdbd-f787-49c0-8e2c-44f1fb27cdba->7d946ca7-a873-4723-b723-9ddee89d0bc7#72-t2, previous=(t:2, i:19), leaderCommit=15, initializing? false, entries: <empty>
2019-09-19 12:01:28,024 [java.util.concurrent.ThreadPoolExecutor$Worker@6aaa628b[State = -1, empty queue]] WARN  server.GrpcLogAppender (GrpcLogAppender.java:timeoutAppendRequest(200)) - 0f3ef5c5-216f-4603-9049-7f6477ca6f67@group-E57B62D150CC->0eafe25b-eef3-4e6e-962a-cfdd69f48960-GrpcLogAppender: appendEntries Timeout, request=0f3ef5c5-216f-4603-9049-7f6477ca6f67->0eafe25b-eef3-4e6e-962a-cfdd69f48960#71-t2, previous=(t:2, i:18), leaderCommit=14, initializing? false, entries: <empty>
2019-09-19 12:01:28,024 [java.util.concurrent.ThreadPoolExecutor$Worker@41e0e92[State = -1, empty queue]] WARN  server.GrpcLogAppender (GrpcLogAppender.java:timeoutAppendRequest(200)) - 0f3ef5c5-216f-4603-9049-7f6477ca6f67@group-E57B62D150CC->ccd7891f-abf2-4840-bcfd-f7d46dfca276-GrpcLogAppender: appendEntries Timeout, request=0f3ef5c5-216f-4603-9049-7f6477ca6f67->ccd7891f-abf2-4840-bcfd-f7d46dfca276#71-t2, previous=(t:2, i:18), leaderCommit=14, initializing? false, entries: <empty>
2019-09-19 12:01:28,251 [grpc-default-executor-2] WARN  server.GrpcLogAppender (LogUtils.java:warn(134)) - 14eab2a7-31b9-4bf4-80ab-c0ebf925c262@group-F197496E7779->b61b9bc0-c8d8-4ce8-a569-0c84e6e62f96-AppendLogResponseHandler: Failed appendEntries: org.apache.ratis.thirdparty.io.grpc.StatusRuntimeException: UNAVAILABLE: io exception
2019-09-19 12:01:28,255 [grpc-default-executor-2] INFO  impl.FollowerInfo (FollowerInfo.java:lambda$new$0(51)) - 14eab2a7-31b9-4bf4-80ab-c0ebf925c262@group-F197496E7779->b61b9bc0-c8d8-4ce8-a569-0c84e6e62f96: nextIndex: updateUnconditionally 0 -> 0
2019-09-19 12:01:28,278 [java.util.concurrent.ThreadPoolExecutor$Worker@3540f9e3[State = -1, empty queue]] WARN  server.GrpcLogAppender (GrpcLogAppender.java:timeoutAppendRequest(200)) - a729cdbd-f787-49c0-8e2c-44f1fb27cdba@group-A9823C1EF766->ccaa8f46-a720-4c9d-b367-b8e62fb2ca31-GrpcLogAppender: appendEntries Timeout, request=a729cdbd-f787-49c0-8e2c-44f1fb27cdba->ccaa8f46-a720-4c9d-b367-b8e62fb2ca31#73-t2, previous=(t:2, i:19), leaderCommit=15, initializing? false, entries: <empty>
2019-09-19 12:01:28,278 [java.util.concurrent.ThreadPoolExecutor$Worker@3e8d0eb4[State = -1, empty queue]] WARN  server.GrpcLogAppender (GrpcLogAppender.java:timeoutAppendRequest(200)) - a729cdbd-f787-49c0-8e2c-44f1fb27cdba@group-A9823C1EF766->7d946ca7-a873-4723-b723-9ddee89d0bc7-GrpcLogAppender: appendEntries Timeout, request=a729cdbd-f787-49c0-8e2c-44f1fb27cdba->7d946ca7-a873-4723-b723-9ddee89d0bc7#73-t2, previous=(t:2, i:19), leaderCommit=15, initializing? false, entries: <empty>
2019-09-19 12:01:28,525 [java.util.concurrent.ThreadPoolExecutor$Worker@6aaa628b[State = -1, empty queue]] WARN  server.GrpcLogAppender (GrpcLogAppender.java:timeoutAppendRequest(200)) - 0f3ef5c5-216f-4603-9049-7f6477ca6f67@group-E57B62D150CC->0eafe25b-eef3-4e6e-962a-cfdd69f48960-GrpcLogAppender: appendEntries Timeout, request=0f3ef5c5-216f-4603-9049-7f6477ca6f67->0eafe25b-eef3-4e6e-962a-cfdd69f48960#72-t2, previous=(t:2, i:18), leaderCommit=14, initializing? false, entries: <empty>
2019-09-19 12:01:28,525 [java.util.concurrent.ThreadPoolExecutor$Worker@41e0e92[State = -1, empty queue]] WARN  server.GrpcLogAppender (GrpcLogAppender.java:timeoutAppendRequest(200)) - 0f3ef5c5-216f-4603-9049-7f6477ca6f67@group-E57B62D150CC->ccd7891f-abf2-4840-bcfd-f7d46dfca276-GrpcLogAppender: appendEntries Timeout, request=0f3ef5c5-216f-4603-9049-7f6477ca6f67->ccd7891f-abf2-4840-bcfd-f7d46dfca276#72-t2, previous=(t:2, i:18), leaderCommit=14, initializing? false, entries: <empty>
2019-09-19 12:01:28,558 [grpc-default-executor-2] INFO  client.GrpcClientProtocolClient (GrpcClientProtocolClient.java:onNext(264)) - client-4CC87BB336E7->ccd7891f-abf2-4840-bcfd-f7d46dfca276: receive RaftClientReply:client-4CC87BB336E7->ccd7891f-abf2-4840-bcfd-f7d46dfca276@group-E57B62D150CC, cid=51, FAILED org.apache.ratis.protocol.NotLeaderException: Server ccd7891f-abf2-4840-bcfd-f7d46dfca276@group-E57B62D150CC is not the leader 0f3ef5c5-216f-4603-9049-7f6477ca6f67:192.168.34.13:38664, logIndex=0, commits[ccd7891f-abf2-4840-bcfd-f7d46dfca276:c14, 0eafe25b-eef3-4e6e-962a-cfdd69f48960:c12, 0f3ef5c5-216f-4603-9049-7f6477ca6f67:c14]
2019-09-19 12:01:28,752 [grpc-default-executor-5] WARN  server.GrpcLogAppender (LogUtils.java:warn(134)) - 14eab2a7-31b9-4bf4-80ab-c0ebf925c262@group-F197496E7779->b61b9bc0-c8d8-4ce8-a569-0c84e6e62f96-AppendLogResponseHandler: Failed appendEntries: org.apache.ratis.thirdparty.io.grpc.StatusRuntimeException: UNAVAILABLE: io exception
2019-09-19 12:01:28,756 [grpc-default-executor-5] INFO  impl.FollowerInfo (FollowerInfo.java:lambda$new$0(51)) - 14eab2a7-31b9-4bf4-80ab-c0ebf925c262@group-F197496E7779->b61b9bc0-c8d8-4ce8-a569-0c84e6e62f96: nextIndex: updateUnconditionally 0 -> 0
2019-09-19 12:01:28,778 [java.util.concurrent.ThreadPoolExecutor$Worker@3e8d0eb4[State = -1, empty queue]] WARN  server.GrpcLogAppender (GrpcLogAppender.java:timeoutAppendRequest(200)) - a729cdbd-f787-49c0-8e2c-44f1fb27cdba@group-A9823C1EF766->7d946ca7-a873-4723-b723-9ddee89d0bc7-GrpcLogAppender: appendEntries Timeout, request=a729cdbd-f787-49c0-8e2c-44f1fb27cdba->7d946ca7-a873-4723-b723-9ddee89d0bc7#74-t2, previous=(t:2, i:19), leaderCommit=15, initializing? false, entries: <empty>
2019-09-19 12:01:28,778 [java.util.concurrent.ThreadPoolExecutor$Worker@3540f9e3[State = -1, empty queue]] WARN  server.GrpcLogAppender (GrpcLogAppender.java:timeoutAppendRequest(200)) - a729cdbd-f787-49c0-8e2c-44f1fb27cdba@group-A9823C1EF766->ccaa8f46-a720-4c9d-b367-b8e62fb2ca31-GrpcLogAppender: appendEntries Timeout, request=a729cdbd-f787-49c0-8e2c-44f1fb27cdba->ccaa8f46-a720-4c9d-b367-b8e62fb2ca31#74-t2, previous=(t:2, i:19), leaderCommit=15, initializing? false, entries: <empty>
2019-09-19 12:01:29,026 [java.util.concurrent.ThreadPoolExecutor$Worker@41e0e92[State = -1, empty queue]] WARN  server.GrpcLogAppender (GrpcLogAppender.java:timeoutAppendRequest(200)) - 0f3ef5c5-216f-4603-9049-7f6477ca6f67@group-E57B62D150CC->ccd7891f-abf2-4840-bcfd-f7d46dfca276-GrpcLogAppender: appendEntries Timeout, request=0f3ef5c5-216f-4603-9049-7f6477ca6f67->ccd7891f-abf2-4840-bcfd-f7d46dfca276#73-t2, previous=(t:2, i:18), leaderCommit=14, initializing? false, entries: <empty>
2019-09-19 12:01:29,026 [java.util.concurrent.ThreadPoolExecutor$Worker@6aaa628b[State = -1, empty queue]] WARN  server.GrpcLogAppender (GrpcLogAppender.java:timeoutAppendRequest(200)) - 0f3ef5c5-216f-4603-9049-7f6477ca6f67@group-E57B62D150CC->0eafe25b-eef3-4e6e-962a-cfdd69f48960-GrpcLogAppender: appendEntries Timeout, request=0f3ef5c5-216f-4603-9049-7f6477ca6f67->0eafe25b-eef3-4e6e-962a-cfdd69f48960#73-t2, previous=(t:2, i:18), leaderCommit=14, initializing? false, entries: <empty>
2019-09-19 12:01:29,253 [grpc-default-executor-2] WARN  server.GrpcLogAppender (LogUtils.java:warn(134)) - 14eab2a7-31b9-4bf4-80ab-c0ebf925c262@group-F197496E7779->b61b9bc0-c8d8-4ce8-a569-0c84e6e62f96-AppendLogResponseHandler: Failed appendEntries: org.apache.ratis.thirdparty.io.grpc.StatusRuntimeException: UNAVAILABLE: io exception
2019-09-19 12:01:29,257 [grpc-default-executor-2] INFO  impl.FollowerInfo (FollowerInfo.java:lambda$new$0(51)) - 14eab2a7-31b9-4bf4-80ab-c0ebf925c262@group-F197496E7779->b61b9bc0-c8d8-4ce8-a569-0c84e6e62f96: nextIndex: updateUnconditionally 0 -> 0
2019-09-19 12:01:29,279 [java.util.concurrent.ThreadPoolExecutor$Worker@3e8d0eb4[State = -1, empty queue]] WARN  server.GrpcLogAppender (GrpcLogAppender.java:timeoutAppendRequest(200)) - a729cdbd-f787-49c0-8e2c-44f1fb27cdba@group-A9823C1EF766->7d946ca7-a873-4723-b723-9ddee89d0bc7-GrpcLogAppender: appendEntries Timeout, request=a729cdbd-f787-49c0-8e2c-44f1fb27cdba->7d946ca7-a873-4723-b723-9ddee89d0bc7#75-t2, previous=(t:2, i:19), leaderCommit=15, initializing? false, entries: <empty>
2019-09-19 12:01:29,279 [java.util.concurrent.ThreadPoolExecutor$Worker@3540f9e3[State = -1, empty queue]] WARN  server.GrpcLogAppender (GrpcLogAppender.java:timeoutAppendRequest(200)) - a729cdbd-f787-49c0-8e2c-44f1fb27cdba@group-A9823C1EF766->ccaa8f46-a720-4c9d-b367-b8e62fb2ca31-GrpcLogAppender: appendEntries Timeout, request=a729cdbd-f787-49c0-8e2c-44f1fb27cdba->ccaa8f46-a720-4c9d-b367-b8e62fb2ca31#75-t2, previous=(t:2, i:19), leaderCommit=15, initializing? false, entries: <empty>
2019-09-19 12:01:29,536 [java.util.concurrent.ThreadPoolExecutor$Worker@6aaa628b[State = -1, empty queue]] WARN  server.GrpcLogAppender (GrpcLogAppender.java:timeoutAppendRequest(200)) - 0f3ef5c5-216f-4603-9049-7f6477ca6f67@group-E57B62D150CC->0eafe25b-eef3-4e6e-962a-cfdd69f48960-GrpcLogAppender: appendEntries Timeout, request=0f3ef5c5-216f-4603-9049-7f6477ca6f67->0eafe25b-eef3-4e6e-962a-cfdd69f48960#74-t2, previous=(t:2, i:18), leaderCommit=14, initializing? false, entries: <empty>
2019-09-19 12:01:29,536 [java.util.concurrent.ThreadPoolExecutor$Worker@41e0e92[State = -1, empty queue]] WARN  server.GrpcLogAppender (GrpcLogAppender.java:timeoutAppendRequest(200)) - 0f3ef5c5-216f-4603-9049-7f6477ca6f67@group-E57B62D150CC->ccd7891f-abf2-4840-bcfd-f7d46dfca276-GrpcLogAppender: appendEntries Timeout, request=0f3ef5c5-216f-4603-9049-7f6477ca6f67->ccd7891f-abf2-4840-bcfd-f7d46dfca276#74-t2, previous=(t:2, i:18), leaderCommit=14, initializing? false, entries: <empty>
2019-09-19 12:01:29,671 [a729cdbd-f787-49c0-8e2c-44f1fb27cdba@group-A9823C1EF766-SegmentedRaftLogWorker] WARN  segmented.SegmentedRaftLogWorker (SegmentedRaftLogWorker.java:getFromFuture(90)) - Timeout 2/~
org.apache.ratis.protocol.TimeoutIOException: Timeout 10s: WriteLog:18: (t:2, i:18), STATEMACHINELOGENTRY, client-E7F445D3456E, cid=39-writeStateMachineData
	at org.apache.ratis.util.IOUtils.getFromFuture(IOUtils.java:87)
	at org.apache.ratis.server.raftlog.segmented.SegmentedRaftLogWorker$StateMachineDataPolicy.getFromFuture(SegmentedRaftLogWorker.java:87)
	at org.apache.ratis.server.raftlog.segmented.SegmentedRaftLogWorker$WriteLog.execute(SegmentedRaftLogWorker.java:477)
	at org.apache.ratis.server.raftlog.segmented.SegmentedRaftLogWorker.run(SegmentedRaftLogWorker.java:289)
	at java.lang.Thread.run(Thread.java:748)
Caused by: java.util.concurrent.TimeoutException
	at java.util.concurrent.CompletableFuture.timedGet(CompletableFuture.java:1771)
	at java.util.concurrent.CompletableFuture.get(CompletableFuture.java:1915)
	at org.apache.ratis.util.IOUtils.getFromFuture(IOUtils.java:79)
	... 4 more
2019-09-19 12:01:29,672 [ccaa8f46-a720-4c9d-b367-b8e62fb2ca31@group-A9823C1EF766-SegmentedRaftLogWorker] WARN  segmented.SegmentedRaftLogWorker (SegmentedRaftLogWorker.java:getFromFuture(90)) - Timeout 2/~
org.apache.ratis.protocol.TimeoutIOException: Timeout 10s: WriteLog:18: (t:2, i:18), STATEMACHINELOGENTRY, client-E7F445D3456E, cid=39-writeStateMachineData
	at org.apache.ratis.util.IOUtils.getFromFuture(IOUtils.java:87)
	at org.apache.ratis.server.raftlog.segmented.SegmentedRaftLogWorker$StateMachineDataPolicy.getFromFuture(SegmentedRaftLogWorker.java:87)
	at org.apache.ratis.server.raftlog.segmented.SegmentedRaftLogWorker$WriteLog.execute(SegmentedRaftLogWorker.java:477)
	at org.apache.ratis.server.raftlog.segmented.SegmentedRaftLogWorker.run(SegmentedRaftLogWorker.java:289)
	at java.lang.Thread.run(Thread.java:748)
Caused by: java.util.concurrent.TimeoutException
	at java.util.concurrent.CompletableFuture.timedGet(CompletableFuture.java:1771)
	at java.util.concurrent.CompletableFuture.get(CompletableFuture.java:1915)
	at org.apache.ratis.util.IOUtils.getFromFuture(IOUtils.java:79)
	... 4 more
2019-09-19 12:01:29,672 [7d946ca7-a873-4723-b723-9ddee89d0bc7@group-A9823C1EF766-SegmentedRaftLogWorker] WARN  segmented.SegmentedRaftLogWorker (SegmentedRaftLogWorker.java:getFromFuture(90)) - Timeout 2/~
org.apache.ratis.protocol.TimeoutIOException: Timeout 10s: WriteLog:18: (t:2, i:18), STATEMACHINELOGENTRY, client-E7F445D3456E, cid=39-writeStateMachineData
	at org.apache.ratis.util.IOUtils.getFromFuture(IOUtils.java:87)
	at org.apache.ratis.server.raftlog.segmented.SegmentedRaftLogWorker$StateMachineDataPolicy.getFromFuture(SegmentedRaftLogWorker.java:87)
	at org.apache.ratis.server.raftlog.segmented.SegmentedRaftLogWorker$WriteLog.execute(SegmentedRaftLogWorker.java:477)
	at org.apache.ratis.server.raftlog.segmented.SegmentedRaftLogWorker.run(SegmentedRaftLogWorker.java:289)
	at java.lang.Thread.run(Thread.java:748)
Caused by: java.util.concurrent.TimeoutException
	at java.util.concurrent.CompletableFuture.timedGet(CompletableFuture.java:1771)
	at java.util.concurrent.CompletableFuture.get(CompletableFuture.java:1915)
	at org.apache.ratis.util.IOUtils.getFromFuture(IOUtils.java:79)
	... 4 more
2019-09-19 12:01:29,754 [grpc-default-executor-5] WARN  server.GrpcLogAppender (LogUtils.java:warn(134)) - 14eab2a7-31b9-4bf4-80ab-c0ebf925c262@group-F197496E7779->b61b9bc0-c8d8-4ce8-a569-0c84e6e62f96-AppendLogResponseHandler: Failed appendEntries: org.apache.ratis.thirdparty.io.grpc.StatusRuntimeException: UNAVAILABLE: io exception
2019-09-19 12:01:29,758 [grpc-default-executor-5] INFO  impl.FollowerInfo (FollowerInfo.java:lambda$new$0(51)) - 14eab2a7-31b9-4bf4-80ab-c0ebf925c262@group-F197496E7779->b61b9bc0-c8d8-4ce8-a569-0c84e6e62f96: nextIndex: updateUnconditionally 0 -> 0
2019-09-19 12:01:29,779 [java.util.concurrent.ThreadPoolExecutor$Worker@3e8d0eb4[State = -1, empty queue]] WARN  server.GrpcLogAppender (GrpcLogAppender.java:timeoutAppendRequest(200)) - a729cdbd-f787-49c0-8e2c-44f1fb27cdba@group-A9823C1EF766->7d946ca7-a873-4723-b723-9ddee89d0bc7-GrpcLogAppender: appendEntries Timeout, request=a729cdbd-f787-49c0-8e2c-44f1fb27cdba->7d946ca7-a873-4723-b723-9ddee89d0bc7#76-t2, previous=(t:2, i:19), leaderCommit=15, initializing? false, entries: <empty>
2019-09-19 12:01:29,779 [java.util.concurrent.ThreadPoolExecutor$Worker@3540f9e3[State = -1, empty queue]] WARN  server.GrpcLogAppender (GrpcLogAppender.java:timeoutAppendRequest(200)) - a729cdbd-f787-49c0-8e2c-44f1fb27cdba@group-A9823C1EF766->ccaa8f46-a720-4c9d-b367-b8e62fb2ca31-GrpcLogAppender: appendEntries Timeout, request=a729cdbd-f787-49c0-8e2c-44f1fb27cdba->ccaa8f46-a720-4c9d-b367-b8e62fb2ca31#76-t2, previous=(t:2, i:19), leaderCommit=15, initializing? false, entries: <empty>
2019-09-19 12:01:30,036 [java.util.concurrent.ThreadPoolExecutor$Worker@6aaa628b[State = -1, empty queue]] WARN  server.GrpcLogAppender (GrpcLogAppender.java:timeoutAppendRequest(200)) - 0f3ef5c5-216f-4603-9049-7f6477ca6f67@group-E57B62D150CC->0eafe25b-eef3-4e6e-962a-cfdd69f48960-GrpcLogAppender: appendEntries Timeout, request=0f3ef5c5-216f-4603-9049-7f6477ca6f67->0eafe25b-eef3-4e6e-962a-cfdd69f48960#75-t2, previous=(t:2, i:18), leaderCommit=14, initializing? false, entries: <empty>
2019-09-19 12:01:30,036 [java.util.concurrent.ThreadPoolExecutor$Worker@41e0e92[State = -1, empty queue]] WARN  server.GrpcLogAppender (GrpcLogAppender.java:timeoutAppendRequest(200)) - 0f3ef5c5-216f-4603-9049-7f6477ca6f67@group-E57B62D150CC->ccd7891f-abf2-4840-bcfd-f7d46dfca276-GrpcLogAppender: appendEntries Timeout, request=0f3ef5c5-216f-4603-9049-7f6477ca6f67->ccd7891f-abf2-4840-bcfd-f7d46dfca276#75-t2, previous=(t:2, i:18), leaderCommit=14, initializing? false, entries: <empty>
2019-09-19 12:01:30,255 [grpc-default-executor-5] WARN  server.GrpcLogAppender (LogUtils.java:warn(134)) - 14eab2a7-31b9-4bf4-80ab-c0ebf925c262@group-F197496E7779->b61b9bc0-c8d8-4ce8-a569-0c84e6e62f96-AppendLogResponseHandler: Failed appendEntries: org.apache.ratis.thirdparty.io.grpc.StatusRuntimeException: UNAVAILABLE: io exception
2019-09-19 12:01:30,259 [grpc-default-executor-5] INFO  impl.FollowerInfo (FollowerInfo.java:lambda$new$0(51)) - 14eab2a7-31b9-4bf4-80ab-c0ebf925c262@group-F197496E7779->b61b9bc0-c8d8-4ce8-a569-0c84e6e62f96: nextIndex: updateUnconditionally 0 -> 0
2019-09-19 12:01:30,279 [java.util.concurrent.ThreadPoolExecutor$Worker@3540f9e3[State = -1, empty queue]] WARN  server.GrpcLogAppender (GrpcLogAppender.java:timeoutAppendRequest(200)) - a729cdbd-f787-49c0-8e2c-44f1fb27cdba@group-A9823C1EF766->ccaa8f46-a720-4c9d-b367-b8e62fb2ca31-GrpcLogAppender: appendEntries Timeout, request=a729cdbd-f787-49c0-8e2c-44f1fb27cdba->ccaa8f46-a720-4c9d-b367-b8e62fb2ca31#77-t2, previous=(t:2, i:19), leaderCommit=15, initializing? false, entries: <empty>
2019-09-19 12:01:30,279 [java.util.concurrent.ThreadPoolExecutor$Worker@3e8d0eb4[State = -1, empty queue]] WARN  server.GrpcLogAppender (GrpcLogAppender.java:timeoutAppendRequest(200)) - a729cdbd-f787-49c0-8e2c-44f1fb27cdba@group-A9823C1EF766->7d946ca7-a873-4723-b723-9ddee89d0bc7-GrpcLogAppender: appendEntries Timeout, request=a729cdbd-f787-49c0-8e2c-44f1fb27cdba->7d946ca7-a873-4723-b723-9ddee89d0bc7#77-t2, previous=(t:2, i:19), leaderCommit=15, initializing? false, entries: <empty>
2019-09-19 12:01:30,537 [java.util.concurrent.ThreadPoolExecutor$Worker@41e0e92[State = -1, empty queue]] WARN  server.GrpcLogAppender (GrpcLogAppender.java:timeoutAppendRequest(200)) - 0f3ef5c5-216f-4603-9049-7f6477ca6f67@group-E57B62D150CC->ccd7891f-abf2-4840-bcfd-f7d46dfca276-GrpcLogAppender: appendEntries Timeout, request=0f3ef5c5-216f-4603-9049-7f6477ca6f67->ccd7891f-abf2-4840-bcfd-f7d46dfca276#76-t2, previous=(t:2, i:18), leaderCommit=14, initializing? false, entries: <empty>
2019-09-19 12:01:30,537 [java.util.concurrent.ThreadPoolExecutor$Worker@6aaa628b[State = -1, empty queue]] WARN  server.GrpcLogAppender (GrpcLogAppender.java:timeoutAppendRequest(200)) - 0f3ef5c5-216f-4603-9049-7f6477ca6f67@group-E57B62D150CC->0eafe25b-eef3-4e6e-962a-cfdd69f48960-GrpcLogAppender: appendEntries Timeout, request=0f3ef5c5-216f-4603-9049-7f6477ca6f67->0eafe25b-eef3-4e6e-962a-cfdd69f48960#76-t2, previous=(t:2, i:18), leaderCommit=14, initializing? false, entries: <empty>
2019-09-19 12:01:30,758 [grpc-default-executor-3] WARN  server.GrpcLogAppender (LogUtils.java:warn(134)) - 14eab2a7-31b9-4bf4-80ab-c0ebf925c262@group-F197496E7779->b61b9bc0-c8d8-4ce8-a569-0c84e6e62f96-AppendLogResponseHandler: Failed appendEntries: org.apache.ratis.thirdparty.io.grpc.StatusRuntimeException: UNAVAILABLE: io exception
2019-09-19 12:01:30,765 [grpc-default-executor-3] INFO  impl.FollowerInfo (FollowerInfo.java:lambda$new$0(51)) - 14eab2a7-31b9-4bf4-80ab-c0ebf925c262@group-F197496E7779->b61b9bc0-c8d8-4ce8-a569-0c84e6e62f96: nextIndex: updateUnconditionally 0 -> 0
2019-09-19 12:01:30,780 [java.util.concurrent.ThreadPoolExecutor$Worker@3e8d0eb4[State = -1, empty queue]] WARN  server.GrpcLogAppender (GrpcLogAppender.java:timeoutAppendRequest(200)) - a729cdbd-f787-49c0-8e2c-44f1fb27cdba@group-A9823C1EF766->7d946ca7-a873-4723-b723-9ddee89d0bc7-GrpcLogAppender: appendEntries Timeout, request=a729cdbd-f787-49c0-8e2c-44f1fb27cdba->7d946ca7-a873-4723-b723-9ddee89d0bc7#78-t2, previous=(t:2, i:19), leaderCommit=15, initializing? false, entries: <empty>
2019-09-19 12:01:30,780 [java.util.concurrent.ThreadPoolExecutor$Worker@3540f9e3[State = -1, empty queue]] WARN  server.GrpcLogAppender (GrpcLogAppender.java:timeoutAppendRequest(200)) - a729cdbd-f787-49c0-8e2c-44f1fb27cdba@group-A9823C1EF766->ccaa8f46-a720-4c9d-b367-b8e62fb2ca31-GrpcLogAppender: appendEntries Timeout, request=a729cdbd-f787-49c0-8e2c-44f1fb27cdba->ccaa8f46-a720-4c9d-b367-b8e62fb2ca31#78-t2, previous=(t:2, i:19), leaderCommit=15, initializing? false, entries: <empty>
2019-09-19 12:01:31,037 [java.util.concurrent.ThreadPoolExecutor$Worker@41e0e92[State = -1, empty queue]] WARN  server.GrpcLogAppender (GrpcLogAppender.java:timeoutAppendRequest(200)) - 0f3ef5c5-216f-4603-9049-7f6477ca6f67@group-E57B62D150CC->ccd7891f-abf2-4840-bcfd-f7d46dfca276-GrpcLogAppender: appendEntries Timeout, request=0f3ef5c5-216f-4603-9049-7f6477ca6f67->ccd7891f-abf2-4840-bcfd-f7d46dfca276#77-t2, previous=(t:2, i:18), leaderCommit=14, initializing? false, entries: <empty>
2019-09-19 12:01:31,037 [java.util.concurrent.ThreadPoolExecutor$Worker@6aaa628b[State = -1, empty queue]] WARN  server.GrpcLogAppender (GrpcLogAppender.java:timeoutAppendRequest(200)) - 0f3ef5c5-216f-4603-9049-7f6477ca6f67@group-E57B62D150CC->0eafe25b-eef3-4e6e-962a-cfdd69f48960-GrpcLogAppender: appendEntries Timeout, request=0f3ef5c5-216f-4603-9049-7f6477ca6f67->0eafe25b-eef3-4e6e-962a-cfdd69f48960#77-t2, previous=(t:2, i:18), leaderCommit=14, initializing? false, entries: <empty>
2019-09-19 12:01:31,263 [grpc-default-executor-2] WARN  server.GrpcLogAppender (LogUtils.java:warn(134)) - 14eab2a7-31b9-4bf4-80ab-c0ebf925c262@group-F197496E7779->b61b9bc0-c8d8-4ce8-a569-0c84e6e62f96-AppendLogResponseHandler: Failed appendEntries: org.apache.ratis.thirdparty.io.grpc.StatusRuntimeException: UNAVAILABLE: io exception
2019-09-19 12:01:31,268 [grpc-default-executor-2] INFO  impl.FollowerInfo (FollowerInfo.java:lambda$new$0(51)) - 14eab2a7-31b9-4bf4-80ab-c0ebf925c262@group-F197496E7779->b61b9bc0-c8d8-4ce8-a569-0c84e6e62f96: nextIndex: updateUnconditionally 0 -> 0
2019-09-19 12:01:31,280 [java.util.concurrent.ThreadPoolExecutor$Worker@3540f9e3[State = -1, empty queue]] WARN  server.GrpcLogAppender (GrpcLogAppender.java:timeoutAppendRequest(200)) - a729cdbd-f787-49c0-8e2c-44f1fb27cdba@group-A9823C1EF766->ccaa8f46-a720-4c9d-b367-b8e62fb2ca31-GrpcLogAppender: appendEntries Timeout, request=a729cdbd-f787-49c0-8e2c-44f1fb27cdba->ccaa8f46-a720-4c9d-b367-b8e62fb2ca31#79-t2, previous=(t:2, i:19), leaderCommit=15, initializing? false, entries: <empty>
2019-09-19 12:01:31,280 [java.util.concurrent.ThreadPoolExecutor$Worker@3e8d0eb4[State = -1, empty queue]] WARN  server.GrpcLogAppender (GrpcLogAppender.java:timeoutAppendRequest(200)) - a729cdbd-f787-49c0-8e2c-44f1fb27cdba@group-A9823C1EF766->7d946ca7-a873-4723-b723-9ddee89d0bc7-GrpcLogAppender: appendEntries Timeout, request=a729cdbd-f787-49c0-8e2c-44f1fb27cdba->7d946ca7-a873-4723-b723-9ddee89d0bc7#79-t2, previous=(t:2, i:19), leaderCommit=15, initializing? false, entries: <empty>
2019-09-19 12:01:31,537 [java.util.concurrent.ThreadPoolExecutor$Worker@6aaa628b[State = -1, empty queue]] WARN  server.GrpcLogAppender (GrpcLogAppender.java:timeoutAppendRequest(200)) - 0f3ef5c5-216f-4603-9049-7f6477ca6f67@group-E57B62D150CC->0eafe25b-eef3-4e6e-962a-cfdd69f48960-GrpcLogAppender: appendEntries Timeout, request=0f3ef5c5-216f-4603-9049-7f6477ca6f67->0eafe25b-eef3-4e6e-962a-cfdd69f48960#78-t2, previous=(t:2, i:18), leaderCommit=14, initializing? false, entries: <empty>
2019-09-19 12:01:31,537 [java.util.concurrent.ThreadPoolExecutor$Worker@41e0e92[State = -1, empty queue]] WARN  server.GrpcLogAppender (GrpcLogAppender.java:timeoutAppendRequest(200)) - 0f3ef5c5-216f-4603-9049-7f6477ca6f67@group-E57B62D150CC->ccd7891f-abf2-4840-bcfd-f7d46dfca276-GrpcLogAppender: appendEntries Timeout, request=0f3ef5c5-216f-4603-9049-7f6477ca6f67->ccd7891f-abf2-4840-bcfd-f7d46dfca276#78-t2, previous=(t:2, i:18), leaderCommit=14, initializing? false, entries: <empty>
2019-09-19 12:01:31,761 [grpc-default-executor-3] WARN  server.GrpcLogAppender (LogUtils.java:warn(134)) - 14eab2a7-31b9-4bf4-80ab-c0ebf925c262@group-F197496E7779->b61b9bc0-c8d8-4ce8-a569-0c84e6e62f96-AppendLogResponseHandler: Failed appendEntries: org.apache.ratis.thirdparty.io.grpc.StatusRuntimeException: UNAVAILABLE: io exception
2019-09-19 12:01:31,765 [grpc-default-executor-3] INFO  impl.FollowerInfo (FollowerInfo.java:lambda$new$0(51)) - 14eab2a7-31b9-4bf4-80ab-c0ebf925c262@group-F197496E7779->b61b9bc0-c8d8-4ce8-a569-0c84e6e62f96: nextIndex: updateUnconditionally 0 -> 0
2019-09-19 12:01:31,781 [java.util.concurrent.ThreadPoolExecutor$Worker@3540f9e3[State = -1, empty queue]] WARN  server.GrpcLogAppender (GrpcLogAppender.java:timeoutAppendRequest(200)) - a729cdbd-f787-49c0-8e2c-44f1fb27cdba@group-A9823C1EF766->ccaa8f46-a720-4c9d-b367-b8e62fb2ca31-GrpcLogAppender: appendEntries Timeout, request=a729cdbd-f787-49c0-8e2c-44f1fb27cdba->ccaa8f46-a720-4c9d-b367-b8e62fb2ca31#80-t2, previous=(t:2, i:19), leaderCommit=15, initializing? false, entries: <empty>
2019-09-19 12:01:31,781 [java.util.concurrent.ThreadPoolExecutor$Worker@3e8d0eb4[State = -1, empty queue]] WARN  server.GrpcLogAppender (GrpcLogAppender.java:timeoutAppendRequest(200)) - a729cdbd-f787-49c0-8e2c-44f1fb27cdba@group-A9823C1EF766->7d946ca7-a873-4723-b723-9ddee89d0bc7-GrpcLogAppender: appendEntries Timeout, request=a729cdbd-f787-49c0-8e2c-44f1fb27cdba->7d946ca7-a873-4723-b723-9ddee89d0bc7#80-t2, previous=(t:2, i:19), leaderCommit=15, initializing? false, entries: <empty>
2019-09-19 12:01:32,038 [java.util.concurrent.ThreadPoolExecutor$Worker@6aaa628b[State = -1, empty queue]] WARN  server.GrpcLogAppender (GrpcLogAppender.java:timeoutAppendRequest(200)) - 0f3ef5c5-216f-4603-9049-7f6477ca6f67@group-E57B62D150CC->0eafe25b-eef3-4e6e-962a-cfdd69f48960-GrpcLogAppender: appendEntries Timeout, request=0f3ef5c5-216f-4603-9049-7f6477ca6f67->0eafe25b-eef3-4e6e-962a-cfdd69f48960#79-t2, previous=(t:2, i:18), leaderCommit=14, initializing? false, entries: <empty>
2019-09-19 12:01:32,038 [java.util.concurrent.ThreadPoolExecutor$Worker@41e0e92[State = -1, empty queue]] WARN  server.GrpcLogAppender (GrpcLogAppender.java:timeoutAppendRequest(200)) - 0f3ef5c5-216f-4603-9049-7f6477ca6f67@group-E57B62D150CC->ccd7891f-abf2-4840-bcfd-f7d46dfca276-GrpcLogAppender: appendEntries Timeout, request=0f3ef5c5-216f-4603-9049-7f6477ca6f67->ccd7891f-abf2-4840-bcfd-f7d46dfca276#79-t2, previous=(t:2, i:18), leaderCommit=14, initializing? false, entries: <empty>
2019-09-19 12:01:32,263 [grpc-default-executor-5] WARN  server.GrpcLogAppender (LogUtils.java:warn(134)) - 14eab2a7-31b9-4bf4-80ab-c0ebf925c262@group-F197496E7779->b61b9bc0-c8d8-4ce8-a569-0c84e6e62f96-AppendLogResponseHandler: Failed appendEntries: org.apache.ratis.thirdparty.io.grpc.StatusRuntimeException: UNAVAILABLE: io exception
2019-09-19 12:01:32,268 [grpc-default-executor-5] INFO  impl.FollowerInfo (FollowerInfo.java:lambda$new$0(51)) - 14eab2a7-31b9-4bf4-80ab-c0ebf925c262@group-F197496E7779->b61b9bc0-c8d8-4ce8-a569-0c84e6e62f96: nextIndex: updateUnconditionally 0 -> 0
2019-09-19 12:01:32,282 [java.util.concurrent.ThreadPoolExecutor$Worker@3540f9e3[State = -1, empty queue]] WARN  server.GrpcLogAppender (GrpcLogAppender.java:timeoutAppendRequest(200)) - a729cdbd-f787-49c0-8e2c-44f1fb27cdba@group-A9823C1EF766->ccaa8f46-a720-4c9d-b367-b8e62fb2ca31-GrpcLogAppender: appendEntries Timeout, request=a729cdbd-f787-49c0-8e2c-44f1fb27cdba->ccaa8f46-a720-4c9d-b367-b8e62fb2ca31#81-t2, previous=(t:2, i:19), leaderCommit=15, initializing? false, entries: <empty>
2019-09-19 12:01:32,282 [java.util.concurrent.ThreadPoolExecutor$Worker@3e8d0eb4[State = -1, empty queue]] WARN  server.GrpcLogAppender (GrpcLogAppender.java:timeoutAppendRequest(200)) - a729cdbd-f787-49c0-8e2c-44f1fb27cdba@group-A9823C1EF766->7d946ca7-a873-4723-b723-9ddee89d0bc7-GrpcLogAppender: appendEntries Timeout, request=a729cdbd-f787-49c0-8e2c-44f1fb27cdba->7d946ca7-a873-4723-b723-9ddee89d0bc7#81-t2, previous=(t:2, i:19), leaderCommit=15, initializing? false, entries: <empty>
2019-09-19 12:01:32,538 [java.util.concurrent.ThreadPoolExecutor$Worker@6aaa628b[State = -1, empty queue]] WARN  server.GrpcLogAppender (GrpcLogAppender.java:timeoutAppendRequest(200)) - 0f3ef5c5-216f-4603-9049-7f6477ca6f67@group-E57B62D150CC->0eafe25b-eef3-4e6e-962a-cfdd69f48960-GrpcLogAppender: appendEntries Timeout, request=0f3ef5c5-216f-4603-9049-7f6477ca6f67->0eafe25b-eef3-4e6e-962a-cfdd69f48960#80-t2, previous=(t:2, i:18), leaderCommit=14, initializing? false, entries: <empty>
2019-09-19 12:01:32,538 [java.util.concurrent.ThreadPoolExecutor$Worker@41e0e92[State = -1, empty queue]] WARN  server.GrpcLogAppender (GrpcLogAppender.java:timeoutAppendRequest(200)) - 0f3ef5c5-216f-4603-9049-7f6477ca6f67@group-E57B62D150CC->ccd7891f-abf2-4840-bcfd-f7d46dfca276-GrpcLogAppender: appendEntries Timeout, request=0f3ef5c5-216f-4603-9049-7f6477ca6f67->ccd7891f-abf2-4840-bcfd-f7d46dfca276#80-t2, previous=(t:2, i:18), leaderCommit=14, initializing? false, entries: <empty>
2019-09-19 12:01:32,763 [grpc-default-executor-2] WARN  server.GrpcLogAppender (LogUtils.java:warn(134)) - 14eab2a7-31b9-4bf4-80ab-c0ebf925c262@group-F197496E7779->b61b9bc0-c8d8-4ce8-a569-0c84e6e62f96-AppendLogResponseHandler: Failed appendEntries: org.apache.ratis.thirdparty.io.grpc.StatusRuntimeException: UNAVAILABLE: io exception
2019-09-19 12:01:32,767 [grpc-default-executor-2] INFO  impl.FollowerInfo (FollowerInfo.java:lambda$new$0(51)) - 14eab2a7-31b9-4bf4-80ab-c0ebf925c262@group-F197496E7779->b61b9bc0-c8d8-4ce8-a569-0c84e6e62f96: nextIndex: updateUnconditionally 0 -> 0
2019-09-19 12:01:32,782 [java.util.concurrent.ThreadPoolExecutor$Worker@3540f9e3[State = -1, empty queue]] WARN  server.GrpcLogAppender (GrpcLogAppender.java:timeoutAppendRequest(200)) - a729cdbd-f787-49c0-8e2c-44f1fb27cdba@group-A9823C1EF766->ccaa8f46-a720-4c9d-b367-b8e62fb2ca31-GrpcLogAppender: appendEntries Timeout, request=a729cdbd-f787-49c0-8e2c-44f1fb27cdba->ccaa8f46-a720-4c9d-b367-b8e62fb2ca31#82-t2, previous=(t:2, i:19), leaderCommit=15, initializing? false, entries: <empty>
2019-09-19 12:01:32,782 [java.util.concurrent.ThreadPoolExecutor$Worker@3e8d0eb4[State = -1, empty queue]] WARN  server.GrpcLogAppender (GrpcLogAppender.java:timeoutAppendRequest(200)) - a729cdbd-f787-49c0-8e2c-44f1fb27cdba@group-A9823C1EF766->7d946ca7-a873-4723-b723-9ddee89d0bc7-GrpcLogAppender: appendEntries Timeout, request=a729cdbd-f787-49c0-8e2c-44f1fb27cdba->7d946ca7-a873-4723-b723-9ddee89d0bc7#82-t2, previous=(t:2, i:19), leaderCommit=15, initializing? false, entries: <empty>
2019-09-19 12:01:33,039 [java.util.concurrent.ThreadPoolExecutor$Worker@41e0e92[State = -1, empty queue]] WARN  server.GrpcLogAppender (GrpcLogAppender.java:timeoutAppendRequest(200)) - 0f3ef5c5-216f-4603-9049-7f6477ca6f67@group-E57B62D150CC->ccd7891f-abf2-4840-bcfd-f7d46dfca276-GrpcLogAppender: appendEntries Timeout, request=0f3ef5c5-216f-4603-9049-7f6477ca6f67->ccd7891f-abf2-4840-bcfd-f7d46dfca276#81-t2, previous=(t:2, i:18), leaderCommit=14, initializing? false, entries: <empty>
2019-09-19 12:01:33,039 [java.util.concurrent.ThreadPoolExecutor$Worker@6aaa628b[State = -1, empty queue]] WARN  server.GrpcLogAppender (GrpcLogAppender.java:timeoutAppendRequest(200)) - 0f3ef5c5-216f-4603-9049-7f6477ca6f67@group-E57B62D150CC->0eafe25b-eef3-4e6e-962a-cfdd69f48960-GrpcLogAppender: appendEntries Timeout, request=0f3ef5c5-216f-4603-9049-7f6477ca6f67->0eafe25b-eef3-4e6e-962a-cfdd69f48960#81-t2, previous=(t:2, i:18), leaderCommit=14, initializing? false, entries: <empty>
2019-09-19 12:01:33,264 [grpc-default-executor-2] WARN  server.GrpcLogAppender (LogUtils.java:warn(134)) - 14eab2a7-31b9-4bf4-80ab-c0ebf925c262@group-F197496E7779->b61b9bc0-c8d8-4ce8-a569-0c84e6e62f96-AppendLogResponseHandler: Failed appendEntries: org.apache.ratis.thirdparty.io.grpc.StatusRuntimeException: UNAVAILABLE: io exception
2019-09-19 12:01:33,267 [grpc-default-executor-2] INFO  impl.FollowerInfo (FollowerInfo.java:lambda$new$0(51)) - 14eab2a7-31b9-4bf4-80ab-c0ebf925c262@group-F197496E7779->b61b9bc0-c8d8-4ce8-a569-0c84e6e62f96: nextIndex: updateUnconditionally 0 -> 0
2019-09-19 12:01:33,282 [java.util.concurrent.ThreadPoolExecutor$Worker@3540f9e3[State = -1, empty queue]] WARN  server.GrpcLogAppender (GrpcLogAppender.java:timeoutAppendRequest(200)) - a729cdbd-f787-49c0-8e2c-44f1fb27cdba@group-A9823C1EF766->ccaa8f46-a720-4c9d-b367-b8e62fb2ca31-GrpcLogAppender: appendEntries Timeout, request=a729cdbd-f787-49c0-8e2c-44f1fb27cdba->ccaa8f46-a720-4c9d-b367-b8e62fb2ca31#83-t2, previous=(t:2, i:19), leaderCommit=15, initializing? false, entries: <empty>
2019-09-19 12:01:33,282 [java.util.concurrent.ThreadPoolExecutor$Worker@3e8d0eb4[State = -1, empty queue]] WARN  server.GrpcLogAppender (GrpcLogAppender.java:timeoutAppendRequest(200)) - a729cdbd-f787-49c0-8e2c-44f1fb27cdba@group-A9823C1EF766->7d946ca7-a873-4723-b723-9ddee89d0bc7-GrpcLogAppender: appendEntries Timeout, request=a729cdbd-f787-49c0-8e2c-44f1fb27cdba->7d946ca7-a873-4723-b723-9ddee89d0bc7#83-t2, previous=(t:2, i:19), leaderCommit=15, initializing? false, entries: <empty>
2019-09-19 12:01:33,518 [0f3ef5c5-216f-4603-9049-7f6477ca6f67@group-E57B62D150CC-SegmentedRaftLogWorker] WARN  segmented.SegmentedRaftLogWorker (SegmentedRaftLogWorker.java:getFromFuture(90)) - Timeout 0/~
org.apache.ratis.protocol.TimeoutIOException: Timeout 10s: WriteLog:15: (t:2, i:15), STATEMACHINELOGENTRY, client-4CC87BB336E7, cid=51-writeStateMachineData
	at org.apache.ratis.util.IOUtils.getFromFuture(IOUtils.java:87)
	at org.apache.ratis.server.raftlog.segmented.SegmentedRaftLogWorker$StateMachineDataPolicy.getFromFuture(SegmentedRaftLogWorker.java:87)
	at org.apache.ratis.server.raftlog.segmented.SegmentedRaftLogWorker$WriteLog.execute(SegmentedRaftLogWorker.java:477)
	at org.apache.ratis.server.raftlog.segmented.SegmentedRaftLogWorker.run(SegmentedRaftLogWorker.java:289)
	at java.lang.Thread.run(Thread.java:748)
Caused by: java.util.concurrent.TimeoutException
	at java.util.concurrent.CompletableFuture.timedGet(CompletableFuture.java:1771)
	at java.util.concurrent.CompletableFuture.get(CompletableFuture.java:1915)
	at org.apache.ratis.util.IOUtils.getFromFuture(IOUtils.java:79)
	... 4 more
2019-09-19 12:01:33,522 [0eafe25b-eef3-4e6e-962a-cfdd69f48960@group-E57B62D150CC-SegmentedRaftLogWorker] WARN  segmented.SegmentedRaftLogWorker (SegmentedRaftLogWorker.java:getFromFuture(90)) - Timeout 0/~
org.apache.ratis.protocol.TimeoutIOException: Timeout 10s: WriteLog:15: (t:2, i:15), STATEMACHINELOGENTRY, client-4CC87BB336E7, cid=51-writeStateMachineData
	at org.apache.ratis.util.IOUtils.getFromFuture(IOUtils.java:87)
	at org.apache.ratis.server.raftlog.segmented.SegmentedRaftLogWorker$StateMachineDataPolicy.getFromFuture(SegmentedRaftLogWorker.java:87)
	at org.apache.ratis.server.raftlog.segmented.SegmentedRaftLogWorker$WriteLog.execute(SegmentedRaftLogWorker.java:477)
	at org.apache.ratis.server.raftlog.segmented.SegmentedRaftLogWorker.run(SegmentedRaftLogWorker.java:289)
	at java.lang.Thread.run(Thread.java:748)
Caused by: java.util.concurrent.TimeoutException
	at java.util.concurrent.CompletableFuture.timedGet(CompletableFuture.java:1771)
	at java.util.concurrent.CompletableFuture.get(CompletableFuture.java:1915)
	at org.apache.ratis.util.IOUtils.getFromFuture(IOUtils.java:79)
	... 4 more
2019-09-19 12:01:33,522 [ccd7891f-abf2-4840-bcfd-f7d46dfca276@group-E57B62D150CC-SegmentedRaftLogWorker] WARN  segmented.SegmentedRaftLogWorker (SegmentedRaftLogWorker.java:getFromFuture(90)) - Timeout 0/~
org.apache.ratis.protocol.TimeoutIOException: Timeout 10s: WriteLog:15: (t:2, i:15), STATEMACHINELOGENTRY, client-4CC87BB336E7, cid=51-writeStateMachineData
	at org.apache.ratis.util.IOUtils.getFromFuture(IOUtils.java:87)
	at org.apache.ratis.server.raftlog.segmented.SegmentedRaftLogWorker$StateMachineDataPolicy.getFromFuture(SegmentedRaftLogWorker.java:87)
	at org.apache.ratis.server.raftlog.segmented.SegmentedRaftLogWorker$WriteLog.execute(SegmentedRaftLogWorker.java:477)
	at org.apache.ratis.server.raftlog.segmented.SegmentedRaftLogWorker.run(SegmentedRaftLogWorker.java:289)
	at java.lang.Thread.run(Thread.java:748)
Caused by: java.util.concurrent.TimeoutException
	at java.util.concurrent.CompletableFuture.timedGet(CompletableFuture.java:1771)
	at java.util.concurrent.CompletableFuture.get(CompletableFuture.java:1915)
	at org.apache.ratis.util.IOUtils.getFromFuture(IOUtils.java:79)
	... 4 more
2019-09-19 12:01:33,540 [java.util.concurrent.ThreadPoolExecutor$Worker@41e0e92[State = -1, empty queue]] WARN  server.GrpcLogAppender (GrpcLogAppender.java:timeoutAppendRequest(200)) - 0f3ef5c5-216f-4603-9049-7f6477ca6f67@group-E57B62D150CC->ccd7891f-abf2-4840-bcfd-f7d46dfca276-GrpcLogAppender: appendEntries Timeout, request=0f3ef5c5-216f-4603-9049-7f6477ca6f67->ccd7891f-abf2-4840-bcfd-f7d46dfca276#82-t2, previous=(t:2, i:18), leaderCommit=14, initializing? false, entries: <empty>
2019-09-19 12:01:33,540 [java.util.concurrent.ThreadPoolExecutor$Worker@6aaa628b[State = -1, empty queue]] WARN  server.GrpcLogAppender (GrpcLogAppender.java:timeoutAppendRequest(200)) - 0f3ef5c5-216f-4603-9049-7f6477ca6f67@group-E57B62D150CC->0eafe25b-eef3-4e6e-962a-cfdd69f48960-GrpcLogAppender: appendEntries Timeout, request=0f3ef5c5-216f-4603-9049-7f6477ca6f67->0eafe25b-eef3-4e6e-962a-cfdd69f48960#82-t2, previous=(t:2, i:18), leaderCommit=14, initializing? false, entries: <empty>
2019-09-19 12:01:33,611 [grpc-default-executor-5] INFO  client.GrpcClientProtocolClient (GrpcClientProtocolClient.java:onNext(264)) - client-4CC87BB336E7->ccd7891f-abf2-4840-bcfd-f7d46dfca276: receive RaftClientReply:client-4CC87BB336E7->ccd7891f-abf2-4840-bcfd-f7d46dfca276@group-E57B62D150CC, cid=51, FAILED org.apache.ratis.protocol.NotLeaderException: Server ccd7891f-abf2-4840-bcfd-f7d46dfca276@group-E57B62D150CC is not the leader 0f3ef5c5-216f-4603-9049-7f6477ca6f67:192.168.34.13:38664, logIndex=0, commits[ccd7891f-abf2-4840-bcfd-f7d46dfca276:c14, 0eafe25b-eef3-4e6e-962a-cfdd69f48960:c12, 0f3ef5c5-216f-4603-9049-7f6477ca6f67:c14]
2019-09-19 12:01:33,784 [java.util.concurrent.ThreadPoolExecutor$Worker@3540f9e3[State = -1, empty queue]] WARN  server.GrpcLogAppender (GrpcLogAppender.java:timeoutAppendRequest(200)) - a729cdbd-f787-49c0-8e2c-44f1fb27cdba@group-A9823C1EF766->ccaa8f46-a720-4c9d-b367-b8e62fb2ca31-GrpcLogAppender: appendEntries Timeout, request=a729cdbd-f787-49c0-8e2c-44f1fb27cdba->ccaa8f46-a720-4c9d-b367-b8e62fb2ca31#84-t2, previous=(t:2, i:19), leaderCommit=15, initializing? false, entries: <empty>
2019-09-19 12:01:33,784 [grpc-default-executor-3] WARN  server.GrpcLogAppender (LogUtils.java:warn(134)) - 14eab2a7-31b9-4bf4-80ab-c0ebf925c262@group-F197496E7779->b61b9bc0-c8d8-4ce8-a569-0c84e6e62f96-AppendLogResponseHandler: Failed appendEntries: org.apache.ratis.thirdparty.io.grpc.StatusRuntimeException: UNAVAILABLE: io exception
2019-09-19 12:01:33,784 [java.util.concurrent.ThreadPoolExecutor$Worker@3e8d0eb4[State = -1, empty queue]] WARN  server.GrpcLogAppender (GrpcLogAppender.java:timeoutAppendRequest(200)) - a729cdbd-f787-49c0-8e2c-44f1fb27cdba@group-A9823C1EF766->7d946ca7-a873-4723-b723-9ddee89d0bc7-GrpcLogAppender: appendEntries Timeout, request=a729cdbd-f787-49c0-8e2c-44f1fb27cdba->7d946ca7-a873-4723-b723-9ddee89d0bc7#84-t2, previous=(t:2, i:19), leaderCommit=15, initializing? false, entries: <empty>
2019-09-19 12:01:33,790 [grpc-default-executor-3] INFO  impl.FollowerInfo (FollowerInfo.java:lambda$new$0(51)) - 14eab2a7-31b9-4bf4-80ab-c0ebf925c262@group-F197496E7779->b61b9bc0-c8d8-4ce8-a569-0c84e6e62f96: nextIndex: updateUnconditionally 0 -> 0
2019-09-19 12:01:34,040 [java.util.concurrent.ThreadPoolExecutor$Worker@6aaa628b[State = -1, empty queue]] WARN  server.GrpcLogAppender (GrpcLogAppender.java:timeoutAppendRequest(200)) - 0f3ef5c5-216f-4603-9049-7f6477ca6f67@group-E57B62D150CC->0eafe25b-eef3-4e6e-962a-cfdd69f48960-GrpcLogAppender: appendEntries Timeout, request=0f3ef5c5-216f-4603-9049-7f6477ca6f67->0eafe25b-eef3-4e6e-962a-cfdd69f48960#83-t2, previous=(t:2, i:18), leaderCommit=14, initializing? false, entries: <empty>
2019-09-19 12:01:34,040 [java.util.concurrent.ThreadPoolExecutor$Worker@41e0e92[State = -1, empty queue]] WARN  server.GrpcLogAppender (GrpcLogAppender.java:timeoutAppendRequest(200)) - 0f3ef5c5-216f-4603-9049-7f6477ca6f67@group-E57B62D150CC->ccd7891f-abf2-4840-bcfd-f7d46dfca276-GrpcLogAppender: appendEntries Timeout, request=0f3ef5c5-216f-4603-9049-7f6477ca6f67->ccd7891f-abf2-4840-bcfd-f7d46dfca276#83-t2, previous=(t:2, i:18), leaderCommit=14, initializing? false, entries: <empty>
2019-09-19 12:01:34,267 [grpc-default-executor-5] WARN  server.GrpcLogAppender (LogUtils.java:warn(134)) - 14eab2a7-31b9-4bf4-80ab-c0ebf925c262@group-F197496E7779->b61b9bc0-c8d8-4ce8-a569-0c84e6e62f96-AppendLogResponseHandler: Failed appendEntries: org.apache.ratis.thirdparty.io.grpc.StatusRuntimeException: UNAVAILABLE: io exception
2019-09-19 12:01:34,271 [grpc-default-executor-5] INFO  impl.FollowerInfo (FollowerInfo.java:lambda$new$0(51)) - 14eab2a7-31b9-4bf4-80ab-c0ebf925c262@group-F197496E7779->b61b9bc0-c8d8-4ce8-a569-0c84e6e62f96: nextIndex: updateUnconditionally 0 -> 0
2019-09-19 12:01:34,283 [java.util.concurrent.ThreadPoolExecutor$Worker@3540f9e3[State = -1, empty queue]] WARN  server.GrpcLogAppender (GrpcLogAppender.java:timeoutAppendRequest(200)) - a729cdbd-f787-49c0-8e2c-44f1fb27cdba@group-A9823C1EF766->ccaa8f46-a720-4c9d-b367-b8e62fb2ca31-GrpcLogAppender: appendEntries Timeout, request=a729cdbd-f787-49c0-8e2c-44f1fb27cdba->ccaa8f46-a720-4c9d-b367-b8e62fb2ca31#85-t2, previous=(t:2, i:19), leaderCommit=15, initializing? false, entries: <empty>
2019-09-19 12:01:34,283 [java.util.concurrent.ThreadPoolExecutor$Worker@3e8d0eb4[State = -1, empty queue]] WARN  server.GrpcLogAppender (GrpcLogAppender.java:timeoutAppendRequest(200)) - a729cdbd-f787-49c0-8e2c-44f1fb27cdba@group-A9823C1EF766->7d946ca7-a873-4723-b723-9ddee89d0bc7-GrpcLogAppender: appendEntries Timeout, request=a729cdbd-f787-49c0-8e2c-44f1fb27cdba->7d946ca7-a873-4723-b723-9ddee89d0bc7#85-t2, previous=(t:2, i:19), leaderCommit=15, initializing? false, entries: <empty>
2019-09-19 12:01:34,541 [java.util.concurrent.ThreadPoolExecutor$Worker@41e0e92[State = -1, empty queue]] WARN  server.GrpcLogAppender (GrpcLogAppender.java:timeoutAppendRequest(200)) - 0f3ef5c5-216f-4603-9049-7f6477ca6f67@group-E57B62D150CC->ccd7891f-abf2-4840-bcfd-f7d46dfca276-GrpcLogAppender: appendEntries Timeout, request=0f3ef5c5-216f-4603-9049-7f6477ca6f67->ccd7891f-abf2-4840-bcfd-f7d46dfca276#84-t2, previous=(t:2, i:18), leaderCommit=14, initializing? false, entries: <empty>
2019-09-19 12:01:34,541 [java.util.concurrent.ThreadPoolExecutor$Worker@6aaa628b[State = -1, empty queue]] WARN  server.GrpcLogAppender (GrpcLogAppender.java:timeoutAppendRequest(200)) - 0f3ef5c5-216f-4603-9049-7f6477ca6f67@group-E57B62D150CC->0eafe25b-eef3-4e6e-962a-cfdd69f48960-GrpcLogAppender: appendEntries Timeout, request=0f3ef5c5-216f-4603-9049-7f6477ca6f67->0eafe25b-eef3-4e6e-962a-cfdd69f48960#84-t2, previous=(t:2, i:18), leaderCommit=14, initializing? false, entries: <empty>
2019-09-19 12:01:34,768 [grpc-default-executor-2] WARN  server.GrpcLogAppender (LogUtils.java:warn(134)) - 14eab2a7-31b9-4bf4-80ab-c0ebf925c262@group-F197496E7779->b61b9bc0-c8d8-4ce8-a569-0c84e6e62f96-AppendLogResponseHandler: Failed appendEntries: org.apache.ratis.thirdparty.io.grpc.StatusRuntimeException: UNAVAILABLE: io exception
2019-09-19 12:01:34,771 [grpc-default-executor-2] INFO  impl.FollowerInfo (FollowerInfo.java:lambda$new$0(51)) - 14eab2a7-31b9-4bf4-80ab-c0ebf925c262@group-F197496E7779->b61b9bc0-c8d8-4ce8-a569-0c84e6e62f96: nextIndex: updateUnconditionally 0 -> 0
2019-09-19 12:01:34,783 [java.util.concurrent.ThreadPoolExecutor$Worker@3540f9e3[State = -1, empty queue]] WARN  server.GrpcLogAppender (GrpcLogAppender.java:timeoutAppendRequest(200)) - a729cdbd-f787-49c0-8e2c-44f1fb27cdba@group-A9823C1EF766->ccaa8f46-a720-4c9d-b367-b8e62fb2ca31-GrpcLogAppender: appendEntries Timeout, request=a729cdbd-f787-49c0-8e2c-44f1fb27cdba->ccaa8f46-a720-4c9d-b367-b8e62fb2ca31#86-t2, previous=(t:2, i:19), leaderCommit=15, initializing? false, entries: <empty>
2019-09-19 12:01:34,783 [java.util.concurrent.ThreadPoolExecutor$Worker@3e8d0eb4[State = -1, empty queue]] WARN  server.GrpcLogAppender (GrpcLogAppender.java:timeoutAppendRequest(200)) - a729cdbd-f787-49c0-8e2c-44f1fb27cdba@group-A9823C1EF766->7d946ca7-a873-4723-b723-9ddee89d0bc7-GrpcLogAppender: appendEntries Timeout, request=a729cdbd-f787-49c0-8e2c-44f1fb27cdba->7d946ca7-a873-4723-b723-9ddee89d0bc7#86-t2, previous=(t:2, i:19), leaderCommit=15, initializing? false, entries: <empty>
2019-09-19 12:01:35,041 [java.util.concurrent.ThreadPoolExecutor$Worker@41e0e92[State = -1, empty queue]] WARN  server.GrpcLogAppender (GrpcLogAppender.java:timeoutAppendRequest(200)) - 0f3ef5c5-216f-4603-9049-7f6477ca6f67@group-E57B62D150CC->ccd7891f-abf2-4840-bcfd-f7d46dfca276-GrpcLogAppender: appendEntries Timeout, request=0f3ef5c5-216f-4603-9049-7f6477ca6f67->ccd7891f-abf2-4840-bcfd-f7d46dfca276#85-t2, previous=(t:2, i:18), leaderCommit=14, initializing? false, entries: <empty>
2019-09-19 12:01:35,041 [java.util.concurrent.ThreadPoolExecutor$Worker@6aaa628b[State = -1, empty queue]] WARN  server.GrpcLogAppender (GrpcLogAppender.java:timeoutAppendRequest(200)) - 0f3ef5c5-216f-4603-9049-7f6477ca6f67@group-E57B62D150CC->0eafe25b-eef3-4e6e-962a-cfdd69f48960-GrpcLogAppender: appendEntries Timeout, request=0f3ef5c5-216f-4603-9049-7f6477ca6f67->0eafe25b-eef3-4e6e-962a-cfdd69f48960#85-t2, previous=(t:2, i:18), leaderCommit=14, initializing? false, entries: <empty>
2019-09-19 12:01:35,268 [grpc-default-executor-6] WARN  server.GrpcLogAppender (LogUtils.java:warn(134)) - 14eab2a7-31b9-4bf4-80ab-c0ebf925c262@group-F197496E7779->b61b9bc0-c8d8-4ce8-a569-0c84e6e62f96-AppendLogResponseHandler: Failed appendEntries: org.apache.ratis.thirdparty.io.grpc.StatusRuntimeException: UNAVAILABLE: io exception
2019-09-19 12:01:35,271 [grpc-default-executor-6] INFO  impl.FollowerInfo (FollowerInfo.java:lambda$new$0(51)) - 14eab2a7-31b9-4bf4-80ab-c0ebf925c262@group-F197496E7779->b61b9bc0-c8d8-4ce8-a569-0c84e6e62f96: nextIndex: updateUnconditionally 0 -> 0
2019-09-19 12:01:35,283 [java.util.concurrent.ThreadPoolExecutor$Worker@3540f9e3[State = -1, empty queue]] WARN  server.GrpcLogAppender (GrpcLogAppender.java:timeoutAppendRequest(200)) - a729cdbd-f787-49c0-8e2c-44f1fb27cdba@group-A9823C1EF766->ccaa8f46-a720-4c9d-b367-b8e62fb2ca31-GrpcLogAppender: appendEntries Timeout, request=a729cdbd-f787-49c0-8e2c-44f1fb27cdba->ccaa8f46-a720-4c9d-b367-b8e62fb2ca31#87-t2, previous=(t:2, i:19), leaderCommit=15, initializing? false, entries: <empty>
2019-09-19 12:01:35,283 [java.util.concurrent.ThreadPoolExecutor$Worker@3e8d0eb4[State = -1, empty queue]] WARN  server.GrpcLogAppender (GrpcLogAppender.java:timeoutAppendRequest(200)) - a729cdbd-f787-49c0-8e2c-44f1fb27cdba@group-A9823C1EF766->7d946ca7-a873-4723-b723-9ddee89d0bc7-GrpcLogAppender: appendEntries Timeout, request=a729cdbd-f787-49c0-8e2c-44f1fb27cdba->7d946ca7-a873-4723-b723-9ddee89d0bc7#87-t2, previous=(t:2, i:19), leaderCommit=15, initializing? false, entries: <empty>
2019-09-19 12:01:35,541 [java.util.concurrent.ThreadPoolExecutor$Worker@6aaa628b[State = -1, empty queue]] WARN  server.GrpcLogAppender (GrpcLogAppender.java:timeoutAppendRequest(200)) - 0f3ef5c5-216f-4603-9049-7f6477ca6f67@group-E57B62D150CC->0eafe25b-eef3-4e6e-962a-cfdd69f48960-GrpcLogAppender: appendEntries Timeout, request=0f3ef5c5-216f-4603-9049-7f6477ca6f67->0eafe25b-eef3-4e6e-962a-cfdd69f48960#86-t2, previous=(t:2, i:18), leaderCommit=14, initializing? false, entries: <empty>
2019-09-19 12:01:35,541 [java.util.concurrent.ThreadPoolExecutor$Worker@41e0e92[State = -1, empty queue]] WARN  server.GrpcLogAppender (GrpcLogAppender.java:timeoutAppendRequest(200)) - 0f3ef5c5-216f-4603-9049-7f6477ca6f67@group-E57B62D150CC->ccd7891f-abf2-4840-bcfd-f7d46dfca276-GrpcLogAppender: appendEntries Timeout, request=0f3ef5c5-216f-4603-9049-7f6477ca6f67->ccd7891f-abf2-4840-bcfd-f7d46dfca276#86-t2, previous=(t:2, i:18), leaderCommit=14, initializing? false, entries: <empty>
2019-09-19 12:01:35,769 [grpc-default-executor-5] WARN  server.GrpcLogAppender (LogUtils.java:warn(134)) - 14eab2a7-31b9-4bf4-80ab-c0ebf925c262@group-F197496E7779->b61b9bc0-c8d8-4ce8-a569-0c84e6e62f96-AppendLogResponseHandler: Failed appendEntries: org.apache.ratis.thirdparty.io.grpc.StatusRuntimeException: UNAVAILABLE: io exception
2019-09-19 12:01:35,786 [grpc-default-executor-5] INFO  impl.FollowerInfo (FollowerInfo.java:lambda$new$0(51)) - 14eab2a7-31b9-4bf4-80ab-c0ebf925c262@group-F197496E7779->b61b9bc0-c8d8-4ce8-a569-0c84e6e62f96: nextIndex: updateUnconditionally 0 -> 0
2019-09-19 12:01:35,786 [java.util.concurrent.ThreadPoolExecutor$Worker@3540f9e3[State = -1, empty queue]] WARN  server.GrpcLogAppender (GrpcLogAppender.java:timeoutAppendRequest(200)) - a729cdbd-f787-49c0-8e2c-44f1fb27cdba@group-A9823C1EF766->ccaa8f46-a720-4c9d-b367-b8e62fb2ca31-GrpcLogAppender: appendEntries Timeout, request=a729cdbd-f787-49c0-8e2c-44f1fb27cdba->ccaa8f46-a720-4c9d-b367-b8e62fb2ca31#88-t2, previous=(t:2, i:19), leaderCommit=15, initializing? false, entries: <empty>
2019-09-19 12:01:35,786 [java.util.concurrent.ThreadPoolExecutor$Worker@3e8d0eb4[State = -1, empty queue]] WARN  server.GrpcLogAppender (GrpcLogAppender.java:timeoutAppendRequest(200)) - a729cdbd-f787-49c0-8e2c-44f1fb27cdba@group-A9823C1EF766->7d946ca7-a873-4723-b723-9ddee89d0bc7-GrpcLogAppender: appendEntries Timeout, request=a729cdbd-f787-49c0-8e2c-44f1fb27cdba->7d946ca7-a873-4723-b723-9ddee89d0bc7#88-t2, previous=(t:2, i:19), leaderCommit=15, initializing? false, entries: <empty>
2019-09-19 12:01:36,042 [java.util.concurrent.ThreadPoolExecutor$Worker@41e0e92[State = -1, empty queue]] WARN  server.GrpcLogAppender (GrpcLogAppender.java:timeoutAppendRequest(200)) - 0f3ef5c5-216f-4603-9049-7f6477ca6f67@group-E57B62D150CC->ccd7891f-abf2-4840-bcfd-f7d46dfca276-GrpcLogAppender: appendEntries Timeout, request=0f3ef5c5-216f-4603-9049-7f6477ca6f67->ccd7891f-abf2-4840-bcfd-f7d46dfca276#87-t2, previous=(t:2, i:18), leaderCommit=14, initializing? false, entries: <empty>
2019-09-19 12:01:36,042 [java.util.concurrent.ThreadPoolExecutor$Worker@6aaa628b[State = -1, empty queue]] WARN  server.GrpcLogAppender (GrpcLogAppender.java:timeoutAppendRequest(200)) - 0f3ef5c5-216f-4603-9049-7f6477ca6f67@group-E57B62D150CC->0eafe25b-eef3-4e6e-962a-cfdd69f48960-GrpcLogAppender: appendEntries Timeout, request=0f3ef5c5-216f-4603-9049-7f6477ca6f67->0eafe25b-eef3-4e6e-962a-cfdd69f48960#87-t2, previous=(t:2, i:18), leaderCommit=14, initializing? false, entries: <empty>
2019-09-19 12:01:36,270 [grpc-default-executor-5] WARN  server.GrpcLogAppender (LogUtils.java:warn(134)) - 14eab2a7-31b9-4bf4-80ab-c0ebf925c262@group-F197496E7779->b61b9bc0-c8d8-4ce8-a569-0c84e6e62f96-AppendLogResponseHandler: Failed appendEntries: org.apache.ratis.thirdparty.io.grpc.StatusRuntimeException: UNAVAILABLE: io exception
2019-09-19 12:01:36,270 [grpc-default-executor-5] INFO  impl.FollowerInfo (FollowerInfo.java:lambda$new$0(51)) - 14eab2a7-31b9-4bf4-80ab-c0ebf925c262@group-F197496E7779->b61b9bc0-c8d8-4ce8-a569-0c84e6e62f96: nextIndex: updateUnconditionally 0 -> 0
2019-09-19 12:01:36,284 [java.util.concurrent.ThreadPoolExecutor$Worker@3540f9e3[State = -1, empty queue]] WARN  server.GrpcLogAppender (GrpcLogAppender.java:timeoutAppendRequest(200)) - a729cdbd-f787-49c0-8e2c-44f1fb27cdba@group-A9823C1EF766->ccaa8f46-a720-4c9d-b367-b8e62fb2ca31-GrpcLogAppender: appendEntries Timeout, request=a729cdbd-f787-49c0-8e2c-44f1fb27cdba->ccaa8f46-a720-4c9d-b367-b8e62fb2ca31#89-t2, previous=(t:2, i:19), leaderCommit=15, initializing? false, entries: <empty>
2019-09-19 12:01:36,284 [java.util.concurrent.ThreadPoolExecutor$Worker@3e8d0eb4[State = -1, empty queue]] WARN  server.GrpcLogAppender (GrpcLogAppender.java:timeoutAppendRequest(200)) - a729cdbd-f787-49c0-8e2c-44f1fb27cdba@group-A9823C1EF766->7d946ca7-a873-4723-b723-9ddee89d0bc7-GrpcLogAppender: appendEntries Timeout, request=a729cdbd-f787-49c0-8e2c-44f1fb27cdba->7d946ca7-a873-4723-b723-9ddee89d0bc7#89-t2, previous=(t:2, i:19), leaderCommit=15, initializing? false, entries: <empty>
2019-09-19 12:01:36,542 [java.util.concurrent.ThreadPoolExecutor$Worker@41e0e92[State = -1, empty queue]] WARN  server.GrpcLogAppender (GrpcLogAppender.java:timeoutAppendRequest(200)) - 0f3ef5c5-216f-4603-9049-7f6477ca6f67@group-E57B62D150CC->ccd7891f-abf2-4840-bcfd-f7d46dfca276-GrpcLogAppender: appendEntries Timeout, request=0f3ef5c5-216f-4603-9049-7f6477ca6f67->ccd7891f-abf2-4840-bcfd-f7d46dfca276#88-t2, previous=(t:2, i:18), leaderCommit=14, initializing? false, entries: <empty>
2019-09-19 12:01:36,542 [java.util.concurrent.ThreadPoolExecutor$Worker@6aaa628b[State = -1, empty queue]] WARN  server.GrpcLogAppender (GrpcLogAppender.java:timeoutAppendRequest(200)) - 0f3ef5c5-216f-4603-9049-7f6477ca6f67@group-E57B62D150CC->0eafe25b-eef3-4e6e-962a-cfdd69f48960-GrpcLogAppender: appendEntries Timeout, request=0f3ef5c5-216f-4603-9049-7f6477ca6f67->0eafe25b-eef3-4e6e-962a-cfdd69f48960#88-t2, previous=(t:2, i:18), leaderCommit=14, initializing? false, entries: <empty>
2019-09-19 12:01:36,772 [grpc-default-executor-5] WARN  server.GrpcLogAppender (LogUtils.java:warn(134)) - 14eab2a7-31b9-4bf4-80ab-c0ebf925c262@group-F197496E7779->b61b9bc0-c8d8-4ce8-a569-0c84e6e62f96-AppendLogResponseHandler: Failed appendEntries: org.apache.ratis.thirdparty.io.grpc.StatusRuntimeException: UNAVAILABLE: io exception
2019-09-19 12:01:36,773 [grpc-default-executor-5] INFO  impl.FollowerInfo (FollowerInfo.java:lambda$new$0(51)) - 14eab2a7-31b9-4bf4-80ab-c0ebf925c262@group-F197496E7779->b61b9bc0-c8d8-4ce8-a569-0c84e6e62f96: nextIndex: updateUnconditionally 0 -> 0
2019-09-19 12:01:36,785 [java.util.concurrent.ThreadPoolExecutor$Worker@3540f9e3[State = -1, empty queue]] WARN  server.GrpcLogAppender (GrpcLogAppender.java:timeoutAppendRequest(200)) - a729cdbd-f787-49c0-8e2c-44f1fb27cdba@group-A9823C1EF766->ccaa8f46-a720-4c9d-b367-b8e62fb2ca31-GrpcLogAppender: appendEntries Timeout, request=a729cdbd-f787-49c0-8e2c-44f1fb27cdba->ccaa8f46-a720-4c9d-b367-b8e62fb2ca31#90-t2, previous=(t:2, i:19), leaderCommit=15, initializing? false, entries: <empty>
2019-09-19 12:01:36,785 [java.util.concurrent.ThreadPoolExecutor$Worker@3e8d0eb4[State = -1, empty queue]] WARN  server.GrpcLogAppender (GrpcLogAppender.java:timeoutAppendRequest(200)) - a729cdbd-f787-49c0-8e2c-44f1fb27cdba@group-A9823C1EF766->7d946ca7-a873-4723-b723-9ddee89d0bc7-GrpcLogAppender: appendEntries Timeout, request=a729cdbd-f787-49c0-8e2c-44f1fb27cdba->7d946ca7-a873-4723-b723-9ddee89d0bc7#90-t2, previous=(t:2, i:19), leaderCommit=15, initializing? false, entries: <empty>
2019-09-19 12:01:37,042 [java.util.concurrent.ThreadPoolExecutor$Worker@6aaa628b[State = -1, empty queue]] WARN  server.GrpcLogAppender (GrpcLogAppender.java:timeoutAppendRequest(200)) - 0f3ef5c5-216f-4603-9049-7f6477ca6f67@group-E57B62D150CC->0eafe25b-eef3-4e6e-962a-cfdd69f48960-GrpcLogAppender: appendEntries Timeout, request=0f3ef5c5-216f-4603-9049-7f6477ca6f67->0eafe25b-eef3-4e6e-962a-cfdd69f48960#89-t2, previous=(t:2, i:18), leaderCommit=14, initializing? false, entries: <empty>
2019-09-19 12:01:37,042 [java.util.concurrent.ThreadPoolExecutor$Worker@41e0e92[State = -1, empty queue]] WARN  server.GrpcLogAppender (GrpcLogAppender.java:timeoutAppendRequest(200)) - 0f3ef5c5-216f-4603-9049-7f6477ca6f67@group-E57B62D150CC->ccd7891f-abf2-4840-bcfd-f7d46dfca276-GrpcLogAppender: appendEntries Timeout, request=0f3ef5c5-216f-4603-9049-7f6477ca6f67->ccd7891f-abf2-4840-bcfd-f7d46dfca276#89-t2, previous=(t:2, i:18), leaderCommit=14, initializing? false, entries: <empty>
2019-09-19 12:01:37,274 [grpc-default-executor-6] WARN  server.GrpcLogAppender (LogUtils.java:warn(134)) - 14eab2a7-31b9-4bf4-80ab-c0ebf925c262@group-F197496E7779->b61b9bc0-c8d8-4ce8-a569-0c84e6e62f96-AppendLogResponseHandler: Failed appendEntries: org.apache.ratis.thirdparty.io.grpc.StatusRuntimeException: UNAVAILABLE: io exception
2019-09-19 12:01:37,274 [grpc-default-executor-6] INFO  impl.FollowerInfo (FollowerInfo.java:lambda$new$0(51)) - 14eab2a7-31b9-4bf4-80ab-c0ebf925c262@group-F197496E7779->b61b9bc0-c8d8-4ce8-a569-0c84e6e62f96: nextIndex: updateUnconditionally 0 -> 0
2019-09-19 12:01:37,285 [java.util.concurrent.ThreadPoolExecutor$Worker@3540f9e3[State = -1, empty queue]] WARN  server.GrpcLogAppender (GrpcLogAppender.java:timeoutAppendRequest(200)) - a729cdbd-f787-49c0-8e2c-44f1fb27cdba@group-A9823C1EF766->ccaa8f46-a720-4c9d-b367-b8e62fb2ca31-GrpcLogAppender: appendEntries Timeout, request=a729cdbd-f787-49c0-8e2c-44f1fb27cdba->ccaa8f46-a720-4c9d-b367-b8e62fb2ca31#91-t2, previous=(t:2, i:19), leaderCommit=15, initializing? false, entries: <empty>
2019-09-19 12:01:37,285 [java.util.concurrent.ThreadPoolExecutor$Worker@3e8d0eb4[State = -1, empty queue]] WARN  server.GrpcLogAppender (GrpcLogAppender.java:timeoutAppendRequest(200)) - a729cdbd-f787-49c0-8e2c-44f1fb27cdba@group-A9823C1EF766->7d946ca7-a873-4723-b723-9ddee89d0bc7-GrpcLogAppender: appendEntries Timeout, request=a729cdbd-f787-49c0-8e2c-44f1fb27cdba->7d946ca7-a873-4723-b723-9ddee89d0bc7#91-t2, previous=(t:2, i:19), leaderCommit=15, initializing? false, entries: <empty>
2019-09-19 12:01:37,543 [java.util.concurrent.ThreadPoolExecutor$Worker@6aaa628b[State = -1, empty queue]] WARN  server.GrpcLogAppender (GrpcLogAppender.java:timeoutAppendRequest(200)) - 0f3ef5c5-216f-4603-9049-7f6477ca6f67@group-E57B62D150CC->0eafe25b-eef3-4e6e-962a-cfdd69f48960-GrpcLogAppender: appendEntries Timeout, request=0f3ef5c5-216f-4603-9049-7f6477ca6f67->0eafe25b-eef3-4e6e-962a-cfdd69f48960#90-t2, previous=(t:2, i:18), leaderCommit=14, initializing? false, entries: <empty>
2019-09-19 12:01:37,543 [java.util.concurrent.ThreadPoolExecutor$Worker@41e0e92[State = -1, empty queue]] WARN  server.GrpcLogAppender (GrpcLogAppender.java:timeoutAppendRequest(200)) - 0f3ef5c5-216f-4603-9049-7f6477ca6f67@group-E57B62D150CC->ccd7891f-abf2-4840-bcfd-f7d46dfca276-GrpcLogAppender: appendEntries Timeout, request=0f3ef5c5-216f-4603-9049-7f6477ca6f67->ccd7891f-abf2-4840-bcfd-f7d46dfca276#90-t2, previous=(t:2, i:18), leaderCommit=14, initializing? false, entries: <empty>
2019-09-19 12:01:37,774 [grpc-default-executor-2] WARN  server.GrpcLogAppender (LogUtils.java:warn(134)) - 14eab2a7-31b9-4bf4-80ab-c0ebf925c262@group-F197496E7779->b61b9bc0-c8d8-4ce8-a569-0c84e6e62f96-AppendLogResponseHandler: Failed appendEntries: org.apache.ratis.thirdparty.io.grpc.StatusRuntimeException: UNAVAILABLE: io exception
2019-09-19 12:01:37,775 [grpc-default-executor-2] INFO  impl.FollowerInfo (FollowerInfo.java:lambda$new$0(51)) - 14eab2a7-31b9-4bf4-80ab-c0ebf925c262@group-F197496E7779->b61b9bc0-c8d8-4ce8-a569-0c84e6e62f96: nextIndex: updateUnconditionally 0 -> 0
2019-09-19 12:01:37,785 [java.util.concurrent.ThreadPoolExecutor$Worker@3540f9e3[State = -1, empty queue]] WARN  server.GrpcLogAppender (GrpcLogAppender.java:timeoutAppendRequest(200)) - a729cdbd-f787-49c0-8e2c-44f1fb27cdba@group-A9823C1EF766->ccaa8f46-a720-4c9d-b367-b8e62fb2ca31-GrpcLogAppender: appendEntries Timeout, request=a729cdbd-f787-49c0-8e2c-44f1fb27cdba->ccaa8f46-a720-4c9d-b367-b8e62fb2ca31#92-t2, previous=(t:2, i:19), leaderCommit=15, initializing? false, entries: <empty>
2019-09-19 12:01:37,785 [java.util.concurrent.ThreadPoolExecutor$Worker@3e8d0eb4[State = -1, empty queue]] WARN  server.GrpcLogAppender (GrpcLogAppender.java:timeoutAppendRequest(200)) - a729cdbd-f787-49c0-8e2c-44f1fb27cdba@group-A9823C1EF766->7d946ca7-a873-4723-b723-9ddee89d0bc7-GrpcLogAppender: appendEntries Timeout, request=a729cdbd-f787-49c0-8e2c-44f1fb27cdba->7d946ca7-a873-4723-b723-9ddee89d0bc7#92-t2, previous=(t:2, i:19), leaderCommit=15, initializing? false, entries: <empty>
2019-09-19 12:01:38,043 [java.util.concurrent.ThreadPoolExecutor$Worker@41e0e92[State = -1, empty queue]] WARN  server.GrpcLogAppender (GrpcLogAppender.java:timeoutAppendRequest(200)) - 0f3ef5c5-216f-4603-9049-7f6477ca6f67@group-E57B62D150CC->ccd7891f-abf2-4840-bcfd-f7d46dfca276-GrpcLogAppender: appendEntries Timeout, request=0f3ef5c5-216f-4603-9049-7f6477ca6f67->ccd7891f-abf2-4840-bcfd-f7d46dfca276#91-t2, previous=(t:2, i:18), leaderCommit=14, initializing? false, entries: <empty>
2019-09-19 12:01:38,043 [java.util.concurrent.ThreadPoolExecutor$Worker@6aaa628b[State = -1, empty queue]] WARN  server.GrpcLogAppender (GrpcLogAppender.java:timeoutAppendRequest(200)) - 0f3ef5c5-216f-4603-9049-7f6477ca6f67@group-E57B62D150CC->0eafe25b-eef3-4e6e-962a-cfdd69f48960-GrpcLogAppender: appendEntries Timeout, request=0f3ef5c5-216f-4603-9049-7f6477ca6f67->0eafe25b-eef3-4e6e-962a-cfdd69f48960#91-t2, previous=(t:2, i:18), leaderCommit=14, initializing? false, entries: <empty>
2019-09-19 12:01:38,278 [grpc-default-executor-5] WARN  server.GrpcLogAppender (LogUtils.java:warn(134)) - 14eab2a7-31b9-4bf4-80ab-c0ebf925c262@group-F197496E7779->b61b9bc0-c8d8-4ce8-a569-0c84e6e62f96-AppendLogResponseHandler: Failed appendEntries: org.apache.ratis.thirdparty.io.grpc.StatusRuntimeException: UNAVAILABLE: io exception
2019-09-19 12:01:38,279 [grpc-default-executor-5] INFO  impl.FollowerInfo (FollowerInfo.java:lambda$new$0(51)) - 14eab2a7-31b9-4bf4-80ab-c0ebf925c262@group-F197496E7779->b61b9bc0-c8d8-4ce8-a569-0c84e6e62f96: nextIndex: updateUnconditionally 0 -> 0
2019-09-19 12:01:38,285 [java.util.concurrent.ThreadPoolExecutor$Worker@3540f9e3[State = -1, empty queue]] WARN  server.GrpcLogAppender (GrpcLogAppender.java:timeoutAppendRequest(200)) - a729cdbd-f787-49c0-8e2c-44f1fb27cdba@group-A9823C1EF766->ccaa8f46-a720-4c9d-b367-b8e62fb2ca31-GrpcLogAppender: appendEntries Timeout, request=a729cdbd-f787-49c0-8e2c-44f1fb27cdba->ccaa8f46-a720-4c9d-b367-b8e62fb2ca31#93-t2, previous=(t:2, i:19), leaderCommit=15, initializing? false, entries: <empty>
2019-09-19 12:01:38,286 [java.util.concurrent.ThreadPoolExecutor$Worker@3e8d0eb4[State = -1, empty queue]] WARN  server.GrpcLogAppender (GrpcLogAppender.java:timeoutAppendRequest(200)) - a729cdbd-f787-49c0-8e2c-44f1fb27cdba@group-A9823C1EF766->7d946ca7-a873-4723-b723-9ddee89d0bc7-GrpcLogAppender: appendEntries Timeout, request=a729cdbd-f787-49c0-8e2c-44f1fb27cdba->7d946ca7-a873-4723-b723-9ddee89d0bc7#93-t2, previous=(t:2, i:19), leaderCommit=15, initializing? false, entries: <empty>
2019-09-19 12:01:38,543 [java.util.concurrent.ThreadPoolExecutor$Worker@41e0e92[State = -1, empty queue]] WARN  server.GrpcLogAppender (GrpcLogAppender.java:timeoutAppendRequest(200)) - 0f3ef5c5-216f-4603-9049-7f6477ca6f67@group-E57B62D150CC->ccd7891f-abf2-4840-bcfd-f7d46dfca276-GrpcLogAppender: appendEntries Timeout, request=0f3ef5c5-216f-4603-9049-7f6477ca6f67->ccd7891f-abf2-4840-bcfd-f7d46dfca276#92-t2, previous=(t:2, i:18), leaderCommit=14, initializing? false, entries: <empty>
2019-09-19 12:01:38,543 [java.util.concurrent.ThreadPoolExecutor$Worker@6aaa628b[State = -1, empty queue]] WARN  server.GrpcLogAppender (GrpcLogAppender.java:timeoutAppendRequest(200)) - 0f3ef5c5-216f-4603-9049-7f6477ca6f67@group-E57B62D150CC->0eafe25b-eef3-4e6e-962a-cfdd69f48960-GrpcLogAppender: appendEntries Timeout, request=0f3ef5c5-216f-4603-9049-7f6477ca6f67->0eafe25b-eef3-4e6e-962a-cfdd69f48960#92-t2, previous=(t:2, i:18), leaderCommit=14, initializing? false, entries: <empty>
2019-09-19 12:01:38,672 [grpc-default-executor-2] INFO  client.GrpcClientProtocolClient (GrpcClientProtocolClient.java:onNext(264)) - client-4CC87BB336E7->0eafe25b-eef3-4e6e-962a-cfdd69f48960: receive RaftClientReply:client-4CC87BB336E7->0eafe25b-eef3-4e6e-962a-cfdd69f48960@group-E57B62D150CC, cid=51, FAILED org.apache.ratis.protocol.NotLeaderException: Server 0eafe25b-eef3-4e6e-962a-cfdd69f48960@group-E57B62D150CC is not the leader 0f3ef5c5-216f-4603-9049-7f6477ca6f67:192.168.34.13:38664, logIndex=0, commits[0eafe25b-eef3-4e6e-962a-cfdd69f48960:c14, ccd7891f-abf2-4840-bcfd-f7d46dfca276:c12, 0f3ef5c5-216f-4603-9049-7f6477ca6f67:c14]
2019-09-19 12:01:38,778 [grpc-default-executor-6] WARN  server.GrpcLogAppender (LogUtils.java:warn(134)) - 14eab2a7-31b9-4bf4-80ab-c0ebf925c262@group-F197496E7779->b61b9bc0-c8d8-4ce8-a569-0c84e6e62f96-AppendLogResponseHandler: Failed appendEntries: org.apache.ratis.thirdparty.io.grpc.StatusRuntimeException: UNAVAILABLE: io exception
2019-09-19 12:01:38,778 [grpc-default-executor-6] INFO  impl.FollowerInfo (FollowerInfo.java:lambda$new$0(51)) - 14eab2a7-31b9-4bf4-80ab-c0ebf925c262@group-F197496E7779->b61b9bc0-c8d8-4ce8-a569-0c84e6e62f96: nextIndex: updateUnconditionally 0 -> 0
2019-09-19 12:01:38,786 [java.util.concurrent.ThreadPoolExecutor$Worker@3540f9e3[State = -1, empty queue]] WARN  server.GrpcLogAppender (GrpcLogAppender.java:timeoutAppendRequest(200)) - a729cdbd-f787-49c0-8e2c-44f1fb27cdba@group-A9823C1EF766->ccaa8f46-a720-4c9d-b367-b8e62fb2ca31-GrpcLogAppender: appendEntries Timeout, request=a729cdbd-f787-49c0-8e2c-44f1fb27cdba->ccaa8f46-a720-4c9d-b367-b8e62fb2ca31#94-t2, previous=(t:2, i:19), leaderCommit=15, initializing? false, entries: <empty>
2019-09-19 12:01:38,786 [java.util.concurrent.ThreadPoolExecutor$Worker@3e8d0eb4[State = -1, empty queue]] WARN  server.GrpcLogAppender (GrpcLogAppender.java:timeoutAppendRequest(200)) - a729cdbd-f787-49c0-8e2c-44f1fb27cdba@group-A9823C1EF766->7d946ca7-a873-4723-b723-9ddee89d0bc7-GrpcLogAppender: appendEntries Timeout, request=a729cdbd-f787-49c0-8e2c-44f1fb27cdba->7d946ca7-a873-4723-b723-9ddee89d0bc7#94-t2, previous=(t:2, i:19), leaderCommit=15, initializing? false, entries: <empty>
2019-09-19 12:01:39,043 [java.util.concurrent.ThreadPoolExecutor$Worker@6aaa628b[State = -1, empty queue]] WARN  server.GrpcLogAppender (GrpcLogAppender.java:timeoutAppendRequest(200)) - 0f3ef5c5-216f-4603-9049-7f6477ca6f67@group-E57B62D150CC->0eafe25b-eef3-4e6e-962a-cfdd69f48960-GrpcLogAppender: appendEntries Timeout, request=0f3ef5c5-216f-4603-9049-7f6477ca6f67->0eafe25b-eef3-4e6e-962a-cfdd69f48960#93-t2, previous=(t:2, i:18), leaderCommit=14, initializing? false, entries: <empty>
2019-09-19 12:01:39,044 [java.util.concurrent.ThreadPoolExecutor$Worker@41e0e92[State = -1, empty queue]] WARN  server.GrpcLogAppender (GrpcLogAppender.java:timeoutAppendRequest(200)) - 0f3ef5c5-216f-4603-9049-7f6477ca6f67@group-E57B62D150CC->ccd7891f-abf2-4840-bcfd-f7d46dfca276-GrpcLogAppender: appendEntries Timeout, request=0f3ef5c5-216f-4603-9049-7f6477ca6f67->ccd7891f-abf2-4840-bcfd-f7d46dfca276#93-t2, previous=(t:2, i:18), leaderCommit=14, initializing? false, entries: <empty>
2019-09-19 12:01:39,279 [grpc-default-executor-5] WARN  server.GrpcLogAppender (LogUtils.java:warn(134)) - 14eab2a7-31b9-4bf4-80ab-c0ebf925c262@group-F197496E7779->b61b9bc0-c8d8-4ce8-a569-0c84e6e62f96-AppendLogResponseHandler: Failed appendEntries: org.apache.ratis.thirdparty.io.grpc.StatusRuntimeException: UNAVAILABLE: io exception
2019-09-19 12:01:39,280 [grpc-default-executor-5] INFO  impl.FollowerInfo (FollowerInfo.java:lambda$new$0(51)) - 14eab2a7-31b9-4bf4-80ab-c0ebf925c262@group-F197496E7779->b61b9bc0-c8d8-4ce8-a569-0c84e6e62f96: nextIndex: updateUnconditionally 0 -> 0
2019-09-19 12:01:39,286 [java.util.concurrent.ThreadPoolExecutor$Worker@3e8d0eb4[State = -1, empty queue]] WARN  server.GrpcLogAppender (GrpcLogAppender.java:timeoutAppendRequest(200)) - a729cdbd-f787-49c0-8e2c-44f1fb27cdba@group-A9823C1EF766->7d946ca7-a873-4723-b723-9ddee89d0bc7-GrpcLogAppender: appendEntries Timeout, request=a729cdbd-f787-49c0-8e2c-44f1fb27cdba->7d946ca7-a873-4723-b723-9ddee89d0bc7#95-t2, previous=(t:2, i:19), leaderCommit=15, initializing? false, entries: <empty>
2019-09-19 12:01:39,286 [java.util.concurrent.ThreadPoolExecutor$Worker@3540f9e3[State = -1, empty queue]] WARN  server.GrpcLogAppender (GrpcLogAppender.java:timeoutAppendRequest(200)) - a729cdbd-f787-49c0-8e2c-44f1fb27cdba@group-A9823C1EF766->ccaa8f46-a720-4c9d-b367-b8e62fb2ca31-GrpcLogAppender: appendEntries Timeout, request=a729cdbd-f787-49c0-8e2c-44f1fb27cdba->ccaa8f46-a720-4c9d-b367-b8e62fb2ca31#95-t2, previous=(t:2, i:19), leaderCommit=15, initializing? false, entries: <empty>
2019-09-19 12:01:39,544 [java.util.concurrent.ThreadPoolExecutor$Worker@41e0e92[State = -1, empty queue]] WARN  server.GrpcLogAppender (GrpcLogAppender.java:timeoutAppendRequest(200)) - 0f3ef5c5-216f-4603-9049-7f6477ca6f67@group-E57B62D150CC->ccd7891f-abf2-4840-bcfd-f7d46dfca276-GrpcLogAppender: appendEntries Timeout, request=0f3ef5c5-216f-4603-9049-7f6477ca6f67->ccd7891f-abf2-4840-bcfd-f7d46dfca276#94-t2, previous=(t:2, i:18), leaderCommit=14, initializing? false, entries: <empty>
2019-09-19 12:01:39,544 [java.util.concurrent.ThreadPoolExecutor$Worker@6aaa628b[State = -1, empty queue]] WARN  server.GrpcLogAppender (GrpcLogAppender.java:timeoutAppendRequest(200)) - 0f3ef5c5-216f-4603-9049-7f6477ca6f67@group-E57B62D150CC->0eafe25b-eef3-4e6e-962a-cfdd69f48960-GrpcLogAppender: appendEntries Timeout, request=0f3ef5c5-216f-4603-9049-7f6477ca6f67->0eafe25b-eef3-4e6e-962a-cfdd69f48960#94-t2, previous=(t:2, i:18), leaderCommit=14, initializing? false, entries: <empty>
2019-09-19 12:01:39,672 [a729cdbd-f787-49c0-8e2c-44f1fb27cdba@group-A9823C1EF766-SegmentedRaftLogWorker] WARN  segmented.SegmentedRaftLogWorker (SegmentedRaftLogWorker.java:getFromFuture(90)) - Timeout 3/~
org.apache.ratis.protocol.TimeoutIOException: Timeout 10s: WriteLog:18: (t:2, i:18), STATEMACHINELOGENTRY, client-E7F445D3456E, cid=39-writeStateMachineData
	at org.apache.ratis.util.IOUtils.getFromFuture(IOUtils.java:87)
	at org.apache.ratis.server.raftlog.segmented.SegmentedRaftLogWorker$StateMachineDataPolicy.getFromFuture(SegmentedRaftLogWorker.java:87)
	at org.apache.ratis.server.raftlog.segmented.SegmentedRaftLogWorker$WriteLog.execute(SegmentedRaftLogWorker.java:477)
	at org.apache.ratis.server.raftlog.segmented.SegmentedRaftLogWorker.run(SegmentedRaftLogWorker.java:289)
	at java.lang.Thread.run(Thread.java:748)
Caused by: java.util.concurrent.TimeoutException
	at java.util.concurrent.CompletableFuture.timedGet(CompletableFuture.java:1771)
	at java.util.concurrent.CompletableFuture.get(CompletableFuture.java:1915)
	at org.apache.ratis.util.IOUtils.getFromFuture(IOUtils.java:79)
	... 4 more
2019-09-19 12:01:39,673 [ccaa8f46-a720-4c9d-b367-b8e62fb2ca31@group-A9823C1EF766-SegmentedRaftLogWorker] WARN  segmented.SegmentedRaftLogWorker (SegmentedRaftLogWorker.java:getFromFuture(90)) - Timeout 3/~
org.apache.ratis.protocol.TimeoutIOException: Timeout 10s: WriteLog:18: (t:2, i:18), STATEMACHINELOGENTRY, client-E7F445D3456E, cid=39-writeStateMachineData
	at org.apache.ratis.util.IOUtils.getFromFuture(IOUtils.java:87)
	at org.apache.ratis.server.raftlog.segmented.SegmentedRaftLogWorker$StateMachineDataPolicy.getFromFuture(SegmentedRaftLogWorker.java:87)
	at org.apache.ratis.server.raftlog.segmented.SegmentedRaftLogWorker$WriteLog.execute(SegmentedRaftLogWorker.java:477)
	at org.apache.ratis.server.raftlog.segmented.SegmentedRaftLogWorker.run(SegmentedRaftLogWorker.java:289)
	at java.lang.Thread.run(Thread.java:748)
Caused by: java.util.concurrent.TimeoutException
	at java.util.concurrent.CompletableFuture.timedGet(CompletableFuture.java:1771)
	at java.util.concurrent.CompletableFuture.get(CompletableFuture.java:1915)
	at org.apache.ratis.util.IOUtils.getFromFuture(IOUtils.java:79)
	... 4 more
2019-09-19 12:01:39,673 [7d946ca7-a873-4723-b723-9ddee89d0bc7@group-A9823C1EF766-SegmentedRaftLogWorker] WARN  segmented.SegmentedRaftLogWorker (SegmentedRaftLogWorker.java:getFromFuture(90)) - Timeout 3/~
org.apache.ratis.protocol.TimeoutIOException: Timeout 10s: WriteLog:18: (t:2, i:18), STATEMACHINELOGENTRY, client-E7F445D3456E, cid=39-writeStateMachineData
	at org.apache.ratis.util.IOUtils.getFromFuture(IOUtils.java:87)
	at org.apache.ratis.server.raftlog.segmented.SegmentedRaftLogWorker$StateMachineDataPolicy.getFromFuture(SegmentedRaftLogWorker.java:87)
	at org.apache.ratis.server.raftlog.segmented.SegmentedRaftLogWorker$WriteLog.execute(SegmentedRaftLogWorker.java:477)
	at org.apache.ratis.server.raftlog.segmented.SegmentedRaftLogWorker.run(SegmentedRaftLogWorker.java:289)
	at java.lang.Thread.run(Thread.java:748)
Caused by: java.util.concurrent.TimeoutException
	at java.util.concurrent.CompletableFuture.timedGet(CompletableFuture.java:1771)
	at java.util.concurrent.CompletableFuture.get(CompletableFuture.java:1915)
	at org.apache.ratis.util.IOUtils.getFromFuture(IOUtils.java:79)
	... 4 more
2019-09-19 12:01:39,782 [grpc-default-executor-5] WARN  server.GrpcLogAppender (LogUtils.java:warn(134)) - 14eab2a7-31b9-4bf4-80ab-c0ebf925c262@group-F197496E7779->b61b9bc0-c8d8-4ce8-a569-0c84e6e62f96-AppendLogResponseHandler: Failed appendEntries: org.apache.ratis.thirdparty.io.grpc.StatusRuntimeException: UNAVAILABLE: io exception
2019-09-19 12:01:39,783 [grpc-default-executor-5] INFO  impl.FollowerInfo (FollowerInfo.java:lambda$new$0(51)) - 14eab2a7-31b9-4bf4-80ab-c0ebf925c262@group-F197496E7779->b61b9bc0-c8d8-4ce8-a569-0c84e6e62f96: nextIndex: updateUnconditionally 0 -> 0
2019-09-19 12:01:39,787 [java.util.concurrent.ThreadPoolExecutor$Worker@3e8d0eb4[State = -1, empty queue]] WARN  server.GrpcLogAppender (GrpcLogAppender.java:timeoutAppendRequest(200)) - a729cdbd-f787-49c0-8e2c-44f1fb27cdba@group-A9823C1EF766->7d946ca7-a873-4723-b723-9ddee89d0bc7-GrpcLogAppender: appendEntries Timeout, request=a729cdbd-f787-49c0-8e2c-44f1fb27cdba->7d946ca7-a873-4723-b723-9ddee89d0bc7#96-t2, previous=(t:2, i:19), leaderCommit=15, initializing? false, entries: <empty>
2019-09-19 12:01:39,787 [java.util.concurrent.ThreadPoolExecutor$Worker@3540f9e3[State = -1, empty queue]] WARN  server.GrpcLogAppender (GrpcLogAppender.java:timeoutAppendRequest(200)) - a729cdbd-f787-49c0-8e2c-44f1fb27cdba@group-A9823C1EF766->ccaa8f46-a720-4c9d-b367-b8e62fb2ca31-GrpcLogAppender: appendEntries Timeout, request=a729cdbd-f787-49c0-8e2c-44f1fb27cdba->ccaa8f46-a720-4c9d-b367-b8e62fb2ca31#96-t2, previous=(t:2, i:19), leaderCommit=15, initializing? false, entries: <empty>
2019-09-19 12:01:40,044 [java.util.concurrent.ThreadPoolExecutor$Worker@41e0e92[State = -1, empty queue]] WARN  server.GrpcLogAppender (GrpcLogAppender.java:timeoutAppendRequest(200)) - 0f3ef5c5-216f-4603-9049-7f6477ca6f67@group-E57B62D150CC->ccd7891f-abf2-4840-bcfd-f7d46dfca276-GrpcLogAppender: appendEntries Timeout, request=0f3ef5c5-216f-4603-9049-7f6477ca6f67->ccd7891f-abf2-4840-bcfd-f7d46dfca276#95-t2, previous=(t:2, i:18), leaderCommit=14, initializing? false, entries: <empty>
2019-09-19 12:01:40,045 [java.util.concurrent.ThreadPoolExecutor$Worker@6aaa628b[State = -1, empty queue]] WARN  server.GrpcLogAppender (GrpcLogAppender.java:timeoutAppendRequest(200)) - 0f3ef5c5-216f-4603-9049-7f6477ca6f67@group-E57B62D150CC->0eafe25b-eef3-4e6e-962a-cfdd69f48960-GrpcLogAppender: appendEntries Timeout, request=0f3ef5c5-216f-4603-9049-7f6477ca6f67->0eafe25b-eef3-4e6e-962a-cfdd69f48960#95-t2, previous=(t:2, i:18), leaderCommit=14, initializing? false, entries: <empty>
2019-09-19 12:01:40,282 [grpc-default-executor-2] WARN  server.GrpcLogAppender (LogUtils.java:warn(134)) - 14eab2a7-31b9-4bf4-80ab-c0ebf925c262@group-F197496E7779->b61b9bc0-c8d8-4ce8-a569-0c84e6e62f96-AppendLogResponseHandler: Failed appendEntries: org.apache.ratis.thirdparty.io.grpc.StatusRuntimeException: UNAVAILABLE: io exception
2019-09-19 12:01:40,283 [grpc-default-executor-2] INFO  impl.FollowerInfo (FollowerInfo.java:lambda$new$0(51)) - 14eab2a7-31b9-4bf4-80ab-c0ebf925c262@group-F197496E7779->b61b9bc0-c8d8-4ce8-a569-0c84e6e62f96: nextIndex: updateUnconditionally 0 -> 0
2019-09-19 12:01:40,287 [java.util.concurrent.ThreadPoolExecutor$Worker@3e8d0eb4[State = -1, empty queue]] WARN  server.GrpcLogAppender (GrpcLogAppender.java:timeoutAppendRequest(200)) - a729cdbd-f787-49c0-8e2c-44f1fb27cdba@group-A9823C1EF766->7d946ca7-a873-4723-b723-9ddee89d0bc7-GrpcLogAppender: appendEntries Timeout, request=a729cdbd-f787-49c0-8e2c-44f1fb27cdba->7d946ca7-a873-4723-b723-9ddee89d0bc7#97-t2, previous=(t:2, i:19), leaderCommit=15, initializing? false, entries: <empty>
2019-09-19 12:01:40,287 [java.util.concurrent.ThreadPoolExecutor$Worker@3540f9e3[State = -1, empty queue]] WARN  server.GrpcLogAppender (GrpcLogAppender.java:timeoutAppendRequest(200)) - a729cdbd-f787-49c0-8e2c-44f1fb27cdba@group-A9823C1EF766->ccaa8f46-a720-4c9d-b367-b8e62fb2ca31-GrpcLogAppender: appendEntries Timeout, request=a729cdbd-f787-49c0-8e2c-44f1fb27cdba->ccaa8f46-a720-4c9d-b367-b8e62fb2ca31#97-t2, previous=(t:2, i:19), leaderCommit=15, initializing? false, entries: <empty>
2019-09-19 12:01:40,546 [java.util.concurrent.ThreadPoolExecutor$Worker@41e0e92[State = -1, empty queue]] WARN  server.GrpcLogAppender (GrpcLogAppender.java:timeoutAppendRequest(200)) - 0f3ef5c5-216f-4603-9049-7f6477ca6f67@group-E57B62D150CC->ccd7891f-abf2-4840-bcfd-f7d46dfca276-GrpcLogAppender: appendEntries Timeout, request=0f3ef5c5-216f-4603-9049-7f6477ca6f67->ccd7891f-abf2-4840-bcfd-f7d46dfca276#96-t2, previous=(t:2, i:18), leaderCommit=14, initializing? false, entries: <empty>
2019-09-19 12:01:40,546 [java.util.concurrent.ThreadPoolExecutor$Worker@6aaa628b[State = -1, empty queue]] WARN  server.GrpcLogAppender (GrpcLogAppender.java:timeoutAppendRequest(200)) - 0f3ef5c5-216f-4603-9049-7f6477ca6f67@group-E57B62D150CC->0eafe25b-eef3-4e6e-962a-cfdd69f48960-GrpcLogAppender: appendEntries Timeout, request=0f3ef5c5-216f-4603-9049-7f6477ca6f67->0eafe25b-eef3-4e6e-962a-cfdd69f48960#96-t2, previous=(t:2, i:18), leaderCommit=14, initializing? false, entries: <empty>
2019-09-19 12:01:40,784 [grpc-default-executor-6] WARN  server.GrpcLogAppender (LogUtils.java:warn(134)) - 14eab2a7-31b9-4bf4-80ab-c0ebf925c262@group-F197496E7779->b61b9bc0-c8d8-4ce8-a569-0c84e6e62f96-AppendLogResponseHandler: Failed appendEntries: org.apache.ratis.thirdparty.io.grpc.StatusRuntimeException: UNAVAILABLE: io exception
2019-09-19 12:01:40,784 [grpc-default-executor-6] INFO  impl.FollowerInfo (FollowerInfo.java:lambda$new$0(51)) - 14eab2a7-31b9-4bf4-80ab-c0ebf925c262@group-F197496E7779->b61b9bc0-c8d8-4ce8-a569-0c84e6e62f96: nextIndex: updateUnconditionally 0 -> 0
2019-09-19 12:01:40,787 [java.util.concurrent.ThreadPoolExecutor$Worker@3e8d0eb4[State = -1, empty queue]] WARN  server.GrpcLogAppender (GrpcLogAppender.java:timeoutAppendRequest(200)) - a729cdbd-f787-49c0-8e2c-44f1fb27cdba@group-A9823C1EF766->7d946ca7-a873-4723-b723-9ddee89d0bc7-GrpcLogAppender: appendEntries Timeout, request=a729cdbd-f787-49c0-8e2c-44f1fb27cdba->7d946ca7-a873-4723-b723-9ddee89d0bc7#98-t2, previous=(t:2, i:19), leaderCommit=15, initializing? false, entries: <empty>
2019-09-19 12:01:40,787 [java.util.concurrent.ThreadPoolExecutor$Worker@3540f9e3[State = -1, empty queue]] WARN  server.GrpcLogAppender (GrpcLogAppender.java:timeoutAppendRequest(200)) - a729cdbd-f787-49c0-8e2c-44f1fb27cdba@group-A9823C1EF766->ccaa8f46-a720-4c9d-b367-b8e62fb2ca31-GrpcLogAppender: appendEntries Timeout, request=a729cdbd-f787-49c0-8e2c-44f1fb27cdba->ccaa8f46-a720-4c9d-b367-b8e62fb2ca31#98-t2, previous=(t:2, i:19), leaderCommit=15, initializing? false, entries: <empty>
2019-09-19 12:01:41,046 [java.util.concurrent.ThreadPoolExecutor$Worker@6aaa628b[State = -1, empty queue]] WARN  server.GrpcLogAppender (GrpcLogAppender.java:timeoutAppendRequest(200)) - 0f3ef5c5-216f-4603-9049-7f6477ca6f67@group-E57B62D150CC->0eafe25b-eef3-4e6e-962a-cfdd69f48960-GrpcLogAppender: appendEntries Timeout, request=0f3ef5c5-216f-4603-9049-7f6477ca6f67->0eafe25b-eef3-4e6e-962a-cfdd69f48960#97-t2, previous=(t:2, i:18), leaderCommit=14, initializing? false, entries: <empty>
2019-09-19 12:01:41,046 [java.util.concurrent.ThreadPoolExecutor$Worker@41e0e92[State = -1, empty queue]] WARN  server.GrpcLogAppender (GrpcLogAppender.java:timeoutAppendRequest(200)) - 0f3ef5c5-216f-4603-9049-7f6477ca6f67@group-E57B62D150CC->ccd7891f-abf2-4840-bcfd-f7d46dfca276-GrpcLogAppender: appendEntries Timeout, request=0f3ef5c5-216f-4603-9049-7f6477ca6f67->ccd7891f-abf2-4840-bcfd-f7d46dfca276#97-t2, previous=(t:2, i:18), leaderCommit=14, initializing? false, entries: <empty>
2019-09-19 12:01:41,284 [grpc-default-executor-5] WARN  server.GrpcLogAppender (LogUtils.java:warn(134)) - 14eab2a7-31b9-4bf4-80ab-c0ebf925c262@group-F197496E7779->b61b9bc0-c8d8-4ce8-a569-0c84e6e62f96-AppendLogResponseHandler: Failed appendEntries: org.apache.ratis.thirdparty.io.grpc.StatusRuntimeException: UNAVAILABLE: io exception
2019-09-19 12:01:41,285 [grpc-default-executor-5] INFO  impl.FollowerInfo (FollowerInfo.java:lambda$new$0(51)) - 14eab2a7-31b9-4bf4-80ab-c0ebf925c262@group-F197496E7779->b61b9bc0-c8d8-4ce8-a569-0c84e6e62f96: nextIndex: updateUnconditionally 0 -> 0
2019-09-19 12:01:41,287 [java.util.concurrent.ThreadPoolExecutor$Worker@3540f9e3[State = -1, empty queue]] WARN  server.GrpcLogAppender (GrpcLogAppender.java:timeoutAppendRequest(200)) - a729cdbd-f787-49c0-8e2c-44f1fb27cdba@group-A9823C1EF766->ccaa8f46-a720-4c9d-b367-b8e62fb2ca31-GrpcLogAppender: appendEntries Timeout, request=a729cdbd-f787-49c0-8e2c-44f1fb27cdba->ccaa8f46-a720-4c9d-b367-b8e62fb2ca31#99-t2, previous=(t:2, i:19), leaderCommit=15, initializing? false, entries: <empty>
2019-09-19 12:01:41,287 [java.util.concurrent.ThreadPoolExecutor$Worker@3e8d0eb4[State = -1, empty queue]] WARN  server.GrpcLogAppender (GrpcLogAppender.java:timeoutAppendRequest(200)) - a729cdbd-f787-49c0-8e2c-44f1fb27cdba@group-A9823C1EF766->7d946ca7-a873-4723-b723-9ddee89d0bc7-GrpcLogAppender: appendEntries Timeout, request=a729cdbd-f787-49c0-8e2c-44f1fb27cdba->7d946ca7-a873-4723-b723-9ddee89d0bc7#99-t2, previous=(t:2, i:19), leaderCommit=15, initializing? false, entries: <empty>
2019-09-19 12:01:41,546 [java.util.concurrent.ThreadPoolExecutor$Worker@6aaa628b[State = -1, empty queue]] WARN  server.GrpcLogAppender (GrpcLogAppender.java:timeoutAppendRequest(200)) - 0f3ef5c5-216f-4603-9049-7f6477ca6f67@group-E57B62D150CC->0eafe25b-eef3-4e6e-962a-cfdd69f48960-GrpcLogAppender: appendEntries Timeout, request=0f3ef5c5-216f-4603-9049-7f6477ca6f67->0eafe25b-eef3-4e6e-962a-cfdd69f48960#98-t2, previous=(t:2, i:18), leaderCommit=14, initializing? false, entries: <empty>
2019-09-19 12:01:41,546 [java.util.concurrent.ThreadPoolExecutor$Worker@41e0e92[State = -1, empty queue]] WARN  server.GrpcLogAppender (GrpcLogAppender.java:timeoutAppendRequest(200)) - 0f3ef5c5-216f-4603-9049-7f6477ca6f67@group-E57B62D150CC->ccd7891f-abf2-4840-bcfd-f7d46dfca276-GrpcLogAppender: appendEntries Timeout, request=0f3ef5c5-216f-4603-9049-7f6477ca6f67->ccd7891f-abf2-4840-bcfd-f7d46dfca276#98-t2, previous=(t:2, i:18), leaderCommit=14, initializing? false, entries: <empty>
2019-09-19 12:01:41,717 [main] WARN  io.KeyOutputStream (KeyOutputStream.java:handleException(276)) - Encountered exception java.io.IOException: Unexpected Storage Container Exception: java.util.concurrent.CompletionException: java.util.concurrent.CompletionException: org.apache.ratis.protocol.RaftRetryFailureException: Failed RaftClientRequest:client-4CC87BB336E7->0f3ef5c5-216f-4603-9049-7f6477ca6f67@group-E57B62D150CC, cid=51, seq=9*, RW, org.apache.hadoop.hdds.scm.XceiverClientRatis$$Lambda$463/1566285515@4ad09fd7 for 10 attempts with RetryLimited(maxAttempts=10, sleepTime=1000ms) on the pipeline Pipeline[ Id: a625de63-8597-4c04-b87b-e57b62d150cc, Nodes: 0f3ef5c5-216f-4603-9049-7f6477ca6f67{ip: 192.168.34.13, host: pr-hdds-2153-g484h-410672627, networkLocation: /default-rack, certSerialId: null}ccd7891f-abf2-4840-bcfd-f7d46dfca276{ip: 192.168.34.13, host: pr-hdds-2153-g484h-410672627, networkLocation: /default-rack, certSerialId: null}0eafe25b-eef3-4e6e-962a-cfdd69f48960{ip: 192.168.34.13, host: pr-hdds-2153-g484h-410672627, networkLocation: /default-rack, certSerialId: null}, Type:RATIS, Factor:THREE, State:OPEN]. The last committed block length is 0, uncommitted data length is 2097152 retry count 0
2019-09-19 12:01:41,792 [java.util.concurrent.ThreadPoolExecutor$Worker@3540f9e3[State = -1, empty queue]] WARN  server.GrpcLogAppender (GrpcLogAppender.java:timeoutAppendRequest(200)) - a729cdbd-f787-49c0-8e2c-44f1fb27cdba@group-A9823C1EF766->ccaa8f46-a720-4c9d-b367-b8e62fb2ca31-GrpcLogAppender: appendEntries Timeout, request=a729cdbd-f787-49c0-8e2c-44f1fb27cdba->ccaa8f46-a720-4c9d-b367-b8e62fb2ca31#100-t2, previous=(t:2, i:19), leaderCommit=15, initializing? false, entries: <empty>
2019-09-19 12:01:41,792 [java.util.concurrent.ThreadPoolExecutor$Worker@3e8d0eb4[State = -1, empty queue]] WARN  server.GrpcLogAppender (GrpcLogAppender.java:timeoutAppendRequest(200)) - a729cdbd-f787-49c0-8e2c-44f1fb27cdba@group-A9823C1EF766->7d946ca7-a873-4723-b723-9ddee89d0bc7-GrpcLogAppender: appendEntries Timeout, request=a729cdbd-f787-49c0-8e2c-44f1fb27cdba->7d946ca7-a873-4723-b723-9ddee89d0bc7#100-t2, previous=(t:2, i:19), leaderCommit=15, initializing? false, entries: <empty>
2019-09-19 12:01:41,803 [grpc-default-executor-6] WARN  server.GrpcLogAppender (LogUtils.java:warn(134)) - 14eab2a7-31b9-4bf4-80ab-c0ebf925c262@group-F197496E7779->b61b9bc0-c8d8-4ce8-a569-0c84e6e62f96-AppendLogResponseHandler: Failed appendEntries: org.apache.ratis.thirdparty.io.grpc.StatusRuntimeException: UNAVAILABLE: io exception
2019-09-19 12:01:41,803 [grpc-default-executor-6] INFO  impl.FollowerInfo (FollowerInfo.java:lambda$new$0(51)) - 14eab2a7-31b9-4bf4-80ab-c0ebf925c262@group-F197496E7779->b61b9bc0-c8d8-4ce8-a569-0c84e6e62f96: nextIndex: updateUnconditionally 0 -> 0
2019-09-19 12:01:42,046 [java.util.concurrent.ThreadPoolExecutor$Worker@6aaa628b[State = -1, empty queue]] WARN  server.GrpcLogAppender (GrpcLogAppender.java:timeoutAppendRequest(200)) - 0f3ef5c5-216f-4603-9049-7f6477ca6f67@group-E57B62D150CC->0eafe25b-eef3-4e6e-962a-cfdd69f48960-GrpcLogAppender: appendEntries Timeout, request=0f3ef5c5-216f-4603-9049-7f6477ca6f67->0eafe25b-eef3-4e6e-962a-cfdd69f48960#99-t2, previous=(t:2, i:18), leaderCommit=14, initializing? false, entries: <empty>
2019-09-19 12:01:42,046 [java.util.concurrent.ThreadPoolExecutor$Worker@41e0e92[State = -1, empty queue]] WARN  server.GrpcLogAppender (GrpcLogAppender.java:timeoutAppendRequest(200)) - 0f3ef5c5-216f-4603-9049-7f6477ca6f67@group-E57B62D150CC->ccd7891f-abf2-4840-bcfd-f7d46dfca276-GrpcLogAppender: appendEntries Timeout, request=0f3ef5c5-216f-4603-9049-7f6477ca6f67->ccd7891f-abf2-4840-bcfd-f7d46dfca276#99-t2, previous=(t:2, i:18), leaderCommit=14, initializing? false, entries: <empty>
2019-09-19 12:01:42,291 [java.util.concurrent.ThreadPoolExecutor$Worker@3540f9e3[State = -1, empty queue]] WARN  server.GrpcLogAppender (GrpcLogAppender.java:timeoutAppendRequest(200)) - a729cdbd-f787-49c0-8e2c-44f1fb27cdba@group-A9823C1EF766->ccaa8f46-a720-4c9d-b367-b8e62fb2ca31-GrpcLogAppender: appendEntries Timeout, request=a729cdbd-f787-49c0-8e2c-44f1fb27cdba->ccaa8f46-a720-4c9d-b367-b8e62fb2ca31#101-t2, previous=(t:2, i:19), leaderCommit=15, initializing? false, entries: <empty>
2019-09-19 12:01:42,291 [java.util.concurrent.ThreadPoolExecutor$Worker@3e8d0eb4[State = -1, empty queue]] WARN  server.GrpcLogAppender (GrpcLogAppender.java:timeoutAppendRequest(200)) - a729cdbd-f787-49c0-8e2c-44f1fb27cdba@group-A9823C1EF766->7d946ca7-a873-4723-b723-9ddee89d0bc7-GrpcLogAppender: appendEntries Timeout, request=a729cdbd-f787-49c0-8e2c-44f1fb27cdba->7d946ca7-a873-4723-b723-9ddee89d0bc7#101-t2, previous=(t:2, i:19), leaderCommit=15, initializing? false, entries: <empty>
2019-09-19 12:01:42,304 [grpc-default-executor-5] WARN  server.GrpcLogAppender (LogUtils.java:warn(134)) - 14eab2a7-31b9-4bf4-80ab-c0ebf925c262@group-F197496E7779->b61b9bc0-c8d8-4ce8-a569-0c84e6e62f96-AppendLogResponseHandler: Failed appendEntries: org.apache.ratis.thirdparty.io.grpc.StatusRuntimeException: UNAVAILABLE: io exception
2019-09-19 12:01:42,305 [grpc-default-executor-5] INFO  impl.FollowerInfo (FollowerInfo.java:lambda$new$0(51)) - 14eab2a7-31b9-4bf4-80ab-c0ebf925c262@group-F197496E7779->b61b9bc0-c8d8-4ce8-a569-0c84e6e62f96: nextIndex: updateUnconditionally 0 -> 0
2019-09-19 12:01:42,547 [java.util.concurrent.ThreadPoolExecutor$Worker@6aaa628b[State = -1, empty queue]] WARN  server.GrpcLogAppender (GrpcLogAppender.java:timeoutAppendRequest(200)) - 0f3ef5c5-216f-4603-9049-7f6477ca6f67@group-E57B62D150CC->0eafe25b-eef3-4e6e-962a-cfdd69f48960-GrpcLogAppender: appendEntries Timeout, request=0f3ef5c5-216f-4603-9049-7f6477ca6f67->0eafe25b-eef3-4e6e-962a-cfdd69f48960#100-t2, previous=(t:2, i:18), leaderCommit=14, initializing? false, entries: <empty>
2019-09-19 12:01:42,547 [java.util.concurrent.ThreadPoolExecutor$Worker@41e0e92[State = -1, empty queue]] WARN  server.GrpcLogAppender (GrpcLogAppender.java:timeoutAppendRequest(200)) - 0f3ef5c5-216f-4603-9049-7f6477ca6f67@group-E57B62D150CC->ccd7891f-abf2-4840-bcfd-f7d46dfca276-GrpcLogAppender: appendEntries Timeout, request=0f3ef5c5-216f-4603-9049-7f6477ca6f67->ccd7891f-abf2-4840-bcfd-f7d46dfca276#100-t2, previous=(t:2, i:18), leaderCommit=14, initializing? false, entries: <empty>
2019-09-19 12:01:42,798 [java.util.concurrent.ThreadPoolExecutor$Worker@3540f9e3[State = -1, empty queue]] WARN  server.GrpcLogAppender (GrpcLogAppender.java:timeoutAppendRequest(200)) - a729cdbd-f787-49c0-8e2c-44f1fb27cdba@group-A9823C1EF766->ccaa8f46-a720-4c9d-b367-b8e62fb2ca31-GrpcLogAppender: appendEntries Timeout, request=a729cdbd-f787-49c0-8e2c-44f1fb27cdba->ccaa8f46-a720-4c9d-b367-b8e62fb2ca31#102-t2, previous=(t:2, i:19), leaderCommit=15, initializing? false, entries: <empty>
2019-09-19 12:01:42,798 [java.util.concurrent.ThreadPoolExecutor$Worker@3e8d0eb4[State = -1, empty queue]] WARN  server.GrpcLogAppender (GrpcLogAppender.java:timeoutAppendRequest(200)) - a729cdbd-f787-49c0-8e2c-44f1fb27cdba@group-A9823C1EF766->7d946ca7-a873-4723-b723-9ddee89d0bc7-GrpcLogAppender: appendEntries Timeout, request=a729cdbd-f787-49c0-8e2c-44f1fb27cdba->7d946ca7-a873-4723-b723-9ddee89d0bc7#102-t2, previous=(t:2, i:19), leaderCommit=15, initializing? false, entries: <empty>
2019-09-19 12:01:42,805 [grpc-default-executor-2] WARN  server.GrpcLogAppender (LogUtils.java:warn(134)) - 14eab2a7-31b9-4bf4-80ab-c0ebf925c262@group-F197496E7779->b61b9bc0-c8d8-4ce8-a569-0c84e6e62f96-AppendLogResponseHandler: Failed appendEntries: org.apache.ratis.thirdparty.io.grpc.StatusRuntimeException: UNAVAILABLE: io exception
2019-09-19 12:01:42,805 [grpc-default-executor-2] INFO  impl.FollowerInfo (FollowerInfo.java:lambda$new$0(51)) - 14eab2a7-31b9-4bf4-80ab-c0ebf925c262@group-F197496E7779->b61b9bc0-c8d8-4ce8-a569-0c84e6e62f96: nextIndex: updateUnconditionally 0 -> 0
2019-09-19 12:01:42,858 [grpc-default-executor-6] WARN  server.GrpcLogAppender (LogUtils.java:warn(134)) - 14eab2a7-31b9-4bf4-80ab-c0ebf925c262@group-F197496E7779->b61b9bc0-c8d8-4ce8-a569-0c84e6e62f96-AppendLogResponseHandler: Failed appendEntries: org.apache.ratis.thirdparty.io.grpc.StatusRuntimeException: UNAVAILABLE: io exception
2019-09-19 12:01:42,859 [grpc-default-executor-6] INFO  impl.FollowerInfo (FollowerInfo.java:lambda$new$0(51)) - 14eab2a7-31b9-4bf4-80ab-c0ebf925c262@group-F197496E7779->b61b9bc0-c8d8-4ce8-a569-0c84e6e62f96: nextIndex: updateUnconditionally 1 -> 0
2019-09-19 12:01:42,960 [grpc-default-executor-3] WARN  server.GrpcLogAppender (LogUtils.java:warn(134)) - 14eab2a7-31b9-4bf4-80ab-c0ebf925c262@group-F197496E7779->b61b9bc0-c8d8-4ce8-a569-0c84e6e62f96-AppendLogResponseHandler: Failed appendEntries: org.apache.ratis.thirdparty.io.grpc.StatusRuntimeException: UNAVAILABLE: io exception
2019-09-19 12:01:42,961 [grpc-default-executor-3] INFO  impl.FollowerInfo (FollowerInfo.java:lambda$new$0(51)) - 14eab2a7-31b9-4bf4-80ab-c0ebf925c262@group-F197496E7779->b61b9bc0-c8d8-4ce8-a569-0c84e6e62f96: nextIndex: updateUnconditionally 1 -> 0
2019-09-19 12:01:42,961 [grpc-default-executor-6] INFO  client.GrpcClientProtocolClient (GrpcClientProtocolClient.java:onNext(264)) - client-C0EB156BC6EE->14eab2a7-31b9-4bf4-80ab-c0ebf925c262: receive RaftClientReply:client-C0EB156BC6EE->14eab2a7-31b9-4bf4-80ab-c0ebf925c262@group-F197496E7779, cid=55, SUCCESS, logIndex=19, commits[14eab2a7-31b9-4bf4-80ab-c0ebf925c262:c19, 2fa9f0f6-b6af-48ee-80c5-dd8119aa09d6:c18, b61b9bc0-c8d8-4ce8-a569-0c84e6e62f96:c16]
2019-09-19 12:01:42,974 [grpc-default-executor-2] WARN  server.GrpcLogAppender (LogUtils.java:warn(134)) - 14eab2a7-31b9-4bf4-80ab-c0ebf925c262@group-F197496E7779->b61b9bc0-c8d8-4ce8-a569-0c84e6e62f96-AppendLogResponseHandler: Failed appendEntries: org.apache.ratis.thirdparty.io.grpc.StatusRuntimeException: UNAVAILABLE: io exception
2019-09-19 12:01:42,974 [grpc-default-executor-2] INFO  impl.FollowerInfo (FollowerInfo.java:lambda$new$0(51)) - 14eab2a7-31b9-4bf4-80ab-c0ebf925c262@group-F197496E7779->b61b9bc0-c8d8-4ce8-a569-0c84e6e62f96: nextIndex: updateUnconditionally 1 -> 0
2019-09-19 12:01:42,978 [grpc-default-executor-5] WARN  server.GrpcLogAppender (LogUtils.java:warn(134)) - 14eab2a7-31b9-4bf4-80ab-c0ebf925c262@group-F197496E7779->b61b9bc0-c8d8-4ce8-a569-0c84e6e62f96-AppendLogResponseHandler: Failed appendEntries: org.apache.ratis.thirdparty.io.grpc.StatusRuntimeException: UNAVAILABLE: io exception
2019-09-19 12:01:42,978 [grpc-default-executor-5] INFO  impl.FollowerInfo (FollowerInfo.java:lambda$new$0(51)) - 14eab2a7-31b9-4bf4-80ab-c0ebf925c262@group-F197496E7779->b61b9bc0-c8d8-4ce8-a569-0c84e6e62f96: nextIndex: updateUnconditionally 1 -> 0
2019-09-19 12:01:42,987 [grpc-default-executor-2] WARN  server.GrpcLogAppender (LogUtils.java:warn(134)) - 14eab2a7-31b9-4bf4-80ab-c0ebf925c262@group-F197496E7779->b61b9bc0-c8d8-4ce8-a569-0c84e6e62f96-AppendLogResponseHandler: Failed appendEntries: org.apache.ratis.thirdparty.io.grpc.StatusRuntimeException: UNAVAILABLE: io exception
2019-09-19 12:01:42,988 [grpc-default-executor-2] INFO  impl.FollowerInfo (FollowerInfo.java:lambda$new$0(51)) - 14eab2a7-31b9-4bf4-80ab-c0ebf925c262@group-F197496E7779->b61b9bc0-c8d8-4ce8-a569-0c84e6e62f96: nextIndex: updateUnconditionally 1 -> 0
2019-09-19 12:01:42,996 [grpc-default-executor-3] WARN  server.GrpcLogAppender (LogUtils.java:warn(134)) - 14eab2a7-31b9-4bf4-80ab-c0ebf925c262@group-F197496E7779->b61b9bc0-c8d8-4ce8-a569-0c84e6e62f96-AppendLogResponseHandler: Failed appendEntries: org.apache.ratis.thirdparty.io.grpc.StatusRuntimeException: UNAVAILABLE: io exception
2019-09-19 12:01:42,997 [grpc-default-executor-3] INFO  impl.FollowerInfo (FollowerInfo.java:lambda$new$0(51)) - 14eab2a7-31b9-4bf4-80ab-c0ebf925c262@group-F197496E7779->b61b9bc0-c8d8-4ce8-a569-0c84e6e62f96: nextIndex: updateUnconditionally 1 -> 0
2019-09-19 12:01:42,998 [grpc-default-executor-5] WARN  server.GrpcLogAppender (LogUtils.java:warn(134)) - 14eab2a7-31b9-4bf4-80ab-c0ebf925c262@group-F197496E7779->b61b9bc0-c8d8-4ce8-a569-0c84e6e62f96-AppendLogResponseHandler: Failed appendEntries: org.apache.ratis.thirdparty.io.grpc.StatusRuntimeException: UNAVAILABLE: io exception
2019-09-19 12:01:42,999 [grpc-default-executor-5] INFO  impl.FollowerInfo (FollowerInfo.java:lambda$new$0(51)) - 14eab2a7-31b9-4bf4-80ab-c0ebf925c262@group-F197496E7779->b61b9bc0-c8d8-4ce8-a569-0c84e6e62f96: nextIndex: updateUnconditionally 1 -> 0
2019-09-19 12:01:43,015 [grpc-default-executor-5] INFO  client.GrpcClientProtocolClient (GrpcClientProtocolClient.java:onNext(264)) - client-C0EB156BC6EE->14eab2a7-31b9-4bf4-80ab-c0ebf925c262: receive RaftClientReply:client-C0EB156BC6EE->14eab2a7-31b9-4bf4-80ab-c0ebf925c262@group-F197496E7779, cid=56, SUCCESS, logIndex=21, commits[14eab2a7-31b9-4bf4-80ab-c0ebf925c262:c26, 2fa9f0f6-b6af-48ee-80c5-dd8119aa09d6:c23, b61b9bc0-c8d8-4ce8-a569-0c84e6e62f96:c16]
2019-09-19 12:01:43,015 [grpc-default-executor-5] INFO  client.GrpcClientProtocolClient (GrpcClientProtocolClient.java:onNext(264)) - client-C0EB156BC6EE->14eab2a7-31b9-4bf4-80ab-c0ebf925c262: receive RaftClientReply:client-C0EB156BC6EE->14eab2a7-31b9-4bf4-80ab-c0ebf925c262@group-F197496E7779, cid=57, SUCCESS, logIndex=22, commits[14eab2a7-31b9-4bf4-80ab-c0ebf925c262:c26, 2fa9f0f6-b6af-48ee-80c5-dd8119aa09d6:c23, b61b9bc0-c8d8-4ce8-a569-0c84e6e62f96:c16]
2019-09-19 12:01:43,031 [grpc-default-executor-5] INFO  client.GrpcClientProtocolClient (GrpcClientProtocolClient.java:onNext(264)) - client-C0EB156BC6EE->14eab2a7-31b9-4bf4-80ab-c0ebf925c262: receive RaftClientReply:client-C0EB156BC6EE->14eab2a7-31b9-4bf4-80ab-c0ebf925c262@group-F197496E7779, cid=58, SUCCESS, logIndex=23, commits[14eab2a7-31b9-4bf4-80ab-c0ebf925c262:c26, 2fa9f0f6-b6af-48ee-80c5-dd8119aa09d6:c23, b61b9bc0-c8d8-4ce8-a569-0c84e6e62f96:c16]
2019-09-19 12:01:43,047 [java.util.concurrent.ThreadPoolExecutor$Worker@41e0e92[State = -1, empty queue]] WARN  server.GrpcLogAppender (GrpcLogAppender.java:timeoutAppendRequest(200)) - 0f3ef5c5-216f-4603-9049-7f6477ca6f67@group-E57B62D150CC->ccd7891f-abf2-4840-bcfd-f7d46dfca276-GrpcLogAppender: appendEntries Timeout, request=0f3ef5c5-216f-4603-9049-7f6477ca6f67->ccd7891f-abf2-4840-bcfd-f7d46dfca276#101-t2, previous=(t:2, i:18), leaderCommit=14, initializing? false, entries: <empty>
2019-09-19 12:01:43,047 [java.util.concurrent.ThreadPoolExecutor$Worker@6aaa628b[State = -1, empty queue]] WARN  server.GrpcLogAppender (GrpcLogAppender.java:timeoutAppendRequest(200)) - 0f3ef5c5-216f-4603-9049-7f6477ca6f67@group-E57B62D150CC->0eafe25b-eef3-4e6e-962a-cfdd69f48960-GrpcLogAppender: appendEntries Timeout, request=0f3ef5c5-216f-4603-9049-7f6477ca6f67->0eafe25b-eef3-4e6e-962a-cfdd69f48960#101-t2, previous=(t:2, i:18), leaderCommit=14, initializing? false, entries: <empty>
2019-09-19 12:01:43,299 [java.util.concurrent.ThreadPoolExecutor$Worker@3e8d0eb4[State = -1, empty queue]] WARN  server.GrpcLogAppender (GrpcLogAppender.java:timeoutAppendRequest(200)) - a729cdbd-f787-49c0-8e2c-44f1fb27cdba@group-A9823C1EF766->7d946ca7-a873-4723-b723-9ddee89d0bc7-GrpcLogAppender: appendEntries Timeout, request=a729cdbd-f787-49c0-8e2c-44f1fb27cdba->7d946ca7-a873-4723-b723-9ddee89d0bc7#103-t2, previous=(t:2, i:19), leaderCommit=15, initializing? false, entries: <empty>
2019-09-19 12:01:43,299 [java.util.concurrent.ThreadPoolExecutor$Worker@3540f9e3[State = -1, empty queue]] WARN  server.GrpcLogAppender (GrpcLogAppender.java:timeoutAppendRequest(200)) - a729cdbd-f787-49c0-8e2c-44f1fb27cdba@group-A9823C1EF766->ccaa8f46-a720-4c9d-b367-b8e62fb2ca31-GrpcLogAppender: appendEntries Timeout, request=a729cdbd-f787-49c0-8e2c-44f1fb27cdba->ccaa8f46-a720-4c9d-b367-b8e62fb2ca31#103-t2, previous=(t:2, i:19), leaderCommit=15, initializing? false, entries: <empty>
2019-09-19 12:01:43,501 [grpc-default-executor-2] WARN  server.GrpcLogAppender (LogUtils.java:warn(134)) - 14eab2a7-31b9-4bf4-80ab-c0ebf925c262@group-F197496E7779->b61b9bc0-c8d8-4ce8-a569-0c84e6e62f96-AppendLogResponseHandler: Failed appendEntries: org.apache.ratis.thirdparty.io.grpc.StatusRuntimeException: UNAVAILABLE: io exception
2019-09-19 12:01:43,501 [grpc-default-executor-2] INFO  impl.FollowerInfo (FollowerInfo.java:lambda$new$0(51)) - 14eab2a7-31b9-4bf4-80ab-c0ebf925c262@group-F197496E7779->b61b9bc0-c8d8-4ce8-a569-0c84e6e62f96: nextIndex: updateUnconditionally 0 -> 0
2019-09-19 12:01:43,519 [0f3ef5c5-216f-4603-9049-7f6477ca6f67@group-E57B62D150CC-SegmentedRaftLogWorker] WARN  segmented.SegmentedRaftLogWorker (SegmentedRaftLogWorker.java:getFromFuture(90)) - Timeout 1/~
org.apache.ratis.protocol.TimeoutIOException: Timeout 10s: WriteLog:15: (t:2, i:15), STATEMACHINELOGENTRY, client-4CC87BB336E7, cid=51-writeStateMachineData
	at org.apache.ratis.util.IOUtils.getFromFuture(IOUtils.java:87)
	at org.apache.ratis.server.raftlog.segmented.SegmentedRaftLogWorker$StateMachineDataPolicy.getFromFuture(SegmentedRaftLogWorker.java:87)
	at org.apache.ratis.server.raftlog.segmented.SegmentedRaftLogWorker$WriteLog.execute(SegmentedRaftLogWorker.java:477)
	at org.apache.ratis.server.raftlog.segmented.SegmentedRaftLogWorker.run(SegmentedRaftLogWorker.java:289)
	at java.lang.Thread.run(Thread.java:748)
Caused by: java.util.concurrent.TimeoutException
	at java.util.concurrent.CompletableFuture.timedGet(CompletableFuture.java:1771)
	at java.util.concurrent.CompletableFuture.get(CompletableFuture.java:1915)
	at org.apache.ratis.util.IOUtils.getFromFuture(IOUtils.java:79)
	... 4 more
2019-09-19 12:01:43,523 [0eafe25b-eef3-4e6e-962a-cfdd69f48960@group-E57B62D150CC-SegmentedRaftLogWorker] WARN  segmented.SegmentedRaftLogWorker (SegmentedRaftLogWorker.java:getFromFuture(90)) - Timeout 1/~
org.apache.ratis.protocol.TimeoutIOException: Timeout 10s: WriteLog:15: (t:2, i:15), STATEMACHINELOGENTRY, client-4CC87BB336E7, cid=51-writeStateMachineData
	at org.apache.ratis.util.IOUtils.getFromFuture(IOUtils.java:87)
	at org.apache.ratis.server.raftlog.segmented.SegmentedRaftLogWorker$StateMachineDataPolicy.getFromFuture(SegmentedRaftLogWorker.java:87)
	at org.apache.ratis.server.raftlog.segmented.SegmentedRaftLogWorker$WriteLog.execute(SegmentedRaftLogWorker.java:477)
	at org.apache.ratis.server.raftlog.segmented.SegmentedRaftLogWorker.run(SegmentedRaftLogWorker.java:289)
	at java.lang.Thread.run(Thread.java:748)
Caused by: java.util.concurrent.TimeoutException
	at java.util.concurrent.CompletableFuture.timedGet(CompletableFuture.java:1771)
	at java.util.concurrent.CompletableFuture.get(CompletableFuture.java:1915)
	at org.apache.ratis.util.IOUtils.getFromFuture(IOUtils.java:79)
	... 4 more
2019-09-19 12:01:43,523 [ccd7891f-abf2-4840-bcfd-f7d46dfca276@group-E57B62D150CC-SegmentedRaftLogWorker] WARN  segmented.SegmentedRaftLogWorker (SegmentedRaftLogWorker.java:getFromFuture(90)) - Timeout 1/~
org.apache.ratis.protocol.TimeoutIOException: Timeout 10s: WriteLog:15: (t:2, i:15), STATEMACHINELOGENTRY, client-4CC87BB336E7, cid=51-writeStateMachineData
	at org.apache.ratis.util.IOUtils.getFromFuture(IOUtils.java:87)
	at org.apache.ratis.server.raftlog.segmented.SegmentedRaftLogWorker$StateMachineDataPolicy.getFromFuture(SegmentedRaftLogWorker.java:87)
	at org.apache.ratis.server.raftlog.segmented.SegmentedRaftLogWorker$WriteLog.execute(SegmentedRaftLogWorker.java:477)
	at org.apache.ratis.server.raftlog.segmented.SegmentedRaftLogWorker.run(SegmentedRaftLogWorker.java:289)
	at java.lang.Thread.run(Thread.java:748)
Caused by: java.util.concurrent.TimeoutException
	at java.util.concurrent.CompletableFuture.timedGet(CompletableFuture.java:1771)
	at java.util.concurrent.CompletableFuture.get(CompletableFuture.java:1915)
	at org.apache.ratis.util.IOUtils.getFromFuture(IOUtils.java:79)
	... 4 more
2019-09-19 12:01:43,549 [java.util.concurrent.ThreadPoolExecutor$Worker@6aaa628b[State = -1, empty queue]] WARN  server.GrpcLogAppender (GrpcLogAppender.java:timeoutAppendRequest(200)) - 0f3ef5c5-216f-4603-9049-7f6477ca6f67@group-E57B62D150CC->0eafe25b-eef3-4e6e-962a-cfdd69f48960-GrpcLogAppender: appendEntries Timeout, request=0f3ef5c5-216f-4603-9049-7f6477ca6f67->0eafe25b-eef3-4e6e-962a-cfdd69f48960#102-t2, previous=(t:2, i:18), leaderCommit=14, initializing? false, entries: <empty>
2019-09-19 12:01:43,549 [java.util.concurrent.ThreadPoolExecutor$Worker@41e0e92[State = -1, empty queue]] WARN  server.GrpcLogAppender (GrpcLogAppender.java:timeoutAppendRequest(200)) - 0f3ef5c5-216f-4603-9049-7f6477ca6f67@group-E57B62D150CC->ccd7891f-abf2-4840-bcfd-f7d46dfca276-GrpcLogAppender: appendEntries Timeout, request=0f3ef5c5-216f-4603-9049-7f6477ca6f67->ccd7891f-abf2-4840-bcfd-f7d46dfca276#102-t2, previous=(t:2, i:18), leaderCommit=14, initializing? false, entries: <empty>
2019-09-19 12:01:43,806 [java.util.concurrent.ThreadPoolExecutor$Worker@3540f9e3[State = -1, empty queue]] WARN  server.GrpcLogAppender (GrpcLogAppender.java:timeoutAppendRequest(200)) - a729cdbd-f787-49c0-8e2c-44f1fb27cdba@group-A9823C1EF766->ccaa8f46-a720-4c9d-b367-b8e62fb2ca31-GrpcLogAppender: appendEntries Timeout, request=a729cdbd-f787-49c0-8e2c-44f1fb27cdba->ccaa8f46-a720-4c9d-b367-b8e62fb2ca31#104-t2, previous=(t:2, i:19), leaderCommit=15, initializing? false, entries: <empty>
2019-09-19 12:01:43,806 [java.util.concurrent.ThreadPoolExecutor$Worker@3e8d0eb4[State = -1, empty queue]] WARN  server.GrpcLogAppender (GrpcLogAppender.java:timeoutAppendRequest(200)) - a729cdbd-f787-49c0-8e2c-44f1fb27cdba@group-A9823C1EF766->7d946ca7-a873-4723-b723-9ddee89d0bc7-GrpcLogAppender: appendEntries Timeout, request=a729cdbd-f787-49c0-8e2c-44f1fb27cdba->7d946ca7-a873-4723-b723-9ddee89d0bc7#104-t2, previous=(t:2, i:19), leaderCommit=15, initializing? false, entries: <empty>
2019-09-19 12:01:44,001 [grpc-default-executor-3] WARN  server.GrpcLogAppender (LogUtils.java:warn(134)) - 14eab2a7-31b9-4bf4-80ab-c0ebf925c262@group-F197496E7779->b61b9bc0-c8d8-4ce8-a569-0c84e6e62f96-AppendLogResponseHandler: Failed appendEntries: org.apache.ratis.thirdparty.io.grpc.StatusRuntimeException: UNAVAILABLE: io exception
2019-09-19 12:01:44,002 [grpc-default-executor-3] INFO  impl.FollowerInfo (FollowerInfo.java:lambda$new$0(51)) - 14eab2a7-31b9-4bf4-80ab-c0ebf925c262@group-F197496E7779->b61b9bc0-c8d8-4ce8-a569-0c84e6e62f96: nextIndex: updateUnconditionally 0 -> 0
2019-09-19 12:01:44,049 [java.util.concurrent.ThreadPoolExecutor$Worker@41e0e92[State = -1, empty queue]] WARN  server.GrpcLogAppender (GrpcLogAppender.java:timeoutAppendRequest(200)) - 0f3ef5c5-216f-4603-9049-7f6477ca6f67@group-E57B62D150CC->ccd7891f-abf2-4840-bcfd-f7d46dfca276-GrpcLogAppender: appendEntries Timeout, request=0f3ef5c5-216f-4603-9049-7f6477ca6f67->ccd7891f-abf2-4840-bcfd-f7d46dfca276#103-t2, previous=(t:2, i:18), leaderCommit=14, initializing? false, entries: <empty>
2019-09-19 12:01:44,049 [java.util.concurrent.ThreadPoolExecutor$Worker@6aaa628b[State = -1, empty queue]] WARN  server.GrpcLogAppender (GrpcLogAppender.java:timeoutAppendRequest(200)) - 0f3ef5c5-216f-4603-9049-7f6477ca6f67@group-E57B62D150CC->0eafe25b-eef3-4e6e-962a-cfdd69f48960-GrpcLogAppender: appendEntries Timeout, request=0f3ef5c5-216f-4603-9049-7f6477ca6f67->0eafe25b-eef3-4e6e-962a-cfdd69f48960#103-t2, previous=(t:2, i:18), leaderCommit=14, initializing? false, entries: <empty>
2019-09-19 12:01:44,307 [java.util.concurrent.ThreadPoolExecutor$Worker@3540f9e3[State = -1, empty queue]] WARN  server.GrpcLogAppender (GrpcLogAppender.java:timeoutAppendRequest(200)) - a729cdbd-f787-49c0-8e2c-44f1fb27cdba@group-A9823C1EF766->ccaa8f46-a720-4c9d-b367-b8e62fb2ca31-GrpcLogAppender: appendEntries Timeout, request=a729cdbd-f787-49c0-8e2c-44f1fb27cdba->ccaa8f46-a720-4c9d-b367-b8e62fb2ca31#105-t2, previous=(t:2, i:19), leaderCommit=15, initializing? false, entries: <empty>
2019-09-19 12:01:44,307 [java.util.concurrent.ThreadPoolExecutor$Worker@3e8d0eb4[State = -1, empty queue]] WARN  server.GrpcLogAppender (GrpcLogAppender.java:timeoutAppendRequest(200)) - a729cdbd-f787-49c0-8e2c-44f1fb27cdba@group-A9823C1EF766->7d946ca7-a873-4723-b723-9ddee89d0bc7-GrpcLogAppender: appendEntries Timeout, request=a729cdbd-f787-49c0-8e2c-44f1fb27cdba->7d946ca7-a873-4723-b723-9ddee89d0bc7#105-t2, previous=(t:2, i:19), leaderCommit=15, initializing? false, entries: <empty>
2019-09-19 12:01:44,503 [grpc-default-executor-2] WARN  server.GrpcLogAppender (LogUtils.java:warn(134)) - 14eab2a7-31b9-4bf4-80ab-c0ebf925c262@group-F197496E7779->b61b9bc0-c8d8-4ce8-a569-0c84e6e62f96-AppendLogResponseHandler: Failed appendEntries: org.apache.ratis.thirdparty.io.grpc.StatusRuntimeException: UNAVAILABLE: io exception
2019-09-19 12:01:44,504 [grpc-default-executor-2] INFO  impl.FollowerInfo (FollowerInfo.java:lambda$new$0(51)) - 14eab2a7-31b9-4bf4-80ab-c0ebf925c262@group-F197496E7779->b61b9bc0-c8d8-4ce8-a569-0c84e6e62f96: nextIndex: updateUnconditionally 0 -> 0
2019-09-19 12:01:44,549 [java.util.concurrent.ThreadPoolExecutor$Worker@6aaa628b[State = -1, empty queue]] WARN  server.GrpcLogAppender (GrpcLogAppender.java:timeoutAppendRequest(200)) - 0f3ef5c5-216f-4603-9049-7f6477ca6f67@group-E57B62D150CC->0eafe25b-eef3-4e6e-962a-cfdd69f48960-GrpcLogAppender: appendEntries Timeout, request=0f3ef5c5-216f-4603-9049-7f6477ca6f67->0eafe25b-eef3-4e6e-962a-cfdd69f48960#104-t2, previous=(t:2, i:18), leaderCommit=14, initializing? false, entries: <empty>
2019-09-19 12:01:44,549 [java.util.concurrent.ThreadPoolExecutor$Worker@41e0e92[State = -1, empty queue]] WARN  server.GrpcLogAppender (GrpcLogAppender.java:timeoutAppendRequest(200)) - 0f3ef5c5-216f-4603-9049-7f6477ca6f67@group-E57B62D150CC->ccd7891f-abf2-4840-bcfd-f7d46dfca276-GrpcLogAppender: appendEntries Timeout, request=0f3ef5c5-216f-4603-9049-7f6477ca6f67->ccd7891f-abf2-4840-bcfd-f7d46dfca276#104-t2, previous=(t:2, i:18), leaderCommit=14, initializing? false, entries: <empty>
2019-09-19 12:01:44,807 [java.util.concurrent.ThreadPoolExecutor$Worker@3e8d0eb4[State = -1, empty queue]] WARN  server.GrpcLogAppender (GrpcLogAppender.java:timeoutAppendRequest(200)) - a729cdbd-f787-49c0-8e2c-44f1fb27cdba@group-A9823C1EF766->7d946ca7-a873-4723-b723-9ddee89d0bc7-GrpcLogAppender: appendEntries Timeout, request=a729cdbd-f787-49c0-8e2c-44f1fb27cdba->7d946ca7-a873-4723-b723-9ddee89d0bc7#106-t2, previous=(t:2, i:19), leaderCommit=15, initializing? false, entries: <empty>
2019-09-19 12:01:44,807 [java.util.concurrent.ThreadPoolExecutor$Worker@3540f9e3[State = -1, empty queue]] WARN  server.GrpcLogAppender (GrpcLogAppender.java:timeoutAppendRequest(200)) - a729cdbd-f787-49c0-8e2c-44f1fb27cdba@group-A9823C1EF766->ccaa8f46-a720-4c9d-b367-b8e62fb2ca31-GrpcLogAppender: appendEntries Timeout, request=a729cdbd-f787-49c0-8e2c-44f1fb27cdba->ccaa8f46-a720-4c9d-b367-b8e62fb2ca31#106-t2, previous=(t:2, i:19), leaderCommit=15, initializing? false, entries: <empty>
2019-09-19 12:01:45,004 [grpc-default-executor-5] WARN  server.GrpcLogAppender (LogUtils.java:warn(134)) - 14eab2a7-31b9-4bf4-80ab-c0ebf925c262@group-F197496E7779->b61b9bc0-c8d8-4ce8-a569-0c84e6e62f96-AppendLogResponseHandler: Failed appendEntries: org.apache.ratis.thirdparty.io.grpc.StatusRuntimeException: UNAVAILABLE: io exception
2019-09-19 12:01:45,004 [grpc-default-executor-5] INFO  impl.FollowerInfo (FollowerInfo.java:lambda$new$0(51)) - 14eab2a7-31b9-4bf4-80ab-c0ebf925c262@group-F197496E7779->b61b9bc0-c8d8-4ce8-a569-0c84e6e62f96: nextIndex: updateUnconditionally 0 -> 0
2019-09-19 12:01:45,050 [java.util.concurrent.ThreadPoolExecutor$Worker@41e0e92[State = -1, empty queue]] WARN  server.GrpcLogAppender (GrpcLogAppender.java:timeoutAppendRequest(200)) - 0f3ef5c5-216f-4603-9049-7f6477ca6f67@group-E57B62D150CC->ccd7891f-abf2-4840-bcfd-f7d46dfca276-GrpcLogAppender: appendEntries Timeout, request=0f3ef5c5-216f-4603-9049-7f6477ca6f67->ccd7891f-abf2-4840-bcfd-f7d46dfca276#105-t2, previous=(t:2, i:18), leaderCommit=14, initializing? false, entries: <empty>
2019-09-19 12:01:45,050 [java.util.concurrent.ThreadPoolExecutor$Worker@6aaa628b[State = -1, empty queue]] WARN  server.GrpcLogAppender (GrpcLogAppender.java:timeoutAppendRequest(200)) - 0f3ef5c5-216f-4603-9049-7f6477ca6f67@group-E57B62D150CC->0eafe25b-eef3-4e6e-962a-cfdd69f48960-GrpcLogAppender: appendEntries Timeout, request=0f3ef5c5-216f-4603-9049-7f6477ca6f67->0eafe25b-eef3-4e6e-962a-cfdd69f48960#105-t2, previous=(t:2, i:18), leaderCommit=14, initializing? false, entries: <empty>
2019-09-19 12:01:45,307 [java.util.concurrent.ThreadPoolExecutor$Worker@3540f9e3[State = -1, empty queue]] WARN  server.GrpcLogAppender (GrpcLogAppender.java:timeoutAppendRequest(200)) - a729cdbd-f787-49c0-8e2c-44f1fb27cdba@group-A9823C1EF766->ccaa8f46-a720-4c9d-b367-b8e62fb2ca31-GrpcLogAppender: appendEntries Timeout, request=a729cdbd-f787-49c0-8e2c-44f1fb27cdba->ccaa8f46-a720-4c9d-b367-b8e62fb2ca31#107-t2, previous=(t:2, i:19), leaderCommit=15, initializing? false, entries: <empty>
2019-09-19 12:01:45,307 [java.util.concurrent.ThreadPoolExecutor$Worker@3e8d0eb4[State = -1, empty queue]] WARN  server.GrpcLogAppender (GrpcLogAppender.java:timeoutAppendRequest(200)) - a729cdbd-f787-49c0-8e2c-44f1fb27cdba@group-A9823C1EF766->7d946ca7-a873-4723-b723-9ddee89d0bc7-GrpcLogAppender: appendEntries Timeout, request=a729cdbd-f787-49c0-8e2c-44f1fb27cdba->7d946ca7-a873-4723-b723-9ddee89d0bc7#107-t2, previous=(t:2, i:19), leaderCommit=15, initializing? false, entries: <empty>
2019-09-19 12:01:45,506 [grpc-default-executor-2] WARN  server.GrpcLogAppender (LogUtils.java:warn(134)) - 14eab2a7-31b9-4bf4-80ab-c0ebf925c262@group-F197496E7779->b61b9bc0-c8d8-4ce8-a569-0c84e6e62f96-AppendLogResponseHandler: Failed appendEntries: org.apache.ratis.thirdparty.io.grpc.StatusRuntimeException: UNAVAILABLE: io exception
2019-09-19 12:01:45,507 [grpc-default-executor-2] INFO  impl.FollowerInfo (FollowerInfo.java:lambda$new$0(51)) - 14eab2a7-31b9-4bf4-80ab-c0ebf925c262@group-F197496E7779->b61b9bc0-c8d8-4ce8-a569-0c84e6e62f96: nextIndex: updateUnconditionally 0 -> 0
2019-09-19 12:01:45,550 [java.util.concurrent.ThreadPoolExecutor$Worker@6aaa628b[State = -1, empty queue]] WARN  server.GrpcLogAppender (GrpcLogAppender.java:timeoutAppendRequest(200)) - 0f3ef5c5-216f-4603-9049-7f6477ca6f67@group-E57B62D150CC->0eafe25b-eef3-4e6e-962a-cfdd69f48960-GrpcLogAppender: appendEntries Timeout, request=0f3ef5c5-216f-4603-9049-7f6477ca6f67->0eafe25b-eef3-4e6e-962a-cfdd69f48960#106-t2, previous=(t:2, i:18), leaderCommit=14, initializing? false, entries: <empty>
2019-09-19 12:01:45,550 [java.util.concurrent.ThreadPoolExecutor$Worker@41e0e92[State = -1, empty queue]] WARN  server.GrpcLogAppender (GrpcLogAppender.java:timeoutAppendRequest(200)) - 0f3ef5c5-216f-4603-9049-7f6477ca6f67@group-E57B62D150CC->ccd7891f-abf2-4840-bcfd-f7d46dfca276-GrpcLogAppender: appendEntries Timeout, request=0f3ef5c5-216f-4603-9049-7f6477ca6f67->ccd7891f-abf2-4840-bcfd-f7d46dfca276#106-t2, previous=(t:2, i:18), leaderCommit=14, initializing? false, entries: <empty>
2019-09-19 12:01:45,807 [java.util.concurrent.ThreadPoolExecutor$Worker@3e8d0eb4[State = -1, empty queue]] WARN  server.GrpcLogAppender (GrpcLogAppender.java:timeoutAppendRequest(200)) - a729cdbd-f787-49c0-8e2c-44f1fb27cdba@group-A9823C1EF766->7d946ca7-a873-4723-b723-9ddee89d0bc7-GrpcLogAppender: appendEntries Timeout, request=a729cdbd-f787-49c0-8e2c-44f1fb27cdba->7d946ca7-a873-4723-b723-9ddee89d0bc7#108-t2, previous=(t:2, i:19), leaderCommit=15, initializing? false, entries: <empty>
2019-09-19 12:01:45,807 [java.util.concurrent.ThreadPoolExecutor$Worker@3540f9e3[State = -1, empty queue]] WARN  server.GrpcLogAppender (GrpcLogAppender.java:timeoutAppendRequest(200)) - a729cdbd-f787-49c0-8e2c-44f1fb27cdba@group-A9823C1EF766->ccaa8f46-a720-4c9d-b367-b8e62fb2ca31-GrpcLogAppender: appendEntries Timeout, request=a729cdbd-f787-49c0-8e2c-44f1fb27cdba->ccaa8f46-a720-4c9d-b367-b8e62fb2ca31#108-t2, previous=(t:2, i:19), leaderCommit=15, initializing? false, entries: <empty>
2019-09-19 12:01:46,006 [grpc-default-executor-5] WARN  server.GrpcLogAppender (LogUtils.java:warn(134)) - 14eab2a7-31b9-4bf4-80ab-c0ebf925c262@group-F197496E7779->b61b9bc0-c8d8-4ce8-a569-0c84e6e62f96-AppendLogResponseHandler: Failed appendEntries: org.apache.ratis.thirdparty.io.grpc.StatusRuntimeException: UNAVAILABLE: io exception
2019-09-19 12:01:46,007 [grpc-default-executor-5] INFO  impl.FollowerInfo (FollowerInfo.java:lambda$new$0(51)) - 14eab2a7-31b9-4bf4-80ab-c0ebf925c262@group-F197496E7779->b61b9bc0-c8d8-4ce8-a569-0c84e6e62f96: nextIndex: updateUnconditionally 0 -> 0
2019-09-19 12:01:46,051 [java.util.concurrent.ThreadPoolExecutor$Worker@6aaa628b[State = -1, empty queue]] WARN  server.GrpcLogAppender (GrpcLogAppender.java:timeoutAppendRequest(200)) - 0f3ef5c5-216f-4603-9049-7f6477ca6f67@group-E57B62D150CC->0eafe25b-eef3-4e6e-962a-cfdd69f48960-GrpcLogAppender: appendEntries Timeout, request=0f3ef5c5-216f-4603-9049-7f6477ca6f67->0eafe25b-eef3-4e6e-962a-cfdd69f48960#107-t2, previous=(t:2, i:18), leaderCommit=14, initializing? false, entries: <empty>
2019-09-19 12:01:46,051 [java.util.concurrent.ThreadPoolExecutor$Worker@41e0e92[State = -1, empty queue]] WARN  server.GrpcLogAppender (GrpcLogAppender.java:timeoutAppendRequest(200)) - 0f3ef5c5-216f-4603-9049-7f6477ca6f67@group-E57B62D150CC->ccd7891f-abf2-4840-bcfd-f7d46dfca276-GrpcLogAppender: appendEntries Timeout, request=0f3ef5c5-216f-4603-9049-7f6477ca6f67->ccd7891f-abf2-4840-bcfd-f7d46dfca276#107-t2, previous=(t:2, i:18), leaderCommit=14, initializing? false, entries: <empty>
2019-09-19 12:01:46,308 [java.util.concurrent.ThreadPoolExecutor$Worker@3e8d0eb4[State = -1, empty queue]] WARN  server.GrpcLogAppender (GrpcLogAppender.java:timeoutAppendRequest(200)) - a729cdbd-f787-49c0-8e2c-44f1fb27cdba@group-A9823C1EF766->7d946ca7-a873-4723-b723-9ddee89d0bc7-GrpcLogAppender: appendEntries Timeout, request=a729cdbd-f787-49c0-8e2c-44f1fb27cdba->7d946ca7-a873-4723-b723-9ddee89d0bc7#109-t2, previous=(t:2, i:19), leaderCommit=15, initializing? false, entries: <empty>
2019-09-19 12:01:46,308 [java.util.concurrent.ThreadPoolExecutor$Worker@3540f9e3[State = -1, empty queue]] WARN  server.GrpcLogAppender (GrpcLogAppender.java:timeoutAppendRequest(200)) - a729cdbd-f787-49c0-8e2c-44f1fb27cdba@group-A9823C1EF766->ccaa8f46-a720-4c9d-b367-b8e62fb2ca31-GrpcLogAppender: appendEntries Timeout, request=a729cdbd-f787-49c0-8e2c-44f1fb27cdba->ccaa8f46-a720-4c9d-b367-b8e62fb2ca31#109-t2, previous=(t:2, i:19), leaderCommit=15, initializing? false, entries: <empty>
2019-09-19 12:01:46,508 [grpc-default-executor-3] WARN  server.GrpcLogAppender (LogUtils.java:warn(134)) - 14eab2a7-31b9-4bf4-80ab-c0ebf925c262@group-F197496E7779->b61b9bc0-c8d8-4ce8-a569-0c84e6e62f96-AppendLogResponseHandler: Failed appendEntries: org.apache.ratis.thirdparty.io.grpc.StatusRuntimeException: UNAVAILABLE: io exception
2019-09-19 12:01:46,509 [grpc-default-executor-3] INFO  impl.FollowerInfo (FollowerInfo.java:lambda$new$0(51)) - 14eab2a7-31b9-4bf4-80ab-c0ebf925c262@group-F197496E7779->b61b9bc0-c8d8-4ce8-a569-0c84e6e62f96: nextIndex: updateUnconditionally 0 -> 0
2019-09-19 12:01:46,550 [java.util.concurrent.ThreadPoolExecutor$Worker@6aaa628b[State = -1, empty queue]] WARN  server.GrpcLogAppender (GrpcLogAppender.java:timeoutAppendRequest(200)) - 0f3ef5c5-216f-4603-9049-7f6477ca6f67@group-E57B62D150CC->0eafe25b-eef3-4e6e-962a-cfdd69f48960-GrpcLogAppender: appendEntries Timeout, request=0f3ef5c5-216f-4603-9049-7f6477ca6f67->0eafe25b-eef3-4e6e-962a-cfdd69f48960#108-t2, previous=(t:2, i:18), leaderCommit=14, initializing? false, entries: <empty>
2019-09-19 12:01:46,550 [java.util.concurrent.ThreadPoolExecutor$Worker@41e0e92[State = -1, empty queue]] WARN  server.GrpcLogAppender (GrpcLogAppender.java:timeoutAppendRequest(200)) - 0f3ef5c5-216f-4603-9049-7f6477ca6f67@group-E57B62D150CC->ccd7891f-abf2-4840-bcfd-f7d46dfca276-GrpcLogAppender: appendEntries Timeout, request=0f3ef5c5-216f-4603-9049-7f6477ca6f67->ccd7891f-abf2-4840-bcfd-f7d46dfca276#108-t2, previous=(t:2, i:18), leaderCommit=14, initializing? false, entries: <empty>
2019-09-19 12:01:46,808 [java.util.concurrent.ThreadPoolExecutor$Worker@3e8d0eb4[State = -1, empty queue]] WARN  server.GrpcLogAppender (GrpcLogAppender.java:timeoutAppendRequest(200)) - a729cdbd-f787-49c0-8e2c-44f1fb27cdba@group-A9823C1EF766->7d946ca7-a873-4723-b723-9ddee89d0bc7-GrpcLogAppender: appendEntries Timeout, request=a729cdbd-f787-49c0-8e2c-44f1fb27cdba->7d946ca7-a873-4723-b723-9ddee89d0bc7#110-t2, previous=(t:2, i:19), leaderCommit=15, initializing? false, entries: <empty>
2019-09-19 12:01:46,808 [java.util.concurrent.ThreadPoolExecutor$Worker@3540f9e3[State = -1, empty queue]] WARN  server.GrpcLogAppender (GrpcLogAppender.java:timeoutAppendRequest(200)) - a729cdbd-f787-49c0-8e2c-44f1fb27cdba@group-A9823C1EF766->ccaa8f46-a720-4c9d-b367-b8e62fb2ca31-GrpcLogAppender: appendEntries Timeout, request=a729cdbd-f787-49c0-8e2c-44f1fb27cdba->ccaa8f46-a720-4c9d-b367-b8e62fb2ca31#110-t2, previous=(t:2, i:19), leaderCommit=15, initializing? false, entries: <empty>
2019-09-19 12:01:47,008 [grpc-default-executor-2] WARN  server.GrpcLogAppender (LogUtils.java:warn(134)) - 14eab2a7-31b9-4bf4-80ab-c0ebf925c262@group-F197496E7779->b61b9bc0-c8d8-4ce8-a569-0c84e6e62f96-AppendLogResponseHandler: Failed appendEntries: org.apache.ratis.thirdparty.io.grpc.StatusRuntimeException: UNAVAILABLE: io exception
2019-09-19 12:01:47,009 [grpc-default-executor-2] INFO  impl.FollowerInfo (FollowerInfo.java:lambda$new$0(51)) - 14eab2a7-31b9-4bf4-80ab-c0ebf925c262@group-F197496E7779->b61b9bc0-c8d8-4ce8-a569-0c84e6e62f96: nextIndex: updateUnconditionally 0 -> 0
2019-09-19 12:01:47,052 [java.util.concurrent.ThreadPoolExecutor$Worker@41e0e92[State = -1, empty queue]] WARN  server.GrpcLogAppender (GrpcLogAppender.java:timeoutAppendRequest(200)) - 0f3ef5c5-216f-4603-9049-7f6477ca6f67@group-E57B62D150CC->ccd7891f-abf2-4840-bcfd-f7d46dfca276-GrpcLogAppender: appendEntries Timeout, request=0f3ef5c5-216f-4603-9049-7f6477ca6f67->ccd7891f-abf2-4840-bcfd-f7d46dfca276#109-t2, previous=(t:2, i:18), leaderCommit=14, initializing? false, entries: <empty>
2019-09-19 12:01:47,052 [java.util.concurrent.ThreadPoolExecutor$Worker@6aaa628b[State = -1, empty queue]] WARN  server.GrpcLogAppender (GrpcLogAppender.java:timeoutAppendRequest(200)) - 0f3ef5c5-216f-4603-9049-7f6477ca6f67@group-E57B62D150CC->0eafe25b-eef3-4e6e-962a-cfdd69f48960-GrpcLogAppender: appendEntries Timeout, request=0f3ef5c5-216f-4603-9049-7f6477ca6f67->0eafe25b-eef3-4e6e-962a-cfdd69f48960#109-t2, previous=(t:2, i:18), leaderCommit=14, initializing? false, entries: <empty>
2019-09-19 12:01:47,308 [java.util.concurrent.ThreadPoolExecutor$Worker@3e8d0eb4[State = -1, empty queue]] WARN  server.GrpcLogAppender (GrpcLogAppender.java:timeoutAppendRequest(200)) - a729cdbd-f787-49c0-8e2c-44f1fb27cdba@group-A9823C1EF766->7d946ca7-a873-4723-b723-9ddee89d0bc7-GrpcLogAppender: appendEntries Timeout, request=a729cdbd-f787-49c0-8e2c-44f1fb27cdba->7d946ca7-a873-4723-b723-9ddee89d0bc7#111-t2, previous=(t:2, i:19), leaderCommit=15, initializing? false, entries: <empty>
2019-09-19 12:01:47,308 [java.util.concurrent.ThreadPoolExecutor$Worker@3540f9e3[State = -1, empty queue]] WARN  server.GrpcLogAppender (GrpcLogAppender.java:timeoutAppendRequest(200)) - a729cdbd-f787-49c0-8e2c-44f1fb27cdba@group-A9823C1EF766->ccaa8f46-a720-4c9d-b367-b8e62fb2ca31-GrpcLogAppender: appendEntries Timeout, request=a729cdbd-f787-49c0-8e2c-44f1fb27cdba->ccaa8f46-a720-4c9d-b367-b8e62fb2ca31#111-t2, previous=(t:2, i:19), leaderCommit=15, initializing? false, entries: <empty>
2019-09-19 12:01:47,509 [grpc-default-executor-5] WARN  server.GrpcLogAppender (LogUtils.java:warn(134)) - 14eab2a7-31b9-4bf4-80ab-c0ebf925c262@group-F197496E7779->b61b9bc0-c8d8-4ce8-a569-0c84e6e62f96-AppendLogResponseHandler: Failed appendEntries: org.apache.ratis.thirdparty.io.grpc.StatusRuntimeException: UNAVAILABLE: io exception
2019-09-19 12:01:47,510 [grpc-default-executor-5] INFO  impl.FollowerInfo (FollowerInfo.java:lambda$new$0(51)) - 14eab2a7-31b9-4bf4-80ab-c0ebf925c262@group-F197496E7779->b61b9bc0-c8d8-4ce8-a569-0c84e6e62f96: nextIndex: updateUnconditionally 0 -> 0
2019-09-19 12:01:47,551 [java.util.concurrent.ThreadPoolExecutor$Worker@6aaa628b[State = -1, empty queue]] WARN  server.GrpcLogAppender (GrpcLogAppender.java:timeoutAppendRequest(200)) - 0f3ef5c5-216f-4603-9049-7f6477ca6f67@group-E57B62D150CC->0eafe25b-eef3-4e6e-962a-cfdd69f48960-GrpcLogAppender: appendEntries Timeout, request=0f3ef5c5-216f-4603-9049-7f6477ca6f67->0eafe25b-eef3-4e6e-962a-cfdd69f48960#110-t2, previous=(t:2, i:18), leaderCommit=14, initializing? false, entries: <empty>
2019-09-19 12:01:47,551 [java.util.concurrent.ThreadPoolExecutor$Worker@41e0e92[State = -1, empty queue]] WARN  server.GrpcLogAppender (GrpcLogAppender.java:timeoutAppendRequest(200)) - 0f3ef5c5-216f-4603-9049-7f6477ca6f67@group-E57B62D150CC->ccd7891f-abf2-4840-bcfd-f7d46dfca276-GrpcLogAppender: appendEntries Timeout, request=0f3ef5c5-216f-4603-9049-7f6477ca6f67->ccd7891f-abf2-4840-bcfd-f7d46dfca276#110-t2, previous=(t:2, i:18), leaderCommit=14, initializing? false, entries: <empty>
2019-09-19 12:01:47,808 [java.util.concurrent.ThreadPoolExecutor$Worker@3e8d0eb4[State = -1, empty queue]] WARN  server.GrpcLogAppender (GrpcLogAppender.java:timeoutAppendRequest(200)) - a729cdbd-f787-49c0-8e2c-44f1fb27cdba@group-A9823C1EF766->7d946ca7-a873-4723-b723-9ddee89d0bc7-GrpcLogAppender: appendEntries Timeout, request=a729cdbd-f787-49c0-8e2c-44f1fb27cdba->7d946ca7-a873-4723-b723-9ddee89d0bc7#112-t2, previous=(t:2, i:19), leaderCommit=15, initializing? false, entries: <empty>
2019-09-19 12:01:47,809 [java.util.concurrent.ThreadPoolExecutor$Worker@3540f9e3[State = -1, empty queue]] WARN  server.GrpcLogAppender (GrpcLogAppender.java:timeoutAppendRequest(200)) - a729cdbd-f787-49c0-8e2c-44f1fb27cdba@group-A9823C1EF766->ccaa8f46-a720-4c9d-b367-b8e62fb2ca31-GrpcLogAppender: appendEntries Timeout, request=a729cdbd-f787-49c0-8e2c-44f1fb27cdba->ccaa8f46-a720-4c9d-b367-b8e62fb2ca31#112-t2, previous=(t:2, i:19), leaderCommit=15, initializing? false, entries: <empty>
2019-09-19 12:01:48,010 [grpc-default-executor-3] WARN  server.GrpcLogAppender (LogUtils.java:warn(134)) - 14eab2a7-31b9-4bf4-80ab-c0ebf925c262@group-F197496E7779->b61b9bc0-c8d8-4ce8-a569-0c84e6e62f96-AppendLogResponseHandler: Failed appendEntries: org.apache.ratis.thirdparty.io.grpc.StatusRuntimeException: UNAVAILABLE: io exception
2019-09-19 12:01:48,011 [grpc-default-executor-3] INFO  impl.FollowerInfo (FollowerInfo.java:lambda$new$0(51)) - 14eab2a7-31b9-4bf4-80ab-c0ebf925c262@group-F197496E7779->b61b9bc0-c8d8-4ce8-a569-0c84e6e62f96: nextIndex: updateUnconditionally 0 -> 0
2019-09-19 12:01:48,033 [main] WARN  scm.XceiverClientRatis (XceiverClientRatis.java:watchForCommit(262)) - 3 way commit failed on pipeline Pipeline[ Id: 6d8850fe-b2ec-45e2-8de3-f197496e7779, Nodes: b61b9bc0-c8d8-4ce8-a569-0c84e6e62f96{ip: 192.168.34.13, host: pr-hdds-2153-g484h-410672627, networkLocation: /default-rack, certSerialId: null}2fa9f0f6-b6af-48ee-80c5-dd8119aa09d6{ip: 192.168.34.13, host: pr-hdds-2153-g484h-410672627, networkLocation: /default-rack, certSerialId: null}14eab2a7-31b9-4bf4-80ab-c0ebf925c262{ip: 192.168.34.13, host: pr-hdds-2153-g484h-410672627, networkLocation: /default-rack, certSerialId: null}, Type:RATIS, Factor:THREE, State:OPEN]
java.util.concurrent.TimeoutException
	at java.util.concurrent.CompletableFuture.timedGet(CompletableFuture.java:1771)
	at java.util.concurrent.CompletableFuture.get(CompletableFuture.java:1915)
	at org.apache.hadoop.hdds.scm.XceiverClientRatis.watchForCommit(XceiverClientRatis.java:259)
	at org.apache.hadoop.hdds.scm.storage.CommitWatcher.watchForCommit(CommitWatcher.java:194)
	at org.apache.hadoop.hdds.scm.storage.CommitWatcher.watchOnFirstIndex(CommitWatcher.java:135)
	at org.apache.hadoop.hdds.scm.storage.BlockOutputStream.watchForCommit(BlockOutputStream.java:347)
	at org.apache.hadoop.hdds.scm.storage.BlockOutputStream.handleFullBuffer(BlockOutputStream.java:324)
	at org.apache.hadoop.hdds.scm.storage.BlockOutputStream.writeOnRetry(BlockOutputStream.java:302)
	at org.apache.hadoop.ozone.client.io.BlockOutputStreamEntry.writeOnRetry(BlockOutputStreamEntry.java:200)
	at org.apache.hadoop.ozone.client.io.KeyOutputStream.handleWrite(KeyOutputStream.java:209)
	at org.apache.hadoop.ozone.client.io.KeyOutputStream.handleRetry(KeyOutputStream.java:376)
	at org.apache.hadoop.ozone.client.io.KeyOutputStream.handleException(KeyOutputStream.java:325)
	at org.apache.hadoop.ozone.client.io.KeyOutputStream.handleWrite(KeyOutputStream.java:231)
	at org.apache.hadoop.ozone.client.io.KeyOutputStream.write(KeyOutputStream.java:193)
	at org.apache.hadoop.ozone.client.io.OzoneOutputStream.write(OzoneOutputStream.java:49)
	at java.io.OutputStream.write(OutputStream.java:75)
	at org.apache.hadoop.ozone.client.rpc.TestMultiBlockWritesWithDnFailures.testMultiBlockWritesWithIntermittentDnFailures(TestMultiBlockWritesWithDnFailures.java:192)
	at sun.reflect.NativeMethodAccessorImpl.invoke0(Native Method)
	at sun.reflect.NativeMethodAccessorImpl.invoke(NativeMethodAccessorImpl.java:62)
	at sun.reflect.DelegatingMethodAccessorImpl.invoke(DelegatingMethodAccessorImpl.java:43)
	at java.lang.reflect.Method.invoke(Method.java:498)
	at org.junit.runners.model.FrameworkMethod$1.runReflectiveCall(FrameworkMethod.java:47)
	at org.junit.internal.runners.model.ReflectiveCallable.run(ReflectiveCallable.java:12)
	at org.junit.runners.model.FrameworkMethod.invokeExplosively(FrameworkMethod.java:44)
	at org.junit.internal.runners.statements.InvokeMethod.evaluate(InvokeMethod.java:17)
	at org.junit.internal.runners.statements.RunAfters.evaluate(RunAfters.java:27)
	at org.junit.runners.ParentRunner.runLeaf(ParentRunner.java:271)
	at org.junit.runners.BlockJUnit4ClassRunner.runChild(BlockJUnit4ClassRunner.java:70)
	at org.junit.runners.BlockJUnit4ClassRunner.runChild(BlockJUnit4ClassRunner.java:50)
	at org.junit.runners.ParentRunner$3.run(ParentRunner.java:238)
	at org.junit.runners.ParentRunner$1.schedule(ParentRunner.java:63)
	at org.junit.runners.ParentRunner.runChildren(ParentRunner.java:236)
	at org.junit.runners.ParentRunner.access$000(ParentRunner.java:53)
	at org.junit.runners.ParentRunner$2.evaluate(ParentRunner.java:229)
	at org.junit.runners.ParentRunner.run(ParentRunner.java:309)
	at org.apache.maven.surefire.junit4.JUnit4Provider.execute(JUnit4Provider.java:365)
	at org.apache.maven.surefire.junit4.JUnit4Provider.executeWithRerun(JUnit4Provider.java:273)
	at org.apache.maven.surefire.junit4.JUnit4Provider.executeTestSet(JUnit4Provider.java:238)
	at org.apache.maven.surefire.junit4.JUnit4Provider.invoke(JUnit4Provider.java:159)
	at org.apache.maven.surefire.booter.ForkedBooter.invokeProviderInSameClassLoader(ForkedBooter.java:384)
	at org.apache.maven.surefire.booter.ForkedBooter.runSuitesInProcess(ForkedBooter.java:345)
	at org.apache.maven.surefire.booter.ForkedBooter.execute(ForkedBooter.java:126)
	at org.apache.maven.surefire.booter.ForkedBooter.main(ForkedBooter.java:418)
2019-09-19 12:01:48,036 [grpc-default-executor-3] INFO  client.GrpcClientProtocolClient (GrpcClientProtocolClient.java:onNext(264)) - client-C0EB156BC6EE->14eab2a7-31b9-4bf4-80ab-c0ebf925c262: receive RaftClientReply:client-C0EB156BC6EE->14eab2a7-31b9-4bf4-80ab-c0ebf925c262@group-F197496E7779, cid=60, SUCCESS, logIndex=0, commits[14eab2a7-31b9-4bf4-80ab-c0ebf925c262:c26, 2fa9f0f6-b6af-48ee-80c5-dd8119aa09d6:c26, b61b9bc0-c8d8-4ce8-a569-0c84e6e62f96:c16]
2019-09-19 12:01:48,038 [main] INFO  scm.XceiverClientRatis (XceiverClientRatis.java:lambda$watchForCommit$7(280)) - Could not commit index 21 on pipeline Pipeline[ Id: 6d8850fe-b2ec-45e2-8de3-f197496e7779, Nodes: b61b9bc0-c8d8-4ce8-a569-0c84e6e62f96{ip: 192.168.34.13, host: pr-hdds-2153-g484h-410672627, networkLocation: /default-rack, certSerialId: null}2fa9f0f6-b6af-48ee-80c5-dd8119aa09d6{ip: 192.168.34.13, host: pr-hdds-2153-g484h-410672627, networkLocation: /default-rack, certSerialId: null}14eab2a7-31b9-4bf4-80ab-c0ebf925c262{ip: 192.168.34.13, host: pr-hdds-2153-g484h-410672627, networkLocation: /default-rack, certSerialId: null}, Type:RATIS, Factor:THREE, State:OPEN] to all the nodes. Server b61b9bc0-c8d8-4ce8-a569-0c84e6e62f96 has failed. Committed by majority.
2019-09-19 12:01:48,043 [main] WARN  storage.BlockOutputStream (BlockOutputStream.java:watchForCommit(353)) - Failed to commit BlockId conID: 7 locID: 102819070067933191 bcsId: 23 on Pipeline[ Id: 6d8850fe-b2ec-45e2-8de3-f197496e7779, Nodes: b61b9bc0-c8d8-4ce8-a569-0c84e6e62f96{ip: 192.168.34.13, host: pr-hdds-2153-g484h-410672627, networkLocation: /default-rack, certSerialId: null}2fa9f0f6-b6af-48ee-80c5-dd8119aa09d6{ip: 192.168.34.13, host: pr-hdds-2153-g484h-410672627, networkLocation: /default-rack, certSerialId: null}14eab2a7-31b9-4bf4-80ab-c0ebf925c262{ip: 192.168.34.13, host: pr-hdds-2153-g484h-410672627, networkLocation: /default-rack, certSerialId: null}, Type:RATIS, Factor:THREE, State:OPEN]. Failed nodes: [b61b9bc0-c8d8-4ce8-a569-0c84e6e62f96{ip: null, host: null, networkLocation: /default-rack, certSerialId: null}]
2019-09-19 12:01:48,052 [java.util.concurrent.ThreadPoolExecutor$Worker@41e0e92[State = -1, empty queue]] WARN  server.GrpcLogAppender (GrpcLogAppender.java:timeoutAppendRequest(200)) - 0f3ef5c5-216f-4603-9049-7f6477ca6f67@group-E57B62D150CC->ccd7891f-abf2-4840-bcfd-f7d46dfca276-GrpcLogAppender: appendEntries Timeout, request=0f3ef5c5-216f-4603-9049-7f6477ca6f67->ccd7891f-abf2-4840-bcfd-f7d46dfca276#111-t2, previous=(t:2, i:18), leaderCommit=14, initializing? false, entries: <empty>
2019-09-19 12:01:48,052 [java.util.concurrent.ThreadPoolExecutor$Worker@6aaa628b[State = -1, empty queue]] WARN  server.GrpcLogAppender (GrpcLogAppender.java:timeoutAppendRequest(200)) - 0f3ef5c5-216f-4603-9049-7f6477ca6f67@group-E57B62D150CC->0eafe25b-eef3-4e6e-962a-cfdd69f48960-GrpcLogAppender: appendEntries Timeout, request=0f3ef5c5-216f-4603-9049-7f6477ca6f67->0eafe25b-eef3-4e6e-962a-cfdd69f48960#111-t2, previous=(t:2, i:18), leaderCommit=14, initializing? false, entries: <empty>
2019-09-19 12:01:48,065 [grpc-default-executor-5] WARN  server.GrpcLogAppender (LogUtils.java:warn(134)) - 14eab2a7-31b9-4bf4-80ab-c0ebf925c262@group-F197496E7779->b61b9bc0-c8d8-4ce8-a569-0c84e6e62f96-AppendLogResponseHandler: Failed appendEntries: org.apache.ratis.thirdparty.io.grpc.StatusRuntimeException: UNAVAILABLE: io exception
2019-09-19 12:01:48,066 [grpc-default-executor-5] INFO  impl.FollowerInfo (FollowerInfo.java:lambda$new$0(51)) - 14eab2a7-31b9-4bf4-80ab-c0ebf925c262@group-F197496E7779->b61b9bc0-c8d8-4ce8-a569-0c84e6e62f96: nextIndex: updateUnconditionally 1 -> 0
2019-09-19 12:01:48,093 [grpc-default-executor-3] WARN  server.GrpcLogAppender (LogUtils.java:warn(134)) - 14eab2a7-31b9-4bf4-80ab-c0ebf925c262@group-F197496E7779->b61b9bc0-c8d8-4ce8-a569-0c84e6e62f96-AppendLogResponseHandler: Failed appendEntries: org.apache.ratis.thirdparty.io.grpc.StatusRuntimeException: UNAVAILABLE: io exception
2019-09-19 12:01:48,093 [grpc-default-executor-2] INFO  client.GrpcClientProtocolClient (GrpcClientProtocolClient.java:onNext(264)) - client-C0EB156BC6EE->14eab2a7-31b9-4bf4-80ab-c0ebf925c262: receive RaftClientReply:client-C0EB156BC6EE->14eab2a7-31b9-4bf4-80ab-c0ebf925c262@group-F197496E7779, cid=61, SUCCESS, logIndex=27, commits[14eab2a7-31b9-4bf4-80ab-c0ebf925c262:c28, 2fa9f0f6-b6af-48ee-80c5-dd8119aa09d6:c26, b61b9bc0-c8d8-4ce8-a569-0c84e6e62f96:c16]
2019-09-19 12:01:48,093 [grpc-default-executor-3] INFO  impl.FollowerInfo (FollowerInfo.java:lambda$new$0(51)) - 14eab2a7-31b9-4bf4-80ab-c0ebf925c262@group-F197496E7779->b61b9bc0-c8d8-4ce8-a569-0c84e6e62f96: nextIndex: updateUnconditionally 1 -> 0
2019-09-19 12:01:48,094 [grpc-default-executor-2] INFO  client.GrpcClientProtocolClient (GrpcClientProtocolClient.java:onNext(264)) - client-C0EB156BC6EE->14eab2a7-31b9-4bf4-80ab-c0ebf925c262: receive RaftClientReply:client-C0EB156BC6EE->14eab2a7-31b9-4bf4-80ab-c0ebf925c262@group-F197496E7779, cid=62, SUCCESS, logIndex=28, commits[14eab2a7-31b9-4bf4-80ab-c0ebf925c262:c28, 2fa9f0f6-b6af-48ee-80c5-dd8119aa09d6:c26, b61b9bc0-c8d8-4ce8-a569-0c84e6e62f96:c16]
2019-09-19 12:01:48,105 [grpc-default-executor-5] WARN  server.GrpcLogAppender (LogUtils.java:warn(134)) - 14eab2a7-31b9-4bf4-80ab-c0ebf925c262@group-F197496E7779->b61b9bc0-c8d8-4ce8-a569-0c84e6e62f96-AppendLogResponseHandler: Failed appendEntries: org.apache.ratis.thirdparty.io.grpc.StatusRuntimeException: UNAVAILABLE: io exception
2019-09-19 12:01:48,106 [grpc-default-executor-5] INFO  impl.FollowerInfo (FollowerInfo.java:lambda$new$0(51)) - 14eab2a7-31b9-4bf4-80ab-c0ebf925c262@group-F197496E7779->b61b9bc0-c8d8-4ce8-a569-0c84e6e62f96: nextIndex: updateUnconditionally 1 -> 0
2019-09-19 12:01:48,309 [java.util.concurrent.ThreadPoolExecutor$Worker@3540f9e3[State = -1, empty queue]] WARN  server.GrpcLogAppender (GrpcLogAppender.java:timeoutAppendRequest(200)) - a729cdbd-f787-49c0-8e2c-44f1fb27cdba@group-A9823C1EF766->ccaa8f46-a720-4c9d-b367-b8e62fb2ca31-GrpcLogAppender: appendEntries Timeout, request=a729cdbd-f787-49c0-8e2c-44f1fb27cdba->ccaa8f46-a720-4c9d-b367-b8e62fb2ca31#113-t2, previous=(t:2, i:19), leaderCommit=15, initializing? false, entries: <empty>
2019-09-19 12:01:48,309 [java.util.concurrent.ThreadPoolExecutor$Worker@3e8d0eb4[State = -1, empty queue]] WARN  server.GrpcLogAppender (GrpcLogAppender.java:timeoutAppendRequest(200)) - a729cdbd-f787-49c0-8e2c-44f1fb27cdba@group-A9823C1EF766->7d946ca7-a873-4723-b723-9ddee89d0bc7-GrpcLogAppender: appendEntries Timeout, request=a729cdbd-f787-49c0-8e2c-44f1fb27cdba->7d946ca7-a873-4723-b723-9ddee89d0bc7#113-t2, previous=(t:2, i:19), leaderCommit=15, initializing? false, entries: <empty>
2019-09-19 12:01:48,552 [java.util.concurrent.ThreadPoolExecutor$Worker@6aaa628b[State = -1, empty queue]] WARN  server.GrpcLogAppender (GrpcLogAppender.java:timeoutAppendRequest(200)) - 0f3ef5c5-216f-4603-9049-7f6477ca6f67@group-E57B62D150CC->0eafe25b-eef3-4e6e-962a-cfdd69f48960-GrpcLogAppender: appendEntries Timeout, request=0f3ef5c5-216f-4603-9049-7f6477ca6f67->0eafe25b-eef3-4e6e-962a-cfdd69f48960#112-t2, previous=(t:2, i:18), leaderCommit=14, initializing? false, entries: <empty>
2019-09-19 12:01:48,552 [java.util.concurrent.ThreadPoolExecutor$Worker@41e0e92[State = -1, empty queue]] WARN  server.GrpcLogAppender (GrpcLogAppender.java:timeoutAppendRequest(200)) - 0f3ef5c5-216f-4603-9049-7f6477ca6f67@group-E57B62D150CC->ccd7891f-abf2-4840-bcfd-f7d46dfca276-GrpcLogAppender: appendEntries Timeout, request=0f3ef5c5-216f-4603-9049-7f6477ca6f67->ccd7891f-abf2-4840-bcfd-f7d46dfca276#112-t2, previous=(t:2, i:18), leaderCommit=14, initializing? false, entries: <empty>
2019-09-19 12:01:48,607 [grpc-default-executor-3] WARN  server.GrpcLogAppender (LogUtils.java:warn(134)) - 14eab2a7-31b9-4bf4-80ab-c0ebf925c262@group-F197496E7779->b61b9bc0-c8d8-4ce8-a569-0c84e6e62f96-AppendLogResponseHandler: Failed appendEntries: org.apache.ratis.thirdparty.io.grpc.StatusRuntimeException: UNAVAILABLE: io exception
2019-09-19 12:01:48,607 [grpc-default-executor-3] INFO  impl.FollowerInfo (FollowerInfo.java:lambda$new$0(51)) - 14eab2a7-31b9-4bf4-80ab-c0ebf925c262@group-F197496E7779->b61b9bc0-c8d8-4ce8-a569-0c84e6e62f96: nextIndex: updateUnconditionally 0 -> 0
2019-09-19 12:01:48,809 [java.util.concurrent.ThreadPoolExecutor$Worker@3e8d0eb4[State = -1, empty queue]] WARN  server.GrpcLogAppender (GrpcLogAppender.java:timeoutAppendRequest(200)) - a729cdbd-f787-49c0-8e2c-44f1fb27cdba@group-A9823C1EF766->7d946ca7-a873-4723-b723-9ddee89d0bc7-GrpcLogAppender: appendEntries Timeout, request=a729cdbd-f787-49c0-8e2c-44f1fb27cdba->7d946ca7-a873-4723-b723-9ddee89d0bc7#114-t2, previous=(t:2, i:19), leaderCommit=15, initializing? false, entries: <empty>
2019-09-19 12:01:48,809 [java.util.concurrent.ThreadPoolExecutor$Worker@3540f9e3[State = -1, empty queue]] WARN  server.GrpcLogAppender (GrpcLogAppender.java:timeoutAppendRequest(200)) - a729cdbd-f787-49c0-8e2c-44f1fb27cdba@group-A9823C1EF766->ccaa8f46-a720-4c9d-b367-b8e62fb2ca31-GrpcLogAppender: appendEntries Timeout, request=a729cdbd-f787-49c0-8e2c-44f1fb27cdba->ccaa8f46-a720-4c9d-b367-b8e62fb2ca31#114-t2, previous=(t:2, i:19), leaderCommit=15, initializing? false, entries: <empty>
2019-09-19 12:01:48,940 [Datanode State Machine Thread - 0] INFO  statemachine.DatanodeStateMachine (DatanodeStateMachine.java:lambda$startDaemon$0(350)) - Ozone container server started.
2019-09-19 12:01:49,052 [java.util.concurrent.ThreadPoolExecutor$Worker@6aaa628b[State = -1, empty queue]] WARN  server.GrpcLogAppender (GrpcLogAppender.java:timeoutAppendRequest(200)) - 0f3ef5c5-216f-4603-9049-7f6477ca6f67@group-E57B62D150CC->0eafe25b-eef3-4e6e-962a-cfdd69f48960-GrpcLogAppender: appendEntries Timeout, request=0f3ef5c5-216f-4603-9049-7f6477ca6f67->0eafe25b-eef3-4e6e-962a-cfdd69f48960#113-t2, previous=(t:2, i:18), leaderCommit=14, initializing? false, entries: <empty>
2019-09-19 12:01:49,052 [java.util.concurrent.ThreadPoolExecutor$Worker@41e0e92[State = -1, empty queue]] WARN  server.GrpcLogAppender (GrpcLogAppender.java:timeoutAppendRequest(200)) - 0f3ef5c5-216f-4603-9049-7f6477ca6f67@group-E57B62D150CC->ccd7891f-abf2-4840-bcfd-f7d46dfca276-GrpcLogAppender: appendEntries Timeout, request=0f3ef5c5-216f-4603-9049-7f6477ca6f67->ccd7891f-abf2-4840-bcfd-f7d46dfca276#113-t2, previous=(t:2, i:18), leaderCommit=14, initializing? false, entries: <empty>
2019-09-19 12:01:49,108 [grpc-default-executor-2] WARN  server.GrpcLogAppender (LogUtils.java:warn(134)) - 14eab2a7-31b9-4bf4-80ab-c0ebf925c262@group-F197496E7779->b61b9bc0-c8d8-4ce8-a569-0c84e6e62f96-AppendLogResponseHandler: Failed appendEntries: org.apache.ratis.thirdparty.io.grpc.StatusRuntimeException: UNAVAILABLE: io exception
2019-09-19 12:01:49,108 [grpc-default-executor-2] INFO  impl.FollowerInfo (FollowerInfo.java:lambda$new$0(51)) - 14eab2a7-31b9-4bf4-80ab-c0ebf925c262@group-F197496E7779->b61b9bc0-c8d8-4ce8-a569-0c84e6e62f96: nextIndex: updateUnconditionally 0 -> 0
2019-09-19 12:01:49,310 [java.util.concurrent.ThreadPoolExecutor$Worker@3e8d0eb4[State = -1, empty queue]] WARN  server.GrpcLogAppender (GrpcLogAppender.java:timeoutAppendRequest(200)) - a729cdbd-f787-49c0-8e2c-44f1fb27cdba@group-A9823C1EF766->7d946ca7-a873-4723-b723-9ddee89d0bc7-GrpcLogAppender: appendEntries Timeout, request=a729cdbd-f787-49c0-8e2c-44f1fb27cdba->7d946ca7-a873-4723-b723-9ddee89d0bc7#115-t2, previous=(t:2, i:19), leaderCommit=15, initializing? false, entries: <empty>
2019-09-19 12:01:49,310 [java.util.concurrent.ThreadPoolExecutor$Worker@3540f9e3[State = -1, empty queue]] WARN  server.GrpcLogAppender (GrpcLogAppender.java:timeoutAppendRequest(200)) - a729cdbd-f787-49c0-8e2c-44f1fb27cdba@group-A9823C1EF766->ccaa8f46-a720-4c9d-b367-b8e62fb2ca31-GrpcLogAppender: appendEntries Timeout, request=a729cdbd-f787-49c0-8e2c-44f1fb27cdba->ccaa8f46-a720-4c9d-b367-b8e62fb2ca31#115-t2, previous=(t:2, i:19), leaderCommit=15, initializing? false, entries: <empty>
2019-09-19 12:01:49,553 [java.util.concurrent.ThreadPoolExecutor$Worker@6aaa628b[State = -1, empty queue]] WARN  server.GrpcLogAppender (GrpcLogAppender.java:timeoutAppendRequest(200)) - 0f3ef5c5-216f-4603-9049-7f6477ca6f67@group-E57B62D150CC->0eafe25b-eef3-4e6e-962a-cfdd69f48960-GrpcLogAppender: appendEntries Timeout, request=0f3ef5c5-216f-4603-9049-7f6477ca6f67->0eafe25b-eef3-4e6e-962a-cfdd69f48960#114-t2, previous=(t:2, i:18), leaderCommit=14, initializing? false, entries: <empty>
2019-09-19 12:01:49,553 [java.util.concurrent.ThreadPoolExecutor$Worker@41e0e92[State = -1, empty queue]] WARN  server.GrpcLogAppender (GrpcLogAppender.java:timeoutAppendRequest(200)) - 0f3ef5c5-216f-4603-9049-7f6477ca6f67@group-E57B62D150CC->ccd7891f-abf2-4840-bcfd-f7d46dfca276-GrpcLogAppender: appendEntries Timeout, request=0f3ef5c5-216f-4603-9049-7f6477ca6f67->ccd7891f-abf2-4840-bcfd-f7d46dfca276#114-t2, previous=(t:2, i:18), leaderCommit=14, initializing? false, entries: <empty>
2019-09-19 12:01:49,608 [grpc-default-executor-5] WARN  server.GrpcLogAppender (LogUtils.java:warn(134)) - 14eab2a7-31b9-4bf4-80ab-c0ebf925c262@group-F197496E7779->b61b9bc0-c8d8-4ce8-a569-0c84e6e62f96-AppendLogResponseHandler: Failed appendEntries: org.apache.ratis.thirdparty.io.grpc.StatusRuntimeException: UNAVAILABLE: io exception
2019-09-19 12:01:49,609 [grpc-default-executor-5] INFO  impl.FollowerInfo (FollowerInfo.java:lambda$new$0(51)) - 14eab2a7-31b9-4bf4-80ab-c0ebf925c262@group-F197496E7779->b61b9bc0-c8d8-4ce8-a569-0c84e6e62f96: nextIndex: updateUnconditionally 0 -> 0
2019-09-19 12:01:49,673 [a729cdbd-f787-49c0-8e2c-44f1fb27cdba@group-A9823C1EF766-SegmentedRaftLogWorker] WARN  segmented.SegmentedRaftLogWorker (SegmentedRaftLogWorker.java:getFromFuture(90)) - Timeout 4/~
org.apache.ratis.protocol.TimeoutIOException: Timeout 10s: WriteLog:18: (t:2, i:18), STATEMACHINELOGENTRY, client-E7F445D3456E, cid=39-writeStateMachineData
	at org.apache.ratis.util.IOUtils.getFromFuture(IOUtils.java:87)
	at org.apache.ratis.server.raftlog.segmented.SegmentedRaftLogWorker$StateMachineDataPolicy.getFromFuture(SegmentedRaftLogWorker.java:87)
	at org.apache.ratis.server.raftlog.segmented.SegmentedRaftLogWorker$WriteLog.execute(SegmentedRaftLogWorker.java:477)
	at org.apache.ratis.server.raftlog.segmented.SegmentedRaftLogWorker.run(SegmentedRaftLogWorker.java:289)
	at java.lang.Thread.run(Thread.java:748)
Caused by: java.util.concurrent.TimeoutException
	at java.util.concurrent.CompletableFuture.timedGet(CompletableFuture.java:1771)
	at java.util.concurrent.CompletableFuture.get(CompletableFuture.java:1915)
	at org.apache.ratis.util.IOUtils.getFromFuture(IOUtils.java:79)
	... 4 more
2019-09-19 12:01:49,699 [7d946ca7-a873-4723-b723-9ddee89d0bc7@group-A9823C1EF766-SegmentedRaftLogWorker] WARN  segmented.SegmentedRaftLogWorker (SegmentedRaftLogWorker.java:getFromFuture(90)) - Timeout 4/~
org.apache.ratis.protocol.TimeoutIOException: Timeout 10s: WriteLog:18: (t:2, i:18), STATEMACHINELOGENTRY, client-E7F445D3456E, cid=39-writeStateMachineData
	at org.apache.ratis.util.IOUtils.getFromFuture(IOUtils.java:87)
	at org.apache.ratis.server.raftlog.segmented.SegmentedRaftLogWorker$StateMachineDataPolicy.getFromFuture(SegmentedRaftLogWorker.java:87)
	at org.apache.ratis.server.raftlog.segmented.SegmentedRaftLogWorker$WriteLog.execute(SegmentedRaftLogWorker.java:477)
	at org.apache.ratis.server.raftlog.segmented.SegmentedRaftLogWorker.run(SegmentedRaftLogWorker.java:289)
	at java.lang.Thread.run(Thread.java:748)
Caused by: java.util.concurrent.TimeoutException
	at java.util.concurrent.CompletableFuture.timedGet(CompletableFuture.java:1771)
	at java.util.concurrent.CompletableFuture.get(CompletableFuture.java:1915)
	at org.apache.ratis.util.IOUtils.getFromFuture(IOUtils.java:79)
	... 4 more
2019-09-19 12:01:49,691 [ccaa8f46-a720-4c9d-b367-b8e62fb2ca31@group-A9823C1EF766-SegmentedRaftLogWorker] WARN  segmented.SegmentedRaftLogWorker (SegmentedRaftLogWorker.java:getFromFuture(90)) - Timeout 4/~
org.apache.ratis.protocol.TimeoutIOException: Timeout 10s: WriteLog:18: (t:2, i:18), STATEMACHINELOGENTRY, client-E7F445D3456E, cid=39-writeStateMachineData
	at org.apache.ratis.util.IOUtils.getFromFuture(IOUtils.java:87)
	at org.apache.ratis.server.raftlog.segmented.SegmentedRaftLogWorker$StateMachineDataPolicy.getFromFuture(SegmentedRaftLogWorker.java:87)
	at org.apache.ratis.server.raftlog.segmented.SegmentedRaftLogWorker$WriteLog.execute(SegmentedRaftLogWorker.java:477)
	at org.apache.ratis.server.raftlog.segmented.SegmentedRaftLogWorker.run(SegmentedRaftLogWorker.java:289)
	at java.lang.Thread.run(Thread.java:748)
Caused by: java.util.concurrent.TimeoutException
	at java.util.concurrent.CompletableFuture.timedGet(CompletableFuture.java:1771)
	at java.util.concurrent.CompletableFuture.get(CompletableFuture.java:1915)
	at org.apache.ratis.util.IOUtils.getFromFuture(IOUtils.java:79)
	... 4 more
2019-09-19 12:01:49,810 [java.util.concurrent.ThreadPoolExecutor$Worker@3e8d0eb4[State = -1, empty queue]] WARN  server.GrpcLogAppender (GrpcLogAppender.java:timeoutAppendRequest(200)) - a729cdbd-f787-49c0-8e2c-44f1fb27cdba@group-A9823C1EF766->7d946ca7-a873-4723-b723-9ddee89d0bc7-GrpcLogAppender: appendEntries Timeout, request=a729cdbd-f787-49c0-8e2c-44f1fb27cdba->7d946ca7-a873-4723-b723-9ddee89d0bc7#116-t2, previous=(t:2, i:19), leaderCommit=15, initializing? false, entries: <empty>
2019-09-19 12:01:49,810 [java.util.concurrent.ThreadPoolExecutor$Worker@3540f9e3[State = -1, empty queue]] WARN  server.GrpcLogAppender (GrpcLogAppender.java:timeoutAppendRequest(200)) - a729cdbd-f787-49c0-8e2c-44f1fb27cdba@group-A9823C1EF766->ccaa8f46-a720-4c9d-b367-b8e62fb2ca31-GrpcLogAppender: appendEntries Timeout, request=a729cdbd-f787-49c0-8e2c-44f1fb27cdba->ccaa8f46-a720-4c9d-b367-b8e62fb2ca31#116-t2, previous=(t:2, i:19), leaderCommit=15, initializing? false, entries: <empty>
2019-09-19 12:01:50,058 [java.util.concurrent.ThreadPoolExecutor$Worker@6aaa628b[State = -1, empty queue]] WARN  server.GrpcLogAppender (GrpcLogAppender.java:timeoutAppendRequest(200)) - 0f3ef5c5-216f-4603-9049-7f6477ca6f67@group-E57B62D150CC->0eafe25b-eef3-4e6e-962a-cfdd69f48960-GrpcLogAppender: appendEntries Timeout, request=0f3ef5c5-216f-4603-9049-7f6477ca6f67->0eafe25b-eef3-4e6e-962a-cfdd69f48960#115-t2, previous=(t:2, i:18), leaderCommit=14, initializing? false, entries: <empty>
2019-09-19 12:01:50,061 [java.util.concurrent.ThreadPoolExecutor$Worker@41e0e92[State = -1, empty queue]] WARN  server.GrpcLogAppender (GrpcLogAppender.java:timeoutAppendRequest(200)) - 0f3ef5c5-216f-4603-9049-7f6477ca6f67@group-E57B62D150CC->ccd7891f-abf2-4840-bcfd-f7d46dfca276-GrpcLogAppender: appendEntries Timeout, request=0f3ef5c5-216f-4603-9049-7f6477ca6f67->ccd7891f-abf2-4840-bcfd-f7d46dfca276#115-t2, previous=(t:2, i:18), leaderCommit=14, initializing? false, entries: <empty>
2019-09-19 12:01:50,109 [grpc-default-executor-3] WARN  server.GrpcLogAppender (LogUtils.java:warn(134)) - 14eab2a7-31b9-4bf4-80ab-c0ebf925c262@group-F197496E7779->b61b9bc0-c8d8-4ce8-a569-0c84e6e62f96-AppendLogResponseHandler: Failed appendEntries: org.apache.ratis.thirdparty.io.grpc.StatusRuntimeException: UNAVAILABLE: io exception
2019-09-19 12:01:50,109 [grpc-default-executor-3] INFO  impl.FollowerInfo (FollowerInfo.java:lambda$new$0(51)) - 14eab2a7-31b9-4bf4-80ab-c0ebf925c262@group-F197496E7779->b61b9bc0-c8d8-4ce8-a569-0c84e6e62f96: nextIndex: updateUnconditionally 0 -> 0
2019-09-19 12:01:50,310 [java.util.concurrent.ThreadPoolExecutor$Worker@3e8d0eb4[State = -1, empty queue]] WARN  server.GrpcLogAppender (GrpcLogAppender.java:timeoutAppendRequest(200)) - a729cdbd-f787-49c0-8e2c-44f1fb27cdba@group-A9823C1EF766->7d946ca7-a873-4723-b723-9ddee89d0bc7-GrpcLogAppender: appendEntries Timeout, request=a729cdbd-f787-49c0-8e2c-44f1fb27cdba->7d946ca7-a873-4723-b723-9ddee89d0bc7#117-t2, previous=(t:2, i:19), leaderCommit=15, initializing? false, entries: <empty>
2019-09-19 12:01:50,310 [java.util.concurrent.ThreadPoolExecutor$Worker@3540f9e3[State = -1, empty queue]] WARN  server.GrpcLogAppender (GrpcLogAppender.java:timeoutAppendRequest(200)) - a729cdbd-f787-49c0-8e2c-44f1fb27cdba@group-A9823C1EF766->ccaa8f46-a720-4c9d-b367-b8e62fb2ca31-GrpcLogAppender: appendEntries Timeout, request=a729cdbd-f787-49c0-8e2c-44f1fb27cdba->ccaa8f46-a720-4c9d-b367-b8e62fb2ca31#117-t2, previous=(t:2, i:19), leaderCommit=15, initializing? false, entries: <empty>
2019-09-19 12:01:50,559 [java.util.concurrent.ThreadPoolExecutor$Worker@6aaa628b[State = -1, empty queue]] WARN  server.GrpcLogAppender (GrpcLogAppender.java:timeoutAppendRequest(200)) - 0f3ef5c5-216f-4603-9049-7f6477ca6f67@group-E57B62D150CC->0eafe25b-eef3-4e6e-962a-cfdd69f48960-GrpcLogAppender: appendEntries Timeout, request=0f3ef5c5-216f-4603-9049-7f6477ca6f67->0eafe25b-eef3-4e6e-962a-cfdd69f48960#116-t2, previous=(t:2, i:18), leaderCommit=14, initializing? false, entries: <empty>
2019-09-19 12:01:50,561 [java.util.concurrent.ThreadPoolExecutor$Worker@41e0e92[State = -1, empty queue]] WARN  server.GrpcLogAppender (GrpcLogAppender.java:timeoutAppendRequest(200)) - 0f3ef5c5-216f-4603-9049-7f6477ca6f67@group-E57B62D150CC->ccd7891f-abf2-4840-bcfd-f7d46dfca276-GrpcLogAppender: appendEntries Timeout, request=0f3ef5c5-216f-4603-9049-7f6477ca6f67->ccd7891f-abf2-4840-bcfd-f7d46dfca276#116-t2, previous=(t:2, i:18), leaderCommit=14, initializing? false, entries: <empty>
2019-09-19 12:01:50,610 [grpc-default-executor-5] WARN  server.GrpcLogAppender (LogUtils.java:warn(134)) - 14eab2a7-31b9-4bf4-80ab-c0ebf925c262@group-F197496E7779->b61b9bc0-c8d8-4ce8-a569-0c84e6e62f96-AppendLogResponseHandler: Failed appendEntries: org.apache.ratis.thirdparty.io.grpc.StatusRuntimeException: UNAVAILABLE: io exception
2019-09-19 12:01:50,610 [grpc-default-executor-5] INFO  impl.FollowerInfo (FollowerInfo.java:lambda$new$0(51)) - 14eab2a7-31b9-4bf4-80ab-c0ebf925c262@group-F197496E7779->b61b9bc0-c8d8-4ce8-a569-0c84e6e62f96: nextIndex: updateUnconditionally 0 -> 0
2019-09-19 12:01:50,810 [java.util.concurrent.ThreadPoolExecutor$Worker@3e8d0eb4[State = -1, empty queue]] WARN  server.GrpcLogAppender (GrpcLogAppender.java:timeoutAppendRequest(200)) - a729cdbd-f787-49c0-8e2c-44f1fb27cdba@group-A9823C1EF766->7d946ca7-a873-4723-b723-9ddee89d0bc7-GrpcLogAppender: appendEntries Timeout, request=a729cdbd-f787-49c0-8e2c-44f1fb27cdba->7d946ca7-a873-4723-b723-9ddee89d0bc7#118-t2, previous=(t:2, i:19), leaderCommit=15, initializing? false, entries: <empty>
2019-09-19 12:01:50,811 [java.util.concurrent.ThreadPoolExecutor$Worker@3540f9e3[State = -1, empty queue]] WARN  server.GrpcLogAppender (GrpcLogAppender.java:timeoutAppendRequest(200)) - a729cdbd-f787-49c0-8e2c-44f1fb27cdba@group-A9823C1EF766->ccaa8f46-a720-4c9d-b367-b8e62fb2ca31-GrpcLogAppender: appendEntries Timeout, request=a729cdbd-f787-49c0-8e2c-44f1fb27cdba->ccaa8f46-a720-4c9d-b367-b8e62fb2ca31#118-t2, previous=(t:2, i:19), leaderCommit=15, initializing? false, entries: <empty>
2019-09-19 12:01:51,059 [java.util.concurrent.ThreadPoolExecutor$Worker@6aaa628b[State = -1, empty queue]] WARN  server.GrpcLogAppender (GrpcLogAppender.java:timeoutAppendRequest(200)) - 0f3ef5c5-216f-4603-9049-7f6477ca6f67@group-E57B62D150CC->0eafe25b-eef3-4e6e-962a-cfdd69f48960-GrpcLogAppender: appendEntries Timeout, request=0f3ef5c5-216f-4603-9049-7f6477ca6f67->0eafe25b-eef3-4e6e-962a-cfdd69f48960#117-t2, previous=(t:2, i:18), leaderCommit=14, initializing? false, entries: <empty>
2019-09-19 12:01:51,061 [java.util.concurrent.ThreadPoolExecutor$Worker@41e0e92[State = -1, empty queue]] WARN  server.GrpcLogAppender (GrpcLogAppender.java:timeoutAppendRequest(200)) - 0f3ef5c5-216f-4603-9049-7f6477ca6f67@group-E57B62D150CC->ccd7891f-abf2-4840-bcfd-f7d46dfca276-GrpcLogAppender: appendEntries Timeout, request=0f3ef5c5-216f-4603-9049-7f6477ca6f67->ccd7891f-abf2-4840-bcfd-f7d46dfca276#117-t2, previous=(t:2, i:18), leaderCommit=14, initializing? false, entries: <empty>
2019-09-19 12:01:51,112 [grpc-default-executor-2] WARN  server.GrpcLogAppender (LogUtils.java:warn(134)) - 14eab2a7-31b9-4bf4-80ab-c0ebf925c262@group-F197496E7779->b61b9bc0-c8d8-4ce8-a569-0c84e6e62f96-AppendLogResponseHandler: Failed appendEntries: org.apache.ratis.thirdparty.io.grpc.StatusRuntimeException: UNAVAILABLE: io exception
2019-09-19 12:01:51,112 [grpc-default-executor-2] INFO  impl.FollowerInfo (FollowerInfo.java:lambda$new$0(51)) - 14eab2a7-31b9-4bf4-80ab-c0ebf925c262@group-F197496E7779->b61b9bc0-c8d8-4ce8-a569-0c84e6e62f96: nextIndex: updateUnconditionally 0 -> 0
2019-09-19 12:01:51,311 [java.util.concurrent.ThreadPoolExecutor$Worker@3e8d0eb4[State = -1, empty queue]] WARN  server.GrpcLogAppender (GrpcLogAppender.java:timeoutAppendRequest(200)) - a729cdbd-f787-49c0-8e2c-44f1fb27cdba@group-A9823C1EF766->7d946ca7-a873-4723-b723-9ddee89d0bc7-GrpcLogAppender: appendEntries Timeout, request=a729cdbd-f787-49c0-8e2c-44f1fb27cdba->7d946ca7-a873-4723-b723-9ddee89d0bc7#119-t2, previous=(t:2, i:19), leaderCommit=15, initializing? false, entries: <empty>
2019-09-19 12:01:51,311 [java.util.concurrent.ThreadPoolExecutor$Worker@3540f9e3[State = -1, empty queue]] WARN  server.GrpcLogAppender (GrpcLogAppender.java:timeoutAppendRequest(200)) - a729cdbd-f787-49c0-8e2c-44f1fb27cdba@group-A9823C1EF766->ccaa8f46-a720-4c9d-b367-b8e62fb2ca31-GrpcLogAppender: appendEntries Timeout, request=a729cdbd-f787-49c0-8e2c-44f1fb27cdba->ccaa8f46-a720-4c9d-b367-b8e62fb2ca31#119-t2, previous=(t:2, i:19), leaderCommit=15, initializing? false, entries: <empty>
2019-09-19 12:01:51,560 [java.util.concurrent.ThreadPoolExecutor$Worker@6aaa628b[State = -1, empty queue]] WARN  server.GrpcLogAppender (GrpcLogAppender.java:timeoutAppendRequest(200)) - 0f3ef5c5-216f-4603-9049-7f6477ca6f67@group-E57B62D150CC->0eafe25b-eef3-4e6e-962a-cfdd69f48960-GrpcLogAppender: appendEntries Timeout, request=0f3ef5c5-216f-4603-9049-7f6477ca6f67->0eafe25b-eef3-4e6e-962a-cfdd69f48960#118-t2, previous=(t:2, i:18), leaderCommit=14, initializing? false, entries: <empty>
2019-09-19 12:01:51,562 [java.util.concurrent.ThreadPoolExecutor$Worker@41e0e92[State = -1, empty queue]] WARN  server.GrpcLogAppender (GrpcLogAppender.java:timeoutAppendRequest(200)) - 0f3ef5c5-216f-4603-9049-7f6477ca6f67@group-E57B62D150CC->ccd7891f-abf2-4840-bcfd-f7d46dfca276-GrpcLogAppender: appendEntries Timeout, request=0f3ef5c5-216f-4603-9049-7f6477ca6f67->ccd7891f-abf2-4840-bcfd-f7d46dfca276#118-t2, previous=(t:2, i:18), leaderCommit=14, initializing? false, entries: <empty>
2019-09-19 12:01:51,613 [grpc-default-executor-3] WARN  server.GrpcLogAppender (LogUtils.java:warn(134)) - 14eab2a7-31b9-4bf4-80ab-c0ebf925c262@group-F197496E7779->b61b9bc0-c8d8-4ce8-a569-0c84e6e62f96-AppendLogResponseHandler: Failed appendEntries: org.apache.ratis.thirdparty.io.grpc.StatusRuntimeException: UNAVAILABLE: io exception
2019-09-19 12:01:51,613 [grpc-default-executor-3] INFO  impl.FollowerInfo (FollowerInfo.java:lambda$new$0(51)) - 14eab2a7-31b9-4bf4-80ab-c0ebf925c262@group-F197496E7779->b61b9bc0-c8d8-4ce8-a569-0c84e6e62f96: nextIndex: updateUnconditionally 0 -> 0
2019-09-19 12:01:51,811 [java.util.concurrent.ThreadPoolExecutor$Worker@3e8d0eb4[State = -1, empty queue]] WARN  server.GrpcLogAppender (GrpcLogAppender.java:timeoutAppendRequest(200)) - a729cdbd-f787-49c0-8e2c-44f1fb27cdba@group-A9823C1EF766->7d946ca7-a873-4723-b723-9ddee89d0bc7-GrpcLogAppender: appendEntries Timeout, request=a729cdbd-f787-49c0-8e2c-44f1fb27cdba->7d946ca7-a873-4723-b723-9ddee89d0bc7#120-t2, previous=(t:2, i:19), leaderCommit=15, initializing? false, entries: <empty>
2019-09-19 12:01:51,811 [java.util.concurrent.ThreadPoolExecutor$Worker@3540f9e3[State = -1, empty queue]] WARN  server.GrpcLogAppender (GrpcLogAppender.java:timeoutAppendRequest(200)) - a729cdbd-f787-49c0-8e2c-44f1fb27cdba@group-A9823C1EF766->ccaa8f46-a720-4c9d-b367-b8e62fb2ca31-GrpcLogAppender: appendEntries Timeout, request=a729cdbd-f787-49c0-8e2c-44f1fb27cdba->ccaa8f46-a720-4c9d-b367-b8e62fb2ca31#120-t2, previous=(t:2, i:19), leaderCommit=15, initializing? false, entries: <empty>
2019-09-19 12:01:52,060 [java.util.concurrent.ThreadPoolExecutor$Worker@6aaa628b[State = -1, empty queue]] WARN  server.GrpcLogAppender (GrpcLogAppender.java:timeoutAppendRequest(200)) - 0f3ef5c5-216f-4603-9049-7f6477ca6f67@group-E57B62D150CC->0eafe25b-eef3-4e6e-962a-cfdd69f48960-GrpcLogAppender: appendEntries Timeout, request=0f3ef5c5-216f-4603-9049-7f6477ca6f67->0eafe25b-eef3-4e6e-962a-cfdd69f48960#119-t2, previous=(t:2, i:18), leaderCommit=14, initializing? false, entries: <empty>
2019-09-19 12:01:52,062 [java.util.concurrent.ThreadPoolExecutor$Worker@41e0e92[State = -1, empty queue]] WARN  server.GrpcLogAppender (GrpcLogAppender.java:timeoutAppendRequest(200)) - 0f3ef5c5-216f-4603-9049-7f6477ca6f67@group-E57B62D150CC->ccd7891f-abf2-4840-bcfd-f7d46dfca276-GrpcLogAppender: appendEntries Timeout, request=0f3ef5c5-216f-4603-9049-7f6477ca6f67->ccd7891f-abf2-4840-bcfd-f7d46dfca276#119-t2, previous=(t:2, i:18), leaderCommit=14, initializing? false, entries: <empty>
2019-09-19 12:01:52,116 [grpc-default-executor-5] WARN  server.GrpcLogAppender (LogUtils.java:warn(134)) - 14eab2a7-31b9-4bf4-80ab-c0ebf925c262@group-F197496E7779->b61b9bc0-c8d8-4ce8-a569-0c84e6e62f96-AppendLogResponseHandler: Failed appendEntries: org.apache.ratis.thirdparty.io.grpc.StatusRuntimeException: UNAVAILABLE: io exception
2019-09-19 12:01:52,116 [grpc-default-executor-5] INFO  impl.FollowerInfo (FollowerInfo.java:lambda$new$0(51)) - 14eab2a7-31b9-4bf4-80ab-c0ebf925c262@group-F197496E7779->b61b9bc0-c8d8-4ce8-a569-0c84e6e62f96: nextIndex: updateUnconditionally 0 -> 0
2019-09-19 12:01:52,311 [java.util.concurrent.ThreadPoolExecutor$Worker@3e8d0eb4[State = -1, empty queue]] WARN  server.GrpcLogAppender (GrpcLogAppender.java:timeoutAppendRequest(200)) - a729cdbd-f787-49c0-8e2c-44f1fb27cdba@group-A9823C1EF766->7d946ca7-a873-4723-b723-9ddee89d0bc7-GrpcLogAppender: appendEntries Timeout, request=a729cdbd-f787-49c0-8e2c-44f1fb27cdba->7d946ca7-a873-4723-b723-9ddee89d0bc7#121-t2, previous=(t:2, i:19), leaderCommit=15, initializing? false, entries: <empty>
2019-09-19 12:01:52,312 [java.util.concurrent.ThreadPoolExecutor$Worker@3540f9e3[State = -1, empty queue]] WARN  server.GrpcLogAppender (GrpcLogAppender.java:timeoutAppendRequest(200)) - a729cdbd-f787-49c0-8e2c-44f1fb27cdba@group-A9823C1EF766->ccaa8f46-a720-4c9d-b367-b8e62fb2ca31-GrpcLogAppender: appendEntries Timeout, request=a729cdbd-f787-49c0-8e2c-44f1fb27cdba->ccaa8f46-a720-4c9d-b367-b8e62fb2ca31#121-t2, previous=(t:2, i:19), leaderCommit=15, initializing? false, entries: <empty>
2019-09-19 12:01:52,560 [java.util.concurrent.ThreadPoolExecutor$Worker@6aaa628b[State = -1, empty queue]] WARN  server.GrpcLogAppender (GrpcLogAppender.java:timeoutAppendRequest(200)) - 0f3ef5c5-216f-4603-9049-7f6477ca6f67@group-E57B62D150CC->0eafe25b-eef3-4e6e-962a-cfdd69f48960-GrpcLogAppender: appendEntries Timeout, request=0f3ef5c5-216f-4603-9049-7f6477ca6f67->0eafe25b-eef3-4e6e-962a-cfdd69f48960#120-t2, previous=(t:2, i:18), leaderCommit=14, initializing? false, entries: <empty>
2019-09-19 12:01:52,562 [java.util.concurrent.ThreadPoolExecutor$Worker@41e0e92[State = -1, empty queue]] WARN  server.GrpcLogAppender (GrpcLogAppender.java:timeoutAppendRequest(200)) - 0f3ef5c5-216f-4603-9049-7f6477ca6f67@group-E57B62D150CC->ccd7891f-abf2-4840-bcfd-f7d46dfca276-GrpcLogAppender: appendEntries Timeout, request=0f3ef5c5-216f-4603-9049-7f6477ca6f67->ccd7891f-abf2-4840-bcfd-f7d46dfca276#120-t2, previous=(t:2, i:18), leaderCommit=14, initializing? false, entries: <empty>
2019-09-19 12:01:52,616 [grpc-default-executor-2] WARN  server.GrpcLogAppender (LogUtils.java:warn(134)) - 14eab2a7-31b9-4bf4-80ab-c0ebf925c262@group-F197496E7779->b61b9bc0-c8d8-4ce8-a569-0c84e6e62f96-AppendLogResponseHandler: Failed appendEntries: org.apache.ratis.thirdparty.io.grpc.StatusRuntimeException: UNAVAILABLE: io exception
2019-09-19 12:01:52,617 [grpc-default-executor-2] INFO  impl.FollowerInfo (FollowerInfo.java:lambda$new$0(51)) - 14eab2a7-31b9-4bf4-80ab-c0ebf925c262@group-F197496E7779->b61b9bc0-c8d8-4ce8-a569-0c84e6e62f96: nextIndex: updateUnconditionally 0 -> 0
2019-09-19 12:01:52,811 [java.util.concurrent.ThreadPoolExecutor$Worker@3e8d0eb4[State = -1, empty queue]] WARN  server.GrpcLogAppender (GrpcLogAppender.java:timeoutAppendRequest(200)) - a729cdbd-f787-49c0-8e2c-44f1fb27cdba@group-A9823C1EF766->7d946ca7-a873-4723-b723-9ddee89d0bc7-GrpcLogAppender: appendEntries Timeout, request=a729cdbd-f787-49c0-8e2c-44f1fb27cdba->7d946ca7-a873-4723-b723-9ddee89d0bc7#122-t2, previous=(t:2, i:19), leaderCommit=15, initializing? false, entries: <empty>
2019-09-19 12:01:52,812 [java.util.concurrent.ThreadPoolExecutor$Worker@3540f9e3[State = -1, empty queue]] WARN  server.GrpcLogAppender (GrpcLogAppender.java:timeoutAppendRequest(200)) - a729cdbd-f787-49c0-8e2c-44f1fb27cdba@group-A9823C1EF766->ccaa8f46-a720-4c9d-b367-b8e62fb2ca31-GrpcLogAppender: appendEntries Timeout, request=a729cdbd-f787-49c0-8e2c-44f1fb27cdba->ccaa8f46-a720-4c9d-b367-b8e62fb2ca31#122-t2, previous=(t:2, i:19), leaderCommit=15, initializing? false, entries: <empty>
2019-09-19 12:01:53,060 [java.util.concurrent.ThreadPoolExecutor$Worker@6aaa628b[State = -1, empty queue]] WARN  server.GrpcLogAppender (GrpcLogAppender.java:timeoutAppendRequest(200)) - 0f3ef5c5-216f-4603-9049-7f6477ca6f67@group-E57B62D150CC->0eafe25b-eef3-4e6e-962a-cfdd69f48960-GrpcLogAppender: appendEntries Timeout, request=0f3ef5c5-216f-4603-9049-7f6477ca6f67->0eafe25b-eef3-4e6e-962a-cfdd69f48960#121-t2, previous=(t:2, i:18), leaderCommit=14, initializing? false, entries: <empty>
2019-09-19 12:01:53,062 [java.util.concurrent.ThreadPoolExecutor$Worker@41e0e92[State = -1, empty queue]] WARN  server.GrpcLogAppender (GrpcLogAppender.java:timeoutAppendRequest(200)) - 0f3ef5c5-216f-4603-9049-7f6477ca6f67@group-E57B62D150CC->ccd7891f-abf2-4840-bcfd-f7d46dfca276-GrpcLogAppender: appendEntries Timeout, request=0f3ef5c5-216f-4603-9049-7f6477ca6f67->ccd7891f-abf2-4840-bcfd-f7d46dfca276#121-t2, previous=(t:2, i:18), leaderCommit=14, initializing? false, entries: <empty>
2019-09-19 12:01:53,096 [main] INFO  ozoneimpl.OzoneContainer (OzoneContainer.java:stop(231)) - Attempting to stop container services.
2019-09-19 12:01:53,097 [main] INFO  impl.RaftServerProxy (RaftServerProxy.java:lambda$close$4(314)) - 2fa9f0f6-b6af-48ee-80c5-dd8119aa09d6: close
2019-09-19 12:01:53,097 [main] INFO  impl.RaftServerImpl (RaftServerImpl.java:lambda$shutdown$3(251)) - 2fa9f0f6-b6af-48ee-80c5-dd8119aa09d6@group-89A1A75A4DAA: shutdown
2019-09-19 12:01:53,097 [main] INFO  util.JmxRegister (JmxRegister.java:unregister(73)) - Successfully un-registered JMX Bean with object name Ratis:service=RaftServer,group=group-89A1A75A4DAA,id=2fa9f0f6-b6af-48ee-80c5-dd8119aa09d6
2019-09-19 12:01:53,097 [ForkJoinPool.commonPool-worker-1] INFO  impl.RaftServerImpl (RaftServerImpl.java:lambda$shutdown$3(251)) - 2fa9f0f6-b6af-48ee-80c5-dd8119aa09d6@group-F197496E7779: shutdown
2019-09-19 12:01:53,098 [main] INFO  impl.RoleInfo (RoleInfo.java:shutdownLeaderState(104)) - 2fa9f0f6-b6af-48ee-80c5-dd8119aa09d6: shutdown LeaderState
2019-09-19 12:01:53,098 [ForkJoinPool.commonPool-worker-1] INFO  util.JmxRegister (JmxRegister.java:unregister(73)) - Successfully un-registered JMX Bean with object name Ratis:service=RaftServer,group=group-F197496E7779,id=2fa9f0f6-b6af-48ee-80c5-dd8119aa09d6
2019-09-19 12:01:53,098 [main] INFO  impl.PendingRequests (PendingRequests.java:sendNotLeaderResponses(202)) - 2fa9f0f6-b6af-48ee-80c5-dd8119aa09d6-PendingRequests: sendNotLeaderResponses
2019-09-19 12:01:53,098 [ForkJoinPool.commonPool-worker-1] INFO  impl.RoleInfo (RoleInfo.java:shutdownFollowerState(121)) - 2fa9f0f6-b6af-48ee-80c5-dd8119aa09d6: shutdown FollowerState
2019-09-19 12:01:53,099 [main] INFO  impl.StateMachineUpdater (StateMachineUpdater.java:stopAndJoin(125)) - 2fa9f0f6-b6af-48ee-80c5-dd8119aa09d6@group-89A1A75A4DAA-StateMachineUpdater: set stopIndex = 0
2019-09-19 12:01:53,099 [Thread-899] INFO  impl.FollowerState (FollowerState.java:run(115)) - 2fa9f0f6-b6af-48ee-80c5-dd8119aa09d6: FollowerState was interrupted: java.lang.InterruptedException: sleep interrupted
2019-09-19 12:01:53,099 [2fa9f0f6-b6af-48ee-80c5-dd8119aa09d6@group-F197496E7779-StateMachineUpdater] INFO  ratis.ContainerStateMachine (ContainerStateMachine.java:takeSnapshot(289)) - group-F197496E7779: Taking a snapshot at:(t:3, i:28) file /workdir/hadoop-ozone/integration-test/target/test-dir/MiniOzoneClusterImpl-d8add679-7105-42f6-bf2c-18911ac53160/datanode-7/data/ratis/6d8850fe-b2ec-45e2-8de3-f197496e7779/sm/snapshot.3_28
2019-09-19 12:01:53,099 [ForkJoinPool.commonPool-worker-1] INFO  impl.StateMachineUpdater (StateMachineUpdater.java:stopAndJoin(125)) - 2fa9f0f6-b6af-48ee-80c5-dd8119aa09d6@group-F197496E7779-StateMachineUpdater: set stopIndex = 30
2019-09-19 12:01:53,099 [main] INFO  impl.RaftServerImpl (ServerState.java:close(385)) - 2fa9f0f6-b6af-48ee-80c5-dd8119aa09d6@group-89A1A75A4DAA: closes. applyIndex: 0
2019-09-19 12:01:53,103 [2fa9f0f6-b6af-48ee-80c5-dd8119aa09d6@group-89A1A75A4DAA-SegmentedRaftLogWorker] INFO  segmented.SegmentedRaftLogWorker (SegmentedRaftLogWorker.java:run(313)) - 2fa9f0f6-b6af-48ee-80c5-dd8119aa09d6@group-89A1A75A4DAA-SegmentedRaftLogWorker was interrupted, exiting. There are 0 tasks remaining in the queue.
2019-09-19 12:01:53,107 [main] INFO  segmented.SegmentedRaftLogWorker (SegmentedRaftLogWorker.java:close(228)) - 2fa9f0f6-b6af-48ee-80c5-dd8119aa09d6@group-89A1A75A4DAA-SegmentedRaftLogWorker close()
2019-09-19 12:01:53,117 [2fa9f0f6-b6af-48ee-80c5-dd8119aa09d6@group-F197496E7779-StateMachineUpdater] INFO  ratis.ContainerStateMachine (ContainerStateMachine.java:takeSnapshot(300)) - group-F197496E7779: Finished taking a snapshot at:(t:3, i:28) file:/workdir/hadoop-ozone/integration-test/target/test-dir/MiniOzoneClusterImpl-d8add679-7105-42f6-bf2c-18911ac53160/datanode-7/data/ratis/6d8850fe-b2ec-45e2-8de3-f197496e7779/sm/snapshot.3_28 time:18
2019-09-19 12:01:53,117 [2fa9f0f6-b6af-48ee-80c5-dd8119aa09d6@group-F197496E7779-StateMachineUpdater] INFO  impl.StateMachineUpdater (StateMachineUpdater.java:takeSnapshot(258)) - 2fa9f0f6-b6af-48ee-80c5-dd8119aa09d6@group-F197496E7779-StateMachineUpdater: Took a snapshot at index 28
2019-09-19 12:01:53,117 [2fa9f0f6-b6af-48ee-80c5-dd8119aa09d6@group-F197496E7779-StateMachineUpdater] INFO  impl.StateMachineUpdater (StateMachineUpdater.java:lambda$new$0(83)) - 2fa9f0f6-b6af-48ee-80c5-dd8119aa09d6@group-F197496E7779-StateMachineUpdater: snapshotIndex: updateIncreasingly -1 -> 28
2019-09-19 12:01:53,117 [2fa9f0f6-b6af-48ee-80c5-dd8119aa09d6@group-F197496E7779-StateMachineUpdater] INFO  ratis.ContainerStateMachine (ContainerStateMachine.java:takeSnapshot(289)) - group-F197496E7779: Taking a snapshot at:(t:3, i:28) file /workdir/hadoop-ozone/integration-test/target/test-dir/MiniOzoneClusterImpl-d8add679-7105-42f6-bf2c-18911ac53160/datanode-7/data/ratis/6d8850fe-b2ec-45e2-8de3-f197496e7779/sm/snapshot.3_28
2019-09-19 12:01:53,117 [grpc-default-executor-3] WARN  server.GrpcLogAppender (LogUtils.java:warn(134)) - 14eab2a7-31b9-4bf4-80ab-c0ebf925c262@group-F197496E7779->b61b9bc0-c8d8-4ce8-a569-0c84e6e62f96-AppendLogResponseHandler: Failed appendEntries: org.apache.ratis.thirdparty.io.grpc.StatusRuntimeException: UNAVAILABLE: io exception
2019-09-19 12:01:53,118 [grpc-default-executor-3] INFO  impl.FollowerInfo (FollowerInfo.java:lambda$new$0(51)) - 14eab2a7-31b9-4bf4-80ab-c0ebf925c262@group-F197496E7779->b61b9bc0-c8d8-4ce8-a569-0c84e6e62f96: nextIndex: updateUnconditionally 0 -> 0
2019-09-19 12:01:53,130 [2fa9f0f6-b6af-48ee-80c5-dd8119aa09d6@group-F197496E7779-StateMachineUpdater] INFO  ratis.ContainerStateMachine (ContainerStateMachine.java:takeSnapshot(300)) - group-F197496E7779: Finished taking a snapshot at:(t:3, i:28) file:/workdir/hadoop-ozone/integration-test/target/test-dir/MiniOzoneClusterImpl-d8add679-7105-42f6-bf2c-18911ac53160/datanode-7/data/ratis/6d8850fe-b2ec-45e2-8de3-f197496e7779/sm/snapshot.3_28 time:12
2019-09-19 12:01:53,130 [2fa9f0f6-b6af-48ee-80c5-dd8119aa09d6@group-F197496E7779-StateMachineUpdater] INFO  impl.StateMachineUpdater (StateMachineUpdater.java:takeSnapshot(258)) - 2fa9f0f6-b6af-48ee-80c5-dd8119aa09d6@group-F197496E7779-StateMachineUpdater: Took a snapshot at index 28
2019-09-19 12:01:53,130 [2fa9f0f6-b6af-48ee-80c5-dd8119aa09d6@group-F197496E7779-StateMachineUpdater] INFO  impl.StateMachineUpdater (StateMachineUpdater.java:lambda$new$0(83)) - 2fa9f0f6-b6af-48ee-80c5-dd8119aa09d6@group-F197496E7779-StateMachineUpdater: snapshotIndex: updateIncreasingly 28 -> 28
2019-09-19 12:01:53,131 [ForkJoinPool.commonPool-worker-1] INFO  impl.RaftServerImpl (ServerState.java:close(385)) - 2fa9f0f6-b6af-48ee-80c5-dd8119aa09d6@group-F197496E7779: closes. applyIndex: 30
2019-09-19 12:01:53,131 [2fa9f0f6-b6af-48ee-80c5-dd8119aa09d6@group-F197496E7779-SegmentedRaftLogWorker] INFO  segmented.SegmentedRaftLogWorker (SegmentedRaftLogWorker.java:run(313)) - 2fa9f0f6-b6af-48ee-80c5-dd8119aa09d6@group-F197496E7779-SegmentedRaftLogWorker was interrupted, exiting. There are 0 tasks remaining in the queue.
2019-09-19 12:01:53,135 [ForkJoinPool.commonPool-worker-1] INFO  segmented.SegmentedRaftLogWorker (SegmentedRaftLogWorker.java:close(228)) - 2fa9f0f6-b6af-48ee-80c5-dd8119aa09d6@group-F197496E7779-SegmentedRaftLogWorker close()
2019-09-19 12:01:53,140 [main] INFO  server.GrpcService (GrpcService.java:closeImpl(164)) - 2fa9f0f6-b6af-48ee-80c5-dd8119aa09d6: shutdown server with port 39061 now
2019-09-19 12:01:53,142 [main] INFO  server.GrpcService (GrpcService.java:closeImpl(172)) - 2fa9f0f6-b6af-48ee-80c5-dd8119aa09d6: shutdown server with port 39061 successfully
2019-09-19 12:01:53,142 [grpc-default-executor-3] WARN  server.GrpcLogAppender (LogUtils.java:warn(134)) - 14eab2a7-31b9-4bf4-80ab-c0ebf925c262@group-F197496E7779->2fa9f0f6-b6af-48ee-80c5-dd8119aa09d6-AppendLogResponseHandler: Failed appendEntries: org.apache.ratis.thirdparty.io.grpc.StatusRuntimeException: CANCELLED: HTTP/2 error code: CANCEL
Received Rst Stream
2019-09-19 12:01:53,143 [grpc-default-executor-3] INFO  impl.FollowerInfo (FollowerInfo.java:lambda$new$0(51)) - 14eab2a7-31b9-4bf4-80ab-c0ebf925c262@group-F197496E7779->2fa9f0f6-b6af-48ee-80c5-dd8119aa09d6: nextIndex: updateUnconditionally 31 -> 30
2019-09-19 12:01:53,143 [grpc-default-executor-2] WARN  server.GrpcServerProtocolService (LogUtils.java:warn(134)) - 2fa9f0f6-b6af-48ee-80c5-dd8119aa09d6: installSnapshot onError, lastRequest: 14eab2a7-31b9-4bf4-80ab-c0ebf925c262->2fa9f0f6-b6af-48ee-80c5-dd8119aa09d6#70-t3, previous=(t:3, i:30), leaderCommit=30, initializing? false, entries: <empty>: org.apache.ratis.thirdparty.io.grpc.StatusRuntimeException: CANCELLED: cancelled before receiving half close
2019-09-19 12:01:53,158 [refreshUsed-/workdir/hadoop-ozone/integration-test/target/test-dir/MiniOzoneClusterImpl-d8add679-7105-42f6-bf2c-18911ac53160/datanode-7/data/containers] WARN  fs.CachingGetSpaceUsed (CachingGetSpaceUsed.java:run(183)) - Thread Interrupted waiting to refresh disk information: sleep interrupted
2019-09-19 12:01:53,177 [main] INFO  utils.BackgroundService (BackgroundService.java:shutdown(148)) - Shutting down service BlockDeletingService
2019-09-19 12:01:53,185 [main] INFO  statemachine.DatanodeStateMachine (DatanodeStateMachine.java:stopDaemon(395)) - Ozone container server stopped.
2019-09-19 12:01:53,187 [main] INFO  handler.ContextHandler (ContextHandler.java:doStop(910)) - Stopped o.e.j.w.WebAppContext@663bb8ef{/,null,UNAVAILABLE}{/hddsDatanode}
2019-09-19 12:01:53,188 [main] INFO  server.AbstractConnector (AbstractConnector.java:doStop(318)) - Stopped ServerConnector@2f4e40d7{HTTP/1.1,[http/1.1]}{0.0.0.0:0}
2019-09-19 12:01:53,188 [main] INFO  handler.ContextHandler (ContextHandler.java:doStop(910)) - Stopped o.e.j.s.ServletContextHandler@6cd3ad8a{/static,jar:file:/home/user/.m2/repository/org/apache/hadoop/hadoop-hdds-container-service/0.5.0-SNAPSHOT/hadoop-hdds-container-service-0.5.0-SNAPSHOT.jar!/webapps/static,UNAVAILABLE}
2019-09-19 12:01:53,188 [main] INFO  handler.ContextHandler (ContextHandler.java:doStop(910)) - Stopped o.e.j.s.ServletContextHandler@b9a77c8{/logs,file:///workdir/hadoop-ozone/integration-test/target/log,UNAVAILABLE}
2019-09-19 12:01:53,220 [grpc-default-executor-2] WARN  server.GrpcLogAppender (LogUtils.java:warn(134)) - 14eab2a7-31b9-4bf4-80ab-c0ebf925c262@group-F197496E7779->2fa9f0f6-b6af-48ee-80c5-dd8119aa09d6-AppendLogResponseHandler: Failed appendEntries: org.apache.ratis.thirdparty.io.grpc.StatusRuntimeException: UNAVAILABLE: io exception
2019-09-19 12:01:53,220 [grpc-default-executor-4] WARN  server.GrpcLogAppender (LogUtils.java:warn(134)) - 14eab2a7-31b9-4bf4-80ab-c0ebf925c262@group-F197496E7779->b61b9bc0-c8d8-4ce8-a569-0c84e6e62f96-AppendLogResponseHandler: Failed appendEntries: org.apache.ratis.thirdparty.io.grpc.StatusRuntimeException: UNAVAILABLE: io exception
2019-09-19 12:01:53,220 [grpc-default-executor-2] INFO  impl.FollowerInfo (FollowerInfo.java:lambda$new$0(51)) - 14eab2a7-31b9-4bf4-80ab-c0ebf925c262@group-F197496E7779->2fa9f0f6-b6af-48ee-80c5-dd8119aa09d6: nextIndex: updateUnconditionally 31 -> 30
2019-09-19 12:01:53,221 [grpc-default-executor-4] INFO  impl.FollowerInfo (FollowerInfo.java:lambda$new$0(51)) - 14eab2a7-31b9-4bf4-80ab-c0ebf925c262@group-F197496E7779->b61b9bc0-c8d8-4ce8-a569-0c84e6e62f96: nextIndex: updateUnconditionally 1 -> 0
2019-09-19 12:01:53,312 [java.util.concurrent.ThreadPoolExecutor$Worker@3e8d0eb4[State = -1, empty queue]] WARN  server.GrpcLogAppender (GrpcLogAppender.java:timeoutAppendRequest(200)) - a729cdbd-f787-49c0-8e2c-44f1fb27cdba@group-A9823C1EF766->7d946ca7-a873-4723-b723-9ddee89d0bc7-GrpcLogAppender: appendEntries Timeout, request=a729cdbd-f787-49c0-8e2c-44f1fb27cdba->7d946ca7-a873-4723-b723-9ddee89d0bc7#123-t2, previous=(t:2, i:19), leaderCommit=15, initializing? false, entries: <empty>
2019-09-19 12:01:53,312 [java.util.concurrent.ThreadPoolExecutor$Worker@3540f9e3[State = -1, empty queue]] WARN  server.GrpcLogAppender (GrpcLogAppender.java:timeoutAppendRequest(200)) - a729cdbd-f787-49c0-8e2c-44f1fb27cdba@group-A9823C1EF766->ccaa8f46-a720-4c9d-b367-b8e62fb2ca31-GrpcLogAppender: appendEntries Timeout, request=a729cdbd-f787-49c0-8e2c-44f1fb27cdba->ccaa8f46-a720-4c9d-b367-b8e62fb2ca31#123-t2, previous=(t:2, i:19), leaderCommit=15, initializing? false, entries: <empty>
2019-09-19 12:01:53,520 [0f3ef5c5-216f-4603-9049-7f6477ca6f67@group-E57B62D150CC-SegmentedRaftLogWorker] WARN  segmented.SegmentedRaftLogWorker (SegmentedRaftLogWorker.java:getFromFuture(90)) - Timeout 2/~
org.apache.ratis.protocol.TimeoutIOException: Timeout 10s: WriteLog:15: (t:2, i:15), STATEMACHINELOGENTRY, client-4CC87BB336E7, cid=51-writeStateMachineData
	at org.apache.ratis.util.IOUtils.getFromFuture(IOUtils.java:87)
	at org.apache.ratis.server.raftlog.segmented.SegmentedRaftLogWorker$StateMachineDataPolicy.getFromFuture(SegmentedRaftLogWorker.java:87)
	at org.apache.ratis.server.raftlog.segmented.SegmentedRaftLogWorker$WriteLog.execute(SegmentedRaftLogWorker.java:477)
	at org.apache.ratis.server.raftlog.segmented.SegmentedRaftLogWorker.run(SegmentedRaftLogWorker.java:289)
	at java.lang.Thread.run(Thread.java:748)
Caused by: java.util.concurrent.TimeoutException
	at java.util.concurrent.CompletableFuture.timedGet(CompletableFuture.java:1771)
	at java.util.concurrent.CompletableFuture.get(CompletableFuture.java:1915)
	at org.apache.ratis.util.IOUtils.getFromFuture(IOUtils.java:79)
	... 4 more
2019-09-19 12:01:53,524 [0eafe25b-eef3-4e6e-962a-cfdd69f48960@group-E57B62D150CC-SegmentedRaftLogWorker] WARN  segmented.SegmentedRaftLogWorker (SegmentedRaftLogWorker.java:getFromFuture(90)) - Timeout 2/~
org.apache.ratis.protocol.TimeoutIOException: Timeout 10s: WriteLog:15: (t:2, i:15), STATEMACHINELOGENTRY, client-4CC87BB336E7, cid=51-writeStateMachineData
	at org.apache.ratis.util.IOUtils.getFromFuture(IOUtils.java:87)
	at org.apache.ratis.server.raftlog.segmented.SegmentedRaftLogWorker$StateMachineDataPolicy.getFromFuture(SegmentedRaftLogWorker.java:87)
	at org.apache.ratis.server.raftlog.segmented.SegmentedRaftLogWorker$WriteLog.execute(SegmentedRaftLogWorker.java:477)
	at org.apache.ratis.server.raftlog.segmented.SegmentedRaftLogWorker.run(SegmentedRaftLogWorker.java:289)
	at java.lang.Thread.run(Thread.java:748)
Caused by: java.util.concurrent.TimeoutException
	at java.util.concurrent.CompletableFuture.timedGet(CompletableFuture.java:1771)
	at java.util.concurrent.CompletableFuture.get(CompletableFuture.java:1915)
	at org.apache.ratis.util.IOUtils.getFromFuture(IOUtils.java:79)
	... 4 more
2019-09-19 12:01:53,524 [ccd7891f-abf2-4840-bcfd-f7d46dfca276@group-E57B62D150CC-SegmentedRaftLogWorker] WARN  segmented.SegmentedRaftLogWorker (SegmentedRaftLogWorker.java:getFromFuture(90)) - Timeout 2/~
org.apache.ratis.protocol.TimeoutIOException: Timeout 10s: WriteLog:15: (t:2, i:15), STATEMACHINELOGENTRY, client-4CC87BB336E7, cid=51-writeStateMachineData
	at org.apache.ratis.util.IOUtils.getFromFuture(IOUtils.java:87)
	at org.apache.ratis.server.raftlog.segmented.SegmentedRaftLogWorker$StateMachineDataPolicy.getFromFuture(SegmentedRaftLogWorker.java:87)
	at org.apache.ratis.server.raftlog.segmented.SegmentedRaftLogWorker$WriteLog.execute(SegmentedRaftLogWorker.java:477)
	at org.apache.ratis.server.raftlog.segmented.SegmentedRaftLogWorker.run(SegmentedRaftLogWorker.java:289)
	at java.lang.Thread.run(Thread.java:748)
Caused by: java.util.concurrent.TimeoutException
	at java.util.concurrent.CompletableFuture.timedGet(CompletableFuture.java:1771)
	at java.util.concurrent.CompletableFuture.get(CompletableFuture.java:1915)
	at org.apache.ratis.util.IOUtils.getFromFuture(IOUtils.java:79)
	... 4 more
2019-09-19 12:01:53,561 [java.util.concurrent.ThreadPoolExecutor$Worker@6aaa628b[State = -1, empty queue]] WARN  server.GrpcLogAppender (GrpcLogAppender.java:timeoutAppendRequest(200)) - 0f3ef5c5-216f-4603-9049-7f6477ca6f67@group-E57B62D150CC->0eafe25b-eef3-4e6e-962a-cfdd69f48960-GrpcLogAppender: appendEntries Timeout, request=0f3ef5c5-216f-4603-9049-7f6477ca6f67->0eafe25b-eef3-4e6e-962a-cfdd69f48960#122-t2, previous=(t:2, i:18), leaderCommit=14, initializing? false, entries: <empty>
2019-09-19 12:01:53,562 [java.util.concurrent.ThreadPoolExecutor$Worker@41e0e92[State = -1, empty queue]] WARN  server.GrpcLogAppender (GrpcLogAppender.java:timeoutAppendRequest(200)) - 0f3ef5c5-216f-4603-9049-7f6477ca6f67@group-E57B62D150CC->ccd7891f-abf2-4840-bcfd-f7d46dfca276-GrpcLogAppender: appendEntries Timeout, request=0f3ef5c5-216f-4603-9049-7f6477ca6f67->ccd7891f-abf2-4840-bcfd-f7d46dfca276#122-t2, previous=(t:2, i:18), leaderCommit=14, initializing? false, entries: <empty>
2019-09-19 12:01:53,722 [grpc-default-executor-4] WARN  server.GrpcLogAppender (LogUtils.java:warn(134)) - 14eab2a7-31b9-4bf4-80ab-c0ebf925c262@group-F197496E7779->2fa9f0f6-b6af-48ee-80c5-dd8119aa09d6-AppendLogResponseHandler: Failed appendEntries: org.apache.ratis.thirdparty.io.grpc.StatusRuntimeException: UNAVAILABLE: io exception
2019-09-19 12:01:53,722 [grpc-default-executor-5] WARN  server.GrpcLogAppender (LogUtils.java:warn(134)) - 14eab2a7-31b9-4bf4-80ab-c0ebf925c262@group-F197496E7779->b61b9bc0-c8d8-4ce8-a569-0c84e6e62f96-AppendLogResponseHandler: Failed appendEntries: org.apache.ratis.thirdparty.io.grpc.StatusRuntimeException: UNAVAILABLE: io exception
2019-09-19 12:01:53,723 [grpc-default-executor-4] INFO  impl.FollowerInfo (FollowerInfo.java:lambda$new$0(51)) - 14eab2a7-31b9-4bf4-80ab-c0ebf925c262@group-F197496E7779->2fa9f0f6-b6af-48ee-80c5-dd8119aa09d6: nextIndex: updateUnconditionally 30 -> 29
2019-09-19 12:01:53,723 [grpc-default-executor-5] INFO  impl.FollowerInfo (FollowerInfo.java:lambda$new$0(51)) - 14eab2a7-31b9-4bf4-80ab-c0ebf925c262@group-F197496E7779->b61b9bc0-c8d8-4ce8-a569-0c84e6e62f96: nextIndex: updateUnconditionally 0 -> 0
2019-09-19 12:01:53,756 [Thread-1245] INFO  client.GrpcClientProtocolService (GrpcClientProtocolService.java:lambda$processClientRequest$0(278)) - Failed RaftClientRequest:client-C0EB156BC6EE->14eab2a7-31b9-4bf4-80ab-c0ebf925c262@group-F197496E7779, cid=59, seq=0, Watch-ALL_COMMITTED(21), Message:<EMPTY>, reply=RaftClientReply:client-C0EB156BC6EE->14eab2a7-31b9-4bf4-80ab-c0ebf925c262@group-F197496E7779, cid=59, FAILED org.apache.ratis.protocol.NotReplicatedException: Request with call Id 59 and log index 21 is not yet replicated to ALL_COMMITTED, logIndex=21, commits[14eab2a7-31b9-4bf4-80ab-c0ebf925c262:c30, 2fa9f0f6-b6af-48ee-80c5-dd8119aa09d6:c30, b61b9bc0-c8d8-4ce8-a569-0c84e6e62f96:c16]
2019-09-19 12:01:53,762 [grpc-default-executor-5] INFO  client.GrpcClientProtocolClient (GrpcClientProtocolClient.java:onNext(264)) - client-C0EB156BC6EE->14eab2a7-31b9-4bf4-80ab-c0ebf925c262: receive RaftClientReply:client-C0EB156BC6EE->14eab2a7-31b9-4bf4-80ab-c0ebf925c262@group-F197496E7779, cid=59, FAILED org.apache.ratis.protocol.NotReplicatedException: Request with call Id 59 and log index 21 is not yet replicated to ALL_COMMITTED, logIndex=21, commits[14eab2a7-31b9-4bf4-80ab-c0ebf925c262:c30, 2fa9f0f6-b6af-48ee-80c5-dd8119aa09d6:c30, b61b9bc0-c8d8-4ce8-a569-0c84e6e62f96:c16]
2019-09-19 12:01:53,812 [java.util.concurrent.ThreadPoolExecutor$Worker@3e8d0eb4[State = -1, empty queue]] WARN  server.GrpcLogAppender (GrpcLogAppender.java:timeoutAppendRequest(200)) - a729cdbd-f787-49c0-8e2c-44f1fb27cdba@group-A9823C1EF766->7d946ca7-a873-4723-b723-9ddee89d0bc7-GrpcLogAppender: appendEntries Timeout, request=a729cdbd-f787-49c0-8e2c-44f1fb27cdba->7d946ca7-a873-4723-b723-9ddee89d0bc7#124-t2, previous=(t:2, i:19), leaderCommit=15, initializing? false, entries: <empty>
2019-09-19 12:01:53,815 [java.util.concurrent.ThreadPoolExecutor$Worker@3540f9e3[State = -1, empty queue]] WARN  server.GrpcLogAppender (GrpcLogAppender.java:timeoutAppendRequest(200)) - a729cdbd-f787-49c0-8e2c-44f1fb27cdba@group-A9823C1EF766->ccaa8f46-a720-4c9d-b367-b8e62fb2ca31-GrpcLogAppender: appendEntries Timeout, request=a729cdbd-f787-49c0-8e2c-44f1fb27cdba->ccaa8f46-a720-4c9d-b367-b8e62fb2ca31#124-t2, previous=(t:2, i:19), leaderCommit=15, initializing? false, entries: <empty>
2019-09-19 12:01:54,061 [java.util.concurrent.ThreadPoolExecutor$Worker@6aaa628b[State = -1, empty queue]] WARN  server.GrpcLogAppender (GrpcLogAppender.java:timeoutAppendRequest(200)) - 0f3ef5c5-216f-4603-9049-7f6477ca6f67@group-E57B62D150CC->0eafe25b-eef3-4e6e-962a-cfdd69f48960-GrpcLogAppender: appendEntries Timeout, request=0f3ef5c5-216f-4603-9049-7f6477ca6f67->0eafe25b-eef3-4e6e-962a-cfdd69f48960#123-t2, previous=(t:2, i:18), leaderCommit=14, initializing? false, entries: <empty>
2019-09-19 12:01:54,063 [java.util.concurrent.ThreadPoolExecutor$Worker@41e0e92[State = -1, empty queue]] WARN  server.GrpcLogAppender (GrpcLogAppender.java:timeoutAppendRequest(200)) - 0f3ef5c5-216f-4603-9049-7f6477ca6f67@group-E57B62D150CC->ccd7891f-abf2-4840-bcfd-f7d46dfca276-GrpcLogAppender: appendEntries Timeout, request=0f3ef5c5-216f-4603-9049-7f6477ca6f67->ccd7891f-abf2-4840-bcfd-f7d46dfca276#123-t2, previous=(t:2, i:18), leaderCommit=14, initializing? false, entries: <empty>
2019-09-19 12:01:54,223 [grpc-default-executor-6] WARN  server.GrpcLogAppender (LogUtils.java:warn(134)) - 14eab2a7-31b9-4bf4-80ab-c0ebf925c262@group-F197496E7779->2fa9f0f6-b6af-48ee-80c5-dd8119aa09d6-AppendLogResponseHandler: Failed appendEntries: org.apache.ratis.thirdparty.io.grpc.StatusRuntimeException: UNAVAILABLE: io exception
2019-09-19 12:01:54,223 [grpc-default-executor-1] WARN  server.GrpcLogAppender (LogUtils.java:warn(134)) - 14eab2a7-31b9-4bf4-80ab-c0ebf925c262@group-F197496E7779->b61b9bc0-c8d8-4ce8-a569-0c84e6e62f96-AppendLogResponseHandler: Failed appendEntries: org.apache.ratis.thirdparty.io.grpc.StatusRuntimeException: UNAVAILABLE: io exception
2019-09-19 12:01:54,223 [grpc-default-executor-6] INFO  impl.FollowerInfo (FollowerInfo.java:lambda$new$0(51)) - 14eab2a7-31b9-4bf4-80ab-c0ebf925c262@group-F197496E7779->2fa9f0f6-b6af-48ee-80c5-dd8119aa09d6: nextIndex: updateUnconditionally 29 -> 28
2019-09-19 12:01:54,224 [grpc-default-executor-1] INFO  impl.FollowerInfo (FollowerInfo.java:lambda$new$0(51)) - 14eab2a7-31b9-4bf4-80ab-c0ebf925c262@group-F197496E7779->b61b9bc0-c8d8-4ce8-a569-0c84e6e62f96: nextIndex: updateUnconditionally 0 -> 0
2019-09-19 12:01:54,312 [java.util.concurrent.ThreadPoolExecutor$Worker@3e8d0eb4[State = -1, empty queue]] WARN  server.GrpcLogAppender (GrpcLogAppender.java:timeoutAppendRequest(200)) - a729cdbd-f787-49c0-8e2c-44f1fb27cdba@group-A9823C1EF766->7d946ca7-a873-4723-b723-9ddee89d0bc7-GrpcLogAppender: appendEntries Timeout, request=a729cdbd-f787-49c0-8e2c-44f1fb27cdba->7d946ca7-a873-4723-b723-9ddee89d0bc7#125-t2, previous=(t:2, i:19), leaderCommit=15, initializing? false, entries: <empty>
2019-09-19 12:01:54,313 [java.util.concurrent.ThreadPoolExecutor$Worker@3540f9e3[State = -1, empty queue]] WARN  server.GrpcLogAppender (GrpcLogAppender.java:timeoutAppendRequest(200)) - a729cdbd-f787-49c0-8e2c-44f1fb27cdba@group-A9823C1EF766->ccaa8f46-a720-4c9d-b367-b8e62fb2ca31-GrpcLogAppender: appendEntries Timeout, request=a729cdbd-f787-49c0-8e2c-44f1fb27cdba->ccaa8f46-a720-4c9d-b367-b8e62fb2ca31#125-t2, previous=(t:2, i:19), leaderCommit=15, initializing? false, entries: <empty>
2019-09-19 12:01:54,561 [java.util.concurrent.ThreadPoolExecutor$Worker@6aaa628b[State = -1, empty queue]] WARN  server.GrpcLogAppender (GrpcLogAppender.java:timeoutAppendRequest(200)) - 0f3ef5c5-216f-4603-9049-7f6477ca6f67@group-E57B62D150CC->0eafe25b-eef3-4e6e-962a-cfdd69f48960-GrpcLogAppender: appendEntries Timeout, request=0f3ef5c5-216f-4603-9049-7f6477ca6f67->0eafe25b-eef3-4e6e-962a-cfdd69f48960#124-t2, previous=(t:2, i:18), leaderCommit=14, initializing? false, entries: <empty>
2019-09-19 12:01:54,563 [java.util.concurrent.ThreadPoolExecutor$Worker@41e0e92[State = -1, empty queue]] WARN  server.GrpcLogAppender (GrpcLogAppender.java:timeoutAppendRequest(200)) - 0f3ef5c5-216f-4603-9049-7f6477ca6f67@group-E57B62D150CC->ccd7891f-abf2-4840-bcfd-f7d46dfca276-GrpcLogAppender: appendEntries Timeout, request=0f3ef5c5-216f-4603-9049-7f6477ca6f67->ccd7891f-abf2-4840-bcfd-f7d46dfca276#124-t2, previous=(t:2, i:18), leaderCommit=14, initializing? false, entries: <empty>
2019-09-19 12:01:54,723 [grpc-default-executor-5] WARN  server.GrpcLogAppender (LogUtils.java:warn(134)) - 14eab2a7-31b9-4bf4-80ab-c0ebf925c262@group-F197496E7779->b61b9bc0-c8d8-4ce8-a569-0c84e6e62f96-AppendLogResponseHandler: Failed appendEntries: org.apache.ratis.thirdparty.io.grpc.StatusRuntimeException: UNAVAILABLE: io exception
2019-09-19 12:01:54,724 [grpc-default-executor-5] INFO  impl.FollowerInfo (FollowerInfo.java:lambda$new$0(51)) - 14eab2a7-31b9-4bf4-80ab-c0ebf925c262@group-F197496E7779->b61b9bc0-c8d8-4ce8-a569-0c84e6e62f96: nextIndex: updateUnconditionally 0 -> 0
2019-09-19 12:01:54,725 [grpc-default-executor-6] WARN  server.GrpcLogAppender (LogUtils.java:warn(134)) - 14eab2a7-31b9-4bf4-80ab-c0ebf925c262@group-F197496E7779->2fa9f0f6-b6af-48ee-80c5-dd8119aa09d6-AppendLogResponseHandler: Failed appendEntries: org.apache.ratis.thirdparty.io.grpc.StatusRuntimeException: UNAVAILABLE: io exception
2019-09-19 12:01:54,725 [grpc-default-executor-6] INFO  impl.FollowerInfo (FollowerInfo.java:lambda$new$0(51)) - 14eab2a7-31b9-4bf4-80ab-c0ebf925c262@group-F197496E7779->2fa9f0f6-b6af-48ee-80c5-dd8119aa09d6: nextIndex: updateUnconditionally 28 -> 27
2019-09-19 12:01:54,812 [java.util.concurrent.ThreadPoolExecutor$Worker@3e8d0eb4[State = -1, empty queue]] WARN  server.GrpcLogAppender (GrpcLogAppender.java:timeoutAppendRequest(200)) - a729cdbd-f787-49c0-8e2c-44f1fb27cdba@group-A9823C1EF766->7d946ca7-a873-4723-b723-9ddee89d0bc7-GrpcLogAppender: appendEntries Timeout, request=a729cdbd-f787-49c0-8e2c-44f1fb27cdba->7d946ca7-a873-4723-b723-9ddee89d0bc7#126-t2, previous=(t:2, i:19), leaderCommit=15, initializing? false, entries: <empty>
2019-09-19 12:01:54,813 [java.util.concurrent.ThreadPoolExecutor$Worker@3540f9e3[State = -1, empty queue]] WARN  server.GrpcLogAppender (GrpcLogAppender.java:timeoutAppendRequest(200)) - a729cdbd-f787-49c0-8e2c-44f1fb27cdba@group-A9823C1EF766->ccaa8f46-a720-4c9d-b367-b8e62fb2ca31-GrpcLogAppender: appendEntries Timeout, request=a729cdbd-f787-49c0-8e2c-44f1fb27cdba->ccaa8f46-a720-4c9d-b367-b8e62fb2ca31#126-t2, previous=(t:2, i:19), leaderCommit=15, initializing? false, entries: <empty>
2019-09-19 12:01:55,062 [java.util.concurrent.ThreadPoolExecutor$Worker@6aaa628b[State = -1, empty queue]] WARN  server.GrpcLogAppender (GrpcLogAppender.java:timeoutAppendRequest(200)) - 0f3ef5c5-216f-4603-9049-7f6477ca6f67@group-E57B62D150CC->0eafe25b-eef3-4e6e-962a-cfdd69f48960-GrpcLogAppender: appendEntries Timeout, request=0f3ef5c5-216f-4603-9049-7f6477ca6f67->0eafe25b-eef3-4e6e-962a-cfdd69f48960#125-t2, previous=(t:2, i:18), leaderCommit=14, initializing? false, entries: <empty>
2019-09-19 12:01:55,063 [java.util.concurrent.ThreadPoolExecutor$Worker@41e0e92[State = -1, empty queue]] WARN  server.GrpcLogAppender (GrpcLogAppender.java:timeoutAppendRequest(200)) - 0f3ef5c5-216f-4603-9049-7f6477ca6f67@group-E57B62D150CC->ccd7891f-abf2-4840-bcfd-f7d46dfca276-GrpcLogAppender: appendEntries Timeout, request=0f3ef5c5-216f-4603-9049-7f6477ca6f67->ccd7891f-abf2-4840-bcfd-f7d46dfca276#125-t2, previous=(t:2, i:18), leaderCommit=14, initializing? false, entries: <empty>
2019-09-19 12:01:55,224 [grpc-default-executor-5] WARN  server.GrpcLogAppender (LogUtils.java:warn(134)) - 14eab2a7-31b9-4bf4-80ab-c0ebf925c262@group-F197496E7779->b61b9bc0-c8d8-4ce8-a569-0c84e6e62f96-AppendLogResponseHandler: Failed appendEntries: org.apache.ratis.thirdparty.io.grpc.StatusRuntimeException: UNAVAILABLE: io exception
2019-09-19 12:01:55,225 [grpc-default-executor-5] INFO  impl.FollowerInfo (FollowerInfo.java:lambda$new$0(51)) - 14eab2a7-31b9-4bf4-80ab-c0ebf925c262@group-F197496E7779->b61b9bc0-c8d8-4ce8-a569-0c84e6e62f96: nextIndex: updateUnconditionally 0 -> 0
2019-09-19 12:01:55,226 [grpc-default-executor-1] WARN  server.GrpcLogAppender (LogUtils.java:warn(134)) - 14eab2a7-31b9-4bf4-80ab-c0ebf925c262@group-F197496E7779->2fa9f0f6-b6af-48ee-80c5-dd8119aa09d6-AppendLogResponseHandler: Failed appendEntries: org.apache.ratis.thirdparty.io.grpc.StatusRuntimeException: UNAVAILABLE: io exception
2019-09-19 12:01:55,227 [grpc-default-executor-1] INFO  impl.FollowerInfo (FollowerInfo.java:lambda$new$0(51)) - 14eab2a7-31b9-4bf4-80ab-c0ebf925c262@group-F197496E7779->2fa9f0f6-b6af-48ee-80c5-dd8119aa09d6: nextIndex: updateUnconditionally 27 -> 26
2019-09-19 12:01:55,312 [java.util.concurrent.ThreadPoolExecutor$Worker@3e8d0eb4[State = -1, empty queue]] WARN  server.GrpcLogAppender (GrpcLogAppender.java:timeoutAppendRequest(200)) - a729cdbd-f787-49c0-8e2c-44f1fb27cdba@group-A9823C1EF766->7d946ca7-a873-4723-b723-9ddee89d0bc7-GrpcLogAppender: appendEntries Timeout, request=a729cdbd-f787-49c0-8e2c-44f1fb27cdba->7d946ca7-a873-4723-b723-9ddee89d0bc7#127-t2, previous=(t:2, i:19), leaderCommit=15, initializing? false, entries: <empty>
2019-09-19 12:01:55,313 [java.util.concurrent.ThreadPoolExecutor$Worker@3540f9e3[State = -1, empty queue]] WARN  server.GrpcLogAppender (GrpcLogAppender.java:timeoutAppendRequest(200)) - a729cdbd-f787-49c0-8e2c-44f1fb27cdba@group-A9823C1EF766->ccaa8f46-a720-4c9d-b367-b8e62fb2ca31-GrpcLogAppender: appendEntries Timeout, request=a729cdbd-f787-49c0-8e2c-44f1fb27cdba->ccaa8f46-a720-4c9d-b367-b8e62fb2ca31#127-t2, previous=(t:2, i:19), leaderCommit=15, initializing? false, entries: <empty>
2019-09-19 12:01:55,562 [java.util.concurrent.ThreadPoolExecutor$Worker@6aaa628b[State = -1, empty queue]] WARN  server.GrpcLogAppender (GrpcLogAppender.java:timeoutAppendRequest(200)) - 0f3ef5c5-216f-4603-9049-7f6477ca6f67@group-E57B62D150CC->0eafe25b-eef3-4e6e-962a-cfdd69f48960-GrpcLogAppender: appendEntries Timeout, request=0f3ef5c5-216f-4603-9049-7f6477ca6f67->0eafe25b-eef3-4e6e-962a-cfdd69f48960#126-t2, previous=(t:2, i:18), leaderCommit=14, initializing? false, entries: <empty>
2019-09-19 12:01:55,563 [java.util.concurrent.ThreadPoolExecutor$Worker@41e0e92[State = -1, empty queue]] WARN  server.GrpcLogAppender (GrpcLogAppender.java:timeoutAppendRequest(200)) - 0f3ef5c5-216f-4603-9049-7f6477ca6f67@group-E57B62D150CC->ccd7891f-abf2-4840-bcfd-f7d46dfca276-GrpcLogAppender: appendEntries Timeout, request=0f3ef5c5-216f-4603-9049-7f6477ca6f67->ccd7891f-abf2-4840-bcfd-f7d46dfca276#126-t2, previous=(t:2, i:18), leaderCommit=14, initializing? false, entries: <empty>
2019-09-19 12:01:55,725 [grpc-default-executor-4] WARN  server.GrpcLogAppender (LogUtils.java:warn(134)) - 14eab2a7-31b9-4bf4-80ab-c0ebf925c262@group-F197496E7779->b61b9bc0-c8d8-4ce8-a569-0c84e6e62f96-AppendLogResponseHandler: Failed appendEntries: org.apache.ratis.thirdparty.io.grpc.StatusRuntimeException: UNAVAILABLE: io exception
2019-09-19 12:01:55,726 [grpc-default-executor-4] INFO  impl.FollowerInfo (FollowerInfo.java:lambda$new$0(51)) - 14eab2a7-31b9-4bf4-80ab-c0ebf925c262@group-F197496E7779->b61b9bc0-c8d8-4ce8-a569-0c84e6e62f96: nextIndex: updateUnconditionally 0 -> 0
2019-09-19 12:01:55,727 [grpc-default-executor-5] WARN  server.GrpcLogAppender (LogUtils.java:warn(134)) - 14eab2a7-31b9-4bf4-80ab-c0ebf925c262@group-F197496E7779->2fa9f0f6-b6af-48ee-80c5-dd8119aa09d6-AppendLogResponseHandler: Failed appendEntries: org.apache.ratis.thirdparty.io.grpc.StatusRuntimeException: UNAVAILABLE: io exception
2019-09-19 12:01:55,727 [grpc-default-executor-5] INFO  impl.FollowerInfo (FollowerInfo.java:lambda$new$0(51)) - 14eab2a7-31b9-4bf4-80ab-c0ebf925c262@group-F197496E7779->2fa9f0f6-b6af-48ee-80c5-dd8119aa09d6: nextIndex: updateUnconditionally 26 -> 25
2019-09-19 12:01:55,813 [java.util.concurrent.ThreadPoolExecutor$Worker@3e8d0eb4[State = -1, empty queue]] WARN  server.GrpcLogAppender (GrpcLogAppender.java:timeoutAppendRequest(200)) - a729cdbd-f787-49c0-8e2c-44f1fb27cdba@group-A9823C1EF766->7d946ca7-a873-4723-b723-9ddee89d0bc7-GrpcLogAppender: appendEntries Timeout, request=a729cdbd-f787-49c0-8e2c-44f1fb27cdba->7d946ca7-a873-4723-b723-9ddee89d0bc7#128-t2, previous=(t:2, i:19), leaderCommit=15, initializing? false, entries: <empty>
2019-09-19 12:01:55,814 [java.util.concurrent.ThreadPoolExecutor$Worker@3540f9e3[State = -1, empty queue]] WARN  server.GrpcLogAppender (GrpcLogAppender.java:timeoutAppendRequest(200)) - a729cdbd-f787-49c0-8e2c-44f1fb27cdba@group-A9823C1EF766->ccaa8f46-a720-4c9d-b367-b8e62fb2ca31-GrpcLogAppender: appendEntries Timeout, request=a729cdbd-f787-49c0-8e2c-44f1fb27cdba->ccaa8f46-a720-4c9d-b367-b8e62fb2ca31#128-t2, previous=(t:2, i:19), leaderCommit=15, initializing? false, entries: <empty>
2019-09-19 12:01:56,062 [java.util.concurrent.ThreadPoolExecutor$Worker@6aaa628b[State = -1, empty queue]] WARN  server.GrpcLogAppender (GrpcLogAppender.java:timeoutAppendRequest(200)) - 0f3ef5c5-216f-4603-9049-7f6477ca6f67@group-E57B62D150CC->0eafe25b-eef3-4e6e-962a-cfdd69f48960-GrpcLogAppender: appendEntries Timeout, request=0f3ef5c5-216f-4603-9049-7f6477ca6f67->0eafe25b-eef3-4e6e-962a-cfdd69f48960#127-t2, previous=(t:2, i:18), leaderCommit=14, initializing? false, entries: <empty>
2019-09-19 12:01:56,063 [java.util.concurrent.ThreadPoolExecutor$Worker@41e0e92[State = -1, empty queue]] WARN  server.GrpcLogAppender (GrpcLogAppender.java:timeoutAppendRequest(200)) - 0f3ef5c5-216f-4603-9049-7f6477ca6f67@group-E57B62D150CC->ccd7891f-abf2-4840-bcfd-f7d46dfca276-GrpcLogAppender: appendEntries Timeout, request=0f3ef5c5-216f-4603-9049-7f6477ca6f67->ccd7891f-abf2-4840-bcfd-f7d46dfca276#127-t2, previous=(t:2, i:18), leaderCommit=14, initializing? false, entries: <empty>
2019-09-19 12:01:56,226 [grpc-default-executor-6] WARN  server.GrpcLogAppender (LogUtils.java:warn(134)) - 14eab2a7-31b9-4bf4-80ab-c0ebf925c262@group-F197496E7779->b61b9bc0-c8d8-4ce8-a569-0c84e6e62f96-AppendLogResponseHandler: Failed appendEntries: org.apache.ratis.thirdparty.io.grpc.StatusRuntimeException: UNAVAILABLE: io exception
2019-09-19 12:01:56,226 [grpc-default-executor-6] INFO  impl.FollowerInfo (FollowerInfo.java:lambda$new$0(51)) - 14eab2a7-31b9-4bf4-80ab-c0ebf925c262@group-F197496E7779->b61b9bc0-c8d8-4ce8-a569-0c84e6e62f96: nextIndex: updateUnconditionally 0 -> 0
2019-09-19 12:01:56,227 [grpc-default-executor-4] WARN  server.GrpcLogAppender (LogUtils.java:warn(134)) - 14eab2a7-31b9-4bf4-80ab-c0ebf925c262@group-F197496E7779->2fa9f0f6-b6af-48ee-80c5-dd8119aa09d6-AppendLogResponseHandler: Failed appendEntries: org.apache.ratis.thirdparty.io.grpc.StatusRuntimeException: UNAVAILABLE: io exception
2019-09-19 12:01:56,228 [grpc-default-executor-4] INFO  impl.FollowerInfo (FollowerInfo.java:lambda$new$0(51)) - 14eab2a7-31b9-4bf4-80ab-c0ebf925c262@group-F197496E7779->2fa9f0f6-b6af-48ee-80c5-dd8119aa09d6: nextIndex: updateUnconditionally 25 -> 24
2019-09-19 12:01:56,313 [java.util.concurrent.ThreadPoolExecutor$Worker@3e8d0eb4[State = -1, empty queue]] WARN  server.GrpcLogAppender (GrpcLogAppender.java:timeoutAppendRequest(200)) - a729cdbd-f787-49c0-8e2c-44f1fb27cdba@group-A9823C1EF766->7d946ca7-a873-4723-b723-9ddee89d0bc7-GrpcLogAppender: appendEntries Timeout, request=a729cdbd-f787-49c0-8e2c-44f1fb27cdba->7d946ca7-a873-4723-b723-9ddee89d0bc7#129-t2, previous=(t:2, i:19), leaderCommit=15, initializing? false, entries: <empty>
2019-09-19 12:01:56,314 [java.util.concurrent.ThreadPoolExecutor$Worker@3540f9e3[State = -1, empty queue]] WARN  server.GrpcLogAppender (GrpcLogAppender.java:timeoutAppendRequest(200)) - a729cdbd-f787-49c0-8e2c-44f1fb27cdba@group-A9823C1EF766->ccaa8f46-a720-4c9d-b367-b8e62fb2ca31-GrpcLogAppender: appendEntries Timeout, request=a729cdbd-f787-49c0-8e2c-44f1fb27cdba->ccaa8f46-a720-4c9d-b367-b8e62fb2ca31#129-t2, previous=(t:2, i:19), leaderCommit=15, initializing? false, entries: <empty>
2019-09-19 12:01:56,563 [java.util.concurrent.ThreadPoolExecutor$Worker@6aaa628b[State = -1, empty queue]] WARN  server.GrpcLogAppender (GrpcLogAppender.java:timeoutAppendRequest(200)) - 0f3ef5c5-216f-4603-9049-7f6477ca6f67@group-E57B62D150CC->0eafe25b-eef3-4e6e-962a-cfdd69f48960-GrpcLogAppender: appendEntries Timeout, request=0f3ef5c5-216f-4603-9049-7f6477ca6f67->0eafe25b-eef3-4e6e-962a-cfdd69f48960#128-t2, previous=(t:2, i:18), leaderCommit=14, initializing? false, entries: <empty>
2019-09-19 12:01:56,564 [java.util.concurrent.ThreadPoolExecutor$Worker@41e0e92[State = -1, empty queue]] WARN  server.GrpcLogAppender (GrpcLogAppender.java:timeoutAppendRequest(200)) - 0f3ef5c5-216f-4603-9049-7f6477ca6f67@group-E57B62D150CC->ccd7891f-abf2-4840-bcfd-f7d46dfca276-GrpcLogAppender: appendEntries Timeout, request=0f3ef5c5-216f-4603-9049-7f6477ca6f67->ccd7891f-abf2-4840-bcfd-f7d46dfca276#128-t2, previous=(t:2, i:18), leaderCommit=14, initializing? false, entries: <empty>
2019-09-19 12:01:56,727 [grpc-default-executor-1] WARN  server.GrpcLogAppender (LogUtils.java:warn(134)) - 14eab2a7-31b9-4bf4-80ab-c0ebf925c262@group-F197496E7779->b61b9bc0-c8d8-4ce8-a569-0c84e6e62f96-AppendLogResponseHandler: Failed appendEntries: org.apache.ratis.thirdparty.io.grpc.StatusRuntimeException: UNAVAILABLE: io exception
2019-09-19 12:01:56,728 [grpc-default-executor-1] INFO  impl.FollowerInfo (FollowerInfo.java:lambda$new$0(51)) - 14eab2a7-31b9-4bf4-80ab-c0ebf925c262@group-F197496E7779->b61b9bc0-c8d8-4ce8-a569-0c84e6e62f96: nextIndex: updateUnconditionally 0 -> 0
2019-09-19 12:01:56,728 [grpc-default-executor-6] WARN  server.GrpcLogAppender (LogUtils.java:warn(134)) - 14eab2a7-31b9-4bf4-80ab-c0ebf925c262@group-F197496E7779->2fa9f0f6-b6af-48ee-80c5-dd8119aa09d6-AppendLogResponseHandler: Failed appendEntries: org.apache.ratis.thirdparty.io.grpc.StatusRuntimeException: UNAVAILABLE: io exception
2019-09-19 12:01:56,729 [grpc-default-executor-6] INFO  impl.FollowerInfo (FollowerInfo.java:lambda$new$0(51)) - 14eab2a7-31b9-4bf4-80ab-c0ebf925c262@group-F197496E7779->2fa9f0f6-b6af-48ee-80c5-dd8119aa09d6: nextIndex: updateUnconditionally 24 -> 23
2019-09-19 12:01:56,815 [java.util.concurrent.ThreadPoolExecutor$Worker@3540f9e3[State = -1, empty queue]] WARN  server.GrpcLogAppender (GrpcLogAppender.java:timeoutAppendRequest(200)) - a729cdbd-f787-49c0-8e2c-44f1fb27cdba@group-A9823C1EF766->ccaa8f46-a720-4c9d-b367-b8e62fb2ca31-GrpcLogAppender: appendEntries Timeout, request=a729cdbd-f787-49c0-8e2c-44f1fb27cdba->ccaa8f46-a720-4c9d-b367-b8e62fb2ca31#130-t2, previous=(t:2, i:19), leaderCommit=15, initializing? false, entries: <empty>
2019-09-19 12:01:56,815 [java.util.concurrent.ThreadPoolExecutor$Worker@3e8d0eb4[State = -1, empty queue]] WARN  server.GrpcLogAppender (GrpcLogAppender.java:timeoutAppendRequest(200)) - a729cdbd-f787-49c0-8e2c-44f1fb27cdba@group-A9823C1EF766->7d946ca7-a873-4723-b723-9ddee89d0bc7-GrpcLogAppender: appendEntries Timeout, request=a729cdbd-f787-49c0-8e2c-44f1fb27cdba->7d946ca7-a873-4723-b723-9ddee89d0bc7#130-t2, previous=(t:2, i:19), leaderCommit=15, initializing? false, entries: <empty>
2019-09-19 12:01:57,063 [java.util.concurrent.ThreadPoolExecutor$Worker@6aaa628b[State = -1, empty queue]] WARN  server.GrpcLogAppender (GrpcLogAppender.java:timeoutAppendRequest(200)) - 0f3ef5c5-216f-4603-9049-7f6477ca6f67@group-E57B62D150CC->0eafe25b-eef3-4e6e-962a-cfdd69f48960-GrpcLogAppender: appendEntries Timeout, request=0f3ef5c5-216f-4603-9049-7f6477ca6f67->0eafe25b-eef3-4e6e-962a-cfdd69f48960#129-t2, previous=(t:2, i:18), leaderCommit=14, initializing? false, entries: <empty>
2019-09-19 12:01:57,064 [java.util.concurrent.ThreadPoolExecutor$Worker@41e0e92[State = -1, empty queue]] WARN  server.GrpcLogAppender (GrpcLogAppender.java:timeoutAppendRequest(200)) - 0f3ef5c5-216f-4603-9049-7f6477ca6f67@group-E57B62D150CC->ccd7891f-abf2-4840-bcfd-f7d46dfca276-GrpcLogAppender: appendEntries Timeout, request=0f3ef5c5-216f-4603-9049-7f6477ca6f67->ccd7891f-abf2-4840-bcfd-f7d46dfca276#129-t2, previous=(t:2, i:18), leaderCommit=14, initializing? false, entries: <empty>
2019-09-19 12:01:57,229 [grpc-default-executor-4] WARN  server.GrpcLogAppender (LogUtils.java:warn(134)) - 14eab2a7-31b9-4bf4-80ab-c0ebf925c262@group-F197496E7779->b61b9bc0-c8d8-4ce8-a569-0c84e6e62f96-AppendLogResponseHandler: Failed appendEntries: org.apache.ratis.thirdparty.io.grpc.StatusRuntimeException: UNAVAILABLE: io exception
2019-09-19 12:01:57,229 [grpc-default-executor-5] WARN  server.GrpcLogAppender (LogUtils.java:warn(134)) - 14eab2a7-31b9-4bf4-80ab-c0ebf925c262@group-F197496E7779->2fa9f0f6-b6af-48ee-80c5-dd8119aa09d6-AppendLogResponseHandler: Failed appendEntries: org.apache.ratis.thirdparty.io.grpc.StatusRuntimeException: UNAVAILABLE: io exception
2019-09-19 12:01:57,229 [grpc-default-executor-4] INFO  impl.FollowerInfo (FollowerInfo.java:lambda$new$0(51)) - 14eab2a7-31b9-4bf4-80ab-c0ebf925c262@group-F197496E7779->b61b9bc0-c8d8-4ce8-a569-0c84e6e62f96: nextIndex: updateUnconditionally 0 -> 0
2019-09-19 12:01:57,230 [grpc-default-executor-5] INFO  impl.FollowerInfo (FollowerInfo.java:lambda$new$0(51)) - 14eab2a7-31b9-4bf4-80ab-c0ebf925c262@group-F197496E7779->2fa9f0f6-b6af-48ee-80c5-dd8119aa09d6: nextIndex: updateUnconditionally 23 -> 22
2019-09-19 12:01:57,316 [java.util.concurrent.ThreadPoolExecutor$Worker@3e8d0eb4[State = -1, empty queue]] WARN  server.GrpcLogAppender (GrpcLogAppender.java:timeoutAppendRequest(200)) - a729cdbd-f787-49c0-8e2c-44f1fb27cdba@group-A9823C1EF766->7d946ca7-a873-4723-b723-9ddee89d0bc7-GrpcLogAppender: appendEntries Timeout, request=a729cdbd-f787-49c0-8e2c-44f1fb27cdba->7d946ca7-a873-4723-b723-9ddee89d0bc7#131-t2, previous=(t:2, i:19), leaderCommit=15, initializing? false, entries: <empty>
2019-09-19 12:01:57,316 [java.util.concurrent.ThreadPoolExecutor$Worker@3540f9e3[State = -1, empty queue]] WARN  server.GrpcLogAppender (GrpcLogAppender.java:timeoutAppendRequest(200)) - a729cdbd-f787-49c0-8e2c-44f1fb27cdba@group-A9823C1EF766->ccaa8f46-a720-4c9d-b367-b8e62fb2ca31-GrpcLogAppender: appendEntries Timeout, request=a729cdbd-f787-49c0-8e2c-44f1fb27cdba->ccaa8f46-a720-4c9d-b367-b8e62fb2ca31#131-t2, previous=(t:2, i:19), leaderCommit=15, initializing? false, entries: <empty>
2019-09-19 12:01:57,563 [java.util.concurrent.ThreadPoolExecutor$Worker@6aaa628b[State = -1, empty queue]] WARN  server.GrpcLogAppender (GrpcLogAppender.java:timeoutAppendRequest(200)) - 0f3ef5c5-216f-4603-9049-7f6477ca6f67@group-E57B62D150CC->0eafe25b-eef3-4e6e-962a-cfdd69f48960-GrpcLogAppender: appendEntries Timeout, request=0f3ef5c5-216f-4603-9049-7f6477ca6f67->0eafe25b-eef3-4e6e-962a-cfdd69f48960#130-t2, previous=(t:2, i:18), leaderCommit=14, initializing? false, entries: <empty>
2019-09-19 12:01:57,564 [java.util.concurrent.ThreadPoolExecutor$Worker@41e0e92[State = -1, empty queue]] WARN  server.GrpcLogAppender (GrpcLogAppender.java:timeoutAppendRequest(200)) - 0f3ef5c5-216f-4603-9049-7f6477ca6f67@group-E57B62D150CC->ccd7891f-abf2-4840-bcfd-f7d46dfca276-GrpcLogAppender: appendEntries Timeout, request=0f3ef5c5-216f-4603-9049-7f6477ca6f67->ccd7891f-abf2-4840-bcfd-f7d46dfca276#130-t2, previous=(t:2, i:18), leaderCommit=14, initializing? false, entries: <empty>
2019-09-19 12:01:57,731 [grpc-default-executor-5] WARN  server.GrpcLogAppender (LogUtils.java:warn(134)) - 14eab2a7-31b9-4bf4-80ab-c0ebf925c262@group-F197496E7779->b61b9bc0-c8d8-4ce8-a569-0c84e6e62f96-AppendLogResponseHandler: Failed appendEntries: org.apache.ratis.thirdparty.io.grpc.StatusRuntimeException: UNAVAILABLE: io exception
2019-09-19 12:01:57,731 [grpc-default-executor-4] WARN  server.GrpcLogAppender (LogUtils.java:warn(134)) - 14eab2a7-31b9-4bf4-80ab-c0ebf925c262@group-F197496E7779->2fa9f0f6-b6af-48ee-80c5-dd8119aa09d6-AppendLogResponseHandler: Failed appendEntries: org.apache.ratis.thirdparty.io.grpc.StatusRuntimeException: UNAVAILABLE: io exception
2019-09-19 12:01:57,731 [grpc-default-executor-5] INFO  impl.FollowerInfo (FollowerInfo.java:lambda$new$0(51)) - 14eab2a7-31b9-4bf4-80ab-c0ebf925c262@group-F197496E7779->b61b9bc0-c8d8-4ce8-a569-0c84e6e62f96: nextIndex: updateUnconditionally 0 -> 0
2019-09-19 12:01:57,732 [grpc-default-executor-4] INFO  impl.FollowerInfo (FollowerInfo.java:lambda$new$0(51)) - 14eab2a7-31b9-4bf4-80ab-c0ebf925c262@group-F197496E7779->2fa9f0f6-b6af-48ee-80c5-dd8119aa09d6: nextIndex: updateUnconditionally 22 -> 21
2019-09-19 12:01:57,761 [Thread-1279] INFO  client.GrpcClientProtocolService (GrpcClientProtocolService.java:lambda$processClientRequest$0(278)) - Failed RaftClientRequest:client-C0EB156BC6EE->14eab2a7-31b9-4bf4-80ab-c0ebf925c262@group-F197496E7779, cid=59, seq=0, Watch-ALL_COMMITTED(21), Message:<EMPTY>, reply=RaftClientReply:client-C0EB156BC6EE->14eab2a7-31b9-4bf4-80ab-c0ebf925c262@group-F197496E7779, cid=59, FAILED org.apache.ratis.protocol.NotReplicatedException: Request with call Id 59 and log index 21 is not yet replicated to ALL_COMMITTED, logIndex=21, commits[14eab2a7-31b9-4bf4-80ab-c0ebf925c262:c30, 2fa9f0f6-b6af-48ee-80c5-dd8119aa09d6:c30, b61b9bc0-c8d8-4ce8-a569-0c84e6e62f96:c16]
2019-09-19 12:01:57,816 [java.util.concurrent.ThreadPoolExecutor$Worker@3e8d0eb4[State = -1, empty queue]] WARN  server.GrpcLogAppender (GrpcLogAppender.java:timeoutAppendRequest(200)) - a729cdbd-f787-49c0-8e2c-44f1fb27cdba@group-A9823C1EF766->7d946ca7-a873-4723-b723-9ddee89d0bc7-GrpcLogAppender: appendEntries Timeout, request=a729cdbd-f787-49c0-8e2c-44f1fb27cdba->7d946ca7-a873-4723-b723-9ddee89d0bc7#132-t2, previous=(t:2, i:19), leaderCommit=15, initializing? false, entries: <empty>
2019-09-19 12:01:57,816 [java.util.concurrent.ThreadPoolExecutor$Worker@3540f9e3[State = -1, empty queue]] WARN  server.GrpcLogAppender (GrpcLogAppender.java:timeoutAppendRequest(200)) - a729cdbd-f787-49c0-8e2c-44f1fb27cdba@group-A9823C1EF766->ccaa8f46-a720-4c9d-b367-b8e62fb2ca31-GrpcLogAppender: appendEntries Timeout, request=a729cdbd-f787-49c0-8e2c-44f1fb27cdba->ccaa8f46-a720-4c9d-b367-b8e62fb2ca31#132-t2, previous=(t:2, i:19), leaderCommit=15, initializing? false, entries: <empty>
2019-09-19 12:01:58,064 [java.util.concurrent.ThreadPoolExecutor$Worker@6aaa628b[State = -1, empty queue]] WARN  server.GrpcLogAppender (GrpcLogAppender.java:timeoutAppendRequest(200)) - 0f3ef5c5-216f-4603-9049-7f6477ca6f67@group-E57B62D150CC->0eafe25b-eef3-4e6e-962a-cfdd69f48960-GrpcLogAppender: appendEntries Timeout, request=0f3ef5c5-216f-4603-9049-7f6477ca6f67->0eafe25b-eef3-4e6e-962a-cfdd69f48960#131-t2, previous=(t:2, i:18), leaderCommit=14, initializing? false, entries: <empty>
2019-09-19 12:01:58,064 [java.util.concurrent.ThreadPoolExecutor$Worker@41e0e92[State = -1, empty queue]] WARN  server.GrpcLogAppender (GrpcLogAppender.java:timeoutAppendRequest(200)) - 0f3ef5c5-216f-4603-9049-7f6477ca6f67@group-E57B62D150CC->ccd7891f-abf2-4840-bcfd-f7d46dfca276-GrpcLogAppender: appendEntries Timeout, request=0f3ef5c5-216f-4603-9049-7f6477ca6f67->ccd7891f-abf2-4840-bcfd-f7d46dfca276#131-t2, previous=(t:2, i:18), leaderCommit=14, initializing? false, entries: <empty>
2019-09-19 12:01:58,231 [grpc-default-executor-5] WARN  server.GrpcLogAppender (LogUtils.java:warn(134)) - 14eab2a7-31b9-4bf4-80ab-c0ebf925c262@group-F197496E7779->b61b9bc0-c8d8-4ce8-a569-0c84e6e62f96-AppendLogResponseHandler: Failed appendEntries: org.apache.ratis.thirdparty.io.grpc.StatusRuntimeException: UNAVAILABLE: io exception
2019-09-19 12:01:58,236 [grpc-default-executor-1] WARN  server.GrpcLogAppender (LogUtils.java:warn(134)) - 14eab2a7-31b9-4bf4-80ab-c0ebf925c262@group-F197496E7779->2fa9f0f6-b6af-48ee-80c5-dd8119aa09d6-AppendLogResponseHandler: Failed appendEntries: org.apache.ratis.thirdparty.io.grpc.StatusRuntimeException: UNAVAILABLE: io exception
2019-09-19 12:01:58,242 [grpc-default-executor-5] INFO  impl.FollowerInfo (FollowerInfo.java:lambda$new$0(51)) - 14eab2a7-31b9-4bf4-80ab-c0ebf925c262@group-F197496E7779->b61b9bc0-c8d8-4ce8-a569-0c84e6e62f96: nextIndex: updateUnconditionally 0 -> 0
2019-09-19 12:01:58,243 [grpc-default-executor-1] INFO  impl.FollowerInfo (FollowerInfo.java:lambda$new$0(51)) - 14eab2a7-31b9-4bf4-80ab-c0ebf925c262@group-F197496E7779->2fa9f0f6-b6af-48ee-80c5-dd8119aa09d6: nextIndex: updateUnconditionally 21 -> 20
2019-09-19 12:01:58,316 [java.util.concurrent.ThreadPoolExecutor$Worker@3540f9e3[State = -1, empty queue]] WARN  server.GrpcLogAppender (GrpcLogAppender.java:timeoutAppendRequest(200)) - a729cdbd-f787-49c0-8e2c-44f1fb27cdba@group-A9823C1EF766->ccaa8f46-a720-4c9d-b367-b8e62fb2ca31-GrpcLogAppender: appendEntries Timeout, request=a729cdbd-f787-49c0-8e2c-44f1fb27cdba->ccaa8f46-a720-4c9d-b367-b8e62fb2ca31#133-t2, previous=(t:2, i:19), leaderCommit=15, initializing? false, entries: <empty>
2019-09-19 12:01:58,316 [java.util.concurrent.ThreadPoolExecutor$Worker@3e8d0eb4[State = -1, empty queue]] WARN  server.GrpcLogAppender (GrpcLogAppender.java:timeoutAppendRequest(200)) - a729cdbd-f787-49c0-8e2c-44f1fb27cdba@group-A9823C1EF766->7d946ca7-a873-4723-b723-9ddee89d0bc7-GrpcLogAppender: appendEntries Timeout, request=a729cdbd-f787-49c0-8e2c-44f1fb27cdba->7d946ca7-a873-4723-b723-9ddee89d0bc7#133-t2, previous=(t:2, i:19), leaderCommit=15, initializing? false, entries: <empty>
2019-09-19 12:01:58,564 [java.util.concurrent.ThreadPoolExecutor$Worker@6aaa628b[State = -1, empty queue]] WARN  server.GrpcLogAppender (GrpcLogAppender.java:timeoutAppendRequest(200)) - 0f3ef5c5-216f-4603-9049-7f6477ca6f67@group-E57B62D150CC->0eafe25b-eef3-4e6e-962a-cfdd69f48960-GrpcLogAppender: appendEntries Timeout, request=0f3ef5c5-216f-4603-9049-7f6477ca6f67->0eafe25b-eef3-4e6e-962a-cfdd69f48960#132-t2, previous=(t:2, i:18), leaderCommit=14, initializing? false, entries: <empty>
2019-09-19 12:01:58,565 [java.util.concurrent.ThreadPoolExecutor$Worker@41e0e92[State = -1, empty queue]] WARN  server.GrpcLogAppender (GrpcLogAppender.java:timeoutAppendRequest(200)) - 0f3ef5c5-216f-4603-9049-7f6477ca6f67@group-E57B62D150CC->ccd7891f-abf2-4840-bcfd-f7d46dfca276-GrpcLogAppender: appendEntries Timeout, request=0f3ef5c5-216f-4603-9049-7f6477ca6f67->ccd7891f-abf2-4840-bcfd-f7d46dfca276#132-t2, previous=(t:2, i:18), leaderCommit=14, initializing? false, entries: <empty>
2019-09-19 12:01:58,733 [grpc-default-executor-5] WARN  server.GrpcLogAppender (LogUtils.java:warn(134)) - 14eab2a7-31b9-4bf4-80ab-c0ebf925c262@group-F197496E7779->2fa9f0f6-b6af-48ee-80c5-dd8119aa09d6-AppendLogResponseHandler: Failed appendEntries: org.apache.ratis.thirdparty.io.grpc.StatusRuntimeException: UNAVAILABLE: io exception
2019-09-19 12:01:58,733 [grpc-default-executor-6] WARN  server.GrpcLogAppender (LogUtils.java:warn(134)) - 14eab2a7-31b9-4bf4-80ab-c0ebf925c262@group-F197496E7779->b61b9bc0-c8d8-4ce8-a569-0c84e6e62f96-AppendLogResponseHandler: Failed appendEntries: org.apache.ratis.thirdparty.io.grpc.StatusRuntimeException: UNAVAILABLE: io exception
2019-09-19 12:01:58,734 [grpc-default-executor-5] INFO  impl.FollowerInfo (FollowerInfo.java:lambda$new$0(51)) - 14eab2a7-31b9-4bf4-80ab-c0ebf925c262@group-F197496E7779->2fa9f0f6-b6af-48ee-80c5-dd8119aa09d6: nextIndex: updateUnconditionally 20 -> 19
2019-09-19 12:01:58,734 [grpc-default-executor-6] INFO  impl.FollowerInfo (FollowerInfo.java:lambda$new$0(51)) - 14eab2a7-31b9-4bf4-80ab-c0ebf925c262@group-F197496E7779->b61b9bc0-c8d8-4ce8-a569-0c84e6e62f96: nextIndex: updateUnconditionally 0 -> 0
2019-09-19 12:01:58,816 [java.util.concurrent.ThreadPoolExecutor$Worker@3e8d0eb4[State = -1, empty queue]] WARN  server.GrpcLogAppender (GrpcLogAppender.java:timeoutAppendRequest(200)) - a729cdbd-f787-49c0-8e2c-44f1fb27cdba@group-A9823C1EF766->7d946ca7-a873-4723-b723-9ddee89d0bc7-GrpcLogAppender: appendEntries Timeout, request=a729cdbd-f787-49c0-8e2c-44f1fb27cdba->7d946ca7-a873-4723-b723-9ddee89d0bc7#134-t2, previous=(t:2, i:19), leaderCommit=15, initializing? false, entries: <empty>
2019-09-19 12:01:58,816 [java.util.concurrent.ThreadPoolExecutor$Worker@3540f9e3[State = -1, empty queue]] WARN  server.GrpcLogAppender (GrpcLogAppender.java:timeoutAppendRequest(200)) - a729cdbd-f787-49c0-8e2c-44f1fb27cdba@group-A9823C1EF766->ccaa8f46-a720-4c9d-b367-b8e62fb2ca31-GrpcLogAppender: appendEntries Timeout, request=a729cdbd-f787-49c0-8e2c-44f1fb27cdba->ccaa8f46-a720-4c9d-b367-b8e62fb2ca31#134-t2, previous=(t:2, i:19), leaderCommit=15, initializing? false, entries: <empty>
2019-09-19 12:01:59,064 [java.util.concurrent.ThreadPoolExecutor$Worker@6aaa628b[State = -1, empty queue]] WARN  server.GrpcLogAppender (GrpcLogAppender.java:timeoutAppendRequest(200)) - 0f3ef5c5-216f-4603-9049-7f6477ca6f67@group-E57B62D150CC->0eafe25b-eef3-4e6e-962a-cfdd69f48960-GrpcLogAppender: appendEntries Timeout, request=0f3ef5c5-216f-4603-9049-7f6477ca6f67->0eafe25b-eef3-4e6e-962a-cfdd69f48960#133-t2, previous=(t:2, i:18), leaderCommit=14, initializing? false, entries: <empty>
2019-09-19 12:01:59,065 [java.util.concurrent.ThreadPoolExecutor$Worker@41e0e92[State = -1, empty queue]] WARN  server.GrpcLogAppender (GrpcLogAppender.java:timeoutAppendRequest(200)) - 0f3ef5c5-216f-4603-9049-7f6477ca6f67@group-E57B62D150CC->ccd7891f-abf2-4840-bcfd-f7d46dfca276-GrpcLogAppender: appendEntries Timeout, request=0f3ef5c5-216f-4603-9049-7f6477ca6f67->ccd7891f-abf2-4840-bcfd-f7d46dfca276#133-t2, previous=(t:2, i:18), leaderCommit=14, initializing? false, entries: <empty>
2019-09-19 12:01:59,233 [grpc-default-executor-2] WARN  server.GrpcLogAppender (LogUtils.java:warn(134)) - 14eab2a7-31b9-4bf4-80ab-c0ebf925c262@group-F197496E7779->2fa9f0f6-b6af-48ee-80c5-dd8119aa09d6-AppendLogResponseHandler: Failed appendEntries: org.apache.ratis.thirdparty.io.grpc.StatusRuntimeException: UNAVAILABLE: io exception
2019-09-19 12:01:59,233 [grpc-default-executor-5] WARN  server.GrpcLogAppender (LogUtils.java:warn(134)) - 14eab2a7-31b9-4bf4-80ab-c0ebf925c262@group-F197496E7779->b61b9bc0-c8d8-4ce8-a569-0c84e6e62f96-AppendLogResponseHandler: Failed appendEntries: org.apache.ratis.thirdparty.io.grpc.StatusRuntimeException: UNAVAILABLE: io exception
2019-09-19 12:01:59,234 [grpc-default-executor-2] INFO  impl.FollowerInfo (FollowerInfo.java:lambda$new$0(51)) - 14eab2a7-31b9-4bf4-80ab-c0ebf925c262@group-F197496E7779->2fa9f0f6-b6af-48ee-80c5-dd8119aa09d6: nextIndex: updateUnconditionally 19 -> 18
2019-09-19 12:01:59,234 [grpc-default-executor-5] INFO  impl.FollowerInfo (FollowerInfo.java:lambda$new$0(51)) - 14eab2a7-31b9-4bf4-80ab-c0ebf925c262@group-F197496E7779->b61b9bc0-c8d8-4ce8-a569-0c84e6e62f96: nextIndex: updateUnconditionally 0 -> 0
2019-09-19 12:01:59,317 [java.util.concurrent.ThreadPoolExecutor$Worker@3e8d0eb4[State = -1, empty queue]] WARN  server.GrpcLogAppender (GrpcLogAppender.java:timeoutAppendRequest(200)) - a729cdbd-f787-49c0-8e2c-44f1fb27cdba@group-A9823C1EF766->7d946ca7-a873-4723-b723-9ddee89d0bc7-GrpcLogAppender: appendEntries Timeout, request=a729cdbd-f787-49c0-8e2c-44f1fb27cdba->7d946ca7-a873-4723-b723-9ddee89d0bc7#135-t2, previous=(t:2, i:19), leaderCommit=15, initializing? false, entries: <empty>
2019-09-19 12:01:59,317 [java.util.concurrent.ThreadPoolExecutor$Worker@3540f9e3[State = -1, empty queue]] WARN  server.GrpcLogAppender (GrpcLogAppender.java:timeoutAppendRequest(200)) - a729cdbd-f787-49c0-8e2c-44f1fb27cdba@group-A9823C1EF766->ccaa8f46-a720-4c9d-b367-b8e62fb2ca31-GrpcLogAppender: appendEntries Timeout, request=a729cdbd-f787-49c0-8e2c-44f1fb27cdba->ccaa8f46-a720-4c9d-b367-b8e62fb2ca31#135-t2, previous=(t:2, i:19), leaderCommit=15, initializing? false, entries: <empty>
2019-09-19 12:01:59,564 [java.util.concurrent.ThreadPoolExecutor$Worker@6aaa628b[State = -1, empty queue]] WARN  server.GrpcLogAppender (GrpcLogAppender.java:timeoutAppendRequest(200)) - 0f3ef5c5-216f-4603-9049-7f6477ca6f67@group-E57B62D150CC->0eafe25b-eef3-4e6e-962a-cfdd69f48960-GrpcLogAppender: appendEntries Timeout, request=0f3ef5c5-216f-4603-9049-7f6477ca6f67->0eafe25b-eef3-4e6e-962a-cfdd69f48960#134-t2, previous=(t:2, i:18), leaderCommit=14, initializing? false, entries: <empty>
2019-09-19 12:01:59,565 [java.util.concurrent.ThreadPoolExecutor$Worker@41e0e92[State = -1, empty queue]] WARN  server.GrpcLogAppender (GrpcLogAppender.java:timeoutAppendRequest(200)) - 0f3ef5c5-216f-4603-9049-7f6477ca6f67@group-E57B62D150CC->ccd7891f-abf2-4840-bcfd-f7d46dfca276-GrpcLogAppender: appendEntries Timeout, request=0f3ef5c5-216f-4603-9049-7f6477ca6f67->ccd7891f-abf2-4840-bcfd-f7d46dfca276#134-t2, previous=(t:2, i:18), leaderCommit=14, initializing? false, entries: <empty>
2019-09-19 12:01:59,699 [a729cdbd-f787-49c0-8e2c-44f1fb27cdba@group-A9823C1EF766-SegmentedRaftLogWorker] WARN  segmented.SegmentedRaftLogWorker (SegmentedRaftLogWorker.java:getFromFuture(90)) - Timeout 5/~
org.apache.ratis.protocol.TimeoutIOException: Timeout 10s: WriteLog:18: (t:2, i:18), STATEMACHINELOGENTRY, client-E7F445D3456E, cid=39-writeStateMachineData
	at org.apache.ratis.util.IOUtils.getFromFuture(IOUtils.java:87)
	at org.apache.ratis.server.raftlog.segmented.SegmentedRaftLogWorker$StateMachineDataPolicy.getFromFuture(SegmentedRaftLogWorker.java:87)
	at org.apache.ratis.server.raftlog.segmented.SegmentedRaftLogWorker$WriteLog.execute(SegmentedRaftLogWorker.java:477)
	at org.apache.ratis.server.raftlog.segmented.SegmentedRaftLogWorker.run(SegmentedRaftLogWorker.java:289)
	at java.lang.Thread.run(Thread.java:748)
Caused by: java.util.concurrent.TimeoutException
	at java.util.concurrent.CompletableFuture.timedGet(CompletableFuture.java:1771)
	at java.util.concurrent.CompletableFuture.get(CompletableFuture.java:1915)
	at org.apache.ratis.util.IOUtils.getFromFuture(IOUtils.java:79)
	... 4 more
2019-09-19 12:01:59,699 [7d946ca7-a873-4723-b723-9ddee89d0bc7@group-A9823C1EF766-SegmentedRaftLogWorker] WARN  segmented.SegmentedRaftLogWorker (SegmentedRaftLogWorker.java:getFromFuture(90)) - Timeout 5/~
org.apache.ratis.protocol.TimeoutIOException: Timeout 10s: WriteLog:18: (t:2, i:18), STATEMACHINELOGENTRY, client-E7F445D3456E, cid=39-writeStateMachineData
	at org.apache.ratis.util.IOUtils.getFromFuture(IOUtils.java:87)
	at org.apache.ratis.server.raftlog.segmented.SegmentedRaftLogWorker$StateMachineDataPolicy.getFromFuture(SegmentedRaftLogWorker.java:87)
	at org.apache.ratis.server.raftlog.segmented.SegmentedRaftLogWorker$WriteLog.execute(SegmentedRaftLogWorker.java:477)
	at org.apache.ratis.server.raftlog.segmented.SegmentedRaftLogWorker.run(SegmentedRaftLogWorker.java:289)
	at java.lang.Thread.run(Thread.java:748)
Caused by: java.util.concurrent.TimeoutException
	at java.util.concurrent.CompletableFuture.timedGet(CompletableFuture.java:1771)
	at java.util.concurrent.CompletableFuture.get(CompletableFuture.java:1915)
	at org.apache.ratis.util.IOUtils.getFromFuture(IOUtils.java:79)
	... 4 more
2019-09-19 12:01:59,700 [ccaa8f46-a720-4c9d-b367-b8e62fb2ca31@group-A9823C1EF766-SegmentedRaftLogWorker] WARN  segmented.SegmentedRaftLogWorker (SegmentedRaftLogWorker.java:getFromFuture(90)) - Timeout 5/~
org.apache.ratis.protocol.TimeoutIOException: Timeout 10s: WriteLog:18: (t:2, i:18), STATEMACHINELOGENTRY, client-E7F445D3456E, cid=39-writeStateMachineData
	at org.apache.ratis.util.IOUtils.getFromFuture(IOUtils.java:87)
	at org.apache.ratis.server.raftlog.segmented.SegmentedRaftLogWorker$StateMachineDataPolicy.getFromFuture(SegmentedRaftLogWorker.java:87)
	at org.apache.ratis.server.raftlog.segmented.SegmentedRaftLogWorker$WriteLog.execute(SegmentedRaftLogWorker.java:477)
	at org.apache.ratis.server.raftlog.segmented.SegmentedRaftLogWorker.run(SegmentedRaftLogWorker.java:289)
	at java.lang.Thread.run(Thread.java:748)
Caused by: java.util.concurrent.TimeoutException
	at java.util.concurrent.CompletableFuture.timedGet(CompletableFuture.java:1771)
	at java.util.concurrent.CompletableFuture.get(CompletableFuture.java:1915)
	at org.apache.ratis.util.IOUtils.getFromFuture(IOUtils.java:79)
	... 4 more
2019-09-19 12:01:59,734 [grpc-default-executor-3] WARN  server.GrpcLogAppender (LogUtils.java:warn(134)) - 14eab2a7-31b9-4bf4-80ab-c0ebf925c262@group-F197496E7779->2fa9f0f6-b6af-48ee-80c5-dd8119aa09d6-AppendLogResponseHandler: Failed appendEntries: org.apache.ratis.thirdparty.io.grpc.StatusRuntimeException: UNAVAILABLE: io exception
2019-09-19 12:01:59,734 [grpc-default-executor-4] WARN  server.GrpcLogAppender (LogUtils.java:warn(134)) - 14eab2a7-31b9-4bf4-80ab-c0ebf925c262@group-F197496E7779->b61b9bc0-c8d8-4ce8-a569-0c84e6e62f96-AppendLogResponseHandler: Failed appendEntries: org.apache.ratis.thirdparty.io.grpc.StatusRuntimeException: UNAVAILABLE: io exception
2019-09-19 12:01:59,735 [grpc-default-executor-3] INFO  impl.FollowerInfo (FollowerInfo.java:lambda$new$0(51)) - 14eab2a7-31b9-4bf4-80ab-c0ebf925c262@group-F197496E7779->2fa9f0f6-b6af-48ee-80c5-dd8119aa09d6: nextIndex: updateUnconditionally 18 -> 17
2019-09-19 12:01:59,735 [grpc-default-executor-4] INFO  impl.FollowerInfo (FollowerInfo.java:lambda$new$0(51)) - 14eab2a7-31b9-4bf4-80ab-c0ebf925c262@group-F197496E7779->b61b9bc0-c8d8-4ce8-a569-0c84e6e62f96: nextIndex: updateUnconditionally 0 -> 0
2019-09-19 12:01:59,817 [java.util.concurrent.ThreadPoolExecutor$Worker@3e8d0eb4[State = -1, empty queue]] WARN  server.GrpcLogAppender (GrpcLogAppender.java:timeoutAppendRequest(200)) - a729cdbd-f787-49c0-8e2c-44f1fb27cdba@group-A9823C1EF766->7d946ca7-a873-4723-b723-9ddee89d0bc7-GrpcLogAppender: appendEntries Timeout, request=a729cdbd-f787-49c0-8e2c-44f1fb27cdba->7d946ca7-a873-4723-b723-9ddee89d0bc7#136-t2, previous=(t:2, i:19), leaderCommit=15, initializing? false, entries: <empty>
2019-09-19 12:01:59,817 [java.util.concurrent.ThreadPoolExecutor$Worker@3540f9e3[State = -1, empty queue]] WARN  server.GrpcLogAppender (GrpcLogAppender.java:timeoutAppendRequest(200)) - a729cdbd-f787-49c0-8e2c-44f1fb27cdba@group-A9823C1EF766->ccaa8f46-a720-4c9d-b367-b8e62fb2ca31-GrpcLogAppender: appendEntries Timeout, request=a729cdbd-f787-49c0-8e2c-44f1fb27cdba->ccaa8f46-a720-4c9d-b367-b8e62fb2ca31#136-t2, previous=(t:2, i:19), leaderCommit=15, initializing? false, entries: <empty>
2019-09-19 12:02:00,065 [java.util.concurrent.ThreadPoolExecutor$Worker@6aaa628b[State = -1, empty queue]] WARN  server.GrpcLogAppender (GrpcLogAppender.java:timeoutAppendRequest(200)) - 0f3ef5c5-216f-4603-9049-7f6477ca6f67@group-E57B62D150CC->0eafe25b-eef3-4e6e-962a-cfdd69f48960-GrpcLogAppender: appendEntries Timeout, request=0f3ef5c5-216f-4603-9049-7f6477ca6f67->0eafe25b-eef3-4e6e-962a-cfdd69f48960#135-t2, previous=(t:2, i:18), leaderCommit=14, initializing? false, entries: <empty>
2019-09-19 12:02:00,065 [java.util.concurrent.ThreadPoolExecutor$Worker@41e0e92[State = -1, empty queue]] WARN  server.GrpcLogAppender (GrpcLogAppender.java:timeoutAppendRequest(200)) - 0f3ef5c5-216f-4603-9049-7f6477ca6f67@group-E57B62D150CC->ccd7891f-abf2-4840-bcfd-f7d46dfca276-GrpcLogAppender: appendEntries Timeout, request=0f3ef5c5-216f-4603-9049-7f6477ca6f67->ccd7891f-abf2-4840-bcfd-f7d46dfca276#135-t2, previous=(t:2, i:18), leaderCommit=14, initializing? false, entries: <empty>
2019-09-19 12:02:00,236 [grpc-default-executor-6] WARN  server.GrpcLogAppender (LogUtils.java:warn(134)) - 14eab2a7-31b9-4bf4-80ab-c0ebf925c262@group-F197496E7779->2fa9f0f6-b6af-48ee-80c5-dd8119aa09d6-AppendLogResponseHandler: Failed appendEntries: org.apache.ratis.thirdparty.io.grpc.StatusRuntimeException: UNAVAILABLE: io exception
2019-09-19 12:02:00,236 [grpc-default-executor-4] WARN  server.GrpcLogAppender (LogUtils.java:warn(134)) - 14eab2a7-31b9-4bf4-80ab-c0ebf925c262@group-F197496E7779->b61b9bc0-c8d8-4ce8-a569-0c84e6e62f96-AppendLogResponseHandler: Failed appendEntries: org.apache.ratis.thirdparty.io.grpc.StatusRuntimeException: UNAVAILABLE: io exception
2019-09-19 12:02:00,236 [grpc-default-executor-6] INFO  impl.FollowerInfo (FollowerInfo.java:lambda$new$0(51)) - 14eab2a7-31b9-4bf4-80ab-c0ebf925c262@group-F197496E7779->2fa9f0f6-b6af-48ee-80c5-dd8119aa09d6: nextIndex: updateUnconditionally 17 -> 16
2019-09-19 12:02:00,237 [grpc-default-executor-4] INFO  impl.FollowerInfo (FollowerInfo.java:lambda$new$0(51)) - 14eab2a7-31b9-4bf4-80ab-c0ebf925c262@group-F197496E7779->b61b9bc0-c8d8-4ce8-a569-0c84e6e62f96: nextIndex: updateUnconditionally 0 -> 0
2019-09-19 12:02:00,317 [java.util.concurrent.ThreadPoolExecutor$Worker@3e8d0eb4[State = -1, empty queue]] WARN  server.GrpcLogAppender (GrpcLogAppender.java:timeoutAppendRequest(200)) - a729cdbd-f787-49c0-8e2c-44f1fb27cdba@group-A9823C1EF766->7d946ca7-a873-4723-b723-9ddee89d0bc7-GrpcLogAppender: appendEntries Timeout, request=a729cdbd-f787-49c0-8e2c-44f1fb27cdba->7d946ca7-a873-4723-b723-9ddee89d0bc7#137-t2, previous=(t:2, i:19), leaderCommit=15, initializing? false, entries: <empty>
2019-09-19 12:02:00,317 [java.util.concurrent.ThreadPoolExecutor$Worker@3540f9e3[State = -1, empty queue]] WARN  server.GrpcLogAppender (GrpcLogAppender.java:timeoutAppendRequest(200)) - a729cdbd-f787-49c0-8e2c-44f1fb27cdba@group-A9823C1EF766->ccaa8f46-a720-4c9d-b367-b8e62fb2ca31-GrpcLogAppender: appendEntries Timeout, request=a729cdbd-f787-49c0-8e2c-44f1fb27cdba->ccaa8f46-a720-4c9d-b367-b8e62fb2ca31#137-t2, previous=(t:2, i:19), leaderCommit=15, initializing? false, entries: <empty>
2019-09-19 12:02:00,566 [java.util.concurrent.ThreadPoolExecutor$Worker@41e0e92[State = -1, empty queue]] WARN  server.GrpcLogAppender (GrpcLogAppender.java:timeoutAppendRequest(200)) - 0f3ef5c5-216f-4603-9049-7f6477ca6f67@group-E57B62D150CC->ccd7891f-abf2-4840-bcfd-f7d46dfca276-GrpcLogAppender: appendEntries Timeout, request=0f3ef5c5-216f-4603-9049-7f6477ca6f67->ccd7891f-abf2-4840-bcfd-f7d46dfca276#136-t2, previous=(t:2, i:18), leaderCommit=14, initializing? false, entries: <empty>
2019-09-19 12:02:00,566 [java.util.concurrent.ThreadPoolExecutor$Worker@6aaa628b[State = -1, empty queue]] WARN  server.GrpcLogAppender (GrpcLogAppender.java:timeoutAppendRequest(200)) - 0f3ef5c5-216f-4603-9049-7f6477ca6f67@group-E57B62D150CC->0eafe25b-eef3-4e6e-962a-cfdd69f48960-GrpcLogAppender: appendEntries Timeout, request=0f3ef5c5-216f-4603-9049-7f6477ca6f67->0eafe25b-eef3-4e6e-962a-cfdd69f48960#136-t2, previous=(t:2, i:18), leaderCommit=14, initializing? false, entries: <empty>
2019-09-19 12:02:00,738 [grpc-default-executor-6] WARN  server.GrpcLogAppender (LogUtils.java:warn(134)) - 14eab2a7-31b9-4bf4-80ab-c0ebf925c262@group-F197496E7779->b61b9bc0-c8d8-4ce8-a569-0c84e6e62f96-AppendLogResponseHandler: Failed appendEntries: org.apache.ratis.thirdparty.io.grpc.StatusRuntimeException: UNAVAILABLE: io exception
2019-09-19 12:02:00,738 [grpc-default-executor-4] WARN  server.GrpcLogAppender (LogUtils.java:warn(134)) - 14eab2a7-31b9-4bf4-80ab-c0ebf925c262@group-F197496E7779->2fa9f0f6-b6af-48ee-80c5-dd8119aa09d6-AppendLogResponseHandler: Failed appendEntries: org.apache.ratis.thirdparty.io.grpc.StatusRuntimeException: UNAVAILABLE: io exception
2019-09-19 12:02:00,738 [grpc-default-executor-6] INFO  impl.FollowerInfo (FollowerInfo.java:lambda$new$0(51)) - 14eab2a7-31b9-4bf4-80ab-c0ebf925c262@group-F197496E7779->b61b9bc0-c8d8-4ce8-a569-0c84e6e62f96: nextIndex: updateUnconditionally 0 -> 0
2019-09-19 12:02:00,738 [grpc-default-executor-4] INFO  impl.FollowerInfo (FollowerInfo.java:lambda$new$0(51)) - 14eab2a7-31b9-4bf4-80ab-c0ebf925c262@group-F197496E7779->2fa9f0f6-b6af-48ee-80c5-dd8119aa09d6: nextIndex: updateUnconditionally 16 -> 15
2019-09-19 12:02:00,821 [java.util.concurrent.ThreadPoolExecutor$Worker@3e8d0eb4[State = -1, empty queue]] WARN  server.GrpcLogAppender (GrpcLogAppender.java:timeoutAppendRequest(200)) - a729cdbd-f787-49c0-8e2c-44f1fb27cdba@group-A9823C1EF766->7d946ca7-a873-4723-b723-9ddee89d0bc7-GrpcLogAppender: appendEntries Timeout, request=a729cdbd-f787-49c0-8e2c-44f1fb27cdba->7d946ca7-a873-4723-b723-9ddee89d0bc7#138-t2, previous=(t:2, i:19), leaderCommit=15, initializing? false, entries: <empty>
2019-09-19 12:02:00,821 [java.util.concurrent.ThreadPoolExecutor$Worker@3540f9e3[State = -1, empty queue]] WARN  server.GrpcLogAppender (GrpcLogAppender.java:timeoutAppendRequest(200)) - a729cdbd-f787-49c0-8e2c-44f1fb27cdba@group-A9823C1EF766->ccaa8f46-a720-4c9d-b367-b8e62fb2ca31-GrpcLogAppender: appendEntries Timeout, request=a729cdbd-f787-49c0-8e2c-44f1fb27cdba->ccaa8f46-a720-4c9d-b367-b8e62fb2ca31#138-t2, previous=(t:2, i:19), leaderCommit=15, initializing? false, entries: <empty>
2019-09-19 12:02:01,066 [java.util.concurrent.ThreadPoolExecutor$Worker@41e0e92[State = -1, empty queue]] WARN  server.GrpcLogAppender (GrpcLogAppender.java:timeoutAppendRequest(200)) - 0f3ef5c5-216f-4603-9049-7f6477ca6f67@group-E57B62D150CC->ccd7891f-abf2-4840-bcfd-f7d46dfca276-GrpcLogAppender: appendEntries Timeout, request=0f3ef5c5-216f-4603-9049-7f6477ca6f67->ccd7891f-abf2-4840-bcfd-f7d46dfca276#137-t2, previous=(t:2, i:18), leaderCommit=14, initializing? false, entries: <empty>
2019-09-19 12:02:01,066 [java.util.concurrent.ThreadPoolExecutor$Worker@6aaa628b[State = -1, empty queue]] WARN  server.GrpcLogAppender (GrpcLogAppender.java:timeoutAppendRequest(200)) - 0f3ef5c5-216f-4603-9049-7f6477ca6f67@group-E57B62D150CC->0eafe25b-eef3-4e6e-962a-cfdd69f48960-GrpcLogAppender: appendEntries Timeout, request=0f3ef5c5-216f-4603-9049-7f6477ca6f67->0eafe25b-eef3-4e6e-962a-cfdd69f48960#137-t2, previous=(t:2, i:18), leaderCommit=14, initializing? false, entries: <empty>
2019-09-19 12:02:01,240 [grpc-default-executor-1] WARN  server.GrpcLogAppender (LogUtils.java:warn(134)) - 14eab2a7-31b9-4bf4-80ab-c0ebf925c262@group-F197496E7779->2fa9f0f6-b6af-48ee-80c5-dd8119aa09d6-AppendLogResponseHandler: Failed appendEntries: org.apache.ratis.thirdparty.io.grpc.StatusRuntimeException: UNAVAILABLE: io exception
2019-09-19 12:02:01,240 [grpc-default-executor-4] WARN  server.GrpcLogAppender (LogUtils.java:warn(134)) - 14eab2a7-31b9-4bf4-80ab-c0ebf925c262@group-F197496E7779->b61b9bc0-c8d8-4ce8-a569-0c84e6e62f96-AppendLogResponseHandler: Failed appendEntries: org.apache.ratis.thirdparty.io.grpc.StatusRuntimeException: UNAVAILABLE: io exception
2019-09-19 12:02:01,241 [grpc-default-executor-1] INFO  impl.FollowerInfo (FollowerInfo.java:lambda$new$0(51)) - 14eab2a7-31b9-4bf4-80ab-c0ebf925c262@group-F197496E7779->2fa9f0f6-b6af-48ee-80c5-dd8119aa09d6: nextIndex: updateUnconditionally 15 -> 14
2019-09-19 12:02:01,241 [grpc-default-executor-4] INFO  impl.FollowerInfo (FollowerInfo.java:lambda$new$0(51)) - 14eab2a7-31b9-4bf4-80ab-c0ebf925c262@group-F197496E7779->b61b9bc0-c8d8-4ce8-a569-0c84e6e62f96: nextIndex: updateUnconditionally 0 -> 0
2019-09-19 12:02:01,321 [java.util.concurrent.ThreadPoolExecutor$Worker@3540f9e3[State = -1, empty queue]] WARN  server.GrpcLogAppender (GrpcLogAppender.java:timeoutAppendRequest(200)) - a729cdbd-f787-49c0-8e2c-44f1fb27cdba@group-A9823C1EF766->ccaa8f46-a720-4c9d-b367-b8e62fb2ca31-GrpcLogAppender: appendEntries Timeout, request=a729cdbd-f787-49c0-8e2c-44f1fb27cdba->ccaa8f46-a720-4c9d-b367-b8e62fb2ca31#139-t2, previous=(t:2, i:19), leaderCommit=15, initializing? false, entries: <empty>
2019-09-19 12:02:01,321 [java.util.concurrent.ThreadPoolExecutor$Worker@3e8d0eb4[State = -1, empty queue]] WARN  server.GrpcLogAppender (GrpcLogAppender.java:timeoutAppendRequest(200)) - a729cdbd-f787-49c0-8e2c-44f1fb27cdba@group-A9823C1EF766->7d946ca7-a873-4723-b723-9ddee89d0bc7-GrpcLogAppender: appendEntries Timeout, request=a729cdbd-f787-49c0-8e2c-44f1fb27cdba->7d946ca7-a873-4723-b723-9ddee89d0bc7#139-t2, previous=(t:2, i:19), leaderCommit=15, initializing? false, entries: <empty>
2019-09-19 12:02:01,566 [java.util.concurrent.ThreadPoolExecutor$Worker@6aaa628b[State = -1, empty queue]] WARN  server.GrpcLogAppender (GrpcLogAppender.java:timeoutAppendRequest(200)) - 0f3ef5c5-216f-4603-9049-7f6477ca6f67@group-E57B62D150CC->0eafe25b-eef3-4e6e-962a-cfdd69f48960-GrpcLogAppender: appendEntries Timeout, request=0f3ef5c5-216f-4603-9049-7f6477ca6f67->0eafe25b-eef3-4e6e-962a-cfdd69f48960#138-t2, previous=(t:2, i:18), leaderCommit=14, initializing? false, entries: <empty>
2019-09-19 12:02:01,566 [java.util.concurrent.ThreadPoolExecutor$Worker@41e0e92[State = -1, empty queue]] WARN  server.GrpcLogAppender (GrpcLogAppender.java:timeoutAppendRequest(200)) - 0f3ef5c5-216f-4603-9049-7f6477ca6f67@group-E57B62D150CC->ccd7891f-abf2-4840-bcfd-f7d46dfca276-GrpcLogAppender: appendEntries Timeout, request=0f3ef5c5-216f-4603-9049-7f6477ca6f67->ccd7891f-abf2-4840-bcfd-f7d46dfca276#138-t2, previous=(t:2, i:18), leaderCommit=14, initializing? false, entries: <empty>
2019-09-19 12:02:01,739 [grpc-default-executor-2] WARN  server.GrpcLogAppender (LogUtils.java:warn(134)) - 14eab2a7-31b9-4bf4-80ab-c0ebf925c262@group-F197496E7779->2fa9f0f6-b6af-48ee-80c5-dd8119aa09d6-AppendLogResponseHandler: Failed appendEntries: org.apache.ratis.thirdparty.io.grpc.StatusRuntimeException: UNAVAILABLE: io exception
2019-09-19 12:02:01,740 [grpc-default-executor-3] WARN  server.GrpcLogAppender (LogUtils.java:warn(134)) - 14eab2a7-31b9-4bf4-80ab-c0ebf925c262@group-F197496E7779->b61b9bc0-c8d8-4ce8-a569-0c84e6e62f96-AppendLogResponseHandler: Failed appendEntries: org.apache.ratis.thirdparty.io.grpc.StatusRuntimeException: UNAVAILABLE: io exception
2019-09-19 12:02:01,740 [grpc-default-executor-2] INFO  impl.FollowerInfo (FollowerInfo.java:lambda$new$0(51)) - 14eab2a7-31b9-4bf4-80ab-c0ebf925c262@group-F197496E7779->2fa9f0f6-b6af-48ee-80c5-dd8119aa09d6: nextIndex: updateUnconditionally 14 -> 13
2019-09-19 12:02:01,740 [grpc-default-executor-3] INFO  impl.FollowerInfo (FollowerInfo.java:lambda$new$0(51)) - 14eab2a7-31b9-4bf4-80ab-c0ebf925c262@group-F197496E7779->b61b9bc0-c8d8-4ce8-a569-0c84e6e62f96: nextIndex: updateUnconditionally 0 -> 0
2019-09-19 12:02:01,756 [Thread-1314] INFO  client.GrpcClientProtocolService (GrpcClientProtocolService.java:lambda$processClientRequest$0(278)) - Failed RaftClientRequest:client-C0EB156BC6EE->14eab2a7-31b9-4bf4-80ab-c0ebf925c262@group-F197496E7779, cid=59, seq=0, Watch-ALL_COMMITTED(21), Message:<EMPTY>, reply=RaftClientReply:client-C0EB156BC6EE->14eab2a7-31b9-4bf4-80ab-c0ebf925c262@group-F197496E7779, cid=59, FAILED org.apache.ratis.protocol.NotReplicatedException: Request with call Id 59 and log index 21 is not yet replicated to ALL_COMMITTED, logIndex=21, commits[14eab2a7-31b9-4bf4-80ab-c0ebf925c262:c30, 2fa9f0f6-b6af-48ee-80c5-dd8119aa09d6:c30, b61b9bc0-c8d8-4ce8-a569-0c84e6e62f96:c16]
2019-09-19 12:02:01,822 [java.util.concurrent.ThreadPoolExecutor$Worker@3e8d0eb4[State = -1, empty queue]] WARN  server.GrpcLogAppender (GrpcLogAppender.java:timeoutAppendRequest(200)) - a729cdbd-f787-49c0-8e2c-44f1fb27cdba@group-A9823C1EF766->7d946ca7-a873-4723-b723-9ddee89d0bc7-GrpcLogAppender: appendEntries Timeout, request=a729cdbd-f787-49c0-8e2c-44f1fb27cdba->7d946ca7-a873-4723-b723-9ddee89d0bc7#140-t2, previous=(t:2, i:19), leaderCommit=15, initializing? false, entries: <empty>
2019-09-19 12:02:01,822 [java.util.concurrent.ThreadPoolExecutor$Worker@3540f9e3[State = -1, empty queue]] WARN  server.GrpcLogAppender (GrpcLogAppender.java:timeoutAppendRequest(200)) - a729cdbd-f787-49c0-8e2c-44f1fb27cdba@group-A9823C1EF766->ccaa8f46-a720-4c9d-b367-b8e62fb2ca31-GrpcLogAppender: appendEntries Timeout, request=a729cdbd-f787-49c0-8e2c-44f1fb27cdba->ccaa8f46-a720-4c9d-b367-b8e62fb2ca31#140-t2, previous=(t:2, i:19), leaderCommit=15, initializing? false, entries: <empty>
2019-09-19 12:02:02,067 [java.util.concurrent.ThreadPoolExecutor$Worker@41e0e92[State = -1, empty queue]] WARN  server.GrpcLogAppender (GrpcLogAppender.java:timeoutAppendRequest(200)) - 0f3ef5c5-216f-4603-9049-7f6477ca6f67@group-E57B62D150CC->ccd7891f-abf2-4840-bcfd-f7d46dfca276-GrpcLogAppender: appendEntries Timeout, request=0f3ef5c5-216f-4603-9049-7f6477ca6f67->ccd7891f-abf2-4840-bcfd-f7d46dfca276#139-t2, previous=(t:2, i:18), leaderCommit=14, initializing? false, entries: <empty>
2019-09-19 12:02:02,067 [java.util.concurrent.ThreadPoolExecutor$Worker@6aaa628b[State = -1, empty queue]] WARN  server.GrpcLogAppender (GrpcLogAppender.java:timeoutAppendRequest(200)) - 0f3ef5c5-216f-4603-9049-7f6477ca6f67@group-E57B62D150CC->0eafe25b-eef3-4e6e-962a-cfdd69f48960-GrpcLogAppender: appendEntries Timeout, request=0f3ef5c5-216f-4603-9049-7f6477ca6f67->0eafe25b-eef3-4e6e-962a-cfdd69f48960#139-t2, previous=(t:2, i:18), leaderCommit=14, initializing? false, entries: <empty>
2019-09-19 12:02:02,242 [grpc-default-executor-6] WARN  server.GrpcLogAppender (LogUtils.java:warn(134)) - 14eab2a7-31b9-4bf4-80ab-c0ebf925c262@group-F197496E7779->b61b9bc0-c8d8-4ce8-a569-0c84e6e62f96-AppendLogResponseHandler: Failed appendEntries: org.apache.ratis.thirdparty.io.grpc.StatusRuntimeException: UNAVAILABLE: io exception
2019-09-19 12:02:02,242 [grpc-default-executor-1] WARN  server.GrpcLogAppender (LogUtils.java:warn(134)) - 14eab2a7-31b9-4bf4-80ab-c0ebf925c262@group-F197496E7779->2fa9f0f6-b6af-48ee-80c5-dd8119aa09d6-AppendLogResponseHandler: Failed appendEntries: org.apache.ratis.thirdparty.io.grpc.StatusRuntimeException: UNAVAILABLE: io exception
2019-09-19 12:02:02,243 [grpc-default-executor-6] INFO  impl.FollowerInfo (FollowerInfo.java:lambda$new$0(51)) - 14eab2a7-31b9-4bf4-80ab-c0ebf925c262@group-F197496E7779->b61b9bc0-c8d8-4ce8-a569-0c84e6e62f96: nextIndex: updateUnconditionally 0 -> 0
2019-09-19 12:02:02,243 [grpc-default-executor-1] INFO  impl.FollowerInfo (FollowerInfo.java:lambda$new$0(51)) - 14eab2a7-31b9-4bf4-80ab-c0ebf925c262@group-F197496E7779->2fa9f0f6-b6af-48ee-80c5-dd8119aa09d6: nextIndex: updateUnconditionally 13 -> 12
2019-09-19 12:02:02,322 [java.util.concurrent.ThreadPoolExecutor$Worker@3e8d0eb4[State = -1, empty queue]] WARN  server.GrpcLogAppender (GrpcLogAppender.java:timeoutAppendRequest(200)) - a729cdbd-f787-49c0-8e2c-44f1fb27cdba@group-A9823C1EF766->7d946ca7-a873-4723-b723-9ddee89d0bc7-GrpcLogAppender: appendEntries Timeout, request=a729cdbd-f787-49c0-8e2c-44f1fb27cdba->7d946ca7-a873-4723-b723-9ddee89d0bc7#141-t2, previous=(t:2, i:19), leaderCommit=15, initializing? false, entries: <empty>
2019-09-19 12:02:02,322 [java.util.concurrent.ThreadPoolExecutor$Worker@3540f9e3[State = -1, empty queue]] WARN  server.GrpcLogAppender (GrpcLogAppender.java:timeoutAppendRequest(200)) - a729cdbd-f787-49c0-8e2c-44f1fb27cdba@group-A9823C1EF766->ccaa8f46-a720-4c9d-b367-b8e62fb2ca31-GrpcLogAppender: appendEntries Timeout, request=a729cdbd-f787-49c0-8e2c-44f1fb27cdba->ccaa8f46-a720-4c9d-b367-b8e62fb2ca31#141-t2, previous=(t:2, i:19), leaderCommit=15, initializing? false, entries: <empty>
2019-09-19 12:02:02,567 [java.util.concurrent.ThreadPoolExecutor$Worker@41e0e92[State = -1, empty queue]] WARN  server.GrpcLogAppender (GrpcLogAppender.java:timeoutAppendRequest(200)) - 0f3ef5c5-216f-4603-9049-7f6477ca6f67@group-E57B62D150CC->ccd7891f-abf2-4840-bcfd-f7d46dfca276-GrpcLogAppender: appendEntries Timeout, request=0f3ef5c5-216f-4603-9049-7f6477ca6f67->ccd7891f-abf2-4840-bcfd-f7d46dfca276#140-t2, previous=(t:2, i:18), leaderCommit=14, initializing? false, entries: <empty>
2019-09-19 12:02:02,567 [java.util.concurrent.ThreadPoolExecutor$Worker@6aaa628b[State = -1, empty queue]] WARN  server.GrpcLogAppender (GrpcLogAppender.java:timeoutAppendRequest(200)) - 0f3ef5c5-216f-4603-9049-7f6477ca6f67@group-E57B62D150CC->0eafe25b-eef3-4e6e-962a-cfdd69f48960-GrpcLogAppender: appendEntries Timeout, request=0f3ef5c5-216f-4603-9049-7f6477ca6f67->0eafe25b-eef3-4e6e-962a-cfdd69f48960#140-t2, previous=(t:2, i:18), leaderCommit=14, initializing? false, entries: <empty>
2019-09-19 12:02:02,743 [grpc-default-executor-1] WARN  server.GrpcLogAppender (LogUtils.java:warn(134)) - 14eab2a7-31b9-4bf4-80ab-c0ebf925c262@group-F197496E7779->b61b9bc0-c8d8-4ce8-a569-0c84e6e62f96-AppendLogResponseHandler: Failed appendEntries: org.apache.ratis.thirdparty.io.grpc.StatusRuntimeException: UNAVAILABLE: io exception
2019-09-19 12:02:02,743 [grpc-default-executor-6] WARN  server.GrpcLogAppender (LogUtils.java:warn(134)) - 14eab2a7-31b9-4bf4-80ab-c0ebf925c262@group-F197496E7779->2fa9f0f6-b6af-48ee-80c5-dd8119aa09d6-AppendLogResponseHandler: Failed appendEntries: org.apache.ratis.thirdparty.io.grpc.StatusRuntimeException: UNAVAILABLE: io exception
2019-09-19 12:02:02,744 [grpc-default-executor-1] INFO  impl.FollowerInfo (FollowerInfo.java:lambda$new$0(51)) - 14eab2a7-31b9-4bf4-80ab-c0ebf925c262@group-F197496E7779->b61b9bc0-c8d8-4ce8-a569-0c84e6e62f96: nextIndex: updateUnconditionally 0 -> 0
2019-09-19 12:02:02,744 [grpc-default-executor-6] INFO  impl.FollowerInfo (FollowerInfo.java:lambda$new$0(51)) - 14eab2a7-31b9-4bf4-80ab-c0ebf925c262@group-F197496E7779->2fa9f0f6-b6af-48ee-80c5-dd8119aa09d6: nextIndex: updateUnconditionally 12 -> 11
2019-09-19 12:02:02,822 [java.util.concurrent.ThreadPoolExecutor$Worker@3e8d0eb4[State = -1, empty queue]] WARN  server.GrpcLogAppender (GrpcLogAppender.java:timeoutAppendRequest(200)) - a729cdbd-f787-49c0-8e2c-44f1fb27cdba@group-A9823C1EF766->7d946ca7-a873-4723-b723-9ddee89d0bc7-GrpcLogAppender: appendEntries Timeout, request=a729cdbd-f787-49c0-8e2c-44f1fb27cdba->7d946ca7-a873-4723-b723-9ddee89d0bc7#142-t2, previous=(t:2, i:19), leaderCommit=15, initializing? false, entries: <empty>
2019-09-19 12:02:02,822 [java.util.concurrent.ThreadPoolExecutor$Worker@3540f9e3[State = -1, empty queue]] WARN  server.GrpcLogAppender (GrpcLogAppender.java:timeoutAppendRequest(200)) - a729cdbd-f787-49c0-8e2c-44f1fb27cdba@group-A9823C1EF766->ccaa8f46-a720-4c9d-b367-b8e62fb2ca31-GrpcLogAppender: appendEntries Timeout, request=a729cdbd-f787-49c0-8e2c-44f1fb27cdba->ccaa8f46-a720-4c9d-b367-b8e62fb2ca31#142-t2, previous=(t:2, i:19), leaderCommit=15, initializing? false, entries: <empty>
2019-09-19 12:02:03,068 [java.util.concurrent.ThreadPoolExecutor$Worker@41e0e92[State = -1, empty queue]] WARN  server.GrpcLogAppender (GrpcLogAppender.java:timeoutAppendRequest(200)) - 0f3ef5c5-216f-4603-9049-7f6477ca6f67@group-E57B62D150CC->ccd7891f-abf2-4840-bcfd-f7d46dfca276-GrpcLogAppender: appendEntries Timeout, request=0f3ef5c5-216f-4603-9049-7f6477ca6f67->ccd7891f-abf2-4840-bcfd-f7d46dfca276#141-t2, previous=(t:2, i:18), leaderCommit=14, initializing? false, entries: <empty>
2019-09-19 12:02:03,068 [java.util.concurrent.ThreadPoolExecutor$Worker@6aaa628b[State = -1, empty queue]] WARN  server.GrpcLogAppender (GrpcLogAppender.java:timeoutAppendRequest(200)) - 0f3ef5c5-216f-4603-9049-7f6477ca6f67@group-E57B62D150CC->0eafe25b-eef3-4e6e-962a-cfdd69f48960-GrpcLogAppender: appendEntries Timeout, request=0f3ef5c5-216f-4603-9049-7f6477ca6f67->0eafe25b-eef3-4e6e-962a-cfdd69f48960#141-t2, previous=(t:2, i:18), leaderCommit=14, initializing? false, entries: <empty>
2019-09-19 12:02:03,244 [grpc-default-executor-5] WARN  server.GrpcLogAppender (LogUtils.java:warn(134)) - 14eab2a7-31b9-4bf4-80ab-c0ebf925c262@group-F197496E7779->b61b9bc0-c8d8-4ce8-a569-0c84e6e62f96-AppendLogResponseHandler: Failed appendEntries: org.apache.ratis.thirdparty.io.grpc.StatusRuntimeException: UNAVAILABLE: io exception
2019-09-19 12:02:03,244 [grpc-default-executor-2] WARN  server.GrpcLogAppender (LogUtils.java:warn(134)) - 14eab2a7-31b9-4bf4-80ab-c0ebf925c262@group-F197496E7779->2fa9f0f6-b6af-48ee-80c5-dd8119aa09d6-AppendLogResponseHandler: Failed appendEntries: org.apache.ratis.thirdparty.io.grpc.StatusRuntimeException: UNAVAILABLE: io exception
2019-09-19 12:02:03,244 [grpc-default-executor-5] INFO  impl.FollowerInfo (FollowerInfo.java:lambda$new$0(51)) - 14eab2a7-31b9-4bf4-80ab-c0ebf925c262@group-F197496E7779->b61b9bc0-c8d8-4ce8-a569-0c84e6e62f96: nextIndex: updateUnconditionally 0 -> 0
2019-09-19 12:02:03,245 [grpc-default-executor-2] INFO  impl.FollowerInfo (FollowerInfo.java:lambda$new$0(51)) - 14eab2a7-31b9-4bf4-80ab-c0ebf925c262@group-F197496E7779->2fa9f0f6-b6af-48ee-80c5-dd8119aa09d6: nextIndex: updateUnconditionally 11 -> 10
2019-09-19 12:02:03,323 [java.util.concurrent.ThreadPoolExecutor$Worker@3e8d0eb4[State = -1, empty queue]] WARN  server.GrpcLogAppender (GrpcLogAppender.java:timeoutAppendRequest(200)) - a729cdbd-f787-49c0-8e2c-44f1fb27cdba@group-A9823C1EF766->7d946ca7-a873-4723-b723-9ddee89d0bc7-GrpcLogAppender: appendEntries Timeout, request=a729cdbd-f787-49c0-8e2c-44f1fb27cdba->7d946ca7-a873-4723-b723-9ddee89d0bc7#143-t2, previous=(t:2, i:19), leaderCommit=15, initializing? false, entries: <empty>
2019-09-19 12:02:03,323 [java.util.concurrent.ThreadPoolExecutor$Worker@3540f9e3[State = -1, empty queue]] WARN  server.GrpcLogAppender (GrpcLogAppender.java:timeoutAppendRequest(200)) - a729cdbd-f787-49c0-8e2c-44f1fb27cdba@group-A9823C1EF766->ccaa8f46-a720-4c9d-b367-b8e62fb2ca31-GrpcLogAppender: appendEntries Timeout, request=a729cdbd-f787-49c0-8e2c-44f1fb27cdba->ccaa8f46-a720-4c9d-b367-b8e62fb2ca31#143-t2, previous=(t:2, i:19), leaderCommit=15, initializing? false, entries: <empty>
2019-09-19 12:02:03,521 [0f3ef5c5-216f-4603-9049-7f6477ca6f67@group-E57B62D150CC-SegmentedRaftLogWorker] WARN  segmented.SegmentedRaftLogWorker (SegmentedRaftLogWorker.java:getFromFuture(90)) - Timeout 3/~
org.apache.ratis.protocol.TimeoutIOException: Timeout 10s: WriteLog:15: (t:2, i:15), STATEMACHINELOGENTRY, client-4CC87BB336E7, cid=51-writeStateMachineData
	at org.apache.ratis.util.IOUtils.getFromFuture(IOUtils.java:87)
	at org.apache.ratis.server.raftlog.segmented.SegmentedRaftLogWorker$StateMachineDataPolicy.getFromFuture(SegmentedRaftLogWorker.java:87)
	at org.apache.ratis.server.raftlog.segmented.SegmentedRaftLogWorker$WriteLog.execute(SegmentedRaftLogWorker.java:477)
	at org.apache.ratis.server.raftlog.segmented.SegmentedRaftLogWorker.run(SegmentedRaftLogWorker.java:289)
	at java.lang.Thread.run(Thread.java:748)
Caused by: java.util.concurrent.TimeoutException
	at java.util.concurrent.CompletableFuture.timedGet(CompletableFuture.java:1771)
	at java.util.concurrent.CompletableFuture.get(CompletableFuture.java:1915)
	at org.apache.ratis.util.IOUtils.getFromFuture(IOUtils.java:79)
	... 4 more
2019-09-19 12:02:03,525 [0eafe25b-eef3-4e6e-962a-cfdd69f48960@group-E57B62D150CC-SegmentedRaftLogWorker] WARN  segmented.SegmentedRaftLogWorker (SegmentedRaftLogWorker.java:getFromFuture(90)) - Timeout 3/~
org.apache.ratis.protocol.TimeoutIOException: Timeout 10s: WriteLog:15: (t:2, i:15), STATEMACHINELOGENTRY, client-4CC87BB336E7, cid=51-writeStateMachineData
	at org.apache.ratis.util.IOUtils.getFromFuture(IOUtils.java:87)
	at org.apache.ratis.server.raftlog.segmented.SegmentedRaftLogWorker$StateMachineDataPolicy.getFromFuture(SegmentedRaftLogWorker.java:87)
	at org.apache.ratis.server.raftlog.segmented.SegmentedRaftLogWorker$WriteLog.execute(SegmentedRaftLogWorker.java:477)
	at org.apache.ratis.server.raftlog.segmented.SegmentedRaftLogWorker.run(SegmentedRaftLogWorker.java:289)
	at java.lang.Thread.run(Thread.java:748)
Caused by: java.util.concurrent.TimeoutException
	at java.util.concurrent.CompletableFuture.timedGet(CompletableFuture.java:1771)
	at java.util.concurrent.CompletableFuture.get(CompletableFuture.java:1915)
	at org.apache.ratis.util.IOUtils.getFromFuture(IOUtils.java:79)
	... 4 more
2019-09-19 12:02:03,525 [ccd7891f-abf2-4840-bcfd-f7d46dfca276@group-E57B62D150CC-SegmentedRaftLogWorker] WARN  segmented.SegmentedRaftLogWorker (SegmentedRaftLogWorker.java:getFromFuture(90)) - Timeout 3/~
org.apache.ratis.protocol.TimeoutIOException: Timeout 10s: WriteLog:15: (t:2, i:15), STATEMACHINELOGENTRY, client-4CC87BB336E7, cid=51-writeStateMachineData
	at org.apache.ratis.util.IOUtils.getFromFuture(IOUtils.java:87)
	at org.apache.ratis.server.raftlog.segmented.SegmentedRaftLogWorker$StateMachineDataPolicy.getFromFuture(SegmentedRaftLogWorker.java:87)
	at org.apache.ratis.server.raftlog.segmented.SegmentedRaftLogWorker$WriteLog.execute(SegmentedRaftLogWorker.java:477)
	at org.apache.ratis.server.raftlog.segmented.SegmentedRaftLogWorker.run(SegmentedRaftLogWorker.java:289)
	at java.lang.Thread.run(Thread.java:748)
Caused by: java.util.concurrent.TimeoutException
	at java.util.concurrent.CompletableFuture.timedGet(CompletableFuture.java:1771)
	at java.util.concurrent.CompletableFuture.get(CompletableFuture.java:1915)
	at org.apache.ratis.util.IOUtils.getFromFuture(IOUtils.java:79)
	... 4 more
2019-09-19 12:02:03,568 [java.util.concurrent.ThreadPoolExecutor$Worker@41e0e92[State = -1, empty queue]] WARN  server.GrpcLogAppender (GrpcLogAppender.java:timeoutAppendRequest(200)) - 0f3ef5c5-216f-4603-9049-7f6477ca6f67@group-E57B62D150CC->ccd7891f-abf2-4840-bcfd-f7d46dfca276-GrpcLogAppender: appendEntries Timeout, request=0f3ef5c5-216f-4603-9049-7f6477ca6f67->ccd7891f-abf2-4840-bcfd-f7d46dfca276#142-t2, previous=(t:2, i:18), leaderCommit=14, initializing? false, entries: <empty>
2019-09-19 12:02:03,568 [java.util.concurrent.ThreadPoolExecutor$Worker@6aaa628b[State = -1, empty queue]] WARN  server.GrpcLogAppender (GrpcLogAppender.java:timeoutAppendRequest(200)) - 0f3ef5c5-216f-4603-9049-7f6477ca6f67@group-E57B62D150CC->0eafe25b-eef3-4e6e-962a-cfdd69f48960-GrpcLogAppender: appendEntries Timeout, request=0f3ef5c5-216f-4603-9049-7f6477ca6f67->0eafe25b-eef3-4e6e-962a-cfdd69f48960#142-t2, previous=(t:2, i:18), leaderCommit=14, initializing? false, entries: <empty>
2019-09-19 12:02:03,746 [grpc-default-executor-3] WARN  server.GrpcLogAppender (LogUtils.java:warn(134)) - 14eab2a7-31b9-4bf4-80ab-c0ebf925c262@group-F197496E7779->2fa9f0f6-b6af-48ee-80c5-dd8119aa09d6-AppendLogResponseHandler: Failed appendEntries: org.apache.ratis.thirdparty.io.grpc.StatusRuntimeException: UNAVAILABLE: io exception
2019-09-19 12:02:03,746 [grpc-default-executor-1] WARN  server.GrpcLogAppender (LogUtils.java:warn(134)) - 14eab2a7-31b9-4bf4-80ab-c0ebf925c262@group-F197496E7779->b61b9bc0-c8d8-4ce8-a569-0c84e6e62f96-AppendLogResponseHandler: Failed appendEntries: org.apache.ratis.thirdparty.io.grpc.StatusRuntimeException: UNAVAILABLE: io exception
2019-09-19 12:02:03,747 [grpc-default-executor-3] INFO  impl.FollowerInfo (FollowerInfo.java:lambda$new$0(51)) - 14eab2a7-31b9-4bf4-80ab-c0ebf925c262@group-F197496E7779->2fa9f0f6-b6af-48ee-80c5-dd8119aa09d6: nextIndex: updateUnconditionally 10 -> 9
2019-09-19 12:02:03,747 [grpc-default-executor-1] INFO  impl.FollowerInfo (FollowerInfo.java:lambda$new$0(51)) - 14eab2a7-31b9-4bf4-80ab-c0ebf925c262@group-F197496E7779->b61b9bc0-c8d8-4ce8-a569-0c84e6e62f96: nextIndex: updateUnconditionally 0 -> 0
2019-09-19 12:02:03,823 [java.util.concurrent.ThreadPoolExecutor$Worker@3e8d0eb4[State = -1, empty queue]] WARN  server.GrpcLogAppender (GrpcLogAppender.java:timeoutAppendRequest(200)) - a729cdbd-f787-49c0-8e2c-44f1fb27cdba@group-A9823C1EF766->7d946ca7-a873-4723-b723-9ddee89d0bc7-GrpcLogAppender: appendEntries Timeout, request=a729cdbd-f787-49c0-8e2c-44f1fb27cdba->7d946ca7-a873-4723-b723-9ddee89d0bc7#144-t2, previous=(t:2, i:19), leaderCommit=15, initializing? false, entries: <empty>
2019-09-19 12:02:03,823 [java.util.concurrent.ThreadPoolExecutor$Worker@3540f9e3[State = -1, empty queue]] WARN  server.GrpcLogAppender (GrpcLogAppender.java:timeoutAppendRequest(200)) - a729cdbd-f787-49c0-8e2c-44f1fb27cdba@group-A9823C1EF766->ccaa8f46-a720-4c9d-b367-b8e62fb2ca31-GrpcLogAppender: appendEntries Timeout, request=a729cdbd-f787-49c0-8e2c-44f1fb27cdba->ccaa8f46-a720-4c9d-b367-b8e62fb2ca31#144-t2, previous=(t:2, i:19), leaderCommit=15, initializing? false, entries: <empty>
2019-09-19 12:02:04,069 [java.util.concurrent.ThreadPoolExecutor$Worker@6aaa628b[State = -1, empty queue]] WARN  server.GrpcLogAppender (GrpcLogAppender.java:timeoutAppendRequest(200)) - 0f3ef5c5-216f-4603-9049-7f6477ca6f67@group-E57B62D150CC->0eafe25b-eef3-4e6e-962a-cfdd69f48960-GrpcLogAppender: appendEntries Timeout, request=0f3ef5c5-216f-4603-9049-7f6477ca6f67->0eafe25b-eef3-4e6e-962a-cfdd69f48960#143-t2, previous=(t:2, i:18), leaderCommit=14, initializing? false, entries: <empty>
2019-09-19 12:02:04,069 [java.util.concurrent.ThreadPoolExecutor$Worker@41e0e92[State = -1, empty queue]] WARN  server.GrpcLogAppender (GrpcLogAppender.java:timeoutAppendRequest(200)) - 0f3ef5c5-216f-4603-9049-7f6477ca6f67@group-E57B62D150CC->ccd7891f-abf2-4840-bcfd-f7d46dfca276-GrpcLogAppender: appendEntries Timeout, request=0f3ef5c5-216f-4603-9049-7f6477ca6f67->ccd7891f-abf2-4840-bcfd-f7d46dfca276#143-t2, previous=(t:2, i:18), leaderCommit=14, initializing? false, entries: <empty>
2019-09-19 12:02:04,246 [grpc-default-executor-6] WARN  server.GrpcLogAppender (LogUtils.java:warn(134)) - 14eab2a7-31b9-4bf4-80ab-c0ebf925c262@group-F197496E7779->b61b9bc0-c8d8-4ce8-a569-0c84e6e62f96-AppendLogResponseHandler: Failed appendEntries: org.apache.ratis.thirdparty.io.grpc.StatusRuntimeException: UNAVAILABLE: io exception
2019-09-19 12:02:04,246 [grpc-default-executor-4] WARN  server.GrpcLogAppender (LogUtils.java:warn(134)) - 14eab2a7-31b9-4bf4-80ab-c0ebf925c262@group-F197496E7779->2fa9f0f6-b6af-48ee-80c5-dd8119aa09d6-AppendLogResponseHandler: Failed appendEntries: org.apache.ratis.thirdparty.io.grpc.StatusRuntimeException: UNAVAILABLE: io exception
2019-09-19 12:02:04,247 [grpc-default-executor-6] INFO  impl.FollowerInfo (FollowerInfo.java:lambda$new$0(51)) - 14eab2a7-31b9-4bf4-80ab-c0ebf925c262@group-F197496E7779->b61b9bc0-c8d8-4ce8-a569-0c84e6e62f96: nextIndex: updateUnconditionally 0 -> 0
2019-09-19 12:02:04,247 [grpc-default-executor-4] INFO  impl.FollowerInfo (FollowerInfo.java:lambda$new$0(51)) - 14eab2a7-31b9-4bf4-80ab-c0ebf925c262@group-F197496E7779->2fa9f0f6-b6af-48ee-80c5-dd8119aa09d6: nextIndex: updateUnconditionally 9 -> 8
2019-09-19 12:02:04,323 [java.util.concurrent.ThreadPoolExecutor$Worker@3540f9e3[State = -1, empty queue]] WARN  server.GrpcLogAppender (GrpcLogAppender.java:timeoutAppendRequest(200)) - a729cdbd-f787-49c0-8e2c-44f1fb27cdba@group-A9823C1EF766->ccaa8f46-a720-4c9d-b367-b8e62fb2ca31-GrpcLogAppender: appendEntries Timeout, request=a729cdbd-f787-49c0-8e2c-44f1fb27cdba->ccaa8f46-a720-4c9d-b367-b8e62fb2ca31#145-t2, previous=(t:2, i:19), leaderCommit=15, initializing? false, entries: <empty>
2019-09-19 12:02:04,323 [java.util.concurrent.ThreadPoolExecutor$Worker@3e8d0eb4[State = -1, empty queue]] WARN  server.GrpcLogAppender (GrpcLogAppender.java:timeoutAppendRequest(200)) - a729cdbd-f787-49c0-8e2c-44f1fb27cdba@group-A9823C1EF766->7d946ca7-a873-4723-b723-9ddee89d0bc7-GrpcLogAppender: appendEntries Timeout, request=a729cdbd-f787-49c0-8e2c-44f1fb27cdba->7d946ca7-a873-4723-b723-9ddee89d0bc7#145-t2, previous=(t:2, i:19), leaderCommit=15, initializing? false, entries: <empty>
2019-09-19 12:02:04,569 [java.util.concurrent.ThreadPoolExecutor$Worker@6aaa628b[State = -1, empty queue]] WARN  server.GrpcLogAppender (GrpcLogAppender.java:timeoutAppendRequest(200)) - 0f3ef5c5-216f-4603-9049-7f6477ca6f67@group-E57B62D150CC->0eafe25b-eef3-4e6e-962a-cfdd69f48960-GrpcLogAppender: appendEntries Timeout, request=0f3ef5c5-216f-4603-9049-7f6477ca6f67->0eafe25b-eef3-4e6e-962a-cfdd69f48960#144-t2, previous=(t:2, i:18), leaderCommit=14, initializing? false, entries: <empty>
2019-09-19 12:02:04,569 [java.util.concurrent.ThreadPoolExecutor$Worker@41e0e92[State = -1, empty queue]] WARN  server.GrpcLogAppender (GrpcLogAppender.java:timeoutAppendRequest(200)) - 0f3ef5c5-216f-4603-9049-7f6477ca6f67@group-E57B62D150CC->ccd7891f-abf2-4840-bcfd-f7d46dfca276-GrpcLogAppender: appendEntries Timeout, request=0f3ef5c5-216f-4603-9049-7f6477ca6f67->ccd7891f-abf2-4840-bcfd-f7d46dfca276#144-t2, previous=(t:2, i:18), leaderCommit=14, initializing? false, entries: <empty>
2019-09-19 12:02:04,747 [grpc-default-executor-2] WARN  server.GrpcLogAppender (LogUtils.java:warn(134)) - 14eab2a7-31b9-4bf4-80ab-c0ebf925c262@group-F197496E7779->2fa9f0f6-b6af-48ee-80c5-dd8119aa09d6-AppendLogResponseHandler: Failed appendEntries: org.apache.ratis.thirdparty.io.grpc.StatusRuntimeException: UNAVAILABLE: io exception
2019-09-19 12:02:04,747 [grpc-default-executor-1] WARN  server.GrpcLogAppender (LogUtils.java:warn(134)) - 14eab2a7-31b9-4bf4-80ab-c0ebf925c262@group-F197496E7779->b61b9bc0-c8d8-4ce8-a569-0c84e6e62f96-AppendLogResponseHandler: Failed appendEntries: org.apache.ratis.thirdparty.io.grpc.StatusRuntimeException: UNAVAILABLE: io exception
2019-09-19 12:02:04,747 [grpc-default-executor-2] INFO  impl.FollowerInfo (FollowerInfo.java:lambda$new$0(51)) - 14eab2a7-31b9-4bf4-80ab-c0ebf925c262@group-F197496E7779->2fa9f0f6-b6af-48ee-80c5-dd8119aa09d6: nextIndex: updateUnconditionally 8 -> 7
2019-09-19 12:02:04,747 [grpc-default-executor-1] INFO  impl.FollowerInfo (FollowerInfo.java:lambda$new$0(51)) - 14eab2a7-31b9-4bf4-80ab-c0ebf925c262@group-F197496E7779->b61b9bc0-c8d8-4ce8-a569-0c84e6e62f96: nextIndex: updateUnconditionally 0 -> 0
2019-09-19 12:02:04,825 [java.util.concurrent.ThreadPoolExecutor$Worker@3e8d0eb4[State = -1, empty queue]] WARN  server.GrpcLogAppender (GrpcLogAppender.java:timeoutAppendRequest(200)) - a729cdbd-f787-49c0-8e2c-44f1fb27cdba@group-A9823C1EF766->7d946ca7-a873-4723-b723-9ddee89d0bc7-GrpcLogAppender: appendEntries Timeout, request=a729cdbd-f787-49c0-8e2c-44f1fb27cdba->7d946ca7-a873-4723-b723-9ddee89d0bc7#146-t2, previous=(t:2, i:19), leaderCommit=15, initializing? false, entries: <empty>
2019-09-19 12:02:04,825 [java.util.concurrent.ThreadPoolExecutor$Worker@3540f9e3[State = -1, empty queue]] WARN  server.GrpcLogAppender (GrpcLogAppender.java:timeoutAppendRequest(200)) - a729cdbd-f787-49c0-8e2c-44f1fb27cdba@group-A9823C1EF766->ccaa8f46-a720-4c9d-b367-b8e62fb2ca31-GrpcLogAppender: appendEntries Timeout, request=a729cdbd-f787-49c0-8e2c-44f1fb27cdba->ccaa8f46-a720-4c9d-b367-b8e62fb2ca31#146-t2, previous=(t:2, i:19), leaderCommit=15, initializing? false, entries: <empty>
2019-09-19 12:02:05,069 [java.util.concurrent.ThreadPoolExecutor$Worker@41e0e92[State = -1, empty queue]] WARN  server.GrpcLogAppender (GrpcLogAppender.java:timeoutAppendRequest(200)) - 0f3ef5c5-216f-4603-9049-7f6477ca6f67@group-E57B62D150CC->ccd7891f-abf2-4840-bcfd-f7d46dfca276-GrpcLogAppender: appendEntries Timeout, request=0f3ef5c5-216f-4603-9049-7f6477ca6f67->ccd7891f-abf2-4840-bcfd-f7d46dfca276#145-t2, previous=(t:2, i:18), leaderCommit=14, initializing? false, entries: <empty>
2019-09-19 12:02:05,069 [java.util.concurrent.ThreadPoolExecutor$Worker@6aaa628b[State = -1, empty queue]] WARN  server.GrpcLogAppender (GrpcLogAppender.java:timeoutAppendRequest(200)) - 0f3ef5c5-216f-4603-9049-7f6477ca6f67@group-E57B62D150CC->0eafe25b-eef3-4e6e-962a-cfdd69f48960-GrpcLogAppender: appendEntries Timeout, request=0f3ef5c5-216f-4603-9049-7f6477ca6f67->0eafe25b-eef3-4e6e-962a-cfdd69f48960#145-t2, previous=(t:2, i:18), leaderCommit=14, initializing? false, entries: <empty>
2019-09-19 12:02:05,249 [grpc-default-executor-4] WARN  server.GrpcLogAppender (LogUtils.java:warn(134)) - 14eab2a7-31b9-4bf4-80ab-c0ebf925c262@group-F197496E7779->b61b9bc0-c8d8-4ce8-a569-0c84e6e62f96-AppendLogResponseHandler: Failed appendEntries: org.apache.ratis.thirdparty.io.grpc.StatusRuntimeException: UNAVAILABLE: io exception
2019-09-19 12:02:05,250 [grpc-default-executor-4] INFO  impl.FollowerInfo (FollowerInfo.java:lambda$new$0(51)) - 14eab2a7-31b9-4bf4-80ab-c0ebf925c262@group-F197496E7779->b61b9bc0-c8d8-4ce8-a569-0c84e6e62f96: nextIndex: updateUnconditionally 0 -> 0
2019-09-19 12:02:05,251 [grpc-default-executor-2] WARN  server.GrpcLogAppender (LogUtils.java:warn(134)) - 14eab2a7-31b9-4bf4-80ab-c0ebf925c262@group-F197496E7779->2fa9f0f6-b6af-48ee-80c5-dd8119aa09d6-AppendLogResponseHandler: Failed appendEntries: org.apache.ratis.thirdparty.io.grpc.StatusRuntimeException: UNAVAILABLE: io exception
2019-09-19 12:02:05,251 [grpc-default-executor-2] INFO  impl.FollowerInfo (FollowerInfo.java:lambda$new$0(51)) - 14eab2a7-31b9-4bf4-80ab-c0ebf925c262@group-F197496E7779->2fa9f0f6-b6af-48ee-80c5-dd8119aa09d6: nextIndex: updateUnconditionally 7 -> 6
2019-09-19 12:02:05,325 [java.util.concurrent.ThreadPoolExecutor$Worker@3e8d0eb4[State = -1, empty queue]] WARN  server.GrpcLogAppender (GrpcLogAppender.java:timeoutAppendRequest(200)) - a729cdbd-f787-49c0-8e2c-44f1fb27cdba@group-A9823C1EF766->7d946ca7-a873-4723-b723-9ddee89d0bc7-GrpcLogAppender: appendEntries Timeout, request=a729cdbd-f787-49c0-8e2c-44f1fb27cdba->7d946ca7-a873-4723-b723-9ddee89d0bc7#147-t2, previous=(t:2, i:19), leaderCommit=15, initializing? false, entries: <empty>
2019-09-19 12:02:05,325 [java.util.concurrent.ThreadPoolExecutor$Worker@3540f9e3[State = -1, empty queue]] WARN  server.GrpcLogAppender (GrpcLogAppender.java:timeoutAppendRequest(200)) - a729cdbd-f787-49c0-8e2c-44f1fb27cdba@group-A9823C1EF766->ccaa8f46-a720-4c9d-b367-b8e62fb2ca31-GrpcLogAppender: appendEntries Timeout, request=a729cdbd-f787-49c0-8e2c-44f1fb27cdba->ccaa8f46-a720-4c9d-b367-b8e62fb2ca31#147-t2, previous=(t:2, i:19), leaderCommit=15, initializing? false, entries: <empty>
2019-09-19 12:02:05,570 [java.util.concurrent.ThreadPoolExecutor$Worker@6aaa628b[State = -1, empty queue]] WARN  server.GrpcLogAppender (GrpcLogAppender.java:timeoutAppendRequest(200)) - 0f3ef5c5-216f-4603-9049-7f6477ca6f67@group-E57B62D150CC->0eafe25b-eef3-4e6e-962a-cfdd69f48960-GrpcLogAppender: appendEntries Timeout, request=0f3ef5c5-216f-4603-9049-7f6477ca6f67->0eafe25b-eef3-4e6e-962a-cfdd69f48960#146-t2, previous=(t:2, i:18), leaderCommit=14, initializing? false, entries: <empty>
2019-09-19 12:02:05,570 [java.util.concurrent.ThreadPoolExecutor$Worker@41e0e92[State = -1, empty queue]] WARN  server.GrpcLogAppender (GrpcLogAppender.java:timeoutAppendRequest(200)) - 0f3ef5c5-216f-4603-9049-7f6477ca6f67@group-E57B62D150CC->ccd7891f-abf2-4840-bcfd-f7d46dfca276-GrpcLogAppender: appendEntries Timeout, request=0f3ef5c5-216f-4603-9049-7f6477ca6f67->ccd7891f-abf2-4840-bcfd-f7d46dfca276#146-t2, previous=(t:2, i:18), leaderCommit=14, initializing? false, entries: <empty>
2019-09-19 12:02:05,749 [grpc-default-executor-3] WARN  server.GrpcLogAppender (LogUtils.java:warn(134)) - 14eab2a7-31b9-4bf4-80ab-c0ebf925c262@group-F197496E7779->2fa9f0f6-b6af-48ee-80c5-dd8119aa09d6-AppendLogResponseHandler: Failed appendEntries: org.apache.ratis.thirdparty.io.grpc.StatusRuntimeException: UNAVAILABLE: io exception
2019-09-19 12:02:05,749 [grpc-default-executor-5] WARN  server.GrpcLogAppender (LogUtils.java:warn(134)) - 14eab2a7-31b9-4bf4-80ab-c0ebf925c262@group-F197496E7779->b61b9bc0-c8d8-4ce8-a569-0c84e6e62f96-AppendLogResponseHandler: Failed appendEntries: org.apache.ratis.thirdparty.io.grpc.StatusRuntimeException: UNAVAILABLE: io exception
2019-09-19 12:02:05,750 [grpc-default-executor-3] INFO  impl.FollowerInfo (FollowerInfo.java:lambda$new$0(51)) - 14eab2a7-31b9-4bf4-80ab-c0ebf925c262@group-F197496E7779->2fa9f0f6-b6af-48ee-80c5-dd8119aa09d6: nextIndex: updateUnconditionally 6 -> 5
2019-09-19 12:02:05,750 [grpc-default-executor-5] INFO  impl.FollowerInfo (FollowerInfo.java:lambda$new$0(51)) - 14eab2a7-31b9-4bf4-80ab-c0ebf925c262@group-F197496E7779->b61b9bc0-c8d8-4ce8-a569-0c84e6e62f96: nextIndex: updateUnconditionally 0 -> 0
2019-09-19 12:02:05,826 [java.util.concurrent.ThreadPoolExecutor$Worker@3540f9e3[State = -1, empty queue]] WARN  server.GrpcLogAppender (GrpcLogAppender.java:timeoutAppendRequest(200)) - a729cdbd-f787-49c0-8e2c-44f1fb27cdba@group-A9823C1EF766->ccaa8f46-a720-4c9d-b367-b8e62fb2ca31-GrpcLogAppender: appendEntries Timeout, request=a729cdbd-f787-49c0-8e2c-44f1fb27cdba->ccaa8f46-a720-4c9d-b367-b8e62fb2ca31#148-t2, previous=(t:2, i:19), leaderCommit=15, initializing? false, entries: <empty>
2019-09-19 12:02:05,826 [java.util.concurrent.ThreadPoolExecutor$Worker@3e8d0eb4[State = -1, empty queue]] WARN  server.GrpcLogAppender (GrpcLogAppender.java:timeoutAppendRequest(200)) - a729cdbd-f787-49c0-8e2c-44f1fb27cdba@group-A9823C1EF766->7d946ca7-a873-4723-b723-9ddee89d0bc7-GrpcLogAppender: appendEntries Timeout, request=a729cdbd-f787-49c0-8e2c-44f1fb27cdba->7d946ca7-a873-4723-b723-9ddee89d0bc7#148-t2, previous=(t:2, i:19), leaderCommit=15, initializing? false, entries: <empty>
2019-09-19 12:02:06,070 [java.util.concurrent.ThreadPoolExecutor$Worker@41e0e92[State = -1, empty queue]] WARN  server.GrpcLogAppender (GrpcLogAppender.java:timeoutAppendRequest(200)) - 0f3ef5c5-216f-4603-9049-7f6477ca6f67@group-E57B62D150CC->ccd7891f-abf2-4840-bcfd-f7d46dfca276-GrpcLogAppender: appendEntries Timeout, request=0f3ef5c5-216f-4603-9049-7f6477ca6f67->ccd7891f-abf2-4840-bcfd-f7d46dfca276#147-t2, previous=(t:2, i:18), leaderCommit=14, initializing? false, entries: <empty>
2019-09-19 12:02:06,070 [java.util.concurrent.ThreadPoolExecutor$Worker@6aaa628b[State = -1, empty queue]] WARN  server.GrpcLogAppender (GrpcLogAppender.java:timeoutAppendRequest(200)) - 0f3ef5c5-216f-4603-9049-7f6477ca6f67@group-E57B62D150CC->0eafe25b-eef3-4e6e-962a-cfdd69f48960-GrpcLogAppender: appendEntries Timeout, request=0f3ef5c5-216f-4603-9049-7f6477ca6f67->0eafe25b-eef3-4e6e-962a-cfdd69f48960#147-t2, previous=(t:2, i:18), leaderCommit=14, initializing? false, entries: <empty>
2019-09-19 12:02:06,251 [grpc-default-executor-4] WARN  server.GrpcLogAppender (LogUtils.java:warn(134)) - 14eab2a7-31b9-4bf4-80ab-c0ebf925c262@group-F197496E7779->b61b9bc0-c8d8-4ce8-a569-0c84e6e62f96-AppendLogResponseHandler: Failed appendEntries: org.apache.ratis.thirdparty.io.grpc.StatusRuntimeException: UNAVAILABLE: io exception
2019-09-19 12:02:06,251 [grpc-default-executor-6] WARN  server.GrpcLogAppender (LogUtils.java:warn(134)) - 14eab2a7-31b9-4bf4-80ab-c0ebf925c262@group-F197496E7779->2fa9f0f6-b6af-48ee-80c5-dd8119aa09d6-AppendLogResponseHandler: Failed appendEntries: org.apache.ratis.thirdparty.io.grpc.StatusRuntimeException: UNAVAILABLE: io exception
2019-09-19 12:02:06,252 [grpc-default-executor-4] INFO  impl.FollowerInfo (FollowerInfo.java:lambda$new$0(51)) - 14eab2a7-31b9-4bf4-80ab-c0ebf925c262@group-F197496E7779->b61b9bc0-c8d8-4ce8-a569-0c84e6e62f96: nextIndex: updateUnconditionally 0 -> 0
2019-09-19 12:02:06,252 [grpc-default-executor-6] INFO  impl.FollowerInfo (FollowerInfo.java:lambda$new$0(51)) - 14eab2a7-31b9-4bf4-80ab-c0ebf925c262@group-F197496E7779->2fa9f0f6-b6af-48ee-80c5-dd8119aa09d6: nextIndex: updateUnconditionally 5 -> 4
2019-09-19 12:02:06,326 [java.util.concurrent.ThreadPoolExecutor$Worker@3540f9e3[State = -1, empty queue]] WARN  server.GrpcLogAppender (GrpcLogAppender.java:timeoutAppendRequest(200)) - a729cdbd-f787-49c0-8e2c-44f1fb27cdba@group-A9823C1EF766->ccaa8f46-a720-4c9d-b367-b8e62fb2ca31-GrpcLogAppender: appendEntries Timeout, request=a729cdbd-f787-49c0-8e2c-44f1fb27cdba->ccaa8f46-a720-4c9d-b367-b8e62fb2ca31#149-t2, previous=(t:2, i:19), leaderCommit=15, initializing? false, entries: <empty>
2019-09-19 12:02:06,326 [java.util.concurrent.ThreadPoolExecutor$Worker@3e8d0eb4[State = -1, empty queue]] WARN  server.GrpcLogAppender (GrpcLogAppender.java:timeoutAppendRequest(200)) - a729cdbd-f787-49c0-8e2c-44f1fb27cdba@group-A9823C1EF766->7d946ca7-a873-4723-b723-9ddee89d0bc7-GrpcLogAppender: appendEntries Timeout, request=a729cdbd-f787-49c0-8e2c-44f1fb27cdba->7d946ca7-a873-4723-b723-9ddee89d0bc7#149-t2, previous=(t:2, i:19), leaderCommit=15, initializing? false, entries: <empty>
2019-09-19 12:02:06,571 [java.util.concurrent.ThreadPoolExecutor$Worker@41e0e92[State = -1, empty queue]] WARN  server.GrpcLogAppender (GrpcLogAppender.java:timeoutAppendRequest(200)) - 0f3ef5c5-216f-4603-9049-7f6477ca6f67@group-E57B62D150CC->ccd7891f-abf2-4840-bcfd-f7d46dfca276-GrpcLogAppender: appendEntries Timeout, request=0f3ef5c5-216f-4603-9049-7f6477ca6f67->ccd7891f-abf2-4840-bcfd-f7d46dfca276#148-t2, previous=(t:2, i:18), leaderCommit=14, initializing? false, entries: <empty>
2019-09-19 12:02:06,571 [java.util.concurrent.ThreadPoolExecutor$Worker@6aaa628b[State = -1, empty queue]] WARN  server.GrpcLogAppender (GrpcLogAppender.java:timeoutAppendRequest(200)) - 0f3ef5c5-216f-4603-9049-7f6477ca6f67@group-E57B62D150CC->0eafe25b-eef3-4e6e-962a-cfdd69f48960-GrpcLogAppender: appendEntries Timeout, request=0f3ef5c5-216f-4603-9049-7f6477ca6f67->0eafe25b-eef3-4e6e-962a-cfdd69f48960#148-t2, previous=(t:2, i:18), leaderCommit=14, initializing? false, entries: <empty>
2019-09-19 12:02:06,754 [grpc-default-executor-1] WARN  server.GrpcLogAppender (LogUtils.java:warn(134)) - 14eab2a7-31b9-4bf4-80ab-c0ebf925c262@group-F197496E7779->2fa9f0f6-b6af-48ee-80c5-dd8119aa09d6-AppendLogResponseHandler: Failed appendEntries: org.apache.ratis.thirdparty.io.grpc.StatusRuntimeException: UNAVAILABLE: io exception
2019-09-19 12:02:06,754 [grpc-default-executor-2] WARN  server.GrpcLogAppender (LogUtils.java:warn(134)) - 14eab2a7-31b9-4bf4-80ab-c0ebf925c262@group-F197496E7779->b61b9bc0-c8d8-4ce8-a569-0c84e6e62f96-AppendLogResponseHandler: Failed appendEntries: org.apache.ratis.thirdparty.io.grpc.StatusRuntimeException: UNAVAILABLE: io exception
2019-09-19 12:02:06,754 [grpc-default-executor-1] INFO  impl.FollowerInfo (FollowerInfo.java:lambda$new$0(51)) - 14eab2a7-31b9-4bf4-80ab-c0ebf925c262@group-F197496E7779->2fa9f0f6-b6af-48ee-80c5-dd8119aa09d6: nextIndex: updateUnconditionally 4 -> 3
2019-09-19 12:02:06,755 [grpc-default-executor-2] INFO  impl.FollowerInfo (FollowerInfo.java:lambda$new$0(51)) - 14eab2a7-31b9-4bf4-80ab-c0ebf925c262@group-F197496E7779->b61b9bc0-c8d8-4ce8-a569-0c84e6e62f96: nextIndex: updateUnconditionally 0 -> 0
2019-09-19 12:02:06,826 [java.util.concurrent.ThreadPoolExecutor$Worker@3e8d0eb4[State = -1, empty queue]] WARN  server.GrpcLogAppender (GrpcLogAppender.java:timeoutAppendRequest(200)) - a729cdbd-f787-49c0-8e2c-44f1fb27cdba@group-A9823C1EF766->7d946ca7-a873-4723-b723-9ddee89d0bc7-GrpcLogAppender: appendEntries Timeout, request=a729cdbd-f787-49c0-8e2c-44f1fb27cdba->7d946ca7-a873-4723-b723-9ddee89d0bc7#150-t2, previous=(t:2, i:19), leaderCommit=15, initializing? false, entries: <empty>
2019-09-19 12:02:06,826 [java.util.concurrent.ThreadPoolExecutor$Worker@3540f9e3[State = -1, empty queue]] WARN  server.GrpcLogAppender (GrpcLogAppender.java:timeoutAppendRequest(200)) - a729cdbd-f787-49c0-8e2c-44f1fb27cdba@group-A9823C1EF766->ccaa8f46-a720-4c9d-b367-b8e62fb2ca31-GrpcLogAppender: appendEntries Timeout, request=a729cdbd-f787-49c0-8e2c-44f1fb27cdba->ccaa8f46-a720-4c9d-b367-b8e62fb2ca31#150-t2, previous=(t:2, i:19), leaderCommit=15, initializing? false, entries: <empty>
2019-09-19 12:02:07,071 [java.util.concurrent.ThreadPoolExecutor$Worker@6aaa628b[State = -1, empty queue]] WARN  server.GrpcLogAppender (GrpcLogAppender.java:timeoutAppendRequest(200)) - 0f3ef5c5-216f-4603-9049-7f6477ca6f67@group-E57B62D150CC->0eafe25b-eef3-4e6e-962a-cfdd69f48960-GrpcLogAppender: appendEntries Timeout, request=0f3ef5c5-216f-4603-9049-7f6477ca6f67->0eafe25b-eef3-4e6e-962a-cfdd69f48960#149-t2, previous=(t:2, i:18), leaderCommit=14, initializing? false, entries: <empty>
2019-09-19 12:02:07,071 [java.util.concurrent.ThreadPoolExecutor$Worker@41e0e92[State = -1, empty queue]] WARN  server.GrpcLogAppender (GrpcLogAppender.java:timeoutAppendRequest(200)) - 0f3ef5c5-216f-4603-9049-7f6477ca6f67@group-E57B62D150CC->ccd7891f-abf2-4840-bcfd-f7d46dfca276-GrpcLogAppender: appendEntries Timeout, request=0f3ef5c5-216f-4603-9049-7f6477ca6f67->ccd7891f-abf2-4840-bcfd-f7d46dfca276#149-t2, previous=(t:2, i:18), leaderCommit=14, initializing? false, entries: <empty>
2019-09-19 12:02:07,254 [grpc-default-executor-5] WARN  server.GrpcLogAppender (LogUtils.java:warn(134)) - 14eab2a7-31b9-4bf4-80ab-c0ebf925c262@group-F197496E7779->2fa9f0f6-b6af-48ee-80c5-dd8119aa09d6-AppendLogResponseHandler: Failed appendEntries: org.apache.ratis.thirdparty.io.grpc.StatusRuntimeException: UNAVAILABLE: io exception
2019-09-19 12:02:07,254 [grpc-default-executor-3] WARN  server.GrpcLogAppender (LogUtils.java:warn(134)) - 14eab2a7-31b9-4bf4-80ab-c0ebf925c262@group-F197496E7779->b61b9bc0-c8d8-4ce8-a569-0c84e6e62f96-AppendLogResponseHandler: Failed appendEntries: org.apache.ratis.thirdparty.io.grpc.StatusRuntimeException: UNAVAILABLE: io exception
2019-09-19 12:02:07,255 [grpc-default-executor-5] INFO  impl.FollowerInfo (FollowerInfo.java:lambda$new$0(51)) - 14eab2a7-31b9-4bf4-80ab-c0ebf925c262@group-F197496E7779->2fa9f0f6-b6af-48ee-80c5-dd8119aa09d6: nextIndex: updateUnconditionally 3 -> 2
2019-09-19 12:02:07,255 [grpc-default-executor-3] INFO  impl.FollowerInfo (FollowerInfo.java:lambda$new$0(51)) - 14eab2a7-31b9-4bf4-80ab-c0ebf925c262@group-F197496E7779->b61b9bc0-c8d8-4ce8-a569-0c84e6e62f96: nextIndex: updateUnconditionally 0 -> 0
2019-09-19 12:02:07,326 [java.util.concurrent.ThreadPoolExecutor$Worker@3e8d0eb4[State = -1, empty queue]] WARN  server.GrpcLogAppender (GrpcLogAppender.java:timeoutAppendRequest(200)) - a729cdbd-f787-49c0-8e2c-44f1fb27cdba@group-A9823C1EF766->7d946ca7-a873-4723-b723-9ddee89d0bc7-GrpcLogAppender: appendEntries Timeout, request=a729cdbd-f787-49c0-8e2c-44f1fb27cdba->7d946ca7-a873-4723-b723-9ddee89d0bc7#151-t2, previous=(t:2, i:19), leaderCommit=15, initializing? false, entries: <empty>
2019-09-19 12:02:07,326 [java.util.concurrent.ThreadPoolExecutor$Worker@3540f9e3[State = -1, empty queue]] WARN  server.GrpcLogAppender (GrpcLogAppender.java:timeoutAppendRequest(200)) - a729cdbd-f787-49c0-8e2c-44f1fb27cdba@group-A9823C1EF766->ccaa8f46-a720-4c9d-b367-b8e62fb2ca31-GrpcLogAppender: appendEntries Timeout, request=a729cdbd-f787-49c0-8e2c-44f1fb27cdba->ccaa8f46-a720-4c9d-b367-b8e62fb2ca31#151-t2, previous=(t:2, i:19), leaderCommit=15, initializing? false, entries: <empty>
2019-09-19 12:02:07,572 [java.util.concurrent.ThreadPoolExecutor$Worker@6aaa628b[State = -1, empty queue]] WARN  server.GrpcLogAppender (GrpcLogAppender.java:timeoutAppendRequest(200)) - 0f3ef5c5-216f-4603-9049-7f6477ca6f67@group-E57B62D150CC->0eafe25b-eef3-4e6e-962a-cfdd69f48960-GrpcLogAppender: appendEntries Timeout, request=0f3ef5c5-216f-4603-9049-7f6477ca6f67->0eafe25b-eef3-4e6e-962a-cfdd69f48960#150-t2, previous=(t:2, i:18), leaderCommit=14, initializing? false, entries: <empty>
2019-09-19 12:02:07,572 [java.util.concurrent.ThreadPoolExecutor$Worker@41e0e92[State = -1, empty queue]] WARN  server.GrpcLogAppender (GrpcLogAppender.java:timeoutAppendRequest(200)) - 0f3ef5c5-216f-4603-9049-7f6477ca6f67@group-E57B62D150CC->ccd7891f-abf2-4840-bcfd-f7d46dfca276-GrpcLogAppender: appendEntries Timeout, request=0f3ef5c5-216f-4603-9049-7f6477ca6f67->ccd7891f-abf2-4840-bcfd-f7d46dfca276#150-t2, previous=(t:2, i:18), leaderCommit=14, initializing? false, entries: <empty>
2019-09-19 12:02:07,756 [grpc-default-executor-3] WARN  server.GrpcLogAppender (LogUtils.java:warn(134)) - 14eab2a7-31b9-4bf4-80ab-c0ebf925c262@group-F197496E7779->b61b9bc0-c8d8-4ce8-a569-0c84e6e62f96-AppendLogResponseHandler: Failed appendEntries: org.apache.ratis.thirdparty.io.grpc.StatusRuntimeException: UNAVAILABLE: io exception
2019-09-19 12:02:07,756 [grpc-default-executor-4] WARN  server.GrpcLogAppender (LogUtils.java:warn(134)) - 14eab2a7-31b9-4bf4-80ab-c0ebf925c262@group-F197496E7779->2fa9f0f6-b6af-48ee-80c5-dd8119aa09d6-AppendLogResponseHandler: Failed appendEntries: org.apache.ratis.thirdparty.io.grpc.StatusRuntimeException: UNAVAILABLE: io exception
2019-09-19 12:02:07,756 [grpc-default-executor-3] INFO  impl.FollowerInfo (FollowerInfo.java:lambda$new$0(51)) - 14eab2a7-31b9-4bf4-80ab-c0ebf925c262@group-F197496E7779->b61b9bc0-c8d8-4ce8-a569-0c84e6e62f96: nextIndex: updateUnconditionally 0 -> 0
2019-09-19 12:02:07,757 [grpc-default-executor-4] INFO  impl.FollowerInfo (FollowerInfo.java:lambda$new$0(51)) - 14eab2a7-31b9-4bf4-80ab-c0ebf925c262@group-F197496E7779->2fa9f0f6-b6af-48ee-80c5-dd8119aa09d6: nextIndex: updateUnconditionally 2 -> 1
2019-09-19 12:02:07,827 [java.util.concurrent.ThreadPoolExecutor$Worker@3540f9e3[State = -1, empty queue]] WARN  server.GrpcLogAppender (GrpcLogAppender.java:timeoutAppendRequest(200)) - a729cdbd-f787-49c0-8e2c-44f1fb27cdba@group-A9823C1EF766->ccaa8f46-a720-4c9d-b367-b8e62fb2ca31-GrpcLogAppender: appendEntries Timeout, request=a729cdbd-f787-49c0-8e2c-44f1fb27cdba->ccaa8f46-a720-4c9d-b367-b8e62fb2ca31#152-t2, previous=(t:2, i:19), leaderCommit=15, initializing? false, entries: <empty>
2019-09-19 12:02:07,827 [java.util.concurrent.ThreadPoolExecutor$Worker@3e8d0eb4[State = -1, empty queue]] WARN  server.GrpcLogAppender (GrpcLogAppender.java:timeoutAppendRequest(200)) - a729cdbd-f787-49c0-8e2c-44f1fb27cdba@group-A9823C1EF766->7d946ca7-a873-4723-b723-9ddee89d0bc7-GrpcLogAppender: appendEntries Timeout, request=a729cdbd-f787-49c0-8e2c-44f1fb27cdba->7d946ca7-a873-4723-b723-9ddee89d0bc7#152-t2, previous=(t:2, i:19), leaderCommit=15, initializing? false, entries: <empty>
2019-09-19 12:02:08,072 [java.util.concurrent.ThreadPoolExecutor$Worker@6aaa628b[State = -1, empty queue]] WARN  server.GrpcLogAppender (GrpcLogAppender.java:timeoutAppendRequest(200)) - 0f3ef5c5-216f-4603-9049-7f6477ca6f67@group-E57B62D150CC->0eafe25b-eef3-4e6e-962a-cfdd69f48960-GrpcLogAppender: appendEntries Timeout, request=0f3ef5c5-216f-4603-9049-7f6477ca6f67->0eafe25b-eef3-4e6e-962a-cfdd69f48960#151-t2, previous=(t:2, i:18), leaderCommit=14, initializing? false, entries: <empty>
2019-09-19 12:02:08,072 [java.util.concurrent.ThreadPoolExecutor$Worker@41e0e92[State = -1, empty queue]] WARN  server.GrpcLogAppender (GrpcLogAppender.java:timeoutAppendRequest(200)) - 0f3ef5c5-216f-4603-9049-7f6477ca6f67@group-E57B62D150CC->ccd7891f-abf2-4840-bcfd-f7d46dfca276-GrpcLogAppender: appendEntries Timeout, request=0f3ef5c5-216f-4603-9049-7f6477ca6f67->ccd7891f-abf2-4840-bcfd-f7d46dfca276#151-t2, previous=(t:2, i:18), leaderCommit=14, initializing? false, entries: <empty>
2019-09-19 12:02:08,257 [grpc-default-executor-1] WARN  server.GrpcLogAppender (LogUtils.java:warn(134)) - 14eab2a7-31b9-4bf4-80ab-c0ebf925c262@group-F197496E7779->b61b9bc0-c8d8-4ce8-a569-0c84e6e62f96-AppendLogResponseHandler: Failed appendEntries: org.apache.ratis.thirdparty.io.grpc.StatusRuntimeException: UNAVAILABLE: io exception
2019-09-19 12:02:08,257 [grpc-default-executor-6] WARN  server.GrpcLogAppender (LogUtils.java:warn(134)) - 14eab2a7-31b9-4bf4-80ab-c0ebf925c262@group-F197496E7779->2fa9f0f6-b6af-48ee-80c5-dd8119aa09d6-AppendLogResponseHandler: Failed appendEntries: org.apache.ratis.thirdparty.io.grpc.StatusRuntimeException: UNAVAILABLE: io exception
2019-09-19 12:02:08,258 [grpc-default-executor-1] INFO  impl.FollowerInfo (FollowerInfo.java:lambda$new$0(51)) - 14eab2a7-31b9-4bf4-80ab-c0ebf925c262@group-F197496E7779->b61b9bc0-c8d8-4ce8-a569-0c84e6e62f96: nextIndex: updateUnconditionally 0 -> 0
2019-09-19 12:02:08,258 [grpc-default-executor-6] INFO  impl.FollowerInfo (FollowerInfo.java:lambda$new$0(51)) - 14eab2a7-31b9-4bf4-80ab-c0ebf925c262@group-F197496E7779->2fa9f0f6-b6af-48ee-80c5-dd8119aa09d6: nextIndex: updateUnconditionally 1 -> 0
2019-09-19 12:02:08,327 [java.util.concurrent.ThreadPoolExecutor$Worker@3540f9e3[State = -1, empty queue]] WARN  server.GrpcLogAppender (GrpcLogAppender.java:timeoutAppendRequest(200)) - a729cdbd-f787-49c0-8e2c-44f1fb27cdba@group-A9823C1EF766->ccaa8f46-a720-4c9d-b367-b8e62fb2ca31-GrpcLogAppender: appendEntries Timeout, request=a729cdbd-f787-49c0-8e2c-44f1fb27cdba->ccaa8f46-a720-4c9d-b367-b8e62fb2ca31#153-t2, previous=(t:2, i:19), leaderCommit=15, initializing? false, entries: <empty>
2019-09-19 12:02:08,327 [java.util.concurrent.ThreadPoolExecutor$Worker@3e8d0eb4[State = -1, empty queue]] WARN  server.GrpcLogAppender (GrpcLogAppender.java:timeoutAppendRequest(200)) - a729cdbd-f787-49c0-8e2c-44f1fb27cdba@group-A9823C1EF766->7d946ca7-a873-4723-b723-9ddee89d0bc7-GrpcLogAppender: appendEntries Timeout, request=a729cdbd-f787-49c0-8e2c-44f1fb27cdba->7d946ca7-a873-4723-b723-9ddee89d0bc7#153-t2, previous=(t:2, i:19), leaderCommit=15, initializing? false, entries: <empty>
2019-09-19 12:02:08,572 [java.util.concurrent.ThreadPoolExecutor$Worker@6aaa628b[State = -1, empty queue]] WARN  server.GrpcLogAppender (GrpcLogAppender.java:timeoutAppendRequest(200)) - 0f3ef5c5-216f-4603-9049-7f6477ca6f67@group-E57B62D150CC->0eafe25b-eef3-4e6e-962a-cfdd69f48960-GrpcLogAppender: appendEntries Timeout, request=0f3ef5c5-216f-4603-9049-7f6477ca6f67->0eafe25b-eef3-4e6e-962a-cfdd69f48960#152-t2, previous=(t:2, i:18), leaderCommit=14, initializing? false, entries: <empty>
2019-09-19 12:02:08,572 [java.util.concurrent.ThreadPoolExecutor$Worker@41e0e92[State = -1, empty queue]] WARN  server.GrpcLogAppender (GrpcLogAppender.java:timeoutAppendRequest(200)) - 0f3ef5c5-216f-4603-9049-7f6477ca6f67@group-E57B62D150CC->ccd7891f-abf2-4840-bcfd-f7d46dfca276-GrpcLogAppender: appendEntries Timeout, request=0f3ef5c5-216f-4603-9049-7f6477ca6f67->ccd7891f-abf2-4840-bcfd-f7d46dfca276#152-t2, previous=(t:2, i:18), leaderCommit=14, initializing? false, entries: <empty>
2019-09-19 12:02:08,761 [grpc-default-executor-2] WARN  server.GrpcLogAppender (LogUtils.java:warn(134)) - 14eab2a7-31b9-4bf4-80ab-c0ebf925c262@group-F197496E7779->2fa9f0f6-b6af-48ee-80c5-dd8119aa09d6-AppendLogResponseHandler: Failed appendEntries: org.apache.ratis.thirdparty.io.grpc.StatusRuntimeException: UNAVAILABLE: io exception
2019-09-19 12:02:08,761 [grpc-default-executor-3] WARN  server.GrpcLogAppender (LogUtils.java:warn(134)) - 14eab2a7-31b9-4bf4-80ab-c0ebf925c262@group-F197496E7779->b61b9bc0-c8d8-4ce8-a569-0c84e6e62f96-AppendLogResponseHandler: Failed appendEntries: org.apache.ratis.thirdparty.io.grpc.StatusRuntimeException: UNAVAILABLE: io exception
2019-09-19 12:02:08,762 [grpc-default-executor-2] INFO  impl.FollowerInfo (FollowerInfo.java:lambda$new$0(51)) - 14eab2a7-31b9-4bf4-80ab-c0ebf925c262@group-F197496E7779->2fa9f0f6-b6af-48ee-80c5-dd8119aa09d6: nextIndex: updateUnconditionally 0 -> 0
2019-09-19 12:02:08,762 [grpc-default-executor-3] INFO  impl.FollowerInfo (FollowerInfo.java:lambda$new$0(51)) - 14eab2a7-31b9-4bf4-80ab-c0ebf925c262@group-F197496E7779->b61b9bc0-c8d8-4ce8-a569-0c84e6e62f96: nextIndex: updateUnconditionally 0 -> 0
2019-09-19 12:02:08,827 [java.util.concurrent.ThreadPoolExecutor$Worker@3540f9e3[State = -1, empty queue]] WARN  server.GrpcLogAppender (GrpcLogAppender.java:timeoutAppendRequest(200)) - a729cdbd-f787-49c0-8e2c-44f1fb27cdba@group-A9823C1EF766->ccaa8f46-a720-4c9d-b367-b8e62fb2ca31-GrpcLogAppender: appendEntries Timeout, request=a729cdbd-f787-49c0-8e2c-44f1fb27cdba->ccaa8f46-a720-4c9d-b367-b8e62fb2ca31#154-t2, previous=(t:2, i:19), leaderCommit=15, initializing? false, entries: <empty>
2019-09-19 12:02:08,827 [java.util.concurrent.ThreadPoolExecutor$Worker@3e8d0eb4[State = -1, empty queue]] WARN  server.GrpcLogAppender (GrpcLogAppender.java:timeoutAppendRequest(200)) - a729cdbd-f787-49c0-8e2c-44f1fb27cdba@group-A9823C1EF766->7d946ca7-a873-4723-b723-9ddee89d0bc7-GrpcLogAppender: appendEntries Timeout, request=a729cdbd-f787-49c0-8e2c-44f1fb27cdba->7d946ca7-a873-4723-b723-9ddee89d0bc7#154-t2, previous=(t:2, i:19), leaderCommit=15, initializing? false, entries: <empty>
2019-09-19 12:02:09,073 [java.util.concurrent.ThreadPoolExecutor$Worker@6aaa628b[State = -1, empty queue]] WARN  server.GrpcLogAppender (GrpcLogAppender.java:timeoutAppendRequest(200)) - 0f3ef5c5-216f-4603-9049-7f6477ca6f67@group-E57B62D150CC->0eafe25b-eef3-4e6e-962a-cfdd69f48960-GrpcLogAppender: appendEntries Timeout, request=0f3ef5c5-216f-4603-9049-7f6477ca6f67->0eafe25b-eef3-4e6e-962a-cfdd69f48960#153-t2, previous=(t:2, i:18), leaderCommit=14, initializing? false, entries: <empty>
2019-09-19 12:02:09,073 [java.util.concurrent.ThreadPoolExecutor$Worker@41e0e92[State = -1, empty queue]] WARN  server.GrpcLogAppender (GrpcLogAppender.java:timeoutAppendRequest(200)) - 0f3ef5c5-216f-4603-9049-7f6477ca6f67@group-E57B62D150CC->ccd7891f-abf2-4840-bcfd-f7d46dfca276-GrpcLogAppender: appendEntries Timeout, request=0f3ef5c5-216f-4603-9049-7f6477ca6f67->ccd7891f-abf2-4840-bcfd-f7d46dfca276#153-t2, previous=(t:2, i:18), leaderCommit=14, initializing? false, entries: <empty>
2019-09-19 12:02:09,260 [grpc-default-executor-2] WARN  server.GrpcLogAppender (LogUtils.java:warn(134)) - 14eab2a7-31b9-4bf4-80ab-c0ebf925c262@group-F197496E7779->b61b9bc0-c8d8-4ce8-a569-0c84e6e62f96-AppendLogResponseHandler: Failed appendEntries: org.apache.ratis.thirdparty.io.grpc.StatusRuntimeException: UNAVAILABLE: io exception
2019-09-19 12:02:09,260 [grpc-default-executor-3] WARN  server.GrpcLogAppender (LogUtils.java:warn(134)) - 14eab2a7-31b9-4bf4-80ab-c0ebf925c262@group-F197496E7779->2fa9f0f6-b6af-48ee-80c5-dd8119aa09d6-AppendLogResponseHandler: Failed appendEntries: org.apache.ratis.thirdparty.io.grpc.StatusRuntimeException: UNAVAILABLE: io exception
2019-09-19 12:02:09,260 [grpc-default-executor-2] INFO  impl.FollowerInfo (FollowerInfo.java:lambda$new$0(51)) - 14eab2a7-31b9-4bf4-80ab-c0ebf925c262@group-F197496E7779->b61b9bc0-c8d8-4ce8-a569-0c84e6e62f96: nextIndex: updateUnconditionally 0 -> 0
2019-09-19 12:02:09,261 [grpc-default-executor-3] INFO  impl.FollowerInfo (FollowerInfo.java:lambda$new$0(51)) - 14eab2a7-31b9-4bf4-80ab-c0ebf925c262@group-F197496E7779->2fa9f0f6-b6af-48ee-80c5-dd8119aa09d6: nextIndex: updateUnconditionally 0 -> 0
2019-09-19 12:02:09,329 [java.util.concurrent.ThreadPoolExecutor$Worker@3540f9e3[State = -1, empty queue]] WARN  server.GrpcLogAppender (GrpcLogAppender.java:timeoutAppendRequest(200)) - a729cdbd-f787-49c0-8e2c-44f1fb27cdba@group-A9823C1EF766->ccaa8f46-a720-4c9d-b367-b8e62fb2ca31-GrpcLogAppender: appendEntries Timeout, request=a729cdbd-f787-49c0-8e2c-44f1fb27cdba->ccaa8f46-a720-4c9d-b367-b8e62fb2ca31#155-t2, previous=(t:2, i:19), leaderCommit=15, initializing? false, entries: <empty>
2019-09-19 12:02:09,329 [java.util.concurrent.ThreadPoolExecutor$Worker@3e8d0eb4[State = -1, empty queue]] WARN  server.GrpcLogAppender (GrpcLogAppender.java:timeoutAppendRequest(200)) - a729cdbd-f787-49c0-8e2c-44f1fb27cdba@group-A9823C1EF766->7d946ca7-a873-4723-b723-9ddee89d0bc7-GrpcLogAppender: appendEntries Timeout, request=a729cdbd-f787-49c0-8e2c-44f1fb27cdba->7d946ca7-a873-4723-b723-9ddee89d0bc7#155-t2, previous=(t:2, i:19), leaderCommit=15, initializing? false, entries: <empty>
2019-09-19 12:02:09,574 [java.util.concurrent.ThreadPoolExecutor$Worker@6aaa628b[State = -1, empty queue]] WARN  server.GrpcLogAppender (GrpcLogAppender.java:timeoutAppendRequest(200)) - 0f3ef5c5-216f-4603-9049-7f6477ca6f67@group-E57B62D150CC->0eafe25b-eef3-4e6e-962a-cfdd69f48960-GrpcLogAppender: appendEntries Timeout, request=0f3ef5c5-216f-4603-9049-7f6477ca6f67->0eafe25b-eef3-4e6e-962a-cfdd69f48960#154-t2, previous=(t:2, i:18), leaderCommit=14, initializing? false, entries: <empty>
2019-09-19 12:02:09,574 [java.util.concurrent.ThreadPoolExecutor$Worker@41e0e92[State = -1, empty queue]] WARN  server.GrpcLogAppender (GrpcLogAppender.java:timeoutAppendRequest(200)) - 0f3ef5c5-216f-4603-9049-7f6477ca6f67@group-E57B62D150CC->ccd7891f-abf2-4840-bcfd-f7d46dfca276-GrpcLogAppender: appendEntries Timeout, request=0f3ef5c5-216f-4603-9049-7f6477ca6f67->ccd7891f-abf2-4840-bcfd-f7d46dfca276#154-t2, previous=(t:2, i:18), leaderCommit=14, initializing? false, entries: <empty>
2019-09-19 12:02:09,700 [a729cdbd-f787-49c0-8e2c-44f1fb27cdba@group-A9823C1EF766-SegmentedRaftLogWorker] WARN  segmented.SegmentedRaftLogWorker (SegmentedRaftLogWorker.java:getFromFuture(90)) - Timeout 6/~
org.apache.ratis.protocol.TimeoutIOException: Timeout 10s: WriteLog:18: (t:2, i:18), STATEMACHINELOGENTRY, client-E7F445D3456E, cid=39-writeStateMachineData
	at org.apache.ratis.util.IOUtils.getFromFuture(IOUtils.java:87)
	at org.apache.ratis.server.raftlog.segmented.SegmentedRaftLogWorker$StateMachineDataPolicy.getFromFuture(SegmentedRaftLogWorker.java:87)
	at org.apache.ratis.server.raftlog.segmented.SegmentedRaftLogWorker$WriteLog.execute(SegmentedRaftLogWorker.java:477)
	at org.apache.ratis.server.raftlog.segmented.SegmentedRaftLogWorker.run(SegmentedRaftLogWorker.java:289)
	at java.lang.Thread.run(Thread.java:748)
Caused by: java.util.concurrent.TimeoutException
	at java.util.concurrent.CompletableFuture.timedGet(CompletableFuture.java:1771)
	at java.util.concurrent.CompletableFuture.get(CompletableFuture.java:1915)
	at org.apache.ratis.util.IOUtils.getFromFuture(IOUtils.java:79)
	... 4 more
2019-09-19 12:02:09,700 [7d946ca7-a873-4723-b723-9ddee89d0bc7@group-A9823C1EF766-SegmentedRaftLogWorker] WARN  segmented.SegmentedRaftLogWorker (SegmentedRaftLogWorker.java:getFromFuture(90)) - Timeout 6/~
org.apache.ratis.protocol.TimeoutIOException: Timeout 10s: WriteLog:18: (t:2, i:18), STATEMACHINELOGENTRY, client-E7F445D3456E, cid=39-writeStateMachineData
	at org.apache.ratis.util.IOUtils.getFromFuture(IOUtils.java:87)
	at org.apache.ratis.server.raftlog.segmented.SegmentedRaftLogWorker$StateMachineDataPolicy.getFromFuture(SegmentedRaftLogWorker.java:87)
	at org.apache.ratis.server.raftlog.segmented.SegmentedRaftLogWorker$WriteLog.execute(SegmentedRaftLogWorker.java:477)
	at org.apache.ratis.server.raftlog.segmented.SegmentedRaftLogWorker.run(SegmentedRaftLogWorker.java:289)
	at java.lang.Thread.run(Thread.java:748)
Caused by: java.util.concurrent.TimeoutException
	at java.util.concurrent.CompletableFuture.timedGet(CompletableFuture.java:1771)
	at java.util.concurrent.CompletableFuture.get(CompletableFuture.java:1915)
	at org.apache.ratis.util.IOUtils.getFromFuture(IOUtils.java:79)
	... 4 more
2019-09-19 12:02:09,701 [ccaa8f46-a720-4c9d-b367-b8e62fb2ca31@group-A9823C1EF766-SegmentedRaftLogWorker] WARN  segmented.SegmentedRaftLogWorker (SegmentedRaftLogWorker.java:getFromFuture(90)) - Timeout 6/~
org.apache.ratis.protocol.TimeoutIOException: Timeout 10s: WriteLog:18: (t:2, i:18), STATEMACHINELOGENTRY, client-E7F445D3456E, cid=39-writeStateMachineData
	at org.apache.ratis.util.IOUtils.getFromFuture(IOUtils.java:87)
	at org.apache.ratis.server.raftlog.segmented.SegmentedRaftLogWorker$StateMachineDataPolicy.getFromFuture(SegmentedRaftLogWorker.java:87)
	at org.apache.ratis.server.raftlog.segmented.SegmentedRaftLogWorker$WriteLog.execute(SegmentedRaftLogWorker.java:477)
	at org.apache.ratis.server.raftlog.segmented.SegmentedRaftLogWorker.run(SegmentedRaftLogWorker.java:289)
	at java.lang.Thread.run(Thread.java:748)
Caused by: java.util.concurrent.TimeoutException
	at java.util.concurrent.CompletableFuture.timedGet(CompletableFuture.java:1771)
	at java.util.concurrent.CompletableFuture.get(CompletableFuture.java:1915)
	at org.apache.ratis.util.IOUtils.getFromFuture(IOUtils.java:79)
	... 4 more
2019-09-19 12:02:09,761 [grpc-default-executor-3] WARN  server.GrpcLogAppender (LogUtils.java:warn(134)) - 14eab2a7-31b9-4bf4-80ab-c0ebf925c262@group-F197496E7779->2fa9f0f6-b6af-48ee-80c5-dd8119aa09d6-AppendLogResponseHandler: Failed appendEntries: org.apache.ratis.thirdparty.io.grpc.StatusRuntimeException: UNAVAILABLE: io exception
2019-09-19 12:02:09,761 [grpc-default-executor-4] WARN  server.GrpcLogAppender (LogUtils.java:warn(134)) - 14eab2a7-31b9-4bf4-80ab-c0ebf925c262@group-F197496E7779->b61b9bc0-c8d8-4ce8-a569-0c84e6e62f96-AppendLogResponseHandler: Failed appendEntries: org.apache.ratis.thirdparty.io.grpc.StatusRuntimeException: UNAVAILABLE: io exception
2019-09-19 12:02:09,761 [grpc-default-executor-3] INFO  impl.FollowerInfo (FollowerInfo.java:lambda$new$0(51)) - 14eab2a7-31b9-4bf4-80ab-c0ebf925c262@group-F197496E7779->2fa9f0f6-b6af-48ee-80c5-dd8119aa09d6: nextIndex: updateUnconditionally 0 -> 0
2019-09-19 12:02:09,761 [grpc-default-executor-4] INFO  impl.FollowerInfo (FollowerInfo.java:lambda$new$0(51)) - 14eab2a7-31b9-4bf4-80ab-c0ebf925c262@group-F197496E7779->b61b9bc0-c8d8-4ce8-a569-0c84e6e62f96: nextIndex: updateUnconditionally 0 -> 0
2019-09-19 12:02:09,828 [java.util.concurrent.ThreadPoolExecutor$Worker@3e8d0eb4[State = -1, empty queue]] WARN  server.GrpcLogAppender (GrpcLogAppender.java:timeoutAppendRequest(200)) - a729cdbd-f787-49c0-8e2c-44f1fb27cdba@group-A9823C1EF766->7d946ca7-a873-4723-b723-9ddee89d0bc7-GrpcLogAppender: appendEntries Timeout, request=a729cdbd-f787-49c0-8e2c-44f1fb27cdba->7d946ca7-a873-4723-b723-9ddee89d0bc7#156-t2, previous=(t:2, i:19), leaderCommit=15, initializing? false, entries: <empty>
2019-09-19 12:02:09,828 [java.util.concurrent.ThreadPoolExecutor$Worker@3540f9e3[State = -1, empty queue]] WARN  server.GrpcLogAppender (GrpcLogAppender.java:timeoutAppendRequest(200)) - a729cdbd-f787-49c0-8e2c-44f1fb27cdba@group-A9823C1EF766->ccaa8f46-a720-4c9d-b367-b8e62fb2ca31-GrpcLogAppender: appendEntries Timeout, request=a729cdbd-f787-49c0-8e2c-44f1fb27cdba->ccaa8f46-a720-4c9d-b367-b8e62fb2ca31#156-t2, previous=(t:2, i:19), leaderCommit=15, initializing? false, entries: <empty>
2019-09-19 12:02:10,074 [java.util.concurrent.ThreadPoolExecutor$Worker@41e0e92[State = -1, empty queue]] WARN  server.GrpcLogAppender (GrpcLogAppender.java:timeoutAppendRequest(200)) - 0f3ef5c5-216f-4603-9049-7f6477ca6f67@group-E57B62D150CC->ccd7891f-abf2-4840-bcfd-f7d46dfca276-GrpcLogAppender: appendEntries Timeout, request=0f3ef5c5-216f-4603-9049-7f6477ca6f67->ccd7891f-abf2-4840-bcfd-f7d46dfca276#155-t2, previous=(t:2, i:18), leaderCommit=14, initializing? false, entries: <empty>
2019-09-19 12:02:10,074 [java.util.concurrent.ThreadPoolExecutor$Worker@6aaa628b[State = -1, empty queue]] WARN  server.GrpcLogAppender (GrpcLogAppender.java:timeoutAppendRequest(200)) - 0f3ef5c5-216f-4603-9049-7f6477ca6f67@group-E57B62D150CC->0eafe25b-eef3-4e6e-962a-cfdd69f48960-GrpcLogAppender: appendEntries Timeout, request=0f3ef5c5-216f-4603-9049-7f6477ca6f67->0eafe25b-eef3-4e6e-962a-cfdd69f48960#155-t2, previous=(t:2, i:18), leaderCommit=14, initializing? false, entries: <empty>
2019-09-19 12:02:10,264 [grpc-default-executor-2] WARN  server.GrpcLogAppender (LogUtils.java:warn(134)) - 14eab2a7-31b9-4bf4-80ab-c0ebf925c262@group-F197496E7779->b61b9bc0-c8d8-4ce8-a569-0c84e6e62f96-AppendLogResponseHandler: Failed appendEntries: org.apache.ratis.thirdparty.io.grpc.StatusRuntimeException: UNAVAILABLE: io exception
2019-09-19 12:02:10,264 [grpc-default-executor-4] WARN  server.GrpcLogAppender (LogUtils.java:warn(134)) - 14eab2a7-31b9-4bf4-80ab-c0ebf925c262@group-F197496E7779->2fa9f0f6-b6af-48ee-80c5-dd8119aa09d6-AppendLogResponseHandler: Failed appendEntries: org.apache.ratis.thirdparty.io.grpc.StatusRuntimeException: UNAVAILABLE: io exception
2019-09-19 12:02:10,264 [grpc-default-executor-2] INFO  impl.FollowerInfo (FollowerInfo.java:lambda$new$0(51)) - 14eab2a7-31b9-4bf4-80ab-c0ebf925c262@group-F197496E7779->b61b9bc0-c8d8-4ce8-a569-0c84e6e62f96: nextIndex: updateUnconditionally 0 -> 0
2019-09-19 12:02:10,265 [grpc-default-executor-4] INFO  impl.FollowerInfo (FollowerInfo.java:lambda$new$0(51)) - 14eab2a7-31b9-4bf4-80ab-c0ebf925c262@group-F197496E7779->2fa9f0f6-b6af-48ee-80c5-dd8119aa09d6: nextIndex: updateUnconditionally 0 -> 0
2019-09-19 12:02:10,329 [java.util.concurrent.ThreadPoolExecutor$Worker@3e8d0eb4[State = -1, empty queue]] WARN  server.GrpcLogAppender (GrpcLogAppender.java:timeoutAppendRequest(200)) - a729cdbd-f787-49c0-8e2c-44f1fb27cdba@group-A9823C1EF766->7d946ca7-a873-4723-b723-9ddee89d0bc7-GrpcLogAppender: appendEntries Timeout, request=a729cdbd-f787-49c0-8e2c-44f1fb27cdba->7d946ca7-a873-4723-b723-9ddee89d0bc7#157-t2, previous=(t:2, i:19), leaderCommit=15, initializing? false, entries: <empty>
2019-09-19 12:02:10,329 [java.util.concurrent.ThreadPoolExecutor$Worker@3540f9e3[State = -1, empty queue]] WARN  server.GrpcLogAppender (GrpcLogAppender.java:timeoutAppendRequest(200)) - a729cdbd-f787-49c0-8e2c-44f1fb27cdba@group-A9823C1EF766->ccaa8f46-a720-4c9d-b367-b8e62fb2ca31-GrpcLogAppender: appendEntries Timeout, request=a729cdbd-f787-49c0-8e2c-44f1fb27cdba->ccaa8f46-a720-4c9d-b367-b8e62fb2ca31#157-t2, previous=(t:2, i:19), leaderCommit=15, initializing? false, entries: <empty>
2019-09-19 12:02:10,574 [java.util.concurrent.ThreadPoolExecutor$Worker@6aaa628b[State = -1, empty queue]] WARN  server.GrpcLogAppender (GrpcLogAppender.java:timeoutAppendRequest(200)) - 0f3ef5c5-216f-4603-9049-7f6477ca6f67@group-E57B62D150CC->0eafe25b-eef3-4e6e-962a-cfdd69f48960-GrpcLogAppender: appendEntries Timeout, request=0f3ef5c5-216f-4603-9049-7f6477ca6f67->0eafe25b-eef3-4e6e-962a-cfdd69f48960#156-t2, previous=(t:2, i:18), leaderCommit=14, initializing? false, entries: <empty>
2019-09-19 12:02:10,574 [java.util.concurrent.ThreadPoolExecutor$Worker@41e0e92[State = -1, empty queue]] WARN  server.GrpcLogAppender (GrpcLogAppender.java:timeoutAppendRequest(200)) - 0f3ef5c5-216f-4603-9049-7f6477ca6f67@group-E57B62D150CC->ccd7891f-abf2-4840-bcfd-f7d46dfca276-GrpcLogAppender: appendEntries Timeout, request=0f3ef5c5-216f-4603-9049-7f6477ca6f67->ccd7891f-abf2-4840-bcfd-f7d46dfca276#156-t2, previous=(t:2, i:18), leaderCommit=14, initializing? false, entries: <empty>
2019-09-19 12:02:10,763 [grpc-default-executor-5] WARN  server.GrpcLogAppender (LogUtils.java:warn(134)) - 14eab2a7-31b9-4bf4-80ab-c0ebf925c262@group-F197496E7779->2fa9f0f6-b6af-48ee-80c5-dd8119aa09d6-AppendLogResponseHandler: Failed appendEntries: org.apache.ratis.thirdparty.io.grpc.StatusRuntimeException: UNAVAILABLE: io exception
2019-09-19 12:02:10,763 [grpc-default-executor-6] WARN  server.GrpcLogAppender (LogUtils.java:warn(134)) - 14eab2a7-31b9-4bf4-80ab-c0ebf925c262@group-F197496E7779->b61b9bc0-c8d8-4ce8-a569-0c84e6e62f96-AppendLogResponseHandler: Failed appendEntries: org.apache.ratis.thirdparty.io.grpc.StatusRuntimeException: UNAVAILABLE: io exception
2019-09-19 12:02:10,764 [grpc-default-executor-5] INFO  impl.FollowerInfo (FollowerInfo.java:lambda$new$0(51)) - 14eab2a7-31b9-4bf4-80ab-c0ebf925c262@group-F197496E7779->2fa9f0f6-b6af-48ee-80c5-dd8119aa09d6: nextIndex: updateUnconditionally 0 -> 0
2019-09-19 12:02:10,764 [grpc-default-executor-6] INFO  impl.FollowerInfo (FollowerInfo.java:lambda$new$0(51)) - 14eab2a7-31b9-4bf4-80ab-c0ebf925c262@group-F197496E7779->b61b9bc0-c8d8-4ce8-a569-0c84e6e62f96: nextIndex: updateUnconditionally 0 -> 0
2019-09-19 12:02:10,829 [java.util.concurrent.ThreadPoolExecutor$Worker@3e8d0eb4[State = -1, empty queue]] WARN  server.GrpcLogAppender (GrpcLogAppender.java:timeoutAppendRequest(200)) - a729cdbd-f787-49c0-8e2c-44f1fb27cdba@group-A9823C1EF766->7d946ca7-a873-4723-b723-9ddee89d0bc7-GrpcLogAppender: appendEntries Timeout, request=a729cdbd-f787-49c0-8e2c-44f1fb27cdba->7d946ca7-a873-4723-b723-9ddee89d0bc7#158-t2, previous=(t:2, i:19), leaderCommit=15, initializing? false, entries: <empty>
2019-09-19 12:02:10,829 [java.util.concurrent.ThreadPoolExecutor$Worker@3540f9e3[State = -1, empty queue]] WARN  server.GrpcLogAppender (GrpcLogAppender.java:timeoutAppendRequest(200)) - a729cdbd-f787-49c0-8e2c-44f1fb27cdba@group-A9823C1EF766->ccaa8f46-a720-4c9d-b367-b8e62fb2ca31-GrpcLogAppender: appendEntries Timeout, request=a729cdbd-f787-49c0-8e2c-44f1fb27cdba->ccaa8f46-a720-4c9d-b367-b8e62fb2ca31#158-t2, previous=(t:2, i:19), leaderCommit=15, initializing? false, entries: <empty>
2019-09-19 12:02:11,075 [java.util.concurrent.ThreadPoolExecutor$Worker@41e0e92[State = -1, empty queue]] WARN  server.GrpcLogAppender (GrpcLogAppender.java:timeoutAppendRequest(200)) - 0f3ef5c5-216f-4603-9049-7f6477ca6f67@group-E57B62D150CC->ccd7891f-abf2-4840-bcfd-f7d46dfca276-GrpcLogAppender: appendEntries Timeout, request=0f3ef5c5-216f-4603-9049-7f6477ca6f67->ccd7891f-abf2-4840-bcfd-f7d46dfca276#157-t2, previous=(t:2, i:18), leaderCommit=14, initializing? false, entries: <empty>
2019-09-19 12:02:11,075 [java.util.concurrent.ThreadPoolExecutor$Worker@6aaa628b[State = -1, empty queue]] WARN  server.GrpcLogAppender (GrpcLogAppender.java:timeoutAppendRequest(200)) - 0f3ef5c5-216f-4603-9049-7f6477ca6f67@group-E57B62D150CC->0eafe25b-eef3-4e6e-962a-cfdd69f48960-GrpcLogAppender: appendEntries Timeout, request=0f3ef5c5-216f-4603-9049-7f6477ca6f67->0eafe25b-eef3-4e6e-962a-cfdd69f48960#157-t2, previous=(t:2, i:18), leaderCommit=14, initializing? false, entries: <empty>
2019-09-19 12:02:11,264 [grpc-default-executor-6] WARN  server.GrpcLogAppender (LogUtils.java:warn(134)) - 14eab2a7-31b9-4bf4-80ab-c0ebf925c262@group-F197496E7779->b61b9bc0-c8d8-4ce8-a569-0c84e6e62f96-AppendLogResponseHandler: Failed appendEntries: org.apache.ratis.thirdparty.io.grpc.StatusRuntimeException: UNAVAILABLE: io exception
2019-09-19 12:02:11,264 [grpc-default-executor-3] WARN  server.GrpcLogAppender (LogUtils.java:warn(134)) - 14eab2a7-31b9-4bf4-80ab-c0ebf925c262@group-F197496E7779->2fa9f0f6-b6af-48ee-80c5-dd8119aa09d6-AppendLogResponseHandler: Failed appendEntries: org.apache.ratis.thirdparty.io.grpc.StatusRuntimeException: UNAVAILABLE: io exception
2019-09-19 12:02:11,265 [grpc-default-executor-6] INFO  impl.FollowerInfo (FollowerInfo.java:lambda$new$0(51)) - 14eab2a7-31b9-4bf4-80ab-c0ebf925c262@group-F197496E7779->b61b9bc0-c8d8-4ce8-a569-0c84e6e62f96: nextIndex: updateUnconditionally 0 -> 0
2019-09-19 12:02:11,265 [grpc-default-executor-3] INFO  impl.FollowerInfo (FollowerInfo.java:lambda$new$0(51)) - 14eab2a7-31b9-4bf4-80ab-c0ebf925c262@group-F197496E7779->2fa9f0f6-b6af-48ee-80c5-dd8119aa09d6: nextIndex: updateUnconditionally 0 -> 0
2019-09-19 12:02:11,329 [java.util.concurrent.ThreadPoolExecutor$Worker@3e8d0eb4[State = -1, empty queue]] WARN  server.GrpcLogAppender (GrpcLogAppender.java:timeoutAppendRequest(200)) - a729cdbd-f787-49c0-8e2c-44f1fb27cdba@group-A9823C1EF766->7d946ca7-a873-4723-b723-9ddee89d0bc7-GrpcLogAppender: appendEntries Timeout, request=a729cdbd-f787-49c0-8e2c-44f1fb27cdba->7d946ca7-a873-4723-b723-9ddee89d0bc7#159-t2, previous=(t:2, i:19), leaderCommit=15, initializing? false, entries: <empty>
2019-09-19 12:02:11,329 [java.util.concurrent.ThreadPoolExecutor$Worker@3540f9e3[State = -1, empty queue]] WARN  server.GrpcLogAppender (GrpcLogAppender.java:timeoutAppendRequest(200)) - a729cdbd-f787-49c0-8e2c-44f1fb27cdba@group-A9823C1EF766->ccaa8f46-a720-4c9d-b367-b8e62fb2ca31-GrpcLogAppender: appendEntries Timeout, request=a729cdbd-f787-49c0-8e2c-44f1fb27cdba->ccaa8f46-a720-4c9d-b367-b8e62fb2ca31#159-t2, previous=(t:2, i:19), leaderCommit=15, initializing? false, entries: <empty>
2019-09-19 12:02:11,372 [main] WARN  io.KeyOutputStream (KeyOutputStream.java:handleException(276)) - Encountered exception java.io.IOException: Unexpected Storage Container Exception: java.util.concurrent.CompletionException: java.util.concurrent.CompletionException: org.apache.ratis.protocol.RaftRetryFailureException: Failed RaftClientRequest:client-C0EB156BC6EE->2fa9f0f6-b6af-48ee-80c5-dd8119aa09d6@group-F197496E7779, cid=63, seq=7*, RW, org.apache.hadoop.hdds.scm.XceiverClientRatis$$Lambda$463/1566285515@b90fbd1 for 10 attempts with RetryLimited(maxAttempts=10, sleepTime=1000ms) on the pipeline Pipeline[ Id: 6d8850fe-b2ec-45e2-8de3-f197496e7779, Nodes: b61b9bc0-c8d8-4ce8-a569-0c84e6e62f96{ip: 192.168.34.13, host: pr-hdds-2153-g484h-410672627, networkLocation: /default-rack, certSerialId: null}2fa9f0f6-b6af-48ee-80c5-dd8119aa09d6{ip: 192.168.34.13, host: pr-hdds-2153-g484h-410672627, networkLocation: /default-rack, certSerialId: null}14eab2a7-31b9-4bf4-80ab-c0ebf925c262{ip: 192.168.34.13, host: pr-hdds-2153-g484h-410672627, networkLocation: /default-rack, certSerialId: null}, Type:RATIS, Factor:THREE, State:OPEN]. The last committed block length is 2097152, uncommitted data length is 2097152 retry count 0
2019-09-19 12:02:11,402 [IPC Server handler 2 on 33389] WARN  block.BlockManagerImpl (BlockManagerImpl.java:allocateBlock(192)) - Pipeline creation failed for type:RATIS factor:THREE. Retrying get pipelines call once.
org.apache.hadoop.hdds.scm.pipeline.InsufficientDatanodesException: Cannot create pipeline of factor 3 using 1 nodes.
	at org.apache.hadoop.hdds.scm.pipeline.RatisPipelineProvider.create(RatisPipelineProvider.java:152)
	at org.apache.hadoop.hdds.scm.pipeline.PipelineFactory.create(PipelineFactory.java:57)
	at org.apache.hadoop.hdds.scm.pipeline.SCMPipelineManager.createPipeline(SCMPipelineManager.java:151)
	at org.apache.hadoop.hdds.scm.block.BlockManagerImpl.allocateBlock(BlockManagerImpl.java:190)
	at org.apache.hadoop.hdds.scm.server.SCMBlockProtocolServer.allocateBlock(SCMBlockProtocolServer.java:182)
	at org.apache.hadoop.ozone.protocolPB.ScmBlockLocationProtocolServerSideTranslatorPB.allocateScmBlock(ScmBlockLocationProtocolServerSideTranslatorPB.java:183)
	at org.apache.hadoop.ozone.protocolPB.ScmBlockLocationProtocolServerSideTranslatorPB.processMessage(ScmBlockLocationProtocolServerSideTranslatorPB.java:141)
	at org.apache.hadoop.ozone.protocolPB.ScmBlockLocationProtocolServerSideTranslatorPB.send(ScmBlockLocationProtocolServerSideTranslatorPB.java:116)
	at org.apache.hadoop.hdds.protocol.proto.ScmBlockLocationProtocolProtos$ScmBlockLocationProtocolService$2.callBlockingMethod(ScmBlockLocationProtocolProtos.java:13157)
	at org.apache.hadoop.ipc.ProtobufRpcEngine$Server$ProtoBufRpcInvoker.call(ProtobufRpcEngine.java:524)
	at org.apache.hadoop.ipc.RPC$Server.call(RPC.java:1025)
	at org.apache.hadoop.ipc.Server$RpcCall.run(Server.java:876)
	at org.apache.hadoop.ipc.Server$RpcCall.run(Server.java:822)
	at java.security.AccessController.doPrivileged(Native Method)
	at javax.security.auth.Subject.doAs(Subject.java:422)
	at org.apache.hadoop.security.UserGroupInformation.doAs(UserGroupInformation.java:1730)
	at org.apache.hadoop.ipc.Server$Handler.run(Server.java:2682)
2019-09-19 12:02:11,407 [IPC Server handler 2 on 33389] INFO  block.BlockManagerImpl (BlockManagerImpl.java:allocateBlock(198)) - Could not find available pipeline of type:RATIS and factor:THREE even after retrying
2019-09-19 12:02:11,407 [IPC Server handler 2 on 33389] ERROR block.BlockManagerImpl (BlockManagerImpl.java:allocateBlock(222)) - Unable to allocate a block for the size: 4194304, type: RATIS, factor: THREE
2019-09-19 12:02:11,414 [main] ERROR io.BlockOutputStreamEntryPool (BlockOutputStreamEntryPool.java:allocateBlockIfNeeded(299)) - Try to allocate more blocks for write failed, already allocated 0 blocks for this write.
INTERNAL_ERROR org.apache.hadoop.ozone.om.exceptions.OMException: Allocated 0 blocks. Requested 1 blocks
	at org.apache.hadoop.ozone.om.protocolPB.OzoneManagerProtocolClientSideTranslatorPB.handleError(OzoneManagerProtocolClientSideTranslatorPB.java:724)
	at org.apache.hadoop.ozone.om.protocolPB.OzoneManagerProtocolClientSideTranslatorPB.allocateBlock(OzoneManagerProtocolClientSideTranslatorPB.java:756)
	at sun.reflect.NativeMethodAccessorImpl.invoke0(Native Method)
	at sun.reflect.NativeMethodAccessorImpl.invoke(NativeMethodAccessorImpl.java:62)
	at sun.reflect.DelegatingMethodAccessorImpl.invoke(DelegatingMethodAccessorImpl.java:43)
	at java.lang.reflect.Method.invoke(Method.java:498)
	at org.apache.hadoop.hdds.tracing.TraceAllMethod.invoke(TraceAllMethod.java:66)
	at com.sun.proxy.$Proxy36.allocateBlock(Unknown Source)
	at org.apache.hadoop.ozone.client.io.BlockOutputStreamEntryPool.allocateNewBlock(BlockOutputStreamEntryPool.java:248)
	at org.apache.hadoop.ozone.client.io.BlockOutputStreamEntryPool.allocateBlockIfNeeded(BlockOutputStreamEntryPool.java:296)
	at org.apache.hadoop.ozone.client.io.KeyOutputStream.handleWrite(KeyOutputStream.java:201)
	at org.apache.hadoop.ozone.client.io.KeyOutputStream.handleRetry(KeyOutputStream.java:376)
	at org.apache.hadoop.ozone.client.io.KeyOutputStream.handleException(KeyOutputStream.java:325)
	at org.apache.hadoop.ozone.client.io.KeyOutputStream.handleWrite(KeyOutputStream.java:231)
	at org.apache.hadoop.ozone.client.io.KeyOutputStream.write(KeyOutputStream.java:193)
	at org.apache.hadoop.ozone.client.io.OzoneOutputStream.write(OzoneOutputStream.java:49)
	at java.io.OutputStream.write(OutputStream.java:75)
	at org.apache.hadoop.ozone.client.rpc.TestMultiBlockWritesWithDnFailures.testMultiBlockWritesWithIntermittentDnFailures(TestMultiBlockWritesWithDnFailures.java:196)
	at sun.reflect.NativeMethodAccessorImpl.invoke0(Native Method)
	at sun.reflect.NativeMethodAccessorImpl.invoke(NativeMethodAccessorImpl.java:62)
	at sun.reflect.DelegatingMethodAccessorImpl.invoke(DelegatingMethodAccessorImpl.java:43)
	at java.lang.reflect.Method.invoke(Method.java:498)
	at org.junit.runners.model.FrameworkMethod$1.runReflectiveCall(FrameworkMethod.java:47)
	at org.junit.internal.runners.model.ReflectiveCallable.run(ReflectiveCallable.java:12)
	at org.junit.runners.model.FrameworkMethod.invokeExplosively(FrameworkMethod.java:44)
	at org.junit.internal.runners.statements.InvokeMethod.evaluate(InvokeMethod.java:17)
	at org.junit.internal.runners.statements.RunAfters.evaluate(RunAfters.java:27)
	at org.junit.runners.ParentRunner.runLeaf(ParentRunner.java:271)
	at org.junit.runners.BlockJUnit4ClassRunner.runChild(BlockJUnit4ClassRunner.java:70)
	at org.junit.runners.BlockJUnit4ClassRunner.runChild(BlockJUnit4ClassRunner.java:50)
	at org.junit.runners.ParentRunner$3.run(ParentRunner.java:238)
	at org.junit.runners.ParentRunner$1.schedule(ParentRunner.java:63)
	at org.junit.runners.ParentRunner.runChildren(ParentRunner.java:236)
	at org.junit.runners.ParentRunner.access$000(ParentRunner.java:53)
	at org.junit.runners.ParentRunner$2.evaluate(ParentRunner.java:229)
	at org.junit.runners.ParentRunner.run(ParentRunner.java:309)
	at org.apache.maven.surefire.junit4.JUnit4Provider.execute(JUnit4Provider.java:365)
	at org.apache.maven.surefire.junit4.JUnit4Provider.executeWithRerun(JUnit4Provider.java:273)
	at org.apache.maven.surefire.junit4.JUnit4Provider.executeTestSet(JUnit4Provider.java:238)
	at org.apache.maven.surefire.junit4.JUnit4Provider.invoke(JUnit4Provider.java:159)
	at org.apache.maven.surefire.booter.ForkedBooter.invokeProviderInSameClassLoader(ForkedBooter.java:384)
	at org.apache.maven.surefire.booter.ForkedBooter.runSuitesInProcess(ForkedBooter.java:345)
	at org.apache.maven.surefire.booter.ForkedBooter.execute(ForkedBooter.java:126)
	at org.apache.maven.surefire.booter.ForkedBooter.main(ForkedBooter.java:418)
2019-09-19 12:02:11,417 [main] INFO  ozone.MiniOzoneClusterImpl (MiniOzoneClusterImpl.java:shutdown(307)) - Shutting down the Mini Ozone Cluster
2019-09-19 12:02:11,418 [main] INFO  ozone.MiniOzoneClusterImpl (MiniOzoneClusterImpl.java:stop(322)) - Stopping the Mini Ozone Cluster
2019-09-19 12:02:11,418 [main] INFO  ozone.MiniOzoneClusterImpl (MiniOzoneClusterImpl.java:stop(324)) - Stopping the OzoneManager
2019-09-19 12:02:11,419 [main] INFO  ipc.Server (Server.java:stop(3082)) - Stopping server on 37481
2019-09-19 12:02:11,435 [IPC Server listener on 37481] INFO  ipc.Server (Server.java:run(1185)) - Stopping IPC Server listener on 37481
2019-09-19 12:02:11,435 [main] INFO  ratis.OzoneManagerDoubleBuffer (OzoneManagerDoubleBuffer.java:stop(248)) - Stopping OMDoubleBuffer flush thread
2019-09-19 12:02:11,442 [IPC Server Responder] INFO  ipc.Server (Server.java:run(1319)) - Stopping IPC Server Responder
2019-09-19 12:02:11,446 [OMDoubleBufferFlushThread] INFO  ratis.OzoneManagerDoubleBuffer (OzoneManagerDoubleBuffer.java:flushTransactions(191)) - OMDoubleBuffer flush thread OMDoubleBufferFlushThread is interrupted and will exit. OMDoubleBufferFlushThread
2019-09-19 12:02:11,463 [main] INFO  utils.BackgroundService (BackgroundService.java:shutdown(148)) - Shutting down service KeyDeletingService
2019-09-19 12:02:11,482 [main] INFO  handler.ContextHandler (ContextHandler.java:doStop(910)) - Stopped o.e.j.w.WebAppContext@3766c667{/,null,UNAVAILABLE}{/ozoneManager}
2019-09-19 12:02:11,483 [main] INFO  server.AbstractConnector (AbstractConnector.java:doStop(318)) - Stopped ServerConnector@773c0293{HTTP/1.1,[http/1.1]}{0.0.0.0:0}
2019-09-19 12:02:11,484 [main] INFO  handler.ContextHandler (ContextHandler.java:doStop(910)) - Stopped o.e.j.s.ServletContextHandler@74fe5966{/static,file:///workdir/hadoop-ozone/integration-test/target/test-classes/webapps/static,UNAVAILABLE}
2019-09-19 12:02:11,484 [main] INFO  handler.ContextHandler (ContextHandler.java:doStop(910)) - Stopped o.e.j.s.ServletContextHandler@30331109{/logs,file:///workdir/hadoop-ozone/integration-test/target/log,UNAVAILABLE}
2019-09-19 12:02:11,489 [main] INFO  ozone.MiniOzoneClusterImpl (MiniOzoneClusterImpl.java:stop(330)) - Shutting the HddsDatanodes
2019-09-19 12:02:11,575 [java.util.concurrent.ThreadPoolExecutor$Worker@6aaa628b[State = -1, empty queue]] WARN  server.GrpcLogAppender (GrpcLogAppender.java:timeoutAppendRequest(200)) - 0f3ef5c5-216f-4603-9049-7f6477ca6f67@group-E57B62D150CC->0eafe25b-eef3-4e6e-962a-cfdd69f48960-GrpcLogAppender: appendEntries Timeout, request=0f3ef5c5-216f-4603-9049-7f6477ca6f67->0eafe25b-eef3-4e6e-962a-cfdd69f48960#158-t2, previous=(t:2, i:18), leaderCommit=14, initializing? false, entries: <empty>
2019-09-19 12:02:11,575 [java.util.concurrent.ThreadPoolExecutor$Worker@41e0e92[State = -1, empty queue]] WARN  server.GrpcLogAppender (GrpcLogAppender.java:timeoutAppendRequest(200)) - 0f3ef5c5-216f-4603-9049-7f6477ca6f67@group-E57B62D150CC->ccd7891f-abf2-4840-bcfd-f7d46dfca276-GrpcLogAppender: appendEntries Timeout, request=0f3ef5c5-216f-4603-9049-7f6477ca6f67->ccd7891f-abf2-4840-bcfd-f7d46dfca276#158-t2, previous=(t:2, i:18), leaderCommit=14, initializing? false, entries: <empty>
2019-09-19 12:02:11,602 [Datanode State Machine Thread - 0] INFO  statemachine.DatanodeStateMachine (DatanodeStateMachine.java:lambda$startDaemon$0(350)) - Ozone container server started.
2019-09-19 12:02:11,765 [grpc-default-executor-2] WARN  server.GrpcLogAppender (LogUtils.java:warn(134)) - 14eab2a7-31b9-4bf4-80ab-c0ebf925c262@group-F197496E7779->2fa9f0f6-b6af-48ee-80c5-dd8119aa09d6-AppendLogResponseHandler: Failed appendEntries: org.apache.ratis.thirdparty.io.grpc.StatusRuntimeException: UNAVAILABLE: io exception
2019-09-19 12:02:11,765 [grpc-default-executor-4] WARN  server.GrpcLogAppender (LogUtils.java:warn(134)) - 14eab2a7-31b9-4bf4-80ab-c0ebf925c262@group-F197496E7779->b61b9bc0-c8d8-4ce8-a569-0c84e6e62f96-AppendLogResponseHandler: Failed appendEntries: org.apache.ratis.thirdparty.io.grpc.StatusRuntimeException: UNAVAILABLE: io exception
2019-09-19 12:02:11,765 [grpc-default-executor-2] INFO  impl.FollowerInfo (FollowerInfo.java:lambda$new$0(51)) - 14eab2a7-31b9-4bf4-80ab-c0ebf925c262@group-F197496E7779->2fa9f0f6-b6af-48ee-80c5-dd8119aa09d6: nextIndex: updateUnconditionally 0 -> 0
2019-09-19 12:02:11,766 [grpc-default-executor-4] INFO  impl.FollowerInfo (FollowerInfo.java:lambda$new$0(51)) - 14eab2a7-31b9-4bf4-80ab-c0ebf925c262@group-F197496E7779->b61b9bc0-c8d8-4ce8-a569-0c84e6e62f96: nextIndex: updateUnconditionally 0 -> 0
2019-09-19 12:02:11,830 [java.util.concurrent.ThreadPoolExecutor$Worker@3e8d0eb4[State = -1, empty queue]] WARN  server.GrpcLogAppender (GrpcLogAppender.java:timeoutAppendRequest(200)) - a729cdbd-f787-49c0-8e2c-44f1fb27cdba@group-A9823C1EF766->7d946ca7-a873-4723-b723-9ddee89d0bc7-GrpcLogAppender: appendEntries Timeout, request=a729cdbd-f787-49c0-8e2c-44f1fb27cdba->7d946ca7-a873-4723-b723-9ddee89d0bc7#160-t2, previous=(t:2, i:19), leaderCommit=15, initializing? false, entries: <empty>
2019-09-19 12:02:11,830 [java.util.concurrent.ThreadPoolExecutor$Worker@3540f9e3[State = -1, empty queue]] WARN  server.GrpcLogAppender (GrpcLogAppender.java:timeoutAppendRequest(200)) - a729cdbd-f787-49c0-8e2c-44f1fb27cdba@group-A9823C1EF766->ccaa8f46-a720-4c9d-b367-b8e62fb2ca31-GrpcLogAppender: appendEntries Timeout, request=a729cdbd-f787-49c0-8e2c-44f1fb27cdba->ccaa8f46-a720-4c9d-b367-b8e62fb2ca31#160-t2, previous=(t:2, i:19), leaderCommit=15, initializing? false, entries: <empty>
2019-09-19 12:02:11,905 [Datanode State Machine Thread - 0] INFO  statemachine.DatanodeStateMachine (DatanodeStateMachine.java:lambda$startDaemon$0(350)) - Ozone container server started.
2019-09-19 12:02:12,075 [java.util.concurrent.ThreadPoolExecutor$Worker@6aaa628b[State = -1, empty queue]] WARN  server.GrpcLogAppender (GrpcLogAppender.java:timeoutAppendRequest(200)) - 0f3ef5c5-216f-4603-9049-7f6477ca6f67@group-E57B62D150CC->0eafe25b-eef3-4e6e-962a-cfdd69f48960-GrpcLogAppender: appendEntries Timeout, request=0f3ef5c5-216f-4603-9049-7f6477ca6f67->0eafe25b-eef3-4e6e-962a-cfdd69f48960#159-t2, previous=(t:2, i:18), leaderCommit=14, initializing? false, entries: <empty>
2019-09-19 12:02:12,075 [java.util.concurrent.ThreadPoolExecutor$Worker@41e0e92[State = -1, empty queue]] WARN  server.GrpcLogAppender (GrpcLogAppender.java:timeoutAppendRequest(200)) - 0f3ef5c5-216f-4603-9049-7f6477ca6f67@group-E57B62D150CC->ccd7891f-abf2-4840-bcfd-f7d46dfca276-GrpcLogAppender: appendEntries Timeout, request=0f3ef5c5-216f-4603-9049-7f6477ca6f67->ccd7891f-abf2-4840-bcfd-f7d46dfca276#159-t2, previous=(t:2, i:18), leaderCommit=14, initializing? false, entries: <empty>
2019-09-19 12:02:12,265 [grpc-default-executor-5] WARN  server.GrpcLogAppender (LogUtils.java:warn(134)) - 14eab2a7-31b9-4bf4-80ab-c0ebf925c262@group-F197496E7779->2fa9f0f6-b6af-48ee-80c5-dd8119aa09d6-AppendLogResponseHandler: Failed appendEntries: org.apache.ratis.thirdparty.io.grpc.StatusRuntimeException: UNAVAILABLE: io exception
2019-09-19 12:02:12,265 [grpc-default-executor-4] WARN  server.GrpcLogAppender (LogUtils.java:warn(134)) - 14eab2a7-31b9-4bf4-80ab-c0ebf925c262@group-F197496E7779->b61b9bc0-c8d8-4ce8-a569-0c84e6e62f96-AppendLogResponseHandler: Failed appendEntries: org.apache.ratis.thirdparty.io.grpc.StatusRuntimeException: UNAVAILABLE: io exception
2019-09-19 12:02:12,266 [grpc-default-executor-5] INFO  impl.FollowerInfo (FollowerInfo.java:lambda$new$0(51)) - 14eab2a7-31b9-4bf4-80ab-c0ebf925c262@group-F197496E7779->2fa9f0f6-b6af-48ee-80c5-dd8119aa09d6: nextIndex: updateUnconditionally 0 -> 0
2019-09-19 12:02:12,266 [grpc-default-executor-4] INFO  impl.FollowerInfo (FollowerInfo.java:lambda$new$0(51)) - 14eab2a7-31b9-4bf4-80ab-c0ebf925c262@group-F197496E7779->b61b9bc0-c8d8-4ce8-a569-0c84e6e62f96: nextIndex: updateUnconditionally 0 -> 0
2019-09-19 12:02:12,330 [java.util.concurrent.ThreadPoolExecutor$Worker@3e8d0eb4[State = -1, empty queue]] WARN  server.GrpcLogAppender (GrpcLogAppender.java:timeoutAppendRequest(200)) - a729cdbd-f787-49c0-8e2c-44f1fb27cdba@group-A9823C1EF766->7d946ca7-a873-4723-b723-9ddee89d0bc7-GrpcLogAppender: appendEntries Timeout, request=a729cdbd-f787-49c0-8e2c-44f1fb27cdba->7d946ca7-a873-4723-b723-9ddee89d0bc7#161-t2, previous=(t:2, i:19), leaderCommit=15, initializing? false, entries: <empty>
2019-09-19 12:02:12,330 [java.util.concurrent.ThreadPoolExecutor$Worker@3540f9e3[State = -1, empty queue]] WARN  server.GrpcLogAppender (GrpcLogAppender.java:timeoutAppendRequest(200)) - a729cdbd-f787-49c0-8e2c-44f1fb27cdba@group-A9823C1EF766->ccaa8f46-a720-4c9d-b367-b8e62fb2ca31-GrpcLogAppender: appendEntries Timeout, request=a729cdbd-f787-49c0-8e2c-44f1fb27cdba->ccaa8f46-a720-4c9d-b367-b8e62fb2ca31#161-t2, previous=(t:2, i:19), leaderCommit=15, initializing? false, entries: <empty>
2019-09-19 12:02:12,576 [java.util.concurrent.ThreadPoolExecutor$Worker@41e0e92[State = -1, empty queue]] WARN  server.GrpcLogAppender (GrpcLogAppender.java:timeoutAppendRequest(200)) - 0f3ef5c5-216f-4603-9049-7f6477ca6f67@group-E57B62D150CC->ccd7891f-abf2-4840-bcfd-f7d46dfca276-GrpcLogAppender: appendEntries Timeout, request=0f3ef5c5-216f-4603-9049-7f6477ca6f67->ccd7891f-abf2-4840-bcfd-f7d46dfca276#160-t2, previous=(t:2, i:18), leaderCommit=14, initializing? false, entries: <empty>
2019-09-19 12:02:12,576 [java.util.concurrent.ThreadPoolExecutor$Worker@6aaa628b[State = -1, empty queue]] WARN  server.GrpcLogAppender (GrpcLogAppender.java:timeoutAppendRequest(200)) - 0f3ef5c5-216f-4603-9049-7f6477ca6f67@group-E57B62D150CC->0eafe25b-eef3-4e6e-962a-cfdd69f48960-GrpcLogAppender: appendEntries Timeout, request=0f3ef5c5-216f-4603-9049-7f6477ca6f67->0eafe25b-eef3-4e6e-962a-cfdd69f48960#160-t2, previous=(t:2, i:18), leaderCommit=14, initializing? false, entries: <empty>
2019-09-19 12:02:12,766 [grpc-default-executor-2] WARN  server.GrpcLogAppender (LogUtils.java:warn(134)) - 14eab2a7-31b9-4bf4-80ab-c0ebf925c262@group-F197496E7779->b61b9bc0-c8d8-4ce8-a569-0c84e6e62f96-AppendLogResponseHandler: Failed appendEntries: org.apache.ratis.thirdparty.io.grpc.StatusRuntimeException: UNAVAILABLE: io exception
2019-09-19 12:02:12,766 [grpc-default-executor-4] WARN  server.GrpcLogAppender (LogUtils.java:warn(134)) - 14eab2a7-31b9-4bf4-80ab-c0ebf925c262@group-F197496E7779->2fa9f0f6-b6af-48ee-80c5-dd8119aa09d6-AppendLogResponseHandler: Failed appendEntries: org.apache.ratis.thirdparty.io.grpc.StatusRuntimeException: UNAVAILABLE: io exception
2019-09-19 12:02:12,767 [grpc-default-executor-2] INFO  impl.FollowerInfo (FollowerInfo.java:lambda$new$0(51)) - 14eab2a7-31b9-4bf4-80ab-c0ebf925c262@group-F197496E7779->b61b9bc0-c8d8-4ce8-a569-0c84e6e62f96: nextIndex: updateUnconditionally 0 -> 0
2019-09-19 12:02:12,767 [grpc-default-executor-4] INFO  impl.FollowerInfo (FollowerInfo.java:lambda$new$0(51)) - 14eab2a7-31b9-4bf4-80ab-c0ebf925c262@group-F197496E7779->2fa9f0f6-b6af-48ee-80c5-dd8119aa09d6: nextIndex: updateUnconditionally 0 -> 0
2019-09-19 12:02:12,830 [java.util.concurrent.ThreadPoolExecutor$Worker@3e8d0eb4[State = -1, empty queue]] WARN  server.GrpcLogAppender (GrpcLogAppender.java:timeoutAppendRequest(200)) - a729cdbd-f787-49c0-8e2c-44f1fb27cdba@group-A9823C1EF766->7d946ca7-a873-4723-b723-9ddee89d0bc7-GrpcLogAppender: appendEntries Timeout, request=a729cdbd-f787-49c0-8e2c-44f1fb27cdba->7d946ca7-a873-4723-b723-9ddee89d0bc7#162-t2, previous=(t:2, i:19), leaderCommit=15, initializing? false, entries: <empty>
2019-09-19 12:02:12,830 [java.util.concurrent.ThreadPoolExecutor$Worker@3540f9e3[State = -1, empty queue]] WARN  server.GrpcLogAppender (GrpcLogAppender.java:timeoutAppendRequest(200)) - a729cdbd-f787-49c0-8e2c-44f1fb27cdba@group-A9823C1EF766->ccaa8f46-a720-4c9d-b367-b8e62fb2ca31-GrpcLogAppender: appendEntries Timeout, request=a729cdbd-f787-49c0-8e2c-44f1fb27cdba->ccaa8f46-a720-4c9d-b367-b8e62fb2ca31#162-t2, previous=(t:2, i:19), leaderCommit=15, initializing? false, entries: <empty>
2019-09-19 12:02:13,076 [java.util.concurrent.ThreadPoolExecutor$Worker@6aaa628b[State = -1, empty queue]] WARN  server.GrpcLogAppender (GrpcLogAppender.java:timeoutAppendRequest(200)) - 0f3ef5c5-216f-4603-9049-7f6477ca6f67@group-E57B62D150CC->0eafe25b-eef3-4e6e-962a-cfdd69f48960-GrpcLogAppender: appendEntries Timeout, request=0f3ef5c5-216f-4603-9049-7f6477ca6f67->0eafe25b-eef3-4e6e-962a-cfdd69f48960#161-t2, previous=(t:2, i:18), leaderCommit=14, initializing? false, entries: <empty>
2019-09-19 12:02:13,076 [java.util.concurrent.ThreadPoolExecutor$Worker@41e0e92[State = -1, empty queue]] WARN  server.GrpcLogAppender (GrpcLogAppender.java:timeoutAppendRequest(200)) - 0f3ef5c5-216f-4603-9049-7f6477ca6f67@group-E57B62D150CC->ccd7891f-abf2-4840-bcfd-f7d46dfca276-GrpcLogAppender: appendEntries Timeout, request=0f3ef5c5-216f-4603-9049-7f6477ca6f67->ccd7891f-abf2-4840-bcfd-f7d46dfca276#161-t2, previous=(t:2, i:18), leaderCommit=14, initializing? false, entries: <empty>
2019-09-19 12:02:13,269 [grpc-default-executor-4] WARN  server.GrpcLogAppender (LogUtils.java:warn(134)) - 14eab2a7-31b9-4bf4-80ab-c0ebf925c262@group-F197496E7779->b61b9bc0-c8d8-4ce8-a569-0c84e6e62f96-AppendLogResponseHandler: Failed appendEntries: org.apache.ratis.thirdparty.io.grpc.StatusRuntimeException: UNAVAILABLE: io exception
2019-09-19 12:02:13,269 [grpc-default-executor-6] WARN  server.GrpcLogAppender (LogUtils.java:warn(134)) - 14eab2a7-31b9-4bf4-80ab-c0ebf925c262@group-F197496E7779->2fa9f0f6-b6af-48ee-80c5-dd8119aa09d6-AppendLogResponseHandler: Failed appendEntries: org.apache.ratis.thirdparty.io.grpc.StatusRuntimeException: UNAVAILABLE: io exception
2019-09-19 12:02:13,269 [grpc-default-executor-4] INFO  impl.FollowerInfo (FollowerInfo.java:lambda$new$0(51)) - 14eab2a7-31b9-4bf4-80ab-c0ebf925c262@group-F197496E7779->b61b9bc0-c8d8-4ce8-a569-0c84e6e62f96: nextIndex: updateUnconditionally 0 -> 0
2019-09-19 12:02:13,269 [grpc-default-executor-6] INFO  impl.FollowerInfo (FollowerInfo.java:lambda$new$0(51)) - 14eab2a7-31b9-4bf4-80ab-c0ebf925c262@group-F197496E7779->2fa9f0f6-b6af-48ee-80c5-dd8119aa09d6: nextIndex: updateUnconditionally 0 -> 0
2019-09-19 12:02:13,338 [java.util.concurrent.ThreadPoolExecutor$Worker@3540f9e3[State = -1, empty queue]] WARN  server.GrpcLogAppender (GrpcLogAppender.java:timeoutAppendRequest(200)) - a729cdbd-f787-49c0-8e2c-44f1fb27cdba@group-A9823C1EF766->ccaa8f46-a720-4c9d-b367-b8e62fb2ca31-GrpcLogAppender: appendEntries Timeout, request=a729cdbd-f787-49c0-8e2c-44f1fb27cdba->ccaa8f46-a720-4c9d-b367-b8e62fb2ca31#163-t2, previous=(t:2, i:19), leaderCommit=15, initializing? false, entries: <empty>
2019-09-19 12:02:13,338 [java.util.concurrent.ThreadPoolExecutor$Worker@3e8d0eb4[State = -1, empty queue]] WARN  server.GrpcLogAppender (GrpcLogAppender.java:timeoutAppendRequest(200)) - a729cdbd-f787-49c0-8e2c-44f1fb27cdba@group-A9823C1EF766->7d946ca7-a873-4723-b723-9ddee89d0bc7-GrpcLogAppender: appendEntries Timeout, request=a729cdbd-f787-49c0-8e2c-44f1fb27cdba->7d946ca7-a873-4723-b723-9ddee89d0bc7#163-t2, previous=(t:2, i:19), leaderCommit=15, initializing? false, entries: <empty>
2019-09-19 12:02:13,523 [0f3ef5c5-216f-4603-9049-7f6477ca6f67@group-E57B62D150CC-SegmentedRaftLogWorker] WARN  segmented.SegmentedRaftLogWorker (SegmentedRaftLogWorker.java:getFromFuture(90)) - Timeout 4/~
org.apache.ratis.protocol.TimeoutIOException: Timeout 10s: WriteLog:15: (t:2, i:15), STATEMACHINELOGENTRY, client-4CC87BB336E7, cid=51-writeStateMachineData
	at org.apache.ratis.util.IOUtils.getFromFuture(IOUtils.java:87)
	at org.apache.ratis.server.raftlog.segmented.SegmentedRaftLogWorker$StateMachineDataPolicy.getFromFuture(SegmentedRaftLogWorker.java:87)
	at org.apache.ratis.server.raftlog.segmented.SegmentedRaftLogWorker$WriteLog.execute(SegmentedRaftLogWorker.java:477)
	at org.apache.ratis.server.raftlog.segmented.SegmentedRaftLogWorker.run(SegmentedRaftLogWorker.java:289)
	at java.lang.Thread.run(Thread.java:748)
Caused by: java.util.concurrent.TimeoutException
	at java.util.concurrent.CompletableFuture.timedGet(CompletableFuture.java:1771)
	at java.util.concurrent.CompletableFuture.get(CompletableFuture.java:1915)
	at org.apache.ratis.util.IOUtils.getFromFuture(IOUtils.java:79)
	... 4 more
2019-09-19 12:02:13,526 [0eafe25b-eef3-4e6e-962a-cfdd69f48960@group-E57B62D150CC-SegmentedRaftLogWorker] WARN  segmented.SegmentedRaftLogWorker (SegmentedRaftLogWorker.java:getFromFuture(90)) - Timeout 4/~
org.apache.ratis.protocol.TimeoutIOException: Timeout 10s: WriteLog:15: (t:2, i:15), STATEMACHINELOGENTRY, client-4CC87BB336E7, cid=51-writeStateMachineData
	at org.apache.ratis.util.IOUtils.getFromFuture(IOUtils.java:87)
	at org.apache.ratis.server.raftlog.segmented.SegmentedRaftLogWorker$StateMachineDataPolicy.getFromFuture(SegmentedRaftLogWorker.java:87)
	at org.apache.ratis.server.raftlog.segmented.SegmentedRaftLogWorker$WriteLog.execute(SegmentedRaftLogWorker.java:477)
	at org.apache.ratis.server.raftlog.segmented.SegmentedRaftLogWorker.run(SegmentedRaftLogWorker.java:289)
	at java.lang.Thread.run(Thread.java:748)
Caused by: java.util.concurrent.TimeoutException
	at java.util.concurrent.CompletableFuture.timedGet(CompletableFuture.java:1771)
	at java.util.concurrent.CompletableFuture.get(CompletableFuture.java:1915)
	at org.apache.ratis.util.IOUtils.getFromFuture(IOUtils.java:79)
	... 4 more
2019-09-19 12:02:13,526 [ccd7891f-abf2-4840-bcfd-f7d46dfca276@group-E57B62D150CC-SegmentedRaftLogWorker] WARN  segmented.SegmentedRaftLogWorker (SegmentedRaftLogWorker.java:getFromFuture(90)) - Timeout 4/~
org.apache.ratis.protocol.TimeoutIOException: Timeout 10s: WriteLog:15: (t:2, i:15), STATEMACHINELOGENTRY, client-4CC87BB336E7, cid=51-writeStateMachineData
	at org.apache.ratis.util.IOUtils.getFromFuture(IOUtils.java:87)
	at org.apache.ratis.server.raftlog.segmented.SegmentedRaftLogWorker$StateMachineDataPolicy.getFromFuture(SegmentedRaftLogWorker.java:87)
	at org.apache.ratis.server.raftlog.segmented.SegmentedRaftLogWorker$WriteLog.execute(SegmentedRaftLogWorker.java:477)
	at org.apache.ratis.server.raftlog.segmented.SegmentedRaftLogWorker.run(SegmentedRaftLogWorker.java:289)
	at java.lang.Thread.run(Thread.java:748)
Caused by: java.util.concurrent.TimeoutException
	at java.util.concurrent.CompletableFuture.timedGet(CompletableFuture.java:1771)
	at java.util.concurrent.CompletableFuture.get(CompletableFuture.java:1915)
	at org.apache.ratis.util.IOUtils.getFromFuture(IOUtils.java:79)
	... 4 more
2019-09-19 12:02:13,576 [java.util.concurrent.ThreadPoolExecutor$Worker@6aaa628b[State = -1, empty queue]] WARN  server.GrpcLogAppender (GrpcLogAppender.java:timeoutAppendRequest(200)) - 0f3ef5c5-216f-4603-9049-7f6477ca6f67@group-E57B62D150CC->0eafe25b-eef3-4e6e-962a-cfdd69f48960-GrpcLogAppender: appendEntries Timeout, request=0f3ef5c5-216f-4603-9049-7f6477ca6f67->0eafe25b-eef3-4e6e-962a-cfdd69f48960#162-t2, previous=(t:2, i:18), leaderCommit=14, initializing? false, entries: <empty>
2019-09-19 12:02:13,576 [java.util.concurrent.ThreadPoolExecutor$Worker@41e0e92[State = -1, empty queue]] WARN  server.GrpcLogAppender (GrpcLogAppender.java:timeoutAppendRequest(200)) - 0f3ef5c5-216f-4603-9049-7f6477ca6f67@group-E57B62D150CC->ccd7891f-abf2-4840-bcfd-f7d46dfca276-GrpcLogAppender: appendEntries Timeout, request=0f3ef5c5-216f-4603-9049-7f6477ca6f67->ccd7891f-abf2-4840-bcfd-f7d46dfca276#162-t2, previous=(t:2, i:18), leaderCommit=14, initializing? false, entries: <empty>
2019-09-19 12:02:13,768 [grpc-default-executor-3] WARN  server.GrpcLogAppender (LogUtils.java:warn(134)) - 14eab2a7-31b9-4bf4-80ab-c0ebf925c262@group-F197496E7779->2fa9f0f6-b6af-48ee-80c5-dd8119aa09d6-AppendLogResponseHandler: Failed appendEntries: org.apache.ratis.thirdparty.io.grpc.StatusRuntimeException: UNAVAILABLE: io exception
2019-09-19 12:02:13,769 [grpc-default-executor-3] INFO  impl.FollowerInfo (FollowerInfo.java:lambda$new$0(51)) - 14eab2a7-31b9-4bf4-80ab-c0ebf925c262@group-F197496E7779->2fa9f0f6-b6af-48ee-80c5-dd8119aa09d6: nextIndex: updateUnconditionally 0 -> 0
2019-09-19 12:02:13,769 [grpc-default-executor-5] WARN  server.GrpcLogAppender (LogUtils.java:warn(134)) - 14eab2a7-31b9-4bf4-80ab-c0ebf925c262@group-F197496E7779->b61b9bc0-c8d8-4ce8-a569-0c84e6e62f96-AppendLogResponseHandler: Failed appendEntries: org.apache.ratis.thirdparty.io.grpc.StatusRuntimeException: UNAVAILABLE: io exception
2019-09-19 12:02:13,770 [grpc-default-executor-5] INFO  impl.FollowerInfo (FollowerInfo.java:lambda$new$0(51)) - 14eab2a7-31b9-4bf4-80ab-c0ebf925c262@group-F197496E7779->b61b9bc0-c8d8-4ce8-a569-0c84e6e62f96: nextIndex: updateUnconditionally 0 -> 0
2019-09-19 12:02:13,838 [java.util.concurrent.ThreadPoolExecutor$Worker@3540f9e3[State = -1, empty queue]] WARN  server.GrpcLogAppender (GrpcLogAppender.java:timeoutAppendRequest(200)) - a729cdbd-f787-49c0-8e2c-44f1fb27cdba@group-A9823C1EF766->ccaa8f46-a720-4c9d-b367-b8e62fb2ca31-GrpcLogAppender: appendEntries Timeout, request=a729cdbd-f787-49c0-8e2c-44f1fb27cdba->ccaa8f46-a720-4c9d-b367-b8e62fb2ca31#164-t2, previous=(t:2, i:19), leaderCommit=15, initializing? false, entries: <empty>
2019-09-19 12:02:13,838 [java.util.concurrent.ThreadPoolExecutor$Worker@3e8d0eb4[State = -1, empty queue]] WARN  server.GrpcLogAppender (GrpcLogAppender.java:timeoutAppendRequest(200)) - a729cdbd-f787-49c0-8e2c-44f1fb27cdba@group-A9823C1EF766->7d946ca7-a873-4723-b723-9ddee89d0bc7-GrpcLogAppender: appendEntries Timeout, request=a729cdbd-f787-49c0-8e2c-44f1fb27cdba->7d946ca7-a873-4723-b723-9ddee89d0bc7#164-t2, previous=(t:2, i:19), leaderCommit=15, initializing? false, entries: <empty>
2019-09-19 12:02:14,076 [java.util.concurrent.ThreadPoolExecutor$Worker@6aaa628b[State = -1, empty queue]] WARN  server.GrpcLogAppender (GrpcLogAppender.java:timeoutAppendRequest(200)) - 0f3ef5c5-216f-4603-9049-7f6477ca6f67@group-E57B62D150CC->0eafe25b-eef3-4e6e-962a-cfdd69f48960-GrpcLogAppender: appendEntries Timeout, request=0f3ef5c5-216f-4603-9049-7f6477ca6f67->0eafe25b-eef3-4e6e-962a-cfdd69f48960#163-t2, previous=(t:2, i:18), leaderCommit=14, initializing? false, entries: <empty>
2019-09-19 12:02:14,076 [java.util.concurrent.ThreadPoolExecutor$Worker@41e0e92[State = -1, empty queue]] WARN  server.GrpcLogAppender (GrpcLogAppender.java:timeoutAppendRequest(200)) - 0f3ef5c5-216f-4603-9049-7f6477ca6f67@group-E57B62D150CC->ccd7891f-abf2-4840-bcfd-f7d46dfca276-GrpcLogAppender: appendEntries Timeout, request=0f3ef5c5-216f-4603-9049-7f6477ca6f67->ccd7891f-abf2-4840-bcfd-f7d46dfca276#163-t2, previous=(t:2, i:18), leaderCommit=14, initializing? false, entries: <empty>
2019-09-19 12:02:14,269 [grpc-default-executor-3] WARN  server.GrpcLogAppender (LogUtils.java:warn(134)) - 14eab2a7-31b9-4bf4-80ab-c0ebf925c262@group-F197496E7779->2fa9f0f6-b6af-48ee-80c5-dd8119aa09d6-AppendLogResponseHandler: Failed appendEntries: org.apache.ratis.thirdparty.io.grpc.StatusRuntimeException: UNAVAILABLE: io exception
2019-09-19 12:02:14,269 [grpc-default-executor-3] INFO  impl.FollowerInfo (FollowerInfo.java:lambda$new$0(51)) - 14eab2a7-31b9-4bf4-80ab-c0ebf925c262@group-F197496E7779->2fa9f0f6-b6af-48ee-80c5-dd8119aa09d6: nextIndex: updateUnconditionally 0 -> 0
2019-09-19 12:02:14,270 [grpc-default-executor-6] WARN  server.GrpcLogAppender (LogUtils.java:warn(134)) - 14eab2a7-31b9-4bf4-80ab-c0ebf925c262@group-F197496E7779->b61b9bc0-c8d8-4ce8-a569-0c84e6e62f96-AppendLogResponseHandler: Failed appendEntries: org.apache.ratis.thirdparty.io.grpc.StatusRuntimeException: UNAVAILABLE: io exception
2019-09-19 12:02:14,270 [grpc-default-executor-6] INFO  impl.FollowerInfo (FollowerInfo.java:lambda$new$0(51)) - 14eab2a7-31b9-4bf4-80ab-c0ebf925c262@group-F197496E7779->b61b9bc0-c8d8-4ce8-a569-0c84e6e62f96: nextIndex: updateUnconditionally 0 -> 0
2019-09-19 12:02:14,339 [java.util.concurrent.ThreadPoolExecutor$Worker@3540f9e3[State = -1, empty queue]] WARN  server.GrpcLogAppender (GrpcLogAppender.java:timeoutAppendRequest(200)) - a729cdbd-f787-49c0-8e2c-44f1fb27cdba@group-A9823C1EF766->ccaa8f46-a720-4c9d-b367-b8e62fb2ca31-GrpcLogAppender: appendEntries Timeout, request=a729cdbd-f787-49c0-8e2c-44f1fb27cdba->ccaa8f46-a720-4c9d-b367-b8e62fb2ca31#165-t2, previous=(t:2, i:19), leaderCommit=15, initializing? false, entries: <empty>
2019-09-19 12:02:14,339 [java.util.concurrent.ThreadPoolExecutor$Worker@3e8d0eb4[State = -1, empty queue]] WARN  server.GrpcLogAppender (GrpcLogAppender.java:timeoutAppendRequest(200)) - a729cdbd-f787-49c0-8e2c-44f1fb27cdba@group-A9823C1EF766->7d946ca7-a873-4723-b723-9ddee89d0bc7-GrpcLogAppender: appendEntries Timeout, request=a729cdbd-f787-49c0-8e2c-44f1fb27cdba->7d946ca7-a873-4723-b723-9ddee89d0bc7#165-t2, previous=(t:2, i:19), leaderCommit=15, initializing? false, entries: <empty>
2019-09-19 12:02:14,577 [java.util.concurrent.ThreadPoolExecutor$Worker@6aaa628b[State = -1, empty queue]] WARN  server.GrpcLogAppender (GrpcLogAppender.java:timeoutAppendRequest(200)) - 0f3ef5c5-216f-4603-9049-7f6477ca6f67@group-E57B62D150CC->0eafe25b-eef3-4e6e-962a-cfdd69f48960-GrpcLogAppender: appendEntries Timeout, request=0f3ef5c5-216f-4603-9049-7f6477ca6f67->0eafe25b-eef3-4e6e-962a-cfdd69f48960#164-t2, previous=(t:2, i:18), leaderCommit=14, initializing? false, entries: <empty>
2019-09-19 12:02:14,577 [java.util.concurrent.ThreadPoolExecutor$Worker@41e0e92[State = -1, empty queue]] WARN  server.GrpcLogAppender (GrpcLogAppender.java:timeoutAppendRequest(200)) - 0f3ef5c5-216f-4603-9049-7f6477ca6f67@group-E57B62D150CC->ccd7891f-abf2-4840-bcfd-f7d46dfca276-GrpcLogAppender: appendEntries Timeout, request=0f3ef5c5-216f-4603-9049-7f6477ca6f67->ccd7891f-abf2-4840-bcfd-f7d46dfca276#164-t2, previous=(t:2, i:18), leaderCommit=14, initializing? false, entries: <empty>
2019-09-19 12:02:14,773 [grpc-default-executor-3] WARN  server.GrpcLogAppender (LogUtils.java:warn(134)) - 14eab2a7-31b9-4bf4-80ab-c0ebf925c262@group-F197496E7779->2fa9f0f6-b6af-48ee-80c5-dd8119aa09d6-AppendLogResponseHandler: Failed appendEntries: org.apache.ratis.thirdparty.io.grpc.StatusRuntimeException: UNAVAILABLE: io exception
2019-09-19 12:02:14,773 [grpc-default-executor-6] WARN  server.GrpcLogAppender (LogUtils.java:warn(134)) - 14eab2a7-31b9-4bf4-80ab-c0ebf925c262@group-F197496E7779->b61b9bc0-c8d8-4ce8-a569-0c84e6e62f96-AppendLogResponseHandler: Failed appendEntries: org.apache.ratis.thirdparty.io.grpc.StatusRuntimeException: UNAVAILABLE: io exception
2019-09-19 12:02:14,774 [grpc-default-executor-3] INFO  impl.FollowerInfo (FollowerInfo.java:lambda$new$0(51)) - 14eab2a7-31b9-4bf4-80ab-c0ebf925c262@group-F197496E7779->2fa9f0f6-b6af-48ee-80c5-dd8119aa09d6: nextIndex: updateUnconditionally 0 -> 0
2019-09-19 12:02:14,774 [grpc-default-executor-6] INFO  impl.FollowerInfo (FollowerInfo.java:lambda$new$0(51)) - 14eab2a7-31b9-4bf4-80ab-c0ebf925c262@group-F197496E7779->b61b9bc0-c8d8-4ce8-a569-0c84e6e62f96: nextIndex: updateUnconditionally 0 -> 0
2019-09-19 12:02:14,839 [java.util.concurrent.ThreadPoolExecutor$Worker@3e8d0eb4[State = -1, empty queue]] WARN  server.GrpcLogAppender (GrpcLogAppender.java:timeoutAppendRequest(200)) - a729cdbd-f787-49c0-8e2c-44f1fb27cdba@group-A9823C1EF766->7d946ca7-a873-4723-b723-9ddee89d0bc7-GrpcLogAppender: appendEntries Timeout, request=a729cdbd-f787-49c0-8e2c-44f1fb27cdba->7d946ca7-a873-4723-b723-9ddee89d0bc7#166-t2, previous=(t:2, i:19), leaderCommit=15, initializing? false, entries: <empty>
2019-09-19 12:02:14,839 [java.util.concurrent.ThreadPoolExecutor$Worker@3540f9e3[State = -1, empty queue]] WARN  server.GrpcLogAppender (GrpcLogAppender.java:timeoutAppendRequest(200)) - a729cdbd-f787-49c0-8e2c-44f1fb27cdba@group-A9823C1EF766->ccaa8f46-a720-4c9d-b367-b8e62fb2ca31-GrpcLogAppender: appendEntries Timeout, request=a729cdbd-f787-49c0-8e2c-44f1fb27cdba->ccaa8f46-a720-4c9d-b367-b8e62fb2ca31#166-t2, previous=(t:2, i:19), leaderCommit=15, initializing? false, entries: <empty>
2019-09-19 12:02:15,077 [java.util.concurrent.ThreadPoolExecutor$Worker@6aaa628b[State = -1, empty queue]] WARN  server.GrpcLogAppender (GrpcLogAppender.java:timeoutAppendRequest(200)) - 0f3ef5c5-216f-4603-9049-7f6477ca6f67@group-E57B62D150CC->0eafe25b-eef3-4e6e-962a-cfdd69f48960-GrpcLogAppender: appendEntries Timeout, request=0f3ef5c5-216f-4603-9049-7f6477ca6f67->0eafe25b-eef3-4e6e-962a-cfdd69f48960#165-t2, previous=(t:2, i:18), leaderCommit=14, initializing? false, entries: <empty>
2019-09-19 12:02:15,077 [java.util.concurrent.ThreadPoolExecutor$Worker@41e0e92[State = -1, empty queue]] WARN  server.GrpcLogAppender (GrpcLogAppender.java:timeoutAppendRequest(200)) - 0f3ef5c5-216f-4603-9049-7f6477ca6f67@group-E57B62D150CC->ccd7891f-abf2-4840-bcfd-f7d46dfca276-GrpcLogAppender: appendEntries Timeout, request=0f3ef5c5-216f-4603-9049-7f6477ca6f67->ccd7891f-abf2-4840-bcfd-f7d46dfca276#165-t2, previous=(t:2, i:18), leaderCommit=14, initializing? false, entries: <empty>
2019-09-19 12:02:15,272 [grpc-default-executor-1] WARN  server.GrpcLogAppender (LogUtils.java:warn(134)) - 14eab2a7-31b9-4bf4-80ab-c0ebf925c262@group-F197496E7779->2fa9f0f6-b6af-48ee-80c5-dd8119aa09d6-AppendLogResponseHandler: Failed appendEntries: org.apache.ratis.thirdparty.io.grpc.StatusRuntimeException: UNAVAILABLE: io exception
2019-09-19 12:02:15,272 [grpc-default-executor-2] WARN  server.GrpcLogAppender (LogUtils.java:warn(134)) - 14eab2a7-31b9-4bf4-80ab-c0ebf925c262@group-F197496E7779->b61b9bc0-c8d8-4ce8-a569-0c84e6e62f96-AppendLogResponseHandler: Failed appendEntries: org.apache.ratis.thirdparty.io.grpc.StatusRuntimeException: UNAVAILABLE: io exception
2019-09-19 12:02:15,273 [grpc-default-executor-1] INFO  impl.FollowerInfo (FollowerInfo.java:lambda$new$0(51)) - 14eab2a7-31b9-4bf4-80ab-c0ebf925c262@group-F197496E7779->2fa9f0f6-b6af-48ee-80c5-dd8119aa09d6: nextIndex: updateUnconditionally 0 -> 0
2019-09-19 12:02:15,273 [grpc-default-executor-2] INFO  impl.FollowerInfo (FollowerInfo.java:lambda$new$0(51)) - 14eab2a7-31b9-4bf4-80ab-c0ebf925c262@group-F197496E7779->b61b9bc0-c8d8-4ce8-a569-0c84e6e62f96: nextIndex: updateUnconditionally 0 -> 0
2019-09-19 12:02:15,340 [java.util.concurrent.ThreadPoolExecutor$Worker@3e8d0eb4[State = -1, empty queue]] WARN  server.GrpcLogAppender (GrpcLogAppender.java:timeoutAppendRequest(200)) - a729cdbd-f787-49c0-8e2c-44f1fb27cdba@group-A9823C1EF766->7d946ca7-a873-4723-b723-9ddee89d0bc7-GrpcLogAppender: appendEntries Timeout, request=a729cdbd-f787-49c0-8e2c-44f1fb27cdba->7d946ca7-a873-4723-b723-9ddee89d0bc7#167-t2, previous=(t:2, i:19), leaderCommit=15, initializing? false, entries: <empty>
2019-09-19 12:02:15,340 [java.util.concurrent.ThreadPoolExecutor$Worker@3540f9e3[State = -1, empty queue]] WARN  server.GrpcLogAppender (GrpcLogAppender.java:timeoutAppendRequest(200)) - a729cdbd-f787-49c0-8e2c-44f1fb27cdba@group-A9823C1EF766->ccaa8f46-a720-4c9d-b367-b8e62fb2ca31-GrpcLogAppender: appendEntries Timeout, request=a729cdbd-f787-49c0-8e2c-44f1fb27cdba->ccaa8f46-a720-4c9d-b367-b8e62fb2ca31#167-t2, previous=(t:2, i:19), leaderCommit=15, initializing? false, entries: <empty>
2019-09-19 12:02:15,577 [java.util.concurrent.ThreadPoolExecutor$Worker@41e0e92[State = -1, empty queue]] WARN  server.GrpcLogAppender (GrpcLogAppender.java:timeoutAppendRequest(200)) - 0f3ef5c5-216f-4603-9049-7f6477ca6f67@group-E57B62D150CC->ccd7891f-abf2-4840-bcfd-f7d46dfca276-GrpcLogAppender: appendEntries Timeout, request=0f3ef5c5-216f-4603-9049-7f6477ca6f67->ccd7891f-abf2-4840-bcfd-f7d46dfca276#166-t2, previous=(t:2, i:18), leaderCommit=14, initializing? false, entries: <empty>
2019-09-19 12:02:15,577 [java.util.concurrent.ThreadPoolExecutor$Worker@6aaa628b[State = -1, empty queue]] WARN  server.GrpcLogAppender (GrpcLogAppender.java:timeoutAppendRequest(200)) - 0f3ef5c5-216f-4603-9049-7f6477ca6f67@group-E57B62D150CC->0eafe25b-eef3-4e6e-962a-cfdd69f48960-GrpcLogAppender: appendEntries Timeout, request=0f3ef5c5-216f-4603-9049-7f6477ca6f67->0eafe25b-eef3-4e6e-962a-cfdd69f48960#166-t2, previous=(t:2, i:18), leaderCommit=14, initializing? false, entries: <empty>
2019-09-19 12:02:15,777 [grpc-default-executor-4] WARN  server.GrpcLogAppender (LogUtils.java:warn(134)) - 14eab2a7-31b9-4bf4-80ab-c0ebf925c262@group-F197496E7779->2fa9f0f6-b6af-48ee-80c5-dd8119aa09d6-AppendLogResponseHandler: Failed appendEntries: org.apache.ratis.thirdparty.io.grpc.StatusRuntimeException: UNAVAILABLE: io exception
2019-09-19 12:02:15,777 [grpc-default-executor-5] WARN  server.GrpcLogAppender (LogUtils.java:warn(134)) - 14eab2a7-31b9-4bf4-80ab-c0ebf925c262@group-F197496E7779->b61b9bc0-c8d8-4ce8-a569-0c84e6e62f96-AppendLogResponseHandler: Failed appendEntries: org.apache.ratis.thirdparty.io.grpc.StatusRuntimeException: UNAVAILABLE: io exception
2019-09-19 12:02:15,778 [grpc-default-executor-4] INFO  impl.FollowerInfo (FollowerInfo.java:lambda$new$0(51)) - 14eab2a7-31b9-4bf4-80ab-c0ebf925c262@group-F197496E7779->2fa9f0f6-b6af-48ee-80c5-dd8119aa09d6: nextIndex: updateUnconditionally 0 -> 0
2019-09-19 12:02:15,778 [grpc-default-executor-5] INFO  impl.FollowerInfo (FollowerInfo.java:lambda$new$0(51)) - 14eab2a7-31b9-4bf4-80ab-c0ebf925c262@group-F197496E7779->b61b9bc0-c8d8-4ce8-a569-0c84e6e62f96: nextIndex: updateUnconditionally 0 -> 0
2019-09-19 12:02:15,840 [java.util.concurrent.ThreadPoolExecutor$Worker@3e8d0eb4[State = -1, empty queue]] WARN  server.GrpcLogAppender (GrpcLogAppender.java:timeoutAppendRequest(200)) - a729cdbd-f787-49c0-8e2c-44f1fb27cdba@group-A9823C1EF766->7d946ca7-a873-4723-b723-9ddee89d0bc7-GrpcLogAppender: appendEntries Timeout, request=a729cdbd-f787-49c0-8e2c-44f1fb27cdba->7d946ca7-a873-4723-b723-9ddee89d0bc7#168-t2, previous=(t:2, i:19), leaderCommit=15, initializing? false, entries: <empty>
2019-09-19 12:02:15,840 [java.util.concurrent.ThreadPoolExecutor$Worker@3540f9e3[State = -1, empty queue]] WARN  server.GrpcLogAppender (GrpcLogAppender.java:timeoutAppendRequest(200)) - a729cdbd-f787-49c0-8e2c-44f1fb27cdba@group-A9823C1EF766->ccaa8f46-a720-4c9d-b367-b8e62fb2ca31-GrpcLogAppender: appendEntries Timeout, request=a729cdbd-f787-49c0-8e2c-44f1fb27cdba->ccaa8f46-a720-4c9d-b367-b8e62fb2ca31#168-t2, previous=(t:2, i:19), leaderCommit=15, initializing? false, entries: <empty>
2019-09-19 12:02:16,078 [java.util.concurrent.ThreadPoolExecutor$Worker@6aaa628b[State = -1, empty queue]] WARN  server.GrpcLogAppender (GrpcLogAppender.java:timeoutAppendRequest(200)) - 0f3ef5c5-216f-4603-9049-7f6477ca6f67@group-E57B62D150CC->0eafe25b-eef3-4e6e-962a-cfdd69f48960-GrpcLogAppender: appendEntries Timeout, request=0f3ef5c5-216f-4603-9049-7f6477ca6f67->0eafe25b-eef3-4e6e-962a-cfdd69f48960#167-t2, previous=(t:2, i:18), leaderCommit=14, initializing? false, entries: <empty>
2019-09-19 12:02:16,079 [java.util.concurrent.ThreadPoolExecutor$Worker@41e0e92[State = -1, empty queue]] WARN  server.GrpcLogAppender (GrpcLogAppender.java:timeoutAppendRequest(200)) - 0f3ef5c5-216f-4603-9049-7f6477ca6f67@group-E57B62D150CC->ccd7891f-abf2-4840-bcfd-f7d46dfca276-GrpcLogAppender: appendEntries Timeout, request=0f3ef5c5-216f-4603-9049-7f6477ca6f67->ccd7891f-abf2-4840-bcfd-f7d46dfca276#167-t2, previous=(t:2, i:18), leaderCommit=14, initializing? false, entries: <empty>
2019-09-19 12:02:16,276 [grpc-default-executor-3] WARN  server.GrpcLogAppender (LogUtils.java:warn(134)) - 14eab2a7-31b9-4bf4-80ab-c0ebf925c262@group-F197496E7779->b61b9bc0-c8d8-4ce8-a569-0c84e6e62f96-AppendLogResponseHandler: Failed appendEntries: org.apache.ratis.thirdparty.io.grpc.StatusRuntimeException: UNAVAILABLE: io exception
2019-09-19 12:02:16,276 [grpc-default-executor-4] WARN  server.GrpcLogAppender (LogUtils.java:warn(134)) - 14eab2a7-31b9-4bf4-80ab-c0ebf925c262@group-F197496E7779->2fa9f0f6-b6af-48ee-80c5-dd8119aa09d6-AppendLogResponseHandler: Failed appendEntries: org.apache.ratis.thirdparty.io.grpc.StatusRuntimeException: UNAVAILABLE: io exception
2019-09-19 12:02:16,276 [grpc-default-executor-3] INFO  impl.FollowerInfo (FollowerInfo.java:lambda$new$0(51)) - 14eab2a7-31b9-4bf4-80ab-c0ebf925c262@group-F197496E7779->b61b9bc0-c8d8-4ce8-a569-0c84e6e62f96: nextIndex: updateUnconditionally 0 -> 0
2019-09-19 12:02:16,276 [grpc-default-executor-4] INFO  impl.FollowerInfo (FollowerInfo.java:lambda$new$0(51)) - 14eab2a7-31b9-4bf4-80ab-c0ebf925c262@group-F197496E7779->2fa9f0f6-b6af-48ee-80c5-dd8119aa09d6: nextIndex: updateUnconditionally 0 -> 0
2019-09-19 12:02:16,340 [java.util.concurrent.ThreadPoolExecutor$Worker@3540f9e3[State = -1, empty queue]] WARN  server.GrpcLogAppender (GrpcLogAppender.java:timeoutAppendRequest(200)) - a729cdbd-f787-49c0-8e2c-44f1fb27cdba@group-A9823C1EF766->ccaa8f46-a720-4c9d-b367-b8e62fb2ca31-GrpcLogAppender: appendEntries Timeout, request=a729cdbd-f787-49c0-8e2c-44f1fb27cdba->ccaa8f46-a720-4c9d-b367-b8e62fb2ca31#169-t2, previous=(t:2, i:19), leaderCommit=15, initializing? false, entries: <empty>
2019-09-19 12:02:16,340 [java.util.concurrent.ThreadPoolExecutor$Worker@3e8d0eb4[State = -1, empty queue]] WARN  server.GrpcLogAppender (GrpcLogAppender.java:timeoutAppendRequest(200)) - a729cdbd-f787-49c0-8e2c-44f1fb27cdba@group-A9823C1EF766->7d946ca7-a873-4723-b723-9ddee89d0bc7-GrpcLogAppender: appendEntries Timeout, request=a729cdbd-f787-49c0-8e2c-44f1fb27cdba->7d946ca7-a873-4723-b723-9ddee89d0bc7#169-t2, previous=(t:2, i:19), leaderCommit=15, initializing? false, entries: <empty>
2019-09-19 12:02:16,491 [main] INFO  ozoneimpl.OzoneContainer (OzoneContainer.java:stop(231)) - Attempting to stop container services.
2019-09-19 12:02:16,491 [ForkJoinPool.commonPool-worker-1] INFO  ozoneimpl.OzoneContainer (OzoneContainer.java:stop(231)) - Attempting to stop container services.
2019-09-19 12:02:16,492 [main] INFO  impl.RaftServerProxy (RaftServerProxy.java:lambda$close$4(314)) - 0eafe25b-eef3-4e6e-962a-cfdd69f48960: close
2019-09-19 12:02:16,492 [ForkJoinPool.commonPool-worker-1] INFO  impl.RaftServerProxy (RaftServerProxy.java:lambda$close$4(314)) - 14eab2a7-31b9-4bf4-80ab-c0ebf925c262: close
2019-09-19 12:02:16,492 [main] INFO  impl.RaftServerImpl (RaftServerImpl.java:lambda$shutdown$3(251)) - 0eafe25b-eef3-4e6e-962a-cfdd69f48960@group-E57B62D150CC: shutdown
2019-09-19 12:02:16,493 [ForkJoinPool.commonPool-worker-1] INFO  impl.RaftServerImpl (RaftServerImpl.java:lambda$shutdown$3(251)) - 14eab2a7-31b9-4bf4-80ab-c0ebf925c262@group-F197496E7779: shutdown
2019-09-19 12:02:16,493 [main] INFO  util.JmxRegister (JmxRegister.java:unregister(73)) - Successfully un-registered JMX Bean with object name Ratis:service=RaftServer,group=group-E57B62D150CC,id=0eafe25b-eef3-4e6e-962a-cfdd69f48960
2019-09-19 12:02:16,493 [ForkJoinPool.commonPool-worker-1] INFO  util.JmxRegister (JmxRegister.java:unregister(73)) - Successfully un-registered JMX Bean with object name Ratis:service=RaftServer,group=group-F197496E7779,id=14eab2a7-31b9-4bf4-80ab-c0ebf925c262
2019-09-19 12:02:16,493 [main] INFO  impl.RoleInfo (RoleInfo.java:shutdownFollowerState(121)) - 0eafe25b-eef3-4e6e-962a-cfdd69f48960: shutdown FollowerState
2019-09-19 12:02:16,494 [ForkJoinPool.commonPool-worker-1] INFO  impl.RoleInfo (RoleInfo.java:shutdownLeaderState(104)) - 14eab2a7-31b9-4bf4-80ab-c0ebf925c262: shutdown LeaderState
2019-09-19 12:02:16,494 [main] INFO  impl.StateMachineUpdater (StateMachineUpdater.java:stopAndJoin(125)) - 0eafe25b-eef3-4e6e-962a-cfdd69f48960@group-E57B62D150CC-StateMachineUpdater: set stopIndex = 14
2019-09-19 12:02:16,498 [org.apache.ratis.server.impl.LogAppender$AppenderDaemon$$Lambda$539/871233349@3089943d] WARN  server.GrpcLogAppender (GrpcLogAppender.java:mayWait(143)) - 14eab2a7-31b9-4bf4-80ab-c0ebf925c262@group-F197496E7779->b61b9bc0-c8d8-4ce8-a569-0c84e6e62f96-GrpcLogAppender: Wait interrupted by java.lang.InterruptedException
2019-09-19 12:02:16,498 [org.apache.ratis.server.impl.LogAppender$AppenderDaemon$$Lambda$539/871233349@eaabddb] WARN  server.GrpcLogAppender (GrpcLogAppender.java:mayWait(143)) - 14eab2a7-31b9-4bf4-80ab-c0ebf925c262@group-F197496E7779->2fa9f0f6-b6af-48ee-80c5-dd8119aa09d6-GrpcLogAppender: Wait interrupted by java.lang.InterruptedException
2019-09-19 12:02:16,498 [ForkJoinPool.commonPool-worker-1] INFO  impl.PendingRequests (PendingRequests.java:sendNotLeaderResponses(202)) - 14eab2a7-31b9-4bf4-80ab-c0ebf925c262-PendingRequests: sendNotLeaderResponses
2019-09-19 12:02:16,494 [0eafe25b-eef3-4e6e-962a-cfdd69f48960@group-E57B62D150CC-StateMachineUpdater] INFO  ratis.ContainerStateMachine (ContainerStateMachine.java:takeSnapshot(289)) - group-E57B62D150CC: Taking a snapshot at:(t:2, i:12) file /workdir/hadoop-ozone/integration-test/target/test-dir/MiniOzoneClusterImpl-d8add679-7105-42f6-bf2c-18911ac53160/datanode-5/data/ratis/a625de63-8597-4c04-b87b-e57b62d150cc/sm/snapshot.2_12
2019-09-19 12:02:16,494 [Thread-424] INFO  impl.FollowerState (FollowerState.java:run(115)) - 0eafe25b-eef3-4e6e-962a-cfdd69f48960: FollowerState was interrupted: java.lang.InterruptedException: sleep interrupted
2019-09-19 12:02:16,503 [ForkJoinPool.commonPool-worker-1] INFO  impl.StateMachineUpdater (StateMachineUpdater.java:stopAndJoin(125)) - 14eab2a7-31b9-4bf4-80ab-c0ebf925c262@group-F197496E7779-StateMachineUpdater: set stopIndex = 30
2019-09-19 12:02:16,503 [14eab2a7-31b9-4bf4-80ab-c0ebf925c262@group-F197496E7779-StateMachineUpdater] INFO  ratis.ContainerStateMachine (ContainerStateMachine.java:takeSnapshot(289)) - group-F197496E7779: Taking a snapshot at:(t:3, i:28) file /workdir/hadoop-ozone/integration-test/target/test-dir/MiniOzoneClusterImpl-d8add679-7105-42f6-bf2c-18911ac53160/datanode-2/data/ratis/6d8850fe-b2ec-45e2-8de3-f197496e7779/sm/snapshot.3_28
2019-09-19 12:02:16,515 [0eafe25b-eef3-4e6e-962a-cfdd69f48960@group-E57B62D150CC-StateMachineUpdater] INFO  ratis.ContainerStateMachine (ContainerStateMachine.java:takeSnapshot(300)) - group-E57B62D150CC: Finished taking a snapshot at:(t:2, i:12) file:/workdir/hadoop-ozone/integration-test/target/test-dir/MiniOzoneClusterImpl-d8add679-7105-42f6-bf2c-18911ac53160/datanode-5/data/ratis/a625de63-8597-4c04-b87b-e57b62d150cc/sm/snapshot.2_12 time:20
2019-09-19 12:02:16,515 [14eab2a7-31b9-4bf4-80ab-c0ebf925c262@group-F197496E7779-StateMachineUpdater] INFO  ratis.ContainerStateMachine (ContainerStateMachine.java:takeSnapshot(300)) - group-F197496E7779: Finished taking a snapshot at:(t:3, i:28) file:/workdir/hadoop-ozone/integration-test/target/test-dir/MiniOzoneClusterImpl-d8add679-7105-42f6-bf2c-18911ac53160/datanode-2/data/ratis/6d8850fe-b2ec-45e2-8de3-f197496e7779/sm/snapshot.3_28 time:12
2019-09-19 12:02:16,515 [0eafe25b-eef3-4e6e-962a-cfdd69f48960@group-E57B62D150CC-StateMachineUpdater] INFO  impl.StateMachineUpdater (StateMachineUpdater.java:takeSnapshot(258)) - 0eafe25b-eef3-4e6e-962a-cfdd69f48960@group-E57B62D150CC-StateMachineUpdater: Took a snapshot at index 12
2019-09-19 12:02:16,515 [14eab2a7-31b9-4bf4-80ab-c0ebf925c262@group-F197496E7779-StateMachineUpdater] INFO  impl.StateMachineUpdater (StateMachineUpdater.java:takeSnapshot(258)) - 14eab2a7-31b9-4bf4-80ab-c0ebf925c262@group-F197496E7779-StateMachineUpdater: Took a snapshot at index 28
2019-09-19 12:02:16,515 [0eafe25b-eef3-4e6e-962a-cfdd69f48960@group-E57B62D150CC-StateMachineUpdater] INFO  impl.StateMachineUpdater (StateMachineUpdater.java:lambda$new$0(83)) - 0eafe25b-eef3-4e6e-962a-cfdd69f48960@group-E57B62D150CC-StateMachineUpdater: snapshotIndex: updateIncreasingly -1 -> 12
2019-09-19 12:02:16,515 [14eab2a7-31b9-4bf4-80ab-c0ebf925c262@group-F197496E7779-StateMachineUpdater] INFO  impl.StateMachineUpdater (StateMachineUpdater.java:lambda$new$0(83)) - 14eab2a7-31b9-4bf4-80ab-c0ebf925c262@group-F197496E7779-StateMachineUpdater: snapshotIndex: updateIncreasingly -1 -> 28
2019-09-19 12:02:16,516 [14eab2a7-31b9-4bf4-80ab-c0ebf925c262@group-F197496E7779-StateMachineUpdater] INFO  ratis.ContainerStateMachine (ContainerStateMachine.java:takeSnapshot(289)) - group-F197496E7779: Taking a snapshot at:(t:3, i:28) file /workdir/hadoop-ozone/integration-test/target/test-dir/MiniOzoneClusterImpl-d8add679-7105-42f6-bf2c-18911ac53160/datanode-2/data/ratis/6d8850fe-b2ec-45e2-8de3-f197496e7779/sm/snapshot.3_28
2019-09-19 12:02:16,516 [0eafe25b-eef3-4e6e-962a-cfdd69f48960@group-E57B62D150CC-StateMachineUpdater] INFO  ratis.ContainerStateMachine (ContainerStateMachine.java:takeSnapshot(289)) - group-E57B62D150CC: Taking a snapshot at:(t:2, i:12) file /workdir/hadoop-ozone/integration-test/target/test-dir/MiniOzoneClusterImpl-d8add679-7105-42f6-bf2c-18911ac53160/datanode-5/data/ratis/a625de63-8597-4c04-b87b-e57b62d150cc/sm/snapshot.2_12
2019-09-19 12:02:16,520 [14eab2a7-31b9-4bf4-80ab-c0ebf925c262@group-F197496E7779-StateMachineUpdater] INFO  ratis.ContainerStateMachine (ContainerStateMachine.java:takeSnapshot(300)) - group-F197496E7779: Finished taking a snapshot at:(t:3, i:28) file:/workdir/hadoop-ozone/integration-test/target/test-dir/MiniOzoneClusterImpl-d8add679-7105-42f6-bf2c-18911ac53160/datanode-2/data/ratis/6d8850fe-b2ec-45e2-8de3-f197496e7779/sm/snapshot.3_28 time:4
2019-09-19 12:02:16,520 [0eafe25b-eef3-4e6e-962a-cfdd69f48960@group-E57B62D150CC-StateMachineUpdater] INFO  ratis.ContainerStateMachine (ContainerStateMachine.java:takeSnapshot(300)) - group-E57B62D150CC: Finished taking a snapshot at:(t:2, i:12) file:/workdir/hadoop-ozone/integration-test/target/test-dir/MiniOzoneClusterImpl-d8add679-7105-42f6-bf2c-18911ac53160/datanode-5/data/ratis/a625de63-8597-4c04-b87b-e57b62d150cc/sm/snapshot.2_12 time:4
2019-09-19 12:02:16,520 [14eab2a7-31b9-4bf4-80ab-c0ebf925c262@group-F197496E7779-StateMachineUpdater] INFO  impl.StateMachineUpdater (StateMachineUpdater.java:takeSnapshot(258)) - 14eab2a7-31b9-4bf4-80ab-c0ebf925c262@group-F197496E7779-StateMachineUpdater: Took a snapshot at index 28
2019-09-19 12:02:16,520 [0eafe25b-eef3-4e6e-962a-cfdd69f48960@group-E57B62D150CC-StateMachineUpdater] INFO  impl.StateMachineUpdater (StateMachineUpdater.java:takeSnapshot(258)) - 0eafe25b-eef3-4e6e-962a-cfdd69f48960@group-E57B62D150CC-StateMachineUpdater: Took a snapshot at index 12
2019-09-19 12:02:16,520 [14eab2a7-31b9-4bf4-80ab-c0ebf925c262@group-F197496E7779-StateMachineUpdater] INFO  impl.StateMachineUpdater (StateMachineUpdater.java:lambda$new$0(83)) - 14eab2a7-31b9-4bf4-80ab-c0ebf925c262@group-F197496E7779-StateMachineUpdater: snapshotIndex: updateIncreasingly 28 -> 28
2019-09-19 12:02:16,520 [0eafe25b-eef3-4e6e-962a-cfdd69f48960@group-E57B62D150CC-StateMachineUpdater] INFO  impl.StateMachineUpdater (StateMachineUpdater.java:lambda$new$0(83)) - 0eafe25b-eef3-4e6e-962a-cfdd69f48960@group-E57B62D150CC-StateMachineUpdater: snapshotIndex: updateIncreasingly 12 -> 12
2019-09-19 12:02:16,520 [ForkJoinPool.commonPool-worker-1] INFO  impl.RaftServerImpl (ServerState.java:close(385)) - 14eab2a7-31b9-4bf4-80ab-c0ebf925c262@group-F197496E7779: closes. applyIndex: 30
2019-09-19 12:02:16,521 [main] INFO  impl.RaftServerImpl (ServerState.java:close(385)) - 0eafe25b-eef3-4e6e-962a-cfdd69f48960@group-E57B62D150CC: closes. applyIndex: 14
2019-09-19 12:02:16,521 [14eab2a7-31b9-4bf4-80ab-c0ebf925c262@group-F197496E7779-SegmentedRaftLogWorker] INFO  segmented.SegmentedRaftLogWorker (SegmentedRaftLogWorker.java:run(313)) - 14eab2a7-31b9-4bf4-80ab-c0ebf925c262@group-F197496E7779-SegmentedRaftLogWorker was interrupted, exiting. There are 0 tasks remaining in the queue.
2019-09-19 12:02:16,523 [ForkJoinPool.commonPool-worker-1] INFO  segmented.SegmentedRaftLogWorker (SegmentedRaftLogWorker.java:close(228)) - 14eab2a7-31b9-4bf4-80ab-c0ebf925c262@group-F197496E7779-SegmentedRaftLogWorker close()
2019-09-19 12:02:16,527 [ForkJoinPool.commonPool-worker-1] INFO  impl.RaftServerImpl (RaftServerImpl.java:lambda$shutdown$3(251)) - 14eab2a7-31b9-4bf4-80ab-c0ebf925c262@group-C8E0D2DAE8CD: shutdown
2019-09-19 12:02:16,527 [ForkJoinPool.commonPool-worker-1] INFO  util.JmxRegister (JmxRegister.java:unregister(73)) - Successfully un-registered JMX Bean with object name Ratis:service=RaftServer,group=group-C8E0D2DAE8CD,id=14eab2a7-31b9-4bf4-80ab-c0ebf925c262
2019-09-19 12:02:16,527 [ForkJoinPool.commonPool-worker-1] INFO  impl.RoleInfo (RoleInfo.java:shutdownLeaderState(104)) - 14eab2a7-31b9-4bf4-80ab-c0ebf925c262: shutdown LeaderState
2019-09-19 12:02:16,528 [ForkJoinPool.commonPool-worker-1] INFO  impl.PendingRequests (PendingRequests.java:sendNotLeaderResponses(202)) - 14eab2a7-31b9-4bf4-80ab-c0ebf925c262-PendingRequests: sendNotLeaderResponses
2019-09-19 12:02:16,528 [ForkJoinPool.commonPool-worker-1] INFO  impl.StateMachineUpdater (StateMachineUpdater.java:stopAndJoin(125)) - 14eab2a7-31b9-4bf4-80ab-c0ebf925c262@group-C8E0D2DAE8CD-StateMachineUpdater: set stopIndex = 0
2019-09-19 12:02:16,528 [ForkJoinPool.commonPool-worker-1] INFO  impl.RaftServerImpl (ServerState.java:close(385)) - 14eab2a7-31b9-4bf4-80ab-c0ebf925c262@group-C8E0D2DAE8CD: closes. applyIndex: 0
2019-09-19 12:02:16,529 [14eab2a7-31b9-4bf4-80ab-c0ebf925c262@group-C8E0D2DAE8CD-SegmentedRaftLogWorker] INFO  segmented.SegmentedRaftLogWorker (SegmentedRaftLogWorker.java:run(313)) - 14eab2a7-31b9-4bf4-80ab-c0ebf925c262@group-C8E0D2DAE8CD-SegmentedRaftLogWorker was interrupted, exiting. There are 0 tasks remaining in the queue.
2019-09-19 12:02:16,531 [ForkJoinPool.commonPool-worker-1] INFO  segmented.SegmentedRaftLogWorker (SegmentedRaftLogWorker.java:close(228)) - 14eab2a7-31b9-4bf4-80ab-c0ebf925c262@group-C8E0D2DAE8CD-SegmentedRaftLogWorker close()
2019-09-19 12:02:16,535 [ForkJoinPool.commonPool-worker-1] INFO  server.GrpcService (GrpcService.java:closeImpl(164)) - 14eab2a7-31b9-4bf4-80ab-c0ebf925c262: shutdown server with port 37038 now
2019-09-19 12:02:16,535 [ForkJoinPool.commonPool-worker-1] INFO  server.GrpcService (GrpcService.java:closeImpl(172)) - 14eab2a7-31b9-4bf4-80ab-c0ebf925c262: shutdown server with port 37038 successfully
2019-09-19 12:02:16,545 [refreshUsed-/workdir/hadoop-ozone/integration-test/target/test-dir/MiniOzoneClusterImpl-d8add679-7105-42f6-bf2c-18911ac53160/datanode-2/data/containers] WARN  fs.CachingGetSpaceUsed (CachingGetSpaceUsed.java:run(183)) - Thread Interrupted waiting to refresh disk information: sleep interrupted
2019-09-19 12:02:16,554 [0eafe25b-eef3-4e6e-962a-cfdd69f48960@group-E57B62D150CC-SegmentedRaftLogWorker] ERROR ratis.XceiverServerRatis (XceiverServerRatis.java:triggerPipelineClose(568)) - pipeline Action CLOSE  on pipeline PipelineID=a625de63-8597-4c04-b87b-e57b62d150cc.Reason : WriteLog:15: (t:2, i:15), STATEMACHINELOGENTRY, client-4CC87BB336E7, cid=51-writeStateMachineData interrupted.
2019-09-19 12:02:16,556 [main] INFO  segmented.SegmentedRaftLogWorker (SegmentedRaftLogWorker.java:close(228)) - 0eafe25b-eef3-4e6e-962a-cfdd69f48960@group-E57B62D150CC-SegmentedRaftLogWorker close()
2019-09-19 12:02:16,559 [main] INFO  impl.RaftServerImpl (RaftServerImpl.java:lambda$shutdown$3(251)) - 0eafe25b-eef3-4e6e-962a-cfdd69f48960@group-05CD69C2CA44: shutdown
2019-09-19 12:02:16,560 [main] INFO  util.JmxRegister (JmxRegister.java:unregister(73)) - Successfully un-registered JMX Bean with object name Ratis:service=RaftServer,group=group-05CD69C2CA44,id=0eafe25b-eef3-4e6e-962a-cfdd69f48960
2019-09-19 12:02:16,560 [main] INFO  impl.RoleInfo (RoleInfo.java:shutdownLeaderState(104)) - 0eafe25b-eef3-4e6e-962a-cfdd69f48960: shutdown LeaderState
2019-09-19 12:02:16,560 [main] INFO  impl.PendingRequests (PendingRequests.java:sendNotLeaderResponses(202)) - 0eafe25b-eef3-4e6e-962a-cfdd69f48960-PendingRequests: sendNotLeaderResponses
2019-09-19 12:02:16,561 [main] INFO  impl.StateMachineUpdater (StateMachineUpdater.java:stopAndJoin(125)) - 0eafe25b-eef3-4e6e-962a-cfdd69f48960@group-05CD69C2CA44-StateMachineUpdater: set stopIndex = 0
2019-09-19 12:02:16,561 [main] INFO  impl.RaftServerImpl (ServerState.java:close(385)) - 0eafe25b-eef3-4e6e-962a-cfdd69f48960@group-05CD69C2CA44: closes. applyIndex: 0
2019-09-19 12:02:16,562 [0eafe25b-eef3-4e6e-962a-cfdd69f48960@group-05CD69C2CA44-SegmentedRaftLogWorker] INFO  segmented.SegmentedRaftLogWorker (SegmentedRaftLogWorker.java:run(313)) - 0eafe25b-eef3-4e6e-962a-cfdd69f48960@group-05CD69C2CA44-SegmentedRaftLogWorker was interrupted, exiting. There are 0 tasks remaining in the queue.
2019-09-19 12:02:16,563 [main] INFO  segmented.SegmentedRaftLogWorker (SegmentedRaftLogWorker.java:close(228)) - 0eafe25b-eef3-4e6e-962a-cfdd69f48960@group-05CD69C2CA44-SegmentedRaftLogWorker close()
2019-09-19 12:02:16,566 [main] INFO  server.GrpcService (GrpcService.java:closeImpl(164)) - 0eafe25b-eef3-4e6e-962a-cfdd69f48960: shutdown server with port 38223 now
2019-09-19 12:02:16,567 [grpc-default-executor-3] WARN  server.GrpcServerProtocolService (LogUtils.java:warn(134)) - 0eafe25b-eef3-4e6e-962a-cfdd69f48960: installSnapshot onError, lastRequest: 0f3ef5c5-216f-4603-9049-7f6477ca6f67->0eafe25b-eef3-4e6e-962a-cfdd69f48960#173-t2, previous=(t:2, i:18), leaderCommit=14, initializing? false, entries: <empty>: org.apache.ratis.thirdparty.io.grpc.StatusRuntimeException: CANCELLED: cancelled before receiving half close
2019-09-19 12:02:16,571 [main] INFO  server.GrpcService (GrpcService.java:closeImpl(172)) - 0eafe25b-eef3-4e6e-962a-cfdd69f48960: shutdown server with port 38223 successfully
2019-09-19 12:02:16,571 [grpc-default-executor-4] WARN  server.GrpcLogAppender (LogUtils.java:warn(134)) - 0f3ef5c5-216f-4603-9049-7f6477ca6f67@group-E57B62D150CC->0eafe25b-eef3-4e6e-962a-cfdd69f48960-AppendLogResponseHandler: Failed appendEntries: org.apache.ratis.thirdparty.io.grpc.StatusRuntimeException: CANCELLED: HTTP/2 error code: CANCEL
Received Rst Stream
2019-09-19 12:02:16,571 [grpc-default-executor-4] INFO  impl.FollowerInfo (FollowerInfo.java:lambda$new$0(51)) - 0f3ef5c5-216f-4603-9049-7f6477ca6f67@group-E57B62D150CC->0eafe25b-eef3-4e6e-962a-cfdd69f48960: nextIndex: updateUnconditionally 19 -> 15
2019-09-19 12:02:16,574 [refreshUsed-/workdir/hadoop-ozone/integration-test/target/test-dir/MiniOzoneClusterImpl-d8add679-7105-42f6-bf2c-18911ac53160/datanode-5/data/containers] WARN  fs.CachingGetSpaceUsed (CachingGetSpaceUsed.java:run(183)) - Thread Interrupted waiting to refresh disk information: sleep interrupted
2019-09-19 12:02:16,581 [java.util.concurrent.ThreadPoolExecutor$Worker@41e0e92[State = -1, empty queue]] WARN  server.GrpcLogAppender (GrpcLogAppender.java:timeoutAppendRequest(200)) - 0f3ef5c5-216f-4603-9049-7f6477ca6f67@group-E57B62D150CC->ccd7891f-abf2-4840-bcfd-f7d46dfca276-GrpcLogAppender: appendEntries Timeout, request=0f3ef5c5-216f-4603-9049-7f6477ca6f67->ccd7891f-abf2-4840-bcfd-f7d46dfca276#168-t2, previous=(t:2, i:18), leaderCommit=14, initializing? false, entries: <empty>
2019-09-19 12:02:16,584 [grpc-default-executor-3] WARN  server.GrpcLogAppender (LogUtils.java:warn(134)) - 0f3ef5c5-216f-4603-9049-7f6477ca6f67@group-E57B62D150CC->0eafe25b-eef3-4e6e-962a-cfdd69f48960-AppendLogResponseHandler: Failed appendEntries: org.apache.ratis.thirdparty.io.grpc.StatusRuntimeException: UNAVAILABLE: io exception
2019-09-19 12:02:16,584 [grpc-default-executor-3] INFO  impl.FollowerInfo (FollowerInfo.java:lambda$new$0(51)) - 0f3ef5c5-216f-4603-9049-7f6477ca6f67@group-E57B62D150CC->0eafe25b-eef3-4e6e-962a-cfdd69f48960: nextIndex: updateUnconditionally 15 -> 14
2019-09-19 12:02:16,588 [ForkJoinPool.commonPool-worker-1] INFO  utils.BackgroundService (BackgroundService.java:shutdown(148)) - Shutting down service BlockDeletingService
2019-09-19 12:02:16,593 [ForkJoinPool.commonPool-worker-1] INFO  statemachine.DatanodeStateMachine (DatanodeStateMachine.java:stopDaemon(395)) - Ozone container server stopped.
2019-09-19 12:02:16,598 [ForkJoinPool.commonPool-worker-1] INFO  handler.ContextHandler (ContextHandler.java:doStop(910)) - Stopped o.e.j.w.WebAppContext@4745e9c{/,null,UNAVAILABLE}{/hddsDatanode}
2019-09-19 12:02:16,599 [ForkJoinPool.commonPool-worker-1] INFO  server.AbstractConnector (AbstractConnector.java:doStop(318)) - Stopped ServerConnector@2f2bff16{HTTP/1.1,[http/1.1]}{0.0.0.0:0}
2019-09-19 12:02:16,601 [ForkJoinPool.commonPool-worker-1] INFO  handler.ContextHandler (ContextHandler.java:doStop(910)) - Stopped o.e.j.s.ServletContextHandler@4b65d9f4{/static,jar:file:/home/user/.m2/repository/org/apache/hadoop/hadoop-hdds-container-service/0.5.0-SNAPSHOT/hadoop-hdds-container-service-0.5.0-SNAPSHOT.jar!/webapps/static,UNAVAILABLE}
2019-09-19 12:02:16,603 [ForkJoinPool.commonPool-worker-1] INFO  handler.ContextHandler (ContextHandler.java:doStop(910)) - Stopped o.e.j.s.ServletContextHandler@2e66bc32{/logs,file:///workdir/hadoop-ozone/integration-test/target/log,UNAVAILABLE}
2019-09-19 12:02:16,607 [main] INFO  utils.BackgroundService (BackgroundService.java:shutdown(148)) - Shutting down service BlockDeletingService
2019-09-19 12:02:16,611 [main] INFO  statemachine.DatanodeStateMachine (DatanodeStateMachine.java:stopDaemon(395)) - Ozone container server stopped.
2019-09-19 12:02:16,612 [main] INFO  handler.ContextHandler (ContextHandler.java:doStop(910)) - Stopped o.e.j.w.WebAppContext@272ce069{/,null,UNAVAILABLE}{/hddsDatanode}
2019-09-19 12:02:16,613 [main] INFO  server.AbstractConnector (AbstractConnector.java:doStop(318)) - Stopped ServerConnector@3d7fb838{HTTP/1.1,[http/1.1]}{0.0.0.0:0}
2019-09-19 12:02:16,613 [main] INFO  handler.ContextHandler (ContextHandler.java:doStop(910)) - Stopped o.e.j.s.ServletContextHandler@117d32e{/static,jar:file:/home/user/.m2/repository/org/apache/hadoop/hadoop-hdds-container-service/0.5.0-SNAPSHOT/hadoop-hdds-container-service-0.5.0-SNAPSHOT.jar!/webapps/static,UNAVAILABLE}
2019-09-19 12:02:16,613 [main] INFO  handler.ContextHandler (ContextHandler.java:doStop(910)) - Stopped o.e.j.s.ServletContextHandler@4596f8f3{/logs,file:///workdir/hadoop-ozone/integration-test/target/log,UNAVAILABLE}
2019-09-19 12:02:16,674 [Datanode State Machine Thread - 0] INFO  statemachine.DatanodeStateMachine (DatanodeStateMachine.java:lambda$startDaemon$0(350)) - Ozone container server started.
2019-09-19 12:02:16,840 [java.util.concurrent.ThreadPoolExecutor$Worker@3e8d0eb4[State = -1, empty queue]] WARN  server.GrpcLogAppender (GrpcLogAppender.java:timeoutAppendRequest(200)) - a729cdbd-f787-49c0-8e2c-44f1fb27cdba@group-A9823C1EF766->7d946ca7-a873-4723-b723-9ddee89d0bc7-GrpcLogAppender: appendEntries Timeout, request=a729cdbd-f787-49c0-8e2c-44f1fb27cdba->7d946ca7-a873-4723-b723-9ddee89d0bc7#170-t2, previous=(t:2, i:19), leaderCommit=15, initializing? false, entries: <empty>
2019-09-19 12:02:16,840 [java.util.concurrent.ThreadPoolExecutor$Worker@3540f9e3[State = -1, empty queue]] WARN  server.GrpcLogAppender (GrpcLogAppender.java:timeoutAppendRequest(200)) - a729cdbd-f787-49c0-8e2c-44f1fb27cdba@group-A9823C1EF766->ccaa8f46-a720-4c9d-b367-b8e62fb2ca31-GrpcLogAppender: appendEntries Timeout, request=a729cdbd-f787-49c0-8e2c-44f1fb27cdba->ccaa8f46-a720-4c9d-b367-b8e62fb2ca31#170-t2, previous=(t:2, i:19), leaderCommit=15, initializing? false, entries: <empty>
2019-09-19 12:02:17,079 [java.util.concurrent.ThreadPoolExecutor$Worker@41e0e92[State = -1, empty queue]] WARN  server.GrpcLogAppender (GrpcLogAppender.java:timeoutAppendRequest(200)) - 0f3ef5c5-216f-4603-9049-7f6477ca6f67@group-E57B62D150CC->ccd7891f-abf2-4840-bcfd-f7d46dfca276-GrpcLogAppender: appendEntries Timeout, request=0f3ef5c5-216f-4603-9049-7f6477ca6f67->ccd7891f-abf2-4840-bcfd-f7d46dfca276#169-t2, previous=(t:2, i:18), leaderCommit=14, initializing? false, entries: <empty>
2019-09-19 12:02:17,086 [grpc-default-executor-3] WARN  server.GrpcLogAppender (LogUtils.java:warn(134)) - 0f3ef5c5-216f-4603-9049-7f6477ca6f67@group-E57B62D150CC->0eafe25b-eef3-4e6e-962a-cfdd69f48960-AppendLogResponseHandler: Failed appendEntries: org.apache.ratis.thirdparty.io.grpc.StatusRuntimeException: UNAVAILABLE: io exception
2019-09-19 12:02:17,086 [grpc-default-executor-3] INFO  impl.FollowerInfo (FollowerInfo.java:lambda$new$0(51)) - 0f3ef5c5-216f-4603-9049-7f6477ca6f67@group-E57B62D150CC->0eafe25b-eef3-4e6e-962a-cfdd69f48960: nextIndex: updateUnconditionally 14 -> 13
2019-09-19 12:02:17,341 [java.util.concurrent.ThreadPoolExecutor$Worker@3e8d0eb4[State = -1, empty queue]] WARN  server.GrpcLogAppender (GrpcLogAppender.java:timeoutAppendRequest(200)) - a729cdbd-f787-49c0-8e2c-44f1fb27cdba@group-A9823C1EF766->7d946ca7-a873-4723-b723-9ddee89d0bc7-GrpcLogAppender: appendEntries Timeout, request=a729cdbd-f787-49c0-8e2c-44f1fb27cdba->7d946ca7-a873-4723-b723-9ddee89d0bc7#171-t2, previous=(t:2, i:19), leaderCommit=15, initializing? false, entries: <empty>
2019-09-19 12:02:17,341 [java.util.concurrent.ThreadPoolExecutor$Worker@3540f9e3[State = -1, empty queue]] WARN  server.GrpcLogAppender (GrpcLogAppender.java:timeoutAppendRequest(200)) - a729cdbd-f787-49c0-8e2c-44f1fb27cdba@group-A9823C1EF766->ccaa8f46-a720-4c9d-b367-b8e62fb2ca31-GrpcLogAppender: appendEntries Timeout, request=a729cdbd-f787-49c0-8e2c-44f1fb27cdba->ccaa8f46-a720-4c9d-b367-b8e62fb2ca31#171-t2, previous=(t:2, i:19), leaderCommit=15, initializing? false, entries: <empty>
2019-09-19 12:02:17,579 [java.util.concurrent.ThreadPoolExecutor$Worker@41e0e92[State = -1, empty queue]] WARN  server.GrpcLogAppender (GrpcLogAppender.java:timeoutAppendRequest(200)) - 0f3ef5c5-216f-4603-9049-7f6477ca6f67@group-E57B62D150CC->ccd7891f-abf2-4840-bcfd-f7d46dfca276-GrpcLogAppender: appendEntries Timeout, request=0f3ef5c5-216f-4603-9049-7f6477ca6f67->ccd7891f-abf2-4840-bcfd-f7d46dfca276#170-t2, previous=(t:2, i:18), leaderCommit=14, initializing? false, entries: <empty>
2019-09-19 12:02:17,588 [grpc-default-executor-4] WARN  server.GrpcLogAppender (LogUtils.java:warn(134)) - 0f3ef5c5-216f-4603-9049-7f6477ca6f67@group-E57B62D150CC->0eafe25b-eef3-4e6e-962a-cfdd69f48960-AppendLogResponseHandler: Failed appendEntries: org.apache.ratis.thirdparty.io.grpc.StatusRuntimeException: UNAVAILABLE: io exception
2019-09-19 12:02:17,588 [grpc-default-executor-4] INFO  impl.FollowerInfo (FollowerInfo.java:lambda$new$0(51)) - 0f3ef5c5-216f-4603-9049-7f6477ca6f67@group-E57B62D150CC->0eafe25b-eef3-4e6e-962a-cfdd69f48960: nextIndex: updateUnconditionally 13 -> 12
2019-09-19 12:02:17,601 [Datanode State Machine Thread - 0] INFO  statemachine.DatanodeStateMachine (DatanodeStateMachine.java:lambda$startDaemon$0(350)) - Ozone container server started.
2019-09-19 12:02:17,841 [java.util.concurrent.ThreadPoolExecutor$Worker@3e8d0eb4[State = -1, empty queue]] WARN  server.GrpcLogAppender (GrpcLogAppender.java:timeoutAppendRequest(200)) - a729cdbd-f787-49c0-8e2c-44f1fb27cdba@group-A9823C1EF766->7d946ca7-a873-4723-b723-9ddee89d0bc7-GrpcLogAppender: appendEntries Timeout, request=a729cdbd-f787-49c0-8e2c-44f1fb27cdba->7d946ca7-a873-4723-b723-9ddee89d0bc7#172-t2, previous=(t:2, i:19), leaderCommit=15, initializing? false, entries: <empty>
2019-09-19 12:02:17,841 [java.util.concurrent.ThreadPoolExecutor$Worker@3540f9e3[State = -1, empty queue]] WARN  server.GrpcLogAppender (GrpcLogAppender.java:timeoutAppendRequest(200)) - a729cdbd-f787-49c0-8e2c-44f1fb27cdba@group-A9823C1EF766->ccaa8f46-a720-4c9d-b367-b8e62fb2ca31-GrpcLogAppender: appendEntries Timeout, request=a729cdbd-f787-49c0-8e2c-44f1fb27cdba->ccaa8f46-a720-4c9d-b367-b8e62fb2ca31#172-t2, previous=(t:2, i:19), leaderCommit=15, initializing? false, entries: <empty>
2019-09-19 12:02:18,080 [java.util.concurrent.ThreadPoolExecutor$Worker@41e0e92[State = -1, empty queue]] WARN  server.GrpcLogAppender (GrpcLogAppender.java:timeoutAppendRequest(200)) - 0f3ef5c5-216f-4603-9049-7f6477ca6f67@group-E57B62D150CC->ccd7891f-abf2-4840-bcfd-f7d46dfca276-GrpcLogAppender: appendEntries Timeout, request=0f3ef5c5-216f-4603-9049-7f6477ca6f67->ccd7891f-abf2-4840-bcfd-f7d46dfca276#171-t2, previous=(t:2, i:18), leaderCommit=14, initializing? false, entries: <empty>
2019-09-19 12:02:18,090 [grpc-default-executor-3] WARN  server.GrpcLogAppender (LogUtils.java:warn(134)) - 0f3ef5c5-216f-4603-9049-7f6477ca6f67@group-E57B62D150CC->0eafe25b-eef3-4e6e-962a-cfdd69f48960-AppendLogResponseHandler: Failed appendEntries: org.apache.ratis.thirdparty.io.grpc.StatusRuntimeException: UNAVAILABLE: io exception
2019-09-19 12:02:18,091 [grpc-default-executor-3] INFO  impl.FollowerInfo (FollowerInfo.java:lambda$new$0(51)) - 0f3ef5c5-216f-4603-9049-7f6477ca6f67@group-E57B62D150CC->0eafe25b-eef3-4e6e-962a-cfdd69f48960: nextIndex: updateUnconditionally 12 -> 11
2019-09-19 12:02:18,342 [java.util.concurrent.ThreadPoolExecutor$Worker@3e8d0eb4[State = -1, empty queue]] WARN  server.GrpcLogAppender (GrpcLogAppender.java:timeoutAppendRequest(200)) - a729cdbd-f787-49c0-8e2c-44f1fb27cdba@group-A9823C1EF766->7d946ca7-a873-4723-b723-9ddee89d0bc7-GrpcLogAppender: appendEntries Timeout, request=a729cdbd-f787-49c0-8e2c-44f1fb27cdba->7d946ca7-a873-4723-b723-9ddee89d0bc7#173-t2, previous=(t:2, i:19), leaderCommit=15, initializing? false, entries: <empty>
2019-09-19 12:02:18,342 [java.util.concurrent.ThreadPoolExecutor$Worker@3540f9e3[State = -1, empty queue]] WARN  server.GrpcLogAppender (GrpcLogAppender.java:timeoutAppendRequest(200)) - a729cdbd-f787-49c0-8e2c-44f1fb27cdba@group-A9823C1EF766->ccaa8f46-a720-4c9d-b367-b8e62fb2ca31-GrpcLogAppender: appendEntries Timeout, request=a729cdbd-f787-49c0-8e2c-44f1fb27cdba->ccaa8f46-a720-4c9d-b367-b8e62fb2ca31#173-t2, previous=(t:2, i:19), leaderCommit=15, initializing? false, entries: <empty>
2019-09-19 12:02:18,580 [java.util.concurrent.ThreadPoolExecutor$Worker@41e0e92[State = -1, empty queue]] WARN  server.GrpcLogAppender (GrpcLogAppender.java:timeoutAppendRequest(200)) - 0f3ef5c5-216f-4603-9049-7f6477ca6f67@group-E57B62D150CC->ccd7891f-abf2-4840-bcfd-f7d46dfca276-GrpcLogAppender: appendEntries Timeout, request=0f3ef5c5-216f-4603-9049-7f6477ca6f67->ccd7891f-abf2-4840-bcfd-f7d46dfca276#172-t2, previous=(t:2, i:18), leaderCommit=14, initializing? false, entries: <empty>
2019-09-19 12:02:18,590 [grpc-default-executor-1] WARN  server.GrpcLogAppender (LogUtils.java:warn(134)) - 0f3ef5c5-216f-4603-9049-7f6477ca6f67@group-E57B62D150CC->0eafe25b-eef3-4e6e-962a-cfdd69f48960-AppendLogResponseHandler: Failed appendEntries: org.apache.ratis.thirdparty.io.grpc.StatusRuntimeException: UNAVAILABLE: io exception
2019-09-19 12:02:18,590 [grpc-default-executor-1] INFO  impl.FollowerInfo (FollowerInfo.java:lambda$new$0(51)) - 0f3ef5c5-216f-4603-9049-7f6477ca6f67@group-E57B62D150CC->0eafe25b-eef3-4e6e-962a-cfdd69f48960: nextIndex: updateUnconditionally 11 -> 10
2019-09-19 12:02:18,842 [java.util.concurrent.ThreadPoolExecutor$Worker@3540f9e3[State = -1, empty queue]] WARN  server.GrpcLogAppender (GrpcLogAppender.java:timeoutAppendRequest(200)) - a729cdbd-f787-49c0-8e2c-44f1fb27cdba@group-A9823C1EF766->ccaa8f46-a720-4c9d-b367-b8e62fb2ca31-GrpcLogAppender: appendEntries Timeout, request=a729cdbd-f787-49c0-8e2c-44f1fb27cdba->ccaa8f46-a720-4c9d-b367-b8e62fb2ca31#174-t2, previous=(t:2, i:19), leaderCommit=15, initializing? false, entries: <empty>
2019-09-19 12:02:18,842 [java.util.concurrent.ThreadPoolExecutor$Worker@3e8d0eb4[State = -1, empty queue]] WARN  server.GrpcLogAppender (GrpcLogAppender.java:timeoutAppendRequest(200)) - a729cdbd-f787-49c0-8e2c-44f1fb27cdba@group-A9823C1EF766->7d946ca7-a873-4723-b723-9ddee89d0bc7-GrpcLogAppender: appendEntries Timeout, request=a729cdbd-f787-49c0-8e2c-44f1fb27cdba->7d946ca7-a873-4723-b723-9ddee89d0bc7#174-t2, previous=(t:2, i:19), leaderCommit=15, initializing? false, entries: <empty>
2019-09-19 12:02:19,080 [java.util.concurrent.ThreadPoolExecutor$Worker@41e0e92[State = -1, empty queue]] WARN  server.GrpcLogAppender (GrpcLogAppender.java:timeoutAppendRequest(200)) - 0f3ef5c5-216f-4603-9049-7f6477ca6f67@group-E57B62D150CC->ccd7891f-abf2-4840-bcfd-f7d46dfca276-GrpcLogAppender: appendEntries Timeout, request=0f3ef5c5-216f-4603-9049-7f6477ca6f67->ccd7891f-abf2-4840-bcfd-f7d46dfca276#173-t2, previous=(t:2, i:18), leaderCommit=14, initializing? false, entries: <empty>
2019-09-19 12:02:19,091 [grpc-default-executor-4] WARN  server.GrpcLogAppender (LogUtils.java:warn(134)) - 0f3ef5c5-216f-4603-9049-7f6477ca6f67@group-E57B62D150CC->0eafe25b-eef3-4e6e-962a-cfdd69f48960-AppendLogResponseHandler: Failed appendEntries: org.apache.ratis.thirdparty.io.grpc.StatusRuntimeException: UNAVAILABLE: io exception
2019-09-19 12:02:19,091 [grpc-default-executor-4] INFO  impl.FollowerInfo (FollowerInfo.java:lambda$new$0(51)) - 0f3ef5c5-216f-4603-9049-7f6477ca6f67@group-E57B62D150CC->0eafe25b-eef3-4e6e-962a-cfdd69f48960: nextIndex: updateUnconditionally 10 -> 9
2019-09-19 12:02:19,342 [java.util.concurrent.ThreadPoolExecutor$Worker@3e8d0eb4[State = -1, empty queue]] WARN  server.GrpcLogAppender (GrpcLogAppender.java:timeoutAppendRequest(200)) - a729cdbd-f787-49c0-8e2c-44f1fb27cdba@group-A9823C1EF766->7d946ca7-a873-4723-b723-9ddee89d0bc7-GrpcLogAppender: appendEntries Timeout, request=a729cdbd-f787-49c0-8e2c-44f1fb27cdba->7d946ca7-a873-4723-b723-9ddee89d0bc7#175-t2, previous=(t:2, i:19), leaderCommit=15, initializing? false, entries: <empty>
2019-09-19 12:02:19,342 [java.util.concurrent.ThreadPoolExecutor$Worker@3540f9e3[State = -1, empty queue]] WARN  server.GrpcLogAppender (GrpcLogAppender.java:timeoutAppendRequest(200)) - a729cdbd-f787-49c0-8e2c-44f1fb27cdba@group-A9823C1EF766->ccaa8f46-a720-4c9d-b367-b8e62fb2ca31-GrpcLogAppender: appendEntries Timeout, request=a729cdbd-f787-49c0-8e2c-44f1fb27cdba->ccaa8f46-a720-4c9d-b367-b8e62fb2ca31#175-t2, previous=(t:2, i:19), leaderCommit=15, initializing? false, entries: <empty>
2019-09-19 12:02:19,582 [java.util.concurrent.ThreadPoolExecutor$Worker@41e0e92[State = -1, empty queue]] WARN  server.GrpcLogAppender (GrpcLogAppender.java:timeoutAppendRequest(200)) - 0f3ef5c5-216f-4603-9049-7f6477ca6f67@group-E57B62D150CC->ccd7891f-abf2-4840-bcfd-f7d46dfca276-GrpcLogAppender: appendEntries Timeout, request=0f3ef5c5-216f-4603-9049-7f6477ca6f67->ccd7891f-abf2-4840-bcfd-f7d46dfca276#174-t2, previous=(t:2, i:18), leaderCommit=14, initializing? false, entries: <empty>
2019-09-19 12:02:19,594 [grpc-default-executor-4] WARN  server.GrpcLogAppender (LogUtils.java:warn(134)) - 0f3ef5c5-216f-4603-9049-7f6477ca6f67@group-E57B62D150CC->0eafe25b-eef3-4e6e-962a-cfdd69f48960-AppendLogResponseHandler: Failed appendEntries: org.apache.ratis.thirdparty.io.grpc.StatusRuntimeException: UNAVAILABLE: io exception
2019-09-19 12:02:19,594 [grpc-default-executor-4] INFO  impl.FollowerInfo (FollowerInfo.java:lambda$new$0(51)) - 0f3ef5c5-216f-4603-9049-7f6477ca6f67@group-E57B62D150CC->0eafe25b-eef3-4e6e-962a-cfdd69f48960: nextIndex: updateUnconditionally 9 -> 8
2019-09-19 12:02:19,701 [a729cdbd-f787-49c0-8e2c-44f1fb27cdba@group-A9823C1EF766-SegmentedRaftLogWorker] WARN  segmented.SegmentedRaftLogWorker (SegmentedRaftLogWorker.java:getFromFuture(90)) - Timeout 7/~
org.apache.ratis.protocol.TimeoutIOException: Timeout 10s: WriteLog:18: (t:2, i:18), STATEMACHINELOGENTRY, client-E7F445D3456E, cid=39-writeStateMachineData
	at org.apache.ratis.util.IOUtils.getFromFuture(IOUtils.java:87)
	at org.apache.ratis.server.raftlog.segmented.SegmentedRaftLogWorker$StateMachineDataPolicy.getFromFuture(SegmentedRaftLogWorker.java:87)
	at org.apache.ratis.server.raftlog.segmented.SegmentedRaftLogWorker$WriteLog.execute(SegmentedRaftLogWorker.java:477)
	at org.apache.ratis.server.raftlog.segmented.SegmentedRaftLogWorker.run(SegmentedRaftLogWorker.java:289)
	at java.lang.Thread.run(Thread.java:748)
Caused by: java.util.concurrent.TimeoutException
	at java.util.concurrent.CompletableFuture.timedGet(CompletableFuture.java:1771)
	at java.util.concurrent.CompletableFuture.get(CompletableFuture.java:1915)
	at org.apache.ratis.util.IOUtils.getFromFuture(IOUtils.java:79)
	... 4 more
2019-09-19 12:02:19,701 [ccaa8f46-a720-4c9d-b367-b8e62fb2ca31@group-A9823C1EF766-SegmentedRaftLogWorker] WARN  segmented.SegmentedRaftLogWorker (SegmentedRaftLogWorker.java:getFromFuture(90)) - Timeout 7/~
org.apache.ratis.protocol.TimeoutIOException: Timeout 10s: WriteLog:18: (t:2, i:18), STATEMACHINELOGENTRY, client-E7F445D3456E, cid=39-writeStateMachineData
	at org.apache.ratis.util.IOUtils.getFromFuture(IOUtils.java:87)
	at org.apache.ratis.server.raftlog.segmented.SegmentedRaftLogWorker$StateMachineDataPolicy.getFromFuture(SegmentedRaftLogWorker.java:87)
	at org.apache.ratis.server.raftlog.segmented.SegmentedRaftLogWorker$WriteLog.execute(SegmentedRaftLogWorker.java:477)
	at org.apache.ratis.server.raftlog.segmented.SegmentedRaftLogWorker.run(SegmentedRaftLogWorker.java:289)
	at java.lang.Thread.run(Thread.java:748)
Caused by: java.util.concurrent.TimeoutException
	at java.util.concurrent.CompletableFuture.timedGet(CompletableFuture.java:1771)
	at java.util.concurrent.CompletableFuture.get(CompletableFuture.java:1915)
	at org.apache.ratis.util.IOUtils.getFromFuture(IOUtils.java:79)
	... 4 more
2019-09-19 12:02:19,701 [7d946ca7-a873-4723-b723-9ddee89d0bc7@group-A9823C1EF766-SegmentedRaftLogWorker] WARN  segmented.SegmentedRaftLogWorker (SegmentedRaftLogWorker.java:getFromFuture(90)) - Timeout 7/~
org.apache.ratis.protocol.TimeoutIOException: Timeout 10s: WriteLog:18: (t:2, i:18), STATEMACHINELOGENTRY, client-E7F445D3456E, cid=39-writeStateMachineData
	at org.apache.ratis.util.IOUtils.getFromFuture(IOUtils.java:87)
	at org.apache.ratis.server.raftlog.segmented.SegmentedRaftLogWorker$StateMachineDataPolicy.getFromFuture(SegmentedRaftLogWorker.java:87)
	at org.apache.ratis.server.raftlog.segmented.SegmentedRaftLogWorker$WriteLog.execute(SegmentedRaftLogWorker.java:477)
	at org.apache.ratis.server.raftlog.segmented.SegmentedRaftLogWorker.run(SegmentedRaftLogWorker.java:289)
	at java.lang.Thread.run(Thread.java:748)
Caused by: java.util.concurrent.TimeoutException
	at java.util.concurrent.CompletableFuture.timedGet(CompletableFuture.java:1771)
	at java.util.concurrent.CompletableFuture.get(CompletableFuture.java:1915)
	at org.apache.ratis.util.IOUtils.getFromFuture(IOUtils.java:79)
	... 4 more
2019-09-19 12:02:19,843 [java.util.concurrent.ThreadPoolExecutor$Worker@3e8d0eb4[State = -1, empty queue]] WARN  server.GrpcLogAppender (GrpcLogAppender.java:timeoutAppendRequest(200)) - a729cdbd-f787-49c0-8e2c-44f1fb27cdba@group-A9823C1EF766->7d946ca7-a873-4723-b723-9ddee89d0bc7-GrpcLogAppender: appendEntries Timeout, request=a729cdbd-f787-49c0-8e2c-44f1fb27cdba->7d946ca7-a873-4723-b723-9ddee89d0bc7#176-t2, previous=(t:2, i:19), leaderCommit=15, initializing? false, entries: <empty>
2019-09-19 12:02:19,843 [java.util.concurrent.ThreadPoolExecutor$Worker@3540f9e3[State = -1, empty queue]] WARN  server.GrpcLogAppender (GrpcLogAppender.java:timeoutAppendRequest(200)) - a729cdbd-f787-49c0-8e2c-44f1fb27cdba@group-A9823C1EF766->ccaa8f46-a720-4c9d-b367-b8e62fb2ca31-GrpcLogAppender: appendEntries Timeout, request=a729cdbd-f787-49c0-8e2c-44f1fb27cdba->ccaa8f46-a720-4c9d-b367-b8e62fb2ca31#176-t2, previous=(t:2, i:19), leaderCommit=15, initializing? false, entries: <empty>
2019-09-19 12:02:20,083 [java.util.concurrent.ThreadPoolExecutor$Worker@41e0e92[State = -1, empty queue]] WARN  server.GrpcLogAppender (GrpcLogAppender.java:timeoutAppendRequest(200)) - 0f3ef5c5-216f-4603-9049-7f6477ca6f67@group-E57B62D150CC->ccd7891f-abf2-4840-bcfd-f7d46dfca276-GrpcLogAppender: appendEntries Timeout, request=0f3ef5c5-216f-4603-9049-7f6477ca6f67->ccd7891f-abf2-4840-bcfd-f7d46dfca276#175-t2, previous=(t:2, i:18), leaderCommit=14, initializing? false, entries: <empty>
2019-09-19 12:02:20,096 [grpc-default-executor-3] WARN  server.GrpcLogAppender (LogUtils.java:warn(134)) - 0f3ef5c5-216f-4603-9049-7f6477ca6f67@group-E57B62D150CC->0eafe25b-eef3-4e6e-962a-cfdd69f48960-AppendLogResponseHandler: Failed appendEntries: org.apache.ratis.thirdparty.io.grpc.StatusRuntimeException: UNAVAILABLE: io exception
2019-09-19 12:02:20,097 [grpc-default-executor-3] INFO  impl.FollowerInfo (FollowerInfo.java:lambda$new$0(51)) - 0f3ef5c5-216f-4603-9049-7f6477ca6f67@group-E57B62D150CC->0eafe25b-eef3-4e6e-962a-cfdd69f48960: nextIndex: updateUnconditionally 8 -> 7
2019-09-19 12:02:20,343 [java.util.concurrent.ThreadPoolExecutor$Worker@3e8d0eb4[State = -1, empty queue]] WARN  server.GrpcLogAppender (GrpcLogAppender.java:timeoutAppendRequest(200)) - a729cdbd-f787-49c0-8e2c-44f1fb27cdba@group-A9823C1EF766->7d946ca7-a873-4723-b723-9ddee89d0bc7-GrpcLogAppender: appendEntries Timeout, request=a729cdbd-f787-49c0-8e2c-44f1fb27cdba->7d946ca7-a873-4723-b723-9ddee89d0bc7#177-t2, previous=(t:2, i:19), leaderCommit=15, initializing? false, entries: <empty>
2019-09-19 12:02:20,343 [java.util.concurrent.ThreadPoolExecutor$Worker@3540f9e3[State = -1, empty queue]] WARN  server.GrpcLogAppender (GrpcLogAppender.java:timeoutAppendRequest(200)) - a729cdbd-f787-49c0-8e2c-44f1fb27cdba@group-A9823C1EF766->ccaa8f46-a720-4c9d-b367-b8e62fb2ca31-GrpcLogAppender: appendEntries Timeout, request=a729cdbd-f787-49c0-8e2c-44f1fb27cdba->ccaa8f46-a720-4c9d-b367-b8e62fb2ca31#177-t2, previous=(t:2, i:19), leaderCommit=15, initializing? false, entries: <empty>
2019-09-19 12:02:20,583 [java.util.concurrent.ThreadPoolExecutor$Worker@41e0e92[State = -1, empty queue]] WARN  server.GrpcLogAppender (GrpcLogAppender.java:timeoutAppendRequest(200)) - 0f3ef5c5-216f-4603-9049-7f6477ca6f67@group-E57B62D150CC->ccd7891f-abf2-4840-bcfd-f7d46dfca276-GrpcLogAppender: appendEntries Timeout, request=0f3ef5c5-216f-4603-9049-7f6477ca6f67->ccd7891f-abf2-4840-bcfd-f7d46dfca276#176-t2, previous=(t:2, i:18), leaderCommit=14, initializing? false, entries: <empty>
2019-09-19 12:02:20,595 [grpc-default-executor-1] WARN  server.GrpcLogAppender (LogUtils.java:warn(134)) - 0f3ef5c5-216f-4603-9049-7f6477ca6f67@group-E57B62D150CC->0eafe25b-eef3-4e6e-962a-cfdd69f48960-AppendLogResponseHandler: Failed appendEntries: org.apache.ratis.thirdparty.io.grpc.StatusRuntimeException: UNAVAILABLE: io exception
2019-09-19 12:02:20,596 [grpc-default-executor-1] INFO  impl.FollowerInfo (FollowerInfo.java:lambda$new$0(51)) - 0f3ef5c5-216f-4603-9049-7f6477ca6f67@group-E57B62D150CC->0eafe25b-eef3-4e6e-962a-cfdd69f48960: nextIndex: updateUnconditionally 7 -> 6
2019-09-19 12:02:20,844 [java.util.concurrent.ThreadPoolExecutor$Worker@3540f9e3[State = -1, empty queue]] WARN  server.GrpcLogAppender (GrpcLogAppender.java:timeoutAppendRequest(200)) - a729cdbd-f787-49c0-8e2c-44f1fb27cdba@group-A9823C1EF766->ccaa8f46-a720-4c9d-b367-b8e62fb2ca31-GrpcLogAppender: appendEntries Timeout, request=a729cdbd-f787-49c0-8e2c-44f1fb27cdba->ccaa8f46-a720-4c9d-b367-b8e62fb2ca31#178-t2, previous=(t:2, i:19), leaderCommit=15, initializing? false, entries: <empty>
2019-09-19 12:02:20,844 [java.util.concurrent.ThreadPoolExecutor$Worker@3e8d0eb4[State = -1, empty queue]] WARN  server.GrpcLogAppender (GrpcLogAppender.java:timeoutAppendRequest(200)) - a729cdbd-f787-49c0-8e2c-44f1fb27cdba@group-A9823C1EF766->7d946ca7-a873-4723-b723-9ddee89d0bc7-GrpcLogAppender: appendEntries Timeout, request=a729cdbd-f787-49c0-8e2c-44f1fb27cdba->7d946ca7-a873-4723-b723-9ddee89d0bc7#178-t2, previous=(t:2, i:19), leaderCommit=15, initializing? false, entries: <empty>
2019-09-19 12:02:21,084 [java.util.concurrent.ThreadPoolExecutor$Worker@41e0e92[State = -1, empty queue]] WARN  server.GrpcLogAppender (GrpcLogAppender.java:timeoutAppendRequest(200)) - 0f3ef5c5-216f-4603-9049-7f6477ca6f67@group-E57B62D150CC->ccd7891f-abf2-4840-bcfd-f7d46dfca276-GrpcLogAppender: appendEntries Timeout, request=0f3ef5c5-216f-4603-9049-7f6477ca6f67->ccd7891f-abf2-4840-bcfd-f7d46dfca276#177-t2, previous=(t:2, i:18), leaderCommit=14, initializing? false, entries: <empty>
2019-09-19 12:02:21,097 [grpc-default-executor-3] WARN  server.GrpcLogAppender (LogUtils.java:warn(134)) - 0f3ef5c5-216f-4603-9049-7f6477ca6f67@group-E57B62D150CC->0eafe25b-eef3-4e6e-962a-cfdd69f48960-AppendLogResponseHandler: Failed appendEntries: org.apache.ratis.thirdparty.io.grpc.StatusRuntimeException: UNAVAILABLE: io exception
2019-09-19 12:02:21,098 [grpc-default-executor-3] INFO  impl.FollowerInfo (FollowerInfo.java:lambda$new$0(51)) - 0f3ef5c5-216f-4603-9049-7f6477ca6f67@group-E57B62D150CC->0eafe25b-eef3-4e6e-962a-cfdd69f48960: nextIndex: updateUnconditionally 6 -> 5
2019-09-19 12:02:21,344 [java.util.concurrent.ThreadPoolExecutor$Worker@3e8d0eb4[State = -1, empty queue]] WARN  server.GrpcLogAppender (GrpcLogAppender.java:timeoutAppendRequest(200)) - a729cdbd-f787-49c0-8e2c-44f1fb27cdba@group-A9823C1EF766->7d946ca7-a873-4723-b723-9ddee89d0bc7-GrpcLogAppender: appendEntries Timeout, request=a729cdbd-f787-49c0-8e2c-44f1fb27cdba->7d946ca7-a873-4723-b723-9ddee89d0bc7#179-t2, previous=(t:2, i:19), leaderCommit=15, initializing? false, entries: <empty>
2019-09-19 12:02:21,344 [java.util.concurrent.ThreadPoolExecutor$Worker@3540f9e3[State = -1, empty queue]] WARN  server.GrpcLogAppender (GrpcLogAppender.java:timeoutAppendRequest(200)) - a729cdbd-f787-49c0-8e2c-44f1fb27cdba@group-A9823C1EF766->ccaa8f46-a720-4c9d-b367-b8e62fb2ca31-GrpcLogAppender: appendEntries Timeout, request=a729cdbd-f787-49c0-8e2c-44f1fb27cdba->ccaa8f46-a720-4c9d-b367-b8e62fb2ca31#179-t2, previous=(t:2, i:19), leaderCommit=15, initializing? false, entries: <empty>
2019-09-19 12:02:21,584 [java.util.concurrent.ThreadPoolExecutor$Worker@41e0e92[State = -1, empty queue]] WARN  server.GrpcLogAppender (GrpcLogAppender.java:timeoutAppendRequest(200)) - 0f3ef5c5-216f-4603-9049-7f6477ca6f67@group-E57B62D150CC->ccd7891f-abf2-4840-bcfd-f7d46dfca276-GrpcLogAppender: appendEntries Timeout, request=0f3ef5c5-216f-4603-9049-7f6477ca6f67->ccd7891f-abf2-4840-bcfd-f7d46dfca276#178-t2, previous=(t:2, i:18), leaderCommit=14, initializing? false, entries: <empty>
2019-09-19 12:02:21,598 [grpc-default-executor-1] WARN  server.GrpcLogAppender (LogUtils.java:warn(134)) - 0f3ef5c5-216f-4603-9049-7f6477ca6f67@group-E57B62D150CC->0eafe25b-eef3-4e6e-962a-cfdd69f48960-AppendLogResponseHandler: Failed appendEntries: org.apache.ratis.thirdparty.io.grpc.StatusRuntimeException: UNAVAILABLE: io exception
2019-09-19 12:02:21,599 [grpc-default-executor-1] INFO  impl.FollowerInfo (FollowerInfo.java:lambda$new$0(51)) - 0f3ef5c5-216f-4603-9049-7f6477ca6f67@group-E57B62D150CC->0eafe25b-eef3-4e6e-962a-cfdd69f48960: nextIndex: updateUnconditionally 5 -> 4
2019-09-19 12:02:21,605 [ForkJoinPool.commonPool-worker-1] INFO  ozoneimpl.OzoneContainer (OzoneContainer.java:stop(231)) - Attempting to stop container services.
2019-09-19 12:02:21,606 [ForkJoinPool.commonPool-worker-1] INFO  impl.RaftServerProxy (RaftServerProxy.java:lambda$close$4(314)) - a729cdbd-f787-49c0-8e2c-44f1fb27cdba: close
2019-09-19 12:02:21,606 [ForkJoinPool.commonPool-worker-1] INFO  impl.RaftServerImpl (RaftServerImpl.java:lambda$shutdown$3(251)) - a729cdbd-f787-49c0-8e2c-44f1fb27cdba@group-CB904ECECA12: shutdown
2019-09-19 12:02:21,606 [ForkJoinPool.commonPool-worker-1] INFO  util.JmxRegister (JmxRegister.java:unregister(73)) - Successfully un-registered JMX Bean with object name Ratis:service=RaftServer,group=group-CB904ECECA12,id=a729cdbd-f787-49c0-8e2c-44f1fb27cdba
2019-09-19 12:02:21,607 [ForkJoinPool.commonPool-worker-1] INFO  impl.RoleInfo (RoleInfo.java:shutdownLeaderState(104)) - a729cdbd-f787-49c0-8e2c-44f1fb27cdba: shutdown LeaderState
2019-09-19 12:02:21,607 [ForkJoinPool.commonPool-worker-1] INFO  impl.PendingRequests (PendingRequests.java:sendNotLeaderResponses(202)) - a729cdbd-f787-49c0-8e2c-44f1fb27cdba-PendingRequests: sendNotLeaderResponses
2019-09-19 12:02:21,607 [ForkJoinPool.commonPool-worker-1] INFO  impl.StateMachineUpdater (StateMachineUpdater.java:stopAndJoin(125)) - a729cdbd-f787-49c0-8e2c-44f1fb27cdba@group-CB904ECECA12-StateMachineUpdater: set stopIndex = 0
2019-09-19 12:02:21,608 [ForkJoinPool.commonPool-worker-1] INFO  impl.RaftServerImpl (ServerState.java:close(385)) - a729cdbd-f787-49c0-8e2c-44f1fb27cdba@group-CB904ECECA12: closes. applyIndex: 0
2019-09-19 12:02:21,608 [a729cdbd-f787-49c0-8e2c-44f1fb27cdba@group-CB904ECECA12-SegmentedRaftLogWorker] INFO  segmented.SegmentedRaftLogWorker (SegmentedRaftLogWorker.java:run(313)) - a729cdbd-f787-49c0-8e2c-44f1fb27cdba@group-CB904ECECA12-SegmentedRaftLogWorker was interrupted, exiting. There are 0 tasks remaining in the queue.
2019-09-19 12:02:21,610 [ForkJoinPool.commonPool-worker-1] INFO  segmented.SegmentedRaftLogWorker (SegmentedRaftLogWorker.java:close(228)) - a729cdbd-f787-49c0-8e2c-44f1fb27cdba@group-CB904ECECA12-SegmentedRaftLogWorker close()
2019-09-19 12:02:21,614 [ForkJoinPool.commonPool-worker-1] INFO  impl.RaftServerImpl (RaftServerImpl.java:lambda$shutdown$3(251)) - a729cdbd-f787-49c0-8e2c-44f1fb27cdba@group-A9823C1EF766: shutdown
2019-09-19 12:02:21,614 [ForkJoinPool.commonPool-worker-1] INFO  util.JmxRegister (JmxRegister.java:unregister(73)) - Successfully un-registered JMX Bean with object name Ratis:service=RaftServer,group=group-A9823C1EF766,id=a729cdbd-f787-49c0-8e2c-44f1fb27cdba
2019-09-19 12:02:21,614 [ForkJoinPool.commonPool-worker-1] INFO  impl.RoleInfo (RoleInfo.java:shutdownLeaderState(104)) - a729cdbd-f787-49c0-8e2c-44f1fb27cdba: shutdown LeaderState
2019-09-19 12:02:21,618 [ForkJoinPool.commonPool-worker-1] INFO  impl.PendingRequests (PendingRequests.java:sendNotLeaderResponses(202)) - a729cdbd-f787-49c0-8e2c-44f1fb27cdba-PendingRequests: sendNotLeaderResponses
2019-09-19 12:02:21,618 [main] INFO  ozoneimpl.OzoneContainer (OzoneContainer.java:stop(231)) - Attempting to stop container services.
2019-09-19 12:02:21,618 [org.apache.ratis.server.impl.LogAppender$AppenderDaemon$$Lambda$539/871233349@2be49196] WARN  server.GrpcLogAppender (GrpcLogAppender.java:mayWait(143)) - a729cdbd-f787-49c0-8e2c-44f1fb27cdba@group-A9823C1EF766->7d946ca7-a873-4723-b723-9ddee89d0bc7-GrpcLogAppender: Wait interrupted by java.lang.InterruptedException
2019-09-19 12:02:21,618 [org.apache.ratis.server.impl.LogAppender$AppenderDaemon$$Lambda$539/871233349@7f521668] WARN  server.GrpcLogAppender (GrpcLogAppender.java:mayWait(143)) - a729cdbd-f787-49c0-8e2c-44f1fb27cdba@group-A9823C1EF766->ccaa8f46-a720-4c9d-b367-b8e62fb2ca31-GrpcLogAppender: Wait interrupted by java.lang.InterruptedException
2019-09-19 12:02:21,619 [main] INFO  impl.RaftServerProxy (RaftServerProxy.java:lambda$close$4(314)) - ccd7891f-abf2-4840-bcfd-f7d46dfca276: close
2019-09-19 12:02:21,619 [main] INFO  impl.RaftServerImpl (RaftServerImpl.java:lambda$shutdown$3(251)) - ccd7891f-abf2-4840-bcfd-f7d46dfca276@group-E57B62D150CC: shutdown
2019-09-19 12:02:21,620 [main] INFO  util.JmxRegister (JmxRegister.java:unregister(73)) - Successfully un-registered JMX Bean with object name Ratis:service=RaftServer,group=group-E57B62D150CC,id=ccd7891f-abf2-4840-bcfd-f7d46dfca276
2019-09-19 12:02:21,620 [grpc-default-executor-1] INFO  server.GrpcServerProtocolService (GrpcServerProtocolService.java:onCompleted(113)) - 7d946ca7-a873-4723-b723-9ddee89d0bc7: Completed APPEND_ENTRIES, lastRequest: a729cdbd-f787-49c0-8e2c-44f1fb27cdba->7d946ca7-a873-4723-b723-9ddee89d0bc7#185-t2, previous=(t:2, i:19), leaderCommit=15, initializing? false, entries: <empty>
2019-09-19 12:02:21,620 [main] INFO  impl.RoleInfo (RoleInfo.java:shutdownFollowerState(121)) - ccd7891f-abf2-4840-bcfd-f7d46dfca276: shutdown FollowerState
2019-09-19 12:02:21,624 [ForkJoinPool.commonPool-worker-1] INFO  impl.StateMachineUpdater (StateMachineUpdater.java:stopAndJoin(125)) - a729cdbd-f787-49c0-8e2c-44f1fb27cdba@group-A9823C1EF766-StateMachineUpdater: set stopIndex = 15
2019-09-19 12:02:21,624 [grpc-default-executor-3] INFO  server.GrpcServerProtocolService (GrpcServerProtocolService.java:onCompleted(113)) - ccaa8f46-a720-4c9d-b367-b8e62fb2ca31: Completed APPEND_ENTRIES, lastRequest: a729cdbd-f787-49c0-8e2c-44f1fb27cdba->ccaa8f46-a720-4c9d-b367-b8e62fb2ca31#185-t2, previous=(t:2, i:19), leaderCommit=15, initializing? false, entries: <empty>
2019-09-19 12:02:21,624 [ccd7891f-abf2-4840-bcfd-f7d46dfca276@group-E57B62D150CC-StateMachineUpdater] INFO  ratis.ContainerStateMachine (ContainerStateMachine.java:takeSnapshot(289)) - group-E57B62D150CC: Taking a snapshot at:(t:2, i:12) file /workdir/hadoop-ozone/integration-test/target/test-dir/MiniOzoneClusterImpl-d8add679-7105-42f6-bf2c-18911ac53160/datanode-6/data/ratis/a625de63-8597-4c04-b87b-e57b62d150cc/sm/snapshot.2_12
2019-09-19 12:02:21,624 [Thread-425] INFO  impl.FollowerState (FollowerState.java:run(115)) - ccd7891f-abf2-4840-bcfd-f7d46dfca276: FollowerState was interrupted: java.lang.InterruptedException: sleep interrupted
2019-09-19 12:02:21,624 [a729cdbd-f787-49c0-8e2c-44f1fb27cdba@group-A9823C1EF766-StateMachineUpdater] INFO  ratis.ContainerStateMachine (ContainerStateMachine.java:takeSnapshot(289)) - group-A9823C1EF766: Taking a snapshot at:(t:2, i:13) file /workdir/hadoop-ozone/integration-test/target/test-dir/MiniOzoneClusterImpl-d8add679-7105-42f6-bf2c-18911ac53160/datanode-4/data/ratis/8f57a7dd-98e2-41d5-9d7d-a9823c1ef766/sm/snapshot.2_13
2019-09-19 12:02:21,624 [main] INFO  impl.StateMachineUpdater (StateMachineUpdater.java:stopAndJoin(125)) - ccd7891f-abf2-4840-bcfd-f7d46dfca276@group-E57B62D150CC-StateMachineUpdater: set stopIndex = 14
2019-09-19 12:02:21,627 [grpc-default-executor-1] INFO  server.GrpcLogAppender (GrpcLogAppender.java:onCompleted(293)) - a729cdbd-f787-49c0-8e2c-44f1fb27cdba@group-A9823C1EF766->ccaa8f46-a720-4c9d-b367-b8e62fb2ca31-AppendLogResponseHandler: follower responses appendEntries COMPLETED
2019-09-19 12:02:21,627 [grpc-default-executor-3] INFO  server.GrpcLogAppender (GrpcLogAppender.java:onCompleted(293)) - a729cdbd-f787-49c0-8e2c-44f1fb27cdba@group-A9823C1EF766->7d946ca7-a873-4723-b723-9ddee89d0bc7-AppendLogResponseHandler: follower responses appendEntries COMPLETED
2019-09-19 12:02:21,628 [grpc-default-executor-1] INFO  impl.FollowerInfo (FollowerInfo.java:lambda$new$0(51)) - a729cdbd-f787-49c0-8e2c-44f1fb27cdba@group-A9823C1EF766->ccaa8f46-a720-4c9d-b367-b8e62fb2ca31: nextIndex: updateUnconditionally 20 -> 16
2019-09-19 12:02:21,628 [grpc-default-executor-3] INFO  impl.FollowerInfo (FollowerInfo.java:lambda$new$0(51)) - a729cdbd-f787-49c0-8e2c-44f1fb27cdba@group-A9823C1EF766->7d946ca7-a873-4723-b723-9ddee89d0bc7: nextIndex: updateUnconditionally 20 -> 16
2019-09-19 12:02:21,640 [ccd7891f-abf2-4840-bcfd-f7d46dfca276@group-E57B62D150CC-StateMachineUpdater] INFO  ratis.ContainerStateMachine (ContainerStateMachine.java:takeSnapshot(300)) - group-E57B62D150CC: Finished taking a snapshot at:(t:2, i:12) file:/workdir/hadoop-ozone/integration-test/target/test-dir/MiniOzoneClusterImpl-d8add679-7105-42f6-bf2c-18911ac53160/datanode-6/data/ratis/a625de63-8597-4c04-b87b-e57b62d150cc/sm/snapshot.2_12 time:17
2019-09-19 12:02:21,640 [a729cdbd-f787-49c0-8e2c-44f1fb27cdba@group-A9823C1EF766-StateMachineUpdater] INFO  ratis.ContainerStateMachine (ContainerStateMachine.java:takeSnapshot(300)) - group-A9823C1EF766: Finished taking a snapshot at:(t:2, i:13) file:/workdir/hadoop-ozone/integration-test/target/test-dir/MiniOzoneClusterImpl-d8add679-7105-42f6-bf2c-18911ac53160/datanode-4/data/ratis/8f57a7dd-98e2-41d5-9d7d-a9823c1ef766/sm/snapshot.2_13 time:17
2019-09-19 12:02:21,640 [ccd7891f-abf2-4840-bcfd-f7d46dfca276@group-E57B62D150CC-StateMachineUpdater] INFO  impl.StateMachineUpdater (StateMachineUpdater.java:takeSnapshot(258)) - ccd7891f-abf2-4840-bcfd-f7d46dfca276@group-E57B62D150CC-StateMachineUpdater: Took a snapshot at index 12
2019-09-19 12:02:21,641 [a729cdbd-f787-49c0-8e2c-44f1fb27cdba@group-A9823C1EF766-StateMachineUpdater] INFO  impl.StateMachineUpdater (StateMachineUpdater.java:takeSnapshot(258)) - a729cdbd-f787-49c0-8e2c-44f1fb27cdba@group-A9823C1EF766-StateMachineUpdater: Took a snapshot at index 13
2019-09-19 12:02:21,641 [ccd7891f-abf2-4840-bcfd-f7d46dfca276@group-E57B62D150CC-StateMachineUpdater] INFO  impl.StateMachineUpdater (StateMachineUpdater.java:lambda$new$0(83)) - ccd7891f-abf2-4840-bcfd-f7d46dfca276@group-E57B62D150CC-StateMachineUpdater: snapshotIndex: updateIncreasingly -1 -> 12
2019-09-19 12:02:21,641 [a729cdbd-f787-49c0-8e2c-44f1fb27cdba@group-A9823C1EF766-StateMachineUpdater] INFO  impl.StateMachineUpdater (StateMachineUpdater.java:lambda$new$0(83)) - a729cdbd-f787-49c0-8e2c-44f1fb27cdba@group-A9823C1EF766-StateMachineUpdater: snapshotIndex: updateIncreasingly -1 -> 13
2019-09-19 12:02:21,642 [a729cdbd-f787-49c0-8e2c-44f1fb27cdba@group-A9823C1EF766-StateMachineUpdater] INFO  ratis.ContainerStateMachine (ContainerStateMachine.java:takeSnapshot(289)) - group-A9823C1EF766: Taking a snapshot at:(t:2, i:13) file /workdir/hadoop-ozone/integration-test/target/test-dir/MiniOzoneClusterImpl-d8add679-7105-42f6-bf2c-18911ac53160/datanode-4/data/ratis/8f57a7dd-98e2-41d5-9d7d-a9823c1ef766/sm/snapshot.2_13
2019-09-19 12:02:21,642 [ccd7891f-abf2-4840-bcfd-f7d46dfca276@group-E57B62D150CC-StateMachineUpdater] INFO  ratis.ContainerStateMachine (ContainerStateMachine.java:takeSnapshot(289)) - group-E57B62D150CC: Taking a snapshot at:(t:2, i:12) file /workdir/hadoop-ozone/integration-test/target/test-dir/MiniOzoneClusterImpl-d8add679-7105-42f6-bf2c-18911ac53160/datanode-6/data/ratis/a625de63-8597-4c04-b87b-e57b62d150cc/sm/snapshot.2_12
2019-09-19 12:02:21,654 [ccd7891f-abf2-4840-bcfd-f7d46dfca276@group-E57B62D150CC-StateMachineUpdater] INFO  ratis.ContainerStateMachine (ContainerStateMachine.java:takeSnapshot(300)) - group-E57B62D150CC: Finished taking a snapshot at:(t:2, i:12) file:/workdir/hadoop-ozone/integration-test/target/test-dir/MiniOzoneClusterImpl-d8add679-7105-42f6-bf2c-18911ac53160/datanode-6/data/ratis/a625de63-8597-4c04-b87b-e57b62d150cc/sm/snapshot.2_12 time:13
2019-09-19 12:02:21,654 [a729cdbd-f787-49c0-8e2c-44f1fb27cdba@group-A9823C1EF766-StateMachineUpdater] INFO  ratis.ContainerStateMachine (ContainerStateMachine.java:takeSnapshot(300)) - group-A9823C1EF766: Finished taking a snapshot at:(t:2, i:13) file:/workdir/hadoop-ozone/integration-test/target/test-dir/MiniOzoneClusterImpl-d8add679-7105-42f6-bf2c-18911ac53160/datanode-4/data/ratis/8f57a7dd-98e2-41d5-9d7d-a9823c1ef766/sm/snapshot.2_13 time:13
2019-09-19 12:02:21,655 [ccd7891f-abf2-4840-bcfd-f7d46dfca276@group-E57B62D150CC-StateMachineUpdater] INFO  impl.StateMachineUpdater (StateMachineUpdater.java:takeSnapshot(258)) - ccd7891f-abf2-4840-bcfd-f7d46dfca276@group-E57B62D150CC-StateMachineUpdater: Took a snapshot at index 12
2019-09-19 12:02:21,655 [a729cdbd-f787-49c0-8e2c-44f1fb27cdba@group-A9823C1EF766-StateMachineUpdater] INFO  impl.StateMachineUpdater (StateMachineUpdater.java:takeSnapshot(258)) - a729cdbd-f787-49c0-8e2c-44f1fb27cdba@group-A9823C1EF766-StateMachineUpdater: Took a snapshot at index 13
2019-09-19 12:02:21,655 [ccd7891f-abf2-4840-bcfd-f7d46dfca276@group-E57B62D150CC-StateMachineUpdater] INFO  impl.StateMachineUpdater (StateMachineUpdater.java:lambda$new$0(83)) - ccd7891f-abf2-4840-bcfd-f7d46dfca276@group-E57B62D150CC-StateMachineUpdater: snapshotIndex: updateIncreasingly 12 -> 12
2019-09-19 12:02:21,655 [a729cdbd-f787-49c0-8e2c-44f1fb27cdba@group-A9823C1EF766-StateMachineUpdater] INFO  impl.StateMachineUpdater (StateMachineUpdater.java:lambda$new$0(83)) - a729cdbd-f787-49c0-8e2c-44f1fb27cdba@group-A9823C1EF766-StateMachineUpdater: snapshotIndex: updateIncreasingly 13 -> 13
2019-09-19 12:02:21,655 [main] INFO  impl.RaftServerImpl (ServerState.java:close(385)) - ccd7891f-abf2-4840-bcfd-f7d46dfca276@group-E57B62D150CC: closes. applyIndex: 14
2019-09-19 12:02:21,655 [ForkJoinPool.commonPool-worker-1] INFO  impl.RaftServerImpl (ServerState.java:close(385)) - a729cdbd-f787-49c0-8e2c-44f1fb27cdba@group-A9823C1EF766: closes. applyIndex: 15
2019-09-19 12:02:21,659 [ccd7891f-abf2-4840-bcfd-f7d46dfca276@group-E57B62D150CC-SegmentedRaftLogWorker] ERROR ratis.XceiverServerRatis (XceiverServerRatis.java:triggerPipelineClose(568)) - pipeline Action CLOSE  on pipeline PipelineID=a625de63-8597-4c04-b87b-e57b62d150cc.Reason : WriteLog:15: (t:2, i:15), STATEMACHINELOGENTRY, client-4CC87BB336E7, cid=51-writeStateMachineData interrupted.
2019-09-19 12:02:21,659 [a729cdbd-f787-49c0-8e2c-44f1fb27cdba@group-A9823C1EF766-SegmentedRaftLogWorker] ERROR ratis.XceiverServerRatis (XceiverServerRatis.java:triggerPipelineClose(568)) - pipeline Action CLOSE  on pipeline PipelineID=8f57a7dd-98e2-41d5-9d7d-a9823c1ef766.Reason : WriteLog:18: (t:2, i:18), STATEMACHINELOGENTRY, client-E7F445D3456E, cid=39-writeStateMachineData interrupted.
2019-09-19 12:02:21,674 [main] INFO  segmented.SegmentedRaftLogWorker (SegmentedRaftLogWorker.java:close(228)) - ccd7891f-abf2-4840-bcfd-f7d46dfca276@group-E57B62D150CC-SegmentedRaftLogWorker close()
2019-09-19 12:02:21,674 [ForkJoinPool.commonPool-worker-1] INFO  segmented.SegmentedRaftLogWorker (SegmentedRaftLogWorker.java:close(228)) - a729cdbd-f787-49c0-8e2c-44f1fb27cdba@group-A9823C1EF766-SegmentedRaftLogWorker close()
2019-09-19 12:02:21,676 [main] INFO  impl.RaftServerImpl (RaftServerImpl.java:lambda$shutdown$3(251)) - ccd7891f-abf2-4840-bcfd-f7d46dfca276@group-F7932203CDFA: shutdown
2019-09-19 12:02:21,678 [ForkJoinPool.commonPool-worker-1] INFO  server.GrpcService (GrpcService.java:closeImpl(164)) - a729cdbd-f787-49c0-8e2c-44f1fb27cdba: shutdown server with port 46503 now
2019-09-19 12:02:21,679 [main] INFO  util.JmxRegister (JmxRegister.java:unregister(73)) - Successfully un-registered JMX Bean with object name Ratis:service=RaftServer,group=group-F7932203CDFA,id=ccd7891f-abf2-4840-bcfd-f7d46dfca276
2019-09-19 12:02:21,679 [main] INFO  impl.RoleInfo (RoleInfo.java:shutdownLeaderState(104)) - ccd7891f-abf2-4840-bcfd-f7d46dfca276: shutdown LeaderState
2019-09-19 12:02:21,680 [ForkJoinPool.commonPool-worker-1] INFO  server.GrpcService (GrpcService.java:closeImpl(172)) - a729cdbd-f787-49c0-8e2c-44f1fb27cdba: shutdown server with port 46503 successfully
2019-09-19 12:02:21,680 [main] INFO  impl.PendingRequests (PendingRequests.java:sendNotLeaderResponses(202)) - ccd7891f-abf2-4840-bcfd-f7d46dfca276-PendingRequests: sendNotLeaderResponses
2019-09-19 12:02:21,680 [main] INFO  impl.StateMachineUpdater (StateMachineUpdater.java:stopAndJoin(125)) - ccd7891f-abf2-4840-bcfd-f7d46dfca276@group-F7932203CDFA-StateMachineUpdater: set stopIndex = 0
2019-09-19 12:02:21,681 [main] INFO  impl.RaftServerImpl (ServerState.java:close(385)) - ccd7891f-abf2-4840-bcfd-f7d46dfca276@group-F7932203CDFA: closes. applyIndex: 0
2019-09-19 12:02:21,681 [ccd7891f-abf2-4840-bcfd-f7d46dfca276@group-F7932203CDFA-SegmentedRaftLogWorker] INFO  segmented.SegmentedRaftLogWorker (SegmentedRaftLogWorker.java:run(313)) - ccd7891f-abf2-4840-bcfd-f7d46dfca276@group-F7932203CDFA-SegmentedRaftLogWorker was interrupted, exiting. There are 0 tasks remaining in the queue.
2019-09-19 12:02:21,681 [main] INFO  segmented.SegmentedRaftLogWorker (SegmentedRaftLogWorker.java:close(228)) - ccd7891f-abf2-4840-bcfd-f7d46dfca276@group-F7932203CDFA-SegmentedRaftLogWorker close()
2019-09-19 12:02:21,682 [refreshUsed-/workdir/hadoop-ozone/integration-test/target/test-dir/MiniOzoneClusterImpl-d8add679-7105-42f6-bf2c-18911ac53160/datanode-4/data/containers] WARN  fs.CachingGetSpaceUsed (CachingGetSpaceUsed.java:run(183)) - Thread Interrupted waiting to refresh disk information: sleep interrupted
2019-09-19 12:02:21,684 [main] INFO  server.GrpcService (GrpcService.java:closeImpl(164)) - ccd7891f-abf2-4840-bcfd-f7d46dfca276: shutdown server with port 41947 now
2019-09-19 12:02:21,685 [grpc-default-executor-3] WARN  server.GrpcServerProtocolService (LogUtils.java:warn(134)) - ccd7891f-abf2-4840-bcfd-f7d46dfca276: installSnapshot onError, lastRequest: 0f3ef5c5-216f-4603-9049-7f6477ca6f67->ccd7891f-abf2-4840-bcfd-f7d46dfca276#184-t2, previous=(t:2, i:18), leaderCommit=14, initializing? false, entries: <empty>: org.apache.ratis.thirdparty.io.grpc.StatusRuntimeException: CANCELLED: cancelled before receiving half close
2019-09-19 12:02:21,685 [grpc-default-executor-1] WARN  server.GrpcLogAppender (LogUtils.java:warn(134)) - 0f3ef5c5-216f-4603-9049-7f6477ca6f67@group-E57B62D150CC->ccd7891f-abf2-4840-bcfd-f7d46dfca276-AppendLogResponseHandler: Failed appendEntries: org.apache.ratis.thirdparty.io.grpc.StatusRuntimeException: CANCELLED: HTTP/2 error code: CANCEL
Received Rst Stream
2019-09-19 12:02:21,685 [main] INFO  server.GrpcService (GrpcService.java:closeImpl(172)) - ccd7891f-abf2-4840-bcfd-f7d46dfca276: shutdown server with port 41947 successfully
2019-09-19 12:02:21,685 [grpc-default-executor-1] INFO  impl.FollowerInfo (FollowerInfo.java:lambda$new$0(51)) - 0f3ef5c5-216f-4603-9049-7f6477ca6f67@group-E57B62D150CC->ccd7891f-abf2-4840-bcfd-f7d46dfca276: nextIndex: updateUnconditionally 19 -> 15
2019-09-19 12:02:21,862 [refreshUsed-/workdir/hadoop-ozone/integration-test/target/test-dir/MiniOzoneClusterImpl-d8add679-7105-42f6-bf2c-18911ac53160/datanode-6/data/containers] WARN  fs.CachingGetSpaceUsed (CachingGetSpaceUsed.java:run(183)) - Thread Interrupted waiting to refresh disk information: sleep interrupted
2019-09-19 12:02:21,903 [ForkJoinPool.commonPool-worker-1] INFO  utils.BackgroundService (BackgroundService.java:shutdown(148)) - Shutting down service BlockDeletingService
2019-09-19 12:02:21,912 [ForkJoinPool.commonPool-worker-1] INFO  statemachine.DatanodeStateMachine (DatanodeStateMachine.java:stopDaemon(395)) - Ozone container server stopped.
2019-09-19 12:02:21,918 [main] INFO  utils.BackgroundService (BackgroundService.java:shutdown(148)) - Shutting down service BlockDeletingService
2019-09-19 12:02:21,921 [ForkJoinPool.commonPool-worker-1] INFO  handler.ContextHandler (ContextHandler.java:doStop(910)) - Stopped o.e.j.w.WebAppContext@a5272be{/,null,UNAVAILABLE}{/hddsDatanode}
2019-09-19 12:02:21,929 [main] INFO  statemachine.DatanodeStateMachine (DatanodeStateMachine.java:stopDaemon(395)) - Ozone container server stopped.
2019-09-19 12:02:21,929 [ForkJoinPool.commonPool-worker-1] INFO  server.AbstractConnector (AbstractConnector.java:doStop(318)) - Stopped ServerConnector@58ba5b30{HTTP/1.1,[http/1.1]}{0.0.0.0:0}
2019-09-19 12:02:21,932 [ForkJoinPool.commonPool-worker-1] INFO  handler.ContextHandler (ContextHandler.java:doStop(910)) - Stopped o.e.j.s.ServletContextHandler@22eaa86e{/static,jar:file:/home/user/.m2/repository/org/apache/hadoop/hadoop-hdds-container-service/0.5.0-SNAPSHOT/hadoop-hdds-container-service-0.5.0-SNAPSHOT.jar!/webapps/static,UNAVAILABLE}
2019-09-19 12:02:21,932 [main] INFO  handler.ContextHandler (ContextHandler.java:doStop(910)) - Stopped o.e.j.w.WebAppContext@3e3315d9{/,null,UNAVAILABLE}{/hddsDatanode}
2019-09-19 12:02:21,935 [ForkJoinPool.commonPool-worker-1] INFO  handler.ContextHandler (ContextHandler.java:doStop(910)) - Stopped o.e.j.s.ServletContextHandler@333c8791{/logs,file:///workdir/hadoop-ozone/integration-test/target/log,UNAVAILABLE}
2019-09-19 12:02:21,935 [main] INFO  server.AbstractConnector (AbstractConnector.java:doStop(318)) - Stopped ServerConnector@64db4967{HTTP/1.1,[http/1.1]}{0.0.0.0:0}
2019-09-19 12:02:21,935 [main] INFO  handler.ContextHandler (ContextHandler.java:doStop(910)) - Stopped o.e.j.s.ServletContextHandler@7f5538a1{/static,jar:file:/home/user/.m2/repository/org/apache/hadoop/hadoop-hdds-container-service/0.5.0-SNAPSHOT/hadoop-hdds-container-service-0.5.0-SNAPSHOT.jar!/webapps/static,UNAVAILABLE}
2019-09-19 12:02:21,936 [main] INFO  handler.ContextHandler (ContextHandler.java:doStop(910)) - Stopped o.e.j.s.ServletContextHandler@67514bdd{/logs,file:///workdir/hadoop-ozone/integration-test/target/log,UNAVAILABLE}
2019-09-19 12:02:22,090 [grpc-default-executor-3] WARN  server.GrpcLogAppender (LogUtils.java:warn(134)) - 0f3ef5c5-216f-4603-9049-7f6477ca6f67@group-E57B62D150CC->ccd7891f-abf2-4840-bcfd-f7d46dfca276-AppendLogResponseHandler: Failed appendEntries: org.apache.ratis.thirdparty.io.grpc.StatusRuntimeException: UNAVAILABLE: io exception
2019-09-19 12:02:22,091 [grpc-default-executor-3] INFO  impl.FollowerInfo (FollowerInfo.java:lambda$new$0(51)) - 0f3ef5c5-216f-4603-9049-7f6477ca6f67@group-E57B62D150CC->ccd7891f-abf2-4840-bcfd-f7d46dfca276: nextIndex: updateUnconditionally 15 -> 14
2019-09-19 12:02:22,098 [grpc-default-executor-4] WARN  server.GrpcLogAppender (LogUtils.java:warn(134)) - 0f3ef5c5-216f-4603-9049-7f6477ca6f67@group-E57B62D150CC->0eafe25b-eef3-4e6e-962a-cfdd69f48960-AppendLogResponseHandler: Failed appendEntries: org.apache.ratis.thirdparty.io.grpc.StatusRuntimeException: UNAVAILABLE: io exception
2019-09-19 12:02:22,098 [grpc-default-executor-4] INFO  impl.FollowerInfo (FollowerInfo.java:lambda$new$0(51)) - 0f3ef5c5-216f-4603-9049-7f6477ca6f67@group-E57B62D150CC->0eafe25b-eef3-4e6e-962a-cfdd69f48960: nextIndex: updateUnconditionally 4 -> 3
2019-09-19 12:02:22,591 [grpc-default-executor-3] WARN  server.GrpcLogAppender (LogUtils.java:warn(134)) - 0f3ef5c5-216f-4603-9049-7f6477ca6f67@group-E57B62D150CC->ccd7891f-abf2-4840-bcfd-f7d46dfca276-AppendLogResponseHandler: Failed appendEntries: org.apache.ratis.thirdparty.io.grpc.StatusRuntimeException: UNAVAILABLE: io exception
2019-09-19 12:02:22,591 [grpc-default-executor-3] INFO  impl.FollowerInfo (FollowerInfo.java:lambda$new$0(51)) - 0f3ef5c5-216f-4603-9049-7f6477ca6f67@group-E57B62D150CC->ccd7891f-abf2-4840-bcfd-f7d46dfca276: nextIndex: updateUnconditionally 14 -> 13
2019-09-19 12:02:22,599 [grpc-default-executor-3] WARN  server.GrpcLogAppender (LogUtils.java:warn(134)) - 0f3ef5c5-216f-4603-9049-7f6477ca6f67@group-E57B62D150CC->0eafe25b-eef3-4e6e-962a-cfdd69f48960-AppendLogResponseHandler: Failed appendEntries: org.apache.ratis.thirdparty.io.grpc.StatusRuntimeException: UNAVAILABLE: io exception
2019-09-19 12:02:22,599 [grpc-default-executor-3] INFO  impl.FollowerInfo (FollowerInfo.java:lambda$new$0(51)) - 0f3ef5c5-216f-4603-9049-7f6477ca6f67@group-E57B62D150CC->0eafe25b-eef3-4e6e-962a-cfdd69f48960: nextIndex: updateUnconditionally 3 -> 2
2019-09-19 12:02:22,676 [Datanode State Machine Thread - 0] INFO  statemachine.DatanodeStateMachine (DatanodeStateMachine.java:lambda$startDaemon$0(350)) - Ozone container server started.
2019-09-19 12:02:22,678 [Datanode State Machine Thread - 0] INFO  statemachine.DatanodeStateMachine (DatanodeStateMachine.java:lambda$startDaemon$0(350)) - Ozone container server started.
2019-09-19 12:02:23,092 [grpc-default-executor-3] WARN  server.GrpcLogAppender (LogUtils.java:warn(134)) - 0f3ef5c5-216f-4603-9049-7f6477ca6f67@group-E57B62D150CC->ccd7891f-abf2-4840-bcfd-f7d46dfca276-AppendLogResponseHandler: Failed appendEntries: org.apache.ratis.thirdparty.io.grpc.StatusRuntimeException: UNAVAILABLE: io exception
2019-09-19 12:02:23,093 [grpc-default-executor-3] INFO  impl.FollowerInfo (FollowerInfo.java:lambda$new$0(51)) - 0f3ef5c5-216f-4603-9049-7f6477ca6f67@group-E57B62D150CC->ccd7891f-abf2-4840-bcfd-f7d46dfca276: nextIndex: updateUnconditionally 13 -> 12
2019-09-19 12:02:23,099 [grpc-default-executor-3] WARN  server.GrpcLogAppender (LogUtils.java:warn(134)) - 0f3ef5c5-216f-4603-9049-7f6477ca6f67@group-E57B62D150CC->0eafe25b-eef3-4e6e-962a-cfdd69f48960-AppendLogResponseHandler: Failed appendEntries: org.apache.ratis.thirdparty.io.grpc.StatusRuntimeException: UNAVAILABLE: io exception
2019-09-19 12:02:23,099 [grpc-default-executor-3] INFO  impl.FollowerInfo (FollowerInfo.java:lambda$new$0(51)) - 0f3ef5c5-216f-4603-9049-7f6477ca6f67@group-E57B62D150CC->0eafe25b-eef3-4e6e-962a-cfdd69f48960: nextIndex: updateUnconditionally 2 -> 1
2019-09-19 12:02:23,524 [0f3ef5c5-216f-4603-9049-7f6477ca6f67@group-E57B62D150CC-SegmentedRaftLogWorker] WARN  segmented.SegmentedRaftLogWorker (SegmentedRaftLogWorker.java:getFromFuture(90)) - Timeout 5/~
org.apache.ratis.protocol.TimeoutIOException: Timeout 10s: WriteLog:15: (t:2, i:15), STATEMACHINELOGENTRY, client-4CC87BB336E7, cid=51-writeStateMachineData
	at org.apache.ratis.util.IOUtils.getFromFuture(IOUtils.java:87)
	at org.apache.ratis.server.raftlog.segmented.SegmentedRaftLogWorker$StateMachineDataPolicy.getFromFuture(SegmentedRaftLogWorker.java:87)
	at org.apache.ratis.server.raftlog.segmented.SegmentedRaftLogWorker$WriteLog.execute(SegmentedRaftLogWorker.java:477)
	at org.apache.ratis.server.raftlog.segmented.SegmentedRaftLogWorker.run(SegmentedRaftLogWorker.java:289)
	at java.lang.Thread.run(Thread.java:748)
Caused by: java.util.concurrent.TimeoutException
	at java.util.concurrent.CompletableFuture.timedGet(CompletableFuture.java:1771)
	at java.util.concurrent.CompletableFuture.get(CompletableFuture.java:1915)
	at org.apache.ratis.util.IOUtils.getFromFuture(IOUtils.java:79)
	... 4 more
2019-09-19 12:02:23,593 [grpc-default-executor-3] WARN  server.GrpcLogAppender (LogUtils.java:warn(134)) - 0f3ef5c5-216f-4603-9049-7f6477ca6f67@group-E57B62D150CC->ccd7891f-abf2-4840-bcfd-f7d46dfca276-AppendLogResponseHandler: Failed appendEntries: org.apache.ratis.thirdparty.io.grpc.StatusRuntimeException: UNAVAILABLE: io exception
2019-09-19 12:02:23,594 [grpc-default-executor-3] INFO  impl.FollowerInfo (FollowerInfo.java:lambda$new$0(51)) - 0f3ef5c5-216f-4603-9049-7f6477ca6f67@group-E57B62D150CC->ccd7891f-abf2-4840-bcfd-f7d46dfca276: nextIndex: updateUnconditionally 12 -> 11
2019-09-19 12:02:23,600 [grpc-default-executor-3] WARN  server.GrpcLogAppender (LogUtils.java:warn(134)) - 0f3ef5c5-216f-4603-9049-7f6477ca6f67@group-E57B62D150CC->0eafe25b-eef3-4e6e-962a-cfdd69f48960-AppendLogResponseHandler: Failed appendEntries: org.apache.ratis.thirdparty.io.grpc.StatusRuntimeException: UNAVAILABLE: io exception
2019-09-19 12:02:23,600 [grpc-default-executor-3] INFO  impl.FollowerInfo (FollowerInfo.java:lambda$new$0(51)) - 0f3ef5c5-216f-4603-9049-7f6477ca6f67@group-E57B62D150CC->0eafe25b-eef3-4e6e-962a-cfdd69f48960: nextIndex: updateUnconditionally 1 -> 0
2019-09-19 12:02:24,094 [grpc-default-executor-3] WARN  server.GrpcLogAppender (LogUtils.java:warn(134)) - 0f3ef5c5-216f-4603-9049-7f6477ca6f67@group-E57B62D150CC->ccd7891f-abf2-4840-bcfd-f7d46dfca276-AppendLogResponseHandler: Failed appendEntries: org.apache.ratis.thirdparty.io.grpc.StatusRuntimeException: UNAVAILABLE: io exception
2019-09-19 12:02:24,095 [grpc-default-executor-3] INFO  impl.FollowerInfo (FollowerInfo.java:lambda$new$0(51)) - 0f3ef5c5-216f-4603-9049-7f6477ca6f67@group-E57B62D150CC->ccd7891f-abf2-4840-bcfd-f7d46dfca276: nextIndex: updateUnconditionally 11 -> 10
2019-09-19 12:02:24,100 [grpc-default-executor-1] WARN  server.GrpcLogAppender (LogUtils.java:warn(134)) - 0f3ef5c5-216f-4603-9049-7f6477ca6f67@group-E57B62D150CC->0eafe25b-eef3-4e6e-962a-cfdd69f48960-AppendLogResponseHandler: Failed appendEntries: org.apache.ratis.thirdparty.io.grpc.StatusRuntimeException: UNAVAILABLE: io exception
2019-09-19 12:02:24,101 [grpc-default-executor-1] INFO  impl.FollowerInfo (FollowerInfo.java:lambda$new$0(51)) - 0f3ef5c5-216f-4603-9049-7f6477ca6f67@group-E57B62D150CC->0eafe25b-eef3-4e6e-962a-cfdd69f48960: nextIndex: updateUnconditionally 0 -> 0
2019-09-19 12:02:24,599 [grpc-default-executor-1] WARN  server.GrpcLogAppender (LogUtils.java:warn(134)) - 0f3ef5c5-216f-4603-9049-7f6477ca6f67@group-E57B62D150CC->ccd7891f-abf2-4840-bcfd-f7d46dfca276-AppendLogResponseHandler: Failed appendEntries: org.apache.ratis.thirdparty.io.grpc.StatusRuntimeException: UNAVAILABLE: io exception
2019-09-19 12:02:24,600 [grpc-default-executor-1] INFO  impl.FollowerInfo (FollowerInfo.java:lambda$new$0(51)) - 0f3ef5c5-216f-4603-9049-7f6477ca6f67@group-E57B62D150CC->ccd7891f-abf2-4840-bcfd-f7d46dfca276: nextIndex: updateUnconditionally 10 -> 9
2019-09-19 12:02:24,601 [grpc-default-executor-1] WARN  server.GrpcLogAppender (LogUtils.java:warn(134)) - 0f3ef5c5-216f-4603-9049-7f6477ca6f67@group-E57B62D150CC->0eafe25b-eef3-4e6e-962a-cfdd69f48960-AppendLogResponseHandler: Failed appendEntries: org.apache.ratis.thirdparty.io.grpc.StatusRuntimeException: UNAVAILABLE: io exception
2019-09-19 12:02:24,601 [grpc-default-executor-1] INFO  impl.FollowerInfo (FollowerInfo.java:lambda$new$0(51)) - 0f3ef5c5-216f-4603-9049-7f6477ca6f67@group-E57B62D150CC->0eafe25b-eef3-4e6e-962a-cfdd69f48960: nextIndex: updateUnconditionally 0 -> 0
2019-09-19 12:02:25,098 [grpc-default-executor-1] WARN  server.GrpcLogAppender (LogUtils.java:warn(134)) - 0f3ef5c5-216f-4603-9049-7f6477ca6f67@group-E57B62D150CC->ccd7891f-abf2-4840-bcfd-f7d46dfca276-AppendLogResponseHandler: Failed appendEntries: org.apache.ratis.thirdparty.io.grpc.StatusRuntimeException: UNAVAILABLE: io exception
2019-09-19 12:02:25,098 [grpc-default-executor-1] INFO  impl.FollowerInfo (FollowerInfo.java:lambda$new$0(51)) - 0f3ef5c5-216f-4603-9049-7f6477ca6f67@group-E57B62D150CC->ccd7891f-abf2-4840-bcfd-f7d46dfca276: nextIndex: updateUnconditionally 9 -> 8
2019-09-19 12:02:25,101 [grpc-default-executor-4] WARN  server.GrpcLogAppender (LogUtils.java:warn(134)) - 0f3ef5c5-216f-4603-9049-7f6477ca6f67@group-E57B62D150CC->0eafe25b-eef3-4e6e-962a-cfdd69f48960-AppendLogResponseHandler: Failed appendEntries: org.apache.ratis.thirdparty.io.grpc.StatusRuntimeException: UNAVAILABLE: io exception
2019-09-19 12:02:25,102 [grpc-default-executor-4] INFO  impl.FollowerInfo (FollowerInfo.java:lambda$new$0(51)) - 0f3ef5c5-216f-4603-9049-7f6477ca6f67@group-E57B62D150CC->0eafe25b-eef3-4e6e-962a-cfdd69f48960: nextIndex: updateUnconditionally 0 -> 0
2019-09-19 12:02:25,601 [grpc-default-executor-4] WARN  server.GrpcLogAppender (LogUtils.java:warn(134)) - 0f3ef5c5-216f-4603-9049-7f6477ca6f67@group-E57B62D150CC->ccd7891f-abf2-4840-bcfd-f7d46dfca276-AppendLogResponseHandler: Failed appendEntries: org.apache.ratis.thirdparty.io.grpc.StatusRuntimeException: UNAVAILABLE: io exception
2019-09-19 12:02:25,601 [grpc-default-executor-4] INFO  impl.FollowerInfo (FollowerInfo.java:lambda$new$0(51)) - 0f3ef5c5-216f-4603-9049-7f6477ca6f67@group-E57B62D150CC->ccd7891f-abf2-4840-bcfd-f7d46dfca276: nextIndex: updateUnconditionally 8 -> 7
2019-09-19 12:02:25,602 [grpc-default-executor-3] WARN  server.GrpcLogAppender (LogUtils.java:warn(134)) - 0f3ef5c5-216f-4603-9049-7f6477ca6f67@group-E57B62D150CC->0eafe25b-eef3-4e6e-962a-cfdd69f48960-AppendLogResponseHandler: Failed appendEntries: org.apache.ratis.thirdparty.io.grpc.StatusRuntimeException: UNAVAILABLE: io exception
2019-09-19 12:02:25,602 [grpc-default-executor-3] INFO  impl.FollowerInfo (FollowerInfo.java:lambda$new$0(51)) - 0f3ef5c5-216f-4603-9049-7f6477ca6f67@group-E57B62D150CC->0eafe25b-eef3-4e6e-962a-cfdd69f48960: nextIndex: updateUnconditionally 0 -> 0
2019-09-19 12:02:26,105 [grpc-default-executor-3] WARN  server.GrpcLogAppender (LogUtils.java:warn(134)) - 0f3ef5c5-216f-4603-9049-7f6477ca6f67@group-E57B62D150CC->ccd7891f-abf2-4840-bcfd-f7d46dfca276-AppendLogResponseHandler: Failed appendEntries: org.apache.ratis.thirdparty.io.grpc.StatusRuntimeException: UNAVAILABLE: io exception
2019-09-19 12:02:26,105 [grpc-default-executor-4] WARN  server.GrpcLogAppender (LogUtils.java:warn(134)) - 0f3ef5c5-216f-4603-9049-7f6477ca6f67@group-E57B62D150CC->0eafe25b-eef3-4e6e-962a-cfdd69f48960-AppendLogResponseHandler: Failed appendEntries: org.apache.ratis.thirdparty.io.grpc.StatusRuntimeException: UNAVAILABLE: io exception
2019-09-19 12:02:26,106 [grpc-default-executor-3] INFO  impl.FollowerInfo (FollowerInfo.java:lambda$new$0(51)) - 0f3ef5c5-216f-4603-9049-7f6477ca6f67@group-E57B62D150CC->ccd7891f-abf2-4840-bcfd-f7d46dfca276: nextIndex: updateUnconditionally 7 -> 6
2019-09-19 12:02:26,106 [grpc-default-executor-4] INFO  impl.FollowerInfo (FollowerInfo.java:lambda$new$0(51)) - 0f3ef5c5-216f-4603-9049-7f6477ca6f67@group-E57B62D150CC->0eafe25b-eef3-4e6e-962a-cfdd69f48960: nextIndex: updateUnconditionally 0 -> 0
2019-09-19 12:02:26,605 [grpc-default-executor-3] WARN  server.GrpcLogAppender (LogUtils.java:warn(134)) - 0f3ef5c5-216f-4603-9049-7f6477ca6f67@group-E57B62D150CC->ccd7891f-abf2-4840-bcfd-f7d46dfca276-AppendLogResponseHandler: Failed appendEntries: org.apache.ratis.thirdparty.io.grpc.StatusRuntimeException: UNAVAILABLE: io exception
2019-09-19 12:02:26,605 [grpc-default-executor-4] WARN  server.GrpcLogAppender (LogUtils.java:warn(134)) - 0f3ef5c5-216f-4603-9049-7f6477ca6f67@group-E57B62D150CC->0eafe25b-eef3-4e6e-962a-cfdd69f48960-AppendLogResponseHandler: Failed appendEntries: org.apache.ratis.thirdparty.io.grpc.StatusRuntimeException: UNAVAILABLE: io exception
2019-09-19 12:02:26,606 [grpc-default-executor-3] INFO  impl.FollowerInfo (FollowerInfo.java:lambda$new$0(51)) - 0f3ef5c5-216f-4603-9049-7f6477ca6f67@group-E57B62D150CC->ccd7891f-abf2-4840-bcfd-f7d46dfca276: nextIndex: updateUnconditionally 6 -> 5
2019-09-19 12:02:26,606 [grpc-default-executor-4] INFO  impl.FollowerInfo (FollowerInfo.java:lambda$new$0(51)) - 0f3ef5c5-216f-4603-9049-7f6477ca6f67@group-E57B62D150CC->0eafe25b-eef3-4e6e-962a-cfdd69f48960: nextIndex: updateUnconditionally 0 -> 0
2019-09-19 12:02:26,937 [ForkJoinPool.commonPool-worker-1] INFO  ozoneimpl.OzoneContainer (OzoneContainer.java:stop(231)) - Attempting to stop container services.
2019-09-19 12:02:26,938 [main] INFO  ozoneimpl.OzoneContainer (OzoneContainer.java:stop(231)) - Attempting to stop container services.
2019-09-19 12:02:26,938 [ForkJoinPool.commonPool-worker-1] INFO  impl.RaftServerProxy (RaftServerProxy.java:lambda$close$4(314)) - ccaa8f46-a720-4c9d-b367-b8e62fb2ca31: close
2019-09-19 12:02:26,939 [main] INFO  impl.RaftServerProxy (RaftServerProxy.java:lambda$close$4(314)) - 7d946ca7-a873-4723-b723-9ddee89d0bc7: close
2019-09-19 12:02:26,939 [ForkJoinPool.commonPool-worker-1] INFO  impl.RaftServerImpl (RaftServerImpl.java:lambda$shutdown$3(251)) - ccaa8f46-a720-4c9d-b367-b8e62fb2ca31@group-A9823C1EF766: shutdown
2019-09-19 12:02:26,939 [main] INFO  impl.RaftServerImpl (RaftServerImpl.java:lambda$shutdown$3(251)) - 7d946ca7-a873-4723-b723-9ddee89d0bc7@group-A9823C1EF766: shutdown
2019-09-19 12:02:26,940 [ForkJoinPool.commonPool-worker-1] INFO  util.JmxRegister (JmxRegister.java:unregister(73)) - Successfully un-registered JMX Bean with object name Ratis:service=RaftServer,group=group-A9823C1EF766,id=ccaa8f46-a720-4c9d-b367-b8e62fb2ca31
2019-09-19 12:02:26,940 [main] INFO  util.JmxRegister (JmxRegister.java:unregister(73)) - Successfully un-registered JMX Bean with object name Ratis:service=RaftServer,group=group-A9823C1EF766,id=7d946ca7-a873-4723-b723-9ddee89d0bc7
2019-09-19 12:02:26,940 [ForkJoinPool.commonPool-worker-1] INFO  impl.RoleInfo (RoleInfo.java:shutdownFollowerState(121)) - ccaa8f46-a720-4c9d-b367-b8e62fb2ca31: shutdown FollowerState
2019-09-19 12:02:26,941 [main] INFO  impl.RoleInfo (RoleInfo.java:shutdownFollowerState(121)) - 7d946ca7-a873-4723-b723-9ddee89d0bc7: shutdown FollowerState
2019-09-19 12:02:26,941 [ccaa8f46-a720-4c9d-b367-b8e62fb2ca31@group-A9823C1EF766-StateMachineUpdater] INFO  ratis.ContainerStateMachine (ContainerStateMachine.java:takeSnapshot(289)) - group-A9823C1EF766: Taking a snapshot at:(t:2, i:13) file /workdir/hadoop-ozone/integration-test/target/test-dir/MiniOzoneClusterImpl-d8add679-7105-42f6-bf2c-18911ac53160/datanode-0/data/ratis/8f57a7dd-98e2-41d5-9d7d-a9823c1ef766/sm/snapshot.2_13
2019-09-19 12:02:26,941 [Thread-412] INFO  impl.FollowerState (FollowerState.java:run(115)) - ccaa8f46-a720-4c9d-b367-b8e62fb2ca31: FollowerState was interrupted: java.lang.InterruptedException: sleep interrupted
2019-09-19 12:02:26,941 [ForkJoinPool.commonPool-worker-1] INFO  impl.StateMachineUpdater (StateMachineUpdater.java:stopAndJoin(125)) - ccaa8f46-a720-4c9d-b367-b8e62fb2ca31@group-A9823C1EF766-StateMachineUpdater: set stopIndex = 15
2019-09-19 12:02:26,942 [7d946ca7-a873-4723-b723-9ddee89d0bc7@group-A9823C1EF766-StateMachineUpdater] INFO  ratis.ContainerStateMachine (ContainerStateMachine.java:takeSnapshot(289)) - group-A9823C1EF766: Taking a snapshot at:(t:2, i:13) file /workdir/hadoop-ozone/integration-test/target/test-dir/MiniOzoneClusterImpl-d8add679-7105-42f6-bf2c-18911ac53160/datanode-8/data/ratis/8f57a7dd-98e2-41d5-9d7d-a9823c1ef766/sm/snapshot.2_13
2019-09-19 12:02:26,942 [Thread-414] INFO  impl.FollowerState (FollowerState.java:run(115)) - 7d946ca7-a873-4723-b723-9ddee89d0bc7: FollowerState was interrupted: java.lang.InterruptedException: sleep interrupted
2019-09-19 12:02:26,941 [main] INFO  impl.StateMachineUpdater (StateMachineUpdater.java:stopAndJoin(125)) - 7d946ca7-a873-4723-b723-9ddee89d0bc7@group-A9823C1EF766-StateMachineUpdater: set stopIndex = 15
2019-09-19 12:02:26,957 [ccaa8f46-a720-4c9d-b367-b8e62fb2ca31@group-A9823C1EF766-StateMachineUpdater] INFO  ratis.ContainerStateMachine (ContainerStateMachine.java:takeSnapshot(300)) - group-A9823C1EF766: Finished taking a snapshot at:(t:2, i:13) file:/workdir/hadoop-ozone/integration-test/target/test-dir/MiniOzoneClusterImpl-d8add679-7105-42f6-bf2c-18911ac53160/datanode-0/data/ratis/8f57a7dd-98e2-41d5-9d7d-a9823c1ef766/sm/snapshot.2_13 time:16
2019-09-19 12:02:26,957 [7d946ca7-a873-4723-b723-9ddee89d0bc7@group-A9823C1EF766-StateMachineUpdater] INFO  ratis.ContainerStateMachine (ContainerStateMachine.java:takeSnapshot(300)) - group-A9823C1EF766: Finished taking a snapshot at:(t:2, i:13) file:/workdir/hadoop-ozone/integration-test/target/test-dir/MiniOzoneClusterImpl-d8add679-7105-42f6-bf2c-18911ac53160/datanode-8/data/ratis/8f57a7dd-98e2-41d5-9d7d-a9823c1ef766/sm/snapshot.2_13 time:15
2019-09-19 12:02:26,957 [ccaa8f46-a720-4c9d-b367-b8e62fb2ca31@group-A9823C1EF766-StateMachineUpdater] INFO  impl.StateMachineUpdater (StateMachineUpdater.java:takeSnapshot(258)) - ccaa8f46-a720-4c9d-b367-b8e62fb2ca31@group-A9823C1EF766-StateMachineUpdater: Took a snapshot at index 13
2019-09-19 12:02:26,957 [7d946ca7-a873-4723-b723-9ddee89d0bc7@group-A9823C1EF766-StateMachineUpdater] INFO  impl.StateMachineUpdater (StateMachineUpdater.java:takeSnapshot(258)) - 7d946ca7-a873-4723-b723-9ddee89d0bc7@group-A9823C1EF766-StateMachineUpdater: Took a snapshot at index 13
2019-09-19 12:02:26,958 [ccaa8f46-a720-4c9d-b367-b8e62fb2ca31@group-A9823C1EF766-StateMachineUpdater] INFO  impl.StateMachineUpdater (StateMachineUpdater.java:lambda$new$0(83)) - ccaa8f46-a720-4c9d-b367-b8e62fb2ca31@group-A9823C1EF766-StateMachineUpdater: snapshotIndex: updateIncreasingly -1 -> 13
2019-09-19 12:02:26,958 [7d946ca7-a873-4723-b723-9ddee89d0bc7@group-A9823C1EF766-StateMachineUpdater] INFO  impl.StateMachineUpdater (StateMachineUpdater.java:lambda$new$0(83)) - 7d946ca7-a873-4723-b723-9ddee89d0bc7@group-A9823C1EF766-StateMachineUpdater: snapshotIndex: updateIncreasingly -1 -> 13
2019-09-19 12:02:26,958 [ccaa8f46-a720-4c9d-b367-b8e62fb2ca31@group-A9823C1EF766-StateMachineUpdater] INFO  ratis.ContainerStateMachine (ContainerStateMachine.java:takeSnapshot(289)) - group-A9823C1EF766: Taking a snapshot at:(t:2, i:13) file /workdir/hadoop-ozone/integration-test/target/test-dir/MiniOzoneClusterImpl-d8add679-7105-42f6-bf2c-18911ac53160/datanode-0/data/ratis/8f57a7dd-98e2-41d5-9d7d-a9823c1ef766/sm/snapshot.2_13
2019-09-19 12:02:26,958 [7d946ca7-a873-4723-b723-9ddee89d0bc7@group-A9823C1EF766-StateMachineUpdater] INFO  ratis.ContainerStateMachine (ContainerStateMachine.java:takeSnapshot(289)) - group-A9823C1EF766: Taking a snapshot at:(t:2, i:13) file /workdir/hadoop-ozone/integration-test/target/test-dir/MiniOzoneClusterImpl-d8add679-7105-42f6-bf2c-18911ac53160/datanode-8/data/ratis/8f57a7dd-98e2-41d5-9d7d-a9823c1ef766/sm/snapshot.2_13
2019-09-19 12:02:26,971 [7d946ca7-a873-4723-b723-9ddee89d0bc7@group-A9823C1EF766-StateMachineUpdater] INFO  ratis.ContainerStateMachine (ContainerStateMachine.java:takeSnapshot(300)) - group-A9823C1EF766: Finished taking a snapshot at:(t:2, i:13) file:/workdir/hadoop-ozone/integration-test/target/test-dir/MiniOzoneClusterImpl-d8add679-7105-42f6-bf2c-18911ac53160/datanode-8/data/ratis/8f57a7dd-98e2-41d5-9d7d-a9823c1ef766/sm/snapshot.2_13 time:14
2019-09-19 12:02:26,971 [ccaa8f46-a720-4c9d-b367-b8e62fb2ca31@group-A9823C1EF766-StateMachineUpdater] INFO  ratis.ContainerStateMachine (ContainerStateMachine.java:takeSnapshot(300)) - group-A9823C1EF766: Finished taking a snapshot at:(t:2, i:13) file:/workdir/hadoop-ozone/integration-test/target/test-dir/MiniOzoneClusterImpl-d8add679-7105-42f6-bf2c-18911ac53160/datanode-0/data/ratis/8f57a7dd-98e2-41d5-9d7d-a9823c1ef766/sm/snapshot.2_13 time:14
2019-09-19 12:02:26,971 [7d946ca7-a873-4723-b723-9ddee89d0bc7@group-A9823C1EF766-StateMachineUpdater] INFO  impl.StateMachineUpdater (StateMachineUpdater.java:takeSnapshot(258)) - 7d946ca7-a873-4723-b723-9ddee89d0bc7@group-A9823C1EF766-StateMachineUpdater: Took a snapshot at index 13
2019-09-19 12:02:26,972 [ccaa8f46-a720-4c9d-b367-b8e62fb2ca31@group-A9823C1EF766-StateMachineUpdater] INFO  impl.StateMachineUpdater (StateMachineUpdater.java:takeSnapshot(258)) - ccaa8f46-a720-4c9d-b367-b8e62fb2ca31@group-A9823C1EF766-StateMachineUpdater: Took a snapshot at index 13
2019-09-19 12:02:26,972 [7d946ca7-a873-4723-b723-9ddee89d0bc7@group-A9823C1EF766-StateMachineUpdater] INFO  impl.StateMachineUpdater (StateMachineUpdater.java:lambda$new$0(83)) - 7d946ca7-a873-4723-b723-9ddee89d0bc7@group-A9823C1EF766-StateMachineUpdater: snapshotIndex: updateIncreasingly 13 -> 13
2019-09-19 12:02:26,972 [ccaa8f46-a720-4c9d-b367-b8e62fb2ca31@group-A9823C1EF766-StateMachineUpdater] INFO  impl.StateMachineUpdater (StateMachineUpdater.java:lambda$new$0(83)) - ccaa8f46-a720-4c9d-b367-b8e62fb2ca31@group-A9823C1EF766-StateMachineUpdater: snapshotIndex: updateIncreasingly 13 -> 13
2019-09-19 12:02:26,972 [main] INFO  impl.RaftServerImpl (ServerState.java:close(385)) - 7d946ca7-a873-4723-b723-9ddee89d0bc7@group-A9823C1EF766: closes. applyIndex: 15
2019-09-19 12:02:26,972 [ForkJoinPool.commonPool-worker-1] INFO  impl.RaftServerImpl (ServerState.java:close(385)) - ccaa8f46-a720-4c9d-b367-b8e62fb2ca31@group-A9823C1EF766: closes. applyIndex: 15
2019-09-19 12:02:26,975 [7d946ca7-a873-4723-b723-9ddee89d0bc7@group-A9823C1EF766-SegmentedRaftLogWorker] ERROR ratis.XceiverServerRatis (XceiverServerRatis.java:triggerPipelineClose(568)) - pipeline Action CLOSE  on pipeline PipelineID=8f57a7dd-98e2-41d5-9d7d-a9823c1ef766.Reason : WriteLog:18: (t:2, i:18), STATEMACHINELOGENTRY, client-E7F445D3456E, cid=39-writeStateMachineData interrupted.
2019-09-19 12:02:26,975 [ccaa8f46-a720-4c9d-b367-b8e62fb2ca31@group-A9823C1EF766-SegmentedRaftLogWorker] ERROR ratis.XceiverServerRatis (XceiverServerRatis.java:triggerPipelineClose(568)) - pipeline Action CLOSE  on pipeline PipelineID=8f57a7dd-98e2-41d5-9d7d-a9823c1ef766.Reason : WriteLog:18: (t:2, i:18), STATEMACHINELOGENTRY, client-E7F445D3456E, cid=39-writeStateMachineData interrupted.
2019-09-19 12:02:26,987 [main] INFO  segmented.SegmentedRaftLogWorker (SegmentedRaftLogWorker.java:close(228)) - 7d946ca7-a873-4723-b723-9ddee89d0bc7@group-A9823C1EF766-SegmentedRaftLogWorker close()
2019-09-19 12:02:26,987 [ForkJoinPool.commonPool-worker-1] INFO  segmented.SegmentedRaftLogWorker (SegmentedRaftLogWorker.java:close(228)) - ccaa8f46-a720-4c9d-b367-b8e62fb2ca31@group-A9823C1EF766-SegmentedRaftLogWorker close()
2019-09-19 12:02:26,989 [main] INFO  impl.RaftServerImpl (RaftServerImpl.java:lambda$shutdown$3(251)) - 7d946ca7-a873-4723-b723-9ddee89d0bc7@group-D84F5CC66694: shutdown
2019-09-19 12:02:26,991 [ForkJoinPool.commonPool-worker-1] INFO  impl.RaftServerImpl (RaftServerImpl.java:lambda$shutdown$3(251)) - ccaa8f46-a720-4c9d-b367-b8e62fb2ca31@group-BBBA7E8A47D4: shutdown
2019-09-19 12:02:26,991 [main] INFO  util.JmxRegister (JmxRegister.java:unregister(73)) - Successfully un-registered JMX Bean with object name Ratis:service=RaftServer,group=group-D84F5CC66694,id=7d946ca7-a873-4723-b723-9ddee89d0bc7
2019-09-19 12:02:26,991 [ForkJoinPool.commonPool-worker-1] INFO  util.JmxRegister (JmxRegister.java:unregister(73)) - Successfully un-registered JMX Bean with object name Ratis:service=RaftServer,group=group-BBBA7E8A47D4,id=ccaa8f46-a720-4c9d-b367-b8e62fb2ca31
2019-09-19 12:02:26,992 [main] INFO  impl.RoleInfo (RoleInfo.java:shutdownLeaderState(104)) - 7d946ca7-a873-4723-b723-9ddee89d0bc7: shutdown LeaderState
2019-09-19 12:02:26,992 [ForkJoinPool.commonPool-worker-1] INFO  impl.RoleInfo (RoleInfo.java:shutdownLeaderState(104)) - ccaa8f46-a720-4c9d-b367-b8e62fb2ca31: shutdown LeaderState
2019-09-19 12:02:26,992 [main] INFO  impl.PendingRequests (PendingRequests.java:sendNotLeaderResponses(202)) - 7d946ca7-a873-4723-b723-9ddee89d0bc7-PendingRequests: sendNotLeaderResponses
2019-09-19 12:02:26,993 [ForkJoinPool.commonPool-worker-1] INFO  impl.PendingRequests (PendingRequests.java:sendNotLeaderResponses(202)) - ccaa8f46-a720-4c9d-b367-b8e62fb2ca31-PendingRequests: sendNotLeaderResponses
2019-09-19 12:02:26,993 [main] INFO  impl.StateMachineUpdater (StateMachineUpdater.java:stopAndJoin(125)) - 7d946ca7-a873-4723-b723-9ddee89d0bc7@group-D84F5CC66694-StateMachineUpdater: set stopIndex = 0
2019-09-19 12:02:26,993 [ForkJoinPool.commonPool-worker-1] INFO  impl.StateMachineUpdater (StateMachineUpdater.java:stopAndJoin(125)) - ccaa8f46-a720-4c9d-b367-b8e62fb2ca31@group-BBBA7E8A47D4-StateMachineUpdater: set stopIndex = 0
2019-09-19 12:02:26,994 [main] INFO  impl.RaftServerImpl (ServerState.java:close(385)) - 7d946ca7-a873-4723-b723-9ddee89d0bc7@group-D84F5CC66694: closes. applyIndex: 0
2019-09-19 12:02:26,994 [ForkJoinPool.commonPool-worker-1] INFO  impl.RaftServerImpl (ServerState.java:close(385)) - ccaa8f46-a720-4c9d-b367-b8e62fb2ca31@group-BBBA7E8A47D4: closes. applyIndex: 0
2019-09-19 12:02:26,995 [ccaa8f46-a720-4c9d-b367-b8e62fb2ca31@group-BBBA7E8A47D4-SegmentedRaftLogWorker] INFO  segmented.SegmentedRaftLogWorker (SegmentedRaftLogWorker.java:run(313)) - ccaa8f46-a720-4c9d-b367-b8e62fb2ca31@group-BBBA7E8A47D4-SegmentedRaftLogWorker was interrupted, exiting. There are 0 tasks remaining in the queue.
2019-09-19 12:02:26,995 [7d946ca7-a873-4723-b723-9ddee89d0bc7@group-D84F5CC66694-SegmentedRaftLogWorker] INFO  segmented.SegmentedRaftLogWorker (SegmentedRaftLogWorker.java:run(313)) - 7d946ca7-a873-4723-b723-9ddee89d0bc7@group-D84F5CC66694-SegmentedRaftLogWorker was interrupted, exiting. There are 0 tasks remaining in the queue.
2019-09-19 12:02:26,995 [ForkJoinPool.commonPool-worker-1] INFO  segmented.SegmentedRaftLogWorker (SegmentedRaftLogWorker.java:close(228)) - ccaa8f46-a720-4c9d-b367-b8e62fb2ca31@group-BBBA7E8A47D4-SegmentedRaftLogWorker close()
2019-09-19 12:02:26,995 [main] INFO  segmented.SegmentedRaftLogWorker (SegmentedRaftLogWorker.java:close(228)) - 7d946ca7-a873-4723-b723-9ddee89d0bc7@group-D84F5CC66694-SegmentedRaftLogWorker close()
2019-09-19 12:02:26,997 [ForkJoinPool.commonPool-worker-1] INFO  server.GrpcService (GrpcService.java:closeImpl(164)) - ccaa8f46-a720-4c9d-b367-b8e62fb2ca31: shutdown server with port 37847 now
2019-09-19 12:02:26,998 [main] INFO  server.GrpcService (GrpcService.java:closeImpl(164)) - 7d946ca7-a873-4723-b723-9ddee89d0bc7: shutdown server with port 44439 now
2019-09-19 12:02:26,999 [ForkJoinPool.commonPool-worker-1] INFO  server.GrpcService (GrpcService.java:closeImpl(172)) - ccaa8f46-a720-4c9d-b367-b8e62fb2ca31: shutdown server with port 37847 successfully
2019-09-19 12:02:27,000 [main] INFO  server.GrpcService (GrpcService.java:closeImpl(172)) - 7d946ca7-a873-4723-b723-9ddee89d0bc7: shutdown server with port 44439 successfully
2019-09-19 12:02:27,003 [refreshUsed-/workdir/hadoop-ozone/integration-test/target/test-dir/MiniOzoneClusterImpl-d8add679-7105-42f6-bf2c-18911ac53160/datanode-0/data/containers] WARN  fs.CachingGetSpaceUsed (CachingGetSpaceUsed.java:run(183)) - Thread Interrupted waiting to refresh disk information: sleep interrupted
2019-09-19 12:02:27,005 [refreshUsed-/workdir/hadoop-ozone/integration-test/target/test-dir/MiniOzoneClusterImpl-d8add679-7105-42f6-bf2c-18911ac53160/datanode-8/data/containers] WARN  fs.CachingGetSpaceUsed (CachingGetSpaceUsed.java:run(183)) - Thread Interrupted waiting to refresh disk information: sleep interrupted
2019-09-19 12:02:27,031 [ForkJoinPool.commonPool-worker-1] INFO  utils.BackgroundService (BackgroundService.java:shutdown(148)) - Shutting down service BlockDeletingService
2019-09-19 12:02:27,035 [ForkJoinPool.commonPool-worker-1] INFO  statemachine.DatanodeStateMachine (DatanodeStateMachine.java:stopDaemon(395)) - Ozone container server stopped.
2019-09-19 12:02:27,042 [main] INFO  utils.BackgroundService (BackgroundService.java:shutdown(148)) - Shutting down service BlockDeletingService
2019-09-19 12:02:27,050 [main] INFO  statemachine.DatanodeStateMachine (DatanodeStateMachine.java:stopDaemon(395)) - Ozone container server stopped.
2019-09-19 12:02:27,052 [ForkJoinPool.commonPool-worker-1] INFO  handler.ContextHandler (ContextHandler.java:doStop(910)) - Stopped o.e.j.w.WebAppContext@7a0e7ecd{/,null,UNAVAILABLE}{/hddsDatanode}
2019-09-19 12:02:27,053 [main] INFO  handler.ContextHandler (ContextHandler.java:doStop(910)) - Stopped o.e.j.w.WebAppContext@4b0f2299{/,null,UNAVAILABLE}{/hddsDatanode}
2019-09-19 12:02:27,053 [ForkJoinPool.commonPool-worker-1] INFO  server.AbstractConnector (AbstractConnector.java:doStop(318)) - Stopped ServerConnector@54e3658c{HTTP/1.1,[http/1.1]}{0.0.0.0:0}
2019-09-19 12:02:27,054 [main] INFO  server.AbstractConnector (AbstractConnector.java:doStop(318)) - Stopped ServerConnector@33063f5b{HTTP/1.1,[http/1.1]}{0.0.0.0:0}
2019-09-19 12:02:27,054 [main] INFO  handler.ContextHandler (ContextHandler.java:doStop(910)) - Stopped o.e.j.s.ServletContextHandler@58740366{/static,jar:file:/home/user/.m2/repository/org/apache/hadoop/hadoop-hdds-container-service/0.5.0-SNAPSHOT/hadoop-hdds-container-service-0.5.0-SNAPSHOT.jar!/webapps/static,UNAVAILABLE}
2019-09-19 12:02:27,055 [ForkJoinPool.commonPool-worker-1] INFO  handler.ContextHandler (ContextHandler.java:doStop(910)) - Stopped o.e.j.s.ServletContextHandler@6069dd38{/static,jar:file:/home/user/.m2/repository/org/apache/hadoop/hadoop-hdds-container-service/0.5.0-SNAPSHOT/hadoop-hdds-container-service-0.5.0-SNAPSHOT.jar!/webapps/static,UNAVAILABLE}
2019-09-19 12:02:27,056 [main] INFO  handler.ContextHandler (ContextHandler.java:doStop(910)) - Stopped o.e.j.s.ServletContextHandler@176f7f3b{/logs,file:///workdir/hadoop-ozone/integration-test/target/log,UNAVAILABLE}
2019-09-19 12:02:27,056 [ForkJoinPool.commonPool-worker-1] INFO  handler.ContextHandler (ContextHandler.java:doStop(910)) - Stopped o.e.j.s.ServletContextHandler@46c269e0{/logs,file:///workdir/hadoop-ozone/integration-test/target/log,UNAVAILABLE}
2019-09-19 12:02:27,105 [grpc-default-executor-3] WARN  server.GrpcLogAppender (LogUtils.java:warn(134)) - 0f3ef5c5-216f-4603-9049-7f6477ca6f67@group-E57B62D150CC->0eafe25b-eef3-4e6e-962a-cfdd69f48960-AppendLogResponseHandler: Failed appendEntries: org.apache.ratis.thirdparty.io.grpc.StatusRuntimeException: UNAVAILABLE: io exception
2019-09-19 12:02:27,105 [grpc-default-executor-4] WARN  server.GrpcLogAppender (LogUtils.java:warn(134)) - 0f3ef5c5-216f-4603-9049-7f6477ca6f67@group-E57B62D150CC->ccd7891f-abf2-4840-bcfd-f7d46dfca276-AppendLogResponseHandler: Failed appendEntries: org.apache.ratis.thirdparty.io.grpc.StatusRuntimeException: UNAVAILABLE: io exception
2019-09-19 12:02:27,105 [grpc-default-executor-3] INFO  impl.FollowerInfo (FollowerInfo.java:lambda$new$0(51)) - 0f3ef5c5-216f-4603-9049-7f6477ca6f67@group-E57B62D150CC->0eafe25b-eef3-4e6e-962a-cfdd69f48960: nextIndex: updateUnconditionally 0 -> 0
2019-09-19 12:02:27,105 [grpc-default-executor-4] INFO  impl.FollowerInfo (FollowerInfo.java:lambda$new$0(51)) - 0f3ef5c5-216f-4603-9049-7f6477ca6f67@group-E57B62D150CC->ccd7891f-abf2-4840-bcfd-f7d46dfca276: nextIndex: updateUnconditionally 5 -> 4
2019-09-19 12:02:27,281 [Datanode State Machine Thread - 0] INFO  statemachine.DatanodeStateMachine (DatanodeStateMachine.java:lambda$startDaemon$0(350)) - Ozone container server started.
2019-09-19 12:02:27,602 [Datanode State Machine Thread - 0] INFO  statemachine.DatanodeStateMachine (DatanodeStateMachine.java:lambda$startDaemon$0(350)) - Ozone container server started.
2019-09-19 12:02:27,606 [grpc-default-executor-3] WARN  server.GrpcLogAppender (LogUtils.java:warn(134)) - 0f3ef5c5-216f-4603-9049-7f6477ca6f67@group-E57B62D150CC->0eafe25b-eef3-4e6e-962a-cfdd69f48960-AppendLogResponseHandler: Failed appendEntries: org.apache.ratis.thirdparty.io.grpc.StatusRuntimeException: UNAVAILABLE: io exception
2019-09-19 12:02:27,606 [grpc-default-executor-5] WARN  server.GrpcLogAppender (LogUtils.java:warn(134)) - 0f3ef5c5-216f-4603-9049-7f6477ca6f67@group-E57B62D150CC->ccd7891f-abf2-4840-bcfd-f7d46dfca276-AppendLogResponseHandler: Failed appendEntries: org.apache.ratis.thirdparty.io.grpc.StatusRuntimeException: UNAVAILABLE: io exception
2019-09-19 12:02:27,606 [grpc-default-executor-3] INFO  impl.FollowerInfo (FollowerInfo.java:lambda$new$0(51)) - 0f3ef5c5-216f-4603-9049-7f6477ca6f67@group-E57B62D150CC->0eafe25b-eef3-4e6e-962a-cfdd69f48960: nextIndex: updateUnconditionally 0 -> 0
2019-09-19 12:02:27,606 [grpc-default-executor-5] INFO  impl.FollowerInfo (FollowerInfo.java:lambda$new$0(51)) - 0f3ef5c5-216f-4603-9049-7f6477ca6f67@group-E57B62D150CC->ccd7891f-abf2-4840-bcfd-f7d46dfca276: nextIndex: updateUnconditionally 4 -> 3
2019-09-19 12:02:28,107 [grpc-default-executor-1] WARN  server.GrpcLogAppender (LogUtils.java:warn(134)) - 0f3ef5c5-216f-4603-9049-7f6477ca6f67@group-E57B62D150CC->ccd7891f-abf2-4840-bcfd-f7d46dfca276-AppendLogResponseHandler: Failed appendEntries: org.apache.ratis.thirdparty.io.grpc.StatusRuntimeException: UNAVAILABLE: io exception
2019-09-19 12:02:28,107 [grpc-default-executor-6] WARN  server.GrpcLogAppender (LogUtils.java:warn(134)) - 0f3ef5c5-216f-4603-9049-7f6477ca6f67@group-E57B62D150CC->0eafe25b-eef3-4e6e-962a-cfdd69f48960-AppendLogResponseHandler: Failed appendEntries: org.apache.ratis.thirdparty.io.grpc.StatusRuntimeException: UNAVAILABLE: io exception
2019-09-19 12:02:28,107 [grpc-default-executor-1] INFO  impl.FollowerInfo (FollowerInfo.java:lambda$new$0(51)) - 0f3ef5c5-216f-4603-9049-7f6477ca6f67@group-E57B62D150CC->ccd7891f-abf2-4840-bcfd-f7d46dfca276: nextIndex: updateUnconditionally 3 -> 2
2019-09-19 12:02:28,107 [grpc-default-executor-6] INFO  impl.FollowerInfo (FollowerInfo.java:lambda$new$0(51)) - 0f3ef5c5-216f-4603-9049-7f6477ca6f67@group-E57B62D150CC->0eafe25b-eef3-4e6e-962a-cfdd69f48960: nextIndex: updateUnconditionally 0 -> 0
2019-09-19 12:02:28,607 [grpc-default-executor-1] WARN  server.GrpcLogAppender (LogUtils.java:warn(134)) - 0f3ef5c5-216f-4603-9049-7f6477ca6f67@group-E57B62D150CC->ccd7891f-abf2-4840-bcfd-f7d46dfca276-AppendLogResponseHandler: Failed appendEntries: org.apache.ratis.thirdparty.io.grpc.StatusRuntimeException: UNAVAILABLE: io exception
2019-09-19 12:02:28,607 [grpc-default-executor-3] WARN  server.GrpcLogAppender (LogUtils.java:warn(134)) - 0f3ef5c5-216f-4603-9049-7f6477ca6f67@group-E57B62D150CC->0eafe25b-eef3-4e6e-962a-cfdd69f48960-AppendLogResponseHandler: Failed appendEntries: org.apache.ratis.thirdparty.io.grpc.StatusRuntimeException: UNAVAILABLE: io exception
2019-09-19 12:02:28,608 [grpc-default-executor-1] INFO  impl.FollowerInfo (FollowerInfo.java:lambda$new$0(51)) - 0f3ef5c5-216f-4603-9049-7f6477ca6f67@group-E57B62D150CC->ccd7891f-abf2-4840-bcfd-f7d46dfca276: nextIndex: updateUnconditionally 2 -> 1
2019-09-19 12:02:28,608 [grpc-default-executor-3] INFO  impl.FollowerInfo (FollowerInfo.java:lambda$new$0(51)) - 0f3ef5c5-216f-4603-9049-7f6477ca6f67@group-E57B62D150CC->0eafe25b-eef3-4e6e-962a-cfdd69f48960: nextIndex: updateUnconditionally 0 -> 0
2019-09-19 12:02:29,108 [grpc-default-executor-6] WARN  server.GrpcLogAppender (LogUtils.java:warn(134)) - 0f3ef5c5-216f-4603-9049-7f6477ca6f67@group-E57B62D150CC->0eafe25b-eef3-4e6e-962a-cfdd69f48960-AppendLogResponseHandler: Failed appendEntries: org.apache.ratis.thirdparty.io.grpc.StatusRuntimeException: UNAVAILABLE: io exception
2019-09-19 12:02:29,108 [grpc-default-executor-2] WARN  server.GrpcLogAppender (LogUtils.java:warn(134)) - 0f3ef5c5-216f-4603-9049-7f6477ca6f67@group-E57B62D150CC->ccd7891f-abf2-4840-bcfd-f7d46dfca276-AppendLogResponseHandler: Failed appendEntries: org.apache.ratis.thirdparty.io.grpc.StatusRuntimeException: UNAVAILABLE: io exception
2019-09-19 12:02:29,108 [grpc-default-executor-6] INFO  impl.FollowerInfo (FollowerInfo.java:lambda$new$0(51)) - 0f3ef5c5-216f-4603-9049-7f6477ca6f67@group-E57B62D150CC->0eafe25b-eef3-4e6e-962a-cfdd69f48960: nextIndex: updateUnconditionally 0 -> 0
2019-09-19 12:02:29,109 [grpc-default-executor-2] INFO  impl.FollowerInfo (FollowerInfo.java:lambda$new$0(51)) - 0f3ef5c5-216f-4603-9049-7f6477ca6f67@group-E57B62D150CC->ccd7891f-abf2-4840-bcfd-f7d46dfca276: nextIndex: updateUnconditionally 1 -> 0
2019-09-19 12:02:29,611 [grpc-default-executor-2] WARN  server.GrpcLogAppender (LogUtils.java:warn(134)) - 0f3ef5c5-216f-4603-9049-7f6477ca6f67@group-E57B62D150CC->ccd7891f-abf2-4840-bcfd-f7d46dfca276-AppendLogResponseHandler: Failed appendEntries: org.apache.ratis.thirdparty.io.grpc.StatusRuntimeException: UNAVAILABLE: io exception
2019-09-19 12:02:29,611 [grpc-default-executor-4] WARN  server.GrpcLogAppender (LogUtils.java:warn(134)) - 0f3ef5c5-216f-4603-9049-7f6477ca6f67@group-E57B62D150CC->0eafe25b-eef3-4e6e-962a-cfdd69f48960-AppendLogResponseHandler: Failed appendEntries: org.apache.ratis.thirdparty.io.grpc.StatusRuntimeException: UNAVAILABLE: io exception
2019-09-19 12:02:29,611 [grpc-default-executor-2] INFO  impl.FollowerInfo (FollowerInfo.java:lambda$new$0(51)) - 0f3ef5c5-216f-4603-9049-7f6477ca6f67@group-E57B62D150CC->ccd7891f-abf2-4840-bcfd-f7d46dfca276: nextIndex: updateUnconditionally 0 -> 0
2019-09-19 12:02:29,611 [grpc-default-executor-4] INFO  impl.FollowerInfo (FollowerInfo.java:lambda$new$0(51)) - 0f3ef5c5-216f-4603-9049-7f6477ca6f67@group-E57B62D150CC->0eafe25b-eef3-4e6e-962a-cfdd69f48960: nextIndex: updateUnconditionally 0 -> 0
2019-09-19 12:02:30,114 [grpc-default-executor-4] WARN  server.GrpcLogAppender (LogUtils.java:warn(134)) - 0f3ef5c5-216f-4603-9049-7f6477ca6f67@group-E57B62D150CC->ccd7891f-abf2-4840-bcfd-f7d46dfca276-AppendLogResponseHandler: Failed appendEntries: org.apache.ratis.thirdparty.io.grpc.StatusRuntimeException: UNAVAILABLE: io exception
2019-09-19 12:02:30,114 [grpc-default-executor-2] WARN  server.GrpcLogAppender (LogUtils.java:warn(134)) - 0f3ef5c5-216f-4603-9049-7f6477ca6f67@group-E57B62D150CC->0eafe25b-eef3-4e6e-962a-cfdd69f48960-AppendLogResponseHandler: Failed appendEntries: org.apache.ratis.thirdparty.io.grpc.StatusRuntimeException: UNAVAILABLE: io exception
2019-09-19 12:02:30,115 [grpc-default-executor-4] INFO  impl.FollowerInfo (FollowerInfo.java:lambda$new$0(51)) - 0f3ef5c5-216f-4603-9049-7f6477ca6f67@group-E57B62D150CC->ccd7891f-abf2-4840-bcfd-f7d46dfca276: nextIndex: updateUnconditionally 0 -> 0
2019-09-19 12:02:30,115 [grpc-default-executor-2] INFO  impl.FollowerInfo (FollowerInfo.java:lambda$new$0(51)) - 0f3ef5c5-216f-4603-9049-7f6477ca6f67@group-E57B62D150CC->0eafe25b-eef3-4e6e-962a-cfdd69f48960: nextIndex: updateUnconditionally 0 -> 0
2019-09-19 12:02:30,615 [grpc-default-executor-2] WARN  server.GrpcLogAppender (LogUtils.java:warn(134)) - 0f3ef5c5-216f-4603-9049-7f6477ca6f67@group-E57B62D150CC->ccd7891f-abf2-4840-bcfd-f7d46dfca276-AppendLogResponseHandler: Failed appendEntries: org.apache.ratis.thirdparty.io.grpc.StatusRuntimeException: UNAVAILABLE: io exception
2019-09-19 12:02:30,615 [grpc-default-executor-4] WARN  server.GrpcLogAppender (LogUtils.java:warn(134)) - 0f3ef5c5-216f-4603-9049-7f6477ca6f67@group-E57B62D150CC->0eafe25b-eef3-4e6e-962a-cfdd69f48960-AppendLogResponseHandler: Failed appendEntries: org.apache.ratis.thirdparty.io.grpc.StatusRuntimeException: UNAVAILABLE: io exception
2019-09-19 12:02:30,616 [grpc-default-executor-2] INFO  impl.FollowerInfo (FollowerInfo.java:lambda$new$0(51)) - 0f3ef5c5-216f-4603-9049-7f6477ca6f67@group-E57B62D150CC->ccd7891f-abf2-4840-bcfd-f7d46dfca276: nextIndex: updateUnconditionally 0 -> 0
2019-09-19 12:02:30,616 [grpc-default-executor-4] INFO  impl.FollowerInfo (FollowerInfo.java:lambda$new$0(51)) - 0f3ef5c5-216f-4603-9049-7f6477ca6f67@group-E57B62D150CC->0eafe25b-eef3-4e6e-962a-cfdd69f48960: nextIndex: updateUnconditionally 0 -> 0
2019-09-19 12:02:31,115 [grpc-default-executor-2] WARN  server.GrpcLogAppender (LogUtils.java:warn(134)) - 0f3ef5c5-216f-4603-9049-7f6477ca6f67@group-E57B62D150CC->ccd7891f-abf2-4840-bcfd-f7d46dfca276-AppendLogResponseHandler: Failed appendEntries: org.apache.ratis.thirdparty.io.grpc.StatusRuntimeException: UNAVAILABLE: io exception
2019-09-19 12:02:31,115 [grpc-default-executor-4] WARN  server.GrpcLogAppender (LogUtils.java:warn(134)) - 0f3ef5c5-216f-4603-9049-7f6477ca6f67@group-E57B62D150CC->0eafe25b-eef3-4e6e-962a-cfdd69f48960-AppendLogResponseHandler: Failed appendEntries: org.apache.ratis.thirdparty.io.grpc.StatusRuntimeException: UNAVAILABLE: io exception
2019-09-19 12:02:31,115 [grpc-default-executor-2] INFO  impl.FollowerInfo (FollowerInfo.java:lambda$new$0(51)) - 0f3ef5c5-216f-4603-9049-7f6477ca6f67@group-E57B62D150CC->ccd7891f-abf2-4840-bcfd-f7d46dfca276: nextIndex: updateUnconditionally 0 -> 0
2019-09-19 12:02:31,116 [grpc-default-executor-4] INFO  impl.FollowerInfo (FollowerInfo.java:lambda$new$0(51)) - 0f3ef5c5-216f-4603-9049-7f6477ca6f67@group-E57B62D150CC->0eafe25b-eef3-4e6e-962a-cfdd69f48960: nextIndex: updateUnconditionally 0 -> 0
2019-09-19 12:02:31,618 [grpc-default-executor-4] WARN  server.GrpcLogAppender (LogUtils.java:warn(134)) - 0f3ef5c5-216f-4603-9049-7f6477ca6f67@group-E57B62D150CC->ccd7891f-abf2-4840-bcfd-f7d46dfca276-AppendLogResponseHandler: Failed appendEntries: org.apache.ratis.thirdparty.io.grpc.StatusRuntimeException: UNAVAILABLE: io exception
2019-09-19 12:02:31,618 [grpc-default-executor-2] WARN  server.GrpcLogAppender (LogUtils.java:warn(134)) - 0f3ef5c5-216f-4603-9049-7f6477ca6f67@group-E57B62D150CC->0eafe25b-eef3-4e6e-962a-cfdd69f48960-AppendLogResponseHandler: Failed appendEntries: org.apache.ratis.thirdparty.io.grpc.StatusRuntimeException: UNAVAILABLE: io exception
2019-09-19 12:02:31,619 [grpc-default-executor-4] INFO  impl.FollowerInfo (FollowerInfo.java:lambda$new$0(51)) - 0f3ef5c5-216f-4603-9049-7f6477ca6f67@group-E57B62D150CC->ccd7891f-abf2-4840-bcfd-f7d46dfca276: nextIndex: updateUnconditionally 0 -> 0
2019-09-19 12:02:31,619 [grpc-default-executor-2] INFO  impl.FollowerInfo (FollowerInfo.java:lambda$new$0(51)) - 0f3ef5c5-216f-4603-9049-7f6477ca6f67@group-E57B62D150CC->0eafe25b-eef3-4e6e-962a-cfdd69f48960: nextIndex: updateUnconditionally 0 -> 0
2019-09-19 12:02:32,060 [main] INFO  ozoneimpl.OzoneContainer (OzoneContainer.java:stop(231)) - Attempting to stop container services.
2019-09-19 12:02:32,060 [ForkJoinPool.commonPool-worker-1] INFO  ozoneimpl.OzoneContainer (OzoneContainer.java:stop(231)) - Attempting to stop container services.
2019-09-19 12:02:32,062 [main] INFO  impl.RaftServerProxy (RaftServerProxy.java:lambda$close$4(314)) - 0f3ef5c5-216f-4603-9049-7f6477ca6f67: close
2019-09-19 12:02:32,062 [ForkJoinPool.commonPool-worker-1] INFO  impl.RaftServerProxy (RaftServerProxy.java:lambda$close$4(314)) - 8f7c3f06-04e3-45b0-a756-eb146f11ca16: close
2019-09-19 12:02:32,063 [main] INFO  impl.RaftServerImpl (RaftServerImpl.java:lambda$shutdown$3(251)) - 0f3ef5c5-216f-4603-9049-7f6477ca6f67@group-6E4021FC9D33: shutdown
2019-09-19 12:02:32,063 [ForkJoinPool.commonPool-worker-1] INFO  impl.RaftServerImpl (RaftServerImpl.java:lambda$shutdown$3(251)) - 8f7c3f06-04e3-45b0-a756-eb146f11ca16@group-E981BB2162A8: shutdown
2019-09-19 12:02:32,063 [main] INFO  util.JmxRegister (JmxRegister.java:unregister(73)) - Successfully un-registered JMX Bean with object name Ratis:service=RaftServer,group=group-6E4021FC9D33,id=0f3ef5c5-216f-4603-9049-7f6477ca6f67
2019-09-19 12:02:32,064 [ForkJoinPool.commonPool-worker-1] INFO  util.JmxRegister (JmxRegister.java:unregister(73)) - Successfully un-registered JMX Bean with object name Ratis:service=RaftServer,group=group-E981BB2162A8,id=8f7c3f06-04e3-45b0-a756-eb146f11ca16
2019-09-19 12:02:32,064 [main] INFO  impl.RoleInfo (RoleInfo.java:shutdownLeaderState(104)) - 0f3ef5c5-216f-4603-9049-7f6477ca6f67: shutdown LeaderState
2019-09-19 12:02:32,064 [ForkJoinPool.commonPool-worker-1] INFO  impl.RoleInfo (RoleInfo.java:shutdownLeaderState(104)) - 8f7c3f06-04e3-45b0-a756-eb146f11ca16: shutdown LeaderState
2019-09-19 12:02:32,065 [main] INFO  impl.PendingRequests (PendingRequests.java:sendNotLeaderResponses(202)) - 0f3ef5c5-216f-4603-9049-7f6477ca6f67-PendingRequests: sendNotLeaderResponses
2019-09-19 12:02:32,065 [ForkJoinPool.commonPool-worker-1] INFO  impl.PendingRequests (PendingRequests.java:sendNotLeaderResponses(202)) - 8f7c3f06-04e3-45b0-a756-eb146f11ca16-PendingRequests: sendNotLeaderResponses
2019-09-19 12:02:32,066 [ForkJoinPool.commonPool-worker-1] INFO  impl.StateMachineUpdater (StateMachineUpdater.java:stopAndJoin(125)) - 8f7c3f06-04e3-45b0-a756-eb146f11ca16@group-E981BB2162A8-StateMachineUpdater: set stopIndex = 0
2019-09-19 12:02:32,067 [ForkJoinPool.commonPool-worker-1] INFO  impl.RaftServerImpl (ServerState.java:close(385)) - 8f7c3f06-04e3-45b0-a756-eb146f11ca16@group-E981BB2162A8: closes. applyIndex: 0
2019-09-19 12:02:32,066 [main] INFO  impl.StateMachineUpdater (StateMachineUpdater.java:stopAndJoin(125)) - 0f3ef5c5-216f-4603-9049-7f6477ca6f67@group-6E4021FC9D33-StateMachineUpdater: set stopIndex = 0
2019-09-19 12:02:32,068 [main] INFO  impl.RaftServerImpl (ServerState.java:close(385)) - 0f3ef5c5-216f-4603-9049-7f6477ca6f67@group-6E4021FC9D33: closes. applyIndex: 0
2019-09-19 12:02:32,068 [8f7c3f06-04e3-45b0-a756-eb146f11ca16@group-E981BB2162A8-SegmentedRaftLogWorker] INFO  segmented.SegmentedRaftLogWorker (SegmentedRaftLogWorker.java:run(313)) - 8f7c3f06-04e3-45b0-a756-eb146f11ca16@group-E981BB2162A8-SegmentedRaftLogWorker was interrupted, exiting. There are 0 tasks remaining in the queue.
2019-09-19 12:02:32,068 [0f3ef5c5-216f-4603-9049-7f6477ca6f67@group-6E4021FC9D33-SegmentedRaftLogWorker] INFO  segmented.SegmentedRaftLogWorker (SegmentedRaftLogWorker.java:run(313)) - 0f3ef5c5-216f-4603-9049-7f6477ca6f67@group-6E4021FC9D33-SegmentedRaftLogWorker was interrupted, exiting. There are 0 tasks remaining in the queue.
2019-09-19 12:02:32,069 [main] INFO  segmented.SegmentedRaftLogWorker (SegmentedRaftLogWorker.java:close(228)) - 0f3ef5c5-216f-4603-9049-7f6477ca6f67@group-6E4021FC9D33-SegmentedRaftLogWorker close()
2019-09-19 12:02:32,069 [ForkJoinPool.commonPool-worker-1] INFO  segmented.SegmentedRaftLogWorker (SegmentedRaftLogWorker.java:close(228)) - 8f7c3f06-04e3-45b0-a756-eb146f11ca16@group-E981BB2162A8-SegmentedRaftLogWorker close()
2019-09-19 12:02:32,070 [main] INFO  impl.RaftServerImpl (RaftServerImpl.java:lambda$shutdown$3(251)) - 0f3ef5c5-216f-4603-9049-7f6477ca6f67@group-E57B62D150CC: shutdown
2019-09-19 12:02:32,072 [ForkJoinPool.commonPool-worker-1] INFO  server.GrpcService (GrpcService.java:closeImpl(164)) - 8f7c3f06-04e3-45b0-a756-eb146f11ca16: shutdown server with port 41016 now
2019-09-19 12:02:32,072 [main] INFO  util.JmxRegister (JmxRegister.java:unregister(73)) - Successfully un-registered JMX Bean with object name Ratis:service=RaftServer,group=group-E57B62D150CC,id=0f3ef5c5-216f-4603-9049-7f6477ca6f67
2019-09-19 12:02:32,074 [main] INFO  impl.RoleInfo (RoleInfo.java:shutdownLeaderState(104)) - 0f3ef5c5-216f-4603-9049-7f6477ca6f67: shutdown LeaderState
2019-09-19 12:02:32,074 [ForkJoinPool.commonPool-worker-1] INFO  server.GrpcService (GrpcService.java:closeImpl(172)) - 8f7c3f06-04e3-45b0-a756-eb146f11ca16: shutdown server with port 41016 successfully
2019-09-19 12:02:32,076 [org.apache.ratis.server.impl.LogAppender$AppenderDaemon$$Lambda$539/871233349@8a3f34d] WARN  server.GrpcLogAppender (GrpcLogAppender.java:mayWait(143)) - 0f3ef5c5-216f-4603-9049-7f6477ca6f67@group-E57B62D150CC->ccd7891f-abf2-4840-bcfd-f7d46dfca276-GrpcLogAppender: Wait interrupted by java.lang.InterruptedException
2019-09-19 12:02:32,076 [org.apache.ratis.server.impl.LogAppender$AppenderDaemon$$Lambda$539/871233349@5ff21789] WARN  server.GrpcLogAppender (GrpcLogAppender.java:mayWait(143)) - 0f3ef5c5-216f-4603-9049-7f6477ca6f67@group-E57B62D150CC->0eafe25b-eef3-4e6e-962a-cfdd69f48960-GrpcLogAppender: Wait interrupted by java.lang.InterruptedException
2019-09-19 12:02:32,076 [main] INFO  impl.PendingRequests (PendingRequests.java:sendNotLeaderResponses(202)) - 0f3ef5c5-216f-4603-9049-7f6477ca6f67-PendingRequests: sendNotLeaderResponses
2019-09-19 12:02:32,081 [main] INFO  impl.StateMachineUpdater (StateMachineUpdater.java:stopAndJoin(125)) - 0f3ef5c5-216f-4603-9049-7f6477ca6f67@group-E57B62D150CC-StateMachineUpdater: set stopIndex = 14
2019-09-19 12:02:32,082 [0f3ef5c5-216f-4603-9049-7f6477ca6f67@group-E57B62D150CC-StateMachineUpdater] INFO  ratis.ContainerStateMachine (ContainerStateMachine.java:takeSnapshot(289)) - group-E57B62D150CC: Taking a snapshot at:(t:2, i:12) file /workdir/hadoop-ozone/integration-test/target/test-dir/MiniOzoneClusterImpl-d8add679-7105-42f6-bf2c-18911ac53160/datanode-9/data/ratis/a625de63-8597-4c04-b87b-e57b62d150cc/sm/snapshot.2_12
2019-09-19 12:02:32,082 [refreshUsed-/workdir/hadoop-ozone/integration-test/target/test-dir/MiniOzoneClusterImpl-d8add679-7105-42f6-bf2c-18911ac53160/datanode-1/data/containers] WARN  fs.CachingGetSpaceUsed (CachingGetSpaceUsed.java:run(183)) - Thread Interrupted waiting to refresh disk information: sleep interrupted
2019-09-19 12:02:32,095 [0f3ef5c5-216f-4603-9049-7f6477ca6f67@group-E57B62D150CC-StateMachineUpdater] INFO  ratis.ContainerStateMachine (ContainerStateMachine.java:takeSnapshot(300)) - group-E57B62D150CC: Finished taking a snapshot at:(t:2, i:12) file:/workdir/hadoop-ozone/integration-test/target/test-dir/MiniOzoneClusterImpl-d8add679-7105-42f6-bf2c-18911ac53160/datanode-9/data/ratis/a625de63-8597-4c04-b87b-e57b62d150cc/sm/snapshot.2_12 time:13
2019-09-19 12:02:32,095 [0f3ef5c5-216f-4603-9049-7f6477ca6f67@group-E57B62D150CC-StateMachineUpdater] INFO  impl.StateMachineUpdater (StateMachineUpdater.java:takeSnapshot(258)) - 0f3ef5c5-216f-4603-9049-7f6477ca6f67@group-E57B62D150CC-StateMachineUpdater: Took a snapshot at index 12
2019-09-19 12:02:32,095 [0f3ef5c5-216f-4603-9049-7f6477ca6f67@group-E57B62D150CC-StateMachineUpdater] INFO  impl.StateMachineUpdater (StateMachineUpdater.java:lambda$new$0(83)) - 0f3ef5c5-216f-4603-9049-7f6477ca6f67@group-E57B62D150CC-StateMachineUpdater: snapshotIndex: updateIncreasingly -1 -> 12
2019-09-19 12:02:32,095 [0f3ef5c5-216f-4603-9049-7f6477ca6f67@group-E57B62D150CC-StateMachineUpdater] INFO  ratis.ContainerStateMachine (ContainerStateMachine.java:takeSnapshot(289)) - group-E57B62D150CC: Taking a snapshot at:(t:2, i:12) file /workdir/hadoop-ozone/integration-test/target/test-dir/MiniOzoneClusterImpl-d8add679-7105-42f6-bf2c-18911ac53160/datanode-9/data/ratis/a625de63-8597-4c04-b87b-e57b62d150cc/sm/snapshot.2_12
2019-09-19 12:02:32,104 [ForkJoinPool.commonPool-worker-1] INFO  utils.BackgroundService (BackgroundService.java:shutdown(148)) - Shutting down service BlockDeletingService
2019-09-19 12:02:32,107 [ForkJoinPool.commonPool-worker-1] INFO  statemachine.DatanodeStateMachine (DatanodeStateMachine.java:stopDaemon(395)) - Ozone container server stopped.
2019-09-19 12:02:32,108 [0f3ef5c5-216f-4603-9049-7f6477ca6f67@group-E57B62D150CC-StateMachineUpdater] INFO  ratis.ContainerStateMachine (ContainerStateMachine.java:takeSnapshot(300)) - group-E57B62D150CC: Finished taking a snapshot at:(t:2, i:12) file:/workdir/hadoop-ozone/integration-test/target/test-dir/MiniOzoneClusterImpl-d8add679-7105-42f6-bf2c-18911ac53160/datanode-9/data/ratis/a625de63-8597-4c04-b87b-e57b62d150cc/sm/snapshot.2_12 time:13
2019-09-19 12:02:32,108 [0f3ef5c5-216f-4603-9049-7f6477ca6f67@group-E57B62D150CC-StateMachineUpdater] INFO  impl.StateMachineUpdater (StateMachineUpdater.java:takeSnapshot(258)) - 0f3ef5c5-216f-4603-9049-7f6477ca6f67@group-E57B62D150CC-StateMachineUpdater: Took a snapshot at index 12
2019-09-19 12:02:32,108 [0f3ef5c5-216f-4603-9049-7f6477ca6f67@group-E57B62D150CC-StateMachineUpdater] INFO  impl.StateMachineUpdater (StateMachineUpdater.java:lambda$new$0(83)) - 0f3ef5c5-216f-4603-9049-7f6477ca6f67@group-E57B62D150CC-StateMachineUpdater: snapshotIndex: updateIncreasingly 12 -> 12
2019-09-19 12:02:32,110 [main] INFO  impl.RaftServerImpl (ServerState.java:close(385)) - 0f3ef5c5-216f-4603-9049-7f6477ca6f67@group-E57B62D150CC: closes. applyIndex: 14
2019-09-19 12:02:32,111 [0f3ef5c5-216f-4603-9049-7f6477ca6f67@group-E57B62D150CC-SegmentedRaftLogWorker] ERROR ratis.XceiverServerRatis (XceiverServerRatis.java:triggerPipelineClose(568)) - pipeline Action CLOSE  on pipeline PipelineID=a625de63-8597-4c04-b87b-e57b62d150cc.Reason : WriteLog:15: (t:2, i:15), STATEMACHINELOGENTRY, client-4CC87BB336E7, cid=51-writeStateMachineData interrupted.
2019-09-19 12:02:32,112 [ForkJoinPool.commonPool-worker-1] INFO  handler.ContextHandler (ContextHandler.java:doStop(910)) - Stopped o.e.j.w.WebAppContext@6f94a5a5{/,null,UNAVAILABLE}{/hddsDatanode}
2019-09-19 12:02:32,112 [main] INFO  segmented.SegmentedRaftLogWorker (SegmentedRaftLogWorker.java:close(228)) - 0f3ef5c5-216f-4603-9049-7f6477ca6f67@group-E57B62D150CC-SegmentedRaftLogWorker close()
2019-09-19 12:02:32,114 [main] INFO  server.GrpcService (GrpcService.java:closeImpl(164)) - 0f3ef5c5-216f-4603-9049-7f6477ca6f67: shutdown server with port 38664 now
2019-09-19 12:02:32,114 [main] INFO  server.GrpcService (GrpcService.java:closeImpl(172)) - 0f3ef5c5-216f-4603-9049-7f6477ca6f67: shutdown server with port 38664 successfully
2019-09-19 12:02:32,114 [ForkJoinPool.commonPool-worker-1] INFO  server.AbstractConnector (AbstractConnector.java:doStop(318)) - Stopped ServerConnector@455c1d8c{HTTP/1.1,[http/1.1]}{0.0.0.0:0}
2019-09-19 12:02:32,117 [ForkJoinPool.commonPool-worker-1] INFO  handler.ContextHandler (ContextHandler.java:doStop(910)) - Stopped o.e.j.s.ServletContextHandler@1e7ab390{/static,jar:file:/home/user/.m2/repository/org/apache/hadoop/hadoop-hdds-container-service/0.5.0-SNAPSHOT/hadoop-hdds-container-service-0.5.0-SNAPSHOT.jar!/webapps/static,UNAVAILABLE}
2019-09-19 12:02:32,118 [ForkJoinPool.commonPool-worker-1] INFO  handler.ContextHandler (ContextHandler.java:doStop(910)) - Stopped o.e.j.s.ServletContextHandler@15400fff{/logs,file:///workdir/hadoop-ozone/integration-test/target/log,UNAVAILABLE}
2019-09-19 12:02:32,120 [refreshUsed-/workdir/hadoop-ozone/integration-test/target/test-dir/MiniOzoneClusterImpl-d8add679-7105-42f6-bf2c-18911ac53160/datanode-9/data/containers] WARN  fs.CachingGetSpaceUsed (CachingGetSpaceUsed.java:run(183)) - Thread Interrupted waiting to refresh disk information: sleep interrupted
2019-09-19 12:02:32,131 [main] INFO  utils.BackgroundService (BackgroundService.java:shutdown(148)) - Shutting down service BlockDeletingService
2019-09-19 12:02:32,133 [main] INFO  statemachine.DatanodeStateMachine (DatanodeStateMachine.java:stopDaemon(395)) - Ozone container server stopped.
2019-09-19 12:02:32,134 [main] INFO  handler.ContextHandler (ContextHandler.java:doStop(910)) - Stopped o.e.j.w.WebAppContext@26bbe604{/,null,UNAVAILABLE}{/hddsDatanode}
2019-09-19 12:02:32,134 [main] INFO  server.AbstractConnector (AbstractConnector.java:doStop(318)) - Stopped ServerConnector@fe34b86{HTTP/1.1,[http/1.1]}{0.0.0.0:0}
2019-09-19 12:02:32,134 [main] INFO  handler.ContextHandler (ContextHandler.java:doStop(910)) - Stopped o.e.j.s.ServletContextHandler@136965e3{/static,jar:file:/home/user/.m2/repository/org/apache/hadoop/hadoop-hdds-container-service/0.5.0-SNAPSHOT/hadoop-hdds-container-service-0.5.0-SNAPSHOT.jar!/webapps/static,UNAVAILABLE}
2019-09-19 12:02:32,135 [main] INFO  handler.ContextHandler (ContextHandler.java:doStop(910)) - Stopped o.e.j.s.ServletContextHandler@5578be42{/logs,file:///workdir/hadoop-ozone/integration-test/target/log,UNAVAILABLE}
2019-09-19 12:02:32,136 [main] INFO  ozone.MiniOzoneClusterImpl (MiniOzoneClusterImpl.java:stop(339)) - Stopping the StorageContainerManager
2019-09-19 12:02:32,136 [main] INFO  server.StorageContainerManager (StorageContainerManager.java:stop(801)) - Stopping Replication Manager Service.
2019-09-19 12:02:32,136 [main] INFO  container.ReplicationManager (ReplicationManager.java:stop(203)) - Stopping Replication Monitor Thread.
2019-09-19 12:02:32,136 [main] INFO  server.StorageContainerManager (StorageContainerManager.java:stop(808)) - Stopping Lease Manager of the command watchers
2019-09-19 12:02:32,136 [main] INFO  server.StorageContainerManager (StorageContainerManager.java:stop(815)) - Stopping datanode service RPC server
2019-09-19 12:02:32,137 [main] INFO  server.SCMDatanodeProtocolServer (SCMDatanodeProtocolServer.java:stop(367)) - Stopping the RPC server for DataNodes
2019-09-19 12:02:32,137 [main] INFO  ipc.Server (Server.java:stop(3082)) - Stopping server on 46860
2019-09-19 12:02:32,138 [IPC Server listener on 46860] INFO  ipc.Server (Server.java:run(1185)) - Stopping IPC Server listener on 46860
2019-09-19 12:02:32,139 [IPC Server Responder] INFO  ipc.Server (Server.java:run(1319)) - Stopping IPC Server Responder
2019-09-19 12:02:32,234 [SCM Heartbeat Processing Thread - 0] WARN  node.NodeStateManager (NodeStateManager.java:scheduleNextHealthCheck(646)) - Current Thread is interrupted, shutting down HB processing thread for Node Manager.
2019-09-19 12:02:32,234 [main] INFO  server.StorageContainerManager (StorageContainerManager.java:stop(823)) - Stopping block service RPC server
2019-09-19 12:02:32,234 [main] INFO  server.SCMBlockProtocolServer (SCMBlockProtocolServer.java:stop(155)) - Stopping the RPC server for Block Protocol
2019-09-19 12:02:32,234 [main] INFO  ipc.Server (Server.java:stop(3082)) - Stopping server on 33389
2019-09-19 12:02:32,237 [IPC Server listener on 33389] INFO  ipc.Server (Server.java:run(1185)) - Stopping IPC Server listener on 33389
2019-09-19 12:02:32,237 [main] INFO  server.StorageContainerManager (StorageContainerManager.java:stop(830)) - Stopping the StorageContainerLocationProtocol RPC server
2019-09-19 12:02:32,237 [IPC Server Responder] INFO  ipc.Server (Server.java:run(1319)) - Stopping IPC Server Responder
2019-09-19 12:02:32,237 [main] INFO  server.SCMClientProtocolServer (SCMClientProtocolServer.java:stop(159)) - Stopping the RPC server for Client Protocol
2019-09-19 12:02:32,237 [main] INFO  ipc.Server (Server.java:stop(3082)) - Stopping server on 36490
2019-09-19 12:02:32,240 [main] INFO  server.StorageContainerManager (StorageContainerManager.java:stop(837)) - Stopping Storage Container Manager HTTP server.
2019-09-19 12:02:32,240 [IPC Server Responder] INFO  ipc.Server (Server.java:run(1319)) - Stopping IPC Server Responder
2019-09-19 12:02:32,240 [IPC Server listener on 36490] INFO  ipc.Server (Server.java:run(1185)) - Stopping IPC Server listener on 36490
2019-09-19 12:02:32,241 [main] INFO  handler.ContextHandler (ContextHandler.java:doStop(910)) - Stopped o.e.j.w.WebAppContext@4152d38d{/,null,UNAVAILABLE}{/scm}
2019-09-19 12:02:32,241 [main] INFO  server.AbstractConnector (AbstractConnector.java:doStop(318)) - Stopped ServerConnector@db44aa2{HTTP/1.1,[http/1.1]}{0.0.0.0:0}
2019-09-19 12:02:32,242 [main] INFO  handler.ContextHandler (ContextHandler.java:doStop(910)) - Stopped o.e.j.s.ServletContextHandler@299321e2{/static,file:///workdir/hadoop-ozone/integration-test/target/test-classes/webapps/static,UNAVAILABLE}
2019-09-19 12:02:32,242 [main] INFO  handler.ContextHandler (ContextHandler.java:doStop(910)) - Stopped o.e.j.s.ServletContextHandler@d3957fe{/logs,file:///workdir/hadoop-ozone/integration-test/target/log,UNAVAILABLE}
2019-09-19 12:02:32,243 [main] INFO  server.StorageContainerManager (StorageContainerManager.java:stop(848)) - Stopping Block Manager Service.
2019-09-19 12:02:32,243 [main] INFO  utils.BackgroundService (BackgroundService.java:shutdown(148)) - Shutting down service SCMBlockDeletingService
2019-09-19 12:02:32,244 [main] INFO  utils.BackgroundService (BackgroundService.java:shutdown(148)) - Shutting down service SCMBlockDeletingService
2019-09-19 12:02:32,244 [main] INFO  server.StorageContainerManager (StorageContainerManager.java:stop(870)) - Stopping SCM Event Queue.
2019-09-19 12:02:32,251 [main] INFO  impl.MetricsSystemImpl (MetricsSystemImpl.java:stop(210)) - Stopping XceiverClientMetrics metrics system...
2019-09-19 12:02:32,260 [prometheus] INFO  impl.MetricsSinkAdapter (MetricsSinkAdapter.java:publishMetricsFromQueue(141)) - prometheus thread interrupted.
2019-09-19 12:02:32,260 [main] INFO  impl.MetricsSystemImpl (MetricsSystemImpl.java:stop(216)) - XceiverClientMetrics metrics system stopped.
]]></system-out>
    <system-err><![CDATA[ERROR StatusLogger No Log4j 2 configuration file found. Using default configuration (logging only errors to the console), or user programmatically provided configurations. Set system property 'log4j2.debug' to show Log4j 2 internal initialization logging. See https://logging.apache.org/log4j/2.x/manual/configuration.html for instructions on how to configure Log4j 2
Sep 19, 2019 12:01:53 PM org.apache.ratis.thirdparty.io.grpc.internal.SerializingExecutor run
SEVERE: Exception while executing runnable org.apache.ratis.thirdparty.io.grpc.internal.ServerImpl$JumpToApplicationThreadServerStreamListener$1Closed@70ed993b
org.apache.ratis.thirdparty.io.grpc.StatusRuntimeException: CANCELLED: call already cancelled
	at org.apache.ratis.thirdparty.io.grpc.Status.asRuntimeException(Status.java:517)
	at org.apache.ratis.thirdparty.io.grpc.stub.ServerCalls$ServerCallStreamObserverImpl.onCompleted(ServerCalls.java:356)
	at org.apache.ratis.grpc.server.GrpcServerProtocolService$ServerRequestStreamObserver.onError(GrpcServerProtocolService.java:121)
	at org.apache.ratis.thirdparty.io.grpc.stub.ServerCalls$StreamingServerCallHandler$StreamingServerCallListener.onCancel(ServerCalls.java:269)
	at org.apache.ratis.thirdparty.io.grpc.internal.ServerCallImpl$ServerStreamListenerImpl.closed(ServerCallImpl.java:293)
	at org.apache.ratis.thirdparty.io.grpc.internal.ServerImpl$JumpToApplicationThreadServerStreamListener$1Closed.runInContext(ServerImpl.java:741)
	at org.apache.ratis.thirdparty.io.grpc.internal.ContextRunnable.run(ContextRunnable.java:37)
	at org.apache.ratis.thirdparty.io.grpc.internal.SerializingExecutor.run(SerializingExecutor.java:123)
	at java.util.concurrent.ThreadPoolExecutor.runWorker(ThreadPoolExecutor.java:1149)
	at java.util.concurrent.ThreadPoolExecutor$Worker.run(ThreadPoolExecutor.java:624)
	at java.lang.Thread.run(Thread.java:748)

Sep 19, 2019 12:02:16 PM org.apache.ratis.thirdparty.io.grpc.internal.SerializingExecutor run
SEVERE: Exception while executing runnable org.apache.ratis.thirdparty.io.grpc.internal.ServerImpl$JumpToApplicationThreadServerStreamListener$1Closed@8a748e0
org.apache.ratis.thirdparty.io.grpc.StatusRuntimeException: CANCELLED: call already cancelled
	at org.apache.ratis.thirdparty.io.grpc.Status.asRuntimeException(Status.java:517)
	at org.apache.ratis.thirdparty.io.grpc.stub.ServerCalls$ServerCallStreamObserverImpl.onCompleted(ServerCalls.java:356)
	at org.apache.ratis.grpc.server.GrpcServerProtocolService$ServerRequestStreamObserver.onError(GrpcServerProtocolService.java:121)
	at org.apache.ratis.thirdparty.io.grpc.stub.ServerCalls$StreamingServerCallHandler$StreamingServerCallListener.onCancel(ServerCalls.java:269)
	at org.apache.ratis.thirdparty.io.grpc.internal.ServerCallImpl$ServerStreamListenerImpl.closed(ServerCallImpl.java:293)
	at org.apache.ratis.thirdparty.io.grpc.internal.ServerImpl$JumpToApplicationThreadServerStreamListener$1Closed.runInContext(ServerImpl.java:741)
	at org.apache.ratis.thirdparty.io.grpc.internal.ContextRunnable.run(ContextRunnable.java:37)
	at org.apache.ratis.thirdparty.io.grpc.internal.SerializingExecutor.run(SerializingExecutor.java:123)
	at java.util.concurrent.ThreadPoolExecutor.runWorker(ThreadPoolExecutor.java:1149)
	at java.util.concurrent.ThreadPoolExecutor$Worker.run(ThreadPoolExecutor.java:624)
	at java.lang.Thread.run(Thread.java:748)

Sep 19, 2019 12:02:21 PM org.apache.ratis.thirdparty.io.grpc.internal.SerializingExecutor run
SEVERE: Exception while executing runnable org.apache.ratis.thirdparty.io.grpc.internal.ServerImpl$JumpToApplicationThreadServerStreamListener$1Closed@3e19bfbd
org.apache.ratis.thirdparty.io.grpc.StatusRuntimeException: CANCELLED: call already cancelled
	at org.apache.ratis.thirdparty.io.grpc.Status.asRuntimeException(Status.java:517)
	at org.apache.ratis.thirdparty.io.grpc.stub.ServerCalls$ServerCallStreamObserverImpl.onCompleted(ServerCalls.java:356)
	at org.apache.ratis.grpc.server.GrpcServerProtocolService$ServerRequestStreamObserver.onError(GrpcServerProtocolService.java:121)
	at org.apache.ratis.thirdparty.io.grpc.stub.ServerCalls$StreamingServerCallHandler$StreamingServerCallListener.onCancel(ServerCalls.java:269)
	at org.apache.ratis.thirdparty.io.grpc.internal.ServerCallImpl$ServerStreamListenerImpl.closed(ServerCallImpl.java:293)
	at org.apache.ratis.thirdparty.io.grpc.internal.ServerImpl$JumpToApplicationThreadServerStreamListener$1Closed.runInContext(ServerImpl.java:741)
	at org.apache.ratis.thirdparty.io.grpc.internal.ContextRunnable.run(ContextRunnable.java:37)
	at org.apache.ratis.thirdparty.io.grpc.internal.SerializingExecutor.run(SerializingExecutor.java:123)
	at java.util.concurrent.ThreadPoolExecutor.runWorker(ThreadPoolExecutor.java:1149)
	at java.util.concurrent.ThreadPoolExecutor$Worker.run(ThreadPoolExecutor.java:624)
	at java.lang.Thread.run(Thread.java:748)

]]></system-err>
  </testcase>
  <testcase name="testMultiBlockWritesWithDnFailures" classname="org.apache.hadoop.ozone.client.rpc.TestMultiBlockWritesWithDnFailures" time="37.991"/>
</testsuite>