<?xml version="1.0" encoding="UTF-8"?>
<testsuite xmlns:xsi="http://www.w3.org/2001/XMLSchema-instance" xsi:noNamespaceSchemaLocation="https://maven.apache.org/surefire/maven-surefire-plugin/xsd/surefire-test-report.xsd" name="org.apache.hadoop.ozone.client.rpc.TestBlockOutputStream" time="231.358" tests="6" errors="0" skipped="0" failures="1">
  <properties>
    <property name="awt.toolkit" value="sun.awt.X11.XToolkit"/>
    <property name="file.encoding.pkg" value="sun.io"/>
    <property name="java.specification.version" value="1.8"/>
    <property name="sun.cpu.isalist" value=""/>
    <property name="sun.jnu.encoding" value="UTF-8"/>
    <property name="java.class.path" value="/workdir/hadoop-ozone/integration-test/target/test-classes:/workdir/hadoop-ozone/integration-test/target/classes:/home/user/.m2/repository/org/apache/hadoop/hadoop-ozone-common/0.5.0-SNAPSHOT/hadoop-ozone-common-0.5.0-SNAPSHOT.jar:/home/user/.m2/repository/org/apache/commons/commons-compress/1.4.1/commons-compress-1.4.1.jar:/home/user/.m2/repository/org/tukaani/xz/1.0/xz-1.0.jar:/home/user/.m2/repository/org/apache/hadoop/hadoop-common/3.2.0/hadoop-common-3.2.0.jar:/home/user/.m2/repository/org/apache/hadoop/hadoop-hdfs/3.2.0/hadoop-hdfs-3.2.0.jar:/home/user/.m2/repository/org/apache/hadoop/hadoop-hdfs-client/3.2.0/hadoop-hdfs-client-3.2.0.jar:/home/user/.m2/repository/com/fasterxml/jackson/core/jackson-annotations/2.9.5/jackson-annotations-2.9.5.jar:/home/user/.m2/repository/org/apache/hadoop/hadoop-hdds-common/0.5.0-SNAPSHOT/hadoop-hdds-common-0.5.0-SNAPSHOT.jar:/home/user/.m2/repository/javax/annotation/javax.annotation-api/1.2/javax.annotation-api-1.2.jar:/home/user/.m2/repository/org/apache/ratis/ratis-server/0.4.0-78e95b9-SNAPSHOT/ratis-server-0.4.0-78e95b9-SNAPSHOT.jar:/home/user/.m2/repository/org/apache/ratis/ratis-thirdparty-misc/0.2.0/ratis-thirdparty-misc-0.2.0.jar:/home/user/.m2/repository/org/apache/ratis/ratis-proto/0.4.0-78e95b9-SNAPSHOT/ratis-proto-0.4.0-78e95b9-SNAPSHOT.jar:/home/user/.m2/repository/org/apache/ratis/ratis-common/0.4.0-78e95b9-SNAPSHOT/ratis-common-0.4.0-78e95b9-SNAPSHOT.jar:/home/user/.m2/repository/org/apache/ratis/ratis-client/0.4.0-78e95b9-SNAPSHOT/ratis-client-0.4.0-78e95b9-SNAPSHOT.jar:/home/user/.m2/repository/org/apache/ratis/ratis-metrics/0.4.0-78e95b9-SNAPSHOT/ratis-metrics-0.4.0-78e95b9-SNAPSHOT.jar:/home/user/.m2/repository/com/github/joshelser/dropwizard-metrics-hadoop-metrics2-reporter/0.1.2/dropwizard-metrics-hadoop-metrics2-reporter-0.1.2.jar:/home/user/.m2/repository/io/dropwizard/metrics/metrics-jvm/3.2.5/metrics-jvm-3.2.5.jar:/home/user/.m2/repository/io/dropwizard/metrics/metrics-ganglia/3.2.5/metrics-ganglia-3.2.5.jar:/home/user/.m2/repository/info/ganglia/gmetric4j/gmetric4j/1.0.7/gmetric4j-1.0.7.jar:/home/user/.m2/repository/org/apache/ratis/ratis-netty/0.4.0-78e95b9-SNAPSHOT/ratis-netty-0.4.0-78e95b9-SNAPSHOT.jar:/home/user/.m2/repository/org/apache/ratis/ratis-grpc/0.4.0-78e95b9-SNAPSHOT/ratis-grpc-0.4.0-78e95b9-SNAPSHOT.jar:/home/user/.m2/repository/org/rocksdb/rocksdbjni/6.0.1/rocksdbjni-6.0.1.jar:/home/user/.m2/repository/org/apache/logging/log4j/log4j-api/2.11.0/log4j-api-2.11.0.jar:/home/user/.m2/repository/org/apache/logging/log4j/log4j-core/2.11.0/log4j-core-2.11.0.jar:/home/user/.m2/repository/com/lmax/disruptor/3.4.2/disruptor-3.4.2.jar:/home/user/.m2/repository/org/apache/commons/commons-pool2/2.6.0/commons-pool2-2.6.0.jar:/home/user/.m2/repository/org/bouncycastle/bcpkix-jdk15on/1.60/bcpkix-jdk15on-1.60.jar:/home/user/.m2/repository/commons-validator/commons-validator/1.6/commons-validator-1.6.jar:/home/user/.m2/repository/commons-digester/commons-digester/1.8.1/commons-digester-1.8.1.jar:/home/user/.m2/repository/io/jaegertracing/jaeger-client/0.33.1/jaeger-client-0.33.1.jar:/home/user/.m2/repository/io/jaegertracing/jaeger-thrift/0.33.1/jaeger-thrift-0.33.1.jar:/home/user/.m2/repository/org/apache/thrift/libthrift/0.11.0/libthrift-0.11.0.jar:/home/user/.m2/repository/com/squareup/okhttp3/okhttp/3.9.0/okhttp-3.9.0.jar:/home/user/.m2/repository/com/squareup/okio/okio/1.13.0/okio-1.13.0.jar:/home/user/.m2/repository/io/jaegertracing/jaeger-core/0.33.1/jaeger-core-0.33.1.jar:/home/user/.m2/repository/io/jaegertracing/jaeger-tracerresolver/0.33.1/jaeger-tracerresolver-0.33.1.jar:/home/user/.m2/repository/io/opentracing/contrib/opentracing-tracerresolver/0.1.5/opentracing-tracerresolver-0.1.5.jar:/home/user/.m2/repository/io/opentracing/opentracing-util/0.31.0/opentracing-util-0.31.0.jar:/home/user/.m2/repository/io/opentracing/opentracing-api/0.31.0/opentracing-api-0.31.0.jar:/home/user/.m2/repository/io/opentracing/opentracing-noop/0.31.0/opentracing-noop-0.31.0.jar:/home/user/.m2/repository/org/apache/hadoop/hadoop-hdds-server-framework/0.5.0-SNAPSHOT/hadoop-hdds-server-framework-0.5.0-SNAPSHOT.jar:/home/user/.m2/repository/org/apache/hadoop/hadoop-hdds-container-service/0.5.0-SNAPSHOT/hadoop-hdds-container-service-0.5.0-SNAPSHOT.jar:/home/user/.m2/repository/org/apache/hadoop/hadoop-hdds-client/0.5.0-SNAPSHOT/hadoop-hdds-client-0.5.0-SNAPSHOT.jar:/home/user/.m2/repository/org/apache/hadoop/hadoop-hdds-tools/0.5.0-SNAPSHOT/hadoop-hdds-tools-0.5.0-SNAPSHOT.jar:/home/user/.m2/repository/org/apache/hadoop/hadoop-hdds-server-scm/0.5.0-SNAPSHOT/hadoop-hdds-server-scm-0.5.0-SNAPSHOT.jar:/home/user/.m2/repository/org/apache/hadoop/hadoop-hdds-docs/0.5.0-SNAPSHOT/hadoop-hdds-docs-0.5.0-SNAPSHOT.jar:/home/user/.m2/repository/io/dropwizard/metrics/metrics-core/3.2.4/metrics-core-3.2.4.jar:/home/user/.m2/repository/org/hamcrest/hamcrest-all/1.3/hamcrest-all-1.3.jar:/home/user/.m2/repository/org/bouncycastle/bcprov-jdk15on/1.60/bcprov-jdk15on-1.60.jar:/home/user/.m2/repository/info/picocli/picocli/3.9.6/picocli-3.9.6.jar:/home/user/.m2/repository/com/google/protobuf/protobuf-java/2.5.0/protobuf-java-2.5.0.jar:/home/user/.m2/repository/com/google/guava/guava/11.0.2/guava-11.0.2.jar:/home/user/.m2/repository/org/apache/hadoop/hadoop-ozone-ozone-manager/0.5.0-SNAPSHOT/hadoop-ozone-ozone-manager-0.5.0-SNAPSHOT.jar:/home/user/.m2/repository/org/apache/hadoop/hadoop-minikdc/3.2.0/hadoop-minikdc-3.2.0.jar:/home/user/.m2/repository/commons-io/commons-io/2.5/commons-io-2.5.jar:/home/user/.m2/repository/org/apache/kerby/kerb-simplekdc/1.0.1/kerb-simplekdc-1.0.1.jar:/home/user/.m2/repository/org/apache/kerby/kerb-client/1.0.1/kerb-client-1.0.1.jar:/home/user/.m2/repository/org/apache/kerby/kerby-config/1.0.1/kerby-config-1.0.1.jar:/home/user/.m2/repository/org/apache/kerby/kerb-core/1.0.1/kerb-core-1.0.1.jar:/home/user/.m2/repository/org/apache/kerby/kerby-pkix/1.0.1/kerby-pkix-1.0.1.jar:/home/user/.m2/repository/org/apache/kerby/kerby-asn1/1.0.1/kerby-asn1-1.0.1.jar:/home/user/.m2/repository/org/apache/kerby/kerby-util/1.0.1/kerby-util-1.0.1.jar:/home/user/.m2/repository/org/apache/kerby/kerb-common/1.0.1/kerb-common-1.0.1.jar:/home/user/.m2/repository/org/apache/kerby/kerb-crypto/1.0.1/kerb-crypto-1.0.1.jar:/home/user/.m2/repository/org/apache/kerby/kerb-util/1.0.1/kerb-util-1.0.1.jar:/home/user/.m2/repository/org/apache/kerby/token-provider/1.0.1/token-provider-1.0.1.jar:/home/user/.m2/repository/org/apache/kerby/kerb-admin/1.0.1/kerb-admin-1.0.1.jar:/home/user/.m2/repository/org/apache/kerby/kerb-server/1.0.1/kerb-server-1.0.1.jar:/home/user/.m2/repository/org/apache/kerby/kerb-identity/1.0.1/kerb-identity-1.0.1.jar:/home/user/.m2/repository/org/apache/kerby/kerby-xdr/1.0.1/kerby-xdr-1.0.1.jar:/home/user/.m2/repository/org/slf4j/slf4j-log4j12/1.7.25/slf4j-log4j12-1.7.25.jar:/home/user/.m2/repository/org/apache/hadoop/hadoop-ozone-s3gateway/0.5.0-SNAPSHOT/hadoop-ozone-s3gateway-0.5.0-SNAPSHOT.jar:/home/user/.m2/repository/org/jboss/weld/servlet/weld-servlet/2.4.7.Final/weld-servlet-2.4.7.Final.jar:/home/user/.m2/repository/org/glassfish/jersey/containers/jersey-container-servlet-core/2.27/jersey-container-servlet-core-2.27.jar:/home/user/.m2/repository/org/glassfish/hk2/external/javax.inject/2.5.0-b42/javax.inject-2.5.0-b42.jar:/home/user/.m2/repository/org/glassfish/jersey/core/jersey-common/2.27/jersey-common-2.27.jar:/home/user/.m2/repository/org/glassfish/hk2/osgi-resource-locator/1.0.1/osgi-resource-locator-1.0.1.jar:/home/user/.m2/repository/javax/ws/rs/javax.ws.rs-api/2.1/javax.ws.rs-api-2.1.jar:/home/user/.m2/repository/org/glassfish/jersey/ext/cdi/jersey-cdi1x/2.27/jersey-cdi1x-2.27.jar:/home/user/.m2/repository/org/glassfish/jersey/inject/jersey-hk2/2.27/jersey-hk2-2.27.jar:/home/user/.m2/repository/org/glassfish/hk2/hk2-locator/2.5.0-b42/hk2-locator-2.5.0-b42.jar:/home/user/.m2/repository/org/javassist/javassist/3.22.0-CR2/javassist-3.22.0-CR2.jar:/home/user/.m2/repository/org/glassfish/hk2/hk2-api/2.5.0/hk2-api-2.5.0.jar:/home/user/.m2/repository/org/glassfish/hk2/external/jakarta.inject/2.5.0/jakarta.inject-2.5.0.jar:/home/user/.m2/repository/org/glassfish/hk2/hk2-utils/2.5.0/hk2-utils-2.5.0.jar:/home/user/.m2/repository/jakarta/annotation/jakarta.annotation-api/1.3.4/jakarta.annotation-api-1.3.4.jar:/home/user/.m2/repository/org/glassfish/hk2/external/aopalliance-repackaged/2.5.0/aopalliance-repackaged-2.5.0.jar:/home/user/.m2/repository/com/fasterxml/jackson/dataformat/jackson-dataformat-xml/2.9.0/jackson-dataformat-xml-2.9.0.jar:/home/user/.m2/repository/com/fasterxml/jackson/core/jackson-core/2.9.5/jackson-core-2.9.5.jar:/home/user/.m2/repository/com/fasterxml/jackson/module/jackson-module-jaxb-annotations/2.9.5/jackson-module-jaxb-annotations-2.9.5.jar:/home/user/.m2/repository/javax/enterprise/cdi-api/1.2/cdi-api-1.2.jar:/home/user/.m2/repository/javax/el/javax.el-api/3.0.0/javax.el-api-3.0.0.jar:/home/user/.m2/repository/javax/interceptor/javax.interceptor-api/1.2/javax.interceptor-api-1.2.jar:/home/user/.m2/repository/javax/inject/javax.inject/1/javax.inject-1.jar:/home/user/.m2/repository/com/sun/xml/bind/jaxb-impl/2.3.0.1/jaxb-impl-2.3.0.1.jar:/home/user/.m2/repository/com/sun/xml/bind/jaxb-core/2.3.0.1/jaxb-core-2.3.0.1.jar:/home/user/.m2/repository/javax/xml/bind/jaxb-api/2.3.0/jaxb-api-2.3.0.jar:/home/user/.m2/repository/javax/activation/activation/1.1.1/activation-1.1.1.jar:/home/user/.m2/repository/org/apache/hadoop/hadoop-ozone-csi/0.5.0-SNAPSHOT/hadoop-ozone-csi-0.5.0-SNAPSHOT.jar:/home/user/.m2/repository/com/google/protobuf/protobuf-java-util/3.5.1/protobuf-java-util-3.5.1.jar:/home/user/.m2/repository/org/apache/hadoop/hadoop-hdds-config/0.5.0-SNAPSHOT/hadoop-hdds-config-0.5.0-SNAPSHOT.jar:/home/user/.m2/repository/io/grpc/grpc-netty/1.17.1/grpc-netty-1.17.1.jar:/home/user/.m2/repository/io/grpc/grpc-core/1.17.1/grpc-core-1.17.1.jar:/home/user/.m2/repository/io/grpc/grpc-context/1.17.1/grpc-context-1.17.1.jar:/home/user/.m2/repository/com/google/errorprone/error_prone_annotations/2.2.0/error_prone_annotations-2.2.0.jar:/home/user/.m2/repository/org/codehaus/mojo/animal-sniffer-annotations/1.17/animal-sniffer-annotations-1.17.jar:/home/user/.m2/repository/io/opencensus/opencensus-api/0.17.0/opencensus-api-0.17.0.jar:/home/user/.m2/repository/io/opencensus/opencensus-contrib-grpc-metrics/0.17.0/opencensus-contrib-grpc-metrics-0.17.0.jar:/home/user/.m2/repository/io/netty/netty-codec-http2/4.1.30.Final/netty-codec-http2-4.1.30.Final.jar:/home/user/.m2/repository/io/netty/netty-codec-http/4.1.30.Final/netty-codec-http-4.1.30.Final.jar:/home/user/.m2/repository/io/netty/netty-codec/4.1.30.Final/netty-codec-4.1.30.Final.jar:/home/user/.m2/repository/io/netty/netty-handler/4.1.30.Final/netty-handler-4.1.30.Final.jar:/home/user/.m2/repository/io/netty/netty-handler-proxy/4.1.30.Final/netty-handler-proxy-4.1.30.Final.jar:/home/user/.m2/repository/io/netty/netty-codec-socks/4.1.30.Final/netty-codec-socks-4.1.30.Final.jar:/home/user/.m2/repository/io/netty/netty-transport-native-epoll/4.1.30.Final/netty-transport-native-epoll-4.1.30.Final.jar:/home/user/.m2/repository/io/netty/netty-common/4.1.30.Final/netty-common-4.1.30.Final.jar:/home/user/.m2/repository/io/netty/netty-buffer/4.1.30.Final/netty-buffer-4.1.30.Final.jar:/home/user/.m2/repository/io/netty/netty-transport/4.1.30.Final/netty-transport-4.1.30.Final.jar:/home/user/.m2/repository/io/netty/netty-resolver/4.1.30.Final/netty-resolver-4.1.30.Final.jar:/home/user/.m2/repository/io/netty/netty-transport-native-unix-common/4.1.30.Final/netty-transport-native-unix-common-4.1.30.Final.jar:/home/user/.m2/repository/io/grpc/grpc-protobuf/1.17.1/grpc-protobuf-1.17.1.jar:/home/user/.m2/repository/com/google/api/grpc/proto-google-common-protos/1.0.0/proto-google-common-protos-1.0.0.jar:/home/user/.m2/repository/io/grpc/grpc-protobuf-lite/1.17.1/grpc-protobuf-lite-1.17.1.jar:/home/user/.m2/repository/io/grpc/grpc-stub/1.17.1/grpc-stub-1.17.1.jar:/home/user/.m2/repository/org/apache/hadoop/hadoop-ozone-recon/0.5.0-SNAPSHOT/hadoop-ozone-recon-0.5.0-SNAPSHOT.jar:/home/user/.m2/repository/org/apache/hadoop/hadoop-ozone-reconcodegen/0.5.0-SNAPSHOT/hadoop-ozone-reconcodegen-0.5.0-SNAPSHOT.jar:/home/user/.m2/repository/com/google/inject/extensions/guice-multibindings/4.0/guice-multibindings-4.0.jar:/home/user/.m2/repository/com/google/inject/guice/4.0/guice-4.0.jar:/home/user/.m2/repository/aopalliance/aopalliance/1.0/aopalliance-1.0.jar:/home/user/.m2/repository/com/google/inject/extensions/guice-servlet/4.0/guice-servlet-4.0.jar:/home/user/.m2/repository/org/glassfish/jersey/containers/jersey-container-servlet/2.27/jersey-container-servlet-2.27.jar:/home/user/.m2/repository/org/glassfish/hk2/guice-bridge/2.5.0/guice-bridge-2.5.0.jar:/home/user/.m2/repository/org/glassfish/jersey/core/jersey-server/2.27/jersey-server-2.27.jar:/home/user/.m2/repository/org/glassfish/jersey/core/jersey-client/2.27/jersey-client-2.27.jar:/home/user/.m2/repository/org/glassfish/jersey/media/jersey-media-jaxb/2.27/jersey-media-jaxb-2.27.jar:/home/user/.m2/repository/javax/validation/validation-api/1.1.0.Final/validation-api-1.1.0.Final.jar:/home/user/.m2/repository/org/glassfish/jersey/media/jersey-media-json-jackson/2.27/jersey-media-json-jackson-2.27.jar:/home/user/.m2/repository/org/glassfish/jersey/ext/jersey-entity-filtering/2.27/jersey-entity-filtering-2.27.jar:/home/user/.m2/repository/com/google/inject/extensions/guice-assistedinject/4.0/guice-assistedinject-4.0.jar:/home/user/.m2/repository/org/jooq/jooq/3.11.10/jooq-3.11.10.jar:/home/user/.m2/repository/org/jooq/jooq-meta/3.11.10/jooq-meta-3.11.10.jar:/home/user/.m2/repository/org/jooq/jooq-codegen/3.11.10/jooq-codegen-3.11.10.jar:/home/user/.m2/repository/com/jolbox/bonecp/0.8.0.RELEASE/bonecp-0.8.0.RELEASE.jar:/home/user/.m2/repository/org/xerial/sqlite-jdbc/3.25.2/sqlite-jdbc-3.25.2.jar:/home/user/.m2/repository/org/springframework/spring-jdbc/5.1.3.RELEASE/spring-jdbc-5.1.3.RELEASE.jar:/home/user/.m2/repository/org/springframework/spring-beans/5.1.3.RELEASE/spring-beans-5.1.3.RELEASE.jar:/home/user/.m2/repository/org/springframework/spring-core/5.1.3.RELEASE/spring-core-5.1.3.RELEASE.jar:/home/user/.m2/repository/org/springframework/spring-jcl/5.1.3.RELEASE/spring-jcl-5.1.3.RELEASE.jar:/home/user/.m2/repository/org/springframework/spring-tx/5.1.3.RELEASE/spring-tx-5.1.3.RELEASE.jar:/home/user/.m2/repository/org/apache/hadoop/hadoop-ozone-client/0.5.0-SNAPSHOT/hadoop-ozone-client-0.5.0-SNAPSHOT.jar:/home/user/.m2/repository/commons-lang/commons-lang/2.6/commons-lang-2.6.jar:/home/user/.m2/repository/org/apache/hadoop/hadoop-ozone-ozone-manager/0.5.0-SNAPSHOT/hadoop-ozone-ozone-manager-0.5.0-SNAPSHOT-tests.jar:/home/user/.m2/repository/junit/junit/4.11/junit-4.11.jar:/home/user/.m2/repository/org/hamcrest/hamcrest-core/1.3/hamcrest-core-1.3.jar:/home/user/.m2/repository/org/openjdk/jmh/jmh-core/1.19/jmh-core-1.19.jar:/home/user/.m2/repository/net/sf/jopt-simple/jopt-simple/4.6/jopt-simple-4.6.jar:/home/user/.m2/repository/org/apache/commons/commons-math3/3.1.1/commons-math3-3.1.1.jar:/home/user/.m2/repository/org/openjdk/jmh/jmh-generator-annprocess/1.19/jmh-generator-annprocess-1.19.jar:/home/user/.m2/repository/org/mockito/mockito-all/1.8.5/mockito-all-1.8.5.jar:/home/user/.m2/repository/org/apache/hadoop/hadoop-kms/3.2.0/hadoop-kms-3.2.0.jar:/home/user/.m2/repository/org/apache/hadoop/hadoop-auth/3.2.0/hadoop-auth-3.2.0.jar:/home/user/.m2/repository/com/nimbusds/nimbus-jose-jwt/4.41.1/nimbus-jose-jwt-4.41.1.jar:/home/user/.m2/repository/com/github/stephenc/jcip/jcip-annotations/1.0-1/jcip-annotations-1.0-1.jar:/home/user/.m2/repository/net/minidev/json-smart/2.3/json-smart-2.3.jar:/home/user/.m2/repository/net/minidev/accessors-smart/1.2/accessors-smart-1.2.jar:/home/user/.m2/repository/org/ow2/asm/asm/5.0.4/asm-5.0.4.jar:/home/user/.m2/repository/org/apache/curator/curator-framework/2.12.0/curator-framework-2.12.0.jar:/home/user/.m2/repository/com/sun/jersey/jersey-core/1.19/jersey-core-1.19.jar:/home/user/.m2/repository/javax/ws/rs/jsr311-api/1.1.1/jsr311-api-1.1.1.jar:/home/user/.m2/repository/com/sun/jersey/jersey-server/1.19/jersey-server-1.19.jar:/home/user/.m2/repository/javax/servlet/javax.servlet-api/3.1.0/javax.servlet-api-3.1.0.jar:/home/user/.m2/repository/org/eclipse/jetty/jetty-server/9.3.24.v20180605/jetty-server-9.3.24.v20180605.jar:/home/user/.m2/repository/org/eclipse/jetty/jetty-http/9.3.24.v20180605/jetty-http-9.3.24.v20180605.jar:/home/user/.m2/repository/org/eclipse/jetty/jetty-io/9.3.24.v20180605/jetty-io-9.3.24.v20180605.jar:/home/user/.m2/repository/org/eclipse/jetty/jetty-webapp/9.3.24.v20180605/jetty-webapp-9.3.24.v20180605.jar:/home/user/.m2/repository/org/eclipse/jetty/jetty-xml/9.3.24.v20180605/jetty-xml-9.3.24.v20180605.jar:/home/user/.m2/repository/log4j/log4j/1.2.17/log4j-1.2.17.jar:/home/user/.m2/repository/org/slf4j/slf4j-api/1.7.25/slf4j-api-1.7.25.jar:/home/user/.m2/repository/org/slf4j/jul-to-slf4j/1.7.25/jul-to-slf4j-1.7.25.jar:/home/user/.m2/repository/org/eclipse/jetty/jetty-util/9.3.24.v20180605/jetty-util-9.3.24.v20180605.jar:/home/user/.m2/repository/com/fasterxml/jackson/core/jackson-databind/2.9.5/jackson-databind-2.9.5.jar:/home/user/.m2/repository/org/apache/hadoop/hadoop-kms/3.2.0/hadoop-kms-3.2.0-tests.jar:/home/user/.m2/repository/org/apache/hadoop/hadoop-hdds-server-scm/0.5.0-SNAPSHOT/hadoop-hdds-server-scm-0.5.0-SNAPSHOT-tests.jar:/home/user/.m2/repository/org/apache/hadoop/hadoop-hdds-container-service/0.5.0-SNAPSHOT/hadoop-hdds-container-service-0.5.0-SNAPSHOT-tests.jar:/home/user/.m2/repository/org/yaml/snakeyaml/1.16/snakeyaml-1.16.jar:/home/user/.m2/repository/org/apache/hadoop/hadoop-common/3.2.0/hadoop-common-3.2.0-tests.jar:/home/user/.m2/repository/org/apache/hadoop/hadoop-annotations/3.2.0/hadoop-annotations-3.2.0.jar:/usr/lib/jvm/java-1.8-openjdk/jre/../lib/tools.jar:/home/user/.m2/repository/commons-cli/commons-cli/1.2/commons-cli-1.2.jar:/home/user/.m2/repository/org/apache/httpcomponents/httpclient/4.5.2/httpclient-4.5.2.jar:/home/user/.m2/repository/org/apache/httpcomponents/httpcore/4.4.4/httpcore-4.4.4.jar:/home/user/.m2/repository/commons-codec/commons-codec/1.11/commons-codec-1.11.jar:/home/user/.m2/repository/commons-net/commons-net/3.6/commons-net-3.6.jar:/home/user/.m2/repository/commons-collections/commons-collections/3.2.2/commons-collections-3.2.2.jar:/home/user/.m2/repository/org/eclipse/jetty/jetty-servlet/9.3.24.v20180605/jetty-servlet-9.3.24.v20180605.jar:/home/user/.m2/repository/org/eclipse/jetty/jetty-security/9.3.24.v20180605/jetty-security-9.3.24.v20180605.jar:/home/user/.m2/repository/javax/servlet/jsp/jsp-api/2.1/jsp-api-2.1.jar:/home/user/.m2/repository/com/sun/jersey/jersey-servlet/1.19/jersey-servlet-1.19.jar:/home/user/.m2/repository/com/sun/jersey/jersey-json/1.19/jersey-json-1.19.jar:/home/user/.m2/repository/org/codehaus/jettison/jettison/1.1/jettison-1.1.jar:/home/user/.m2/repository/org/codehaus/jackson/jackson-core-asl/1.9.13/jackson-core-asl-1.9.13.jar:/home/user/.m2/repository/org/codehaus/jackson/jackson-mapper-asl/1.9.13/jackson-mapper-asl-1.9.13.jar:/home/user/.m2/repository/org/codehaus/jackson/jackson-jaxrs/1.9.13/jackson-jaxrs-1.9.13.jar:/home/user/.m2/repository/org/codehaus/jackson/jackson-xc/1.9.13/jackson-xc-1.9.13.jar:/home/user/.m2/repository/commons-logging/commons-logging/1.1.3/commons-logging-1.1.3.jar:/home/user/.m2/repository/commons-beanutils/commons-beanutils/1.9.3/commons-beanutils-1.9.3.jar:/home/user/.m2/repository/org/apache/commons/commons-configuration2/2.1.1/commons-configuration2-2.1.1.jar:/home/user/.m2/repository/org/apache/commons/commons-lang3/3.7/commons-lang3-3.7.jar:/home/user/.m2/repository/org/apache/commons/commons-text/1.4/commons-text-1.4.jar:/home/user/.m2/repository/org/apache/avro/avro/1.7.7/avro-1.7.7.jar:/home/user/.m2/repository/com/thoughtworks/paranamer/paranamer/2.3/paranamer-2.3.jar:/home/user/.m2/repository/org/xerial/snappy/snappy-java/1.0.5/snappy-java-1.0.5.jar:/home/user/.m2/repository/com/google/re2j/re2j/1.1/re2j-1.1.jar:/home/user/.m2/repository/com/google/code/gson/gson/2.2.4/gson-2.2.4.jar:/home/user/.m2/repository/com/jcraft/jsch/0.1.54/jsch-0.1.54.jar:/home/user/.m2/repository/org/apache/curator/curator-client/2.12.0/curator-client-2.12.0.jar:/home/user/.m2/repository/org/apache/curator/curator-recipes/2.12.0/curator-recipes-2.12.0.jar:/home/user/.m2/repository/com/google/code/findbugs/jsr305/3.0.0/jsr305-3.0.0.jar:/home/user/.m2/repository/org/apache/htrace/htrace-core4/4.1.0-incubating/htrace-core4-4.1.0-incubating.jar:/home/user/.m2/repository/org/apache/zookeeper/zookeeper/3.4.13/zookeeper-3.4.13.jar:/home/user/.m2/repository/org/apache/yetus/audience-annotations/0.5.0/audience-annotations-0.5.0.jar:/home/user/.m2/repository/org/codehaus/woodstox/stax2-api/3.1.4/stax2-api-3.1.4.jar:/home/user/.m2/repository/com/fasterxml/woodstox/woodstox-core/5.0.3/woodstox-core-5.0.3.jar:/home/user/.m2/repository/dnsjava/dnsjava/2.1.7/dnsjava-2.1.7.jar:/home/user/.m2/repository/org/apache/hadoop/hadoop-hdfs/3.2.0/hadoop-hdfs-3.2.0-tests.jar:/home/user/.m2/repository/org/eclipse/jetty/jetty-util-ajax/9.3.24.v20180605/jetty-util-ajax-9.3.24.v20180605.jar:/home/user/.m2/repository/commons-daemon/commons-daemon/1.0.13/commons-daemon-1.0.13.jar:/home/user/.m2/repository/io/netty/netty/3.10.5.Final/netty-3.10.5.Final.jar:/home/user/.m2/repository/io/netty/netty-all/4.0.52.Final/netty-all-4.0.52.Final.jar:/home/user/.m2/repository/org/fusesource/leveldbjni/leveldbjni-all/1.8/leveldbjni-all-1.8.jar:"/>
    <property name="java.vm.vendor" value="IcedTea"/>
    <property name="sun.arch.data.model" value="64"/>
    <property name="test.build.dir" value="/workdir/hadoop-ozone/integration-test/target/test-dir"/>
    <property name="test.cache.data" value=""/>
    <property name="java.vendor.url" value="https://icedtea.classpath.org"/>
    <property name="user.timezone" value=""/>
    <property name="java.vm.specification.version" value="1.8"/>
    <property name="os.name" value="Linux"/>
    <property name="test.build.data" value="/workdir/hadoop-ozone/integration-test/target/test-dir"/>
    <property name="user.country" value="US"/>
    <property name="sun.java.launcher" value="SUN_STANDARD"/>
    <property name="sun.boot.library.path" value="/usr/lib/jvm/java-1.8-openjdk/jre/lib/amd64"/>
    <property name="sun.java.command" value="/workdir/hadoop-ozone/integration-test/target/surefire/surefirebooter7761542146494242545.jar /workdir/hadoop-ozone/integration-test/target/surefire 2019-09-19T10-50-14_909-jvmRun1 surefire847026469521309141tmp surefire_393282439019991849677tmp"/>
    <property name="test" value="!TestMiniChaosOzoneCluster"/>
    <property name="surefire.test.class.path" value="/workdir/hadoop-ozone/integration-test/target/test-classes:/workdir/hadoop-ozone/integration-test/target/classes:/home/user/.m2/repository/org/apache/hadoop/hadoop-ozone-common/0.5.0-SNAPSHOT/hadoop-ozone-common-0.5.0-SNAPSHOT.jar:/home/user/.m2/repository/org/apache/commons/commons-compress/1.4.1/commons-compress-1.4.1.jar:/home/user/.m2/repository/org/tukaani/xz/1.0/xz-1.0.jar:/home/user/.m2/repository/org/apache/hadoop/hadoop-common/3.2.0/hadoop-common-3.2.0.jar:/home/user/.m2/repository/org/apache/hadoop/hadoop-hdfs/3.2.0/hadoop-hdfs-3.2.0.jar:/home/user/.m2/repository/org/apache/hadoop/hadoop-hdfs-client/3.2.0/hadoop-hdfs-client-3.2.0.jar:/home/user/.m2/repository/com/fasterxml/jackson/core/jackson-annotations/2.9.5/jackson-annotations-2.9.5.jar:/home/user/.m2/repository/org/apache/hadoop/hadoop-hdds-common/0.5.0-SNAPSHOT/hadoop-hdds-common-0.5.0-SNAPSHOT.jar:/home/user/.m2/repository/javax/annotation/javax.annotation-api/1.2/javax.annotation-api-1.2.jar:/home/user/.m2/repository/org/apache/ratis/ratis-server/0.4.0-78e95b9-SNAPSHOT/ratis-server-0.4.0-78e95b9-SNAPSHOT.jar:/home/user/.m2/repository/org/apache/ratis/ratis-thirdparty-misc/0.2.0/ratis-thirdparty-misc-0.2.0.jar:/home/user/.m2/repository/org/apache/ratis/ratis-proto/0.4.0-78e95b9-SNAPSHOT/ratis-proto-0.4.0-78e95b9-SNAPSHOT.jar:/home/user/.m2/repository/org/apache/ratis/ratis-common/0.4.0-78e95b9-SNAPSHOT/ratis-common-0.4.0-78e95b9-SNAPSHOT.jar:/home/user/.m2/repository/org/apache/ratis/ratis-client/0.4.0-78e95b9-SNAPSHOT/ratis-client-0.4.0-78e95b9-SNAPSHOT.jar:/home/user/.m2/repository/org/apache/ratis/ratis-metrics/0.4.0-78e95b9-SNAPSHOT/ratis-metrics-0.4.0-78e95b9-SNAPSHOT.jar:/home/user/.m2/repository/com/github/joshelser/dropwizard-metrics-hadoop-metrics2-reporter/0.1.2/dropwizard-metrics-hadoop-metrics2-reporter-0.1.2.jar:/home/user/.m2/repository/io/dropwizard/metrics/metrics-jvm/3.2.5/metrics-jvm-3.2.5.jar:/home/user/.m2/repository/io/dropwizard/metrics/metrics-ganglia/3.2.5/metrics-ganglia-3.2.5.jar:/home/user/.m2/repository/info/ganglia/gmetric4j/gmetric4j/1.0.7/gmetric4j-1.0.7.jar:/home/user/.m2/repository/org/apache/ratis/ratis-netty/0.4.0-78e95b9-SNAPSHOT/ratis-netty-0.4.0-78e95b9-SNAPSHOT.jar:/home/user/.m2/repository/org/apache/ratis/ratis-grpc/0.4.0-78e95b9-SNAPSHOT/ratis-grpc-0.4.0-78e95b9-SNAPSHOT.jar:/home/user/.m2/repository/org/rocksdb/rocksdbjni/6.0.1/rocksdbjni-6.0.1.jar:/home/user/.m2/repository/org/apache/logging/log4j/log4j-api/2.11.0/log4j-api-2.11.0.jar:/home/user/.m2/repository/org/apache/logging/log4j/log4j-core/2.11.0/log4j-core-2.11.0.jar:/home/user/.m2/repository/com/lmax/disruptor/3.4.2/disruptor-3.4.2.jar:/home/user/.m2/repository/org/apache/commons/commons-pool2/2.6.0/commons-pool2-2.6.0.jar:/home/user/.m2/repository/org/bouncycastle/bcpkix-jdk15on/1.60/bcpkix-jdk15on-1.60.jar:/home/user/.m2/repository/commons-validator/commons-validator/1.6/commons-validator-1.6.jar:/home/user/.m2/repository/commons-digester/commons-digester/1.8.1/commons-digester-1.8.1.jar:/home/user/.m2/repository/io/jaegertracing/jaeger-client/0.33.1/jaeger-client-0.33.1.jar:/home/user/.m2/repository/io/jaegertracing/jaeger-thrift/0.33.1/jaeger-thrift-0.33.1.jar:/home/user/.m2/repository/org/apache/thrift/libthrift/0.11.0/libthrift-0.11.0.jar:/home/user/.m2/repository/com/squareup/okhttp3/okhttp/3.9.0/okhttp-3.9.0.jar:/home/user/.m2/repository/com/squareup/okio/okio/1.13.0/okio-1.13.0.jar:/home/user/.m2/repository/io/jaegertracing/jaeger-core/0.33.1/jaeger-core-0.33.1.jar:/home/user/.m2/repository/io/jaegertracing/jaeger-tracerresolver/0.33.1/jaeger-tracerresolver-0.33.1.jar:/home/user/.m2/repository/io/opentracing/contrib/opentracing-tracerresolver/0.1.5/opentracing-tracerresolver-0.1.5.jar:/home/user/.m2/repository/io/opentracing/opentracing-util/0.31.0/opentracing-util-0.31.0.jar:/home/user/.m2/repository/io/opentracing/opentracing-api/0.31.0/opentracing-api-0.31.0.jar:/home/user/.m2/repository/io/opentracing/opentracing-noop/0.31.0/opentracing-noop-0.31.0.jar:/home/user/.m2/repository/org/apache/hadoop/hadoop-hdds-server-framework/0.5.0-SNAPSHOT/hadoop-hdds-server-framework-0.5.0-SNAPSHOT.jar:/home/user/.m2/repository/org/apache/hadoop/hadoop-hdds-container-service/0.5.0-SNAPSHOT/hadoop-hdds-container-service-0.5.0-SNAPSHOT.jar:/home/user/.m2/repository/org/apache/hadoop/hadoop-hdds-client/0.5.0-SNAPSHOT/hadoop-hdds-client-0.5.0-SNAPSHOT.jar:/home/user/.m2/repository/org/apache/hadoop/hadoop-hdds-tools/0.5.0-SNAPSHOT/hadoop-hdds-tools-0.5.0-SNAPSHOT.jar:/home/user/.m2/repository/org/apache/hadoop/hadoop-hdds-server-scm/0.5.0-SNAPSHOT/hadoop-hdds-server-scm-0.5.0-SNAPSHOT.jar:/home/user/.m2/repository/org/apache/hadoop/hadoop-hdds-docs/0.5.0-SNAPSHOT/hadoop-hdds-docs-0.5.0-SNAPSHOT.jar:/home/user/.m2/repository/io/dropwizard/metrics/metrics-core/3.2.4/metrics-core-3.2.4.jar:/home/user/.m2/repository/org/hamcrest/hamcrest-all/1.3/hamcrest-all-1.3.jar:/home/user/.m2/repository/org/bouncycastle/bcprov-jdk15on/1.60/bcprov-jdk15on-1.60.jar:/home/user/.m2/repository/info/picocli/picocli/3.9.6/picocli-3.9.6.jar:/home/user/.m2/repository/com/google/protobuf/protobuf-java/2.5.0/protobuf-java-2.5.0.jar:/home/user/.m2/repository/com/google/guava/guava/11.0.2/guava-11.0.2.jar:/home/user/.m2/repository/org/apache/hadoop/hadoop-ozone-ozone-manager/0.5.0-SNAPSHOT/hadoop-ozone-ozone-manager-0.5.0-SNAPSHOT.jar:/home/user/.m2/repository/org/apache/hadoop/hadoop-minikdc/3.2.0/hadoop-minikdc-3.2.0.jar:/home/user/.m2/repository/commons-io/commons-io/2.5/commons-io-2.5.jar:/home/user/.m2/repository/org/apache/kerby/kerb-simplekdc/1.0.1/kerb-simplekdc-1.0.1.jar:/home/user/.m2/repository/org/apache/kerby/kerb-client/1.0.1/kerb-client-1.0.1.jar:/home/user/.m2/repository/org/apache/kerby/kerby-config/1.0.1/kerby-config-1.0.1.jar:/home/user/.m2/repository/org/apache/kerby/kerb-core/1.0.1/kerb-core-1.0.1.jar:/home/user/.m2/repository/org/apache/kerby/kerby-pkix/1.0.1/kerby-pkix-1.0.1.jar:/home/user/.m2/repository/org/apache/kerby/kerby-asn1/1.0.1/kerby-asn1-1.0.1.jar:/home/user/.m2/repository/org/apache/kerby/kerby-util/1.0.1/kerby-util-1.0.1.jar:/home/user/.m2/repository/org/apache/kerby/kerb-common/1.0.1/kerb-common-1.0.1.jar:/home/user/.m2/repository/org/apache/kerby/kerb-crypto/1.0.1/kerb-crypto-1.0.1.jar:/home/user/.m2/repository/org/apache/kerby/kerb-util/1.0.1/kerb-util-1.0.1.jar:/home/user/.m2/repository/org/apache/kerby/token-provider/1.0.1/token-provider-1.0.1.jar:/home/user/.m2/repository/org/apache/kerby/kerb-admin/1.0.1/kerb-admin-1.0.1.jar:/home/user/.m2/repository/org/apache/kerby/kerb-server/1.0.1/kerb-server-1.0.1.jar:/home/user/.m2/repository/org/apache/kerby/kerb-identity/1.0.1/kerb-identity-1.0.1.jar:/home/user/.m2/repository/org/apache/kerby/kerby-xdr/1.0.1/kerby-xdr-1.0.1.jar:/home/user/.m2/repository/org/slf4j/slf4j-log4j12/1.7.25/slf4j-log4j12-1.7.25.jar:/home/user/.m2/repository/org/apache/hadoop/hadoop-ozone-s3gateway/0.5.0-SNAPSHOT/hadoop-ozone-s3gateway-0.5.0-SNAPSHOT.jar:/home/user/.m2/repository/org/jboss/weld/servlet/weld-servlet/2.4.7.Final/weld-servlet-2.4.7.Final.jar:/home/user/.m2/repository/org/glassfish/jersey/containers/jersey-container-servlet-core/2.27/jersey-container-servlet-core-2.27.jar:/home/user/.m2/repository/org/glassfish/hk2/external/javax.inject/2.5.0-b42/javax.inject-2.5.0-b42.jar:/home/user/.m2/repository/org/glassfish/jersey/core/jersey-common/2.27/jersey-common-2.27.jar:/home/user/.m2/repository/org/glassfish/hk2/osgi-resource-locator/1.0.1/osgi-resource-locator-1.0.1.jar:/home/user/.m2/repository/javax/ws/rs/javax.ws.rs-api/2.1/javax.ws.rs-api-2.1.jar:/home/user/.m2/repository/org/glassfish/jersey/ext/cdi/jersey-cdi1x/2.27/jersey-cdi1x-2.27.jar:/home/user/.m2/repository/org/glassfish/jersey/inject/jersey-hk2/2.27/jersey-hk2-2.27.jar:/home/user/.m2/repository/org/glassfish/hk2/hk2-locator/2.5.0-b42/hk2-locator-2.5.0-b42.jar:/home/user/.m2/repository/org/javassist/javassist/3.22.0-CR2/javassist-3.22.0-CR2.jar:/home/user/.m2/repository/org/glassfish/hk2/hk2-api/2.5.0/hk2-api-2.5.0.jar:/home/user/.m2/repository/org/glassfish/hk2/external/jakarta.inject/2.5.0/jakarta.inject-2.5.0.jar:/home/user/.m2/repository/org/glassfish/hk2/hk2-utils/2.5.0/hk2-utils-2.5.0.jar:/home/user/.m2/repository/jakarta/annotation/jakarta.annotation-api/1.3.4/jakarta.annotation-api-1.3.4.jar:/home/user/.m2/repository/org/glassfish/hk2/external/aopalliance-repackaged/2.5.0/aopalliance-repackaged-2.5.0.jar:/home/user/.m2/repository/com/fasterxml/jackson/dataformat/jackson-dataformat-xml/2.9.0/jackson-dataformat-xml-2.9.0.jar:/home/user/.m2/repository/com/fasterxml/jackson/core/jackson-core/2.9.5/jackson-core-2.9.5.jar:/home/user/.m2/repository/com/fasterxml/jackson/module/jackson-module-jaxb-annotations/2.9.5/jackson-module-jaxb-annotations-2.9.5.jar:/home/user/.m2/repository/javax/enterprise/cdi-api/1.2/cdi-api-1.2.jar:/home/user/.m2/repository/javax/el/javax.el-api/3.0.0/javax.el-api-3.0.0.jar:/home/user/.m2/repository/javax/interceptor/javax.interceptor-api/1.2/javax.interceptor-api-1.2.jar:/home/user/.m2/repository/javax/inject/javax.inject/1/javax.inject-1.jar:/home/user/.m2/repository/com/sun/xml/bind/jaxb-impl/2.3.0.1/jaxb-impl-2.3.0.1.jar:/home/user/.m2/repository/com/sun/xml/bind/jaxb-core/2.3.0.1/jaxb-core-2.3.0.1.jar:/home/user/.m2/repository/javax/xml/bind/jaxb-api/2.3.0/jaxb-api-2.3.0.jar:/home/user/.m2/repository/javax/activation/activation/1.1.1/activation-1.1.1.jar:/home/user/.m2/repository/org/apache/hadoop/hadoop-ozone-csi/0.5.0-SNAPSHOT/hadoop-ozone-csi-0.5.0-SNAPSHOT.jar:/home/user/.m2/repository/com/google/protobuf/protobuf-java-util/3.5.1/protobuf-java-util-3.5.1.jar:/home/user/.m2/repository/org/apache/hadoop/hadoop-hdds-config/0.5.0-SNAPSHOT/hadoop-hdds-config-0.5.0-SNAPSHOT.jar:/home/user/.m2/repository/io/grpc/grpc-netty/1.17.1/grpc-netty-1.17.1.jar:/home/user/.m2/repository/io/grpc/grpc-core/1.17.1/grpc-core-1.17.1.jar:/home/user/.m2/repository/io/grpc/grpc-context/1.17.1/grpc-context-1.17.1.jar:/home/user/.m2/repository/com/google/errorprone/error_prone_annotations/2.2.0/error_prone_annotations-2.2.0.jar:/home/user/.m2/repository/org/codehaus/mojo/animal-sniffer-annotations/1.17/animal-sniffer-annotations-1.17.jar:/home/user/.m2/repository/io/opencensus/opencensus-api/0.17.0/opencensus-api-0.17.0.jar:/home/user/.m2/repository/io/opencensus/opencensus-contrib-grpc-metrics/0.17.0/opencensus-contrib-grpc-metrics-0.17.0.jar:/home/user/.m2/repository/io/netty/netty-codec-http2/4.1.30.Final/netty-codec-http2-4.1.30.Final.jar:/home/user/.m2/repository/io/netty/netty-codec-http/4.1.30.Final/netty-codec-http-4.1.30.Final.jar:/home/user/.m2/repository/io/netty/netty-codec/4.1.30.Final/netty-codec-4.1.30.Final.jar:/home/user/.m2/repository/io/netty/netty-handler/4.1.30.Final/netty-handler-4.1.30.Final.jar:/home/user/.m2/repository/io/netty/netty-handler-proxy/4.1.30.Final/netty-handler-proxy-4.1.30.Final.jar:/home/user/.m2/repository/io/netty/netty-codec-socks/4.1.30.Final/netty-codec-socks-4.1.30.Final.jar:/home/user/.m2/repository/io/netty/netty-transport-native-epoll/4.1.30.Final/netty-transport-native-epoll-4.1.30.Final.jar:/home/user/.m2/repository/io/netty/netty-common/4.1.30.Final/netty-common-4.1.30.Final.jar:/home/user/.m2/repository/io/netty/netty-buffer/4.1.30.Final/netty-buffer-4.1.30.Final.jar:/home/user/.m2/repository/io/netty/netty-transport/4.1.30.Final/netty-transport-4.1.30.Final.jar:/home/user/.m2/repository/io/netty/netty-resolver/4.1.30.Final/netty-resolver-4.1.30.Final.jar:/home/user/.m2/repository/io/netty/netty-transport-native-unix-common/4.1.30.Final/netty-transport-native-unix-common-4.1.30.Final.jar:/home/user/.m2/repository/io/grpc/grpc-protobuf/1.17.1/grpc-protobuf-1.17.1.jar:/home/user/.m2/repository/com/google/api/grpc/proto-google-common-protos/1.0.0/proto-google-common-protos-1.0.0.jar:/home/user/.m2/repository/io/grpc/grpc-protobuf-lite/1.17.1/grpc-protobuf-lite-1.17.1.jar:/home/user/.m2/repository/io/grpc/grpc-stub/1.17.1/grpc-stub-1.17.1.jar:/home/user/.m2/repository/org/apache/hadoop/hadoop-ozone-recon/0.5.0-SNAPSHOT/hadoop-ozone-recon-0.5.0-SNAPSHOT.jar:/home/user/.m2/repository/org/apache/hadoop/hadoop-ozone-reconcodegen/0.5.0-SNAPSHOT/hadoop-ozone-reconcodegen-0.5.0-SNAPSHOT.jar:/home/user/.m2/repository/com/google/inject/extensions/guice-multibindings/4.0/guice-multibindings-4.0.jar:/home/user/.m2/repository/com/google/inject/guice/4.0/guice-4.0.jar:/home/user/.m2/repository/aopalliance/aopalliance/1.0/aopalliance-1.0.jar:/home/user/.m2/repository/com/google/inject/extensions/guice-servlet/4.0/guice-servlet-4.0.jar:/home/user/.m2/repository/org/glassfish/jersey/containers/jersey-container-servlet/2.27/jersey-container-servlet-2.27.jar:/home/user/.m2/repository/org/glassfish/hk2/guice-bridge/2.5.0/guice-bridge-2.5.0.jar:/home/user/.m2/repository/org/glassfish/jersey/core/jersey-server/2.27/jersey-server-2.27.jar:/home/user/.m2/repository/org/glassfish/jersey/core/jersey-client/2.27/jersey-client-2.27.jar:/home/user/.m2/repository/org/glassfish/jersey/media/jersey-media-jaxb/2.27/jersey-media-jaxb-2.27.jar:/home/user/.m2/repository/javax/validation/validation-api/1.1.0.Final/validation-api-1.1.0.Final.jar:/home/user/.m2/repository/org/glassfish/jersey/media/jersey-media-json-jackson/2.27/jersey-media-json-jackson-2.27.jar:/home/user/.m2/repository/org/glassfish/jersey/ext/jersey-entity-filtering/2.27/jersey-entity-filtering-2.27.jar:/home/user/.m2/repository/com/google/inject/extensions/guice-assistedinject/4.0/guice-assistedinject-4.0.jar:/home/user/.m2/repository/org/jooq/jooq/3.11.10/jooq-3.11.10.jar:/home/user/.m2/repository/org/jooq/jooq-meta/3.11.10/jooq-meta-3.11.10.jar:/home/user/.m2/repository/org/jooq/jooq-codegen/3.11.10/jooq-codegen-3.11.10.jar:/home/user/.m2/repository/com/jolbox/bonecp/0.8.0.RELEASE/bonecp-0.8.0.RELEASE.jar:/home/user/.m2/repository/org/xerial/sqlite-jdbc/3.25.2/sqlite-jdbc-3.25.2.jar:/home/user/.m2/repository/org/springframework/spring-jdbc/5.1.3.RELEASE/spring-jdbc-5.1.3.RELEASE.jar:/home/user/.m2/repository/org/springframework/spring-beans/5.1.3.RELEASE/spring-beans-5.1.3.RELEASE.jar:/home/user/.m2/repository/org/springframework/spring-core/5.1.3.RELEASE/spring-core-5.1.3.RELEASE.jar:/home/user/.m2/repository/org/springframework/spring-jcl/5.1.3.RELEASE/spring-jcl-5.1.3.RELEASE.jar:/home/user/.m2/repository/org/springframework/spring-tx/5.1.3.RELEASE/spring-tx-5.1.3.RELEASE.jar:/home/user/.m2/repository/org/apache/hadoop/hadoop-ozone-client/0.5.0-SNAPSHOT/hadoop-ozone-client-0.5.0-SNAPSHOT.jar:/home/user/.m2/repository/commons-lang/commons-lang/2.6/commons-lang-2.6.jar:/home/user/.m2/repository/org/apache/hadoop/hadoop-ozone-ozone-manager/0.5.0-SNAPSHOT/hadoop-ozone-ozone-manager-0.5.0-SNAPSHOT-tests.jar:/home/user/.m2/repository/junit/junit/4.11/junit-4.11.jar:/home/user/.m2/repository/org/hamcrest/hamcrest-core/1.3/hamcrest-core-1.3.jar:/home/user/.m2/repository/org/openjdk/jmh/jmh-core/1.19/jmh-core-1.19.jar:/home/user/.m2/repository/net/sf/jopt-simple/jopt-simple/4.6/jopt-simple-4.6.jar:/home/user/.m2/repository/org/apache/commons/commons-math3/3.1.1/commons-math3-3.1.1.jar:/home/user/.m2/repository/org/openjdk/jmh/jmh-generator-annprocess/1.19/jmh-generator-annprocess-1.19.jar:/home/user/.m2/repository/org/mockito/mockito-all/1.8.5/mockito-all-1.8.5.jar:/home/user/.m2/repository/org/apache/hadoop/hadoop-kms/3.2.0/hadoop-kms-3.2.0.jar:/home/user/.m2/repository/org/apache/hadoop/hadoop-auth/3.2.0/hadoop-auth-3.2.0.jar:/home/user/.m2/repository/com/nimbusds/nimbus-jose-jwt/4.41.1/nimbus-jose-jwt-4.41.1.jar:/home/user/.m2/repository/com/github/stephenc/jcip/jcip-annotations/1.0-1/jcip-annotations-1.0-1.jar:/home/user/.m2/repository/net/minidev/json-smart/2.3/json-smart-2.3.jar:/home/user/.m2/repository/net/minidev/accessors-smart/1.2/accessors-smart-1.2.jar:/home/user/.m2/repository/org/ow2/asm/asm/5.0.4/asm-5.0.4.jar:/home/user/.m2/repository/org/apache/curator/curator-framework/2.12.0/curator-framework-2.12.0.jar:/home/user/.m2/repository/com/sun/jersey/jersey-core/1.19/jersey-core-1.19.jar:/home/user/.m2/repository/javax/ws/rs/jsr311-api/1.1.1/jsr311-api-1.1.1.jar:/home/user/.m2/repository/com/sun/jersey/jersey-server/1.19/jersey-server-1.19.jar:/home/user/.m2/repository/javax/servlet/javax.servlet-api/3.1.0/javax.servlet-api-3.1.0.jar:/home/user/.m2/repository/org/eclipse/jetty/jetty-server/9.3.24.v20180605/jetty-server-9.3.24.v20180605.jar:/home/user/.m2/repository/org/eclipse/jetty/jetty-http/9.3.24.v20180605/jetty-http-9.3.24.v20180605.jar:/home/user/.m2/repository/org/eclipse/jetty/jetty-io/9.3.24.v20180605/jetty-io-9.3.24.v20180605.jar:/home/user/.m2/repository/org/eclipse/jetty/jetty-webapp/9.3.24.v20180605/jetty-webapp-9.3.24.v20180605.jar:/home/user/.m2/repository/org/eclipse/jetty/jetty-xml/9.3.24.v20180605/jetty-xml-9.3.24.v20180605.jar:/home/user/.m2/repository/log4j/log4j/1.2.17/log4j-1.2.17.jar:/home/user/.m2/repository/org/slf4j/slf4j-api/1.7.25/slf4j-api-1.7.25.jar:/home/user/.m2/repository/org/slf4j/jul-to-slf4j/1.7.25/jul-to-slf4j-1.7.25.jar:/home/user/.m2/repository/org/eclipse/jetty/jetty-util/9.3.24.v20180605/jetty-util-9.3.24.v20180605.jar:/home/user/.m2/repository/com/fasterxml/jackson/core/jackson-databind/2.9.5/jackson-databind-2.9.5.jar:/home/user/.m2/repository/org/apache/hadoop/hadoop-kms/3.2.0/hadoop-kms-3.2.0-tests.jar:/home/user/.m2/repository/org/apache/hadoop/hadoop-hdds-server-scm/0.5.0-SNAPSHOT/hadoop-hdds-server-scm-0.5.0-SNAPSHOT-tests.jar:/home/user/.m2/repository/org/apache/hadoop/hadoop-hdds-container-service/0.5.0-SNAPSHOT/hadoop-hdds-container-service-0.5.0-SNAPSHOT-tests.jar:/home/user/.m2/repository/org/yaml/snakeyaml/1.16/snakeyaml-1.16.jar:/home/user/.m2/repository/org/apache/hadoop/hadoop-common/3.2.0/hadoop-common-3.2.0-tests.jar:/home/user/.m2/repository/org/apache/hadoop/hadoop-annotations/3.2.0/hadoop-annotations-3.2.0.jar:/usr/lib/jvm/java-1.8-openjdk/jre/../lib/tools.jar:/home/user/.m2/repository/commons-cli/commons-cli/1.2/commons-cli-1.2.jar:/home/user/.m2/repository/org/apache/httpcomponents/httpclient/4.5.2/httpclient-4.5.2.jar:/home/user/.m2/repository/org/apache/httpcomponents/httpcore/4.4.4/httpcore-4.4.4.jar:/home/user/.m2/repository/commons-codec/commons-codec/1.11/commons-codec-1.11.jar:/home/user/.m2/repository/commons-net/commons-net/3.6/commons-net-3.6.jar:/home/user/.m2/repository/commons-collections/commons-collections/3.2.2/commons-collections-3.2.2.jar:/home/user/.m2/repository/org/eclipse/jetty/jetty-servlet/9.3.24.v20180605/jetty-servlet-9.3.24.v20180605.jar:/home/user/.m2/repository/org/eclipse/jetty/jetty-security/9.3.24.v20180605/jetty-security-9.3.24.v20180605.jar:/home/user/.m2/repository/javax/servlet/jsp/jsp-api/2.1/jsp-api-2.1.jar:/home/user/.m2/repository/com/sun/jersey/jersey-servlet/1.19/jersey-servlet-1.19.jar:/home/user/.m2/repository/com/sun/jersey/jersey-json/1.19/jersey-json-1.19.jar:/home/user/.m2/repository/org/codehaus/jettison/jettison/1.1/jettison-1.1.jar:/home/user/.m2/repository/org/codehaus/jackson/jackson-core-asl/1.9.13/jackson-core-asl-1.9.13.jar:/home/user/.m2/repository/org/codehaus/jackson/jackson-mapper-asl/1.9.13/jackson-mapper-asl-1.9.13.jar:/home/user/.m2/repository/org/codehaus/jackson/jackson-jaxrs/1.9.13/jackson-jaxrs-1.9.13.jar:/home/user/.m2/repository/org/codehaus/jackson/jackson-xc/1.9.13/jackson-xc-1.9.13.jar:/home/user/.m2/repository/commons-logging/commons-logging/1.1.3/commons-logging-1.1.3.jar:/home/user/.m2/repository/commons-beanutils/commons-beanutils/1.9.3/commons-beanutils-1.9.3.jar:/home/user/.m2/repository/org/apache/commons/commons-configuration2/2.1.1/commons-configuration2-2.1.1.jar:/home/user/.m2/repository/org/apache/commons/commons-lang3/3.7/commons-lang3-3.7.jar:/home/user/.m2/repository/org/apache/commons/commons-text/1.4/commons-text-1.4.jar:/home/user/.m2/repository/org/apache/avro/avro/1.7.7/avro-1.7.7.jar:/home/user/.m2/repository/com/thoughtworks/paranamer/paranamer/2.3/paranamer-2.3.jar:/home/user/.m2/repository/org/xerial/snappy/snappy-java/1.0.5/snappy-java-1.0.5.jar:/home/user/.m2/repository/com/google/re2j/re2j/1.1/re2j-1.1.jar:/home/user/.m2/repository/com/google/code/gson/gson/2.2.4/gson-2.2.4.jar:/home/user/.m2/repository/com/jcraft/jsch/0.1.54/jsch-0.1.54.jar:/home/user/.m2/repository/org/apache/curator/curator-client/2.12.0/curator-client-2.12.0.jar:/home/user/.m2/repository/org/apache/curator/curator-recipes/2.12.0/curator-recipes-2.12.0.jar:/home/user/.m2/repository/com/google/code/findbugs/jsr305/3.0.0/jsr305-3.0.0.jar:/home/user/.m2/repository/org/apache/htrace/htrace-core4/4.1.0-incubating/htrace-core4-4.1.0-incubating.jar:/home/user/.m2/repository/org/apache/zookeeper/zookeeper/3.4.13/zookeeper-3.4.13.jar:/home/user/.m2/repository/org/apache/yetus/audience-annotations/0.5.0/audience-annotations-0.5.0.jar:/home/user/.m2/repository/org/codehaus/woodstox/stax2-api/3.1.4/stax2-api-3.1.4.jar:/home/user/.m2/repository/com/fasterxml/woodstox/woodstox-core/5.0.3/woodstox-core-5.0.3.jar:/home/user/.m2/repository/dnsjava/dnsjava/2.1.7/dnsjava-2.1.7.jar:/home/user/.m2/repository/org/apache/hadoop/hadoop-hdfs/3.2.0/hadoop-hdfs-3.2.0-tests.jar:/home/user/.m2/repository/org/eclipse/jetty/jetty-util-ajax/9.3.24.v20180605/jetty-util-ajax-9.3.24.v20180605.jar:/home/user/.m2/repository/commons-daemon/commons-daemon/1.0.13/commons-daemon-1.0.13.jar:/home/user/.m2/repository/io/netty/netty/3.10.5.Final/netty-3.10.5.Final.jar:/home/user/.m2/repository/io/netty/netty-all/4.0.52.Final/netty-all-4.0.52.Final.jar:/home/user/.m2/repository/org/fusesource/leveldbjni/leveldbjni-all/1.8/leveldbjni-all-1.8.jar:"/>
    <property name="sun.cpu.endian" value="little"/>
    <property name="user.home" value="/home/user"/>
    <property name="user.language" value="en"/>
    <property name="java.specification.vendor" value="Oracle Corporation"/>
    <property name="java.home" value="/usr/lib/jvm/java-1.8-openjdk/jre"/>
    <property name="java.security.krb5.conf" value="/workdir/hadoop-ozone/integration-test/target/test-classes/krb5.conf"/>
    <property name="basedir" value="/workdir/hadoop-ozone/integration-test"/>
    <property name="file.separator" value="/"/>
    <property name="line.separator" value="&#10;"/>
    <property name="java.vm.specification.vendor" value="Oracle Corporation"/>
    <property name="java.specification.name" value="Java Platform API Specification"/>
    <property name="java.awt.graphicsenv" value="sun.awt.X11GraphicsEnvironment"/>
    <property name="surefire.real.class.path" value="/workdir/hadoop-ozone/integration-test/target/surefire/surefirebooter7761542146494242545.jar"/>
    <property name="hadoop.log.dir" value="/workdir/hadoop-ozone/integration-test/target/log"/>
    <property name="sun.boot.class.path" value="/usr/lib/jvm/java-1.8-openjdk/jre/lib/resources.jar:/usr/lib/jvm/java-1.8-openjdk/jre/lib/rt.jar:/usr/lib/jvm/java-1.8-openjdk/jre/lib/sunrsasign.jar:/usr/lib/jvm/java-1.8-openjdk/jre/lib/jsse.jar:/usr/lib/jvm/java-1.8-openjdk/jre/lib/jce.jar:/usr/lib/jvm/java-1.8-openjdk/jre/lib/charsets.jar:/usr/lib/jvm/java-1.8-openjdk/jre/lib/jfr.jar:/usr/lib/jvm/java-1.8-openjdk/jre/classes"/>
    <property name="sun.management.compiler" value="HotSpot 64-Bit Tiered Compilers"/>
    <property name="java.runtime.version" value="1.8.0_212-b04"/>
    <property name="java.net.preferIPv4Stack" value="true"/>
    <property name="user.name" value="jenkins1000"/>
    <property name="path.separator" value=":"/>
    <property name="java.security.egd" value="file:///dev/urandom"/>
    <property name="os.version" value="3.10.0-957.12.2.el7.x86_64"/>
    <property name="java.endorsed.dirs" value="/usr/lib/jvm/java-1.8-openjdk/jre/lib/endorsed"/>
    <property name="java.runtime.name" value="OpenJDK Runtime Environment"/>
    <property name="file.encoding" value="UTF-8"/>
    <property name="java.vm.name" value="OpenJDK 64-Bit Server VM"/>
    <property name="test.build.webapps" value=""/>
    <property name="localRepository" value="/home/user/.m2/repository"/>
    <property name="java.vendor.url.bug" value="https://icedtea.classpath.org/bugzilla"/>
    <property name="java.io.tmpdir" value="/tmp"/>
    <property name="require.test.libhadoop" value=""/>
    <property name="java.version" value="1.8.0_212"/>
    <property name="user.dir" value="/workdir/hadoop-ozone/integration-test"/>
    <property name="os.arch" value="amd64"/>
    <property name="java.vm.specification.name" value="Java Virtual Machine Specification"/>
    <property name="test.build.classes" value="/workdir/hadoop-ozone/integration-test/target/test-classes"/>
    <property name="java.awt.printerjob" value="sun.print.PSPrinterJob"/>
    <property name="sun.os.patch.level" value="unknown"/>
    <property name="hadoop.tmp.dir" value="/workdir/hadoop-ozone/integration-test/target/tmp"/>
    <property name="java.library.path" value="/usr/lib/jvm/java-1.8-openjdk/jre/lib/amd64/server:/usr/lib/jvm/java-1.8-openjdk/jre/lib/amd64:/usr/lib/jvm/java-1.8-openjdk/jre/../lib/amd64:/workdir/hadoop-ozone/integration-test/target/native/target/usr/local/lib:/workdir/hadoop-ozone/integration-test/../../hadoop-common-project/hadoop-common/target/native/target/usr/local/lib:/usr/java/packages/lib/amd64:/usr/lib64:/lib64:/lib:/usr/lib"/>
    <property name="java.vm.info" value="mixed mode"/>
    <property name="java.vendor" value="IcedTea"/>
    <property name="java.vm.version" value="25.212-b04"/>
    <property name="java.ext.dirs" value="/usr/lib/jvm/java-1.8-openjdk/jre/lib/ext:/usr/java/packages/lib/ext"/>
    <property name="sun.io.unicode.encoding" value="UnicodeLittle"/>
    <property name="java.class.version" value="52.0"/>
  </properties>
  <testcase name="testFlushChunk" classname="org.apache.hadoop.ozone.client.rpc.TestBlockOutputStream" time="5.535"/>
  <testcase name="testMultiChunkWrite2" classname="org.apache.hadoop.ozone.client.rpc.TestBlockOutputStream" time="0.427"/>
  <testcase name="testMultiChunkWrite" classname="org.apache.hadoop.ozone.client.rpc.TestBlockOutputStream" time="187.595">
    <failure message="expected:&lt;7&gt; but was:&lt;9&gt;" type="java.lang.AssertionError"><![CDATA[java.lang.AssertionError: expected:<7> but was:<9>
	at org.junit.Assert.fail(Assert.java:88)
	at org.junit.Assert.failNotEquals(Assert.java:743)
	at org.junit.Assert.assertEquals(Assert.java:118)
	at org.junit.Assert.assertEquals(Assert.java:555)
	at org.junit.Assert.assertEquals(Assert.java:542)
	at org.apache.hadoop.ozone.client.rpc.TestBlockOutputStream.testMultiChunkWrite(TestBlockOutputStream.java:364)
	at sun.reflect.NativeMethodAccessorImpl.invoke0(Native Method)
	at sun.reflect.NativeMethodAccessorImpl.invoke(NativeMethodAccessorImpl.java:62)
	at sun.reflect.DelegatingMethodAccessorImpl.invoke(DelegatingMethodAccessorImpl.java:43)
	at java.lang.reflect.Method.invoke(Method.java:498)
	at org.junit.runners.model.FrameworkMethod$1.runReflectiveCall(FrameworkMethod.java:47)
	at org.junit.internal.runners.model.ReflectiveCallable.run(ReflectiveCallable.java:12)
	at org.junit.runners.model.FrameworkMethod.invokeExplosively(FrameworkMethod.java:44)
	at org.junit.internal.runners.statements.InvokeMethod.evaluate(InvokeMethod.java:17)
	at org.junit.runners.ParentRunner.runLeaf(ParentRunner.java:271)
	at org.junit.runners.BlockJUnit4ClassRunner.runChild(BlockJUnit4ClassRunner.java:70)
	at org.junit.runners.BlockJUnit4ClassRunner.runChild(BlockJUnit4ClassRunner.java:50)
	at org.junit.runners.ParentRunner$3.run(ParentRunner.java:238)
	at org.junit.runners.ParentRunner$1.schedule(ParentRunner.java:63)
	at org.junit.runners.ParentRunner.runChildren(ParentRunner.java:236)
	at org.junit.runners.ParentRunner.access$000(ParentRunner.java:53)
	at org.junit.runners.ParentRunner$2.evaluate(ParentRunner.java:229)
	at org.junit.internal.runners.statements.RunBefores.evaluate(RunBefores.java:26)
	at org.junit.internal.runners.statements.RunAfters.evaluate(RunAfters.java:27)
	at org.junit.runners.ParentRunner.run(ParentRunner.java:309)
	at org.apache.maven.surefire.junit4.JUnit4Provider.execute(JUnit4Provider.java:365)
	at org.apache.maven.surefire.junit4.JUnit4Provider.executeWithRerun(JUnit4Provider.java:273)
	at org.apache.maven.surefire.junit4.JUnit4Provider.executeTestSet(JUnit4Provider.java:238)
	at org.apache.maven.surefire.junit4.JUnit4Provider.invoke(JUnit4Provider.java:159)
	at org.apache.maven.surefire.booter.ForkedBooter.invokeProviderInSameClassLoader(ForkedBooter.java:384)
	at org.apache.maven.surefire.booter.ForkedBooter.runSuitesInProcess(ForkedBooter.java:345)
	at org.apache.maven.surefire.booter.ForkedBooter.execute(ForkedBooter.java:126)
	at org.apache.maven.surefire.booter.ForkedBooter.main(ForkedBooter.java:418)
]]></failure>
    <system-out><![CDATA[2019-09-19 11:42:17,029 [java.util.concurrent.ThreadPoolExecutor$Worker@62ca102e[State = -1, empty queue]] WARN  server.GrpcLogAppender (GrpcLogAppender.java:timeoutAppendRequest(200)) - 1ef51437-5145-4abf-870a-167f7b897ac9@group-809A4272F2ED->7ab74afe-3a06-48e8-81a5-116c850ada99-GrpcLogAppender: appendEntries Timeout, request=1ef51437-5145-4abf-870a-167f7b897ac9->7ab74afe-3a06-48e8-81a5-116c850ada99#12-t1, previous=(t:1, i:10), leaderCommit=10, initializing? false, entries: size=1, first=(t:1, i:11), STATEMACHINELOGENTRY, client-F41086007F95, cid=21
2019-09-19 11:42:17,029 [java.util.concurrent.ThreadPoolExecutor$Worker@1e3d8202[State = -1, empty queue]] WARN  server.GrpcLogAppender (GrpcLogAppender.java:timeoutAppendRequest(200)) - 1ef51437-5145-4abf-870a-167f7b897ac9@group-809A4272F2ED->659ebf6d-5767-4313-894f-3fd853d4ec88-GrpcLogAppender: appendEntries Timeout, request=1ef51437-5145-4abf-870a-167f7b897ac9->659ebf6d-5767-4313-894f-3fd853d4ec88#12-t1, previous=(t:1, i:10), leaderCommit=10, initializing? false, entries: size=1, first=(t:1, i:11), STATEMACHINELOGENTRY, client-F41086007F95, cid=21
2019-09-19 11:42:17,031 [java.util.concurrent.ThreadPoolExecutor$Worker@62ca102e[State = -1, empty queue]] WARN  server.GrpcLogAppender (GrpcLogAppender.java:timeoutAppendRequest(200)) - 1ef51437-5145-4abf-870a-167f7b897ac9@group-809A4272F2ED->7ab74afe-3a06-48e8-81a5-116c850ada99-GrpcLogAppender: appendEntries Timeout, request=1ef51437-5145-4abf-870a-167f7b897ac9->7ab74afe-3a06-48e8-81a5-116c850ada99#13-t1, previous=(t:1, i:11), leaderCommit=10, initializing? false, entries: size=1, first=(t:1, i:12), STATEMACHINELOGENTRY, client-F41086007F95, cid=22
2019-09-19 11:42:17,034 [java.util.concurrent.ThreadPoolExecutor$Worker@1e3d8202[State = -1, empty queue]] WARN  server.GrpcLogAppender (GrpcLogAppender.java:timeoutAppendRequest(200)) - 1ef51437-5145-4abf-870a-167f7b897ac9@group-809A4272F2ED->659ebf6d-5767-4313-894f-3fd853d4ec88-GrpcLogAppender: appendEntries Timeout, request=1ef51437-5145-4abf-870a-167f7b897ac9->659ebf6d-5767-4313-894f-3fd853d4ec88#13-t1, previous=(t:1, i:11), leaderCommit=10, initializing? false, entries: size=1, first=(t:1, i:12), STATEMACHINELOGENTRY, client-F41086007F95, cid=22
2019-09-19 11:42:17,035 [java.util.concurrent.ThreadPoolExecutor$Worker@62ca102e[State = -1, empty queue]] WARN  server.GrpcLogAppender (GrpcLogAppender.java:timeoutAppendRequest(200)) - 1ef51437-5145-4abf-870a-167f7b897ac9@group-809A4272F2ED->7ab74afe-3a06-48e8-81a5-116c850ada99-GrpcLogAppender: appendEntries Timeout, request=1ef51437-5145-4abf-870a-167f7b897ac9->7ab74afe-3a06-48e8-81a5-116c850ada99#14-t1, previous=(t:1, i:12), leaderCommit=10, initializing? false, entries: size=1, first=(t:1, i:13), STATEMACHINELOGENTRY, client-F41086007F95, cid=23
2019-09-19 11:42:17,037 [java.util.concurrent.ThreadPoolExecutor$Worker@1e3d8202[State = -1, empty queue]] WARN  server.GrpcLogAppender (GrpcLogAppender.java:timeoutAppendRequest(200)) - 1ef51437-5145-4abf-870a-167f7b897ac9@group-809A4272F2ED->659ebf6d-5767-4313-894f-3fd853d4ec88-GrpcLogAppender: appendEntries Timeout, request=1ef51437-5145-4abf-870a-167f7b897ac9->659ebf6d-5767-4313-894f-3fd853d4ec88#14-t1, previous=(t:1, i:12), leaderCommit=10, initializing? false, entries: size=1, first=(t:1, i:13), STATEMACHINELOGENTRY, client-F41086007F95, cid=23
2019-09-19 11:42:19,103 [grpc-default-executor-1] INFO  client.GrpcClientProtocolClient (GrpcClientProtocolClient.java:onNext(264)) - client-F41086007F95->7ab74afe-3a06-48e8-81a5-116c850ada99: receive RaftClientReply:client-F41086007F95->7ab74afe-3a06-48e8-81a5-116c850ada99@group-809A4272F2ED, cid=21, FAILED org.apache.ratis.protocol.NotLeaderException: Server 7ab74afe-3a06-48e8-81a5-116c850ada99@group-809A4272F2ED is not the leader 1ef51437-5145-4abf-870a-167f7b897ac9:192.168.34.13:41893, logIndex=0, commits[7ab74afe-3a06-48e8-81a5-116c850ada99:c10, 659ebf6d-5767-4313-894f-3fd853d4ec88:c6, 1ef51437-5145-4abf-870a-167f7b897ac9:c10]
2019-09-19 11:42:19,531 [java.util.concurrent.ThreadPoolExecutor$Worker@1e3d8202[State = -1, empty queue]] WARN  server.GrpcLogAppender (GrpcLogAppender.java:timeoutAppendRequest(200)) - 1ef51437-5145-4abf-870a-167f7b897ac9@group-809A4272F2ED->659ebf6d-5767-4313-894f-3fd853d4ec88-GrpcLogAppender: appendEntries Timeout, request=1ef51437-5145-4abf-870a-167f7b897ac9->659ebf6d-5767-4313-894f-3fd853d4ec88#15-t1, previous=(t:1, i:13), leaderCommit=10, initializing? false, entries: <empty>
2019-09-19 11:42:19,531 [java.util.concurrent.ThreadPoolExecutor$Worker@62ca102e[State = -1, empty queue]] WARN  server.GrpcLogAppender (GrpcLogAppender.java:timeoutAppendRequest(200)) - 1ef51437-5145-4abf-870a-167f7b897ac9@group-809A4272F2ED->7ab74afe-3a06-48e8-81a5-116c850ada99-GrpcLogAppender: appendEntries Timeout, request=1ef51437-5145-4abf-870a-167f7b897ac9->7ab74afe-3a06-48e8-81a5-116c850ada99#15-t1, previous=(t:1, i:13), leaderCommit=10, initializing? false, entries: <empty>
2019-09-19 11:42:22,031 [java.util.concurrent.ThreadPoolExecutor$Worker@1e3d8202[State = -1, empty queue]] WARN  server.GrpcLogAppender (GrpcLogAppender.java:timeoutAppendRequest(200)) - 1ef51437-5145-4abf-870a-167f7b897ac9@group-809A4272F2ED->659ebf6d-5767-4313-894f-3fd853d4ec88-GrpcLogAppender: appendEntries Timeout, request=1ef51437-5145-4abf-870a-167f7b897ac9->659ebf6d-5767-4313-894f-3fd853d4ec88#16-t1, previous=(t:1, i:13), leaderCommit=10, initializing? false, entries: <empty>
2019-09-19 11:42:22,031 [java.util.concurrent.ThreadPoolExecutor$Worker@62ca102e[State = -1, empty queue]] WARN  server.GrpcLogAppender (GrpcLogAppender.java:timeoutAppendRequest(200)) - 1ef51437-5145-4abf-870a-167f7b897ac9@group-809A4272F2ED->7ab74afe-3a06-48e8-81a5-116c850ada99-GrpcLogAppender: appendEntries Timeout, request=1ef51437-5145-4abf-870a-167f7b897ac9->7ab74afe-3a06-48e8-81a5-116c850ada99#16-t1, previous=(t:1, i:13), leaderCommit=10, initializing? false, entries: <empty>
2019-09-19 11:42:24,135 [7ab74afe-3a06-48e8-81a5-116c850ada99@group-809A4272F2ED-SegmentedRaftLogWorker] WARN  segmented.SegmentedRaftLogWorker (SegmentedRaftLogWorker.java:getFromFuture(90)) - Timeout 0/~
org.apache.ratis.protocol.TimeoutIOException: Timeout 10s: WriteLog:12: (t:1, i:12), STATEMACHINELOGENTRY, client-F41086007F95, cid=22-writeStateMachineData
	at org.apache.ratis.util.IOUtils.getFromFuture(IOUtils.java:87)
	at org.apache.ratis.server.raftlog.segmented.SegmentedRaftLogWorker$StateMachineDataPolicy.getFromFuture(SegmentedRaftLogWorker.java:87)
	at org.apache.ratis.server.raftlog.segmented.SegmentedRaftLogWorker$WriteLog.execute(SegmentedRaftLogWorker.java:477)
	at org.apache.ratis.server.raftlog.segmented.SegmentedRaftLogWorker.run(SegmentedRaftLogWorker.java:289)
	at java.lang.Thread.run(Thread.java:748)
Caused by: java.util.concurrent.TimeoutException
	at java.util.concurrent.CompletableFuture.timedGet(CompletableFuture.java:1771)
	at java.util.concurrent.CompletableFuture.get(CompletableFuture.java:1915)
	at org.apache.ratis.util.IOUtils.getFromFuture(IOUtils.java:79)
	... 4 more
2019-09-19 11:42:24,135 [659ebf6d-5767-4313-894f-3fd853d4ec88@group-809A4272F2ED-SegmentedRaftLogWorker] WARN  segmented.SegmentedRaftLogWorker (SegmentedRaftLogWorker.java:getFromFuture(90)) - Timeout 0/~
org.apache.ratis.protocol.TimeoutIOException: Timeout 10s: WriteLog:12: (t:1, i:12), STATEMACHINELOGENTRY, client-F41086007F95, cid=22-writeStateMachineData
	at org.apache.ratis.util.IOUtils.getFromFuture(IOUtils.java:87)
	at org.apache.ratis.server.raftlog.segmented.SegmentedRaftLogWorker$StateMachineDataPolicy.getFromFuture(SegmentedRaftLogWorker.java:87)
	at org.apache.ratis.server.raftlog.segmented.SegmentedRaftLogWorker$WriteLog.execute(SegmentedRaftLogWorker.java:477)
	at org.apache.ratis.server.raftlog.segmented.SegmentedRaftLogWorker.run(SegmentedRaftLogWorker.java:289)
	at java.lang.Thread.run(Thread.java:748)
Caused by: java.util.concurrent.TimeoutException
	at java.util.concurrent.CompletableFuture.timedGet(CompletableFuture.java:1771)
	at java.util.concurrent.CompletableFuture.get(CompletableFuture.java:1915)
	at org.apache.ratis.util.IOUtils.getFromFuture(IOUtils.java:79)
	... 4 more
2019-09-19 11:42:24,157 [grpc-default-executor-3] INFO  client.GrpcClientProtocolClient (GrpcClientProtocolClient.java:onNext(264)) - client-F41086007F95->659ebf6d-5767-4313-894f-3fd853d4ec88: receive RaftClientReply:client-F41086007F95->659ebf6d-5767-4313-894f-3fd853d4ec88@group-809A4272F2ED, cid=21, FAILED org.apache.ratis.protocol.NotLeaderException: Server 659ebf6d-5767-4313-894f-3fd853d4ec88@group-809A4272F2ED is not the leader 1ef51437-5145-4abf-870a-167f7b897ac9:192.168.34.13:41893, logIndex=0, commits[659ebf6d-5767-4313-894f-3fd853d4ec88:c10, 1ef51437-5145-4abf-870a-167f7b897ac9:c10, 7ab74afe-3a06-48e8-81a5-116c850ada99:c6]
2019-09-19 11:42:24,532 [java.util.concurrent.ThreadPoolExecutor$Worker@62ca102e[State = -1, empty queue]] WARN  server.GrpcLogAppender (GrpcLogAppender.java:timeoutAppendRequest(200)) - 1ef51437-5145-4abf-870a-167f7b897ac9@group-809A4272F2ED->7ab74afe-3a06-48e8-81a5-116c850ada99-GrpcLogAppender: appendEntries Timeout, request=1ef51437-5145-4abf-870a-167f7b897ac9->7ab74afe-3a06-48e8-81a5-116c850ada99#17-t1, previous=(t:1, i:13), leaderCommit=10, initializing? false, entries: <empty>
2019-09-19 11:42:24,532 [java.util.concurrent.ThreadPoolExecutor$Worker@1e3d8202[State = -1, empty queue]] WARN  server.GrpcLogAppender (GrpcLogAppender.java:timeoutAppendRequest(200)) - 1ef51437-5145-4abf-870a-167f7b897ac9@group-809A4272F2ED->659ebf6d-5767-4313-894f-3fd853d4ec88-GrpcLogAppender: appendEntries Timeout, request=1ef51437-5145-4abf-870a-167f7b897ac9->659ebf6d-5767-4313-894f-3fd853d4ec88#17-t1, previous=(t:1, i:13), leaderCommit=10, initializing? false, entries: <empty>
2019-09-19 11:42:27,033 [java.util.concurrent.ThreadPoolExecutor$Worker@62ca102e[State = -1, empty queue]] WARN  server.GrpcLogAppender (GrpcLogAppender.java:timeoutAppendRequest(200)) - 1ef51437-5145-4abf-870a-167f7b897ac9@group-809A4272F2ED->7ab74afe-3a06-48e8-81a5-116c850ada99-GrpcLogAppender: appendEntries Timeout, request=1ef51437-5145-4abf-870a-167f7b897ac9->7ab74afe-3a06-48e8-81a5-116c850ada99#18-t1, previous=(t:1, i:13), leaderCommit=10, initializing? false, entries: <empty>
2019-09-19 11:42:27,033 [java.util.concurrent.ThreadPoolExecutor$Worker@1e3d8202[State = -1, empty queue]] WARN  server.GrpcLogAppender (GrpcLogAppender.java:timeoutAppendRequest(200)) - 1ef51437-5145-4abf-870a-167f7b897ac9@group-809A4272F2ED->659ebf6d-5767-4313-894f-3fd853d4ec88-GrpcLogAppender: appendEntries Timeout, request=1ef51437-5145-4abf-870a-167f7b897ac9->659ebf6d-5767-4313-894f-3fd853d4ec88#18-t1, previous=(t:1, i:13), leaderCommit=10, initializing? false, entries: <empty>
2019-09-19 11:42:29,214 [grpc-default-executor-1] INFO  client.GrpcClientProtocolClient (GrpcClientProtocolClient.java:onNext(264)) - client-F41086007F95->7ab74afe-3a06-48e8-81a5-116c850ada99: receive RaftClientReply:client-F41086007F95->7ab74afe-3a06-48e8-81a5-116c850ada99@group-809A4272F2ED, cid=21, FAILED org.apache.ratis.protocol.NotLeaderException: Server 7ab74afe-3a06-48e8-81a5-116c850ada99@group-809A4272F2ED is not the leader 1ef51437-5145-4abf-870a-167f7b897ac9:192.168.34.13:41893, logIndex=0, commits[7ab74afe-3a06-48e8-81a5-116c850ada99:c10, 659ebf6d-5767-4313-894f-3fd853d4ec88:c6, 1ef51437-5145-4abf-870a-167f7b897ac9:c10]
2019-09-19 11:42:29,533 [java.util.concurrent.ThreadPoolExecutor$Worker@1e3d8202[State = -1, empty queue]] WARN  server.GrpcLogAppender (GrpcLogAppender.java:timeoutAppendRequest(200)) - 1ef51437-5145-4abf-870a-167f7b897ac9@group-809A4272F2ED->659ebf6d-5767-4313-894f-3fd853d4ec88-GrpcLogAppender: appendEntries Timeout, request=1ef51437-5145-4abf-870a-167f7b897ac9->659ebf6d-5767-4313-894f-3fd853d4ec88#19-t1, previous=(t:1, i:13), leaderCommit=10, initializing? false, entries: <empty>
2019-09-19 11:42:29,533 [java.util.concurrent.ThreadPoolExecutor$Worker@62ca102e[State = -1, empty queue]] WARN  server.GrpcLogAppender (GrpcLogAppender.java:timeoutAppendRequest(200)) - 1ef51437-5145-4abf-870a-167f7b897ac9@group-809A4272F2ED->7ab74afe-3a06-48e8-81a5-116c850ada99-GrpcLogAppender: appendEntries Timeout, request=1ef51437-5145-4abf-870a-167f7b897ac9->7ab74afe-3a06-48e8-81a5-116c850ada99#19-t1, previous=(t:1, i:13), leaderCommit=10, initializing? false, entries: <empty>
2019-09-19 11:42:32,036 [java.util.concurrent.ThreadPoolExecutor$Worker@1e3d8202[State = -1, empty queue]] WARN  server.GrpcLogAppender (GrpcLogAppender.java:timeoutAppendRequest(200)) - 1ef51437-5145-4abf-870a-167f7b897ac9@group-809A4272F2ED->659ebf6d-5767-4313-894f-3fd853d4ec88-GrpcLogAppender: appendEntries Timeout, request=1ef51437-5145-4abf-870a-167f7b897ac9->659ebf6d-5767-4313-894f-3fd853d4ec88#20-t1, previous=(t:1, i:13), leaderCommit=10, initializing? false, entries: <empty>
2019-09-19 11:42:32,036 [java.util.concurrent.ThreadPoolExecutor$Worker@62ca102e[State = -1, empty queue]] WARN  server.GrpcLogAppender (GrpcLogAppender.java:timeoutAppendRequest(200)) - 1ef51437-5145-4abf-870a-167f7b897ac9@group-809A4272F2ED->7ab74afe-3a06-48e8-81a5-116c850ada99-GrpcLogAppender: appendEntries Timeout, request=1ef51437-5145-4abf-870a-167f7b897ac9->7ab74afe-3a06-48e8-81a5-116c850ada99#20-t1, previous=(t:1, i:13), leaderCommit=10, initializing? false, entries: <empty>
2019-09-19 11:42:34,137 [7ab74afe-3a06-48e8-81a5-116c850ada99@group-809A4272F2ED-SegmentedRaftLogWorker] WARN  segmented.SegmentedRaftLogWorker (SegmentedRaftLogWorker.java:getFromFuture(90)) - Timeout 1/~
org.apache.ratis.protocol.TimeoutIOException: Timeout 10s: WriteLog:12: (t:1, i:12), STATEMACHINELOGENTRY, client-F41086007F95, cid=22-writeStateMachineData
	at org.apache.ratis.util.IOUtils.getFromFuture(IOUtils.java:87)
	at org.apache.ratis.server.raftlog.segmented.SegmentedRaftLogWorker$StateMachineDataPolicy.getFromFuture(SegmentedRaftLogWorker.java:87)
	at org.apache.ratis.server.raftlog.segmented.SegmentedRaftLogWorker$WriteLog.execute(SegmentedRaftLogWorker.java:477)
	at org.apache.ratis.server.raftlog.segmented.SegmentedRaftLogWorker.run(SegmentedRaftLogWorker.java:289)
	at java.lang.Thread.run(Thread.java:748)
Caused by: java.util.concurrent.TimeoutException
	at java.util.concurrent.CompletableFuture.timedGet(CompletableFuture.java:1771)
	at java.util.concurrent.CompletableFuture.get(CompletableFuture.java:1915)
	at org.apache.ratis.util.IOUtils.getFromFuture(IOUtils.java:79)
	... 4 more
2019-09-19 11:42:34,137 [659ebf6d-5767-4313-894f-3fd853d4ec88@group-809A4272F2ED-SegmentedRaftLogWorker] WARN  segmented.SegmentedRaftLogWorker (SegmentedRaftLogWorker.java:getFromFuture(90)) - Timeout 1/~
org.apache.ratis.protocol.TimeoutIOException: Timeout 10s: WriteLog:12: (t:1, i:12), STATEMACHINELOGENTRY, client-F41086007F95, cid=22-writeStateMachineData
	at org.apache.ratis.util.IOUtils.getFromFuture(IOUtils.java:87)
	at org.apache.ratis.server.raftlog.segmented.SegmentedRaftLogWorker$StateMachineDataPolicy.getFromFuture(SegmentedRaftLogWorker.java:87)
	at org.apache.ratis.server.raftlog.segmented.SegmentedRaftLogWorker$WriteLog.execute(SegmentedRaftLogWorker.java:477)
	at org.apache.ratis.server.raftlog.segmented.SegmentedRaftLogWorker.run(SegmentedRaftLogWorker.java:289)
	at java.lang.Thread.run(Thread.java:748)
Caused by: java.util.concurrent.TimeoutException
	at java.util.concurrent.CompletableFuture.timedGet(CompletableFuture.java:1771)
	at java.util.concurrent.CompletableFuture.get(CompletableFuture.java:1915)
	at org.apache.ratis.util.IOUtils.getFromFuture(IOUtils.java:79)
	... 4 more
2019-09-19 11:42:34,280 [grpc-default-executor-3] INFO  client.GrpcClientProtocolClient (GrpcClientProtocolClient.java:onNext(264)) - client-F41086007F95->659ebf6d-5767-4313-894f-3fd853d4ec88: receive RaftClientReply:client-F41086007F95->659ebf6d-5767-4313-894f-3fd853d4ec88@group-809A4272F2ED, cid=21, FAILED org.apache.ratis.protocol.NotLeaderException: Server 659ebf6d-5767-4313-894f-3fd853d4ec88@group-809A4272F2ED is not the leader 1ef51437-5145-4abf-870a-167f7b897ac9:192.168.34.13:41893, logIndex=0, commits[659ebf6d-5767-4313-894f-3fd853d4ec88:c10, 1ef51437-5145-4abf-870a-167f7b897ac9:c10, 7ab74afe-3a06-48e8-81a5-116c850ada99:c6]
2019-09-19 11:42:34,537 [java.util.concurrent.ThreadPoolExecutor$Worker@62ca102e[State = -1, empty queue]] WARN  server.GrpcLogAppender (GrpcLogAppender.java:timeoutAppendRequest(200)) - 1ef51437-5145-4abf-870a-167f7b897ac9@group-809A4272F2ED->7ab74afe-3a06-48e8-81a5-116c850ada99-GrpcLogAppender: appendEntries Timeout, request=1ef51437-5145-4abf-870a-167f7b897ac9->7ab74afe-3a06-48e8-81a5-116c850ada99#21-t1, previous=(t:1, i:13), leaderCommit=10, initializing? false, entries: <empty>
2019-09-19 11:42:34,537 [java.util.concurrent.ThreadPoolExecutor$Worker@1e3d8202[State = -1, empty queue]] WARN  server.GrpcLogAppender (GrpcLogAppender.java:timeoutAppendRequest(200)) - 1ef51437-5145-4abf-870a-167f7b897ac9@group-809A4272F2ED->659ebf6d-5767-4313-894f-3fd853d4ec88-GrpcLogAppender: appendEntries Timeout, request=1ef51437-5145-4abf-870a-167f7b897ac9->659ebf6d-5767-4313-894f-3fd853d4ec88#21-t1, previous=(t:1, i:13), leaderCommit=10, initializing? false, entries: <empty>
2019-09-19 11:42:37,037 [java.util.concurrent.ThreadPoolExecutor$Worker@62ca102e[State = -1, empty queue]] WARN  server.GrpcLogAppender (GrpcLogAppender.java:timeoutAppendRequest(200)) - 1ef51437-5145-4abf-870a-167f7b897ac9@group-809A4272F2ED->7ab74afe-3a06-48e8-81a5-116c850ada99-GrpcLogAppender: appendEntries Timeout, request=1ef51437-5145-4abf-870a-167f7b897ac9->7ab74afe-3a06-48e8-81a5-116c850ada99#22-t1, previous=(t:1, i:13), leaderCommit=10, initializing? false, entries: <empty>
2019-09-19 11:42:37,037 [java.util.concurrent.ThreadPoolExecutor$Worker@1e3d8202[State = -1, empty queue]] WARN  server.GrpcLogAppender (GrpcLogAppender.java:timeoutAppendRequest(200)) - 1ef51437-5145-4abf-870a-167f7b897ac9@group-809A4272F2ED->659ebf6d-5767-4313-894f-3fd853d4ec88-GrpcLogAppender: appendEntries Timeout, request=1ef51437-5145-4abf-870a-167f7b897ac9->659ebf6d-5767-4313-894f-3fd853d4ec88#22-t1, previous=(t:1, i:13), leaderCommit=10, initializing? false, entries: <empty>
2019-09-19 11:42:39,337 [grpc-default-executor-3] INFO  client.GrpcClientProtocolClient (GrpcClientProtocolClient.java:onNext(264)) - client-F41086007F95->7ab74afe-3a06-48e8-81a5-116c850ada99: receive RaftClientReply:client-F41086007F95->7ab74afe-3a06-48e8-81a5-116c850ada99@group-809A4272F2ED, cid=21, FAILED org.apache.ratis.protocol.NotLeaderException: Server 7ab74afe-3a06-48e8-81a5-116c850ada99@group-809A4272F2ED is not the leader 1ef51437-5145-4abf-870a-167f7b897ac9:192.168.34.13:41893, logIndex=0, commits[7ab74afe-3a06-48e8-81a5-116c850ada99:c10, 659ebf6d-5767-4313-894f-3fd853d4ec88:c6, 1ef51437-5145-4abf-870a-167f7b897ac9:c10]
2019-09-19 11:42:39,539 [java.util.concurrent.ThreadPoolExecutor$Worker@62ca102e[State = -1, empty queue]] WARN  server.GrpcLogAppender (GrpcLogAppender.java:timeoutAppendRequest(200)) - 1ef51437-5145-4abf-870a-167f7b897ac9@group-809A4272F2ED->7ab74afe-3a06-48e8-81a5-116c850ada99-GrpcLogAppender: appendEntries Timeout, request=1ef51437-5145-4abf-870a-167f7b897ac9->7ab74afe-3a06-48e8-81a5-116c850ada99#23-t1, previous=(t:1, i:13), leaderCommit=10, initializing? false, entries: <empty>
2019-09-19 11:42:39,539 [java.util.concurrent.ThreadPoolExecutor$Worker@1e3d8202[State = -1, empty queue]] WARN  server.GrpcLogAppender (GrpcLogAppender.java:timeoutAppendRequest(200)) - 1ef51437-5145-4abf-870a-167f7b897ac9@group-809A4272F2ED->659ebf6d-5767-4313-894f-3fd853d4ec88-GrpcLogAppender: appendEntries Timeout, request=1ef51437-5145-4abf-870a-167f7b897ac9->659ebf6d-5767-4313-894f-3fd853d4ec88#23-t1, previous=(t:1, i:13), leaderCommit=10, initializing? false, entries: <empty>
2019-09-19 11:42:42,040 [java.util.concurrent.ThreadPoolExecutor$Worker@62ca102e[State = -1, empty queue]] WARN  server.GrpcLogAppender (GrpcLogAppender.java:timeoutAppendRequest(200)) - 1ef51437-5145-4abf-870a-167f7b897ac9@group-809A4272F2ED->7ab74afe-3a06-48e8-81a5-116c850ada99-GrpcLogAppender: appendEntries Timeout, request=1ef51437-5145-4abf-870a-167f7b897ac9->7ab74afe-3a06-48e8-81a5-116c850ada99#24-t1, previous=(t:1, i:13), leaderCommit=10, initializing? false, entries: <empty>
2019-09-19 11:42:42,040 [java.util.concurrent.ThreadPoolExecutor$Worker@1e3d8202[State = -1, empty queue]] WARN  server.GrpcLogAppender (GrpcLogAppender.java:timeoutAppendRequest(200)) - 1ef51437-5145-4abf-870a-167f7b897ac9@group-809A4272F2ED->659ebf6d-5767-4313-894f-3fd853d4ec88-GrpcLogAppender: appendEntries Timeout, request=1ef51437-5145-4abf-870a-167f7b897ac9->659ebf6d-5767-4313-894f-3fd853d4ec88#24-t1, previous=(t:1, i:13), leaderCommit=10, initializing? false, entries: <empty>
2019-09-19 11:42:44,138 [659ebf6d-5767-4313-894f-3fd853d4ec88@group-809A4272F2ED-SegmentedRaftLogWorker] WARN  segmented.SegmentedRaftLogWorker (SegmentedRaftLogWorker.java:getFromFuture(90)) - Timeout 2/~
org.apache.ratis.protocol.TimeoutIOException: Timeout 10s: WriteLog:12: (t:1, i:12), STATEMACHINELOGENTRY, client-F41086007F95, cid=22-writeStateMachineData
	at org.apache.ratis.util.IOUtils.getFromFuture(IOUtils.java:87)
	at org.apache.ratis.server.raftlog.segmented.SegmentedRaftLogWorker$StateMachineDataPolicy.getFromFuture(SegmentedRaftLogWorker.java:87)
	at org.apache.ratis.server.raftlog.segmented.SegmentedRaftLogWorker$WriteLog.execute(SegmentedRaftLogWorker.java:477)
	at org.apache.ratis.server.raftlog.segmented.SegmentedRaftLogWorker.run(SegmentedRaftLogWorker.java:289)
	at java.lang.Thread.run(Thread.java:748)
Caused by: java.util.concurrent.TimeoutException
	at java.util.concurrent.CompletableFuture.timedGet(CompletableFuture.java:1771)
	at java.util.concurrent.CompletableFuture.get(CompletableFuture.java:1915)
	at org.apache.ratis.util.IOUtils.getFromFuture(IOUtils.java:79)
	... 4 more
2019-09-19 11:42:44,138 [7ab74afe-3a06-48e8-81a5-116c850ada99@group-809A4272F2ED-SegmentedRaftLogWorker] WARN  segmented.SegmentedRaftLogWorker (SegmentedRaftLogWorker.java:getFromFuture(90)) - Timeout 2/~
org.apache.ratis.protocol.TimeoutIOException: Timeout 10s: WriteLog:12: (t:1, i:12), STATEMACHINELOGENTRY, client-F41086007F95, cid=22-writeStateMachineData
	at org.apache.ratis.util.IOUtils.getFromFuture(IOUtils.java:87)
	at org.apache.ratis.server.raftlog.segmented.SegmentedRaftLogWorker$StateMachineDataPolicy.getFromFuture(SegmentedRaftLogWorker.java:87)
	at org.apache.ratis.server.raftlog.segmented.SegmentedRaftLogWorker$WriteLog.execute(SegmentedRaftLogWorker.java:477)
	at org.apache.ratis.server.raftlog.segmented.SegmentedRaftLogWorker.run(SegmentedRaftLogWorker.java:289)
	at java.lang.Thread.run(Thread.java:748)
Caused by: java.util.concurrent.TimeoutException
	at java.util.concurrent.CompletableFuture.timedGet(CompletableFuture.java:1771)
	at java.util.concurrent.CompletableFuture.get(CompletableFuture.java:1915)
	at org.apache.ratis.util.IOUtils.getFromFuture(IOUtils.java:79)
	... 4 more
2019-09-19 11:42:44,400 [grpc-default-executor-3] INFO  client.GrpcClientProtocolClient (GrpcClientProtocolClient.java:onNext(264)) - client-F41086007F95->7ab74afe-3a06-48e8-81a5-116c850ada99: receive RaftClientReply:client-F41086007F95->7ab74afe-3a06-48e8-81a5-116c850ada99@group-809A4272F2ED, cid=21, FAILED org.apache.ratis.protocol.NotLeaderException: Server 7ab74afe-3a06-48e8-81a5-116c850ada99@group-809A4272F2ED is not the leader 1ef51437-5145-4abf-870a-167f7b897ac9:192.168.34.13:41893, logIndex=0, commits[7ab74afe-3a06-48e8-81a5-116c850ada99:c10, 659ebf6d-5767-4313-894f-3fd853d4ec88:c6, 1ef51437-5145-4abf-870a-167f7b897ac9:c10]
2019-09-19 11:42:44,541 [java.util.concurrent.ThreadPoolExecutor$Worker@62ca102e[State = -1, empty queue]] WARN  server.GrpcLogAppender (GrpcLogAppender.java:timeoutAppendRequest(200)) - 1ef51437-5145-4abf-870a-167f7b897ac9@group-809A4272F2ED->7ab74afe-3a06-48e8-81a5-116c850ada99-GrpcLogAppender: appendEntries Timeout, request=1ef51437-5145-4abf-870a-167f7b897ac9->7ab74afe-3a06-48e8-81a5-116c850ada99#25-t1, previous=(t:1, i:13), leaderCommit=10, initializing? false, entries: <empty>
2019-09-19 11:42:44,541 [java.util.concurrent.ThreadPoolExecutor$Worker@1e3d8202[State = -1, empty queue]] WARN  server.GrpcLogAppender (GrpcLogAppender.java:timeoutAppendRequest(200)) - 1ef51437-5145-4abf-870a-167f7b897ac9@group-809A4272F2ED->659ebf6d-5767-4313-894f-3fd853d4ec88-GrpcLogAppender: appendEntries Timeout, request=1ef51437-5145-4abf-870a-167f7b897ac9->659ebf6d-5767-4313-894f-3fd853d4ec88#25-t1, previous=(t:1, i:13), leaderCommit=10, initializing? false, entries: <empty>
2019-09-19 11:42:47,041 [java.util.concurrent.ThreadPoolExecutor$Worker@1e3d8202[State = -1, empty queue]] WARN  server.GrpcLogAppender (GrpcLogAppender.java:timeoutAppendRequest(200)) - 1ef51437-5145-4abf-870a-167f7b897ac9@group-809A4272F2ED->659ebf6d-5767-4313-894f-3fd853d4ec88-GrpcLogAppender: appendEntries Timeout, request=1ef51437-5145-4abf-870a-167f7b897ac9->659ebf6d-5767-4313-894f-3fd853d4ec88#26-t1, previous=(t:1, i:13), leaderCommit=10, initializing? false, entries: <empty>
2019-09-19 11:42:47,041 [java.util.concurrent.ThreadPoolExecutor$Worker@62ca102e[State = -1, empty queue]] WARN  server.GrpcLogAppender (GrpcLogAppender.java:timeoutAppendRequest(200)) - 1ef51437-5145-4abf-870a-167f7b897ac9@group-809A4272F2ED->7ab74afe-3a06-48e8-81a5-116c850ada99-GrpcLogAppender: appendEntries Timeout, request=1ef51437-5145-4abf-870a-167f7b897ac9->7ab74afe-3a06-48e8-81a5-116c850ada99#26-t1, previous=(t:1, i:13), leaderCommit=10, initializing? false, entries: <empty>
2019-09-19 11:42:49,479 [grpc-default-executor-1] INFO  client.GrpcClientProtocolClient (GrpcClientProtocolClient.java:onNext(264)) - client-F41086007F95->659ebf6d-5767-4313-894f-3fd853d4ec88: receive RaftClientReply:client-F41086007F95->659ebf6d-5767-4313-894f-3fd853d4ec88@group-809A4272F2ED, cid=21, FAILED org.apache.ratis.protocol.NotLeaderException: Server 659ebf6d-5767-4313-894f-3fd853d4ec88@group-809A4272F2ED is not the leader 1ef51437-5145-4abf-870a-167f7b897ac9:192.168.34.13:41893, logIndex=0, commits[659ebf6d-5767-4313-894f-3fd853d4ec88:c10, 1ef51437-5145-4abf-870a-167f7b897ac9:c10, 7ab74afe-3a06-48e8-81a5-116c850ada99:c6]
2019-09-19 11:42:49,542 [java.util.concurrent.ThreadPoolExecutor$Worker@1e3d8202[State = -1, empty queue]] WARN  server.GrpcLogAppender (GrpcLogAppender.java:timeoutAppendRequest(200)) - 1ef51437-5145-4abf-870a-167f7b897ac9@group-809A4272F2ED->659ebf6d-5767-4313-894f-3fd853d4ec88-GrpcLogAppender: appendEntries Timeout, request=1ef51437-5145-4abf-870a-167f7b897ac9->659ebf6d-5767-4313-894f-3fd853d4ec88#27-t1, previous=(t:1, i:13), leaderCommit=10, initializing? false, entries: <empty>
2019-09-19 11:42:49,542 [java.util.concurrent.ThreadPoolExecutor$Worker@62ca102e[State = -1, empty queue]] WARN  server.GrpcLogAppender (GrpcLogAppender.java:timeoutAppendRequest(200)) - 1ef51437-5145-4abf-870a-167f7b897ac9@group-809A4272F2ED->7ab74afe-3a06-48e8-81a5-116c850ada99-GrpcLogAppender: appendEntries Timeout, request=1ef51437-5145-4abf-870a-167f7b897ac9->7ab74afe-3a06-48e8-81a5-116c850ada99#27-t1, previous=(t:1, i:13), leaderCommit=10, initializing? false, entries: <empty>
2019-09-19 11:42:52,044 [java.util.concurrent.ThreadPoolExecutor$Worker@1e3d8202[State = -1, empty queue]] WARN  server.GrpcLogAppender (GrpcLogAppender.java:timeoutAppendRequest(200)) - 1ef51437-5145-4abf-870a-167f7b897ac9@group-809A4272F2ED->659ebf6d-5767-4313-894f-3fd853d4ec88-GrpcLogAppender: appendEntries Timeout, request=1ef51437-5145-4abf-870a-167f7b897ac9->659ebf6d-5767-4313-894f-3fd853d4ec88#28-t1, previous=(t:1, i:13), leaderCommit=10, initializing? false, entries: <empty>
2019-09-19 11:42:52,044 [java.util.concurrent.ThreadPoolExecutor$Worker@62ca102e[State = -1, empty queue]] WARN  server.GrpcLogAppender (GrpcLogAppender.java:timeoutAppendRequest(200)) - 1ef51437-5145-4abf-870a-167f7b897ac9@group-809A4272F2ED->7ab74afe-3a06-48e8-81a5-116c850ada99-GrpcLogAppender: appendEntries Timeout, request=1ef51437-5145-4abf-870a-167f7b897ac9->7ab74afe-3a06-48e8-81a5-116c850ada99#28-t1, previous=(t:1, i:13), leaderCommit=10, initializing? false, entries: <empty>
2019-09-19 11:42:54,139 [659ebf6d-5767-4313-894f-3fd853d4ec88@group-809A4272F2ED-SegmentedRaftLogWorker] WARN  segmented.SegmentedRaftLogWorker (SegmentedRaftLogWorker.java:getFromFuture(90)) - Timeout 3/~
org.apache.ratis.protocol.TimeoutIOException: Timeout 10s: WriteLog:12: (t:1, i:12), STATEMACHINELOGENTRY, client-F41086007F95, cid=22-writeStateMachineData
	at org.apache.ratis.util.IOUtils.getFromFuture(IOUtils.java:87)
	at org.apache.ratis.server.raftlog.segmented.SegmentedRaftLogWorker$StateMachineDataPolicy.getFromFuture(SegmentedRaftLogWorker.java:87)
	at org.apache.ratis.server.raftlog.segmented.SegmentedRaftLogWorker$WriteLog.execute(SegmentedRaftLogWorker.java:477)
	at org.apache.ratis.server.raftlog.segmented.SegmentedRaftLogWorker.run(SegmentedRaftLogWorker.java:289)
	at java.lang.Thread.run(Thread.java:748)
Caused by: java.util.concurrent.TimeoutException
	at java.util.concurrent.CompletableFuture.timedGet(CompletableFuture.java:1771)
	at java.util.concurrent.CompletableFuture.get(CompletableFuture.java:1915)
	at org.apache.ratis.util.IOUtils.getFromFuture(IOUtils.java:79)
	... 4 more
2019-09-19 11:42:54,140 [7ab74afe-3a06-48e8-81a5-116c850ada99@group-809A4272F2ED-SegmentedRaftLogWorker] WARN  segmented.SegmentedRaftLogWorker (SegmentedRaftLogWorker.java:getFromFuture(90)) - Timeout 3/~
org.apache.ratis.protocol.TimeoutIOException: Timeout 10s: WriteLog:12: (t:1, i:12), STATEMACHINELOGENTRY, client-F41086007F95, cid=22-writeStateMachineData
	at org.apache.ratis.util.IOUtils.getFromFuture(IOUtils.java:87)
	at org.apache.ratis.server.raftlog.segmented.SegmentedRaftLogWorker$StateMachineDataPolicy.getFromFuture(SegmentedRaftLogWorker.java:87)
	at org.apache.ratis.server.raftlog.segmented.SegmentedRaftLogWorker$WriteLog.execute(SegmentedRaftLogWorker.java:477)
	at org.apache.ratis.server.raftlog.segmented.SegmentedRaftLogWorker.run(SegmentedRaftLogWorker.java:289)
	at java.lang.Thread.run(Thread.java:748)
Caused by: java.util.concurrent.TimeoutException
	at java.util.concurrent.CompletableFuture.timedGet(CompletableFuture.java:1771)
	at java.util.concurrent.CompletableFuture.get(CompletableFuture.java:1915)
	at org.apache.ratis.util.IOUtils.getFromFuture(IOUtils.java:79)
	... 4 more
2019-09-19 11:42:54,546 [java.util.concurrent.ThreadPoolExecutor$Worker@1e3d8202[State = -1, empty queue]] WARN  server.GrpcLogAppender (GrpcLogAppender.java:timeoutAppendRequest(200)) - 1ef51437-5145-4abf-870a-167f7b897ac9@group-809A4272F2ED->659ebf6d-5767-4313-894f-3fd853d4ec88-GrpcLogAppender: appendEntries Timeout, request=1ef51437-5145-4abf-870a-167f7b897ac9->659ebf6d-5767-4313-894f-3fd853d4ec88#29-t1, previous=(t:1, i:13), leaderCommit=10, initializing? false, entries: <empty>
2019-09-19 11:42:54,546 [java.util.concurrent.ThreadPoolExecutor$Worker@62ca102e[State = -1, empty queue]] WARN  server.GrpcLogAppender (GrpcLogAppender.java:timeoutAppendRequest(200)) - 1ef51437-5145-4abf-870a-167f7b897ac9@group-809A4272F2ED->7ab74afe-3a06-48e8-81a5-116c850ada99-GrpcLogAppender: appendEntries Timeout, request=1ef51437-5145-4abf-870a-167f7b897ac9->7ab74afe-3a06-48e8-81a5-116c850ada99#29-t1, previous=(t:1, i:13), leaderCommit=10, initializing? false, entries: <empty>
2019-09-19 11:42:54,547 [grpc-default-executor-1] INFO  client.GrpcClientProtocolClient (GrpcClientProtocolClient.java:onNext(264)) - client-F41086007F95->7ab74afe-3a06-48e8-81a5-116c850ada99: receive RaftClientReply:client-F41086007F95->7ab74afe-3a06-48e8-81a5-116c850ada99@group-809A4272F2ED, cid=21, FAILED org.apache.ratis.protocol.NotLeaderException: Server 7ab74afe-3a06-48e8-81a5-116c850ada99@group-809A4272F2ED is not the leader 1ef51437-5145-4abf-870a-167f7b897ac9:192.168.34.13:41893, logIndex=0, commits[7ab74afe-3a06-48e8-81a5-116c850ada99:c10, 659ebf6d-5767-4313-894f-3fd853d4ec88:c6, 1ef51437-5145-4abf-870a-167f7b897ac9:c10]
2019-09-19 11:42:57,045 [java.util.concurrent.ThreadPoolExecutor$Worker@1e3d8202[State = -1, empty queue]] WARN  server.GrpcLogAppender (GrpcLogAppender.java:timeoutAppendRequest(200)) - 1ef51437-5145-4abf-870a-167f7b897ac9@group-809A4272F2ED->659ebf6d-5767-4313-894f-3fd853d4ec88-GrpcLogAppender: appendEntries Timeout, request=1ef51437-5145-4abf-870a-167f7b897ac9->659ebf6d-5767-4313-894f-3fd853d4ec88#30-t1, previous=(t:1, i:13), leaderCommit=10, initializing? false, entries: <empty>
2019-09-19 11:42:57,045 [java.util.concurrent.ThreadPoolExecutor$Worker@62ca102e[State = -1, empty queue]] WARN  server.GrpcLogAppender (GrpcLogAppender.java:timeoutAppendRequest(200)) - 1ef51437-5145-4abf-870a-167f7b897ac9@group-809A4272F2ED->7ab74afe-3a06-48e8-81a5-116c850ada99-GrpcLogAppender: appendEntries Timeout, request=1ef51437-5145-4abf-870a-167f7b897ac9->7ab74afe-3a06-48e8-81a5-116c850ada99#30-t1, previous=(t:1, i:13), leaderCommit=10, initializing? false, entries: <empty>
2019-09-19 11:42:59,545 [java.util.concurrent.ThreadPoolExecutor$Worker@62ca102e[State = -1, empty queue]] WARN  server.GrpcLogAppender (GrpcLogAppender.java:timeoutAppendRequest(200)) - 1ef51437-5145-4abf-870a-167f7b897ac9@group-809A4272F2ED->7ab74afe-3a06-48e8-81a5-116c850ada99-GrpcLogAppender: appendEntries Timeout, request=1ef51437-5145-4abf-870a-167f7b897ac9->7ab74afe-3a06-48e8-81a5-116c850ada99#31-t1, previous=(t:1, i:13), leaderCommit=10, initializing? false, entries: <empty>
2019-09-19 11:42:59,545 [java.util.concurrent.ThreadPoolExecutor$Worker@1e3d8202[State = -1, empty queue]] WARN  server.GrpcLogAppender (GrpcLogAppender.java:timeoutAppendRequest(200)) - 1ef51437-5145-4abf-870a-167f7b897ac9@group-809A4272F2ED->659ebf6d-5767-4313-894f-3fd853d4ec88-GrpcLogAppender: appendEntries Timeout, request=1ef51437-5145-4abf-870a-167f7b897ac9->659ebf6d-5767-4313-894f-3fd853d4ec88#31-t1, previous=(t:1, i:13), leaderCommit=10, initializing? false, entries: <empty>
2019-09-19 11:42:59,603 [grpc-default-executor-1] INFO  client.GrpcClientProtocolClient (GrpcClientProtocolClient.java:onNext(264)) - client-F41086007F95->7ab74afe-3a06-48e8-81a5-116c850ada99: receive RaftClientReply:client-F41086007F95->7ab74afe-3a06-48e8-81a5-116c850ada99@group-809A4272F2ED, cid=21, FAILED org.apache.ratis.protocol.NotLeaderException: Server 7ab74afe-3a06-48e8-81a5-116c850ada99@group-809A4272F2ED is not the leader 1ef51437-5145-4abf-870a-167f7b897ac9:192.168.34.13:41893, logIndex=0, commits[7ab74afe-3a06-48e8-81a5-116c850ada99:c10, 659ebf6d-5767-4313-894f-3fd853d4ec88:c6, 1ef51437-5145-4abf-870a-167f7b897ac9:c10]
2019-09-19 11:43:02,046 [java.util.concurrent.ThreadPoolExecutor$Worker@1e3d8202[State = -1, empty queue]] WARN  server.GrpcLogAppender (GrpcLogAppender.java:timeoutAppendRequest(200)) - 1ef51437-5145-4abf-870a-167f7b897ac9@group-809A4272F2ED->659ebf6d-5767-4313-894f-3fd853d4ec88-GrpcLogAppender: appendEntries Timeout, request=1ef51437-5145-4abf-870a-167f7b897ac9->659ebf6d-5767-4313-894f-3fd853d4ec88#32-t1, previous=(t:1, i:13), leaderCommit=10, initializing? false, entries: <empty>
2019-09-19 11:43:02,046 [java.util.concurrent.ThreadPoolExecutor$Worker@62ca102e[State = -1, empty queue]] WARN  server.GrpcLogAppender (GrpcLogAppender.java:timeoutAppendRequest(200)) - 1ef51437-5145-4abf-870a-167f7b897ac9@group-809A4272F2ED->7ab74afe-3a06-48e8-81a5-116c850ada99-GrpcLogAppender: appendEntries Timeout, request=1ef51437-5145-4abf-870a-167f7b897ac9->7ab74afe-3a06-48e8-81a5-116c850ada99#32-t1, previous=(t:1, i:13), leaderCommit=10, initializing? false, entries: <empty>
2019-09-19 11:43:04,141 [659ebf6d-5767-4313-894f-3fd853d4ec88@group-809A4272F2ED-SegmentedRaftLogWorker] WARN  segmented.SegmentedRaftLogWorker (SegmentedRaftLogWorker.java:getFromFuture(90)) - Timeout 4/~
org.apache.ratis.protocol.TimeoutIOException: Timeout 10s: WriteLog:12: (t:1, i:12), STATEMACHINELOGENTRY, client-F41086007F95, cid=22-writeStateMachineData
	at org.apache.ratis.util.IOUtils.getFromFuture(IOUtils.java:87)
	at org.apache.ratis.server.raftlog.segmented.SegmentedRaftLogWorker$StateMachineDataPolicy.getFromFuture(SegmentedRaftLogWorker.java:87)
	at org.apache.ratis.server.raftlog.segmented.SegmentedRaftLogWorker$WriteLog.execute(SegmentedRaftLogWorker.java:477)
	at org.apache.ratis.server.raftlog.segmented.SegmentedRaftLogWorker.run(SegmentedRaftLogWorker.java:289)
	at java.lang.Thread.run(Thread.java:748)
Caused by: java.util.concurrent.TimeoutException
	at java.util.concurrent.CompletableFuture.timedGet(CompletableFuture.java:1771)
	at java.util.concurrent.CompletableFuture.get(CompletableFuture.java:1915)
	at org.apache.ratis.util.IOUtils.getFromFuture(IOUtils.java:79)
	... 4 more
2019-09-19 11:43:04,141 [7ab74afe-3a06-48e8-81a5-116c850ada99@group-809A4272F2ED-SegmentedRaftLogWorker] WARN  segmented.SegmentedRaftLogWorker (SegmentedRaftLogWorker.java:getFromFuture(90)) - Timeout 4/~
org.apache.ratis.protocol.TimeoutIOException: Timeout 10s: WriteLog:12: (t:1, i:12), STATEMACHINELOGENTRY, client-F41086007F95, cid=22-writeStateMachineData
	at org.apache.ratis.util.IOUtils.getFromFuture(IOUtils.java:87)
	at org.apache.ratis.server.raftlog.segmented.SegmentedRaftLogWorker$StateMachineDataPolicy.getFromFuture(SegmentedRaftLogWorker.java:87)
	at org.apache.ratis.server.raftlog.segmented.SegmentedRaftLogWorker$WriteLog.execute(SegmentedRaftLogWorker.java:477)
	at org.apache.ratis.server.raftlog.segmented.SegmentedRaftLogWorker.run(SegmentedRaftLogWorker.java:289)
	at java.lang.Thread.run(Thread.java:748)
Caused by: java.util.concurrent.TimeoutException
	at java.util.concurrent.CompletableFuture.timedGet(CompletableFuture.java:1771)
	at java.util.concurrent.CompletableFuture.get(CompletableFuture.java:1915)
	at org.apache.ratis.util.IOUtils.getFromFuture(IOUtils.java:79)
	... 4 more
2019-09-19 11:43:04,547 [java.util.concurrent.ThreadPoolExecutor$Worker@1e3d8202[State = -1, empty queue]] WARN  server.GrpcLogAppender (GrpcLogAppender.java:timeoutAppendRequest(200)) - 1ef51437-5145-4abf-870a-167f7b897ac9@group-809A4272F2ED->659ebf6d-5767-4313-894f-3fd853d4ec88-GrpcLogAppender: appendEntries Timeout, request=1ef51437-5145-4abf-870a-167f7b897ac9->659ebf6d-5767-4313-894f-3fd853d4ec88#33-t1, previous=(t:1, i:13), leaderCommit=10, initializing? false, entries: <empty>
2019-09-19 11:43:04,547 [java.util.concurrent.ThreadPoolExecutor$Worker@62ca102e[State = -1, empty queue]] WARN  server.GrpcLogAppender (GrpcLogAppender.java:timeoutAppendRequest(200)) - 1ef51437-5145-4abf-870a-167f7b897ac9@group-809A4272F2ED->7ab74afe-3a06-48e8-81a5-116c850ada99-GrpcLogAppender: appendEntries Timeout, request=1ef51437-5145-4abf-870a-167f7b897ac9->7ab74afe-3a06-48e8-81a5-116c850ada99#33-t1, previous=(t:1, i:13), leaderCommit=10, initializing? false, entries: <empty>
2019-09-19 11:43:04,646 [grpc-default-executor-0] INFO  client.GrpcClientProtocolClient (GrpcClientProtocolClient.java:onNext(264)) - client-F41086007F95->7ab74afe-3a06-48e8-81a5-116c850ada99: receive RaftClientReply:client-F41086007F95->7ab74afe-3a06-48e8-81a5-116c850ada99@group-809A4272F2ED, cid=21, FAILED org.apache.ratis.protocol.NotLeaderException: Server 7ab74afe-3a06-48e8-81a5-116c850ada99@group-809A4272F2ED is not the leader 1ef51437-5145-4abf-870a-167f7b897ac9:192.168.34.13:41893, logIndex=0, commits[7ab74afe-3a06-48e8-81a5-116c850ada99:c10, 659ebf6d-5767-4313-894f-3fd853d4ec88:c6, 1ef51437-5145-4abf-870a-167f7b897ac9:c10]
2019-09-19 11:43:07,047 [java.util.concurrent.ThreadPoolExecutor$Worker@1e3d8202[State = -1, empty queue]] WARN  server.GrpcLogAppender (GrpcLogAppender.java:timeoutAppendRequest(200)) - 1ef51437-5145-4abf-870a-167f7b897ac9@group-809A4272F2ED->659ebf6d-5767-4313-894f-3fd853d4ec88-GrpcLogAppender: appendEntries Timeout, request=1ef51437-5145-4abf-870a-167f7b897ac9->659ebf6d-5767-4313-894f-3fd853d4ec88#34-t1, previous=(t:1, i:13), leaderCommit=10, initializing? false, entries: <empty>
2019-09-19 11:43:07,047 [java.util.concurrent.ThreadPoolExecutor$Worker@62ca102e[State = -1, empty queue]] WARN  server.GrpcLogAppender (GrpcLogAppender.java:timeoutAppendRequest(200)) - 1ef51437-5145-4abf-870a-167f7b897ac9@group-809A4272F2ED->7ab74afe-3a06-48e8-81a5-116c850ada99-GrpcLogAppender: appendEntries Timeout, request=1ef51437-5145-4abf-870a-167f7b897ac9->7ab74afe-3a06-48e8-81a5-116c850ada99#34-t1, previous=(t:1, i:13), leaderCommit=10, initializing? false, entries: <empty>
2019-09-19 11:43:09,548 [java.util.concurrent.ThreadPoolExecutor$Worker@1e3d8202[State = -1, empty queue]] WARN  server.GrpcLogAppender (GrpcLogAppender.java:timeoutAppendRequest(200)) - 1ef51437-5145-4abf-870a-167f7b897ac9@group-809A4272F2ED->659ebf6d-5767-4313-894f-3fd853d4ec88-GrpcLogAppender: appendEntries Timeout, request=1ef51437-5145-4abf-870a-167f7b897ac9->659ebf6d-5767-4313-894f-3fd853d4ec88#35-t1, previous=(t:1, i:13), leaderCommit=10, initializing? false, entries: <empty>
2019-09-19 11:43:09,548 [java.util.concurrent.ThreadPoolExecutor$Worker@62ca102e[State = -1, empty queue]] WARN  server.GrpcLogAppender (GrpcLogAppender.java:timeoutAppendRequest(200)) - 1ef51437-5145-4abf-870a-167f7b897ac9@group-809A4272F2ED->7ab74afe-3a06-48e8-81a5-116c850ada99-GrpcLogAppender: appendEntries Timeout, request=1ef51437-5145-4abf-870a-167f7b897ac9->7ab74afe-3a06-48e8-81a5-116c850ada99#35-t1, previous=(t:1, i:13), leaderCommit=10, initializing? false, entries: <empty>
2019-09-19 11:43:09,699 [grpc-default-executor-1] INFO  client.GrpcClientProtocolClient (GrpcClientProtocolClient.java:onNext(264)) - client-F41086007F95->659ebf6d-5767-4313-894f-3fd853d4ec88: receive RaftClientReply:client-F41086007F95->659ebf6d-5767-4313-894f-3fd853d4ec88@group-809A4272F2ED, cid=21, FAILED org.apache.ratis.protocol.NotLeaderException: Server 659ebf6d-5767-4313-894f-3fd853d4ec88@group-809A4272F2ED is not the leader 1ef51437-5145-4abf-870a-167f7b897ac9:192.168.34.13:41893, logIndex=0, commits[659ebf6d-5767-4313-894f-3fd853d4ec88:c10, 1ef51437-5145-4abf-870a-167f7b897ac9:c10, 7ab74afe-3a06-48e8-81a5-116c850ada99:c6]
2019-09-19 11:43:12,049 [java.util.concurrent.ThreadPoolExecutor$Worker@1e3d8202[State = -1, empty queue]] WARN  server.GrpcLogAppender (GrpcLogAppender.java:timeoutAppendRequest(200)) - 1ef51437-5145-4abf-870a-167f7b897ac9@group-809A4272F2ED->659ebf6d-5767-4313-894f-3fd853d4ec88-GrpcLogAppender: appendEntries Timeout, request=1ef51437-5145-4abf-870a-167f7b897ac9->659ebf6d-5767-4313-894f-3fd853d4ec88#36-t1, previous=(t:1, i:13), leaderCommit=10, initializing? false, entries: <empty>
2019-09-19 11:43:12,049 [java.util.concurrent.ThreadPoolExecutor$Worker@62ca102e[State = -1, empty queue]] WARN  server.GrpcLogAppender (GrpcLogAppender.java:timeoutAppendRequest(200)) - 1ef51437-5145-4abf-870a-167f7b897ac9@group-809A4272F2ED->7ab74afe-3a06-48e8-81a5-116c850ada99-GrpcLogAppender: appendEntries Timeout, request=1ef51437-5145-4abf-870a-167f7b897ac9->7ab74afe-3a06-48e8-81a5-116c850ada99#36-t1, previous=(t:1, i:13), leaderCommit=10, initializing? false, entries: <empty>
2019-09-19 11:43:14,142 [659ebf6d-5767-4313-894f-3fd853d4ec88@group-809A4272F2ED-SegmentedRaftLogWorker] WARN  segmented.SegmentedRaftLogWorker (SegmentedRaftLogWorker.java:getFromFuture(90)) - Timeout 5/~
org.apache.ratis.protocol.TimeoutIOException: Timeout 10s: WriteLog:12: (t:1, i:12), STATEMACHINELOGENTRY, client-F41086007F95, cid=22-writeStateMachineData
	at org.apache.ratis.util.IOUtils.getFromFuture(IOUtils.java:87)
	at org.apache.ratis.server.raftlog.segmented.SegmentedRaftLogWorker$StateMachineDataPolicy.getFromFuture(SegmentedRaftLogWorker.java:87)
	at org.apache.ratis.server.raftlog.segmented.SegmentedRaftLogWorker$WriteLog.execute(SegmentedRaftLogWorker.java:477)
	at org.apache.ratis.server.raftlog.segmented.SegmentedRaftLogWorker.run(SegmentedRaftLogWorker.java:289)
	at java.lang.Thread.run(Thread.java:748)
Caused by: java.util.concurrent.TimeoutException
	at java.util.concurrent.CompletableFuture.timedGet(CompletableFuture.java:1771)
	at java.util.concurrent.CompletableFuture.get(CompletableFuture.java:1915)
	at org.apache.ratis.util.IOUtils.getFromFuture(IOUtils.java:79)
	... 4 more
2019-09-19 11:43:14,142 [7ab74afe-3a06-48e8-81a5-116c850ada99@group-809A4272F2ED-SegmentedRaftLogWorker] WARN  segmented.SegmentedRaftLogWorker (SegmentedRaftLogWorker.java:getFromFuture(90)) - Timeout 5/~
org.apache.ratis.protocol.TimeoutIOException: Timeout 10s: WriteLog:12: (t:1, i:12), STATEMACHINELOGENTRY, client-F41086007F95, cid=22-writeStateMachineData
	at org.apache.ratis.util.IOUtils.getFromFuture(IOUtils.java:87)
	at org.apache.ratis.server.raftlog.segmented.SegmentedRaftLogWorker$StateMachineDataPolicy.getFromFuture(SegmentedRaftLogWorker.java:87)
	at org.apache.ratis.server.raftlog.segmented.SegmentedRaftLogWorker$WriteLog.execute(SegmentedRaftLogWorker.java:477)
	at org.apache.ratis.server.raftlog.segmented.SegmentedRaftLogWorker.run(SegmentedRaftLogWorker.java:289)
	at java.lang.Thread.run(Thread.java:748)
Caused by: java.util.concurrent.TimeoutException
	at java.util.concurrent.CompletableFuture.timedGet(CompletableFuture.java:1771)
	at java.util.concurrent.CompletableFuture.get(CompletableFuture.java:1915)
	at org.apache.ratis.util.IOUtils.getFromFuture(IOUtils.java:79)
	... 4 more
2019-09-19 11:43:14,550 [java.util.concurrent.ThreadPoolExecutor$Worker@62ca102e[State = -1, empty queue]] WARN  server.GrpcLogAppender (GrpcLogAppender.java:timeoutAppendRequest(200)) - 1ef51437-5145-4abf-870a-167f7b897ac9@group-809A4272F2ED->7ab74afe-3a06-48e8-81a5-116c850ada99-GrpcLogAppender: appendEntries Timeout, request=1ef51437-5145-4abf-870a-167f7b897ac9->7ab74afe-3a06-48e8-81a5-116c850ada99#37-t1, previous=(t:1, i:13), leaderCommit=10, initializing? false, entries: <empty>
2019-09-19 11:43:14,550 [java.util.concurrent.ThreadPoolExecutor$Worker@1e3d8202[State = -1, empty queue]] WARN  server.GrpcLogAppender (GrpcLogAppender.java:timeoutAppendRequest(200)) - 1ef51437-5145-4abf-870a-167f7b897ac9@group-809A4272F2ED->659ebf6d-5767-4313-894f-3fd853d4ec88-GrpcLogAppender: appendEntries Timeout, request=1ef51437-5145-4abf-870a-167f7b897ac9->659ebf6d-5767-4313-894f-3fd853d4ec88#37-t1, previous=(t:1, i:13), leaderCommit=10, initializing? false, entries: <empty>
2019-09-19 11:43:14,749 [grpc-default-executor-0] INFO  client.GrpcClientProtocolClient (GrpcClientProtocolClient.java:onNext(264)) - client-F41086007F95->7ab74afe-3a06-48e8-81a5-116c850ada99: receive RaftClientReply:client-F41086007F95->7ab74afe-3a06-48e8-81a5-116c850ada99@group-809A4272F2ED, cid=21, FAILED org.apache.ratis.protocol.NotLeaderException: Server 7ab74afe-3a06-48e8-81a5-116c850ada99@group-809A4272F2ED is not the leader 1ef51437-5145-4abf-870a-167f7b897ac9:192.168.34.13:41893, logIndex=0, commits[7ab74afe-3a06-48e8-81a5-116c850ada99:c10, 659ebf6d-5767-4313-894f-3fd853d4ec88:c6, 1ef51437-5145-4abf-870a-167f7b897ac9:c10]
2019-09-19 11:43:17,050 [java.util.concurrent.ThreadPoolExecutor$Worker@62ca102e[State = -1, empty queue]] WARN  server.GrpcLogAppender (GrpcLogAppender.java:timeoutAppendRequest(200)) - 1ef51437-5145-4abf-870a-167f7b897ac9@group-809A4272F2ED->7ab74afe-3a06-48e8-81a5-116c850ada99-GrpcLogAppender: appendEntries Timeout, request=1ef51437-5145-4abf-870a-167f7b897ac9->7ab74afe-3a06-48e8-81a5-116c850ada99#38-t1, previous=(t:1, i:13), leaderCommit=10, initializing? false, entries: <empty>
2019-09-19 11:43:17,050 [java.util.concurrent.ThreadPoolExecutor$Worker@1e3d8202[State = -1, empty queue]] WARN  server.GrpcLogAppender (GrpcLogAppender.java:timeoutAppendRequest(200)) - 1ef51437-5145-4abf-870a-167f7b897ac9@group-809A4272F2ED->659ebf6d-5767-4313-894f-3fd853d4ec88-GrpcLogAppender: appendEntries Timeout, request=1ef51437-5145-4abf-870a-167f7b897ac9->659ebf6d-5767-4313-894f-3fd853d4ec88#38-t1, previous=(t:1, i:13), leaderCommit=10, initializing? false, entries: <empty>
2019-09-19 11:43:19,552 [java.util.concurrent.ThreadPoolExecutor$Worker@62ca102e[State = -1, empty queue]] WARN  server.GrpcLogAppender (GrpcLogAppender.java:timeoutAppendRequest(200)) - 1ef51437-5145-4abf-870a-167f7b897ac9@group-809A4272F2ED->7ab74afe-3a06-48e8-81a5-116c850ada99-GrpcLogAppender: appendEntries Timeout, request=1ef51437-5145-4abf-870a-167f7b897ac9->7ab74afe-3a06-48e8-81a5-116c850ada99#39-t1, previous=(t:1, i:13), leaderCommit=10, initializing? false, entries: <empty>
2019-09-19 11:43:19,552 [java.util.concurrent.ThreadPoolExecutor$Worker@1e3d8202[State = -1, empty queue]] WARN  server.GrpcLogAppender (GrpcLogAppender.java:timeoutAppendRequest(200)) - 1ef51437-5145-4abf-870a-167f7b897ac9@group-809A4272F2ED->659ebf6d-5767-4313-894f-3fd853d4ec88-GrpcLogAppender: appendEntries Timeout, request=1ef51437-5145-4abf-870a-167f7b897ac9->659ebf6d-5767-4313-894f-3fd853d4ec88#39-t1, previous=(t:1, i:13), leaderCommit=10, initializing? false, entries: <empty>
2019-09-19 11:43:19,830 [grpc-default-executor-1] INFO  client.GrpcClientProtocolClient (GrpcClientProtocolClient.java:onNext(264)) - client-F41086007F95->659ebf6d-5767-4313-894f-3fd853d4ec88: receive RaftClientReply:client-F41086007F95->659ebf6d-5767-4313-894f-3fd853d4ec88@group-809A4272F2ED, cid=21, FAILED org.apache.ratis.protocol.NotLeaderException: Server 659ebf6d-5767-4313-894f-3fd853d4ec88@group-809A4272F2ED is not the leader 1ef51437-5145-4abf-870a-167f7b897ac9:192.168.34.13:41893, logIndex=0, commits[659ebf6d-5767-4313-894f-3fd853d4ec88:c10, 1ef51437-5145-4abf-870a-167f7b897ac9:c10, 7ab74afe-3a06-48e8-81a5-116c850ada99:c6]
2019-09-19 11:43:22,052 [java.util.concurrent.ThreadPoolExecutor$Worker@62ca102e[State = -1, empty queue]] WARN  server.GrpcLogAppender (GrpcLogAppender.java:timeoutAppendRequest(200)) - 1ef51437-5145-4abf-870a-167f7b897ac9@group-809A4272F2ED->7ab74afe-3a06-48e8-81a5-116c850ada99-GrpcLogAppender: appendEntries Timeout, request=1ef51437-5145-4abf-870a-167f7b897ac9->7ab74afe-3a06-48e8-81a5-116c850ada99#40-t1, previous=(t:1, i:13), leaderCommit=10, initializing? false, entries: <empty>
2019-09-19 11:43:22,052 [java.util.concurrent.ThreadPoolExecutor$Worker@1e3d8202[State = -1, empty queue]] WARN  server.GrpcLogAppender (GrpcLogAppender.java:timeoutAppendRequest(200)) - 1ef51437-5145-4abf-870a-167f7b897ac9@group-809A4272F2ED->659ebf6d-5767-4313-894f-3fd853d4ec88-GrpcLogAppender: appendEntries Timeout, request=1ef51437-5145-4abf-870a-167f7b897ac9->659ebf6d-5767-4313-894f-3fd853d4ec88#40-t1, previous=(t:1, i:13), leaderCommit=10, initializing? false, entries: <empty>
2019-09-19 11:43:24,144 [659ebf6d-5767-4313-894f-3fd853d4ec88@group-809A4272F2ED-SegmentedRaftLogWorker] WARN  segmented.SegmentedRaftLogWorker (SegmentedRaftLogWorker.java:getFromFuture(90)) - Timeout 6/~
org.apache.ratis.protocol.TimeoutIOException: Timeout 10s: WriteLog:12: (t:1, i:12), STATEMACHINELOGENTRY, client-F41086007F95, cid=22-writeStateMachineData
	at org.apache.ratis.util.IOUtils.getFromFuture(IOUtils.java:87)
	at org.apache.ratis.server.raftlog.segmented.SegmentedRaftLogWorker$StateMachineDataPolicy.getFromFuture(SegmentedRaftLogWorker.java:87)
	at org.apache.ratis.server.raftlog.segmented.SegmentedRaftLogWorker$WriteLog.execute(SegmentedRaftLogWorker.java:477)
	at org.apache.ratis.server.raftlog.segmented.SegmentedRaftLogWorker.run(SegmentedRaftLogWorker.java:289)
	at java.lang.Thread.run(Thread.java:748)
Caused by: java.util.concurrent.TimeoutException
	at java.util.concurrent.CompletableFuture.timedGet(CompletableFuture.java:1771)
	at java.util.concurrent.CompletableFuture.get(CompletableFuture.java:1915)
	at org.apache.ratis.util.IOUtils.getFromFuture(IOUtils.java:79)
	... 4 more
2019-09-19 11:43:24,144 [7ab74afe-3a06-48e8-81a5-116c850ada99@group-809A4272F2ED-SegmentedRaftLogWorker] WARN  segmented.SegmentedRaftLogWorker (SegmentedRaftLogWorker.java:getFromFuture(90)) - Timeout 6/~
org.apache.ratis.protocol.TimeoutIOException: Timeout 10s: WriteLog:12: (t:1, i:12), STATEMACHINELOGENTRY, client-F41086007F95, cid=22-writeStateMachineData
	at org.apache.ratis.util.IOUtils.getFromFuture(IOUtils.java:87)
	at org.apache.ratis.server.raftlog.segmented.SegmentedRaftLogWorker$StateMachineDataPolicy.getFromFuture(SegmentedRaftLogWorker.java:87)
	at org.apache.ratis.server.raftlog.segmented.SegmentedRaftLogWorker$WriteLog.execute(SegmentedRaftLogWorker.java:477)
	at org.apache.ratis.server.raftlog.segmented.SegmentedRaftLogWorker.run(SegmentedRaftLogWorker.java:289)
	at java.lang.Thread.run(Thread.java:748)
Caused by: java.util.concurrent.TimeoutException
	at java.util.concurrent.CompletableFuture.timedGet(CompletableFuture.java:1771)
	at java.util.concurrent.CompletableFuture.get(CompletableFuture.java:1915)
	at org.apache.ratis.util.IOUtils.getFromFuture(IOUtils.java:79)
	... 4 more
2019-09-19 11:43:24,553 [java.util.concurrent.ThreadPoolExecutor$Worker@62ca102e[State = -1, empty queue]] WARN  server.GrpcLogAppender (GrpcLogAppender.java:timeoutAppendRequest(200)) - 1ef51437-5145-4abf-870a-167f7b897ac9@group-809A4272F2ED->7ab74afe-3a06-48e8-81a5-116c850ada99-GrpcLogAppender: appendEntries Timeout, request=1ef51437-5145-4abf-870a-167f7b897ac9->7ab74afe-3a06-48e8-81a5-116c850ada99#41-t1, previous=(t:1, i:13), leaderCommit=10, initializing? false, entries: <empty>
2019-09-19 11:43:24,553 [java.util.concurrent.ThreadPoolExecutor$Worker@1e3d8202[State = -1, empty queue]] WARN  server.GrpcLogAppender (GrpcLogAppender.java:timeoutAppendRequest(200)) - 1ef51437-5145-4abf-870a-167f7b897ac9@group-809A4272F2ED->659ebf6d-5767-4313-894f-3fd853d4ec88-GrpcLogAppender: appendEntries Timeout, request=1ef51437-5145-4abf-870a-167f7b897ac9->659ebf6d-5767-4313-894f-3fd853d4ec88#41-t1, previous=(t:1, i:13), leaderCommit=10, initializing? false, entries: <empty>
2019-09-19 11:43:24,900 [grpc-default-executor-1] INFO  client.GrpcClientProtocolClient (GrpcClientProtocolClient.java:onNext(264)) - client-F41086007F95->659ebf6d-5767-4313-894f-3fd853d4ec88: receive RaftClientReply:client-F41086007F95->659ebf6d-5767-4313-894f-3fd853d4ec88@group-809A4272F2ED, cid=21, FAILED org.apache.ratis.protocol.NotLeaderException: Server 659ebf6d-5767-4313-894f-3fd853d4ec88@group-809A4272F2ED is not the leader 1ef51437-5145-4abf-870a-167f7b897ac9:192.168.34.13:41893, logIndex=0, commits[659ebf6d-5767-4313-894f-3fd853d4ec88:c10, 1ef51437-5145-4abf-870a-167f7b897ac9:c10, 7ab74afe-3a06-48e8-81a5-116c850ada99:c6]
2019-09-19 11:43:27,053 [java.util.concurrent.ThreadPoolExecutor$Worker@62ca102e[State = -1, empty queue]] WARN  server.GrpcLogAppender (GrpcLogAppender.java:timeoutAppendRequest(200)) - 1ef51437-5145-4abf-870a-167f7b897ac9@group-809A4272F2ED->7ab74afe-3a06-48e8-81a5-116c850ada99-GrpcLogAppender: appendEntries Timeout, request=1ef51437-5145-4abf-870a-167f7b897ac9->7ab74afe-3a06-48e8-81a5-116c850ada99#42-t1, previous=(t:1, i:13), leaderCommit=10, initializing? false, entries: <empty>
2019-09-19 11:43:27,053 [java.util.concurrent.ThreadPoolExecutor$Worker@1e3d8202[State = -1, empty queue]] WARN  server.GrpcLogAppender (GrpcLogAppender.java:timeoutAppendRequest(200)) - 1ef51437-5145-4abf-870a-167f7b897ac9@group-809A4272F2ED->659ebf6d-5767-4313-894f-3fd853d4ec88-GrpcLogAppender: appendEntries Timeout, request=1ef51437-5145-4abf-870a-167f7b897ac9->659ebf6d-5767-4313-894f-3fd853d4ec88#42-t1, previous=(t:1, i:13), leaderCommit=10, initializing? false, entries: <empty>
2019-09-19 11:43:29,554 [java.util.concurrent.ThreadPoolExecutor$Worker@62ca102e[State = -1, empty queue]] WARN  server.GrpcLogAppender (GrpcLogAppender.java:timeoutAppendRequest(200)) - 1ef51437-5145-4abf-870a-167f7b897ac9@group-809A4272F2ED->7ab74afe-3a06-48e8-81a5-116c850ada99-GrpcLogAppender: appendEntries Timeout, request=1ef51437-5145-4abf-870a-167f7b897ac9->7ab74afe-3a06-48e8-81a5-116c850ada99#43-t1, previous=(t:1, i:13), leaderCommit=10, initializing? false, entries: <empty>
2019-09-19 11:43:29,554 [java.util.concurrent.ThreadPoolExecutor$Worker@1e3d8202[State = -1, empty queue]] WARN  server.GrpcLogAppender (GrpcLogAppender.java:timeoutAppendRequest(200)) - 1ef51437-5145-4abf-870a-167f7b897ac9@group-809A4272F2ED->659ebf6d-5767-4313-894f-3fd853d4ec88-GrpcLogAppender: appendEntries Timeout, request=1ef51437-5145-4abf-870a-167f7b897ac9->659ebf6d-5767-4313-894f-3fd853d4ec88#43-t1, previous=(t:1, i:13), leaderCommit=10, initializing? false, entries: <empty>
2019-09-19 11:43:29,962 [grpc-default-executor-0] INFO  client.GrpcClientProtocolClient (GrpcClientProtocolClient.java:onNext(264)) - client-F41086007F95->659ebf6d-5767-4313-894f-3fd853d4ec88: receive RaftClientReply:client-F41086007F95->659ebf6d-5767-4313-894f-3fd853d4ec88@group-809A4272F2ED, cid=21, FAILED org.apache.ratis.protocol.NotLeaderException: Server 659ebf6d-5767-4313-894f-3fd853d4ec88@group-809A4272F2ED is not the leader 1ef51437-5145-4abf-870a-167f7b897ac9:192.168.34.13:41893, logIndex=0, commits[659ebf6d-5767-4313-894f-3fd853d4ec88:c10, 1ef51437-5145-4abf-870a-167f7b897ac9:c10, 7ab74afe-3a06-48e8-81a5-116c850ada99:c6]
2019-09-19 11:43:32,054 [java.util.concurrent.ThreadPoolExecutor$Worker@1e3d8202[State = -1, empty queue]] WARN  server.GrpcLogAppender (GrpcLogAppender.java:timeoutAppendRequest(200)) - 1ef51437-5145-4abf-870a-167f7b897ac9@group-809A4272F2ED->659ebf6d-5767-4313-894f-3fd853d4ec88-GrpcLogAppender: appendEntries Timeout, request=1ef51437-5145-4abf-870a-167f7b897ac9->659ebf6d-5767-4313-894f-3fd853d4ec88#44-t1, previous=(t:1, i:13), leaderCommit=10, initializing? false, entries: <empty>
2019-09-19 11:43:32,054 [java.util.concurrent.ThreadPoolExecutor$Worker@62ca102e[State = -1, empty queue]] WARN  server.GrpcLogAppender (GrpcLogAppender.java:timeoutAppendRequest(200)) - 1ef51437-5145-4abf-870a-167f7b897ac9@group-809A4272F2ED->7ab74afe-3a06-48e8-81a5-116c850ada99-GrpcLogAppender: appendEntries Timeout, request=1ef51437-5145-4abf-870a-167f7b897ac9->7ab74afe-3a06-48e8-81a5-116c850ada99#44-t1, previous=(t:1, i:13), leaderCommit=10, initializing? false, entries: <empty>
2019-09-19 11:43:34,145 [659ebf6d-5767-4313-894f-3fd853d4ec88@group-809A4272F2ED-SegmentedRaftLogWorker] WARN  segmented.SegmentedRaftLogWorker (SegmentedRaftLogWorker.java:getFromFuture(90)) - Timeout 7/~
org.apache.ratis.protocol.TimeoutIOException: Timeout 10s: WriteLog:12: (t:1, i:12), STATEMACHINELOGENTRY, client-F41086007F95, cid=22-writeStateMachineData
	at org.apache.ratis.util.IOUtils.getFromFuture(IOUtils.java:87)
	at org.apache.ratis.server.raftlog.segmented.SegmentedRaftLogWorker$StateMachineDataPolicy.getFromFuture(SegmentedRaftLogWorker.java:87)
	at org.apache.ratis.server.raftlog.segmented.SegmentedRaftLogWorker$WriteLog.execute(SegmentedRaftLogWorker.java:477)
	at org.apache.ratis.server.raftlog.segmented.SegmentedRaftLogWorker.run(SegmentedRaftLogWorker.java:289)
	at java.lang.Thread.run(Thread.java:748)
Caused by: java.util.concurrent.TimeoutException
	at java.util.concurrent.CompletableFuture.timedGet(CompletableFuture.java:1771)
	at java.util.concurrent.CompletableFuture.get(CompletableFuture.java:1915)
	at org.apache.ratis.util.IOUtils.getFromFuture(IOUtils.java:79)
	... 4 more
2019-09-19 11:43:34,145 [7ab74afe-3a06-48e8-81a5-116c850ada99@group-809A4272F2ED-SegmentedRaftLogWorker] WARN  segmented.SegmentedRaftLogWorker (SegmentedRaftLogWorker.java:getFromFuture(90)) - Timeout 7/~
org.apache.ratis.protocol.TimeoutIOException: Timeout 10s: WriteLog:12: (t:1, i:12), STATEMACHINELOGENTRY, client-F41086007F95, cid=22-writeStateMachineData
	at org.apache.ratis.util.IOUtils.getFromFuture(IOUtils.java:87)
	at org.apache.ratis.server.raftlog.segmented.SegmentedRaftLogWorker$StateMachineDataPolicy.getFromFuture(SegmentedRaftLogWorker.java:87)
	at org.apache.ratis.server.raftlog.segmented.SegmentedRaftLogWorker$WriteLog.execute(SegmentedRaftLogWorker.java:477)
	at org.apache.ratis.server.raftlog.segmented.SegmentedRaftLogWorker.run(SegmentedRaftLogWorker.java:289)
	at java.lang.Thread.run(Thread.java:748)
Caused by: java.util.concurrent.TimeoutException
	at java.util.concurrent.CompletableFuture.timedGet(CompletableFuture.java:1771)
	at java.util.concurrent.CompletableFuture.get(CompletableFuture.java:1915)
	at org.apache.ratis.util.IOUtils.getFromFuture(IOUtils.java:79)
	... 4 more
2019-09-19 11:43:34,555 [java.util.concurrent.ThreadPoolExecutor$Worker@1e3d8202[State = -1, empty queue]] WARN  server.GrpcLogAppender (GrpcLogAppender.java:timeoutAppendRequest(200)) - 1ef51437-5145-4abf-870a-167f7b897ac9@group-809A4272F2ED->659ebf6d-5767-4313-894f-3fd853d4ec88-GrpcLogAppender: appendEntries Timeout, request=1ef51437-5145-4abf-870a-167f7b897ac9->659ebf6d-5767-4313-894f-3fd853d4ec88#45-t1, previous=(t:1, i:13), leaderCommit=10, initializing? false, entries: <empty>
2019-09-19 11:43:34,555 [java.util.concurrent.ThreadPoolExecutor$Worker@62ca102e[State = -1, empty queue]] WARN  server.GrpcLogAppender (GrpcLogAppender.java:timeoutAppendRequest(200)) - 1ef51437-5145-4abf-870a-167f7b897ac9@group-809A4272F2ED->7ab74afe-3a06-48e8-81a5-116c850ada99-GrpcLogAppender: appendEntries Timeout, request=1ef51437-5145-4abf-870a-167f7b897ac9->7ab74afe-3a06-48e8-81a5-116c850ada99#45-t1, previous=(t:1, i:13), leaderCommit=10, initializing? false, entries: <empty>
2019-09-19 11:43:35,030 [grpc-default-executor-1] INFO  client.GrpcClientProtocolClient (GrpcClientProtocolClient.java:onNext(264)) - client-F41086007F95->7ab74afe-3a06-48e8-81a5-116c850ada99: receive RaftClientReply:client-F41086007F95->7ab74afe-3a06-48e8-81a5-116c850ada99@group-809A4272F2ED, cid=21, FAILED org.apache.ratis.protocol.NotLeaderException: Server 7ab74afe-3a06-48e8-81a5-116c850ada99@group-809A4272F2ED is not the leader 1ef51437-5145-4abf-870a-167f7b897ac9:192.168.34.13:41893, logIndex=0, commits[7ab74afe-3a06-48e8-81a5-116c850ada99:c10, 659ebf6d-5767-4313-894f-3fd853d4ec88:c6, 1ef51437-5145-4abf-870a-167f7b897ac9:c10]
2019-09-19 11:43:37,056 [java.util.concurrent.ThreadPoolExecutor$Worker@1e3d8202[State = -1, empty queue]] WARN  server.GrpcLogAppender (GrpcLogAppender.java:timeoutAppendRequest(200)) - 1ef51437-5145-4abf-870a-167f7b897ac9@group-809A4272F2ED->659ebf6d-5767-4313-894f-3fd853d4ec88-GrpcLogAppender: appendEntries Timeout, request=1ef51437-5145-4abf-870a-167f7b897ac9->659ebf6d-5767-4313-894f-3fd853d4ec88#46-t1, previous=(t:1, i:13), leaderCommit=10, initializing? false, entries: <empty>
2019-09-19 11:43:37,056 [java.util.concurrent.ThreadPoolExecutor$Worker@62ca102e[State = -1, empty queue]] WARN  server.GrpcLogAppender (GrpcLogAppender.java:timeoutAppendRequest(200)) - 1ef51437-5145-4abf-870a-167f7b897ac9@group-809A4272F2ED->7ab74afe-3a06-48e8-81a5-116c850ada99-GrpcLogAppender: appendEntries Timeout, request=1ef51437-5145-4abf-870a-167f7b897ac9->7ab74afe-3a06-48e8-81a5-116c850ada99#46-t1, previous=(t:1, i:13), leaderCommit=10, initializing? false, entries: <empty>
2019-09-19 11:43:39,557 [java.util.concurrent.ThreadPoolExecutor$Worker@1e3d8202[State = -1, empty queue]] WARN  server.GrpcLogAppender (GrpcLogAppender.java:timeoutAppendRequest(200)) - 1ef51437-5145-4abf-870a-167f7b897ac9@group-809A4272F2ED->659ebf6d-5767-4313-894f-3fd853d4ec88-GrpcLogAppender: appendEntries Timeout, request=1ef51437-5145-4abf-870a-167f7b897ac9->659ebf6d-5767-4313-894f-3fd853d4ec88#47-t1, previous=(t:1, i:13), leaderCommit=10, initializing? false, entries: <empty>
2019-09-19 11:43:39,557 [java.util.concurrent.ThreadPoolExecutor$Worker@62ca102e[State = -1, empty queue]] WARN  server.GrpcLogAppender (GrpcLogAppender.java:timeoutAppendRequest(200)) - 1ef51437-5145-4abf-870a-167f7b897ac9@group-809A4272F2ED->7ab74afe-3a06-48e8-81a5-116c850ada99-GrpcLogAppender: appendEntries Timeout, request=1ef51437-5145-4abf-870a-167f7b897ac9->7ab74afe-3a06-48e8-81a5-116c850ada99#47-t1, previous=(t:1, i:13), leaderCommit=10, initializing? false, entries: <empty>
2019-09-19 11:43:40,093 [grpc-default-executor-1] INFO  client.GrpcClientProtocolClient (GrpcClientProtocolClient.java:onNext(264)) - client-F41086007F95->659ebf6d-5767-4313-894f-3fd853d4ec88: receive RaftClientReply:client-F41086007F95->659ebf6d-5767-4313-894f-3fd853d4ec88@group-809A4272F2ED, cid=21, FAILED org.apache.ratis.protocol.NotLeaderException: Server 659ebf6d-5767-4313-894f-3fd853d4ec88@group-809A4272F2ED is not the leader 1ef51437-5145-4abf-870a-167f7b897ac9:192.168.34.13:41893, logIndex=0, commits[659ebf6d-5767-4313-894f-3fd853d4ec88:c10, 1ef51437-5145-4abf-870a-167f7b897ac9:c10, 7ab74afe-3a06-48e8-81a5-116c850ada99:c6]
2019-09-19 11:43:42,060 [java.util.concurrent.ThreadPoolExecutor$Worker@62ca102e[State = -1, empty queue]] WARN  server.GrpcLogAppender (GrpcLogAppender.java:timeoutAppendRequest(200)) - 1ef51437-5145-4abf-870a-167f7b897ac9@group-809A4272F2ED->7ab74afe-3a06-48e8-81a5-116c850ada99-GrpcLogAppender: appendEntries Timeout, request=1ef51437-5145-4abf-870a-167f7b897ac9->7ab74afe-3a06-48e8-81a5-116c850ada99#48-t1, previous=(t:1, i:13), leaderCommit=10, initializing? false, entries: <empty>
2019-09-19 11:43:42,060 [java.util.concurrent.ThreadPoolExecutor$Worker@1e3d8202[State = -1, empty queue]] WARN  server.GrpcLogAppender (GrpcLogAppender.java:timeoutAppendRequest(200)) - 1ef51437-5145-4abf-870a-167f7b897ac9@group-809A4272F2ED->659ebf6d-5767-4313-894f-3fd853d4ec88-GrpcLogAppender: appendEntries Timeout, request=1ef51437-5145-4abf-870a-167f7b897ac9->659ebf6d-5767-4313-894f-3fd853d4ec88#48-t1, previous=(t:1, i:13), leaderCommit=10, initializing? false, entries: <empty>
2019-09-19 11:43:44,147 [659ebf6d-5767-4313-894f-3fd853d4ec88@group-809A4272F2ED-SegmentedRaftLogWorker] WARN  segmented.SegmentedRaftLogWorker (SegmentedRaftLogWorker.java:getFromFuture(90)) - Timeout 8/~
org.apache.ratis.protocol.TimeoutIOException: Timeout 10s: WriteLog:12: (t:1, i:12), STATEMACHINELOGENTRY, client-F41086007F95, cid=22-writeStateMachineData
	at org.apache.ratis.util.IOUtils.getFromFuture(IOUtils.java:87)
	at org.apache.ratis.server.raftlog.segmented.SegmentedRaftLogWorker$StateMachineDataPolicy.getFromFuture(SegmentedRaftLogWorker.java:87)
	at org.apache.ratis.server.raftlog.segmented.SegmentedRaftLogWorker$WriteLog.execute(SegmentedRaftLogWorker.java:477)
	at org.apache.ratis.server.raftlog.segmented.SegmentedRaftLogWorker.run(SegmentedRaftLogWorker.java:289)
	at java.lang.Thread.run(Thread.java:748)
Caused by: java.util.concurrent.TimeoutException
	at java.util.concurrent.CompletableFuture.timedGet(CompletableFuture.java:1771)
	at java.util.concurrent.CompletableFuture.get(CompletableFuture.java:1915)
	at org.apache.ratis.util.IOUtils.getFromFuture(IOUtils.java:79)
	... 4 more
2019-09-19 11:43:44,147 [7ab74afe-3a06-48e8-81a5-116c850ada99@group-809A4272F2ED-SegmentedRaftLogWorker] WARN  segmented.SegmentedRaftLogWorker (SegmentedRaftLogWorker.java:getFromFuture(90)) - Timeout 8/~
org.apache.ratis.protocol.TimeoutIOException: Timeout 10s: WriteLog:12: (t:1, i:12), STATEMACHINELOGENTRY, client-F41086007F95, cid=22-writeStateMachineData
	at org.apache.ratis.util.IOUtils.getFromFuture(IOUtils.java:87)
	at org.apache.ratis.server.raftlog.segmented.SegmentedRaftLogWorker$StateMachineDataPolicy.getFromFuture(SegmentedRaftLogWorker.java:87)
	at org.apache.ratis.server.raftlog.segmented.SegmentedRaftLogWorker$WriteLog.execute(SegmentedRaftLogWorker.java:477)
	at org.apache.ratis.server.raftlog.segmented.SegmentedRaftLogWorker.run(SegmentedRaftLogWorker.java:289)
	at java.lang.Thread.run(Thread.java:748)
Caused by: java.util.concurrent.TimeoutException
	at java.util.concurrent.CompletableFuture.timedGet(CompletableFuture.java:1771)
	at java.util.concurrent.CompletableFuture.get(CompletableFuture.java:1915)
	at org.apache.ratis.util.IOUtils.getFromFuture(IOUtils.java:79)
	... 4 more
2019-09-19 11:43:44,560 [java.util.concurrent.ThreadPoolExecutor$Worker@1e3d8202[State = -1, empty queue]] WARN  server.GrpcLogAppender (GrpcLogAppender.java:timeoutAppendRequest(200)) - 1ef51437-5145-4abf-870a-167f7b897ac9@group-809A4272F2ED->659ebf6d-5767-4313-894f-3fd853d4ec88-GrpcLogAppender: appendEntries Timeout, request=1ef51437-5145-4abf-870a-167f7b897ac9->659ebf6d-5767-4313-894f-3fd853d4ec88#49-t1, previous=(t:1, i:13), leaderCommit=10, initializing? false, entries: <empty>
2019-09-19 11:43:44,560 [java.util.concurrent.ThreadPoolExecutor$Worker@62ca102e[State = -1, empty queue]] WARN  server.GrpcLogAppender (GrpcLogAppender.java:timeoutAppendRequest(200)) - 1ef51437-5145-4abf-870a-167f7b897ac9@group-809A4272F2ED->7ab74afe-3a06-48e8-81a5-116c850ada99-GrpcLogAppender: appendEntries Timeout, request=1ef51437-5145-4abf-870a-167f7b897ac9->7ab74afe-3a06-48e8-81a5-116c850ada99#49-t1, previous=(t:1, i:13), leaderCommit=10, initializing? false, entries: <empty>
2019-09-19 11:43:45,141 [grpc-default-executor-0] INFO  client.GrpcClientProtocolClient (GrpcClientProtocolClient.java:onNext(264)) - client-F41086007F95->659ebf6d-5767-4313-894f-3fd853d4ec88: receive RaftClientReply:client-F41086007F95->659ebf6d-5767-4313-894f-3fd853d4ec88@group-809A4272F2ED, cid=21, FAILED org.apache.ratis.protocol.NotLeaderException: Server 659ebf6d-5767-4313-894f-3fd853d4ec88@group-809A4272F2ED is not the leader 1ef51437-5145-4abf-870a-167f7b897ac9:192.168.34.13:41893, logIndex=0, commits[659ebf6d-5767-4313-894f-3fd853d4ec88:c10, 1ef51437-5145-4abf-870a-167f7b897ac9:c10, 7ab74afe-3a06-48e8-81a5-116c850ada99:c6]
2019-09-19 11:43:47,061 [java.util.concurrent.ThreadPoolExecutor$Worker@1e3d8202[State = -1, empty queue]] WARN  server.GrpcLogAppender (GrpcLogAppender.java:timeoutAppendRequest(200)) - 1ef51437-5145-4abf-870a-167f7b897ac9@group-809A4272F2ED->659ebf6d-5767-4313-894f-3fd853d4ec88-GrpcLogAppender: appendEntries Timeout, request=1ef51437-5145-4abf-870a-167f7b897ac9->659ebf6d-5767-4313-894f-3fd853d4ec88#50-t1, previous=(t:1, i:13), leaderCommit=10, initializing? false, entries: <empty>
2019-09-19 11:43:47,061 [java.util.concurrent.ThreadPoolExecutor$Worker@62ca102e[State = -1, empty queue]] WARN  server.GrpcLogAppender (GrpcLogAppender.java:timeoutAppendRequest(200)) - 1ef51437-5145-4abf-870a-167f7b897ac9@group-809A4272F2ED->7ab74afe-3a06-48e8-81a5-116c850ada99-GrpcLogAppender: appendEntries Timeout, request=1ef51437-5145-4abf-870a-167f7b897ac9->7ab74afe-3a06-48e8-81a5-116c850ada99#50-t1, previous=(t:1, i:13), leaderCommit=10, initializing? false, entries: <empty>
2019-09-19 11:43:49,561 [java.util.concurrent.ThreadPoolExecutor$Worker@1e3d8202[State = -1, empty queue]] WARN  server.GrpcLogAppender (GrpcLogAppender.java:timeoutAppendRequest(200)) - 1ef51437-5145-4abf-870a-167f7b897ac9@group-809A4272F2ED->659ebf6d-5767-4313-894f-3fd853d4ec88-GrpcLogAppender: appendEntries Timeout, request=1ef51437-5145-4abf-870a-167f7b897ac9->659ebf6d-5767-4313-894f-3fd853d4ec88#51-t1, previous=(t:1, i:13), leaderCommit=10, initializing? false, entries: <empty>
2019-09-19 11:43:49,561 [java.util.concurrent.ThreadPoolExecutor$Worker@62ca102e[State = -1, empty queue]] WARN  server.GrpcLogAppender (GrpcLogAppender.java:timeoutAppendRequest(200)) - 1ef51437-5145-4abf-870a-167f7b897ac9@group-809A4272F2ED->7ab74afe-3a06-48e8-81a5-116c850ada99-GrpcLogAppender: appendEntries Timeout, request=1ef51437-5145-4abf-870a-167f7b897ac9->7ab74afe-3a06-48e8-81a5-116c850ada99#51-t1, previous=(t:1, i:13), leaderCommit=10, initializing? false, entries: <empty>
2019-09-19 11:43:50,212 [grpc-default-executor-1] INFO  client.GrpcClientProtocolClient (GrpcClientProtocolClient.java:onNext(264)) - client-F41086007F95->7ab74afe-3a06-48e8-81a5-116c850ada99: receive RaftClientReply:client-F41086007F95->7ab74afe-3a06-48e8-81a5-116c850ada99@group-809A4272F2ED, cid=21, FAILED org.apache.ratis.protocol.NotLeaderException: Server 7ab74afe-3a06-48e8-81a5-116c850ada99@group-809A4272F2ED is not the leader 1ef51437-5145-4abf-870a-167f7b897ac9:192.168.34.13:41893, logIndex=0, commits[7ab74afe-3a06-48e8-81a5-116c850ada99:c10, 659ebf6d-5767-4313-894f-3fd853d4ec88:c6, 1ef51437-5145-4abf-870a-167f7b897ac9:c10]
2019-09-19 11:43:52,062 [java.util.concurrent.ThreadPoolExecutor$Worker@62ca102e[State = -1, empty queue]] WARN  server.GrpcLogAppender (GrpcLogAppender.java:timeoutAppendRequest(200)) - 1ef51437-5145-4abf-870a-167f7b897ac9@group-809A4272F2ED->7ab74afe-3a06-48e8-81a5-116c850ada99-GrpcLogAppender: appendEntries Timeout, request=1ef51437-5145-4abf-870a-167f7b897ac9->7ab74afe-3a06-48e8-81a5-116c850ada99#52-t1, previous=(t:1, i:13), leaderCommit=10, initializing? false, entries: <empty>
2019-09-19 11:43:52,062 [java.util.concurrent.ThreadPoolExecutor$Worker@1e3d8202[State = -1, empty queue]] WARN  server.GrpcLogAppender (GrpcLogAppender.java:timeoutAppendRequest(200)) - 1ef51437-5145-4abf-870a-167f7b897ac9@group-809A4272F2ED->659ebf6d-5767-4313-894f-3fd853d4ec88-GrpcLogAppender: appendEntries Timeout, request=1ef51437-5145-4abf-870a-167f7b897ac9->659ebf6d-5767-4313-894f-3fd853d4ec88#52-t1, previous=(t:1, i:13), leaderCommit=10, initializing? false, entries: <empty>
2019-09-19 11:43:54,148 [659ebf6d-5767-4313-894f-3fd853d4ec88@group-809A4272F2ED-SegmentedRaftLogWorker] WARN  segmented.SegmentedRaftLogWorker (SegmentedRaftLogWorker.java:getFromFuture(90)) - Timeout 9/~
org.apache.ratis.protocol.TimeoutIOException: Timeout 10s: WriteLog:12: (t:1, i:12), STATEMACHINELOGENTRY, client-F41086007F95, cid=22-writeStateMachineData
	at org.apache.ratis.util.IOUtils.getFromFuture(IOUtils.java:87)
	at org.apache.ratis.server.raftlog.segmented.SegmentedRaftLogWorker$StateMachineDataPolicy.getFromFuture(SegmentedRaftLogWorker.java:87)
	at org.apache.ratis.server.raftlog.segmented.SegmentedRaftLogWorker$WriteLog.execute(SegmentedRaftLogWorker.java:477)
	at org.apache.ratis.server.raftlog.segmented.SegmentedRaftLogWorker.run(SegmentedRaftLogWorker.java:289)
	at java.lang.Thread.run(Thread.java:748)
Caused by: java.util.concurrent.TimeoutException
	at java.util.concurrent.CompletableFuture.timedGet(CompletableFuture.java:1771)
	at java.util.concurrent.CompletableFuture.get(CompletableFuture.java:1915)
	at org.apache.ratis.util.IOUtils.getFromFuture(IOUtils.java:79)
	... 4 more
2019-09-19 11:43:54,148 [7ab74afe-3a06-48e8-81a5-116c850ada99@group-809A4272F2ED-SegmentedRaftLogWorker] WARN  segmented.SegmentedRaftLogWorker (SegmentedRaftLogWorker.java:getFromFuture(90)) - Timeout 9/~
org.apache.ratis.protocol.TimeoutIOException: Timeout 10s: WriteLog:12: (t:1, i:12), STATEMACHINELOGENTRY, client-F41086007F95, cid=22-writeStateMachineData
	at org.apache.ratis.util.IOUtils.getFromFuture(IOUtils.java:87)
	at org.apache.ratis.server.raftlog.segmented.SegmentedRaftLogWorker$StateMachineDataPolicy.getFromFuture(SegmentedRaftLogWorker.java:87)
	at org.apache.ratis.server.raftlog.segmented.SegmentedRaftLogWorker$WriteLog.execute(SegmentedRaftLogWorker.java:477)
	at org.apache.ratis.server.raftlog.segmented.SegmentedRaftLogWorker.run(SegmentedRaftLogWorker.java:289)
	at java.lang.Thread.run(Thread.java:748)
Caused by: java.util.concurrent.TimeoutException
	at java.util.concurrent.CompletableFuture.timedGet(CompletableFuture.java:1771)
	at java.util.concurrent.CompletableFuture.get(CompletableFuture.java:1915)
	at org.apache.ratis.util.IOUtils.getFromFuture(IOUtils.java:79)
	... 4 more
2019-09-19 11:43:54,562 [java.util.concurrent.ThreadPoolExecutor$Worker@62ca102e[State = -1, empty queue]] WARN  server.GrpcLogAppender (GrpcLogAppender.java:timeoutAppendRequest(200)) - 1ef51437-5145-4abf-870a-167f7b897ac9@group-809A4272F2ED->7ab74afe-3a06-48e8-81a5-116c850ada99-GrpcLogAppender: appendEntries Timeout, request=1ef51437-5145-4abf-870a-167f7b897ac9->7ab74afe-3a06-48e8-81a5-116c850ada99#53-t1, previous=(t:1, i:13), leaderCommit=10, initializing? false, entries: <empty>
2019-09-19 11:43:54,562 [java.util.concurrent.ThreadPoolExecutor$Worker@1e3d8202[State = -1, empty queue]] WARN  server.GrpcLogAppender (GrpcLogAppender.java:timeoutAppendRequest(200)) - 1ef51437-5145-4abf-870a-167f7b897ac9@group-809A4272F2ED->659ebf6d-5767-4313-894f-3fd853d4ec88-GrpcLogAppender: appendEntries Timeout, request=1ef51437-5145-4abf-870a-167f7b897ac9->659ebf6d-5767-4313-894f-3fd853d4ec88#53-t1, previous=(t:1, i:13), leaderCommit=10, initializing? false, entries: <empty>
2019-09-19 11:43:55,272 [grpc-default-executor-0] INFO  client.GrpcClientProtocolClient (GrpcClientProtocolClient.java:onNext(264)) - client-F41086007F95->659ebf6d-5767-4313-894f-3fd853d4ec88: receive RaftClientReply:client-F41086007F95->659ebf6d-5767-4313-894f-3fd853d4ec88@group-809A4272F2ED, cid=21, FAILED org.apache.ratis.protocol.NotLeaderException: Server 659ebf6d-5767-4313-894f-3fd853d4ec88@group-809A4272F2ED is not the leader 1ef51437-5145-4abf-870a-167f7b897ac9:192.168.34.13:41893, logIndex=0, commits[659ebf6d-5767-4313-894f-3fd853d4ec88:c10, 1ef51437-5145-4abf-870a-167f7b897ac9:c10, 7ab74afe-3a06-48e8-81a5-116c850ada99:c6]
2019-09-19 11:43:57,063 [java.util.concurrent.ThreadPoolExecutor$Worker@62ca102e[State = -1, empty queue]] WARN  server.GrpcLogAppender (GrpcLogAppender.java:timeoutAppendRequest(200)) - 1ef51437-5145-4abf-870a-167f7b897ac9@group-809A4272F2ED->7ab74afe-3a06-48e8-81a5-116c850ada99-GrpcLogAppender: appendEntries Timeout, request=1ef51437-5145-4abf-870a-167f7b897ac9->7ab74afe-3a06-48e8-81a5-116c850ada99#54-t1, previous=(t:1, i:13), leaderCommit=10, initializing? false, entries: <empty>
2019-09-19 11:43:57,063 [java.util.concurrent.ThreadPoolExecutor$Worker@1e3d8202[State = -1, empty queue]] WARN  server.GrpcLogAppender (GrpcLogAppender.java:timeoutAppendRequest(200)) - 1ef51437-5145-4abf-870a-167f7b897ac9@group-809A4272F2ED->659ebf6d-5767-4313-894f-3fd853d4ec88-GrpcLogAppender: appendEntries Timeout, request=1ef51437-5145-4abf-870a-167f7b897ac9->659ebf6d-5767-4313-894f-3fd853d4ec88#54-t1, previous=(t:1, i:13), leaderCommit=10, initializing? false, entries: <empty>
2019-09-19 11:43:59,564 [java.util.concurrent.ThreadPoolExecutor$Worker@62ca102e[State = -1, empty queue]] WARN  server.GrpcLogAppender (GrpcLogAppender.java:timeoutAppendRequest(200)) - 1ef51437-5145-4abf-870a-167f7b897ac9@group-809A4272F2ED->7ab74afe-3a06-48e8-81a5-116c850ada99-GrpcLogAppender: appendEntries Timeout, request=1ef51437-5145-4abf-870a-167f7b897ac9->7ab74afe-3a06-48e8-81a5-116c850ada99#55-t1, previous=(t:1, i:13), leaderCommit=10, initializing? false, entries: <empty>
2019-09-19 11:43:59,564 [java.util.concurrent.ThreadPoolExecutor$Worker@1e3d8202[State = -1, empty queue]] WARN  server.GrpcLogAppender (GrpcLogAppender.java:timeoutAppendRequest(200)) - 1ef51437-5145-4abf-870a-167f7b897ac9@group-809A4272F2ED->659ebf6d-5767-4313-894f-3fd853d4ec88-GrpcLogAppender: appendEntries Timeout, request=1ef51437-5145-4abf-870a-167f7b897ac9->659ebf6d-5767-4313-894f-3fd853d4ec88#55-t1, previous=(t:1, i:13), leaderCommit=10, initializing? false, entries: <empty>
2019-09-19 11:44:00,322 [grpc-default-executor-1] INFO  client.GrpcClientProtocolClient (GrpcClientProtocolClient.java:onNext(264)) - client-F41086007F95->659ebf6d-5767-4313-894f-3fd853d4ec88: receive RaftClientReply:client-F41086007F95->659ebf6d-5767-4313-894f-3fd853d4ec88@group-809A4272F2ED, cid=21, FAILED org.apache.ratis.protocol.NotLeaderException: Server 659ebf6d-5767-4313-894f-3fd853d4ec88@group-809A4272F2ED is not the leader 1ef51437-5145-4abf-870a-167f7b897ac9:192.168.34.13:41893, logIndex=0, commits[659ebf6d-5767-4313-894f-3fd853d4ec88:c10, 1ef51437-5145-4abf-870a-167f7b897ac9:c10, 7ab74afe-3a06-48e8-81a5-116c850ada99:c6]
2019-09-19 11:44:02,064 [java.util.concurrent.ThreadPoolExecutor$Worker@62ca102e[State = -1, empty queue]] WARN  server.GrpcLogAppender (GrpcLogAppender.java:timeoutAppendRequest(200)) - 1ef51437-5145-4abf-870a-167f7b897ac9@group-809A4272F2ED->7ab74afe-3a06-48e8-81a5-116c850ada99-GrpcLogAppender: appendEntries Timeout, request=1ef51437-5145-4abf-870a-167f7b897ac9->7ab74afe-3a06-48e8-81a5-116c850ada99#56-t1, previous=(t:1, i:13), leaderCommit=10, initializing? false, entries: <empty>
2019-09-19 11:44:02,064 [java.util.concurrent.ThreadPoolExecutor$Worker@1e3d8202[State = -1, empty queue]] WARN  server.GrpcLogAppender (GrpcLogAppender.java:timeoutAppendRequest(200)) - 1ef51437-5145-4abf-870a-167f7b897ac9@group-809A4272F2ED->659ebf6d-5767-4313-894f-3fd853d4ec88-GrpcLogAppender: appendEntries Timeout, request=1ef51437-5145-4abf-870a-167f7b897ac9->659ebf6d-5767-4313-894f-3fd853d4ec88#56-t1, previous=(t:1, i:13), leaderCommit=10, initializing? false, entries: <empty>
2019-09-19 11:44:04,150 [659ebf6d-5767-4313-894f-3fd853d4ec88@group-809A4272F2ED-SegmentedRaftLogWorker] WARN  segmented.SegmentedRaftLogWorker (SegmentedRaftLogWorker.java:getFromFuture(90)) - Timeout 10/~
org.apache.ratis.protocol.TimeoutIOException: Timeout 10s: WriteLog:12: (t:1, i:12), STATEMACHINELOGENTRY, client-F41086007F95, cid=22-writeStateMachineData
	at org.apache.ratis.util.IOUtils.getFromFuture(IOUtils.java:87)
	at org.apache.ratis.server.raftlog.segmented.SegmentedRaftLogWorker$StateMachineDataPolicy.getFromFuture(SegmentedRaftLogWorker.java:87)
	at org.apache.ratis.server.raftlog.segmented.SegmentedRaftLogWorker$WriteLog.execute(SegmentedRaftLogWorker.java:477)
	at org.apache.ratis.server.raftlog.segmented.SegmentedRaftLogWorker.run(SegmentedRaftLogWorker.java:289)
	at java.lang.Thread.run(Thread.java:748)
Caused by: java.util.concurrent.TimeoutException
	at java.util.concurrent.CompletableFuture.timedGet(CompletableFuture.java:1771)
	at java.util.concurrent.CompletableFuture.get(CompletableFuture.java:1915)
	at org.apache.ratis.util.IOUtils.getFromFuture(IOUtils.java:79)
	... 4 more
2019-09-19 11:44:04,173 [7ab74afe-3a06-48e8-81a5-116c850ada99@group-809A4272F2ED-SegmentedRaftLogWorker] WARN  segmented.SegmentedRaftLogWorker (SegmentedRaftLogWorker.java:getFromFuture(90)) - Timeout 10/~
org.apache.ratis.protocol.TimeoutIOException: Timeout 10s: WriteLog:12: (t:1, i:12), STATEMACHINELOGENTRY, client-F41086007F95, cid=22-writeStateMachineData
	at org.apache.ratis.util.IOUtils.getFromFuture(IOUtils.java:87)
	at org.apache.ratis.server.raftlog.segmented.SegmentedRaftLogWorker$StateMachineDataPolicy.getFromFuture(SegmentedRaftLogWorker.java:87)
	at org.apache.ratis.server.raftlog.segmented.SegmentedRaftLogWorker$WriteLog.execute(SegmentedRaftLogWorker.java:477)
	at org.apache.ratis.server.raftlog.segmented.SegmentedRaftLogWorker.run(SegmentedRaftLogWorker.java:289)
	at java.lang.Thread.run(Thread.java:748)
Caused by: java.util.concurrent.TimeoutException
	at java.util.concurrent.CompletableFuture.timedGet(CompletableFuture.java:1771)
	at java.util.concurrent.CompletableFuture.get(CompletableFuture.java:1915)
	at org.apache.ratis.util.IOUtils.getFromFuture(IOUtils.java:79)
	... 4 more
2019-09-19 11:44:04,565 [java.util.concurrent.ThreadPoolExecutor$Worker@62ca102e[State = -1, empty queue]] WARN  server.GrpcLogAppender (GrpcLogAppender.java:timeoutAppendRequest(200)) - 1ef51437-5145-4abf-870a-167f7b897ac9@group-809A4272F2ED->7ab74afe-3a06-48e8-81a5-116c850ada99-GrpcLogAppender: appendEntries Timeout, request=1ef51437-5145-4abf-870a-167f7b897ac9->7ab74afe-3a06-48e8-81a5-116c850ada99#57-t1, previous=(t:1, i:13), leaderCommit=10, initializing? false, entries: <empty>
2019-09-19 11:44:04,565 [java.util.concurrent.ThreadPoolExecutor$Worker@1e3d8202[State = -1, empty queue]] WARN  server.GrpcLogAppender (GrpcLogAppender.java:timeoutAppendRequest(200)) - 1ef51437-5145-4abf-870a-167f7b897ac9@group-809A4272F2ED->659ebf6d-5767-4313-894f-3fd853d4ec88-GrpcLogAppender: appendEntries Timeout, request=1ef51437-5145-4abf-870a-167f7b897ac9->659ebf6d-5767-4313-894f-3fd853d4ec88#57-t1, previous=(t:1, i:13), leaderCommit=10, initializing? false, entries: <empty>
2019-09-19 11:44:05,399 [grpc-default-executor-0] INFO  client.GrpcClientProtocolClient (GrpcClientProtocolClient.java:onNext(264)) - client-F41086007F95->7ab74afe-3a06-48e8-81a5-116c850ada99: receive RaftClientReply:client-F41086007F95->7ab74afe-3a06-48e8-81a5-116c850ada99@group-809A4272F2ED, cid=21, FAILED org.apache.ratis.protocol.NotLeaderException: Server 7ab74afe-3a06-48e8-81a5-116c850ada99@group-809A4272F2ED is not the leader 1ef51437-5145-4abf-870a-167f7b897ac9:192.168.34.13:41893, logIndex=0, commits[7ab74afe-3a06-48e8-81a5-116c850ada99:c10, 659ebf6d-5767-4313-894f-3fd853d4ec88:c6, 1ef51437-5145-4abf-870a-167f7b897ac9:c10]
2019-09-19 11:44:07,066 [java.util.concurrent.ThreadPoolExecutor$Worker@62ca102e[State = -1, empty queue]] WARN  server.GrpcLogAppender (GrpcLogAppender.java:timeoutAppendRequest(200)) - 1ef51437-5145-4abf-870a-167f7b897ac9@group-809A4272F2ED->7ab74afe-3a06-48e8-81a5-116c850ada99-GrpcLogAppender: appendEntries Timeout, request=1ef51437-5145-4abf-870a-167f7b897ac9->7ab74afe-3a06-48e8-81a5-116c850ada99#58-t1, previous=(t:1, i:13), leaderCommit=10, initializing? false, entries: <empty>
2019-09-19 11:44:07,066 [java.util.concurrent.ThreadPoolExecutor$Worker@1e3d8202[State = -1, empty queue]] WARN  server.GrpcLogAppender (GrpcLogAppender.java:timeoutAppendRequest(200)) - 1ef51437-5145-4abf-870a-167f7b897ac9@group-809A4272F2ED->659ebf6d-5767-4313-894f-3fd853d4ec88-GrpcLogAppender: appendEntries Timeout, request=1ef51437-5145-4abf-870a-167f7b897ac9->659ebf6d-5767-4313-894f-3fd853d4ec88#58-t1, previous=(t:1, i:13), leaderCommit=10, initializing? false, entries: <empty>
2019-09-19 11:44:09,567 [java.util.concurrent.ThreadPoolExecutor$Worker@1e3d8202[State = -1, empty queue]] WARN  server.GrpcLogAppender (GrpcLogAppender.java:timeoutAppendRequest(200)) - 1ef51437-5145-4abf-870a-167f7b897ac9@group-809A4272F2ED->659ebf6d-5767-4313-894f-3fd853d4ec88-GrpcLogAppender: appendEntries Timeout, request=1ef51437-5145-4abf-870a-167f7b897ac9->659ebf6d-5767-4313-894f-3fd853d4ec88#59-t1, previous=(t:1, i:13), leaderCommit=10, initializing? false, entries: <empty>
2019-09-19 11:44:09,567 [java.util.concurrent.ThreadPoolExecutor$Worker@62ca102e[State = -1, empty queue]] WARN  server.GrpcLogAppender (GrpcLogAppender.java:timeoutAppendRequest(200)) - 1ef51437-5145-4abf-870a-167f7b897ac9@group-809A4272F2ED->7ab74afe-3a06-48e8-81a5-116c850ada99-GrpcLogAppender: appendEntries Timeout, request=1ef51437-5145-4abf-870a-167f7b897ac9->7ab74afe-3a06-48e8-81a5-116c850ada99#59-t1, previous=(t:1, i:13), leaderCommit=10, initializing? false, entries: <empty>
2019-09-19 11:44:10,449 [grpc-default-executor-1] INFO  client.GrpcClientProtocolClient (GrpcClientProtocolClient.java:onNext(264)) - client-F41086007F95->659ebf6d-5767-4313-894f-3fd853d4ec88: receive RaftClientReply:client-F41086007F95->659ebf6d-5767-4313-894f-3fd853d4ec88@group-809A4272F2ED, cid=21, FAILED org.apache.ratis.protocol.NotLeaderException: Server 659ebf6d-5767-4313-894f-3fd853d4ec88@group-809A4272F2ED is not the leader 1ef51437-5145-4abf-870a-167f7b897ac9:192.168.34.13:41893, logIndex=0, commits[659ebf6d-5767-4313-894f-3fd853d4ec88:c10, 1ef51437-5145-4abf-870a-167f7b897ac9:c10, 7ab74afe-3a06-48e8-81a5-116c850ada99:c6]
2019-09-19 11:44:12,067 [java.util.concurrent.ThreadPoolExecutor$Worker@1e3d8202[State = -1, empty queue]] WARN  server.GrpcLogAppender (GrpcLogAppender.java:timeoutAppendRequest(200)) - 1ef51437-5145-4abf-870a-167f7b897ac9@group-809A4272F2ED->659ebf6d-5767-4313-894f-3fd853d4ec88-GrpcLogAppender: appendEntries Timeout, request=1ef51437-5145-4abf-870a-167f7b897ac9->659ebf6d-5767-4313-894f-3fd853d4ec88#60-t1, previous=(t:1, i:13), leaderCommit=10, initializing? false, entries: <empty>
2019-09-19 11:44:12,067 [java.util.concurrent.ThreadPoolExecutor$Worker@62ca102e[State = -1, empty queue]] WARN  server.GrpcLogAppender (GrpcLogAppender.java:timeoutAppendRequest(200)) - 1ef51437-5145-4abf-870a-167f7b897ac9@group-809A4272F2ED->7ab74afe-3a06-48e8-81a5-116c850ada99-GrpcLogAppender: appendEntries Timeout, request=1ef51437-5145-4abf-870a-167f7b897ac9->7ab74afe-3a06-48e8-81a5-116c850ada99#60-t1, previous=(t:1, i:13), leaderCommit=10, initializing? false, entries: <empty>
2019-09-19 11:44:14,095 [org.apache.ratis.server.impl.LogAppender$AppenderDaemon$$Lambda$510/992966066@121685a4] ERROR ratis.XceiverServerRatis (XceiverServerRatis.java:triggerPipelineClose(568)) - pipeline Action CLOSE  on pipeline PipelineID=ce8030db-de7e-4328-b2f9-809a4272f2ed.Reason : 1ef51437-5145-4abf-870a-167f7b897ac9 has not seen follower/s 659ebf6d-5767-4313-894f-3fd853d4ec88 for 120267ms 7ab74afe-3a06-48e8-81a5-116c850ada99 for 120267ms
2019-09-19 11:44:14,095 [org.apache.ratis.server.impl.LogAppender$AppenderDaemon$$Lambda$510/992966066@7db14276] ERROR ratis.XceiverServerRatis (XceiverServerRatis.java:triggerPipelineClose(568)) - pipeline Action CLOSE  on pipeline PipelineID=ce8030db-de7e-4328-b2f9-809a4272f2ed.Reason : 1ef51437-5145-4abf-870a-167f7b897ac9 has not seen follower/s 659ebf6d-5767-4313-894f-3fd853d4ec88 for 120267ms 7ab74afe-3a06-48e8-81a5-116c850ada99 for 120267ms
2019-09-19 11:44:14,151 [659ebf6d-5767-4313-894f-3fd853d4ec88@group-809A4272F2ED-SegmentedRaftLogWorker] WARN  segmented.SegmentedRaftLogWorker (SegmentedRaftLogWorker.java:getFromFuture(90)) - Timeout 11/~
org.apache.ratis.protocol.TimeoutIOException: Timeout 10s: WriteLog:12: (t:1, i:12), STATEMACHINELOGENTRY, client-F41086007F95, cid=22-writeStateMachineData
	at org.apache.ratis.util.IOUtils.getFromFuture(IOUtils.java:87)
	at org.apache.ratis.server.raftlog.segmented.SegmentedRaftLogWorker$StateMachineDataPolicy.getFromFuture(SegmentedRaftLogWorker.java:87)
	at org.apache.ratis.server.raftlog.segmented.SegmentedRaftLogWorker$WriteLog.execute(SegmentedRaftLogWorker.java:477)
	at org.apache.ratis.server.raftlog.segmented.SegmentedRaftLogWorker.run(SegmentedRaftLogWorker.java:289)
	at java.lang.Thread.run(Thread.java:748)
Caused by: java.util.concurrent.TimeoutException
	at java.util.concurrent.CompletableFuture.timedGet(CompletableFuture.java:1771)
	at java.util.concurrent.CompletableFuture.get(CompletableFuture.java:1915)
	at org.apache.ratis.util.IOUtils.getFromFuture(IOUtils.java:79)
	... 4 more
2019-09-19 11:44:14,156 [EventQueue-PipelineActionsForPipelineActionHandler] ERROR pipeline.PipelineActionHandler (PipelineActionHandler.java:onMessage(60)) - Received pipeline action CLOSE for Pipeline[ Id: ce8030db-de7e-4328-b2f9-809a4272f2ed, Nodes: 659ebf6d-5767-4313-894f-3fd853d4ec88{ip: 192.168.34.13, host: pr-hdds-2153-g484h-410672627, networkLocation: /default-rack, certSerialId: null}1ef51437-5145-4abf-870a-167f7b897ac9{ip: 192.168.34.13, host: pr-hdds-2153-g484h-410672627, networkLocation: /default-rack, certSerialId: null}7ab74afe-3a06-48e8-81a5-116c850ada99{ip: 192.168.34.13, host: pr-hdds-2153-g484h-410672627, networkLocation: /default-rack, certSerialId: null}, Type:RATIS, Factor:THREE, State:OPEN] from datanode 1ef51437-5145-4abf-870a-167f7b897ac9{ip: 192.168.34.13, host: pr-hdds-2153-g484h-410672627, networkLocation: /default-rack, certSerialId: null}. Reason : 1ef51437-5145-4abf-870a-167f7b897ac9 has not seen follower/s 659ebf6d-5767-4313-894f-3fd853d4ec88 for 120267ms 7ab74afe-3a06-48e8-81a5-116c850ada99 for 120267ms
2019-09-19 11:44:14,156 [EventQueue-PipelineActionsForPipelineActionHandler] INFO  pipeline.SCMPipelineManager (SCMPipelineManager.java:finalizeAndDestroyPipeline(311)) - destroying pipeline:Pipeline[ Id: ce8030db-de7e-4328-b2f9-809a4272f2ed, Nodes: 659ebf6d-5767-4313-894f-3fd853d4ec88{ip: 192.168.34.13, host: pr-hdds-2153-g484h-410672627, networkLocation: /default-rack, certSerialId: null}1ef51437-5145-4abf-870a-167f7b897ac9{ip: 192.168.34.13, host: pr-hdds-2153-g484h-410672627, networkLocation: /default-rack, certSerialId: null}7ab74afe-3a06-48e8-81a5-116c850ada99{ip: 192.168.34.13, host: pr-hdds-2153-g484h-410672627, networkLocation: /default-rack, certSerialId: null}, Type:RATIS, Factor:THREE, State:OPEN]
2019-09-19 11:44:14,157 [EventQueue-PipelineActionsForPipelineActionHandler] INFO  pipeline.PipelineStateManager (PipelineStateManager.java:finalizePipeline(123)) - Pipeline Pipeline[ Id: ce8030db-de7e-4328-b2f9-809a4272f2ed, Nodes: 659ebf6d-5767-4313-894f-3fd853d4ec88{ip: 192.168.34.13, host: pr-hdds-2153-g484h-410672627, networkLocation: /default-rack, certSerialId: null}1ef51437-5145-4abf-870a-167f7b897ac9{ip: 192.168.34.13, host: pr-hdds-2153-g484h-410672627, networkLocation: /default-rack, certSerialId: null}7ab74afe-3a06-48e8-81a5-116c850ada99{ip: 192.168.34.13, host: pr-hdds-2153-g484h-410672627, networkLocation: /default-rack, certSerialId: null}, Type:RATIS, Factor:THREE, State:CLOSED] moved to CLOSED state
2019-09-19 11:44:14,160 [EventQueue-CloseContainerForCloseContainerEventHandler] INFO  container.CloseContainerEventHandler (CloseContainerEventHandler.java:onMessage(61)) - Close container Event triggered for container : #2
2019-09-19 11:44:14,167 [EventQueue-CloseContainerForCloseContainerEventHandler] INFO  container.CloseContainerEventHandler (CloseContainerEventHandler.java:onMessage(61)) - Close container Event triggered for container : #3
2019-09-19 11:44:14,174 [7ab74afe-3a06-48e8-81a5-116c850ada99@group-809A4272F2ED-SegmentedRaftLogWorker] WARN  segmented.SegmentedRaftLogWorker (SegmentedRaftLogWorker.java:getFromFuture(90)) - Timeout 11/~
org.apache.ratis.protocol.TimeoutIOException: Timeout 10s: WriteLog:12: (t:1, i:12), STATEMACHINELOGENTRY, client-F41086007F95, cid=22-writeStateMachineData
	at org.apache.ratis.util.IOUtils.getFromFuture(IOUtils.java:87)
	at org.apache.ratis.server.raftlog.segmented.SegmentedRaftLogWorker$StateMachineDataPolicy.getFromFuture(SegmentedRaftLogWorker.java:87)
	at org.apache.ratis.server.raftlog.segmented.SegmentedRaftLogWorker$WriteLog.execute(SegmentedRaftLogWorker.java:477)
	at org.apache.ratis.server.raftlog.segmented.SegmentedRaftLogWorker.run(SegmentedRaftLogWorker.java:289)
	at java.lang.Thread.run(Thread.java:748)
Caused by: java.util.concurrent.TimeoutException
	at java.util.concurrent.CompletableFuture.timedGet(CompletableFuture.java:1771)
	at java.util.concurrent.CompletableFuture.get(CompletableFuture.java:1915)
	at org.apache.ratis.util.IOUtils.getFromFuture(IOUtils.java:79)
	... 4 more
2019-09-19 11:44:14,568 [java.util.concurrent.ThreadPoolExecutor$Worker@1e3d8202[State = -1, empty queue]] WARN  server.GrpcLogAppender (GrpcLogAppender.java:timeoutAppendRequest(200)) - 1ef51437-5145-4abf-870a-167f7b897ac9@group-809A4272F2ED->659ebf6d-5767-4313-894f-3fd853d4ec88-GrpcLogAppender: appendEntries Timeout, request=1ef51437-5145-4abf-870a-167f7b897ac9->659ebf6d-5767-4313-894f-3fd853d4ec88#61-t1, previous=(t:1, i:13), leaderCommit=10, initializing? false, entries: <empty>
2019-09-19 11:44:14,568 [java.util.concurrent.ThreadPoolExecutor$Worker@62ca102e[State = -1, empty queue]] WARN  server.GrpcLogAppender (GrpcLogAppender.java:timeoutAppendRequest(200)) - 1ef51437-5145-4abf-870a-167f7b897ac9@group-809A4272F2ED->7ab74afe-3a06-48e8-81a5-116c850ada99-GrpcLogAppender: appendEntries Timeout, request=1ef51437-5145-4abf-870a-167f7b897ac9->7ab74afe-3a06-48e8-81a5-116c850ada99#61-t1, previous=(t:1, i:13), leaderCommit=10, initializing? false, entries: <empty>
2019-09-19 11:44:15,491 [grpc-default-executor-0] INFO  client.GrpcClientProtocolClient (GrpcClientProtocolClient.java:onNext(264)) - client-F41086007F95->7ab74afe-3a06-48e8-81a5-116c850ada99: receive RaftClientReply:client-F41086007F95->7ab74afe-3a06-48e8-81a5-116c850ada99@group-809A4272F2ED, cid=21, FAILED org.apache.ratis.protocol.NotLeaderException: Server 7ab74afe-3a06-48e8-81a5-116c850ada99@group-809A4272F2ED is not the leader 1ef51437-5145-4abf-870a-167f7b897ac9:192.168.34.13:41893, logIndex=0, commits[7ab74afe-3a06-48e8-81a5-116c850ada99:c10, 659ebf6d-5767-4313-894f-3fd853d4ec88:c6, 1ef51437-5145-4abf-870a-167f7b897ac9:c10]
2019-09-19 11:44:16,176 [org.apache.ratis.server.impl.LogAppender$AppenderDaemon$$Lambda$510/992966066@7db14276] ERROR ratis.XceiverServerRatis (XceiverServerRatis.java:triggerPipelineClose(568)) - pipeline Action CLOSE  on pipeline PipelineID=ce8030db-de7e-4328-b2f9-809a4272f2ed.Reason : 1ef51437-5145-4abf-870a-167f7b897ac9 has not seen follower/s 659ebf6d-5767-4313-894f-3fd853d4ec88 for 122362ms 7ab74afe-3a06-48e8-81a5-116c850ada99 for 122360ms
2019-09-19 11:44:16,176 [org.apache.ratis.server.impl.LogAppender$AppenderDaemon$$Lambda$510/992966066@121685a4] ERROR ratis.XceiverServerRatis (XceiverServerRatis.java:triggerPipelineClose(568)) - pipeline Action CLOSE  on pipeline PipelineID=ce8030db-de7e-4328-b2f9-809a4272f2ed.Reason : 1ef51437-5145-4abf-870a-167f7b897ac9 has not seen follower/s 659ebf6d-5767-4313-894f-3fd853d4ec88 for 122362ms 7ab74afe-3a06-48e8-81a5-116c850ada99 for 122360ms
2019-09-19 11:44:17,068 [java.util.concurrent.ThreadPoolExecutor$Worker@1e3d8202[State = -1, empty queue]] WARN  server.GrpcLogAppender (GrpcLogAppender.java:timeoutAppendRequest(200)) - 1ef51437-5145-4abf-870a-167f7b897ac9@group-809A4272F2ED->659ebf6d-5767-4313-894f-3fd853d4ec88-GrpcLogAppender: appendEntries Timeout, request=1ef51437-5145-4abf-870a-167f7b897ac9->659ebf6d-5767-4313-894f-3fd853d4ec88#62-t1, previous=(t:1, i:13), leaderCommit=10, initializing? false, entries: <empty>
2019-09-19 11:44:17,068 [java.util.concurrent.ThreadPoolExecutor$Worker@62ca102e[State = -1, empty queue]] WARN  server.GrpcLogAppender (GrpcLogAppender.java:timeoutAppendRequest(200)) - 1ef51437-5145-4abf-870a-167f7b897ac9@group-809A4272F2ED->7ab74afe-3a06-48e8-81a5-116c850ada99-GrpcLogAppender: appendEntries Timeout, request=1ef51437-5145-4abf-870a-167f7b897ac9->7ab74afe-3a06-48e8-81a5-116c850ada99#62-t1, previous=(t:1, i:13), leaderCommit=10, initializing? false, entries: <empty>
2019-09-19 11:44:17,169 [EventQueue-PipelineActionsForPipelineActionHandler] ERROR pipeline.PipelineActionHandler (PipelineActionHandler.java:onMessage(60)) - Received pipeline action CLOSE for Pipeline[ Id: ce8030db-de7e-4328-b2f9-809a4272f2ed, Nodes: 659ebf6d-5767-4313-894f-3fd853d4ec88{ip: 192.168.34.13, host: pr-hdds-2153-g484h-410672627, networkLocation: /default-rack, certSerialId: null}1ef51437-5145-4abf-870a-167f7b897ac9{ip: 192.168.34.13, host: pr-hdds-2153-g484h-410672627, networkLocation: /default-rack, certSerialId: null}7ab74afe-3a06-48e8-81a5-116c850ada99{ip: 192.168.34.13, host: pr-hdds-2153-g484h-410672627, networkLocation: /default-rack, certSerialId: null}, Type:RATIS, Factor:THREE, State:CLOSED] from datanode 1ef51437-5145-4abf-870a-167f7b897ac9{ip: 192.168.34.13, host: pr-hdds-2153-g484h-410672627, networkLocation: /default-rack, certSerialId: null}. Reason : 1ef51437-5145-4abf-870a-167f7b897ac9 has not seen follower/s 659ebf6d-5767-4313-894f-3fd853d4ec88 for 122362ms 7ab74afe-3a06-48e8-81a5-116c850ada99 for 122360ms
2019-09-19 11:44:17,170 [EventQueue-PipelineActionsForPipelineActionHandler] INFO  pipeline.SCMPipelineManager (SCMPipelineManager.java:finalizeAndDestroyPipeline(311)) - destroying pipeline:Pipeline[ Id: ce8030db-de7e-4328-b2f9-809a4272f2ed, Nodes: 659ebf6d-5767-4313-894f-3fd853d4ec88{ip: 192.168.34.13, host: pr-hdds-2153-g484h-410672627, networkLocation: /default-rack, certSerialId: null}1ef51437-5145-4abf-870a-167f7b897ac9{ip: 192.168.34.13, host: pr-hdds-2153-g484h-410672627, networkLocation: /default-rack, certSerialId: null}7ab74afe-3a06-48e8-81a5-116c850ada99{ip: 192.168.34.13, host: pr-hdds-2153-g484h-410672627, networkLocation: /default-rack, certSerialId: null}, Type:RATIS, Factor:THREE, State:CLOSED]
2019-09-19 11:44:18,677 [org.apache.ratis.server.impl.LogAppender$AppenderDaemon$$Lambda$510/992966066@7db14276] ERROR ratis.XceiverServerRatis (XceiverServerRatis.java:triggerPipelineClose(568)) - pipeline Action CLOSE  on pipeline PipelineID=ce8030db-de7e-4328-b2f9-809a4272f2ed.Reason : 1ef51437-5145-4abf-870a-167f7b897ac9 has not seen follower/s 659ebf6d-5767-4313-894f-3fd853d4ec88 for 124863ms 7ab74afe-3a06-48e8-81a5-116c850ada99 for 124861ms
2019-09-19 11:44:18,680 [org.apache.ratis.server.impl.LogAppender$AppenderDaemon$$Lambda$510/992966066@121685a4] ERROR ratis.XceiverServerRatis (XceiverServerRatis.java:triggerPipelineClose(568)) - pipeline Action CLOSE  on pipeline PipelineID=ce8030db-de7e-4328-b2f9-809a4272f2ed.Reason : 1ef51437-5145-4abf-870a-167f7b897ac9 has not seen follower/s 659ebf6d-5767-4313-894f-3fd853d4ec88 for 124866ms 7ab74afe-3a06-48e8-81a5-116c850ada99 for 124864ms
2019-09-19 11:44:19,170 [EventQueue-PipelineActionsForPipelineActionHandler] ERROR pipeline.PipelineActionHandler (PipelineActionHandler.java:onMessage(60)) - Received pipeline action CLOSE for Pipeline[ Id: ce8030db-de7e-4328-b2f9-809a4272f2ed, Nodes: 659ebf6d-5767-4313-894f-3fd853d4ec88{ip: 192.168.34.13, host: pr-hdds-2153-g484h-410672627, networkLocation: /default-rack, certSerialId: null}1ef51437-5145-4abf-870a-167f7b897ac9{ip: 192.168.34.13, host: pr-hdds-2153-g484h-410672627, networkLocation: /default-rack, certSerialId: null}7ab74afe-3a06-48e8-81a5-116c850ada99{ip: 192.168.34.13, host: pr-hdds-2153-g484h-410672627, networkLocation: /default-rack, certSerialId: null}, Type:RATIS, Factor:THREE, State:CLOSED] from datanode 1ef51437-5145-4abf-870a-167f7b897ac9{ip: 192.168.34.13, host: pr-hdds-2153-g484h-410672627, networkLocation: /default-rack, certSerialId: null}. Reason : 1ef51437-5145-4abf-870a-167f7b897ac9 has not seen follower/s 659ebf6d-5767-4313-894f-3fd853d4ec88 for 124863ms 7ab74afe-3a06-48e8-81a5-116c850ada99 for 124861ms
2019-09-19 11:44:19,170 [EventQueue-PipelineActionsForPipelineActionHandler] INFO  pipeline.SCMPipelineManager (SCMPipelineManager.java:finalizeAndDestroyPipeline(311)) - destroying pipeline:Pipeline[ Id: ce8030db-de7e-4328-b2f9-809a4272f2ed, Nodes: 659ebf6d-5767-4313-894f-3fd853d4ec88{ip: 192.168.34.13, host: pr-hdds-2153-g484h-410672627, networkLocation: /default-rack, certSerialId: null}1ef51437-5145-4abf-870a-167f7b897ac9{ip: 192.168.34.13, host: pr-hdds-2153-g484h-410672627, networkLocation: /default-rack, certSerialId: null}7ab74afe-3a06-48e8-81a5-116c850ada99{ip: 192.168.34.13, host: pr-hdds-2153-g484h-410672627, networkLocation: /default-rack, certSerialId: null}, Type:RATIS, Factor:THREE, State:CLOSED]
2019-09-19 11:44:19,176 [java.util.concurrent.ThreadPoolExecutor$Worker@62ca102e[State = -1, empty queue]] WARN  server.GrpcLogAppender (GrpcLogAppender.java:timeoutAppendRequest(200)) - 1ef51437-5145-4abf-870a-167f7b897ac9@group-809A4272F2ED->7ab74afe-3a06-48e8-81a5-116c850ada99-GrpcLogAppender: appendEntries Timeout, request=1ef51437-5145-4abf-870a-167f7b897ac9->7ab74afe-3a06-48e8-81a5-116c850ada99#63-t1, previous=(t:1, i:13), leaderCommit=10, initializing? false, entries: size=1, first=(t:1, i:14), STATEMACHINELOGENTRY, client-4953AD18C004, cid=1
2019-09-19 11:44:19,176 [java.util.concurrent.ThreadPoolExecutor$Worker@1e3d8202[State = -1, empty queue]] WARN  server.GrpcLogAppender (GrpcLogAppender.java:timeoutAppendRequest(200)) - 1ef51437-5145-4abf-870a-167f7b897ac9@group-809A4272F2ED->659ebf6d-5767-4313-894f-3fd853d4ec88-GrpcLogAppender: appendEntries Timeout, request=1ef51437-5145-4abf-870a-167f7b897ac9->659ebf6d-5767-4313-894f-3fd853d4ec88#63-t1, previous=(t:1, i:13), leaderCommit=10, initializing? false, entries: size=1, first=(t:1, i:14), STATEMACHINELOGENTRY, client-4953AD18C004, cid=1
2019-09-19 11:44:20,536 [grpc-default-executor-1] INFO  client.GrpcClientProtocolClient (GrpcClientProtocolClient.java:onNext(264)) - client-F41086007F95->7ab74afe-3a06-48e8-81a5-116c850ada99: receive RaftClientReply:client-F41086007F95->7ab74afe-3a06-48e8-81a5-116c850ada99@group-809A4272F2ED, cid=21, FAILED org.apache.ratis.protocol.NotLeaderException: Server 7ab74afe-3a06-48e8-81a5-116c850ada99@group-809A4272F2ED is not the leader 1ef51437-5145-4abf-870a-167f7b897ac9:192.168.34.13:41893, logIndex=0, commits[7ab74afe-3a06-48e8-81a5-116c850ada99:c10, 659ebf6d-5767-4313-894f-3fd853d4ec88:c6, 1ef51437-5145-4abf-870a-167f7b897ac9:c10]
2019-09-19 11:44:21,178 [org.apache.ratis.server.impl.LogAppender$AppenderDaemon$$Lambda$510/992966066@7db14276] ERROR ratis.XceiverServerRatis (XceiverServerRatis.java:triggerPipelineClose(568)) - pipeline Action CLOSE  on pipeline PipelineID=ce8030db-de7e-4328-b2f9-809a4272f2ed.Reason : 1ef51437-5145-4abf-870a-167f7b897ac9 has not seen follower/s 659ebf6d-5767-4313-894f-3fd853d4ec88 for 127364ms 7ab74afe-3a06-48e8-81a5-116c850ada99 for 127362ms
2019-09-19 11:44:21,181 [org.apache.ratis.server.impl.LogAppender$AppenderDaemon$$Lambda$510/992966066@121685a4] ERROR ratis.XceiverServerRatis (XceiverServerRatis.java:triggerPipelineClose(568)) - pipeline Action CLOSE  on pipeline PipelineID=ce8030db-de7e-4328-b2f9-809a4272f2ed.Reason : 1ef51437-5145-4abf-870a-167f7b897ac9 has not seen follower/s 659ebf6d-5767-4313-894f-3fd853d4ec88 for 127367ms 7ab74afe-3a06-48e8-81a5-116c850ada99 for 127366ms
2019-09-19 11:44:21,677 [java.util.concurrent.ThreadPoolExecutor$Worker@1e3d8202[State = -1, empty queue]] WARN  server.GrpcLogAppender (GrpcLogAppender.java:timeoutAppendRequest(200)) - 1ef51437-5145-4abf-870a-167f7b897ac9@group-809A4272F2ED->659ebf6d-5767-4313-894f-3fd853d4ec88-GrpcLogAppender: appendEntries Timeout, request=1ef51437-5145-4abf-870a-167f7b897ac9->659ebf6d-5767-4313-894f-3fd853d4ec88#64-t1, previous=(t:1, i:14), leaderCommit=10, initializing? false, entries: <empty>
2019-09-19 11:44:21,680 [java.util.concurrent.ThreadPoolExecutor$Worker@62ca102e[State = -1, empty queue]] WARN  server.GrpcLogAppender (GrpcLogAppender.java:timeoutAppendRequest(200)) - 1ef51437-5145-4abf-870a-167f7b897ac9@group-809A4272F2ED->7ab74afe-3a06-48e8-81a5-116c850ada99-GrpcLogAppender: appendEntries Timeout, request=1ef51437-5145-4abf-870a-167f7b897ac9->7ab74afe-3a06-48e8-81a5-116c850ada99#64-t1, previous=(t:1, i:14), leaderCommit=10, initializing? false, entries: <empty>
2019-09-19 11:44:22,170 [EventQueue-PipelineActionsForPipelineActionHandler] ERROR pipeline.PipelineActionHandler (PipelineActionHandler.java:onMessage(60)) - Received pipeline action CLOSE for Pipeline[ Id: ce8030db-de7e-4328-b2f9-809a4272f2ed, Nodes: 659ebf6d-5767-4313-894f-3fd853d4ec88{ip: 192.168.34.13, host: pr-hdds-2153-g484h-410672627, networkLocation: /default-rack, certSerialId: null}1ef51437-5145-4abf-870a-167f7b897ac9{ip: 192.168.34.13, host: pr-hdds-2153-g484h-410672627, networkLocation: /default-rack, certSerialId: null}7ab74afe-3a06-48e8-81a5-116c850ada99{ip: 192.168.34.13, host: pr-hdds-2153-g484h-410672627, networkLocation: /default-rack, certSerialId: null}, Type:RATIS, Factor:THREE, State:CLOSED] from datanode 1ef51437-5145-4abf-870a-167f7b897ac9{ip: 192.168.34.13, host: pr-hdds-2153-g484h-410672627, networkLocation: /default-rack, certSerialId: null}. Reason : 1ef51437-5145-4abf-870a-167f7b897ac9 has not seen follower/s 659ebf6d-5767-4313-894f-3fd853d4ec88 for 127364ms 7ab74afe-3a06-48e8-81a5-116c850ada99 for 127362ms
2019-09-19 11:44:22,170 [EventQueue-PipelineActionsForPipelineActionHandler] INFO  pipeline.SCMPipelineManager (SCMPipelineManager.java:finalizeAndDestroyPipeline(311)) - destroying pipeline:Pipeline[ Id: ce8030db-de7e-4328-b2f9-809a4272f2ed, Nodes: 659ebf6d-5767-4313-894f-3fd853d4ec88{ip: 192.168.34.13, host: pr-hdds-2153-g484h-410672627, networkLocation: /default-rack, certSerialId: null}1ef51437-5145-4abf-870a-167f7b897ac9{ip: 192.168.34.13, host: pr-hdds-2153-g484h-410672627, networkLocation: /default-rack, certSerialId: null}7ab74afe-3a06-48e8-81a5-116c850ada99{ip: 192.168.34.13, host: pr-hdds-2153-g484h-410672627, networkLocation: /default-rack, certSerialId: null}, Type:RATIS, Factor:THREE, State:CLOSED]
2019-09-19 11:44:23,679 [org.apache.ratis.server.impl.LogAppender$AppenderDaemon$$Lambda$510/992966066@7db14276] ERROR ratis.XceiverServerRatis (XceiverServerRatis.java:triggerPipelineClose(568)) - pipeline Action CLOSE  on pipeline PipelineID=ce8030db-de7e-4328-b2f9-809a4272f2ed.Reason : 1ef51437-5145-4abf-870a-167f7b897ac9 has not seen follower/s 659ebf6d-5767-4313-894f-3fd853d4ec88 for 129865ms 7ab74afe-3a06-48e8-81a5-116c850ada99 for 129863ms
2019-09-19 11:44:23,682 [org.apache.ratis.server.impl.LogAppender$AppenderDaemon$$Lambda$510/992966066@121685a4] ERROR ratis.XceiverServerRatis (XceiverServerRatis.java:triggerPipelineClose(568)) - pipeline Action CLOSE  on pipeline PipelineID=ce8030db-de7e-4328-b2f9-809a4272f2ed.Reason : 1ef51437-5145-4abf-870a-167f7b897ac9 has not seen follower/s 659ebf6d-5767-4313-894f-3fd853d4ec88 for 129868ms 7ab74afe-3a06-48e8-81a5-116c850ada99 for 129866ms
2019-09-19 11:44:24,152 [659ebf6d-5767-4313-894f-3fd853d4ec88@group-809A4272F2ED-SegmentedRaftLogWorker] WARN  segmented.SegmentedRaftLogWorker (SegmentedRaftLogWorker.java:getFromFuture(90)) - Timeout 12/~
org.apache.ratis.protocol.TimeoutIOException: Timeout 10s: WriteLog:12: (t:1, i:12), STATEMACHINELOGENTRY, client-F41086007F95, cid=22-writeStateMachineData
	at org.apache.ratis.util.IOUtils.getFromFuture(IOUtils.java:87)
	at org.apache.ratis.server.raftlog.segmented.SegmentedRaftLogWorker$StateMachineDataPolicy.getFromFuture(SegmentedRaftLogWorker.java:87)
	at org.apache.ratis.server.raftlog.segmented.SegmentedRaftLogWorker$WriteLog.execute(SegmentedRaftLogWorker.java:477)
	at org.apache.ratis.server.raftlog.segmented.SegmentedRaftLogWorker.run(SegmentedRaftLogWorker.java:289)
	at java.lang.Thread.run(Thread.java:748)
Caused by: java.util.concurrent.TimeoutException
	at java.util.concurrent.CompletableFuture.timedGet(CompletableFuture.java:1771)
	at java.util.concurrent.CompletableFuture.get(CompletableFuture.java:1915)
	at org.apache.ratis.util.IOUtils.getFromFuture(IOUtils.java:79)
	... 4 more
2019-09-19 11:44:24,172 [EventQueue-PipelineActionsForPipelineActionHandler] ERROR pipeline.PipelineActionHandler (PipelineActionHandler.java:onMessage(60)) - Received pipeline action CLOSE for Pipeline[ Id: ce8030db-de7e-4328-b2f9-809a4272f2ed, Nodes: 659ebf6d-5767-4313-894f-3fd853d4ec88{ip: 192.168.34.13, host: pr-hdds-2153-g484h-410672627, networkLocation: /default-rack, certSerialId: null}1ef51437-5145-4abf-870a-167f7b897ac9{ip: 192.168.34.13, host: pr-hdds-2153-g484h-410672627, networkLocation: /default-rack, certSerialId: null}7ab74afe-3a06-48e8-81a5-116c850ada99{ip: 192.168.34.13, host: pr-hdds-2153-g484h-410672627, networkLocation: /default-rack, certSerialId: null}, Type:RATIS, Factor:THREE, State:CLOSED] from datanode 1ef51437-5145-4abf-870a-167f7b897ac9{ip: 192.168.34.13, host: pr-hdds-2153-g484h-410672627, networkLocation: /default-rack, certSerialId: null}. Reason : 1ef51437-5145-4abf-870a-167f7b897ac9 has not seen follower/s 659ebf6d-5767-4313-894f-3fd853d4ec88 for 129865ms 7ab74afe-3a06-48e8-81a5-116c850ada99 for 129863ms
2019-09-19 11:44:24,173 [EventQueue-PipelineActionsForPipelineActionHandler] INFO  pipeline.SCMPipelineManager (SCMPipelineManager.java:finalizeAndDestroyPipeline(311)) - destroying pipeline:Pipeline[ Id: ce8030db-de7e-4328-b2f9-809a4272f2ed, Nodes: 659ebf6d-5767-4313-894f-3fd853d4ec88{ip: 192.168.34.13, host: pr-hdds-2153-g484h-410672627, networkLocation: /default-rack, certSerialId: null}1ef51437-5145-4abf-870a-167f7b897ac9{ip: 192.168.34.13, host: pr-hdds-2153-g484h-410672627, networkLocation: /default-rack, certSerialId: null}7ab74afe-3a06-48e8-81a5-116c850ada99{ip: 192.168.34.13, host: pr-hdds-2153-g484h-410672627, networkLocation: /default-rack, certSerialId: null}, Type:RATIS, Factor:THREE, State:CLOSED]
2019-09-19 11:44:24,176 [7ab74afe-3a06-48e8-81a5-116c850ada99@group-809A4272F2ED-SegmentedRaftLogWorker] WARN  segmented.SegmentedRaftLogWorker (SegmentedRaftLogWorker.java:getFromFuture(90)) - Timeout 12/~
org.apache.ratis.protocol.TimeoutIOException: Timeout 10s: WriteLog:12: (t:1, i:12), STATEMACHINELOGENTRY, client-F41086007F95, cid=22-writeStateMachineData
	at org.apache.ratis.util.IOUtils.getFromFuture(IOUtils.java:87)
	at org.apache.ratis.server.raftlog.segmented.SegmentedRaftLogWorker$StateMachineDataPolicy.getFromFuture(SegmentedRaftLogWorker.java:87)
	at org.apache.ratis.server.raftlog.segmented.SegmentedRaftLogWorker$WriteLog.execute(SegmentedRaftLogWorker.java:477)
	at org.apache.ratis.server.raftlog.segmented.SegmentedRaftLogWorker.run(SegmentedRaftLogWorker.java:289)
	at java.lang.Thread.run(Thread.java:748)
Caused by: java.util.concurrent.TimeoutException
	at java.util.concurrent.CompletableFuture.timedGet(CompletableFuture.java:1771)
	at java.util.concurrent.CompletableFuture.get(CompletableFuture.java:1915)
	at org.apache.ratis.util.IOUtils.getFromFuture(IOUtils.java:79)
	... 4 more
2019-09-19 11:44:24,180 [java.util.concurrent.ThreadPoolExecutor$Worker@1e3d8202[State = -1, empty queue]] WARN  server.GrpcLogAppender (GrpcLogAppender.java:timeoutAppendRequest(200)) - 1ef51437-5145-4abf-870a-167f7b897ac9@group-809A4272F2ED->659ebf6d-5767-4313-894f-3fd853d4ec88-GrpcLogAppender: appendEntries Timeout, request=1ef51437-5145-4abf-870a-167f7b897ac9->659ebf6d-5767-4313-894f-3fd853d4ec88#65-t1, previous=(t:1, i:14), leaderCommit=10, initializing? false, entries: <empty>
2019-09-19 11:44:24,183 [java.util.concurrent.ThreadPoolExecutor$Worker@62ca102e[State = -1, empty queue]] WARN  server.GrpcLogAppender (GrpcLogAppender.java:timeoutAppendRequest(200)) - 1ef51437-5145-4abf-870a-167f7b897ac9@group-809A4272F2ED->7ab74afe-3a06-48e8-81a5-116c850ada99-GrpcLogAppender: appendEntries Timeout, request=1ef51437-5145-4abf-870a-167f7b897ac9->7ab74afe-3a06-48e8-81a5-116c850ada99#65-t1, previous=(t:1, i:14), leaderCommit=10, initializing? false, entries: <empty>
2019-09-19 11:44:25,609 [grpc-default-executor-0] INFO  client.GrpcClientProtocolClient (GrpcClientProtocolClient.java:onNext(264)) - client-F41086007F95->7ab74afe-3a06-48e8-81a5-116c850ada99: receive RaftClientReply:client-F41086007F95->7ab74afe-3a06-48e8-81a5-116c850ada99@group-809A4272F2ED, cid=21, FAILED org.apache.ratis.protocol.NotLeaderException: Server 7ab74afe-3a06-48e8-81a5-116c850ada99@group-809A4272F2ED is not the leader 1ef51437-5145-4abf-870a-167f7b897ac9:192.168.34.13:41893, logIndex=0, commits[7ab74afe-3a06-48e8-81a5-116c850ada99:c10, 659ebf6d-5767-4313-894f-3fd853d4ec88:c6, 1ef51437-5145-4abf-870a-167f7b897ac9:c10]
2019-09-19 11:44:26,181 [org.apache.ratis.server.impl.LogAppender$AppenderDaemon$$Lambda$510/992966066@7db14276] ERROR ratis.XceiverServerRatis (XceiverServerRatis.java:triggerPipelineClose(568)) - pipeline Action CLOSE  on pipeline PipelineID=ce8030db-de7e-4328-b2f9-809a4272f2ed.Reason : 1ef51437-5145-4abf-870a-167f7b897ac9 has not seen follower/s 659ebf6d-5767-4313-894f-3fd853d4ec88 for 132366ms 7ab74afe-3a06-48e8-81a5-116c850ada99 for 132365ms
2019-09-19 11:44:26,183 [org.apache.ratis.server.impl.LogAppender$AppenderDaemon$$Lambda$510/992966066@121685a4] ERROR ratis.XceiverServerRatis (XceiverServerRatis.java:triggerPipelineClose(568)) - pipeline Action CLOSE  on pipeline PipelineID=ce8030db-de7e-4328-b2f9-809a4272f2ed.Reason : 1ef51437-5145-4abf-870a-167f7b897ac9 has not seen follower/s 659ebf6d-5767-4313-894f-3fd853d4ec88 for 132369ms 7ab74afe-3a06-48e8-81a5-116c850ada99 for 132368ms
2019-09-19 11:44:26,679 [java.util.concurrent.ThreadPoolExecutor$Worker@1e3d8202[State = -1, empty queue]] WARN  server.GrpcLogAppender (GrpcLogAppender.java:timeoutAppendRequest(200)) - 1ef51437-5145-4abf-870a-167f7b897ac9@group-809A4272F2ED->659ebf6d-5767-4313-894f-3fd853d4ec88-GrpcLogAppender: appendEntries Timeout, request=1ef51437-5145-4abf-870a-167f7b897ac9->659ebf6d-5767-4313-894f-3fd853d4ec88#66-t1, previous=(t:1, i:14), leaderCommit=10, initializing? false, entries: <empty>
2019-09-19 11:44:26,682 [java.util.concurrent.ThreadPoolExecutor$Worker@62ca102e[State = -1, empty queue]] WARN  server.GrpcLogAppender (GrpcLogAppender.java:timeoutAppendRequest(200)) - 1ef51437-5145-4abf-870a-167f7b897ac9@group-809A4272F2ED->7ab74afe-3a06-48e8-81a5-116c850ada99-GrpcLogAppender: appendEntries Timeout, request=1ef51437-5145-4abf-870a-167f7b897ac9->7ab74afe-3a06-48e8-81a5-116c850ada99#66-t1, previous=(t:1, i:14), leaderCommit=10, initializing? false, entries: <empty>
2019-09-19 11:44:27,173 [EventQueue-PipelineActionsForPipelineActionHandler] ERROR pipeline.PipelineActionHandler (PipelineActionHandler.java:onMessage(60)) - Received pipeline action CLOSE for Pipeline[ Id: ce8030db-de7e-4328-b2f9-809a4272f2ed, Nodes: 659ebf6d-5767-4313-894f-3fd853d4ec88{ip: 192.168.34.13, host: pr-hdds-2153-g484h-410672627, networkLocation: /default-rack, certSerialId: null}1ef51437-5145-4abf-870a-167f7b897ac9{ip: 192.168.34.13, host: pr-hdds-2153-g484h-410672627, networkLocation: /default-rack, certSerialId: null}7ab74afe-3a06-48e8-81a5-116c850ada99{ip: 192.168.34.13, host: pr-hdds-2153-g484h-410672627, networkLocation: /default-rack, certSerialId: null}, Type:RATIS, Factor:THREE, State:CLOSED] from datanode 1ef51437-5145-4abf-870a-167f7b897ac9{ip: 192.168.34.13, host: pr-hdds-2153-g484h-410672627, networkLocation: /default-rack, certSerialId: null}. Reason : 1ef51437-5145-4abf-870a-167f7b897ac9 has not seen follower/s 659ebf6d-5767-4313-894f-3fd853d4ec88 for 132366ms 7ab74afe-3a06-48e8-81a5-116c850ada99 for 132365ms
2019-09-19 11:44:27,173 [EventQueue-PipelineActionsForPipelineActionHandler] INFO  pipeline.SCMPipelineManager (SCMPipelineManager.java:finalizeAndDestroyPipeline(311)) - destroying pipeline:Pipeline[ Id: ce8030db-de7e-4328-b2f9-809a4272f2ed, Nodes: 659ebf6d-5767-4313-894f-3fd853d4ec88{ip: 192.168.34.13, host: pr-hdds-2153-g484h-410672627, networkLocation: /default-rack, certSerialId: null}1ef51437-5145-4abf-870a-167f7b897ac9{ip: 192.168.34.13, host: pr-hdds-2153-g484h-410672627, networkLocation: /default-rack, certSerialId: null}7ab74afe-3a06-48e8-81a5-116c850ada99{ip: 192.168.34.13, host: pr-hdds-2153-g484h-410672627, networkLocation: /default-rack, certSerialId: null}, Type:RATIS, Factor:THREE, State:CLOSED]
2019-09-19 11:44:28,682 [org.apache.ratis.server.impl.LogAppender$AppenderDaemon$$Lambda$510/992966066@7db14276] ERROR ratis.XceiverServerRatis (XceiverServerRatis.java:triggerPipelineClose(568)) - pipeline Action CLOSE  on pipeline PipelineID=ce8030db-de7e-4328-b2f9-809a4272f2ed.Reason : 1ef51437-5145-4abf-870a-167f7b897ac9 has not seen follower/s 659ebf6d-5767-4313-894f-3fd853d4ec88 for 134867ms 7ab74afe-3a06-48e8-81a5-116c850ada99 for 134866ms
2019-09-19 11:44:28,684 [org.apache.ratis.server.impl.LogAppender$AppenderDaemon$$Lambda$510/992966066@121685a4] ERROR ratis.XceiverServerRatis (XceiverServerRatis.java:triggerPipelineClose(568)) - pipeline Action CLOSE  on pipeline PipelineID=ce8030db-de7e-4328-b2f9-809a4272f2ed.Reason : 1ef51437-5145-4abf-870a-167f7b897ac9 has not seen follower/s 659ebf6d-5767-4313-894f-3fd853d4ec88 for 134870ms 7ab74afe-3a06-48e8-81a5-116c850ada99 for 134869ms
2019-09-19 11:44:29,174 [EventQueue-PipelineActionsForPipelineActionHandler] ERROR pipeline.PipelineActionHandler (PipelineActionHandler.java:onMessage(60)) - Received pipeline action CLOSE for Pipeline[ Id: ce8030db-de7e-4328-b2f9-809a4272f2ed, Nodes: 659ebf6d-5767-4313-894f-3fd853d4ec88{ip: 192.168.34.13, host: pr-hdds-2153-g484h-410672627, networkLocation: /default-rack, certSerialId: null}1ef51437-5145-4abf-870a-167f7b897ac9{ip: 192.168.34.13, host: pr-hdds-2153-g484h-410672627, networkLocation: /default-rack, certSerialId: null}7ab74afe-3a06-48e8-81a5-116c850ada99{ip: 192.168.34.13, host: pr-hdds-2153-g484h-410672627, networkLocation: /default-rack, certSerialId: null}, Type:RATIS, Factor:THREE, State:CLOSED] from datanode 1ef51437-5145-4abf-870a-167f7b897ac9{ip: 192.168.34.13, host: pr-hdds-2153-g484h-410672627, networkLocation: /default-rack, certSerialId: null}. Reason : 1ef51437-5145-4abf-870a-167f7b897ac9 has not seen follower/s 659ebf6d-5767-4313-894f-3fd853d4ec88 for 134867ms 7ab74afe-3a06-48e8-81a5-116c850ada99 for 134866ms
2019-09-19 11:44:29,175 [EventQueue-PipelineActionsForPipelineActionHandler] INFO  pipeline.SCMPipelineManager (SCMPipelineManager.java:finalizeAndDestroyPipeline(311)) - destroying pipeline:Pipeline[ Id: ce8030db-de7e-4328-b2f9-809a4272f2ed, Nodes: 659ebf6d-5767-4313-894f-3fd853d4ec88{ip: 192.168.34.13, host: pr-hdds-2153-g484h-410672627, networkLocation: /default-rack, certSerialId: null}1ef51437-5145-4abf-870a-167f7b897ac9{ip: 192.168.34.13, host: pr-hdds-2153-g484h-410672627, networkLocation: /default-rack, certSerialId: null}7ab74afe-3a06-48e8-81a5-116c850ada99{ip: 192.168.34.13, host: pr-hdds-2153-g484h-410672627, networkLocation: /default-rack, certSerialId: null}, Type:RATIS, Factor:THREE, State:CLOSED]
2019-09-19 11:44:29,180 [java.util.concurrent.ThreadPoolExecutor$Worker@1e3d8202[State = -1, empty queue]] WARN  server.GrpcLogAppender (GrpcLogAppender.java:timeoutAppendRequest(200)) - 1ef51437-5145-4abf-870a-167f7b897ac9@group-809A4272F2ED->659ebf6d-5767-4313-894f-3fd853d4ec88-GrpcLogAppender: appendEntries Timeout, request=1ef51437-5145-4abf-870a-167f7b897ac9->659ebf6d-5767-4313-894f-3fd853d4ec88#67-t1, previous=(t:1, i:14), leaderCommit=10, initializing? false, entries: <empty>
2019-09-19 11:44:29,186 [java.util.concurrent.ThreadPoolExecutor$Worker@62ca102e[State = -1, empty queue]] WARN  server.GrpcLogAppender (GrpcLogAppender.java:timeoutAppendRequest(200)) - 1ef51437-5145-4abf-870a-167f7b897ac9@group-809A4272F2ED->7ab74afe-3a06-48e8-81a5-116c850ada99-GrpcLogAppender: appendEntries Timeout, request=1ef51437-5145-4abf-870a-167f7b897ac9->7ab74afe-3a06-48e8-81a5-116c850ada99#67-t1, previous=(t:1, i:14), leaderCommit=10, initializing? false, entries: <empty>
2019-09-19 11:44:30,683 [grpc-default-executor-1] INFO  client.GrpcClientProtocolClient (GrpcClientProtocolClient.java:onNext(264)) - client-F41086007F95->659ebf6d-5767-4313-894f-3fd853d4ec88: receive RaftClientReply:client-F41086007F95->659ebf6d-5767-4313-894f-3fd853d4ec88@group-809A4272F2ED, cid=21, FAILED org.apache.ratis.protocol.NotLeaderException: Server 659ebf6d-5767-4313-894f-3fd853d4ec88@group-809A4272F2ED is not the leader 1ef51437-5145-4abf-870a-167f7b897ac9:192.168.34.13:41893, logIndex=0, commits[659ebf6d-5767-4313-894f-3fd853d4ec88:c10, 1ef51437-5145-4abf-870a-167f7b897ac9:c10, 7ab74afe-3a06-48e8-81a5-116c850ada99:c6]
2019-09-19 11:44:31,183 [org.apache.ratis.server.impl.LogAppender$AppenderDaemon$$Lambda$510/992966066@7db14276] ERROR ratis.XceiverServerRatis (XceiverServerRatis.java:triggerPipelineClose(568)) - pipeline Action CLOSE  on pipeline PipelineID=ce8030db-de7e-4328-b2f9-809a4272f2ed.Reason : 1ef51437-5145-4abf-870a-167f7b897ac9 has not seen follower/s 659ebf6d-5767-4313-894f-3fd853d4ec88 for 137368ms 7ab74afe-3a06-48e8-81a5-116c850ada99 for 137367ms
2019-09-19 11:44:31,185 [org.apache.ratis.server.impl.LogAppender$AppenderDaemon$$Lambda$510/992966066@121685a4] ERROR ratis.XceiverServerRatis (XceiverServerRatis.java:triggerPipelineClose(568)) - pipeline Action CLOSE  on pipeline PipelineID=ce8030db-de7e-4328-b2f9-809a4272f2ed.Reason : 1ef51437-5145-4abf-870a-167f7b897ac9 has not seen follower/s 659ebf6d-5767-4313-894f-3fd853d4ec88 for 137371ms 7ab74afe-3a06-48e8-81a5-116c850ada99 for 137369ms
2019-09-19 11:44:31,681 [java.util.concurrent.ThreadPoolExecutor$Worker@1e3d8202[State = -1, empty queue]] WARN  server.GrpcLogAppender (GrpcLogAppender.java:timeoutAppendRequest(200)) - 1ef51437-5145-4abf-870a-167f7b897ac9@group-809A4272F2ED->659ebf6d-5767-4313-894f-3fd853d4ec88-GrpcLogAppender: appendEntries Timeout, request=1ef51437-5145-4abf-870a-167f7b897ac9->659ebf6d-5767-4313-894f-3fd853d4ec88#68-t1, previous=(t:1, i:14), leaderCommit=10, initializing? false, entries: <empty>
2019-09-19 11:44:31,685 [java.util.concurrent.ThreadPoolExecutor$Worker@62ca102e[State = -1, empty queue]] WARN  server.GrpcLogAppender (GrpcLogAppender.java:timeoutAppendRequest(200)) - 1ef51437-5145-4abf-870a-167f7b897ac9@group-809A4272F2ED->7ab74afe-3a06-48e8-81a5-116c850ada99-GrpcLogAppender: appendEntries Timeout, request=1ef51437-5145-4abf-870a-167f7b897ac9->7ab74afe-3a06-48e8-81a5-116c850ada99#68-t1, previous=(t:1, i:14), leaderCommit=10, initializing? false, entries: <empty>
2019-09-19 11:44:32,174 [EventQueue-PipelineActionsForPipelineActionHandler] ERROR pipeline.PipelineActionHandler (PipelineActionHandler.java:onMessage(60)) - Received pipeline action CLOSE for Pipeline[ Id: ce8030db-de7e-4328-b2f9-809a4272f2ed, Nodes: 659ebf6d-5767-4313-894f-3fd853d4ec88{ip: 192.168.34.13, host: pr-hdds-2153-g484h-410672627, networkLocation: /default-rack, certSerialId: null}1ef51437-5145-4abf-870a-167f7b897ac9{ip: 192.168.34.13, host: pr-hdds-2153-g484h-410672627, networkLocation: /default-rack, certSerialId: null}7ab74afe-3a06-48e8-81a5-116c850ada99{ip: 192.168.34.13, host: pr-hdds-2153-g484h-410672627, networkLocation: /default-rack, certSerialId: null}, Type:RATIS, Factor:THREE, State:CLOSED] from datanode 1ef51437-5145-4abf-870a-167f7b897ac9{ip: 192.168.34.13, host: pr-hdds-2153-g484h-410672627, networkLocation: /default-rack, certSerialId: null}. Reason : 1ef51437-5145-4abf-870a-167f7b897ac9 has not seen follower/s 659ebf6d-5767-4313-894f-3fd853d4ec88 for 137368ms 7ab74afe-3a06-48e8-81a5-116c850ada99 for 137367ms
2019-09-19 11:44:32,175 [EventQueue-PipelineActionsForPipelineActionHandler] INFO  pipeline.SCMPipelineManager (SCMPipelineManager.java:finalizeAndDestroyPipeline(311)) - destroying pipeline:Pipeline[ Id: ce8030db-de7e-4328-b2f9-809a4272f2ed, Nodes: 659ebf6d-5767-4313-894f-3fd853d4ec88{ip: 192.168.34.13, host: pr-hdds-2153-g484h-410672627, networkLocation: /default-rack, certSerialId: null}1ef51437-5145-4abf-870a-167f7b897ac9{ip: 192.168.34.13, host: pr-hdds-2153-g484h-410672627, networkLocation: /default-rack, certSerialId: null}7ab74afe-3a06-48e8-81a5-116c850ada99{ip: 192.168.34.13, host: pr-hdds-2153-g484h-410672627, networkLocation: /default-rack, certSerialId: null}, Type:RATIS, Factor:THREE, State:CLOSED]
2019-09-19 11:44:33,684 [org.apache.ratis.server.impl.LogAppender$AppenderDaemon$$Lambda$510/992966066@7db14276] ERROR ratis.XceiverServerRatis (XceiverServerRatis.java:triggerPipelineClose(568)) - pipeline Action CLOSE  on pipeline PipelineID=ce8030db-de7e-4328-b2f9-809a4272f2ed.Reason : 1ef51437-5145-4abf-870a-167f7b897ac9 has not seen follower/s 659ebf6d-5767-4313-894f-3fd853d4ec88 for 139870ms 7ab74afe-3a06-48e8-81a5-116c850ada99 for 139868ms
2019-09-19 11:44:33,690 [org.apache.ratis.server.impl.LogAppender$AppenderDaemon$$Lambda$510/992966066@121685a4] ERROR ratis.XceiverServerRatis (XceiverServerRatis.java:triggerPipelineClose(568)) - pipeline Action CLOSE  on pipeline PipelineID=ce8030db-de7e-4328-b2f9-809a4272f2ed.Reason : 1ef51437-5145-4abf-870a-167f7b897ac9 has not seen follower/s 659ebf6d-5767-4313-894f-3fd853d4ec88 for 139875ms 7ab74afe-3a06-48e8-81a5-116c850ada99 for 139874ms
2019-09-19 11:44:34,154 [659ebf6d-5767-4313-894f-3fd853d4ec88@group-809A4272F2ED-SegmentedRaftLogWorker] WARN  segmented.SegmentedRaftLogWorker (SegmentedRaftLogWorker.java:getFromFuture(90)) - Timeout 13/~
org.apache.ratis.protocol.TimeoutIOException: Timeout 10s: WriteLog:12: (t:1, i:12), STATEMACHINELOGENTRY, client-F41086007F95, cid=22-writeStateMachineData
	at org.apache.ratis.util.IOUtils.getFromFuture(IOUtils.java:87)
	at org.apache.ratis.server.raftlog.segmented.SegmentedRaftLogWorker$StateMachineDataPolicy.getFromFuture(SegmentedRaftLogWorker.java:87)
	at org.apache.ratis.server.raftlog.segmented.SegmentedRaftLogWorker$WriteLog.execute(SegmentedRaftLogWorker.java:477)
	at org.apache.ratis.server.raftlog.segmented.SegmentedRaftLogWorker.run(SegmentedRaftLogWorker.java:289)
	at java.lang.Thread.run(Thread.java:748)
Caused by: java.util.concurrent.TimeoutException
	at java.util.concurrent.CompletableFuture.timedGet(CompletableFuture.java:1771)
	at java.util.concurrent.CompletableFuture.get(CompletableFuture.java:1915)
	at org.apache.ratis.util.IOUtils.getFromFuture(IOUtils.java:79)
	... 4 more
2019-09-19 11:44:34,174 [EventQueue-PipelineActionsForPipelineActionHandler] ERROR pipeline.PipelineActionHandler (PipelineActionHandler.java:onMessage(60)) - Received pipeline action CLOSE for Pipeline[ Id: ce8030db-de7e-4328-b2f9-809a4272f2ed, Nodes: 659ebf6d-5767-4313-894f-3fd853d4ec88{ip: 192.168.34.13, host: pr-hdds-2153-g484h-410672627, networkLocation: /default-rack, certSerialId: null}1ef51437-5145-4abf-870a-167f7b897ac9{ip: 192.168.34.13, host: pr-hdds-2153-g484h-410672627, networkLocation: /default-rack, certSerialId: null}7ab74afe-3a06-48e8-81a5-116c850ada99{ip: 192.168.34.13, host: pr-hdds-2153-g484h-410672627, networkLocation: /default-rack, certSerialId: null}, Type:RATIS, Factor:THREE, State:CLOSED] from datanode 1ef51437-5145-4abf-870a-167f7b897ac9{ip: 192.168.34.13, host: pr-hdds-2153-g484h-410672627, networkLocation: /default-rack, certSerialId: null}. Reason : 1ef51437-5145-4abf-870a-167f7b897ac9 has not seen follower/s 659ebf6d-5767-4313-894f-3fd853d4ec88 for 139870ms 7ab74afe-3a06-48e8-81a5-116c850ada99 for 139868ms
2019-09-19 11:44:34,175 [EventQueue-PipelineActionsForPipelineActionHandler] INFO  pipeline.SCMPipelineManager (SCMPipelineManager.java:finalizeAndDestroyPipeline(311)) - destroying pipeline:Pipeline[ Id: ce8030db-de7e-4328-b2f9-809a4272f2ed, Nodes: 659ebf6d-5767-4313-894f-3fd853d4ec88{ip: 192.168.34.13, host: pr-hdds-2153-g484h-410672627, networkLocation: /default-rack, certSerialId: null}1ef51437-5145-4abf-870a-167f7b897ac9{ip: 192.168.34.13, host: pr-hdds-2153-g484h-410672627, networkLocation: /default-rack, certSerialId: null}7ab74afe-3a06-48e8-81a5-116c850ada99{ip: 192.168.34.13, host: pr-hdds-2153-g484h-410672627, networkLocation: /default-rack, certSerialId: null}, Type:RATIS, Factor:THREE, State:CLOSED]
2019-09-19 11:44:34,181 [7ab74afe-3a06-48e8-81a5-116c850ada99@group-809A4272F2ED-SegmentedRaftLogWorker] WARN  segmented.SegmentedRaftLogWorker (SegmentedRaftLogWorker.java:getFromFuture(90)) - Timeout 13/~
org.apache.ratis.protocol.TimeoutIOException: Timeout 10s: WriteLog:12: (t:1, i:12), STATEMACHINELOGENTRY, client-F41086007F95, cid=22-writeStateMachineData
	at org.apache.ratis.util.IOUtils.getFromFuture(IOUtils.java:87)
	at org.apache.ratis.server.raftlog.segmented.SegmentedRaftLogWorker$StateMachineDataPolicy.getFromFuture(SegmentedRaftLogWorker.java:87)
	at org.apache.ratis.server.raftlog.segmented.SegmentedRaftLogWorker$WriteLog.execute(SegmentedRaftLogWorker.java:477)
	at org.apache.ratis.server.raftlog.segmented.SegmentedRaftLogWorker.run(SegmentedRaftLogWorker.java:289)
	at java.lang.Thread.run(Thread.java:748)
Caused by: java.util.concurrent.TimeoutException
	at java.util.concurrent.CompletableFuture.timedGet(CompletableFuture.java:1771)
	at java.util.concurrent.CompletableFuture.get(CompletableFuture.java:1915)
	at org.apache.ratis.util.IOUtils.getFromFuture(IOUtils.java:79)
	... 4 more
2019-09-19 11:44:34,184 [java.util.concurrent.ThreadPoolExecutor$Worker@1e3d8202[State = -1, empty queue]] WARN  server.GrpcLogAppender (GrpcLogAppender.java:timeoutAppendRequest(200)) - 1ef51437-5145-4abf-870a-167f7b897ac9@group-809A4272F2ED->659ebf6d-5767-4313-894f-3fd853d4ec88-GrpcLogAppender: appendEntries Timeout, request=1ef51437-5145-4abf-870a-167f7b897ac9->659ebf6d-5767-4313-894f-3fd853d4ec88#69-t1, previous=(t:1, i:14), leaderCommit=10, initializing? false, entries: <empty>
2019-09-19 11:44:34,187 [java.util.concurrent.ThreadPoolExecutor$Worker@62ca102e[State = -1, empty queue]] WARN  server.GrpcLogAppender (GrpcLogAppender.java:timeoutAppendRequest(200)) - 1ef51437-5145-4abf-870a-167f7b897ac9@group-809A4272F2ED->7ab74afe-3a06-48e8-81a5-116c850ada99-GrpcLogAppender: appendEntries Timeout, request=1ef51437-5145-4abf-870a-167f7b897ac9->7ab74afe-3a06-48e8-81a5-116c850ada99#69-t1, previous=(t:1, i:14), leaderCommit=10, initializing? false, entries: <empty>
2019-09-19 11:44:35,744 [grpc-default-executor-0] INFO  client.GrpcClientProtocolClient (GrpcClientProtocolClient.java:onNext(264)) - client-F41086007F95->659ebf6d-5767-4313-894f-3fd853d4ec88: receive RaftClientReply:client-F41086007F95->659ebf6d-5767-4313-894f-3fd853d4ec88@group-809A4272F2ED, cid=21, FAILED org.apache.ratis.protocol.NotLeaderException: Server 659ebf6d-5767-4313-894f-3fd853d4ec88@group-809A4272F2ED is not the leader 1ef51437-5145-4abf-870a-167f7b897ac9:192.168.34.13:41893, logIndex=0, commits[659ebf6d-5767-4313-894f-3fd853d4ec88:c10, 1ef51437-5145-4abf-870a-167f7b897ac9:c10, 7ab74afe-3a06-48e8-81a5-116c850ada99:c6]
2019-09-19 11:44:36,185 [org.apache.ratis.server.impl.LogAppender$AppenderDaemon$$Lambda$510/992966066@7db14276] ERROR ratis.XceiverServerRatis (XceiverServerRatis.java:triggerPipelineClose(568)) - pipeline Action CLOSE  on pipeline PipelineID=ce8030db-de7e-4328-b2f9-809a4272f2ed.Reason : 1ef51437-5145-4abf-870a-167f7b897ac9 has not seen follower/s 659ebf6d-5767-4313-894f-3fd853d4ec88 for 142371ms 7ab74afe-3a06-48e8-81a5-116c850ada99 for 142369ms
2019-09-19 11:44:36,190 [org.apache.ratis.server.impl.LogAppender$AppenderDaemon$$Lambda$510/992966066@121685a4] ERROR ratis.XceiverServerRatis (XceiverServerRatis.java:triggerPipelineClose(568)) - pipeline Action CLOSE  on pipeline PipelineID=ce8030db-de7e-4328-b2f9-809a4272f2ed.Reason : 1ef51437-5145-4abf-870a-167f7b897ac9 has not seen follower/s 659ebf6d-5767-4313-894f-3fd853d4ec88 for 142376ms 7ab74afe-3a06-48e8-81a5-116c850ada99 for 142374ms
2019-09-19 11:44:36,684 [java.util.concurrent.ThreadPoolExecutor$Worker@1e3d8202[State = -1, empty queue]] WARN  server.GrpcLogAppender (GrpcLogAppender.java:timeoutAppendRequest(200)) - 1ef51437-5145-4abf-870a-167f7b897ac9@group-809A4272F2ED->659ebf6d-5767-4313-894f-3fd853d4ec88-GrpcLogAppender: appendEntries Timeout, request=1ef51437-5145-4abf-870a-167f7b897ac9->659ebf6d-5767-4313-894f-3fd853d4ec88#70-t1, previous=(t:1, i:14), leaderCommit=10, initializing? false, entries: <empty>
2019-09-19 11:44:36,689 [java.util.concurrent.ThreadPoolExecutor$Worker@62ca102e[State = -1, empty queue]] WARN  server.GrpcLogAppender (GrpcLogAppender.java:timeoutAppendRequest(200)) - 1ef51437-5145-4abf-870a-167f7b897ac9@group-809A4272F2ED->7ab74afe-3a06-48e8-81a5-116c850ada99-GrpcLogAppender: appendEntries Timeout, request=1ef51437-5145-4abf-870a-167f7b897ac9->7ab74afe-3a06-48e8-81a5-116c850ada99#70-t1, previous=(t:1, i:14), leaderCommit=10, initializing? false, entries: <empty>
2019-09-19 11:44:37,174 [EventQueue-PipelineActionsForPipelineActionHandler] ERROR pipeline.PipelineActionHandler (PipelineActionHandler.java:onMessage(60)) - Received pipeline action CLOSE for Pipeline[ Id: ce8030db-de7e-4328-b2f9-809a4272f2ed, Nodes: 659ebf6d-5767-4313-894f-3fd853d4ec88{ip: 192.168.34.13, host: pr-hdds-2153-g484h-410672627, networkLocation: /default-rack, certSerialId: null}1ef51437-5145-4abf-870a-167f7b897ac9{ip: 192.168.34.13, host: pr-hdds-2153-g484h-410672627, networkLocation: /default-rack, certSerialId: null}7ab74afe-3a06-48e8-81a5-116c850ada99{ip: 192.168.34.13, host: pr-hdds-2153-g484h-410672627, networkLocation: /default-rack, certSerialId: null}, Type:RATIS, Factor:THREE, State:CLOSED] from datanode 1ef51437-5145-4abf-870a-167f7b897ac9{ip: 192.168.34.13, host: pr-hdds-2153-g484h-410672627, networkLocation: /default-rack, certSerialId: null}. Reason : 1ef51437-5145-4abf-870a-167f7b897ac9 has not seen follower/s 659ebf6d-5767-4313-894f-3fd853d4ec88 for 142371ms 7ab74afe-3a06-48e8-81a5-116c850ada99 for 142369ms
2019-09-19 11:44:37,174 [EventQueue-PipelineActionsForPipelineActionHandler] INFO  pipeline.SCMPipelineManager (SCMPipelineManager.java:finalizeAndDestroyPipeline(311)) - destroying pipeline:Pipeline[ Id: ce8030db-de7e-4328-b2f9-809a4272f2ed, Nodes: 659ebf6d-5767-4313-894f-3fd853d4ec88{ip: 192.168.34.13, host: pr-hdds-2153-g484h-410672627, networkLocation: /default-rack, certSerialId: null}1ef51437-5145-4abf-870a-167f7b897ac9{ip: 192.168.34.13, host: pr-hdds-2153-g484h-410672627, networkLocation: /default-rack, certSerialId: null}7ab74afe-3a06-48e8-81a5-116c850ada99{ip: 192.168.34.13, host: pr-hdds-2153-g484h-410672627, networkLocation: /default-rack, certSerialId: null}, Type:RATIS, Factor:THREE, State:CLOSED]
2019-09-19 11:44:38,687 [org.apache.ratis.server.impl.LogAppender$AppenderDaemon$$Lambda$510/992966066@7db14276] ERROR ratis.XceiverServerRatis (XceiverServerRatis.java:triggerPipelineClose(568)) - pipeline Action CLOSE  on pipeline PipelineID=ce8030db-de7e-4328-b2f9-809a4272f2ed.Reason : 1ef51437-5145-4abf-870a-167f7b897ac9 has not seen follower/s 659ebf6d-5767-4313-894f-3fd853d4ec88 for 144872ms 7ab74afe-3a06-48e8-81a5-116c850ada99 for 144871ms
2019-09-19 11:44:38,695 [org.apache.ratis.server.impl.LogAppender$AppenderDaemon$$Lambda$510/992966066@121685a4] ERROR ratis.XceiverServerRatis (XceiverServerRatis.java:triggerPipelineClose(568)) - pipeline Action CLOSE  on pipeline PipelineID=ce8030db-de7e-4328-b2f9-809a4272f2ed.Reason : 1ef51437-5145-4abf-870a-167f7b897ac9 has not seen follower/s 659ebf6d-5767-4313-894f-3fd853d4ec88 for 144881ms 7ab74afe-3a06-48e8-81a5-116c850ada99 for 144879ms
2019-09-19 11:44:39,174 [EventQueue-PipelineActionsForPipelineActionHandler] ERROR pipeline.PipelineActionHandler (PipelineActionHandler.java:onMessage(60)) - Received pipeline action CLOSE for Pipeline[ Id: ce8030db-de7e-4328-b2f9-809a4272f2ed, Nodes: 659ebf6d-5767-4313-894f-3fd853d4ec88{ip: 192.168.34.13, host: pr-hdds-2153-g484h-410672627, networkLocation: /default-rack, certSerialId: null}1ef51437-5145-4abf-870a-167f7b897ac9{ip: 192.168.34.13, host: pr-hdds-2153-g484h-410672627, networkLocation: /default-rack, certSerialId: null}7ab74afe-3a06-48e8-81a5-116c850ada99{ip: 192.168.34.13, host: pr-hdds-2153-g484h-410672627, networkLocation: /default-rack, certSerialId: null}, Type:RATIS, Factor:THREE, State:CLOSED] from datanode 1ef51437-5145-4abf-870a-167f7b897ac9{ip: 192.168.34.13, host: pr-hdds-2153-g484h-410672627, networkLocation: /default-rack, certSerialId: null}. Reason : 1ef51437-5145-4abf-870a-167f7b897ac9 has not seen follower/s 659ebf6d-5767-4313-894f-3fd853d4ec88 for 144872ms 7ab74afe-3a06-48e8-81a5-116c850ada99 for 144871ms
2019-09-19 11:44:39,175 [EventQueue-PipelineActionsForPipelineActionHandler] INFO  pipeline.SCMPipelineManager (SCMPipelineManager.java:finalizeAndDestroyPipeline(311)) - destroying pipeline:Pipeline[ Id: ce8030db-de7e-4328-b2f9-809a4272f2ed, Nodes: 659ebf6d-5767-4313-894f-3fd853d4ec88{ip: 192.168.34.13, host: pr-hdds-2153-g484h-410672627, networkLocation: /default-rack, certSerialId: null}1ef51437-5145-4abf-870a-167f7b897ac9{ip: 192.168.34.13, host: pr-hdds-2153-g484h-410672627, networkLocation: /default-rack, certSerialId: null}7ab74afe-3a06-48e8-81a5-116c850ada99{ip: 192.168.34.13, host: pr-hdds-2153-g484h-410672627, networkLocation: /default-rack, certSerialId: null}, Type:RATIS, Factor:THREE, State:CLOSED]
2019-09-19 11:44:39,185 [java.util.concurrent.ThreadPoolExecutor$Worker@1e3d8202[State = -1, empty queue]] WARN  server.GrpcLogAppender (GrpcLogAppender.java:timeoutAppendRequest(200)) - 1ef51437-5145-4abf-870a-167f7b897ac9@group-809A4272F2ED->659ebf6d-5767-4313-894f-3fd853d4ec88-GrpcLogAppender: appendEntries Timeout, request=1ef51437-5145-4abf-870a-167f7b897ac9->659ebf6d-5767-4313-894f-3fd853d4ec88#71-t1, previous=(t:1, i:14), leaderCommit=10, initializing? false, entries: <empty>
2019-09-19 11:44:39,204 [java.util.concurrent.ThreadPoolExecutor$Worker@62ca102e[State = -1, empty queue]] WARN  server.GrpcLogAppender (GrpcLogAppender.java:timeoutAppendRequest(200)) - 1ef51437-5145-4abf-870a-167f7b897ac9@group-809A4272F2ED->7ab74afe-3a06-48e8-81a5-116c850ada99-GrpcLogAppender: appendEntries Timeout, request=1ef51437-5145-4abf-870a-167f7b897ac9->7ab74afe-3a06-48e8-81a5-116c850ada99#71-t1, previous=(t:1, i:14), leaderCommit=10, initializing? false, entries: <empty>
2019-09-19 11:44:40,822 [grpc-default-executor-0] INFO  client.GrpcClientProtocolClient (GrpcClientProtocolClient.java:onNext(264)) - client-F41086007F95->7ab74afe-3a06-48e8-81a5-116c850ada99: receive RaftClientReply:client-F41086007F95->7ab74afe-3a06-48e8-81a5-116c850ada99@group-809A4272F2ED, cid=21, FAILED org.apache.ratis.protocol.NotLeaderException: Server 7ab74afe-3a06-48e8-81a5-116c850ada99@group-809A4272F2ED is not the leader 1ef51437-5145-4abf-870a-167f7b897ac9:192.168.34.13:41893, logIndex=0, commits[7ab74afe-3a06-48e8-81a5-116c850ada99:c10, 659ebf6d-5767-4313-894f-3fd853d4ec88:c6, 1ef51437-5145-4abf-870a-167f7b897ac9:c10]
2019-09-19 11:44:41,187 [org.apache.ratis.server.impl.LogAppender$AppenderDaemon$$Lambda$510/992966066@7db14276] ERROR ratis.XceiverServerRatis (XceiverServerRatis.java:triggerPipelineClose(568)) - pipeline Action CLOSE  on pipeline PipelineID=ce8030db-de7e-4328-b2f9-809a4272f2ed.Reason : 1ef51437-5145-4abf-870a-167f7b897ac9 has not seen follower/s 659ebf6d-5767-4313-894f-3fd853d4ec88 for 147373ms 7ab74afe-3a06-48e8-81a5-116c850ada99 for 147371ms
2019-09-19 11:44:41,196 [org.apache.ratis.server.impl.LogAppender$AppenderDaemon$$Lambda$510/992966066@121685a4] ERROR ratis.XceiverServerRatis (XceiverServerRatis.java:triggerPipelineClose(568)) - pipeline Action CLOSE  on pipeline PipelineID=ce8030db-de7e-4328-b2f9-809a4272f2ed.Reason : 1ef51437-5145-4abf-870a-167f7b897ac9 has not seen follower/s 659ebf6d-5767-4313-894f-3fd853d4ec88 for 147382ms 7ab74afe-3a06-48e8-81a5-116c850ada99 for 147380ms
2019-09-19 11:44:41,686 [java.util.concurrent.ThreadPoolExecutor$Worker@1e3d8202[State = -1, empty queue]] WARN  server.GrpcLogAppender (GrpcLogAppender.java:timeoutAppendRequest(200)) - 1ef51437-5145-4abf-870a-167f7b897ac9@group-809A4272F2ED->659ebf6d-5767-4313-894f-3fd853d4ec88-GrpcLogAppender: appendEntries Timeout, request=1ef51437-5145-4abf-870a-167f7b897ac9->659ebf6d-5767-4313-894f-3fd853d4ec88#72-t1, previous=(t:1, i:14), leaderCommit=10, initializing? false, entries: <empty>
2019-09-19 11:44:41,695 [java.util.concurrent.ThreadPoolExecutor$Worker@62ca102e[State = -1, empty queue]] WARN  server.GrpcLogAppender (GrpcLogAppender.java:timeoutAppendRequest(200)) - 1ef51437-5145-4abf-870a-167f7b897ac9@group-809A4272F2ED->7ab74afe-3a06-48e8-81a5-116c850ada99-GrpcLogAppender: appendEntries Timeout, request=1ef51437-5145-4abf-870a-167f7b897ac9->7ab74afe-3a06-48e8-81a5-116c850ada99#72-t1, previous=(t:1, i:14), leaderCommit=10, initializing? false, entries: <empty>
2019-09-19 11:44:42,174 [EventQueue-PipelineActionsForPipelineActionHandler] ERROR pipeline.PipelineActionHandler (PipelineActionHandler.java:onMessage(60)) - Received pipeline action CLOSE for Pipeline[ Id: ce8030db-de7e-4328-b2f9-809a4272f2ed, Nodes: 659ebf6d-5767-4313-894f-3fd853d4ec88{ip: 192.168.34.13, host: pr-hdds-2153-g484h-410672627, networkLocation: /default-rack, certSerialId: null}1ef51437-5145-4abf-870a-167f7b897ac9{ip: 192.168.34.13, host: pr-hdds-2153-g484h-410672627, networkLocation: /default-rack, certSerialId: null}7ab74afe-3a06-48e8-81a5-116c850ada99{ip: 192.168.34.13, host: pr-hdds-2153-g484h-410672627, networkLocation: /default-rack, certSerialId: null}, Type:RATIS, Factor:THREE, State:CLOSED] from datanode 1ef51437-5145-4abf-870a-167f7b897ac9{ip: 192.168.34.13, host: pr-hdds-2153-g484h-410672627, networkLocation: /default-rack, certSerialId: null}. Reason : 1ef51437-5145-4abf-870a-167f7b897ac9 has not seen follower/s 659ebf6d-5767-4313-894f-3fd853d4ec88 for 147373ms 7ab74afe-3a06-48e8-81a5-116c850ada99 for 147371ms
2019-09-19 11:44:42,175 [EventQueue-PipelineActionsForPipelineActionHandler] INFO  pipeline.SCMPipelineManager (SCMPipelineManager.java:finalizeAndDestroyPipeline(311)) - destroying pipeline:Pipeline[ Id: ce8030db-de7e-4328-b2f9-809a4272f2ed, Nodes: 659ebf6d-5767-4313-894f-3fd853d4ec88{ip: 192.168.34.13, host: pr-hdds-2153-g484h-410672627, networkLocation: /default-rack, certSerialId: null}1ef51437-5145-4abf-870a-167f7b897ac9{ip: 192.168.34.13, host: pr-hdds-2153-g484h-410672627, networkLocation: /default-rack, certSerialId: null}7ab74afe-3a06-48e8-81a5-116c850ada99{ip: 192.168.34.13, host: pr-hdds-2153-g484h-410672627, networkLocation: /default-rack, certSerialId: null}, Type:RATIS, Factor:THREE, State:CLOSED]
2019-09-19 11:44:43,689 [org.apache.ratis.server.impl.LogAppender$AppenderDaemon$$Lambda$510/992966066@7db14276] ERROR ratis.XceiverServerRatis (XceiverServerRatis.java:triggerPipelineClose(568)) - pipeline Action CLOSE  on pipeline PipelineID=ce8030db-de7e-4328-b2f9-809a4272f2ed.Reason : 1ef51437-5145-4abf-870a-167f7b897ac9 has not seen follower/s 659ebf6d-5767-4313-894f-3fd853d4ec88 for 149875ms 7ab74afe-3a06-48e8-81a5-116c850ada99 for 149873ms
2019-09-19 11:44:43,697 [org.apache.ratis.server.impl.LogAppender$AppenderDaemon$$Lambda$510/992966066@121685a4] ERROR ratis.XceiverServerRatis (XceiverServerRatis.java:triggerPipelineClose(568)) - pipeline Action CLOSE  on pipeline PipelineID=ce8030db-de7e-4328-b2f9-809a4272f2ed.Reason : 1ef51437-5145-4abf-870a-167f7b897ac9 has not seen follower/s 659ebf6d-5767-4313-894f-3fd853d4ec88 for 149883ms 7ab74afe-3a06-48e8-81a5-116c850ada99 for 149881ms
2019-09-19 11:44:44,155 [659ebf6d-5767-4313-894f-3fd853d4ec88@group-809A4272F2ED-SegmentedRaftLogWorker] WARN  segmented.SegmentedRaftLogWorker (SegmentedRaftLogWorker.java:getFromFuture(90)) - Timeout 14/~
org.apache.ratis.protocol.TimeoutIOException: Timeout 10s: WriteLog:12: (t:1, i:12), STATEMACHINELOGENTRY, client-F41086007F95, cid=22-writeStateMachineData
	at org.apache.ratis.util.IOUtils.getFromFuture(IOUtils.java:87)
	at org.apache.ratis.server.raftlog.segmented.SegmentedRaftLogWorker$StateMachineDataPolicy.getFromFuture(SegmentedRaftLogWorker.java:87)
	at org.apache.ratis.server.raftlog.segmented.SegmentedRaftLogWorker$WriteLog.execute(SegmentedRaftLogWorker.java:477)
	at org.apache.ratis.server.raftlog.segmented.SegmentedRaftLogWorker.run(SegmentedRaftLogWorker.java:289)
	at java.lang.Thread.run(Thread.java:748)
Caused by: java.util.concurrent.TimeoutException
	at java.util.concurrent.CompletableFuture.timedGet(CompletableFuture.java:1771)
	at java.util.concurrent.CompletableFuture.get(CompletableFuture.java:1915)
	at org.apache.ratis.util.IOUtils.getFromFuture(IOUtils.java:79)
	... 4 more
2019-09-19 11:44:44,174 [EventQueue-PipelineActionsForPipelineActionHandler] ERROR pipeline.PipelineActionHandler (PipelineActionHandler.java:onMessage(60)) - Received pipeline action CLOSE for Pipeline[ Id: ce8030db-de7e-4328-b2f9-809a4272f2ed, Nodes: 659ebf6d-5767-4313-894f-3fd853d4ec88{ip: 192.168.34.13, host: pr-hdds-2153-g484h-410672627, networkLocation: /default-rack, certSerialId: null}1ef51437-5145-4abf-870a-167f7b897ac9{ip: 192.168.34.13, host: pr-hdds-2153-g484h-410672627, networkLocation: /default-rack, certSerialId: null}7ab74afe-3a06-48e8-81a5-116c850ada99{ip: 192.168.34.13, host: pr-hdds-2153-g484h-410672627, networkLocation: /default-rack, certSerialId: null}, Type:RATIS, Factor:THREE, State:CLOSED] from datanode 1ef51437-5145-4abf-870a-167f7b897ac9{ip: 192.168.34.13, host: pr-hdds-2153-g484h-410672627, networkLocation: /default-rack, certSerialId: null}. Reason : 1ef51437-5145-4abf-870a-167f7b897ac9 has not seen follower/s 659ebf6d-5767-4313-894f-3fd853d4ec88 for 149875ms 7ab74afe-3a06-48e8-81a5-116c850ada99 for 149873ms
2019-09-19 11:44:44,174 [EventQueue-PipelineActionsForPipelineActionHandler] INFO  pipeline.SCMPipelineManager (SCMPipelineManager.java:finalizeAndDestroyPipeline(311)) - destroying pipeline:Pipeline[ Id: ce8030db-de7e-4328-b2f9-809a4272f2ed, Nodes: 659ebf6d-5767-4313-894f-3fd853d4ec88{ip: 192.168.34.13, host: pr-hdds-2153-g484h-410672627, networkLocation: /default-rack, certSerialId: null}1ef51437-5145-4abf-870a-167f7b897ac9{ip: 192.168.34.13, host: pr-hdds-2153-g484h-410672627, networkLocation: /default-rack, certSerialId: null}7ab74afe-3a06-48e8-81a5-116c850ada99{ip: 192.168.34.13, host: pr-hdds-2153-g484h-410672627, networkLocation: /default-rack, certSerialId: null}, Type:RATIS, Factor:THREE, State:CLOSED]
2019-09-19 11:44:44,185 [7ab74afe-3a06-48e8-81a5-116c850ada99@group-809A4272F2ED-SegmentedRaftLogWorker] WARN  segmented.SegmentedRaftLogWorker (SegmentedRaftLogWorker.java:getFromFuture(90)) - Timeout 14/~
org.apache.ratis.protocol.TimeoutIOException: Timeout 10s: WriteLog:12: (t:1, i:12), STATEMACHINELOGENTRY, client-F41086007F95, cid=22-writeStateMachineData
	at org.apache.ratis.util.IOUtils.getFromFuture(IOUtils.java:87)
	at org.apache.ratis.server.raftlog.segmented.SegmentedRaftLogWorker$StateMachineDataPolicy.getFromFuture(SegmentedRaftLogWorker.java:87)
	at org.apache.ratis.server.raftlog.segmented.SegmentedRaftLogWorker$WriteLog.execute(SegmentedRaftLogWorker.java:477)
	at org.apache.ratis.server.raftlog.segmented.SegmentedRaftLogWorker.run(SegmentedRaftLogWorker.java:289)
	at java.lang.Thread.run(Thread.java:748)
Caused by: java.util.concurrent.TimeoutException
	at java.util.concurrent.CompletableFuture.timedGet(CompletableFuture.java:1771)
	at java.util.concurrent.CompletableFuture.get(CompletableFuture.java:1915)
	at org.apache.ratis.util.IOUtils.getFromFuture(IOUtils.java:79)
	... 4 more
2019-09-19 11:44:44,187 [java.util.concurrent.ThreadPoolExecutor$Worker@1e3d8202[State = -1, empty queue]] WARN  server.GrpcLogAppender (GrpcLogAppender.java:timeoutAppendRequest(200)) - 1ef51437-5145-4abf-870a-167f7b897ac9@group-809A4272F2ED->659ebf6d-5767-4313-894f-3fd853d4ec88-GrpcLogAppender: appendEntries Timeout, request=1ef51437-5145-4abf-870a-167f7b897ac9->659ebf6d-5767-4313-894f-3fd853d4ec88#73-t1, previous=(t:1, i:14), leaderCommit=10, initializing? false, entries: <empty>
2019-09-19 11:44:44,196 [java.util.concurrent.ThreadPoolExecutor$Worker@62ca102e[State = -1, empty queue]] WARN  server.GrpcLogAppender (GrpcLogAppender.java:timeoutAppendRequest(200)) - 1ef51437-5145-4abf-870a-167f7b897ac9@group-809A4272F2ED->7ab74afe-3a06-48e8-81a5-116c850ada99-GrpcLogAppender: appendEntries Timeout, request=1ef51437-5145-4abf-870a-167f7b897ac9->7ab74afe-3a06-48e8-81a5-116c850ada99#73-t1, previous=(t:1, i:14), leaderCommit=10, initializing? false, entries: <empty>
2019-09-19 11:44:45,871 [grpc-default-executor-1] INFO  client.GrpcClientProtocolClient (GrpcClientProtocolClient.java:onNext(264)) - client-F41086007F95->7ab74afe-3a06-48e8-81a5-116c850ada99: receive RaftClientReply:client-F41086007F95->7ab74afe-3a06-48e8-81a5-116c850ada99@group-809A4272F2ED, cid=21, FAILED org.apache.ratis.protocol.NotLeaderException: Server 7ab74afe-3a06-48e8-81a5-116c850ada99@group-809A4272F2ED is not the leader 1ef51437-5145-4abf-870a-167f7b897ac9:192.168.34.13:41893, logIndex=0, commits[7ab74afe-3a06-48e8-81a5-116c850ada99:c10, 659ebf6d-5767-4313-894f-3fd853d4ec88:c6, 1ef51437-5145-4abf-870a-167f7b897ac9:c10]
2019-09-19 11:44:46,189 [org.apache.ratis.server.impl.LogAppender$AppenderDaemon$$Lambda$510/992966066@7db14276] ERROR ratis.XceiverServerRatis (XceiverServerRatis.java:triggerPipelineClose(568)) - pipeline Action CLOSE  on pipeline PipelineID=ce8030db-de7e-4328-b2f9-809a4272f2ed.Reason : 1ef51437-5145-4abf-870a-167f7b897ac9 has not seen follower/s 659ebf6d-5767-4313-894f-3fd853d4ec88 for 152375ms 7ab74afe-3a06-48e8-81a5-116c850ada99 for 152373ms
2019-09-19 11:44:46,197 [org.apache.ratis.server.impl.LogAppender$AppenderDaemon$$Lambda$510/992966066@121685a4] ERROR ratis.XceiverServerRatis (XceiverServerRatis.java:triggerPipelineClose(568)) - pipeline Action CLOSE  on pipeline PipelineID=ce8030db-de7e-4328-b2f9-809a4272f2ed.Reason : 1ef51437-5145-4abf-870a-167f7b897ac9 has not seen follower/s 659ebf6d-5767-4313-894f-3fd853d4ec88 for 152383ms 7ab74afe-3a06-48e8-81a5-116c850ada99 for 152382ms
2019-09-19 11:44:46,689 [java.util.concurrent.ThreadPoolExecutor$Worker@1e3d8202[State = -1, empty queue]] WARN  server.GrpcLogAppender (GrpcLogAppender.java:timeoutAppendRequest(200)) - 1ef51437-5145-4abf-870a-167f7b897ac9@group-809A4272F2ED->659ebf6d-5767-4313-894f-3fd853d4ec88-GrpcLogAppender: appendEntries Timeout, request=1ef51437-5145-4abf-870a-167f7b897ac9->659ebf6d-5767-4313-894f-3fd853d4ec88#74-t1, previous=(t:1, i:14), leaderCommit=10, initializing? false, entries: <empty>
2019-09-19 11:44:46,697 [java.util.concurrent.ThreadPoolExecutor$Worker@62ca102e[State = -1, empty queue]] WARN  server.GrpcLogAppender (GrpcLogAppender.java:timeoutAppendRequest(200)) - 1ef51437-5145-4abf-870a-167f7b897ac9@group-809A4272F2ED->7ab74afe-3a06-48e8-81a5-116c850ada99-GrpcLogAppender: appendEntries Timeout, request=1ef51437-5145-4abf-870a-167f7b897ac9->7ab74afe-3a06-48e8-81a5-116c850ada99#74-t1, previous=(t:1, i:14), leaderCommit=10, initializing? false, entries: <empty>
2019-09-19 11:44:47,175 [EventQueue-PipelineActionsForPipelineActionHandler] ERROR pipeline.PipelineActionHandler (PipelineActionHandler.java:onMessage(60)) - Received pipeline action CLOSE for Pipeline[ Id: ce8030db-de7e-4328-b2f9-809a4272f2ed, Nodes: 659ebf6d-5767-4313-894f-3fd853d4ec88{ip: 192.168.34.13, host: pr-hdds-2153-g484h-410672627, networkLocation: /default-rack, certSerialId: null}1ef51437-5145-4abf-870a-167f7b897ac9{ip: 192.168.34.13, host: pr-hdds-2153-g484h-410672627, networkLocation: /default-rack, certSerialId: null}7ab74afe-3a06-48e8-81a5-116c850ada99{ip: 192.168.34.13, host: pr-hdds-2153-g484h-410672627, networkLocation: /default-rack, certSerialId: null}, Type:RATIS, Factor:THREE, State:CLOSED] from datanode 1ef51437-5145-4abf-870a-167f7b897ac9{ip: 192.168.34.13, host: pr-hdds-2153-g484h-410672627, networkLocation: /default-rack, certSerialId: null}. Reason : 1ef51437-5145-4abf-870a-167f7b897ac9 has not seen follower/s 659ebf6d-5767-4313-894f-3fd853d4ec88 for 152375ms 7ab74afe-3a06-48e8-81a5-116c850ada99 for 152373ms
2019-09-19 11:44:47,176 [EventQueue-PipelineActionsForPipelineActionHandler] INFO  pipeline.SCMPipelineManager (SCMPipelineManager.java:finalizeAndDestroyPipeline(311)) - destroying pipeline:Pipeline[ Id: ce8030db-de7e-4328-b2f9-809a4272f2ed, Nodes: 659ebf6d-5767-4313-894f-3fd853d4ec88{ip: 192.168.34.13, host: pr-hdds-2153-g484h-410672627, networkLocation: /default-rack, certSerialId: null}1ef51437-5145-4abf-870a-167f7b897ac9{ip: 192.168.34.13, host: pr-hdds-2153-g484h-410672627, networkLocation: /default-rack, certSerialId: null}7ab74afe-3a06-48e8-81a5-116c850ada99{ip: 192.168.34.13, host: pr-hdds-2153-g484h-410672627, networkLocation: /default-rack, certSerialId: null}, Type:RATIS, Factor:THREE, State:CLOSED]
2019-09-19 11:44:48,690 [org.apache.ratis.server.impl.LogAppender$AppenderDaemon$$Lambda$510/992966066@7db14276] ERROR ratis.XceiverServerRatis (XceiverServerRatis.java:triggerPipelineClose(568)) - pipeline Action CLOSE  on pipeline PipelineID=ce8030db-de7e-4328-b2f9-809a4272f2ed.Reason : 1ef51437-5145-4abf-870a-167f7b897ac9 has not seen follower/s 659ebf6d-5767-4313-894f-3fd853d4ec88 for 154876ms 7ab74afe-3a06-48e8-81a5-116c850ada99 for 154874ms
2019-09-19 11:44:48,698 [org.apache.ratis.server.impl.LogAppender$AppenderDaemon$$Lambda$510/992966066@121685a4] ERROR ratis.XceiverServerRatis (XceiverServerRatis.java:triggerPipelineClose(568)) - pipeline Action CLOSE  on pipeline PipelineID=ce8030db-de7e-4328-b2f9-809a4272f2ed.Reason : 1ef51437-5145-4abf-870a-167f7b897ac9 has not seen follower/s 659ebf6d-5767-4313-894f-3fd853d4ec88 for 154884ms 7ab74afe-3a06-48e8-81a5-116c850ada99 for 154882ms
2019-09-19 11:44:49,174 [EventQueue-PipelineActionsForPipelineActionHandler] ERROR pipeline.PipelineActionHandler (PipelineActionHandler.java:onMessage(60)) - Received pipeline action CLOSE for Pipeline[ Id: ce8030db-de7e-4328-b2f9-809a4272f2ed, Nodes: 659ebf6d-5767-4313-894f-3fd853d4ec88{ip: 192.168.34.13, host: pr-hdds-2153-g484h-410672627, networkLocation: /default-rack, certSerialId: null}1ef51437-5145-4abf-870a-167f7b897ac9{ip: 192.168.34.13, host: pr-hdds-2153-g484h-410672627, networkLocation: /default-rack, certSerialId: null}7ab74afe-3a06-48e8-81a5-116c850ada99{ip: 192.168.34.13, host: pr-hdds-2153-g484h-410672627, networkLocation: /default-rack, certSerialId: null}, Type:RATIS, Factor:THREE, State:CLOSED] from datanode 1ef51437-5145-4abf-870a-167f7b897ac9{ip: 192.168.34.13, host: pr-hdds-2153-g484h-410672627, networkLocation: /default-rack, certSerialId: null}. Reason : 1ef51437-5145-4abf-870a-167f7b897ac9 has not seen follower/s 659ebf6d-5767-4313-894f-3fd853d4ec88 for 154876ms 7ab74afe-3a06-48e8-81a5-116c850ada99 for 154874ms
2019-09-19 11:44:49,174 [EventQueue-PipelineActionsForPipelineActionHandler] INFO  pipeline.SCMPipelineManager (SCMPipelineManager.java:finalizeAndDestroyPipeline(311)) - destroying pipeline:Pipeline[ Id: ce8030db-de7e-4328-b2f9-809a4272f2ed, Nodes: 659ebf6d-5767-4313-894f-3fd853d4ec88{ip: 192.168.34.13, host: pr-hdds-2153-g484h-410672627, networkLocation: /default-rack, certSerialId: null}1ef51437-5145-4abf-870a-167f7b897ac9{ip: 192.168.34.13, host: pr-hdds-2153-g484h-410672627, networkLocation: /default-rack, certSerialId: null}7ab74afe-3a06-48e8-81a5-116c850ada99{ip: 192.168.34.13, host: pr-hdds-2153-g484h-410672627, networkLocation: /default-rack, certSerialId: null}, Type:RATIS, Factor:THREE, State:CLOSED]
2019-09-19 11:44:49,189 [java.util.concurrent.ThreadPoolExecutor$Worker@1e3d8202[State = -1, empty queue]] WARN  server.GrpcLogAppender (GrpcLogAppender.java:timeoutAppendRequest(200)) - 1ef51437-5145-4abf-870a-167f7b897ac9@group-809A4272F2ED->659ebf6d-5767-4313-894f-3fd853d4ec88-GrpcLogAppender: appendEntries Timeout, request=1ef51437-5145-4abf-870a-167f7b897ac9->659ebf6d-5767-4313-894f-3fd853d4ec88#75-t1, previous=(t:1, i:14), leaderCommit=10, initializing? false, entries: <empty>
2019-09-19 11:44:49,197 [java.util.concurrent.ThreadPoolExecutor$Worker@62ca102e[State = -1, empty queue]] WARN  server.GrpcLogAppender (GrpcLogAppender.java:timeoutAppendRequest(200)) - 1ef51437-5145-4abf-870a-167f7b897ac9@group-809A4272F2ED->7ab74afe-3a06-48e8-81a5-116c850ada99-GrpcLogAppender: appendEntries Timeout, request=1ef51437-5145-4abf-870a-167f7b897ac9->7ab74afe-3a06-48e8-81a5-116c850ada99#75-t1, previous=(t:1, i:14), leaderCommit=10, initializing? false, entries: <empty>
2019-09-19 11:44:50,926 [grpc-default-executor-1] INFO  client.GrpcClientProtocolClient (GrpcClientProtocolClient.java:onNext(264)) - client-F41086007F95->7ab74afe-3a06-48e8-81a5-116c850ada99: receive RaftClientReply:client-F41086007F95->7ab74afe-3a06-48e8-81a5-116c850ada99@group-809A4272F2ED, cid=21, FAILED org.apache.ratis.protocol.NotLeaderException: Server 7ab74afe-3a06-48e8-81a5-116c850ada99@group-809A4272F2ED is not the leader 1ef51437-5145-4abf-870a-167f7b897ac9:192.168.34.13:41893, logIndex=0, commits[7ab74afe-3a06-48e8-81a5-116c850ada99:c10, 659ebf6d-5767-4313-894f-3fd853d4ec88:c6, 1ef51437-5145-4abf-870a-167f7b897ac9:c10]
2019-09-19 11:44:51,191 [org.apache.ratis.server.impl.LogAppender$AppenderDaemon$$Lambda$510/992966066@7db14276] ERROR ratis.XceiverServerRatis (XceiverServerRatis.java:triggerPipelineClose(568)) - pipeline Action CLOSE  on pipeline PipelineID=ce8030db-de7e-4328-b2f9-809a4272f2ed.Reason : 1ef51437-5145-4abf-870a-167f7b897ac9 has not seen follower/s 659ebf6d-5767-4313-894f-3fd853d4ec88 for 157377ms 7ab74afe-3a06-48e8-81a5-116c850ada99 for 157375ms
2019-09-19 11:44:51,199 [org.apache.ratis.server.impl.LogAppender$AppenderDaemon$$Lambda$510/992966066@121685a4] ERROR ratis.XceiverServerRatis (XceiverServerRatis.java:triggerPipelineClose(568)) - pipeline Action CLOSE  on pipeline PipelineID=ce8030db-de7e-4328-b2f9-809a4272f2ed.Reason : 1ef51437-5145-4abf-870a-167f7b897ac9 has not seen follower/s 659ebf6d-5767-4313-894f-3fd853d4ec88 for 157385ms 7ab74afe-3a06-48e8-81a5-116c850ada99 for 157383ms
2019-09-19 11:44:51,690 [java.util.concurrent.ThreadPoolExecutor$Worker@1e3d8202[State = -1, empty queue]] WARN  server.GrpcLogAppender (GrpcLogAppender.java:timeoutAppendRequest(200)) - 1ef51437-5145-4abf-870a-167f7b897ac9@group-809A4272F2ED->659ebf6d-5767-4313-894f-3fd853d4ec88-GrpcLogAppender: appendEntries Timeout, request=1ef51437-5145-4abf-870a-167f7b897ac9->659ebf6d-5767-4313-894f-3fd853d4ec88#76-t1, previous=(t:1, i:14), leaderCommit=10, initializing? false, entries: <empty>
2019-09-19 11:44:51,698 [java.util.concurrent.ThreadPoolExecutor$Worker@62ca102e[State = -1, empty queue]] WARN  server.GrpcLogAppender (GrpcLogAppender.java:timeoutAppendRequest(200)) - 1ef51437-5145-4abf-870a-167f7b897ac9@group-809A4272F2ED->7ab74afe-3a06-48e8-81a5-116c850ada99-GrpcLogAppender: appendEntries Timeout, request=1ef51437-5145-4abf-870a-167f7b897ac9->7ab74afe-3a06-48e8-81a5-116c850ada99#76-t1, previous=(t:1, i:14), leaderCommit=10, initializing? false, entries: <empty>
2019-09-19 11:44:52,174 [EventQueue-PipelineActionsForPipelineActionHandler] ERROR pipeline.PipelineActionHandler (PipelineActionHandler.java:onMessage(60)) - Received pipeline action CLOSE for Pipeline[ Id: ce8030db-de7e-4328-b2f9-809a4272f2ed, Nodes: 659ebf6d-5767-4313-894f-3fd853d4ec88{ip: 192.168.34.13, host: pr-hdds-2153-g484h-410672627, networkLocation: /default-rack, certSerialId: null}1ef51437-5145-4abf-870a-167f7b897ac9{ip: 192.168.34.13, host: pr-hdds-2153-g484h-410672627, networkLocation: /default-rack, certSerialId: null}7ab74afe-3a06-48e8-81a5-116c850ada99{ip: 192.168.34.13, host: pr-hdds-2153-g484h-410672627, networkLocation: /default-rack, certSerialId: null}, Type:RATIS, Factor:THREE, State:CLOSED] from datanode 1ef51437-5145-4abf-870a-167f7b897ac9{ip: 192.168.34.13, host: pr-hdds-2153-g484h-410672627, networkLocation: /default-rack, certSerialId: null}. Reason : 1ef51437-5145-4abf-870a-167f7b897ac9 has not seen follower/s 659ebf6d-5767-4313-894f-3fd853d4ec88 for 157377ms 7ab74afe-3a06-48e8-81a5-116c850ada99 for 157375ms
2019-09-19 11:44:52,174 [EventQueue-PipelineActionsForPipelineActionHandler] INFO  pipeline.SCMPipelineManager (SCMPipelineManager.java:finalizeAndDestroyPipeline(311)) - destroying pipeline:Pipeline[ Id: ce8030db-de7e-4328-b2f9-809a4272f2ed, Nodes: 659ebf6d-5767-4313-894f-3fd853d4ec88{ip: 192.168.34.13, host: pr-hdds-2153-g484h-410672627, networkLocation: /default-rack, certSerialId: null}1ef51437-5145-4abf-870a-167f7b897ac9{ip: 192.168.34.13, host: pr-hdds-2153-g484h-410672627, networkLocation: /default-rack, certSerialId: null}7ab74afe-3a06-48e8-81a5-116c850ada99{ip: 192.168.34.13, host: pr-hdds-2153-g484h-410672627, networkLocation: /default-rack, certSerialId: null}, Type:RATIS, Factor:THREE, State:CLOSED]
2019-09-19 11:44:53,692 [org.apache.ratis.server.impl.LogAppender$AppenderDaemon$$Lambda$510/992966066@7db14276] ERROR ratis.XceiverServerRatis (XceiverServerRatis.java:triggerPipelineClose(568)) - pipeline Action CLOSE  on pipeline PipelineID=ce8030db-de7e-4328-b2f9-809a4272f2ed.Reason : 1ef51437-5145-4abf-870a-167f7b897ac9 has not seen follower/s 659ebf6d-5767-4313-894f-3fd853d4ec88 for 159878ms 7ab74afe-3a06-48e8-81a5-116c850ada99 for 159876ms
2019-09-19 11:44:53,699 [org.apache.ratis.server.impl.LogAppender$AppenderDaemon$$Lambda$510/992966066@121685a4] ERROR ratis.XceiverServerRatis (XceiverServerRatis.java:triggerPipelineClose(568)) - pipeline Action CLOSE  on pipeline PipelineID=ce8030db-de7e-4328-b2f9-809a4272f2ed.Reason : 1ef51437-5145-4abf-870a-167f7b897ac9 has not seen follower/s 659ebf6d-5767-4313-894f-3fd853d4ec88 for 159885ms 7ab74afe-3a06-48e8-81a5-116c850ada99 for 159883ms
2019-09-19 11:44:54,156 [659ebf6d-5767-4313-894f-3fd853d4ec88@group-809A4272F2ED-SegmentedRaftLogWorker] WARN  segmented.SegmentedRaftLogWorker (SegmentedRaftLogWorker.java:getFromFuture(90)) - Timeout 15/~
org.apache.ratis.protocol.TimeoutIOException: Timeout 10s: WriteLog:12: (t:1, i:12), STATEMACHINELOGENTRY, client-F41086007F95, cid=22-writeStateMachineData
	at org.apache.ratis.util.IOUtils.getFromFuture(IOUtils.java:87)
	at org.apache.ratis.server.raftlog.segmented.SegmentedRaftLogWorker$StateMachineDataPolicy.getFromFuture(SegmentedRaftLogWorker.java:87)
	at org.apache.ratis.server.raftlog.segmented.SegmentedRaftLogWorker$WriteLog.execute(SegmentedRaftLogWorker.java:477)
	at org.apache.ratis.server.raftlog.segmented.SegmentedRaftLogWorker.run(SegmentedRaftLogWorker.java:289)
	at java.lang.Thread.run(Thread.java:748)
Caused by: java.util.concurrent.TimeoutException
	at java.util.concurrent.CompletableFuture.timedGet(CompletableFuture.java:1771)
	at java.util.concurrent.CompletableFuture.get(CompletableFuture.java:1915)
	at org.apache.ratis.util.IOUtils.getFromFuture(IOUtils.java:79)
	... 4 more
2019-09-19 11:44:54,174 [EventQueue-PipelineActionsForPipelineActionHandler] ERROR pipeline.PipelineActionHandler (PipelineActionHandler.java:onMessage(60)) - Received pipeline action CLOSE for Pipeline[ Id: ce8030db-de7e-4328-b2f9-809a4272f2ed, Nodes: 659ebf6d-5767-4313-894f-3fd853d4ec88{ip: 192.168.34.13, host: pr-hdds-2153-g484h-410672627, networkLocation: /default-rack, certSerialId: null}1ef51437-5145-4abf-870a-167f7b897ac9{ip: 192.168.34.13, host: pr-hdds-2153-g484h-410672627, networkLocation: /default-rack, certSerialId: null}7ab74afe-3a06-48e8-81a5-116c850ada99{ip: 192.168.34.13, host: pr-hdds-2153-g484h-410672627, networkLocation: /default-rack, certSerialId: null}, Type:RATIS, Factor:THREE, State:CLOSED] from datanode 1ef51437-5145-4abf-870a-167f7b897ac9{ip: 192.168.34.13, host: pr-hdds-2153-g484h-410672627, networkLocation: /default-rack, certSerialId: null}. Reason : 1ef51437-5145-4abf-870a-167f7b897ac9 has not seen follower/s 659ebf6d-5767-4313-894f-3fd853d4ec88 for 159878ms 7ab74afe-3a06-48e8-81a5-116c850ada99 for 159876ms
2019-09-19 11:44:54,174 [EventQueue-PipelineActionsForPipelineActionHandler] INFO  pipeline.SCMPipelineManager (SCMPipelineManager.java:finalizeAndDestroyPipeline(311)) - destroying pipeline:Pipeline[ Id: ce8030db-de7e-4328-b2f9-809a4272f2ed, Nodes: 659ebf6d-5767-4313-894f-3fd853d4ec88{ip: 192.168.34.13, host: pr-hdds-2153-g484h-410672627, networkLocation: /default-rack, certSerialId: null}1ef51437-5145-4abf-870a-167f7b897ac9{ip: 192.168.34.13, host: pr-hdds-2153-g484h-410672627, networkLocation: /default-rack, certSerialId: null}7ab74afe-3a06-48e8-81a5-116c850ada99{ip: 192.168.34.13, host: pr-hdds-2153-g484h-410672627, networkLocation: /default-rack, certSerialId: null}, Type:RATIS, Factor:THREE, State:CLOSED]
2019-09-19 11:44:54,185 [7ab74afe-3a06-48e8-81a5-116c850ada99@group-809A4272F2ED-SegmentedRaftLogWorker] WARN  segmented.SegmentedRaftLogWorker (SegmentedRaftLogWorker.java:getFromFuture(90)) - Timeout 15/~
org.apache.ratis.protocol.TimeoutIOException: Timeout 10s: WriteLog:12: (t:1, i:12), STATEMACHINELOGENTRY, client-F41086007F95, cid=22-writeStateMachineData
	at org.apache.ratis.util.IOUtils.getFromFuture(IOUtils.java:87)
	at org.apache.ratis.server.raftlog.segmented.SegmentedRaftLogWorker$StateMachineDataPolicy.getFromFuture(SegmentedRaftLogWorker.java:87)
	at org.apache.ratis.server.raftlog.segmented.SegmentedRaftLogWorker$WriteLog.execute(SegmentedRaftLogWorker.java:477)
	at org.apache.ratis.server.raftlog.segmented.SegmentedRaftLogWorker.run(SegmentedRaftLogWorker.java:289)
	at java.lang.Thread.run(Thread.java:748)
Caused by: java.util.concurrent.TimeoutException
	at java.util.concurrent.CompletableFuture.timedGet(CompletableFuture.java:1771)
	at java.util.concurrent.CompletableFuture.get(CompletableFuture.java:1915)
	at org.apache.ratis.util.IOUtils.getFromFuture(IOUtils.java:79)
	... 4 more
2019-09-19 11:44:54,191 [java.util.concurrent.ThreadPoolExecutor$Worker@1e3d8202[State = -1, empty queue]] WARN  server.GrpcLogAppender (GrpcLogAppender.java:timeoutAppendRequest(200)) - 1ef51437-5145-4abf-870a-167f7b897ac9@group-809A4272F2ED->659ebf6d-5767-4313-894f-3fd853d4ec88-GrpcLogAppender: appendEntries Timeout, request=1ef51437-5145-4abf-870a-167f7b897ac9->659ebf6d-5767-4313-894f-3fd853d4ec88#77-t1, previous=(t:1, i:14), leaderCommit=10, initializing? false, entries: <empty>
2019-09-19 11:44:54,199 [java.util.concurrent.ThreadPoolExecutor$Worker@62ca102e[State = -1, empty queue]] WARN  server.GrpcLogAppender (GrpcLogAppender.java:timeoutAppendRequest(200)) - 1ef51437-5145-4abf-870a-167f7b897ac9@group-809A4272F2ED->7ab74afe-3a06-48e8-81a5-116c850ada99-GrpcLogAppender: appendEntries Timeout, request=1ef51437-5145-4abf-870a-167f7b897ac9->7ab74afe-3a06-48e8-81a5-116c850ada99#77-t1, previous=(t:1, i:14), leaderCommit=10, initializing? false, entries: <empty>
2019-09-19 11:44:55,979 [grpc-default-executor-1] INFO  client.GrpcClientProtocolClient (GrpcClientProtocolClient.java:onNext(264)) - client-F41086007F95->7ab74afe-3a06-48e8-81a5-116c850ada99: receive RaftClientReply:client-F41086007F95->7ab74afe-3a06-48e8-81a5-116c850ada99@group-809A4272F2ED, cid=21, FAILED org.apache.ratis.protocol.NotLeaderException: Server 7ab74afe-3a06-48e8-81a5-116c850ada99@group-809A4272F2ED is not the leader 1ef51437-5145-4abf-870a-167f7b897ac9:192.168.34.13:41893, logIndex=0, commits[7ab74afe-3a06-48e8-81a5-116c850ada99:c10, 659ebf6d-5767-4313-894f-3fd853d4ec88:c6, 1ef51437-5145-4abf-870a-167f7b897ac9:c10]
2019-09-19 11:44:56,193 [org.apache.ratis.server.impl.LogAppender$AppenderDaemon$$Lambda$510/992966066@7db14276] ERROR ratis.XceiverServerRatis (XceiverServerRatis.java:triggerPipelineClose(568)) - pipeline Action CLOSE  on pipeline PipelineID=ce8030db-de7e-4328-b2f9-809a4272f2ed.Reason : 1ef51437-5145-4abf-870a-167f7b897ac9 has not seen follower/s 659ebf6d-5767-4313-894f-3fd853d4ec88 for 162379ms 7ab74afe-3a06-48e8-81a5-116c850ada99 for 162377ms
2019-09-19 11:44:56,200 [org.apache.ratis.server.impl.LogAppender$AppenderDaemon$$Lambda$510/992966066@121685a4] ERROR ratis.XceiverServerRatis (XceiverServerRatis.java:triggerPipelineClose(568)) - pipeline Action CLOSE  on pipeline PipelineID=ce8030db-de7e-4328-b2f9-809a4272f2ed.Reason : 1ef51437-5145-4abf-870a-167f7b897ac9 has not seen follower/s 659ebf6d-5767-4313-894f-3fd853d4ec88 for 162386ms 7ab74afe-3a06-48e8-81a5-116c850ada99 for 162384ms
2019-09-19 11:44:56,692 [java.util.concurrent.ThreadPoolExecutor$Worker@1e3d8202[State = -1, empty queue]] WARN  server.GrpcLogAppender (GrpcLogAppender.java:timeoutAppendRequest(200)) - 1ef51437-5145-4abf-870a-167f7b897ac9@group-809A4272F2ED->659ebf6d-5767-4313-894f-3fd853d4ec88-GrpcLogAppender: appendEntries Timeout, request=1ef51437-5145-4abf-870a-167f7b897ac9->659ebf6d-5767-4313-894f-3fd853d4ec88#78-t1, previous=(t:1, i:14), leaderCommit=10, initializing? false, entries: <empty>
2019-09-19 11:44:56,699 [java.util.concurrent.ThreadPoolExecutor$Worker@62ca102e[State = -1, empty queue]] WARN  server.GrpcLogAppender (GrpcLogAppender.java:timeoutAppendRequest(200)) - 1ef51437-5145-4abf-870a-167f7b897ac9@group-809A4272F2ED->7ab74afe-3a06-48e8-81a5-116c850ada99-GrpcLogAppender: appendEntries Timeout, request=1ef51437-5145-4abf-870a-167f7b897ac9->7ab74afe-3a06-48e8-81a5-116c850ada99#78-t1, previous=(t:1, i:14), leaderCommit=10, initializing? false, entries: <empty>
2019-09-19 11:44:57,176 [EventQueue-PipelineActionsForPipelineActionHandler] ERROR pipeline.PipelineActionHandler (PipelineActionHandler.java:onMessage(60)) - Received pipeline action CLOSE for Pipeline[ Id: ce8030db-de7e-4328-b2f9-809a4272f2ed, Nodes: 659ebf6d-5767-4313-894f-3fd853d4ec88{ip: 192.168.34.13, host: pr-hdds-2153-g484h-410672627, networkLocation: /default-rack, certSerialId: null}1ef51437-5145-4abf-870a-167f7b897ac9{ip: 192.168.34.13, host: pr-hdds-2153-g484h-410672627, networkLocation: /default-rack, certSerialId: null}7ab74afe-3a06-48e8-81a5-116c850ada99{ip: 192.168.34.13, host: pr-hdds-2153-g484h-410672627, networkLocation: /default-rack, certSerialId: null}, Type:RATIS, Factor:THREE, State:CLOSED] from datanode 1ef51437-5145-4abf-870a-167f7b897ac9{ip: 192.168.34.13, host: pr-hdds-2153-g484h-410672627, networkLocation: /default-rack, certSerialId: null}. Reason : 1ef51437-5145-4abf-870a-167f7b897ac9 has not seen follower/s 659ebf6d-5767-4313-894f-3fd853d4ec88 for 162379ms 7ab74afe-3a06-48e8-81a5-116c850ada99 for 162377ms
2019-09-19 11:44:57,176 [EventQueue-PipelineActionsForPipelineActionHandler] INFO  pipeline.SCMPipelineManager (SCMPipelineManager.java:finalizeAndDestroyPipeline(311)) - destroying pipeline:Pipeline[ Id: ce8030db-de7e-4328-b2f9-809a4272f2ed, Nodes: 659ebf6d-5767-4313-894f-3fd853d4ec88{ip: 192.168.34.13, host: pr-hdds-2153-g484h-410672627, networkLocation: /default-rack, certSerialId: null}1ef51437-5145-4abf-870a-167f7b897ac9{ip: 192.168.34.13, host: pr-hdds-2153-g484h-410672627, networkLocation: /default-rack, certSerialId: null}7ab74afe-3a06-48e8-81a5-116c850ada99{ip: 192.168.34.13, host: pr-hdds-2153-g484h-410672627, networkLocation: /default-rack, certSerialId: null}, Type:RATIS, Factor:THREE, State:CLOSED]
2019-09-19 11:44:58,694 [org.apache.ratis.server.impl.LogAppender$AppenderDaemon$$Lambda$510/992966066@7db14276] ERROR ratis.XceiverServerRatis (XceiverServerRatis.java:triggerPipelineClose(568)) - pipeline Action CLOSE  on pipeline PipelineID=ce8030db-de7e-4328-b2f9-809a4272f2ed.Reason : 1ef51437-5145-4abf-870a-167f7b897ac9 has not seen follower/s 659ebf6d-5767-4313-894f-3fd853d4ec88 for 164880ms 7ab74afe-3a06-48e8-81a5-116c850ada99 for 164878ms
2019-09-19 11:44:58,701 [org.apache.ratis.server.impl.LogAppender$AppenderDaemon$$Lambda$510/992966066@121685a4] ERROR ratis.XceiverServerRatis (XceiverServerRatis.java:triggerPipelineClose(568)) - pipeline Action CLOSE  on pipeline PipelineID=ce8030db-de7e-4328-b2f9-809a4272f2ed.Reason : 1ef51437-5145-4abf-870a-167f7b897ac9 has not seen follower/s 659ebf6d-5767-4313-894f-3fd853d4ec88 for 164887ms 7ab74afe-3a06-48e8-81a5-116c850ada99 for 164885ms
2019-09-19 11:44:59,176 [EventQueue-PipelineActionsForPipelineActionHandler] ERROR pipeline.PipelineActionHandler (PipelineActionHandler.java:onMessage(60)) - Received pipeline action CLOSE for Pipeline[ Id: ce8030db-de7e-4328-b2f9-809a4272f2ed, Nodes: 659ebf6d-5767-4313-894f-3fd853d4ec88{ip: 192.168.34.13, host: pr-hdds-2153-g484h-410672627, networkLocation: /default-rack, certSerialId: null}1ef51437-5145-4abf-870a-167f7b897ac9{ip: 192.168.34.13, host: pr-hdds-2153-g484h-410672627, networkLocation: /default-rack, certSerialId: null}7ab74afe-3a06-48e8-81a5-116c850ada99{ip: 192.168.34.13, host: pr-hdds-2153-g484h-410672627, networkLocation: /default-rack, certSerialId: null}, Type:RATIS, Factor:THREE, State:CLOSED] from datanode 1ef51437-5145-4abf-870a-167f7b897ac9{ip: 192.168.34.13, host: pr-hdds-2153-g484h-410672627, networkLocation: /default-rack, certSerialId: null}. Reason : 1ef51437-5145-4abf-870a-167f7b897ac9 has not seen follower/s 659ebf6d-5767-4313-894f-3fd853d4ec88 for 164880ms 7ab74afe-3a06-48e8-81a5-116c850ada99 for 164878ms
2019-09-19 11:44:59,176 [EventQueue-PipelineActionsForPipelineActionHandler] INFO  pipeline.SCMPipelineManager (SCMPipelineManager.java:finalizeAndDestroyPipeline(311)) - destroying pipeline:Pipeline[ Id: ce8030db-de7e-4328-b2f9-809a4272f2ed, Nodes: 659ebf6d-5767-4313-894f-3fd853d4ec88{ip: 192.168.34.13, host: pr-hdds-2153-g484h-410672627, networkLocation: /default-rack, certSerialId: null}1ef51437-5145-4abf-870a-167f7b897ac9{ip: 192.168.34.13, host: pr-hdds-2153-g484h-410672627, networkLocation: /default-rack, certSerialId: null}7ab74afe-3a06-48e8-81a5-116c850ada99{ip: 192.168.34.13, host: pr-hdds-2153-g484h-410672627, networkLocation: /default-rack, certSerialId: null}, Type:RATIS, Factor:THREE, State:CLOSED]
2019-09-19 11:44:59,193 [java.util.concurrent.ThreadPoolExecutor$Worker@1e3d8202[State = -1, empty queue]] WARN  server.GrpcLogAppender (GrpcLogAppender.java:timeoutAppendRequest(200)) - 1ef51437-5145-4abf-870a-167f7b897ac9@group-809A4272F2ED->659ebf6d-5767-4313-894f-3fd853d4ec88-GrpcLogAppender: appendEntries Timeout, request=1ef51437-5145-4abf-870a-167f7b897ac9->659ebf6d-5767-4313-894f-3fd853d4ec88#79-t1, previous=(t:1, i:14), leaderCommit=10, initializing? false, entries: <empty>
2019-09-19 11:44:59,200 [java.util.concurrent.ThreadPoolExecutor$Worker@62ca102e[State = -1, empty queue]] WARN  server.GrpcLogAppender (GrpcLogAppender.java:timeoutAppendRequest(200)) - 1ef51437-5145-4abf-870a-167f7b897ac9@group-809A4272F2ED->7ab74afe-3a06-48e8-81a5-116c850ada99-GrpcLogAppender: appendEntries Timeout, request=1ef51437-5145-4abf-870a-167f7b897ac9->7ab74afe-3a06-48e8-81a5-116c850ada99#79-t1, previous=(t:1, i:14), leaderCommit=10, initializing? false, entries: <empty>
2019-09-19 11:45:01,037 [grpc-default-executor-1] INFO  client.GrpcClientProtocolClient (GrpcClientProtocolClient.java:onNext(264)) - client-F41086007F95->659ebf6d-5767-4313-894f-3fd853d4ec88: receive RaftClientReply:client-F41086007F95->659ebf6d-5767-4313-894f-3fd853d4ec88@group-809A4272F2ED, cid=21, FAILED org.apache.ratis.protocol.NotLeaderException: Server 659ebf6d-5767-4313-894f-3fd853d4ec88@group-809A4272F2ED is not the leader 1ef51437-5145-4abf-870a-167f7b897ac9:192.168.34.13:41893, logIndex=0, commits[659ebf6d-5767-4313-894f-3fd853d4ec88:c10, 1ef51437-5145-4abf-870a-167f7b897ac9:c10, 7ab74afe-3a06-48e8-81a5-116c850ada99:c6]
2019-09-19 11:45:01,195 [org.apache.ratis.server.impl.LogAppender$AppenderDaemon$$Lambda$510/992966066@7db14276] ERROR ratis.XceiverServerRatis (XceiverServerRatis.java:triggerPipelineClose(568)) - pipeline Action CLOSE  on pipeline PipelineID=ce8030db-de7e-4328-b2f9-809a4272f2ed.Reason : 1ef51437-5145-4abf-870a-167f7b897ac9 has not seen follower/s 659ebf6d-5767-4313-894f-3fd853d4ec88 for 167381ms 7ab74afe-3a06-48e8-81a5-116c850ada99 for 167379ms
2019-09-19 11:45:01,201 [org.apache.ratis.server.impl.LogAppender$AppenderDaemon$$Lambda$510/992966066@121685a4] ERROR ratis.XceiverServerRatis (XceiverServerRatis.java:triggerPipelineClose(568)) - pipeline Action CLOSE  on pipeline PipelineID=ce8030db-de7e-4328-b2f9-809a4272f2ed.Reason : 1ef51437-5145-4abf-870a-167f7b897ac9 has not seen follower/s 659ebf6d-5767-4313-894f-3fd853d4ec88 for 167387ms 7ab74afe-3a06-48e8-81a5-116c850ada99 for 167386ms
2019-09-19 11:45:01,694 [java.util.concurrent.ThreadPoolExecutor$Worker@1e3d8202[State = -1, empty queue]] WARN  server.GrpcLogAppender (GrpcLogAppender.java:timeoutAppendRequest(200)) - 1ef51437-5145-4abf-870a-167f7b897ac9@group-809A4272F2ED->659ebf6d-5767-4313-894f-3fd853d4ec88-GrpcLogAppender: appendEntries Timeout, request=1ef51437-5145-4abf-870a-167f7b897ac9->659ebf6d-5767-4313-894f-3fd853d4ec88#80-t1, previous=(t:1, i:14), leaderCommit=10, initializing? false, entries: <empty>
2019-09-19 11:45:01,701 [java.util.concurrent.ThreadPoolExecutor$Worker@62ca102e[State = -1, empty queue]] WARN  server.GrpcLogAppender (GrpcLogAppender.java:timeoutAppendRequest(200)) - 1ef51437-5145-4abf-870a-167f7b897ac9@group-809A4272F2ED->7ab74afe-3a06-48e8-81a5-116c850ada99-GrpcLogAppender: appendEntries Timeout, request=1ef51437-5145-4abf-870a-167f7b897ac9->7ab74afe-3a06-48e8-81a5-116c850ada99#80-t1, previous=(t:1, i:14), leaderCommit=10, initializing? false, entries: <empty>
2019-09-19 11:45:02,176 [EventQueue-PipelineActionsForPipelineActionHandler] ERROR pipeline.PipelineActionHandler (PipelineActionHandler.java:onMessage(60)) - Received pipeline action CLOSE for Pipeline[ Id: ce8030db-de7e-4328-b2f9-809a4272f2ed, Nodes: 659ebf6d-5767-4313-894f-3fd853d4ec88{ip: 192.168.34.13, host: pr-hdds-2153-g484h-410672627, networkLocation: /default-rack, certSerialId: null}1ef51437-5145-4abf-870a-167f7b897ac9{ip: 192.168.34.13, host: pr-hdds-2153-g484h-410672627, networkLocation: /default-rack, certSerialId: null}7ab74afe-3a06-48e8-81a5-116c850ada99{ip: 192.168.34.13, host: pr-hdds-2153-g484h-410672627, networkLocation: /default-rack, certSerialId: null}, Type:RATIS, Factor:THREE, State:CLOSED] from datanode 1ef51437-5145-4abf-870a-167f7b897ac9{ip: 192.168.34.13, host: pr-hdds-2153-g484h-410672627, networkLocation: /default-rack, certSerialId: null}. Reason : 1ef51437-5145-4abf-870a-167f7b897ac9 has not seen follower/s 659ebf6d-5767-4313-894f-3fd853d4ec88 for 167381ms 7ab74afe-3a06-48e8-81a5-116c850ada99 for 167379ms
2019-09-19 11:45:02,176 [EventQueue-PipelineActionsForPipelineActionHandler] INFO  pipeline.SCMPipelineManager (SCMPipelineManager.java:finalizeAndDestroyPipeline(311)) - destroying pipeline:Pipeline[ Id: ce8030db-de7e-4328-b2f9-809a4272f2ed, Nodes: 659ebf6d-5767-4313-894f-3fd853d4ec88{ip: 192.168.34.13, host: pr-hdds-2153-g484h-410672627, networkLocation: /default-rack, certSerialId: null}1ef51437-5145-4abf-870a-167f7b897ac9{ip: 192.168.34.13, host: pr-hdds-2153-g484h-410672627, networkLocation: /default-rack, certSerialId: null}7ab74afe-3a06-48e8-81a5-116c850ada99{ip: 192.168.34.13, host: pr-hdds-2153-g484h-410672627, networkLocation: /default-rack, certSerialId: null}, Type:RATIS, Factor:THREE, State:CLOSED]
2019-09-19 11:45:03,696 [org.apache.ratis.server.impl.LogAppender$AppenderDaemon$$Lambda$510/992966066@7db14276] ERROR ratis.XceiverServerRatis (XceiverServerRatis.java:triggerPipelineClose(568)) - pipeline Action CLOSE  on pipeline PipelineID=ce8030db-de7e-4328-b2f9-809a4272f2ed.Reason : 1ef51437-5145-4abf-870a-167f7b897ac9 has not seen follower/s 659ebf6d-5767-4313-894f-3fd853d4ec88 for 169882ms 7ab74afe-3a06-48e8-81a5-116c850ada99 for 169880ms
2019-09-19 11:45:03,702 [org.apache.ratis.server.impl.LogAppender$AppenderDaemon$$Lambda$510/992966066@121685a4] ERROR ratis.XceiverServerRatis (XceiverServerRatis.java:triggerPipelineClose(568)) - pipeline Action CLOSE  on pipeline PipelineID=ce8030db-de7e-4328-b2f9-809a4272f2ed.Reason : 1ef51437-5145-4abf-870a-167f7b897ac9 has not seen follower/s 659ebf6d-5767-4313-894f-3fd853d4ec88 for 169888ms 7ab74afe-3a06-48e8-81a5-116c850ada99 for 169886ms
2019-09-19 11:45:04,157 [659ebf6d-5767-4313-894f-3fd853d4ec88@group-809A4272F2ED-SegmentedRaftLogWorker] WARN  segmented.SegmentedRaftLogWorker (SegmentedRaftLogWorker.java:getFromFuture(90)) - Timeout 16/~
org.apache.ratis.protocol.TimeoutIOException: Timeout 10s: WriteLog:12: (t:1, i:12), STATEMACHINELOGENTRY, client-F41086007F95, cid=22-writeStateMachineData
	at org.apache.ratis.util.IOUtils.getFromFuture(IOUtils.java:87)
	at org.apache.ratis.server.raftlog.segmented.SegmentedRaftLogWorker$StateMachineDataPolicy.getFromFuture(SegmentedRaftLogWorker.java:87)
	at org.apache.ratis.server.raftlog.segmented.SegmentedRaftLogWorker$WriteLog.execute(SegmentedRaftLogWorker.java:477)
	at org.apache.ratis.server.raftlog.segmented.SegmentedRaftLogWorker.run(SegmentedRaftLogWorker.java:289)
	at java.lang.Thread.run(Thread.java:748)
Caused by: java.util.concurrent.TimeoutException
	at java.util.concurrent.CompletableFuture.timedGet(CompletableFuture.java:1771)
	at java.util.concurrent.CompletableFuture.get(CompletableFuture.java:1915)
	at org.apache.ratis.util.IOUtils.getFromFuture(IOUtils.java:79)
	... 4 more
2019-09-19 11:45:04,176 [EventQueue-PipelineActionsForPipelineActionHandler] ERROR pipeline.PipelineActionHandler (PipelineActionHandler.java:onMessage(60)) - Received pipeline action CLOSE for Pipeline[ Id: ce8030db-de7e-4328-b2f9-809a4272f2ed, Nodes: 659ebf6d-5767-4313-894f-3fd853d4ec88{ip: 192.168.34.13, host: pr-hdds-2153-g484h-410672627, networkLocation: /default-rack, certSerialId: null}1ef51437-5145-4abf-870a-167f7b897ac9{ip: 192.168.34.13, host: pr-hdds-2153-g484h-410672627, networkLocation: /default-rack, certSerialId: null}7ab74afe-3a06-48e8-81a5-116c850ada99{ip: 192.168.34.13, host: pr-hdds-2153-g484h-410672627, networkLocation: /default-rack, certSerialId: null}, Type:RATIS, Factor:THREE, State:CLOSED] from datanode 1ef51437-5145-4abf-870a-167f7b897ac9{ip: 192.168.34.13, host: pr-hdds-2153-g484h-410672627, networkLocation: /default-rack, certSerialId: null}. Reason : 1ef51437-5145-4abf-870a-167f7b897ac9 has not seen follower/s 659ebf6d-5767-4313-894f-3fd853d4ec88 for 169882ms 7ab74afe-3a06-48e8-81a5-116c850ada99 for 169880ms
2019-09-19 11:45:04,176 [EventQueue-PipelineActionsForPipelineActionHandler] INFO  pipeline.SCMPipelineManager (SCMPipelineManager.java:finalizeAndDestroyPipeline(311)) - destroying pipeline:Pipeline[ Id: ce8030db-de7e-4328-b2f9-809a4272f2ed, Nodes: 659ebf6d-5767-4313-894f-3fd853d4ec88{ip: 192.168.34.13, host: pr-hdds-2153-g484h-410672627, networkLocation: /default-rack, certSerialId: null}1ef51437-5145-4abf-870a-167f7b897ac9{ip: 192.168.34.13, host: pr-hdds-2153-g484h-410672627, networkLocation: /default-rack, certSerialId: null}7ab74afe-3a06-48e8-81a5-116c850ada99{ip: 192.168.34.13, host: pr-hdds-2153-g484h-410672627, networkLocation: /default-rack, certSerialId: null}, Type:RATIS, Factor:THREE, State:CLOSED]
2019-09-19 11:45:04,186 [7ab74afe-3a06-48e8-81a5-116c850ada99@group-809A4272F2ED-SegmentedRaftLogWorker] WARN  segmented.SegmentedRaftLogWorker (SegmentedRaftLogWorker.java:getFromFuture(90)) - Timeout 16/~
org.apache.ratis.protocol.TimeoutIOException: Timeout 10s: WriteLog:12: (t:1, i:12), STATEMACHINELOGENTRY, client-F41086007F95, cid=22-writeStateMachineData
	at org.apache.ratis.util.IOUtils.getFromFuture(IOUtils.java:87)
	at org.apache.ratis.server.raftlog.segmented.SegmentedRaftLogWorker$StateMachineDataPolicy.getFromFuture(SegmentedRaftLogWorker.java:87)
	at org.apache.ratis.server.raftlog.segmented.SegmentedRaftLogWorker$WriteLog.execute(SegmentedRaftLogWorker.java:477)
	at org.apache.ratis.server.raftlog.segmented.SegmentedRaftLogWorker.run(SegmentedRaftLogWorker.java:289)
	at java.lang.Thread.run(Thread.java:748)
Caused by: java.util.concurrent.TimeoutException
	at java.util.concurrent.CompletableFuture.timedGet(CompletableFuture.java:1771)
	at java.util.concurrent.CompletableFuture.get(CompletableFuture.java:1915)
	at org.apache.ratis.util.IOUtils.getFromFuture(IOUtils.java:79)
	... 4 more
2019-09-19 11:45:04,195 [java.util.concurrent.ThreadPoolExecutor$Worker@1e3d8202[State = -1, empty queue]] WARN  server.GrpcLogAppender (GrpcLogAppender.java:timeoutAppendRequest(200)) - 1ef51437-5145-4abf-870a-167f7b897ac9@group-809A4272F2ED->659ebf6d-5767-4313-894f-3fd853d4ec88-GrpcLogAppender: appendEntries Timeout, request=1ef51437-5145-4abf-870a-167f7b897ac9->659ebf6d-5767-4313-894f-3fd853d4ec88#81-t1, previous=(t:1, i:14), leaderCommit=10, initializing? false, entries: <empty>
2019-09-19 11:45:04,201 [java.util.concurrent.ThreadPoolExecutor$Worker@62ca102e[State = -1, empty queue]] WARN  server.GrpcLogAppender (GrpcLogAppender.java:timeoutAppendRequest(200)) - 1ef51437-5145-4abf-870a-167f7b897ac9@group-809A4272F2ED->7ab74afe-3a06-48e8-81a5-116c850ada99-GrpcLogAppender: appendEntries Timeout, request=1ef51437-5145-4abf-870a-167f7b897ac9->7ab74afe-3a06-48e8-81a5-116c850ada99#81-t1, previous=(t:1, i:14), leaderCommit=10, initializing? false, entries: <empty>
2019-09-19 11:45:06,100 [grpc-default-executor-0] INFO  client.GrpcClientProtocolClient (GrpcClientProtocolClient.java:onNext(264)) - client-F41086007F95->659ebf6d-5767-4313-894f-3fd853d4ec88: receive RaftClientReply:client-F41086007F95->659ebf6d-5767-4313-894f-3fd853d4ec88@group-809A4272F2ED, cid=21, FAILED org.apache.ratis.protocol.NotLeaderException: Server 659ebf6d-5767-4313-894f-3fd853d4ec88@group-809A4272F2ED is not the leader 1ef51437-5145-4abf-870a-167f7b897ac9:192.168.34.13:41893, logIndex=0, commits[659ebf6d-5767-4313-894f-3fd853d4ec88:c10, 1ef51437-5145-4abf-870a-167f7b897ac9:c10, 7ab74afe-3a06-48e8-81a5-116c850ada99:c6]
2019-09-19 11:45:06,197 [org.apache.ratis.server.impl.LogAppender$AppenderDaemon$$Lambda$510/992966066@7db14276] ERROR ratis.XceiverServerRatis (XceiverServerRatis.java:triggerPipelineClose(568)) - pipeline Action CLOSE  on pipeline PipelineID=ce8030db-de7e-4328-b2f9-809a4272f2ed.Reason : 1ef51437-5145-4abf-870a-167f7b897ac9 has not seen follower/s 659ebf6d-5767-4313-894f-3fd853d4ec88 for 172383ms 7ab74afe-3a06-48e8-81a5-116c850ada99 for 172381ms
2019-09-19 11:45:06,203 [org.apache.ratis.server.impl.LogAppender$AppenderDaemon$$Lambda$510/992966066@121685a4] ERROR ratis.XceiverServerRatis (XceiverServerRatis.java:triggerPipelineClose(568)) - pipeline Action CLOSE  on pipeline PipelineID=ce8030db-de7e-4328-b2f9-809a4272f2ed.Reason : 1ef51437-5145-4abf-870a-167f7b897ac9 has not seen follower/s 659ebf6d-5767-4313-894f-3fd853d4ec88 for 172388ms 7ab74afe-3a06-48e8-81a5-116c850ada99 for 172387ms
2019-09-19 11:45:06,696 [java.util.concurrent.ThreadPoolExecutor$Worker@1e3d8202[State = -1, empty queue]] WARN  server.GrpcLogAppender (GrpcLogAppender.java:timeoutAppendRequest(200)) - 1ef51437-5145-4abf-870a-167f7b897ac9@group-809A4272F2ED->659ebf6d-5767-4313-894f-3fd853d4ec88-GrpcLogAppender: appendEntries Timeout, request=1ef51437-5145-4abf-870a-167f7b897ac9->659ebf6d-5767-4313-894f-3fd853d4ec88#82-t1, previous=(t:1, i:14), leaderCommit=10, initializing? false, entries: <empty>
2019-09-19 11:45:06,702 [java.util.concurrent.ThreadPoolExecutor$Worker@62ca102e[State = -1, empty queue]] WARN  server.GrpcLogAppender (GrpcLogAppender.java:timeoutAppendRequest(200)) - 1ef51437-5145-4abf-870a-167f7b897ac9@group-809A4272F2ED->7ab74afe-3a06-48e8-81a5-116c850ada99-GrpcLogAppender: appendEntries Timeout, request=1ef51437-5145-4abf-870a-167f7b897ac9->7ab74afe-3a06-48e8-81a5-116c850ada99#82-t1, previous=(t:1, i:14), leaderCommit=10, initializing? false, entries: <empty>
2019-09-19 11:45:07,176 [EventQueue-PipelineActionsForPipelineActionHandler] ERROR pipeline.PipelineActionHandler (PipelineActionHandler.java:onMessage(60)) - Received pipeline action CLOSE for Pipeline[ Id: ce8030db-de7e-4328-b2f9-809a4272f2ed, Nodes: 659ebf6d-5767-4313-894f-3fd853d4ec88{ip: 192.168.34.13, host: pr-hdds-2153-g484h-410672627, networkLocation: /default-rack, certSerialId: null}1ef51437-5145-4abf-870a-167f7b897ac9{ip: 192.168.34.13, host: pr-hdds-2153-g484h-410672627, networkLocation: /default-rack, certSerialId: null}7ab74afe-3a06-48e8-81a5-116c850ada99{ip: 192.168.34.13, host: pr-hdds-2153-g484h-410672627, networkLocation: /default-rack, certSerialId: null}, Type:RATIS, Factor:THREE, State:CLOSED] from datanode 1ef51437-5145-4abf-870a-167f7b897ac9{ip: 192.168.34.13, host: pr-hdds-2153-g484h-410672627, networkLocation: /default-rack, certSerialId: null}. Reason : 1ef51437-5145-4abf-870a-167f7b897ac9 has not seen follower/s 659ebf6d-5767-4313-894f-3fd853d4ec88 for 172383ms 7ab74afe-3a06-48e8-81a5-116c850ada99 for 172381ms
2019-09-19 11:45:07,176 [EventQueue-PipelineActionsForPipelineActionHandler] INFO  pipeline.SCMPipelineManager (SCMPipelineManager.java:finalizeAndDestroyPipeline(311)) - destroying pipeline:Pipeline[ Id: ce8030db-de7e-4328-b2f9-809a4272f2ed, Nodes: 659ebf6d-5767-4313-894f-3fd853d4ec88{ip: 192.168.34.13, host: pr-hdds-2153-g484h-410672627, networkLocation: /default-rack, certSerialId: null}1ef51437-5145-4abf-870a-167f7b897ac9{ip: 192.168.34.13, host: pr-hdds-2153-g484h-410672627, networkLocation: /default-rack, certSerialId: null}7ab74afe-3a06-48e8-81a5-116c850ada99{ip: 192.168.34.13, host: pr-hdds-2153-g484h-410672627, networkLocation: /default-rack, certSerialId: null}, Type:RATIS, Factor:THREE, State:CLOSED]
2019-09-19 11:45:08,698 [org.apache.ratis.server.impl.LogAppender$AppenderDaemon$$Lambda$510/992966066@7db14276] ERROR ratis.XceiverServerRatis (XceiverServerRatis.java:triggerPipelineClose(568)) - pipeline Action CLOSE  on pipeline PipelineID=ce8030db-de7e-4328-b2f9-809a4272f2ed.Reason : 1ef51437-5145-4abf-870a-167f7b897ac9 has not seen follower/s 659ebf6d-5767-4313-894f-3fd853d4ec88 for 174884ms 7ab74afe-3a06-48e8-81a5-116c850ada99 for 174882ms
2019-09-19 11:45:08,703 [org.apache.ratis.server.impl.LogAppender$AppenderDaemon$$Lambda$510/992966066@121685a4] ERROR ratis.XceiverServerRatis (XceiverServerRatis.java:triggerPipelineClose(568)) - pipeline Action CLOSE  on pipeline PipelineID=ce8030db-de7e-4328-b2f9-809a4272f2ed.Reason : 1ef51437-5145-4abf-870a-167f7b897ac9 has not seen follower/s 659ebf6d-5767-4313-894f-3fd853d4ec88 for 174889ms 7ab74afe-3a06-48e8-81a5-116c850ada99 for 174887ms
2019-09-19 11:45:09,176 [EventQueue-PipelineActionsForPipelineActionHandler] ERROR pipeline.PipelineActionHandler (PipelineActionHandler.java:onMessage(60)) - Received pipeline action CLOSE for Pipeline[ Id: ce8030db-de7e-4328-b2f9-809a4272f2ed, Nodes: 659ebf6d-5767-4313-894f-3fd853d4ec88{ip: 192.168.34.13, host: pr-hdds-2153-g484h-410672627, networkLocation: /default-rack, certSerialId: null}1ef51437-5145-4abf-870a-167f7b897ac9{ip: 192.168.34.13, host: pr-hdds-2153-g484h-410672627, networkLocation: /default-rack, certSerialId: null}7ab74afe-3a06-48e8-81a5-116c850ada99{ip: 192.168.34.13, host: pr-hdds-2153-g484h-410672627, networkLocation: /default-rack, certSerialId: null}, Type:RATIS, Factor:THREE, State:CLOSED] from datanode 1ef51437-5145-4abf-870a-167f7b897ac9{ip: 192.168.34.13, host: pr-hdds-2153-g484h-410672627, networkLocation: /default-rack, certSerialId: null}. Reason : 1ef51437-5145-4abf-870a-167f7b897ac9 has not seen follower/s 659ebf6d-5767-4313-894f-3fd853d4ec88 for 174884ms 7ab74afe-3a06-48e8-81a5-116c850ada99 for 174882ms
2019-09-19 11:45:09,176 [EventQueue-PipelineActionsForPipelineActionHandler] INFO  pipeline.SCMPipelineManager (SCMPipelineManager.java:finalizeAndDestroyPipeline(311)) - destroying pipeline:Pipeline[ Id: ce8030db-de7e-4328-b2f9-809a4272f2ed, Nodes: 659ebf6d-5767-4313-894f-3fd853d4ec88{ip: 192.168.34.13, host: pr-hdds-2153-g484h-410672627, networkLocation: /default-rack, certSerialId: null}1ef51437-5145-4abf-870a-167f7b897ac9{ip: 192.168.34.13, host: pr-hdds-2153-g484h-410672627, networkLocation: /default-rack, certSerialId: null}7ab74afe-3a06-48e8-81a5-116c850ada99{ip: 192.168.34.13, host: pr-hdds-2153-g484h-410672627, networkLocation: /default-rack, certSerialId: null}, Type:RATIS, Factor:THREE, State:CLOSED]
2019-09-19 11:45:09,197 [java.util.concurrent.ThreadPoolExecutor$Worker@1e3d8202[State = -1, empty queue]] WARN  server.GrpcLogAppender (GrpcLogAppender.java:timeoutAppendRequest(200)) - 1ef51437-5145-4abf-870a-167f7b897ac9@group-809A4272F2ED->659ebf6d-5767-4313-894f-3fd853d4ec88-GrpcLogAppender: appendEntries Timeout, request=1ef51437-5145-4abf-870a-167f7b897ac9->659ebf6d-5767-4313-894f-3fd853d4ec88#83-t1, previous=(t:1, i:14), leaderCommit=10, initializing? false, entries: <empty>
2019-09-19 11:45:09,203 [java.util.concurrent.ThreadPoolExecutor$Worker@62ca102e[State = -1, empty queue]] WARN  server.GrpcLogAppender (GrpcLogAppender.java:timeoutAppendRequest(200)) - 1ef51437-5145-4abf-870a-167f7b897ac9@group-809A4272F2ED->7ab74afe-3a06-48e8-81a5-116c850ada99-GrpcLogAppender: appendEntries Timeout, request=1ef51437-5145-4abf-870a-167f7b897ac9->7ab74afe-3a06-48e8-81a5-116c850ada99#83-t1, previous=(t:1, i:14), leaderCommit=10, initializing? false, entries: <empty>
2019-09-19 11:45:11,174 [grpc-default-executor-1] INFO  client.GrpcClientProtocolClient (GrpcClientProtocolClient.java:onNext(264)) - client-F41086007F95->7ab74afe-3a06-48e8-81a5-116c850ada99: receive RaftClientReply:client-F41086007F95->7ab74afe-3a06-48e8-81a5-116c850ada99@group-809A4272F2ED, cid=21, FAILED org.apache.ratis.protocol.NotLeaderException: Server 7ab74afe-3a06-48e8-81a5-116c850ada99@group-809A4272F2ED is not the leader 1ef51437-5145-4abf-870a-167f7b897ac9:192.168.34.13:41893, logIndex=0, commits[7ab74afe-3a06-48e8-81a5-116c850ada99:c10, 659ebf6d-5767-4313-894f-3fd853d4ec88:c6, 1ef51437-5145-4abf-870a-167f7b897ac9:c10]
2019-09-19 11:45:11,199 [org.apache.ratis.server.impl.LogAppender$AppenderDaemon$$Lambda$510/992966066@7db14276] ERROR ratis.XceiverServerRatis (XceiverServerRatis.java:triggerPipelineClose(568)) - pipeline Action CLOSE  on pipeline PipelineID=ce8030db-de7e-4328-b2f9-809a4272f2ed.Reason : 1ef51437-5145-4abf-870a-167f7b897ac9 has not seen follower/s 659ebf6d-5767-4313-894f-3fd853d4ec88 for 177385ms 7ab74afe-3a06-48e8-81a5-116c850ada99 for 177383ms
2019-09-19 11:45:11,204 [org.apache.ratis.server.impl.LogAppender$AppenderDaemon$$Lambda$510/992966066@121685a4] ERROR ratis.XceiverServerRatis (XceiverServerRatis.java:triggerPipelineClose(568)) - pipeline Action CLOSE  on pipeline PipelineID=ce8030db-de7e-4328-b2f9-809a4272f2ed.Reason : 1ef51437-5145-4abf-870a-167f7b897ac9 has not seen follower/s 659ebf6d-5767-4313-894f-3fd853d4ec88 for 177390ms 7ab74afe-3a06-48e8-81a5-116c850ada99 for 177388ms
2019-09-19 11:45:11,698 [java.util.concurrent.ThreadPoolExecutor$Worker@1e3d8202[State = -1, empty queue]] WARN  server.GrpcLogAppender (GrpcLogAppender.java:timeoutAppendRequest(200)) - 1ef51437-5145-4abf-870a-167f7b897ac9@group-809A4272F2ED->659ebf6d-5767-4313-894f-3fd853d4ec88-GrpcLogAppender: appendEntries Timeout, request=1ef51437-5145-4abf-870a-167f7b897ac9->659ebf6d-5767-4313-894f-3fd853d4ec88#84-t1, previous=(t:1, i:14), leaderCommit=10, initializing? false, entries: <empty>
2019-09-19 11:45:11,703 [java.util.concurrent.ThreadPoolExecutor$Worker@62ca102e[State = -1, empty queue]] WARN  server.GrpcLogAppender (GrpcLogAppender.java:timeoutAppendRequest(200)) - 1ef51437-5145-4abf-870a-167f7b897ac9@group-809A4272F2ED->7ab74afe-3a06-48e8-81a5-116c850ada99-GrpcLogAppender: appendEntries Timeout, request=1ef51437-5145-4abf-870a-167f7b897ac9->7ab74afe-3a06-48e8-81a5-116c850ada99#84-t1, previous=(t:1, i:14), leaderCommit=10, initializing? false, entries: <empty>
2019-09-19 11:45:12,184 [EventQueue-PipelineActionsForPipelineActionHandler] ERROR pipeline.PipelineActionHandler (PipelineActionHandler.java:onMessage(60)) - Received pipeline action CLOSE for Pipeline[ Id: ce8030db-de7e-4328-b2f9-809a4272f2ed, Nodes: 659ebf6d-5767-4313-894f-3fd853d4ec88{ip: 192.168.34.13, host: pr-hdds-2153-g484h-410672627, networkLocation: /default-rack, certSerialId: null}1ef51437-5145-4abf-870a-167f7b897ac9{ip: 192.168.34.13, host: pr-hdds-2153-g484h-410672627, networkLocation: /default-rack, certSerialId: null}7ab74afe-3a06-48e8-81a5-116c850ada99{ip: 192.168.34.13, host: pr-hdds-2153-g484h-410672627, networkLocation: /default-rack, certSerialId: null}, Type:RATIS, Factor:THREE, State:CLOSED] from datanode 1ef51437-5145-4abf-870a-167f7b897ac9{ip: 192.168.34.13, host: pr-hdds-2153-g484h-410672627, networkLocation: /default-rack, certSerialId: null}. Reason : 1ef51437-5145-4abf-870a-167f7b897ac9 has not seen follower/s 659ebf6d-5767-4313-894f-3fd853d4ec88 for 177385ms 7ab74afe-3a06-48e8-81a5-116c850ada99 for 177383ms
2019-09-19 11:45:12,184 [EventQueue-PipelineActionsForPipelineActionHandler] INFO  pipeline.SCMPipelineManager (SCMPipelineManager.java:finalizeAndDestroyPipeline(311)) - destroying pipeline:Pipeline[ Id: ce8030db-de7e-4328-b2f9-809a4272f2ed, Nodes: 659ebf6d-5767-4313-894f-3fd853d4ec88{ip: 192.168.34.13, host: pr-hdds-2153-g484h-410672627, networkLocation: /default-rack, certSerialId: null}1ef51437-5145-4abf-870a-167f7b897ac9{ip: 192.168.34.13, host: pr-hdds-2153-g484h-410672627, networkLocation: /default-rack, certSerialId: null}7ab74afe-3a06-48e8-81a5-116c850ada99{ip: 192.168.34.13, host: pr-hdds-2153-g484h-410672627, networkLocation: /default-rack, certSerialId: null}, Type:RATIS, Factor:THREE, State:CLOSED]
2019-09-19 11:45:13,701 [org.apache.ratis.server.impl.LogAppender$AppenderDaemon$$Lambda$510/992966066@7db14276] ERROR ratis.XceiverServerRatis (XceiverServerRatis.java:triggerPipelineClose(568)) - pipeline Action CLOSE  on pipeline PipelineID=ce8030db-de7e-4328-b2f9-809a4272f2ed.Reason : 1ef51437-5145-4abf-870a-167f7b897ac9 has not seen follower/s 659ebf6d-5767-4313-894f-3fd853d4ec88 for 179886ms 7ab74afe-3a06-48e8-81a5-116c850ada99 for 179885ms
2019-09-19 11:45:13,705 [org.apache.ratis.server.impl.LogAppender$AppenderDaemon$$Lambda$510/992966066@121685a4] ERROR ratis.XceiverServerRatis (XceiverServerRatis.java:triggerPipelineClose(568)) - pipeline Action CLOSE  on pipeline PipelineID=ce8030db-de7e-4328-b2f9-809a4272f2ed.Reason : 1ef51437-5145-4abf-870a-167f7b897ac9 has not seen follower/s 659ebf6d-5767-4313-894f-3fd853d4ec88 for 179890ms 7ab74afe-3a06-48e8-81a5-116c850ada99 for 179889ms
2019-09-19 11:45:14,159 [659ebf6d-5767-4313-894f-3fd853d4ec88@group-809A4272F2ED-SegmentedRaftLogWorker] WARN  segmented.SegmentedRaftLogWorker (SegmentedRaftLogWorker.java:getFromFuture(90)) - Timeout 17/~
org.apache.ratis.protocol.TimeoutIOException: Timeout 10s: WriteLog:12: (t:1, i:12), STATEMACHINELOGENTRY, client-F41086007F95, cid=22-writeStateMachineData
	at org.apache.ratis.util.IOUtils.getFromFuture(IOUtils.java:87)
	at org.apache.ratis.server.raftlog.segmented.SegmentedRaftLogWorker$StateMachineDataPolicy.getFromFuture(SegmentedRaftLogWorker.java:87)
	at org.apache.ratis.server.raftlog.segmented.SegmentedRaftLogWorker$WriteLog.execute(SegmentedRaftLogWorker.java:477)
	at org.apache.ratis.server.raftlog.segmented.SegmentedRaftLogWorker.run(SegmentedRaftLogWorker.java:289)
	at java.lang.Thread.run(Thread.java:748)
Caused by: java.util.concurrent.TimeoutException
	at java.util.concurrent.CompletableFuture.timedGet(CompletableFuture.java:1771)
	at java.util.concurrent.CompletableFuture.get(CompletableFuture.java:1915)
	at org.apache.ratis.util.IOUtils.getFromFuture(IOUtils.java:79)
	... 4 more
2019-09-19 11:45:14,185 [EventQueue-PipelineActionsForPipelineActionHandler] ERROR pipeline.PipelineActionHandler (PipelineActionHandler.java:onMessage(60)) - Received pipeline action CLOSE for Pipeline[ Id: ce8030db-de7e-4328-b2f9-809a4272f2ed, Nodes: 659ebf6d-5767-4313-894f-3fd853d4ec88{ip: 192.168.34.13, host: pr-hdds-2153-g484h-410672627, networkLocation: /default-rack, certSerialId: null}1ef51437-5145-4abf-870a-167f7b897ac9{ip: 192.168.34.13, host: pr-hdds-2153-g484h-410672627, networkLocation: /default-rack, certSerialId: null}7ab74afe-3a06-48e8-81a5-116c850ada99{ip: 192.168.34.13, host: pr-hdds-2153-g484h-410672627, networkLocation: /default-rack, certSerialId: null}, Type:RATIS, Factor:THREE, State:CLOSED] from datanode 1ef51437-5145-4abf-870a-167f7b897ac9{ip: 192.168.34.13, host: pr-hdds-2153-g484h-410672627, networkLocation: /default-rack, certSerialId: null}. Reason : 1ef51437-5145-4abf-870a-167f7b897ac9 has not seen follower/s 659ebf6d-5767-4313-894f-3fd853d4ec88 for 179886ms 7ab74afe-3a06-48e8-81a5-116c850ada99 for 179885ms
2019-09-19 11:45:14,185 [EventQueue-PipelineActionsForPipelineActionHandler] INFO  pipeline.SCMPipelineManager (SCMPipelineManager.java:finalizeAndDestroyPipeline(311)) - destroying pipeline:Pipeline[ Id: ce8030db-de7e-4328-b2f9-809a4272f2ed, Nodes: 659ebf6d-5767-4313-894f-3fd853d4ec88{ip: 192.168.34.13, host: pr-hdds-2153-g484h-410672627, networkLocation: /default-rack, certSerialId: null}1ef51437-5145-4abf-870a-167f7b897ac9{ip: 192.168.34.13, host: pr-hdds-2153-g484h-410672627, networkLocation: /default-rack, certSerialId: null}7ab74afe-3a06-48e8-81a5-116c850ada99{ip: 192.168.34.13, host: pr-hdds-2153-g484h-410672627, networkLocation: /default-rack, certSerialId: null}, Type:RATIS, Factor:THREE, State:CLOSED]
2019-09-19 11:45:14,194 [7ab74afe-3a06-48e8-81a5-116c850ada99@group-809A4272F2ED-SegmentedRaftLogWorker] WARN  segmented.SegmentedRaftLogWorker (SegmentedRaftLogWorker.java:getFromFuture(90)) - Timeout 17/~
org.apache.ratis.protocol.TimeoutIOException: Timeout 10s: WriteLog:12: (t:1, i:12), STATEMACHINELOGENTRY, client-F41086007F95, cid=22-writeStateMachineData
	at org.apache.ratis.util.IOUtils.getFromFuture(IOUtils.java:87)
	at org.apache.ratis.server.raftlog.segmented.SegmentedRaftLogWorker$StateMachineDataPolicy.getFromFuture(SegmentedRaftLogWorker.java:87)
	at org.apache.ratis.server.raftlog.segmented.SegmentedRaftLogWorker$WriteLog.execute(SegmentedRaftLogWorker.java:477)
	at org.apache.ratis.server.raftlog.segmented.SegmentedRaftLogWorker.run(SegmentedRaftLogWorker.java:289)
	at java.lang.Thread.run(Thread.java:748)
Caused by: java.util.concurrent.TimeoutException
	at java.util.concurrent.CompletableFuture.timedGet(CompletableFuture.java:1771)
	at java.util.concurrent.CompletableFuture.get(CompletableFuture.java:1915)
	at org.apache.ratis.util.IOUtils.getFromFuture(IOUtils.java:79)
	... 4 more
2019-09-19 11:45:14,199 [java.util.concurrent.ThreadPoolExecutor$Worker@1e3d8202[State = -1, empty queue]] WARN  server.GrpcLogAppender (GrpcLogAppender.java:timeoutAppendRequest(200)) - 1ef51437-5145-4abf-870a-167f7b897ac9@group-809A4272F2ED->659ebf6d-5767-4313-894f-3fd853d4ec88-GrpcLogAppender: appendEntries Timeout, request=1ef51437-5145-4abf-870a-167f7b897ac9->659ebf6d-5767-4313-894f-3fd853d4ec88#85-t1, previous=(t:1, i:14), leaderCommit=10, initializing? false, entries: <empty>
2019-09-19 11:45:14,204 [java.util.concurrent.ThreadPoolExecutor$Worker@62ca102e[State = -1, empty queue]] WARN  server.GrpcLogAppender (GrpcLogAppender.java:timeoutAppendRequest(200)) - 1ef51437-5145-4abf-870a-167f7b897ac9@group-809A4272F2ED->7ab74afe-3a06-48e8-81a5-116c850ada99-GrpcLogAppender: appendEntries Timeout, request=1ef51437-5145-4abf-870a-167f7b897ac9->7ab74afe-3a06-48e8-81a5-116c850ada99#85-t1, previous=(t:1, i:14), leaderCommit=10, initializing? false, entries: <empty>
2019-09-19 11:45:16,202 [org.apache.ratis.server.impl.LogAppender$AppenderDaemon$$Lambda$510/992966066@7db14276] ERROR ratis.XceiverServerRatis (XceiverServerRatis.java:triggerPipelineClose(568)) - pipeline Action CLOSE  on pipeline PipelineID=ce8030db-de7e-4328-b2f9-809a4272f2ed.Reason : 1ef51437-5145-4abf-870a-167f7b897ac9 has not seen follower/s 659ebf6d-5767-4313-894f-3fd853d4ec88 for 182387ms 7ab74afe-3a06-48e8-81a5-116c850ada99 for 182386ms
2019-09-19 11:45:16,205 [org.apache.ratis.server.impl.LogAppender$AppenderDaemon$$Lambda$510/992966066@121685a4] ERROR ratis.XceiverServerRatis (XceiverServerRatis.java:triggerPipelineClose(568)) - pipeline Action CLOSE  on pipeline PipelineID=ce8030db-de7e-4328-b2f9-809a4272f2ed.Reason : 1ef51437-5145-4abf-870a-167f7b897ac9 has not seen follower/s 659ebf6d-5767-4313-894f-3fd853d4ec88 for 182391ms 7ab74afe-3a06-48e8-81a5-116c850ada99 for 182390ms
2019-09-19 11:45:16,248 [grpc-default-executor-5] INFO  client.GrpcClientProtocolClient (GrpcClientProtocolClient.java:onNext(264)) - client-F41086007F95->7ab74afe-3a06-48e8-81a5-116c850ada99: receive RaftClientReply:client-F41086007F95->7ab74afe-3a06-48e8-81a5-116c850ada99@group-809A4272F2ED, cid=21, FAILED org.apache.ratis.protocol.NotLeaderException: Server 7ab74afe-3a06-48e8-81a5-116c850ada99@group-809A4272F2ED is not the leader 1ef51437-5145-4abf-870a-167f7b897ac9:192.168.34.13:41893, logIndex=0, commits[7ab74afe-3a06-48e8-81a5-116c850ada99:c10, 659ebf6d-5767-4313-894f-3fd853d4ec88:c6, 1ef51437-5145-4abf-870a-167f7b897ac9:c10]
2019-09-19 11:45:16,700 [java.util.concurrent.ThreadPoolExecutor$Worker@1e3d8202[State = -1, empty queue]] WARN  server.GrpcLogAppender (GrpcLogAppender.java:timeoutAppendRequest(200)) - 1ef51437-5145-4abf-870a-167f7b897ac9@group-809A4272F2ED->659ebf6d-5767-4313-894f-3fd853d4ec88-GrpcLogAppender: appendEntries Timeout, request=1ef51437-5145-4abf-870a-167f7b897ac9->659ebf6d-5767-4313-894f-3fd853d4ec88#86-t1, previous=(t:1, i:14), leaderCommit=10, initializing? false, entries: <empty>
2019-09-19 11:45:16,705 [java.util.concurrent.ThreadPoolExecutor$Worker@62ca102e[State = -1, empty queue]] WARN  server.GrpcLogAppender (GrpcLogAppender.java:timeoutAppendRequest(200)) - 1ef51437-5145-4abf-870a-167f7b897ac9@group-809A4272F2ED->7ab74afe-3a06-48e8-81a5-116c850ada99-GrpcLogAppender: appendEntries Timeout, request=1ef51437-5145-4abf-870a-167f7b897ac9->7ab74afe-3a06-48e8-81a5-116c850ada99#86-t1, previous=(t:1, i:14), leaderCommit=10, initializing? false, entries: <empty>
2019-09-19 11:45:17,187 [EventQueue-PipelineActionsForPipelineActionHandler] ERROR pipeline.PipelineActionHandler (PipelineActionHandler.java:onMessage(60)) - Received pipeline action CLOSE for Pipeline[ Id: ce8030db-de7e-4328-b2f9-809a4272f2ed, Nodes: 659ebf6d-5767-4313-894f-3fd853d4ec88{ip: 192.168.34.13, host: pr-hdds-2153-g484h-410672627, networkLocation: /default-rack, certSerialId: null}1ef51437-5145-4abf-870a-167f7b897ac9{ip: 192.168.34.13, host: pr-hdds-2153-g484h-410672627, networkLocation: /default-rack, certSerialId: null}7ab74afe-3a06-48e8-81a5-116c850ada99{ip: 192.168.34.13, host: pr-hdds-2153-g484h-410672627, networkLocation: /default-rack, certSerialId: null}, Type:RATIS, Factor:THREE, State:CLOSED] from datanode 1ef51437-5145-4abf-870a-167f7b897ac9{ip: 192.168.34.13, host: pr-hdds-2153-g484h-410672627, networkLocation: /default-rack, certSerialId: null}. Reason : 1ef51437-5145-4abf-870a-167f7b897ac9 has not seen follower/s 659ebf6d-5767-4313-894f-3fd853d4ec88 for 182387ms 7ab74afe-3a06-48e8-81a5-116c850ada99 for 182386ms
2019-09-19 11:45:17,188 [EventQueue-PipelineActionsForPipelineActionHandler] INFO  pipeline.SCMPipelineManager (SCMPipelineManager.java:finalizeAndDestroyPipeline(311)) - destroying pipeline:Pipeline[ Id: ce8030db-de7e-4328-b2f9-809a4272f2ed, Nodes: 659ebf6d-5767-4313-894f-3fd853d4ec88{ip: 192.168.34.13, host: pr-hdds-2153-g484h-410672627, networkLocation: /default-rack, certSerialId: null}1ef51437-5145-4abf-870a-167f7b897ac9{ip: 192.168.34.13, host: pr-hdds-2153-g484h-410672627, networkLocation: /default-rack, certSerialId: null}7ab74afe-3a06-48e8-81a5-116c850ada99{ip: 192.168.34.13, host: pr-hdds-2153-g484h-410672627, networkLocation: /default-rack, certSerialId: null}, Type:RATIS, Factor:THREE, State:CLOSED]
2019-09-19 11:45:18,702 [org.apache.ratis.server.impl.LogAppender$AppenderDaemon$$Lambda$510/992966066@7db14276] ERROR ratis.XceiverServerRatis (XceiverServerRatis.java:triggerPipelineClose(568)) - pipeline Action CLOSE  on pipeline PipelineID=ce8030db-de7e-4328-b2f9-809a4272f2ed.Reason : 1ef51437-5145-4abf-870a-167f7b897ac9 has not seen follower/s 659ebf6d-5767-4313-894f-3fd853d4ec88 for 184888ms 7ab74afe-3a06-48e8-81a5-116c850ada99 for 184886ms
2019-09-19 11:45:18,706 [org.apache.ratis.server.impl.LogAppender$AppenderDaemon$$Lambda$510/992966066@121685a4] ERROR ratis.XceiverServerRatis (XceiverServerRatis.java:triggerPipelineClose(568)) - pipeline Action CLOSE  on pipeline PipelineID=ce8030db-de7e-4328-b2f9-809a4272f2ed.Reason : 1ef51437-5145-4abf-870a-167f7b897ac9 has not seen follower/s 659ebf6d-5767-4313-894f-3fd853d4ec88 for 184892ms 7ab74afe-3a06-48e8-81a5-116c850ada99 for 184890ms
2019-09-19 11:45:19,185 [EventQueue-PipelineActionsForPipelineActionHandler] ERROR pipeline.PipelineActionHandler (PipelineActionHandler.java:onMessage(60)) - Received pipeline action CLOSE for Pipeline[ Id: ce8030db-de7e-4328-b2f9-809a4272f2ed, Nodes: 659ebf6d-5767-4313-894f-3fd853d4ec88{ip: 192.168.34.13, host: pr-hdds-2153-g484h-410672627, networkLocation: /default-rack, certSerialId: null}1ef51437-5145-4abf-870a-167f7b897ac9{ip: 192.168.34.13, host: pr-hdds-2153-g484h-410672627, networkLocation: /default-rack, certSerialId: null}7ab74afe-3a06-48e8-81a5-116c850ada99{ip: 192.168.34.13, host: pr-hdds-2153-g484h-410672627, networkLocation: /default-rack, certSerialId: null}, Type:RATIS, Factor:THREE, State:CLOSED] from datanode 1ef51437-5145-4abf-870a-167f7b897ac9{ip: 192.168.34.13, host: pr-hdds-2153-g484h-410672627, networkLocation: /default-rack, certSerialId: null}. Reason : 1ef51437-5145-4abf-870a-167f7b897ac9 has not seen follower/s 659ebf6d-5767-4313-894f-3fd853d4ec88 for 184888ms 7ab74afe-3a06-48e8-81a5-116c850ada99 for 184886ms
2019-09-19 11:45:19,185 [EventQueue-PipelineActionsForPipelineActionHandler] INFO  pipeline.SCMPipelineManager (SCMPipelineManager.java:finalizeAndDestroyPipeline(311)) - destroying pipeline:Pipeline[ Id: ce8030db-de7e-4328-b2f9-809a4272f2ed, Nodes: 659ebf6d-5767-4313-894f-3fd853d4ec88{ip: 192.168.34.13, host: pr-hdds-2153-g484h-410672627, networkLocation: /default-rack, certSerialId: null}1ef51437-5145-4abf-870a-167f7b897ac9{ip: 192.168.34.13, host: pr-hdds-2153-g484h-410672627, networkLocation: /default-rack, certSerialId: null}7ab74afe-3a06-48e8-81a5-116c850ada99{ip: 192.168.34.13, host: pr-hdds-2153-g484h-410672627, networkLocation: /default-rack, certSerialId: null}, Type:RATIS, Factor:THREE, State:CLOSED]
2019-09-19 11:45:19,201 [java.util.concurrent.ThreadPoolExecutor$Worker@1e3d8202[State = -1, empty queue]] WARN  server.GrpcLogAppender (GrpcLogAppender.java:timeoutAppendRequest(200)) - 1ef51437-5145-4abf-870a-167f7b897ac9@group-809A4272F2ED->659ebf6d-5767-4313-894f-3fd853d4ec88-GrpcLogAppender: appendEntries Timeout, request=1ef51437-5145-4abf-870a-167f7b897ac9->659ebf6d-5767-4313-894f-3fd853d4ec88#87-t1, previous=(t:1, i:14), leaderCommit=10, initializing? false, entries: <empty>
2019-09-19 11:45:19,205 [java.util.concurrent.ThreadPoolExecutor$Worker@62ca102e[State = -1, empty queue]] WARN  server.GrpcLogAppender (GrpcLogAppender.java:timeoutAppendRequest(200)) - 1ef51437-5145-4abf-870a-167f7b897ac9@group-809A4272F2ED->7ab74afe-3a06-48e8-81a5-116c850ada99-GrpcLogAppender: appendEntries Timeout, request=1ef51437-5145-4abf-870a-167f7b897ac9->7ab74afe-3a06-48e8-81a5-116c850ada99#87-t1, previous=(t:1, i:14), leaderCommit=10, initializing? false, entries: <empty>
2019-09-19 11:45:20,190 [grpc-default-executor-1] INFO  impl.RaftServerProxy (RaftServerProxy.java:remove(95)) - 659ebf6d-5767-4313-894f-3fd853d4ec88: remove  FOLLOWER 659ebf6d-5767-4313-894f-3fd853d4ec88@group-809A4272F2ED:t1, leader=1ef51437-5145-4abf-870a-167f7b897ac9, voted=659ebf6d-5767-4313-894f-3fd853d4ec88, raftlog=659ebf6d-5767-4313-894f-3fd853d4ec88@group-809A4272F2ED-SegmentedRaftLog:OPENED:c10,f10,i14, conf=0: [659ebf6d-5767-4313-894f-3fd853d4ec88:192.168.34.13:36827, 1ef51437-5145-4abf-870a-167f7b897ac9:192.168.34.13:41893, 7ab74afe-3a06-48e8-81a5-116c850ada99:192.168.34.13:36710], old=null RUNNING
2019-09-19 11:45:20,195 [grpc-default-executor-1] INFO  impl.RaftServerImpl (RaftServerImpl.java:lambda$shutdown$3(251)) - 659ebf6d-5767-4313-894f-3fd853d4ec88@group-809A4272F2ED: shutdown
2019-09-19 11:45:20,196 [grpc-default-executor-1] INFO  util.JmxRegister (JmxRegister.java:unregister(73)) - Successfully un-registered JMX Bean with object name Ratis:service=RaftServer,group=group-809A4272F2ED,id=659ebf6d-5767-4313-894f-3fd853d4ec88
2019-09-19 11:45:20,196 [grpc-default-executor-1] INFO  impl.RoleInfo (RoleInfo.java:shutdownFollowerState(121)) - 659ebf6d-5767-4313-894f-3fd853d4ec88: shutdown FollowerState
2019-09-19 11:45:20,196 [grpc-default-executor-1] INFO  impl.StateMachineUpdater (StateMachineUpdater.java:stopAndJoin(125)) - 659ebf6d-5767-4313-894f-3fd853d4ec88@group-809A4272F2ED-StateMachineUpdater: set stopIndex = 10
2019-09-19 11:45:20,196 [Thread-329] INFO  impl.FollowerState (FollowerState.java:run(115)) - 659ebf6d-5767-4313-894f-3fd853d4ec88: FollowerState was interrupted: java.lang.InterruptedException: sleep interrupted
2019-09-19 11:45:20,197 [659ebf6d-5767-4313-894f-3fd853d4ec88@group-809A4272F2ED-StateMachineUpdater] INFO  ratis.ContainerStateMachine (ContainerStateMachine.java:takeSnapshot(289)) - group-809A4272F2ED: Taking a snapshot at:(t:1, i:6) file /workdir/hadoop-ozone/integration-test/target/test-dir/MiniOzoneClusterImpl-d04d1962-5f27-4d60-9b81-88f021023956/datanode-5/data/ratis/ce8030db-de7e-4328-b2f9-809a4272f2ed/sm/snapshot.1_6
2019-09-19 11:45:20,240 [659ebf6d-5767-4313-894f-3fd853d4ec88@group-809A4272F2ED-StateMachineUpdater] INFO  ratis.ContainerStateMachine (ContainerStateMachine.java:takeSnapshot(300)) - group-809A4272F2ED: Finished taking a snapshot at:(t:1, i:6) file:/workdir/hadoop-ozone/integration-test/target/test-dir/MiniOzoneClusterImpl-d04d1962-5f27-4d60-9b81-88f021023956/datanode-5/data/ratis/ce8030db-de7e-4328-b2f9-809a4272f2ed/sm/snapshot.1_6 time:43
2019-09-19 11:45:20,240 [659ebf6d-5767-4313-894f-3fd853d4ec88@group-809A4272F2ED-StateMachineUpdater] INFO  impl.StateMachineUpdater (StateMachineUpdater.java:takeSnapshot(258)) - 659ebf6d-5767-4313-894f-3fd853d4ec88@group-809A4272F2ED-StateMachineUpdater: Took a snapshot at index 6
2019-09-19 11:45:20,243 [659ebf6d-5767-4313-894f-3fd853d4ec88@group-809A4272F2ED-StateMachineUpdater] INFO  impl.StateMachineUpdater (StateMachineUpdater.java:lambda$new$0(83)) - 659ebf6d-5767-4313-894f-3fd853d4ec88@group-809A4272F2ED-StateMachineUpdater: snapshotIndex: updateIncreasingly -1 -> 6
2019-09-19 11:45:20,250 [659ebf6d-5767-4313-894f-3fd853d4ec88@group-809A4272F2ED-StateMachineUpdater] INFO  ratis.ContainerStateMachine (ContainerStateMachine.java:takeSnapshot(289)) - group-809A4272F2ED: Taking a snapshot at:(t:1, i:6) file /workdir/hadoop-ozone/integration-test/target/test-dir/MiniOzoneClusterImpl-d04d1962-5f27-4d60-9b81-88f021023956/datanode-5/data/ratis/ce8030db-de7e-4328-b2f9-809a4272f2ed/sm/snapshot.1_6
2019-09-19 11:45:20,263 [659ebf6d-5767-4313-894f-3fd853d4ec88@group-809A4272F2ED-StateMachineUpdater] INFO  ratis.ContainerStateMachine (ContainerStateMachine.java:takeSnapshot(300)) - group-809A4272F2ED: Finished taking a snapshot at:(t:1, i:6) file:/workdir/hadoop-ozone/integration-test/target/test-dir/MiniOzoneClusterImpl-d04d1962-5f27-4d60-9b81-88f021023956/datanode-5/data/ratis/ce8030db-de7e-4328-b2f9-809a4272f2ed/sm/snapshot.1_6 time:13
2019-09-19 11:45:20,263 [659ebf6d-5767-4313-894f-3fd853d4ec88@group-809A4272F2ED-StateMachineUpdater] INFO  impl.StateMachineUpdater (StateMachineUpdater.java:takeSnapshot(258)) - 659ebf6d-5767-4313-894f-3fd853d4ec88@group-809A4272F2ED-StateMachineUpdater: Took a snapshot at index 6
2019-09-19 11:45:20,263 [659ebf6d-5767-4313-894f-3fd853d4ec88@group-809A4272F2ED-StateMachineUpdater] INFO  impl.StateMachineUpdater (StateMachineUpdater.java:lambda$new$0(83)) - 659ebf6d-5767-4313-894f-3fd853d4ec88@group-809A4272F2ED-StateMachineUpdater: snapshotIndex: updateIncreasingly 6 -> 6
2019-09-19 11:45:20,264 [grpc-default-executor-1] INFO  impl.RaftServerImpl (ServerState.java:close(385)) - 659ebf6d-5767-4313-894f-3fd853d4ec88@group-809A4272F2ED: closes. applyIndex: 10
2019-09-19 11:45:20,282 [659ebf6d-5767-4313-894f-3fd853d4ec88@group-809A4272F2ED-SegmentedRaftLogWorker] ERROR ratis.XceiverServerRatis (XceiverServerRatis.java:triggerPipelineClose(568)) - pipeline Action CLOSE  on pipeline PipelineID=ce8030db-de7e-4328-b2f9-809a4272f2ed.Reason : WriteLog:12: (t:1, i:12), STATEMACHINELOGENTRY, client-F41086007F95, cid=22-writeStateMachineData interrupted.
2019-09-19 11:45:20,287 [EventQueue-PipelineActionsForPipelineActionHandler] ERROR pipeline.PipelineActionHandler (PipelineActionHandler.java:onMessage(60)) - Received pipeline action CLOSE for Pipeline[ Id: ce8030db-de7e-4328-b2f9-809a4272f2ed, Nodes: 659ebf6d-5767-4313-894f-3fd853d4ec88{ip: 192.168.34.13, host: pr-hdds-2153-g484h-410672627, networkLocation: /default-rack, certSerialId: null}1ef51437-5145-4abf-870a-167f7b897ac9{ip: 192.168.34.13, host: pr-hdds-2153-g484h-410672627, networkLocation: /default-rack, certSerialId: null}7ab74afe-3a06-48e8-81a5-116c850ada99{ip: 192.168.34.13, host: pr-hdds-2153-g484h-410672627, networkLocation: /default-rack, certSerialId: null}, Type:RATIS, Factor:THREE, State:CLOSED] from datanode 659ebf6d-5767-4313-894f-3fd853d4ec88{ip: 192.168.34.13, host: pr-hdds-2153-g484h-410672627, networkLocation: /default-rack, certSerialId: null}. Reason : WriteLog:12: (t:1, i:12), STATEMACHINELOGENTRY, client-F41086007F95, cid=22-writeStateMachineData interrupted.
2019-09-19 11:45:20,287 [EventQueue-PipelineActionsForPipelineActionHandler] INFO  pipeline.SCMPipelineManager (SCMPipelineManager.java:finalizeAndDestroyPipeline(311)) - destroying pipeline:Pipeline[ Id: ce8030db-de7e-4328-b2f9-809a4272f2ed, Nodes: 659ebf6d-5767-4313-894f-3fd853d4ec88{ip: 192.168.34.13, host: pr-hdds-2153-g484h-410672627, networkLocation: /default-rack, certSerialId: null}1ef51437-5145-4abf-870a-167f7b897ac9{ip: 192.168.34.13, host: pr-hdds-2153-g484h-410672627, networkLocation: /default-rack, certSerialId: null}7ab74afe-3a06-48e8-81a5-116c850ada99{ip: 192.168.34.13, host: pr-hdds-2153-g484h-410672627, networkLocation: /default-rack, certSerialId: null}, Type:RATIS, Factor:THREE, State:CLOSED]
2019-09-19 11:45:20,300 [grpc-default-executor-1] INFO  segmented.SegmentedRaftLogWorker (SegmentedRaftLogWorker.java:close(228)) - 659ebf6d-5767-4313-894f-3fd853d4ec88@group-809A4272F2ED-SegmentedRaftLogWorker close()
2019-09-19 11:45:20,322 [grpc-default-executor-1] INFO  interfaces.Container (KeyValueContainer.java:flushAndSyncDB(386)) - Container 2 is synced with bcsId 6.
2019-09-19 11:45:20,322 [grpc-default-executor-1] INFO  interfaces.Container (KeyValueContainer.java:flushAndSyncDB(386)) - Container 2 is synced with bcsId 6.
2019-09-19 11:45:20,341 [EventQueue-IncrementalContainerReportForIncrementalContainerReportHandler] INFO  container.IncrementalContainerReportHandler (AbstractContainerReportHandler.java:updateContainerState(169)) - Moving container #2 to QUASI_CLOSED state, datanode 659ebf6d-5767-4313-894f-3fd853d4ec88{ip: 192.168.34.13, host: pr-hdds-2153-g484h-410672627, networkLocation: /default-rack, certSerialId: null} reported QUASI_CLOSED replica.
2019-09-19 11:45:20,399 [grpc-default-executor-1] INFO  interfaces.Container (KeyValueContainer.java:flushAndSyncDB(386)) - Container 3 is synced with bcsId 0.
2019-09-19 11:45:20,399 [grpc-default-executor-1] INFO  interfaces.Container (KeyValueContainer.java:flushAndSyncDB(386)) - Container 3 is synced with bcsId 0.
2019-09-19 11:45:20,420 [EventQueue-IncrementalContainerReportForIncrementalContainerReportHandler] INFO  container.IncrementalContainerReportHandler (AbstractContainerReportHandler.java:updateContainerState(169)) - Moving container #3 to QUASI_CLOSED state, datanode 659ebf6d-5767-4313-894f-3fd853d4ec88{ip: 192.168.34.13, host: pr-hdds-2153-g484h-410672627, networkLocation: /default-rack, certSerialId: null} reported QUASI_CLOSED replica.
2019-09-19 11:45:20,426 [grpc-default-executor-1] INFO  impl.RaftServerProxy (RaftServerProxy.java:remove(95)) - 1ef51437-5145-4abf-870a-167f7b897ac9: remove    LEADER 1ef51437-5145-4abf-870a-167f7b897ac9@group-809A4272F2ED:t1, leader=1ef51437-5145-4abf-870a-167f7b897ac9, voted=1ef51437-5145-4abf-870a-167f7b897ac9, raftlog=1ef51437-5145-4abf-870a-167f7b897ac9@group-809A4272F2ED-SegmentedRaftLog:OPENED:c10,f14,i14, conf=0: [659ebf6d-5767-4313-894f-3fd853d4ec88:192.168.34.13:36827, 1ef51437-5145-4abf-870a-167f7b897ac9:192.168.34.13:41893, 7ab74afe-3a06-48e8-81a5-116c850ada99:192.168.34.13:36710], old=null RUNNING
2019-09-19 11:45:20,427 [grpc-default-executor-1] INFO  impl.RaftServerImpl (RaftServerImpl.java:lambda$shutdown$3(251)) - 1ef51437-5145-4abf-870a-167f7b897ac9@group-809A4272F2ED: shutdown
2019-09-19 11:45:20,427 [grpc-default-executor-1] INFO  util.JmxRegister (JmxRegister.java:unregister(73)) - Successfully un-registered JMX Bean with object name Ratis:service=RaftServer,group=group-809A4272F2ED,id=1ef51437-5145-4abf-870a-167f7b897ac9
2019-09-19 11:45:20,427 [grpc-default-executor-1] INFO  impl.RoleInfo (RoleInfo.java:shutdownLeaderState(104)) - 1ef51437-5145-4abf-870a-167f7b897ac9: shutdown LeaderState
2019-09-19 11:45:20,432 [grpc-default-executor-1] INFO  impl.PendingRequests (PendingRequests.java:sendNotLeaderResponses(202)) - 1ef51437-5145-4abf-870a-167f7b897ac9-PendingRequests: sendNotLeaderResponses
2019-09-19 11:45:20,432 [org.apache.ratis.server.impl.LogAppender$AppenderDaemon$$Lambda$510/992966066@121685a4] WARN  server.GrpcLogAppender (GrpcLogAppender.java:mayWait(143)) - 1ef51437-5145-4abf-870a-167f7b897ac9@group-809A4272F2ED->7ab74afe-3a06-48e8-81a5-116c850ada99-GrpcLogAppender: Wait interrupted by java.lang.InterruptedException
2019-09-19 11:45:20,432 [org.apache.ratis.server.impl.LogAppender$AppenderDaemon$$Lambda$510/992966066@7db14276] WARN  server.GrpcLogAppender (GrpcLogAppender.java:mayWait(143)) - 1ef51437-5145-4abf-870a-167f7b897ac9@group-809A4272F2ED->659ebf6d-5767-4313-894f-3fd853d4ec88-GrpcLogAppender: Wait interrupted by java.lang.InterruptedException
2019-09-19 11:45:20,435 [grpc-default-executor-0] INFO  server.GrpcServerProtocolService (GrpcServerProtocolService.java:onCompleted(113)) - 7ab74afe-3a06-48e8-81a5-116c850ada99: Completed APPEND_ENTRIES, lastRequest: 1ef51437-5145-4abf-870a-167f7b897ac9->7ab74afe-3a06-48e8-81a5-116c850ada99#88-t1, previous=(t:1, i:14), leaderCommit=10, initializing? false, entries: <empty>
2019-09-19 11:45:20,435 [grpc-default-executor-5] INFO  server.GrpcServerProtocolService (GrpcServerProtocolService.java:onCompleted(113)) - 659ebf6d-5767-4313-894f-3fd853d4ec88: Completed APPEND_ENTRIES, lastRequest: 1ef51437-5145-4abf-870a-167f7b897ac9->659ebf6d-5767-4313-894f-3fd853d4ec88#88-t1, previous=(t:1, i:14), leaderCommit=10, initializing? false, entries: <empty>
2019-09-19 11:45:20,438 [grpc-default-executor-0] INFO  server.GrpcLogAppender (GrpcLogAppender.java:onCompleted(293)) - 1ef51437-5145-4abf-870a-167f7b897ac9@group-809A4272F2ED->7ab74afe-3a06-48e8-81a5-116c850ada99-AppendLogResponseHandler: follower responses appendEntries COMPLETED
2019-09-19 11:45:20,438 [grpc-default-executor-5] INFO  server.GrpcLogAppender (GrpcLogAppender.java:onCompleted(293)) - 1ef51437-5145-4abf-870a-167f7b897ac9@group-809A4272F2ED->659ebf6d-5767-4313-894f-3fd853d4ec88-AppendLogResponseHandler: follower responses appendEntries COMPLETED
2019-09-19 11:45:20,439 [grpc-default-executor-0] INFO  impl.FollowerInfo (FollowerInfo.java:lambda$new$0(51)) - 1ef51437-5145-4abf-870a-167f7b897ac9@group-809A4272F2ED->7ab74afe-3a06-48e8-81a5-116c850ada99: nextIndex: updateUnconditionally 15 -> 11
2019-09-19 11:45:20,439 [grpc-default-executor-5] INFO  impl.FollowerInfo (FollowerInfo.java:lambda$new$0(51)) - 1ef51437-5145-4abf-870a-167f7b897ac9@group-809A4272F2ED->659ebf6d-5767-4313-894f-3fd853d4ec88: nextIndex: updateUnconditionally 15 -> 11
2019-09-19 11:45:20,444 [grpc-default-executor-1] INFO  impl.StateMachineUpdater (StateMachineUpdater.java:stopAndJoin(125)) - 1ef51437-5145-4abf-870a-167f7b897ac9@group-809A4272F2ED-StateMachineUpdater: set stopIndex = 10
2019-09-19 11:45:20,444 [1ef51437-5145-4abf-870a-167f7b897ac9@group-809A4272F2ED-StateMachineUpdater] INFO  ratis.ContainerStateMachine (ContainerStateMachine.java:takeSnapshot(289)) - group-809A4272F2ED: Taking a snapshot at:(t:1, i:10) file /workdir/hadoop-ozone/integration-test/target/test-dir/MiniOzoneClusterImpl-d04d1962-5f27-4d60-9b81-88f021023956/datanode-4/data/ratis/ce8030db-de7e-4328-b2f9-809a4272f2ed/sm/snapshot.1_10
2019-09-19 11:45:20,445 [Command processor thread] ERROR commandhandler.CloseContainerCommandHandler (CloseContainerCommandHandler.java:handle(125)) - Can't close container #3
java.io.IOException: org.apache.ratis.protocol.GroupMismatchException: 1ef51437-5145-4abf-870a-167f7b897ac9: group-809A4272F2ED not found.
	at org.apache.hadoop.ozone.container.common.transport.server.ratis.XceiverServerRatis.submitRequest(XceiverServerRatis.java:495)
	at org.apache.hadoop.ozone.container.common.statemachine.commandhandler.CloseContainerCommandHandler.handle(CloseContainerCommandHandler.java:102)
	at org.apache.hadoop.ozone.container.common.statemachine.commandhandler.CommandDispatcher.handle(CommandDispatcher.java:99)
	at org.apache.hadoop.ozone.container.common.statemachine.DatanodeStateMachine.lambda$initCommandHandlerThread$1(DatanodeStateMachine.java:432)
	at java.lang.Thread.run(Thread.java:748)
Caused by: java.util.concurrent.ExecutionException: org.apache.ratis.protocol.GroupMismatchException: 1ef51437-5145-4abf-870a-167f7b897ac9: group-809A4272F2ED not found.
	at java.util.concurrent.CompletableFuture.reportGet(CompletableFuture.java:357)
	at java.util.concurrent.CompletableFuture.get(CompletableFuture.java:1895)
	at org.apache.hadoop.ozone.container.common.transport.server.ratis.XceiverServerRatis.submitRequest(XceiverServerRatis.java:493)
	... 4 more
Caused by: org.apache.ratis.protocol.GroupMismatchException: 1ef51437-5145-4abf-870a-167f7b897ac9: group-809A4272F2ED not found.
	at org.apache.ratis.server.impl.RaftServerProxy$ImplMap.get(RaftServerProxy.java:122)
	at org.apache.ratis.server.impl.RaftServerProxy.getImplFuture(RaftServerProxy.java:269)
	at org.apache.ratis.server.impl.RaftServerProxy.submitRequest(RaftServerProxy.java:327)
	at org.apache.ratis.server.impl.RaftServerProxy.submitClientRequestAsync(RaftServerProxy.java:333)
	... 5 more
2019-09-19 11:45:20,448 [1ef51437-5145-4abf-870a-167f7b897ac9@group-809A4272F2ED-StateMachineUpdater] INFO  ratis.ContainerStateMachine (ContainerStateMachine.java:takeSnapshot(300)) - group-809A4272F2ED: Finished taking a snapshot at:(t:1, i:10) file:/workdir/hadoop-ozone/integration-test/target/test-dir/MiniOzoneClusterImpl-d04d1962-5f27-4d60-9b81-88f021023956/datanode-4/data/ratis/ce8030db-de7e-4328-b2f9-809a4272f2ed/sm/snapshot.1_10 time:4
2019-09-19 11:45:20,449 [1ef51437-5145-4abf-870a-167f7b897ac9@group-809A4272F2ED-StateMachineUpdater] INFO  impl.StateMachineUpdater (StateMachineUpdater.java:takeSnapshot(258)) - 1ef51437-5145-4abf-870a-167f7b897ac9@group-809A4272F2ED-StateMachineUpdater: Took a snapshot at index 10
2019-09-19 11:45:20,449 [1ef51437-5145-4abf-870a-167f7b897ac9@group-809A4272F2ED-StateMachineUpdater] INFO  impl.StateMachineUpdater (StateMachineUpdater.java:lambda$new$0(83)) - 1ef51437-5145-4abf-870a-167f7b897ac9@group-809A4272F2ED-StateMachineUpdater: snapshotIndex: updateIncreasingly -1 -> 10
2019-09-19 11:45:20,449 [grpc-default-executor-1] INFO  impl.RaftServerImpl (ServerState.java:close(385)) - 1ef51437-5145-4abf-870a-167f7b897ac9@group-809A4272F2ED: closes. applyIndex: 10
2019-09-19 11:45:20,449 [1ef51437-5145-4abf-870a-167f7b897ac9@group-809A4272F2ED-SegmentedRaftLogWorker] INFO  segmented.SegmentedRaftLogWorker (SegmentedRaftLogWorker.java:run(313)) - 1ef51437-5145-4abf-870a-167f7b897ac9@group-809A4272F2ED-SegmentedRaftLogWorker was interrupted, exiting. There are 0 tasks remaining in the queue.
2019-09-19 11:45:20,452 [grpc-default-executor-1] INFO  segmented.SegmentedRaftLogWorker (SegmentedRaftLogWorker.java:close(228)) - 1ef51437-5145-4abf-870a-167f7b897ac9@group-809A4272F2ED-SegmentedRaftLogWorker close()
2019-09-19 11:45:20,459 [grpc-default-executor-1] INFO  interfaces.Container (KeyValueContainer.java:flushAndSyncDB(386)) - Container 2 is synced with bcsId 6.
2019-09-19 11:45:20,459 [grpc-default-executor-1] INFO  interfaces.Container (KeyValueContainer.java:flushAndSyncDB(386)) - Container 2 is synced with bcsId 6.
2019-09-19 11:45:20,492 [grpc-default-executor-1] INFO  interfaces.Container (KeyValueContainer.java:flushAndSyncDB(386)) - Container 3 is synced with bcsId 0.
2019-09-19 11:45:20,492 [grpc-default-executor-1] INFO  interfaces.Container (KeyValueContainer.java:flushAndSyncDB(386)) - Container 3 is synced with bcsId 0.
2019-09-19 11:45:20,528 [grpc-default-executor-1] INFO  impl.RaftServerProxy (RaftServerProxy.java:remove(95)) - 7ab74afe-3a06-48e8-81a5-116c850ada99: remove  FOLLOWER 7ab74afe-3a06-48e8-81a5-116c850ada99@group-809A4272F2ED:t1, leader=1ef51437-5145-4abf-870a-167f7b897ac9, voted=1ef51437-5145-4abf-870a-167f7b897ac9, raftlog=7ab74afe-3a06-48e8-81a5-116c850ada99@group-809A4272F2ED-SegmentedRaftLog:OPENED:c10,f10,i14, conf=0: [659ebf6d-5767-4313-894f-3fd853d4ec88:192.168.34.13:36827, 1ef51437-5145-4abf-870a-167f7b897ac9:192.168.34.13:41893, 7ab74afe-3a06-48e8-81a5-116c850ada99:192.168.34.13:36710], old=null RUNNING
2019-09-19 11:45:20,529 [grpc-default-executor-1] INFO  impl.RaftServerImpl (RaftServerImpl.java:lambda$shutdown$3(251)) - 7ab74afe-3a06-48e8-81a5-116c850ada99@group-809A4272F2ED: shutdown
2019-09-19 11:45:20,529 [grpc-default-executor-1] INFO  util.JmxRegister (JmxRegister.java:unregister(73)) - Successfully un-registered JMX Bean with object name Ratis:service=RaftServer,group=group-809A4272F2ED,id=7ab74afe-3a06-48e8-81a5-116c850ada99
2019-09-19 11:45:20,529 [grpc-default-executor-1] INFO  impl.RoleInfo (RoleInfo.java:shutdownFollowerState(121)) - 7ab74afe-3a06-48e8-81a5-116c850ada99: shutdown FollowerState
2019-09-19 11:45:20,529 [grpc-default-executor-1] INFO  impl.StateMachineUpdater (StateMachineUpdater.java:stopAndJoin(125)) - 7ab74afe-3a06-48e8-81a5-116c850ada99@group-809A4272F2ED-StateMachineUpdater: set stopIndex = 10
2019-09-19 11:45:20,530 [Thread-321] INFO  impl.FollowerState (FollowerState.java:run(115)) - 7ab74afe-3a06-48e8-81a5-116c850ada99: FollowerState was interrupted: java.lang.InterruptedException: sleep interrupted
2019-09-19 11:45:20,530 [7ab74afe-3a06-48e8-81a5-116c850ada99@group-809A4272F2ED-StateMachineUpdater] INFO  ratis.ContainerStateMachine (ContainerStateMachine.java:takeSnapshot(289)) - group-809A4272F2ED: Taking a snapshot at:(t:1, i:6) file /workdir/hadoop-ozone/integration-test/target/test-dir/MiniOzoneClusterImpl-d04d1962-5f27-4d60-9b81-88f021023956/datanode-6/data/ratis/ce8030db-de7e-4328-b2f9-809a4272f2ed/sm/snapshot.1_6
2019-09-19 11:45:20,545 [7ab74afe-3a06-48e8-81a5-116c850ada99@group-809A4272F2ED-StateMachineUpdater] INFO  ratis.ContainerStateMachine (ContainerStateMachine.java:takeSnapshot(300)) - group-809A4272F2ED: Finished taking a snapshot at:(t:1, i:6) file:/workdir/hadoop-ozone/integration-test/target/test-dir/MiniOzoneClusterImpl-d04d1962-5f27-4d60-9b81-88f021023956/datanode-6/data/ratis/ce8030db-de7e-4328-b2f9-809a4272f2ed/sm/snapshot.1_6 time:16
2019-09-19 11:45:20,545 [7ab74afe-3a06-48e8-81a5-116c850ada99@group-809A4272F2ED-StateMachineUpdater] INFO  impl.StateMachineUpdater (StateMachineUpdater.java:takeSnapshot(258)) - 7ab74afe-3a06-48e8-81a5-116c850ada99@group-809A4272F2ED-StateMachineUpdater: Took a snapshot at index 6
2019-09-19 11:45:20,545 [7ab74afe-3a06-48e8-81a5-116c850ada99@group-809A4272F2ED-StateMachineUpdater] INFO  impl.StateMachineUpdater (StateMachineUpdater.java:lambda$new$0(83)) - 7ab74afe-3a06-48e8-81a5-116c850ada99@group-809A4272F2ED-StateMachineUpdater: snapshotIndex: updateIncreasingly -1 -> 6
2019-09-19 11:45:20,546 [7ab74afe-3a06-48e8-81a5-116c850ada99@group-809A4272F2ED-StateMachineUpdater] INFO  ratis.ContainerStateMachine (ContainerStateMachine.java:takeSnapshot(289)) - group-809A4272F2ED: Taking a snapshot at:(t:1, i:6) file /workdir/hadoop-ozone/integration-test/target/test-dir/MiniOzoneClusterImpl-d04d1962-5f27-4d60-9b81-88f021023956/datanode-6/data/ratis/ce8030db-de7e-4328-b2f9-809a4272f2ed/sm/snapshot.1_6
2019-09-19 11:45:20,559 [7ab74afe-3a06-48e8-81a5-116c850ada99@group-809A4272F2ED-StateMachineUpdater] INFO  ratis.ContainerStateMachine (ContainerStateMachine.java:takeSnapshot(300)) - group-809A4272F2ED: Finished taking a snapshot at:(t:1, i:6) file:/workdir/hadoop-ozone/integration-test/target/test-dir/MiniOzoneClusterImpl-d04d1962-5f27-4d60-9b81-88f021023956/datanode-6/data/ratis/ce8030db-de7e-4328-b2f9-809a4272f2ed/sm/snapshot.1_6 time:13
2019-09-19 11:45:20,559 [7ab74afe-3a06-48e8-81a5-116c850ada99@group-809A4272F2ED-StateMachineUpdater] INFO  impl.StateMachineUpdater (StateMachineUpdater.java:takeSnapshot(258)) - 7ab74afe-3a06-48e8-81a5-116c850ada99@group-809A4272F2ED-StateMachineUpdater: Took a snapshot at index 6
2019-09-19 11:45:20,559 [7ab74afe-3a06-48e8-81a5-116c850ada99@group-809A4272F2ED-StateMachineUpdater] INFO  impl.StateMachineUpdater (StateMachineUpdater.java:lambda$new$0(83)) - 7ab74afe-3a06-48e8-81a5-116c850ada99@group-809A4272F2ED-StateMachineUpdater: snapshotIndex: updateIncreasingly 6 -> 6
2019-09-19 11:45:20,560 [grpc-default-executor-1] INFO  impl.RaftServerImpl (ServerState.java:close(385)) - 7ab74afe-3a06-48e8-81a5-116c850ada99@group-809A4272F2ED: closes. applyIndex: 10
2019-09-19 11:45:20,560 [7ab74afe-3a06-48e8-81a5-116c850ada99@group-809A4272F2ED-SegmentedRaftLogWorker] ERROR ratis.XceiverServerRatis (XceiverServerRatis.java:triggerPipelineClose(568)) - pipeline Action CLOSE  on pipeline PipelineID=ce8030db-de7e-4328-b2f9-809a4272f2ed.Reason : WriteLog:12: (t:1, i:12), STATEMACHINELOGENTRY, client-F41086007F95, cid=22-writeStateMachineData interrupted.
2019-09-19 11:45:20,566 [EventQueue-PipelineActionsForPipelineActionHandler] ERROR pipeline.PipelineActionHandler (PipelineActionHandler.java:onMessage(60)) - Received pipeline action CLOSE for Pipeline[ Id: ce8030db-de7e-4328-b2f9-809a4272f2ed, Nodes: 659ebf6d-5767-4313-894f-3fd853d4ec88{ip: 192.168.34.13, host: pr-hdds-2153-g484h-410672627, networkLocation: /default-rack, certSerialId: null}1ef51437-5145-4abf-870a-167f7b897ac9{ip: 192.168.34.13, host: pr-hdds-2153-g484h-410672627, networkLocation: /default-rack, certSerialId: null}7ab74afe-3a06-48e8-81a5-116c850ada99{ip: 192.168.34.13, host: pr-hdds-2153-g484h-410672627, networkLocation: /default-rack, certSerialId: null}, Type:RATIS, Factor:THREE, State:CLOSED] from datanode 7ab74afe-3a06-48e8-81a5-116c850ada99{ip: 192.168.34.13, host: pr-hdds-2153-g484h-410672627, networkLocation: /default-rack, certSerialId: null}. Reason : WriteLog:12: (t:1, i:12), STATEMACHINELOGENTRY, client-F41086007F95, cid=22-writeStateMachineData interrupted.
2019-09-19 11:45:20,567 [EventQueue-PipelineActionsForPipelineActionHandler] INFO  pipeline.SCMPipelineManager (SCMPipelineManager.java:finalizeAndDestroyPipeline(311)) - destroying pipeline:Pipeline[ Id: ce8030db-de7e-4328-b2f9-809a4272f2ed, Nodes: 659ebf6d-5767-4313-894f-3fd853d4ec88{ip: 192.168.34.13, host: pr-hdds-2153-g484h-410672627, networkLocation: /default-rack, certSerialId: null}1ef51437-5145-4abf-870a-167f7b897ac9{ip: 192.168.34.13, host: pr-hdds-2153-g484h-410672627, networkLocation: /default-rack, certSerialId: null}7ab74afe-3a06-48e8-81a5-116c850ada99{ip: 192.168.34.13, host: pr-hdds-2153-g484h-410672627, networkLocation: /default-rack, certSerialId: null}, Type:RATIS, Factor:THREE, State:CLOSED]
2019-09-19 11:45:20,577 [grpc-default-executor-1] INFO  segmented.SegmentedRaftLogWorker (SegmentedRaftLogWorker.java:close(228)) - 7ab74afe-3a06-48e8-81a5-116c850ada99@group-809A4272F2ED-SegmentedRaftLogWorker close()
2019-09-19 11:45:20,594 [grpc-default-executor-1] INFO  interfaces.Container (KeyValueContainer.java:flushAndSyncDB(386)) - Container 2 is synced with bcsId 6.
2019-09-19 11:45:20,595 [grpc-default-executor-1] INFO  interfaces.Container (KeyValueContainer.java:flushAndSyncDB(386)) - Container 2 is synced with bcsId 6.
2019-09-19 11:45:20,657 [grpc-default-executor-1] INFO  interfaces.Container (KeyValueContainer.java:flushAndSyncDB(386)) - Container 3 is synced with bcsId 0.
2019-09-19 11:45:20,658 [grpc-default-executor-1] INFO  interfaces.Container (KeyValueContainer.java:flushAndSyncDB(386)) - Container 3 is synced with bcsId 0.
2019-09-19 11:45:20,677 [RatisPipelineUtilsThread] INFO  pipeline.PipelineStateManager (PipelineStateManager.java:removePipeline(108)) - Pipeline Pipeline[ Id: ce8030db-de7e-4328-b2f9-809a4272f2ed, Nodes: 659ebf6d-5767-4313-894f-3fd853d4ec88{ip: 192.168.34.13, host: pr-hdds-2153-g484h-410672627, networkLocation: /default-rack, certSerialId: null}1ef51437-5145-4abf-870a-167f7b897ac9{ip: 192.168.34.13, host: pr-hdds-2153-g484h-410672627, networkLocation: /default-rack, certSerialId: null}7ab74afe-3a06-48e8-81a5-116c850ada99{ip: 192.168.34.13, host: pr-hdds-2153-g484h-410672627, networkLocation: /default-rack, certSerialId: null}, Type:RATIS, Factor:THREE, State:CLOSED] removed from db
2019-09-19 11:45:20,698 [grpc-default-executor-0] INFO  impl.RaftServerProxy (RaftServerProxy.java:addNew(89)) - 659ebf6d-5767-4313-894f-3fd853d4ec88: addNew group-ECC8AD9C4A1D:[659ebf6d-5767-4313-894f-3fd853d4ec88:192.168.34.13:36827, 1ef51437-5145-4abf-870a-167f7b897ac9:192.168.34.13:41893, 7ab74afe-3a06-48e8-81a5-116c850ada99:192.168.34.13:36710] returns group-ECC8AD9C4A1D:java.util.concurrent.CompletableFuture@2bf4457a[Not completed]
2019-09-19 11:45:20,698 [grpc-default-executor-5] INFO  impl.RaftServerProxy (RaftServerProxy.java:addNew(89)) - 7ab74afe-3a06-48e8-81a5-116c850ada99: addNew group-ECC8AD9C4A1D:[659ebf6d-5767-4313-894f-3fd853d4ec88:192.168.34.13:36827, 1ef51437-5145-4abf-870a-167f7b897ac9:192.168.34.13:41893, 7ab74afe-3a06-48e8-81a5-116c850ada99:192.168.34.13:36710] returns group-ECC8AD9C4A1D:java.util.concurrent.CompletableFuture@141a5936[Not completed]
2019-09-19 11:45:20,698 [grpc-default-executor-1] INFO  impl.RaftServerProxy (RaftServerProxy.java:addNew(89)) - 1ef51437-5145-4abf-870a-167f7b897ac9: addNew group-ECC8AD9C4A1D:[659ebf6d-5767-4313-894f-3fd853d4ec88:192.168.34.13:36827, 1ef51437-5145-4abf-870a-167f7b897ac9:192.168.34.13:41893, 7ab74afe-3a06-48e8-81a5-116c850ada99:192.168.34.13:36710] returns group-ECC8AD9C4A1D:java.util.concurrent.CompletableFuture@6a57f733[Not completed]
2019-09-19 11:45:20,701 [pool-77-thread-1] INFO  impl.RaftServerImpl (RaftServerImpl.java:<init>(95)) - 659ebf6d-5767-4313-894f-3fd853d4ec88: new RaftServerImpl for group-ECC8AD9C4A1D:[659ebf6d-5767-4313-894f-3fd853d4ec88:192.168.34.13:36827, 1ef51437-5145-4abf-870a-167f7b897ac9:192.168.34.13:41893, 7ab74afe-3a06-48e8-81a5-116c850ada99:192.168.34.13:36710] with ContainerStateMachine:uninitialized
2019-09-19 11:45:20,701 [pool-77-thread-1] INFO  server.RaftServerConfigKeys (ConfUtils.java:logGet(43)) - raft.server.rpc.timeout.min = 5s (custom)
2019-09-19 11:45:20,701 [pool-77-thread-1] INFO  server.RaftServerConfigKeys (ConfUtils.java:logGet(43)) - raft.server.rpc.timeout.max = 5200ms (custom)
2019-09-19 11:45:20,701 [pool-77-thread-1] INFO  server.RaftServerConfigKeys (ConfUtils.java:logGet(43)) - raft.server.rpcslowness.timeout = 120s (custom)
2019-09-19 11:45:20,701 [pool-77-thread-1] INFO  server.RaftServerConfigKeys (ConfUtils.java:logGet(43)) - raft.server.sleep.deviation.threshold = 300 (default)
2019-09-19 11:45:20,702 [pool-77-thread-1] INFO  server.RaftServerConfigKeys (ConfUtils.java:logGet(43)) - raft.server.log.appender.install.snapshot.enabled = false (custom)
2019-09-19 11:45:20,702 [pool-67-thread-1] INFO  impl.RaftServerImpl (RaftServerImpl.java:<init>(95)) - 1ef51437-5145-4abf-870a-167f7b897ac9: new RaftServerImpl for group-ECC8AD9C4A1D:[659ebf6d-5767-4313-894f-3fd853d4ec88:192.168.34.13:36827, 1ef51437-5145-4abf-870a-167f7b897ac9:192.168.34.13:41893, 7ab74afe-3a06-48e8-81a5-116c850ada99:192.168.34.13:36710] with ContainerStateMachine:uninitialized
2019-09-19 11:45:20,702 [pool-77-thread-1] INFO  impl.RaftServerImpl (ServerState.java:<init>(103)) - 659ebf6d-5767-4313-894f-3fd853d4ec88@group-ECC8AD9C4A1D: ConfigurationManager, init=-1: [659ebf6d-5767-4313-894f-3fd853d4ec88:192.168.34.13:36827, 1ef51437-5145-4abf-870a-167f7b897ac9:192.168.34.13:41893, 7ab74afe-3a06-48e8-81a5-116c850ada99:192.168.34.13:36710], old=null, confs=<EMPTY_MAP>
2019-09-19 11:45:20,702 [pool-67-thread-1] INFO  server.RaftServerConfigKeys (ConfUtils.java:logGet(43)) - raft.server.rpc.timeout.min = 5s (custom)
2019-09-19 11:45:20,702 [pool-67-thread-1] INFO  server.RaftServerConfigKeys (ConfUtils.java:logGet(43)) - raft.server.rpc.timeout.max = 5200ms (custom)
2019-09-19 11:45:20,702 [pool-77-thread-1] INFO  server.RaftServerConfigKeys (ConfUtils.java:logGet(43)) - raft.server.storage.dir = [/workdir/hadoop-ozone/integration-test/target/test-dir/MiniOzoneClusterImpl-d04d1962-5f27-4d60-9b81-88f021023956/datanode-5/data/ratis] (custom)
2019-09-19 11:45:20,702 [pool-67-thread-1] INFO  server.RaftServerConfigKeys (ConfUtils.java:logGet(43)) - raft.server.rpcslowness.timeout = 120s (custom)
2019-09-19 11:45:20,703 [pool-67-thread-1] INFO  server.RaftServerConfigKeys (ConfUtils.java:logGet(43)) - raft.server.sleep.deviation.threshold = 300 (default)
2019-09-19 11:45:20,703 [pool-87-thread-1] INFO  impl.RaftServerImpl (RaftServerImpl.java:<init>(95)) - 7ab74afe-3a06-48e8-81a5-116c850ada99: new RaftServerImpl for group-ECC8AD9C4A1D:[659ebf6d-5767-4313-894f-3fd853d4ec88:192.168.34.13:36827, 1ef51437-5145-4abf-870a-167f7b897ac9:192.168.34.13:41893, 7ab74afe-3a06-48e8-81a5-116c850ada99:192.168.34.13:36710] with ContainerStateMachine:uninitialized
2019-09-19 11:45:20,703 [pool-77-thread-1] INFO  storage.RaftStorageDirectory (RaftStorageDirectory.java:analyzeStorage(246)) - The storage directory /workdir/hadoop-ozone/integration-test/target/test-dir/MiniOzoneClusterImpl-d04d1962-5f27-4d60-9b81-88f021023956/datanode-5/data/ratis/b8217f70-8cca-412b-92ed-ecc8ad9c4a1d does not exist. Creating ...
2019-09-19 11:45:20,703 [pool-67-thread-1] INFO  server.RaftServerConfigKeys (ConfUtils.java:logGet(43)) - raft.server.log.appender.install.snapshot.enabled = false (custom)
2019-09-19 11:45:20,703 [pool-87-thread-1] INFO  server.RaftServerConfigKeys (ConfUtils.java:logGet(43)) - raft.server.rpc.timeout.min = 5s (custom)
2019-09-19 11:45:20,703 [pool-67-thread-1] INFO  impl.RaftServerImpl (ServerState.java:<init>(103)) - 1ef51437-5145-4abf-870a-167f7b897ac9@group-ECC8AD9C4A1D: ConfigurationManager, init=-1: [659ebf6d-5767-4313-894f-3fd853d4ec88:192.168.34.13:36827, 1ef51437-5145-4abf-870a-167f7b897ac9:192.168.34.13:41893, 7ab74afe-3a06-48e8-81a5-116c850ada99:192.168.34.13:36710], old=null, confs=<EMPTY_MAP>
2019-09-19 11:45:20,703 [pool-87-thread-1] INFO  server.RaftServerConfigKeys (ConfUtils.java:logGet(43)) - raft.server.rpc.timeout.max = 5200ms (custom)
2019-09-19 11:45:20,704 [pool-67-thread-1] INFO  server.RaftServerConfigKeys (ConfUtils.java:logGet(43)) - raft.server.storage.dir = [/workdir/hadoop-ozone/integration-test/target/test-dir/MiniOzoneClusterImpl-d04d1962-5f27-4d60-9b81-88f021023956/datanode-4/data/ratis] (custom)
2019-09-19 11:45:20,704 [pool-87-thread-1] INFO  server.RaftServerConfigKeys (ConfUtils.java:logGet(43)) - raft.server.rpcslowness.timeout = 120s (custom)
2019-09-19 11:45:20,704 [pool-87-thread-1] INFO  server.RaftServerConfigKeys (ConfUtils.java:logGet(43)) - raft.server.sleep.deviation.threshold = 300 (default)
2019-09-19 11:45:20,704 [pool-67-thread-1] INFO  storage.RaftStorageDirectory (RaftStorageDirectory.java:analyzeStorage(246)) - The storage directory /workdir/hadoop-ozone/integration-test/target/test-dir/MiniOzoneClusterImpl-d04d1962-5f27-4d60-9b81-88f021023956/datanode-4/data/ratis/b8217f70-8cca-412b-92ed-ecc8ad9c4a1d does not exist. Creating ...
2019-09-19 11:45:20,704 [pool-87-thread-1] INFO  server.RaftServerConfigKeys (ConfUtils.java:logGet(43)) - raft.server.log.appender.install.snapshot.enabled = false (custom)
2019-09-19 11:45:20,704 [pool-87-thread-1] INFO  impl.RaftServerImpl (ServerState.java:<init>(103)) - 7ab74afe-3a06-48e8-81a5-116c850ada99@group-ECC8AD9C4A1D: ConfigurationManager, init=-1: [659ebf6d-5767-4313-894f-3fd853d4ec88:192.168.34.13:36827, 1ef51437-5145-4abf-870a-167f7b897ac9:192.168.34.13:41893, 7ab74afe-3a06-48e8-81a5-116c850ada99:192.168.34.13:36710], old=null, confs=<EMPTY_MAP>
2019-09-19 11:45:20,705 [pool-87-thread-1] INFO  server.RaftServerConfigKeys (ConfUtils.java:logGet(43)) - raft.server.storage.dir = [/workdir/hadoop-ozone/integration-test/target/test-dir/MiniOzoneClusterImpl-d04d1962-5f27-4d60-9b81-88f021023956/datanode-6/data/ratis] (custom)
2019-09-19 11:45:20,705 [pool-87-thread-1] INFO  storage.RaftStorageDirectory (RaftStorageDirectory.java:analyzeStorage(246)) - The storage directory /workdir/hadoop-ozone/integration-test/target/test-dir/MiniOzoneClusterImpl-d04d1962-5f27-4d60-9b81-88f021023956/datanode-6/data/ratis/b8217f70-8cca-412b-92ed-ecc8ad9c4a1d does not exist. Creating ...
2019-09-19 11:45:20,717 [pool-67-thread-1] INFO  storage.RaftStorageDirectory (RaftStorageDirectory.java:tryLock(328)) - Lock on /workdir/hadoop-ozone/integration-test/target/test-dir/MiniOzoneClusterImpl-d04d1962-5f27-4d60-9b81-88f021023956/datanode-4/data/ratis/b8217f70-8cca-412b-92ed-ecc8ad9c4a1d/in_use.lock acquired by nodename 13252@pr-hdds-2153-g484h-410672627
2019-09-19 11:45:20,717 [pool-87-thread-1] INFO  storage.RaftStorageDirectory (RaftStorageDirectory.java:tryLock(328)) - Lock on /workdir/hadoop-ozone/integration-test/target/test-dir/MiniOzoneClusterImpl-d04d1962-5f27-4d60-9b81-88f021023956/datanode-6/data/ratis/b8217f70-8cca-412b-92ed-ecc8ad9c4a1d/in_use.lock acquired by nodename 13252@pr-hdds-2153-g484h-410672627
2019-09-19 11:45:20,717 [pool-77-thread-1] INFO  storage.RaftStorageDirectory (RaftStorageDirectory.java:tryLock(328)) - Lock on /workdir/hadoop-ozone/integration-test/target/test-dir/MiniOzoneClusterImpl-d04d1962-5f27-4d60-9b81-88f021023956/datanode-5/data/ratis/b8217f70-8cca-412b-92ed-ecc8ad9c4a1d/in_use.lock acquired by nodename 13252@pr-hdds-2153-g484h-410672627
2019-09-19 11:45:20,722 [pool-67-thread-1] INFO  storage.RaftStorage (RaftStorage.java:format(72)) - Storage directory /workdir/hadoop-ozone/integration-test/target/test-dir/MiniOzoneClusterImpl-d04d1962-5f27-4d60-9b81-88f021023956/datanode-4/data/ratis/b8217f70-8cca-412b-92ed-ecc8ad9c4a1d has been successfully formatted.
2019-09-19 11:45:20,722 [pool-87-thread-1] INFO  storage.RaftStorage (RaftStorage.java:format(72)) - Storage directory /workdir/hadoop-ozone/integration-test/target/test-dir/MiniOzoneClusterImpl-d04d1962-5f27-4d60-9b81-88f021023956/datanode-6/data/ratis/b8217f70-8cca-412b-92ed-ecc8ad9c4a1d has been successfully formatted.
2019-09-19 11:45:20,722 [pool-77-thread-1] INFO  storage.RaftStorage (RaftStorage.java:format(72)) - Storage directory /workdir/hadoop-ozone/integration-test/target/test-dir/MiniOzoneClusterImpl-d04d1962-5f27-4d60-9b81-88f021023956/datanode-5/data/ratis/b8217f70-8cca-412b-92ed-ecc8ad9c4a1d has been successfully formatted.
2019-09-19 11:45:20,723 [pool-67-thread-1] INFO  ratis.ContainerStateMachine (ContainerStateMachine.java:loadSnapshot(230)) - group-ECC8AD9C4A1D: The snapshot info is null. Setting the last applied indexto:(t:0, i:~)
2019-09-19 11:45:20,723 [pool-77-thread-1] INFO  ratis.ContainerStateMachine (ContainerStateMachine.java:loadSnapshot(230)) - group-ECC8AD9C4A1D: The snapshot info is null. Setting the last applied indexto:(t:0, i:~)
2019-09-19 11:45:20,723 [pool-87-thread-1] INFO  ratis.ContainerStateMachine (ContainerStateMachine.java:loadSnapshot(230)) - group-ECC8AD9C4A1D: The snapshot info is null. Setting the last applied indexto:(t:0, i:~)
2019-09-19 11:45:20,723 [pool-77-thread-1] INFO  server.RaftServerConfigKeys (ConfUtils.java:logGet(43)) - raft.server.notification.no-leader.timeout = 120s (custom)
2019-09-19 11:45:20,723 [pool-67-thread-1] INFO  server.RaftServerConfigKeys (ConfUtils.java:logGet(43)) - raft.server.notification.no-leader.timeout = 120s (custom)
2019-09-19 11:45:20,723 [pool-77-thread-1] INFO  server.RaftServerConfigKeys (ConfUtils.java:logGet(43)) - raft.server.log.use.memory = false (default)
2019-09-19 11:45:20,723 [pool-87-thread-1] INFO  server.RaftServerConfigKeys (ConfUtils.java:logGet(43)) - raft.server.notification.no-leader.timeout = 120s (custom)
2019-09-19 11:45:20,724 [pool-77-thread-1] INFO  server.RaftServerConfigKeys (ConfUtils.java:logGet(43)) - raft.server.log.purge.gap = 1000000 (custom)
2019-09-19 11:45:20,724 [pool-67-thread-1] INFO  server.RaftServerConfigKeys (ConfUtils.java:logGet(43)) - raft.server.log.use.memory = false (default)
2019-09-19 11:45:20,724 [pool-77-thread-1] INFO  server.RaftServerConfigKeys (ConfUtils.java:logGet(43)) - raft.server.log.appender.buffer.byte-limit = 33554432 (custom)
2019-09-19 11:45:20,724 [pool-87-thread-1] INFO  server.RaftServerConfigKeys (ConfUtils.java:logGet(43)) - raft.server.log.use.memory = false (default)
2019-09-19 11:45:20,724 [pool-77-thread-1] INFO  server.RaftServerConfigKeys (ConfUtils.java:logGet(43)) - raft.server.log.segment.size.max = 1048576 (custom)
2019-09-19 11:45:20,724 [pool-67-thread-1] INFO  server.RaftServerConfigKeys (ConfUtils.java:logGet(43)) - raft.server.log.purge.gap = 1000000 (custom)
2019-09-19 11:45:20,725 [pool-77-thread-1] INFO  server.RaftServerConfigKeys (ConfUtils.java:logGet(43)) - raft.server.log.segment.cache.num.max = 2 (custom)
2019-09-19 11:45:20,725 [pool-87-thread-1] INFO  server.RaftServerConfigKeys (ConfUtils.java:logGet(43)) - raft.server.log.purge.gap = 1000000 (custom)
2019-09-19 11:45:20,725 [pool-77-thread-1] INFO  segmented.SegmentedRaftLogWorker (SegmentedRaftLogWorker.java:<init>(172)) - new 659ebf6d-5767-4313-894f-3fd853d4ec88@group-ECC8AD9C4A1D-SegmentedRaftLogWorker for RaftStorage:Storage Directory /workdir/hadoop-ozone/integration-test/target/test-dir/MiniOzoneClusterImpl-d04d1962-5f27-4d60-9b81-88f021023956/datanode-5/data/ratis/b8217f70-8cca-412b-92ed-ecc8ad9c4a1d
2019-09-19 11:45:20,725 [pool-67-thread-1] INFO  server.RaftServerConfigKeys (ConfUtils.java:logGet(43)) - raft.server.log.appender.buffer.byte-limit = 33554432 (custom)
2019-09-19 11:45:20,725 [pool-77-thread-1] INFO  server.RaftServerConfigKeys (ConfUtils.java:logGet(43)) - raft.server.log.queue.byte-limit = 2147483647 (custom)
2019-09-19 11:45:20,725 [pool-87-thread-1] INFO  server.RaftServerConfigKeys (ConfUtils.java:logGet(43)) - raft.server.log.appender.buffer.byte-limit = 33554432 (custom)
2019-09-19 11:45:20,726 [pool-77-thread-1] INFO  server.RaftServerConfigKeys (ConfUtils.java:logGet(43)) - raft.server.log.queue.element-limit = 1024 (custom)
2019-09-19 11:45:20,726 [pool-67-thread-1] INFO  server.RaftServerConfigKeys (ConfUtils.java:logGet(43)) - raft.server.log.segment.size.max = 1048576 (custom)
2019-09-19 11:45:20,726 [pool-77-thread-1] INFO  server.RaftServerConfigKeys (ConfUtils.java:logGet(43)) - raft.server.log.segment.size.max = 1048576 (custom)
2019-09-19 11:45:20,726 [pool-87-thread-1] INFO  server.RaftServerConfigKeys (ConfUtils.java:logGet(43)) - raft.server.log.segment.size.max = 1048576 (custom)
2019-09-19 11:45:20,726 [pool-77-thread-1] INFO  server.RaftServerConfigKeys (ConfUtils.java:logGet(43)) - raft.server.log.preallocated.size = 16384 (custom)
2019-09-19 11:45:20,726 [pool-67-thread-1] INFO  server.RaftServerConfigKeys (ConfUtils.java:logGet(43)) - raft.server.log.segment.cache.num.max = 2 (custom)
2019-09-19 11:45:20,727 [pool-77-thread-1] INFO  server.RaftServerConfigKeys (ConfUtils.java:logGet(43)) - raft.server.log.write.buffer.size = 33554432 (custom)
2019-09-19 11:45:20,727 [pool-77-thread-1] INFO  server.RaftServerConfigKeys (ConfUtils.java:logGet(43)) - raft.server.log.force.sync.num = 128 (default)
2019-09-19 11:45:20,726 [pool-87-thread-1] INFO  server.RaftServerConfigKeys (ConfUtils.java:logGet(43)) - raft.server.log.segment.cache.num.max = 2 (custom)
2019-09-19 11:45:20,727 [pool-77-thread-1] INFO  server.RaftServerConfigKeys (ConfUtils.java:logGet(43)) - raft.server.log.statemachine.data.sync = true (default)
2019-09-19 11:45:20,727 [pool-67-thread-1] INFO  segmented.SegmentedRaftLogWorker (SegmentedRaftLogWorker.java:<init>(172)) - new 1ef51437-5145-4abf-870a-167f7b897ac9@group-ECC8AD9C4A1D-SegmentedRaftLogWorker for RaftStorage:Storage Directory /workdir/hadoop-ozone/integration-test/target/test-dir/MiniOzoneClusterImpl-d04d1962-5f27-4d60-9b81-88f021023956/datanode-4/data/ratis/b8217f70-8cca-412b-92ed-ecc8ad9c4a1d
2019-09-19 11:45:20,727 [pool-77-thread-1] INFO  server.RaftServerConfigKeys (ConfUtils.java:logGet(43)) - raft.server.log.statemachine.data.sync.timeout = 10s (default)
2019-09-19 11:45:20,727 [pool-87-thread-1] INFO  segmented.SegmentedRaftLogWorker (SegmentedRaftLogWorker.java:<init>(172)) - new 7ab74afe-3a06-48e8-81a5-116c850ada99@group-ECC8AD9C4A1D-SegmentedRaftLogWorker for RaftStorage:Storage Directory /workdir/hadoop-ozone/integration-test/target/test-dir/MiniOzoneClusterImpl-d04d1962-5f27-4d60-9b81-88f021023956/datanode-6/data/ratis/b8217f70-8cca-412b-92ed-ecc8ad9c4a1d
2019-09-19 11:45:20,728 [pool-77-thread-1] INFO  server.RaftServerConfigKeys (ConfUtils.java:logGet(43)) - raft.server.log.statemachine.data.sync.timeout.retry = -1 (default)
2019-09-19 11:45:20,728 [pool-67-thread-1] INFO  server.RaftServerConfigKeys (ConfUtils.java:logGet(43)) - raft.server.log.queue.byte-limit = 2147483647 (custom)
2019-09-19 11:45:20,728 [pool-77-thread-1] INFO  server.RaftServerConfigKeys (ConfUtils.java:logGet(43)) - raft.server.log.statemachine.data.caching.enabled = true (custom)
2019-09-19 11:45:20,728 [pool-87-thread-1] INFO  server.RaftServerConfigKeys (ConfUtils.java:logGet(43)) - raft.server.log.queue.byte-limit = 2147483647 (custom)
2019-09-19 11:45:20,728 [pool-87-thread-1] INFO  server.RaftServerConfigKeys (ConfUtils.java:logGet(43)) - raft.server.log.queue.element-limit = 1024 (custom)
2019-09-19 11:45:20,728 [pool-67-thread-1] INFO  server.RaftServerConfigKeys (ConfUtils.java:logGet(43)) - raft.server.log.queue.element-limit = 1024 (custom)
2019-09-19 11:45:20,729 [pool-87-thread-1] INFO  server.RaftServerConfigKeys (ConfUtils.java:logGet(43)) - raft.server.log.segment.size.max = 1048576 (custom)
2019-09-19 11:45:20,729 [pool-77-thread-1] INFO  segmented.SegmentedRaftLogWorker (SegmentedRaftLogWorker.java:lambda$new$0(132)) - 659ebf6d-5767-4313-894f-3fd853d4ec88@group-ECC8AD9C4A1D-SegmentedRaftLogWorker: flushIndex: setUnconditionally 0 -> -1
2019-09-19 11:45:20,729 [pool-87-thread-1] INFO  server.RaftServerConfigKeys (ConfUtils.java:logGet(43)) - raft.server.log.preallocated.size = 16384 (custom)
2019-09-19 11:45:20,729 [pool-67-thread-1] INFO  server.RaftServerConfigKeys (ConfUtils.java:logGet(43)) - raft.server.log.segment.size.max = 1048576 (custom)
2019-09-19 11:45:20,729 [pool-77-thread-1] INFO  server.RaftServerConfigKeys (ConfUtils.java:logGet(43)) - raft.server.snapshot.auto.trigger.enabled = true (custom)
2019-09-19 11:45:20,729 [pool-87-thread-1] INFO  server.RaftServerConfigKeys (ConfUtils.java:logGet(43)) - raft.server.log.write.buffer.size = 33554432 (custom)
2019-09-19 11:45:20,730 [pool-77-thread-1] INFO  server.RaftServerConfigKeys (ConfUtils.java:logGet(43)) - raft.server.snapshot.auto.trigger.threshold = 10000 (custom)
2019-09-19 11:45:20,729 [pool-67-thread-1] INFO  server.RaftServerConfigKeys (ConfUtils.java:logGet(43)) - raft.server.log.preallocated.size = 16384 (custom)
2019-09-19 11:45:20,730 [pool-77-thread-1] INFO  server.RaftServerConfigKeys (ConfUtils.java:logGet(43)) - raft.server.snapshot.retention.num.files = -1 (default)
2019-09-19 11:45:20,730 [pool-87-thread-1] INFO  server.RaftServerConfigKeys (ConfUtils.java:logGet(43)) - raft.server.log.force.sync.num = 128 (default)
2019-09-19 11:45:20,730 [pool-77-thread-1] INFO  server.RaftServerConfigKeys (ConfUtils.java:logGet(43)) - raft.server.retrycache.expirytime = 600000ms (custom)
2019-09-19 11:45:20,730 [pool-67-thread-1] INFO  server.RaftServerConfigKeys (ConfUtils.java:logGet(43)) - raft.server.log.write.buffer.size = 33554432 (custom)
2019-09-19 11:45:20,730 [pool-87-thread-1] INFO  server.RaftServerConfigKeys (ConfUtils.java:logGet(43)) - raft.server.log.statemachine.data.sync = true (default)
2019-09-19 11:45:20,731 [pool-67-thread-1] INFO  server.RaftServerConfigKeys (ConfUtils.java:logGet(43)) - raft.server.log.force.sync.num = 128 (default)
2019-09-19 11:45:20,731 [pool-87-thread-1] INFO  server.RaftServerConfigKeys (ConfUtils.java:logGet(43)) - raft.server.log.statemachine.data.sync.timeout = 10s (default)
2019-09-19 11:45:20,731 [pool-67-thread-1] INFO  server.RaftServerConfigKeys (ConfUtils.java:logGet(43)) - raft.server.log.statemachine.data.sync = true (default)
2019-09-19 11:45:20,731 [pool-87-thread-1] INFO  server.RaftServerConfigKeys (ConfUtils.java:logGet(43)) - raft.server.log.statemachine.data.sync.timeout.retry = -1 (default)
2019-09-19 11:45:20,731 [pool-67-thread-1] INFO  server.RaftServerConfigKeys (ConfUtils.java:logGet(43)) - raft.server.log.statemachine.data.sync.timeout = 10s (default)
2019-09-19 11:45:20,731 [pool-87-thread-1] INFO  server.RaftServerConfigKeys (ConfUtils.java:logGet(43)) - raft.server.log.statemachine.data.caching.enabled = true (custom)
2019-09-19 11:45:20,732 [pool-67-thread-1] INFO  server.RaftServerConfigKeys (ConfUtils.java:logGet(43)) - raft.server.log.statemachine.data.sync.timeout.retry = -1 (default)
2019-09-19 11:45:20,732 [pool-67-thread-1] INFO  server.RaftServerConfigKeys (ConfUtils.java:logGet(43)) - raft.server.log.statemachine.data.caching.enabled = true (custom)
2019-09-19 11:45:20,732 [pool-87-thread-1] INFO  segmented.SegmentedRaftLogWorker (SegmentedRaftLogWorker.java:lambda$new$0(132)) - 7ab74afe-3a06-48e8-81a5-116c850ada99@group-ECC8AD9C4A1D-SegmentedRaftLogWorker: flushIndex: setUnconditionally 0 -> -1
2019-09-19 11:45:20,732 [pool-67-thread-1] INFO  segmented.SegmentedRaftLogWorker (SegmentedRaftLogWorker.java:lambda$new$0(132)) - 1ef51437-5145-4abf-870a-167f7b897ac9@group-ECC8AD9C4A1D-SegmentedRaftLogWorker: flushIndex: setUnconditionally 0 -> -1
2019-09-19 11:45:20,732 [pool-87-thread-1] INFO  server.RaftServerConfigKeys (ConfUtils.java:logGet(43)) - raft.server.snapshot.auto.trigger.enabled = true (custom)
2019-09-19 11:45:20,733 [pool-87-thread-1] INFO  server.RaftServerConfigKeys (ConfUtils.java:logGet(43)) - raft.server.snapshot.auto.trigger.threshold = 10000 (custom)
2019-09-19 11:45:20,733 [pool-67-thread-1] INFO  server.RaftServerConfigKeys (ConfUtils.java:logGet(43)) - raft.server.snapshot.auto.trigger.enabled = true (custom)
2019-09-19 11:45:20,733 [pool-87-thread-1] INFO  server.RaftServerConfigKeys (ConfUtils.java:logGet(43)) - raft.server.snapshot.retention.num.files = -1 (default)
2019-09-19 11:45:20,733 [pool-67-thread-1] INFO  server.RaftServerConfigKeys (ConfUtils.java:logGet(43)) - raft.server.snapshot.auto.trigger.threshold = 10000 (custom)
2019-09-19 11:45:20,733 [pool-87-thread-1] INFO  server.RaftServerConfigKeys (ConfUtils.java:logGet(43)) - raft.server.retrycache.expirytime = 600000ms (custom)
2019-09-19 11:45:20,733 [pool-67-thread-1] INFO  server.RaftServerConfigKeys (ConfUtils.java:logGet(43)) - raft.server.snapshot.retention.num.files = -1 (default)
2019-09-19 11:45:20,733 [pool-77-thread-1] INFO  impl.RaftServerImpl (RaftServerImpl.java:start(185)) - 659ebf6d-5767-4313-894f-3fd853d4ec88@group-ECC8AD9C4A1D: start as a follower, conf=-1: [659ebf6d-5767-4313-894f-3fd853d4ec88:192.168.34.13:36827, 1ef51437-5145-4abf-870a-167f7b897ac9:192.168.34.13:41893, 7ab74afe-3a06-48e8-81a5-116c850ada99:192.168.34.13:36710], old=null
2019-09-19 11:45:20,733 [pool-67-thread-1] INFO  server.RaftServerConfigKeys (ConfUtils.java:logGet(43)) - raft.server.retrycache.expirytime = 600000ms (custom)
2019-09-19 11:45:20,734 [pool-77-thread-1] INFO  impl.RaftServerImpl (RaftServerImpl.java:setRole(174)) - 659ebf6d-5767-4313-894f-3fd853d4ec88@group-ECC8AD9C4A1D: changes role from      null to FOLLOWER at term 0 for startAsFollower
2019-09-19 11:45:20,734 [pool-77-thread-1] INFO  impl.RoleInfo (RoleInfo.java:updateAndGet(143)) - 659ebf6d-5767-4313-894f-3fd853d4ec88: start FollowerState
2019-09-19 11:45:20,735 [pool-77-thread-1] INFO  util.JmxRegister (JmxRegister.java:tryRegister(44)) - Successfully registered JMX Bean with object name Ratis:service=RaftServer,group=group-ECC8AD9C4A1D,id=659ebf6d-5767-4313-894f-3fd853d4ec88
2019-09-19 11:45:20,740 [pool-87-thread-1] INFO  impl.RaftServerImpl (RaftServerImpl.java:start(185)) - 7ab74afe-3a06-48e8-81a5-116c850ada99@group-ECC8AD9C4A1D: start as a follower, conf=-1: [659ebf6d-5767-4313-894f-3fd853d4ec88:192.168.34.13:36827, 1ef51437-5145-4abf-870a-167f7b897ac9:192.168.34.13:41893, 7ab74afe-3a06-48e8-81a5-116c850ada99:192.168.34.13:36710], old=null
2019-09-19 11:45:20,740 [pool-87-thread-1] INFO  impl.RaftServerImpl (RaftServerImpl.java:setRole(174)) - 7ab74afe-3a06-48e8-81a5-116c850ada99@group-ECC8AD9C4A1D: changes role from      null to FOLLOWER at term 0 for startAsFollower
2019-09-19 11:45:20,740 [pool-87-thread-1] INFO  impl.RoleInfo (RoleInfo.java:updateAndGet(143)) - 7ab74afe-3a06-48e8-81a5-116c850ada99: start FollowerState
2019-09-19 11:45:20,740 [pool-67-thread-1] INFO  impl.RaftServerImpl (RaftServerImpl.java:start(185)) - 1ef51437-5145-4abf-870a-167f7b897ac9@group-ECC8AD9C4A1D: start as a follower, conf=-1: [659ebf6d-5767-4313-894f-3fd853d4ec88:192.168.34.13:36827, 1ef51437-5145-4abf-870a-167f7b897ac9:192.168.34.13:41893, 7ab74afe-3a06-48e8-81a5-116c850ada99:192.168.34.13:36710], old=null
2019-09-19 11:45:20,740 [pool-87-thread-1] INFO  util.JmxRegister (JmxRegister.java:tryRegister(44)) - Successfully registered JMX Bean with object name Ratis:service=RaftServer,group=group-ECC8AD9C4A1D,id=7ab74afe-3a06-48e8-81a5-116c850ada99
2019-09-19 11:45:20,741 [pool-67-thread-1] INFO  impl.RaftServerImpl (RaftServerImpl.java:setRole(174)) - 1ef51437-5145-4abf-870a-167f7b897ac9@group-ECC8AD9C4A1D: changes role from      null to FOLLOWER at term 0 for startAsFollower
2019-09-19 11:45:20,741 [pool-67-thread-1] INFO  impl.RoleInfo (RoleInfo.java:updateAndGet(143)) - 1ef51437-5145-4abf-870a-167f7b897ac9: start FollowerState
2019-09-19 11:45:20,741 [pool-67-thread-1] INFO  util.JmxRegister (JmxRegister.java:tryRegister(44)) - Successfully registered JMX Bean with object name Ratis:service=RaftServer,group=group-ECC8AD9C4A1D,id=1ef51437-5145-4abf-870a-167f7b897ac9
2019-09-19 11:45:20,749 [RatisPipelineUtilsThread] INFO  pipeline.PipelineStateManager (PipelineStateManager.java:addPipeline(56)) - Created pipeline Pipeline[ Id: b8217f70-8cca-412b-92ed-ecc8ad9c4a1d, Nodes: 659ebf6d-5767-4313-894f-3fd853d4ec88{ip: 192.168.34.13, host: pr-hdds-2153-g484h-410672627, networkLocation: /default-rack, certSerialId: null}1ef51437-5145-4abf-870a-167f7b897ac9{ip: 192.168.34.13, host: pr-hdds-2153-g484h-410672627, networkLocation: /default-rack, certSerialId: null}7ab74afe-3a06-48e8-81a5-116c850ada99{ip: 192.168.34.13, host: pr-hdds-2153-g484h-410672627, networkLocation: /default-rack, certSerialId: null}, Type:RATIS, Factor:THREE, State:OPEN]
2019-09-19 11:45:21,335 [main] WARN  io.KeyOutputStream (KeyOutputStream.java:handleException(276)) - Encountered exception java.io.IOException: Unexpected Storage Container Exception: java.util.concurrent.CompletionException: java.util.concurrent.CompletionException: org.apache.ratis.protocol.GroupMismatchException: 659ebf6d-5767-4313-894f-3fd853d4ec88: group-809A4272F2ED not found. on the pipeline Pipeline[ Id: ce8030db-de7e-4328-b2f9-809a4272f2ed, Nodes: 659ebf6d-5767-4313-894f-3fd853d4ec88{ip: 192.168.34.13, host: pr-hdds-2153-g484h-410672627, networkLocation: /default-rack, certSerialId: null}1ef51437-5145-4abf-870a-167f7b897ac9{ip: 192.168.34.13, host: pr-hdds-2153-g484h-410672627, networkLocation: /default-rack, certSerialId: null}7ab74afe-3a06-48e8-81a5-116c850ada99{ip: 192.168.34.13, host: pr-hdds-2153-g484h-410672627, networkLocation: /default-rack, certSerialId: null}, Type:RATIS, Factor:THREE, State:OPEN]. The last committed block length is 0, uncommitted data length is 150 retry count 0
2019-09-19 11:45:21,394 [grpc-default-executor-5] INFO  client.GrpcClientProtocolClient (GrpcClientProtocolClient.java:onNext(264)) - client-993F431D6777->7a14644b-5fdd-492c-b857-2f48398261f3: receive RaftClientReply:client-993F431D6777->7a14644b-5fdd-492c-b857-2f48398261f3@group-B75535ED1E1B, cid=30, FAILED org.apache.ratis.protocol.NotLeaderException: Server 7a14644b-5fdd-492c-b857-2f48398261f3@group-B75535ED1E1B is not the leader 8a5233fa-4457-4784-b942-ed09b782afbe:192.168.34.13:46299, logIndex=0, commits[7a14644b-5fdd-492c-b857-2f48398261f3:c6, 46264e38-f415-4b93-a490-1c05ab291de8:c6, 8a5233fa-4457-4784-b942-ed09b782afbe:c6]
2019-09-19 11:45:21,532 [grpc-default-executor-5] INFO  client.GrpcClientProtocolClient (GrpcClientProtocolClient.java:onNext(264)) - client-993F431D6777->8a5233fa-4457-4784-b942-ed09b782afbe: receive RaftClientReply:client-993F431D6777->8a5233fa-4457-4784-b942-ed09b782afbe@group-B75535ED1E1B, cid=30, SUCCESS, logIndex=7, commits[8a5233fa-4457-4784-b942-ed09b782afbe:c7, 7a14644b-5fdd-492c-b857-2f48398261f3:c6, 46264e38-f415-4b93-a490-1c05ab291de8:c6]
2019-09-19 11:45:21,561 [grpc-default-executor-1] INFO  client.GrpcClientProtocolClient (GrpcClientProtocolClient.java:onNext(264)) - client-993F431D6777->8a5233fa-4457-4784-b942-ed09b782afbe: receive RaftClientReply:client-993F431D6777->8a5233fa-4457-4784-b942-ed09b782afbe@group-B75535ED1E1B, cid=31, SUCCESS, logIndex=9, commits[8a5233fa-4457-4784-b942-ed09b782afbe:c10, 7a14644b-5fdd-492c-b857-2f48398261f3:c8, 46264e38-f415-4b93-a490-1c05ab291de8:c8]
2019-09-19 11:45:21,595 [grpc-default-executor-1] INFO  client.GrpcClientProtocolClient (GrpcClientProtocolClient.java:onNext(264)) - client-993F431D6777->8a5233fa-4457-4784-b942-ed09b782afbe: receive RaftClientReply:client-993F431D6777->8a5233fa-4457-4784-b942-ed09b782afbe@group-B75535ED1E1B, cid=32, SUCCESS, logIndex=10, commits[8a5233fa-4457-4784-b942-ed09b782afbe:c12, 7a14644b-5fdd-492c-b857-2f48398261f3:c10, 46264e38-f415-4b93-a490-1c05ab291de8:c10]
]]></system-out>
  </testcase>
  <testcase name="testFullBufferCondition" classname="org.apache.hadoop.ozone.client.rpc.TestBlockOutputStream" time="5.467"/>
  <testcase name="testBufferCaching" classname="org.apache.hadoop.ozone.client.rpc.TestBlockOutputStream" time="0.262"/>
  <testcase name="testWriteWithExceedingMaxBufferLimit" classname="org.apache.hadoop.ozone.client.rpc.TestBlockOutputStream" time="0.154"/>
</testsuite>