<?xml version="1.0" encoding="UTF-8"?>
<testsuite xmlns:xsi="http://www.w3.org/2001/XMLSchema-instance" xsi:noNamespaceSchemaLocation="https://maven.apache.org/surefire/maven-surefire-plugin/xsd/surefire-test-report.xsd" name="org.apache.hadoop.ozone.client.rpc.TestOzoneClientRetriesOnException" time="386.232" tests="2" errors="1" skipped="0" failures="0">
  <properties>
    <property name="awt.toolkit" value="sun.awt.X11.XToolkit"/>
    <property name="file.encoding.pkg" value="sun.io"/>
    <property name="java.specification.version" value="1.8"/>
    <property name="sun.cpu.isalist" value=""/>
    <property name="sun.jnu.encoding" value="UTF-8"/>
    <property name="java.class.path" value="/workdir/hadoop-ozone/integration-test/target/test-classes:/workdir/hadoop-ozone/integration-test/target/classes:/home/user/.m2/repository/org/apache/hadoop/hadoop-ozone-common/0.5.0-SNAPSHOT/hadoop-ozone-common-0.5.0-SNAPSHOT.jar:/home/user/.m2/repository/org/apache/commons/commons-compress/1.4.1/commons-compress-1.4.1.jar:/home/user/.m2/repository/org/tukaani/xz/1.0/xz-1.0.jar:/home/user/.m2/repository/org/apache/hadoop/hadoop-common/3.2.0/hadoop-common-3.2.0.jar:/home/user/.m2/repository/org/apache/hadoop/hadoop-hdfs/3.2.0/hadoop-hdfs-3.2.0.jar:/home/user/.m2/repository/org/apache/hadoop/hadoop-hdfs-client/3.2.0/hadoop-hdfs-client-3.2.0.jar:/home/user/.m2/repository/com/fasterxml/jackson/core/jackson-annotations/2.9.5/jackson-annotations-2.9.5.jar:/home/user/.m2/repository/org/apache/hadoop/hadoop-hdds-common/0.5.0-SNAPSHOT/hadoop-hdds-common-0.5.0-SNAPSHOT.jar:/home/user/.m2/repository/javax/annotation/javax.annotation-api/1.2/javax.annotation-api-1.2.jar:/home/user/.m2/repository/org/apache/ratis/ratis-server/0.4.0-2337318-SNAPSHOT/ratis-server-0.4.0-2337318-SNAPSHOT.jar:/home/user/.m2/repository/org/apache/ratis/ratis-thirdparty-misc/0.2.0/ratis-thirdparty-misc-0.2.0.jar:/home/user/.m2/repository/org/apache/ratis/ratis-proto/0.4.0-2337318-SNAPSHOT/ratis-proto-0.4.0-2337318-SNAPSHOT.jar:/home/user/.m2/repository/org/apache/ratis/ratis-common/0.4.0-2337318-SNAPSHOT/ratis-common-0.4.0-2337318-SNAPSHOT.jar:/home/user/.m2/repository/org/apache/ratis/ratis-client/0.4.0-2337318-SNAPSHOT/ratis-client-0.4.0-2337318-SNAPSHOT.jar:/home/user/.m2/repository/org/apache/ratis/ratis-metrics/0.4.0-2337318-SNAPSHOT/ratis-metrics-0.4.0-2337318-SNAPSHOT.jar:/home/user/.m2/repository/org/apache/ratis/ratis-netty/0.4.0-2337318-SNAPSHOT/ratis-netty-0.4.0-2337318-SNAPSHOT.jar:/home/user/.m2/repository/org/apache/ratis/ratis-grpc/0.4.0-2337318-SNAPSHOT/ratis-grpc-0.4.0-2337318-SNAPSHOT.jar:/home/user/.m2/repository/org/rocksdb/rocksdbjni/6.0.1/rocksdbjni-6.0.1.jar:/home/user/.m2/repository/org/apache/logging/log4j/log4j-api/2.11.0/log4j-api-2.11.0.jar:/home/user/.m2/repository/org/apache/logging/log4j/log4j-core/2.11.0/log4j-core-2.11.0.jar:/home/user/.m2/repository/com/lmax/disruptor/3.4.2/disruptor-3.4.2.jar:/home/user/.m2/repository/org/apache/commons/commons-pool2/2.6.0/commons-pool2-2.6.0.jar:/home/user/.m2/repository/org/bouncycastle/bcpkix-jdk15on/1.60/bcpkix-jdk15on-1.60.jar:/home/user/.m2/repository/commons-validator/commons-validator/1.6/commons-validator-1.6.jar:/home/user/.m2/repository/commons-digester/commons-digester/1.8.1/commons-digester-1.8.1.jar:/home/user/.m2/repository/io/jaegertracing/jaeger-client/0.33.1/jaeger-client-0.33.1.jar:/home/user/.m2/repository/io/jaegertracing/jaeger-thrift/0.33.1/jaeger-thrift-0.33.1.jar:/home/user/.m2/repository/org/apache/thrift/libthrift/0.11.0/libthrift-0.11.0.jar:/home/user/.m2/repository/com/squareup/okhttp3/okhttp/3.9.0/okhttp-3.9.0.jar:/home/user/.m2/repository/com/squareup/okio/okio/1.13.0/okio-1.13.0.jar:/home/user/.m2/repository/io/jaegertracing/jaeger-core/0.33.1/jaeger-core-0.33.1.jar:/home/user/.m2/repository/io/jaegertracing/jaeger-tracerresolver/0.33.1/jaeger-tracerresolver-0.33.1.jar:/home/user/.m2/repository/io/opentracing/contrib/opentracing-tracerresolver/0.1.5/opentracing-tracerresolver-0.1.5.jar:/home/user/.m2/repository/io/opentracing/opentracing-util/0.31.0/opentracing-util-0.31.0.jar:/home/user/.m2/repository/io/opentracing/opentracing-api/0.31.0/opentracing-api-0.31.0.jar:/home/user/.m2/repository/io/opentracing/opentracing-noop/0.31.0/opentracing-noop-0.31.0.jar:/home/user/.m2/repository/org/apache/hadoop/hadoop-hdds-server-framework/0.5.0-SNAPSHOT/hadoop-hdds-server-framework-0.5.0-SNAPSHOT.jar:/home/user/.m2/repository/org/apache/hadoop/hadoop-hdds-container-service/0.5.0-SNAPSHOT/hadoop-hdds-container-service-0.5.0-SNAPSHOT.jar:/home/user/.m2/repository/org/apache/hadoop/hadoop-hdds-client/0.5.0-SNAPSHOT/hadoop-hdds-client-0.5.0-SNAPSHOT.jar:/home/user/.m2/repository/org/apache/hadoop/hadoop-hdds-tools/0.5.0-SNAPSHOT/hadoop-hdds-tools-0.5.0-SNAPSHOT.jar:/home/user/.m2/repository/org/apache/hadoop/hadoop-hdds-server-scm/0.5.0-SNAPSHOT/hadoop-hdds-server-scm-0.5.0-SNAPSHOT.jar:/home/user/.m2/repository/org/apache/hadoop/hadoop-hdds-docs/0.5.0-SNAPSHOT/hadoop-hdds-docs-0.5.0-SNAPSHOT.jar:/home/user/.m2/repository/io/dropwizard/metrics/metrics-core/3.2.4/metrics-core-3.2.4.jar:/home/user/.m2/repository/org/hamcrest/hamcrest-all/1.3/hamcrest-all-1.3.jar:/home/user/.m2/repository/org/bouncycastle/bcprov-jdk15on/1.60/bcprov-jdk15on-1.60.jar:/home/user/.m2/repository/info/picocli/picocli/3.9.6/picocli-3.9.6.jar:/home/user/.m2/repository/com/google/protobuf/protobuf-java/2.5.0/protobuf-java-2.5.0.jar:/home/user/.m2/repository/com/google/guava/guava/11.0.2/guava-11.0.2.jar:/home/user/.m2/repository/org/apache/hadoop/hadoop-ozone-ozone-manager/0.5.0-SNAPSHOT/hadoop-ozone-ozone-manager-0.5.0-SNAPSHOT.jar:/home/user/.m2/repository/org/apache/hadoop/hadoop-minikdc/3.2.0/hadoop-minikdc-3.2.0.jar:/home/user/.m2/repository/commons-io/commons-io/2.5/commons-io-2.5.jar:/home/user/.m2/repository/org/apache/kerby/kerb-simplekdc/1.0.1/kerb-simplekdc-1.0.1.jar:/home/user/.m2/repository/org/apache/kerby/kerb-client/1.0.1/kerb-client-1.0.1.jar:/home/user/.m2/repository/org/apache/kerby/kerby-config/1.0.1/kerby-config-1.0.1.jar:/home/user/.m2/repository/org/apache/kerby/kerb-core/1.0.1/kerb-core-1.0.1.jar:/home/user/.m2/repository/org/apache/kerby/kerby-pkix/1.0.1/kerby-pkix-1.0.1.jar:/home/user/.m2/repository/org/apache/kerby/kerby-asn1/1.0.1/kerby-asn1-1.0.1.jar:/home/user/.m2/repository/org/apache/kerby/kerby-util/1.0.1/kerby-util-1.0.1.jar:/home/user/.m2/repository/org/apache/kerby/kerb-common/1.0.1/kerb-common-1.0.1.jar:/home/user/.m2/repository/org/apache/kerby/kerb-crypto/1.0.1/kerb-crypto-1.0.1.jar:/home/user/.m2/repository/org/apache/kerby/kerb-util/1.0.1/kerb-util-1.0.1.jar:/home/user/.m2/repository/org/apache/kerby/token-provider/1.0.1/token-provider-1.0.1.jar:/home/user/.m2/repository/org/apache/kerby/kerb-admin/1.0.1/kerb-admin-1.0.1.jar:/home/user/.m2/repository/org/apache/kerby/kerb-server/1.0.1/kerb-server-1.0.1.jar:/home/user/.m2/repository/org/apache/kerby/kerb-identity/1.0.1/kerb-identity-1.0.1.jar:/home/user/.m2/repository/org/apache/kerby/kerby-xdr/1.0.1/kerby-xdr-1.0.1.jar:/home/user/.m2/repository/org/slf4j/slf4j-log4j12/1.7.25/slf4j-log4j12-1.7.25.jar:/home/user/.m2/repository/org/apache/hadoop/hadoop-ozone-s3gateway/0.5.0-SNAPSHOT/hadoop-ozone-s3gateway-0.5.0-SNAPSHOT.jar:/home/user/.m2/repository/org/jboss/weld/servlet/weld-servlet/2.4.7.Final/weld-servlet-2.4.7.Final.jar:/home/user/.m2/repository/org/glassfish/jersey/containers/jersey-container-servlet-core/2.27/jersey-container-servlet-core-2.27.jar:/home/user/.m2/repository/org/glassfish/hk2/external/javax.inject/2.5.0-b42/javax.inject-2.5.0-b42.jar:/home/user/.m2/repository/org/glassfish/jersey/core/jersey-common/2.27/jersey-common-2.27.jar:/home/user/.m2/repository/org/glassfish/hk2/osgi-resource-locator/1.0.1/osgi-resource-locator-1.0.1.jar:/home/user/.m2/repository/javax/ws/rs/javax.ws.rs-api/2.1/javax.ws.rs-api-2.1.jar:/home/user/.m2/repository/org/glassfish/jersey/ext/cdi/jersey-cdi1x/2.27/jersey-cdi1x-2.27.jar:/home/user/.m2/repository/org/glassfish/jersey/inject/jersey-hk2/2.27/jersey-hk2-2.27.jar:/home/user/.m2/repository/org/glassfish/hk2/hk2-locator/2.5.0-b42/hk2-locator-2.5.0-b42.jar:/home/user/.m2/repository/org/javassist/javassist/3.22.0-CR2/javassist-3.22.0-CR2.jar:/home/user/.m2/repository/org/glassfish/hk2/hk2-api/2.5.0/hk2-api-2.5.0.jar:/home/user/.m2/repository/org/glassfish/hk2/external/jakarta.inject/2.5.0/jakarta.inject-2.5.0.jar:/home/user/.m2/repository/org/glassfish/hk2/hk2-utils/2.5.0/hk2-utils-2.5.0.jar:/home/user/.m2/repository/jakarta/annotation/jakarta.annotation-api/1.3.4/jakarta.annotation-api-1.3.4.jar:/home/user/.m2/repository/org/glassfish/hk2/external/aopalliance-repackaged/2.5.0/aopalliance-repackaged-2.5.0.jar:/home/user/.m2/repository/com/fasterxml/jackson/dataformat/jackson-dataformat-xml/2.9.0/jackson-dataformat-xml-2.9.0.jar:/home/user/.m2/repository/com/fasterxml/jackson/core/jackson-core/2.9.5/jackson-core-2.9.5.jar:/home/user/.m2/repository/com/fasterxml/jackson/module/jackson-module-jaxb-annotations/2.9.5/jackson-module-jaxb-annotations-2.9.5.jar:/home/user/.m2/repository/javax/enterprise/cdi-api/1.2/cdi-api-1.2.jar:/home/user/.m2/repository/javax/el/javax.el-api/3.0.0/javax.el-api-3.0.0.jar:/home/user/.m2/repository/javax/interceptor/javax.interceptor-api/1.2/javax.interceptor-api-1.2.jar:/home/user/.m2/repository/javax/inject/javax.inject/1/javax.inject-1.jar:/home/user/.m2/repository/com/sun/xml/bind/jaxb-impl/2.3.0.1/jaxb-impl-2.3.0.1.jar:/home/user/.m2/repository/com/sun/xml/bind/jaxb-core/2.3.0.1/jaxb-core-2.3.0.1.jar:/home/user/.m2/repository/javax/xml/bind/jaxb-api/2.3.0/jaxb-api-2.3.0.jar:/home/user/.m2/repository/javax/activation/activation/1.1.1/activation-1.1.1.jar:/home/user/.m2/repository/org/apache/hadoop/hadoop-ozone-csi/0.5.0-SNAPSHOT/hadoop-ozone-csi-0.5.0-SNAPSHOT.jar:/home/user/.m2/repository/com/google/protobuf/protobuf-java-util/3.5.1/protobuf-java-util-3.5.1.jar:/home/user/.m2/repository/org/apache/hadoop/hadoop-hdds-config/0.5.0-SNAPSHOT/hadoop-hdds-config-0.5.0-SNAPSHOT.jar:/home/user/.m2/repository/io/grpc/grpc-netty/1.17.1/grpc-netty-1.17.1.jar:/home/user/.m2/repository/io/grpc/grpc-core/1.17.1/grpc-core-1.17.1.jar:/home/user/.m2/repository/io/grpc/grpc-context/1.17.1/grpc-context-1.17.1.jar:/home/user/.m2/repository/com/google/errorprone/error_prone_annotations/2.2.0/error_prone_annotations-2.2.0.jar:/home/user/.m2/repository/org/codehaus/mojo/animal-sniffer-annotations/1.17/animal-sniffer-annotations-1.17.jar:/home/user/.m2/repository/io/opencensus/opencensus-api/0.17.0/opencensus-api-0.17.0.jar:/home/user/.m2/repository/io/opencensus/opencensus-contrib-grpc-metrics/0.17.0/opencensus-contrib-grpc-metrics-0.17.0.jar:/home/user/.m2/repository/io/netty/netty-codec-http2/4.1.30.Final/netty-codec-http2-4.1.30.Final.jar:/home/user/.m2/repository/io/netty/netty-codec-http/4.1.30.Final/netty-codec-http-4.1.30.Final.jar:/home/user/.m2/repository/io/netty/netty-codec/4.1.30.Final/netty-codec-4.1.30.Final.jar:/home/user/.m2/repository/io/netty/netty-handler/4.1.30.Final/netty-handler-4.1.30.Final.jar:/home/user/.m2/repository/io/netty/netty-handler-proxy/4.1.30.Final/netty-handler-proxy-4.1.30.Final.jar:/home/user/.m2/repository/io/netty/netty-codec-socks/4.1.30.Final/netty-codec-socks-4.1.30.Final.jar:/home/user/.m2/repository/io/netty/netty-transport-native-epoll/4.1.30.Final/netty-transport-native-epoll-4.1.30.Final.jar:/home/user/.m2/repository/io/netty/netty-common/4.1.30.Final/netty-common-4.1.30.Final.jar:/home/user/.m2/repository/io/netty/netty-buffer/4.1.30.Final/netty-buffer-4.1.30.Final.jar:/home/user/.m2/repository/io/netty/netty-transport/4.1.30.Final/netty-transport-4.1.30.Final.jar:/home/user/.m2/repository/io/netty/netty-resolver/4.1.30.Final/netty-resolver-4.1.30.Final.jar:/home/user/.m2/repository/io/netty/netty-transport-native-unix-common/4.1.30.Final/netty-transport-native-unix-common-4.1.30.Final.jar:/home/user/.m2/repository/io/grpc/grpc-protobuf/1.17.1/grpc-protobuf-1.17.1.jar:/home/user/.m2/repository/com/google/api/grpc/proto-google-common-protos/1.0.0/proto-google-common-protos-1.0.0.jar:/home/user/.m2/repository/io/grpc/grpc-protobuf-lite/1.17.1/grpc-protobuf-lite-1.17.1.jar:/home/user/.m2/repository/io/grpc/grpc-stub/1.17.1/grpc-stub-1.17.1.jar:/home/user/.m2/repository/org/apache/hadoop/hadoop-ozone-recon/0.5.0-SNAPSHOT/hadoop-ozone-recon-0.5.0-SNAPSHOT.jar:/home/user/.m2/repository/org/apache/hadoop/hadoop-ozone-reconcodegen/0.5.0-SNAPSHOT/hadoop-ozone-reconcodegen-0.5.0-SNAPSHOT.jar:/home/user/.m2/repository/com/google/inject/extensions/guice-multibindings/4.0/guice-multibindings-4.0.jar:/home/user/.m2/repository/com/google/inject/guice/4.0/guice-4.0.jar:/home/user/.m2/repository/aopalliance/aopalliance/1.0/aopalliance-1.0.jar:/home/user/.m2/repository/com/google/inject/extensions/guice-servlet/4.0/guice-servlet-4.0.jar:/home/user/.m2/repository/org/glassfish/jersey/containers/jersey-container-servlet/2.27/jersey-container-servlet-2.27.jar:/home/user/.m2/repository/org/glassfish/hk2/guice-bridge/2.5.0/guice-bridge-2.5.0.jar:/home/user/.m2/repository/org/glassfish/jersey/core/jersey-server/2.27/jersey-server-2.27.jar:/home/user/.m2/repository/org/glassfish/jersey/core/jersey-client/2.27/jersey-client-2.27.jar:/home/user/.m2/repository/org/glassfish/jersey/media/jersey-media-jaxb/2.27/jersey-media-jaxb-2.27.jar:/home/user/.m2/repository/javax/validation/validation-api/1.1.0.Final/validation-api-1.1.0.Final.jar:/home/user/.m2/repository/org/glassfish/jersey/media/jersey-media-json-jackson/2.27/jersey-media-json-jackson-2.27.jar:/home/user/.m2/repository/org/glassfish/jersey/ext/jersey-entity-filtering/2.27/jersey-entity-filtering-2.27.jar:/home/user/.m2/repository/com/google/inject/extensions/guice-assistedinject/4.0/guice-assistedinject-4.0.jar:/home/user/.m2/repository/org/jooq/jooq/3.11.10/jooq-3.11.10.jar:/home/user/.m2/repository/org/jooq/jooq-meta/3.11.10/jooq-meta-3.11.10.jar:/home/user/.m2/repository/org/jooq/jooq-codegen/3.11.10/jooq-codegen-3.11.10.jar:/home/user/.m2/repository/com/jolbox/bonecp/0.8.0.RELEASE/bonecp-0.8.0.RELEASE.jar:/home/user/.m2/repository/org/xerial/sqlite-jdbc/3.25.2/sqlite-jdbc-3.25.2.jar:/home/user/.m2/repository/org/springframework/spring-jdbc/5.1.3.RELEASE/spring-jdbc-5.1.3.RELEASE.jar:/home/user/.m2/repository/org/springframework/spring-beans/5.1.3.RELEASE/spring-beans-5.1.3.RELEASE.jar:/home/user/.m2/repository/org/springframework/spring-core/5.1.3.RELEASE/spring-core-5.1.3.RELEASE.jar:/home/user/.m2/repository/org/springframework/spring-jcl/5.1.3.RELEASE/spring-jcl-5.1.3.RELEASE.jar:/home/user/.m2/repository/org/springframework/spring-tx/5.1.3.RELEASE/spring-tx-5.1.3.RELEASE.jar:/home/user/.m2/repository/org/apache/hadoop/hadoop-ozone-client/0.5.0-SNAPSHOT/hadoop-ozone-client-0.5.0-SNAPSHOT.jar:/home/user/.m2/repository/commons-lang/commons-lang/2.6/commons-lang-2.6.jar:/home/user/.m2/repository/org/apache/hadoop/hadoop-ozone-ozone-manager/0.5.0-SNAPSHOT/hadoop-ozone-ozone-manager-0.5.0-SNAPSHOT-tests.jar:/home/user/.m2/repository/junit/junit/4.11/junit-4.11.jar:/home/user/.m2/repository/org/hamcrest/hamcrest-core/1.3/hamcrest-core-1.3.jar:/home/user/.m2/repository/org/openjdk/jmh/jmh-core/1.19/jmh-core-1.19.jar:/home/user/.m2/repository/net/sf/jopt-simple/jopt-simple/4.6/jopt-simple-4.6.jar:/home/user/.m2/repository/org/apache/commons/commons-math3/3.1.1/commons-math3-3.1.1.jar:/home/user/.m2/repository/org/openjdk/jmh/jmh-generator-annprocess/1.19/jmh-generator-annprocess-1.19.jar:/home/user/.m2/repository/org/mockito/mockito-all/1.8.5/mockito-all-1.8.5.jar:/home/user/.m2/repository/org/apache/hadoop/hadoop-kms/3.2.0/hadoop-kms-3.2.0.jar:/home/user/.m2/repository/org/apache/hadoop/hadoop-auth/3.2.0/hadoop-auth-3.2.0.jar:/home/user/.m2/repository/com/nimbusds/nimbus-jose-jwt/4.41.1/nimbus-jose-jwt-4.41.1.jar:/home/user/.m2/repository/com/github/stephenc/jcip/jcip-annotations/1.0-1/jcip-annotations-1.0-1.jar:/home/user/.m2/repository/net/minidev/json-smart/2.3/json-smart-2.3.jar:/home/user/.m2/repository/net/minidev/accessors-smart/1.2/accessors-smart-1.2.jar:/home/user/.m2/repository/org/ow2/asm/asm/5.0.4/asm-5.0.4.jar:/home/user/.m2/repository/org/apache/curator/curator-framework/2.12.0/curator-framework-2.12.0.jar:/home/user/.m2/repository/com/sun/jersey/jersey-core/1.19/jersey-core-1.19.jar:/home/user/.m2/repository/javax/ws/rs/jsr311-api/1.1.1/jsr311-api-1.1.1.jar:/home/user/.m2/repository/com/sun/jersey/jersey-server/1.19/jersey-server-1.19.jar:/home/user/.m2/repository/javax/servlet/javax.servlet-api/3.1.0/javax.servlet-api-3.1.0.jar:/home/user/.m2/repository/org/eclipse/jetty/jetty-server/9.3.24.v20180605/jetty-server-9.3.24.v20180605.jar:/home/user/.m2/repository/org/eclipse/jetty/jetty-http/9.3.24.v20180605/jetty-http-9.3.24.v20180605.jar:/home/user/.m2/repository/org/eclipse/jetty/jetty-io/9.3.24.v20180605/jetty-io-9.3.24.v20180605.jar:/home/user/.m2/repository/org/eclipse/jetty/jetty-webapp/9.3.24.v20180605/jetty-webapp-9.3.24.v20180605.jar:/home/user/.m2/repository/org/eclipse/jetty/jetty-xml/9.3.24.v20180605/jetty-xml-9.3.24.v20180605.jar:/home/user/.m2/repository/log4j/log4j/1.2.17/log4j-1.2.17.jar:/home/user/.m2/repository/org/slf4j/slf4j-api/1.7.25/slf4j-api-1.7.25.jar:/home/user/.m2/repository/org/slf4j/jul-to-slf4j/1.7.25/jul-to-slf4j-1.7.25.jar:/home/user/.m2/repository/org/eclipse/jetty/jetty-util/9.3.24.v20180605/jetty-util-9.3.24.v20180605.jar:/home/user/.m2/repository/com/fasterxml/jackson/core/jackson-databind/2.9.5/jackson-databind-2.9.5.jar:/home/user/.m2/repository/org/apache/hadoop/hadoop-kms/3.2.0/hadoop-kms-3.2.0-tests.jar:/home/user/.m2/repository/org/apache/hadoop/hadoop-hdds-server-scm/0.5.0-SNAPSHOT/hadoop-hdds-server-scm-0.5.0-SNAPSHOT-tests.jar:/home/user/.m2/repository/org/apache/hadoop/hadoop-hdds-container-service/0.5.0-SNAPSHOT/hadoop-hdds-container-service-0.5.0-SNAPSHOT-tests.jar:/home/user/.m2/repository/org/yaml/snakeyaml/1.16/snakeyaml-1.16.jar:/home/user/.m2/repository/org/apache/hadoop/hadoop-common/3.2.0/hadoop-common-3.2.0-tests.jar:/home/user/.m2/repository/org/apache/hadoop/hadoop-annotations/3.2.0/hadoop-annotations-3.2.0.jar:/usr/lib/jvm/java-1.8-openjdk/jre/../lib/tools.jar:/home/user/.m2/repository/commons-cli/commons-cli/1.2/commons-cli-1.2.jar:/home/user/.m2/repository/org/apache/httpcomponents/httpclient/4.5.2/httpclient-4.5.2.jar:/home/user/.m2/repository/org/apache/httpcomponents/httpcore/4.4.4/httpcore-4.4.4.jar:/home/user/.m2/repository/commons-codec/commons-codec/1.11/commons-codec-1.11.jar:/home/user/.m2/repository/commons-net/commons-net/3.6/commons-net-3.6.jar:/home/user/.m2/repository/commons-collections/commons-collections/3.2.2/commons-collections-3.2.2.jar:/home/user/.m2/repository/org/eclipse/jetty/jetty-servlet/9.3.24.v20180605/jetty-servlet-9.3.24.v20180605.jar:/home/user/.m2/repository/org/eclipse/jetty/jetty-security/9.3.24.v20180605/jetty-security-9.3.24.v20180605.jar:/home/user/.m2/repository/javax/servlet/jsp/jsp-api/2.1/jsp-api-2.1.jar:/home/user/.m2/repository/com/sun/jersey/jersey-servlet/1.19/jersey-servlet-1.19.jar:/home/user/.m2/repository/com/sun/jersey/jersey-json/1.19/jersey-json-1.19.jar:/home/user/.m2/repository/org/codehaus/jettison/jettison/1.1/jettison-1.1.jar:/home/user/.m2/repository/org/codehaus/jackson/jackson-core-asl/1.9.13/jackson-core-asl-1.9.13.jar:/home/user/.m2/repository/org/codehaus/jackson/jackson-mapper-asl/1.9.13/jackson-mapper-asl-1.9.13.jar:/home/user/.m2/repository/org/codehaus/jackson/jackson-jaxrs/1.9.13/jackson-jaxrs-1.9.13.jar:/home/user/.m2/repository/org/codehaus/jackson/jackson-xc/1.9.13/jackson-xc-1.9.13.jar:/home/user/.m2/repository/commons-logging/commons-logging/1.1.3/commons-logging-1.1.3.jar:/home/user/.m2/repository/commons-beanutils/commons-beanutils/1.9.3/commons-beanutils-1.9.3.jar:/home/user/.m2/repository/org/apache/commons/commons-configuration2/2.1.1/commons-configuration2-2.1.1.jar:/home/user/.m2/repository/org/apache/commons/commons-lang3/3.7/commons-lang3-3.7.jar:/home/user/.m2/repository/org/apache/commons/commons-text/1.4/commons-text-1.4.jar:/home/user/.m2/repository/org/apache/avro/avro/1.7.7/avro-1.7.7.jar:/home/user/.m2/repository/com/thoughtworks/paranamer/paranamer/2.3/paranamer-2.3.jar:/home/user/.m2/repository/org/xerial/snappy/snappy-java/1.0.5/snappy-java-1.0.5.jar:/home/user/.m2/repository/com/google/re2j/re2j/1.1/re2j-1.1.jar:/home/user/.m2/repository/com/google/code/gson/gson/2.2.4/gson-2.2.4.jar:/home/user/.m2/repository/com/jcraft/jsch/0.1.54/jsch-0.1.54.jar:/home/user/.m2/repository/org/apache/curator/curator-client/2.12.0/curator-client-2.12.0.jar:/home/user/.m2/repository/org/apache/curator/curator-recipes/2.12.0/curator-recipes-2.12.0.jar:/home/user/.m2/repository/com/google/code/findbugs/jsr305/3.0.0/jsr305-3.0.0.jar:/home/user/.m2/repository/org/apache/htrace/htrace-core4/4.1.0-incubating/htrace-core4-4.1.0-incubating.jar:/home/user/.m2/repository/org/apache/zookeeper/zookeeper/3.4.13/zookeeper-3.4.13.jar:/home/user/.m2/repository/org/apache/yetus/audience-annotations/0.5.0/audience-annotations-0.5.0.jar:/home/user/.m2/repository/org/codehaus/woodstox/stax2-api/3.1.4/stax2-api-3.1.4.jar:/home/user/.m2/repository/com/fasterxml/woodstox/woodstox-core/5.0.3/woodstox-core-5.0.3.jar:/home/user/.m2/repository/dnsjava/dnsjava/2.1.7/dnsjava-2.1.7.jar:/home/user/.m2/repository/org/apache/hadoop/hadoop-hdfs/3.2.0/hadoop-hdfs-3.2.0-tests.jar:/home/user/.m2/repository/org/eclipse/jetty/jetty-util-ajax/9.3.24.v20180605/jetty-util-ajax-9.3.24.v20180605.jar:/home/user/.m2/repository/commons-daemon/commons-daemon/1.0.13/commons-daemon-1.0.13.jar:/home/user/.m2/repository/io/netty/netty/3.10.5.Final/netty-3.10.5.Final.jar:/home/user/.m2/repository/io/netty/netty-all/4.0.52.Final/netty-all-4.0.52.Final.jar:/home/user/.m2/repository/org/fusesource/leveldbjni/leveldbjni-all/1.8/leveldbjni-all-1.8.jar:"/>
    <property name="java.vm.vendor" value="IcedTea"/>
    <property name="sun.arch.data.model" value="64"/>
    <property name="test.build.dir" value="/workdir/hadoop-ozone/integration-test/target/test-dir"/>
    <property name="test.cache.data" value=""/>
    <property name="java.vendor.url" value="https://icedtea.classpath.org"/>
    <property name="user.timezone" value=""/>
    <property name="java.vm.specification.version" value="1.8"/>
    <property name="os.name" value="Linux"/>
    <property name="test.build.data" value="/workdir/hadoop-ozone/integration-test/target/test-dir"/>
    <property name="user.country" value="US"/>
    <property name="sun.java.launcher" value="SUN_STANDARD"/>
    <property name="sun.boot.library.path" value="/usr/lib/jvm/java-1.8-openjdk/jre/lib/amd64"/>
    <property name="sun.java.command" value="/workdir/hadoop-ozone/integration-test/target/surefire/surefirebooter10440561467411341.jar /workdir/hadoop-ozone/integration-test/target/surefire 2019-08-31T21-36-40_695-jvmRun1 surefire1882395910097239891tmp surefire_539160612034504825283tmp"/>
    <property name="test" value="!TestMiniChaosOzoneCluster"/>
    <property name="surefire.test.class.path" value="/workdir/hadoop-ozone/integration-test/target/test-classes:/workdir/hadoop-ozone/integration-test/target/classes:/home/user/.m2/repository/org/apache/hadoop/hadoop-ozone-common/0.5.0-SNAPSHOT/hadoop-ozone-common-0.5.0-SNAPSHOT.jar:/home/user/.m2/repository/org/apache/commons/commons-compress/1.4.1/commons-compress-1.4.1.jar:/home/user/.m2/repository/org/tukaani/xz/1.0/xz-1.0.jar:/home/user/.m2/repository/org/apache/hadoop/hadoop-common/3.2.0/hadoop-common-3.2.0.jar:/home/user/.m2/repository/org/apache/hadoop/hadoop-hdfs/3.2.0/hadoop-hdfs-3.2.0.jar:/home/user/.m2/repository/org/apache/hadoop/hadoop-hdfs-client/3.2.0/hadoop-hdfs-client-3.2.0.jar:/home/user/.m2/repository/com/fasterxml/jackson/core/jackson-annotations/2.9.5/jackson-annotations-2.9.5.jar:/home/user/.m2/repository/org/apache/hadoop/hadoop-hdds-common/0.5.0-SNAPSHOT/hadoop-hdds-common-0.5.0-SNAPSHOT.jar:/home/user/.m2/repository/javax/annotation/javax.annotation-api/1.2/javax.annotation-api-1.2.jar:/home/user/.m2/repository/org/apache/ratis/ratis-server/0.4.0-2337318-SNAPSHOT/ratis-server-0.4.0-2337318-SNAPSHOT.jar:/home/user/.m2/repository/org/apache/ratis/ratis-thirdparty-misc/0.2.0/ratis-thirdparty-misc-0.2.0.jar:/home/user/.m2/repository/org/apache/ratis/ratis-proto/0.4.0-2337318-SNAPSHOT/ratis-proto-0.4.0-2337318-SNAPSHOT.jar:/home/user/.m2/repository/org/apache/ratis/ratis-common/0.4.0-2337318-SNAPSHOT/ratis-common-0.4.0-2337318-SNAPSHOT.jar:/home/user/.m2/repository/org/apache/ratis/ratis-client/0.4.0-2337318-SNAPSHOT/ratis-client-0.4.0-2337318-SNAPSHOT.jar:/home/user/.m2/repository/org/apache/ratis/ratis-metrics/0.4.0-2337318-SNAPSHOT/ratis-metrics-0.4.0-2337318-SNAPSHOT.jar:/home/user/.m2/repository/org/apache/ratis/ratis-netty/0.4.0-2337318-SNAPSHOT/ratis-netty-0.4.0-2337318-SNAPSHOT.jar:/home/user/.m2/repository/org/apache/ratis/ratis-grpc/0.4.0-2337318-SNAPSHOT/ratis-grpc-0.4.0-2337318-SNAPSHOT.jar:/home/user/.m2/repository/org/rocksdb/rocksdbjni/6.0.1/rocksdbjni-6.0.1.jar:/home/user/.m2/repository/org/apache/logging/log4j/log4j-api/2.11.0/log4j-api-2.11.0.jar:/home/user/.m2/repository/org/apache/logging/log4j/log4j-core/2.11.0/log4j-core-2.11.0.jar:/home/user/.m2/repository/com/lmax/disruptor/3.4.2/disruptor-3.4.2.jar:/home/user/.m2/repository/org/apache/commons/commons-pool2/2.6.0/commons-pool2-2.6.0.jar:/home/user/.m2/repository/org/bouncycastle/bcpkix-jdk15on/1.60/bcpkix-jdk15on-1.60.jar:/home/user/.m2/repository/commons-validator/commons-validator/1.6/commons-validator-1.6.jar:/home/user/.m2/repository/commons-digester/commons-digester/1.8.1/commons-digester-1.8.1.jar:/home/user/.m2/repository/io/jaegertracing/jaeger-client/0.33.1/jaeger-client-0.33.1.jar:/home/user/.m2/repository/io/jaegertracing/jaeger-thrift/0.33.1/jaeger-thrift-0.33.1.jar:/home/user/.m2/repository/org/apache/thrift/libthrift/0.11.0/libthrift-0.11.0.jar:/home/user/.m2/repository/com/squareup/okhttp3/okhttp/3.9.0/okhttp-3.9.0.jar:/home/user/.m2/repository/com/squareup/okio/okio/1.13.0/okio-1.13.0.jar:/home/user/.m2/repository/io/jaegertracing/jaeger-core/0.33.1/jaeger-core-0.33.1.jar:/home/user/.m2/repository/io/jaegertracing/jaeger-tracerresolver/0.33.1/jaeger-tracerresolver-0.33.1.jar:/home/user/.m2/repository/io/opentracing/contrib/opentracing-tracerresolver/0.1.5/opentracing-tracerresolver-0.1.5.jar:/home/user/.m2/repository/io/opentracing/opentracing-util/0.31.0/opentracing-util-0.31.0.jar:/home/user/.m2/repository/io/opentracing/opentracing-api/0.31.0/opentracing-api-0.31.0.jar:/home/user/.m2/repository/io/opentracing/opentracing-noop/0.31.0/opentracing-noop-0.31.0.jar:/home/user/.m2/repository/org/apache/hadoop/hadoop-hdds-server-framework/0.5.0-SNAPSHOT/hadoop-hdds-server-framework-0.5.0-SNAPSHOT.jar:/home/user/.m2/repository/org/apache/hadoop/hadoop-hdds-container-service/0.5.0-SNAPSHOT/hadoop-hdds-container-service-0.5.0-SNAPSHOT.jar:/home/user/.m2/repository/org/apache/hadoop/hadoop-hdds-client/0.5.0-SNAPSHOT/hadoop-hdds-client-0.5.0-SNAPSHOT.jar:/home/user/.m2/repository/org/apache/hadoop/hadoop-hdds-tools/0.5.0-SNAPSHOT/hadoop-hdds-tools-0.5.0-SNAPSHOT.jar:/home/user/.m2/repository/org/apache/hadoop/hadoop-hdds-server-scm/0.5.0-SNAPSHOT/hadoop-hdds-server-scm-0.5.0-SNAPSHOT.jar:/home/user/.m2/repository/org/apache/hadoop/hadoop-hdds-docs/0.5.0-SNAPSHOT/hadoop-hdds-docs-0.5.0-SNAPSHOT.jar:/home/user/.m2/repository/io/dropwizard/metrics/metrics-core/3.2.4/metrics-core-3.2.4.jar:/home/user/.m2/repository/org/hamcrest/hamcrest-all/1.3/hamcrest-all-1.3.jar:/home/user/.m2/repository/org/bouncycastle/bcprov-jdk15on/1.60/bcprov-jdk15on-1.60.jar:/home/user/.m2/repository/info/picocli/picocli/3.9.6/picocli-3.9.6.jar:/home/user/.m2/repository/com/google/protobuf/protobuf-java/2.5.0/protobuf-java-2.5.0.jar:/home/user/.m2/repository/com/google/guava/guava/11.0.2/guava-11.0.2.jar:/home/user/.m2/repository/org/apache/hadoop/hadoop-ozone-ozone-manager/0.5.0-SNAPSHOT/hadoop-ozone-ozone-manager-0.5.0-SNAPSHOT.jar:/home/user/.m2/repository/org/apache/hadoop/hadoop-minikdc/3.2.0/hadoop-minikdc-3.2.0.jar:/home/user/.m2/repository/commons-io/commons-io/2.5/commons-io-2.5.jar:/home/user/.m2/repository/org/apache/kerby/kerb-simplekdc/1.0.1/kerb-simplekdc-1.0.1.jar:/home/user/.m2/repository/org/apache/kerby/kerb-client/1.0.1/kerb-client-1.0.1.jar:/home/user/.m2/repository/org/apache/kerby/kerby-config/1.0.1/kerby-config-1.0.1.jar:/home/user/.m2/repository/org/apache/kerby/kerb-core/1.0.1/kerb-core-1.0.1.jar:/home/user/.m2/repository/org/apache/kerby/kerby-pkix/1.0.1/kerby-pkix-1.0.1.jar:/home/user/.m2/repository/org/apache/kerby/kerby-asn1/1.0.1/kerby-asn1-1.0.1.jar:/home/user/.m2/repository/org/apache/kerby/kerby-util/1.0.1/kerby-util-1.0.1.jar:/home/user/.m2/repository/org/apache/kerby/kerb-common/1.0.1/kerb-common-1.0.1.jar:/home/user/.m2/repository/org/apache/kerby/kerb-crypto/1.0.1/kerb-crypto-1.0.1.jar:/home/user/.m2/repository/org/apache/kerby/kerb-util/1.0.1/kerb-util-1.0.1.jar:/home/user/.m2/repository/org/apache/kerby/token-provider/1.0.1/token-provider-1.0.1.jar:/home/user/.m2/repository/org/apache/kerby/kerb-admin/1.0.1/kerb-admin-1.0.1.jar:/home/user/.m2/repository/org/apache/kerby/kerb-server/1.0.1/kerb-server-1.0.1.jar:/home/user/.m2/repository/org/apache/kerby/kerb-identity/1.0.1/kerb-identity-1.0.1.jar:/home/user/.m2/repository/org/apache/kerby/kerby-xdr/1.0.1/kerby-xdr-1.0.1.jar:/home/user/.m2/repository/org/slf4j/slf4j-log4j12/1.7.25/slf4j-log4j12-1.7.25.jar:/home/user/.m2/repository/org/apache/hadoop/hadoop-ozone-s3gateway/0.5.0-SNAPSHOT/hadoop-ozone-s3gateway-0.5.0-SNAPSHOT.jar:/home/user/.m2/repository/org/jboss/weld/servlet/weld-servlet/2.4.7.Final/weld-servlet-2.4.7.Final.jar:/home/user/.m2/repository/org/glassfish/jersey/containers/jersey-container-servlet-core/2.27/jersey-container-servlet-core-2.27.jar:/home/user/.m2/repository/org/glassfish/hk2/external/javax.inject/2.5.0-b42/javax.inject-2.5.0-b42.jar:/home/user/.m2/repository/org/glassfish/jersey/core/jersey-common/2.27/jersey-common-2.27.jar:/home/user/.m2/repository/org/glassfish/hk2/osgi-resource-locator/1.0.1/osgi-resource-locator-1.0.1.jar:/home/user/.m2/repository/javax/ws/rs/javax.ws.rs-api/2.1/javax.ws.rs-api-2.1.jar:/home/user/.m2/repository/org/glassfish/jersey/ext/cdi/jersey-cdi1x/2.27/jersey-cdi1x-2.27.jar:/home/user/.m2/repository/org/glassfish/jersey/inject/jersey-hk2/2.27/jersey-hk2-2.27.jar:/home/user/.m2/repository/org/glassfish/hk2/hk2-locator/2.5.0-b42/hk2-locator-2.5.0-b42.jar:/home/user/.m2/repository/org/javassist/javassist/3.22.0-CR2/javassist-3.22.0-CR2.jar:/home/user/.m2/repository/org/glassfish/hk2/hk2-api/2.5.0/hk2-api-2.5.0.jar:/home/user/.m2/repository/org/glassfish/hk2/external/jakarta.inject/2.5.0/jakarta.inject-2.5.0.jar:/home/user/.m2/repository/org/glassfish/hk2/hk2-utils/2.5.0/hk2-utils-2.5.0.jar:/home/user/.m2/repository/jakarta/annotation/jakarta.annotation-api/1.3.4/jakarta.annotation-api-1.3.4.jar:/home/user/.m2/repository/org/glassfish/hk2/external/aopalliance-repackaged/2.5.0/aopalliance-repackaged-2.5.0.jar:/home/user/.m2/repository/com/fasterxml/jackson/dataformat/jackson-dataformat-xml/2.9.0/jackson-dataformat-xml-2.9.0.jar:/home/user/.m2/repository/com/fasterxml/jackson/core/jackson-core/2.9.5/jackson-core-2.9.5.jar:/home/user/.m2/repository/com/fasterxml/jackson/module/jackson-module-jaxb-annotations/2.9.5/jackson-module-jaxb-annotations-2.9.5.jar:/home/user/.m2/repository/javax/enterprise/cdi-api/1.2/cdi-api-1.2.jar:/home/user/.m2/repository/javax/el/javax.el-api/3.0.0/javax.el-api-3.0.0.jar:/home/user/.m2/repository/javax/interceptor/javax.interceptor-api/1.2/javax.interceptor-api-1.2.jar:/home/user/.m2/repository/javax/inject/javax.inject/1/javax.inject-1.jar:/home/user/.m2/repository/com/sun/xml/bind/jaxb-impl/2.3.0.1/jaxb-impl-2.3.0.1.jar:/home/user/.m2/repository/com/sun/xml/bind/jaxb-core/2.3.0.1/jaxb-core-2.3.0.1.jar:/home/user/.m2/repository/javax/xml/bind/jaxb-api/2.3.0/jaxb-api-2.3.0.jar:/home/user/.m2/repository/javax/activation/activation/1.1.1/activation-1.1.1.jar:/home/user/.m2/repository/org/apache/hadoop/hadoop-ozone-csi/0.5.0-SNAPSHOT/hadoop-ozone-csi-0.5.0-SNAPSHOT.jar:/home/user/.m2/repository/com/google/protobuf/protobuf-java-util/3.5.1/protobuf-java-util-3.5.1.jar:/home/user/.m2/repository/org/apache/hadoop/hadoop-hdds-config/0.5.0-SNAPSHOT/hadoop-hdds-config-0.5.0-SNAPSHOT.jar:/home/user/.m2/repository/io/grpc/grpc-netty/1.17.1/grpc-netty-1.17.1.jar:/home/user/.m2/repository/io/grpc/grpc-core/1.17.1/grpc-core-1.17.1.jar:/home/user/.m2/repository/io/grpc/grpc-context/1.17.1/grpc-context-1.17.1.jar:/home/user/.m2/repository/com/google/errorprone/error_prone_annotations/2.2.0/error_prone_annotations-2.2.0.jar:/home/user/.m2/repository/org/codehaus/mojo/animal-sniffer-annotations/1.17/animal-sniffer-annotations-1.17.jar:/home/user/.m2/repository/io/opencensus/opencensus-api/0.17.0/opencensus-api-0.17.0.jar:/home/user/.m2/repository/io/opencensus/opencensus-contrib-grpc-metrics/0.17.0/opencensus-contrib-grpc-metrics-0.17.0.jar:/home/user/.m2/repository/io/netty/netty-codec-http2/4.1.30.Final/netty-codec-http2-4.1.30.Final.jar:/home/user/.m2/repository/io/netty/netty-codec-http/4.1.30.Final/netty-codec-http-4.1.30.Final.jar:/home/user/.m2/repository/io/netty/netty-codec/4.1.30.Final/netty-codec-4.1.30.Final.jar:/home/user/.m2/repository/io/netty/netty-handler/4.1.30.Final/netty-handler-4.1.30.Final.jar:/home/user/.m2/repository/io/netty/netty-handler-proxy/4.1.30.Final/netty-handler-proxy-4.1.30.Final.jar:/home/user/.m2/repository/io/netty/netty-codec-socks/4.1.30.Final/netty-codec-socks-4.1.30.Final.jar:/home/user/.m2/repository/io/netty/netty-transport-native-epoll/4.1.30.Final/netty-transport-native-epoll-4.1.30.Final.jar:/home/user/.m2/repository/io/netty/netty-common/4.1.30.Final/netty-common-4.1.30.Final.jar:/home/user/.m2/repository/io/netty/netty-buffer/4.1.30.Final/netty-buffer-4.1.30.Final.jar:/home/user/.m2/repository/io/netty/netty-transport/4.1.30.Final/netty-transport-4.1.30.Final.jar:/home/user/.m2/repository/io/netty/netty-resolver/4.1.30.Final/netty-resolver-4.1.30.Final.jar:/home/user/.m2/repository/io/netty/netty-transport-native-unix-common/4.1.30.Final/netty-transport-native-unix-common-4.1.30.Final.jar:/home/user/.m2/repository/io/grpc/grpc-protobuf/1.17.1/grpc-protobuf-1.17.1.jar:/home/user/.m2/repository/com/google/api/grpc/proto-google-common-protos/1.0.0/proto-google-common-protos-1.0.0.jar:/home/user/.m2/repository/io/grpc/grpc-protobuf-lite/1.17.1/grpc-protobuf-lite-1.17.1.jar:/home/user/.m2/repository/io/grpc/grpc-stub/1.17.1/grpc-stub-1.17.1.jar:/home/user/.m2/repository/org/apache/hadoop/hadoop-ozone-recon/0.5.0-SNAPSHOT/hadoop-ozone-recon-0.5.0-SNAPSHOT.jar:/home/user/.m2/repository/org/apache/hadoop/hadoop-ozone-reconcodegen/0.5.0-SNAPSHOT/hadoop-ozone-reconcodegen-0.5.0-SNAPSHOT.jar:/home/user/.m2/repository/com/google/inject/extensions/guice-multibindings/4.0/guice-multibindings-4.0.jar:/home/user/.m2/repository/com/google/inject/guice/4.0/guice-4.0.jar:/home/user/.m2/repository/aopalliance/aopalliance/1.0/aopalliance-1.0.jar:/home/user/.m2/repository/com/google/inject/extensions/guice-servlet/4.0/guice-servlet-4.0.jar:/home/user/.m2/repository/org/glassfish/jersey/containers/jersey-container-servlet/2.27/jersey-container-servlet-2.27.jar:/home/user/.m2/repository/org/glassfish/hk2/guice-bridge/2.5.0/guice-bridge-2.5.0.jar:/home/user/.m2/repository/org/glassfish/jersey/core/jersey-server/2.27/jersey-server-2.27.jar:/home/user/.m2/repository/org/glassfish/jersey/core/jersey-client/2.27/jersey-client-2.27.jar:/home/user/.m2/repository/org/glassfish/jersey/media/jersey-media-jaxb/2.27/jersey-media-jaxb-2.27.jar:/home/user/.m2/repository/javax/validation/validation-api/1.1.0.Final/validation-api-1.1.0.Final.jar:/home/user/.m2/repository/org/glassfish/jersey/media/jersey-media-json-jackson/2.27/jersey-media-json-jackson-2.27.jar:/home/user/.m2/repository/org/glassfish/jersey/ext/jersey-entity-filtering/2.27/jersey-entity-filtering-2.27.jar:/home/user/.m2/repository/com/google/inject/extensions/guice-assistedinject/4.0/guice-assistedinject-4.0.jar:/home/user/.m2/repository/org/jooq/jooq/3.11.10/jooq-3.11.10.jar:/home/user/.m2/repository/org/jooq/jooq-meta/3.11.10/jooq-meta-3.11.10.jar:/home/user/.m2/repository/org/jooq/jooq-codegen/3.11.10/jooq-codegen-3.11.10.jar:/home/user/.m2/repository/com/jolbox/bonecp/0.8.0.RELEASE/bonecp-0.8.0.RELEASE.jar:/home/user/.m2/repository/org/xerial/sqlite-jdbc/3.25.2/sqlite-jdbc-3.25.2.jar:/home/user/.m2/repository/org/springframework/spring-jdbc/5.1.3.RELEASE/spring-jdbc-5.1.3.RELEASE.jar:/home/user/.m2/repository/org/springframework/spring-beans/5.1.3.RELEASE/spring-beans-5.1.3.RELEASE.jar:/home/user/.m2/repository/org/springframework/spring-core/5.1.3.RELEASE/spring-core-5.1.3.RELEASE.jar:/home/user/.m2/repository/org/springframework/spring-jcl/5.1.3.RELEASE/spring-jcl-5.1.3.RELEASE.jar:/home/user/.m2/repository/org/springframework/spring-tx/5.1.3.RELEASE/spring-tx-5.1.3.RELEASE.jar:/home/user/.m2/repository/org/apache/hadoop/hadoop-ozone-client/0.5.0-SNAPSHOT/hadoop-ozone-client-0.5.0-SNAPSHOT.jar:/home/user/.m2/repository/commons-lang/commons-lang/2.6/commons-lang-2.6.jar:/home/user/.m2/repository/org/apache/hadoop/hadoop-ozone-ozone-manager/0.5.0-SNAPSHOT/hadoop-ozone-ozone-manager-0.5.0-SNAPSHOT-tests.jar:/home/user/.m2/repository/junit/junit/4.11/junit-4.11.jar:/home/user/.m2/repository/org/hamcrest/hamcrest-core/1.3/hamcrest-core-1.3.jar:/home/user/.m2/repository/org/openjdk/jmh/jmh-core/1.19/jmh-core-1.19.jar:/home/user/.m2/repository/net/sf/jopt-simple/jopt-simple/4.6/jopt-simple-4.6.jar:/home/user/.m2/repository/org/apache/commons/commons-math3/3.1.1/commons-math3-3.1.1.jar:/home/user/.m2/repository/org/openjdk/jmh/jmh-generator-annprocess/1.19/jmh-generator-annprocess-1.19.jar:/home/user/.m2/repository/org/mockito/mockito-all/1.8.5/mockito-all-1.8.5.jar:/home/user/.m2/repository/org/apache/hadoop/hadoop-kms/3.2.0/hadoop-kms-3.2.0.jar:/home/user/.m2/repository/org/apache/hadoop/hadoop-auth/3.2.0/hadoop-auth-3.2.0.jar:/home/user/.m2/repository/com/nimbusds/nimbus-jose-jwt/4.41.1/nimbus-jose-jwt-4.41.1.jar:/home/user/.m2/repository/com/github/stephenc/jcip/jcip-annotations/1.0-1/jcip-annotations-1.0-1.jar:/home/user/.m2/repository/net/minidev/json-smart/2.3/json-smart-2.3.jar:/home/user/.m2/repository/net/minidev/accessors-smart/1.2/accessors-smart-1.2.jar:/home/user/.m2/repository/org/ow2/asm/asm/5.0.4/asm-5.0.4.jar:/home/user/.m2/repository/org/apache/curator/curator-framework/2.12.0/curator-framework-2.12.0.jar:/home/user/.m2/repository/com/sun/jersey/jersey-core/1.19/jersey-core-1.19.jar:/home/user/.m2/repository/javax/ws/rs/jsr311-api/1.1.1/jsr311-api-1.1.1.jar:/home/user/.m2/repository/com/sun/jersey/jersey-server/1.19/jersey-server-1.19.jar:/home/user/.m2/repository/javax/servlet/javax.servlet-api/3.1.0/javax.servlet-api-3.1.0.jar:/home/user/.m2/repository/org/eclipse/jetty/jetty-server/9.3.24.v20180605/jetty-server-9.3.24.v20180605.jar:/home/user/.m2/repository/org/eclipse/jetty/jetty-http/9.3.24.v20180605/jetty-http-9.3.24.v20180605.jar:/home/user/.m2/repository/org/eclipse/jetty/jetty-io/9.3.24.v20180605/jetty-io-9.3.24.v20180605.jar:/home/user/.m2/repository/org/eclipse/jetty/jetty-webapp/9.3.24.v20180605/jetty-webapp-9.3.24.v20180605.jar:/home/user/.m2/repository/org/eclipse/jetty/jetty-xml/9.3.24.v20180605/jetty-xml-9.3.24.v20180605.jar:/home/user/.m2/repository/log4j/log4j/1.2.17/log4j-1.2.17.jar:/home/user/.m2/repository/org/slf4j/slf4j-api/1.7.25/slf4j-api-1.7.25.jar:/home/user/.m2/repository/org/slf4j/jul-to-slf4j/1.7.25/jul-to-slf4j-1.7.25.jar:/home/user/.m2/repository/org/eclipse/jetty/jetty-util/9.3.24.v20180605/jetty-util-9.3.24.v20180605.jar:/home/user/.m2/repository/com/fasterxml/jackson/core/jackson-databind/2.9.5/jackson-databind-2.9.5.jar:/home/user/.m2/repository/org/apache/hadoop/hadoop-kms/3.2.0/hadoop-kms-3.2.0-tests.jar:/home/user/.m2/repository/org/apache/hadoop/hadoop-hdds-server-scm/0.5.0-SNAPSHOT/hadoop-hdds-server-scm-0.5.0-SNAPSHOT-tests.jar:/home/user/.m2/repository/org/apache/hadoop/hadoop-hdds-container-service/0.5.0-SNAPSHOT/hadoop-hdds-container-service-0.5.0-SNAPSHOT-tests.jar:/home/user/.m2/repository/org/yaml/snakeyaml/1.16/snakeyaml-1.16.jar:/home/user/.m2/repository/org/apache/hadoop/hadoop-common/3.2.0/hadoop-common-3.2.0-tests.jar:/home/user/.m2/repository/org/apache/hadoop/hadoop-annotations/3.2.0/hadoop-annotations-3.2.0.jar:/usr/lib/jvm/java-1.8-openjdk/jre/../lib/tools.jar:/home/user/.m2/repository/commons-cli/commons-cli/1.2/commons-cli-1.2.jar:/home/user/.m2/repository/org/apache/httpcomponents/httpclient/4.5.2/httpclient-4.5.2.jar:/home/user/.m2/repository/org/apache/httpcomponents/httpcore/4.4.4/httpcore-4.4.4.jar:/home/user/.m2/repository/commons-codec/commons-codec/1.11/commons-codec-1.11.jar:/home/user/.m2/repository/commons-net/commons-net/3.6/commons-net-3.6.jar:/home/user/.m2/repository/commons-collections/commons-collections/3.2.2/commons-collections-3.2.2.jar:/home/user/.m2/repository/org/eclipse/jetty/jetty-servlet/9.3.24.v20180605/jetty-servlet-9.3.24.v20180605.jar:/home/user/.m2/repository/org/eclipse/jetty/jetty-security/9.3.24.v20180605/jetty-security-9.3.24.v20180605.jar:/home/user/.m2/repository/javax/servlet/jsp/jsp-api/2.1/jsp-api-2.1.jar:/home/user/.m2/repository/com/sun/jersey/jersey-servlet/1.19/jersey-servlet-1.19.jar:/home/user/.m2/repository/com/sun/jersey/jersey-json/1.19/jersey-json-1.19.jar:/home/user/.m2/repository/org/codehaus/jettison/jettison/1.1/jettison-1.1.jar:/home/user/.m2/repository/org/codehaus/jackson/jackson-core-asl/1.9.13/jackson-core-asl-1.9.13.jar:/home/user/.m2/repository/org/codehaus/jackson/jackson-mapper-asl/1.9.13/jackson-mapper-asl-1.9.13.jar:/home/user/.m2/repository/org/codehaus/jackson/jackson-jaxrs/1.9.13/jackson-jaxrs-1.9.13.jar:/home/user/.m2/repository/org/codehaus/jackson/jackson-xc/1.9.13/jackson-xc-1.9.13.jar:/home/user/.m2/repository/commons-logging/commons-logging/1.1.3/commons-logging-1.1.3.jar:/home/user/.m2/repository/commons-beanutils/commons-beanutils/1.9.3/commons-beanutils-1.9.3.jar:/home/user/.m2/repository/org/apache/commons/commons-configuration2/2.1.1/commons-configuration2-2.1.1.jar:/home/user/.m2/repository/org/apache/commons/commons-lang3/3.7/commons-lang3-3.7.jar:/home/user/.m2/repository/org/apache/commons/commons-text/1.4/commons-text-1.4.jar:/home/user/.m2/repository/org/apache/avro/avro/1.7.7/avro-1.7.7.jar:/home/user/.m2/repository/com/thoughtworks/paranamer/paranamer/2.3/paranamer-2.3.jar:/home/user/.m2/repository/org/xerial/snappy/snappy-java/1.0.5/snappy-java-1.0.5.jar:/home/user/.m2/repository/com/google/re2j/re2j/1.1/re2j-1.1.jar:/home/user/.m2/repository/com/google/code/gson/gson/2.2.4/gson-2.2.4.jar:/home/user/.m2/repository/com/jcraft/jsch/0.1.54/jsch-0.1.54.jar:/home/user/.m2/repository/org/apache/curator/curator-client/2.12.0/curator-client-2.12.0.jar:/home/user/.m2/repository/org/apache/curator/curator-recipes/2.12.0/curator-recipes-2.12.0.jar:/home/user/.m2/repository/com/google/code/findbugs/jsr305/3.0.0/jsr305-3.0.0.jar:/home/user/.m2/repository/org/apache/htrace/htrace-core4/4.1.0-incubating/htrace-core4-4.1.0-incubating.jar:/home/user/.m2/repository/org/apache/zookeeper/zookeeper/3.4.13/zookeeper-3.4.13.jar:/home/user/.m2/repository/org/apache/yetus/audience-annotations/0.5.0/audience-annotations-0.5.0.jar:/home/user/.m2/repository/org/codehaus/woodstox/stax2-api/3.1.4/stax2-api-3.1.4.jar:/home/user/.m2/repository/com/fasterxml/woodstox/woodstox-core/5.0.3/woodstox-core-5.0.3.jar:/home/user/.m2/repository/dnsjava/dnsjava/2.1.7/dnsjava-2.1.7.jar:/home/user/.m2/repository/org/apache/hadoop/hadoop-hdfs/3.2.0/hadoop-hdfs-3.2.0-tests.jar:/home/user/.m2/repository/org/eclipse/jetty/jetty-util-ajax/9.3.24.v20180605/jetty-util-ajax-9.3.24.v20180605.jar:/home/user/.m2/repository/commons-daemon/commons-daemon/1.0.13/commons-daemon-1.0.13.jar:/home/user/.m2/repository/io/netty/netty/3.10.5.Final/netty-3.10.5.Final.jar:/home/user/.m2/repository/io/netty/netty-all/4.0.52.Final/netty-all-4.0.52.Final.jar:/home/user/.m2/repository/org/fusesource/leveldbjni/leveldbjni-all/1.8/leveldbjni-all-1.8.jar:"/>
    <property name="sun.cpu.endian" value="little"/>
    <property name="user.home" value="/home/user"/>
    <property name="user.language" value="en"/>
    <property name="java.specification.vendor" value="Oracle Corporation"/>
    <property name="java.home" value="/usr/lib/jvm/java-1.8-openjdk/jre"/>
    <property name="java.security.krb5.conf" value="/workdir/hadoop-ozone/integration-test/target/test-classes/krb5.conf"/>
    <property name="basedir" value="/workdir/hadoop-ozone/integration-test"/>
    <property name="file.separator" value="/"/>
    <property name="line.separator" value="&#10;"/>
    <property name="java.vm.specification.vendor" value="Oracle Corporation"/>
    <property name="java.specification.name" value="Java Platform API Specification"/>
    <property name="java.awt.graphicsenv" value="sun.awt.X11GraphicsEnvironment"/>
    <property name="surefire.real.class.path" value="/workdir/hadoop-ozone/integration-test/target/surefire/surefirebooter10440561467411341.jar"/>
    <property name="hadoop.log.dir" value="/workdir/hadoop-ozone/integration-test/target/log"/>
    <property name="sun.boot.class.path" value="/usr/lib/jvm/java-1.8-openjdk/jre/lib/resources.jar:/usr/lib/jvm/java-1.8-openjdk/jre/lib/rt.jar:/usr/lib/jvm/java-1.8-openjdk/jre/lib/sunrsasign.jar:/usr/lib/jvm/java-1.8-openjdk/jre/lib/jsse.jar:/usr/lib/jvm/java-1.8-openjdk/jre/lib/jce.jar:/usr/lib/jvm/java-1.8-openjdk/jre/lib/charsets.jar:/usr/lib/jvm/java-1.8-openjdk/jre/lib/jfr.jar:/usr/lib/jvm/java-1.8-openjdk/jre/classes"/>
    <property name="sun.management.compiler" value="HotSpot 64-Bit Tiered Compilers"/>
    <property name="java.runtime.version" value="1.8.0_212-b04"/>
    <property name="java.net.preferIPv4Stack" value="true"/>
    <property name="user.name" value="jenkins1000"/>
    <property name="path.separator" value=":"/>
    <property name="java.security.egd" value="file:///dev/urandom"/>
    <property name="os.version" value="3.10.0-957.12.2.el7.x86_64"/>
    <property name="java.endorsed.dirs" value="/usr/lib/jvm/java-1.8-openjdk/jre/lib/endorsed"/>
    <property name="java.runtime.name" value="OpenJDK Runtime Environment"/>
    <property name="file.encoding" value="UTF-8"/>
    <property name="java.vm.name" value="OpenJDK 64-Bit Server VM"/>
    <property name="test.build.webapps" value=""/>
    <property name="localRepository" value="/home/user/.m2/repository"/>
    <property name="java.vendor.url.bug" value="https://icedtea.classpath.org/bugzilla"/>
    <property name="java.io.tmpdir" value="/tmp"/>
    <property name="require.test.libhadoop" value=""/>
    <property name="java.version" value="1.8.0_212"/>
    <property name="user.dir" value="/workdir/hadoop-ozone/integration-test"/>
    <property name="os.arch" value="amd64"/>
    <property name="java.vm.specification.name" value="Java Virtual Machine Specification"/>
    <property name="test.build.classes" value="/workdir/hadoop-ozone/integration-test/target/test-classes"/>
    <property name="java.awt.printerjob" value="sun.print.PSPrinterJob"/>
    <property name="sun.os.patch.level" value="unknown"/>
    <property name="hadoop.tmp.dir" value="/workdir/hadoop-ozone/integration-test/target/tmp"/>
    <property name="java.library.path" value="/usr/lib/jvm/java-1.8-openjdk/jre/lib/amd64/server:/usr/lib/jvm/java-1.8-openjdk/jre/lib/amd64:/usr/lib/jvm/java-1.8-openjdk/jre/../lib/amd64:/workdir/hadoop-ozone/integration-test/target/native/target/usr/local/lib:/workdir/hadoop-ozone/integration-test/../../hadoop-common-project/hadoop-common/target/native/target/usr/local/lib:/usr/java/packages/lib/amd64:/usr/lib64:/lib64:/lib:/usr/lib"/>
    <property name="java.vm.info" value="mixed mode"/>
    <property name="java.vendor" value="IcedTea"/>
    <property name="java.vm.version" value="25.212-b04"/>
    <property name="java.ext.dirs" value="/usr/lib/jvm/java-1.8-openjdk/jre/lib/ext:/usr/java/packages/lib/ext"/>
    <property name="sun.io.unicode.encoding" value="UnicodeLittle"/>
    <property name="java.class.version" value="52.0"/>
  </properties>
  <testcase name="testGroupMismatchExceptionHandling" classname="org.apache.hadoop.ozone.client.rpc.TestOzoneClientRetriesOnException" time="50.836"/>
  <testcase name="testMaxRetriesByOzoneClient" classname="org.apache.hadoop.ozone.client.rpc.TestOzoneClientRetriesOnException" time="335.17">
    <error message="Failed to command cmdType: CreateContainer&#10;containerID: 1&#10;datanodeUuid: &quot;4f048490-ee80-4dd1-86ce-d63d571007b5&quot;&#10;createContainer {&#10;}&#10;" type="java.io.IOException">java.io.IOException: 
Failed to command cmdType: CreateContainer
containerID: 1
datanodeUuid: "4f048490-ee80-4dd1-86ce-d63d571007b5"
createContainer {
}

	at org.apache.hadoop.hdds.scm.XceiverClientSpi.sendCommand(XceiverClientSpi.java:113)
	at org.apache.hadoop.ozone.client.rpc.TestOzoneClientRetriesOnException.testMaxRetriesByOzoneClient(TestOzoneClientRetriesOnException.java:190)
	at sun.reflect.NativeMethodAccessorImpl.invoke0(Native Method)
	at sun.reflect.NativeMethodAccessorImpl.invoke(NativeMethodAccessorImpl.java:62)
	at sun.reflect.DelegatingMethodAccessorImpl.invoke(DelegatingMethodAccessorImpl.java:43)
	at java.lang.reflect.Method.invoke(Method.java:498)
	at org.junit.runners.model.FrameworkMethod$1.runReflectiveCall(FrameworkMethod.java:47)
	at org.junit.internal.runners.model.ReflectiveCallable.run(ReflectiveCallable.java:12)
	at org.junit.runners.model.FrameworkMethod.invokeExplosively(FrameworkMethod.java:44)
	at org.junit.internal.runners.statements.InvokeMethod.evaluate(InvokeMethod.java:17)
	at org.junit.internal.runners.statements.RunBefores.evaluate(RunBefores.java:26)
	at org.junit.internal.runners.statements.RunAfters.evaluate(RunAfters.java:27)
	at org.junit.runners.ParentRunner.runLeaf(ParentRunner.java:271)
	at org.junit.runners.BlockJUnit4ClassRunner.runChild(BlockJUnit4ClassRunner.java:70)
	at org.junit.runners.BlockJUnit4ClassRunner.runChild(BlockJUnit4ClassRunner.java:50)
	at org.junit.runners.ParentRunner$3.run(ParentRunner.java:238)
	at org.junit.runners.ParentRunner$1.schedule(ParentRunner.java:63)
	at org.junit.runners.ParentRunner.runChildren(ParentRunner.java:236)
	at org.junit.runners.ParentRunner.access$000(ParentRunner.java:53)
	at org.junit.runners.ParentRunner$2.evaluate(ParentRunner.java:229)
	at org.junit.runners.ParentRunner.run(ParentRunner.java:309)
	at org.apache.maven.surefire.junit4.JUnit4Provider.execute(JUnit4Provider.java:365)
	at org.apache.maven.surefire.junit4.JUnit4Provider.executeWithRerun(JUnit4Provider.java:273)
	at org.apache.maven.surefire.junit4.JUnit4Provider.executeTestSet(JUnit4Provider.java:238)
	at org.apache.maven.surefire.junit4.JUnit4Provider.invoke(JUnit4Provider.java:159)
	at org.apache.maven.surefire.booter.ForkedBooter.invokeProviderInSameClassLoader(ForkedBooter.java:384)
	at org.apache.maven.surefire.booter.ForkedBooter.runSuitesInProcess(ForkedBooter.java:345)
	at org.apache.maven.surefire.booter.ForkedBooter.execute(ForkedBooter.java:126)
	at org.apache.maven.surefire.booter.ForkedBooter.main(ForkedBooter.java:418)
Caused by: java.util.concurrent.ExecutionException: org.apache.ratis.protocol.RaftRetryFailureException: Failed RaftClientRequest:client-13F9D6D6E6E8->094b17da-7f12-43e6-b453-785c127a2e77@group-91658440A578, cid=44, seq=4*, RW, org.apache.hadoop.hdds.scm.XceiverClientRatis$$Lambda$325/1271570837@4f8c38b9 for 180 attempts with RetryLimited(maxAttempts=180, sleepTime=1000ms)
	at java.util.concurrent.CompletableFuture.reportGet(CompletableFuture.java:357)
	at java.util.concurrent.CompletableFuture.get(CompletableFuture.java:1895)
	at org.apache.hadoop.hdds.scm.XceiverClientSpi.sendCommand(XceiverClientSpi.java:110)
	... 28 more
Caused by: org.apache.ratis.protocol.RaftRetryFailureException: Failed RaftClientRequest:client-13F9D6D6E6E8->094b17da-7f12-43e6-b453-785c127a2e77@group-91658440A578, cid=44, seq=4*, RW, org.apache.hadoop.hdds.scm.XceiverClientRatis$$Lambda$325/1271570837@4f8c38b9 for 180 attempts with RetryLimited(maxAttempts=180, sleepTime=1000ms)
	at org.apache.ratis.client.impl.RaftClientImpl.noMoreRetries(RaftClientImpl.java:272)
	at org.apache.ratis.client.impl.OrderedAsync.handleAsyncRetryFailure(OrderedAsync.java:138)
	at org.apache.ratis.client.impl.OrderedAsync.lambda$sendRequest$10(OrderedAsync.java:230)
	at java.util.concurrent.CompletableFuture.uniExceptionally(CompletableFuture.java:870)
	at java.util.concurrent.CompletableFuture$UniExceptionally.tryFire(CompletableFuture.java:852)
	at java.util.concurrent.CompletableFuture.postComplete(CompletableFuture.java:474)
	at java.util.concurrent.CompletableFuture.completeExceptionally(CompletableFuture.java:1977)
	at org.apache.ratis.grpc.client.GrpcClientProtocolClient$AsyncStreamObservers.completeReplyExceptionally(GrpcClientProtocolClient.java:330)
	at org.apache.ratis.grpc.client.GrpcClientProtocolClient$AsyncStreamObservers.access$000(GrpcClientProtocolClient.java:246)
	at org.apache.ratis.grpc.client.GrpcClientProtocolClient$AsyncStreamObservers$1.onNext(GrpcClientProtocolClient.java:258)
	at org.apache.ratis.grpc.client.GrpcClientProtocolClient$AsyncStreamObservers$1.onNext(GrpcClientProtocolClient.java:249)
	at org.apache.ratis.thirdparty.io.grpc.stub.ClientCalls$StreamObserverToCallListenerAdapter.onMessage(ClientCalls.java:421)
	at org.apache.ratis.thirdparty.io.grpc.ForwardingClientCallListener.onMessage(ForwardingClientCallListener.java:33)
	at org.apache.ratis.thirdparty.io.grpc.ForwardingClientCallListener.onMessage(ForwardingClientCallListener.java:33)
	at org.apache.ratis.thirdparty.io.grpc.internal.ClientCallImpl$ClientStreamListenerImpl$1MessagesAvailable.runInContext(ClientCallImpl.java:519)
	at org.apache.ratis.thirdparty.io.grpc.internal.ContextRunnable.run(ContextRunnable.java:37)
	at org.apache.ratis.thirdparty.io.grpc.internal.SerializingExecutor.run(SerializingExecutor.java:123)
	at java.util.concurrent.ThreadPoolExecutor.runWorker(ThreadPoolExecutor.java:1149)
	at java.util.concurrent.ThreadPoolExecutor$Worker.run(ThreadPoolExecutor.java:624)
	at java.lang.Thread.run(Thread.java:748)
Caused by: org.apache.ratis.protocol.NotLeaderException: Server 094b17da-7f12-43e6-b453-785c127a2e77 is not the leader (be9ed4ca-dce9-4f3d-9c6d-abd66b1838f6:192.168.34.42:36394). Request must be sent to leader.
	at org.apache.ratis.client.impl.ClientProtoUtils.toRaftClientReply(ClientProtoUtils.java:242)
	at org.apache.ratis.grpc.client.GrpcClientProtocolClient$AsyncStreamObservers$1.onNext(GrpcClientProtocolClient.java:254)
	... 10 more
</error>
    <system-out><![CDATA[2019-08-31 22:27:26,555 [main] WARN  server.ServerUtils (ServerUtils.java:getScmDbDir(145)) - ozone.scm.db.dirs is not configured. We recommend adding this setting. Falling back to ozone.metadata.dirs instead.
2019-08-31 22:27:26,591 [main] WARN  server.ServerUtils (ServerUtils.java:getScmDbDir(145)) - ozone.scm.db.dirs is not configured. We recommend adding this setting. Falling back to ozone.metadata.dirs instead.
2019-08-31 22:27:26,591 [main] WARN  server.ServerUtils (ServerUtils.java:getScmDbDir(145)) - ozone.scm.db.dirs is not configured. We recommend adding this setting. Falling back to ozone.metadata.dirs instead.
2019-08-31 22:27:26,592 [main] INFO  db.DBStoreBuilder (DBStoreBuilder.java:addTable(110)) - using custom profile for table: deletedBlocks
2019-08-31 22:27:26,592 [main] INFO  db.DBStoreBuilder (DBStoreBuilder.java:processTables(161)) - Using default column profile:DBProfile.DISK for Table:deletedBlocks
2019-08-31 22:27:26,592 [main] INFO  db.DBStoreBuilder (DBStoreBuilder.java:addTable(110)) - using custom profile for table: validCerts
2019-08-31 22:27:26,593 [main] INFO  db.DBStoreBuilder (DBStoreBuilder.java:processTables(161)) - Using default column profile:DBProfile.DISK for Table:validCerts
2019-08-31 22:27:26,593 [main] INFO  db.DBStoreBuilder (DBStoreBuilder.java:addTable(110)) - using custom profile for table: revokedCerts
2019-08-31 22:27:26,593 [main] INFO  db.DBStoreBuilder (DBStoreBuilder.java:processTables(161)) - Using default column profile:DBProfile.DISK for Table:revokedCerts
2019-08-31 22:27:26,593 [main] INFO  db.DBStoreBuilder (DBStoreBuilder.java:addTable(110)) - using custom profile for table: default
2019-08-31 22:27:26,593 [main] INFO  db.DBStoreBuilder (DBStoreBuilder.java:processTables(167)) - Using default column profile:DBProfile.DISK for Table:default
2019-08-31 22:27:26,594 [main] INFO  db.DBStoreBuilder (DBStoreBuilder.java:getDbProfile(198)) - Using default options. DBProfile.DISK
2019-08-31 22:27:26,817 [main] INFO  net.NodeSchemaLoader (NodeSchemaLoader.java:loadSchemaFromFile(125)) - Loading file from sun.misc.CompoundEnumeration@58b5a2f3
2019-08-31 22:27:26,817 [main] INFO  net.NodeSchemaLoader (NodeSchemaLoader.java:loadSchema(171)) - Loading network topology layer schema file
2019-08-31 22:27:26,822 [main] WARN  server.ServerUtils (ServerUtils.java:sanitizeUserArgs(70)) - ozone.scm.stale.node.interval value = 300000 is larger than max = 100000 based on the key value of ozone.scm.heartbeat.thread.interval, reset to the max value 100000.
2019-08-31 22:27:26,822 [main] WARN  server.ServerUtils (ServerUtils.java:sanitizeUserArgs(70)) - ozone.scm.stale.node.interval value = 300000 is larger than max = 100000 based on the key value of ozone.scm.heartbeat.thread.interval, reset to the max value 100000.
2019-08-31 22:27:26,823 [main] INFO  node.SCMNodeManager (SCMNodeManager.java:<init>(114)) - Entering startup safe mode.
2019-08-31 22:27:26,824 [main] INFO  algorithms.ContainerPlacementPolicyFactory (ContainerPlacementPolicyFactory.java:getPolicy(55)) - Create container placement policy of type org.apache.hadoop.hdds.scm.container.placement.algorithms.SCMContainerPlacementRandom
2019-08-31 22:27:26,824 [main] WARN  server.ServerUtils (ServerUtils.java:getScmDbDir(145)) - ozone.scm.db.dirs is not configured. We recommend adding this setting. Falling back to ozone.metadata.dirs instead.
2019-08-31 22:27:26,909 [main] INFO  pipeline.SCMPipelineManager (SCMPipelineManager.java:initializePipelineState(126)) - No pipeline exists in current db
2019-08-31 22:27:26,909 [main] WARN  server.ServerUtils (ServerUtils.java:getScmDbDir(145)) - ozone.scm.db.dirs is not configured. We recommend adding this setting. Falling back to ozone.metadata.dirs instead.
2019-08-31 22:27:26,992 [main] WARN  events.EventQueue (EventQueue.java:fireEvent(183)) - No event handler registered for event TypedEvent{payloadType=SafeModeStatus, name='SafeModeStatus'}
2019-08-31 22:27:26,993 [main] INFO  ipc.CallQueueManager (CallQueueManager.java:<init>(84)) - Using callQueue: class java.util.concurrent.LinkedBlockingQueue, queueCapacity: 2000, scheduler: class org.apache.hadoop.ipc.DefaultRpcScheduler, ipcBackoff: false.
2019-08-31 22:27:26,994 [Socket Reader #1 for port 43175] INFO  ipc.Server (Server.java:run(1074)) - Starting Socket Reader #1 for port 43175
2019-08-31 22:27:26,997 [main] INFO  ipc.CallQueueManager (CallQueueManager.java:<init>(84)) - Using callQueue: class java.util.concurrent.LinkedBlockingQueue, queueCapacity: 2000, scheduler: class org.apache.hadoop.ipc.DefaultRpcScheduler, ipcBackoff: false.
2019-08-31 22:27:26,998 [Socket Reader #1 for port 41110] INFO  ipc.Server (Server.java:run(1074)) - Starting Socket Reader #1 for port 41110
2019-08-31 22:27:27,000 [main] INFO  ipc.CallQueueManager (CallQueueManager.java:<init>(84)) - Using callQueue: class java.util.concurrent.LinkedBlockingQueue, queueCapacity: 2000, scheduler: class org.apache.hadoop.ipc.DefaultRpcScheduler, ipcBackoff: false.
2019-08-31 22:27:27,001 [Socket Reader #1 for port 32884] INFO  ipc.Server (Server.java:run(1074)) - Starting Socket Reader #1 for port 32884
2019-08-31 22:27:27,005 [main] INFO  hdfs.DFSUtil (DFSUtil.java:httpServerTemplateForNNAndJN(1641)) - Starting Web-server for scm at: http://0.0.0.0:0
2019-08-31 22:27:27,007 [main] INFO  server.AuthenticationFilter (AuthenticationFilter.java:constructSecretProvider(240)) - Unable to initialize FileSignerSecretProvider, falling back to use random secrets.
2019-08-31 22:27:27,008 [main] WARN  http.HttpRequestLog (HttpRequestLog.java:getRequestLog(97)) - Jetty request log can only be enabled using Log4j
2019-08-31 22:27:27,010 [main] INFO  http.HttpServer2 (HttpServer2.java:addGlobalFilter(975)) - Added global filter 'safety' (class=org.apache.hadoop.http.HttpServer2$QuotingInputFilter)
2019-08-31 22:27:27,010 [main] INFO  http.HttpServer2 (HttpServer2.java:addFilter(948)) - Added filter static_user_filter (class=org.apache.hadoop.http.lib.StaticUserWebFilter$StaticUserFilter) to context scm
2019-08-31 22:27:27,011 [main] INFO  http.HttpServer2 (HttpServer2.java:addFilter(958)) - Added filter static_user_filter (class=org.apache.hadoop.http.lib.StaticUserWebFilter$StaticUserFilter) to context logs
2019-08-31 22:27:27,011 [main] INFO  http.HttpServer2 (HttpServer2.java:addFilter(958)) - Added filter static_user_filter (class=org.apache.hadoop.http.lib.StaticUserWebFilter$StaticUserFilter) to context static
2019-08-31 22:27:27,013 [main] INFO  server.StorageContainerManager (StorageContainerManager.java:start(759)) - StorageContainerLocationProtocol RPC server is listening at /0.0.0.0:32884
2019-08-31 22:27:27,015 [main] WARN  impl.MetricsConfig (MetricsConfig.java:loadFirst(134)) - Cannot locate configuration: tried hadoop-metrics2-storagecontainermanager.properties,hadoop-metrics2.properties
2019-08-31 22:27:27,017 [main] INFO  impl.MetricsSystemImpl (MetricsSystemImpl.java:startTimer(374)) - Scheduled Metric snapshot period at 10 second(s).
2019-08-31 22:27:27,017 [main] INFO  impl.MetricsSystemImpl (MetricsSystemImpl.java:start(191)) - StorageContainerManager metrics system started
2019-08-31 22:27:27,041 [main] WARN  impl.MetricsSystemImpl (MetricsSystemImpl.java:register(276)) - Sink prometheus already exists!
2019-08-31 22:27:27,057 [main] INFO  server.SCMClientProtocolServer (SCMClientProtocolServer.java:start(151)) - RPC server for Client  is listening at /0.0.0.0:32884
2019-08-31 22:27:27,058 [IPC Server Responder] INFO  ipc.Server (Server.java:run(1314)) - IPC Server Responder: starting
2019-08-31 22:27:27,058 [IPC Server listener on 32884] INFO  ipc.Server (Server.java:run(1153)) - IPC Server listener on 32884: starting
2019-08-31 22:27:27,062 [main] INFO  server.StorageContainerManager (StorageContainerManager.java:start(769)) - ScmBlockLocationProtocol RPC server is listening at /0.0.0.0:41110
2019-08-31 22:27:27,062 [main] INFO  server.SCMBlockProtocolServer (SCMBlockProtocolServer.java:start(146)) - RPC server for Block Protocol is listening at /0.0.0.0:41110
2019-08-31 22:27:27,063 [IPC Server listener on 41110] INFO  ipc.Server (Server.java:run(1153)) - IPC Server listener on 41110: starting
2019-08-31 22:27:27,063 [IPC Server Responder] INFO  ipc.Server (Server.java:run(1314)) - IPC Server Responder: starting
2019-08-31 22:27:27,067 [main] INFO  server.StorageContainerManager (StorageContainerManager.java:start(773)) - ScmDatanodeProtocl RPC server is listening at /0.0.0.0:43175
2019-08-31 22:27:27,067 [main] INFO  server.SCMDatanodeProtocolServer (SCMDatanodeProtocolServer.java:start(191)) - RPC server for DataNodes is listening at /0.0.0.0:43175
2019-08-31 22:27:27,067 [IPC Server Responder] INFO  ipc.Server (Server.java:run(1314)) - IPC Server Responder: starting
2019-08-31 22:27:27,067 [IPC Server listener on 43175] INFO  ipc.Server (Server.java:run(1153)) - IPC Server listener on 43175: starting
2019-08-31 22:27:27,072 [main] INFO  http.HttpServer2 (HttpServer2.java:bindListener(1191)) - Jetty bound to port 33809
2019-08-31 22:27:27,072 [main] INFO  server.Server (Server.java:doStart(351)) - jetty-9.3.24.v20180605, build timestamp: 2018-06-05T17:11:56Z, git hash: 84205aa28f11a4f31f2a3b86d1bba2cc8ab69827
2019-08-31 22:27:27,074 [main] INFO  handler.ContextHandler (ContextHandler.java:doStart(781)) - Started o.e.j.s.ServletContextHandler@20eaeaf8{/logs,file:///workdir/hadoop-ozone/integration-test/target/log,AVAILABLE}
2019-08-31 22:27:27,075 [main] INFO  handler.ContextHandler (ContextHandler.java:doStart(781)) - Started o.e.j.s.ServletContextHandler@68f6e55d{/static,file:///workdir/hadoop-ozone/integration-test/target/test-classes/webapps/static,AVAILABLE}
2019-08-31 22:27:27,080 [main] INFO  handler.ContextHandler (ContextHandler.java:doStart(781)) - Started o.e.j.w.WebAppContext@4f654cee{/,file:///workdir/hadoop-ozone/integration-test/target/test-classes/webapps/scm/,AVAILABLE}{/scm}
2019-08-31 22:27:27,081 [main] INFO  server.AbstractConnector (AbstractConnector.java:doStart(278)) - Started ServerConnector@3e1fd62b{HTTP/1.1,[http/1.1]}{0.0.0.0:33809}
2019-08-31 22:27:27,081 [main] INFO  server.Server (Server.java:doStart(419)) - Started @51945ms
2019-08-31 22:27:27,082 [main] WARN  impl.MetricsSystemImpl (MetricsSystemImpl.java:register(276)) - Sink prometheus already exists!
2019-08-31 22:27:27,083 [main] INFO  server.BaseHttpServer (BaseHttpServer.java:updateConnectorAddress(215)) - HTTP server of SCM is listening at http://0.0.0.0:33809
2019-08-31 22:27:27,084 [main] WARN  server.ServerUtils (ServerUtils.java:getDBPath(222)) - ozone.om.db.dirs is not configured. We recommend adding this setting. Falling back to ozone.metadata.dirs instead.
2019-08-31 22:27:27,084 [org.apache.hadoop.util.JvmPauseMonitor$Monitor@558b4942] INFO  util.JvmPauseMonitor (JvmPauseMonitor.java:run(188)) - Starting JVM pause monitor
2019-08-31 22:27:27,098 [main] WARN  server.ServerUtils (ServerUtils.java:getDBPath(222)) - ozone.om.db.dirs is not configured. We recommend adding this setting. Falling back to ozone.metadata.dirs instead.
2019-08-31 22:27:27,098 [main] WARN  server.ServerUtils (ServerUtils.java:getDBPath(222)) - ozone.om.db.dirs is not configured. We recommend adding this setting. Falling back to ozone.metadata.dirs instead.
2019-08-31 22:27:27,099 [main] INFO  om.OzoneManager (OzoneManager.java:setOMNodeDetails(652)) - OM Service ID is not set. Setting it to the default ID: omServiceIdDefault
2019-08-31 22:27:27,099 [main] INFO  om.OzoneManager (OzoneManager.java:setOMNodeDetails(658)) - OM Node ID is not set. Setting it to the OmStorage's OmID: 0d783763-03a4-4d09-89c3-c90e581ea47b
2019-08-31 22:27:27,100 [main] INFO  om.OzoneManager (OzoneManager.java:loadOMHAConfigs(609)) - Found matching OM address with OMServiceId: null, OMNodeId: null, RPC Address: localhost:0 and Ratis port: 9872
2019-08-31 22:27:27,105 | INFO  | SCMAudit | user=jenkins1000 | ip=192.168.34.42 | op=GET_SCM_INFO null | ret=SUCCESS |  
2019-08-31 22:27:27,108 [main] WARN  server.ServerUtils (ServerUtils.java:getDBPath(222)) - ozone.om.db.dirs is not configured. We recommend adding this setting. Falling back to ozone.metadata.dirs instead.
2019-08-31 22:27:27,109 [main] INFO  db.DBStoreBuilder (DBStoreBuilder.java:addTable(110)) - using custom profile for table: userTable
2019-08-31 22:27:27,109 [main] INFO  db.DBStoreBuilder (DBStoreBuilder.java:processTables(161)) - Using default column profile:DBProfile.DISK for Table:userTable
2019-08-31 22:27:27,109 [main] INFO  db.DBStoreBuilder (DBStoreBuilder.java:addTable(110)) - using custom profile for table: volumeTable
2019-08-31 22:27:27,109 [main] INFO  db.DBStoreBuilder (DBStoreBuilder.java:processTables(161)) - Using default column profile:DBProfile.DISK for Table:volumeTable
2019-08-31 22:27:27,110 [main] INFO  db.DBStoreBuilder (DBStoreBuilder.java:addTable(110)) - using custom profile for table: bucketTable
2019-08-31 22:27:27,110 [main] INFO  db.DBStoreBuilder (DBStoreBuilder.java:processTables(161)) - Using default column profile:DBProfile.DISK for Table:bucketTable
2019-08-31 22:27:27,110 [main] INFO  db.DBStoreBuilder (DBStoreBuilder.java:addTable(110)) - using custom profile for table: keyTable
2019-08-31 22:27:27,110 [main] INFO  db.DBStoreBuilder (DBStoreBuilder.java:processTables(161)) - Using default column profile:DBProfile.DISK for Table:keyTable
2019-08-31 22:27:27,111 [main] INFO  db.DBStoreBuilder (DBStoreBuilder.java:addTable(110)) - using custom profile for table: deletedTable
2019-08-31 22:27:27,111 [main] INFO  db.DBStoreBuilder (DBStoreBuilder.java:processTables(161)) - Using default column profile:DBProfile.DISK for Table:deletedTable
2019-08-31 22:27:27,111 [main] INFO  db.DBStoreBuilder (DBStoreBuilder.java:addTable(110)) - using custom profile for table: openKeyTable
2019-08-31 22:27:27,111 [main] INFO  db.DBStoreBuilder (DBStoreBuilder.java:processTables(161)) - Using default column profile:DBProfile.DISK for Table:openKeyTable
2019-08-31 22:27:27,112 [main] INFO  db.DBStoreBuilder (DBStoreBuilder.java:addTable(110)) - using custom profile for table: s3Table
2019-08-31 22:27:27,112 [main] INFO  db.DBStoreBuilder (DBStoreBuilder.java:processTables(161)) - Using default column profile:DBProfile.DISK for Table:s3Table
2019-08-31 22:27:27,112 [main] INFO  db.DBStoreBuilder (DBStoreBuilder.java:addTable(110)) - using custom profile for table: multipartInfoTable
2019-08-31 22:27:27,112 [main] INFO  db.DBStoreBuilder (DBStoreBuilder.java:processTables(161)) - Using default column profile:DBProfile.DISK for Table:multipartInfoTable
2019-08-31 22:27:27,113 [main] INFO  db.DBStoreBuilder (DBStoreBuilder.java:addTable(110)) - using custom profile for table: dTokenTable
2019-08-31 22:27:27,113 [main] INFO  db.DBStoreBuilder (DBStoreBuilder.java:processTables(161)) - Using default column profile:DBProfile.DISK for Table:dTokenTable
2019-08-31 22:27:27,113 [main] INFO  db.DBStoreBuilder (DBStoreBuilder.java:addTable(110)) - using custom profile for table: s3SecretTable
2019-08-31 22:27:27,113 [main] INFO  db.DBStoreBuilder (DBStoreBuilder.java:processTables(161)) - Using default column profile:DBProfile.DISK for Table:s3SecretTable
2019-08-31 22:27:27,113 [main] INFO  db.DBStoreBuilder (DBStoreBuilder.java:addTable(110)) - using custom profile for table: prefixTable
2019-08-31 22:27:27,114 [main] INFO  db.DBStoreBuilder (DBStoreBuilder.java:processTables(161)) - Using default column profile:DBProfile.DISK for Table:prefixTable
2019-08-31 22:27:27,114 [main] INFO  db.DBStoreBuilder (DBStoreBuilder.java:addTable(110)) - using custom profile for table: default
2019-08-31 22:27:27,114 [main] INFO  db.DBStoreBuilder (DBStoreBuilder.java:processTables(167)) - Using default column profile:DBProfile.DISK for Table:default
2019-08-31 22:27:27,114 [main] INFO  db.DBStoreBuilder (DBStoreBuilder.java:getDbProfile(198)) - Using default options. DBProfile.DISK
2019-08-31 22:27:27,779 [main] INFO  ipc.CallQueueManager (CallQueueManager.java:<init>(84)) - Using callQueue: class java.util.concurrent.LinkedBlockingQueue, queueCapacity: 2000, scheduler: class org.apache.hadoop.ipc.DefaultRpcScheduler, ipcBackoff: false.
2019-08-31 22:27:27,780 [Socket Reader #1 for port 37778] INFO  ipc.Server (Server.java:run(1074)) - Starting Socket Reader #1 for port 37778
2019-08-31 22:27:27,794 [main] INFO  om.OzoneManager (OzoneManager.java:start(1266)) - OzoneManager RPC server is listening at localhost/127.0.0.1:37778
2019-08-31 22:27:27,794 [main] INFO  impl.MetricsSystemImpl (MetricsSystemImpl.java:init(158)) - OzoneManager metrics system started (again)
2019-08-31 22:27:27,795 [IPC Server Responder] INFO  ipc.Server (Server.java:run(1314)) - IPC Server Responder: starting
2019-08-31 22:27:27,796 [IPC Server listener on 37778] INFO  ipc.Server (Server.java:run(1153)) - IPC Server listener on 37778: starting
2019-08-31 22:27:27,801 [main] INFO  hdfs.DFSUtil (DFSUtil.java:httpServerTemplateForNNAndJN(1641)) - Starting Web-server for ozoneManager at: http://0.0.0.0:0
2019-08-31 22:27:27,804 [main] INFO  server.AuthenticationFilter (AuthenticationFilter.java:constructSecretProvider(240)) - Unable to initialize FileSignerSecretProvider, falling back to use random secrets.
2019-08-31 22:27:27,805 [main] WARN  http.HttpRequestLog (HttpRequestLog.java:getRequestLog(97)) - Jetty request log can only be enabled using Log4j
2019-08-31 22:27:27,809 [main] INFO  http.HttpServer2 (HttpServer2.java:addGlobalFilter(975)) - Added global filter 'safety' (class=org.apache.hadoop.http.HttpServer2$QuotingInputFilter)
2019-08-31 22:27:27,810 [main] INFO  http.HttpServer2 (HttpServer2.java:addFilter(948)) - Added filter static_user_filter (class=org.apache.hadoop.http.lib.StaticUserWebFilter$StaticUserFilter) to context ozoneManager
2019-08-31 22:27:27,810 [main] INFO  http.HttpServer2 (HttpServer2.java:addFilter(958)) - Added filter static_user_filter (class=org.apache.hadoop.http.lib.StaticUserWebFilter$StaticUserFilter) to context logs
2019-08-31 22:27:27,811 [main] INFO  http.HttpServer2 (HttpServer2.java:addFilter(958)) - Added filter static_user_filter (class=org.apache.hadoop.http.lib.StaticUserWebFilter$StaticUserFilter) to context static
2019-08-31 22:27:27,812 [main] INFO  http.HttpServer2 (HttpServer2.java:bindListener(1191)) - Jetty bound to port 34594
2019-08-31 22:27:27,813 [main] INFO  server.Server (Server.java:doStart(351)) - jetty-9.3.24.v20180605, build timestamp: 2018-06-05T17:11:56Z, git hash: 84205aa28f11a4f31f2a3b86d1bba2cc8ab69827
2019-08-31 22:27:27,815 [main] INFO  handler.ContextHandler (ContextHandler.java:doStart(781)) - Started o.e.j.s.ServletContextHandler@497d4c96{/logs,file:///workdir/hadoop-ozone/integration-test/target/log,AVAILABLE}
2019-08-31 22:27:27,816 [main] INFO  handler.ContextHandler (ContextHandler.java:doStart(781)) - Started o.e.j.s.ServletContextHandler@69d3cf7e{/static,file:///workdir/hadoop-ozone/integration-test/target/test-classes/webapps/static,AVAILABLE}
2019-08-31 22:27:27,825 [main] INFO  handler.ContextHandler (ContextHandler.java:doStart(781)) - Started o.e.j.w.WebAppContext@7c5d1d25{/,file:///workdir/hadoop-ozone/integration-test/target/test-classes/webapps/ozoneManager/,AVAILABLE}{/ozoneManager}
2019-08-31 22:27:27,826 [main] INFO  server.AbstractConnector (AbstractConnector.java:doStart(278)) - Started ServerConnector@550e9be6{HTTP/1.1,[http/1.1]}{0.0.0.0:34594}
2019-08-31 22:27:27,827 [main] INFO  server.Server (Server.java:doStart(419)) - Started @52691ms
2019-08-31 22:27:27,827 [main] WARN  impl.MetricsSystemImpl (MetricsSystemImpl.java:register(276)) - Sink prometheus already exists!
2019-08-31 22:27:27,828 [main] INFO  server.BaseHttpServer (BaseHttpServer.java:updateConnectorAddress(215)) - HTTP server of OZONEMANAGER is listening at http://0.0.0.0:34594
2019-08-31 22:27:27,859 [main] INFO  impl.MetricsSystemImpl (MetricsSystemImpl.java:init(158)) - HddsDatanode metrics system started (again)
2019-08-31 22:27:27,862 [main] INFO  ozone.HddsDatanodeService (HddsDatanodeService.java:start(184)) - HddsDatanodeService host:pr-hdds-2060-5kx6h-1518693133 ip:192.168.34.42
2019-08-31 22:27:27,869 [main] INFO  volume.HddsVolume (HddsVolume.java:<init>(176)) - Creating Volume: /workdir/hadoop-ozone/integration-test/target/test-dir/MiniOzoneClusterImpl-aaa18aea-9a54-4266-ac8a-f3420196151d/datanode-0/data/containers/hdds of  storage type : DISK and capacity : 1482555576320
2019-08-31 22:27:27,869 [main] INFO  volume.VolumeSet (VolumeSet.java:initializeVolumeSet(170)) - Added Volume : /workdir/hadoop-ozone/integration-test/target/test-dir/MiniOzoneClusterImpl-aaa18aea-9a54-4266-ac8a-f3420196151d/datanode-0/data/containers/hdds to VolumeSet
2019-08-31 22:27:27,870 [main] INFO  volume.ThrottledAsyncChecker (ThrottledAsyncChecker.java:schedule(140)) - Scheduling a check for org.apache.hadoop.ozone.container.common.volume.HddsVolume@3d24420b
2019-08-31 22:27:27,870 [main] INFO  volume.HddsVolumeChecker (HddsVolumeChecker.java:checkAllVolumes(203)) - Scheduled health check for volume org.apache.hadoop.ozone.container.common.volume.HddsVolume@3d24420b
2019-08-31 22:27:27,887 [main] INFO  impl.RaftServerProxy (ConfUtils.java:logGet(43)) - raft.rpc.type = GRPC (default)
2019-08-31 22:27:27,887 [main] INFO  grpc.GrpcFactory (GrpcFactory.java:checkPooledByteBufAllocatorUseCacheForAllThreads(45)) - PERFORMANCE WARNING: useCacheForAllThreads is true that may cause Netty to create a lot garbage objects and, as a result, trigger GC.
	It is recommended to disable useCacheForAllThreads by setting -Dorg.apache.ratis.thirdparty.io.netty.allocator.useCacheForAllThreads=false in command line.
2019-08-31 22:27:27,887 [main] INFO  grpc.GrpcConfigKeys$Server (ConfUtils.java:logGet(43)) - raft.grpc.server.port = 0 (default)
2019-08-31 22:27:27,887 [main] INFO  server.GrpcService (ConfUtils.java:logGet(43)) - raft.grpc.message.size.max = 33570816 (custom)
2019-08-31 22:27:27,888 [main] INFO  server.RaftServerConfigKeys (ConfUtils.java:logGet(43)) - raft.server.log.appender.buffer.byte-limit = 33554432 (custom)
2019-08-31 22:27:27,888 [main] INFO  server.GrpcService (ConfUtils.java:logGet(43)) - raft.grpc.flow.control.window = 1MB (=1048576) (default)
2019-08-31 22:27:27,888 [main] INFO  server.RaftServerConfigKeys (ConfUtils.java:logGet(43)) - raft.server.rpc.request.timeout = 3000ms (default)
2019-08-31 22:27:27,889 [main] INFO  server.RaftServerConfigKeys (ConfUtils.java:logGet(43)) - raft.server.storage.dir = [/workdir/hadoop-ozone/integration-test/target/test-dir/MiniOzoneClusterImpl-aaa18aea-9a54-4266-ac8a-f3420196151d/datanode-0/data/ratis] (custom)
2019-08-31 22:27:27,890 [main] INFO  hdfs.DFSUtil (DFSUtil.java:httpServerTemplateForNNAndJN(1641)) - Starting Web-server for hddsDatanode at: http://0.0.0.0:0
2019-08-31 22:27:27,892 [main] INFO  server.AuthenticationFilter (AuthenticationFilter.java:constructSecretProvider(240)) - Unable to initialize FileSignerSecretProvider, falling back to use random secrets.
2019-08-31 22:27:27,892 [main] WARN  http.HttpRequestLog (HttpRequestLog.java:getRequestLog(97)) - Jetty request log can only be enabled using Log4j
2019-08-31 22:27:27,894 [main] INFO  http.HttpServer2 (HttpServer2.java:addGlobalFilter(975)) - Added global filter 'safety' (class=org.apache.hadoop.http.HttpServer2$QuotingInputFilter)
2019-08-31 22:27:27,894 [main] INFO  http.HttpServer2 (HttpServer2.java:addFilter(948)) - Added filter static_user_filter (class=org.apache.hadoop.http.lib.StaticUserWebFilter$StaticUserFilter) to context hddsDatanode
2019-08-31 22:27:27,895 [main] INFO  http.HttpServer2 (HttpServer2.java:addFilter(958)) - Added filter static_user_filter (class=org.apache.hadoop.http.lib.StaticUserWebFilter$StaticUserFilter) to context logs
2019-08-31 22:27:27,895 [main] INFO  http.HttpServer2 (HttpServer2.java:addFilter(958)) - Added filter static_user_filter (class=org.apache.hadoop.http.lib.StaticUserWebFilter$StaticUserFilter) to context static
2019-08-31 22:27:27,896 [main] INFO  http.HttpServer2 (HttpServer2.java:bindListener(1191)) - Jetty bound to port 40911
2019-08-31 22:27:27,896 [main] INFO  server.Server (Server.java:doStart(351)) - jetty-9.3.24.v20180605, build timestamp: 2018-06-05T17:11:56Z, git hash: 84205aa28f11a4f31f2a3b86d1bba2cc8ab69827
2019-08-31 22:27:27,898 [main] INFO  handler.ContextHandler (ContextHandler.java:doStart(781)) - Started o.e.j.s.ServletContextHandler@f0020b1{/logs,file:///workdir/hadoop-ozone/integration-test/target/log,AVAILABLE}
2019-08-31 22:27:27,898 [main] INFO  handler.ContextHandler (ContextHandler.java:doStart(781)) - Started o.e.j.s.ServletContextHandler@5649d11a{/static,jar:file:/home/user/.m2/repository/org/apache/hadoop/hadoop-hdds-container-service/0.5.0-SNAPSHOT/hadoop-hdds-container-service-0.5.0-SNAPSHOT.jar!/webapps/static,AVAILABLE}
2019-08-31 22:27:27,927 [main] INFO  handler.ContextHandler (ContextHandler.java:doStart(781)) - Started o.e.j.w.WebAppContext@7af52ec7{/,file:///tmp/jetty-0.0.0.0-40911-hddsDatanode-_-any-4756276929324193469.dir/webapp/,AVAILABLE}{/hddsDatanode}
2019-08-31 22:27:27,927 [main] INFO  server.AbstractConnector (AbstractConnector.java:doStart(278)) - Started ServerConnector@77c1e611{HTTP/1.1,[http/1.1]}{0.0.0.0:40911}
2019-08-31 22:27:27,929 [main] INFO  server.Server (Server.java:doStart(419)) - Started @52793ms
2019-08-31 22:27:27,929 [main] WARN  impl.MetricsSystemImpl (MetricsSystemImpl.java:register(276)) - Sink prometheus already exists!
2019-08-31 22:27:27,930 [main] INFO  server.BaseHttpServer (BaseHttpServer.java:updateConnectorAddress(215)) - HTTP server of HDDSDATANODE is listening at http://0.0.0.0:40911
2019-08-31 22:27:27,930 [main] INFO  impl.MetricsSystemImpl (MetricsSystemImpl.java:init(158)) - HddsDatanode metrics system started (again)
2019-08-31 22:27:27,934 [main] INFO  ozone.HddsDatanodeService (HddsDatanodeService.java:start(184)) - HddsDatanodeService host:pr-hdds-2060-5kx6h-1518693133 ip:192.168.34.42
2019-08-31 22:27:27,935 [org.apache.hadoop.util.JvmPauseMonitor$Monitor@55c8806c] INFO  util.JvmPauseMonitor (JvmPauseMonitor.java:run(188)) - Starting JVM pause monitor
2019-08-31 22:27:27,938 [Datanode State Machine Thread - 0] INFO  datanode.InitDatanodeState (InitDatanodeState.java:persistContainerDatanodeDetails(140)) - DatanodeDetails is persisted to /workdir/hadoop-ozone/integration-test/target/test-dir/MiniOzoneClusterImpl-aaa18aea-9a54-4266-ac8a-f3420196151d/datanode-0/meta/datanode.id
2019-08-31 22:27:27,941 [main] INFO  volume.HddsVolume (HddsVolume.java:<init>(176)) - Creating Volume: /workdir/hadoop-ozone/integration-test/target/test-dir/MiniOzoneClusterImpl-aaa18aea-9a54-4266-ac8a-f3420196151d/datanode-1/data/containers/hdds of  storage type : DISK and capacity : 1482555576320
2019-08-31 22:27:27,941 [main] INFO  volume.VolumeSet (VolumeSet.java:initializeVolumeSet(170)) - Added Volume : /workdir/hadoop-ozone/integration-test/target/test-dir/MiniOzoneClusterImpl-aaa18aea-9a54-4266-ac8a-f3420196151d/datanode-1/data/containers/hdds to VolumeSet
2019-08-31 22:27:27,941 [main] INFO  volume.ThrottledAsyncChecker (ThrottledAsyncChecker.java:schedule(140)) - Scheduling a check for org.apache.hadoop.ozone.container.common.volume.HddsVolume@6025d790
2019-08-31 22:27:27,942 [main] INFO  volume.HddsVolumeChecker (HddsVolumeChecker.java:checkAllVolumes(203)) - Scheduled health check for volume org.apache.hadoop.ozone.container.common.volume.HddsVolume@6025d790
2019-08-31 22:27:27,956 [main] INFO  impl.RaftServerProxy (ConfUtils.java:logGet(43)) - raft.rpc.type = GRPC (default)
2019-08-31 22:27:27,957 [main] INFO  grpc.GrpcFactory (GrpcFactory.java:checkPooledByteBufAllocatorUseCacheForAllThreads(45)) - PERFORMANCE WARNING: useCacheForAllThreads is true that may cause Netty to create a lot garbage objects and, as a result, trigger GC.
	It is recommended to disable useCacheForAllThreads by setting -Dorg.apache.ratis.thirdparty.io.netty.allocator.useCacheForAllThreads=false in command line.
2019-08-31 22:27:27,957 [main] INFO  grpc.GrpcConfigKeys$Server (ConfUtils.java:logGet(43)) - raft.grpc.server.port = 0 (default)
2019-08-31 22:27:27,957 [main] INFO  server.GrpcService (ConfUtils.java:logGet(43)) - raft.grpc.message.size.max = 33570816 (custom)
2019-08-31 22:27:27,957 [main] INFO  server.RaftServerConfigKeys (ConfUtils.java:logGet(43)) - raft.server.log.appender.buffer.byte-limit = 33554432 (custom)
2019-08-31 22:27:27,957 [main] INFO  server.GrpcService (ConfUtils.java:logGet(43)) - raft.grpc.flow.control.window = 1MB (=1048576) (default)
2019-08-31 22:27:27,957 [main] INFO  server.RaftServerConfigKeys (ConfUtils.java:logGet(43)) - raft.server.rpc.request.timeout = 3000ms (default)
2019-08-31 22:27:27,958 [main] INFO  server.RaftServerConfigKeys (ConfUtils.java:logGet(43)) - raft.server.storage.dir = [/workdir/hadoop-ozone/integration-test/target/test-dir/MiniOzoneClusterImpl-aaa18aea-9a54-4266-ac8a-f3420196151d/datanode-1/data/ratis] (custom)
2019-08-31 22:27:27,959 [main] INFO  hdfs.DFSUtil (DFSUtil.java:httpServerTemplateForNNAndJN(1641)) - Starting Web-server for hddsDatanode at: http://0.0.0.0:0
2019-08-31 22:27:27,960 [main] INFO  server.AuthenticationFilter (AuthenticationFilter.java:constructSecretProvider(240)) - Unable to initialize FileSignerSecretProvider, falling back to use random secrets.
2019-08-31 22:27:27,961 [main] WARN  http.HttpRequestLog (HttpRequestLog.java:getRequestLog(97)) - Jetty request log can only be enabled using Log4j
2019-08-31 22:27:27,962 [main] INFO  http.HttpServer2 (HttpServer2.java:addGlobalFilter(975)) - Added global filter 'safety' (class=org.apache.hadoop.http.HttpServer2$QuotingInputFilter)
2019-08-31 22:27:27,963 [main] INFO  http.HttpServer2 (HttpServer2.java:addFilter(948)) - Added filter static_user_filter (class=org.apache.hadoop.http.lib.StaticUserWebFilter$StaticUserFilter) to context hddsDatanode
2019-08-31 22:27:27,963 [main] INFO  http.HttpServer2 (HttpServer2.java:addFilter(958)) - Added filter static_user_filter (class=org.apache.hadoop.http.lib.StaticUserWebFilter$StaticUserFilter) to context static
2019-08-31 22:27:27,963 [main] INFO  http.HttpServer2 (HttpServer2.java:addFilter(958)) - Added filter static_user_filter (class=org.apache.hadoop.http.lib.StaticUserWebFilter$StaticUserFilter) to context logs
2019-08-31 22:27:27,964 [main] INFO  http.HttpServer2 (HttpServer2.java:bindListener(1191)) - Jetty bound to port 39399
2019-08-31 22:27:27,964 [main] INFO  server.Server (Server.java:doStart(351)) - jetty-9.3.24.v20180605, build timestamp: 2018-06-05T17:11:56Z, git hash: 84205aa28f11a4f31f2a3b86d1bba2cc8ab69827
2019-08-31 22:27:27,965 [main] INFO  handler.ContextHandler (ContextHandler.java:doStart(781)) - Started o.e.j.s.ServletContextHandler@79696332{/logs,file:///workdir/hadoop-ozone/integration-test/target/log,AVAILABLE}
2019-08-31 22:27:27,966 [main] INFO  handler.ContextHandler (ContextHandler.java:doStart(781)) - Started o.e.j.s.ServletContextHandler@fe87ddd{/static,jar:file:/home/user/.m2/repository/org/apache/hadoop/hadoop-hdds-container-service/0.5.0-SNAPSHOT/hadoop-hdds-container-service-0.5.0-SNAPSHOT.jar!/webapps/static,AVAILABLE}
2019-08-31 22:27:27,994 [main] INFO  handler.ContextHandler (ContextHandler.java:doStart(781)) - Started o.e.j.w.WebAppContext@4d157493{/,file:///tmp/jetty-0.0.0.0-39399-hddsDatanode-_-any-3605396004291757545.dir/webapp/,AVAILABLE}{/hddsDatanode}
2019-08-31 22:27:27,994 [main] INFO  server.AbstractConnector (AbstractConnector.java:doStart(278)) - Started ServerConnector@54c622a7{HTTP/1.1,[http/1.1]}{0.0.0.0:39399}
2019-08-31 22:27:27,996 [main] INFO  server.Server (Server.java:doStart(419)) - Started @52860ms
2019-08-31 22:27:27,996 [main] WARN  impl.MetricsSystemImpl (MetricsSystemImpl.java:register(276)) - Sink prometheus already exists!
2019-08-31 22:27:27,997 [main] INFO  server.BaseHttpServer (BaseHttpServer.java:updateConnectorAddress(215)) - HTTP server of HDDSDATANODE is listening at http://0.0.0.0:39399
2019-08-31 22:27:27,997 [main] INFO  impl.MetricsSystemImpl (MetricsSystemImpl.java:init(158)) - HddsDatanode metrics system started (again)
2019-08-31 22:27:28,001 [org.apache.hadoop.util.JvmPauseMonitor$Monitor@67e2d310] INFO  util.JvmPauseMonitor (JvmPauseMonitor.java:run(188)) - Starting JVM pause monitor
2019-08-31 22:27:28,001 [main] INFO  ozone.HddsDatanodeService (HddsDatanodeService.java:start(184)) - HddsDatanodeService host:pr-hdds-2060-5kx6h-1518693133 ip:192.168.34.42
2019-08-31 22:27:28,003 [Datanode State Machine Thread - 0] INFO  datanode.InitDatanodeState (InitDatanodeState.java:persistContainerDatanodeDetails(140)) - DatanodeDetails is persisted to /workdir/hadoop-ozone/integration-test/target/test-dir/MiniOzoneClusterImpl-aaa18aea-9a54-4266-ac8a-f3420196151d/datanode-1/meta/datanode.id
2019-08-31 22:27:28,008 [main] INFO  volume.HddsVolume (HddsVolume.java:<init>(176)) - Creating Volume: /workdir/hadoop-ozone/integration-test/target/test-dir/MiniOzoneClusterImpl-aaa18aea-9a54-4266-ac8a-f3420196151d/datanode-2/data/containers/hdds of  storage type : DISK and capacity : 1482555576320
2019-08-31 22:27:28,008 [main] INFO  volume.VolumeSet (VolumeSet.java:initializeVolumeSet(170)) - Added Volume : /workdir/hadoop-ozone/integration-test/target/test-dir/MiniOzoneClusterImpl-aaa18aea-9a54-4266-ac8a-f3420196151d/datanode-2/data/containers/hdds to VolumeSet
2019-08-31 22:27:28,008 [main] INFO  volume.ThrottledAsyncChecker (ThrottledAsyncChecker.java:schedule(140)) - Scheduling a check for org.apache.hadoop.ozone.container.common.volume.HddsVolume@60df7989
2019-08-31 22:27:28,009 [main] INFO  volume.HddsVolumeChecker (HddsVolumeChecker.java:checkAllVolumes(203)) - Scheduled health check for volume org.apache.hadoop.ozone.container.common.volume.HddsVolume@60df7989
2019-08-31 22:27:28,022 [main] INFO  impl.RaftServerProxy (ConfUtils.java:logGet(43)) - raft.rpc.type = GRPC (default)
2019-08-31 22:27:28,022 [main] INFO  grpc.GrpcFactory (GrpcFactory.java:checkPooledByteBufAllocatorUseCacheForAllThreads(45)) - PERFORMANCE WARNING: useCacheForAllThreads is true that may cause Netty to create a lot garbage objects and, as a result, trigger GC.
	It is recommended to disable useCacheForAllThreads by setting -Dorg.apache.ratis.thirdparty.io.netty.allocator.useCacheForAllThreads=false in command line.
2019-08-31 22:27:28,022 [main] INFO  grpc.GrpcConfigKeys$Server (ConfUtils.java:logGet(43)) - raft.grpc.server.port = 0 (default)
2019-08-31 22:27:28,022 [main] INFO  server.GrpcService (ConfUtils.java:logGet(43)) - raft.grpc.message.size.max = 33570816 (custom)
2019-08-31 22:27:28,023 [main] INFO  server.RaftServerConfigKeys (ConfUtils.java:logGet(43)) - raft.server.log.appender.buffer.byte-limit = 33554432 (custom)
2019-08-31 22:27:28,023 [main] INFO  server.GrpcService (ConfUtils.java:logGet(43)) - raft.grpc.flow.control.window = 1MB (=1048576) (default)
2019-08-31 22:27:28,023 [main] INFO  server.RaftServerConfigKeys (ConfUtils.java:logGet(43)) - raft.server.rpc.request.timeout = 3000ms (default)
2019-08-31 22:27:28,023 [main] INFO  server.RaftServerConfigKeys (ConfUtils.java:logGet(43)) - raft.server.storage.dir = [/workdir/hadoop-ozone/integration-test/target/test-dir/MiniOzoneClusterImpl-aaa18aea-9a54-4266-ac8a-f3420196151d/datanode-2/data/ratis] (custom)
2019-08-31 22:27:28,025 [main] INFO  hdfs.DFSUtil (DFSUtil.java:httpServerTemplateForNNAndJN(1641)) - Starting Web-server for hddsDatanode at: http://0.0.0.0:0
2019-08-31 22:27:28,026 [main] INFO  server.AuthenticationFilter (AuthenticationFilter.java:constructSecretProvider(240)) - Unable to initialize FileSignerSecretProvider, falling back to use random secrets.
2019-08-31 22:27:28,026 [main] WARN  http.HttpRequestLog (HttpRequestLog.java:getRequestLog(97)) - Jetty request log can only be enabled using Log4j
2019-08-31 22:27:28,027 [main] INFO  http.HttpServer2 (HttpServer2.java:addGlobalFilter(975)) - Added global filter 'safety' (class=org.apache.hadoop.http.HttpServer2$QuotingInputFilter)
2019-08-31 22:27:28,028 [main] INFO  http.HttpServer2 (HttpServer2.java:addFilter(948)) - Added filter static_user_filter (class=org.apache.hadoop.http.lib.StaticUserWebFilter$StaticUserFilter) to context hddsDatanode
2019-08-31 22:27:28,028 [main] INFO  http.HttpServer2 (HttpServer2.java:addFilter(958)) - Added filter static_user_filter (class=org.apache.hadoop.http.lib.StaticUserWebFilter$StaticUserFilter) to context logs
2019-08-31 22:27:28,028 [main] INFO  http.HttpServer2 (HttpServer2.java:addFilter(958)) - Added filter static_user_filter (class=org.apache.hadoop.http.lib.StaticUserWebFilter$StaticUserFilter) to context static
2019-08-31 22:27:28,029 [main] INFO  http.HttpServer2 (HttpServer2.java:bindListener(1191)) - Jetty bound to port 40656
2019-08-31 22:27:28,029 [main] INFO  server.Server (Server.java:doStart(351)) - jetty-9.3.24.v20180605, build timestamp: 2018-06-05T17:11:56Z, git hash: 84205aa28f11a4f31f2a3b86d1bba2cc8ab69827
2019-08-31 22:27:28,031 [main] INFO  handler.ContextHandler (ContextHandler.java:doStart(781)) - Started o.e.j.s.ServletContextHandler@4dac121d{/logs,file:///workdir/hadoop-ozone/integration-test/target/log,AVAILABLE}
2019-08-31 22:27:28,031 [main] INFO  handler.ContextHandler (ContextHandler.java:doStart(781)) - Started o.e.j.s.ServletContextHandler@3e28fee1{/static,jar:file:/home/user/.m2/repository/org/apache/hadoop/hadoop-hdds-container-service/0.5.0-SNAPSHOT/hadoop-hdds-container-service-0.5.0-SNAPSHOT.jar!/webapps/static,AVAILABLE}
2019-08-31 22:27:28,058 [main] INFO  handler.ContextHandler (ContextHandler.java:doStart(781)) - Started o.e.j.w.WebAppContext@4ed5a1b0{/,file:///tmp/jetty-0.0.0.0-40656-hddsDatanode-_-any-1393880149459641281.dir/webapp/,AVAILABLE}{/hddsDatanode}
2019-08-31 22:27:28,059 [main] INFO  server.AbstractConnector (AbstractConnector.java:doStart(278)) - Started ServerConnector@18d003cd{HTTP/1.1,[http/1.1]}{0.0.0.0:40656}
2019-08-31 22:27:28,060 [main] INFO  server.Server (Server.java:doStart(419)) - Started @52924ms
2019-08-31 22:27:28,060 [main] WARN  impl.MetricsSystemImpl (MetricsSystemImpl.java:register(276)) - Sink prometheus already exists!
2019-08-31 22:27:28,061 [main] INFO  server.BaseHttpServer (BaseHttpServer.java:updateConnectorAddress(215)) - HTTP server of HDDSDATANODE is listening at http://0.0.0.0:40656
2019-08-31 22:27:28,061 [main] INFO  impl.MetricsSystemImpl (MetricsSystemImpl.java:init(158)) - HddsDatanode metrics system started (again)
2019-08-31 22:27:28,066 [org.apache.hadoop.util.JvmPauseMonitor$Monitor@1c3fea52] INFO  util.JvmPauseMonitor (JvmPauseMonitor.java:run(188)) - Starting JVM pause monitor
2019-08-31 22:27:28,066 [main] INFO  ozone.HddsDatanodeService (HddsDatanodeService.java:start(184)) - HddsDatanodeService host:pr-hdds-2060-5kx6h-1518693133 ip:192.168.34.42
2019-08-31 22:27:28,068 [Datanode State Machine Thread - 0] INFO  datanode.InitDatanodeState (InitDatanodeState.java:persistContainerDatanodeDetails(140)) - DatanodeDetails is persisted to /workdir/hadoop-ozone/integration-test/target/test-dir/MiniOzoneClusterImpl-aaa18aea-9a54-4266-ac8a-f3420196151d/datanode-2/meta/datanode.id
2019-08-31 22:27:28,073 [main] INFO  volume.HddsVolume (HddsVolume.java:<init>(176)) - Creating Volume: /workdir/hadoop-ozone/integration-test/target/test-dir/MiniOzoneClusterImpl-aaa18aea-9a54-4266-ac8a-f3420196151d/datanode-3/data/containers/hdds of  storage type : DISK and capacity : 1482555576320
2019-08-31 22:27:28,074 [main] INFO  volume.VolumeSet (VolumeSet.java:initializeVolumeSet(170)) - Added Volume : /workdir/hadoop-ozone/integration-test/target/test-dir/MiniOzoneClusterImpl-aaa18aea-9a54-4266-ac8a-f3420196151d/datanode-3/data/containers/hdds to VolumeSet
2019-08-31 22:27:28,074 [main] INFO  volume.ThrottledAsyncChecker (ThrottledAsyncChecker.java:schedule(140)) - Scheduling a check for org.apache.hadoop.ozone.container.common.volume.HddsVolume@1ddc6db2
2019-08-31 22:27:28,074 [main] INFO  volume.HddsVolumeChecker (HddsVolumeChecker.java:checkAllVolumes(203)) - Scheduled health check for volume org.apache.hadoop.ozone.container.common.volume.HddsVolume@1ddc6db2
2019-08-31 22:27:28,092 [main] INFO  impl.RaftServerProxy (ConfUtils.java:logGet(43)) - raft.rpc.type = GRPC (default)
2019-08-31 22:27:28,092 [main] INFO  grpc.GrpcFactory (GrpcFactory.java:checkPooledByteBufAllocatorUseCacheForAllThreads(45)) - PERFORMANCE WARNING: useCacheForAllThreads is true that may cause Netty to create a lot garbage objects and, as a result, trigger GC.
	It is recommended to disable useCacheForAllThreads by setting -Dorg.apache.ratis.thirdparty.io.netty.allocator.useCacheForAllThreads=false in command line.
2019-08-31 22:27:28,092 [main] INFO  grpc.GrpcConfigKeys$Server (ConfUtils.java:logGet(43)) - raft.grpc.server.port = 0 (default)
2019-08-31 22:27:28,092 [main] INFO  server.GrpcService (ConfUtils.java:logGet(43)) - raft.grpc.message.size.max = 33570816 (custom)
2019-08-31 22:27:28,093 [main] INFO  server.RaftServerConfigKeys (ConfUtils.java:logGet(43)) - raft.server.log.appender.buffer.byte-limit = 33554432 (custom)
2019-08-31 22:27:28,093 [main] INFO  server.GrpcService (ConfUtils.java:logGet(43)) - raft.grpc.flow.control.window = 1MB (=1048576) (default)
2019-08-31 22:27:28,093 [main] INFO  server.RaftServerConfigKeys (ConfUtils.java:logGet(43)) - raft.server.rpc.request.timeout = 3000ms (default)
2019-08-31 22:27:28,093 [main] INFO  server.RaftServerConfigKeys (ConfUtils.java:logGet(43)) - raft.server.storage.dir = [/workdir/hadoop-ozone/integration-test/target/test-dir/MiniOzoneClusterImpl-aaa18aea-9a54-4266-ac8a-f3420196151d/datanode-3/data/ratis] (custom)
2019-08-31 22:27:28,095 [main] INFO  hdfs.DFSUtil (DFSUtil.java:httpServerTemplateForNNAndJN(1641)) - Starting Web-server for hddsDatanode at: http://0.0.0.0:0
2019-08-31 22:27:28,096 [main] INFO  server.AuthenticationFilter (AuthenticationFilter.java:constructSecretProvider(240)) - Unable to initialize FileSignerSecretProvider, falling back to use random secrets.
2019-08-31 22:27:28,096 [main] WARN  http.HttpRequestLog (HttpRequestLog.java:getRequestLog(97)) - Jetty request log can only be enabled using Log4j
2019-08-31 22:27:28,097 [main] INFO  http.HttpServer2 (HttpServer2.java:addGlobalFilter(975)) - Added global filter 'safety' (class=org.apache.hadoop.http.HttpServer2$QuotingInputFilter)
2019-08-31 22:27:28,098 [main] INFO  http.HttpServer2 (HttpServer2.java:addFilter(948)) - Added filter static_user_filter (class=org.apache.hadoop.http.lib.StaticUserWebFilter$StaticUserFilter) to context hddsDatanode
2019-08-31 22:27:28,098 [main] INFO  http.HttpServer2 (HttpServer2.java:addFilter(958)) - Added filter static_user_filter (class=org.apache.hadoop.http.lib.StaticUserWebFilter$StaticUserFilter) to context logs
2019-08-31 22:27:28,098 [main] INFO  http.HttpServer2 (HttpServer2.java:addFilter(958)) - Added filter static_user_filter (class=org.apache.hadoop.http.lib.StaticUserWebFilter$StaticUserFilter) to context static
2019-08-31 22:27:28,099 [main] INFO  http.HttpServer2 (HttpServer2.java:bindListener(1191)) - Jetty bound to port 46616
2019-08-31 22:27:28,099 [main] INFO  server.Server (Server.java:doStart(351)) - jetty-9.3.24.v20180605, build timestamp: 2018-06-05T17:11:56Z, git hash: 84205aa28f11a4f31f2a3b86d1bba2cc8ab69827
2019-08-31 22:27:28,101 [main] INFO  handler.ContextHandler (ContextHandler.java:doStart(781)) - Started o.e.j.s.ServletContextHandler@4b432e53{/logs,file:///workdir/hadoop-ozone/integration-test/target/log,AVAILABLE}
2019-08-31 22:27:28,101 [main] INFO  handler.ContextHandler (ContextHandler.java:doStart(781)) - Started o.e.j.s.ServletContextHandler@62f11ebb{/static,jar:file:/home/user/.m2/repository/org/apache/hadoop/hadoop-hdds-container-service/0.5.0-SNAPSHOT/hadoop-hdds-container-service-0.5.0-SNAPSHOT.jar!/webapps/static,AVAILABLE}
2019-08-31 22:27:28,128 [main] INFO  handler.ContextHandler (ContextHandler.java:doStart(781)) - Started o.e.j.w.WebAppContext@4087c7fc{/,file:///tmp/jetty-0.0.0.0-46616-hddsDatanode-_-any-6300747896352046056.dir/webapp/,AVAILABLE}{/hddsDatanode}
2019-08-31 22:27:28,129 [main] INFO  server.AbstractConnector (AbstractConnector.java:doStart(278)) - Started ServerConnector@318c68d5{HTTP/1.1,[http/1.1]}{0.0.0.0:46616}
2019-08-31 22:27:28,130 [main] INFO  server.Server (Server.java:doStart(419)) - Started @52994ms
2019-08-31 22:27:28,130 [main] WARN  impl.MetricsSystemImpl (MetricsSystemImpl.java:register(276)) - Sink prometheus already exists!
2019-08-31 22:27:28,131 [main] INFO  server.BaseHttpServer (BaseHttpServer.java:updateConnectorAddress(215)) - HTTP server of HDDSDATANODE is listening at http://0.0.0.0:46616
2019-08-31 22:27:28,131 [main] INFO  impl.MetricsSystemImpl (MetricsSystemImpl.java:init(158)) - HddsDatanode metrics system started (again)
2019-08-31 22:27:28,136 [org.apache.hadoop.util.JvmPauseMonitor$Monitor@25fde424] INFO  util.JvmPauseMonitor (JvmPauseMonitor.java:run(188)) - Starting JVM pause monitor
2019-08-31 22:27:28,136 [main] INFO  ozone.HddsDatanodeService (HddsDatanodeService.java:start(184)) - HddsDatanodeService host:pr-hdds-2060-5kx6h-1518693133 ip:192.168.34.42
2019-08-31 22:27:28,138 [Datanode State Machine Thread - 0] INFO  datanode.InitDatanodeState (InitDatanodeState.java:persistContainerDatanodeDetails(140)) - DatanodeDetails is persisted to /workdir/hadoop-ozone/integration-test/target/test-dir/MiniOzoneClusterImpl-aaa18aea-9a54-4266-ac8a-f3420196151d/datanode-3/meta/datanode.id
2019-08-31 22:27:28,142 [main] INFO  volume.HddsVolume (HddsVolume.java:<init>(176)) - Creating Volume: /workdir/hadoop-ozone/integration-test/target/test-dir/MiniOzoneClusterImpl-aaa18aea-9a54-4266-ac8a-f3420196151d/datanode-4/data/containers/hdds of  storage type : DISK and capacity : 1482555576320
2019-08-31 22:27:28,143 [main] INFO  volume.VolumeSet (VolumeSet.java:initializeVolumeSet(170)) - Added Volume : /workdir/hadoop-ozone/integration-test/target/test-dir/MiniOzoneClusterImpl-aaa18aea-9a54-4266-ac8a-f3420196151d/datanode-4/data/containers/hdds to VolumeSet
2019-08-31 22:27:28,143 [main] INFO  volume.ThrottledAsyncChecker (ThrottledAsyncChecker.java:schedule(140)) - Scheduling a check for org.apache.hadoop.ozone.container.common.volume.HddsVolume@6baf25d7
2019-08-31 22:27:28,143 [main] INFO  volume.HddsVolumeChecker (HddsVolumeChecker.java:checkAllVolumes(203)) - Scheduled health check for volume org.apache.hadoop.ozone.container.common.volume.HddsVolume@6baf25d7
2019-08-31 22:27:28,157 [main] INFO  impl.RaftServerProxy (ConfUtils.java:logGet(43)) - raft.rpc.type = GRPC (default)
2019-08-31 22:27:28,158 [main] INFO  grpc.GrpcFactory (GrpcFactory.java:checkPooledByteBufAllocatorUseCacheForAllThreads(45)) - PERFORMANCE WARNING: useCacheForAllThreads is true that may cause Netty to create a lot garbage objects and, as a result, trigger GC.
	It is recommended to disable useCacheForAllThreads by setting -Dorg.apache.ratis.thirdparty.io.netty.allocator.useCacheForAllThreads=false in command line.
2019-08-31 22:27:28,158 [main] INFO  grpc.GrpcConfigKeys$Server (ConfUtils.java:logGet(43)) - raft.grpc.server.port = 0 (default)
2019-08-31 22:27:28,158 [main] INFO  server.GrpcService (ConfUtils.java:logGet(43)) - raft.grpc.message.size.max = 33570816 (custom)
2019-08-31 22:27:28,158 [main] INFO  server.RaftServerConfigKeys (ConfUtils.java:logGet(43)) - raft.server.log.appender.buffer.byte-limit = 33554432 (custom)
2019-08-31 22:27:28,158 [main] INFO  server.GrpcService (ConfUtils.java:logGet(43)) - raft.grpc.flow.control.window = 1MB (=1048576) (default)
2019-08-31 22:27:28,159 [main] INFO  server.RaftServerConfigKeys (ConfUtils.java:logGet(43)) - raft.server.rpc.request.timeout = 3000ms (default)
2019-08-31 22:27:28,159 [main] INFO  server.RaftServerConfigKeys (ConfUtils.java:logGet(43)) - raft.server.storage.dir = [/workdir/hadoop-ozone/integration-test/target/test-dir/MiniOzoneClusterImpl-aaa18aea-9a54-4266-ac8a-f3420196151d/datanode-4/data/ratis] (custom)
2019-08-31 22:27:28,160 [main] INFO  hdfs.DFSUtil (DFSUtil.java:httpServerTemplateForNNAndJN(1641)) - Starting Web-server for hddsDatanode at: http://0.0.0.0:0
2019-08-31 22:27:28,162 [main] INFO  server.AuthenticationFilter (AuthenticationFilter.java:constructSecretProvider(240)) - Unable to initialize FileSignerSecretProvider, falling back to use random secrets.
2019-08-31 22:27:28,162 [main] WARN  http.HttpRequestLog (HttpRequestLog.java:getRequestLog(97)) - Jetty request log can only be enabled using Log4j
2019-08-31 22:27:28,163 [main] INFO  http.HttpServer2 (HttpServer2.java:addGlobalFilter(975)) - Added global filter 'safety' (class=org.apache.hadoop.http.HttpServer2$QuotingInputFilter)
2019-08-31 22:27:28,164 [main] INFO  http.HttpServer2 (HttpServer2.java:addFilter(948)) - Added filter static_user_filter (class=org.apache.hadoop.http.lib.StaticUserWebFilter$StaticUserFilter) to context hddsDatanode
2019-08-31 22:27:28,164 [main] INFO  http.HttpServer2 (HttpServer2.java:addFilter(958)) - Added filter static_user_filter (class=org.apache.hadoop.http.lib.StaticUserWebFilter$StaticUserFilter) to context logs
2019-08-31 22:27:28,164 [main] INFO  http.HttpServer2 (HttpServer2.java:addFilter(958)) - Added filter static_user_filter (class=org.apache.hadoop.http.lib.StaticUserWebFilter$StaticUserFilter) to context static
2019-08-31 22:27:28,165 [main] INFO  http.HttpServer2 (HttpServer2.java:bindListener(1191)) - Jetty bound to port 42141
2019-08-31 22:27:28,165 [main] INFO  server.Server (Server.java:doStart(351)) - jetty-9.3.24.v20180605, build timestamp: 2018-06-05T17:11:56Z, git hash: 84205aa28f11a4f31f2a3b86d1bba2cc8ab69827
2019-08-31 22:27:28,167 [main] INFO  handler.ContextHandler (ContextHandler.java:doStart(781)) - Started o.e.j.s.ServletContextHandler@50ab56e2{/logs,file:///workdir/hadoop-ozone/integration-test/target/log,AVAILABLE}
2019-08-31 22:27:28,168 [main] INFO  handler.ContextHandler (ContextHandler.java:doStart(781)) - Started o.e.j.s.ServletContextHandler@74834afd{/static,jar:file:/home/user/.m2/repository/org/apache/hadoop/hadoop-hdds-container-service/0.5.0-SNAPSHOT/hadoop-hdds-container-service-0.5.0-SNAPSHOT.jar!/webapps/static,AVAILABLE}
2019-08-31 22:27:28,196 [main] INFO  handler.ContextHandler (ContextHandler.java:doStart(781)) - Started o.e.j.w.WebAppContext@4c1d59cd{/,file:///tmp/jetty-0.0.0.0-42141-hddsDatanode-_-any-3023866492337346062.dir/webapp/,AVAILABLE}{/hddsDatanode}
2019-08-31 22:27:28,196 [main] INFO  server.AbstractConnector (AbstractConnector.java:doStart(278)) - Started ServerConnector@76cf841{HTTP/1.1,[http/1.1]}{0.0.0.0:42141}
2019-08-31 22:27:28,198 [main] INFO  server.Server (Server.java:doStart(419)) - Started @53062ms
2019-08-31 22:27:28,198 [main] WARN  impl.MetricsSystemImpl (MetricsSystemImpl.java:register(276)) - Sink prometheus already exists!
2019-08-31 22:27:28,199 [main] INFO  server.BaseHttpServer (BaseHttpServer.java:updateConnectorAddress(215)) - HTTP server of HDDSDATANODE is listening at http://0.0.0.0:42141
2019-08-31 22:27:28,199 [main] INFO  impl.MetricsSystemImpl (MetricsSystemImpl.java:init(158)) - HddsDatanode metrics system started (again)
2019-08-31 22:27:28,204 [org.apache.hadoop.util.JvmPauseMonitor$Monitor@529a1de4] INFO  util.JvmPauseMonitor (JvmPauseMonitor.java:run(188)) - Starting JVM pause monitor
2019-08-31 22:27:28,204 [main] INFO  ozone.HddsDatanodeService (HddsDatanodeService.java:start(184)) - HddsDatanodeService host:pr-hdds-2060-5kx6h-1518693133 ip:192.168.34.42
2019-08-31 22:27:28,206 [Datanode State Machine Thread - 0] INFO  datanode.InitDatanodeState (InitDatanodeState.java:persistContainerDatanodeDetails(140)) - DatanodeDetails is persisted to /workdir/hadoop-ozone/integration-test/target/test-dir/MiniOzoneClusterImpl-aaa18aea-9a54-4266-ac8a-f3420196151d/datanode-4/meta/datanode.id
2019-08-31 22:27:28,211 [main] INFO  volume.HddsVolume (HddsVolume.java:<init>(176)) - Creating Volume: /workdir/hadoop-ozone/integration-test/target/test-dir/MiniOzoneClusterImpl-aaa18aea-9a54-4266-ac8a-f3420196151d/datanode-5/data/containers/hdds of  storage type : DISK and capacity : 1482555576320
2019-08-31 22:27:28,211 [main] INFO  volume.VolumeSet (VolumeSet.java:initializeVolumeSet(170)) - Added Volume : /workdir/hadoop-ozone/integration-test/target/test-dir/MiniOzoneClusterImpl-aaa18aea-9a54-4266-ac8a-f3420196151d/datanode-5/data/containers/hdds to VolumeSet
2019-08-31 22:27:28,211 [main] INFO  volume.ThrottledAsyncChecker (ThrottledAsyncChecker.java:schedule(140)) - Scheduling a check for org.apache.hadoop.ozone.container.common.volume.HddsVolume@54b2fc58
2019-08-31 22:27:28,212 [main] INFO  volume.HddsVolumeChecker (HddsVolumeChecker.java:checkAllVolumes(203)) - Scheduled health check for volume org.apache.hadoop.ozone.container.common.volume.HddsVolume@54b2fc58
2019-08-31 22:27:28,241 [main] INFO  impl.RaftServerProxy (ConfUtils.java:logGet(43)) - raft.rpc.type = GRPC (default)
2019-08-31 22:27:28,242 [main] INFO  grpc.GrpcFactory (GrpcFactory.java:checkPooledByteBufAllocatorUseCacheForAllThreads(45)) - PERFORMANCE WARNING: useCacheForAllThreads is true that may cause Netty to create a lot garbage objects and, as a result, trigger GC.
	It is recommended to disable useCacheForAllThreads by setting -Dorg.apache.ratis.thirdparty.io.netty.allocator.useCacheForAllThreads=false in command line.
2019-08-31 22:27:28,243 [main] INFO  grpc.GrpcConfigKeys$Server (ConfUtils.java:logGet(43)) - raft.grpc.server.port = 0 (default)
2019-08-31 22:27:28,243 [main] INFO  server.GrpcService (ConfUtils.java:logGet(43)) - raft.grpc.message.size.max = 33570816 (custom)
2019-08-31 22:27:28,244 [main] INFO  server.RaftServerConfigKeys (ConfUtils.java:logGet(43)) - raft.server.log.appender.buffer.byte-limit = 33554432 (custom)
2019-08-31 22:27:28,244 [main] INFO  server.GrpcService (ConfUtils.java:logGet(43)) - raft.grpc.flow.control.window = 1MB (=1048576) (default)
2019-08-31 22:27:28,245 [main] INFO  server.RaftServerConfigKeys (ConfUtils.java:logGet(43)) - raft.server.rpc.request.timeout = 3000ms (default)
2019-08-31 22:27:28,246 [main] INFO  server.RaftServerConfigKeys (ConfUtils.java:logGet(43)) - raft.server.storage.dir = [/workdir/hadoop-ozone/integration-test/target/test-dir/MiniOzoneClusterImpl-aaa18aea-9a54-4266-ac8a-f3420196151d/datanode-5/data/ratis] (custom)
2019-08-31 22:27:28,248 [main] INFO  hdfs.DFSUtil (DFSUtil.java:httpServerTemplateForNNAndJN(1641)) - Starting Web-server for hddsDatanode at: http://0.0.0.0:0
2019-08-31 22:27:28,251 [main] INFO  server.AuthenticationFilter (AuthenticationFilter.java:constructSecretProvider(240)) - Unable to initialize FileSignerSecretProvider, falling back to use random secrets.
2019-08-31 22:27:28,252 [main] WARN  http.HttpRequestLog (HttpRequestLog.java:getRequestLog(97)) - Jetty request log can only be enabled using Log4j
2019-08-31 22:27:28,253 [main] INFO  http.HttpServer2 (HttpServer2.java:addGlobalFilter(975)) - Added global filter 'safety' (class=org.apache.hadoop.http.HttpServer2$QuotingInputFilter)
2019-08-31 22:27:28,254 [main] INFO  http.HttpServer2 (HttpServer2.java:addFilter(948)) - Added filter static_user_filter (class=org.apache.hadoop.http.lib.StaticUserWebFilter$StaticUserFilter) to context hddsDatanode
2019-08-31 22:27:28,254 [main] INFO  http.HttpServer2 (HttpServer2.java:addFilter(958)) - Added filter static_user_filter (class=org.apache.hadoop.http.lib.StaticUserWebFilter$StaticUserFilter) to context logs
2019-08-31 22:27:28,254 [main] INFO  http.HttpServer2 (HttpServer2.java:addFilter(958)) - Added filter static_user_filter (class=org.apache.hadoop.http.lib.StaticUserWebFilter$StaticUserFilter) to context static
2019-08-31 22:27:28,255 [main] INFO  http.HttpServer2 (HttpServer2.java:bindListener(1191)) - Jetty bound to port 46699
2019-08-31 22:27:28,255 [main] INFO  server.Server (Server.java:doStart(351)) - jetty-9.3.24.v20180605, build timestamp: 2018-06-05T17:11:56Z, git hash: 84205aa28f11a4f31f2a3b86d1bba2cc8ab69827
2019-08-31 22:27:28,257 [main] INFO  handler.ContextHandler (ContextHandler.java:doStart(781)) - Started o.e.j.s.ServletContextHandler@287ae90c{/logs,file:///workdir/hadoop-ozone/integration-test/target/log,AVAILABLE}
2019-08-31 22:27:28,258 [main] INFO  handler.ContextHandler (ContextHandler.java:doStart(781)) - Started o.e.j.s.ServletContextHandler@3fcee3d9{/static,jar:file:/home/user/.m2/repository/org/apache/hadoop/hadoop-hdds-container-service/0.5.0-SNAPSHOT/hadoop-hdds-container-service-0.5.0-SNAPSHOT.jar!/webapps/static,AVAILABLE}
2019-08-31 22:27:28,285 [main] INFO  handler.ContextHandler (ContextHandler.java:doStart(781)) - Started o.e.j.w.WebAppContext@6963b88c{/,file:///tmp/jetty-0.0.0.0-46699-hddsDatanode-_-any-7966764318175209047.dir/webapp/,AVAILABLE}{/hddsDatanode}
2019-08-31 22:27:28,286 [main] INFO  server.AbstractConnector (AbstractConnector.java:doStart(278)) - Started ServerConnector@ab24484{HTTP/1.1,[http/1.1]}{0.0.0.0:46699}
2019-08-31 22:27:28,287 [main] INFO  server.Server (Server.java:doStart(419)) - Started @53151ms
2019-08-31 22:27:28,287 [main] WARN  impl.MetricsSystemImpl (MetricsSystemImpl.java:register(276)) - Sink prometheus already exists!
2019-08-31 22:27:28,288 [main] INFO  server.BaseHttpServer (BaseHttpServer.java:updateConnectorAddress(215)) - HTTP server of HDDSDATANODE is listening at http://0.0.0.0:46699
2019-08-31 22:27:28,289 [main] INFO  impl.MetricsSystemImpl (MetricsSystemImpl.java:init(158)) - HddsDatanode metrics system started (again)
2019-08-31 22:27:28,294 [org.apache.hadoop.util.JvmPauseMonitor$Monitor@2fabf875] INFO  util.JvmPauseMonitor (JvmPauseMonitor.java:run(188)) - Starting JVM pause monitor
2019-08-31 22:27:28,295 [main] INFO  ozone.HddsDatanodeService (HddsDatanodeService.java:start(184)) - HddsDatanodeService host:pr-hdds-2060-5kx6h-1518693133 ip:192.168.34.42
2019-08-31 22:27:28,296 [Datanode State Machine Thread - 0] INFO  datanode.InitDatanodeState (InitDatanodeState.java:persistContainerDatanodeDetails(140)) - DatanodeDetails is persisted to /workdir/hadoop-ozone/integration-test/target/test-dir/MiniOzoneClusterImpl-aaa18aea-9a54-4266-ac8a-f3420196151d/datanode-5/meta/datanode.id
2019-08-31 22:27:28,302 [main] INFO  volume.HddsVolume (HddsVolume.java:<init>(176)) - Creating Volume: /workdir/hadoop-ozone/integration-test/target/test-dir/MiniOzoneClusterImpl-aaa18aea-9a54-4266-ac8a-f3420196151d/datanode-6/data/containers/hdds of  storage type : DISK and capacity : 1482555576320
2019-08-31 22:27:28,303 [main] INFO  volume.VolumeSet (VolumeSet.java:initializeVolumeSet(170)) - Added Volume : /workdir/hadoop-ozone/integration-test/target/test-dir/MiniOzoneClusterImpl-aaa18aea-9a54-4266-ac8a-f3420196151d/datanode-6/data/containers/hdds to VolumeSet
2019-08-31 22:27:28,303 [main] INFO  volume.ThrottledAsyncChecker (ThrottledAsyncChecker.java:schedule(140)) - Scheduling a check for org.apache.hadoop.ozone.container.common.volume.HddsVolume@60ed12e8
2019-08-31 22:27:28,303 [main] INFO  volume.HddsVolumeChecker (HddsVolumeChecker.java:checkAllVolumes(203)) - Scheduled health check for volume org.apache.hadoop.ozone.container.common.volume.HddsVolume@60ed12e8
2019-08-31 22:27:28,323 [main] INFO  impl.RaftServerProxy (ConfUtils.java:logGet(43)) - raft.rpc.type = GRPC (default)
2019-08-31 22:27:28,323 [main] INFO  grpc.GrpcFactory (GrpcFactory.java:checkPooledByteBufAllocatorUseCacheForAllThreads(45)) - PERFORMANCE WARNING: useCacheForAllThreads is true that may cause Netty to create a lot garbage objects and, as a result, trigger GC.
	It is recommended to disable useCacheForAllThreads by setting -Dorg.apache.ratis.thirdparty.io.netty.allocator.useCacheForAllThreads=false in command line.
2019-08-31 22:27:28,324 [main] INFO  grpc.GrpcConfigKeys$Server (ConfUtils.java:logGet(43)) - raft.grpc.server.port = 0 (default)
2019-08-31 22:27:28,324 [main] INFO  server.GrpcService (ConfUtils.java:logGet(43)) - raft.grpc.message.size.max = 33570816 (custom)
2019-08-31 22:27:28,324 [main] INFO  server.RaftServerConfigKeys (ConfUtils.java:logGet(43)) - raft.server.log.appender.buffer.byte-limit = 33554432 (custom)
2019-08-31 22:27:28,325 [main] INFO  server.GrpcService (ConfUtils.java:logGet(43)) - raft.grpc.flow.control.window = 1MB (=1048576) (default)
2019-08-31 22:27:28,325 [main] INFO  server.RaftServerConfigKeys (ConfUtils.java:logGet(43)) - raft.server.rpc.request.timeout = 3000ms (default)
2019-08-31 22:27:28,325 [main] INFO  server.RaftServerConfigKeys (ConfUtils.java:logGet(43)) - raft.server.storage.dir = [/workdir/hadoop-ozone/integration-test/target/test-dir/MiniOzoneClusterImpl-aaa18aea-9a54-4266-ac8a-f3420196151d/datanode-6/data/ratis] (custom)
2019-08-31 22:27:28,327 [main] INFO  hdfs.DFSUtil (DFSUtil.java:httpServerTemplateForNNAndJN(1641)) - Starting Web-server for hddsDatanode at: http://0.0.0.0:0
2019-08-31 22:27:28,329 [main] INFO  server.AuthenticationFilter (AuthenticationFilter.java:constructSecretProvider(240)) - Unable to initialize FileSignerSecretProvider, falling back to use random secrets.
2019-08-31 22:27:28,330 [main] WARN  http.HttpRequestLog (HttpRequestLog.java:getRequestLog(97)) - Jetty request log can only be enabled using Log4j
2019-08-31 22:27:28,332 [main] INFO  http.HttpServer2 (HttpServer2.java:addGlobalFilter(975)) - Added global filter 'safety' (class=org.apache.hadoop.http.HttpServer2$QuotingInputFilter)
2019-08-31 22:27:28,332 [main] INFO  http.HttpServer2 (HttpServer2.java:addFilter(948)) - Added filter static_user_filter (class=org.apache.hadoop.http.lib.StaticUserWebFilter$StaticUserFilter) to context hddsDatanode
2019-08-31 22:27:28,333 [main] INFO  http.HttpServer2 (HttpServer2.java:addFilter(958)) - Added filter static_user_filter (class=org.apache.hadoop.http.lib.StaticUserWebFilter$StaticUserFilter) to context logs
2019-08-31 22:27:28,333 [main] INFO  http.HttpServer2 (HttpServer2.java:addFilter(958)) - Added filter static_user_filter (class=org.apache.hadoop.http.lib.StaticUserWebFilter$StaticUserFilter) to context static
2019-08-31 22:27:28,334 [main] INFO  http.HttpServer2 (HttpServer2.java:bindListener(1191)) - Jetty bound to port 45832
2019-08-31 22:27:28,334 [main] INFO  server.Server (Server.java:doStart(351)) - jetty-9.3.24.v20180605, build timestamp: 2018-06-05T17:11:56Z, git hash: 84205aa28f11a4f31f2a3b86d1bba2cc8ab69827
2019-08-31 22:27:28,336 [main] INFO  handler.ContextHandler (ContextHandler.java:doStart(781)) - Started o.e.j.s.ServletContextHandler@11b32a14{/logs,file:///workdir/hadoop-ozone/integration-test/target/log,AVAILABLE}
2019-08-31 22:27:28,337 [main] INFO  handler.ContextHandler (ContextHandler.java:doStart(781)) - Started o.e.j.s.ServletContextHandler@5df63359{/static,jar:file:/home/user/.m2/repository/org/apache/hadoop/hadoop-hdds-container-service/0.5.0-SNAPSHOT/hadoop-hdds-container-service-0.5.0-SNAPSHOT.jar!/webapps/static,AVAILABLE}
2019-08-31 22:27:28,368 [main] INFO  handler.ContextHandler (ContextHandler.java:doStart(781)) - Started o.e.j.w.WebAppContext@50b0afd7{/,file:///tmp/jetty-0.0.0.0-45832-hddsDatanode-_-any-6186485724928503515.dir/webapp/,AVAILABLE}{/hddsDatanode}
2019-08-31 22:27:28,368 [main] INFO  server.AbstractConnector (AbstractConnector.java:doStart(278)) - Started ServerConnector@468173fa{HTTP/1.1,[http/1.1]}{0.0.0.0:45832}
2019-08-31 22:27:28,370 [main] INFO  server.Server (Server.java:doStart(419)) - Started @53233ms
2019-08-31 22:27:28,370 [main] WARN  impl.MetricsSystemImpl (MetricsSystemImpl.java:register(276)) - Sink prometheus already exists!
2019-08-31 22:27:28,371 [main] INFO  server.BaseHttpServer (BaseHttpServer.java:updateConnectorAddress(215)) - HTTP server of HDDSDATANODE is listening at http://0.0.0.0:45832
2019-08-31 22:27:28,371 [main] INFO  ozone.MiniOzoneClusterImpl (MiniOzoneClusterImpl.java:lambda$waitForClusterToBeReady$0(140)) - Waiting for cluster to be ready. Got 0 of 7 DN Heartbeats.
2019-08-31 22:27:28,375 [org.apache.hadoop.util.JvmPauseMonitor$Monitor@7ab48e7a] INFO  util.JvmPauseMonitor (JvmPauseMonitor.java:run(188)) - Starting JVM pause monitor
2019-08-31 22:27:28,376 [Datanode State Machine Thread - 0] INFO  datanode.InitDatanodeState (InitDatanodeState.java:persistContainerDatanodeDetails(140)) - DatanodeDetails is persisted to /workdir/hadoop-ozone/integration-test/target/test-dir/MiniOzoneClusterImpl-aaa18aea-9a54-4266-ac8a-f3420196151d/datanode-6/meta/datanode.id
2019-08-31 22:27:29,371 [main] INFO  ozone.MiniOzoneClusterImpl (MiniOzoneClusterImpl.java:lambda$waitForClusterToBeReady$0(140)) - Waiting for cluster to be ready. Got 0 of 7 DN Heartbeats.
2019-08-31 22:27:29,941 | INFO  | SCMAudit | user=jenkins1000 | ip=192.168.34.42 | op=GET_VERSION null | ret=SUCCESS |  
2019-08-31 22:27:29,957 [Datanode State Machine Thread - 0] INFO  ozoneimpl.OzoneContainer (OzoneContainer.java:start(201)) - Attempting to start container services.
2019-08-31 22:27:29,959 [Datanode State Machine Thread - 0] INFO  ozoneimpl.OzoneContainer (OzoneContainer.java:startContainerScrub(175)) - Background container scrubber has been disabled by hdds.containerscrub.enabled
2019-08-31 22:27:29,960 [Datanode State Machine Thread - 0] INFO  ratis.XceiverServerRatis (XceiverServerRatis.java:start(393)) - Starting XceiverServerRatis be9ed4ca-dce9-4f3d-9c6d-abd66b1838f6 at port 0
2019-08-31 22:27:29,966 [Datanode State Machine Thread - 0] INFO  impl.RaftServerProxy (RaftServerProxy.java:lambda$start$3(299)) - be9ed4ca-dce9-4f3d-9c6d-abd66b1838f6: start RPC server
2019-08-31 22:27:29,968 [Datanode State Machine Thread - 0] INFO  server.GrpcService (GrpcService.java:startImpl(149)) - be9ed4ca-dce9-4f3d-9c6d-abd66b1838f6: GrpcService started, listening on 0.0.0.0/0.0.0.0:36394
2019-08-31 22:27:29,968 [Datanode State Machine Thread - 0] INFO  ratis.XceiverServerRatis (XceiverServerRatis.java:start(403)) - XceiverServerRatis be9ed4ca-dce9-4f3d-9c6d-abd66b1838f6 is started using port 36394
2019-08-31 22:27:29,970 [Datanode State Machine Thread - 0] INFO  server.XceiverServerGrpc (XceiverServerGrpc.java:start(163)) - XceiverServerGrpc be9ed4ca-dce9-4f3d-9c6d-abd66b1838f6 is started using port 45075
2019-08-31 22:27:30,002 | INFO  | SCMAudit | user=jenkins1000 | ip=192.168.34.42 | op=GET_VERSION null | ret=SUCCESS |  
2019-08-31 22:27:30,017 [Datanode State Machine Thread - 0] INFO  ozoneimpl.OzoneContainer (OzoneContainer.java:start(201)) - Attempting to start container services.
2019-08-31 22:27:30,020 [Datanode State Machine Thread - 0] INFO  ozoneimpl.OzoneContainer (OzoneContainer.java:startContainerScrub(175)) - Background container scrubber has been disabled by hdds.containerscrub.enabled
2019-08-31 22:27:30,020 [Datanode State Machine Thread - 0] INFO  ratis.XceiverServerRatis (XceiverServerRatis.java:start(393)) - Starting XceiverServerRatis 094b17da-7f12-43e6-b453-785c127a2e77 at port 0
2019-08-31 22:27:30,028 [Datanode State Machine Thread - 0] INFO  impl.RaftServerProxy (RaftServerProxy.java:lambda$start$3(299)) - 094b17da-7f12-43e6-b453-785c127a2e77: start RPC server
2019-08-31 22:27:30,029 [Datanode State Machine Thread - 0] INFO  server.GrpcService (GrpcService.java:startImpl(149)) - 094b17da-7f12-43e6-b453-785c127a2e77: GrpcService started, listening on 0.0.0.0/0.0.0.0:34303
2019-08-31 22:27:30,029 [Datanode State Machine Thread - 0] INFO  ratis.XceiverServerRatis (XceiverServerRatis.java:start(403)) - XceiverServerRatis 094b17da-7f12-43e6-b453-785c127a2e77 is started using port 34303
2019-08-31 22:27:30,035 [Datanode State Machine Thread - 0] INFO  server.XceiverServerGrpc (XceiverServerGrpc.java:start(163)) - XceiverServerGrpc 094b17da-7f12-43e6-b453-785c127a2e77 is started using port 39232
2019-08-31 22:27:30,067 | INFO  | SCMAudit | user=jenkins1000 | ip=192.168.34.42 | op=GET_VERSION null | ret=SUCCESS |  
2019-08-31 22:27:30,080 [Datanode State Machine Thread - 0] INFO  ozoneimpl.OzoneContainer (OzoneContainer.java:start(201)) - Attempting to start container services.
2019-08-31 22:27:30,085 [Datanode State Machine Thread - 0] INFO  ozoneimpl.OzoneContainer (OzoneContainer.java:startContainerScrub(175)) - Background container scrubber has been disabled by hdds.containerscrub.enabled
2019-08-31 22:27:30,085 [Datanode State Machine Thread - 0] INFO  ratis.XceiverServerRatis (XceiverServerRatis.java:start(393)) - Starting XceiverServerRatis 78f9d08d-f53f-40cf-9f90-7f7c9603a942 at port 0
2019-08-31 22:27:30,091 [Datanode State Machine Thread - 0] INFO  impl.RaftServerProxy (RaftServerProxy.java:lambda$start$3(299)) - 78f9d08d-f53f-40cf-9f90-7f7c9603a942: start RPC server
2019-08-31 22:27:30,092 [Datanode State Machine Thread - 0] INFO  server.GrpcService (GrpcService.java:startImpl(149)) - 78f9d08d-f53f-40cf-9f90-7f7c9603a942: GrpcService started, listening on 0.0.0.0/0.0.0.0:36857
2019-08-31 22:27:30,092 [Datanode State Machine Thread - 0] INFO  ratis.XceiverServerRatis (XceiverServerRatis.java:start(403)) - XceiverServerRatis 78f9d08d-f53f-40cf-9f90-7f7c9603a942 is started using port 36857
2019-08-31 22:27:30,098 [Datanode State Machine Thread - 0] INFO  server.XceiverServerGrpc (XceiverServerGrpc.java:start(163)) - XceiverServerGrpc 78f9d08d-f53f-40cf-9f90-7f7c9603a942 is started using port 38030
2019-08-31 22:27:30,137 | INFO  | SCMAudit | user=jenkins1000 | ip=192.168.34.42 | op=GET_VERSION null | ret=SUCCESS |  
2019-08-31 22:27:30,151 [Datanode State Machine Thread - 0] INFO  ozoneimpl.OzoneContainer (OzoneContainer.java:start(201)) - Attempting to start container services.
2019-08-31 22:27:30,151 [Datanode State Machine Thread - 0] INFO  ozoneimpl.OzoneContainer (OzoneContainer.java:startContainerScrub(175)) - Background container scrubber has been disabled by hdds.containerscrub.enabled
2019-08-31 22:27:30,151 [Datanode State Machine Thread - 0] INFO  ratis.XceiverServerRatis (XceiverServerRatis.java:start(393)) - Starting XceiverServerRatis 4f048490-ee80-4dd1-86ce-d63d571007b5 at port 0
2019-08-31 22:27:30,158 [Datanode State Machine Thread - 0] INFO  impl.RaftServerProxy (RaftServerProxy.java:lambda$start$3(299)) - 4f048490-ee80-4dd1-86ce-d63d571007b5: start RPC server
2019-08-31 22:27:30,159 [Datanode State Machine Thread - 0] INFO  server.GrpcService (GrpcService.java:startImpl(149)) - 4f048490-ee80-4dd1-86ce-d63d571007b5: GrpcService started, listening on 0.0.0.0/0.0.0.0:37190
2019-08-31 22:27:30,159 [Datanode State Machine Thread - 0] INFO  ratis.XceiverServerRatis (XceiverServerRatis.java:start(403)) - XceiverServerRatis 4f048490-ee80-4dd1-86ce-d63d571007b5 is started using port 37190
2019-08-31 22:27:30,160 [Datanode State Machine Thread - 0] INFO  server.XceiverServerGrpc (XceiverServerGrpc.java:start(163)) - XceiverServerGrpc 4f048490-ee80-4dd1-86ce-d63d571007b5 is started using port 38656
2019-08-31 22:27:30,204 | INFO  | SCMAudit | user=jenkins1000 | ip=192.168.34.42 | op=GET_VERSION null | ret=SUCCESS |  
2019-08-31 22:27:30,218 [Datanode State Machine Thread - 0] INFO  ozoneimpl.OzoneContainer (OzoneContainer.java:start(201)) - Attempting to start container services.
2019-08-31 22:27:30,218 [Datanode State Machine Thread - 0] INFO  ozoneimpl.OzoneContainer (OzoneContainer.java:startContainerScrub(175)) - Background container scrubber has been disabled by hdds.containerscrub.enabled
2019-08-31 22:27:30,218 [Datanode State Machine Thread - 0] INFO  ratis.XceiverServerRatis (XceiverServerRatis.java:start(393)) - Starting XceiverServerRatis 2c0e17a6-6c2f-4502-821a-909817d7c69c at port 0
2019-08-31 22:27:30,225 [Datanode State Machine Thread - 0] INFO  impl.RaftServerProxy (RaftServerProxy.java:lambda$start$3(299)) - 2c0e17a6-6c2f-4502-821a-909817d7c69c: start RPC server
2019-08-31 22:27:30,227 [Datanode State Machine Thread - 0] INFO  server.GrpcService (GrpcService.java:startImpl(149)) - 2c0e17a6-6c2f-4502-821a-909817d7c69c: GrpcService started, listening on 0.0.0.0/0.0.0.0:44187
2019-08-31 22:27:30,227 [Datanode State Machine Thread - 0] INFO  ratis.XceiverServerRatis (XceiverServerRatis.java:start(403)) - XceiverServerRatis 2c0e17a6-6c2f-4502-821a-909817d7c69c is started using port 44187
2019-08-31 22:27:30,230 [Datanode State Machine Thread - 0] INFO  server.XceiverServerGrpc (XceiverServerGrpc.java:start(163)) - XceiverServerGrpc 2c0e17a6-6c2f-4502-821a-909817d7c69c is started using port 34538
2019-08-31 22:27:30,295 | INFO  | SCMAudit | user=jenkins1000 | ip=192.168.34.42 | op=GET_VERSION null | ret=SUCCESS |  
2019-08-31 22:27:30,309 [Datanode State Machine Thread - 0] INFO  ozoneimpl.OzoneContainer (OzoneContainer.java:start(201)) - Attempting to start container services.
2019-08-31 22:27:30,309 [Datanode State Machine Thread - 0] INFO  ozoneimpl.OzoneContainer (OzoneContainer.java:startContainerScrub(175)) - Background container scrubber has been disabled by hdds.containerscrub.enabled
2019-08-31 22:27:30,310 [Datanode State Machine Thread - 0] INFO  ratis.XceiverServerRatis (XceiverServerRatis.java:start(393)) - Starting XceiverServerRatis 131506aa-e8d4-495f-9e31-6caa17857e33 at port 0
2019-08-31 22:27:30,316 [Datanode State Machine Thread - 0] INFO  impl.RaftServerProxy (RaftServerProxy.java:lambda$start$3(299)) - 131506aa-e8d4-495f-9e31-6caa17857e33: start RPC server
2019-08-31 22:27:30,317 [Datanode State Machine Thread - 0] INFO  server.GrpcService (GrpcService.java:startImpl(149)) - 131506aa-e8d4-495f-9e31-6caa17857e33: GrpcService started, listening on 0.0.0.0/0.0.0.0:40715
2019-08-31 22:27:30,317 [Datanode State Machine Thread - 0] INFO  ratis.XceiverServerRatis (XceiverServerRatis.java:start(403)) - XceiverServerRatis 131506aa-e8d4-495f-9e31-6caa17857e33 is started using port 40715
2019-08-31 22:27:30,321 [Datanode State Machine Thread - 0] INFO  server.XceiverServerGrpc (XceiverServerGrpc.java:start(163)) - XceiverServerGrpc 131506aa-e8d4-495f-9e31-6caa17857e33 is started using port 41849
2019-08-31 22:27:30,372 [main] INFO  ozone.MiniOzoneClusterImpl (MiniOzoneClusterImpl.java:lambda$waitForClusterToBeReady$0(140)) - Waiting for cluster to be ready. Got 0 of 7 DN Heartbeats.
2019-08-31 22:27:30,376 | INFO  | SCMAudit | user=jenkins1000 | ip=192.168.34.42 | op=GET_VERSION null | ret=SUCCESS |  
2019-08-31 22:27:30,389 [Datanode State Machine Thread - 0] INFO  ozoneimpl.OzoneContainer (OzoneContainer.java:start(201)) - Attempting to start container services.
2019-08-31 22:27:30,390 [Datanode State Machine Thread - 0] INFO  ozoneimpl.OzoneContainer (OzoneContainer.java:startContainerScrub(175)) - Background container scrubber has been disabled by hdds.containerscrub.enabled
2019-08-31 22:27:30,390 [Datanode State Machine Thread - 0] INFO  ratis.XceiverServerRatis (XceiverServerRatis.java:start(393)) - Starting XceiverServerRatis 4a257c07-4fcc-43d2-8a6e-26fe808bf4d2 at port 0
2019-08-31 22:27:30,395 [Datanode State Machine Thread - 0] INFO  impl.RaftServerProxy (RaftServerProxy.java:lambda$start$3(299)) - 4a257c07-4fcc-43d2-8a6e-26fe808bf4d2: start RPC server
2019-08-31 22:27:30,396 [Datanode State Machine Thread - 0] INFO  server.GrpcService (GrpcService.java:startImpl(149)) - 4a257c07-4fcc-43d2-8a6e-26fe808bf4d2: GrpcService started, listening on 0.0.0.0/0.0.0.0:42364
2019-08-31 22:27:30,396 [Datanode State Machine Thread - 0] INFO  ratis.XceiverServerRatis (XceiverServerRatis.java:start(403)) - XceiverServerRatis 4a257c07-4fcc-43d2-8a6e-26fe808bf4d2 is started using port 42364
2019-08-31 22:27:30,397 [Datanode State Machine Thread - 0] INFO  server.XceiverServerGrpc (XceiverServerGrpc.java:start(163)) - XceiverServerGrpc 4a257c07-4fcc-43d2-8a6e-26fe808bf4d2 is started using port 36528
2019-08-31 22:27:31,372 [main] INFO  ozone.MiniOzoneClusterImpl (MiniOzoneClusterImpl.java:lambda$waitForClusterToBeReady$0(140)) - Waiting for cluster to be ready. Got 0 of 7 DN Heartbeats.
2019-08-31 22:27:31,941 [IPC Server handler 4 on 43175] INFO  net.NetworkTopology (NetworkTopologyImpl.java:add(110)) - Added a new node: /default-rack/be9ed4ca-dce9-4f3d-9c6d-abd66b1838f6
2019-08-31 22:27:31,944 [IPC Server handler 4 on 43175] INFO  node.SCMNodeManager (SCMNodeManager.java:register(266)) - Registered Data node : be9ed4ca-dce9-4f3d-9c6d-abd66b1838f6{ip: 192.168.34.42, host: pr-hdds-2060-5kx6h-1518693133, networkLocation: /default-rack, certSerialId: null}
2019-08-31 22:27:31,945 [EventQueue-NodeRegistrationContainerReportForDataNodeSafeModeRule] INFO  safemode.SCMSafeModeManager (DataNodeSafeModeRule.java:process(71)) - SCM in safe mode. 1 DataNodes registered, 1 required.
2019-08-31 22:27:31,945 | INFO  | SCMAudit | user=jenkins1000 | ip=192.168.34.42 | op=REGISTER {datanodeDetails=be9ed4ca-dce9-4f3d-9c6d-abd66b1838f6{ip: 192.168.34.42, host: pr-hdds-2060-5kx6h-1518693133, networkLocation: /default-rack, certSerialId: null}} | ret=SUCCESS |  
2019-08-31 22:27:31,948 [EventQueue-NodeRegistrationContainerReportForDataNodeSafeModeRule] INFO  safemode.SCMSafeModeManager (SCMSafeModeManager.java:validateSafeModeExitRules(177)) - ScmSafeModeManager, all rules are successfully validated
2019-08-31 22:27:31,948 [EventQueue-NodeRegistrationContainerReportForDataNodeSafeModeRule] INFO  safemode.SCMSafeModeManager (SCMSafeModeManager.java:exitSafeMode(193)) - SCM exiting safe mode.
2019-08-31 22:27:31,963 [grpc-default-executor-0] INFO  impl.RaftServerProxy (RaftServerProxy.java:addNew(89)) - be9ed4ca-dce9-4f3d-9c6d-abd66b1838f6: addNew group-AB9CAFFB67E9:[be9ed4ca-dce9-4f3d-9c6d-abd66b1838f6:192.168.34.42:36394] returns group-AB9CAFFB67E9:java.util.concurrent.CompletableFuture@3043e466[Not completed]
2019-08-31 22:27:31,965 [pool-119-thread-1] INFO  impl.RaftServerImpl (RaftServerImpl.java:<init>(93)) - be9ed4ca-dce9-4f3d-9c6d-abd66b1838f6: new RaftServerImpl for group-AB9CAFFB67E9:[be9ed4ca-dce9-4f3d-9c6d-abd66b1838f6:192.168.34.42:36394] with ContainerStateMachine:uninitialized
2019-08-31 22:27:31,965 [pool-119-thread-1] INFO  server.RaftServerConfigKeys (ConfUtils.java:logGet(43)) - raft.server.rpc.timeout.min = 5s (custom)
2019-08-31 22:27:31,966 [pool-119-thread-1] INFO  server.RaftServerConfigKeys (ConfUtils.java:logGet(43)) - raft.server.rpc.timeout.max = 5200ms (custom)
2019-08-31 22:27:31,966 [pool-119-thread-1] INFO  server.RaftServerConfigKeys (ConfUtils.java:logGet(43)) - raft.server.rpcslowness.timeout = 120s (custom)
2019-08-31 22:27:31,966 [pool-119-thread-1] INFO  server.RaftServerConfigKeys (ConfUtils.java:logGet(43)) - raft.server.sleep.deviation.threshold = 300 (default)
2019-08-31 22:27:31,966 [pool-119-thread-1] INFO  server.RaftServerConfigKeys (ConfUtils.java:logGet(43)) - raft.server.log.appender.install.snapshot.enabled = false (custom)
2019-08-31 22:27:31,966 [pool-119-thread-1] INFO  impl.RaftServerImpl (ServerState.java:<init>(105)) - be9ed4ca-dce9-4f3d-9c6d-abd66b1838f6:group-AB9CAFFB67E9 ConfigurationManager, init=-1: [be9ed4ca-dce9-4f3d-9c6d-abd66b1838f6:192.168.34.42:36394], old=null, confs=<EMPTY_MAP>
2019-08-31 22:27:31,966 [pool-119-thread-1] INFO  server.RaftServerConfigKeys (ConfUtils.java:logGet(43)) - raft.server.storage.dir = [/workdir/hadoop-ozone/integration-test/target/test-dir/MiniOzoneClusterImpl-aaa18aea-9a54-4266-ac8a-f3420196151d/datanode-0/data/ratis] (custom)
2019-08-31 22:27:31,967 [pool-119-thread-1] INFO  storage.RaftStorageDirectory (RaftStorageDirectory.java:analyzeStorage(246)) - The storage directory /workdir/hadoop-ozone/integration-test/target/test-dir/MiniOzoneClusterImpl-aaa18aea-9a54-4266-ac8a-f3420196151d/datanode-0/data/ratis/1d9a19ab-d7d5-4739-a6c6-ab9caffb67e9 does not exist. Creating ...
2019-08-31 22:27:31,980 [pool-119-thread-1] INFO  storage.RaftStorageDirectory (RaftStorageDirectory.java:tryLock(328)) - Lock on /workdir/hadoop-ozone/integration-test/target/test-dir/MiniOzoneClusterImpl-aaa18aea-9a54-4266-ac8a-f3420196151d/datanode-0/data/ratis/1d9a19ab-d7d5-4739-a6c6-ab9caffb67e9/in_use.lock acquired by nodename 17210@pr-hdds-2060-5kx6h-1518693133
2019-08-31 22:27:31,993 [pool-119-thread-1] INFO  storage.RaftStorage (RaftStorage.java:format(72)) - Storage directory /workdir/hadoop-ozone/integration-test/target/test-dir/MiniOzoneClusterImpl-aaa18aea-9a54-4266-ac8a-f3420196151d/datanode-0/data/ratis/1d9a19ab-d7d5-4739-a6c6-ab9caffb67e9 has been successfully formatted.
2019-08-31 22:27:31,993 [pool-119-thread-1] INFO  ratis.ContainerStateMachine (ContainerStateMachine.java:loadSnapshot(227)) - group-AB9CAFFB67E9: The snapshot info is null. Setting the last applied indexto:(t:0, i:~)
2019-08-31 22:27:31,993 [pool-119-thread-1] INFO  server.RaftServerConfigKeys (ConfUtils.java:logGet(43)) - raft.server.leader.election.timeout = 120s (custom)
2019-08-31 22:27:31,993 [pool-119-thread-1] INFO  server.RaftServerConfigKeys (ConfUtils.java:logGet(43)) - raft.server.log.use.memory = false (default)
2019-08-31 22:27:31,993 [pool-119-thread-1] INFO  server.RaftServerConfigKeys (ConfUtils.java:logGet(43)) - raft.server.log.purge.gap = 1000000 (custom)
2019-08-31 22:27:31,994 [pool-119-thread-1] INFO  server.RaftServerConfigKeys (ConfUtils.java:logGet(43)) - raft.server.log.appender.buffer.byte-limit = 33554432 (custom)
2019-08-31 22:27:31,994 [pool-119-thread-1] INFO  server.RaftServerConfigKeys (ConfUtils.java:logGet(43)) - raft.server.log.segment.size.max = 1048576 (custom)
2019-08-31 22:27:31,994 [pool-119-thread-1] INFO  server.RaftServerConfigKeys (ConfUtils.java:logGet(43)) - raft.server.log.segment.cache.num.max = 2 (custom)
2019-08-31 22:27:31,994 [pool-119-thread-1] INFO  segmented.SegmentedRaftLogWorker (SegmentedRaftLogWorker.java:<init>(172)) - new be9ed4ca-dce9-4f3d-9c6d-abd66b1838f6-SegmentedRaftLogWorker:Storage Directory /workdir/hadoop-ozone/integration-test/target/test-dir/MiniOzoneClusterImpl-aaa18aea-9a54-4266-ac8a-f3420196151d/datanode-0/data/ratis/1d9a19ab-d7d5-4739-a6c6-ab9caffb67e9 for RaftStorage:Storage Directory /workdir/hadoop-ozone/integration-test/target/test-dir/MiniOzoneClusterImpl-aaa18aea-9a54-4266-ac8a-f3420196151d/datanode-0/data/ratis/1d9a19ab-d7d5-4739-a6c6-ab9caffb67e9
2019-08-31 22:27:31,994 [pool-119-thread-1] INFO  server.RaftServerConfigKeys (ConfUtils.java:logGet(43)) - raft.server.log.queue.byte-limit = 2147483647 (custom)
2019-08-31 22:27:31,994 [pool-119-thread-1] INFO  server.RaftServerConfigKeys (ConfUtils.java:logGet(43)) - raft.server.log.queue.element-limit = 1024 (custom)
2019-08-31 22:27:31,995 [pool-119-thread-1] INFO  server.RaftServerConfigKeys (ConfUtils.java:logGet(43)) - raft.server.log.segment.size.max = 1048576 (custom)
2019-08-31 22:27:31,995 [pool-119-thread-1] INFO  server.RaftServerConfigKeys (ConfUtils.java:logGet(43)) - raft.server.log.preallocated.size = 16384 (custom)
2019-08-31 22:27:31,995 [pool-119-thread-1] INFO  server.RaftServerConfigKeys (ConfUtils.java:logGet(43)) - raft.server.log.write.buffer.size = 33554432 (custom)
2019-08-31 22:27:31,995 [pool-119-thread-1] INFO  server.RaftServerConfigKeys (ConfUtils.java:logGet(43)) - raft.server.log.force.sync.num = 128 (default)
2019-08-31 22:27:31,995 [pool-119-thread-1] INFO  server.RaftServerConfigKeys (ConfUtils.java:logGet(43)) - raft.server.log.statemachine.data.sync = true (default)
2019-08-31 22:27:31,996 [pool-119-thread-1] INFO  server.RaftServerConfigKeys (ConfUtils.java:logGet(43)) - raft.server.log.statemachine.data.sync.timeout = 10s (default)
2019-08-31 22:27:31,996 [pool-119-thread-1] INFO  server.RaftServerConfigKeys (ConfUtils.java:logGet(43)) - raft.server.log.statemachine.data.sync.timeout.retry = -1 (default)
2019-08-31 22:27:31,996 [pool-119-thread-1] INFO  server.RaftServerConfigKeys (ConfUtils.java:logGet(43)) - raft.server.log.statemachine.data.caching.enabled = true (custom)
2019-08-31 22:27:31,996 [pool-119-thread-1] INFO  segmented.SegmentedRaftLogWorker (SegmentedRaftLogWorker.java:lambda$new$0(132)) - be9ed4ca-dce9-4f3d-9c6d-abd66b1838f6-SegmentedRaftLogWorker:Storage Directory /workdir/hadoop-ozone/integration-test/target/test-dir/MiniOzoneClusterImpl-aaa18aea-9a54-4266-ac8a-f3420196151d/datanode-0/data/ratis/1d9a19ab-d7d5-4739-a6c6-ab9caffb67e9: flushIndex: setUnconditionally 0 -> -1
2019-08-31 22:27:31,997 [pool-119-thread-1] INFO  server.RaftServerConfigKeys (ConfUtils.java:logGet(43)) - raft.server.snapshot.auto.trigger.enabled = true (custom)
2019-08-31 22:27:31,997 [pool-119-thread-1] INFO  server.RaftServerConfigKeys (ConfUtils.java:logGet(43)) - raft.server.snapshot.auto.trigger.threshold = 10000 (custom)
2019-08-31 22:27:31,997 [pool-119-thread-1] INFO  server.RaftServerConfigKeys (ConfUtils.java:logGet(43)) - raft.server.retrycache.expirytime = 600000ms (custom)
2019-08-31 22:27:31,997 [pool-119-thread-1] INFO  impl.RaftServerImpl (RaftServerImpl.java:start(180)) - be9ed4ca-dce9-4f3d-9c6d-abd66b1838f6: start group-AB9CAFFB67E9
2019-08-31 22:27:31,998 [pool-119-thread-1] INFO  impl.RaftServerImpl (RaftServerImpl.java:setRole(171)) - be9ed4ca-dce9-4f3d-9c6d-abd66b1838f6:group-AB9CAFFB67E9 changes role from null to FOLLOWER at term 0 for startAsFollower
2019-08-31 22:27:31,998 [pool-119-thread-1] INFO  impl.RoleInfo (RoleInfo.java:updateAndGet(143)) - be9ed4ca-dce9-4f3d-9c6d-abd66b1838f6: start FollowerState
2019-08-31 22:27:31,998 [pool-119-thread-1] INFO  util.JmxRegister (JmxRegister.java:tryRegister(44)) - Successfully registered JMX Bean with object name Ratis:service=RaftServer,group=group-AB9CAFFB67E9,id=be9ed4ca-dce9-4f3d-9c6d-abd66b1838f6
2019-08-31 22:27:32,001 [RatisPipelineUtilsThread] INFO  pipeline.PipelineStateManager (PipelineStateManager.java:addPipeline(56)) - Created pipeline Pipeline[ Id: 1d9a19ab-d7d5-4739-a6c6-ab9caffb67e9, Nodes: be9ed4ca-dce9-4f3d-9c6d-abd66b1838f6{ip: 192.168.34.42, host: pr-hdds-2060-5kx6h-1518693133, networkLocation: /default-rack, certSerialId: null}, Type:RATIS, Factor:ONE, State:OPEN]
2019-08-31 22:27:32,002 [IPC Server handler 5 on 43175] INFO  net.NetworkTopology (NetworkTopologyImpl.java:add(110)) - Added a new node: /default-rack/094b17da-7f12-43e6-b453-785c127a2e77
2019-08-31 22:27:32,003 [IPC Server handler 5 on 43175] INFO  node.SCMNodeManager (SCMNodeManager.java:register(266)) - Registered Data node : 094b17da-7f12-43e6-b453-785c127a2e77{ip: 192.168.34.42, host: pr-hdds-2060-5kx6h-1518693133, networkLocation: /default-rack, certSerialId: null}
2019-08-31 22:27:32,003 | INFO  | SCMAudit | user=jenkins1000 | ip=192.168.34.42 | op=REGISTER {datanodeDetails=094b17da-7f12-43e6-b453-785c127a2e77{ip: 192.168.34.42, host: pr-hdds-2060-5kx6h-1518693133, networkLocation: /default-rack, certSerialId: null}} | ret=SUCCESS |  
2019-08-31 22:27:32,067 [IPC Server handler 6 on 43175] INFO  net.NetworkTopology (NetworkTopologyImpl.java:add(110)) - Added a new node: /default-rack/78f9d08d-f53f-40cf-9f90-7f7c9603a942
2019-08-31 22:27:32,067 [IPC Server handler 6 on 43175] INFO  node.SCMNodeManager (SCMNodeManager.java:register(266)) - Registered Data node : 78f9d08d-f53f-40cf-9f90-7f7c9603a942{ip: 192.168.34.42, host: pr-hdds-2060-5kx6h-1518693133, networkLocation: /default-rack, certSerialId: null}
2019-08-31 22:27:32,070 | INFO  | SCMAudit | user=jenkins1000 | ip=192.168.34.42 | op=REGISTER {datanodeDetails=78f9d08d-f53f-40cf-9f90-7f7c9603a942{ip: 192.168.34.42, host: pr-hdds-2060-5kx6h-1518693133, networkLocation: /default-rack, certSerialId: null}} | ret=SUCCESS |  
2019-08-31 22:27:32,081 [grpc-default-executor-0] INFO  impl.RaftServerProxy (RaftServerProxy.java:addNew(89)) - 094b17da-7f12-43e6-b453-785c127a2e77: addNew group-40623F9BDB4E:[094b17da-7f12-43e6-b453-785c127a2e77:192.168.34.42:34303] returns group-40623F9BDB4E:java.util.concurrent.CompletableFuture@30147ca7[Not completed]
2019-08-31 22:27:32,083 [pool-129-thread-1] INFO  impl.RaftServerImpl (RaftServerImpl.java:<init>(93)) - 094b17da-7f12-43e6-b453-785c127a2e77: new RaftServerImpl for group-40623F9BDB4E:[094b17da-7f12-43e6-b453-785c127a2e77:192.168.34.42:34303] with ContainerStateMachine:uninitialized
2019-08-31 22:27:32,083 [pool-129-thread-1] INFO  server.RaftServerConfigKeys (ConfUtils.java:logGet(43)) - raft.server.rpc.timeout.min = 5s (custom)
2019-08-31 22:27:32,083 [pool-129-thread-1] INFO  server.RaftServerConfigKeys (ConfUtils.java:logGet(43)) - raft.server.rpc.timeout.max = 5200ms (custom)
2019-08-31 22:27:32,083 [pool-129-thread-1] INFO  server.RaftServerConfigKeys (ConfUtils.java:logGet(43)) - raft.server.rpcslowness.timeout = 120s (custom)
2019-08-31 22:27:32,083 [pool-129-thread-1] INFO  server.RaftServerConfigKeys (ConfUtils.java:logGet(43)) - raft.server.sleep.deviation.threshold = 300 (default)
2019-08-31 22:27:32,084 [pool-129-thread-1] INFO  server.RaftServerConfigKeys (ConfUtils.java:logGet(43)) - raft.server.log.appender.install.snapshot.enabled = false (custom)
2019-08-31 22:27:32,084 [pool-129-thread-1] INFO  impl.RaftServerImpl (ServerState.java:<init>(105)) - 094b17da-7f12-43e6-b453-785c127a2e77:group-40623F9BDB4E ConfigurationManager, init=-1: [094b17da-7f12-43e6-b453-785c127a2e77:192.168.34.42:34303], old=null, confs=<EMPTY_MAP>
2019-08-31 22:27:32,084 [pool-129-thread-1] INFO  server.RaftServerConfigKeys (ConfUtils.java:logGet(43)) - raft.server.storage.dir = [/workdir/hadoop-ozone/integration-test/target/test-dir/MiniOzoneClusterImpl-aaa18aea-9a54-4266-ac8a-f3420196151d/datanode-1/data/ratis] (custom)
2019-08-31 22:27:32,085 [pool-129-thread-1] INFO  storage.RaftStorageDirectory (RaftStorageDirectory.java:analyzeStorage(246)) - The storage directory /workdir/hadoop-ozone/integration-test/target/test-dir/MiniOzoneClusterImpl-aaa18aea-9a54-4266-ac8a-f3420196151d/datanode-1/data/ratis/a7611a9e-76b2-411c-9231-40623f9bdb4e does not exist. Creating ...
2019-08-31 22:27:32,098 [pool-129-thread-1] INFO  storage.RaftStorageDirectory (RaftStorageDirectory.java:tryLock(328)) - Lock on /workdir/hadoop-ozone/integration-test/target/test-dir/MiniOzoneClusterImpl-aaa18aea-9a54-4266-ac8a-f3420196151d/datanode-1/data/ratis/a7611a9e-76b2-411c-9231-40623f9bdb4e/in_use.lock acquired by nodename 17210@pr-hdds-2060-5kx6h-1518693133
2019-08-31 22:27:32,112 [pool-129-thread-1] INFO  storage.RaftStorage (RaftStorage.java:format(72)) - Storage directory /workdir/hadoop-ozone/integration-test/target/test-dir/MiniOzoneClusterImpl-aaa18aea-9a54-4266-ac8a-f3420196151d/datanode-1/data/ratis/a7611a9e-76b2-411c-9231-40623f9bdb4e has been successfully formatted.
2019-08-31 22:27:32,112 [pool-129-thread-1] INFO  ratis.ContainerStateMachine (ContainerStateMachine.java:loadSnapshot(227)) - group-40623F9BDB4E: The snapshot info is null. Setting the last applied indexto:(t:0, i:~)
2019-08-31 22:27:32,112 [pool-129-thread-1] INFO  server.RaftServerConfigKeys (ConfUtils.java:logGet(43)) - raft.server.leader.election.timeout = 120s (custom)
2019-08-31 22:27:32,112 [pool-129-thread-1] INFO  server.RaftServerConfigKeys (ConfUtils.java:logGet(43)) - raft.server.log.use.memory = false (default)
2019-08-31 22:27:32,113 [pool-129-thread-1] INFO  server.RaftServerConfigKeys (ConfUtils.java:logGet(43)) - raft.server.log.purge.gap = 1000000 (custom)
2019-08-31 22:27:32,113 [pool-129-thread-1] INFO  server.RaftServerConfigKeys (ConfUtils.java:logGet(43)) - raft.server.log.appender.buffer.byte-limit = 33554432 (custom)
2019-08-31 22:27:32,113 [pool-129-thread-1] INFO  server.RaftServerConfigKeys (ConfUtils.java:logGet(43)) - raft.server.log.segment.size.max = 1048576 (custom)
2019-08-31 22:27:32,113 [pool-129-thread-1] INFO  server.RaftServerConfigKeys (ConfUtils.java:logGet(43)) - raft.server.log.segment.cache.num.max = 2 (custom)
2019-08-31 22:27:32,113 [pool-129-thread-1] INFO  segmented.SegmentedRaftLogWorker (SegmentedRaftLogWorker.java:<init>(172)) - new 094b17da-7f12-43e6-b453-785c127a2e77-SegmentedRaftLogWorker:Storage Directory /workdir/hadoop-ozone/integration-test/target/test-dir/MiniOzoneClusterImpl-aaa18aea-9a54-4266-ac8a-f3420196151d/datanode-1/data/ratis/a7611a9e-76b2-411c-9231-40623f9bdb4e for RaftStorage:Storage Directory /workdir/hadoop-ozone/integration-test/target/test-dir/MiniOzoneClusterImpl-aaa18aea-9a54-4266-ac8a-f3420196151d/datanode-1/data/ratis/a7611a9e-76b2-411c-9231-40623f9bdb4e
2019-08-31 22:27:32,114 [pool-129-thread-1] INFO  server.RaftServerConfigKeys (ConfUtils.java:logGet(43)) - raft.server.log.queue.byte-limit = 2147483647 (custom)
2019-08-31 22:27:32,114 [pool-129-thread-1] INFO  server.RaftServerConfigKeys (ConfUtils.java:logGet(43)) - raft.server.log.queue.element-limit = 1024 (custom)
2019-08-31 22:27:32,114 [pool-129-thread-1] INFO  server.RaftServerConfigKeys (ConfUtils.java:logGet(43)) - raft.server.log.segment.size.max = 1048576 (custom)
2019-08-31 22:27:32,114 [pool-129-thread-1] INFO  server.RaftServerConfigKeys (ConfUtils.java:logGet(43)) - raft.server.log.preallocated.size = 16384 (custom)
2019-08-31 22:27:32,115 [pool-129-thread-1] INFO  server.RaftServerConfigKeys (ConfUtils.java:logGet(43)) - raft.server.log.write.buffer.size = 33554432 (custom)
2019-08-31 22:27:32,115 [pool-129-thread-1] INFO  server.RaftServerConfigKeys (ConfUtils.java:logGet(43)) - raft.server.log.force.sync.num = 128 (default)
2019-08-31 22:27:32,115 [pool-129-thread-1] INFO  server.RaftServerConfigKeys (ConfUtils.java:logGet(43)) - raft.server.log.statemachine.data.sync = true (default)
2019-08-31 22:27:32,115 [pool-129-thread-1] INFO  server.RaftServerConfigKeys (ConfUtils.java:logGet(43)) - raft.server.log.statemachine.data.sync.timeout = 10s (default)
2019-08-31 22:27:32,115 [pool-129-thread-1] INFO  server.RaftServerConfigKeys (ConfUtils.java:logGet(43)) - raft.server.log.statemachine.data.sync.timeout.retry = -1 (default)
2019-08-31 22:27:32,116 [pool-129-thread-1] INFO  server.RaftServerConfigKeys (ConfUtils.java:logGet(43)) - raft.server.log.statemachine.data.caching.enabled = true (custom)
2019-08-31 22:27:32,116 [pool-129-thread-1] INFO  segmented.SegmentedRaftLogWorker (SegmentedRaftLogWorker.java:lambda$new$0(132)) - 094b17da-7f12-43e6-b453-785c127a2e77-SegmentedRaftLogWorker:Storage Directory /workdir/hadoop-ozone/integration-test/target/test-dir/MiniOzoneClusterImpl-aaa18aea-9a54-4266-ac8a-f3420196151d/datanode-1/data/ratis/a7611a9e-76b2-411c-9231-40623f9bdb4e: flushIndex: setUnconditionally 0 -> -1
2019-08-31 22:27:32,116 [pool-129-thread-1] INFO  server.RaftServerConfigKeys (ConfUtils.java:logGet(43)) - raft.server.snapshot.auto.trigger.enabled = true (custom)
2019-08-31 22:27:32,117 [pool-129-thread-1] INFO  server.RaftServerConfigKeys (ConfUtils.java:logGet(43)) - raft.server.snapshot.auto.trigger.threshold = 10000 (custom)
2019-08-31 22:27:32,117 [pool-129-thread-1] INFO  server.RaftServerConfigKeys (ConfUtils.java:logGet(43)) - raft.server.retrycache.expirytime = 600000ms (custom)
2019-08-31 22:27:32,117 [pool-129-thread-1] INFO  impl.RaftServerImpl (RaftServerImpl.java:start(180)) - 094b17da-7f12-43e6-b453-785c127a2e77: start group-40623F9BDB4E
2019-08-31 22:27:32,117 [pool-129-thread-1] INFO  impl.RaftServerImpl (RaftServerImpl.java:setRole(171)) - 094b17da-7f12-43e6-b453-785c127a2e77:group-40623F9BDB4E changes role from null to FOLLOWER at term 0 for startAsFollower
2019-08-31 22:27:32,117 [pool-129-thread-1] INFO  impl.RoleInfo (RoleInfo.java:updateAndGet(143)) - 094b17da-7f12-43e6-b453-785c127a2e77: start FollowerState
2019-08-31 22:27:32,118 [pool-129-thread-1] INFO  util.JmxRegister (JmxRegister.java:tryRegister(44)) - Successfully registered JMX Bean with object name Ratis:service=RaftServer,group=group-40623F9BDB4E,id=094b17da-7f12-43e6-b453-785c127a2e77
2019-08-31 22:27:32,120 [RatisPipelineUtilsThread] INFO  pipeline.PipelineStateManager (PipelineStateManager.java:addPipeline(56)) - Created pipeline Pipeline[ Id: a7611a9e-76b2-411c-9231-40623f9bdb4e, Nodes: 094b17da-7f12-43e6-b453-785c127a2e77{ip: 192.168.34.42, host: pr-hdds-2060-5kx6h-1518693133, networkLocation: /default-rack, certSerialId: null}, Type:RATIS, Factor:ONE, State:OPEN]
2019-08-31 22:27:32,129 [grpc-default-executor-0] INFO  impl.RaftServerProxy (RaftServerProxy.java:addNew(89)) - 78f9d08d-f53f-40cf-9f90-7f7c9603a942: addNew group-4C248FA4CB11:[78f9d08d-f53f-40cf-9f90-7f7c9603a942:192.168.34.42:36857] returns group-4C248FA4CB11:java.util.concurrent.CompletableFuture@1c023705[Not completed]
2019-08-31 22:27:32,135 [pool-139-thread-1] INFO  impl.RaftServerImpl (RaftServerImpl.java:<init>(93)) - 78f9d08d-f53f-40cf-9f90-7f7c9603a942: new RaftServerImpl for group-4C248FA4CB11:[78f9d08d-f53f-40cf-9f90-7f7c9603a942:192.168.34.42:36857] with ContainerStateMachine:uninitialized
2019-08-31 22:27:32,136 [pool-139-thread-1] INFO  server.RaftServerConfigKeys (ConfUtils.java:logGet(43)) - raft.server.rpc.timeout.min = 5s (custom)
2019-08-31 22:27:32,136 [pool-139-thread-1] INFO  server.RaftServerConfigKeys (ConfUtils.java:logGet(43)) - raft.server.rpc.timeout.max = 5200ms (custom)
2019-08-31 22:27:32,136 [pool-139-thread-1] INFO  server.RaftServerConfigKeys (ConfUtils.java:logGet(43)) - raft.server.rpcslowness.timeout = 120s (custom)
2019-08-31 22:27:32,136 [pool-139-thread-1] INFO  server.RaftServerConfigKeys (ConfUtils.java:logGet(43)) - raft.server.sleep.deviation.threshold = 300 (default)
2019-08-31 22:27:32,136 [pool-139-thread-1] INFO  server.RaftServerConfigKeys (ConfUtils.java:logGet(43)) - raft.server.log.appender.install.snapshot.enabled = false (custom)
2019-08-31 22:27:32,137 [pool-139-thread-1] INFO  impl.RaftServerImpl (ServerState.java:<init>(105)) - 78f9d08d-f53f-40cf-9f90-7f7c9603a942:group-4C248FA4CB11 ConfigurationManager, init=-1: [78f9d08d-f53f-40cf-9f90-7f7c9603a942:192.168.34.42:36857], old=null, confs=<EMPTY_MAP>
2019-08-31 22:27:32,137 [pool-139-thread-1] INFO  server.RaftServerConfigKeys (ConfUtils.java:logGet(43)) - raft.server.storage.dir = [/workdir/hadoop-ozone/integration-test/target/test-dir/MiniOzoneClusterImpl-aaa18aea-9a54-4266-ac8a-f3420196151d/datanode-2/data/ratis] (custom)
2019-08-31 22:27:32,137 [IPC Server handler 0 on 43175] INFO  net.NetworkTopology (NetworkTopologyImpl.java:add(110)) - Added a new node: /default-rack/4f048490-ee80-4dd1-86ce-d63d571007b5
2019-08-31 22:27:32,137 [pool-139-thread-1] INFO  storage.RaftStorageDirectory (RaftStorageDirectory.java:analyzeStorage(246)) - The storage directory /workdir/hadoop-ozone/integration-test/target/test-dir/MiniOzoneClusterImpl-aaa18aea-9a54-4266-ac8a-f3420196151d/datanode-2/data/ratis/df7224d7-2330-4a1b-8e40-4c248fa4cb11 does not exist. Creating ...
2019-08-31 22:27:32,137 [IPC Server handler 0 on 43175] INFO  node.SCMNodeManager (SCMNodeManager.java:register(266)) - Registered Data node : 4f048490-ee80-4dd1-86ce-d63d571007b5{ip: 192.168.34.42, host: pr-hdds-2060-5kx6h-1518693133, networkLocation: /default-rack, certSerialId: null}
2019-08-31 22:27:32,138 | INFO  | SCMAudit | user=jenkins1000 | ip=192.168.34.42 | op=REGISTER {datanodeDetails=4f048490-ee80-4dd1-86ce-d63d571007b5{ip: 192.168.34.42, host: pr-hdds-2060-5kx6h-1518693133, networkLocation: /default-rack, certSerialId: null}} | ret=SUCCESS |  
2019-08-31 22:27:32,150 [pool-139-thread-1] INFO  storage.RaftStorageDirectory (RaftStorageDirectory.java:tryLock(328)) - Lock on /workdir/hadoop-ozone/integration-test/target/test-dir/MiniOzoneClusterImpl-aaa18aea-9a54-4266-ac8a-f3420196151d/datanode-2/data/ratis/df7224d7-2330-4a1b-8e40-4c248fa4cb11/in_use.lock acquired by nodename 17210@pr-hdds-2060-5kx6h-1518693133
2019-08-31 22:27:32,163 [pool-139-thread-1] INFO  storage.RaftStorage (RaftStorage.java:format(72)) - Storage directory /workdir/hadoop-ozone/integration-test/target/test-dir/MiniOzoneClusterImpl-aaa18aea-9a54-4266-ac8a-f3420196151d/datanode-2/data/ratis/df7224d7-2330-4a1b-8e40-4c248fa4cb11 has been successfully formatted.
2019-08-31 22:27:32,163 [pool-139-thread-1] INFO  ratis.ContainerStateMachine (ContainerStateMachine.java:loadSnapshot(227)) - group-4C248FA4CB11: The snapshot info is null. Setting the last applied indexto:(t:0, i:~)
2019-08-31 22:27:32,163 [pool-139-thread-1] INFO  server.RaftServerConfigKeys (ConfUtils.java:logGet(43)) - raft.server.leader.election.timeout = 120s (custom)
2019-08-31 22:27:32,163 [pool-139-thread-1] INFO  server.RaftServerConfigKeys (ConfUtils.java:logGet(43)) - raft.server.log.use.memory = false (default)
2019-08-31 22:27:32,163 [pool-139-thread-1] INFO  server.RaftServerConfigKeys (ConfUtils.java:logGet(43)) - raft.server.log.purge.gap = 1000000 (custom)
2019-08-31 22:27:32,164 [pool-139-thread-1] INFO  server.RaftServerConfigKeys (ConfUtils.java:logGet(43)) - raft.server.log.appender.buffer.byte-limit = 33554432 (custom)
2019-08-31 22:27:32,164 [pool-139-thread-1] INFO  server.RaftServerConfigKeys (ConfUtils.java:logGet(43)) - raft.server.log.segment.size.max = 1048576 (custom)
2019-08-31 22:27:32,164 [pool-139-thread-1] INFO  server.RaftServerConfigKeys (ConfUtils.java:logGet(43)) - raft.server.log.segment.cache.num.max = 2 (custom)
2019-08-31 22:27:32,164 [pool-139-thread-1] INFO  segmented.SegmentedRaftLogWorker (SegmentedRaftLogWorker.java:<init>(172)) - new 78f9d08d-f53f-40cf-9f90-7f7c9603a942-SegmentedRaftLogWorker:Storage Directory /workdir/hadoop-ozone/integration-test/target/test-dir/MiniOzoneClusterImpl-aaa18aea-9a54-4266-ac8a-f3420196151d/datanode-2/data/ratis/df7224d7-2330-4a1b-8e40-4c248fa4cb11 for RaftStorage:Storage Directory /workdir/hadoop-ozone/integration-test/target/test-dir/MiniOzoneClusterImpl-aaa18aea-9a54-4266-ac8a-f3420196151d/datanode-2/data/ratis/df7224d7-2330-4a1b-8e40-4c248fa4cb11
2019-08-31 22:27:32,164 [pool-139-thread-1] INFO  server.RaftServerConfigKeys (ConfUtils.java:logGet(43)) - raft.server.log.queue.byte-limit = 2147483647 (custom)
2019-08-31 22:27:32,164 [pool-139-thread-1] INFO  server.RaftServerConfigKeys (ConfUtils.java:logGet(43)) - raft.server.log.queue.element-limit = 1024 (custom)
2019-08-31 22:27:32,165 [pool-139-thread-1] INFO  server.RaftServerConfigKeys (ConfUtils.java:logGet(43)) - raft.server.log.segment.size.max = 1048576 (custom)
2019-08-31 22:27:32,165 [pool-139-thread-1] INFO  server.RaftServerConfigKeys (ConfUtils.java:logGet(43)) - raft.server.log.preallocated.size = 16384 (custom)
2019-08-31 22:27:32,165 [pool-139-thread-1] INFO  server.RaftServerConfigKeys (ConfUtils.java:logGet(43)) - raft.server.log.write.buffer.size = 33554432 (custom)
2019-08-31 22:27:32,165 [pool-139-thread-1] INFO  server.RaftServerConfigKeys (ConfUtils.java:logGet(43)) - raft.server.log.force.sync.num = 128 (default)
2019-08-31 22:27:32,165 [pool-139-thread-1] INFO  server.RaftServerConfigKeys (ConfUtils.java:logGet(43)) - raft.server.log.statemachine.data.sync = true (default)
2019-08-31 22:27:32,165 [pool-139-thread-1] INFO  server.RaftServerConfigKeys (ConfUtils.java:logGet(43)) - raft.server.log.statemachine.data.sync.timeout = 10s (default)
2019-08-31 22:27:32,165 [pool-139-thread-1] INFO  server.RaftServerConfigKeys (ConfUtils.java:logGet(43)) - raft.server.log.statemachine.data.sync.timeout.retry = -1 (default)
2019-08-31 22:27:32,166 [pool-139-thread-1] INFO  server.RaftServerConfigKeys (ConfUtils.java:logGet(43)) - raft.server.log.statemachine.data.caching.enabled = true (custom)
2019-08-31 22:27:32,166 [pool-139-thread-1] INFO  segmented.SegmentedRaftLogWorker (SegmentedRaftLogWorker.java:lambda$new$0(132)) - 78f9d08d-f53f-40cf-9f90-7f7c9603a942-SegmentedRaftLogWorker:Storage Directory /workdir/hadoop-ozone/integration-test/target/test-dir/MiniOzoneClusterImpl-aaa18aea-9a54-4266-ac8a-f3420196151d/datanode-2/data/ratis/df7224d7-2330-4a1b-8e40-4c248fa4cb11: flushIndex: setUnconditionally 0 -> -1
2019-08-31 22:27:32,166 [pool-139-thread-1] INFO  server.RaftServerConfigKeys (ConfUtils.java:logGet(43)) - raft.server.snapshot.auto.trigger.enabled = true (custom)
2019-08-31 22:27:32,166 [pool-139-thread-1] INFO  server.RaftServerConfigKeys (ConfUtils.java:logGet(43)) - raft.server.snapshot.auto.trigger.threshold = 10000 (custom)
2019-08-31 22:27:32,167 [pool-139-thread-1] INFO  server.RaftServerConfigKeys (ConfUtils.java:logGet(43)) - raft.server.retrycache.expirytime = 600000ms (custom)
2019-08-31 22:27:32,167 [pool-139-thread-1] INFO  impl.RaftServerImpl (RaftServerImpl.java:start(180)) - 78f9d08d-f53f-40cf-9f90-7f7c9603a942: start group-4C248FA4CB11
2019-08-31 22:27:32,167 [pool-139-thread-1] INFO  impl.RaftServerImpl (RaftServerImpl.java:setRole(171)) - 78f9d08d-f53f-40cf-9f90-7f7c9603a942:group-4C248FA4CB11 changes role from null to FOLLOWER at term 0 for startAsFollower
2019-08-31 22:27:32,167 [pool-139-thread-1] INFO  impl.RoleInfo (RoleInfo.java:updateAndGet(143)) - 78f9d08d-f53f-40cf-9f90-7f7c9603a942: start FollowerState
2019-08-31 22:27:32,168 [pool-139-thread-1] INFO  util.JmxRegister (JmxRegister.java:tryRegister(44)) - Successfully registered JMX Bean with object name Ratis:service=RaftServer,group=group-4C248FA4CB11,id=78f9d08d-f53f-40cf-9f90-7f7c9603a942
2019-08-31 22:27:32,170 [RatisPipelineUtilsThread] INFO  pipeline.PipelineStateManager (PipelineStateManager.java:addPipeline(56)) - Created pipeline Pipeline[ Id: df7224d7-2330-4a1b-8e40-4c248fa4cb11, Nodes: 78f9d08d-f53f-40cf-9f90-7f7c9603a942{ip: 192.168.34.42, host: pr-hdds-2060-5kx6h-1518693133, networkLocation: /default-rack, certSerialId: null}, Type:RATIS, Factor:ONE, State:OPEN]
2019-08-31 22:27:32,180 [grpc-default-executor-0] INFO  impl.RaftServerProxy (RaftServerProxy.java:addNew(89)) - 4f048490-ee80-4dd1-86ce-d63d571007b5: addNew group-7E4404A93EEE:[4f048490-ee80-4dd1-86ce-d63d571007b5:192.168.34.42:37190] returns group-7E4404A93EEE:java.util.concurrent.CompletableFuture@491255c8[Not completed]
2019-08-31 22:27:32,186 [pool-149-thread-1] INFO  impl.RaftServerImpl (RaftServerImpl.java:<init>(93)) - 4f048490-ee80-4dd1-86ce-d63d571007b5: new RaftServerImpl for group-7E4404A93EEE:[4f048490-ee80-4dd1-86ce-d63d571007b5:192.168.34.42:37190] with ContainerStateMachine:uninitialized
2019-08-31 22:27:32,187 [pool-149-thread-1] INFO  server.RaftServerConfigKeys (ConfUtils.java:logGet(43)) - raft.server.rpc.timeout.min = 5s (custom)
2019-08-31 22:27:32,187 [pool-149-thread-1] INFO  server.RaftServerConfigKeys (ConfUtils.java:logGet(43)) - raft.server.rpc.timeout.max = 5200ms (custom)
2019-08-31 22:27:32,187 [pool-149-thread-1] INFO  server.RaftServerConfigKeys (ConfUtils.java:logGet(43)) - raft.server.rpcslowness.timeout = 120s (custom)
2019-08-31 22:27:32,187 [pool-149-thread-1] INFO  server.RaftServerConfigKeys (ConfUtils.java:logGet(43)) - raft.server.sleep.deviation.threshold = 300 (default)
2019-08-31 22:27:32,187 [pool-149-thread-1] INFO  server.RaftServerConfigKeys (ConfUtils.java:logGet(43)) - raft.server.log.appender.install.snapshot.enabled = false (custom)
2019-08-31 22:27:32,187 [pool-149-thread-1] INFO  impl.RaftServerImpl (ServerState.java:<init>(105)) - 4f048490-ee80-4dd1-86ce-d63d571007b5:group-7E4404A93EEE ConfigurationManager, init=-1: [4f048490-ee80-4dd1-86ce-d63d571007b5:192.168.34.42:37190], old=null, confs=<EMPTY_MAP>
2019-08-31 22:27:32,187 [pool-149-thread-1] INFO  server.RaftServerConfigKeys (ConfUtils.java:logGet(43)) - raft.server.storage.dir = [/workdir/hadoop-ozone/integration-test/target/test-dir/MiniOzoneClusterImpl-aaa18aea-9a54-4266-ac8a-f3420196151d/datanode-3/data/ratis] (custom)
2019-08-31 22:27:32,188 [pool-149-thread-1] INFO  storage.RaftStorageDirectory (RaftStorageDirectory.java:analyzeStorage(246)) - The storage directory /workdir/hadoop-ozone/integration-test/target/test-dir/MiniOzoneClusterImpl-aaa18aea-9a54-4266-ac8a-f3420196151d/datanode-3/data/ratis/7d0bcd6a-2647-441f-9d3a-7e4404a93eee does not exist. Creating ...
2019-08-31 22:27:32,200 [pool-149-thread-1] INFO  storage.RaftStorageDirectory (RaftStorageDirectory.java:tryLock(328)) - Lock on /workdir/hadoop-ozone/integration-test/target/test-dir/MiniOzoneClusterImpl-aaa18aea-9a54-4266-ac8a-f3420196151d/datanode-3/data/ratis/7d0bcd6a-2647-441f-9d3a-7e4404a93eee/in_use.lock acquired by nodename 17210@pr-hdds-2060-5kx6h-1518693133
2019-08-31 22:27:32,205 [IPC Server handler 2 on 43175] INFO  net.NetworkTopology (NetworkTopologyImpl.java:add(110)) - Added a new node: /default-rack/2c0e17a6-6c2f-4502-821a-909817d7c69c
2019-08-31 22:27:32,205 [IPC Server handler 2 on 43175] INFO  node.SCMNodeManager (SCMNodeManager.java:register(266)) - Registered Data node : 2c0e17a6-6c2f-4502-821a-909817d7c69c{ip: 192.168.34.42, host: pr-hdds-2060-5kx6h-1518693133, networkLocation: /default-rack, certSerialId: null}
2019-08-31 22:27:32,206 | INFO  | SCMAudit | user=jenkins1000 | ip=192.168.34.42 | op=REGISTER {datanodeDetails=2c0e17a6-6c2f-4502-821a-909817d7c69c{ip: 192.168.34.42, host: pr-hdds-2060-5kx6h-1518693133, networkLocation: /default-rack, certSerialId: null}} | ret=SUCCESS |  
2019-08-31 22:27:32,213 [pool-149-thread-1] INFO  storage.RaftStorage (RaftStorage.java:format(72)) - Storage directory /workdir/hadoop-ozone/integration-test/target/test-dir/MiniOzoneClusterImpl-aaa18aea-9a54-4266-ac8a-f3420196151d/datanode-3/data/ratis/7d0bcd6a-2647-441f-9d3a-7e4404a93eee has been successfully formatted.
2019-08-31 22:27:32,213 [pool-149-thread-1] INFO  ratis.ContainerStateMachine (ContainerStateMachine.java:loadSnapshot(227)) - group-7E4404A93EEE: The snapshot info is null. Setting the last applied indexto:(t:0, i:~)
2019-08-31 22:27:32,213 [pool-149-thread-1] INFO  server.RaftServerConfigKeys (ConfUtils.java:logGet(43)) - raft.server.leader.election.timeout = 120s (custom)
2019-08-31 22:27:32,213 [pool-149-thread-1] INFO  server.RaftServerConfigKeys (ConfUtils.java:logGet(43)) - raft.server.log.use.memory = false (default)
2019-08-31 22:27:32,214 [pool-149-thread-1] INFO  server.RaftServerConfigKeys (ConfUtils.java:logGet(43)) - raft.server.log.purge.gap = 1000000 (custom)
2019-08-31 22:27:32,214 [pool-149-thread-1] INFO  server.RaftServerConfigKeys (ConfUtils.java:logGet(43)) - raft.server.log.appender.buffer.byte-limit = 33554432 (custom)
2019-08-31 22:27:32,214 [pool-149-thread-1] INFO  server.RaftServerConfigKeys (ConfUtils.java:logGet(43)) - raft.server.log.segment.size.max = 1048576 (custom)
2019-08-31 22:27:32,214 [pool-149-thread-1] INFO  server.RaftServerConfigKeys (ConfUtils.java:logGet(43)) - raft.server.log.segment.cache.num.max = 2 (custom)
2019-08-31 22:27:32,214 [pool-149-thread-1] INFO  segmented.SegmentedRaftLogWorker (SegmentedRaftLogWorker.java:<init>(172)) - new 4f048490-ee80-4dd1-86ce-d63d571007b5-SegmentedRaftLogWorker:Storage Directory /workdir/hadoop-ozone/integration-test/target/test-dir/MiniOzoneClusterImpl-aaa18aea-9a54-4266-ac8a-f3420196151d/datanode-3/data/ratis/7d0bcd6a-2647-441f-9d3a-7e4404a93eee for RaftStorage:Storage Directory /workdir/hadoop-ozone/integration-test/target/test-dir/MiniOzoneClusterImpl-aaa18aea-9a54-4266-ac8a-f3420196151d/datanode-3/data/ratis/7d0bcd6a-2647-441f-9d3a-7e4404a93eee
2019-08-31 22:27:32,214 [pool-149-thread-1] INFO  server.RaftServerConfigKeys (ConfUtils.java:logGet(43)) - raft.server.log.queue.byte-limit = 2147483647 (custom)
2019-08-31 22:27:32,214 [pool-149-thread-1] INFO  server.RaftServerConfigKeys (ConfUtils.java:logGet(43)) - raft.server.log.queue.element-limit = 1024 (custom)
2019-08-31 22:27:32,215 [pool-149-thread-1] INFO  server.RaftServerConfigKeys (ConfUtils.java:logGet(43)) - raft.server.log.segment.size.max = 1048576 (custom)
2019-08-31 22:27:32,215 [pool-149-thread-1] INFO  server.RaftServerConfigKeys (ConfUtils.java:logGet(43)) - raft.server.log.preallocated.size = 16384 (custom)
2019-08-31 22:27:32,215 [pool-149-thread-1] INFO  server.RaftServerConfigKeys (ConfUtils.java:logGet(43)) - raft.server.log.write.buffer.size = 33554432 (custom)
2019-08-31 22:27:32,215 [pool-149-thread-1] INFO  server.RaftServerConfigKeys (ConfUtils.java:logGet(43)) - raft.server.log.force.sync.num = 128 (default)
2019-08-31 22:27:32,215 [pool-149-thread-1] INFO  server.RaftServerConfigKeys (ConfUtils.java:logGet(43)) - raft.server.log.statemachine.data.sync = true (default)
2019-08-31 22:27:32,215 [pool-149-thread-1] INFO  server.RaftServerConfigKeys (ConfUtils.java:logGet(43)) - raft.server.log.statemachine.data.sync.timeout = 10s (default)
2019-08-31 22:27:32,215 [pool-149-thread-1] INFO  server.RaftServerConfigKeys (ConfUtils.java:logGet(43)) - raft.server.log.statemachine.data.sync.timeout.retry = -1 (default)
2019-08-31 22:27:32,216 [pool-149-thread-1] INFO  server.RaftServerConfigKeys (ConfUtils.java:logGet(43)) - raft.server.log.statemachine.data.caching.enabled = true (custom)
2019-08-31 22:27:32,216 [pool-149-thread-1] INFO  segmented.SegmentedRaftLogWorker (SegmentedRaftLogWorker.java:lambda$new$0(132)) - 4f048490-ee80-4dd1-86ce-d63d571007b5-SegmentedRaftLogWorker:Storage Directory /workdir/hadoop-ozone/integration-test/target/test-dir/MiniOzoneClusterImpl-aaa18aea-9a54-4266-ac8a-f3420196151d/datanode-3/data/ratis/7d0bcd6a-2647-441f-9d3a-7e4404a93eee: flushIndex: setUnconditionally 0 -> -1
2019-08-31 22:27:32,216 [pool-149-thread-1] INFO  server.RaftServerConfigKeys (ConfUtils.java:logGet(43)) - raft.server.snapshot.auto.trigger.enabled = true (custom)
2019-08-31 22:27:32,216 [pool-149-thread-1] INFO  server.RaftServerConfigKeys (ConfUtils.java:logGet(43)) - raft.server.snapshot.auto.trigger.threshold = 10000 (custom)
2019-08-31 22:27:32,216 [pool-149-thread-1] INFO  server.RaftServerConfigKeys (ConfUtils.java:logGet(43)) - raft.server.retrycache.expirytime = 600000ms (custom)
2019-08-31 22:27:32,217 [pool-149-thread-1] INFO  impl.RaftServerImpl (RaftServerImpl.java:start(180)) - 4f048490-ee80-4dd1-86ce-d63d571007b5: start group-7E4404A93EEE
2019-08-31 22:27:32,217 [pool-149-thread-1] INFO  impl.RaftServerImpl (RaftServerImpl.java:setRole(171)) - 4f048490-ee80-4dd1-86ce-d63d571007b5:group-7E4404A93EEE changes role from null to FOLLOWER at term 0 for startAsFollower
2019-08-31 22:27:32,217 [pool-149-thread-1] INFO  impl.RoleInfo (RoleInfo.java:updateAndGet(143)) - 4f048490-ee80-4dd1-86ce-d63d571007b5: start FollowerState
2019-08-31 22:27:32,232 [pool-149-thread-1] INFO  util.JmxRegister (JmxRegister.java:tryRegister(44)) - Successfully registered JMX Bean with object name Ratis:service=RaftServer,group=group-7E4404A93EEE,id=4f048490-ee80-4dd1-86ce-d63d571007b5
2019-08-31 22:27:32,244 [RatisPipelineUtilsThread] INFO  pipeline.PipelineStateManager (PipelineStateManager.java:addPipeline(56)) - Created pipeline Pipeline[ Id: 7d0bcd6a-2647-441f-9d3a-7e4404a93eee, Nodes: 4f048490-ee80-4dd1-86ce-d63d571007b5{ip: 192.168.34.42, host: pr-hdds-2060-5kx6h-1518693133, networkLocation: /default-rack, certSerialId: null}, Type:RATIS, Factor:ONE, State:OPEN]
2019-08-31 22:27:32,262 [grpc-default-executor-0] INFO  impl.RaftServerProxy (RaftServerProxy.java:addNew(89)) - 2c0e17a6-6c2f-4502-821a-909817d7c69c: addNew group-BDA3476949CB:[2c0e17a6-6c2f-4502-821a-909817d7c69c:192.168.34.42:44187] returns group-BDA3476949CB:java.util.concurrent.CompletableFuture@57b84225[Not completed]
2019-08-31 22:27:32,268 [pool-159-thread-1] INFO  impl.RaftServerImpl (RaftServerImpl.java:<init>(93)) - 2c0e17a6-6c2f-4502-821a-909817d7c69c: new RaftServerImpl for group-BDA3476949CB:[2c0e17a6-6c2f-4502-821a-909817d7c69c:192.168.34.42:44187] with ContainerStateMachine:uninitialized
2019-08-31 22:27:32,268 [pool-159-thread-1] INFO  server.RaftServerConfigKeys (ConfUtils.java:logGet(43)) - raft.server.rpc.timeout.min = 5s (custom)
2019-08-31 22:27:32,268 [pool-159-thread-1] INFO  server.RaftServerConfigKeys (ConfUtils.java:logGet(43)) - raft.server.rpc.timeout.max = 5200ms (custom)
2019-08-31 22:27:32,269 [pool-159-thread-1] INFO  server.RaftServerConfigKeys (ConfUtils.java:logGet(43)) - raft.server.rpcslowness.timeout = 120s (custom)
2019-08-31 22:27:32,269 [pool-159-thread-1] INFO  server.RaftServerConfigKeys (ConfUtils.java:logGet(43)) - raft.server.sleep.deviation.threshold = 300 (default)
2019-08-31 22:27:32,269 [pool-159-thread-1] INFO  server.RaftServerConfigKeys (ConfUtils.java:logGet(43)) - raft.server.log.appender.install.snapshot.enabled = false (custom)
2019-08-31 22:27:32,269 [pool-159-thread-1] INFO  impl.RaftServerImpl (ServerState.java:<init>(105)) - 2c0e17a6-6c2f-4502-821a-909817d7c69c:group-BDA3476949CB ConfigurationManager, init=-1: [2c0e17a6-6c2f-4502-821a-909817d7c69c:192.168.34.42:44187], old=null, confs=<EMPTY_MAP>
2019-08-31 22:27:32,269 [pool-159-thread-1] INFO  server.RaftServerConfigKeys (ConfUtils.java:logGet(43)) - raft.server.storage.dir = [/workdir/hadoop-ozone/integration-test/target/test-dir/MiniOzoneClusterImpl-aaa18aea-9a54-4266-ac8a-f3420196151d/datanode-4/data/ratis] (custom)
2019-08-31 22:27:32,270 [pool-159-thread-1] INFO  storage.RaftStorageDirectory (RaftStorageDirectory.java:analyzeStorage(246)) - The storage directory /workdir/hadoop-ozone/integration-test/target/test-dir/MiniOzoneClusterImpl-aaa18aea-9a54-4266-ac8a-f3420196151d/datanode-4/data/ratis/93b8e598-cac1-4aa7-b491-bda3476949cb does not exist. Creating ...
2019-08-31 22:27:32,284 [pool-159-thread-1] INFO  storage.RaftStorageDirectory (RaftStorageDirectory.java:tryLock(328)) - Lock on /workdir/hadoop-ozone/integration-test/target/test-dir/MiniOzoneClusterImpl-aaa18aea-9a54-4266-ac8a-f3420196151d/datanode-4/data/ratis/93b8e598-cac1-4aa7-b491-bda3476949cb/in_use.lock acquired by nodename 17210@pr-hdds-2060-5kx6h-1518693133
2019-08-31 22:27:32,295 [IPC Server handler 1 on 43175] INFO  net.NetworkTopology (NetworkTopologyImpl.java:add(110)) - Added a new node: /default-rack/131506aa-e8d4-495f-9e31-6caa17857e33
2019-08-31 22:27:32,296 [IPC Server handler 1 on 43175] INFO  node.SCMNodeManager (SCMNodeManager.java:register(266)) - Registered Data node : 131506aa-e8d4-495f-9e31-6caa17857e33{ip: 192.168.34.42, host: pr-hdds-2060-5kx6h-1518693133, networkLocation: /default-rack, certSerialId: null}
2019-08-31 22:27:32,296 | INFO  | SCMAudit | user=jenkins1000 | ip=192.168.34.42 | op=REGISTER {datanodeDetails=131506aa-e8d4-495f-9e31-6caa17857e33{ip: 192.168.34.42, host: pr-hdds-2060-5kx6h-1518693133, networkLocation: /default-rack, certSerialId: null}} | ret=SUCCESS |  
2019-08-31 22:27:32,296 [pool-159-thread-1] INFO  storage.RaftStorage (RaftStorage.java:format(72)) - Storage directory /workdir/hadoop-ozone/integration-test/target/test-dir/MiniOzoneClusterImpl-aaa18aea-9a54-4266-ac8a-f3420196151d/datanode-4/data/ratis/93b8e598-cac1-4aa7-b491-bda3476949cb has been successfully formatted.
2019-08-31 22:27:32,297 [pool-159-thread-1] INFO  ratis.ContainerStateMachine (ContainerStateMachine.java:loadSnapshot(227)) - group-BDA3476949CB: The snapshot info is null. Setting the last applied indexto:(t:0, i:~)
2019-08-31 22:27:32,297 [pool-159-thread-1] INFO  server.RaftServerConfigKeys (ConfUtils.java:logGet(43)) - raft.server.leader.election.timeout = 120s (custom)
2019-08-31 22:27:32,297 [pool-159-thread-1] INFO  server.RaftServerConfigKeys (ConfUtils.java:logGet(43)) - raft.server.log.use.memory = false (default)
2019-08-31 22:27:32,297 [pool-159-thread-1] INFO  server.RaftServerConfigKeys (ConfUtils.java:logGet(43)) - raft.server.log.purge.gap = 1000000 (custom)
2019-08-31 22:27:32,297 [pool-159-thread-1] INFO  server.RaftServerConfigKeys (ConfUtils.java:logGet(43)) - raft.server.log.appender.buffer.byte-limit = 33554432 (custom)
2019-08-31 22:27:32,298 [pool-159-thread-1] INFO  server.RaftServerConfigKeys (ConfUtils.java:logGet(43)) - raft.server.log.segment.size.max = 1048576 (custom)
2019-08-31 22:27:32,298 [pool-159-thread-1] INFO  server.RaftServerConfigKeys (ConfUtils.java:logGet(43)) - raft.server.log.segment.cache.num.max = 2 (custom)
2019-08-31 22:27:32,298 [pool-159-thread-1] INFO  segmented.SegmentedRaftLogWorker (SegmentedRaftLogWorker.java:<init>(172)) - new 2c0e17a6-6c2f-4502-821a-909817d7c69c-SegmentedRaftLogWorker:Storage Directory /workdir/hadoop-ozone/integration-test/target/test-dir/MiniOzoneClusterImpl-aaa18aea-9a54-4266-ac8a-f3420196151d/datanode-4/data/ratis/93b8e598-cac1-4aa7-b491-bda3476949cb for RaftStorage:Storage Directory /workdir/hadoop-ozone/integration-test/target/test-dir/MiniOzoneClusterImpl-aaa18aea-9a54-4266-ac8a-f3420196151d/datanode-4/data/ratis/93b8e598-cac1-4aa7-b491-bda3476949cb
2019-08-31 22:27:32,298 [pool-159-thread-1] INFO  server.RaftServerConfigKeys (ConfUtils.java:logGet(43)) - raft.server.log.queue.byte-limit = 2147483647 (custom)
2019-08-31 22:27:32,298 [pool-159-thread-1] INFO  server.RaftServerConfigKeys (ConfUtils.java:logGet(43)) - raft.server.log.queue.element-limit = 1024 (custom)
2019-08-31 22:27:32,299 [pool-159-thread-1] INFO  server.RaftServerConfigKeys (ConfUtils.java:logGet(43)) - raft.server.log.segment.size.max = 1048576 (custom)
2019-08-31 22:27:32,299 [pool-159-thread-1] INFO  server.RaftServerConfigKeys (ConfUtils.java:logGet(43)) - raft.server.log.preallocated.size = 16384 (custom)
2019-08-31 22:27:32,299 [pool-159-thread-1] INFO  server.RaftServerConfigKeys (ConfUtils.java:logGet(43)) - raft.server.log.write.buffer.size = 33554432 (custom)
2019-08-31 22:27:32,299 [pool-159-thread-1] INFO  server.RaftServerConfigKeys (ConfUtils.java:logGet(43)) - raft.server.log.force.sync.num = 128 (default)
2019-08-31 22:27:32,299 [pool-159-thread-1] INFO  server.RaftServerConfigKeys (ConfUtils.java:logGet(43)) - raft.server.log.statemachine.data.sync = true (default)
2019-08-31 22:27:32,299 [pool-159-thread-1] INFO  server.RaftServerConfigKeys (ConfUtils.java:logGet(43)) - raft.server.log.statemachine.data.sync.timeout = 10s (default)
2019-08-31 22:27:32,299 [pool-159-thread-1] INFO  server.RaftServerConfigKeys (ConfUtils.java:logGet(43)) - raft.server.log.statemachine.data.sync.timeout.retry = -1 (default)
2019-08-31 22:27:32,300 [pool-159-thread-1] INFO  server.RaftServerConfigKeys (ConfUtils.java:logGet(43)) - raft.server.log.statemachine.data.caching.enabled = true (custom)
2019-08-31 22:27:32,300 [pool-159-thread-1] INFO  segmented.SegmentedRaftLogWorker (SegmentedRaftLogWorker.java:lambda$new$0(132)) - 2c0e17a6-6c2f-4502-821a-909817d7c69c-SegmentedRaftLogWorker:Storage Directory /workdir/hadoop-ozone/integration-test/target/test-dir/MiniOzoneClusterImpl-aaa18aea-9a54-4266-ac8a-f3420196151d/datanode-4/data/ratis/93b8e598-cac1-4aa7-b491-bda3476949cb: flushIndex: setUnconditionally 0 -> -1
2019-08-31 22:27:32,300 [pool-159-thread-1] INFO  server.RaftServerConfigKeys (ConfUtils.java:logGet(43)) - raft.server.snapshot.auto.trigger.enabled = true (custom)
2019-08-31 22:27:32,301 [pool-159-thread-1] INFO  server.RaftServerConfigKeys (ConfUtils.java:logGet(43)) - raft.server.snapshot.auto.trigger.threshold = 10000 (custom)
2019-08-31 22:27:32,301 [pool-159-thread-1] INFO  server.RaftServerConfigKeys (ConfUtils.java:logGet(43)) - raft.server.retrycache.expirytime = 600000ms (custom)
2019-08-31 22:27:32,301 [pool-159-thread-1] INFO  impl.RaftServerImpl (RaftServerImpl.java:start(180)) - 2c0e17a6-6c2f-4502-821a-909817d7c69c: start group-BDA3476949CB
2019-08-31 22:27:32,301 [pool-159-thread-1] INFO  impl.RaftServerImpl (RaftServerImpl.java:setRole(171)) - 2c0e17a6-6c2f-4502-821a-909817d7c69c:group-BDA3476949CB changes role from null to FOLLOWER at term 0 for startAsFollower
2019-08-31 22:27:32,301 [pool-159-thread-1] INFO  impl.RoleInfo (RoleInfo.java:updateAndGet(143)) - 2c0e17a6-6c2f-4502-821a-909817d7c69c: start FollowerState
2019-08-31 22:27:32,302 [pool-159-thread-1] INFO  util.JmxRegister (JmxRegister.java:tryRegister(44)) - Successfully registered JMX Bean with object name Ratis:service=RaftServer,group=group-BDA3476949CB,id=2c0e17a6-6c2f-4502-821a-909817d7c69c
2019-08-31 22:27:32,306 [RatisPipelineUtilsThread] INFO  pipeline.PipelineStateManager (PipelineStateManager.java:addPipeline(56)) - Created pipeline Pipeline[ Id: 93b8e598-cac1-4aa7-b491-bda3476949cb, Nodes: 2c0e17a6-6c2f-4502-821a-909817d7c69c{ip: 192.168.34.42, host: pr-hdds-2060-5kx6h-1518693133, networkLocation: /default-rack, certSerialId: null}, Type:RATIS, Factor:ONE, State:OPEN]
2019-08-31 22:27:32,318 [grpc-default-executor-0] INFO  impl.RaftServerProxy (RaftServerProxy.java:addNew(89)) - 131506aa-e8d4-495f-9e31-6caa17857e33: addNew group-25D3E6F8B062:[131506aa-e8d4-495f-9e31-6caa17857e33:192.168.34.42:40715] returns group-25D3E6F8B062:java.util.concurrent.CompletableFuture@12044e6[Not completed]
2019-08-31 22:27:32,325 [pool-169-thread-1] INFO  impl.RaftServerImpl (RaftServerImpl.java:<init>(93)) - 131506aa-e8d4-495f-9e31-6caa17857e33: new RaftServerImpl for group-25D3E6F8B062:[131506aa-e8d4-495f-9e31-6caa17857e33:192.168.34.42:40715] with ContainerStateMachine:uninitialized
2019-08-31 22:27:32,325 [pool-169-thread-1] INFO  server.RaftServerConfigKeys (ConfUtils.java:logGet(43)) - raft.server.rpc.timeout.min = 5s (custom)
2019-08-31 22:27:32,325 [pool-169-thread-1] INFO  server.RaftServerConfigKeys (ConfUtils.java:logGet(43)) - raft.server.rpc.timeout.max = 5200ms (custom)
2019-08-31 22:27:32,325 [pool-169-thread-1] INFO  server.RaftServerConfigKeys (ConfUtils.java:logGet(43)) - raft.server.rpcslowness.timeout = 120s (custom)
2019-08-31 22:27:32,325 [pool-169-thread-1] INFO  server.RaftServerConfigKeys (ConfUtils.java:logGet(43)) - raft.server.sleep.deviation.threshold = 300 (default)
2019-08-31 22:27:32,325 [pool-169-thread-1] INFO  server.RaftServerConfigKeys (ConfUtils.java:logGet(43)) - raft.server.log.appender.install.snapshot.enabled = false (custom)
2019-08-31 22:27:32,325 [pool-169-thread-1] INFO  impl.RaftServerImpl (ServerState.java:<init>(105)) - 131506aa-e8d4-495f-9e31-6caa17857e33:group-25D3E6F8B062 ConfigurationManager, init=-1: [131506aa-e8d4-495f-9e31-6caa17857e33:192.168.34.42:40715], old=null, confs=<EMPTY_MAP>
2019-08-31 22:27:32,326 [pool-169-thread-1] INFO  server.RaftServerConfigKeys (ConfUtils.java:logGet(43)) - raft.server.storage.dir = [/workdir/hadoop-ozone/integration-test/target/test-dir/MiniOzoneClusterImpl-aaa18aea-9a54-4266-ac8a-f3420196151d/datanode-5/data/ratis] (custom)
2019-08-31 22:27:32,326 [pool-169-thread-1] INFO  storage.RaftStorageDirectory (RaftStorageDirectory.java:analyzeStorage(246)) - The storage directory /workdir/hadoop-ozone/integration-test/target/test-dir/MiniOzoneClusterImpl-aaa18aea-9a54-4266-ac8a-f3420196151d/datanode-5/data/ratis/71108bd3-a0d9-4475-8e43-25d3e6f8b062 does not exist. Creating ...
2019-08-31 22:27:32,338 [pool-169-thread-1] INFO  storage.RaftStorageDirectory (RaftStorageDirectory.java:tryLock(328)) - Lock on /workdir/hadoop-ozone/integration-test/target/test-dir/MiniOzoneClusterImpl-aaa18aea-9a54-4266-ac8a-f3420196151d/datanode-5/data/ratis/71108bd3-a0d9-4475-8e43-25d3e6f8b062/in_use.lock acquired by nodename 17210@pr-hdds-2060-5kx6h-1518693133
2019-08-31 22:27:32,351 [pool-169-thread-1] INFO  storage.RaftStorage (RaftStorage.java:format(72)) - Storage directory /workdir/hadoop-ozone/integration-test/target/test-dir/MiniOzoneClusterImpl-aaa18aea-9a54-4266-ac8a-f3420196151d/datanode-5/data/ratis/71108bd3-a0d9-4475-8e43-25d3e6f8b062 has been successfully formatted.
2019-08-31 22:27:32,351 [pool-169-thread-1] INFO  ratis.ContainerStateMachine (ContainerStateMachine.java:loadSnapshot(227)) - group-25D3E6F8B062: The snapshot info is null. Setting the last applied indexto:(t:0, i:~)
2019-08-31 22:27:32,352 [pool-169-thread-1] INFO  server.RaftServerConfigKeys (ConfUtils.java:logGet(43)) - raft.server.leader.election.timeout = 120s (custom)
2019-08-31 22:27:32,352 [pool-169-thread-1] INFO  server.RaftServerConfigKeys (ConfUtils.java:logGet(43)) - raft.server.log.use.memory = false (default)
2019-08-31 22:27:32,352 [pool-169-thread-1] INFO  server.RaftServerConfigKeys (ConfUtils.java:logGet(43)) - raft.server.log.purge.gap = 1000000 (custom)
2019-08-31 22:27:32,352 [pool-169-thread-1] INFO  server.RaftServerConfigKeys (ConfUtils.java:logGet(43)) - raft.server.log.appender.buffer.byte-limit = 33554432 (custom)
2019-08-31 22:27:32,352 [pool-169-thread-1] INFO  server.RaftServerConfigKeys (ConfUtils.java:logGet(43)) - raft.server.log.segment.size.max = 1048576 (custom)
2019-08-31 22:27:32,352 [pool-169-thread-1] INFO  server.RaftServerConfigKeys (ConfUtils.java:logGet(43)) - raft.server.log.segment.cache.num.max = 2 (custom)
2019-08-31 22:27:32,353 [pool-169-thread-1] INFO  segmented.SegmentedRaftLogWorker (SegmentedRaftLogWorker.java:<init>(172)) - new 131506aa-e8d4-495f-9e31-6caa17857e33-SegmentedRaftLogWorker:Storage Directory /workdir/hadoop-ozone/integration-test/target/test-dir/MiniOzoneClusterImpl-aaa18aea-9a54-4266-ac8a-f3420196151d/datanode-5/data/ratis/71108bd3-a0d9-4475-8e43-25d3e6f8b062 for RaftStorage:Storage Directory /workdir/hadoop-ozone/integration-test/target/test-dir/MiniOzoneClusterImpl-aaa18aea-9a54-4266-ac8a-f3420196151d/datanode-5/data/ratis/71108bd3-a0d9-4475-8e43-25d3e6f8b062
2019-08-31 22:27:32,353 [pool-169-thread-1] INFO  server.RaftServerConfigKeys (ConfUtils.java:logGet(43)) - raft.server.log.queue.byte-limit = 2147483647 (custom)
2019-08-31 22:27:32,353 [pool-169-thread-1] INFO  server.RaftServerConfigKeys (ConfUtils.java:logGet(43)) - raft.server.log.queue.element-limit = 1024 (custom)
2019-08-31 22:27:32,353 [pool-169-thread-1] INFO  server.RaftServerConfigKeys (ConfUtils.java:logGet(43)) - raft.server.log.segment.size.max = 1048576 (custom)
2019-08-31 22:27:32,353 [pool-169-thread-1] INFO  server.RaftServerConfigKeys (ConfUtils.java:logGet(43)) - raft.server.log.preallocated.size = 16384 (custom)
2019-08-31 22:27:32,354 [pool-169-thread-1] INFO  server.RaftServerConfigKeys (ConfUtils.java:logGet(43)) - raft.server.log.write.buffer.size = 33554432 (custom)
2019-08-31 22:27:32,354 [pool-169-thread-1] INFO  server.RaftServerConfigKeys (ConfUtils.java:logGet(43)) - raft.server.log.force.sync.num = 128 (default)
2019-08-31 22:27:32,354 [pool-169-thread-1] INFO  server.RaftServerConfigKeys (ConfUtils.java:logGet(43)) - raft.server.log.statemachine.data.sync = true (default)
2019-08-31 22:27:32,354 [pool-169-thread-1] INFO  server.RaftServerConfigKeys (ConfUtils.java:logGet(43)) - raft.server.log.statemachine.data.sync.timeout = 10s (default)
2019-08-31 22:27:32,354 [pool-169-thread-1] INFO  server.RaftServerConfigKeys (ConfUtils.java:logGet(43)) - raft.server.log.statemachine.data.sync.timeout.retry = -1 (default)
2019-08-31 22:27:32,355 [pool-169-thread-1] INFO  server.RaftServerConfigKeys (ConfUtils.java:logGet(43)) - raft.server.log.statemachine.data.caching.enabled = true (custom)
2019-08-31 22:27:32,355 [pool-169-thread-1] INFO  segmented.SegmentedRaftLogWorker (SegmentedRaftLogWorker.java:lambda$new$0(132)) - 131506aa-e8d4-495f-9e31-6caa17857e33-SegmentedRaftLogWorker:Storage Directory /workdir/hadoop-ozone/integration-test/target/test-dir/MiniOzoneClusterImpl-aaa18aea-9a54-4266-ac8a-f3420196151d/datanode-5/data/ratis/71108bd3-a0d9-4475-8e43-25d3e6f8b062: flushIndex: setUnconditionally 0 -> -1
2019-08-31 22:27:32,355 [pool-169-thread-1] INFO  server.RaftServerConfigKeys (ConfUtils.java:logGet(43)) - raft.server.snapshot.auto.trigger.enabled = true (custom)
2019-08-31 22:27:32,355 [pool-169-thread-1] INFO  server.RaftServerConfigKeys (ConfUtils.java:logGet(43)) - raft.server.snapshot.auto.trigger.threshold = 10000 (custom)
2019-08-31 22:27:32,356 [pool-169-thread-1] INFO  server.RaftServerConfigKeys (ConfUtils.java:logGet(43)) - raft.server.retrycache.expirytime = 600000ms (custom)
2019-08-31 22:27:32,356 [pool-169-thread-1] INFO  impl.RaftServerImpl (RaftServerImpl.java:start(180)) - 131506aa-e8d4-495f-9e31-6caa17857e33: start group-25D3E6F8B062
2019-08-31 22:27:32,356 [pool-169-thread-1] INFO  impl.RaftServerImpl (RaftServerImpl.java:setRole(171)) - 131506aa-e8d4-495f-9e31-6caa17857e33:group-25D3E6F8B062 changes role from null to FOLLOWER at term 0 for startAsFollower
2019-08-31 22:27:32,356 [pool-169-thread-1] INFO  impl.RoleInfo (RoleInfo.java:updateAndGet(143)) - 131506aa-e8d4-495f-9e31-6caa17857e33: start FollowerState
2019-08-31 22:27:32,357 [pool-169-thread-1] INFO  util.JmxRegister (JmxRegister.java:tryRegister(44)) - Successfully registered JMX Bean with object name Ratis:service=RaftServer,group=group-25D3E6F8B062,id=131506aa-e8d4-495f-9e31-6caa17857e33
2019-08-31 22:27:32,360 [RatisPipelineUtilsThread] INFO  pipeline.PipelineStateManager (PipelineStateManager.java:addPipeline(56)) - Created pipeline Pipeline[ Id: 71108bd3-a0d9-4475-8e43-25d3e6f8b062, Nodes: 131506aa-e8d4-495f-9e31-6caa17857e33{ip: 192.168.34.42, host: pr-hdds-2060-5kx6h-1518693133, networkLocation: /default-rack, certSerialId: null}, Type:RATIS, Factor:ONE, State:OPEN]
2019-08-31 22:27:32,373 [main] INFO  ozone.MiniOzoneClusterImpl (MiniOzoneClusterImpl.java:lambda$waitForClusterToBeReady$0(140)) - Waiting for cluster to be ready. Got 6 of 7 DN Heartbeats.
2019-08-31 22:27:32,378 [IPC Server handler 4 on 43175] INFO  net.NetworkTopology (NetworkTopologyImpl.java:add(110)) - Added a new node: /default-rack/4a257c07-4fcc-43d2-8a6e-26fe808bf4d2
2019-08-31 22:27:32,378 [IPC Server handler 4 on 43175] INFO  node.SCMNodeManager (SCMNodeManager.java:register(266)) - Registered Data node : 4a257c07-4fcc-43d2-8a6e-26fe808bf4d2{ip: 192.168.34.42, host: pr-hdds-2060-5kx6h-1518693133, networkLocation: /default-rack, certSerialId: null}
2019-08-31 22:27:32,379 | INFO  | SCMAudit | user=jenkins1000 | ip=192.168.34.42 | op=REGISTER {datanodeDetails=4a257c07-4fcc-43d2-8a6e-26fe808bf4d2{ip: 192.168.34.42, host: pr-hdds-2060-5kx6h-1518693133, networkLocation: /default-rack, certSerialId: null}} | ret=SUCCESS |  
2019-08-31 22:27:32,380 [grpc-default-executor-2] INFO  impl.RaftServerProxy (RaftServerProxy.java:addNew(89)) - be9ed4ca-dce9-4f3d-9c6d-abd66b1838f6: addNew group-91658440A578:[4f048490-ee80-4dd1-86ce-d63d571007b5:192.168.34.42:37190, be9ed4ca-dce9-4f3d-9c6d-abd66b1838f6:192.168.34.42:36394, 094b17da-7f12-43e6-b453-785c127a2e77:192.168.34.42:34303] returns group-91658440A578:java.util.concurrent.CompletableFuture@71580e05[Not completed]
2019-08-31 22:27:32,380 [grpc-default-executor-2] INFO  impl.RaftServerProxy (RaftServerProxy.java:addNew(89)) - 4f048490-ee80-4dd1-86ce-d63d571007b5: addNew group-91658440A578:[4f048490-ee80-4dd1-86ce-d63d571007b5:192.168.34.42:37190, be9ed4ca-dce9-4f3d-9c6d-abd66b1838f6:192.168.34.42:36394, 094b17da-7f12-43e6-b453-785c127a2e77:192.168.34.42:34303] returns group-91658440A578:java.util.concurrent.CompletableFuture@5f22dc35[Not completed]
2019-08-31 22:27:32,381 [grpc-default-executor-3] INFO  impl.RaftServerProxy (RaftServerProxy.java:addNew(89)) - 094b17da-7f12-43e6-b453-785c127a2e77: addNew group-91658440A578:[4f048490-ee80-4dd1-86ce-d63d571007b5:192.168.34.42:37190, be9ed4ca-dce9-4f3d-9c6d-abd66b1838f6:192.168.34.42:36394, 094b17da-7f12-43e6-b453-785c127a2e77:192.168.34.42:34303] returns group-91658440A578:java.util.concurrent.CompletableFuture@6f69ce80[Not completed]
2019-08-31 22:27:32,382 [pool-119-thread-1] INFO  impl.RaftServerImpl (RaftServerImpl.java:<init>(93)) - be9ed4ca-dce9-4f3d-9c6d-abd66b1838f6: new RaftServerImpl for group-91658440A578:[4f048490-ee80-4dd1-86ce-d63d571007b5:192.168.34.42:37190, be9ed4ca-dce9-4f3d-9c6d-abd66b1838f6:192.168.34.42:36394, 094b17da-7f12-43e6-b453-785c127a2e77:192.168.34.42:34303] with ContainerStateMachine:uninitialized
2019-08-31 22:27:32,382 [pool-119-thread-1] INFO  server.RaftServerConfigKeys (ConfUtils.java:logGet(43)) - raft.server.rpc.timeout.min = 5s (custom)
2019-08-31 22:27:32,382 [pool-119-thread-1] INFO  server.RaftServerConfigKeys (ConfUtils.java:logGet(43)) - raft.server.rpc.timeout.max = 5200ms (custom)
2019-08-31 22:27:32,382 [pool-119-thread-1] INFO  server.RaftServerConfigKeys (ConfUtils.java:logGet(43)) - raft.server.rpcslowness.timeout = 120s (custom)
2019-08-31 22:27:32,382 [pool-119-thread-1] INFO  server.RaftServerConfigKeys (ConfUtils.java:logGet(43)) - raft.server.sleep.deviation.threshold = 300 (default)
2019-08-31 22:27:32,383 [pool-119-thread-1] INFO  server.RaftServerConfigKeys (ConfUtils.java:logGet(43)) - raft.server.log.appender.install.snapshot.enabled = false (custom)
2019-08-31 22:27:32,383 [pool-119-thread-1] INFO  impl.RaftServerImpl (ServerState.java:<init>(105)) - be9ed4ca-dce9-4f3d-9c6d-abd66b1838f6:group-91658440A578 ConfigurationManager, init=-1: [4f048490-ee80-4dd1-86ce-d63d571007b5:192.168.34.42:37190, be9ed4ca-dce9-4f3d-9c6d-abd66b1838f6:192.168.34.42:36394, 094b17da-7f12-43e6-b453-785c127a2e77:192.168.34.42:34303], old=null, confs=<EMPTY_MAP>
2019-08-31 22:27:32,383 [pool-119-thread-1] INFO  server.RaftServerConfigKeys (ConfUtils.java:logGet(43)) - raft.server.storage.dir = [/workdir/hadoop-ozone/integration-test/target/test-dir/MiniOzoneClusterImpl-aaa18aea-9a54-4266-ac8a-f3420196151d/datanode-0/data/ratis] (custom)
2019-08-31 22:27:32,383 [pool-149-thread-1] INFO  impl.RaftServerImpl (RaftServerImpl.java:<init>(93)) - 4f048490-ee80-4dd1-86ce-d63d571007b5: new RaftServerImpl for group-91658440A578:[4f048490-ee80-4dd1-86ce-d63d571007b5:192.168.34.42:37190, be9ed4ca-dce9-4f3d-9c6d-abd66b1838f6:192.168.34.42:36394, 094b17da-7f12-43e6-b453-785c127a2e77:192.168.34.42:34303] with ContainerStateMachine:uninitialized
2019-08-31 22:27:32,383 [pool-149-thread-1] INFO  server.RaftServerConfigKeys (ConfUtils.java:logGet(43)) - raft.server.rpc.timeout.min = 5s (custom)
2019-08-31 22:27:32,383 [pool-119-thread-1] INFO  storage.RaftStorageDirectory (RaftStorageDirectory.java:analyzeStorage(246)) - The storage directory /workdir/hadoop-ozone/integration-test/target/test-dir/MiniOzoneClusterImpl-aaa18aea-9a54-4266-ac8a-f3420196151d/datanode-0/data/ratis/82ef3a5b-cbcb-4051-a853-91658440a578 does not exist. Creating ...
2019-08-31 22:27:32,384 [pool-149-thread-1] INFO  server.RaftServerConfigKeys (ConfUtils.java:logGet(43)) - raft.server.rpc.timeout.max = 5200ms (custom)
2019-08-31 22:27:32,384 [pool-149-thread-1] INFO  server.RaftServerConfigKeys (ConfUtils.java:logGet(43)) - raft.server.rpcslowness.timeout = 120s (custom)
2019-08-31 22:27:32,384 [pool-149-thread-1] INFO  server.RaftServerConfigKeys (ConfUtils.java:logGet(43)) - raft.server.sleep.deviation.threshold = 300 (default)
2019-08-31 22:27:32,384 [pool-129-thread-1] INFO  impl.RaftServerImpl (RaftServerImpl.java:<init>(93)) - 094b17da-7f12-43e6-b453-785c127a2e77: new RaftServerImpl for group-91658440A578:[4f048490-ee80-4dd1-86ce-d63d571007b5:192.168.34.42:37190, be9ed4ca-dce9-4f3d-9c6d-abd66b1838f6:192.168.34.42:36394, 094b17da-7f12-43e6-b453-785c127a2e77:192.168.34.42:34303] with ContainerStateMachine:uninitialized
2019-08-31 22:27:32,384 [pool-149-thread-1] INFO  server.RaftServerConfigKeys (ConfUtils.java:logGet(43)) - raft.server.log.appender.install.snapshot.enabled = false (custom)
2019-08-31 22:27:32,384 [pool-129-thread-1] INFO  server.RaftServerConfigKeys (ConfUtils.java:logGet(43)) - raft.server.rpc.timeout.min = 5s (custom)
2019-08-31 22:27:32,385 [pool-149-thread-1] INFO  impl.RaftServerImpl (ServerState.java:<init>(105)) - 4f048490-ee80-4dd1-86ce-d63d571007b5:group-91658440A578 ConfigurationManager, init=-1: [4f048490-ee80-4dd1-86ce-d63d571007b5:192.168.34.42:37190, be9ed4ca-dce9-4f3d-9c6d-abd66b1838f6:192.168.34.42:36394, 094b17da-7f12-43e6-b453-785c127a2e77:192.168.34.42:34303], old=null, confs=<EMPTY_MAP>
2019-08-31 22:27:32,385 [pool-129-thread-1] INFO  server.RaftServerConfigKeys (ConfUtils.java:logGet(43)) - raft.server.rpc.timeout.max = 5200ms (custom)
2019-08-31 22:27:32,385 [pool-149-thread-1] INFO  server.RaftServerConfigKeys (ConfUtils.java:logGet(43)) - raft.server.storage.dir = [/workdir/hadoop-ozone/integration-test/target/test-dir/MiniOzoneClusterImpl-aaa18aea-9a54-4266-ac8a-f3420196151d/datanode-3/data/ratis] (custom)
2019-08-31 22:27:32,385 [pool-129-thread-1] INFO  server.RaftServerConfigKeys (ConfUtils.java:logGet(43)) - raft.server.rpcslowness.timeout = 120s (custom)
2019-08-31 22:27:32,385 [pool-129-thread-1] INFO  server.RaftServerConfigKeys (ConfUtils.java:logGet(43)) - raft.server.sleep.deviation.threshold = 300 (default)
2019-08-31 22:27:32,386 [pool-149-thread-1] INFO  storage.RaftStorageDirectory (RaftStorageDirectory.java:analyzeStorage(246)) - The storage directory /workdir/hadoop-ozone/integration-test/target/test-dir/MiniOzoneClusterImpl-aaa18aea-9a54-4266-ac8a-f3420196151d/datanode-3/data/ratis/82ef3a5b-cbcb-4051-a853-91658440a578 does not exist. Creating ...
2019-08-31 22:27:32,386 [pool-129-thread-1] INFO  server.RaftServerConfigKeys (ConfUtils.java:logGet(43)) - raft.server.log.appender.install.snapshot.enabled = false (custom)
2019-08-31 22:27:32,386 [pool-129-thread-1] INFO  impl.RaftServerImpl (ServerState.java:<init>(105)) - 094b17da-7f12-43e6-b453-785c127a2e77:group-91658440A578 ConfigurationManager, init=-1: [4f048490-ee80-4dd1-86ce-d63d571007b5:192.168.34.42:37190, be9ed4ca-dce9-4f3d-9c6d-abd66b1838f6:192.168.34.42:36394, 094b17da-7f12-43e6-b453-785c127a2e77:192.168.34.42:34303], old=null, confs=<EMPTY_MAP>
2019-08-31 22:27:32,386 [pool-129-thread-1] INFO  server.RaftServerConfigKeys (ConfUtils.java:logGet(43)) - raft.server.storage.dir = [/workdir/hadoop-ozone/integration-test/target/test-dir/MiniOzoneClusterImpl-aaa18aea-9a54-4266-ac8a-f3420196151d/datanode-1/data/ratis] (custom)
2019-08-31 22:27:32,387 [pool-129-thread-1] INFO  storage.RaftStorageDirectory (RaftStorageDirectory.java:analyzeStorage(246)) - The storage directory /workdir/hadoop-ozone/integration-test/target/test-dir/MiniOzoneClusterImpl-aaa18aea-9a54-4266-ac8a-f3420196151d/datanode-1/data/ratis/82ef3a5b-cbcb-4051-a853-91658440a578 does not exist. Creating ...
2019-08-31 22:27:32,397 [pool-149-thread-1] INFO  storage.RaftStorageDirectory (RaftStorageDirectory.java:tryLock(328)) - Lock on /workdir/hadoop-ozone/integration-test/target/test-dir/MiniOzoneClusterImpl-aaa18aea-9a54-4266-ac8a-f3420196151d/datanode-3/data/ratis/82ef3a5b-cbcb-4051-a853-91658440a578/in_use.lock acquired by nodename 17210@pr-hdds-2060-5kx6h-1518693133
2019-08-31 22:27:32,397 [pool-129-thread-1] INFO  storage.RaftStorageDirectory (RaftStorageDirectory.java:tryLock(328)) - Lock on /workdir/hadoop-ozone/integration-test/target/test-dir/MiniOzoneClusterImpl-aaa18aea-9a54-4266-ac8a-f3420196151d/datanode-1/data/ratis/82ef3a5b-cbcb-4051-a853-91658440a578/in_use.lock acquired by nodename 17210@pr-hdds-2060-5kx6h-1518693133
2019-08-31 22:27:32,397 [pool-119-thread-1] INFO  storage.RaftStorageDirectory (RaftStorageDirectory.java:tryLock(328)) - Lock on /workdir/hadoop-ozone/integration-test/target/test-dir/MiniOzoneClusterImpl-aaa18aea-9a54-4266-ac8a-f3420196151d/datanode-0/data/ratis/82ef3a5b-cbcb-4051-a853-91658440a578/in_use.lock acquired by nodename 17210@pr-hdds-2060-5kx6h-1518693133
2019-08-31 22:27:32,411 [pool-119-thread-1] INFO  storage.RaftStorage (RaftStorage.java:format(72)) - Storage directory /workdir/hadoop-ozone/integration-test/target/test-dir/MiniOzoneClusterImpl-aaa18aea-9a54-4266-ac8a-f3420196151d/datanode-0/data/ratis/82ef3a5b-cbcb-4051-a853-91658440a578 has been successfully formatted.
2019-08-31 22:27:32,411 [pool-129-thread-1] INFO  storage.RaftStorage (RaftStorage.java:format(72)) - Storage directory /workdir/hadoop-ozone/integration-test/target/test-dir/MiniOzoneClusterImpl-aaa18aea-9a54-4266-ac8a-f3420196151d/datanode-1/data/ratis/82ef3a5b-cbcb-4051-a853-91658440a578 has been successfully formatted.
2019-08-31 22:27:32,411 [pool-149-thread-1] INFO  storage.RaftStorage (RaftStorage.java:format(72)) - Storage directory /workdir/hadoop-ozone/integration-test/target/test-dir/MiniOzoneClusterImpl-aaa18aea-9a54-4266-ac8a-f3420196151d/datanode-3/data/ratis/82ef3a5b-cbcb-4051-a853-91658440a578 has been successfully formatted.
2019-08-31 22:27:32,411 [pool-129-thread-1] INFO  ratis.ContainerStateMachine (ContainerStateMachine.java:loadSnapshot(227)) - group-91658440A578: The snapshot info is null. Setting the last applied indexto:(t:0, i:~)
2019-08-31 22:27:32,411 [pool-119-thread-1] INFO  ratis.ContainerStateMachine (ContainerStateMachine.java:loadSnapshot(227)) - group-91658440A578: The snapshot info is null. Setting the last applied indexto:(t:0, i:~)
2019-08-31 22:27:32,412 [pool-129-thread-1] INFO  server.RaftServerConfigKeys (ConfUtils.java:logGet(43)) - raft.server.leader.election.timeout = 120s (custom)
2019-08-31 22:27:32,412 [pool-149-thread-1] INFO  ratis.ContainerStateMachine (ContainerStateMachine.java:loadSnapshot(227)) - group-91658440A578: The snapshot info is null. Setting the last applied indexto:(t:0, i:~)
2019-08-31 22:27:32,412 [pool-129-thread-1] INFO  server.RaftServerConfigKeys (ConfUtils.java:logGet(43)) - raft.server.log.use.memory = false (default)
2019-08-31 22:27:32,412 [pool-119-thread-1] INFO  server.RaftServerConfigKeys (ConfUtils.java:logGet(43)) - raft.server.leader.election.timeout = 120s (custom)
2019-08-31 22:27:32,412 [pool-129-thread-1] INFO  server.RaftServerConfigKeys (ConfUtils.java:logGet(43)) - raft.server.log.purge.gap = 1000000 (custom)
2019-08-31 22:27:32,412 [pool-149-thread-1] INFO  server.RaftServerConfigKeys (ConfUtils.java:logGet(43)) - raft.server.leader.election.timeout = 120s (custom)
2019-08-31 22:27:32,413 [pool-129-thread-1] INFO  server.RaftServerConfigKeys (ConfUtils.java:logGet(43)) - raft.server.log.appender.buffer.byte-limit = 33554432 (custom)
2019-08-31 22:27:32,412 [pool-119-thread-1] INFO  server.RaftServerConfigKeys (ConfUtils.java:logGet(43)) - raft.server.log.use.memory = false (default)
2019-08-31 22:27:32,413 [pool-129-thread-1] INFO  server.RaftServerConfigKeys (ConfUtils.java:logGet(43)) - raft.server.log.segment.size.max = 1048576 (custom)
2019-08-31 22:27:32,413 [pool-149-thread-1] INFO  server.RaftServerConfigKeys (ConfUtils.java:logGet(43)) - raft.server.log.use.memory = false (default)
2019-08-31 22:27:32,413 [pool-129-thread-1] INFO  server.RaftServerConfigKeys (ConfUtils.java:logGet(43)) - raft.server.log.segment.cache.num.max = 2 (custom)
2019-08-31 22:27:32,413 [pool-119-thread-1] INFO  server.RaftServerConfigKeys (ConfUtils.java:logGet(43)) - raft.server.log.purge.gap = 1000000 (custom)
2019-08-31 22:27:32,414 [pool-129-thread-1] INFO  segmented.SegmentedRaftLogWorker (SegmentedRaftLogWorker.java:<init>(172)) - new 094b17da-7f12-43e6-b453-785c127a2e77-SegmentedRaftLogWorker:Storage Directory /workdir/hadoop-ozone/integration-test/target/test-dir/MiniOzoneClusterImpl-aaa18aea-9a54-4266-ac8a-f3420196151d/datanode-1/data/ratis/82ef3a5b-cbcb-4051-a853-91658440a578 for RaftStorage:Storage Directory /workdir/hadoop-ozone/integration-test/target/test-dir/MiniOzoneClusterImpl-aaa18aea-9a54-4266-ac8a-f3420196151d/datanode-1/data/ratis/82ef3a5b-cbcb-4051-a853-91658440a578
2019-08-31 22:27:32,413 [pool-149-thread-1] INFO  server.RaftServerConfigKeys (ConfUtils.java:logGet(43)) - raft.server.log.purge.gap = 1000000 (custom)
2019-08-31 22:27:32,414 [pool-129-thread-1] INFO  server.RaftServerConfigKeys (ConfUtils.java:logGet(43)) - raft.server.log.queue.byte-limit = 2147483647 (custom)
2019-08-31 22:27:32,414 [pool-119-thread-1] INFO  server.RaftServerConfigKeys (ConfUtils.java:logGet(43)) - raft.server.log.appender.buffer.byte-limit = 33554432 (custom)
2019-08-31 22:27:32,414 [pool-129-thread-1] INFO  server.RaftServerConfigKeys (ConfUtils.java:logGet(43)) - raft.server.log.queue.element-limit = 1024 (custom)
2019-08-31 22:27:32,414 [pool-149-thread-1] INFO  server.RaftServerConfigKeys (ConfUtils.java:logGet(43)) - raft.server.log.appender.buffer.byte-limit = 33554432 (custom)
2019-08-31 22:27:32,415 [pool-129-thread-1] INFO  server.RaftServerConfigKeys (ConfUtils.java:logGet(43)) - raft.server.log.segment.size.max = 1048576 (custom)
2019-08-31 22:27:32,414 [pool-119-thread-1] INFO  server.RaftServerConfigKeys (ConfUtils.java:logGet(43)) - raft.server.log.segment.size.max = 1048576 (custom)
2019-08-31 22:27:32,415 [pool-129-thread-1] INFO  server.RaftServerConfigKeys (ConfUtils.java:logGet(43)) - raft.server.log.preallocated.size = 16384 (custom)
2019-08-31 22:27:32,415 [pool-149-thread-1] INFO  server.RaftServerConfigKeys (ConfUtils.java:logGet(43)) - raft.server.log.segment.size.max = 1048576 (custom)
2019-08-31 22:27:32,415 [pool-129-thread-1] INFO  server.RaftServerConfigKeys (ConfUtils.java:logGet(43)) - raft.server.log.write.buffer.size = 33554432 (custom)
2019-08-31 22:27:32,415 [pool-119-thread-1] INFO  server.RaftServerConfigKeys (ConfUtils.java:logGet(43)) - raft.server.log.segment.cache.num.max = 2 (custom)
2019-08-31 22:27:32,416 [pool-129-thread-1] INFO  server.RaftServerConfigKeys (ConfUtils.java:logGet(43)) - raft.server.log.force.sync.num = 128 (default)
2019-08-31 22:27:32,416 [pool-129-thread-1] INFO  server.RaftServerConfigKeys (ConfUtils.java:logGet(43)) - raft.server.log.statemachine.data.sync = true (default)
2019-08-31 22:27:32,415 [pool-149-thread-1] INFO  server.RaftServerConfigKeys (ConfUtils.java:logGet(43)) - raft.server.log.segment.cache.num.max = 2 (custom)
2019-08-31 22:27:32,416 [pool-129-thread-1] INFO  server.RaftServerConfigKeys (ConfUtils.java:logGet(43)) - raft.server.log.statemachine.data.sync.timeout = 10s (default)
2019-08-31 22:27:32,416 [pool-129-thread-1] INFO  server.RaftServerConfigKeys (ConfUtils.java:logGet(43)) - raft.server.log.statemachine.data.sync.timeout.retry = -1 (default)
2019-08-31 22:27:32,416 [pool-119-thread-1] INFO  segmented.SegmentedRaftLogWorker (SegmentedRaftLogWorker.java:<init>(172)) - new be9ed4ca-dce9-4f3d-9c6d-abd66b1838f6-SegmentedRaftLogWorker:Storage Directory /workdir/hadoop-ozone/integration-test/target/test-dir/MiniOzoneClusterImpl-aaa18aea-9a54-4266-ac8a-f3420196151d/datanode-0/data/ratis/82ef3a5b-cbcb-4051-a853-91658440a578 for RaftStorage:Storage Directory /workdir/hadoop-ozone/integration-test/target/test-dir/MiniOzoneClusterImpl-aaa18aea-9a54-4266-ac8a-f3420196151d/datanode-0/data/ratis/82ef3a5b-cbcb-4051-a853-91658440a578
2019-08-31 22:27:32,417 [pool-129-thread-1] INFO  server.RaftServerConfigKeys (ConfUtils.java:logGet(43)) - raft.server.log.statemachine.data.caching.enabled = true (custom)
2019-08-31 22:27:32,416 [pool-149-thread-1] INFO  segmented.SegmentedRaftLogWorker (SegmentedRaftLogWorker.java:<init>(172)) - new 4f048490-ee80-4dd1-86ce-d63d571007b5-SegmentedRaftLogWorker:Storage Directory /workdir/hadoop-ozone/integration-test/target/test-dir/MiniOzoneClusterImpl-aaa18aea-9a54-4266-ac8a-f3420196151d/datanode-3/data/ratis/82ef3a5b-cbcb-4051-a853-91658440a578 for RaftStorage:Storage Directory /workdir/hadoop-ozone/integration-test/target/test-dir/MiniOzoneClusterImpl-aaa18aea-9a54-4266-ac8a-f3420196151d/datanode-3/data/ratis/82ef3a5b-cbcb-4051-a853-91658440a578
2019-08-31 22:27:32,417 [pool-119-thread-1] INFO  server.RaftServerConfigKeys (ConfUtils.java:logGet(43)) - raft.server.log.queue.byte-limit = 2147483647 (custom)
2019-08-31 22:27:32,417 [pool-149-thread-1] INFO  server.RaftServerConfigKeys (ConfUtils.java:logGet(43)) - raft.server.log.queue.byte-limit = 2147483647 (custom)
2019-08-31 22:27:32,417 [pool-129-thread-1] INFO  segmented.SegmentedRaftLogWorker (SegmentedRaftLogWorker.java:lambda$new$0(132)) - 094b17da-7f12-43e6-b453-785c127a2e77-SegmentedRaftLogWorker:Storage Directory /workdir/hadoop-ozone/integration-test/target/test-dir/MiniOzoneClusterImpl-aaa18aea-9a54-4266-ac8a-f3420196151d/datanode-1/data/ratis/82ef3a5b-cbcb-4051-a853-91658440a578: flushIndex: setUnconditionally 0 -> -1
2019-08-31 22:27:32,418 [pool-149-thread-1] INFO  server.RaftServerConfigKeys (ConfUtils.java:logGet(43)) - raft.server.log.queue.element-limit = 1024 (custom)
2019-08-31 22:27:32,417 [pool-119-thread-1] INFO  server.RaftServerConfigKeys (ConfUtils.java:logGet(43)) - raft.server.log.queue.element-limit = 1024 (custom)
2019-08-31 22:27:32,418 [pool-149-thread-1] INFO  server.RaftServerConfigKeys (ConfUtils.java:logGet(43)) - raft.server.log.segment.size.max = 1048576 (custom)
2019-08-31 22:27:32,418 [pool-129-thread-1] INFO  server.RaftServerConfigKeys (ConfUtils.java:logGet(43)) - raft.server.snapshot.auto.trigger.enabled = true (custom)
2019-08-31 22:27:32,418 [pool-149-thread-1] INFO  server.RaftServerConfigKeys (ConfUtils.java:logGet(43)) - raft.server.log.preallocated.size = 16384 (custom)
2019-08-31 22:27:32,418 [pool-119-thread-1] INFO  server.RaftServerConfigKeys (ConfUtils.java:logGet(43)) - raft.server.log.segment.size.max = 1048576 (custom)
2019-08-31 22:27:32,419 [pool-149-thread-1] INFO  server.RaftServerConfigKeys (ConfUtils.java:logGet(43)) - raft.server.log.write.buffer.size = 33554432 (custom)
2019-08-31 22:27:32,418 [pool-129-thread-1] INFO  server.RaftServerConfigKeys (ConfUtils.java:logGet(43)) - raft.server.snapshot.auto.trigger.threshold = 10000 (custom)
2019-08-31 22:27:32,419 [pool-149-thread-1] INFO  server.RaftServerConfigKeys (ConfUtils.java:logGet(43)) - raft.server.log.force.sync.num = 128 (default)
2019-08-31 22:27:32,419 [pool-119-thread-1] INFO  server.RaftServerConfigKeys (ConfUtils.java:logGet(43)) - raft.server.log.preallocated.size = 16384 (custom)
2019-08-31 22:27:32,419 [pool-149-thread-1] INFO  server.RaftServerConfigKeys (ConfUtils.java:logGet(43)) - raft.server.log.statemachine.data.sync = true (default)
2019-08-31 22:27:32,419 [pool-129-thread-1] INFO  server.RaftServerConfigKeys (ConfUtils.java:logGet(43)) - raft.server.retrycache.expirytime = 600000ms (custom)
2019-08-31 22:27:32,420 [pool-149-thread-1] INFO  server.RaftServerConfigKeys (ConfUtils.java:logGet(43)) - raft.server.log.statemachine.data.sync.timeout = 10s (default)
2019-08-31 22:27:32,419 [pool-119-thread-1] INFO  server.RaftServerConfigKeys (ConfUtils.java:logGet(43)) - raft.server.log.write.buffer.size = 33554432 (custom)
2019-08-31 22:27:32,420 [pool-149-thread-1] INFO  server.RaftServerConfigKeys (ConfUtils.java:logGet(43)) - raft.server.log.statemachine.data.sync.timeout.retry = -1 (default)
2019-08-31 22:27:32,420 [pool-129-thread-1] INFO  impl.RaftServerImpl (RaftServerImpl.java:start(180)) - 094b17da-7f12-43e6-b453-785c127a2e77: start group-91658440A578
2019-08-31 22:27:32,420 [pool-149-thread-1] INFO  server.RaftServerConfigKeys (ConfUtils.java:logGet(43)) - raft.server.log.statemachine.data.caching.enabled = true (custom)
2019-08-31 22:27:32,420 [pool-119-thread-1] INFO  server.RaftServerConfigKeys (ConfUtils.java:logGet(43)) - raft.server.log.force.sync.num = 128 (default)
2019-08-31 22:27:32,420 [pool-129-thread-1] INFO  impl.RaftServerImpl (RaftServerImpl.java:setRole(171)) - 094b17da-7f12-43e6-b453-785c127a2e77:group-91658440A578 changes role from null to FOLLOWER at term 0 for startAsFollower
2019-08-31 22:27:32,421 [pool-149-thread-1] INFO  segmented.SegmentedRaftLogWorker (SegmentedRaftLogWorker.java:lambda$new$0(132)) - 4f048490-ee80-4dd1-86ce-d63d571007b5-SegmentedRaftLogWorker:Storage Directory /workdir/hadoop-ozone/integration-test/target/test-dir/MiniOzoneClusterImpl-aaa18aea-9a54-4266-ac8a-f3420196151d/datanode-3/data/ratis/82ef3a5b-cbcb-4051-a853-91658440a578: flushIndex: setUnconditionally 0 -> -1
2019-08-31 22:27:32,421 [pool-119-thread-1] INFO  server.RaftServerConfigKeys (ConfUtils.java:logGet(43)) - raft.server.log.statemachine.data.sync = true (default)
2019-08-31 22:27:32,421 [pool-129-thread-1] INFO  impl.RoleInfo (RoleInfo.java:updateAndGet(143)) - 094b17da-7f12-43e6-b453-785c127a2e77: start FollowerState
2019-08-31 22:27:32,421 [pool-149-thread-1] INFO  server.RaftServerConfigKeys (ConfUtils.java:logGet(43)) - raft.server.snapshot.auto.trigger.enabled = true (custom)
2019-08-31 22:27:32,421 [pool-119-thread-1] INFO  server.RaftServerConfigKeys (ConfUtils.java:logGet(43)) - raft.server.log.statemachine.data.sync.timeout = 10s (default)
2019-08-31 22:27:32,422 [pool-149-thread-1] INFO  server.RaftServerConfigKeys (ConfUtils.java:logGet(43)) - raft.server.snapshot.auto.trigger.threshold = 10000 (custom)
2019-08-31 22:27:32,422 [pool-129-thread-1] INFO  util.JmxRegister (JmxRegister.java:tryRegister(44)) - Successfully registered JMX Bean with object name Ratis:service=RaftServer,group=group-91658440A578,id=094b17da-7f12-43e6-b453-785c127a2e77
2019-08-31 22:27:32,422 [pool-119-thread-1] INFO  server.RaftServerConfigKeys (ConfUtils.java:logGet(43)) - raft.server.log.statemachine.data.sync.timeout.retry = -1 (default)
2019-08-31 22:27:32,422 [pool-149-thread-1] INFO  server.RaftServerConfigKeys (ConfUtils.java:logGet(43)) - raft.server.retrycache.expirytime = 600000ms (custom)
2019-08-31 22:27:32,422 [pool-119-thread-1] INFO  server.RaftServerConfigKeys (ConfUtils.java:logGet(43)) - raft.server.log.statemachine.data.caching.enabled = true (custom)
2019-08-31 22:27:32,423 [pool-149-thread-1] INFO  impl.RaftServerImpl (RaftServerImpl.java:start(180)) - 4f048490-ee80-4dd1-86ce-d63d571007b5: start group-91658440A578
2019-08-31 22:27:32,423 [pool-149-thread-1] INFO  impl.RaftServerImpl (RaftServerImpl.java:setRole(171)) - 4f048490-ee80-4dd1-86ce-d63d571007b5:group-91658440A578 changes role from null to FOLLOWER at term 0 for startAsFollower
2019-08-31 22:27:32,423 [pool-119-thread-1] INFO  segmented.SegmentedRaftLogWorker (SegmentedRaftLogWorker.java:lambda$new$0(132)) - be9ed4ca-dce9-4f3d-9c6d-abd66b1838f6-SegmentedRaftLogWorker:Storage Directory /workdir/hadoop-ozone/integration-test/target/test-dir/MiniOzoneClusterImpl-aaa18aea-9a54-4266-ac8a-f3420196151d/datanode-0/data/ratis/82ef3a5b-cbcb-4051-a853-91658440a578: flushIndex: setUnconditionally 0 -> -1
2019-08-31 22:27:32,423 [pool-149-thread-1] INFO  impl.RoleInfo (RoleInfo.java:updateAndGet(143)) - 4f048490-ee80-4dd1-86ce-d63d571007b5: start FollowerState
2019-08-31 22:27:32,423 [pool-119-thread-1] INFO  server.RaftServerConfigKeys (ConfUtils.java:logGet(43)) - raft.server.snapshot.auto.trigger.enabled = true (custom)
2019-08-31 22:27:32,424 [pool-119-thread-1] INFO  server.RaftServerConfigKeys (ConfUtils.java:logGet(43)) - raft.server.snapshot.auto.trigger.threshold = 10000 (custom)
2019-08-31 22:27:32,424 [pool-149-thread-1] INFO  util.JmxRegister (JmxRegister.java:tryRegister(44)) - Successfully registered JMX Bean with object name Ratis:service=RaftServer,group=group-91658440A578,id=4f048490-ee80-4dd1-86ce-d63d571007b5
2019-08-31 22:27:32,424 [pool-119-thread-1] INFO  server.RaftServerConfigKeys (ConfUtils.java:logGet(43)) - raft.server.retrycache.expirytime = 600000ms (custom)
2019-08-31 22:27:32,424 [pool-119-thread-1] INFO  impl.RaftServerImpl (RaftServerImpl.java:start(180)) - be9ed4ca-dce9-4f3d-9c6d-abd66b1838f6: start group-91658440A578
2019-08-31 22:27:32,424 [pool-119-thread-1] INFO  impl.RaftServerImpl (RaftServerImpl.java:setRole(171)) - be9ed4ca-dce9-4f3d-9c6d-abd66b1838f6:group-91658440A578 changes role from null to FOLLOWER at term 0 for startAsFollower
2019-08-31 22:27:32,424 [pool-119-thread-1] INFO  impl.RoleInfo (RoleInfo.java:updateAndGet(143)) - be9ed4ca-dce9-4f3d-9c6d-abd66b1838f6: start FollowerState
2019-08-31 22:27:32,425 [pool-119-thread-1] INFO  util.JmxRegister (JmxRegister.java:tryRegister(44)) - Successfully registered JMX Bean with object name Ratis:service=RaftServer,group=group-91658440A578,id=be9ed4ca-dce9-4f3d-9c6d-abd66b1838f6
2019-08-31 22:27:32,428 [RatisPipelineUtilsThread] INFO  pipeline.PipelineStateManager (PipelineStateManager.java:addPipeline(56)) - Created pipeline Pipeline[ Id: 82ef3a5b-cbcb-4051-a853-91658440a578, Nodes: 4f048490-ee80-4dd1-86ce-d63d571007b5{ip: 192.168.34.42, host: pr-hdds-2060-5kx6h-1518693133, networkLocation: /default-rack, certSerialId: null}be9ed4ca-dce9-4f3d-9c6d-abd66b1838f6{ip: 192.168.34.42, host: pr-hdds-2060-5kx6h-1518693133, networkLocation: /default-rack, certSerialId: null}094b17da-7f12-43e6-b453-785c127a2e77{ip: 192.168.34.42, host: pr-hdds-2060-5kx6h-1518693133, networkLocation: /default-rack, certSerialId: null}, Type:RATIS, Factor:THREE, State:OPEN]
2019-08-31 22:27:32,443 [grpc-default-executor-0] INFO  impl.RaftServerProxy (RaftServerProxy.java:addNew(89)) - 78f9d08d-f53f-40cf-9f90-7f7c9603a942: addNew group-3F692F425D9C:[78f9d08d-f53f-40cf-9f90-7f7c9603a942:192.168.34.42:36857, 4a257c07-4fcc-43d2-8a6e-26fe808bf4d2:192.168.34.42:42364, 131506aa-e8d4-495f-9e31-6caa17857e33:192.168.34.42:40715] returns group-3F692F425D9C:java.util.concurrent.CompletableFuture@776e9a69[Not completed]
2019-08-31 22:27:32,444 [grpc-default-executor-3] INFO  impl.RaftServerProxy (RaftServerProxy.java:addNew(89)) - 131506aa-e8d4-495f-9e31-6caa17857e33: addNew group-3F692F425D9C:[78f9d08d-f53f-40cf-9f90-7f7c9603a942:192.168.34.42:36857, 4a257c07-4fcc-43d2-8a6e-26fe808bf4d2:192.168.34.42:42364, 131506aa-e8d4-495f-9e31-6caa17857e33:192.168.34.42:40715] returns group-3F692F425D9C:java.util.concurrent.CompletableFuture@76c6c14e[Not completed]
2019-08-31 22:27:32,447 [grpc-default-executor-0] INFO  impl.RaftServerProxy (RaftServerProxy.java:addNew(89)) - 4a257c07-4fcc-43d2-8a6e-26fe808bf4d2: addNew group-3F692F425D9C:[78f9d08d-f53f-40cf-9f90-7f7c9603a942:192.168.34.42:36857, 4a257c07-4fcc-43d2-8a6e-26fe808bf4d2:192.168.34.42:42364, 131506aa-e8d4-495f-9e31-6caa17857e33:192.168.34.42:40715] returns group-3F692F425D9C:java.util.concurrent.CompletableFuture@4ba26f9[Not completed]
2019-08-31 22:27:32,448 [pool-139-thread-1] INFO  impl.RaftServerImpl (RaftServerImpl.java:<init>(93)) - 78f9d08d-f53f-40cf-9f90-7f7c9603a942: new RaftServerImpl for group-3F692F425D9C:[78f9d08d-f53f-40cf-9f90-7f7c9603a942:192.168.34.42:36857, 4a257c07-4fcc-43d2-8a6e-26fe808bf4d2:192.168.34.42:42364, 131506aa-e8d4-495f-9e31-6caa17857e33:192.168.34.42:40715] with ContainerStateMachine:uninitialized
2019-08-31 22:27:32,449 [pool-139-thread-1] INFO  server.RaftServerConfigKeys (ConfUtils.java:logGet(43)) - raft.server.rpc.timeout.min = 5s (custom)
2019-08-31 22:27:32,449 [pool-139-thread-1] INFO  server.RaftServerConfigKeys (ConfUtils.java:logGet(43)) - raft.server.rpc.timeout.max = 5200ms (custom)
2019-08-31 22:27:32,449 [pool-139-thread-1] INFO  server.RaftServerConfigKeys (ConfUtils.java:logGet(43)) - raft.server.rpcslowness.timeout = 120s (custom)
2019-08-31 22:27:32,449 [pool-139-thread-1] INFO  server.RaftServerConfigKeys (ConfUtils.java:logGet(43)) - raft.server.sleep.deviation.threshold = 300 (default)
2019-08-31 22:27:32,449 [pool-139-thread-1] INFO  server.RaftServerConfigKeys (ConfUtils.java:logGet(43)) - raft.server.log.appender.install.snapshot.enabled = false (custom)
2019-08-31 22:27:32,454 [pool-179-thread-1] INFO  impl.RaftServerImpl (RaftServerImpl.java:<init>(93)) - 4a257c07-4fcc-43d2-8a6e-26fe808bf4d2: new RaftServerImpl for group-3F692F425D9C:[78f9d08d-f53f-40cf-9f90-7f7c9603a942:192.168.34.42:36857, 4a257c07-4fcc-43d2-8a6e-26fe808bf4d2:192.168.34.42:42364, 131506aa-e8d4-495f-9e31-6caa17857e33:192.168.34.42:40715] with ContainerStateMachine:uninitialized
2019-08-31 22:27:32,455 [pool-139-thread-1] INFO  impl.RaftServerImpl (ServerState.java:<init>(105)) - 78f9d08d-f53f-40cf-9f90-7f7c9603a942:group-3F692F425D9C ConfigurationManager, init=-1: [78f9d08d-f53f-40cf-9f90-7f7c9603a942:192.168.34.42:36857, 4a257c07-4fcc-43d2-8a6e-26fe808bf4d2:192.168.34.42:42364, 131506aa-e8d4-495f-9e31-6caa17857e33:192.168.34.42:40715], old=null, confs=<EMPTY_MAP>
2019-08-31 22:27:32,455 [pool-179-thread-1] INFO  server.RaftServerConfigKeys (ConfUtils.java:logGet(43)) - raft.server.rpc.timeout.min = 5s (custom)
2019-08-31 22:27:32,455 [pool-139-thread-1] INFO  server.RaftServerConfigKeys (ConfUtils.java:logGet(43)) - raft.server.storage.dir = [/workdir/hadoop-ozone/integration-test/target/test-dir/MiniOzoneClusterImpl-aaa18aea-9a54-4266-ac8a-f3420196151d/datanode-2/data/ratis] (custom)
2019-08-31 22:27:32,455 [pool-179-thread-1] INFO  server.RaftServerConfigKeys (ConfUtils.java:logGet(43)) - raft.server.rpc.timeout.max = 5200ms (custom)
2019-08-31 22:27:32,456 [pool-179-thread-1] INFO  server.RaftServerConfigKeys (ConfUtils.java:logGet(43)) - raft.server.rpcslowness.timeout = 120s (custom)
2019-08-31 22:27:32,456 [pool-139-thread-1] INFO  storage.RaftStorageDirectory (RaftStorageDirectory.java:analyzeStorage(246)) - The storage directory /workdir/hadoop-ozone/integration-test/target/test-dir/MiniOzoneClusterImpl-aaa18aea-9a54-4266-ac8a-f3420196151d/datanode-2/data/ratis/543c2b02-630f-46c9-b5f0-3f692f425d9c does not exist. Creating ...
2019-08-31 22:27:32,456 [pool-169-thread-1] INFO  impl.RaftServerImpl (RaftServerImpl.java:<init>(93)) - 131506aa-e8d4-495f-9e31-6caa17857e33: new RaftServerImpl for group-3F692F425D9C:[78f9d08d-f53f-40cf-9f90-7f7c9603a942:192.168.34.42:36857, 4a257c07-4fcc-43d2-8a6e-26fe808bf4d2:192.168.34.42:42364, 131506aa-e8d4-495f-9e31-6caa17857e33:192.168.34.42:40715] with ContainerStateMachine:uninitialized
2019-08-31 22:27:32,456 [pool-179-thread-1] INFO  server.RaftServerConfigKeys (ConfUtils.java:logGet(43)) - raft.server.sleep.deviation.threshold = 300 (default)
2019-08-31 22:27:32,456 [pool-169-thread-1] INFO  server.RaftServerConfigKeys (ConfUtils.java:logGet(43)) - raft.server.rpc.timeout.min = 5s (custom)
2019-08-31 22:27:32,456 [pool-179-thread-1] INFO  server.RaftServerConfigKeys (ConfUtils.java:logGet(43)) - raft.server.log.appender.install.snapshot.enabled = false (custom)
2019-08-31 22:27:32,456 [pool-169-thread-1] INFO  server.RaftServerConfigKeys (ConfUtils.java:logGet(43)) - raft.server.rpc.timeout.max = 5200ms (custom)
2019-08-31 22:27:32,457 [pool-179-thread-1] INFO  impl.RaftServerImpl (ServerState.java:<init>(105)) - 4a257c07-4fcc-43d2-8a6e-26fe808bf4d2:group-3F692F425D9C ConfigurationManager, init=-1: [78f9d08d-f53f-40cf-9f90-7f7c9603a942:192.168.34.42:36857, 4a257c07-4fcc-43d2-8a6e-26fe808bf4d2:192.168.34.42:42364, 131506aa-e8d4-495f-9e31-6caa17857e33:192.168.34.42:40715], old=null, confs=<EMPTY_MAP>
2019-08-31 22:27:32,457 [pool-169-thread-1] INFO  server.RaftServerConfigKeys (ConfUtils.java:logGet(43)) - raft.server.rpcslowness.timeout = 120s (custom)
2019-08-31 22:27:32,457 [pool-179-thread-1] INFO  server.RaftServerConfigKeys (ConfUtils.java:logGet(43)) - raft.server.storage.dir = [/workdir/hadoop-ozone/integration-test/target/test-dir/MiniOzoneClusterImpl-aaa18aea-9a54-4266-ac8a-f3420196151d/datanode-6/data/ratis] (custom)
2019-08-31 22:27:32,457 [pool-169-thread-1] INFO  server.RaftServerConfigKeys (ConfUtils.java:logGet(43)) - raft.server.sleep.deviation.threshold = 300 (default)
2019-08-31 22:27:32,457 [pool-169-thread-1] INFO  server.RaftServerConfigKeys (ConfUtils.java:logGet(43)) - raft.server.log.appender.install.snapshot.enabled = false (custom)
2019-08-31 22:27:32,458 [pool-169-thread-1] INFO  impl.RaftServerImpl (ServerState.java:<init>(105)) - 131506aa-e8d4-495f-9e31-6caa17857e33:group-3F692F425D9C ConfigurationManager, init=-1: [78f9d08d-f53f-40cf-9f90-7f7c9603a942:192.168.34.42:36857, 4a257c07-4fcc-43d2-8a6e-26fe808bf4d2:192.168.34.42:42364, 131506aa-e8d4-495f-9e31-6caa17857e33:192.168.34.42:40715], old=null, confs=<EMPTY_MAP>
2019-08-31 22:27:32,458 [pool-179-thread-1] INFO  storage.RaftStorageDirectory (RaftStorageDirectory.java:analyzeStorage(246)) - The storage directory /workdir/hadoop-ozone/integration-test/target/test-dir/MiniOzoneClusterImpl-aaa18aea-9a54-4266-ac8a-f3420196151d/datanode-6/data/ratis/543c2b02-630f-46c9-b5f0-3f692f425d9c does not exist. Creating ...
2019-08-31 22:27:32,458 [pool-169-thread-1] INFO  server.RaftServerConfigKeys (ConfUtils.java:logGet(43)) - raft.server.storage.dir = [/workdir/hadoop-ozone/integration-test/target/test-dir/MiniOzoneClusterImpl-aaa18aea-9a54-4266-ac8a-f3420196151d/datanode-5/data/ratis] (custom)
2019-08-31 22:27:32,458 [pool-169-thread-1] INFO  storage.RaftStorageDirectory (RaftStorageDirectory.java:analyzeStorage(246)) - The storage directory /workdir/hadoop-ozone/integration-test/target/test-dir/MiniOzoneClusterImpl-aaa18aea-9a54-4266-ac8a-f3420196151d/datanode-5/data/ratis/543c2b02-630f-46c9-b5f0-3f692f425d9c does not exist. Creating ...
2019-08-31 22:27:32,469 [pool-179-thread-1] INFO  storage.RaftStorageDirectory (RaftStorageDirectory.java:tryLock(328)) - Lock on /workdir/hadoop-ozone/integration-test/target/test-dir/MiniOzoneClusterImpl-aaa18aea-9a54-4266-ac8a-f3420196151d/datanode-6/data/ratis/543c2b02-630f-46c9-b5f0-3f692f425d9c/in_use.lock acquired by nodename 17210@pr-hdds-2060-5kx6h-1518693133
2019-08-31 22:27:32,469 [pool-169-thread-1] INFO  storage.RaftStorageDirectory (RaftStorageDirectory.java:tryLock(328)) - Lock on /workdir/hadoop-ozone/integration-test/target/test-dir/MiniOzoneClusterImpl-aaa18aea-9a54-4266-ac8a-f3420196151d/datanode-5/data/ratis/543c2b02-630f-46c9-b5f0-3f692f425d9c/in_use.lock acquired by nodename 17210@pr-hdds-2060-5kx6h-1518693133
2019-08-31 22:27:32,469 [pool-139-thread-1] INFO  storage.RaftStorageDirectory (RaftStorageDirectory.java:tryLock(328)) - Lock on /workdir/hadoop-ozone/integration-test/target/test-dir/MiniOzoneClusterImpl-aaa18aea-9a54-4266-ac8a-f3420196151d/datanode-2/data/ratis/543c2b02-630f-46c9-b5f0-3f692f425d9c/in_use.lock acquired by nodename 17210@pr-hdds-2060-5kx6h-1518693133
2019-08-31 22:27:32,483 [pool-179-thread-1] INFO  storage.RaftStorage (RaftStorage.java:format(72)) - Storage directory /workdir/hadoop-ozone/integration-test/target/test-dir/MiniOzoneClusterImpl-aaa18aea-9a54-4266-ac8a-f3420196151d/datanode-6/data/ratis/543c2b02-630f-46c9-b5f0-3f692f425d9c has been successfully formatted.
2019-08-31 22:27:32,483 [pool-139-thread-1] INFO  storage.RaftStorage (RaftStorage.java:format(72)) - Storage directory /workdir/hadoop-ozone/integration-test/target/test-dir/MiniOzoneClusterImpl-aaa18aea-9a54-4266-ac8a-f3420196151d/datanode-2/data/ratis/543c2b02-630f-46c9-b5f0-3f692f425d9c has been successfully formatted.
2019-08-31 22:27:32,483 [pool-169-thread-1] INFO  storage.RaftStorage (RaftStorage.java:format(72)) - Storage directory /workdir/hadoop-ozone/integration-test/target/test-dir/MiniOzoneClusterImpl-aaa18aea-9a54-4266-ac8a-f3420196151d/datanode-5/data/ratis/543c2b02-630f-46c9-b5f0-3f692f425d9c has been successfully formatted.
2019-08-31 22:27:32,483 [pool-179-thread-1] INFO  ratis.ContainerStateMachine (ContainerStateMachine.java:loadSnapshot(227)) - group-3F692F425D9C: The snapshot info is null. Setting the last applied indexto:(t:0, i:~)
2019-08-31 22:27:32,484 [pool-139-thread-1] INFO  ratis.ContainerStateMachine (ContainerStateMachine.java:loadSnapshot(227)) - group-3F692F425D9C: The snapshot info is null. Setting the last applied indexto:(t:0, i:~)
2019-08-31 22:27:32,484 [pool-179-thread-1] INFO  server.RaftServerConfigKeys (ConfUtils.java:logGet(43)) - raft.server.leader.election.timeout = 120s (custom)
2019-08-31 22:27:32,484 [pool-169-thread-1] INFO  ratis.ContainerStateMachine (ContainerStateMachine.java:loadSnapshot(227)) - group-3F692F425D9C: The snapshot info is null. Setting the last applied indexto:(t:0, i:~)
2019-08-31 22:27:32,484 [pool-179-thread-1] INFO  server.RaftServerConfigKeys (ConfUtils.java:logGet(43)) - raft.server.log.use.memory = false (default)
2019-08-31 22:27:32,484 [pool-139-thread-1] INFO  server.RaftServerConfigKeys (ConfUtils.java:logGet(43)) - raft.server.leader.election.timeout = 120s (custom)
2019-08-31 22:27:32,485 [pool-179-thread-1] INFO  server.RaftServerConfigKeys (ConfUtils.java:logGet(43)) - raft.server.log.purge.gap = 1000000 (custom)
2019-08-31 22:27:32,485 [pool-169-thread-1] INFO  server.RaftServerConfigKeys (ConfUtils.java:logGet(43)) - raft.server.leader.election.timeout = 120s (custom)
2019-08-31 22:27:32,485 [pool-179-thread-1] INFO  server.RaftServerConfigKeys (ConfUtils.java:logGet(43)) - raft.server.log.appender.buffer.byte-limit = 33554432 (custom)
2019-08-31 22:27:32,485 [pool-139-thread-1] INFO  server.RaftServerConfigKeys (ConfUtils.java:logGet(43)) - raft.server.log.use.memory = false (default)
2019-08-31 22:27:32,485 [pool-179-thread-1] INFO  server.RaftServerConfigKeys (ConfUtils.java:logGet(43)) - raft.server.log.segment.size.max = 1048576 (custom)
2019-08-31 22:27:32,485 [pool-169-thread-1] INFO  server.RaftServerConfigKeys (ConfUtils.java:logGet(43)) - raft.server.log.use.memory = false (default)
2019-08-31 22:27:32,486 [pool-179-thread-1] INFO  server.RaftServerConfigKeys (ConfUtils.java:logGet(43)) - raft.server.log.segment.cache.num.max = 2 (custom)
2019-08-31 22:27:32,486 [pool-139-thread-1] INFO  server.RaftServerConfigKeys (ConfUtils.java:logGet(43)) - raft.server.log.purge.gap = 1000000 (custom)
2019-08-31 22:27:32,486 [pool-179-thread-1] INFO  segmented.SegmentedRaftLogWorker (SegmentedRaftLogWorker.java:<init>(172)) - new 4a257c07-4fcc-43d2-8a6e-26fe808bf4d2-SegmentedRaftLogWorker:Storage Directory /workdir/hadoop-ozone/integration-test/target/test-dir/MiniOzoneClusterImpl-aaa18aea-9a54-4266-ac8a-f3420196151d/datanode-6/data/ratis/543c2b02-630f-46c9-b5f0-3f692f425d9c for RaftStorage:Storage Directory /workdir/hadoop-ozone/integration-test/target/test-dir/MiniOzoneClusterImpl-aaa18aea-9a54-4266-ac8a-f3420196151d/datanode-6/data/ratis/543c2b02-630f-46c9-b5f0-3f692f425d9c
2019-08-31 22:27:32,486 [pool-169-thread-1] INFO  server.RaftServerConfigKeys (ConfUtils.java:logGet(43)) - raft.server.log.purge.gap = 1000000 (custom)
2019-08-31 22:27:32,487 [pool-179-thread-1] INFO  server.RaftServerConfigKeys (ConfUtils.java:logGet(43)) - raft.server.log.queue.byte-limit = 2147483647 (custom)
2019-08-31 22:27:32,486 [pool-139-thread-1] INFO  server.RaftServerConfigKeys (ConfUtils.java:logGet(43)) - raft.server.log.appender.buffer.byte-limit = 33554432 (custom)
2019-08-31 22:27:32,487 [pool-179-thread-1] INFO  server.RaftServerConfigKeys (ConfUtils.java:logGet(43)) - raft.server.log.queue.element-limit = 1024 (custom)
2019-08-31 22:27:32,487 [pool-169-thread-1] INFO  server.RaftServerConfigKeys (ConfUtils.java:logGet(43)) - raft.server.log.appender.buffer.byte-limit = 33554432 (custom)
2019-08-31 22:27:32,487 [pool-179-thread-1] INFO  server.RaftServerConfigKeys (ConfUtils.java:logGet(43)) - raft.server.log.segment.size.max = 1048576 (custom)
2019-08-31 22:27:32,487 [pool-139-thread-1] INFO  server.RaftServerConfigKeys (ConfUtils.java:logGet(43)) - raft.server.log.segment.size.max = 1048576 (custom)
2019-08-31 22:27:32,488 [pool-179-thread-1] INFO  server.RaftServerConfigKeys (ConfUtils.java:logGet(43)) - raft.server.log.preallocated.size = 16384 (custom)
2019-08-31 22:27:32,488 [pool-169-thread-1] INFO  server.RaftServerConfigKeys (ConfUtils.java:logGet(43)) - raft.server.log.segment.size.max = 1048576 (custom)
2019-08-31 22:27:32,488 [pool-179-thread-1] INFO  server.RaftServerConfigKeys (ConfUtils.java:logGet(43)) - raft.server.log.write.buffer.size = 33554432 (custom)
2019-08-31 22:27:32,488 [pool-139-thread-1] INFO  server.RaftServerConfigKeys (ConfUtils.java:logGet(43)) - raft.server.log.segment.cache.num.max = 2 (custom)
2019-08-31 22:27:32,488 [pool-179-thread-1] INFO  server.RaftServerConfigKeys (ConfUtils.java:logGet(43)) - raft.server.log.force.sync.num = 128 (default)
2019-08-31 22:27:32,488 [pool-169-thread-1] INFO  server.RaftServerConfigKeys (ConfUtils.java:logGet(43)) - raft.server.log.segment.cache.num.max = 2 (custom)
2019-08-31 22:27:32,489 [pool-179-thread-1] INFO  server.RaftServerConfigKeys (ConfUtils.java:logGet(43)) - raft.server.log.statemachine.data.sync = true (default)
2019-08-31 22:27:32,489 [pool-139-thread-1] INFO  segmented.SegmentedRaftLogWorker (SegmentedRaftLogWorker.java:<init>(172)) - new 78f9d08d-f53f-40cf-9f90-7f7c9603a942-SegmentedRaftLogWorker:Storage Directory /workdir/hadoop-ozone/integration-test/target/test-dir/MiniOzoneClusterImpl-aaa18aea-9a54-4266-ac8a-f3420196151d/datanode-2/data/ratis/543c2b02-630f-46c9-b5f0-3f692f425d9c for RaftStorage:Storage Directory /workdir/hadoop-ozone/integration-test/target/test-dir/MiniOzoneClusterImpl-aaa18aea-9a54-4266-ac8a-f3420196151d/datanode-2/data/ratis/543c2b02-630f-46c9-b5f0-3f692f425d9c
2019-08-31 22:27:32,489 [pool-179-thread-1] INFO  server.RaftServerConfigKeys (ConfUtils.java:logGet(43)) - raft.server.log.statemachine.data.sync.timeout = 10s (default)
2019-08-31 22:27:32,489 [pool-169-thread-1] INFO  segmented.SegmentedRaftLogWorker (SegmentedRaftLogWorker.java:<init>(172)) - new 131506aa-e8d4-495f-9e31-6caa17857e33-SegmentedRaftLogWorker:Storage Directory /workdir/hadoop-ozone/integration-test/target/test-dir/MiniOzoneClusterImpl-aaa18aea-9a54-4266-ac8a-f3420196151d/datanode-5/data/ratis/543c2b02-630f-46c9-b5f0-3f692f425d9c for RaftStorage:Storage Directory /workdir/hadoop-ozone/integration-test/target/test-dir/MiniOzoneClusterImpl-aaa18aea-9a54-4266-ac8a-f3420196151d/datanode-5/data/ratis/543c2b02-630f-46c9-b5f0-3f692f425d9c
2019-08-31 22:27:32,490 [pool-179-thread-1] INFO  server.RaftServerConfigKeys (ConfUtils.java:logGet(43)) - raft.server.log.statemachine.data.sync.timeout.retry = -1 (default)
2019-08-31 22:27:32,489 [pool-139-thread-1] INFO  server.RaftServerConfigKeys (ConfUtils.java:logGet(43)) - raft.server.log.queue.byte-limit = 2147483647 (custom)
2019-08-31 22:27:32,490 [pool-169-thread-1] INFO  server.RaftServerConfigKeys (ConfUtils.java:logGet(43)) - raft.server.log.queue.byte-limit = 2147483647 (custom)
2019-08-31 22:27:32,490 [pool-179-thread-1] INFO  server.RaftServerConfigKeys (ConfUtils.java:logGet(43)) - raft.server.log.statemachine.data.caching.enabled = true (custom)
2019-08-31 22:27:32,490 [pool-139-thread-1] INFO  server.RaftServerConfigKeys (ConfUtils.java:logGet(43)) - raft.server.log.queue.element-limit = 1024 (custom)
2019-08-31 22:27:32,490 [pool-169-thread-1] INFO  server.RaftServerConfigKeys (ConfUtils.java:logGet(43)) - raft.server.log.queue.element-limit = 1024 (custom)
2019-08-31 22:27:32,491 [pool-139-thread-1] INFO  server.RaftServerConfigKeys (ConfUtils.java:logGet(43)) - raft.server.log.segment.size.max = 1048576 (custom)
2019-08-31 22:27:32,491 [pool-179-thread-1] INFO  segmented.SegmentedRaftLogWorker (SegmentedRaftLogWorker.java:lambda$new$0(132)) - 4a257c07-4fcc-43d2-8a6e-26fe808bf4d2-SegmentedRaftLogWorker:Storage Directory /workdir/hadoop-ozone/integration-test/target/test-dir/MiniOzoneClusterImpl-aaa18aea-9a54-4266-ac8a-f3420196151d/datanode-6/data/ratis/543c2b02-630f-46c9-b5f0-3f692f425d9c: flushIndex: setUnconditionally 0 -> -1
2019-08-31 22:27:32,491 [pool-139-thread-1] INFO  server.RaftServerConfigKeys (ConfUtils.java:logGet(43)) - raft.server.log.preallocated.size = 16384 (custom)
2019-08-31 22:27:32,491 [pool-169-thread-1] INFO  server.RaftServerConfigKeys (ConfUtils.java:logGet(43)) - raft.server.log.segment.size.max = 1048576 (custom)
2019-08-31 22:27:32,492 [pool-179-thread-1] INFO  server.RaftServerConfigKeys (ConfUtils.java:logGet(43)) - raft.server.snapshot.auto.trigger.enabled = true (custom)
2019-08-31 22:27:32,492 [pool-139-thread-1] INFO  server.RaftServerConfigKeys (ConfUtils.java:logGet(43)) - raft.server.log.write.buffer.size = 33554432 (custom)
2019-08-31 22:27:32,492 [pool-179-thread-1] INFO  server.RaftServerConfigKeys (ConfUtils.java:logGet(43)) - raft.server.snapshot.auto.trigger.threshold = 10000 (custom)
2019-08-31 22:27:32,492 [pool-169-thread-1] INFO  server.RaftServerConfigKeys (ConfUtils.java:logGet(43)) - raft.server.log.preallocated.size = 16384 (custom)
2019-08-31 22:27:32,492 [pool-179-thread-1] INFO  server.RaftServerConfigKeys (ConfUtils.java:logGet(43)) - raft.server.retrycache.expirytime = 600000ms (custom)
2019-08-31 22:27:32,492 [pool-139-thread-1] INFO  server.RaftServerConfigKeys (ConfUtils.java:logGet(43)) - raft.server.log.force.sync.num = 128 (default)
2019-08-31 22:27:32,493 [pool-179-thread-1] INFO  impl.RaftServerImpl (RaftServerImpl.java:start(180)) - 4a257c07-4fcc-43d2-8a6e-26fe808bf4d2: start group-3F692F425D9C
2019-08-31 22:27:32,492 [pool-169-thread-1] INFO  server.RaftServerConfigKeys (ConfUtils.java:logGet(43)) - raft.server.log.write.buffer.size = 33554432 (custom)
2019-08-31 22:27:32,493 [pool-179-thread-1] INFO  impl.RaftServerImpl (RaftServerImpl.java:setRole(171)) - 4a257c07-4fcc-43d2-8a6e-26fe808bf4d2:group-3F692F425D9C changes role from null to FOLLOWER at term 0 for startAsFollower
2019-08-31 22:27:32,493 [pool-139-thread-1] INFO  server.RaftServerConfigKeys (ConfUtils.java:logGet(43)) - raft.server.log.statemachine.data.sync = true (default)
2019-08-31 22:27:32,493 [pool-179-thread-1] INFO  impl.RoleInfo (RoleInfo.java:updateAndGet(143)) - 4a257c07-4fcc-43d2-8a6e-26fe808bf4d2: start FollowerState
2019-08-31 22:27:32,493 [pool-169-thread-1] INFO  server.RaftServerConfigKeys (ConfUtils.java:logGet(43)) - raft.server.log.force.sync.num = 128 (default)
2019-08-31 22:27:32,493 [pool-139-thread-1] INFO  server.RaftServerConfigKeys (ConfUtils.java:logGet(43)) - raft.server.log.statemachine.data.sync.timeout = 10s (default)
2019-08-31 22:27:32,494 [pool-179-thread-1] INFO  util.JmxRegister (JmxRegister.java:tryRegister(44)) - Successfully registered JMX Bean with object name Ratis:service=RaftServer,group=group-3F692F425D9C,id=4a257c07-4fcc-43d2-8a6e-26fe808bf4d2
2019-08-31 22:27:32,494 [pool-169-thread-1] INFO  server.RaftServerConfigKeys (ConfUtils.java:logGet(43)) - raft.server.log.statemachine.data.sync = true (default)
2019-08-31 22:27:32,494 [pool-139-thread-1] INFO  server.RaftServerConfigKeys (ConfUtils.java:logGet(43)) - raft.server.log.statemachine.data.sync.timeout.retry = -1 (default)
2019-08-31 22:27:32,494 [pool-169-thread-1] INFO  server.RaftServerConfigKeys (ConfUtils.java:logGet(43)) - raft.server.log.statemachine.data.sync.timeout = 10s (default)
2019-08-31 22:27:32,495 [pool-139-thread-1] INFO  server.RaftServerConfigKeys (ConfUtils.java:logGet(43)) - raft.server.log.statemachine.data.caching.enabled = true (custom)
2019-08-31 22:27:32,495 [pool-169-thread-1] INFO  server.RaftServerConfigKeys (ConfUtils.java:logGet(43)) - raft.server.log.statemachine.data.sync.timeout.retry = -1 (default)
2019-08-31 22:27:32,495 [pool-169-thread-1] INFO  server.RaftServerConfigKeys (ConfUtils.java:logGet(43)) - raft.server.log.statemachine.data.caching.enabled = true (custom)
2019-08-31 22:27:32,495 [pool-139-thread-1] INFO  segmented.SegmentedRaftLogWorker (SegmentedRaftLogWorker.java:lambda$new$0(132)) - 78f9d08d-f53f-40cf-9f90-7f7c9603a942-SegmentedRaftLogWorker:Storage Directory /workdir/hadoop-ozone/integration-test/target/test-dir/MiniOzoneClusterImpl-aaa18aea-9a54-4266-ac8a-f3420196151d/datanode-2/data/ratis/543c2b02-630f-46c9-b5f0-3f692f425d9c: flushIndex: setUnconditionally 0 -> -1
2019-08-31 22:27:32,496 [pool-169-thread-1] INFO  segmented.SegmentedRaftLogWorker (SegmentedRaftLogWorker.java:lambda$new$0(132)) - 131506aa-e8d4-495f-9e31-6caa17857e33-SegmentedRaftLogWorker:Storage Directory /workdir/hadoop-ozone/integration-test/target/test-dir/MiniOzoneClusterImpl-aaa18aea-9a54-4266-ac8a-f3420196151d/datanode-5/data/ratis/543c2b02-630f-46c9-b5f0-3f692f425d9c: flushIndex: setUnconditionally 0 -> -1
2019-08-31 22:27:32,496 [pool-139-thread-1] INFO  server.RaftServerConfigKeys (ConfUtils.java:logGet(43)) - raft.server.snapshot.auto.trigger.enabled = true (custom)
2019-08-31 22:27:32,496 [pool-139-thread-1] INFO  server.RaftServerConfigKeys (ConfUtils.java:logGet(43)) - raft.server.snapshot.auto.trigger.threshold = 10000 (custom)
2019-08-31 22:27:32,496 [pool-169-thread-1] INFO  server.RaftServerConfigKeys (ConfUtils.java:logGet(43)) - raft.server.snapshot.auto.trigger.enabled = true (custom)
2019-08-31 22:27:32,496 [pool-139-thread-1] INFO  server.RaftServerConfigKeys (ConfUtils.java:logGet(43)) - raft.server.retrycache.expirytime = 600000ms (custom)
2019-08-31 22:27:32,496 [pool-169-thread-1] INFO  server.RaftServerConfigKeys (ConfUtils.java:logGet(43)) - raft.server.snapshot.auto.trigger.threshold = 10000 (custom)
2019-08-31 22:27:32,497 [pool-139-thread-1] INFO  impl.RaftServerImpl (RaftServerImpl.java:start(180)) - 78f9d08d-f53f-40cf-9f90-7f7c9603a942: start group-3F692F425D9C
2019-08-31 22:27:32,497 [pool-169-thread-1] INFO  server.RaftServerConfigKeys (ConfUtils.java:logGet(43)) - raft.server.retrycache.expirytime = 600000ms (custom)
2019-08-31 22:27:32,497 [pool-139-thread-1] INFO  impl.RaftServerImpl (RaftServerImpl.java:setRole(171)) - 78f9d08d-f53f-40cf-9f90-7f7c9603a942:group-3F692F425D9C changes role from null to FOLLOWER at term 0 for startAsFollower
2019-08-31 22:27:32,497 [pool-169-thread-1] INFO  impl.RaftServerImpl (RaftServerImpl.java:start(180)) - 131506aa-e8d4-495f-9e31-6caa17857e33: start group-3F692F425D9C
2019-08-31 22:27:32,497 [pool-139-thread-1] INFO  impl.RoleInfo (RoleInfo.java:updateAndGet(143)) - 78f9d08d-f53f-40cf-9f90-7f7c9603a942: start FollowerState
2019-08-31 22:27:32,497 [pool-169-thread-1] INFO  impl.RaftServerImpl (RaftServerImpl.java:setRole(171)) - 131506aa-e8d4-495f-9e31-6caa17857e33:group-3F692F425D9C changes role from null to FOLLOWER at term 0 for startAsFollower
2019-08-31 22:27:32,498 [pool-169-thread-1] INFO  impl.RoleInfo (RoleInfo.java:updateAndGet(143)) - 131506aa-e8d4-495f-9e31-6caa17857e33: start FollowerState
2019-08-31 22:27:32,498 [pool-139-thread-1] INFO  util.JmxRegister (JmxRegister.java:tryRegister(44)) - Successfully registered JMX Bean with object name Ratis:service=RaftServer,group=group-3F692F425D9C,id=78f9d08d-f53f-40cf-9f90-7f7c9603a942
2019-08-31 22:27:32,498 [pool-169-thread-1] INFO  util.JmxRegister (JmxRegister.java:tryRegister(44)) - Successfully registered JMX Bean with object name Ratis:service=RaftServer,group=group-3F692F425D9C,id=131506aa-e8d4-495f-9e31-6caa17857e33
2019-08-31 22:27:32,501 [RatisPipelineUtilsThread] INFO  pipeline.PipelineStateManager (PipelineStateManager.java:addPipeline(56)) - Created pipeline Pipeline[ Id: 543c2b02-630f-46c9-b5f0-3f692f425d9c, Nodes: 4a257c07-4fcc-43d2-8a6e-26fe808bf4d2{ip: 192.168.34.42, host: pr-hdds-2060-5kx6h-1518693133, networkLocation: /default-rack, certSerialId: null}78f9d08d-f53f-40cf-9f90-7f7c9603a942{ip: 192.168.34.42, host: pr-hdds-2060-5kx6h-1518693133, networkLocation: /default-rack, certSerialId: null}131506aa-e8d4-495f-9e31-6caa17857e33{ip: 192.168.34.42, host: pr-hdds-2060-5kx6h-1518693133, networkLocation: /default-rack, certSerialId: null}, Type:RATIS, Factor:THREE, State:OPEN]
2019-08-31 22:27:33,377 [main] INFO  ozone.MiniOzoneClusterImpl (MiniOzoneClusterImpl.java:lambda$waitForClusterToBeReady$0(140)) - Cluster is ready. Got 7 of 7 DN Heartbeats.
2019-08-31 22:27:33,425 [main] INFO  rpc.RpcClient (RpcClient.java:createVolume(293)) - Creating Volume: testblockoutputstreamwithretries, with jenkins1000 as owner.
2019-08-31 22:27:33,429 | INFO  | OMAudit | user=jenkins1000 | ip=127.0.0.1 | op=CREATE_VOLUME {admin=jenkins1000, owner=jenkins1000, volume=testblockoutputstreamwithretries, creationTime=1567290453428, quotaInBytes=1152921504606846976} | ret=SUCCESS |  
2019-08-31 22:27:33,440 | INFO  | OMAudit | user=jenkins1000 | ip=127.0.0.1 | op=READ_VOLUME {volume=testblockoutputstreamwithretries} | ret=SUCCESS |  
2019-08-31 22:27:33,442 [main] INFO  rpc.RpcClient (RpcClient.java:createBucket(432)) - Creating Bucket: testblockoutputstreamwithretries/testblockoutputstreamwithretries, with Versioning false and Storage Type set to DISK and Encryption set to false 
2019-08-31 22:27:33,448 | INFO  | OMAudit | user=jenkins1000 | ip=127.0.0.1 | op=CREATE_BUCKET {volume=testblockoutputstreamwithretries, bucket=testblockoutputstreamwithretries, acls=[user:jenkins1000:a[ACCESS], group:default:a[ACCESS]], isVersionEnabled=false, storageType=DISK, creationTime=0} | ret=SUCCESS |  
2019-08-31 22:27:33,450 | INFO  | OMAudit | user=jenkins1000 | ip=127.0.0.1 | op=READ_VOLUME {volume=testblockoutputstreamwithretries} | ret=SUCCESS |  
2019-08-31 22:27:33,452 | INFO  | OMAudit | user=jenkins1000 | ip=127.0.0.1 | op=READ_BUCKET {volume=testblockoutputstreamwithretries, bucket=testblockoutputstreamwithretries} | ret=SUCCESS |  
2019-08-31 22:27:33,459 | INFO  | SCMAudit | user=jenkins1000 | ip=192.168.34.42 | op=ALLOCATE_BLOCK {owner=0d783763-03a4-4d09-89c3-c90e581ea47b, size=800, type=RATIS, factor=THREE} | ret=SUCCESS |  
2019-08-31 22:27:33,462 | INFO  | OMAudit | user=jenkins1000 | ip=127.0.0.1 | op=ALLOCATE_KEY {volume=testblockoutputstreamwithretries, bucket=testblockoutputstreamwithretries, key=60148ffb-a2c6-495e-a6a2-6b9632b567f8, dataSize=3200, replicationType=RATIS, replicationFactor=THREE, keyLocationInfo=null} | ret=SUCCESS |  
2019-08-31 22:27:33,482 [grpc-default-executor-0] INFO  client.GrpcClientProtocolClient (GrpcClientProtocolClient.java:onNext(255)) - client-13F9D6D6E6E8->4f048490-ee80-4dd1-86ce-d63d571007b5: receive RaftClientReply:client-13F9D6D6E6E8->4f048490-ee80-4dd1-86ce-d63d571007b5@group-91658440A578, cid=41, FAILED org.apache.ratis.protocol.NotLeaderException: Server 4f048490-ee80-4dd1-86ce-d63d571007b5 is not the leader (null). Request must be sent to leader., logIndex=0, commits[4f048490-ee80-4dd1-86ce-d63d571007b5:c-1]
2019-08-31 22:27:33,937 | INFO  | SCMAudit | user=jenkins1000 | ip=192.168.34.42 | op=SEND_HEARTBEAT {datanodeUUID=be9ed4ca-dce9-4f3d-9c6d-abd66b1838f6, command=[]} | ret=SUCCESS |  
2019-08-31 22:27:34,002 | INFO  | SCMAudit | user=jenkins1000 | ip=192.168.34.42 | op=SEND_HEARTBEAT {datanodeUUID=094b17da-7f12-43e6-b453-785c127a2e77, command=[]} | ret=SUCCESS |  
2019-08-31 22:27:34,067 | INFO  | SCMAudit | user=jenkins1000 | ip=192.168.34.42 | op=SEND_HEARTBEAT {datanodeUUID=78f9d08d-f53f-40cf-9f90-7f7c9603a942, command=[]} | ret=SUCCESS |  
2019-08-31 22:27:34,137 | INFO  | SCMAudit | user=jenkins1000 | ip=192.168.34.42 | op=SEND_HEARTBEAT {datanodeUUID=4f048490-ee80-4dd1-86ce-d63d571007b5, command=[]} | ret=SUCCESS |  
2019-08-31 22:27:34,205 | INFO  | SCMAudit | user=jenkins1000 | ip=192.168.34.42 | op=SEND_HEARTBEAT {datanodeUUID=2c0e17a6-6c2f-4502-821a-909817d7c69c, command=[]} | ret=SUCCESS |  
2019-08-31 22:27:34,294 | INFO  | SCMAudit | user=jenkins1000 | ip=192.168.34.42 | op=SEND_HEARTBEAT {datanodeUUID=131506aa-e8d4-495f-9e31-6caa17857e33, command=[]} | ret=SUCCESS |  
2019-08-31 22:27:34,378 | INFO  | SCMAudit | user=jenkins1000 | ip=192.168.34.42 | op=SEND_HEARTBEAT {datanodeUUID=4a257c07-4fcc-43d2-8a6e-26fe808bf4d2, command=[]} | ret=SUCCESS |  
2019-08-31 22:27:34,516 [grpc-default-executor-3] INFO  client.GrpcClientProtocolClient (GrpcClientProtocolClient.java:onNext(255)) - client-13F9D6D6E6E8->094b17da-7f12-43e6-b453-785c127a2e77: receive RaftClientReply:client-13F9D6D6E6E8->094b17da-7f12-43e6-b453-785c127a2e77@group-91658440A578, cid=41, FAILED org.apache.ratis.protocol.NotLeaderException: Server 094b17da-7f12-43e6-b453-785c127a2e77 is not the leader (null). Request must be sent to leader., logIndex=0, commits[094b17da-7f12-43e6-b453-785c127a2e77:c-1]
2019-08-31 22:27:34,938 | INFO  | SCMAudit | user=jenkins1000 | ip=192.168.34.42 | op=SEND_HEARTBEAT {datanodeUUID=be9ed4ca-dce9-4f3d-9c6d-abd66b1838f6, command=[]} | ret=SUCCESS |  
2019-08-31 22:27:35,024 [Thread-746] INFO  container.ReplicationManager (ReplicationManager.java:start(162)) - Starting Replication Monitor Thread.
2019-08-31 22:27:35,024 | INFO  | SCMAudit | user=jenkins1000 | ip=192.168.34.42 | op=SEND_HEARTBEAT {datanodeUUID=094b17da-7f12-43e6-b453-785c127a2e77, command=[]} | ret=SUCCESS |  
2019-08-31 22:27:35,027 [ReplicationMonitor] INFO  container.ReplicationManager (ReplicationManager.java:run(225)) - Replication Monitor Thread took 0 milliseconds for processing 3 containers.
2019-08-31 22:27:35,069 | INFO  | SCMAudit | user=jenkins1000 | ip=192.168.34.42 | op=SEND_HEARTBEAT {datanodeUUID=78f9d08d-f53f-40cf-9f90-7f7c9603a942, command=[]} | ret=SUCCESS |  
2019-08-31 22:27:35,137 | INFO  | SCMAudit | user=jenkins1000 | ip=192.168.34.42 | op=SEND_HEARTBEAT {datanodeUUID=4f048490-ee80-4dd1-86ce-d63d571007b5, command=[]} | ret=SUCCESS |  
2019-08-31 22:27:35,206 | INFO  | SCMAudit | user=jenkins1000 | ip=192.168.34.42 | op=SEND_HEARTBEAT {datanodeUUID=2c0e17a6-6c2f-4502-821a-909817d7c69c, command=[]} | ret=SUCCESS |  
2019-08-31 22:27:35,294 | INFO  | SCMAudit | user=jenkins1000 | ip=192.168.34.42 | op=SEND_HEARTBEAT {datanodeUUID=131506aa-e8d4-495f-9e31-6caa17857e33, command=[]} | ret=SUCCESS |  
2019-08-31 22:27:35,378 | INFO  | SCMAudit | user=jenkins1000 | ip=192.168.34.42 | op=SEND_HEARTBEAT {datanodeUUID=4a257c07-4fcc-43d2-8a6e-26fe808bf4d2, command=[]} | ret=SUCCESS |  
2019-08-31 22:27:35,568 [grpc-default-executor-0] INFO  client.GrpcClientProtocolClient (GrpcClientProtocolClient.java:onNext(255)) - client-13F9D6D6E6E8->be9ed4ca-dce9-4f3d-9c6d-abd66b1838f6: receive RaftClientReply:client-13F9D6D6E6E8->be9ed4ca-dce9-4f3d-9c6d-abd66b1838f6@group-91658440A578, cid=41, FAILED org.apache.ratis.protocol.NotLeaderException: Server be9ed4ca-dce9-4f3d-9c6d-abd66b1838f6 is not the leader (null). Request must be sent to leader., logIndex=0, commits[be9ed4ca-dce9-4f3d-9c6d-abd66b1838f6:c-1]
2019-08-31 22:27:35,937 | INFO  | SCMAudit | user=jenkins1000 | ip=192.168.34.42 | op=SEND_HEARTBEAT {datanodeUUID=be9ed4ca-dce9-4f3d-9c6d-abd66b1838f6, command=[]} | ret=SUCCESS |  
2019-08-31 22:27:36,011 | INFO  | SCMAudit | user=jenkins1000 | ip=192.168.34.42 | op=SEND_HEARTBEAT {datanodeUUID=094b17da-7f12-43e6-b453-785c127a2e77, command=[]} | ret=SUCCESS |  
2019-08-31 22:27:36,067 | INFO  | SCMAudit | user=jenkins1000 | ip=192.168.34.42 | op=SEND_HEARTBEAT {datanodeUUID=78f9d08d-f53f-40cf-9f90-7f7c9603a942, command=[]} | ret=SUCCESS |  
2019-08-31 22:27:36,138 | INFO  | SCMAudit | user=jenkins1000 | ip=192.168.34.42 | op=SEND_HEARTBEAT {datanodeUUID=4f048490-ee80-4dd1-86ce-d63d571007b5, command=[]} | ret=SUCCESS |  
2019-08-31 22:27:36,205 | INFO  | SCMAudit | user=jenkins1000 | ip=192.168.34.42 | op=SEND_HEARTBEAT {datanodeUUID=2c0e17a6-6c2f-4502-821a-909817d7c69c, command=[]} | ret=SUCCESS |  
2019-08-31 22:27:36,295 | INFO  | SCMAudit | user=jenkins1000 | ip=192.168.34.42 | op=SEND_HEARTBEAT {datanodeUUID=131506aa-e8d4-495f-9e31-6caa17857e33, command=[]} | ret=SUCCESS |  
2019-08-31 22:27:36,378 | INFO  | SCMAudit | user=jenkins1000 | ip=192.168.34.42 | op=SEND_HEARTBEAT {datanodeUUID=4a257c07-4fcc-43d2-8a6e-26fe808bf4d2, command=[]} | ret=SUCCESS |  
2019-08-31 22:27:36,595 [grpc-default-executor-3] INFO  client.GrpcClientProtocolClient (GrpcClientProtocolClient.java:onNext(255)) - client-13F9D6D6E6E8->4f048490-ee80-4dd1-86ce-d63d571007b5: receive RaftClientReply:client-13F9D6D6E6E8->4f048490-ee80-4dd1-86ce-d63d571007b5@group-91658440A578, cid=41, FAILED org.apache.ratis.protocol.NotLeaderException: Server 4f048490-ee80-4dd1-86ce-d63d571007b5 is not the leader (null). Request must be sent to leader., logIndex=0, commits[4f048490-ee80-4dd1-86ce-d63d571007b5:c-1]
2019-08-31 22:27:36,937 | INFO  | SCMAudit | user=jenkins1000 | ip=192.168.34.42 | op=SEND_HEARTBEAT {datanodeUUID=be9ed4ca-dce9-4f3d-9c6d-abd66b1838f6, command=[]} | ret=SUCCESS |  
2019-08-31 22:27:37,011 | INFO  | SCMAudit | user=jenkins1000 | ip=192.168.34.42 | op=SEND_HEARTBEAT {datanodeUUID=094b17da-7f12-43e6-b453-785c127a2e77, command=[]} | ret=SUCCESS |  
2019-08-31 22:27:37,067 | INFO  | SCMAudit | user=jenkins1000 | ip=192.168.34.42 | op=SEND_HEARTBEAT {datanodeUUID=78f9d08d-f53f-40cf-9f90-7f7c9603a942, command=[]} | ret=SUCCESS |  
2019-08-31 22:27:37,094 [Thread-748] INFO  impl.FollowerState (FollowerState.java:run(106)) - be9ed4ca-dce9-4f3d-9c6d-abd66b1838f6:group-AB9CAFFB67E9 changes to CANDIDATE, lastRpcTime:5096, electionTimeout:5096ms
2019-08-31 22:27:37,095 [Thread-748] INFO  impl.RoleInfo (RoleInfo.java:shutdownFollowerState(121)) - be9ed4ca-dce9-4f3d-9c6d-abd66b1838f6: shutdown FollowerState
2019-08-31 22:27:37,095 [Thread-748] INFO  impl.RaftServerImpl (RaftServerImpl.java:setRole(171)) - be9ed4ca-dce9-4f3d-9c6d-abd66b1838f6:group-AB9CAFFB67E9 changes role from FOLLOWER to CANDIDATE at term 0 for changeToCandidate
2019-08-31 22:27:37,095 [Thread-748] INFO  impl.RoleInfo (RoleInfo.java:updateAndGet(143)) - be9ed4ca-dce9-4f3d-9c6d-abd66b1838f6: start LeaderElection
2019-08-31 22:27:37,127 [be9ed4ca-dce9-4f3d-9c6d-abd66b1838f6:group-AB9CAFFB67E9:LeaderElection18] INFO  impl.LeaderElection (LeaderElection.java:askForVotes(181)) - be9ed4ca-dce9-4f3d-9c6d-abd66b1838f6:group-AB9CAFFB67E9:LeaderElection18: begin an election at term 1 for -1: [be9ed4ca-dce9-4f3d-9c6d-abd66b1838f6:192.168.34.42:36394], old=null
2019-08-31 22:27:37,127 [be9ed4ca-dce9-4f3d-9c6d-abd66b1838f6:group-AB9CAFFB67E9:LeaderElection18] INFO  impl.RoleInfo (RoleInfo.java:shutdownLeaderElection(134)) - be9ed4ca-dce9-4f3d-9c6d-abd66b1838f6: shutdown LeaderElection
2019-08-31 22:27:37,127 [be9ed4ca-dce9-4f3d-9c6d-abd66b1838f6:group-AB9CAFFB67E9:LeaderElection18] INFO  impl.RaftServerImpl (RaftServerImpl.java:setRole(171)) - be9ed4ca-dce9-4f3d-9c6d-abd66b1838f6:group-AB9CAFFB67E9 changes role from CANDIDATE to LEADER at term 1 for changeToLeader
2019-08-31 22:27:37,128 [be9ed4ca-dce9-4f3d-9c6d-abd66b1838f6:group-AB9CAFFB67E9:LeaderElection18] INFO  impl.RaftServerImpl (ServerState.java:setLeader(263)) - be9ed4ca-dce9-4f3d-9c6d-abd66b1838f6:group-AB9CAFFB67E9 change Leader from null to be9ed4ca-dce9-4f3d-9c6d-abd66b1838f6 at term 1 for becomeLeader, leader elected after 5134ms
2019-08-31 22:27:37,131 [be9ed4ca-dce9-4f3d-9c6d-abd66b1838f6:group-AB9CAFFB67E9:LeaderElection18] INFO  server.RaftServerConfigKeys (ConfUtils.java:logGet(43)) - raft.server.staging.catchup.gap = 1000 (default)
2019-08-31 22:27:37,131 [be9ed4ca-dce9-4f3d-9c6d-abd66b1838f6:group-AB9CAFFB67E9:LeaderElection18] INFO  server.RaftServerConfigKeys (ConfUtils.java:logGet(43)) - raft.server.rpc.sleep.time = 25ms (default)
2019-08-31 22:27:37,132 [be9ed4ca-dce9-4f3d-9c6d-abd66b1838f6:group-AB9CAFFB67E9:LeaderElection18] INFO  server.RaftServerConfigKeys (ConfUtils.java:logGet(43)) - raft.server.write.element-limit = 4096 (default)
2019-08-31 22:27:37,132 [be9ed4ca-dce9-4f3d-9c6d-abd66b1838f6:group-AB9CAFFB67E9:LeaderElection18] INFO  server.RaftServerConfigKeys (ConfUtils.java:logGet(43)) - raft.server.watch.timeout = 10s (default)
2019-08-31 22:27:37,132 [be9ed4ca-dce9-4f3d-9c6d-abd66b1838f6:group-AB9CAFFB67E9:LeaderElection18] INFO  server.RaftServerConfigKeys (ConfUtils.java:logGet(43)) - raft.server.watch.timeout.denomination = 1s (default)
2019-08-31 22:27:37,132 [be9ed4ca-dce9-4f3d-9c6d-abd66b1838f6:group-AB9CAFFB67E9:LeaderElection18] INFO  server.RaftServerConfigKeys (ConfUtils.java:logGet(43)) - raft.server.watch.element-limit = 65536 (default)
2019-08-31 22:27:37,133 [be9ed4ca-dce9-4f3d-9c6d-abd66b1838f6:group-AB9CAFFB67E9:LeaderElection18] INFO  impl.RoleInfo (RoleInfo.java:updateAndGet(143)) - be9ed4ca-dce9-4f3d-9c6d-abd66b1838f6: start LeaderState
2019-08-31 22:27:37,133 [be9ed4ca-dce9-4f3d-9c6d-abd66b1838f6:group-AB9CAFFB67E9:LeaderElection18] INFO  segmented.SegmentedRaftLogWorker (SegmentedRaftLogWorker.java:startLogSegment(380)) - be9ed4ca-dce9-4f3d-9c6d-abd66b1838f6-SegmentedRaftLogWorker:Storage Directory /workdir/hadoop-ozone/integration-test/target/test-dir/MiniOzoneClusterImpl-aaa18aea-9a54-4266-ac8a-f3420196151d/datanode-0/data/ratis/1d9a19ab-d7d5-4739-a6c6-ab9caffb67e9: Starting segment from index:0
2019-08-31 22:27:37,134 [be9ed4ca-dce9-4f3d-9c6d-abd66b1838f6:group-AB9CAFFB67E9:LeaderElection18] INFO  impl.RaftServerImpl (ServerState.java:setRaftConf(361)) - be9ed4ca-dce9-4f3d-9c6d-abd66b1838f6:group-AB9CAFFB67E9 set configuration 0: [be9ed4ca-dce9-4f3d-9c6d-abd66b1838f6:192.168.34.42:36394], old=null at 0
2019-08-31 22:27:37,168 | INFO  | SCMAudit | user=jenkins1000 | ip=192.168.34.42 | op=SEND_HEARTBEAT {datanodeUUID=4f048490-ee80-4dd1-86ce-d63d571007b5, command=[]} | ret=SUCCESS |  
2019-08-31 22:27:37,179 [be9ed4ca-dce9-4f3d-9c6d-abd66b1838f6-SegmentedRaftLogWorker:Storage Directory /workdir/hadoop-ozone/integration-test/target/test-dir/MiniOzoneClusterImpl-aaa18aea-9a54-4266-ac8a-f3420196151d/datanode-0/data/ratis/1d9a19ab-d7d5-4739-a6c6-ab9caffb67e9] INFO  segmented.SegmentedRaftLogWorker (SegmentedRaftLogWorker.java:execute(569)) - be9ed4ca-dce9-4f3d-9c6d-abd66b1838f6-SegmentedRaftLogWorker:Storage Directory /workdir/hadoop-ozone/integration-test/target/test-dir/MiniOzoneClusterImpl-aaa18aea-9a54-4266-ac8a-f3420196151d/datanode-0/data/ratis/1d9a19ab-d7d5-4739-a6c6-ab9caffb67e9: created new log segment /workdir/hadoop-ozone/integration-test/target/test-dir/MiniOzoneClusterImpl-aaa18aea-9a54-4266-ac8a-f3420196151d/datanode-0/data/ratis/1d9a19ab-d7d5-4739-a6c6-ab9caffb67e9/current/log_inprogress_0
2019-08-31 22:27:37,205 | INFO  | SCMAudit | user=jenkins1000 | ip=192.168.34.42 | op=SEND_HEARTBEAT {datanodeUUID=2c0e17a6-6c2f-4502-821a-909817d7c69c, command=[]} | ret=SUCCESS |  
2019-08-31 22:27:37,239 [Thread-751] INFO  impl.FollowerState (FollowerState.java:run(106)) - 094b17da-7f12-43e6-b453-785c127a2e77:group-40623F9BDB4E changes to CANDIDATE, lastRpcTime:5121, electionTimeout:5121ms
2019-08-31 22:27:37,239 [Thread-751] INFO  impl.RoleInfo (RoleInfo.java:shutdownFollowerState(121)) - 094b17da-7f12-43e6-b453-785c127a2e77: shutdown FollowerState
2019-08-31 22:27:37,239 [Thread-751] INFO  impl.RaftServerImpl (RaftServerImpl.java:setRole(171)) - 094b17da-7f12-43e6-b453-785c127a2e77:group-40623F9BDB4E changes role from FOLLOWER to CANDIDATE at term 0 for changeToCandidate
2019-08-31 22:27:37,240 [Thread-751] INFO  impl.RoleInfo (RoleInfo.java:updateAndGet(143)) - 094b17da-7f12-43e6-b453-785c127a2e77: start LeaderElection
2019-08-31 22:27:37,264 [094b17da-7f12-43e6-b453-785c127a2e77:group-40623F9BDB4E:LeaderElection19] INFO  impl.LeaderElection (LeaderElection.java:askForVotes(181)) - 094b17da-7f12-43e6-b453-785c127a2e77:group-40623F9BDB4E:LeaderElection19: begin an election at term 1 for -1: [094b17da-7f12-43e6-b453-785c127a2e77:192.168.34.42:34303], old=null
2019-08-31 22:27:37,264 [094b17da-7f12-43e6-b453-785c127a2e77:group-40623F9BDB4E:LeaderElection19] INFO  impl.RoleInfo (RoleInfo.java:shutdownLeaderElection(134)) - 094b17da-7f12-43e6-b453-785c127a2e77: shutdown LeaderElection
2019-08-31 22:27:37,264 [094b17da-7f12-43e6-b453-785c127a2e77:group-40623F9BDB4E:LeaderElection19] INFO  impl.RaftServerImpl (RaftServerImpl.java:setRole(171)) - 094b17da-7f12-43e6-b453-785c127a2e77:group-40623F9BDB4E changes role from CANDIDATE to LEADER at term 1 for changeToLeader
2019-08-31 22:27:37,264 [094b17da-7f12-43e6-b453-785c127a2e77:group-40623F9BDB4E:LeaderElection19] INFO  impl.RaftServerImpl (ServerState.java:setLeader(263)) - 094b17da-7f12-43e6-b453-785c127a2e77:group-40623F9BDB4E change Leader from null to 094b17da-7f12-43e6-b453-785c127a2e77 at term 1 for becomeLeader, leader elected after 5152ms
2019-08-31 22:27:37,267 [094b17da-7f12-43e6-b453-785c127a2e77:group-40623F9BDB4E:LeaderElection19] INFO  server.RaftServerConfigKeys (ConfUtils.java:logGet(43)) - raft.server.staging.catchup.gap = 1000 (default)
2019-08-31 22:27:37,267 [094b17da-7f12-43e6-b453-785c127a2e77:group-40623F9BDB4E:LeaderElection19] INFO  server.RaftServerConfigKeys (ConfUtils.java:logGet(43)) - raft.server.rpc.sleep.time = 25ms (default)
2019-08-31 22:27:37,267 [094b17da-7f12-43e6-b453-785c127a2e77:group-40623F9BDB4E:LeaderElection19] INFO  server.RaftServerConfigKeys (ConfUtils.java:logGet(43)) - raft.server.write.element-limit = 4096 (default)
2019-08-31 22:27:37,267 [094b17da-7f12-43e6-b453-785c127a2e77:group-40623F9BDB4E:LeaderElection19] INFO  server.RaftServerConfigKeys (ConfUtils.java:logGet(43)) - raft.server.watch.timeout = 10s (default)
2019-08-31 22:27:37,268 [094b17da-7f12-43e6-b453-785c127a2e77:group-40623F9BDB4E:LeaderElection19] INFO  server.RaftServerConfigKeys (ConfUtils.java:logGet(43)) - raft.server.watch.timeout.denomination = 1s (default)
2019-08-31 22:27:37,268 [094b17da-7f12-43e6-b453-785c127a2e77:group-40623F9BDB4E:LeaderElection19] INFO  server.RaftServerConfigKeys (ConfUtils.java:logGet(43)) - raft.server.watch.element-limit = 65536 (default)
2019-08-31 22:27:37,268 [094b17da-7f12-43e6-b453-785c127a2e77:group-40623F9BDB4E:LeaderElection19] INFO  impl.RoleInfo (RoleInfo.java:updateAndGet(143)) - 094b17da-7f12-43e6-b453-785c127a2e77: start LeaderState
2019-08-31 22:27:37,269 [094b17da-7f12-43e6-b453-785c127a2e77:group-40623F9BDB4E:LeaderElection19] INFO  segmented.SegmentedRaftLogWorker (SegmentedRaftLogWorker.java:startLogSegment(380)) - 094b17da-7f12-43e6-b453-785c127a2e77-SegmentedRaftLogWorker:Storage Directory /workdir/hadoop-ozone/integration-test/target/test-dir/MiniOzoneClusterImpl-aaa18aea-9a54-4266-ac8a-f3420196151d/datanode-1/data/ratis/a7611a9e-76b2-411c-9231-40623f9bdb4e: Starting segment from index:0
2019-08-31 22:27:37,270 [094b17da-7f12-43e6-b453-785c127a2e77:group-40623F9BDB4E:LeaderElection19] INFO  impl.RaftServerImpl (ServerState.java:setRaftConf(361)) - 094b17da-7f12-43e6-b453-785c127a2e77:group-40623F9BDB4E set configuration 0: [094b17da-7f12-43e6-b453-785c127a2e77:192.168.34.42:34303], old=null at 0
2019-08-31 22:27:37,304 [Thread-757] INFO  impl.FollowerState (FollowerState.java:run(106)) - 4f048490-ee80-4dd1-86ce-d63d571007b5:group-7E4404A93EEE changes to CANDIDATE, lastRpcTime:5087, electionTimeout:5067ms
2019-08-31 22:27:37,304 [Thread-757] INFO  impl.RoleInfo (RoleInfo.java:shutdownFollowerState(121)) - 4f048490-ee80-4dd1-86ce-d63d571007b5: shutdown FollowerState
2019-08-31 22:27:37,304 [Thread-757] INFO  impl.RaftServerImpl (RaftServerImpl.java:setRole(171)) - 4f048490-ee80-4dd1-86ce-d63d571007b5:group-7E4404A93EEE changes role from FOLLOWER to CANDIDATE at term 0 for changeToCandidate
2019-08-31 22:27:37,305 [Thread-757] INFO  impl.RoleInfo (RoleInfo.java:updateAndGet(143)) - 4f048490-ee80-4dd1-86ce-d63d571007b5: start LeaderElection
2019-08-31 22:27:37,310 | INFO  | SCMAudit | user=jenkins1000 | ip=192.168.34.42 | op=SEND_HEARTBEAT {datanodeUUID=131506aa-e8d4-495f-9e31-6caa17857e33, command=[]} | ret=SUCCESS |  
2019-08-31 22:27:37,316 [094b17da-7f12-43e6-b453-785c127a2e77-SegmentedRaftLogWorker:Storage Directory /workdir/hadoop-ozone/integration-test/target/test-dir/MiniOzoneClusterImpl-aaa18aea-9a54-4266-ac8a-f3420196151d/datanode-1/data/ratis/a7611a9e-76b2-411c-9231-40623f9bdb4e] INFO  segmented.SegmentedRaftLogWorker (SegmentedRaftLogWorker.java:execute(569)) - 094b17da-7f12-43e6-b453-785c127a2e77-SegmentedRaftLogWorker:Storage Directory /workdir/hadoop-ozone/integration-test/target/test-dir/MiniOzoneClusterImpl-aaa18aea-9a54-4266-ac8a-f3420196151d/datanode-1/data/ratis/a7611a9e-76b2-411c-9231-40623f9bdb4e: created new log segment /workdir/hadoop-ozone/integration-test/target/test-dir/MiniOzoneClusterImpl-aaa18aea-9a54-4266-ac8a-f3420196151d/datanode-1/data/ratis/a7611a9e-76b2-411c-9231-40623f9bdb4e/current/log_inprogress_0
2019-08-31 22:27:37,316 [4f048490-ee80-4dd1-86ce-d63d571007b5:group-7E4404A93EEE:LeaderElection20] INFO  impl.LeaderElection (LeaderElection.java:askForVotes(181)) - 4f048490-ee80-4dd1-86ce-d63d571007b5:group-7E4404A93EEE:LeaderElection20: begin an election at term 1 for -1: [4f048490-ee80-4dd1-86ce-d63d571007b5:192.168.34.42:37190], old=null
2019-08-31 22:27:37,316 [4f048490-ee80-4dd1-86ce-d63d571007b5:group-7E4404A93EEE:LeaderElection20] INFO  impl.RoleInfo (RoleInfo.java:shutdownLeaderElection(134)) - 4f048490-ee80-4dd1-86ce-d63d571007b5: shutdown LeaderElection
2019-08-31 22:27:37,316 [4f048490-ee80-4dd1-86ce-d63d571007b5:group-7E4404A93EEE:LeaderElection20] INFO  impl.RaftServerImpl (RaftServerImpl.java:setRole(171)) - 4f048490-ee80-4dd1-86ce-d63d571007b5:group-7E4404A93EEE changes role from CANDIDATE to LEADER at term 1 for changeToLeader
2019-08-31 22:27:37,316 [4f048490-ee80-4dd1-86ce-d63d571007b5:group-7E4404A93EEE:LeaderElection20] INFO  impl.RaftServerImpl (ServerState.java:setLeader(263)) - 4f048490-ee80-4dd1-86ce-d63d571007b5:group-7E4404A93EEE change Leader from null to 4f048490-ee80-4dd1-86ce-d63d571007b5 at term 1 for becomeLeader, leader elected after 5103ms
2019-08-31 22:27:37,318 [4f048490-ee80-4dd1-86ce-d63d571007b5:group-7E4404A93EEE:LeaderElection20] INFO  server.RaftServerConfigKeys (ConfUtils.java:logGet(43)) - raft.server.staging.catchup.gap = 1000 (default)
2019-08-31 22:27:37,319 [4f048490-ee80-4dd1-86ce-d63d571007b5:group-7E4404A93EEE:LeaderElection20] INFO  server.RaftServerConfigKeys (ConfUtils.java:logGet(43)) - raft.server.rpc.sleep.time = 25ms (default)
2019-08-31 22:27:37,319 [4f048490-ee80-4dd1-86ce-d63d571007b5:group-7E4404A93EEE:LeaderElection20] INFO  server.RaftServerConfigKeys (ConfUtils.java:logGet(43)) - raft.server.write.element-limit = 4096 (default)
2019-08-31 22:27:37,319 [4f048490-ee80-4dd1-86ce-d63d571007b5:group-7E4404A93EEE:LeaderElection20] INFO  server.RaftServerConfigKeys (ConfUtils.java:logGet(43)) - raft.server.watch.timeout = 10s (default)
2019-08-31 22:27:37,319 [4f048490-ee80-4dd1-86ce-d63d571007b5:group-7E4404A93EEE:LeaderElection20] INFO  server.RaftServerConfigKeys (ConfUtils.java:logGet(43)) - raft.server.watch.timeout.denomination = 1s (default)
2019-08-31 22:27:37,319 [4f048490-ee80-4dd1-86ce-d63d571007b5:group-7E4404A93EEE:LeaderElection20] INFO  server.RaftServerConfigKeys (ConfUtils.java:logGet(43)) - raft.server.watch.element-limit = 65536 (default)
2019-08-31 22:27:37,319 [4f048490-ee80-4dd1-86ce-d63d571007b5:group-7E4404A93EEE:LeaderElection20] INFO  impl.RoleInfo (RoleInfo.java:updateAndGet(143)) - 4f048490-ee80-4dd1-86ce-d63d571007b5: start LeaderState
2019-08-31 22:27:37,320 [4f048490-ee80-4dd1-86ce-d63d571007b5:group-7E4404A93EEE:LeaderElection20] INFO  segmented.SegmentedRaftLogWorker (SegmentedRaftLogWorker.java:startLogSegment(380)) - 4f048490-ee80-4dd1-86ce-d63d571007b5-SegmentedRaftLogWorker:Storage Directory /workdir/hadoop-ozone/integration-test/target/test-dir/MiniOzoneClusterImpl-aaa18aea-9a54-4266-ac8a-f3420196151d/datanode-3/data/ratis/7d0bcd6a-2647-441f-9d3a-7e4404a93eee: Starting segment from index:0
2019-08-31 22:27:37,320 [4f048490-ee80-4dd1-86ce-d63d571007b5:group-7E4404A93EEE:LeaderElection20] INFO  impl.RaftServerImpl (ServerState.java:setRaftConf(361)) - 4f048490-ee80-4dd1-86ce-d63d571007b5:group-7E4404A93EEE set configuration 0: [4f048490-ee80-4dd1-86ce-d63d571007b5:192.168.34.42:37190], old=null at 0
2019-08-31 22:27:37,351 [Thread-754] INFO  impl.FollowerState (FollowerState.java:run(106)) - 78f9d08d-f53f-40cf-9f90-7f7c9603a942:group-4C248FA4CB11 changes to CANDIDATE, lastRpcTime:5183, electionTimeout:5183ms
2019-08-31 22:27:37,351 [Thread-754] INFO  impl.RoleInfo (RoleInfo.java:shutdownFollowerState(121)) - 78f9d08d-f53f-40cf-9f90-7f7c9603a942: shutdown FollowerState
2019-08-31 22:27:37,351 [Thread-754] INFO  impl.RaftServerImpl (RaftServerImpl.java:setRole(171)) - 78f9d08d-f53f-40cf-9f90-7f7c9603a942:group-4C248FA4CB11 changes role from FOLLOWER to CANDIDATE at term 0 for changeToCandidate
2019-08-31 22:27:37,351 [Thread-754] INFO  impl.RoleInfo (RoleInfo.java:updateAndGet(143)) - 78f9d08d-f53f-40cf-9f90-7f7c9603a942: start LeaderElection
2019-08-31 22:27:37,354 [4f048490-ee80-4dd1-86ce-d63d571007b5-SegmentedRaftLogWorker:Storage Directory /workdir/hadoop-ozone/integration-test/target/test-dir/MiniOzoneClusterImpl-aaa18aea-9a54-4266-ac8a-f3420196151d/datanode-3/data/ratis/7d0bcd6a-2647-441f-9d3a-7e4404a93eee] INFO  segmented.SegmentedRaftLogWorker (SegmentedRaftLogWorker.java:execute(569)) - 4f048490-ee80-4dd1-86ce-d63d571007b5-SegmentedRaftLogWorker:Storage Directory /workdir/hadoop-ozone/integration-test/target/test-dir/MiniOzoneClusterImpl-aaa18aea-9a54-4266-ac8a-f3420196151d/datanode-3/data/ratis/7d0bcd6a-2647-441f-9d3a-7e4404a93eee: created new log segment /workdir/hadoop-ozone/integration-test/target/test-dir/MiniOzoneClusterImpl-aaa18aea-9a54-4266-ac8a-f3420196151d/datanode-3/data/ratis/7d0bcd6a-2647-441f-9d3a-7e4404a93eee/current/log_inprogress_0
2019-08-31 22:27:37,365 [78f9d08d-f53f-40cf-9f90-7f7c9603a942:group-4C248FA4CB11:LeaderElection21] INFO  impl.LeaderElection (LeaderElection.java:askForVotes(181)) - 78f9d08d-f53f-40cf-9f90-7f7c9603a942:group-4C248FA4CB11:LeaderElection21: begin an election at term 1 for -1: [78f9d08d-f53f-40cf-9f90-7f7c9603a942:192.168.34.42:36857], old=null
2019-08-31 22:27:37,365 [78f9d08d-f53f-40cf-9f90-7f7c9603a942:group-4C248FA4CB11:LeaderElection21] INFO  impl.RoleInfo (RoleInfo.java:shutdownLeaderElection(134)) - 78f9d08d-f53f-40cf-9f90-7f7c9603a942: shutdown LeaderElection
2019-08-31 22:27:37,365 [78f9d08d-f53f-40cf-9f90-7f7c9603a942:group-4C248FA4CB11:LeaderElection21] INFO  impl.RaftServerImpl (RaftServerImpl.java:setRole(171)) - 78f9d08d-f53f-40cf-9f90-7f7c9603a942:group-4C248FA4CB11 changes role from CANDIDATE to LEADER at term 1 for changeToLeader
2019-08-31 22:27:37,365 [78f9d08d-f53f-40cf-9f90-7f7c9603a942:group-4C248FA4CB11:LeaderElection21] INFO  impl.RaftServerImpl (ServerState.java:setLeader(263)) - 78f9d08d-f53f-40cf-9f90-7f7c9603a942:group-4C248FA4CB11 change Leader from null to 78f9d08d-f53f-40cf-9f90-7f7c9603a942 at term 1 for becomeLeader, leader elected after 5202ms
2019-08-31 22:27:37,367 [78f9d08d-f53f-40cf-9f90-7f7c9603a942:group-4C248FA4CB11:LeaderElection21] INFO  server.RaftServerConfigKeys (ConfUtils.java:logGet(43)) - raft.server.staging.catchup.gap = 1000 (default)
2019-08-31 22:27:37,367 [78f9d08d-f53f-40cf-9f90-7f7c9603a942:group-4C248FA4CB11:LeaderElection21] INFO  server.RaftServerConfigKeys (ConfUtils.java:logGet(43)) - raft.server.rpc.sleep.time = 25ms (default)
2019-08-31 22:27:37,367 [78f9d08d-f53f-40cf-9f90-7f7c9603a942:group-4C248FA4CB11:LeaderElection21] INFO  server.RaftServerConfigKeys (ConfUtils.java:logGet(43)) - raft.server.write.element-limit = 4096 (default)
2019-08-31 22:27:37,368 [78f9d08d-f53f-40cf-9f90-7f7c9603a942:group-4C248FA4CB11:LeaderElection21] INFO  server.RaftServerConfigKeys (ConfUtils.java:logGet(43)) - raft.server.watch.timeout = 10s (default)
2019-08-31 22:27:37,368 [78f9d08d-f53f-40cf-9f90-7f7c9603a942:group-4C248FA4CB11:LeaderElection21] INFO  server.RaftServerConfigKeys (ConfUtils.java:logGet(43)) - raft.server.watch.timeout.denomination = 1s (default)
2019-08-31 22:27:37,368 [78f9d08d-f53f-40cf-9f90-7f7c9603a942:group-4C248FA4CB11:LeaderElection21] INFO  server.RaftServerConfigKeys (ConfUtils.java:logGet(43)) - raft.server.watch.element-limit = 65536 (default)
2019-08-31 22:27:37,368 [78f9d08d-f53f-40cf-9f90-7f7c9603a942:group-4C248FA4CB11:LeaderElection21] INFO  impl.RoleInfo (RoleInfo.java:updateAndGet(143)) - 78f9d08d-f53f-40cf-9f90-7f7c9603a942: start LeaderState
2019-08-31 22:27:37,369 [78f9d08d-f53f-40cf-9f90-7f7c9603a942:group-4C248FA4CB11:LeaderElection21] INFO  segmented.SegmentedRaftLogWorker (SegmentedRaftLogWorker.java:startLogSegment(380)) - 78f9d08d-f53f-40cf-9f90-7f7c9603a942-SegmentedRaftLogWorker:Storage Directory /workdir/hadoop-ozone/integration-test/target/test-dir/MiniOzoneClusterImpl-aaa18aea-9a54-4266-ac8a-f3420196151d/datanode-2/data/ratis/df7224d7-2330-4a1b-8e40-4c248fa4cb11: Starting segment from index:0
2019-08-31 22:27:37,369 [78f9d08d-f53f-40cf-9f90-7f7c9603a942:group-4C248FA4CB11:LeaderElection21] INFO  impl.RaftServerImpl (ServerState.java:setRaftConf(361)) - 78f9d08d-f53f-40cf-9f90-7f7c9603a942:group-4C248FA4CB11 set configuration 0: [78f9d08d-f53f-40cf-9f90-7f7c9603a942:192.168.34.42:36857], old=null at 0
2019-08-31 22:27:37,397 [Thread-763] INFO  impl.FollowerState (FollowerState.java:run(106)) - 131506aa-e8d4-495f-9e31-6caa17857e33:group-25D3E6F8B062 changes to CANDIDATE, lastRpcTime:5040, electionTimeout:5024ms
2019-08-31 22:27:37,400 [Thread-763] INFO  impl.RoleInfo (RoleInfo.java:shutdownFollowerState(121)) - 131506aa-e8d4-495f-9e31-6caa17857e33: shutdown FollowerState
2019-08-31 22:27:37,400 [Thread-763] INFO  impl.RaftServerImpl (RaftServerImpl.java:setRole(171)) - 131506aa-e8d4-495f-9e31-6caa17857e33:group-25D3E6F8B062 changes role from FOLLOWER to CANDIDATE at term 0 for changeToCandidate
2019-08-31 22:27:37,400 [Thread-763] INFO  impl.RoleInfo (RoleInfo.java:updateAndGet(143)) - 131506aa-e8d4-495f-9e31-6caa17857e33: start LeaderElection
2019-08-31 22:27:37,405 | INFO  | SCMAudit | user=jenkins1000 | ip=192.168.34.42 | op=SEND_HEARTBEAT {datanodeUUID=4a257c07-4fcc-43d2-8a6e-26fe808bf4d2, command=[]} | ret=SUCCESS |  
2019-08-31 22:27:37,423 [78f9d08d-f53f-40cf-9f90-7f7c9603a942-SegmentedRaftLogWorker:Storage Directory /workdir/hadoop-ozone/integration-test/target/test-dir/MiniOzoneClusterImpl-aaa18aea-9a54-4266-ac8a-f3420196151d/datanode-2/data/ratis/df7224d7-2330-4a1b-8e40-4c248fa4cb11] INFO  segmented.SegmentedRaftLogWorker (SegmentedRaftLogWorker.java:execute(569)) - 78f9d08d-f53f-40cf-9f90-7f7c9603a942-SegmentedRaftLogWorker:Storage Directory /workdir/hadoop-ozone/integration-test/target/test-dir/MiniOzoneClusterImpl-aaa18aea-9a54-4266-ac8a-f3420196151d/datanode-2/data/ratis/df7224d7-2330-4a1b-8e40-4c248fa4cb11: created new log segment /workdir/hadoop-ozone/integration-test/target/test-dir/MiniOzoneClusterImpl-aaa18aea-9a54-4266-ac8a-f3420196151d/datanode-2/data/ratis/df7224d7-2330-4a1b-8e40-4c248fa4cb11/current/log_inprogress_0
2019-08-31 22:27:37,423 [131506aa-e8d4-495f-9e31-6caa17857e33:group-25D3E6F8B062:LeaderElection22] INFO  impl.LeaderElection (LeaderElection.java:askForVotes(181)) - 131506aa-e8d4-495f-9e31-6caa17857e33:group-25D3E6F8B062:LeaderElection22: begin an election at term 1 for -1: [131506aa-e8d4-495f-9e31-6caa17857e33:192.168.34.42:40715], old=null
2019-08-31 22:27:37,423 [131506aa-e8d4-495f-9e31-6caa17857e33:group-25D3E6F8B062:LeaderElection22] INFO  impl.RoleInfo (RoleInfo.java:shutdownLeaderElection(134)) - 131506aa-e8d4-495f-9e31-6caa17857e33: shutdown LeaderElection
2019-08-31 22:27:37,423 [131506aa-e8d4-495f-9e31-6caa17857e33:group-25D3E6F8B062:LeaderElection22] INFO  impl.RaftServerImpl (RaftServerImpl.java:setRole(171)) - 131506aa-e8d4-495f-9e31-6caa17857e33:group-25D3E6F8B062 changes role from CANDIDATE to LEADER at term 1 for changeToLeader
2019-08-31 22:27:37,423 [131506aa-e8d4-495f-9e31-6caa17857e33:group-25D3E6F8B062:LeaderElection22] INFO  impl.RaftServerImpl (ServerState.java:setLeader(263)) - 131506aa-e8d4-495f-9e31-6caa17857e33:group-25D3E6F8B062 change Leader from null to 131506aa-e8d4-495f-9e31-6caa17857e33 at term 1 for becomeLeader, leader elected after 5071ms
2019-08-31 22:27:37,426 [131506aa-e8d4-495f-9e31-6caa17857e33:group-25D3E6F8B062:LeaderElection22] INFO  server.RaftServerConfigKeys (ConfUtils.java:logGet(43)) - raft.server.staging.catchup.gap = 1000 (default)
2019-08-31 22:27:37,426 [131506aa-e8d4-495f-9e31-6caa17857e33:group-25D3E6F8B062:LeaderElection22] INFO  server.RaftServerConfigKeys (ConfUtils.java:logGet(43)) - raft.server.rpc.sleep.time = 25ms (default)
2019-08-31 22:27:37,426 [131506aa-e8d4-495f-9e31-6caa17857e33:group-25D3E6F8B062:LeaderElection22] INFO  server.RaftServerConfigKeys (ConfUtils.java:logGet(43)) - raft.server.write.element-limit = 4096 (default)
2019-08-31 22:27:37,426 [131506aa-e8d4-495f-9e31-6caa17857e33:group-25D3E6F8B062:LeaderElection22] INFO  server.RaftServerConfigKeys (ConfUtils.java:logGet(43)) - raft.server.watch.timeout = 10s (default)
2019-08-31 22:27:37,426 [131506aa-e8d4-495f-9e31-6caa17857e33:group-25D3E6F8B062:LeaderElection22] INFO  server.RaftServerConfigKeys (ConfUtils.java:logGet(43)) - raft.server.watch.timeout.denomination = 1s (default)
2019-08-31 22:27:37,427 [131506aa-e8d4-495f-9e31-6caa17857e33:group-25D3E6F8B062:LeaderElection22] INFO  server.RaftServerConfigKeys (ConfUtils.java:logGet(43)) - raft.server.watch.element-limit = 65536 (default)
2019-08-31 22:27:37,427 [131506aa-e8d4-495f-9e31-6caa17857e33:group-25D3E6F8B062:LeaderElection22] INFO  impl.RoleInfo (RoleInfo.java:updateAndGet(143)) - 131506aa-e8d4-495f-9e31-6caa17857e33: start LeaderState
2019-08-31 22:27:37,427 [131506aa-e8d4-495f-9e31-6caa17857e33:group-25D3E6F8B062:LeaderElection22] INFO  segmented.SegmentedRaftLogWorker (SegmentedRaftLogWorker.java:startLogSegment(380)) - 131506aa-e8d4-495f-9e31-6caa17857e33-SegmentedRaftLogWorker:Storage Directory /workdir/hadoop-ozone/integration-test/target/test-dir/MiniOzoneClusterImpl-aaa18aea-9a54-4266-ac8a-f3420196151d/datanode-5/data/ratis/71108bd3-a0d9-4475-8e43-25d3e6f8b062: Starting segment from index:0
2019-08-31 22:27:37,428 [131506aa-e8d4-495f-9e31-6caa17857e33:group-25D3E6F8B062:LeaderElection22] INFO  impl.RaftServerImpl (ServerState.java:setRaftConf(361)) - 131506aa-e8d4-495f-9e31-6caa17857e33:group-25D3E6F8B062 set configuration 0: [131506aa-e8d4-495f-9e31-6caa17857e33:192.168.34.42:40715], old=null at 0
2019-08-31 22:27:37,457 [Thread-772] INFO  impl.FollowerState (FollowerState.java:run(106)) - be9ed4ca-dce9-4f3d-9c6d-abd66b1838f6:group-91658440A578 changes to CANDIDATE, lastRpcTime:5032, electionTimeout:5028ms
2019-08-31 22:27:37,458 [Thread-769] INFO  impl.FollowerState (FollowerState.java:run(106)) - 4f048490-ee80-4dd1-86ce-d63d571007b5:group-91658440A578 changes to CANDIDATE, lastRpcTime:5034, electionTimeout:5024ms
2019-08-31 22:27:37,458 [Thread-772] INFO  impl.RoleInfo (RoleInfo.java:shutdownFollowerState(121)) - be9ed4ca-dce9-4f3d-9c6d-abd66b1838f6: shutdown FollowerState
2019-08-31 22:27:37,458 [Thread-769] INFO  impl.RoleInfo (RoleInfo.java:shutdownFollowerState(121)) - 4f048490-ee80-4dd1-86ce-d63d571007b5: shutdown FollowerState
2019-08-31 22:27:37,458 [Thread-772] INFO  impl.RaftServerImpl (RaftServerImpl.java:setRole(171)) - be9ed4ca-dce9-4f3d-9c6d-abd66b1838f6:group-91658440A578 changes role from FOLLOWER to CANDIDATE at term 0 for changeToCandidate
2019-08-31 22:27:37,458 [Thread-769] INFO  impl.RaftServerImpl (RaftServerImpl.java:setRole(171)) - 4f048490-ee80-4dd1-86ce-d63d571007b5:group-91658440A578 changes role from FOLLOWER to CANDIDATE at term 0 for changeToCandidate
2019-08-31 22:27:37,458 [Thread-769] INFO  impl.RoleInfo (RoleInfo.java:updateAndGet(143)) - 4f048490-ee80-4dd1-86ce-d63d571007b5: start LeaderElection
2019-08-31 22:27:37,458 [Thread-772] INFO  impl.RoleInfo (RoleInfo.java:updateAndGet(143)) - be9ed4ca-dce9-4f3d-9c6d-abd66b1838f6: start LeaderElection
2019-08-31 22:27:37,466 [Thread-760] INFO  impl.FollowerState (FollowerState.java:run(106)) - 2c0e17a6-6c2f-4502-821a-909817d7c69c:group-BDA3476949CB changes to CANDIDATE, lastRpcTime:5164, electionTimeout:5162ms
2019-08-31 22:27:37,466 [Thread-760] INFO  impl.RoleInfo (RoleInfo.java:shutdownFollowerState(121)) - 2c0e17a6-6c2f-4502-821a-909817d7c69c: shutdown FollowerState
2019-08-31 22:27:37,466 [Thread-760] INFO  impl.RaftServerImpl (RaftServerImpl.java:setRole(171)) - 2c0e17a6-6c2f-4502-821a-909817d7c69c:group-BDA3476949CB changes role from FOLLOWER to CANDIDATE at term 0 for changeToCandidate
2019-08-31 22:27:37,469 [Thread-760] INFO  impl.RoleInfo (RoleInfo.java:updateAndGet(143)) - 2c0e17a6-6c2f-4502-821a-909817d7c69c: start LeaderElection
2019-08-31 22:27:37,471 [131506aa-e8d4-495f-9e31-6caa17857e33-SegmentedRaftLogWorker:Storage Directory /workdir/hadoop-ozone/integration-test/target/test-dir/MiniOzoneClusterImpl-aaa18aea-9a54-4266-ac8a-f3420196151d/datanode-5/data/ratis/71108bd3-a0d9-4475-8e43-25d3e6f8b062] INFO  segmented.SegmentedRaftLogWorker (SegmentedRaftLogWorker.java:execute(569)) - 131506aa-e8d4-495f-9e31-6caa17857e33-SegmentedRaftLogWorker:Storage Directory /workdir/hadoop-ozone/integration-test/target/test-dir/MiniOzoneClusterImpl-aaa18aea-9a54-4266-ac8a-f3420196151d/datanode-5/data/ratis/71108bd3-a0d9-4475-8e43-25d3e6f8b062: created new log segment /workdir/hadoop-ozone/integration-test/target/test-dir/MiniOzoneClusterImpl-aaa18aea-9a54-4266-ac8a-f3420196151d/datanode-5/data/ratis/71108bd3-a0d9-4475-8e43-25d3e6f8b062/current/log_inprogress_0
2019-08-31 22:27:37,487 [4f048490-ee80-4dd1-86ce-d63d571007b5:group-91658440A578:LeaderElection24] INFO  impl.LeaderElection (LeaderElection.java:askForVotes(181)) - 4f048490-ee80-4dd1-86ce-d63d571007b5:group-91658440A578:LeaderElection24: begin an election at term 1 for -1: [4f048490-ee80-4dd1-86ce-d63d571007b5:192.168.34.42:37190, be9ed4ca-dce9-4f3d-9c6d-abd66b1838f6:192.168.34.42:36394, 094b17da-7f12-43e6-b453-785c127a2e77:192.168.34.42:34303], old=null
2019-08-31 22:27:37,487 [be9ed4ca-dce9-4f3d-9c6d-abd66b1838f6:group-91658440A578:LeaderElection23] INFO  impl.LeaderElection (LeaderElection.java:askForVotes(181)) - be9ed4ca-dce9-4f3d-9c6d-abd66b1838f6:group-91658440A578:LeaderElection23: begin an election at term 1 for -1: [4f048490-ee80-4dd1-86ce-d63d571007b5:192.168.34.42:37190, be9ed4ca-dce9-4f3d-9c6d-abd66b1838f6:192.168.34.42:36394, 094b17da-7f12-43e6-b453-785c127a2e77:192.168.34.42:34303], old=null
2019-08-31 22:27:37,487 [2c0e17a6-6c2f-4502-821a-909817d7c69c:group-BDA3476949CB:LeaderElection25] INFO  impl.LeaderElection (LeaderElection.java:askForVotes(181)) - 2c0e17a6-6c2f-4502-821a-909817d7c69c:group-BDA3476949CB:LeaderElection25: begin an election at term 1 for -1: [2c0e17a6-6c2f-4502-821a-909817d7c69c:192.168.34.42:44187], old=null
2019-08-31 22:27:37,488 [2c0e17a6-6c2f-4502-821a-909817d7c69c:group-BDA3476949CB:LeaderElection25] INFO  impl.RoleInfo (RoleInfo.java:shutdownLeaderElection(134)) - 2c0e17a6-6c2f-4502-821a-909817d7c69c: shutdown LeaderElection
2019-08-31 22:27:37,488 [2c0e17a6-6c2f-4502-821a-909817d7c69c:group-BDA3476949CB:LeaderElection25] INFO  impl.RaftServerImpl (RaftServerImpl.java:setRole(171)) - 2c0e17a6-6c2f-4502-821a-909817d7c69c:group-BDA3476949CB changes role from CANDIDATE to LEADER at term 1 for changeToLeader
2019-08-31 22:27:37,488 [2c0e17a6-6c2f-4502-821a-909817d7c69c:group-BDA3476949CB:LeaderElection25] INFO  impl.RaftServerImpl (ServerState.java:setLeader(263)) - 2c0e17a6-6c2f-4502-821a-909817d7c69c:group-BDA3476949CB change Leader from null to 2c0e17a6-6c2f-4502-821a-909817d7c69c at term 1 for becomeLeader, leader elected after 5191ms
2019-08-31 22:27:37,491 [2c0e17a6-6c2f-4502-821a-909817d7c69c:group-BDA3476949CB:LeaderElection25] INFO  server.RaftServerConfigKeys (ConfUtils.java:logGet(43)) - raft.server.staging.catchup.gap = 1000 (default)
2019-08-31 22:27:37,491 [2c0e17a6-6c2f-4502-821a-909817d7c69c:group-BDA3476949CB:LeaderElection25] INFO  server.RaftServerConfigKeys (ConfUtils.java:logGet(43)) - raft.server.rpc.sleep.time = 25ms (default)
2019-08-31 22:27:37,491 [2c0e17a6-6c2f-4502-821a-909817d7c69c:group-BDA3476949CB:LeaderElection25] INFO  server.RaftServerConfigKeys (ConfUtils.java:logGet(43)) - raft.server.write.element-limit = 4096 (default)
2019-08-31 22:27:37,491 [2c0e17a6-6c2f-4502-821a-909817d7c69c:group-BDA3476949CB:LeaderElection25] INFO  server.RaftServerConfigKeys (ConfUtils.java:logGet(43)) - raft.server.watch.timeout = 10s (default)
2019-08-31 22:27:37,491 [2c0e17a6-6c2f-4502-821a-909817d7c69c:group-BDA3476949CB:LeaderElection25] INFO  server.RaftServerConfigKeys (ConfUtils.java:logGet(43)) - raft.server.watch.timeout.denomination = 1s (default)
2019-08-31 22:27:37,492 [2c0e17a6-6c2f-4502-821a-909817d7c69c:group-BDA3476949CB:LeaderElection25] INFO  server.RaftServerConfigKeys (ConfUtils.java:logGet(43)) - raft.server.watch.element-limit = 65536 (default)
2019-08-31 22:27:37,492 [2c0e17a6-6c2f-4502-821a-909817d7c69c:group-BDA3476949CB:LeaderElection25] INFO  impl.RoleInfo (RoleInfo.java:updateAndGet(143)) - 2c0e17a6-6c2f-4502-821a-909817d7c69c: start LeaderState
2019-08-31 22:27:37,492 [2c0e17a6-6c2f-4502-821a-909817d7c69c:group-BDA3476949CB:LeaderElection25] INFO  segmented.SegmentedRaftLogWorker (SegmentedRaftLogWorker.java:startLogSegment(380)) - 2c0e17a6-6c2f-4502-821a-909817d7c69c-SegmentedRaftLogWorker:Storage Directory /workdir/hadoop-ozone/integration-test/target/test-dir/MiniOzoneClusterImpl-aaa18aea-9a54-4266-ac8a-f3420196151d/datanode-4/data/ratis/93b8e598-cac1-4aa7-b491-bda3476949cb: Starting segment from index:0
2019-08-31 22:27:37,493 [2c0e17a6-6c2f-4502-821a-909817d7c69c:group-BDA3476949CB:LeaderElection25] INFO  impl.RaftServerImpl (ServerState.java:setRaftConf(361)) - 2c0e17a6-6c2f-4502-821a-909817d7c69c:group-BDA3476949CB set configuration 0: [2c0e17a6-6c2f-4502-821a-909817d7c69c:192.168.34.42:44187], old=null at 0
2019-08-31 22:27:37,520 [Thread-779] INFO  impl.FollowerState (FollowerState.java:run(106)) - 78f9d08d-f53f-40cf-9f90-7f7c9603a942:group-3F692F425D9C changes to CANDIDATE, lastRpcTime:5023, electionTimeout:5014ms
2019-08-31 22:27:37,520 [Thread-779] INFO  impl.RoleInfo (RoleInfo.java:shutdownFollowerState(121)) - 78f9d08d-f53f-40cf-9f90-7f7c9603a942: shutdown FollowerState
2019-08-31 22:27:37,520 [Thread-779] INFO  impl.RaftServerImpl (RaftServerImpl.java:setRole(171)) - 78f9d08d-f53f-40cf-9f90-7f7c9603a942:group-3F692F425D9C changes role from FOLLOWER to CANDIDATE at term 0 for changeToCandidate
2019-08-31 22:27:37,523 [Thread-779] INFO  impl.RoleInfo (RoleInfo.java:updateAndGet(143)) - 78f9d08d-f53f-40cf-9f90-7f7c9603a942: start LeaderElection
2019-08-31 22:27:37,530 [grpc-default-executor-4] INFO  impl.RaftServerImpl (RaftServerImpl.java:setRole(171)) - 094b17da-7f12-43e6-b453-785c127a2e77:group-91658440A578 changes role from FOLLOWER to FOLLOWER at term 1 for recognizeCandidate:be9ed4ca-dce9-4f3d-9c6d-abd66b1838f6
2019-08-31 22:27:37,532 [grpc-default-executor-4] INFO  impl.RoleInfo (RoleInfo.java:shutdownFollowerState(121)) - 094b17da-7f12-43e6-b453-785c127a2e77: shutdown FollowerState
2019-08-31 22:27:37,533 [grpc-default-executor-4] INFO  impl.RoleInfo (RoleInfo.java:updateAndGet(143)) - 094b17da-7f12-43e6-b453-785c127a2e77: start FollowerState
2019-08-31 22:27:37,533 [Thread-766] INFO  impl.FollowerState (FollowerState.java:run(114)) - 094b17da-7f12-43e6-b453-785c127a2e77: FollowerState was interrupted: java.lang.InterruptedException: sleep interrupted
2019-08-31 22:27:37,534 [2c0e17a6-6c2f-4502-821a-909817d7c69c-SegmentedRaftLogWorker:Storage Directory /workdir/hadoop-ozone/integration-test/target/test-dir/MiniOzoneClusterImpl-aaa18aea-9a54-4266-ac8a-f3420196151d/datanode-4/data/ratis/93b8e598-cac1-4aa7-b491-bda3476949cb] INFO  segmented.SegmentedRaftLogWorker (SegmentedRaftLogWorker.java:execute(569)) - 2c0e17a6-6c2f-4502-821a-909817d7c69c-SegmentedRaftLogWorker:Storage Directory /workdir/hadoop-ozone/integration-test/target/test-dir/MiniOzoneClusterImpl-aaa18aea-9a54-4266-ac8a-f3420196151d/datanode-4/data/ratis/93b8e598-cac1-4aa7-b491-bda3476949cb: created new log segment /workdir/hadoop-ozone/integration-test/target/test-dir/MiniOzoneClusterImpl-aaa18aea-9a54-4266-ac8a-f3420196151d/datanode-4/data/ratis/93b8e598-cac1-4aa7-b491-bda3476949cb/current/log_inprogress_0
2019-08-31 22:27:37,535 [78f9d08d-f53f-40cf-9f90-7f7c9603a942:group-3F692F425D9C:LeaderElection26] INFO  impl.LeaderElection (LeaderElection.java:askForVotes(181)) - 78f9d08d-f53f-40cf-9f90-7f7c9603a942:group-3F692F425D9C:LeaderElection26: begin an election at term 1 for -1: [78f9d08d-f53f-40cf-9f90-7f7c9603a942:192.168.34.42:36857, 4a257c07-4fcc-43d2-8a6e-26fe808bf4d2:192.168.34.42:42364, 131506aa-e8d4-495f-9e31-6caa17857e33:192.168.34.42:40715], old=null
2019-08-31 22:27:37,540 [Thread-775] INFO  impl.FollowerState (FollowerState.java:run(106)) - 4a257c07-4fcc-43d2-8a6e-26fe808bf4d2:group-3F692F425D9C changes to CANDIDATE, lastRpcTime:5046, electionTimeout:5046ms
2019-08-31 22:27:37,540 [Thread-775] INFO  impl.RoleInfo (RoleInfo.java:shutdownFollowerState(121)) - 4a257c07-4fcc-43d2-8a6e-26fe808bf4d2: shutdown FollowerState
2019-08-31 22:27:37,540 [Thread-775] INFO  impl.RaftServerImpl (RaftServerImpl.java:setRole(171)) - 4a257c07-4fcc-43d2-8a6e-26fe808bf4d2:group-3F692F425D9C changes role from FOLLOWER to CANDIDATE at term 0 for changeToCandidate
2019-08-31 22:27:37,541 [Thread-775] INFO  impl.RoleInfo (RoleInfo.java:updateAndGet(143)) - 4a257c07-4fcc-43d2-8a6e-26fe808bf4d2: start LeaderElection
2019-08-31 22:27:37,556 [grpc-default-executor-0] INFO  impl.RaftServerImpl (RaftServerImpl.java:setRole(171)) - 131506aa-e8d4-495f-9e31-6caa17857e33:group-3F692F425D9C changes role from FOLLOWER to FOLLOWER at term 1 for recognizeCandidate:78f9d08d-f53f-40cf-9f90-7f7c9603a942
2019-08-31 22:27:37,556 [grpc-default-executor-0] INFO  impl.RoleInfo (RoleInfo.java:shutdownFollowerState(121)) - 131506aa-e8d4-495f-9e31-6caa17857e33: shutdown FollowerState
2019-08-31 22:27:37,557 [grpc-default-executor-0] INFO  impl.RoleInfo (RoleInfo.java:updateAndGet(143)) - 131506aa-e8d4-495f-9e31-6caa17857e33: start FollowerState
2019-08-31 22:27:37,557 [Thread-780] INFO  impl.FollowerState (FollowerState.java:run(114)) - 131506aa-e8d4-495f-9e31-6caa17857e33: FollowerState was interrupted: java.lang.InterruptedException: sleep interrupted
2019-08-31 22:27:37,560 [4f048490-ee80-4dd1-86ce-d63d571007b5:group-91658440A578:LeaderElection24] INFO  impl.LeaderElection (LeaderElection.java:logAndReturn(56)) - 4f048490-ee80-4dd1-86ce-d63d571007b5:group-91658440A578:LeaderElection24: Election REJECTED; received 2 response(s) [4f048490-ee80-4dd1-86ce-d63d571007b5<-be9ed4ca-dce9-4f3d-9c6d-abd66b1838f6#0:FAIL-t1, 4f048490-ee80-4dd1-86ce-d63d571007b5<-094b17da-7f12-43e6-b453-785c127a2e77#0:FAIL-t1] and 0 exception(s); 4f048490-ee80-4dd1-86ce-d63d571007b5:t1, leader=null, voted=4f048490-ee80-4dd1-86ce-d63d571007b5, raftlog=4f048490-ee80-4dd1-86ce-d63d571007b5-SegmentedRaftLog:OPENED:c-1,f-1,i0, conf=-1: [4f048490-ee80-4dd1-86ce-d63d571007b5:192.168.34.42:37190, be9ed4ca-dce9-4f3d-9c6d-abd66b1838f6:192.168.34.42:36394, 094b17da-7f12-43e6-b453-785c127a2e77:192.168.34.42:34303], old=null
2019-08-31 22:27:37,560 [4f048490-ee80-4dd1-86ce-d63d571007b5:group-91658440A578:LeaderElection24] INFO  impl.RaftServerImpl (RaftServerImpl.java:setRole(171)) - 4f048490-ee80-4dd1-86ce-d63d571007b5:group-91658440A578 changes role from CANDIDATE to FOLLOWER at term 1 for DISCOVERED_A_NEW_TERM
2019-08-31 22:27:37,560 [4f048490-ee80-4dd1-86ce-d63d571007b5:group-91658440A578:LeaderElection24] INFO  impl.RoleInfo (RoleInfo.java:shutdownLeaderElection(134)) - 4f048490-ee80-4dd1-86ce-d63d571007b5: shutdown LeaderElection
2019-08-31 22:27:37,560 [4f048490-ee80-4dd1-86ce-d63d571007b5:group-91658440A578:LeaderElection24] INFO  impl.RoleInfo (RoleInfo.java:updateAndGet(143)) - 4f048490-ee80-4dd1-86ce-d63d571007b5: start FollowerState
2019-08-31 22:27:37,560 [be9ed4ca-dce9-4f3d-9c6d-abd66b1838f6:group-91658440A578:LeaderElection23] INFO  impl.LeaderElection (LeaderElection.java:logAndReturn(56)) - be9ed4ca-dce9-4f3d-9c6d-abd66b1838f6:group-91658440A578:LeaderElection23: Election PASSED; received 2 response(s) [be9ed4ca-dce9-4f3d-9c6d-abd66b1838f6<-4f048490-ee80-4dd1-86ce-d63d571007b5#0:FAIL-t1, be9ed4ca-dce9-4f3d-9c6d-abd66b1838f6<-094b17da-7f12-43e6-b453-785c127a2e77#0:OK-t1] and 0 exception(s); be9ed4ca-dce9-4f3d-9c6d-abd66b1838f6:t1, leader=null, voted=be9ed4ca-dce9-4f3d-9c6d-abd66b1838f6, raftlog=be9ed4ca-dce9-4f3d-9c6d-abd66b1838f6-SegmentedRaftLog:OPENED:c-1,f-1,i0, conf=-1: [4f048490-ee80-4dd1-86ce-d63d571007b5:192.168.34.42:37190, be9ed4ca-dce9-4f3d-9c6d-abd66b1838f6:192.168.34.42:36394, 094b17da-7f12-43e6-b453-785c127a2e77:192.168.34.42:34303], old=null
2019-08-31 22:27:37,561 [be9ed4ca-dce9-4f3d-9c6d-abd66b1838f6:group-91658440A578:LeaderElection23] INFO  impl.RoleInfo (RoleInfo.java:shutdownLeaderElection(134)) - be9ed4ca-dce9-4f3d-9c6d-abd66b1838f6: shutdown LeaderElection
2019-08-31 22:27:37,561 [be9ed4ca-dce9-4f3d-9c6d-abd66b1838f6:group-91658440A578:LeaderElection23] INFO  impl.RaftServerImpl (RaftServerImpl.java:setRole(171)) - be9ed4ca-dce9-4f3d-9c6d-abd66b1838f6:group-91658440A578 changes role from CANDIDATE to LEADER at term 1 for changeToLeader
2019-08-31 22:27:37,561 [be9ed4ca-dce9-4f3d-9c6d-abd66b1838f6:group-91658440A578:LeaderElection23] INFO  impl.RaftServerImpl (ServerState.java:setLeader(263)) - be9ed4ca-dce9-4f3d-9c6d-abd66b1838f6:group-91658440A578 change Leader from null to be9ed4ca-dce9-4f3d-9c6d-abd66b1838f6 at term 1 for becomeLeader, leader elected after 5148ms
2019-08-31 22:27:37,561 [be9ed4ca-dce9-4f3d-9c6d-abd66b1838f6:group-91658440A578:LeaderElection23] INFO  server.RaftServerConfigKeys (ConfUtils.java:logGet(43)) - raft.server.staging.catchup.gap = 1000 (default)
2019-08-31 22:27:37,561 [be9ed4ca-dce9-4f3d-9c6d-abd66b1838f6:group-91658440A578:LeaderElection23] INFO  server.RaftServerConfigKeys (ConfUtils.java:logGet(43)) - raft.server.rpc.sleep.time = 25ms (default)
2019-08-31 22:27:37,561 [be9ed4ca-dce9-4f3d-9c6d-abd66b1838f6:group-91658440A578:LeaderElection23] INFO  server.RaftServerConfigKeys (ConfUtils.java:logGet(43)) - raft.server.write.element-limit = 4096 (default)
2019-08-31 22:27:37,561 [be9ed4ca-dce9-4f3d-9c6d-abd66b1838f6:group-91658440A578:LeaderElection23] INFO  server.RaftServerConfigKeys (ConfUtils.java:logGet(43)) - raft.server.watch.timeout = 10s (default)
2019-08-31 22:27:37,561 [be9ed4ca-dce9-4f3d-9c6d-abd66b1838f6:group-91658440A578:LeaderElection23] INFO  server.RaftServerConfigKeys (ConfUtils.java:logGet(43)) - raft.server.watch.timeout.denomination = 1s (default)
2019-08-31 22:27:37,562 [be9ed4ca-dce9-4f3d-9c6d-abd66b1838f6:group-91658440A578:LeaderElection23] INFO  server.RaftServerConfigKeys (ConfUtils.java:logGet(43)) - raft.server.watch.element-limit = 65536 (default)
2019-08-31 22:27:37,562 [be9ed4ca-dce9-4f3d-9c6d-abd66b1838f6:group-91658440A578:LeaderElection23] INFO  server.RaftServerConfigKeys (ConfUtils.java:logGet(43)) - raft.server.log.appender.snapshot.chunk.size.max = 16MB (=16777216) (default)
2019-08-31 22:27:37,562 [be9ed4ca-dce9-4f3d-9c6d-abd66b1838f6:group-91658440A578:LeaderElection23] INFO  server.RaftServerConfigKeys (ConfUtils.java:logGet(43)) - raft.server.log.appender.buffer.byte-limit = 33554432 (custom)
2019-08-31 22:27:37,562 [be9ed4ca-dce9-4f3d-9c6d-abd66b1838f6:group-91658440A578:LeaderElection23] INFO  server.RaftServerConfigKeys (ConfUtils.java:logGet(43)) - raft.server.log.appender.buffer.element-limit = 1 (custom)
2019-08-31 22:27:37,562 [be9ed4ca-dce9-4f3d-9c6d-abd66b1838f6:group-91658440A578:LeaderElection23] INFO  grpc.GrpcConfigKeys$Server (ConfUtils.java:logGet(43)) - raft.grpc.server.leader.outstanding.appends.max = 128 (default)
2019-08-31 22:27:37,563 [be9ed4ca-dce9-4f3d-9c6d-abd66b1838f6:group-91658440A578:LeaderElection23] INFO  server.RaftServerConfigKeys (ConfUtils.java:logGet(43)) - raft.server.rpc.request.timeout = 3000ms (default)
2019-08-31 22:27:37,563 [be9ed4ca-dce9-4f3d-9c6d-abd66b1838f6:group-91658440A578:LeaderElection23] INFO  server.RaftServerConfigKeys (ConfUtils.java:logGet(43)) - raft.server.log.appender.install.snapshot.enabled = false (custom)
2019-08-31 22:27:37,563 [be9ed4ca-dce9-4f3d-9c6d-abd66b1838f6:group-91658440A578:LeaderElection23] INFO  server.RaftServerConfigKeys (ConfUtils.java:logGet(43)) - raft.server.log.appender.snapshot.chunk.size.max = 16MB (=16777216) (default)
2019-08-31 22:27:37,563 [be9ed4ca-dce9-4f3d-9c6d-abd66b1838f6:group-91658440A578:LeaderElection23] INFO  server.RaftServerConfigKeys (ConfUtils.java:logGet(43)) - raft.server.log.appender.buffer.byte-limit = 33554432 (custom)
2019-08-31 22:27:37,563 [be9ed4ca-dce9-4f3d-9c6d-abd66b1838f6:group-91658440A578:LeaderElection23] INFO  server.RaftServerConfigKeys (ConfUtils.java:logGet(43)) - raft.server.log.appender.buffer.element-limit = 1 (custom)
2019-08-31 22:27:37,563 [be9ed4ca-dce9-4f3d-9c6d-abd66b1838f6:group-91658440A578:LeaderElection23] INFO  grpc.GrpcConfigKeys$Server (ConfUtils.java:logGet(43)) - raft.grpc.server.leader.outstanding.appends.max = 128 (default)
2019-08-31 22:27:37,563 [be9ed4ca-dce9-4f3d-9c6d-abd66b1838f6:group-91658440A578:LeaderElection23] INFO  server.RaftServerConfigKeys (ConfUtils.java:logGet(43)) - raft.server.rpc.request.timeout = 3000ms (default)
2019-08-31 22:27:37,563 [be9ed4ca-dce9-4f3d-9c6d-abd66b1838f6:group-91658440A578:LeaderElection23] INFO  server.RaftServerConfigKeys (ConfUtils.java:logGet(43)) - raft.server.log.appender.install.snapshot.enabled = false (custom)
2019-08-31 22:27:37,564 [be9ed4ca-dce9-4f3d-9c6d-abd66b1838f6:group-91658440A578:LeaderElection23] INFO  impl.RoleInfo (RoleInfo.java:updateAndGet(143)) - be9ed4ca-dce9-4f3d-9c6d-abd66b1838f6: start LeaderState
2019-08-31 22:27:37,564 [be9ed4ca-dce9-4f3d-9c6d-abd66b1838f6:group-91658440A578:LeaderElection23] INFO  segmented.SegmentedRaftLogWorker (SegmentedRaftLogWorker.java:startLogSegment(380)) - be9ed4ca-dce9-4f3d-9c6d-abd66b1838f6-SegmentedRaftLogWorker:Storage Directory /workdir/hadoop-ozone/integration-test/target/test-dir/MiniOzoneClusterImpl-aaa18aea-9a54-4266-ac8a-f3420196151d/datanode-0/data/ratis/82ef3a5b-cbcb-4051-a853-91658440a578: Starting segment from index:0
2019-08-31 22:27:37,565 [be9ed4ca-dce9-4f3d-9c6d-abd66b1838f6:group-91658440A578:LeaderElection23] INFO  impl.RaftServerImpl (ServerState.java:setRaftConf(361)) - be9ed4ca-dce9-4f3d-9c6d-abd66b1838f6:group-91658440A578 set configuration 0: [4f048490-ee80-4dd1-86ce-d63d571007b5:192.168.34.42:37190, be9ed4ca-dce9-4f3d-9c6d-abd66b1838f6:192.168.34.42:36394, 094b17da-7f12-43e6-b453-785c127a2e77:192.168.34.42:34303], old=null at 0
2019-08-31 22:27:37,595 [4a257c07-4fcc-43d2-8a6e-26fe808bf4d2:group-3F692F425D9C:LeaderElection27] INFO  impl.LeaderElection (LeaderElection.java:askForVotes(181)) - 4a257c07-4fcc-43d2-8a6e-26fe808bf4d2:group-3F692F425D9C:LeaderElection27: begin an election at term 1 for -1: [78f9d08d-f53f-40cf-9f90-7f7c9603a942:192.168.34.42:36857, 4a257c07-4fcc-43d2-8a6e-26fe808bf4d2:192.168.34.42:42364, 131506aa-e8d4-495f-9e31-6caa17857e33:192.168.34.42:40715], old=null
2019-08-31 22:27:37,600 [78f9d08d-f53f-40cf-9f90-7f7c9603a942:group-3F692F425D9C:LeaderElection26] INFO  impl.LeaderElection (LeaderElection.java:logAndReturn(56)) - 78f9d08d-f53f-40cf-9f90-7f7c9603a942:group-3F692F425D9C:LeaderElection26: Election PASSED; received 1 response(s) [78f9d08d-f53f-40cf-9f90-7f7c9603a942<-131506aa-e8d4-495f-9e31-6caa17857e33#0:OK-t1] and 0 exception(s); 78f9d08d-f53f-40cf-9f90-7f7c9603a942:t1, leader=null, voted=78f9d08d-f53f-40cf-9f90-7f7c9603a942, raftlog=78f9d08d-f53f-40cf-9f90-7f7c9603a942-SegmentedRaftLog:OPENED:c-1,f-1,i0, conf=-1: [78f9d08d-f53f-40cf-9f90-7f7c9603a942:192.168.34.42:36857, 4a257c07-4fcc-43d2-8a6e-26fe808bf4d2:192.168.34.42:42364, 131506aa-e8d4-495f-9e31-6caa17857e33:192.168.34.42:40715], old=null
2019-08-31 22:27:37,600 [78f9d08d-f53f-40cf-9f90-7f7c9603a942:group-3F692F425D9C:LeaderElection26] INFO  impl.RoleInfo (RoleInfo.java:shutdownLeaderElection(134)) - 78f9d08d-f53f-40cf-9f90-7f7c9603a942: shutdown LeaderElection
2019-08-31 22:27:37,600 [78f9d08d-f53f-40cf-9f90-7f7c9603a942:group-3F692F425D9C:LeaderElection26] INFO  impl.RaftServerImpl (RaftServerImpl.java:setRole(171)) - 78f9d08d-f53f-40cf-9f90-7f7c9603a942:group-3F692F425D9C changes role from CANDIDATE to LEADER at term 1 for changeToLeader
2019-08-31 22:27:37,600 [78f9d08d-f53f-40cf-9f90-7f7c9603a942:group-3F692F425D9C:LeaderElection26] INFO  impl.RaftServerImpl (ServerState.java:setLeader(263)) - 78f9d08d-f53f-40cf-9f90-7f7c9603a942:group-3F692F425D9C change Leader from null to 78f9d08d-f53f-40cf-9f90-7f7c9603a942 at term 1 for becomeLeader, leader elected after 5116ms
2019-08-31 22:27:37,600 [grpc-default-executor-0] INFO  impl.RaftServerImpl (ServerState.java:setLeader(263)) - 4f048490-ee80-4dd1-86ce-d63d571007b5:group-91658440A578 change Leader from null to be9ed4ca-dce9-4f3d-9c6d-abd66b1838f6 at term 1 for appendEntries, leader elected after 5188ms
2019-08-31 22:27:37,600 [78f9d08d-f53f-40cf-9f90-7f7c9603a942:group-3F692F425D9C:LeaderElection26] INFO  server.RaftServerConfigKeys (ConfUtils.java:logGet(43)) - raft.server.staging.catchup.gap = 1000 (default)
2019-08-31 22:27:37,601 [grpc-default-executor-2] INFO  impl.RaftServerImpl (ServerState.java:setLeader(263)) - 094b17da-7f12-43e6-b453-785c127a2e77:group-91658440A578 change Leader from null to be9ed4ca-dce9-4f3d-9c6d-abd66b1838f6 at term 1 for appendEntries, leader elected after 5189ms
2019-08-31 22:27:37,601 [78f9d08d-f53f-40cf-9f90-7f7c9603a942:group-3F692F425D9C:LeaderElection26] INFO  server.RaftServerConfigKeys (ConfUtils.java:logGet(43)) - raft.server.rpc.sleep.time = 25ms (default)
2019-08-31 22:27:37,601 [78f9d08d-f53f-40cf-9f90-7f7c9603a942:group-3F692F425D9C:LeaderElection26] INFO  server.RaftServerConfigKeys (ConfUtils.java:logGet(43)) - raft.server.write.element-limit = 4096 (default)
2019-08-31 22:27:37,601 [78f9d08d-f53f-40cf-9f90-7f7c9603a942:group-3F692F425D9C:LeaderElection26] INFO  server.RaftServerConfigKeys (ConfUtils.java:logGet(43)) - raft.server.watch.timeout = 10s (default)
2019-08-31 22:27:37,602 [78f9d08d-f53f-40cf-9f90-7f7c9603a942:group-3F692F425D9C:LeaderElection26] INFO  server.RaftServerConfigKeys (ConfUtils.java:logGet(43)) - raft.server.watch.timeout.denomination = 1s (default)
2019-08-31 22:27:37,602 [78f9d08d-f53f-40cf-9f90-7f7c9603a942:group-3F692F425D9C:LeaderElection26] INFO  server.RaftServerConfigKeys (ConfUtils.java:logGet(43)) - raft.server.watch.element-limit = 65536 (default)
2019-08-31 22:27:37,602 [78f9d08d-f53f-40cf-9f90-7f7c9603a942:group-3F692F425D9C:LeaderElection26] INFO  server.RaftServerConfigKeys (ConfUtils.java:logGet(43)) - raft.server.log.appender.snapshot.chunk.size.max = 16MB (=16777216) (default)
2019-08-31 22:27:37,602 [78f9d08d-f53f-40cf-9f90-7f7c9603a942:group-3F692F425D9C:LeaderElection26] INFO  server.RaftServerConfigKeys (ConfUtils.java:logGet(43)) - raft.server.log.appender.buffer.byte-limit = 33554432 (custom)
2019-08-31 22:27:37,602 [78f9d08d-f53f-40cf-9f90-7f7c9603a942:group-3F692F425D9C:LeaderElection26] INFO  server.RaftServerConfigKeys (ConfUtils.java:logGet(43)) - raft.server.log.appender.buffer.element-limit = 1 (custom)
2019-08-31 22:27:37,602 [78f9d08d-f53f-40cf-9f90-7f7c9603a942:group-3F692F425D9C:LeaderElection26] INFO  grpc.GrpcConfigKeys$Server (ConfUtils.java:logGet(43)) - raft.grpc.server.leader.outstanding.appends.max = 128 (default)
2019-08-31 22:27:37,603 [78f9d08d-f53f-40cf-9f90-7f7c9603a942:group-3F692F425D9C:LeaderElection26] INFO  server.RaftServerConfigKeys (ConfUtils.java:logGet(43)) - raft.server.rpc.request.timeout = 3000ms (default)
2019-08-31 22:27:37,603 [78f9d08d-f53f-40cf-9f90-7f7c9603a942:group-3F692F425D9C:LeaderElection26] INFO  server.RaftServerConfigKeys (ConfUtils.java:logGet(43)) - raft.server.log.appender.install.snapshot.enabled = false (custom)
2019-08-31 22:27:37,603 [78f9d08d-f53f-40cf-9f90-7f7c9603a942:group-3F692F425D9C:LeaderElection26] INFO  server.RaftServerConfigKeys (ConfUtils.java:logGet(43)) - raft.server.log.appender.snapshot.chunk.size.max = 16MB (=16777216) (default)
2019-08-31 22:27:37,603 [78f9d08d-f53f-40cf-9f90-7f7c9603a942:group-3F692F425D9C:LeaderElection26] INFO  server.RaftServerConfigKeys (ConfUtils.java:logGet(43)) - raft.server.log.appender.buffer.byte-limit = 33554432 (custom)
2019-08-31 22:27:37,603 [78f9d08d-f53f-40cf-9f90-7f7c9603a942:group-3F692F425D9C:LeaderElection26] INFO  server.RaftServerConfigKeys (ConfUtils.java:logGet(43)) - raft.server.log.appender.buffer.element-limit = 1 (custom)
2019-08-31 22:27:37,603 [78f9d08d-f53f-40cf-9f90-7f7c9603a942:group-3F692F425D9C:LeaderElection26] INFO  grpc.GrpcConfigKeys$Server (ConfUtils.java:logGet(43)) - raft.grpc.server.leader.outstanding.appends.max = 128 (default)
2019-08-31 22:27:37,604 [78f9d08d-f53f-40cf-9f90-7f7c9603a942:group-3F692F425D9C:LeaderElection26] INFO  server.RaftServerConfigKeys (ConfUtils.java:logGet(43)) - raft.server.rpc.request.timeout = 3000ms (default)
2019-08-31 22:27:37,604 [78f9d08d-f53f-40cf-9f90-7f7c9603a942:group-3F692F425D9C:LeaderElection26] INFO  server.RaftServerConfigKeys (ConfUtils.java:logGet(43)) - raft.server.log.appender.install.snapshot.enabled = false (custom)
2019-08-31 22:27:37,604 [78f9d08d-f53f-40cf-9f90-7f7c9603a942:group-3F692F425D9C:LeaderElection26] INFO  impl.RoleInfo (RoleInfo.java:updateAndGet(143)) - 78f9d08d-f53f-40cf-9f90-7f7c9603a942: start LeaderState
2019-08-31 22:27:37,604 [78f9d08d-f53f-40cf-9f90-7f7c9603a942:group-3F692F425D9C:LeaderElection26] INFO  segmented.SegmentedRaftLogWorker (SegmentedRaftLogWorker.java:startLogSegment(380)) - 78f9d08d-f53f-40cf-9f90-7f7c9603a942-SegmentedRaftLogWorker:Storage Directory /workdir/hadoop-ozone/integration-test/target/test-dir/MiniOzoneClusterImpl-aaa18aea-9a54-4266-ac8a-f3420196151d/datanode-2/data/ratis/543c2b02-630f-46c9-b5f0-3f692f425d9c: Starting segment from index:0
2019-08-31 22:27:37,606 [grpc-default-executor-4] INFO  impl.RaftServerImpl (ServerState.java:setRaftConf(361)) - 4f048490-ee80-4dd1-86ce-d63d571007b5:group-91658440A578 set configuration 0: [4f048490-ee80-4dd1-86ce-d63d571007b5:192.168.34.42:37190, be9ed4ca-dce9-4f3d-9c6d-abd66b1838f6:192.168.34.42:36394, 094b17da-7f12-43e6-b453-785c127a2e77:192.168.34.42:34303], old=null at 0
2019-08-31 22:27:37,606 [grpc-default-executor-4] INFO  segmented.SegmentedRaftLogWorker (SegmentedRaftLogWorker.java:startLogSegment(380)) - 4f048490-ee80-4dd1-86ce-d63d571007b5-SegmentedRaftLogWorker:Storage Directory /workdir/hadoop-ozone/integration-test/target/test-dir/MiniOzoneClusterImpl-aaa18aea-9a54-4266-ac8a-f3420196151d/datanode-3/data/ratis/82ef3a5b-cbcb-4051-a853-91658440a578: Starting segment from index:0
2019-08-31 22:27:37,607 [78f9d08d-f53f-40cf-9f90-7f7c9603a942:group-3F692F425D9C:LeaderElection26] INFO  impl.RaftServerImpl (ServerState.java:setRaftConf(361)) - 78f9d08d-f53f-40cf-9f90-7f7c9603a942:group-3F692F425D9C set configuration 0: [78f9d08d-f53f-40cf-9f90-7f7c9603a942:192.168.34.42:36857, 4a257c07-4fcc-43d2-8a6e-26fe808bf4d2:192.168.34.42:42364, 131506aa-e8d4-495f-9e31-6caa17857e33:192.168.34.42:40715], old=null at 0
2019-08-31 22:27:37,643 [grpc-default-executor-0] INFO  impl.RaftServerImpl (RaftServerImpl.java:requestVote(754)) - 78f9d08d-f53f-40cf-9f90-7f7c9603a942-LEADER: Withhold vote from candidate 4a257c07-4fcc-43d2-8a6e-26fe808bf4d2 with term 1. State: leader=78f9d08d-f53f-40cf-9f90-7f7c9603a942, term=1, lastRpcElapsed=null
2019-08-31 22:27:37,643 [be9ed4ca-dce9-4f3d-9c6d-abd66b1838f6-SegmentedRaftLogWorker:Storage Directory /workdir/hadoop-ozone/integration-test/target/test-dir/MiniOzoneClusterImpl-aaa18aea-9a54-4266-ac8a-f3420196151d/datanode-0/data/ratis/82ef3a5b-cbcb-4051-a853-91658440a578] INFO  segmented.SegmentedRaftLogWorker (SegmentedRaftLogWorker.java:execute(569)) - be9ed4ca-dce9-4f3d-9c6d-abd66b1838f6-SegmentedRaftLogWorker:Storage Directory /workdir/hadoop-ozone/integration-test/target/test-dir/MiniOzoneClusterImpl-aaa18aea-9a54-4266-ac8a-f3420196151d/datanode-0/data/ratis/82ef3a5b-cbcb-4051-a853-91658440a578: created new log segment /workdir/hadoop-ozone/integration-test/target/test-dir/MiniOzoneClusterImpl-aaa18aea-9a54-4266-ac8a-f3420196151d/datanode-0/data/ratis/82ef3a5b-cbcb-4051-a853-91658440a578/current/log_inprogress_0
2019-08-31 22:27:37,644 [grpc-default-executor-2] INFO  impl.RaftServerImpl (ServerState.java:setRaftConf(361)) - 094b17da-7f12-43e6-b453-785c127a2e77:group-91658440A578 set configuration 0: [4f048490-ee80-4dd1-86ce-d63d571007b5:192.168.34.42:37190, be9ed4ca-dce9-4f3d-9c6d-abd66b1838f6:192.168.34.42:36394, 094b17da-7f12-43e6-b453-785c127a2e77:192.168.34.42:34303], old=null at 0
2019-08-31 22:27:37,644 [grpc-default-executor-2] INFO  segmented.SegmentedRaftLogWorker (SegmentedRaftLogWorker.java:startLogSegment(380)) - 094b17da-7f12-43e6-b453-785c127a2e77-SegmentedRaftLogWorker:Storage Directory /workdir/hadoop-ozone/integration-test/target/test-dir/MiniOzoneClusterImpl-aaa18aea-9a54-4266-ac8a-f3420196151d/datanode-1/data/ratis/82ef3a5b-cbcb-4051-a853-91658440a578: Starting segment from index:0
2019-08-31 22:27:37,645 [4a257c07-4fcc-43d2-8a6e-26fe808bf4d2:group-3F692F425D9C:LeaderElection27] INFO  impl.LeaderElection (LeaderElection.java:logAndReturn(56)) - 4a257c07-4fcc-43d2-8a6e-26fe808bf4d2:group-3F692F425D9C:LeaderElection27: Election REJECTED; received 2 response(s) [4a257c07-4fcc-43d2-8a6e-26fe808bf4d2<-78f9d08d-f53f-40cf-9f90-7f7c9603a942#0:FAIL-t1, 4a257c07-4fcc-43d2-8a6e-26fe808bf4d2<-131506aa-e8d4-495f-9e31-6caa17857e33#0:FAIL-t1] and 0 exception(s); 4a257c07-4fcc-43d2-8a6e-26fe808bf4d2:t1, leader=null, voted=4a257c07-4fcc-43d2-8a6e-26fe808bf4d2, raftlog=4a257c07-4fcc-43d2-8a6e-26fe808bf4d2-SegmentedRaftLog:OPENED:c-1,f-1,i0, conf=-1: [78f9d08d-f53f-40cf-9f90-7f7c9603a942:192.168.34.42:36857, 4a257c07-4fcc-43d2-8a6e-26fe808bf4d2:192.168.34.42:42364, 131506aa-e8d4-495f-9e31-6caa17857e33:192.168.34.42:40715], old=null
2019-08-31 22:27:37,686 [78f9d08d-f53f-40cf-9f90-7f7c9603a942-SegmentedRaftLogWorker:Storage Directory /workdir/hadoop-ozone/integration-test/target/test-dir/MiniOzoneClusterImpl-aaa18aea-9a54-4266-ac8a-f3420196151d/datanode-2/data/ratis/543c2b02-630f-46c9-b5f0-3f692f425d9c] INFO  segmented.SegmentedRaftLogWorker (SegmentedRaftLogWorker.java:execute(569)) - 78f9d08d-f53f-40cf-9f90-7f7c9603a942-SegmentedRaftLogWorker:Storage Directory /workdir/hadoop-ozone/integration-test/target/test-dir/MiniOzoneClusterImpl-aaa18aea-9a54-4266-ac8a-f3420196151d/datanode-2/data/ratis/543c2b02-630f-46c9-b5f0-3f692f425d9c: created new log segment /workdir/hadoop-ozone/integration-test/target/test-dir/MiniOzoneClusterImpl-aaa18aea-9a54-4266-ac8a-f3420196151d/datanode-2/data/ratis/543c2b02-630f-46c9-b5f0-3f692f425d9c/current/log_inprogress_0
2019-08-31 22:27:37,686 [grpc-default-executor-2] INFO  impl.RaftServerImpl (ServerState.java:setLeader(263)) - 131506aa-e8d4-495f-9e31-6caa17857e33:group-3F692F425D9C change Leader from null to 78f9d08d-f53f-40cf-9f90-7f7c9603a942 at term 1 for appendEntries, leader elected after 5201ms
2019-08-31 22:27:37,686 [4a257c07-4fcc-43d2-8a6e-26fe808bf4d2:group-3F692F425D9C:LeaderElection27] INFO  impl.RaftServerImpl (RaftServerImpl.java:setRole(171)) - 4a257c07-4fcc-43d2-8a6e-26fe808bf4d2:group-3F692F425D9C changes role from CANDIDATE to FOLLOWER at term 1 for DISCOVERED_A_NEW_TERM
2019-08-31 22:27:37,687 [4a257c07-4fcc-43d2-8a6e-26fe808bf4d2:group-3F692F425D9C:LeaderElection27] INFO  impl.RoleInfo (RoleInfo.java:shutdownLeaderElection(134)) - 4a257c07-4fcc-43d2-8a6e-26fe808bf4d2: shutdown LeaderElection
2019-08-31 22:27:37,687 [4a257c07-4fcc-43d2-8a6e-26fe808bf4d2:group-3F692F425D9C:LeaderElection27] INFO  impl.RoleInfo (RoleInfo.java:updateAndGet(143)) - 4a257c07-4fcc-43d2-8a6e-26fe808bf4d2: start FollowerState
2019-08-31 22:27:37,688 [grpc-default-executor-0] INFO  impl.RaftServerImpl (ServerState.java:setLeader(263)) - 4a257c07-4fcc-43d2-8a6e-26fe808bf4d2:group-3F692F425D9C change Leader from null to 78f9d08d-f53f-40cf-9f90-7f7c9603a942 at term 1 for appendEntries, leader elected after 5203ms
2019-08-31 22:27:37,693 [grpc-default-executor-0] INFO  client.GrpcClientProtocolClient (GrpcClientProtocolClient.java:onNext(255)) - client-13F9D6D6E6E8->094b17da-7f12-43e6-b453-785c127a2e77: receive RaftClientReply:client-13F9D6D6E6E8->094b17da-7f12-43e6-b453-785c127a2e77@group-91658440A578, cid=41, FAILED org.apache.ratis.protocol.NotLeaderException: Server 094b17da-7f12-43e6-b453-785c127a2e77 is not the leader (be9ed4ca-dce9-4f3d-9c6d-abd66b1838f6:192.168.34.42:36394). Request must be sent to leader., logIndex=0, commits[094b17da-7f12-43e6-b453-785c127a2e77:c-1, 4f048490-ee80-4dd1-86ce-d63d571007b5:c-1, be9ed4ca-dce9-4f3d-9c6d-abd66b1838f6:c-1]
2019-08-31 22:27:37,701 [094b17da-7f12-43e6-b453-785c127a2e77-SegmentedRaftLogWorker:Storage Directory /workdir/hadoop-ozone/integration-test/target/test-dir/MiniOzoneClusterImpl-aaa18aea-9a54-4266-ac8a-f3420196151d/datanode-1/data/ratis/82ef3a5b-cbcb-4051-a853-91658440a578] INFO  segmented.SegmentedRaftLogWorker (SegmentedRaftLogWorker.java:execute(569)) - 094b17da-7f12-43e6-b453-785c127a2e77-SegmentedRaftLogWorker:Storage Directory /workdir/hadoop-ozone/integration-test/target/test-dir/MiniOzoneClusterImpl-aaa18aea-9a54-4266-ac8a-f3420196151d/datanode-1/data/ratis/82ef3a5b-cbcb-4051-a853-91658440a578: created new log segment /workdir/hadoop-ozone/integration-test/target/test-dir/MiniOzoneClusterImpl-aaa18aea-9a54-4266-ac8a-f3420196151d/datanode-1/data/ratis/82ef3a5b-cbcb-4051-a853-91658440a578/current/log_inprogress_0
2019-08-31 22:27:37,701 [4f048490-ee80-4dd1-86ce-d63d571007b5-SegmentedRaftLogWorker:Storage Directory /workdir/hadoop-ozone/integration-test/target/test-dir/MiniOzoneClusterImpl-aaa18aea-9a54-4266-ac8a-f3420196151d/datanode-3/data/ratis/82ef3a5b-cbcb-4051-a853-91658440a578] INFO  segmented.SegmentedRaftLogWorker (SegmentedRaftLogWorker.java:execute(569)) - 4f048490-ee80-4dd1-86ce-d63d571007b5-SegmentedRaftLogWorker:Storage Directory /workdir/hadoop-ozone/integration-test/target/test-dir/MiniOzoneClusterImpl-aaa18aea-9a54-4266-ac8a-f3420196151d/datanode-3/data/ratis/82ef3a5b-cbcb-4051-a853-91658440a578: created new log segment /workdir/hadoop-ozone/integration-test/target/test-dir/MiniOzoneClusterImpl-aaa18aea-9a54-4266-ac8a-f3420196151d/datanode-3/data/ratis/82ef3a5b-cbcb-4051-a853-91658440a578/current/log_inprogress_0
2019-08-31 22:27:37,703 [grpc-default-executor-4] INFO  impl.RaftServerImpl (ServerState.java:setRaftConf(361)) - 4a257c07-4fcc-43d2-8a6e-26fe808bf4d2:group-3F692F425D9C set configuration 0: [78f9d08d-f53f-40cf-9f90-7f7c9603a942:192.168.34.42:36857, 4a257c07-4fcc-43d2-8a6e-26fe808bf4d2:192.168.34.42:42364, 131506aa-e8d4-495f-9e31-6caa17857e33:192.168.34.42:40715], old=null at 0
2019-08-31 22:27:37,703 [grpc-default-executor-2] INFO  impl.RaftServerImpl (ServerState.java:setRaftConf(361)) - 131506aa-e8d4-495f-9e31-6caa17857e33:group-3F692F425D9C set configuration 0: [78f9d08d-f53f-40cf-9f90-7f7c9603a942:192.168.34.42:36857, 4a257c07-4fcc-43d2-8a6e-26fe808bf4d2:192.168.34.42:42364, 131506aa-e8d4-495f-9e31-6caa17857e33:192.168.34.42:40715], old=null at 0
2019-08-31 22:27:37,706 [grpc-default-executor-4] INFO  segmented.SegmentedRaftLogWorker (SegmentedRaftLogWorker.java:startLogSegment(380)) - 4a257c07-4fcc-43d2-8a6e-26fe808bf4d2-SegmentedRaftLogWorker:Storage Directory /workdir/hadoop-ozone/integration-test/target/test-dir/MiniOzoneClusterImpl-aaa18aea-9a54-4266-ac8a-f3420196151d/datanode-6/data/ratis/543c2b02-630f-46c9-b5f0-3f692f425d9c: Starting segment from index:0
2019-08-31 22:27:37,706 [grpc-default-executor-2] INFO  segmented.SegmentedRaftLogWorker (SegmentedRaftLogWorker.java:startLogSegment(380)) - 131506aa-e8d4-495f-9e31-6caa17857e33-SegmentedRaftLogWorker:Storage Directory /workdir/hadoop-ozone/integration-test/target/test-dir/MiniOzoneClusterImpl-aaa18aea-9a54-4266-ac8a-f3420196151d/datanode-5/data/ratis/543c2b02-630f-46c9-b5f0-3f692f425d9c: Starting segment from index:0
2019-08-31 22:27:37,760 [131506aa-e8d4-495f-9e31-6caa17857e33-SegmentedRaftLogWorker:Storage Directory /workdir/hadoop-ozone/integration-test/target/test-dir/MiniOzoneClusterImpl-aaa18aea-9a54-4266-ac8a-f3420196151d/datanode-5/data/ratis/543c2b02-630f-46c9-b5f0-3f692f425d9c] INFO  segmented.SegmentedRaftLogWorker (SegmentedRaftLogWorker.java:execute(569)) - 131506aa-e8d4-495f-9e31-6caa17857e33-SegmentedRaftLogWorker:Storage Directory /workdir/hadoop-ozone/integration-test/target/test-dir/MiniOzoneClusterImpl-aaa18aea-9a54-4266-ac8a-f3420196151d/datanode-5/data/ratis/543c2b02-630f-46c9-b5f0-3f692f425d9c: created new log segment /workdir/hadoop-ozone/integration-test/target/test-dir/MiniOzoneClusterImpl-aaa18aea-9a54-4266-ac8a-f3420196151d/datanode-5/data/ratis/543c2b02-630f-46c9-b5f0-3f692f425d9c/current/log_inprogress_0
2019-08-31 22:27:37,760 [4a257c07-4fcc-43d2-8a6e-26fe808bf4d2-SegmentedRaftLogWorker:Storage Directory /workdir/hadoop-ozone/integration-test/target/test-dir/MiniOzoneClusterImpl-aaa18aea-9a54-4266-ac8a-f3420196151d/datanode-6/data/ratis/543c2b02-630f-46c9-b5f0-3f692f425d9c] INFO  segmented.SegmentedRaftLogWorker (SegmentedRaftLogWorker.java:execute(569)) - 4a257c07-4fcc-43d2-8a6e-26fe808bf4d2-SegmentedRaftLogWorker:Storage Directory /workdir/hadoop-ozone/integration-test/target/test-dir/MiniOzoneClusterImpl-aaa18aea-9a54-4266-ac8a-f3420196151d/datanode-6/data/ratis/543c2b02-630f-46c9-b5f0-3f692f425d9c: created new log segment /workdir/hadoop-ozone/integration-test/target/test-dir/MiniOzoneClusterImpl-aaa18aea-9a54-4266-ac8a-f3420196151d/datanode-6/data/ratis/543c2b02-630f-46c9-b5f0-3f692f425d9c/current/log_inprogress_0
2019-08-31 22:27:37,861 | INFO  | DNAudit | user=null | ip=null | op=CREATE_CONTAINER {containerID=1, containerType=KeyValueContainer} | ret=SUCCESS |  
2019-08-31 22:27:37,861 | INFO  | DNAudit | user=null | ip=null | op=CREATE_CONTAINER {containerID=1, containerType=KeyValueContainer} | ret=SUCCESS |  
2019-08-31 22:27:37,861 | INFO  | DNAudit | user=null | ip=null | op=CREATE_CONTAINER {containerID=1, containerType=KeyValueContainer} | ret=SUCCESS |  
2019-08-31 22:27:37,865 | INFO  | SCMAudit | user=jenkins1000 | ip=192.168.34.42 | op=SEND_HEARTBEAT {datanodeUUID=4f048490-ee80-4dd1-86ce-d63d571007b5, command=[]} | ret=SUCCESS |  
2019-08-31 22:27:37,865 | INFO  | SCMAudit | user=jenkins1000 | ip=192.168.34.42 | op=SEND_HEARTBEAT {datanodeUUID=094b17da-7f12-43e6-b453-785c127a2e77, command=[]} | ret=SUCCESS |  
2019-08-31 22:27:37,865 | INFO  | SCMAudit | user=jenkins1000 | ip=192.168.34.42 | op=SEND_HEARTBEAT {datanodeUUID=be9ed4ca-dce9-4f3d-9c6d-abd66b1838f6, command=[]} | ret=SUCCESS |  
2019-08-31 22:27:37,866 [grpc-default-executor-2] INFO  client.GrpcClientProtocolClient (GrpcClientProtocolClient.java:onNext(255)) - client-13F9D6D6E6E8->be9ed4ca-dce9-4f3d-9c6d-abd66b1838f6: receive RaftClientReply:client-13F9D6D6E6E8->be9ed4ca-dce9-4f3d-9c6d-abd66b1838f6@group-91658440A578, cid=41, SUCCESS, logIndex=1, commits[be9ed4ca-dce9-4f3d-9c6d-abd66b1838f6:c2, 4f048490-ee80-4dd1-86ce-d63d571007b5:c1, 094b17da-7f12-43e6-b453-785c127a2e77:c1]
2019-08-31 22:27:38,017 | INFO  | DNAudit | user=null | ip=null | op=CREATE_CONTAINER {containerID=2, containerType=KeyValueContainer} | ret=SUCCESS |  
2019-08-31 22:27:38,017 | INFO  | DNAudit | user=null | ip=null | op=CREATE_CONTAINER {containerID=2, containerType=KeyValueContainer} | ret=SUCCESS |  
2019-08-31 22:27:38,018 | INFO  | DNAudit | user=null | ip=null | op=CREATE_CONTAINER {containerID=2, containerType=KeyValueContainer} | ret=SUCCESS |  
2019-08-31 22:27:38,027 | INFO  | SCMAudit | user=jenkins1000 | ip=192.168.34.42 | op=SEND_HEARTBEAT {datanodeUUID=be9ed4ca-dce9-4f3d-9c6d-abd66b1838f6, command=[]} | ret=SUCCESS |  
2019-08-31 22:27:38,027 | INFO  | SCMAudit | user=jenkins1000 | ip=192.168.34.42 | op=SEND_HEARTBEAT {datanodeUUID=094b17da-7f12-43e6-b453-785c127a2e77, command=[]} | ret=SUCCESS |  
2019-08-31 22:27:38,028 | INFO  | SCMAudit | user=jenkins1000 | ip=192.168.34.42 | op=SEND_HEARTBEAT {datanodeUUID=4f048490-ee80-4dd1-86ce-d63d571007b5, command=[]} | ret=SUCCESS |  
2019-08-31 22:27:38,028 [grpc-default-executor-4] INFO  client.GrpcClientProtocolClient (GrpcClientProtocolClient.java:onNext(255)) - client-13F9D6D6E6E8->be9ed4ca-dce9-4f3d-9c6d-abd66b1838f6: receive RaftClientReply:client-13F9D6D6E6E8->be9ed4ca-dce9-4f3d-9c6d-abd66b1838f6@group-91658440A578, cid=42, SUCCESS, logIndex=3, commits[be9ed4ca-dce9-4f3d-9c6d-abd66b1838f6:c4, 4f048490-ee80-4dd1-86ce-d63d571007b5:c3, 094b17da-7f12-43e6-b453-785c127a2e77:c3]
2019-08-31 22:27:38,067 | INFO  | SCMAudit | user=jenkins1000 | ip=192.168.34.42 | op=SEND_HEARTBEAT {datanodeUUID=78f9d08d-f53f-40cf-9f90-7f7c9603a942, command=[]} | ret=SUCCESS |  
2019-08-31 22:27:38,172 | INFO  | DNAudit | user=null | ip=null | op=CREATE_CONTAINER {containerID=3, containerType=KeyValueContainer} | ret=SUCCESS |  
2019-08-31 22:27:38,173 | INFO  | SCMAudit | user=jenkins1000 | ip=192.168.34.42 | op=SEND_HEARTBEAT {datanodeUUID=be9ed4ca-dce9-4f3d-9c6d-abd66b1838f6, command=[]} | ret=SUCCESS |  
2019-08-31 22:27:38,175 [grpc-default-executor-0] INFO  client.GrpcClientProtocolClient (GrpcClientProtocolClient.java:onNext(255)) - client-13F9D6D6E6E8->be9ed4ca-dce9-4f3d-9c6d-abd66b1838f6: receive RaftClientReply:client-13F9D6D6E6E8->be9ed4ca-dce9-4f3d-9c6d-abd66b1838f6@group-91658440A578, cid=43, SUCCESS, logIndex=5, commits[be9ed4ca-dce9-4f3d-9c6d-abd66b1838f6:c6, 4f048490-ee80-4dd1-86ce-d63d571007b5:c5, 094b17da-7f12-43e6-b453-785c127a2e77:c5]
2019-08-31 22:27:38,202 | INFO  | DNAudit | user=null | ip=null | op=CREATE_CONTAINER {containerID=3, containerType=KeyValueContainer} | ret=SUCCESS |  
2019-08-31 22:27:38,202 | INFO  | DNAudit | user=null | ip=null | op=CREATE_CONTAINER {containerID=3, containerType=KeyValueContainer} | ret=SUCCESS |  
2019-08-31 22:27:38,203 | INFO  | SCMAudit | user=jenkins1000 | ip=192.168.34.42 | op=SEND_HEARTBEAT {datanodeUUID=4f048490-ee80-4dd1-86ce-d63d571007b5, command=[]} | ret=SUCCESS |  
2019-08-31 22:27:38,204 | INFO  | SCMAudit | user=jenkins1000 | ip=192.168.34.42 | op=SEND_HEARTBEAT {datanodeUUID=094b17da-7f12-43e6-b453-785c127a2e77, command=[]} | ret=SUCCESS |  
2019-08-31 22:27:38,205 | INFO  | SCMAudit | user=jenkins1000 | ip=192.168.34.42 | op=SEND_HEARTBEAT {datanodeUUID=2c0e17a6-6c2f-4502-821a-909817d7c69c, command=[]} | ret=SUCCESS |  
2019-08-31 22:27:38,305 | INFO  | SCMAudit | user=jenkins1000 | ip=192.168.34.42 | op=SEND_HEARTBEAT {datanodeUUID=131506aa-e8d4-495f-9e31-6caa17857e33, command=[]} | ret=SUCCESS |  
2019-08-31 22:27:38,398 | INFO  | SCMAudit | user=jenkins1000 | ip=192.168.34.42 | op=SEND_HEARTBEAT {datanodeUUID=4a257c07-4fcc-43d2-8a6e-26fe808bf4d2, command=[]} | ret=SUCCESS |  
2019-08-31 22:27:39,067 | INFO  | SCMAudit | user=jenkins1000 | ip=192.168.34.42 | op=SEND_HEARTBEAT {datanodeUUID=78f9d08d-f53f-40cf-9f90-7f7c9603a942, command=[]} | ret=SUCCESS |  
2019-08-31 22:27:39,174 | INFO  | SCMAudit | user=jenkins1000 | ip=192.168.34.42 | op=SEND_HEARTBEAT {datanodeUUID=be9ed4ca-dce9-4f3d-9c6d-abd66b1838f6, command=[]} | ret=SUCCESS |  
2019-08-31 22:27:39,202 | INFO  | SCMAudit | user=jenkins1000 | ip=192.168.34.42 | op=SEND_HEARTBEAT {datanodeUUID=094b17da-7f12-43e6-b453-785c127a2e77, command=[]} | ret=SUCCESS |  
2019-08-31 22:27:39,203 | INFO  | SCMAudit | user=jenkins1000 | ip=192.168.34.42 | op=SEND_HEARTBEAT {datanodeUUID=4f048490-ee80-4dd1-86ce-d63d571007b5, command=[]} | ret=SUCCESS |  
2019-08-31 22:27:39,205 | INFO  | SCMAudit | user=jenkins1000 | ip=192.168.34.42 | op=SEND_HEARTBEAT {datanodeUUID=2c0e17a6-6c2f-4502-821a-909817d7c69c, command=[]} | ret=SUCCESS |  
2019-08-31 22:27:39,304 | INFO  | SCMAudit | user=jenkins1000 | ip=192.168.34.42 | op=SEND_HEARTBEAT {datanodeUUID=131506aa-e8d4-495f-9e31-6caa17857e33, command=[]} | ret=SUCCESS |  
2019-08-31 22:27:39,398 | INFO  | SCMAudit | user=jenkins1000 | ip=192.168.34.42 | op=SEND_HEARTBEAT {datanodeUUID=4a257c07-4fcc-43d2-8a6e-26fe808bf4d2, command=[]} | ret=SUCCESS |  
2019-08-31 22:27:40,067 | INFO  | SCMAudit | user=jenkins1000 | ip=192.168.34.42 | op=SEND_HEARTBEAT {datanodeUUID=78f9d08d-f53f-40cf-9f90-7f7c9603a942, command=[]} | ret=SUCCESS |  
2019-08-31 22:27:40,174 | INFO  | SCMAudit | user=jenkins1000 | ip=192.168.34.42 | op=SEND_HEARTBEAT {datanodeUUID=be9ed4ca-dce9-4f3d-9c6d-abd66b1838f6, command=[]} | ret=SUCCESS |  
2019-08-31 22:27:40,203 | INFO  | SCMAudit | user=jenkins1000 | ip=192.168.34.42 | op=SEND_HEARTBEAT {datanodeUUID=094b17da-7f12-43e6-b453-785c127a2e77, command=[]} | ret=SUCCESS |  
2019-08-31 22:27:40,204 | INFO  | SCMAudit | user=jenkins1000 | ip=192.168.34.42 | op=SEND_HEARTBEAT {datanodeUUID=4f048490-ee80-4dd1-86ce-d63d571007b5, command=[]} | ret=SUCCESS |  
2019-08-31 22:27:40,205 | INFO  | SCMAudit | user=jenkins1000 | ip=192.168.34.42 | op=SEND_HEARTBEAT {datanodeUUID=2c0e17a6-6c2f-4502-821a-909817d7c69c, command=[]} | ret=SUCCESS |  
2019-08-31 22:27:40,306 | INFO  | SCMAudit | user=jenkins1000 | ip=192.168.34.42 | op=SEND_HEARTBEAT {datanodeUUID=131506aa-e8d4-495f-9e31-6caa17857e33, command=[]} | ret=SUCCESS |  
2019-08-31 22:27:40,399 | INFO  | SCMAudit | user=jenkins1000 | ip=192.168.34.42 | op=SEND_HEARTBEAT {datanodeUUID=4a257c07-4fcc-43d2-8a6e-26fe808bf4d2, command=[]} | ret=SUCCESS |  
2019-08-31 22:27:41,068 | INFO  | SCMAudit | user=jenkins1000 | ip=192.168.34.42 | op=SEND_HEARTBEAT {datanodeUUID=78f9d08d-f53f-40cf-9f90-7f7c9603a942, command=[]} | ret=SUCCESS |  
2019-08-31 22:27:41,174 | INFO  | SCMAudit | user=jenkins1000 | ip=192.168.34.42 | op=SEND_HEARTBEAT {datanodeUUID=be9ed4ca-dce9-4f3d-9c6d-abd66b1838f6, command=[]} | ret=SUCCESS |  
2019-08-31 22:27:41,203 | INFO  | SCMAudit | user=jenkins1000 | ip=192.168.34.42 | op=SEND_HEARTBEAT {datanodeUUID=094b17da-7f12-43e6-b453-785c127a2e77, command=[]} | ret=SUCCESS |  
2019-08-31 22:27:41,203 | INFO  | SCMAudit | user=jenkins1000 | ip=192.168.34.42 | op=SEND_HEARTBEAT {datanodeUUID=4f048490-ee80-4dd1-86ce-d63d571007b5, command=[]} | ret=SUCCESS |  
2019-08-31 22:27:41,205 | INFO  | SCMAudit | user=jenkins1000 | ip=192.168.34.42 | op=SEND_HEARTBEAT {datanodeUUID=2c0e17a6-6c2f-4502-821a-909817d7c69c, command=[]} | ret=SUCCESS |  
2019-08-31 22:27:41,305 | INFO  | SCMAudit | user=jenkins1000 | ip=192.168.34.42 | op=SEND_HEARTBEAT {datanodeUUID=131506aa-e8d4-495f-9e31-6caa17857e33, command=[]} | ret=SUCCESS |  
2019-08-31 22:27:41,398 | INFO  | SCMAudit | user=jenkins1000 | ip=192.168.34.42 | op=SEND_HEARTBEAT {datanodeUUID=4a257c07-4fcc-43d2-8a6e-26fe808bf4d2, command=[]} | ret=SUCCESS |  
2019-08-31 22:27:42,067 | INFO  | SCMAudit | user=jenkins1000 | ip=192.168.34.42 | op=SEND_HEARTBEAT {datanodeUUID=78f9d08d-f53f-40cf-9f90-7f7c9603a942, command=[]} | ret=SUCCESS |  
2019-08-31 22:27:42,174 | INFO  | SCMAudit | user=jenkins1000 | ip=192.168.34.42 | op=SEND_HEARTBEAT {datanodeUUID=be9ed4ca-dce9-4f3d-9c6d-abd66b1838f6, command=[]} | ret=SUCCESS |  
2019-08-31 22:27:42,203 | INFO  | SCMAudit | user=jenkins1000 | ip=192.168.34.42 | op=SEND_HEARTBEAT {datanodeUUID=094b17da-7f12-43e6-b453-785c127a2e77, command=[]} | ret=SUCCESS |  
2019-08-31 22:27:42,204 | INFO  | SCMAudit | user=jenkins1000 | ip=192.168.34.42 | op=SEND_HEARTBEAT {datanodeUUID=4f048490-ee80-4dd1-86ce-d63d571007b5, command=[]} | ret=SUCCESS |  
2019-08-31 22:27:42,206 | INFO  | SCMAudit | user=jenkins1000 | ip=192.168.34.42 | op=SEND_HEARTBEAT {datanodeUUID=2c0e17a6-6c2f-4502-821a-909817d7c69c, command=[]} | ret=SUCCESS |  
2019-08-31 22:27:42,306 | INFO  | SCMAudit | user=jenkins1000 | ip=192.168.34.42 | op=SEND_HEARTBEAT {datanodeUUID=131506aa-e8d4-495f-9e31-6caa17857e33, command=[]} | ret=SUCCESS |  
2019-08-31 22:27:42,398 | INFO  | SCMAudit | user=jenkins1000 | ip=192.168.34.42 | op=SEND_HEARTBEAT {datanodeUUID=4a257c07-4fcc-43d2-8a6e-26fe808bf4d2, command=[]} | ret=SUCCESS |  
2019-08-31 22:27:43,067 | INFO  | SCMAudit | user=jenkins1000 | ip=192.168.34.42 | op=SEND_HEARTBEAT {datanodeUUID=78f9d08d-f53f-40cf-9f90-7f7c9603a942, command=[]} | ret=SUCCESS |  
2019-08-31 22:27:43,174 | INFO  | SCMAudit | user=jenkins1000 | ip=192.168.34.42 | op=SEND_HEARTBEAT {datanodeUUID=be9ed4ca-dce9-4f3d-9c6d-abd66b1838f6, command=[]} | ret=SUCCESS |  
2019-08-31 22:27:43,203 | INFO  | SCMAudit | user=jenkins1000 | ip=192.168.34.42 | op=SEND_HEARTBEAT {datanodeUUID=094b17da-7f12-43e6-b453-785c127a2e77, command=[]} | ret=SUCCESS |  
2019-08-31 22:27:43,203 | INFO  | SCMAudit | user=jenkins1000 | ip=192.168.34.42 | op=SEND_HEARTBEAT {datanodeUUID=4f048490-ee80-4dd1-86ce-d63d571007b5, command=[]} | ret=SUCCESS |  
2019-08-31 22:27:43,204 | INFO  | SCMAudit | user=jenkins1000 | ip=192.168.34.42 | op=SEND_HEARTBEAT {datanodeUUID=2c0e17a6-6c2f-4502-821a-909817d7c69c, command=[]} | ret=SUCCESS |  
2019-08-31 22:27:43,229 [grpc-default-executor-4] INFO  client.GrpcClientProtocolClient (GrpcClientProtocolClient.java:onNext(255)) - client-13F9D6D6E6E8->4f048490-ee80-4dd1-86ce-d63d571007b5: receive RaftClientReply:client-13F9D6D6E6E8->4f048490-ee80-4dd1-86ce-d63d571007b5@group-91658440A578, cid=44, FAILED org.apache.ratis.protocol.NotLeaderException: Server 4f048490-ee80-4dd1-86ce-d63d571007b5 is not the leader (be9ed4ca-dce9-4f3d-9c6d-abd66b1838f6:192.168.34.42:36394). Request must be sent to leader., logIndex=0, commits[4f048490-ee80-4dd1-86ce-d63d571007b5:c8, be9ed4ca-dce9-4f3d-9c6d-abd66b1838f6:c8, 094b17da-7f12-43e6-b453-785c127a2e77:c7]
2019-08-31 22:27:43,309 | INFO  | SCMAudit | user=jenkins1000 | ip=192.168.34.42 | op=SEND_HEARTBEAT {datanodeUUID=131506aa-e8d4-495f-9e31-6caa17857e33, command=[]} | ret=SUCCESS |  
2019-08-31 22:27:43,397 | INFO  | SCMAudit | user=jenkins1000 | ip=192.168.34.42 | op=SEND_HEARTBEAT {datanodeUUID=4a257c07-4fcc-43d2-8a6e-26fe808bf4d2, command=[]} | ret=SUCCESS |  
2019-08-31 22:27:44,067 | INFO  | SCMAudit | user=jenkins1000 | ip=192.168.34.42 | op=SEND_HEARTBEAT {datanodeUUID=78f9d08d-f53f-40cf-9f90-7f7c9603a942, command=[]} | ret=SUCCESS |  
2019-08-31 22:27:44,174 | INFO  | SCMAudit | user=jenkins1000 | ip=192.168.34.42 | op=SEND_HEARTBEAT {datanodeUUID=be9ed4ca-dce9-4f3d-9c6d-abd66b1838f6, command=[]} | ret=SUCCESS |  
2019-08-31 22:27:44,203 | INFO  | SCMAudit | user=jenkins1000 | ip=192.168.34.42 | op=SEND_HEARTBEAT {datanodeUUID=094b17da-7f12-43e6-b453-785c127a2e77, command=[]} | ret=SUCCESS |  
2019-08-31 22:27:44,204 | INFO  | SCMAudit | user=jenkins1000 | ip=192.168.34.42 | op=SEND_HEARTBEAT {datanodeUUID=4f048490-ee80-4dd1-86ce-d63d571007b5, command=[]} | ret=SUCCESS |  
2019-08-31 22:27:44,205 | INFO  | SCMAudit | user=jenkins1000 | ip=192.168.34.42 | op=SEND_HEARTBEAT {datanodeUUID=2c0e17a6-6c2f-4502-821a-909817d7c69c, command=[]} | ret=SUCCESS |  
2019-08-31 22:27:44,307 | INFO  | SCMAudit | user=jenkins1000 | ip=192.168.34.42 | op=SEND_HEARTBEAT {datanodeUUID=131506aa-e8d4-495f-9e31-6caa17857e33, command=[]} | ret=SUCCESS |  
2019-08-31 22:27:44,398 | INFO  | SCMAudit | user=jenkins1000 | ip=192.168.34.42 | op=SEND_HEARTBEAT {datanodeUUID=4a257c07-4fcc-43d2-8a6e-26fe808bf4d2, command=[]} | ret=SUCCESS |  
2019-08-31 22:27:45,067 | INFO  | SCMAudit | user=jenkins1000 | ip=192.168.34.42 | op=SEND_HEARTBEAT {datanodeUUID=78f9d08d-f53f-40cf-9f90-7f7c9603a942, command=[]} | ret=SUCCESS |  
2019-08-31 22:27:45,175 | INFO  | SCMAudit | user=jenkins1000 | ip=192.168.34.42 | op=SEND_HEARTBEAT {datanodeUUID=be9ed4ca-dce9-4f3d-9c6d-abd66b1838f6, command=[]} | ret=SUCCESS |  
2019-08-31 22:27:45,203 | INFO  | SCMAudit | user=jenkins1000 | ip=192.168.34.42 | op=SEND_HEARTBEAT {datanodeUUID=094b17da-7f12-43e6-b453-785c127a2e77, command=[]} | ret=SUCCESS |  
2019-08-31 22:27:45,203 | INFO  | SCMAudit | user=jenkins1000 | ip=192.168.34.42 | op=SEND_HEARTBEAT {datanodeUUID=4f048490-ee80-4dd1-86ce-d63d571007b5, command=[]} | ret=SUCCESS |  
2019-08-31 22:27:45,204 | INFO  | SCMAudit | user=jenkins1000 | ip=192.168.34.42 | op=SEND_HEARTBEAT {datanodeUUID=2c0e17a6-6c2f-4502-821a-909817d7c69c, command=[]} | ret=SUCCESS |  
2019-08-31 22:27:45,307 | INFO  | SCMAudit | user=jenkins1000 | ip=192.168.34.42 | op=SEND_HEARTBEAT {datanodeUUID=131506aa-e8d4-495f-9e31-6caa17857e33, command=[]} | ret=SUCCESS |  
2019-08-31 22:27:45,398 | INFO  | SCMAudit | user=jenkins1000 | ip=192.168.34.42 | op=SEND_HEARTBEAT {datanodeUUID=4a257c07-4fcc-43d2-8a6e-26fe808bf4d2, command=[]} | ret=SUCCESS |  
2019-08-31 22:27:46,067 | INFO  | SCMAudit | user=jenkins1000 | ip=192.168.34.42 | op=SEND_HEARTBEAT {datanodeUUID=78f9d08d-f53f-40cf-9f90-7f7c9603a942, command=[]} | ret=SUCCESS |  
2019-08-31 22:27:46,175 | INFO  | SCMAudit | user=jenkins1000 | ip=192.168.34.42 | op=SEND_HEARTBEAT {datanodeUUID=be9ed4ca-dce9-4f3d-9c6d-abd66b1838f6, command=[]} | ret=SUCCESS |  
2019-08-31 22:27:46,202 | INFO  | SCMAudit | user=jenkins1000 | ip=192.168.34.42 | op=SEND_HEARTBEAT {datanodeUUID=094b17da-7f12-43e6-b453-785c127a2e77, command=[]} | ret=SUCCESS |  
2019-08-31 22:27:46,204 | INFO  | SCMAudit | user=jenkins1000 | ip=192.168.34.42 | op=SEND_HEARTBEAT {datanodeUUID=4f048490-ee80-4dd1-86ce-d63d571007b5, command=[]} | ret=SUCCESS |  
2019-08-31 22:27:46,204 | INFO  | SCMAudit | user=jenkins1000 | ip=192.168.34.42 | op=SEND_HEARTBEAT {datanodeUUID=2c0e17a6-6c2f-4502-821a-909817d7c69c, command=[]} | ret=SUCCESS |  
2019-08-31 22:27:46,306 | INFO  | SCMAudit | user=jenkins1000 | ip=192.168.34.42 | op=SEND_HEARTBEAT {datanodeUUID=131506aa-e8d4-495f-9e31-6caa17857e33, command=[]} | ret=SUCCESS |  
2019-08-31 22:27:46,398 | INFO  | SCMAudit | user=jenkins1000 | ip=192.168.34.42 | op=SEND_HEARTBEAT {datanodeUUID=4a257c07-4fcc-43d2-8a6e-26fe808bf4d2, command=[]} | ret=SUCCESS |  
2019-08-31 22:27:47,067 | INFO  | SCMAudit | user=jenkins1000 | ip=192.168.34.42 | op=SEND_HEARTBEAT {datanodeUUID=78f9d08d-f53f-40cf-9f90-7f7c9603a942, command=[]} | ret=SUCCESS |  
2019-08-31 22:27:47,175 | INFO  | SCMAudit | user=jenkins1000 | ip=192.168.34.42 | op=SEND_HEARTBEAT {datanodeUUID=be9ed4ca-dce9-4f3d-9c6d-abd66b1838f6, command=[]} | ret=SUCCESS |  
2019-08-31 22:27:47,203 | INFO  | SCMAudit | user=jenkins1000 | ip=192.168.34.42 | op=SEND_HEARTBEAT {datanodeUUID=094b17da-7f12-43e6-b453-785c127a2e77, command=[]} | ret=SUCCESS |  
2019-08-31 22:27:47,204 | INFO  | SCMAudit | user=jenkins1000 | ip=192.168.34.42 | op=SEND_HEARTBEAT {datanodeUUID=4f048490-ee80-4dd1-86ce-d63d571007b5, command=[]} | ret=SUCCESS |  
2019-08-31 22:27:47,205 | INFO  | SCMAudit | user=jenkins1000 | ip=192.168.34.42 | op=SEND_HEARTBEAT {datanodeUUID=2c0e17a6-6c2f-4502-821a-909817d7c69c, command=[]} | ret=SUCCESS |  
2019-08-31 22:27:47,307 | INFO  | SCMAudit | user=jenkins1000 | ip=192.168.34.42 | op=SEND_HEARTBEAT {datanodeUUID=131506aa-e8d4-495f-9e31-6caa17857e33, command=[]} | ret=SUCCESS |  
2019-08-31 22:27:47,399 | INFO  | SCMAudit | user=jenkins1000 | ip=192.168.34.42 | op=SEND_HEARTBEAT {datanodeUUID=4a257c07-4fcc-43d2-8a6e-26fe808bf4d2, command=[]} | ret=SUCCESS |  
2019-08-31 22:27:48,066 | INFO  | SCMAudit | user=jenkins1000 | ip=192.168.34.42 | op=SEND_HEARTBEAT {datanodeUUID=78f9d08d-f53f-40cf-9f90-7f7c9603a942, command=[]} | ret=SUCCESS |  
2019-08-31 22:27:48,176 | INFO  | SCMAudit | user=jenkins1000 | ip=192.168.34.42 | op=SEND_HEARTBEAT {datanodeUUID=be9ed4ca-dce9-4f3d-9c6d-abd66b1838f6, command=[]} | ret=SUCCESS |  
2019-08-31 22:27:48,203 | INFO  | SCMAudit | user=jenkins1000 | ip=192.168.34.42 | op=SEND_HEARTBEAT {datanodeUUID=094b17da-7f12-43e6-b453-785c127a2e77, command=[]} | ret=SUCCESS |  
2019-08-31 22:27:48,203 | INFO  | SCMAudit | user=jenkins1000 | ip=192.168.34.42 | op=SEND_HEARTBEAT {datanodeUUID=4f048490-ee80-4dd1-86ce-d63d571007b5, command=[]} | ret=SUCCESS |  
2019-08-31 22:27:48,204 | INFO  | SCMAudit | user=jenkins1000 | ip=192.168.34.42 | op=SEND_HEARTBEAT {datanodeUUID=2c0e17a6-6c2f-4502-821a-909817d7c69c, command=[]} | ret=SUCCESS |  
2019-08-31 22:27:48,275 [grpc-default-executor-0] INFO  client.GrpcClientProtocolClient (GrpcClientProtocolClient.java:onNext(255)) - client-13F9D6D6E6E8->094b17da-7f12-43e6-b453-785c127a2e77: receive RaftClientReply:client-13F9D6D6E6E8->094b17da-7f12-43e6-b453-785c127a2e77@group-91658440A578, cid=44, FAILED org.apache.ratis.protocol.NotLeaderException: Server 094b17da-7f12-43e6-b453-785c127a2e77 is not the leader (be9ed4ca-dce9-4f3d-9c6d-abd66b1838f6:192.168.34.42:36394). Request must be sent to leader., logIndex=0, commits[094b17da-7f12-43e6-b453-785c127a2e77:c8, 4f048490-ee80-4dd1-86ce-d63d571007b5:c8, be9ed4ca-dce9-4f3d-9c6d-abd66b1838f6:c8]
2019-08-31 22:27:48,307 | INFO  | SCMAudit | user=jenkins1000 | ip=192.168.34.42 | op=SEND_HEARTBEAT {datanodeUUID=131506aa-e8d4-495f-9e31-6caa17857e33, command=[]} | ret=SUCCESS |  
2019-08-31 22:27:48,399 | INFO  | SCMAudit | user=jenkins1000 | ip=192.168.34.42 | op=SEND_HEARTBEAT {datanodeUUID=4a257c07-4fcc-43d2-8a6e-26fe808bf4d2, command=[]} | ret=SUCCESS |  
2019-08-31 22:27:49,067 | INFO  | SCMAudit | user=jenkins1000 | ip=192.168.34.42 | op=SEND_HEARTBEAT {datanodeUUID=78f9d08d-f53f-40cf-9f90-7f7c9603a942, command=[]} | ret=SUCCESS |  
2019-08-31 22:27:49,176 | INFO  | SCMAudit | user=jenkins1000 | ip=192.168.34.42 | op=SEND_HEARTBEAT {datanodeUUID=be9ed4ca-dce9-4f3d-9c6d-abd66b1838f6, command=[]} | ret=SUCCESS |  
2019-08-31 22:27:49,203 | INFO  | SCMAudit | user=jenkins1000 | ip=192.168.34.42 | op=SEND_HEARTBEAT {datanodeUUID=094b17da-7f12-43e6-b453-785c127a2e77, command=[]} | ret=SUCCESS |  
2019-08-31 22:27:49,204 | INFO  | SCMAudit | user=jenkins1000 | ip=192.168.34.42 | op=SEND_HEARTBEAT {datanodeUUID=4f048490-ee80-4dd1-86ce-d63d571007b5, command=[]} | ret=SUCCESS |  
2019-08-31 22:27:49,205 | INFO  | SCMAudit | user=jenkins1000 | ip=192.168.34.42 | op=SEND_HEARTBEAT {datanodeUUID=2c0e17a6-6c2f-4502-821a-909817d7c69c, command=[]} | ret=SUCCESS |  
2019-08-31 22:27:49,307 | INFO  | SCMAudit | user=jenkins1000 | ip=192.168.34.42 | op=SEND_HEARTBEAT {datanodeUUID=131506aa-e8d4-495f-9e31-6caa17857e33, command=[]} | ret=SUCCESS |  
2019-08-31 22:27:49,398 | INFO  | SCMAudit | user=jenkins1000 | ip=192.168.34.42 | op=SEND_HEARTBEAT {datanodeUUID=4a257c07-4fcc-43d2-8a6e-26fe808bf4d2, command=[]} | ret=SUCCESS |  
2019-08-31 22:27:50,066 | INFO  | SCMAudit | user=jenkins1000 | ip=192.168.34.42 | op=SEND_HEARTBEAT {datanodeUUID=78f9d08d-f53f-40cf-9f90-7f7c9603a942, command=[]} | ret=SUCCESS |  
2019-08-31 22:27:50,175 | INFO  | SCMAudit | user=jenkins1000 | ip=192.168.34.42 | op=SEND_HEARTBEAT {datanodeUUID=be9ed4ca-dce9-4f3d-9c6d-abd66b1838f6, command=[]} | ret=SUCCESS |  
2019-08-31 22:27:50,203 | INFO  | SCMAudit | user=jenkins1000 | ip=192.168.34.42 | op=SEND_HEARTBEAT {datanodeUUID=094b17da-7f12-43e6-b453-785c127a2e77, command=[]} | ret=SUCCESS |  
2019-08-31 22:27:50,203 | INFO  | SCMAudit | user=jenkins1000 | ip=192.168.34.42 | op=SEND_HEARTBEAT {datanodeUUID=4f048490-ee80-4dd1-86ce-d63d571007b5, command=[]} | ret=SUCCESS |  
2019-08-31 22:27:50,205 | INFO  | SCMAudit | user=jenkins1000 | ip=192.168.34.42 | op=SEND_HEARTBEAT {datanodeUUID=2c0e17a6-6c2f-4502-821a-909817d7c69c, command=[]} | ret=SUCCESS |  
2019-08-31 22:27:50,307 | INFO  | SCMAudit | user=jenkins1000 | ip=192.168.34.42 | op=SEND_HEARTBEAT {datanodeUUID=131506aa-e8d4-495f-9e31-6caa17857e33, command=[]} | ret=SUCCESS |  
2019-08-31 22:27:50,399 | INFO  | SCMAudit | user=jenkins1000 | ip=192.168.34.42 | op=SEND_HEARTBEAT {datanodeUUID=4a257c07-4fcc-43d2-8a6e-26fe808bf4d2, command=[]} | ret=SUCCESS |  
2019-08-31 22:27:51,067 | INFO  | SCMAudit | user=jenkins1000 | ip=192.168.34.42 | op=SEND_HEARTBEAT {datanodeUUID=78f9d08d-f53f-40cf-9f90-7f7c9603a942, command=[]} | ret=SUCCESS |  
2019-08-31 22:27:51,176 | INFO  | SCMAudit | user=jenkins1000 | ip=192.168.34.42 | op=SEND_HEARTBEAT {datanodeUUID=be9ed4ca-dce9-4f3d-9c6d-abd66b1838f6, command=[]} | ret=SUCCESS |  
2019-08-31 22:27:51,202 | INFO  | SCMAudit | user=jenkins1000 | ip=192.168.34.42 | op=SEND_HEARTBEAT {datanodeUUID=094b17da-7f12-43e6-b453-785c127a2e77, command=[]} | ret=SUCCESS |  
2019-08-31 22:27:51,204 | INFO  | SCMAudit | user=jenkins1000 | ip=192.168.34.42 | op=SEND_HEARTBEAT {datanodeUUID=4f048490-ee80-4dd1-86ce-d63d571007b5, command=[]} | ret=SUCCESS |  
2019-08-31 22:27:51,205 | INFO  | SCMAudit | user=jenkins1000 | ip=192.168.34.42 | op=SEND_HEARTBEAT {datanodeUUID=2c0e17a6-6c2f-4502-821a-909817d7c69c, command=[]} | ret=SUCCESS |  
2019-08-31 22:27:51,306 | INFO  | SCMAudit | user=jenkins1000 | ip=192.168.34.42 | op=SEND_HEARTBEAT {datanodeUUID=131506aa-e8d4-495f-9e31-6caa17857e33, command=[]} | ret=SUCCESS |  
2019-08-31 22:27:51,398 | INFO  | SCMAudit | user=jenkins1000 | ip=192.168.34.42 | op=SEND_HEARTBEAT {datanodeUUID=4a257c07-4fcc-43d2-8a6e-26fe808bf4d2, command=[]} | ret=SUCCESS |  
2019-08-31 22:27:52,067 | INFO  | SCMAudit | user=jenkins1000 | ip=192.168.34.42 | op=SEND_HEARTBEAT {datanodeUUID=78f9d08d-f53f-40cf-9f90-7f7c9603a942, command=[]} | ret=SUCCESS |  
2019-08-31 22:27:52,176 | INFO  | SCMAudit | user=jenkins1000 | ip=192.168.34.42 | op=SEND_HEARTBEAT {datanodeUUID=be9ed4ca-dce9-4f3d-9c6d-abd66b1838f6, command=[]} | ret=SUCCESS |  
2019-08-31 22:27:52,203 | INFO  | SCMAudit | user=jenkins1000 | ip=192.168.34.42 | op=SEND_HEARTBEAT {datanodeUUID=094b17da-7f12-43e6-b453-785c127a2e77, command=[]} | ret=SUCCESS |  
2019-08-31 22:27:52,204 | INFO  | SCMAudit | user=jenkins1000 | ip=192.168.34.42 | op=SEND_HEARTBEAT {datanodeUUID=4f048490-ee80-4dd1-86ce-d63d571007b5, command=[]} | ret=SUCCESS |  
2019-08-31 22:27:52,206 | INFO  | SCMAudit | user=jenkins1000 | ip=192.168.34.42 | op=SEND_HEARTBEAT {datanodeUUID=2c0e17a6-6c2f-4502-821a-909817d7c69c, command=[]} | ret=SUCCESS |  
2019-08-31 22:27:52,307 | INFO  | SCMAudit | user=jenkins1000 | ip=192.168.34.42 | op=SEND_HEARTBEAT {datanodeUUID=131506aa-e8d4-495f-9e31-6caa17857e33, command=[]} | ret=SUCCESS |  
2019-08-31 22:27:52,399 | INFO  | SCMAudit | user=jenkins1000 | ip=192.168.34.42 | op=SEND_HEARTBEAT {datanodeUUID=4a257c07-4fcc-43d2-8a6e-26fe808bf4d2, command=[]} | ret=SUCCESS |  
2019-08-31 22:27:53,068 | INFO  | SCMAudit | user=jenkins1000 | ip=192.168.34.42 | op=SEND_HEARTBEAT {datanodeUUID=78f9d08d-f53f-40cf-9f90-7f7c9603a942, command=[]} | ret=SUCCESS |  
2019-08-31 22:27:53,176 | INFO  | SCMAudit | user=jenkins1000 | ip=192.168.34.42 | op=SEND_HEARTBEAT {datanodeUUID=be9ed4ca-dce9-4f3d-9c6d-abd66b1838f6, command=[]} | ret=SUCCESS |  
2019-08-31 22:27:53,203 | INFO  | SCMAudit | user=jenkins1000 | ip=192.168.34.42 | op=SEND_HEARTBEAT {datanodeUUID=094b17da-7f12-43e6-b453-785c127a2e77, command=[]} | ret=SUCCESS |  
2019-08-31 22:27:53,203 | INFO  | SCMAudit | user=jenkins1000 | ip=192.168.34.42 | op=SEND_HEARTBEAT {datanodeUUID=4f048490-ee80-4dd1-86ce-d63d571007b5, command=[]} | ret=SUCCESS |  
2019-08-31 22:27:53,205 | INFO  | SCMAudit | user=jenkins1000 | ip=192.168.34.42 | op=SEND_HEARTBEAT {datanodeUUID=2c0e17a6-6c2f-4502-821a-909817d7c69c, command=[]} | ret=SUCCESS |  
2019-08-31 22:27:53,311 | INFO  | SCMAudit | user=jenkins1000 | ip=192.168.34.42 | op=SEND_HEARTBEAT {datanodeUUID=131506aa-e8d4-495f-9e31-6caa17857e33, command=[]} | ret=SUCCESS |  
2019-08-31 22:27:53,321 [grpc-default-executor-0] INFO  client.GrpcClientProtocolClient (GrpcClientProtocolClient.java:onNext(255)) - client-13F9D6D6E6E8->094b17da-7f12-43e6-b453-785c127a2e77: receive RaftClientReply:client-13F9D6D6E6E8->094b17da-7f12-43e6-b453-785c127a2e77@group-91658440A578, cid=44, FAILED org.apache.ratis.protocol.NotLeaderException: Server 094b17da-7f12-43e6-b453-785c127a2e77 is not the leader (be9ed4ca-dce9-4f3d-9c6d-abd66b1838f6:192.168.34.42:36394). Request must be sent to leader., logIndex=0, commits[094b17da-7f12-43e6-b453-785c127a2e77:c8, 4f048490-ee80-4dd1-86ce-d63d571007b5:c8, be9ed4ca-dce9-4f3d-9c6d-abd66b1838f6:c8]
2019-08-31 22:27:53,399 | INFO  | SCMAudit | user=jenkins1000 | ip=192.168.34.42 | op=SEND_HEARTBEAT {datanodeUUID=4a257c07-4fcc-43d2-8a6e-26fe808bf4d2, command=[]} | ret=SUCCESS |  
2019-08-31 22:27:54,069 | INFO  | SCMAudit | user=jenkins1000 | ip=192.168.34.42 | op=SEND_HEARTBEAT {datanodeUUID=78f9d08d-f53f-40cf-9f90-7f7c9603a942, command=[]} | ret=SUCCESS |  
2019-08-31 22:27:54,176 | INFO  | SCMAudit | user=jenkins1000 | ip=192.168.34.42 | op=SEND_HEARTBEAT {datanodeUUID=be9ed4ca-dce9-4f3d-9c6d-abd66b1838f6, command=[]} | ret=SUCCESS |  
2019-08-31 22:27:54,202 | INFO  | SCMAudit | user=jenkins1000 | ip=192.168.34.42 | op=SEND_HEARTBEAT {datanodeUUID=094b17da-7f12-43e6-b453-785c127a2e77, command=[]} | ret=SUCCESS |  
2019-08-31 22:27:54,203 | INFO  | SCMAudit | user=jenkins1000 | ip=192.168.34.42 | op=SEND_HEARTBEAT {datanodeUUID=4f048490-ee80-4dd1-86ce-d63d571007b5, command=[]} | ret=SUCCESS |  
2019-08-31 22:27:54,205 | INFO  | SCMAudit | user=jenkins1000 | ip=192.168.34.42 | op=SEND_HEARTBEAT {datanodeUUID=2c0e17a6-6c2f-4502-821a-909817d7c69c, command=[]} | ret=SUCCESS |  
2019-08-31 22:27:54,312 | INFO  | SCMAudit | user=jenkins1000 | ip=192.168.34.42 | op=SEND_HEARTBEAT {datanodeUUID=131506aa-e8d4-495f-9e31-6caa17857e33, command=[]} | ret=SUCCESS |  
2019-08-31 22:27:54,399 | INFO  | SCMAudit | user=jenkins1000 | ip=192.168.34.42 | op=SEND_HEARTBEAT {datanodeUUID=4a257c07-4fcc-43d2-8a6e-26fe808bf4d2, command=[]} | ret=SUCCESS |  
2019-08-31 22:27:55,069 | INFO  | SCMAudit | user=jenkins1000 | ip=192.168.34.42 | op=SEND_HEARTBEAT {datanodeUUID=78f9d08d-f53f-40cf-9f90-7f7c9603a942, command=[]} | ret=SUCCESS |  
2019-08-31 22:27:55,175 | INFO  | SCMAudit | user=jenkins1000 | ip=192.168.34.42 | op=SEND_HEARTBEAT {datanodeUUID=be9ed4ca-dce9-4f3d-9c6d-abd66b1838f6, command=[]} | ret=SUCCESS |  
2019-08-31 22:27:55,202 | INFO  | SCMAudit | user=jenkins1000 | ip=192.168.34.42 | op=SEND_HEARTBEAT {datanodeUUID=094b17da-7f12-43e6-b453-785c127a2e77, command=[]} | ret=SUCCESS |  
2019-08-31 22:27:55,203 | INFO  | SCMAudit | user=jenkins1000 | ip=192.168.34.42 | op=SEND_HEARTBEAT {datanodeUUID=4f048490-ee80-4dd1-86ce-d63d571007b5, command=[]} | ret=SUCCESS |  
2019-08-31 22:27:55,205 | INFO  | SCMAudit | user=jenkins1000 | ip=192.168.34.42 | op=SEND_HEARTBEAT {datanodeUUID=2c0e17a6-6c2f-4502-821a-909817d7c69c, command=[]} | ret=SUCCESS |  
2019-08-31 22:27:55,312 | INFO  | SCMAudit | user=jenkins1000 | ip=192.168.34.42 | op=SEND_HEARTBEAT {datanodeUUID=131506aa-e8d4-495f-9e31-6caa17857e33, command=[]} | ret=SUCCESS |  
2019-08-31 22:27:55,398 | INFO  | SCMAudit | user=jenkins1000 | ip=192.168.34.42 | op=SEND_HEARTBEAT {datanodeUUID=4a257c07-4fcc-43d2-8a6e-26fe808bf4d2, command=[]} | ret=SUCCESS |  
2019-08-31 22:27:56,069 | INFO  | SCMAudit | user=jenkins1000 | ip=192.168.34.42 | op=SEND_HEARTBEAT {datanodeUUID=78f9d08d-f53f-40cf-9f90-7f7c9603a942, command=[]} | ret=SUCCESS |  
2019-08-31 22:27:56,176 | INFO  | SCMAudit | user=jenkins1000 | ip=192.168.34.42 | op=SEND_HEARTBEAT {datanodeUUID=be9ed4ca-dce9-4f3d-9c6d-abd66b1838f6, command=[]} | ret=SUCCESS |  
2019-08-31 22:27:56,203 | INFO  | SCMAudit | user=jenkins1000 | ip=192.168.34.42 | op=SEND_HEARTBEAT {datanodeUUID=094b17da-7f12-43e6-b453-785c127a2e77, command=[]} | ret=SUCCESS |  
2019-08-31 22:27:56,203 | INFO  | SCMAudit | user=jenkins1000 | ip=192.168.34.42 | op=SEND_HEARTBEAT {datanodeUUID=4f048490-ee80-4dd1-86ce-d63d571007b5, command=[]} | ret=SUCCESS |  
2019-08-31 22:27:56,205 | INFO  | SCMAudit | user=jenkins1000 | ip=192.168.34.42 | op=SEND_HEARTBEAT {datanodeUUID=2c0e17a6-6c2f-4502-821a-909817d7c69c, command=[]} | ret=SUCCESS |  
2019-08-31 22:27:56,311 | INFO  | SCMAudit | user=jenkins1000 | ip=192.168.34.42 | op=SEND_HEARTBEAT {datanodeUUID=131506aa-e8d4-495f-9e31-6caa17857e33, command=[]} | ret=SUCCESS |  
2019-08-31 22:27:56,399 | INFO  | SCMAudit | user=jenkins1000 | ip=192.168.34.42 | op=SEND_HEARTBEAT {datanodeUUID=4a257c07-4fcc-43d2-8a6e-26fe808bf4d2, command=[]} | ret=SUCCESS |  
2019-08-31 22:27:57,069 | INFO  | SCMAudit | user=jenkins1000 | ip=192.168.34.42 | op=SEND_HEARTBEAT {datanodeUUID=78f9d08d-f53f-40cf-9f90-7f7c9603a942, command=[]} | ret=SUCCESS |  
2019-08-31 22:27:57,176 | INFO  | SCMAudit | user=jenkins1000 | ip=192.168.34.42 | op=SEND_HEARTBEAT {datanodeUUID=be9ed4ca-dce9-4f3d-9c6d-abd66b1838f6, command=[]} | ret=SUCCESS |  
2019-08-31 22:27:57,204 | INFO  | SCMAudit | user=jenkins1000 | ip=192.168.34.42 | op=SEND_HEARTBEAT {datanodeUUID=4f048490-ee80-4dd1-86ce-d63d571007b5, command=[]} | ret=SUCCESS |  
2019-08-31 22:27:57,204 | INFO  | SCMAudit | user=jenkins1000 | ip=192.168.34.42 | op=SEND_HEARTBEAT {datanodeUUID=094b17da-7f12-43e6-b453-785c127a2e77, command=[]} | ret=SUCCESS |  
2019-08-31 22:27:57,206 | INFO  | SCMAudit | user=jenkins1000 | ip=192.168.34.42 | op=SEND_HEARTBEAT {datanodeUUID=2c0e17a6-6c2f-4502-821a-909817d7c69c, command=[]} | ret=SUCCESS |  
2019-08-31 22:27:57,312 | INFO  | SCMAudit | user=jenkins1000 | ip=192.168.34.42 | op=SEND_HEARTBEAT {datanodeUUID=131506aa-e8d4-495f-9e31-6caa17857e33, command=[]} | ret=SUCCESS |  
2019-08-31 22:27:57,399 | INFO  | SCMAudit | user=jenkins1000 | ip=192.168.34.42 | op=SEND_HEARTBEAT {datanodeUUID=4a257c07-4fcc-43d2-8a6e-26fe808bf4d2, command=[]} | ret=SUCCESS |  
2019-08-31 22:27:58,069 | INFO  | SCMAudit | user=jenkins1000 | ip=192.168.34.42 | op=SEND_HEARTBEAT {datanodeUUID=78f9d08d-f53f-40cf-9f90-7f7c9603a942, command=[]} | ret=SUCCESS |  
2019-08-31 22:27:58,176 | INFO  | SCMAudit | user=jenkins1000 | ip=192.168.34.42 | op=SEND_HEARTBEAT {datanodeUUID=be9ed4ca-dce9-4f3d-9c6d-abd66b1838f6, command=[]} | ret=SUCCESS |  
2019-08-31 22:27:58,204 | INFO  | SCMAudit | user=jenkins1000 | ip=192.168.34.42 | op=SEND_HEARTBEAT {datanodeUUID=4f048490-ee80-4dd1-86ce-d63d571007b5, command=[]} | ret=SUCCESS |  
2019-08-31 22:27:58,204 | INFO  | SCMAudit | user=jenkins1000 | ip=192.168.34.42 | op=SEND_HEARTBEAT {datanodeUUID=094b17da-7f12-43e6-b453-785c127a2e77, command=[]} | ret=SUCCESS |  
2019-08-31 22:27:58,206 | INFO  | SCMAudit | user=jenkins1000 | ip=192.168.34.42 | op=SEND_HEARTBEAT {datanodeUUID=2c0e17a6-6c2f-4502-821a-909817d7c69c, command=[]} | ret=SUCCESS |  
2019-08-31 22:27:58,312 | INFO  | SCMAudit | user=jenkins1000 | ip=192.168.34.42 | op=SEND_HEARTBEAT {datanodeUUID=131506aa-e8d4-495f-9e31-6caa17857e33, command=[]} | ret=SUCCESS |  
2019-08-31 22:27:58,370 [grpc-default-executor-4] INFO  client.GrpcClientProtocolClient (GrpcClientProtocolClient.java:onNext(255)) - client-13F9D6D6E6E8->094b17da-7f12-43e6-b453-785c127a2e77: receive RaftClientReply:client-13F9D6D6E6E8->094b17da-7f12-43e6-b453-785c127a2e77@group-91658440A578, cid=44, FAILED org.apache.ratis.protocol.NotLeaderException: Server 094b17da-7f12-43e6-b453-785c127a2e77 is not the leader (be9ed4ca-dce9-4f3d-9c6d-abd66b1838f6:192.168.34.42:36394). Request must be sent to leader., logIndex=0, commits[094b17da-7f12-43e6-b453-785c127a2e77:c8, 4f048490-ee80-4dd1-86ce-d63d571007b5:c8, be9ed4ca-dce9-4f3d-9c6d-abd66b1838f6:c8]
2019-08-31 22:27:58,398 | INFO  | SCMAudit | user=jenkins1000 | ip=192.168.34.42 | op=SEND_HEARTBEAT {datanodeUUID=4a257c07-4fcc-43d2-8a6e-26fe808bf4d2, command=[]} | ret=SUCCESS |  
2019-08-31 22:27:59,069 | INFO  | SCMAudit | user=jenkins1000 | ip=192.168.34.42 | op=SEND_HEARTBEAT {datanodeUUID=78f9d08d-f53f-40cf-9f90-7f7c9603a942, command=[]} | ret=SUCCESS |  
2019-08-31 22:27:59,175 | INFO  | SCMAudit | user=jenkins1000 | ip=192.168.34.42 | op=SEND_HEARTBEAT {datanodeUUID=be9ed4ca-dce9-4f3d-9c6d-abd66b1838f6, command=[]} | ret=SUCCESS |  
2019-08-31 22:27:59,204 | INFO  | SCMAudit | user=jenkins1000 | ip=192.168.34.42 | op=SEND_HEARTBEAT {datanodeUUID=4f048490-ee80-4dd1-86ce-d63d571007b5, command=[]} | ret=SUCCESS |  
2019-08-31 22:27:59,204 | INFO  | SCMAudit | user=jenkins1000 | ip=192.168.34.42 | op=SEND_HEARTBEAT {datanodeUUID=094b17da-7f12-43e6-b453-785c127a2e77, command=[]} | ret=SUCCESS |  
2019-08-31 22:27:59,205 | INFO  | SCMAudit | user=jenkins1000 | ip=192.168.34.42 | op=SEND_HEARTBEAT {datanodeUUID=2c0e17a6-6c2f-4502-821a-909817d7c69c, command=[]} | ret=SUCCESS |  
2019-08-31 22:27:59,313 | INFO  | SCMAudit | user=jenkins1000 | ip=192.168.34.42 | op=SEND_HEARTBEAT {datanodeUUID=131506aa-e8d4-495f-9e31-6caa17857e33, command=[]} | ret=SUCCESS |  
2019-08-31 22:27:59,399 | INFO  | SCMAudit | user=jenkins1000 | ip=192.168.34.42 | op=SEND_HEARTBEAT {datanodeUUID=4a257c07-4fcc-43d2-8a6e-26fe808bf4d2, command=[]} | ret=SUCCESS |  
2019-08-31 22:28:00,069 | INFO  | SCMAudit | user=jenkins1000 | ip=192.168.34.42 | op=SEND_HEARTBEAT {datanodeUUID=78f9d08d-f53f-40cf-9f90-7f7c9603a942, command=[]} | ret=SUCCESS |  
2019-08-31 22:28:00,176 | INFO  | SCMAudit | user=jenkins1000 | ip=192.168.34.42 | op=SEND_HEARTBEAT {datanodeUUID=be9ed4ca-dce9-4f3d-9c6d-abd66b1838f6, command=[]} | ret=SUCCESS |  
2019-08-31 22:28:00,203 | INFO  | SCMAudit | user=jenkins1000 | ip=192.168.34.42 | op=SEND_HEARTBEAT {datanodeUUID=4f048490-ee80-4dd1-86ce-d63d571007b5, command=[]} | ret=SUCCESS |  
2019-08-31 22:28:00,204 | INFO  | SCMAudit | user=jenkins1000 | ip=192.168.34.42 | op=SEND_HEARTBEAT {datanodeUUID=094b17da-7f12-43e6-b453-785c127a2e77, command=[]} | ret=SUCCESS |  
2019-08-31 22:28:00,206 | INFO  | SCMAudit | user=jenkins1000 | ip=192.168.34.42 | op=SEND_HEARTBEAT {datanodeUUID=2c0e17a6-6c2f-4502-821a-909817d7c69c, command=[]} | ret=SUCCESS |  
2019-08-31 22:28:00,313 | INFO  | SCMAudit | user=jenkins1000 | ip=192.168.34.42 | op=SEND_HEARTBEAT {datanodeUUID=131506aa-e8d4-495f-9e31-6caa17857e33, command=[]} | ret=SUCCESS |  
2019-08-31 22:28:00,399 | INFO  | SCMAudit | user=jenkins1000 | ip=192.168.34.42 | op=SEND_HEARTBEAT {datanodeUUID=4a257c07-4fcc-43d2-8a6e-26fe808bf4d2, command=[]} | ret=SUCCESS |  
2019-08-31 22:28:01,069 | INFO  | SCMAudit | user=jenkins1000 | ip=192.168.34.42 | op=SEND_HEARTBEAT {datanodeUUID=78f9d08d-f53f-40cf-9f90-7f7c9603a942, command=[]} | ret=SUCCESS |  
2019-08-31 22:28:01,176 | INFO  | SCMAudit | user=jenkins1000 | ip=192.168.34.42 | op=SEND_HEARTBEAT {datanodeUUID=be9ed4ca-dce9-4f3d-9c6d-abd66b1838f6, command=[]} | ret=SUCCESS |  
2019-08-31 22:28:01,204 | INFO  | SCMAudit | user=jenkins1000 | ip=192.168.34.42 | op=SEND_HEARTBEAT {datanodeUUID=4f048490-ee80-4dd1-86ce-d63d571007b5, command=[]} | ret=SUCCESS |  
2019-08-31 22:28:01,205 | INFO  | SCMAudit | user=jenkins1000 | ip=192.168.34.42 | op=SEND_HEARTBEAT {datanodeUUID=094b17da-7f12-43e6-b453-785c127a2e77, command=[]} | ret=SUCCESS |  
2019-08-31 22:28:01,205 | INFO  | SCMAudit | user=jenkins1000 | ip=192.168.34.42 | op=SEND_HEARTBEAT {datanodeUUID=2c0e17a6-6c2f-4502-821a-909817d7c69c, command=[]} | ret=SUCCESS |  
2019-08-31 22:28:01,312 | INFO  | SCMAudit | user=jenkins1000 | ip=192.168.34.42 | op=SEND_HEARTBEAT {datanodeUUID=131506aa-e8d4-495f-9e31-6caa17857e33, command=[]} | ret=SUCCESS |  
2019-08-31 22:28:01,398 | INFO  | SCMAudit | user=jenkins1000 | ip=192.168.34.42 | op=SEND_HEARTBEAT {datanodeUUID=4a257c07-4fcc-43d2-8a6e-26fe808bf4d2, command=[]} | ret=SUCCESS |  
2019-08-31 22:28:02,069 | INFO  | SCMAudit | user=jenkins1000 | ip=192.168.34.42 | op=SEND_HEARTBEAT {datanodeUUID=78f9d08d-f53f-40cf-9f90-7f7c9603a942, command=[]} | ret=SUCCESS |  
2019-08-31 22:28:02,177 | INFO  | SCMAudit | user=jenkins1000 | ip=192.168.34.42 | op=SEND_HEARTBEAT {datanodeUUID=be9ed4ca-dce9-4f3d-9c6d-abd66b1838f6, command=[]} | ret=SUCCESS |  
2019-08-31 22:28:02,203 | INFO  | SCMAudit | user=jenkins1000 | ip=192.168.34.42 | op=SEND_HEARTBEAT {datanodeUUID=4f048490-ee80-4dd1-86ce-d63d571007b5, command=[]} | ret=SUCCESS |  
2019-08-31 22:28:02,204 | INFO  | SCMAudit | user=jenkins1000 | ip=192.168.34.42 | op=SEND_HEARTBEAT {datanodeUUID=094b17da-7f12-43e6-b453-785c127a2e77, command=[]} | ret=SUCCESS |  
2019-08-31 22:28:02,205 | INFO  | SCMAudit | user=jenkins1000 | ip=192.168.34.42 | op=SEND_HEARTBEAT {datanodeUUID=2c0e17a6-6c2f-4502-821a-909817d7c69c, command=[]} | ret=SUCCESS |  
2019-08-31 22:28:02,312 | INFO  | SCMAudit | user=jenkins1000 | ip=192.168.34.42 | op=SEND_HEARTBEAT {datanodeUUID=131506aa-e8d4-495f-9e31-6caa17857e33, command=[]} | ret=SUCCESS |  
2019-08-31 22:28:02,399 | INFO  | SCMAudit | user=jenkins1000 | ip=192.168.34.42 | op=SEND_HEARTBEAT {datanodeUUID=4a257c07-4fcc-43d2-8a6e-26fe808bf4d2, command=[]} | ret=SUCCESS |  
2019-08-31 22:28:03,072 | INFO  | SCMAudit | user=jenkins1000 | ip=192.168.34.42 | op=SEND_HEARTBEAT {datanodeUUID=78f9d08d-f53f-40cf-9f90-7f7c9603a942, command=[]} | ret=SUCCESS |  
2019-08-31 22:28:03,177 | INFO  | SCMAudit | user=jenkins1000 | ip=192.168.34.42 | op=SEND_HEARTBEAT {datanodeUUID=be9ed4ca-dce9-4f3d-9c6d-abd66b1838f6, command=[]} | ret=SUCCESS |  
2019-08-31 22:28:03,204 | INFO  | SCMAudit | user=jenkins1000 | ip=192.168.34.42 | op=SEND_HEARTBEAT {datanodeUUID=4f048490-ee80-4dd1-86ce-d63d571007b5, command=[]} | ret=SUCCESS |  
2019-08-31 22:28:03,204 | INFO  | SCMAudit | user=jenkins1000 | ip=192.168.34.42 | op=SEND_HEARTBEAT {datanodeUUID=094b17da-7f12-43e6-b453-785c127a2e77, command=[]} | ret=SUCCESS |  
2019-08-31 22:28:03,205 | INFO  | SCMAudit | user=jenkins1000 | ip=192.168.34.42 | op=SEND_HEARTBEAT {datanodeUUID=2c0e17a6-6c2f-4502-821a-909817d7c69c, command=[]} | ret=SUCCESS |  
2019-08-31 22:28:03,313 | INFO  | SCMAudit | user=jenkins1000 | ip=192.168.34.42 | op=SEND_HEARTBEAT {datanodeUUID=131506aa-e8d4-495f-9e31-6caa17857e33, command=[]} | ret=SUCCESS |  
2019-08-31 22:28:03,399 | INFO  | SCMAudit | user=jenkins1000 | ip=192.168.34.42 | op=SEND_HEARTBEAT {datanodeUUID=4a257c07-4fcc-43d2-8a6e-26fe808bf4d2, command=[]} | ret=SUCCESS |  
2019-08-31 22:28:03,415 [grpc-default-executor-4] INFO  client.GrpcClientProtocolClient (GrpcClientProtocolClient.java:onNext(255)) - client-13F9D6D6E6E8->4f048490-ee80-4dd1-86ce-d63d571007b5: receive RaftClientReply:client-13F9D6D6E6E8->4f048490-ee80-4dd1-86ce-d63d571007b5@group-91658440A578, cid=44, FAILED org.apache.ratis.protocol.NotLeaderException: Server 4f048490-ee80-4dd1-86ce-d63d571007b5 is not the leader (be9ed4ca-dce9-4f3d-9c6d-abd66b1838f6:192.168.34.42:36394). Request must be sent to leader., logIndex=0, commits[4f048490-ee80-4dd1-86ce-d63d571007b5:c8, be9ed4ca-dce9-4f3d-9c6d-abd66b1838f6:c8, 094b17da-7f12-43e6-b453-785c127a2e77:c8]
2019-08-31 22:28:04,071 | INFO  | SCMAudit | user=jenkins1000 | ip=192.168.34.42 | op=SEND_HEARTBEAT {datanodeUUID=78f9d08d-f53f-40cf-9f90-7f7c9603a942, command=[]} | ret=SUCCESS |  
2019-08-31 22:28:04,177 | INFO  | SCMAudit | user=jenkins1000 | ip=192.168.34.42 | op=SEND_HEARTBEAT {datanodeUUID=be9ed4ca-dce9-4f3d-9c6d-abd66b1838f6, command=[]} | ret=SUCCESS |  
2019-08-31 22:28:04,203 | INFO  | SCMAudit | user=jenkins1000 | ip=192.168.34.42 | op=SEND_HEARTBEAT {datanodeUUID=4f048490-ee80-4dd1-86ce-d63d571007b5, command=[]} | ret=SUCCESS |  
2019-08-31 22:28:04,205 | INFO  | SCMAudit | user=jenkins1000 | ip=192.168.34.42 | op=SEND_HEARTBEAT {datanodeUUID=094b17da-7f12-43e6-b453-785c127a2e77, command=[]} | ret=SUCCESS |  
2019-08-31 22:28:04,206 | INFO  | SCMAudit | user=jenkins1000 | ip=192.168.34.42 | op=SEND_HEARTBEAT {datanodeUUID=2c0e17a6-6c2f-4502-821a-909817d7c69c, command=[]} | ret=SUCCESS |  
2019-08-31 22:28:04,312 | INFO  | SCMAudit | user=jenkins1000 | ip=192.168.34.42 | op=SEND_HEARTBEAT {datanodeUUID=131506aa-e8d4-495f-9e31-6caa17857e33, command=[]} | ret=SUCCESS |  
2019-08-31 22:28:04,400 | INFO  | SCMAudit | user=jenkins1000 | ip=192.168.34.42 | op=SEND_HEARTBEAT {datanodeUUID=4a257c07-4fcc-43d2-8a6e-26fe808bf4d2, command=[]} | ret=SUCCESS |  
2019-08-31 22:28:05,071 | INFO  | SCMAudit | user=jenkins1000 | ip=192.168.34.42 | op=SEND_HEARTBEAT {datanodeUUID=78f9d08d-f53f-40cf-9f90-7f7c9603a942, command=[]} | ret=SUCCESS |  
2019-08-31 22:28:05,178 | INFO  | SCMAudit | user=jenkins1000 | ip=192.168.34.42 | op=SEND_HEARTBEAT {datanodeUUID=be9ed4ca-dce9-4f3d-9c6d-abd66b1838f6, command=[]} | ret=SUCCESS |  
2019-08-31 22:28:05,204 | INFO  | SCMAudit | user=jenkins1000 | ip=192.168.34.42 | op=SEND_HEARTBEAT {datanodeUUID=094b17da-7f12-43e6-b453-785c127a2e77, command=[]} | ret=SUCCESS |  
2019-08-31 22:28:05,204 | INFO  | SCMAudit | user=jenkins1000 | ip=192.168.34.42 | op=SEND_HEARTBEAT {datanodeUUID=4f048490-ee80-4dd1-86ce-d63d571007b5, command=[]} | ret=SUCCESS |  
2019-08-31 22:28:05,206 | INFO  | SCMAudit | user=jenkins1000 | ip=192.168.34.42 | op=SEND_HEARTBEAT {datanodeUUID=2c0e17a6-6c2f-4502-821a-909817d7c69c, command=[]} | ret=SUCCESS |  
2019-08-31 22:28:05,313 | INFO  | SCMAudit | user=jenkins1000 | ip=192.168.34.42 | op=SEND_HEARTBEAT {datanodeUUID=131506aa-e8d4-495f-9e31-6caa17857e33, command=[]} | ret=SUCCESS |  
2019-08-31 22:28:05,399 | INFO  | SCMAudit | user=jenkins1000 | ip=192.168.34.42 | op=SEND_HEARTBEAT {datanodeUUID=4a257c07-4fcc-43d2-8a6e-26fe808bf4d2, command=[]} | ret=SUCCESS |  
2019-08-31 22:28:06,071 | INFO  | SCMAudit | user=jenkins1000 | ip=192.168.34.42 | op=SEND_HEARTBEAT {datanodeUUID=78f9d08d-f53f-40cf-9f90-7f7c9603a942, command=[]} | ret=SUCCESS |  
2019-08-31 22:28:06,178 | INFO  | SCMAudit | user=jenkins1000 | ip=192.168.34.42 | op=SEND_HEARTBEAT {datanodeUUID=be9ed4ca-dce9-4f3d-9c6d-abd66b1838f6, command=[]} | ret=SUCCESS |  
2019-08-31 22:28:06,203 | INFO  | SCMAudit | user=jenkins1000 | ip=192.168.34.42 | op=SEND_HEARTBEAT {datanodeUUID=4f048490-ee80-4dd1-86ce-d63d571007b5, command=[]} | ret=SUCCESS |  
2019-08-31 22:28:06,204 | INFO  | SCMAudit | user=jenkins1000 | ip=192.168.34.42 | op=SEND_HEARTBEAT {datanodeUUID=094b17da-7f12-43e6-b453-785c127a2e77, command=[]} | ret=SUCCESS |  
2019-08-31 22:28:06,205 | INFO  | SCMAudit | user=jenkins1000 | ip=192.168.34.42 | op=SEND_HEARTBEAT {datanodeUUID=2c0e17a6-6c2f-4502-821a-909817d7c69c, command=[]} | ret=SUCCESS |  
2019-08-31 22:28:06,312 | INFO  | SCMAudit | user=jenkins1000 | ip=192.168.34.42 | op=SEND_HEARTBEAT {datanodeUUID=131506aa-e8d4-495f-9e31-6caa17857e33, command=[]} | ret=SUCCESS |  
2019-08-31 22:28:06,400 | INFO  | SCMAudit | user=jenkins1000 | ip=192.168.34.42 | op=SEND_HEARTBEAT {datanodeUUID=4a257c07-4fcc-43d2-8a6e-26fe808bf4d2, command=[]} | ret=SUCCESS |  
2019-08-31 22:28:07,070 | INFO  | SCMAudit | user=jenkins1000 | ip=192.168.34.42 | op=SEND_HEARTBEAT {datanodeUUID=78f9d08d-f53f-40cf-9f90-7f7c9603a942, command=[]} | ret=SUCCESS |  
2019-08-31 22:28:07,178 | INFO  | SCMAudit | user=jenkins1000 | ip=192.168.34.42 | op=SEND_HEARTBEAT {datanodeUUID=be9ed4ca-dce9-4f3d-9c6d-abd66b1838f6, command=[]} | ret=SUCCESS |  
2019-08-31 22:28:07,204 | INFO  | SCMAudit | user=jenkins1000 | ip=192.168.34.42 | op=SEND_HEARTBEAT {datanodeUUID=4f048490-ee80-4dd1-86ce-d63d571007b5, command=[]} | ret=SUCCESS |  
2019-08-31 22:28:07,205 | INFO  | SCMAudit | user=jenkins1000 | ip=192.168.34.42 | op=SEND_HEARTBEAT {datanodeUUID=094b17da-7f12-43e6-b453-785c127a2e77, command=[]} | ret=SUCCESS |  
2019-08-31 22:28:07,205 | INFO  | SCMAudit | user=jenkins1000 | ip=192.168.34.42 | op=SEND_HEARTBEAT {datanodeUUID=2c0e17a6-6c2f-4502-821a-909817d7c69c, command=[]} | ret=SUCCESS |  
2019-08-31 22:28:07,312 | INFO  | SCMAudit | user=jenkins1000 | ip=192.168.34.42 | op=SEND_HEARTBEAT {datanodeUUID=131506aa-e8d4-495f-9e31-6caa17857e33, command=[]} | ret=SUCCESS |  
2019-08-31 22:28:07,400 | INFO  | SCMAudit | user=jenkins1000 | ip=192.168.34.42 | op=SEND_HEARTBEAT {datanodeUUID=4a257c07-4fcc-43d2-8a6e-26fe808bf4d2, command=[]} | ret=SUCCESS |  
2019-08-31 22:28:08,071 | INFO  | SCMAudit | user=jenkins1000 | ip=192.168.34.42 | op=SEND_HEARTBEAT {datanodeUUID=78f9d08d-f53f-40cf-9f90-7f7c9603a942, command=[]} | ret=SUCCESS |  
2019-08-31 22:28:08,178 | INFO  | SCMAudit | user=jenkins1000 | ip=192.168.34.42 | op=SEND_HEARTBEAT {datanodeUUID=be9ed4ca-dce9-4f3d-9c6d-abd66b1838f6, command=[]} | ret=SUCCESS |  
2019-08-31 22:28:08,204 | INFO  | SCMAudit | user=jenkins1000 | ip=192.168.34.42 | op=SEND_HEARTBEAT {datanodeUUID=4f048490-ee80-4dd1-86ce-d63d571007b5, command=[]} | ret=SUCCESS |  
2019-08-31 22:28:08,204 | INFO  | SCMAudit | user=jenkins1000 | ip=192.168.34.42 | op=SEND_HEARTBEAT {datanodeUUID=094b17da-7f12-43e6-b453-785c127a2e77, command=[]} | ret=SUCCESS |  
2019-08-31 22:28:08,205 | INFO  | SCMAudit | user=jenkins1000 | ip=192.168.34.42 | op=SEND_HEARTBEAT {datanodeUUID=2c0e17a6-6c2f-4502-821a-909817d7c69c, command=[]} | ret=SUCCESS |  
2019-08-31 22:28:08,313 | INFO  | SCMAudit | user=jenkins1000 | ip=192.168.34.42 | op=SEND_HEARTBEAT {datanodeUUID=131506aa-e8d4-495f-9e31-6caa17857e33, command=[]} | ret=SUCCESS |  
2019-08-31 22:28:08,400 | INFO  | SCMAudit | user=jenkins1000 | ip=192.168.34.42 | op=SEND_HEARTBEAT {datanodeUUID=4a257c07-4fcc-43d2-8a6e-26fe808bf4d2, command=[]} | ret=SUCCESS |  
2019-08-31 22:28:08,459 [grpc-default-executor-4] INFO  client.GrpcClientProtocolClient (GrpcClientProtocolClient.java:onNext(255)) - client-13F9D6D6E6E8->094b17da-7f12-43e6-b453-785c127a2e77: receive RaftClientReply:client-13F9D6D6E6E8->094b17da-7f12-43e6-b453-785c127a2e77@group-91658440A578, cid=44, FAILED org.apache.ratis.protocol.NotLeaderException: Server 094b17da-7f12-43e6-b453-785c127a2e77 is not the leader (be9ed4ca-dce9-4f3d-9c6d-abd66b1838f6:192.168.34.42:36394). Request must be sent to leader., logIndex=0, commits[094b17da-7f12-43e6-b453-785c127a2e77:c8, 4f048490-ee80-4dd1-86ce-d63d571007b5:c8, be9ed4ca-dce9-4f3d-9c6d-abd66b1838f6:c8]
2019-08-31 22:28:09,071 | INFO  | SCMAudit | user=jenkins1000 | ip=192.168.34.42 | op=SEND_HEARTBEAT {datanodeUUID=78f9d08d-f53f-40cf-9f90-7f7c9603a942, command=[]} | ret=SUCCESS |  
2019-08-31 22:28:09,178 | INFO  | SCMAudit | user=jenkins1000 | ip=192.168.34.42 | op=SEND_HEARTBEAT {datanodeUUID=be9ed4ca-dce9-4f3d-9c6d-abd66b1838f6, command=[]} | ret=SUCCESS |  
2019-08-31 22:28:09,205 | INFO  | SCMAudit | user=jenkins1000 | ip=192.168.34.42 | op=SEND_HEARTBEAT {datanodeUUID=4f048490-ee80-4dd1-86ce-d63d571007b5, command=[]} | ret=SUCCESS |  
2019-08-31 22:28:09,205 | INFO  | SCMAudit | user=jenkins1000 | ip=192.168.34.42 | op=SEND_HEARTBEAT {datanodeUUID=094b17da-7f12-43e6-b453-785c127a2e77, command=[]} | ret=SUCCESS |  
2019-08-31 22:28:09,206 | INFO  | SCMAudit | user=jenkins1000 | ip=192.168.34.42 | op=SEND_HEARTBEAT {datanodeUUID=2c0e17a6-6c2f-4502-821a-909817d7c69c, command=[]} | ret=SUCCESS |  
2019-08-31 22:28:09,313 | INFO  | SCMAudit | user=jenkins1000 | ip=192.168.34.42 | op=SEND_HEARTBEAT {datanodeUUID=131506aa-e8d4-495f-9e31-6caa17857e33, command=[]} | ret=SUCCESS |  
2019-08-31 22:28:09,400 | INFO  | SCMAudit | user=jenkins1000 | ip=192.168.34.42 | op=SEND_HEARTBEAT {datanodeUUID=4a257c07-4fcc-43d2-8a6e-26fe808bf4d2, command=[]} | ret=SUCCESS |  
2019-08-31 22:28:10,071 | INFO  | SCMAudit | user=jenkins1000 | ip=192.168.34.42 | op=SEND_HEARTBEAT {datanodeUUID=78f9d08d-f53f-40cf-9f90-7f7c9603a942, command=[]} | ret=SUCCESS |  
2019-08-31 22:28:10,178 | INFO  | SCMAudit | user=jenkins1000 | ip=192.168.34.42 | op=SEND_HEARTBEAT {datanodeUUID=be9ed4ca-dce9-4f3d-9c6d-abd66b1838f6, command=[]} | ret=SUCCESS |  
2019-08-31 22:28:10,204 | INFO  | SCMAudit | user=jenkins1000 | ip=192.168.34.42 | op=SEND_HEARTBEAT {datanodeUUID=094b17da-7f12-43e6-b453-785c127a2e77, command=[]} | ret=SUCCESS |  
2019-08-31 22:28:10,204 | INFO  | SCMAudit | user=jenkins1000 | ip=192.168.34.42 | op=SEND_HEARTBEAT {datanodeUUID=4f048490-ee80-4dd1-86ce-d63d571007b5, command=[]} | ret=SUCCESS |  
2019-08-31 22:28:10,205 | INFO  | SCMAudit | user=jenkins1000 | ip=192.168.34.42 | op=SEND_HEARTBEAT {datanodeUUID=2c0e17a6-6c2f-4502-821a-909817d7c69c, command=[]} | ret=SUCCESS |  
2019-08-31 22:28:10,312 | INFO  | SCMAudit | user=jenkins1000 | ip=192.168.34.42 | op=SEND_HEARTBEAT {datanodeUUID=131506aa-e8d4-495f-9e31-6caa17857e33, command=[]} | ret=SUCCESS |  
2019-08-31 22:28:10,400 | INFO  | SCMAudit | user=jenkins1000 | ip=192.168.34.42 | op=SEND_HEARTBEAT {datanodeUUID=4a257c07-4fcc-43d2-8a6e-26fe808bf4d2, command=[]} | ret=SUCCESS |  
2019-08-31 22:28:11,071 | INFO  | SCMAudit | user=jenkins1000 | ip=192.168.34.42 | op=SEND_HEARTBEAT {datanodeUUID=78f9d08d-f53f-40cf-9f90-7f7c9603a942, command=[]} | ret=SUCCESS |  
2019-08-31 22:28:11,180 | INFO  | SCMAudit | user=jenkins1000 | ip=192.168.34.42 | op=SEND_HEARTBEAT {datanodeUUID=be9ed4ca-dce9-4f3d-9c6d-abd66b1838f6, command=[]} | ret=SUCCESS |  
2019-08-31 22:28:11,205 | INFO  | SCMAudit | user=jenkins1000 | ip=192.168.34.42 | op=SEND_HEARTBEAT {datanodeUUID=4f048490-ee80-4dd1-86ce-d63d571007b5, command=[]} | ret=SUCCESS |  
2019-08-31 22:28:11,205 | INFO  | SCMAudit | user=jenkins1000 | ip=192.168.34.42 | op=SEND_HEARTBEAT {datanodeUUID=094b17da-7f12-43e6-b453-785c127a2e77, command=[]} | ret=SUCCESS |  
2019-08-31 22:28:11,205 | INFO  | SCMAudit | user=jenkins1000 | ip=192.168.34.42 | op=SEND_HEARTBEAT {datanodeUUID=2c0e17a6-6c2f-4502-821a-909817d7c69c, command=[]} | ret=SUCCESS |  
2019-08-31 22:28:11,313 | INFO  | SCMAudit | user=jenkins1000 | ip=192.168.34.42 | op=SEND_HEARTBEAT {datanodeUUID=131506aa-e8d4-495f-9e31-6caa17857e33, command=[]} | ret=SUCCESS |  
2019-08-31 22:28:11,399 | INFO  | SCMAudit | user=jenkins1000 | ip=192.168.34.42 | op=SEND_HEARTBEAT {datanodeUUID=4a257c07-4fcc-43d2-8a6e-26fe808bf4d2, command=[]} | ret=SUCCESS |  
2019-08-31 22:28:12,071 | INFO  | SCMAudit | user=jenkins1000 | ip=192.168.34.42 | op=SEND_HEARTBEAT {datanodeUUID=78f9d08d-f53f-40cf-9f90-7f7c9603a942, command=[]} | ret=SUCCESS |  
2019-08-31 22:28:12,178 | INFO  | SCMAudit | user=jenkins1000 | ip=192.168.34.42 | op=SEND_HEARTBEAT {datanodeUUID=be9ed4ca-dce9-4f3d-9c6d-abd66b1838f6, command=[]} | ret=SUCCESS |  
2019-08-31 22:28:12,205 | INFO  | SCMAudit | user=jenkins1000 | ip=192.168.34.42 | op=SEND_HEARTBEAT {datanodeUUID=4f048490-ee80-4dd1-86ce-d63d571007b5, command=[]} | ret=SUCCESS |  
2019-08-31 22:28:12,205 | INFO  | SCMAudit | user=jenkins1000 | ip=192.168.34.42 | op=SEND_HEARTBEAT {datanodeUUID=094b17da-7f12-43e6-b453-785c127a2e77, command=[]} | ret=SUCCESS |  
2019-08-31 22:28:12,206 | INFO  | SCMAudit | user=jenkins1000 | ip=192.168.34.42 | op=SEND_HEARTBEAT {datanodeUUID=2c0e17a6-6c2f-4502-821a-909817d7c69c, command=[]} | ret=SUCCESS |  
2019-08-31 22:28:12,312 | INFO  | SCMAudit | user=jenkins1000 | ip=192.168.34.42 | op=SEND_HEARTBEAT {datanodeUUID=131506aa-e8d4-495f-9e31-6caa17857e33, command=[]} | ret=SUCCESS |  
2019-08-31 22:28:12,400 | INFO  | SCMAudit | user=jenkins1000 | ip=192.168.34.42 | op=SEND_HEARTBEAT {datanodeUUID=4a257c07-4fcc-43d2-8a6e-26fe808bf4d2, command=[]} | ret=SUCCESS |  
2019-08-31 22:28:13,071 | INFO  | SCMAudit | user=jenkins1000 | ip=192.168.34.42 | op=SEND_HEARTBEAT {datanodeUUID=78f9d08d-f53f-40cf-9f90-7f7c9603a942, command=[]} | ret=SUCCESS |  
2019-08-31 22:28:13,179 | INFO  | SCMAudit | user=jenkins1000 | ip=192.168.34.42 | op=SEND_HEARTBEAT {datanodeUUID=be9ed4ca-dce9-4f3d-9c6d-abd66b1838f6, command=[]} | ret=SUCCESS |  
2019-08-31 22:28:13,204 | INFO  | SCMAudit | user=jenkins1000 | ip=192.168.34.42 | op=SEND_HEARTBEAT {datanodeUUID=4f048490-ee80-4dd1-86ce-d63d571007b5, command=[]} | ret=SUCCESS |  
2019-08-31 22:28:13,204 | INFO  | SCMAudit | user=jenkins1000 | ip=192.168.34.42 | op=SEND_HEARTBEAT {datanodeUUID=094b17da-7f12-43e6-b453-785c127a2e77, command=[]} | ret=SUCCESS |  
2019-08-31 22:28:13,205 | INFO  | SCMAudit | user=jenkins1000 | ip=192.168.34.42 | op=SEND_HEARTBEAT {datanodeUUID=2c0e17a6-6c2f-4502-821a-909817d7c69c, command=[]} | ret=SUCCESS |  
2019-08-31 22:28:13,313 | INFO  | SCMAudit | user=jenkins1000 | ip=192.168.34.42 | op=SEND_HEARTBEAT {datanodeUUID=131506aa-e8d4-495f-9e31-6caa17857e33, command=[]} | ret=SUCCESS |  
2019-08-31 22:28:13,399 | INFO  | SCMAudit | user=jenkins1000 | ip=192.168.34.42 | op=SEND_HEARTBEAT {datanodeUUID=4a257c07-4fcc-43d2-8a6e-26fe808bf4d2, command=[]} | ret=SUCCESS |  
2019-08-31 22:28:13,502 [grpc-default-executor-0] INFO  client.GrpcClientProtocolClient (GrpcClientProtocolClient.java:onNext(255)) - client-13F9D6D6E6E8->094b17da-7f12-43e6-b453-785c127a2e77: receive RaftClientReply:client-13F9D6D6E6E8->094b17da-7f12-43e6-b453-785c127a2e77@group-91658440A578, cid=44, FAILED org.apache.ratis.protocol.NotLeaderException: Server 094b17da-7f12-43e6-b453-785c127a2e77 is not the leader (be9ed4ca-dce9-4f3d-9c6d-abd66b1838f6:192.168.34.42:36394). Request must be sent to leader., logIndex=0, commits[094b17da-7f12-43e6-b453-785c127a2e77:c8, 4f048490-ee80-4dd1-86ce-d63d571007b5:c8, be9ed4ca-dce9-4f3d-9c6d-abd66b1838f6:c8]
2019-08-31 22:28:14,071 | INFO  | SCMAudit | user=jenkins1000 | ip=192.168.34.42 | op=SEND_HEARTBEAT {datanodeUUID=78f9d08d-f53f-40cf-9f90-7f7c9603a942, command=[]} | ret=SUCCESS |  
2019-08-31 22:28:14,179 | INFO  | SCMAudit | user=jenkins1000 | ip=192.168.34.42 | op=SEND_HEARTBEAT {datanodeUUID=be9ed4ca-dce9-4f3d-9c6d-abd66b1838f6, command=[]} | ret=SUCCESS |  
2019-08-31 22:28:14,205 | INFO  | SCMAudit | user=jenkins1000 | ip=192.168.34.42 | op=SEND_HEARTBEAT {datanodeUUID=094b17da-7f12-43e6-b453-785c127a2e77, command=[]} | ret=SUCCESS |  
2019-08-31 22:28:14,205 | INFO  | SCMAudit | user=jenkins1000 | ip=192.168.34.42 | op=SEND_HEARTBEAT {datanodeUUID=4f048490-ee80-4dd1-86ce-d63d571007b5, command=[]} | ret=SUCCESS |  
2019-08-31 22:28:14,205 | INFO  | SCMAudit | user=jenkins1000 | ip=192.168.34.42 | op=SEND_HEARTBEAT {datanodeUUID=2c0e17a6-6c2f-4502-821a-909817d7c69c, command=[]} | ret=SUCCESS |  
2019-08-31 22:28:14,312 | INFO  | SCMAudit | user=jenkins1000 | ip=192.168.34.42 | op=SEND_HEARTBEAT {datanodeUUID=131506aa-e8d4-495f-9e31-6caa17857e33, command=[]} | ret=SUCCESS |  
2019-08-31 22:28:14,400 | INFO  | SCMAudit | user=jenkins1000 | ip=192.168.34.42 | op=SEND_HEARTBEAT {datanodeUUID=4a257c07-4fcc-43d2-8a6e-26fe808bf4d2, command=[]} | ret=SUCCESS |  
2019-08-31 22:28:15,071 | INFO  | SCMAudit | user=jenkins1000 | ip=192.168.34.42 | op=SEND_HEARTBEAT {datanodeUUID=78f9d08d-f53f-40cf-9f90-7f7c9603a942, command=[]} | ret=SUCCESS |  
2019-08-31 22:28:15,179 | INFO  | SCMAudit | user=jenkins1000 | ip=192.168.34.42 | op=SEND_HEARTBEAT {datanodeUUID=be9ed4ca-dce9-4f3d-9c6d-abd66b1838f6, command=[]} | ret=SUCCESS |  
2019-08-31 22:28:15,205 | INFO  | SCMAudit | user=jenkins1000 | ip=192.168.34.42 | op=SEND_HEARTBEAT {datanodeUUID=4f048490-ee80-4dd1-86ce-d63d571007b5, command=[]} | ret=SUCCESS |  
2019-08-31 22:28:15,205 | INFO  | SCMAudit | user=jenkins1000 | ip=192.168.34.42 | op=SEND_HEARTBEAT {datanodeUUID=094b17da-7f12-43e6-b453-785c127a2e77, command=[]} | ret=SUCCESS |  
2019-08-31 22:28:15,206 | INFO  | SCMAudit | user=jenkins1000 | ip=192.168.34.42 | op=SEND_HEARTBEAT {datanodeUUID=2c0e17a6-6c2f-4502-821a-909817d7c69c, command=[]} | ret=SUCCESS |  
2019-08-31 22:28:15,313 | INFO  | SCMAudit | user=jenkins1000 | ip=192.168.34.42 | op=SEND_HEARTBEAT {datanodeUUID=131506aa-e8d4-495f-9e31-6caa17857e33, command=[]} | ret=SUCCESS |  
2019-08-31 22:28:15,400 | INFO  | SCMAudit | user=jenkins1000 | ip=192.168.34.42 | op=SEND_HEARTBEAT {datanodeUUID=4a257c07-4fcc-43d2-8a6e-26fe808bf4d2, command=[]} | ret=SUCCESS |  
2019-08-31 22:28:16,071 | INFO  | SCMAudit | user=jenkins1000 | ip=192.168.34.42 | op=SEND_HEARTBEAT {datanodeUUID=78f9d08d-f53f-40cf-9f90-7f7c9603a942, command=[]} | ret=SUCCESS |  
2019-08-31 22:28:16,179 | INFO  | SCMAudit | user=jenkins1000 | ip=192.168.34.42 | op=SEND_HEARTBEAT {datanodeUUID=be9ed4ca-dce9-4f3d-9c6d-abd66b1838f6, command=[]} | ret=SUCCESS |  
2019-08-31 22:28:16,204 | INFO  | SCMAudit | user=jenkins1000 | ip=192.168.34.42 | op=SEND_HEARTBEAT {datanodeUUID=4f048490-ee80-4dd1-86ce-d63d571007b5, command=[]} | ret=SUCCESS |  
2019-08-31 22:28:16,205 | INFO  | SCMAudit | user=jenkins1000 | ip=192.168.34.42 | op=SEND_HEARTBEAT {datanodeUUID=094b17da-7f12-43e6-b453-785c127a2e77, command=[]} | ret=SUCCESS |  
2019-08-31 22:28:16,206 | INFO  | SCMAudit | user=jenkins1000 | ip=192.168.34.42 | op=SEND_HEARTBEAT {datanodeUUID=2c0e17a6-6c2f-4502-821a-909817d7c69c, command=[]} | ret=SUCCESS |  
2019-08-31 22:28:16,312 | INFO  | SCMAudit | user=jenkins1000 | ip=192.168.34.42 | op=SEND_HEARTBEAT {datanodeUUID=131506aa-e8d4-495f-9e31-6caa17857e33, command=[]} | ret=SUCCESS |  
2019-08-31 22:28:16,402 | INFO  | SCMAudit | user=jenkins1000 | ip=192.168.34.42 | op=SEND_HEARTBEAT {datanodeUUID=4a257c07-4fcc-43d2-8a6e-26fe808bf4d2, command=[]} | ret=SUCCESS |  
2019-08-31 22:28:17,071 | INFO  | SCMAudit | user=jenkins1000 | ip=192.168.34.42 | op=SEND_HEARTBEAT {datanodeUUID=78f9d08d-f53f-40cf-9f90-7f7c9603a942, command=[]} | ret=SUCCESS |  
2019-08-31 22:28:17,179 | INFO  | SCMAudit | user=jenkins1000 | ip=192.168.34.42 | op=SEND_HEARTBEAT {datanodeUUID=be9ed4ca-dce9-4f3d-9c6d-abd66b1838f6, command=[]} | ret=SUCCESS |  
2019-08-31 22:28:17,204 | INFO  | SCMAudit | user=jenkins1000 | ip=192.168.34.42 | op=SEND_HEARTBEAT {datanodeUUID=094b17da-7f12-43e6-b453-785c127a2e77, command=[]} | ret=SUCCESS |  
2019-08-31 22:28:17,205 | INFO  | SCMAudit | user=jenkins1000 | ip=192.168.34.42 | op=SEND_HEARTBEAT {datanodeUUID=4f048490-ee80-4dd1-86ce-d63d571007b5, command=[]} | ret=SUCCESS |  
2019-08-31 22:28:17,206 | INFO  | SCMAudit | user=jenkins1000 | ip=192.168.34.42 | op=SEND_HEARTBEAT {datanodeUUID=2c0e17a6-6c2f-4502-821a-909817d7c69c, command=[]} | ret=SUCCESS |  
2019-08-31 22:28:17,312 | INFO  | SCMAudit | user=jenkins1000 | ip=192.168.34.42 | op=SEND_HEARTBEAT {datanodeUUID=131506aa-e8d4-495f-9e31-6caa17857e33, command=[]} | ret=SUCCESS |  
2019-08-31 22:28:17,400 | INFO  | SCMAudit | user=jenkins1000 | ip=192.168.34.42 | op=SEND_HEARTBEAT {datanodeUUID=4a257c07-4fcc-43d2-8a6e-26fe808bf4d2, command=[]} | ret=SUCCESS |  
2019-08-31 22:28:18,071 | INFO  | SCMAudit | user=jenkins1000 | ip=192.168.34.42 | op=SEND_HEARTBEAT {datanodeUUID=78f9d08d-f53f-40cf-9f90-7f7c9603a942, command=[]} | ret=SUCCESS |  
2019-08-31 22:28:18,180 | INFO  | SCMAudit | user=jenkins1000 | ip=192.168.34.42 | op=SEND_HEARTBEAT {datanodeUUID=be9ed4ca-dce9-4f3d-9c6d-abd66b1838f6, command=[]} | ret=SUCCESS |  
2019-08-31 22:28:18,205 | INFO  | SCMAudit | user=jenkins1000 | ip=192.168.34.42 | op=SEND_HEARTBEAT {datanodeUUID=094b17da-7f12-43e6-b453-785c127a2e77, command=[]} | ret=SUCCESS |  
2019-08-31 22:28:18,205 | INFO  | SCMAudit | user=jenkins1000 | ip=192.168.34.42 | op=SEND_HEARTBEAT {datanodeUUID=4f048490-ee80-4dd1-86ce-d63d571007b5, command=[]} | ret=SUCCESS |  
2019-08-31 22:28:18,206 | INFO  | SCMAudit | user=jenkins1000 | ip=192.168.34.42 | op=SEND_HEARTBEAT {datanodeUUID=2c0e17a6-6c2f-4502-821a-909817d7c69c, command=[]} | ret=SUCCESS |  
2019-08-31 22:28:18,313 | INFO  | SCMAudit | user=jenkins1000 | ip=192.168.34.42 | op=SEND_HEARTBEAT {datanodeUUID=131506aa-e8d4-495f-9e31-6caa17857e33, command=[]} | ret=SUCCESS |  
2019-08-31 22:28:18,401 | INFO  | SCMAudit | user=jenkins1000 | ip=192.168.34.42 | op=SEND_HEARTBEAT {datanodeUUID=4a257c07-4fcc-43d2-8a6e-26fe808bf4d2, command=[]} | ret=SUCCESS |  
2019-08-31 22:28:18,560 [grpc-default-executor-4] INFO  client.GrpcClientProtocolClient (GrpcClientProtocolClient.java:onNext(255)) - client-13F9D6D6E6E8->4f048490-ee80-4dd1-86ce-d63d571007b5: receive RaftClientReply:client-13F9D6D6E6E8->4f048490-ee80-4dd1-86ce-d63d571007b5@group-91658440A578, cid=44, FAILED org.apache.ratis.protocol.NotLeaderException: Server 4f048490-ee80-4dd1-86ce-d63d571007b5 is not the leader (be9ed4ca-dce9-4f3d-9c6d-abd66b1838f6:192.168.34.42:36394). Request must be sent to leader., logIndex=0, commits[4f048490-ee80-4dd1-86ce-d63d571007b5:c8, be9ed4ca-dce9-4f3d-9c6d-abd66b1838f6:c8, 094b17da-7f12-43e6-b453-785c127a2e77:c8]
2019-08-31 22:28:19,071 | INFO  | SCMAudit | user=jenkins1000 | ip=192.168.34.42 | op=SEND_HEARTBEAT {datanodeUUID=78f9d08d-f53f-40cf-9f90-7f7c9603a942, command=[]} | ret=SUCCESS |  
2019-08-31 22:28:19,180 | INFO  | SCMAudit | user=jenkins1000 | ip=192.168.34.42 | op=SEND_HEARTBEAT {datanodeUUID=be9ed4ca-dce9-4f3d-9c6d-abd66b1838f6, command=[]} | ret=SUCCESS |  
2019-08-31 22:28:19,205 | INFO  | SCMAudit | user=jenkins1000 | ip=192.168.34.42 | op=SEND_HEARTBEAT {datanodeUUID=094b17da-7f12-43e6-b453-785c127a2e77, command=[]} | ret=SUCCESS |  
2019-08-31 22:28:19,206 | INFO  | SCMAudit | user=jenkins1000 | ip=192.168.34.42 | op=SEND_HEARTBEAT {datanodeUUID=4f048490-ee80-4dd1-86ce-d63d571007b5, command=[]} | ret=SUCCESS |  
2019-08-31 22:28:19,207 | INFO  | SCMAudit | user=jenkins1000 | ip=192.168.34.42 | op=SEND_HEARTBEAT {datanodeUUID=2c0e17a6-6c2f-4502-821a-909817d7c69c, command=[]} | ret=SUCCESS |  
2019-08-31 22:28:19,312 | INFO  | SCMAudit | user=jenkins1000 | ip=192.168.34.42 | op=SEND_HEARTBEAT {datanodeUUID=131506aa-e8d4-495f-9e31-6caa17857e33, command=[]} | ret=SUCCESS |  
2019-08-31 22:28:19,400 | INFO  | SCMAudit | user=jenkins1000 | ip=192.168.34.42 | op=SEND_HEARTBEAT {datanodeUUID=4a257c07-4fcc-43d2-8a6e-26fe808bf4d2, command=[]} | ret=SUCCESS |  
2019-08-31 22:28:20,070 | INFO  | SCMAudit | user=jenkins1000 | ip=192.168.34.42 | op=SEND_HEARTBEAT {datanodeUUID=78f9d08d-f53f-40cf-9f90-7f7c9603a942, command=[]} | ret=SUCCESS |  
2019-08-31 22:28:20,180 | INFO  | SCMAudit | user=jenkins1000 | ip=192.168.34.42 | op=SEND_HEARTBEAT {datanodeUUID=be9ed4ca-dce9-4f3d-9c6d-abd66b1838f6, command=[]} | ret=SUCCESS |  
2019-08-31 22:28:20,206 | INFO  | SCMAudit | user=jenkins1000 | ip=192.168.34.42 | op=SEND_HEARTBEAT {datanodeUUID=4f048490-ee80-4dd1-86ce-d63d571007b5, command=[]} | ret=SUCCESS |  
2019-08-31 22:28:20,206 | INFO  | SCMAudit | user=jenkins1000 | ip=192.168.34.42 | op=SEND_HEARTBEAT {datanodeUUID=2c0e17a6-6c2f-4502-821a-909817d7c69c, command=[]} | ret=SUCCESS |  
2019-08-31 22:28:20,206 | INFO  | SCMAudit | user=jenkins1000 | ip=192.168.34.42 | op=SEND_HEARTBEAT {datanodeUUID=094b17da-7f12-43e6-b453-785c127a2e77, command=[]} | ret=SUCCESS |  
2019-08-31 22:28:20,313 | INFO  | SCMAudit | user=jenkins1000 | ip=192.168.34.42 | op=SEND_HEARTBEAT {datanodeUUID=131506aa-e8d4-495f-9e31-6caa17857e33, command=[]} | ret=SUCCESS |  
2019-08-31 22:28:20,401 | INFO  | SCMAudit | user=jenkins1000 | ip=192.168.34.42 | op=SEND_HEARTBEAT {datanodeUUID=4a257c07-4fcc-43d2-8a6e-26fe808bf4d2, command=[]} | ret=SUCCESS |  
2019-08-31 22:28:21,072 | INFO  | SCMAudit | user=jenkins1000 | ip=192.168.34.42 | op=SEND_HEARTBEAT {datanodeUUID=78f9d08d-f53f-40cf-9f90-7f7c9603a942, command=[]} | ret=SUCCESS |  
2019-08-31 22:28:21,179 | INFO  | SCMAudit | user=jenkins1000 | ip=192.168.34.42 | op=SEND_HEARTBEAT {datanodeUUID=be9ed4ca-dce9-4f3d-9c6d-abd66b1838f6, command=[]} | ret=SUCCESS |  
2019-08-31 22:28:21,205 | INFO  | SCMAudit | user=jenkins1000 | ip=192.168.34.42 | op=SEND_HEARTBEAT {datanodeUUID=4f048490-ee80-4dd1-86ce-d63d571007b5, command=[]} | ret=SUCCESS |  
2019-08-31 22:28:21,206 | INFO  | SCMAudit | user=jenkins1000 | ip=192.168.34.42 | op=SEND_HEARTBEAT {datanodeUUID=094b17da-7f12-43e6-b453-785c127a2e77, command=[]} | ret=SUCCESS |  
2019-08-31 22:28:21,206 | INFO  | SCMAudit | user=jenkins1000 | ip=192.168.34.42 | op=SEND_HEARTBEAT {datanodeUUID=2c0e17a6-6c2f-4502-821a-909817d7c69c, command=[]} | ret=SUCCESS |  
2019-08-31 22:28:21,312 | INFO  | SCMAudit | user=jenkins1000 | ip=192.168.34.42 | op=SEND_HEARTBEAT {datanodeUUID=131506aa-e8d4-495f-9e31-6caa17857e33, command=[]} | ret=SUCCESS |  
2019-08-31 22:28:21,401 | INFO  | SCMAudit | user=jenkins1000 | ip=192.168.34.42 | op=SEND_HEARTBEAT {datanodeUUID=4a257c07-4fcc-43d2-8a6e-26fe808bf4d2, command=[]} | ret=SUCCESS |  
2019-08-31 22:28:22,072 | INFO  | SCMAudit | user=jenkins1000 | ip=192.168.34.42 | op=SEND_HEARTBEAT {datanodeUUID=78f9d08d-f53f-40cf-9f90-7f7c9603a942, command=[]} | ret=SUCCESS |  
2019-08-31 22:28:22,180 | INFO  | SCMAudit | user=jenkins1000 | ip=192.168.34.42 | op=SEND_HEARTBEAT {datanodeUUID=be9ed4ca-dce9-4f3d-9c6d-abd66b1838f6, command=[]} | ret=SUCCESS |  
2019-08-31 22:28:22,205 | INFO  | SCMAudit | user=jenkins1000 | ip=192.168.34.42 | op=SEND_HEARTBEAT {datanodeUUID=094b17da-7f12-43e6-b453-785c127a2e77, command=[]} | ret=SUCCESS |  
2019-08-31 22:28:22,206 | INFO  | SCMAudit | user=jenkins1000 | ip=192.168.34.42 | op=SEND_HEARTBEAT {datanodeUUID=4f048490-ee80-4dd1-86ce-d63d571007b5, command=[]} | ret=SUCCESS |  
2019-08-31 22:28:22,207 | INFO  | SCMAudit | user=jenkins1000 | ip=192.168.34.42 | op=SEND_HEARTBEAT {datanodeUUID=2c0e17a6-6c2f-4502-821a-909817d7c69c, command=[]} | ret=SUCCESS |  
2019-08-31 22:28:22,312 | INFO  | SCMAudit | user=jenkins1000 | ip=192.168.34.42 | op=SEND_HEARTBEAT {datanodeUUID=131506aa-e8d4-495f-9e31-6caa17857e33, command=[]} | ret=SUCCESS |  
2019-08-31 22:28:22,403 | INFO  | SCMAudit | user=jenkins1000 | ip=192.168.34.42 | op=SEND_HEARTBEAT {datanodeUUID=4a257c07-4fcc-43d2-8a6e-26fe808bf4d2, command=[]} | ret=SUCCESS |  
2019-08-31 22:28:23,072 | INFO  | SCMAudit | user=jenkins1000 | ip=192.168.34.42 | op=SEND_HEARTBEAT {datanodeUUID=78f9d08d-f53f-40cf-9f90-7f7c9603a942, command=[]} | ret=SUCCESS |  
2019-08-31 22:28:23,180 | INFO  | SCMAudit | user=jenkins1000 | ip=192.168.34.42 | op=SEND_HEARTBEAT {datanodeUUID=be9ed4ca-dce9-4f3d-9c6d-abd66b1838f6, command=[]} | ret=SUCCESS |  
2019-08-31 22:28:23,207 | INFO  | SCMAudit | user=jenkins1000 | ip=192.168.34.42 | op=SEND_HEARTBEAT {datanodeUUID=094b17da-7f12-43e6-b453-785c127a2e77, command=[]} | ret=SUCCESS |  
2019-08-31 22:28:23,208 | INFO  | SCMAudit | user=jenkins1000 | ip=192.168.34.42 | op=SEND_HEARTBEAT {datanodeUUID=4f048490-ee80-4dd1-86ce-d63d571007b5, command=[]} | ret=SUCCESS |  
2019-08-31 22:28:23,209 | INFO  | SCMAudit | user=jenkins1000 | ip=192.168.34.42 | op=SEND_HEARTBEAT {datanodeUUID=2c0e17a6-6c2f-4502-821a-909817d7c69c, command=[]} | ret=SUCCESS |  
2019-08-31 22:28:23,313 | INFO  | SCMAudit | user=jenkins1000 | ip=192.168.34.42 | op=SEND_HEARTBEAT {datanodeUUID=131506aa-e8d4-495f-9e31-6caa17857e33, command=[]} | ret=SUCCESS |  
2019-08-31 22:28:23,401 | INFO  | SCMAudit | user=jenkins1000 | ip=192.168.34.42 | op=SEND_HEARTBEAT {datanodeUUID=4a257c07-4fcc-43d2-8a6e-26fe808bf4d2, command=[]} | ret=SUCCESS |  
2019-08-31 22:28:23,822 [grpc-default-executor-4] INFO  client.GrpcClientProtocolClient (GrpcClientProtocolClient.java:onNext(255)) - client-13F9D6D6E6E8->4f048490-ee80-4dd1-86ce-d63d571007b5: receive RaftClientReply:client-13F9D6D6E6E8->4f048490-ee80-4dd1-86ce-d63d571007b5@group-91658440A578, cid=44, FAILED org.apache.ratis.protocol.NotLeaderException: Server 4f048490-ee80-4dd1-86ce-d63d571007b5 is not the leader (be9ed4ca-dce9-4f3d-9c6d-abd66b1838f6:192.168.34.42:36394). Request must be sent to leader., logIndex=0, commits[4f048490-ee80-4dd1-86ce-d63d571007b5:c8, be9ed4ca-dce9-4f3d-9c6d-abd66b1838f6:c8, 094b17da-7f12-43e6-b453-785c127a2e77:c8]
2019-08-31 22:28:24,072 | INFO  | SCMAudit | user=jenkins1000 | ip=192.168.34.42 | op=SEND_HEARTBEAT {datanodeUUID=78f9d08d-f53f-40cf-9f90-7f7c9603a942, command=[]} | ret=SUCCESS |  
2019-08-31 22:28:24,180 | INFO  | SCMAudit | user=jenkins1000 | ip=192.168.34.42 | op=SEND_HEARTBEAT {datanodeUUID=be9ed4ca-dce9-4f3d-9c6d-abd66b1838f6, command=[]} | ret=SUCCESS |  
2019-08-31 22:28:24,206 | INFO  | SCMAudit | user=jenkins1000 | ip=192.168.34.42 | op=SEND_HEARTBEAT {datanodeUUID=094b17da-7f12-43e6-b453-785c127a2e77, command=[]} | ret=SUCCESS |  
2019-08-31 22:28:24,206 | INFO  | SCMAudit | user=jenkins1000 | ip=192.168.34.42 | op=SEND_HEARTBEAT {datanodeUUID=2c0e17a6-6c2f-4502-821a-909817d7c69c, command=[]} | ret=SUCCESS |  
2019-08-31 22:28:24,206 | INFO  | SCMAudit | user=jenkins1000 | ip=192.168.34.42 | op=SEND_HEARTBEAT {datanodeUUID=4f048490-ee80-4dd1-86ce-d63d571007b5, command=[]} | ret=SUCCESS |  
2019-08-31 22:28:24,313 | INFO  | SCMAudit | user=jenkins1000 | ip=192.168.34.42 | op=SEND_HEARTBEAT {datanodeUUID=131506aa-e8d4-495f-9e31-6caa17857e33, command=[]} | ret=SUCCESS |  
2019-08-31 22:28:24,401 | INFO  | SCMAudit | user=jenkins1000 | ip=192.168.34.42 | op=SEND_HEARTBEAT {datanodeUUID=4a257c07-4fcc-43d2-8a6e-26fe808bf4d2, command=[]} | ret=SUCCESS |  
2019-08-31 22:28:25,072 | INFO  | SCMAudit | user=jenkins1000 | ip=192.168.34.42 | op=SEND_HEARTBEAT {datanodeUUID=78f9d08d-f53f-40cf-9f90-7f7c9603a942, command=[]} | ret=SUCCESS |  
2019-08-31 22:28:25,179 | INFO  | SCMAudit | user=jenkins1000 | ip=192.168.34.42 | op=SEND_HEARTBEAT {datanodeUUID=be9ed4ca-dce9-4f3d-9c6d-abd66b1838f6, command=[]} | ret=SUCCESS |  
2019-08-31 22:28:25,206 | INFO  | SCMAudit | user=jenkins1000 | ip=192.168.34.42 | op=SEND_HEARTBEAT {datanodeUUID=094b17da-7f12-43e6-b453-785c127a2e77, command=[]} | ret=SUCCESS |  
2019-08-31 22:28:25,207 | INFO  | SCMAudit | user=jenkins1000 | ip=192.168.34.42 | op=SEND_HEARTBEAT {datanodeUUID=2c0e17a6-6c2f-4502-821a-909817d7c69c, command=[]} | ret=SUCCESS |  
2019-08-31 22:28:25,207 | INFO  | SCMAudit | user=jenkins1000 | ip=192.168.34.42 | op=SEND_HEARTBEAT {datanodeUUID=4f048490-ee80-4dd1-86ce-d63d571007b5, command=[]} | ret=SUCCESS |  
2019-08-31 22:28:25,312 | INFO  | SCMAudit | user=jenkins1000 | ip=192.168.34.42 | op=SEND_HEARTBEAT {datanodeUUID=131506aa-e8d4-495f-9e31-6caa17857e33, command=[]} | ret=SUCCESS |  
2019-08-31 22:28:25,402 | INFO  | SCMAudit | user=jenkins1000 | ip=192.168.34.42 | op=SEND_HEARTBEAT {datanodeUUID=4a257c07-4fcc-43d2-8a6e-26fe808bf4d2, command=[]} | ret=SUCCESS |  
2019-08-31 22:28:26,072 | INFO  | SCMAudit | user=jenkins1000 | ip=192.168.34.42 | op=SEND_HEARTBEAT {datanodeUUID=78f9d08d-f53f-40cf-9f90-7f7c9603a942, command=[]} | ret=SUCCESS |  
2019-08-31 22:28:26,180 | INFO  | SCMAudit | user=jenkins1000 | ip=192.168.34.42 | op=SEND_HEARTBEAT {datanodeUUID=be9ed4ca-dce9-4f3d-9c6d-abd66b1838f6, command=[]} | ret=SUCCESS |  
2019-08-31 22:28:26,205 | INFO  | SCMAudit | user=jenkins1000 | ip=192.168.34.42 | op=SEND_HEARTBEAT {datanodeUUID=094b17da-7f12-43e6-b453-785c127a2e77, command=[]} | ret=SUCCESS |  
2019-08-31 22:28:26,206 | INFO  | SCMAudit | user=jenkins1000 | ip=192.168.34.42 | op=SEND_HEARTBEAT {datanodeUUID=2c0e17a6-6c2f-4502-821a-909817d7c69c, command=[]} | ret=SUCCESS |  
2019-08-31 22:28:26,206 | INFO  | SCMAudit | user=jenkins1000 | ip=192.168.34.42 | op=SEND_HEARTBEAT {datanodeUUID=4f048490-ee80-4dd1-86ce-d63d571007b5, command=[]} | ret=SUCCESS |  
2019-08-31 22:28:26,312 | INFO  | SCMAudit | user=jenkins1000 | ip=192.168.34.42 | op=SEND_HEARTBEAT {datanodeUUID=131506aa-e8d4-495f-9e31-6caa17857e33, command=[]} | ret=SUCCESS |  
2019-08-31 22:28:26,401 | INFO  | SCMAudit | user=jenkins1000 | ip=192.168.34.42 | op=SEND_HEARTBEAT {datanodeUUID=4a257c07-4fcc-43d2-8a6e-26fe808bf4d2, command=[]} | ret=SUCCESS |  
2019-08-31 22:28:27,071 | INFO  | SCMAudit | user=jenkins1000 | ip=192.168.34.42 | op=SEND_HEARTBEAT {datanodeUUID=78f9d08d-f53f-40cf-9f90-7f7c9603a942, command=[]} | ret=SUCCESS |  
2019-08-31 22:28:27,181 | INFO  | SCMAudit | user=jenkins1000 | ip=192.168.34.42 | op=SEND_HEARTBEAT {datanodeUUID=be9ed4ca-dce9-4f3d-9c6d-abd66b1838f6, command=[]} | ret=SUCCESS |  
2019-08-31 22:28:27,206 | INFO  | SCMAudit | user=jenkins1000 | ip=192.168.34.42 | op=SEND_HEARTBEAT {datanodeUUID=094b17da-7f12-43e6-b453-785c127a2e77, command=[]} | ret=SUCCESS |  
2019-08-31 22:28:27,207 | INFO  | SCMAudit | user=jenkins1000 | ip=192.168.34.42 | op=SEND_HEARTBEAT {datanodeUUID=2c0e17a6-6c2f-4502-821a-909817d7c69c, command=[]} | ret=SUCCESS |  
2019-08-31 22:28:27,207 | INFO  | SCMAudit | user=jenkins1000 | ip=192.168.34.42 | op=SEND_HEARTBEAT {datanodeUUID=4f048490-ee80-4dd1-86ce-d63d571007b5, command=[]} | ret=SUCCESS |  
2019-08-31 22:28:27,313 | INFO  | SCMAudit | user=jenkins1000 | ip=192.168.34.42 | op=SEND_HEARTBEAT {datanodeUUID=131506aa-e8d4-495f-9e31-6caa17857e33, command=[]} | ret=SUCCESS |  
2019-08-31 22:28:27,402 | INFO  | SCMAudit | user=jenkins1000 | ip=192.168.34.42 | op=SEND_HEARTBEAT {datanodeUUID=4a257c07-4fcc-43d2-8a6e-26fe808bf4d2, command=[]} | ret=SUCCESS |  
2019-08-31 22:28:28,074 | INFO  | SCMAudit | user=jenkins1000 | ip=192.168.34.42 | op=SEND_HEARTBEAT {datanodeUUID=78f9d08d-f53f-40cf-9f90-7f7c9603a942, command=[]} | ret=SUCCESS |  
2019-08-31 22:28:28,182 | INFO  | SCMAudit | user=jenkins1000 | ip=192.168.34.42 | op=SEND_HEARTBEAT {datanodeUUID=be9ed4ca-dce9-4f3d-9c6d-abd66b1838f6, command=[]} | ret=SUCCESS |  
2019-08-31 22:28:28,206 | INFO  | SCMAudit | user=jenkins1000 | ip=192.168.34.42 | op=SEND_HEARTBEAT {datanodeUUID=094b17da-7f12-43e6-b453-785c127a2e77, command=[]} | ret=SUCCESS |  
2019-08-31 22:28:28,207 | INFO  | SCMAudit | user=jenkins1000 | ip=192.168.34.42 | op=SEND_HEARTBEAT {datanodeUUID=4f048490-ee80-4dd1-86ce-d63d571007b5, command=[]} | ret=SUCCESS |  
2019-08-31 22:28:28,207 | INFO  | SCMAudit | user=jenkins1000 | ip=192.168.34.42 | op=SEND_HEARTBEAT {datanodeUUID=2c0e17a6-6c2f-4502-821a-909817d7c69c, command=[]} | ret=SUCCESS |  
2019-08-31 22:28:28,313 | INFO  | SCMAudit | user=jenkins1000 | ip=192.168.34.42 | op=SEND_HEARTBEAT {datanodeUUID=131506aa-e8d4-495f-9e31-6caa17857e33, command=[]} | ret=SUCCESS |  
2019-08-31 22:28:28,401 | INFO  | SCMAudit | user=jenkins1000 | ip=192.168.34.42 | op=SEND_HEARTBEAT {datanodeUUID=4a257c07-4fcc-43d2-8a6e-26fe808bf4d2, command=[]} | ret=SUCCESS |  
2019-08-31 22:28:28,914 [grpc-default-executor-0] INFO  client.GrpcClientProtocolClient (GrpcClientProtocolClient.java:onNext(255)) - client-13F9D6D6E6E8->094b17da-7f12-43e6-b453-785c127a2e77: receive RaftClientReply:client-13F9D6D6E6E8->094b17da-7f12-43e6-b453-785c127a2e77@group-91658440A578, cid=44, FAILED org.apache.ratis.protocol.NotLeaderException: Server 094b17da-7f12-43e6-b453-785c127a2e77 is not the leader (be9ed4ca-dce9-4f3d-9c6d-abd66b1838f6:192.168.34.42:36394). Request must be sent to leader., logIndex=0, commits[094b17da-7f12-43e6-b453-785c127a2e77:c8, 4f048490-ee80-4dd1-86ce-d63d571007b5:c8, be9ed4ca-dce9-4f3d-9c6d-abd66b1838f6:c8]
2019-08-31 22:28:29,072 | INFO  | SCMAudit | user=jenkins1000 | ip=192.168.34.42 | op=SEND_HEARTBEAT {datanodeUUID=78f9d08d-f53f-40cf-9f90-7f7c9603a942, command=[]} | ret=SUCCESS |  
2019-08-31 22:28:29,182 | INFO  | SCMAudit | user=jenkins1000 | ip=192.168.34.42 | op=SEND_HEARTBEAT {datanodeUUID=be9ed4ca-dce9-4f3d-9c6d-abd66b1838f6, command=[]} | ret=SUCCESS |  
2019-08-31 22:28:29,206 | INFO  | SCMAudit | user=jenkins1000 | ip=192.168.34.42 | op=SEND_HEARTBEAT {datanodeUUID=094b17da-7f12-43e6-b453-785c127a2e77, command=[]} | ret=SUCCESS |  
2019-08-31 22:28:29,208 | INFO  | SCMAudit | user=jenkins1000 | ip=192.168.34.42 | op=SEND_HEARTBEAT {datanodeUUID=2c0e17a6-6c2f-4502-821a-909817d7c69c, command=[]} | ret=SUCCESS |  
2019-08-31 22:28:29,208 | INFO  | SCMAudit | user=jenkins1000 | ip=192.168.34.42 | op=SEND_HEARTBEAT {datanodeUUID=4f048490-ee80-4dd1-86ce-d63d571007b5, command=[]} | ret=SUCCESS |  
2019-08-31 22:28:29,312 | INFO  | SCMAudit | user=jenkins1000 | ip=192.168.34.42 | op=SEND_HEARTBEAT {datanodeUUID=131506aa-e8d4-495f-9e31-6caa17857e33, command=[]} | ret=SUCCESS |  
2019-08-31 22:28:29,402 | INFO  | SCMAudit | user=jenkins1000 | ip=192.168.34.42 | op=SEND_HEARTBEAT {datanodeUUID=4a257c07-4fcc-43d2-8a6e-26fe808bf4d2, command=[]} | ret=SUCCESS |  
2019-08-31 22:28:30,072 | INFO  | SCMAudit | user=jenkins1000 | ip=192.168.34.42 | op=SEND_HEARTBEAT {datanodeUUID=78f9d08d-f53f-40cf-9f90-7f7c9603a942, command=[]} | ret=SUCCESS |  
2019-08-31 22:28:30,181 | INFO  | SCMAudit | user=jenkins1000 | ip=192.168.34.42 | op=SEND_HEARTBEAT {datanodeUUID=be9ed4ca-dce9-4f3d-9c6d-abd66b1838f6, command=[]} | ret=SUCCESS |  
2019-08-31 22:28:30,207 | INFO  | SCMAudit | user=jenkins1000 | ip=192.168.34.42 | op=SEND_HEARTBEAT {datanodeUUID=094b17da-7f12-43e6-b453-785c127a2e77, command=[]} | ret=SUCCESS |  
2019-08-31 22:28:30,207 | INFO  | SCMAudit | user=jenkins1000 | ip=192.168.34.42 | op=SEND_HEARTBEAT {datanodeUUID=2c0e17a6-6c2f-4502-821a-909817d7c69c, command=[]} | ret=SUCCESS |  
2019-08-31 22:28:30,207 | INFO  | SCMAudit | user=jenkins1000 | ip=192.168.34.42 | op=SEND_HEARTBEAT {datanodeUUID=4f048490-ee80-4dd1-86ce-d63d571007b5, command=[]} | ret=SUCCESS |  
2019-08-31 22:28:30,313 | INFO  | SCMAudit | user=jenkins1000 | ip=192.168.34.42 | op=SEND_HEARTBEAT {datanodeUUID=131506aa-e8d4-495f-9e31-6caa17857e33, command=[]} | ret=SUCCESS |  
2019-08-31 22:28:30,402 | INFO  | SCMAudit | user=jenkins1000 | ip=192.168.34.42 | op=SEND_HEARTBEAT {datanodeUUID=4a257c07-4fcc-43d2-8a6e-26fe808bf4d2, command=[]} | ret=SUCCESS |  
2019-08-31 22:28:31,071 | INFO  | SCMAudit | user=jenkins1000 | ip=192.168.34.42 | op=SEND_HEARTBEAT {datanodeUUID=78f9d08d-f53f-40cf-9f90-7f7c9603a942, command=[]} | ret=SUCCESS |  
2019-08-31 22:28:31,182 | INFO  | SCMAudit | user=jenkins1000 | ip=192.168.34.42 | op=SEND_HEARTBEAT {datanodeUUID=be9ed4ca-dce9-4f3d-9c6d-abd66b1838f6, command=[]} | ret=SUCCESS |  
2019-08-31 22:28:31,207 | INFO  | SCMAudit | user=jenkins1000 | ip=192.168.34.42 | op=SEND_HEARTBEAT {datanodeUUID=2c0e17a6-6c2f-4502-821a-909817d7c69c, command=[]} | ret=SUCCESS |  
2019-08-31 22:28:31,207 | INFO  | SCMAudit | user=jenkins1000 | ip=192.168.34.42 | op=SEND_HEARTBEAT {datanodeUUID=094b17da-7f12-43e6-b453-785c127a2e77, command=[]} | ret=SUCCESS |  
2019-08-31 22:28:31,208 | INFO  | SCMAudit | user=jenkins1000 | ip=192.168.34.42 | op=SEND_HEARTBEAT {datanodeUUID=4f048490-ee80-4dd1-86ce-d63d571007b5, command=[]} | ret=SUCCESS |  
2019-08-31 22:28:31,312 | INFO  | SCMAudit | user=jenkins1000 | ip=192.168.34.42 | op=SEND_HEARTBEAT {datanodeUUID=131506aa-e8d4-495f-9e31-6caa17857e33, command=[]} | ret=SUCCESS |  
2019-08-31 22:28:31,403 | INFO  | SCMAudit | user=jenkins1000 | ip=192.168.34.42 | op=SEND_HEARTBEAT {datanodeUUID=4a257c07-4fcc-43d2-8a6e-26fe808bf4d2, command=[]} | ret=SUCCESS |  
2019-08-31 22:28:32,072 | INFO  | SCMAudit | user=jenkins1000 | ip=192.168.34.42 | op=SEND_HEARTBEAT {datanodeUUID=78f9d08d-f53f-40cf-9f90-7f7c9603a942, command=[]} | ret=SUCCESS |  
2019-08-31 22:28:32,183 | INFO  | SCMAudit | user=jenkins1000 | ip=192.168.34.42 | op=SEND_HEARTBEAT {datanodeUUID=be9ed4ca-dce9-4f3d-9c6d-abd66b1838f6, command=[]} | ret=SUCCESS |  
2019-08-31 22:28:32,208 | INFO  | SCMAudit | user=jenkins1000 | ip=192.168.34.42 | op=SEND_HEARTBEAT {datanodeUUID=4f048490-ee80-4dd1-86ce-d63d571007b5, command=[]} | ret=SUCCESS |  
2019-08-31 22:28:32,208 | INFO  | SCMAudit | user=jenkins1000 | ip=192.168.34.42 | op=SEND_HEARTBEAT {datanodeUUID=094b17da-7f12-43e6-b453-785c127a2e77, command=[]} | ret=SUCCESS |  
2019-08-31 22:28:32,208 | INFO  | SCMAudit | user=jenkins1000 | ip=192.168.34.42 | op=SEND_HEARTBEAT {datanodeUUID=2c0e17a6-6c2f-4502-821a-909817d7c69c, command=[]} | ret=SUCCESS |  
2019-08-31 22:28:32,313 | INFO  | SCMAudit | user=jenkins1000 | ip=192.168.34.42 | op=SEND_HEARTBEAT {datanodeUUID=131506aa-e8d4-495f-9e31-6caa17857e33, command=[]} | ret=SUCCESS |  
2019-08-31 22:28:32,403 | INFO  | SCMAudit | user=jenkins1000 | ip=192.168.34.42 | op=SEND_HEARTBEAT {datanodeUUID=4a257c07-4fcc-43d2-8a6e-26fe808bf4d2, command=[]} | ret=SUCCESS |  
2019-08-31 22:28:33,072 | INFO  | SCMAudit | user=jenkins1000 | ip=192.168.34.42 | op=SEND_HEARTBEAT {datanodeUUID=78f9d08d-f53f-40cf-9f90-7f7c9603a942, command=[]} | ret=SUCCESS |  
2019-08-31 22:28:33,182 | INFO  | SCMAudit | user=jenkins1000 | ip=192.168.34.42 | op=SEND_HEARTBEAT {datanodeUUID=be9ed4ca-dce9-4f3d-9c6d-abd66b1838f6, command=[]} | ret=SUCCESS |  
2019-08-31 22:28:33,207 | INFO  | SCMAudit | user=jenkins1000 | ip=192.168.34.42 | op=SEND_HEARTBEAT {datanodeUUID=2c0e17a6-6c2f-4502-821a-909817d7c69c, command=[]} | ret=SUCCESS |  
2019-08-31 22:28:33,208 | INFO  | SCMAudit | user=jenkins1000 | ip=192.168.34.42 | op=SEND_HEARTBEAT {datanodeUUID=4f048490-ee80-4dd1-86ce-d63d571007b5, command=[]} | ret=SUCCESS |  
2019-08-31 22:28:33,208 | INFO  | SCMAudit | user=jenkins1000 | ip=192.168.34.42 | op=SEND_HEARTBEAT {datanodeUUID=094b17da-7f12-43e6-b453-785c127a2e77, command=[]} | ret=SUCCESS |  
2019-08-31 22:28:33,312 | INFO  | SCMAudit | user=jenkins1000 | ip=192.168.34.42 | op=SEND_HEARTBEAT {datanodeUUID=131506aa-e8d4-495f-9e31-6caa17857e33, command=[]} | ret=SUCCESS |  
2019-08-31 22:28:33,403 | INFO  | SCMAudit | user=jenkins1000 | ip=192.168.34.42 | op=SEND_HEARTBEAT {datanodeUUID=4a257c07-4fcc-43d2-8a6e-26fe808bf4d2, command=[]} | ret=SUCCESS |  
2019-08-31 22:28:33,961 [grpc-default-executor-0] INFO  client.GrpcClientProtocolClient (GrpcClientProtocolClient.java:onNext(255)) - client-13F9D6D6E6E8->4f048490-ee80-4dd1-86ce-d63d571007b5: receive RaftClientReply:client-13F9D6D6E6E8->4f048490-ee80-4dd1-86ce-d63d571007b5@group-91658440A578, cid=44, FAILED org.apache.ratis.protocol.NotLeaderException: Server 4f048490-ee80-4dd1-86ce-d63d571007b5 is not the leader (be9ed4ca-dce9-4f3d-9c6d-abd66b1838f6:192.168.34.42:36394). Request must be sent to leader., logIndex=0, commits[4f048490-ee80-4dd1-86ce-d63d571007b5:c8, be9ed4ca-dce9-4f3d-9c6d-abd66b1838f6:c8, 094b17da-7f12-43e6-b453-785c127a2e77:c8]
2019-08-31 22:28:34,072 | INFO  | SCMAudit | user=jenkins1000 | ip=192.168.34.42 | op=SEND_HEARTBEAT {datanodeUUID=78f9d08d-f53f-40cf-9f90-7f7c9603a942, command=[]} | ret=SUCCESS |  
2019-08-31 22:28:34,183 | INFO  | SCMAudit | user=jenkins1000 | ip=192.168.34.42 | op=SEND_HEARTBEAT {datanodeUUID=be9ed4ca-dce9-4f3d-9c6d-abd66b1838f6, command=[]} | ret=SUCCESS |  
2019-08-31 22:28:34,208 | INFO  | SCMAudit | user=jenkins1000 | ip=192.168.34.42 | op=SEND_HEARTBEAT {datanodeUUID=2c0e17a6-6c2f-4502-821a-909817d7c69c, command=[]} | ret=SUCCESS |  
2019-08-31 22:28:34,208 | INFO  | SCMAudit | user=jenkins1000 | ip=192.168.34.42 | op=SEND_HEARTBEAT {datanodeUUID=4f048490-ee80-4dd1-86ce-d63d571007b5, command=[]} | ret=SUCCESS |  
2019-08-31 22:28:34,208 | INFO  | SCMAudit | user=jenkins1000 | ip=192.168.34.42 | op=SEND_HEARTBEAT {datanodeUUID=094b17da-7f12-43e6-b453-785c127a2e77, command=[]} | ret=SUCCESS |  
2019-08-31 22:28:34,313 | INFO  | SCMAudit | user=jenkins1000 | ip=192.168.34.42 | op=SEND_HEARTBEAT {datanodeUUID=131506aa-e8d4-495f-9e31-6caa17857e33, command=[]} | ret=SUCCESS |  
2019-08-31 22:28:34,403 | INFO  | SCMAudit | user=jenkins1000 | ip=192.168.34.42 | op=SEND_HEARTBEAT {datanodeUUID=4a257c07-4fcc-43d2-8a6e-26fe808bf4d2, command=[]} | ret=SUCCESS |  
2019-08-31 22:28:35,072 | INFO  | SCMAudit | user=jenkins1000 | ip=192.168.34.42 | op=SEND_HEARTBEAT {datanodeUUID=78f9d08d-f53f-40cf-9f90-7f7c9603a942, command=[]} | ret=SUCCESS |  
2019-08-31 22:28:35,183 | INFO  | SCMAudit | user=jenkins1000 | ip=192.168.34.42 | op=SEND_HEARTBEAT {datanodeUUID=be9ed4ca-dce9-4f3d-9c6d-abd66b1838f6, command=[]} | ret=SUCCESS |  
2019-08-31 22:28:35,207 | INFO  | SCMAudit | user=jenkins1000 | ip=192.168.34.42 | op=SEND_HEARTBEAT {datanodeUUID=2c0e17a6-6c2f-4502-821a-909817d7c69c, command=[]} | ret=SUCCESS |  
2019-08-31 22:28:35,208 | INFO  | SCMAudit | user=jenkins1000 | ip=192.168.34.42 | op=SEND_HEARTBEAT {datanodeUUID=094b17da-7f12-43e6-b453-785c127a2e77, command=[]} | ret=SUCCESS |  
2019-08-31 22:28:35,208 | INFO  | SCMAudit | user=jenkins1000 | ip=192.168.34.42 | op=SEND_HEARTBEAT {datanodeUUID=4f048490-ee80-4dd1-86ce-d63d571007b5, command=[]} | ret=SUCCESS |  
2019-08-31 22:28:35,313 | INFO  | SCMAudit | user=jenkins1000 | ip=192.168.34.42 | op=SEND_HEARTBEAT {datanodeUUID=131506aa-e8d4-495f-9e31-6caa17857e33, command=[]} | ret=SUCCESS |  
2019-08-31 22:28:35,404 | INFO  | SCMAudit | user=jenkins1000 | ip=192.168.34.42 | op=SEND_HEARTBEAT {datanodeUUID=4a257c07-4fcc-43d2-8a6e-26fe808bf4d2, command=[]} | ret=SUCCESS |  
2019-08-31 22:28:36,071 | INFO  | SCMAudit | user=jenkins1000 | ip=192.168.34.42 | op=SEND_HEARTBEAT {datanodeUUID=78f9d08d-f53f-40cf-9f90-7f7c9603a942, command=[]} | ret=SUCCESS |  
2019-08-31 22:28:36,182 | INFO  | SCMAudit | user=jenkins1000 | ip=192.168.34.42 | op=SEND_HEARTBEAT {datanodeUUID=be9ed4ca-dce9-4f3d-9c6d-abd66b1838f6, command=[]} | ret=SUCCESS |  
2019-08-31 22:28:36,208 | INFO  | SCMAudit | user=jenkins1000 | ip=192.168.34.42 | op=SEND_HEARTBEAT {datanodeUUID=2c0e17a6-6c2f-4502-821a-909817d7c69c, command=[]} | ret=SUCCESS |  
2019-08-31 22:28:36,208 | INFO  | SCMAudit | user=jenkins1000 | ip=192.168.34.42 | op=SEND_HEARTBEAT {datanodeUUID=094b17da-7f12-43e6-b453-785c127a2e77, command=[]} | ret=SUCCESS |  
2019-08-31 22:28:36,209 | INFO  | SCMAudit | user=jenkins1000 | ip=192.168.34.42 | op=SEND_HEARTBEAT {datanodeUUID=4f048490-ee80-4dd1-86ce-d63d571007b5, command=[]} | ret=SUCCESS |  
2019-08-31 22:28:36,313 | INFO  | SCMAudit | user=jenkins1000 | ip=192.168.34.42 | op=SEND_HEARTBEAT {datanodeUUID=131506aa-e8d4-495f-9e31-6caa17857e33, command=[]} | ret=SUCCESS |  
2019-08-31 22:28:36,403 | INFO  | SCMAudit | user=jenkins1000 | ip=192.168.34.42 | op=SEND_HEARTBEAT {datanodeUUID=4a257c07-4fcc-43d2-8a6e-26fe808bf4d2, command=[]} | ret=SUCCESS |  
2019-08-31 22:28:37,072 | INFO  | SCMAudit | user=jenkins1000 | ip=192.168.34.42 | op=SEND_HEARTBEAT {datanodeUUID=78f9d08d-f53f-40cf-9f90-7f7c9603a942, command=[]} | ret=SUCCESS |  
2019-08-31 22:28:37,183 | INFO  | SCMAudit | user=jenkins1000 | ip=192.168.34.42 | op=SEND_HEARTBEAT {datanodeUUID=be9ed4ca-dce9-4f3d-9c6d-abd66b1838f6, command=[]} | ret=SUCCESS |  
2019-08-31 22:28:37,207 | INFO  | SCMAudit | user=jenkins1000 | ip=192.168.34.42 | op=SEND_HEARTBEAT {datanodeUUID=2c0e17a6-6c2f-4502-821a-909817d7c69c, command=[]} | ret=SUCCESS |  
2019-08-31 22:28:37,209 | INFO  | SCMAudit | user=jenkins1000 | ip=192.168.34.42 | op=SEND_HEARTBEAT {datanodeUUID=4f048490-ee80-4dd1-86ce-d63d571007b5, command=[]} | ret=SUCCESS |  
2019-08-31 22:28:37,209 | INFO  | SCMAudit | user=jenkins1000 | ip=192.168.34.42 | op=SEND_HEARTBEAT {datanodeUUID=094b17da-7f12-43e6-b453-785c127a2e77, command=[]} | ret=SUCCESS |  
2019-08-31 22:28:37,313 | INFO  | SCMAudit | user=jenkins1000 | ip=192.168.34.42 | op=SEND_HEARTBEAT {datanodeUUID=131506aa-e8d4-495f-9e31-6caa17857e33, command=[]} | ret=SUCCESS |  
2019-08-31 22:28:37,404 | INFO  | SCMAudit | user=jenkins1000 | ip=192.168.34.42 | op=SEND_HEARTBEAT {datanodeUUID=4a257c07-4fcc-43d2-8a6e-26fe808bf4d2, command=[]} | ret=SUCCESS |  
2019-08-31 22:28:38,072 | INFO  | SCMAudit | user=jenkins1000 | ip=192.168.34.42 | op=SEND_HEARTBEAT {datanodeUUID=78f9d08d-f53f-40cf-9f90-7f7c9603a942, command=[]} | ret=SUCCESS |  
2019-08-31 22:28:38,182 | INFO  | SCMAudit | user=jenkins1000 | ip=192.168.34.42 | op=SEND_HEARTBEAT {datanodeUUID=be9ed4ca-dce9-4f3d-9c6d-abd66b1838f6, command=[]} | ret=SUCCESS |  
2019-08-31 22:28:38,207 | INFO  | SCMAudit | user=jenkins1000 | ip=192.168.34.42 | op=SEND_HEARTBEAT {datanodeUUID=2c0e17a6-6c2f-4502-821a-909817d7c69c, command=[]} | ret=SUCCESS |  
2019-08-31 22:28:38,208 | INFO  | SCMAudit | user=jenkins1000 | ip=192.168.34.42 | op=SEND_HEARTBEAT {datanodeUUID=094b17da-7f12-43e6-b453-785c127a2e77, command=[]} | ret=SUCCESS |  
2019-08-31 22:28:38,209 | INFO  | SCMAudit | user=jenkins1000 | ip=192.168.34.42 | op=SEND_HEARTBEAT {datanodeUUID=4f048490-ee80-4dd1-86ce-d63d571007b5, command=[]} | ret=SUCCESS |  
2019-08-31 22:28:38,314 | INFO  | SCMAudit | user=jenkins1000 | ip=192.168.34.42 | op=SEND_HEARTBEAT {datanodeUUID=131506aa-e8d4-495f-9e31-6caa17857e33, command=[]} | ret=SUCCESS |  
2019-08-31 22:28:38,403 | INFO  | SCMAudit | user=jenkins1000 | ip=192.168.34.42 | op=SEND_HEARTBEAT {datanodeUUID=4a257c07-4fcc-43d2-8a6e-26fe808bf4d2, command=[]} | ret=SUCCESS |  
2019-08-31 22:28:39,012 [grpc-default-executor-0] INFO  client.GrpcClientProtocolClient (GrpcClientProtocolClient.java:onNext(255)) - client-13F9D6D6E6E8->094b17da-7f12-43e6-b453-785c127a2e77: receive RaftClientReply:client-13F9D6D6E6E8->094b17da-7f12-43e6-b453-785c127a2e77@group-91658440A578, cid=44, FAILED org.apache.ratis.protocol.NotLeaderException: Server 094b17da-7f12-43e6-b453-785c127a2e77 is not the leader (be9ed4ca-dce9-4f3d-9c6d-abd66b1838f6:192.168.34.42:36394). Request must be sent to leader., logIndex=0, commits[094b17da-7f12-43e6-b453-785c127a2e77:c8, 4f048490-ee80-4dd1-86ce-d63d571007b5:c8, be9ed4ca-dce9-4f3d-9c6d-abd66b1838f6:c8]
2019-08-31 22:28:39,071 | INFO  | SCMAudit | user=jenkins1000 | ip=192.168.34.42 | op=SEND_HEARTBEAT {datanodeUUID=78f9d08d-f53f-40cf-9f90-7f7c9603a942, command=[]} | ret=SUCCESS |  
2019-08-31 22:28:39,183 | INFO  | SCMAudit | user=jenkins1000 | ip=192.168.34.42 | op=SEND_HEARTBEAT {datanodeUUID=be9ed4ca-dce9-4f3d-9c6d-abd66b1838f6, command=[]} | ret=SUCCESS |  
2019-08-31 22:28:39,207 | INFO  | SCMAudit | user=jenkins1000 | ip=192.168.34.42 | op=SEND_HEARTBEAT {datanodeUUID=2c0e17a6-6c2f-4502-821a-909817d7c69c, command=[]} | ret=SUCCESS |  
2019-08-31 22:28:39,209 | INFO  | SCMAudit | user=jenkins1000 | ip=192.168.34.42 | op=SEND_HEARTBEAT {datanodeUUID=094b17da-7f12-43e6-b453-785c127a2e77, command=[]} | ret=SUCCESS |  
2019-08-31 22:28:39,209 | INFO  | SCMAudit | user=jenkins1000 | ip=192.168.34.42 | op=SEND_HEARTBEAT {datanodeUUID=4f048490-ee80-4dd1-86ce-d63d571007b5, command=[]} | ret=SUCCESS |  
2019-08-31 22:28:39,313 | INFO  | SCMAudit | user=jenkins1000 | ip=192.168.34.42 | op=SEND_HEARTBEAT {datanodeUUID=131506aa-e8d4-495f-9e31-6caa17857e33, command=[]} | ret=SUCCESS |  
2019-08-31 22:28:39,403 | INFO  | SCMAudit | user=jenkins1000 | ip=192.168.34.42 | op=SEND_HEARTBEAT {datanodeUUID=4a257c07-4fcc-43d2-8a6e-26fe808bf4d2, command=[]} | ret=SUCCESS |  
2019-08-31 22:28:40,072 | INFO  | SCMAudit | user=jenkins1000 | ip=192.168.34.42 | op=SEND_HEARTBEAT {datanodeUUID=78f9d08d-f53f-40cf-9f90-7f7c9603a942, command=[]} | ret=SUCCESS |  
2019-08-31 22:28:40,183 | INFO  | SCMAudit | user=jenkins1000 | ip=192.168.34.42 | op=SEND_HEARTBEAT {datanodeUUID=be9ed4ca-dce9-4f3d-9c6d-abd66b1838f6, command=[]} | ret=SUCCESS |  
2019-08-31 22:28:40,208 | INFO  | SCMAudit | user=jenkins1000 | ip=192.168.34.42 | op=SEND_HEARTBEAT {datanodeUUID=2c0e17a6-6c2f-4502-821a-909817d7c69c, command=[]} | ret=SUCCESS |  
2019-08-31 22:28:40,208 | INFO  | SCMAudit | user=jenkins1000 | ip=192.168.34.42 | op=SEND_HEARTBEAT {datanodeUUID=094b17da-7f12-43e6-b453-785c127a2e77, command=[]} | ret=SUCCESS |  
2019-08-31 22:28:40,209 | INFO  | SCMAudit | user=jenkins1000 | ip=192.168.34.42 | op=SEND_HEARTBEAT {datanodeUUID=4f048490-ee80-4dd1-86ce-d63d571007b5, command=[]} | ret=SUCCESS |  
2019-08-31 22:28:40,313 | INFO  | SCMAudit | user=jenkins1000 | ip=192.168.34.42 | op=SEND_HEARTBEAT {datanodeUUID=131506aa-e8d4-495f-9e31-6caa17857e33, command=[]} | ret=SUCCESS |  
2019-08-31 22:28:40,404 | INFO  | SCMAudit | user=jenkins1000 | ip=192.168.34.42 | op=SEND_HEARTBEAT {datanodeUUID=4a257c07-4fcc-43d2-8a6e-26fe808bf4d2, command=[]} | ret=SUCCESS |  
2019-08-31 22:28:41,071 | INFO  | SCMAudit | user=jenkins1000 | ip=192.168.34.42 | op=SEND_HEARTBEAT {datanodeUUID=78f9d08d-f53f-40cf-9f90-7f7c9603a942, command=[]} | ret=SUCCESS |  
2019-08-31 22:28:41,183 | INFO  | SCMAudit | user=jenkins1000 | ip=192.168.34.42 | op=SEND_HEARTBEAT {datanodeUUID=be9ed4ca-dce9-4f3d-9c6d-abd66b1838f6, command=[]} | ret=SUCCESS |  
2019-08-31 22:28:41,208 | INFO  | SCMAudit | user=jenkins1000 | ip=192.168.34.42 | op=SEND_HEARTBEAT {datanodeUUID=2c0e17a6-6c2f-4502-821a-909817d7c69c, command=[]} | ret=SUCCESS |  
2019-08-31 22:28:41,208 | INFO  | SCMAudit | user=jenkins1000 | ip=192.168.34.42 | op=SEND_HEARTBEAT {datanodeUUID=094b17da-7f12-43e6-b453-785c127a2e77, command=[]} | ret=SUCCESS |  
2019-08-31 22:28:41,210 | INFO  | SCMAudit | user=jenkins1000 | ip=192.168.34.42 | op=SEND_HEARTBEAT {datanodeUUID=4f048490-ee80-4dd1-86ce-d63d571007b5, command=[]} | ret=SUCCESS |  
2019-08-31 22:28:41,313 | INFO  | SCMAudit | user=jenkins1000 | ip=192.168.34.42 | op=SEND_HEARTBEAT {datanodeUUID=131506aa-e8d4-495f-9e31-6caa17857e33, command=[]} | ret=SUCCESS |  
2019-08-31 22:28:41,404 | INFO  | SCMAudit | user=jenkins1000 | ip=192.168.34.42 | op=SEND_HEARTBEAT {datanodeUUID=4a257c07-4fcc-43d2-8a6e-26fe808bf4d2, command=[]} | ret=SUCCESS |  
2019-08-31 22:28:42,072 | INFO  | SCMAudit | user=jenkins1000 | ip=192.168.34.42 | op=SEND_HEARTBEAT {datanodeUUID=78f9d08d-f53f-40cf-9f90-7f7c9603a942, command=[]} | ret=SUCCESS |  
2019-08-31 22:28:42,184 | INFO  | SCMAudit | user=jenkins1000 | ip=192.168.34.42 | op=SEND_HEARTBEAT {datanodeUUID=be9ed4ca-dce9-4f3d-9c6d-abd66b1838f6, command=[]} | ret=SUCCESS |  
2019-08-31 22:28:42,208 | INFO  | SCMAudit | user=jenkins1000 | ip=192.168.34.42 | op=SEND_HEARTBEAT {datanodeUUID=094b17da-7f12-43e6-b453-785c127a2e77, command=[]} | ret=SUCCESS |  
2019-08-31 22:28:42,208 | INFO  | SCMAudit | user=jenkins1000 | ip=192.168.34.42 | op=SEND_HEARTBEAT {datanodeUUID=2c0e17a6-6c2f-4502-821a-909817d7c69c, command=[]} | ret=SUCCESS |  
2019-08-31 22:28:42,210 | INFO  | SCMAudit | user=jenkins1000 | ip=192.168.34.42 | op=SEND_HEARTBEAT {datanodeUUID=4f048490-ee80-4dd1-86ce-d63d571007b5, command=[]} | ret=SUCCESS |  
2019-08-31 22:28:42,314 | INFO  | SCMAudit | user=jenkins1000 | ip=192.168.34.42 | op=SEND_HEARTBEAT {datanodeUUID=131506aa-e8d4-495f-9e31-6caa17857e33, command=[]} | ret=SUCCESS |  
2019-08-31 22:28:42,404 | INFO  | SCMAudit | user=jenkins1000 | ip=192.168.34.42 | op=SEND_HEARTBEAT {datanodeUUID=4a257c07-4fcc-43d2-8a6e-26fe808bf4d2, command=[]} | ret=SUCCESS |  
2019-08-31 22:28:43,072 | INFO  | SCMAudit | user=jenkins1000 | ip=192.168.34.42 | op=SEND_HEARTBEAT {datanodeUUID=78f9d08d-f53f-40cf-9f90-7f7c9603a942, command=[]} | ret=SUCCESS |  
2019-08-31 22:28:43,185 | INFO  | SCMAudit | user=jenkins1000 | ip=192.168.34.42 | op=SEND_HEARTBEAT {datanodeUUID=be9ed4ca-dce9-4f3d-9c6d-abd66b1838f6, command=[]} | ret=SUCCESS |  
2019-08-31 22:28:43,209 | INFO  | SCMAudit | user=jenkins1000 | ip=192.168.34.42 | op=SEND_HEARTBEAT {datanodeUUID=094b17da-7f12-43e6-b453-785c127a2e77, command=[]} | ret=SUCCESS |  
2019-08-31 22:28:43,209 | INFO  | SCMAudit | user=jenkins1000 | ip=192.168.34.42 | op=SEND_HEARTBEAT {datanodeUUID=2c0e17a6-6c2f-4502-821a-909817d7c69c, command=[]} | ret=SUCCESS |  
2019-08-31 22:28:43,210 | INFO  | SCMAudit | user=jenkins1000 | ip=192.168.34.42 | op=SEND_HEARTBEAT {datanodeUUID=4f048490-ee80-4dd1-86ce-d63d571007b5, command=[]} | ret=SUCCESS |  
2019-08-31 22:28:43,314 | INFO  | SCMAudit | user=jenkins1000 | ip=192.168.34.42 | op=SEND_HEARTBEAT {datanodeUUID=131506aa-e8d4-495f-9e31-6caa17857e33, command=[]} | ret=SUCCESS |  
2019-08-31 22:28:43,405 | INFO  | SCMAudit | user=jenkins1000 | ip=192.168.34.42 | op=SEND_HEARTBEAT {datanodeUUID=4a257c07-4fcc-43d2-8a6e-26fe808bf4d2, command=[]} | ret=SUCCESS |  
2019-08-31 22:28:44,053 [grpc-default-executor-4] INFO  client.GrpcClientProtocolClient (GrpcClientProtocolClient.java:onNext(255)) - client-13F9D6D6E6E8->094b17da-7f12-43e6-b453-785c127a2e77: receive RaftClientReply:client-13F9D6D6E6E8->094b17da-7f12-43e6-b453-785c127a2e77@group-91658440A578, cid=44, FAILED org.apache.ratis.protocol.NotLeaderException: Server 094b17da-7f12-43e6-b453-785c127a2e77 is not the leader (be9ed4ca-dce9-4f3d-9c6d-abd66b1838f6:192.168.34.42:36394). Request must be sent to leader., logIndex=0, commits[094b17da-7f12-43e6-b453-785c127a2e77:c8, 4f048490-ee80-4dd1-86ce-d63d571007b5:c8, be9ed4ca-dce9-4f3d-9c6d-abd66b1838f6:c8]
2019-08-31 22:28:44,073 | INFO  | SCMAudit | user=jenkins1000 | ip=192.168.34.42 | op=SEND_HEARTBEAT {datanodeUUID=78f9d08d-f53f-40cf-9f90-7f7c9603a942, command=[]} | ret=SUCCESS |  
2019-08-31 22:28:44,184 | INFO  | SCMAudit | user=jenkins1000 | ip=192.168.34.42 | op=SEND_HEARTBEAT {datanodeUUID=be9ed4ca-dce9-4f3d-9c6d-abd66b1838f6, command=[]} | ret=SUCCESS |  
2019-08-31 22:28:44,208 | INFO  | SCMAudit | user=jenkins1000 | ip=192.168.34.42 | op=SEND_HEARTBEAT {datanodeUUID=2c0e17a6-6c2f-4502-821a-909817d7c69c, command=[]} | ret=SUCCESS |  
2019-08-31 22:28:44,209 | INFO  | SCMAudit | user=jenkins1000 | ip=192.168.34.42 | op=SEND_HEARTBEAT {datanodeUUID=094b17da-7f12-43e6-b453-785c127a2e77, command=[]} | ret=SUCCESS |  
2019-08-31 22:28:44,211 | INFO  | SCMAudit | user=jenkins1000 | ip=192.168.34.42 | op=SEND_HEARTBEAT {datanodeUUID=4f048490-ee80-4dd1-86ce-d63d571007b5, command=[]} | ret=SUCCESS |  
2019-08-31 22:28:44,314 | INFO  | SCMAudit | user=jenkins1000 | ip=192.168.34.42 | op=SEND_HEARTBEAT {datanodeUUID=131506aa-e8d4-495f-9e31-6caa17857e33, command=[]} | ret=SUCCESS |  
2019-08-31 22:28:44,405 | INFO  | SCMAudit | user=jenkins1000 | ip=192.168.34.42 | op=SEND_HEARTBEAT {datanodeUUID=4a257c07-4fcc-43d2-8a6e-26fe808bf4d2, command=[]} | ret=SUCCESS |  
2019-08-31 22:28:45,072 | INFO  | SCMAudit | user=jenkins1000 | ip=192.168.34.42 | op=SEND_HEARTBEAT {datanodeUUID=78f9d08d-f53f-40cf-9f90-7f7c9603a942, command=[]} | ret=SUCCESS |  
2019-08-31 22:28:45,185 | INFO  | SCMAudit | user=jenkins1000 | ip=192.168.34.42 | op=SEND_HEARTBEAT {datanodeUUID=be9ed4ca-dce9-4f3d-9c6d-abd66b1838f6, command=[]} | ret=SUCCESS |  
2019-08-31 22:28:45,208 | INFO  | SCMAudit | user=jenkins1000 | ip=192.168.34.42 | op=SEND_HEARTBEAT {datanodeUUID=2c0e17a6-6c2f-4502-821a-909817d7c69c, command=[]} | ret=SUCCESS |  
2019-08-31 22:28:45,209 | INFO  | SCMAudit | user=jenkins1000 | ip=192.168.34.42 | op=SEND_HEARTBEAT {datanodeUUID=094b17da-7f12-43e6-b453-785c127a2e77, command=[]} | ret=SUCCESS |  
2019-08-31 22:28:45,210 | INFO  | SCMAudit | user=jenkins1000 | ip=192.168.34.42 | op=SEND_HEARTBEAT {datanodeUUID=4f048490-ee80-4dd1-86ce-d63d571007b5, command=[]} | ret=SUCCESS |  
2019-08-31 22:28:45,315 | INFO  | SCMAudit | user=jenkins1000 | ip=192.168.34.42 | op=SEND_HEARTBEAT {datanodeUUID=131506aa-e8d4-495f-9e31-6caa17857e33, command=[]} | ret=SUCCESS |  
2019-08-31 22:28:45,406 | INFO  | SCMAudit | user=jenkins1000 | ip=192.168.34.42 | op=SEND_HEARTBEAT {datanodeUUID=4a257c07-4fcc-43d2-8a6e-26fe808bf4d2, command=[]} | ret=SUCCESS |  
2019-08-31 22:28:46,073 | INFO  | SCMAudit | user=jenkins1000 | ip=192.168.34.42 | op=SEND_HEARTBEAT {datanodeUUID=78f9d08d-f53f-40cf-9f90-7f7c9603a942, command=[]} | ret=SUCCESS |  
2019-08-31 22:28:46,184 | INFO  | SCMAudit | user=jenkins1000 | ip=192.168.34.42 | op=SEND_HEARTBEAT {datanodeUUID=be9ed4ca-dce9-4f3d-9c6d-abd66b1838f6, command=[]} | ret=SUCCESS |  
2019-08-31 22:28:46,209 | INFO  | SCMAudit | user=jenkins1000 | ip=192.168.34.42 | op=SEND_HEARTBEAT {datanodeUUID=2c0e17a6-6c2f-4502-821a-909817d7c69c, command=[]} | ret=SUCCESS |  
2019-08-31 22:28:46,209 | INFO  | SCMAudit | user=jenkins1000 | ip=192.168.34.42 | op=SEND_HEARTBEAT {datanodeUUID=094b17da-7f12-43e6-b453-785c127a2e77, command=[]} | ret=SUCCESS |  
2019-08-31 22:28:46,210 | INFO  | SCMAudit | user=jenkins1000 | ip=192.168.34.42 | op=SEND_HEARTBEAT {datanodeUUID=4f048490-ee80-4dd1-86ce-d63d571007b5, command=[]} | ret=SUCCESS |  
2019-08-31 22:28:46,315 | INFO  | SCMAudit | user=jenkins1000 | ip=192.168.34.42 | op=SEND_HEARTBEAT {datanodeUUID=131506aa-e8d4-495f-9e31-6caa17857e33, command=[]} | ret=SUCCESS |  
2019-08-31 22:28:46,406 | INFO  | SCMAudit | user=jenkins1000 | ip=192.168.34.42 | op=SEND_HEARTBEAT {datanodeUUID=4a257c07-4fcc-43d2-8a6e-26fe808bf4d2, command=[]} | ret=SUCCESS |  
2019-08-31 22:28:47,073 | INFO  | SCMAudit | user=jenkins1000 | ip=192.168.34.42 | op=SEND_HEARTBEAT {datanodeUUID=78f9d08d-f53f-40cf-9f90-7f7c9603a942, command=[]} | ret=SUCCESS |  
2019-08-31 22:28:47,185 | INFO  | SCMAudit | user=jenkins1000 | ip=192.168.34.42 | op=SEND_HEARTBEAT {datanodeUUID=be9ed4ca-dce9-4f3d-9c6d-abd66b1838f6, command=[]} | ret=SUCCESS |  
2019-08-31 22:28:47,208 | INFO  | SCMAudit | user=jenkins1000 | ip=192.168.34.42 | op=SEND_HEARTBEAT {datanodeUUID=2c0e17a6-6c2f-4502-821a-909817d7c69c, command=[]} | ret=SUCCESS |  
2019-08-31 22:28:47,209 | INFO  | SCMAudit | user=jenkins1000 | ip=192.168.34.42 | op=SEND_HEARTBEAT {datanodeUUID=094b17da-7f12-43e6-b453-785c127a2e77, command=[]} | ret=SUCCESS |  
2019-08-31 22:28:47,210 | INFO  | SCMAudit | user=jenkins1000 | ip=192.168.34.42 | op=SEND_HEARTBEAT {datanodeUUID=4f048490-ee80-4dd1-86ce-d63d571007b5, command=[]} | ret=SUCCESS |  
2019-08-31 22:28:47,315 | INFO  | SCMAudit | user=jenkins1000 | ip=192.168.34.42 | op=SEND_HEARTBEAT {datanodeUUID=131506aa-e8d4-495f-9e31-6caa17857e33, command=[]} | ret=SUCCESS |  
2019-08-31 22:28:47,406 | INFO  | SCMAudit | user=jenkins1000 | ip=192.168.34.42 | op=SEND_HEARTBEAT {datanodeUUID=4a257c07-4fcc-43d2-8a6e-26fe808bf4d2, command=[]} | ret=SUCCESS |  
2019-08-31 22:28:48,077 | INFO  | SCMAudit | user=jenkins1000 | ip=192.168.34.42 | op=SEND_HEARTBEAT {datanodeUUID=78f9d08d-f53f-40cf-9f90-7f7c9603a942, command=[]} | ret=SUCCESS |  
2019-08-31 22:28:48,185 | INFO  | SCMAudit | user=jenkins1000 | ip=192.168.34.42 | op=SEND_HEARTBEAT {datanodeUUID=be9ed4ca-dce9-4f3d-9c6d-abd66b1838f6, command=[]} | ret=SUCCESS |  
2019-08-31 22:28:48,209 | INFO  | SCMAudit | user=jenkins1000 | ip=192.168.34.42 | op=SEND_HEARTBEAT {datanodeUUID=2c0e17a6-6c2f-4502-821a-909817d7c69c, command=[]} | ret=SUCCESS |  
2019-08-31 22:28:48,209 | INFO  | SCMAudit | user=jenkins1000 | ip=192.168.34.42 | op=SEND_HEARTBEAT {datanodeUUID=094b17da-7f12-43e6-b453-785c127a2e77, command=[]} | ret=SUCCESS |  
2019-08-31 22:28:48,212 | INFO  | SCMAudit | user=jenkins1000 | ip=192.168.34.42 | op=SEND_HEARTBEAT {datanodeUUID=4f048490-ee80-4dd1-86ce-d63d571007b5, command=[]} | ret=SUCCESS |  
2019-08-31 22:28:48,314 | INFO  | SCMAudit | user=jenkins1000 | ip=192.168.34.42 | op=SEND_HEARTBEAT {datanodeUUID=131506aa-e8d4-495f-9e31-6caa17857e33, command=[]} | ret=SUCCESS |  
2019-08-31 22:28:48,405 | INFO  | SCMAudit | user=jenkins1000 | ip=192.168.34.42 | op=SEND_HEARTBEAT {datanodeUUID=4a257c07-4fcc-43d2-8a6e-26fe808bf4d2, command=[]} | ret=SUCCESS |  
2019-08-31 22:28:49,075 | INFO  | SCMAudit | user=jenkins1000 | ip=192.168.34.42 | op=SEND_HEARTBEAT {datanodeUUID=78f9d08d-f53f-40cf-9f90-7f7c9603a942, command=[]} | ret=SUCCESS |  
2019-08-31 22:28:49,098 [grpc-default-executor-4] INFO  client.GrpcClientProtocolClient (GrpcClientProtocolClient.java:onNext(255)) - client-13F9D6D6E6E8->4f048490-ee80-4dd1-86ce-d63d571007b5: receive RaftClientReply:client-13F9D6D6E6E8->4f048490-ee80-4dd1-86ce-d63d571007b5@group-91658440A578, cid=44, FAILED org.apache.ratis.protocol.NotLeaderException: Server 4f048490-ee80-4dd1-86ce-d63d571007b5 is not the leader (be9ed4ca-dce9-4f3d-9c6d-abd66b1838f6:192.168.34.42:36394). Request must be sent to leader., logIndex=0, commits[4f048490-ee80-4dd1-86ce-d63d571007b5:c8, be9ed4ca-dce9-4f3d-9c6d-abd66b1838f6:c8, 094b17da-7f12-43e6-b453-785c127a2e77:c8]
2019-08-31 22:28:49,185 | INFO  | SCMAudit | user=jenkins1000 | ip=192.168.34.42 | op=SEND_HEARTBEAT {datanodeUUID=be9ed4ca-dce9-4f3d-9c6d-abd66b1838f6, command=[]} | ret=SUCCESS |  
2019-08-31 22:28:49,209 | INFO  | SCMAudit | user=jenkins1000 | ip=192.168.34.42 | op=SEND_HEARTBEAT {datanodeUUID=2c0e17a6-6c2f-4502-821a-909817d7c69c, command=[]} | ret=SUCCESS |  
2019-08-31 22:28:49,210 | INFO  | SCMAudit | user=jenkins1000 | ip=192.168.34.42 | op=SEND_HEARTBEAT {datanodeUUID=094b17da-7f12-43e6-b453-785c127a2e77, command=[]} | ret=SUCCESS |  
2019-08-31 22:28:49,210 | INFO  | SCMAudit | user=jenkins1000 | ip=192.168.34.42 | op=SEND_HEARTBEAT {datanodeUUID=4f048490-ee80-4dd1-86ce-d63d571007b5, command=[]} | ret=SUCCESS |  
2019-08-31 22:28:49,315 | INFO  | SCMAudit | user=jenkins1000 | ip=192.168.34.42 | op=SEND_HEARTBEAT {datanodeUUID=131506aa-e8d4-495f-9e31-6caa17857e33, command=[]} | ret=SUCCESS |  
2019-08-31 22:28:49,406 | INFO  | SCMAudit | user=jenkins1000 | ip=192.168.34.42 | op=SEND_HEARTBEAT {datanodeUUID=4a257c07-4fcc-43d2-8a6e-26fe808bf4d2, command=[]} | ret=SUCCESS |  
2019-08-31 22:28:50,076 | INFO  | SCMAudit | user=jenkins1000 | ip=192.168.34.42 | op=SEND_HEARTBEAT {datanodeUUID=78f9d08d-f53f-40cf-9f90-7f7c9603a942, command=[]} | ret=SUCCESS |  
2019-08-31 22:28:50,184 | INFO  | SCMAudit | user=jenkins1000 | ip=192.168.34.42 | op=SEND_HEARTBEAT {datanodeUUID=be9ed4ca-dce9-4f3d-9c6d-abd66b1838f6, command=[]} | ret=SUCCESS |  
2019-08-31 22:28:50,208 | INFO  | SCMAudit | user=jenkins1000 | ip=192.168.34.42 | op=SEND_HEARTBEAT {datanodeUUID=2c0e17a6-6c2f-4502-821a-909817d7c69c, command=[]} | ret=SUCCESS |  
2019-08-31 22:28:50,209 | INFO  | SCMAudit | user=jenkins1000 | ip=192.168.34.42 | op=SEND_HEARTBEAT {datanodeUUID=094b17da-7f12-43e6-b453-785c127a2e77, command=[]} | ret=SUCCESS |  
2019-08-31 22:28:50,210 | INFO  | SCMAudit | user=jenkins1000 | ip=192.168.34.42 | op=SEND_HEARTBEAT {datanodeUUID=4f048490-ee80-4dd1-86ce-d63d571007b5, command=[]} | ret=SUCCESS |  
2019-08-31 22:28:50,315 | INFO  | SCMAudit | user=jenkins1000 | ip=192.168.34.42 | op=SEND_HEARTBEAT {datanodeUUID=131506aa-e8d4-495f-9e31-6caa17857e33, command=[]} | ret=SUCCESS |  
2019-08-31 22:28:50,406 | INFO  | SCMAudit | user=jenkins1000 | ip=192.168.34.42 | op=SEND_HEARTBEAT {datanodeUUID=4a257c07-4fcc-43d2-8a6e-26fe808bf4d2, command=[]} | ret=SUCCESS |  
2019-08-31 22:28:51,076 | INFO  | SCMAudit | user=jenkins1000 | ip=192.168.34.42 | op=SEND_HEARTBEAT {datanodeUUID=78f9d08d-f53f-40cf-9f90-7f7c9603a942, command=[]} | ret=SUCCESS |  
2019-08-31 22:28:51,185 | INFO  | SCMAudit | user=jenkins1000 | ip=192.168.34.42 | op=SEND_HEARTBEAT {datanodeUUID=be9ed4ca-dce9-4f3d-9c6d-abd66b1838f6, command=[]} | ret=SUCCESS |  
2019-08-31 22:28:51,208 | INFO  | SCMAudit | user=jenkins1000 | ip=192.168.34.42 | op=SEND_HEARTBEAT {datanodeUUID=2c0e17a6-6c2f-4502-821a-909817d7c69c, command=[]} | ret=SUCCESS |  
2019-08-31 22:28:51,209 | INFO  | SCMAudit | user=jenkins1000 | ip=192.168.34.42 | op=SEND_HEARTBEAT {datanodeUUID=094b17da-7f12-43e6-b453-785c127a2e77, command=[]} | ret=SUCCESS |  
2019-08-31 22:28:51,211 | INFO  | SCMAudit | user=jenkins1000 | ip=192.168.34.42 | op=SEND_HEARTBEAT {datanodeUUID=4f048490-ee80-4dd1-86ce-d63d571007b5, command=[]} | ret=SUCCESS |  
2019-08-31 22:28:51,315 | INFO  | SCMAudit | user=jenkins1000 | ip=192.168.34.42 | op=SEND_HEARTBEAT {datanodeUUID=131506aa-e8d4-495f-9e31-6caa17857e33, command=[]} | ret=SUCCESS |  
2019-08-31 22:28:51,406 | INFO  | SCMAudit | user=jenkins1000 | ip=192.168.34.42 | op=SEND_HEARTBEAT {datanodeUUID=4a257c07-4fcc-43d2-8a6e-26fe808bf4d2, command=[]} | ret=SUCCESS |  
2019-08-31 22:28:52,075 | INFO  | SCMAudit | user=jenkins1000 | ip=192.168.34.42 | op=SEND_HEARTBEAT {datanodeUUID=78f9d08d-f53f-40cf-9f90-7f7c9603a942, command=[]} | ret=SUCCESS |  
2019-08-31 22:28:52,185 | INFO  | SCMAudit | user=jenkins1000 | ip=192.168.34.42 | op=SEND_HEARTBEAT {datanodeUUID=be9ed4ca-dce9-4f3d-9c6d-abd66b1838f6, command=[]} | ret=SUCCESS |  
2019-08-31 22:28:52,209 | INFO  | SCMAudit | user=jenkins1000 | ip=192.168.34.42 | op=SEND_HEARTBEAT {datanodeUUID=094b17da-7f12-43e6-b453-785c127a2e77, command=[]} | ret=SUCCESS |  
2019-08-31 22:28:52,209 | INFO  | SCMAudit | user=jenkins1000 | ip=192.168.34.42 | op=SEND_HEARTBEAT {datanodeUUID=2c0e17a6-6c2f-4502-821a-909817d7c69c, command=[]} | ret=SUCCESS |  
2019-08-31 22:28:52,211 | INFO  | SCMAudit | user=jenkins1000 | ip=192.168.34.42 | op=SEND_HEARTBEAT {datanodeUUID=4f048490-ee80-4dd1-86ce-d63d571007b5, command=[]} | ret=SUCCESS |  
2019-08-31 22:28:52,315 | INFO  | SCMAudit | user=jenkins1000 | ip=192.168.34.42 | op=SEND_HEARTBEAT {datanodeUUID=131506aa-e8d4-495f-9e31-6caa17857e33, command=[]} | ret=SUCCESS |  
2019-08-31 22:28:52,407 | INFO  | SCMAudit | user=jenkins1000 | ip=192.168.34.42 | op=SEND_HEARTBEAT {datanodeUUID=4a257c07-4fcc-43d2-8a6e-26fe808bf4d2, command=[]} | ret=SUCCESS |  
2019-08-31 22:28:53,076 | INFO  | SCMAudit | user=jenkins1000 | ip=192.168.34.42 | op=SEND_HEARTBEAT {datanodeUUID=78f9d08d-f53f-40cf-9f90-7f7c9603a942, command=[]} | ret=SUCCESS |  
2019-08-31 22:28:53,184 | INFO  | SCMAudit | user=jenkins1000 | ip=192.168.34.42 | op=SEND_HEARTBEAT {datanodeUUID=be9ed4ca-dce9-4f3d-9c6d-abd66b1838f6, command=[]} | ret=SUCCESS |  
2019-08-31 22:28:53,209 | INFO  | SCMAudit | user=jenkins1000 | ip=192.168.34.42 | op=SEND_HEARTBEAT {datanodeUUID=2c0e17a6-6c2f-4502-821a-909817d7c69c, command=[]} | ret=SUCCESS |  
2019-08-31 22:28:53,209 | INFO  | SCMAudit | user=jenkins1000 | ip=192.168.34.42 | op=SEND_HEARTBEAT {datanodeUUID=094b17da-7f12-43e6-b453-785c127a2e77, command=[]} | ret=SUCCESS |  
2019-08-31 22:28:53,211 | INFO  | SCMAudit | user=jenkins1000 | ip=192.168.34.42 | op=SEND_HEARTBEAT {datanodeUUID=4f048490-ee80-4dd1-86ce-d63d571007b5, command=[]} | ret=SUCCESS |  
2019-08-31 22:28:53,316 | INFO  | SCMAudit | user=jenkins1000 | ip=192.168.34.42 | op=SEND_HEARTBEAT {datanodeUUID=131506aa-e8d4-495f-9e31-6caa17857e33, command=[]} | ret=SUCCESS |  
2019-08-31 22:28:53,406 | INFO  | SCMAudit | user=jenkins1000 | ip=192.168.34.42 | op=SEND_HEARTBEAT {datanodeUUID=4a257c07-4fcc-43d2-8a6e-26fe808bf4d2, command=[]} | ret=SUCCESS |  
2019-08-31 22:28:54,075 | INFO  | SCMAudit | user=jenkins1000 | ip=192.168.34.42 | op=SEND_HEARTBEAT {datanodeUUID=78f9d08d-f53f-40cf-9f90-7f7c9603a942, command=[]} | ret=SUCCESS |  
2019-08-31 22:28:54,159 [grpc-default-executor-4] INFO  client.GrpcClientProtocolClient (GrpcClientProtocolClient.java:onNext(255)) - client-13F9D6D6E6E8->4f048490-ee80-4dd1-86ce-d63d571007b5: receive RaftClientReply:client-13F9D6D6E6E8->4f048490-ee80-4dd1-86ce-d63d571007b5@group-91658440A578, cid=44, FAILED org.apache.ratis.protocol.NotLeaderException: Server 4f048490-ee80-4dd1-86ce-d63d571007b5 is not the leader (be9ed4ca-dce9-4f3d-9c6d-abd66b1838f6:192.168.34.42:36394). Request must be sent to leader., logIndex=0, commits[4f048490-ee80-4dd1-86ce-d63d571007b5:c8, be9ed4ca-dce9-4f3d-9c6d-abd66b1838f6:c8, 094b17da-7f12-43e6-b453-785c127a2e77:c8]
2019-08-31 22:28:54,185 | INFO  | SCMAudit | user=jenkins1000 | ip=192.168.34.42 | op=SEND_HEARTBEAT {datanodeUUID=be9ed4ca-dce9-4f3d-9c6d-abd66b1838f6, command=[]} | ret=SUCCESS |  
2019-08-31 22:28:54,209 | INFO  | SCMAudit | user=jenkins1000 | ip=192.168.34.42 | op=SEND_HEARTBEAT {datanodeUUID=2c0e17a6-6c2f-4502-821a-909817d7c69c, command=[]} | ret=SUCCESS |  
2019-08-31 22:28:54,209 | INFO  | SCMAudit | user=jenkins1000 | ip=192.168.34.42 | op=SEND_HEARTBEAT {datanodeUUID=094b17da-7f12-43e6-b453-785c127a2e77, command=[]} | ret=SUCCESS |  
2019-08-31 22:28:54,212 | INFO  | SCMAudit | user=jenkins1000 | ip=192.168.34.42 | op=SEND_HEARTBEAT {datanodeUUID=4f048490-ee80-4dd1-86ce-d63d571007b5, command=[]} | ret=SUCCESS |  
2019-08-31 22:28:54,316 | INFO  | SCMAudit | user=jenkins1000 | ip=192.168.34.42 | op=SEND_HEARTBEAT {datanodeUUID=131506aa-e8d4-495f-9e31-6caa17857e33, command=[]} | ret=SUCCESS |  
2019-08-31 22:28:54,407 | INFO  | SCMAudit | user=jenkins1000 | ip=192.168.34.42 | op=SEND_HEARTBEAT {datanodeUUID=4a257c07-4fcc-43d2-8a6e-26fe808bf4d2, command=[]} | ret=SUCCESS |  
2019-08-31 22:28:55,076 | INFO  | SCMAudit | user=jenkins1000 | ip=192.168.34.42 | op=SEND_HEARTBEAT {datanodeUUID=78f9d08d-f53f-40cf-9f90-7f7c9603a942, command=[]} | ret=SUCCESS |  
2019-08-31 22:28:55,185 | INFO  | SCMAudit | user=jenkins1000 | ip=192.168.34.42 | op=SEND_HEARTBEAT {datanodeUUID=be9ed4ca-dce9-4f3d-9c6d-abd66b1838f6, command=[]} | ret=SUCCESS |  
2019-08-31 22:28:55,209 | INFO  | SCMAudit | user=jenkins1000 | ip=192.168.34.42 | op=SEND_HEARTBEAT {datanodeUUID=094b17da-7f12-43e6-b453-785c127a2e77, command=[]} | ret=SUCCESS |  
2019-08-31 22:28:55,209 | INFO  | SCMAudit | user=jenkins1000 | ip=192.168.34.42 | op=SEND_HEARTBEAT {datanodeUUID=2c0e17a6-6c2f-4502-821a-909817d7c69c, command=[]} | ret=SUCCESS |  
2019-08-31 22:28:55,213 | INFO  | SCMAudit | user=jenkins1000 | ip=192.168.34.42 | op=SEND_HEARTBEAT {datanodeUUID=4f048490-ee80-4dd1-86ce-d63d571007b5, command=[]} | ret=SUCCESS |  
2019-08-31 22:28:55,316 | INFO  | SCMAudit | user=jenkins1000 | ip=192.168.34.42 | op=SEND_HEARTBEAT {datanodeUUID=131506aa-e8d4-495f-9e31-6caa17857e33, command=[]} | ret=SUCCESS |  
2019-08-31 22:28:55,407 | INFO  | SCMAudit | user=jenkins1000 | ip=192.168.34.42 | op=SEND_HEARTBEAT {datanodeUUID=4a257c07-4fcc-43d2-8a6e-26fe808bf4d2, command=[]} | ret=SUCCESS |  
2019-08-31 22:28:56,077 | INFO  | SCMAudit | user=jenkins1000 | ip=192.168.34.42 | op=SEND_HEARTBEAT {datanodeUUID=78f9d08d-f53f-40cf-9f90-7f7c9603a942, command=[]} | ret=SUCCESS |  
2019-08-31 22:28:56,186 | INFO  | SCMAudit | user=jenkins1000 | ip=192.168.34.42 | op=SEND_HEARTBEAT {datanodeUUID=be9ed4ca-dce9-4f3d-9c6d-abd66b1838f6, command=[]} | ret=SUCCESS |  
2019-08-31 22:28:56,210 | INFO  | SCMAudit | user=jenkins1000 | ip=192.168.34.42 | op=SEND_HEARTBEAT {datanodeUUID=2c0e17a6-6c2f-4502-821a-909817d7c69c, command=[]} | ret=SUCCESS |  
2019-08-31 22:28:56,210 | INFO  | SCMAudit | user=jenkins1000 | ip=192.168.34.42 | op=SEND_HEARTBEAT {datanodeUUID=094b17da-7f12-43e6-b453-785c127a2e77, command=[]} | ret=SUCCESS |  
2019-08-31 22:28:56,213 | INFO  | SCMAudit | user=jenkins1000 | ip=192.168.34.42 | op=SEND_HEARTBEAT {datanodeUUID=4f048490-ee80-4dd1-86ce-d63d571007b5, command=[]} | ret=SUCCESS |  
2019-08-31 22:28:56,317 | INFO  | SCMAudit | user=jenkins1000 | ip=192.168.34.42 | op=SEND_HEARTBEAT {datanodeUUID=131506aa-e8d4-495f-9e31-6caa17857e33, command=[]} | ret=SUCCESS |  
2019-08-31 22:28:56,406 | INFO  | SCMAudit | user=jenkins1000 | ip=192.168.34.42 | op=SEND_HEARTBEAT {datanodeUUID=4a257c07-4fcc-43d2-8a6e-26fe808bf4d2, command=[]} | ret=SUCCESS |  
2019-08-31 22:28:57,075 | INFO  | SCMAudit | user=jenkins1000 | ip=192.168.34.42 | op=SEND_HEARTBEAT {datanodeUUID=78f9d08d-f53f-40cf-9f90-7f7c9603a942, command=[]} | ret=SUCCESS |  
2019-08-31 22:28:57,185 | INFO  | SCMAudit | user=jenkins1000 | ip=192.168.34.42 | op=SEND_HEARTBEAT {datanodeUUID=be9ed4ca-dce9-4f3d-9c6d-abd66b1838f6, command=[]} | ret=SUCCESS |  
2019-08-31 22:28:57,209 | INFO  | SCMAudit | user=jenkins1000 | ip=192.168.34.42 | op=SEND_HEARTBEAT {datanodeUUID=094b17da-7f12-43e6-b453-785c127a2e77, command=[]} | ret=SUCCESS |  
2019-08-31 22:28:57,209 | INFO  | SCMAudit | user=jenkins1000 | ip=192.168.34.42 | op=SEND_HEARTBEAT {datanodeUUID=2c0e17a6-6c2f-4502-821a-909817d7c69c, command=[]} | ret=SUCCESS |  
2019-08-31 22:28:57,213 | INFO  | SCMAudit | user=jenkins1000 | ip=192.168.34.42 | op=SEND_HEARTBEAT {datanodeUUID=4f048490-ee80-4dd1-86ce-d63d571007b5, command=[]} | ret=SUCCESS |  
2019-08-31 22:28:57,316 | INFO  | SCMAudit | user=jenkins1000 | ip=192.168.34.42 | op=SEND_HEARTBEAT {datanodeUUID=131506aa-e8d4-495f-9e31-6caa17857e33, command=[]} | ret=SUCCESS |  
2019-08-31 22:28:57,407 | INFO  | SCMAudit | user=jenkins1000 | ip=192.168.34.42 | op=SEND_HEARTBEAT {datanodeUUID=4a257c07-4fcc-43d2-8a6e-26fe808bf4d2, command=[]} | ret=SUCCESS |  
2019-08-31 22:28:58,076 | INFO  | SCMAudit | user=jenkins1000 | ip=192.168.34.42 | op=SEND_HEARTBEAT {datanodeUUID=78f9d08d-f53f-40cf-9f90-7f7c9603a942, command=[]} | ret=SUCCESS |  
2019-08-31 22:28:58,189 | INFO  | SCMAudit | user=jenkins1000 | ip=192.168.34.42 | op=SEND_HEARTBEAT {datanodeUUID=be9ed4ca-dce9-4f3d-9c6d-abd66b1838f6, command=[]} | ret=SUCCESS |  
2019-08-31 22:28:58,209 | INFO  | SCMAudit | user=jenkins1000 | ip=192.168.34.42 | op=SEND_HEARTBEAT {datanodeUUID=094b17da-7f12-43e6-b453-785c127a2e77, command=[]} | ret=SUCCESS |  
2019-08-31 22:28:58,209 | INFO  | SCMAudit | user=jenkins1000 | ip=192.168.34.42 | op=SEND_HEARTBEAT {datanodeUUID=2c0e17a6-6c2f-4502-821a-909817d7c69c, command=[]} | ret=SUCCESS |  
2019-08-31 22:28:58,213 | INFO  | SCMAudit | user=jenkins1000 | ip=192.168.34.42 | op=SEND_HEARTBEAT {datanodeUUID=4f048490-ee80-4dd1-86ce-d63d571007b5, command=[]} | ret=SUCCESS |  
2019-08-31 22:28:58,316 | INFO  | SCMAudit | user=jenkins1000 | ip=192.168.34.42 | op=SEND_HEARTBEAT {datanodeUUID=131506aa-e8d4-495f-9e31-6caa17857e33, command=[]} | ret=SUCCESS |  
2019-08-31 22:28:58,407 | INFO  | SCMAudit | user=jenkins1000 | ip=192.168.34.42 | op=SEND_HEARTBEAT {datanodeUUID=4a257c07-4fcc-43d2-8a6e-26fe808bf4d2, command=[]} | ret=SUCCESS |  
2019-08-31 22:28:59,075 | INFO  | SCMAudit | user=jenkins1000 | ip=192.168.34.42 | op=SEND_HEARTBEAT {datanodeUUID=78f9d08d-f53f-40cf-9f90-7f7c9603a942, command=[]} | ret=SUCCESS |  
2019-08-31 22:28:59,190 | INFO  | SCMAudit | user=jenkins1000 | ip=192.168.34.42 | op=SEND_HEARTBEAT {datanodeUUID=be9ed4ca-dce9-4f3d-9c6d-abd66b1838f6, command=[]} | ret=SUCCESS |  
2019-08-31 22:28:59,211 | INFO  | SCMAudit | user=jenkins1000 | ip=192.168.34.42 | op=SEND_HEARTBEAT {datanodeUUID=2c0e17a6-6c2f-4502-821a-909817d7c69c, command=[]} | ret=SUCCESS |  
2019-08-31 22:28:59,211 | INFO  | SCMAudit | user=jenkins1000 | ip=192.168.34.42 | op=SEND_HEARTBEAT {datanodeUUID=094b17da-7f12-43e6-b453-785c127a2e77, command=[]} | ret=SUCCESS |  
2019-08-31 22:28:59,211 [grpc-default-executor-0] INFO  client.GrpcClientProtocolClient (GrpcClientProtocolClient.java:onNext(255)) - client-13F9D6D6E6E8->4f048490-ee80-4dd1-86ce-d63d571007b5: receive RaftClientReply:client-13F9D6D6E6E8->4f048490-ee80-4dd1-86ce-d63d571007b5@group-91658440A578, cid=44, FAILED org.apache.ratis.protocol.NotLeaderException: Server 4f048490-ee80-4dd1-86ce-d63d571007b5 is not the leader (be9ed4ca-dce9-4f3d-9c6d-abd66b1838f6:192.168.34.42:36394). Request must be sent to leader., logIndex=0, commits[4f048490-ee80-4dd1-86ce-d63d571007b5:c8, be9ed4ca-dce9-4f3d-9c6d-abd66b1838f6:c8, 094b17da-7f12-43e6-b453-785c127a2e77:c8]
2019-08-31 22:28:59,219 | INFO  | SCMAudit | user=jenkins1000 | ip=192.168.34.42 | op=SEND_HEARTBEAT {datanodeUUID=4f048490-ee80-4dd1-86ce-d63d571007b5, command=[]} | ret=SUCCESS |  
2019-08-31 22:28:59,317 | INFO  | SCMAudit | user=jenkins1000 | ip=192.168.34.42 | op=SEND_HEARTBEAT {datanodeUUID=131506aa-e8d4-495f-9e31-6caa17857e33, command=[]} | ret=SUCCESS |  
2019-08-31 22:28:59,407 | INFO  | SCMAudit | user=jenkins1000 | ip=192.168.34.42 | op=SEND_HEARTBEAT {datanodeUUID=4a257c07-4fcc-43d2-8a6e-26fe808bf4d2, command=[]} | ret=SUCCESS |  
2019-08-31 22:29:00,076 | INFO  | SCMAudit | user=jenkins1000 | ip=192.168.34.42 | op=SEND_HEARTBEAT {datanodeUUID=78f9d08d-f53f-40cf-9f90-7f7c9603a942, command=[]} | ret=SUCCESS |  
2019-08-31 22:29:00,190 | INFO  | SCMAudit | user=jenkins1000 | ip=192.168.34.42 | op=SEND_HEARTBEAT {datanodeUUID=be9ed4ca-dce9-4f3d-9c6d-abd66b1838f6, command=[]} | ret=SUCCESS |  
2019-08-31 22:29:00,211 | INFO  | SCMAudit | user=jenkins1000 | ip=192.168.34.42 | op=SEND_HEARTBEAT {datanodeUUID=2c0e17a6-6c2f-4502-821a-909817d7c69c, command=[]} | ret=SUCCESS |  
2019-08-31 22:29:00,211 | INFO  | SCMAudit | user=jenkins1000 | ip=192.168.34.42 | op=SEND_HEARTBEAT {datanodeUUID=094b17da-7f12-43e6-b453-785c127a2e77, command=[]} | ret=SUCCESS |  
2019-08-31 22:29:00,214 | INFO  | SCMAudit | user=jenkins1000 | ip=192.168.34.42 | op=SEND_HEARTBEAT {datanodeUUID=4f048490-ee80-4dd1-86ce-d63d571007b5, command=[]} | ret=SUCCESS |  
2019-08-31 22:29:00,316 | INFO  | SCMAudit | user=jenkins1000 | ip=192.168.34.42 | op=SEND_HEARTBEAT {datanodeUUID=131506aa-e8d4-495f-9e31-6caa17857e33, command=[]} | ret=SUCCESS |  
2019-08-31 22:29:00,407 | INFO  | SCMAudit | user=jenkins1000 | ip=192.168.34.42 | op=SEND_HEARTBEAT {datanodeUUID=4a257c07-4fcc-43d2-8a6e-26fe808bf4d2, command=[]} | ret=SUCCESS |  
2019-08-31 22:29:01,076 | INFO  | SCMAudit | user=jenkins1000 | ip=192.168.34.42 | op=SEND_HEARTBEAT {datanodeUUID=78f9d08d-f53f-40cf-9f90-7f7c9603a942, command=[]} | ret=SUCCESS |  
2019-08-31 22:29:01,191 | INFO  | SCMAudit | user=jenkins1000 | ip=192.168.34.42 | op=SEND_HEARTBEAT {datanodeUUID=be9ed4ca-dce9-4f3d-9c6d-abd66b1838f6, command=[]} | ret=SUCCESS |  
2019-08-31 22:29:01,211 | INFO  | SCMAudit | user=jenkins1000 | ip=192.168.34.42 | op=SEND_HEARTBEAT {datanodeUUID=094b17da-7f12-43e6-b453-785c127a2e77, command=[]} | ret=SUCCESS |  
2019-08-31 22:29:01,211 | INFO  | SCMAudit | user=jenkins1000 | ip=192.168.34.42 | op=SEND_HEARTBEAT {datanodeUUID=2c0e17a6-6c2f-4502-821a-909817d7c69c, command=[]} | ret=SUCCESS |  
2019-08-31 22:29:01,214 | INFO  | SCMAudit | user=jenkins1000 | ip=192.168.34.42 | op=SEND_HEARTBEAT {datanodeUUID=4f048490-ee80-4dd1-86ce-d63d571007b5, command=[]} | ret=SUCCESS |  
2019-08-31 22:29:01,316 | INFO  | SCMAudit | user=jenkins1000 | ip=192.168.34.42 | op=SEND_HEARTBEAT {datanodeUUID=131506aa-e8d4-495f-9e31-6caa17857e33, command=[]} | ret=SUCCESS |  
2019-08-31 22:29:01,408 | INFO  | SCMAudit | user=jenkins1000 | ip=192.168.34.42 | op=SEND_HEARTBEAT {datanodeUUID=4a257c07-4fcc-43d2-8a6e-26fe808bf4d2, command=[]} | ret=SUCCESS |  
2019-08-31 22:29:02,076 | INFO  | SCMAudit | user=jenkins1000 | ip=192.168.34.42 | op=SEND_HEARTBEAT {datanodeUUID=78f9d08d-f53f-40cf-9f90-7f7c9603a942, command=[]} | ret=SUCCESS |  
2019-08-31 22:29:02,191 | INFO  | SCMAudit | user=jenkins1000 | ip=192.168.34.42 | op=SEND_HEARTBEAT {datanodeUUID=be9ed4ca-dce9-4f3d-9c6d-abd66b1838f6, command=[]} | ret=SUCCESS |  
2019-08-31 22:29:02,212 | INFO  | SCMAudit | user=jenkins1000 | ip=192.168.34.42 | op=SEND_HEARTBEAT {datanodeUUID=2c0e17a6-6c2f-4502-821a-909817d7c69c, command=[]} | ret=SUCCESS |  
2019-08-31 22:29:02,212 | INFO  | SCMAudit | user=jenkins1000 | ip=192.168.34.42 | op=SEND_HEARTBEAT {datanodeUUID=094b17da-7f12-43e6-b453-785c127a2e77, command=[]} | ret=SUCCESS |  
2019-08-31 22:29:02,214 | INFO  | SCMAudit | user=jenkins1000 | ip=192.168.34.42 | op=SEND_HEARTBEAT {datanodeUUID=4f048490-ee80-4dd1-86ce-d63d571007b5, command=[]} | ret=SUCCESS |  
2019-08-31 22:29:02,316 | INFO  | SCMAudit | user=jenkins1000 | ip=192.168.34.42 | op=SEND_HEARTBEAT {datanodeUUID=131506aa-e8d4-495f-9e31-6caa17857e33, command=[]} | ret=SUCCESS |  
2019-08-31 22:29:02,407 | INFO  | SCMAudit | user=jenkins1000 | ip=192.168.34.42 | op=SEND_HEARTBEAT {datanodeUUID=4a257c07-4fcc-43d2-8a6e-26fe808bf4d2, command=[]} | ret=SUCCESS |  
2019-08-31 22:29:03,076 | INFO  | SCMAudit | user=jenkins1000 | ip=192.168.34.42 | op=SEND_HEARTBEAT {datanodeUUID=78f9d08d-f53f-40cf-9f90-7f7c9603a942, command=[]} | ret=SUCCESS |  
2019-08-31 22:29:03,191 | INFO  | SCMAudit | user=jenkins1000 | ip=192.168.34.42 | op=SEND_HEARTBEAT {datanodeUUID=be9ed4ca-dce9-4f3d-9c6d-abd66b1838f6, command=[]} | ret=SUCCESS |  
2019-08-31 22:29:03,211 | INFO  | SCMAudit | user=jenkins1000 | ip=192.168.34.42 | op=SEND_HEARTBEAT {datanodeUUID=2c0e17a6-6c2f-4502-821a-909817d7c69c, command=[]} | ret=SUCCESS |  
2019-08-31 22:29:03,211 | INFO  | SCMAudit | user=jenkins1000 | ip=192.168.34.42 | op=SEND_HEARTBEAT {datanodeUUID=094b17da-7f12-43e6-b453-785c127a2e77, command=[]} | ret=SUCCESS |  
2019-08-31 22:29:03,214 | INFO  | SCMAudit | user=jenkins1000 | ip=192.168.34.42 | op=SEND_HEARTBEAT {datanodeUUID=4f048490-ee80-4dd1-86ce-d63d571007b5, command=[]} | ret=SUCCESS |  
2019-08-31 22:29:03,317 | INFO  | SCMAudit | user=jenkins1000 | ip=192.168.34.42 | op=SEND_HEARTBEAT {datanodeUUID=131506aa-e8d4-495f-9e31-6caa17857e33, command=[]} | ret=SUCCESS |  
2019-08-31 22:29:03,407 | INFO  | SCMAudit | user=jenkins1000 | ip=192.168.34.42 | op=SEND_HEARTBEAT {datanodeUUID=4a257c07-4fcc-43d2-8a6e-26fe808bf4d2, command=[]} | ret=SUCCESS |  
2019-08-31 22:29:04,076 | INFO  | SCMAudit | user=jenkins1000 | ip=192.168.34.42 | op=SEND_HEARTBEAT {datanodeUUID=78f9d08d-f53f-40cf-9f90-7f7c9603a942, command=[]} | ret=SUCCESS |  
2019-08-31 22:29:04,192 | INFO  | SCMAudit | user=jenkins1000 | ip=192.168.34.42 | op=SEND_HEARTBEAT {datanodeUUID=be9ed4ca-dce9-4f3d-9c6d-abd66b1838f6, command=[]} | ret=SUCCESS |  
2019-08-31 22:29:04,212 | INFO  | SCMAudit | user=jenkins1000 | ip=192.168.34.42 | op=SEND_HEARTBEAT {datanodeUUID=094b17da-7f12-43e6-b453-785c127a2e77, command=[]} | ret=SUCCESS |  
2019-08-31 22:29:04,212 | INFO  | SCMAudit | user=jenkins1000 | ip=192.168.34.42 | op=SEND_HEARTBEAT {datanodeUUID=2c0e17a6-6c2f-4502-821a-909817d7c69c, command=[]} | ret=SUCCESS |  
2019-08-31 22:29:04,214 | INFO  | SCMAudit | user=jenkins1000 | ip=192.168.34.42 | op=SEND_HEARTBEAT {datanodeUUID=4f048490-ee80-4dd1-86ce-d63d571007b5, command=[]} | ret=SUCCESS |  
2019-08-31 22:29:04,254 [grpc-default-executor-0] INFO  client.GrpcClientProtocolClient (GrpcClientProtocolClient.java:onNext(255)) - client-13F9D6D6E6E8->4f048490-ee80-4dd1-86ce-d63d571007b5: receive RaftClientReply:client-13F9D6D6E6E8->4f048490-ee80-4dd1-86ce-d63d571007b5@group-91658440A578, cid=44, FAILED org.apache.ratis.protocol.NotLeaderException: Server 4f048490-ee80-4dd1-86ce-d63d571007b5 is not the leader (be9ed4ca-dce9-4f3d-9c6d-abd66b1838f6:192.168.34.42:36394). Request must be sent to leader., logIndex=0, commits[4f048490-ee80-4dd1-86ce-d63d571007b5:c8, be9ed4ca-dce9-4f3d-9c6d-abd66b1838f6:c8, 094b17da-7f12-43e6-b453-785c127a2e77:c8]
2019-08-31 22:29:04,318 | INFO  | SCMAudit | user=jenkins1000 | ip=192.168.34.42 | op=SEND_HEARTBEAT {datanodeUUID=131506aa-e8d4-495f-9e31-6caa17857e33, command=[]} | ret=SUCCESS |  
2019-08-31 22:29:04,408 | INFO  | SCMAudit | user=jenkins1000 | ip=192.168.34.42 | op=SEND_HEARTBEAT {datanodeUUID=4a257c07-4fcc-43d2-8a6e-26fe808bf4d2, command=[]} | ret=SUCCESS |  
2019-08-31 22:29:05,075 | INFO  | SCMAudit | user=jenkins1000 | ip=192.168.34.42 | op=SEND_HEARTBEAT {datanodeUUID=78f9d08d-f53f-40cf-9f90-7f7c9603a942, command=[]} | ret=SUCCESS |  
2019-08-31 22:29:05,192 | INFO  | SCMAudit | user=jenkins1000 | ip=192.168.34.42 | op=SEND_HEARTBEAT {datanodeUUID=be9ed4ca-dce9-4f3d-9c6d-abd66b1838f6, command=[]} | ret=SUCCESS |  
2019-08-31 22:29:05,211 | INFO  | SCMAudit | user=jenkins1000 | ip=192.168.34.42 | op=SEND_HEARTBEAT {datanodeUUID=2c0e17a6-6c2f-4502-821a-909817d7c69c, command=[]} | ret=SUCCESS |  
2019-08-31 22:29:05,211 | INFO  | SCMAudit | user=jenkins1000 | ip=192.168.34.42 | op=SEND_HEARTBEAT {datanodeUUID=094b17da-7f12-43e6-b453-785c127a2e77, command=[]} | ret=SUCCESS |  
2019-08-31 22:29:05,214 | INFO  | SCMAudit | user=jenkins1000 | ip=192.168.34.42 | op=SEND_HEARTBEAT {datanodeUUID=4f048490-ee80-4dd1-86ce-d63d571007b5, command=[]} | ret=SUCCESS |  
2019-08-31 22:29:05,317 | INFO  | SCMAudit | user=jenkins1000 | ip=192.168.34.42 | op=SEND_HEARTBEAT {datanodeUUID=131506aa-e8d4-495f-9e31-6caa17857e33, command=[]} | ret=SUCCESS |  
2019-08-31 22:29:05,408 | INFO  | SCMAudit | user=jenkins1000 | ip=192.168.34.42 | op=SEND_HEARTBEAT {datanodeUUID=4a257c07-4fcc-43d2-8a6e-26fe808bf4d2, command=[]} | ret=SUCCESS |  
2019-08-31 22:29:06,076 | INFO  | SCMAudit | user=jenkins1000 | ip=192.168.34.42 | op=SEND_HEARTBEAT {datanodeUUID=78f9d08d-f53f-40cf-9f90-7f7c9603a942, command=[]} | ret=SUCCESS |  
2019-08-31 22:29:06,193 | INFO  | SCMAudit | user=jenkins1000 | ip=192.168.34.42 | op=SEND_HEARTBEAT {datanodeUUID=be9ed4ca-dce9-4f3d-9c6d-abd66b1838f6, command=[]} | ret=SUCCESS |  
2019-08-31 22:29:06,211 | INFO  | SCMAudit | user=jenkins1000 | ip=192.168.34.42 | op=SEND_HEARTBEAT {datanodeUUID=2c0e17a6-6c2f-4502-821a-909817d7c69c, command=[]} | ret=SUCCESS |  
2019-08-31 22:29:06,211 | INFO  | SCMAudit | user=jenkins1000 | ip=192.168.34.42 | op=SEND_HEARTBEAT {datanodeUUID=094b17da-7f12-43e6-b453-785c127a2e77, command=[]} | ret=SUCCESS |  
2019-08-31 22:29:06,214 | INFO  | SCMAudit | user=jenkins1000 | ip=192.168.34.42 | op=SEND_HEARTBEAT {datanodeUUID=4f048490-ee80-4dd1-86ce-d63d571007b5, command=[]} | ret=SUCCESS |  
2019-08-31 22:29:06,316 | INFO  | SCMAudit | user=jenkins1000 | ip=192.168.34.42 | op=SEND_HEARTBEAT {datanodeUUID=131506aa-e8d4-495f-9e31-6caa17857e33, command=[]} | ret=SUCCESS |  
2019-08-31 22:29:06,408 | INFO  | SCMAudit | user=jenkins1000 | ip=192.168.34.42 | op=SEND_HEARTBEAT {datanodeUUID=4a257c07-4fcc-43d2-8a6e-26fe808bf4d2, command=[]} | ret=SUCCESS |  
2019-08-31 22:29:07,076 | INFO  | SCMAudit | user=jenkins1000 | ip=192.168.34.42 | op=SEND_HEARTBEAT {datanodeUUID=78f9d08d-f53f-40cf-9f90-7f7c9603a942, command=[]} | ret=SUCCESS |  
2019-08-31 22:29:07,192 | INFO  | SCMAudit | user=jenkins1000 | ip=192.168.34.42 | op=SEND_HEARTBEAT {datanodeUUID=be9ed4ca-dce9-4f3d-9c6d-abd66b1838f6, command=[]} | ret=SUCCESS |  
2019-08-31 22:29:07,212 | INFO  | SCMAudit | user=jenkins1000 | ip=192.168.34.42 | op=SEND_HEARTBEAT {datanodeUUID=094b17da-7f12-43e6-b453-785c127a2e77, command=[]} | ret=SUCCESS |  
2019-08-31 22:29:07,212 | INFO  | SCMAudit | user=jenkins1000 | ip=192.168.34.42 | op=SEND_HEARTBEAT {datanodeUUID=2c0e17a6-6c2f-4502-821a-909817d7c69c, command=[]} | ret=SUCCESS |  
2019-08-31 22:29:07,214 | INFO  | SCMAudit | user=jenkins1000 | ip=192.168.34.42 | op=SEND_HEARTBEAT {datanodeUUID=4f048490-ee80-4dd1-86ce-d63d571007b5, command=[]} | ret=SUCCESS |  
2019-08-31 22:29:07,316 | INFO  | SCMAudit | user=jenkins1000 | ip=192.168.34.42 | op=SEND_HEARTBEAT {datanodeUUID=131506aa-e8d4-495f-9e31-6caa17857e33, command=[]} | ret=SUCCESS |  
2019-08-31 22:29:07,408 | INFO  | SCMAudit | user=jenkins1000 | ip=192.168.34.42 | op=SEND_HEARTBEAT {datanodeUUID=4a257c07-4fcc-43d2-8a6e-26fe808bf4d2, command=[]} | ret=SUCCESS |  
2019-08-31 22:29:08,076 | INFO  | SCMAudit | user=jenkins1000 | ip=192.168.34.42 | op=SEND_HEARTBEAT {datanodeUUID=78f9d08d-f53f-40cf-9f90-7f7c9603a942, command=[]} | ret=SUCCESS |  
2019-08-31 22:29:08,193 | INFO  | SCMAudit | user=jenkins1000 | ip=192.168.34.42 | op=SEND_HEARTBEAT {datanodeUUID=be9ed4ca-dce9-4f3d-9c6d-abd66b1838f6, command=[]} | ret=SUCCESS |  
2019-08-31 22:29:08,212 | INFO  | SCMAudit | user=jenkins1000 | ip=192.168.34.42 | op=SEND_HEARTBEAT {datanodeUUID=094b17da-7f12-43e6-b453-785c127a2e77, command=[]} | ret=SUCCESS |  
2019-08-31 22:29:08,212 | INFO  | SCMAudit | user=jenkins1000 | ip=192.168.34.42 | op=SEND_HEARTBEAT {datanodeUUID=2c0e17a6-6c2f-4502-821a-909817d7c69c, command=[]} | ret=SUCCESS |  
2019-08-31 22:29:08,214 | INFO  | SCMAudit | user=jenkins1000 | ip=192.168.34.42 | op=SEND_HEARTBEAT {datanodeUUID=4f048490-ee80-4dd1-86ce-d63d571007b5, command=[]} | ret=SUCCESS |  
2019-08-31 22:29:08,316 | INFO  | SCMAudit | user=jenkins1000 | ip=192.168.34.42 | op=SEND_HEARTBEAT {datanodeUUID=131506aa-e8d4-495f-9e31-6caa17857e33, command=[]} | ret=SUCCESS |  
2019-08-31 22:29:08,408 | INFO  | SCMAudit | user=jenkins1000 | ip=192.168.34.42 | op=SEND_HEARTBEAT {datanodeUUID=4a257c07-4fcc-43d2-8a6e-26fe808bf4d2, command=[]} | ret=SUCCESS |  
2019-08-31 22:29:09,076 | INFO  | SCMAudit | user=jenkins1000 | ip=192.168.34.42 | op=SEND_HEARTBEAT {datanodeUUID=78f9d08d-f53f-40cf-9f90-7f7c9603a942, command=[]} | ret=SUCCESS |  
2019-08-31 22:29:09,193 | INFO  | SCMAudit | user=jenkins1000 | ip=192.168.34.42 | op=SEND_HEARTBEAT {datanodeUUID=be9ed4ca-dce9-4f3d-9c6d-abd66b1838f6, command=[]} | ret=SUCCESS |  
2019-08-31 22:29:09,212 | INFO  | SCMAudit | user=jenkins1000 | ip=192.168.34.42 | op=SEND_HEARTBEAT {datanodeUUID=2c0e17a6-6c2f-4502-821a-909817d7c69c, command=[]} | ret=SUCCESS |  
2019-08-31 22:29:09,212 | INFO  | SCMAudit | user=jenkins1000 | ip=192.168.34.42 | op=SEND_HEARTBEAT {datanodeUUID=094b17da-7f12-43e6-b453-785c127a2e77, command=[]} | ret=SUCCESS |  
2019-08-31 22:29:09,214 | INFO  | SCMAudit | user=jenkins1000 | ip=192.168.34.42 | op=SEND_HEARTBEAT {datanodeUUID=4f048490-ee80-4dd1-86ce-d63d571007b5, command=[]} | ret=SUCCESS |  
2019-08-31 22:29:09,297 [grpc-default-executor-0] INFO  client.GrpcClientProtocolClient (GrpcClientProtocolClient.java:onNext(255)) - client-13F9D6D6E6E8->4f048490-ee80-4dd1-86ce-d63d571007b5: receive RaftClientReply:client-13F9D6D6E6E8->4f048490-ee80-4dd1-86ce-d63d571007b5@group-91658440A578, cid=44, FAILED org.apache.ratis.protocol.NotLeaderException: Server 4f048490-ee80-4dd1-86ce-d63d571007b5 is not the leader (be9ed4ca-dce9-4f3d-9c6d-abd66b1838f6:192.168.34.42:36394). Request must be sent to leader., logIndex=0, commits[4f048490-ee80-4dd1-86ce-d63d571007b5:c8, be9ed4ca-dce9-4f3d-9c6d-abd66b1838f6:c8, 094b17da-7f12-43e6-b453-785c127a2e77:c8]
2019-08-31 22:29:09,317 | INFO  | SCMAudit | user=jenkins1000 | ip=192.168.34.42 | op=SEND_HEARTBEAT {datanodeUUID=131506aa-e8d4-495f-9e31-6caa17857e33, command=[]} | ret=SUCCESS |  
2019-08-31 22:29:09,409 | INFO  | SCMAudit | user=jenkins1000 | ip=192.168.34.42 | op=SEND_HEARTBEAT {datanodeUUID=4a257c07-4fcc-43d2-8a6e-26fe808bf4d2, command=[]} | ret=SUCCESS |  
2019-08-31 22:29:10,076 | INFO  | SCMAudit | user=jenkins1000 | ip=192.168.34.42 | op=SEND_HEARTBEAT {datanodeUUID=78f9d08d-f53f-40cf-9f90-7f7c9603a942, command=[]} | ret=SUCCESS |  
2019-08-31 22:29:10,192 | INFO  | SCMAudit | user=jenkins1000 | ip=192.168.34.42 | op=SEND_HEARTBEAT {datanodeUUID=be9ed4ca-dce9-4f3d-9c6d-abd66b1838f6, command=[]} | ret=SUCCESS |  
2019-08-31 22:29:10,212 | INFO  | SCMAudit | user=jenkins1000 | ip=192.168.34.42 | op=SEND_HEARTBEAT {datanodeUUID=094b17da-7f12-43e6-b453-785c127a2e77, command=[]} | ret=SUCCESS |  
2019-08-31 22:29:10,213 | INFO  | SCMAudit | user=jenkins1000 | ip=192.168.34.42 | op=SEND_HEARTBEAT {datanodeUUID=2c0e17a6-6c2f-4502-821a-909817d7c69c, command=[]} | ret=SUCCESS |  
2019-08-31 22:29:10,214 | INFO  | SCMAudit | user=jenkins1000 | ip=192.168.34.42 | op=SEND_HEARTBEAT {datanodeUUID=4f048490-ee80-4dd1-86ce-d63d571007b5, command=[]} | ret=SUCCESS |  
2019-08-31 22:29:10,317 | INFO  | SCMAudit | user=jenkins1000 | ip=192.168.34.42 | op=SEND_HEARTBEAT {datanodeUUID=131506aa-e8d4-495f-9e31-6caa17857e33, command=[]} | ret=SUCCESS |  
2019-08-31 22:29:10,409 | INFO  | SCMAudit | user=jenkins1000 | ip=192.168.34.42 | op=SEND_HEARTBEAT {datanodeUUID=4a257c07-4fcc-43d2-8a6e-26fe808bf4d2, command=[]} | ret=SUCCESS |  
2019-08-31 22:29:11,076 | INFO  | SCMAudit | user=jenkins1000 | ip=192.168.34.42 | op=SEND_HEARTBEAT {datanodeUUID=78f9d08d-f53f-40cf-9f90-7f7c9603a942, command=[]} | ret=SUCCESS |  
2019-08-31 22:29:11,193 | INFO  | SCMAudit | user=jenkins1000 | ip=192.168.34.42 | op=SEND_HEARTBEAT {datanodeUUID=be9ed4ca-dce9-4f3d-9c6d-abd66b1838f6, command=[]} | ret=SUCCESS |  
2019-08-31 22:29:11,213 | INFO  | SCMAudit | user=jenkins1000 | ip=192.168.34.42 | op=SEND_HEARTBEAT {datanodeUUID=094b17da-7f12-43e6-b453-785c127a2e77, command=[]} | ret=SUCCESS |  
2019-08-31 22:29:11,213 | INFO  | SCMAudit | user=jenkins1000 | ip=192.168.34.42 | op=SEND_HEARTBEAT {datanodeUUID=2c0e17a6-6c2f-4502-821a-909817d7c69c, command=[]} | ret=SUCCESS |  
2019-08-31 22:29:11,214 | INFO  | SCMAudit | user=jenkins1000 | ip=192.168.34.42 | op=SEND_HEARTBEAT {datanodeUUID=4f048490-ee80-4dd1-86ce-d63d571007b5, command=[]} | ret=SUCCESS |  
2019-08-31 22:29:11,317 | INFO  | SCMAudit | user=jenkins1000 | ip=192.168.34.42 | op=SEND_HEARTBEAT {datanodeUUID=131506aa-e8d4-495f-9e31-6caa17857e33, command=[]} | ret=SUCCESS |  
2019-08-31 22:29:11,408 | INFO  | SCMAudit | user=jenkins1000 | ip=192.168.34.42 | op=SEND_HEARTBEAT {datanodeUUID=4a257c07-4fcc-43d2-8a6e-26fe808bf4d2, command=[]} | ret=SUCCESS |  
2019-08-31 22:29:12,075 | INFO  | SCMAudit | user=jenkins1000 | ip=192.168.34.42 | op=SEND_HEARTBEAT {datanodeUUID=78f9d08d-f53f-40cf-9f90-7f7c9603a942, command=[]} | ret=SUCCESS |  
2019-08-31 22:29:12,192 | INFO  | SCMAudit | user=jenkins1000 | ip=192.168.34.42 | op=SEND_HEARTBEAT {datanodeUUID=be9ed4ca-dce9-4f3d-9c6d-abd66b1838f6, command=[]} | ret=SUCCESS |  
2019-08-31 22:29:12,212 | INFO  | SCMAudit | user=jenkins1000 | ip=192.168.34.42 | op=SEND_HEARTBEAT {datanodeUUID=094b17da-7f12-43e6-b453-785c127a2e77, command=[]} | ret=SUCCESS |  
2019-08-31 22:29:12,212 | INFO  | SCMAudit | user=jenkins1000 | ip=192.168.34.42 | op=SEND_HEARTBEAT {datanodeUUID=2c0e17a6-6c2f-4502-821a-909817d7c69c, command=[]} | ret=SUCCESS |  
2019-08-31 22:29:12,215 | INFO  | SCMAudit | user=jenkins1000 | ip=192.168.34.42 | op=SEND_HEARTBEAT {datanodeUUID=4f048490-ee80-4dd1-86ce-d63d571007b5, command=[]} | ret=SUCCESS |  
2019-08-31 22:29:12,317 | INFO  | SCMAudit | user=jenkins1000 | ip=192.168.34.42 | op=SEND_HEARTBEAT {datanodeUUID=131506aa-e8d4-495f-9e31-6caa17857e33, command=[]} | ret=SUCCESS |  
2019-08-31 22:29:12,409 | INFO  | SCMAudit | user=jenkins1000 | ip=192.168.34.42 | op=SEND_HEARTBEAT {datanodeUUID=4a257c07-4fcc-43d2-8a6e-26fe808bf4d2, command=[]} | ret=SUCCESS |  
2019-08-31 22:29:13,076 | INFO  | SCMAudit | user=jenkins1000 | ip=192.168.34.42 | op=SEND_HEARTBEAT {datanodeUUID=78f9d08d-f53f-40cf-9f90-7f7c9603a942, command=[]} | ret=SUCCESS |  
2019-08-31 22:29:13,193 | INFO  | SCMAudit | user=jenkins1000 | ip=192.168.34.42 | op=SEND_HEARTBEAT {datanodeUUID=be9ed4ca-dce9-4f3d-9c6d-abd66b1838f6, command=[]} | ret=SUCCESS |  
2019-08-31 22:29:13,213 | INFO  | SCMAudit | user=jenkins1000 | ip=192.168.34.42 | op=SEND_HEARTBEAT {datanodeUUID=094b17da-7f12-43e6-b453-785c127a2e77, command=[]} | ret=SUCCESS |  
2019-08-31 22:29:13,213 | INFO  | SCMAudit | user=jenkins1000 | ip=192.168.34.42 | op=SEND_HEARTBEAT {datanodeUUID=2c0e17a6-6c2f-4502-821a-909817d7c69c, command=[]} | ret=SUCCESS |  
2019-08-31 22:29:13,215 | INFO  | SCMAudit | user=jenkins1000 | ip=192.168.34.42 | op=SEND_HEARTBEAT {datanodeUUID=4f048490-ee80-4dd1-86ce-d63d571007b5, command=[]} | ret=SUCCESS |  
2019-08-31 22:29:13,318 | INFO  | SCMAudit | user=jenkins1000 | ip=192.168.34.42 | op=SEND_HEARTBEAT {datanodeUUID=131506aa-e8d4-495f-9e31-6caa17857e33, command=[]} | ret=SUCCESS |  
2019-08-31 22:29:13,409 | INFO  | SCMAudit | user=jenkins1000 | ip=192.168.34.42 | op=SEND_HEARTBEAT {datanodeUUID=4a257c07-4fcc-43d2-8a6e-26fe808bf4d2, command=[]} | ret=SUCCESS |  
2019-08-31 22:29:14,075 | INFO  | SCMAudit | user=jenkins1000 | ip=192.168.34.42 | op=SEND_HEARTBEAT {datanodeUUID=78f9d08d-f53f-40cf-9f90-7f7c9603a942, command=[]} | ret=SUCCESS |  
2019-08-31 22:29:14,193 | INFO  | SCMAudit | user=jenkins1000 | ip=192.168.34.42 | op=SEND_HEARTBEAT {datanodeUUID=be9ed4ca-dce9-4f3d-9c6d-abd66b1838f6, command=[]} | ret=SUCCESS |  
2019-08-31 22:29:14,212 | INFO  | SCMAudit | user=jenkins1000 | ip=192.168.34.42 | op=SEND_HEARTBEAT {datanodeUUID=2c0e17a6-6c2f-4502-821a-909817d7c69c, command=[]} | ret=SUCCESS |  
2019-08-31 22:29:14,213 | INFO  | SCMAudit | user=jenkins1000 | ip=192.168.34.42 | op=SEND_HEARTBEAT {datanodeUUID=094b17da-7f12-43e6-b453-785c127a2e77, command=[]} | ret=SUCCESS |  
2019-08-31 22:29:14,215 | INFO  | SCMAudit | user=jenkins1000 | ip=192.168.34.42 | op=SEND_HEARTBEAT {datanodeUUID=4f048490-ee80-4dd1-86ce-d63d571007b5, command=[]} | ret=SUCCESS |  
2019-08-31 22:29:14,317 | INFO  | SCMAudit | user=jenkins1000 | ip=192.168.34.42 | op=SEND_HEARTBEAT {datanodeUUID=131506aa-e8d4-495f-9e31-6caa17857e33, command=[]} | ret=SUCCESS |  
2019-08-31 22:29:14,338 [grpc-default-executor-4] INFO  client.GrpcClientProtocolClient (GrpcClientProtocolClient.java:onNext(255)) - client-13F9D6D6E6E8->4f048490-ee80-4dd1-86ce-d63d571007b5: receive RaftClientReply:client-13F9D6D6E6E8->4f048490-ee80-4dd1-86ce-d63d571007b5@group-91658440A578, cid=44, FAILED org.apache.ratis.protocol.NotLeaderException: Server 4f048490-ee80-4dd1-86ce-d63d571007b5 is not the leader (be9ed4ca-dce9-4f3d-9c6d-abd66b1838f6:192.168.34.42:36394). Request must be sent to leader., logIndex=0, commits[4f048490-ee80-4dd1-86ce-d63d571007b5:c8, be9ed4ca-dce9-4f3d-9c6d-abd66b1838f6:c8, 094b17da-7f12-43e6-b453-785c127a2e77:c8]
2019-08-31 22:29:14,408 | INFO  | SCMAudit | user=jenkins1000 | ip=192.168.34.42 | op=SEND_HEARTBEAT {datanodeUUID=4a257c07-4fcc-43d2-8a6e-26fe808bf4d2, command=[]} | ret=SUCCESS |  
2019-08-31 22:29:15,076 | INFO  | SCMAudit | user=jenkins1000 | ip=192.168.34.42 | op=SEND_HEARTBEAT {datanodeUUID=78f9d08d-f53f-40cf-9f90-7f7c9603a942, command=[]} | ret=SUCCESS |  
2019-08-31 22:29:15,194 | INFO  | SCMAudit | user=jenkins1000 | ip=192.168.34.42 | op=SEND_HEARTBEAT {datanodeUUID=be9ed4ca-dce9-4f3d-9c6d-abd66b1838f6, command=[]} | ret=SUCCESS |  
2019-08-31 22:29:15,212 | INFO  | SCMAudit | user=jenkins1000 | ip=192.168.34.42 | op=SEND_HEARTBEAT {datanodeUUID=2c0e17a6-6c2f-4502-821a-909817d7c69c, command=[]} | ret=SUCCESS |  
2019-08-31 22:29:15,213 | INFO  | SCMAudit | user=jenkins1000 | ip=192.168.34.42 | op=SEND_HEARTBEAT {datanodeUUID=094b17da-7f12-43e6-b453-785c127a2e77, command=[]} | ret=SUCCESS |  
2019-08-31 22:29:15,215 | INFO  | SCMAudit | user=jenkins1000 | ip=192.168.34.42 | op=SEND_HEARTBEAT {datanodeUUID=4f048490-ee80-4dd1-86ce-d63d571007b5, command=[]} | ret=SUCCESS |  
2019-08-31 22:29:15,317 | INFO  | SCMAudit | user=jenkins1000 | ip=192.168.34.42 | op=SEND_HEARTBEAT {datanodeUUID=131506aa-e8d4-495f-9e31-6caa17857e33, command=[]} | ret=SUCCESS |  
2019-08-31 22:29:15,409 | INFO  | SCMAudit | user=jenkins1000 | ip=192.168.34.42 | op=SEND_HEARTBEAT {datanodeUUID=4a257c07-4fcc-43d2-8a6e-26fe808bf4d2, command=[]} | ret=SUCCESS |  
2019-08-31 22:29:16,075 | INFO  | SCMAudit | user=jenkins1000 | ip=192.168.34.42 | op=SEND_HEARTBEAT {datanodeUUID=78f9d08d-f53f-40cf-9f90-7f7c9603a942, command=[]} | ret=SUCCESS |  
2019-08-31 22:29:16,194 | INFO  | SCMAudit | user=jenkins1000 | ip=192.168.34.42 | op=SEND_HEARTBEAT {datanodeUUID=be9ed4ca-dce9-4f3d-9c6d-abd66b1838f6, command=[]} | ret=SUCCESS |  
2019-08-31 22:29:16,212 | INFO  | SCMAudit | user=jenkins1000 | ip=192.168.34.42 | op=SEND_HEARTBEAT {datanodeUUID=2c0e17a6-6c2f-4502-821a-909817d7c69c, command=[]} | ret=SUCCESS |  
2019-08-31 22:29:16,214 | INFO  | SCMAudit | user=jenkins1000 | ip=192.168.34.42 | op=SEND_HEARTBEAT {datanodeUUID=094b17da-7f12-43e6-b453-785c127a2e77, command=[]} | ret=SUCCESS |  
2019-08-31 22:29:16,215 | INFO  | SCMAudit | user=jenkins1000 | ip=192.168.34.42 | op=SEND_HEARTBEAT {datanodeUUID=4f048490-ee80-4dd1-86ce-d63d571007b5, command=[]} | ret=SUCCESS |  
2019-08-31 22:29:16,318 | INFO  | SCMAudit | user=jenkins1000 | ip=192.168.34.42 | op=SEND_HEARTBEAT {datanodeUUID=131506aa-e8d4-495f-9e31-6caa17857e33, command=[]} | ret=SUCCESS |  
2019-08-31 22:29:16,409 | INFO  | SCMAudit | user=jenkins1000 | ip=192.168.34.42 | op=SEND_HEARTBEAT {datanodeUUID=4a257c07-4fcc-43d2-8a6e-26fe808bf4d2, command=[]} | ret=SUCCESS |  
2019-08-31 22:29:17,076 | INFO  | SCMAudit | user=jenkins1000 | ip=192.168.34.42 | op=SEND_HEARTBEAT {datanodeUUID=78f9d08d-f53f-40cf-9f90-7f7c9603a942, command=[]} | ret=SUCCESS |  
2019-08-31 22:29:17,194 | INFO  | SCMAudit | user=jenkins1000 | ip=192.168.34.42 | op=SEND_HEARTBEAT {datanodeUUID=be9ed4ca-dce9-4f3d-9c6d-abd66b1838f6, command=[]} | ret=SUCCESS |  
2019-08-31 22:29:17,213 | INFO  | SCMAudit | user=jenkins1000 | ip=192.168.34.42 | op=SEND_HEARTBEAT {datanodeUUID=2c0e17a6-6c2f-4502-821a-909817d7c69c, command=[]} | ret=SUCCESS |  
2019-08-31 22:29:17,218 | INFO  | SCMAudit | user=jenkins1000 | ip=192.168.34.42 | op=SEND_HEARTBEAT {datanodeUUID=094b17da-7f12-43e6-b453-785c127a2e77, command=[]} | ret=SUCCESS |  
2019-08-31 22:29:17,218 | INFO  | SCMAudit | user=jenkins1000 | ip=192.168.34.42 | op=SEND_HEARTBEAT {datanodeUUID=4f048490-ee80-4dd1-86ce-d63d571007b5, command=[]} | ret=SUCCESS |  
2019-08-31 22:29:17,318 | INFO  | SCMAudit | user=jenkins1000 | ip=192.168.34.42 | op=SEND_HEARTBEAT {datanodeUUID=131506aa-e8d4-495f-9e31-6caa17857e33, command=[]} | ret=SUCCESS |  
2019-08-31 22:29:17,409 | INFO  | SCMAudit | user=jenkins1000 | ip=192.168.34.42 | op=SEND_HEARTBEAT {datanodeUUID=4a257c07-4fcc-43d2-8a6e-26fe808bf4d2, command=[]} | ret=SUCCESS |  
2019-08-31 22:29:18,076 | INFO  | SCMAudit | user=jenkins1000 | ip=192.168.34.42 | op=SEND_HEARTBEAT {datanodeUUID=78f9d08d-f53f-40cf-9f90-7f7c9603a942, command=[]} | ret=SUCCESS |  
2019-08-31 22:29:18,193 | INFO  | SCMAudit | user=jenkins1000 | ip=192.168.34.42 | op=SEND_HEARTBEAT {datanodeUUID=be9ed4ca-dce9-4f3d-9c6d-abd66b1838f6, command=[]} | ret=SUCCESS |  
2019-08-31 22:29:18,212 | INFO  | SCMAudit | user=jenkins1000 | ip=192.168.34.42 | op=SEND_HEARTBEAT {datanodeUUID=2c0e17a6-6c2f-4502-821a-909817d7c69c, command=[]} | ret=SUCCESS |  
2019-08-31 22:29:18,218 | INFO  | SCMAudit | user=jenkins1000 | ip=192.168.34.42 | op=SEND_HEARTBEAT {datanodeUUID=4f048490-ee80-4dd1-86ce-d63d571007b5, command=[]} | ret=SUCCESS |  
2019-08-31 22:29:18,218 | INFO  | SCMAudit | user=jenkins1000 | ip=192.168.34.42 | op=SEND_HEARTBEAT {datanodeUUID=094b17da-7f12-43e6-b453-785c127a2e77, command=[]} | ret=SUCCESS |  
2019-08-31 22:29:18,318 | INFO  | SCMAudit | user=jenkins1000 | ip=192.168.34.42 | op=SEND_HEARTBEAT {datanodeUUID=131506aa-e8d4-495f-9e31-6caa17857e33, command=[]} | ret=SUCCESS |  
2019-08-31 22:29:18,409 | INFO  | SCMAudit | user=jenkins1000 | ip=192.168.34.42 | op=SEND_HEARTBEAT {datanodeUUID=4a257c07-4fcc-43d2-8a6e-26fe808bf4d2, command=[]} | ret=SUCCESS |  
2019-08-31 22:29:19,077 | INFO  | SCMAudit | user=jenkins1000 | ip=192.168.34.42 | op=SEND_HEARTBEAT {datanodeUUID=78f9d08d-f53f-40cf-9f90-7f7c9603a942, command=[]} | ret=SUCCESS |  
2019-08-31 22:29:19,194 | INFO  | SCMAudit | user=jenkins1000 | ip=192.168.34.42 | op=SEND_HEARTBEAT {datanodeUUID=be9ed4ca-dce9-4f3d-9c6d-abd66b1838f6, command=[]} | ret=SUCCESS |  
2019-08-31 22:29:19,213 | INFO  | SCMAudit | user=jenkins1000 | ip=192.168.34.42 | op=SEND_HEARTBEAT {datanodeUUID=2c0e17a6-6c2f-4502-821a-909817d7c69c, command=[]} | ret=SUCCESS |  
2019-08-31 22:29:19,219 | INFO  | SCMAudit | user=jenkins1000 | ip=192.168.34.42 | op=SEND_HEARTBEAT {datanodeUUID=4f048490-ee80-4dd1-86ce-d63d571007b5, command=[]} | ret=SUCCESS |  
2019-08-31 22:29:19,219 | INFO  | SCMAudit | user=jenkins1000 | ip=192.168.34.42 | op=SEND_HEARTBEAT {datanodeUUID=094b17da-7f12-43e6-b453-785c127a2e77, command=[]} | ret=SUCCESS |  
2019-08-31 22:29:19,317 | INFO  | SCMAudit | user=jenkins1000 | ip=192.168.34.42 | op=SEND_HEARTBEAT {datanodeUUID=131506aa-e8d4-495f-9e31-6caa17857e33, command=[]} | ret=SUCCESS |  
2019-08-31 22:29:19,390 [grpc-default-executor-0] INFO  client.GrpcClientProtocolClient (GrpcClientProtocolClient.java:onNext(255)) - client-13F9D6D6E6E8->4f048490-ee80-4dd1-86ce-d63d571007b5: receive RaftClientReply:client-13F9D6D6E6E8->4f048490-ee80-4dd1-86ce-d63d571007b5@group-91658440A578, cid=44, FAILED org.apache.ratis.protocol.NotLeaderException: Server 4f048490-ee80-4dd1-86ce-d63d571007b5 is not the leader (be9ed4ca-dce9-4f3d-9c6d-abd66b1838f6:192.168.34.42:36394). Request must be sent to leader., logIndex=0, commits[4f048490-ee80-4dd1-86ce-d63d571007b5:c8, be9ed4ca-dce9-4f3d-9c6d-abd66b1838f6:c8, 094b17da-7f12-43e6-b453-785c127a2e77:c8]
2019-08-31 22:29:19,410 | INFO  | SCMAudit | user=jenkins1000 | ip=192.168.34.42 | op=SEND_HEARTBEAT {datanodeUUID=4a257c07-4fcc-43d2-8a6e-26fe808bf4d2, command=[]} | ret=SUCCESS |  
2019-08-31 22:29:20,077 | INFO  | SCMAudit | user=jenkins1000 | ip=192.168.34.42 | op=SEND_HEARTBEAT {datanodeUUID=78f9d08d-f53f-40cf-9f90-7f7c9603a942, command=[]} | ret=SUCCESS |  
2019-08-31 22:29:20,193 | INFO  | SCMAudit | user=jenkins1000 | ip=192.168.34.42 | op=SEND_HEARTBEAT {datanodeUUID=be9ed4ca-dce9-4f3d-9c6d-abd66b1838f6, command=[]} | ret=SUCCESS |  
2019-08-31 22:29:20,213 | INFO  | SCMAudit | user=jenkins1000 | ip=192.168.34.42 | op=SEND_HEARTBEAT {datanodeUUID=2c0e17a6-6c2f-4502-821a-909817d7c69c, command=[]} | ret=SUCCESS |  
2019-08-31 22:29:20,219 | INFO  | SCMAudit | user=jenkins1000 | ip=192.168.34.42 | op=SEND_HEARTBEAT {datanodeUUID=4f048490-ee80-4dd1-86ce-d63d571007b5, command=[]} | ret=SUCCESS |  
2019-08-31 22:29:20,219 | INFO  | SCMAudit | user=jenkins1000 | ip=192.168.34.42 | op=SEND_HEARTBEAT {datanodeUUID=094b17da-7f12-43e6-b453-785c127a2e77, command=[]} | ret=SUCCESS |  
2019-08-31 22:29:20,317 | INFO  | SCMAudit | user=jenkins1000 | ip=192.168.34.42 | op=SEND_HEARTBEAT {datanodeUUID=131506aa-e8d4-495f-9e31-6caa17857e33, command=[]} | ret=SUCCESS |  
2019-08-31 22:29:20,410 | INFO  | SCMAudit | user=jenkins1000 | ip=192.168.34.42 | op=SEND_HEARTBEAT {datanodeUUID=4a257c07-4fcc-43d2-8a6e-26fe808bf4d2, command=[]} | ret=SUCCESS |  
2019-08-31 22:29:21,076 | INFO  | SCMAudit | user=jenkins1000 | ip=192.168.34.42 | op=SEND_HEARTBEAT {datanodeUUID=78f9d08d-f53f-40cf-9f90-7f7c9603a942, command=[]} | ret=SUCCESS |  
2019-08-31 22:29:21,194 | INFO  | SCMAudit | user=jenkins1000 | ip=192.168.34.42 | op=SEND_HEARTBEAT {datanodeUUID=be9ed4ca-dce9-4f3d-9c6d-abd66b1838f6, command=[]} | ret=SUCCESS |  
2019-08-31 22:29:21,213 | INFO  | SCMAudit | user=jenkins1000 | ip=192.168.34.42 | op=SEND_HEARTBEAT {datanodeUUID=2c0e17a6-6c2f-4502-821a-909817d7c69c, command=[]} | ret=SUCCESS |  
2019-08-31 22:29:21,219 | INFO  | SCMAudit | user=jenkins1000 | ip=192.168.34.42 | op=SEND_HEARTBEAT {datanodeUUID=4f048490-ee80-4dd1-86ce-d63d571007b5, command=[]} | ret=SUCCESS |  
2019-08-31 22:29:21,220 | INFO  | SCMAudit | user=jenkins1000 | ip=192.168.34.42 | op=SEND_HEARTBEAT {datanodeUUID=094b17da-7f12-43e6-b453-785c127a2e77, command=[]} | ret=SUCCESS |  
2019-08-31 22:29:21,318 | INFO  | SCMAudit | user=jenkins1000 | ip=192.168.34.42 | op=SEND_HEARTBEAT {datanodeUUID=131506aa-e8d4-495f-9e31-6caa17857e33, command=[]} | ret=SUCCESS |  
2019-08-31 22:29:21,410 | INFO  | SCMAudit | user=jenkins1000 | ip=192.168.34.42 | op=SEND_HEARTBEAT {datanodeUUID=4a257c07-4fcc-43d2-8a6e-26fe808bf4d2, command=[]} | ret=SUCCESS |  
2019-08-31 22:29:22,077 | INFO  | SCMAudit | user=jenkins1000 | ip=192.168.34.42 | op=SEND_HEARTBEAT {datanodeUUID=78f9d08d-f53f-40cf-9f90-7f7c9603a942, command=[]} | ret=SUCCESS |  
2019-08-31 22:29:22,194 | INFO  | SCMAudit | user=jenkins1000 | ip=192.168.34.42 | op=SEND_HEARTBEAT {datanodeUUID=be9ed4ca-dce9-4f3d-9c6d-abd66b1838f6, command=[]} | ret=SUCCESS |  
2019-08-31 22:29:22,213 | INFO  | SCMAudit | user=jenkins1000 | ip=192.168.34.42 | op=SEND_HEARTBEAT {datanodeUUID=2c0e17a6-6c2f-4502-821a-909817d7c69c, command=[]} | ret=SUCCESS |  
2019-08-31 22:29:22,219 | INFO  | SCMAudit | user=jenkins1000 | ip=192.168.34.42 | op=SEND_HEARTBEAT {datanodeUUID=4f048490-ee80-4dd1-86ce-d63d571007b5, command=[]} | ret=SUCCESS |  
2019-08-31 22:29:22,220 | INFO  | SCMAudit | user=jenkins1000 | ip=192.168.34.42 | op=SEND_HEARTBEAT {datanodeUUID=094b17da-7f12-43e6-b453-785c127a2e77, command=[]} | ret=SUCCESS |  
2019-08-31 22:29:22,318 | INFO  | SCMAudit | user=jenkins1000 | ip=192.168.34.42 | op=SEND_HEARTBEAT {datanodeUUID=131506aa-e8d4-495f-9e31-6caa17857e33, command=[]} | ret=SUCCESS |  
2019-08-31 22:29:22,410 | INFO  | SCMAudit | user=jenkins1000 | ip=192.168.34.42 | op=SEND_HEARTBEAT {datanodeUUID=4a257c07-4fcc-43d2-8a6e-26fe808bf4d2, command=[]} | ret=SUCCESS |  
2019-08-31 22:29:23,077 | INFO  | SCMAudit | user=jenkins1000 | ip=192.168.34.42 | op=SEND_HEARTBEAT {datanodeUUID=78f9d08d-f53f-40cf-9f90-7f7c9603a942, command=[]} | ret=SUCCESS |  
2019-08-31 22:29:23,194 | INFO  | SCMAudit | user=jenkins1000 | ip=192.168.34.42 | op=SEND_HEARTBEAT {datanodeUUID=be9ed4ca-dce9-4f3d-9c6d-abd66b1838f6, command=[]} | ret=SUCCESS |  
2019-08-31 22:29:23,213 | INFO  | SCMAudit | user=jenkins1000 | ip=192.168.34.42 | op=SEND_HEARTBEAT {datanodeUUID=2c0e17a6-6c2f-4502-821a-909817d7c69c, command=[]} | ret=SUCCESS |  
2019-08-31 22:29:23,219 | INFO  | SCMAudit | user=jenkins1000 | ip=192.168.34.42 | op=SEND_HEARTBEAT {datanodeUUID=4f048490-ee80-4dd1-86ce-d63d571007b5, command=[]} | ret=SUCCESS |  
2019-08-31 22:29:23,220 | INFO  | SCMAudit | user=jenkins1000 | ip=192.168.34.42 | op=SEND_HEARTBEAT {datanodeUUID=094b17da-7f12-43e6-b453-785c127a2e77, command=[]} | ret=SUCCESS |  
2019-08-31 22:29:23,318 | INFO  | SCMAudit | user=jenkins1000 | ip=192.168.34.42 | op=SEND_HEARTBEAT {datanodeUUID=131506aa-e8d4-495f-9e31-6caa17857e33, command=[]} | ret=SUCCESS |  
2019-08-31 22:29:23,410 | INFO  | SCMAudit | user=jenkins1000 | ip=192.168.34.42 | op=SEND_HEARTBEAT {datanodeUUID=4a257c07-4fcc-43d2-8a6e-26fe808bf4d2, command=[]} | ret=SUCCESS |  
2019-08-31 22:29:24,076 | INFO  | SCMAudit | user=jenkins1000 | ip=192.168.34.42 | op=SEND_HEARTBEAT {datanodeUUID=78f9d08d-f53f-40cf-9f90-7f7c9603a942, command=[]} | ret=SUCCESS |  
2019-08-31 22:29:24,195 | INFO  | SCMAudit | user=jenkins1000 | ip=192.168.34.42 | op=SEND_HEARTBEAT {datanodeUUID=be9ed4ca-dce9-4f3d-9c6d-abd66b1838f6, command=[]} | ret=SUCCESS |  
2019-08-31 22:29:24,213 | INFO  | SCMAudit | user=jenkins1000 | ip=192.168.34.42 | op=SEND_HEARTBEAT {datanodeUUID=2c0e17a6-6c2f-4502-821a-909817d7c69c, command=[]} | ret=SUCCESS |  
2019-08-31 22:29:24,220 | INFO  | SCMAudit | user=jenkins1000 | ip=192.168.34.42 | op=SEND_HEARTBEAT {datanodeUUID=4f048490-ee80-4dd1-86ce-d63d571007b5, command=[]} | ret=SUCCESS |  
2019-08-31 22:29:24,220 | INFO  | SCMAudit | user=jenkins1000 | ip=192.168.34.42 | op=SEND_HEARTBEAT {datanodeUUID=094b17da-7f12-43e6-b453-785c127a2e77, command=[]} | ret=SUCCESS |  
2019-08-31 22:29:24,318 | INFO  | SCMAudit | user=jenkins1000 | ip=192.168.34.42 | op=SEND_HEARTBEAT {datanodeUUID=131506aa-e8d4-495f-9e31-6caa17857e33, command=[]} | ret=SUCCESS |  
2019-08-31 22:29:24,411 | INFO  | SCMAudit | user=jenkins1000 | ip=192.168.34.42 | op=SEND_HEARTBEAT {datanodeUUID=4a257c07-4fcc-43d2-8a6e-26fe808bf4d2, command=[]} | ret=SUCCESS |  
2019-08-31 22:29:24,429 [grpc-default-executor-4] INFO  client.GrpcClientProtocolClient (GrpcClientProtocolClient.java:onNext(255)) - client-13F9D6D6E6E8->094b17da-7f12-43e6-b453-785c127a2e77: receive RaftClientReply:client-13F9D6D6E6E8->094b17da-7f12-43e6-b453-785c127a2e77@group-91658440A578, cid=44, FAILED org.apache.ratis.protocol.NotLeaderException: Server 094b17da-7f12-43e6-b453-785c127a2e77 is not the leader (be9ed4ca-dce9-4f3d-9c6d-abd66b1838f6:192.168.34.42:36394). Request must be sent to leader., logIndex=0, commits[094b17da-7f12-43e6-b453-785c127a2e77:c8, 4f048490-ee80-4dd1-86ce-d63d571007b5:c8, be9ed4ca-dce9-4f3d-9c6d-abd66b1838f6:c8]
2019-08-31 22:29:25,077 | INFO  | SCMAudit | user=jenkins1000 | ip=192.168.34.42 | op=SEND_HEARTBEAT {datanodeUUID=78f9d08d-f53f-40cf-9f90-7f7c9603a942, command=[]} | ret=SUCCESS |  
2019-08-31 22:29:25,195 | INFO  | SCMAudit | user=jenkins1000 | ip=192.168.34.42 | op=SEND_HEARTBEAT {datanodeUUID=be9ed4ca-dce9-4f3d-9c6d-abd66b1838f6, command=[]} | ret=SUCCESS |  
2019-08-31 22:29:25,214 | INFO  | SCMAudit | user=jenkins1000 | ip=192.168.34.42 | op=SEND_HEARTBEAT {datanodeUUID=2c0e17a6-6c2f-4502-821a-909817d7c69c, command=[]} | ret=SUCCESS |  
2019-08-31 22:29:25,220 | INFO  | SCMAudit | user=jenkins1000 | ip=192.168.34.42 | op=SEND_HEARTBEAT {datanodeUUID=4f048490-ee80-4dd1-86ce-d63d571007b5, command=[]} | ret=SUCCESS |  
2019-08-31 22:29:25,220 | INFO  | SCMAudit | user=jenkins1000 | ip=192.168.34.42 | op=SEND_HEARTBEAT {datanodeUUID=094b17da-7f12-43e6-b453-785c127a2e77, command=[]} | ret=SUCCESS |  
2019-08-31 22:29:25,318 | INFO  | SCMAudit | user=jenkins1000 | ip=192.168.34.42 | op=SEND_HEARTBEAT {datanodeUUID=131506aa-e8d4-495f-9e31-6caa17857e33, command=[]} | ret=SUCCESS |  
2019-08-31 22:29:25,411 | INFO  | SCMAudit | user=jenkins1000 | ip=192.168.34.42 | op=SEND_HEARTBEAT {datanodeUUID=4a257c07-4fcc-43d2-8a6e-26fe808bf4d2, command=[]} | ret=SUCCESS |  
2019-08-31 22:29:26,076 | INFO  | SCMAudit | user=jenkins1000 | ip=192.168.34.42 | op=SEND_HEARTBEAT {datanodeUUID=78f9d08d-f53f-40cf-9f90-7f7c9603a942, command=[]} | ret=SUCCESS |  
2019-08-31 22:29:26,194 | INFO  | SCMAudit | user=jenkins1000 | ip=192.168.34.42 | op=SEND_HEARTBEAT {datanodeUUID=be9ed4ca-dce9-4f3d-9c6d-abd66b1838f6, command=[]} | ret=SUCCESS |  
2019-08-31 22:29:26,213 | INFO  | SCMAudit | user=jenkins1000 | ip=192.168.34.42 | op=SEND_HEARTBEAT {datanodeUUID=2c0e17a6-6c2f-4502-821a-909817d7c69c, command=[]} | ret=SUCCESS |  
2019-08-31 22:29:26,220 | INFO  | SCMAudit | user=jenkins1000 | ip=192.168.34.42 | op=SEND_HEARTBEAT {datanodeUUID=4f048490-ee80-4dd1-86ce-d63d571007b5, command=[]} | ret=SUCCESS |  
2019-08-31 22:29:26,220 | INFO  | SCMAudit | user=jenkins1000 | ip=192.168.34.42 | op=SEND_HEARTBEAT {datanodeUUID=094b17da-7f12-43e6-b453-785c127a2e77, command=[]} | ret=SUCCESS |  
2019-08-31 22:29:26,318 | INFO  | SCMAudit | user=jenkins1000 | ip=192.168.34.42 | op=SEND_HEARTBEAT {datanodeUUID=131506aa-e8d4-495f-9e31-6caa17857e33, command=[]} | ret=SUCCESS |  
2019-08-31 22:29:26,411 | INFO  | SCMAudit | user=jenkins1000 | ip=192.168.34.42 | op=SEND_HEARTBEAT {datanodeUUID=4a257c07-4fcc-43d2-8a6e-26fe808bf4d2, command=[]} | ret=SUCCESS |  
2019-08-31 22:29:27,077 | INFO  | SCMAudit | user=jenkins1000 | ip=192.168.34.42 | op=SEND_HEARTBEAT {datanodeUUID=78f9d08d-f53f-40cf-9f90-7f7c9603a942, command=[]} | ret=SUCCESS |  
2019-08-31 22:29:27,195 | INFO  | SCMAudit | user=jenkins1000 | ip=192.168.34.42 | op=SEND_HEARTBEAT {datanodeUUID=be9ed4ca-dce9-4f3d-9c6d-abd66b1838f6, command=[]} | ret=SUCCESS |  
2019-08-31 22:29:27,213 | INFO  | SCMAudit | user=jenkins1000 | ip=192.168.34.42 | op=SEND_HEARTBEAT {datanodeUUID=2c0e17a6-6c2f-4502-821a-909817d7c69c, command=[]} | ret=SUCCESS |  
2019-08-31 22:29:27,220 | INFO  | SCMAudit | user=jenkins1000 | ip=192.168.34.42 | op=SEND_HEARTBEAT {datanodeUUID=094b17da-7f12-43e6-b453-785c127a2e77, command=[]} | ret=SUCCESS |  
2019-08-31 22:29:27,221 | INFO  | SCMAudit | user=jenkins1000 | ip=192.168.34.42 | op=SEND_HEARTBEAT {datanodeUUID=4f048490-ee80-4dd1-86ce-d63d571007b5, command=[]} | ret=SUCCESS |  
2019-08-31 22:29:27,318 | INFO  | SCMAudit | user=jenkins1000 | ip=192.168.34.42 | op=SEND_HEARTBEAT {datanodeUUID=131506aa-e8d4-495f-9e31-6caa17857e33, command=[]} | ret=SUCCESS |  
2019-08-31 22:29:27,412 | INFO  | SCMAudit | user=jenkins1000 | ip=192.168.34.42 | op=SEND_HEARTBEAT {datanodeUUID=4a257c07-4fcc-43d2-8a6e-26fe808bf4d2, command=[]} | ret=SUCCESS |  
2019-08-31 22:29:28,076 | INFO  | SCMAudit | user=jenkins1000 | ip=192.168.34.42 | op=SEND_HEARTBEAT {datanodeUUID=78f9d08d-f53f-40cf-9f90-7f7c9603a942, command=[]} | ret=SUCCESS |  
2019-08-31 22:29:28,194 | INFO  | SCMAudit | user=jenkins1000 | ip=192.168.34.42 | op=SEND_HEARTBEAT {datanodeUUID=be9ed4ca-dce9-4f3d-9c6d-abd66b1838f6, command=[]} | ret=SUCCESS |  
2019-08-31 22:29:28,213 | INFO  | SCMAudit | user=jenkins1000 | ip=192.168.34.42 | op=SEND_HEARTBEAT {datanodeUUID=2c0e17a6-6c2f-4502-821a-909817d7c69c, command=[]} | ret=SUCCESS |  
2019-08-31 22:29:28,220 | INFO  | SCMAudit | user=jenkins1000 | ip=192.168.34.42 | op=SEND_HEARTBEAT {datanodeUUID=094b17da-7f12-43e6-b453-785c127a2e77, command=[]} | ret=SUCCESS |  
2019-08-31 22:29:28,222 | INFO  | SCMAudit | user=jenkins1000 | ip=192.168.34.42 | op=SEND_HEARTBEAT {datanodeUUID=4f048490-ee80-4dd1-86ce-d63d571007b5, command=[]} | ret=SUCCESS |  
2019-08-31 22:29:28,319 | INFO  | SCMAudit | user=jenkins1000 | ip=192.168.34.42 | op=SEND_HEARTBEAT {datanodeUUID=131506aa-e8d4-495f-9e31-6caa17857e33, command=[]} | ret=SUCCESS |  
2019-08-31 22:29:28,411 | INFO  | SCMAudit | user=jenkins1000 | ip=192.168.34.42 | op=SEND_HEARTBEAT {datanodeUUID=4a257c07-4fcc-43d2-8a6e-26fe808bf4d2, command=[]} | ret=SUCCESS |  
2019-08-31 22:29:29,077 | INFO  | SCMAudit | user=jenkins1000 | ip=192.168.34.42 | op=SEND_HEARTBEAT {datanodeUUID=78f9d08d-f53f-40cf-9f90-7f7c9603a942, command=[]} | ret=SUCCESS |  
2019-08-31 22:29:29,195 | INFO  | SCMAudit | user=jenkins1000 | ip=192.168.34.42 | op=SEND_HEARTBEAT {datanodeUUID=be9ed4ca-dce9-4f3d-9c6d-abd66b1838f6, command=[]} | ret=SUCCESS |  
2019-08-31 22:29:29,214 | INFO  | SCMAudit | user=jenkins1000 | ip=192.168.34.42 | op=SEND_HEARTBEAT {datanodeUUID=2c0e17a6-6c2f-4502-821a-909817d7c69c, command=[]} | ret=SUCCESS |  
2019-08-31 22:29:29,220 | INFO  | SCMAudit | user=jenkins1000 | ip=192.168.34.42 | op=SEND_HEARTBEAT {datanodeUUID=094b17da-7f12-43e6-b453-785c127a2e77, command=[]} | ret=SUCCESS |  
2019-08-31 22:29:29,221 | INFO  | SCMAudit | user=jenkins1000 | ip=192.168.34.42 | op=SEND_HEARTBEAT {datanodeUUID=4f048490-ee80-4dd1-86ce-d63d571007b5, command=[]} | ret=SUCCESS |  
2019-08-31 22:29:29,319 | INFO  | SCMAudit | user=jenkins1000 | ip=192.168.34.42 | op=SEND_HEARTBEAT {datanodeUUID=131506aa-e8d4-495f-9e31-6caa17857e33, command=[]} | ret=SUCCESS |  
2019-08-31 22:29:29,412 | INFO  | SCMAudit | user=jenkins1000 | ip=192.168.34.42 | op=SEND_HEARTBEAT {datanodeUUID=4a257c07-4fcc-43d2-8a6e-26fe808bf4d2, command=[]} | ret=SUCCESS |  
2019-08-31 22:29:29,470 [grpc-default-executor-0] INFO  client.GrpcClientProtocolClient (GrpcClientProtocolClient.java:onNext(255)) - client-13F9D6D6E6E8->4f048490-ee80-4dd1-86ce-d63d571007b5: receive RaftClientReply:client-13F9D6D6E6E8->4f048490-ee80-4dd1-86ce-d63d571007b5@group-91658440A578, cid=44, FAILED org.apache.ratis.protocol.NotLeaderException: Server 4f048490-ee80-4dd1-86ce-d63d571007b5 is not the leader (be9ed4ca-dce9-4f3d-9c6d-abd66b1838f6:192.168.34.42:36394). Request must be sent to leader., logIndex=0, commits[4f048490-ee80-4dd1-86ce-d63d571007b5:c8, be9ed4ca-dce9-4f3d-9c6d-abd66b1838f6:c8, 094b17da-7f12-43e6-b453-785c127a2e77:c8]
2019-08-31 22:29:30,076 | INFO  | SCMAudit | user=jenkins1000 | ip=192.168.34.42 | op=SEND_HEARTBEAT {datanodeUUID=78f9d08d-f53f-40cf-9f90-7f7c9603a942, command=[]} | ret=SUCCESS |  
2019-08-31 22:29:30,194 | INFO  | SCMAudit | user=jenkins1000 | ip=192.168.34.42 | op=SEND_HEARTBEAT {datanodeUUID=be9ed4ca-dce9-4f3d-9c6d-abd66b1838f6, command=[]} | ret=SUCCESS |  
2019-08-31 22:29:30,214 | INFO  | SCMAudit | user=jenkins1000 | ip=192.168.34.42 | op=SEND_HEARTBEAT {datanodeUUID=2c0e17a6-6c2f-4502-821a-909817d7c69c, command=[]} | ret=SUCCESS |  
2019-08-31 22:29:30,220 | INFO  | SCMAudit | user=jenkins1000 | ip=192.168.34.42 | op=SEND_HEARTBEAT {datanodeUUID=094b17da-7f12-43e6-b453-785c127a2e77, command=[]} | ret=SUCCESS |  
2019-08-31 22:29:30,221 | INFO  | SCMAudit | user=jenkins1000 | ip=192.168.34.42 | op=SEND_HEARTBEAT {datanodeUUID=4f048490-ee80-4dd1-86ce-d63d571007b5, command=[]} | ret=SUCCESS |  
2019-08-31 22:29:30,319 | INFO  | SCMAudit | user=jenkins1000 | ip=192.168.34.42 | op=SEND_HEARTBEAT {datanodeUUID=131506aa-e8d4-495f-9e31-6caa17857e33, command=[]} | ret=SUCCESS |  
2019-08-31 22:29:30,412 | INFO  | SCMAudit | user=jenkins1000 | ip=192.168.34.42 | op=SEND_HEARTBEAT {datanodeUUID=4a257c07-4fcc-43d2-8a6e-26fe808bf4d2, command=[]} | ret=SUCCESS |  
2019-08-31 22:29:31,077 | INFO  | SCMAudit | user=jenkins1000 | ip=192.168.34.42 | op=SEND_HEARTBEAT {datanodeUUID=78f9d08d-f53f-40cf-9f90-7f7c9603a942, command=[]} | ret=SUCCESS |  
2019-08-31 22:29:31,194 | INFO  | SCMAudit | user=jenkins1000 | ip=192.168.34.42 | op=SEND_HEARTBEAT {datanodeUUID=be9ed4ca-dce9-4f3d-9c6d-abd66b1838f6, command=[]} | ret=SUCCESS |  
2019-08-31 22:29:31,214 | INFO  | SCMAudit | user=jenkins1000 | ip=192.168.34.42 | op=SEND_HEARTBEAT {datanodeUUID=2c0e17a6-6c2f-4502-821a-909817d7c69c, command=[]} | ret=SUCCESS |  
2019-08-31 22:29:31,220 | INFO  | SCMAudit | user=jenkins1000 | ip=192.168.34.42 | op=SEND_HEARTBEAT {datanodeUUID=094b17da-7f12-43e6-b453-785c127a2e77, command=[]} | ret=SUCCESS |  
2019-08-31 22:29:31,221 | INFO  | SCMAudit | user=jenkins1000 | ip=192.168.34.42 | op=SEND_HEARTBEAT {datanodeUUID=4f048490-ee80-4dd1-86ce-d63d571007b5, command=[]} | ret=SUCCESS |  
2019-08-31 22:29:31,319 | INFO  | SCMAudit | user=jenkins1000 | ip=192.168.34.42 | op=SEND_HEARTBEAT {datanodeUUID=131506aa-e8d4-495f-9e31-6caa17857e33, command=[]} | ret=SUCCESS |  
2019-08-31 22:29:31,412 | INFO  | SCMAudit | user=jenkins1000 | ip=192.168.34.42 | op=SEND_HEARTBEAT {datanodeUUID=4a257c07-4fcc-43d2-8a6e-26fe808bf4d2, command=[]} | ret=SUCCESS |  
2019-08-31 22:29:32,013 [grpc-default-executor-4] INFO  impl.RaftServerProxy (RaftServerProxy.java:addNew(89)) - 4a257c07-4fcc-43d2-8a6e-26fe808bf4d2: addNew group-9179DBB97B86:[4a257c07-4fcc-43d2-8a6e-26fe808bf4d2:192.168.34.42:42364] returns group-9179DBB97B86:java.util.concurrent.CompletableFuture@4fea3168[Not completed]
2019-08-31 22:29:32,015 [pool-179-thread-1] INFO  impl.RaftServerImpl (RaftServerImpl.java:<init>(93)) - 4a257c07-4fcc-43d2-8a6e-26fe808bf4d2: new RaftServerImpl for group-9179DBB97B86:[4a257c07-4fcc-43d2-8a6e-26fe808bf4d2:192.168.34.42:42364] with ContainerStateMachine:uninitialized
2019-08-31 22:29:32,016 [pool-179-thread-1] INFO  server.RaftServerConfigKeys (ConfUtils.java:logGet(43)) - raft.server.rpc.timeout.min = 5s (custom)
2019-08-31 22:29:32,016 [pool-179-thread-1] INFO  server.RaftServerConfigKeys (ConfUtils.java:logGet(43)) - raft.server.rpc.timeout.max = 5200ms (custom)
2019-08-31 22:29:32,016 [pool-179-thread-1] INFO  server.RaftServerConfigKeys (ConfUtils.java:logGet(43)) - raft.server.rpcslowness.timeout = 120s (custom)
2019-08-31 22:29:32,016 [pool-179-thread-1] INFO  server.RaftServerConfigKeys (ConfUtils.java:logGet(43)) - raft.server.sleep.deviation.threshold = 300 (default)
2019-08-31 22:29:32,016 [pool-179-thread-1] INFO  server.RaftServerConfigKeys (ConfUtils.java:logGet(43)) - raft.server.log.appender.install.snapshot.enabled = false (custom)
2019-08-31 22:29:32,016 [pool-179-thread-1] INFO  impl.RaftServerImpl (ServerState.java:<init>(105)) - 4a257c07-4fcc-43d2-8a6e-26fe808bf4d2:group-9179DBB97B86 ConfigurationManager, init=-1: [4a257c07-4fcc-43d2-8a6e-26fe808bf4d2:192.168.34.42:42364], old=null, confs=<EMPTY_MAP>
2019-08-31 22:29:32,017 [pool-179-thread-1] INFO  server.RaftServerConfigKeys (ConfUtils.java:logGet(43)) - raft.server.storage.dir = [/workdir/hadoop-ozone/integration-test/target/test-dir/MiniOzoneClusterImpl-aaa18aea-9a54-4266-ac8a-f3420196151d/datanode-6/data/ratis] (custom)
2019-08-31 22:29:32,017 [pool-179-thread-1] INFO  storage.RaftStorageDirectory (RaftStorageDirectory.java:analyzeStorage(246)) - The storage directory /workdir/hadoop-ozone/integration-test/target/test-dir/MiniOzoneClusterImpl-aaa18aea-9a54-4266-ac8a-f3420196151d/datanode-6/data/ratis/4695bb72-8398-43c6-ac9f-9179dbb97b86 does not exist. Creating ...
2019-08-31 22:29:32,031 [pool-179-thread-1] INFO  storage.RaftStorageDirectory (RaftStorageDirectory.java:tryLock(328)) - Lock on /workdir/hadoop-ozone/integration-test/target/test-dir/MiniOzoneClusterImpl-aaa18aea-9a54-4266-ac8a-f3420196151d/datanode-6/data/ratis/4695bb72-8398-43c6-ac9f-9179dbb97b86/in_use.lock acquired by nodename 17210@pr-hdds-2060-5kx6h-1518693133
2019-08-31 22:29:32,045 [pool-179-thread-1] INFO  storage.RaftStorage (RaftStorage.java:format(72)) - Storage directory /workdir/hadoop-ozone/integration-test/target/test-dir/MiniOzoneClusterImpl-aaa18aea-9a54-4266-ac8a-f3420196151d/datanode-6/data/ratis/4695bb72-8398-43c6-ac9f-9179dbb97b86 has been successfully formatted.
2019-08-31 22:29:32,045 [pool-179-thread-1] INFO  ratis.ContainerStateMachine (ContainerStateMachine.java:loadSnapshot(227)) - group-9179DBB97B86: The snapshot info is null. Setting the last applied indexto:(t:0, i:~)
2019-08-31 22:29:32,045 [pool-179-thread-1] INFO  server.RaftServerConfigKeys (ConfUtils.java:logGet(43)) - raft.server.leader.election.timeout = 120s (custom)
2019-08-31 22:29:32,046 [pool-179-thread-1] INFO  server.RaftServerConfigKeys (ConfUtils.java:logGet(43)) - raft.server.log.use.memory = false (default)
2019-08-31 22:29:32,046 [pool-179-thread-1] INFO  server.RaftServerConfigKeys (ConfUtils.java:logGet(43)) - raft.server.log.purge.gap = 1000000 (custom)
2019-08-31 22:29:32,046 [pool-179-thread-1] INFO  server.RaftServerConfigKeys (ConfUtils.java:logGet(43)) - raft.server.log.appender.buffer.byte-limit = 33554432 (custom)
2019-08-31 22:29:32,046 [pool-179-thread-1] INFO  server.RaftServerConfigKeys (ConfUtils.java:logGet(43)) - raft.server.log.segment.size.max = 1048576 (custom)
2019-08-31 22:29:32,046 [pool-179-thread-1] INFO  server.RaftServerConfigKeys (ConfUtils.java:logGet(43)) - raft.server.log.segment.cache.num.max = 2 (custom)
2019-08-31 22:29:32,046 [pool-179-thread-1] INFO  segmented.SegmentedRaftLogWorker (SegmentedRaftLogWorker.java:<init>(172)) - new 4a257c07-4fcc-43d2-8a6e-26fe808bf4d2-SegmentedRaftLogWorker:Storage Directory /workdir/hadoop-ozone/integration-test/target/test-dir/MiniOzoneClusterImpl-aaa18aea-9a54-4266-ac8a-f3420196151d/datanode-6/data/ratis/4695bb72-8398-43c6-ac9f-9179dbb97b86 for RaftStorage:Storage Directory /workdir/hadoop-ozone/integration-test/target/test-dir/MiniOzoneClusterImpl-aaa18aea-9a54-4266-ac8a-f3420196151d/datanode-6/data/ratis/4695bb72-8398-43c6-ac9f-9179dbb97b86
2019-08-31 22:29:32,047 [pool-179-thread-1] INFO  server.RaftServerConfigKeys (ConfUtils.java:logGet(43)) - raft.server.log.queue.byte-limit = 2147483647 (custom)
2019-08-31 22:29:32,047 [pool-179-thread-1] INFO  server.RaftServerConfigKeys (ConfUtils.java:logGet(43)) - raft.server.log.queue.element-limit = 1024 (custom)
2019-08-31 22:29:32,047 [pool-179-thread-1] INFO  server.RaftServerConfigKeys (ConfUtils.java:logGet(43)) - raft.server.log.segment.size.max = 1048576 (custom)
2019-08-31 22:29:32,047 [pool-179-thread-1] INFO  server.RaftServerConfigKeys (ConfUtils.java:logGet(43)) - raft.server.log.preallocated.size = 16384 (custom)
2019-08-31 22:29:32,047 [pool-179-thread-1] INFO  server.RaftServerConfigKeys (ConfUtils.java:logGet(43)) - raft.server.log.write.buffer.size = 33554432 (custom)
2019-08-31 22:29:32,047 [pool-179-thread-1] INFO  server.RaftServerConfigKeys (ConfUtils.java:logGet(43)) - raft.server.log.force.sync.num = 128 (default)
2019-08-31 22:29:32,048 [pool-179-thread-1] INFO  server.RaftServerConfigKeys (ConfUtils.java:logGet(43)) - raft.server.log.statemachine.data.sync = true (default)
2019-08-31 22:29:32,048 [pool-179-thread-1] INFO  server.RaftServerConfigKeys (ConfUtils.java:logGet(43)) - raft.server.log.statemachine.data.sync.timeout = 10s (default)
2019-08-31 22:29:32,048 [pool-179-thread-1] INFO  server.RaftServerConfigKeys (ConfUtils.java:logGet(43)) - raft.server.log.statemachine.data.sync.timeout.retry = -1 (default)
2019-08-31 22:29:32,048 [pool-179-thread-1] INFO  server.RaftServerConfigKeys (ConfUtils.java:logGet(43)) - raft.server.log.statemachine.data.caching.enabled = true (custom)
2019-08-31 22:29:32,049 [pool-179-thread-1] INFO  segmented.SegmentedRaftLogWorker (SegmentedRaftLogWorker.java:lambda$new$0(132)) - 4a257c07-4fcc-43d2-8a6e-26fe808bf4d2-SegmentedRaftLogWorker:Storage Directory /workdir/hadoop-ozone/integration-test/target/test-dir/MiniOzoneClusterImpl-aaa18aea-9a54-4266-ac8a-f3420196151d/datanode-6/data/ratis/4695bb72-8398-43c6-ac9f-9179dbb97b86: flushIndex: setUnconditionally 0 -> -1
2019-08-31 22:29:32,049 [pool-179-thread-1] INFO  server.RaftServerConfigKeys (ConfUtils.java:logGet(43)) - raft.server.snapshot.auto.trigger.enabled = true (custom)
2019-08-31 22:29:32,049 [pool-179-thread-1] INFO  server.RaftServerConfigKeys (ConfUtils.java:logGet(43)) - raft.server.snapshot.auto.trigger.threshold = 10000 (custom)
2019-08-31 22:29:32,049 [pool-179-thread-1] INFO  server.RaftServerConfigKeys (ConfUtils.java:logGet(43)) - raft.server.retrycache.expirytime = 600000ms (custom)
2019-08-31 22:29:32,050 [pool-179-thread-1] INFO  impl.RaftServerImpl (RaftServerImpl.java:start(180)) - 4a257c07-4fcc-43d2-8a6e-26fe808bf4d2: start group-9179DBB97B86
2019-08-31 22:29:32,050 [pool-179-thread-1] INFO  impl.RaftServerImpl (RaftServerImpl.java:setRole(171)) - 4a257c07-4fcc-43d2-8a6e-26fe808bf4d2:group-9179DBB97B86 changes role from null to FOLLOWER at term 0 for startAsFollower
2019-08-31 22:29:32,050 [pool-179-thread-1] INFO  impl.RoleInfo (RoleInfo.java:updateAndGet(143)) - 4a257c07-4fcc-43d2-8a6e-26fe808bf4d2: start FollowerState
2019-08-31 22:29:32,051 [pool-179-thread-1] INFO  util.JmxRegister (JmxRegister.java:tryRegister(44)) - Successfully registered JMX Bean with object name Ratis:service=RaftServer,group=group-9179DBB97B86,id=4a257c07-4fcc-43d2-8a6e-26fe808bf4d2
2019-08-31 22:29:32,054 [RatisPipelineUtilsThread] INFO  pipeline.PipelineStateManager (PipelineStateManager.java:addPipeline(56)) - Created pipeline Pipeline[ Id: 4695bb72-8398-43c6-ac9f-9179dbb97b86, Nodes: 4a257c07-4fcc-43d2-8a6e-26fe808bf4d2{ip: 192.168.34.42, host: pr-hdds-2060-5kx6h-1518693133, networkLocation: /default-rack, certSerialId: null}, Type:RATIS, Factor:ONE, State:OPEN]
2019-08-31 22:29:32,076 | INFO  | SCMAudit | user=jenkins1000 | ip=192.168.34.42 | op=SEND_HEARTBEAT {datanodeUUID=78f9d08d-f53f-40cf-9f90-7f7c9603a942, command=[]} | ret=SUCCESS |  
2019-08-31 22:29:32,195 | INFO  | SCMAudit | user=jenkins1000 | ip=192.168.34.42 | op=SEND_HEARTBEAT {datanodeUUID=be9ed4ca-dce9-4f3d-9c6d-abd66b1838f6, command=[]} | ret=SUCCESS |  
2019-08-31 22:29:32,214 | INFO  | SCMAudit | user=jenkins1000 | ip=192.168.34.42 | op=SEND_HEARTBEAT {datanodeUUID=2c0e17a6-6c2f-4502-821a-909817d7c69c, command=[]} | ret=SUCCESS |  
2019-08-31 22:29:32,220 | INFO  | SCMAudit | user=jenkins1000 | ip=192.168.34.42 | op=SEND_HEARTBEAT {datanodeUUID=094b17da-7f12-43e6-b453-785c127a2e77, command=[]} | ret=SUCCESS |  
2019-08-31 22:29:32,221 | INFO  | SCMAudit | user=jenkins1000 | ip=192.168.34.42 | op=SEND_HEARTBEAT {datanodeUUID=4f048490-ee80-4dd1-86ce-d63d571007b5, command=[]} | ret=SUCCESS |  
2019-08-31 22:29:32,320 | INFO  | SCMAudit | user=jenkins1000 | ip=192.168.34.42 | op=SEND_HEARTBEAT {datanodeUUID=131506aa-e8d4-495f-9e31-6caa17857e33, command=[]} | ret=SUCCESS |  
2019-08-31 22:29:32,412 | INFO  | SCMAudit | user=jenkins1000 | ip=192.168.34.42 | op=SEND_HEARTBEAT {datanodeUUID=4a257c07-4fcc-43d2-8a6e-26fe808bf4d2, command=[]} | ret=SUCCESS |  
2019-08-31 22:29:33,077 | INFO  | SCMAudit | user=jenkins1000 | ip=192.168.34.42 | op=SEND_HEARTBEAT {datanodeUUID=78f9d08d-f53f-40cf-9f90-7f7c9603a942, command=[]} | ret=SUCCESS |  
2019-08-31 22:29:33,195 | INFO  | SCMAudit | user=jenkins1000 | ip=192.168.34.42 | op=SEND_HEARTBEAT {datanodeUUID=be9ed4ca-dce9-4f3d-9c6d-abd66b1838f6, command=[]} | ret=SUCCESS |  
2019-08-31 22:29:33,214 | INFO  | SCMAudit | user=jenkins1000 | ip=192.168.34.42 | op=SEND_HEARTBEAT {datanodeUUID=2c0e17a6-6c2f-4502-821a-909817d7c69c, command=[]} | ret=SUCCESS |  
2019-08-31 22:29:33,220 | INFO  | SCMAudit | user=jenkins1000 | ip=192.168.34.42 | op=SEND_HEARTBEAT {datanodeUUID=094b17da-7f12-43e6-b453-785c127a2e77, command=[]} | ret=SUCCESS |  
2019-08-31 22:29:33,221 | INFO  | SCMAudit | user=jenkins1000 | ip=192.168.34.42 | op=SEND_HEARTBEAT {datanodeUUID=4f048490-ee80-4dd1-86ce-d63d571007b5, command=[]} | ret=SUCCESS |  
2019-08-31 22:29:33,320 | INFO  | SCMAudit | user=jenkins1000 | ip=192.168.34.42 | op=SEND_HEARTBEAT {datanodeUUID=131506aa-e8d4-495f-9e31-6caa17857e33, command=[]} | ret=SUCCESS |  
2019-08-31 22:29:33,413 | INFO  | SCMAudit | user=jenkins1000 | ip=192.168.34.42 | op=SEND_HEARTBEAT {datanodeUUID=4a257c07-4fcc-43d2-8a6e-26fe808bf4d2, command=[]} | ret=SUCCESS |  
2019-08-31 22:29:34,078 | INFO  | SCMAudit | user=jenkins1000 | ip=192.168.34.42 | op=SEND_HEARTBEAT {datanodeUUID=78f9d08d-f53f-40cf-9f90-7f7c9603a942, command=[]} | ret=SUCCESS |  
2019-08-31 22:29:34,195 | INFO  | SCMAudit | user=jenkins1000 | ip=192.168.34.42 | op=SEND_HEARTBEAT {datanodeUUID=be9ed4ca-dce9-4f3d-9c6d-abd66b1838f6, command=[]} | ret=SUCCESS |  
2019-08-31 22:29:34,215 | INFO  | SCMAudit | user=jenkins1000 | ip=192.168.34.42 | op=SEND_HEARTBEAT {datanodeUUID=2c0e17a6-6c2f-4502-821a-909817d7c69c, command=[]} | ret=SUCCESS |  
2019-08-31 22:29:34,221 | INFO  | SCMAudit | user=jenkins1000 | ip=192.168.34.42 | op=SEND_HEARTBEAT {datanodeUUID=094b17da-7f12-43e6-b453-785c127a2e77, command=[]} | ret=SUCCESS |  
2019-08-31 22:29:34,221 | INFO  | SCMAudit | user=jenkins1000 | ip=192.168.34.42 | op=SEND_HEARTBEAT {datanodeUUID=4f048490-ee80-4dd1-86ce-d63d571007b5, command=[]} | ret=SUCCESS |  
2019-08-31 22:29:34,319 | INFO  | SCMAudit | user=jenkins1000 | ip=192.168.34.42 | op=SEND_HEARTBEAT {datanodeUUID=131506aa-e8d4-495f-9e31-6caa17857e33, command=[]} | ret=SUCCESS |  
2019-08-31 22:29:34,413 | INFO  | SCMAudit | user=jenkins1000 | ip=192.168.34.42 | op=SEND_HEARTBEAT {datanodeUUID=4a257c07-4fcc-43d2-8a6e-26fe808bf4d2, command=[]} | ret=SUCCESS |  
2019-08-31 22:29:34,526 [grpc-default-executor-4] INFO  client.GrpcClientProtocolClient (GrpcClientProtocolClient.java:onNext(255)) - client-13F9D6D6E6E8->4f048490-ee80-4dd1-86ce-d63d571007b5: receive RaftClientReply:client-13F9D6D6E6E8->4f048490-ee80-4dd1-86ce-d63d571007b5@group-91658440A578, cid=44, FAILED org.apache.ratis.protocol.NotLeaderException: Server 4f048490-ee80-4dd1-86ce-d63d571007b5 is not the leader (be9ed4ca-dce9-4f3d-9c6d-abd66b1838f6:192.168.34.42:36394). Request must be sent to leader., logIndex=0, commits[4f048490-ee80-4dd1-86ce-d63d571007b5:c8, be9ed4ca-dce9-4f3d-9c6d-abd66b1838f6:c8, 094b17da-7f12-43e6-b453-785c127a2e77:c8]
2019-08-31 22:29:35,078 | INFO  | SCMAudit | user=jenkins1000 | ip=192.168.34.42 | op=SEND_HEARTBEAT {datanodeUUID=78f9d08d-f53f-40cf-9f90-7f7c9603a942, command=[]} | ret=SUCCESS |  
2019-08-31 22:29:35,194 | INFO  | SCMAudit | user=jenkins1000 | ip=192.168.34.42 | op=SEND_HEARTBEAT {datanodeUUID=be9ed4ca-dce9-4f3d-9c6d-abd66b1838f6, command=[]} | ret=SUCCESS |  
2019-08-31 22:29:35,216 | INFO  | SCMAudit | user=jenkins1000 | ip=192.168.34.42 | op=SEND_HEARTBEAT {datanodeUUID=2c0e17a6-6c2f-4502-821a-909817d7c69c, command=[]} | ret=SUCCESS |  
2019-08-31 22:29:35,221 | INFO  | SCMAudit | user=jenkins1000 | ip=192.168.34.42 | op=SEND_HEARTBEAT {datanodeUUID=094b17da-7f12-43e6-b453-785c127a2e77, command=[]} | ret=SUCCESS |  
2019-08-31 22:29:35,221 | INFO  | SCMAudit | user=jenkins1000 | ip=192.168.34.42 | op=SEND_HEARTBEAT {datanodeUUID=4f048490-ee80-4dd1-86ce-d63d571007b5, command=[]} | ret=SUCCESS |  
2019-08-31 22:29:35,319 | INFO  | SCMAudit | user=jenkins1000 | ip=192.168.34.42 | op=SEND_HEARTBEAT {datanodeUUID=131506aa-e8d4-495f-9e31-6caa17857e33, command=[]} | ret=SUCCESS |  
2019-08-31 22:29:35,413 | INFO  | SCMAudit | user=jenkins1000 | ip=192.168.34.42 | op=SEND_HEARTBEAT {datanodeUUID=4a257c07-4fcc-43d2-8a6e-26fe808bf4d2, command=[]} | ret=SUCCESS |  
2019-08-31 22:29:36,078 | INFO  | SCMAudit | user=jenkins1000 | ip=192.168.34.42 | op=SEND_HEARTBEAT {datanodeUUID=78f9d08d-f53f-40cf-9f90-7f7c9603a942, command=[]} | ret=SUCCESS |  
2019-08-31 22:29:36,194 | INFO  | SCMAudit | user=jenkins1000 | ip=192.168.34.42 | op=SEND_HEARTBEAT {datanodeUUID=be9ed4ca-dce9-4f3d-9c6d-abd66b1838f6, command=[]} | ret=SUCCESS |  
2019-08-31 22:29:36,215 | INFO  | SCMAudit | user=jenkins1000 | ip=192.168.34.42 | op=SEND_HEARTBEAT {datanodeUUID=2c0e17a6-6c2f-4502-821a-909817d7c69c, command=[]} | ret=SUCCESS |  
2019-08-31 22:29:36,221 | INFO  | SCMAudit | user=jenkins1000 | ip=192.168.34.42 | op=SEND_HEARTBEAT {datanodeUUID=094b17da-7f12-43e6-b453-785c127a2e77, command=[]} | ret=SUCCESS |  
2019-08-31 22:29:36,221 | INFO  | SCMAudit | user=jenkins1000 | ip=192.168.34.42 | op=SEND_HEARTBEAT {datanodeUUID=4f048490-ee80-4dd1-86ce-d63d571007b5, command=[]} | ret=SUCCESS |  
2019-08-31 22:29:36,319 | INFO  | SCMAudit | user=jenkins1000 | ip=192.168.34.42 | op=SEND_HEARTBEAT {datanodeUUID=131506aa-e8d4-495f-9e31-6caa17857e33, command=[]} | ret=SUCCESS |  
2019-08-31 22:29:36,413 | INFO  | SCMAudit | user=jenkins1000 | ip=192.168.34.42 | op=SEND_HEARTBEAT {datanodeUUID=4a257c07-4fcc-43d2-8a6e-26fe808bf4d2, command=[]} | ret=SUCCESS |  
2019-08-31 22:29:37,079 | INFO  | SCMAudit | user=jenkins1000 | ip=192.168.34.42 | op=SEND_HEARTBEAT {datanodeUUID=78f9d08d-f53f-40cf-9f90-7f7c9603a942, command=[]} | ret=SUCCESS |  
2019-08-31 22:29:37,127 [Thread-1207] INFO  impl.FollowerState (FollowerState.java:run(106)) - 4a257c07-4fcc-43d2-8a6e-26fe808bf4d2:group-9179DBB97B86 changes to CANDIDATE, lastRpcTime:5076, electionTimeout:5076ms
2019-08-31 22:29:37,127 [Thread-1207] INFO  impl.RoleInfo (RoleInfo.java:shutdownFollowerState(121)) - 4a257c07-4fcc-43d2-8a6e-26fe808bf4d2: shutdown FollowerState
2019-08-31 22:29:37,127 [Thread-1207] INFO  impl.RaftServerImpl (RaftServerImpl.java:setRole(171)) - 4a257c07-4fcc-43d2-8a6e-26fe808bf4d2:group-9179DBB97B86 changes role from FOLLOWER to CANDIDATE at term 0 for changeToCandidate
2019-08-31 22:29:37,127 [Thread-1207] INFO  impl.RoleInfo (RoleInfo.java:updateAndGet(143)) - 4a257c07-4fcc-43d2-8a6e-26fe808bf4d2: start LeaderElection
2019-08-31 22:29:37,149 [4a257c07-4fcc-43d2-8a6e-26fe808bf4d2:group-9179DBB97B86:LeaderElection28] INFO  impl.LeaderElection (LeaderElection.java:askForVotes(181)) - 4a257c07-4fcc-43d2-8a6e-26fe808bf4d2:group-9179DBB97B86:LeaderElection28: begin an election at term 1 for -1: [4a257c07-4fcc-43d2-8a6e-26fe808bf4d2:192.168.34.42:42364], old=null
2019-08-31 22:29:37,149 [4a257c07-4fcc-43d2-8a6e-26fe808bf4d2:group-9179DBB97B86:LeaderElection28] INFO  impl.RoleInfo (RoleInfo.java:shutdownLeaderElection(134)) - 4a257c07-4fcc-43d2-8a6e-26fe808bf4d2: shutdown LeaderElection
2019-08-31 22:29:37,149 [4a257c07-4fcc-43d2-8a6e-26fe808bf4d2:group-9179DBB97B86:LeaderElection28] INFO  impl.RaftServerImpl (RaftServerImpl.java:setRole(171)) - 4a257c07-4fcc-43d2-8a6e-26fe808bf4d2:group-9179DBB97B86 changes role from CANDIDATE to LEADER at term 1 for changeToLeader
2019-08-31 22:29:37,149 [4a257c07-4fcc-43d2-8a6e-26fe808bf4d2:group-9179DBB97B86:LeaderElection28] INFO  impl.RaftServerImpl (ServerState.java:setLeader(263)) - 4a257c07-4fcc-43d2-8a6e-26fe808bf4d2:group-9179DBB97B86 change Leader from null to 4a257c07-4fcc-43d2-8a6e-26fe808bf4d2 at term 1 for becomeLeader, leader elected after 5103ms
2019-08-31 22:29:37,151 [4a257c07-4fcc-43d2-8a6e-26fe808bf4d2:group-9179DBB97B86:LeaderElection28] INFO  server.RaftServerConfigKeys (ConfUtils.java:logGet(43)) - raft.server.staging.catchup.gap = 1000 (default)
2019-08-31 22:29:37,151 [4a257c07-4fcc-43d2-8a6e-26fe808bf4d2:group-9179DBB97B86:LeaderElection28] INFO  server.RaftServerConfigKeys (ConfUtils.java:logGet(43)) - raft.server.rpc.sleep.time = 25ms (default)
2019-08-31 22:29:37,152 [4a257c07-4fcc-43d2-8a6e-26fe808bf4d2:group-9179DBB97B86:LeaderElection28] INFO  server.RaftServerConfigKeys (ConfUtils.java:logGet(43)) - raft.server.write.element-limit = 4096 (default)
2019-08-31 22:29:37,152 [4a257c07-4fcc-43d2-8a6e-26fe808bf4d2:group-9179DBB97B86:LeaderElection28] INFO  server.RaftServerConfigKeys (ConfUtils.java:logGet(43)) - raft.server.watch.timeout = 10s (default)
2019-08-31 22:29:37,152 [4a257c07-4fcc-43d2-8a6e-26fe808bf4d2:group-9179DBB97B86:LeaderElection28] INFO  server.RaftServerConfigKeys (ConfUtils.java:logGet(43)) - raft.server.watch.timeout.denomination = 1s (default)
2019-08-31 22:29:37,152 [4a257c07-4fcc-43d2-8a6e-26fe808bf4d2:group-9179DBB97B86:LeaderElection28] INFO  server.RaftServerConfigKeys (ConfUtils.java:logGet(43)) - raft.server.watch.element-limit = 65536 (default)
2019-08-31 22:29:37,152 [4a257c07-4fcc-43d2-8a6e-26fe808bf4d2:group-9179DBB97B86:LeaderElection28] INFO  impl.RoleInfo (RoleInfo.java:updateAndGet(143)) - 4a257c07-4fcc-43d2-8a6e-26fe808bf4d2: start LeaderState
2019-08-31 22:29:37,153 [4a257c07-4fcc-43d2-8a6e-26fe808bf4d2:group-9179DBB97B86:LeaderElection28] INFO  segmented.SegmentedRaftLogWorker (SegmentedRaftLogWorker.java:startLogSegment(380)) - 4a257c07-4fcc-43d2-8a6e-26fe808bf4d2-SegmentedRaftLogWorker:Storage Directory /workdir/hadoop-ozone/integration-test/target/test-dir/MiniOzoneClusterImpl-aaa18aea-9a54-4266-ac8a-f3420196151d/datanode-6/data/ratis/4695bb72-8398-43c6-ac9f-9179dbb97b86: Starting segment from index:0
2019-08-31 22:29:37,153 [4a257c07-4fcc-43d2-8a6e-26fe808bf4d2:group-9179DBB97B86:LeaderElection28] INFO  impl.RaftServerImpl (ServerState.java:setRaftConf(361)) - 4a257c07-4fcc-43d2-8a6e-26fe808bf4d2:group-9179DBB97B86 set configuration 0: [4a257c07-4fcc-43d2-8a6e-26fe808bf4d2:192.168.34.42:42364], old=null at 0
2019-08-31 22:29:37,195 | INFO  | SCMAudit | user=jenkins1000 | ip=192.168.34.42 | op=SEND_HEARTBEAT {datanodeUUID=be9ed4ca-dce9-4f3d-9c6d-abd66b1838f6, command=[]} | ret=SUCCESS |  
2019-08-31 22:29:37,198 [4a257c07-4fcc-43d2-8a6e-26fe808bf4d2-SegmentedRaftLogWorker:Storage Directory /workdir/hadoop-ozone/integration-test/target/test-dir/MiniOzoneClusterImpl-aaa18aea-9a54-4266-ac8a-f3420196151d/datanode-6/data/ratis/4695bb72-8398-43c6-ac9f-9179dbb97b86] INFO  segmented.SegmentedRaftLogWorker (SegmentedRaftLogWorker.java:execute(569)) - 4a257c07-4fcc-43d2-8a6e-26fe808bf4d2-SegmentedRaftLogWorker:Storage Directory /workdir/hadoop-ozone/integration-test/target/test-dir/MiniOzoneClusterImpl-aaa18aea-9a54-4266-ac8a-f3420196151d/datanode-6/data/ratis/4695bb72-8398-43c6-ac9f-9179dbb97b86: created new log segment /workdir/hadoop-ozone/integration-test/target/test-dir/MiniOzoneClusterImpl-aaa18aea-9a54-4266-ac8a-f3420196151d/datanode-6/data/ratis/4695bb72-8398-43c6-ac9f-9179dbb97b86/current/log_inprogress_0
2019-08-31 22:29:37,216 | INFO  | SCMAudit | user=jenkins1000 | ip=192.168.34.42 | op=SEND_HEARTBEAT {datanodeUUID=2c0e17a6-6c2f-4502-821a-909817d7c69c, command=[]} | ret=SUCCESS |  
2019-08-31 22:29:37,221 | INFO  | SCMAudit | user=jenkins1000 | ip=192.168.34.42 | op=SEND_HEARTBEAT {datanodeUUID=094b17da-7f12-43e6-b453-785c127a2e77, command=[]} | ret=SUCCESS |  
2019-08-31 22:29:37,221 | INFO  | SCMAudit | user=jenkins1000 | ip=192.168.34.42 | op=SEND_HEARTBEAT {datanodeUUID=4f048490-ee80-4dd1-86ce-d63d571007b5, command=[]} | ret=SUCCESS |  
2019-08-31 22:29:37,319 | INFO  | SCMAudit | user=jenkins1000 | ip=192.168.34.42 | op=SEND_HEARTBEAT {datanodeUUID=131506aa-e8d4-495f-9e31-6caa17857e33, command=[]} | ret=SUCCESS |  
2019-08-31 22:29:37,413 | INFO  | SCMAudit | user=jenkins1000 | ip=192.168.34.42 | op=SEND_HEARTBEAT {datanodeUUID=4a257c07-4fcc-43d2-8a6e-26fe808bf4d2, command=[]} | ret=SUCCESS |  
2019-08-31 22:29:38,078 | INFO  | SCMAudit | user=jenkins1000 | ip=192.168.34.42 | op=SEND_HEARTBEAT {datanodeUUID=78f9d08d-f53f-40cf-9f90-7f7c9603a942, command=[]} | ret=SUCCESS |  
2019-08-31 22:29:38,195 | INFO  | SCMAudit | user=jenkins1000 | ip=192.168.34.42 | op=SEND_HEARTBEAT {datanodeUUID=be9ed4ca-dce9-4f3d-9c6d-abd66b1838f6, command=[]} | ret=SUCCESS |  
2019-08-31 22:29:38,216 | INFO  | SCMAudit | user=jenkins1000 | ip=192.168.34.42 | op=SEND_HEARTBEAT {datanodeUUID=2c0e17a6-6c2f-4502-821a-909817d7c69c, command=[]} | ret=SUCCESS |  
2019-08-31 22:29:38,221 | INFO  | SCMAudit | user=jenkins1000 | ip=192.168.34.42 | op=SEND_HEARTBEAT {datanodeUUID=094b17da-7f12-43e6-b453-785c127a2e77, command=[]} | ret=SUCCESS |  
2019-08-31 22:29:38,221 | INFO  | SCMAudit | user=jenkins1000 | ip=192.168.34.42 | op=SEND_HEARTBEAT {datanodeUUID=4f048490-ee80-4dd1-86ce-d63d571007b5, command=[]} | ret=SUCCESS |  
2019-08-31 22:29:38,319 | INFO  | SCMAudit | user=jenkins1000 | ip=192.168.34.42 | op=SEND_HEARTBEAT {datanodeUUID=131506aa-e8d4-495f-9e31-6caa17857e33, command=[]} | ret=SUCCESS |  
2019-08-31 22:29:38,414 | INFO  | SCMAudit | user=jenkins1000 | ip=192.168.34.42 | op=SEND_HEARTBEAT {datanodeUUID=4a257c07-4fcc-43d2-8a6e-26fe808bf4d2, command=[]} | ret=SUCCESS |  
2019-08-31 22:29:39,079 | INFO  | SCMAudit | user=jenkins1000 | ip=192.168.34.42 | op=SEND_HEARTBEAT {datanodeUUID=78f9d08d-f53f-40cf-9f90-7f7c9603a942, command=[]} | ret=SUCCESS |  
2019-08-31 22:29:39,195 | INFO  | SCMAudit | user=jenkins1000 | ip=192.168.34.42 | op=SEND_HEARTBEAT {datanodeUUID=be9ed4ca-dce9-4f3d-9c6d-abd66b1838f6, command=[]} | ret=SUCCESS |  
2019-08-31 22:29:39,216 | INFO  | SCMAudit | user=jenkins1000 | ip=192.168.34.42 | op=SEND_HEARTBEAT {datanodeUUID=2c0e17a6-6c2f-4502-821a-909817d7c69c, command=[]} | ret=SUCCESS |  
2019-08-31 22:29:39,221 | INFO  | SCMAudit | user=jenkins1000 | ip=192.168.34.42 | op=SEND_HEARTBEAT {datanodeUUID=094b17da-7f12-43e6-b453-785c127a2e77, command=[]} | ret=SUCCESS |  
2019-08-31 22:29:39,221 | INFO  | SCMAudit | user=jenkins1000 | ip=192.168.34.42 | op=SEND_HEARTBEAT {datanodeUUID=4f048490-ee80-4dd1-86ce-d63d571007b5, command=[]} | ret=SUCCESS |  
2019-08-31 22:29:39,319 | INFO  | SCMAudit | user=jenkins1000 | ip=192.168.34.42 | op=SEND_HEARTBEAT {datanodeUUID=131506aa-e8d4-495f-9e31-6caa17857e33, command=[]} | ret=SUCCESS |  
2019-08-31 22:29:39,414 | INFO  | SCMAudit | user=jenkins1000 | ip=192.168.34.42 | op=SEND_HEARTBEAT {datanodeUUID=4a257c07-4fcc-43d2-8a6e-26fe808bf4d2, command=[]} | ret=SUCCESS |  
2019-08-31 22:29:39,567 [grpc-default-executor-4] INFO  client.GrpcClientProtocolClient (GrpcClientProtocolClient.java:onNext(255)) - client-13F9D6D6E6E8->4f048490-ee80-4dd1-86ce-d63d571007b5: receive RaftClientReply:client-13F9D6D6E6E8->4f048490-ee80-4dd1-86ce-d63d571007b5@group-91658440A578, cid=44, FAILED org.apache.ratis.protocol.NotLeaderException: Server 4f048490-ee80-4dd1-86ce-d63d571007b5 is not the leader (be9ed4ca-dce9-4f3d-9c6d-abd66b1838f6:192.168.34.42:36394). Request must be sent to leader., logIndex=0, commits[4f048490-ee80-4dd1-86ce-d63d571007b5:c8, be9ed4ca-dce9-4f3d-9c6d-abd66b1838f6:c8, 094b17da-7f12-43e6-b453-785c127a2e77:c8]
2019-08-31 22:29:40,080 | INFO  | SCMAudit | user=jenkins1000 | ip=192.168.34.42 | op=SEND_HEARTBEAT {datanodeUUID=78f9d08d-f53f-40cf-9f90-7f7c9603a942, command=[]} | ret=SUCCESS |  
2019-08-31 22:29:40,196 | INFO  | SCMAudit | user=jenkins1000 | ip=192.168.34.42 | op=SEND_HEARTBEAT {datanodeUUID=be9ed4ca-dce9-4f3d-9c6d-abd66b1838f6, command=[]} | ret=SUCCESS |  
2019-08-31 22:29:40,215 | INFO  | SCMAudit | user=jenkins1000 | ip=192.168.34.42 | op=SEND_HEARTBEAT {datanodeUUID=2c0e17a6-6c2f-4502-821a-909817d7c69c, command=[]} | ret=SUCCESS |  
2019-08-31 22:29:40,221 | INFO  | SCMAudit | user=jenkins1000 | ip=192.168.34.42 | op=SEND_HEARTBEAT {datanodeUUID=094b17da-7f12-43e6-b453-785c127a2e77, command=[]} | ret=SUCCESS |  
2019-08-31 22:29:40,221 | INFO  | SCMAudit | user=jenkins1000 | ip=192.168.34.42 | op=SEND_HEARTBEAT {datanodeUUID=4f048490-ee80-4dd1-86ce-d63d571007b5, command=[]} | ret=SUCCESS |  
2019-08-31 22:29:40,319 | INFO  | SCMAudit | user=jenkins1000 | ip=192.168.34.42 | op=SEND_HEARTBEAT {datanodeUUID=131506aa-e8d4-495f-9e31-6caa17857e33, command=[]} | ret=SUCCESS |  
2019-08-31 22:29:40,413 | INFO  | SCMAudit | user=jenkins1000 | ip=192.168.34.42 | op=SEND_HEARTBEAT {datanodeUUID=4a257c07-4fcc-43d2-8a6e-26fe808bf4d2, command=[]} | ret=SUCCESS |  
2019-08-31 22:29:41,079 | INFO  | SCMAudit | user=jenkins1000 | ip=192.168.34.42 | op=SEND_HEARTBEAT {datanodeUUID=78f9d08d-f53f-40cf-9f90-7f7c9603a942, command=[]} | ret=SUCCESS |  
2019-08-31 22:29:41,196 | INFO  | SCMAudit | user=jenkins1000 | ip=192.168.34.42 | op=SEND_HEARTBEAT {datanodeUUID=be9ed4ca-dce9-4f3d-9c6d-abd66b1838f6, command=[]} | ret=SUCCESS |  
2019-08-31 22:29:41,215 | INFO  | SCMAudit | user=jenkins1000 | ip=192.168.34.42 | op=SEND_HEARTBEAT {datanodeUUID=2c0e17a6-6c2f-4502-821a-909817d7c69c, command=[]} | ret=SUCCESS |  
2019-08-31 22:29:41,221 | INFO  | SCMAudit | user=jenkins1000 | ip=192.168.34.42 | op=SEND_HEARTBEAT {datanodeUUID=094b17da-7f12-43e6-b453-785c127a2e77, command=[]} | ret=SUCCESS |  
2019-08-31 22:29:41,221 | INFO  | SCMAudit | user=jenkins1000 | ip=192.168.34.42 | op=SEND_HEARTBEAT {datanodeUUID=4f048490-ee80-4dd1-86ce-d63d571007b5, command=[]} | ret=SUCCESS |  
2019-08-31 22:29:41,319 | INFO  | SCMAudit | user=jenkins1000 | ip=192.168.34.42 | op=SEND_HEARTBEAT {datanodeUUID=131506aa-e8d4-495f-9e31-6caa17857e33, command=[]} | ret=SUCCESS |  
2019-08-31 22:29:41,413 | INFO  | SCMAudit | user=jenkins1000 | ip=192.168.34.42 | op=SEND_HEARTBEAT {datanodeUUID=4a257c07-4fcc-43d2-8a6e-26fe808bf4d2, command=[]} | ret=SUCCESS |  
2019-08-31 22:29:42,080 | INFO  | SCMAudit | user=jenkins1000 | ip=192.168.34.42 | op=SEND_HEARTBEAT {datanodeUUID=78f9d08d-f53f-40cf-9f90-7f7c9603a942, command=[]} | ret=SUCCESS |  
2019-08-31 22:29:42,195 | INFO  | SCMAudit | user=jenkins1000 | ip=192.168.34.42 | op=SEND_HEARTBEAT {datanodeUUID=be9ed4ca-dce9-4f3d-9c6d-abd66b1838f6, command=[]} | ret=SUCCESS |  
2019-08-31 22:29:42,215 | INFO  | SCMAudit | user=jenkins1000 | ip=192.168.34.42 | op=SEND_HEARTBEAT {datanodeUUID=2c0e17a6-6c2f-4502-821a-909817d7c69c, command=[]} | ret=SUCCESS |  
2019-08-31 22:29:42,221 | INFO  | SCMAudit | user=jenkins1000 | ip=192.168.34.42 | op=SEND_HEARTBEAT {datanodeUUID=094b17da-7f12-43e6-b453-785c127a2e77, command=[]} | ret=SUCCESS |  
2019-08-31 22:29:42,221 | INFO  | SCMAudit | user=jenkins1000 | ip=192.168.34.42 | op=SEND_HEARTBEAT {datanodeUUID=4f048490-ee80-4dd1-86ce-d63d571007b5, command=[]} | ret=SUCCESS |  
2019-08-31 22:29:42,320 | INFO  | SCMAudit | user=jenkins1000 | ip=192.168.34.42 | op=SEND_HEARTBEAT {datanodeUUID=131506aa-e8d4-495f-9e31-6caa17857e33, command=[]} | ret=SUCCESS |  
2019-08-31 22:29:42,413 | INFO  | SCMAudit | user=jenkins1000 | ip=192.168.34.42 | op=SEND_HEARTBEAT {datanodeUUID=4a257c07-4fcc-43d2-8a6e-26fe808bf4d2, command=[]} | ret=SUCCESS |  
2019-08-31 22:29:43,080 | INFO  | SCMAudit | user=jenkins1000 | ip=192.168.34.42 | op=SEND_HEARTBEAT {datanodeUUID=78f9d08d-f53f-40cf-9f90-7f7c9603a942, command=[]} | ret=SUCCESS |  
2019-08-31 22:29:43,195 | INFO  | SCMAudit | user=jenkins1000 | ip=192.168.34.42 | op=SEND_HEARTBEAT {datanodeUUID=be9ed4ca-dce9-4f3d-9c6d-abd66b1838f6, command=[]} | ret=SUCCESS |  
2019-08-31 22:29:43,215 | INFO  | SCMAudit | user=jenkins1000 | ip=192.168.34.42 | op=SEND_HEARTBEAT {datanodeUUID=2c0e17a6-6c2f-4502-821a-909817d7c69c, command=[]} | ret=SUCCESS |  
2019-08-31 22:29:43,221 | INFO  | SCMAudit | user=jenkins1000 | ip=192.168.34.42 | op=SEND_HEARTBEAT {datanodeUUID=094b17da-7f12-43e6-b453-785c127a2e77, command=[]} | ret=SUCCESS |  
2019-08-31 22:29:43,221 | INFO  | SCMAudit | user=jenkins1000 | ip=192.168.34.42 | op=SEND_HEARTBEAT {datanodeUUID=4f048490-ee80-4dd1-86ce-d63d571007b5, command=[]} | ret=SUCCESS |  
2019-08-31 22:29:43,320 | INFO  | SCMAudit | user=jenkins1000 | ip=192.168.34.42 | op=SEND_HEARTBEAT {datanodeUUID=131506aa-e8d4-495f-9e31-6caa17857e33, command=[]} | ret=SUCCESS |  
2019-08-31 22:29:43,414 | INFO  | SCMAudit | user=jenkins1000 | ip=192.168.34.42 | op=SEND_HEARTBEAT {datanodeUUID=4a257c07-4fcc-43d2-8a6e-26fe808bf4d2, command=[]} | ret=SUCCESS |  
2019-08-31 22:29:44,080 | INFO  | SCMAudit | user=jenkins1000 | ip=192.168.34.42 | op=SEND_HEARTBEAT {datanodeUUID=78f9d08d-f53f-40cf-9f90-7f7c9603a942, command=[]} | ret=SUCCESS |  
2019-08-31 22:29:44,196 | INFO  | SCMAudit | user=jenkins1000 | ip=192.168.34.42 | op=SEND_HEARTBEAT {datanodeUUID=be9ed4ca-dce9-4f3d-9c6d-abd66b1838f6, command=[]} | ret=SUCCESS |  
2019-08-31 22:29:44,215 | INFO  | SCMAudit | user=jenkins1000 | ip=192.168.34.42 | op=SEND_HEARTBEAT {datanodeUUID=2c0e17a6-6c2f-4502-821a-909817d7c69c, command=[]} | ret=SUCCESS |  
2019-08-31 22:29:44,221 | INFO  | SCMAudit | user=jenkins1000 | ip=192.168.34.42 | op=SEND_HEARTBEAT {datanodeUUID=4f048490-ee80-4dd1-86ce-d63d571007b5, command=[]} | ret=SUCCESS |  
2019-08-31 22:29:44,221 | INFO  | SCMAudit | user=jenkins1000 | ip=192.168.34.42 | op=SEND_HEARTBEAT {datanodeUUID=094b17da-7f12-43e6-b453-785c127a2e77, command=[]} | ret=SUCCESS |  
2019-08-31 22:29:44,320 | INFO  | SCMAudit | user=jenkins1000 | ip=192.168.34.42 | op=SEND_HEARTBEAT {datanodeUUID=131506aa-e8d4-495f-9e31-6caa17857e33, command=[]} | ret=SUCCESS |  
2019-08-31 22:29:44,414 | INFO  | SCMAudit | user=jenkins1000 | ip=192.168.34.42 | op=SEND_HEARTBEAT {datanodeUUID=4a257c07-4fcc-43d2-8a6e-26fe808bf4d2, command=[]} | ret=SUCCESS |  
2019-08-31 22:29:44,624 [grpc-default-executor-4] INFO  client.GrpcClientProtocolClient (GrpcClientProtocolClient.java:onNext(255)) - client-13F9D6D6E6E8->094b17da-7f12-43e6-b453-785c127a2e77: receive RaftClientReply:client-13F9D6D6E6E8->094b17da-7f12-43e6-b453-785c127a2e77@group-91658440A578, cid=44, FAILED org.apache.ratis.protocol.NotLeaderException: Server 094b17da-7f12-43e6-b453-785c127a2e77 is not the leader (be9ed4ca-dce9-4f3d-9c6d-abd66b1838f6:192.168.34.42:36394). Request must be sent to leader., logIndex=0, commits[094b17da-7f12-43e6-b453-785c127a2e77:c8, 4f048490-ee80-4dd1-86ce-d63d571007b5:c8, be9ed4ca-dce9-4f3d-9c6d-abd66b1838f6:c8]
2019-08-31 22:29:45,080 | INFO  | SCMAudit | user=jenkins1000 | ip=192.168.34.42 | op=SEND_HEARTBEAT {datanodeUUID=78f9d08d-f53f-40cf-9f90-7f7c9603a942, command=[]} | ret=SUCCESS |  
2019-08-31 22:29:45,196 | INFO  | SCMAudit | user=jenkins1000 | ip=192.168.34.42 | op=SEND_HEARTBEAT {datanodeUUID=be9ed4ca-dce9-4f3d-9c6d-abd66b1838f6, command=[]} | ret=SUCCESS |  
2019-08-31 22:29:45,215 | INFO  | SCMAudit | user=jenkins1000 | ip=192.168.34.42 | op=SEND_HEARTBEAT {datanodeUUID=2c0e17a6-6c2f-4502-821a-909817d7c69c, command=[]} | ret=SUCCESS |  
2019-08-31 22:29:45,221 | INFO  | SCMAudit | user=jenkins1000 | ip=192.168.34.42 | op=SEND_HEARTBEAT {datanodeUUID=4f048490-ee80-4dd1-86ce-d63d571007b5, command=[]} | ret=SUCCESS |  
2019-08-31 22:29:45,221 | INFO  | SCMAudit | user=jenkins1000 | ip=192.168.34.42 | op=SEND_HEARTBEAT {datanodeUUID=094b17da-7f12-43e6-b453-785c127a2e77, command=[]} | ret=SUCCESS |  
2019-08-31 22:29:45,320 | INFO  | SCMAudit | user=jenkins1000 | ip=192.168.34.42 | op=SEND_HEARTBEAT {datanodeUUID=131506aa-e8d4-495f-9e31-6caa17857e33, command=[]} | ret=SUCCESS |  
2019-08-31 22:29:45,414 | INFO  | SCMAudit | user=jenkins1000 | ip=192.168.34.42 | op=SEND_HEARTBEAT {datanodeUUID=4a257c07-4fcc-43d2-8a6e-26fe808bf4d2, command=[]} | ret=SUCCESS |  
2019-08-31 22:29:46,081 | INFO  | SCMAudit | user=jenkins1000 | ip=192.168.34.42 | op=SEND_HEARTBEAT {datanodeUUID=78f9d08d-f53f-40cf-9f90-7f7c9603a942, command=[]} | ret=SUCCESS |  
2019-08-31 22:29:46,197 | INFO  | SCMAudit | user=jenkins1000 | ip=192.168.34.42 | op=SEND_HEARTBEAT {datanodeUUID=be9ed4ca-dce9-4f3d-9c6d-abd66b1838f6, command=[]} | ret=SUCCESS |  
2019-08-31 22:29:46,215 | INFO  | SCMAudit | user=jenkins1000 | ip=192.168.34.42 | op=SEND_HEARTBEAT {datanodeUUID=2c0e17a6-6c2f-4502-821a-909817d7c69c, command=[]} | ret=SUCCESS |  
2019-08-31 22:29:46,221 | INFO  | SCMAudit | user=jenkins1000 | ip=192.168.34.42 | op=SEND_HEARTBEAT {datanodeUUID=4f048490-ee80-4dd1-86ce-d63d571007b5, command=[]} | ret=SUCCESS |  
2019-08-31 22:29:46,221 | INFO  | SCMAudit | user=jenkins1000 | ip=192.168.34.42 | op=SEND_HEARTBEAT {datanodeUUID=094b17da-7f12-43e6-b453-785c127a2e77, command=[]} | ret=SUCCESS |  
2019-08-31 22:29:46,320 | INFO  | SCMAudit | user=jenkins1000 | ip=192.168.34.42 | op=SEND_HEARTBEAT {datanodeUUID=131506aa-e8d4-495f-9e31-6caa17857e33, command=[]} | ret=SUCCESS |  
2019-08-31 22:29:46,414 | INFO  | SCMAudit | user=jenkins1000 | ip=192.168.34.42 | op=SEND_HEARTBEAT {datanodeUUID=4a257c07-4fcc-43d2-8a6e-26fe808bf4d2, command=[]} | ret=SUCCESS |  
2019-08-31 22:29:47,081 | INFO  | SCMAudit | user=jenkins1000 | ip=192.168.34.42 | op=SEND_HEARTBEAT {datanodeUUID=78f9d08d-f53f-40cf-9f90-7f7c9603a942, command=[]} | ret=SUCCESS |  
2019-08-31 22:29:47,196 | INFO  | SCMAudit | user=jenkins1000 | ip=192.168.34.42 | op=SEND_HEARTBEAT {datanodeUUID=be9ed4ca-dce9-4f3d-9c6d-abd66b1838f6, command=[]} | ret=SUCCESS |  
2019-08-31 22:29:47,215 | INFO  | SCMAudit | user=jenkins1000 | ip=192.168.34.42 | op=SEND_HEARTBEAT {datanodeUUID=2c0e17a6-6c2f-4502-821a-909817d7c69c, command=[]} | ret=SUCCESS |  
2019-08-31 22:29:47,221 | INFO  | SCMAudit | user=jenkins1000 | ip=192.168.34.42 | op=SEND_HEARTBEAT {datanodeUUID=094b17da-7f12-43e6-b453-785c127a2e77, command=[]} | ret=SUCCESS |  
2019-08-31 22:29:47,222 | INFO  | SCMAudit | user=jenkins1000 | ip=192.168.34.42 | op=SEND_HEARTBEAT {datanodeUUID=4f048490-ee80-4dd1-86ce-d63d571007b5, command=[]} | ret=SUCCESS |  
2019-08-31 22:29:47,320 | INFO  | SCMAudit | user=jenkins1000 | ip=192.168.34.42 | op=SEND_HEARTBEAT {datanodeUUID=131506aa-e8d4-495f-9e31-6caa17857e33, command=[]} | ret=SUCCESS |  
2019-08-31 22:29:47,414 | INFO  | SCMAudit | user=jenkins1000 | ip=192.168.34.42 | op=SEND_HEARTBEAT {datanodeUUID=4a257c07-4fcc-43d2-8a6e-26fe808bf4d2, command=[]} | ret=SUCCESS |  
2019-08-31 22:29:48,081 | INFO  | SCMAudit | user=jenkins1000 | ip=192.168.34.42 | op=SEND_HEARTBEAT {datanodeUUID=78f9d08d-f53f-40cf-9f90-7f7c9603a942, command=[]} | ret=SUCCESS |  
2019-08-31 22:29:48,196 | INFO  | SCMAudit | user=jenkins1000 | ip=192.168.34.42 | op=SEND_HEARTBEAT {datanodeUUID=be9ed4ca-dce9-4f3d-9c6d-abd66b1838f6, command=[]} | ret=SUCCESS |  
2019-08-31 22:29:48,216 | INFO  | SCMAudit | user=jenkins1000 | ip=192.168.34.42 | op=SEND_HEARTBEAT {datanodeUUID=2c0e17a6-6c2f-4502-821a-909817d7c69c, command=[]} | ret=SUCCESS |  
2019-08-31 22:29:48,221 | INFO  | SCMAudit | user=jenkins1000 | ip=192.168.34.42 | op=SEND_HEARTBEAT {datanodeUUID=094b17da-7f12-43e6-b453-785c127a2e77, command=[]} | ret=SUCCESS |  
2019-08-31 22:29:48,223 | INFO  | SCMAudit | user=jenkins1000 | ip=192.168.34.42 | op=SEND_HEARTBEAT {datanodeUUID=4f048490-ee80-4dd1-86ce-d63d571007b5, command=[]} | ret=SUCCESS |  
2019-08-31 22:29:48,320 | INFO  | SCMAudit | user=jenkins1000 | ip=192.168.34.42 | op=SEND_HEARTBEAT {datanodeUUID=131506aa-e8d4-495f-9e31-6caa17857e33, command=[]} | ret=SUCCESS |  
2019-08-31 22:29:48,414 | INFO  | SCMAudit | user=jenkins1000 | ip=192.168.34.42 | op=SEND_HEARTBEAT {datanodeUUID=4a257c07-4fcc-43d2-8a6e-26fe808bf4d2, command=[]} | ret=SUCCESS |  
2019-08-31 22:29:49,082 | INFO  | SCMAudit | user=jenkins1000 | ip=192.168.34.42 | op=SEND_HEARTBEAT {datanodeUUID=78f9d08d-f53f-40cf-9f90-7f7c9603a942, command=[]} | ret=SUCCESS |  
2019-08-31 22:29:49,197 | INFO  | SCMAudit | user=jenkins1000 | ip=192.168.34.42 | op=SEND_HEARTBEAT {datanodeUUID=be9ed4ca-dce9-4f3d-9c6d-abd66b1838f6, command=[]} | ret=SUCCESS |  
2019-08-31 22:29:49,216 | INFO  | SCMAudit | user=jenkins1000 | ip=192.168.34.42 | op=SEND_HEARTBEAT {datanodeUUID=2c0e17a6-6c2f-4502-821a-909817d7c69c, command=[]} | ret=SUCCESS |  
2019-08-31 22:29:49,221 | INFO  | SCMAudit | user=jenkins1000 | ip=192.168.34.42 | op=SEND_HEARTBEAT {datanodeUUID=094b17da-7f12-43e6-b453-785c127a2e77, command=[]} | ret=SUCCESS |  
2019-08-31 22:29:49,224 | INFO  | SCMAudit | user=jenkins1000 | ip=192.168.34.42 | op=SEND_HEARTBEAT {datanodeUUID=4f048490-ee80-4dd1-86ce-d63d571007b5, command=[]} | ret=SUCCESS |  
2019-08-31 22:29:49,321 | INFO  | SCMAudit | user=jenkins1000 | ip=192.168.34.42 | op=SEND_HEARTBEAT {datanodeUUID=131506aa-e8d4-495f-9e31-6caa17857e33, command=[]} | ret=SUCCESS |  
2019-08-31 22:29:49,415 | INFO  | SCMAudit | user=jenkins1000 | ip=192.168.34.42 | op=SEND_HEARTBEAT {datanodeUUID=4a257c07-4fcc-43d2-8a6e-26fe808bf4d2, command=[]} | ret=SUCCESS |  
2019-08-31 22:29:49,661 [grpc-default-executor-4] INFO  client.GrpcClientProtocolClient (GrpcClientProtocolClient.java:onNext(255)) - client-13F9D6D6E6E8->094b17da-7f12-43e6-b453-785c127a2e77: receive RaftClientReply:client-13F9D6D6E6E8->094b17da-7f12-43e6-b453-785c127a2e77@group-91658440A578, cid=44, FAILED org.apache.ratis.protocol.NotLeaderException: Server 094b17da-7f12-43e6-b453-785c127a2e77 is not the leader (be9ed4ca-dce9-4f3d-9c6d-abd66b1838f6:192.168.34.42:36394). Request must be sent to leader., logIndex=0, commits[094b17da-7f12-43e6-b453-785c127a2e77:c8, 4f048490-ee80-4dd1-86ce-d63d571007b5:c8, be9ed4ca-dce9-4f3d-9c6d-abd66b1838f6:c8]
2019-08-31 22:29:50,083 | INFO  | SCMAudit | user=jenkins1000 | ip=192.168.34.42 | op=SEND_HEARTBEAT {datanodeUUID=78f9d08d-f53f-40cf-9f90-7f7c9603a942, command=[]} | ret=SUCCESS |  
2019-08-31 22:29:50,196 | INFO  | SCMAudit | user=jenkins1000 | ip=192.168.34.42 | op=SEND_HEARTBEAT {datanodeUUID=be9ed4ca-dce9-4f3d-9c6d-abd66b1838f6, command=[]} | ret=SUCCESS |  
2019-08-31 22:29:50,216 | INFO  | SCMAudit | user=jenkins1000 | ip=192.168.34.42 | op=SEND_HEARTBEAT {datanodeUUID=2c0e17a6-6c2f-4502-821a-909817d7c69c, command=[]} | ret=SUCCESS |  
2019-08-31 22:29:50,221 | INFO  | SCMAudit | user=jenkins1000 | ip=192.168.34.42 | op=SEND_HEARTBEAT {datanodeUUID=094b17da-7f12-43e6-b453-785c127a2e77, command=[]} | ret=SUCCESS |  
2019-08-31 22:29:50,225 | INFO  | SCMAudit | user=jenkins1000 | ip=192.168.34.42 | op=SEND_HEARTBEAT {datanodeUUID=4f048490-ee80-4dd1-86ce-d63d571007b5, command=[]} | ret=SUCCESS |  
2019-08-31 22:29:50,321 | INFO  | SCMAudit | user=jenkins1000 | ip=192.168.34.42 | op=SEND_HEARTBEAT {datanodeUUID=131506aa-e8d4-495f-9e31-6caa17857e33, command=[]} | ret=SUCCESS |  
2019-08-31 22:29:50,415 | INFO  | SCMAudit | user=jenkins1000 | ip=192.168.34.42 | op=SEND_HEARTBEAT {datanodeUUID=4a257c07-4fcc-43d2-8a6e-26fe808bf4d2, command=[]} | ret=SUCCESS |  
2019-08-31 22:29:51,083 | INFO  | SCMAudit | user=jenkins1000 | ip=192.168.34.42 | op=SEND_HEARTBEAT {datanodeUUID=78f9d08d-f53f-40cf-9f90-7f7c9603a942, command=[]} | ret=SUCCESS |  
2019-08-31 22:29:51,196 | INFO  | SCMAudit | user=jenkins1000 | ip=192.168.34.42 | op=SEND_HEARTBEAT {datanodeUUID=be9ed4ca-dce9-4f3d-9c6d-abd66b1838f6, command=[]} | ret=SUCCESS |  
2019-08-31 22:29:51,216 | INFO  | SCMAudit | user=jenkins1000 | ip=192.168.34.42 | op=SEND_HEARTBEAT {datanodeUUID=2c0e17a6-6c2f-4502-821a-909817d7c69c, command=[]} | ret=SUCCESS |  
2019-08-31 22:29:51,221 | INFO  | SCMAudit | user=jenkins1000 | ip=192.168.34.42 | op=SEND_HEARTBEAT {datanodeUUID=094b17da-7f12-43e6-b453-785c127a2e77, command=[]} | ret=SUCCESS |  
2019-08-31 22:29:51,226 | INFO  | SCMAudit | user=jenkins1000 | ip=192.168.34.42 | op=SEND_HEARTBEAT {datanodeUUID=4f048490-ee80-4dd1-86ce-d63d571007b5, command=[]} | ret=SUCCESS |  
2019-08-31 22:29:51,321 | INFO  | SCMAudit | user=jenkins1000 | ip=192.168.34.42 | op=SEND_HEARTBEAT {datanodeUUID=131506aa-e8d4-495f-9e31-6caa17857e33, command=[]} | ret=SUCCESS |  
2019-08-31 22:29:51,415 | INFO  | SCMAudit | user=jenkins1000 | ip=192.168.34.42 | op=SEND_HEARTBEAT {datanodeUUID=4a257c07-4fcc-43d2-8a6e-26fe808bf4d2, command=[]} | ret=SUCCESS |  
2019-08-31 22:29:52,083 | INFO  | SCMAudit | user=jenkins1000 | ip=192.168.34.42 | op=SEND_HEARTBEAT {datanodeUUID=78f9d08d-f53f-40cf-9f90-7f7c9603a942, command=[]} | ret=SUCCESS |  
2019-08-31 22:29:52,197 | INFO  | SCMAudit | user=jenkins1000 | ip=192.168.34.42 | op=SEND_HEARTBEAT {datanodeUUID=be9ed4ca-dce9-4f3d-9c6d-abd66b1838f6, command=[]} | ret=SUCCESS |  
2019-08-31 22:29:52,216 | INFO  | SCMAudit | user=jenkins1000 | ip=192.168.34.42 | op=SEND_HEARTBEAT {datanodeUUID=2c0e17a6-6c2f-4502-821a-909817d7c69c, command=[]} | ret=SUCCESS |  
2019-08-31 22:29:52,221 | INFO  | SCMAudit | user=jenkins1000 | ip=192.168.34.42 | op=SEND_HEARTBEAT {datanodeUUID=094b17da-7f12-43e6-b453-785c127a2e77, command=[]} | ret=SUCCESS |  
2019-08-31 22:29:52,226 | INFO  | SCMAudit | user=jenkins1000 | ip=192.168.34.42 | op=SEND_HEARTBEAT {datanodeUUID=4f048490-ee80-4dd1-86ce-d63d571007b5, command=[]} | ret=SUCCESS |  
2019-08-31 22:29:52,321 | INFO  | SCMAudit | user=jenkins1000 | ip=192.168.34.42 | op=SEND_HEARTBEAT {datanodeUUID=131506aa-e8d4-495f-9e31-6caa17857e33, command=[]} | ret=SUCCESS |  
2019-08-31 22:29:52,415 | INFO  | SCMAudit | user=jenkins1000 | ip=192.168.34.42 | op=SEND_HEARTBEAT {datanodeUUID=4a257c07-4fcc-43d2-8a6e-26fe808bf4d2, command=[]} | ret=SUCCESS |  
2019-08-31 22:29:53,084 | INFO  | SCMAudit | user=jenkins1000 | ip=192.168.34.42 | op=SEND_HEARTBEAT {datanodeUUID=78f9d08d-f53f-40cf-9f90-7f7c9603a942, command=[]} | ret=SUCCESS |  
2019-08-31 22:29:53,196 | INFO  | SCMAudit | user=jenkins1000 | ip=192.168.34.42 | op=SEND_HEARTBEAT {datanodeUUID=be9ed4ca-dce9-4f3d-9c6d-abd66b1838f6, command=[]} | ret=SUCCESS |  
2019-08-31 22:29:53,217 | INFO  | SCMAudit | user=jenkins1000 | ip=192.168.34.42 | op=SEND_HEARTBEAT {datanodeUUID=2c0e17a6-6c2f-4502-821a-909817d7c69c, command=[]} | ret=SUCCESS |  
2019-08-31 22:29:53,221 | INFO  | SCMAudit | user=jenkins1000 | ip=192.168.34.42 | op=SEND_HEARTBEAT {datanodeUUID=094b17da-7f12-43e6-b453-785c127a2e77, command=[]} | ret=SUCCESS |  
2019-08-31 22:29:53,226 | INFO  | SCMAudit | user=jenkins1000 | ip=192.168.34.42 | op=SEND_HEARTBEAT {datanodeUUID=4f048490-ee80-4dd1-86ce-d63d571007b5, command=[]} | ret=SUCCESS |  
2019-08-31 22:29:53,321 | INFO  | SCMAudit | user=jenkins1000 | ip=192.168.34.42 | op=SEND_HEARTBEAT {datanodeUUID=131506aa-e8d4-495f-9e31-6caa17857e33, command=[]} | ret=SUCCESS |  
2019-08-31 22:29:53,416 | INFO  | SCMAudit | user=jenkins1000 | ip=192.168.34.42 | op=SEND_HEARTBEAT {datanodeUUID=4a257c07-4fcc-43d2-8a6e-26fe808bf4d2, command=[]} | ret=SUCCESS |  
2019-08-31 22:29:54,083 | INFO  | SCMAudit | user=jenkins1000 | ip=192.168.34.42 | op=SEND_HEARTBEAT {datanodeUUID=78f9d08d-f53f-40cf-9f90-7f7c9603a942, command=[]} | ret=SUCCESS |  
2019-08-31 22:29:54,196 | INFO  | SCMAudit | user=jenkins1000 | ip=192.168.34.42 | op=SEND_HEARTBEAT {datanodeUUID=be9ed4ca-dce9-4f3d-9c6d-abd66b1838f6, command=[]} | ret=SUCCESS |  
2019-08-31 22:29:54,216 | INFO  | SCMAudit | user=jenkins1000 | ip=192.168.34.42 | op=SEND_HEARTBEAT {datanodeUUID=2c0e17a6-6c2f-4502-821a-909817d7c69c, command=[]} | ret=SUCCESS |  
2019-08-31 22:29:54,221 | INFO  | SCMAudit | user=jenkins1000 | ip=192.168.34.42 | op=SEND_HEARTBEAT {datanodeUUID=094b17da-7f12-43e6-b453-785c127a2e77, command=[]} | ret=SUCCESS |  
2019-08-31 22:29:54,226 | INFO  | SCMAudit | user=jenkins1000 | ip=192.168.34.42 | op=SEND_HEARTBEAT {datanodeUUID=4f048490-ee80-4dd1-86ce-d63d571007b5, command=[]} | ret=SUCCESS |  
2019-08-31 22:29:54,322 | INFO  | SCMAudit | user=jenkins1000 | ip=192.168.34.42 | op=SEND_HEARTBEAT {datanodeUUID=131506aa-e8d4-495f-9e31-6caa17857e33, command=[]} | ret=SUCCESS |  
2019-08-31 22:29:54,416 | INFO  | SCMAudit | user=jenkins1000 | ip=192.168.34.42 | op=SEND_HEARTBEAT {datanodeUUID=4a257c07-4fcc-43d2-8a6e-26fe808bf4d2, command=[]} | ret=SUCCESS |  
2019-08-31 22:29:54,698 [grpc-default-executor-0] INFO  client.GrpcClientProtocolClient (GrpcClientProtocolClient.java:onNext(255)) - client-13F9D6D6E6E8->094b17da-7f12-43e6-b453-785c127a2e77: receive RaftClientReply:client-13F9D6D6E6E8->094b17da-7f12-43e6-b453-785c127a2e77@group-91658440A578, cid=44, FAILED org.apache.ratis.protocol.NotLeaderException: Server 094b17da-7f12-43e6-b453-785c127a2e77 is not the leader (be9ed4ca-dce9-4f3d-9c6d-abd66b1838f6:192.168.34.42:36394). Request must be sent to leader., logIndex=0, commits[094b17da-7f12-43e6-b453-785c127a2e77:c8, 4f048490-ee80-4dd1-86ce-d63d571007b5:c8, be9ed4ca-dce9-4f3d-9c6d-abd66b1838f6:c8]
2019-08-31 22:29:55,083 | INFO  | SCMAudit | user=jenkins1000 | ip=192.168.34.42 | op=SEND_HEARTBEAT {datanodeUUID=78f9d08d-f53f-40cf-9f90-7f7c9603a942, command=[]} | ret=SUCCESS |  
2019-08-31 22:29:55,197 | INFO  | SCMAudit | user=jenkins1000 | ip=192.168.34.42 | op=SEND_HEARTBEAT {datanodeUUID=be9ed4ca-dce9-4f3d-9c6d-abd66b1838f6, command=[]} | ret=SUCCESS |  
2019-08-31 22:29:55,216 | INFO  | SCMAudit | user=jenkins1000 | ip=192.168.34.42 | op=SEND_HEARTBEAT {datanodeUUID=2c0e17a6-6c2f-4502-821a-909817d7c69c, command=[]} | ret=SUCCESS |  
2019-08-31 22:29:55,221 | INFO  | SCMAudit | user=jenkins1000 | ip=192.168.34.42 | op=SEND_HEARTBEAT {datanodeUUID=094b17da-7f12-43e6-b453-785c127a2e77, command=[]} | ret=SUCCESS |  
2019-08-31 22:29:55,227 | INFO  | SCMAudit | user=jenkins1000 | ip=192.168.34.42 | op=SEND_HEARTBEAT {datanodeUUID=4f048490-ee80-4dd1-86ce-d63d571007b5, command=[]} | ret=SUCCESS |  
2019-08-31 22:29:55,322 | INFO  | SCMAudit | user=jenkins1000 | ip=192.168.34.42 | op=SEND_HEARTBEAT {datanodeUUID=131506aa-e8d4-495f-9e31-6caa17857e33, command=[]} | ret=SUCCESS |  
2019-08-31 22:29:55,416 | INFO  | SCMAudit | user=jenkins1000 | ip=192.168.34.42 | op=SEND_HEARTBEAT {datanodeUUID=4a257c07-4fcc-43d2-8a6e-26fe808bf4d2, command=[]} | ret=SUCCESS |  
2019-08-31 22:29:56,083 | INFO  | SCMAudit | user=jenkins1000 | ip=192.168.34.42 | op=SEND_HEARTBEAT {datanodeUUID=78f9d08d-f53f-40cf-9f90-7f7c9603a942, command=[]} | ret=SUCCESS |  
2019-08-31 22:29:56,196 | INFO  | SCMAudit | user=jenkins1000 | ip=192.168.34.42 | op=SEND_HEARTBEAT {datanodeUUID=be9ed4ca-dce9-4f3d-9c6d-abd66b1838f6, command=[]} | ret=SUCCESS |  
2019-08-31 22:29:56,217 | INFO  | SCMAudit | user=jenkins1000 | ip=192.168.34.42 | op=SEND_HEARTBEAT {datanodeUUID=2c0e17a6-6c2f-4502-821a-909817d7c69c, command=[]} | ret=SUCCESS |  
2019-08-31 22:29:56,221 | INFO  | SCMAudit | user=jenkins1000 | ip=192.168.34.42 | op=SEND_HEARTBEAT {datanodeUUID=094b17da-7f12-43e6-b453-785c127a2e77, command=[]} | ret=SUCCESS |  
2019-08-31 22:29:56,227 | INFO  | SCMAudit | user=jenkins1000 | ip=192.168.34.42 | op=SEND_HEARTBEAT {datanodeUUID=4f048490-ee80-4dd1-86ce-d63d571007b5, command=[]} | ret=SUCCESS |  
2019-08-31 22:29:56,322 | INFO  | SCMAudit | user=jenkins1000 | ip=192.168.34.42 | op=SEND_HEARTBEAT {datanodeUUID=131506aa-e8d4-495f-9e31-6caa17857e33, command=[]} | ret=SUCCESS |  
2019-08-31 22:29:56,416 | INFO  | SCMAudit | user=jenkins1000 | ip=192.168.34.42 | op=SEND_HEARTBEAT {datanodeUUID=4a257c07-4fcc-43d2-8a6e-26fe808bf4d2, command=[]} | ret=SUCCESS |  
2019-08-31 22:29:57,084 | INFO  | SCMAudit | user=jenkins1000 | ip=192.168.34.42 | op=SEND_HEARTBEAT {datanodeUUID=78f9d08d-f53f-40cf-9f90-7f7c9603a942, command=[]} | ret=SUCCESS |  
2019-08-31 22:29:57,197 | INFO  | SCMAudit | user=jenkins1000 | ip=192.168.34.42 | op=SEND_HEARTBEAT {datanodeUUID=be9ed4ca-dce9-4f3d-9c6d-abd66b1838f6, command=[]} | ret=SUCCESS |  
2019-08-31 22:29:57,216 | INFO  | SCMAudit | user=jenkins1000 | ip=192.168.34.42 | op=SEND_HEARTBEAT {datanodeUUID=2c0e17a6-6c2f-4502-821a-909817d7c69c, command=[]} | ret=SUCCESS |  
2019-08-31 22:29:57,221 | INFO  | SCMAudit | user=jenkins1000 | ip=192.168.34.42 | op=SEND_HEARTBEAT {datanodeUUID=094b17da-7f12-43e6-b453-785c127a2e77, command=[]} | ret=SUCCESS |  
2019-08-31 22:29:57,227 | INFO  | SCMAudit | user=jenkins1000 | ip=192.168.34.42 | op=SEND_HEARTBEAT {datanodeUUID=4f048490-ee80-4dd1-86ce-d63d571007b5, command=[]} | ret=SUCCESS |  
2019-08-31 22:29:57,322 | INFO  | SCMAudit | user=jenkins1000 | ip=192.168.34.42 | op=SEND_HEARTBEAT {datanodeUUID=131506aa-e8d4-495f-9e31-6caa17857e33, command=[]} | ret=SUCCESS |  
2019-08-31 22:29:57,416 | INFO  | SCMAudit | user=jenkins1000 | ip=192.168.34.42 | op=SEND_HEARTBEAT {datanodeUUID=4a257c07-4fcc-43d2-8a6e-26fe808bf4d2, command=[]} | ret=SUCCESS |  
2019-08-31 22:29:58,084 | INFO  | SCMAudit | user=jenkins1000 | ip=192.168.34.42 | op=SEND_HEARTBEAT {datanodeUUID=78f9d08d-f53f-40cf-9f90-7f7c9603a942, command=[]} | ret=SUCCESS |  
2019-08-31 22:29:58,197 | INFO  | SCMAudit | user=jenkins1000 | ip=192.168.34.42 | op=SEND_HEARTBEAT {datanodeUUID=be9ed4ca-dce9-4f3d-9c6d-abd66b1838f6, command=[]} | ret=SUCCESS |  
2019-08-31 22:29:58,216 | INFO  | SCMAudit | user=jenkins1000 | ip=192.168.34.42 | op=SEND_HEARTBEAT {datanodeUUID=2c0e17a6-6c2f-4502-821a-909817d7c69c, command=[]} | ret=SUCCESS |  
2019-08-31 22:29:58,221 | INFO  | SCMAudit | user=jenkins1000 | ip=192.168.34.42 | op=SEND_HEARTBEAT {datanodeUUID=094b17da-7f12-43e6-b453-785c127a2e77, command=[]} | ret=SUCCESS |  
2019-08-31 22:29:58,227 | INFO  | SCMAudit | user=jenkins1000 | ip=192.168.34.42 | op=SEND_HEARTBEAT {datanodeUUID=4f048490-ee80-4dd1-86ce-d63d571007b5, command=[]} | ret=SUCCESS |  
2019-08-31 22:29:58,322 | INFO  | SCMAudit | user=jenkins1000 | ip=192.168.34.42 | op=SEND_HEARTBEAT {datanodeUUID=131506aa-e8d4-495f-9e31-6caa17857e33, command=[]} | ret=SUCCESS |  
2019-08-31 22:29:58,416 | INFO  | SCMAudit | user=jenkins1000 | ip=192.168.34.42 | op=SEND_HEARTBEAT {datanodeUUID=4a257c07-4fcc-43d2-8a6e-26fe808bf4d2, command=[]} | ret=SUCCESS |  
2019-08-31 22:29:59,084 | INFO  | SCMAudit | user=jenkins1000 | ip=192.168.34.42 | op=SEND_HEARTBEAT {datanodeUUID=78f9d08d-f53f-40cf-9f90-7f7c9603a942, command=[]} | ret=SUCCESS |  
2019-08-31 22:29:59,197 | INFO  | SCMAudit | user=jenkins1000 | ip=192.168.34.42 | op=SEND_HEARTBEAT {datanodeUUID=be9ed4ca-dce9-4f3d-9c6d-abd66b1838f6, command=[]} | ret=SUCCESS |  
2019-08-31 22:29:59,216 | INFO  | SCMAudit | user=jenkins1000 | ip=192.168.34.42 | op=SEND_HEARTBEAT {datanodeUUID=2c0e17a6-6c2f-4502-821a-909817d7c69c, command=[]} | ret=SUCCESS |  
2019-08-31 22:29:59,222 | INFO  | SCMAudit | user=jenkins1000 | ip=192.168.34.42 | op=SEND_HEARTBEAT {datanodeUUID=094b17da-7f12-43e6-b453-785c127a2e77, command=[]} | ret=SUCCESS |  
2019-08-31 22:29:59,227 | INFO  | SCMAudit | user=jenkins1000 | ip=192.168.34.42 | op=SEND_HEARTBEAT {datanodeUUID=4f048490-ee80-4dd1-86ce-d63d571007b5, command=[]} | ret=SUCCESS |  
2019-08-31 22:29:59,323 | INFO  | SCMAudit | user=jenkins1000 | ip=192.168.34.42 | op=SEND_HEARTBEAT {datanodeUUID=131506aa-e8d4-495f-9e31-6caa17857e33, command=[]} | ret=SUCCESS |  
2019-08-31 22:29:59,417 | INFO  | SCMAudit | user=jenkins1000 | ip=192.168.34.42 | op=SEND_HEARTBEAT {datanodeUUID=4a257c07-4fcc-43d2-8a6e-26fe808bf4d2, command=[]} | ret=SUCCESS |  
2019-08-31 22:29:59,738 [grpc-default-executor-4] INFO  client.GrpcClientProtocolClient (GrpcClientProtocolClient.java:onNext(255)) - client-13F9D6D6E6E8->4f048490-ee80-4dd1-86ce-d63d571007b5: receive RaftClientReply:client-13F9D6D6E6E8->4f048490-ee80-4dd1-86ce-d63d571007b5@group-91658440A578, cid=44, FAILED org.apache.ratis.protocol.NotLeaderException: Server 4f048490-ee80-4dd1-86ce-d63d571007b5 is not the leader (be9ed4ca-dce9-4f3d-9c6d-abd66b1838f6:192.168.34.42:36394). Request must be sent to leader., logIndex=0, commits[4f048490-ee80-4dd1-86ce-d63d571007b5:c8, be9ed4ca-dce9-4f3d-9c6d-abd66b1838f6:c8, 094b17da-7f12-43e6-b453-785c127a2e77:c8]
2019-08-31 22:30:00,084 | INFO  | SCMAudit | user=jenkins1000 | ip=192.168.34.42 | op=SEND_HEARTBEAT {datanodeUUID=78f9d08d-f53f-40cf-9f90-7f7c9603a942, command=[]} | ret=SUCCESS |  
2019-08-31 22:30:00,198 | INFO  | SCMAudit | user=jenkins1000 | ip=192.168.34.42 | op=SEND_HEARTBEAT {datanodeUUID=be9ed4ca-dce9-4f3d-9c6d-abd66b1838f6, command=[]} | ret=SUCCESS |  
2019-08-31 22:30:00,217 | INFO  | SCMAudit | user=jenkins1000 | ip=192.168.34.42 | op=SEND_HEARTBEAT {datanodeUUID=2c0e17a6-6c2f-4502-821a-909817d7c69c, command=[]} | ret=SUCCESS |  
2019-08-31 22:30:00,222 | INFO  | SCMAudit | user=jenkins1000 | ip=192.168.34.42 | op=SEND_HEARTBEAT {datanodeUUID=094b17da-7f12-43e6-b453-785c127a2e77, command=[]} | ret=SUCCESS |  
2019-08-31 22:30:00,227 | INFO  | SCMAudit | user=jenkins1000 | ip=192.168.34.42 | op=SEND_HEARTBEAT {datanodeUUID=4f048490-ee80-4dd1-86ce-d63d571007b5, command=[]} | ret=SUCCESS |  
2019-08-31 22:30:00,323 | INFO  | SCMAudit | user=jenkins1000 | ip=192.168.34.42 | op=SEND_HEARTBEAT {datanodeUUID=131506aa-e8d4-495f-9e31-6caa17857e33, command=[]} | ret=SUCCESS |  
2019-08-31 22:30:00,417 | INFO  | SCMAudit | user=jenkins1000 | ip=192.168.34.42 | op=SEND_HEARTBEAT {datanodeUUID=4a257c07-4fcc-43d2-8a6e-26fe808bf4d2, command=[]} | ret=SUCCESS |  
2019-08-31 22:30:01,085 | INFO  | SCMAudit | user=jenkins1000 | ip=192.168.34.42 | op=SEND_HEARTBEAT {datanodeUUID=78f9d08d-f53f-40cf-9f90-7f7c9603a942, command=[]} | ret=SUCCESS |  
2019-08-31 22:30:01,198 | INFO  | SCMAudit | user=jenkins1000 | ip=192.168.34.42 | op=SEND_HEARTBEAT {datanodeUUID=be9ed4ca-dce9-4f3d-9c6d-abd66b1838f6, command=[]} | ret=SUCCESS |  
2019-08-31 22:30:01,217 | INFO  | SCMAudit | user=jenkins1000 | ip=192.168.34.42 | op=SEND_HEARTBEAT {datanodeUUID=2c0e17a6-6c2f-4502-821a-909817d7c69c, command=[]} | ret=SUCCESS |  
2019-08-31 22:30:01,222 | INFO  | SCMAudit | user=jenkins1000 | ip=192.168.34.42 | op=SEND_HEARTBEAT {datanodeUUID=094b17da-7f12-43e6-b453-785c127a2e77, command=[]} | ret=SUCCESS |  
2019-08-31 22:30:01,227 | INFO  | SCMAudit | user=jenkins1000 | ip=192.168.34.42 | op=SEND_HEARTBEAT {datanodeUUID=4f048490-ee80-4dd1-86ce-d63d571007b5, command=[]} | ret=SUCCESS |  
2019-08-31 22:30:01,323 | INFO  | SCMAudit | user=jenkins1000 | ip=192.168.34.42 | op=SEND_HEARTBEAT {datanodeUUID=131506aa-e8d4-495f-9e31-6caa17857e33, command=[]} | ret=SUCCESS |  
2019-08-31 22:30:01,416 | INFO  | SCMAudit | user=jenkins1000 | ip=192.168.34.42 | op=SEND_HEARTBEAT {datanodeUUID=4a257c07-4fcc-43d2-8a6e-26fe808bf4d2, command=[]} | ret=SUCCESS |  
2019-08-31 22:30:02,084 | INFO  | SCMAudit | user=jenkins1000 | ip=192.168.34.42 | op=SEND_HEARTBEAT {datanodeUUID=78f9d08d-f53f-40cf-9f90-7f7c9603a942, command=[]} | ret=SUCCESS |  
2019-08-31 22:30:02,198 | INFO  | SCMAudit | user=jenkins1000 | ip=192.168.34.42 | op=SEND_HEARTBEAT {datanodeUUID=be9ed4ca-dce9-4f3d-9c6d-abd66b1838f6, command=[]} | ret=SUCCESS |  
2019-08-31 22:30:02,217 | INFO  | SCMAudit | user=jenkins1000 | ip=192.168.34.42 | op=SEND_HEARTBEAT {datanodeUUID=2c0e17a6-6c2f-4502-821a-909817d7c69c, command=[]} | ret=SUCCESS |  
2019-08-31 22:30:02,223 | INFO  | SCMAudit | user=jenkins1000 | ip=192.168.34.42 | op=SEND_HEARTBEAT {datanodeUUID=094b17da-7f12-43e6-b453-785c127a2e77, command=[]} | ret=SUCCESS |  
2019-08-31 22:30:02,227 | INFO  | SCMAudit | user=jenkins1000 | ip=192.168.34.42 | op=SEND_HEARTBEAT {datanodeUUID=4f048490-ee80-4dd1-86ce-d63d571007b5, command=[]} | ret=SUCCESS |  
2019-08-31 22:30:02,323 | INFO  | SCMAudit | user=jenkins1000 | ip=192.168.34.42 | op=SEND_HEARTBEAT {datanodeUUID=131506aa-e8d4-495f-9e31-6caa17857e33, command=[]} | ret=SUCCESS |  
2019-08-31 22:30:02,416 | INFO  | SCMAudit | user=jenkins1000 | ip=192.168.34.42 | op=SEND_HEARTBEAT {datanodeUUID=4a257c07-4fcc-43d2-8a6e-26fe808bf4d2, command=[]} | ret=SUCCESS |  
2019-08-31 22:30:03,085 | INFO  | SCMAudit | user=jenkins1000 | ip=192.168.34.42 | op=SEND_HEARTBEAT {datanodeUUID=78f9d08d-f53f-40cf-9f90-7f7c9603a942, command=[]} | ret=SUCCESS |  
2019-08-31 22:30:03,198 | INFO  | SCMAudit | user=jenkins1000 | ip=192.168.34.42 | op=SEND_HEARTBEAT {datanodeUUID=be9ed4ca-dce9-4f3d-9c6d-abd66b1838f6, command=[]} | ret=SUCCESS |  
2019-08-31 22:30:03,217 | INFO  | SCMAudit | user=jenkins1000 | ip=192.168.34.42 | op=SEND_HEARTBEAT {datanodeUUID=2c0e17a6-6c2f-4502-821a-909817d7c69c, command=[]} | ret=SUCCESS |  
2019-08-31 22:30:03,224 | INFO  | SCMAudit | user=jenkins1000 | ip=192.168.34.42 | op=SEND_HEARTBEAT {datanodeUUID=094b17da-7f12-43e6-b453-785c127a2e77, command=[]} | ret=SUCCESS |  
2019-08-31 22:30:03,227 | INFO  | SCMAudit | user=jenkins1000 | ip=192.168.34.42 | op=SEND_HEARTBEAT {datanodeUUID=4f048490-ee80-4dd1-86ce-d63d571007b5, command=[]} | ret=SUCCESS |  
2019-08-31 22:30:03,324 | INFO  | SCMAudit | user=jenkins1000 | ip=192.168.34.42 | op=SEND_HEARTBEAT {datanodeUUID=131506aa-e8d4-495f-9e31-6caa17857e33, command=[]} | ret=SUCCESS |  
2019-08-31 22:30:03,417 | INFO  | SCMAudit | user=jenkins1000 | ip=192.168.34.42 | op=SEND_HEARTBEAT {datanodeUUID=4a257c07-4fcc-43d2-8a6e-26fe808bf4d2, command=[]} | ret=SUCCESS |  
2019-08-31 22:30:04,085 | INFO  | SCMAudit | user=jenkins1000 | ip=192.168.34.42 | op=SEND_HEARTBEAT {datanodeUUID=78f9d08d-f53f-40cf-9f90-7f7c9603a942, command=[]} | ret=SUCCESS |  
2019-08-31 22:30:04,199 | INFO  | SCMAudit | user=jenkins1000 | ip=192.168.34.42 | op=SEND_HEARTBEAT {datanodeUUID=be9ed4ca-dce9-4f3d-9c6d-abd66b1838f6, command=[]} | ret=SUCCESS |  
2019-08-31 22:30:04,217 | INFO  | SCMAudit | user=jenkins1000 | ip=192.168.34.42 | op=SEND_HEARTBEAT {datanodeUUID=2c0e17a6-6c2f-4502-821a-909817d7c69c, command=[]} | ret=SUCCESS |  
2019-08-31 22:30:04,224 | INFO  | SCMAudit | user=jenkins1000 | ip=192.168.34.42 | op=SEND_HEARTBEAT {datanodeUUID=094b17da-7f12-43e6-b453-785c127a2e77, command=[]} | ret=SUCCESS |  
2019-08-31 22:30:04,227 | INFO  | SCMAudit | user=jenkins1000 | ip=192.168.34.42 | op=SEND_HEARTBEAT {datanodeUUID=4f048490-ee80-4dd1-86ce-d63d571007b5, command=[]} | ret=SUCCESS |  
2019-08-31 22:30:04,324 | INFO  | SCMAudit | user=jenkins1000 | ip=192.168.34.42 | op=SEND_HEARTBEAT {datanodeUUID=131506aa-e8d4-495f-9e31-6caa17857e33, command=[]} | ret=SUCCESS |  
2019-08-31 22:30:04,417 | INFO  | SCMAudit | user=jenkins1000 | ip=192.168.34.42 | op=SEND_HEARTBEAT {datanodeUUID=4a257c07-4fcc-43d2-8a6e-26fe808bf4d2, command=[]} | ret=SUCCESS |  
2019-08-31 22:30:04,802 [grpc-default-executor-0] INFO  client.GrpcClientProtocolClient (GrpcClientProtocolClient.java:onNext(255)) - client-13F9D6D6E6E8->4f048490-ee80-4dd1-86ce-d63d571007b5: receive RaftClientReply:client-13F9D6D6E6E8->4f048490-ee80-4dd1-86ce-d63d571007b5@group-91658440A578, cid=44, FAILED org.apache.ratis.protocol.NotLeaderException: Server 4f048490-ee80-4dd1-86ce-d63d571007b5 is not the leader (be9ed4ca-dce9-4f3d-9c6d-abd66b1838f6:192.168.34.42:36394). Request must be sent to leader., logIndex=0, commits[4f048490-ee80-4dd1-86ce-d63d571007b5:c8, be9ed4ca-dce9-4f3d-9c6d-abd66b1838f6:c8, 094b17da-7f12-43e6-b453-785c127a2e77:c8]
2019-08-31 22:30:05,085 | INFO  | SCMAudit | user=jenkins1000 | ip=192.168.34.42 | op=SEND_HEARTBEAT {datanodeUUID=78f9d08d-f53f-40cf-9f90-7f7c9603a942, command=[]} | ret=SUCCESS |  
2019-08-31 22:30:05,199 | INFO  | SCMAudit | user=jenkins1000 | ip=192.168.34.42 | op=SEND_HEARTBEAT {datanodeUUID=be9ed4ca-dce9-4f3d-9c6d-abd66b1838f6, command=[]} | ret=SUCCESS |  
2019-08-31 22:30:05,217 | INFO  | SCMAudit | user=jenkins1000 | ip=192.168.34.42 | op=SEND_HEARTBEAT {datanodeUUID=2c0e17a6-6c2f-4502-821a-909817d7c69c, command=[]} | ret=SUCCESS |  
2019-08-31 22:30:05,223 | INFO  | SCMAudit | user=jenkins1000 | ip=192.168.34.42 | op=SEND_HEARTBEAT {datanodeUUID=094b17da-7f12-43e6-b453-785c127a2e77, command=[]} | ret=SUCCESS |  
2019-08-31 22:30:05,227 | INFO  | SCMAudit | user=jenkins1000 | ip=192.168.34.42 | op=SEND_HEARTBEAT {datanodeUUID=4f048490-ee80-4dd1-86ce-d63d571007b5, command=[]} | ret=SUCCESS |  
2019-08-31 22:30:05,323 | INFO  | SCMAudit | user=jenkins1000 | ip=192.168.34.42 | op=SEND_HEARTBEAT {datanodeUUID=131506aa-e8d4-495f-9e31-6caa17857e33, command=[]} | ret=SUCCESS |  
2019-08-31 22:30:05,417 | INFO  | SCMAudit | user=jenkins1000 | ip=192.168.34.42 | op=SEND_HEARTBEAT {datanodeUUID=4a257c07-4fcc-43d2-8a6e-26fe808bf4d2, command=[]} | ret=SUCCESS |  
2019-08-31 22:30:06,086 | INFO  | SCMAudit | user=jenkins1000 | ip=192.168.34.42 | op=SEND_HEARTBEAT {datanodeUUID=78f9d08d-f53f-40cf-9f90-7f7c9603a942, command=[]} | ret=SUCCESS |  
2019-08-31 22:30:06,200 | INFO  | SCMAudit | user=jenkins1000 | ip=192.168.34.42 | op=SEND_HEARTBEAT {datanodeUUID=be9ed4ca-dce9-4f3d-9c6d-abd66b1838f6, command=[]} | ret=SUCCESS |  
2019-08-31 22:30:06,217 | INFO  | SCMAudit | user=jenkins1000 | ip=192.168.34.42 | op=SEND_HEARTBEAT {datanodeUUID=2c0e17a6-6c2f-4502-821a-909817d7c69c, command=[]} | ret=SUCCESS |  
2019-08-31 22:30:06,223 | INFO  | SCMAudit | user=jenkins1000 | ip=192.168.34.42 | op=SEND_HEARTBEAT {datanodeUUID=094b17da-7f12-43e6-b453-785c127a2e77, command=[]} | ret=SUCCESS |  
2019-08-31 22:30:06,227 | INFO  | SCMAudit | user=jenkins1000 | ip=192.168.34.42 | op=SEND_HEARTBEAT {datanodeUUID=4f048490-ee80-4dd1-86ce-d63d571007b5, command=[]} | ret=SUCCESS |  
2019-08-31 22:30:06,323 | INFO  | SCMAudit | user=jenkins1000 | ip=192.168.34.42 | op=SEND_HEARTBEAT {datanodeUUID=131506aa-e8d4-495f-9e31-6caa17857e33, command=[]} | ret=SUCCESS |  
2019-08-31 22:30:06,416 | INFO  | SCMAudit | user=jenkins1000 | ip=192.168.34.42 | op=SEND_HEARTBEAT {datanodeUUID=4a257c07-4fcc-43d2-8a6e-26fe808bf4d2, command=[]} | ret=SUCCESS |  
2019-08-31 22:30:07,085 | INFO  | SCMAudit | user=jenkins1000 | ip=192.168.34.42 | op=SEND_HEARTBEAT {datanodeUUID=78f9d08d-f53f-40cf-9f90-7f7c9603a942, command=[]} | ret=SUCCESS |  
2019-08-31 22:30:07,200 | INFO  | SCMAudit | user=jenkins1000 | ip=192.168.34.42 | op=SEND_HEARTBEAT {datanodeUUID=be9ed4ca-dce9-4f3d-9c6d-abd66b1838f6, command=[]} | ret=SUCCESS |  
2019-08-31 22:30:07,218 | INFO  | SCMAudit | user=jenkins1000 | ip=192.168.34.42 | op=SEND_HEARTBEAT {datanodeUUID=2c0e17a6-6c2f-4502-821a-909817d7c69c, command=[]} | ret=SUCCESS |  
2019-08-31 22:30:07,224 | INFO  | SCMAudit | user=jenkins1000 | ip=192.168.34.42 | op=SEND_HEARTBEAT {datanodeUUID=094b17da-7f12-43e6-b453-785c127a2e77, command=[]} | ret=SUCCESS |  
2019-08-31 22:30:07,227 | INFO  | SCMAudit | user=jenkins1000 | ip=192.168.34.42 | op=SEND_HEARTBEAT {datanodeUUID=4f048490-ee80-4dd1-86ce-d63d571007b5, command=[]} | ret=SUCCESS |  
2019-08-31 22:30:07,323 | INFO  | SCMAudit | user=jenkins1000 | ip=192.168.34.42 | op=SEND_HEARTBEAT {datanodeUUID=131506aa-e8d4-495f-9e31-6caa17857e33, command=[]} | ret=SUCCESS |  
2019-08-31 22:30:07,416 | INFO  | SCMAudit | user=jenkins1000 | ip=192.168.34.42 | op=SEND_HEARTBEAT {datanodeUUID=4a257c07-4fcc-43d2-8a6e-26fe808bf4d2, command=[]} | ret=SUCCESS |  
2019-08-31 22:30:08,085 | INFO  | SCMAudit | user=jenkins1000 | ip=192.168.34.42 | op=SEND_HEARTBEAT {datanodeUUID=78f9d08d-f53f-40cf-9f90-7f7c9603a942, command=[]} | ret=SUCCESS |  
2019-08-31 22:30:08,199 | INFO  | SCMAudit | user=jenkins1000 | ip=192.168.34.42 | op=SEND_HEARTBEAT {datanodeUUID=be9ed4ca-dce9-4f3d-9c6d-abd66b1838f6, command=[]} | ret=SUCCESS |  
2019-08-31 22:30:08,217 | INFO  | SCMAudit | user=jenkins1000 | ip=192.168.34.42 | op=SEND_HEARTBEAT {datanodeUUID=2c0e17a6-6c2f-4502-821a-909817d7c69c, command=[]} | ret=SUCCESS |  
2019-08-31 22:30:08,223 | INFO  | SCMAudit | user=jenkins1000 | ip=192.168.34.42 | op=SEND_HEARTBEAT {datanodeUUID=094b17da-7f12-43e6-b453-785c127a2e77, command=[]} | ret=SUCCESS |  
2019-08-31 22:30:08,227 | INFO  | SCMAudit | user=jenkins1000 | ip=192.168.34.42 | op=SEND_HEARTBEAT {datanodeUUID=4f048490-ee80-4dd1-86ce-d63d571007b5, command=[]} | ret=SUCCESS |  
2019-08-31 22:30:08,323 | INFO  | SCMAudit | user=jenkins1000 | ip=192.168.34.42 | op=SEND_HEARTBEAT {datanodeUUID=131506aa-e8d4-495f-9e31-6caa17857e33, command=[]} | ret=SUCCESS |  
2019-08-31 22:30:08,417 | INFO  | SCMAudit | user=jenkins1000 | ip=192.168.34.42 | op=SEND_HEARTBEAT {datanodeUUID=4a257c07-4fcc-43d2-8a6e-26fe808bf4d2, command=[]} | ret=SUCCESS |  
2019-08-31 22:30:09,086 | INFO  | SCMAudit | user=jenkins1000 | ip=192.168.34.42 | op=SEND_HEARTBEAT {datanodeUUID=78f9d08d-f53f-40cf-9f90-7f7c9603a942, command=[]} | ret=SUCCESS |  
2019-08-31 22:30:09,200 | INFO  | SCMAudit | user=jenkins1000 | ip=192.168.34.42 | op=SEND_HEARTBEAT {datanodeUUID=be9ed4ca-dce9-4f3d-9c6d-abd66b1838f6, command=[]} | ret=SUCCESS |  
2019-08-31 22:30:09,217 | INFO  | SCMAudit | user=jenkins1000 | ip=192.168.34.42 | op=SEND_HEARTBEAT {datanodeUUID=2c0e17a6-6c2f-4502-821a-909817d7c69c, command=[]} | ret=SUCCESS |  
2019-08-31 22:30:09,223 | INFO  | SCMAudit | user=jenkins1000 | ip=192.168.34.42 | op=SEND_HEARTBEAT {datanodeUUID=094b17da-7f12-43e6-b453-785c127a2e77, command=[]} | ret=SUCCESS |  
2019-08-31 22:30:09,228 | INFO  | SCMAudit | user=jenkins1000 | ip=192.168.34.42 | op=SEND_HEARTBEAT {datanodeUUID=4f048490-ee80-4dd1-86ce-d63d571007b5, command=[]} | ret=SUCCESS |  
2019-08-31 22:30:09,323 | INFO  | SCMAudit | user=jenkins1000 | ip=192.168.34.42 | op=SEND_HEARTBEAT {datanodeUUID=131506aa-e8d4-495f-9e31-6caa17857e33, command=[]} | ret=SUCCESS |  
2019-08-31 22:30:09,417 | INFO  | SCMAudit | user=jenkins1000 | ip=192.168.34.42 | op=SEND_HEARTBEAT {datanodeUUID=4a257c07-4fcc-43d2-8a6e-26fe808bf4d2, command=[]} | ret=SUCCESS |  
2019-08-31 22:30:09,844 [grpc-default-executor-4] INFO  client.GrpcClientProtocolClient (GrpcClientProtocolClient.java:onNext(255)) - client-13F9D6D6E6E8->4f048490-ee80-4dd1-86ce-d63d571007b5: receive RaftClientReply:client-13F9D6D6E6E8->4f048490-ee80-4dd1-86ce-d63d571007b5@group-91658440A578, cid=44, FAILED org.apache.ratis.protocol.NotLeaderException: Server 4f048490-ee80-4dd1-86ce-d63d571007b5 is not the leader (be9ed4ca-dce9-4f3d-9c6d-abd66b1838f6:192.168.34.42:36394). Request must be sent to leader., logIndex=0, commits[4f048490-ee80-4dd1-86ce-d63d571007b5:c8, be9ed4ca-dce9-4f3d-9c6d-abd66b1838f6:c8, 094b17da-7f12-43e6-b453-785c127a2e77:c8]
2019-08-31 22:30:10,086 | INFO  | SCMAudit | user=jenkins1000 | ip=192.168.34.42 | op=SEND_HEARTBEAT {datanodeUUID=78f9d08d-f53f-40cf-9f90-7f7c9603a942, command=[]} | ret=SUCCESS |  
2019-08-31 22:30:10,200 | INFO  | SCMAudit | user=jenkins1000 | ip=192.168.34.42 | op=SEND_HEARTBEAT {datanodeUUID=be9ed4ca-dce9-4f3d-9c6d-abd66b1838f6, command=[]} | ret=SUCCESS |  
2019-08-31 22:30:10,217 | INFO  | SCMAudit | user=jenkins1000 | ip=192.168.34.42 | op=SEND_HEARTBEAT {datanodeUUID=2c0e17a6-6c2f-4502-821a-909817d7c69c, command=[]} | ret=SUCCESS |  
2019-08-31 22:30:10,223 | INFO  | SCMAudit | user=jenkins1000 | ip=192.168.34.42 | op=SEND_HEARTBEAT {datanodeUUID=094b17da-7f12-43e6-b453-785c127a2e77, command=[]} | ret=SUCCESS |  
2019-08-31 22:30:10,228 | INFO  | SCMAudit | user=jenkins1000 | ip=192.168.34.42 | op=SEND_HEARTBEAT {datanodeUUID=4f048490-ee80-4dd1-86ce-d63d571007b5, command=[]} | ret=SUCCESS |  
2019-08-31 22:30:10,323 | INFO  | SCMAudit | user=jenkins1000 | ip=192.168.34.42 | op=SEND_HEARTBEAT {datanodeUUID=131506aa-e8d4-495f-9e31-6caa17857e33, command=[]} | ret=SUCCESS |  
2019-08-31 22:30:10,417 | INFO  | SCMAudit | user=jenkins1000 | ip=192.168.34.42 | op=SEND_HEARTBEAT {datanodeUUID=4a257c07-4fcc-43d2-8a6e-26fe808bf4d2, command=[]} | ret=SUCCESS |  
2019-08-31 22:30:11,086 | INFO  | SCMAudit | user=jenkins1000 | ip=192.168.34.42 | op=SEND_HEARTBEAT {datanodeUUID=78f9d08d-f53f-40cf-9f90-7f7c9603a942, command=[]} | ret=SUCCESS |  
2019-08-31 22:30:11,199 | INFO  | SCMAudit | user=jenkins1000 | ip=192.168.34.42 | op=SEND_HEARTBEAT {datanodeUUID=be9ed4ca-dce9-4f3d-9c6d-abd66b1838f6, command=[]} | ret=SUCCESS |  
2019-08-31 22:30:11,217 | INFO  | SCMAudit | user=jenkins1000 | ip=192.168.34.42 | op=SEND_HEARTBEAT {datanodeUUID=2c0e17a6-6c2f-4502-821a-909817d7c69c, command=[]} | ret=SUCCESS |  
2019-08-31 22:30:11,223 | INFO  | SCMAudit | user=jenkins1000 | ip=192.168.34.42 | op=SEND_HEARTBEAT {datanodeUUID=094b17da-7f12-43e6-b453-785c127a2e77, command=[]} | ret=SUCCESS |  
2019-08-31 22:30:11,228 | INFO  | SCMAudit | user=jenkins1000 | ip=192.168.34.42 | op=SEND_HEARTBEAT {datanodeUUID=4f048490-ee80-4dd1-86ce-d63d571007b5, command=[]} | ret=SUCCESS |  
2019-08-31 22:30:11,324 | INFO  | SCMAudit | user=jenkins1000 | ip=192.168.34.42 | op=SEND_HEARTBEAT {datanodeUUID=131506aa-e8d4-495f-9e31-6caa17857e33, command=[]} | ret=SUCCESS |  
2019-08-31 22:30:11,418 | INFO  | SCMAudit | user=jenkins1000 | ip=192.168.34.42 | op=SEND_HEARTBEAT {datanodeUUID=4a257c07-4fcc-43d2-8a6e-26fe808bf4d2, command=[]} | ret=SUCCESS |  
2019-08-31 22:30:12,087 | INFO  | SCMAudit | user=jenkins1000 | ip=192.168.34.42 | op=SEND_HEARTBEAT {datanodeUUID=78f9d08d-f53f-40cf-9f90-7f7c9603a942, command=[]} | ret=SUCCESS |  
2019-08-31 22:30:12,199 | INFO  | SCMAudit | user=jenkins1000 | ip=192.168.34.42 | op=SEND_HEARTBEAT {datanodeUUID=be9ed4ca-dce9-4f3d-9c6d-abd66b1838f6, command=[]} | ret=SUCCESS |  
2019-08-31 22:30:12,218 | INFO  | SCMAudit | user=jenkins1000 | ip=192.168.34.42 | op=SEND_HEARTBEAT {datanodeUUID=2c0e17a6-6c2f-4502-821a-909817d7c69c, command=[]} | ret=SUCCESS |  
2019-08-31 22:30:12,223 | INFO  | SCMAudit | user=jenkins1000 | ip=192.168.34.42 | op=SEND_HEARTBEAT {datanodeUUID=094b17da-7f12-43e6-b453-785c127a2e77, command=[]} | ret=SUCCESS |  
2019-08-31 22:30:12,228 | INFO  | SCMAudit | user=jenkins1000 | ip=192.168.34.42 | op=SEND_HEARTBEAT {datanodeUUID=4f048490-ee80-4dd1-86ce-d63d571007b5, command=[]} | ret=SUCCESS |  
2019-08-31 22:30:12,324 | INFO  | SCMAudit | user=jenkins1000 | ip=192.168.34.42 | op=SEND_HEARTBEAT {datanodeUUID=131506aa-e8d4-495f-9e31-6caa17857e33, command=[]} | ret=SUCCESS |  
2019-08-31 22:30:12,417 | INFO  | SCMAudit | user=jenkins1000 | ip=192.168.34.42 | op=SEND_HEARTBEAT {datanodeUUID=4a257c07-4fcc-43d2-8a6e-26fe808bf4d2, command=[]} | ret=SUCCESS |  
2019-08-31 22:30:13,086 | INFO  | SCMAudit | user=jenkins1000 | ip=192.168.34.42 | op=SEND_HEARTBEAT {datanodeUUID=78f9d08d-f53f-40cf-9f90-7f7c9603a942, command=[]} | ret=SUCCESS |  
2019-08-31 22:30:13,200 | INFO  | SCMAudit | user=jenkins1000 | ip=192.168.34.42 | op=SEND_HEARTBEAT {datanodeUUID=be9ed4ca-dce9-4f3d-9c6d-abd66b1838f6, command=[]} | ret=SUCCESS |  
2019-08-31 22:30:13,218 | INFO  | SCMAudit | user=jenkins1000 | ip=192.168.34.42 | op=SEND_HEARTBEAT {datanodeUUID=2c0e17a6-6c2f-4502-821a-909817d7c69c, command=[]} | ret=SUCCESS |  
2019-08-31 22:30:13,223 | INFO  | SCMAudit | user=jenkins1000 | ip=192.168.34.42 | op=SEND_HEARTBEAT {datanodeUUID=094b17da-7f12-43e6-b453-785c127a2e77, command=[]} | ret=SUCCESS |  
2019-08-31 22:30:13,228 | INFO  | SCMAudit | user=jenkins1000 | ip=192.168.34.42 | op=SEND_HEARTBEAT {datanodeUUID=4f048490-ee80-4dd1-86ce-d63d571007b5, command=[]} | ret=SUCCESS |  
2019-08-31 22:30:13,324 | INFO  | SCMAudit | user=jenkins1000 | ip=192.168.34.42 | op=SEND_HEARTBEAT {datanodeUUID=131506aa-e8d4-495f-9e31-6caa17857e33, command=[]} | ret=SUCCESS |  
2019-08-31 22:30:13,418 | INFO  | SCMAudit | user=jenkins1000 | ip=192.168.34.42 | op=SEND_HEARTBEAT {datanodeUUID=4a257c07-4fcc-43d2-8a6e-26fe808bf4d2, command=[]} | ret=SUCCESS |  
2019-08-31 22:30:14,087 | INFO  | SCMAudit | user=jenkins1000 | ip=192.168.34.42 | op=SEND_HEARTBEAT {datanodeUUID=78f9d08d-f53f-40cf-9f90-7f7c9603a942, command=[]} | ret=SUCCESS |  
2019-08-31 22:30:14,200 | INFO  | SCMAudit | user=jenkins1000 | ip=192.168.34.42 | op=SEND_HEARTBEAT {datanodeUUID=be9ed4ca-dce9-4f3d-9c6d-abd66b1838f6, command=[]} | ret=SUCCESS |  
2019-08-31 22:30:14,219 | INFO  | SCMAudit | user=jenkins1000 | ip=192.168.34.42 | op=SEND_HEARTBEAT {datanodeUUID=2c0e17a6-6c2f-4502-821a-909817d7c69c, command=[]} | ret=SUCCESS |  
2019-08-31 22:30:14,223 | INFO  | SCMAudit | user=jenkins1000 | ip=192.168.34.42 | op=SEND_HEARTBEAT {datanodeUUID=094b17da-7f12-43e6-b453-785c127a2e77, command=[]} | ret=SUCCESS |  
2019-08-31 22:30:14,228 | INFO  | SCMAudit | user=jenkins1000 | ip=192.168.34.42 | op=SEND_HEARTBEAT {datanodeUUID=4f048490-ee80-4dd1-86ce-d63d571007b5, command=[]} | ret=SUCCESS |  
2019-08-31 22:30:14,325 | INFO  | SCMAudit | user=jenkins1000 | ip=192.168.34.42 | op=SEND_HEARTBEAT {datanodeUUID=131506aa-e8d4-495f-9e31-6caa17857e33, command=[]} | ret=SUCCESS |  
2019-08-31 22:30:14,417 | INFO  | SCMAudit | user=jenkins1000 | ip=192.168.34.42 | op=SEND_HEARTBEAT {datanodeUUID=4a257c07-4fcc-43d2-8a6e-26fe808bf4d2, command=[]} | ret=SUCCESS |  
2019-08-31 22:30:14,882 [grpc-default-executor-4] INFO  client.GrpcClientProtocolClient (GrpcClientProtocolClient.java:onNext(255)) - client-13F9D6D6E6E8->094b17da-7f12-43e6-b453-785c127a2e77: receive RaftClientReply:client-13F9D6D6E6E8->094b17da-7f12-43e6-b453-785c127a2e77@group-91658440A578, cid=44, FAILED org.apache.ratis.protocol.NotLeaderException: Server 094b17da-7f12-43e6-b453-785c127a2e77 is not the leader (be9ed4ca-dce9-4f3d-9c6d-abd66b1838f6:192.168.34.42:36394). Request must be sent to leader., logIndex=0, commits[094b17da-7f12-43e6-b453-785c127a2e77:c8, 4f048490-ee80-4dd1-86ce-d63d571007b5:c8, be9ed4ca-dce9-4f3d-9c6d-abd66b1838f6:c8]
2019-08-31 22:30:15,086 | INFO  | SCMAudit | user=jenkins1000 | ip=192.168.34.42 | op=SEND_HEARTBEAT {datanodeUUID=78f9d08d-f53f-40cf-9f90-7f7c9603a942, command=[]} | ret=SUCCESS |  
2019-08-31 22:30:15,199 | INFO  | SCMAudit | user=jenkins1000 | ip=192.168.34.42 | op=SEND_HEARTBEAT {datanodeUUID=be9ed4ca-dce9-4f3d-9c6d-abd66b1838f6, command=[]} | ret=SUCCESS |  
2019-08-31 22:30:15,220 | INFO  | SCMAudit | user=jenkins1000 | ip=192.168.34.42 | op=SEND_HEARTBEAT {datanodeUUID=2c0e17a6-6c2f-4502-821a-909817d7c69c, command=[]} | ret=SUCCESS |  
2019-08-31 22:30:15,223 | INFO  | SCMAudit | user=jenkins1000 | ip=192.168.34.42 | op=SEND_HEARTBEAT {datanodeUUID=094b17da-7f12-43e6-b453-785c127a2e77, command=[]} | ret=SUCCESS |  
2019-08-31 22:30:15,228 | INFO  | SCMAudit | user=jenkins1000 | ip=192.168.34.42 | op=SEND_HEARTBEAT {datanodeUUID=4f048490-ee80-4dd1-86ce-d63d571007b5, command=[]} | ret=SUCCESS |  
2019-08-31 22:30:15,325 | INFO  | SCMAudit | user=jenkins1000 | ip=192.168.34.42 | op=SEND_HEARTBEAT {datanodeUUID=131506aa-e8d4-495f-9e31-6caa17857e33, command=[]} | ret=SUCCESS |  
2019-08-31 22:30:15,417 | INFO  | SCMAudit | user=jenkins1000 | ip=192.168.34.42 | op=SEND_HEARTBEAT {datanodeUUID=4a257c07-4fcc-43d2-8a6e-26fe808bf4d2, command=[]} | ret=SUCCESS |  
2019-08-31 22:30:16,087 | INFO  | SCMAudit | user=jenkins1000 | ip=192.168.34.42 | op=SEND_HEARTBEAT {datanodeUUID=78f9d08d-f53f-40cf-9f90-7f7c9603a942, command=[]} | ret=SUCCESS |  
2019-08-31 22:30:16,200 | INFO  | SCMAudit | user=jenkins1000 | ip=192.168.34.42 | op=SEND_HEARTBEAT {datanodeUUID=be9ed4ca-dce9-4f3d-9c6d-abd66b1838f6, command=[]} | ret=SUCCESS |  
2019-08-31 22:30:16,220 | INFO  | SCMAudit | user=jenkins1000 | ip=192.168.34.42 | op=SEND_HEARTBEAT {datanodeUUID=2c0e17a6-6c2f-4502-821a-909817d7c69c, command=[]} | ret=SUCCESS |  
2019-08-31 22:30:16,223 | INFO  | SCMAudit | user=jenkins1000 | ip=192.168.34.42 | op=SEND_HEARTBEAT {datanodeUUID=094b17da-7f12-43e6-b453-785c127a2e77, command=[]} | ret=SUCCESS |  
2019-08-31 22:30:16,228 | INFO  | SCMAudit | user=jenkins1000 | ip=192.168.34.42 | op=SEND_HEARTBEAT {datanodeUUID=4f048490-ee80-4dd1-86ce-d63d571007b5, command=[]} | ret=SUCCESS |  
2019-08-31 22:30:16,325 | INFO  | SCMAudit | user=jenkins1000 | ip=192.168.34.42 | op=SEND_HEARTBEAT {datanodeUUID=131506aa-e8d4-495f-9e31-6caa17857e33, command=[]} | ret=SUCCESS |  
2019-08-31 22:30:16,417 | INFO  | SCMAudit | user=jenkins1000 | ip=192.168.34.42 | op=SEND_HEARTBEAT {datanodeUUID=4a257c07-4fcc-43d2-8a6e-26fe808bf4d2, command=[]} | ret=SUCCESS |  
2019-08-31 22:30:17,086 | INFO  | SCMAudit | user=jenkins1000 | ip=192.168.34.42 | op=SEND_HEARTBEAT {datanodeUUID=78f9d08d-f53f-40cf-9f90-7f7c9603a942, command=[]} | ret=SUCCESS |  
2019-08-31 22:30:17,200 | INFO  | SCMAudit | user=jenkins1000 | ip=192.168.34.42 | op=SEND_HEARTBEAT {datanodeUUID=be9ed4ca-dce9-4f3d-9c6d-abd66b1838f6, command=[]} | ret=SUCCESS |  
2019-08-31 22:30:17,220 | INFO  | SCMAudit | user=jenkins1000 | ip=192.168.34.42 | op=SEND_HEARTBEAT {datanodeUUID=2c0e17a6-6c2f-4502-821a-909817d7c69c, command=[]} | ret=SUCCESS |  
2019-08-31 22:30:17,223 | INFO  | SCMAudit | user=jenkins1000 | ip=192.168.34.42 | op=SEND_HEARTBEAT {datanodeUUID=094b17da-7f12-43e6-b453-785c127a2e77, command=[]} | ret=SUCCESS |  
2019-08-31 22:30:17,228 | INFO  | SCMAudit | user=jenkins1000 | ip=192.168.34.42 | op=SEND_HEARTBEAT {datanodeUUID=4f048490-ee80-4dd1-86ce-d63d571007b5, command=[]} | ret=SUCCESS |  
2019-08-31 22:30:17,326 | INFO  | SCMAudit | user=jenkins1000 | ip=192.168.34.42 | op=SEND_HEARTBEAT {datanodeUUID=131506aa-e8d4-495f-9e31-6caa17857e33, command=[]} | ret=SUCCESS |  
2019-08-31 22:30:17,417 | INFO  | SCMAudit | user=jenkins1000 | ip=192.168.34.42 | op=SEND_HEARTBEAT {datanodeUUID=4a257c07-4fcc-43d2-8a6e-26fe808bf4d2, command=[]} | ret=SUCCESS |  
2019-08-31 22:30:18,087 | INFO  | SCMAudit | user=jenkins1000 | ip=192.168.34.42 | op=SEND_HEARTBEAT {datanodeUUID=78f9d08d-f53f-40cf-9f90-7f7c9603a942, command=[]} | ret=SUCCESS |  
2019-08-31 22:30:18,200 | INFO  | SCMAudit | user=jenkins1000 | ip=192.168.34.42 | op=SEND_HEARTBEAT {datanodeUUID=be9ed4ca-dce9-4f3d-9c6d-abd66b1838f6, command=[]} | ret=SUCCESS |  
2019-08-31 22:30:18,220 | INFO  | SCMAudit | user=jenkins1000 | ip=192.168.34.42 | op=SEND_HEARTBEAT {datanodeUUID=2c0e17a6-6c2f-4502-821a-909817d7c69c, command=[]} | ret=SUCCESS |  
2019-08-31 22:30:18,223 | INFO  | SCMAudit | user=jenkins1000 | ip=192.168.34.42 | op=SEND_HEARTBEAT {datanodeUUID=094b17da-7f12-43e6-b453-785c127a2e77, command=[]} | ret=SUCCESS |  
2019-08-31 22:30:18,228 | INFO  | SCMAudit | user=jenkins1000 | ip=192.168.34.42 | op=SEND_HEARTBEAT {datanodeUUID=4f048490-ee80-4dd1-86ce-d63d571007b5, command=[]} | ret=SUCCESS |  
2019-08-31 22:30:18,326 | INFO  | SCMAudit | user=jenkins1000 | ip=192.168.34.42 | op=SEND_HEARTBEAT {datanodeUUID=131506aa-e8d4-495f-9e31-6caa17857e33, command=[]} | ret=SUCCESS |  
2019-08-31 22:30:18,418 | INFO  | SCMAudit | user=jenkins1000 | ip=192.168.34.42 | op=SEND_HEARTBEAT {datanodeUUID=4a257c07-4fcc-43d2-8a6e-26fe808bf4d2, command=[]} | ret=SUCCESS |  
2019-08-31 22:30:19,086 | INFO  | SCMAudit | user=jenkins1000 | ip=192.168.34.42 | op=SEND_HEARTBEAT {datanodeUUID=78f9d08d-f53f-40cf-9f90-7f7c9603a942, command=[]} | ret=SUCCESS |  
2019-08-31 22:30:19,200 | INFO  | SCMAudit | user=jenkins1000 | ip=192.168.34.42 | op=SEND_HEARTBEAT {datanodeUUID=be9ed4ca-dce9-4f3d-9c6d-abd66b1838f6, command=[]} | ret=SUCCESS |  
2019-08-31 22:30:19,220 | INFO  | SCMAudit | user=jenkins1000 | ip=192.168.34.42 | op=SEND_HEARTBEAT {datanodeUUID=2c0e17a6-6c2f-4502-821a-909817d7c69c, command=[]} | ret=SUCCESS |  
2019-08-31 22:30:19,224 | INFO  | SCMAudit | user=jenkins1000 | ip=192.168.34.42 | op=SEND_HEARTBEAT {datanodeUUID=094b17da-7f12-43e6-b453-785c127a2e77, command=[]} | ret=SUCCESS |  
2019-08-31 22:30:19,228 | INFO  | SCMAudit | user=jenkins1000 | ip=192.168.34.42 | op=SEND_HEARTBEAT {datanodeUUID=4f048490-ee80-4dd1-86ce-d63d571007b5, command=[]} | ret=SUCCESS |  
2019-08-31 22:30:19,326 | INFO  | SCMAudit | user=jenkins1000 | ip=192.168.34.42 | op=SEND_HEARTBEAT {datanodeUUID=131506aa-e8d4-495f-9e31-6caa17857e33, command=[]} | ret=SUCCESS |  
2019-08-31 22:30:19,417 | INFO  | SCMAudit | user=jenkins1000 | ip=192.168.34.42 | op=SEND_HEARTBEAT {datanodeUUID=4a257c07-4fcc-43d2-8a6e-26fe808bf4d2, command=[]} | ret=SUCCESS |  
2019-08-31 22:30:19,923 [grpc-default-executor-4] INFO  client.GrpcClientProtocolClient (GrpcClientProtocolClient.java:onNext(255)) - client-13F9D6D6E6E8->4f048490-ee80-4dd1-86ce-d63d571007b5: receive RaftClientReply:client-13F9D6D6E6E8->4f048490-ee80-4dd1-86ce-d63d571007b5@group-91658440A578, cid=44, FAILED org.apache.ratis.protocol.NotLeaderException: Server 4f048490-ee80-4dd1-86ce-d63d571007b5 is not the leader (be9ed4ca-dce9-4f3d-9c6d-abd66b1838f6:192.168.34.42:36394). Request must be sent to leader., logIndex=0, commits[4f048490-ee80-4dd1-86ce-d63d571007b5:c8, be9ed4ca-dce9-4f3d-9c6d-abd66b1838f6:c8, 094b17da-7f12-43e6-b453-785c127a2e77:c8]
2019-08-31 22:30:20,087 | INFO  | SCMAudit | user=jenkins1000 | ip=192.168.34.42 | op=SEND_HEARTBEAT {datanodeUUID=78f9d08d-f53f-40cf-9f90-7f7c9603a942, command=[]} | ret=SUCCESS |  
2019-08-31 22:30:20,200 | INFO  | SCMAudit | user=jenkins1000 | ip=192.168.34.42 | op=SEND_HEARTBEAT {datanodeUUID=be9ed4ca-dce9-4f3d-9c6d-abd66b1838f6, command=[]} | ret=SUCCESS |  
2019-08-31 22:30:20,221 | INFO  | SCMAudit | user=jenkins1000 | ip=192.168.34.42 | op=SEND_HEARTBEAT {datanodeUUID=2c0e17a6-6c2f-4502-821a-909817d7c69c, command=[]} | ret=SUCCESS |  
2019-08-31 22:30:20,225 | INFO  | SCMAudit | user=jenkins1000 | ip=192.168.34.42 | op=SEND_HEARTBEAT {datanodeUUID=094b17da-7f12-43e6-b453-785c127a2e77, command=[]} | ret=SUCCESS |  
2019-08-31 22:30:20,228 | INFO  | SCMAudit | user=jenkins1000 | ip=192.168.34.42 | op=SEND_HEARTBEAT {datanodeUUID=4f048490-ee80-4dd1-86ce-d63d571007b5, command=[]} | ret=SUCCESS |  
2019-08-31 22:30:20,327 | INFO  | SCMAudit | user=jenkins1000 | ip=192.168.34.42 | op=SEND_HEARTBEAT {datanodeUUID=131506aa-e8d4-495f-9e31-6caa17857e33, command=[]} | ret=SUCCESS |  
2019-08-31 22:30:20,417 | INFO  | SCMAudit | user=jenkins1000 | ip=192.168.34.42 | op=SEND_HEARTBEAT {datanodeUUID=4a257c07-4fcc-43d2-8a6e-26fe808bf4d2, command=[]} | ret=SUCCESS |  
2019-08-31 22:30:21,086 | INFO  | SCMAudit | user=jenkins1000 | ip=192.168.34.42 | op=SEND_HEARTBEAT {datanodeUUID=78f9d08d-f53f-40cf-9f90-7f7c9603a942, command=[]} | ret=SUCCESS |  
2019-08-31 22:30:21,200 | INFO  | SCMAudit | user=jenkins1000 | ip=192.168.34.42 | op=SEND_HEARTBEAT {datanodeUUID=be9ed4ca-dce9-4f3d-9c6d-abd66b1838f6, command=[]} | ret=SUCCESS |  
2019-08-31 22:30:21,221 | INFO  | SCMAudit | user=jenkins1000 | ip=192.168.34.42 | op=SEND_HEARTBEAT {datanodeUUID=2c0e17a6-6c2f-4502-821a-909817d7c69c, command=[]} | ret=SUCCESS |  
2019-08-31 22:30:21,225 | INFO  | SCMAudit | user=jenkins1000 | ip=192.168.34.42 | op=SEND_HEARTBEAT {datanodeUUID=094b17da-7f12-43e6-b453-785c127a2e77, command=[]} | ret=SUCCESS |  
2019-08-31 22:30:21,228 | INFO  | SCMAudit | user=jenkins1000 | ip=192.168.34.42 | op=SEND_HEARTBEAT {datanodeUUID=4f048490-ee80-4dd1-86ce-d63d571007b5, command=[]} | ret=SUCCESS |  
2019-08-31 22:30:21,327 | INFO  | SCMAudit | user=jenkins1000 | ip=192.168.34.42 | op=SEND_HEARTBEAT {datanodeUUID=131506aa-e8d4-495f-9e31-6caa17857e33, command=[]} | ret=SUCCESS |  
2019-08-31 22:30:21,417 | INFO  | SCMAudit | user=jenkins1000 | ip=192.168.34.42 | op=SEND_HEARTBEAT {datanodeUUID=4a257c07-4fcc-43d2-8a6e-26fe808bf4d2, command=[]} | ret=SUCCESS |  
2019-08-31 22:30:22,087 | INFO  | SCMAudit | user=jenkins1000 | ip=192.168.34.42 | op=SEND_HEARTBEAT {datanodeUUID=78f9d08d-f53f-40cf-9f90-7f7c9603a942, command=[]} | ret=SUCCESS |  
2019-08-31 22:30:22,201 | INFO  | SCMAudit | user=jenkins1000 | ip=192.168.34.42 | op=SEND_HEARTBEAT {datanodeUUID=be9ed4ca-dce9-4f3d-9c6d-abd66b1838f6, command=[]} | ret=SUCCESS |  
2019-08-31 22:30:22,221 | INFO  | SCMAudit | user=jenkins1000 | ip=192.168.34.42 | op=SEND_HEARTBEAT {datanodeUUID=2c0e17a6-6c2f-4502-821a-909817d7c69c, command=[]} | ret=SUCCESS |  
2019-08-31 22:30:22,225 | INFO  | SCMAudit | user=jenkins1000 | ip=192.168.34.42 | op=SEND_HEARTBEAT {datanodeUUID=094b17da-7f12-43e6-b453-785c127a2e77, command=[]} | ret=SUCCESS |  
2019-08-31 22:30:22,228 | INFO  | SCMAudit | user=jenkins1000 | ip=192.168.34.42 | op=SEND_HEARTBEAT {datanodeUUID=4f048490-ee80-4dd1-86ce-d63d571007b5, command=[]} | ret=SUCCESS |  
2019-08-31 22:30:22,328 | INFO  | SCMAudit | user=jenkins1000 | ip=192.168.34.42 | op=SEND_HEARTBEAT {datanodeUUID=131506aa-e8d4-495f-9e31-6caa17857e33, command=[]} | ret=SUCCESS |  
2019-08-31 22:30:22,418 | INFO  | SCMAudit | user=jenkins1000 | ip=192.168.34.42 | op=SEND_HEARTBEAT {datanodeUUID=4a257c07-4fcc-43d2-8a6e-26fe808bf4d2, command=[]} | ret=SUCCESS |  
2019-08-31 22:30:23,087 | INFO  | SCMAudit | user=jenkins1000 | ip=192.168.34.42 | op=SEND_HEARTBEAT {datanodeUUID=78f9d08d-f53f-40cf-9f90-7f7c9603a942, command=[]} | ret=SUCCESS |  
2019-08-31 22:30:23,201 | INFO  | SCMAudit | user=jenkins1000 | ip=192.168.34.42 | op=SEND_HEARTBEAT {datanodeUUID=be9ed4ca-dce9-4f3d-9c6d-abd66b1838f6, command=[]} | ret=SUCCESS |  
2019-08-31 22:30:23,220 | INFO  | SCMAudit | user=jenkins1000 | ip=192.168.34.42 | op=SEND_HEARTBEAT {datanodeUUID=2c0e17a6-6c2f-4502-821a-909817d7c69c, command=[]} | ret=SUCCESS |  
2019-08-31 22:30:23,226 | INFO  | SCMAudit | user=jenkins1000 | ip=192.168.34.42 | op=SEND_HEARTBEAT {datanodeUUID=094b17da-7f12-43e6-b453-785c127a2e77, command=[]} | ret=SUCCESS |  
2019-08-31 22:30:23,228 | INFO  | SCMAudit | user=jenkins1000 | ip=192.168.34.42 | op=SEND_HEARTBEAT {datanodeUUID=4f048490-ee80-4dd1-86ce-d63d571007b5, command=[]} | ret=SUCCESS |  
2019-08-31 22:30:23,328 | INFO  | SCMAudit | user=jenkins1000 | ip=192.168.34.42 | op=SEND_HEARTBEAT {datanodeUUID=131506aa-e8d4-495f-9e31-6caa17857e33, command=[]} | ret=SUCCESS |  
2019-08-31 22:30:23,418 | INFO  | SCMAudit | user=jenkins1000 | ip=192.168.34.42 | op=SEND_HEARTBEAT {datanodeUUID=4a257c07-4fcc-43d2-8a6e-26fe808bf4d2, command=[]} | ret=SUCCESS |  
2019-08-31 22:30:24,087 | INFO  | SCMAudit | user=jenkins1000 | ip=192.168.34.42 | op=SEND_HEARTBEAT {datanodeUUID=78f9d08d-f53f-40cf-9f90-7f7c9603a942, command=[]} | ret=SUCCESS |  
2019-08-31 22:30:24,201 | INFO  | SCMAudit | user=jenkins1000 | ip=192.168.34.42 | op=SEND_HEARTBEAT {datanodeUUID=be9ed4ca-dce9-4f3d-9c6d-abd66b1838f6, command=[]} | ret=SUCCESS |  
2019-08-31 22:30:24,220 | INFO  | SCMAudit | user=jenkins1000 | ip=192.168.34.42 | op=SEND_HEARTBEAT {datanodeUUID=2c0e17a6-6c2f-4502-821a-909817d7c69c, command=[]} | ret=SUCCESS |  
2019-08-31 22:30:24,225 | INFO  | SCMAudit | user=jenkins1000 | ip=192.168.34.42 | op=SEND_HEARTBEAT {datanodeUUID=094b17da-7f12-43e6-b453-785c127a2e77, command=[]} | ret=SUCCESS |  
2019-08-31 22:30:24,228 | INFO  | SCMAudit | user=jenkins1000 | ip=192.168.34.42 | op=SEND_HEARTBEAT {datanodeUUID=4f048490-ee80-4dd1-86ce-d63d571007b5, command=[]} | ret=SUCCESS |  
2019-08-31 22:30:24,328 | INFO  | SCMAudit | user=jenkins1000 | ip=192.168.34.42 | op=SEND_HEARTBEAT {datanodeUUID=131506aa-e8d4-495f-9e31-6caa17857e33, command=[]} | ret=SUCCESS |  
2019-08-31 22:30:24,418 | INFO  | SCMAudit | user=jenkins1000 | ip=192.168.34.42 | op=SEND_HEARTBEAT {datanodeUUID=4a257c07-4fcc-43d2-8a6e-26fe808bf4d2, command=[]} | ret=SUCCESS |  
2019-08-31 22:30:24,958 [grpc-default-executor-4] INFO  client.GrpcClientProtocolClient (GrpcClientProtocolClient.java:onNext(255)) - client-13F9D6D6E6E8->4f048490-ee80-4dd1-86ce-d63d571007b5: receive RaftClientReply:client-13F9D6D6E6E8->4f048490-ee80-4dd1-86ce-d63d571007b5@group-91658440A578, cid=44, FAILED org.apache.ratis.protocol.NotLeaderException: Server 4f048490-ee80-4dd1-86ce-d63d571007b5 is not the leader (be9ed4ca-dce9-4f3d-9c6d-abd66b1838f6:192.168.34.42:36394). Request must be sent to leader., logIndex=0, commits[4f048490-ee80-4dd1-86ce-d63d571007b5:c8, be9ed4ca-dce9-4f3d-9c6d-abd66b1838f6:c8, 094b17da-7f12-43e6-b453-785c127a2e77:c8]
2019-08-31 22:30:25,088 | INFO  | SCMAudit | user=jenkins1000 | ip=192.168.34.42 | op=SEND_HEARTBEAT {datanodeUUID=78f9d08d-f53f-40cf-9f90-7f7c9603a942, command=[]} | ret=SUCCESS |  
2019-08-31 22:30:25,202 | INFO  | SCMAudit | user=jenkins1000 | ip=192.168.34.42 | op=SEND_HEARTBEAT {datanodeUUID=be9ed4ca-dce9-4f3d-9c6d-abd66b1838f6, command=[]} | ret=SUCCESS |  
2019-08-31 22:30:25,220 | INFO  | SCMAudit | user=jenkins1000 | ip=192.168.34.42 | op=SEND_HEARTBEAT {datanodeUUID=2c0e17a6-6c2f-4502-821a-909817d7c69c, command=[]} | ret=SUCCESS |  
2019-08-31 22:30:25,225 | INFO  | SCMAudit | user=jenkins1000 | ip=192.168.34.42 | op=SEND_HEARTBEAT {datanodeUUID=094b17da-7f12-43e6-b453-785c127a2e77, command=[]} | ret=SUCCESS |  
2019-08-31 22:30:25,228 | INFO  | SCMAudit | user=jenkins1000 | ip=192.168.34.42 | op=SEND_HEARTBEAT {datanodeUUID=4f048490-ee80-4dd1-86ce-d63d571007b5, command=[]} | ret=SUCCESS |  
2019-08-31 22:30:25,328 | INFO  | SCMAudit | user=jenkins1000 | ip=192.168.34.42 | op=SEND_HEARTBEAT {datanodeUUID=131506aa-e8d4-495f-9e31-6caa17857e33, command=[]} | ret=SUCCESS |  
2019-08-31 22:30:25,418 | INFO  | SCMAudit | user=jenkins1000 | ip=192.168.34.42 | op=SEND_HEARTBEAT {datanodeUUID=4a257c07-4fcc-43d2-8a6e-26fe808bf4d2, command=[]} | ret=SUCCESS |  
2019-08-31 22:30:26,087 | INFO  | SCMAudit | user=jenkins1000 | ip=192.168.34.42 | op=SEND_HEARTBEAT {datanodeUUID=78f9d08d-f53f-40cf-9f90-7f7c9603a942, command=[]} | ret=SUCCESS |  
2019-08-31 22:30:26,202 | INFO  | SCMAudit | user=jenkins1000 | ip=192.168.34.42 | op=SEND_HEARTBEAT {datanodeUUID=be9ed4ca-dce9-4f3d-9c6d-abd66b1838f6, command=[]} | ret=SUCCESS |  
2019-08-31 22:30:26,220 | INFO  | SCMAudit | user=jenkins1000 | ip=192.168.34.42 | op=SEND_HEARTBEAT {datanodeUUID=2c0e17a6-6c2f-4502-821a-909817d7c69c, command=[]} | ret=SUCCESS |  
2019-08-31 22:30:26,225 | INFO  | SCMAudit | user=jenkins1000 | ip=192.168.34.42 | op=SEND_HEARTBEAT {datanodeUUID=094b17da-7f12-43e6-b453-785c127a2e77, command=[]} | ret=SUCCESS |  
2019-08-31 22:30:26,228 | INFO  | SCMAudit | user=jenkins1000 | ip=192.168.34.42 | op=SEND_HEARTBEAT {datanodeUUID=4f048490-ee80-4dd1-86ce-d63d571007b5, command=[]} | ret=SUCCESS |  
2019-08-31 22:30:26,328 | INFO  | SCMAudit | user=jenkins1000 | ip=192.168.34.42 | op=SEND_HEARTBEAT {datanodeUUID=131506aa-e8d4-495f-9e31-6caa17857e33, command=[]} | ret=SUCCESS |  
2019-08-31 22:30:26,419 | INFO  | SCMAudit | user=jenkins1000 | ip=192.168.34.42 | op=SEND_HEARTBEAT {datanodeUUID=4a257c07-4fcc-43d2-8a6e-26fe808bf4d2, command=[]} | ret=SUCCESS |  
2019-08-31 22:30:27,088 | INFO  | SCMAudit | user=jenkins1000 | ip=192.168.34.42 | op=SEND_HEARTBEAT {datanodeUUID=78f9d08d-f53f-40cf-9f90-7f7c9603a942, command=[]} | ret=SUCCESS |  
2019-08-31 22:30:27,202 | INFO  | SCMAudit | user=jenkins1000 | ip=192.168.34.42 | op=SEND_HEARTBEAT {datanodeUUID=be9ed4ca-dce9-4f3d-9c6d-abd66b1838f6, command=[]} | ret=SUCCESS |  
2019-08-31 22:30:27,220 | INFO  | SCMAudit | user=jenkins1000 | ip=192.168.34.42 | op=SEND_HEARTBEAT {datanodeUUID=2c0e17a6-6c2f-4502-821a-909817d7c69c, command=[]} | ret=SUCCESS |  
2019-08-31 22:30:27,226 | INFO  | SCMAudit | user=jenkins1000 | ip=192.168.34.42 | op=SEND_HEARTBEAT {datanodeUUID=094b17da-7f12-43e6-b453-785c127a2e77, command=[]} | ret=SUCCESS |  
2019-08-31 22:30:27,228 | INFO  | SCMAudit | user=jenkins1000 | ip=192.168.34.42 | op=SEND_HEARTBEAT {datanodeUUID=4f048490-ee80-4dd1-86ce-d63d571007b5, command=[]} | ret=SUCCESS |  
2019-08-31 22:30:27,329 | INFO  | SCMAudit | user=jenkins1000 | ip=192.168.34.42 | op=SEND_HEARTBEAT {datanodeUUID=131506aa-e8d4-495f-9e31-6caa17857e33, command=[]} | ret=SUCCESS |  
2019-08-31 22:30:27,419 | INFO  | SCMAudit | user=jenkins1000 | ip=192.168.34.42 | op=SEND_HEARTBEAT {datanodeUUID=4a257c07-4fcc-43d2-8a6e-26fe808bf4d2, command=[]} | ret=SUCCESS |  
2019-08-31 22:30:28,088 | INFO  | SCMAudit | user=jenkins1000 | ip=192.168.34.42 | op=SEND_HEARTBEAT {datanodeUUID=78f9d08d-f53f-40cf-9f90-7f7c9603a942, command=[]} | ret=SUCCESS |  
2019-08-31 22:30:28,203 | INFO  | SCMAudit | user=jenkins1000 | ip=192.168.34.42 | op=SEND_HEARTBEAT {datanodeUUID=be9ed4ca-dce9-4f3d-9c6d-abd66b1838f6, command=[]} | ret=SUCCESS |  
2019-08-31 22:30:28,220 | INFO  | SCMAudit | user=jenkins1000 | ip=192.168.34.42 | op=SEND_HEARTBEAT {datanodeUUID=2c0e17a6-6c2f-4502-821a-909817d7c69c, command=[]} | ret=SUCCESS |  
2019-08-31 22:30:28,225 | INFO  | SCMAudit | user=jenkins1000 | ip=192.168.34.42 | op=SEND_HEARTBEAT {datanodeUUID=094b17da-7f12-43e6-b453-785c127a2e77, command=[]} | ret=SUCCESS |  
2019-08-31 22:30:28,228 | INFO  | SCMAudit | user=jenkins1000 | ip=192.168.34.42 | op=SEND_HEARTBEAT {datanodeUUID=4f048490-ee80-4dd1-86ce-d63d571007b5, command=[]} | ret=SUCCESS |  
2019-08-31 22:30:28,328 | INFO  | SCMAudit | user=jenkins1000 | ip=192.168.34.42 | op=SEND_HEARTBEAT {datanodeUUID=131506aa-e8d4-495f-9e31-6caa17857e33, command=[]} | ret=SUCCESS |  
2019-08-31 22:30:28,419 | INFO  | SCMAudit | user=jenkins1000 | ip=192.168.34.42 | op=SEND_HEARTBEAT {datanodeUUID=4a257c07-4fcc-43d2-8a6e-26fe808bf4d2, command=[]} | ret=SUCCESS |  
2019-08-31 22:30:29,087 | INFO  | SCMAudit | user=jenkins1000 | ip=192.168.34.42 | op=SEND_HEARTBEAT {datanodeUUID=78f9d08d-f53f-40cf-9f90-7f7c9603a942, command=[]} | ret=SUCCESS |  
2019-08-31 22:30:29,203 | INFO  | SCMAudit | user=jenkins1000 | ip=192.168.34.42 | op=SEND_HEARTBEAT {datanodeUUID=be9ed4ca-dce9-4f3d-9c6d-abd66b1838f6, command=[]} | ret=SUCCESS |  
2019-08-31 22:30:29,220 | INFO  | SCMAudit | user=jenkins1000 | ip=192.168.34.42 | op=SEND_HEARTBEAT {datanodeUUID=2c0e17a6-6c2f-4502-821a-909817d7c69c, command=[]} | ret=SUCCESS |  
2019-08-31 22:30:29,226 | INFO  | SCMAudit | user=jenkins1000 | ip=192.168.34.42 | op=SEND_HEARTBEAT {datanodeUUID=094b17da-7f12-43e6-b453-785c127a2e77, command=[]} | ret=SUCCESS |  
2019-08-31 22:30:29,228 | INFO  | SCMAudit | user=jenkins1000 | ip=192.168.34.42 | op=SEND_HEARTBEAT {datanodeUUID=4f048490-ee80-4dd1-86ce-d63d571007b5, command=[]} | ret=SUCCESS |  
2019-08-31 22:30:29,328 | INFO  | SCMAudit | user=jenkins1000 | ip=192.168.34.42 | op=SEND_HEARTBEAT {datanodeUUID=131506aa-e8d4-495f-9e31-6caa17857e33, command=[]} | ret=SUCCESS |  
2019-08-31 22:30:29,418 | INFO  | SCMAudit | user=jenkins1000 | ip=192.168.34.42 | op=SEND_HEARTBEAT {datanodeUUID=4a257c07-4fcc-43d2-8a6e-26fe808bf4d2, command=[]} | ret=SUCCESS |  
2019-08-31 22:30:30,014 [grpc-default-executor-4] INFO  client.GrpcClientProtocolClient (GrpcClientProtocolClient.java:onNext(255)) - client-13F9D6D6E6E8->094b17da-7f12-43e6-b453-785c127a2e77: receive RaftClientReply:client-13F9D6D6E6E8->094b17da-7f12-43e6-b453-785c127a2e77@group-91658440A578, cid=44, FAILED org.apache.ratis.protocol.NotLeaderException: Server 094b17da-7f12-43e6-b453-785c127a2e77 is not the leader (be9ed4ca-dce9-4f3d-9c6d-abd66b1838f6:192.168.34.42:36394). Request must be sent to leader., logIndex=0, commits[094b17da-7f12-43e6-b453-785c127a2e77:c8, 4f048490-ee80-4dd1-86ce-d63d571007b5:c8, be9ed4ca-dce9-4f3d-9c6d-abd66b1838f6:c8]
2019-08-31 22:30:30,088 | INFO  | SCMAudit | user=jenkins1000 | ip=192.168.34.42 | op=SEND_HEARTBEAT {datanodeUUID=78f9d08d-f53f-40cf-9f90-7f7c9603a942, command=[]} | ret=SUCCESS |  
2019-08-31 22:30:30,202 | INFO  | SCMAudit | user=jenkins1000 | ip=192.168.34.42 | op=SEND_HEARTBEAT {datanodeUUID=be9ed4ca-dce9-4f3d-9c6d-abd66b1838f6, command=[]} | ret=SUCCESS |  
2019-08-31 22:30:30,220 | INFO  | SCMAudit | user=jenkins1000 | ip=192.168.34.42 | op=SEND_HEARTBEAT {datanodeUUID=2c0e17a6-6c2f-4502-821a-909817d7c69c, command=[]} | ret=SUCCESS |  
2019-08-31 22:30:30,226 | INFO  | SCMAudit | user=jenkins1000 | ip=192.168.34.42 | op=SEND_HEARTBEAT {datanodeUUID=094b17da-7f12-43e6-b453-785c127a2e77, command=[]} | ret=SUCCESS |  
2019-08-31 22:30:30,228 | INFO  | SCMAudit | user=jenkins1000 | ip=192.168.34.42 | op=SEND_HEARTBEAT {datanodeUUID=4f048490-ee80-4dd1-86ce-d63d571007b5, command=[]} | ret=SUCCESS |  
2019-08-31 22:30:30,329 | INFO  | SCMAudit | user=jenkins1000 | ip=192.168.34.42 | op=SEND_HEARTBEAT {datanodeUUID=131506aa-e8d4-495f-9e31-6caa17857e33, command=[]} | ret=SUCCESS |  
2019-08-31 22:30:30,418 | INFO  | SCMAudit | user=jenkins1000 | ip=192.168.34.42 | op=SEND_HEARTBEAT {datanodeUUID=4a257c07-4fcc-43d2-8a6e-26fe808bf4d2, command=[]} | ret=SUCCESS |  
2019-08-31 22:30:31,087 | INFO  | SCMAudit | user=jenkins1000 | ip=192.168.34.42 | op=SEND_HEARTBEAT {datanodeUUID=78f9d08d-f53f-40cf-9f90-7f7c9603a942, command=[]} | ret=SUCCESS |  
2019-08-31 22:30:31,202 | INFO  | SCMAudit | user=jenkins1000 | ip=192.168.34.42 | op=SEND_HEARTBEAT {datanodeUUID=be9ed4ca-dce9-4f3d-9c6d-abd66b1838f6, command=[]} | ret=SUCCESS |  
2019-08-31 22:30:31,220 | INFO  | SCMAudit | user=jenkins1000 | ip=192.168.34.42 | op=SEND_HEARTBEAT {datanodeUUID=2c0e17a6-6c2f-4502-821a-909817d7c69c, command=[]} | ret=SUCCESS |  
2019-08-31 22:30:31,226 | INFO  | SCMAudit | user=jenkins1000 | ip=192.168.34.42 | op=SEND_HEARTBEAT {datanodeUUID=094b17da-7f12-43e6-b453-785c127a2e77, command=[]} | ret=SUCCESS |  
2019-08-31 22:30:31,228 | INFO  | SCMAudit | user=jenkins1000 | ip=192.168.34.42 | op=SEND_HEARTBEAT {datanodeUUID=4f048490-ee80-4dd1-86ce-d63d571007b5, command=[]} | ret=SUCCESS |  
2019-08-31 22:30:31,329 | INFO  | SCMAudit | user=jenkins1000 | ip=192.168.34.42 | op=SEND_HEARTBEAT {datanodeUUID=131506aa-e8d4-495f-9e31-6caa17857e33, command=[]} | ret=SUCCESS |  
2019-08-31 22:30:31,418 | INFO  | SCMAudit | user=jenkins1000 | ip=192.168.34.42 | op=SEND_HEARTBEAT {datanodeUUID=4a257c07-4fcc-43d2-8a6e-26fe808bf4d2, command=[]} | ret=SUCCESS |  
2019-08-31 22:30:32,088 | INFO  | SCMAudit | user=jenkins1000 | ip=192.168.34.42 | op=SEND_HEARTBEAT {datanodeUUID=78f9d08d-f53f-40cf-9f90-7f7c9603a942, command=[]} | ret=SUCCESS |  
2019-08-31 22:30:32,202 | INFO  | SCMAudit | user=jenkins1000 | ip=192.168.34.42 | op=SEND_HEARTBEAT {datanodeUUID=be9ed4ca-dce9-4f3d-9c6d-abd66b1838f6, command=[]} | ret=SUCCESS |  
2019-08-31 22:30:32,220 | INFO  | SCMAudit | user=jenkins1000 | ip=192.168.34.42 | op=SEND_HEARTBEAT {datanodeUUID=2c0e17a6-6c2f-4502-821a-909817d7c69c, command=[]} | ret=SUCCESS |  
2019-08-31 22:30:32,227 | INFO  | SCMAudit | user=jenkins1000 | ip=192.168.34.42 | op=SEND_HEARTBEAT {datanodeUUID=094b17da-7f12-43e6-b453-785c127a2e77, command=[]} | ret=SUCCESS |  
2019-08-31 22:30:32,228 | INFO  | SCMAudit | user=jenkins1000 | ip=192.168.34.42 | op=SEND_HEARTBEAT {datanodeUUID=4f048490-ee80-4dd1-86ce-d63d571007b5, command=[]} | ret=SUCCESS |  
2019-08-31 22:30:32,329 | INFO  | SCMAudit | user=jenkins1000 | ip=192.168.34.42 | op=SEND_HEARTBEAT {datanodeUUID=131506aa-e8d4-495f-9e31-6caa17857e33, command=[]} | ret=SUCCESS |  
2019-08-31 22:30:32,419 | INFO  | SCMAudit | user=jenkins1000 | ip=192.168.34.42 | op=SEND_HEARTBEAT {datanodeUUID=4a257c07-4fcc-43d2-8a6e-26fe808bf4d2, command=[]} | ret=SUCCESS |  
2019-08-31 22:30:33,087 | INFO  | SCMAudit | user=jenkins1000 | ip=192.168.34.42 | op=SEND_HEARTBEAT {datanodeUUID=78f9d08d-f53f-40cf-9f90-7f7c9603a942, command=[]} | ret=SUCCESS |  
2019-08-31 22:30:33,202 | INFO  | SCMAudit | user=jenkins1000 | ip=192.168.34.42 | op=SEND_HEARTBEAT {datanodeUUID=be9ed4ca-dce9-4f3d-9c6d-abd66b1838f6, command=[]} | ret=SUCCESS |  
2019-08-31 22:30:33,220 | INFO  | SCMAudit | user=jenkins1000 | ip=192.168.34.42 | op=SEND_HEARTBEAT {datanodeUUID=2c0e17a6-6c2f-4502-821a-909817d7c69c, command=[]} | ret=SUCCESS |  
2019-08-31 22:30:33,227 | INFO  | SCMAudit | user=jenkins1000 | ip=192.168.34.42 | op=SEND_HEARTBEAT {datanodeUUID=094b17da-7f12-43e6-b453-785c127a2e77, command=[]} | ret=SUCCESS |  
2019-08-31 22:30:33,228 | INFO  | SCMAudit | user=jenkins1000 | ip=192.168.34.42 | op=SEND_HEARTBEAT {datanodeUUID=4f048490-ee80-4dd1-86ce-d63d571007b5, command=[]} | ret=SUCCESS |  
2019-08-31 22:30:33,329 | INFO  | SCMAudit | user=jenkins1000 | ip=192.168.34.42 | op=SEND_HEARTBEAT {datanodeUUID=131506aa-e8d4-495f-9e31-6caa17857e33, command=[]} | ret=SUCCESS |  
2019-08-31 22:30:33,418 | INFO  | SCMAudit | user=jenkins1000 | ip=192.168.34.42 | op=SEND_HEARTBEAT {datanodeUUID=4a257c07-4fcc-43d2-8a6e-26fe808bf4d2, command=[]} | ret=SUCCESS |  
2019-08-31 22:30:34,087 | INFO  | SCMAudit | user=jenkins1000 | ip=192.168.34.42 | op=SEND_HEARTBEAT {datanodeUUID=78f9d08d-f53f-40cf-9f90-7f7c9603a942, command=[]} | ret=SUCCESS |  
2019-08-31 22:30:34,203 | INFO  | SCMAudit | user=jenkins1000 | ip=192.168.34.42 | op=SEND_HEARTBEAT {datanodeUUID=be9ed4ca-dce9-4f3d-9c6d-abd66b1838f6, command=[]} | ret=SUCCESS |  
2019-08-31 22:30:34,220 | INFO  | SCMAudit | user=jenkins1000 | ip=192.168.34.42 | op=SEND_HEARTBEAT {datanodeUUID=2c0e17a6-6c2f-4502-821a-909817d7c69c, command=[]} | ret=SUCCESS |  
2019-08-31 22:30:34,227 | INFO  | SCMAudit | user=jenkins1000 | ip=192.168.34.42 | op=SEND_HEARTBEAT {datanodeUUID=094b17da-7f12-43e6-b453-785c127a2e77, command=[]} | ret=SUCCESS |  
2019-08-31 22:30:34,228 | INFO  | SCMAudit | user=jenkins1000 | ip=192.168.34.42 | op=SEND_HEARTBEAT {datanodeUUID=4f048490-ee80-4dd1-86ce-d63d571007b5, command=[]} | ret=SUCCESS |  
2019-08-31 22:30:34,329 | INFO  | SCMAudit | user=jenkins1000 | ip=192.168.34.42 | op=SEND_HEARTBEAT {datanodeUUID=131506aa-e8d4-495f-9e31-6caa17857e33, command=[]} | ret=SUCCESS |  
2019-08-31 22:30:34,418 | INFO  | SCMAudit | user=jenkins1000 | ip=192.168.34.42 | op=SEND_HEARTBEAT {datanodeUUID=4a257c07-4fcc-43d2-8a6e-26fe808bf4d2, command=[]} | ret=SUCCESS |  
2019-08-31 22:30:35,050 [grpc-default-executor-4] INFO  client.GrpcClientProtocolClient (GrpcClientProtocolClient.java:onNext(255)) - client-13F9D6D6E6E8->4f048490-ee80-4dd1-86ce-d63d571007b5: receive RaftClientReply:client-13F9D6D6E6E8->4f048490-ee80-4dd1-86ce-d63d571007b5@group-91658440A578, cid=44, FAILED org.apache.ratis.protocol.NotLeaderException: Server 4f048490-ee80-4dd1-86ce-d63d571007b5 is not the leader (be9ed4ca-dce9-4f3d-9c6d-abd66b1838f6:192.168.34.42:36394). Request must be sent to leader., logIndex=0, commits[4f048490-ee80-4dd1-86ce-d63d571007b5:c8, be9ed4ca-dce9-4f3d-9c6d-abd66b1838f6:c8, 094b17da-7f12-43e6-b453-785c127a2e77:c8]
2019-08-31 22:30:35,088 | INFO  | SCMAudit | user=jenkins1000 | ip=192.168.34.42 | op=SEND_HEARTBEAT {datanodeUUID=78f9d08d-f53f-40cf-9f90-7f7c9603a942, command=[]} | ret=SUCCESS |  
2019-08-31 22:30:35,202 | INFO  | SCMAudit | user=jenkins1000 | ip=192.168.34.42 | op=SEND_HEARTBEAT {datanodeUUID=be9ed4ca-dce9-4f3d-9c6d-abd66b1838f6, command=[]} | ret=SUCCESS |  
2019-08-31 22:30:35,221 | INFO  | SCMAudit | user=jenkins1000 | ip=192.168.34.42 | op=SEND_HEARTBEAT {datanodeUUID=2c0e17a6-6c2f-4502-821a-909817d7c69c, command=[]} | ret=SUCCESS |  
2019-08-31 22:30:35,227 | INFO  | SCMAudit | user=jenkins1000 | ip=192.168.34.42 | op=SEND_HEARTBEAT {datanodeUUID=094b17da-7f12-43e6-b453-785c127a2e77, command=[]} | ret=SUCCESS |  
2019-08-31 22:30:35,228 | INFO  | SCMAudit | user=jenkins1000 | ip=192.168.34.42 | op=SEND_HEARTBEAT {datanodeUUID=4f048490-ee80-4dd1-86ce-d63d571007b5, command=[]} | ret=SUCCESS |  
2019-08-31 22:30:35,329 | INFO  | SCMAudit | user=jenkins1000 | ip=192.168.34.42 | op=SEND_HEARTBEAT {datanodeUUID=131506aa-e8d4-495f-9e31-6caa17857e33, command=[]} | ret=SUCCESS |  
2019-08-31 22:30:35,419 | INFO  | SCMAudit | user=jenkins1000 | ip=192.168.34.42 | op=SEND_HEARTBEAT {datanodeUUID=4a257c07-4fcc-43d2-8a6e-26fe808bf4d2, command=[]} | ret=SUCCESS |  
2019-08-31 22:30:36,087 | INFO  | SCMAudit | user=jenkins1000 | ip=192.168.34.42 | op=SEND_HEARTBEAT {datanodeUUID=78f9d08d-f53f-40cf-9f90-7f7c9603a942, command=[]} | ret=SUCCESS |  
2019-08-31 22:30:36,202 | INFO  | SCMAudit | user=jenkins1000 | ip=192.168.34.42 | op=SEND_HEARTBEAT {datanodeUUID=be9ed4ca-dce9-4f3d-9c6d-abd66b1838f6, command=[]} | ret=SUCCESS |  
2019-08-31 22:30:36,221 | INFO  | SCMAudit | user=jenkins1000 | ip=192.168.34.42 | op=SEND_HEARTBEAT {datanodeUUID=2c0e17a6-6c2f-4502-821a-909817d7c69c, command=[]} | ret=SUCCESS |  
2019-08-31 22:30:36,227 | INFO  | SCMAudit | user=jenkins1000 | ip=192.168.34.42 | op=SEND_HEARTBEAT {datanodeUUID=094b17da-7f12-43e6-b453-785c127a2e77, command=[]} | ret=SUCCESS |  
2019-08-31 22:30:36,228 | INFO  | SCMAudit | user=jenkins1000 | ip=192.168.34.42 | op=SEND_HEARTBEAT {datanodeUUID=4f048490-ee80-4dd1-86ce-d63d571007b5, command=[]} | ret=SUCCESS |  
2019-08-31 22:30:36,329 | INFO  | SCMAudit | user=jenkins1000 | ip=192.168.34.42 | op=SEND_HEARTBEAT {datanodeUUID=131506aa-e8d4-495f-9e31-6caa17857e33, command=[]} | ret=SUCCESS |  
2019-08-31 22:30:36,419 | INFO  | SCMAudit | user=jenkins1000 | ip=192.168.34.42 | op=SEND_HEARTBEAT {datanodeUUID=4a257c07-4fcc-43d2-8a6e-26fe808bf4d2, command=[]} | ret=SUCCESS |  
2019-08-31 22:30:37,088 | INFO  | SCMAudit | user=jenkins1000 | ip=192.168.34.42 | op=SEND_HEARTBEAT {datanodeUUID=78f9d08d-f53f-40cf-9f90-7f7c9603a942, command=[]} | ret=SUCCESS |  
2019-08-31 22:30:37,202 | INFO  | SCMAudit | user=jenkins1000 | ip=192.168.34.42 | op=SEND_HEARTBEAT {datanodeUUID=be9ed4ca-dce9-4f3d-9c6d-abd66b1838f6, command=[]} | ret=SUCCESS |  
2019-08-31 22:30:37,221 | INFO  | SCMAudit | user=jenkins1000 | ip=192.168.34.42 | op=SEND_HEARTBEAT {datanodeUUID=2c0e17a6-6c2f-4502-821a-909817d7c69c, command=[]} | ret=SUCCESS |  
2019-08-31 22:30:37,228 | INFO  | SCMAudit | user=jenkins1000 | ip=192.168.34.42 | op=SEND_HEARTBEAT {datanodeUUID=094b17da-7f12-43e6-b453-785c127a2e77, command=[]} | ret=SUCCESS |  
2019-08-31 22:30:37,228 | INFO  | SCMAudit | user=jenkins1000 | ip=192.168.34.42 | op=SEND_HEARTBEAT {datanodeUUID=4f048490-ee80-4dd1-86ce-d63d571007b5, command=[]} | ret=SUCCESS |  
2019-08-31 22:30:37,329 | INFO  | SCMAudit | user=jenkins1000 | ip=192.168.34.42 | op=SEND_HEARTBEAT {datanodeUUID=131506aa-e8d4-495f-9e31-6caa17857e33, command=[]} | ret=SUCCESS |  
2019-08-31 22:30:37,419 | INFO  | SCMAudit | user=jenkins1000 | ip=192.168.34.42 | op=SEND_HEARTBEAT {datanodeUUID=4a257c07-4fcc-43d2-8a6e-26fe808bf4d2, command=[]} | ret=SUCCESS |  
2019-08-31 22:30:38,087 | INFO  | SCMAudit | user=jenkins1000 | ip=192.168.34.42 | op=SEND_HEARTBEAT {datanodeUUID=78f9d08d-f53f-40cf-9f90-7f7c9603a942, command=[]} | ret=SUCCESS |  
2019-08-31 22:30:38,202 | INFO  | SCMAudit | user=jenkins1000 | ip=192.168.34.42 | op=SEND_HEARTBEAT {datanodeUUID=be9ed4ca-dce9-4f3d-9c6d-abd66b1838f6, command=[]} | ret=SUCCESS |  
2019-08-31 22:30:38,222 | INFO  | SCMAudit | user=jenkins1000 | ip=192.168.34.42 | op=SEND_HEARTBEAT {datanodeUUID=2c0e17a6-6c2f-4502-821a-909817d7c69c, command=[]} | ret=SUCCESS |  
2019-08-31 22:30:38,227 | INFO  | SCMAudit | user=jenkins1000 | ip=192.168.34.42 | op=SEND_HEARTBEAT {datanodeUUID=094b17da-7f12-43e6-b453-785c127a2e77, command=[]} | ret=SUCCESS |  
2019-08-31 22:30:38,228 | INFO  | SCMAudit | user=jenkins1000 | ip=192.168.34.42 | op=SEND_HEARTBEAT {datanodeUUID=4f048490-ee80-4dd1-86ce-d63d571007b5, command=[]} | ret=SUCCESS |  
2019-08-31 22:30:38,330 | INFO  | SCMAudit | user=jenkins1000 | ip=192.168.34.42 | op=SEND_HEARTBEAT {datanodeUUID=131506aa-e8d4-495f-9e31-6caa17857e33, command=[]} | ret=SUCCESS |  
2019-08-31 22:30:38,419 | INFO  | SCMAudit | user=jenkins1000 | ip=192.168.34.42 | op=SEND_HEARTBEAT {datanodeUUID=4a257c07-4fcc-43d2-8a6e-26fe808bf4d2, command=[]} | ret=SUCCESS |  
2019-08-31 22:30:39,088 | INFO  | SCMAudit | user=jenkins1000 | ip=192.168.34.42 | op=SEND_HEARTBEAT {datanodeUUID=78f9d08d-f53f-40cf-9f90-7f7c9603a942, command=[]} | ret=SUCCESS |  
2019-08-31 22:30:39,203 | INFO  | SCMAudit | user=jenkins1000 | ip=192.168.34.42 | op=SEND_HEARTBEAT {datanodeUUID=be9ed4ca-dce9-4f3d-9c6d-abd66b1838f6, command=[]} | ret=SUCCESS |  
2019-08-31 22:30:39,222 | INFO  | SCMAudit | user=jenkins1000 | ip=192.168.34.42 | op=SEND_HEARTBEAT {datanodeUUID=2c0e17a6-6c2f-4502-821a-909817d7c69c, command=[]} | ret=SUCCESS |  
2019-08-31 22:30:39,227 | INFO  | SCMAudit | user=jenkins1000 | ip=192.168.34.42 | op=SEND_HEARTBEAT {datanodeUUID=094b17da-7f12-43e6-b453-785c127a2e77, command=[]} | ret=SUCCESS |  
2019-08-31 22:30:39,228 | INFO  | SCMAudit | user=jenkins1000 | ip=192.168.34.42 | op=SEND_HEARTBEAT {datanodeUUID=4f048490-ee80-4dd1-86ce-d63d571007b5, command=[]} | ret=SUCCESS |  
2019-08-31 22:30:39,330 | INFO  | SCMAudit | user=jenkins1000 | ip=192.168.34.42 | op=SEND_HEARTBEAT {datanodeUUID=131506aa-e8d4-495f-9e31-6caa17857e33, command=[]} | ret=SUCCESS |  
2019-08-31 22:30:39,420 | INFO  | SCMAudit | user=jenkins1000 | ip=192.168.34.42 | op=SEND_HEARTBEAT {datanodeUUID=4a257c07-4fcc-43d2-8a6e-26fe808bf4d2, command=[]} | ret=SUCCESS |  
2019-08-31 22:30:40,089 | INFO  | SCMAudit | user=jenkins1000 | ip=192.168.34.42 | op=SEND_HEARTBEAT {datanodeUUID=78f9d08d-f53f-40cf-9f90-7f7c9603a942, command=[]} | ret=SUCCESS |  
2019-08-31 22:30:40,090 [grpc-default-executor-4] INFO  client.GrpcClientProtocolClient (GrpcClientProtocolClient.java:onNext(255)) - client-13F9D6D6E6E8->4f048490-ee80-4dd1-86ce-d63d571007b5: receive RaftClientReply:client-13F9D6D6E6E8->4f048490-ee80-4dd1-86ce-d63d571007b5@group-91658440A578, cid=44, FAILED org.apache.ratis.protocol.NotLeaderException: Server 4f048490-ee80-4dd1-86ce-d63d571007b5 is not the leader (be9ed4ca-dce9-4f3d-9c6d-abd66b1838f6:192.168.34.42:36394). Request must be sent to leader., logIndex=0, commits[4f048490-ee80-4dd1-86ce-d63d571007b5:c8, be9ed4ca-dce9-4f3d-9c6d-abd66b1838f6:c8, 094b17da-7f12-43e6-b453-785c127a2e77:c8]
2019-08-31 22:30:40,203 | INFO  | SCMAudit | user=jenkins1000 | ip=192.168.34.42 | op=SEND_HEARTBEAT {datanodeUUID=be9ed4ca-dce9-4f3d-9c6d-abd66b1838f6, command=[]} | ret=SUCCESS |  
2019-08-31 22:30:40,222 | INFO  | SCMAudit | user=jenkins1000 | ip=192.168.34.42 | op=SEND_HEARTBEAT {datanodeUUID=2c0e17a6-6c2f-4502-821a-909817d7c69c, command=[]} | ret=SUCCESS |  
2019-08-31 22:30:40,227 | INFO  | SCMAudit | user=jenkins1000 | ip=192.168.34.42 | op=SEND_HEARTBEAT {datanodeUUID=094b17da-7f12-43e6-b453-785c127a2e77, command=[]} | ret=SUCCESS |  
2019-08-31 22:30:40,228 | INFO  | SCMAudit | user=jenkins1000 | ip=192.168.34.42 | op=SEND_HEARTBEAT {datanodeUUID=4f048490-ee80-4dd1-86ce-d63d571007b5, command=[]} | ret=SUCCESS |  
2019-08-31 22:30:40,329 | INFO  | SCMAudit | user=jenkins1000 | ip=192.168.34.42 | op=SEND_HEARTBEAT {datanodeUUID=131506aa-e8d4-495f-9e31-6caa17857e33, command=[]} | ret=SUCCESS |  
2019-08-31 22:30:40,420 | INFO  | SCMAudit | user=jenkins1000 | ip=192.168.34.42 | op=SEND_HEARTBEAT {datanodeUUID=4a257c07-4fcc-43d2-8a6e-26fe808bf4d2, command=[]} | ret=SUCCESS |  
2019-08-31 22:30:41,090 | INFO  | SCMAudit | user=jenkins1000 | ip=192.168.34.42 | op=SEND_HEARTBEAT {datanodeUUID=78f9d08d-f53f-40cf-9f90-7f7c9603a942, command=[]} | ret=SUCCESS |  
2019-08-31 22:30:41,202 | INFO  | SCMAudit | user=jenkins1000 | ip=192.168.34.42 | op=SEND_HEARTBEAT {datanodeUUID=be9ed4ca-dce9-4f3d-9c6d-abd66b1838f6, command=[]} | ret=SUCCESS |  
2019-08-31 22:30:41,222 | INFO  | SCMAudit | user=jenkins1000 | ip=192.168.34.42 | op=SEND_HEARTBEAT {datanodeUUID=2c0e17a6-6c2f-4502-821a-909817d7c69c, command=[]} | ret=SUCCESS |  
2019-08-31 22:30:41,227 | INFO  | SCMAudit | user=jenkins1000 | ip=192.168.34.42 | op=SEND_HEARTBEAT {datanodeUUID=094b17da-7f12-43e6-b453-785c127a2e77, command=[]} | ret=SUCCESS |  
2019-08-31 22:30:41,229 | INFO  | SCMAudit | user=jenkins1000 | ip=192.168.34.42 | op=SEND_HEARTBEAT {datanodeUUID=4f048490-ee80-4dd1-86ce-d63d571007b5, command=[]} | ret=SUCCESS |  
2019-08-31 22:30:41,329 | INFO  | SCMAudit | user=jenkins1000 | ip=192.168.34.42 | op=SEND_HEARTBEAT {datanodeUUID=131506aa-e8d4-495f-9e31-6caa17857e33, command=[]} | ret=SUCCESS |  
2019-08-31 22:30:41,420 | INFO  | SCMAudit | user=jenkins1000 | ip=192.168.34.42 | op=SEND_HEARTBEAT {datanodeUUID=4a257c07-4fcc-43d2-8a6e-26fe808bf4d2, command=[]} | ret=SUCCESS |  
2019-08-31 22:30:42,090 | INFO  | SCMAudit | user=jenkins1000 | ip=192.168.34.42 | op=SEND_HEARTBEAT {datanodeUUID=78f9d08d-f53f-40cf-9f90-7f7c9603a942, command=[]} | ret=SUCCESS |  
2019-08-31 22:30:42,202 | INFO  | SCMAudit | user=jenkins1000 | ip=192.168.34.42 | op=SEND_HEARTBEAT {datanodeUUID=be9ed4ca-dce9-4f3d-9c6d-abd66b1838f6, command=[]} | ret=SUCCESS |  
2019-08-31 22:30:42,222 | INFO  | SCMAudit | user=jenkins1000 | ip=192.168.34.42 | op=SEND_HEARTBEAT {datanodeUUID=2c0e17a6-6c2f-4502-821a-909817d7c69c, command=[]} | ret=SUCCESS |  
2019-08-31 22:30:42,227 | INFO  | SCMAudit | user=jenkins1000 | ip=192.168.34.42 | op=SEND_HEARTBEAT {datanodeUUID=094b17da-7f12-43e6-b453-785c127a2e77, command=[]} | ret=SUCCESS |  
2019-08-31 22:30:42,229 | INFO  | SCMAudit | user=jenkins1000 | ip=192.168.34.42 | op=SEND_HEARTBEAT {datanodeUUID=4f048490-ee80-4dd1-86ce-d63d571007b5, command=[]} | ret=SUCCESS |  
2019-08-31 22:30:42,329 | INFO  | SCMAudit | user=jenkins1000 | ip=192.168.34.42 | op=SEND_HEARTBEAT {datanodeUUID=131506aa-e8d4-495f-9e31-6caa17857e33, command=[]} | ret=SUCCESS |  
2019-08-31 22:30:42,420 | INFO  | SCMAudit | user=jenkins1000 | ip=192.168.34.42 | op=SEND_HEARTBEAT {datanodeUUID=4a257c07-4fcc-43d2-8a6e-26fe808bf4d2, command=[]} | ret=SUCCESS |  
2019-08-31 22:30:43,090 | INFO  | SCMAudit | user=jenkins1000 | ip=192.168.34.42 | op=SEND_HEARTBEAT {datanodeUUID=78f9d08d-f53f-40cf-9f90-7f7c9603a942, command=[]} | ret=SUCCESS |  
2019-08-31 22:30:43,202 | INFO  | SCMAudit | user=jenkins1000 | ip=192.168.34.42 | op=SEND_HEARTBEAT {datanodeUUID=be9ed4ca-dce9-4f3d-9c6d-abd66b1838f6, command=[]} | ret=SUCCESS |  
2019-08-31 22:30:43,221 | INFO  | SCMAudit | user=jenkins1000 | ip=192.168.34.42 | op=SEND_HEARTBEAT {datanodeUUID=2c0e17a6-6c2f-4502-821a-909817d7c69c, command=[]} | ret=SUCCESS |  
2019-08-31 22:30:43,227 | INFO  | SCMAudit | user=jenkins1000 | ip=192.168.34.42 | op=SEND_HEARTBEAT {datanodeUUID=094b17da-7f12-43e6-b453-785c127a2e77, command=[]} | ret=SUCCESS |  
2019-08-31 22:30:43,229 | INFO  | SCMAudit | user=jenkins1000 | ip=192.168.34.42 | op=SEND_HEARTBEAT {datanodeUUID=4f048490-ee80-4dd1-86ce-d63d571007b5, command=[]} | ret=SUCCESS |  
2019-08-31 22:30:43,329 | INFO  | SCMAudit | user=jenkins1000 | ip=192.168.34.42 | op=SEND_HEARTBEAT {datanodeUUID=131506aa-e8d4-495f-9e31-6caa17857e33, command=[]} | ret=SUCCESS |  
2019-08-31 22:30:43,420 | INFO  | SCMAudit | user=jenkins1000 | ip=192.168.34.42 | op=SEND_HEARTBEAT {datanodeUUID=4a257c07-4fcc-43d2-8a6e-26fe808bf4d2, command=[]} | ret=SUCCESS |  
2019-08-31 22:30:44,090 | INFO  | SCMAudit | user=jenkins1000 | ip=192.168.34.42 | op=SEND_HEARTBEAT {datanodeUUID=78f9d08d-f53f-40cf-9f90-7f7c9603a942, command=[]} | ret=SUCCESS |  
2019-08-31 22:30:44,203 | INFO  | SCMAudit | user=jenkins1000 | ip=192.168.34.42 | op=SEND_HEARTBEAT {datanodeUUID=be9ed4ca-dce9-4f3d-9c6d-abd66b1838f6, command=[]} | ret=SUCCESS |  
2019-08-31 22:30:44,221 | INFO  | SCMAudit | user=jenkins1000 | ip=192.168.34.42 | op=SEND_HEARTBEAT {datanodeUUID=2c0e17a6-6c2f-4502-821a-909817d7c69c, command=[]} | ret=SUCCESS |  
2019-08-31 22:30:44,227 | INFO  | SCMAudit | user=jenkins1000 | ip=192.168.34.42 | op=SEND_HEARTBEAT {datanodeUUID=094b17da-7f12-43e6-b453-785c127a2e77, command=[]} | ret=SUCCESS |  
2019-08-31 22:30:44,228 | INFO  | SCMAudit | user=jenkins1000 | ip=192.168.34.42 | op=SEND_HEARTBEAT {datanodeUUID=4f048490-ee80-4dd1-86ce-d63d571007b5, command=[]} | ret=SUCCESS |  
2019-08-31 22:30:44,330 | INFO  | SCMAudit | user=jenkins1000 | ip=192.168.34.42 | op=SEND_HEARTBEAT {datanodeUUID=131506aa-e8d4-495f-9e31-6caa17857e33, command=[]} | ret=SUCCESS |  
2019-08-31 22:30:44,420 | INFO  | SCMAudit | user=jenkins1000 | ip=192.168.34.42 | op=SEND_HEARTBEAT {datanodeUUID=4a257c07-4fcc-43d2-8a6e-26fe808bf4d2, command=[]} | ret=SUCCESS |  
2019-08-31 22:30:45,090 | INFO  | SCMAudit | user=jenkins1000 | ip=192.168.34.42 | op=SEND_HEARTBEAT {datanodeUUID=78f9d08d-f53f-40cf-9f90-7f7c9603a942, command=[]} | ret=SUCCESS |  
2019-08-31 22:30:45,148 [grpc-default-executor-4] INFO  client.GrpcClientProtocolClient (GrpcClientProtocolClient.java:onNext(255)) - client-13F9D6D6E6E8->4f048490-ee80-4dd1-86ce-d63d571007b5: receive RaftClientReply:client-13F9D6D6E6E8->4f048490-ee80-4dd1-86ce-d63d571007b5@group-91658440A578, cid=44, FAILED org.apache.ratis.protocol.NotLeaderException: Server 4f048490-ee80-4dd1-86ce-d63d571007b5 is not the leader (be9ed4ca-dce9-4f3d-9c6d-abd66b1838f6:192.168.34.42:36394). Request must be sent to leader., logIndex=0, commits[4f048490-ee80-4dd1-86ce-d63d571007b5:c8, be9ed4ca-dce9-4f3d-9c6d-abd66b1838f6:c8, 094b17da-7f12-43e6-b453-785c127a2e77:c8]
2019-08-31 22:30:45,203 | INFO  | SCMAudit | user=jenkins1000 | ip=192.168.34.42 | op=SEND_HEARTBEAT {datanodeUUID=be9ed4ca-dce9-4f3d-9c6d-abd66b1838f6, command=[]} | ret=SUCCESS |  
2019-08-31 22:30:45,221 | INFO  | SCMAudit | user=jenkins1000 | ip=192.168.34.42 | op=SEND_HEARTBEAT {datanodeUUID=2c0e17a6-6c2f-4502-821a-909817d7c69c, command=[]} | ret=SUCCESS |  
2019-08-31 22:30:45,227 | INFO  | SCMAudit | user=jenkins1000 | ip=192.168.34.42 | op=SEND_HEARTBEAT {datanodeUUID=094b17da-7f12-43e6-b453-785c127a2e77, command=[]} | ret=SUCCESS |  
2019-08-31 22:30:45,228 | INFO  | SCMAudit | user=jenkins1000 | ip=192.168.34.42 | op=SEND_HEARTBEAT {datanodeUUID=4f048490-ee80-4dd1-86ce-d63d571007b5, command=[]} | ret=SUCCESS |  
2019-08-31 22:30:45,330 | INFO  | SCMAudit | user=jenkins1000 | ip=192.168.34.42 | op=SEND_HEARTBEAT {datanodeUUID=131506aa-e8d4-495f-9e31-6caa17857e33, command=[]} | ret=SUCCESS |  
2019-08-31 22:30:45,421 | INFO  | SCMAudit | user=jenkins1000 | ip=192.168.34.42 | op=SEND_HEARTBEAT {datanodeUUID=4a257c07-4fcc-43d2-8a6e-26fe808bf4d2, command=[]} | ret=SUCCESS |  
2019-08-31 22:30:46,090 | INFO  | SCMAudit | user=jenkins1000 | ip=192.168.34.42 | op=SEND_HEARTBEAT {datanodeUUID=78f9d08d-f53f-40cf-9f90-7f7c9603a942, command=[]} | ret=SUCCESS |  
2019-08-31 22:30:46,203 | INFO  | SCMAudit | user=jenkins1000 | ip=192.168.34.42 | op=SEND_HEARTBEAT {datanodeUUID=be9ed4ca-dce9-4f3d-9c6d-abd66b1838f6, command=[]} | ret=SUCCESS |  
2019-08-31 22:30:46,221 | INFO  | SCMAudit | user=jenkins1000 | ip=192.168.34.42 | op=SEND_HEARTBEAT {datanodeUUID=2c0e17a6-6c2f-4502-821a-909817d7c69c, command=[]} | ret=SUCCESS |  
2019-08-31 22:30:46,227 | INFO  | SCMAudit | user=jenkins1000 | ip=192.168.34.42 | op=SEND_HEARTBEAT {datanodeUUID=094b17da-7f12-43e6-b453-785c127a2e77, command=[]} | ret=SUCCESS |  
2019-08-31 22:30:46,228 | INFO  | SCMAudit | user=jenkins1000 | ip=192.168.34.42 | op=SEND_HEARTBEAT {datanodeUUID=4f048490-ee80-4dd1-86ce-d63d571007b5, command=[]} | ret=SUCCESS |  
2019-08-31 22:30:46,331 | INFO  | SCMAudit | user=jenkins1000 | ip=192.168.34.42 | op=SEND_HEARTBEAT {datanodeUUID=131506aa-e8d4-495f-9e31-6caa17857e33, command=[]} | ret=SUCCESS |  
2019-08-31 22:30:46,421 | INFO  | SCMAudit | user=jenkins1000 | ip=192.168.34.42 | op=SEND_HEARTBEAT {datanodeUUID=4a257c07-4fcc-43d2-8a6e-26fe808bf4d2, command=[]} | ret=SUCCESS |  
2019-08-31 22:30:47,091 | INFO  | SCMAudit | user=jenkins1000 | ip=192.168.34.42 | op=SEND_HEARTBEAT {datanodeUUID=78f9d08d-f53f-40cf-9f90-7f7c9603a942, command=[]} | ret=SUCCESS |  
2019-08-31 22:30:47,203 | INFO  | SCMAudit | user=jenkins1000 | ip=192.168.34.42 | op=SEND_HEARTBEAT {datanodeUUID=be9ed4ca-dce9-4f3d-9c6d-abd66b1838f6, command=[]} | ret=SUCCESS |  
2019-08-31 22:30:47,221 | INFO  | SCMAudit | user=jenkins1000 | ip=192.168.34.42 | op=SEND_HEARTBEAT {datanodeUUID=2c0e17a6-6c2f-4502-821a-909817d7c69c, command=[]} | ret=SUCCESS |  
2019-08-31 22:30:47,227 | INFO  | SCMAudit | user=jenkins1000 | ip=192.168.34.42 | op=SEND_HEARTBEAT {datanodeUUID=094b17da-7f12-43e6-b453-785c127a2e77, command=[]} | ret=SUCCESS |  
2019-08-31 22:30:47,228 | INFO  | SCMAudit | user=jenkins1000 | ip=192.168.34.42 | op=SEND_HEARTBEAT {datanodeUUID=4f048490-ee80-4dd1-86ce-d63d571007b5, command=[]} | ret=SUCCESS |  
2019-08-31 22:30:47,331 | INFO  | SCMAudit | user=jenkins1000 | ip=192.168.34.42 | op=SEND_HEARTBEAT {datanodeUUID=131506aa-e8d4-495f-9e31-6caa17857e33, command=[]} | ret=SUCCESS |  
2019-08-31 22:30:47,421 | INFO  | SCMAudit | user=jenkins1000 | ip=192.168.34.42 | op=SEND_HEARTBEAT {datanodeUUID=4a257c07-4fcc-43d2-8a6e-26fe808bf4d2, command=[]} | ret=SUCCESS |  
2019-08-31 22:30:48,090 | INFO  | SCMAudit | user=jenkins1000 | ip=192.168.34.42 | op=SEND_HEARTBEAT {datanodeUUID=78f9d08d-f53f-40cf-9f90-7f7c9603a942, command=[]} | ret=SUCCESS |  
2019-08-31 22:30:48,203 | INFO  | SCMAudit | user=jenkins1000 | ip=192.168.34.42 | op=SEND_HEARTBEAT {datanodeUUID=be9ed4ca-dce9-4f3d-9c6d-abd66b1838f6, command=[]} | ret=SUCCESS |  
2019-08-31 22:30:48,222 | INFO  | SCMAudit | user=jenkins1000 | ip=192.168.34.42 | op=SEND_HEARTBEAT {datanodeUUID=2c0e17a6-6c2f-4502-821a-909817d7c69c, command=[]} | ret=SUCCESS |  
2019-08-31 22:30:48,227 | INFO  | SCMAudit | user=jenkins1000 | ip=192.168.34.42 | op=SEND_HEARTBEAT {datanodeUUID=094b17da-7f12-43e6-b453-785c127a2e77, command=[]} | ret=SUCCESS |  
2019-08-31 22:30:48,228 | INFO  | SCMAudit | user=jenkins1000 | ip=192.168.34.42 | op=SEND_HEARTBEAT {datanodeUUID=4f048490-ee80-4dd1-86ce-d63d571007b5, command=[]} | ret=SUCCESS |  
2019-08-31 22:30:48,331 | INFO  | SCMAudit | user=jenkins1000 | ip=192.168.34.42 | op=SEND_HEARTBEAT {datanodeUUID=131506aa-e8d4-495f-9e31-6caa17857e33, command=[]} | ret=SUCCESS |  
2019-08-31 22:30:48,422 | INFO  | SCMAudit | user=jenkins1000 | ip=192.168.34.42 | op=SEND_HEARTBEAT {datanodeUUID=4a257c07-4fcc-43d2-8a6e-26fe808bf4d2, command=[]} | ret=SUCCESS |  
2019-08-31 22:30:49,091 | INFO  | SCMAudit | user=jenkins1000 | ip=192.168.34.42 | op=SEND_HEARTBEAT {datanodeUUID=78f9d08d-f53f-40cf-9f90-7f7c9603a942, command=[]} | ret=SUCCESS |  
2019-08-31 22:30:49,204 | INFO  | SCMAudit | user=jenkins1000 | ip=192.168.34.42 | op=SEND_HEARTBEAT {datanodeUUID=be9ed4ca-dce9-4f3d-9c6d-abd66b1838f6, command=[]} | ret=SUCCESS |  
2019-08-31 22:30:49,222 | INFO  | SCMAudit | user=jenkins1000 | ip=192.168.34.42 | op=SEND_HEARTBEAT {datanodeUUID=2c0e17a6-6c2f-4502-821a-909817d7c69c, command=[]} | ret=SUCCESS |  
2019-08-31 22:30:49,227 | INFO  | SCMAudit | user=jenkins1000 | ip=192.168.34.42 | op=SEND_HEARTBEAT {datanodeUUID=094b17da-7f12-43e6-b453-785c127a2e77, command=[]} | ret=SUCCESS |  
2019-08-31 22:30:49,229 | INFO  | SCMAudit | user=jenkins1000 | ip=192.168.34.42 | op=SEND_HEARTBEAT {datanodeUUID=4f048490-ee80-4dd1-86ce-d63d571007b5, command=[]} | ret=SUCCESS |  
2019-08-31 22:30:49,332 | INFO  | SCMAudit | user=jenkins1000 | ip=192.168.34.42 | op=SEND_HEARTBEAT {datanodeUUID=131506aa-e8d4-495f-9e31-6caa17857e33, command=[]} | ret=SUCCESS |  
2019-08-31 22:30:49,422 | INFO  | SCMAudit | user=jenkins1000 | ip=192.168.34.42 | op=SEND_HEARTBEAT {datanodeUUID=4a257c07-4fcc-43d2-8a6e-26fe808bf4d2, command=[]} | ret=SUCCESS |  
2019-08-31 22:30:50,090 | INFO  | SCMAudit | user=jenkins1000 | ip=192.168.34.42 | op=SEND_HEARTBEAT {datanodeUUID=78f9d08d-f53f-40cf-9f90-7f7c9603a942, command=[]} | ret=SUCCESS |  
2019-08-31 22:30:50,196 [grpc-default-executor-4] INFO  client.GrpcClientProtocolClient (GrpcClientProtocolClient.java:onNext(255)) - client-13F9D6D6E6E8->094b17da-7f12-43e6-b453-785c127a2e77: receive RaftClientReply:client-13F9D6D6E6E8->094b17da-7f12-43e6-b453-785c127a2e77@group-91658440A578, cid=44, FAILED org.apache.ratis.protocol.NotLeaderException: Server 094b17da-7f12-43e6-b453-785c127a2e77 is not the leader (be9ed4ca-dce9-4f3d-9c6d-abd66b1838f6:192.168.34.42:36394). Request must be sent to leader., logIndex=0, commits[094b17da-7f12-43e6-b453-785c127a2e77:c8, 4f048490-ee80-4dd1-86ce-d63d571007b5:c8, be9ed4ca-dce9-4f3d-9c6d-abd66b1838f6:c8]
2019-08-31 22:30:50,207 | INFO  | SCMAudit | user=jenkins1000 | ip=192.168.34.42 | op=SEND_HEARTBEAT {datanodeUUID=be9ed4ca-dce9-4f3d-9c6d-abd66b1838f6, command=[]} | ret=SUCCESS |  
2019-08-31 22:30:50,222 | INFO  | SCMAudit | user=jenkins1000 | ip=192.168.34.42 | op=SEND_HEARTBEAT {datanodeUUID=2c0e17a6-6c2f-4502-821a-909817d7c69c, command=[]} | ret=SUCCESS |  
2019-08-31 22:30:50,227 | INFO  | SCMAudit | user=jenkins1000 | ip=192.168.34.42 | op=SEND_HEARTBEAT {datanodeUUID=094b17da-7f12-43e6-b453-785c127a2e77, command=[]} | ret=SUCCESS |  
2019-08-31 22:30:50,229 | INFO  | SCMAudit | user=jenkins1000 | ip=192.168.34.42 | op=SEND_HEARTBEAT {datanodeUUID=4f048490-ee80-4dd1-86ce-d63d571007b5, command=[]} | ret=SUCCESS |  
2019-08-31 22:30:50,331 | INFO  | SCMAudit | user=jenkins1000 | ip=192.168.34.42 | op=SEND_HEARTBEAT {datanodeUUID=131506aa-e8d4-495f-9e31-6caa17857e33, command=[]} | ret=SUCCESS |  
2019-08-31 22:30:50,422 | INFO  | SCMAudit | user=jenkins1000 | ip=192.168.34.42 | op=SEND_HEARTBEAT {datanodeUUID=4a257c07-4fcc-43d2-8a6e-26fe808bf4d2, command=[]} | ret=SUCCESS |  
2019-08-31 22:30:51,090 | INFO  | SCMAudit | user=jenkins1000 | ip=192.168.34.42 | op=SEND_HEARTBEAT {datanodeUUID=78f9d08d-f53f-40cf-9f90-7f7c9603a942, command=[]} | ret=SUCCESS |  
2019-08-31 22:30:51,211 | INFO  | SCMAudit | user=jenkins1000 | ip=192.168.34.42 | op=SEND_HEARTBEAT {datanodeUUID=be9ed4ca-dce9-4f3d-9c6d-abd66b1838f6, command=[]} | ret=SUCCESS |  
2019-08-31 22:30:51,222 | INFO  | SCMAudit | user=jenkins1000 | ip=192.168.34.42 | op=SEND_HEARTBEAT {datanodeUUID=2c0e17a6-6c2f-4502-821a-909817d7c69c, command=[]} | ret=SUCCESS |  
2019-08-31 22:30:51,228 | INFO  | SCMAudit | user=jenkins1000 | ip=192.168.34.42 | op=SEND_HEARTBEAT {datanodeUUID=094b17da-7f12-43e6-b453-785c127a2e77, command=[]} | ret=SUCCESS |  
2019-08-31 22:30:51,229 | INFO  | SCMAudit | user=jenkins1000 | ip=192.168.34.42 | op=SEND_HEARTBEAT {datanodeUUID=4f048490-ee80-4dd1-86ce-d63d571007b5, command=[]} | ret=SUCCESS |  
2019-08-31 22:30:51,331 | INFO  | SCMAudit | user=jenkins1000 | ip=192.168.34.42 | op=SEND_HEARTBEAT {datanodeUUID=131506aa-e8d4-495f-9e31-6caa17857e33, command=[]} | ret=SUCCESS |  
2019-08-31 22:30:51,421 | INFO  | SCMAudit | user=jenkins1000 | ip=192.168.34.42 | op=SEND_HEARTBEAT {datanodeUUID=4a257c07-4fcc-43d2-8a6e-26fe808bf4d2, command=[]} | ret=SUCCESS |  
2019-08-31 22:30:52,091 | INFO  | SCMAudit | user=jenkins1000 | ip=192.168.34.42 | op=SEND_HEARTBEAT {datanodeUUID=78f9d08d-f53f-40cf-9f90-7f7c9603a942, command=[]} | ret=SUCCESS |  
2019-08-31 22:30:52,210 | INFO  | SCMAudit | user=jenkins1000 | ip=192.168.34.42 | op=SEND_HEARTBEAT {datanodeUUID=be9ed4ca-dce9-4f3d-9c6d-abd66b1838f6, command=[]} | ret=SUCCESS |  
2019-08-31 22:30:52,221 | INFO  | SCMAudit | user=jenkins1000 | ip=192.168.34.42 | op=SEND_HEARTBEAT {datanodeUUID=2c0e17a6-6c2f-4502-821a-909817d7c69c, command=[]} | ret=SUCCESS |  
2019-08-31 22:30:52,229 | INFO  | SCMAudit | user=jenkins1000 | ip=192.168.34.42 | op=SEND_HEARTBEAT {datanodeUUID=094b17da-7f12-43e6-b453-785c127a2e77, command=[]} | ret=SUCCESS |  
2019-08-31 22:30:52,229 | INFO  | SCMAudit | user=jenkins1000 | ip=192.168.34.42 | op=SEND_HEARTBEAT {datanodeUUID=4f048490-ee80-4dd1-86ce-d63d571007b5, command=[]} | ret=SUCCESS |  
2019-08-31 22:30:52,331 | INFO  | SCMAudit | user=jenkins1000 | ip=192.168.34.42 | op=SEND_HEARTBEAT {datanodeUUID=131506aa-e8d4-495f-9e31-6caa17857e33, command=[]} | ret=SUCCESS |  
2019-08-31 22:30:52,422 | INFO  | SCMAudit | user=jenkins1000 | ip=192.168.34.42 | op=SEND_HEARTBEAT {datanodeUUID=4a257c07-4fcc-43d2-8a6e-26fe808bf4d2, command=[]} | ret=SUCCESS |  
2019-08-31 22:30:53,091 | INFO  | SCMAudit | user=jenkins1000 | ip=192.168.34.42 | op=SEND_HEARTBEAT {datanodeUUID=78f9d08d-f53f-40cf-9f90-7f7c9603a942, command=[]} | ret=SUCCESS |  
2019-08-31 22:30:53,211 | INFO  | SCMAudit | user=jenkins1000 | ip=192.168.34.42 | op=SEND_HEARTBEAT {datanodeUUID=be9ed4ca-dce9-4f3d-9c6d-abd66b1838f6, command=[]} | ret=SUCCESS |  
2019-08-31 22:30:53,221 | INFO  | SCMAudit | user=jenkins1000 | ip=192.168.34.42 | op=SEND_HEARTBEAT {datanodeUUID=2c0e17a6-6c2f-4502-821a-909817d7c69c, command=[]} | ret=SUCCESS |  
2019-08-31 22:30:53,229 | INFO  | SCMAudit | user=jenkins1000 | ip=192.168.34.42 | op=SEND_HEARTBEAT {datanodeUUID=094b17da-7f12-43e6-b453-785c127a2e77, command=[]} | ret=SUCCESS |  
2019-08-31 22:30:53,229 | INFO  | SCMAudit | user=jenkins1000 | ip=192.168.34.42 | op=SEND_HEARTBEAT {datanodeUUID=4f048490-ee80-4dd1-86ce-d63d571007b5, command=[]} | ret=SUCCESS |  
2019-08-31 22:30:53,331 | INFO  | SCMAudit | user=jenkins1000 | ip=192.168.34.42 | op=SEND_HEARTBEAT {datanodeUUID=131506aa-e8d4-495f-9e31-6caa17857e33, command=[]} | ret=SUCCESS |  
2019-08-31 22:30:53,421 | INFO  | SCMAudit | user=jenkins1000 | ip=192.168.34.42 | op=SEND_HEARTBEAT {datanodeUUID=4a257c07-4fcc-43d2-8a6e-26fe808bf4d2, command=[]} | ret=SUCCESS |  
2019-08-31 22:30:54,092 | INFO  | SCMAudit | user=jenkins1000 | ip=192.168.34.42 | op=SEND_HEARTBEAT {datanodeUUID=78f9d08d-f53f-40cf-9f90-7f7c9603a942, command=[]} | ret=SUCCESS |  
2019-08-31 22:30:54,215 | INFO  | SCMAudit | user=jenkins1000 | ip=192.168.34.42 | op=SEND_HEARTBEAT {datanodeUUID=be9ed4ca-dce9-4f3d-9c6d-abd66b1838f6, command=[]} | ret=SUCCESS |  
2019-08-31 22:30:54,222 | INFO  | SCMAudit | user=jenkins1000 | ip=192.168.34.42 | op=SEND_HEARTBEAT {datanodeUUID=2c0e17a6-6c2f-4502-821a-909817d7c69c, command=[]} | ret=SUCCESS |  
2019-08-31 22:30:54,229 | INFO  | SCMAudit | user=jenkins1000 | ip=192.168.34.42 | op=SEND_HEARTBEAT {datanodeUUID=094b17da-7f12-43e6-b453-785c127a2e77, command=[]} | ret=SUCCESS |  
2019-08-31 22:30:54,229 | INFO  | SCMAudit | user=jenkins1000 | ip=192.168.34.42 | op=SEND_HEARTBEAT {datanodeUUID=4f048490-ee80-4dd1-86ce-d63d571007b5, command=[]} | ret=SUCCESS |  
2019-08-31 22:30:54,332 | INFO  | SCMAudit | user=jenkins1000 | ip=192.168.34.42 | op=SEND_HEARTBEAT {datanodeUUID=131506aa-e8d4-495f-9e31-6caa17857e33, command=[]} | ret=SUCCESS |  
2019-08-31 22:30:54,422 | INFO  | SCMAudit | user=jenkins1000 | ip=192.168.34.42 | op=SEND_HEARTBEAT {datanodeUUID=4a257c07-4fcc-43d2-8a6e-26fe808bf4d2, command=[]} | ret=SUCCESS |  
2019-08-31 22:30:55,091 | INFO  | SCMAudit | user=jenkins1000 | ip=192.168.34.42 | op=SEND_HEARTBEAT {datanodeUUID=78f9d08d-f53f-40cf-9f90-7f7c9603a942, command=[]} | ret=SUCCESS |  
2019-08-31 22:30:55,213 | INFO  | SCMAudit | user=jenkins1000 | ip=192.168.34.42 | op=SEND_HEARTBEAT {datanodeUUID=be9ed4ca-dce9-4f3d-9c6d-abd66b1838f6, command=[]} | ret=SUCCESS |  
2019-08-31 22:30:55,225 | INFO  | SCMAudit | user=jenkins1000 | ip=192.168.34.42 | op=SEND_HEARTBEAT {datanodeUUID=2c0e17a6-6c2f-4502-821a-909817d7c69c, command=[]} | ret=SUCCESS |  
2019-08-31 22:30:55,229 | INFO  | SCMAudit | user=jenkins1000 | ip=192.168.34.42 | op=SEND_HEARTBEAT {datanodeUUID=4f048490-ee80-4dd1-86ce-d63d571007b5, command=[]} | ret=SUCCESS |  
2019-08-31 22:30:55,230 | INFO  | SCMAudit | user=jenkins1000 | ip=192.168.34.42 | op=SEND_HEARTBEAT {datanodeUUID=094b17da-7f12-43e6-b453-785c127a2e77, command=[]} | ret=SUCCESS |  
2019-08-31 22:30:55,234 [grpc-default-executor-0] INFO  client.GrpcClientProtocolClient (GrpcClientProtocolClient.java:onNext(255)) - client-13F9D6D6E6E8->094b17da-7f12-43e6-b453-785c127a2e77: receive RaftClientReply:client-13F9D6D6E6E8->094b17da-7f12-43e6-b453-785c127a2e77@group-91658440A578, cid=44, FAILED org.apache.ratis.protocol.NotLeaderException: Server 094b17da-7f12-43e6-b453-785c127a2e77 is not the leader (be9ed4ca-dce9-4f3d-9c6d-abd66b1838f6:192.168.34.42:36394). Request must be sent to leader., logIndex=0, commits[094b17da-7f12-43e6-b453-785c127a2e77:c8, 4f048490-ee80-4dd1-86ce-d63d571007b5:c8, be9ed4ca-dce9-4f3d-9c6d-abd66b1838f6:c8]
2019-08-31 22:30:55,332 | INFO  | SCMAudit | user=jenkins1000 | ip=192.168.34.42 | op=SEND_HEARTBEAT {datanodeUUID=131506aa-e8d4-495f-9e31-6caa17857e33, command=[]} | ret=SUCCESS |  
2019-08-31 22:30:55,421 | INFO  | SCMAudit | user=jenkins1000 | ip=192.168.34.42 | op=SEND_HEARTBEAT {datanodeUUID=4a257c07-4fcc-43d2-8a6e-26fe808bf4d2, command=[]} | ret=SUCCESS |  
2019-08-31 22:30:56,091 | INFO  | SCMAudit | user=jenkins1000 | ip=192.168.34.42 | op=SEND_HEARTBEAT {datanodeUUID=78f9d08d-f53f-40cf-9f90-7f7c9603a942, command=[]} | ret=SUCCESS |  
2019-08-31 22:30:56,213 | INFO  | SCMAudit | user=jenkins1000 | ip=192.168.34.42 | op=SEND_HEARTBEAT {datanodeUUID=be9ed4ca-dce9-4f3d-9c6d-abd66b1838f6, command=[]} | ret=SUCCESS |  
2019-08-31 22:30:56,225 | INFO  | SCMAudit | user=jenkins1000 | ip=192.168.34.42 | op=SEND_HEARTBEAT {datanodeUUID=2c0e17a6-6c2f-4502-821a-909817d7c69c, command=[]} | ret=SUCCESS |  
2019-08-31 22:30:56,229 | INFO  | SCMAudit | user=jenkins1000 | ip=192.168.34.42 | op=SEND_HEARTBEAT {datanodeUUID=4f048490-ee80-4dd1-86ce-d63d571007b5, command=[]} | ret=SUCCESS |  
2019-08-31 22:30:56,230 | INFO  | SCMAudit | user=jenkins1000 | ip=192.168.34.42 | op=SEND_HEARTBEAT {datanodeUUID=094b17da-7f12-43e6-b453-785c127a2e77, command=[]} | ret=SUCCESS |  
2019-08-31 22:30:56,331 | INFO  | SCMAudit | user=jenkins1000 | ip=192.168.34.42 | op=SEND_HEARTBEAT {datanodeUUID=131506aa-e8d4-495f-9e31-6caa17857e33, command=[]} | ret=SUCCESS |  
2019-08-31 22:30:56,421 | INFO  | SCMAudit | user=jenkins1000 | ip=192.168.34.42 | op=SEND_HEARTBEAT {datanodeUUID=4a257c07-4fcc-43d2-8a6e-26fe808bf4d2, command=[]} | ret=SUCCESS |  
2019-08-31 22:30:57,092 | INFO  | SCMAudit | user=jenkins1000 | ip=192.168.34.42 | op=SEND_HEARTBEAT {datanodeUUID=78f9d08d-f53f-40cf-9f90-7f7c9603a942, command=[]} | ret=SUCCESS |  
2019-08-31 22:30:57,213 | INFO  | SCMAudit | user=jenkins1000 | ip=192.168.34.42 | op=SEND_HEARTBEAT {datanodeUUID=be9ed4ca-dce9-4f3d-9c6d-abd66b1838f6, command=[]} | ret=SUCCESS |  
2019-08-31 22:30:57,226 | INFO  | SCMAudit | user=jenkins1000 | ip=192.168.34.42 | op=SEND_HEARTBEAT {datanodeUUID=2c0e17a6-6c2f-4502-821a-909817d7c69c, command=[]} | ret=SUCCESS |  
2019-08-31 22:30:57,229 | INFO  | SCMAudit | user=jenkins1000 | ip=192.168.34.42 | op=SEND_HEARTBEAT {datanodeUUID=4f048490-ee80-4dd1-86ce-d63d571007b5, command=[]} | ret=SUCCESS |  
2019-08-31 22:30:57,230 | INFO  | SCMAudit | user=jenkins1000 | ip=192.168.34.42 | op=SEND_HEARTBEAT {datanodeUUID=094b17da-7f12-43e6-b453-785c127a2e77, command=[]} | ret=SUCCESS |  
2019-08-31 22:30:57,331 | INFO  | SCMAudit | user=jenkins1000 | ip=192.168.34.42 | op=SEND_HEARTBEAT {datanodeUUID=131506aa-e8d4-495f-9e31-6caa17857e33, command=[]} | ret=SUCCESS |  
2019-08-31 22:30:57,421 | INFO  | SCMAudit | user=jenkins1000 | ip=192.168.34.42 | op=SEND_HEARTBEAT {datanodeUUID=4a257c07-4fcc-43d2-8a6e-26fe808bf4d2, command=[]} | ret=SUCCESS |  
2019-08-31 22:30:58,093 | INFO  | SCMAudit | user=jenkins1000 | ip=192.168.34.42 | op=SEND_HEARTBEAT {datanodeUUID=78f9d08d-f53f-40cf-9f90-7f7c9603a942, command=[]} | ret=SUCCESS |  
2019-08-31 22:30:58,213 | INFO  | SCMAudit | user=jenkins1000 | ip=192.168.34.42 | op=SEND_HEARTBEAT {datanodeUUID=be9ed4ca-dce9-4f3d-9c6d-abd66b1838f6, command=[]} | ret=SUCCESS |  
2019-08-31 22:30:58,226 | INFO  | SCMAudit | user=jenkins1000 | ip=192.168.34.42 | op=SEND_HEARTBEAT {datanodeUUID=2c0e17a6-6c2f-4502-821a-909817d7c69c, command=[]} | ret=SUCCESS |  
2019-08-31 22:30:58,231 | INFO  | SCMAudit | user=jenkins1000 | ip=192.168.34.42 | op=SEND_HEARTBEAT {datanodeUUID=094b17da-7f12-43e6-b453-785c127a2e77, command=[]} | ret=SUCCESS |  
2019-08-31 22:30:58,231 | INFO  | SCMAudit | user=jenkins1000 | ip=192.168.34.42 | op=SEND_HEARTBEAT {datanodeUUID=4f048490-ee80-4dd1-86ce-d63d571007b5, command=[]} | ret=SUCCESS |  
2019-08-31 22:30:58,332 | INFO  | SCMAudit | user=jenkins1000 | ip=192.168.34.42 | op=SEND_HEARTBEAT {datanodeUUID=131506aa-e8d4-495f-9e31-6caa17857e33, command=[]} | ret=SUCCESS |  
2019-08-31 22:30:58,422 | INFO  | SCMAudit | user=jenkins1000 | ip=192.168.34.42 | op=SEND_HEARTBEAT {datanodeUUID=4a257c07-4fcc-43d2-8a6e-26fe808bf4d2, command=[]} | ret=SUCCESS |  
2019-08-31 22:30:59,093 | INFO  | SCMAudit | user=jenkins1000 | ip=192.168.34.42 | op=SEND_HEARTBEAT {datanodeUUID=78f9d08d-f53f-40cf-9f90-7f7c9603a942, command=[]} | ret=SUCCESS |  
2019-08-31 22:30:59,214 | INFO  | SCMAudit | user=jenkins1000 | ip=192.168.34.42 | op=SEND_HEARTBEAT {datanodeUUID=be9ed4ca-dce9-4f3d-9c6d-abd66b1838f6, command=[]} | ret=SUCCESS |  
2019-08-31 22:30:59,225 | INFO  | SCMAudit | user=jenkins1000 | ip=192.168.34.42 | op=SEND_HEARTBEAT {datanodeUUID=2c0e17a6-6c2f-4502-821a-909817d7c69c, command=[]} | ret=SUCCESS |  
2019-08-31 22:30:59,232 | INFO  | SCMAudit | user=jenkins1000 | ip=192.168.34.42 | op=SEND_HEARTBEAT {datanodeUUID=4f048490-ee80-4dd1-86ce-d63d571007b5, command=[]} | ret=SUCCESS |  
2019-08-31 22:30:59,232 | INFO  | SCMAudit | user=jenkins1000 | ip=192.168.34.42 | op=SEND_HEARTBEAT {datanodeUUID=094b17da-7f12-43e6-b453-785c127a2e77, command=[]} | ret=SUCCESS |  
2019-08-31 22:30:59,331 | INFO  | SCMAudit | user=jenkins1000 | ip=192.168.34.42 | op=SEND_HEARTBEAT {datanodeUUID=131506aa-e8d4-495f-9e31-6caa17857e33, command=[]} | ret=SUCCESS |  
2019-08-31 22:30:59,421 | INFO  | SCMAudit | user=jenkins1000 | ip=192.168.34.42 | op=SEND_HEARTBEAT {datanodeUUID=4a257c07-4fcc-43d2-8a6e-26fe808bf4d2, command=[]} | ret=SUCCESS |  
2019-08-31 22:31:00,092 | INFO  | SCMAudit | user=jenkins1000 | ip=192.168.34.42 | op=SEND_HEARTBEAT {datanodeUUID=78f9d08d-f53f-40cf-9f90-7f7c9603a942, command=[]} | ret=SUCCESS |  
2019-08-31 22:31:00,214 | INFO  | SCMAudit | user=jenkins1000 | ip=192.168.34.42 | op=SEND_HEARTBEAT {datanodeUUID=be9ed4ca-dce9-4f3d-9c6d-abd66b1838f6, command=[]} | ret=SUCCESS |  
2019-08-31 22:31:00,225 | INFO  | SCMAudit | user=jenkins1000 | ip=192.168.34.42 | op=SEND_HEARTBEAT {datanodeUUID=2c0e17a6-6c2f-4502-821a-909817d7c69c, command=[]} | ret=SUCCESS |  
2019-08-31 22:31:00,232 | INFO  | SCMAudit | user=jenkins1000 | ip=192.168.34.42 | op=SEND_HEARTBEAT {datanodeUUID=094b17da-7f12-43e6-b453-785c127a2e77, command=[]} | ret=SUCCESS |  
2019-08-31 22:31:00,233 | INFO  | SCMAudit | user=jenkins1000 | ip=192.168.34.42 | op=SEND_HEARTBEAT {datanodeUUID=4f048490-ee80-4dd1-86ce-d63d571007b5, command=[]} | ret=SUCCESS |  
2019-08-31 22:31:00,270 [grpc-default-executor-0] INFO  client.GrpcClientProtocolClient (GrpcClientProtocolClient.java:onNext(255)) - client-13F9D6D6E6E8->4f048490-ee80-4dd1-86ce-d63d571007b5: receive RaftClientReply:client-13F9D6D6E6E8->4f048490-ee80-4dd1-86ce-d63d571007b5@group-91658440A578, cid=44, FAILED org.apache.ratis.protocol.NotLeaderException: Server 4f048490-ee80-4dd1-86ce-d63d571007b5 is not the leader (be9ed4ca-dce9-4f3d-9c6d-abd66b1838f6:192.168.34.42:36394). Request must be sent to leader., logIndex=0, commits[4f048490-ee80-4dd1-86ce-d63d571007b5:c8, be9ed4ca-dce9-4f3d-9c6d-abd66b1838f6:c8, 094b17da-7f12-43e6-b453-785c127a2e77:c8]
2019-08-31 22:31:00,331 | INFO  | SCMAudit | user=jenkins1000 | ip=192.168.34.42 | op=SEND_HEARTBEAT {datanodeUUID=131506aa-e8d4-495f-9e31-6caa17857e33, command=[]} | ret=SUCCESS |  
2019-08-31 22:31:00,421 | INFO  | SCMAudit | user=jenkins1000 | ip=192.168.34.42 | op=SEND_HEARTBEAT {datanodeUUID=4a257c07-4fcc-43d2-8a6e-26fe808bf4d2, command=[]} | ret=SUCCESS |  
2019-08-31 22:31:01,093 | INFO  | SCMAudit | user=jenkins1000 | ip=192.168.34.42 | op=SEND_HEARTBEAT {datanodeUUID=78f9d08d-f53f-40cf-9f90-7f7c9603a942, command=[]} | ret=SUCCESS |  
2019-08-31 22:31:01,214 | INFO  | SCMAudit | user=jenkins1000 | ip=192.168.34.42 | op=SEND_HEARTBEAT {datanodeUUID=be9ed4ca-dce9-4f3d-9c6d-abd66b1838f6, command=[]} | ret=SUCCESS |  
2019-08-31 22:31:01,226 | INFO  | SCMAudit | user=jenkins1000 | ip=192.168.34.42 | op=SEND_HEARTBEAT {datanodeUUID=2c0e17a6-6c2f-4502-821a-909817d7c69c, command=[]} | ret=SUCCESS |  
2019-08-31 22:31:01,233 | INFO  | SCMAudit | user=jenkins1000 | ip=192.168.34.42 | op=SEND_HEARTBEAT {datanodeUUID=094b17da-7f12-43e6-b453-785c127a2e77, command=[]} | ret=SUCCESS |  
2019-08-31 22:31:01,234 | INFO  | SCMAudit | user=jenkins1000 | ip=192.168.34.42 | op=SEND_HEARTBEAT {datanodeUUID=4f048490-ee80-4dd1-86ce-d63d571007b5, command=[]} | ret=SUCCESS |  
2019-08-31 22:31:01,332 | INFO  | SCMAudit | user=jenkins1000 | ip=192.168.34.42 | op=SEND_HEARTBEAT {datanodeUUID=131506aa-e8d4-495f-9e31-6caa17857e33, command=[]} | ret=SUCCESS |  
2019-08-31 22:31:01,422 | INFO  | SCMAudit | user=jenkins1000 | ip=192.168.34.42 | op=SEND_HEARTBEAT {datanodeUUID=4a257c07-4fcc-43d2-8a6e-26fe808bf4d2, command=[]} | ret=SUCCESS |  
2019-08-31 22:31:02,093 | INFO  | SCMAudit | user=jenkins1000 | ip=192.168.34.42 | op=SEND_HEARTBEAT {datanodeUUID=78f9d08d-f53f-40cf-9f90-7f7c9603a942, command=[]} | ret=SUCCESS |  
2019-08-31 22:31:02,214 | INFO  | SCMAudit | user=jenkins1000 | ip=192.168.34.42 | op=SEND_HEARTBEAT {datanodeUUID=be9ed4ca-dce9-4f3d-9c6d-abd66b1838f6, command=[]} | ret=SUCCESS |  
2019-08-31 22:31:02,225 | INFO  | SCMAudit | user=jenkins1000 | ip=192.168.34.42 | op=SEND_HEARTBEAT {datanodeUUID=2c0e17a6-6c2f-4502-821a-909817d7c69c, command=[]} | ret=SUCCESS |  
2019-08-31 22:31:02,233 | INFO  | SCMAudit | user=jenkins1000 | ip=192.168.34.42 | op=SEND_HEARTBEAT {datanodeUUID=094b17da-7f12-43e6-b453-785c127a2e77, command=[]} | ret=SUCCESS |  
2019-08-31 22:31:02,234 | INFO  | SCMAudit | user=jenkins1000 | ip=192.168.34.42 | op=SEND_HEARTBEAT {datanodeUUID=4f048490-ee80-4dd1-86ce-d63d571007b5, command=[]} | ret=SUCCESS |  
2019-08-31 22:31:02,331 | INFO  | SCMAudit | user=jenkins1000 | ip=192.168.34.42 | op=SEND_HEARTBEAT {datanodeUUID=131506aa-e8d4-495f-9e31-6caa17857e33, command=[]} | ret=SUCCESS |  
2019-08-31 22:31:02,422 | INFO  | SCMAudit | user=jenkins1000 | ip=192.168.34.42 | op=SEND_HEARTBEAT {datanodeUUID=4a257c07-4fcc-43d2-8a6e-26fe808bf4d2, command=[]} | ret=SUCCESS |  
2019-08-31 22:31:03,093 | INFO  | SCMAudit | user=jenkins1000 | ip=192.168.34.42 | op=SEND_HEARTBEAT {datanodeUUID=78f9d08d-f53f-40cf-9f90-7f7c9603a942, command=[]} | ret=SUCCESS |  
2019-08-31 22:31:03,215 | INFO  | SCMAudit | user=jenkins1000 | ip=192.168.34.42 | op=SEND_HEARTBEAT {datanodeUUID=be9ed4ca-dce9-4f3d-9c6d-abd66b1838f6, command=[]} | ret=SUCCESS |  
2019-08-31 22:31:03,225 | INFO  | SCMAudit | user=jenkins1000 | ip=192.168.34.42 | op=SEND_HEARTBEAT {datanodeUUID=2c0e17a6-6c2f-4502-821a-909817d7c69c, command=[]} | ret=SUCCESS |  
2019-08-31 22:31:03,233 | INFO  | SCMAudit | user=jenkins1000 | ip=192.168.34.42 | op=SEND_HEARTBEAT {datanodeUUID=094b17da-7f12-43e6-b453-785c127a2e77, command=[]} | ret=SUCCESS |  
2019-08-31 22:31:03,234 | INFO  | SCMAudit | user=jenkins1000 | ip=192.168.34.42 | op=SEND_HEARTBEAT {datanodeUUID=4f048490-ee80-4dd1-86ce-d63d571007b5, command=[]} | ret=SUCCESS |  
2019-08-31 22:31:03,331 | INFO  | SCMAudit | user=jenkins1000 | ip=192.168.34.42 | op=SEND_HEARTBEAT {datanodeUUID=131506aa-e8d4-495f-9e31-6caa17857e33, command=[]} | ret=SUCCESS |  
2019-08-31 22:31:03,422 | INFO  | SCMAudit | user=jenkins1000 | ip=192.168.34.42 | op=SEND_HEARTBEAT {datanodeUUID=4a257c07-4fcc-43d2-8a6e-26fe808bf4d2, command=[]} | ret=SUCCESS |  
2019-08-31 22:31:04,094 | INFO  | SCMAudit | user=jenkins1000 | ip=192.168.34.42 | op=SEND_HEARTBEAT {datanodeUUID=78f9d08d-f53f-40cf-9f90-7f7c9603a942, command=[]} | ret=SUCCESS |  
2019-08-31 22:31:04,215 | INFO  | SCMAudit | user=jenkins1000 | ip=192.168.34.42 | op=SEND_HEARTBEAT {datanodeUUID=be9ed4ca-dce9-4f3d-9c6d-abd66b1838f6, command=[]} | ret=SUCCESS |  
2019-08-31 22:31:04,225 | INFO  | SCMAudit | user=jenkins1000 | ip=192.168.34.42 | op=SEND_HEARTBEAT {datanodeUUID=2c0e17a6-6c2f-4502-821a-909817d7c69c, command=[]} | ret=SUCCESS |  
2019-08-31 22:31:04,233 | INFO  | SCMAudit | user=jenkins1000 | ip=192.168.34.42 | op=SEND_HEARTBEAT {datanodeUUID=094b17da-7f12-43e6-b453-785c127a2e77, command=[]} | ret=SUCCESS |  
2019-08-31 22:31:04,234 | INFO  | SCMAudit | user=jenkins1000 | ip=192.168.34.42 | op=SEND_HEARTBEAT {datanodeUUID=4f048490-ee80-4dd1-86ce-d63d571007b5, command=[]} | ret=SUCCESS |  
2019-08-31 22:31:04,332 | INFO  | SCMAudit | user=jenkins1000 | ip=192.168.34.42 | op=SEND_HEARTBEAT {datanodeUUID=131506aa-e8d4-495f-9e31-6caa17857e33, command=[]} | ret=SUCCESS |  
2019-08-31 22:31:04,422 | INFO  | SCMAudit | user=jenkins1000 | ip=192.168.34.42 | op=SEND_HEARTBEAT {datanodeUUID=4a257c07-4fcc-43d2-8a6e-26fe808bf4d2, command=[]} | ret=SUCCESS |  
2019-08-31 22:31:05,093 | INFO  | SCMAudit | user=jenkins1000 | ip=192.168.34.42 | op=SEND_HEARTBEAT {datanodeUUID=78f9d08d-f53f-40cf-9f90-7f7c9603a942, command=[]} | ret=SUCCESS |  
2019-08-31 22:31:05,215 | INFO  | SCMAudit | user=jenkins1000 | ip=192.168.34.42 | op=SEND_HEARTBEAT {datanodeUUID=be9ed4ca-dce9-4f3d-9c6d-abd66b1838f6, command=[]} | ret=SUCCESS |  
2019-08-31 22:31:05,225 | INFO  | SCMAudit | user=jenkins1000 | ip=192.168.34.42 | op=SEND_HEARTBEAT {datanodeUUID=2c0e17a6-6c2f-4502-821a-909817d7c69c, command=[]} | ret=SUCCESS |  
2019-08-31 22:31:05,233 | INFO  | SCMAudit | user=jenkins1000 | ip=192.168.34.42 | op=SEND_HEARTBEAT {datanodeUUID=094b17da-7f12-43e6-b453-785c127a2e77, command=[]} | ret=SUCCESS |  
2019-08-31 22:31:05,234 | INFO  | SCMAudit | user=jenkins1000 | ip=192.168.34.42 | op=SEND_HEARTBEAT {datanodeUUID=4f048490-ee80-4dd1-86ce-d63d571007b5, command=[]} | ret=SUCCESS |  
2019-08-31 22:31:05,307 [grpc-default-executor-0] INFO  client.GrpcClientProtocolClient (GrpcClientProtocolClient.java:onNext(255)) - client-13F9D6D6E6E8->094b17da-7f12-43e6-b453-785c127a2e77: receive RaftClientReply:client-13F9D6D6E6E8->094b17da-7f12-43e6-b453-785c127a2e77@group-91658440A578, cid=44, FAILED org.apache.ratis.protocol.NotLeaderException: Server 094b17da-7f12-43e6-b453-785c127a2e77 is not the leader (be9ed4ca-dce9-4f3d-9c6d-abd66b1838f6:192.168.34.42:36394). Request must be sent to leader., logIndex=0, commits[094b17da-7f12-43e6-b453-785c127a2e77:c8, 4f048490-ee80-4dd1-86ce-d63d571007b5:c8, be9ed4ca-dce9-4f3d-9c6d-abd66b1838f6:c8]
2019-08-31 22:31:05,332 | INFO  | SCMAudit | user=jenkins1000 | ip=192.168.34.42 | op=SEND_HEARTBEAT {datanodeUUID=131506aa-e8d4-495f-9e31-6caa17857e33, command=[]} | ret=SUCCESS |  
2019-08-31 22:31:05,423 | INFO  | SCMAudit | user=jenkins1000 | ip=192.168.34.42 | op=SEND_HEARTBEAT {datanodeUUID=4a257c07-4fcc-43d2-8a6e-26fe808bf4d2, command=[]} | ret=SUCCESS |  
2019-08-31 22:31:06,093 | INFO  | SCMAudit | user=jenkins1000 | ip=192.168.34.42 | op=SEND_HEARTBEAT {datanodeUUID=78f9d08d-f53f-40cf-9f90-7f7c9603a942, command=[]} | ret=SUCCESS |  
2019-08-31 22:31:06,215 | INFO  | SCMAudit | user=jenkins1000 | ip=192.168.34.42 | op=SEND_HEARTBEAT {datanodeUUID=be9ed4ca-dce9-4f3d-9c6d-abd66b1838f6, command=[]} | ret=SUCCESS |  
2019-08-31 22:31:06,225 | INFO  | SCMAudit | user=jenkins1000 | ip=192.168.34.42 | op=SEND_HEARTBEAT {datanodeUUID=2c0e17a6-6c2f-4502-821a-909817d7c69c, command=[]} | ret=SUCCESS |  
2019-08-31 22:31:06,233 | INFO  | SCMAudit | user=jenkins1000 | ip=192.168.34.42 | op=SEND_HEARTBEAT {datanodeUUID=094b17da-7f12-43e6-b453-785c127a2e77, command=[]} | ret=SUCCESS |  
2019-08-31 22:31:06,234 | INFO  | SCMAudit | user=jenkins1000 | ip=192.168.34.42 | op=SEND_HEARTBEAT {datanodeUUID=4f048490-ee80-4dd1-86ce-d63d571007b5, command=[]} | ret=SUCCESS |  
2019-08-31 22:31:06,332 | INFO  | SCMAudit | user=jenkins1000 | ip=192.168.34.42 | op=SEND_HEARTBEAT {datanodeUUID=131506aa-e8d4-495f-9e31-6caa17857e33, command=[]} | ret=SUCCESS |  
2019-08-31 22:31:06,423 | INFO  | SCMAudit | user=jenkins1000 | ip=192.168.34.42 | op=SEND_HEARTBEAT {datanodeUUID=4a257c07-4fcc-43d2-8a6e-26fe808bf4d2, command=[]} | ret=SUCCESS |  
2019-08-31 22:31:07,094 | INFO  | SCMAudit | user=jenkins1000 | ip=192.168.34.42 | op=SEND_HEARTBEAT {datanodeUUID=78f9d08d-f53f-40cf-9f90-7f7c9603a942, command=[]} | ret=SUCCESS |  
2019-08-31 22:31:07,216 | INFO  | SCMAudit | user=jenkins1000 | ip=192.168.34.42 | op=SEND_HEARTBEAT {datanodeUUID=be9ed4ca-dce9-4f3d-9c6d-abd66b1838f6, command=[]} | ret=SUCCESS |  
2019-08-31 22:31:07,225 | INFO  | SCMAudit | user=jenkins1000 | ip=192.168.34.42 | op=SEND_HEARTBEAT {datanodeUUID=2c0e17a6-6c2f-4502-821a-909817d7c69c, command=[]} | ret=SUCCESS |  
2019-08-31 22:31:07,233 | INFO  | SCMAudit | user=jenkins1000 | ip=192.168.34.42 | op=SEND_HEARTBEAT {datanodeUUID=094b17da-7f12-43e6-b453-785c127a2e77, command=[]} | ret=SUCCESS |  
2019-08-31 22:31:07,234 | INFO  | SCMAudit | user=jenkins1000 | ip=192.168.34.42 | op=SEND_HEARTBEAT {datanodeUUID=4f048490-ee80-4dd1-86ce-d63d571007b5, command=[]} | ret=SUCCESS |  
2019-08-31 22:31:07,332 | INFO  | SCMAudit | user=jenkins1000 | ip=192.168.34.42 | op=SEND_HEARTBEAT {datanodeUUID=131506aa-e8d4-495f-9e31-6caa17857e33, command=[]} | ret=SUCCESS |  
2019-08-31 22:31:07,423 | INFO  | SCMAudit | user=jenkins1000 | ip=192.168.34.42 | op=SEND_HEARTBEAT {datanodeUUID=4a257c07-4fcc-43d2-8a6e-26fe808bf4d2, command=[]} | ret=SUCCESS |  
2019-08-31 22:31:08,094 | INFO  | SCMAudit | user=jenkins1000 | ip=192.168.34.42 | op=SEND_HEARTBEAT {datanodeUUID=78f9d08d-f53f-40cf-9f90-7f7c9603a942, command=[]} | ret=SUCCESS |  
2019-08-31 22:31:08,217 | INFO  | SCMAudit | user=jenkins1000 | ip=192.168.34.42 | op=SEND_HEARTBEAT {datanodeUUID=be9ed4ca-dce9-4f3d-9c6d-abd66b1838f6, command=[]} | ret=SUCCESS |  
2019-08-31 22:31:08,226 | INFO  | SCMAudit | user=jenkins1000 | ip=192.168.34.42 | op=SEND_HEARTBEAT {datanodeUUID=2c0e17a6-6c2f-4502-821a-909817d7c69c, command=[]} | ret=SUCCESS |  
2019-08-31 22:31:08,234 | INFO  | SCMAudit | user=jenkins1000 | ip=192.168.34.42 | op=SEND_HEARTBEAT {datanodeUUID=094b17da-7f12-43e6-b453-785c127a2e77, command=[]} | ret=SUCCESS |  
2019-08-31 22:31:08,234 | INFO  | SCMAudit | user=jenkins1000 | ip=192.168.34.42 | op=SEND_HEARTBEAT {datanodeUUID=4f048490-ee80-4dd1-86ce-d63d571007b5, command=[]} | ret=SUCCESS |  
2019-08-31 22:31:08,332 | INFO  | SCMAudit | user=jenkins1000 | ip=192.168.34.42 | op=SEND_HEARTBEAT {datanodeUUID=131506aa-e8d4-495f-9e31-6caa17857e33, command=[]} | ret=SUCCESS |  
2019-08-31 22:31:08,423 | INFO  | SCMAudit | user=jenkins1000 | ip=192.168.34.42 | op=SEND_HEARTBEAT {datanodeUUID=4a257c07-4fcc-43d2-8a6e-26fe808bf4d2, command=[]} | ret=SUCCESS |  
2019-08-31 22:31:09,093 | INFO  | SCMAudit | user=jenkins1000 | ip=192.168.34.42 | op=SEND_HEARTBEAT {datanodeUUID=78f9d08d-f53f-40cf-9f90-7f7c9603a942, command=[]} | ret=SUCCESS |  
2019-08-31 22:31:09,217 | INFO  | SCMAudit | user=jenkins1000 | ip=192.168.34.42 | op=SEND_HEARTBEAT {datanodeUUID=be9ed4ca-dce9-4f3d-9c6d-abd66b1838f6, command=[]} | ret=SUCCESS |  
2019-08-31 22:31:09,225 | INFO  | SCMAudit | user=jenkins1000 | ip=192.168.34.42 | op=SEND_HEARTBEAT {datanodeUUID=2c0e17a6-6c2f-4502-821a-909817d7c69c, command=[]} | ret=SUCCESS |  
2019-08-31 22:31:09,234 | INFO  | SCMAudit | user=jenkins1000 | ip=192.168.34.42 | op=SEND_HEARTBEAT {datanodeUUID=094b17da-7f12-43e6-b453-785c127a2e77, command=[]} | ret=SUCCESS |  
2019-08-31 22:31:09,234 | INFO  | SCMAudit | user=jenkins1000 | ip=192.168.34.42 | op=SEND_HEARTBEAT {datanodeUUID=4f048490-ee80-4dd1-86ce-d63d571007b5, command=[]} | ret=SUCCESS |  
2019-08-31 22:31:09,334 | INFO  | SCMAudit | user=jenkins1000 | ip=192.168.34.42 | op=SEND_HEARTBEAT {datanodeUUID=131506aa-e8d4-495f-9e31-6caa17857e33, command=[]} | ret=SUCCESS |  
2019-08-31 22:31:09,423 | INFO  | SCMAudit | user=jenkins1000 | ip=192.168.34.42 | op=SEND_HEARTBEAT {datanodeUUID=4a257c07-4fcc-43d2-8a6e-26fe808bf4d2, command=[]} | ret=SUCCESS |  
2019-08-31 22:31:10,094 | INFO  | SCMAudit | user=jenkins1000 | ip=192.168.34.42 | op=SEND_HEARTBEAT {datanodeUUID=78f9d08d-f53f-40cf-9f90-7f7c9603a942, command=[]} | ret=SUCCESS |  
2019-08-31 22:31:10,217 | INFO  | SCMAudit | user=jenkins1000 | ip=192.168.34.42 | op=SEND_HEARTBEAT {datanodeUUID=be9ed4ca-dce9-4f3d-9c6d-abd66b1838f6, command=[]} | ret=SUCCESS |  
2019-08-31 22:31:10,225 | INFO  | SCMAudit | user=jenkins1000 | ip=192.168.34.42 | op=SEND_HEARTBEAT {datanodeUUID=2c0e17a6-6c2f-4502-821a-909817d7c69c, command=[]} | ret=SUCCESS |  
2019-08-31 22:31:10,234 | INFO  | SCMAudit | user=jenkins1000 | ip=192.168.34.42 | op=SEND_HEARTBEAT {datanodeUUID=4f048490-ee80-4dd1-86ce-d63d571007b5, command=[]} | ret=SUCCESS |  
2019-08-31 22:31:10,235 | INFO  | SCMAudit | user=jenkins1000 | ip=192.168.34.42 | op=SEND_HEARTBEAT {datanodeUUID=094b17da-7f12-43e6-b453-785c127a2e77, command=[]} | ret=SUCCESS |  
2019-08-31 22:31:10,338 | INFO  | SCMAudit | user=jenkins1000 | ip=192.168.34.42 | op=SEND_HEARTBEAT {datanodeUUID=131506aa-e8d4-495f-9e31-6caa17857e33, command=[]} | ret=SUCCESS |  
2019-08-31 22:31:10,347 [grpc-default-executor-0] INFO  client.GrpcClientProtocolClient (GrpcClientProtocolClient.java:onNext(255)) - client-13F9D6D6E6E8->094b17da-7f12-43e6-b453-785c127a2e77: receive RaftClientReply:client-13F9D6D6E6E8->094b17da-7f12-43e6-b453-785c127a2e77@group-91658440A578, cid=44, FAILED org.apache.ratis.protocol.NotLeaderException: Server 094b17da-7f12-43e6-b453-785c127a2e77 is not the leader (be9ed4ca-dce9-4f3d-9c6d-abd66b1838f6:192.168.34.42:36394). Request must be sent to leader., logIndex=0, commits[094b17da-7f12-43e6-b453-785c127a2e77:c8, 4f048490-ee80-4dd1-86ce-d63d571007b5:c8, be9ed4ca-dce9-4f3d-9c6d-abd66b1838f6:c8]
2019-08-31 22:31:10,423 | INFO  | SCMAudit | user=jenkins1000 | ip=192.168.34.42 | op=SEND_HEARTBEAT {datanodeUUID=4a257c07-4fcc-43d2-8a6e-26fe808bf4d2, command=[]} | ret=SUCCESS |  
2019-08-31 22:31:11,094 | INFO  | SCMAudit | user=jenkins1000 | ip=192.168.34.42 | op=SEND_HEARTBEAT {datanodeUUID=78f9d08d-f53f-40cf-9f90-7f7c9603a942, command=[]} | ret=SUCCESS |  
2019-08-31 22:31:11,217 | INFO  | SCMAudit | user=jenkins1000 | ip=192.168.34.42 | op=SEND_HEARTBEAT {datanodeUUID=be9ed4ca-dce9-4f3d-9c6d-abd66b1838f6, command=[]} | ret=SUCCESS |  
2019-08-31 22:31:11,225 | INFO  | SCMAudit | user=jenkins1000 | ip=192.168.34.42 | op=SEND_HEARTBEAT {datanodeUUID=2c0e17a6-6c2f-4502-821a-909817d7c69c, command=[]} | ret=SUCCESS |  
2019-08-31 22:31:11,235 | INFO  | SCMAudit | user=jenkins1000 | ip=192.168.34.42 | op=SEND_HEARTBEAT {datanodeUUID=4f048490-ee80-4dd1-86ce-d63d571007b5, command=[]} | ret=SUCCESS |  
2019-08-31 22:31:11,235 | INFO  | SCMAudit | user=jenkins1000 | ip=192.168.34.42 | op=SEND_HEARTBEAT {datanodeUUID=094b17da-7f12-43e6-b453-785c127a2e77, command=[]} | ret=SUCCESS |  
2019-08-31 22:31:11,338 | INFO  | SCMAudit | user=jenkins1000 | ip=192.168.34.42 | op=SEND_HEARTBEAT {datanodeUUID=131506aa-e8d4-495f-9e31-6caa17857e33, command=[]} | ret=SUCCESS |  
2019-08-31 22:31:11,423 | INFO  | SCMAudit | user=jenkins1000 | ip=192.168.34.42 | op=SEND_HEARTBEAT {datanodeUUID=4a257c07-4fcc-43d2-8a6e-26fe808bf4d2, command=[]} | ret=SUCCESS |  
2019-08-31 22:31:12,095 | INFO  | SCMAudit | user=jenkins1000 | ip=192.168.34.42 | op=SEND_HEARTBEAT {datanodeUUID=78f9d08d-f53f-40cf-9f90-7f7c9603a942, command=[]} | ret=SUCCESS |  
2019-08-31 22:31:12,217 | INFO  | SCMAudit | user=jenkins1000 | ip=192.168.34.42 | op=SEND_HEARTBEAT {datanodeUUID=be9ed4ca-dce9-4f3d-9c6d-abd66b1838f6, command=[]} | ret=SUCCESS |  
2019-08-31 22:31:12,225 | INFO  | SCMAudit | user=jenkins1000 | ip=192.168.34.42 | op=SEND_HEARTBEAT {datanodeUUID=2c0e17a6-6c2f-4502-821a-909817d7c69c, command=[]} | ret=SUCCESS |  
2019-08-31 22:31:12,234 | INFO  | SCMAudit | user=jenkins1000 | ip=192.168.34.42 | op=SEND_HEARTBEAT {datanodeUUID=4f048490-ee80-4dd1-86ce-d63d571007b5, command=[]} | ret=SUCCESS |  
2019-08-31 22:31:12,234 | INFO  | SCMAudit | user=jenkins1000 | ip=192.168.34.42 | op=SEND_HEARTBEAT {datanodeUUID=094b17da-7f12-43e6-b453-785c127a2e77, command=[]} | ret=SUCCESS |  
2019-08-31 22:31:12,338 | INFO  | SCMAudit | user=jenkins1000 | ip=192.168.34.42 | op=SEND_HEARTBEAT {datanodeUUID=131506aa-e8d4-495f-9e31-6caa17857e33, command=[]} | ret=SUCCESS |  
2019-08-31 22:31:12,422 | INFO  | SCMAudit | user=jenkins1000 | ip=192.168.34.42 | op=SEND_HEARTBEAT {datanodeUUID=4a257c07-4fcc-43d2-8a6e-26fe808bf4d2, command=[]} | ret=SUCCESS |  
2019-08-31 22:31:13,094 | INFO  | SCMAudit | user=jenkins1000 | ip=192.168.34.42 | op=SEND_HEARTBEAT {datanodeUUID=78f9d08d-f53f-40cf-9f90-7f7c9603a942, command=[]} | ret=SUCCESS |  
2019-08-31 22:31:13,218 | INFO  | SCMAudit | user=jenkins1000 | ip=192.168.34.42 | op=SEND_HEARTBEAT {datanodeUUID=be9ed4ca-dce9-4f3d-9c6d-abd66b1838f6, command=[]} | ret=SUCCESS |  
2019-08-31 22:31:13,225 | INFO  | SCMAudit | user=jenkins1000 | ip=192.168.34.42 | op=SEND_HEARTBEAT {datanodeUUID=2c0e17a6-6c2f-4502-821a-909817d7c69c, command=[]} | ret=SUCCESS |  
2019-08-31 22:31:13,234 | INFO  | SCMAudit | user=jenkins1000 | ip=192.168.34.42 | op=SEND_HEARTBEAT {datanodeUUID=094b17da-7f12-43e6-b453-785c127a2e77, command=[]} | ret=SUCCESS |  
2019-08-31 22:31:13,235 | INFO  | SCMAudit | user=jenkins1000 | ip=192.168.34.42 | op=SEND_HEARTBEAT {datanodeUUID=4f048490-ee80-4dd1-86ce-d63d571007b5, command=[]} | ret=SUCCESS |  
2019-08-31 22:31:13,339 | INFO  | SCMAudit | user=jenkins1000 | ip=192.168.34.42 | op=SEND_HEARTBEAT {datanodeUUID=131506aa-e8d4-495f-9e31-6caa17857e33, command=[]} | ret=SUCCESS |  
2019-08-31 22:31:13,422 | INFO  | SCMAudit | user=jenkins1000 | ip=192.168.34.42 | op=SEND_HEARTBEAT {datanodeUUID=4a257c07-4fcc-43d2-8a6e-26fe808bf4d2, command=[]} | ret=SUCCESS |  
2019-08-31 22:31:14,094 | INFO  | SCMAudit | user=jenkins1000 | ip=192.168.34.42 | op=SEND_HEARTBEAT {datanodeUUID=78f9d08d-f53f-40cf-9f90-7f7c9603a942, command=[]} | ret=SUCCESS |  
2019-08-31 22:31:14,218 | INFO  | SCMAudit | user=jenkins1000 | ip=192.168.34.42 | op=SEND_HEARTBEAT {datanodeUUID=be9ed4ca-dce9-4f3d-9c6d-abd66b1838f6, command=[]} | ret=SUCCESS |  
2019-08-31 22:31:14,225 | INFO  | SCMAudit | user=jenkins1000 | ip=192.168.34.42 | op=SEND_HEARTBEAT {datanodeUUID=2c0e17a6-6c2f-4502-821a-909817d7c69c, command=[]} | ret=SUCCESS |  
2019-08-31 22:31:14,234 | INFO  | SCMAudit | user=jenkins1000 | ip=192.168.34.42 | op=SEND_HEARTBEAT {datanodeUUID=094b17da-7f12-43e6-b453-785c127a2e77, command=[]} | ret=SUCCESS |  
2019-08-31 22:31:14,236 | INFO  | SCMAudit | user=jenkins1000 | ip=192.168.34.42 | op=SEND_HEARTBEAT {datanodeUUID=4f048490-ee80-4dd1-86ce-d63d571007b5, command=[]} | ret=SUCCESS |  
2019-08-31 22:31:14,338 | INFO  | SCMAudit | user=jenkins1000 | ip=192.168.34.42 | op=SEND_HEARTBEAT {datanodeUUID=131506aa-e8d4-495f-9e31-6caa17857e33, command=[]} | ret=SUCCESS |  
2019-08-31 22:31:14,422 | INFO  | SCMAudit | user=jenkins1000 | ip=192.168.34.42 | op=SEND_HEARTBEAT {datanodeUUID=4a257c07-4fcc-43d2-8a6e-26fe808bf4d2, command=[]} | ret=SUCCESS |  
2019-08-31 22:31:15,095 | INFO  | SCMAudit | user=jenkins1000 | ip=192.168.34.42 | op=SEND_HEARTBEAT {datanodeUUID=78f9d08d-f53f-40cf-9f90-7f7c9603a942, command=[]} | ret=SUCCESS |  
2019-08-31 22:31:15,218 | INFO  | SCMAudit | user=jenkins1000 | ip=192.168.34.42 | op=SEND_HEARTBEAT {datanodeUUID=be9ed4ca-dce9-4f3d-9c6d-abd66b1838f6, command=[]} | ret=SUCCESS |  
2019-08-31 22:31:15,225 | INFO  | SCMAudit | user=jenkins1000 | ip=192.168.34.42 | op=SEND_HEARTBEAT {datanodeUUID=2c0e17a6-6c2f-4502-821a-909817d7c69c, command=[]} | ret=SUCCESS |  
2019-08-31 22:31:15,234 | INFO  | SCMAudit | user=jenkins1000 | ip=192.168.34.42 | op=SEND_HEARTBEAT {datanodeUUID=094b17da-7f12-43e6-b453-785c127a2e77, command=[]} | ret=SUCCESS |  
2019-08-31 22:31:15,236 | INFO  | SCMAudit | user=jenkins1000 | ip=192.168.34.42 | op=SEND_HEARTBEAT {datanodeUUID=4f048490-ee80-4dd1-86ce-d63d571007b5, command=[]} | ret=SUCCESS |  
2019-08-31 22:31:15,338 | INFO  | SCMAudit | user=jenkins1000 | ip=192.168.34.42 | op=SEND_HEARTBEAT {datanodeUUID=131506aa-e8d4-495f-9e31-6caa17857e33, command=[]} | ret=SUCCESS |  
2019-08-31 22:31:15,387 [grpc-default-executor-4] INFO  client.GrpcClientProtocolClient (GrpcClientProtocolClient.java:onNext(255)) - client-13F9D6D6E6E8->094b17da-7f12-43e6-b453-785c127a2e77: receive RaftClientReply:client-13F9D6D6E6E8->094b17da-7f12-43e6-b453-785c127a2e77@group-91658440A578, cid=44, FAILED org.apache.ratis.protocol.NotLeaderException: Server 094b17da-7f12-43e6-b453-785c127a2e77 is not the leader (be9ed4ca-dce9-4f3d-9c6d-abd66b1838f6:192.168.34.42:36394). Request must be sent to leader., logIndex=0, commits[094b17da-7f12-43e6-b453-785c127a2e77:c8, 4f048490-ee80-4dd1-86ce-d63d571007b5:c8, be9ed4ca-dce9-4f3d-9c6d-abd66b1838f6:c8]
2019-08-31 22:31:15,422 | INFO  | SCMAudit | user=jenkins1000 | ip=192.168.34.42 | op=SEND_HEARTBEAT {datanodeUUID=4a257c07-4fcc-43d2-8a6e-26fe808bf4d2, command=[]} | ret=SUCCESS |  
2019-08-31 22:31:16,094 | INFO  | SCMAudit | user=jenkins1000 | ip=192.168.34.42 | op=SEND_HEARTBEAT {datanodeUUID=78f9d08d-f53f-40cf-9f90-7f7c9603a942, command=[]} | ret=SUCCESS |  
2019-08-31 22:31:16,218 | INFO  | SCMAudit | user=jenkins1000 | ip=192.168.34.42 | op=SEND_HEARTBEAT {datanodeUUID=be9ed4ca-dce9-4f3d-9c6d-abd66b1838f6, command=[]} | ret=SUCCESS |  
2019-08-31 22:31:16,225 | INFO  | SCMAudit | user=jenkins1000 | ip=192.168.34.42 | op=SEND_HEARTBEAT {datanodeUUID=2c0e17a6-6c2f-4502-821a-909817d7c69c, command=[]} | ret=SUCCESS |  
2019-08-31 22:31:16,234 | INFO  | SCMAudit | user=jenkins1000 | ip=192.168.34.42 | op=SEND_HEARTBEAT {datanodeUUID=094b17da-7f12-43e6-b453-785c127a2e77, command=[]} | ret=SUCCESS |  
2019-08-31 22:31:16,236 | INFO  | SCMAudit | user=jenkins1000 | ip=192.168.34.42 | op=SEND_HEARTBEAT {datanodeUUID=4f048490-ee80-4dd1-86ce-d63d571007b5, command=[]} | ret=SUCCESS |  
2019-08-31 22:31:16,338 | INFO  | SCMAudit | user=jenkins1000 | ip=192.168.34.42 | op=SEND_HEARTBEAT {datanodeUUID=131506aa-e8d4-495f-9e31-6caa17857e33, command=[]} | ret=SUCCESS |  
2019-08-31 22:31:16,422 | INFO  | SCMAudit | user=jenkins1000 | ip=192.168.34.42 | op=SEND_HEARTBEAT {datanodeUUID=4a257c07-4fcc-43d2-8a6e-26fe808bf4d2, command=[]} | ret=SUCCESS |  
2019-08-31 22:31:17,094 | INFO  | SCMAudit | user=jenkins1000 | ip=192.168.34.42 | op=SEND_HEARTBEAT {datanodeUUID=78f9d08d-f53f-40cf-9f90-7f7c9603a942, command=[]} | ret=SUCCESS |  
2019-08-31 22:31:17,219 | INFO  | SCMAudit | user=jenkins1000 | ip=192.168.34.42 | op=SEND_HEARTBEAT {datanodeUUID=be9ed4ca-dce9-4f3d-9c6d-abd66b1838f6, command=[]} | ret=SUCCESS |  
2019-08-31 22:31:17,225 | INFO  | SCMAudit | user=jenkins1000 | ip=192.168.34.42 | op=SEND_HEARTBEAT {datanodeUUID=2c0e17a6-6c2f-4502-821a-909817d7c69c, command=[]} | ret=SUCCESS |  
2019-08-31 22:31:17,234 | INFO  | SCMAudit | user=jenkins1000 | ip=192.168.34.42 | op=SEND_HEARTBEAT {datanodeUUID=094b17da-7f12-43e6-b453-785c127a2e77, command=[]} | ret=SUCCESS |  
2019-08-31 22:31:17,236 | INFO  | SCMAudit | user=jenkins1000 | ip=192.168.34.42 | op=SEND_HEARTBEAT {datanodeUUID=4f048490-ee80-4dd1-86ce-d63d571007b5, command=[]} | ret=SUCCESS |  
2019-08-31 22:31:17,338 | INFO  | SCMAudit | user=jenkins1000 | ip=192.168.34.42 | op=SEND_HEARTBEAT {datanodeUUID=131506aa-e8d4-495f-9e31-6caa17857e33, command=[]} | ret=SUCCESS |  
2019-08-31 22:31:17,422 | INFO  | SCMAudit | user=jenkins1000 | ip=192.168.34.42 | op=SEND_HEARTBEAT {datanodeUUID=4a257c07-4fcc-43d2-8a6e-26fe808bf4d2, command=[]} | ret=SUCCESS |  
2019-08-31 22:31:18,095 | INFO  | SCMAudit | user=jenkins1000 | ip=192.168.34.42 | op=SEND_HEARTBEAT {datanodeUUID=78f9d08d-f53f-40cf-9f90-7f7c9603a942, command=[]} | ret=SUCCESS |  
2019-08-31 22:31:18,218 | INFO  | SCMAudit | user=jenkins1000 | ip=192.168.34.42 | op=SEND_HEARTBEAT {datanodeUUID=be9ed4ca-dce9-4f3d-9c6d-abd66b1838f6, command=[]} | ret=SUCCESS |  
2019-08-31 22:31:18,225 | INFO  | SCMAudit | user=jenkins1000 | ip=192.168.34.42 | op=SEND_HEARTBEAT {datanodeUUID=2c0e17a6-6c2f-4502-821a-909817d7c69c, command=[]} | ret=SUCCESS |  
2019-08-31 22:31:18,234 | INFO  | SCMAudit | user=jenkins1000 | ip=192.168.34.42 | op=SEND_HEARTBEAT {datanodeUUID=094b17da-7f12-43e6-b453-785c127a2e77, command=[]} | ret=SUCCESS |  
2019-08-31 22:31:18,236 | INFO  | SCMAudit | user=jenkins1000 | ip=192.168.34.42 | op=SEND_HEARTBEAT {datanodeUUID=4f048490-ee80-4dd1-86ce-d63d571007b5, command=[]} | ret=SUCCESS |  
2019-08-31 22:31:18,339 | INFO  | SCMAudit | user=jenkins1000 | ip=192.168.34.42 | op=SEND_HEARTBEAT {datanodeUUID=131506aa-e8d4-495f-9e31-6caa17857e33, command=[]} | ret=SUCCESS |  
2019-08-31 22:31:18,422 | INFO  | SCMAudit | user=jenkins1000 | ip=192.168.34.42 | op=SEND_HEARTBEAT {datanodeUUID=4a257c07-4fcc-43d2-8a6e-26fe808bf4d2, command=[]} | ret=SUCCESS |  
2019-08-31 22:31:19,095 | INFO  | SCMAudit | user=jenkins1000 | ip=192.168.34.42 | op=SEND_HEARTBEAT {datanodeUUID=78f9d08d-f53f-40cf-9f90-7f7c9603a942, command=[]} | ret=SUCCESS |  
2019-08-31 22:31:19,218 | INFO  | SCMAudit | user=jenkins1000 | ip=192.168.34.42 | op=SEND_HEARTBEAT {datanodeUUID=be9ed4ca-dce9-4f3d-9c6d-abd66b1838f6, command=[]} | ret=SUCCESS |  
2019-08-31 22:31:19,226 | INFO  | SCMAudit | user=jenkins1000 | ip=192.168.34.42 | op=SEND_HEARTBEAT {datanodeUUID=2c0e17a6-6c2f-4502-821a-909817d7c69c, command=[]} | ret=SUCCESS |  
2019-08-31 22:31:19,234 | INFO  | SCMAudit | user=jenkins1000 | ip=192.168.34.42 | op=SEND_HEARTBEAT {datanodeUUID=094b17da-7f12-43e6-b453-785c127a2e77, command=[]} | ret=SUCCESS |  
2019-08-31 22:31:19,236 | INFO  | SCMAudit | user=jenkins1000 | ip=192.168.34.42 | op=SEND_HEARTBEAT {datanodeUUID=4f048490-ee80-4dd1-86ce-d63d571007b5, command=[]} | ret=SUCCESS |  
2019-08-31 22:31:19,339 | INFO  | SCMAudit | user=jenkins1000 | ip=192.168.34.42 | op=SEND_HEARTBEAT {datanodeUUID=131506aa-e8d4-495f-9e31-6caa17857e33, command=[]} | ret=SUCCESS |  
2019-08-31 22:31:19,425 | INFO  | SCMAudit | user=jenkins1000 | ip=192.168.34.42 | op=SEND_HEARTBEAT {datanodeUUID=4a257c07-4fcc-43d2-8a6e-26fe808bf4d2, command=[]} | ret=SUCCESS |  
2019-08-31 22:31:20,094 | INFO  | SCMAudit | user=jenkins1000 | ip=192.168.34.42 | op=SEND_HEARTBEAT {datanodeUUID=78f9d08d-f53f-40cf-9f90-7f7c9603a942, command=[]} | ret=SUCCESS |  
2019-08-31 22:31:20,219 | INFO  | SCMAudit | user=jenkins1000 | ip=192.168.34.42 | op=SEND_HEARTBEAT {datanodeUUID=be9ed4ca-dce9-4f3d-9c6d-abd66b1838f6, command=[]} | ret=SUCCESS |  
2019-08-31 22:31:20,226 | INFO  | SCMAudit | user=jenkins1000 | ip=192.168.34.42 | op=SEND_HEARTBEAT {datanodeUUID=2c0e17a6-6c2f-4502-821a-909817d7c69c, command=[]} | ret=SUCCESS |  
2019-08-31 22:31:20,234 | INFO  | SCMAudit | user=jenkins1000 | ip=192.168.34.42 | op=SEND_HEARTBEAT {datanodeUUID=094b17da-7f12-43e6-b453-785c127a2e77, command=[]} | ret=SUCCESS |  
2019-08-31 22:31:20,236 | INFO  | SCMAudit | user=jenkins1000 | ip=192.168.34.42 | op=SEND_HEARTBEAT {datanodeUUID=4f048490-ee80-4dd1-86ce-d63d571007b5, command=[]} | ret=SUCCESS |  
2019-08-31 22:31:20,338 | INFO  | SCMAudit | user=jenkins1000 | ip=192.168.34.42 | op=SEND_HEARTBEAT {datanodeUUID=131506aa-e8d4-495f-9e31-6caa17857e33, command=[]} | ret=SUCCESS |  
2019-08-31 22:31:20,424 | INFO  | SCMAudit | user=jenkins1000 | ip=192.168.34.42 | op=SEND_HEARTBEAT {datanodeUUID=4a257c07-4fcc-43d2-8a6e-26fe808bf4d2, command=[]} | ret=SUCCESS |  
2019-08-31 22:31:20,460 [grpc-default-executor-4] INFO  client.GrpcClientProtocolClient (GrpcClientProtocolClient.java:onNext(255)) - client-13F9D6D6E6E8->4f048490-ee80-4dd1-86ce-d63d571007b5: receive RaftClientReply:client-13F9D6D6E6E8->4f048490-ee80-4dd1-86ce-d63d571007b5@group-91658440A578, cid=44, FAILED org.apache.ratis.protocol.NotLeaderException: Server 4f048490-ee80-4dd1-86ce-d63d571007b5 is not the leader (be9ed4ca-dce9-4f3d-9c6d-abd66b1838f6:192.168.34.42:36394). Request must be sent to leader., logIndex=0, commits[4f048490-ee80-4dd1-86ce-d63d571007b5:c8, be9ed4ca-dce9-4f3d-9c6d-abd66b1838f6:c8, 094b17da-7f12-43e6-b453-785c127a2e77:c8]
2019-08-31 22:31:21,094 | INFO  | SCMAudit | user=jenkins1000 | ip=192.168.34.42 | op=SEND_HEARTBEAT {datanodeUUID=78f9d08d-f53f-40cf-9f90-7f7c9603a942, command=[]} | ret=SUCCESS |  
2019-08-31 22:31:21,219 | INFO  | SCMAudit | user=jenkins1000 | ip=192.168.34.42 | op=SEND_HEARTBEAT {datanodeUUID=be9ed4ca-dce9-4f3d-9c6d-abd66b1838f6, command=[]} | ret=SUCCESS |  
2019-08-31 22:31:21,226 | INFO  | SCMAudit | user=jenkins1000 | ip=192.168.34.42 | op=SEND_HEARTBEAT {datanodeUUID=2c0e17a6-6c2f-4502-821a-909817d7c69c, command=[]} | ret=SUCCESS |  
2019-08-31 22:31:21,234 | INFO  | SCMAudit | user=jenkins1000 | ip=192.168.34.42 | op=SEND_HEARTBEAT {datanodeUUID=094b17da-7f12-43e6-b453-785c127a2e77, command=[]} | ret=SUCCESS |  
2019-08-31 22:31:21,237 | INFO  | SCMAudit | user=jenkins1000 | ip=192.168.34.42 | op=SEND_HEARTBEAT {datanodeUUID=4f048490-ee80-4dd1-86ce-d63d571007b5, command=[]} | ret=SUCCESS |  
2019-08-31 22:31:21,338 | INFO  | SCMAudit | user=jenkins1000 | ip=192.168.34.42 | op=SEND_HEARTBEAT {datanodeUUID=131506aa-e8d4-495f-9e31-6caa17857e33, command=[]} | ret=SUCCESS |  
2019-08-31 22:31:21,424 | INFO  | SCMAudit | user=jenkins1000 | ip=192.168.34.42 | op=SEND_HEARTBEAT {datanodeUUID=4a257c07-4fcc-43d2-8a6e-26fe808bf4d2, command=[]} | ret=SUCCESS |  
2019-08-31 22:31:22,095 | INFO  | SCMAudit | user=jenkins1000 | ip=192.168.34.42 | op=SEND_HEARTBEAT {datanodeUUID=78f9d08d-f53f-40cf-9f90-7f7c9603a942, command=[]} | ret=SUCCESS |  
2019-08-31 22:31:22,219 | INFO  | SCMAudit | user=jenkins1000 | ip=192.168.34.42 | op=SEND_HEARTBEAT {datanodeUUID=be9ed4ca-dce9-4f3d-9c6d-abd66b1838f6, command=[]} | ret=SUCCESS |  
2019-08-31 22:31:22,226 | INFO  | SCMAudit | user=jenkins1000 | ip=192.168.34.42 | op=SEND_HEARTBEAT {datanodeUUID=2c0e17a6-6c2f-4502-821a-909817d7c69c, command=[]} | ret=SUCCESS |  
2019-08-31 22:31:22,234 | INFO  | SCMAudit | user=jenkins1000 | ip=192.168.34.42 | op=SEND_HEARTBEAT {datanodeUUID=094b17da-7f12-43e6-b453-785c127a2e77, command=[]} | ret=SUCCESS |  
2019-08-31 22:31:22,238 | INFO  | SCMAudit | user=jenkins1000 | ip=192.168.34.42 | op=SEND_HEARTBEAT {datanodeUUID=4f048490-ee80-4dd1-86ce-d63d571007b5, command=[]} | ret=SUCCESS |  
2019-08-31 22:31:22,338 | INFO  | SCMAudit | user=jenkins1000 | ip=192.168.34.42 | op=SEND_HEARTBEAT {datanodeUUID=131506aa-e8d4-495f-9e31-6caa17857e33, command=[]} | ret=SUCCESS |  
2019-08-31 22:31:22,425 | INFO  | SCMAudit | user=jenkins1000 | ip=192.168.34.42 | op=SEND_HEARTBEAT {datanodeUUID=4a257c07-4fcc-43d2-8a6e-26fe808bf4d2, command=[]} | ret=SUCCESS |  
2019-08-31 22:31:23,094 | INFO  | SCMAudit | user=jenkins1000 | ip=192.168.34.42 | op=SEND_HEARTBEAT {datanodeUUID=78f9d08d-f53f-40cf-9f90-7f7c9603a942, command=[]} | ret=SUCCESS |  
2019-08-31 22:31:23,220 | INFO  | SCMAudit | user=jenkins1000 | ip=192.168.34.42 | op=SEND_HEARTBEAT {datanodeUUID=be9ed4ca-dce9-4f3d-9c6d-abd66b1838f6, command=[]} | ret=SUCCESS |  
2019-08-31 22:31:23,225 | INFO  | SCMAudit | user=jenkins1000 | ip=192.168.34.42 | op=SEND_HEARTBEAT {datanodeUUID=2c0e17a6-6c2f-4502-821a-909817d7c69c, command=[]} | ret=SUCCESS |  
2019-08-31 22:31:23,234 | INFO  | SCMAudit | user=jenkins1000 | ip=192.168.34.42 | op=SEND_HEARTBEAT {datanodeUUID=094b17da-7f12-43e6-b453-785c127a2e77, command=[]} | ret=SUCCESS |  
2019-08-31 22:31:23,238 | INFO  | SCMAudit | user=jenkins1000 | ip=192.168.34.42 | op=SEND_HEARTBEAT {datanodeUUID=4f048490-ee80-4dd1-86ce-d63d571007b5, command=[]} | ret=SUCCESS |  
2019-08-31 22:31:23,338 | INFO  | SCMAudit | user=jenkins1000 | ip=192.168.34.42 | op=SEND_HEARTBEAT {datanodeUUID=131506aa-e8d4-495f-9e31-6caa17857e33, command=[]} | ret=SUCCESS |  
2019-08-31 22:31:23,425 | INFO  | SCMAudit | user=jenkins1000 | ip=192.168.34.42 | op=SEND_HEARTBEAT {datanodeUUID=4a257c07-4fcc-43d2-8a6e-26fe808bf4d2, command=[]} | ret=SUCCESS |  
2019-08-31 22:31:24,095 | INFO  | SCMAudit | user=jenkins1000 | ip=192.168.34.42 | op=SEND_HEARTBEAT {datanodeUUID=78f9d08d-f53f-40cf-9f90-7f7c9603a942, command=[]} | ret=SUCCESS |  
2019-08-31 22:31:24,219 | INFO  | SCMAudit | user=jenkins1000 | ip=192.168.34.42 | op=SEND_HEARTBEAT {datanodeUUID=be9ed4ca-dce9-4f3d-9c6d-abd66b1838f6, command=[]} | ret=SUCCESS |  
2019-08-31 22:31:24,226 | INFO  | SCMAudit | user=jenkins1000 | ip=192.168.34.42 | op=SEND_HEARTBEAT {datanodeUUID=2c0e17a6-6c2f-4502-821a-909817d7c69c, command=[]} | ret=SUCCESS |  
2019-08-31 22:31:24,234 | INFO  | SCMAudit | user=jenkins1000 | ip=192.168.34.42 | op=SEND_HEARTBEAT {datanodeUUID=094b17da-7f12-43e6-b453-785c127a2e77, command=[]} | ret=SUCCESS |  
2019-08-31 22:31:24,238 | INFO  | SCMAudit | user=jenkins1000 | ip=192.168.34.42 | op=SEND_HEARTBEAT {datanodeUUID=4f048490-ee80-4dd1-86ce-d63d571007b5, command=[]} | ret=SUCCESS |  
2019-08-31 22:31:24,339 | INFO  | SCMAudit | user=jenkins1000 | ip=192.168.34.42 | op=SEND_HEARTBEAT {datanodeUUID=131506aa-e8d4-495f-9e31-6caa17857e33, command=[]} | ret=SUCCESS |  
2019-08-31 22:31:24,425 | INFO  | SCMAudit | user=jenkins1000 | ip=192.168.34.42 | op=SEND_HEARTBEAT {datanodeUUID=4a257c07-4fcc-43d2-8a6e-26fe808bf4d2, command=[]} | ret=SUCCESS |  
2019-08-31 22:31:25,095 | INFO  | SCMAudit | user=jenkins1000 | ip=192.168.34.42 | op=SEND_HEARTBEAT {datanodeUUID=78f9d08d-f53f-40cf-9f90-7f7c9603a942, command=[]} | ret=SUCCESS |  
2019-08-31 22:31:25,220 | INFO  | SCMAudit | user=jenkins1000 | ip=192.168.34.42 | op=SEND_HEARTBEAT {datanodeUUID=be9ed4ca-dce9-4f3d-9c6d-abd66b1838f6, command=[]} | ret=SUCCESS |  
2019-08-31 22:31:25,226 | INFO  | SCMAudit | user=jenkins1000 | ip=192.168.34.42 | op=SEND_HEARTBEAT {datanodeUUID=2c0e17a6-6c2f-4502-821a-909817d7c69c, command=[]} | ret=SUCCESS |  
2019-08-31 22:31:25,234 | INFO  | SCMAudit | user=jenkins1000 | ip=192.168.34.42 | op=SEND_HEARTBEAT {datanodeUUID=094b17da-7f12-43e6-b453-785c127a2e77, command=[]} | ret=SUCCESS |  
2019-08-31 22:31:25,239 | INFO  | SCMAudit | user=jenkins1000 | ip=192.168.34.42 | op=SEND_HEARTBEAT {datanodeUUID=4f048490-ee80-4dd1-86ce-d63d571007b5, command=[]} | ret=SUCCESS |  
2019-08-31 22:31:25,339 | INFO  | SCMAudit | user=jenkins1000 | ip=192.168.34.42 | op=SEND_HEARTBEAT {datanodeUUID=131506aa-e8d4-495f-9e31-6caa17857e33, command=[]} | ret=SUCCESS |  
2019-08-31 22:31:25,425 | INFO  | SCMAudit | user=jenkins1000 | ip=192.168.34.42 | op=SEND_HEARTBEAT {datanodeUUID=4a257c07-4fcc-43d2-8a6e-26fe808bf4d2, command=[]} | ret=SUCCESS |  
2019-08-31 22:31:25,500 [grpc-default-executor-4] INFO  client.GrpcClientProtocolClient (GrpcClientProtocolClient.java:onNext(255)) - client-13F9D6D6E6E8->094b17da-7f12-43e6-b453-785c127a2e77: receive RaftClientReply:client-13F9D6D6E6E8->094b17da-7f12-43e6-b453-785c127a2e77@group-91658440A578, cid=44, FAILED org.apache.ratis.protocol.NotLeaderException: Server 094b17da-7f12-43e6-b453-785c127a2e77 is not the leader (be9ed4ca-dce9-4f3d-9c6d-abd66b1838f6:192.168.34.42:36394). Request must be sent to leader., logIndex=0, commits[094b17da-7f12-43e6-b453-785c127a2e77:c8, 4f048490-ee80-4dd1-86ce-d63d571007b5:c8, be9ed4ca-dce9-4f3d-9c6d-abd66b1838f6:c8]
2019-08-31 22:31:26,094 | INFO  | SCMAudit | user=jenkins1000 | ip=192.168.34.42 | op=SEND_HEARTBEAT {datanodeUUID=78f9d08d-f53f-40cf-9f90-7f7c9603a942, command=[]} | ret=SUCCESS |  
2019-08-31 22:31:26,219 | INFO  | SCMAudit | user=jenkins1000 | ip=192.168.34.42 | op=SEND_HEARTBEAT {datanodeUUID=be9ed4ca-dce9-4f3d-9c6d-abd66b1838f6, command=[]} | ret=SUCCESS |  
2019-08-31 22:31:26,225 | INFO  | SCMAudit | user=jenkins1000 | ip=192.168.34.42 | op=SEND_HEARTBEAT {datanodeUUID=2c0e17a6-6c2f-4502-821a-909817d7c69c, command=[]} | ret=SUCCESS |  
2019-08-31 22:31:26,234 | INFO  | SCMAudit | user=jenkins1000 | ip=192.168.34.42 | op=SEND_HEARTBEAT {datanodeUUID=094b17da-7f12-43e6-b453-785c127a2e77, command=[]} | ret=SUCCESS |  
2019-08-31 22:31:26,239 | INFO  | SCMAudit | user=jenkins1000 | ip=192.168.34.42 | op=SEND_HEARTBEAT {datanodeUUID=4f048490-ee80-4dd1-86ce-d63d571007b5, command=[]} | ret=SUCCESS |  
2019-08-31 22:31:26,339 | INFO  | SCMAudit | user=jenkins1000 | ip=192.168.34.42 | op=SEND_HEARTBEAT {datanodeUUID=131506aa-e8d4-495f-9e31-6caa17857e33, command=[]} | ret=SUCCESS |  
2019-08-31 22:31:26,426 | INFO  | SCMAudit | user=jenkins1000 | ip=192.168.34.42 | op=SEND_HEARTBEAT {datanodeUUID=4a257c07-4fcc-43d2-8a6e-26fe808bf4d2, command=[]} | ret=SUCCESS |  
2019-08-31 22:31:27,095 | INFO  | SCMAudit | user=jenkins1000 | ip=192.168.34.42 | op=SEND_HEARTBEAT {datanodeUUID=78f9d08d-f53f-40cf-9f90-7f7c9603a942, command=[]} | ret=SUCCESS |  
2019-08-31 22:31:27,219 | INFO  | SCMAudit | user=jenkins1000 | ip=192.168.34.42 | op=SEND_HEARTBEAT {datanodeUUID=be9ed4ca-dce9-4f3d-9c6d-abd66b1838f6, command=[]} | ret=SUCCESS |  
2019-08-31 22:31:27,225 | INFO  | SCMAudit | user=jenkins1000 | ip=192.168.34.42 | op=SEND_HEARTBEAT {datanodeUUID=2c0e17a6-6c2f-4502-821a-909817d7c69c, command=[]} | ret=SUCCESS |  
2019-08-31 22:31:27,234 | INFO  | SCMAudit | user=jenkins1000 | ip=192.168.34.42 | op=SEND_HEARTBEAT {datanodeUUID=094b17da-7f12-43e6-b453-785c127a2e77, command=[]} | ret=SUCCESS |  
2019-08-31 22:31:27,239 | INFO  | SCMAudit | user=jenkins1000 | ip=192.168.34.42 | op=SEND_HEARTBEAT {datanodeUUID=4f048490-ee80-4dd1-86ce-d63d571007b5, command=[]} | ret=SUCCESS |  
2019-08-31 22:31:27,339 | INFO  | SCMAudit | user=jenkins1000 | ip=192.168.34.42 | op=SEND_HEARTBEAT {datanodeUUID=131506aa-e8d4-495f-9e31-6caa17857e33, command=[]} | ret=SUCCESS |  
2019-08-31 22:31:27,426 | INFO  | SCMAudit | user=jenkins1000 | ip=192.168.34.42 | op=SEND_HEARTBEAT {datanodeUUID=4a257c07-4fcc-43d2-8a6e-26fe808bf4d2, command=[]} | ret=SUCCESS |  
2019-08-31 22:31:28,095 | INFO  | SCMAudit | user=jenkins1000 | ip=192.168.34.42 | op=SEND_HEARTBEAT {datanodeUUID=78f9d08d-f53f-40cf-9f90-7f7c9603a942, command=[]} | ret=SUCCESS |  
2019-08-31 22:31:28,220 | INFO  | SCMAudit | user=jenkins1000 | ip=192.168.34.42 | op=SEND_HEARTBEAT {datanodeUUID=be9ed4ca-dce9-4f3d-9c6d-abd66b1838f6, command=[]} | ret=SUCCESS |  
2019-08-31 22:31:28,225 | INFO  | SCMAudit | user=jenkins1000 | ip=192.168.34.42 | op=SEND_HEARTBEAT {datanodeUUID=2c0e17a6-6c2f-4502-821a-909817d7c69c, command=[]} | ret=SUCCESS |  
2019-08-31 22:31:28,234 | INFO  | SCMAudit | user=jenkins1000 | ip=192.168.34.42 | op=SEND_HEARTBEAT {datanodeUUID=094b17da-7f12-43e6-b453-785c127a2e77, command=[]} | ret=SUCCESS |  
2019-08-31 22:31:28,238 | INFO  | SCMAudit | user=jenkins1000 | ip=192.168.34.42 | op=SEND_HEARTBEAT {datanodeUUID=4f048490-ee80-4dd1-86ce-d63d571007b5, command=[]} | ret=SUCCESS |  
2019-08-31 22:31:28,339 | INFO  | SCMAudit | user=jenkins1000 | ip=192.168.34.42 | op=SEND_HEARTBEAT {datanodeUUID=131506aa-e8d4-495f-9e31-6caa17857e33, command=[]} | ret=SUCCESS |  
2019-08-31 22:31:28,427 | INFO  | SCMAudit | user=jenkins1000 | ip=192.168.34.42 | op=SEND_HEARTBEAT {datanodeUUID=4a257c07-4fcc-43d2-8a6e-26fe808bf4d2, command=[]} | ret=SUCCESS |  
2019-08-31 22:31:29,095 | INFO  | SCMAudit | user=jenkins1000 | ip=192.168.34.42 | op=SEND_HEARTBEAT {datanodeUUID=78f9d08d-f53f-40cf-9f90-7f7c9603a942, command=[]} | ret=SUCCESS |  
2019-08-31 22:31:29,222 | INFO  | SCMAudit | user=jenkins1000 | ip=192.168.34.42 | op=SEND_HEARTBEAT {datanodeUUID=be9ed4ca-dce9-4f3d-9c6d-abd66b1838f6, command=[]} | ret=SUCCESS |  
2019-08-31 22:31:29,226 | INFO  | SCMAudit | user=jenkins1000 | ip=192.168.34.42 | op=SEND_HEARTBEAT {datanodeUUID=2c0e17a6-6c2f-4502-821a-909817d7c69c, command=[]} | ret=SUCCESS |  
2019-08-31 22:31:29,235 | INFO  | SCMAudit | user=jenkins1000 | ip=192.168.34.42 | op=SEND_HEARTBEAT {datanodeUUID=094b17da-7f12-43e6-b453-785c127a2e77, command=[]} | ret=SUCCESS |  
2019-08-31 22:31:29,240 | INFO  | SCMAudit | user=jenkins1000 | ip=192.168.34.42 | op=SEND_HEARTBEAT {datanodeUUID=4f048490-ee80-4dd1-86ce-d63d571007b5, command=[]} | ret=SUCCESS |  
2019-08-31 22:31:29,340 | INFO  | SCMAudit | user=jenkins1000 | ip=192.168.34.42 | op=SEND_HEARTBEAT {datanodeUUID=131506aa-e8d4-495f-9e31-6caa17857e33, command=[]} | ret=SUCCESS |  
2019-08-31 22:31:29,427 | INFO  | SCMAudit | user=jenkins1000 | ip=192.168.34.42 | op=SEND_HEARTBEAT {datanodeUUID=4a257c07-4fcc-43d2-8a6e-26fe808bf4d2, command=[]} | ret=SUCCESS |  
2019-08-31 22:31:30,096 | INFO  | SCMAudit | user=jenkins1000 | ip=192.168.34.42 | op=SEND_HEARTBEAT {datanodeUUID=78f9d08d-f53f-40cf-9f90-7f7c9603a942, command=[]} | ret=SUCCESS |  
2019-08-31 22:31:30,220 | INFO  | SCMAudit | user=jenkins1000 | ip=192.168.34.42 | op=SEND_HEARTBEAT {datanodeUUID=be9ed4ca-dce9-4f3d-9c6d-abd66b1838f6, command=[]} | ret=SUCCESS |  
2019-08-31 22:31:30,226 | INFO  | SCMAudit | user=jenkins1000 | ip=192.168.34.42 | op=SEND_HEARTBEAT {datanodeUUID=2c0e17a6-6c2f-4502-821a-909817d7c69c, command=[]} | ret=SUCCESS |  
2019-08-31 22:31:30,234 | INFO  | SCMAudit | user=jenkins1000 | ip=192.168.34.42 | op=SEND_HEARTBEAT {datanodeUUID=094b17da-7f12-43e6-b453-785c127a2e77, command=[]} | ret=SUCCESS |  
2019-08-31 22:31:30,238 | INFO  | SCMAudit | user=jenkins1000 | ip=192.168.34.42 | op=SEND_HEARTBEAT {datanodeUUID=4f048490-ee80-4dd1-86ce-d63d571007b5, command=[]} | ret=SUCCESS |  
2019-08-31 22:31:30,340 | INFO  | SCMAudit | user=jenkins1000 | ip=192.168.34.42 | op=SEND_HEARTBEAT {datanodeUUID=131506aa-e8d4-495f-9e31-6caa17857e33, command=[]} | ret=SUCCESS |  
2019-08-31 22:31:30,427 | INFO  | SCMAudit | user=jenkins1000 | ip=192.168.34.42 | op=SEND_HEARTBEAT {datanodeUUID=4a257c07-4fcc-43d2-8a6e-26fe808bf4d2, command=[]} | ret=SUCCESS |  
2019-08-31 22:31:30,538 [grpc-default-executor-4] INFO  client.GrpcClientProtocolClient (GrpcClientProtocolClient.java:onNext(255)) - client-13F9D6D6E6E8->4f048490-ee80-4dd1-86ce-d63d571007b5: receive RaftClientReply:client-13F9D6D6E6E8->4f048490-ee80-4dd1-86ce-d63d571007b5@group-91658440A578, cid=44, FAILED org.apache.ratis.protocol.NotLeaderException: Server 4f048490-ee80-4dd1-86ce-d63d571007b5 is not the leader (be9ed4ca-dce9-4f3d-9c6d-abd66b1838f6:192.168.34.42:36394). Request must be sent to leader., logIndex=0, commits[4f048490-ee80-4dd1-86ce-d63d571007b5:c8, be9ed4ca-dce9-4f3d-9c6d-abd66b1838f6:c8, 094b17da-7f12-43e6-b453-785c127a2e77:c8]
2019-08-31 22:31:31,096 | INFO  | SCMAudit | user=jenkins1000 | ip=192.168.34.42 | op=SEND_HEARTBEAT {datanodeUUID=78f9d08d-f53f-40cf-9f90-7f7c9603a942, command=[]} | ret=SUCCESS |  
2019-08-31 22:31:31,221 | INFO  | SCMAudit | user=jenkins1000 | ip=192.168.34.42 | op=SEND_HEARTBEAT {datanodeUUID=be9ed4ca-dce9-4f3d-9c6d-abd66b1838f6, command=[]} | ret=SUCCESS |  
2019-08-31 22:31:31,227 | INFO  | SCMAudit | user=jenkins1000 | ip=192.168.34.42 | op=SEND_HEARTBEAT {datanodeUUID=2c0e17a6-6c2f-4502-821a-909817d7c69c, command=[]} | ret=SUCCESS |  
2019-08-31 22:31:31,234 | INFO  | SCMAudit | user=jenkins1000 | ip=192.168.34.42 | op=SEND_HEARTBEAT {datanodeUUID=094b17da-7f12-43e6-b453-785c127a2e77, command=[]} | ret=SUCCESS |  
2019-08-31 22:31:31,238 | INFO  | SCMAudit | user=jenkins1000 | ip=192.168.34.42 | op=SEND_HEARTBEAT {datanodeUUID=4f048490-ee80-4dd1-86ce-d63d571007b5, command=[]} | ret=SUCCESS |  
2019-08-31 22:31:31,340 | INFO  | SCMAudit | user=jenkins1000 | ip=192.168.34.42 | op=SEND_HEARTBEAT {datanodeUUID=131506aa-e8d4-495f-9e31-6caa17857e33, command=[]} | ret=SUCCESS |  
2019-08-31 22:31:31,428 | INFO  | SCMAudit | user=jenkins1000 | ip=192.168.34.42 | op=SEND_HEARTBEAT {datanodeUUID=4a257c07-4fcc-43d2-8a6e-26fe808bf4d2, command=[]} | ret=SUCCESS |  
2019-08-31 22:31:32,096 | INFO  | SCMAudit | user=jenkins1000 | ip=192.168.34.42 | op=SEND_HEARTBEAT {datanodeUUID=78f9d08d-f53f-40cf-9f90-7f7c9603a942, command=[]} | ret=SUCCESS |  
2019-08-31 22:31:32,220 | INFO  | SCMAudit | user=jenkins1000 | ip=192.168.34.42 | op=SEND_HEARTBEAT {datanodeUUID=be9ed4ca-dce9-4f3d-9c6d-abd66b1838f6, command=[]} | ret=SUCCESS |  
2019-08-31 22:31:32,228 | INFO  | SCMAudit | user=jenkins1000 | ip=192.168.34.42 | op=SEND_HEARTBEAT {datanodeUUID=2c0e17a6-6c2f-4502-821a-909817d7c69c, command=[]} | ret=SUCCESS |  
2019-08-31 22:31:32,234 | INFO  | SCMAudit | user=jenkins1000 | ip=192.168.34.42 | op=SEND_HEARTBEAT {datanodeUUID=094b17da-7f12-43e6-b453-785c127a2e77, command=[]} | ret=SUCCESS |  
2019-08-31 22:31:32,238 | INFO  | SCMAudit | user=jenkins1000 | ip=192.168.34.42 | op=SEND_HEARTBEAT {datanodeUUID=4f048490-ee80-4dd1-86ce-d63d571007b5, command=[]} | ret=SUCCESS |  
2019-08-31 22:31:32,340 | INFO  | SCMAudit | user=jenkins1000 | ip=192.168.34.42 | op=SEND_HEARTBEAT {datanodeUUID=131506aa-e8d4-495f-9e31-6caa17857e33, command=[]} | ret=SUCCESS |  
2019-08-31 22:31:32,428 | INFO  | SCMAudit | user=jenkins1000 | ip=192.168.34.42 | op=SEND_HEARTBEAT {datanodeUUID=4a257c07-4fcc-43d2-8a6e-26fe808bf4d2, command=[]} | ret=SUCCESS |  
2019-08-31 22:31:33,096 | INFO  | SCMAudit | user=jenkins1000 | ip=192.168.34.42 | op=SEND_HEARTBEAT {datanodeUUID=78f9d08d-f53f-40cf-9f90-7f7c9603a942, command=[]} | ret=SUCCESS |  
2019-08-31 22:31:33,220 | INFO  | SCMAudit | user=jenkins1000 | ip=192.168.34.42 | op=SEND_HEARTBEAT {datanodeUUID=be9ed4ca-dce9-4f3d-9c6d-abd66b1838f6, command=[]} | ret=SUCCESS |  
2019-08-31 22:31:33,228 | INFO  | SCMAudit | user=jenkins1000 | ip=192.168.34.42 | op=SEND_HEARTBEAT {datanodeUUID=2c0e17a6-6c2f-4502-821a-909817d7c69c, command=[]} | ret=SUCCESS |  
2019-08-31 22:31:33,234 | INFO  | SCMAudit | user=jenkins1000 | ip=192.168.34.42 | op=SEND_HEARTBEAT {datanodeUUID=094b17da-7f12-43e6-b453-785c127a2e77, command=[]} | ret=SUCCESS |  
2019-08-31 22:31:33,238 | INFO  | SCMAudit | user=jenkins1000 | ip=192.168.34.42 | op=SEND_HEARTBEAT {datanodeUUID=4f048490-ee80-4dd1-86ce-d63d571007b5, command=[]} | ret=SUCCESS |  
2019-08-31 22:31:33,340 | INFO  | SCMAudit | user=jenkins1000 | ip=192.168.34.42 | op=SEND_HEARTBEAT {datanodeUUID=131506aa-e8d4-495f-9e31-6caa17857e33, command=[]} | ret=SUCCESS |  
2019-08-31 22:31:33,428 | INFO  | SCMAudit | user=jenkins1000 | ip=192.168.34.42 | op=SEND_HEARTBEAT {datanodeUUID=4a257c07-4fcc-43d2-8a6e-26fe808bf4d2, command=[]} | ret=SUCCESS |  
2019-08-31 22:31:34,097 | INFO  | SCMAudit | user=jenkins1000 | ip=192.168.34.42 | op=SEND_HEARTBEAT {datanodeUUID=78f9d08d-f53f-40cf-9f90-7f7c9603a942, command=[]} | ret=SUCCESS |  
2019-08-31 22:31:34,221 | INFO  | SCMAudit | user=jenkins1000 | ip=192.168.34.42 | op=SEND_HEARTBEAT {datanodeUUID=be9ed4ca-dce9-4f3d-9c6d-abd66b1838f6, command=[]} | ret=SUCCESS |  
2019-08-31 22:31:34,228 | INFO  | SCMAudit | user=jenkins1000 | ip=192.168.34.42 | op=SEND_HEARTBEAT {datanodeUUID=2c0e17a6-6c2f-4502-821a-909817d7c69c, command=[]} | ret=SUCCESS |  
2019-08-31 22:31:34,235 | INFO  | SCMAudit | user=jenkins1000 | ip=192.168.34.42 | op=SEND_HEARTBEAT {datanodeUUID=094b17da-7f12-43e6-b453-785c127a2e77, command=[]} | ret=SUCCESS |  
2019-08-31 22:31:34,238 | INFO  | SCMAudit | user=jenkins1000 | ip=192.168.34.42 | op=SEND_HEARTBEAT {datanodeUUID=4f048490-ee80-4dd1-86ce-d63d571007b5, command=[]} | ret=SUCCESS |  
2019-08-31 22:31:34,340 | INFO  | SCMAudit | user=jenkins1000 | ip=192.168.34.42 | op=SEND_HEARTBEAT {datanodeUUID=131506aa-e8d4-495f-9e31-6caa17857e33, command=[]} | ret=SUCCESS |  
2019-08-31 22:31:34,428 | INFO  | SCMAudit | user=jenkins1000 | ip=192.168.34.42 | op=SEND_HEARTBEAT {datanodeUUID=4a257c07-4fcc-43d2-8a6e-26fe808bf4d2, command=[]} | ret=SUCCESS |  
2019-08-31 22:31:35,097 | INFO  | SCMAudit | user=jenkins1000 | ip=192.168.34.42 | op=SEND_HEARTBEAT {datanodeUUID=78f9d08d-f53f-40cf-9f90-7f7c9603a942, command=[]} | ret=SUCCESS |  
2019-08-31 22:31:35,220 | INFO  | SCMAudit | user=jenkins1000 | ip=192.168.34.42 | op=SEND_HEARTBEAT {datanodeUUID=be9ed4ca-dce9-4f3d-9c6d-abd66b1838f6, command=[]} | ret=SUCCESS |  
2019-08-31 22:31:35,228 | INFO  | SCMAudit | user=jenkins1000 | ip=192.168.34.42 | op=SEND_HEARTBEAT {datanodeUUID=2c0e17a6-6c2f-4502-821a-909817d7c69c, command=[]} | ret=SUCCESS |  
2019-08-31 22:31:35,235 | INFO  | SCMAudit | user=jenkins1000 | ip=192.168.34.42 | op=SEND_HEARTBEAT {datanodeUUID=094b17da-7f12-43e6-b453-785c127a2e77, command=[]} | ret=SUCCESS |  
2019-08-31 22:31:35,238 | INFO  | SCMAudit | user=jenkins1000 | ip=192.168.34.42 | op=SEND_HEARTBEAT {datanodeUUID=4f048490-ee80-4dd1-86ce-d63d571007b5, command=[]} | ret=SUCCESS |  
2019-08-31 22:31:35,340 | INFO  | SCMAudit | user=jenkins1000 | ip=192.168.34.42 | op=SEND_HEARTBEAT {datanodeUUID=131506aa-e8d4-495f-9e31-6caa17857e33, command=[]} | ret=SUCCESS |  
2019-08-31 22:31:35,428 | INFO  | SCMAudit | user=jenkins1000 | ip=192.168.34.42 | op=SEND_HEARTBEAT {datanodeUUID=4a257c07-4fcc-43d2-8a6e-26fe808bf4d2, command=[]} | ret=SUCCESS |  
2019-08-31 22:31:35,576 [grpc-default-executor-0] INFO  client.GrpcClientProtocolClient (GrpcClientProtocolClient.java:onNext(255)) - client-13F9D6D6E6E8->4f048490-ee80-4dd1-86ce-d63d571007b5: receive RaftClientReply:client-13F9D6D6E6E8->4f048490-ee80-4dd1-86ce-d63d571007b5@group-91658440A578, cid=44, FAILED org.apache.ratis.protocol.NotLeaderException: Server 4f048490-ee80-4dd1-86ce-d63d571007b5 is not the leader (be9ed4ca-dce9-4f3d-9c6d-abd66b1838f6:192.168.34.42:36394). Request must be sent to leader., logIndex=0, commits[4f048490-ee80-4dd1-86ce-d63d571007b5:c8, be9ed4ca-dce9-4f3d-9c6d-abd66b1838f6:c8, 094b17da-7f12-43e6-b453-785c127a2e77:c8]
2019-08-31 22:31:36,096 | INFO  | SCMAudit | user=jenkins1000 | ip=192.168.34.42 | op=SEND_HEARTBEAT {datanodeUUID=78f9d08d-f53f-40cf-9f90-7f7c9603a942, command=[]} | ret=SUCCESS |  
2019-08-31 22:31:36,220 | INFO  | SCMAudit | user=jenkins1000 | ip=192.168.34.42 | op=SEND_HEARTBEAT {datanodeUUID=be9ed4ca-dce9-4f3d-9c6d-abd66b1838f6, command=[]} | ret=SUCCESS |  
2019-08-31 22:31:36,229 | INFO  | SCMAudit | user=jenkins1000 | ip=192.168.34.42 | op=SEND_HEARTBEAT {datanodeUUID=2c0e17a6-6c2f-4502-821a-909817d7c69c, command=[]} | ret=SUCCESS |  
2019-08-31 22:31:36,235 | INFO  | SCMAudit | user=jenkins1000 | ip=192.168.34.42 | op=SEND_HEARTBEAT {datanodeUUID=094b17da-7f12-43e6-b453-785c127a2e77, command=[]} | ret=SUCCESS |  
2019-08-31 22:31:36,238 | INFO  | SCMAudit | user=jenkins1000 | ip=192.168.34.42 | op=SEND_HEARTBEAT {datanodeUUID=4f048490-ee80-4dd1-86ce-d63d571007b5, command=[]} | ret=SUCCESS |  
2019-08-31 22:31:36,340 | INFO  | SCMAudit | user=jenkins1000 | ip=192.168.34.42 | op=SEND_HEARTBEAT {datanodeUUID=131506aa-e8d4-495f-9e31-6caa17857e33, command=[]} | ret=SUCCESS |  
2019-08-31 22:31:36,428 | INFO  | SCMAudit | user=jenkins1000 | ip=192.168.34.42 | op=SEND_HEARTBEAT {datanodeUUID=4a257c07-4fcc-43d2-8a6e-26fe808bf4d2, command=[]} | ret=SUCCESS |  
2019-08-31 22:31:37,097 | INFO  | SCMAudit | user=jenkins1000 | ip=192.168.34.42 | op=SEND_HEARTBEAT {datanodeUUID=78f9d08d-f53f-40cf-9f90-7f7c9603a942, command=[]} | ret=SUCCESS |  
2019-08-31 22:31:37,221 | INFO  | SCMAudit | user=jenkins1000 | ip=192.168.34.42 | op=SEND_HEARTBEAT {datanodeUUID=be9ed4ca-dce9-4f3d-9c6d-abd66b1838f6, command=[]} | ret=SUCCESS |  
2019-08-31 22:31:37,229 | INFO  | SCMAudit | user=jenkins1000 | ip=192.168.34.42 | op=SEND_HEARTBEAT {datanodeUUID=2c0e17a6-6c2f-4502-821a-909817d7c69c, command=[]} | ret=SUCCESS |  
2019-08-31 22:31:37,235 | INFO  | SCMAudit | user=jenkins1000 | ip=192.168.34.42 | op=SEND_HEARTBEAT {datanodeUUID=094b17da-7f12-43e6-b453-785c127a2e77, command=[]} | ret=SUCCESS |  
2019-08-31 22:31:37,238 | INFO  | SCMAudit | user=jenkins1000 | ip=192.168.34.42 | op=SEND_HEARTBEAT {datanodeUUID=4f048490-ee80-4dd1-86ce-d63d571007b5, command=[]} | ret=SUCCESS |  
2019-08-31 22:31:37,340 | INFO  | SCMAudit | user=jenkins1000 | ip=192.168.34.42 | op=SEND_HEARTBEAT {datanodeUUID=131506aa-e8d4-495f-9e31-6caa17857e33, command=[]} | ret=SUCCESS |  
2019-08-31 22:31:37,428 | INFO  | SCMAudit | user=jenkins1000 | ip=192.168.34.42 | op=SEND_HEARTBEAT {datanodeUUID=4a257c07-4fcc-43d2-8a6e-26fe808bf4d2, command=[]} | ret=SUCCESS |  
2019-08-31 22:31:38,097 | INFO  | SCMAudit | user=jenkins1000 | ip=192.168.34.42 | op=SEND_HEARTBEAT {datanodeUUID=78f9d08d-f53f-40cf-9f90-7f7c9603a942, command=[]} | ret=SUCCESS |  
2019-08-31 22:31:38,220 | INFO  | SCMAudit | user=jenkins1000 | ip=192.168.34.42 | op=SEND_HEARTBEAT {datanodeUUID=be9ed4ca-dce9-4f3d-9c6d-abd66b1838f6, command=[]} | ret=SUCCESS |  
2019-08-31 22:31:38,229 | INFO  | SCMAudit | user=jenkins1000 | ip=192.168.34.42 | op=SEND_HEARTBEAT {datanodeUUID=2c0e17a6-6c2f-4502-821a-909817d7c69c, command=[]} | ret=SUCCESS |  
2019-08-31 22:31:38,236 | INFO  | SCMAudit | user=jenkins1000 | ip=192.168.34.42 | op=SEND_HEARTBEAT {datanodeUUID=094b17da-7f12-43e6-b453-785c127a2e77, command=[]} | ret=SUCCESS |  
2019-08-31 22:31:38,238 | INFO  | SCMAudit | user=jenkins1000 | ip=192.168.34.42 | op=SEND_HEARTBEAT {datanodeUUID=4f048490-ee80-4dd1-86ce-d63d571007b5, command=[]} | ret=SUCCESS |  
2019-08-31 22:31:38,340 | INFO  | SCMAudit | user=jenkins1000 | ip=192.168.34.42 | op=SEND_HEARTBEAT {datanodeUUID=131506aa-e8d4-495f-9e31-6caa17857e33, command=[]} | ret=SUCCESS |  
2019-08-31 22:31:38,428 | INFO  | SCMAudit | user=jenkins1000 | ip=192.168.34.42 | op=SEND_HEARTBEAT {datanodeUUID=4a257c07-4fcc-43d2-8a6e-26fe808bf4d2, command=[]} | ret=SUCCESS |  
2019-08-31 22:31:39,097 | INFO  | SCMAudit | user=jenkins1000 | ip=192.168.34.42 | op=SEND_HEARTBEAT {datanodeUUID=78f9d08d-f53f-40cf-9f90-7f7c9603a942, command=[]} | ret=SUCCESS |  
2019-08-31 22:31:39,220 | INFO  | SCMAudit | user=jenkins1000 | ip=192.168.34.42 | op=SEND_HEARTBEAT {datanodeUUID=be9ed4ca-dce9-4f3d-9c6d-abd66b1838f6, command=[]} | ret=SUCCESS |  
2019-08-31 22:31:39,230 | INFO  | SCMAudit | user=jenkins1000 | ip=192.168.34.42 | op=SEND_HEARTBEAT {datanodeUUID=2c0e17a6-6c2f-4502-821a-909817d7c69c, command=[]} | ret=SUCCESS |  
2019-08-31 22:31:39,237 | INFO  | SCMAudit | user=jenkins1000 | ip=192.168.34.42 | op=SEND_HEARTBEAT {datanodeUUID=094b17da-7f12-43e6-b453-785c127a2e77, command=[]} | ret=SUCCESS |  
2019-08-31 22:31:39,238 | INFO  | SCMAudit | user=jenkins1000 | ip=192.168.34.42 | op=SEND_HEARTBEAT {datanodeUUID=4f048490-ee80-4dd1-86ce-d63d571007b5, command=[]} | ret=SUCCESS |  
2019-08-31 22:31:39,341 | INFO  | SCMAudit | user=jenkins1000 | ip=192.168.34.42 | op=SEND_HEARTBEAT {datanodeUUID=131506aa-e8d4-495f-9e31-6caa17857e33, command=[]} | ret=SUCCESS |  
2019-08-31 22:31:39,429 | INFO  | SCMAudit | user=jenkins1000 | ip=192.168.34.42 | op=SEND_HEARTBEAT {datanodeUUID=4a257c07-4fcc-43d2-8a6e-26fe808bf4d2, command=[]} | ret=SUCCESS |  
2019-08-31 22:31:40,097 | INFO  | SCMAudit | user=jenkins1000 | ip=192.168.34.42 | op=SEND_HEARTBEAT {datanodeUUID=78f9d08d-f53f-40cf-9f90-7f7c9603a942, command=[]} | ret=SUCCESS |  
2019-08-31 22:31:40,220 | INFO  | SCMAudit | user=jenkins1000 | ip=192.168.34.42 | op=SEND_HEARTBEAT {datanodeUUID=be9ed4ca-dce9-4f3d-9c6d-abd66b1838f6, command=[]} | ret=SUCCESS |  
2019-08-31 22:31:40,231 | INFO  | SCMAudit | user=jenkins1000 | ip=192.168.34.42 | op=SEND_HEARTBEAT {datanodeUUID=2c0e17a6-6c2f-4502-821a-909817d7c69c, command=[]} | ret=SUCCESS |  
2019-08-31 22:31:40,237 | INFO  | SCMAudit | user=jenkins1000 | ip=192.168.34.42 | op=SEND_HEARTBEAT {datanodeUUID=094b17da-7f12-43e6-b453-785c127a2e77, command=[]} | ret=SUCCESS |  
2019-08-31 22:31:40,239 | INFO  | SCMAudit | user=jenkins1000 | ip=192.168.34.42 | op=SEND_HEARTBEAT {datanodeUUID=4f048490-ee80-4dd1-86ce-d63d571007b5, command=[]} | ret=SUCCESS |  
2019-08-31 22:31:40,340 | INFO  | SCMAudit | user=jenkins1000 | ip=192.168.34.42 | op=SEND_HEARTBEAT {datanodeUUID=131506aa-e8d4-495f-9e31-6caa17857e33, command=[]} | ret=SUCCESS |  
2019-08-31 22:31:40,429 | INFO  | SCMAudit | user=jenkins1000 | ip=192.168.34.42 | op=SEND_HEARTBEAT {datanodeUUID=4a257c07-4fcc-43d2-8a6e-26fe808bf4d2, command=[]} | ret=SUCCESS |  
2019-08-31 22:31:40,618 [grpc-default-executor-4] INFO  client.GrpcClientProtocolClient (GrpcClientProtocolClient.java:onNext(255)) - client-13F9D6D6E6E8->4f048490-ee80-4dd1-86ce-d63d571007b5: receive RaftClientReply:client-13F9D6D6E6E8->4f048490-ee80-4dd1-86ce-d63d571007b5@group-91658440A578, cid=44, FAILED org.apache.ratis.protocol.NotLeaderException: Server 4f048490-ee80-4dd1-86ce-d63d571007b5 is not the leader (be9ed4ca-dce9-4f3d-9c6d-abd66b1838f6:192.168.34.42:36394). Request must be sent to leader., logIndex=0, commits[4f048490-ee80-4dd1-86ce-d63d571007b5:c8, be9ed4ca-dce9-4f3d-9c6d-abd66b1838f6:c8, 094b17da-7f12-43e6-b453-785c127a2e77:c8]
2019-08-31 22:31:41,098 | INFO  | SCMAudit | user=jenkins1000 | ip=192.168.34.42 | op=SEND_HEARTBEAT {datanodeUUID=78f9d08d-f53f-40cf-9f90-7f7c9603a942, command=[]} | ret=SUCCESS |  
2019-08-31 22:31:41,220 | INFO  | SCMAudit | user=jenkins1000 | ip=192.168.34.42 | op=SEND_HEARTBEAT {datanodeUUID=be9ed4ca-dce9-4f3d-9c6d-abd66b1838f6, command=[]} | ret=SUCCESS |  
2019-08-31 22:31:41,232 | INFO  | SCMAudit | user=jenkins1000 | ip=192.168.34.42 | op=SEND_HEARTBEAT {datanodeUUID=2c0e17a6-6c2f-4502-821a-909817d7c69c, command=[]} | ret=SUCCESS |  
2019-08-31 22:31:41,237 | INFO  | SCMAudit | user=jenkins1000 | ip=192.168.34.42 | op=SEND_HEARTBEAT {datanodeUUID=094b17da-7f12-43e6-b453-785c127a2e77, command=[]} | ret=SUCCESS |  
2019-08-31 22:31:41,240 | INFO  | SCMAudit | user=jenkins1000 | ip=192.168.34.42 | op=SEND_HEARTBEAT {datanodeUUID=4f048490-ee80-4dd1-86ce-d63d571007b5, command=[]} | ret=SUCCESS |  
2019-08-31 22:31:41,340 | INFO  | SCMAudit | user=jenkins1000 | ip=192.168.34.42 | op=SEND_HEARTBEAT {datanodeUUID=131506aa-e8d4-495f-9e31-6caa17857e33, command=[]} | ret=SUCCESS |  
2019-08-31 22:31:41,430 | INFO  | SCMAudit | user=jenkins1000 | ip=192.168.34.42 | op=SEND_HEARTBEAT {datanodeUUID=4a257c07-4fcc-43d2-8a6e-26fe808bf4d2, command=[]} | ret=SUCCESS |  
2019-08-31 22:31:42,097 | INFO  | SCMAudit | user=jenkins1000 | ip=192.168.34.42 | op=SEND_HEARTBEAT {datanodeUUID=78f9d08d-f53f-40cf-9f90-7f7c9603a942, command=[]} | ret=SUCCESS |  
2019-08-31 22:31:42,220 | INFO  | SCMAudit | user=jenkins1000 | ip=192.168.34.42 | op=SEND_HEARTBEAT {datanodeUUID=be9ed4ca-dce9-4f3d-9c6d-abd66b1838f6, command=[]} | ret=SUCCESS |  
2019-08-31 22:31:42,233 | INFO  | SCMAudit | user=jenkins1000 | ip=192.168.34.42 | op=SEND_HEARTBEAT {datanodeUUID=2c0e17a6-6c2f-4502-821a-909817d7c69c, command=[]} | ret=SUCCESS |  
2019-08-31 22:31:42,238 | INFO  | SCMAudit | user=jenkins1000 | ip=192.168.34.42 | op=SEND_HEARTBEAT {datanodeUUID=094b17da-7f12-43e6-b453-785c127a2e77, command=[]} | ret=SUCCESS |  
2019-08-31 22:31:42,239 | INFO  | SCMAudit | user=jenkins1000 | ip=192.168.34.42 | op=SEND_HEARTBEAT {datanodeUUID=4f048490-ee80-4dd1-86ce-d63d571007b5, command=[]} | ret=SUCCESS |  
2019-08-31 22:31:42,340 | INFO  | SCMAudit | user=jenkins1000 | ip=192.168.34.42 | op=SEND_HEARTBEAT {datanodeUUID=131506aa-e8d4-495f-9e31-6caa17857e33, command=[]} | ret=SUCCESS |  
2019-08-31 22:31:42,430 | INFO  | SCMAudit | user=jenkins1000 | ip=192.168.34.42 | op=SEND_HEARTBEAT {datanodeUUID=4a257c07-4fcc-43d2-8a6e-26fe808bf4d2, command=[]} | ret=SUCCESS |  
2019-08-31 22:31:43,097 | INFO  | SCMAudit | user=jenkins1000 | ip=192.168.34.42 | op=SEND_HEARTBEAT {datanodeUUID=78f9d08d-f53f-40cf-9f90-7f7c9603a942, command=[]} | ret=SUCCESS |  
2019-08-31 22:31:43,221 | INFO  | SCMAudit | user=jenkins1000 | ip=192.168.34.42 | op=SEND_HEARTBEAT {datanodeUUID=be9ed4ca-dce9-4f3d-9c6d-abd66b1838f6, command=[]} | ret=SUCCESS |  
2019-08-31 22:31:43,233 | INFO  | SCMAudit | user=jenkins1000 | ip=192.168.34.42 | op=SEND_HEARTBEAT {datanodeUUID=2c0e17a6-6c2f-4502-821a-909817d7c69c, command=[]} | ret=SUCCESS |  
2019-08-31 22:31:43,238 | INFO  | SCMAudit | user=jenkins1000 | ip=192.168.34.42 | op=SEND_HEARTBEAT {datanodeUUID=094b17da-7f12-43e6-b453-785c127a2e77, command=[]} | ret=SUCCESS |  
2019-08-31 22:31:43,239 | INFO  | SCMAudit | user=jenkins1000 | ip=192.168.34.42 | op=SEND_HEARTBEAT {datanodeUUID=4f048490-ee80-4dd1-86ce-d63d571007b5, command=[]} | ret=SUCCESS |  
2019-08-31 22:31:43,341 | INFO  | SCMAudit | user=jenkins1000 | ip=192.168.34.42 | op=SEND_HEARTBEAT {datanodeUUID=131506aa-e8d4-495f-9e31-6caa17857e33, command=[]} | ret=SUCCESS |  
2019-08-31 22:31:43,430 | INFO  | SCMAudit | user=jenkins1000 | ip=192.168.34.42 | op=SEND_HEARTBEAT {datanodeUUID=4a257c07-4fcc-43d2-8a6e-26fe808bf4d2, command=[]} | ret=SUCCESS |  
2019-08-31 22:31:44,098 | INFO  | SCMAudit | user=jenkins1000 | ip=192.168.34.42 | op=SEND_HEARTBEAT {datanodeUUID=78f9d08d-f53f-40cf-9f90-7f7c9603a942, command=[]} | ret=SUCCESS |  
2019-08-31 22:31:44,220 | INFO  | SCMAudit | user=jenkins1000 | ip=192.168.34.42 | op=SEND_HEARTBEAT {datanodeUUID=be9ed4ca-dce9-4f3d-9c6d-abd66b1838f6, command=[]} | ret=SUCCESS |  
2019-08-31 22:31:44,233 | INFO  | SCMAudit | user=jenkins1000 | ip=192.168.34.42 | op=SEND_HEARTBEAT {datanodeUUID=2c0e17a6-6c2f-4502-821a-909817d7c69c, command=[]} | ret=SUCCESS |  
2019-08-31 22:31:44,238 | INFO  | SCMAudit | user=jenkins1000 | ip=192.168.34.42 | op=SEND_HEARTBEAT {datanodeUUID=094b17da-7f12-43e6-b453-785c127a2e77, command=[]} | ret=SUCCESS |  
2019-08-31 22:31:44,239 | INFO  | SCMAudit | user=jenkins1000 | ip=192.168.34.42 | op=SEND_HEARTBEAT {datanodeUUID=4f048490-ee80-4dd1-86ce-d63d571007b5, command=[]} | ret=SUCCESS |  
2019-08-31 22:31:44,340 | INFO  | SCMAudit | user=jenkins1000 | ip=192.168.34.42 | op=SEND_HEARTBEAT {datanodeUUID=131506aa-e8d4-495f-9e31-6caa17857e33, command=[]} | ret=SUCCESS |  
2019-08-31 22:31:44,430 | INFO  | SCMAudit | user=jenkins1000 | ip=192.168.34.42 | op=SEND_HEARTBEAT {datanodeUUID=4a257c07-4fcc-43d2-8a6e-26fe808bf4d2, command=[]} | ret=SUCCESS |  
2019-08-31 22:31:45,098 | INFO  | SCMAudit | user=jenkins1000 | ip=192.168.34.42 | op=SEND_HEARTBEAT {datanodeUUID=78f9d08d-f53f-40cf-9f90-7f7c9603a942, command=[]} | ret=SUCCESS |  
2019-08-31 22:31:45,220 | INFO  | SCMAudit | user=jenkins1000 | ip=192.168.34.42 | op=SEND_HEARTBEAT {datanodeUUID=be9ed4ca-dce9-4f3d-9c6d-abd66b1838f6, command=[]} | ret=SUCCESS |  
2019-08-31 22:31:45,234 | INFO  | SCMAudit | user=jenkins1000 | ip=192.168.34.42 | op=SEND_HEARTBEAT {datanodeUUID=2c0e17a6-6c2f-4502-821a-909817d7c69c, command=[]} | ret=SUCCESS |  
2019-08-31 22:31:45,238 | INFO  | SCMAudit | user=jenkins1000 | ip=192.168.34.42 | op=SEND_HEARTBEAT {datanodeUUID=094b17da-7f12-43e6-b453-785c127a2e77, command=[]} | ret=SUCCESS |  
2019-08-31 22:31:45,239 | INFO  | SCMAudit | user=jenkins1000 | ip=192.168.34.42 | op=SEND_HEARTBEAT {datanodeUUID=4f048490-ee80-4dd1-86ce-d63d571007b5, command=[]} | ret=SUCCESS |  
2019-08-31 22:31:45,340 | INFO  | SCMAudit | user=jenkins1000 | ip=192.168.34.42 | op=SEND_HEARTBEAT {datanodeUUID=131506aa-e8d4-495f-9e31-6caa17857e33, command=[]} | ret=SUCCESS |  
2019-08-31 22:31:45,430 | INFO  | SCMAudit | user=jenkins1000 | ip=192.168.34.42 | op=SEND_HEARTBEAT {datanodeUUID=4a257c07-4fcc-43d2-8a6e-26fe808bf4d2, command=[]} | ret=SUCCESS |  
2019-08-31 22:31:45,667 [grpc-default-executor-0] INFO  client.GrpcClientProtocolClient (GrpcClientProtocolClient.java:onNext(255)) - client-13F9D6D6E6E8->4f048490-ee80-4dd1-86ce-d63d571007b5: receive RaftClientReply:client-13F9D6D6E6E8->4f048490-ee80-4dd1-86ce-d63d571007b5@group-91658440A578, cid=44, FAILED org.apache.ratis.protocol.NotLeaderException: Server 4f048490-ee80-4dd1-86ce-d63d571007b5 is not the leader (be9ed4ca-dce9-4f3d-9c6d-abd66b1838f6:192.168.34.42:36394). Request must be sent to leader., logIndex=0, commits[4f048490-ee80-4dd1-86ce-d63d571007b5:c8, be9ed4ca-dce9-4f3d-9c6d-abd66b1838f6:c8, 094b17da-7f12-43e6-b453-785c127a2e77:c8]
2019-08-31 22:31:46,098 | INFO  | SCMAudit | user=jenkins1000 | ip=192.168.34.42 | op=SEND_HEARTBEAT {datanodeUUID=78f9d08d-f53f-40cf-9f90-7f7c9603a942, command=[]} | ret=SUCCESS |  
2019-08-31 22:31:46,220 | INFO  | SCMAudit | user=jenkins1000 | ip=192.168.34.42 | op=SEND_HEARTBEAT {datanodeUUID=be9ed4ca-dce9-4f3d-9c6d-abd66b1838f6, command=[]} | ret=SUCCESS |  
2019-08-31 22:31:46,234 | INFO  | SCMAudit | user=jenkins1000 | ip=192.168.34.42 | op=SEND_HEARTBEAT {datanodeUUID=2c0e17a6-6c2f-4502-821a-909817d7c69c, command=[]} | ret=SUCCESS |  
2019-08-31 22:31:46,238 | INFO  | SCMAudit | user=jenkins1000 | ip=192.168.34.42 | op=SEND_HEARTBEAT {datanodeUUID=094b17da-7f12-43e6-b453-785c127a2e77, command=[]} | ret=SUCCESS |  
2019-08-31 22:31:46,239 | INFO  | SCMAudit | user=jenkins1000 | ip=192.168.34.42 | op=SEND_HEARTBEAT {datanodeUUID=4f048490-ee80-4dd1-86ce-d63d571007b5, command=[]} | ret=SUCCESS |  
2019-08-31 22:31:46,340 | INFO  | SCMAudit | user=jenkins1000 | ip=192.168.34.42 | op=SEND_HEARTBEAT {datanodeUUID=131506aa-e8d4-495f-9e31-6caa17857e33, command=[]} | ret=SUCCESS |  
2019-08-31 22:31:46,430 | INFO  | SCMAudit | user=jenkins1000 | ip=192.168.34.42 | op=SEND_HEARTBEAT {datanodeUUID=4a257c07-4fcc-43d2-8a6e-26fe808bf4d2, command=[]} | ret=SUCCESS |  
2019-08-31 22:31:47,099 | INFO  | SCMAudit | user=jenkins1000 | ip=192.168.34.42 | op=SEND_HEARTBEAT {datanodeUUID=78f9d08d-f53f-40cf-9f90-7f7c9603a942, command=[]} | ret=SUCCESS |  
2019-08-31 22:31:47,221 | INFO  | SCMAudit | user=jenkins1000 | ip=192.168.34.42 | op=SEND_HEARTBEAT {datanodeUUID=be9ed4ca-dce9-4f3d-9c6d-abd66b1838f6, command=[]} | ret=SUCCESS |  
2019-08-31 22:31:47,233 | INFO  | SCMAudit | user=jenkins1000 | ip=192.168.34.42 | op=SEND_HEARTBEAT {datanodeUUID=2c0e17a6-6c2f-4502-821a-909817d7c69c, command=[]} | ret=SUCCESS |  
2019-08-31 22:31:47,239 | INFO  | SCMAudit | user=jenkins1000 | ip=192.168.34.42 | op=SEND_HEARTBEAT {datanodeUUID=094b17da-7f12-43e6-b453-785c127a2e77, command=[]} | ret=SUCCESS |  
2019-08-31 22:31:47,239 | INFO  | SCMAudit | user=jenkins1000 | ip=192.168.34.42 | op=SEND_HEARTBEAT {datanodeUUID=4f048490-ee80-4dd1-86ce-d63d571007b5, command=[]} | ret=SUCCESS |  
2019-08-31 22:31:47,340 | INFO  | SCMAudit | user=jenkins1000 | ip=192.168.34.42 | op=SEND_HEARTBEAT {datanodeUUID=131506aa-e8d4-495f-9e31-6caa17857e33, command=[]} | ret=SUCCESS |  
2019-08-31 22:31:47,431 | INFO  | SCMAudit | user=jenkins1000 | ip=192.168.34.42 | op=SEND_HEARTBEAT {datanodeUUID=4a257c07-4fcc-43d2-8a6e-26fe808bf4d2, command=[]} | ret=SUCCESS |  
2019-08-31 22:31:48,099 | INFO  | SCMAudit | user=jenkins1000 | ip=192.168.34.42 | op=SEND_HEARTBEAT {datanodeUUID=78f9d08d-f53f-40cf-9f90-7f7c9603a942, command=[]} | ret=SUCCESS |  
2019-08-31 22:31:48,221 | INFO  | SCMAudit | user=jenkins1000 | ip=192.168.34.42 | op=SEND_HEARTBEAT {datanodeUUID=be9ed4ca-dce9-4f3d-9c6d-abd66b1838f6, command=[]} | ret=SUCCESS |  
2019-08-31 22:31:48,233 | INFO  | SCMAudit | user=jenkins1000 | ip=192.168.34.42 | op=SEND_HEARTBEAT {datanodeUUID=2c0e17a6-6c2f-4502-821a-909817d7c69c, command=[]} | ret=SUCCESS |  
2019-08-31 22:31:48,239 | INFO  | SCMAudit | user=jenkins1000 | ip=192.168.34.42 | op=SEND_HEARTBEAT {datanodeUUID=094b17da-7f12-43e6-b453-785c127a2e77, command=[]} | ret=SUCCESS |  
2019-08-31 22:31:48,239 | INFO  | SCMAudit | user=jenkins1000 | ip=192.168.34.42 | op=SEND_HEARTBEAT {datanodeUUID=4f048490-ee80-4dd1-86ce-d63d571007b5, command=[]} | ret=SUCCESS |  
2019-08-31 22:31:48,341 | INFO  | SCMAudit | user=jenkins1000 | ip=192.168.34.42 | op=SEND_HEARTBEAT {datanodeUUID=131506aa-e8d4-495f-9e31-6caa17857e33, command=[]} | ret=SUCCESS |  
2019-08-31 22:31:48,430 | INFO  | SCMAudit | user=jenkins1000 | ip=192.168.34.42 | op=SEND_HEARTBEAT {datanodeUUID=4a257c07-4fcc-43d2-8a6e-26fe808bf4d2, command=[]} | ret=SUCCESS |  
2019-08-31 22:31:49,098 | INFO  | SCMAudit | user=jenkins1000 | ip=192.168.34.42 | op=SEND_HEARTBEAT {datanodeUUID=78f9d08d-f53f-40cf-9f90-7f7c9603a942, command=[]} | ret=SUCCESS |  
2019-08-31 22:31:49,221 | INFO  | SCMAudit | user=jenkins1000 | ip=192.168.34.42 | op=SEND_HEARTBEAT {datanodeUUID=be9ed4ca-dce9-4f3d-9c6d-abd66b1838f6, command=[]} | ret=SUCCESS |  
2019-08-31 22:31:49,233 | INFO  | SCMAudit | user=jenkins1000 | ip=192.168.34.42 | op=SEND_HEARTBEAT {datanodeUUID=2c0e17a6-6c2f-4502-821a-909817d7c69c, command=[]} | ret=SUCCESS |  
2019-08-31 22:31:49,239 | INFO  | SCMAudit | user=jenkins1000 | ip=192.168.34.42 | op=SEND_HEARTBEAT {datanodeUUID=094b17da-7f12-43e6-b453-785c127a2e77, command=[]} | ret=SUCCESS |  
2019-08-31 22:31:49,239 | INFO  | SCMAudit | user=jenkins1000 | ip=192.168.34.42 | op=SEND_HEARTBEAT {datanodeUUID=4f048490-ee80-4dd1-86ce-d63d571007b5, command=[]} | ret=SUCCESS |  
2019-08-31 22:31:49,341 | INFO  | SCMAudit | user=jenkins1000 | ip=192.168.34.42 | op=SEND_HEARTBEAT {datanodeUUID=131506aa-e8d4-495f-9e31-6caa17857e33, command=[]} | ret=SUCCESS |  
2019-08-31 22:31:49,430 | INFO  | SCMAudit | user=jenkins1000 | ip=192.168.34.42 | op=SEND_HEARTBEAT {datanodeUUID=4a257c07-4fcc-43d2-8a6e-26fe808bf4d2, command=[]} | ret=SUCCESS |  
2019-08-31 22:31:50,098 | INFO  | SCMAudit | user=jenkins1000 | ip=192.168.34.42 | op=SEND_HEARTBEAT {datanodeUUID=78f9d08d-f53f-40cf-9f90-7f7c9603a942, command=[]} | ret=SUCCESS |  
2019-08-31 22:31:50,221 | INFO  | SCMAudit | user=jenkins1000 | ip=192.168.34.42 | op=SEND_HEARTBEAT {datanodeUUID=be9ed4ca-dce9-4f3d-9c6d-abd66b1838f6, command=[]} | ret=SUCCESS |  
2019-08-31 22:31:50,233 | INFO  | SCMAudit | user=jenkins1000 | ip=192.168.34.42 | op=SEND_HEARTBEAT {datanodeUUID=2c0e17a6-6c2f-4502-821a-909817d7c69c, command=[]} | ret=SUCCESS |  
2019-08-31 22:31:50,239 | INFO  | SCMAudit | user=jenkins1000 | ip=192.168.34.42 | op=SEND_HEARTBEAT {datanodeUUID=094b17da-7f12-43e6-b453-785c127a2e77, command=[]} | ret=SUCCESS |  
2019-08-31 22:31:50,239 | INFO  | SCMAudit | user=jenkins1000 | ip=192.168.34.42 | op=SEND_HEARTBEAT {datanodeUUID=4f048490-ee80-4dd1-86ce-d63d571007b5, command=[]} | ret=SUCCESS |  
2019-08-31 22:31:50,341 | INFO  | SCMAudit | user=jenkins1000 | ip=192.168.34.42 | op=SEND_HEARTBEAT {datanodeUUID=131506aa-e8d4-495f-9e31-6caa17857e33, command=[]} | ret=SUCCESS |  
2019-08-31 22:31:50,430 | INFO  | SCMAudit | user=jenkins1000 | ip=192.168.34.42 | op=SEND_HEARTBEAT {datanodeUUID=4a257c07-4fcc-43d2-8a6e-26fe808bf4d2, command=[]} | ret=SUCCESS |  
2019-08-31 22:31:50,709 [grpc-default-executor-0] INFO  client.GrpcClientProtocolClient (GrpcClientProtocolClient.java:onNext(255)) - client-13F9D6D6E6E8->094b17da-7f12-43e6-b453-785c127a2e77: receive RaftClientReply:client-13F9D6D6E6E8->094b17da-7f12-43e6-b453-785c127a2e77@group-91658440A578, cid=44, FAILED org.apache.ratis.protocol.NotLeaderException: Server 094b17da-7f12-43e6-b453-785c127a2e77 is not the leader (be9ed4ca-dce9-4f3d-9c6d-abd66b1838f6:192.168.34.42:36394). Request must be sent to leader., logIndex=0, commits[094b17da-7f12-43e6-b453-785c127a2e77:c8, 4f048490-ee80-4dd1-86ce-d63d571007b5:c8, be9ed4ca-dce9-4f3d-9c6d-abd66b1838f6:c8]
2019-08-31 22:31:51,099 | INFO  | SCMAudit | user=jenkins1000 | ip=192.168.34.42 | op=SEND_HEARTBEAT {datanodeUUID=78f9d08d-f53f-40cf-9f90-7f7c9603a942, command=[]} | ret=SUCCESS |  
2019-08-31 22:31:51,222 | INFO  | SCMAudit | user=jenkins1000 | ip=192.168.34.42 | op=SEND_HEARTBEAT {datanodeUUID=be9ed4ca-dce9-4f3d-9c6d-abd66b1838f6, command=[]} | ret=SUCCESS |  
2019-08-31 22:31:51,233 | INFO  | SCMAudit | user=jenkins1000 | ip=192.168.34.42 | op=SEND_HEARTBEAT {datanodeUUID=2c0e17a6-6c2f-4502-821a-909817d7c69c, command=[]} | ret=SUCCESS |  
2019-08-31 22:31:51,239 | INFO  | SCMAudit | user=jenkins1000 | ip=192.168.34.42 | op=SEND_HEARTBEAT {datanodeUUID=4f048490-ee80-4dd1-86ce-d63d571007b5, command=[]} | ret=SUCCESS |  
2019-08-31 22:31:51,240 | INFO  | SCMAudit | user=jenkins1000 | ip=192.168.34.42 | op=SEND_HEARTBEAT {datanodeUUID=094b17da-7f12-43e6-b453-785c127a2e77, command=[]} | ret=SUCCESS |  
2019-08-31 22:31:51,341 | INFO  | SCMAudit | user=jenkins1000 | ip=192.168.34.42 | op=SEND_HEARTBEAT {datanodeUUID=131506aa-e8d4-495f-9e31-6caa17857e33, command=[]} | ret=SUCCESS |  
2019-08-31 22:31:51,430 | INFO  | SCMAudit | user=jenkins1000 | ip=192.168.34.42 | op=SEND_HEARTBEAT {datanodeUUID=4a257c07-4fcc-43d2-8a6e-26fe808bf4d2, command=[]} | ret=SUCCESS |  
2019-08-31 22:31:52,098 | INFO  | SCMAudit | user=jenkins1000 | ip=192.168.34.42 | op=SEND_HEARTBEAT {datanodeUUID=78f9d08d-f53f-40cf-9f90-7f7c9603a942, command=[]} | ret=SUCCESS |  
2019-08-31 22:31:52,222 | INFO  | SCMAudit | user=jenkins1000 | ip=192.168.34.42 | op=SEND_HEARTBEAT {datanodeUUID=be9ed4ca-dce9-4f3d-9c6d-abd66b1838f6, command=[]} | ret=SUCCESS |  
2019-08-31 22:31:52,233 | INFO  | SCMAudit | user=jenkins1000 | ip=192.168.34.42 | op=SEND_HEARTBEAT {datanodeUUID=2c0e17a6-6c2f-4502-821a-909817d7c69c, command=[]} | ret=SUCCESS |  
2019-08-31 22:31:52,239 | INFO  | SCMAudit | user=jenkins1000 | ip=192.168.34.42 | op=SEND_HEARTBEAT {datanodeUUID=4f048490-ee80-4dd1-86ce-d63d571007b5, command=[]} | ret=SUCCESS |  
2019-08-31 22:31:52,240 | INFO  | SCMAudit | user=jenkins1000 | ip=192.168.34.42 | op=SEND_HEARTBEAT {datanodeUUID=094b17da-7f12-43e6-b453-785c127a2e77, command=[]} | ret=SUCCESS |  
2019-08-31 22:31:52,341 | INFO  | SCMAudit | user=jenkins1000 | ip=192.168.34.42 | op=SEND_HEARTBEAT {datanodeUUID=131506aa-e8d4-495f-9e31-6caa17857e33, command=[]} | ret=SUCCESS |  
2019-08-31 22:31:52,430 | INFO  | SCMAudit | user=jenkins1000 | ip=192.168.34.42 | op=SEND_HEARTBEAT {datanodeUUID=4a257c07-4fcc-43d2-8a6e-26fe808bf4d2, command=[]} | ret=SUCCESS |  
2019-08-31 22:31:53,098 | INFO  | SCMAudit | user=jenkins1000 | ip=192.168.34.42 | op=SEND_HEARTBEAT {datanodeUUID=78f9d08d-f53f-40cf-9f90-7f7c9603a942, command=[]} | ret=SUCCESS |  
2019-08-31 22:31:53,222 | INFO  | SCMAudit | user=jenkins1000 | ip=192.168.34.42 | op=SEND_HEARTBEAT {datanodeUUID=be9ed4ca-dce9-4f3d-9c6d-abd66b1838f6, command=[]} | ret=SUCCESS |  
2019-08-31 22:31:53,233 | INFO  | SCMAudit | user=jenkins1000 | ip=192.168.34.42 | op=SEND_HEARTBEAT {datanodeUUID=2c0e17a6-6c2f-4502-821a-909817d7c69c, command=[]} | ret=SUCCESS |  
2019-08-31 22:31:53,239 | INFO  | SCMAudit | user=jenkins1000 | ip=192.168.34.42 | op=SEND_HEARTBEAT {datanodeUUID=4f048490-ee80-4dd1-86ce-d63d571007b5, command=[]} | ret=SUCCESS |  
2019-08-31 22:31:53,240 | INFO  | SCMAudit | user=jenkins1000 | ip=192.168.34.42 | op=SEND_HEARTBEAT {datanodeUUID=094b17da-7f12-43e6-b453-785c127a2e77, command=[]} | ret=SUCCESS |  
2019-08-31 22:31:53,341 | INFO  | SCMAudit | user=jenkins1000 | ip=192.168.34.42 | op=SEND_HEARTBEAT {datanodeUUID=131506aa-e8d4-495f-9e31-6caa17857e33, command=[]} | ret=SUCCESS |  
2019-08-31 22:31:53,430 | INFO  | SCMAudit | user=jenkins1000 | ip=192.168.34.42 | op=SEND_HEARTBEAT {datanodeUUID=4a257c07-4fcc-43d2-8a6e-26fe808bf4d2, command=[]} | ret=SUCCESS |  
2019-08-31 22:31:54,099 | INFO  | SCMAudit | user=jenkins1000 | ip=192.168.34.42 | op=SEND_HEARTBEAT {datanodeUUID=78f9d08d-f53f-40cf-9f90-7f7c9603a942, command=[]} | ret=SUCCESS |  
2019-08-31 22:31:54,222 | INFO  | SCMAudit | user=jenkins1000 | ip=192.168.34.42 | op=SEND_HEARTBEAT {datanodeUUID=be9ed4ca-dce9-4f3d-9c6d-abd66b1838f6, command=[]} | ret=SUCCESS |  
2019-08-31 22:31:54,233 | INFO  | SCMAudit | user=jenkins1000 | ip=192.168.34.42 | op=SEND_HEARTBEAT {datanodeUUID=2c0e17a6-6c2f-4502-821a-909817d7c69c, command=[]} | ret=SUCCESS |  
2019-08-31 22:31:54,239 | INFO  | SCMAudit | user=jenkins1000 | ip=192.168.34.42 | op=SEND_HEARTBEAT {datanodeUUID=4f048490-ee80-4dd1-86ce-d63d571007b5, command=[]} | ret=SUCCESS |  
2019-08-31 22:31:54,239 | INFO  | SCMAudit | user=jenkins1000 | ip=192.168.34.42 | op=SEND_HEARTBEAT {datanodeUUID=094b17da-7f12-43e6-b453-785c127a2e77, command=[]} | ret=SUCCESS |  
2019-08-31 22:31:54,341 | INFO  | SCMAudit | user=jenkins1000 | ip=192.168.34.42 | op=SEND_HEARTBEAT {datanodeUUID=131506aa-e8d4-495f-9e31-6caa17857e33, command=[]} | ret=SUCCESS |  
2019-08-31 22:31:54,430 | INFO  | SCMAudit | user=jenkins1000 | ip=192.168.34.42 | op=SEND_HEARTBEAT {datanodeUUID=4a257c07-4fcc-43d2-8a6e-26fe808bf4d2, command=[]} | ret=SUCCESS |  
2019-08-31 22:31:55,098 | INFO  | SCMAudit | user=jenkins1000 | ip=192.168.34.42 | op=SEND_HEARTBEAT {datanodeUUID=78f9d08d-f53f-40cf-9f90-7f7c9603a942, command=[]} | ret=SUCCESS |  
2019-08-31 22:31:55,222 | INFO  | SCMAudit | user=jenkins1000 | ip=192.168.34.42 | op=SEND_HEARTBEAT {datanodeUUID=be9ed4ca-dce9-4f3d-9c6d-abd66b1838f6, command=[]} | ret=SUCCESS |  
2019-08-31 22:31:55,233 | INFO  | SCMAudit | user=jenkins1000 | ip=192.168.34.42 | op=SEND_HEARTBEAT {datanodeUUID=2c0e17a6-6c2f-4502-821a-909817d7c69c, command=[]} | ret=SUCCESS |  
2019-08-31 22:31:55,239 | INFO  | SCMAudit | user=jenkins1000 | ip=192.168.34.42 | op=SEND_HEARTBEAT {datanodeUUID=4f048490-ee80-4dd1-86ce-d63d571007b5, command=[]} | ret=SUCCESS |  
2019-08-31 22:31:55,240 | INFO  | SCMAudit | user=jenkins1000 | ip=192.168.34.42 | op=SEND_HEARTBEAT {datanodeUUID=094b17da-7f12-43e6-b453-785c127a2e77, command=[]} | ret=SUCCESS |  
2019-08-31 22:31:55,341 | INFO  | SCMAudit | user=jenkins1000 | ip=192.168.34.42 | op=SEND_HEARTBEAT {datanodeUUID=131506aa-e8d4-495f-9e31-6caa17857e33, command=[]} | ret=SUCCESS |  
2019-08-31 22:31:55,431 | INFO  | SCMAudit | user=jenkins1000 | ip=192.168.34.42 | op=SEND_HEARTBEAT {datanodeUUID=4a257c07-4fcc-43d2-8a6e-26fe808bf4d2, command=[]} | ret=SUCCESS |  
2019-08-31 22:31:55,748 [grpc-default-executor-0] INFO  client.GrpcClientProtocolClient (GrpcClientProtocolClient.java:onNext(255)) - client-13F9D6D6E6E8->4f048490-ee80-4dd1-86ce-d63d571007b5: receive RaftClientReply:client-13F9D6D6E6E8->4f048490-ee80-4dd1-86ce-d63d571007b5@group-91658440A578, cid=44, FAILED org.apache.ratis.protocol.NotLeaderException: Server 4f048490-ee80-4dd1-86ce-d63d571007b5 is not the leader (be9ed4ca-dce9-4f3d-9c6d-abd66b1838f6:192.168.34.42:36394). Request must be sent to leader., logIndex=0, commits[4f048490-ee80-4dd1-86ce-d63d571007b5:c8, be9ed4ca-dce9-4f3d-9c6d-abd66b1838f6:c8, 094b17da-7f12-43e6-b453-785c127a2e77:c8]
2019-08-31 22:31:56,098 | INFO  | SCMAudit | user=jenkins1000 | ip=192.168.34.42 | op=SEND_HEARTBEAT {datanodeUUID=78f9d08d-f53f-40cf-9f90-7f7c9603a942, command=[]} | ret=SUCCESS |  
2019-08-31 22:31:56,222 | INFO  | SCMAudit | user=jenkins1000 | ip=192.168.34.42 | op=SEND_HEARTBEAT {datanodeUUID=be9ed4ca-dce9-4f3d-9c6d-abd66b1838f6, command=[]} | ret=SUCCESS |  
2019-08-31 22:31:56,233 | INFO  | SCMAudit | user=jenkins1000 | ip=192.168.34.42 | op=SEND_HEARTBEAT {datanodeUUID=2c0e17a6-6c2f-4502-821a-909817d7c69c, command=[]} | ret=SUCCESS |  
2019-08-31 22:31:56,239 | INFO  | SCMAudit | user=jenkins1000 | ip=192.168.34.42 | op=SEND_HEARTBEAT {datanodeUUID=4f048490-ee80-4dd1-86ce-d63d571007b5, command=[]} | ret=SUCCESS |  
2019-08-31 22:31:56,240 | INFO  | SCMAudit | user=jenkins1000 | ip=192.168.34.42 | op=SEND_HEARTBEAT {datanodeUUID=094b17da-7f12-43e6-b453-785c127a2e77, command=[]} | ret=SUCCESS |  
2019-08-31 22:31:56,341 | INFO  | SCMAudit | user=jenkins1000 | ip=192.168.34.42 | op=SEND_HEARTBEAT {datanodeUUID=131506aa-e8d4-495f-9e31-6caa17857e33, command=[]} | ret=SUCCESS |  
2019-08-31 22:31:56,432 | INFO  | SCMAudit | user=jenkins1000 | ip=192.168.34.42 | op=SEND_HEARTBEAT {datanodeUUID=4a257c07-4fcc-43d2-8a6e-26fe808bf4d2, command=[]} | ret=SUCCESS |  
2019-08-31 22:31:57,099 | INFO  | SCMAudit | user=jenkins1000 | ip=192.168.34.42 | op=SEND_HEARTBEAT {datanodeUUID=78f9d08d-f53f-40cf-9f90-7f7c9603a942, command=[]} | ret=SUCCESS |  
2019-08-31 22:31:57,222 | INFO  | SCMAudit | user=jenkins1000 | ip=192.168.34.42 | op=SEND_HEARTBEAT {datanodeUUID=be9ed4ca-dce9-4f3d-9c6d-abd66b1838f6, command=[]} | ret=SUCCESS |  
2019-08-31 22:31:57,233 | INFO  | SCMAudit | user=jenkins1000 | ip=192.168.34.42 | op=SEND_HEARTBEAT {datanodeUUID=2c0e17a6-6c2f-4502-821a-909817d7c69c, command=[]} | ret=SUCCESS |  
2019-08-31 22:31:57,239 | INFO  | SCMAudit | user=jenkins1000 | ip=192.168.34.42 | op=SEND_HEARTBEAT {datanodeUUID=4f048490-ee80-4dd1-86ce-d63d571007b5, command=[]} | ret=SUCCESS |  
2019-08-31 22:31:57,240 | INFO  | SCMAudit | user=jenkins1000 | ip=192.168.34.42 | op=SEND_HEARTBEAT {datanodeUUID=094b17da-7f12-43e6-b453-785c127a2e77, command=[]} | ret=SUCCESS |  
2019-08-31 22:31:57,341 | INFO  | SCMAudit | user=jenkins1000 | ip=192.168.34.42 | op=SEND_HEARTBEAT {datanodeUUID=131506aa-e8d4-495f-9e31-6caa17857e33, command=[]} | ret=SUCCESS |  
2019-08-31 22:31:57,432 | INFO  | SCMAudit | user=jenkins1000 | ip=192.168.34.42 | op=SEND_HEARTBEAT {datanodeUUID=4a257c07-4fcc-43d2-8a6e-26fe808bf4d2, command=[]} | ret=SUCCESS |  
2019-08-31 22:31:58,099 | INFO  | SCMAudit | user=jenkins1000 | ip=192.168.34.42 | op=SEND_HEARTBEAT {datanodeUUID=78f9d08d-f53f-40cf-9f90-7f7c9603a942, command=[]} | ret=SUCCESS |  
2019-08-31 22:31:58,222 | INFO  | SCMAudit | user=jenkins1000 | ip=192.168.34.42 | op=SEND_HEARTBEAT {datanodeUUID=be9ed4ca-dce9-4f3d-9c6d-abd66b1838f6, command=[]} | ret=SUCCESS |  
2019-08-31 22:31:58,233 | INFO  | SCMAudit | user=jenkins1000 | ip=192.168.34.42 | op=SEND_HEARTBEAT {datanodeUUID=2c0e17a6-6c2f-4502-821a-909817d7c69c, command=[]} | ret=SUCCESS |  
2019-08-31 22:31:58,239 | INFO  | SCMAudit | user=jenkins1000 | ip=192.168.34.42 | op=SEND_HEARTBEAT {datanodeUUID=4f048490-ee80-4dd1-86ce-d63d571007b5, command=[]} | ret=SUCCESS |  
2019-08-31 22:31:58,240 | INFO  | SCMAudit | user=jenkins1000 | ip=192.168.34.42 | op=SEND_HEARTBEAT {datanodeUUID=094b17da-7f12-43e6-b453-785c127a2e77, command=[]} | ret=SUCCESS |  
2019-08-31 22:31:58,341 | INFO  | SCMAudit | user=jenkins1000 | ip=192.168.34.42 | op=SEND_HEARTBEAT {datanodeUUID=131506aa-e8d4-495f-9e31-6caa17857e33, command=[]} | ret=SUCCESS |  
2019-08-31 22:31:58,432 | INFO  | SCMAudit | user=jenkins1000 | ip=192.168.34.42 | op=SEND_HEARTBEAT {datanodeUUID=4a257c07-4fcc-43d2-8a6e-26fe808bf4d2, command=[]} | ret=SUCCESS |  
2019-08-31 22:31:59,099 | INFO  | SCMAudit | user=jenkins1000 | ip=192.168.34.42 | op=SEND_HEARTBEAT {datanodeUUID=78f9d08d-f53f-40cf-9f90-7f7c9603a942, command=[]} | ret=SUCCESS |  
2019-08-31 22:31:59,222 | INFO  | SCMAudit | user=jenkins1000 | ip=192.168.34.42 | op=SEND_HEARTBEAT {datanodeUUID=be9ed4ca-dce9-4f3d-9c6d-abd66b1838f6, command=[]} | ret=SUCCESS |  
2019-08-31 22:31:59,234 | INFO  | SCMAudit | user=jenkins1000 | ip=192.168.34.42 | op=SEND_HEARTBEAT {datanodeUUID=2c0e17a6-6c2f-4502-821a-909817d7c69c, command=[]} | ret=SUCCESS |  
2019-08-31 22:31:59,239 | INFO  | SCMAudit | user=jenkins1000 | ip=192.168.34.42 | op=SEND_HEARTBEAT {datanodeUUID=4f048490-ee80-4dd1-86ce-d63d571007b5, command=[]} | ret=SUCCESS |  
2019-08-31 22:31:59,240 | INFO  | SCMAudit | user=jenkins1000 | ip=192.168.34.42 | op=SEND_HEARTBEAT {datanodeUUID=094b17da-7f12-43e6-b453-785c127a2e77, command=[]} | ret=SUCCESS |  
2019-08-31 22:31:59,341 | INFO  | SCMAudit | user=jenkins1000 | ip=192.168.34.42 | op=SEND_HEARTBEAT {datanodeUUID=131506aa-e8d4-495f-9e31-6caa17857e33, command=[]} | ret=SUCCESS |  
2019-08-31 22:31:59,432 | INFO  | SCMAudit | user=jenkins1000 | ip=192.168.34.42 | op=SEND_HEARTBEAT {datanodeUUID=4a257c07-4fcc-43d2-8a6e-26fe808bf4d2, command=[]} | ret=SUCCESS |  
2019-08-31 22:32:00,100 | INFO  | SCMAudit | user=jenkins1000 | ip=192.168.34.42 | op=SEND_HEARTBEAT {datanodeUUID=78f9d08d-f53f-40cf-9f90-7f7c9603a942, command=[]} | ret=SUCCESS |  
2019-08-31 22:32:00,223 | INFO  | SCMAudit | user=jenkins1000 | ip=192.168.34.42 | op=SEND_HEARTBEAT {datanodeUUID=be9ed4ca-dce9-4f3d-9c6d-abd66b1838f6, command=[]} | ret=SUCCESS |  
2019-08-31 22:32:00,235 | INFO  | SCMAudit | user=jenkins1000 | ip=192.168.34.42 | op=SEND_HEARTBEAT {datanodeUUID=2c0e17a6-6c2f-4502-821a-909817d7c69c, command=[]} | ret=SUCCESS |  
2019-08-31 22:32:00,239 | INFO  | SCMAudit | user=jenkins1000 | ip=192.168.34.42 | op=SEND_HEARTBEAT {datanodeUUID=4f048490-ee80-4dd1-86ce-d63d571007b5, command=[]} | ret=SUCCESS |  
2019-08-31 22:32:00,241 | INFO  | SCMAudit | user=jenkins1000 | ip=192.168.34.42 | op=SEND_HEARTBEAT {datanodeUUID=094b17da-7f12-43e6-b453-785c127a2e77, command=[]} | ret=SUCCESS |  
2019-08-31 22:32:00,342 | INFO  | SCMAudit | user=jenkins1000 | ip=192.168.34.42 | op=SEND_HEARTBEAT {datanodeUUID=131506aa-e8d4-495f-9e31-6caa17857e33, command=[]} | ret=SUCCESS |  
2019-08-31 22:32:00,432 | INFO  | SCMAudit | user=jenkins1000 | ip=192.168.34.42 | op=SEND_HEARTBEAT {datanodeUUID=4a257c07-4fcc-43d2-8a6e-26fe808bf4d2, command=[]} | ret=SUCCESS |  
2019-08-31 22:32:00,805 [grpc-default-executor-4] INFO  client.GrpcClientProtocolClient (GrpcClientProtocolClient.java:onNext(255)) - client-13F9D6D6E6E8->4f048490-ee80-4dd1-86ce-d63d571007b5: receive RaftClientReply:client-13F9D6D6E6E8->4f048490-ee80-4dd1-86ce-d63d571007b5@group-91658440A578, cid=44, FAILED org.apache.ratis.protocol.NotLeaderException: Server 4f048490-ee80-4dd1-86ce-d63d571007b5 is not the leader (be9ed4ca-dce9-4f3d-9c6d-abd66b1838f6:192.168.34.42:36394). Request must be sent to leader., logIndex=0, commits[4f048490-ee80-4dd1-86ce-d63d571007b5:c8, be9ed4ca-dce9-4f3d-9c6d-abd66b1838f6:c8, 094b17da-7f12-43e6-b453-785c127a2e77:c8]
2019-08-31 22:32:01,100 | INFO  | SCMAudit | user=jenkins1000 | ip=192.168.34.42 | op=SEND_HEARTBEAT {datanodeUUID=78f9d08d-f53f-40cf-9f90-7f7c9603a942, command=[]} | ret=SUCCESS |  
2019-08-31 22:32:01,222 | INFO  | SCMAudit | user=jenkins1000 | ip=192.168.34.42 | op=SEND_HEARTBEAT {datanodeUUID=be9ed4ca-dce9-4f3d-9c6d-abd66b1838f6, command=[]} | ret=SUCCESS |  
2019-08-31 22:32:01,235 | INFO  | SCMAudit | user=jenkins1000 | ip=192.168.34.42 | op=SEND_HEARTBEAT {datanodeUUID=2c0e17a6-6c2f-4502-821a-909817d7c69c, command=[]} | ret=SUCCESS |  
2019-08-31 22:32:01,240 | INFO  | SCMAudit | user=jenkins1000 | ip=192.168.34.42 | op=SEND_HEARTBEAT {datanodeUUID=4f048490-ee80-4dd1-86ce-d63d571007b5, command=[]} | ret=SUCCESS |  
2019-08-31 22:32:01,241 | INFO  | SCMAudit | user=jenkins1000 | ip=192.168.34.42 | op=SEND_HEARTBEAT {datanodeUUID=094b17da-7f12-43e6-b453-785c127a2e77, command=[]} | ret=SUCCESS |  
2019-08-31 22:32:01,342 | INFO  | SCMAudit | user=jenkins1000 | ip=192.168.34.42 | op=SEND_HEARTBEAT {datanodeUUID=131506aa-e8d4-495f-9e31-6caa17857e33, command=[]} | ret=SUCCESS |  
2019-08-31 22:32:01,433 | INFO  | SCMAudit | user=jenkins1000 | ip=192.168.34.42 | op=SEND_HEARTBEAT {datanodeUUID=4a257c07-4fcc-43d2-8a6e-26fe808bf4d2, command=[]} | ret=SUCCESS |  
2019-08-31 22:32:02,100 | INFO  | SCMAudit | user=jenkins1000 | ip=192.168.34.42 | op=SEND_HEARTBEAT {datanodeUUID=78f9d08d-f53f-40cf-9f90-7f7c9603a942, command=[]} | ret=SUCCESS |  
2019-08-31 22:32:02,222 | INFO  | SCMAudit | user=jenkins1000 | ip=192.168.34.42 | op=SEND_HEARTBEAT {datanodeUUID=be9ed4ca-dce9-4f3d-9c6d-abd66b1838f6, command=[]} | ret=SUCCESS |  
2019-08-31 22:32:02,235 | INFO  | SCMAudit | user=jenkins1000 | ip=192.168.34.42 | op=SEND_HEARTBEAT {datanodeUUID=2c0e17a6-6c2f-4502-821a-909817d7c69c, command=[]} | ret=SUCCESS |  
2019-08-31 22:32:02,240 | INFO  | SCMAudit | user=jenkins1000 | ip=192.168.34.42 | op=SEND_HEARTBEAT {datanodeUUID=4f048490-ee80-4dd1-86ce-d63d571007b5, command=[]} | ret=SUCCESS |  
2019-08-31 22:32:02,241 | INFO  | SCMAudit | user=jenkins1000 | ip=192.168.34.42 | op=SEND_HEARTBEAT {datanodeUUID=094b17da-7f12-43e6-b453-785c127a2e77, command=[]} | ret=SUCCESS |  
2019-08-31 22:32:02,342 | INFO  | SCMAudit | user=jenkins1000 | ip=192.168.34.42 | op=SEND_HEARTBEAT {datanodeUUID=131506aa-e8d4-495f-9e31-6caa17857e33, command=[]} | ret=SUCCESS |  
2019-08-31 22:32:02,433 | INFO  | SCMAudit | user=jenkins1000 | ip=192.168.34.42 | op=SEND_HEARTBEAT {datanodeUUID=4a257c07-4fcc-43d2-8a6e-26fe808bf4d2, command=[]} | ret=SUCCESS |  
2019-08-31 22:32:03,101 | INFO  | SCMAudit | user=jenkins1000 | ip=192.168.34.42 | op=SEND_HEARTBEAT {datanodeUUID=78f9d08d-f53f-40cf-9f90-7f7c9603a942, command=[]} | ret=SUCCESS |  
2019-08-31 22:32:03,223 | INFO  | SCMAudit | user=jenkins1000 | ip=192.168.34.42 | op=SEND_HEARTBEAT {datanodeUUID=be9ed4ca-dce9-4f3d-9c6d-abd66b1838f6, command=[]} | ret=SUCCESS |  
2019-08-31 22:32:03,234 | INFO  | SCMAudit | user=jenkins1000 | ip=192.168.34.42 | op=SEND_HEARTBEAT {datanodeUUID=2c0e17a6-6c2f-4502-821a-909817d7c69c, command=[]} | ret=SUCCESS |  
2019-08-31 22:32:03,240 | INFO  | SCMAudit | user=jenkins1000 | ip=192.168.34.42 | op=SEND_HEARTBEAT {datanodeUUID=4f048490-ee80-4dd1-86ce-d63d571007b5, command=[]} | ret=SUCCESS |  
2019-08-31 22:32:03,241 | INFO  | SCMAudit | user=jenkins1000 | ip=192.168.34.42 | op=SEND_HEARTBEAT {datanodeUUID=094b17da-7f12-43e6-b453-785c127a2e77, command=[]} | ret=SUCCESS |  
2019-08-31 22:32:03,341 | INFO  | SCMAudit | user=jenkins1000 | ip=192.168.34.42 | op=SEND_HEARTBEAT {datanodeUUID=131506aa-e8d4-495f-9e31-6caa17857e33, command=[]} | ret=SUCCESS |  
2019-08-31 22:32:03,433 | INFO  | SCMAudit | user=jenkins1000 | ip=192.168.34.42 | op=SEND_HEARTBEAT {datanodeUUID=4a257c07-4fcc-43d2-8a6e-26fe808bf4d2, command=[]} | ret=SUCCESS |  
2019-08-31 22:32:04,101 | INFO  | SCMAudit | user=jenkins1000 | ip=192.168.34.42 | op=SEND_HEARTBEAT {datanodeUUID=78f9d08d-f53f-40cf-9f90-7f7c9603a942, command=[]} | ret=SUCCESS |  
2019-08-31 22:32:04,222 | INFO  | SCMAudit | user=jenkins1000 | ip=192.168.34.42 | op=SEND_HEARTBEAT {datanodeUUID=be9ed4ca-dce9-4f3d-9c6d-abd66b1838f6, command=[]} | ret=SUCCESS |  
2019-08-31 22:32:04,234 | INFO  | SCMAudit | user=jenkins1000 | ip=192.168.34.42 | op=SEND_HEARTBEAT {datanodeUUID=2c0e17a6-6c2f-4502-821a-909817d7c69c, command=[]} | ret=SUCCESS |  
2019-08-31 22:32:04,240 | INFO  | SCMAudit | user=jenkins1000 | ip=192.168.34.42 | op=SEND_HEARTBEAT {datanodeUUID=4f048490-ee80-4dd1-86ce-d63d571007b5, command=[]} | ret=SUCCESS |  
2019-08-31 22:32:04,242 | INFO  | SCMAudit | user=jenkins1000 | ip=192.168.34.42 | op=SEND_HEARTBEAT {datanodeUUID=094b17da-7f12-43e6-b453-785c127a2e77, command=[]} | ret=SUCCESS |  
2019-08-31 22:32:04,341 | INFO  | SCMAudit | user=jenkins1000 | ip=192.168.34.42 | op=SEND_HEARTBEAT {datanodeUUID=131506aa-e8d4-495f-9e31-6caa17857e33, command=[]} | ret=SUCCESS |  
2019-08-31 22:32:04,432 | INFO  | SCMAudit | user=jenkins1000 | ip=192.168.34.42 | op=SEND_HEARTBEAT {datanodeUUID=4a257c07-4fcc-43d2-8a6e-26fe808bf4d2, command=[]} | ret=SUCCESS |  
2019-08-31 22:32:05,101 | INFO  | SCMAudit | user=jenkins1000 | ip=192.168.34.42 | op=SEND_HEARTBEAT {datanodeUUID=78f9d08d-f53f-40cf-9f90-7f7c9603a942, command=[]} | ret=SUCCESS |  
2019-08-31 22:32:05,223 | INFO  | SCMAudit | user=jenkins1000 | ip=192.168.34.42 | op=SEND_HEARTBEAT {datanodeUUID=be9ed4ca-dce9-4f3d-9c6d-abd66b1838f6, command=[]} | ret=SUCCESS |  
2019-08-31 22:32:05,234 | INFO  | SCMAudit | user=jenkins1000 | ip=192.168.34.42 | op=SEND_HEARTBEAT {datanodeUUID=2c0e17a6-6c2f-4502-821a-909817d7c69c, command=[]} | ret=SUCCESS |  
2019-08-31 22:32:05,240 | INFO  | SCMAudit | user=jenkins1000 | ip=192.168.34.42 | op=SEND_HEARTBEAT {datanodeUUID=4f048490-ee80-4dd1-86ce-d63d571007b5, command=[]} | ret=SUCCESS |  
2019-08-31 22:32:05,241 | INFO  | SCMAudit | user=jenkins1000 | ip=192.168.34.42 | op=SEND_HEARTBEAT {datanodeUUID=094b17da-7f12-43e6-b453-785c127a2e77, command=[]} | ret=SUCCESS |  
2019-08-31 22:32:05,341 | INFO  | SCMAudit | user=jenkins1000 | ip=192.168.34.42 | op=SEND_HEARTBEAT {datanodeUUID=131506aa-e8d4-495f-9e31-6caa17857e33, command=[]} | ret=SUCCESS |  
2019-08-31 22:32:05,433 | INFO  | SCMAudit | user=jenkins1000 | ip=192.168.34.42 | op=SEND_HEARTBEAT {datanodeUUID=4a257c07-4fcc-43d2-8a6e-26fe808bf4d2, command=[]} | ret=SUCCESS |  
2019-08-31 22:32:05,866 [grpc-default-executor-4] INFO  client.GrpcClientProtocolClient (GrpcClientProtocolClient.java:onNext(255)) - client-13F9D6D6E6E8->4f048490-ee80-4dd1-86ce-d63d571007b5: receive RaftClientReply:client-13F9D6D6E6E8->4f048490-ee80-4dd1-86ce-d63d571007b5@group-91658440A578, cid=44, FAILED org.apache.ratis.protocol.NotLeaderException: Server 4f048490-ee80-4dd1-86ce-d63d571007b5 is not the leader (be9ed4ca-dce9-4f3d-9c6d-abd66b1838f6:192.168.34.42:36394). Request must be sent to leader., logIndex=0, commits[4f048490-ee80-4dd1-86ce-d63d571007b5:c8, be9ed4ca-dce9-4f3d-9c6d-abd66b1838f6:c8, 094b17da-7f12-43e6-b453-785c127a2e77:c8]
2019-08-31 22:32:06,102 | INFO  | SCMAudit | user=jenkins1000 | ip=192.168.34.42 | op=SEND_HEARTBEAT {datanodeUUID=78f9d08d-f53f-40cf-9f90-7f7c9603a942, command=[]} | ret=SUCCESS |  
2019-08-31 22:32:06,223 | INFO  | SCMAudit | user=jenkins1000 | ip=192.168.34.42 | op=SEND_HEARTBEAT {datanodeUUID=be9ed4ca-dce9-4f3d-9c6d-abd66b1838f6, command=[]} | ret=SUCCESS |  
2019-08-31 22:32:06,234 | INFO  | SCMAudit | user=jenkins1000 | ip=192.168.34.42 | op=SEND_HEARTBEAT {datanodeUUID=2c0e17a6-6c2f-4502-821a-909817d7c69c, command=[]} | ret=SUCCESS |  
2019-08-31 22:32:06,240 | INFO  | SCMAudit | user=jenkins1000 | ip=192.168.34.42 | op=SEND_HEARTBEAT {datanodeUUID=4f048490-ee80-4dd1-86ce-d63d571007b5, command=[]} | ret=SUCCESS |  
2019-08-31 22:32:06,242 | INFO  | SCMAudit | user=jenkins1000 | ip=192.168.34.42 | op=SEND_HEARTBEAT {datanodeUUID=094b17da-7f12-43e6-b453-785c127a2e77, command=[]} | ret=SUCCESS |  
2019-08-31 22:32:06,341 | INFO  | SCMAudit | user=jenkins1000 | ip=192.168.34.42 | op=SEND_HEARTBEAT {datanodeUUID=131506aa-e8d4-495f-9e31-6caa17857e33, command=[]} | ret=SUCCESS |  
2019-08-31 22:32:06,433 | INFO  | SCMAudit | user=jenkins1000 | ip=192.168.34.42 | op=SEND_HEARTBEAT {datanodeUUID=4a257c07-4fcc-43d2-8a6e-26fe808bf4d2, command=[]} | ret=SUCCESS |  
2019-08-31 22:32:07,102 | INFO  | SCMAudit | user=jenkins1000 | ip=192.168.34.42 | op=SEND_HEARTBEAT {datanodeUUID=78f9d08d-f53f-40cf-9f90-7f7c9603a942, command=[]} | ret=SUCCESS |  
2019-08-31 22:32:07,223 | INFO  | SCMAudit | user=jenkins1000 | ip=192.168.34.42 | op=SEND_HEARTBEAT {datanodeUUID=be9ed4ca-dce9-4f3d-9c6d-abd66b1838f6, command=[]} | ret=SUCCESS |  
2019-08-31 22:32:07,234 | INFO  | SCMAudit | user=jenkins1000 | ip=192.168.34.42 | op=SEND_HEARTBEAT {datanodeUUID=2c0e17a6-6c2f-4502-821a-909817d7c69c, command=[]} | ret=SUCCESS |  
2019-08-31 22:32:07,240 | INFO  | SCMAudit | user=jenkins1000 | ip=192.168.34.42 | op=SEND_HEARTBEAT {datanodeUUID=4f048490-ee80-4dd1-86ce-d63d571007b5, command=[]} | ret=SUCCESS |  
2019-08-31 22:32:07,242 | INFO  | SCMAudit | user=jenkins1000 | ip=192.168.34.42 | op=SEND_HEARTBEAT {datanodeUUID=094b17da-7f12-43e6-b453-785c127a2e77, command=[]} | ret=SUCCESS |  
2019-08-31 22:32:07,341 | INFO  | SCMAudit | user=jenkins1000 | ip=192.168.34.42 | op=SEND_HEARTBEAT {datanodeUUID=131506aa-e8d4-495f-9e31-6caa17857e33, command=[]} | ret=SUCCESS |  
2019-08-31 22:32:07,433 | INFO  | SCMAudit | user=jenkins1000 | ip=192.168.34.42 | op=SEND_HEARTBEAT {datanodeUUID=4a257c07-4fcc-43d2-8a6e-26fe808bf4d2, command=[]} | ret=SUCCESS |  
2019-08-31 22:32:08,101 | INFO  | SCMAudit | user=jenkins1000 | ip=192.168.34.42 | op=SEND_HEARTBEAT {datanodeUUID=78f9d08d-f53f-40cf-9f90-7f7c9603a942, command=[]} | ret=SUCCESS |  
2019-08-31 22:32:08,223 | INFO  | SCMAudit | user=jenkins1000 | ip=192.168.34.42 | op=SEND_HEARTBEAT {datanodeUUID=be9ed4ca-dce9-4f3d-9c6d-abd66b1838f6, command=[]} | ret=SUCCESS |  
2019-08-31 22:32:08,234 | INFO  | SCMAudit | user=jenkins1000 | ip=192.168.34.42 | op=SEND_HEARTBEAT {datanodeUUID=2c0e17a6-6c2f-4502-821a-909817d7c69c, command=[]} | ret=SUCCESS |  
2019-08-31 22:32:08,240 | INFO  | SCMAudit | user=jenkins1000 | ip=192.168.34.42 | op=SEND_HEARTBEAT {datanodeUUID=4f048490-ee80-4dd1-86ce-d63d571007b5, command=[]} | ret=SUCCESS |  
2019-08-31 22:32:08,242 | INFO  | SCMAudit | user=jenkins1000 | ip=192.168.34.42 | op=SEND_HEARTBEAT {datanodeUUID=094b17da-7f12-43e6-b453-785c127a2e77, command=[]} | ret=SUCCESS |  
2019-08-31 22:32:08,341 | INFO  | SCMAudit | user=jenkins1000 | ip=192.168.34.42 | op=SEND_HEARTBEAT {datanodeUUID=131506aa-e8d4-495f-9e31-6caa17857e33, command=[]} | ret=SUCCESS |  
2019-08-31 22:32:08,433 | INFO  | SCMAudit | user=jenkins1000 | ip=192.168.34.42 | op=SEND_HEARTBEAT {datanodeUUID=4a257c07-4fcc-43d2-8a6e-26fe808bf4d2, command=[]} | ret=SUCCESS |  
2019-08-31 22:32:09,101 | INFO  | SCMAudit | user=jenkins1000 | ip=192.168.34.42 | op=SEND_HEARTBEAT {datanodeUUID=78f9d08d-f53f-40cf-9f90-7f7c9603a942, command=[]} | ret=SUCCESS |  
2019-08-31 22:32:09,223 | INFO  | SCMAudit | user=jenkins1000 | ip=192.168.34.42 | op=SEND_HEARTBEAT {datanodeUUID=be9ed4ca-dce9-4f3d-9c6d-abd66b1838f6, command=[]} | ret=SUCCESS |  
2019-08-31 22:32:09,234 | INFO  | SCMAudit | user=jenkins1000 | ip=192.168.34.42 | op=SEND_HEARTBEAT {datanodeUUID=2c0e17a6-6c2f-4502-821a-909817d7c69c, command=[]} | ret=SUCCESS |  
2019-08-31 22:32:09,240 | INFO  | SCMAudit | user=jenkins1000 | ip=192.168.34.42 | op=SEND_HEARTBEAT {datanodeUUID=4f048490-ee80-4dd1-86ce-d63d571007b5, command=[]} | ret=SUCCESS |  
2019-08-31 22:32:09,241 | INFO  | SCMAudit | user=jenkins1000 | ip=192.168.34.42 | op=SEND_HEARTBEAT {datanodeUUID=094b17da-7f12-43e6-b453-785c127a2e77, command=[]} | ret=SUCCESS |  
2019-08-31 22:32:09,341 | INFO  | SCMAudit | user=jenkins1000 | ip=192.168.34.42 | op=SEND_HEARTBEAT {datanodeUUID=131506aa-e8d4-495f-9e31-6caa17857e33, command=[]} | ret=SUCCESS |  
2019-08-31 22:32:09,433 | INFO  | SCMAudit | user=jenkins1000 | ip=192.168.34.42 | op=SEND_HEARTBEAT {datanodeUUID=4a257c07-4fcc-43d2-8a6e-26fe808bf4d2, command=[]} | ret=SUCCESS |  
2019-08-31 22:32:10,102 | INFO  | SCMAudit | user=jenkins1000 | ip=192.168.34.42 | op=SEND_HEARTBEAT {datanodeUUID=78f9d08d-f53f-40cf-9f90-7f7c9603a942, command=[]} | ret=SUCCESS |  
2019-08-31 22:32:10,223 | INFO  | SCMAudit | user=jenkins1000 | ip=192.168.34.42 | op=SEND_HEARTBEAT {datanodeUUID=be9ed4ca-dce9-4f3d-9c6d-abd66b1838f6, command=[]} | ret=SUCCESS |  
2019-08-31 22:32:10,234 | INFO  | SCMAudit | user=jenkins1000 | ip=192.168.34.42 | op=SEND_HEARTBEAT {datanodeUUID=2c0e17a6-6c2f-4502-821a-909817d7c69c, command=[]} | ret=SUCCESS |  
2019-08-31 22:32:10,240 | INFO  | SCMAudit | user=jenkins1000 | ip=192.168.34.42 | op=SEND_HEARTBEAT {datanodeUUID=4f048490-ee80-4dd1-86ce-d63d571007b5, command=[]} | ret=SUCCESS |  
2019-08-31 22:32:10,242 | INFO  | SCMAudit | user=jenkins1000 | ip=192.168.34.42 | op=SEND_HEARTBEAT {datanodeUUID=094b17da-7f12-43e6-b453-785c127a2e77, command=[]} | ret=SUCCESS |  
2019-08-31 22:32:10,341 | INFO  | SCMAudit | user=jenkins1000 | ip=192.168.34.42 | op=SEND_HEARTBEAT {datanodeUUID=131506aa-e8d4-495f-9e31-6caa17857e33, command=[]} | ret=SUCCESS |  
2019-08-31 22:32:10,433 | INFO  | SCMAudit | user=jenkins1000 | ip=192.168.34.42 | op=SEND_HEARTBEAT {datanodeUUID=4a257c07-4fcc-43d2-8a6e-26fe808bf4d2, command=[]} | ret=SUCCESS |  
2019-08-31 22:32:10,909 [grpc-default-executor-4] INFO  client.GrpcClientProtocolClient (GrpcClientProtocolClient.java:onNext(255)) - client-13F9D6D6E6E8->094b17da-7f12-43e6-b453-785c127a2e77: receive RaftClientReply:client-13F9D6D6E6E8->094b17da-7f12-43e6-b453-785c127a2e77@group-91658440A578, cid=44, FAILED org.apache.ratis.protocol.NotLeaderException: Server 094b17da-7f12-43e6-b453-785c127a2e77 is not the leader (be9ed4ca-dce9-4f3d-9c6d-abd66b1838f6:192.168.34.42:36394). Request must be sent to leader., logIndex=0, commits[094b17da-7f12-43e6-b453-785c127a2e77:c8, 4f048490-ee80-4dd1-86ce-d63d571007b5:c8, be9ed4ca-dce9-4f3d-9c6d-abd66b1838f6:c8]
2019-08-31 22:32:11,102 | INFO  | SCMAudit | user=jenkins1000 | ip=192.168.34.42 | op=SEND_HEARTBEAT {datanodeUUID=78f9d08d-f53f-40cf-9f90-7f7c9603a942, command=[]} | ret=SUCCESS |  
2019-08-31 22:32:11,224 | INFO  | SCMAudit | user=jenkins1000 | ip=192.168.34.42 | op=SEND_HEARTBEAT {datanodeUUID=be9ed4ca-dce9-4f3d-9c6d-abd66b1838f6, command=[]} | ret=SUCCESS |  
2019-08-31 22:32:11,234 | INFO  | SCMAudit | user=jenkins1000 | ip=192.168.34.42 | op=SEND_HEARTBEAT {datanodeUUID=2c0e17a6-6c2f-4502-821a-909817d7c69c, command=[]} | ret=SUCCESS |  
2019-08-31 22:32:11,240 | INFO  | SCMAudit | user=jenkins1000 | ip=192.168.34.42 | op=SEND_HEARTBEAT {datanodeUUID=4f048490-ee80-4dd1-86ce-d63d571007b5, command=[]} | ret=SUCCESS |  
2019-08-31 22:32:11,242 | INFO  | SCMAudit | user=jenkins1000 | ip=192.168.34.42 | op=SEND_HEARTBEAT {datanodeUUID=094b17da-7f12-43e6-b453-785c127a2e77, command=[]} | ret=SUCCESS |  
2019-08-31 22:32:11,342 | INFO  | SCMAudit | user=jenkins1000 | ip=192.168.34.42 | op=SEND_HEARTBEAT {datanodeUUID=131506aa-e8d4-495f-9e31-6caa17857e33, command=[]} | ret=SUCCESS |  
2019-08-31 22:32:11,434 | INFO  | SCMAudit | user=jenkins1000 | ip=192.168.34.42 | op=SEND_HEARTBEAT {datanodeUUID=4a257c07-4fcc-43d2-8a6e-26fe808bf4d2, command=[]} | ret=SUCCESS |  
2019-08-31 22:32:12,102 | INFO  | SCMAudit | user=jenkins1000 | ip=192.168.34.42 | op=SEND_HEARTBEAT {datanodeUUID=78f9d08d-f53f-40cf-9f90-7f7c9603a942, command=[]} | ret=SUCCESS |  
2019-08-31 22:32:12,224 | INFO  | SCMAudit | user=jenkins1000 | ip=192.168.34.42 | op=SEND_HEARTBEAT {datanodeUUID=be9ed4ca-dce9-4f3d-9c6d-abd66b1838f6, command=[]} | ret=SUCCESS |  
2019-08-31 22:32:12,235 | INFO  | SCMAudit | user=jenkins1000 | ip=192.168.34.42 | op=SEND_HEARTBEAT {datanodeUUID=2c0e17a6-6c2f-4502-821a-909817d7c69c, command=[]} | ret=SUCCESS |  
2019-08-31 22:32:12,240 | INFO  | SCMAudit | user=jenkins1000 | ip=192.168.34.42 | op=SEND_HEARTBEAT {datanodeUUID=4f048490-ee80-4dd1-86ce-d63d571007b5, command=[]} | ret=SUCCESS |  
2019-08-31 22:32:12,242 | INFO  | SCMAudit | user=jenkins1000 | ip=192.168.34.42 | op=SEND_HEARTBEAT {datanodeUUID=094b17da-7f12-43e6-b453-785c127a2e77, command=[]} | ret=SUCCESS |  
2019-08-31 22:32:12,342 | INFO  | SCMAudit | user=jenkins1000 | ip=192.168.34.42 | op=SEND_HEARTBEAT {datanodeUUID=131506aa-e8d4-495f-9e31-6caa17857e33, command=[]} | ret=SUCCESS |  
2019-08-31 22:32:12,434 | INFO  | SCMAudit | user=jenkins1000 | ip=192.168.34.42 | op=SEND_HEARTBEAT {datanodeUUID=4a257c07-4fcc-43d2-8a6e-26fe808bf4d2, command=[]} | ret=SUCCESS |  
2019-08-31 22:32:13,103 | INFO  | SCMAudit | user=jenkins1000 | ip=192.168.34.42 | op=SEND_HEARTBEAT {datanodeUUID=78f9d08d-f53f-40cf-9f90-7f7c9603a942, command=[]} | ret=SUCCESS |  
2019-08-31 22:32:13,223 | INFO  | SCMAudit | user=jenkins1000 | ip=192.168.34.42 | op=SEND_HEARTBEAT {datanodeUUID=be9ed4ca-dce9-4f3d-9c6d-abd66b1838f6, command=[]} | ret=SUCCESS |  
2019-08-31 22:32:13,235 | INFO  | SCMAudit | user=jenkins1000 | ip=192.168.34.42 | op=SEND_HEARTBEAT {datanodeUUID=2c0e17a6-6c2f-4502-821a-909817d7c69c, command=[]} | ret=SUCCESS |  
2019-08-31 22:32:13,240 | INFO  | SCMAudit | user=jenkins1000 | ip=192.168.34.42 | op=SEND_HEARTBEAT {datanodeUUID=4f048490-ee80-4dd1-86ce-d63d571007b5, command=[]} | ret=SUCCESS |  
2019-08-31 22:32:13,242 | INFO  | SCMAudit | user=jenkins1000 | ip=192.168.34.42 | op=SEND_HEARTBEAT {datanodeUUID=094b17da-7f12-43e6-b453-785c127a2e77, command=[]} | ret=SUCCESS |  
2019-08-31 22:32:13,343 | INFO  | SCMAudit | user=jenkins1000 | ip=192.168.34.42 | op=SEND_HEARTBEAT {datanodeUUID=131506aa-e8d4-495f-9e31-6caa17857e33, command=[]} | ret=SUCCESS |  
2019-08-31 22:32:13,434 | INFO  | SCMAudit | user=jenkins1000 | ip=192.168.34.42 | op=SEND_HEARTBEAT {datanodeUUID=4a257c07-4fcc-43d2-8a6e-26fe808bf4d2, command=[]} | ret=SUCCESS |  
2019-08-31 22:32:14,103 | INFO  | SCMAudit | user=jenkins1000 | ip=192.168.34.42 | op=SEND_HEARTBEAT {datanodeUUID=78f9d08d-f53f-40cf-9f90-7f7c9603a942, command=[]} | ret=SUCCESS |  
2019-08-31 22:32:14,223 | INFO  | SCMAudit | user=jenkins1000 | ip=192.168.34.42 | op=SEND_HEARTBEAT {datanodeUUID=be9ed4ca-dce9-4f3d-9c6d-abd66b1838f6, command=[]} | ret=SUCCESS |  
2019-08-31 22:32:14,235 | INFO  | SCMAudit | user=jenkins1000 | ip=192.168.34.42 | op=SEND_HEARTBEAT {datanodeUUID=2c0e17a6-6c2f-4502-821a-909817d7c69c, command=[]} | ret=SUCCESS |  
2019-08-31 22:32:14,240 | INFO  | SCMAudit | user=jenkins1000 | ip=192.168.34.42 | op=SEND_HEARTBEAT {datanodeUUID=4f048490-ee80-4dd1-86ce-d63d571007b5, command=[]} | ret=SUCCESS |  
2019-08-31 22:32:14,242 | INFO  | SCMAudit | user=jenkins1000 | ip=192.168.34.42 | op=SEND_HEARTBEAT {datanodeUUID=094b17da-7f12-43e6-b453-785c127a2e77, command=[]} | ret=SUCCESS |  
2019-08-31 22:32:14,343 | INFO  | SCMAudit | user=jenkins1000 | ip=192.168.34.42 | op=SEND_HEARTBEAT {datanodeUUID=131506aa-e8d4-495f-9e31-6caa17857e33, command=[]} | ret=SUCCESS |  
2019-08-31 22:32:14,434 | INFO  | SCMAudit | user=jenkins1000 | ip=192.168.34.42 | op=SEND_HEARTBEAT {datanodeUUID=4a257c07-4fcc-43d2-8a6e-26fe808bf4d2, command=[]} | ret=SUCCESS |  
2019-08-31 22:32:15,103 | INFO  | SCMAudit | user=jenkins1000 | ip=192.168.34.42 | op=SEND_HEARTBEAT {datanodeUUID=78f9d08d-f53f-40cf-9f90-7f7c9603a942, command=[]} | ret=SUCCESS |  
2019-08-31 22:32:15,224 | INFO  | SCMAudit | user=jenkins1000 | ip=192.168.34.42 | op=SEND_HEARTBEAT {datanodeUUID=be9ed4ca-dce9-4f3d-9c6d-abd66b1838f6, command=[]} | ret=SUCCESS |  
2019-08-31 22:32:15,235 | INFO  | SCMAudit | user=jenkins1000 | ip=192.168.34.42 | op=SEND_HEARTBEAT {datanodeUUID=2c0e17a6-6c2f-4502-821a-909817d7c69c, command=[]} | ret=SUCCESS |  
2019-08-31 22:32:15,240 | INFO  | SCMAudit | user=jenkins1000 | ip=192.168.34.42 | op=SEND_HEARTBEAT {datanodeUUID=4f048490-ee80-4dd1-86ce-d63d571007b5, command=[]} | ret=SUCCESS |  
2019-08-31 22:32:15,242 | INFO  | SCMAudit | user=jenkins1000 | ip=192.168.34.42 | op=SEND_HEARTBEAT {datanodeUUID=094b17da-7f12-43e6-b453-785c127a2e77, command=[]} | ret=SUCCESS |  
2019-08-31 22:32:15,344 | INFO  | SCMAudit | user=jenkins1000 | ip=192.168.34.42 | op=SEND_HEARTBEAT {datanodeUUID=131506aa-e8d4-495f-9e31-6caa17857e33, command=[]} | ret=SUCCESS |  
2019-08-31 22:32:15,434 | INFO  | SCMAudit | user=jenkins1000 | ip=192.168.34.42 | op=SEND_HEARTBEAT {datanodeUUID=4a257c07-4fcc-43d2-8a6e-26fe808bf4d2, command=[]} | ret=SUCCESS |  
2019-08-31 22:32:15,950 [grpc-default-executor-4] INFO  client.GrpcClientProtocolClient (GrpcClientProtocolClient.java:onNext(255)) - client-13F9D6D6E6E8->094b17da-7f12-43e6-b453-785c127a2e77: receive RaftClientReply:client-13F9D6D6E6E8->094b17da-7f12-43e6-b453-785c127a2e77@group-91658440A578, cid=44, FAILED org.apache.ratis.protocol.NotLeaderException: Server 094b17da-7f12-43e6-b453-785c127a2e77 is not the leader (be9ed4ca-dce9-4f3d-9c6d-abd66b1838f6:192.168.34.42:36394). Request must be sent to leader., logIndex=0, commits[094b17da-7f12-43e6-b453-785c127a2e77:c8, 4f048490-ee80-4dd1-86ce-d63d571007b5:c8, be9ed4ca-dce9-4f3d-9c6d-abd66b1838f6:c8]
2019-08-31 22:32:16,103 | INFO  | SCMAudit | user=jenkins1000 | ip=192.168.34.42 | op=SEND_HEARTBEAT {datanodeUUID=78f9d08d-f53f-40cf-9f90-7f7c9603a942, command=[]} | ret=SUCCESS |  
2019-08-31 22:32:16,223 | INFO  | SCMAudit | user=jenkins1000 | ip=192.168.34.42 | op=SEND_HEARTBEAT {datanodeUUID=be9ed4ca-dce9-4f3d-9c6d-abd66b1838f6, command=[]} | ret=SUCCESS |  
2019-08-31 22:32:16,235 | INFO  | SCMAudit | user=jenkins1000 | ip=192.168.34.42 | op=SEND_HEARTBEAT {datanodeUUID=2c0e17a6-6c2f-4502-821a-909817d7c69c, command=[]} | ret=SUCCESS |  
2019-08-31 22:32:16,241 | INFO  | SCMAudit | user=jenkins1000 | ip=192.168.34.42 | op=SEND_HEARTBEAT {datanodeUUID=4f048490-ee80-4dd1-86ce-d63d571007b5, command=[]} | ret=SUCCESS |  
2019-08-31 22:32:16,242 | INFO  | SCMAudit | user=jenkins1000 | ip=192.168.34.42 | op=SEND_HEARTBEAT {datanodeUUID=094b17da-7f12-43e6-b453-785c127a2e77, command=[]} | ret=SUCCESS |  
2019-08-31 22:32:16,344 | INFO  | SCMAudit | user=jenkins1000 | ip=192.168.34.42 | op=SEND_HEARTBEAT {datanodeUUID=131506aa-e8d4-495f-9e31-6caa17857e33, command=[]} | ret=SUCCESS |  
2019-08-31 22:32:16,435 | INFO  | SCMAudit | user=jenkins1000 | ip=192.168.34.42 | op=SEND_HEARTBEAT {datanodeUUID=4a257c07-4fcc-43d2-8a6e-26fe808bf4d2, command=[]} | ret=SUCCESS |  
2019-08-31 22:32:17,103 | INFO  | SCMAudit | user=jenkins1000 | ip=192.168.34.42 | op=SEND_HEARTBEAT {datanodeUUID=78f9d08d-f53f-40cf-9f90-7f7c9603a942, command=[]} | ret=SUCCESS |  
2019-08-31 22:32:17,224 | INFO  | SCMAudit | user=jenkins1000 | ip=192.168.34.42 | op=SEND_HEARTBEAT {datanodeUUID=be9ed4ca-dce9-4f3d-9c6d-abd66b1838f6, command=[]} | ret=SUCCESS |  
2019-08-31 22:32:17,235 | INFO  | SCMAudit | user=jenkins1000 | ip=192.168.34.42 | op=SEND_HEARTBEAT {datanodeUUID=2c0e17a6-6c2f-4502-821a-909817d7c69c, command=[]} | ret=SUCCESS |  
2019-08-31 22:32:17,242 | INFO  | SCMAudit | user=jenkins1000 | ip=192.168.34.42 | op=SEND_HEARTBEAT {datanodeUUID=4f048490-ee80-4dd1-86ce-d63d571007b5, command=[]} | ret=SUCCESS |  
2019-08-31 22:32:17,242 | INFO  | SCMAudit | user=jenkins1000 | ip=192.168.34.42 | op=SEND_HEARTBEAT {datanodeUUID=094b17da-7f12-43e6-b453-785c127a2e77, command=[]} | ret=SUCCESS |  
2019-08-31 22:32:17,344 | INFO  | SCMAudit | user=jenkins1000 | ip=192.168.34.42 | op=SEND_HEARTBEAT {datanodeUUID=131506aa-e8d4-495f-9e31-6caa17857e33, command=[]} | ret=SUCCESS |  
2019-08-31 22:32:17,436 | INFO  | SCMAudit | user=jenkins1000 | ip=192.168.34.42 | op=SEND_HEARTBEAT {datanodeUUID=4a257c07-4fcc-43d2-8a6e-26fe808bf4d2, command=[]} | ret=SUCCESS |  
2019-08-31 22:32:18,103 | INFO  | SCMAudit | user=jenkins1000 | ip=192.168.34.42 | op=SEND_HEARTBEAT {datanodeUUID=78f9d08d-f53f-40cf-9f90-7f7c9603a942, command=[]} | ret=SUCCESS |  
2019-08-31 22:32:18,224 | INFO  | SCMAudit | user=jenkins1000 | ip=192.168.34.42 | op=SEND_HEARTBEAT {datanodeUUID=be9ed4ca-dce9-4f3d-9c6d-abd66b1838f6, command=[]} | ret=SUCCESS |  
2019-08-31 22:32:18,236 | INFO  | SCMAudit | user=jenkins1000 | ip=192.168.34.42 | op=SEND_HEARTBEAT {datanodeUUID=2c0e17a6-6c2f-4502-821a-909817d7c69c, command=[]} | ret=SUCCESS |  
2019-08-31 22:32:18,241 | INFO  | SCMAudit | user=jenkins1000 | ip=192.168.34.42 | op=SEND_HEARTBEAT {datanodeUUID=4f048490-ee80-4dd1-86ce-d63d571007b5, command=[]} | ret=SUCCESS |  
2019-08-31 22:32:18,242 | INFO  | SCMAudit | user=jenkins1000 | ip=192.168.34.42 | op=SEND_HEARTBEAT {datanodeUUID=094b17da-7f12-43e6-b453-785c127a2e77, command=[]} | ret=SUCCESS |  
2019-08-31 22:32:18,344 | INFO  | SCMAudit | user=jenkins1000 | ip=192.168.34.42 | op=SEND_HEARTBEAT {datanodeUUID=131506aa-e8d4-495f-9e31-6caa17857e33, command=[]} | ret=SUCCESS |  
2019-08-31 22:32:18,437 | INFO  | SCMAudit | user=jenkins1000 | ip=192.168.34.42 | op=SEND_HEARTBEAT {datanodeUUID=4a257c07-4fcc-43d2-8a6e-26fe808bf4d2, command=[]} | ret=SUCCESS |  
2019-08-31 22:32:19,104 | INFO  | SCMAudit | user=jenkins1000 | ip=192.168.34.42 | op=SEND_HEARTBEAT {datanodeUUID=78f9d08d-f53f-40cf-9f90-7f7c9603a942, command=[]} | ret=SUCCESS |  
2019-08-31 22:32:19,224 | INFO  | SCMAudit | user=jenkins1000 | ip=192.168.34.42 | op=SEND_HEARTBEAT {datanodeUUID=be9ed4ca-dce9-4f3d-9c6d-abd66b1838f6, command=[]} | ret=SUCCESS |  
2019-08-31 22:32:19,236 | INFO  | SCMAudit | user=jenkins1000 | ip=192.168.34.42 | op=SEND_HEARTBEAT {datanodeUUID=2c0e17a6-6c2f-4502-821a-909817d7c69c, command=[]} | ret=SUCCESS |  
2019-08-31 22:32:19,242 | INFO  | SCMAudit | user=jenkins1000 | ip=192.168.34.42 | op=SEND_HEARTBEAT {datanodeUUID=094b17da-7f12-43e6-b453-785c127a2e77, command=[]} | ret=SUCCESS |  
2019-08-31 22:32:19,242 | INFO  | SCMAudit | user=jenkins1000 | ip=192.168.34.42 | op=SEND_HEARTBEAT {datanodeUUID=4f048490-ee80-4dd1-86ce-d63d571007b5, command=[]} | ret=SUCCESS |  
2019-08-31 22:32:19,344 | INFO  | SCMAudit | user=jenkins1000 | ip=192.168.34.42 | op=SEND_HEARTBEAT {datanodeUUID=131506aa-e8d4-495f-9e31-6caa17857e33, command=[]} | ret=SUCCESS |  
2019-08-31 22:32:19,436 | INFO  | SCMAudit | user=jenkins1000 | ip=192.168.34.42 | op=SEND_HEARTBEAT {datanodeUUID=4a257c07-4fcc-43d2-8a6e-26fe808bf4d2, command=[]} | ret=SUCCESS |  
2019-08-31 22:32:20,103 | INFO  | SCMAudit | user=jenkins1000 | ip=192.168.34.42 | op=SEND_HEARTBEAT {datanodeUUID=78f9d08d-f53f-40cf-9f90-7f7c9603a942, command=[]} | ret=SUCCESS |  
2019-08-31 22:32:20,225 | INFO  | SCMAudit | user=jenkins1000 | ip=192.168.34.42 | op=SEND_HEARTBEAT {datanodeUUID=be9ed4ca-dce9-4f3d-9c6d-abd66b1838f6, command=[]} | ret=SUCCESS |  
2019-08-31 22:32:20,236 | INFO  | SCMAudit | user=jenkins1000 | ip=192.168.34.42 | op=SEND_HEARTBEAT {datanodeUUID=2c0e17a6-6c2f-4502-821a-909817d7c69c, command=[]} | ret=SUCCESS |  
2019-08-31 22:32:20,241 | INFO  | SCMAudit | user=jenkins1000 | ip=192.168.34.42 | op=SEND_HEARTBEAT {datanodeUUID=4f048490-ee80-4dd1-86ce-d63d571007b5, command=[]} | ret=SUCCESS |  
2019-08-31 22:32:20,242 | INFO  | SCMAudit | user=jenkins1000 | ip=192.168.34.42 | op=SEND_HEARTBEAT {datanodeUUID=094b17da-7f12-43e6-b453-785c127a2e77, command=[]} | ret=SUCCESS |  
2019-08-31 22:32:20,344 | INFO  | SCMAudit | user=jenkins1000 | ip=192.168.34.42 | op=SEND_HEARTBEAT {datanodeUUID=131506aa-e8d4-495f-9e31-6caa17857e33, command=[]} | ret=SUCCESS |  
2019-08-31 22:32:20,437 | INFO  | SCMAudit | user=jenkins1000 | ip=192.168.34.42 | op=SEND_HEARTBEAT {datanodeUUID=4a257c07-4fcc-43d2-8a6e-26fe808bf4d2, command=[]} | ret=SUCCESS |  
2019-08-31 22:32:20,993 [grpc-default-executor-0] INFO  client.GrpcClientProtocolClient (GrpcClientProtocolClient.java:onNext(255)) - client-13F9D6D6E6E8->094b17da-7f12-43e6-b453-785c127a2e77: receive RaftClientReply:client-13F9D6D6E6E8->094b17da-7f12-43e6-b453-785c127a2e77@group-91658440A578, cid=44, FAILED org.apache.ratis.protocol.NotLeaderException: Server 094b17da-7f12-43e6-b453-785c127a2e77 is not the leader (be9ed4ca-dce9-4f3d-9c6d-abd66b1838f6:192.168.34.42:36394). Request must be sent to leader., logIndex=0, commits[094b17da-7f12-43e6-b453-785c127a2e77:c8, 4f048490-ee80-4dd1-86ce-d63d571007b5:c8, be9ed4ca-dce9-4f3d-9c6d-abd66b1838f6:c8]
2019-08-31 22:32:21,105 | INFO  | SCMAudit | user=jenkins1000 | ip=192.168.34.42 | op=SEND_HEARTBEAT {datanodeUUID=78f9d08d-f53f-40cf-9f90-7f7c9603a942, command=[]} | ret=SUCCESS |  
2019-08-31 22:32:21,225 | INFO  | SCMAudit | user=jenkins1000 | ip=192.168.34.42 | op=SEND_HEARTBEAT {datanodeUUID=be9ed4ca-dce9-4f3d-9c6d-abd66b1838f6, command=[]} | ret=SUCCESS |  
2019-08-31 22:32:21,236 | INFO  | SCMAudit | user=jenkins1000 | ip=192.168.34.42 | op=SEND_HEARTBEAT {datanodeUUID=2c0e17a6-6c2f-4502-821a-909817d7c69c, command=[]} | ret=SUCCESS |  
2019-08-31 22:32:21,241 | INFO  | SCMAudit | user=jenkins1000 | ip=192.168.34.42 | op=SEND_HEARTBEAT {datanodeUUID=4f048490-ee80-4dd1-86ce-d63d571007b5, command=[]} | ret=SUCCESS |  
2019-08-31 22:32:21,242 | INFO  | SCMAudit | user=jenkins1000 | ip=192.168.34.42 | op=SEND_HEARTBEAT {datanodeUUID=094b17da-7f12-43e6-b453-785c127a2e77, command=[]} | ret=SUCCESS |  
2019-08-31 22:32:21,345 | INFO  | SCMAudit | user=jenkins1000 | ip=192.168.34.42 | op=SEND_HEARTBEAT {datanodeUUID=131506aa-e8d4-495f-9e31-6caa17857e33, command=[]} | ret=SUCCESS |  
2019-08-31 22:32:21,437 | INFO  | SCMAudit | user=jenkins1000 | ip=192.168.34.42 | op=SEND_HEARTBEAT {datanodeUUID=4a257c07-4fcc-43d2-8a6e-26fe808bf4d2, command=[]} | ret=SUCCESS |  
2019-08-31 22:32:22,104 | INFO  | SCMAudit | user=jenkins1000 | ip=192.168.34.42 | op=SEND_HEARTBEAT {datanodeUUID=78f9d08d-f53f-40cf-9f90-7f7c9603a942, command=[]} | ret=SUCCESS |  
2019-08-31 22:32:22,225 | INFO  | SCMAudit | user=jenkins1000 | ip=192.168.34.42 | op=SEND_HEARTBEAT {datanodeUUID=be9ed4ca-dce9-4f3d-9c6d-abd66b1838f6, command=[]} | ret=SUCCESS |  
2019-08-31 22:32:22,236 | INFO  | SCMAudit | user=jenkins1000 | ip=192.168.34.42 | op=SEND_HEARTBEAT {datanodeUUID=2c0e17a6-6c2f-4502-821a-909817d7c69c, command=[]} | ret=SUCCESS |  
2019-08-31 22:32:22,241 | INFO  | SCMAudit | user=jenkins1000 | ip=192.168.34.42 | op=SEND_HEARTBEAT {datanodeUUID=4f048490-ee80-4dd1-86ce-d63d571007b5, command=[]} | ret=SUCCESS |  
2019-08-31 22:32:22,242 | INFO  | SCMAudit | user=jenkins1000 | ip=192.168.34.42 | op=SEND_HEARTBEAT {datanodeUUID=094b17da-7f12-43e6-b453-785c127a2e77, command=[]} | ret=SUCCESS |  
2019-08-31 22:32:22,344 | INFO  | SCMAudit | user=jenkins1000 | ip=192.168.34.42 | op=SEND_HEARTBEAT {datanodeUUID=131506aa-e8d4-495f-9e31-6caa17857e33, command=[]} | ret=SUCCESS |  
2019-08-31 22:32:22,437 | INFO  | SCMAudit | user=jenkins1000 | ip=192.168.34.42 | op=SEND_HEARTBEAT {datanodeUUID=4a257c07-4fcc-43d2-8a6e-26fe808bf4d2, command=[]} | ret=SUCCESS |  
2019-08-31 22:32:23,103 | INFO  | SCMAudit | user=jenkins1000 | ip=192.168.34.42 | op=SEND_HEARTBEAT {datanodeUUID=78f9d08d-f53f-40cf-9f90-7f7c9603a942, command=[]} | ret=SUCCESS |  
2019-08-31 22:32:23,225 | INFO  | SCMAudit | user=jenkins1000 | ip=192.168.34.42 | op=SEND_HEARTBEAT {datanodeUUID=be9ed4ca-dce9-4f3d-9c6d-abd66b1838f6, command=[]} | ret=SUCCESS |  
2019-08-31 22:32:23,237 | INFO  | SCMAudit | user=jenkins1000 | ip=192.168.34.42 | op=SEND_HEARTBEAT {datanodeUUID=2c0e17a6-6c2f-4502-821a-909817d7c69c, command=[]} | ret=SUCCESS |  
2019-08-31 22:32:23,241 | INFO  | SCMAudit | user=jenkins1000 | ip=192.168.34.42 | op=SEND_HEARTBEAT {datanodeUUID=4f048490-ee80-4dd1-86ce-d63d571007b5, command=[]} | ret=SUCCESS |  
2019-08-31 22:32:23,242 | INFO  | SCMAudit | user=jenkins1000 | ip=192.168.34.42 | op=SEND_HEARTBEAT {datanodeUUID=094b17da-7f12-43e6-b453-785c127a2e77, command=[]} | ret=SUCCESS |  
2019-08-31 22:32:23,344 | INFO  | SCMAudit | user=jenkins1000 | ip=192.168.34.42 | op=SEND_HEARTBEAT {datanodeUUID=131506aa-e8d4-495f-9e31-6caa17857e33, command=[]} | ret=SUCCESS |  
2019-08-31 22:32:23,437 | INFO  | SCMAudit | user=jenkins1000 | ip=192.168.34.42 | op=SEND_HEARTBEAT {datanodeUUID=4a257c07-4fcc-43d2-8a6e-26fe808bf4d2, command=[]} | ret=SUCCESS |  
2019-08-31 22:32:24,104 | INFO  | SCMAudit | user=jenkins1000 | ip=192.168.34.42 | op=SEND_HEARTBEAT {datanodeUUID=78f9d08d-f53f-40cf-9f90-7f7c9603a942, command=[]} | ret=SUCCESS |  
2019-08-31 22:32:24,226 | INFO  | SCMAudit | user=jenkins1000 | ip=192.168.34.42 | op=SEND_HEARTBEAT {datanodeUUID=be9ed4ca-dce9-4f3d-9c6d-abd66b1838f6, command=[]} | ret=SUCCESS |  
2019-08-31 22:32:24,236 | INFO  | SCMAudit | user=jenkins1000 | ip=192.168.34.42 | op=SEND_HEARTBEAT {datanodeUUID=2c0e17a6-6c2f-4502-821a-909817d7c69c, command=[]} | ret=SUCCESS |  
2019-08-31 22:32:24,241 | INFO  | SCMAudit | user=jenkins1000 | ip=192.168.34.42 | op=SEND_HEARTBEAT {datanodeUUID=4f048490-ee80-4dd1-86ce-d63d571007b5, command=[]} | ret=SUCCESS |  
2019-08-31 22:32:24,242 | INFO  | SCMAudit | user=jenkins1000 | ip=192.168.34.42 | op=SEND_HEARTBEAT {datanodeUUID=094b17da-7f12-43e6-b453-785c127a2e77, command=[]} | ret=SUCCESS |  
2019-08-31 22:32:24,344 | INFO  | SCMAudit | user=jenkins1000 | ip=192.168.34.42 | op=SEND_HEARTBEAT {datanodeUUID=131506aa-e8d4-495f-9e31-6caa17857e33, command=[]} | ret=SUCCESS |  
2019-08-31 22:32:24,438 | INFO  | SCMAudit | user=jenkins1000 | ip=192.168.34.42 | op=SEND_HEARTBEAT {datanodeUUID=4a257c07-4fcc-43d2-8a6e-26fe808bf4d2, command=[]} | ret=SUCCESS |  
2019-08-31 22:32:25,104 | INFO  | SCMAudit | user=jenkins1000 | ip=192.168.34.42 | op=SEND_HEARTBEAT {datanodeUUID=78f9d08d-f53f-40cf-9f90-7f7c9603a942, command=[]} | ret=SUCCESS |  
2019-08-31 22:32:25,226 | INFO  | SCMAudit | user=jenkins1000 | ip=192.168.34.42 | op=SEND_HEARTBEAT {datanodeUUID=be9ed4ca-dce9-4f3d-9c6d-abd66b1838f6, command=[]} | ret=SUCCESS |  
2019-08-31 22:32:25,236 | INFO  | SCMAudit | user=jenkins1000 | ip=192.168.34.42 | op=SEND_HEARTBEAT {datanodeUUID=2c0e17a6-6c2f-4502-821a-909817d7c69c, command=[]} | ret=SUCCESS |  
2019-08-31 22:32:25,241 | INFO  | SCMAudit | user=jenkins1000 | ip=192.168.34.42 | op=SEND_HEARTBEAT {datanodeUUID=4f048490-ee80-4dd1-86ce-d63d571007b5, command=[]} | ret=SUCCESS |  
2019-08-31 22:32:25,242 | INFO  | SCMAudit | user=jenkins1000 | ip=192.168.34.42 | op=SEND_HEARTBEAT {datanodeUUID=094b17da-7f12-43e6-b453-785c127a2e77, command=[]} | ret=SUCCESS |  
2019-08-31 22:32:25,345 | INFO  | SCMAudit | user=jenkins1000 | ip=192.168.34.42 | op=SEND_HEARTBEAT {datanodeUUID=131506aa-e8d4-495f-9e31-6caa17857e33, command=[]} | ret=SUCCESS |  
2019-08-31 22:32:25,438 | INFO  | SCMAudit | user=jenkins1000 | ip=192.168.34.42 | op=SEND_HEARTBEAT {datanodeUUID=4a257c07-4fcc-43d2-8a6e-26fe808bf4d2, command=[]} | ret=SUCCESS |  
2019-08-31 22:32:26,033 [grpc-default-executor-4] INFO  client.GrpcClientProtocolClient (GrpcClientProtocolClient.java:onNext(255)) - client-13F9D6D6E6E8->4f048490-ee80-4dd1-86ce-d63d571007b5: receive RaftClientReply:client-13F9D6D6E6E8->4f048490-ee80-4dd1-86ce-d63d571007b5@group-91658440A578, cid=44, FAILED org.apache.ratis.protocol.NotLeaderException: Server 4f048490-ee80-4dd1-86ce-d63d571007b5 is not the leader (be9ed4ca-dce9-4f3d-9c6d-abd66b1838f6:192.168.34.42:36394). Request must be sent to leader., logIndex=0, commits[4f048490-ee80-4dd1-86ce-d63d571007b5:c8, be9ed4ca-dce9-4f3d-9c6d-abd66b1838f6:c8, 094b17da-7f12-43e6-b453-785c127a2e77:c8]
2019-08-31 22:32:26,103 | INFO  | SCMAudit | user=jenkins1000 | ip=192.168.34.42 | op=SEND_HEARTBEAT {datanodeUUID=78f9d08d-f53f-40cf-9f90-7f7c9603a942, command=[]} | ret=SUCCESS |  
2019-08-31 22:32:26,227 | INFO  | SCMAudit | user=jenkins1000 | ip=192.168.34.42 | op=SEND_HEARTBEAT {datanodeUUID=be9ed4ca-dce9-4f3d-9c6d-abd66b1838f6, command=[]} | ret=SUCCESS |  
2019-08-31 22:32:26,236 | INFO  | SCMAudit | user=jenkins1000 | ip=192.168.34.42 | op=SEND_HEARTBEAT {datanodeUUID=2c0e17a6-6c2f-4502-821a-909817d7c69c, command=[]} | ret=SUCCESS |  
2019-08-31 22:32:26,241 | INFO  | SCMAudit | user=jenkins1000 | ip=192.168.34.42 | op=SEND_HEARTBEAT {datanodeUUID=4f048490-ee80-4dd1-86ce-d63d571007b5, command=[]} | ret=SUCCESS |  
2019-08-31 22:32:26,242 | INFO  | SCMAudit | user=jenkins1000 | ip=192.168.34.42 | op=SEND_HEARTBEAT {datanodeUUID=094b17da-7f12-43e6-b453-785c127a2e77, command=[]} | ret=SUCCESS |  
2019-08-31 22:32:26,345 | INFO  | SCMAudit | user=jenkins1000 | ip=192.168.34.42 | op=SEND_HEARTBEAT {datanodeUUID=131506aa-e8d4-495f-9e31-6caa17857e33, command=[]} | ret=SUCCESS |  
2019-08-31 22:32:26,439 | INFO  | SCMAudit | user=jenkins1000 | ip=192.168.34.42 | op=SEND_HEARTBEAT {datanodeUUID=4a257c07-4fcc-43d2-8a6e-26fe808bf4d2, command=[]} | ret=SUCCESS |  
2019-08-31 22:32:27,104 | INFO  | SCMAudit | user=jenkins1000 | ip=192.168.34.42 | op=SEND_HEARTBEAT {datanodeUUID=78f9d08d-f53f-40cf-9f90-7f7c9603a942, command=[]} | ret=SUCCESS |  
2019-08-31 22:32:27,227 | INFO  | SCMAudit | user=jenkins1000 | ip=192.168.34.42 | op=SEND_HEARTBEAT {datanodeUUID=be9ed4ca-dce9-4f3d-9c6d-abd66b1838f6, command=[]} | ret=SUCCESS |  
2019-08-31 22:32:27,236 | INFO  | SCMAudit | user=jenkins1000 | ip=192.168.34.42 | op=SEND_HEARTBEAT {datanodeUUID=2c0e17a6-6c2f-4502-821a-909817d7c69c, command=[]} | ret=SUCCESS |  
2019-08-31 22:32:27,241 | INFO  | SCMAudit | user=jenkins1000 | ip=192.168.34.42 | op=SEND_HEARTBEAT {datanodeUUID=4f048490-ee80-4dd1-86ce-d63d571007b5, command=[]} | ret=SUCCESS |  
2019-08-31 22:32:27,242 | INFO  | SCMAudit | user=jenkins1000 | ip=192.168.34.42 | op=SEND_HEARTBEAT {datanodeUUID=094b17da-7f12-43e6-b453-785c127a2e77, command=[]} | ret=SUCCESS |  
2019-08-31 22:32:27,345 | INFO  | SCMAudit | user=jenkins1000 | ip=192.168.34.42 | op=SEND_HEARTBEAT {datanodeUUID=131506aa-e8d4-495f-9e31-6caa17857e33, command=[]} | ret=SUCCESS |  
2019-08-31 22:32:27,438 | INFO  | SCMAudit | user=jenkins1000 | ip=192.168.34.42 | op=SEND_HEARTBEAT {datanodeUUID=4a257c07-4fcc-43d2-8a6e-26fe808bf4d2, command=[]} | ret=SUCCESS |  
2019-08-31 22:32:28,104 | INFO  | SCMAudit | user=jenkins1000 | ip=192.168.34.42 | op=SEND_HEARTBEAT {datanodeUUID=78f9d08d-f53f-40cf-9f90-7f7c9603a942, command=[]} | ret=SUCCESS |  
2019-08-31 22:32:28,228 | INFO  | SCMAudit | user=jenkins1000 | ip=192.168.34.42 | op=SEND_HEARTBEAT {datanodeUUID=be9ed4ca-dce9-4f3d-9c6d-abd66b1838f6, command=[]} | ret=SUCCESS |  
2019-08-31 22:32:28,237 | INFO  | SCMAudit | user=jenkins1000 | ip=192.168.34.42 | op=SEND_HEARTBEAT {datanodeUUID=2c0e17a6-6c2f-4502-821a-909817d7c69c, command=[]} | ret=SUCCESS |  
2019-08-31 22:32:28,241 | INFO  | SCMAudit | user=jenkins1000 | ip=192.168.34.42 | op=SEND_HEARTBEAT {datanodeUUID=4f048490-ee80-4dd1-86ce-d63d571007b5, command=[]} | ret=SUCCESS |  
2019-08-31 22:32:28,242 | INFO  | SCMAudit | user=jenkins1000 | ip=192.168.34.42 | op=SEND_HEARTBEAT {datanodeUUID=094b17da-7f12-43e6-b453-785c127a2e77, command=[]} | ret=SUCCESS |  
2019-08-31 22:32:28,345 | INFO  | SCMAudit | user=jenkins1000 | ip=192.168.34.42 | op=SEND_HEARTBEAT {datanodeUUID=131506aa-e8d4-495f-9e31-6caa17857e33, command=[]} | ret=SUCCESS |  
2019-08-31 22:32:28,439 | INFO  | SCMAudit | user=jenkins1000 | ip=192.168.34.42 | op=SEND_HEARTBEAT {datanodeUUID=4a257c07-4fcc-43d2-8a6e-26fe808bf4d2, command=[]} | ret=SUCCESS |  
2019-08-31 22:32:29,104 | INFO  | SCMAudit | user=jenkins1000 | ip=192.168.34.42 | op=SEND_HEARTBEAT {datanodeUUID=78f9d08d-f53f-40cf-9f90-7f7c9603a942, command=[]} | ret=SUCCESS |  
2019-08-31 22:32:29,228 | INFO  | SCMAudit | user=jenkins1000 | ip=192.168.34.42 | op=SEND_HEARTBEAT {datanodeUUID=be9ed4ca-dce9-4f3d-9c6d-abd66b1838f6, command=[]} | ret=SUCCESS |  
2019-08-31 22:32:29,237 | INFO  | SCMAudit | user=jenkins1000 | ip=192.168.34.42 | op=SEND_HEARTBEAT {datanodeUUID=2c0e17a6-6c2f-4502-821a-909817d7c69c, command=[]} | ret=SUCCESS |  
2019-08-31 22:32:29,241 | INFO  | SCMAudit | user=jenkins1000 | ip=192.168.34.42 | op=SEND_HEARTBEAT {datanodeUUID=4f048490-ee80-4dd1-86ce-d63d571007b5, command=[]} | ret=SUCCESS |  
2019-08-31 22:32:29,242 | INFO  | SCMAudit | user=jenkins1000 | ip=192.168.34.42 | op=SEND_HEARTBEAT {datanodeUUID=094b17da-7f12-43e6-b453-785c127a2e77, command=[]} | ret=SUCCESS |  
2019-08-31 22:32:29,346 | INFO  | SCMAudit | user=jenkins1000 | ip=192.168.34.42 | op=SEND_HEARTBEAT {datanodeUUID=131506aa-e8d4-495f-9e31-6caa17857e33, command=[]} | ret=SUCCESS |  
2019-08-31 22:32:29,438 | INFO  | SCMAudit | user=jenkins1000 | ip=192.168.34.42 | op=SEND_HEARTBEAT {datanodeUUID=4a257c07-4fcc-43d2-8a6e-26fe808bf4d2, command=[]} | ret=SUCCESS |  
2019-08-31 22:32:30,103 | INFO  | SCMAudit | user=jenkins1000 | ip=192.168.34.42 | op=SEND_HEARTBEAT {datanodeUUID=78f9d08d-f53f-40cf-9f90-7f7c9603a942, command=[]} | ret=SUCCESS |  
2019-08-31 22:32:30,228 | INFO  | SCMAudit | user=jenkins1000 | ip=192.168.34.42 | op=SEND_HEARTBEAT {datanodeUUID=be9ed4ca-dce9-4f3d-9c6d-abd66b1838f6, command=[]} | ret=SUCCESS |  
2019-08-31 22:32:30,237 | INFO  | SCMAudit | user=jenkins1000 | ip=192.168.34.42 | op=SEND_HEARTBEAT {datanodeUUID=2c0e17a6-6c2f-4502-821a-909817d7c69c, command=[]} | ret=SUCCESS |  
2019-08-31 22:32:30,241 | INFO  | SCMAudit | user=jenkins1000 | ip=192.168.34.42 | op=SEND_HEARTBEAT {datanodeUUID=4f048490-ee80-4dd1-86ce-d63d571007b5, command=[]} | ret=SUCCESS |  
2019-08-31 22:32:30,242 | INFO  | SCMAudit | user=jenkins1000 | ip=192.168.34.42 | op=SEND_HEARTBEAT {datanodeUUID=094b17da-7f12-43e6-b453-785c127a2e77, command=[]} | ret=SUCCESS |  
2019-08-31 22:32:30,346 | INFO  | SCMAudit | user=jenkins1000 | ip=192.168.34.42 | op=SEND_HEARTBEAT {datanodeUUID=131506aa-e8d4-495f-9e31-6caa17857e33, command=[]} | ret=SUCCESS |  
2019-08-31 22:32:30,438 | INFO  | SCMAudit | user=jenkins1000 | ip=192.168.34.42 | op=SEND_HEARTBEAT {datanodeUUID=4a257c07-4fcc-43d2-8a6e-26fe808bf4d2, command=[]} | ret=SUCCESS |  
2019-08-31 22:32:31,096 [grpc-default-executor-0] INFO  client.GrpcClientProtocolClient (GrpcClientProtocolClient.java:onNext(255)) - client-13F9D6D6E6E8->094b17da-7f12-43e6-b453-785c127a2e77: receive RaftClientReply:client-13F9D6D6E6E8->094b17da-7f12-43e6-b453-785c127a2e77@group-91658440A578, cid=44, FAILED org.apache.ratis.protocol.NotLeaderException: Server 094b17da-7f12-43e6-b453-785c127a2e77 is not the leader (be9ed4ca-dce9-4f3d-9c6d-abd66b1838f6:192.168.34.42:36394). Request must be sent to leader., logIndex=0, commits[094b17da-7f12-43e6-b453-785c127a2e77:c8, 4f048490-ee80-4dd1-86ce-d63d571007b5:c8, be9ed4ca-dce9-4f3d-9c6d-abd66b1838f6:c8]
2019-08-31 22:32:31,107 | INFO  | SCMAudit | user=jenkins1000 | ip=192.168.34.42 | op=SEND_HEARTBEAT {datanodeUUID=78f9d08d-f53f-40cf-9f90-7f7c9603a942, command=[]} | ret=SUCCESS |  
2019-08-31 22:32:31,228 | INFO  | SCMAudit | user=jenkins1000 | ip=192.168.34.42 | op=SEND_HEARTBEAT {datanodeUUID=be9ed4ca-dce9-4f3d-9c6d-abd66b1838f6, command=[]} | ret=SUCCESS |  
2019-08-31 22:32:31,237 | INFO  | SCMAudit | user=jenkins1000 | ip=192.168.34.42 | op=SEND_HEARTBEAT {datanodeUUID=2c0e17a6-6c2f-4502-821a-909817d7c69c, command=[]} | ret=SUCCESS |  
2019-08-31 22:32:31,241 | INFO  | SCMAudit | user=jenkins1000 | ip=192.168.34.42 | op=SEND_HEARTBEAT {datanodeUUID=4f048490-ee80-4dd1-86ce-d63d571007b5, command=[]} | ret=SUCCESS |  
2019-08-31 22:32:31,242 | INFO  | SCMAudit | user=jenkins1000 | ip=192.168.34.42 | op=SEND_HEARTBEAT {datanodeUUID=094b17da-7f12-43e6-b453-785c127a2e77, command=[]} | ret=SUCCESS |  
2019-08-31 22:32:31,346 | INFO  | SCMAudit | user=jenkins1000 | ip=192.168.34.42 | op=SEND_HEARTBEAT {datanodeUUID=131506aa-e8d4-495f-9e31-6caa17857e33, command=[]} | ret=SUCCESS |  
2019-08-31 22:32:31,439 | INFO  | SCMAudit | user=jenkins1000 | ip=192.168.34.42 | op=SEND_HEARTBEAT {datanodeUUID=4a257c07-4fcc-43d2-8a6e-26fe808bf4d2, command=[]} | ret=SUCCESS |  
2019-08-31 22:32:32,104 | INFO  | SCMAudit | user=jenkins1000 | ip=192.168.34.42 | op=SEND_HEARTBEAT {datanodeUUID=78f9d08d-f53f-40cf-9f90-7f7c9603a942, command=[]} | ret=SUCCESS |  
2019-08-31 22:32:32,229 | INFO  | SCMAudit | user=jenkins1000 | ip=192.168.34.42 | op=SEND_HEARTBEAT {datanodeUUID=be9ed4ca-dce9-4f3d-9c6d-abd66b1838f6, command=[]} | ret=SUCCESS |  
2019-08-31 22:32:32,237 | INFO  | SCMAudit | user=jenkins1000 | ip=192.168.34.42 | op=SEND_HEARTBEAT {datanodeUUID=2c0e17a6-6c2f-4502-821a-909817d7c69c, command=[]} | ret=SUCCESS |  
2019-08-31 22:32:32,241 | INFO  | SCMAudit | user=jenkins1000 | ip=192.168.34.42 | op=SEND_HEARTBEAT {datanodeUUID=4f048490-ee80-4dd1-86ce-d63d571007b5, command=[]} | ret=SUCCESS |  
2019-08-31 22:32:32,242 | INFO  | SCMAudit | user=jenkins1000 | ip=192.168.34.42 | op=SEND_HEARTBEAT {datanodeUUID=094b17da-7f12-43e6-b453-785c127a2e77, command=[]} | ret=SUCCESS |  
2019-08-31 22:32:32,346 | INFO  | SCMAudit | user=jenkins1000 | ip=192.168.34.42 | op=SEND_HEARTBEAT {datanodeUUID=131506aa-e8d4-495f-9e31-6caa17857e33, command=[]} | ret=SUCCESS |  
2019-08-31 22:32:32,439 | INFO  | SCMAudit | user=jenkins1000 | ip=192.168.34.42 | op=SEND_HEARTBEAT {datanodeUUID=4a257c07-4fcc-43d2-8a6e-26fe808bf4d2, command=[]} | ret=SUCCESS |  
2019-08-31 22:32:33,105 | INFO  | SCMAudit | user=jenkins1000 | ip=192.168.34.42 | op=SEND_HEARTBEAT {datanodeUUID=78f9d08d-f53f-40cf-9f90-7f7c9603a942, command=[]} | ret=SUCCESS |  
2019-08-31 22:32:33,229 | INFO  | SCMAudit | user=jenkins1000 | ip=192.168.34.42 | op=SEND_HEARTBEAT {datanodeUUID=be9ed4ca-dce9-4f3d-9c6d-abd66b1838f6, command=[]} | ret=SUCCESS |  
2019-08-31 22:32:33,237 | INFO  | SCMAudit | user=jenkins1000 | ip=192.168.34.42 | op=SEND_HEARTBEAT {datanodeUUID=2c0e17a6-6c2f-4502-821a-909817d7c69c, command=[]} | ret=SUCCESS |  
2019-08-31 22:32:33,241 | INFO  | SCMAudit | user=jenkins1000 | ip=192.168.34.42 | op=SEND_HEARTBEAT {datanodeUUID=4f048490-ee80-4dd1-86ce-d63d571007b5, command=[]} | ret=SUCCESS |  
2019-08-31 22:32:33,242 | INFO  | SCMAudit | user=jenkins1000 | ip=192.168.34.42 | op=SEND_HEARTBEAT {datanodeUUID=094b17da-7f12-43e6-b453-785c127a2e77, command=[]} | ret=SUCCESS |  
2019-08-31 22:32:33,346 | INFO  | SCMAudit | user=jenkins1000 | ip=192.168.34.42 | op=SEND_HEARTBEAT {datanodeUUID=131506aa-e8d4-495f-9e31-6caa17857e33, command=[]} | ret=SUCCESS |  
2019-08-31 22:32:33,439 | INFO  | SCMAudit | user=jenkins1000 | ip=192.168.34.42 | op=SEND_HEARTBEAT {datanodeUUID=4a257c07-4fcc-43d2-8a6e-26fe808bf4d2, command=[]} | ret=SUCCESS |  
2019-08-31 22:32:34,104 | INFO  | SCMAudit | user=jenkins1000 | ip=192.168.34.42 | op=SEND_HEARTBEAT {datanodeUUID=78f9d08d-f53f-40cf-9f90-7f7c9603a942, command=[]} | ret=SUCCESS |  
2019-08-31 22:32:34,230 | INFO  | SCMAudit | user=jenkins1000 | ip=192.168.34.42 | op=SEND_HEARTBEAT {datanodeUUID=be9ed4ca-dce9-4f3d-9c6d-abd66b1838f6, command=[]} | ret=SUCCESS |  
2019-08-31 22:32:34,237 | INFO  | SCMAudit | user=jenkins1000 | ip=192.168.34.42 | op=SEND_HEARTBEAT {datanodeUUID=2c0e17a6-6c2f-4502-821a-909817d7c69c, command=[]} | ret=SUCCESS |  
2019-08-31 22:32:34,241 | INFO  | SCMAudit | user=jenkins1000 | ip=192.168.34.42 | op=SEND_HEARTBEAT {datanodeUUID=4f048490-ee80-4dd1-86ce-d63d571007b5, command=[]} | ret=SUCCESS |  
2019-08-31 22:32:34,245 | INFO  | SCMAudit | user=jenkins1000 | ip=192.168.34.42 | op=SEND_HEARTBEAT {datanodeUUID=094b17da-7f12-43e6-b453-785c127a2e77, command=[]} | ret=SUCCESS |  
2019-08-31 22:32:34,346 | INFO  | SCMAudit | user=jenkins1000 | ip=192.168.34.42 | op=SEND_HEARTBEAT {datanodeUUID=131506aa-e8d4-495f-9e31-6caa17857e33, command=[]} | ret=SUCCESS |  
2019-08-31 22:32:34,439 | INFO  | SCMAudit | user=jenkins1000 | ip=192.168.34.42 | op=SEND_HEARTBEAT {datanodeUUID=4a257c07-4fcc-43d2-8a6e-26fe808bf4d2, command=[]} | ret=SUCCESS |  
2019-08-31 22:32:35,028 [ReplicationMonitor] INFO  container.ReplicationManager (ReplicationManager.java:run(225)) - Replication Monitor Thread took 1 milliseconds for processing 3 containers.
2019-08-31 22:32:35,105 | INFO  | SCMAudit | user=jenkins1000 | ip=192.168.34.42 | op=SEND_HEARTBEAT {datanodeUUID=78f9d08d-f53f-40cf-9f90-7f7c9603a942, command=[]} | ret=SUCCESS |  
2019-08-31 22:32:35,230 | INFO  | SCMAudit | user=jenkins1000 | ip=192.168.34.42 | op=SEND_HEARTBEAT {datanodeUUID=be9ed4ca-dce9-4f3d-9c6d-abd66b1838f6, command=[]} | ret=SUCCESS |  
2019-08-31 22:32:35,237 | INFO  | SCMAudit | user=jenkins1000 | ip=192.168.34.42 | op=SEND_HEARTBEAT {datanodeUUID=2c0e17a6-6c2f-4502-821a-909817d7c69c, command=[]} | ret=SUCCESS |  
2019-08-31 22:32:35,241 | INFO  | SCMAudit | user=jenkins1000 | ip=192.168.34.42 | op=SEND_HEARTBEAT {datanodeUUID=4f048490-ee80-4dd1-86ce-d63d571007b5, command=[]} | ret=SUCCESS |  
2019-08-31 22:32:35,245 | INFO  | SCMAudit | user=jenkins1000 | ip=192.168.34.42 | op=SEND_HEARTBEAT {datanodeUUID=094b17da-7f12-43e6-b453-785c127a2e77, command=[]} | ret=SUCCESS |  
2019-08-31 22:32:35,346 | INFO  | SCMAudit | user=jenkins1000 | ip=192.168.34.42 | op=SEND_HEARTBEAT {datanodeUUID=131506aa-e8d4-495f-9e31-6caa17857e33, command=[]} | ret=SUCCESS |  
2019-08-31 22:32:35,440 | INFO  | SCMAudit | user=jenkins1000 | ip=192.168.34.42 | op=SEND_HEARTBEAT {datanodeUUID=4a257c07-4fcc-43d2-8a6e-26fe808bf4d2, command=[]} | ret=SUCCESS |  
2019-08-31 22:32:36,105 | INFO  | SCMAudit | user=jenkins1000 | ip=192.168.34.42 | op=SEND_HEARTBEAT {datanodeUUID=78f9d08d-f53f-40cf-9f90-7f7c9603a942, command=[]} | ret=SUCCESS |  
2019-08-31 22:32:36,137 [grpc-default-executor-4] INFO  client.GrpcClientProtocolClient (GrpcClientProtocolClient.java:onNext(255)) - client-13F9D6D6E6E8->094b17da-7f12-43e6-b453-785c127a2e77: receive RaftClientReply:client-13F9D6D6E6E8->094b17da-7f12-43e6-b453-785c127a2e77@group-91658440A578, cid=44, FAILED org.apache.ratis.protocol.NotLeaderException: Server 094b17da-7f12-43e6-b453-785c127a2e77 is not the leader (be9ed4ca-dce9-4f3d-9c6d-abd66b1838f6:192.168.34.42:36394). Request must be sent to leader., logIndex=0, commits[094b17da-7f12-43e6-b453-785c127a2e77:c8, 4f048490-ee80-4dd1-86ce-d63d571007b5:c8, be9ed4ca-dce9-4f3d-9c6d-abd66b1838f6:c8]
2019-08-31 22:32:36,229 | INFO  | SCMAudit | user=jenkins1000 | ip=192.168.34.42 | op=SEND_HEARTBEAT {datanodeUUID=be9ed4ca-dce9-4f3d-9c6d-abd66b1838f6, command=[]} | ret=SUCCESS |  
2019-08-31 22:32:36,237 | INFO  | SCMAudit | user=jenkins1000 | ip=192.168.34.42 | op=SEND_HEARTBEAT {datanodeUUID=2c0e17a6-6c2f-4502-821a-909817d7c69c, command=[]} | ret=SUCCESS |  
2019-08-31 22:32:36,241 | INFO  | SCMAudit | user=jenkins1000 | ip=192.168.34.42 | op=SEND_HEARTBEAT {datanodeUUID=4f048490-ee80-4dd1-86ce-d63d571007b5, command=[]} | ret=SUCCESS |  
2019-08-31 22:32:36,248 | INFO  | SCMAudit | user=jenkins1000 | ip=192.168.34.42 | op=SEND_HEARTBEAT {datanodeUUID=094b17da-7f12-43e6-b453-785c127a2e77, command=[]} | ret=SUCCESS |  
2019-08-31 22:32:36,347 | INFO  | SCMAudit | user=jenkins1000 | ip=192.168.34.42 | op=SEND_HEARTBEAT {datanodeUUID=131506aa-e8d4-495f-9e31-6caa17857e33, command=[]} | ret=SUCCESS |  
2019-08-31 22:32:36,440 | INFO  | SCMAudit | user=jenkins1000 | ip=192.168.34.42 | op=SEND_HEARTBEAT {datanodeUUID=4a257c07-4fcc-43d2-8a6e-26fe808bf4d2, command=[]} | ret=SUCCESS |  
2019-08-31 22:32:37,106 | INFO  | SCMAudit | user=jenkins1000 | ip=192.168.34.42 | op=SEND_HEARTBEAT {datanodeUUID=78f9d08d-f53f-40cf-9f90-7f7c9603a942, command=[]} | ret=SUCCESS |  
2019-08-31 22:32:37,229 | INFO  | SCMAudit | user=jenkins1000 | ip=192.168.34.42 | op=SEND_HEARTBEAT {datanodeUUID=be9ed4ca-dce9-4f3d-9c6d-abd66b1838f6, command=[]} | ret=SUCCESS |  
2019-08-31 22:32:37,237 | INFO  | SCMAudit | user=jenkins1000 | ip=192.168.34.42 | op=SEND_HEARTBEAT {datanodeUUID=2c0e17a6-6c2f-4502-821a-909817d7c69c, command=[]} | ret=SUCCESS |  
2019-08-31 22:32:37,241 | INFO  | SCMAudit | user=jenkins1000 | ip=192.168.34.42 | op=SEND_HEARTBEAT {datanodeUUID=4f048490-ee80-4dd1-86ce-d63d571007b5, command=[]} | ret=SUCCESS |  
2019-08-31 22:32:37,245 | INFO  | SCMAudit | user=jenkins1000 | ip=192.168.34.42 | op=SEND_HEARTBEAT {datanodeUUID=094b17da-7f12-43e6-b453-785c127a2e77, command=[]} | ret=SUCCESS |  
2019-08-31 22:32:37,347 | INFO  | SCMAudit | user=jenkins1000 | ip=192.168.34.42 | op=SEND_HEARTBEAT {datanodeUUID=131506aa-e8d4-495f-9e31-6caa17857e33, command=[]} | ret=SUCCESS |  
2019-08-31 22:32:37,439 | INFO  | SCMAudit | user=jenkins1000 | ip=192.168.34.42 | op=SEND_HEARTBEAT {datanodeUUID=4a257c07-4fcc-43d2-8a6e-26fe808bf4d2, command=[]} | ret=SUCCESS |  
2019-08-31 22:32:38,106 | INFO  | SCMAudit | user=jenkins1000 | ip=192.168.34.42 | op=SEND_HEARTBEAT {datanodeUUID=78f9d08d-f53f-40cf-9f90-7f7c9603a942, command=[]} | ret=SUCCESS |  
2019-08-31 22:32:38,229 | INFO  | SCMAudit | user=jenkins1000 | ip=192.168.34.42 | op=SEND_HEARTBEAT {datanodeUUID=be9ed4ca-dce9-4f3d-9c6d-abd66b1838f6, command=[]} | ret=SUCCESS |  
2019-08-31 22:32:38,238 | INFO  | SCMAudit | user=jenkins1000 | ip=192.168.34.42 | op=SEND_HEARTBEAT {datanodeUUID=2c0e17a6-6c2f-4502-821a-909817d7c69c, command=[]} | ret=SUCCESS |  
2019-08-31 22:32:38,241 | INFO  | SCMAudit | user=jenkins1000 | ip=192.168.34.42 | op=SEND_HEARTBEAT {datanodeUUID=4f048490-ee80-4dd1-86ce-d63d571007b5, command=[]} | ret=SUCCESS |  
2019-08-31 22:32:38,246 | INFO  | SCMAudit | user=jenkins1000 | ip=192.168.34.42 | op=SEND_HEARTBEAT {datanodeUUID=094b17da-7f12-43e6-b453-785c127a2e77, command=[]} | ret=SUCCESS |  
2019-08-31 22:32:38,348 | INFO  | SCMAudit | user=jenkins1000 | ip=192.168.34.42 | op=SEND_HEARTBEAT {datanodeUUID=131506aa-e8d4-495f-9e31-6caa17857e33, command=[]} | ret=SUCCESS |  
2019-08-31 22:32:38,439 | INFO  | SCMAudit | user=jenkins1000 | ip=192.168.34.42 | op=SEND_HEARTBEAT {datanodeUUID=4a257c07-4fcc-43d2-8a6e-26fe808bf4d2, command=[]} | ret=SUCCESS |  
2019-08-31 22:32:39,106 | INFO  | SCMAudit | user=jenkins1000 | ip=192.168.34.42 | op=SEND_HEARTBEAT {datanodeUUID=78f9d08d-f53f-40cf-9f90-7f7c9603a942, command=[]} | ret=SUCCESS |  
2019-08-31 22:32:39,229 | INFO  | SCMAudit | user=jenkins1000 | ip=192.168.34.42 | op=SEND_HEARTBEAT {datanodeUUID=be9ed4ca-dce9-4f3d-9c6d-abd66b1838f6, command=[]} | ret=SUCCESS |  
2019-08-31 22:32:39,238 | INFO  | SCMAudit | user=jenkins1000 | ip=192.168.34.42 | op=SEND_HEARTBEAT {datanodeUUID=2c0e17a6-6c2f-4502-821a-909817d7c69c, command=[]} | ret=SUCCESS |  
2019-08-31 22:32:39,241 | INFO  | SCMAudit | user=jenkins1000 | ip=192.168.34.42 | op=SEND_HEARTBEAT {datanodeUUID=4f048490-ee80-4dd1-86ce-d63d571007b5, command=[]} | ret=SUCCESS |  
2019-08-31 22:32:39,246 | INFO  | SCMAudit | user=jenkins1000 | ip=192.168.34.42 | op=SEND_HEARTBEAT {datanodeUUID=094b17da-7f12-43e6-b453-785c127a2e77, command=[]} | ret=SUCCESS |  
2019-08-31 22:32:39,349 | INFO  | SCMAudit | user=jenkins1000 | ip=192.168.34.42 | op=SEND_HEARTBEAT {datanodeUUID=131506aa-e8d4-495f-9e31-6caa17857e33, command=[]} | ret=SUCCESS |  
2019-08-31 22:32:39,440 | INFO  | SCMAudit | user=jenkins1000 | ip=192.168.34.42 | op=SEND_HEARTBEAT {datanodeUUID=4a257c07-4fcc-43d2-8a6e-26fe808bf4d2, command=[]} | ret=SUCCESS |  
2019-08-31 22:32:40,106 | INFO  | SCMAudit | user=jenkins1000 | ip=192.168.34.42 | op=SEND_HEARTBEAT {datanodeUUID=78f9d08d-f53f-40cf-9f90-7f7c9603a942, command=[]} | ret=SUCCESS |  
2019-08-31 22:32:40,230 | INFO  | SCMAudit | user=jenkins1000 | ip=192.168.34.42 | op=SEND_HEARTBEAT {datanodeUUID=be9ed4ca-dce9-4f3d-9c6d-abd66b1838f6, command=[]} | ret=SUCCESS |  
2019-08-31 22:32:40,238 | INFO  | SCMAudit | user=jenkins1000 | ip=192.168.34.42 | op=SEND_HEARTBEAT {datanodeUUID=2c0e17a6-6c2f-4502-821a-909817d7c69c, command=[]} | ret=SUCCESS |  
2019-08-31 22:32:40,241 | INFO  | SCMAudit | user=jenkins1000 | ip=192.168.34.42 | op=SEND_HEARTBEAT {datanodeUUID=4f048490-ee80-4dd1-86ce-d63d571007b5, command=[]} | ret=SUCCESS |  
2019-08-31 22:32:40,246 | INFO  | SCMAudit | user=jenkins1000 | ip=192.168.34.42 | op=SEND_HEARTBEAT {datanodeUUID=094b17da-7f12-43e6-b453-785c127a2e77, command=[]} | ret=SUCCESS |  
2019-08-31 22:32:40,349 | INFO  | SCMAudit | user=jenkins1000 | ip=192.168.34.42 | op=SEND_HEARTBEAT {datanodeUUID=131506aa-e8d4-495f-9e31-6caa17857e33, command=[]} | ret=SUCCESS |  
2019-08-31 22:32:40,440 | INFO  | SCMAudit | user=jenkins1000 | ip=192.168.34.42 | op=SEND_HEARTBEAT {datanodeUUID=4a257c07-4fcc-43d2-8a6e-26fe808bf4d2, command=[]} | ret=SUCCESS |  
2019-08-31 22:32:41,105 | INFO  | SCMAudit | user=jenkins1000 | ip=192.168.34.42 | op=SEND_HEARTBEAT {datanodeUUID=78f9d08d-f53f-40cf-9f90-7f7c9603a942, command=[]} | ret=SUCCESS |  
2019-08-31 22:32:41,176 [grpc-default-executor-0] INFO  client.GrpcClientProtocolClient (GrpcClientProtocolClient.java:onNext(255)) - client-13F9D6D6E6E8->094b17da-7f12-43e6-b453-785c127a2e77: receive RaftClientReply:client-13F9D6D6E6E8->094b17da-7f12-43e6-b453-785c127a2e77@group-91658440A578, cid=44, FAILED org.apache.ratis.protocol.NotLeaderException: Server 094b17da-7f12-43e6-b453-785c127a2e77 is not the leader (be9ed4ca-dce9-4f3d-9c6d-abd66b1838f6:192.168.34.42:36394). Request must be sent to leader., logIndex=0, commits[094b17da-7f12-43e6-b453-785c127a2e77:c8, 4f048490-ee80-4dd1-86ce-d63d571007b5:c8, be9ed4ca-dce9-4f3d-9c6d-abd66b1838f6:c8]
2019-08-31 22:32:41,183 [main] INFO  ozone.MiniOzoneClusterImpl (MiniOzoneClusterImpl.java:shutdown(307)) - Shutting down the Mini Ozone Cluster
2019-08-31 22:32:41,183 | INFO  | SCMAudit | user=null | ip=null | op=GET_SCM_INFO null | ret=SUCCESS |  
2019-08-31 22:32:41,183 [main] INFO  ozone.MiniOzoneClusterImpl (MiniOzoneClusterImpl.java:stop(322)) - Stopping the Mini Ozone Cluster
2019-08-31 22:32:41,183 [main] INFO  ozone.MiniOzoneClusterImpl (MiniOzoneClusterImpl.java:stop(324)) - Stopping the OzoneManager
2019-08-31 22:32:41,183 [main] INFO  ipc.Server (Server.java:stop(3082)) - Stopping server on 37778
2019-08-31 22:32:41,203 [IPC Server listener on 37778] INFO  ipc.Server (Server.java:run(1185)) - Stopping IPC Server listener on 37778
2019-08-31 22:32:41,203 [main] INFO  ratis.OzoneManagerDoubleBuffer (OzoneManagerDoubleBuffer.java:stop(248)) - Stopping OMDoubleBuffer flush thread
2019-08-31 22:32:41,203 [IPC Server Responder] INFO  ipc.Server (Server.java:run(1319)) - Stopping IPC Server Responder
2019-08-31 22:32:41,206 [OMDoubleBufferFlushThread] INFO  ratis.OzoneManagerDoubleBuffer (OzoneManagerDoubleBuffer.java:flushTransactions(191)) - OMDoubleBuffer flush thread OMDoubleBufferFlushThread is interrupted and will exit. OMDoubleBufferFlushThread
2019-08-31 22:32:41,206 [main] INFO  utils.BackgroundService (BackgroundService.java:shutdown(148)) - Shutting down service KeyDeletingService
2019-08-31 22:32:41,208 [main] INFO  handler.ContextHandler (ContextHandler.java:doStop(910)) - Stopped o.e.j.w.WebAppContext@7c5d1d25{/,null,UNAVAILABLE}{/ozoneManager}
2019-08-31 22:32:41,208 [main] INFO  server.AbstractConnector (AbstractConnector.java:doStop(318)) - Stopped ServerConnector@550e9be6{HTTP/1.1,[http/1.1]}{0.0.0.0:0}
2019-08-31 22:32:41,209 [main] INFO  handler.ContextHandler (ContextHandler.java:doStop(910)) - Stopped o.e.j.s.ServletContextHandler@69d3cf7e{/static,file:///workdir/hadoop-ozone/integration-test/target/test-classes/webapps/static,UNAVAILABLE}
2019-08-31 22:32:41,209 [main] INFO  handler.ContextHandler (ContextHandler.java:doStop(910)) - Stopped o.e.j.s.ServletContextHandler@497d4c96{/logs,file:///workdir/hadoop-ozone/integration-test/target/log,UNAVAILABLE}
2019-08-31 22:32:41,222 [main] INFO  ozone.MiniOzoneClusterImpl (MiniOzoneClusterImpl.java:stop(330)) - Shutting the HddsDatanodes
2019-08-31 22:32:41,230 | INFO  | SCMAudit | user=jenkins1000 | ip=192.168.34.42 | op=SEND_HEARTBEAT {datanodeUUID=be9ed4ca-dce9-4f3d-9c6d-abd66b1838f6, command=[]} | ret=SUCCESS |  
2019-08-31 22:32:41,237 [Datanode State Machine Thread - 0] INFO  statemachine.DatanodeStateMachine (DatanodeStateMachine.java:lambda$startDaemon$0(350)) - Ozone container server started.
2019-08-31 22:32:41,241 | INFO  | SCMAudit | user=jenkins1000 | ip=192.168.34.42 | op=SEND_HEARTBEAT {datanodeUUID=4f048490-ee80-4dd1-86ce-d63d571007b5, command=[]} | ret=SUCCESS |  
2019-08-31 22:32:41,246 [Datanode State Machine Thread - 0] INFO  statemachine.DatanodeStateMachine (DatanodeStateMachine.java:lambda$startDaemon$0(350)) - Ozone container server started.
2019-08-31 22:32:41,349 | INFO  | SCMAudit | user=jenkins1000 | ip=192.168.34.42 | op=SEND_HEARTBEAT {datanodeUUID=131506aa-e8d4-495f-9e31-6caa17857e33, command=[]} | ret=SUCCESS |  
2019-08-31 22:32:41,440 | INFO  | SCMAudit | user=jenkins1000 | ip=192.168.34.42 | op=SEND_HEARTBEAT {datanodeUUID=4a257c07-4fcc-43d2-8a6e-26fe808bf4d2, command=[]} | ret=SUCCESS |  
2019-08-31 22:32:42,106 | INFO  | SCMAudit | user=jenkins1000 | ip=192.168.34.42 | op=SEND_HEARTBEAT {datanodeUUID=78f9d08d-f53f-40cf-9f90-7f7c9603a942, command=[]} | ret=SUCCESS |  
2019-08-31 22:32:42,230 | INFO  | SCMAudit | user=jenkins1000 | ip=192.168.34.42 | op=SEND_HEARTBEAT {datanodeUUID=be9ed4ca-dce9-4f3d-9c6d-abd66b1838f6, command=[]} | ret=SUCCESS |  
2019-08-31 22:32:42,241 | INFO  | SCMAudit | user=jenkins1000 | ip=192.168.34.42 | op=SEND_HEARTBEAT {datanodeUUID=4f048490-ee80-4dd1-86ce-d63d571007b5, command=[]} | ret=SUCCESS |  
2019-08-31 22:32:42,349 | INFO  | SCMAudit | user=jenkins1000 | ip=192.168.34.42 | op=SEND_HEARTBEAT {datanodeUUID=131506aa-e8d4-495f-9e31-6caa17857e33, command=[]} | ret=SUCCESS |  
2019-08-31 22:32:42,441 | INFO  | SCMAudit | user=jenkins1000 | ip=192.168.34.42 | op=SEND_HEARTBEAT {datanodeUUID=4a257c07-4fcc-43d2-8a6e-26fe808bf4d2, command=[]} | ret=SUCCESS |  
2019-08-31 22:32:43,106 | INFO  | SCMAudit | user=jenkins1000 | ip=192.168.34.42 | op=SEND_HEARTBEAT {datanodeUUID=78f9d08d-f53f-40cf-9f90-7f7c9603a942, command=[]} | ret=SUCCESS |  
2019-08-31 22:32:43,230 | INFO  | SCMAudit | user=jenkins1000 | ip=192.168.34.42 | op=SEND_HEARTBEAT {datanodeUUID=be9ed4ca-dce9-4f3d-9c6d-abd66b1838f6, command=[]} | ret=SUCCESS |  
2019-08-31 22:32:43,241 | INFO  | SCMAudit | user=jenkins1000 | ip=192.168.34.42 | op=SEND_HEARTBEAT {datanodeUUID=4f048490-ee80-4dd1-86ce-d63d571007b5, command=[]} | ret=SUCCESS |  
2019-08-31 22:32:43,349 | INFO  | SCMAudit | user=jenkins1000 | ip=192.168.34.42 | op=SEND_HEARTBEAT {datanodeUUID=131506aa-e8d4-495f-9e31-6caa17857e33, command=[]} | ret=SUCCESS |  
2019-08-31 22:32:43,441 | INFO  | SCMAudit | user=jenkins1000 | ip=192.168.34.42 | op=SEND_HEARTBEAT {datanodeUUID=4a257c07-4fcc-43d2-8a6e-26fe808bf4d2, command=[]} | ret=SUCCESS |  
2019-08-31 22:32:44,105 | INFO  | SCMAudit | user=jenkins1000 | ip=192.168.34.42 | op=SEND_HEARTBEAT {datanodeUUID=78f9d08d-f53f-40cf-9f90-7f7c9603a942, command=[]} | ret=SUCCESS |  
2019-08-31 22:32:44,230 | INFO  | SCMAudit | user=jenkins1000 | ip=192.168.34.42 | op=SEND_HEARTBEAT {datanodeUUID=be9ed4ca-dce9-4f3d-9c6d-abd66b1838f6, command=[]} | ret=SUCCESS |  
2019-08-31 22:32:44,241 | INFO  | SCMAudit | user=jenkins1000 | ip=192.168.34.42 | op=SEND_HEARTBEAT {datanodeUUID=4f048490-ee80-4dd1-86ce-d63d571007b5, command=[]} | ret=SUCCESS |  
2019-08-31 22:32:44,349 | INFO  | SCMAudit | user=jenkins1000 | ip=192.168.34.42 | op=SEND_HEARTBEAT {datanodeUUID=131506aa-e8d4-495f-9e31-6caa17857e33, command=[]} | ret=SUCCESS |  
2019-08-31 22:32:44,440 | INFO  | SCMAudit | user=jenkins1000 | ip=192.168.34.42 | op=SEND_HEARTBEAT {datanodeUUID=4a257c07-4fcc-43d2-8a6e-26fe808bf4d2, command=[]} | ret=SUCCESS |  
2019-08-31 22:32:45,106 | INFO  | SCMAudit | user=jenkins1000 | ip=192.168.34.42 | op=SEND_HEARTBEAT {datanodeUUID=78f9d08d-f53f-40cf-9f90-7f7c9603a942, command=[]} | ret=SUCCESS |  
2019-08-31 22:32:45,230 | INFO  | SCMAudit | user=jenkins1000 | ip=192.168.34.42 | op=SEND_HEARTBEAT {datanodeUUID=be9ed4ca-dce9-4f3d-9c6d-abd66b1838f6, command=[]} | ret=SUCCESS |  
2019-08-31 22:32:45,242 | INFO  | SCMAudit | user=jenkins1000 | ip=192.168.34.42 | op=SEND_HEARTBEAT {datanodeUUID=4f048490-ee80-4dd1-86ce-d63d571007b5, command=[]} | ret=SUCCESS |  
2019-08-31 22:32:45,349 | INFO  | SCMAudit | user=jenkins1000 | ip=192.168.34.42 | op=SEND_HEARTBEAT {datanodeUUID=131506aa-e8d4-495f-9e31-6caa17857e33, command=[]} | ret=SUCCESS |  
2019-08-31 22:32:45,440 | INFO  | SCMAudit | user=jenkins1000 | ip=192.168.34.42 | op=SEND_HEARTBEAT {datanodeUUID=4a257c07-4fcc-43d2-8a6e-26fe808bf4d2, command=[]} | ret=SUCCESS |  
2019-08-31 22:32:46,106 | INFO  | SCMAudit | user=jenkins1000 | ip=192.168.34.42 | op=SEND_HEARTBEAT {datanodeUUID=78f9d08d-f53f-40cf-9f90-7f7c9603a942, command=[]} | ret=SUCCESS |  
2019-08-31 22:32:46,223 [ForkJoinPool.commonPool-worker-0] INFO  ozoneimpl.OzoneContainer (OzoneContainer.java:stop(215)) - Attempting to stop container services.
2019-08-31 22:32:46,223 [main] INFO  ozoneimpl.OzoneContainer (OzoneContainer.java:stop(215)) - Attempting to stop container services.
2019-08-31 22:32:46,224 [ForkJoinPool.commonPool-worker-0] INFO  impl.RaftServerProxy (RaftServerProxy.java:lambda$close$4(314)) - 094b17da-7f12-43e6-b453-785c127a2e77: close
2019-08-31 22:32:46,224 [main] INFO  impl.RaftServerProxy (RaftServerProxy.java:lambda$close$4(314)) - 2c0e17a6-6c2f-4502-821a-909817d7c69c: close
2019-08-31 22:32:46,224 [ForkJoinPool.commonPool-worker-0] INFO  impl.RaftServerImpl (RaftServerImpl.java:lambda$shutdown$3(245)) - 094b17da-7f12-43e6-b453-785c127a2e77: shutdown group-91658440A578
2019-08-31 22:32:46,225 [main] INFO  impl.RaftServerImpl (RaftServerImpl.java:lambda$shutdown$3(245)) - 2c0e17a6-6c2f-4502-821a-909817d7c69c: shutdown group-BDA3476949CB
2019-08-31 22:32:46,225 [ForkJoinPool.commonPool-worker-0] INFO  util.JmxRegister (JmxRegister.java:unregister(73)) - Successfully un-registered JMX Bean with object name Ratis:service=RaftServer,group=group-91658440A578,id=094b17da-7f12-43e6-b453-785c127a2e77
2019-08-31 22:32:46,225 [main] INFO  util.JmxRegister (JmxRegister.java:unregister(73)) - Successfully un-registered JMX Bean with object name Ratis:service=RaftServer,group=group-BDA3476949CB,id=2c0e17a6-6c2f-4502-821a-909817d7c69c
2019-08-31 22:32:46,226 [main] INFO  impl.RoleInfo (RoleInfo.java:shutdownLeaderState(104)) - 2c0e17a6-6c2f-4502-821a-909817d7c69c: shutdown LeaderState
2019-08-31 22:32:46,226 [ForkJoinPool.commonPool-worker-0] INFO  impl.RoleInfo (RoleInfo.java:shutdownFollowerState(121)) - 094b17da-7f12-43e6-b453-785c127a2e77: shutdown FollowerState
2019-08-31 22:32:46,227 [main] INFO  impl.PendingRequests (PendingRequests.java:sendNotLeaderResponses(202)) - 2c0e17a6-6c2f-4502-821a-909817d7c69c-PendingRequests: sendNotLeaderResponses
2019-08-31 22:32:46,227 [StateMachineUpdater:094b17da-7f12-43e6-b453-785c127a2e77:group-91658440A578] INFO  ratis.ContainerStateMachine (ContainerStateMachine.java:takeSnapshot(284)) - group-91658440A578: Taking a snapshot at:(t:1, i:6) file /workdir/hadoop-ozone/integration-test/target/test-dir/MiniOzoneClusterImpl-aaa18aea-9a54-4266-ac8a-f3420196151d/datanode-1/data/ratis/82ef3a5b-cbcb-4051-a853-91658440a578/sm/snapshot.1_6
2019-08-31 22:32:46,227 [Thread-818] INFO  impl.FollowerState (FollowerState.java:run(114)) - 094b17da-7f12-43e6-b453-785c127a2e77: FollowerState was interrupted: java.lang.InterruptedException: sleep interrupted
2019-08-31 22:32:46,227 [ForkJoinPool.commonPool-worker-0] INFO  impl.StateMachineUpdater (StateMachineUpdater.java:stopAndJoin(115)) - StateMachineUpdater:094b17da-7f12-43e6-b453-785c127a2e77:group-91658440A578: set stopIndex = 8
2019-08-31 22:32:46,231 | INFO  | SCMAudit | user=jenkins1000 | ip=192.168.34.42 | op=SEND_HEARTBEAT {datanodeUUID=be9ed4ca-dce9-4f3d-9c6d-abd66b1838f6, command=[]} | ret=SUCCESS |  
2019-08-31 22:32:46,228 [main] INFO  impl.StateMachineUpdater (StateMachineUpdater.java:stopAndJoin(115)) - StateMachineUpdater:2c0e17a6-6c2f-4502-821a-909817d7c69c:group-BDA3476949CB: set stopIndex = 0
2019-08-31 22:32:46,232 [main] INFO  impl.RaftServerImpl (ServerState.java:close(394)) - 2c0e17a6-6c2f-4502-821a-909817d7c69c:group-BDA3476949CB closes. The last applied log index is 0
2019-08-31 22:32:46,232 [2c0e17a6-6c2f-4502-821a-909817d7c69c-SegmentedRaftLogWorker:Storage Directory /workdir/hadoop-ozone/integration-test/target/test-dir/MiniOzoneClusterImpl-aaa18aea-9a54-4266-ac8a-f3420196151d/datanode-4/data/ratis/93b8e598-cac1-4aa7-b491-bda3476949cb] INFO  segmented.SegmentedRaftLogWorker (SegmentedRaftLogWorker.java:run(313)) - 2c0e17a6-6c2f-4502-821a-909817d7c69c-SegmentedRaftLogWorker:Storage Directory /workdir/hadoop-ozone/integration-test/target/test-dir/MiniOzoneClusterImpl-aaa18aea-9a54-4266-ac8a-f3420196151d/datanode-4/data/ratis/93b8e598-cac1-4aa7-b491-bda3476949cb was interrupted, exiting. There are 0 tasks remaining in the queue.
2019-08-31 22:32:46,238 [main] INFO  segmented.SegmentedRaftLogWorker (SegmentedRaftLogWorker.java:close(228)) - 2c0e17a6-6c2f-4502-821a-909817d7c69c-SegmentedRaftLogWorker:Storage Directory /workdir/hadoop-ozone/integration-test/target/test-dir/MiniOzoneClusterImpl-aaa18aea-9a54-4266-ac8a-f3420196151d/datanode-4/data/ratis/93b8e598-cac1-4aa7-b491-bda3476949cb close()
2019-08-31 22:32:46,241 [StateMachineUpdater:094b17da-7f12-43e6-b453-785c127a2e77:group-91658440A578] INFO  ratis.ContainerStateMachine (ContainerStateMachine.java:takeSnapshot(295)) - group-91658440A578: Finished taking a snapshot at:(t:1, i:6) file:/workdir/hadoop-ozone/integration-test/target/test-dir/MiniOzoneClusterImpl-aaa18aea-9a54-4266-ac8a-f3420196151d/datanode-1/data/ratis/82ef3a5b-cbcb-4051-a853-91658440a578/sm/snapshot.1_6 time:14
2019-08-31 22:32:46,243 | INFO  | SCMAudit | user=jenkins1000 | ip=192.168.34.42 | op=SEND_HEARTBEAT {datanodeUUID=4f048490-ee80-4dd1-86ce-d63d571007b5, command=[]} | ret=SUCCESS |  
2019-08-31 22:32:46,243 [main] INFO  server.GrpcService (GrpcService.java:closeImpl(155)) - 2c0e17a6-6c2f-4502-821a-909817d7c69c: shutdown server with port 44187 now
2019-08-31 22:32:46,243 [StateMachineUpdater:094b17da-7f12-43e6-b453-785c127a2e77:group-91658440A578] INFO  impl.StateMachineUpdater (StateMachineUpdater.java:takeSnapshot(242)) - StateMachineUpdater:094b17da-7f12-43e6-b453-785c127a2e77:group-91658440A578: Took a snapshot at index 6
2019-08-31 22:32:46,246 [main] INFO  server.GrpcService (GrpcService.java:closeImpl(163)) - 2c0e17a6-6c2f-4502-821a-909817d7c69c: shutdown server with port 44187 successfully
2019-08-31 22:32:46,246 [StateMachineUpdater:094b17da-7f12-43e6-b453-785c127a2e77:group-91658440A578] INFO  impl.StateMachineUpdater (StateMachineUpdater.java:lambda$new$0(80)) - StateMachineUpdater:094b17da-7f12-43e6-b453-785c127a2e77:group-91658440A578: snapshotIndex: updateIncreasingly -1 -> 6
2019-08-31 22:32:46,248 [ForkJoinPool.commonPool-worker-0] INFO  impl.RaftServerImpl (ServerState.java:close(394)) - 094b17da-7f12-43e6-b453-785c127a2e77:group-91658440A578 closes. The last applied log index is 8
2019-08-31 22:32:46,249 [094b17da-7f12-43e6-b453-785c127a2e77-SegmentedRaftLogWorker:Storage Directory /workdir/hadoop-ozone/integration-test/target/test-dir/MiniOzoneClusterImpl-aaa18aea-9a54-4266-ac8a-f3420196151d/datanode-1/data/ratis/82ef3a5b-cbcb-4051-a853-91658440a578] INFO  segmented.SegmentedRaftLogWorker (SegmentedRaftLogWorker.java:run(313)) - 094b17da-7f12-43e6-b453-785c127a2e77-SegmentedRaftLogWorker:Storage Directory /workdir/hadoop-ozone/integration-test/target/test-dir/MiniOzoneClusterImpl-aaa18aea-9a54-4266-ac8a-f3420196151d/datanode-1/data/ratis/82ef3a5b-cbcb-4051-a853-91658440a578 was interrupted, exiting. There are 0 tasks remaining in the queue.
2019-08-31 22:32:46,252 [ForkJoinPool.commonPool-worker-0] INFO  segmented.SegmentedRaftLogWorker (SegmentedRaftLogWorker.java:close(228)) - 094b17da-7f12-43e6-b453-785c127a2e77-SegmentedRaftLogWorker:Storage Directory /workdir/hadoop-ozone/integration-test/target/test-dir/MiniOzoneClusterImpl-aaa18aea-9a54-4266-ac8a-f3420196151d/datanode-1/data/ratis/82ef3a5b-cbcb-4051-a853-91658440a578 close()
2019-08-31 22:32:46,252 [refreshUsed-/workdir/hadoop-ozone/integration-test/target/test-dir/MiniOzoneClusterImpl-aaa18aea-9a54-4266-ac8a-f3420196151d/datanode-4/data/containers] WARN  fs.CachingGetSpaceUsed (CachingGetSpaceUsed.java:run(183)) - Thread Interrupted waiting to refresh disk information: sleep interrupted
2019-08-31 22:32:46,257 [ForkJoinPool.commonPool-worker-0] INFO  impl.RaftServerImpl (RaftServerImpl.java:lambda$shutdown$3(245)) - 094b17da-7f12-43e6-b453-785c127a2e77: shutdown group-40623F9BDB4E
2019-08-31 22:32:46,258 [ForkJoinPool.commonPool-worker-0] INFO  util.JmxRegister (JmxRegister.java:unregister(73)) - Successfully un-registered JMX Bean with object name Ratis:service=RaftServer,group=group-40623F9BDB4E,id=094b17da-7f12-43e6-b453-785c127a2e77
2019-08-31 22:32:46,258 [ForkJoinPool.commonPool-worker-0] INFO  impl.RoleInfo (RoleInfo.java:shutdownLeaderState(104)) - 094b17da-7f12-43e6-b453-785c127a2e77: shutdown LeaderState
2019-08-31 22:32:46,259 [ForkJoinPool.commonPool-worker-0] INFO  impl.PendingRequests (PendingRequests.java:sendNotLeaderResponses(202)) - 094b17da-7f12-43e6-b453-785c127a2e77-PendingRequests: sendNotLeaderResponses
2019-08-31 22:32:46,259 [ForkJoinPool.commonPool-worker-0] INFO  impl.StateMachineUpdater (StateMachineUpdater.java:stopAndJoin(115)) - StateMachineUpdater:094b17da-7f12-43e6-b453-785c127a2e77:group-40623F9BDB4E: set stopIndex = 0
2019-08-31 22:32:46,260 [ForkJoinPool.commonPool-worker-0] INFO  impl.RaftServerImpl (ServerState.java:close(394)) - 094b17da-7f12-43e6-b453-785c127a2e77:group-40623F9BDB4E closes. The last applied log index is 0
2019-08-31 22:32:46,260 [094b17da-7f12-43e6-b453-785c127a2e77-SegmentedRaftLogWorker:Storage Directory /workdir/hadoop-ozone/integration-test/target/test-dir/MiniOzoneClusterImpl-aaa18aea-9a54-4266-ac8a-f3420196151d/datanode-1/data/ratis/a7611a9e-76b2-411c-9231-40623f9bdb4e] INFO  segmented.SegmentedRaftLogWorker (SegmentedRaftLogWorker.java:run(313)) - 094b17da-7f12-43e6-b453-785c127a2e77-SegmentedRaftLogWorker:Storage Directory /workdir/hadoop-ozone/integration-test/target/test-dir/MiniOzoneClusterImpl-aaa18aea-9a54-4266-ac8a-f3420196151d/datanode-1/data/ratis/a7611a9e-76b2-411c-9231-40623f9bdb4e was interrupted, exiting. There are 0 tasks remaining in the queue.
2019-08-31 22:32:46,263 [ForkJoinPool.commonPool-worker-0] INFO  segmented.SegmentedRaftLogWorker (SegmentedRaftLogWorker.java:close(228)) - 094b17da-7f12-43e6-b453-785c127a2e77-SegmentedRaftLogWorker:Storage Directory /workdir/hadoop-ozone/integration-test/target/test-dir/MiniOzoneClusterImpl-aaa18aea-9a54-4266-ac8a-f3420196151d/datanode-1/data/ratis/a7611a9e-76b2-411c-9231-40623f9bdb4e close()
2019-08-31 22:32:46,268 [ForkJoinPool.commonPool-worker-0] INFO  server.GrpcService (GrpcService.java:closeImpl(155)) - 094b17da-7f12-43e6-b453-785c127a2e77: shutdown server with port 34303 now
2019-08-31 22:32:46,269 [grpc-default-executor-0] WARN  server.GrpcServerProtocolService (LogUtils.java:warn(134)) - 094b17da-7f12-43e6-b453-785c127a2e77: appendEntries onError: org.apache.ratis.thirdparty.io.grpc.StatusRuntimeException: CANCELLED: cancelled before receiving half close
2019-08-31 22:32:46,270 [ForkJoinPool.commonPool-worker-0] INFO  server.GrpcService (GrpcService.java:closeImpl(163)) - 094b17da-7f12-43e6-b453-785c127a2e77: shutdown server with port 34303 successfully
2019-08-31 22:32:46,272 [grpc-default-executor-6] WARN  server.GrpcLogAppender (LogUtils.java:warn(134)) - be9ed4ca-dce9-4f3d-9c6d-abd66b1838f6->094b17da-7f12-43e6-b453-785c127a2e77: Failed appendEntries: org.apache.ratis.thirdparty.io.grpc.StatusRuntimeException: CANCELLED: HTTP/2 error code: CANCEL
Received Rst Stream
2019-08-31 22:32:46,272 [grpc-default-executor-0] WARN  client.GrpcClientProtocolService (LogUtils.java:warn(134)) - 28-OrderedRequestStreamObserver28: onError: org.apache.ratis.thirdparty.io.grpc.StatusRuntimeException: CANCELLED: cancelled before receiving half close
2019-08-31 22:32:46,276 [grpc-default-executor-6] INFO  impl.FollowerInfo (FollowerInfo.java:lambda$new$0(50)) - be9ed4ca-dce9-4f3d-9c6d-abd66b1838f6->094b17da-7f12-43e6-b453-785c127a2e77: nextIndex: updateUnconditionally 9 -> 8
2019-08-31 22:32:46,281 [refreshUsed-/workdir/hadoop-ozone/integration-test/target/test-dir/MiniOzoneClusterImpl-aaa18aea-9a54-4266-ac8a-f3420196151d/datanode-1/data/containers] WARN  fs.CachingGetSpaceUsed (CachingGetSpaceUsed.java:run(183)) - Thread Interrupted waiting to refresh disk information: sleep interrupted
2019-08-31 22:32:46,292 [main] INFO  utils.BackgroundService (BackgroundService.java:shutdown(148)) - Shutting down service BlockDeletingService
2019-08-31 22:32:46,299 [main] INFO  statemachine.DatanodeStateMachine (DatanodeStateMachine.java:stopDaemon(395)) - Ozone container server stopped.
2019-08-31 22:32:46,300 [main] INFO  handler.ContextHandler (ContextHandler.java:doStop(910)) - Stopped o.e.j.w.WebAppContext@4c1d59cd{/,null,UNAVAILABLE}{/hddsDatanode}
2019-08-31 22:32:46,301 [main] INFO  server.AbstractConnector (AbstractConnector.java:doStop(318)) - Stopped ServerConnector@76cf841{HTTP/1.1,[http/1.1]}{0.0.0.0:0}
2019-08-31 22:32:46,302 [main] INFO  handler.ContextHandler (ContextHandler.java:doStop(910)) - Stopped o.e.j.s.ServletContextHandler@74834afd{/static,jar:file:/home/user/.m2/repository/org/apache/hadoop/hadoop-hdds-container-service/0.5.0-SNAPSHOT/hadoop-hdds-container-service-0.5.0-SNAPSHOT.jar!/webapps/static,UNAVAILABLE}
2019-08-31 22:32:46,302 [main] INFO  handler.ContextHandler (ContextHandler.java:doStop(910)) - Stopped o.e.j.s.ServletContextHandler@50ab56e2{/logs,file:///workdir/hadoop-ozone/integration-test/target/log,UNAVAILABLE}
2019-08-31 22:32:46,304 [ForkJoinPool.commonPool-worker-0] INFO  utils.BackgroundService (BackgroundService.java:shutdown(148)) - Shutting down service BlockDeletingService
2019-08-31 22:32:46,310 [ForkJoinPool.commonPool-worker-0] INFO  statemachine.DatanodeStateMachine (DatanodeStateMachine.java:stopDaemon(395)) - Ozone container server stopped.
2019-08-31 22:32:46,316 [ForkJoinPool.commonPool-worker-0] INFO  handler.ContextHandler (ContextHandler.java:doStop(910)) - Stopped o.e.j.w.WebAppContext@4d157493{/,null,UNAVAILABLE}{/hddsDatanode}
2019-08-31 22:32:46,317 [ForkJoinPool.commonPool-worker-0] INFO  server.AbstractConnector (AbstractConnector.java:doStop(318)) - Stopped ServerConnector@54c622a7{HTTP/1.1,[http/1.1]}{0.0.0.0:0}
2019-08-31 22:32:46,319 [ForkJoinPool.commonPool-worker-0] INFO  handler.ContextHandler (ContextHandler.java:doStop(910)) - Stopped o.e.j.s.ServletContextHandler@fe87ddd{/static,jar:file:/home/user/.m2/repository/org/apache/hadoop/hadoop-hdds-container-service/0.5.0-SNAPSHOT/hadoop-hdds-container-service-0.5.0-SNAPSHOT.jar!/webapps/static,UNAVAILABLE}
2019-08-31 22:32:46,321 [ForkJoinPool.commonPool-worker-0] INFO  handler.ContextHandler (ContextHandler.java:doStop(910)) - Stopped o.e.j.s.ServletContextHandler@79696332{/logs,file:///workdir/hadoop-ozone/integration-test/target/log,UNAVAILABLE}
2019-08-31 22:32:46,349 | INFO  | SCMAudit | user=jenkins1000 | ip=192.168.34.42 | op=SEND_HEARTBEAT {datanodeUUID=131506aa-e8d4-495f-9e31-6caa17857e33, command=[]} | ret=SUCCESS |  
2019-08-31 22:32:46,440 | INFO  | SCMAudit | user=jenkins1000 | ip=192.168.34.42 | op=SEND_HEARTBEAT {datanodeUUID=4a257c07-4fcc-43d2-8a6e-26fe808bf4d2, command=[]} | ret=SUCCESS |  
2019-08-31 22:32:47,104 [Datanode State Machine Thread - 0] INFO  statemachine.DatanodeStateMachine (DatanodeStateMachine.java:lambda$startDaemon$0(350)) - Ozone container server started.
2019-08-31 22:32:47,231 | INFO  | SCMAudit | user=jenkins1000 | ip=192.168.34.42 | op=SEND_HEARTBEAT {datanodeUUID=be9ed4ca-dce9-4f3d-9c6d-abd66b1838f6, command=[]} | ret=SUCCESS |  
2019-08-31 22:32:47,243 [Datanode State Machine Thread - 0] INFO  statemachine.DatanodeStateMachine (DatanodeStateMachine.java:lambda$startDaemon$0(350)) - Ozone container server started.
2019-08-31 22:32:47,350 | INFO  | SCMAudit | user=jenkins1000 | ip=192.168.34.42 | op=SEND_HEARTBEAT {datanodeUUID=131506aa-e8d4-495f-9e31-6caa17857e33, command=[]} | ret=SUCCESS |  
2019-08-31 22:32:47,441 | INFO  | SCMAudit | user=jenkins1000 | ip=192.168.34.42 | op=SEND_HEARTBEAT {datanodeUUID=4a257c07-4fcc-43d2-8a6e-26fe808bf4d2, command=[]} | ret=SUCCESS |  
2019-08-31 22:32:48,232 | INFO  | SCMAudit | user=jenkins1000 | ip=192.168.34.42 | op=SEND_HEARTBEAT {datanodeUUID=be9ed4ca-dce9-4f3d-9c6d-abd66b1838f6, command=[]} | ret=SUCCESS |  
2019-08-31 22:32:48,350 | INFO  | SCMAudit | user=jenkins1000 | ip=192.168.34.42 | op=SEND_HEARTBEAT {datanodeUUID=131506aa-e8d4-495f-9e31-6caa17857e33, command=[]} | ret=SUCCESS |  
2019-08-31 22:32:48,441 | INFO  | SCMAudit | user=jenkins1000 | ip=192.168.34.42 | op=SEND_HEARTBEAT {datanodeUUID=4a257c07-4fcc-43d2-8a6e-26fe808bf4d2, command=[]} | ret=SUCCESS |  
2019-08-31 22:32:48,592 [grpc-default-executor-5] WARN  server.GrpcLogAppender (LogUtils.java:warn(134)) - be9ed4ca-dce9-4f3d-9c6d-abd66b1838f6->094b17da-7f12-43e6-b453-785c127a2e77: Failed appendEntries: org.apache.ratis.thirdparty.io.grpc.StatusRuntimeException: UNAVAILABLE: io exception
2019-08-31 22:32:48,595 [grpc-default-executor-5] INFO  impl.FollowerInfo (FollowerInfo.java:lambda$new$0(50)) - be9ed4ca-dce9-4f3d-9c6d-abd66b1838f6->094b17da-7f12-43e6-b453-785c127a2e77: nextIndex: updateUnconditionally 8 -> 7
2019-08-31 22:32:49,232 | INFO  | SCMAudit | user=jenkins1000 | ip=192.168.34.42 | op=SEND_HEARTBEAT {datanodeUUID=be9ed4ca-dce9-4f3d-9c6d-abd66b1838f6, command=[]} | ret=SUCCESS |  
2019-08-31 22:32:49,350 | INFO  | SCMAudit | user=jenkins1000 | ip=192.168.34.42 | op=SEND_HEARTBEAT {datanodeUUID=131506aa-e8d4-495f-9e31-6caa17857e33, command=[]} | ret=SUCCESS |  
2019-08-31 22:32:49,441 | INFO  | SCMAudit | user=jenkins1000 | ip=192.168.34.42 | op=SEND_HEARTBEAT {datanodeUUID=4a257c07-4fcc-43d2-8a6e-26fe808bf4d2, command=[]} | ret=SUCCESS |  
2019-08-31 22:32:50,232 | INFO  | SCMAudit | user=jenkins1000 | ip=192.168.34.42 | op=SEND_HEARTBEAT {datanodeUUID=be9ed4ca-dce9-4f3d-9c6d-abd66b1838f6, command=[]} | ret=SUCCESS |  
2019-08-31 22:32:50,350 | INFO  | SCMAudit | user=jenkins1000 | ip=192.168.34.42 | op=SEND_HEARTBEAT {datanodeUUID=131506aa-e8d4-495f-9e31-6caa17857e33, command=[]} | ret=SUCCESS |  
2019-08-31 22:32:50,442 | INFO  | SCMAudit | user=jenkins1000 | ip=192.168.34.42 | op=SEND_HEARTBEAT {datanodeUUID=4a257c07-4fcc-43d2-8a6e-26fe808bf4d2, command=[]} | ret=SUCCESS |  
2019-08-31 22:32:51,092 [grpc-default-executor-0] WARN  server.GrpcLogAppender (LogUtils.java:warn(134)) - be9ed4ca-dce9-4f3d-9c6d-abd66b1838f6->094b17da-7f12-43e6-b453-785c127a2e77: Failed appendEntries: org.apache.ratis.thirdparty.io.grpc.StatusRuntimeException: UNAVAILABLE: io exception
2019-08-31 22:32:51,097 [grpc-default-executor-0] INFO  impl.FollowerInfo (FollowerInfo.java:lambda$new$0(50)) - be9ed4ca-dce9-4f3d-9c6d-abd66b1838f6->094b17da-7f12-43e6-b453-785c127a2e77: nextIndex: updateUnconditionally 7 -> 6
2019-08-31 22:32:51,232 | INFO  | SCMAudit | user=jenkins1000 | ip=192.168.34.42 | op=SEND_HEARTBEAT {datanodeUUID=be9ed4ca-dce9-4f3d-9c6d-abd66b1838f6, command=[]} | ret=SUCCESS |  
2019-08-31 22:32:51,304 [main] INFO  ozoneimpl.OzoneContainer (OzoneContainer.java:stop(215)) - Attempting to stop container services.
2019-08-31 22:32:51,304 [main] INFO  impl.RaftServerProxy (RaftServerProxy.java:lambda$close$4(314)) - 4f048490-ee80-4dd1-86ce-d63d571007b5: close
2019-08-31 22:32:51,305 [main] INFO  impl.RaftServerImpl (RaftServerImpl.java:lambda$shutdown$3(245)) - 4f048490-ee80-4dd1-86ce-d63d571007b5: shutdown group-7E4404A93EEE
2019-08-31 22:32:51,305 [main] INFO  util.JmxRegister (JmxRegister.java:unregister(73)) - Successfully un-registered JMX Bean with object name Ratis:service=RaftServer,group=group-7E4404A93EEE,id=4f048490-ee80-4dd1-86ce-d63d571007b5
2019-08-31 22:32:51,306 [main] INFO  impl.RoleInfo (RoleInfo.java:shutdownLeaderState(104)) - 4f048490-ee80-4dd1-86ce-d63d571007b5: shutdown LeaderState
2019-08-31 22:32:51,306 [main] INFO  impl.PendingRequests (PendingRequests.java:sendNotLeaderResponses(202)) - 4f048490-ee80-4dd1-86ce-d63d571007b5-PendingRequests: sendNotLeaderResponses
2019-08-31 22:32:51,307 [main] INFO  impl.StateMachineUpdater (StateMachineUpdater.java:stopAndJoin(115)) - StateMachineUpdater:4f048490-ee80-4dd1-86ce-d63d571007b5:group-7E4404A93EEE: set stopIndex = 0
2019-08-31 22:32:51,308 [main] INFO  impl.RaftServerImpl (ServerState.java:close(394)) - 4f048490-ee80-4dd1-86ce-d63d571007b5:group-7E4404A93EEE closes. The last applied log index is 0
2019-08-31 22:32:51,309 [4f048490-ee80-4dd1-86ce-d63d571007b5-SegmentedRaftLogWorker:Storage Directory /workdir/hadoop-ozone/integration-test/target/test-dir/MiniOzoneClusterImpl-aaa18aea-9a54-4266-ac8a-f3420196151d/datanode-3/data/ratis/7d0bcd6a-2647-441f-9d3a-7e4404a93eee] INFO  segmented.SegmentedRaftLogWorker (SegmentedRaftLogWorker.java:run(313)) - 4f048490-ee80-4dd1-86ce-d63d571007b5-SegmentedRaftLogWorker:Storage Directory /workdir/hadoop-ozone/integration-test/target/test-dir/MiniOzoneClusterImpl-aaa18aea-9a54-4266-ac8a-f3420196151d/datanode-3/data/ratis/7d0bcd6a-2647-441f-9d3a-7e4404a93eee was interrupted, exiting. There are 0 tasks remaining in the queue.
2019-08-31 22:32:51,312 [main] INFO  segmented.SegmentedRaftLogWorker (SegmentedRaftLogWorker.java:close(228)) - 4f048490-ee80-4dd1-86ce-d63d571007b5-SegmentedRaftLogWorker:Storage Directory /workdir/hadoop-ozone/integration-test/target/test-dir/MiniOzoneClusterImpl-aaa18aea-9a54-4266-ac8a-f3420196151d/datanode-3/data/ratis/7d0bcd6a-2647-441f-9d3a-7e4404a93eee close()
2019-08-31 22:32:51,325 [main] INFO  impl.RaftServerImpl (RaftServerImpl.java:lambda$shutdown$3(245)) - 4f048490-ee80-4dd1-86ce-d63d571007b5: shutdown group-91658440A578
2019-08-31 22:32:51,325 [ForkJoinPool.commonPool-worker-0] INFO  ozoneimpl.OzoneContainer (OzoneContainer.java:stop(215)) - Attempting to stop container services.
2019-08-31 22:32:51,325 [main] INFO  util.JmxRegister (JmxRegister.java:unregister(73)) - Successfully un-registered JMX Bean with object name Ratis:service=RaftServer,group=group-91658440A578,id=4f048490-ee80-4dd1-86ce-d63d571007b5
2019-08-31 22:32:51,326 [ForkJoinPool.commonPool-worker-0] INFO  impl.RaftServerProxy (RaftServerProxy.java:lambda$close$4(314)) - 78f9d08d-f53f-40cf-9f90-7f7c9603a942: close
2019-08-31 22:32:51,326 [main] INFO  impl.RoleInfo (RoleInfo.java:shutdownFollowerState(121)) - 4f048490-ee80-4dd1-86ce-d63d571007b5: shutdown FollowerState
2019-08-31 22:32:51,326 [ForkJoinPool.commonPool-worker-0] INFO  impl.RaftServerImpl (RaftServerImpl.java:lambda$shutdown$3(245)) - 78f9d08d-f53f-40cf-9f90-7f7c9603a942: shutdown group-4C248FA4CB11
2019-08-31 22:32:51,327 [Thread-823] INFO  impl.FollowerState (FollowerState.java:run(114)) - 4f048490-ee80-4dd1-86ce-d63d571007b5: FollowerState was interrupted: java.lang.InterruptedException: sleep interrupted
2019-08-31 22:32:51,326 [main] INFO  impl.StateMachineUpdater (StateMachineUpdater.java:stopAndJoin(115)) - StateMachineUpdater:4f048490-ee80-4dd1-86ce-d63d571007b5:group-91658440A578: set stopIndex = 8
2019-08-31 22:32:51,327 [ForkJoinPool.commonPool-worker-0] INFO  util.JmxRegister (JmxRegister.java:unregister(73)) - Successfully un-registered JMX Bean with object name Ratis:service=RaftServer,group=group-4C248FA4CB11,id=78f9d08d-f53f-40cf-9f90-7f7c9603a942
2019-08-31 22:32:51,330 [ForkJoinPool.commonPool-worker-0] INFO  impl.RoleInfo (RoleInfo.java:shutdownLeaderState(104)) - 78f9d08d-f53f-40cf-9f90-7f7c9603a942: shutdown LeaderState
2019-08-31 22:32:51,327 [StateMachineUpdater:4f048490-ee80-4dd1-86ce-d63d571007b5:group-91658440A578] INFO  ratis.ContainerStateMachine (ContainerStateMachine.java:takeSnapshot(284)) - group-91658440A578: Taking a snapshot at:(t:1, i:6) file /workdir/hadoop-ozone/integration-test/target/test-dir/MiniOzoneClusterImpl-aaa18aea-9a54-4266-ac8a-f3420196151d/datanode-3/data/ratis/82ef3a5b-cbcb-4051-a853-91658440a578/sm/snapshot.1_6
2019-08-31 22:32:51,330 [ForkJoinPool.commonPool-worker-0] INFO  impl.PendingRequests (PendingRequests.java:sendNotLeaderResponses(202)) - 78f9d08d-f53f-40cf-9f90-7f7c9603a942-PendingRequests: sendNotLeaderResponses
2019-08-31 22:32:51,331 [ForkJoinPool.commonPool-worker-0] INFO  impl.StateMachineUpdater (StateMachineUpdater.java:stopAndJoin(115)) - StateMachineUpdater:78f9d08d-f53f-40cf-9f90-7f7c9603a942:group-4C248FA4CB11: set stopIndex = 0
2019-08-31 22:32:51,331 [ForkJoinPool.commonPool-worker-0] INFO  impl.RaftServerImpl (ServerState.java:close(394)) - 78f9d08d-f53f-40cf-9f90-7f7c9603a942:group-4C248FA4CB11 closes. The last applied log index is 0
2019-08-31 22:32:51,331 [78f9d08d-f53f-40cf-9f90-7f7c9603a942-SegmentedRaftLogWorker:Storage Directory /workdir/hadoop-ozone/integration-test/target/test-dir/MiniOzoneClusterImpl-aaa18aea-9a54-4266-ac8a-f3420196151d/datanode-2/data/ratis/df7224d7-2330-4a1b-8e40-4c248fa4cb11] INFO  segmented.SegmentedRaftLogWorker (SegmentedRaftLogWorker.java:run(313)) - 78f9d08d-f53f-40cf-9f90-7f7c9603a942-SegmentedRaftLogWorker:Storage Directory /workdir/hadoop-ozone/integration-test/target/test-dir/MiniOzoneClusterImpl-aaa18aea-9a54-4266-ac8a-f3420196151d/datanode-2/data/ratis/df7224d7-2330-4a1b-8e40-4c248fa4cb11 was interrupted, exiting. There are 0 tasks remaining in the queue.
2019-08-31 22:32:51,341 [ForkJoinPool.commonPool-worker-0] INFO  segmented.SegmentedRaftLogWorker (SegmentedRaftLogWorker.java:close(228)) - 78f9d08d-f53f-40cf-9f90-7f7c9603a942-SegmentedRaftLogWorker:Storage Directory /workdir/hadoop-ozone/integration-test/target/test-dir/MiniOzoneClusterImpl-aaa18aea-9a54-4266-ac8a-f3420196151d/datanode-2/data/ratis/df7224d7-2330-4a1b-8e40-4c248fa4cb11 close()
2019-08-31 22:32:51,343 [StateMachineUpdater:4f048490-ee80-4dd1-86ce-d63d571007b5:group-91658440A578] INFO  ratis.ContainerStateMachine (ContainerStateMachine.java:takeSnapshot(295)) - group-91658440A578: Finished taking a snapshot at:(t:1, i:6) file:/workdir/hadoop-ozone/integration-test/target/test-dir/MiniOzoneClusterImpl-aaa18aea-9a54-4266-ac8a-f3420196151d/datanode-3/data/ratis/82ef3a5b-cbcb-4051-a853-91658440a578/sm/snapshot.1_6 time:17
2019-08-31 22:32:51,343 [ForkJoinPool.commonPool-worker-0] INFO  impl.RaftServerImpl (RaftServerImpl.java:lambda$shutdown$3(245)) - 78f9d08d-f53f-40cf-9f90-7f7c9603a942: shutdown group-3F692F425D9C
2019-08-31 22:32:51,344 [StateMachineUpdater:4f048490-ee80-4dd1-86ce-d63d571007b5:group-91658440A578] INFO  impl.StateMachineUpdater (StateMachineUpdater.java:takeSnapshot(242)) - StateMachineUpdater:4f048490-ee80-4dd1-86ce-d63d571007b5:group-91658440A578: Took a snapshot at index 6
2019-08-31 22:32:51,344 [ForkJoinPool.commonPool-worker-0] INFO  util.JmxRegister (JmxRegister.java:unregister(73)) - Successfully un-registered JMX Bean with object name Ratis:service=RaftServer,group=group-3F692F425D9C,id=78f9d08d-f53f-40cf-9f90-7f7c9603a942
2019-08-31 22:32:51,344 [StateMachineUpdater:4f048490-ee80-4dd1-86ce-d63d571007b5:group-91658440A578] INFO  impl.StateMachineUpdater (StateMachineUpdater.java:lambda$new$0(80)) - StateMachineUpdater:4f048490-ee80-4dd1-86ce-d63d571007b5:group-91658440A578: snapshotIndex: updateIncreasingly -1 -> 6
2019-08-31 22:32:51,344 [ForkJoinPool.commonPool-worker-0] INFO  impl.RoleInfo (RoleInfo.java:shutdownLeaderState(104)) - 78f9d08d-f53f-40cf-9f90-7f7c9603a942: shutdown LeaderState
2019-08-31 22:32:51,349 [ForkJoinPool.commonPool-worker-0] INFO  impl.PendingRequests (PendingRequests.java:sendNotLeaderResponses(202)) - 78f9d08d-f53f-40cf-9f90-7f7c9603a942-PendingRequests: sendNotLeaderResponses
2019-08-31 22:32:51,349 [org.apache.ratis.server.impl.LogAppender$AppenderDaemon$$Lambda$486/1608327610@2a09eb5f] WARN  server.GrpcLogAppender (GrpcLogAppender.java:mayWait(143)) - GrpcLogAppender(78f9d08d-f53f-40cf-9f90-7f7c9603a942->4a257c07-4fcc-43d2-8a6e-26fe808bf4d2): Wait interrupted by java.lang.InterruptedException
2019-08-31 22:32:51,349 [ForkJoinPool.commonPool-worker-0] INFO  impl.StateMachineUpdater (StateMachineUpdater.java:stopAndJoin(115)) - StateMachineUpdater:78f9d08d-f53f-40cf-9f90-7f7c9603a942:group-3F692F425D9C: set stopIndex = 0
2019-08-31 22:32:51,350 [ForkJoinPool.commonPool-worker-0] INFO  impl.RaftServerImpl (ServerState.java:close(394)) - 78f9d08d-f53f-40cf-9f90-7f7c9603a942:group-3F692F425D9C closes. The last applied log index is 0
2019-08-31 22:32:51,350 | INFO  | SCMAudit | user=jenkins1000 | ip=192.168.34.42 | op=SEND_HEARTBEAT {datanodeUUID=131506aa-e8d4-495f-9e31-6caa17857e33, command=[]} | ret=SUCCESS |  
2019-08-31 22:32:51,349 [org.apache.ratis.server.impl.LogAppender$AppenderDaemon$$Lambda$486/1608327610@6f0b707a] WARN  server.GrpcLogAppender (GrpcLogAppender.java:mayWait(143)) - GrpcLogAppender(78f9d08d-f53f-40cf-9f90-7f7c9603a942->131506aa-e8d4-495f-9e31-6caa17857e33): Wait interrupted by java.lang.InterruptedException
2019-08-31 22:32:51,349 [main] INFO  impl.RaftServerImpl (ServerState.java:close(394)) - 4f048490-ee80-4dd1-86ce-d63d571007b5:group-91658440A578 closes. The last applied log index is 8
2019-08-31 22:32:51,351 [grpc-default-executor-6] INFO  server.GrpcServerProtocolService (GrpcServerProtocolService.java:onCompleted(104)) - 131506aa-e8d4-495f-9e31-6caa17857e33: appendEntries completed
2019-08-31 22:32:51,350 [78f9d08d-f53f-40cf-9f90-7f7c9603a942-SegmentedRaftLogWorker:Storage Directory /workdir/hadoop-ozone/integration-test/target/test-dir/MiniOzoneClusterImpl-aaa18aea-9a54-4266-ac8a-f3420196151d/datanode-2/data/ratis/543c2b02-630f-46c9-b5f0-3f692f425d9c] INFO  segmented.SegmentedRaftLogWorker (SegmentedRaftLogWorker.java:run(313)) - 78f9d08d-f53f-40cf-9f90-7f7c9603a942-SegmentedRaftLogWorker:Storage Directory /workdir/hadoop-ozone/integration-test/target/test-dir/MiniOzoneClusterImpl-aaa18aea-9a54-4266-ac8a-f3420196151d/datanode-2/data/ratis/543c2b02-630f-46c9-b5f0-3f692f425d9c was interrupted, exiting. There are 0 tasks remaining in the queue.
2019-08-31 22:32:51,350 [grpc-default-executor-0] INFO  server.GrpcServerProtocolService (GrpcServerProtocolService.java:onCompleted(104)) - 4a257c07-4fcc-43d2-8a6e-26fe808bf4d2: appendEntries completed
2019-08-31 22:32:51,351 [4f048490-ee80-4dd1-86ce-d63d571007b5-SegmentedRaftLogWorker:Storage Directory /workdir/hadoop-ozone/integration-test/target/test-dir/MiniOzoneClusterImpl-aaa18aea-9a54-4266-ac8a-f3420196151d/datanode-3/data/ratis/82ef3a5b-cbcb-4051-a853-91658440a578] INFO  segmented.SegmentedRaftLogWorker (SegmentedRaftLogWorker.java:run(313)) - 4f048490-ee80-4dd1-86ce-d63d571007b5-SegmentedRaftLogWorker:Storage Directory /workdir/hadoop-ozone/integration-test/target/test-dir/MiniOzoneClusterImpl-aaa18aea-9a54-4266-ac8a-f3420196151d/datanode-3/data/ratis/82ef3a5b-cbcb-4051-a853-91658440a578 was interrupted, exiting. There are 0 tasks remaining in the queue.
2019-08-31 22:32:51,353 [grpc-default-executor-0] INFO  server.GrpcLogAppender (GrpcLogAppender.java:onCompleted(292)) - 78f9d08d-f53f-40cf-9f90-7f7c9603a942->131506aa-e8d4-495f-9e31-6caa17857e33: follower responses appendEntries COMPLETED
2019-08-31 22:32:51,353 [ForkJoinPool.commonPool-worker-0] INFO  segmented.SegmentedRaftLogWorker (SegmentedRaftLogWorker.java:close(228)) - 78f9d08d-f53f-40cf-9f90-7f7c9603a942-SegmentedRaftLogWorker:Storage Directory /workdir/hadoop-ozone/integration-test/target/test-dir/MiniOzoneClusterImpl-aaa18aea-9a54-4266-ac8a-f3420196151d/datanode-2/data/ratis/543c2b02-630f-46c9-b5f0-3f692f425d9c close()
2019-08-31 22:32:51,358 [grpc-default-executor-6] INFO  server.GrpcLogAppender (GrpcLogAppender.java:onCompleted(292)) - 78f9d08d-f53f-40cf-9f90-7f7c9603a942->4a257c07-4fcc-43d2-8a6e-26fe808bf4d2: follower responses appendEntries COMPLETED
2019-08-31 22:32:51,358 [grpc-default-executor-0] INFO  impl.FollowerInfo (FollowerInfo.java:lambda$new$0(50)) - 78f9d08d-f53f-40cf-9f90-7f7c9603a942->131506aa-e8d4-495f-9e31-6caa17857e33: nextIndex: updateUnconditionally 1 -> 0
2019-08-31 22:32:51,356 [main] INFO  segmented.SegmentedRaftLogWorker (SegmentedRaftLogWorker.java:close(228)) - 4f048490-ee80-4dd1-86ce-d63d571007b5-SegmentedRaftLogWorker:Storage Directory /workdir/hadoop-ozone/integration-test/target/test-dir/MiniOzoneClusterImpl-aaa18aea-9a54-4266-ac8a-f3420196151d/datanode-3/data/ratis/82ef3a5b-cbcb-4051-a853-91658440a578 close()
2019-08-31 22:32:51,363 [grpc-default-executor-6] INFO  impl.FollowerInfo (FollowerInfo.java:lambda$new$0(50)) - 78f9d08d-f53f-40cf-9f90-7f7c9603a942->4a257c07-4fcc-43d2-8a6e-26fe808bf4d2: nextIndex: updateUnconditionally 1 -> 0
2019-08-31 22:32:51,360 [ForkJoinPool.commonPool-worker-0] INFO  server.GrpcService (GrpcService.java:closeImpl(155)) - 78f9d08d-f53f-40cf-9f90-7f7c9603a942: shutdown server with port 36857 now
2019-08-31 22:32:51,366 [main] INFO  server.GrpcService (GrpcService.java:closeImpl(155)) - 4f048490-ee80-4dd1-86ce-d63d571007b5: shutdown server with port 37190 now
2019-08-31 22:32:51,371 [ForkJoinPool.commonPool-worker-0] INFO  server.GrpcService (GrpcService.java:closeImpl(163)) - 78f9d08d-f53f-40cf-9f90-7f7c9603a942: shutdown server with port 36857 successfully
2019-08-31 22:32:51,372 [grpc-default-executor-0] WARN  server.GrpcServerProtocolService (LogUtils.java:warn(134)) - 4f048490-ee80-4dd1-86ce-d63d571007b5: appendEntries onError: org.apache.ratis.thirdparty.io.grpc.StatusRuntimeException: CANCELLED: cancelled before receiving half close
2019-08-31 22:32:51,372 [main] INFO  server.GrpcService (GrpcService.java:closeImpl(163)) - 4f048490-ee80-4dd1-86ce-d63d571007b5: shutdown server with port 37190 successfully
2019-08-31 22:32:51,372 [grpc-default-executor-0] WARN  server.GrpcLogAppender (LogUtils.java:warn(134)) - be9ed4ca-dce9-4f3d-9c6d-abd66b1838f6->4f048490-ee80-4dd1-86ce-d63d571007b5: Failed appendEntries: org.apache.ratis.thirdparty.io.grpc.StatusRuntimeException: CANCELLED: HTTP/2 error code: CANCEL
Received Rst Stream
2019-08-31 22:32:51,375 [grpc-default-executor-0] INFO  impl.FollowerInfo (FollowerInfo.java:lambda$new$0(50)) - be9ed4ca-dce9-4f3d-9c6d-abd66b1838f6->4f048490-ee80-4dd1-86ce-d63d571007b5: nextIndex: updateUnconditionally 9 -> 8
2019-08-31 22:32:51,377 [refreshUsed-/workdir/hadoop-ozone/integration-test/target/test-dir/MiniOzoneClusterImpl-aaa18aea-9a54-4266-ac8a-f3420196151d/datanode-2/data/containers] WARN  fs.CachingGetSpaceUsed (CachingGetSpaceUsed.java:run(183)) - Thread Interrupted waiting to refresh disk information: sleep interrupted
2019-08-31 22:32:51,381 [refreshUsed-/workdir/hadoop-ozone/integration-test/target/test-dir/MiniOzoneClusterImpl-aaa18aea-9a54-4266-ac8a-f3420196151d/datanode-3/data/containers] WARN  fs.CachingGetSpaceUsed (CachingGetSpaceUsed.java:run(183)) - Thread Interrupted waiting to refresh disk information: sleep interrupted
2019-08-31 22:32:51,395 [ForkJoinPool.commonPool-worker-0] INFO  utils.BackgroundService (BackgroundService.java:shutdown(148)) - Shutting down service BlockDeletingService
2019-08-31 22:32:51,401 [ForkJoinPool.commonPool-worker-0] INFO  statemachine.DatanodeStateMachine (DatanodeStateMachine.java:stopDaemon(395)) - Ozone container server stopped.
2019-08-31 22:32:51,407 [ForkJoinPool.commonPool-worker-0] INFO  handler.ContextHandler (ContextHandler.java:doStop(910)) - Stopped o.e.j.w.WebAppContext@4ed5a1b0{/,null,UNAVAILABLE}{/hddsDatanode}
2019-08-31 22:32:51,407 [ForkJoinPool.commonPool-worker-0] INFO  server.AbstractConnector (AbstractConnector.java:doStop(318)) - Stopped ServerConnector@18d003cd{HTTP/1.1,[http/1.1]}{0.0.0.0:0}
2019-08-31 22:32:51,409 [ForkJoinPool.commonPool-worker-0] INFO  handler.ContextHandler (ContextHandler.java:doStop(910)) - Stopped o.e.j.s.ServletContextHandler@3e28fee1{/static,jar:file:/home/user/.m2/repository/org/apache/hadoop/hadoop-hdds-container-service/0.5.0-SNAPSHOT/hadoop-hdds-container-service-0.5.0-SNAPSHOT.jar!/webapps/static,UNAVAILABLE}
2019-08-31 22:32:51,411 [ForkJoinPool.commonPool-worker-0] INFO  handler.ContextHandler (ContextHandler.java:doStop(910)) - Stopped o.e.j.s.ServletContextHandler@4dac121d{/logs,file:///workdir/hadoop-ozone/integration-test/target/log,UNAVAILABLE}
2019-08-31 22:32:51,412 [main] INFO  utils.BackgroundService (BackgroundService.java:shutdown(148)) - Shutting down service BlockDeletingService
2019-08-31 22:32:51,418 [main] INFO  statemachine.DatanodeStateMachine (DatanodeStateMachine.java:stopDaemon(395)) - Ozone container server stopped.
2019-08-31 22:32:51,419 [main] INFO  handler.ContextHandler (ContextHandler.java:doStop(910)) - Stopped o.e.j.w.WebAppContext@4087c7fc{/,null,UNAVAILABLE}{/hddsDatanode}
2019-08-31 22:32:51,420 [main] INFO  server.AbstractConnector (AbstractConnector.java:doStop(318)) - Stopped ServerConnector@318c68d5{HTTP/1.1,[http/1.1]}{0.0.0.0:0}
2019-08-31 22:32:51,420 [main] INFO  handler.ContextHandler (ContextHandler.java:doStop(910)) - Stopped o.e.j.s.ServletContextHandler@62f11ebb{/static,jar:file:/home/user/.m2/repository/org/apache/hadoop/hadoop-hdds-container-service/0.5.0-SNAPSHOT/hadoop-hdds-container-service-0.5.0-SNAPSHOT.jar!/webapps/static,UNAVAILABLE}
2019-08-31 22:32:51,421 [main] INFO  handler.ContextHandler (ContextHandler.java:doStop(910)) - Stopped o.e.j.s.ServletContextHandler@4b432e53{/logs,file:///workdir/hadoop-ozone/integration-test/target/log,UNAVAILABLE}
2019-08-31 22:32:51,441 [Datanode State Machine Thread - 0] INFO  statemachine.DatanodeStateMachine (DatanodeStateMachine.java:lambda$startDaemon$0(350)) - Ozone container server started.
2019-08-31 22:32:52,232 [Datanode State Machine Thread - 0] INFO  statemachine.DatanodeStateMachine (DatanodeStateMachine.java:lambda$startDaemon$0(350)) - Ozone container server started.
2019-08-31 22:32:52,350 | INFO  | SCMAudit | user=jenkins1000 | ip=192.168.34.42 | op=SEND_HEARTBEAT {datanodeUUID=131506aa-e8d4-495f-9e31-6caa17857e33, command=[]} | ret=SUCCESS |  
2019-08-31 22:32:53,351 | INFO  | SCMAudit | user=jenkins1000 | ip=192.168.34.42 | op=SEND_HEARTBEAT {datanodeUUID=131506aa-e8d4-495f-9e31-6caa17857e33, command=[]} | ret=SUCCESS |  
2019-08-31 22:32:53,594 [grpc-default-executor-4] WARN  server.GrpcLogAppender (LogUtils.java:warn(134)) - be9ed4ca-dce9-4f3d-9c6d-abd66b1838f6->094b17da-7f12-43e6-b453-785c127a2e77: Failed appendEntries: org.apache.ratis.thirdparty.io.grpc.StatusRuntimeException: UNAVAILABLE: io exception
2019-08-31 22:32:53,596 [grpc-default-executor-4] INFO  impl.FollowerInfo (FollowerInfo.java:lambda$new$0(50)) - be9ed4ca-dce9-4f3d-9c6d-abd66b1838f6->094b17da-7f12-43e6-b453-785c127a2e77: nextIndex: updateUnconditionally 6 -> 5
2019-08-31 22:32:53,597 [grpc-default-executor-6] WARN  server.GrpcLogAppender (LogUtils.java:warn(134)) - be9ed4ca-dce9-4f3d-9c6d-abd66b1838f6->4f048490-ee80-4dd1-86ce-d63d571007b5: Failed appendEntries: org.apache.ratis.thirdparty.io.grpc.StatusRuntimeException: UNAVAILABLE: io exception
2019-08-31 22:32:53,599 [grpc-default-executor-6] INFO  impl.FollowerInfo (FollowerInfo.java:lambda$new$0(50)) - be9ed4ca-dce9-4f3d-9c6d-abd66b1838f6->4f048490-ee80-4dd1-86ce-d63d571007b5: nextIndex: updateUnconditionally 8 -> 7
2019-08-31 22:32:54,350 | INFO  | SCMAudit | user=jenkins1000 | ip=192.168.34.42 | op=SEND_HEARTBEAT {datanodeUUID=131506aa-e8d4-495f-9e31-6caa17857e33, command=[]} | ret=SUCCESS |  
2019-08-31 22:32:55,351 | INFO  | SCMAudit | user=jenkins1000 | ip=192.168.34.42 | op=SEND_HEARTBEAT {datanodeUUID=131506aa-e8d4-495f-9e31-6caa17857e33, command=[]} | ret=SUCCESS |  
2019-08-31 22:32:56,095 [grpc-default-executor-5] WARN  server.GrpcLogAppender (LogUtils.java:warn(134)) - be9ed4ca-dce9-4f3d-9c6d-abd66b1838f6->094b17da-7f12-43e6-b453-785c127a2e77: Failed appendEntries: org.apache.ratis.thirdparty.io.grpc.StatusRuntimeException: UNAVAILABLE: io exception
2019-08-31 22:32:56,097 [grpc-default-executor-5] INFO  impl.FollowerInfo (FollowerInfo.java:lambda$new$0(50)) - be9ed4ca-dce9-4f3d-9c6d-abd66b1838f6->094b17da-7f12-43e6-b453-785c127a2e77: nextIndex: updateUnconditionally 5 -> 4
2019-08-31 22:32:56,098 [grpc-default-executor-0] WARN  server.GrpcLogAppender (LogUtils.java:warn(134)) - be9ed4ca-dce9-4f3d-9c6d-abd66b1838f6->4f048490-ee80-4dd1-86ce-d63d571007b5: Failed appendEntries: org.apache.ratis.thirdparty.io.grpc.StatusRuntimeException: UNAVAILABLE: io exception
2019-08-31 22:32:56,103 [grpc-default-executor-0] INFO  impl.FollowerInfo (FollowerInfo.java:lambda$new$0(50)) - be9ed4ca-dce9-4f3d-9c6d-abd66b1838f6->4f048490-ee80-4dd1-86ce-d63d571007b5: nextIndex: updateUnconditionally 7 -> 6
2019-08-31 22:32:56,350 | INFO  | SCMAudit | user=jenkins1000 | ip=192.168.34.42 | op=SEND_HEARTBEAT {datanodeUUID=131506aa-e8d4-495f-9e31-6caa17857e33, command=[]} | ret=SUCCESS |  
2019-08-31 22:32:56,413 [ForkJoinPool.commonPool-worker-0] INFO  ozoneimpl.OzoneContainer (OzoneContainer.java:stop(215)) - Attempting to stop container services.
2019-08-31 22:32:56,414 [ForkJoinPool.commonPool-worker-0] INFO  impl.RaftServerProxy (RaftServerProxy.java:lambda$close$4(314)) - be9ed4ca-dce9-4f3d-9c6d-abd66b1838f6: close
2019-08-31 22:32:56,414 [ForkJoinPool.commonPool-worker-0] INFO  impl.RaftServerImpl (RaftServerImpl.java:lambda$shutdown$3(245)) - be9ed4ca-dce9-4f3d-9c6d-abd66b1838f6: shutdown group-91658440A578
2019-08-31 22:32:56,414 [ForkJoinPool.commonPool-worker-0] INFO  util.JmxRegister (JmxRegister.java:unregister(73)) - Successfully un-registered JMX Bean with object name Ratis:service=RaftServer,group=group-91658440A578,id=be9ed4ca-dce9-4f3d-9c6d-abd66b1838f6
2019-08-31 22:32:56,414 [ForkJoinPool.commonPool-worker-0] INFO  impl.RoleInfo (RoleInfo.java:shutdownLeaderState(104)) - be9ed4ca-dce9-4f3d-9c6d-abd66b1838f6: shutdown LeaderState
2019-08-31 22:32:56,417 [ForkJoinPool.commonPool-worker-0] INFO  impl.PendingRequests (PendingRequests.java:sendNotLeaderResponses(202)) - be9ed4ca-dce9-4f3d-9c6d-abd66b1838f6-PendingRequests: sendNotLeaderResponses
2019-08-31 22:32:56,418 [org.apache.ratis.server.impl.LogAppender$AppenderDaemon$$Lambda$486/1608327610@155a1be7] WARN  server.GrpcLogAppender (GrpcLogAppender.java:mayWait(143)) - GrpcLogAppender(be9ed4ca-dce9-4f3d-9c6d-abd66b1838f6->094b17da-7f12-43e6-b453-785c127a2e77): Wait interrupted by java.lang.InterruptedException
2019-08-31 22:32:56,417 [org.apache.ratis.server.impl.LogAppender$AppenderDaemon$$Lambda$486/1608327610@50589f88] WARN  server.GrpcLogAppender (GrpcLogAppender.java:mayWait(143)) - GrpcLogAppender(be9ed4ca-dce9-4f3d-9c6d-abd66b1838f6->4f048490-ee80-4dd1-86ce-d63d571007b5): Wait interrupted by java.lang.InterruptedException
2019-08-31 22:32:56,420 [ForkJoinPool.commonPool-worker-0] INFO  impl.StateMachineUpdater (StateMachineUpdater.java:stopAndJoin(115)) - StateMachineUpdater:be9ed4ca-dce9-4f3d-9c6d-abd66b1838f6:group-91658440A578: set stopIndex = 8
2019-08-31 22:32:56,421 [StateMachineUpdater:be9ed4ca-dce9-4f3d-9c6d-abd66b1838f6:group-91658440A578] INFO  ratis.ContainerStateMachine (ContainerStateMachine.java:takeSnapshot(284)) - group-91658440A578: Taking a snapshot at:(t:1, i:6) file /workdir/hadoop-ozone/integration-test/target/test-dir/MiniOzoneClusterImpl-aaa18aea-9a54-4266-ac8a-f3420196151d/datanode-0/data/ratis/82ef3a5b-cbcb-4051-a853-91658440a578/sm/snapshot.1_6
2019-08-31 22:32:56,422 [main] INFO  ozoneimpl.OzoneContainer (OzoneContainer.java:stop(215)) - Attempting to stop container services.
2019-08-31 22:32:56,423 [main] INFO  impl.RaftServerProxy (RaftServerProxy.java:lambda$close$4(314)) - 4a257c07-4fcc-43d2-8a6e-26fe808bf4d2: close
2019-08-31 22:32:56,423 [main] INFO  impl.RaftServerImpl (RaftServerImpl.java:lambda$shutdown$3(245)) - 4a257c07-4fcc-43d2-8a6e-26fe808bf4d2: shutdown group-9179DBB97B86
2019-08-31 22:32:56,424 [main] INFO  util.JmxRegister (JmxRegister.java:unregister(73)) - Successfully un-registered JMX Bean with object name Ratis:service=RaftServer,group=group-9179DBB97B86,id=4a257c07-4fcc-43d2-8a6e-26fe808bf4d2
2019-08-31 22:32:56,424 [main] INFO  impl.RoleInfo (RoleInfo.java:shutdownLeaderState(104)) - 4a257c07-4fcc-43d2-8a6e-26fe808bf4d2: shutdown LeaderState
2019-08-31 22:32:56,425 [main] INFO  impl.PendingRequests (PendingRequests.java:sendNotLeaderResponses(202)) - 4a257c07-4fcc-43d2-8a6e-26fe808bf4d2-PendingRequests: sendNotLeaderResponses
2019-08-31 22:32:56,425 [main] INFO  impl.StateMachineUpdater (StateMachineUpdater.java:stopAndJoin(115)) - StateMachineUpdater:4a257c07-4fcc-43d2-8a6e-26fe808bf4d2:group-9179DBB97B86: set stopIndex = 0
2019-08-31 22:32:56,425 [main] INFO  impl.RaftServerImpl (ServerState.java:close(394)) - 4a257c07-4fcc-43d2-8a6e-26fe808bf4d2:group-9179DBB97B86 closes. The last applied log index is 0
2019-08-31 22:32:56,426 [4a257c07-4fcc-43d2-8a6e-26fe808bf4d2-SegmentedRaftLogWorker:Storage Directory /workdir/hadoop-ozone/integration-test/target/test-dir/MiniOzoneClusterImpl-aaa18aea-9a54-4266-ac8a-f3420196151d/datanode-6/data/ratis/4695bb72-8398-43c6-ac9f-9179dbb97b86] INFO  segmented.SegmentedRaftLogWorker (SegmentedRaftLogWorker.java:run(313)) - 4a257c07-4fcc-43d2-8a6e-26fe808bf4d2-SegmentedRaftLogWorker:Storage Directory /workdir/hadoop-ozone/integration-test/target/test-dir/MiniOzoneClusterImpl-aaa18aea-9a54-4266-ac8a-f3420196151d/datanode-6/data/ratis/4695bb72-8398-43c6-ac9f-9179dbb97b86 was interrupted, exiting. There are 0 tasks remaining in the queue.
2019-08-31 22:32:56,440 [main] INFO  segmented.SegmentedRaftLogWorker (SegmentedRaftLogWorker.java:close(228)) - 4a257c07-4fcc-43d2-8a6e-26fe808bf4d2-SegmentedRaftLogWorker:Storage Directory /workdir/hadoop-ozone/integration-test/target/test-dir/MiniOzoneClusterImpl-aaa18aea-9a54-4266-ac8a-f3420196151d/datanode-6/data/ratis/4695bb72-8398-43c6-ac9f-9179dbb97b86 close()
2019-08-31 22:32:56,442 [main] INFO  impl.RaftServerImpl (RaftServerImpl.java:lambda$shutdown$3(245)) - 4a257c07-4fcc-43d2-8a6e-26fe808bf4d2: shutdown group-3F692F425D9C
2019-08-31 22:32:56,442 [StateMachineUpdater:be9ed4ca-dce9-4f3d-9c6d-abd66b1838f6:group-91658440A578] INFO  ratis.ContainerStateMachine (ContainerStateMachine.java:takeSnapshot(295)) - group-91658440A578: Finished taking a snapshot at:(t:1, i:6) file:/workdir/hadoop-ozone/integration-test/target/test-dir/MiniOzoneClusterImpl-aaa18aea-9a54-4266-ac8a-f3420196151d/datanode-0/data/ratis/82ef3a5b-cbcb-4051-a853-91658440a578/sm/snapshot.1_6 time:22
2019-08-31 22:32:56,443 [main] INFO  util.JmxRegister (JmxRegister.java:unregister(73)) - Successfully un-registered JMX Bean with object name Ratis:service=RaftServer,group=group-3F692F425D9C,id=4a257c07-4fcc-43d2-8a6e-26fe808bf4d2
2019-08-31 22:32:56,443 [main] INFO  impl.RoleInfo (RoleInfo.java:shutdownFollowerState(121)) - 4a257c07-4fcc-43d2-8a6e-26fe808bf4d2: shutdown FollowerState
2019-08-31 22:32:56,443 [StateMachineUpdater:be9ed4ca-dce9-4f3d-9c6d-abd66b1838f6:group-91658440A578] INFO  impl.StateMachineUpdater (StateMachineUpdater.java:takeSnapshot(242)) - StateMachineUpdater:be9ed4ca-dce9-4f3d-9c6d-abd66b1838f6:group-91658440A578: Took a snapshot at index 6
2019-08-31 22:32:56,443 [main] INFO  impl.StateMachineUpdater (StateMachineUpdater.java:stopAndJoin(115)) - StateMachineUpdater:4a257c07-4fcc-43d2-8a6e-26fe808bf4d2:group-3F692F425D9C: set stopIndex = 0
2019-08-31 22:32:56,444 [Thread-840] INFO  impl.FollowerState (FollowerState.java:run(114)) - 4a257c07-4fcc-43d2-8a6e-26fe808bf4d2: FollowerState was interrupted: java.lang.InterruptedException: sleep interrupted
2019-08-31 22:32:56,444 [StateMachineUpdater:be9ed4ca-dce9-4f3d-9c6d-abd66b1838f6:group-91658440A578] INFO  impl.StateMachineUpdater (StateMachineUpdater.java:lambda$new$0(80)) - StateMachineUpdater:be9ed4ca-dce9-4f3d-9c6d-abd66b1838f6:group-91658440A578: snapshotIndex: updateIncreasingly -1 -> 6
2019-08-31 22:32:56,444 [main] INFO  impl.RaftServerImpl (ServerState.java:close(394)) - 4a257c07-4fcc-43d2-8a6e-26fe808bf4d2:group-3F692F425D9C closes. The last applied log index is 0
2019-08-31 22:32:56,446 [ForkJoinPool.commonPool-worker-0] INFO  impl.RaftServerImpl (ServerState.java:close(394)) - be9ed4ca-dce9-4f3d-9c6d-abd66b1838f6:group-91658440A578 closes. The last applied log index is 8
2019-08-31 22:32:56,447 [4a257c07-4fcc-43d2-8a6e-26fe808bf4d2-SegmentedRaftLogWorker:Storage Directory /workdir/hadoop-ozone/integration-test/target/test-dir/MiniOzoneClusterImpl-aaa18aea-9a54-4266-ac8a-f3420196151d/datanode-6/data/ratis/543c2b02-630f-46c9-b5f0-3f692f425d9c] INFO  segmented.SegmentedRaftLogWorker (SegmentedRaftLogWorker.java:run(313)) - 4a257c07-4fcc-43d2-8a6e-26fe808bf4d2-SegmentedRaftLogWorker:Storage Directory /workdir/hadoop-ozone/integration-test/target/test-dir/MiniOzoneClusterImpl-aaa18aea-9a54-4266-ac8a-f3420196151d/datanode-6/data/ratis/543c2b02-630f-46c9-b5f0-3f692f425d9c was interrupted, exiting. There are 0 tasks remaining in the queue.
2019-08-31 22:32:56,447 [be9ed4ca-dce9-4f3d-9c6d-abd66b1838f6-SegmentedRaftLogWorker:Storage Directory /workdir/hadoop-ozone/integration-test/target/test-dir/MiniOzoneClusterImpl-aaa18aea-9a54-4266-ac8a-f3420196151d/datanode-0/data/ratis/82ef3a5b-cbcb-4051-a853-91658440a578] INFO  segmented.SegmentedRaftLogWorker (SegmentedRaftLogWorker.java:run(313)) - be9ed4ca-dce9-4f3d-9c6d-abd66b1838f6-SegmentedRaftLogWorker:Storage Directory /workdir/hadoop-ozone/integration-test/target/test-dir/MiniOzoneClusterImpl-aaa18aea-9a54-4266-ac8a-f3420196151d/datanode-0/data/ratis/82ef3a5b-cbcb-4051-a853-91658440a578 was interrupted, exiting. There are 0 tasks remaining in the queue.
2019-08-31 22:32:56,451 [ForkJoinPool.commonPool-worker-0] INFO  segmented.SegmentedRaftLogWorker (SegmentedRaftLogWorker.java:close(228)) - be9ed4ca-dce9-4f3d-9c6d-abd66b1838f6-SegmentedRaftLogWorker:Storage Directory /workdir/hadoop-ozone/integration-test/target/test-dir/MiniOzoneClusterImpl-aaa18aea-9a54-4266-ac8a-f3420196151d/datanode-0/data/ratis/82ef3a5b-cbcb-4051-a853-91658440a578 close()
2019-08-31 22:32:56,451 [main] INFO  segmented.SegmentedRaftLogWorker (SegmentedRaftLogWorker.java:close(228)) - 4a257c07-4fcc-43d2-8a6e-26fe808bf4d2-SegmentedRaftLogWorker:Storage Directory /workdir/hadoop-ozone/integration-test/target/test-dir/MiniOzoneClusterImpl-aaa18aea-9a54-4266-ac8a-f3420196151d/datanode-6/data/ratis/543c2b02-630f-46c9-b5f0-3f692f425d9c close()
2019-08-31 22:32:56,452 [ForkJoinPool.commonPool-worker-0] INFO  impl.RaftServerImpl (RaftServerImpl.java:lambda$shutdown$3(245)) - be9ed4ca-dce9-4f3d-9c6d-abd66b1838f6: shutdown group-AB9CAFFB67E9
2019-08-31 22:32:56,457 [main] INFO  server.GrpcService (GrpcService.java:closeImpl(155)) - 4a257c07-4fcc-43d2-8a6e-26fe808bf4d2: shutdown server with port 42364 now
2019-08-31 22:32:56,457 [ForkJoinPool.commonPool-worker-0] INFO  util.JmxRegister (JmxRegister.java:unregister(73)) - Successfully un-registered JMX Bean with object name Ratis:service=RaftServer,group=group-AB9CAFFB67E9,id=be9ed4ca-dce9-4f3d-9c6d-abd66b1838f6
2019-08-31 22:32:56,458 [ForkJoinPool.commonPool-worker-0] INFO  impl.RoleInfo (RoleInfo.java:shutdownLeaderState(104)) - be9ed4ca-dce9-4f3d-9c6d-abd66b1838f6: shutdown LeaderState
2019-08-31 22:32:56,458 [main] INFO  server.GrpcService (GrpcService.java:closeImpl(163)) - 4a257c07-4fcc-43d2-8a6e-26fe808bf4d2: shutdown server with port 42364 successfully
2019-08-31 22:32:56,458 [ForkJoinPool.commonPool-worker-0] INFO  impl.PendingRequests (PendingRequests.java:sendNotLeaderResponses(202)) - be9ed4ca-dce9-4f3d-9c6d-abd66b1838f6-PendingRequests: sendNotLeaderResponses
2019-08-31 22:32:56,459 [ForkJoinPool.commonPool-worker-0] INFO  impl.StateMachineUpdater (StateMachineUpdater.java:stopAndJoin(115)) - StateMachineUpdater:be9ed4ca-dce9-4f3d-9c6d-abd66b1838f6:group-AB9CAFFB67E9: set stopIndex = 0
2019-08-31 22:32:56,460 [ForkJoinPool.commonPool-worker-0] INFO  impl.RaftServerImpl (ServerState.java:close(394)) - be9ed4ca-dce9-4f3d-9c6d-abd66b1838f6:group-AB9CAFFB67E9 closes. The last applied log index is 0
2019-08-31 22:32:56,460 [be9ed4ca-dce9-4f3d-9c6d-abd66b1838f6-SegmentedRaftLogWorker:Storage Directory /workdir/hadoop-ozone/integration-test/target/test-dir/MiniOzoneClusterImpl-aaa18aea-9a54-4266-ac8a-f3420196151d/datanode-0/data/ratis/1d9a19ab-d7d5-4739-a6c6-ab9caffb67e9] INFO  segmented.SegmentedRaftLogWorker (SegmentedRaftLogWorker.java:run(313)) - be9ed4ca-dce9-4f3d-9c6d-abd66b1838f6-SegmentedRaftLogWorker:Storage Directory /workdir/hadoop-ozone/integration-test/target/test-dir/MiniOzoneClusterImpl-aaa18aea-9a54-4266-ac8a-f3420196151d/datanode-0/data/ratis/1d9a19ab-d7d5-4739-a6c6-ab9caffb67e9 was interrupted, exiting. There are 0 tasks remaining in the queue.
2019-08-31 22:32:56,461 [ForkJoinPool.commonPool-worker-0] INFO  segmented.SegmentedRaftLogWorker (SegmentedRaftLogWorker.java:close(228)) - be9ed4ca-dce9-4f3d-9c6d-abd66b1838f6-SegmentedRaftLogWorker:Storage Directory /workdir/hadoop-ozone/integration-test/target/test-dir/MiniOzoneClusterImpl-aaa18aea-9a54-4266-ac8a-f3420196151d/datanode-0/data/ratis/1d9a19ab-d7d5-4739-a6c6-ab9caffb67e9 close()
2019-08-31 22:32:56,461 [refreshUsed-/workdir/hadoop-ozone/integration-test/target/test-dir/MiniOzoneClusterImpl-aaa18aea-9a54-4266-ac8a-f3420196151d/datanode-6/data/containers] WARN  fs.CachingGetSpaceUsed (CachingGetSpaceUsed.java:run(183)) - Thread Interrupted waiting to refresh disk information: sleep interrupted
2019-08-31 22:32:56,461 [ForkJoinPool.commonPool-worker-0] INFO  server.GrpcService (GrpcService.java:closeImpl(155)) - be9ed4ca-dce9-4f3d-9c6d-abd66b1838f6: shutdown server with port 36394 now
2019-08-31 22:32:56,462 [ForkJoinPool.commonPool-worker-0] INFO  server.GrpcService (GrpcService.java:closeImpl(163)) - be9ed4ca-dce9-4f3d-9c6d-abd66b1838f6: shutdown server with port 36394 successfully
2019-08-31 22:32:56,465 [refreshUsed-/workdir/hadoop-ozone/integration-test/target/test-dir/MiniOzoneClusterImpl-aaa18aea-9a54-4266-ac8a-f3420196151d/datanode-0/data/containers] WARN  fs.CachingGetSpaceUsed (CachingGetSpaceUsed.java:run(183)) - Thread Interrupted waiting to refresh disk information: sleep interrupted
2019-08-31 22:32:56,480 [ForkJoinPool.commonPool-worker-0] INFO  utils.BackgroundService (BackgroundService.java:shutdown(148)) - Shutting down service BlockDeletingService
2019-08-31 22:32:56,480 [main] INFO  utils.BackgroundService (BackgroundService.java:shutdown(148)) - Shutting down service BlockDeletingService
2019-08-31 22:32:56,486 [main] INFO  statemachine.DatanodeStateMachine (DatanodeStateMachine.java:stopDaemon(395)) - Ozone container server stopped.
2019-08-31 22:32:56,487 [ForkJoinPool.commonPool-worker-0] INFO  statemachine.DatanodeStateMachine (DatanodeStateMachine.java:stopDaemon(395)) - Ozone container server stopped.
2019-08-31 22:32:56,490 [main] INFO  handler.ContextHandler (ContextHandler.java:doStop(910)) - Stopped o.e.j.w.WebAppContext@50b0afd7{/,null,UNAVAILABLE}{/hddsDatanode}
2019-08-31 22:32:56,490 [ForkJoinPool.commonPool-worker-0] INFO  handler.ContextHandler (ContextHandler.java:doStop(910)) - Stopped o.e.j.w.WebAppContext@7af52ec7{/,null,UNAVAILABLE}{/hddsDatanode}
2019-08-31 22:32:56,491 [main] INFO  server.AbstractConnector (AbstractConnector.java:doStop(318)) - Stopped ServerConnector@468173fa{HTTP/1.1,[http/1.1]}{0.0.0.0:0}
2019-08-31 22:32:56,491 [ForkJoinPool.commonPool-worker-0] INFO  server.AbstractConnector (AbstractConnector.java:doStop(318)) - Stopped ServerConnector@77c1e611{HTTP/1.1,[http/1.1]}{0.0.0.0:0}
2019-08-31 22:32:56,491 [main] INFO  handler.ContextHandler (ContextHandler.java:doStop(910)) - Stopped o.e.j.s.ServletContextHandler@5df63359{/static,jar:file:/home/user/.m2/repository/org/apache/hadoop/hadoop-hdds-container-service/0.5.0-SNAPSHOT/hadoop-hdds-container-service-0.5.0-SNAPSHOT.jar!/webapps/static,UNAVAILABLE}
2019-08-31 22:32:56,495 [ForkJoinPool.commonPool-worker-0] INFO  handler.ContextHandler (ContextHandler.java:doStop(910)) - Stopped o.e.j.s.ServletContextHandler@5649d11a{/static,jar:file:/home/user/.m2/repository/org/apache/hadoop/hadoop-hdds-container-service/0.5.0-SNAPSHOT/hadoop-hdds-container-service-0.5.0-SNAPSHOT.jar!/webapps/static,UNAVAILABLE}
2019-08-31 22:32:56,495 [main] INFO  handler.ContextHandler (ContextHandler.java:doStop(910)) - Stopped o.e.j.s.ServletContextHandler@11b32a14{/logs,file:///workdir/hadoop-ozone/integration-test/target/log,UNAVAILABLE}
2019-08-31 22:32:56,495 [ForkJoinPool.commonPool-worker-0] INFO  handler.ContextHandler (ContextHandler.java:doStop(910)) - Stopped o.e.j.s.ServletContextHandler@f0020b1{/logs,file:///workdir/hadoop-ozone/integration-test/target/log,UNAVAILABLE}
2019-08-31 22:32:57,350 [Datanode State Machine Thread - 0] INFO  statemachine.DatanodeStateMachine (DatanodeStateMachine.java:lambda$startDaemon$0(350)) - Ozone container server started.
2019-08-31 22:32:58,548 [Thread-822] INFO  impl.FollowerState (FollowerState.java:run(106)) - 131506aa-e8d4-495f-9e31-6caa17857e33:group-3F692F425D9C changes to CANDIDATE, lastRpcTime:7922, electionTimeout:5081ms
2019-08-31 22:32:58,548 [Thread-822] INFO  impl.RoleInfo (RoleInfo.java:shutdownFollowerState(121)) - 131506aa-e8d4-495f-9e31-6caa17857e33: shutdown FollowerState
2019-08-31 22:32:58,548 [Thread-822] INFO  impl.RaftServerImpl (RaftServerImpl.java:setRole(171)) - 131506aa-e8d4-495f-9e31-6caa17857e33:group-3F692F425D9C changes role from FOLLOWER to CANDIDATE at term 1 for changeToCandidate
2019-08-31 22:32:58,549 [Thread-822] INFO  impl.RoleInfo (RoleInfo.java:updateAndGet(143)) - 131506aa-e8d4-495f-9e31-6caa17857e33: start LeaderElection
2019-08-31 22:32:58,551 [131506aa-e8d4-495f-9e31-6caa17857e33:group-3F692F425D9C:LeaderElection29] INFO  impl.RaftServerImpl (ServerState.java:setLeader(263)) - 131506aa-e8d4-495f-9e31-6caa17857e33:group-3F692F425D9C change Leader from 78f9d08d-f53f-40cf-9f90-7f7c9603a942 to null at term 1 for initElection
2019-08-31 22:32:58,565 [131506aa-e8d4-495f-9e31-6caa17857e33:group-3F692F425D9C:LeaderElection29] INFO  impl.LeaderElection (LeaderElection.java:askForVotes(181)) - 131506aa-e8d4-495f-9e31-6caa17857e33:group-3F692F425D9C:LeaderElection29: begin an election at term 2 for 0: [78f9d08d-f53f-40cf-9f90-7f7c9603a942:192.168.34.42:36857, 4a257c07-4fcc-43d2-8a6e-26fe808bf4d2:192.168.34.42:42364, 131506aa-e8d4-495f-9e31-6caa17857e33:192.168.34.42:40715], old=null
2019-08-31 22:32:58,574 [131506aa-e8d4-495f-9e31-6caa17857e33:group-3F692F425D9C:LeaderElection29] INFO  impl.LeaderElection (LogUtils.java:infoOrTrace(149)) - 131506aa-e8d4-495f-9e31-6caa17857e33:group-3F692F425D9C:LeaderElection29 got exception when requesting votes: {}
java.util.concurrent.ExecutionException: org.apache.ratis.thirdparty.io.grpc.StatusRuntimeException: UNAVAILABLE: io exception
	at java.util.concurrent.FutureTask.report(FutureTask.java:122)
	at java.util.concurrent.FutureTask.get(FutureTask.java:192)
	at org.apache.ratis.server.impl.LeaderElection.waitForResults(LeaderElection.java:262)
	at org.apache.ratis.server.impl.LeaderElection.askForVotes(LeaderElection.java:200)
	at org.apache.ratis.server.impl.LeaderElection.run(LeaderElection.java:130)
	at java.lang.Thread.run(Thread.java:748)
Caused by: org.apache.ratis.thirdparty.io.grpc.StatusRuntimeException: UNAVAILABLE: io exception
	at org.apache.ratis.thirdparty.io.grpc.stub.ClientCalls.toStatusRuntimeException(ClientCalls.java:233)
	at org.apache.ratis.thirdparty.io.grpc.stub.ClientCalls.getUnchecked(ClientCalls.java:214)
	at org.apache.ratis.thirdparty.io.grpc.stub.ClientCalls.blockingUnaryCall(ClientCalls.java:139)
	at org.apache.ratis.proto.grpc.RaftServerProtocolServiceGrpc$RaftServerProtocolServiceBlockingStub.requestVote(RaftServerProtocolServiceGrpc.java:265)
	at org.apache.ratis.grpc.server.GrpcServerProtocolClient.requestVote(GrpcServerProtocolClient.java:83)
	at org.apache.ratis.grpc.server.GrpcService.requestVote(GrpcService.java:195)
	at org.apache.ratis.server.impl.LeaderElection.lambda$submitRequests$1(LeaderElection.java:237)
	at java.util.concurrent.FutureTask.run(FutureTask.java:266)
	at java.util.concurrent.Executors$RunnableAdapter.call(Executors.java:511)
	at java.util.concurrent.FutureTask.run(FutureTask.java:266)
	at java.util.concurrent.ThreadPoolExecutor.runWorker(ThreadPoolExecutor.java:1149)
	at java.util.concurrent.ThreadPoolExecutor$Worker.run(ThreadPoolExecutor.java:624)
	... 1 more
Caused by: org.apache.ratis.thirdparty.io.netty.channel.AbstractChannel$AnnotatedConnectException: Connection refused: /192.168.34.42:36857
	at sun.nio.ch.SocketChannelImpl.checkConnect(Native Method)
	at sun.nio.ch.SocketChannelImpl.finishConnect(SocketChannelImpl.java:717)
	at org.apache.ratis.thirdparty.io.netty.channel.socket.nio.NioSocketChannel.doFinishConnect(NioSocketChannel.java:327)
	at org.apache.ratis.thirdparty.io.netty.channel.nio.AbstractNioChannel$AbstractNioUnsafe.finishConnect(AbstractNioChannel.java:340)
	at org.apache.ratis.thirdparty.io.netty.channel.nio.NioEventLoop.processSelectedKey(NioEventLoop.java:632)
	at org.apache.ratis.thirdparty.io.netty.channel.nio.NioEventLoop.processSelectedKeysOptimized(NioEventLoop.java:579)
	at org.apache.ratis.thirdparty.io.netty.channel.nio.NioEventLoop.processSelectedKeys(NioEventLoop.java:496)
	at org.apache.ratis.thirdparty.io.netty.channel.nio.NioEventLoop.run(NioEventLoop.java:458)
	at org.apache.ratis.thirdparty.io.netty.util.concurrent.SingleThreadEventExecutor$5.run(SingleThreadEventExecutor.java:897)
	at org.apache.ratis.thirdparty.io.netty.util.concurrent.FastThreadLocalRunnable.run(FastThreadLocalRunnable.java:30)
	... 1 more
Caused by: java.net.ConnectException: Connection refused
	... 11 more
2019-08-31 22:32:58,576 [131506aa-e8d4-495f-9e31-6caa17857e33:group-3F692F425D9C:LeaderElection29] INFO  impl.LeaderElection (LogUtils.java:infoOrTrace(149)) - 131506aa-e8d4-495f-9e31-6caa17857e33:group-3F692F425D9C:LeaderElection29 got exception when requesting votes: {}
java.util.concurrent.ExecutionException: org.apache.ratis.thirdparty.io.grpc.StatusRuntimeException: UNAVAILABLE: io exception
	at java.util.concurrent.FutureTask.report(FutureTask.java:122)
	at java.util.concurrent.FutureTask.get(FutureTask.java:192)
	at org.apache.ratis.server.impl.LeaderElection.waitForResults(LeaderElection.java:262)
	at org.apache.ratis.server.impl.LeaderElection.askForVotes(LeaderElection.java:200)
	at org.apache.ratis.server.impl.LeaderElection.run(LeaderElection.java:130)
	at java.lang.Thread.run(Thread.java:748)
Caused by: org.apache.ratis.thirdparty.io.grpc.StatusRuntimeException: UNAVAILABLE: io exception
	at org.apache.ratis.thirdparty.io.grpc.stub.ClientCalls.toStatusRuntimeException(ClientCalls.java:233)
	at org.apache.ratis.thirdparty.io.grpc.stub.ClientCalls.getUnchecked(ClientCalls.java:214)
	at org.apache.ratis.thirdparty.io.grpc.stub.ClientCalls.blockingUnaryCall(ClientCalls.java:139)
	at org.apache.ratis.proto.grpc.RaftServerProtocolServiceGrpc$RaftServerProtocolServiceBlockingStub.requestVote(RaftServerProtocolServiceGrpc.java:265)
	at org.apache.ratis.grpc.server.GrpcServerProtocolClient.requestVote(GrpcServerProtocolClient.java:83)
	at org.apache.ratis.grpc.server.GrpcService.requestVote(GrpcService.java:195)
	at org.apache.ratis.server.impl.LeaderElection.lambda$submitRequests$1(LeaderElection.java:237)
	at java.util.concurrent.FutureTask.run(FutureTask.java:266)
	at java.util.concurrent.Executors$RunnableAdapter.call(Executors.java:511)
	at java.util.concurrent.FutureTask.run(FutureTask.java:266)
	at java.util.concurrent.ThreadPoolExecutor.runWorker(ThreadPoolExecutor.java:1149)
	at java.util.concurrent.ThreadPoolExecutor$Worker.run(ThreadPoolExecutor.java:624)
	... 1 more
Caused by: org.apache.ratis.thirdparty.io.netty.channel.AbstractChannel$AnnotatedConnectException: Connection refused: /192.168.34.42:42364
	at sun.nio.ch.SocketChannelImpl.checkConnect(Native Method)
	at sun.nio.ch.SocketChannelImpl.finishConnect(SocketChannelImpl.java:717)
	at org.apache.ratis.thirdparty.io.netty.channel.socket.nio.NioSocketChannel.doFinishConnect(NioSocketChannel.java:327)
	at org.apache.ratis.thirdparty.io.netty.channel.nio.AbstractNioChannel$AbstractNioUnsafe.finishConnect(AbstractNioChannel.java:340)
	at org.apache.ratis.thirdparty.io.netty.channel.nio.NioEventLoop.processSelectedKey(NioEventLoop.java:632)
	at org.apache.ratis.thirdparty.io.netty.channel.nio.NioEventLoop.processSelectedKeysOptimized(NioEventLoop.java:579)
	at org.apache.ratis.thirdparty.io.netty.channel.nio.NioEventLoop.processSelectedKeys(NioEventLoop.java:496)
	at org.apache.ratis.thirdparty.io.netty.channel.nio.NioEventLoop.run(NioEventLoop.java:458)
	at org.apache.ratis.thirdparty.io.netty.util.concurrent.SingleThreadEventExecutor$5.run(SingleThreadEventExecutor.java:897)
	at org.apache.ratis.thirdparty.io.netty.util.concurrent.FastThreadLocalRunnable.run(FastThreadLocalRunnable.java:30)
	... 1 more
Caused by: java.net.ConnectException: Connection refused
	... 11 more
2019-08-31 22:32:58,579 [131506aa-e8d4-495f-9e31-6caa17857e33:group-3F692F425D9C:LeaderElection29] INFO  impl.LeaderElection (LeaderElection.java:logAndReturn(56)) - 131506aa-e8d4-495f-9e31-6caa17857e33:group-3F692F425D9C:LeaderElection29: Election REJECTED; received 0 response(s) [] and 2 exception(s); 131506aa-e8d4-495f-9e31-6caa17857e33:t2, leader=null, voted=131506aa-e8d4-495f-9e31-6caa17857e33, raftlog=131506aa-e8d4-495f-9e31-6caa17857e33-SegmentedRaftLog:OPENED:c0,f0,i0, conf=0: [78f9d08d-f53f-40cf-9f90-7f7c9603a942:192.168.34.42:36857, 4a257c07-4fcc-43d2-8a6e-26fe808bf4d2:192.168.34.42:42364, 131506aa-e8d4-495f-9e31-6caa17857e33:192.168.34.42:40715], old=null
2019-08-31 22:32:58,579 [131506aa-e8d4-495f-9e31-6caa17857e33:group-3F692F425D9C:LeaderElection29] INFO  impl.LeaderElection (LogUtils.java:infoOrTrace(149)) -   Exception 0: {}
java.util.concurrent.ExecutionException: org.apache.ratis.thirdparty.io.grpc.StatusRuntimeException: UNAVAILABLE: io exception
	at java.util.concurrent.FutureTask.report(FutureTask.java:122)
	at java.util.concurrent.FutureTask.get(FutureTask.java:192)
	at org.apache.ratis.server.impl.LeaderElection.waitForResults(LeaderElection.java:262)
	at org.apache.ratis.server.impl.LeaderElection.askForVotes(LeaderElection.java:200)
	at org.apache.ratis.server.impl.LeaderElection.run(LeaderElection.java:130)
	at java.lang.Thread.run(Thread.java:748)
Caused by: org.apache.ratis.thirdparty.io.grpc.StatusRuntimeException: UNAVAILABLE: io exception
	at org.apache.ratis.thirdparty.io.grpc.stub.ClientCalls.toStatusRuntimeException(ClientCalls.java:233)
	at org.apache.ratis.thirdparty.io.grpc.stub.ClientCalls.getUnchecked(ClientCalls.java:214)
	at org.apache.ratis.thirdparty.io.grpc.stub.ClientCalls.blockingUnaryCall(ClientCalls.java:139)
	at org.apache.ratis.proto.grpc.RaftServerProtocolServiceGrpc$RaftServerProtocolServiceBlockingStub.requestVote(RaftServerProtocolServiceGrpc.java:265)
	at org.apache.ratis.grpc.server.GrpcServerProtocolClient.requestVote(GrpcServerProtocolClient.java:83)
	at org.apache.ratis.grpc.server.GrpcService.requestVote(GrpcService.java:195)
	at org.apache.ratis.server.impl.LeaderElection.lambda$submitRequests$1(LeaderElection.java:237)
	at java.util.concurrent.FutureTask.run(FutureTask.java:266)
	at java.util.concurrent.Executors$RunnableAdapter.call(Executors.java:511)
	at java.util.concurrent.FutureTask.run(FutureTask.java:266)
	at java.util.concurrent.ThreadPoolExecutor.runWorker(ThreadPoolExecutor.java:1149)
	at java.util.concurrent.ThreadPoolExecutor$Worker.run(ThreadPoolExecutor.java:624)
	... 1 more
Caused by: org.apache.ratis.thirdparty.io.netty.channel.AbstractChannel$AnnotatedConnectException: Connection refused: /192.168.34.42:36857
	at sun.nio.ch.SocketChannelImpl.checkConnect(Native Method)
	at sun.nio.ch.SocketChannelImpl.finishConnect(SocketChannelImpl.java:717)
	at org.apache.ratis.thirdparty.io.netty.channel.socket.nio.NioSocketChannel.doFinishConnect(NioSocketChannel.java:327)
	at org.apache.ratis.thirdparty.io.netty.channel.nio.AbstractNioChannel$AbstractNioUnsafe.finishConnect(AbstractNioChannel.java:340)
	at org.apache.ratis.thirdparty.io.netty.channel.nio.NioEventLoop.processSelectedKey(NioEventLoop.java:632)
	at org.apache.ratis.thirdparty.io.netty.channel.nio.NioEventLoop.processSelectedKeysOptimized(NioEventLoop.java:579)
	at org.apache.ratis.thirdparty.io.netty.channel.nio.NioEventLoop.processSelectedKeys(NioEventLoop.java:496)
	at org.apache.ratis.thirdparty.io.netty.channel.nio.NioEventLoop.run(NioEventLoop.java:458)
	at org.apache.ratis.thirdparty.io.netty.util.concurrent.SingleThreadEventExecutor$5.run(SingleThreadEventExecutor.java:897)
	at org.apache.ratis.thirdparty.io.netty.util.concurrent.FastThreadLocalRunnable.run(FastThreadLocalRunnable.java:30)
	... 1 more
Caused by: java.net.ConnectException: Connection refused
	... 11 more
2019-08-31 22:32:58,579 [131506aa-e8d4-495f-9e31-6caa17857e33:group-3F692F425D9C:LeaderElection29] INFO  impl.LeaderElection (LogUtils.java:infoOrTrace(149)) -   Exception 1: {}
java.util.concurrent.ExecutionException: org.apache.ratis.thirdparty.io.grpc.StatusRuntimeException: UNAVAILABLE: io exception
	at java.util.concurrent.FutureTask.report(FutureTask.java:122)
	at java.util.concurrent.FutureTask.get(FutureTask.java:192)
	at org.apache.ratis.server.impl.LeaderElection.waitForResults(LeaderElection.java:262)
	at org.apache.ratis.server.impl.LeaderElection.askForVotes(LeaderElection.java:200)
	at org.apache.ratis.server.impl.LeaderElection.run(LeaderElection.java:130)
	at java.lang.Thread.run(Thread.java:748)
Caused by: org.apache.ratis.thirdparty.io.grpc.StatusRuntimeException: UNAVAILABLE: io exception
	at org.apache.ratis.thirdparty.io.grpc.stub.ClientCalls.toStatusRuntimeException(ClientCalls.java:233)
	at org.apache.ratis.thirdparty.io.grpc.stub.ClientCalls.getUnchecked(ClientCalls.java:214)
	at org.apache.ratis.thirdparty.io.grpc.stub.ClientCalls.blockingUnaryCall(ClientCalls.java:139)
	at org.apache.ratis.proto.grpc.RaftServerProtocolServiceGrpc$RaftServerProtocolServiceBlockingStub.requestVote(RaftServerProtocolServiceGrpc.java:265)
	at org.apache.ratis.grpc.server.GrpcServerProtocolClient.requestVote(GrpcServerProtocolClient.java:83)
	at org.apache.ratis.grpc.server.GrpcService.requestVote(GrpcService.java:195)
	at org.apache.ratis.server.impl.LeaderElection.lambda$submitRequests$1(LeaderElection.java:237)
	at java.util.concurrent.FutureTask.run(FutureTask.java:266)
	at java.util.concurrent.Executors$RunnableAdapter.call(Executors.java:511)
	at java.util.concurrent.FutureTask.run(FutureTask.java:266)
	at java.util.concurrent.ThreadPoolExecutor.runWorker(ThreadPoolExecutor.java:1149)
	at java.util.concurrent.ThreadPoolExecutor$Worker.run(ThreadPoolExecutor.java:624)
	... 1 more
Caused by: org.apache.ratis.thirdparty.io.netty.channel.AbstractChannel$AnnotatedConnectException: Connection refused: /192.168.34.42:42364
	at sun.nio.ch.SocketChannelImpl.checkConnect(Native Method)
	at sun.nio.ch.SocketChannelImpl.finishConnect(SocketChannelImpl.java:717)
	at org.apache.ratis.thirdparty.io.netty.channel.socket.nio.NioSocketChannel.doFinishConnect(NioSocketChannel.java:327)
	at org.apache.ratis.thirdparty.io.netty.channel.nio.AbstractNioChannel$AbstractNioUnsafe.finishConnect(AbstractNioChannel.java:340)
	at org.apache.ratis.thirdparty.io.netty.channel.nio.NioEventLoop.processSelectedKey(NioEventLoop.java:632)
	at org.apache.ratis.thirdparty.io.netty.channel.nio.NioEventLoop.processSelectedKeysOptimized(NioEventLoop.java:579)
	at org.apache.ratis.thirdparty.io.netty.channel.nio.NioEventLoop.processSelectedKeys(NioEventLoop.java:496)
	at org.apache.ratis.thirdparty.io.netty.channel.nio.NioEventLoop.run(NioEventLoop.java:458)
	at org.apache.ratis.thirdparty.io.netty.util.concurrent.SingleThreadEventExecutor$5.run(SingleThreadEventExecutor.java:897)
	at org.apache.ratis.thirdparty.io.netty.util.concurrent.FastThreadLocalRunnable.run(FastThreadLocalRunnable.java:30)
	... 1 more
Caused by: java.net.ConnectException: Connection refused
	... 11 more
2019-08-31 22:32:58,579 [131506aa-e8d4-495f-9e31-6caa17857e33:group-3F692F425D9C:LeaderElection29] INFO  impl.RaftServerImpl (RaftServerImpl.java:setRole(171)) - 131506aa-e8d4-495f-9e31-6caa17857e33:group-3F692F425D9C changes role from CANDIDATE to FOLLOWER at term 2 for DISCOVERED_A_NEW_TERM
2019-08-31 22:32:58,580 [131506aa-e8d4-495f-9e31-6caa17857e33:group-3F692F425D9C:LeaderElection29] INFO  impl.RoleInfo (RoleInfo.java:shutdownLeaderElection(134)) - 131506aa-e8d4-495f-9e31-6caa17857e33: shutdown LeaderElection
2019-08-31 22:32:58,580 [131506aa-e8d4-495f-9e31-6caa17857e33:group-3F692F425D9C:LeaderElection29] INFO  impl.RoleInfo (RoleInfo.java:updateAndGet(143)) - 131506aa-e8d4-495f-9e31-6caa17857e33: start FollowerState
2019-08-31 22:33:01,497 [ForkJoinPool.commonPool-worker-0] INFO  ozoneimpl.OzoneContainer (OzoneContainer.java:stop(215)) - Attempting to stop container services.
2019-08-31 22:33:01,498 [ForkJoinPool.commonPool-worker-0] INFO  impl.RaftServerProxy (RaftServerProxy.java:lambda$close$4(314)) - 131506aa-e8d4-495f-9e31-6caa17857e33: close
2019-08-31 22:33:01,498 [ForkJoinPool.commonPool-worker-0] INFO  impl.RaftServerImpl (RaftServerImpl.java:lambda$shutdown$3(245)) - 131506aa-e8d4-495f-9e31-6caa17857e33: shutdown group-25D3E6F8B062
2019-08-31 22:33:01,498 [ForkJoinPool.commonPool-worker-0] INFO  util.JmxRegister (JmxRegister.java:unregister(73)) - Successfully un-registered JMX Bean with object name Ratis:service=RaftServer,group=group-25D3E6F8B062,id=131506aa-e8d4-495f-9e31-6caa17857e33
2019-08-31 22:33:01,499 [ForkJoinPool.commonPool-worker-0] INFO  impl.RoleInfo (RoleInfo.java:shutdownLeaderState(104)) - 131506aa-e8d4-495f-9e31-6caa17857e33: shutdown LeaderState
2019-08-31 22:33:01,499 [ForkJoinPool.commonPool-worker-0] INFO  impl.PendingRequests (PendingRequests.java:sendNotLeaderResponses(202)) - 131506aa-e8d4-495f-9e31-6caa17857e33-PendingRequests: sendNotLeaderResponses
2019-08-31 22:33:01,499 [ForkJoinPool.commonPool-worker-0] INFO  impl.StateMachineUpdater (StateMachineUpdater.java:stopAndJoin(115)) - StateMachineUpdater:131506aa-e8d4-495f-9e31-6caa17857e33:group-25D3E6F8B062: set stopIndex = 0
2019-08-31 22:33:01,500 [ForkJoinPool.commonPool-worker-0] INFO  impl.RaftServerImpl (ServerState.java:close(394)) - 131506aa-e8d4-495f-9e31-6caa17857e33:group-25D3E6F8B062 closes. The last applied log index is 0
2019-08-31 22:33:01,500 [131506aa-e8d4-495f-9e31-6caa17857e33-SegmentedRaftLogWorker:Storage Directory /workdir/hadoop-ozone/integration-test/target/test-dir/MiniOzoneClusterImpl-aaa18aea-9a54-4266-ac8a-f3420196151d/datanode-5/data/ratis/71108bd3-a0d9-4475-8e43-25d3e6f8b062] INFO  segmented.SegmentedRaftLogWorker (SegmentedRaftLogWorker.java:run(313)) - 131506aa-e8d4-495f-9e31-6caa17857e33-SegmentedRaftLogWorker:Storage Directory /workdir/hadoop-ozone/integration-test/target/test-dir/MiniOzoneClusterImpl-aaa18aea-9a54-4266-ac8a-f3420196151d/datanode-5/data/ratis/71108bd3-a0d9-4475-8e43-25d3e6f8b062 was interrupted, exiting. There are 0 tasks remaining in the queue.
2019-08-31 22:33:01,501 [ForkJoinPool.commonPool-worker-0] INFO  segmented.SegmentedRaftLogWorker (SegmentedRaftLogWorker.java:close(228)) - 131506aa-e8d4-495f-9e31-6caa17857e33-SegmentedRaftLogWorker:Storage Directory /workdir/hadoop-ozone/integration-test/target/test-dir/MiniOzoneClusterImpl-aaa18aea-9a54-4266-ac8a-f3420196151d/datanode-5/data/ratis/71108bd3-a0d9-4475-8e43-25d3e6f8b062 close()
2019-08-31 22:33:01,501 [ForkJoinPool.commonPool-worker-0] INFO  impl.RaftServerImpl (RaftServerImpl.java:lambda$shutdown$3(245)) - 131506aa-e8d4-495f-9e31-6caa17857e33: shutdown group-3F692F425D9C
2019-08-31 22:33:01,501 [ForkJoinPool.commonPool-worker-0] INFO  util.JmxRegister (JmxRegister.java:unregister(73)) - Successfully un-registered JMX Bean with object name Ratis:service=RaftServer,group=group-3F692F425D9C,id=131506aa-e8d4-495f-9e31-6caa17857e33
2019-08-31 22:33:01,502 [ForkJoinPool.commonPool-worker-0] INFO  impl.RoleInfo (RoleInfo.java:shutdownFollowerState(121)) - 131506aa-e8d4-495f-9e31-6caa17857e33: shutdown FollowerState
2019-08-31 22:33:01,502 [ForkJoinPool.commonPool-worker-0] INFO  impl.StateMachineUpdater (StateMachineUpdater.java:stopAndJoin(115)) - StateMachineUpdater:131506aa-e8d4-495f-9e31-6caa17857e33:group-3F692F425D9C: set stopIndex = 0
2019-08-31 22:33:01,502 [Thread-1782] INFO  impl.FollowerState (FollowerState.java:run(114)) - 131506aa-e8d4-495f-9e31-6caa17857e33: FollowerState was interrupted: java.lang.InterruptedException: sleep interrupted
2019-08-31 22:33:01,502 [ForkJoinPool.commonPool-worker-0] INFO  impl.RaftServerImpl (ServerState.java:close(394)) - 131506aa-e8d4-495f-9e31-6caa17857e33:group-3F692F425D9C closes. The last applied log index is 0
2019-08-31 22:33:01,507 [131506aa-e8d4-495f-9e31-6caa17857e33-SegmentedRaftLogWorker:Storage Directory /workdir/hadoop-ozone/integration-test/target/test-dir/MiniOzoneClusterImpl-aaa18aea-9a54-4266-ac8a-f3420196151d/datanode-5/data/ratis/543c2b02-630f-46c9-b5f0-3f692f425d9c] INFO  segmented.SegmentedRaftLogWorker (SegmentedRaftLogWorker.java:run(313)) - 131506aa-e8d4-495f-9e31-6caa17857e33-SegmentedRaftLogWorker:Storage Directory /workdir/hadoop-ozone/integration-test/target/test-dir/MiniOzoneClusterImpl-aaa18aea-9a54-4266-ac8a-f3420196151d/datanode-5/data/ratis/543c2b02-630f-46c9-b5f0-3f692f425d9c was interrupted, exiting. There are 0 tasks remaining in the queue.
2019-08-31 22:33:01,507 [ForkJoinPool.commonPool-worker-0] INFO  segmented.SegmentedRaftLogWorker (SegmentedRaftLogWorker.java:close(228)) - 131506aa-e8d4-495f-9e31-6caa17857e33-SegmentedRaftLogWorker:Storage Directory /workdir/hadoop-ozone/integration-test/target/test-dir/MiniOzoneClusterImpl-aaa18aea-9a54-4266-ac8a-f3420196151d/datanode-5/data/ratis/543c2b02-630f-46c9-b5f0-3f692f425d9c close()
2019-08-31 22:33:01,507 [ForkJoinPool.commonPool-worker-0] INFO  server.GrpcService (GrpcService.java:closeImpl(155)) - 131506aa-e8d4-495f-9e31-6caa17857e33: shutdown server with port 40715 now
2019-08-31 22:33:01,510 [ForkJoinPool.commonPool-worker-0] INFO  server.GrpcService (GrpcService.java:closeImpl(163)) - 131506aa-e8d4-495f-9e31-6caa17857e33: shutdown server with port 40715 successfully
2019-08-31 22:33:01,512 [refreshUsed-/workdir/hadoop-ozone/integration-test/target/test-dir/MiniOzoneClusterImpl-aaa18aea-9a54-4266-ac8a-f3420196151d/datanode-5/data/containers] WARN  fs.CachingGetSpaceUsed (CachingGetSpaceUsed.java:run(183)) - Thread Interrupted waiting to refresh disk information: sleep interrupted
2019-08-31 22:33:01,530 [ForkJoinPool.commonPool-worker-0] INFO  utils.BackgroundService (BackgroundService.java:shutdown(148)) - Shutting down service BlockDeletingService
2019-08-31 22:33:01,533 [ForkJoinPool.commonPool-worker-0] INFO  statemachine.DatanodeStateMachine (DatanodeStateMachine.java:stopDaemon(395)) - Ozone container server stopped.
2019-08-31 22:33:01,535 [ForkJoinPool.commonPool-worker-0] INFO  handler.ContextHandler (ContextHandler.java:doStop(910)) - Stopped o.e.j.w.WebAppContext@6963b88c{/,null,UNAVAILABLE}{/hddsDatanode}
2019-08-31 22:33:01,536 [ForkJoinPool.commonPool-worker-0] INFO  server.AbstractConnector (AbstractConnector.java:doStop(318)) - Stopped ServerConnector@ab24484{HTTP/1.1,[http/1.1]}{0.0.0.0:0}
2019-08-31 22:33:01,536 [ForkJoinPool.commonPool-worker-0] INFO  handler.ContextHandler (ContextHandler.java:doStop(910)) - Stopped o.e.j.s.ServletContextHandler@3fcee3d9{/static,jar:file:/home/user/.m2/repository/org/apache/hadoop/hadoop-hdds-container-service/0.5.0-SNAPSHOT/hadoop-hdds-container-service-0.5.0-SNAPSHOT.jar!/webapps/static,UNAVAILABLE}
2019-08-31 22:33:01,536 [ForkJoinPool.commonPool-worker-0] INFO  handler.ContextHandler (ContextHandler.java:doStop(910)) - Stopped o.e.j.s.ServletContextHandler@287ae90c{/logs,file:///workdir/hadoop-ozone/integration-test/target/log,UNAVAILABLE}
2019-08-31 22:33:01,538 [main] INFO  ozone.MiniOzoneClusterImpl (MiniOzoneClusterImpl.java:stop(339)) - Stopping the StorageContainerManager
2019-08-31 22:33:01,538 [main] INFO  server.StorageContainerManager (StorageContainerManager.java:stop(797)) - Stopping Replication Manager Service.
2019-08-31 22:33:01,538 [main] INFO  container.ReplicationManager (ReplicationManager.java:stop(203)) - Stopping Replication Monitor Thread.
2019-08-31 22:33:01,538 [main] INFO  server.StorageContainerManager (StorageContainerManager.java:stop(804)) - Stopping Lease Manager of the command watchers
2019-08-31 22:33:01,538 [main] INFO  server.StorageContainerManager (StorageContainerManager.java:stop(811)) - Stopping datanode service RPC server
2019-08-31 22:33:01,539 [main] INFO  server.SCMDatanodeProtocolServer (SCMDatanodeProtocolServer.java:stop(367)) - Stopping the RPC server for DataNodes
2019-08-31 22:33:01,539 [main] INFO  ipc.Server (Server.java:stop(3082)) - Stopping server on 43175
2019-08-31 22:33:01,541 [IPC Server listener on 43175] INFO  ipc.Server (Server.java:run(1185)) - Stopping IPC Server listener on 43175
2019-08-31 22:33:01,542 [IPC Server Responder] INFO  ipc.Server (Server.java:run(1319)) - Stopping IPC Server Responder
2019-08-31 22:33:01,639 [SCM Heartbeat Processing Thread - 0] WARN  node.NodeStateManager (NodeStateManager.java:scheduleNextHealthCheck(646)) - Current Thread is interrupted, shutting down HB processing thread for Node Manager.
2019-08-31 22:33:01,639 [main] INFO  server.StorageContainerManager (StorageContainerManager.java:stop(819)) - Stopping block service RPC server
2019-08-31 22:33:01,639 [main] INFO  server.SCMBlockProtocolServer (SCMBlockProtocolServer.java:stop(155)) - Stopping the RPC server for Block Protocol
2019-08-31 22:33:01,640 [main] INFO  ipc.Server (Server.java:stop(3082)) - Stopping server on 41110
2019-08-31 22:33:01,642 [IPC Server listener on 41110] INFO  ipc.Server (Server.java:run(1185)) - Stopping IPC Server listener on 41110
2019-08-31 22:33:01,642 [main] INFO  server.StorageContainerManager (StorageContainerManager.java:stop(826)) - Stopping the StorageContainerLocationProtocol RPC server
2019-08-31 22:33:01,643 [IPC Server Responder] INFO  ipc.Server (Server.java:run(1319)) - Stopping IPC Server Responder
2019-08-31 22:33:01,643 [main] INFO  server.SCMClientProtocolServer (SCMClientProtocolServer.java:stop(159)) - Stopping the RPC server for Client Protocol
2019-08-31 22:33:01,644 [main] INFO  ipc.Server (Server.java:stop(3082)) - Stopping server on 32884
2019-08-31 22:33:01,646 [IPC Server listener on 32884] INFO  ipc.Server (Server.java:run(1185)) - Stopping IPC Server listener on 32884
2019-08-31 22:33:01,646 [main] INFO  server.StorageContainerManager (StorageContainerManager.java:stop(833)) - Stopping Storage Container Manager HTTP server.
2019-08-31 22:33:01,646 [IPC Server Responder] INFO  ipc.Server (Server.java:run(1319)) - Stopping IPC Server Responder
2019-08-31 22:33:01,648 [main] INFO  handler.ContextHandler (ContextHandler.java:doStop(910)) - Stopped o.e.j.w.WebAppContext@4f654cee{/,null,UNAVAILABLE}{/scm}
2019-08-31 22:33:01,649 [main] INFO  server.AbstractConnector (AbstractConnector.java:doStop(318)) - Stopped ServerConnector@3e1fd62b{HTTP/1.1,[http/1.1]}{0.0.0.0:0}
2019-08-31 22:33:01,649 [main] INFO  handler.ContextHandler (ContextHandler.java:doStop(910)) - Stopped o.e.j.s.ServletContextHandler@68f6e55d{/static,file:///workdir/hadoop-ozone/integration-test/target/test-classes/webapps/static,UNAVAILABLE}
2019-08-31 22:33:01,649 [main] INFO  handler.ContextHandler (ContextHandler.java:doStop(910)) - Stopped o.e.j.s.ServletContextHandler@20eaeaf8{/logs,file:///workdir/hadoop-ozone/integration-test/target/log,UNAVAILABLE}
2019-08-31 22:33:01,650 [main] INFO  server.StorageContainerManager (StorageContainerManager.java:stop(844)) - Stopping Block Manager Service.
2019-08-31 22:33:01,650 [main] INFO  utils.BackgroundService (BackgroundService.java:shutdown(148)) - Shutting down service SCMBlockDeletingService
2019-08-31 22:33:01,651 [main] INFO  utils.BackgroundService (BackgroundService.java:shutdown(148)) - Shutting down service SCMBlockDeletingService
2019-08-31 22:33:01,651 [main] INFO  server.StorageContainerManager (StorageContainerManager.java:stop(866)) - Stopping SCM Event Queue.
2019-08-31 22:33:01,655 [main] INFO  impl.MetricsSystemImpl (MetricsSystemImpl.java:stop(210)) - Stopping HddsDatanode metrics system...
2019-08-31 22:33:01,661 [main] INFO  impl.MetricsSystemImpl (MetricsSystemImpl.java:stop(216)) - HddsDatanode metrics system stopped.
]]></system-out>
  </testcase>
</testsuite>