<?xml version="1.0" encoding="UTF-8"?>
<testsuite xmlns:xsi="http://www.w3.org/2001/XMLSchema-instance" xsi:noNamespaceSchemaLocation="https://maven.apache.org/surefire/maven-surefire-plugin/xsd/surefire-test-report.xsd" name="org.apache.hadoop.ozone.client.rpc.TestCommitWatcher" time="48.391" tests="2" errors="0" skipped="0" failures="1">
  <properties>
    <property name="awt.toolkit" value="sun.awt.X11.XToolkit"/>
    <property name="file.encoding.pkg" value="sun.io"/>
    <property name="java.specification.version" value="1.8"/>
    <property name="sun.cpu.isalist" value=""/>
    <property name="sun.jnu.encoding" value="UTF-8"/>
    <property name="java.class.path" value="/workdir/hadoop-ozone/integration-test/target/test-classes:/workdir/hadoop-ozone/integration-test/target/classes:/home/user/.m2/repository/org/apache/hadoop/hadoop-ozone-common/0.5.0-SNAPSHOT/hadoop-ozone-common-0.5.0-SNAPSHOT.jar:/home/user/.m2/repository/org/apache/commons/commons-compress/1.4.1/commons-compress-1.4.1.jar:/home/user/.m2/repository/org/tukaani/xz/1.0/xz-1.0.jar:/home/user/.m2/repository/org/apache/hadoop/hadoop-common/3.2.0/hadoop-common-3.2.0.jar:/home/user/.m2/repository/org/apache/hadoop/hadoop-hdfs/3.2.0/hadoop-hdfs-3.2.0.jar:/home/user/.m2/repository/org/apache/hadoop/hadoop-hdfs-client/3.2.0/hadoop-hdfs-client-3.2.0.jar:/home/user/.m2/repository/com/fasterxml/jackson/core/jackson-annotations/2.9.5/jackson-annotations-2.9.5.jar:/home/user/.m2/repository/org/apache/hadoop/hadoop-hdds-common/0.5.0-SNAPSHOT/hadoop-hdds-common-0.5.0-SNAPSHOT.jar:/home/user/.m2/repository/javax/annotation/javax.annotation-api/1.2/javax.annotation-api-1.2.jar:/home/user/.m2/repository/org/apache/ratis/ratis-server/0.4.0-2337318-SNAPSHOT/ratis-server-0.4.0-2337318-SNAPSHOT.jar:/home/user/.m2/repository/org/apache/ratis/ratis-thirdparty-misc/0.2.0/ratis-thirdparty-misc-0.2.0.jar:/home/user/.m2/repository/org/apache/ratis/ratis-proto/0.4.0-2337318-SNAPSHOT/ratis-proto-0.4.0-2337318-SNAPSHOT.jar:/home/user/.m2/repository/org/apache/ratis/ratis-common/0.4.0-2337318-SNAPSHOT/ratis-common-0.4.0-2337318-SNAPSHOT.jar:/home/user/.m2/repository/org/apache/ratis/ratis-client/0.4.0-2337318-SNAPSHOT/ratis-client-0.4.0-2337318-SNAPSHOT.jar:/home/user/.m2/repository/org/apache/ratis/ratis-metrics/0.4.0-2337318-SNAPSHOT/ratis-metrics-0.4.0-2337318-SNAPSHOT.jar:/home/user/.m2/repository/org/apache/ratis/ratis-netty/0.4.0-2337318-SNAPSHOT/ratis-netty-0.4.0-2337318-SNAPSHOT.jar:/home/user/.m2/repository/org/apache/ratis/ratis-grpc/0.4.0-2337318-SNAPSHOT/ratis-grpc-0.4.0-2337318-SNAPSHOT.jar:/home/user/.m2/repository/org/rocksdb/rocksdbjni/6.0.1/rocksdbjni-6.0.1.jar:/home/user/.m2/repository/org/apache/logging/log4j/log4j-api/2.11.0/log4j-api-2.11.0.jar:/home/user/.m2/repository/org/apache/logging/log4j/log4j-core/2.11.0/log4j-core-2.11.0.jar:/home/user/.m2/repository/com/lmax/disruptor/3.4.2/disruptor-3.4.2.jar:/home/user/.m2/repository/org/apache/commons/commons-pool2/2.6.0/commons-pool2-2.6.0.jar:/home/user/.m2/repository/org/bouncycastle/bcpkix-jdk15on/1.60/bcpkix-jdk15on-1.60.jar:/home/user/.m2/repository/commons-validator/commons-validator/1.6/commons-validator-1.6.jar:/home/user/.m2/repository/commons-digester/commons-digester/1.8.1/commons-digester-1.8.1.jar:/home/user/.m2/repository/io/jaegertracing/jaeger-client/0.33.1/jaeger-client-0.33.1.jar:/home/user/.m2/repository/io/jaegertracing/jaeger-thrift/0.33.1/jaeger-thrift-0.33.1.jar:/home/user/.m2/repository/org/apache/thrift/libthrift/0.11.0/libthrift-0.11.0.jar:/home/user/.m2/repository/com/squareup/okhttp3/okhttp/3.9.0/okhttp-3.9.0.jar:/home/user/.m2/repository/com/squareup/okio/okio/1.13.0/okio-1.13.0.jar:/home/user/.m2/repository/io/jaegertracing/jaeger-core/0.33.1/jaeger-core-0.33.1.jar:/home/user/.m2/repository/io/jaegertracing/jaeger-tracerresolver/0.33.1/jaeger-tracerresolver-0.33.1.jar:/home/user/.m2/repository/io/opentracing/contrib/opentracing-tracerresolver/0.1.5/opentracing-tracerresolver-0.1.5.jar:/home/user/.m2/repository/io/opentracing/opentracing-util/0.31.0/opentracing-util-0.31.0.jar:/home/user/.m2/repository/io/opentracing/opentracing-api/0.31.0/opentracing-api-0.31.0.jar:/home/user/.m2/repository/io/opentracing/opentracing-noop/0.31.0/opentracing-noop-0.31.0.jar:/home/user/.m2/repository/org/apache/hadoop/hadoop-hdds-server-framework/0.5.0-SNAPSHOT/hadoop-hdds-server-framework-0.5.0-SNAPSHOT.jar:/home/user/.m2/repository/org/apache/hadoop/hadoop-hdds-container-service/0.5.0-SNAPSHOT/hadoop-hdds-container-service-0.5.0-SNAPSHOT.jar:/home/user/.m2/repository/org/apache/hadoop/hadoop-hdds-client/0.5.0-SNAPSHOT/hadoop-hdds-client-0.5.0-SNAPSHOT.jar:/home/user/.m2/repository/org/apache/hadoop/hadoop-hdds-tools/0.5.0-SNAPSHOT/hadoop-hdds-tools-0.5.0-SNAPSHOT.jar:/home/user/.m2/repository/org/apache/hadoop/hadoop-hdds-server-scm/0.5.0-SNAPSHOT/hadoop-hdds-server-scm-0.5.0-SNAPSHOT.jar:/home/user/.m2/repository/org/apache/hadoop/hadoop-hdds-docs/0.5.0-SNAPSHOT/hadoop-hdds-docs-0.5.0-SNAPSHOT.jar:/home/user/.m2/repository/io/dropwizard/metrics/metrics-core/3.2.4/metrics-core-3.2.4.jar:/home/user/.m2/repository/org/hamcrest/hamcrest-all/1.3/hamcrest-all-1.3.jar:/home/user/.m2/repository/org/bouncycastle/bcprov-jdk15on/1.60/bcprov-jdk15on-1.60.jar:/home/user/.m2/repository/info/picocli/picocli/3.9.6/picocli-3.9.6.jar:/home/user/.m2/repository/com/google/protobuf/protobuf-java/2.5.0/protobuf-java-2.5.0.jar:/home/user/.m2/repository/com/google/guava/guava/11.0.2/guava-11.0.2.jar:/home/user/.m2/repository/org/apache/hadoop/hadoop-ozone-ozone-manager/0.5.0-SNAPSHOT/hadoop-ozone-ozone-manager-0.5.0-SNAPSHOT.jar:/home/user/.m2/repository/org/apache/hadoop/hadoop-minikdc/3.2.0/hadoop-minikdc-3.2.0.jar:/home/user/.m2/repository/commons-io/commons-io/2.5/commons-io-2.5.jar:/home/user/.m2/repository/org/apache/kerby/kerb-simplekdc/1.0.1/kerb-simplekdc-1.0.1.jar:/home/user/.m2/repository/org/apache/kerby/kerb-client/1.0.1/kerb-client-1.0.1.jar:/home/user/.m2/repository/org/apache/kerby/kerby-config/1.0.1/kerby-config-1.0.1.jar:/home/user/.m2/repository/org/apache/kerby/kerb-core/1.0.1/kerb-core-1.0.1.jar:/home/user/.m2/repository/org/apache/kerby/kerby-pkix/1.0.1/kerby-pkix-1.0.1.jar:/home/user/.m2/repository/org/apache/kerby/kerby-asn1/1.0.1/kerby-asn1-1.0.1.jar:/home/user/.m2/repository/org/apache/kerby/kerby-util/1.0.1/kerby-util-1.0.1.jar:/home/user/.m2/repository/org/apache/kerby/kerb-common/1.0.1/kerb-common-1.0.1.jar:/home/user/.m2/repository/org/apache/kerby/kerb-crypto/1.0.1/kerb-crypto-1.0.1.jar:/home/user/.m2/repository/org/apache/kerby/kerb-util/1.0.1/kerb-util-1.0.1.jar:/home/user/.m2/repository/org/apache/kerby/token-provider/1.0.1/token-provider-1.0.1.jar:/home/user/.m2/repository/org/apache/kerby/kerb-admin/1.0.1/kerb-admin-1.0.1.jar:/home/user/.m2/repository/org/apache/kerby/kerb-server/1.0.1/kerb-server-1.0.1.jar:/home/user/.m2/repository/org/apache/kerby/kerb-identity/1.0.1/kerb-identity-1.0.1.jar:/home/user/.m2/repository/org/apache/kerby/kerby-xdr/1.0.1/kerby-xdr-1.0.1.jar:/home/user/.m2/repository/org/slf4j/slf4j-log4j12/1.7.25/slf4j-log4j12-1.7.25.jar:/home/user/.m2/repository/org/apache/hadoop/hadoop-ozone-s3gateway/0.5.0-SNAPSHOT/hadoop-ozone-s3gateway-0.5.0-SNAPSHOT.jar:/home/user/.m2/repository/org/jboss/weld/servlet/weld-servlet/2.4.7.Final/weld-servlet-2.4.7.Final.jar:/home/user/.m2/repository/org/glassfish/jersey/containers/jersey-container-servlet-core/2.27/jersey-container-servlet-core-2.27.jar:/home/user/.m2/repository/org/glassfish/hk2/external/javax.inject/2.5.0-b42/javax.inject-2.5.0-b42.jar:/home/user/.m2/repository/org/glassfish/jersey/core/jersey-common/2.27/jersey-common-2.27.jar:/home/user/.m2/repository/org/glassfish/hk2/osgi-resource-locator/1.0.1/osgi-resource-locator-1.0.1.jar:/home/user/.m2/repository/javax/ws/rs/javax.ws.rs-api/2.1/javax.ws.rs-api-2.1.jar:/home/user/.m2/repository/org/glassfish/jersey/ext/cdi/jersey-cdi1x/2.27/jersey-cdi1x-2.27.jar:/home/user/.m2/repository/org/glassfish/jersey/inject/jersey-hk2/2.27/jersey-hk2-2.27.jar:/home/user/.m2/repository/org/glassfish/hk2/hk2-locator/2.5.0-b42/hk2-locator-2.5.0-b42.jar:/home/user/.m2/repository/org/javassist/javassist/3.22.0-CR2/javassist-3.22.0-CR2.jar:/home/user/.m2/repository/org/glassfish/hk2/hk2-api/2.5.0/hk2-api-2.5.0.jar:/home/user/.m2/repository/org/glassfish/hk2/external/jakarta.inject/2.5.0/jakarta.inject-2.5.0.jar:/home/user/.m2/repository/org/glassfish/hk2/hk2-utils/2.5.0/hk2-utils-2.5.0.jar:/home/user/.m2/repository/jakarta/annotation/jakarta.annotation-api/1.3.4/jakarta.annotation-api-1.3.4.jar:/home/user/.m2/repository/org/glassfish/hk2/external/aopalliance-repackaged/2.5.0/aopalliance-repackaged-2.5.0.jar:/home/user/.m2/repository/com/fasterxml/jackson/dataformat/jackson-dataformat-xml/2.9.0/jackson-dataformat-xml-2.9.0.jar:/home/user/.m2/repository/com/fasterxml/jackson/core/jackson-core/2.9.5/jackson-core-2.9.5.jar:/home/user/.m2/repository/com/fasterxml/jackson/module/jackson-module-jaxb-annotations/2.9.5/jackson-module-jaxb-annotations-2.9.5.jar:/home/user/.m2/repository/javax/enterprise/cdi-api/1.2/cdi-api-1.2.jar:/home/user/.m2/repository/javax/el/javax.el-api/3.0.0/javax.el-api-3.0.0.jar:/home/user/.m2/repository/javax/interceptor/javax.interceptor-api/1.2/javax.interceptor-api-1.2.jar:/home/user/.m2/repository/javax/inject/javax.inject/1/javax.inject-1.jar:/home/user/.m2/repository/com/sun/xml/bind/jaxb-impl/2.3.0.1/jaxb-impl-2.3.0.1.jar:/home/user/.m2/repository/com/sun/xml/bind/jaxb-core/2.3.0.1/jaxb-core-2.3.0.1.jar:/home/user/.m2/repository/javax/xml/bind/jaxb-api/2.3.0/jaxb-api-2.3.0.jar:/home/user/.m2/repository/javax/activation/activation/1.1.1/activation-1.1.1.jar:/home/user/.m2/repository/org/apache/hadoop/hadoop-ozone-csi/0.5.0-SNAPSHOT/hadoop-ozone-csi-0.5.0-SNAPSHOT.jar:/home/user/.m2/repository/com/google/protobuf/protobuf-java-util/3.5.1/protobuf-java-util-3.5.1.jar:/home/user/.m2/repository/org/apache/hadoop/hadoop-hdds-config/0.5.0-SNAPSHOT/hadoop-hdds-config-0.5.0-SNAPSHOT.jar:/home/user/.m2/repository/io/grpc/grpc-netty/1.17.1/grpc-netty-1.17.1.jar:/home/user/.m2/repository/io/grpc/grpc-core/1.17.1/grpc-core-1.17.1.jar:/home/user/.m2/repository/io/grpc/grpc-context/1.17.1/grpc-context-1.17.1.jar:/home/user/.m2/repository/com/google/errorprone/error_prone_annotations/2.2.0/error_prone_annotations-2.2.0.jar:/home/user/.m2/repository/org/codehaus/mojo/animal-sniffer-annotations/1.17/animal-sniffer-annotations-1.17.jar:/home/user/.m2/repository/io/opencensus/opencensus-api/0.17.0/opencensus-api-0.17.0.jar:/home/user/.m2/repository/io/opencensus/opencensus-contrib-grpc-metrics/0.17.0/opencensus-contrib-grpc-metrics-0.17.0.jar:/home/user/.m2/repository/io/netty/netty-codec-http2/4.1.30.Final/netty-codec-http2-4.1.30.Final.jar:/home/user/.m2/repository/io/netty/netty-codec-http/4.1.30.Final/netty-codec-http-4.1.30.Final.jar:/home/user/.m2/repository/io/netty/netty-codec/4.1.30.Final/netty-codec-4.1.30.Final.jar:/home/user/.m2/repository/io/netty/netty-handler/4.1.30.Final/netty-handler-4.1.30.Final.jar:/home/user/.m2/repository/io/netty/netty-handler-proxy/4.1.30.Final/netty-handler-proxy-4.1.30.Final.jar:/home/user/.m2/repository/io/netty/netty-codec-socks/4.1.30.Final/netty-codec-socks-4.1.30.Final.jar:/home/user/.m2/repository/io/netty/netty-transport-native-epoll/4.1.30.Final/netty-transport-native-epoll-4.1.30.Final.jar:/home/user/.m2/repository/io/netty/netty-common/4.1.30.Final/netty-common-4.1.30.Final.jar:/home/user/.m2/repository/io/netty/netty-buffer/4.1.30.Final/netty-buffer-4.1.30.Final.jar:/home/user/.m2/repository/io/netty/netty-transport/4.1.30.Final/netty-transport-4.1.30.Final.jar:/home/user/.m2/repository/io/netty/netty-resolver/4.1.30.Final/netty-resolver-4.1.30.Final.jar:/home/user/.m2/repository/io/netty/netty-transport-native-unix-common/4.1.30.Final/netty-transport-native-unix-common-4.1.30.Final.jar:/home/user/.m2/repository/io/grpc/grpc-protobuf/1.17.1/grpc-protobuf-1.17.1.jar:/home/user/.m2/repository/com/google/api/grpc/proto-google-common-protos/1.0.0/proto-google-common-protos-1.0.0.jar:/home/user/.m2/repository/io/grpc/grpc-protobuf-lite/1.17.1/grpc-protobuf-lite-1.17.1.jar:/home/user/.m2/repository/io/grpc/grpc-stub/1.17.1/grpc-stub-1.17.1.jar:/home/user/.m2/repository/org/apache/hadoop/hadoop-ozone-recon/0.5.0-SNAPSHOT/hadoop-ozone-recon-0.5.0-SNAPSHOT.jar:/home/user/.m2/repository/org/apache/hadoop/hadoop-ozone-reconcodegen/0.5.0-SNAPSHOT/hadoop-ozone-reconcodegen-0.5.0-SNAPSHOT.jar:/home/user/.m2/repository/com/google/inject/extensions/guice-multibindings/4.0/guice-multibindings-4.0.jar:/home/user/.m2/repository/com/google/inject/guice/4.0/guice-4.0.jar:/home/user/.m2/repository/aopalliance/aopalliance/1.0/aopalliance-1.0.jar:/home/user/.m2/repository/com/google/inject/extensions/guice-servlet/4.0/guice-servlet-4.0.jar:/home/user/.m2/repository/org/glassfish/jersey/containers/jersey-container-servlet/2.27/jersey-container-servlet-2.27.jar:/home/user/.m2/repository/org/glassfish/hk2/guice-bridge/2.5.0/guice-bridge-2.5.0.jar:/home/user/.m2/repository/org/glassfish/jersey/core/jersey-server/2.27/jersey-server-2.27.jar:/home/user/.m2/repository/org/glassfish/jersey/core/jersey-client/2.27/jersey-client-2.27.jar:/home/user/.m2/repository/org/glassfish/jersey/media/jersey-media-jaxb/2.27/jersey-media-jaxb-2.27.jar:/home/user/.m2/repository/javax/validation/validation-api/1.1.0.Final/validation-api-1.1.0.Final.jar:/home/user/.m2/repository/org/glassfish/jersey/media/jersey-media-json-jackson/2.27/jersey-media-json-jackson-2.27.jar:/home/user/.m2/repository/org/glassfish/jersey/ext/jersey-entity-filtering/2.27/jersey-entity-filtering-2.27.jar:/home/user/.m2/repository/com/google/inject/extensions/guice-assistedinject/4.0/guice-assistedinject-4.0.jar:/home/user/.m2/repository/org/jooq/jooq/3.11.10/jooq-3.11.10.jar:/home/user/.m2/repository/org/jooq/jooq-meta/3.11.10/jooq-meta-3.11.10.jar:/home/user/.m2/repository/org/jooq/jooq-codegen/3.11.10/jooq-codegen-3.11.10.jar:/home/user/.m2/repository/com/jolbox/bonecp/0.8.0.RELEASE/bonecp-0.8.0.RELEASE.jar:/home/user/.m2/repository/org/xerial/sqlite-jdbc/3.25.2/sqlite-jdbc-3.25.2.jar:/home/user/.m2/repository/org/springframework/spring-jdbc/5.1.3.RELEASE/spring-jdbc-5.1.3.RELEASE.jar:/home/user/.m2/repository/org/springframework/spring-beans/5.1.3.RELEASE/spring-beans-5.1.3.RELEASE.jar:/home/user/.m2/repository/org/springframework/spring-core/5.1.3.RELEASE/spring-core-5.1.3.RELEASE.jar:/home/user/.m2/repository/org/springframework/spring-jcl/5.1.3.RELEASE/spring-jcl-5.1.3.RELEASE.jar:/home/user/.m2/repository/org/springframework/spring-tx/5.1.3.RELEASE/spring-tx-5.1.3.RELEASE.jar:/home/user/.m2/repository/org/apache/hadoop/hadoop-ozone-client/0.5.0-SNAPSHOT/hadoop-ozone-client-0.5.0-SNAPSHOT.jar:/home/user/.m2/repository/commons-lang/commons-lang/2.6/commons-lang-2.6.jar:/home/user/.m2/repository/org/apache/hadoop/hadoop-ozone-ozone-manager/0.5.0-SNAPSHOT/hadoop-ozone-ozone-manager-0.5.0-SNAPSHOT-tests.jar:/home/user/.m2/repository/junit/junit/4.11/junit-4.11.jar:/home/user/.m2/repository/org/hamcrest/hamcrest-core/1.3/hamcrest-core-1.3.jar:/home/user/.m2/repository/org/openjdk/jmh/jmh-core/1.19/jmh-core-1.19.jar:/home/user/.m2/repository/net/sf/jopt-simple/jopt-simple/4.6/jopt-simple-4.6.jar:/home/user/.m2/repository/org/apache/commons/commons-math3/3.1.1/commons-math3-3.1.1.jar:/home/user/.m2/repository/org/openjdk/jmh/jmh-generator-annprocess/1.19/jmh-generator-annprocess-1.19.jar:/home/user/.m2/repository/org/mockito/mockito-all/1.8.5/mockito-all-1.8.5.jar:/home/user/.m2/repository/org/apache/hadoop/hadoop-kms/3.2.0/hadoop-kms-3.2.0.jar:/home/user/.m2/repository/org/apache/hadoop/hadoop-auth/3.2.0/hadoop-auth-3.2.0.jar:/home/user/.m2/repository/com/nimbusds/nimbus-jose-jwt/4.41.1/nimbus-jose-jwt-4.41.1.jar:/home/user/.m2/repository/com/github/stephenc/jcip/jcip-annotations/1.0-1/jcip-annotations-1.0-1.jar:/home/user/.m2/repository/net/minidev/json-smart/2.3/json-smart-2.3.jar:/home/user/.m2/repository/net/minidev/accessors-smart/1.2/accessors-smart-1.2.jar:/home/user/.m2/repository/org/ow2/asm/asm/5.0.4/asm-5.0.4.jar:/home/user/.m2/repository/org/apache/curator/curator-framework/2.12.0/curator-framework-2.12.0.jar:/home/user/.m2/repository/com/sun/jersey/jersey-core/1.19/jersey-core-1.19.jar:/home/user/.m2/repository/javax/ws/rs/jsr311-api/1.1.1/jsr311-api-1.1.1.jar:/home/user/.m2/repository/com/sun/jersey/jersey-server/1.19/jersey-server-1.19.jar:/home/user/.m2/repository/javax/servlet/javax.servlet-api/3.1.0/javax.servlet-api-3.1.0.jar:/home/user/.m2/repository/org/eclipse/jetty/jetty-server/9.3.24.v20180605/jetty-server-9.3.24.v20180605.jar:/home/user/.m2/repository/org/eclipse/jetty/jetty-http/9.3.24.v20180605/jetty-http-9.3.24.v20180605.jar:/home/user/.m2/repository/org/eclipse/jetty/jetty-io/9.3.24.v20180605/jetty-io-9.3.24.v20180605.jar:/home/user/.m2/repository/org/eclipse/jetty/jetty-webapp/9.3.24.v20180605/jetty-webapp-9.3.24.v20180605.jar:/home/user/.m2/repository/org/eclipse/jetty/jetty-xml/9.3.24.v20180605/jetty-xml-9.3.24.v20180605.jar:/home/user/.m2/repository/log4j/log4j/1.2.17/log4j-1.2.17.jar:/home/user/.m2/repository/org/slf4j/slf4j-api/1.7.25/slf4j-api-1.7.25.jar:/home/user/.m2/repository/org/slf4j/jul-to-slf4j/1.7.25/jul-to-slf4j-1.7.25.jar:/home/user/.m2/repository/org/eclipse/jetty/jetty-util/9.3.24.v20180605/jetty-util-9.3.24.v20180605.jar:/home/user/.m2/repository/com/fasterxml/jackson/core/jackson-databind/2.9.5/jackson-databind-2.9.5.jar:/home/user/.m2/repository/org/apache/hadoop/hadoop-kms/3.2.0/hadoop-kms-3.2.0-tests.jar:/home/user/.m2/repository/org/apache/hadoop/hadoop-hdds-server-scm/0.5.0-SNAPSHOT/hadoop-hdds-server-scm-0.5.0-SNAPSHOT-tests.jar:/home/user/.m2/repository/org/apache/hadoop/hadoop-hdds-container-service/0.5.0-SNAPSHOT/hadoop-hdds-container-service-0.5.0-SNAPSHOT-tests.jar:/home/user/.m2/repository/org/yaml/snakeyaml/1.16/snakeyaml-1.16.jar:/home/user/.m2/repository/org/apache/hadoop/hadoop-common/3.2.0/hadoop-common-3.2.0-tests.jar:/home/user/.m2/repository/org/apache/hadoop/hadoop-annotations/3.2.0/hadoop-annotations-3.2.0.jar:/usr/lib/jvm/java-1.8-openjdk/jre/../lib/tools.jar:/home/user/.m2/repository/commons-cli/commons-cli/1.2/commons-cli-1.2.jar:/home/user/.m2/repository/org/apache/httpcomponents/httpclient/4.5.2/httpclient-4.5.2.jar:/home/user/.m2/repository/org/apache/httpcomponents/httpcore/4.4.4/httpcore-4.4.4.jar:/home/user/.m2/repository/commons-codec/commons-codec/1.11/commons-codec-1.11.jar:/home/user/.m2/repository/commons-net/commons-net/3.6/commons-net-3.6.jar:/home/user/.m2/repository/commons-collections/commons-collections/3.2.2/commons-collections-3.2.2.jar:/home/user/.m2/repository/org/eclipse/jetty/jetty-servlet/9.3.24.v20180605/jetty-servlet-9.3.24.v20180605.jar:/home/user/.m2/repository/org/eclipse/jetty/jetty-security/9.3.24.v20180605/jetty-security-9.3.24.v20180605.jar:/home/user/.m2/repository/javax/servlet/jsp/jsp-api/2.1/jsp-api-2.1.jar:/home/user/.m2/repository/com/sun/jersey/jersey-servlet/1.19/jersey-servlet-1.19.jar:/home/user/.m2/repository/com/sun/jersey/jersey-json/1.19/jersey-json-1.19.jar:/home/user/.m2/repository/org/codehaus/jettison/jettison/1.1/jettison-1.1.jar:/home/user/.m2/repository/org/codehaus/jackson/jackson-core-asl/1.9.13/jackson-core-asl-1.9.13.jar:/home/user/.m2/repository/org/codehaus/jackson/jackson-mapper-asl/1.9.13/jackson-mapper-asl-1.9.13.jar:/home/user/.m2/repository/org/codehaus/jackson/jackson-jaxrs/1.9.13/jackson-jaxrs-1.9.13.jar:/home/user/.m2/repository/org/codehaus/jackson/jackson-xc/1.9.13/jackson-xc-1.9.13.jar:/home/user/.m2/repository/commons-logging/commons-logging/1.1.3/commons-logging-1.1.3.jar:/home/user/.m2/repository/commons-beanutils/commons-beanutils/1.9.3/commons-beanutils-1.9.3.jar:/home/user/.m2/repository/org/apache/commons/commons-configuration2/2.1.1/commons-configuration2-2.1.1.jar:/home/user/.m2/repository/org/apache/commons/commons-lang3/3.7/commons-lang3-3.7.jar:/home/user/.m2/repository/org/apache/commons/commons-text/1.4/commons-text-1.4.jar:/home/user/.m2/repository/org/apache/avro/avro/1.7.7/avro-1.7.7.jar:/home/user/.m2/repository/com/thoughtworks/paranamer/paranamer/2.3/paranamer-2.3.jar:/home/user/.m2/repository/org/xerial/snappy/snappy-java/1.0.5/snappy-java-1.0.5.jar:/home/user/.m2/repository/com/google/re2j/re2j/1.1/re2j-1.1.jar:/home/user/.m2/repository/com/google/code/gson/gson/2.2.4/gson-2.2.4.jar:/home/user/.m2/repository/com/jcraft/jsch/0.1.54/jsch-0.1.54.jar:/home/user/.m2/repository/org/apache/curator/curator-client/2.12.0/curator-client-2.12.0.jar:/home/user/.m2/repository/org/apache/curator/curator-recipes/2.12.0/curator-recipes-2.12.0.jar:/home/user/.m2/repository/com/google/code/findbugs/jsr305/3.0.0/jsr305-3.0.0.jar:/home/user/.m2/repository/org/apache/htrace/htrace-core4/4.1.0-incubating/htrace-core4-4.1.0-incubating.jar:/home/user/.m2/repository/org/apache/zookeeper/zookeeper/3.4.13/zookeeper-3.4.13.jar:/home/user/.m2/repository/org/apache/yetus/audience-annotations/0.5.0/audience-annotations-0.5.0.jar:/home/user/.m2/repository/org/codehaus/woodstox/stax2-api/3.1.4/stax2-api-3.1.4.jar:/home/user/.m2/repository/com/fasterxml/woodstox/woodstox-core/5.0.3/woodstox-core-5.0.3.jar:/home/user/.m2/repository/dnsjava/dnsjava/2.1.7/dnsjava-2.1.7.jar:/home/user/.m2/repository/org/apache/hadoop/hadoop-hdfs/3.2.0/hadoop-hdfs-3.2.0-tests.jar:/home/user/.m2/repository/org/eclipse/jetty/jetty-util-ajax/9.3.24.v20180605/jetty-util-ajax-9.3.24.v20180605.jar:/home/user/.m2/repository/commons-daemon/commons-daemon/1.0.13/commons-daemon-1.0.13.jar:/home/user/.m2/repository/io/netty/netty/3.10.5.Final/netty-3.10.5.Final.jar:/home/user/.m2/repository/io/netty/netty-all/4.0.52.Final/netty-all-4.0.52.Final.jar:/home/user/.m2/repository/org/fusesource/leveldbjni/leveldbjni-all/1.8/leveldbjni-all-1.8.jar:"/>
    <property name="java.vm.vendor" value="IcedTea"/>
    <property name="sun.arch.data.model" value="64"/>
    <property name="test.build.dir" value="/workdir/hadoop-ozone/integration-test/target/test-dir"/>
    <property name="test.cache.data" value=""/>
    <property name="java.vendor.url" value="https://icedtea.classpath.org"/>
    <property name="user.timezone" value=""/>
    <property name="java.vm.specification.version" value="1.8"/>
    <property name="os.name" value="Linux"/>
    <property name="test.build.data" value="/workdir/hadoop-ozone/integration-test/target/test-dir"/>
    <property name="user.country" value="US"/>
    <property name="sun.java.launcher" value="SUN_STANDARD"/>
    <property name="sun.boot.library.path" value="/usr/lib/jvm/java-1.8-openjdk/jre/lib/amd64"/>
    <property name="sun.java.command" value="/workdir/hadoop-ozone/integration-test/target/surefire/surefirebooter2749203158031212151.jar /workdir/hadoop-ozone/integration-test/target/surefire 2019-08-31T21-36-40_695-jvmRun1 surefire1267016127992115837tmp surefire_464718939056677895573tmp"/>
    <property name="test" value="!TestMiniChaosOzoneCluster"/>
    <property name="surefire.test.class.path" value="/workdir/hadoop-ozone/integration-test/target/test-classes:/workdir/hadoop-ozone/integration-test/target/classes:/home/user/.m2/repository/org/apache/hadoop/hadoop-ozone-common/0.5.0-SNAPSHOT/hadoop-ozone-common-0.5.0-SNAPSHOT.jar:/home/user/.m2/repository/org/apache/commons/commons-compress/1.4.1/commons-compress-1.4.1.jar:/home/user/.m2/repository/org/tukaani/xz/1.0/xz-1.0.jar:/home/user/.m2/repository/org/apache/hadoop/hadoop-common/3.2.0/hadoop-common-3.2.0.jar:/home/user/.m2/repository/org/apache/hadoop/hadoop-hdfs/3.2.0/hadoop-hdfs-3.2.0.jar:/home/user/.m2/repository/org/apache/hadoop/hadoop-hdfs-client/3.2.0/hadoop-hdfs-client-3.2.0.jar:/home/user/.m2/repository/com/fasterxml/jackson/core/jackson-annotations/2.9.5/jackson-annotations-2.9.5.jar:/home/user/.m2/repository/org/apache/hadoop/hadoop-hdds-common/0.5.0-SNAPSHOT/hadoop-hdds-common-0.5.0-SNAPSHOT.jar:/home/user/.m2/repository/javax/annotation/javax.annotation-api/1.2/javax.annotation-api-1.2.jar:/home/user/.m2/repository/org/apache/ratis/ratis-server/0.4.0-2337318-SNAPSHOT/ratis-server-0.4.0-2337318-SNAPSHOT.jar:/home/user/.m2/repository/org/apache/ratis/ratis-thirdparty-misc/0.2.0/ratis-thirdparty-misc-0.2.0.jar:/home/user/.m2/repository/org/apache/ratis/ratis-proto/0.4.0-2337318-SNAPSHOT/ratis-proto-0.4.0-2337318-SNAPSHOT.jar:/home/user/.m2/repository/org/apache/ratis/ratis-common/0.4.0-2337318-SNAPSHOT/ratis-common-0.4.0-2337318-SNAPSHOT.jar:/home/user/.m2/repository/org/apache/ratis/ratis-client/0.4.0-2337318-SNAPSHOT/ratis-client-0.4.0-2337318-SNAPSHOT.jar:/home/user/.m2/repository/org/apache/ratis/ratis-metrics/0.4.0-2337318-SNAPSHOT/ratis-metrics-0.4.0-2337318-SNAPSHOT.jar:/home/user/.m2/repository/org/apache/ratis/ratis-netty/0.4.0-2337318-SNAPSHOT/ratis-netty-0.4.0-2337318-SNAPSHOT.jar:/home/user/.m2/repository/org/apache/ratis/ratis-grpc/0.4.0-2337318-SNAPSHOT/ratis-grpc-0.4.0-2337318-SNAPSHOT.jar:/home/user/.m2/repository/org/rocksdb/rocksdbjni/6.0.1/rocksdbjni-6.0.1.jar:/home/user/.m2/repository/org/apache/logging/log4j/log4j-api/2.11.0/log4j-api-2.11.0.jar:/home/user/.m2/repository/org/apache/logging/log4j/log4j-core/2.11.0/log4j-core-2.11.0.jar:/home/user/.m2/repository/com/lmax/disruptor/3.4.2/disruptor-3.4.2.jar:/home/user/.m2/repository/org/apache/commons/commons-pool2/2.6.0/commons-pool2-2.6.0.jar:/home/user/.m2/repository/org/bouncycastle/bcpkix-jdk15on/1.60/bcpkix-jdk15on-1.60.jar:/home/user/.m2/repository/commons-validator/commons-validator/1.6/commons-validator-1.6.jar:/home/user/.m2/repository/commons-digester/commons-digester/1.8.1/commons-digester-1.8.1.jar:/home/user/.m2/repository/io/jaegertracing/jaeger-client/0.33.1/jaeger-client-0.33.1.jar:/home/user/.m2/repository/io/jaegertracing/jaeger-thrift/0.33.1/jaeger-thrift-0.33.1.jar:/home/user/.m2/repository/org/apache/thrift/libthrift/0.11.0/libthrift-0.11.0.jar:/home/user/.m2/repository/com/squareup/okhttp3/okhttp/3.9.0/okhttp-3.9.0.jar:/home/user/.m2/repository/com/squareup/okio/okio/1.13.0/okio-1.13.0.jar:/home/user/.m2/repository/io/jaegertracing/jaeger-core/0.33.1/jaeger-core-0.33.1.jar:/home/user/.m2/repository/io/jaegertracing/jaeger-tracerresolver/0.33.1/jaeger-tracerresolver-0.33.1.jar:/home/user/.m2/repository/io/opentracing/contrib/opentracing-tracerresolver/0.1.5/opentracing-tracerresolver-0.1.5.jar:/home/user/.m2/repository/io/opentracing/opentracing-util/0.31.0/opentracing-util-0.31.0.jar:/home/user/.m2/repository/io/opentracing/opentracing-api/0.31.0/opentracing-api-0.31.0.jar:/home/user/.m2/repository/io/opentracing/opentracing-noop/0.31.0/opentracing-noop-0.31.0.jar:/home/user/.m2/repository/org/apache/hadoop/hadoop-hdds-server-framework/0.5.0-SNAPSHOT/hadoop-hdds-server-framework-0.5.0-SNAPSHOT.jar:/home/user/.m2/repository/org/apache/hadoop/hadoop-hdds-container-service/0.5.0-SNAPSHOT/hadoop-hdds-container-service-0.5.0-SNAPSHOT.jar:/home/user/.m2/repository/org/apache/hadoop/hadoop-hdds-client/0.5.0-SNAPSHOT/hadoop-hdds-client-0.5.0-SNAPSHOT.jar:/home/user/.m2/repository/org/apache/hadoop/hadoop-hdds-tools/0.5.0-SNAPSHOT/hadoop-hdds-tools-0.5.0-SNAPSHOT.jar:/home/user/.m2/repository/org/apache/hadoop/hadoop-hdds-server-scm/0.5.0-SNAPSHOT/hadoop-hdds-server-scm-0.5.0-SNAPSHOT.jar:/home/user/.m2/repository/org/apache/hadoop/hadoop-hdds-docs/0.5.0-SNAPSHOT/hadoop-hdds-docs-0.5.0-SNAPSHOT.jar:/home/user/.m2/repository/io/dropwizard/metrics/metrics-core/3.2.4/metrics-core-3.2.4.jar:/home/user/.m2/repository/org/hamcrest/hamcrest-all/1.3/hamcrest-all-1.3.jar:/home/user/.m2/repository/org/bouncycastle/bcprov-jdk15on/1.60/bcprov-jdk15on-1.60.jar:/home/user/.m2/repository/info/picocli/picocli/3.9.6/picocli-3.9.6.jar:/home/user/.m2/repository/com/google/protobuf/protobuf-java/2.5.0/protobuf-java-2.5.0.jar:/home/user/.m2/repository/com/google/guava/guava/11.0.2/guava-11.0.2.jar:/home/user/.m2/repository/org/apache/hadoop/hadoop-ozone-ozone-manager/0.5.0-SNAPSHOT/hadoop-ozone-ozone-manager-0.5.0-SNAPSHOT.jar:/home/user/.m2/repository/org/apache/hadoop/hadoop-minikdc/3.2.0/hadoop-minikdc-3.2.0.jar:/home/user/.m2/repository/commons-io/commons-io/2.5/commons-io-2.5.jar:/home/user/.m2/repository/org/apache/kerby/kerb-simplekdc/1.0.1/kerb-simplekdc-1.0.1.jar:/home/user/.m2/repository/org/apache/kerby/kerb-client/1.0.1/kerb-client-1.0.1.jar:/home/user/.m2/repository/org/apache/kerby/kerby-config/1.0.1/kerby-config-1.0.1.jar:/home/user/.m2/repository/org/apache/kerby/kerb-core/1.0.1/kerb-core-1.0.1.jar:/home/user/.m2/repository/org/apache/kerby/kerby-pkix/1.0.1/kerby-pkix-1.0.1.jar:/home/user/.m2/repository/org/apache/kerby/kerby-asn1/1.0.1/kerby-asn1-1.0.1.jar:/home/user/.m2/repository/org/apache/kerby/kerby-util/1.0.1/kerby-util-1.0.1.jar:/home/user/.m2/repository/org/apache/kerby/kerb-common/1.0.1/kerb-common-1.0.1.jar:/home/user/.m2/repository/org/apache/kerby/kerb-crypto/1.0.1/kerb-crypto-1.0.1.jar:/home/user/.m2/repository/org/apache/kerby/kerb-util/1.0.1/kerb-util-1.0.1.jar:/home/user/.m2/repository/org/apache/kerby/token-provider/1.0.1/token-provider-1.0.1.jar:/home/user/.m2/repository/org/apache/kerby/kerb-admin/1.0.1/kerb-admin-1.0.1.jar:/home/user/.m2/repository/org/apache/kerby/kerb-server/1.0.1/kerb-server-1.0.1.jar:/home/user/.m2/repository/org/apache/kerby/kerb-identity/1.0.1/kerb-identity-1.0.1.jar:/home/user/.m2/repository/org/apache/kerby/kerby-xdr/1.0.1/kerby-xdr-1.0.1.jar:/home/user/.m2/repository/org/slf4j/slf4j-log4j12/1.7.25/slf4j-log4j12-1.7.25.jar:/home/user/.m2/repository/org/apache/hadoop/hadoop-ozone-s3gateway/0.5.0-SNAPSHOT/hadoop-ozone-s3gateway-0.5.0-SNAPSHOT.jar:/home/user/.m2/repository/org/jboss/weld/servlet/weld-servlet/2.4.7.Final/weld-servlet-2.4.7.Final.jar:/home/user/.m2/repository/org/glassfish/jersey/containers/jersey-container-servlet-core/2.27/jersey-container-servlet-core-2.27.jar:/home/user/.m2/repository/org/glassfish/hk2/external/javax.inject/2.5.0-b42/javax.inject-2.5.0-b42.jar:/home/user/.m2/repository/org/glassfish/jersey/core/jersey-common/2.27/jersey-common-2.27.jar:/home/user/.m2/repository/org/glassfish/hk2/osgi-resource-locator/1.0.1/osgi-resource-locator-1.0.1.jar:/home/user/.m2/repository/javax/ws/rs/javax.ws.rs-api/2.1/javax.ws.rs-api-2.1.jar:/home/user/.m2/repository/org/glassfish/jersey/ext/cdi/jersey-cdi1x/2.27/jersey-cdi1x-2.27.jar:/home/user/.m2/repository/org/glassfish/jersey/inject/jersey-hk2/2.27/jersey-hk2-2.27.jar:/home/user/.m2/repository/org/glassfish/hk2/hk2-locator/2.5.0-b42/hk2-locator-2.5.0-b42.jar:/home/user/.m2/repository/org/javassist/javassist/3.22.0-CR2/javassist-3.22.0-CR2.jar:/home/user/.m2/repository/org/glassfish/hk2/hk2-api/2.5.0/hk2-api-2.5.0.jar:/home/user/.m2/repository/org/glassfish/hk2/external/jakarta.inject/2.5.0/jakarta.inject-2.5.0.jar:/home/user/.m2/repository/org/glassfish/hk2/hk2-utils/2.5.0/hk2-utils-2.5.0.jar:/home/user/.m2/repository/jakarta/annotation/jakarta.annotation-api/1.3.4/jakarta.annotation-api-1.3.4.jar:/home/user/.m2/repository/org/glassfish/hk2/external/aopalliance-repackaged/2.5.0/aopalliance-repackaged-2.5.0.jar:/home/user/.m2/repository/com/fasterxml/jackson/dataformat/jackson-dataformat-xml/2.9.0/jackson-dataformat-xml-2.9.0.jar:/home/user/.m2/repository/com/fasterxml/jackson/core/jackson-core/2.9.5/jackson-core-2.9.5.jar:/home/user/.m2/repository/com/fasterxml/jackson/module/jackson-module-jaxb-annotations/2.9.5/jackson-module-jaxb-annotations-2.9.5.jar:/home/user/.m2/repository/javax/enterprise/cdi-api/1.2/cdi-api-1.2.jar:/home/user/.m2/repository/javax/el/javax.el-api/3.0.0/javax.el-api-3.0.0.jar:/home/user/.m2/repository/javax/interceptor/javax.interceptor-api/1.2/javax.interceptor-api-1.2.jar:/home/user/.m2/repository/javax/inject/javax.inject/1/javax.inject-1.jar:/home/user/.m2/repository/com/sun/xml/bind/jaxb-impl/2.3.0.1/jaxb-impl-2.3.0.1.jar:/home/user/.m2/repository/com/sun/xml/bind/jaxb-core/2.3.0.1/jaxb-core-2.3.0.1.jar:/home/user/.m2/repository/javax/xml/bind/jaxb-api/2.3.0/jaxb-api-2.3.0.jar:/home/user/.m2/repository/javax/activation/activation/1.1.1/activation-1.1.1.jar:/home/user/.m2/repository/org/apache/hadoop/hadoop-ozone-csi/0.5.0-SNAPSHOT/hadoop-ozone-csi-0.5.0-SNAPSHOT.jar:/home/user/.m2/repository/com/google/protobuf/protobuf-java-util/3.5.1/protobuf-java-util-3.5.1.jar:/home/user/.m2/repository/org/apache/hadoop/hadoop-hdds-config/0.5.0-SNAPSHOT/hadoop-hdds-config-0.5.0-SNAPSHOT.jar:/home/user/.m2/repository/io/grpc/grpc-netty/1.17.1/grpc-netty-1.17.1.jar:/home/user/.m2/repository/io/grpc/grpc-core/1.17.1/grpc-core-1.17.1.jar:/home/user/.m2/repository/io/grpc/grpc-context/1.17.1/grpc-context-1.17.1.jar:/home/user/.m2/repository/com/google/errorprone/error_prone_annotations/2.2.0/error_prone_annotations-2.2.0.jar:/home/user/.m2/repository/org/codehaus/mojo/animal-sniffer-annotations/1.17/animal-sniffer-annotations-1.17.jar:/home/user/.m2/repository/io/opencensus/opencensus-api/0.17.0/opencensus-api-0.17.0.jar:/home/user/.m2/repository/io/opencensus/opencensus-contrib-grpc-metrics/0.17.0/opencensus-contrib-grpc-metrics-0.17.0.jar:/home/user/.m2/repository/io/netty/netty-codec-http2/4.1.30.Final/netty-codec-http2-4.1.30.Final.jar:/home/user/.m2/repository/io/netty/netty-codec-http/4.1.30.Final/netty-codec-http-4.1.30.Final.jar:/home/user/.m2/repository/io/netty/netty-codec/4.1.30.Final/netty-codec-4.1.30.Final.jar:/home/user/.m2/repository/io/netty/netty-handler/4.1.30.Final/netty-handler-4.1.30.Final.jar:/home/user/.m2/repository/io/netty/netty-handler-proxy/4.1.30.Final/netty-handler-proxy-4.1.30.Final.jar:/home/user/.m2/repository/io/netty/netty-codec-socks/4.1.30.Final/netty-codec-socks-4.1.30.Final.jar:/home/user/.m2/repository/io/netty/netty-transport-native-epoll/4.1.30.Final/netty-transport-native-epoll-4.1.30.Final.jar:/home/user/.m2/repository/io/netty/netty-common/4.1.30.Final/netty-common-4.1.30.Final.jar:/home/user/.m2/repository/io/netty/netty-buffer/4.1.30.Final/netty-buffer-4.1.30.Final.jar:/home/user/.m2/repository/io/netty/netty-transport/4.1.30.Final/netty-transport-4.1.30.Final.jar:/home/user/.m2/repository/io/netty/netty-resolver/4.1.30.Final/netty-resolver-4.1.30.Final.jar:/home/user/.m2/repository/io/netty/netty-transport-native-unix-common/4.1.30.Final/netty-transport-native-unix-common-4.1.30.Final.jar:/home/user/.m2/repository/io/grpc/grpc-protobuf/1.17.1/grpc-protobuf-1.17.1.jar:/home/user/.m2/repository/com/google/api/grpc/proto-google-common-protos/1.0.0/proto-google-common-protos-1.0.0.jar:/home/user/.m2/repository/io/grpc/grpc-protobuf-lite/1.17.1/grpc-protobuf-lite-1.17.1.jar:/home/user/.m2/repository/io/grpc/grpc-stub/1.17.1/grpc-stub-1.17.1.jar:/home/user/.m2/repository/org/apache/hadoop/hadoop-ozone-recon/0.5.0-SNAPSHOT/hadoop-ozone-recon-0.5.0-SNAPSHOT.jar:/home/user/.m2/repository/org/apache/hadoop/hadoop-ozone-reconcodegen/0.5.0-SNAPSHOT/hadoop-ozone-reconcodegen-0.5.0-SNAPSHOT.jar:/home/user/.m2/repository/com/google/inject/extensions/guice-multibindings/4.0/guice-multibindings-4.0.jar:/home/user/.m2/repository/com/google/inject/guice/4.0/guice-4.0.jar:/home/user/.m2/repository/aopalliance/aopalliance/1.0/aopalliance-1.0.jar:/home/user/.m2/repository/com/google/inject/extensions/guice-servlet/4.0/guice-servlet-4.0.jar:/home/user/.m2/repository/org/glassfish/jersey/containers/jersey-container-servlet/2.27/jersey-container-servlet-2.27.jar:/home/user/.m2/repository/org/glassfish/hk2/guice-bridge/2.5.0/guice-bridge-2.5.0.jar:/home/user/.m2/repository/org/glassfish/jersey/core/jersey-server/2.27/jersey-server-2.27.jar:/home/user/.m2/repository/org/glassfish/jersey/core/jersey-client/2.27/jersey-client-2.27.jar:/home/user/.m2/repository/org/glassfish/jersey/media/jersey-media-jaxb/2.27/jersey-media-jaxb-2.27.jar:/home/user/.m2/repository/javax/validation/validation-api/1.1.0.Final/validation-api-1.1.0.Final.jar:/home/user/.m2/repository/org/glassfish/jersey/media/jersey-media-json-jackson/2.27/jersey-media-json-jackson-2.27.jar:/home/user/.m2/repository/org/glassfish/jersey/ext/jersey-entity-filtering/2.27/jersey-entity-filtering-2.27.jar:/home/user/.m2/repository/com/google/inject/extensions/guice-assistedinject/4.0/guice-assistedinject-4.0.jar:/home/user/.m2/repository/org/jooq/jooq/3.11.10/jooq-3.11.10.jar:/home/user/.m2/repository/org/jooq/jooq-meta/3.11.10/jooq-meta-3.11.10.jar:/home/user/.m2/repository/org/jooq/jooq-codegen/3.11.10/jooq-codegen-3.11.10.jar:/home/user/.m2/repository/com/jolbox/bonecp/0.8.0.RELEASE/bonecp-0.8.0.RELEASE.jar:/home/user/.m2/repository/org/xerial/sqlite-jdbc/3.25.2/sqlite-jdbc-3.25.2.jar:/home/user/.m2/repository/org/springframework/spring-jdbc/5.1.3.RELEASE/spring-jdbc-5.1.3.RELEASE.jar:/home/user/.m2/repository/org/springframework/spring-beans/5.1.3.RELEASE/spring-beans-5.1.3.RELEASE.jar:/home/user/.m2/repository/org/springframework/spring-core/5.1.3.RELEASE/spring-core-5.1.3.RELEASE.jar:/home/user/.m2/repository/org/springframework/spring-jcl/5.1.3.RELEASE/spring-jcl-5.1.3.RELEASE.jar:/home/user/.m2/repository/org/springframework/spring-tx/5.1.3.RELEASE/spring-tx-5.1.3.RELEASE.jar:/home/user/.m2/repository/org/apache/hadoop/hadoop-ozone-client/0.5.0-SNAPSHOT/hadoop-ozone-client-0.5.0-SNAPSHOT.jar:/home/user/.m2/repository/commons-lang/commons-lang/2.6/commons-lang-2.6.jar:/home/user/.m2/repository/org/apache/hadoop/hadoop-ozone-ozone-manager/0.5.0-SNAPSHOT/hadoop-ozone-ozone-manager-0.5.0-SNAPSHOT-tests.jar:/home/user/.m2/repository/junit/junit/4.11/junit-4.11.jar:/home/user/.m2/repository/org/hamcrest/hamcrest-core/1.3/hamcrest-core-1.3.jar:/home/user/.m2/repository/org/openjdk/jmh/jmh-core/1.19/jmh-core-1.19.jar:/home/user/.m2/repository/net/sf/jopt-simple/jopt-simple/4.6/jopt-simple-4.6.jar:/home/user/.m2/repository/org/apache/commons/commons-math3/3.1.1/commons-math3-3.1.1.jar:/home/user/.m2/repository/org/openjdk/jmh/jmh-generator-annprocess/1.19/jmh-generator-annprocess-1.19.jar:/home/user/.m2/repository/org/mockito/mockito-all/1.8.5/mockito-all-1.8.5.jar:/home/user/.m2/repository/org/apache/hadoop/hadoop-kms/3.2.0/hadoop-kms-3.2.0.jar:/home/user/.m2/repository/org/apache/hadoop/hadoop-auth/3.2.0/hadoop-auth-3.2.0.jar:/home/user/.m2/repository/com/nimbusds/nimbus-jose-jwt/4.41.1/nimbus-jose-jwt-4.41.1.jar:/home/user/.m2/repository/com/github/stephenc/jcip/jcip-annotations/1.0-1/jcip-annotations-1.0-1.jar:/home/user/.m2/repository/net/minidev/json-smart/2.3/json-smart-2.3.jar:/home/user/.m2/repository/net/minidev/accessors-smart/1.2/accessors-smart-1.2.jar:/home/user/.m2/repository/org/ow2/asm/asm/5.0.4/asm-5.0.4.jar:/home/user/.m2/repository/org/apache/curator/curator-framework/2.12.0/curator-framework-2.12.0.jar:/home/user/.m2/repository/com/sun/jersey/jersey-core/1.19/jersey-core-1.19.jar:/home/user/.m2/repository/javax/ws/rs/jsr311-api/1.1.1/jsr311-api-1.1.1.jar:/home/user/.m2/repository/com/sun/jersey/jersey-server/1.19/jersey-server-1.19.jar:/home/user/.m2/repository/javax/servlet/javax.servlet-api/3.1.0/javax.servlet-api-3.1.0.jar:/home/user/.m2/repository/org/eclipse/jetty/jetty-server/9.3.24.v20180605/jetty-server-9.3.24.v20180605.jar:/home/user/.m2/repository/org/eclipse/jetty/jetty-http/9.3.24.v20180605/jetty-http-9.3.24.v20180605.jar:/home/user/.m2/repository/org/eclipse/jetty/jetty-io/9.3.24.v20180605/jetty-io-9.3.24.v20180605.jar:/home/user/.m2/repository/org/eclipse/jetty/jetty-webapp/9.3.24.v20180605/jetty-webapp-9.3.24.v20180605.jar:/home/user/.m2/repository/org/eclipse/jetty/jetty-xml/9.3.24.v20180605/jetty-xml-9.3.24.v20180605.jar:/home/user/.m2/repository/log4j/log4j/1.2.17/log4j-1.2.17.jar:/home/user/.m2/repository/org/slf4j/slf4j-api/1.7.25/slf4j-api-1.7.25.jar:/home/user/.m2/repository/org/slf4j/jul-to-slf4j/1.7.25/jul-to-slf4j-1.7.25.jar:/home/user/.m2/repository/org/eclipse/jetty/jetty-util/9.3.24.v20180605/jetty-util-9.3.24.v20180605.jar:/home/user/.m2/repository/com/fasterxml/jackson/core/jackson-databind/2.9.5/jackson-databind-2.9.5.jar:/home/user/.m2/repository/org/apache/hadoop/hadoop-kms/3.2.0/hadoop-kms-3.2.0-tests.jar:/home/user/.m2/repository/org/apache/hadoop/hadoop-hdds-server-scm/0.5.0-SNAPSHOT/hadoop-hdds-server-scm-0.5.0-SNAPSHOT-tests.jar:/home/user/.m2/repository/org/apache/hadoop/hadoop-hdds-container-service/0.5.0-SNAPSHOT/hadoop-hdds-container-service-0.5.0-SNAPSHOT-tests.jar:/home/user/.m2/repository/org/yaml/snakeyaml/1.16/snakeyaml-1.16.jar:/home/user/.m2/repository/org/apache/hadoop/hadoop-common/3.2.0/hadoop-common-3.2.0-tests.jar:/home/user/.m2/repository/org/apache/hadoop/hadoop-annotations/3.2.0/hadoop-annotations-3.2.0.jar:/usr/lib/jvm/java-1.8-openjdk/jre/../lib/tools.jar:/home/user/.m2/repository/commons-cli/commons-cli/1.2/commons-cli-1.2.jar:/home/user/.m2/repository/org/apache/httpcomponents/httpclient/4.5.2/httpclient-4.5.2.jar:/home/user/.m2/repository/org/apache/httpcomponents/httpcore/4.4.4/httpcore-4.4.4.jar:/home/user/.m2/repository/commons-codec/commons-codec/1.11/commons-codec-1.11.jar:/home/user/.m2/repository/commons-net/commons-net/3.6/commons-net-3.6.jar:/home/user/.m2/repository/commons-collections/commons-collections/3.2.2/commons-collections-3.2.2.jar:/home/user/.m2/repository/org/eclipse/jetty/jetty-servlet/9.3.24.v20180605/jetty-servlet-9.3.24.v20180605.jar:/home/user/.m2/repository/org/eclipse/jetty/jetty-security/9.3.24.v20180605/jetty-security-9.3.24.v20180605.jar:/home/user/.m2/repository/javax/servlet/jsp/jsp-api/2.1/jsp-api-2.1.jar:/home/user/.m2/repository/com/sun/jersey/jersey-servlet/1.19/jersey-servlet-1.19.jar:/home/user/.m2/repository/com/sun/jersey/jersey-json/1.19/jersey-json-1.19.jar:/home/user/.m2/repository/org/codehaus/jettison/jettison/1.1/jettison-1.1.jar:/home/user/.m2/repository/org/codehaus/jackson/jackson-core-asl/1.9.13/jackson-core-asl-1.9.13.jar:/home/user/.m2/repository/org/codehaus/jackson/jackson-mapper-asl/1.9.13/jackson-mapper-asl-1.9.13.jar:/home/user/.m2/repository/org/codehaus/jackson/jackson-jaxrs/1.9.13/jackson-jaxrs-1.9.13.jar:/home/user/.m2/repository/org/codehaus/jackson/jackson-xc/1.9.13/jackson-xc-1.9.13.jar:/home/user/.m2/repository/commons-logging/commons-logging/1.1.3/commons-logging-1.1.3.jar:/home/user/.m2/repository/commons-beanutils/commons-beanutils/1.9.3/commons-beanutils-1.9.3.jar:/home/user/.m2/repository/org/apache/commons/commons-configuration2/2.1.1/commons-configuration2-2.1.1.jar:/home/user/.m2/repository/org/apache/commons/commons-lang3/3.7/commons-lang3-3.7.jar:/home/user/.m2/repository/org/apache/commons/commons-text/1.4/commons-text-1.4.jar:/home/user/.m2/repository/org/apache/avro/avro/1.7.7/avro-1.7.7.jar:/home/user/.m2/repository/com/thoughtworks/paranamer/paranamer/2.3/paranamer-2.3.jar:/home/user/.m2/repository/org/xerial/snappy/snappy-java/1.0.5/snappy-java-1.0.5.jar:/home/user/.m2/repository/com/google/re2j/re2j/1.1/re2j-1.1.jar:/home/user/.m2/repository/com/google/code/gson/gson/2.2.4/gson-2.2.4.jar:/home/user/.m2/repository/com/jcraft/jsch/0.1.54/jsch-0.1.54.jar:/home/user/.m2/repository/org/apache/curator/curator-client/2.12.0/curator-client-2.12.0.jar:/home/user/.m2/repository/org/apache/curator/curator-recipes/2.12.0/curator-recipes-2.12.0.jar:/home/user/.m2/repository/com/google/code/findbugs/jsr305/3.0.0/jsr305-3.0.0.jar:/home/user/.m2/repository/org/apache/htrace/htrace-core4/4.1.0-incubating/htrace-core4-4.1.0-incubating.jar:/home/user/.m2/repository/org/apache/zookeeper/zookeeper/3.4.13/zookeeper-3.4.13.jar:/home/user/.m2/repository/org/apache/yetus/audience-annotations/0.5.0/audience-annotations-0.5.0.jar:/home/user/.m2/repository/org/codehaus/woodstox/stax2-api/3.1.4/stax2-api-3.1.4.jar:/home/user/.m2/repository/com/fasterxml/woodstox/woodstox-core/5.0.3/woodstox-core-5.0.3.jar:/home/user/.m2/repository/dnsjava/dnsjava/2.1.7/dnsjava-2.1.7.jar:/home/user/.m2/repository/org/apache/hadoop/hadoop-hdfs/3.2.0/hadoop-hdfs-3.2.0-tests.jar:/home/user/.m2/repository/org/eclipse/jetty/jetty-util-ajax/9.3.24.v20180605/jetty-util-ajax-9.3.24.v20180605.jar:/home/user/.m2/repository/commons-daemon/commons-daemon/1.0.13/commons-daemon-1.0.13.jar:/home/user/.m2/repository/io/netty/netty/3.10.5.Final/netty-3.10.5.Final.jar:/home/user/.m2/repository/io/netty/netty-all/4.0.52.Final/netty-all-4.0.52.Final.jar:/home/user/.m2/repository/org/fusesource/leveldbjni/leveldbjni-all/1.8/leveldbjni-all-1.8.jar:"/>
    <property name="sun.cpu.endian" value="little"/>
    <property name="user.home" value="/home/user"/>
    <property name="user.language" value="en"/>
    <property name="java.specification.vendor" value="Oracle Corporation"/>
    <property name="java.home" value="/usr/lib/jvm/java-1.8-openjdk/jre"/>
    <property name="java.security.krb5.conf" value="/workdir/hadoop-ozone/integration-test/target/test-classes/krb5.conf"/>
    <property name="basedir" value="/workdir/hadoop-ozone/integration-test"/>
    <property name="file.separator" value="/"/>
    <property name="line.separator" value="&#10;"/>
    <property name="java.vm.specification.vendor" value="Oracle Corporation"/>
    <property name="java.specification.name" value="Java Platform API Specification"/>
    <property name="java.awt.graphicsenv" value="sun.awt.X11GraphicsEnvironment"/>
    <property name="surefire.real.class.path" value="/workdir/hadoop-ozone/integration-test/target/surefire/surefirebooter2749203158031212151.jar"/>
    <property name="hadoop.log.dir" value="/workdir/hadoop-ozone/integration-test/target/log"/>
    <property name="sun.boot.class.path" value="/usr/lib/jvm/java-1.8-openjdk/jre/lib/resources.jar:/usr/lib/jvm/java-1.8-openjdk/jre/lib/rt.jar:/usr/lib/jvm/java-1.8-openjdk/jre/lib/sunrsasign.jar:/usr/lib/jvm/java-1.8-openjdk/jre/lib/jsse.jar:/usr/lib/jvm/java-1.8-openjdk/jre/lib/jce.jar:/usr/lib/jvm/java-1.8-openjdk/jre/lib/charsets.jar:/usr/lib/jvm/java-1.8-openjdk/jre/lib/jfr.jar:/usr/lib/jvm/java-1.8-openjdk/jre/classes"/>
    <property name="sun.management.compiler" value="HotSpot 64-Bit Tiered Compilers"/>
    <property name="java.runtime.version" value="1.8.0_212-b04"/>
    <property name="java.net.preferIPv4Stack" value="true"/>
    <property name="user.name" value="jenkins1000"/>
    <property name="path.separator" value=":"/>
    <property name="java.security.egd" value="file:///dev/urandom"/>
    <property name="os.version" value="3.10.0-957.12.2.el7.x86_64"/>
    <property name="java.endorsed.dirs" value="/usr/lib/jvm/java-1.8-openjdk/jre/lib/endorsed"/>
    <property name="java.runtime.name" value="OpenJDK Runtime Environment"/>
    <property name="file.encoding" value="UTF-8"/>
    <property name="java.vm.name" value="OpenJDK 64-Bit Server VM"/>
    <property name="test.build.webapps" value=""/>
    <property name="localRepository" value="/home/user/.m2/repository"/>
    <property name="java.vendor.url.bug" value="https://icedtea.classpath.org/bugzilla"/>
    <property name="java.io.tmpdir" value="/tmp"/>
    <property name="require.test.libhadoop" value=""/>
    <property name="java.version" value="1.8.0_212"/>
    <property name="user.dir" value="/workdir/hadoop-ozone/integration-test"/>
    <property name="os.arch" value="amd64"/>
    <property name="java.vm.specification.name" value="Java Virtual Machine Specification"/>
    <property name="test.build.classes" value="/workdir/hadoop-ozone/integration-test/target/test-classes"/>
    <property name="java.awt.printerjob" value="sun.print.PSPrinterJob"/>
    <property name="sun.os.patch.level" value="unknown"/>
    <property name="hadoop.tmp.dir" value="/workdir/hadoop-ozone/integration-test/target/tmp"/>
    <property name="java.library.path" value="/usr/lib/jvm/java-1.8-openjdk/jre/lib/amd64/server:/usr/lib/jvm/java-1.8-openjdk/jre/lib/amd64:/usr/lib/jvm/java-1.8-openjdk/jre/../lib/amd64:/workdir/hadoop-ozone/integration-test/target/native/target/usr/local/lib:/workdir/hadoop-ozone/integration-test/../../hadoop-common-project/hadoop-common/target/native/target/usr/local/lib:/usr/java/packages/lib/amd64:/usr/lib64:/lib64:/lib:/usr/lib"/>
    <property name="java.vm.info" value="mixed mode"/>
    <property name="java.vendor" value="IcedTea"/>
    <property name="java.vm.version" value="25.212-b04"/>
    <property name="java.ext.dirs" value="/usr/lib/jvm/java-1.8-openjdk/jre/lib/ext:/usr/java/packages/lib/ext"/>
    <property name="sun.io.unicode.encoding" value="UnicodeLittle"/>
    <property name="java.class.version" value="52.0"/>
  </properties>
  <testcase name="testReleaseBuffers" classname="org.apache.hadoop.ozone.client.rpc.TestCommitWatcher" time="5.376"/>
  <testcase name="testReleaseBuffersOnException" classname="org.apache.hadoop.ozone.client.rpc.TestCommitWatcher" time="15.888">
    <failure type="java.lang.AssertionError">java.lang.AssertionError
	at org.junit.Assert.fail(Assert.java:86)
	at org.junit.Assert.assertTrue(Assert.java:41)
	at org.junit.Assert.assertTrue(Assert.java:52)
	at org.apache.hadoop.ozone.client.rpc.TestCommitWatcher.testReleaseBuffersOnException(TestCommitWatcher.java:284)
	at sun.reflect.NativeMethodAccessorImpl.invoke0(Native Method)
	at sun.reflect.NativeMethodAccessorImpl.invoke(NativeMethodAccessorImpl.java:62)
	at sun.reflect.DelegatingMethodAccessorImpl.invoke(DelegatingMethodAccessorImpl.java:43)
	at java.lang.reflect.Method.invoke(Method.java:498)
	at org.junit.runners.model.FrameworkMethod$1.runReflectiveCall(FrameworkMethod.java:47)
	at org.junit.internal.runners.model.ReflectiveCallable.run(ReflectiveCallable.java:12)
	at org.junit.runners.model.FrameworkMethod.invokeExplosively(FrameworkMethod.java:44)
	at org.junit.internal.runners.statements.InvokeMethod.evaluate(InvokeMethod.java:17)
	at org.junit.runners.ParentRunner.runLeaf(ParentRunner.java:271)
	at org.junit.runners.BlockJUnit4ClassRunner.runChild(BlockJUnit4ClassRunner.java:70)
	at org.junit.runners.BlockJUnit4ClassRunner.runChild(BlockJUnit4ClassRunner.java:50)
	at org.junit.runners.ParentRunner$3.run(ParentRunner.java:238)
	at org.junit.runners.ParentRunner$1.schedule(ParentRunner.java:63)
	at org.junit.runners.ParentRunner.runChildren(ParentRunner.java:236)
	at org.junit.runners.ParentRunner.access$000(ParentRunner.java:53)
	at org.junit.runners.ParentRunner$2.evaluate(ParentRunner.java:229)
	at org.junit.internal.runners.statements.RunBefores.evaluate(RunBefores.java:26)
	at org.junit.internal.runners.statements.RunAfters.evaluate(RunAfters.java:27)
	at org.junit.runners.ParentRunner.run(ParentRunner.java:309)
	at org.apache.maven.surefire.junit4.JUnit4Provider.execute(JUnit4Provider.java:365)
	at org.apache.maven.surefire.junit4.JUnit4Provider.executeWithRerun(JUnit4Provider.java:273)
	at org.apache.maven.surefire.junit4.JUnit4Provider.executeTestSet(JUnit4Provider.java:238)
	at org.apache.maven.surefire.junit4.JUnit4Provider.invoke(JUnit4Provider.java:159)
	at org.apache.maven.surefire.booter.ForkedBooter.invokeProviderInSameClassLoader(ForkedBooter.java:384)
	at org.apache.maven.surefire.booter.ForkedBooter.runSuitesInProcess(ForkedBooter.java:345)
	at org.apache.maven.surefire.booter.ForkedBooter.execute(ForkedBooter.java:126)
	at org.apache.maven.surefire.booter.ForkedBooter.main(ForkedBooter.java:418)
</failure>
    <system-out><![CDATA[2019-08-31 22:16:48,313 [grpc-default-executor-7] INFO  client.GrpcClientProtocolClient (GrpcClientProtocolClient.java:onNext(255)) - client-26D90416B7C4->2f259444-f35d-42b7-9b4c-2aa5de8bb1cf: receive RaftClientReply:client-26D90416B7C4->2f259444-f35d-42b7-9b4c-2aa5de8bb1cf@group-E1A0731CE5A1, cid=17, FAILED org.apache.ratis.protocol.NotLeaderException: Server 2f259444-f35d-42b7-9b4c-2aa5de8bb1cf is not the leader (null). Request must be sent to leader., logIndex=0, commits[2f259444-f35d-42b7-9b4c-2aa5de8bb1cf:c-1]
2019-08-31 22:16:48,473 | INFO  | SCMAudit | user=jenkins1000 | ip=192.168.34.42 | op=SEND_HEARTBEAT {datanodeUUID=2f259444-f35d-42b7-9b4c-2aa5de8bb1cf, command=[]} | ret=SUCCESS |  
2019-08-31 22:16:48,653 | INFO  | SCMAudit | user=jenkins1000 | ip=192.168.34.42 | op=SEND_HEARTBEAT {datanodeUUID=f719c65a-515f-4544-b587-f31e1f35e03e, command=[]} | ret=SUCCESS |  
2019-08-31 22:16:48,910 | INFO  | SCMAudit | user=jenkins1000 | ip=192.168.34.42 | op=SEND_HEARTBEAT {datanodeUUID=8c091f35-6b0a-482f-83d5-024c21364ee0, command=[]} | ret=SUCCESS |  
2019-08-31 22:16:48,965 | INFO  | SCMAudit | user=jenkins1000 | ip=192.168.34.42 | op=SEND_HEARTBEAT {datanodeUUID=f22c4387-93a8-4d08-bad3-a6c46ab2ccd5, command=[]} | ret=SUCCESS |  
2019-08-31 22:16:48,999 | INFO  | SCMAudit | user=jenkins1000 | ip=192.168.34.42 | op=SEND_HEARTBEAT {datanodeUUID=d38f4497-543b-4607-bb15-7398de33a95c, command=[]} | ret=SUCCESS |  
2019-08-31 22:16:49,001 | INFO  | SCMAudit | user=jenkins1000 | ip=192.168.34.42 | op=SEND_HEARTBEAT {datanodeUUID=4028c239-37b3-41d3-8c89-e0327e245bcc, command=[]} | ret=SUCCESS |  
2019-08-31 22:16:49,044 | INFO  | SCMAudit | user=jenkins1000 | ip=192.168.34.42 | op=SEND_HEARTBEAT {datanodeUUID=ee79219a-8af0-4e50-9e28-8368562739ac, command=[]} | ret=SUCCESS |  
2019-08-31 22:16:49,349 [grpc-default-executor-7] INFO  client.GrpcClientProtocolClient (GrpcClientProtocolClient.java:onNext(255)) - client-26D90416B7C4->ee79219a-8af0-4e50-9e28-8368562739ac: receive RaftClientReply:client-26D90416B7C4->ee79219a-8af0-4e50-9e28-8368562739ac@group-E1A0731CE5A1, cid=17, FAILED org.apache.ratis.protocol.NotLeaderException: Server ee79219a-8af0-4e50-9e28-8368562739ac is not the leader (null). Request must be sent to leader., logIndex=0, commits[ee79219a-8af0-4e50-9e28-8368562739ac:c-1]
2019-08-31 22:16:49,474 | INFO  | SCMAudit | user=jenkins1000 | ip=192.168.34.42 | op=SEND_HEARTBEAT {datanodeUUID=2f259444-f35d-42b7-9b4c-2aa5de8bb1cf, command=[]} | ret=SUCCESS |  
2019-08-31 22:16:49,656 | INFO  | SCMAudit | user=jenkins1000 | ip=192.168.34.42 | op=SEND_HEARTBEAT {datanodeUUID=f719c65a-515f-4544-b587-f31e1f35e03e, command=[]} | ret=SUCCESS |  
2019-08-31 22:16:49,910 | INFO  | SCMAudit | user=jenkins1000 | ip=192.168.34.42 | op=SEND_HEARTBEAT {datanodeUUID=8c091f35-6b0a-482f-83d5-024c21364ee0, command=[]} | ret=SUCCESS |  
2019-08-31 22:16:49,966 | INFO  | SCMAudit | user=jenkins1000 | ip=192.168.34.42 | op=SEND_HEARTBEAT {datanodeUUID=f22c4387-93a8-4d08-bad3-a6c46ab2ccd5, command=[]} | ret=SUCCESS |  
2019-08-31 22:16:50,000 | INFO  | SCMAudit | user=jenkins1000 | ip=192.168.34.42 | op=SEND_HEARTBEAT {datanodeUUID=d38f4497-543b-4607-bb15-7398de33a95c, command=[]} | ret=SUCCESS |  
2019-08-31 22:16:50,001 | INFO  | SCMAudit | user=jenkins1000 | ip=192.168.34.42 | op=SEND_HEARTBEAT {datanodeUUID=4028c239-37b3-41d3-8c89-e0327e245bcc, command=[]} | ret=SUCCESS |  
2019-08-31 22:16:50,044 | INFO  | SCMAudit | user=jenkins1000 | ip=192.168.34.42 | op=SEND_HEARTBEAT {datanodeUUID=ee79219a-8af0-4e50-9e28-8368562739ac, command=[]} | ret=SUCCESS |  
2019-08-31 22:16:50,385 [grpc-default-executor-5] INFO  client.GrpcClientProtocolClient (GrpcClientProtocolClient.java:onNext(255)) - client-26D90416B7C4->2f259444-f35d-42b7-9b4c-2aa5de8bb1cf: receive RaftClientReply:client-26D90416B7C4->2f259444-f35d-42b7-9b4c-2aa5de8bb1cf@group-E1A0731CE5A1, cid=17, FAILED org.apache.ratis.protocol.NotLeaderException: Server 2f259444-f35d-42b7-9b4c-2aa5de8bb1cf is not the leader (null). Request must be sent to leader., logIndex=0, commits[2f259444-f35d-42b7-9b4c-2aa5de8bb1cf:c-1]
2019-08-31 22:16:50,473 | INFO  | SCMAudit | user=jenkins1000 | ip=192.168.34.42 | op=SEND_HEARTBEAT {datanodeUUID=2f259444-f35d-42b7-9b4c-2aa5de8bb1cf, command=[]} | ret=SUCCESS |  
2019-08-31 22:16:50,653 | INFO  | SCMAudit | user=jenkins1000 | ip=192.168.34.42 | op=SEND_HEARTBEAT {datanodeUUID=f719c65a-515f-4544-b587-f31e1f35e03e, command=[]} | ret=SUCCESS |  
2019-08-31 22:16:50,911 | INFO  | SCMAudit | user=jenkins1000 | ip=192.168.34.42 | op=SEND_HEARTBEAT {datanodeUUID=8c091f35-6b0a-482f-83d5-024c21364ee0, command=[]} | ret=SUCCESS |  
2019-08-31 22:16:50,965 | INFO  | SCMAudit | user=jenkins1000 | ip=192.168.34.42 | op=SEND_HEARTBEAT {datanodeUUID=f22c4387-93a8-4d08-bad3-a6c46ab2ccd5, command=[]} | ret=SUCCESS |  
2019-08-31 22:16:51,000 | INFO  | SCMAudit | user=jenkins1000 | ip=192.168.34.42 | op=SEND_HEARTBEAT {datanodeUUID=d38f4497-543b-4607-bb15-7398de33a95c, command=[]} | ret=SUCCESS |  
2019-08-31 22:16:51,001 | INFO  | SCMAudit | user=jenkins1000 | ip=192.168.34.42 | op=SEND_HEARTBEAT {datanodeUUID=4028c239-37b3-41d3-8c89-e0327e245bcc, command=[]} | ret=SUCCESS |  
2019-08-31 22:16:51,044 | INFO  | SCMAudit | user=jenkins1000 | ip=192.168.34.42 | op=SEND_HEARTBEAT {datanodeUUID=ee79219a-8af0-4e50-9e28-8368562739ac, command=[]} | ret=SUCCESS |  
2019-08-31 22:16:51,417 [grpc-default-executor-5] INFO  client.GrpcClientProtocolClient (GrpcClientProtocolClient.java:onNext(255)) - client-26D90416B7C4->ee79219a-8af0-4e50-9e28-8368562739ac: receive RaftClientReply:client-26D90416B7C4->ee79219a-8af0-4e50-9e28-8368562739ac@group-E1A0731CE5A1, cid=17, FAILED org.apache.ratis.protocol.NotLeaderException: Server ee79219a-8af0-4e50-9e28-8368562739ac is not the leader (null). Request must be sent to leader., logIndex=0, commits[ee79219a-8af0-4e50-9e28-8368562739ac:c-1]
2019-08-31 22:16:51,474 | INFO  | SCMAudit | user=jenkins1000 | ip=192.168.34.42 | op=SEND_HEARTBEAT {datanodeUUID=2f259444-f35d-42b7-9b4c-2aa5de8bb1cf, command=[]} | ret=SUCCESS |  
2019-08-31 22:16:51,653 | INFO  | SCMAudit | user=jenkins1000 | ip=192.168.34.42 | op=SEND_HEARTBEAT {datanodeUUID=f719c65a-515f-4544-b587-f31e1f35e03e, command=[]} | ret=SUCCESS |  
2019-08-31 22:16:51,910 | INFO  | SCMAudit | user=jenkins1000 | ip=192.168.34.42 | op=SEND_HEARTBEAT {datanodeUUID=8c091f35-6b0a-482f-83d5-024c21364ee0, command=[]} | ret=SUCCESS |  
2019-08-31 22:16:51,965 | INFO  | SCMAudit | user=jenkins1000 | ip=192.168.34.42 | op=SEND_HEARTBEAT {datanodeUUID=f22c4387-93a8-4d08-bad3-a6c46ab2ccd5, command=[]} | ret=SUCCESS |  
2019-08-31 22:16:51,999 | INFO  | SCMAudit | user=jenkins1000 | ip=192.168.34.42 | op=SEND_HEARTBEAT {datanodeUUID=d38f4497-543b-4607-bb15-7398de33a95c, command=[]} | ret=SUCCESS |  
2019-08-31 22:16:52,001 | INFO  | SCMAudit | user=jenkins1000 | ip=192.168.34.42 | op=SEND_HEARTBEAT {datanodeUUID=4028c239-37b3-41d3-8c89-e0327e245bcc, command=[]} | ret=SUCCESS |  
2019-08-31 22:16:52,044 | INFO  | SCMAudit | user=jenkins1000 | ip=192.168.34.42 | op=SEND_HEARTBEAT {datanodeUUID=ee79219a-8af0-4e50-9e28-8368562739ac, command=[]} | ret=SUCCESS |  
2019-08-31 22:16:52,447 [grpc-default-executor-5] INFO  client.GrpcClientProtocolClient (GrpcClientProtocolClient.java:onNext(255)) - client-26D90416B7C4->2f259444-f35d-42b7-9b4c-2aa5de8bb1cf: receive RaftClientReply:client-26D90416B7C4->2f259444-f35d-42b7-9b4c-2aa5de8bb1cf@group-E1A0731CE5A1, cid=17, FAILED org.apache.ratis.protocol.NotLeaderException: Server 2f259444-f35d-42b7-9b4c-2aa5de8bb1cf is not the leader (null). Request must be sent to leader., logIndex=0, commits[2f259444-f35d-42b7-9b4c-2aa5de8bb1cf:c-1]
2019-08-31 22:16:52,474 | INFO  | SCMAudit | user=jenkins1000 | ip=192.168.34.42 | op=SEND_HEARTBEAT {datanodeUUID=2f259444-f35d-42b7-9b4c-2aa5de8bb1cf, command=[]} | ret=SUCCESS |  
2019-08-31 22:16:52,481 [Thread-332] INFO  impl.FollowerState (FollowerState.java:run(106)) - f719c65a-515f-4544-b587-f31e1f35e03e:group-E1A0731CE5A1 changes to CANDIDATE, lastRpcTime:5052, electionTimeout:5051ms
2019-08-31 22:16:52,484 [Thread-332] INFO  impl.RoleInfo (RoleInfo.java:shutdownFollowerState(121)) - f719c65a-515f-4544-b587-f31e1f35e03e: shutdown FollowerState
2019-08-31 22:16:52,484 [Thread-332] INFO  impl.RaftServerImpl (RaftServerImpl.java:setRole(171)) - f719c65a-515f-4544-b587-f31e1f35e03e:group-E1A0731CE5A1 changes role from FOLLOWER to CANDIDATE at term 1 for changeToCandidate
2019-08-31 22:16:52,484 [Thread-332] INFO  impl.RoleInfo (RoleInfo.java:updateAndGet(143)) - f719c65a-515f-4544-b587-f31e1f35e03e: start LeaderElection
2019-08-31 22:16:52,501 [f719c65a-515f-4544-b587-f31e1f35e03e:group-E1A0731CE5A1:LeaderElection13] INFO  impl.LeaderElection (LeaderElection.java:askForVotes(181)) - f719c65a-515f-4544-b587-f31e1f35e03e:group-E1A0731CE5A1:LeaderElection13: begin an election at term 2 for -1: [ee79219a-8af0-4e50-9e28-8368562739ac:192.168.34.42:37529, f719c65a-515f-4544-b587-f31e1f35e03e:192.168.34.42:35599, 2f259444-f35d-42b7-9b4c-2aa5de8bb1cf:192.168.34.42:35291], old=null
2019-08-31 22:16:52,509 [grpc-default-executor-5] INFO  impl.RaftServerImpl (RaftServerImpl.java:setRole(171)) - ee79219a-8af0-4e50-9e28-8368562739ac:group-E1A0731CE5A1 changes role from FOLLOWER to FOLLOWER at term 2 for recognizeCandidate:f719c65a-515f-4544-b587-f31e1f35e03e
2019-08-31 22:16:52,509 [grpc-default-executor-7] INFO  impl.RaftServerImpl (RaftServerImpl.java:setRole(171)) - 2f259444-f35d-42b7-9b4c-2aa5de8bb1cf:group-E1A0731CE5A1 changes role from FOLLOWER to FOLLOWER at term 2 for recognizeCandidate:f719c65a-515f-4544-b587-f31e1f35e03e
2019-08-31 22:16:52,509 [grpc-default-executor-5] INFO  impl.RoleInfo (RoleInfo.java:shutdownFollowerState(121)) - ee79219a-8af0-4e50-9e28-8368562739ac: shutdown FollowerState
2019-08-31 22:16:52,510 [grpc-default-executor-7] INFO  impl.RoleInfo (RoleInfo.java:shutdownFollowerState(121)) - 2f259444-f35d-42b7-9b4c-2aa5de8bb1cf: shutdown FollowerState
2019-08-31 22:16:52,510 [Thread-333] INFO  impl.FollowerState (FollowerState.java:run(114)) - ee79219a-8af0-4e50-9e28-8368562739ac: FollowerState was interrupted: java.lang.InterruptedException: sleep interrupted
2019-08-31 22:16:52,510 [Thread-334] INFO  impl.FollowerState (FollowerState.java:run(114)) - 2f259444-f35d-42b7-9b4c-2aa5de8bb1cf: FollowerState was interrupted: java.lang.InterruptedException: sleep interrupted
2019-08-31 22:16:52,510 [grpc-default-executor-5] INFO  impl.RoleInfo (RoleInfo.java:updateAndGet(143)) - ee79219a-8af0-4e50-9e28-8368562739ac: start FollowerState
2019-08-31 22:16:52,510 [grpc-default-executor-7] INFO  impl.RoleInfo (RoleInfo.java:updateAndGet(143)) - 2f259444-f35d-42b7-9b4c-2aa5de8bb1cf: start FollowerState
2019-08-31 22:16:52,530 [f719c65a-515f-4544-b587-f31e1f35e03e:group-E1A0731CE5A1:LeaderElection13] INFO  impl.LeaderElection (LeaderElection.java:logAndReturn(56)) - f719c65a-515f-4544-b587-f31e1f35e03e:group-E1A0731CE5A1:LeaderElection13: Election PASSED; received 1 response(s) [f719c65a-515f-4544-b587-f31e1f35e03e<-2f259444-f35d-42b7-9b4c-2aa5de8bb1cf#0:OK-t2] and 0 exception(s); f719c65a-515f-4544-b587-f31e1f35e03e:t2, leader=null, voted=f719c65a-515f-4544-b587-f31e1f35e03e, raftlog=f719c65a-515f-4544-b587-f31e1f35e03e-SegmentedRaftLog:OPENED:c-1,f-1,i0, conf=-1: [ee79219a-8af0-4e50-9e28-8368562739ac:192.168.34.42:37529, f719c65a-515f-4544-b587-f31e1f35e03e:192.168.34.42:35599, 2f259444-f35d-42b7-9b4c-2aa5de8bb1cf:192.168.34.42:35291], old=null
2019-08-31 22:16:52,530 [f719c65a-515f-4544-b587-f31e1f35e03e:group-E1A0731CE5A1:LeaderElection13] INFO  impl.RoleInfo (RoleInfo.java:shutdownLeaderElection(134)) - f719c65a-515f-4544-b587-f31e1f35e03e: shutdown LeaderElection
2019-08-31 22:16:52,533 [f719c65a-515f-4544-b587-f31e1f35e03e:group-E1A0731CE5A1:LeaderElection13] INFO  impl.RaftServerImpl (RaftServerImpl.java:setRole(171)) - f719c65a-515f-4544-b587-f31e1f35e03e:group-E1A0731CE5A1 changes role from CANDIDATE to LEADER at term 2 for changeToLeader
2019-08-31 22:16:52,533 [f719c65a-515f-4544-b587-f31e1f35e03e:group-E1A0731CE5A1:LeaderElection13] INFO  impl.RaftServerImpl (ServerState.java:setLeader(263)) - f719c65a-515f-4544-b587-f31e1f35e03e:group-E1A0731CE5A1 change Leader from null to f719c65a-515f-4544-b587-f31e1f35e03e at term 2 for becomeLeader, leader elected after 10288ms
2019-08-31 22:16:52,533 [f719c65a-515f-4544-b587-f31e1f35e03e:group-E1A0731CE5A1:LeaderElection13] INFO  server.RaftServerConfigKeys (ConfUtils.java:logGet(43)) - raft.server.staging.catchup.gap = 1000 (default)
2019-08-31 22:16:52,533 [f719c65a-515f-4544-b587-f31e1f35e03e:group-E1A0731CE5A1:LeaderElection13] INFO  server.RaftServerConfigKeys (ConfUtils.java:logGet(43)) - raft.server.rpc.sleep.time = 25ms (default)
2019-08-31 22:16:52,534 [f719c65a-515f-4544-b587-f31e1f35e03e:group-E1A0731CE5A1:LeaderElection13] INFO  server.RaftServerConfigKeys (ConfUtils.java:logGet(43)) - raft.server.write.element-limit = 4096 (default)
2019-08-31 22:16:52,534 [f719c65a-515f-4544-b587-f31e1f35e03e:group-E1A0731CE5A1:LeaderElection13] INFO  server.RaftServerConfigKeys (ConfUtils.java:logGet(43)) - raft.server.watch.timeout = 10s (default)
2019-08-31 22:16:52,534 [f719c65a-515f-4544-b587-f31e1f35e03e:group-E1A0731CE5A1:LeaderElection13] INFO  server.RaftServerConfigKeys (ConfUtils.java:logGet(43)) - raft.server.watch.timeout.denomination = 1s (default)
2019-08-31 22:16:52,534 [f719c65a-515f-4544-b587-f31e1f35e03e:group-E1A0731CE5A1:LeaderElection13] INFO  server.RaftServerConfigKeys (ConfUtils.java:logGet(43)) - raft.server.watch.element-limit = 65536 (default)
2019-08-31 22:16:52,535 [f719c65a-515f-4544-b587-f31e1f35e03e:group-E1A0731CE5A1:LeaderElection13] INFO  server.RaftServerConfigKeys (ConfUtils.java:logGet(43)) - raft.server.log.appender.snapshot.chunk.size.max = 16MB (=16777216) (default)
2019-08-31 22:16:52,535 [f719c65a-515f-4544-b587-f31e1f35e03e:group-E1A0731CE5A1:LeaderElection13] INFO  server.RaftServerConfigKeys (ConfUtils.java:logGet(43)) - raft.server.log.appender.buffer.byte-limit = 33554432 (custom)
2019-08-31 22:16:52,535 [f719c65a-515f-4544-b587-f31e1f35e03e:group-E1A0731CE5A1:LeaderElection13] INFO  server.RaftServerConfigKeys (ConfUtils.java:logGet(43)) - raft.server.log.appender.buffer.element-limit = 1 (custom)
2019-08-31 22:16:52,536 [f719c65a-515f-4544-b587-f31e1f35e03e:group-E1A0731CE5A1:LeaderElection13] INFO  grpc.GrpcConfigKeys$Server (ConfUtils.java:logGet(43)) - raft.grpc.server.leader.outstanding.appends.max = 128 (default)
2019-08-31 22:16:52,538 [f719c65a-515f-4544-b587-f31e1f35e03e:group-E1A0731CE5A1:LeaderElection13] INFO  server.RaftServerConfigKeys (ConfUtils.java:logGet(43)) - raft.server.rpc.request.timeout = 3000ms (default)
2019-08-31 22:16:52,538 [f719c65a-515f-4544-b587-f31e1f35e03e:group-E1A0731CE5A1:LeaderElection13] INFO  server.RaftServerConfigKeys (ConfUtils.java:logGet(43)) - raft.server.log.appender.install.snapshot.enabled = false (custom)
2019-08-31 22:16:52,538 [f719c65a-515f-4544-b587-f31e1f35e03e:group-E1A0731CE5A1:LeaderElection13] INFO  server.RaftServerConfigKeys (ConfUtils.java:logGet(43)) - raft.server.log.appender.snapshot.chunk.size.max = 16MB (=16777216) (default)
2019-08-31 22:16:52,538 [f719c65a-515f-4544-b587-f31e1f35e03e:group-E1A0731CE5A1:LeaderElection13] INFO  server.RaftServerConfigKeys (ConfUtils.java:logGet(43)) - raft.server.log.appender.buffer.byte-limit = 33554432 (custom)
2019-08-31 22:16:52,539 [f719c65a-515f-4544-b587-f31e1f35e03e:group-E1A0731CE5A1:LeaderElection13] INFO  server.RaftServerConfigKeys (ConfUtils.java:logGet(43)) - raft.server.log.appender.buffer.element-limit = 1 (custom)
2019-08-31 22:16:52,539 [f719c65a-515f-4544-b587-f31e1f35e03e:group-E1A0731CE5A1:LeaderElection13] INFO  grpc.GrpcConfigKeys$Server (ConfUtils.java:logGet(43)) - raft.grpc.server.leader.outstanding.appends.max = 128 (default)
2019-08-31 22:16:52,539 [f719c65a-515f-4544-b587-f31e1f35e03e:group-E1A0731CE5A1:LeaderElection13] INFO  server.RaftServerConfigKeys (ConfUtils.java:logGet(43)) - raft.server.rpc.request.timeout = 3000ms (default)
2019-08-31 22:16:52,539 [f719c65a-515f-4544-b587-f31e1f35e03e:group-E1A0731CE5A1:LeaderElection13] INFO  server.RaftServerConfigKeys (ConfUtils.java:logGet(43)) - raft.server.log.appender.install.snapshot.enabled = false (custom)
2019-08-31 22:16:52,540 [f719c65a-515f-4544-b587-f31e1f35e03e:group-E1A0731CE5A1:LeaderElection13] INFO  impl.RoleInfo (RoleInfo.java:updateAndGet(143)) - f719c65a-515f-4544-b587-f31e1f35e03e: start LeaderState
2019-08-31 22:16:52,540 [f719c65a-515f-4544-b587-f31e1f35e03e:group-E1A0731CE5A1:LeaderElection13] INFO  segmented.SegmentedRaftLogWorker (SegmentedRaftLogWorker.java:startLogSegment(380)) - f719c65a-515f-4544-b587-f31e1f35e03e-SegmentedRaftLogWorker:Storage Directory /workdir/hadoop-ozone/integration-test/target/test-dir/MiniOzoneClusterImpl-79a53f41-50d1-4ac1-b23d-ae4981957128/datanode-1/data/ratis/ee58d97e-c2cc-4681-b814-e1a0731ce5a1: Starting segment from index:0
2019-08-31 22:16:52,541 [f719c65a-515f-4544-b587-f31e1f35e03e:group-E1A0731CE5A1:LeaderElection13] INFO  impl.RaftServerImpl (ServerState.java:setRaftConf(361)) - f719c65a-515f-4544-b587-f31e1f35e03e:group-E1A0731CE5A1 set configuration 0: [ee79219a-8af0-4e50-9e28-8368562739ac:192.168.34.42:37529, f719c65a-515f-4544-b587-f31e1f35e03e:192.168.34.42:35599, 2f259444-f35d-42b7-9b4c-2aa5de8bb1cf:192.168.34.42:35291], old=null at 0
2019-08-31 22:16:52,582 [grpc-default-executor-5] INFO  impl.RaftServerImpl (ServerState.java:setLeader(263)) - ee79219a-8af0-4e50-9e28-8368562739ac:group-E1A0731CE5A1 change Leader from null to f719c65a-515f-4544-b587-f31e1f35e03e at term 2 for appendEntries, leader elected after 10338ms
2019-08-31 22:16:52,599 [f719c65a-515f-4544-b587-f31e1f35e03e-SegmentedRaftLogWorker:Storage Directory /workdir/hadoop-ozone/integration-test/target/test-dir/MiniOzoneClusterImpl-79a53f41-50d1-4ac1-b23d-ae4981957128/datanode-1/data/ratis/ee58d97e-c2cc-4681-b814-e1a0731ce5a1] INFO  segmented.SegmentedRaftLogWorker (SegmentedRaftLogWorker.java:execute(569)) - f719c65a-515f-4544-b587-f31e1f35e03e-SegmentedRaftLogWorker:Storage Directory /workdir/hadoop-ozone/integration-test/target/test-dir/MiniOzoneClusterImpl-79a53f41-50d1-4ac1-b23d-ae4981957128/datanode-1/data/ratis/ee58d97e-c2cc-4681-b814-e1a0731ce5a1: created new log segment /workdir/hadoop-ozone/integration-test/target/test-dir/MiniOzoneClusterImpl-79a53f41-50d1-4ac1-b23d-ae4981957128/datanode-1/data/ratis/ee58d97e-c2cc-4681-b814-e1a0731ce5a1/current/log_inprogress_0
2019-08-31 22:16:52,582 [grpc-default-executor-7] INFO  impl.RaftServerImpl (ServerState.java:setLeader(263)) - 2f259444-f35d-42b7-9b4c-2aa5de8bb1cf:group-E1A0731CE5A1 change Leader from null to f719c65a-515f-4544-b587-f31e1f35e03e at term 2 for appendEntries, leader elected after 10337ms
2019-08-31 22:16:52,603 [grpc-default-executor-5] INFO  impl.RaftServerImpl (ServerState.java:setRaftConf(361)) - 2f259444-f35d-42b7-9b4c-2aa5de8bb1cf:group-E1A0731CE5A1 set configuration 0: [ee79219a-8af0-4e50-9e28-8368562739ac:192.168.34.42:37529, f719c65a-515f-4544-b587-f31e1f35e03e:192.168.34.42:35599, 2f259444-f35d-42b7-9b4c-2aa5de8bb1cf:192.168.34.42:35291], old=null at 0
2019-08-31 22:16:52,603 [grpc-default-executor-7] INFO  impl.RaftServerImpl (ServerState.java:setRaftConf(361)) - ee79219a-8af0-4e50-9e28-8368562739ac:group-E1A0731CE5A1 set configuration 0: [ee79219a-8af0-4e50-9e28-8368562739ac:192.168.34.42:37529, f719c65a-515f-4544-b587-f31e1f35e03e:192.168.34.42:35599, 2f259444-f35d-42b7-9b4c-2aa5de8bb1cf:192.168.34.42:35291], old=null at 0
2019-08-31 22:16:52,604 [grpc-default-executor-5] INFO  segmented.SegmentedRaftLogWorker (SegmentedRaftLogWorker.java:startLogSegment(380)) - 2f259444-f35d-42b7-9b4c-2aa5de8bb1cf-SegmentedRaftLogWorker:Storage Directory /workdir/hadoop-ozone/integration-test/target/test-dir/MiniOzoneClusterImpl-79a53f41-50d1-4ac1-b23d-ae4981957128/datanode-6/data/ratis/ee58d97e-c2cc-4681-b814-e1a0731ce5a1: Starting segment from index:0
2019-08-31 22:16:52,604 [grpc-default-executor-7] INFO  segmented.SegmentedRaftLogWorker (SegmentedRaftLogWorker.java:startLogSegment(380)) - ee79219a-8af0-4e50-9e28-8368562739ac-SegmentedRaftLogWorker:Storage Directory /workdir/hadoop-ozone/integration-test/target/test-dir/MiniOzoneClusterImpl-79a53f41-50d1-4ac1-b23d-ae4981957128/datanode-5/data/ratis/ee58d97e-c2cc-4681-b814-e1a0731ce5a1: Starting segment from index:0
2019-08-31 22:16:52,657 | INFO  | SCMAudit | user=jenkins1000 | ip=192.168.34.42 | op=SEND_HEARTBEAT {datanodeUUID=f719c65a-515f-4544-b587-f31e1f35e03e, command=[]} | ret=SUCCESS |  
2019-08-31 22:16:52,668 [2f259444-f35d-42b7-9b4c-2aa5de8bb1cf-SegmentedRaftLogWorker:Storage Directory /workdir/hadoop-ozone/integration-test/target/test-dir/MiniOzoneClusterImpl-79a53f41-50d1-4ac1-b23d-ae4981957128/datanode-6/data/ratis/ee58d97e-c2cc-4681-b814-e1a0731ce5a1] INFO  segmented.SegmentedRaftLogWorker (SegmentedRaftLogWorker.java:execute(569)) - 2f259444-f35d-42b7-9b4c-2aa5de8bb1cf-SegmentedRaftLogWorker:Storage Directory /workdir/hadoop-ozone/integration-test/target/test-dir/MiniOzoneClusterImpl-79a53f41-50d1-4ac1-b23d-ae4981957128/datanode-6/data/ratis/ee58d97e-c2cc-4681-b814-e1a0731ce5a1: created new log segment /workdir/hadoop-ozone/integration-test/target/test-dir/MiniOzoneClusterImpl-79a53f41-50d1-4ac1-b23d-ae4981957128/datanode-6/data/ratis/ee58d97e-c2cc-4681-b814-e1a0731ce5a1/current/log_inprogress_0
2019-08-31 22:16:52,668 [ee79219a-8af0-4e50-9e28-8368562739ac-SegmentedRaftLogWorker:Storage Directory /workdir/hadoop-ozone/integration-test/target/test-dir/MiniOzoneClusterImpl-79a53f41-50d1-4ac1-b23d-ae4981957128/datanode-5/data/ratis/ee58d97e-c2cc-4681-b814-e1a0731ce5a1] INFO  segmented.SegmentedRaftLogWorker (SegmentedRaftLogWorker.java:execute(569)) - ee79219a-8af0-4e50-9e28-8368562739ac-SegmentedRaftLogWorker:Storage Directory /workdir/hadoop-ozone/integration-test/target/test-dir/MiniOzoneClusterImpl-79a53f41-50d1-4ac1-b23d-ae4981957128/datanode-5/data/ratis/ee58d97e-c2cc-4681-b814-e1a0731ce5a1: created new log segment /workdir/hadoop-ozone/integration-test/target/test-dir/MiniOzoneClusterImpl-79a53f41-50d1-4ac1-b23d-ae4981957128/datanode-5/data/ratis/ee58d97e-c2cc-4681-b814-e1a0731ce5a1/current/log_inprogress_0
2019-08-31 22:16:52,912 | INFO  | SCMAudit | user=jenkins1000 | ip=192.168.34.42 | op=SEND_HEARTBEAT {datanodeUUID=8c091f35-6b0a-482f-83d5-024c21364ee0, command=[]} | ret=SUCCESS |  
2019-08-31 22:16:52,966 | INFO  | SCMAudit | user=jenkins1000 | ip=192.168.34.42 | op=SEND_HEARTBEAT {datanodeUUID=f22c4387-93a8-4d08-bad3-a6c46ab2ccd5, command=[]} | ret=SUCCESS |  
2019-08-31 22:16:52,999 | INFO  | SCMAudit | user=jenkins1000 | ip=192.168.34.42 | op=SEND_HEARTBEAT {datanodeUUID=d38f4497-543b-4607-bb15-7398de33a95c, command=[]} | ret=SUCCESS |  
2019-08-31 22:16:53,001 | INFO  | SCMAudit | user=jenkins1000 | ip=192.168.34.42 | op=SEND_HEARTBEAT {datanodeUUID=4028c239-37b3-41d3-8c89-e0327e245bcc, command=[]} | ret=SUCCESS |  
2019-08-31 22:16:53,045 | INFO  | SCMAudit | user=jenkins1000 | ip=192.168.34.42 | op=SEND_HEARTBEAT {datanodeUUID=ee79219a-8af0-4e50-9e28-8368562739ac, command=[]} | ret=SUCCESS |  
2019-08-31 22:16:53,473 | INFO  | SCMAudit | user=jenkins1000 | ip=192.168.34.42 | op=SEND_HEARTBEAT {datanodeUUID=2f259444-f35d-42b7-9b4c-2aa5de8bb1cf, command=[]} | ret=SUCCESS |  
2019-08-31 22:16:53,639 | INFO  | SCMAudit | user=jenkins1000 | ip=192.168.34.42 | op=SEND_HEARTBEAT {datanodeUUID=f719c65a-515f-4544-b587-f31e1f35e03e, command=[]} | ret=SUCCESS |  
2019-08-31 22:16:53,639 | INFO  | SCMAudit | user=jenkins1000 | ip=192.168.34.42 | op=SEND_HEARTBEAT {datanodeUUID=2f259444-f35d-42b7-9b4c-2aa5de8bb1cf, command=[]} | ret=SUCCESS |  
2019-08-31 22:16:53,639 | INFO  | SCMAudit | user=jenkins1000 | ip=192.168.34.42 | op=SEND_HEARTBEAT {datanodeUUID=ee79219a-8af0-4e50-9e28-8368562739ac, command=[]} | ret=SUCCESS |  
2019-08-31 22:16:53,654 | INFO  | DNAudit | user=null | ip=null | op=WRITE_CHUNK {blockData=conID: 2 locID: 1567289808272 bcsId: 0} | ret=SUCCESS |  
2019-08-31 22:16:53,654 | INFO  | DNAudit | user=null | ip=null | op=WRITE_CHUNK {blockData=conID: 2 locID: 1567289808272 bcsId: 0} | ret=SUCCESS |  
2019-08-31 22:16:53,654 | INFO  | DNAudit | user=null | ip=null | op=WRITE_CHUNK {blockData=conID: 2 locID: 1567289808272 bcsId: 0} | ret=SUCCESS |  
2019-08-31 22:16:53,691 | INFO  | DNAudit | user=null | ip=null | op=WRITE_CHUNK {blockData=conID: 2 locID: 1567289808272 bcsId: 0} | ret=SUCCESS |  
2019-08-31 22:16:53,691 | INFO  | DNAudit | user=null | ip=null | op=WRITE_CHUNK {blockData=conID: 2 locID: 1567289808272 bcsId: 0} | ret=SUCCESS |  
2019-08-31 22:16:53,695 | INFO  | DNAudit | user=null | ip=null | op=WRITE_CHUNK {blockData=conID: 2 locID: 1567289808272 bcsId: 0} | ret=SUCCESS |  
2019-08-31 22:16:53,715 [grpc-default-executor-5] INFO  client.GrpcClientProtocolClient (GrpcClientProtocolClient.java:onNext(255)) - client-26D90416B7C4->f719c65a-515f-4544-b587-f31e1f35e03e: receive RaftClientReply:client-26D90416B7C4->f719c65a-515f-4544-b587-f31e1f35e03e@group-E1A0731CE5A1, cid=17, SUCCESS, logIndex=1, commits[f719c65a-515f-4544-b587-f31e1f35e03e:c1, ee79219a-8af0-4e50-9e28-8368562739ac:c0, 2f259444-f35d-42b7-9b4c-2aa5de8bb1cf:c0]
2019-08-31 22:16:53,749 [pool-36-thread-4] WARN  impl.ChunkManagerImpl (ChunkUtils.java:validateChunkForOverwrite(203)) - Duplicate write chunk request. Chunk overwrite without explicit request. ChunkInfo{chunkName='1567289808272.data.0, offset=0, len=1048576}
2019-08-31 22:16:53,749 [pool-36-thread-4] WARN  impl.ChunkManagerImpl (ChunkManagerImpl.java:writeChunk(111)) - ChunkFile already exists/workdir/hadoop-ozone/integration-test/target/test-dir/MiniOzoneClusterImpl-79a53f41-50d1-4ac1-b23d-ae4981957128/datanode-1/data/containers/hdds/42e501d7-5b01-4258-817f-b8c3e45e67b9/current/containerDir0/2/chunks/1567289808272.data.0.Deleting it.
2019-08-31 22:16:53,753 | INFO  | DNAudit | user=null | ip=null | op=WRITE_CHUNK {blockData=conID: 2 locID: 1567289808272 bcsId: 0} | ret=SUCCESS |  
2019-08-31 22:16:53,764 [pool-86-thread-2] WARN  impl.ChunkManagerImpl (ChunkUtils.java:validateChunkForOverwrite(203)) - Duplicate write chunk request. Chunk overwrite without explicit request. ChunkInfo{chunkName='1567289808272.data.0, offset=0, len=1048576}
2019-08-31 22:16:53,764 [pool-76-thread-2] WARN  impl.ChunkManagerImpl (ChunkUtils.java:validateChunkForOverwrite(203)) - Duplicate write chunk request. Chunk overwrite without explicit request. ChunkInfo{chunkName='1567289808272.data.0, offset=0, len=1048576}
2019-08-31 22:16:53,765 [pool-86-thread-2] WARN  impl.ChunkManagerImpl (ChunkManagerImpl.java:writeChunk(111)) - ChunkFile already exists/workdir/hadoop-ozone/integration-test/target/test-dir/MiniOzoneClusterImpl-79a53f41-50d1-4ac1-b23d-ae4981957128/datanode-6/data/containers/hdds/42e501d7-5b01-4258-817f-b8c3e45e67b9/current/containerDir0/2/chunks/1567289808272.data.0.Deleting it.
2019-08-31 22:16:53,765 [pool-76-thread-2] WARN  impl.ChunkManagerImpl (ChunkManagerImpl.java:writeChunk(111)) - ChunkFile already exists/workdir/hadoop-ozone/integration-test/target/test-dir/MiniOzoneClusterImpl-79a53f41-50d1-4ac1-b23d-ae4981957128/datanode-5/data/containers/hdds/42e501d7-5b01-4258-817f-b8c3e45e67b9/current/containerDir0/2/chunks/1567289808272.data.0.Deleting it.
2019-08-31 22:16:53,768 | INFO  | DNAudit | user=null | ip=null | op=WRITE_CHUNK {blockData=conID: 2 locID: 1567289808272 bcsId: 0} | ret=SUCCESS |  
2019-08-31 22:16:53,769 | INFO  | DNAudit | user=null | ip=null | op=WRITE_CHUNK {blockData=conID: 2 locID: 1567289808272 bcsId: 0} | ret=SUCCESS |  
2019-08-31 22:16:53,836 | INFO  | DNAudit | user=null | ip=null | op=PUT_BLOCK {blockData=[blockId=conID: 2 locID: 1567289808272 bcsId: 0,size=1048576]} | ret=SUCCESS |  
2019-08-31 22:16:53,840 | INFO  | DNAudit | user=null | ip=null | op=WRITE_CHUNK {blockData=conID: 2 locID: 1567289808272 bcsId: 0} | ret=SUCCESS |  
2019-08-31 22:16:53,841 [grpc-default-executor-0] INFO  client.GrpcClientProtocolClient (GrpcClientProtocolClient.java:onNext(255)) - client-26D90416B7C4->f719c65a-515f-4544-b587-f31e1f35e03e: receive RaftClientReply:client-26D90416B7C4->f719c65a-515f-4544-b587-f31e1f35e03e@group-E1A0731CE5A1, cid=18, SUCCESS, logIndex=3, commits[f719c65a-515f-4544-b587-f31e1f35e03e:c8, ee79219a-8af0-4e50-9e28-8368562739ac:c6, 2f259444-f35d-42b7-9b4c-2aa5de8bb1cf:c6]
2019-08-31 22:16:53,842 [grpc-default-executor-0] INFO  client.GrpcClientProtocolClient (GrpcClientProtocolClient.java:onNext(255)) - client-26D90416B7C4->f719c65a-515f-4544-b587-f31e1f35e03e: receive RaftClientReply:client-26D90416B7C4->f719c65a-515f-4544-b587-f31e1f35e03e@group-E1A0731CE5A1, cid=19, SUCCESS, logIndex=4, commits[f719c65a-515f-4544-b587-f31e1f35e03e:c8, ee79219a-8af0-4e50-9e28-8368562739ac:c6, 2f259444-f35d-42b7-9b4c-2aa5de8bb1cf:c6]
2019-08-31 22:16:53,900 | INFO  | DNAudit | user=null | ip=null | op=PUT_BLOCK {blockData=[blockId=conID: 2 locID: 1567289808272 bcsId: 0,size=1048576]} | ret=SUCCESS |  
2019-08-31 22:16:53,901 | INFO  | DNAudit | user=null | ip=null | op=WRITE_CHUNK {blockData=conID: 2 locID: 1567289808272 bcsId: 0} | ret=SUCCESS |  
2019-08-31 22:16:53,911 | INFO  | SCMAudit | user=jenkins1000 | ip=192.168.34.42 | op=SEND_HEARTBEAT {datanodeUUID=8c091f35-6b0a-482f-83d5-024c21364ee0, command=[]} | ret=SUCCESS |  
2019-08-31 22:16:53,927 | INFO  | DNAudit | user=null | ip=null | op=PUT_BLOCK {blockData=[blockId=conID: 2 locID: 1567289808272 bcsId: 0,size=1048576]} | ret=SUCCESS |  
2019-08-31 22:16:53,927 | INFO  | DNAudit | user=null | ip=null | op=PUT_BLOCK {blockData=[blockId=conID: 2 locID: 1567289808272 bcsId: 0,size=1048576]} | ret=SUCCESS |  
2019-08-31 22:16:53,927 | INFO  | DNAudit | user=null | ip=null | op=PUT_BLOCK {blockData=[blockId=conID: 2 locID: 1567289808272 bcsId: 0,size=1048576]} | ret=SUCCESS |  
2019-08-31 22:16:53,928 | INFO  | DNAudit | user=null | ip=null | op=WRITE_CHUNK {blockData=conID: 2 locID: 1567289808272 bcsId: 0} | ret=SUCCESS |  
2019-08-31 22:16:53,928 | INFO  | DNAudit | user=null | ip=null | op=PUT_BLOCK {blockData=[blockId=conID: 2 locID: 1567289808272 bcsId: 0,size=1048576]} | ret=SUCCESS |  
2019-08-31 22:16:53,929 [grpc-default-executor-0] INFO  client.GrpcClientProtocolClient (GrpcClientProtocolClient.java:onNext(255)) - client-26D90416B7C4->f719c65a-515f-4544-b587-f31e1f35e03e: receive RaftClientReply:client-26D90416B7C4->f719c65a-515f-4544-b587-f31e1f35e03e@group-E1A0731CE5A1, cid=20, SUCCESS, logIndex=5, commits[f719c65a-515f-4544-b587-f31e1f35e03e:c8, ee79219a-8af0-4e50-9e28-8368562739ac:c6, 2f259444-f35d-42b7-9b4c-2aa5de8bb1cf:c6]
2019-08-31 22:16:53,965 | INFO  | SCMAudit | user=jenkins1000 | ip=192.168.34.42 | op=SEND_HEARTBEAT {datanodeUUID=f22c4387-93a8-4d08-bad3-a6c46ab2ccd5, command=[]} | ret=SUCCESS |  
2019-08-31 22:16:54,000 | INFO  | SCMAudit | user=jenkins1000 | ip=192.168.34.42 | op=SEND_HEARTBEAT {datanodeUUID=d38f4497-543b-4607-bb15-7398de33a95c, command=[]} | ret=SUCCESS |  
2019-08-31 22:16:54,000 | INFO  | SCMAudit | user=jenkins1000 | ip=192.168.34.42 | op=SEND_HEARTBEAT {datanodeUUID=4028c239-37b3-41d3-8c89-e0327e245bcc, command=[]} | ret=SUCCESS |  
2019-08-31 22:16:54,637 [Datanode State Machine Thread - 0] INFO  statemachine.DatanodeStateMachine (DatanodeStateMachine.java:lambda$startDaemon$0(350)) - Ozone container server started.
2019-08-31 22:16:54,638 | INFO  | SCMAudit | user=jenkins1000 | ip=192.168.34.42 | op=SEND_HEARTBEAT {datanodeUUID=ee79219a-8af0-4e50-9e28-8368562739ac, command=[]} | ret=SUCCESS |  
2019-08-31 22:16:54,639 | INFO  | SCMAudit | user=jenkins1000 | ip=192.168.34.42 | op=SEND_HEARTBEAT {datanodeUUID=f719c65a-515f-4544-b587-f31e1f35e03e, command=[]} | ret=SUCCESS |  
2019-08-31 22:16:54,911 | INFO  | SCMAudit | user=jenkins1000 | ip=192.168.34.42 | op=SEND_HEARTBEAT {datanodeUUID=8c091f35-6b0a-482f-83d5-024c21364ee0, command=[]} | ret=SUCCESS |  
2019-08-31 22:16:54,965 | INFO  | SCMAudit | user=jenkins1000 | ip=192.168.34.42 | op=SEND_HEARTBEAT {datanodeUUID=f22c4387-93a8-4d08-bad3-a6c46ab2ccd5, command=[]} | ret=SUCCESS |  
2019-08-31 22:16:54,999 | INFO  | SCMAudit | user=jenkins1000 | ip=192.168.34.42 | op=SEND_HEARTBEAT {datanodeUUID=d38f4497-543b-4607-bb15-7398de33a95c, command=[]} | ret=SUCCESS |  
2019-08-31 22:16:55,001 | INFO  | SCMAudit | user=jenkins1000 | ip=192.168.34.42 | op=SEND_HEARTBEAT {datanodeUUID=4028c239-37b3-41d3-8c89-e0327e245bcc, command=[]} | ret=SUCCESS |  
2019-08-31 22:16:55,638 | INFO  | SCMAudit | user=jenkins1000 | ip=192.168.34.42 | op=SEND_HEARTBEAT {datanodeUUID=ee79219a-8af0-4e50-9e28-8368562739ac, command=[]} | ret=SUCCESS |  
2019-08-31 22:16:55,639 | INFO  | SCMAudit | user=jenkins1000 | ip=192.168.34.42 | op=SEND_HEARTBEAT {datanodeUUID=f719c65a-515f-4544-b587-f31e1f35e03e, command=[]} | ret=SUCCESS |  
2019-08-31 22:16:55,911 | INFO  | SCMAudit | user=jenkins1000 | ip=192.168.34.42 | op=SEND_HEARTBEAT {datanodeUUID=8c091f35-6b0a-482f-83d5-024c21364ee0, command=[]} | ret=SUCCESS |  
2019-08-31 22:16:55,966 | INFO  | SCMAudit | user=jenkins1000 | ip=192.168.34.42 | op=SEND_HEARTBEAT {datanodeUUID=f22c4387-93a8-4d08-bad3-a6c46ab2ccd5, command=[]} | ret=SUCCESS |  
2019-08-31 22:16:55,999 | INFO  | SCMAudit | user=jenkins1000 | ip=192.168.34.42 | op=SEND_HEARTBEAT {datanodeUUID=d38f4497-543b-4607-bb15-7398de33a95c, command=[]} | ret=SUCCESS |  
2019-08-31 22:16:56,000 | INFO  | SCMAudit | user=jenkins1000 | ip=192.168.34.42 | op=SEND_HEARTBEAT {datanodeUUID=4028c239-37b3-41d3-8c89-e0327e245bcc, command=[]} | ret=SUCCESS |  
2019-08-31 22:16:56,639 | INFO  | SCMAudit | user=jenkins1000 | ip=192.168.34.42 | op=SEND_HEARTBEAT {datanodeUUID=ee79219a-8af0-4e50-9e28-8368562739ac, command=[]} | ret=SUCCESS |  
2019-08-31 22:16:56,639 | INFO  | SCMAudit | user=jenkins1000 | ip=192.168.34.42 | op=SEND_HEARTBEAT {datanodeUUID=f719c65a-515f-4544-b587-f31e1f35e03e, command=[]} | ret=SUCCESS |  
2019-08-31 22:16:56,722 [EventQueue-StaleNodeForStaleNodeHandler] INFO  node.StaleNodeHandler (StaleNodeHandler.java:onMessage(58)) - Datanode 2f259444-f35d-42b7-9b4c-2aa5de8bb1cf{ip: 192.168.34.42, host: pr-hdds-2060-5kx6h-1518693133, networkLocation: /default-rack, certSerialId: null} moved to stale state. Finalizing its pipelines [PipelineID=ee58d97e-c2cc-4681-b814-e1a0731ce5a1, PipelineID=2d13b8c0-18d7-4169-a214-e487c89fad42]
2019-08-31 22:16:56,722 [EventQueue-StaleNodeForStaleNodeHandler] INFO  pipeline.SCMPipelineManager (SCMPipelineManager.java:finalizeAndDestroyPipeline(309)) - destroying pipeline:Pipeline[ Id: ee58d97e-c2cc-4681-b814-e1a0731ce5a1, Nodes: 2f259444-f35d-42b7-9b4c-2aa5de8bb1cf{ip: 192.168.34.42, host: pr-hdds-2060-5kx6h-1518693133, networkLocation: /default-rack, certSerialId: null}ee79219a-8af0-4e50-9e28-8368562739ac{ip: 192.168.34.42, host: pr-hdds-2060-5kx6h-1518693133, networkLocation: /default-rack, certSerialId: null}f719c65a-515f-4544-b587-f31e1f35e03e{ip: 192.168.34.42, host: pr-hdds-2060-5kx6h-1518693133, networkLocation: /default-rack, certSerialId: null}, Type:RATIS, Factor:THREE, State:OPEN]
2019-08-31 22:16:56,729 [EventQueue-StaleNodeForStaleNodeHandler] INFO  pipeline.PipelineStateManager (PipelineStateManager.java:finalizePipeline(123)) - Pipeline Pipeline[ Id: ee58d97e-c2cc-4681-b814-e1a0731ce5a1, Nodes: 2f259444-f35d-42b7-9b4c-2aa5de8bb1cf{ip: 192.168.34.42, host: pr-hdds-2060-5kx6h-1518693133, networkLocation: /default-rack, certSerialId: null}ee79219a-8af0-4e50-9e28-8368562739ac{ip: 192.168.34.42, host: pr-hdds-2060-5kx6h-1518693133, networkLocation: /default-rack, certSerialId: null}f719c65a-515f-4544-b587-f31e1f35e03e{ip: 192.168.34.42, host: pr-hdds-2060-5kx6h-1518693133, networkLocation: /default-rack, certSerialId: null}, Type:RATIS, Factor:THREE, State:CLOSED] moved to CLOSED state
2019-08-31 22:16:56,730 [EventQueue-CloseContainerForCloseContainerEventHandler] INFO  container.CloseContainerEventHandler (CloseContainerEventHandler.java:onMessage(61)) - Close container Event triggered for container : #2
2019-08-31 22:16:56,731 [EventQueue-StaleNodeForStaleNodeHandler] INFO  pipeline.SCMPipelineManager (SCMPipelineManager.java:finalizeAndDestroyPipeline(309)) - destroying pipeline:Pipeline[ Id: 2d13b8c0-18d7-4169-a214-e487c89fad42, Nodes: 2f259444-f35d-42b7-9b4c-2aa5de8bb1cf{ip: 192.168.34.42, host: pr-hdds-2060-5kx6h-1518693133, networkLocation: /default-rack, certSerialId: null}, Type:RATIS, Factor:ONE, State:OPEN]
2019-08-31 22:16:56,731 [EventQueue-StaleNodeForStaleNodeHandler] INFO  pipeline.PipelineStateManager (PipelineStateManager.java:finalizePipeline(123)) - Pipeline Pipeline[ Id: 2d13b8c0-18d7-4169-a214-e487c89fad42, Nodes: 2f259444-f35d-42b7-9b4c-2aa5de8bb1cf{ip: 192.168.34.42, host: pr-hdds-2060-5kx6h-1518693133, networkLocation: /default-rack, certSerialId: null}, Type:RATIS, Factor:ONE, State:CLOSED] moved to CLOSED state
2019-08-31 22:16:56,912 | INFO  | SCMAudit | user=jenkins1000 | ip=192.168.34.42 | op=SEND_HEARTBEAT {datanodeUUID=8c091f35-6b0a-482f-83d5-024c21364ee0, command=[]} | ret=SUCCESS |  
2019-08-31 22:16:56,967 | INFO  | SCMAudit | user=jenkins1000 | ip=192.168.34.42 | op=SEND_HEARTBEAT {datanodeUUID=f22c4387-93a8-4d08-bad3-a6c46ab2ccd5, command=[]} | ret=SUCCESS |  
2019-08-31 22:16:56,999 | INFO  | SCMAudit | user=jenkins1000 | ip=192.168.34.42 | op=SEND_HEARTBEAT {datanodeUUID=d38f4497-543b-4607-bb15-7398de33a95c, command=[]} | ret=SUCCESS |  
2019-08-31 22:16:57,001 | INFO  | SCMAudit | user=jenkins1000 | ip=192.168.34.42 | op=SEND_HEARTBEAT {datanodeUUID=4028c239-37b3-41d3-8c89-e0327e245bcc, command=[]} | ret=SUCCESS |  
2019-08-31 22:16:57,679 | INFO  | SCMAudit | user=jenkins1000 | ip=192.168.34.42 | op=SEND_HEARTBEAT {datanodeUUID=f719c65a-515f-4544-b587-f31e1f35e03e, command=[commandType: closeContainerCommand closeContainerCommandProto { containerID: 2 pipelineID { id: "ee58d97e-c2cc-4681-b814-e1a0731ce5a1" } cmdId: 2 force: false } ]} | ret=SUCCESS |  
2019-08-31 22:16:57,679 | INFO  | SCMAudit | user=jenkins1000 | ip=192.168.34.42 | op=SEND_HEARTBEAT {datanodeUUID=ee79219a-8af0-4e50-9e28-8368562739ac, command=[commandType: closeContainerCommand closeContainerCommandProto { containerID: 2 pipelineID { id: "ee58d97e-c2cc-4681-b814-e1a0731ce5a1" } cmdId: 2 force: false } ]} | ret=SUCCESS |  
2019-08-31 22:16:57,912 | INFO  | SCMAudit | user=jenkins1000 | ip=192.168.34.42 | op=SEND_HEARTBEAT {datanodeUUID=8c091f35-6b0a-482f-83d5-024c21364ee0, command=[]} | ret=SUCCESS |  
2019-08-31 22:16:57,966 | INFO  | SCMAudit | user=jenkins1000 | ip=192.168.34.42 | op=SEND_HEARTBEAT {datanodeUUID=f22c4387-93a8-4d08-bad3-a6c46ab2ccd5, command=[]} | ret=SUCCESS |  
2019-08-31 22:16:57,999 | INFO  | SCMAudit | user=jenkins1000 | ip=192.168.34.42 | op=SEND_HEARTBEAT {datanodeUUID=d38f4497-543b-4607-bb15-7398de33a95c, command=[]} | ret=SUCCESS |  
2019-08-31 22:16:58,002 | INFO  | SCMAudit | user=jenkins1000 | ip=192.168.34.42 | op=SEND_HEARTBEAT {datanodeUUID=4028c239-37b3-41d3-8c89-e0327e245bcc, command=[]} | ret=SUCCESS |  
2019-08-31 22:16:58,638 | INFO  | SCMAudit | user=jenkins1000 | ip=192.168.34.42 | op=SEND_HEARTBEAT {datanodeUUID=ee79219a-8af0-4e50-9e28-8368562739ac, command=[]} | ret=SUCCESS |  
2019-08-31 22:16:58,639 | INFO  | SCMAudit | user=jenkins1000 | ip=192.168.34.42 | op=SEND_HEARTBEAT {datanodeUUID=f719c65a-515f-4544-b587-f31e1f35e03e, command=[]} | ret=SUCCESS |  
2019-08-31 22:16:58,657 | INFO  | SCMAudit | user=jenkins1000 | ip=192.168.34.42 | op=SEND_HEARTBEAT {datanodeUUID=f719c65a-515f-4544-b587-f31e1f35e03e, command=[]} | ret=SUCCESS |  
2019-08-31 22:16:58,679 [RatisApplyTransactionExecutor 2] INFO  interfaces.Container (KeyValueContainer.java:flushAndSyncDB(382)) - Container 2 is synced with bcsId 5.
2019-08-31 22:16:58,680 [RatisApplyTransactionExecutor 2] INFO  interfaces.Container (KeyValueContainer.java:flushAndSyncDB(382)) - Container 2 is synced with bcsId 5.
2019-08-31 22:16:58,681 | INFO  | SCMAudit | user=jenkins1000 | ip=192.168.34.42 | op=SEND_HEARTBEAT {datanodeUUID=ee79219a-8af0-4e50-9e28-8368562739ac, command=[]} | ret=SUCCESS |  
2019-08-31 22:16:58,694 [RatisApplyTransactionExecutor 2] INFO  interfaces.Container (KeyValueContainer.java:flushAndSyncDB(382)) - Container 2 is synced with bcsId 5.
2019-08-31 22:16:58,700 | INFO  | DNAudit | user=null | ip=null | op=CLOSE_CONTAINER {containerID=2} | ret=SUCCESS |  
2019-08-31 22:16:58,694 [RatisApplyTransactionExecutor 2] INFO  interfaces.Container (KeyValueContainer.java:flushAndSyncDB(382)) - Container 2 is synced with bcsId 5.
2019-08-31 22:16:58,700 [RatisApplyTransactionExecutor 2] INFO  interfaces.Container (KeyValueContainer.java:flushAndSyncDB(382)) - Container 2 is synced with bcsId 5.
2019-08-31 22:16:58,714 [RatisApplyTransactionExecutor 2] INFO  interfaces.Container (KeyValueContainer.java:flushAndSyncDB(382)) - Container 2 is synced with bcsId 5.
2019-08-31 22:16:58,714 | INFO  | SCMAudit | user=jenkins1000 | ip=192.168.34.42 | op=SEND_HEARTBEAT {datanodeUUID=f719c65a-515f-4544-b587-f31e1f35e03e, command=[]} | ret=SUCCESS |  
2019-08-31 22:16:58,714 [EventQueue-IncrementalContainerReportForIncrementalContainerReportHandler] INFO  container.IncrementalContainerReportHandler (AbstractContainerReportHandler.java:updateContainerState(176)) - Moving container #2 to CLOSED state, datanode f719c65a-515f-4544-b587-f31e1f35e03e{ip: 192.168.34.42, host: pr-hdds-2060-5kx6h-1518693133, networkLocation: /default-rack, certSerialId: null} reported CLOSED replica.
2019-08-31 22:16:58,725 | INFO  | DNAudit | user=null | ip=null | op=CLOSE_CONTAINER {containerID=2} | ret=SUCCESS |  
2019-08-31 22:16:58,725 | INFO  | DNAudit | user=null | ip=null | op=CLOSE_CONTAINER {containerID=2} | ret=SUCCESS |  
2019-08-31 22:16:58,727 | INFO  | SCMAudit | user=jenkins1000 | ip=192.168.34.42 | op=SEND_HEARTBEAT {datanodeUUID=ee79219a-8af0-4e50-9e28-8368562739ac, command=[]} | ret=SUCCESS |  
2019-08-31 22:16:58,912 | INFO  | SCMAudit | user=jenkins1000 | ip=192.168.34.42 | op=SEND_HEARTBEAT {datanodeUUID=8c091f35-6b0a-482f-83d5-024c21364ee0, command=[]} | ret=SUCCESS |  
2019-08-31 22:16:58,933 [main] INFO  ozoneimpl.OzoneContainer (OzoneContainer.java:stop(215)) - Attempting to stop container services.
2019-08-31 22:16:58,934 [main] INFO  impl.RaftServerProxy (RaftServerProxy.java:lambda$close$4(314)) - 2f259444-f35d-42b7-9b4c-2aa5de8bb1cf: close
2019-08-31 22:16:58,936 [main] INFO  impl.RaftServerImpl (RaftServerImpl.java:lambda$shutdown$3(245)) - 2f259444-f35d-42b7-9b4c-2aa5de8bb1cf: shutdown group-E1A0731CE5A1
2019-08-31 22:16:58,937 [main] INFO  util.JmxRegister (JmxRegister.java:unregister(73)) - Successfully un-registered JMX Bean with object name Ratis:service=RaftServer,group=group-E1A0731CE5A1,id=2f259444-f35d-42b7-9b4c-2aa5de8bb1cf
2019-08-31 22:16:58,937 [main] INFO  impl.RoleInfo (RoleInfo.java:shutdownFollowerState(121)) - 2f259444-f35d-42b7-9b4c-2aa5de8bb1cf: shutdown FollowerState
2019-08-31 22:16:58,938 [main] INFO  impl.StateMachineUpdater (StateMachineUpdater.java:stopAndJoin(115)) - StateMachineUpdater:2f259444-f35d-42b7-9b4c-2aa5de8bb1cf:group-E1A0731CE5A1: set stopIndex = 9
2019-08-31 22:16:58,938 [StateMachineUpdater:2f259444-f35d-42b7-9b4c-2aa5de8bb1cf:group-E1A0731CE5A1] INFO  ratis.ContainerStateMachine (ContainerStateMachine.java:takeSnapshot(284)) - group-E1A0731CE5A1: Taking a snapshot at:(t:2, i:9) file /workdir/hadoop-ozone/integration-test/target/test-dir/MiniOzoneClusterImpl-79a53f41-50d1-4ac1-b23d-ae4981957128/datanode-6/data/ratis/ee58d97e-c2cc-4681-b814-e1a0731ce5a1/sm/snapshot.2_9
2019-08-31 22:16:58,938 [Thread-391] INFO  impl.FollowerState (FollowerState.java:run(114)) - 2f259444-f35d-42b7-9b4c-2aa5de8bb1cf: FollowerState was interrupted: java.lang.InterruptedException: sleep interrupted
2019-08-31 22:16:58,967 | INFO  | SCMAudit | user=jenkins1000 | ip=192.168.34.42 | op=SEND_HEARTBEAT {datanodeUUID=f22c4387-93a8-4d08-bad3-a6c46ab2ccd5, command=[]} | ret=SUCCESS |  
2019-08-31 22:16:58,972 [StateMachineUpdater:2f259444-f35d-42b7-9b4c-2aa5de8bb1cf:group-E1A0731CE5A1] INFO  ratis.ContainerStateMachine (ContainerStateMachine.java:takeSnapshot(295)) - group-E1A0731CE5A1: Finished taking a snapshot at:(t:2, i:9) file:/workdir/hadoop-ozone/integration-test/target/test-dir/MiniOzoneClusterImpl-79a53f41-50d1-4ac1-b23d-ae4981957128/datanode-6/data/ratis/ee58d97e-c2cc-4681-b814-e1a0731ce5a1/sm/snapshot.2_9 time:34
2019-08-31 22:16:58,972 [StateMachineUpdater:2f259444-f35d-42b7-9b4c-2aa5de8bb1cf:group-E1A0731CE5A1] INFO  impl.StateMachineUpdater (StateMachineUpdater.java:takeSnapshot(242)) - StateMachineUpdater:2f259444-f35d-42b7-9b4c-2aa5de8bb1cf:group-E1A0731CE5A1: Took a snapshot at index 9
2019-08-31 22:16:58,977 [StateMachineUpdater:2f259444-f35d-42b7-9b4c-2aa5de8bb1cf:group-E1A0731CE5A1] INFO  impl.StateMachineUpdater (StateMachineUpdater.java:lambda$new$0(80)) - StateMachineUpdater:2f259444-f35d-42b7-9b4c-2aa5de8bb1cf:group-E1A0731CE5A1: snapshotIndex: updateIncreasingly -1 -> 9
2019-08-31 22:16:58,982 [main] INFO  impl.RaftServerImpl (ServerState.java:close(394)) - 2f259444-f35d-42b7-9b4c-2aa5de8bb1cf:group-E1A0731CE5A1 closes. The last applied log index is 9
2019-08-31 22:16:58,985 [2f259444-f35d-42b7-9b4c-2aa5de8bb1cf-SegmentedRaftLogWorker:Storage Directory /workdir/hadoop-ozone/integration-test/target/test-dir/MiniOzoneClusterImpl-79a53f41-50d1-4ac1-b23d-ae4981957128/datanode-6/data/ratis/ee58d97e-c2cc-4681-b814-e1a0731ce5a1] INFO  segmented.SegmentedRaftLogWorker (SegmentedRaftLogWorker.java:run(313)) - 2f259444-f35d-42b7-9b4c-2aa5de8bb1cf-SegmentedRaftLogWorker:Storage Directory /workdir/hadoop-ozone/integration-test/target/test-dir/MiniOzoneClusterImpl-79a53f41-50d1-4ac1-b23d-ae4981957128/datanode-6/data/ratis/ee58d97e-c2cc-4681-b814-e1a0731ce5a1 was interrupted, exiting. There are 0 tasks remaining in the queue.
2019-08-31 22:16:58,988 [main] INFO  segmented.SegmentedRaftLogWorker (SegmentedRaftLogWorker.java:close(228)) - 2f259444-f35d-42b7-9b4c-2aa5de8bb1cf-SegmentedRaftLogWorker:Storage Directory /workdir/hadoop-ozone/integration-test/target/test-dir/MiniOzoneClusterImpl-79a53f41-50d1-4ac1-b23d-ae4981957128/datanode-6/data/ratis/ee58d97e-c2cc-4681-b814-e1a0731ce5a1 close()
2019-08-31 22:16:58,993 [main] INFO  impl.RaftServerImpl (RaftServerImpl.java:lambda$shutdown$3(245)) - 2f259444-f35d-42b7-9b4c-2aa5de8bb1cf: shutdown group-E487C89FAD42
2019-08-31 22:16:58,993 [main] INFO  util.JmxRegister (JmxRegister.java:unregister(73)) - Successfully un-registered JMX Bean with object name Ratis:service=RaftServer,group=group-E487C89FAD42,id=2f259444-f35d-42b7-9b4c-2aa5de8bb1cf
2019-08-31 22:16:58,993 [main] INFO  impl.RoleInfo (RoleInfo.java:shutdownLeaderState(104)) - 2f259444-f35d-42b7-9b4c-2aa5de8bb1cf: shutdown LeaderState
2019-08-31 22:16:58,994 [main] INFO  impl.PendingRequests (PendingRequests.java:sendNotLeaderResponses(202)) - 2f259444-f35d-42b7-9b4c-2aa5de8bb1cf-PendingRequests: sendNotLeaderResponses
2019-08-31 22:16:58,996 [main] INFO  impl.StateMachineUpdater (StateMachineUpdater.java:stopAndJoin(115)) - StateMachineUpdater:2f259444-f35d-42b7-9b4c-2aa5de8bb1cf:group-E487C89FAD42: set stopIndex = 0
2019-08-31 22:16:58,996 [main] INFO  impl.RaftServerImpl (ServerState.java:close(394)) - 2f259444-f35d-42b7-9b4c-2aa5de8bb1cf:group-E487C89FAD42 closes. The last applied log index is 0
2019-08-31 22:16:58,997 [2f259444-f35d-42b7-9b4c-2aa5de8bb1cf-SegmentedRaftLogWorker:Storage Directory /workdir/hadoop-ozone/integration-test/target/test-dir/MiniOzoneClusterImpl-79a53f41-50d1-4ac1-b23d-ae4981957128/datanode-6/data/ratis/2d13b8c0-18d7-4169-a214-e487c89fad42] INFO  segmented.SegmentedRaftLogWorker (SegmentedRaftLogWorker.java:run(313)) - 2f259444-f35d-42b7-9b4c-2aa5de8bb1cf-SegmentedRaftLogWorker:Storage Directory /workdir/hadoop-ozone/integration-test/target/test-dir/MiniOzoneClusterImpl-79a53f41-50d1-4ac1-b23d-ae4981957128/datanode-6/data/ratis/2d13b8c0-18d7-4169-a214-e487c89fad42 was interrupted, exiting. There are 0 tasks remaining in the queue.
2019-08-31 22:16:58,999 [main] INFO  segmented.SegmentedRaftLogWorker (SegmentedRaftLogWorker.java:close(228)) - 2f259444-f35d-42b7-9b4c-2aa5de8bb1cf-SegmentedRaftLogWorker:Storage Directory /workdir/hadoop-ozone/integration-test/target/test-dir/MiniOzoneClusterImpl-79a53f41-50d1-4ac1-b23d-ae4981957128/datanode-6/data/ratis/2d13b8c0-18d7-4169-a214-e487c89fad42 close()
2019-08-31 22:16:59,003 | INFO  | SCMAudit | user=jenkins1000 | ip=192.168.34.42 | op=SEND_HEARTBEAT {datanodeUUID=d38f4497-543b-4607-bb15-7398de33a95c, command=[]} | ret=SUCCESS |  
2019-08-31 22:16:59,003 [main] INFO  server.GrpcService (GrpcService.java:closeImpl(155)) - 2f259444-f35d-42b7-9b4c-2aa5de8bb1cf: shutdown server with port 35291 now
2019-08-31 22:16:59,003 | INFO  | SCMAudit | user=jenkins1000 | ip=192.168.34.42 | op=SEND_HEARTBEAT {datanodeUUID=4028c239-37b3-41d3-8c89-e0327e245bcc, command=[]} | ret=SUCCESS |  
2019-08-31 22:16:59,013 [main] INFO  server.GrpcService (GrpcService.java:closeImpl(163)) - 2f259444-f35d-42b7-9b4c-2aa5de8bb1cf: shutdown server with port 35291 successfully
2019-08-31 22:16:59,013 [grpc-default-executor-0] WARN  server.GrpcServerProtocolService (LogUtils.java:warn(134)) - 2f259444-f35d-42b7-9b4c-2aa5de8bb1cf: appendEntries onError: org.apache.ratis.thirdparty.io.grpc.StatusRuntimeException: CANCELLED: cancelled before receiving half close
2019-08-31 22:16:59,015 [grpc-default-executor-0] WARN  server.GrpcLogAppender (LogUtils.java:warn(134)) - f719c65a-515f-4544-b587-f31e1f35e03e->2f259444-f35d-42b7-9b4c-2aa5de8bb1cf: Failed appendEntries: org.apache.ratis.thirdparty.io.grpc.StatusRuntimeException: CANCELLED: HTTP/2 error code: CANCEL
Received Rst Stream
2019-08-31 22:16:59,019 [grpc-default-executor-0] INFO  impl.FollowerInfo (FollowerInfo.java:lambda$new$0(50)) - f719c65a-515f-4544-b587-f31e1f35e03e->2f259444-f35d-42b7-9b4c-2aa5de8bb1cf: nextIndex: updateUnconditionally 11 -> 10
2019-08-31 22:16:59,022 [refreshUsed-/workdir/hadoop-ozone/integration-test/target/test-dir/MiniOzoneClusterImpl-79a53f41-50d1-4ac1-b23d-ae4981957128/datanode-6/data/containers] WARN  fs.CachingGetSpaceUsed (CachingGetSpaceUsed.java:run(183)) - Thread Interrupted waiting to refresh disk information: sleep interrupted
2019-08-31 22:16:59,041 [main] INFO  utils.BackgroundService (BackgroundService.java:shutdown(148)) - Shutting down service BlockDeletingService
2019-08-31 22:16:59,048 [main] INFO  statemachine.DatanodeStateMachine (DatanodeStateMachine.java:stopDaemon(395)) - Ozone container server stopped.
2019-08-31 22:16:59,054 [main] INFO  handler.ContextHandler (ContextHandler.java:doStop(910)) - Stopped o.e.j.w.WebAppContext@6c5ddccd{/,null,UNAVAILABLE}{/hddsDatanode}
2019-08-31 22:16:59,061 [main] INFO  server.AbstractConnector (AbstractConnector.java:doStop(318)) - Stopped ServerConnector@1dbd580{HTTP/1.1,[http/1.1]}{0.0.0.0:0}
2019-08-31 22:16:59,061 [main] INFO  handler.ContextHandler (ContextHandler.java:doStop(910)) - Stopped o.e.j.s.ServletContextHandler@78b612c6{/static,jar:file:/home/user/.m2/repository/org/apache/hadoop/hadoop-hdds-container-service/0.5.0-SNAPSHOT/hadoop-hdds-container-service-0.5.0-SNAPSHOT.jar!/webapps/static,UNAVAILABLE}
2019-08-31 22:16:59,062 [main] INFO  handler.ContextHandler (ContextHandler.java:doStop(910)) - Stopped o.e.j.s.ServletContextHandler@38e7ed69{/logs,file:///workdir/hadoop-ozone/integration-test/target/log,UNAVAILABLE}
2019-08-31 22:16:59,700 | INFO  | SCMAudit | user=jenkins1000 | ip=192.168.34.42 | op=SEND_HEARTBEAT {datanodeUUID=f719c65a-515f-4544-b587-f31e1f35e03e, command=[]} | ret=SUCCESS |  
2019-08-31 22:16:59,725 [Datanode State Machine Thread - 0] INFO  statemachine.DatanodeStateMachine (DatanodeStateMachine.java:lambda$startDaemon$0(350)) - Ozone container server started.
2019-08-31 22:16:59,912 | INFO  | SCMAudit | user=jenkins1000 | ip=192.168.34.42 | op=SEND_HEARTBEAT {datanodeUUID=8c091f35-6b0a-482f-83d5-024c21364ee0, command=[]} | ret=SUCCESS |  
2019-08-31 22:16:59,966 | INFO  | SCMAudit | user=jenkins1000 | ip=192.168.34.42 | op=SEND_HEARTBEAT {datanodeUUID=f22c4387-93a8-4d08-bad3-a6c46ab2ccd5, command=[]} | ret=SUCCESS |  
2019-08-31 22:17:00,000 | INFO  | SCMAudit | user=jenkins1000 | ip=192.168.34.42 | op=SEND_HEARTBEAT {datanodeUUID=d38f4497-543b-4607-bb15-7398de33a95c, command=[]} | ret=SUCCESS |  
2019-08-31 22:17:00,002 | INFO  | SCMAudit | user=jenkins1000 | ip=192.168.34.42 | op=SEND_HEARTBEAT {datanodeUUID=4028c239-37b3-41d3-8c89-e0327e245bcc, command=[]} | ret=SUCCESS |  
2019-08-31 22:17:00,700 | INFO  | SCMAudit | user=jenkins1000 | ip=192.168.34.42 | op=SEND_HEARTBEAT {datanodeUUID=f719c65a-515f-4544-b587-f31e1f35e03e, command=[]} | ret=SUCCESS |  
2019-08-31 22:17:00,912 | INFO  | SCMAudit | user=jenkins1000 | ip=192.168.34.42 | op=SEND_HEARTBEAT {datanodeUUID=8c091f35-6b0a-482f-83d5-024c21364ee0, command=[]} | ret=SUCCESS |  
2019-08-31 22:17:00,966 | INFO  | SCMAudit | user=jenkins1000 | ip=192.168.34.42 | op=SEND_HEARTBEAT {datanodeUUID=f22c4387-93a8-4d08-bad3-a6c46ab2ccd5, command=[]} | ret=SUCCESS |  
2019-08-31 22:17:01,000 | INFO  | SCMAudit | user=jenkins1000 | ip=192.168.34.42 | op=SEND_HEARTBEAT {datanodeUUID=d38f4497-543b-4607-bb15-7398de33a95c, command=[]} | ret=SUCCESS |  
2019-08-31 22:17:01,002 | INFO  | SCMAudit | user=jenkins1000 | ip=192.168.34.42 | op=SEND_HEARTBEAT {datanodeUUID=4028c239-37b3-41d3-8c89-e0327e245bcc, command=[]} | ret=SUCCESS |  
2019-08-31 22:17:01,185 [grpc-default-executor-0] WARN  server.GrpcLogAppender (LogUtils.java:warn(134)) - f719c65a-515f-4544-b587-f31e1f35e03e->2f259444-f35d-42b7-9b4c-2aa5de8bb1cf: Failed appendEntries: org.apache.ratis.thirdparty.io.grpc.StatusRuntimeException: UNAVAILABLE: io exception
2019-08-31 22:17:01,188 [grpc-default-executor-0] INFO  impl.FollowerInfo (FollowerInfo.java:lambda$new$0(50)) - f719c65a-515f-4544-b587-f31e1f35e03e->2f259444-f35d-42b7-9b4c-2aa5de8bb1cf: nextIndex: updateUnconditionally 10 -> 9
2019-08-31 22:17:01,699 | INFO  | SCMAudit | user=jenkins1000 | ip=192.168.34.42 | op=SEND_HEARTBEAT {datanodeUUID=f719c65a-515f-4544-b587-f31e1f35e03e, command=[]} | ret=SUCCESS |  
2019-08-31 22:17:01,731 [EventQueue-StaleNodeForStaleNodeHandler] INFO  node.StaleNodeHandler (StaleNodeHandler.java:onMessage(58)) - Datanode ee79219a-8af0-4e50-9e28-8368562739ac{ip: 192.168.34.42, host: pr-hdds-2060-5kx6h-1518693133, networkLocation: /default-rack, certSerialId: null} moved to stale state. Finalizing its pipelines [PipelineID=ee58d97e-c2cc-4681-b814-e1a0731ce5a1, PipelineID=c346ff7f-9085-4f72-990d-dc3448f234ad]
2019-08-31 22:17:01,731 [EventQueue-StaleNodeForStaleNodeHandler] INFO  pipeline.SCMPipelineManager (SCMPipelineManager.java:finalizeAndDestroyPipeline(309)) - destroying pipeline:Pipeline[ Id: ee58d97e-c2cc-4681-b814-e1a0731ce5a1, Nodes: 2f259444-f35d-42b7-9b4c-2aa5de8bb1cf{ip: 192.168.34.42, host: pr-hdds-2060-5kx6h-1518693133, networkLocation: /default-rack, certSerialId: null}ee79219a-8af0-4e50-9e28-8368562739ac{ip: 192.168.34.42, host: pr-hdds-2060-5kx6h-1518693133, networkLocation: /default-rack, certSerialId: null}f719c65a-515f-4544-b587-f31e1f35e03e{ip: 192.168.34.42, host: pr-hdds-2060-5kx6h-1518693133, networkLocation: /default-rack, certSerialId: null}, Type:RATIS, Factor:THREE, State:CLOSED]
2019-08-31 22:17:01,732 [EventQueue-StaleNodeForStaleNodeHandler] INFO  pipeline.SCMPipelineManager (SCMPipelineManager.java:finalizeAndDestroyPipeline(309)) - destroying pipeline:Pipeline[ Id: c346ff7f-9085-4f72-990d-dc3448f234ad, Nodes: ee79219a-8af0-4e50-9e28-8368562739ac{ip: 192.168.34.42, host: pr-hdds-2060-5kx6h-1518693133, networkLocation: /default-rack, certSerialId: null}, Type:RATIS, Factor:ONE, State:OPEN]
2019-08-31 22:17:01,732 [EventQueue-StaleNodeForStaleNodeHandler] INFO  pipeline.PipelineStateManager (PipelineStateManager.java:finalizePipeline(123)) - Pipeline Pipeline[ Id: c346ff7f-9085-4f72-990d-dc3448f234ad, Nodes: ee79219a-8af0-4e50-9e28-8368562739ac{ip: 192.168.34.42, host: pr-hdds-2060-5kx6h-1518693133, networkLocation: /default-rack, certSerialId: null}, Type:RATIS, Factor:ONE, State:CLOSED] moved to CLOSED state
2019-08-31 22:17:01,913 | INFO  | SCMAudit | user=jenkins1000 | ip=192.168.34.42 | op=SEND_HEARTBEAT {datanodeUUID=8c091f35-6b0a-482f-83d5-024c21364ee0, command=[]} | ret=SUCCESS |  
2019-08-31 22:17:01,967 | INFO  | SCMAudit | user=jenkins1000 | ip=192.168.34.42 | op=SEND_HEARTBEAT {datanodeUUID=f22c4387-93a8-4d08-bad3-a6c46ab2ccd5, command=[]} | ret=SUCCESS |  
2019-08-31 22:17:02,000 | INFO  | SCMAudit | user=jenkins1000 | ip=192.168.34.42 | op=SEND_HEARTBEAT {datanodeUUID=d38f4497-543b-4607-bb15-7398de33a95c, command=[]} | ret=SUCCESS |  
2019-08-31 22:17:02,001 | INFO  | SCMAudit | user=jenkins1000 | ip=192.168.34.42 | op=SEND_HEARTBEAT {datanodeUUID=4028c239-37b3-41d3-8c89-e0327e245bcc, command=[]} | ret=SUCCESS |  
2019-08-31 22:17:02,699 | INFO  | SCMAudit | user=jenkins1000 | ip=192.168.34.42 | op=SEND_HEARTBEAT {datanodeUUID=f719c65a-515f-4544-b587-f31e1f35e03e, command=[]} | ret=SUCCESS |  
2019-08-31 22:17:02,912 | INFO  | SCMAudit | user=jenkins1000 | ip=192.168.34.42 | op=SEND_HEARTBEAT {datanodeUUID=8c091f35-6b0a-482f-83d5-024c21364ee0, command=[]} | ret=SUCCESS |  
2019-08-31 22:17:02,966 | INFO  | SCMAudit | user=jenkins1000 | ip=192.168.34.42 | op=SEND_HEARTBEAT {datanodeUUID=f22c4387-93a8-4d08-bad3-a6c46ab2ccd5, command=[]} | ret=SUCCESS |  
2019-08-31 22:17:03,000 | INFO  | SCMAudit | user=jenkins1000 | ip=192.168.34.42 | op=SEND_HEARTBEAT {datanodeUUID=d38f4497-543b-4607-bb15-7398de33a95c, command=[]} | ret=SUCCESS |  
2019-08-31 22:17:03,002 | INFO  | SCMAudit | user=jenkins1000 | ip=192.168.34.42 | op=SEND_HEARTBEAT {datanodeUUID=4028c239-37b3-41d3-8c89-e0327e245bcc, command=[]} | ret=SUCCESS |  
2019-08-31 22:17:03,699 | INFO  | SCMAudit | user=jenkins1000 | ip=192.168.34.42 | op=SEND_HEARTBEAT {datanodeUUID=f719c65a-515f-4544-b587-f31e1f35e03e, command=[]} | ret=SUCCESS |  
2019-08-31 22:17:03,691 [grpc-default-executor-4] WARN  server.GrpcLogAppender (LogUtils.java:warn(134)) - f719c65a-515f-4544-b587-f31e1f35e03e->2f259444-f35d-42b7-9b4c-2aa5de8bb1cf: Failed appendEntries: org.apache.ratis.thirdparty.io.grpc.StatusRuntimeException: UNAVAILABLE: io exception
2019-08-31 22:17:03,710 [grpc-default-executor-4] INFO  impl.FollowerInfo (FollowerInfo.java:lambda$new$0(50)) - f719c65a-515f-4544-b587-f31e1f35e03e->2f259444-f35d-42b7-9b4c-2aa5de8bb1cf: nextIndex: updateUnconditionally 9 -> 8
2019-08-31 22:17:03,913 | INFO  | SCMAudit | user=jenkins1000 | ip=192.168.34.42 | op=SEND_HEARTBEAT {datanodeUUID=8c091f35-6b0a-482f-83d5-024c21364ee0, command=[]} | ret=SUCCESS |  
2019-08-31 22:17:03,966 | INFO  | SCMAudit | user=jenkins1000 | ip=192.168.34.42 | op=SEND_HEARTBEAT {datanodeUUID=f22c4387-93a8-4d08-bad3-a6c46ab2ccd5, command=[]} | ret=SUCCESS |  
2019-08-31 22:17:04,000 | INFO  | SCMAudit | user=jenkins1000 | ip=192.168.34.42 | op=SEND_HEARTBEAT {datanodeUUID=d38f4497-543b-4607-bb15-7398de33a95c, command=[]} | ret=SUCCESS |  
2019-08-31 22:17:04,002 | INFO  | SCMAudit | user=jenkins1000 | ip=192.168.34.42 | op=SEND_HEARTBEAT {datanodeUUID=4028c239-37b3-41d3-8c89-e0327e245bcc, command=[]} | ret=SUCCESS |  
2019-08-31 22:17:04,065 [main] INFO  ozoneimpl.OzoneContainer (OzoneContainer.java:stop(215)) - Attempting to stop container services.
2019-08-31 22:17:04,066 [main] INFO  impl.RaftServerProxy (RaftServerProxy.java:lambda$close$4(314)) - ee79219a-8af0-4e50-9e28-8368562739ac: close
2019-08-31 22:17:04,066 [main] INFO  impl.RaftServerImpl (RaftServerImpl.java:lambda$shutdown$3(245)) - ee79219a-8af0-4e50-9e28-8368562739ac: shutdown group-E1A0731CE5A1
2019-08-31 22:17:04,066 [ForkJoinPool.commonPool-worker-1] INFO  impl.RaftServerImpl (RaftServerImpl.java:lambda$shutdown$3(245)) - ee79219a-8af0-4e50-9e28-8368562739ac: shutdown group-DC3448F234AD
2019-08-31 22:17:04,067 [main] INFO  util.JmxRegister (JmxRegister.java:unregister(73)) - Successfully un-registered JMX Bean with object name Ratis:service=RaftServer,group=group-E1A0731CE5A1,id=ee79219a-8af0-4e50-9e28-8368562739ac
2019-08-31 22:17:04,067 [ForkJoinPool.commonPool-worker-1] INFO  util.JmxRegister (JmxRegister.java:unregister(73)) - Successfully un-registered JMX Bean with object name Ratis:service=RaftServer,group=group-DC3448F234AD,id=ee79219a-8af0-4e50-9e28-8368562739ac
2019-08-31 22:17:04,067 [main] INFO  impl.RoleInfo (RoleInfo.java:shutdownFollowerState(121)) - ee79219a-8af0-4e50-9e28-8368562739ac: shutdown FollowerState
2019-08-31 22:17:04,067 [ForkJoinPool.commonPool-worker-1] INFO  impl.RoleInfo (RoleInfo.java:shutdownLeaderState(104)) - ee79219a-8af0-4e50-9e28-8368562739ac: shutdown LeaderState
2019-08-31 22:17:04,068 [StateMachineUpdater:ee79219a-8af0-4e50-9e28-8368562739ac:group-E1A0731CE5A1] INFO  ratis.ContainerStateMachine (ContainerStateMachine.java:takeSnapshot(284)) - group-E1A0731CE5A1: Taking a snapshot at:(t:2, i:9) file /workdir/hadoop-ozone/integration-test/target/test-dir/MiniOzoneClusterImpl-79a53f41-50d1-4ac1-b23d-ae4981957128/datanode-5/data/ratis/ee58d97e-c2cc-4681-b814-e1a0731ce5a1/sm/snapshot.2_9
2019-08-31 22:17:04,068 [main] INFO  impl.StateMachineUpdater (StateMachineUpdater.java:stopAndJoin(115)) - StateMachineUpdater:ee79219a-8af0-4e50-9e28-8368562739ac:group-E1A0731CE5A1: set stopIndex = 10
2019-08-31 22:17:04,068 [ForkJoinPool.commonPool-worker-1] INFO  impl.PendingRequests (PendingRequests.java:sendNotLeaderResponses(202)) - ee79219a-8af0-4e50-9e28-8368562739ac-PendingRequests: sendNotLeaderResponses
2019-08-31 22:17:04,068 [Thread-390] INFO  impl.FollowerState (FollowerState.java:run(114)) - ee79219a-8af0-4e50-9e28-8368562739ac: FollowerState was interrupted: java.lang.InterruptedException: sleep interrupted
2019-08-31 22:17:04,072 [ForkJoinPool.commonPool-worker-1] INFO  impl.StateMachineUpdater (StateMachineUpdater.java:stopAndJoin(115)) - StateMachineUpdater:ee79219a-8af0-4e50-9e28-8368562739ac:group-DC3448F234AD: set stopIndex = 0
2019-08-31 22:17:04,074 [ForkJoinPool.commonPool-worker-1] INFO  impl.RaftServerImpl (ServerState.java:close(394)) - ee79219a-8af0-4e50-9e28-8368562739ac:group-DC3448F234AD closes. The last applied log index is 0
2019-08-31 22:17:04,074 [ee79219a-8af0-4e50-9e28-8368562739ac-SegmentedRaftLogWorker:Storage Directory /workdir/hadoop-ozone/integration-test/target/test-dir/MiniOzoneClusterImpl-79a53f41-50d1-4ac1-b23d-ae4981957128/datanode-5/data/ratis/c346ff7f-9085-4f72-990d-dc3448f234ad] INFO  segmented.SegmentedRaftLogWorker (SegmentedRaftLogWorker.java:run(313)) - ee79219a-8af0-4e50-9e28-8368562739ac-SegmentedRaftLogWorker:Storage Directory /workdir/hadoop-ozone/integration-test/target/test-dir/MiniOzoneClusterImpl-79a53f41-50d1-4ac1-b23d-ae4981957128/datanode-5/data/ratis/c346ff7f-9085-4f72-990d-dc3448f234ad was interrupted, exiting. There are 0 tasks remaining in the queue.
2019-08-31 22:17:04,080 [ForkJoinPool.commonPool-worker-1] INFO  segmented.SegmentedRaftLogWorker (SegmentedRaftLogWorker.java:close(228)) - ee79219a-8af0-4e50-9e28-8368562739ac-SegmentedRaftLogWorker:Storage Directory /workdir/hadoop-ozone/integration-test/target/test-dir/MiniOzoneClusterImpl-79a53f41-50d1-4ac1-b23d-ae4981957128/datanode-5/data/ratis/c346ff7f-9085-4f72-990d-dc3448f234ad close()
2019-08-31 22:17:04,094 [StateMachineUpdater:ee79219a-8af0-4e50-9e28-8368562739ac:group-E1A0731CE5A1] INFO  ratis.ContainerStateMachine (ContainerStateMachine.java:takeSnapshot(295)) - group-E1A0731CE5A1: Finished taking a snapshot at:(t:2, i:9) file:/workdir/hadoop-ozone/integration-test/target/test-dir/MiniOzoneClusterImpl-79a53f41-50d1-4ac1-b23d-ae4981957128/datanode-5/data/ratis/ee58d97e-c2cc-4681-b814-e1a0731ce5a1/sm/snapshot.2_9 time:26
2019-08-31 22:17:04,094 [StateMachineUpdater:ee79219a-8af0-4e50-9e28-8368562739ac:group-E1A0731CE5A1] INFO  impl.StateMachineUpdater (StateMachineUpdater.java:takeSnapshot(242)) - StateMachineUpdater:ee79219a-8af0-4e50-9e28-8368562739ac:group-E1A0731CE5A1: Took a snapshot at index 9
2019-08-31 22:17:04,094 [StateMachineUpdater:ee79219a-8af0-4e50-9e28-8368562739ac:group-E1A0731CE5A1] INFO  impl.StateMachineUpdater (StateMachineUpdater.java:lambda$new$0(80)) - StateMachineUpdater:ee79219a-8af0-4e50-9e28-8368562739ac:group-E1A0731CE5A1: snapshotIndex: updateIncreasingly -1 -> 9
2019-08-31 22:17:04,095 [main] INFO  impl.RaftServerImpl (ServerState.java:close(394)) - ee79219a-8af0-4e50-9e28-8368562739ac:group-E1A0731CE5A1 closes. The last applied log index is 10
2019-08-31 22:17:04,095 [ee79219a-8af0-4e50-9e28-8368562739ac-SegmentedRaftLogWorker:Storage Directory /workdir/hadoop-ozone/integration-test/target/test-dir/MiniOzoneClusterImpl-79a53f41-50d1-4ac1-b23d-ae4981957128/datanode-5/data/ratis/ee58d97e-c2cc-4681-b814-e1a0731ce5a1] INFO  segmented.SegmentedRaftLogWorker (SegmentedRaftLogWorker.java:run(313)) - ee79219a-8af0-4e50-9e28-8368562739ac-SegmentedRaftLogWorker:Storage Directory /workdir/hadoop-ozone/integration-test/target/test-dir/MiniOzoneClusterImpl-79a53f41-50d1-4ac1-b23d-ae4981957128/datanode-5/data/ratis/ee58d97e-c2cc-4681-b814-e1a0731ce5a1 was interrupted, exiting. There are 0 tasks remaining in the queue.
2019-08-31 22:17:04,097 [main] INFO  segmented.SegmentedRaftLogWorker (SegmentedRaftLogWorker.java:close(228)) - ee79219a-8af0-4e50-9e28-8368562739ac-SegmentedRaftLogWorker:Storage Directory /workdir/hadoop-ozone/integration-test/target/test-dir/MiniOzoneClusterImpl-79a53f41-50d1-4ac1-b23d-ae4981957128/datanode-5/data/ratis/ee58d97e-c2cc-4681-b814-e1a0731ce5a1 close()
2019-08-31 22:17:04,101 [main] INFO  server.GrpcService (GrpcService.java:closeImpl(155)) - ee79219a-8af0-4e50-9e28-8368562739ac: shutdown server with port 37529 now
2019-08-31 22:17:04,107 [grpc-default-executor-6] WARN  server.GrpcServerProtocolService (LogUtils.java:warn(134)) - ee79219a-8af0-4e50-9e28-8368562739ac: appendEntries onError: org.apache.ratis.thirdparty.io.grpc.StatusRuntimeException: CANCELLED: cancelled before receiving half close
2019-08-31 22:17:04,109 [main] INFO  server.GrpcService (GrpcService.java:closeImpl(163)) - ee79219a-8af0-4e50-9e28-8368562739ac: shutdown server with port 37529 successfully
2019-08-31 22:17:04,109 [grpc-default-executor-4] WARN  server.GrpcLogAppender (LogUtils.java:warn(134)) - f719c65a-515f-4544-b587-f31e1f35e03e->ee79219a-8af0-4e50-9e28-8368562739ac: Failed appendEntries: org.apache.ratis.thirdparty.io.grpc.StatusRuntimeException: CANCELLED: HTTP/2 error code: CANCEL
Received Rst Stream
2019-08-31 22:17:04,112 [grpc-default-executor-4] INFO  impl.FollowerInfo (FollowerInfo.java:lambda$new$0(50)) - f719c65a-515f-4544-b587-f31e1f35e03e->ee79219a-8af0-4e50-9e28-8368562739ac: nextIndex: updateUnconditionally 11 -> 10
2019-08-31 22:17:04,113 [refreshUsed-/workdir/hadoop-ozone/integration-test/target/test-dir/MiniOzoneClusterImpl-79a53f41-50d1-4ac1-b23d-ae4981957128/datanode-5/data/containers] WARN  fs.CachingGetSpaceUsed (CachingGetSpaceUsed.java:run(183)) - Thread Interrupted waiting to refresh disk information: sleep interrupted
2019-08-31 22:17:04,133 [main] INFO  utils.BackgroundService (BackgroundService.java:shutdown(148)) - Shutting down service BlockDeletingService
2019-08-31 22:17:04,137 [main] INFO  statemachine.DatanodeStateMachine (DatanodeStateMachine.java:stopDaemon(395)) - Ozone container server stopped.
2019-08-31 22:17:04,138 [main] INFO  handler.ContextHandler (ContextHandler.java:doStop(910)) - Stopped o.e.j.w.WebAppContext@4277127c{/,null,UNAVAILABLE}{/hddsDatanode}
2019-08-31 22:17:04,139 [main] INFO  server.AbstractConnector (AbstractConnector.java:doStop(318)) - Stopped ServerConnector@4c7e978c{HTTP/1.1,[http/1.1]}{0.0.0.0:0}
2019-08-31 22:17:04,139 [main] INFO  handler.ContextHandler (ContextHandler.java:doStop(910)) - Stopped o.e.j.s.ServletContextHandler@7f1ef916{/static,jar:file:/home/user/.m2/repository/org/apache/hadoop/hadoop-hdds-container-service/0.5.0-SNAPSHOT/hadoop-hdds-container-service-0.5.0-SNAPSHOT.jar!/webapps/static,UNAVAILABLE}
2019-08-31 22:17:04,139 [main] INFO  handler.ContextHandler (ContextHandler.java:doStop(910)) - Stopped o.e.j.s.ServletContextHandler@5c441290{/logs,file:///workdir/hadoop-ozone/integration-test/target/log,UNAVAILABLE}
]]></system-out>
  </testcase>
</testsuite>