<?xml version="1.0" encoding="UTF-8"?>
<testsuite xmlns:xsi="http://www.w3.org/2001/XMLSchema-instance" xsi:noNamespaceSchemaLocation="https://maven.apache.org/surefire/maven-surefire-plugin/xsd/surefire-test-report.xsd" name="org.apache.hadoop.ozone.TestMiniOzoneCluster" time="71.401" tests="4" errors="0" skipped="0" failures="1">
  <properties>
    <property name="awt.toolkit" value="sun.awt.X11.XToolkit"/>
    <property name="file.encoding.pkg" value="sun.io"/>
    <property name="java.specification.version" value="1.8"/>
    <property name="sun.cpu.isalist" value=""/>
    <property name="sun.jnu.encoding" value="UTF-8"/>
    <property name="java.class.path" value="/workdir/hadoop-ozone/integration-test/target/test-classes:/workdir/hadoop-ozone/integration-test/target/classes:/home/user/.m2/repository/org/apache/hadoop/hadoop-ozone-common/0.5.0-SNAPSHOT/hadoop-ozone-common-0.5.0-SNAPSHOT.jar:/home/user/.m2/repository/org/apache/commons/commons-compress/1.4.1/commons-compress-1.4.1.jar:/home/user/.m2/repository/org/tukaani/xz/1.0/xz-1.0.jar:/home/user/.m2/repository/org/apache/hadoop/hadoop-common/3.2.0/hadoop-common-3.2.0.jar:/home/user/.m2/repository/org/apache/hadoop/hadoop-hdfs/3.2.0/hadoop-hdfs-3.2.0.jar:/home/user/.m2/repository/org/apache/hadoop/hadoop-hdfs-client/3.2.0/hadoop-hdfs-client-3.2.0.jar:/home/user/.m2/repository/com/fasterxml/jackson/core/jackson-annotations/2.9.5/jackson-annotations-2.9.5.jar:/home/user/.m2/repository/org/apache/hadoop/hadoop-hdds-common/0.5.0-SNAPSHOT/hadoop-hdds-common-0.5.0-SNAPSHOT.jar:/home/user/.m2/repository/javax/annotation/javax.annotation-api/1.2/javax.annotation-api-1.2.jar:/home/user/.m2/repository/org/apache/ratis/ratis-server/0.4.0-2337318-SNAPSHOT/ratis-server-0.4.0-2337318-SNAPSHOT.jar:/home/user/.m2/repository/org/apache/ratis/ratis-thirdparty-misc/0.2.0/ratis-thirdparty-misc-0.2.0.jar:/home/user/.m2/repository/org/apache/ratis/ratis-proto/0.4.0-2337318-SNAPSHOT/ratis-proto-0.4.0-2337318-SNAPSHOT.jar:/home/user/.m2/repository/org/apache/ratis/ratis-common/0.4.0-2337318-SNAPSHOT/ratis-common-0.4.0-2337318-SNAPSHOT.jar:/home/user/.m2/repository/org/apache/ratis/ratis-client/0.4.0-2337318-SNAPSHOT/ratis-client-0.4.0-2337318-SNAPSHOT.jar:/home/user/.m2/repository/org/apache/ratis/ratis-metrics/0.4.0-2337318-SNAPSHOT/ratis-metrics-0.4.0-2337318-SNAPSHOT.jar:/home/user/.m2/repository/org/apache/ratis/ratis-netty/0.4.0-2337318-SNAPSHOT/ratis-netty-0.4.0-2337318-SNAPSHOT.jar:/home/user/.m2/repository/org/apache/ratis/ratis-grpc/0.4.0-2337318-SNAPSHOT/ratis-grpc-0.4.0-2337318-SNAPSHOT.jar:/home/user/.m2/repository/org/rocksdb/rocksdbjni/6.0.1/rocksdbjni-6.0.1.jar:/home/user/.m2/repository/org/apache/logging/log4j/log4j-api/2.11.0/log4j-api-2.11.0.jar:/home/user/.m2/repository/org/apache/logging/log4j/log4j-core/2.11.0/log4j-core-2.11.0.jar:/home/user/.m2/repository/com/lmax/disruptor/3.4.2/disruptor-3.4.2.jar:/home/user/.m2/repository/org/apache/commons/commons-pool2/2.6.0/commons-pool2-2.6.0.jar:/home/user/.m2/repository/org/bouncycastle/bcpkix-jdk15on/1.60/bcpkix-jdk15on-1.60.jar:/home/user/.m2/repository/commons-validator/commons-validator/1.6/commons-validator-1.6.jar:/home/user/.m2/repository/commons-digester/commons-digester/1.8.1/commons-digester-1.8.1.jar:/home/user/.m2/repository/io/jaegertracing/jaeger-client/0.33.1/jaeger-client-0.33.1.jar:/home/user/.m2/repository/io/jaegertracing/jaeger-thrift/0.33.1/jaeger-thrift-0.33.1.jar:/home/user/.m2/repository/org/apache/thrift/libthrift/0.11.0/libthrift-0.11.0.jar:/home/user/.m2/repository/com/squareup/okhttp3/okhttp/3.9.0/okhttp-3.9.0.jar:/home/user/.m2/repository/com/squareup/okio/okio/1.13.0/okio-1.13.0.jar:/home/user/.m2/repository/io/jaegertracing/jaeger-core/0.33.1/jaeger-core-0.33.1.jar:/home/user/.m2/repository/io/jaegertracing/jaeger-tracerresolver/0.33.1/jaeger-tracerresolver-0.33.1.jar:/home/user/.m2/repository/io/opentracing/contrib/opentracing-tracerresolver/0.1.5/opentracing-tracerresolver-0.1.5.jar:/home/user/.m2/repository/io/opentracing/opentracing-util/0.31.0/opentracing-util-0.31.0.jar:/home/user/.m2/repository/io/opentracing/opentracing-api/0.31.0/opentracing-api-0.31.0.jar:/home/user/.m2/repository/io/opentracing/opentracing-noop/0.31.0/opentracing-noop-0.31.0.jar:/home/user/.m2/repository/org/apache/hadoop/hadoop-hdds-server-framework/0.5.0-SNAPSHOT/hadoop-hdds-server-framework-0.5.0-SNAPSHOT.jar:/home/user/.m2/repository/org/apache/hadoop/hadoop-hdds-container-service/0.5.0-SNAPSHOT/hadoop-hdds-container-service-0.5.0-SNAPSHOT.jar:/home/user/.m2/repository/org/apache/hadoop/hadoop-hdds-client/0.5.0-SNAPSHOT/hadoop-hdds-client-0.5.0-SNAPSHOT.jar:/home/user/.m2/repository/org/apache/hadoop/hadoop-hdds-tools/0.5.0-SNAPSHOT/hadoop-hdds-tools-0.5.0-SNAPSHOT.jar:/home/user/.m2/repository/org/apache/hadoop/hadoop-hdds-server-scm/0.5.0-SNAPSHOT/hadoop-hdds-server-scm-0.5.0-SNAPSHOT.jar:/home/user/.m2/repository/org/apache/hadoop/hadoop-hdds-docs/0.5.0-SNAPSHOT/hadoop-hdds-docs-0.5.0-SNAPSHOT.jar:/home/user/.m2/repository/io/dropwizard/metrics/metrics-core/3.2.4/metrics-core-3.2.4.jar:/home/user/.m2/repository/org/hamcrest/hamcrest-all/1.3/hamcrest-all-1.3.jar:/home/user/.m2/repository/org/bouncycastle/bcprov-jdk15on/1.60/bcprov-jdk15on-1.60.jar:/home/user/.m2/repository/info/picocli/picocli/3.9.6/picocli-3.9.6.jar:/home/user/.m2/repository/com/google/protobuf/protobuf-java/2.5.0/protobuf-java-2.5.0.jar:/home/user/.m2/repository/com/google/guava/guava/11.0.2/guava-11.0.2.jar:/home/user/.m2/repository/org/apache/hadoop/hadoop-ozone-ozone-manager/0.5.0-SNAPSHOT/hadoop-ozone-ozone-manager-0.5.0-SNAPSHOT.jar:/home/user/.m2/repository/org/apache/hadoop/hadoop-minikdc/3.2.0/hadoop-minikdc-3.2.0.jar:/home/user/.m2/repository/commons-io/commons-io/2.5/commons-io-2.5.jar:/home/user/.m2/repository/org/apache/kerby/kerb-simplekdc/1.0.1/kerb-simplekdc-1.0.1.jar:/home/user/.m2/repository/org/apache/kerby/kerb-client/1.0.1/kerb-client-1.0.1.jar:/home/user/.m2/repository/org/apache/kerby/kerby-config/1.0.1/kerby-config-1.0.1.jar:/home/user/.m2/repository/org/apache/kerby/kerb-core/1.0.1/kerb-core-1.0.1.jar:/home/user/.m2/repository/org/apache/kerby/kerby-pkix/1.0.1/kerby-pkix-1.0.1.jar:/home/user/.m2/repository/org/apache/kerby/kerby-asn1/1.0.1/kerby-asn1-1.0.1.jar:/home/user/.m2/repository/org/apache/kerby/kerby-util/1.0.1/kerby-util-1.0.1.jar:/home/user/.m2/repository/org/apache/kerby/kerb-common/1.0.1/kerb-common-1.0.1.jar:/home/user/.m2/repository/org/apache/kerby/kerb-crypto/1.0.1/kerb-crypto-1.0.1.jar:/home/user/.m2/repository/org/apache/kerby/kerb-util/1.0.1/kerb-util-1.0.1.jar:/home/user/.m2/repository/org/apache/kerby/token-provider/1.0.1/token-provider-1.0.1.jar:/home/user/.m2/repository/org/apache/kerby/kerb-admin/1.0.1/kerb-admin-1.0.1.jar:/home/user/.m2/repository/org/apache/kerby/kerb-server/1.0.1/kerb-server-1.0.1.jar:/home/user/.m2/repository/org/apache/kerby/kerb-identity/1.0.1/kerb-identity-1.0.1.jar:/home/user/.m2/repository/org/apache/kerby/kerby-xdr/1.0.1/kerby-xdr-1.0.1.jar:/home/user/.m2/repository/org/slf4j/slf4j-log4j12/1.7.25/slf4j-log4j12-1.7.25.jar:/home/user/.m2/repository/org/apache/hadoop/hadoop-ozone-s3gateway/0.5.0-SNAPSHOT/hadoop-ozone-s3gateway-0.5.0-SNAPSHOT.jar:/home/user/.m2/repository/org/jboss/weld/servlet/weld-servlet/2.4.7.Final/weld-servlet-2.4.7.Final.jar:/home/user/.m2/repository/org/glassfish/jersey/containers/jersey-container-servlet-core/2.27/jersey-container-servlet-core-2.27.jar:/home/user/.m2/repository/org/glassfish/hk2/external/javax.inject/2.5.0-b42/javax.inject-2.5.0-b42.jar:/home/user/.m2/repository/org/glassfish/jersey/core/jersey-common/2.27/jersey-common-2.27.jar:/home/user/.m2/repository/org/glassfish/hk2/osgi-resource-locator/1.0.1/osgi-resource-locator-1.0.1.jar:/home/user/.m2/repository/javax/ws/rs/javax.ws.rs-api/2.1/javax.ws.rs-api-2.1.jar:/home/user/.m2/repository/org/glassfish/jersey/ext/cdi/jersey-cdi1x/2.27/jersey-cdi1x-2.27.jar:/home/user/.m2/repository/org/glassfish/jersey/inject/jersey-hk2/2.27/jersey-hk2-2.27.jar:/home/user/.m2/repository/org/glassfish/hk2/hk2-locator/2.5.0-b42/hk2-locator-2.5.0-b42.jar:/home/user/.m2/repository/org/javassist/javassist/3.22.0-CR2/javassist-3.22.0-CR2.jar:/home/user/.m2/repository/org/glassfish/hk2/hk2-api/2.5.0/hk2-api-2.5.0.jar:/home/user/.m2/repository/org/glassfish/hk2/external/jakarta.inject/2.5.0/jakarta.inject-2.5.0.jar:/home/user/.m2/repository/org/glassfish/hk2/hk2-utils/2.5.0/hk2-utils-2.5.0.jar:/home/user/.m2/repository/jakarta/annotation/jakarta.annotation-api/1.3.4/jakarta.annotation-api-1.3.4.jar:/home/user/.m2/repository/org/glassfish/hk2/external/aopalliance-repackaged/2.5.0/aopalliance-repackaged-2.5.0.jar:/home/user/.m2/repository/com/fasterxml/jackson/dataformat/jackson-dataformat-xml/2.9.0/jackson-dataformat-xml-2.9.0.jar:/home/user/.m2/repository/com/fasterxml/jackson/core/jackson-core/2.9.5/jackson-core-2.9.5.jar:/home/user/.m2/repository/com/fasterxml/jackson/module/jackson-module-jaxb-annotations/2.9.5/jackson-module-jaxb-annotations-2.9.5.jar:/home/user/.m2/repository/javax/enterprise/cdi-api/1.2/cdi-api-1.2.jar:/home/user/.m2/repository/javax/el/javax.el-api/3.0.0/javax.el-api-3.0.0.jar:/home/user/.m2/repository/javax/interceptor/javax.interceptor-api/1.2/javax.interceptor-api-1.2.jar:/home/user/.m2/repository/javax/inject/javax.inject/1/javax.inject-1.jar:/home/user/.m2/repository/com/sun/xml/bind/jaxb-impl/2.3.0.1/jaxb-impl-2.3.0.1.jar:/home/user/.m2/repository/com/sun/xml/bind/jaxb-core/2.3.0.1/jaxb-core-2.3.0.1.jar:/home/user/.m2/repository/javax/xml/bind/jaxb-api/2.3.0/jaxb-api-2.3.0.jar:/home/user/.m2/repository/javax/activation/activation/1.1.1/activation-1.1.1.jar:/home/user/.m2/repository/org/apache/hadoop/hadoop-ozone-csi/0.5.0-SNAPSHOT/hadoop-ozone-csi-0.5.0-SNAPSHOT.jar:/home/user/.m2/repository/com/google/protobuf/protobuf-java-util/3.5.1/protobuf-java-util-3.5.1.jar:/home/user/.m2/repository/org/apache/hadoop/hadoop-hdds-config/0.5.0-SNAPSHOT/hadoop-hdds-config-0.5.0-SNAPSHOT.jar:/home/user/.m2/repository/io/grpc/grpc-netty/1.17.1/grpc-netty-1.17.1.jar:/home/user/.m2/repository/io/grpc/grpc-core/1.17.1/grpc-core-1.17.1.jar:/home/user/.m2/repository/io/grpc/grpc-context/1.17.1/grpc-context-1.17.1.jar:/home/user/.m2/repository/com/google/errorprone/error_prone_annotations/2.2.0/error_prone_annotations-2.2.0.jar:/home/user/.m2/repository/org/codehaus/mojo/animal-sniffer-annotations/1.17/animal-sniffer-annotations-1.17.jar:/home/user/.m2/repository/io/opencensus/opencensus-api/0.17.0/opencensus-api-0.17.0.jar:/home/user/.m2/repository/io/opencensus/opencensus-contrib-grpc-metrics/0.17.0/opencensus-contrib-grpc-metrics-0.17.0.jar:/home/user/.m2/repository/io/netty/netty-codec-http2/4.1.30.Final/netty-codec-http2-4.1.30.Final.jar:/home/user/.m2/repository/io/netty/netty-codec-http/4.1.30.Final/netty-codec-http-4.1.30.Final.jar:/home/user/.m2/repository/io/netty/netty-codec/4.1.30.Final/netty-codec-4.1.30.Final.jar:/home/user/.m2/repository/io/netty/netty-handler/4.1.30.Final/netty-handler-4.1.30.Final.jar:/home/user/.m2/repository/io/netty/netty-handler-proxy/4.1.30.Final/netty-handler-proxy-4.1.30.Final.jar:/home/user/.m2/repository/io/netty/netty-codec-socks/4.1.30.Final/netty-codec-socks-4.1.30.Final.jar:/home/user/.m2/repository/io/netty/netty-transport-native-epoll/4.1.30.Final/netty-transport-native-epoll-4.1.30.Final.jar:/home/user/.m2/repository/io/netty/netty-common/4.1.30.Final/netty-common-4.1.30.Final.jar:/home/user/.m2/repository/io/netty/netty-buffer/4.1.30.Final/netty-buffer-4.1.30.Final.jar:/home/user/.m2/repository/io/netty/netty-transport/4.1.30.Final/netty-transport-4.1.30.Final.jar:/home/user/.m2/repository/io/netty/netty-resolver/4.1.30.Final/netty-resolver-4.1.30.Final.jar:/home/user/.m2/repository/io/netty/netty-transport-native-unix-common/4.1.30.Final/netty-transport-native-unix-common-4.1.30.Final.jar:/home/user/.m2/repository/io/grpc/grpc-protobuf/1.17.1/grpc-protobuf-1.17.1.jar:/home/user/.m2/repository/com/google/api/grpc/proto-google-common-protos/1.0.0/proto-google-common-protos-1.0.0.jar:/home/user/.m2/repository/io/grpc/grpc-protobuf-lite/1.17.1/grpc-protobuf-lite-1.17.1.jar:/home/user/.m2/repository/io/grpc/grpc-stub/1.17.1/grpc-stub-1.17.1.jar:/home/user/.m2/repository/org/apache/hadoop/hadoop-ozone-recon/0.5.0-SNAPSHOT/hadoop-ozone-recon-0.5.0-SNAPSHOT.jar:/home/user/.m2/repository/org/apache/hadoop/hadoop-ozone-reconcodegen/0.5.0-SNAPSHOT/hadoop-ozone-reconcodegen-0.5.0-SNAPSHOT.jar:/home/user/.m2/repository/com/google/inject/extensions/guice-multibindings/4.0/guice-multibindings-4.0.jar:/home/user/.m2/repository/com/google/inject/guice/4.0/guice-4.0.jar:/home/user/.m2/repository/aopalliance/aopalliance/1.0/aopalliance-1.0.jar:/home/user/.m2/repository/com/google/inject/extensions/guice-servlet/4.0/guice-servlet-4.0.jar:/home/user/.m2/repository/org/glassfish/jersey/containers/jersey-container-servlet/2.27/jersey-container-servlet-2.27.jar:/home/user/.m2/repository/org/glassfish/hk2/guice-bridge/2.5.0/guice-bridge-2.5.0.jar:/home/user/.m2/repository/org/glassfish/jersey/core/jersey-server/2.27/jersey-server-2.27.jar:/home/user/.m2/repository/org/glassfish/jersey/core/jersey-client/2.27/jersey-client-2.27.jar:/home/user/.m2/repository/org/glassfish/jersey/media/jersey-media-jaxb/2.27/jersey-media-jaxb-2.27.jar:/home/user/.m2/repository/javax/validation/validation-api/1.1.0.Final/validation-api-1.1.0.Final.jar:/home/user/.m2/repository/org/glassfish/jersey/media/jersey-media-json-jackson/2.27/jersey-media-json-jackson-2.27.jar:/home/user/.m2/repository/org/glassfish/jersey/ext/jersey-entity-filtering/2.27/jersey-entity-filtering-2.27.jar:/home/user/.m2/repository/com/google/inject/extensions/guice-assistedinject/4.0/guice-assistedinject-4.0.jar:/home/user/.m2/repository/org/jooq/jooq/3.11.10/jooq-3.11.10.jar:/home/user/.m2/repository/org/jooq/jooq-meta/3.11.10/jooq-meta-3.11.10.jar:/home/user/.m2/repository/org/jooq/jooq-codegen/3.11.10/jooq-codegen-3.11.10.jar:/home/user/.m2/repository/com/jolbox/bonecp/0.8.0.RELEASE/bonecp-0.8.0.RELEASE.jar:/home/user/.m2/repository/org/xerial/sqlite-jdbc/3.25.2/sqlite-jdbc-3.25.2.jar:/home/user/.m2/repository/org/springframework/spring-jdbc/5.1.3.RELEASE/spring-jdbc-5.1.3.RELEASE.jar:/home/user/.m2/repository/org/springframework/spring-beans/5.1.3.RELEASE/spring-beans-5.1.3.RELEASE.jar:/home/user/.m2/repository/org/springframework/spring-core/5.1.3.RELEASE/spring-core-5.1.3.RELEASE.jar:/home/user/.m2/repository/org/springframework/spring-jcl/5.1.3.RELEASE/spring-jcl-5.1.3.RELEASE.jar:/home/user/.m2/repository/org/springframework/spring-tx/5.1.3.RELEASE/spring-tx-5.1.3.RELEASE.jar:/home/user/.m2/repository/org/apache/hadoop/hadoop-ozone-client/0.5.0-SNAPSHOT/hadoop-ozone-client-0.5.0-SNAPSHOT.jar:/home/user/.m2/repository/commons-lang/commons-lang/2.6/commons-lang-2.6.jar:/home/user/.m2/repository/org/apache/hadoop/hadoop-ozone-ozone-manager/0.5.0-SNAPSHOT/hadoop-ozone-ozone-manager-0.5.0-SNAPSHOT-tests.jar:/home/user/.m2/repository/junit/junit/4.11/junit-4.11.jar:/home/user/.m2/repository/org/hamcrest/hamcrest-core/1.3/hamcrest-core-1.3.jar:/home/user/.m2/repository/org/openjdk/jmh/jmh-core/1.19/jmh-core-1.19.jar:/home/user/.m2/repository/net/sf/jopt-simple/jopt-simple/4.6/jopt-simple-4.6.jar:/home/user/.m2/repository/org/apache/commons/commons-math3/3.1.1/commons-math3-3.1.1.jar:/home/user/.m2/repository/org/openjdk/jmh/jmh-generator-annprocess/1.19/jmh-generator-annprocess-1.19.jar:/home/user/.m2/repository/org/mockito/mockito-all/1.8.5/mockito-all-1.8.5.jar:/home/user/.m2/repository/org/apache/hadoop/hadoop-kms/3.2.0/hadoop-kms-3.2.0.jar:/home/user/.m2/repository/org/apache/hadoop/hadoop-auth/3.2.0/hadoop-auth-3.2.0.jar:/home/user/.m2/repository/com/nimbusds/nimbus-jose-jwt/4.41.1/nimbus-jose-jwt-4.41.1.jar:/home/user/.m2/repository/com/github/stephenc/jcip/jcip-annotations/1.0-1/jcip-annotations-1.0-1.jar:/home/user/.m2/repository/net/minidev/json-smart/2.3/json-smart-2.3.jar:/home/user/.m2/repository/net/minidev/accessors-smart/1.2/accessors-smart-1.2.jar:/home/user/.m2/repository/org/ow2/asm/asm/5.0.4/asm-5.0.4.jar:/home/user/.m2/repository/org/apache/curator/curator-framework/2.12.0/curator-framework-2.12.0.jar:/home/user/.m2/repository/com/sun/jersey/jersey-core/1.19/jersey-core-1.19.jar:/home/user/.m2/repository/javax/ws/rs/jsr311-api/1.1.1/jsr311-api-1.1.1.jar:/home/user/.m2/repository/com/sun/jersey/jersey-server/1.19/jersey-server-1.19.jar:/home/user/.m2/repository/javax/servlet/javax.servlet-api/3.1.0/javax.servlet-api-3.1.0.jar:/home/user/.m2/repository/org/eclipse/jetty/jetty-server/9.3.24.v20180605/jetty-server-9.3.24.v20180605.jar:/home/user/.m2/repository/org/eclipse/jetty/jetty-http/9.3.24.v20180605/jetty-http-9.3.24.v20180605.jar:/home/user/.m2/repository/org/eclipse/jetty/jetty-io/9.3.24.v20180605/jetty-io-9.3.24.v20180605.jar:/home/user/.m2/repository/org/eclipse/jetty/jetty-webapp/9.3.24.v20180605/jetty-webapp-9.3.24.v20180605.jar:/home/user/.m2/repository/org/eclipse/jetty/jetty-xml/9.3.24.v20180605/jetty-xml-9.3.24.v20180605.jar:/home/user/.m2/repository/log4j/log4j/1.2.17/log4j-1.2.17.jar:/home/user/.m2/repository/org/slf4j/slf4j-api/1.7.25/slf4j-api-1.7.25.jar:/home/user/.m2/repository/org/slf4j/jul-to-slf4j/1.7.25/jul-to-slf4j-1.7.25.jar:/home/user/.m2/repository/org/eclipse/jetty/jetty-util/9.3.24.v20180605/jetty-util-9.3.24.v20180605.jar:/home/user/.m2/repository/com/fasterxml/jackson/core/jackson-databind/2.9.5/jackson-databind-2.9.5.jar:/home/user/.m2/repository/org/apache/hadoop/hadoop-kms/3.2.0/hadoop-kms-3.2.0-tests.jar:/home/user/.m2/repository/org/apache/hadoop/hadoop-hdds-server-scm/0.5.0-SNAPSHOT/hadoop-hdds-server-scm-0.5.0-SNAPSHOT-tests.jar:/home/user/.m2/repository/org/apache/hadoop/hadoop-hdds-container-service/0.5.0-SNAPSHOT/hadoop-hdds-container-service-0.5.0-SNAPSHOT-tests.jar:/home/user/.m2/repository/org/yaml/snakeyaml/1.16/snakeyaml-1.16.jar:/home/user/.m2/repository/org/apache/hadoop/hadoop-common/3.2.0/hadoop-common-3.2.0-tests.jar:/home/user/.m2/repository/org/apache/hadoop/hadoop-annotations/3.2.0/hadoop-annotations-3.2.0.jar:/usr/lib/jvm/java-1.8-openjdk/jre/../lib/tools.jar:/home/user/.m2/repository/commons-cli/commons-cli/1.2/commons-cli-1.2.jar:/home/user/.m2/repository/org/apache/httpcomponents/httpclient/4.5.2/httpclient-4.5.2.jar:/home/user/.m2/repository/org/apache/httpcomponents/httpcore/4.4.4/httpcore-4.4.4.jar:/home/user/.m2/repository/commons-codec/commons-codec/1.11/commons-codec-1.11.jar:/home/user/.m2/repository/commons-net/commons-net/3.6/commons-net-3.6.jar:/home/user/.m2/repository/commons-collections/commons-collections/3.2.2/commons-collections-3.2.2.jar:/home/user/.m2/repository/org/eclipse/jetty/jetty-servlet/9.3.24.v20180605/jetty-servlet-9.3.24.v20180605.jar:/home/user/.m2/repository/org/eclipse/jetty/jetty-security/9.3.24.v20180605/jetty-security-9.3.24.v20180605.jar:/home/user/.m2/repository/javax/servlet/jsp/jsp-api/2.1/jsp-api-2.1.jar:/home/user/.m2/repository/com/sun/jersey/jersey-servlet/1.19/jersey-servlet-1.19.jar:/home/user/.m2/repository/com/sun/jersey/jersey-json/1.19/jersey-json-1.19.jar:/home/user/.m2/repository/org/codehaus/jettison/jettison/1.1/jettison-1.1.jar:/home/user/.m2/repository/org/codehaus/jackson/jackson-core-asl/1.9.13/jackson-core-asl-1.9.13.jar:/home/user/.m2/repository/org/codehaus/jackson/jackson-mapper-asl/1.9.13/jackson-mapper-asl-1.9.13.jar:/home/user/.m2/repository/org/codehaus/jackson/jackson-jaxrs/1.9.13/jackson-jaxrs-1.9.13.jar:/home/user/.m2/repository/org/codehaus/jackson/jackson-xc/1.9.13/jackson-xc-1.9.13.jar:/home/user/.m2/repository/commons-logging/commons-logging/1.1.3/commons-logging-1.1.3.jar:/home/user/.m2/repository/commons-beanutils/commons-beanutils/1.9.3/commons-beanutils-1.9.3.jar:/home/user/.m2/repository/org/apache/commons/commons-configuration2/2.1.1/commons-configuration2-2.1.1.jar:/home/user/.m2/repository/org/apache/commons/commons-lang3/3.7/commons-lang3-3.7.jar:/home/user/.m2/repository/org/apache/commons/commons-text/1.4/commons-text-1.4.jar:/home/user/.m2/repository/org/apache/avro/avro/1.7.7/avro-1.7.7.jar:/home/user/.m2/repository/com/thoughtworks/paranamer/paranamer/2.3/paranamer-2.3.jar:/home/user/.m2/repository/org/xerial/snappy/snappy-java/1.0.5/snappy-java-1.0.5.jar:/home/user/.m2/repository/com/google/re2j/re2j/1.1/re2j-1.1.jar:/home/user/.m2/repository/com/google/code/gson/gson/2.2.4/gson-2.2.4.jar:/home/user/.m2/repository/com/jcraft/jsch/0.1.54/jsch-0.1.54.jar:/home/user/.m2/repository/org/apache/curator/curator-client/2.12.0/curator-client-2.12.0.jar:/home/user/.m2/repository/org/apache/curator/curator-recipes/2.12.0/curator-recipes-2.12.0.jar:/home/user/.m2/repository/com/google/code/findbugs/jsr305/3.0.0/jsr305-3.0.0.jar:/home/user/.m2/repository/org/apache/htrace/htrace-core4/4.1.0-incubating/htrace-core4-4.1.0-incubating.jar:/home/user/.m2/repository/org/apache/zookeeper/zookeeper/3.4.13/zookeeper-3.4.13.jar:/home/user/.m2/repository/org/apache/yetus/audience-annotations/0.5.0/audience-annotations-0.5.0.jar:/home/user/.m2/repository/org/codehaus/woodstox/stax2-api/3.1.4/stax2-api-3.1.4.jar:/home/user/.m2/repository/com/fasterxml/woodstox/woodstox-core/5.0.3/woodstox-core-5.0.3.jar:/home/user/.m2/repository/dnsjava/dnsjava/2.1.7/dnsjava-2.1.7.jar:/home/user/.m2/repository/org/apache/hadoop/hadoop-hdfs/3.2.0/hadoop-hdfs-3.2.0-tests.jar:/home/user/.m2/repository/org/eclipse/jetty/jetty-util-ajax/9.3.24.v20180605/jetty-util-ajax-9.3.24.v20180605.jar:/home/user/.m2/repository/commons-daemon/commons-daemon/1.0.13/commons-daemon-1.0.13.jar:/home/user/.m2/repository/io/netty/netty/3.10.5.Final/netty-3.10.5.Final.jar:/home/user/.m2/repository/io/netty/netty-all/4.0.52.Final/netty-all-4.0.52.Final.jar:/home/user/.m2/repository/org/fusesource/leveldbjni/leveldbjni-all/1.8/leveldbjni-all-1.8.jar:"/>
    <property name="java.vm.vendor" value="IcedTea"/>
    <property name="sun.arch.data.model" value="64"/>
    <property name="test.build.dir" value="/workdir/hadoop-ozone/integration-test/target/test-dir"/>
    <property name="test.cache.data" value=""/>
    <property name="java.vendor.url" value="https://icedtea.classpath.org"/>
    <property name="user.timezone" value=""/>
    <property name="java.vm.specification.version" value="1.8"/>
    <property name="os.name" value="Linux"/>
    <property name="test.build.data" value="/workdir/hadoop-ozone/integration-test/target/test-dir"/>
    <property name="user.country" value="US"/>
    <property name="sun.java.launcher" value="SUN_STANDARD"/>
    <property name="sun.boot.library.path" value="/usr/lib/jvm/java-1.8-openjdk/jre/lib/amd64"/>
    <property name="sun.java.command" value="/workdir/hadoop-ozone/integration-test/target/surefire/surefirebooter3469107466477153324.jar /workdir/hadoop-ozone/integration-test/target/surefire 2019-08-31T21-36-40_695-jvmRun1 surefire1886073897217924764tmp surefire_28088586974569892905tmp"/>
    <property name="test" value="!TestMiniChaosOzoneCluster"/>
    <property name="surefire.test.class.path" value="/workdir/hadoop-ozone/integration-test/target/test-classes:/workdir/hadoop-ozone/integration-test/target/classes:/home/user/.m2/repository/org/apache/hadoop/hadoop-ozone-common/0.5.0-SNAPSHOT/hadoop-ozone-common-0.5.0-SNAPSHOT.jar:/home/user/.m2/repository/org/apache/commons/commons-compress/1.4.1/commons-compress-1.4.1.jar:/home/user/.m2/repository/org/tukaani/xz/1.0/xz-1.0.jar:/home/user/.m2/repository/org/apache/hadoop/hadoop-common/3.2.0/hadoop-common-3.2.0.jar:/home/user/.m2/repository/org/apache/hadoop/hadoop-hdfs/3.2.0/hadoop-hdfs-3.2.0.jar:/home/user/.m2/repository/org/apache/hadoop/hadoop-hdfs-client/3.2.0/hadoop-hdfs-client-3.2.0.jar:/home/user/.m2/repository/com/fasterxml/jackson/core/jackson-annotations/2.9.5/jackson-annotations-2.9.5.jar:/home/user/.m2/repository/org/apache/hadoop/hadoop-hdds-common/0.5.0-SNAPSHOT/hadoop-hdds-common-0.5.0-SNAPSHOT.jar:/home/user/.m2/repository/javax/annotation/javax.annotation-api/1.2/javax.annotation-api-1.2.jar:/home/user/.m2/repository/org/apache/ratis/ratis-server/0.4.0-2337318-SNAPSHOT/ratis-server-0.4.0-2337318-SNAPSHOT.jar:/home/user/.m2/repository/org/apache/ratis/ratis-thirdparty-misc/0.2.0/ratis-thirdparty-misc-0.2.0.jar:/home/user/.m2/repository/org/apache/ratis/ratis-proto/0.4.0-2337318-SNAPSHOT/ratis-proto-0.4.0-2337318-SNAPSHOT.jar:/home/user/.m2/repository/org/apache/ratis/ratis-common/0.4.0-2337318-SNAPSHOT/ratis-common-0.4.0-2337318-SNAPSHOT.jar:/home/user/.m2/repository/org/apache/ratis/ratis-client/0.4.0-2337318-SNAPSHOT/ratis-client-0.4.0-2337318-SNAPSHOT.jar:/home/user/.m2/repository/org/apache/ratis/ratis-metrics/0.4.0-2337318-SNAPSHOT/ratis-metrics-0.4.0-2337318-SNAPSHOT.jar:/home/user/.m2/repository/org/apache/ratis/ratis-netty/0.4.0-2337318-SNAPSHOT/ratis-netty-0.4.0-2337318-SNAPSHOT.jar:/home/user/.m2/repository/org/apache/ratis/ratis-grpc/0.4.0-2337318-SNAPSHOT/ratis-grpc-0.4.0-2337318-SNAPSHOT.jar:/home/user/.m2/repository/org/rocksdb/rocksdbjni/6.0.1/rocksdbjni-6.0.1.jar:/home/user/.m2/repository/org/apache/logging/log4j/log4j-api/2.11.0/log4j-api-2.11.0.jar:/home/user/.m2/repository/org/apache/logging/log4j/log4j-core/2.11.0/log4j-core-2.11.0.jar:/home/user/.m2/repository/com/lmax/disruptor/3.4.2/disruptor-3.4.2.jar:/home/user/.m2/repository/org/apache/commons/commons-pool2/2.6.0/commons-pool2-2.6.0.jar:/home/user/.m2/repository/org/bouncycastle/bcpkix-jdk15on/1.60/bcpkix-jdk15on-1.60.jar:/home/user/.m2/repository/commons-validator/commons-validator/1.6/commons-validator-1.6.jar:/home/user/.m2/repository/commons-digester/commons-digester/1.8.1/commons-digester-1.8.1.jar:/home/user/.m2/repository/io/jaegertracing/jaeger-client/0.33.1/jaeger-client-0.33.1.jar:/home/user/.m2/repository/io/jaegertracing/jaeger-thrift/0.33.1/jaeger-thrift-0.33.1.jar:/home/user/.m2/repository/org/apache/thrift/libthrift/0.11.0/libthrift-0.11.0.jar:/home/user/.m2/repository/com/squareup/okhttp3/okhttp/3.9.0/okhttp-3.9.0.jar:/home/user/.m2/repository/com/squareup/okio/okio/1.13.0/okio-1.13.0.jar:/home/user/.m2/repository/io/jaegertracing/jaeger-core/0.33.1/jaeger-core-0.33.1.jar:/home/user/.m2/repository/io/jaegertracing/jaeger-tracerresolver/0.33.1/jaeger-tracerresolver-0.33.1.jar:/home/user/.m2/repository/io/opentracing/contrib/opentracing-tracerresolver/0.1.5/opentracing-tracerresolver-0.1.5.jar:/home/user/.m2/repository/io/opentracing/opentracing-util/0.31.0/opentracing-util-0.31.0.jar:/home/user/.m2/repository/io/opentracing/opentracing-api/0.31.0/opentracing-api-0.31.0.jar:/home/user/.m2/repository/io/opentracing/opentracing-noop/0.31.0/opentracing-noop-0.31.0.jar:/home/user/.m2/repository/org/apache/hadoop/hadoop-hdds-server-framework/0.5.0-SNAPSHOT/hadoop-hdds-server-framework-0.5.0-SNAPSHOT.jar:/home/user/.m2/repository/org/apache/hadoop/hadoop-hdds-container-service/0.5.0-SNAPSHOT/hadoop-hdds-container-service-0.5.0-SNAPSHOT.jar:/home/user/.m2/repository/org/apache/hadoop/hadoop-hdds-client/0.5.0-SNAPSHOT/hadoop-hdds-client-0.5.0-SNAPSHOT.jar:/home/user/.m2/repository/org/apache/hadoop/hadoop-hdds-tools/0.5.0-SNAPSHOT/hadoop-hdds-tools-0.5.0-SNAPSHOT.jar:/home/user/.m2/repository/org/apache/hadoop/hadoop-hdds-server-scm/0.5.0-SNAPSHOT/hadoop-hdds-server-scm-0.5.0-SNAPSHOT.jar:/home/user/.m2/repository/org/apache/hadoop/hadoop-hdds-docs/0.5.0-SNAPSHOT/hadoop-hdds-docs-0.5.0-SNAPSHOT.jar:/home/user/.m2/repository/io/dropwizard/metrics/metrics-core/3.2.4/metrics-core-3.2.4.jar:/home/user/.m2/repository/org/hamcrest/hamcrest-all/1.3/hamcrest-all-1.3.jar:/home/user/.m2/repository/org/bouncycastle/bcprov-jdk15on/1.60/bcprov-jdk15on-1.60.jar:/home/user/.m2/repository/info/picocli/picocli/3.9.6/picocli-3.9.6.jar:/home/user/.m2/repository/com/google/protobuf/protobuf-java/2.5.0/protobuf-java-2.5.0.jar:/home/user/.m2/repository/com/google/guava/guava/11.0.2/guava-11.0.2.jar:/home/user/.m2/repository/org/apache/hadoop/hadoop-ozone-ozone-manager/0.5.0-SNAPSHOT/hadoop-ozone-ozone-manager-0.5.0-SNAPSHOT.jar:/home/user/.m2/repository/org/apache/hadoop/hadoop-minikdc/3.2.0/hadoop-minikdc-3.2.0.jar:/home/user/.m2/repository/commons-io/commons-io/2.5/commons-io-2.5.jar:/home/user/.m2/repository/org/apache/kerby/kerb-simplekdc/1.0.1/kerb-simplekdc-1.0.1.jar:/home/user/.m2/repository/org/apache/kerby/kerb-client/1.0.1/kerb-client-1.0.1.jar:/home/user/.m2/repository/org/apache/kerby/kerby-config/1.0.1/kerby-config-1.0.1.jar:/home/user/.m2/repository/org/apache/kerby/kerb-core/1.0.1/kerb-core-1.0.1.jar:/home/user/.m2/repository/org/apache/kerby/kerby-pkix/1.0.1/kerby-pkix-1.0.1.jar:/home/user/.m2/repository/org/apache/kerby/kerby-asn1/1.0.1/kerby-asn1-1.0.1.jar:/home/user/.m2/repository/org/apache/kerby/kerby-util/1.0.1/kerby-util-1.0.1.jar:/home/user/.m2/repository/org/apache/kerby/kerb-common/1.0.1/kerb-common-1.0.1.jar:/home/user/.m2/repository/org/apache/kerby/kerb-crypto/1.0.1/kerb-crypto-1.0.1.jar:/home/user/.m2/repository/org/apache/kerby/kerb-util/1.0.1/kerb-util-1.0.1.jar:/home/user/.m2/repository/org/apache/kerby/token-provider/1.0.1/token-provider-1.0.1.jar:/home/user/.m2/repository/org/apache/kerby/kerb-admin/1.0.1/kerb-admin-1.0.1.jar:/home/user/.m2/repository/org/apache/kerby/kerb-server/1.0.1/kerb-server-1.0.1.jar:/home/user/.m2/repository/org/apache/kerby/kerb-identity/1.0.1/kerb-identity-1.0.1.jar:/home/user/.m2/repository/org/apache/kerby/kerby-xdr/1.0.1/kerby-xdr-1.0.1.jar:/home/user/.m2/repository/org/slf4j/slf4j-log4j12/1.7.25/slf4j-log4j12-1.7.25.jar:/home/user/.m2/repository/org/apache/hadoop/hadoop-ozone-s3gateway/0.5.0-SNAPSHOT/hadoop-ozone-s3gateway-0.5.0-SNAPSHOT.jar:/home/user/.m2/repository/org/jboss/weld/servlet/weld-servlet/2.4.7.Final/weld-servlet-2.4.7.Final.jar:/home/user/.m2/repository/org/glassfish/jersey/containers/jersey-container-servlet-core/2.27/jersey-container-servlet-core-2.27.jar:/home/user/.m2/repository/org/glassfish/hk2/external/javax.inject/2.5.0-b42/javax.inject-2.5.0-b42.jar:/home/user/.m2/repository/org/glassfish/jersey/core/jersey-common/2.27/jersey-common-2.27.jar:/home/user/.m2/repository/org/glassfish/hk2/osgi-resource-locator/1.0.1/osgi-resource-locator-1.0.1.jar:/home/user/.m2/repository/javax/ws/rs/javax.ws.rs-api/2.1/javax.ws.rs-api-2.1.jar:/home/user/.m2/repository/org/glassfish/jersey/ext/cdi/jersey-cdi1x/2.27/jersey-cdi1x-2.27.jar:/home/user/.m2/repository/org/glassfish/jersey/inject/jersey-hk2/2.27/jersey-hk2-2.27.jar:/home/user/.m2/repository/org/glassfish/hk2/hk2-locator/2.5.0-b42/hk2-locator-2.5.0-b42.jar:/home/user/.m2/repository/org/javassist/javassist/3.22.0-CR2/javassist-3.22.0-CR2.jar:/home/user/.m2/repository/org/glassfish/hk2/hk2-api/2.5.0/hk2-api-2.5.0.jar:/home/user/.m2/repository/org/glassfish/hk2/external/jakarta.inject/2.5.0/jakarta.inject-2.5.0.jar:/home/user/.m2/repository/org/glassfish/hk2/hk2-utils/2.5.0/hk2-utils-2.5.0.jar:/home/user/.m2/repository/jakarta/annotation/jakarta.annotation-api/1.3.4/jakarta.annotation-api-1.3.4.jar:/home/user/.m2/repository/org/glassfish/hk2/external/aopalliance-repackaged/2.5.0/aopalliance-repackaged-2.5.0.jar:/home/user/.m2/repository/com/fasterxml/jackson/dataformat/jackson-dataformat-xml/2.9.0/jackson-dataformat-xml-2.9.0.jar:/home/user/.m2/repository/com/fasterxml/jackson/core/jackson-core/2.9.5/jackson-core-2.9.5.jar:/home/user/.m2/repository/com/fasterxml/jackson/module/jackson-module-jaxb-annotations/2.9.5/jackson-module-jaxb-annotations-2.9.5.jar:/home/user/.m2/repository/javax/enterprise/cdi-api/1.2/cdi-api-1.2.jar:/home/user/.m2/repository/javax/el/javax.el-api/3.0.0/javax.el-api-3.0.0.jar:/home/user/.m2/repository/javax/interceptor/javax.interceptor-api/1.2/javax.interceptor-api-1.2.jar:/home/user/.m2/repository/javax/inject/javax.inject/1/javax.inject-1.jar:/home/user/.m2/repository/com/sun/xml/bind/jaxb-impl/2.3.0.1/jaxb-impl-2.3.0.1.jar:/home/user/.m2/repository/com/sun/xml/bind/jaxb-core/2.3.0.1/jaxb-core-2.3.0.1.jar:/home/user/.m2/repository/javax/xml/bind/jaxb-api/2.3.0/jaxb-api-2.3.0.jar:/home/user/.m2/repository/javax/activation/activation/1.1.1/activation-1.1.1.jar:/home/user/.m2/repository/org/apache/hadoop/hadoop-ozone-csi/0.5.0-SNAPSHOT/hadoop-ozone-csi-0.5.0-SNAPSHOT.jar:/home/user/.m2/repository/com/google/protobuf/protobuf-java-util/3.5.1/protobuf-java-util-3.5.1.jar:/home/user/.m2/repository/org/apache/hadoop/hadoop-hdds-config/0.5.0-SNAPSHOT/hadoop-hdds-config-0.5.0-SNAPSHOT.jar:/home/user/.m2/repository/io/grpc/grpc-netty/1.17.1/grpc-netty-1.17.1.jar:/home/user/.m2/repository/io/grpc/grpc-core/1.17.1/grpc-core-1.17.1.jar:/home/user/.m2/repository/io/grpc/grpc-context/1.17.1/grpc-context-1.17.1.jar:/home/user/.m2/repository/com/google/errorprone/error_prone_annotations/2.2.0/error_prone_annotations-2.2.0.jar:/home/user/.m2/repository/org/codehaus/mojo/animal-sniffer-annotations/1.17/animal-sniffer-annotations-1.17.jar:/home/user/.m2/repository/io/opencensus/opencensus-api/0.17.0/opencensus-api-0.17.0.jar:/home/user/.m2/repository/io/opencensus/opencensus-contrib-grpc-metrics/0.17.0/opencensus-contrib-grpc-metrics-0.17.0.jar:/home/user/.m2/repository/io/netty/netty-codec-http2/4.1.30.Final/netty-codec-http2-4.1.30.Final.jar:/home/user/.m2/repository/io/netty/netty-codec-http/4.1.30.Final/netty-codec-http-4.1.30.Final.jar:/home/user/.m2/repository/io/netty/netty-codec/4.1.30.Final/netty-codec-4.1.30.Final.jar:/home/user/.m2/repository/io/netty/netty-handler/4.1.30.Final/netty-handler-4.1.30.Final.jar:/home/user/.m2/repository/io/netty/netty-handler-proxy/4.1.30.Final/netty-handler-proxy-4.1.30.Final.jar:/home/user/.m2/repository/io/netty/netty-codec-socks/4.1.30.Final/netty-codec-socks-4.1.30.Final.jar:/home/user/.m2/repository/io/netty/netty-transport-native-epoll/4.1.30.Final/netty-transport-native-epoll-4.1.30.Final.jar:/home/user/.m2/repository/io/netty/netty-common/4.1.30.Final/netty-common-4.1.30.Final.jar:/home/user/.m2/repository/io/netty/netty-buffer/4.1.30.Final/netty-buffer-4.1.30.Final.jar:/home/user/.m2/repository/io/netty/netty-transport/4.1.30.Final/netty-transport-4.1.30.Final.jar:/home/user/.m2/repository/io/netty/netty-resolver/4.1.30.Final/netty-resolver-4.1.30.Final.jar:/home/user/.m2/repository/io/netty/netty-transport-native-unix-common/4.1.30.Final/netty-transport-native-unix-common-4.1.30.Final.jar:/home/user/.m2/repository/io/grpc/grpc-protobuf/1.17.1/grpc-protobuf-1.17.1.jar:/home/user/.m2/repository/com/google/api/grpc/proto-google-common-protos/1.0.0/proto-google-common-protos-1.0.0.jar:/home/user/.m2/repository/io/grpc/grpc-protobuf-lite/1.17.1/grpc-protobuf-lite-1.17.1.jar:/home/user/.m2/repository/io/grpc/grpc-stub/1.17.1/grpc-stub-1.17.1.jar:/home/user/.m2/repository/org/apache/hadoop/hadoop-ozone-recon/0.5.0-SNAPSHOT/hadoop-ozone-recon-0.5.0-SNAPSHOT.jar:/home/user/.m2/repository/org/apache/hadoop/hadoop-ozone-reconcodegen/0.5.0-SNAPSHOT/hadoop-ozone-reconcodegen-0.5.0-SNAPSHOT.jar:/home/user/.m2/repository/com/google/inject/extensions/guice-multibindings/4.0/guice-multibindings-4.0.jar:/home/user/.m2/repository/com/google/inject/guice/4.0/guice-4.0.jar:/home/user/.m2/repository/aopalliance/aopalliance/1.0/aopalliance-1.0.jar:/home/user/.m2/repository/com/google/inject/extensions/guice-servlet/4.0/guice-servlet-4.0.jar:/home/user/.m2/repository/org/glassfish/jersey/containers/jersey-container-servlet/2.27/jersey-container-servlet-2.27.jar:/home/user/.m2/repository/org/glassfish/hk2/guice-bridge/2.5.0/guice-bridge-2.5.0.jar:/home/user/.m2/repository/org/glassfish/jersey/core/jersey-server/2.27/jersey-server-2.27.jar:/home/user/.m2/repository/org/glassfish/jersey/core/jersey-client/2.27/jersey-client-2.27.jar:/home/user/.m2/repository/org/glassfish/jersey/media/jersey-media-jaxb/2.27/jersey-media-jaxb-2.27.jar:/home/user/.m2/repository/javax/validation/validation-api/1.1.0.Final/validation-api-1.1.0.Final.jar:/home/user/.m2/repository/org/glassfish/jersey/media/jersey-media-json-jackson/2.27/jersey-media-json-jackson-2.27.jar:/home/user/.m2/repository/org/glassfish/jersey/ext/jersey-entity-filtering/2.27/jersey-entity-filtering-2.27.jar:/home/user/.m2/repository/com/google/inject/extensions/guice-assistedinject/4.0/guice-assistedinject-4.0.jar:/home/user/.m2/repository/org/jooq/jooq/3.11.10/jooq-3.11.10.jar:/home/user/.m2/repository/org/jooq/jooq-meta/3.11.10/jooq-meta-3.11.10.jar:/home/user/.m2/repository/org/jooq/jooq-codegen/3.11.10/jooq-codegen-3.11.10.jar:/home/user/.m2/repository/com/jolbox/bonecp/0.8.0.RELEASE/bonecp-0.8.0.RELEASE.jar:/home/user/.m2/repository/org/xerial/sqlite-jdbc/3.25.2/sqlite-jdbc-3.25.2.jar:/home/user/.m2/repository/org/springframework/spring-jdbc/5.1.3.RELEASE/spring-jdbc-5.1.3.RELEASE.jar:/home/user/.m2/repository/org/springframework/spring-beans/5.1.3.RELEASE/spring-beans-5.1.3.RELEASE.jar:/home/user/.m2/repository/org/springframework/spring-core/5.1.3.RELEASE/spring-core-5.1.3.RELEASE.jar:/home/user/.m2/repository/org/springframework/spring-jcl/5.1.3.RELEASE/spring-jcl-5.1.3.RELEASE.jar:/home/user/.m2/repository/org/springframework/spring-tx/5.1.3.RELEASE/spring-tx-5.1.3.RELEASE.jar:/home/user/.m2/repository/org/apache/hadoop/hadoop-ozone-client/0.5.0-SNAPSHOT/hadoop-ozone-client-0.5.0-SNAPSHOT.jar:/home/user/.m2/repository/commons-lang/commons-lang/2.6/commons-lang-2.6.jar:/home/user/.m2/repository/org/apache/hadoop/hadoop-ozone-ozone-manager/0.5.0-SNAPSHOT/hadoop-ozone-ozone-manager-0.5.0-SNAPSHOT-tests.jar:/home/user/.m2/repository/junit/junit/4.11/junit-4.11.jar:/home/user/.m2/repository/org/hamcrest/hamcrest-core/1.3/hamcrest-core-1.3.jar:/home/user/.m2/repository/org/openjdk/jmh/jmh-core/1.19/jmh-core-1.19.jar:/home/user/.m2/repository/net/sf/jopt-simple/jopt-simple/4.6/jopt-simple-4.6.jar:/home/user/.m2/repository/org/apache/commons/commons-math3/3.1.1/commons-math3-3.1.1.jar:/home/user/.m2/repository/org/openjdk/jmh/jmh-generator-annprocess/1.19/jmh-generator-annprocess-1.19.jar:/home/user/.m2/repository/org/mockito/mockito-all/1.8.5/mockito-all-1.8.5.jar:/home/user/.m2/repository/org/apache/hadoop/hadoop-kms/3.2.0/hadoop-kms-3.2.0.jar:/home/user/.m2/repository/org/apache/hadoop/hadoop-auth/3.2.0/hadoop-auth-3.2.0.jar:/home/user/.m2/repository/com/nimbusds/nimbus-jose-jwt/4.41.1/nimbus-jose-jwt-4.41.1.jar:/home/user/.m2/repository/com/github/stephenc/jcip/jcip-annotations/1.0-1/jcip-annotations-1.0-1.jar:/home/user/.m2/repository/net/minidev/json-smart/2.3/json-smart-2.3.jar:/home/user/.m2/repository/net/minidev/accessors-smart/1.2/accessors-smart-1.2.jar:/home/user/.m2/repository/org/ow2/asm/asm/5.0.4/asm-5.0.4.jar:/home/user/.m2/repository/org/apache/curator/curator-framework/2.12.0/curator-framework-2.12.0.jar:/home/user/.m2/repository/com/sun/jersey/jersey-core/1.19/jersey-core-1.19.jar:/home/user/.m2/repository/javax/ws/rs/jsr311-api/1.1.1/jsr311-api-1.1.1.jar:/home/user/.m2/repository/com/sun/jersey/jersey-server/1.19/jersey-server-1.19.jar:/home/user/.m2/repository/javax/servlet/javax.servlet-api/3.1.0/javax.servlet-api-3.1.0.jar:/home/user/.m2/repository/org/eclipse/jetty/jetty-server/9.3.24.v20180605/jetty-server-9.3.24.v20180605.jar:/home/user/.m2/repository/org/eclipse/jetty/jetty-http/9.3.24.v20180605/jetty-http-9.3.24.v20180605.jar:/home/user/.m2/repository/org/eclipse/jetty/jetty-io/9.3.24.v20180605/jetty-io-9.3.24.v20180605.jar:/home/user/.m2/repository/org/eclipse/jetty/jetty-webapp/9.3.24.v20180605/jetty-webapp-9.3.24.v20180605.jar:/home/user/.m2/repository/org/eclipse/jetty/jetty-xml/9.3.24.v20180605/jetty-xml-9.3.24.v20180605.jar:/home/user/.m2/repository/log4j/log4j/1.2.17/log4j-1.2.17.jar:/home/user/.m2/repository/org/slf4j/slf4j-api/1.7.25/slf4j-api-1.7.25.jar:/home/user/.m2/repository/org/slf4j/jul-to-slf4j/1.7.25/jul-to-slf4j-1.7.25.jar:/home/user/.m2/repository/org/eclipse/jetty/jetty-util/9.3.24.v20180605/jetty-util-9.3.24.v20180605.jar:/home/user/.m2/repository/com/fasterxml/jackson/core/jackson-databind/2.9.5/jackson-databind-2.9.5.jar:/home/user/.m2/repository/org/apache/hadoop/hadoop-kms/3.2.0/hadoop-kms-3.2.0-tests.jar:/home/user/.m2/repository/org/apache/hadoop/hadoop-hdds-server-scm/0.5.0-SNAPSHOT/hadoop-hdds-server-scm-0.5.0-SNAPSHOT-tests.jar:/home/user/.m2/repository/org/apache/hadoop/hadoop-hdds-container-service/0.5.0-SNAPSHOT/hadoop-hdds-container-service-0.5.0-SNAPSHOT-tests.jar:/home/user/.m2/repository/org/yaml/snakeyaml/1.16/snakeyaml-1.16.jar:/home/user/.m2/repository/org/apache/hadoop/hadoop-common/3.2.0/hadoop-common-3.2.0-tests.jar:/home/user/.m2/repository/org/apache/hadoop/hadoop-annotations/3.2.0/hadoop-annotations-3.2.0.jar:/usr/lib/jvm/java-1.8-openjdk/jre/../lib/tools.jar:/home/user/.m2/repository/commons-cli/commons-cli/1.2/commons-cli-1.2.jar:/home/user/.m2/repository/org/apache/httpcomponents/httpclient/4.5.2/httpclient-4.5.2.jar:/home/user/.m2/repository/org/apache/httpcomponents/httpcore/4.4.4/httpcore-4.4.4.jar:/home/user/.m2/repository/commons-codec/commons-codec/1.11/commons-codec-1.11.jar:/home/user/.m2/repository/commons-net/commons-net/3.6/commons-net-3.6.jar:/home/user/.m2/repository/commons-collections/commons-collections/3.2.2/commons-collections-3.2.2.jar:/home/user/.m2/repository/org/eclipse/jetty/jetty-servlet/9.3.24.v20180605/jetty-servlet-9.3.24.v20180605.jar:/home/user/.m2/repository/org/eclipse/jetty/jetty-security/9.3.24.v20180605/jetty-security-9.3.24.v20180605.jar:/home/user/.m2/repository/javax/servlet/jsp/jsp-api/2.1/jsp-api-2.1.jar:/home/user/.m2/repository/com/sun/jersey/jersey-servlet/1.19/jersey-servlet-1.19.jar:/home/user/.m2/repository/com/sun/jersey/jersey-json/1.19/jersey-json-1.19.jar:/home/user/.m2/repository/org/codehaus/jettison/jettison/1.1/jettison-1.1.jar:/home/user/.m2/repository/org/codehaus/jackson/jackson-core-asl/1.9.13/jackson-core-asl-1.9.13.jar:/home/user/.m2/repository/org/codehaus/jackson/jackson-mapper-asl/1.9.13/jackson-mapper-asl-1.9.13.jar:/home/user/.m2/repository/org/codehaus/jackson/jackson-jaxrs/1.9.13/jackson-jaxrs-1.9.13.jar:/home/user/.m2/repository/org/codehaus/jackson/jackson-xc/1.9.13/jackson-xc-1.9.13.jar:/home/user/.m2/repository/commons-logging/commons-logging/1.1.3/commons-logging-1.1.3.jar:/home/user/.m2/repository/commons-beanutils/commons-beanutils/1.9.3/commons-beanutils-1.9.3.jar:/home/user/.m2/repository/org/apache/commons/commons-configuration2/2.1.1/commons-configuration2-2.1.1.jar:/home/user/.m2/repository/org/apache/commons/commons-lang3/3.7/commons-lang3-3.7.jar:/home/user/.m2/repository/org/apache/commons/commons-text/1.4/commons-text-1.4.jar:/home/user/.m2/repository/org/apache/avro/avro/1.7.7/avro-1.7.7.jar:/home/user/.m2/repository/com/thoughtworks/paranamer/paranamer/2.3/paranamer-2.3.jar:/home/user/.m2/repository/org/xerial/snappy/snappy-java/1.0.5/snappy-java-1.0.5.jar:/home/user/.m2/repository/com/google/re2j/re2j/1.1/re2j-1.1.jar:/home/user/.m2/repository/com/google/code/gson/gson/2.2.4/gson-2.2.4.jar:/home/user/.m2/repository/com/jcraft/jsch/0.1.54/jsch-0.1.54.jar:/home/user/.m2/repository/org/apache/curator/curator-client/2.12.0/curator-client-2.12.0.jar:/home/user/.m2/repository/org/apache/curator/curator-recipes/2.12.0/curator-recipes-2.12.0.jar:/home/user/.m2/repository/com/google/code/findbugs/jsr305/3.0.0/jsr305-3.0.0.jar:/home/user/.m2/repository/org/apache/htrace/htrace-core4/4.1.0-incubating/htrace-core4-4.1.0-incubating.jar:/home/user/.m2/repository/org/apache/zookeeper/zookeeper/3.4.13/zookeeper-3.4.13.jar:/home/user/.m2/repository/org/apache/yetus/audience-annotations/0.5.0/audience-annotations-0.5.0.jar:/home/user/.m2/repository/org/codehaus/woodstox/stax2-api/3.1.4/stax2-api-3.1.4.jar:/home/user/.m2/repository/com/fasterxml/woodstox/woodstox-core/5.0.3/woodstox-core-5.0.3.jar:/home/user/.m2/repository/dnsjava/dnsjava/2.1.7/dnsjava-2.1.7.jar:/home/user/.m2/repository/org/apache/hadoop/hadoop-hdfs/3.2.0/hadoop-hdfs-3.2.0-tests.jar:/home/user/.m2/repository/org/eclipse/jetty/jetty-util-ajax/9.3.24.v20180605/jetty-util-ajax-9.3.24.v20180605.jar:/home/user/.m2/repository/commons-daemon/commons-daemon/1.0.13/commons-daemon-1.0.13.jar:/home/user/.m2/repository/io/netty/netty/3.10.5.Final/netty-3.10.5.Final.jar:/home/user/.m2/repository/io/netty/netty-all/4.0.52.Final/netty-all-4.0.52.Final.jar:/home/user/.m2/repository/org/fusesource/leveldbjni/leveldbjni-all/1.8/leveldbjni-all-1.8.jar:"/>
    <property name="sun.cpu.endian" value="little"/>
    <property name="user.home" value="/home/user"/>
    <property name="user.language" value="en"/>
    <property name="java.specification.vendor" value="Oracle Corporation"/>
    <property name="java.home" value="/usr/lib/jvm/java-1.8-openjdk/jre"/>
    <property name="java.security.krb5.conf" value="/workdir/hadoop-ozone/integration-test/target/test-classes/krb5.conf"/>
    <property name="basedir" value="/workdir/hadoop-ozone/integration-test"/>
    <property name="file.separator" value="/"/>
    <property name="line.separator" value="&#10;"/>
    <property name="java.vm.specification.vendor" value="Oracle Corporation"/>
    <property name="java.specification.name" value="Java Platform API Specification"/>
    <property name="java.awt.graphicsenv" value="sun.awt.X11GraphicsEnvironment"/>
    <property name="surefire.real.class.path" value="/workdir/hadoop-ozone/integration-test/target/surefire/surefirebooter3469107466477153324.jar"/>
    <property name="hadoop.log.dir" value="/workdir/hadoop-ozone/integration-test/target/log"/>
    <property name="sun.boot.class.path" value="/usr/lib/jvm/java-1.8-openjdk/jre/lib/resources.jar:/usr/lib/jvm/java-1.8-openjdk/jre/lib/rt.jar:/usr/lib/jvm/java-1.8-openjdk/jre/lib/sunrsasign.jar:/usr/lib/jvm/java-1.8-openjdk/jre/lib/jsse.jar:/usr/lib/jvm/java-1.8-openjdk/jre/lib/jce.jar:/usr/lib/jvm/java-1.8-openjdk/jre/lib/charsets.jar:/usr/lib/jvm/java-1.8-openjdk/jre/lib/jfr.jar:/usr/lib/jvm/java-1.8-openjdk/jre/classes"/>
    <property name="sun.management.compiler" value="HotSpot 64-Bit Tiered Compilers"/>
    <property name="java.runtime.version" value="1.8.0_212-b04"/>
    <property name="java.net.preferIPv4Stack" value="true"/>
    <property name="user.name" value="jenkins1000"/>
    <property name="path.separator" value=":"/>
    <property name="java.security.egd" value="file:///dev/urandom"/>
    <property name="os.version" value="3.10.0-957.12.2.el7.x86_64"/>
    <property name="java.endorsed.dirs" value="/usr/lib/jvm/java-1.8-openjdk/jre/lib/endorsed"/>
    <property name="java.runtime.name" value="OpenJDK Runtime Environment"/>
    <property name="file.encoding" value="UTF-8"/>
    <property name="java.vm.name" value="OpenJDK 64-Bit Server VM"/>
    <property name="test.build.webapps" value=""/>
    <property name="localRepository" value="/home/user/.m2/repository"/>
    <property name="java.vendor.url.bug" value="https://icedtea.classpath.org/bugzilla"/>
    <property name="java.io.tmpdir" value="/tmp"/>
    <property name="require.test.libhadoop" value=""/>
    <property name="java.version" value="1.8.0_212"/>
    <property name="user.dir" value="/workdir/hadoop-ozone/integration-test"/>
    <property name="os.arch" value="amd64"/>
    <property name="java.vm.specification.name" value="Java Virtual Machine Specification"/>
    <property name="test.build.classes" value="/workdir/hadoop-ozone/integration-test/target/test-classes"/>
    <property name="java.awt.printerjob" value="sun.print.PSPrinterJob"/>
    <property name="sun.os.patch.level" value="unknown"/>
    <property name="hadoop.tmp.dir" value="/workdir/hadoop-ozone/integration-test/target/tmp"/>
    <property name="java.library.path" value="/usr/lib/jvm/java-1.8-openjdk/jre/lib/amd64/server:/usr/lib/jvm/java-1.8-openjdk/jre/lib/amd64:/usr/lib/jvm/java-1.8-openjdk/jre/../lib/amd64:/workdir/hadoop-ozone/integration-test/target/native/target/usr/local/lib:/workdir/hadoop-ozone/integration-test/../../hadoop-common-project/hadoop-common/target/native/target/usr/local/lib:/usr/java/packages/lib/amd64:/usr/lib64:/lib64:/lib:/usr/lib"/>
    <property name="java.vm.info" value="mixed mode"/>
    <property name="java.vendor" value="IcedTea"/>
    <property name="java.vm.version" value="25.212-b04"/>
    <property name="java.ext.dirs" value="/usr/lib/jvm/java-1.8-openjdk/jre/lib/ext:/usr/java/packages/lib/ext"/>
    <property name="sun.io.unicode.encoding" value="UnicodeLittle"/>
    <property name="java.class.version" value="52.0"/>
  </properties>
  <testcase name="testStartMultipleDatanodes" classname="org.apache.hadoop.ozone.TestMiniOzoneCluster" time="11.499"/>
  <testcase name="testDNstartAfterSCM" classname="org.apache.hadoop.ozone.TestMiniOzoneCluster" time="53.325">
    <failure message="expected:&lt;HEARTBEAT&gt; but was:&lt;REGISTER&gt;" type="java.lang.AssertionError"><![CDATA[java.lang.AssertionError: expected:<HEARTBEAT> but was:<REGISTER>
	at org.junit.Assert.fail(Assert.java:88)
	at org.junit.Assert.failNotEquals(Assert.java:743)
	at org.junit.Assert.assertEquals(Assert.java:118)
	at org.junit.Assert.assertEquals(Assert.java:144)
	at org.apache.hadoop.ozone.TestMiniOzoneCluster.testDNstartAfterSCM(TestMiniOzoneCluster.java:316)
	at sun.reflect.NativeMethodAccessorImpl.invoke0(Native Method)
	at sun.reflect.NativeMethodAccessorImpl.invoke(NativeMethodAccessorImpl.java:62)
	at sun.reflect.DelegatingMethodAccessorImpl.invoke(DelegatingMethodAccessorImpl.java:43)
	at java.lang.reflect.Method.invoke(Method.java:498)
	at org.junit.runners.model.FrameworkMethod$1.runReflectiveCall(FrameworkMethod.java:47)
	at org.junit.internal.runners.model.ReflectiveCallable.run(ReflectiveCallable.java:12)
	at org.junit.runners.model.FrameworkMethod.invokeExplosively(FrameworkMethod.java:44)
	at org.junit.internal.runners.statements.InvokeMethod.evaluate(InvokeMethod.java:17)
	at org.junit.internal.runners.statements.FailOnTimeout$StatementThread.run(FailOnTimeout.java:74)
]]></failure>
    <system-out><![CDATA[2019-08-31 21:37:41,232 [Thread-198] WARN  server.ServerUtils (ServerUtils.java:getScmDbDir(145)) - ozone.scm.db.dirs is not configured. We recommend adding this setting. Falling back to ozone.metadata.dirs instead.
2019-08-31 21:37:41,248 [Thread-198] WARN  server.ServerUtils (ServerUtils.java:getScmDbDir(145)) - ozone.scm.db.dirs is not configured. We recommend adding this setting. Falling back to ozone.metadata.dirs instead.
2019-08-31 21:37:41,249 [Thread-198] WARN  server.ServerUtils (ServerUtils.java:getScmDbDir(145)) - ozone.scm.db.dirs is not configured. We recommend adding this setting. Falling back to ozone.metadata.dirs instead.
2019-08-31 21:37:41,250 [Thread-198] INFO  db.DBStoreBuilder (DBStoreBuilder.java:addTable(110)) - using custom profile for table: deletedBlocks
2019-08-31 21:37:41,250 [Thread-198] INFO  db.DBStoreBuilder (DBStoreBuilder.java:processTables(161)) - Using default column profile:DBProfile.DISK for Table:deletedBlocks
2019-08-31 21:37:41,250 [Thread-198] INFO  db.DBStoreBuilder (DBStoreBuilder.java:addTable(110)) - using custom profile for table: validCerts
2019-08-31 21:37:41,250 [Thread-198] INFO  db.DBStoreBuilder (DBStoreBuilder.java:processTables(161)) - Using default column profile:DBProfile.DISK for Table:validCerts
2019-08-31 21:37:41,251 [Thread-198] INFO  db.DBStoreBuilder (DBStoreBuilder.java:addTable(110)) - using custom profile for table: revokedCerts
2019-08-31 21:37:41,251 [Thread-198] INFO  db.DBStoreBuilder (DBStoreBuilder.java:processTables(161)) - Using default column profile:DBProfile.DISK for Table:revokedCerts
2019-08-31 21:37:41,251 [Thread-198] INFO  db.DBStoreBuilder (DBStoreBuilder.java:addTable(110)) - using custom profile for table: default
2019-08-31 21:37:41,251 [Thread-198] INFO  db.DBStoreBuilder (DBStoreBuilder.java:processTables(167)) - Using default column profile:DBProfile.DISK for Table:default
2019-08-31 21:37:41,252 [Thread-198] INFO  db.DBStoreBuilder (DBStoreBuilder.java:getDbProfile(198)) - Using default options. DBProfile.DISK
2019-08-31 21:37:41,432 [Thread-198] INFO  net.NodeSchemaLoader (NodeSchemaLoader.java:loadSchemaFromFile(125)) - Loading file from sun.misc.CompoundEnumeration@626329f3
2019-08-31 21:37:41,432 [Thread-198] INFO  net.NodeSchemaLoader (NodeSchemaLoader.java:loadSchema(171)) - Loading network topology layer schema file
2019-08-31 21:37:41,436 [Thread-198] WARN  server.ServerUtils (ServerUtils.java:sanitizeUserArgs(70)) - ozone.scm.stale.node.interval value = 300000 is larger than max = 100000 based on the key value of ozone.scm.heartbeat.thread.interval, reset to the max value 100000.
2019-08-31 21:37:41,436 [Thread-198] WARN  server.ServerUtils (ServerUtils.java:sanitizeUserArgs(70)) - ozone.scm.stale.node.interval value = 300000 is larger than max = 100000 based on the key value of ozone.scm.heartbeat.thread.interval, reset to the max value 100000.
2019-08-31 21:37:41,437 [Thread-198] INFO  node.SCMNodeManager (SCMNodeManager.java:<init>(114)) - Entering startup safe mode.
2019-08-31 21:37:41,438 [Thread-198] INFO  algorithms.ContainerPlacementPolicyFactory (ContainerPlacementPolicyFactory.java:getPolicy(55)) - Create container placement policy of type org.apache.hadoop.hdds.scm.container.placement.algorithms.SCMContainerPlacementRandom
2019-08-31 21:37:41,438 [Thread-198] WARN  server.ServerUtils (ServerUtils.java:getScmDbDir(145)) - ozone.scm.db.dirs is not configured. We recommend adding this setting. Falling back to ozone.metadata.dirs instead.
2019-08-31 21:37:41,482 [Thread-198] INFO  pipeline.SCMPipelineManager (SCMPipelineManager.java:initializePipelineState(126)) - No pipeline exists in current db
2019-08-31 21:37:41,482 [Thread-198] WARN  server.ServerUtils (ServerUtils.java:getScmDbDir(145)) - ozone.scm.db.dirs is not configured. We recommend adding this setting. Falling back to ozone.metadata.dirs instead.
2019-08-31 21:37:42,052 | INFO  | SCMAudit | user=jenkins1000 | ip=192.168.34.42 | op=SEND_HEARTBEAT {datanodeUUID=b74b8129-5db4-4482-95bd-28d5db4a01ca, command=[]} | ret=SUCCESS |  
2019-08-31 21:37:42,118 | INFO  | SCMAudit | user=jenkins1000 | ip=192.168.34.42 | op=SEND_HEARTBEAT {datanodeUUID=7a4766de-48bc-4159-ac88-ca5125803eb5, command=[]} | ret=SUCCESS |  
2019-08-31 21:37:42,213 | INFO  | SCMAudit | user=jenkins1000 | ip=192.168.34.42 | op=SEND_HEARTBEAT {datanodeUUID=ede846b1-3099-4238-9ace-b91529b83e53, command=[]} | ret=SUCCESS |  
2019-08-31 21:37:43,026 | INFO  | SCMAudit | user=jenkins1000 | ip=192.168.34.42 | op=SEND_HEARTBEAT {datanodeUUID=b74b8129-5db4-4482-95bd-28d5db4a01ca, command=[]} | ret=SUCCESS |  
2019-08-31 21:37:43,076 [Thread-179] INFO  container.ReplicationManager (ReplicationManager.java:start(162)) - Starting Replication Monitor Thread.
2019-08-31 21:37:43,078 [ReplicationMonitor] INFO  container.ReplicationManager (ReplicationManager.java:run(225)) - Replication Monitor Thread took 1 milliseconds for processing 0 containers.
2019-08-31 21:37:43,119 | INFO  | SCMAudit | user=jenkins1000 | ip=192.168.34.42 | op=SEND_HEARTBEAT {datanodeUUID=7a4766de-48bc-4159-ac88-ca5125803eb5, command=[]} | ret=SUCCESS |  
2019-08-31 21:37:43,212 | INFO  | SCMAudit | user=jenkins1000 | ip=192.168.34.42 | op=SEND_HEARTBEAT {datanodeUUID=ede846b1-3099-4238-9ace-b91529b83e53, command=[]} | ret=SUCCESS |  
2019-08-31 21:37:44,026 | INFO  | SCMAudit | user=jenkins1000 | ip=192.168.34.42 | op=SEND_HEARTBEAT {datanodeUUID=b74b8129-5db4-4482-95bd-28d5db4a01ca, command=[]} | ret=SUCCESS |  
2019-08-31 21:37:44,119 | INFO  | SCMAudit | user=jenkins1000 | ip=192.168.34.42 | op=SEND_HEARTBEAT {datanodeUUID=7a4766de-48bc-4159-ac88-ca5125803eb5, command=[]} | ret=SUCCESS |  
2019-08-31 21:37:44,213 | INFO  | SCMAudit | user=jenkins1000 | ip=192.168.34.42 | op=SEND_HEARTBEAT {datanodeUUID=ede846b1-3099-4238-9ace-b91529b83e53, command=[]} | ret=SUCCESS |  
2019-08-31 21:37:45,028 | INFO  | SCMAudit | user=jenkins1000 | ip=192.168.34.42 | op=SEND_HEARTBEAT {datanodeUUID=b74b8129-5db4-4482-95bd-28d5db4a01ca, command=[]} | ret=SUCCESS |  
2019-08-31 21:37:45,119 | INFO  | SCMAudit | user=jenkins1000 | ip=192.168.34.42 | op=SEND_HEARTBEAT {datanodeUUID=7a4766de-48bc-4159-ac88-ca5125803eb5, command=[]} | ret=SUCCESS |  
2019-08-31 21:37:45,212 | INFO  | SCMAudit | user=jenkins1000 | ip=192.168.34.42 | op=SEND_HEARTBEAT {datanodeUUID=ede846b1-3099-4238-9ace-b91529b83e53, command=[]} | ret=SUCCESS |  
2019-08-31 21:37:45,827 [Thread-181] INFO  impl.FollowerState (FollowerState.java:run(106)) - b74b8129-5db4-4482-95bd-28d5db4a01ca:group-B2FBD3F36588 changes to CANDIDATE, lastRpcTime:5060, electionTimeout:5059ms
2019-08-31 21:37:45,827 [Thread-181] INFO  impl.RoleInfo (RoleInfo.java:shutdownFollowerState(121)) - b74b8129-5db4-4482-95bd-28d5db4a01ca: shutdown FollowerState
2019-08-31 21:37:45,828 [Thread-181] INFO  impl.RaftServerImpl (RaftServerImpl.java:setRole(171)) - b74b8129-5db4-4482-95bd-28d5db4a01ca:group-B2FBD3F36588 changes role from FOLLOWER to CANDIDATE at term 0 for changeToCandidate
2019-08-31 21:37:45,833 [Thread-181] INFO  impl.RoleInfo (RoleInfo.java:updateAndGet(143)) - b74b8129-5db4-4482-95bd-28d5db4a01ca: start LeaderElection
2019-08-31 21:37:45,941 [Thread-184] INFO  impl.FollowerState (FollowerState.java:run(106)) - 7a4766de-48bc-4159-ac88-ca5125803eb5:group-45FA1A258294 changes to CANDIDATE, lastRpcTime:5034, electionTimeout:5033ms
2019-08-31 21:37:45,943 [Thread-184] INFO  impl.RoleInfo (RoleInfo.java:shutdownFollowerState(121)) - 7a4766de-48bc-4159-ac88-ca5125803eb5: shutdown FollowerState
2019-08-31 21:37:45,944 [Thread-184] INFO  impl.RaftServerImpl (RaftServerImpl.java:setRole(171)) - 7a4766de-48bc-4159-ac88-ca5125803eb5:group-45FA1A258294 changes role from FOLLOWER to CANDIDATE at term 0 for changeToCandidate
2019-08-31 21:37:45,944 [Thread-184] INFO  impl.RoleInfo (RoleInfo.java:updateAndGet(143)) - 7a4766de-48bc-4159-ac88-ca5125803eb5: start LeaderElection
2019-08-31 21:37:46,034 | INFO  | SCMAudit | user=jenkins1000 | ip=192.168.34.42 | op=SEND_HEARTBEAT {datanodeUUID=b74b8129-5db4-4482-95bd-28d5db4a01ca, command=[]} | ret=SUCCESS |  
2019-08-31 21:37:46,091 [Thread-187] INFO  impl.FollowerState (FollowerState.java:run(106)) - ede846b1-3099-4238-9ace-b91529b83e53:group-2E38648699C4 changes to CANDIDATE, lastRpcTime:5121, electionTimeout:5121ms
2019-08-31 21:37:46,092 [Thread-187] INFO  impl.RoleInfo (RoleInfo.java:shutdownFollowerState(121)) - ede846b1-3099-4238-9ace-b91529b83e53: shutdown FollowerState
2019-08-31 21:37:46,092 [Thread-187] INFO  impl.RaftServerImpl (RaftServerImpl.java:setRole(171)) - ede846b1-3099-4238-9ace-b91529b83e53:group-2E38648699C4 changes role from FOLLOWER to CANDIDATE at term 0 for changeToCandidate
2019-08-31 21:37:46,093 [Thread-187] INFO  impl.RoleInfo (RoleInfo.java:updateAndGet(143)) - ede846b1-3099-4238-9ace-b91529b83e53: start LeaderElection
2019-08-31 21:37:46,119 | INFO  | SCMAudit | user=jenkins1000 | ip=192.168.34.42 | op=SEND_HEARTBEAT {datanodeUUID=7a4766de-48bc-4159-ac88-ca5125803eb5, command=[]} | ret=SUCCESS |  
2019-08-31 21:37:46,178 [Thread-193] INFO  impl.FollowerState (FollowerState.java:run(106)) - ede846b1-3099-4238-9ace-b91529b83e53:group-CE90875CDD2A changes to CANDIDATE, lastRpcTime:5139, electionTimeout:5138ms
2019-08-31 21:37:46,178 [Thread-193] INFO  impl.RoleInfo (RoleInfo.java:shutdownFollowerState(121)) - ede846b1-3099-4238-9ace-b91529b83e53: shutdown FollowerState
2019-08-31 21:37:46,178 [Thread-193] INFO  impl.RaftServerImpl (RaftServerImpl.java:setRole(171)) - ede846b1-3099-4238-9ace-b91529b83e53:group-CE90875CDD2A changes role from FOLLOWER to CANDIDATE at term 0 for changeToCandidate
2019-08-31 21:37:46,179 [Thread-193] INFO  impl.RoleInfo (RoleInfo.java:updateAndGet(143)) - ede846b1-3099-4238-9ace-b91529b83e53: start LeaderElection
2019-08-31 21:37:46,212 | INFO  | SCMAudit | user=jenkins1000 | ip=192.168.34.42 | op=SEND_HEARTBEAT {datanodeUUID=ede846b1-3099-4238-9ace-b91529b83e53, command=[]} | ret=SUCCESS |  
2019-08-31 21:37:46,237 [Thread-190] INFO  impl.FollowerState (FollowerState.java:run(106)) - b74b8129-5db4-4482-95bd-28d5db4a01ca:group-CE90875CDD2A changes to CANDIDATE, lastRpcTime:5200, electionTimeout:5200ms
2019-08-31 21:37:46,237 [Thread-190] INFO  impl.RoleInfo (RoleInfo.java:shutdownFollowerState(121)) - b74b8129-5db4-4482-95bd-28d5db4a01ca: shutdown FollowerState
2019-08-31 21:37:46,238 [Thread-190] INFO  impl.RaftServerImpl (RaftServerImpl.java:setRole(171)) - b74b8129-5db4-4482-95bd-28d5db4a01ca:group-CE90875CDD2A changes role from FOLLOWER to CANDIDATE at term 0 for changeToCandidate
2019-08-31 21:37:46,238 [Thread-190] INFO  impl.RoleInfo (RoleInfo.java:updateAndGet(143)) - b74b8129-5db4-4482-95bd-28d5db4a01ca: start LeaderElection
2019-08-31 21:37:46,251 [Thread-195] INFO  impl.FollowerState (FollowerState.java:run(106)) - 7a4766de-48bc-4159-ac88-ca5125803eb5:group-CE90875CDD2A changes to CANDIDATE, lastRpcTime:5210, electionTimeout:5195ms
2019-08-31 21:37:46,252 [Thread-195] INFO  impl.RoleInfo (RoleInfo.java:shutdownFollowerState(121)) - 7a4766de-48bc-4159-ac88-ca5125803eb5: shutdown FollowerState
2019-08-31 21:37:46,252 [Thread-195] INFO  impl.RaftServerImpl (RaftServerImpl.java:setRole(171)) - 7a4766de-48bc-4159-ac88-ca5125803eb5:group-CE90875CDD2A changes role from FOLLOWER to CANDIDATE at term 0 for changeToCandidate
2019-08-31 21:37:46,252 [Thread-195] INFO  impl.RoleInfo (RoleInfo.java:updateAndGet(143)) - 7a4766de-48bc-4159-ac88-ca5125803eb5: start LeaderElection
2019-08-31 21:37:47,026 | INFO  | SCMAudit | user=jenkins1000 | ip=192.168.34.42 | op=SEND_HEARTBEAT {datanodeUUID=b74b8129-5db4-4482-95bd-28d5db4a01ca, command=[]} | ret=SUCCESS |  
2019-08-31 21:37:47,119 | INFO  | SCMAudit | user=jenkins1000 | ip=192.168.34.42 | op=SEND_HEARTBEAT {datanodeUUID=7a4766de-48bc-4159-ac88-ca5125803eb5, command=[]} | ret=SUCCESS |  
2019-08-31 21:37:47,212 | INFO  | SCMAudit | user=jenkins1000 | ip=192.168.34.42 | op=SEND_HEARTBEAT {datanodeUUID=ede846b1-3099-4238-9ace-b91529b83e53, command=[]} | ret=SUCCESS |  
2019-08-31 21:37:48,026 | INFO  | SCMAudit | user=jenkins1000 | ip=192.168.34.42 | op=SEND_HEARTBEAT {datanodeUUID=b74b8129-5db4-4482-95bd-28d5db4a01ca, command=[]} | ret=SUCCESS |  
2019-08-31 21:37:48,118 | INFO  | SCMAudit | user=jenkins1000 | ip=192.168.34.42 | op=SEND_HEARTBEAT {datanodeUUID=7a4766de-48bc-4159-ac88-ca5125803eb5, command=[]} | ret=SUCCESS |  
2019-08-31 21:37:48,212 | INFO  | SCMAudit | user=jenkins1000 | ip=192.168.34.42 | op=SEND_HEARTBEAT {datanodeUUID=ede846b1-3099-4238-9ace-b91529b83e53, command=[]} | ret=SUCCESS |  
2019-08-31 21:37:49,026 | INFO  | SCMAudit | user=jenkins1000 | ip=192.168.34.42 | op=SEND_HEARTBEAT {datanodeUUID=b74b8129-5db4-4482-95bd-28d5db4a01ca, command=[]} | ret=SUCCESS |  
2019-08-31 21:37:49,120 | INFO  | SCMAudit | user=jenkins1000 | ip=192.168.34.42 | op=SEND_HEARTBEAT {datanodeUUID=7a4766de-48bc-4159-ac88-ca5125803eb5, command=[]} | ret=SUCCESS |  
2019-08-31 21:37:49,212 | INFO  | SCMAudit | user=jenkins1000 | ip=192.168.34.42 | op=SEND_HEARTBEAT {datanodeUUID=ede846b1-3099-4238-9ace-b91529b83e53, command=[]} | ret=SUCCESS |  
2019-08-31 21:37:50,026 | INFO  | SCMAudit | user=jenkins1000 | ip=192.168.34.42 | op=SEND_HEARTBEAT {datanodeUUID=b74b8129-5db4-4482-95bd-28d5db4a01ca, command=[]} | ret=SUCCESS |  
2019-08-31 21:37:50,119 | INFO  | SCMAudit | user=jenkins1000 | ip=192.168.34.42 | op=SEND_HEARTBEAT {datanodeUUID=7a4766de-48bc-4159-ac88-ca5125803eb5, command=[]} | ret=SUCCESS |  
2019-08-31 21:37:50,212 | INFO  | SCMAudit | user=jenkins1000 | ip=192.168.34.42 | op=SEND_HEARTBEAT {datanodeUUID=ede846b1-3099-4238-9ace-b91529b83e53, command=[]} | ret=SUCCESS |  
2019-08-31 21:37:51,027 | INFO  | SCMAudit | user=jenkins1000 | ip=192.168.34.42 | op=SEND_HEARTBEAT {datanodeUUID=b74b8129-5db4-4482-95bd-28d5db4a01ca, command=[]} | ret=SUCCESS |  
2019-08-31 21:37:51,120 | INFO  | SCMAudit | user=jenkins1000 | ip=192.168.34.42 | op=SEND_HEARTBEAT {datanodeUUID=7a4766de-48bc-4159-ac88-ca5125803eb5, command=[]} | ret=SUCCESS |  
2019-08-31 21:37:51,212 | INFO  | SCMAudit | user=jenkins1000 | ip=192.168.34.42 | op=SEND_HEARTBEAT {datanodeUUID=ede846b1-3099-4238-9ace-b91529b83e53, command=[]} | ret=SUCCESS |  
2019-08-31 21:37:51,635 [Thread-198] WARN  events.EventQueue (EventQueue.java:fireEvent(183)) - No event handler registered for event TypedEvent{payloadType=SafeModeStatus, name='SafeModeStatus'}
2019-08-31 21:37:51,639 [Thread-198] INFO  ipc.CallQueueManager (CallQueueManager.java:<init>(84)) - Using callQueue: class java.util.concurrent.LinkedBlockingQueue, queueCapacity: 2000, scheduler: class org.apache.hadoop.ipc.DefaultRpcScheduler, ipcBackoff: false.
2019-08-31 21:37:51,640 [Socket Reader #1 for port 33983] INFO  ipc.Server (Server.java:run(1074)) - Starting Socket Reader #1 for port 33983
2019-08-31 21:37:51,646 [Thread-198] INFO  ipc.CallQueueManager (CallQueueManager.java:<init>(84)) - Using callQueue: class java.util.concurrent.LinkedBlockingQueue, queueCapacity: 2000, scheduler: class org.apache.hadoop.ipc.DefaultRpcScheduler, ipcBackoff: false.
2019-08-31 21:37:51,647 [Socket Reader #1 for port 44694] INFO  ipc.Server (Server.java:run(1074)) - Starting Socket Reader #1 for port 44694
2019-08-31 21:37:51,651 [Thread-198] INFO  ipc.CallQueueManager (CallQueueManager.java:<init>(84)) - Using callQueue: class java.util.concurrent.LinkedBlockingQueue, queueCapacity: 2000, scheduler: class org.apache.hadoop.ipc.DefaultRpcScheduler, ipcBackoff: false.
2019-08-31 21:37:51,652 [Socket Reader #1 for port 42306] INFO  ipc.Server (Server.java:run(1074)) - Starting Socket Reader #1 for port 42306
2019-08-31 21:37:51,657 [Thread-198] INFO  hdfs.DFSUtil (DFSUtil.java:httpServerTemplateForNNAndJN(1641)) - Starting Web-server for scm at: http://0.0.0.0:0
2019-08-31 21:37:51,660 [Thread-198] INFO  server.AuthenticationFilter (AuthenticationFilter.java:constructSecretProvider(240)) - Unable to initialize FileSignerSecretProvider, falling back to use random secrets.
2019-08-31 21:37:51,661 [Thread-198] WARN  http.HttpRequestLog (HttpRequestLog.java:getRequestLog(97)) - Jetty request log can only be enabled using Log4j
2019-08-31 21:37:51,664 [Thread-198] INFO  http.HttpServer2 (HttpServer2.java:addGlobalFilter(975)) - Added global filter 'safety' (class=org.apache.hadoop.http.HttpServer2$QuotingInputFilter)
2019-08-31 21:37:51,666 [Thread-198] INFO  http.HttpServer2 (HttpServer2.java:addFilter(948)) - Added filter static_user_filter (class=org.apache.hadoop.http.lib.StaticUserWebFilter$StaticUserFilter) to context scm
2019-08-31 21:37:51,666 [Thread-198] INFO  http.HttpServer2 (HttpServer2.java:addFilter(958)) - Added filter static_user_filter (class=org.apache.hadoop.http.lib.StaticUserWebFilter$StaticUserFilter) to context static
2019-08-31 21:37:51,666 [Thread-198] INFO  http.HttpServer2 (HttpServer2.java:addFilter(958)) - Added filter static_user_filter (class=org.apache.hadoop.http.lib.StaticUserWebFilter$StaticUserFilter) to context logs
2019-08-31 21:37:51,678 [Thread-198] INFO  server.StorageContainerManager (StorageContainerManager.java:start(759)) - StorageContainerLocationProtocol RPC server is listening at /0.0.0.0:42306
2019-08-31 21:37:51,679 [Thread-198] INFO  impl.MetricsSystemImpl (MetricsSystemImpl.java:init(158)) - StorageContainerManager metrics system started (again)
2019-08-31 21:37:51,686 [Thread-198] INFO  server.SCMClientProtocolServer (SCMClientProtocolServer.java:start(151)) - RPC server for Client  is listening at /0.0.0.0:42306
2019-08-31 21:37:51,687 [IPC Server Responder] INFO  ipc.Server (Server.java:run(1314)) - IPC Server Responder: starting
2019-08-31 21:37:51,687 [IPC Server listener on 42306] INFO  ipc.Server (Server.java:run(1153)) - IPC Server listener on 42306: starting
2019-08-31 21:37:51,693 [Thread-198] INFO  server.StorageContainerManager (StorageContainerManager.java:start(769)) - ScmBlockLocationProtocol RPC server is listening at /0.0.0.0:44694
2019-08-31 21:37:51,694 [Thread-198] INFO  server.SCMBlockProtocolServer (SCMBlockProtocolServer.java:start(146)) - RPC server for Block Protocol is listening at /0.0.0.0:44694
2019-08-31 21:37:51,694 [IPC Server Responder] INFO  ipc.Server (Server.java:run(1314)) - IPC Server Responder: starting
2019-08-31 21:37:51,694 [IPC Server listener on 44694] INFO  ipc.Server (Server.java:run(1153)) - IPC Server listener on 44694: starting
2019-08-31 21:37:51,701 [Thread-198] INFO  server.StorageContainerManager (StorageContainerManager.java:start(773)) - ScmDatanodeProtocl RPC server is listening at /0.0.0.0:33983
2019-08-31 21:37:51,701 [Thread-198] INFO  server.SCMDatanodeProtocolServer (SCMDatanodeProtocolServer.java:start(191)) - RPC server for DataNodes is listening at /0.0.0.0:33983
2019-08-31 21:37:51,701 [IPC Server Responder] INFO  ipc.Server (Server.java:run(1314)) - IPC Server Responder: starting
2019-08-31 21:37:51,701 [IPC Server listener on 33983] INFO  ipc.Server (Server.java:run(1153)) - IPC Server listener on 33983: starting
2019-08-31 21:37:51,708 [Thread-198] INFO  http.HttpServer2 (HttpServer2.java:bindListener(1191)) - Jetty bound to port 43097
2019-08-31 21:37:51,708 [Thread-198] INFO  server.Server (Server.java:doStart(351)) - jetty-9.3.24.v20180605, build timestamp: 2018-06-05T17:11:56Z, git hash: 84205aa28f11a4f31f2a3b86d1bba2cc8ab69827
2019-08-31 21:37:51,711 [Thread-198] INFO  handler.ContextHandler (ContextHandler.java:doStart(781)) - Started o.e.j.s.ServletContextHandler@7e3a35ad{/logs,file:///workdir/hadoop-ozone/integration-test/target/log,AVAILABLE}
2019-08-31 21:37:51,712 [Thread-198] INFO  handler.ContextHandler (ContextHandler.java:doStart(781)) - Started o.e.j.s.ServletContextHandler@351d920f{/static,file:///workdir/hadoop-ozone/integration-test/target/test-classes/webapps/static,AVAILABLE}
2019-08-31 21:37:51,719 [Thread-198] INFO  handler.ContextHandler (ContextHandler.java:doStart(781)) - Started o.e.j.w.WebAppContext@5480bdfe{/,file:///workdir/hadoop-ozone/integration-test/target/test-classes/webapps/scm/,AVAILABLE}{/scm}
2019-08-31 21:37:51,720 [Thread-198] INFO  server.AbstractConnector (AbstractConnector.java:doStart(278)) - Started ServerConnector@7699a01a{HTTP/1.1,[http/1.1]}{0.0.0.0:43097}
2019-08-31 21:37:51,721 [Thread-198] INFO  server.Server (Server.java:doStart(419)) - Started @22662ms
2019-08-31 21:37:51,721 [Thread-198] WARN  impl.MetricsSystemImpl (MetricsSystemImpl.java:register(276)) - Sink prometheus already exists!
2019-08-31 21:37:51,723 [Thread-198] INFO  server.BaseHttpServer (BaseHttpServer.java:updateConnectorAddress(215)) - HTTP server of SCM is listening at http://0.0.0.0:43097
2019-08-31 21:37:51,724 [Thread-198] WARN  server.ServerUtils (ServerUtils.java:getDBPath(222)) - ozone.om.db.dirs is not configured. We recommend adding this setting. Falling back to ozone.metadata.dirs instead.
2019-08-31 21:37:51,725 [org.apache.hadoop.util.JvmPauseMonitor$Monitor@78795ddc] INFO  util.JvmPauseMonitor (JvmPauseMonitor.java:run(188)) - Starting JVM pause monitor
2019-08-31 21:37:52,029 | INFO  | SCMAudit | user=jenkins1000 | ip=192.168.34.42 | op=SEND_HEARTBEAT {datanodeUUID=b74b8129-5db4-4482-95bd-28d5db4a01ca, command=[]} | ret=SUCCESS |  
2019-08-31 21:37:52,121 | INFO  | SCMAudit | user=jenkins1000 | ip=192.168.34.42 | op=SEND_HEARTBEAT {datanodeUUID=7a4766de-48bc-4159-ac88-ca5125803eb5, command=[]} | ret=SUCCESS |  
2019-08-31 21:37:52,220 | INFO  | SCMAudit | user=jenkins1000 | ip=192.168.34.42 | op=SEND_HEARTBEAT {datanodeUUID=ede846b1-3099-4238-9ace-b91529b83e53, command=[]} | ret=SUCCESS |  
2019-08-31 21:37:53,027 | INFO  | SCMAudit | user=jenkins1000 | ip=192.168.34.42 | op=SEND_HEARTBEAT {datanodeUUID=b74b8129-5db4-4482-95bd-28d5db4a01ca, command=[]} | ret=SUCCESS |  
2019-08-31 21:37:53,120 | INFO  | SCMAudit | user=jenkins1000 | ip=192.168.34.42 | op=SEND_HEARTBEAT {datanodeUUID=7a4766de-48bc-4159-ac88-ca5125803eb5, command=[]} | ret=SUCCESS |  
2019-08-31 21:37:53,210 | INFO  | SCMAudit | user=jenkins1000 | ip=192.168.34.42 | op=SEND_HEARTBEAT {datanodeUUID=ede846b1-3099-4238-9ace-b91529b83e53, command=[]} | ret=SUCCESS |  
2019-08-31 21:37:54,026 | INFO  | SCMAudit | user=jenkins1000 | ip=192.168.34.42 | op=SEND_HEARTBEAT {datanodeUUID=b74b8129-5db4-4482-95bd-28d5db4a01ca, command=[]} | ret=SUCCESS |  
2019-08-31 21:37:54,120 | INFO  | SCMAudit | user=jenkins1000 | ip=192.168.34.42 | op=SEND_HEARTBEAT {datanodeUUID=7a4766de-48bc-4159-ac88-ca5125803eb5, command=[]} | ret=SUCCESS |  
2019-08-31 21:37:54,210 | INFO  | SCMAudit | user=jenkins1000 | ip=192.168.34.42 | op=SEND_HEARTBEAT {datanodeUUID=ede846b1-3099-4238-9ace-b91529b83e53, command=[]} | ret=SUCCESS |  
2019-08-31 21:37:54,695 [ede846b1-3099-4238-9ace-b91529b83e53:group-2E38648699C4:LeaderElection3] INFO  impl.LeaderElection (LeaderElection.java:askForVotes(181)) - ede846b1-3099-4238-9ace-b91529b83e53:group-2E38648699C4:LeaderElection3: begin an election at term 1 for -1: [ede846b1-3099-4238-9ace-b91529b83e53:192.168.34.42:42462], old=null
2019-08-31 21:37:54,695 [b74b8129-5db4-4482-95bd-28d5db4a01ca:group-B2FBD3F36588:LeaderElection1] INFO  impl.LeaderElection (LeaderElection.java:askForVotes(181)) - b74b8129-5db4-4482-95bd-28d5db4a01ca:group-B2FBD3F36588:LeaderElection1: begin an election at term 1 for -1: [b74b8129-5db4-4482-95bd-28d5db4a01ca:192.168.34.42:43686], old=null
2019-08-31 21:37:54,695 [7a4766de-48bc-4159-ac88-ca5125803eb5:group-45FA1A258294:LeaderElection2] INFO  impl.LeaderElection (LeaderElection.java:askForVotes(181)) - 7a4766de-48bc-4159-ac88-ca5125803eb5:group-45FA1A258294:LeaderElection2: begin an election at term 1 for -1: [7a4766de-48bc-4159-ac88-ca5125803eb5:192.168.34.42:38403], old=null
2019-08-31 21:37:54,695 [7a4766de-48bc-4159-ac88-ca5125803eb5:group-CE90875CDD2A:LeaderElection6] INFO  impl.LeaderElection (LeaderElection.java:askForVotes(181)) - 7a4766de-48bc-4159-ac88-ca5125803eb5:group-CE90875CDD2A:LeaderElection6: begin an election at term 1 for -1: [7a4766de-48bc-4159-ac88-ca5125803eb5:192.168.34.42:38403, ede846b1-3099-4238-9ace-b91529b83e53:192.168.34.42:42462, b74b8129-5db4-4482-95bd-28d5db4a01ca:192.168.34.42:43686], old=null
2019-08-31 21:37:54,695 [b74b8129-5db4-4482-95bd-28d5db4a01ca:group-CE90875CDD2A:LeaderElection5] INFO  impl.LeaderElection (LeaderElection.java:askForVotes(181)) - b74b8129-5db4-4482-95bd-28d5db4a01ca:group-CE90875CDD2A:LeaderElection5: begin an election at term 1 for -1: [7a4766de-48bc-4159-ac88-ca5125803eb5:192.168.34.42:38403, ede846b1-3099-4238-9ace-b91529b83e53:192.168.34.42:42462, b74b8129-5db4-4482-95bd-28d5db4a01ca:192.168.34.42:43686], old=null
2019-08-31 21:37:54,695 [ede846b1-3099-4238-9ace-b91529b83e53:group-CE90875CDD2A:LeaderElection4] INFO  impl.LeaderElection (LeaderElection.java:askForVotes(181)) - ede846b1-3099-4238-9ace-b91529b83e53:group-CE90875CDD2A:LeaderElection4: begin an election at term 1 for -1: [7a4766de-48bc-4159-ac88-ca5125803eb5:192.168.34.42:38403, ede846b1-3099-4238-9ace-b91529b83e53:192.168.34.42:42462, b74b8129-5db4-4482-95bd-28d5db4a01ca:192.168.34.42:43686], old=null
2019-08-31 21:37:54,707 [b74b8129-5db4-4482-95bd-28d5db4a01ca:group-B2FBD3F36588:LeaderElection1] INFO  impl.RoleInfo (RoleInfo.java:shutdownLeaderElection(134)) - b74b8129-5db4-4482-95bd-28d5db4a01ca: shutdown LeaderElection
2019-08-31 21:37:54,707 [ede846b1-3099-4238-9ace-b91529b83e53:group-2E38648699C4:LeaderElection3] INFO  impl.RoleInfo (RoleInfo.java:shutdownLeaderElection(134)) - ede846b1-3099-4238-9ace-b91529b83e53: shutdown LeaderElection
2019-08-31 21:37:54,707 [7a4766de-48bc-4159-ac88-ca5125803eb5:group-45FA1A258294:LeaderElection2] INFO  impl.RoleInfo (RoleInfo.java:shutdownLeaderElection(134)) - 7a4766de-48bc-4159-ac88-ca5125803eb5: shutdown LeaderElection
2019-08-31 21:37:54,708 [b74b8129-5db4-4482-95bd-28d5db4a01ca:group-B2FBD3F36588:LeaderElection1] INFO  impl.RaftServerImpl (RaftServerImpl.java:setRole(171)) - b74b8129-5db4-4482-95bd-28d5db4a01ca:group-B2FBD3F36588 changes role from CANDIDATE to LEADER at term 1 for changeToLeader
2019-08-31 21:37:54,708 [7a4766de-48bc-4159-ac88-ca5125803eb5:group-45FA1A258294:LeaderElection2] INFO  impl.RaftServerImpl (RaftServerImpl.java:setRole(171)) - 7a4766de-48bc-4159-ac88-ca5125803eb5:group-45FA1A258294 changes role from CANDIDATE to LEADER at term 1 for changeToLeader
2019-08-31 21:37:54,708 [ede846b1-3099-4238-9ace-b91529b83e53:group-2E38648699C4:LeaderElection3] INFO  impl.RaftServerImpl (RaftServerImpl.java:setRole(171)) - ede846b1-3099-4238-9ace-b91529b83e53:group-2E38648699C4 changes role from CANDIDATE to LEADER at term 1 for changeToLeader
2019-08-31 21:37:54,708 [b74b8129-5db4-4482-95bd-28d5db4a01ca:group-B2FBD3F36588:LeaderElection1] INFO  impl.RaftServerImpl (ServerState.java:setLeader(263)) - b74b8129-5db4-4482-95bd-28d5db4a01ca:group-B2FBD3F36588 change Leader from null to b74b8129-5db4-4482-95bd-28d5db4a01ca at term 1 for becomeLeader, leader elected after 14024ms
2019-08-31 21:37:54,708 [7a4766de-48bc-4159-ac88-ca5125803eb5:group-45FA1A258294:LeaderElection2] INFO  impl.RaftServerImpl (ServerState.java:setLeader(263)) - 7a4766de-48bc-4159-ac88-ca5125803eb5:group-45FA1A258294 change Leader from null to 7a4766de-48bc-4159-ac88-ca5125803eb5 at term 1 for becomeLeader, leader elected after 13808ms
2019-08-31 21:37:54,708 [ede846b1-3099-4238-9ace-b91529b83e53:group-2E38648699C4:LeaderElection3] INFO  impl.RaftServerImpl (ServerState.java:setLeader(263)) - ede846b1-3099-4238-9ace-b91529b83e53:group-2E38648699C4 change Leader from null to ede846b1-3099-4238-9ace-b91529b83e53 at term 1 for becomeLeader, leader elected after 13743ms
2019-08-31 21:37:54,717 [ede846b1-3099-4238-9ace-b91529b83e53:group-2E38648699C4:LeaderElection3] INFO  server.RaftServerConfigKeys (ConfUtils.java:logGet(43)) - raft.server.staging.catchup.gap = 1000 (default)
2019-08-31 21:37:54,717 [7a4766de-48bc-4159-ac88-ca5125803eb5:group-45FA1A258294:LeaderElection2] INFO  server.RaftServerConfigKeys (ConfUtils.java:logGet(43)) - raft.server.staging.catchup.gap = 1000 (default)
2019-08-31 21:37:54,717 [b74b8129-5db4-4482-95bd-28d5db4a01ca:group-B2FBD3F36588:LeaderElection1] INFO  server.RaftServerConfigKeys (ConfUtils.java:logGet(43)) - raft.server.staging.catchup.gap = 1000 (default)
2019-08-31 21:37:54,717 [7a4766de-48bc-4159-ac88-ca5125803eb5:group-45FA1A258294:LeaderElection2] INFO  server.RaftServerConfigKeys (ConfUtils.java:logGet(43)) - raft.server.rpc.sleep.time = 25ms (default)
2019-08-31 21:37:54,717 [ede846b1-3099-4238-9ace-b91529b83e53:group-2E38648699C4:LeaderElection3] INFO  server.RaftServerConfigKeys (ConfUtils.java:logGet(43)) - raft.server.rpc.sleep.time = 25ms (default)
2019-08-31 21:37:54,717 [b74b8129-5db4-4482-95bd-28d5db4a01ca:group-B2FBD3F36588:LeaderElection1] INFO  server.RaftServerConfigKeys (ConfUtils.java:logGet(43)) - raft.server.rpc.sleep.time = 25ms (default)
2019-08-31 21:37:54,722 [b74b8129-5db4-4482-95bd-28d5db4a01ca:group-B2FBD3F36588:LeaderElection1] INFO  server.RaftServerConfigKeys (ConfUtils.java:logGet(43)) - raft.server.write.element-limit = 4096 (default)
2019-08-31 21:37:54,722 [7a4766de-48bc-4159-ac88-ca5125803eb5:group-45FA1A258294:LeaderElection2] INFO  server.RaftServerConfigKeys (ConfUtils.java:logGet(43)) - raft.server.write.element-limit = 4096 (default)
2019-08-31 21:37:54,722 [ede846b1-3099-4238-9ace-b91529b83e53:group-2E38648699C4:LeaderElection3] INFO  server.RaftServerConfigKeys (ConfUtils.java:logGet(43)) - raft.server.write.element-limit = 4096 (default)
2019-08-31 21:37:54,748 [b74b8129-5db4-4482-95bd-28d5db4a01ca:group-B2FBD3F36588:LeaderElection1] INFO  server.RaftServerConfigKeys (ConfUtils.java:logGet(43)) - raft.server.watch.timeout = 10s (default)
2019-08-31 21:37:54,749 [ede846b1-3099-4238-9ace-b91529b83e53:group-2E38648699C4:LeaderElection3] INFO  server.RaftServerConfigKeys (ConfUtils.java:logGet(43)) - raft.server.watch.timeout = 10s (default)
2019-08-31 21:37:54,749 [7a4766de-48bc-4159-ac88-ca5125803eb5:group-45FA1A258294:LeaderElection2] INFO  server.RaftServerConfigKeys (ConfUtils.java:logGet(43)) - raft.server.watch.timeout = 10s (default)
2019-08-31 21:37:54,751 [ede846b1-3099-4238-9ace-b91529b83e53:group-2E38648699C4:LeaderElection3] INFO  server.RaftServerConfigKeys (ConfUtils.java:logGet(43)) - raft.server.watch.timeout.denomination = 1s (default)
2019-08-31 21:37:54,751 [b74b8129-5db4-4482-95bd-28d5db4a01ca:group-B2FBD3F36588:LeaderElection1] INFO  server.RaftServerConfigKeys (ConfUtils.java:logGet(43)) - raft.server.watch.timeout.denomination = 1s (default)
2019-08-31 21:37:54,752 [7a4766de-48bc-4159-ac88-ca5125803eb5:group-45FA1A258294:LeaderElection2] INFO  server.RaftServerConfigKeys (ConfUtils.java:logGet(43)) - raft.server.watch.timeout.denomination = 1s (default)
2019-08-31 21:37:54,756 [ede846b1-3099-4238-9ace-b91529b83e53:group-2E38648699C4:LeaderElection3] INFO  server.RaftServerConfigKeys (ConfUtils.java:logGet(43)) - raft.server.watch.element-limit = 65536 (default)
2019-08-31 21:37:54,756 [7a4766de-48bc-4159-ac88-ca5125803eb5:group-45FA1A258294:LeaderElection2] INFO  server.RaftServerConfigKeys (ConfUtils.java:logGet(43)) - raft.server.watch.element-limit = 65536 (default)
2019-08-31 21:37:54,756 [b74b8129-5db4-4482-95bd-28d5db4a01ca:group-B2FBD3F36588:LeaderElection1] INFO  server.RaftServerConfigKeys (ConfUtils.java:logGet(43)) - raft.server.watch.element-limit = 65536 (default)
2019-08-31 21:37:54,779 [7a4766de-48bc-4159-ac88-ca5125803eb5:group-45FA1A258294:LeaderElection2] INFO  impl.RoleInfo (RoleInfo.java:updateAndGet(143)) - 7a4766de-48bc-4159-ac88-ca5125803eb5: start LeaderState
2019-08-31 21:37:54,779 [b74b8129-5db4-4482-95bd-28d5db4a01ca:group-B2FBD3F36588:LeaderElection1] INFO  impl.RoleInfo (RoleInfo.java:updateAndGet(143)) - b74b8129-5db4-4482-95bd-28d5db4a01ca: start LeaderState
2019-08-31 21:37:54,779 [ede846b1-3099-4238-9ace-b91529b83e53:group-2E38648699C4:LeaderElection3] INFO  impl.RoleInfo (RoleInfo.java:updateAndGet(143)) - ede846b1-3099-4238-9ace-b91529b83e53: start LeaderState
2019-08-31 21:37:54,804 [ede846b1-3099-4238-9ace-b91529b83e53:group-CE90875CDD2A:LeaderElection4] INFO  impl.LeaderElection (LeaderElection.java:logAndReturn(56)) - ede846b1-3099-4238-9ace-b91529b83e53:group-CE90875CDD2A:LeaderElection4: Election REJECTED; received 2 response(s) [ede846b1-3099-4238-9ace-b91529b83e53<-7a4766de-48bc-4159-ac88-ca5125803eb5#0:FAIL-t1, ede846b1-3099-4238-9ace-b91529b83e53<-b74b8129-5db4-4482-95bd-28d5db4a01ca#0:FAIL-t1] and 0 exception(s); ede846b1-3099-4238-9ace-b91529b83e53:t1, leader=null, voted=ede846b1-3099-4238-9ace-b91529b83e53, raftlog=ede846b1-3099-4238-9ace-b91529b83e53-SegmentedRaftLog:OPENED:c-1,f-1,i0, conf=-1: [7a4766de-48bc-4159-ac88-ca5125803eb5:192.168.34.42:38403, ede846b1-3099-4238-9ace-b91529b83e53:192.168.34.42:42462, b74b8129-5db4-4482-95bd-28d5db4a01ca:192.168.34.42:43686], old=null
2019-08-31 21:37:54,804 [b74b8129-5db4-4482-95bd-28d5db4a01ca:group-CE90875CDD2A:LeaderElection5] INFO  impl.LeaderElection (LeaderElection.java:logAndReturn(56)) - b74b8129-5db4-4482-95bd-28d5db4a01ca:group-CE90875CDD2A:LeaderElection5: Election REJECTED; received 2 response(s) [b74b8129-5db4-4482-95bd-28d5db4a01ca<-7a4766de-48bc-4159-ac88-ca5125803eb5#0:FAIL-t1, b74b8129-5db4-4482-95bd-28d5db4a01ca<-ede846b1-3099-4238-9ace-b91529b83e53#0:FAIL-t1] and 0 exception(s); b74b8129-5db4-4482-95bd-28d5db4a01ca:t1, leader=null, voted=b74b8129-5db4-4482-95bd-28d5db4a01ca, raftlog=b74b8129-5db4-4482-95bd-28d5db4a01ca-SegmentedRaftLog:OPENED:c-1,f-1,i0, conf=-1: [7a4766de-48bc-4159-ac88-ca5125803eb5:192.168.34.42:38403, ede846b1-3099-4238-9ace-b91529b83e53:192.168.34.42:42462, b74b8129-5db4-4482-95bd-28d5db4a01ca:192.168.34.42:43686], old=null
2019-08-31 21:37:54,804 [7a4766de-48bc-4159-ac88-ca5125803eb5:group-CE90875CDD2A:LeaderElection6] INFO  impl.LeaderElection (LeaderElection.java:logAndReturn(56)) - 7a4766de-48bc-4159-ac88-ca5125803eb5:group-CE90875CDD2A:LeaderElection6: Election REJECTED; received 2 response(s) [7a4766de-48bc-4159-ac88-ca5125803eb5<-ede846b1-3099-4238-9ace-b91529b83e53#0:FAIL-t1, 7a4766de-48bc-4159-ac88-ca5125803eb5<-b74b8129-5db4-4482-95bd-28d5db4a01ca#0:FAIL-t1] and 0 exception(s); 7a4766de-48bc-4159-ac88-ca5125803eb5:t1, leader=null, voted=7a4766de-48bc-4159-ac88-ca5125803eb5, raftlog=7a4766de-48bc-4159-ac88-ca5125803eb5-SegmentedRaftLog:OPENED:c-1,f-1,i0, conf=-1: [7a4766de-48bc-4159-ac88-ca5125803eb5:192.168.34.42:38403, ede846b1-3099-4238-9ace-b91529b83e53:192.168.34.42:42462, b74b8129-5db4-4482-95bd-28d5db4a01ca:192.168.34.42:43686], old=null
2019-08-31 21:37:54,807 [b74b8129-5db4-4482-95bd-28d5db4a01ca:group-CE90875CDD2A:LeaderElection5] INFO  impl.RaftServerImpl (RaftServerImpl.java:setRole(171)) - b74b8129-5db4-4482-95bd-28d5db4a01ca:group-CE90875CDD2A changes role from CANDIDATE to FOLLOWER at term 1 for DISCOVERED_A_NEW_TERM
2019-08-31 21:37:54,809 [ede846b1-3099-4238-9ace-b91529b83e53:group-CE90875CDD2A:LeaderElection4] INFO  impl.RaftServerImpl (RaftServerImpl.java:setRole(171)) - ede846b1-3099-4238-9ace-b91529b83e53:group-CE90875CDD2A changes role from CANDIDATE to FOLLOWER at term 1 for DISCOVERED_A_NEW_TERM
2019-08-31 21:37:54,809 [b74b8129-5db4-4482-95bd-28d5db4a01ca:group-CE90875CDD2A:LeaderElection5] INFO  impl.RoleInfo (RoleInfo.java:shutdownLeaderElection(134)) - b74b8129-5db4-4482-95bd-28d5db4a01ca: shutdown LeaderElection
2019-08-31 21:37:54,816 [7a4766de-48bc-4159-ac88-ca5125803eb5:group-CE90875CDD2A:LeaderElection6] INFO  impl.RaftServerImpl (RaftServerImpl.java:setRole(171)) - 7a4766de-48bc-4159-ac88-ca5125803eb5:group-CE90875CDD2A changes role from CANDIDATE to FOLLOWER at term 1 for DISCOVERED_A_NEW_TERM
2019-08-31 21:37:54,816 [ede846b1-3099-4238-9ace-b91529b83e53:group-CE90875CDD2A:LeaderElection4] INFO  impl.RoleInfo (RoleInfo.java:shutdownLeaderElection(134)) - ede846b1-3099-4238-9ace-b91529b83e53: shutdown LeaderElection
2019-08-31 21:37:54,818 [7a4766de-48bc-4159-ac88-ca5125803eb5:group-CE90875CDD2A:LeaderElection6] INFO  impl.RoleInfo (RoleInfo.java:shutdownLeaderElection(134)) - 7a4766de-48bc-4159-ac88-ca5125803eb5: shutdown LeaderElection
2019-08-31 21:37:54,818 [b74b8129-5db4-4482-95bd-28d5db4a01ca:group-CE90875CDD2A:LeaderElection5] INFO  impl.RoleInfo (RoleInfo.java:updateAndGet(143)) - b74b8129-5db4-4482-95bd-28d5db4a01ca: start FollowerState
2019-08-31 21:37:54,819 [7a4766de-48bc-4159-ac88-ca5125803eb5:group-CE90875CDD2A:LeaderElection6] INFO  impl.RoleInfo (RoleInfo.java:updateAndGet(143)) - 7a4766de-48bc-4159-ac88-ca5125803eb5: start FollowerState
2019-08-31 21:37:54,819 [ede846b1-3099-4238-9ace-b91529b83e53:group-CE90875CDD2A:LeaderElection4] INFO  impl.RoleInfo (RoleInfo.java:updateAndGet(143)) - ede846b1-3099-4238-9ace-b91529b83e53: start FollowerState
2019-08-31 21:37:54,829 [ede846b1-3099-4238-9ace-b91529b83e53:group-2E38648699C4:LeaderElection3] INFO  segmented.SegmentedRaftLogWorker (SegmentedRaftLogWorker.java:startLogSegment(380)) - ede846b1-3099-4238-9ace-b91529b83e53-SegmentedRaftLogWorker:Storage Directory /workdir/hadoop-ozone/integration-test/target/test-dir/MiniOzoneClusterImpl-022f92cc-93ce-4931-8937-3cc906d7f6b7/datanode-2/data/ratis/35f0c405-17cf-41c0-a010-2e38648699c4: Starting segment from index:0
2019-08-31 21:37:54,829 [7a4766de-48bc-4159-ac88-ca5125803eb5:group-45FA1A258294:LeaderElection2] INFO  segmented.SegmentedRaftLogWorker (SegmentedRaftLogWorker.java:startLogSegment(380)) - 7a4766de-48bc-4159-ac88-ca5125803eb5-SegmentedRaftLogWorker:Storage Directory /workdir/hadoop-ozone/integration-test/target/test-dir/MiniOzoneClusterImpl-022f92cc-93ce-4931-8937-3cc906d7f6b7/datanode-1/data/ratis/8a221f40-e1b5-49bc-9bcd-45fa1a258294: Starting segment from index:0
2019-08-31 21:37:54,829 [b74b8129-5db4-4482-95bd-28d5db4a01ca:group-B2FBD3F36588:LeaderElection1] INFO  segmented.SegmentedRaftLogWorker (SegmentedRaftLogWorker.java:startLogSegment(380)) - b74b8129-5db4-4482-95bd-28d5db4a01ca-SegmentedRaftLogWorker:Storage Directory /workdir/hadoop-ozone/integration-test/target/test-dir/MiniOzoneClusterImpl-022f92cc-93ce-4931-8937-3cc906d7f6b7/datanode-0/data/ratis/e9618e42-444b-4aeb-9f16-b2fbd3f36588: Starting segment from index:0
2019-08-31 21:37:54,837 [ede846b1-3099-4238-9ace-b91529b83e53:group-2E38648699C4:LeaderElection3] INFO  impl.RaftServerImpl (ServerState.java:setRaftConf(361)) - ede846b1-3099-4238-9ace-b91529b83e53:group-2E38648699C4 set configuration 0: [ede846b1-3099-4238-9ace-b91529b83e53:192.168.34.42:42462], old=null at 0
2019-08-31 21:37:54,837 [b74b8129-5db4-4482-95bd-28d5db4a01ca:group-B2FBD3F36588:LeaderElection1] INFO  impl.RaftServerImpl (ServerState.java:setRaftConf(361)) - b74b8129-5db4-4482-95bd-28d5db4a01ca:group-B2FBD3F36588 set configuration 0: [b74b8129-5db4-4482-95bd-28d5db4a01ca:192.168.34.42:43686], old=null at 0
2019-08-31 21:37:54,837 [7a4766de-48bc-4159-ac88-ca5125803eb5:group-45FA1A258294:LeaderElection2] INFO  impl.RaftServerImpl (ServerState.java:setRaftConf(361)) - 7a4766de-48bc-4159-ac88-ca5125803eb5:group-45FA1A258294 set configuration 0: [7a4766de-48bc-4159-ac88-ca5125803eb5:192.168.34.42:38403], old=null at 0
2019-08-31 21:37:55,026 | INFO  | SCMAudit | user=jenkins1000 | ip=192.168.34.42 | op=SEND_HEARTBEAT {datanodeUUID=b74b8129-5db4-4482-95bd-28d5db4a01ca, command=[]} | ret=SUCCESS |  
2019-08-31 21:37:55,119 | INFO  | SCMAudit | user=jenkins1000 | ip=192.168.34.42 | op=SEND_HEARTBEAT {datanodeUUID=7a4766de-48bc-4159-ac88-ca5125803eb5, command=[]} | ret=SUCCESS |  
2019-08-31 21:37:55,210 | INFO  | SCMAudit | user=jenkins1000 | ip=192.168.34.42 | op=SEND_HEARTBEAT {datanodeUUID=ede846b1-3099-4238-9ace-b91529b83e53, command=[]} | ret=SUCCESS |  
2019-08-31 21:37:56,026 | INFO  | SCMAudit | user=jenkins1000 | ip=192.168.34.42 | op=SEND_HEARTBEAT {datanodeUUID=b74b8129-5db4-4482-95bd-28d5db4a01ca, command=[]} | ret=SUCCESS |  
2019-08-31 21:37:56,120 | INFO  | SCMAudit | user=jenkins1000 | ip=192.168.34.42 | op=SEND_HEARTBEAT {datanodeUUID=7a4766de-48bc-4159-ac88-ca5125803eb5, command=[]} | ret=SUCCESS |  
2019-08-31 21:37:56,211 | INFO  | SCMAudit | user=jenkins1000 | ip=192.168.34.42 | op=SEND_HEARTBEAT {datanodeUUID=ede846b1-3099-4238-9ace-b91529b83e53, command=[]} | ret=SUCCESS |  
2019-08-31 21:37:57,027 | INFO  | SCMAudit | user=jenkins1000 | ip=192.168.34.42 | op=SEND_HEARTBEAT {datanodeUUID=b74b8129-5db4-4482-95bd-28d5db4a01ca, command=[]} | ret=SUCCESS |  
2019-08-31 21:37:57,120 | INFO  | SCMAudit | user=jenkins1000 | ip=192.168.34.42 | op=SEND_HEARTBEAT {datanodeUUID=7a4766de-48bc-4159-ac88-ca5125803eb5, command=[]} | ret=SUCCESS |  
2019-08-31 21:37:57,211 | INFO  | SCMAudit | user=jenkins1000 | ip=192.168.34.42 | op=SEND_HEARTBEAT {datanodeUUID=ede846b1-3099-4238-9ace-b91529b83e53, command=[]} | ret=SUCCESS |  
2019-08-31 21:37:58,027 | INFO  | SCMAudit | user=jenkins1000 | ip=192.168.34.42 | op=SEND_HEARTBEAT {datanodeUUID=b74b8129-5db4-4482-95bd-28d5db4a01ca, command=[]} | ret=SUCCESS |  
2019-08-31 21:37:58,119 | INFO  | SCMAudit | user=jenkins1000 | ip=192.168.34.42 | op=SEND_HEARTBEAT {datanodeUUID=7a4766de-48bc-4159-ac88-ca5125803eb5, command=[]} | ret=SUCCESS |  
2019-08-31 21:37:58,211 | INFO  | SCMAudit | user=jenkins1000 | ip=192.168.34.42 | op=SEND_HEARTBEAT {datanodeUUID=ede846b1-3099-4238-9ace-b91529b83e53, command=[]} | ret=SUCCESS |  
2019-08-31 21:37:59,027 | INFO  | SCMAudit | user=jenkins1000 | ip=192.168.34.42 | op=SEND_HEARTBEAT {datanodeUUID=b74b8129-5db4-4482-95bd-28d5db4a01ca, command=[]} | ret=SUCCESS |  
2019-08-31 21:37:59,120 | INFO  | SCMAudit | user=jenkins1000 | ip=192.168.34.42 | op=SEND_HEARTBEAT {datanodeUUID=7a4766de-48bc-4159-ac88-ca5125803eb5, command=[]} | ret=SUCCESS |  
2019-08-31 21:37:59,212 | INFO  | SCMAudit | user=jenkins1000 | ip=192.168.34.42 | op=SEND_HEARTBEAT {datanodeUUID=ede846b1-3099-4238-9ace-b91529b83e53, command=[]} | ret=SUCCESS |  
2019-08-31 21:37:59,845 [Thread-298] INFO  impl.FollowerState (FollowerState.java:run(106)) - 7a4766de-48bc-4159-ac88-ca5125803eb5:group-CE90875CDD2A changes to CANDIDATE, lastRpcTime:5026, electionTimeout:5026ms
2019-08-31 21:37:59,846 [Thread-298] INFO  impl.RoleInfo (RoleInfo.java:shutdownFollowerState(121)) - 7a4766de-48bc-4159-ac88-ca5125803eb5: shutdown FollowerState
2019-08-31 21:37:59,846 [Thread-298] INFO  impl.RaftServerImpl (RaftServerImpl.java:setRole(171)) - 7a4766de-48bc-4159-ac88-ca5125803eb5:group-CE90875CDD2A changes role from FOLLOWER to CANDIDATE at term 1 for changeToCandidate
2019-08-31 21:37:59,846 [Thread-298] INFO  impl.RoleInfo (RoleInfo.java:updateAndGet(143)) - 7a4766de-48bc-4159-ac88-ca5125803eb5: start LeaderElection
2019-08-31 21:37:59,983 [Thread-296] INFO  impl.FollowerState (FollowerState.java:run(106)) - b74b8129-5db4-4482-95bd-28d5db4a01ca:group-CE90875CDD2A changes to CANDIDATE, lastRpcTime:5164, electionTimeout:5164ms
2019-08-31 21:37:59,983 [Thread-296] INFO  impl.RoleInfo (RoleInfo.java:shutdownFollowerState(121)) - b74b8129-5db4-4482-95bd-28d5db4a01ca: shutdown FollowerState
2019-08-31 21:37:59,984 [Thread-296] INFO  impl.RaftServerImpl (RaftServerImpl.java:setRole(171)) - b74b8129-5db4-4482-95bd-28d5db4a01ca:group-CE90875CDD2A changes role from FOLLOWER to CANDIDATE at term 1 for changeToCandidate
2019-08-31 21:37:59,984 [Thread-296] INFO  impl.RoleInfo (RoleInfo.java:updateAndGet(143)) - b74b8129-5db4-4482-95bd-28d5db4a01ca: start LeaderElection
2019-08-31 21:38:00,019 [Thread-297] INFO  impl.FollowerState (FollowerState.java:run(106)) - ede846b1-3099-4238-9ace-b91529b83e53:group-CE90875CDD2A changes to CANDIDATE, lastRpcTime:5200, electionTimeout:5197ms
2019-08-31 21:38:00,020 [Thread-297] INFO  impl.RoleInfo (RoleInfo.java:shutdownFollowerState(121)) - ede846b1-3099-4238-9ace-b91529b83e53: shutdown FollowerState
2019-08-31 21:38:00,020 [Thread-297] INFO  impl.RaftServerImpl (RaftServerImpl.java:setRole(171)) - ede846b1-3099-4238-9ace-b91529b83e53:group-CE90875CDD2A changes role from FOLLOWER to CANDIDATE at term 1 for changeToCandidate
2019-08-31 21:38:00,020 [Thread-297] INFO  impl.RoleInfo (RoleInfo.java:updateAndGet(143)) - ede846b1-3099-4238-9ace-b91529b83e53: start LeaderElection
2019-08-31 21:38:00,027 | INFO  | SCMAudit | user=jenkins1000 | ip=192.168.34.42 | op=SEND_HEARTBEAT {datanodeUUID=b74b8129-5db4-4482-95bd-28d5db4a01ca, command=[]} | ret=SUCCESS |  
2019-08-31 21:38:00,119 | INFO  | SCMAudit | user=jenkins1000 | ip=192.168.34.42 | op=SEND_HEARTBEAT {datanodeUUID=7a4766de-48bc-4159-ac88-ca5125803eb5, command=[]} | ret=SUCCESS |  
2019-08-31 21:38:00,212 | INFO  | SCMAudit | user=jenkins1000 | ip=192.168.34.42 | op=SEND_HEARTBEAT {datanodeUUID=ede846b1-3099-4238-9ace-b91529b83e53, command=[]} | ret=SUCCESS |  
2019-08-31 21:38:00,360 [Thread-198] WARN  server.ServerUtils (ServerUtils.java:getDBPath(222)) - ozone.om.db.dirs is not configured. We recommend adding this setting. Falling back to ozone.metadata.dirs instead.
2019-08-31 21:38:00,360 [Thread-198] WARN  server.ServerUtils (ServerUtils.java:getDBPath(222)) - ozone.om.db.dirs is not configured. We recommend adding this setting. Falling back to ozone.metadata.dirs instead.
2019-08-31 21:38:00,361 [Thread-198] INFO  om.OzoneManager (OzoneManager.java:setOMNodeDetails(652)) - OM Service ID is not set. Setting it to the default ID: omServiceIdDefault
2019-08-31 21:38:00,361 [Thread-198] INFO  om.OzoneManager (OzoneManager.java:setOMNodeDetails(658)) - OM Node ID is not set. Setting it to the OmStorage's OmID: 369f67a2-a78c-4925-9b64-4aeca55fe46a
2019-08-31 21:38:00,362 [Thread-198] INFO  om.OzoneManager (OzoneManager.java:loadOMHAConfigs(609)) - Found matching OM address with OMServiceId: null, OMNodeId: null, RPC Address: localhost:0 and Ratis port: 9872
2019-08-31 21:38:00,387 | INFO  | SCMAudit | user=jenkins1000 | ip=192.168.34.42 | op=GET_SCM_INFO null | ret=SUCCESS |  
2019-08-31 21:38:00,390 [Thread-198] WARN  server.ServerUtils (ServerUtils.java:getDBPath(222)) - ozone.om.db.dirs is not configured. We recommend adding this setting. Falling back to ozone.metadata.dirs instead.
2019-08-31 21:38:00,391 [Thread-198] INFO  db.DBStoreBuilder (DBStoreBuilder.java:addTable(110)) - using custom profile for table: userTable
2019-08-31 21:38:00,391 [Thread-198] INFO  db.DBStoreBuilder (DBStoreBuilder.java:processTables(161)) - Using default column profile:DBProfile.DISK for Table:userTable
2019-08-31 21:38:00,391 [Thread-198] INFO  db.DBStoreBuilder (DBStoreBuilder.java:addTable(110)) - using custom profile for table: volumeTable
2019-08-31 21:38:00,391 [Thread-198] INFO  db.DBStoreBuilder (DBStoreBuilder.java:processTables(161)) - Using default column profile:DBProfile.DISK for Table:volumeTable
2019-08-31 21:38:00,392 [Thread-198] INFO  db.DBStoreBuilder (DBStoreBuilder.java:addTable(110)) - using custom profile for table: bucketTable
2019-08-31 21:38:00,392 [Thread-198] INFO  db.DBStoreBuilder (DBStoreBuilder.java:processTables(161)) - Using default column profile:DBProfile.DISK for Table:bucketTable
2019-08-31 21:38:00,392 [Thread-198] INFO  db.DBStoreBuilder (DBStoreBuilder.java:addTable(110)) - using custom profile for table: keyTable
2019-08-31 21:38:00,393 [Thread-198] INFO  db.DBStoreBuilder (DBStoreBuilder.java:processTables(161)) - Using default column profile:DBProfile.DISK for Table:keyTable
2019-08-31 21:38:00,393 [Thread-198] INFO  db.DBStoreBuilder (DBStoreBuilder.java:addTable(110)) - using custom profile for table: deletedTable
2019-08-31 21:38:00,393 [Thread-198] INFO  db.DBStoreBuilder (DBStoreBuilder.java:processTables(161)) - Using default column profile:DBProfile.DISK for Table:deletedTable
2019-08-31 21:38:00,393 [Thread-198] INFO  db.DBStoreBuilder (DBStoreBuilder.java:addTable(110)) - using custom profile for table: openKeyTable
2019-08-31 21:38:00,394 [Thread-198] INFO  db.DBStoreBuilder (DBStoreBuilder.java:processTables(161)) - Using default column profile:DBProfile.DISK for Table:openKeyTable
2019-08-31 21:38:00,394 [Thread-198] INFO  db.DBStoreBuilder (DBStoreBuilder.java:addTable(110)) - using custom profile for table: s3Table
2019-08-31 21:38:00,394 [Thread-198] INFO  db.DBStoreBuilder (DBStoreBuilder.java:processTables(161)) - Using default column profile:DBProfile.DISK for Table:s3Table
2019-08-31 21:38:00,394 [Thread-198] INFO  db.DBStoreBuilder (DBStoreBuilder.java:addTable(110)) - using custom profile for table: multipartInfoTable
2019-08-31 21:38:00,395 [Thread-198] INFO  db.DBStoreBuilder (DBStoreBuilder.java:processTables(161)) - Using default column profile:DBProfile.DISK for Table:multipartInfoTable
2019-08-31 21:38:00,395 [Thread-198] INFO  db.DBStoreBuilder (DBStoreBuilder.java:addTable(110)) - using custom profile for table: dTokenTable
2019-08-31 21:38:00,395 [Thread-198] INFO  db.DBStoreBuilder (DBStoreBuilder.java:processTables(161)) - Using default column profile:DBProfile.DISK for Table:dTokenTable
2019-08-31 21:38:00,395 [Thread-198] INFO  db.DBStoreBuilder (DBStoreBuilder.java:addTable(110)) - using custom profile for table: s3SecretTable
2019-08-31 21:38:00,396 [Thread-198] INFO  db.DBStoreBuilder (DBStoreBuilder.java:processTables(161)) - Using default column profile:DBProfile.DISK for Table:s3SecretTable
2019-08-31 21:38:00,396 [Thread-198] INFO  db.DBStoreBuilder (DBStoreBuilder.java:addTable(110)) - using custom profile for table: prefixTable
2019-08-31 21:38:00,396 [Thread-198] INFO  db.DBStoreBuilder (DBStoreBuilder.java:processTables(161)) - Using default column profile:DBProfile.DISK for Table:prefixTable
2019-08-31 21:38:00,396 [Thread-198] INFO  db.DBStoreBuilder (DBStoreBuilder.java:addTable(110)) - using custom profile for table: default
2019-08-31 21:38:00,397 [Thread-198] INFO  db.DBStoreBuilder (DBStoreBuilder.java:processTables(167)) - Using default column profile:DBProfile.DISK for Table:default
2019-08-31 21:38:00,397 [Thread-198] INFO  db.DBStoreBuilder (DBStoreBuilder.java:getDbProfile(198)) - Using default options. DBProfile.DISK
2019-08-31 21:38:00,441 [ede846b1-3099-4238-9ace-b91529b83e53-SegmentedRaftLogWorker:Storage Directory /workdir/hadoop-ozone/integration-test/target/test-dir/MiniOzoneClusterImpl-022f92cc-93ce-4931-8937-3cc906d7f6b7/datanode-2/data/ratis/35f0c405-17cf-41c0-a010-2e38648699c4] INFO  segmented.SegmentedRaftLogWorker (SegmentedRaftLogWorker.java:execute(569)) - ede846b1-3099-4238-9ace-b91529b83e53-SegmentedRaftLogWorker:Storage Directory /workdir/hadoop-ozone/integration-test/target/test-dir/MiniOzoneClusterImpl-022f92cc-93ce-4931-8937-3cc906d7f6b7/datanode-2/data/ratis/35f0c405-17cf-41c0-a010-2e38648699c4: created new log segment /workdir/hadoop-ozone/integration-test/target/test-dir/MiniOzoneClusterImpl-022f92cc-93ce-4931-8937-3cc906d7f6b7/datanode-2/data/ratis/35f0c405-17cf-41c0-a010-2e38648699c4/current/log_inprogress_0
2019-08-31 21:38:00,441 [7a4766de-48bc-4159-ac88-ca5125803eb5-SegmentedRaftLogWorker:Storage Directory /workdir/hadoop-ozone/integration-test/target/test-dir/MiniOzoneClusterImpl-022f92cc-93ce-4931-8937-3cc906d7f6b7/datanode-1/data/ratis/8a221f40-e1b5-49bc-9bcd-45fa1a258294] INFO  segmented.SegmentedRaftLogWorker (SegmentedRaftLogWorker.java:execute(569)) - 7a4766de-48bc-4159-ac88-ca5125803eb5-SegmentedRaftLogWorker:Storage Directory /workdir/hadoop-ozone/integration-test/target/test-dir/MiniOzoneClusterImpl-022f92cc-93ce-4931-8937-3cc906d7f6b7/datanode-1/data/ratis/8a221f40-e1b5-49bc-9bcd-45fa1a258294: created new log segment /workdir/hadoop-ozone/integration-test/target/test-dir/MiniOzoneClusterImpl-022f92cc-93ce-4931-8937-3cc906d7f6b7/datanode-1/data/ratis/8a221f40-e1b5-49bc-9bcd-45fa1a258294/current/log_inprogress_0
2019-08-31 21:38:00,441 [b74b8129-5db4-4482-95bd-28d5db4a01ca-SegmentedRaftLogWorker:Storage Directory /workdir/hadoop-ozone/integration-test/target/test-dir/MiniOzoneClusterImpl-022f92cc-93ce-4931-8937-3cc906d7f6b7/datanode-0/data/ratis/e9618e42-444b-4aeb-9f16-b2fbd3f36588] INFO  segmented.SegmentedRaftLogWorker (SegmentedRaftLogWorker.java:execute(569)) - b74b8129-5db4-4482-95bd-28d5db4a01ca-SegmentedRaftLogWorker:Storage Directory /workdir/hadoop-ozone/integration-test/target/test-dir/MiniOzoneClusterImpl-022f92cc-93ce-4931-8937-3cc906d7f6b7/datanode-0/data/ratis/e9618e42-444b-4aeb-9f16-b2fbd3f36588: created new log segment /workdir/hadoop-ozone/integration-test/target/test-dir/MiniOzoneClusterImpl-022f92cc-93ce-4931-8937-3cc906d7f6b7/datanode-0/data/ratis/e9618e42-444b-4aeb-9f16-b2fbd3f36588/current/log_inprogress_0
2019-08-31 21:38:00,444 [b74b8129-5db4-4482-95bd-28d5db4a01ca:group-CE90875CDD2A:LeaderElection8] INFO  impl.LeaderElection (LeaderElection.java:askForVotes(181)) - b74b8129-5db4-4482-95bd-28d5db4a01ca:group-CE90875CDD2A:LeaderElection8: begin an election at term 2 for -1: [7a4766de-48bc-4159-ac88-ca5125803eb5:192.168.34.42:38403, ede846b1-3099-4238-9ace-b91529b83e53:192.168.34.42:42462, b74b8129-5db4-4482-95bd-28d5db4a01ca:192.168.34.42:43686], old=null
2019-08-31 21:38:00,444 [ede846b1-3099-4238-9ace-b91529b83e53:group-CE90875CDD2A:LeaderElection9] INFO  impl.LeaderElection (LeaderElection.java:askForVotes(181)) - ede846b1-3099-4238-9ace-b91529b83e53:group-CE90875CDD2A:LeaderElection9: begin an election at term 2 for -1: [7a4766de-48bc-4159-ac88-ca5125803eb5:192.168.34.42:38403, ede846b1-3099-4238-9ace-b91529b83e53:192.168.34.42:42462, b74b8129-5db4-4482-95bd-28d5db4a01ca:192.168.34.42:43686], old=null
2019-08-31 21:38:00,444 [7a4766de-48bc-4159-ac88-ca5125803eb5:group-CE90875CDD2A:LeaderElection7] INFO  impl.LeaderElection (LeaderElection.java:askForVotes(181)) - 7a4766de-48bc-4159-ac88-ca5125803eb5:group-CE90875CDD2A:LeaderElection7: begin an election at term 2 for -1: [7a4766de-48bc-4159-ac88-ca5125803eb5:192.168.34.42:38403, ede846b1-3099-4238-9ace-b91529b83e53:192.168.34.42:42462, b74b8129-5db4-4482-95bd-28d5db4a01ca:192.168.34.42:43686], old=null
2019-08-31 21:38:00,475 [ede846b1-3099-4238-9ace-b91529b83e53:group-CE90875CDD2A:LeaderElection9] INFO  impl.LeaderElection (LeaderElection.java:logAndReturn(56)) - ede846b1-3099-4238-9ace-b91529b83e53:group-CE90875CDD2A:LeaderElection9: Election REJECTED; received 2 response(s) [ede846b1-3099-4238-9ace-b91529b83e53<-7a4766de-48bc-4159-ac88-ca5125803eb5#0:FAIL-t2, ede846b1-3099-4238-9ace-b91529b83e53<-b74b8129-5db4-4482-95bd-28d5db4a01ca#0:FAIL-t2] and 0 exception(s); ede846b1-3099-4238-9ace-b91529b83e53:t2, leader=null, voted=ede846b1-3099-4238-9ace-b91529b83e53, raftlog=ede846b1-3099-4238-9ace-b91529b83e53-SegmentedRaftLog:OPENED:c-1,f-1,i0, conf=-1: [7a4766de-48bc-4159-ac88-ca5125803eb5:192.168.34.42:38403, ede846b1-3099-4238-9ace-b91529b83e53:192.168.34.42:42462, b74b8129-5db4-4482-95bd-28d5db4a01ca:192.168.34.42:43686], old=null
2019-08-31 21:38:00,477 [ede846b1-3099-4238-9ace-b91529b83e53:group-CE90875CDD2A:LeaderElection9] INFO  impl.RaftServerImpl (RaftServerImpl.java:setRole(171)) - ede846b1-3099-4238-9ace-b91529b83e53:group-CE90875CDD2A changes role from CANDIDATE to FOLLOWER at term 2 for DISCOVERED_A_NEW_TERM
2019-08-31 21:38:00,479 [ede846b1-3099-4238-9ace-b91529b83e53:group-CE90875CDD2A:LeaderElection9] INFO  impl.RoleInfo (RoleInfo.java:shutdownLeaderElection(134)) - ede846b1-3099-4238-9ace-b91529b83e53: shutdown LeaderElection
2019-08-31 21:38:00,479 [ede846b1-3099-4238-9ace-b91529b83e53:group-CE90875CDD2A:LeaderElection9] INFO  impl.RoleInfo (RoleInfo.java:updateAndGet(143)) - ede846b1-3099-4238-9ace-b91529b83e53: start FollowerState
2019-08-31 21:38:00,483 [7a4766de-48bc-4159-ac88-ca5125803eb5:group-CE90875CDD2A:LeaderElection7] INFO  impl.LeaderElection (LeaderElection.java:logAndReturn(56)) - 7a4766de-48bc-4159-ac88-ca5125803eb5:group-CE90875CDD2A:LeaderElection7: Election REJECTED; received 2 response(s) [7a4766de-48bc-4159-ac88-ca5125803eb5<-ede846b1-3099-4238-9ace-b91529b83e53#0:FAIL-t2, 7a4766de-48bc-4159-ac88-ca5125803eb5<-b74b8129-5db4-4482-95bd-28d5db4a01ca#0:FAIL-t2] and 0 exception(s); 7a4766de-48bc-4159-ac88-ca5125803eb5:t2, leader=null, voted=7a4766de-48bc-4159-ac88-ca5125803eb5, raftlog=7a4766de-48bc-4159-ac88-ca5125803eb5-SegmentedRaftLog:OPENED:c-1,f-1,i0, conf=-1: [7a4766de-48bc-4159-ac88-ca5125803eb5:192.168.34.42:38403, ede846b1-3099-4238-9ace-b91529b83e53:192.168.34.42:42462, b74b8129-5db4-4482-95bd-28d5db4a01ca:192.168.34.42:43686], old=null
2019-08-31 21:38:00,484 [7a4766de-48bc-4159-ac88-ca5125803eb5:group-CE90875CDD2A:LeaderElection7] INFO  impl.RaftServerImpl (RaftServerImpl.java:setRole(171)) - 7a4766de-48bc-4159-ac88-ca5125803eb5:group-CE90875CDD2A changes role from CANDIDATE to FOLLOWER at term 2 for DISCOVERED_A_NEW_TERM
2019-08-31 21:38:00,486 [7a4766de-48bc-4159-ac88-ca5125803eb5:group-CE90875CDD2A:LeaderElection7] INFO  impl.RoleInfo (RoleInfo.java:shutdownLeaderElection(134)) - 7a4766de-48bc-4159-ac88-ca5125803eb5: shutdown LeaderElection
2019-08-31 21:38:00,487 [b74b8129-5db4-4482-95bd-28d5db4a01ca:group-CE90875CDD2A:LeaderElection8] INFO  impl.LeaderElection (LeaderElection.java:logAndReturn(56)) - b74b8129-5db4-4482-95bd-28d5db4a01ca:group-CE90875CDD2A:LeaderElection8: Election REJECTED; received 2 response(s) [b74b8129-5db4-4482-95bd-28d5db4a01ca<-7a4766de-48bc-4159-ac88-ca5125803eb5#0:FAIL-t2, b74b8129-5db4-4482-95bd-28d5db4a01ca<-ede846b1-3099-4238-9ace-b91529b83e53#0:FAIL-t2] and 0 exception(s); b74b8129-5db4-4482-95bd-28d5db4a01ca:t2, leader=null, voted=b74b8129-5db4-4482-95bd-28d5db4a01ca, raftlog=b74b8129-5db4-4482-95bd-28d5db4a01ca-SegmentedRaftLog:OPENED:c-1,f-1,i0, conf=-1: [7a4766de-48bc-4159-ac88-ca5125803eb5:192.168.34.42:38403, ede846b1-3099-4238-9ace-b91529b83e53:192.168.34.42:42462, b74b8129-5db4-4482-95bd-28d5db4a01ca:192.168.34.42:43686], old=null
2019-08-31 21:38:00,490 [7a4766de-48bc-4159-ac88-ca5125803eb5:group-CE90875CDD2A:LeaderElection7] INFO  impl.RoleInfo (RoleInfo.java:updateAndGet(143)) - 7a4766de-48bc-4159-ac88-ca5125803eb5: start FollowerState
2019-08-31 21:38:00,490 [b74b8129-5db4-4482-95bd-28d5db4a01ca:group-CE90875CDD2A:LeaderElection8] INFO  impl.RaftServerImpl (RaftServerImpl.java:setRole(171)) - b74b8129-5db4-4482-95bd-28d5db4a01ca:group-CE90875CDD2A changes role from CANDIDATE to FOLLOWER at term 2 for DISCOVERED_A_NEW_TERM
2019-08-31 21:38:00,491 [b74b8129-5db4-4482-95bd-28d5db4a01ca:group-CE90875CDD2A:LeaderElection8] INFO  impl.RoleInfo (RoleInfo.java:shutdownLeaderElection(134)) - b74b8129-5db4-4482-95bd-28d5db4a01ca: shutdown LeaderElection
2019-08-31 21:38:00,498 [b74b8129-5db4-4482-95bd-28d5db4a01ca:group-CE90875CDD2A:LeaderElection8] INFO  impl.RoleInfo (RoleInfo.java:updateAndGet(143)) - b74b8129-5db4-4482-95bd-28d5db4a01ca: start FollowerState
2019-08-31 21:38:00,969 [Thread-198] INFO  ipc.CallQueueManager (CallQueueManager.java:<init>(84)) - Using callQueue: class java.util.concurrent.LinkedBlockingQueue, queueCapacity: 2000, scheduler: class org.apache.hadoop.ipc.DefaultRpcScheduler, ipcBackoff: false.
2019-08-31 21:38:00,970 [Socket Reader #1 for port 45148] INFO  ipc.Server (Server.java:run(1074)) - Starting Socket Reader #1 for port 45148
2019-08-31 21:38:00,988 [Thread-198] INFO  om.OzoneManager (OzoneManager.java:start(1266)) - OzoneManager RPC server is listening at localhost/127.0.0.1:45148
2019-08-31 21:38:00,988 [Thread-198] INFO  impl.MetricsSystemImpl (MetricsSystemImpl.java:init(158)) - OzoneManager metrics system started (again)
2019-08-31 21:38:00,989 [IPC Server Responder] INFO  ipc.Server (Server.java:run(1314)) - IPC Server Responder: starting
2019-08-31 21:38:00,989 [IPC Server listener on 45148] INFO  ipc.Server (Server.java:run(1153)) - IPC Server listener on 45148: starting
2019-08-31 21:38:01,003 [Thread-198] INFO  hdfs.DFSUtil (DFSUtil.java:httpServerTemplateForNNAndJN(1641)) - Starting Web-server for ozoneManager at: http://0.0.0.0:0
2019-08-31 21:38:01,005 [Thread-198] INFO  server.AuthenticationFilter (AuthenticationFilter.java:constructSecretProvider(240)) - Unable to initialize FileSignerSecretProvider, falling back to use random secrets.
2019-08-31 21:38:01,006 [Thread-198] WARN  http.HttpRequestLog (HttpRequestLog.java:getRequestLog(97)) - Jetty request log can only be enabled using Log4j
2019-08-31 21:38:01,008 [Thread-198] INFO  http.HttpServer2 (HttpServer2.java:addGlobalFilter(975)) - Added global filter 'safety' (class=org.apache.hadoop.http.HttpServer2$QuotingInputFilter)
2019-08-31 21:38:01,009 [Thread-198] INFO  http.HttpServer2 (HttpServer2.java:addFilter(948)) - Added filter static_user_filter (class=org.apache.hadoop.http.lib.StaticUserWebFilter$StaticUserFilter) to context ozoneManager
2019-08-31 21:38:01,009 [Thread-198] INFO  http.HttpServer2 (HttpServer2.java:addFilter(958)) - Added filter static_user_filter (class=org.apache.hadoop.http.lib.StaticUserWebFilter$StaticUserFilter) to context static
2019-08-31 21:38:01,009 [Thread-198] INFO  http.HttpServer2 (HttpServer2.java:addFilter(958)) - Added filter static_user_filter (class=org.apache.hadoop.http.lib.StaticUserWebFilter$StaticUserFilter) to context logs
2019-08-31 21:38:01,010 [Thread-198] INFO  http.HttpServer2 (HttpServer2.java:bindListener(1191)) - Jetty bound to port 41088
2019-08-31 21:38:01,011 [Thread-198] INFO  server.Server (Server.java:doStart(351)) - jetty-9.3.24.v20180605, build timestamp: 2018-06-05T17:11:56Z, git hash: 84205aa28f11a4f31f2a3b86d1bba2cc8ab69827
2019-08-31 21:38:01,013 [Thread-198] INFO  handler.ContextHandler (ContextHandler.java:doStart(781)) - Started o.e.j.s.ServletContextHandler@47b4a5c{/logs,file:///workdir/hadoop-ozone/integration-test/target/log,AVAILABLE}
2019-08-31 21:38:01,014 [Thread-198] INFO  handler.ContextHandler (ContextHandler.java:doStart(781)) - Started o.e.j.s.ServletContextHandler@d3ae289{/static,file:///workdir/hadoop-ozone/integration-test/target/test-classes/webapps/static,AVAILABLE}
2019-08-31 21:38:01,019 [Thread-198] INFO  handler.ContextHandler (ContextHandler.java:doStart(781)) - Started o.e.j.w.WebAppContext@607bd5ce{/,file:///workdir/hadoop-ozone/integration-test/target/test-classes/webapps/ozoneManager/,AVAILABLE}{/ozoneManager}
2019-08-31 21:38:01,019 [Thread-198] INFO  server.AbstractConnector (AbstractConnector.java:doStart(278)) - Started ServerConnector@49c27030{HTTP/1.1,[http/1.1]}{0.0.0.0:41088}
2019-08-31 21:38:01,021 [Thread-198] INFO  server.Server (Server.java:doStart(419)) - Started @31962ms
2019-08-31 21:38:01,021 [Thread-198] WARN  impl.MetricsSystemImpl (MetricsSystemImpl.java:register(276)) - Sink prometheus already exists!
2019-08-31 21:38:01,022 [Thread-198] INFO  server.BaseHttpServer (BaseHttpServer.java:updateConnectorAddress(215)) - HTTP server of OZONEMANAGER is listening at http://0.0.0.0:41088
2019-08-31 21:38:01,027 | INFO  | SCMAudit | user=jenkins1000 | ip=192.168.34.42 | op=SEND_HEARTBEAT {datanodeUUID=b74b8129-5db4-4482-95bd-28d5db4a01ca, command=[]} | ret=SUCCESS |  
2019-08-31 21:38:01,028 [Thread-198] INFO  impl.MetricsSystemImpl (MetricsSystemImpl.java:init(158)) - HddsDatanode metrics system started (again)
2019-08-31 21:38:01,040 [Thread-198] INFO  ozone.HddsDatanodeService (HddsDatanodeService.java:start(184)) - HddsDatanodeService host:pr-hdds-2060-5kx6h-1518693133 ip:192.168.34.42
2019-08-31 21:38:01,051 [Thread-198] INFO  volume.HddsVolume (HddsVolume.java:<init>(176)) - Creating Volume: /workdir/hadoop-ozone/integration-test/target/test-dir/MiniOzoneClusterImpl-ff0e0fa1-3375-4789-9bb8-b33a04e06bb2/datanode-0/data/containers/hdds of  storage type : DISK and capacity : 1482555576320
2019-08-31 21:38:01,052 [Thread-198] INFO  volume.VolumeSet (VolumeSet.java:initializeVolumeSet(170)) - Added Volume : /workdir/hadoop-ozone/integration-test/target/test-dir/MiniOzoneClusterImpl-ff0e0fa1-3375-4789-9bb8-b33a04e06bb2/datanode-0/data/containers/hdds to VolumeSet
2019-08-31 21:38:01,052 [Thread-198] INFO  volume.ThrottledAsyncChecker (ThrottledAsyncChecker.java:schedule(140)) - Scheduling a check for org.apache.hadoop.ozone.container.common.volume.HddsVolume@61d50d7a
2019-08-31 21:38:01,053 [Thread-198] INFO  volume.HddsVolumeChecker (HddsVolumeChecker.java:checkAllVolumes(203)) - Scheduled health check for volume org.apache.hadoop.ozone.container.common.volume.HddsVolume@61d50d7a
2019-08-31 21:38:01,073 [Thread-198] INFO  impl.RaftServerProxy (ConfUtils.java:logGet(43)) - raft.rpc.type = GRPC (default)
2019-08-31 21:38:01,074 [Thread-198] INFO  grpc.GrpcFactory (GrpcFactory.java:checkPooledByteBufAllocatorUseCacheForAllThreads(45)) - PERFORMANCE WARNING: useCacheForAllThreads is true that may cause Netty to create a lot garbage objects and, as a result, trigger GC.
	It is recommended to disable useCacheForAllThreads by setting -Dorg.apache.ratis.thirdparty.io.netty.allocator.useCacheForAllThreads=false in command line.
2019-08-31 21:38:01,074 [Thread-198] INFO  grpc.GrpcConfigKeys$Server (ConfUtils.java:logGet(43)) - raft.grpc.server.port = 0 (default)
2019-08-31 21:38:01,074 [Thread-198] INFO  server.GrpcService (ConfUtils.java:logGet(43)) - raft.grpc.message.size.max = 33570816 (custom)
2019-08-31 21:38:01,074 [Thread-198] INFO  server.RaftServerConfigKeys (ConfUtils.java:logGet(43)) - raft.server.log.appender.buffer.byte-limit = 33554432 (custom)
2019-08-31 21:38:01,075 [Thread-198] INFO  server.GrpcService (ConfUtils.java:logGet(43)) - raft.grpc.flow.control.window = 1MB (=1048576) (default)
2019-08-31 21:38:01,075 [Thread-198] INFO  server.RaftServerConfigKeys (ConfUtils.java:logGet(43)) - raft.server.rpc.request.timeout = 3000ms (default)
2019-08-31 21:38:01,076 [Thread-198] INFO  server.RaftServerConfigKeys (ConfUtils.java:logGet(43)) - raft.server.storage.dir = [/workdir/hadoop-ozone/integration-test/target/test-dir/MiniOzoneClusterImpl-ff0e0fa1-3375-4789-9bb8-b33a04e06bb2/datanode-0/data/ratis] (custom)
2019-08-31 21:38:01,078 [Thread-198] INFO  hdfs.DFSUtil (DFSUtil.java:httpServerTemplateForNNAndJN(1641)) - Starting Web-server for hddsDatanode at: http://0.0.0.0:0
2019-08-31 21:38:01,080 [Thread-198] INFO  server.AuthenticationFilter (AuthenticationFilter.java:constructSecretProvider(240)) - Unable to initialize FileSignerSecretProvider, falling back to use random secrets.
2019-08-31 21:38:01,081 [Thread-198] WARN  http.HttpRequestLog (HttpRequestLog.java:getRequestLog(97)) - Jetty request log can only be enabled using Log4j
2019-08-31 21:38:01,083 [Thread-198] INFO  http.HttpServer2 (HttpServer2.java:addGlobalFilter(975)) - Added global filter 'safety' (class=org.apache.hadoop.http.HttpServer2$QuotingInputFilter)
2019-08-31 21:38:01,084 [Thread-198] INFO  http.HttpServer2 (HttpServer2.java:addFilter(948)) - Added filter static_user_filter (class=org.apache.hadoop.http.lib.StaticUserWebFilter$StaticUserFilter) to context hddsDatanode
2019-08-31 21:38:01,084 [Thread-198] INFO  http.HttpServer2 (HttpServer2.java:addFilter(958)) - Added filter static_user_filter (class=org.apache.hadoop.http.lib.StaticUserWebFilter$StaticUserFilter) to context static
2019-08-31 21:38:01,084 [Thread-198] INFO  http.HttpServer2 (HttpServer2.java:addFilter(958)) - Added filter static_user_filter (class=org.apache.hadoop.http.lib.StaticUserWebFilter$StaticUserFilter) to context logs
2019-08-31 21:38:01,086 [Thread-198] INFO  http.HttpServer2 (HttpServer2.java:bindListener(1191)) - Jetty bound to port 35945
2019-08-31 21:38:01,086 [Thread-198] INFO  server.Server (Server.java:doStart(351)) - jetty-9.3.24.v20180605, build timestamp: 2018-06-05T17:11:56Z, git hash: 84205aa28f11a4f31f2a3b86d1bba2cc8ab69827
2019-08-31 21:38:01,088 [Thread-198] INFO  handler.ContextHandler (ContextHandler.java:doStart(781)) - Started o.e.j.s.ServletContextHandler@5ee5a0fa{/logs,file:///workdir/hadoop-ozone/integration-test/target/log,AVAILABLE}
2019-08-31 21:38:01,089 [Thread-198] INFO  handler.ContextHandler (ContextHandler.java:doStart(781)) - Started o.e.j.s.ServletContextHandler@5fbf35cb{/static,jar:file:/home/user/.m2/repository/org/apache/hadoop/hadoop-hdds-container-service/0.5.0-SNAPSHOT/hadoop-hdds-container-service-0.5.0-SNAPSHOT.jar!/webapps/static,AVAILABLE}
2019-08-31 21:38:01,120 | INFO  | SCMAudit | user=jenkins1000 | ip=192.168.34.42 | op=SEND_HEARTBEAT {datanodeUUID=7a4766de-48bc-4159-ac88-ca5125803eb5, command=[]} | ret=SUCCESS |  
2019-08-31 21:38:01,129 [Thread-198] INFO  handler.ContextHandler (ContextHandler.java:doStart(781)) - Started o.e.j.w.WebAppContext@6fc5ca29{/,file:///tmp/jetty-0.0.0.0-35945-hddsDatanode-_-any-9097013460835949354.dir/webapp/,AVAILABLE}{/hddsDatanode}
2019-08-31 21:38:01,130 [Thread-198] INFO  server.AbstractConnector (AbstractConnector.java:doStart(278)) - Started ServerConnector@70a6da9d{HTTP/1.1,[http/1.1]}{0.0.0.0:35945}
2019-08-31 21:38:01,132 [Thread-198] INFO  server.Server (Server.java:doStart(419)) - Started @32074ms
2019-08-31 21:38:01,132 [Thread-198] WARN  impl.MetricsSystemImpl (MetricsSystemImpl.java:register(276)) - Sink prometheus already exists!
2019-08-31 21:38:01,134 [Thread-198] INFO  server.BaseHttpServer (BaseHttpServer.java:updateConnectorAddress(215)) - HTTP server of HDDSDATANODE is listening at http://0.0.0.0:35945
2019-08-31 21:38:01,135 [Thread-198] INFO  ozone.MiniOzoneClusterImpl (MiniOzoneClusterImpl.java:lambda$waitForClusterToBeReady$0(140)) - Waiting for cluster to be ready. Got 0 of 1 DN Heartbeats.
2019-08-31 21:38:01,138 [org.apache.hadoop.util.JvmPauseMonitor$Monitor@57d329e] INFO  util.JvmPauseMonitor (JvmPauseMonitor.java:run(188)) - Starting JVM pause monitor
2019-08-31 21:38:01,141 [Datanode State Machine Thread - 0] INFO  datanode.InitDatanodeState (InitDatanodeState.java:persistContainerDatanodeDetails(140)) - DatanodeDetails is persisted to /workdir/hadoop-ozone/integration-test/target/test-dir/MiniOzoneClusterImpl-ff0e0fa1-3375-4789-9bb8-b33a04e06bb2/datanode-0/meta/datanode.id
2019-08-31 21:38:01,212 | INFO  | SCMAudit | user=jenkins1000 | ip=192.168.34.42 | op=SEND_HEARTBEAT {datanodeUUID=ede846b1-3099-4238-9ace-b91529b83e53, command=[]} | ret=SUCCESS |  
2019-08-31 21:38:02,031 | INFO  | SCMAudit | user=jenkins1000 | ip=192.168.34.42 | op=SEND_HEARTBEAT {datanodeUUID=b74b8129-5db4-4482-95bd-28d5db4a01ca, command=[]} | ret=SUCCESS |  
2019-08-31 21:38:02,119 | INFO  | SCMAudit | user=jenkins1000 | ip=192.168.34.42 | op=SEND_HEARTBEAT {datanodeUUID=7a4766de-48bc-4159-ac88-ca5125803eb5, command=[]} | ret=SUCCESS |  
2019-08-31 21:38:02,138 [Thread-198] INFO  ozone.MiniOzoneClusterImpl (MiniOzoneClusterImpl.java:lambda$waitForClusterToBeReady$0(140)) - Waiting for cluster to be ready. Got 0 of 1 DN Heartbeats.
2019-08-31 21:38:02,211 | INFO  | SCMAudit | user=jenkins1000 | ip=192.168.34.42 | op=SEND_HEARTBEAT {datanodeUUID=ede846b1-3099-4238-9ace-b91529b83e53, command=[]} | ret=SUCCESS |  
2019-08-31 21:38:03,028 | INFO  | SCMAudit | user=jenkins1000 | ip=192.168.34.42 | op=SEND_HEARTBEAT {datanodeUUID=b74b8129-5db4-4482-95bd-28d5db4a01ca, command=[]} | ret=SUCCESS |  
2019-08-31 21:38:03,119 | INFO  | SCMAudit | user=jenkins1000 | ip=192.168.34.42 | op=SEND_HEARTBEAT {datanodeUUID=7a4766de-48bc-4159-ac88-ca5125803eb5, command=[]} | ret=SUCCESS |  
2019-08-31 21:38:03,138 [Thread-198] INFO  ozone.MiniOzoneClusterImpl (MiniOzoneClusterImpl.java:lambda$waitForClusterToBeReady$0(140)) - Waiting for cluster to be ready. Got 0 of 1 DN Heartbeats.
2019-08-31 21:38:03,144 | INFO  | SCMAudit | user=jenkins1000 | ip=192.168.34.42 | op=GET_VERSION null | ret=SUCCESS |  
2019-08-31 21:38:03,153 [Datanode State Machine Thread - 0] INFO  ozoneimpl.OzoneContainer (OzoneContainer.java:start(201)) - Attempting to start container services.
2019-08-31 21:38:03,158 [Datanode State Machine Thread - 0] INFO  ozoneimpl.OzoneContainer (OzoneContainer.java:startContainerScrub(175)) - Background container scrubber has been disabled by hdds.containerscrub.enabled
2019-08-31 21:38:03,158 [Datanode State Machine Thread - 0] INFO  ratis.XceiverServerRatis (XceiverServerRatis.java:start(393)) - Starting XceiverServerRatis 661c3bfc-5060-42c9-aa85-c31187e5ecbd at port 0
2019-08-31 21:38:03,168 [Datanode State Machine Thread - 0] INFO  impl.RaftServerProxy (RaftServerProxy.java:lambda$start$3(299)) - 661c3bfc-5060-42c9-aa85-c31187e5ecbd: start RPC server
2019-08-31 21:38:03,171 [Datanode State Machine Thread - 0] INFO  server.GrpcService (GrpcService.java:startImpl(149)) - 661c3bfc-5060-42c9-aa85-c31187e5ecbd: GrpcService started, listening on 0.0.0.0/0.0.0.0:41102
2019-08-31 21:38:03,172 [Datanode State Machine Thread - 0] INFO  ratis.XceiverServerRatis (XceiverServerRatis.java:start(403)) - XceiverServerRatis 661c3bfc-5060-42c9-aa85-c31187e5ecbd is started using port 41102
2019-08-31 21:38:03,174 [Datanode State Machine Thread - 0] INFO  server.XceiverServerGrpc (XceiverServerGrpc.java:start(163)) - XceiverServerGrpc 661c3bfc-5060-42c9-aa85-c31187e5ecbd is started using port 41444
2019-08-31 21:38:03,212 | INFO  | SCMAudit | user=jenkins1000 | ip=192.168.34.42 | op=SEND_HEARTBEAT {datanodeUUID=ede846b1-3099-4238-9ace-b91529b83e53, command=[]} | ret=SUCCESS |  
2019-08-31 21:38:04,027 | INFO  | SCMAudit | user=jenkins1000 | ip=192.168.34.42 | op=SEND_HEARTBEAT {datanodeUUID=b74b8129-5db4-4482-95bd-28d5db4a01ca, command=[]} | ret=SUCCESS |  
2019-08-31 21:38:04,120 | INFO  | SCMAudit | user=jenkins1000 | ip=192.168.34.42 | op=SEND_HEARTBEAT {datanodeUUID=7a4766de-48bc-4159-ac88-ca5125803eb5, command=[]} | ret=SUCCESS |  
2019-08-31 21:38:04,139 [Thread-198] INFO  ozone.MiniOzoneClusterImpl (MiniOzoneClusterImpl.java:lambda$waitForClusterToBeReady$0(140)) - Waiting for cluster to be ready. Got 0 of 1 DN Heartbeats.
2019-08-31 21:38:04,211 | INFO  | SCMAudit | user=jenkins1000 | ip=192.168.34.42 | op=SEND_HEARTBEAT {datanodeUUID=ede846b1-3099-4238-9ace-b91529b83e53, command=[]} | ret=SUCCESS |  
2019-08-31 21:38:05,027 | INFO  | SCMAudit | user=jenkins1000 | ip=192.168.34.42 | op=SEND_HEARTBEAT {datanodeUUID=b74b8129-5db4-4482-95bd-28d5db4a01ca, command=[]} | ret=SUCCESS |  
2019-08-31 21:38:05,119 | INFO  | SCMAudit | user=jenkins1000 | ip=192.168.34.42 | op=SEND_HEARTBEAT {datanodeUUID=7a4766de-48bc-4159-ac88-ca5125803eb5, command=[]} | ret=SUCCESS |  
2019-08-31 21:38:05,139 [Thread-198] INFO  ozone.MiniOzoneClusterImpl (MiniOzoneClusterImpl.java:lambda$waitForClusterToBeReady$0(140)) - Waiting for cluster to be ready. Got 0 of 1 DN Heartbeats.
2019-08-31 21:38:05,143 [IPC Server handler 6 on 33983] INFO  net.NetworkTopology (NetworkTopologyImpl.java:add(110)) - Added a new node: /default-rack/661c3bfc-5060-42c9-aa85-c31187e5ecbd
2019-08-31 21:38:05,144 [IPC Server handler 6 on 33983] INFO  node.SCMNodeManager (SCMNodeManager.java:register(266)) - Registered Data node : 661c3bfc-5060-42c9-aa85-c31187e5ecbd{ip: 192.168.34.42, host: pr-hdds-2060-5kx6h-1518693133, networkLocation: /default-rack, certSerialId: null}
2019-08-31 21:38:05,145 [EventQueue-NodeRegistrationContainerReportForDataNodeSafeModeRule] INFO  safemode.SCMSafeModeManager (DataNodeSafeModeRule.java:process(71)) - SCM in safe mode. 1 DataNodes registered, 1 required.
2019-08-31 21:38:05,146 [EventQueue-NodeRegistrationContainerReportForDataNodeSafeModeRule] INFO  safemode.SCMSafeModeManager (SCMSafeModeManager.java:validateSafeModeExitRules(177)) - ScmSafeModeManager, all rules are successfully validated
2019-08-31 21:38:05,146 | INFO  | SCMAudit | user=jenkins1000 | ip=192.168.34.42 | op=REGISTER {datanodeDetails=661c3bfc-5060-42c9-aa85-c31187e5ecbd{ip: 192.168.34.42, host: pr-hdds-2060-5kx6h-1518693133, networkLocation: /default-rack, certSerialId: null}} | ret=SUCCESS |  
2019-08-31 21:38:05,146 [EventQueue-NodeRegistrationContainerReportForDataNodeSafeModeRule] INFO  safemode.SCMSafeModeManager (SCMSafeModeManager.java:exitSafeMode(193)) - SCM exiting safe mode.
2019-08-31 21:38:05,247 | INFO  | SCMAudit | user=jenkins1000 | ip=192.168.34.42 | op=SEND_HEARTBEAT {datanodeUUID=ede846b1-3099-4238-9ace-b91529b83e53, command=[]} | ret=SUCCESS |  
2019-08-31 21:38:05,263 [grpc-default-executor-0] INFO  impl.RaftServerProxy (RaftServerProxy.java:addNew(89)) - 661c3bfc-5060-42c9-aa85-c31187e5ecbd: addNew group-1A2A47AEFF27:[661c3bfc-5060-42c9-aa85-c31187e5ecbd:192.168.34.42:41102] returns group-1A2A47AEFF27:java.util.concurrent.CompletableFuture@16c7daaf[Not completed]
2019-08-31 21:38:05,267 [pool-76-thread-1] INFO  impl.RaftServerImpl (RaftServerImpl.java:<init>(93)) - 661c3bfc-5060-42c9-aa85-c31187e5ecbd: new RaftServerImpl for group-1A2A47AEFF27:[661c3bfc-5060-42c9-aa85-c31187e5ecbd:192.168.34.42:41102] with ContainerStateMachine:uninitialized
2019-08-31 21:38:05,267 [pool-76-thread-1] INFO  server.RaftServerConfigKeys (ConfUtils.java:logGet(43)) - raft.server.rpc.timeout.min = 5s (custom)
2019-08-31 21:38:05,267 [pool-76-thread-1] INFO  server.RaftServerConfigKeys (ConfUtils.java:logGet(43)) - raft.server.rpc.timeout.max = 5200ms (custom)
2019-08-31 21:38:05,267 [pool-76-thread-1] INFO  server.RaftServerConfigKeys (ConfUtils.java:logGet(43)) - raft.server.rpcslowness.timeout = 120s (custom)
2019-08-31 21:38:05,268 [pool-76-thread-1] INFO  server.RaftServerConfigKeys (ConfUtils.java:logGet(43)) - raft.server.sleep.deviation.threshold = 300 (default)
2019-08-31 21:38:05,268 [pool-76-thread-1] INFO  server.RaftServerConfigKeys (ConfUtils.java:logGet(43)) - raft.server.log.appender.install.snapshot.enabled = false (custom)
2019-08-31 21:38:05,268 [pool-76-thread-1] INFO  impl.RaftServerImpl (ServerState.java:<init>(105)) - 661c3bfc-5060-42c9-aa85-c31187e5ecbd:group-1A2A47AEFF27 ConfigurationManager, init=-1: [661c3bfc-5060-42c9-aa85-c31187e5ecbd:192.168.34.42:41102], old=null, confs=<EMPTY_MAP>
2019-08-31 21:38:05,268 [pool-76-thread-1] INFO  server.RaftServerConfigKeys (ConfUtils.java:logGet(43)) - raft.server.storage.dir = [/workdir/hadoop-ozone/integration-test/target/test-dir/MiniOzoneClusterImpl-ff0e0fa1-3375-4789-9bb8-b33a04e06bb2/datanode-0/data/ratis] (custom)
2019-08-31 21:38:05,269 [pool-76-thread-1] INFO  storage.RaftStorageDirectory (RaftStorageDirectory.java:analyzeStorage(246)) - The storage directory /workdir/hadoop-ozone/integration-test/target/test-dir/MiniOzoneClusterImpl-ff0e0fa1-3375-4789-9bb8-b33a04e06bb2/datanode-0/data/ratis/ba5999a7-2cf7-4e68-beb9-1a2a47aeff27 does not exist. Creating ...
2019-08-31 21:38:05,284 [pool-76-thread-1] INFO  storage.RaftStorageDirectory (RaftStorageDirectory.java:tryLock(328)) - Lock on /workdir/hadoop-ozone/integration-test/target/test-dir/MiniOzoneClusterImpl-ff0e0fa1-3375-4789-9bb8-b33a04e06bb2/datanode-0/data/ratis/ba5999a7-2cf7-4e68-beb9-1a2a47aeff27/in_use.lock acquired by nodename 1314@pr-hdds-2060-5kx6h-1518693133
2019-08-31 21:38:05,298 [pool-76-thread-1] INFO  storage.RaftStorage (RaftStorage.java:format(72)) - Storage directory /workdir/hadoop-ozone/integration-test/target/test-dir/MiniOzoneClusterImpl-ff0e0fa1-3375-4789-9bb8-b33a04e06bb2/datanode-0/data/ratis/ba5999a7-2cf7-4e68-beb9-1a2a47aeff27 has been successfully formatted.
2019-08-31 21:38:05,298 [pool-76-thread-1] INFO  ratis.ContainerStateMachine (ContainerStateMachine.java:loadSnapshot(227)) - group-1A2A47AEFF27: The snapshot info is null. Setting the last applied indexto:(t:0, i:~)
2019-08-31 21:38:05,299 [pool-76-thread-1] INFO  server.RaftServerConfigKeys (ConfUtils.java:logGet(43)) - raft.server.leader.election.timeout = 120s (custom)
2019-08-31 21:38:05,299 [pool-76-thread-1] INFO  server.RaftServerConfigKeys (ConfUtils.java:logGet(43)) - raft.server.log.use.memory = false (default)
2019-08-31 21:38:05,299 [pool-76-thread-1] INFO  server.RaftServerConfigKeys (ConfUtils.java:logGet(43)) - raft.server.log.purge.gap = 1000000 (custom)
2019-08-31 21:38:05,299 [pool-76-thread-1] INFO  server.RaftServerConfigKeys (ConfUtils.java:logGet(43)) - raft.server.log.appender.buffer.byte-limit = 33554432 (custom)
2019-08-31 21:38:05,300 [pool-76-thread-1] INFO  server.RaftServerConfigKeys (ConfUtils.java:logGet(43)) - raft.server.log.segment.size.max = 1048576 (custom)
2019-08-31 21:38:05,300 [pool-76-thread-1] INFO  server.RaftServerConfigKeys (ConfUtils.java:logGet(43)) - raft.server.log.segment.cache.num.max = 2 (custom)
2019-08-31 21:38:05,300 [pool-76-thread-1] INFO  segmented.SegmentedRaftLogWorker (SegmentedRaftLogWorker.java:<init>(172)) - new 661c3bfc-5060-42c9-aa85-c31187e5ecbd-SegmentedRaftLogWorker:Storage Directory /workdir/hadoop-ozone/integration-test/target/test-dir/MiniOzoneClusterImpl-ff0e0fa1-3375-4789-9bb8-b33a04e06bb2/datanode-0/data/ratis/ba5999a7-2cf7-4e68-beb9-1a2a47aeff27 for RaftStorage:Storage Directory /workdir/hadoop-ozone/integration-test/target/test-dir/MiniOzoneClusterImpl-ff0e0fa1-3375-4789-9bb8-b33a04e06bb2/datanode-0/data/ratis/ba5999a7-2cf7-4e68-beb9-1a2a47aeff27
2019-08-31 21:38:05,300 [pool-76-thread-1] INFO  server.RaftServerConfigKeys (ConfUtils.java:logGet(43)) - raft.server.log.queue.byte-limit = 2147483647 (custom)
2019-08-31 21:38:05,300 [pool-76-thread-1] INFO  server.RaftServerConfigKeys (ConfUtils.java:logGet(43)) - raft.server.log.queue.element-limit = 1024 (custom)
2019-08-31 21:38:05,301 [pool-76-thread-1] INFO  server.RaftServerConfigKeys (ConfUtils.java:logGet(43)) - raft.server.log.segment.size.max = 1048576 (custom)
2019-08-31 21:38:05,301 [pool-76-thread-1] INFO  server.RaftServerConfigKeys (ConfUtils.java:logGet(43)) - raft.server.log.preallocated.size = 16384 (custom)
2019-08-31 21:38:05,301 [pool-76-thread-1] INFO  server.RaftServerConfigKeys (ConfUtils.java:logGet(43)) - raft.server.log.write.buffer.size = 33554432 (custom)
2019-08-31 21:38:05,301 [pool-76-thread-1] INFO  server.RaftServerConfigKeys (ConfUtils.java:logGet(43)) - raft.server.log.force.sync.num = 128 (default)
2019-08-31 21:38:05,302 [pool-76-thread-1] INFO  server.RaftServerConfigKeys (ConfUtils.java:logGet(43)) - raft.server.log.statemachine.data.sync = true (default)
2019-08-31 21:38:05,302 [pool-76-thread-1] INFO  server.RaftServerConfigKeys (ConfUtils.java:logGet(43)) - raft.server.log.statemachine.data.sync.timeout = 10s (default)
2019-08-31 21:38:05,302 [pool-76-thread-1] INFO  server.RaftServerConfigKeys (ConfUtils.java:logGet(43)) - raft.server.log.statemachine.data.sync.timeout.retry = -1 (default)
2019-08-31 21:38:05,302 [pool-76-thread-1] INFO  server.RaftServerConfigKeys (ConfUtils.java:logGet(43)) - raft.server.log.statemachine.data.caching.enabled = true (custom)
2019-08-31 21:38:05,303 [pool-76-thread-1] INFO  segmented.SegmentedRaftLogWorker (SegmentedRaftLogWorker.java:lambda$new$0(132)) - 661c3bfc-5060-42c9-aa85-c31187e5ecbd-SegmentedRaftLogWorker:Storage Directory /workdir/hadoop-ozone/integration-test/target/test-dir/MiniOzoneClusterImpl-ff0e0fa1-3375-4789-9bb8-b33a04e06bb2/datanode-0/data/ratis/ba5999a7-2cf7-4e68-beb9-1a2a47aeff27: flushIndex: setUnconditionally 0 -> -1
2019-08-31 21:38:05,303 [pool-76-thread-1] INFO  server.RaftServerConfigKeys (ConfUtils.java:logGet(43)) - raft.server.snapshot.auto.trigger.enabled = true (custom)
2019-08-31 21:38:05,303 [pool-76-thread-1] INFO  server.RaftServerConfigKeys (ConfUtils.java:logGet(43)) - raft.server.snapshot.auto.trigger.threshold = 10000 (custom)
2019-08-31 21:38:05,304 [pool-76-thread-1] INFO  server.RaftServerConfigKeys (ConfUtils.java:logGet(43)) - raft.server.retrycache.expirytime = 600000ms (custom)
2019-08-31 21:38:05,304 [pool-76-thread-1] INFO  impl.RaftServerImpl (RaftServerImpl.java:start(180)) - 661c3bfc-5060-42c9-aa85-c31187e5ecbd: start group-1A2A47AEFF27
2019-08-31 21:38:05,304 [pool-76-thread-1] INFO  impl.RaftServerImpl (RaftServerImpl.java:setRole(171)) - 661c3bfc-5060-42c9-aa85-c31187e5ecbd:group-1A2A47AEFF27 changes role from null to FOLLOWER at term 0 for startAsFollower
2019-08-31 21:38:05,304 [pool-76-thread-1] INFO  impl.RoleInfo (RoleInfo.java:updateAndGet(143)) - 661c3bfc-5060-42c9-aa85-c31187e5ecbd: start FollowerState
2019-08-31 21:38:05,304 [pool-76-thread-1] INFO  util.JmxRegister (JmxRegister.java:tryRegister(44)) - Successfully registered JMX Bean with object name Ratis:service=RaftServer,group=group-1A2A47AEFF27,id=661c3bfc-5060-42c9-aa85-c31187e5ecbd
2019-08-31 21:38:05,322 [RatisPipelineUtilsThread] INFO  pipeline.PipelineStateManager (PipelineStateManager.java:addPipeline(56)) - Created pipeline Pipeline[ Id: ba5999a7-2cf7-4e68-beb9-1a2a47aeff27, Nodes: 661c3bfc-5060-42c9-aa85-c31187e5ecbd{ip: 192.168.34.42, host: pr-hdds-2060-5kx6h-1518693133, networkLocation: /default-rack, certSerialId: null}, Type:RATIS, Factor:ONE, State:OPEN]
2019-08-31 21:38:05,496 [Thread-310] INFO  impl.FollowerState (FollowerState.java:run(106)) - 7a4766de-48bc-4159-ac88-ca5125803eb5:group-CE90875CDD2A changes to CANDIDATE, lastRpcTime:5005, electionTimeout:5004ms
2019-08-31 21:38:05,496 [Thread-310] INFO  impl.RoleInfo (RoleInfo.java:shutdownFollowerState(121)) - 7a4766de-48bc-4159-ac88-ca5125803eb5: shutdown FollowerState
2019-08-31 21:38:05,496 [Thread-310] INFO  impl.RaftServerImpl (RaftServerImpl.java:setRole(171)) - 7a4766de-48bc-4159-ac88-ca5125803eb5:group-CE90875CDD2A changes role from FOLLOWER to CANDIDATE at term 2 for changeToCandidate
2019-08-31 21:38:05,496 [Thread-310] INFO  impl.RoleInfo (RoleInfo.java:updateAndGet(143)) - 7a4766de-48bc-4159-ac88-ca5125803eb5: start LeaderElection
2019-08-31 21:38:05,512 [7a4766de-48bc-4159-ac88-ca5125803eb5:group-CE90875CDD2A:LeaderElection10] INFO  impl.LeaderElection (LeaderElection.java:askForVotes(181)) - 7a4766de-48bc-4159-ac88-ca5125803eb5:group-CE90875CDD2A:LeaderElection10: begin an election at term 3 for -1: [7a4766de-48bc-4159-ac88-ca5125803eb5:192.168.34.42:38403, ede846b1-3099-4238-9ace-b91529b83e53:192.168.34.42:42462, b74b8129-5db4-4482-95bd-28d5db4a01ca:192.168.34.42:43686], old=null
2019-08-31 21:38:05,522 [Thread-311] INFO  impl.FollowerState (FollowerState.java:run(106)) - b74b8129-5db4-4482-95bd-28d5db4a01ca:group-CE90875CDD2A changes to CANDIDATE, lastRpcTime:5024, electionTimeout:5020ms
2019-08-31 21:38:05,523 [Thread-311] INFO  impl.RoleInfo (RoleInfo.java:shutdownFollowerState(121)) - b74b8129-5db4-4482-95bd-28d5db4a01ca: shutdown FollowerState
2019-08-31 21:38:05,523 [Thread-311] INFO  impl.RaftServerImpl (RaftServerImpl.java:setRole(171)) - b74b8129-5db4-4482-95bd-28d5db4a01ca:group-CE90875CDD2A changes role from FOLLOWER to CANDIDATE at term 2 for changeToCandidate
2019-08-31 21:38:05,523 [Thread-311] INFO  impl.RoleInfo (RoleInfo.java:updateAndGet(143)) - b74b8129-5db4-4482-95bd-28d5db4a01ca: start LeaderElection
2019-08-31 21:38:05,523 [grpc-default-executor-0] INFO  impl.RaftServerImpl (RaftServerImpl.java:setRole(171)) - ede846b1-3099-4238-9ace-b91529b83e53:group-CE90875CDD2A changes role from FOLLOWER to FOLLOWER at term 3 for recognizeCandidate:7a4766de-48bc-4159-ac88-ca5125803eb5
2019-08-31 21:38:05,525 [grpc-default-executor-3] INFO  impl.RaftServerImpl (RaftServerImpl.java:setRole(171)) - b74b8129-5db4-4482-95bd-28d5db4a01ca:group-CE90875CDD2A changes role from CANDIDATE to FOLLOWER at term 3 for recognizeCandidate:7a4766de-48bc-4159-ac88-ca5125803eb5
2019-08-31 21:38:05,525 [grpc-default-executor-0] INFO  impl.RoleInfo (RoleInfo.java:shutdownFollowerState(121)) - ede846b1-3099-4238-9ace-b91529b83e53: shutdown FollowerState
2019-08-31 21:38:05,525 [grpc-default-executor-3] INFO  impl.RoleInfo (RoleInfo.java:shutdownLeaderElection(134)) - b74b8129-5db4-4482-95bd-28d5db4a01ca: shutdown LeaderElection
2019-08-31 21:38:05,526 [grpc-default-executor-0] INFO  impl.RoleInfo (RoleInfo.java:updateAndGet(143)) - ede846b1-3099-4238-9ace-b91529b83e53: start FollowerState
2019-08-31 21:38:05,526 [grpc-default-executor-3] INFO  impl.RoleInfo (RoleInfo.java:updateAndGet(143)) - b74b8129-5db4-4482-95bd-28d5db4a01ca: start FollowerState
2019-08-31 21:38:05,526 [Thread-309] INFO  impl.FollowerState (FollowerState.java:run(114)) - ede846b1-3099-4238-9ace-b91529b83e53: FollowerState was interrupted: java.lang.InterruptedException: sleep interrupted
2019-08-31 21:38:05,544 [7a4766de-48bc-4159-ac88-ca5125803eb5:group-CE90875CDD2A:LeaderElection10] INFO  impl.LeaderElection (LeaderElection.java:logAndReturn(56)) - 7a4766de-48bc-4159-ac88-ca5125803eb5:group-CE90875CDD2A:LeaderElection10: Election PASSED; received 2 response(s) [7a4766de-48bc-4159-ac88-ca5125803eb5<-ede846b1-3099-4238-9ace-b91529b83e53#0:OK-t3, 7a4766de-48bc-4159-ac88-ca5125803eb5<-b74b8129-5db4-4482-95bd-28d5db4a01ca#0:FAIL-t3] and 0 exception(s); 7a4766de-48bc-4159-ac88-ca5125803eb5:t3, leader=null, voted=7a4766de-48bc-4159-ac88-ca5125803eb5, raftlog=7a4766de-48bc-4159-ac88-ca5125803eb5-SegmentedRaftLog:OPENED:c-1,f-1,i0, conf=-1: [7a4766de-48bc-4159-ac88-ca5125803eb5:192.168.34.42:38403, ede846b1-3099-4238-9ace-b91529b83e53:192.168.34.42:42462, b74b8129-5db4-4482-95bd-28d5db4a01ca:192.168.34.42:43686], old=null
2019-08-31 21:38:05,545 [7a4766de-48bc-4159-ac88-ca5125803eb5:group-CE90875CDD2A:LeaderElection10] INFO  impl.RoleInfo (RoleInfo.java:shutdownLeaderElection(134)) - 7a4766de-48bc-4159-ac88-ca5125803eb5: shutdown LeaderElection
2019-08-31 21:38:05,549 [7a4766de-48bc-4159-ac88-ca5125803eb5:group-CE90875CDD2A:LeaderElection10] INFO  impl.RaftServerImpl (RaftServerImpl.java:setRole(171)) - 7a4766de-48bc-4159-ac88-ca5125803eb5:group-CE90875CDD2A changes role from CANDIDATE to LEADER at term 3 for changeToLeader
2019-08-31 21:38:05,549 [7a4766de-48bc-4159-ac88-ca5125803eb5:group-CE90875CDD2A:LeaderElection10] INFO  impl.RaftServerImpl (ServerState.java:setLeader(263)) - 7a4766de-48bc-4159-ac88-ca5125803eb5:group-CE90875CDD2A change Leader from null to 7a4766de-48bc-4159-ac88-ca5125803eb5 at term 3 for becomeLeader, leader elected after 24519ms
2019-08-31 21:38:05,550 [7a4766de-48bc-4159-ac88-ca5125803eb5:group-CE90875CDD2A:LeaderElection10] INFO  server.RaftServerConfigKeys (ConfUtils.java:logGet(43)) - raft.server.staging.catchup.gap = 1000 (default)
2019-08-31 21:38:05,550 [7a4766de-48bc-4159-ac88-ca5125803eb5:group-CE90875CDD2A:LeaderElection10] INFO  server.RaftServerConfigKeys (ConfUtils.java:logGet(43)) - raft.server.rpc.sleep.time = 25ms (default)
2019-08-31 21:38:05,550 [7a4766de-48bc-4159-ac88-ca5125803eb5:group-CE90875CDD2A:LeaderElection10] INFO  server.RaftServerConfigKeys (ConfUtils.java:logGet(43)) - raft.server.write.element-limit = 4096 (default)
2019-08-31 21:38:05,550 [7a4766de-48bc-4159-ac88-ca5125803eb5:group-CE90875CDD2A:LeaderElection10] INFO  server.RaftServerConfigKeys (ConfUtils.java:logGet(43)) - raft.server.watch.timeout = 10s (default)
2019-08-31 21:38:05,551 [7a4766de-48bc-4159-ac88-ca5125803eb5:group-CE90875CDD2A:LeaderElection10] INFO  server.RaftServerConfigKeys (ConfUtils.java:logGet(43)) - raft.server.watch.timeout.denomination = 1s (default)
2019-08-31 21:38:05,551 [7a4766de-48bc-4159-ac88-ca5125803eb5:group-CE90875CDD2A:LeaderElection10] INFO  server.RaftServerConfigKeys (ConfUtils.java:logGet(43)) - raft.server.watch.element-limit = 65536 (default)
2019-08-31 21:38:05,553 [7a4766de-48bc-4159-ac88-ca5125803eb5:group-CE90875CDD2A:LeaderElection10] INFO  server.RaftServerConfigKeys (ConfUtils.java:logGet(43)) - raft.server.log.appender.snapshot.chunk.size.max = 16MB (=16777216) (default)
2019-08-31 21:38:05,554 [7a4766de-48bc-4159-ac88-ca5125803eb5:group-CE90875CDD2A:LeaderElection10] INFO  server.RaftServerConfigKeys (ConfUtils.java:logGet(43)) - raft.server.log.appender.buffer.byte-limit = 33554432 (custom)
2019-08-31 21:38:05,554 [7a4766de-48bc-4159-ac88-ca5125803eb5:group-CE90875CDD2A:LeaderElection10] INFO  server.RaftServerConfigKeys (ConfUtils.java:logGet(43)) - raft.server.log.appender.buffer.element-limit = 1 (custom)
2019-08-31 21:38:05,555 [b74b8129-5db4-4482-95bd-28d5db4a01ca:group-CE90875CDD2A:LeaderElection11] INFO  impl.LeaderElection (LeaderElection.java:askForVotes(181)) - b74b8129-5db4-4482-95bd-28d5db4a01ca:group-CE90875CDD2A:LeaderElection11: begin an election at term 4 for -1: [7a4766de-48bc-4159-ac88-ca5125803eb5:192.168.34.42:38403, ede846b1-3099-4238-9ace-b91529b83e53:192.168.34.42:42462, b74b8129-5db4-4482-95bd-28d5db4a01ca:192.168.34.42:43686], old=null
2019-08-31 21:38:05,559 [b74b8129-5db4-4482-95bd-28d5db4a01ca:group-CE90875CDD2A:LeaderElection11] INFO  impl.LeaderElection (LeaderElection.java:logAndReturn(56)) - b74b8129-5db4-4482-95bd-28d5db4a01ca:group-CE90875CDD2A:LeaderElection11: Election REJECTED; received 0 response(s) [] and 0 exception(s); b74b8129-5db4-4482-95bd-28d5db4a01ca:t4, leader=null, voted=b74b8129-5db4-4482-95bd-28d5db4a01ca, raftlog=b74b8129-5db4-4482-95bd-28d5db4a01ca-SegmentedRaftLog:OPENED:c-1,f-1,i0, conf=-1: [7a4766de-48bc-4159-ac88-ca5125803eb5:192.168.34.42:38403, ede846b1-3099-4238-9ace-b91529b83e53:192.168.34.42:42462, b74b8129-5db4-4482-95bd-28d5db4a01ca:192.168.34.42:43686], old=null
2019-08-31 21:38:05,562 [7a4766de-48bc-4159-ac88-ca5125803eb5:group-CE90875CDD2A:LeaderElection10] INFO  grpc.GrpcConfigKeys$Server (ConfUtils.java:logGet(43)) - raft.grpc.server.leader.outstanding.appends.max = 128 (default)
2019-08-31 21:38:05,564 [7a4766de-48bc-4159-ac88-ca5125803eb5:group-CE90875CDD2A:LeaderElection10] INFO  server.RaftServerConfigKeys (ConfUtils.java:logGet(43)) - raft.server.rpc.request.timeout = 3000ms (default)
2019-08-31 21:38:05,564 [7a4766de-48bc-4159-ac88-ca5125803eb5:group-CE90875CDD2A:LeaderElection10] INFO  server.RaftServerConfigKeys (ConfUtils.java:logGet(43)) - raft.server.log.appender.install.snapshot.enabled = false (custom)
2019-08-31 21:38:05,564 [7a4766de-48bc-4159-ac88-ca5125803eb5:group-CE90875CDD2A:LeaderElection10] INFO  server.RaftServerConfigKeys (ConfUtils.java:logGet(43)) - raft.server.log.appender.snapshot.chunk.size.max = 16MB (=16777216) (default)
2019-08-31 21:38:05,565 [7a4766de-48bc-4159-ac88-ca5125803eb5:group-CE90875CDD2A:LeaderElection10] INFO  server.RaftServerConfigKeys (ConfUtils.java:logGet(43)) - raft.server.log.appender.buffer.byte-limit = 33554432 (custom)
2019-08-31 21:38:05,565 [7a4766de-48bc-4159-ac88-ca5125803eb5:group-CE90875CDD2A:LeaderElection10] INFO  server.RaftServerConfigKeys (ConfUtils.java:logGet(43)) - raft.server.log.appender.buffer.element-limit = 1 (custom)
2019-08-31 21:38:05,565 [7a4766de-48bc-4159-ac88-ca5125803eb5:group-CE90875CDD2A:LeaderElection10] INFO  grpc.GrpcConfigKeys$Server (ConfUtils.java:logGet(43)) - raft.grpc.server.leader.outstanding.appends.max = 128 (default)
2019-08-31 21:38:05,565 [7a4766de-48bc-4159-ac88-ca5125803eb5:group-CE90875CDD2A:LeaderElection10] INFO  server.RaftServerConfigKeys (ConfUtils.java:logGet(43)) - raft.server.rpc.request.timeout = 3000ms (default)
2019-08-31 21:38:05,566 [7a4766de-48bc-4159-ac88-ca5125803eb5:group-CE90875CDD2A:LeaderElection10] INFO  server.RaftServerConfigKeys (ConfUtils.java:logGet(43)) - raft.server.log.appender.install.snapshot.enabled = false (custom)
2019-08-31 21:38:05,573 [grpc-default-executor-0] INFO  impl.RaftServerImpl (RaftServerImpl.java:setRole(171)) - ede846b1-3099-4238-9ace-b91529b83e53:group-CE90875CDD2A changes role from FOLLOWER to FOLLOWER at term 4 for recognizeCandidate:b74b8129-5db4-4482-95bd-28d5db4a01ca
2019-08-31 21:38:05,575 [grpc-default-executor-0] INFO  impl.RoleInfo (RoleInfo.java:shutdownFollowerState(121)) - ede846b1-3099-4238-9ace-b91529b83e53: shutdown FollowerState
2019-08-31 21:38:05,575 [Thread-378] INFO  impl.FollowerState (FollowerState.java:run(114)) - ede846b1-3099-4238-9ace-b91529b83e53: FollowerState was interrupted: java.lang.InterruptedException: sleep interrupted
2019-08-31 21:38:05,575 [grpc-default-executor-0] INFO  impl.RoleInfo (RoleInfo.java:updateAndGet(143)) - ede846b1-3099-4238-9ace-b91529b83e53: start FollowerState
2019-08-31 21:38:05,583 [7a4766de-48bc-4159-ac88-ca5125803eb5:group-CE90875CDD2A:LeaderElection10] INFO  impl.RoleInfo (RoleInfo.java:updateAndGet(143)) - 7a4766de-48bc-4159-ac88-ca5125803eb5: start LeaderState
2019-08-31 21:38:05,583 [7a4766de-48bc-4159-ac88-ca5125803eb5:group-CE90875CDD2A:LeaderElection10] INFO  segmented.SegmentedRaftLogWorker (SegmentedRaftLogWorker.java:startLogSegment(380)) - 7a4766de-48bc-4159-ac88-ca5125803eb5-SegmentedRaftLogWorker:Storage Directory /workdir/hadoop-ozone/integration-test/target/test-dir/MiniOzoneClusterImpl-022f92cc-93ce-4931-8937-3cc906d7f6b7/datanode-1/data/ratis/37d3d5f8-745c-4f44-9333-ce90875cdd2a: Starting segment from index:0
2019-08-31 21:38:05,584 [7a4766de-48bc-4159-ac88-ca5125803eb5:group-CE90875CDD2A:LeaderElection10] INFO  impl.RaftServerImpl (ServerState.java:setRaftConf(361)) - 7a4766de-48bc-4159-ac88-ca5125803eb5:group-CE90875CDD2A set configuration 0: [7a4766de-48bc-4159-ac88-ca5125803eb5:192.168.34.42:38403, ede846b1-3099-4238-9ace-b91529b83e53:192.168.34.42:42462, b74b8129-5db4-4482-95bd-28d5db4a01ca:192.168.34.42:43686], old=null at 0
2019-08-31 21:38:05,617 [grpc-default-executor-3] INFO  impl.RaftServerImpl (ServerState.java:setLeader(263)) - 7a4766de-48bc-4159-ac88-ca5125803eb5:group-CE90875CDD2A change Leader from 7a4766de-48bc-4159-ac88-ca5125803eb5 to null at term 4 for updateCurrentTerm
2019-08-31 21:38:05,618 [grpc-default-executor-3] INFO  impl.RaftServerImpl (RaftServerImpl.java:setRole(171)) - 7a4766de-48bc-4159-ac88-ca5125803eb5:group-CE90875CDD2A changes role from LEADER to FOLLOWER at term 4 for recognizeCandidate:b74b8129-5db4-4482-95bd-28d5db4a01ca
2019-08-31 21:38:05,618 [grpc-default-executor-3] INFO  impl.RoleInfo (RoleInfo.java:shutdownLeaderState(104)) - 7a4766de-48bc-4159-ac88-ca5125803eb5: shutdown LeaderState
2019-08-31 21:38:05,633 [7a4766de-48bc-4159-ac88-ca5125803eb5-SegmentedRaftLogWorker:Storage Directory /workdir/hadoop-ozone/integration-test/target/test-dir/MiniOzoneClusterImpl-022f92cc-93ce-4931-8937-3cc906d7f6b7/datanode-1/data/ratis/37d3d5f8-745c-4f44-9333-ce90875cdd2a] INFO  segmented.SegmentedRaftLogWorker (SegmentedRaftLogWorker.java:execute(569)) - 7a4766de-48bc-4159-ac88-ca5125803eb5-SegmentedRaftLogWorker:Storage Directory /workdir/hadoop-ozone/integration-test/target/test-dir/MiniOzoneClusterImpl-022f92cc-93ce-4931-8937-3cc906d7f6b7/datanode-1/data/ratis/37d3d5f8-745c-4f44-9333-ce90875cdd2a: created new log segment /workdir/hadoop-ozone/integration-test/target/test-dir/MiniOzoneClusterImpl-022f92cc-93ce-4931-8937-3cc906d7f6b7/datanode-1/data/ratis/37d3d5f8-745c-4f44-9333-ce90875cdd2a/current/log_inprogress_0
2019-08-31 21:38:05,633 [grpc-default-executor-3] INFO  impl.PendingRequests (PendingRequests.java:sendNotLeaderResponses(202)) - 7a4766de-48bc-4159-ac88-ca5125803eb5-PendingRequests: sendNotLeaderResponses
2019-08-31 21:38:05,635 [grpc-default-executor-3] INFO  impl.RoleInfo (RoleInfo.java:updateAndGet(143)) - 7a4766de-48bc-4159-ac88-ca5125803eb5: start FollowerState
2019-08-31 21:38:05,637 [org.apache.ratis.server.impl.LogAppender$AppenderDaemon$$Lambda$494/769900618@28535089] WARN  server.GrpcLogAppender (GrpcLogAppender.java:mayWait(143)) - GrpcLogAppender(7a4766de-48bc-4159-ac88-ca5125803eb5->b74b8129-5db4-4482-95bd-28d5db4a01ca): Wait interrupted by java.lang.InterruptedException
2019-08-31 21:38:05,646 [org.apache.ratis.server.impl.LogAppender$AppenderDaemon$$Lambda$494/769900618@46f5cea0] WARN  server.GrpcLogAppender (GrpcLogAppender.java:mayWait(143)) - GrpcLogAppender(7a4766de-48bc-4159-ac88-ca5125803eb5->ede846b1-3099-4238-9ace-b91529b83e53): Wait interrupted by java.lang.InterruptedException
2019-08-31 21:38:05,653 [grpc-default-executor-2] INFO  server.GrpcServerProtocolService (GrpcServerProtocolService.java:onCompleted(104)) - b74b8129-5db4-4482-95bd-28d5db4a01ca: appendEntries completed
2019-08-31 21:38:05,654 [grpc-default-executor-2] INFO  server.GrpcLogAppender (GrpcLogAppender.java:onCompleted(292)) - 7a4766de-48bc-4159-ac88-ca5125803eb5->b74b8129-5db4-4482-95bd-28d5db4a01ca: follower responses appendEntries COMPLETED
2019-08-31 21:38:05,653 [grpc-default-executor-3] INFO  server.GrpcServerProtocolService (GrpcServerProtocolService.java:onCompleted(104)) - ede846b1-3099-4238-9ace-b91529b83e53: appendEntries completed
2019-08-31 21:38:05,658 [grpc-default-executor-2] INFO  impl.FollowerInfo (FollowerInfo.java:lambda$new$0(50)) - 7a4766de-48bc-4159-ac88-ca5125803eb5->b74b8129-5db4-4482-95bd-28d5db4a01ca: nextIndex: updateUnconditionally 0 -> 0
2019-08-31 21:38:05,658 [grpc-default-executor-2] INFO  server.GrpcLogAppender (GrpcLogAppender.java:onCompleted(292)) - 7a4766de-48bc-4159-ac88-ca5125803eb5->ede846b1-3099-4238-9ace-b91529b83e53: follower responses appendEntries COMPLETED
2019-08-31 21:38:05,662 [grpc-default-executor-2] INFO  impl.FollowerInfo (FollowerInfo.java:lambda$new$0(50)) - 7a4766de-48bc-4159-ac88-ca5125803eb5->ede846b1-3099-4238-9ace-b91529b83e53: nextIndex: updateUnconditionally 0 -> 0
2019-08-31 21:38:06,027 | INFO  | SCMAudit | user=jenkins1000 | ip=192.168.34.42 | op=SEND_HEARTBEAT {datanodeUUID=b74b8129-5db4-4482-95bd-28d5db4a01ca, command=[]} | ret=SUCCESS |  
2019-08-31 21:38:06,119 | INFO  | SCMAudit | user=jenkins1000 | ip=192.168.34.42 | op=SEND_HEARTBEAT {datanodeUUID=7a4766de-48bc-4159-ac88-ca5125803eb5, command=[]} | ret=SUCCESS |  
2019-08-31 21:38:06,140 [Thread-198] INFO  ozone.MiniOzoneClusterImpl (MiniOzoneClusterImpl.java:lambda$waitForClusterToBeReady$0(140)) - Cluster is ready. Got 1 of 1 DN Heartbeats.
2019-08-31 21:38:06,140 [Thread-198] INFO  server.StorageContainerManager (StorageContainerManager.java:stop(797)) - Stopping Replication Manager Service.
2019-08-31 21:38:06,140 [Thread-198] INFO  container.ReplicationManager (ReplicationManager.java:stop(209)) - Replication Monitor Thread is not running.
2019-08-31 21:38:06,140 [Thread-198] INFO  server.StorageContainerManager (StorageContainerManager.java:stop(804)) - Stopping Lease Manager of the command watchers
2019-08-31 21:38:06,141 [Thread-198] INFO  server.StorageContainerManager (StorageContainerManager.java:stop(811)) - Stopping datanode service RPC server
2019-08-31 21:38:06,141 [Thread-198] INFO  server.SCMDatanodeProtocolServer (SCMDatanodeProtocolServer.java:stop(367)) - Stopping the RPC server for DataNodes
2019-08-31 21:38:06,141 [Thread-198] INFO  ipc.Server (Server.java:stop(3082)) - Stopping server on 33983
2019-08-31 21:38:06,150 [IPC Server Responder] INFO  ipc.Server (Server.java:run(1319)) - Stopping IPC Server Responder
2019-08-31 21:38:06,155 [IPC Server listener on 33983] INFO  ipc.Server (Server.java:run(1185)) - Stopping IPC Server listener on 33983
2019-08-31 21:38:06,221 | INFO  | SCMAudit | user=jenkins1000 | ip=192.168.34.42 | op=SEND_HEARTBEAT {datanodeUUID=ede846b1-3099-4238-9ace-b91529b83e53, command=[]} | ret=SUCCESS |  
2019-08-31 21:38:06,255 [SCM Heartbeat Processing Thread - 0] WARN  node.NodeStateManager (NodeStateManager.java:scheduleNextHealthCheck(646)) - Current Thread is interrupted, shutting down HB processing thread for Node Manager.
2019-08-31 21:38:06,255 [Thread-198] INFO  server.StorageContainerManager (StorageContainerManager.java:stop(819)) - Stopping block service RPC server
2019-08-31 21:38:06,256 [Thread-198] INFO  server.SCMBlockProtocolServer (SCMBlockProtocolServer.java:stop(155)) - Stopping the RPC server for Block Protocol
2019-08-31 21:38:06,256 [Thread-198] INFO  ipc.Server (Server.java:stop(3082)) - Stopping server on 44694
2019-08-31 21:38:06,259 [Thread-198] INFO  server.StorageContainerManager (StorageContainerManager.java:stop(826)) - Stopping the StorageContainerLocationProtocol RPC server
2019-08-31 21:38:06,259 [Thread-198] INFO  server.SCMClientProtocolServer (SCMClientProtocolServer.java:stop(159)) - Stopping the RPC server for Client Protocol
2019-08-31 21:38:06,260 [Thread-198] INFO  ipc.Server (Server.java:stop(3082)) - Stopping server on 42306
2019-08-31 21:38:06,260 [IPC Server Responder] INFO  ipc.Server (Server.java:run(1319)) - Stopping IPC Server Responder
2019-08-31 21:38:06,260 [IPC Server listener on 44694] INFO  ipc.Server (Server.java:run(1185)) - Stopping IPC Server listener on 44694
2019-08-31 21:38:06,266 [IPC Server Responder] INFO  ipc.Server (Server.java:run(1319)) - Stopping IPC Server Responder
2019-08-31 21:38:06,266 [IPC Server listener on 42306] INFO  ipc.Server (Server.java:run(1185)) - Stopping IPC Server listener on 42306
2019-08-31 21:38:06,266 [Thread-198] INFO  server.StorageContainerManager (StorageContainerManager.java:stop(833)) - Stopping Storage Container Manager HTTP server.
2019-08-31 21:38:06,272 [Thread-198] INFO  handler.ContextHandler (ContextHandler.java:doStop(910)) - Stopped o.e.j.w.WebAppContext@5480bdfe{/,null,UNAVAILABLE}{/scm}
2019-08-31 21:38:06,277 [Thread-198] INFO  server.AbstractConnector (AbstractConnector.java:doStop(318)) - Stopped ServerConnector@7699a01a{HTTP/1.1,[http/1.1]}{0.0.0.0:0}
2019-08-31 21:38:06,278 [Thread-198] INFO  handler.ContextHandler (ContextHandler.java:doStop(910)) - Stopped o.e.j.s.ServletContextHandler@351d920f{/static,file:///workdir/hadoop-ozone/integration-test/target/test-classes/webapps/static,UNAVAILABLE}
2019-08-31 21:38:06,278 [Thread-198] INFO  handler.ContextHandler (ContextHandler.java:doStop(910)) - Stopped o.e.j.s.ServletContextHandler@7e3a35ad{/logs,file:///workdir/hadoop-ozone/integration-test/target/log,UNAVAILABLE}
2019-08-31 21:38:06,286 [Thread-198] INFO  server.StorageContainerManager (StorageContainerManager.java:stop(844)) - Stopping Block Manager Service.
2019-08-31 21:38:06,286 [Thread-198] INFO  utils.BackgroundService (BackgroundService.java:shutdown(148)) - Shutting down service SCMBlockDeletingService
2019-08-31 21:38:06,287 [Thread-198] INFO  utils.BackgroundService (BackgroundService.java:shutdown(148)) - Shutting down service SCMBlockDeletingService
2019-08-31 21:38:06,288 [Thread-198] INFO  server.StorageContainerManager (StorageContainerManager.java:stop(866)) - Stopping SCM Event Queue.
2019-08-31 21:38:06,300 [Thread-198] INFO  impl.MetricsSystemImpl (MetricsSystemImpl.java:stop(210)) - Stopping HddsDatanode metrics system...
2019-08-31 21:38:06,339 [prometheus] INFO  impl.MetricsSinkAdapter (MetricsSinkAdapter.java:publishMetricsFromQueue(141)) - prometheus thread interrupted.
2019-08-31 21:38:06,339 [Thread-198] INFO  impl.MetricsSystemImpl (MetricsSystemImpl.java:stop(216)) - HddsDatanode metrics system stopped.
2019-08-31 21:38:07,029 | INFO  | SCMAudit | user=jenkins1000 | ip=192.168.34.42 | op=SEND_HEARTBEAT {datanodeUUID=b74b8129-5db4-4482-95bd-28d5db4a01ca, command=[]} | ret=SUCCESS |  
2019-08-31 21:38:07,120 | INFO  | SCMAudit | user=jenkins1000 | ip=192.168.34.42 | op=SEND_HEARTBEAT {datanodeUUID=7a4766de-48bc-4159-ac88-ca5125803eb5, command=[]} | ret=SUCCESS |  
2019-08-31 21:38:07,138 [Datanode State Machine Thread - 0] INFO  statemachine.DatanodeStateMachine (DatanodeStateMachine.java:lambda$startDaemon$0(350)) - Ozone container server started.
2019-08-31 21:38:07,221 | INFO  | SCMAudit | user=jenkins1000 | ip=192.168.34.42 | op=SEND_HEARTBEAT {datanodeUUID=ede846b1-3099-4238-9ace-b91529b83e53, command=[]} | ret=SUCCESS |  
2019-08-31 21:38:08,028 | INFO  | SCMAudit | user=jenkins1000 | ip=192.168.34.42 | op=SEND_HEARTBEAT {datanodeUUID=b74b8129-5db4-4482-95bd-28d5db4a01ca, command=[]} | ret=SUCCESS |  
2019-08-31 21:38:08,120 | INFO  | SCMAudit | user=jenkins1000 | ip=192.168.34.42 | op=SEND_HEARTBEAT {datanodeUUID=7a4766de-48bc-4159-ac88-ca5125803eb5, command=[]} | ret=SUCCESS |  
2019-08-31 21:38:08,240 [Thread-370] INFO  container.ReplicationManager (ReplicationManager.java:start(162)) - Starting Replication Monitor Thread.
2019-08-31 21:38:08,240 | INFO  | SCMAudit | user=jenkins1000 | ip=192.168.34.42 | op=SEND_HEARTBEAT {datanodeUUID=ede846b1-3099-4238-9ace-b91529b83e53, command=[]} | ret=SUCCESS |  
2019-08-31 21:38:08,241 [ReplicationMonitor] INFO  container.ReplicationManager (ReplicationManager.java:run(225)) - Replication Monitor Thread took 0 milliseconds for processing 0 containers.
2019-08-31 21:38:09,028 | INFO  | SCMAudit | user=jenkins1000 | ip=192.168.34.42 | op=SEND_HEARTBEAT {datanodeUUID=b74b8129-5db4-4482-95bd-28d5db4a01ca, command=[]} | ret=SUCCESS |  
2019-08-31 21:38:09,120 | INFO  | SCMAudit | user=jenkins1000 | ip=192.168.34.42 | op=SEND_HEARTBEAT {datanodeUUID=7a4766de-48bc-4159-ac88-ca5125803eb5, command=[]} | ret=SUCCESS |  
2019-08-31 21:38:09,221 | INFO  | SCMAudit | user=jenkins1000 | ip=192.168.34.42 | op=SEND_HEARTBEAT {datanodeUUID=ede846b1-3099-4238-9ace-b91529b83e53, command=[]} | ret=SUCCESS |  
2019-08-31 21:38:10,028 | INFO  | SCMAudit | user=jenkins1000 | ip=192.168.34.42 | op=SEND_HEARTBEAT {datanodeUUID=b74b8129-5db4-4482-95bd-28d5db4a01ca, command=[]} | ret=SUCCESS |  
2019-08-31 21:38:10,120 | INFO  | SCMAudit | user=jenkins1000 | ip=192.168.34.42 | op=SEND_HEARTBEAT {datanodeUUID=7a4766de-48bc-4159-ac88-ca5125803eb5, command=[]} | ret=SUCCESS |  
2019-08-31 21:38:10,221 | INFO  | SCMAudit | user=jenkins1000 | ip=192.168.34.42 | op=SEND_HEARTBEAT {datanodeUUID=ede846b1-3099-4238-9ace-b91529b83e53, command=[]} | ret=SUCCESS |  
2019-08-31 21:38:10,423 [Thread-372] INFO  impl.FollowerState (FollowerState.java:run(106)) - 661c3bfc-5060-42c9-aa85-c31187e5ecbd:group-1A2A47AEFF27 changes to CANDIDATE, lastRpcTime:5118, electionTimeout:5118ms
2019-08-31 21:38:10,423 [Thread-372] INFO  impl.RoleInfo (RoleInfo.java:shutdownFollowerState(121)) - 661c3bfc-5060-42c9-aa85-c31187e5ecbd: shutdown FollowerState
2019-08-31 21:38:10,423 [Thread-372] INFO  impl.RaftServerImpl (RaftServerImpl.java:setRole(171)) - 661c3bfc-5060-42c9-aa85-c31187e5ecbd:group-1A2A47AEFF27 changes role from FOLLOWER to CANDIDATE at term 0 for changeToCandidate
2019-08-31 21:38:10,423 [Thread-372] INFO  impl.RoleInfo (RoleInfo.java:updateAndGet(143)) - 661c3bfc-5060-42c9-aa85-c31187e5ecbd: start LeaderElection
2019-08-31 21:38:10,463 [661c3bfc-5060-42c9-aa85-c31187e5ecbd:group-1A2A47AEFF27:LeaderElection12] INFO  impl.LeaderElection (LeaderElection.java:askForVotes(181)) - 661c3bfc-5060-42c9-aa85-c31187e5ecbd:group-1A2A47AEFF27:LeaderElection12: begin an election at term 1 for -1: [661c3bfc-5060-42c9-aa85-c31187e5ecbd:192.168.34.42:41102], old=null
2019-08-31 21:38:10,463 [661c3bfc-5060-42c9-aa85-c31187e5ecbd:group-1A2A47AEFF27:LeaderElection12] INFO  impl.RoleInfo (RoleInfo.java:shutdownLeaderElection(134)) - 661c3bfc-5060-42c9-aa85-c31187e5ecbd: shutdown LeaderElection
2019-08-31 21:38:10,463 [661c3bfc-5060-42c9-aa85-c31187e5ecbd:group-1A2A47AEFF27:LeaderElection12] INFO  impl.RaftServerImpl (RaftServerImpl.java:setRole(171)) - 661c3bfc-5060-42c9-aa85-c31187e5ecbd:group-1A2A47AEFF27 changes role from CANDIDATE to LEADER at term 1 for changeToLeader
2019-08-31 21:38:10,463 [661c3bfc-5060-42c9-aa85-c31187e5ecbd:group-1A2A47AEFF27:LeaderElection12] INFO  impl.RaftServerImpl (ServerState.java:setLeader(263)) - 661c3bfc-5060-42c9-aa85-c31187e5ecbd:group-1A2A47AEFF27 change Leader from null to 661c3bfc-5060-42c9-aa85-c31187e5ecbd at term 1 for becomeLeader, leader elected after 5164ms
2019-08-31 21:38:10,465 [661c3bfc-5060-42c9-aa85-c31187e5ecbd:group-1A2A47AEFF27:LeaderElection12] INFO  server.RaftServerConfigKeys (ConfUtils.java:logGet(43)) - raft.server.staging.catchup.gap = 1000 (default)
2019-08-31 21:38:10,466 [661c3bfc-5060-42c9-aa85-c31187e5ecbd:group-1A2A47AEFF27:LeaderElection12] INFO  server.RaftServerConfigKeys (ConfUtils.java:logGet(43)) - raft.server.rpc.sleep.time = 25ms (default)
2019-08-31 21:38:10,466 [661c3bfc-5060-42c9-aa85-c31187e5ecbd:group-1A2A47AEFF27:LeaderElection12] INFO  server.RaftServerConfigKeys (ConfUtils.java:logGet(43)) - raft.server.write.element-limit = 4096 (default)
2019-08-31 21:38:10,466 [661c3bfc-5060-42c9-aa85-c31187e5ecbd:group-1A2A47AEFF27:LeaderElection12] INFO  server.RaftServerConfigKeys (ConfUtils.java:logGet(43)) - raft.server.watch.timeout = 10s (default)
2019-08-31 21:38:10,466 [661c3bfc-5060-42c9-aa85-c31187e5ecbd:group-1A2A47AEFF27:LeaderElection12] INFO  server.RaftServerConfigKeys (ConfUtils.java:logGet(43)) - raft.server.watch.timeout.denomination = 1s (default)
2019-08-31 21:38:10,466 [661c3bfc-5060-42c9-aa85-c31187e5ecbd:group-1A2A47AEFF27:LeaderElection12] INFO  server.RaftServerConfigKeys (ConfUtils.java:logGet(43)) - raft.server.watch.element-limit = 65536 (default)
2019-08-31 21:38:10,467 [661c3bfc-5060-42c9-aa85-c31187e5ecbd:group-1A2A47AEFF27:LeaderElection12] INFO  impl.RoleInfo (RoleInfo.java:updateAndGet(143)) - 661c3bfc-5060-42c9-aa85-c31187e5ecbd: start LeaderState
2019-08-31 21:38:10,467 [661c3bfc-5060-42c9-aa85-c31187e5ecbd:group-1A2A47AEFF27:LeaderElection12] INFO  segmented.SegmentedRaftLogWorker (SegmentedRaftLogWorker.java:startLogSegment(380)) - 661c3bfc-5060-42c9-aa85-c31187e5ecbd-SegmentedRaftLogWorker:Storage Directory /workdir/hadoop-ozone/integration-test/target/test-dir/MiniOzoneClusterImpl-ff0e0fa1-3375-4789-9bb8-b33a04e06bb2/datanode-0/data/ratis/ba5999a7-2cf7-4e68-beb9-1a2a47aeff27: Starting segment from index:0
2019-08-31 21:38:10,468 [661c3bfc-5060-42c9-aa85-c31187e5ecbd:group-1A2A47AEFF27:LeaderElection12] INFO  impl.RaftServerImpl (ServerState.java:setRaftConf(361)) - 661c3bfc-5060-42c9-aa85-c31187e5ecbd:group-1A2A47AEFF27 set configuration 0: [661c3bfc-5060-42c9-aa85-c31187e5ecbd:192.168.34.42:41102], old=null at 0
2019-08-31 21:38:10,516 [661c3bfc-5060-42c9-aa85-c31187e5ecbd-SegmentedRaftLogWorker:Storage Directory /workdir/hadoop-ozone/integration-test/target/test-dir/MiniOzoneClusterImpl-ff0e0fa1-3375-4789-9bb8-b33a04e06bb2/datanode-0/data/ratis/ba5999a7-2cf7-4e68-beb9-1a2a47aeff27] INFO  segmented.SegmentedRaftLogWorker (SegmentedRaftLogWorker.java:execute(569)) - 661c3bfc-5060-42c9-aa85-c31187e5ecbd-SegmentedRaftLogWorker:Storage Directory /workdir/hadoop-ozone/integration-test/target/test-dir/MiniOzoneClusterImpl-ff0e0fa1-3375-4789-9bb8-b33a04e06bb2/datanode-0/data/ratis/ba5999a7-2cf7-4e68-beb9-1a2a47aeff27: created new log segment /workdir/hadoop-ozone/integration-test/target/test-dir/MiniOzoneClusterImpl-ff0e0fa1-3375-4789-9bb8-b33a04e06bb2/datanode-0/data/ratis/ba5999a7-2cf7-4e68-beb9-1a2a47aeff27/current/log_inprogress_0
2019-08-31 21:38:10,660 [Thread-386] INFO  impl.FollowerState (FollowerState.java:run(106)) - 7a4766de-48bc-4159-ac88-ca5125803eb5:group-CE90875CDD2A changes to CANDIDATE, lastRpcTime:5024, electionTimeout:5024ms
2019-08-31 21:38:10,660 [Thread-386] INFO  impl.RoleInfo (RoleInfo.java:shutdownFollowerState(121)) - 7a4766de-48bc-4159-ac88-ca5125803eb5: shutdown FollowerState
2019-08-31 21:38:10,660 [Thread-386] INFO  impl.RaftServerImpl (RaftServerImpl.java:setRole(171)) - 7a4766de-48bc-4159-ac88-ca5125803eb5:group-CE90875CDD2A changes role from FOLLOWER to CANDIDATE at term 4 for changeToCandidate
2019-08-31 21:38:10,660 [Thread-386] INFO  impl.RoleInfo (RoleInfo.java:updateAndGet(143)) - 7a4766de-48bc-4159-ac88-ca5125803eb5: start LeaderElection
2019-08-31 21:38:10,674 [Thread-379] INFO  impl.FollowerState (FollowerState.java:run(106)) - b74b8129-5db4-4482-95bd-28d5db4a01ca:group-CE90875CDD2A changes to CANDIDATE, lastRpcTime:5147, electionTimeout:5147ms
2019-08-31 21:38:10,676 [Thread-379] INFO  impl.RoleInfo (RoleInfo.java:shutdownFollowerState(121)) - b74b8129-5db4-4482-95bd-28d5db4a01ca: shutdown FollowerState
2019-08-31 21:38:10,676 [Thread-379] INFO  impl.RaftServerImpl (RaftServerImpl.java:setRole(171)) - b74b8129-5db4-4482-95bd-28d5db4a01ca:group-CE90875CDD2A changes role from FOLLOWER to CANDIDATE at term 4 for changeToCandidate
2019-08-31 21:38:10,677 [Thread-379] INFO  impl.RoleInfo (RoleInfo.java:updateAndGet(143)) - b74b8129-5db4-4482-95bd-28d5db4a01ca: start LeaderElection
2019-08-31 21:38:10,677 [7a4766de-48bc-4159-ac88-ca5125803eb5:group-CE90875CDD2A:LeaderElection13] INFO  impl.LeaderElection (LeaderElection.java:askForVotes(181)) - 7a4766de-48bc-4159-ac88-ca5125803eb5:group-CE90875CDD2A:LeaderElection13: begin an election at term 5 for 0: [7a4766de-48bc-4159-ac88-ca5125803eb5:192.168.34.42:38403, ede846b1-3099-4238-9ace-b91529b83e53:192.168.34.42:42462, b74b8129-5db4-4482-95bd-28d5db4a01ca:192.168.34.42:43686], old=null
2019-08-31 21:38:10,692 [b74b8129-5db4-4482-95bd-28d5db4a01ca:group-CE90875CDD2A:LeaderElection14] INFO  impl.LeaderElection (LeaderElection.java:askForVotes(181)) - b74b8129-5db4-4482-95bd-28d5db4a01ca:group-CE90875CDD2A:LeaderElection14: begin an election at term 5 for -1: [7a4766de-48bc-4159-ac88-ca5125803eb5:192.168.34.42:38403, ede846b1-3099-4238-9ace-b91529b83e53:192.168.34.42:42462, b74b8129-5db4-4482-95bd-28d5db4a01ca:192.168.34.42:43686], old=null
2019-08-31 21:38:10,695 [grpc-default-executor-2] INFO  impl.RaftServerImpl (RaftServerImpl.java:setRole(171)) - ede846b1-3099-4238-9ace-b91529b83e53:group-CE90875CDD2A changes role from FOLLOWER to FOLLOWER at term 5 for recognizeCandidate:7a4766de-48bc-4159-ac88-ca5125803eb5
2019-08-31 21:38:10,695 [grpc-default-executor-2] INFO  impl.RoleInfo (RoleInfo.java:shutdownFollowerState(121)) - ede846b1-3099-4238-9ace-b91529b83e53: shutdown FollowerState
2019-08-31 21:38:10,695 [Thread-385] INFO  impl.FollowerState (FollowerState.java:run(114)) - ede846b1-3099-4238-9ace-b91529b83e53: FollowerState was interrupted: java.lang.InterruptedException: sleep interrupted
2019-08-31 21:38:10,695 [grpc-default-executor-2] INFO  impl.RoleInfo (RoleInfo.java:updateAndGet(143)) - ede846b1-3099-4238-9ace-b91529b83e53: start FollowerState
2019-08-31 21:38:10,715 [7a4766de-48bc-4159-ac88-ca5125803eb5:group-CE90875CDD2A:LeaderElection13] INFO  impl.LeaderElection (LeaderElection.java:logAndReturn(56)) - 7a4766de-48bc-4159-ac88-ca5125803eb5:group-CE90875CDD2A:LeaderElection13: Election PASSED; received 2 response(s) [7a4766de-48bc-4159-ac88-ca5125803eb5<-ede846b1-3099-4238-9ace-b91529b83e53#0:OK-t5, 7a4766de-48bc-4159-ac88-ca5125803eb5<-b74b8129-5db4-4482-95bd-28d5db4a01ca#0:FAIL-t5] and 0 exception(s); 7a4766de-48bc-4159-ac88-ca5125803eb5:t5, leader=null, voted=7a4766de-48bc-4159-ac88-ca5125803eb5, raftlog=7a4766de-48bc-4159-ac88-ca5125803eb5-SegmentedRaftLog:OPENED:c-1,f0,i0, conf=0: [7a4766de-48bc-4159-ac88-ca5125803eb5:192.168.34.42:38403, ede846b1-3099-4238-9ace-b91529b83e53:192.168.34.42:42462, b74b8129-5db4-4482-95bd-28d5db4a01ca:192.168.34.42:43686], old=null
2019-08-31 21:38:10,715 [7a4766de-48bc-4159-ac88-ca5125803eb5:group-CE90875CDD2A:LeaderElection13] INFO  impl.RoleInfo (RoleInfo.java:shutdownLeaderElection(134)) - 7a4766de-48bc-4159-ac88-ca5125803eb5: shutdown LeaderElection
2019-08-31 21:38:10,716 [7a4766de-48bc-4159-ac88-ca5125803eb5:group-CE90875CDD2A:LeaderElection13] INFO  impl.RaftServerImpl (RaftServerImpl.java:setRole(171)) - 7a4766de-48bc-4159-ac88-ca5125803eb5:group-CE90875CDD2A changes role from CANDIDATE to LEADER at term 5 for changeToLeader
2019-08-31 21:38:10,716 [7a4766de-48bc-4159-ac88-ca5125803eb5:group-CE90875CDD2A:LeaderElection13] INFO  impl.RaftServerImpl (ServerState.java:setLeader(263)) - 7a4766de-48bc-4159-ac88-ca5125803eb5:group-CE90875CDD2A change Leader from null to 7a4766de-48bc-4159-ac88-ca5125803eb5 at term 5 for becomeLeader, leader elected after 5099ms
2019-08-31 21:38:10,717 [7a4766de-48bc-4159-ac88-ca5125803eb5:group-CE90875CDD2A:LeaderElection13] INFO  server.RaftServerConfigKeys (ConfUtils.java:logGet(43)) - raft.server.staging.catchup.gap = 1000 (default)
2019-08-31 21:38:10,717 [7a4766de-48bc-4159-ac88-ca5125803eb5:group-CE90875CDD2A:LeaderElection13] INFO  server.RaftServerConfigKeys (ConfUtils.java:logGet(43)) - raft.server.rpc.sleep.time = 25ms (default)
2019-08-31 21:38:10,717 [7a4766de-48bc-4159-ac88-ca5125803eb5:group-CE90875CDD2A:LeaderElection13] INFO  server.RaftServerConfigKeys (ConfUtils.java:logGet(43)) - raft.server.write.element-limit = 4096 (default)
2019-08-31 21:38:10,717 [7a4766de-48bc-4159-ac88-ca5125803eb5:group-CE90875CDD2A:LeaderElection13] INFO  server.RaftServerConfigKeys (ConfUtils.java:logGet(43)) - raft.server.watch.timeout = 10s (default)
2019-08-31 21:38:10,717 [b74b8129-5db4-4482-95bd-28d5db4a01ca:group-CE90875CDD2A:LeaderElection14] INFO  impl.LeaderElection (LeaderElection.java:logAndReturn(56)) - b74b8129-5db4-4482-95bd-28d5db4a01ca:group-CE90875CDD2A:LeaderElection14: Election REJECTED; received 2 response(s) [b74b8129-5db4-4482-95bd-28d5db4a01ca<-7a4766de-48bc-4159-ac88-ca5125803eb5#0:FAIL-t5, b74b8129-5db4-4482-95bd-28d5db4a01ca<-ede846b1-3099-4238-9ace-b91529b83e53#0:FAIL-t5] and 0 exception(s); b74b8129-5db4-4482-95bd-28d5db4a01ca:t5, leader=null, voted=b74b8129-5db4-4482-95bd-28d5db4a01ca, raftlog=b74b8129-5db4-4482-95bd-28d5db4a01ca-SegmentedRaftLog:OPENED:c-1,f-1,i0, conf=-1: [7a4766de-48bc-4159-ac88-ca5125803eb5:192.168.34.42:38403, ede846b1-3099-4238-9ace-b91529b83e53:192.168.34.42:42462, b74b8129-5db4-4482-95bd-28d5db4a01ca:192.168.34.42:43686], old=null
2019-08-31 21:38:10,718 [7a4766de-48bc-4159-ac88-ca5125803eb5:group-CE90875CDD2A:LeaderElection13] INFO  server.RaftServerConfigKeys (ConfUtils.java:logGet(43)) - raft.server.watch.timeout.denomination = 1s (default)
2019-08-31 21:38:10,718 [b74b8129-5db4-4482-95bd-28d5db4a01ca:group-CE90875CDD2A:LeaderElection14] INFO  impl.RaftServerImpl (RaftServerImpl.java:setRole(171)) - b74b8129-5db4-4482-95bd-28d5db4a01ca:group-CE90875CDD2A changes role from CANDIDATE to FOLLOWER at term 5 for DISCOVERED_A_NEW_TERM
2019-08-31 21:38:10,720 [b74b8129-5db4-4482-95bd-28d5db4a01ca:group-CE90875CDD2A:LeaderElection14] INFO  impl.RoleInfo (RoleInfo.java:shutdownLeaderElection(134)) - b74b8129-5db4-4482-95bd-28d5db4a01ca: shutdown LeaderElection
2019-08-31 21:38:10,719 [7a4766de-48bc-4159-ac88-ca5125803eb5:group-CE90875CDD2A:LeaderElection13] INFO  server.RaftServerConfigKeys (ConfUtils.java:logGet(43)) - raft.server.watch.element-limit = 65536 (default)
2019-08-31 21:38:10,720 [b74b8129-5db4-4482-95bd-28d5db4a01ca:group-CE90875CDD2A:LeaderElection14] INFO  impl.RoleInfo (RoleInfo.java:updateAndGet(143)) - b74b8129-5db4-4482-95bd-28d5db4a01ca: start FollowerState
2019-08-31 21:38:10,721 [7a4766de-48bc-4159-ac88-ca5125803eb5:group-CE90875CDD2A:LeaderElection13] INFO  server.RaftServerConfigKeys (ConfUtils.java:logGet(43)) - raft.server.log.appender.snapshot.chunk.size.max = 16MB (=16777216) (default)
2019-08-31 21:38:10,722 [7a4766de-48bc-4159-ac88-ca5125803eb5:group-CE90875CDD2A:LeaderElection13] INFO  server.RaftServerConfigKeys (ConfUtils.java:logGet(43)) - raft.server.log.appender.buffer.byte-limit = 33554432 (custom)
2019-08-31 21:38:10,722 [7a4766de-48bc-4159-ac88-ca5125803eb5:group-CE90875CDD2A:LeaderElection13] INFO  server.RaftServerConfigKeys (ConfUtils.java:logGet(43)) - raft.server.log.appender.buffer.element-limit = 1 (custom)
2019-08-31 21:38:10,723 [7a4766de-48bc-4159-ac88-ca5125803eb5:group-CE90875CDD2A:LeaderElection13] INFO  grpc.GrpcConfigKeys$Server (ConfUtils.java:logGet(43)) - raft.grpc.server.leader.outstanding.appends.max = 128 (default)
2019-08-31 21:38:10,723 [7a4766de-48bc-4159-ac88-ca5125803eb5:group-CE90875CDD2A:LeaderElection13] INFO  server.RaftServerConfigKeys (ConfUtils.java:logGet(43)) - raft.server.rpc.request.timeout = 3000ms (default)
2019-08-31 21:38:10,723 [7a4766de-48bc-4159-ac88-ca5125803eb5:group-CE90875CDD2A:LeaderElection13] INFO  server.RaftServerConfigKeys (ConfUtils.java:logGet(43)) - raft.server.log.appender.install.snapshot.enabled = false (custom)
2019-08-31 21:38:10,723 [7a4766de-48bc-4159-ac88-ca5125803eb5:group-CE90875CDD2A:LeaderElection13] INFO  server.RaftServerConfigKeys (ConfUtils.java:logGet(43)) - raft.server.log.appender.snapshot.chunk.size.max = 16MB (=16777216) (default)
2019-08-31 21:38:10,723 [7a4766de-48bc-4159-ac88-ca5125803eb5:group-CE90875CDD2A:LeaderElection13] INFO  server.RaftServerConfigKeys (ConfUtils.java:logGet(43)) - raft.server.log.appender.buffer.byte-limit = 33554432 (custom)
2019-08-31 21:38:10,724 [7a4766de-48bc-4159-ac88-ca5125803eb5:group-CE90875CDD2A:LeaderElection13] INFO  server.RaftServerConfigKeys (ConfUtils.java:logGet(43)) - raft.server.log.appender.buffer.element-limit = 1 (custom)
2019-08-31 21:38:10,724 [7a4766de-48bc-4159-ac88-ca5125803eb5:group-CE90875CDD2A:LeaderElection13] INFO  grpc.GrpcConfigKeys$Server (ConfUtils.java:logGet(43)) - raft.grpc.server.leader.outstanding.appends.max = 128 (default)
2019-08-31 21:38:10,724 [7a4766de-48bc-4159-ac88-ca5125803eb5:group-CE90875CDD2A:LeaderElection13] INFO  server.RaftServerConfigKeys (ConfUtils.java:logGet(43)) - raft.server.rpc.request.timeout = 3000ms (default)
2019-08-31 21:38:10,724 [7a4766de-48bc-4159-ac88-ca5125803eb5:group-CE90875CDD2A:LeaderElection13] INFO  server.RaftServerConfigKeys (ConfUtils.java:logGet(43)) - raft.server.log.appender.install.snapshot.enabled = false (custom)
2019-08-31 21:38:10,725 [7a4766de-48bc-4159-ac88-ca5125803eb5:group-CE90875CDD2A:LeaderElection13] INFO  impl.RoleInfo (RoleInfo.java:updateAndGet(143)) - 7a4766de-48bc-4159-ac88-ca5125803eb5: start LeaderState
2019-08-31 21:38:10,726 [7a4766de-48bc-4159-ac88-ca5125803eb5:group-CE90875CDD2A:LeaderElection13] INFO  segmented.SegmentedRaftLogWorker (SegmentedRaftLogWorker.java:rollLogSegment(385)) - 7a4766de-48bc-4159-ac88-ca5125803eb5-SegmentedRaftLogWorker:Storage Directory /workdir/hadoop-ozone/integration-test/target/test-dir/MiniOzoneClusterImpl-022f92cc-93ce-4931-8937-3cc906d7f6b7/datanode-1/data/ratis/37d3d5f8-745c-4f44-9333-ce90875cdd2a: Rolling segment log-0_0 to index:0
2019-08-31 21:38:10,729 [7a4766de-48bc-4159-ac88-ca5125803eb5-SegmentedRaftLogWorker:Storage Directory /workdir/hadoop-ozone/integration-test/target/test-dir/MiniOzoneClusterImpl-022f92cc-93ce-4931-8937-3cc906d7f6b7/datanode-1/data/ratis/37d3d5f8-745c-4f44-9333-ce90875cdd2a] INFO  segmented.SegmentedRaftLogWorker (SegmentedRaftLogWorker.java:execute(526)) - 7a4766de-48bc-4159-ac88-ca5125803eb5-SegmentedRaftLogWorker:Storage Directory /workdir/hadoop-ozone/integration-test/target/test-dir/MiniOzoneClusterImpl-022f92cc-93ce-4931-8937-3cc906d7f6b7/datanode-1/data/ratis/37d3d5f8-745c-4f44-9333-ce90875cdd2a: Rolled log segment from /workdir/hadoop-ozone/integration-test/target/test-dir/MiniOzoneClusterImpl-022f92cc-93ce-4931-8937-3cc906d7f6b7/datanode-1/data/ratis/37d3d5f8-745c-4f44-9333-ce90875cdd2a/current/log_inprogress_0 to /workdir/hadoop-ozone/integration-test/target/test-dir/MiniOzoneClusterImpl-022f92cc-93ce-4931-8937-3cc906d7f6b7/datanode-1/data/ratis/37d3d5f8-745c-4f44-9333-ce90875cdd2a/current/log_0-0
2019-08-31 21:38:10,732 [7a4766de-48bc-4159-ac88-ca5125803eb5:group-CE90875CDD2A:LeaderElection13] INFO  impl.RaftServerImpl (ServerState.java:setRaftConf(361)) - 7a4766de-48bc-4159-ac88-ca5125803eb5:group-CE90875CDD2A set configuration 1: [7a4766de-48bc-4159-ac88-ca5125803eb5:192.168.34.42:38403, ede846b1-3099-4238-9ace-b91529b83e53:192.168.34.42:42462, b74b8129-5db4-4482-95bd-28d5db4a01ca:192.168.34.42:43686], old=null at 1
2019-08-31 21:38:10,766 [grpc-default-executor-2] INFO  impl.RaftServerImpl (ServerState.java:setLeader(263)) - ede846b1-3099-4238-9ace-b91529b83e53:group-CE90875CDD2A change Leader from null to 7a4766de-48bc-4159-ac88-ca5125803eb5 at term 5 for appendEntries, leader elected after 29739ms
2019-08-31 21:38:10,767 [grpc-default-executor-3] INFO  impl.RaftServerImpl (ServerState.java:setLeader(263)) - b74b8129-5db4-4482-95bd-28d5db4a01ca:group-CE90875CDD2A change Leader from null to 7a4766de-48bc-4159-ac88-ca5125803eb5 at term 5 for appendEntries, leader elected after 29740ms
2019-08-31 21:38:10,769 [grpc-default-executor-2] INFO  impl.RaftServerImpl (RaftServerImpl.java:checkInconsistentAppendEntries(999)) - ede846b1-3099-4238-9ace-b91529b83e53: Failed appendEntries as previous log entry ((t:3, i:0)) is not found
2019-08-31 21:38:10,769 [grpc-default-executor-3] INFO  impl.RaftServerImpl (RaftServerImpl.java:checkInconsistentAppendEntries(999)) - b74b8129-5db4-4482-95bd-28d5db4a01ca: Failed appendEntries as previous log entry ((t:3, i:0)) is not found
2019-08-31 21:38:10,772 [grpc-default-executor-2] INFO  impl.RaftServerImpl (RaftServerImpl.java:checkInconsistentAppendEntries(972)) - ede846b1-3099-4238-9ace-b91529b83e53: inconsistency entries. Reply:7a4766de-48bc-4159-ac88-ca5125803eb5<-ede846b1-3099-4238-9ace-b91529b83e53#0:FAIL,INCONSISTENCY,nextIndex:0,term:5,followerCommit:-1
2019-08-31 21:38:10,772 [grpc-default-executor-3] INFO  impl.RaftServerImpl (RaftServerImpl.java:checkInconsistentAppendEntries(972)) - b74b8129-5db4-4482-95bd-28d5db4a01ca: inconsistency entries. Reply:7a4766de-48bc-4159-ac88-ca5125803eb5<-b74b8129-5db4-4482-95bd-28d5db4a01ca#0:FAIL,INCONSISTENCY,nextIndex:0,term:5,followerCommit:-1
2019-08-31 21:38:10,772 [7a4766de-48bc-4159-ac88-ca5125803eb5-SegmentedRaftLogWorker:Storage Directory /workdir/hadoop-ozone/integration-test/target/test-dir/MiniOzoneClusterImpl-022f92cc-93ce-4931-8937-3cc906d7f6b7/datanode-1/data/ratis/37d3d5f8-745c-4f44-9333-ce90875cdd2a] INFO  segmented.SegmentedRaftLogWorker (SegmentedRaftLogWorker.java:execute(569)) - 7a4766de-48bc-4159-ac88-ca5125803eb5-SegmentedRaftLogWorker:Storage Directory /workdir/hadoop-ozone/integration-test/target/test-dir/MiniOzoneClusterImpl-022f92cc-93ce-4931-8937-3cc906d7f6b7/datanode-1/data/ratis/37d3d5f8-745c-4f44-9333-ce90875cdd2a: created new log segment /workdir/hadoop-ozone/integration-test/target/test-dir/MiniOzoneClusterImpl-022f92cc-93ce-4931-8937-3cc906d7f6b7/datanode-1/data/ratis/37d3d5f8-745c-4f44-9333-ce90875cdd2a/current/log_inprogress_1
2019-08-31 21:38:10,775 [grpc-default-executor-2] INFO  impl.FollowerInfo (FollowerInfo.java:lambda$new$0(50)) - 7a4766de-48bc-4159-ac88-ca5125803eb5->ede846b1-3099-4238-9ace-b91529b83e53: nextIndex: updateUnconditionally 1 -> 0
2019-08-31 21:38:10,776 [grpc-default-executor-3] INFO  impl.FollowerInfo (FollowerInfo.java:lambda$new$0(50)) - 7a4766de-48bc-4159-ac88-ca5125803eb5->b74b8129-5db4-4482-95bd-28d5db4a01ca: nextIndex: updateUnconditionally 1 -> 0
2019-08-31 21:38:10,789 [grpc-default-executor-3] INFO  impl.RaftServerImpl (ServerState.java:setRaftConf(361)) - b74b8129-5db4-4482-95bd-28d5db4a01ca:group-CE90875CDD2A set configuration 0: [7a4766de-48bc-4159-ac88-ca5125803eb5:192.168.34.42:38403, ede846b1-3099-4238-9ace-b91529b83e53:192.168.34.42:42462, b74b8129-5db4-4482-95bd-28d5db4a01ca:192.168.34.42:43686], old=null at 0
2019-08-31 21:38:10,789 [grpc-default-executor-2] INFO  impl.RaftServerImpl (ServerState.java:setRaftConf(361)) - ede846b1-3099-4238-9ace-b91529b83e53:group-CE90875CDD2A set configuration 0: [7a4766de-48bc-4159-ac88-ca5125803eb5:192.168.34.42:38403, ede846b1-3099-4238-9ace-b91529b83e53:192.168.34.42:42462, b74b8129-5db4-4482-95bd-28d5db4a01ca:192.168.34.42:43686], old=null at 0
2019-08-31 21:38:10,789 [grpc-default-executor-3] INFO  segmented.SegmentedRaftLogWorker (SegmentedRaftLogWorker.java:startLogSegment(380)) - b74b8129-5db4-4482-95bd-28d5db4a01ca-SegmentedRaftLogWorker:Storage Directory /workdir/hadoop-ozone/integration-test/target/test-dir/MiniOzoneClusterImpl-022f92cc-93ce-4931-8937-3cc906d7f6b7/datanode-0/data/ratis/37d3d5f8-745c-4f44-9333-ce90875cdd2a: Starting segment from index:0
2019-08-31 21:38:10,789 [grpc-default-executor-2] INFO  segmented.SegmentedRaftLogWorker (SegmentedRaftLogWorker.java:startLogSegment(380)) - ede846b1-3099-4238-9ace-b91529b83e53-SegmentedRaftLogWorker:Storage Directory /workdir/hadoop-ozone/integration-test/target/test-dir/MiniOzoneClusterImpl-022f92cc-93ce-4931-8937-3cc906d7f6b7/datanode-2/data/ratis/37d3d5f8-745c-4f44-9333-ce90875cdd2a: Starting segment from index:0
2019-08-31 21:38:10,838 [grpc-default-executor-2] INFO  impl.RaftServerImpl (ServerState.java:setRaftConf(361)) - b74b8129-5db4-4482-95bd-28d5db4a01ca:group-CE90875CDD2A set configuration 1: [7a4766de-48bc-4159-ac88-ca5125803eb5:192.168.34.42:38403, ede846b1-3099-4238-9ace-b91529b83e53:192.168.34.42:42462, b74b8129-5db4-4482-95bd-28d5db4a01ca:192.168.34.42:43686], old=null at 1
2019-08-31 21:38:10,838 [grpc-default-executor-3] INFO  impl.RaftServerImpl (ServerState.java:setRaftConf(361)) - ede846b1-3099-4238-9ace-b91529b83e53:group-CE90875CDD2A set configuration 1: [7a4766de-48bc-4159-ac88-ca5125803eb5:192.168.34.42:38403, ede846b1-3099-4238-9ace-b91529b83e53:192.168.34.42:42462, b74b8129-5db4-4482-95bd-28d5db4a01ca:192.168.34.42:43686], old=null at 1
2019-08-31 21:38:10,839 [grpc-default-executor-2] INFO  segmented.SegmentedRaftLogWorker (SegmentedRaftLogWorker.java:rollLogSegment(385)) - b74b8129-5db4-4482-95bd-28d5db4a01ca-SegmentedRaftLogWorker:Storage Directory /workdir/hadoop-ozone/integration-test/target/test-dir/MiniOzoneClusterImpl-022f92cc-93ce-4931-8937-3cc906d7f6b7/datanode-0/data/ratis/37d3d5f8-745c-4f44-9333-ce90875cdd2a: Rolling segment log-0_0 to index:0
2019-08-31 21:38:10,839 [grpc-default-executor-3] INFO  segmented.SegmentedRaftLogWorker (SegmentedRaftLogWorker.java:rollLogSegment(385)) - ede846b1-3099-4238-9ace-b91529b83e53-SegmentedRaftLogWorker:Storage Directory /workdir/hadoop-ozone/integration-test/target/test-dir/MiniOzoneClusterImpl-022f92cc-93ce-4931-8937-3cc906d7f6b7/datanode-2/data/ratis/37d3d5f8-745c-4f44-9333-ce90875cdd2a: Rolling segment log-0_0 to index:0
2019-08-31 21:38:10,845 [b74b8129-5db4-4482-95bd-28d5db4a01ca-SegmentedRaftLogWorker:Storage Directory /workdir/hadoop-ozone/integration-test/target/test-dir/MiniOzoneClusterImpl-022f92cc-93ce-4931-8937-3cc906d7f6b7/datanode-0/data/ratis/37d3d5f8-745c-4f44-9333-ce90875cdd2a] INFO  segmented.SegmentedRaftLogWorker (SegmentedRaftLogWorker.java:execute(569)) - b74b8129-5db4-4482-95bd-28d5db4a01ca-SegmentedRaftLogWorker:Storage Directory /workdir/hadoop-ozone/integration-test/target/test-dir/MiniOzoneClusterImpl-022f92cc-93ce-4931-8937-3cc906d7f6b7/datanode-0/data/ratis/37d3d5f8-745c-4f44-9333-ce90875cdd2a: created new log segment /workdir/hadoop-ozone/integration-test/target/test-dir/MiniOzoneClusterImpl-022f92cc-93ce-4931-8937-3cc906d7f6b7/datanode-0/data/ratis/37d3d5f8-745c-4f44-9333-ce90875cdd2a/current/log_inprogress_0
2019-08-31 21:38:10,845 [ede846b1-3099-4238-9ace-b91529b83e53-SegmentedRaftLogWorker:Storage Directory /workdir/hadoop-ozone/integration-test/target/test-dir/MiniOzoneClusterImpl-022f92cc-93ce-4931-8937-3cc906d7f6b7/datanode-2/data/ratis/37d3d5f8-745c-4f44-9333-ce90875cdd2a] INFO  segmented.SegmentedRaftLogWorker (SegmentedRaftLogWorker.java:execute(569)) - ede846b1-3099-4238-9ace-b91529b83e53-SegmentedRaftLogWorker:Storage Directory /workdir/hadoop-ozone/integration-test/target/test-dir/MiniOzoneClusterImpl-022f92cc-93ce-4931-8937-3cc906d7f6b7/datanode-2/data/ratis/37d3d5f8-745c-4f44-9333-ce90875cdd2a: created new log segment /workdir/hadoop-ozone/integration-test/target/test-dir/MiniOzoneClusterImpl-022f92cc-93ce-4931-8937-3cc906d7f6b7/datanode-2/data/ratis/37d3d5f8-745c-4f44-9333-ce90875cdd2a/current/log_inprogress_0
2019-08-31 21:38:10,884 [ede846b1-3099-4238-9ace-b91529b83e53-SegmentedRaftLogWorker:Storage Directory /workdir/hadoop-ozone/integration-test/target/test-dir/MiniOzoneClusterImpl-022f92cc-93ce-4931-8937-3cc906d7f6b7/datanode-2/data/ratis/37d3d5f8-745c-4f44-9333-ce90875cdd2a] INFO  segmented.SegmentedRaftLogWorker (SegmentedRaftLogWorker.java:execute(526)) - ede846b1-3099-4238-9ace-b91529b83e53-SegmentedRaftLogWorker:Storage Directory /workdir/hadoop-ozone/integration-test/target/test-dir/MiniOzoneClusterImpl-022f92cc-93ce-4931-8937-3cc906d7f6b7/datanode-2/data/ratis/37d3d5f8-745c-4f44-9333-ce90875cdd2a: Rolled log segment from /workdir/hadoop-ozone/integration-test/target/test-dir/MiniOzoneClusterImpl-022f92cc-93ce-4931-8937-3cc906d7f6b7/datanode-2/data/ratis/37d3d5f8-745c-4f44-9333-ce90875cdd2a/current/log_inprogress_0 to /workdir/hadoop-ozone/integration-test/target/test-dir/MiniOzoneClusterImpl-022f92cc-93ce-4931-8937-3cc906d7f6b7/datanode-2/data/ratis/37d3d5f8-745c-4f44-9333-ce90875cdd2a/current/log_0-0
2019-08-31 21:38:10,920 [ede846b1-3099-4238-9ace-b91529b83e53-SegmentedRaftLogWorker:Storage Directory /workdir/hadoop-ozone/integration-test/target/test-dir/MiniOzoneClusterImpl-022f92cc-93ce-4931-8937-3cc906d7f6b7/datanode-2/data/ratis/37d3d5f8-745c-4f44-9333-ce90875cdd2a] INFO  segmented.SegmentedRaftLogWorker (SegmentedRaftLogWorker.java:execute(569)) - ede846b1-3099-4238-9ace-b91529b83e53-SegmentedRaftLogWorker:Storage Directory /workdir/hadoop-ozone/integration-test/target/test-dir/MiniOzoneClusterImpl-022f92cc-93ce-4931-8937-3cc906d7f6b7/datanode-2/data/ratis/37d3d5f8-745c-4f44-9333-ce90875cdd2a: created new log segment /workdir/hadoop-ozone/integration-test/target/test-dir/MiniOzoneClusterImpl-022f92cc-93ce-4931-8937-3cc906d7f6b7/datanode-2/data/ratis/37d3d5f8-745c-4f44-9333-ce90875cdd2a/current/log_inprogress_1
2019-08-31 21:38:10,921 [b74b8129-5db4-4482-95bd-28d5db4a01ca-SegmentedRaftLogWorker:Storage Directory /workdir/hadoop-ozone/integration-test/target/test-dir/MiniOzoneClusterImpl-022f92cc-93ce-4931-8937-3cc906d7f6b7/datanode-0/data/ratis/37d3d5f8-745c-4f44-9333-ce90875cdd2a] INFO  segmented.SegmentedRaftLogWorker (SegmentedRaftLogWorker.java:execute(526)) - b74b8129-5db4-4482-95bd-28d5db4a01ca-SegmentedRaftLogWorker:Storage Directory /workdir/hadoop-ozone/integration-test/target/test-dir/MiniOzoneClusterImpl-022f92cc-93ce-4931-8937-3cc906d7f6b7/datanode-0/data/ratis/37d3d5f8-745c-4f44-9333-ce90875cdd2a: Rolled log segment from /workdir/hadoop-ozone/integration-test/target/test-dir/MiniOzoneClusterImpl-022f92cc-93ce-4931-8937-3cc906d7f6b7/datanode-0/data/ratis/37d3d5f8-745c-4f44-9333-ce90875cdd2a/current/log_inprogress_0 to /workdir/hadoop-ozone/integration-test/target/test-dir/MiniOzoneClusterImpl-022f92cc-93ce-4931-8937-3cc906d7f6b7/datanode-0/data/ratis/37d3d5f8-745c-4f44-9333-ce90875cdd2a/current/log_0-0
2019-08-31 21:38:10,953 [b74b8129-5db4-4482-95bd-28d5db4a01ca-SegmentedRaftLogWorker:Storage Directory /workdir/hadoop-ozone/integration-test/target/test-dir/MiniOzoneClusterImpl-022f92cc-93ce-4931-8937-3cc906d7f6b7/datanode-0/data/ratis/37d3d5f8-745c-4f44-9333-ce90875cdd2a] INFO  segmented.SegmentedRaftLogWorker (SegmentedRaftLogWorker.java:execute(569)) - b74b8129-5db4-4482-95bd-28d5db4a01ca-SegmentedRaftLogWorker:Storage Directory /workdir/hadoop-ozone/integration-test/target/test-dir/MiniOzoneClusterImpl-022f92cc-93ce-4931-8937-3cc906d7f6b7/datanode-0/data/ratis/37d3d5f8-745c-4f44-9333-ce90875cdd2a: created new log segment /workdir/hadoop-ozone/integration-test/target/test-dir/MiniOzoneClusterImpl-022f92cc-93ce-4931-8937-3cc906d7f6b7/datanode-0/data/ratis/37d3d5f8-745c-4f44-9333-ce90875cdd2a/current/log_inprogress_1
2019-08-31 21:38:11,028 | INFO  | SCMAudit | user=jenkins1000 | ip=192.168.34.42 | op=SEND_HEARTBEAT {datanodeUUID=b74b8129-5db4-4482-95bd-28d5db4a01ca, command=[]} | ret=SUCCESS |  
2019-08-31 21:38:11,120 | INFO  | SCMAudit | user=jenkins1000 | ip=192.168.34.42 | op=SEND_HEARTBEAT {datanodeUUID=7a4766de-48bc-4159-ac88-ca5125803eb5, command=[]} | ret=SUCCESS |  
2019-08-31 21:38:11,221 | INFO  | SCMAudit | user=jenkins1000 | ip=192.168.34.42 | op=SEND_HEARTBEAT {datanodeUUID=ede846b1-3099-4238-9ace-b91529b83e53, command=[]} | ret=SUCCESS |  
2019-08-31 21:38:11,342 [Thread-198] INFO  ozoneimpl.OzoneContainer (OzoneContainer.java:stop(215)) - Attempting to stop container services.
2019-08-31 21:38:11,344 [Thread-198] INFO  impl.RaftServerProxy (RaftServerProxy.java:lambda$close$4(314)) - 661c3bfc-5060-42c9-aa85-c31187e5ecbd: close
2019-08-31 21:38:11,345 [Thread-198] INFO  impl.RaftServerImpl (RaftServerImpl.java:lambda$shutdown$3(245)) - 661c3bfc-5060-42c9-aa85-c31187e5ecbd: shutdown group-1A2A47AEFF27
2019-08-31 21:38:11,346 [Thread-198] INFO  util.JmxRegister (JmxRegister.java:unregister(73)) - Successfully un-registered JMX Bean with object name Ratis:service=RaftServer,group=group-1A2A47AEFF27,id=661c3bfc-5060-42c9-aa85-c31187e5ecbd
2019-08-31 21:38:11,346 [Thread-198] INFO  impl.RoleInfo (RoleInfo.java:shutdownLeaderState(104)) - 661c3bfc-5060-42c9-aa85-c31187e5ecbd: shutdown LeaderState
2019-08-31 21:38:11,346 [Thread-198] INFO  impl.PendingRequests (PendingRequests.java:sendNotLeaderResponses(202)) - 661c3bfc-5060-42c9-aa85-c31187e5ecbd-PendingRequests: sendNotLeaderResponses
2019-08-31 21:38:11,347 [Thread-198] INFO  impl.StateMachineUpdater (StateMachineUpdater.java:stopAndJoin(115)) - StateMachineUpdater:661c3bfc-5060-42c9-aa85-c31187e5ecbd:group-1A2A47AEFF27: set stopIndex = 0
2019-08-31 21:38:11,348 [Thread-198] INFO  impl.RaftServerImpl (ServerState.java:close(394)) - 661c3bfc-5060-42c9-aa85-c31187e5ecbd:group-1A2A47AEFF27 closes. The last applied log index is 0
2019-08-31 21:38:11,349 [661c3bfc-5060-42c9-aa85-c31187e5ecbd-SegmentedRaftLogWorker:Storage Directory /workdir/hadoop-ozone/integration-test/target/test-dir/MiniOzoneClusterImpl-ff0e0fa1-3375-4789-9bb8-b33a04e06bb2/datanode-0/data/ratis/ba5999a7-2cf7-4e68-beb9-1a2a47aeff27] INFO  segmented.SegmentedRaftLogWorker (SegmentedRaftLogWorker.java:run(313)) - 661c3bfc-5060-42c9-aa85-c31187e5ecbd-SegmentedRaftLogWorker:Storage Directory /workdir/hadoop-ozone/integration-test/target/test-dir/MiniOzoneClusterImpl-ff0e0fa1-3375-4789-9bb8-b33a04e06bb2/datanode-0/data/ratis/ba5999a7-2cf7-4e68-beb9-1a2a47aeff27 was interrupted, exiting. There are 0 tasks remaining in the queue.
2019-08-31 21:38:11,351 [Thread-198] INFO  segmented.SegmentedRaftLogWorker (SegmentedRaftLogWorker.java:close(228)) - 661c3bfc-5060-42c9-aa85-c31187e5ecbd-SegmentedRaftLogWorker:Storage Directory /workdir/hadoop-ozone/integration-test/target/test-dir/MiniOzoneClusterImpl-ff0e0fa1-3375-4789-9bb8-b33a04e06bb2/datanode-0/data/ratis/ba5999a7-2cf7-4e68-beb9-1a2a47aeff27 close()
2019-08-31 21:38:11,353 [Thread-198] INFO  server.GrpcService (GrpcService.java:closeImpl(155)) - 661c3bfc-5060-42c9-aa85-c31187e5ecbd: shutdown server with port 41102 now
2019-08-31 21:38:11,355 [Thread-198] INFO  server.GrpcService (GrpcService.java:closeImpl(163)) - 661c3bfc-5060-42c9-aa85-c31187e5ecbd: shutdown server with port 41102 successfully
2019-08-31 21:38:11,357 [refreshUsed-/workdir/hadoop-ozone/integration-test/target/test-dir/MiniOzoneClusterImpl-ff0e0fa1-3375-4789-9bb8-b33a04e06bb2/datanode-0/data/containers] WARN  fs.CachingGetSpaceUsed (CachingGetSpaceUsed.java:run(183)) - Thread Interrupted waiting to refresh disk information: sleep interrupted
2019-08-31 21:38:11,376 [Thread-198] INFO  utils.BackgroundService (BackgroundService.java:shutdown(148)) - Shutting down service BlockDeletingService
2019-08-31 21:38:11,379 [Thread-198] INFO  statemachine.DatanodeStateMachine (DatanodeStateMachine.java:stopDaemon(395)) - Ozone container server stopped.
2019-08-31 21:38:11,406 [Thread-198] INFO  handler.ContextHandler (ContextHandler.java:doStop(910)) - Stopped o.e.j.w.WebAppContext@6fc5ca29{/,null,UNAVAILABLE}{/hddsDatanode}
2019-08-31 21:38:11,406 [Thread-198] INFO  server.AbstractConnector (AbstractConnector.java:doStop(318)) - Stopped ServerConnector@70a6da9d{HTTP/1.1,[http/1.1]}{0.0.0.0:0}
2019-08-31 21:38:11,407 [Thread-198] INFO  handler.ContextHandler (ContextHandler.java:doStop(910)) - Stopped o.e.j.s.ServletContextHandler@5fbf35cb{/static,jar:file:/home/user/.m2/repository/org/apache/hadoop/hadoop-hdds-container-service/0.5.0-SNAPSHOT/hadoop-hdds-container-service-0.5.0-SNAPSHOT.jar!/webapps/static,UNAVAILABLE}
2019-08-31 21:38:11,407 [Thread-198] INFO  handler.ContextHandler (ContextHandler.java:doStop(910)) - Stopped o.e.j.s.ServletContextHandler@5ee5a0fa{/logs,file:///workdir/hadoop-ozone/integration-test/target/log,UNAVAILABLE}
2019-08-31 21:38:11,411 [Thread-198] WARN  impl.MetricsConfig (MetricsConfig.java:loadFirst(134)) - Cannot locate configuration: tried hadoop-metrics2-hddsdatanode.properties,hadoop-metrics2.properties
2019-08-31 21:38:11,412 [Thread-198] INFO  impl.MetricsSystemImpl (MetricsSystemImpl.java:startTimer(374)) - Scheduled Metric snapshot period at 10 second(s).
2019-08-31 21:38:11,412 [Thread-198] INFO  impl.MetricsSystemImpl (MetricsSystemImpl.java:start(191)) - HddsDatanode metrics system started
2019-08-31 21:38:11,478 [Thread-198] WARN  impl.MetricsSystemImpl (MetricsSystemImpl.java:register(276)) - Sink prometheus already exists!
2019-08-31 21:38:11,530 [Thread-198] INFO  ozone.HddsDatanodeService (HddsDatanodeService.java:start(184)) - HddsDatanodeService host:pr-hdds-2060-5kx6h-1518693133 ip:192.168.34.42
2019-08-31 21:38:11,534 [Thread-198] INFO  volume.VolumeUsage (VolumeUsage.java:loadScmUsed(144)) - Cached ScmUsed found for /workdir/hadoop-ozone/integration-test/target/test-dir/MiniOzoneClusterImpl-ff0e0fa1-3375-4789-9bb8-b33a04e06bb2/datanode-0/data/containers : 4096 
2019-08-31 21:38:11,534 [Thread-198] INFO  volume.HddsVolume (HddsVolume.java:<init>(176)) - Creating Volume: /workdir/hadoop-ozone/integration-test/target/test-dir/MiniOzoneClusterImpl-ff0e0fa1-3375-4789-9bb8-b33a04e06bb2/datanode-0/data/containers/hdds of  storage type : DISK and capacity : 1482555576320
2019-08-31 21:38:11,535 [Thread-198] INFO  volume.VolumeSet (VolumeSet.java:initializeVolumeSet(170)) - Added Volume : /workdir/hadoop-ozone/integration-test/target/test-dir/MiniOzoneClusterImpl-ff0e0fa1-3375-4789-9bb8-b33a04e06bb2/datanode-0/data/containers/hdds to VolumeSet
2019-08-31 21:38:11,535 [Thread-198] INFO  volume.ThrottledAsyncChecker (ThrottledAsyncChecker.java:schedule(140)) - Scheduling a check for org.apache.hadoop.ozone.container.common.volume.HddsVolume@10e2ffd9
2019-08-31 21:38:11,535 [Thread-198] INFO  volume.HddsVolumeChecker (HddsVolumeChecker.java:checkAllVolumes(203)) - Scheduled health check for volume org.apache.hadoop.ozone.container.common.volume.HddsVolume@10e2ffd9
2019-08-31 21:38:11,551 [Thread-198] INFO  impl.RaftServerProxy (ConfUtils.java:logGet(43)) - raft.rpc.type = GRPC (default)
2019-08-31 21:38:11,551 [Thread-198] INFO  grpc.GrpcFactory (GrpcFactory.java:checkPooledByteBufAllocatorUseCacheForAllThreads(45)) - PERFORMANCE WARNING: useCacheForAllThreads is true that may cause Netty to create a lot garbage objects and, as a result, trigger GC.
	It is recommended to disable useCacheForAllThreads by setting -Dorg.apache.ratis.thirdparty.io.netty.allocator.useCacheForAllThreads=false in command line.
2019-08-31 21:38:11,551 [Thread-198] INFO  grpc.GrpcConfigKeys$Server (ConfUtils.java:logGet(43)) - raft.grpc.server.port = 41102 (custom)
2019-08-31 21:38:11,552 [Thread-198] INFO  server.GrpcService (ConfUtils.java:logGet(43)) - raft.grpc.message.size.max = 33570816 (custom)
2019-08-31 21:38:11,552 [Thread-198] INFO  server.RaftServerConfigKeys (ConfUtils.java:logGet(43)) - raft.server.log.appender.buffer.byte-limit = 33554432 (custom)
2019-08-31 21:38:11,552 [Thread-198] INFO  server.GrpcService (ConfUtils.java:logGet(43)) - raft.grpc.flow.control.window = 1MB (=1048576) (default)
2019-08-31 21:38:11,552 [Thread-198] INFO  server.RaftServerConfigKeys (ConfUtils.java:logGet(43)) - raft.server.rpc.request.timeout = 3000ms (default)
2019-08-31 21:38:11,553 [Thread-198] INFO  server.RaftServerConfigKeys (ConfUtils.java:logGet(43)) - raft.server.storage.dir = [/workdir/hadoop-ozone/integration-test/target/test-dir/MiniOzoneClusterImpl-ff0e0fa1-3375-4789-9bb8-b33a04e06bb2/datanode-0/data/ratis] (custom)
2019-08-31 21:38:11,553 [Thread-198] INFO  impl.RaftServerProxy (RaftServerProxy.java:lambda$null$0(191)) - 661c3bfc-5060-42c9-aa85-c31187e5ecbd: found a subdirectory /workdir/hadoop-ozone/integration-test/target/test-dir/MiniOzoneClusterImpl-ff0e0fa1-3375-4789-9bb8-b33a04e06bb2/datanode-0/data/ratis/ba5999a7-2cf7-4e68-beb9-1a2a47aeff27
2019-08-31 21:38:11,554 [Thread-198] INFO  impl.RaftServerProxy (RaftServerProxy.java:addNew(89)) - 661c3bfc-5060-42c9-aa85-c31187e5ecbd: addNew group-1A2A47AEFF27:[] returns group-1A2A47AEFF27:java.util.concurrent.CompletableFuture@147d9f3[Not completed]
2019-08-31 21:38:11,556 [Thread-198] INFO  hdfs.DFSUtil (DFSUtil.java:httpServerTemplateForNNAndJN(1641)) - Starting Web-server for hddsDatanode at: http://0.0.0.0:35945
2019-08-31 21:38:11,558 [pool-86-thread-1] INFO  impl.RaftServerImpl (RaftServerImpl.java:<init>(93)) - 661c3bfc-5060-42c9-aa85-c31187e5ecbd: new RaftServerImpl for group-1A2A47AEFF27:[] with ContainerStateMachine:uninitialized
2019-08-31 21:38:11,559 [pool-86-thread-1] INFO  server.RaftServerConfigKeys (ConfUtils.java:logGet(43)) - raft.server.rpc.timeout.min = 5s (custom)
2019-08-31 21:38:11,560 [pool-86-thread-1] INFO  server.RaftServerConfigKeys (ConfUtils.java:logGet(43)) - raft.server.rpc.timeout.max = 5200ms (custom)
2019-08-31 21:38:11,560 [pool-86-thread-1] INFO  server.RaftServerConfigKeys (ConfUtils.java:logGet(43)) - raft.server.rpcslowness.timeout = 120s (custom)
2019-08-31 21:38:11,560 [Thread-198] INFO  server.AuthenticationFilter (AuthenticationFilter.java:constructSecretProvider(240)) - Unable to initialize FileSignerSecretProvider, falling back to use random secrets.
2019-08-31 21:38:11,560 [pool-86-thread-1] INFO  server.RaftServerConfigKeys (ConfUtils.java:logGet(43)) - raft.server.sleep.deviation.threshold = 300 (default)
2019-08-31 21:38:11,560 [pool-86-thread-1] INFO  server.RaftServerConfigKeys (ConfUtils.java:logGet(43)) - raft.server.log.appender.install.snapshot.enabled = false (custom)
2019-08-31 21:38:11,560 [Thread-198] WARN  http.HttpRequestLog (HttpRequestLog.java:getRequestLog(97)) - Jetty request log can only be enabled using Log4j
2019-08-31 21:38:11,560 [pool-86-thread-1] INFO  impl.RaftServerImpl (ServerState.java:<init>(105)) - 661c3bfc-5060-42c9-aa85-c31187e5ecbd:group-1A2A47AEFF27 ConfigurationManager, init=-1: [], old=null, confs=<EMPTY_MAP>
2019-08-31 21:38:11,561 [pool-86-thread-1] INFO  server.RaftServerConfigKeys (ConfUtils.java:logGet(43)) - raft.server.storage.dir = [/workdir/hadoop-ozone/integration-test/target/test-dir/MiniOzoneClusterImpl-ff0e0fa1-3375-4789-9bb8-b33a04e06bb2/datanode-0/data/ratis] (custom)
2019-08-31 21:38:11,562 [Thread-198] INFO  http.HttpServer2 (HttpServer2.java:addGlobalFilter(975)) - Added global filter 'safety' (class=org.apache.hadoop.http.HttpServer2$QuotingInputFilter)
2019-08-31 21:38:11,562 [Thread-198] INFO  http.HttpServer2 (HttpServer2.java:addFilter(948)) - Added filter static_user_filter (class=org.apache.hadoop.http.lib.StaticUserWebFilter$StaticUserFilter) to context hddsDatanode
2019-08-31 21:38:11,562 [Thread-198] INFO  http.HttpServer2 (HttpServer2.java:addFilter(958)) - Added filter static_user_filter (class=org.apache.hadoop.http.lib.StaticUserWebFilter$StaticUserFilter) to context logs
2019-08-31 21:38:11,563 [Thread-198] INFO  http.HttpServer2 (HttpServer2.java:addFilter(958)) - Added filter static_user_filter (class=org.apache.hadoop.http.lib.StaticUserWebFilter$StaticUserFilter) to context static
2019-08-31 21:38:11,563 [Thread-198] INFO  http.HttpServer2 (HttpServer2.java:bindListener(1191)) - Jetty bound to port 35945
2019-08-31 21:38:11,563 [Thread-198] INFO  server.Server (Server.java:doStart(351)) - jetty-9.3.24.v20180605, build timestamp: 2018-06-05T17:11:56Z, git hash: 84205aa28f11a4f31f2a3b86d1bba2cc8ab69827
2019-08-31 21:38:11,565 [Thread-198] INFO  handler.ContextHandler (ContextHandler.java:doStart(781)) - Started o.e.j.s.ServletContextHandler@6a23965{/logs,file:///workdir/hadoop-ozone/integration-test/target/log,AVAILABLE}
2019-08-31 21:38:11,565 [Thread-198] INFO  handler.ContextHandler (ContextHandler.java:doStart(781)) - Started o.e.j.s.ServletContextHandler@7ddbee5{/static,jar:file:/home/user/.m2/repository/org/apache/hadoop/hadoop-hdds-container-service/0.5.0-SNAPSHOT/hadoop-hdds-container-service-0.5.0-SNAPSHOT.jar!/webapps/static,AVAILABLE}
2019-08-31 21:38:11,792 [Thread-198] INFO  handler.ContextHandler (ContextHandler.java:doStart(781)) - Started o.e.j.w.WebAppContext@557d569f{/,file:///tmp/jetty-0.0.0.0-35945-hddsDatanode-_-any-252047963449336083.dir/webapp/,AVAILABLE}{/hddsDatanode}
2019-08-31 21:38:11,793 [Thread-198] INFO  server.AbstractConnector (AbstractConnector.java:doStart(278)) - Started ServerConnector@15b402d2{HTTP/1.1,[http/1.1]}{0.0.0.0:35945}
2019-08-31 21:38:11,795 [Thread-198] INFO  server.Server (Server.java:doStart(419)) - Started @42736ms
2019-08-31 21:38:11,795 [Thread-198] WARN  impl.MetricsSystemImpl (MetricsSystemImpl.java:register(276)) - Sink prometheus already exists!
2019-08-31 21:38:11,796 [Thread-198] INFO  server.BaseHttpServer (BaseHttpServer.java:updateConnectorAddress(215)) - HTTP server of HDDSDATANODE is listening at http://0.0.0.0:35945
2019-08-31 21:38:11,797 [org.apache.hadoop.util.JvmPauseMonitor$Monitor@4f5db7a7] INFO  util.JvmPauseMonitor (JvmPauseMonitor.java:run(188)) - Starting JVM pause monitor
2019-08-31 21:38:11,843 [pool-86-thread-1] INFO  storage.RaftStorageDirectory (RaftStorageDirectory.java:tryLock(328)) - Lock on /workdir/hadoop-ozone/integration-test/target/test-dir/MiniOzoneClusterImpl-ff0e0fa1-3375-4789-9bb8-b33a04e06bb2/datanode-0/data/ratis/ba5999a7-2cf7-4e68-beb9-1a2a47aeff27/in_use.lock acquired by nodename 1314@pr-hdds-2060-5kx6h-1518693133
2019-08-31 21:38:11,845 [pool-86-thread-1] INFO  ratis.ContainerStateMachine (ContainerStateMachine.java:loadSnapshot(227)) - group-1A2A47AEFF27: The snapshot info is null. Setting the last applied indexto:(t:0, i:~)
2019-08-31 21:38:11,845 [pool-86-thread-1] INFO  server.RaftServerConfigKeys (ConfUtils.java:logGet(43)) - raft.server.leader.election.timeout = 120s (custom)
2019-08-31 21:38:11,845 [pool-86-thread-1] INFO  server.RaftServerConfigKeys (ConfUtils.java:logGet(43)) - raft.server.log.use.memory = false (default)
2019-08-31 21:38:11,845 [pool-86-thread-1] INFO  server.RaftServerConfigKeys (ConfUtils.java:logGet(43)) - raft.server.log.purge.gap = 1000000 (custom)
2019-08-31 21:38:11,845 [pool-86-thread-1] INFO  server.RaftServerConfigKeys (ConfUtils.java:logGet(43)) - raft.server.log.appender.buffer.byte-limit = 33554432 (custom)
2019-08-31 21:38:11,845 [pool-86-thread-1] INFO  server.RaftServerConfigKeys (ConfUtils.java:logGet(43)) - raft.server.log.segment.size.max = 1048576 (custom)
2019-08-31 21:38:11,846 [pool-86-thread-1] INFO  server.RaftServerConfigKeys (ConfUtils.java:logGet(43)) - raft.server.log.segment.cache.num.max = 2 (custom)
2019-08-31 21:38:11,846 [pool-86-thread-1] INFO  segmented.SegmentedRaftLogWorker (SegmentedRaftLogWorker.java:<init>(172)) - new 661c3bfc-5060-42c9-aa85-c31187e5ecbd-SegmentedRaftLogWorker:Storage Directory /workdir/hadoop-ozone/integration-test/target/test-dir/MiniOzoneClusterImpl-ff0e0fa1-3375-4789-9bb8-b33a04e06bb2/datanode-0/data/ratis/ba5999a7-2cf7-4e68-beb9-1a2a47aeff27 for RaftStorage:Storage Directory /workdir/hadoop-ozone/integration-test/target/test-dir/MiniOzoneClusterImpl-ff0e0fa1-3375-4789-9bb8-b33a04e06bb2/datanode-0/data/ratis/ba5999a7-2cf7-4e68-beb9-1a2a47aeff27
2019-08-31 21:38:11,846 [pool-86-thread-1] INFO  server.RaftServerConfigKeys (ConfUtils.java:logGet(43)) - raft.server.log.queue.byte-limit = 2147483647 (custom)
2019-08-31 21:38:11,846 [pool-86-thread-1] INFO  server.RaftServerConfigKeys (ConfUtils.java:logGet(43)) - raft.server.log.queue.element-limit = 1024 (custom)
2019-08-31 21:38:11,846 [pool-86-thread-1] INFO  server.RaftServerConfigKeys (ConfUtils.java:logGet(43)) - raft.server.log.segment.size.max = 1048576 (custom)
2019-08-31 21:38:11,846 [pool-86-thread-1] INFO  server.RaftServerConfigKeys (ConfUtils.java:logGet(43)) - raft.server.log.preallocated.size = 16384 (custom)
2019-08-31 21:38:11,846 [pool-86-thread-1] INFO  server.RaftServerConfigKeys (ConfUtils.java:logGet(43)) - raft.server.log.write.buffer.size = 33554432 (custom)
2019-08-31 21:38:11,846 [pool-86-thread-1] INFO  server.RaftServerConfigKeys (ConfUtils.java:logGet(43)) - raft.server.log.force.sync.num = 128 (default)
2019-08-31 21:38:11,847 [pool-86-thread-1] INFO  server.RaftServerConfigKeys (ConfUtils.java:logGet(43)) - raft.server.log.statemachine.data.sync = true (default)
2019-08-31 21:38:11,847 [pool-86-thread-1] INFO  server.RaftServerConfigKeys (ConfUtils.java:logGet(43)) - raft.server.log.statemachine.data.sync.timeout = 10s (default)
2019-08-31 21:38:11,847 [pool-86-thread-1] INFO  server.RaftServerConfigKeys (ConfUtils.java:logGet(43)) - raft.server.log.statemachine.data.sync.timeout.retry = -1 (default)
2019-08-31 21:38:11,847 [pool-86-thread-1] INFO  server.RaftServerConfigKeys (ConfUtils.java:logGet(43)) - raft.server.log.statemachine.data.caching.enabled = true (custom)
2019-08-31 21:38:11,853 [pool-86-thread-1] INFO  impl.RaftServerImpl (ServerState.java:setRaftConf(361)) - 661c3bfc-5060-42c9-aa85-c31187e5ecbd:group-1A2A47AEFF27 set configuration 0: [661c3bfc-5060-42c9-aa85-c31187e5ecbd:192.168.34.42:41102], old=null at 0
2019-08-31 21:38:11,854 [pool-86-thread-1] INFO  segmented.LogSegment (LogSegment.java:loadSegment(145)) - Successfully read 1 entries from segment file /workdir/hadoop-ozone/integration-test/target/test-dir/MiniOzoneClusterImpl-ff0e0fa1-3375-4789-9bb8-b33a04e06bb2/datanode-0/data/ratis/ba5999a7-2cf7-4e68-beb9-1a2a47aeff27/current/log_inprogress_0
2019-08-31 21:38:11,854 [pool-86-thread-1] INFO  segmented.SegmentedRaftLogWorker (SegmentedRaftLogWorker.java:lambda$new$0(132)) - 661c3bfc-5060-42c9-aa85-c31187e5ecbd-SegmentedRaftLogWorker:Storage Directory /workdir/hadoop-ozone/integration-test/target/test-dir/MiniOzoneClusterImpl-ff0e0fa1-3375-4789-9bb8-b33a04e06bb2/datanode-0/data/ratis/ba5999a7-2cf7-4e68-beb9-1a2a47aeff27: flushIndex: setUnconditionally 0 -> 0
2019-08-31 21:38:11,881 [pool-86-thread-1] INFO  server.RaftServerConfigKeys (ConfUtils.java:logGet(43)) - raft.server.snapshot.auto.trigger.enabled = true (custom)
2019-08-31 21:38:11,881 [pool-86-thread-1] INFO  server.RaftServerConfigKeys (ConfUtils.java:logGet(43)) - raft.server.snapshot.auto.trigger.threshold = 10000 (custom)
2019-08-31 21:38:11,881 [pool-86-thread-1] INFO  server.RaftServerConfigKeys (ConfUtils.java:logGet(43)) - raft.server.retrycache.expirytime = 600000ms (custom)
2019-08-31 21:38:12,028 | INFO  | SCMAudit | user=jenkins1000 | ip=192.168.34.42 | op=SEND_HEARTBEAT {datanodeUUID=b74b8129-5db4-4482-95bd-28d5db4a01ca, command=[]} | ret=SUCCESS |  
2019-08-31 21:38:12,121 | INFO  | SCMAudit | user=jenkins1000 | ip=192.168.34.42 | op=SEND_HEARTBEAT {datanodeUUID=7a4766de-48bc-4159-ac88-ca5125803eb5, command=[]} | ret=SUCCESS |  
2019-08-31 21:38:12,221 | INFO  | SCMAudit | user=jenkins1000 | ip=192.168.34.42 | op=SEND_HEARTBEAT {datanodeUUID=ede846b1-3099-4238-9ace-b91529b83e53, command=[]} | ret=SUCCESS |  
2019-08-31 21:38:13,028 | INFO  | SCMAudit | user=jenkins1000 | ip=192.168.34.42 | op=SEND_HEARTBEAT {datanodeUUID=b74b8129-5db4-4482-95bd-28d5db4a01ca, command=[]} | ret=SUCCESS |  
2019-08-31 21:38:13,121 | INFO  | SCMAudit | user=jenkins1000 | ip=192.168.34.42 | op=SEND_HEARTBEAT {datanodeUUID=7a4766de-48bc-4159-ac88-ca5125803eb5, command=[]} | ret=SUCCESS |  
2019-08-31 21:38:13,221 | INFO  | SCMAudit | user=jenkins1000 | ip=192.168.34.42 | op=SEND_HEARTBEAT {datanodeUUID=ede846b1-3099-4238-9ace-b91529b83e53, command=[]} | ret=SUCCESS |  
2019-08-31 21:38:13,800 [Datanode State Machine Thread - 0] ERROR statemachine.EndpointStateMachine (EndpointStateMachine.java:logIfNeeded(204)) - Unable to communicate to SCM server at 0.0.0.0:33983 for past 0 seconds.
java.io.EOFException: End of File Exception between local host is: "pr-hdds-2060-5kx6h-1518693133/192.168.34.42"; destination host is: "0.0.0.0":33983; : java.io.EOFException; For more details see:  http://wiki.apache.org/hadoop/EOFException
	at sun.reflect.NativeConstructorAccessorImpl.newInstance0(Native Method)
	at sun.reflect.NativeConstructorAccessorImpl.newInstance(NativeConstructorAccessorImpl.java:62)
	at sun.reflect.DelegatingConstructorAccessorImpl.newInstance(DelegatingConstructorAccessorImpl.java:45)
	at java.lang.reflect.Constructor.newInstance(Constructor.java:423)
	at org.apache.hadoop.net.NetUtils.wrapWithMessage(NetUtils.java:831)
	at org.apache.hadoop.net.NetUtils.wrapException(NetUtils.java:789)
	at org.apache.hadoop.ipc.Client.getRpcResponse(Client.java:1515)
	at org.apache.hadoop.ipc.Client.call(Client.java:1457)
	at org.apache.hadoop.ipc.Client.call(Client.java:1367)
	at org.apache.hadoop.ipc.ProtobufRpcEngine$Invoker.invoke(ProtobufRpcEngine.java:228)
	at org.apache.hadoop.ipc.ProtobufRpcEngine$Invoker.invoke(ProtobufRpcEngine.java:116)
	at com.sun.proxy.$Proxy45.getVersion(Unknown Source)
	at org.apache.hadoop.ozone.protocolPB.StorageContainerDatanodeProtocolClientSideTranslatorPB.getVersion(StorageContainerDatanodeProtocolClientSideTranslatorPB.java:112)
	at org.apache.hadoop.ozone.container.common.states.endpoint.VersionEndpointTask.call(VersionEndpointTask.java:70)
	at org.apache.hadoop.ozone.container.common.states.endpoint.VersionEndpointTask.call(VersionEndpointTask.java:42)
	at java.util.concurrent.FutureTask.run(FutureTask.java:266)
	at java.util.concurrent.Executors$RunnableAdapter.call(Executors.java:511)
	at java.util.concurrent.FutureTask.run(FutureTask.java:266)
	at java.util.concurrent.ThreadPoolExecutor.runWorker(ThreadPoolExecutor.java:1149)
	at java.util.concurrent.ThreadPoolExecutor$Worker.run(ThreadPoolExecutor.java:624)
	at java.lang.Thread.run(Thread.java:748)
Caused by: java.io.EOFException
	at java.io.DataInputStream.readInt(DataInputStream.java:392)
	at org.apache.hadoop.ipc.Client$IpcStreams.readResponse(Client.java:1816)
	at org.apache.hadoop.ipc.Client$Connection.receiveRpcResponse(Client.java:1173)
	at org.apache.hadoop.ipc.Client$Connection.run(Client.java:1069)
2019-08-31 21:38:14,027 | INFO  | SCMAudit | user=jenkins1000 | ip=192.168.34.42 | op=SEND_HEARTBEAT {datanodeUUID=b74b8129-5db4-4482-95bd-28d5db4a01ca, command=[]} | ret=SUCCESS |  
2019-08-31 21:38:14,121 | INFO  | SCMAudit | user=jenkins1000 | ip=192.168.34.42 | op=SEND_HEARTBEAT {datanodeUUID=7a4766de-48bc-4159-ac88-ca5125803eb5, command=[]} | ret=SUCCESS |  
2019-08-31 21:38:14,221 | INFO  | SCMAudit | user=jenkins1000 | ip=192.168.34.42 | op=SEND_HEARTBEAT {datanodeUUID=ede846b1-3099-4238-9ace-b91529b83e53, command=[]} | ret=SUCCESS |  
2019-08-31 21:38:15,029 | INFO  | SCMAudit | user=jenkins1000 | ip=192.168.34.42 | op=SEND_HEARTBEAT {datanodeUUID=b74b8129-5db4-4482-95bd-28d5db4a01ca, command=[]} | ret=SUCCESS |  
2019-08-31 21:38:15,121 | INFO  | SCMAudit | user=jenkins1000 | ip=192.168.34.42 | op=SEND_HEARTBEAT {datanodeUUID=7a4766de-48bc-4159-ac88-ca5125803eb5, command=[]} | ret=SUCCESS |  
2019-08-31 21:38:15,221 | INFO  | SCMAudit | user=jenkins1000 | ip=192.168.34.42 | op=SEND_HEARTBEAT {datanodeUUID=ede846b1-3099-4238-9ace-b91529b83e53, command=[]} | ret=SUCCESS |  
2019-08-31 21:38:16,029 | INFO  | SCMAudit | user=jenkins1000 | ip=192.168.34.42 | op=SEND_HEARTBEAT {datanodeUUID=b74b8129-5db4-4482-95bd-28d5db4a01ca, command=[]} | ret=SUCCESS |  
2019-08-31 21:38:16,121 | INFO  | SCMAudit | user=jenkins1000 | ip=192.168.34.42 | op=SEND_HEARTBEAT {datanodeUUID=7a4766de-48bc-4159-ac88-ca5125803eb5, command=[]} | ret=SUCCESS |  
2019-08-31 21:38:16,221 | INFO  | SCMAudit | user=jenkins1000 | ip=192.168.34.42 | op=SEND_HEARTBEAT {datanodeUUID=ede846b1-3099-4238-9ace-b91529b83e53, command=[]} | ret=SUCCESS |  
2019-08-31 21:38:16,805 [Datanode State Machine Thread - 0] INFO  ipc.Client (Client.java:handleConnectionFailure(948)) - Retrying connect to server: 0.0.0.0/0.0.0.0:33983. Already tried 0 time(s); retry policy is RetryUpToMaximumCountWithFixedSleep(maxRetries=10, sleepTime=1000 MILLISECONDS)
2019-08-31 21:38:17,030 | INFO  | SCMAudit | user=jenkins1000 | ip=192.168.34.42 | op=SEND_HEARTBEAT {datanodeUUID=b74b8129-5db4-4482-95bd-28d5db4a01ca, command=[]} | ret=SUCCESS |  
2019-08-31 21:38:17,121 | INFO  | SCMAudit | user=jenkins1000 | ip=192.168.34.42 | op=SEND_HEARTBEAT {datanodeUUID=7a4766de-48bc-4159-ac88-ca5125803eb5, command=[]} | ret=SUCCESS |  
2019-08-31 21:38:17,221 | INFO  | SCMAudit | user=jenkins1000 | ip=192.168.34.42 | op=SEND_HEARTBEAT {datanodeUUID=ede846b1-3099-4238-9ace-b91529b83e53, command=[]} | ret=SUCCESS |  
2019-08-31 21:38:17,807 [Datanode State Machine Thread - 0] INFO  ipc.Client (Client.java:handleConnectionFailure(948)) - Retrying connect to server: 0.0.0.0/0.0.0.0:33983. Already tried 1 time(s); retry policy is RetryUpToMaximumCountWithFixedSleep(maxRetries=10, sleepTime=1000 MILLISECONDS)
2019-08-31 21:38:18,031 | INFO  | SCMAudit | user=jenkins1000 | ip=192.168.34.42 | op=SEND_HEARTBEAT {datanodeUUID=b74b8129-5db4-4482-95bd-28d5db4a01ca, command=[]} | ret=SUCCESS |  
2019-08-31 21:38:18,121 | INFO  | SCMAudit | user=jenkins1000 | ip=192.168.34.42 | op=SEND_HEARTBEAT {datanodeUUID=7a4766de-48bc-4159-ac88-ca5125803eb5, command=[]} | ret=SUCCESS |  
2019-08-31 21:38:18,221 | INFO  | SCMAudit | user=jenkins1000 | ip=192.168.34.42 | op=SEND_HEARTBEAT {datanodeUUID=ede846b1-3099-4238-9ace-b91529b83e53, command=[]} | ret=SUCCESS |  
2019-08-31 21:38:18,815 [Datanode State Machine Thread - 0] INFO  ipc.Client (Client.java:handleConnectionFailure(948)) - Retrying connect to server: 0.0.0.0/0.0.0.0:33983. Already tried 2 time(s); retry policy is RetryUpToMaximumCountWithFixedSleep(maxRetries=10, sleepTime=1000 MILLISECONDS)
2019-08-31 21:38:19,031 | INFO  | SCMAudit | user=jenkins1000 | ip=192.168.34.42 | op=SEND_HEARTBEAT {datanodeUUID=b74b8129-5db4-4482-95bd-28d5db4a01ca, command=[]} | ret=SUCCESS |  
2019-08-31 21:38:19,121 | INFO  | SCMAudit | user=jenkins1000 | ip=192.168.34.42 | op=SEND_HEARTBEAT {datanodeUUID=7a4766de-48bc-4159-ac88-ca5125803eb5, command=[]} | ret=SUCCESS |  
2019-08-31 21:38:19,222 | INFO  | SCMAudit | user=jenkins1000 | ip=192.168.34.42 | op=SEND_HEARTBEAT {datanodeUUID=ede846b1-3099-4238-9ace-b91529b83e53, command=[]} | ret=SUCCESS |  
2019-08-31 21:38:19,817 [Datanode State Machine Thread - 0] INFO  ipc.Client (Client.java:handleConnectionFailure(948)) - Retrying connect to server: 0.0.0.0/0.0.0.0:33983. Already tried 3 time(s); retry policy is RetryUpToMaximumCountWithFixedSleep(maxRetries=10, sleepTime=1000 MILLISECONDS)
2019-08-31 21:38:20,030 | INFO  | SCMAudit | user=jenkins1000 | ip=192.168.34.42 | op=SEND_HEARTBEAT {datanodeUUID=b74b8129-5db4-4482-95bd-28d5db4a01ca, command=[]} | ret=SUCCESS |  
2019-08-31 21:38:20,121 | INFO  | SCMAudit | user=jenkins1000 | ip=192.168.34.42 | op=SEND_HEARTBEAT {datanodeUUID=7a4766de-48bc-4159-ac88-ca5125803eb5, command=[]} | ret=SUCCESS |  
2019-08-31 21:38:20,222 | INFO  | SCMAudit | user=jenkins1000 | ip=192.168.34.42 | op=SEND_HEARTBEAT {datanodeUUID=ede846b1-3099-4238-9ace-b91529b83e53, command=[]} | ret=SUCCESS |  
2019-08-31 21:38:20,819 [Datanode State Machine Thread - 0] INFO  ipc.Client (Client.java:handleConnectionFailure(948)) - Retrying connect to server: 0.0.0.0/0.0.0.0:33983. Already tried 4 time(s); retry policy is RetryUpToMaximumCountWithFixedSleep(maxRetries=10, sleepTime=1000 MILLISECONDS)
2019-08-31 21:38:21,030 | INFO  | SCMAudit | user=jenkins1000 | ip=192.168.34.42 | op=SEND_HEARTBEAT {datanodeUUID=b74b8129-5db4-4482-95bd-28d5db4a01ca, command=[]} | ret=SUCCESS |  
2019-08-31 21:38:21,121 | INFO  | SCMAudit | user=jenkins1000 | ip=192.168.34.42 | op=SEND_HEARTBEAT {datanodeUUID=7a4766de-48bc-4159-ac88-ca5125803eb5, command=[]} | ret=SUCCESS |  
2019-08-31 21:38:21,221 | INFO  | SCMAudit | user=jenkins1000 | ip=192.168.34.42 | op=SEND_HEARTBEAT {datanodeUUID=ede846b1-3099-4238-9ace-b91529b83e53, command=[]} | ret=SUCCESS |  
2019-08-31 21:38:21,822 [Datanode State Machine Thread - 0] INFO  ipc.Client (Client.java:handleConnectionFailure(948)) - Retrying connect to server: 0.0.0.0/0.0.0.0:33983. Already tried 5 time(s); retry policy is RetryUpToMaximumCountWithFixedSleep(maxRetries=10, sleepTime=1000 MILLISECONDS)
2019-08-31 21:38:22,031 | INFO  | SCMAudit | user=jenkins1000 | ip=192.168.34.42 | op=SEND_HEARTBEAT {datanodeUUID=b74b8129-5db4-4482-95bd-28d5db4a01ca, command=[]} | ret=SUCCESS |  
2019-08-31 21:38:22,121 | INFO  | SCMAudit | user=jenkins1000 | ip=192.168.34.42 | op=SEND_HEARTBEAT {datanodeUUID=7a4766de-48bc-4159-ac88-ca5125803eb5, command=[]} | ret=SUCCESS |  
2019-08-31 21:38:22,222 | INFO  | SCMAudit | user=jenkins1000 | ip=192.168.34.42 | op=SEND_HEARTBEAT {datanodeUUID=ede846b1-3099-4238-9ace-b91529b83e53, command=[]} | ret=SUCCESS |  
2019-08-31 21:38:22,824 [Datanode State Machine Thread - 0] INFO  ipc.Client (Client.java:handleConnectionFailure(948)) - Retrying connect to server: 0.0.0.0/0.0.0.0:33983. Already tried 6 time(s); retry policy is RetryUpToMaximumCountWithFixedSleep(maxRetries=10, sleepTime=1000 MILLISECONDS)
2019-08-31 21:38:23,030 | INFO  | SCMAudit | user=jenkins1000 | ip=192.168.34.42 | op=SEND_HEARTBEAT {datanodeUUID=b74b8129-5db4-4482-95bd-28d5db4a01ca, command=[]} | ret=SUCCESS |  
2019-08-31 21:38:23,121 | INFO  | SCMAudit | user=jenkins1000 | ip=192.168.34.42 | op=SEND_HEARTBEAT {datanodeUUID=7a4766de-48bc-4159-ac88-ca5125803eb5, command=[]} | ret=SUCCESS |  
2019-08-31 21:38:23,223 | INFO  | SCMAudit | user=jenkins1000 | ip=192.168.34.42 | op=SEND_HEARTBEAT {datanodeUUID=ede846b1-3099-4238-9ace-b91529b83e53, command=[]} | ret=SUCCESS |  
2019-08-31 21:38:23,826 [Datanode State Machine Thread - 0] INFO  ipc.Client (Client.java:handleConnectionFailure(948)) - Retrying connect to server: 0.0.0.0/0.0.0.0:33983. Already tried 7 time(s); retry policy is RetryUpToMaximumCountWithFixedSleep(maxRetries=10, sleepTime=1000 MILLISECONDS)
2019-08-31 21:38:24,030 | INFO  | SCMAudit | user=jenkins1000 | ip=192.168.34.42 | op=SEND_HEARTBEAT {datanodeUUID=b74b8129-5db4-4482-95bd-28d5db4a01ca, command=[]} | ret=SUCCESS |  
2019-08-31 21:38:24,121 | INFO  | SCMAudit | user=jenkins1000 | ip=192.168.34.42 | op=SEND_HEARTBEAT {datanodeUUID=7a4766de-48bc-4159-ac88-ca5125803eb5, command=[]} | ret=SUCCESS |  
2019-08-31 21:38:24,222 | INFO  | SCMAudit | user=jenkins1000 | ip=192.168.34.42 | op=SEND_HEARTBEAT {datanodeUUID=ede846b1-3099-4238-9ace-b91529b83e53, command=[]} | ret=SUCCESS |  
2019-08-31 21:38:24,828 [Datanode State Machine Thread - 0] INFO  ipc.Client (Client.java:handleConnectionFailure(948)) - Retrying connect to server: 0.0.0.0/0.0.0.0:33983. Already tried 8 time(s); retry policy is RetryUpToMaximumCountWithFixedSleep(maxRetries=10, sleepTime=1000 MILLISECONDS)
2019-08-31 21:38:25,031 | INFO  | SCMAudit | user=jenkins1000 | ip=192.168.34.42 | op=SEND_HEARTBEAT {datanodeUUID=b74b8129-5db4-4482-95bd-28d5db4a01ca, command=[]} | ret=SUCCESS |  
2019-08-31 21:38:25,121 | INFO  | SCMAudit | user=jenkins1000 | ip=192.168.34.42 | op=SEND_HEARTBEAT {datanodeUUID=7a4766de-48bc-4159-ac88-ca5125803eb5, command=[]} | ret=SUCCESS |  
2019-08-31 21:38:25,223 | INFO  | SCMAudit | user=jenkins1000 | ip=192.168.34.42 | op=SEND_HEARTBEAT {datanodeUUID=ede846b1-3099-4238-9ace-b91529b83e53, command=[]} | ret=SUCCESS |  
2019-08-31 21:38:25,831 [Datanode State Machine Thread - 0] INFO  ipc.Client (Client.java:handleConnectionFailure(948)) - Retrying connect to server: 0.0.0.0/0.0.0.0:33983. Already tried 9 time(s); retry policy is RetryUpToMaximumCountWithFixedSleep(maxRetries=10, sleepTime=1000 MILLISECONDS)
2019-08-31 21:38:26,031 | INFO  | SCMAudit | user=jenkins1000 | ip=192.168.34.42 | op=SEND_HEARTBEAT {datanodeUUID=b74b8129-5db4-4482-95bd-28d5db4a01ca, command=[]} | ret=SUCCESS |  
2019-08-31 21:38:26,121 | INFO  | SCMAudit | user=jenkins1000 | ip=192.168.34.42 | op=SEND_HEARTBEAT {datanodeUUID=7a4766de-48bc-4159-ac88-ca5125803eb5, command=[]} | ret=SUCCESS |  
2019-08-31 21:38:26,223 | INFO  | SCMAudit | user=jenkins1000 | ip=192.168.34.42 | op=SEND_HEARTBEAT {datanodeUUID=ede846b1-3099-4238-9ace-b91529b83e53, command=[]} | ret=SUCCESS |  
2019-08-31 21:38:26,834 [Datanode State Machine Thread - 1] INFO  ipc.Client (Client.java:handleConnectionFailure(948)) - Retrying connect to server: 0.0.0.0/0.0.0.0:33983. Already tried 0 time(s); retry policy is RetryUpToMaximumCountWithFixedSleep(maxRetries=10, sleepTime=1000 MILLISECONDS)
2019-08-31 21:38:27,031 | INFO  | SCMAudit | user=jenkins1000 | ip=192.168.34.42 | op=SEND_HEARTBEAT {datanodeUUID=b74b8129-5db4-4482-95bd-28d5db4a01ca, command=[]} | ret=SUCCESS |  
2019-08-31 21:38:27,121 | INFO  | SCMAudit | user=jenkins1000 | ip=192.168.34.42 | op=SEND_HEARTBEAT {datanodeUUID=7a4766de-48bc-4159-ac88-ca5125803eb5, command=[]} | ret=SUCCESS |  
2019-08-31 21:38:27,223 | INFO  | SCMAudit | user=jenkins1000 | ip=192.168.34.42 | op=SEND_HEARTBEAT {datanodeUUID=ede846b1-3099-4238-9ace-b91529b83e53, command=[]} | ret=SUCCESS |  
2019-08-31 21:38:27,836 [Datanode State Machine Thread - 1] INFO  ipc.Client (Client.java:handleConnectionFailure(948)) - Retrying connect to server: 0.0.0.0/0.0.0.0:33983. Already tried 1 time(s); retry policy is RetryUpToMaximumCountWithFixedSleep(maxRetries=10, sleepTime=1000 MILLISECONDS)
2019-08-31 21:38:28,031 | INFO  | SCMAudit | user=jenkins1000 | ip=192.168.34.42 | op=SEND_HEARTBEAT {datanodeUUID=b74b8129-5db4-4482-95bd-28d5db4a01ca, command=[]} | ret=SUCCESS |  
2019-08-31 21:38:28,121 | INFO  | SCMAudit | user=jenkins1000 | ip=192.168.34.42 | op=SEND_HEARTBEAT {datanodeUUID=7a4766de-48bc-4159-ac88-ca5125803eb5, command=[]} | ret=SUCCESS |  
2019-08-31 21:38:28,223 | INFO  | SCMAudit | user=jenkins1000 | ip=192.168.34.42 | op=SEND_HEARTBEAT {datanodeUUID=ede846b1-3099-4238-9ace-b91529b83e53, command=[]} | ret=SUCCESS |  
2019-08-31 21:38:28,839 [Datanode State Machine Thread - 1] INFO  ipc.Client (Client.java:handleConnectionFailure(948)) - Retrying connect to server: 0.0.0.0/0.0.0.0:33983. Already tried 2 time(s); retry policy is RetryUpToMaximumCountWithFixedSleep(maxRetries=10, sleepTime=1000 MILLISECONDS)
2019-08-31 21:38:29,031 | INFO  | SCMAudit | user=jenkins1000 | ip=192.168.34.42 | op=SEND_HEARTBEAT {datanodeUUID=b74b8129-5db4-4482-95bd-28d5db4a01ca, command=[]} | ret=SUCCESS |  
2019-08-31 21:38:29,122 | INFO  | SCMAudit | user=jenkins1000 | ip=192.168.34.42 | op=SEND_HEARTBEAT {datanodeUUID=7a4766de-48bc-4159-ac88-ca5125803eb5, command=[]} | ret=SUCCESS |  
2019-08-31 21:38:29,223 | INFO  | SCMAudit | user=jenkins1000 | ip=192.168.34.42 | op=SEND_HEARTBEAT {datanodeUUID=ede846b1-3099-4238-9ace-b91529b83e53, command=[]} | ret=SUCCESS |  
2019-08-31 21:38:29,840 [Datanode State Machine Thread - 1] INFO  ipc.Client (Client.java:handleConnectionFailure(948)) - Retrying connect to server: 0.0.0.0/0.0.0.0:33983. Already tried 3 time(s); retry policy is RetryUpToMaximumCountWithFixedSleep(maxRetries=10, sleepTime=1000 MILLISECONDS)
2019-08-31 21:38:30,032 | INFO  | SCMAudit | user=jenkins1000 | ip=192.168.34.42 | op=SEND_HEARTBEAT {datanodeUUID=b74b8129-5db4-4482-95bd-28d5db4a01ca, command=[]} | ret=SUCCESS |  
2019-08-31 21:38:30,121 | INFO  | SCMAudit | user=jenkins1000 | ip=192.168.34.42 | op=SEND_HEARTBEAT {datanodeUUID=7a4766de-48bc-4159-ac88-ca5125803eb5, command=[]} | ret=SUCCESS |  
2019-08-31 21:38:30,223 | INFO  | SCMAudit | user=jenkins1000 | ip=192.168.34.42 | op=SEND_HEARTBEAT {datanodeUUID=ede846b1-3099-4238-9ace-b91529b83e53, command=[]} | ret=SUCCESS |  
2019-08-31 21:38:30,841 [Datanode State Machine Thread - 1] INFO  ipc.Client (Client.java:handleConnectionFailure(948)) - Retrying connect to server: 0.0.0.0/0.0.0.0:33983. Already tried 4 time(s); retry policy is RetryUpToMaximumCountWithFixedSleep(maxRetries=10, sleepTime=1000 MILLISECONDS)
2019-08-31 21:38:31,032 | INFO  | SCMAudit | user=jenkins1000 | ip=192.168.34.42 | op=SEND_HEARTBEAT {datanodeUUID=b74b8129-5db4-4482-95bd-28d5db4a01ca, command=[]} | ret=SUCCESS |  
2019-08-31 21:38:31,122 | INFO  | SCMAudit | user=jenkins1000 | ip=192.168.34.42 | op=SEND_HEARTBEAT {datanodeUUID=7a4766de-48bc-4159-ac88-ca5125803eb5, command=[]} | ret=SUCCESS |  
2019-08-31 21:38:31,223 | INFO  | SCMAudit | user=jenkins1000 | ip=192.168.34.42 | op=SEND_HEARTBEAT {datanodeUUID=ede846b1-3099-4238-9ace-b91529b83e53, command=[]} | ret=SUCCESS |  
2019-08-31 21:38:31,799 [Thread-198] INFO  server.StorageContainerManager (StorageContainerManager.java:stop(797)) - Stopping Replication Manager Service.
2019-08-31 21:38:31,800 [Thread-198] INFO  container.ReplicationManager (ReplicationManager.java:stop(203)) - Stopping Replication Monitor Thread.
2019-08-31 21:38:31,800 [Thread-198] INFO  server.StorageContainerManager (StorageContainerManager.java:stop(804)) - Stopping Lease Manager of the command watchers
2019-08-31 21:38:31,800 [Thread-198] ERROR server.StorageContainerManager (StorageContainerManager.java:stop(807)) - Lease Manager of the command watchers stop failed
2019-08-31 21:38:31,801 [Thread-198] INFO  server.StorageContainerManager (StorageContainerManager.java:stop(811)) - Stopping datanode service RPC server
2019-08-31 21:38:31,801 [Thread-198] INFO  server.SCMDatanodeProtocolServer (SCMDatanodeProtocolServer.java:stop(367)) - Stopping the RPC server for DataNodes
2019-08-31 21:38:31,801 [Thread-198] INFO  ipc.Server (Server.java:stop(3082)) - Stopping server on 33983
2019-08-31 21:38:31,801 [Thread-198] INFO  server.StorageContainerManager (StorageContainerManager.java:stop(819)) - Stopping block service RPC server
2019-08-31 21:38:31,801 [Thread-198] INFO  server.SCMBlockProtocolServer (SCMBlockProtocolServer.java:stop(155)) - Stopping the RPC server for Block Protocol
2019-08-31 21:38:31,801 [Thread-198] INFO  ipc.Server (Server.java:stop(3082)) - Stopping server on 44694
2019-08-31 21:38:31,802 [Thread-198] INFO  server.StorageContainerManager (StorageContainerManager.java:stop(826)) - Stopping the StorageContainerLocationProtocol RPC server
2019-08-31 21:38:31,802 [Thread-198] INFO  server.SCMClientProtocolServer (SCMClientProtocolServer.java:stop(159)) - Stopping the RPC server for Client Protocol
2019-08-31 21:38:31,802 [Thread-198] INFO  ipc.Server (Server.java:stop(3082)) - Stopping server on 42306
2019-08-31 21:38:31,802 [Thread-198] INFO  server.StorageContainerManager (StorageContainerManager.java:stop(833)) - Stopping Storage Container Manager HTTP server.
2019-08-31 21:38:31,802 [Thread-198] INFO  server.StorageContainerManager (StorageContainerManager.java:stop(844)) - Stopping Block Manager Service.
2019-08-31 21:38:31,802 [Thread-198] INFO  utils.BackgroundService (BackgroundService.java:shutdown(148)) - Shutting down service SCMBlockDeletingService
2019-08-31 21:38:31,802 [Thread-198] INFO  utils.BackgroundService (BackgroundService.java:shutdown(148)) - Shutting down service SCMBlockDeletingService
2019-08-31 21:38:31,803 [Thread-198] INFO  server.StorageContainerManager (StorageContainerManager.java:stop(866)) - Stopping SCM Event Queue.
2019-08-31 21:38:31,803 [Thread-198] INFO  impl.MetricsSystemImpl (MetricsSystemImpl.java:stop(210)) - Stopping HddsDatanode metrics system...
2019-08-31 21:38:31,810 [Thread-198] INFO  impl.MetricsSystemImpl (MetricsSystemImpl.java:stop(216)) - HddsDatanode metrics system stopped.
2019-08-31 21:38:31,810 [Thread-198] WARN  server.ServerUtils (ServerUtils.java:getScmDbDir(145)) - ozone.scm.db.dirs is not configured. We recommend adding this setting. Falling back to ozone.metadata.dirs instead.
2019-08-31 21:38:31,811 [Thread-198] WARN  server.ServerUtils (ServerUtils.java:getScmDbDir(145)) - ozone.scm.db.dirs is not configured. We recommend adding this setting. Falling back to ozone.metadata.dirs instead.
2019-08-31 21:38:31,812 [Thread-198] INFO  db.DBStoreBuilder (DBStoreBuilder.java:addTable(110)) - using custom profile for table: deletedBlocks
2019-08-31 21:38:31,812 [Thread-198] INFO  db.DBStoreBuilder (DBStoreBuilder.java:processTables(161)) - Using default column profile:DBProfile.DISK for Table:deletedBlocks
2019-08-31 21:38:31,812 [Thread-198] INFO  db.DBStoreBuilder (DBStoreBuilder.java:addTable(110)) - using custom profile for table: validCerts
2019-08-31 21:38:31,812 [Thread-198] INFO  db.DBStoreBuilder (DBStoreBuilder.java:processTables(161)) - Using default column profile:DBProfile.DISK for Table:validCerts
2019-08-31 21:38:31,812 [Thread-198] INFO  db.DBStoreBuilder (DBStoreBuilder.java:addTable(110)) - using custom profile for table: revokedCerts
2019-08-31 21:38:31,813 [Thread-198] INFO  db.DBStoreBuilder (DBStoreBuilder.java:processTables(161)) - Using default column profile:DBProfile.DISK for Table:revokedCerts
2019-08-31 21:38:31,813 [Thread-198] INFO  db.DBStoreBuilder (DBStoreBuilder.java:addTable(110)) - using custom profile for table: default
2019-08-31 21:38:31,813 [Thread-198] INFO  db.DBStoreBuilder (DBStoreBuilder.java:processTables(167)) - Using default column profile:DBProfile.DISK for Table:default
2019-08-31 21:38:31,813 [Thread-198] INFO  db.DBStoreBuilder (DBStoreBuilder.java:getDbProfile(198)) - Using default options. DBProfile.DISK
2019-08-31 21:38:31,842 [Datanode State Machine Thread - 1] INFO  ipc.Client (Client.java:handleConnectionFailure(948)) - Retrying connect to server: 0.0.0.0/0.0.0.0:33983. Already tried 5 time(s); retry policy is RetryUpToMaximumCountWithFixedSleep(maxRetries=10, sleepTime=1000 MILLISECONDS)
2019-08-31 21:38:31,954 [Thread-198] INFO  net.NodeSchemaLoader (NodeSchemaLoader.java:loadSchemaFromFile(125)) - Loading file from sun.misc.CompoundEnumeration@1536a205
2019-08-31 21:38:31,954 [Thread-198] INFO  net.NodeSchemaLoader (NodeSchemaLoader.java:loadSchema(171)) - Loading network topology layer schema file
2019-08-31 21:38:31,960 [Thread-198] WARN  server.ServerUtils (ServerUtils.java:sanitizeUserArgs(70)) - ozone.scm.stale.node.interval value = 300000 is larger than max = 100000 based on the key value of ozone.scm.heartbeat.thread.interval, reset to the max value 100000.
2019-08-31 21:38:31,960 [Thread-198] WARN  server.ServerUtils (ServerUtils.java:sanitizeUserArgs(70)) - ozone.scm.stale.node.interval value = 300000 is larger than max = 100000 based on the key value of ozone.scm.heartbeat.thread.interval, reset to the max value 100000.
2019-08-31 21:38:31,960 [Thread-198] INFO  node.SCMNodeManager (SCMNodeManager.java:<init>(114)) - Entering startup safe mode.
2019-08-31 21:38:31,961 [Thread-198] INFO  algorithms.ContainerPlacementPolicyFactory (ContainerPlacementPolicyFactory.java:getPolicy(55)) - Create container placement policy of type org.apache.hadoop.hdds.scm.container.placement.algorithms.SCMContainerPlacementRandom
2019-08-31 21:38:31,961 [Thread-198] WARN  server.ServerUtils (ServerUtils.java:getScmDbDir(145)) - ozone.scm.db.dirs is not configured. We recommend adding this setting. Falling back to ozone.metadata.dirs instead.
2019-08-31 21:38:32,032 | INFO  | SCMAudit | user=jenkins1000 | ip=192.168.34.42 | op=SEND_HEARTBEAT {datanodeUUID=b74b8129-5db4-4482-95bd-28d5db4a01ca, command=[]} | ret=SUCCESS |  
2019-08-31 21:38:32,033 [Thread-198] WARN  server.ServerUtils (ServerUtils.java:getScmDbDir(145)) - ozone.scm.db.dirs is not configured. We recommend adding this setting. Falling back to ozone.metadata.dirs instead.
2019-08-31 21:38:32,070 [Thread-198] WARN  events.EventQueue (EventQueue.java:fireEvent(183)) - No event handler registered for event TypedEvent{payloadType=SafeModeStatus, name='SafeModeStatus'}
2019-08-31 21:38:32,071 [Thread-198] INFO  ipc.CallQueueManager (CallQueueManager.java:<init>(84)) - Using callQueue: class java.util.concurrent.LinkedBlockingQueue, queueCapacity: 2000, scheduler: class org.apache.hadoop.ipc.DefaultRpcScheduler, ipcBackoff: false.
2019-08-31 21:38:32,072 [Socket Reader #1 for port 33983] INFO  ipc.Server (Server.java:run(1074)) - Starting Socket Reader #1 for port 33983
2019-08-31 21:38:32,074 [Thread-198] INFO  ipc.CallQueueManager (CallQueueManager.java:<init>(84)) - Using callQueue: class java.util.concurrent.LinkedBlockingQueue, queueCapacity: 2000, scheduler: class org.apache.hadoop.ipc.DefaultRpcScheduler, ipcBackoff: false.
2019-08-31 21:38:32,075 [Socket Reader #1 for port 44694] INFO  ipc.Server (Server.java:run(1074)) - Starting Socket Reader #1 for port 44694
2019-08-31 21:38:32,077 [Thread-198] INFO  ipc.CallQueueManager (CallQueueManager.java:<init>(84)) - Using callQueue: class java.util.concurrent.LinkedBlockingQueue, queueCapacity: 2000, scheduler: class org.apache.hadoop.ipc.DefaultRpcScheduler, ipcBackoff: false.
2019-08-31 21:38:32,077 [Socket Reader #1 for port 42306] INFO  ipc.Server (Server.java:run(1074)) - Starting Socket Reader #1 for port 42306
2019-08-31 21:38:32,080 [Thread-198] INFO  hdfs.DFSUtil (DFSUtil.java:httpServerTemplateForNNAndJN(1641)) - Starting Web-server for scm at: http://0.0.0.0:43097
2019-08-31 21:38:32,082 [Thread-198] INFO  server.AuthenticationFilter (AuthenticationFilter.java:constructSecretProvider(240)) - Unable to initialize FileSignerSecretProvider, falling back to use random secrets.
2019-08-31 21:38:32,083 [Thread-198] WARN  http.HttpRequestLog (HttpRequestLog.java:getRequestLog(97)) - Jetty request log can only be enabled using Log4j
2019-08-31 21:38:32,086 [Thread-198] INFO  http.HttpServer2 (HttpServer2.java:addGlobalFilter(975)) - Added global filter 'safety' (class=org.apache.hadoop.http.HttpServer2$QuotingInputFilter)
2019-08-31 21:38:32,087 [Thread-198] INFO  http.HttpServer2 (HttpServer2.java:addFilter(948)) - Added filter static_user_filter (class=org.apache.hadoop.http.lib.StaticUserWebFilter$StaticUserFilter) to context scm
2019-08-31 21:38:32,087 [Thread-198] INFO  http.HttpServer2 (HttpServer2.java:addFilter(958)) - Added filter static_user_filter (class=org.apache.hadoop.http.lib.StaticUserWebFilter$StaticUserFilter) to context logs
2019-08-31 21:38:32,087 [Thread-198] INFO  http.HttpServer2 (HttpServer2.java:addFilter(958)) - Added filter static_user_filter (class=org.apache.hadoop.http.lib.StaticUserWebFilter$StaticUserFilter) to context static
2019-08-31 21:38:32,091 [Thread-198] INFO  server.StorageContainerManager (StorageContainerManager.java:start(759)) - StorageContainerLocationProtocol RPC server is listening at /0.0.0.0:42306
2019-08-31 21:38:32,093 [Thread-198] WARN  impl.MetricsConfig (MetricsConfig.java:loadFirst(134)) - Cannot locate configuration: tried hadoop-metrics2-storagecontainermanager.properties,hadoop-metrics2.properties
2019-08-31 21:38:32,095 [Thread-198] INFO  impl.MetricsSystemImpl (MetricsSystemImpl.java:startTimer(374)) - Scheduled Metric snapshot period at 10 second(s).
2019-08-31 21:38:32,095 [Thread-198] INFO  impl.MetricsSystemImpl (MetricsSystemImpl.java:start(191)) - StorageContainerManager metrics system started
2019-08-31 21:38:32,122 | INFO  | SCMAudit | user=jenkins1000 | ip=192.168.34.42 | op=SEND_HEARTBEAT {datanodeUUID=7a4766de-48bc-4159-ac88-ca5125803eb5, command=[]} | ret=SUCCESS |  
2019-08-31 21:38:32,176 [Thread-198] WARN  impl.MetricsSystemImpl (MetricsSystemImpl.java:register(276)) - Sink prometheus already exists!
2019-08-31 21:38:32,188 [Thread-198] INFO  server.SCMClientProtocolServer (SCMClientProtocolServer.java:start(151)) - RPC server for Client  is listening at /0.0.0.0:42306
2019-08-31 21:38:32,188 [IPC Server Responder] INFO  ipc.Server (Server.java:run(1314)) - IPC Server Responder: starting
2019-08-31 21:38:32,188 [IPC Server listener on 42306] INFO  ipc.Server (Server.java:run(1153)) - IPC Server listener on 42306: starting
2019-08-31 21:38:32,192 [Thread-198] INFO  server.StorageContainerManager (StorageContainerManager.java:start(769)) - ScmBlockLocationProtocol RPC server is listening at /0.0.0.0:44694
2019-08-31 21:38:32,193 [Thread-198] INFO  server.SCMBlockProtocolServer (SCMBlockProtocolServer.java:start(146)) - RPC server for Block Protocol is listening at /0.0.0.0:44694
2019-08-31 21:38:32,193 [IPC Server Responder] INFO  ipc.Server (Server.java:run(1314)) - IPC Server Responder: starting
2019-08-31 21:38:32,193 [IPC Server listener on 44694] INFO  ipc.Server (Server.java:run(1153)) - IPC Server listener on 44694: starting
2019-08-31 21:38:32,198 [Thread-198] INFO  server.StorageContainerManager (StorageContainerManager.java:start(773)) - ScmDatanodeProtocl RPC server is listening at /0.0.0.0:33983
2019-08-31 21:38:32,198 [Thread-198] INFO  server.SCMDatanodeProtocolServer (SCMDatanodeProtocolServer.java:start(191)) - RPC server for DataNodes is listening at /0.0.0.0:33983
2019-08-31 21:38:32,198 [IPC Server Responder] INFO  ipc.Server (Server.java:run(1314)) - IPC Server Responder: starting
2019-08-31 21:38:32,198 [IPC Server listener on 33983] INFO  ipc.Server (Server.java:run(1153)) - IPC Server listener on 33983: starting
2019-08-31 21:38:32,203 [Thread-198] INFO  http.HttpServer2 (HttpServer2.java:bindListener(1191)) - Jetty bound to port 43097
2019-08-31 21:38:32,203 [Thread-198] INFO  server.Server (Server.java:doStart(351)) - jetty-9.3.24.v20180605, build timestamp: 2018-06-05T17:11:56Z, git hash: 84205aa28f11a4f31f2a3b86d1bba2cc8ab69827
2019-08-31 21:38:32,206 [Thread-198] INFO  handler.ContextHandler (ContextHandler.java:doStart(781)) - Started o.e.j.s.ServletContextHandler@39566c07{/logs,file:///workdir/hadoop-ozone/integration-test/target/log,AVAILABLE}
2019-08-31 21:38:32,207 [Thread-198] INFO  handler.ContextHandler (ContextHandler.java:doStart(781)) - Started o.e.j.s.ServletContextHandler@32b72985{/static,file:///workdir/hadoop-ozone/integration-test/target/test-classes/webapps/static,AVAILABLE}
2019-08-31 21:38:32,212 [Thread-198] INFO  handler.ContextHandler (ContextHandler.java:doStart(781)) - Started o.e.j.w.WebAppContext@70249d2{/,file:///workdir/hadoop-ozone/integration-test/target/test-classes/webapps/scm/,AVAILABLE}{/scm}
2019-08-31 21:38:32,212 [Thread-198] INFO  server.AbstractConnector (AbstractConnector.java:doStart(278)) - Started ServerConnector@2af235ae{HTTP/1.1,[http/1.1]}{0.0.0.0:43097}
2019-08-31 21:38:32,214 [Thread-198] INFO  server.Server (Server.java:doStart(419)) - Started @63156ms
2019-08-31 21:38:32,214 [Thread-198] WARN  impl.MetricsSystemImpl (MetricsSystemImpl.java:register(276)) - Sink prometheus already exists!
2019-08-31 21:38:32,217 [Thread-198] INFO  server.BaseHttpServer (BaseHttpServer.java:updateConnectorAddress(215)) - HTTP server of SCM is listening at http://0.0.0.0:43097
2019-08-31 21:38:32,219 [Thread-198] INFO  ozone.MiniOzoneClusterImpl (MiniOzoneClusterImpl.java:lambda$waitForClusterToBeReady$0(140)) - Waiting for cluster to be ready. Got 0 of 1 DN Heartbeats.
2019-08-31 21:38:32,219 [org.apache.hadoop.util.JvmPauseMonitor$Monitor@79654a2c] INFO  util.JvmPauseMonitor (JvmPauseMonitor.java:run(188)) - Starting JVM pause monitor
2019-08-31 21:38:32,224 | INFO  | SCMAudit | user=jenkins1000 | ip=192.168.34.42 | op=SEND_HEARTBEAT {datanodeUUID=ede846b1-3099-4238-9ace-b91529b83e53, command=[]} | ret=SUCCESS |  
2019-08-31 21:38:32,844 [Datanode State Machine Thread - 1] INFO  ipc.Client (Client.java:handleConnectionFailure(948)) - Retrying connect to server: 0.0.0.0/0.0.0.0:33983. Already tried 6 time(s); retry policy is RetryUpToMaximumCountWithFixedSleep(maxRetries=10, sleepTime=1000 MILLISECONDS)
2019-08-31 21:38:32,851 | INFO  | SCMAudit | user=jenkins1000 | ip=192.168.34.42 | op=GET_VERSION null | ret=SUCCESS |  
2019-08-31 21:38:32,852 [Datanode State Machine Thread - 1] INFO  ozoneimpl.OzoneContainer (OzoneContainer.java:start(201)) - Attempting to start container services.
2019-08-31 21:38:32,853 [Datanode State Machine Thread - 1] INFO  ozoneimpl.OzoneContainer (OzoneContainer.java:startContainerScrub(175)) - Background container scrubber has been disabled by hdds.containerscrub.enabled
2019-08-31 21:38:32,853 [Datanode State Machine Thread - 1] INFO  ratis.XceiverServerRatis (XceiverServerRatis.java:start(393)) - Starting XceiverServerRatis 661c3bfc-5060-42c9-aa85-c31187e5ecbd at port 41102
2019-08-31 21:38:32,862 [Datanode State Machine Thread - 1] INFO  impl.RaftServerImpl (RaftServerImpl.java:start(180)) - 661c3bfc-5060-42c9-aa85-c31187e5ecbd: start group-1A2A47AEFF27
2019-08-31 21:38:32,863 [Datanode State Machine Thread - 1] INFO  impl.RaftServerImpl (RaftServerImpl.java:setRole(171)) - 661c3bfc-5060-42c9-aa85-c31187e5ecbd:group-1A2A47AEFF27 changes role from null to FOLLOWER at term 1 for startAsFollower
2019-08-31 21:38:32,863 [Datanode State Machine Thread - 1] INFO  impl.RoleInfo (RoleInfo.java:updateAndGet(143)) - 661c3bfc-5060-42c9-aa85-c31187e5ecbd: start FollowerState
2019-08-31 21:38:32,864 [Datanode State Machine Thread - 1] INFO  util.JmxRegister (JmxRegister.java:tryRegister(44)) - Successfully registered JMX Bean with object name Ratis:service=RaftServer,group=group-1A2A47AEFF27,id=661c3bfc-5060-42c9-aa85-c31187e5ecbd
2019-08-31 21:38:32,865 [Datanode State Machine Thread - 1] INFO  impl.RaftServerProxy (RaftServerProxy.java:lambda$start$3(299)) - 661c3bfc-5060-42c9-aa85-c31187e5ecbd: start RPC server
2019-08-31 21:38:32,868 [Datanode State Machine Thread - 1] INFO  server.GrpcService (GrpcService.java:startImpl(149)) - 661c3bfc-5060-42c9-aa85-c31187e5ecbd: GrpcService started, listening on 0.0.0.0/0.0.0.0:41102
2019-08-31 21:38:33,032 | INFO  | SCMAudit | user=jenkins1000 | ip=192.168.34.42 | op=SEND_HEARTBEAT {datanodeUUID=b74b8129-5db4-4482-95bd-28d5db4a01ca, command=[]} | ret=SUCCESS |  
2019-08-31 21:38:33,122 | INFO  | SCMAudit | user=jenkins1000 | ip=192.168.34.42 | op=SEND_HEARTBEAT {datanodeUUID=7a4766de-48bc-4159-ac88-ca5125803eb5, command=[]} | ret=SUCCESS |  
2019-08-31 21:38:33,219 [Thread-198] INFO  ozone.MiniOzoneClusterImpl (MiniOzoneClusterImpl.java:lambda$waitForClusterToBeReady$0(140)) - Waiting for cluster to be ready. Got 0 of 1 DN Heartbeats.
2019-08-31 21:38:33,223 | INFO  | SCMAudit | user=jenkins1000 | ip=192.168.34.42 | op=SEND_HEARTBEAT {datanodeUUID=ede846b1-3099-4238-9ace-b91529b83e53, command=[]} | ret=SUCCESS |  
2019-08-31 21:38:34,033 | INFO  | SCMAudit | user=jenkins1000 | ip=192.168.34.42 | op=SEND_HEARTBEAT {datanodeUUID=b74b8129-5db4-4482-95bd-28d5db4a01ca, command=[]} | ret=SUCCESS |  
2019-08-31 21:38:34,122 | INFO  | SCMAudit | user=jenkins1000 | ip=192.168.34.42 | op=SEND_HEARTBEAT {datanodeUUID=7a4766de-48bc-4159-ac88-ca5125803eb5, command=[]} | ret=SUCCESS |  
2019-08-31 21:38:34,220 [Thread-198] INFO  ozone.MiniOzoneClusterImpl (MiniOzoneClusterImpl.java:lambda$waitForClusterToBeReady$0(140)) - Cluster is ready. Got 1 of 1 DN Heartbeats.
2019-08-31 21:38:34,220 [Thread-198] INFO  ozone.MiniOzoneClusterImpl (MiniOzoneClusterImpl.java:lambda$waitForClusterToBeReady$0(140)) - Cluster is ready. Got 1 of 1 DN Heartbeats.
2019-08-31 21:38:34,223 | INFO  | SCMAudit | user=jenkins1000 | ip=192.168.34.42 | op=SEND_HEARTBEAT {datanodeUUID=ede846b1-3099-4238-9ace-b91529b83e53, command=[]} | ret=SUCCESS |  
2019-08-31 21:38:34,531 [IPC Server handler 0 on 33983] INFO  net.NetworkTopology (NetworkTopologyImpl.java:add(110)) - Added a new node: /default-rack/661c3bfc-5060-42c9-aa85-c31187e5ecbd
2019-08-31 21:38:34,535 [IPC Server handler 0 on 33983] INFO  node.SCMNodeManager (SCMNodeManager.java:register(266)) - Registered Data node : 661c3bfc-5060-42c9-aa85-c31187e5ecbd{ip: 192.168.34.42, host: pr-hdds-2060-5kx6h-1518693133, networkLocation: /default-rack, certSerialId: null}
2019-08-31 21:38:34,537 [EventQueue-NodeRegistrationContainerReportForDataNodeSafeModeRule] INFO  safemode.SCMSafeModeManager (DataNodeSafeModeRule.java:process(71)) - SCM in safe mode. 1 DataNodes registered, 1 required.
2019-08-31 21:38:34,540 [EventQueue-NodeRegistrationContainerReportForDataNodeSafeModeRule] INFO  safemode.SCMSafeModeManager (SCMSafeModeManager.java:validateSafeModeExitRules(177)) - ScmSafeModeManager, all rules are successfully validated
2019-08-31 21:38:34,540 [EventQueue-NodeRegistrationContainerReportForDataNodeSafeModeRule] INFO  safemode.SCMSafeModeManager (SCMSafeModeManager.java:exitSafeMode(193)) - SCM exiting safe mode.
2019-08-31 21:38:34,540 | INFO  | SCMAudit | user=jenkins1000 | ip=192.168.34.42 | op=REGISTER {datanodeDetails=661c3bfc-5060-42c9-aa85-c31187e5ecbd{ip: 192.168.34.42, host: pr-hdds-2060-5kx6h-1518693133, networkLocation: /default-rack, certSerialId: null}} | ret=SUCCESS |  
2019-08-31 21:38:34,541 [EventQueue-PipelineReportForPipelineReportHandler] INFO  pipeline.PipelineReportHandler (PipelineReportHandler.java:processPipelineReport(105)) - Pipeline PipelineID=ba5999a7-2cf7-4e68-beb9-1a2a47aeff27 reported by 661c3bfc-5060-42c9-aa85-c31187e5ecbd{ip: 192.168.34.42, host: pr-hdds-2060-5kx6h-1518693133, networkLocation: /default-rack, certSerialId: null}
2019-08-31 21:38:34,544 [EventQueue-PipelineReportForPipelineReportHandler] INFO  pipeline.PipelineStateManager (PipelineStateManager.java:openPipeline(136)) - Pipeline Pipeline[ Id: ba5999a7-2cf7-4e68-beb9-1a2a47aeff27, Nodes: 661c3bfc-5060-42c9-aa85-c31187e5ecbd{ip: 192.168.34.42, host: pr-hdds-2060-5kx6h-1518693133, networkLocation: /default-rack, certSerialId: null}, Type:RATIS, Factor:ONE, State:OPEN] moved to OPEN state
]]></system-out>
  </testcase>
  <testcase name="testDatanodeIDPersistent" classname="org.apache.hadoop.ozone.TestMiniOzoneCluster" time="0.021"/>
  <testcase name="testContainerRandomPort" classname="org.apache.hadoop.ozone.TestMiniOzoneCluster" time="0.32"/>
</testsuite>