<?xml version="1.0" encoding="UTF-8"?>
<testsuite xmlns:xsi="http://www.w3.org/2001/XMLSchema-instance" xsi:noNamespaceSchemaLocation="https://maven.apache.org/surefire/maven-surefire-plugin/xsd/surefire-test-report.xsd" name="org.apache.hadoop.ozone.client.rpc.TestBlockOutputStreamWithFailures" time="676.404" tests="8" errors="0" skipped="0" failures="2">
  <properties>
    <property name="awt.toolkit" value="sun.awt.X11.XToolkit"/>
    <property name="file.encoding.pkg" value="sun.io"/>
    <property name="java.specification.version" value="1.8"/>
    <property name="sun.cpu.isalist" value=""/>
    <property name="sun.jnu.encoding" value="UTF-8"/>
    <property name="java.class.path" value="/workdir/hadoop-ozone/integration-test/target/test-classes:/workdir/hadoop-ozone/integration-test/target/classes:/home/user/.m2/repository/org/apache/hadoop/hadoop-ozone-common/0.4.1-SNAPSHOT/hadoop-ozone-common-0.4.1-SNAPSHOT.jar:/home/user/.m2/repository/org/apache/commons/commons-compress/1.4.1/commons-compress-1.4.1.jar:/home/user/.m2/repository/org/tukaani/xz/1.0/xz-1.0.jar:/home/user/.m2/repository/org/apache/hadoop/hadoop-common/3.2.0/hadoop-common-3.2.0.jar:/home/user/.m2/repository/org/apache/hadoop/hadoop-hdfs/3.2.0/hadoop-hdfs-3.2.0.jar:/home/user/.m2/repository/org/apache/hadoop/hadoop-hdfs-client/3.2.0/hadoop-hdfs-client-3.2.0.jar:/home/user/.m2/repository/com/fasterxml/jackson/core/jackson-annotations/2.9.5/jackson-annotations-2.9.5.jar:/home/user/.m2/repository/org/apache/hadoop/hadoop-hdds-common/0.4.1-SNAPSHOT/hadoop-hdds-common-0.4.1-SNAPSHOT.jar:/home/user/.m2/repository/javax/annotation/javax.annotation-api/1.2/javax.annotation-api-1.2.jar:/home/user/.m2/repository/org/apache/ratis/ratis-server/0.4.0-2337318-SNAPSHOT/ratis-server-0.4.0-2337318-SNAPSHOT.jar:/home/user/.m2/repository/org/apache/ratis/ratis-thirdparty-misc/0.2.0/ratis-thirdparty-misc-0.2.0.jar:/home/user/.m2/repository/org/apache/ratis/ratis-proto/0.4.0-2337318-SNAPSHOT/ratis-proto-0.4.0-2337318-SNAPSHOT.jar:/home/user/.m2/repository/org/apache/ratis/ratis-common/0.4.0-2337318-SNAPSHOT/ratis-common-0.4.0-2337318-SNAPSHOT.jar:/home/user/.m2/repository/org/apache/ratis/ratis-client/0.4.0-2337318-SNAPSHOT/ratis-client-0.4.0-2337318-SNAPSHOT.jar:/home/user/.m2/repository/org/apache/ratis/ratis-metrics/0.4.0-2337318-SNAPSHOT/ratis-metrics-0.4.0-2337318-SNAPSHOT.jar:/home/user/.m2/repository/org/apache/ratis/ratis-netty/0.4.0-2337318-SNAPSHOT/ratis-netty-0.4.0-2337318-SNAPSHOT.jar:/home/user/.m2/repository/org/apache/ratis/ratis-grpc/0.4.0-2337318-SNAPSHOT/ratis-grpc-0.4.0-2337318-SNAPSHOT.jar:/home/user/.m2/repository/org/rocksdb/rocksdbjni/6.0.1/rocksdbjni-6.0.1.jar:/home/user/.m2/repository/org/apache/logging/log4j/log4j-api/2.11.0/log4j-api-2.11.0.jar:/home/user/.m2/repository/org/apache/logging/log4j/log4j-core/2.11.0/log4j-core-2.11.0.jar:/home/user/.m2/repository/com/lmax/disruptor/3.4.2/disruptor-3.4.2.jar:/home/user/.m2/repository/org/apache/commons/commons-pool2/2.6.0/commons-pool2-2.6.0.jar:/home/user/.m2/repository/org/bouncycastle/bcpkix-jdk15on/1.60/bcpkix-jdk15on-1.60.jar:/home/user/.m2/repository/commons-validator/commons-validator/1.6/commons-validator-1.6.jar:/home/user/.m2/repository/commons-digester/commons-digester/1.8.1/commons-digester-1.8.1.jar:/home/user/.m2/repository/io/jaegertracing/jaeger-client/0.33.1/jaeger-client-0.33.1.jar:/home/user/.m2/repository/io/jaegertracing/jaeger-thrift/0.33.1/jaeger-thrift-0.33.1.jar:/home/user/.m2/repository/org/apache/thrift/libthrift/0.11.0/libthrift-0.11.0.jar:/home/user/.m2/repository/com/squareup/okhttp3/okhttp/3.9.0/okhttp-3.9.0.jar:/home/user/.m2/repository/com/squareup/okio/okio/1.13.0/okio-1.13.0.jar:/home/user/.m2/repository/io/jaegertracing/jaeger-core/0.33.1/jaeger-core-0.33.1.jar:/home/user/.m2/repository/io/jaegertracing/jaeger-tracerresolver/0.33.1/jaeger-tracerresolver-0.33.1.jar:/home/user/.m2/repository/io/opentracing/contrib/opentracing-tracerresolver/0.1.5/opentracing-tracerresolver-0.1.5.jar:/home/user/.m2/repository/io/opentracing/opentracing-util/0.31.0/opentracing-util-0.31.0.jar:/home/user/.m2/repository/io/opentracing/opentracing-api/0.31.0/opentracing-api-0.31.0.jar:/home/user/.m2/repository/io/opentracing/opentracing-noop/0.31.0/opentracing-noop-0.31.0.jar:/home/user/.m2/repository/org/apache/hadoop/hadoop-hdds-server-framework/0.4.1-SNAPSHOT/hadoop-hdds-server-framework-0.4.1-SNAPSHOT.jar:/home/user/.m2/repository/org/apache/hadoop/hadoop-hdds-container-service/0.4.1-SNAPSHOT/hadoop-hdds-container-service-0.4.1-SNAPSHOT.jar:/home/user/.m2/repository/org/apache/hadoop/hadoop-hdds-client/0.4.1-SNAPSHOT/hadoop-hdds-client-0.4.1-SNAPSHOT.jar:/home/user/.m2/repository/org/apache/hadoop/hadoop-hdds-tools/0.4.1-SNAPSHOT/hadoop-hdds-tools-0.4.1-SNAPSHOT.jar:/home/user/.m2/repository/org/apache/hadoop/hadoop-hdds-server-scm/0.4.1-SNAPSHOT/hadoop-hdds-server-scm-0.4.1-SNAPSHOT.jar:/home/user/.m2/repository/org/apache/hadoop/hadoop-hdds-docs/0.4.1-SNAPSHOT/hadoop-hdds-docs-0.4.1-SNAPSHOT.jar:/home/user/.m2/repository/io/dropwizard/metrics/metrics-core/3.2.4/metrics-core-3.2.4.jar:/home/user/.m2/repository/org/hamcrest/hamcrest-all/1.3/hamcrest-all-1.3.jar:/home/user/.m2/repository/org/bouncycastle/bcprov-jdk15on/1.60/bcprov-jdk15on-1.60.jar:/home/user/.m2/repository/info/picocli/picocli/3.9.6/picocli-3.9.6.jar:/home/user/.m2/repository/com/google/protobuf/protobuf-java/2.5.0/protobuf-java-2.5.0.jar:/home/user/.m2/repository/com/google/guava/guava/11.0.2/guava-11.0.2.jar:/home/user/.m2/repository/org/apache/hadoop/hadoop-ozone-ozone-manager/0.4.1-SNAPSHOT/hadoop-ozone-ozone-manager-0.4.1-SNAPSHOT.jar:/home/user/.m2/repository/org/apache/hadoop/hadoop-minikdc/3.2.0/hadoop-minikdc-3.2.0.jar:/home/user/.m2/repository/commons-io/commons-io/2.5/commons-io-2.5.jar:/home/user/.m2/repository/org/apache/kerby/kerb-simplekdc/1.0.1/kerb-simplekdc-1.0.1.jar:/home/user/.m2/repository/org/apache/kerby/kerb-client/1.0.1/kerb-client-1.0.1.jar:/home/user/.m2/repository/org/apache/kerby/kerby-config/1.0.1/kerby-config-1.0.1.jar:/home/user/.m2/repository/org/apache/kerby/kerb-core/1.0.1/kerb-core-1.0.1.jar:/home/user/.m2/repository/org/apache/kerby/kerby-pkix/1.0.1/kerby-pkix-1.0.1.jar:/home/user/.m2/repository/org/apache/kerby/kerby-asn1/1.0.1/kerby-asn1-1.0.1.jar:/home/user/.m2/repository/org/apache/kerby/kerby-util/1.0.1/kerby-util-1.0.1.jar:/home/user/.m2/repository/org/apache/kerby/kerb-common/1.0.1/kerb-common-1.0.1.jar:/home/user/.m2/repository/org/apache/kerby/kerb-crypto/1.0.1/kerb-crypto-1.0.1.jar:/home/user/.m2/repository/org/apache/kerby/kerb-util/1.0.1/kerb-util-1.0.1.jar:/home/user/.m2/repository/org/apache/kerby/token-provider/1.0.1/token-provider-1.0.1.jar:/home/user/.m2/repository/org/apache/kerby/kerb-admin/1.0.1/kerb-admin-1.0.1.jar:/home/user/.m2/repository/org/apache/kerby/kerb-server/1.0.1/kerb-server-1.0.1.jar:/home/user/.m2/repository/org/apache/kerby/kerb-identity/1.0.1/kerb-identity-1.0.1.jar:/home/user/.m2/repository/org/apache/kerby/kerby-xdr/1.0.1/kerby-xdr-1.0.1.jar:/home/user/.m2/repository/org/slf4j/slf4j-log4j12/1.7.25/slf4j-log4j12-1.7.25.jar:/home/user/.m2/repository/org/apache/hadoop/hadoop-ozone-objectstore-service/0.4.1-SNAPSHOT/hadoop-ozone-objectstore-service-0.4.1-SNAPSHOT.jar:/home/user/.m2/repository/org/apache/hadoop/hadoop-ozone-s3gateway/0.4.1-SNAPSHOT/hadoop-ozone-s3gateway-0.4.1-SNAPSHOT.jar:/home/user/.m2/repository/org/jboss/weld/servlet/weld-servlet/2.4.7.Final/weld-servlet-2.4.7.Final.jar:/home/user/.m2/repository/org/glassfish/jersey/containers/jersey-container-servlet-core/2.27/jersey-container-servlet-core-2.27.jar:/home/user/.m2/repository/org/glassfish/hk2/external/javax.inject/2.5.0-b42/javax.inject-2.5.0-b42.jar:/home/user/.m2/repository/org/glassfish/jersey/core/jersey-common/2.27/jersey-common-2.27.jar:/home/user/.m2/repository/org/glassfish/hk2/osgi-resource-locator/1.0.1/osgi-resource-locator-1.0.1.jar:/home/user/.m2/repository/javax/ws/rs/javax.ws.rs-api/2.1/javax.ws.rs-api-2.1.jar:/home/user/.m2/repository/org/glassfish/jersey/ext/cdi/jersey-cdi1x/2.27/jersey-cdi1x-2.27.jar:/home/user/.m2/repository/org/glassfish/jersey/inject/jersey-hk2/2.27/jersey-hk2-2.27.jar:/home/user/.m2/repository/org/glassfish/hk2/hk2-locator/2.5.0-b42/hk2-locator-2.5.0-b42.jar:/home/user/.m2/repository/org/javassist/javassist/3.22.0-CR2/javassist-3.22.0-CR2.jar:/home/user/.m2/repository/org/glassfish/hk2/hk2-api/2.5.0/hk2-api-2.5.0.jar:/home/user/.m2/repository/org/glassfish/hk2/external/jakarta.inject/2.5.0/jakarta.inject-2.5.0.jar:/home/user/.m2/repository/org/glassfish/hk2/hk2-utils/2.5.0/hk2-utils-2.5.0.jar:/home/user/.m2/repository/jakarta/annotation/jakarta.annotation-api/1.3.4/jakarta.annotation-api-1.3.4.jar:/home/user/.m2/repository/org/glassfish/hk2/external/aopalliance-repackaged/2.5.0/aopalliance-repackaged-2.5.0.jar:/home/user/.m2/repository/com/fasterxml/jackson/dataformat/jackson-dataformat-xml/2.9.0/jackson-dataformat-xml-2.9.0.jar:/home/user/.m2/repository/com/fasterxml/jackson/core/jackson-core/2.9.5/jackson-core-2.9.5.jar:/home/user/.m2/repository/com/fasterxml/jackson/module/jackson-module-jaxb-annotations/2.9.5/jackson-module-jaxb-annotations-2.9.5.jar:/home/user/.m2/repository/javax/enterprise/cdi-api/1.2/cdi-api-1.2.jar:/home/user/.m2/repository/javax/el/javax.el-api/3.0.0/javax.el-api-3.0.0.jar:/home/user/.m2/repository/javax/interceptor/javax.interceptor-api/1.2/javax.interceptor-api-1.2.jar:/home/user/.m2/repository/javax/inject/javax.inject/1/javax.inject-1.jar:/home/user/.m2/repository/com/sun/xml/bind/jaxb-impl/2.3.0.1/jaxb-impl-2.3.0.1.jar:/home/user/.m2/repository/com/sun/xml/bind/jaxb-core/2.3.0.1/jaxb-core-2.3.0.1.jar:/home/user/.m2/repository/javax/xml/bind/jaxb-api/2.3.0/jaxb-api-2.3.0.jar:/home/user/.m2/repository/javax/activation/activation/1.1.1/activation-1.1.1.jar:/home/user/.m2/repository/org/apache/hadoop/hadoop-ozone-csi/0.4.1-SNAPSHOT/hadoop-ozone-csi-0.4.1-SNAPSHOT.jar:/home/user/.m2/repository/com/google/protobuf/protobuf-java-util/3.5.1/protobuf-java-util-3.5.1.jar:/home/user/.m2/repository/org/apache/hadoop/hadoop-hdds-config/0.4.1-SNAPSHOT/hadoop-hdds-config-0.4.1-SNAPSHOT.jar:/home/user/.m2/repository/io/grpc/grpc-netty/1.17.1/grpc-netty-1.17.1.jar:/home/user/.m2/repository/io/grpc/grpc-core/1.17.1/grpc-core-1.17.1.jar:/home/user/.m2/repository/io/grpc/grpc-context/1.17.1/grpc-context-1.17.1.jar:/home/user/.m2/repository/com/google/errorprone/error_prone_annotations/2.2.0/error_prone_annotations-2.2.0.jar:/home/user/.m2/repository/org/codehaus/mojo/animal-sniffer-annotations/1.17/animal-sniffer-annotations-1.17.jar:/home/user/.m2/repository/io/opencensus/opencensus-api/0.17.0/opencensus-api-0.17.0.jar:/home/user/.m2/repository/io/opencensus/opencensus-contrib-grpc-metrics/0.17.0/opencensus-contrib-grpc-metrics-0.17.0.jar:/home/user/.m2/repository/io/netty/netty-codec-http2/4.1.30.Final/netty-codec-http2-4.1.30.Final.jar:/home/user/.m2/repository/io/netty/netty-codec-http/4.1.30.Final/netty-codec-http-4.1.30.Final.jar:/home/user/.m2/repository/io/netty/netty-codec/4.1.30.Final/netty-codec-4.1.30.Final.jar:/home/user/.m2/repository/io/netty/netty-handler/4.1.30.Final/netty-handler-4.1.30.Final.jar:/home/user/.m2/repository/io/netty/netty-handler-proxy/4.1.30.Final/netty-handler-proxy-4.1.30.Final.jar:/home/user/.m2/repository/io/netty/netty-codec-socks/4.1.30.Final/netty-codec-socks-4.1.30.Final.jar:/home/user/.m2/repository/io/netty/netty-transport-native-epoll/4.1.30.Final/netty-transport-native-epoll-4.1.30.Final.jar:/home/user/.m2/repository/io/netty/netty-common/4.1.30.Final/netty-common-4.1.30.Final.jar:/home/user/.m2/repository/io/netty/netty-buffer/4.1.30.Final/netty-buffer-4.1.30.Final.jar:/home/user/.m2/repository/io/netty/netty-transport/4.1.30.Final/netty-transport-4.1.30.Final.jar:/home/user/.m2/repository/io/netty/netty-resolver/4.1.30.Final/netty-resolver-4.1.30.Final.jar:/home/user/.m2/repository/io/netty/netty-transport-native-unix-common/4.1.30.Final/netty-transport-native-unix-common-4.1.30.Final.jar:/home/user/.m2/repository/io/grpc/grpc-protobuf/1.17.1/grpc-protobuf-1.17.1.jar:/home/user/.m2/repository/com/google/api/grpc/proto-google-common-protos/1.0.0/proto-google-common-protos-1.0.0.jar:/home/user/.m2/repository/io/grpc/grpc-protobuf-lite/1.17.1/grpc-protobuf-lite-1.17.1.jar:/home/user/.m2/repository/io/grpc/grpc-stub/1.17.1/grpc-stub-1.17.1.jar:/home/user/.m2/repository/org/apache/hadoop/hadoop-ozone-recon/0.4.1-SNAPSHOT/hadoop-ozone-recon-0.4.1-SNAPSHOT.jar:/home/user/.m2/repository/org/apache/hadoop/hadoop-ozone-reconcodegen/0.4.1-SNAPSHOT/hadoop-ozone-reconcodegen-0.4.1-SNAPSHOT.jar:/home/user/.m2/repository/com/google/inject/extensions/guice-multibindings/4.0/guice-multibindings-4.0.jar:/home/user/.m2/repository/com/google/inject/guice/4.0/guice-4.0.jar:/home/user/.m2/repository/aopalliance/aopalliance/1.0/aopalliance-1.0.jar:/home/user/.m2/repository/com/google/inject/extensions/guice-servlet/4.0/guice-servlet-4.0.jar:/home/user/.m2/repository/org/glassfish/jersey/containers/jersey-container-servlet/2.27/jersey-container-servlet-2.27.jar:/home/user/.m2/repository/org/glassfish/hk2/guice-bridge/2.5.0/guice-bridge-2.5.0.jar:/home/user/.m2/repository/org/glassfish/jersey/core/jersey-server/2.27/jersey-server-2.27.jar:/home/user/.m2/repository/org/glassfish/jersey/core/jersey-client/2.27/jersey-client-2.27.jar:/home/user/.m2/repository/org/glassfish/jersey/media/jersey-media-jaxb/2.27/jersey-media-jaxb-2.27.jar:/home/user/.m2/repository/javax/validation/validation-api/1.1.0.Final/validation-api-1.1.0.Final.jar:/home/user/.m2/repository/org/glassfish/jersey/media/jersey-media-json-jackson/2.27/jersey-media-json-jackson-2.27.jar:/home/user/.m2/repository/org/glassfish/jersey/ext/jersey-entity-filtering/2.27/jersey-entity-filtering-2.27.jar:/home/user/.m2/repository/com/google/inject/extensions/guice-assistedinject/4.0/guice-assistedinject-4.0.jar:/home/user/.m2/repository/org/jooq/jooq/3.11.10/jooq-3.11.10.jar:/home/user/.m2/repository/org/jooq/jooq-meta/3.11.10/jooq-meta-3.11.10.jar:/home/user/.m2/repository/org/jooq/jooq-codegen/3.11.10/jooq-codegen-3.11.10.jar:/home/user/.m2/repository/com/jolbox/bonecp/0.8.0.RELEASE/bonecp-0.8.0.RELEASE.jar:/home/user/.m2/repository/org/xerial/sqlite-jdbc/3.25.2/sqlite-jdbc-3.25.2.jar:/home/user/.m2/repository/org/springframework/spring-jdbc/5.1.3.RELEASE/spring-jdbc-5.1.3.RELEASE.jar:/home/user/.m2/repository/org/springframework/spring-beans/5.1.3.RELEASE/spring-beans-5.1.3.RELEASE.jar:/home/user/.m2/repository/org/springframework/spring-core/5.1.3.RELEASE/spring-core-5.1.3.RELEASE.jar:/home/user/.m2/repository/org/springframework/spring-jcl/5.1.3.RELEASE/spring-jcl-5.1.3.RELEASE.jar:/home/user/.m2/repository/org/springframework/spring-tx/5.1.3.RELEASE/spring-tx-5.1.3.RELEASE.jar:/home/user/.m2/repository/org/apache/hadoop/hadoop-ozone-client/0.4.1-SNAPSHOT/hadoop-ozone-client-0.4.1-SNAPSHOT.jar:/home/user/.m2/repository/commons-lang/commons-lang/2.6/commons-lang-2.6.jar:/home/user/.m2/repository/org/apache/hadoop/hadoop-ozone-ozone-manager/0.4.1-SNAPSHOT/hadoop-ozone-ozone-manager-0.4.1-SNAPSHOT-tests.jar:/home/user/.m2/repository/junit/junit/4.11/junit-4.11.jar:/home/user/.m2/repository/org/hamcrest/hamcrest-core/1.3/hamcrest-core-1.3.jar:/home/user/.m2/repository/org/openjdk/jmh/jmh-core/1.19/jmh-core-1.19.jar:/home/user/.m2/repository/net/sf/jopt-simple/jopt-simple/4.6/jopt-simple-4.6.jar:/home/user/.m2/repository/org/apache/commons/commons-math3/3.1.1/commons-math3-3.1.1.jar:/home/user/.m2/repository/org/openjdk/jmh/jmh-generator-annprocess/1.19/jmh-generator-annprocess-1.19.jar:/home/user/.m2/repository/org/mockito/mockito-all/1.8.5/mockito-all-1.8.5.jar:/home/user/.m2/repository/org/apache/hadoop/hadoop-kms/3.2.0/hadoop-kms-3.2.0.jar:/home/user/.m2/repository/org/apache/hadoop/hadoop-auth/3.2.0/hadoop-auth-3.2.0.jar:/home/user/.m2/repository/com/nimbusds/nimbus-jose-jwt/4.41.1/nimbus-jose-jwt-4.41.1.jar:/home/user/.m2/repository/com/github/stephenc/jcip/jcip-annotations/1.0-1/jcip-annotations-1.0-1.jar:/home/user/.m2/repository/net/minidev/json-smart/2.3/json-smart-2.3.jar:/home/user/.m2/repository/net/minidev/accessors-smart/1.2/accessors-smart-1.2.jar:/home/user/.m2/repository/org/ow2/asm/asm/5.0.4/asm-5.0.4.jar:/home/user/.m2/repository/org/apache/curator/curator-framework/2.12.0/curator-framework-2.12.0.jar:/home/user/.m2/repository/com/sun/jersey/jersey-core/1.19/jersey-core-1.19.jar:/home/user/.m2/repository/javax/ws/rs/jsr311-api/1.1.1/jsr311-api-1.1.1.jar:/home/user/.m2/repository/com/sun/jersey/jersey-server/1.19/jersey-server-1.19.jar:/home/user/.m2/repository/javax/servlet/javax.servlet-api/3.1.0/javax.servlet-api-3.1.0.jar:/home/user/.m2/repository/org/eclipse/jetty/jetty-server/9.3.24.v20180605/jetty-server-9.3.24.v20180605.jar:/home/user/.m2/repository/org/eclipse/jetty/jetty-http/9.3.24.v20180605/jetty-http-9.3.24.v20180605.jar:/home/user/.m2/repository/org/eclipse/jetty/jetty-io/9.3.24.v20180605/jetty-io-9.3.24.v20180605.jar:/home/user/.m2/repository/org/eclipse/jetty/jetty-webapp/9.3.24.v20180605/jetty-webapp-9.3.24.v20180605.jar:/home/user/.m2/repository/org/eclipse/jetty/jetty-xml/9.3.24.v20180605/jetty-xml-9.3.24.v20180605.jar:/home/user/.m2/repository/log4j/log4j/1.2.17/log4j-1.2.17.jar:/home/user/.m2/repository/org/slf4j/slf4j-api/1.7.25/slf4j-api-1.7.25.jar:/home/user/.m2/repository/org/slf4j/jul-to-slf4j/1.7.25/jul-to-slf4j-1.7.25.jar:/home/user/.m2/repository/org/eclipse/jetty/jetty-util/9.3.24.v20180605/jetty-util-9.3.24.v20180605.jar:/home/user/.m2/repository/com/fasterxml/jackson/core/jackson-databind/2.9.5/jackson-databind-2.9.5.jar:/home/user/.m2/repository/org/apache/hadoop/hadoop-kms/3.2.0/hadoop-kms-3.2.0-tests.jar:/home/user/.m2/repository/org/apache/hadoop/hadoop-hdds-server-scm/0.4.1-SNAPSHOT/hadoop-hdds-server-scm-0.4.1-SNAPSHOT-tests.jar:/home/user/.m2/repository/org/apache/hadoop/hadoop-hdds-container-service/0.4.1-SNAPSHOT/hadoop-hdds-container-service-0.4.1-SNAPSHOT-tests.jar:/home/user/.m2/repository/org/yaml/snakeyaml/1.16/snakeyaml-1.16.jar:/home/user/.m2/repository/org/apache/hadoop/hadoop-common/3.2.0/hadoop-common-3.2.0-tests.jar:/home/user/.m2/repository/org/apache/hadoop/hadoop-annotations/3.2.0/hadoop-annotations-3.2.0.jar:/usr/lib/jvm/java-1.8-openjdk/jre/../lib/tools.jar:/home/user/.m2/repository/commons-cli/commons-cli/1.2/commons-cli-1.2.jar:/home/user/.m2/repository/org/apache/httpcomponents/httpclient/4.5.2/httpclient-4.5.2.jar:/home/user/.m2/repository/org/apache/httpcomponents/httpcore/4.4.4/httpcore-4.4.4.jar:/home/user/.m2/repository/commons-codec/commons-codec/1.11/commons-codec-1.11.jar:/home/user/.m2/repository/commons-net/commons-net/3.6/commons-net-3.6.jar:/home/user/.m2/repository/commons-collections/commons-collections/3.2.2/commons-collections-3.2.2.jar:/home/user/.m2/repository/org/eclipse/jetty/jetty-servlet/9.3.24.v20180605/jetty-servlet-9.3.24.v20180605.jar:/home/user/.m2/repository/org/eclipse/jetty/jetty-security/9.3.24.v20180605/jetty-security-9.3.24.v20180605.jar:/home/user/.m2/repository/javax/servlet/jsp/jsp-api/2.1/jsp-api-2.1.jar:/home/user/.m2/repository/com/sun/jersey/jersey-servlet/1.19/jersey-servlet-1.19.jar:/home/user/.m2/repository/com/sun/jersey/jersey-json/1.19/jersey-json-1.19.jar:/home/user/.m2/repository/org/codehaus/jettison/jettison/1.1/jettison-1.1.jar:/home/user/.m2/repository/org/codehaus/jackson/jackson-core-asl/1.9.13/jackson-core-asl-1.9.13.jar:/home/user/.m2/repository/org/codehaus/jackson/jackson-mapper-asl/1.9.13/jackson-mapper-asl-1.9.13.jar:/home/user/.m2/repository/org/codehaus/jackson/jackson-jaxrs/1.9.13/jackson-jaxrs-1.9.13.jar:/home/user/.m2/repository/org/codehaus/jackson/jackson-xc/1.9.13/jackson-xc-1.9.13.jar:/home/user/.m2/repository/commons-logging/commons-logging/1.1.3/commons-logging-1.1.3.jar:/home/user/.m2/repository/commons-beanutils/commons-beanutils/1.9.3/commons-beanutils-1.9.3.jar:/home/user/.m2/repository/org/apache/commons/commons-configuration2/2.1.1/commons-configuration2-2.1.1.jar:/home/user/.m2/repository/org/apache/commons/commons-lang3/3.7/commons-lang3-3.7.jar:/home/user/.m2/repository/org/apache/commons/commons-text/1.4/commons-text-1.4.jar:/home/user/.m2/repository/org/apache/avro/avro/1.7.7/avro-1.7.7.jar:/home/user/.m2/repository/com/thoughtworks/paranamer/paranamer/2.3/paranamer-2.3.jar:/home/user/.m2/repository/org/xerial/snappy/snappy-java/1.0.5/snappy-java-1.0.5.jar:/home/user/.m2/repository/com/google/re2j/re2j/1.1/re2j-1.1.jar:/home/user/.m2/repository/com/google/code/gson/gson/2.2.4/gson-2.2.4.jar:/home/user/.m2/repository/com/jcraft/jsch/0.1.54/jsch-0.1.54.jar:/home/user/.m2/repository/org/apache/curator/curator-client/2.12.0/curator-client-2.12.0.jar:/home/user/.m2/repository/org/apache/curator/curator-recipes/2.12.0/curator-recipes-2.12.0.jar:/home/user/.m2/repository/com/google/code/findbugs/jsr305/3.0.0/jsr305-3.0.0.jar:/home/user/.m2/repository/org/apache/htrace/htrace-core4/4.1.0-incubating/htrace-core4-4.1.0-incubating.jar:/home/user/.m2/repository/org/apache/zookeeper/zookeeper/3.4.13/zookeeper-3.4.13.jar:/home/user/.m2/repository/org/apache/yetus/audience-annotations/0.5.0/audience-annotations-0.5.0.jar:/home/user/.m2/repository/org/codehaus/woodstox/stax2-api/3.1.4/stax2-api-3.1.4.jar:/home/user/.m2/repository/com/fasterxml/woodstox/woodstox-core/5.0.3/woodstox-core-5.0.3.jar:/home/user/.m2/repository/dnsjava/dnsjava/2.1.7/dnsjava-2.1.7.jar:/home/user/.m2/repository/org/apache/hadoop/hadoop-hdfs/3.2.0/hadoop-hdfs-3.2.0-tests.jar:/home/user/.m2/repository/org/eclipse/jetty/jetty-util-ajax/9.3.24.v20180605/jetty-util-ajax-9.3.24.v20180605.jar:/home/user/.m2/repository/commons-daemon/commons-daemon/1.0.13/commons-daemon-1.0.13.jar:/home/user/.m2/repository/io/netty/netty/3.10.5.Final/netty-3.10.5.Final.jar:/home/user/.m2/repository/io/netty/netty-all/4.0.52.Final/netty-all-4.0.52.Final.jar:/home/user/.m2/repository/org/fusesource/leveldbjni/leveldbjni-all/1.8/leveldbjni-all-1.8.jar:"/>
    <property name="java.vm.vendor" value="IcedTea"/>
    <property name="sun.arch.data.model" value="64"/>
    <property name="test.build.dir" value="/workdir/hadoop-ozone/integration-test/target/test-dir"/>
    <property name="test.cache.data" value=""/>
    <property name="java.vendor.url" value="https://icedtea.classpath.org"/>
    <property name="user.timezone" value=""/>
    <property name="java.vm.specification.version" value="1.8"/>
    <property name="os.name" value="Linux"/>
    <property name="test.build.data" value="/workdir/hadoop-ozone/integration-test/target/test-dir"/>
    <property name="user.country" value="US"/>
    <property name="sun.java.launcher" value="SUN_STANDARD"/>
    <property name="sun.boot.library.path" value="/usr/lib/jvm/java-1.8-openjdk/jre/lib/amd64"/>
    <property name="sun.java.command" value="/workdir/hadoop-ozone/integration-test/target/surefire/surefirebooter5718986982538138536.jar /workdir/hadoop-ozone/integration-test/target/surefire 2019-07-30T18-42-54_965-jvmRun1 surefire3168102249002993004tmp surefire_281740917567854062100tmp"/>
    <property name="surefire.test.class.path" value="/workdir/hadoop-ozone/integration-test/target/test-classes:/workdir/hadoop-ozone/integration-test/target/classes:/home/user/.m2/repository/org/apache/hadoop/hadoop-ozone-common/0.4.1-SNAPSHOT/hadoop-ozone-common-0.4.1-SNAPSHOT.jar:/home/user/.m2/repository/org/apache/commons/commons-compress/1.4.1/commons-compress-1.4.1.jar:/home/user/.m2/repository/org/tukaani/xz/1.0/xz-1.0.jar:/home/user/.m2/repository/org/apache/hadoop/hadoop-common/3.2.0/hadoop-common-3.2.0.jar:/home/user/.m2/repository/org/apache/hadoop/hadoop-hdfs/3.2.0/hadoop-hdfs-3.2.0.jar:/home/user/.m2/repository/org/apache/hadoop/hadoop-hdfs-client/3.2.0/hadoop-hdfs-client-3.2.0.jar:/home/user/.m2/repository/com/fasterxml/jackson/core/jackson-annotations/2.9.5/jackson-annotations-2.9.5.jar:/home/user/.m2/repository/org/apache/hadoop/hadoop-hdds-common/0.4.1-SNAPSHOT/hadoop-hdds-common-0.4.1-SNAPSHOT.jar:/home/user/.m2/repository/javax/annotation/javax.annotation-api/1.2/javax.annotation-api-1.2.jar:/home/user/.m2/repository/org/apache/ratis/ratis-server/0.4.0-2337318-SNAPSHOT/ratis-server-0.4.0-2337318-SNAPSHOT.jar:/home/user/.m2/repository/org/apache/ratis/ratis-thirdparty-misc/0.2.0/ratis-thirdparty-misc-0.2.0.jar:/home/user/.m2/repository/org/apache/ratis/ratis-proto/0.4.0-2337318-SNAPSHOT/ratis-proto-0.4.0-2337318-SNAPSHOT.jar:/home/user/.m2/repository/org/apache/ratis/ratis-common/0.4.0-2337318-SNAPSHOT/ratis-common-0.4.0-2337318-SNAPSHOT.jar:/home/user/.m2/repository/org/apache/ratis/ratis-client/0.4.0-2337318-SNAPSHOT/ratis-client-0.4.0-2337318-SNAPSHOT.jar:/home/user/.m2/repository/org/apache/ratis/ratis-metrics/0.4.0-2337318-SNAPSHOT/ratis-metrics-0.4.0-2337318-SNAPSHOT.jar:/home/user/.m2/repository/org/apache/ratis/ratis-netty/0.4.0-2337318-SNAPSHOT/ratis-netty-0.4.0-2337318-SNAPSHOT.jar:/home/user/.m2/repository/org/apache/ratis/ratis-grpc/0.4.0-2337318-SNAPSHOT/ratis-grpc-0.4.0-2337318-SNAPSHOT.jar:/home/user/.m2/repository/org/rocksdb/rocksdbjni/6.0.1/rocksdbjni-6.0.1.jar:/home/user/.m2/repository/org/apache/logging/log4j/log4j-api/2.11.0/log4j-api-2.11.0.jar:/home/user/.m2/repository/org/apache/logging/log4j/log4j-core/2.11.0/log4j-core-2.11.0.jar:/home/user/.m2/repository/com/lmax/disruptor/3.4.2/disruptor-3.4.2.jar:/home/user/.m2/repository/org/apache/commons/commons-pool2/2.6.0/commons-pool2-2.6.0.jar:/home/user/.m2/repository/org/bouncycastle/bcpkix-jdk15on/1.60/bcpkix-jdk15on-1.60.jar:/home/user/.m2/repository/commons-validator/commons-validator/1.6/commons-validator-1.6.jar:/home/user/.m2/repository/commons-digester/commons-digester/1.8.1/commons-digester-1.8.1.jar:/home/user/.m2/repository/io/jaegertracing/jaeger-client/0.33.1/jaeger-client-0.33.1.jar:/home/user/.m2/repository/io/jaegertracing/jaeger-thrift/0.33.1/jaeger-thrift-0.33.1.jar:/home/user/.m2/repository/org/apache/thrift/libthrift/0.11.0/libthrift-0.11.0.jar:/home/user/.m2/repository/com/squareup/okhttp3/okhttp/3.9.0/okhttp-3.9.0.jar:/home/user/.m2/repository/com/squareup/okio/okio/1.13.0/okio-1.13.0.jar:/home/user/.m2/repository/io/jaegertracing/jaeger-core/0.33.1/jaeger-core-0.33.1.jar:/home/user/.m2/repository/io/jaegertracing/jaeger-tracerresolver/0.33.1/jaeger-tracerresolver-0.33.1.jar:/home/user/.m2/repository/io/opentracing/contrib/opentracing-tracerresolver/0.1.5/opentracing-tracerresolver-0.1.5.jar:/home/user/.m2/repository/io/opentracing/opentracing-util/0.31.0/opentracing-util-0.31.0.jar:/home/user/.m2/repository/io/opentracing/opentracing-api/0.31.0/opentracing-api-0.31.0.jar:/home/user/.m2/repository/io/opentracing/opentracing-noop/0.31.0/opentracing-noop-0.31.0.jar:/home/user/.m2/repository/org/apache/hadoop/hadoop-hdds-server-framework/0.4.1-SNAPSHOT/hadoop-hdds-server-framework-0.4.1-SNAPSHOT.jar:/home/user/.m2/repository/org/apache/hadoop/hadoop-hdds-container-service/0.4.1-SNAPSHOT/hadoop-hdds-container-service-0.4.1-SNAPSHOT.jar:/home/user/.m2/repository/org/apache/hadoop/hadoop-hdds-client/0.4.1-SNAPSHOT/hadoop-hdds-client-0.4.1-SNAPSHOT.jar:/home/user/.m2/repository/org/apache/hadoop/hadoop-hdds-tools/0.4.1-SNAPSHOT/hadoop-hdds-tools-0.4.1-SNAPSHOT.jar:/home/user/.m2/repository/org/apache/hadoop/hadoop-hdds-server-scm/0.4.1-SNAPSHOT/hadoop-hdds-server-scm-0.4.1-SNAPSHOT.jar:/home/user/.m2/repository/org/apache/hadoop/hadoop-hdds-docs/0.4.1-SNAPSHOT/hadoop-hdds-docs-0.4.1-SNAPSHOT.jar:/home/user/.m2/repository/io/dropwizard/metrics/metrics-core/3.2.4/metrics-core-3.2.4.jar:/home/user/.m2/repository/org/hamcrest/hamcrest-all/1.3/hamcrest-all-1.3.jar:/home/user/.m2/repository/org/bouncycastle/bcprov-jdk15on/1.60/bcprov-jdk15on-1.60.jar:/home/user/.m2/repository/info/picocli/picocli/3.9.6/picocli-3.9.6.jar:/home/user/.m2/repository/com/google/protobuf/protobuf-java/2.5.0/protobuf-java-2.5.0.jar:/home/user/.m2/repository/com/google/guava/guava/11.0.2/guava-11.0.2.jar:/home/user/.m2/repository/org/apache/hadoop/hadoop-ozone-ozone-manager/0.4.1-SNAPSHOT/hadoop-ozone-ozone-manager-0.4.1-SNAPSHOT.jar:/home/user/.m2/repository/org/apache/hadoop/hadoop-minikdc/3.2.0/hadoop-minikdc-3.2.0.jar:/home/user/.m2/repository/commons-io/commons-io/2.5/commons-io-2.5.jar:/home/user/.m2/repository/org/apache/kerby/kerb-simplekdc/1.0.1/kerb-simplekdc-1.0.1.jar:/home/user/.m2/repository/org/apache/kerby/kerb-client/1.0.1/kerb-client-1.0.1.jar:/home/user/.m2/repository/org/apache/kerby/kerby-config/1.0.1/kerby-config-1.0.1.jar:/home/user/.m2/repository/org/apache/kerby/kerb-core/1.0.1/kerb-core-1.0.1.jar:/home/user/.m2/repository/org/apache/kerby/kerby-pkix/1.0.1/kerby-pkix-1.0.1.jar:/home/user/.m2/repository/org/apache/kerby/kerby-asn1/1.0.1/kerby-asn1-1.0.1.jar:/home/user/.m2/repository/org/apache/kerby/kerby-util/1.0.1/kerby-util-1.0.1.jar:/home/user/.m2/repository/org/apache/kerby/kerb-common/1.0.1/kerb-common-1.0.1.jar:/home/user/.m2/repository/org/apache/kerby/kerb-crypto/1.0.1/kerb-crypto-1.0.1.jar:/home/user/.m2/repository/org/apache/kerby/kerb-util/1.0.1/kerb-util-1.0.1.jar:/home/user/.m2/repository/org/apache/kerby/token-provider/1.0.1/token-provider-1.0.1.jar:/home/user/.m2/repository/org/apache/kerby/kerb-admin/1.0.1/kerb-admin-1.0.1.jar:/home/user/.m2/repository/org/apache/kerby/kerb-server/1.0.1/kerb-server-1.0.1.jar:/home/user/.m2/repository/org/apache/kerby/kerb-identity/1.0.1/kerb-identity-1.0.1.jar:/home/user/.m2/repository/org/apache/kerby/kerby-xdr/1.0.1/kerby-xdr-1.0.1.jar:/home/user/.m2/repository/org/slf4j/slf4j-log4j12/1.7.25/slf4j-log4j12-1.7.25.jar:/home/user/.m2/repository/org/apache/hadoop/hadoop-ozone-objectstore-service/0.4.1-SNAPSHOT/hadoop-ozone-objectstore-service-0.4.1-SNAPSHOT.jar:/home/user/.m2/repository/org/apache/hadoop/hadoop-ozone-s3gateway/0.4.1-SNAPSHOT/hadoop-ozone-s3gateway-0.4.1-SNAPSHOT.jar:/home/user/.m2/repository/org/jboss/weld/servlet/weld-servlet/2.4.7.Final/weld-servlet-2.4.7.Final.jar:/home/user/.m2/repository/org/glassfish/jersey/containers/jersey-container-servlet-core/2.27/jersey-container-servlet-core-2.27.jar:/home/user/.m2/repository/org/glassfish/hk2/external/javax.inject/2.5.0-b42/javax.inject-2.5.0-b42.jar:/home/user/.m2/repository/org/glassfish/jersey/core/jersey-common/2.27/jersey-common-2.27.jar:/home/user/.m2/repository/org/glassfish/hk2/osgi-resource-locator/1.0.1/osgi-resource-locator-1.0.1.jar:/home/user/.m2/repository/javax/ws/rs/javax.ws.rs-api/2.1/javax.ws.rs-api-2.1.jar:/home/user/.m2/repository/org/glassfish/jersey/ext/cdi/jersey-cdi1x/2.27/jersey-cdi1x-2.27.jar:/home/user/.m2/repository/org/glassfish/jersey/inject/jersey-hk2/2.27/jersey-hk2-2.27.jar:/home/user/.m2/repository/org/glassfish/hk2/hk2-locator/2.5.0-b42/hk2-locator-2.5.0-b42.jar:/home/user/.m2/repository/org/javassist/javassist/3.22.0-CR2/javassist-3.22.0-CR2.jar:/home/user/.m2/repository/org/glassfish/hk2/hk2-api/2.5.0/hk2-api-2.5.0.jar:/home/user/.m2/repository/org/glassfish/hk2/external/jakarta.inject/2.5.0/jakarta.inject-2.5.0.jar:/home/user/.m2/repository/org/glassfish/hk2/hk2-utils/2.5.0/hk2-utils-2.5.0.jar:/home/user/.m2/repository/jakarta/annotation/jakarta.annotation-api/1.3.4/jakarta.annotation-api-1.3.4.jar:/home/user/.m2/repository/org/glassfish/hk2/external/aopalliance-repackaged/2.5.0/aopalliance-repackaged-2.5.0.jar:/home/user/.m2/repository/com/fasterxml/jackson/dataformat/jackson-dataformat-xml/2.9.0/jackson-dataformat-xml-2.9.0.jar:/home/user/.m2/repository/com/fasterxml/jackson/core/jackson-core/2.9.5/jackson-core-2.9.5.jar:/home/user/.m2/repository/com/fasterxml/jackson/module/jackson-module-jaxb-annotations/2.9.5/jackson-module-jaxb-annotations-2.9.5.jar:/home/user/.m2/repository/javax/enterprise/cdi-api/1.2/cdi-api-1.2.jar:/home/user/.m2/repository/javax/el/javax.el-api/3.0.0/javax.el-api-3.0.0.jar:/home/user/.m2/repository/javax/interceptor/javax.interceptor-api/1.2/javax.interceptor-api-1.2.jar:/home/user/.m2/repository/javax/inject/javax.inject/1/javax.inject-1.jar:/home/user/.m2/repository/com/sun/xml/bind/jaxb-impl/2.3.0.1/jaxb-impl-2.3.0.1.jar:/home/user/.m2/repository/com/sun/xml/bind/jaxb-core/2.3.0.1/jaxb-core-2.3.0.1.jar:/home/user/.m2/repository/javax/xml/bind/jaxb-api/2.3.0/jaxb-api-2.3.0.jar:/home/user/.m2/repository/javax/activation/activation/1.1.1/activation-1.1.1.jar:/home/user/.m2/repository/org/apache/hadoop/hadoop-ozone-csi/0.4.1-SNAPSHOT/hadoop-ozone-csi-0.4.1-SNAPSHOT.jar:/home/user/.m2/repository/com/google/protobuf/protobuf-java-util/3.5.1/protobuf-java-util-3.5.1.jar:/home/user/.m2/repository/org/apache/hadoop/hadoop-hdds-config/0.4.1-SNAPSHOT/hadoop-hdds-config-0.4.1-SNAPSHOT.jar:/home/user/.m2/repository/io/grpc/grpc-netty/1.17.1/grpc-netty-1.17.1.jar:/home/user/.m2/repository/io/grpc/grpc-core/1.17.1/grpc-core-1.17.1.jar:/home/user/.m2/repository/io/grpc/grpc-context/1.17.1/grpc-context-1.17.1.jar:/home/user/.m2/repository/com/google/errorprone/error_prone_annotations/2.2.0/error_prone_annotations-2.2.0.jar:/home/user/.m2/repository/org/codehaus/mojo/animal-sniffer-annotations/1.17/animal-sniffer-annotations-1.17.jar:/home/user/.m2/repository/io/opencensus/opencensus-api/0.17.0/opencensus-api-0.17.0.jar:/home/user/.m2/repository/io/opencensus/opencensus-contrib-grpc-metrics/0.17.0/opencensus-contrib-grpc-metrics-0.17.0.jar:/home/user/.m2/repository/io/netty/netty-codec-http2/4.1.30.Final/netty-codec-http2-4.1.30.Final.jar:/home/user/.m2/repository/io/netty/netty-codec-http/4.1.30.Final/netty-codec-http-4.1.30.Final.jar:/home/user/.m2/repository/io/netty/netty-codec/4.1.30.Final/netty-codec-4.1.30.Final.jar:/home/user/.m2/repository/io/netty/netty-handler/4.1.30.Final/netty-handler-4.1.30.Final.jar:/home/user/.m2/repository/io/netty/netty-handler-proxy/4.1.30.Final/netty-handler-proxy-4.1.30.Final.jar:/home/user/.m2/repository/io/netty/netty-codec-socks/4.1.30.Final/netty-codec-socks-4.1.30.Final.jar:/home/user/.m2/repository/io/netty/netty-transport-native-epoll/4.1.30.Final/netty-transport-native-epoll-4.1.30.Final.jar:/home/user/.m2/repository/io/netty/netty-common/4.1.30.Final/netty-common-4.1.30.Final.jar:/home/user/.m2/repository/io/netty/netty-buffer/4.1.30.Final/netty-buffer-4.1.30.Final.jar:/home/user/.m2/repository/io/netty/netty-transport/4.1.30.Final/netty-transport-4.1.30.Final.jar:/home/user/.m2/repository/io/netty/netty-resolver/4.1.30.Final/netty-resolver-4.1.30.Final.jar:/home/user/.m2/repository/io/netty/netty-transport-native-unix-common/4.1.30.Final/netty-transport-native-unix-common-4.1.30.Final.jar:/home/user/.m2/repository/io/grpc/grpc-protobuf/1.17.1/grpc-protobuf-1.17.1.jar:/home/user/.m2/repository/com/google/api/grpc/proto-google-common-protos/1.0.0/proto-google-common-protos-1.0.0.jar:/home/user/.m2/repository/io/grpc/grpc-protobuf-lite/1.17.1/grpc-protobuf-lite-1.17.1.jar:/home/user/.m2/repository/io/grpc/grpc-stub/1.17.1/grpc-stub-1.17.1.jar:/home/user/.m2/repository/org/apache/hadoop/hadoop-ozone-recon/0.4.1-SNAPSHOT/hadoop-ozone-recon-0.4.1-SNAPSHOT.jar:/home/user/.m2/repository/org/apache/hadoop/hadoop-ozone-reconcodegen/0.4.1-SNAPSHOT/hadoop-ozone-reconcodegen-0.4.1-SNAPSHOT.jar:/home/user/.m2/repository/com/google/inject/extensions/guice-multibindings/4.0/guice-multibindings-4.0.jar:/home/user/.m2/repository/com/google/inject/guice/4.0/guice-4.0.jar:/home/user/.m2/repository/aopalliance/aopalliance/1.0/aopalliance-1.0.jar:/home/user/.m2/repository/com/google/inject/extensions/guice-servlet/4.0/guice-servlet-4.0.jar:/home/user/.m2/repository/org/glassfish/jersey/containers/jersey-container-servlet/2.27/jersey-container-servlet-2.27.jar:/home/user/.m2/repository/org/glassfish/hk2/guice-bridge/2.5.0/guice-bridge-2.5.0.jar:/home/user/.m2/repository/org/glassfish/jersey/core/jersey-server/2.27/jersey-server-2.27.jar:/home/user/.m2/repository/org/glassfish/jersey/core/jersey-client/2.27/jersey-client-2.27.jar:/home/user/.m2/repository/org/glassfish/jersey/media/jersey-media-jaxb/2.27/jersey-media-jaxb-2.27.jar:/home/user/.m2/repository/javax/validation/validation-api/1.1.0.Final/validation-api-1.1.0.Final.jar:/home/user/.m2/repository/org/glassfish/jersey/media/jersey-media-json-jackson/2.27/jersey-media-json-jackson-2.27.jar:/home/user/.m2/repository/org/glassfish/jersey/ext/jersey-entity-filtering/2.27/jersey-entity-filtering-2.27.jar:/home/user/.m2/repository/com/google/inject/extensions/guice-assistedinject/4.0/guice-assistedinject-4.0.jar:/home/user/.m2/repository/org/jooq/jooq/3.11.10/jooq-3.11.10.jar:/home/user/.m2/repository/org/jooq/jooq-meta/3.11.10/jooq-meta-3.11.10.jar:/home/user/.m2/repository/org/jooq/jooq-codegen/3.11.10/jooq-codegen-3.11.10.jar:/home/user/.m2/repository/com/jolbox/bonecp/0.8.0.RELEASE/bonecp-0.8.0.RELEASE.jar:/home/user/.m2/repository/org/xerial/sqlite-jdbc/3.25.2/sqlite-jdbc-3.25.2.jar:/home/user/.m2/repository/org/springframework/spring-jdbc/5.1.3.RELEASE/spring-jdbc-5.1.3.RELEASE.jar:/home/user/.m2/repository/org/springframework/spring-beans/5.1.3.RELEASE/spring-beans-5.1.3.RELEASE.jar:/home/user/.m2/repository/org/springframework/spring-core/5.1.3.RELEASE/spring-core-5.1.3.RELEASE.jar:/home/user/.m2/repository/org/springframework/spring-jcl/5.1.3.RELEASE/spring-jcl-5.1.3.RELEASE.jar:/home/user/.m2/repository/org/springframework/spring-tx/5.1.3.RELEASE/spring-tx-5.1.3.RELEASE.jar:/home/user/.m2/repository/org/apache/hadoop/hadoop-ozone-client/0.4.1-SNAPSHOT/hadoop-ozone-client-0.4.1-SNAPSHOT.jar:/home/user/.m2/repository/commons-lang/commons-lang/2.6/commons-lang-2.6.jar:/home/user/.m2/repository/org/apache/hadoop/hadoop-ozone-ozone-manager/0.4.1-SNAPSHOT/hadoop-ozone-ozone-manager-0.4.1-SNAPSHOT-tests.jar:/home/user/.m2/repository/junit/junit/4.11/junit-4.11.jar:/home/user/.m2/repository/org/hamcrest/hamcrest-core/1.3/hamcrest-core-1.3.jar:/home/user/.m2/repository/org/openjdk/jmh/jmh-core/1.19/jmh-core-1.19.jar:/home/user/.m2/repository/net/sf/jopt-simple/jopt-simple/4.6/jopt-simple-4.6.jar:/home/user/.m2/repository/org/apache/commons/commons-math3/3.1.1/commons-math3-3.1.1.jar:/home/user/.m2/repository/org/openjdk/jmh/jmh-generator-annprocess/1.19/jmh-generator-annprocess-1.19.jar:/home/user/.m2/repository/org/mockito/mockito-all/1.8.5/mockito-all-1.8.5.jar:/home/user/.m2/repository/org/apache/hadoop/hadoop-kms/3.2.0/hadoop-kms-3.2.0.jar:/home/user/.m2/repository/org/apache/hadoop/hadoop-auth/3.2.0/hadoop-auth-3.2.0.jar:/home/user/.m2/repository/com/nimbusds/nimbus-jose-jwt/4.41.1/nimbus-jose-jwt-4.41.1.jar:/home/user/.m2/repository/com/github/stephenc/jcip/jcip-annotations/1.0-1/jcip-annotations-1.0-1.jar:/home/user/.m2/repository/net/minidev/json-smart/2.3/json-smart-2.3.jar:/home/user/.m2/repository/net/minidev/accessors-smart/1.2/accessors-smart-1.2.jar:/home/user/.m2/repository/org/ow2/asm/asm/5.0.4/asm-5.0.4.jar:/home/user/.m2/repository/org/apache/curator/curator-framework/2.12.0/curator-framework-2.12.0.jar:/home/user/.m2/repository/com/sun/jersey/jersey-core/1.19/jersey-core-1.19.jar:/home/user/.m2/repository/javax/ws/rs/jsr311-api/1.1.1/jsr311-api-1.1.1.jar:/home/user/.m2/repository/com/sun/jersey/jersey-server/1.19/jersey-server-1.19.jar:/home/user/.m2/repository/javax/servlet/javax.servlet-api/3.1.0/javax.servlet-api-3.1.0.jar:/home/user/.m2/repository/org/eclipse/jetty/jetty-server/9.3.24.v20180605/jetty-server-9.3.24.v20180605.jar:/home/user/.m2/repository/org/eclipse/jetty/jetty-http/9.3.24.v20180605/jetty-http-9.3.24.v20180605.jar:/home/user/.m2/repository/org/eclipse/jetty/jetty-io/9.3.24.v20180605/jetty-io-9.3.24.v20180605.jar:/home/user/.m2/repository/org/eclipse/jetty/jetty-webapp/9.3.24.v20180605/jetty-webapp-9.3.24.v20180605.jar:/home/user/.m2/repository/org/eclipse/jetty/jetty-xml/9.3.24.v20180605/jetty-xml-9.3.24.v20180605.jar:/home/user/.m2/repository/log4j/log4j/1.2.17/log4j-1.2.17.jar:/home/user/.m2/repository/org/slf4j/slf4j-api/1.7.25/slf4j-api-1.7.25.jar:/home/user/.m2/repository/org/slf4j/jul-to-slf4j/1.7.25/jul-to-slf4j-1.7.25.jar:/home/user/.m2/repository/org/eclipse/jetty/jetty-util/9.3.24.v20180605/jetty-util-9.3.24.v20180605.jar:/home/user/.m2/repository/com/fasterxml/jackson/core/jackson-databind/2.9.5/jackson-databind-2.9.5.jar:/home/user/.m2/repository/org/apache/hadoop/hadoop-kms/3.2.0/hadoop-kms-3.2.0-tests.jar:/home/user/.m2/repository/org/apache/hadoop/hadoop-hdds-server-scm/0.4.1-SNAPSHOT/hadoop-hdds-server-scm-0.4.1-SNAPSHOT-tests.jar:/home/user/.m2/repository/org/apache/hadoop/hadoop-hdds-container-service/0.4.1-SNAPSHOT/hadoop-hdds-container-service-0.4.1-SNAPSHOT-tests.jar:/home/user/.m2/repository/org/yaml/snakeyaml/1.16/snakeyaml-1.16.jar:/home/user/.m2/repository/org/apache/hadoop/hadoop-common/3.2.0/hadoop-common-3.2.0-tests.jar:/home/user/.m2/repository/org/apache/hadoop/hadoop-annotations/3.2.0/hadoop-annotations-3.2.0.jar:/usr/lib/jvm/java-1.8-openjdk/jre/../lib/tools.jar:/home/user/.m2/repository/commons-cli/commons-cli/1.2/commons-cli-1.2.jar:/home/user/.m2/repository/org/apache/httpcomponents/httpclient/4.5.2/httpclient-4.5.2.jar:/home/user/.m2/repository/org/apache/httpcomponents/httpcore/4.4.4/httpcore-4.4.4.jar:/home/user/.m2/repository/commons-codec/commons-codec/1.11/commons-codec-1.11.jar:/home/user/.m2/repository/commons-net/commons-net/3.6/commons-net-3.6.jar:/home/user/.m2/repository/commons-collections/commons-collections/3.2.2/commons-collections-3.2.2.jar:/home/user/.m2/repository/org/eclipse/jetty/jetty-servlet/9.3.24.v20180605/jetty-servlet-9.3.24.v20180605.jar:/home/user/.m2/repository/org/eclipse/jetty/jetty-security/9.3.24.v20180605/jetty-security-9.3.24.v20180605.jar:/home/user/.m2/repository/javax/servlet/jsp/jsp-api/2.1/jsp-api-2.1.jar:/home/user/.m2/repository/com/sun/jersey/jersey-servlet/1.19/jersey-servlet-1.19.jar:/home/user/.m2/repository/com/sun/jersey/jersey-json/1.19/jersey-json-1.19.jar:/home/user/.m2/repository/org/codehaus/jettison/jettison/1.1/jettison-1.1.jar:/home/user/.m2/repository/org/codehaus/jackson/jackson-core-asl/1.9.13/jackson-core-asl-1.9.13.jar:/home/user/.m2/repository/org/codehaus/jackson/jackson-mapper-asl/1.9.13/jackson-mapper-asl-1.9.13.jar:/home/user/.m2/repository/org/codehaus/jackson/jackson-jaxrs/1.9.13/jackson-jaxrs-1.9.13.jar:/home/user/.m2/repository/org/codehaus/jackson/jackson-xc/1.9.13/jackson-xc-1.9.13.jar:/home/user/.m2/repository/commons-logging/commons-logging/1.1.3/commons-logging-1.1.3.jar:/home/user/.m2/repository/commons-beanutils/commons-beanutils/1.9.3/commons-beanutils-1.9.3.jar:/home/user/.m2/repository/org/apache/commons/commons-configuration2/2.1.1/commons-configuration2-2.1.1.jar:/home/user/.m2/repository/org/apache/commons/commons-lang3/3.7/commons-lang3-3.7.jar:/home/user/.m2/repository/org/apache/commons/commons-text/1.4/commons-text-1.4.jar:/home/user/.m2/repository/org/apache/avro/avro/1.7.7/avro-1.7.7.jar:/home/user/.m2/repository/com/thoughtworks/paranamer/paranamer/2.3/paranamer-2.3.jar:/home/user/.m2/repository/org/xerial/snappy/snappy-java/1.0.5/snappy-java-1.0.5.jar:/home/user/.m2/repository/com/google/re2j/re2j/1.1/re2j-1.1.jar:/home/user/.m2/repository/com/google/code/gson/gson/2.2.4/gson-2.2.4.jar:/home/user/.m2/repository/com/jcraft/jsch/0.1.54/jsch-0.1.54.jar:/home/user/.m2/repository/org/apache/curator/curator-client/2.12.0/curator-client-2.12.0.jar:/home/user/.m2/repository/org/apache/curator/curator-recipes/2.12.0/curator-recipes-2.12.0.jar:/home/user/.m2/repository/com/google/code/findbugs/jsr305/3.0.0/jsr305-3.0.0.jar:/home/user/.m2/repository/org/apache/htrace/htrace-core4/4.1.0-incubating/htrace-core4-4.1.0-incubating.jar:/home/user/.m2/repository/org/apache/zookeeper/zookeeper/3.4.13/zookeeper-3.4.13.jar:/home/user/.m2/repository/org/apache/yetus/audience-annotations/0.5.0/audience-annotations-0.5.0.jar:/home/user/.m2/repository/org/codehaus/woodstox/stax2-api/3.1.4/stax2-api-3.1.4.jar:/home/user/.m2/repository/com/fasterxml/woodstox/woodstox-core/5.0.3/woodstox-core-5.0.3.jar:/home/user/.m2/repository/dnsjava/dnsjava/2.1.7/dnsjava-2.1.7.jar:/home/user/.m2/repository/org/apache/hadoop/hadoop-hdfs/3.2.0/hadoop-hdfs-3.2.0-tests.jar:/home/user/.m2/repository/org/eclipse/jetty/jetty-util-ajax/9.3.24.v20180605/jetty-util-ajax-9.3.24.v20180605.jar:/home/user/.m2/repository/commons-daemon/commons-daemon/1.0.13/commons-daemon-1.0.13.jar:/home/user/.m2/repository/io/netty/netty/3.10.5.Final/netty-3.10.5.Final.jar:/home/user/.m2/repository/io/netty/netty-all/4.0.52.Final/netty-all-4.0.52.Final.jar:/home/user/.m2/repository/org/fusesource/leveldbjni/leveldbjni-all/1.8/leveldbjni-all-1.8.jar:"/>
    <property name="sun.cpu.endian" value="little"/>
    <property name="user.home" value="/home/user"/>
    <property name="user.language" value="en"/>
    <property name="java.specification.vendor" value="Oracle Corporation"/>
    <property name="java.home" value="/usr/lib/jvm/java-1.8-openjdk/jre"/>
    <property name="java.security.krb5.conf" value="/workdir/hadoop-ozone/integration-test/target/test-classes/krb5.conf"/>
    <property name="basedir" value="/workdir/hadoop-ozone/integration-test"/>
    <property name="file.separator" value="/"/>
    <property name="line.separator" value="&#10;"/>
    <property name="java.vm.specification.vendor" value="Oracle Corporation"/>
    <property name="java.specification.name" value="Java Platform API Specification"/>
    <property name="java.awt.graphicsenv" value="sun.awt.X11GraphicsEnvironment"/>
    <property name="surefire.real.class.path" value="/workdir/hadoop-ozone/integration-test/target/surefire/surefirebooter5718986982538138536.jar"/>
    <property name="hadoop.log.dir" value="/workdir/hadoop-ozone/integration-test/target/log"/>
    <property name="sun.boot.class.path" value="/usr/lib/jvm/java-1.8-openjdk/jre/lib/resources.jar:/usr/lib/jvm/java-1.8-openjdk/jre/lib/rt.jar:/usr/lib/jvm/java-1.8-openjdk/jre/lib/sunrsasign.jar:/usr/lib/jvm/java-1.8-openjdk/jre/lib/jsse.jar:/usr/lib/jvm/java-1.8-openjdk/jre/lib/jce.jar:/usr/lib/jvm/java-1.8-openjdk/jre/lib/charsets.jar:/usr/lib/jvm/java-1.8-openjdk/jre/lib/jfr.jar:/usr/lib/jvm/java-1.8-openjdk/jre/classes"/>
    <property name="sun.management.compiler" value="HotSpot 64-Bit Tiered Compilers"/>
    <property name="java.runtime.version" value="1.8.0_212-b04"/>
    <property name="java.net.preferIPv4Stack" value="true"/>
    <property name="user.name" value="jenkins1000"/>
    <property name="path.separator" value=":"/>
    <property name="java.security.egd" value="file:///dev/urandom"/>
    <property name="os.version" value="3.10.0-957.12.2.el7.x86_64"/>
    <property name="java.endorsed.dirs" value="/usr/lib/jvm/java-1.8-openjdk/jre/lib/endorsed"/>
    <property name="java.runtime.name" value="OpenJDK Runtime Environment"/>
    <property name="file.encoding" value="UTF-8"/>
    <property name="java.vm.name" value="OpenJDK 64-Bit Server VM"/>
    <property name="test.build.webapps" value=""/>
    <property name="localRepository" value="/home/user/.m2/repository"/>
    <property name="java.vendor.url.bug" value="https://icedtea.classpath.org/bugzilla"/>
    <property name="java.io.tmpdir" value="/tmp"/>
    <property name="require.test.libhadoop" value=""/>
    <property name="java.version" value="1.8.0_212"/>
    <property name="user.dir" value="/workdir/hadoop-ozone/integration-test"/>
    <property name="os.arch" value="amd64"/>
    <property name="java.vm.specification.name" value="Java Virtual Machine Specification"/>
    <property name="test.build.classes" value="/workdir/hadoop-ozone/integration-test/target/test-classes"/>
    <property name="java.awt.printerjob" value="sun.print.PSPrinterJob"/>
    <property name="sun.os.patch.level" value="unknown"/>
    <property name="hadoop.tmp.dir" value="/workdir/hadoop-ozone/integration-test/target/tmp"/>
    <property name="java.library.path" value="/usr/lib/jvm/java-1.8-openjdk/jre/lib/amd64/server:/usr/lib/jvm/java-1.8-openjdk/jre/lib/amd64:/usr/lib/jvm/java-1.8-openjdk/jre/../lib/amd64:/workdir/hadoop-ozone/integration-test/target/native/target/usr/local/lib:/workdir/hadoop-ozone/integration-test/../../hadoop-common-project/hadoop-common/target/native/target/usr/local/lib:/usr/java/packages/lib/amd64:/usr/lib64:/lib64:/lib:/usr/lib"/>
    <property name="java.vm.info" value="mixed mode"/>
    <property name="java.vendor" value="IcedTea"/>
    <property name="java.vm.version" value="25.212-b04"/>
    <property name="java.ext.dirs" value="/usr/lib/jvm/java-1.8-openjdk/jre/lib/ext:/usr/java/packages/lib/ext"/>
    <property name="sun.io.unicode.encoding" value="UnicodeLittle"/>
    <property name="java.class.version" value="52.0"/>
  </properties>
  <testcase name="test2DatanodesFailure" classname="org.apache.hadoop.ozone.client.rpc.TestBlockOutputStreamWithFailures" time="44.012">
    <failure type="java.lang.AssertionError">java.lang.AssertionError
	at org.junit.Assert.fail(Assert.java:86)
	at org.junit.Assert.assertTrue(Assert.java:41)
	at org.junit.Assert.assertTrue(Assert.java:52)
	at org.apache.hadoop.ozone.client.rpc.TestBlockOutputStreamWithFailures.test2DatanodesFailure(TestBlockOutputStreamWithFailures.java:507)
	at sun.reflect.NativeMethodAccessorImpl.invoke0(Native Method)
	at sun.reflect.NativeMethodAccessorImpl.invoke(NativeMethodAccessorImpl.java:62)
	at sun.reflect.DelegatingMethodAccessorImpl.invoke(DelegatingMethodAccessorImpl.java:43)
	at java.lang.reflect.Method.invoke(Method.java:498)
	at org.junit.runners.model.FrameworkMethod$1.runReflectiveCall(FrameworkMethod.java:47)
	at org.junit.internal.runners.model.ReflectiveCallable.run(ReflectiveCallable.java:12)
	at org.junit.runners.model.FrameworkMethod.invokeExplosively(FrameworkMethod.java:44)
	at org.junit.internal.runners.statements.InvokeMethod.evaluate(InvokeMethod.java:17)
	at org.junit.internal.runners.statements.RunBefores.evaluate(RunBefores.java:26)
	at org.junit.internal.runners.statements.RunAfters.evaluate(RunAfters.java:27)
	at org.junit.runners.ParentRunner.runLeaf(ParentRunner.java:271)
	at org.junit.runners.BlockJUnit4ClassRunner.runChild(BlockJUnit4ClassRunner.java:70)
	at org.junit.runners.BlockJUnit4ClassRunner.runChild(BlockJUnit4ClassRunner.java:50)
	at org.junit.runners.ParentRunner$3.run(ParentRunner.java:238)
	at org.junit.runners.ParentRunner$1.schedule(ParentRunner.java:63)
	at org.junit.runners.ParentRunner.runChildren(ParentRunner.java:236)
	at org.junit.runners.ParentRunner.access$000(ParentRunner.java:53)
	at org.junit.runners.ParentRunner$2.evaluate(ParentRunner.java:229)
	at org.junit.runners.ParentRunner.run(ParentRunner.java:309)
	at org.apache.maven.surefire.junit4.JUnit4Provider.execute(JUnit4Provider.java:365)
	at org.apache.maven.surefire.junit4.JUnit4Provider.executeWithRerun(JUnit4Provider.java:273)
	at org.apache.maven.surefire.junit4.JUnit4Provider.executeTestSet(JUnit4Provider.java:238)
	at org.apache.maven.surefire.junit4.JUnit4Provider.invoke(JUnit4Provider.java:159)
	at org.apache.maven.surefire.booter.ForkedBooter.invokeProviderInSameClassLoader(ForkedBooter.java:384)
	at org.apache.maven.surefire.booter.ForkedBooter.runSuitesInProcess(ForkedBooter.java:345)
	at org.apache.maven.surefire.booter.ForkedBooter.execute(ForkedBooter.java:126)
	at org.apache.maven.surefire.booter.ForkedBooter.main(ForkedBooter.java:418)
</failure>
    <system-out><![CDATA[2019-07-30 19:00:19,919 WARN  server.ServerUtils (ServerUtils.java:getScmDbDir(145)) - ozone.scm.db.dirs is not configured. We recommend adding this setting. Falling back to ozone.metadata.dirs instead.
2019-07-30 19:00:20,002 WARN  server.ServerUtils (ServerUtils.java:getScmDbDir(145)) - ozone.scm.db.dirs is not configured. We recommend adding this setting. Falling back to ozone.metadata.dirs instead.
2019-07-30 19:00:20,005 WARN  server.ServerUtils (ServerUtils.java:getScmDbDir(145)) - ozone.scm.db.dirs is not configured. We recommend adding this setting. Falling back to ozone.metadata.dirs instead.
2019-07-30 19:00:20,020 INFO  util.log (Log.java:initialized(192)) - Logging initialized @826ms
2019-07-30 19:00:20,108 INFO  db.DBStoreBuilder (DBStoreBuilder.java:addTable(110)) - using custom profile for table: deletedBlocks
2019-07-30 19:00:20,109 INFO  db.DBStoreBuilder (DBStoreBuilder.java:processTables(161)) - Using default column profile:DBProfile.DISK for Table:deletedBlocks
2019-07-30 19:00:20,109 INFO  db.DBStoreBuilder (DBStoreBuilder.java:addTable(110)) - using custom profile for table: validCerts
2019-07-30 19:00:20,109 INFO  db.DBStoreBuilder (DBStoreBuilder.java:processTables(161)) - Using default column profile:DBProfile.DISK for Table:validCerts
2019-07-30 19:00:20,110 INFO  db.DBStoreBuilder (DBStoreBuilder.java:addTable(110)) - using custom profile for table: revokedCerts
2019-07-30 19:00:20,110 INFO  db.DBStoreBuilder (DBStoreBuilder.java:processTables(161)) - Using default column profile:DBProfile.DISK for Table:revokedCerts
2019-07-30 19:00:20,120 INFO  db.DBStoreBuilder (DBStoreBuilder.java:addTable(110)) - using custom profile for table: default
2019-07-30 19:00:20,120 INFO  db.DBStoreBuilder (DBStoreBuilder.java:processTables(167)) - Using default column profile:DBProfile.DISK for Table:default
2019-07-30 19:00:20,121 INFO  db.DBStoreBuilder (DBStoreBuilder.java:getDbProfile(198)) - Using default options. DBProfile.DISK
2019-07-30 19:00:20,209 INFO  net.NodeSchemaLoader (NodeSchemaLoader.java:loadSchemaFromFile(125)) - Loading file from sun.misc.CompoundEnumeration@7714e963
2019-07-30 19:00:20,211 INFO  net.NodeSchemaLoader (NodeSchemaLoader.java:loadSchema(171)) - Loading network topology layer schema file
2019-07-30 19:00:20,294 INFO  node.SCMNodeManager (SCMNodeManager.java:<init>(121)) - Entering startup safe mode.
2019-07-30 19:00:20,396 WARN  server.ServerUtils (ServerUtils.java:getScmDbDir(145)) - ozone.scm.db.dirs is not configured. We recommend adding this setting. Falling back to ozone.metadata.dirs instead.
2019-07-30 19:00:20,430 INFO  pipeline.SCMPipelineManager (SCMPipelineManager.java:initializePipelineState(126)) - No pipeline exists in current db
2019-07-30 19:00:20,431 WARN  server.ServerUtils (ServerUtils.java:getScmDbDir(145)) - ozone.scm.db.dirs is not configured. We recommend adding this setting. Falling back to ozone.metadata.dirs instead.
2019-07-30 19:00:20,504 WARN  events.EventQueue (EventQueue.java:fireEvent(175)) - No event handler registered for event TypedEvent{payloadType=SafeModeStatus, name='SafeModeStatus'}
2019-07-30 19:00:20,889 INFO  ipc.CallQueueManager (CallQueueManager.java:<init>(84)) - Using callQueue: class java.util.concurrent.LinkedBlockingQueue, queueCapacity: 2000, scheduler: class org.apache.hadoop.ipc.DefaultRpcScheduler, ipcBackoff: false.
2019-07-30 19:00:20,929 INFO  ipc.Server (Server.java:run(1074)) - Starting Socket Reader #1 for port 34929
2019-07-30 19:00:20,958 INFO  ipc.CallQueueManager (CallQueueManager.java:<init>(84)) - Using callQueue: class java.util.concurrent.LinkedBlockingQueue, queueCapacity: 2000, scheduler: class org.apache.hadoop.ipc.DefaultRpcScheduler, ipcBackoff: false.
2019-07-30 19:00:20,959 INFO  ipc.Server (Server.java:run(1074)) - Starting Socket Reader #1 for port 34764
2019-07-30 19:00:20,967 INFO  ipc.CallQueueManager (CallQueueManager.java:<init>(84)) - Using callQueue: class java.util.concurrent.LinkedBlockingQueue, queueCapacity: 2000, scheduler: class org.apache.hadoop.ipc.DefaultRpcScheduler, ipcBackoff: false.
2019-07-30 19:00:20,968 INFO  ipc.Server (Server.java:run(1074)) - Starting Socket Reader #1 for port 33074
2019-07-30 19:00:21,120 INFO  hdfs.DFSUtil (DFSUtil.java:httpServerTemplateForNNAndJN(1641)) - Starting Web-server for scm at: http://0.0.0.0:0
2019-07-30 19:00:21,289 INFO  server.AuthenticationFilter (AuthenticationFilter.java:constructSecretProvider(240)) - Unable to initialize FileSignerSecretProvider, falling back to use random secrets.
2019-07-30 19:00:21,303 WARN  http.HttpRequestLog (HttpRequestLog.java:getRequestLog(97)) - Jetty request log can only be enabled using Log4j
2019-07-30 19:00:21,317 INFO  http.HttpServer2 (HttpServer2.java:addGlobalFilter(975)) - Added global filter 'safety' (class=org.apache.hadoop.http.HttpServer2$QuotingInputFilter)
2019-07-30 19:00:21,321 INFO  http.HttpServer2 (HttpServer2.java:addFilter(948)) - Added filter static_user_filter (class=org.apache.hadoop.http.lib.StaticUserWebFilter$StaticUserFilter) to context scm
2019-07-30 19:00:21,322 INFO  http.HttpServer2 (HttpServer2.java:addFilter(958)) - Added filter static_user_filter (class=org.apache.hadoop.http.lib.StaticUserWebFilter$StaticUserFilter) to context logs
2019-07-30 19:00:21,322 INFO  http.HttpServer2 (HttpServer2.java:addFilter(958)) - Added filter static_user_filter (class=org.apache.hadoop.http.lib.StaticUserWebFilter$StaticUserFilter) to context static
2019-07-30 19:00:21,361 INFO  server.StorageContainerManager (StorageContainerManager.java:start(758)) - StorageContainerLocationProtocol RPC server is listening at /0.0.0.0:33074
2019-07-30 19:00:21,427 WARN  impl.MetricsConfig (MetricsConfig.java:loadFirst(134)) - Cannot locate configuration: tried hadoop-metrics2-storagecontainermanager.properties,hadoop-metrics2.properties
2019-07-30 19:00:21,441 INFO  impl.MetricsSystemImpl (MetricsSystemImpl.java:startTimer(374)) - Scheduled Metric snapshot period at 10 second(s).
2019-07-30 19:00:21,441 INFO  impl.MetricsSystemImpl (MetricsSystemImpl.java:start(191)) - StorageContainerManager metrics system started
2019-07-30 19:00:21,679 INFO  server.SCMClientProtocolServer (SCMClientProtocolServer.java:start(151)) - RPC server for Client  is listening at /0.0.0.0:33074
2019-07-30 19:00:21,680 INFO  ipc.Server (Server.java:run(1153)) - IPC Server listener on 33074: starting
2019-07-30 19:00:21,680 INFO  ipc.Server (Server.java:run(1314)) - IPC Server Responder: starting
2019-07-30 19:00:21,683 INFO  server.StorageContainerManager (StorageContainerManager.java:start(768)) - ScmBlockLocationProtocol RPC server is listening at /0.0.0.0:34764
2019-07-30 19:00:21,683 INFO  server.SCMBlockProtocolServer (SCMBlockProtocolServer.java:start(140)) - RPC server for Block Protocol is listening at /0.0.0.0:34764
2019-07-30 19:00:21,684 INFO  ipc.Server (Server.java:run(1314)) - IPC Server Responder: starting
2019-07-30 19:00:21,684 INFO  ipc.Server (Server.java:run(1153)) - IPC Server listener on 34764: starting
2019-07-30 19:00:21,688 INFO  server.StorageContainerManager (StorageContainerManager.java:start(772)) - ScmDatanodeProtocl RPC server is listening at /0.0.0.0:34929
2019-07-30 19:00:21,688 INFO  server.SCMDatanodeProtocolServer (SCMDatanodeProtocolServer.java:start(191)) - RPC server for DataNodes is listening at /0.0.0.0:34929
2019-07-30 19:00:21,689 INFO  ipc.Server (Server.java:run(1314)) - IPC Server Responder: starting
2019-07-30 19:00:21,690 INFO  ipc.Server (Server.java:run(1153)) - IPC Server listener on 34929: starting
2019-07-30 19:00:21,697 INFO  http.HttpServer2 (HttpServer2.java:bindListener(1191)) - Jetty bound to port 39342
2019-07-30 19:00:21,699 INFO  server.Server (Server.java:doStart(351)) - jetty-9.3.24.v20180605, build timestamp: 2018-06-05T17:11:56Z, git hash: 84205aa28f11a4f31f2a3b86d1bba2cc8ab69827
2019-07-30 19:00:21,738 INFO  handler.ContextHandler (ContextHandler.java:doStart(781)) - Started o.e.j.s.ServletContextHandler@76012793{/logs,file:///workdir/hadoop-ozone/integration-test/target/log,AVAILABLE}
2019-07-30 19:00:21,738 INFO  handler.ContextHandler (ContextHandler.java:doStart(781)) - Started o.e.j.s.ServletContextHandler@79d94571{/static,file:///workdir/hadoop-ozone/integration-test/target/test-classes/webapps/static,AVAILABLE}
2019-07-30 19:00:21,771 INFO  handler.ContextHandler (ContextHandler.java:doStart(781)) - Started o.e.j.w.WebAppContext@15a902e7{/,file:///workdir/hadoop-ozone/integration-test/target/test-classes/webapps/scm/,AVAILABLE}{/scm}
2019-07-30 19:00:21,776 INFO  server.AbstractConnector (AbstractConnector.java:doStart(278)) - Started ServerConnector@2416a51{HTTP/1.1,[http/1.1]}{0.0.0.0:39342}
2019-07-30 19:00:21,776 INFO  server.Server (Server.java:doStart(419)) - Started @2583ms
2019-07-30 19:00:21,778 INFO  server.BaseHttpServer (BaseHttpServer.java:updateConnectorAddress(207)) - HTTP server of SCM is listening at http://0.0.0.0:39342
2019-07-30 19:00:21,785 INFO  util.JvmPauseMonitor (JvmPauseMonitor.java:run(188)) - Starting JVM pause monitor
2019-07-30 19:00:21,789 WARN  server.ServerUtils (ServerUtils.java:getDBPath(222)) - ozone.om.db.dirs is not configured. We recommend adding this setting. Falling back to ozone.metadata.dirs instead.
2019-07-30 19:00:21,893 WARN  server.ServerUtils (ServerUtils.java:getDBPath(222)) - ozone.om.db.dirs is not configured. We recommend adding this setting. Falling back to ozone.metadata.dirs instead.
2019-07-30 19:00:21,894 WARN  server.ServerUtils (ServerUtils.java:getDBPath(222)) - ozone.om.db.dirs is not configured. We recommend adding this setting. Falling back to ozone.metadata.dirs instead.
2019-07-30 19:00:21,895 INFO  om.OzoneManager (OzoneManager.java:setOMNodeDetails(644)) - OM Service ID is not set. Setting it to the default ID: omServiceIdDefault
2019-07-30 19:00:21,895 INFO  om.OzoneManager (OzoneManager.java:setOMNodeDetails(650)) - OM Node ID is not set. Setting it to the OmStorage's OmID: 72f69303-255c-479d-b73f-77ea5f10f8d6
2019-07-30 19:00:21,896 INFO  om.OzoneManager (OzoneManager.java:loadOMHAConfigs(601)) - Found matching OM address with OMServiceId: null, OMNodeId: null, RPC Address: localhost:0 and Ratis port: 9872
2019-07-30 19:00:22,671 WARN  server.ServerUtils (ServerUtils.java:getDBPath(222)) - ozone.om.db.dirs is not configured. We recommend adding this setting. Falling back to ozone.metadata.dirs instead.
2019-07-30 19:00:22,680 INFO  db.DBStoreBuilder (DBStoreBuilder.java:addTable(110)) - using custom profile for table: userTable
2019-07-30 19:00:22,681 INFO  db.DBStoreBuilder (DBStoreBuilder.java:processTables(161)) - Using default column profile:DBProfile.DISK for Table:userTable
2019-07-30 19:00:22,681 INFO  db.DBStoreBuilder (DBStoreBuilder.java:addTable(110)) - using custom profile for table: volumeTable
2019-07-30 19:00:22,681 INFO  db.DBStoreBuilder (DBStoreBuilder.java:processTables(161)) - Using default column profile:DBProfile.DISK for Table:volumeTable
2019-07-30 19:00:22,682 INFO  db.DBStoreBuilder (DBStoreBuilder.java:addTable(110)) - using custom profile for table: bucketTable
2019-07-30 19:00:22,682 INFO  db.DBStoreBuilder (DBStoreBuilder.java:processTables(161)) - Using default column profile:DBProfile.DISK for Table:bucketTable
2019-07-30 19:00:22,682 INFO  db.DBStoreBuilder (DBStoreBuilder.java:addTable(110)) - using custom profile for table: keyTable
2019-07-30 19:00:22,682 INFO  db.DBStoreBuilder (DBStoreBuilder.java:processTables(161)) - Using default column profile:DBProfile.DISK for Table:keyTable
2019-07-30 19:00:22,683 INFO  db.DBStoreBuilder (DBStoreBuilder.java:addTable(110)) - using custom profile for table: deletedTable
2019-07-30 19:00:22,683 INFO  db.DBStoreBuilder (DBStoreBuilder.java:processTables(161)) - Using default column profile:DBProfile.DISK for Table:deletedTable
2019-07-30 19:00:22,683 INFO  db.DBStoreBuilder (DBStoreBuilder.java:addTable(110)) - using custom profile for table: openKeyTable
2019-07-30 19:00:22,684 INFO  db.DBStoreBuilder (DBStoreBuilder.java:processTables(161)) - Using default column profile:DBProfile.DISK for Table:openKeyTable
2019-07-30 19:00:22,684 INFO  db.DBStoreBuilder (DBStoreBuilder.java:addTable(110)) - using custom profile for table: s3Table
2019-07-30 19:00:22,684 INFO  db.DBStoreBuilder (DBStoreBuilder.java:processTables(161)) - Using default column profile:DBProfile.DISK for Table:s3Table
2019-07-30 19:00:22,685 INFO  db.DBStoreBuilder (DBStoreBuilder.java:addTable(110)) - using custom profile for table: multipartInfoTable
2019-07-30 19:00:22,685 INFO  db.DBStoreBuilder (DBStoreBuilder.java:processTables(161)) - Using default column profile:DBProfile.DISK for Table:multipartInfoTable
2019-07-30 19:00:22,685 INFO  db.DBStoreBuilder (DBStoreBuilder.java:addTable(110)) - using custom profile for table: dTokenTable
2019-07-30 19:00:22,685 INFO  db.DBStoreBuilder (DBStoreBuilder.java:processTables(161)) - Using default column profile:DBProfile.DISK for Table:dTokenTable
2019-07-30 19:00:22,686 INFO  db.DBStoreBuilder (DBStoreBuilder.java:addTable(110)) - using custom profile for table: s3SecretTable
2019-07-30 19:00:22,686 INFO  db.DBStoreBuilder (DBStoreBuilder.java:processTables(161)) - Using default column profile:DBProfile.DISK for Table:s3SecretTable
2019-07-30 19:00:22,686 INFO  db.DBStoreBuilder (DBStoreBuilder.java:addTable(110)) - using custom profile for table: prefixTable
2019-07-30 19:00:22,687 INFO  db.DBStoreBuilder (DBStoreBuilder.java:processTables(161)) - Using default column profile:DBProfile.DISK for Table:prefixTable
2019-07-30 19:00:22,687 INFO  db.DBStoreBuilder (DBStoreBuilder.java:addTable(110)) - using custom profile for table: default
2019-07-30 19:00:22,687 INFO  db.DBStoreBuilder (DBStoreBuilder.java:processTables(167)) - Using default column profile:DBProfile.DISK for Table:default
2019-07-30 19:00:22,687 INFO  db.DBStoreBuilder (DBStoreBuilder.java:getDbProfile(198)) - Using default options. DBProfile.DISK
2019-07-30 19:00:22,970 INFO  ipc.CallQueueManager (CallQueueManager.java:<init>(84)) - Using callQueue: class java.util.concurrent.LinkedBlockingQueue, queueCapacity: 2000, scheduler: class org.apache.hadoop.ipc.DefaultRpcScheduler, ipcBackoff: false.
2019-07-30 19:00:22,972 INFO  ipc.Server (Server.java:run(1074)) - Starting Socket Reader #1 for port 46542
2019-07-30 19:00:22,992 INFO  om.OzoneManager (OzoneManager.java:start(1255)) - OzoneManager RPC server is listening at localhost/127.0.0.1:46542
2019-07-30 19:00:22,992 INFO  impl.MetricsSystemImpl (MetricsSystemImpl.java:init(158)) - OzoneManager metrics system started (again)
2019-07-30 19:00:22,993 INFO  ipc.Server (Server.java:run(1314)) - IPC Server Responder: starting
2019-07-30 19:00:22,993 INFO  ipc.Server (Server.java:run(1153)) - IPC Server listener on 46542: starting
2019-07-30 19:00:22,997 INFO  hdfs.DFSUtil (DFSUtil.java:httpServerTemplateForNNAndJN(1641)) - Starting Web-server for ozoneManager at: http://0.0.0.0:0
2019-07-30 19:00:22,999 INFO  server.AuthenticationFilter (AuthenticationFilter.java:constructSecretProvider(240)) - Unable to initialize FileSignerSecretProvider, falling back to use random secrets.
2019-07-30 19:00:22,999 WARN  http.HttpRequestLog (HttpRequestLog.java:getRequestLog(97)) - Jetty request log can only be enabled using Log4j
2019-07-30 19:00:23,001 INFO  http.HttpServer2 (HttpServer2.java:addGlobalFilter(975)) - Added global filter 'safety' (class=org.apache.hadoop.http.HttpServer2$QuotingInputFilter)
2019-07-30 19:00:23,002 INFO  http.HttpServer2 (HttpServer2.java:addFilter(948)) - Added filter static_user_filter (class=org.apache.hadoop.http.lib.StaticUserWebFilter$StaticUserFilter) to context ozoneManager
2019-07-30 19:00:23,002 INFO  http.HttpServer2 (HttpServer2.java:addFilter(958)) - Added filter static_user_filter (class=org.apache.hadoop.http.lib.StaticUserWebFilter$StaticUserFilter) to context logs
2019-07-30 19:00:23,003 INFO  http.HttpServer2 (HttpServer2.java:addFilter(958)) - Added filter static_user_filter (class=org.apache.hadoop.http.lib.StaticUserWebFilter$StaticUserFilter) to context static
2019-07-30 19:00:23,004 INFO  http.HttpServer2 (HttpServer2.java:bindListener(1191)) - Jetty bound to port 45943
2019-07-30 19:00:23,005 INFO  server.Server (Server.java:doStart(351)) - jetty-9.3.24.v20180605, build timestamp: 2018-06-05T17:11:56Z, git hash: 84205aa28f11a4f31f2a3b86d1bba2cc8ab69827
2019-07-30 19:00:23,007 INFO  handler.ContextHandler (ContextHandler.java:doStart(781)) - Started o.e.j.s.ServletContextHandler@6e6fce47{/logs,file:///workdir/hadoop-ozone/integration-test/target/log,AVAILABLE}
2019-07-30 19:00:23,007 INFO  handler.ContextHandler (ContextHandler.java:doStart(781)) - Started o.e.j.s.ServletContextHandler@6ce90bc5{/static,file:///workdir/hadoop-ozone/integration-test/target/test-classes/webapps/static,AVAILABLE}
2019-07-30 19:00:23,012 INFO  handler.ContextHandler (ContextHandler.java:doStart(781)) - Started o.e.j.w.WebAppContext@61d01788{/,file:///workdir/hadoop-ozone/integration-test/target/test-classes/webapps/ozoneManager/,AVAILABLE}{/ozoneManager}
2019-07-30 19:00:23,013 INFO  server.AbstractConnector (AbstractConnector.java:doStart(278)) - Started ServerConnector@2b9b7f1f{HTTP/1.1,[http/1.1]}{0.0.0.0:45943}
2019-07-30 19:00:23,013 INFO  server.Server (Server.java:doStart(419)) - Started @3819ms
2019-07-30 19:00:23,014 INFO  server.BaseHttpServer (BaseHttpServer.java:updateConnectorAddress(207)) - HTTP server of OZONEMANAGER is listening at http://0.0.0.0:45943
2019-07-30 19:00:23,324 INFO  impl.MetricsSystemImpl (MetricsSystemImpl.java:init(158)) - HddsDatanode metrics system started (again)
2019-07-30 19:00:23,410 INFO  ozone.HddsDatanodeService (HddsDatanodeService.java:start(184)) - HddsDatanodeService host:byscane-nightly-d7s94-1643579034 ip:192.168.5.147
2019-07-30 19:00:23,441 INFO  volume.HddsVolume (HddsVolume.java:<init>(176)) - Creating Volume: /workdir/hadoop-ozone/integration-test/target/test-dir/MiniOzoneClusterImpl-cde36970-375a-443a-bf44-429d63a9d0f0/datanode-0/data/containers/hdds of  storage type : DISK and capacity : 52710309888
2019-07-30 19:00:23,444 INFO  volume.VolumeSet (VolumeSet.java:initializeVolumeSet(170)) - Added Volume : /workdir/hadoop-ozone/integration-test/target/test-dir/MiniOzoneClusterImpl-cde36970-375a-443a-bf44-429d63a9d0f0/datanode-0/data/containers/hdds to VolumeSet
2019-07-30 19:00:23,449 INFO  volume.ThrottledAsyncChecker (ThrottledAsyncChecker.java:schedule(140)) - Scheduling a check for org.apache.hadoop.ozone.container.common.volume.HddsVolume@6345e7b9
2019-07-30 19:00:23,475 INFO  volume.HddsVolumeChecker (HddsVolumeChecker.java:checkAllVolumes(203)) - Scheduled health check for volume org.apache.hadoop.ozone.container.common.volume.HddsVolume@6345e7b9
2019-07-30 19:00:23,592 INFO  impl.RaftServerProxy (ConfUtils.java:logGet(43)) - raft.rpc.type = GRPC (default)
2019-07-30 19:00:23,657 INFO  grpc.GrpcFactory (GrpcFactory.java:checkPooledByteBufAllocatorUseCacheForAllThreads(45)) - PERFORMANCE WARNING: useCacheForAllThreads is true that may cause Netty to create a lot garbage objects and, as a result, trigger GC.
	It is recommended to disable useCacheForAllThreads by setting -Dorg.apache.ratis.thirdparty.io.netty.allocator.useCacheForAllThreads=false in command line.
2019-07-30 19:00:23,662 INFO  grpc.GrpcConfigKeys$Server (ConfUtils.java:logGet(43)) - raft.grpc.server.port = 0 (default)
2019-07-30 19:00:23,663 INFO  server.GrpcService (ConfUtils.java:logGet(43)) - raft.grpc.message.size.max = 33570816 (custom)
2019-07-30 19:00:23,665 INFO  server.RaftServerConfigKeys (ConfUtils.java:logGet(43)) - raft.server.log.appender.buffer.byte-limit = 33554432 (custom)
2019-07-30 19:00:23,665 INFO  server.GrpcService (ConfUtils.java:logGet(43)) - raft.grpc.flow.control.window = 1MB (=1048576) (default)
2019-07-30 19:00:23,666 INFO  server.RaftServerConfigKeys (ConfUtils.java:logGet(43)) - raft.server.rpc.request.timeout = 3000ms (default)
2019-07-30 19:00:23,840 INFO  server.RaftServerConfigKeys (ConfUtils.java:logGet(43)) - raft.server.storage.dir = [/workdir/hadoop-ozone/integration-test/target/test-dir/MiniOzoneClusterImpl-cde36970-375a-443a-bf44-429d63a9d0f0/datanode-0/data/ratis] (custom)
2019-07-30 19:00:23,889 INFO  replication.SimpleContainerDownloader (SimpleContainerDownloader.java:<init>(72)) - Starting container downloader service to copy containers to replicate.
2019-07-30 19:00:23,904 INFO  hdfs.DFSUtil (DFSUtil.java:httpServerTemplateForNNAndJN(1641)) - Starting Web-server for hddsDatanode at: http://0.0.0.0:0
2019-07-30 19:00:23,907 INFO  server.AuthenticationFilter (AuthenticationFilter.java:constructSecretProvider(240)) - Unable to initialize FileSignerSecretProvider, falling back to use random secrets.
2019-07-30 19:00:23,909 WARN  http.HttpRequestLog (HttpRequestLog.java:getRequestLog(97)) - Jetty request log can only be enabled using Log4j
2019-07-30 19:00:23,912 INFO  http.HttpServer2 (HttpServer2.java:addGlobalFilter(975)) - Added global filter 'safety' (class=org.apache.hadoop.http.HttpServer2$QuotingInputFilter)
2019-07-30 19:00:23,914 INFO  http.HttpServer2 (HttpServer2.java:addFilter(948)) - Added filter static_user_filter (class=org.apache.hadoop.http.lib.StaticUserWebFilter$StaticUserFilter) to context hddsDatanode
2019-07-30 19:00:23,914 INFO  http.HttpServer2 (HttpServer2.java:addFilter(958)) - Added filter static_user_filter (class=org.apache.hadoop.http.lib.StaticUserWebFilter$StaticUserFilter) to context static
2019-07-30 19:00:23,914 INFO  http.HttpServer2 (HttpServer2.java:addFilter(958)) - Added filter static_user_filter (class=org.apache.hadoop.http.lib.StaticUserWebFilter$StaticUserFilter) to context logs
2019-07-30 19:00:23,917 INFO  http.HttpServer2 (HttpServer2.java:bindListener(1191)) - Jetty bound to port 42830
2019-07-30 19:00:23,917 INFO  server.Server (Server.java:doStart(351)) - jetty-9.3.24.v20180605, build timestamp: 2018-06-05T17:11:56Z, git hash: 84205aa28f11a4f31f2a3b86d1bba2cc8ab69827
2019-07-30 19:00:23,920 INFO  handler.ContextHandler (ContextHandler.java:doStart(781)) - Started o.e.j.s.ServletContextHandler@42ea287{/logs,file:///workdir/hadoop-ozone/integration-test/target/log,AVAILABLE}
2019-07-30 19:00:23,921 INFO  handler.ContextHandler (ContextHandler.java:doStart(781)) - Started o.e.j.s.ServletContextHandler@1f0b3cfe{/static,jar:file:/home/user/.m2/repository/org/apache/hadoop/hadoop-hdds-container-service/0.4.1-SNAPSHOT/hadoop-hdds-container-service-0.4.1-SNAPSHOT.jar!/webapps/static,AVAILABLE}
2019-07-30 19:00:23,970 INFO  handler.ContextHandler (ContextHandler.java:doStart(781)) - Started o.e.j.w.WebAppContext@dc79225{/,file:///tmp/jetty-0.0.0.0-42830-hddsDatanode-_-any-2025821142794956101.dir/webapp/,AVAILABLE}{/hddsDatanode}
2019-07-30 19:00:23,971 INFO  server.AbstractConnector (AbstractConnector.java:doStart(278)) - Started ServerConnector@30e9ca13{HTTP/1.1,[http/1.1]}{0.0.0.0:42830}
2019-07-30 19:00:23,972 INFO  server.Server (Server.java:doStart(419)) - Started @4779ms
2019-07-30 19:00:23,975 INFO  server.BaseHttpServer (BaseHttpServer.java:updateConnectorAddress(207)) - HTTP server of HDDSDATANODE is listening at http://0.0.0.0:42830
2019-07-30 19:00:25,144 INFO  ozone.HddsDatanodeService (HddsDatanodeService.java:startPlugins(395)) - Started plug-in org.apache.hadoop.ozone.web.OzoneHddsDatanodeService@364fd4ae
2019-07-30 19:00:25,146 INFO  impl.MetricsSystemImpl (MetricsSystemImpl.java:init(158)) - HddsDatanode metrics system started (again)
2019-07-30 19:00:25,150 INFO  ozone.HddsDatanodeService (HddsDatanodeService.java:start(184)) - HddsDatanodeService host:byscane-nightly-d7s94-1643579034 ip:192.168.5.147
2019-07-30 19:00:25,153 INFO  util.JvmPauseMonitor (JvmPauseMonitor.java:run(188)) - Starting JVM pause monitor
2019-07-30 19:00:25,159 INFO  volume.HddsVolume (HddsVolume.java:<init>(176)) - Creating Volume: /workdir/hadoop-ozone/integration-test/target/test-dir/MiniOzoneClusterImpl-cde36970-375a-443a-bf44-429d63a9d0f0/datanode-1/data/containers/hdds of  storage type : DISK and capacity : 52710309888
2019-07-30 19:00:25,160 INFO  volume.VolumeSet (VolumeSet.java:initializeVolumeSet(170)) - Added Volume : /workdir/hadoop-ozone/integration-test/target/test-dir/MiniOzoneClusterImpl-cde36970-375a-443a-bf44-429d63a9d0f0/datanode-1/data/containers/hdds to VolumeSet
2019-07-30 19:00:25,160 INFO  volume.ThrottledAsyncChecker (ThrottledAsyncChecker.java:schedule(140)) - Scheduling a check for org.apache.hadoop.ozone.container.common.volume.HddsVolume@5c059a68
2019-07-30 19:00:25,161 INFO  volume.HddsVolumeChecker (HddsVolumeChecker.java:checkAllVolumes(203)) - Scheduled health check for volume org.apache.hadoop.ozone.container.common.volume.HddsVolume@5c059a68
2019-07-30 19:00:25,182 INFO  impl.RaftServerProxy (ConfUtils.java:logGet(43)) - raft.rpc.type = GRPC (default)
2019-07-30 19:00:25,183 INFO  grpc.GrpcFactory (GrpcFactory.java:checkPooledByteBufAllocatorUseCacheForAllThreads(45)) - PERFORMANCE WARNING: useCacheForAllThreads is true that may cause Netty to create a lot garbage objects and, as a result, trigger GC.
	It is recommended to disable useCacheForAllThreads by setting -Dorg.apache.ratis.thirdparty.io.netty.allocator.useCacheForAllThreads=false in command line.
2019-07-30 19:00:25,183 INFO  grpc.GrpcConfigKeys$Server (ConfUtils.java:logGet(43)) - raft.grpc.server.port = 0 (default)
2019-07-30 19:00:25,183 INFO  server.GrpcService (ConfUtils.java:logGet(43)) - raft.grpc.message.size.max = 33570816 (custom)
2019-07-30 19:00:25,184 INFO  server.RaftServerConfigKeys (ConfUtils.java:logGet(43)) - raft.server.log.appender.buffer.byte-limit = 33554432 (custom)
2019-07-30 19:00:25,184 INFO  server.GrpcService (ConfUtils.java:logGet(43)) - raft.grpc.flow.control.window = 1MB (=1048576) (default)
2019-07-30 19:00:25,184 INFO  server.RaftServerConfigKeys (ConfUtils.java:logGet(43)) - raft.server.rpc.request.timeout = 3000ms (default)
2019-07-30 19:00:25,185 INFO  server.RaftServerConfigKeys (ConfUtils.java:logGet(43)) - raft.server.storage.dir = [/workdir/hadoop-ozone/integration-test/target/test-dir/MiniOzoneClusterImpl-cde36970-375a-443a-bf44-429d63a9d0f0/datanode-1/data/ratis] (custom)
2019-07-30 19:00:25,185 INFO  replication.SimpleContainerDownloader (SimpleContainerDownloader.java:<init>(72)) - Starting container downloader service to copy containers to replicate.
2019-07-30 19:00:25,187 INFO  hdfs.DFSUtil (DFSUtil.java:httpServerTemplateForNNAndJN(1641)) - Starting Web-server for hddsDatanode at: http://0.0.0.0:0
2019-07-30 19:00:25,190 INFO  server.AuthenticationFilter (AuthenticationFilter.java:constructSecretProvider(240)) - Unable to initialize FileSignerSecretProvider, falling back to use random secrets.
2019-07-30 19:00:25,191 WARN  http.HttpRequestLog (HttpRequestLog.java:getRequestLog(97)) - Jetty request log can only be enabled using Log4j
2019-07-30 19:00:25,193 INFO  http.HttpServer2 (HttpServer2.java:addGlobalFilter(975)) - Added global filter 'safety' (class=org.apache.hadoop.http.HttpServer2$QuotingInputFilter)
2019-07-30 19:00:25,195 INFO  http.HttpServer2 (HttpServer2.java:addFilter(948)) - Added filter static_user_filter (class=org.apache.hadoop.http.lib.StaticUserWebFilter$StaticUserFilter) to context hddsDatanode
2019-07-30 19:00:25,195 INFO  http.HttpServer2 (HttpServer2.java:addFilter(958)) - Added filter static_user_filter (class=org.apache.hadoop.http.lib.StaticUserWebFilter$StaticUserFilter) to context logs
2019-07-30 19:00:25,195 INFO  http.HttpServer2 (HttpServer2.java:addFilter(958)) - Added filter static_user_filter (class=org.apache.hadoop.http.lib.StaticUserWebFilter$StaticUserFilter) to context static
2019-07-30 19:00:25,197 INFO  http.HttpServer2 (HttpServer2.java:bindListener(1191)) - Jetty bound to port 44467
2019-07-30 19:00:25,197 INFO  server.Server (Server.java:doStart(351)) - jetty-9.3.24.v20180605, build timestamp: 2018-06-05T17:11:56Z, git hash: 84205aa28f11a4f31f2a3b86d1bba2cc8ab69827
2019-07-30 19:00:25,200 INFO  handler.ContextHandler (ContextHandler.java:doStart(781)) - Started o.e.j.s.ServletContextHandler@515b9d4a{/logs,file:///workdir/hadoop-ozone/integration-test/target/log,AVAILABLE}
2019-07-30 19:00:25,201 INFO  handler.ContextHandler (ContextHandler.java:doStart(781)) - Started o.e.j.s.ServletContextHandler@32a4ecbe{/static,jar:file:/home/user/.m2/repository/org/apache/hadoop/hadoop-hdds-container-service/0.4.1-SNAPSHOT/hadoop-hdds-container-service-0.4.1-SNAPSHOT.jar!/webapps/static,AVAILABLE}
2019-07-30 19:00:25,244 INFO  handler.ContextHandler (ContextHandler.java:doStart(781)) - Started o.e.j.w.WebAppContext@747835f5{/,file:///tmp/jetty-0.0.0.0-44467-hddsDatanode-_-any-7388748089673251887.dir/webapp/,AVAILABLE}{/hddsDatanode}
2019-07-30 19:00:25,245 INFO  server.AbstractConnector (AbstractConnector.java:doStart(278)) - Started ServerConnector@594131f2{HTTP/1.1,[http/1.1]}{0.0.0.0:44467}
2019-07-30 19:00:25,245 INFO  server.Server (Server.java:doStart(419)) - Started @6052ms
2019-07-30 19:00:25,248 INFO  server.BaseHttpServer (BaseHttpServer.java:updateConnectorAddress(207)) - HTTP server of HDDSDATANODE is listening at http://0.0.0.0:44467
2019-07-30 19:00:25,291 INFO  datanode.InitDatanodeState (InitDatanodeState.java:persistContainerDatanodeDetails(140)) - DatanodeDetails is persisted to /workdir/hadoop-ozone/integration-test/target/test-dir/MiniOzoneClusterImpl-cde36970-375a-443a-bf44-429d63a9d0f0/datanode-0/meta/datanode.id
2019-07-30 19:00:25,407 INFO  ozone.HddsDatanodeService (HddsDatanodeService.java:startPlugins(395)) - Started plug-in org.apache.hadoop.ozone.web.OzoneHddsDatanodeService@20d19f2c
2019-07-30 19:00:25,407 INFO  impl.MetricsSystemImpl (MetricsSystemImpl.java:init(158)) - HddsDatanode metrics system started (again)
2019-07-30 19:00:25,409 INFO  util.JvmPauseMonitor (JvmPauseMonitor.java:run(188)) - Starting JVM pause monitor
2019-07-30 19:00:25,410 INFO  ozone.HddsDatanodeService (HddsDatanodeService.java:start(184)) - HddsDatanodeService host:byscane-nightly-d7s94-1643579034 ip:192.168.5.147
2019-07-30 19:00:25,416 INFO  datanode.InitDatanodeState (InitDatanodeState.java:persistContainerDatanodeDetails(140)) - DatanodeDetails is persisted to /workdir/hadoop-ozone/integration-test/target/test-dir/MiniOzoneClusterImpl-cde36970-375a-443a-bf44-429d63a9d0f0/datanode-1/meta/datanode.id
2019-07-30 19:00:25,422 INFO  volume.HddsVolume (HddsVolume.java:<init>(176)) - Creating Volume: /workdir/hadoop-ozone/integration-test/target/test-dir/MiniOzoneClusterImpl-cde36970-375a-443a-bf44-429d63a9d0f0/datanode-2/data/containers/hdds of  storage type : DISK and capacity : 52710309888
2019-07-30 19:00:25,423 INFO  volume.VolumeSet (VolumeSet.java:initializeVolumeSet(170)) - Added Volume : /workdir/hadoop-ozone/integration-test/target/test-dir/MiniOzoneClusterImpl-cde36970-375a-443a-bf44-429d63a9d0f0/datanode-2/data/containers/hdds to VolumeSet
2019-07-30 19:00:25,423 INFO  volume.ThrottledAsyncChecker (ThrottledAsyncChecker.java:schedule(140)) - Scheduling a check for org.apache.hadoop.ozone.container.common.volume.HddsVolume@7cff3f1d
2019-07-30 19:00:25,424 INFO  volume.HddsVolumeChecker (HddsVolumeChecker.java:checkAllVolumes(203)) - Scheduled health check for volume org.apache.hadoop.ozone.container.common.volume.HddsVolume@7cff3f1d
2019-07-30 19:00:25,440 INFO  impl.RaftServerProxy (ConfUtils.java:logGet(43)) - raft.rpc.type = GRPC (default)
2019-07-30 19:00:25,440 INFO  grpc.GrpcFactory (GrpcFactory.java:checkPooledByteBufAllocatorUseCacheForAllThreads(45)) - PERFORMANCE WARNING: useCacheForAllThreads is true that may cause Netty to create a lot garbage objects and, as a result, trigger GC.
	It is recommended to disable useCacheForAllThreads by setting -Dorg.apache.ratis.thirdparty.io.netty.allocator.useCacheForAllThreads=false in command line.
2019-07-30 19:00:25,440 INFO  grpc.GrpcConfigKeys$Server (ConfUtils.java:logGet(43)) - raft.grpc.server.port = 0 (default)
2019-07-30 19:00:25,441 INFO  server.GrpcService (ConfUtils.java:logGet(43)) - raft.grpc.message.size.max = 33570816 (custom)
2019-07-30 19:00:25,441 INFO  server.RaftServerConfigKeys (ConfUtils.java:logGet(43)) - raft.server.log.appender.buffer.byte-limit = 33554432 (custom)
2019-07-30 19:00:25,441 INFO  server.GrpcService (ConfUtils.java:logGet(43)) - raft.grpc.flow.control.window = 1MB (=1048576) (default)
2019-07-30 19:00:25,441 INFO  server.RaftServerConfigKeys (ConfUtils.java:logGet(43)) - raft.server.rpc.request.timeout = 3000ms (default)
2019-07-30 19:00:25,442 INFO  server.RaftServerConfigKeys (ConfUtils.java:logGet(43)) - raft.server.storage.dir = [/workdir/hadoop-ozone/integration-test/target/test-dir/MiniOzoneClusterImpl-cde36970-375a-443a-bf44-429d63a9d0f0/datanode-2/data/ratis] (custom)
2019-07-30 19:00:25,443 INFO  replication.SimpleContainerDownloader (SimpleContainerDownloader.java:<init>(72)) - Starting container downloader service to copy containers to replicate.
2019-07-30 19:00:25,444 INFO  hdfs.DFSUtil (DFSUtil.java:httpServerTemplateForNNAndJN(1641)) - Starting Web-server for hddsDatanode at: http://0.0.0.0:0
2019-07-30 19:00:25,445 INFO  server.AuthenticationFilter (AuthenticationFilter.java:constructSecretProvider(240)) - Unable to initialize FileSignerSecretProvider, falling back to use random secrets.
2019-07-30 19:00:25,446 WARN  http.HttpRequestLog (HttpRequestLog.java:getRequestLog(97)) - Jetty request log can only be enabled using Log4j
2019-07-30 19:00:25,448 INFO  http.HttpServer2 (HttpServer2.java:addGlobalFilter(975)) - Added global filter 'safety' (class=org.apache.hadoop.http.HttpServer2$QuotingInputFilter)
2019-07-30 19:00:25,448 INFO  http.HttpServer2 (HttpServer2.java:addFilter(948)) - Added filter static_user_filter (class=org.apache.hadoop.http.lib.StaticUserWebFilter$StaticUserFilter) to context hddsDatanode
2019-07-30 19:00:25,448 INFO  http.HttpServer2 (HttpServer2.java:addFilter(958)) - Added filter static_user_filter (class=org.apache.hadoop.http.lib.StaticUserWebFilter$StaticUserFilter) to context logs
2019-07-30 19:00:25,449 INFO  http.HttpServer2 (HttpServer2.java:addFilter(958)) - Added filter static_user_filter (class=org.apache.hadoop.http.lib.StaticUserWebFilter$StaticUserFilter) to context static
2019-07-30 19:00:25,449 INFO  http.HttpServer2 (HttpServer2.java:bindListener(1191)) - Jetty bound to port 36631
2019-07-30 19:00:25,450 INFO  server.Server (Server.java:doStart(351)) - jetty-9.3.24.v20180605, build timestamp: 2018-06-05T17:11:56Z, git hash: 84205aa28f11a4f31f2a3b86d1bba2cc8ab69827
2019-07-30 19:00:25,453 INFO  handler.ContextHandler (ContextHandler.java:doStart(781)) - Started o.e.j.s.ServletContextHandler@7b351446{/logs,file:///workdir/hadoop-ozone/integration-test/target/log,AVAILABLE}
2019-07-30 19:00:25,454 INFO  handler.ContextHandler (ContextHandler.java:doStart(781)) - Started o.e.j.s.ServletContextHandler@a1691c0{/static,jar:file:/home/user/.m2/repository/org/apache/hadoop/hadoop-hdds-container-service/0.4.1-SNAPSHOT/hadoop-hdds-container-service-0.4.1-SNAPSHOT.jar!/webapps/static,AVAILABLE}
2019-07-30 19:00:25,482 INFO  handler.ContextHandler (ContextHandler.java:doStart(781)) - Started o.e.j.w.WebAppContext@37e0056e{/,file:///tmp/jetty-0.0.0.0-36631-hddsDatanode-_-any-4039043331343631318.dir/webapp/,AVAILABLE}{/hddsDatanode}
2019-07-30 19:00:25,483 INFO  server.AbstractConnector (AbstractConnector.java:doStart(278)) - Started ServerConnector@415795f3{HTTP/1.1,[http/1.1]}{0.0.0.0:36631}
2019-07-30 19:00:25,484 INFO  server.Server (Server.java:doStart(419)) - Started @6290ms
2019-07-30 19:00:25,485 INFO  server.BaseHttpServer (BaseHttpServer.java:updateConnectorAddress(207)) - HTTP server of HDDSDATANODE is listening at http://0.0.0.0:36631
2019-07-30 19:00:25,631 INFO  ozone.HddsDatanodeService (HddsDatanodeService.java:startPlugins(395)) - Started plug-in org.apache.hadoop.ozone.web.OzoneHddsDatanodeService@4702e7a5
2019-07-30 19:00:25,632 INFO  impl.MetricsSystemImpl (MetricsSystemImpl.java:init(158)) - HddsDatanode metrics system started (again)
2019-07-30 19:00:25,638 INFO  ozone.HddsDatanodeService (HddsDatanodeService.java:start(184)) - HddsDatanodeService host:byscane-nightly-d7s94-1643579034 ip:192.168.5.147
2019-07-30 19:00:25,638 INFO  util.JvmPauseMonitor (JvmPauseMonitor.java:run(188)) - Starting JVM pause monitor
2019-07-30 19:00:25,641 INFO  datanode.InitDatanodeState (InitDatanodeState.java:persistContainerDatanodeDetails(140)) - DatanodeDetails is persisted to /workdir/hadoop-ozone/integration-test/target/test-dir/MiniOzoneClusterImpl-cde36970-375a-443a-bf44-429d63a9d0f0/datanode-2/meta/datanode.id
2019-07-30 19:00:25,647 INFO  volume.HddsVolume (HddsVolume.java:<init>(176)) - Creating Volume: /workdir/hadoop-ozone/integration-test/target/test-dir/MiniOzoneClusterImpl-cde36970-375a-443a-bf44-429d63a9d0f0/datanode-3/data/containers/hdds of  storage type : DISK and capacity : 52710309888
2019-07-30 19:00:25,647 INFO  volume.VolumeSet (VolumeSet.java:initializeVolumeSet(170)) - Added Volume : /workdir/hadoop-ozone/integration-test/target/test-dir/MiniOzoneClusterImpl-cde36970-375a-443a-bf44-429d63a9d0f0/datanode-3/data/containers/hdds to VolumeSet
2019-07-30 19:00:25,647 INFO  volume.ThrottledAsyncChecker (ThrottledAsyncChecker.java:schedule(140)) - Scheduling a check for org.apache.hadoop.ozone.container.common.volume.HddsVolume@525647f3
2019-07-30 19:00:25,648 INFO  volume.HddsVolumeChecker (HddsVolumeChecker.java:checkAllVolumes(203)) - Scheduled health check for volume org.apache.hadoop.ozone.container.common.volume.HddsVolume@525647f3
2019-07-30 19:00:25,664 INFO  impl.RaftServerProxy (ConfUtils.java:logGet(43)) - raft.rpc.type = GRPC (default)
2019-07-30 19:00:25,664 INFO  grpc.GrpcFactory (GrpcFactory.java:checkPooledByteBufAllocatorUseCacheForAllThreads(45)) - PERFORMANCE WARNING: useCacheForAllThreads is true that may cause Netty to create a lot garbage objects and, as a result, trigger GC.
	It is recommended to disable useCacheForAllThreads by setting -Dorg.apache.ratis.thirdparty.io.netty.allocator.useCacheForAllThreads=false in command line.
2019-07-30 19:00:25,664 INFO  grpc.GrpcConfigKeys$Server (ConfUtils.java:logGet(43)) - raft.grpc.server.port = 0 (default)
2019-07-30 19:00:25,664 INFO  server.GrpcService (ConfUtils.java:logGet(43)) - raft.grpc.message.size.max = 33570816 (custom)
2019-07-30 19:00:25,665 INFO  server.RaftServerConfigKeys (ConfUtils.java:logGet(43)) - raft.server.log.appender.buffer.byte-limit = 33554432 (custom)
2019-07-30 19:00:25,665 INFO  server.GrpcService (ConfUtils.java:logGet(43)) - raft.grpc.flow.control.window = 1MB (=1048576) (default)
2019-07-30 19:00:25,665 INFO  server.RaftServerConfigKeys (ConfUtils.java:logGet(43)) - raft.server.rpc.request.timeout = 3000ms (default)
2019-07-30 19:00:25,666 INFO  server.RaftServerConfigKeys (ConfUtils.java:logGet(43)) - raft.server.storage.dir = [/workdir/hadoop-ozone/integration-test/target/test-dir/MiniOzoneClusterImpl-cde36970-375a-443a-bf44-429d63a9d0f0/datanode-3/data/ratis] (custom)
2019-07-30 19:00:25,666 INFO  replication.SimpleContainerDownloader (SimpleContainerDownloader.java:<init>(72)) - Starting container downloader service to copy containers to replicate.
2019-07-30 19:00:25,668 INFO  hdfs.DFSUtil (DFSUtil.java:httpServerTemplateForNNAndJN(1641)) - Starting Web-server for hddsDatanode at: http://0.0.0.0:0
2019-07-30 19:00:25,669 INFO  server.AuthenticationFilter (AuthenticationFilter.java:constructSecretProvider(240)) - Unable to initialize FileSignerSecretProvider, falling back to use random secrets.
2019-07-30 19:00:25,669 WARN  http.HttpRequestLog (HttpRequestLog.java:getRequestLog(97)) - Jetty request log can only be enabled using Log4j
2019-07-30 19:00:25,671 INFO  http.HttpServer2 (HttpServer2.java:addGlobalFilter(975)) - Added global filter 'safety' (class=org.apache.hadoop.http.HttpServer2$QuotingInputFilter)
2019-07-30 19:00:25,671 INFO  http.HttpServer2 (HttpServer2.java:addFilter(948)) - Added filter static_user_filter (class=org.apache.hadoop.http.lib.StaticUserWebFilter$StaticUserFilter) to context hddsDatanode
2019-07-30 19:00:25,672 INFO  http.HttpServer2 (HttpServer2.java:addFilter(958)) - Added filter static_user_filter (class=org.apache.hadoop.http.lib.StaticUserWebFilter$StaticUserFilter) to context logs
2019-07-30 19:00:25,672 INFO  http.HttpServer2 (HttpServer2.java:addFilter(958)) - Added filter static_user_filter (class=org.apache.hadoop.http.lib.StaticUserWebFilter$StaticUserFilter) to context static
2019-07-30 19:00:25,673 INFO  http.HttpServer2 (HttpServer2.java:bindListener(1191)) - Jetty bound to port 44230
2019-07-30 19:00:25,673 INFO  server.Server (Server.java:doStart(351)) - jetty-9.3.24.v20180605, build timestamp: 2018-06-05T17:11:56Z, git hash: 84205aa28f11a4f31f2a3b86d1bba2cc8ab69827
2019-07-30 19:00:25,675 INFO  handler.ContextHandler (ContextHandler.java:doStart(781)) - Started o.e.j.s.ServletContextHandler@5c313224{/logs,file:///workdir/hadoop-ozone/integration-test/target/log,AVAILABLE}
2019-07-30 19:00:25,676 INFO  handler.ContextHandler (ContextHandler.java:doStart(781)) - Started o.e.j.s.ServletContextHandler@4b957db0{/static,jar:file:/home/user/.m2/repository/org/apache/hadoop/hadoop-hdds-container-service/0.4.1-SNAPSHOT/hadoop-hdds-container-service-0.4.1-SNAPSHOT.jar!/webapps/static,AVAILABLE}
2019-07-30 19:00:25,704 INFO  handler.ContextHandler (ContextHandler.java:doStart(781)) - Started o.e.j.w.WebAppContext@69ed5ea2{/,file:///tmp/jetty-0.0.0.0-44230-hddsDatanode-_-any-5860384808985490358.dir/webapp/,AVAILABLE}{/hddsDatanode}
2019-07-30 19:00:25,705 INFO  server.AbstractConnector (AbstractConnector.java:doStart(278)) - Started ServerConnector@56a4abd0{HTTP/1.1,[http/1.1]}{0.0.0.0:44230}
2019-07-30 19:00:25,706 INFO  server.Server (Server.java:doStart(419)) - Started @6512ms
2019-07-30 19:00:25,708 INFO  server.BaseHttpServer (BaseHttpServer.java:updateConnectorAddress(207)) - HTTP server of HDDSDATANODE is listening at http://0.0.0.0:44230
2019-07-30 19:00:25,857 INFO  ozone.HddsDatanodeService (HddsDatanodeService.java:startPlugins(395)) - Started plug-in org.apache.hadoop.ozone.web.OzoneHddsDatanodeService@2589d787
2019-07-30 19:00:25,858 INFO  impl.MetricsSystemImpl (MetricsSystemImpl.java:init(158)) - HddsDatanode metrics system started (again)
2019-07-30 19:00:25,860 INFO  util.JvmPauseMonitor (JvmPauseMonitor.java:run(188)) - Starting JVM pause monitor
2019-07-30 19:00:25,860 INFO  ozone.HddsDatanodeService (HddsDatanodeService.java:start(184)) - HddsDatanodeService host:byscane-nightly-d7s94-1643579034 ip:192.168.5.147
2019-07-30 19:00:25,863 INFO  datanode.InitDatanodeState (InitDatanodeState.java:persistContainerDatanodeDetails(140)) - DatanodeDetails is persisted to /workdir/hadoop-ozone/integration-test/target/test-dir/MiniOzoneClusterImpl-cde36970-375a-443a-bf44-429d63a9d0f0/datanode-3/meta/datanode.id
2019-07-30 19:00:25,868 INFO  volume.HddsVolume (HddsVolume.java:<init>(176)) - Creating Volume: /workdir/hadoop-ozone/integration-test/target/test-dir/MiniOzoneClusterImpl-cde36970-375a-443a-bf44-429d63a9d0f0/datanode-4/data/containers/hdds of  storage type : DISK and capacity : 52710309888
2019-07-30 19:00:25,869 INFO  volume.VolumeSet (VolumeSet.java:initializeVolumeSet(170)) - Added Volume : /workdir/hadoop-ozone/integration-test/target/test-dir/MiniOzoneClusterImpl-cde36970-375a-443a-bf44-429d63a9d0f0/datanode-4/data/containers/hdds to VolumeSet
2019-07-30 19:00:25,869 INFO  volume.ThrottledAsyncChecker (ThrottledAsyncChecker.java:schedule(140)) - Scheduling a check for org.apache.hadoop.ozone.container.common.volume.HddsVolume@45037e16
2019-07-30 19:00:25,870 INFO  volume.HddsVolumeChecker (HddsVolumeChecker.java:checkAllVolumes(203)) - Scheduled health check for volume org.apache.hadoop.ozone.container.common.volume.HddsVolume@45037e16
2019-07-30 19:00:25,885 INFO  impl.RaftServerProxy (ConfUtils.java:logGet(43)) - raft.rpc.type = GRPC (default)
2019-07-30 19:00:25,885 INFO  grpc.GrpcFactory (GrpcFactory.java:checkPooledByteBufAllocatorUseCacheForAllThreads(45)) - PERFORMANCE WARNING: useCacheForAllThreads is true that may cause Netty to create a lot garbage objects and, as a result, trigger GC.
	It is recommended to disable useCacheForAllThreads by setting -Dorg.apache.ratis.thirdparty.io.netty.allocator.useCacheForAllThreads=false in command line.
2019-07-30 19:00:25,885 INFO  grpc.GrpcConfigKeys$Server (ConfUtils.java:logGet(43)) - raft.grpc.server.port = 0 (default)
2019-07-30 19:00:25,886 INFO  server.GrpcService (ConfUtils.java:logGet(43)) - raft.grpc.message.size.max = 33570816 (custom)
2019-07-30 19:00:25,886 INFO  server.RaftServerConfigKeys (ConfUtils.java:logGet(43)) - raft.server.log.appender.buffer.byte-limit = 33554432 (custom)
2019-07-30 19:00:25,886 INFO  server.GrpcService (ConfUtils.java:logGet(43)) - raft.grpc.flow.control.window = 1MB (=1048576) (default)
2019-07-30 19:00:25,886 INFO  server.RaftServerConfigKeys (ConfUtils.java:logGet(43)) - raft.server.rpc.request.timeout = 3000ms (default)
2019-07-30 19:00:25,887 INFO  server.RaftServerConfigKeys (ConfUtils.java:logGet(43)) - raft.server.storage.dir = [/workdir/hadoop-ozone/integration-test/target/test-dir/MiniOzoneClusterImpl-cde36970-375a-443a-bf44-429d63a9d0f0/datanode-4/data/ratis] (custom)
2019-07-30 19:00:25,887 INFO  replication.SimpleContainerDownloader (SimpleContainerDownloader.java:<init>(72)) - Starting container downloader service to copy containers to replicate.
2019-07-30 19:00:25,889 INFO  hdfs.DFSUtil (DFSUtil.java:httpServerTemplateForNNAndJN(1641)) - Starting Web-server for hddsDatanode at: http://0.0.0.0:0
2019-07-30 19:00:25,890 INFO  server.AuthenticationFilter (AuthenticationFilter.java:constructSecretProvider(240)) - Unable to initialize FileSignerSecretProvider, falling back to use random secrets.
2019-07-30 19:00:25,890 WARN  http.HttpRequestLog (HttpRequestLog.java:getRequestLog(97)) - Jetty request log can only be enabled using Log4j
2019-07-30 19:00:25,892 INFO  http.HttpServer2 (HttpServer2.java:addGlobalFilter(975)) - Added global filter 'safety' (class=org.apache.hadoop.http.HttpServer2$QuotingInputFilter)
2019-07-30 19:00:25,893 INFO  http.HttpServer2 (HttpServer2.java:addFilter(948)) - Added filter static_user_filter (class=org.apache.hadoop.http.lib.StaticUserWebFilter$StaticUserFilter) to context hddsDatanode
2019-07-30 19:00:25,893 INFO  http.HttpServer2 (HttpServer2.java:addFilter(958)) - Added filter static_user_filter (class=org.apache.hadoop.http.lib.StaticUserWebFilter$StaticUserFilter) to context static
2019-07-30 19:00:25,893 INFO  http.HttpServer2 (HttpServer2.java:addFilter(958)) - Added filter static_user_filter (class=org.apache.hadoop.http.lib.StaticUserWebFilter$StaticUserFilter) to context logs
2019-07-30 19:00:25,894 INFO  http.HttpServer2 (HttpServer2.java:bindListener(1191)) - Jetty bound to port 41068
2019-07-30 19:00:25,894 INFO  server.Server (Server.java:doStart(351)) - jetty-9.3.24.v20180605, build timestamp: 2018-06-05T17:11:56Z, git hash: 84205aa28f11a4f31f2a3b86d1bba2cc8ab69827
2019-07-30 19:00:25,899 INFO  handler.ContextHandler (ContextHandler.java:doStart(781)) - Started o.e.j.s.ServletContextHandler@2dbfa972{/logs,file:///workdir/hadoop-ozone/integration-test/target/log,AVAILABLE}
2019-07-30 19:00:25,900 INFO  handler.ContextHandler (ContextHandler.java:doStart(781)) - Started o.e.j.s.ServletContextHandler@41aebbb4{/static,jar:file:/home/user/.m2/repository/org/apache/hadoop/hadoop-hdds-container-service/0.4.1-SNAPSHOT/hadoop-hdds-container-service-0.4.1-SNAPSHOT.jar!/webapps/static,AVAILABLE}
2019-07-30 19:00:25,929 INFO  handler.ContextHandler (ContextHandler.java:doStart(781)) - Started o.e.j.w.WebAppContext@6629643d{/,file:///tmp/jetty-0.0.0.0-41068-hddsDatanode-_-any-2515652656133534207.dir/webapp/,AVAILABLE}{/hddsDatanode}
2019-07-30 19:00:25,929 INFO  server.AbstractConnector (AbstractConnector.java:doStart(278)) - Started ServerConnector@2dd178f3{HTTP/1.1,[http/1.1]}{0.0.0.0:41068}
2019-07-30 19:00:25,930 INFO  server.Server (Server.java:doStart(419)) - Started @6737ms
2019-07-30 19:00:25,931 INFO  server.BaseHttpServer (BaseHttpServer.java:updateConnectorAddress(207)) - HTTP server of HDDSDATANODE is listening at http://0.0.0.0:41068
2019-07-30 19:00:26,070 INFO  ozone.HddsDatanodeService (HddsDatanodeService.java:startPlugins(395)) - Started plug-in org.apache.hadoop.ozone.web.OzoneHddsDatanodeService@7364f68
2019-07-30 19:00:26,071 INFO  impl.MetricsSystemImpl (MetricsSystemImpl.java:init(158)) - HddsDatanode metrics system started (again)
2019-07-30 19:00:26,074 INFO  util.JvmPauseMonitor (JvmPauseMonitor.java:run(188)) - Starting JVM pause monitor
2019-07-30 19:00:26,074 INFO  ozone.HddsDatanodeService (HddsDatanodeService.java:start(184)) - HddsDatanodeService host:byscane-nightly-d7s94-1643579034 ip:192.168.5.147
2019-07-30 19:00:26,076 INFO  datanode.InitDatanodeState (InitDatanodeState.java:persistContainerDatanodeDetails(140)) - DatanodeDetails is persisted to /workdir/hadoop-ozone/integration-test/target/test-dir/MiniOzoneClusterImpl-cde36970-375a-443a-bf44-429d63a9d0f0/datanode-4/meta/datanode.id
2019-07-30 19:00:26,081 INFO  volume.HddsVolume (HddsVolume.java:<init>(176)) - Creating Volume: /workdir/hadoop-ozone/integration-test/target/test-dir/MiniOzoneClusterImpl-cde36970-375a-443a-bf44-429d63a9d0f0/datanode-5/data/containers/hdds of  storage type : DISK and capacity : 52710309888
2019-07-30 19:00:26,082 INFO  volume.VolumeSet (VolumeSet.java:initializeVolumeSet(170)) - Added Volume : /workdir/hadoop-ozone/integration-test/target/test-dir/MiniOzoneClusterImpl-cde36970-375a-443a-bf44-429d63a9d0f0/datanode-5/data/containers/hdds to VolumeSet
2019-07-30 19:00:26,082 INFO  volume.ThrottledAsyncChecker (ThrottledAsyncChecker.java:schedule(140)) - Scheduling a check for org.apache.hadoop.ozone.container.common.volume.HddsVolume@3e43f049
2019-07-30 19:00:26,082 INFO  volume.HddsVolumeChecker (HddsVolumeChecker.java:checkAllVolumes(203)) - Scheduled health check for volume org.apache.hadoop.ozone.container.common.volume.HddsVolume@3e43f049
2019-07-30 19:00:26,096 INFO  impl.RaftServerProxy (ConfUtils.java:logGet(43)) - raft.rpc.type = GRPC (default)
2019-07-30 19:00:26,096 INFO  grpc.GrpcFactory (GrpcFactory.java:checkPooledByteBufAllocatorUseCacheForAllThreads(45)) - PERFORMANCE WARNING: useCacheForAllThreads is true that may cause Netty to create a lot garbage objects and, as a result, trigger GC.
	It is recommended to disable useCacheForAllThreads by setting -Dorg.apache.ratis.thirdparty.io.netty.allocator.useCacheForAllThreads=false in command line.
2019-07-30 19:00:26,097 INFO  grpc.GrpcConfigKeys$Server (ConfUtils.java:logGet(43)) - raft.grpc.server.port = 0 (default)
2019-07-30 19:00:26,097 INFO  server.GrpcService (ConfUtils.java:logGet(43)) - raft.grpc.message.size.max = 33570816 (custom)
2019-07-30 19:00:26,097 INFO  server.RaftServerConfigKeys (ConfUtils.java:logGet(43)) - raft.server.log.appender.buffer.byte-limit = 33554432 (custom)
2019-07-30 19:00:26,097 INFO  server.GrpcService (ConfUtils.java:logGet(43)) - raft.grpc.flow.control.window = 1MB (=1048576) (default)
2019-07-30 19:00:26,098 INFO  server.RaftServerConfigKeys (ConfUtils.java:logGet(43)) - raft.server.rpc.request.timeout = 3000ms (default)
2019-07-30 19:00:26,098 INFO  server.RaftServerConfigKeys (ConfUtils.java:logGet(43)) - raft.server.storage.dir = [/workdir/hadoop-ozone/integration-test/target/test-dir/MiniOzoneClusterImpl-cde36970-375a-443a-bf44-429d63a9d0f0/datanode-5/data/ratis] (custom)
2019-07-30 19:00:26,099 INFO  replication.SimpleContainerDownloader (SimpleContainerDownloader.java:<init>(72)) - Starting container downloader service to copy containers to replicate.
2019-07-30 19:00:26,100 INFO  hdfs.DFSUtil (DFSUtil.java:httpServerTemplateForNNAndJN(1641)) - Starting Web-server for hddsDatanode at: http://0.0.0.0:0
2019-07-30 19:00:26,101 INFO  server.AuthenticationFilter (AuthenticationFilter.java:constructSecretProvider(240)) - Unable to initialize FileSignerSecretProvider, falling back to use random secrets.
2019-07-30 19:00:26,101 WARN  http.HttpRequestLog (HttpRequestLog.java:getRequestLog(97)) - Jetty request log can only be enabled using Log4j
2019-07-30 19:00:26,103 INFO  http.HttpServer2 (HttpServer2.java:addGlobalFilter(975)) - Added global filter 'safety' (class=org.apache.hadoop.http.HttpServer2$QuotingInputFilter)
2019-07-30 19:00:26,103 INFO  http.HttpServer2 (HttpServer2.java:addFilter(948)) - Added filter static_user_filter (class=org.apache.hadoop.http.lib.StaticUserWebFilter$StaticUserFilter) to context hddsDatanode
2019-07-30 19:00:26,104 INFO  http.HttpServer2 (HttpServer2.java:addFilter(958)) - Added filter static_user_filter (class=org.apache.hadoop.http.lib.StaticUserWebFilter$StaticUserFilter) to context static
2019-07-30 19:00:26,104 INFO  http.HttpServer2 (HttpServer2.java:addFilter(958)) - Added filter static_user_filter (class=org.apache.hadoop.http.lib.StaticUserWebFilter$StaticUserFilter) to context logs
2019-07-30 19:00:26,104 INFO  http.HttpServer2 (HttpServer2.java:bindListener(1191)) - Jetty bound to port 42198
2019-07-30 19:00:26,105 INFO  server.Server (Server.java:doStart(351)) - jetty-9.3.24.v20180605, build timestamp: 2018-06-05T17:11:56Z, git hash: 84205aa28f11a4f31f2a3b86d1bba2cc8ab69827
2019-07-30 19:00:26,107 INFO  handler.ContextHandler (ContextHandler.java:doStart(781)) - Started o.e.j.s.ServletContextHandler@255d9277{/logs,file:///workdir/hadoop-ozone/integration-test/target/log,AVAILABLE}
2019-07-30 19:00:26,107 INFO  handler.ContextHandler (ContextHandler.java:doStart(781)) - Started o.e.j.s.ServletContextHandler@7e191fda{/static,jar:file:/home/user/.m2/repository/org/apache/hadoop/hadoop-hdds-container-service/0.4.1-SNAPSHOT/hadoop-hdds-container-service-0.4.1-SNAPSHOT.jar!/webapps/static,AVAILABLE}
2019-07-30 19:00:26,135 INFO  handler.ContextHandler (ContextHandler.java:doStart(781)) - Started o.e.j.w.WebAppContext@935493d{/,file:///tmp/jetty-0.0.0.0-42198-hddsDatanode-_-any-338775225221166599.dir/webapp/,AVAILABLE}{/hddsDatanode}
2019-07-30 19:00:26,135 INFO  server.AbstractConnector (AbstractConnector.java:doStart(278)) - Started ServerConnector@9b367c8{HTTP/1.1,[http/1.1]}{0.0.0.0:42198}
2019-07-30 19:00:26,136 INFO  server.Server (Server.java:doStart(419)) - Started @6943ms
2019-07-30 19:00:26,137 INFO  server.BaseHttpServer (BaseHttpServer.java:updateConnectorAddress(207)) - HTTP server of HDDSDATANODE is listening at http://0.0.0.0:42198
2019-07-30 19:00:26,254 INFO  ozone.HddsDatanodeService (HddsDatanodeService.java:startPlugins(395)) - Started plug-in org.apache.hadoop.ozone.web.OzoneHddsDatanodeService@5b742bc8
2019-07-30 19:00:26,255 INFO  impl.MetricsSystemImpl (MetricsSystemImpl.java:init(158)) - HddsDatanode metrics system started (again)
2019-07-30 19:00:26,258 INFO  ozone.HddsDatanodeService (HddsDatanodeService.java:start(184)) - HddsDatanodeService host:byscane-nightly-d7s94-1643579034 ip:192.168.5.147
2019-07-30 19:00:26,259 INFO  util.JvmPauseMonitor (JvmPauseMonitor.java:run(188)) - Starting JVM pause monitor
2019-07-30 19:00:26,262 INFO  datanode.InitDatanodeState (InitDatanodeState.java:persistContainerDatanodeDetails(140)) - DatanodeDetails is persisted to /workdir/hadoop-ozone/integration-test/target/test-dir/MiniOzoneClusterImpl-cde36970-375a-443a-bf44-429d63a9d0f0/datanode-5/meta/datanode.id
2019-07-30 19:00:26,266 INFO  volume.HddsVolume (HddsVolume.java:<init>(176)) - Creating Volume: /workdir/hadoop-ozone/integration-test/target/test-dir/MiniOzoneClusterImpl-cde36970-375a-443a-bf44-429d63a9d0f0/datanode-6/data/containers/hdds of  storage type : DISK and capacity : 52710309888
2019-07-30 19:00:26,267 INFO  volume.VolumeSet (VolumeSet.java:initializeVolumeSet(170)) - Added Volume : /workdir/hadoop-ozone/integration-test/target/test-dir/MiniOzoneClusterImpl-cde36970-375a-443a-bf44-429d63a9d0f0/datanode-6/data/containers/hdds to VolumeSet
2019-07-30 19:00:26,267 INFO  volume.ThrottledAsyncChecker (ThrottledAsyncChecker.java:schedule(140)) - Scheduling a check for org.apache.hadoop.ozone.container.common.volume.HddsVolume@120df990
2019-07-30 19:00:26,268 INFO  volume.HddsVolumeChecker (HddsVolumeChecker.java:checkAllVolumes(203)) - Scheduled health check for volume org.apache.hadoop.ozone.container.common.volume.HddsVolume@120df990
2019-07-30 19:00:26,291 INFO  impl.RaftServerProxy (ConfUtils.java:logGet(43)) - raft.rpc.type = GRPC (default)
2019-07-30 19:00:26,292 INFO  grpc.GrpcFactory (GrpcFactory.java:checkPooledByteBufAllocatorUseCacheForAllThreads(45)) - PERFORMANCE WARNING: useCacheForAllThreads is true that may cause Netty to create a lot garbage objects and, as a result, trigger GC.
	It is recommended to disable useCacheForAllThreads by setting -Dorg.apache.ratis.thirdparty.io.netty.allocator.useCacheForAllThreads=false in command line.
2019-07-30 19:00:26,292 INFO  grpc.GrpcConfigKeys$Server (ConfUtils.java:logGet(43)) - raft.grpc.server.port = 0 (default)
2019-07-30 19:00:26,292 INFO  server.GrpcService (ConfUtils.java:logGet(43)) - raft.grpc.message.size.max = 33570816 (custom)
2019-07-30 19:00:26,293 INFO  server.RaftServerConfigKeys (ConfUtils.java:logGet(43)) - raft.server.log.appender.buffer.byte-limit = 33554432 (custom)
2019-07-30 19:00:26,293 INFO  server.GrpcService (ConfUtils.java:logGet(43)) - raft.grpc.flow.control.window = 1MB (=1048576) (default)
2019-07-30 19:00:26,293 INFO  server.RaftServerConfigKeys (ConfUtils.java:logGet(43)) - raft.server.rpc.request.timeout = 3000ms (default)
2019-07-30 19:00:26,294 INFO  server.RaftServerConfigKeys (ConfUtils.java:logGet(43)) - raft.server.storage.dir = [/workdir/hadoop-ozone/integration-test/target/test-dir/MiniOzoneClusterImpl-cde36970-375a-443a-bf44-429d63a9d0f0/datanode-6/data/ratis] (custom)
2019-07-30 19:00:26,295 INFO  replication.SimpleContainerDownloader (SimpleContainerDownloader.java:<init>(72)) - Starting container downloader service to copy containers to replicate.
2019-07-30 19:00:26,296 INFO  hdfs.DFSUtil (DFSUtil.java:httpServerTemplateForNNAndJN(1641)) - Starting Web-server for hddsDatanode at: http://0.0.0.0:0
2019-07-30 19:00:26,298 INFO  server.AuthenticationFilter (AuthenticationFilter.java:constructSecretProvider(240)) - Unable to initialize FileSignerSecretProvider, falling back to use random secrets.
2019-07-30 19:00:26,298 WARN  http.HttpRequestLog (HttpRequestLog.java:getRequestLog(97)) - Jetty request log can only be enabled using Log4j
2019-07-30 19:00:26,300 INFO  http.HttpServer2 (HttpServer2.java:addGlobalFilter(975)) - Added global filter 'safety' (class=org.apache.hadoop.http.HttpServer2$QuotingInputFilter)
2019-07-30 19:00:26,301 INFO  http.HttpServer2 (HttpServer2.java:addFilter(948)) - Added filter static_user_filter (class=org.apache.hadoop.http.lib.StaticUserWebFilter$StaticUserFilter) to context hddsDatanode
2019-07-30 19:00:26,301 INFO  http.HttpServer2 (HttpServer2.java:addFilter(958)) - Added filter static_user_filter (class=org.apache.hadoop.http.lib.StaticUserWebFilter$StaticUserFilter) to context logs
2019-07-30 19:00:26,301 INFO  http.HttpServer2 (HttpServer2.java:addFilter(958)) - Added filter static_user_filter (class=org.apache.hadoop.http.lib.StaticUserWebFilter$StaticUserFilter) to context static
2019-07-30 19:00:26,302 INFO  http.HttpServer2 (HttpServer2.java:bindListener(1191)) - Jetty bound to port 39643
2019-07-30 19:00:26,303 INFO  server.Server (Server.java:doStart(351)) - jetty-9.3.24.v20180605, build timestamp: 2018-06-05T17:11:56Z, git hash: 84205aa28f11a4f31f2a3b86d1bba2cc8ab69827
2019-07-30 19:00:26,305 INFO  handler.ContextHandler (ContextHandler.java:doStart(781)) - Started o.e.j.s.ServletContextHandler@4466cf5d{/logs,file:///workdir/hadoop-ozone/integration-test/target/log,AVAILABLE}
2019-07-30 19:00:26,306 INFO  handler.ContextHandler (ContextHandler.java:doStart(781)) - Started o.e.j.s.ServletContextHandler@2450256f{/static,jar:file:/home/user/.m2/repository/org/apache/hadoop/hadoop-hdds-container-service/0.4.1-SNAPSHOT/hadoop-hdds-container-service-0.4.1-SNAPSHOT.jar!/webapps/static,AVAILABLE}
2019-07-30 19:00:26,340 INFO  handler.ContextHandler (ContextHandler.java:doStart(781)) - Started o.e.j.w.WebAppContext@61a87366{/,file:///tmp/jetty-0.0.0.0-39643-hddsDatanode-_-any-6260561254625534465.dir/webapp/,AVAILABLE}{/hddsDatanode}
2019-07-30 19:00:26,341 INFO  server.AbstractConnector (AbstractConnector.java:doStart(278)) - Started ServerConnector@3c33fcf8{HTTP/1.1,[http/1.1]}{0.0.0.0:39643}
2019-07-30 19:00:26,342 INFO  server.Server (Server.java:doStart(419)) - Started @7149ms
2019-07-30 19:00:26,343 INFO  server.BaseHttpServer (BaseHttpServer.java:updateConnectorAddress(207)) - HTTP server of HDDSDATANODE is listening at http://0.0.0.0:39643
2019-07-30 19:00:26,599 INFO  ozone.HddsDatanodeService (HddsDatanodeService.java:startPlugins(395)) - Started plug-in org.apache.hadoop.ozone.web.OzoneHddsDatanodeService@33627576
2019-07-30 19:00:26,602 INFO  ozone.MiniOzoneClusterImpl (MiniOzoneClusterImpl.java:lambda$waitForClusterToBeReady$0(142)) - Waiting for cluster to be ready. Got 0 of 7 DN Heartbeats.
2019-07-30 19:00:26,603 INFO  util.JvmPauseMonitor (JvmPauseMonitor.java:run(188)) - Starting JVM pause monitor
2019-07-30 19:00:26,605 INFO  datanode.InitDatanodeState (InitDatanodeState.java:persistContainerDatanodeDetails(140)) - DatanodeDetails is persisted to /workdir/hadoop-ozone/integration-test/target/test-dir/MiniOzoneClusterImpl-cde36970-375a-443a-bf44-429d63a9d0f0/datanode-6/meta/datanode.id
2019-07-30 19:00:27,203 INFO  ozoneimpl.OzoneContainer (OzoneContainer.java:start(186)) - Attempting to start container services.
2019-07-30 19:00:27,205 INFO  ozoneimpl.OzoneContainer (OzoneContainer.java:startContainerScrub(160)) - Background container scrubber has been disabled by hdds.containerscrub.enabled
2019-07-30 19:00:27,206 INFO  ratis.XceiverServerRatis (XceiverServerRatis.java:start(404)) - Starting XceiverServerRatis a2aedc9e-fe15-44ce-8e5f-5a23ce18be61 at port 0
2019-07-30 19:00:27,231 INFO  impl.RaftServerProxy (RaftServerProxy.java:lambda$start$3(299)) - a2aedc9e-fe15-44ce-8e5f-5a23ce18be61: start RPC server
2019-07-30 19:00:27,360 INFO  server.GrpcService (GrpcService.java:startImpl(149)) - a2aedc9e-fe15-44ce-8e5f-5a23ce18be61: GrpcService started, listening on 0.0.0.0/0.0.0.0:36941
2019-07-30 19:00:27,361 INFO  ratis.XceiverServerRatis (XceiverServerRatis.java:start(414)) - XceiverServerRatis a2aedc9e-fe15-44ce-8e5f-5a23ce18be61 is started using port 36941
2019-07-30 19:00:27,364 INFO  server.XceiverServerGrpc (XceiverServerGrpc.java:start(161)) - XceiverServerGrpc a2aedc9e-fe15-44ce-8e5f-5a23ce18be61 is started using port 41185
2019-07-30 19:00:27,427 INFO  ozoneimpl.OzoneContainer (OzoneContainer.java:start(186)) - Attempting to start container services.
2019-07-30 19:00:27,430 INFO  ozoneimpl.OzoneContainer (OzoneContainer.java:startContainerScrub(160)) - Background container scrubber has been disabled by hdds.containerscrub.enabled
2019-07-30 19:00:27,430 INFO  ratis.XceiverServerRatis (XceiverServerRatis.java:start(404)) - Starting XceiverServerRatis 150de6d3-14ad-4307-adb9-db90f65f5841 at port 0
2019-07-30 19:00:27,441 INFO  impl.RaftServerProxy (RaftServerProxy.java:lambda$start$3(299)) - 150de6d3-14ad-4307-adb9-db90f65f5841: start RPC server
2019-07-30 19:00:27,445 INFO  server.GrpcService (GrpcService.java:startImpl(149)) - 150de6d3-14ad-4307-adb9-db90f65f5841: GrpcService started, listening on 0.0.0.0/0.0.0.0:46490
2019-07-30 19:00:27,445 INFO  ratis.XceiverServerRatis (XceiverServerRatis.java:start(414)) - XceiverServerRatis 150de6d3-14ad-4307-adb9-db90f65f5841 is started using port 46490
2019-07-30 19:00:27,448 INFO  server.XceiverServerGrpc (XceiverServerGrpc.java:start(161)) - XceiverServerGrpc 150de6d3-14ad-4307-adb9-db90f65f5841 is started using port 46035
2019-07-30 19:00:27,602 INFO  ozone.MiniOzoneClusterImpl (MiniOzoneClusterImpl.java:lambda$waitForClusterToBeReady$0(142)) - Waiting for cluster to be ready. Got 0 of 7 DN Heartbeats.
2019-07-30 19:00:27,667 INFO  ozoneimpl.OzoneContainer (OzoneContainer.java:start(186)) - Attempting to start container services.
2019-07-30 19:00:27,670 INFO  ozoneimpl.OzoneContainer (OzoneContainer.java:startContainerScrub(160)) - Background container scrubber has been disabled by hdds.containerscrub.enabled
2019-07-30 19:00:27,670 INFO  ratis.XceiverServerRatis (XceiverServerRatis.java:start(404)) - Starting XceiverServerRatis 17897573-112e-4610-9ad8-55c3ed9a9698 at port 0
2019-07-30 19:00:27,681 INFO  impl.RaftServerProxy (RaftServerProxy.java:lambda$start$3(299)) - 17897573-112e-4610-9ad8-55c3ed9a9698: start RPC server
2019-07-30 19:00:27,685 INFO  server.GrpcService (GrpcService.java:startImpl(149)) - 17897573-112e-4610-9ad8-55c3ed9a9698: GrpcService started, listening on 0.0.0.0/0.0.0.0:36911
2019-07-30 19:00:27,685 INFO  ratis.XceiverServerRatis (XceiverServerRatis.java:start(414)) - XceiverServerRatis 17897573-112e-4610-9ad8-55c3ed9a9698 is started using port 36911
2019-07-30 19:00:27,688 INFO  server.XceiverServerGrpc (XceiverServerGrpc.java:start(161)) - XceiverServerGrpc 17897573-112e-4610-9ad8-55c3ed9a9698 is started using port 34631
2019-07-30 19:00:27,868 INFO  ozoneimpl.OzoneContainer (OzoneContainer.java:start(186)) - Attempting to start container services.
2019-07-30 19:00:27,871 INFO  ozoneimpl.OzoneContainer (OzoneContainer.java:startContainerScrub(160)) - Background container scrubber has been disabled by hdds.containerscrub.enabled
2019-07-30 19:00:27,871 INFO  ratis.XceiverServerRatis (XceiverServerRatis.java:start(404)) - Starting XceiverServerRatis a12d8726-0518-4346-9bf2-61984692d4d0 at port 0
2019-07-30 19:00:27,882 INFO  impl.RaftServerProxy (RaftServerProxy.java:lambda$start$3(299)) - a12d8726-0518-4346-9bf2-61984692d4d0: start RPC server
2019-07-30 19:00:27,885 INFO  server.GrpcService (GrpcService.java:startImpl(149)) - a12d8726-0518-4346-9bf2-61984692d4d0: GrpcService started, listening on 0.0.0.0/0.0.0.0:44269
2019-07-30 19:00:27,886 INFO  ratis.XceiverServerRatis (XceiverServerRatis.java:start(414)) - XceiverServerRatis a12d8726-0518-4346-9bf2-61984692d4d0 is started using port 44269
2019-07-30 19:00:27,889 INFO  server.XceiverServerGrpc (XceiverServerGrpc.java:start(161)) - XceiverServerGrpc a12d8726-0518-4346-9bf2-61984692d4d0 is started using port 36559
2019-07-30 19:00:28,082 INFO  ozoneimpl.OzoneContainer (OzoneContainer.java:start(186)) - Attempting to start container services.
2019-07-30 19:00:28,085 INFO  ozoneimpl.OzoneContainer (OzoneContainer.java:startContainerScrub(160)) - Background container scrubber has been disabled by hdds.containerscrub.enabled
2019-07-30 19:00:28,085 INFO  ratis.XceiverServerRatis (XceiverServerRatis.java:start(404)) - Starting XceiverServerRatis 8a2aa23d-f99d-42d0-8b9e-8177cc389221 at port 0
2019-07-30 19:00:28,096 INFO  impl.RaftServerProxy (RaftServerProxy.java:lambda$start$3(299)) - 8a2aa23d-f99d-42d0-8b9e-8177cc389221: start RPC server
2019-07-30 19:00:28,101 INFO  server.GrpcService (GrpcService.java:startImpl(149)) - 8a2aa23d-f99d-42d0-8b9e-8177cc389221: GrpcService started, listening on 0.0.0.0/0.0.0.0:41487
2019-07-30 19:00:28,101 INFO  ratis.XceiverServerRatis (XceiverServerRatis.java:start(414)) - XceiverServerRatis 8a2aa23d-f99d-42d0-8b9e-8177cc389221 is started using port 41487
2019-07-30 19:00:28,104 INFO  server.XceiverServerGrpc (XceiverServerGrpc.java:start(161)) - XceiverServerGrpc 8a2aa23d-f99d-42d0-8b9e-8177cc389221 is started using port 41054
2019-07-30 19:00:28,275 INFO  ozoneimpl.OzoneContainer (OzoneContainer.java:start(186)) - Attempting to start container services.
2019-07-30 19:00:28,278 INFO  ozoneimpl.OzoneContainer (OzoneContainer.java:startContainerScrub(160)) - Background container scrubber has been disabled by hdds.containerscrub.enabled
2019-07-30 19:00:28,279 INFO  ratis.XceiverServerRatis (XceiverServerRatis.java:start(404)) - Starting XceiverServerRatis 6e54eef3-6492-4f15-a243-31255825725e at port 0
2019-07-30 19:00:28,285 INFO  impl.RaftServerProxy (RaftServerProxy.java:lambda$start$3(299)) - 6e54eef3-6492-4f15-a243-31255825725e: start RPC server
2019-07-30 19:00:28,289 INFO  server.GrpcService (GrpcService.java:startImpl(149)) - 6e54eef3-6492-4f15-a243-31255825725e: GrpcService started, listening on 0.0.0.0/0.0.0.0:44710
2019-07-30 19:00:28,289 INFO  ratis.XceiverServerRatis (XceiverServerRatis.java:start(414)) - XceiverServerRatis 6e54eef3-6492-4f15-a243-31255825725e is started using port 44710
2019-07-30 19:00:28,295 INFO  server.XceiverServerGrpc (XceiverServerGrpc.java:start(161)) - XceiverServerGrpc 6e54eef3-6492-4f15-a243-31255825725e is started using port 43663
2019-07-30 19:00:28,603 INFO  ozone.MiniOzoneClusterImpl (MiniOzoneClusterImpl.java:lambda$waitForClusterToBeReady$0(142)) - Waiting for cluster to be ready. Got 0 of 7 DN Heartbeats.
2019-07-30 19:00:28,615 INFO  ozoneimpl.OzoneContainer (OzoneContainer.java:start(186)) - Attempting to start container services.
2019-07-30 19:00:28,618 INFO  ozoneimpl.OzoneContainer (OzoneContainer.java:startContainerScrub(160)) - Background container scrubber has been disabled by hdds.containerscrub.enabled
2019-07-30 19:00:28,619 INFO  ratis.XceiverServerRatis (XceiverServerRatis.java:start(404)) - Starting XceiverServerRatis 411958a3-ab64-4380-bf36-dfe9236fe105 at port 0
2019-07-30 19:00:28,626 INFO  impl.RaftServerProxy (RaftServerProxy.java:lambda$start$3(299)) - 411958a3-ab64-4380-bf36-dfe9236fe105: start RPC server
2019-07-30 19:00:28,630 INFO  server.GrpcService (GrpcService.java:startImpl(149)) - 411958a3-ab64-4380-bf36-dfe9236fe105: GrpcService started, listening on 0.0.0.0/0.0.0.0:39259
2019-07-30 19:00:28,631 INFO  ratis.XceiverServerRatis (XceiverServerRatis.java:start(414)) - XceiverServerRatis 411958a3-ab64-4380-bf36-dfe9236fe105 is started using port 39259
2019-07-30 19:00:28,635 INFO  server.XceiverServerGrpc (XceiverServerGrpc.java:start(161)) - XceiverServerGrpc 411958a3-ab64-4380-bf36-dfe9236fe105 is started using port 33949
2019-07-30 19:00:29,203 INFO  net.NetworkTopology (NetworkTopologyImpl.java:add(110)) - Added a new node: /default-rack/a2aedc9e-fe15-44ce-8e5f-5a23ce18be61
2019-07-30 19:00:29,204 INFO  node.SCMNodeManager (SCMNodeManager.java:register(273)) - Registered Data node : a2aedc9e-fe15-44ce-8e5f-5a23ce18be61{ip: 192.168.5.147, host: byscane-nightly-d7s94-1643579034, networkLocation: /default-rack, certSerialId: null}
2019-07-30 19:00:29,210 INFO  safemode.SCMSafeModeManager (DataNodeSafeModeRule.java:process(71)) - SCM in safe mode. 1 DataNodes registered, 1 required.
2019-07-30 19:00:29,210 INFO  safemode.SCMSafeModeManager (SCMSafeModeManager.java:validateSafeModeExitRules(177)) - ScmSafeModeManager, all rules are successfully validated
2019-07-30 19:00:29,210 INFO  safemode.SCMSafeModeManager (SCMSafeModeManager.java:exitSafeMode(193)) - SCM exiting safe mode.
2019-07-30 19:00:29,414 INFO  net.NetworkTopology (NetworkTopologyImpl.java:add(110)) - Added a new node: /default-rack/150de6d3-14ad-4307-adb9-db90f65f5841
2019-07-30 19:00:29,414 INFO  node.SCMNodeManager (SCMNodeManager.java:register(273)) - Registered Data node : 150de6d3-14ad-4307-adb9-db90f65f5841{ip: 192.168.5.147, host: byscane-nightly-d7s94-1643579034, networkLocation: /default-rack, certSerialId: null}
2019-07-30 19:00:29,606 INFO  ozone.MiniOzoneClusterImpl (MiniOzoneClusterImpl.java:lambda$waitForClusterToBeReady$0(142)) - Waiting for cluster to be ready. Got 2 of 7 DN Heartbeats.
2019-07-30 19:00:29,643 INFO  net.NetworkTopology (NetworkTopologyImpl.java:add(110)) - Added a new node: /default-rack/17897573-112e-4610-9ad8-55c3ed9a9698
2019-07-30 19:00:29,643 INFO  node.SCMNodeManager (SCMNodeManager.java:register(273)) - Registered Data node : 17897573-112e-4610-9ad8-55c3ed9a9698{ip: 192.168.5.147, host: byscane-nightly-d7s94-1643579034, networkLocation: /default-rack, certSerialId: null}
2019-07-30 19:00:30,194 INFO  net.NetworkTopology (NetworkTopologyImpl.java:add(110)) - Added a new node: /default-rack/8a2aa23d-f99d-42d0-8b9e-8177cc389221
2019-07-30 19:00:30,201 INFO  net.NetworkTopology (NetworkTopologyImpl.java:add(110)) - Added a new node: /default-rack/a12d8726-0518-4346-9bf2-61984692d4d0
2019-07-30 19:00:30,201 INFO  node.SCMNodeManager (SCMNodeManager.java:register(273)) - Registered Data node : 8a2aa23d-f99d-42d0-8b9e-8177cc389221{ip: 192.168.5.147, host: byscane-nightly-d7s94-1643579034, networkLocation: /default-rack, certSerialId: null}
2019-07-30 19:00:30,201 INFO  node.SCMNodeManager (SCMNodeManager.java:register(273)) - Registered Data node : a12d8726-0518-4346-9bf2-61984692d4d0{ip: 192.168.5.147, host: byscane-nightly-d7s94-1643579034, networkLocation: /default-rack, certSerialId: null}
2019-07-30 19:00:30,214 INFO  impl.RaftServerProxy (RaftServerProxy.java:addNew(89)) - a2aedc9e-fe15-44ce-8e5f-5a23ce18be61: addNew group-A9161C6CC3CF:[a2aedc9e-fe15-44ce-8e5f-5a23ce18be61:192.168.5.147:36941] returns group-A9161C6CC3CF:java.util.concurrent.CompletableFuture@664520a1[Not completed]
2019-07-30 19:00:30,241 INFO  impl.RaftServerImpl (RaftServerImpl.java:<init>(93)) - a2aedc9e-fe15-44ce-8e5f-5a23ce18be61: new RaftServerImpl for group-A9161C6CC3CF:[a2aedc9e-fe15-44ce-8e5f-5a23ce18be61:192.168.5.147:36941] with ContainerStateMachine:uninitialized
2019-07-30 19:00:30,248 INFO  server.RaftServerConfigKeys (ConfUtils.java:logGet(43)) - raft.server.rpc.timeout.min = 5s (custom)
2019-07-30 19:00:30,250 INFO  server.RaftServerConfigKeys (ConfUtils.java:logGet(43)) - raft.server.rpc.timeout.max = 5200ms (custom)
2019-07-30 19:00:30,250 INFO  server.RaftServerConfigKeys (ConfUtils.java:logGet(43)) - raft.server.rpcslowness.timeout = 120s (custom)
2019-07-30 19:00:30,251 INFO  server.RaftServerConfigKeys (ConfUtils.java:logGet(43)) - raft.server.sleep.deviation.threshold = 300 (default)
2019-07-30 19:00:30,252 INFO  server.RaftServerConfigKeys (ConfUtils.java:logGet(43)) - raft.server.log.appender.install.snapshot.enabled = false (custom)
2019-07-30 19:00:30,262 INFO  net.NetworkTopology (NetworkTopologyImpl.java:add(110)) - Added a new node: /default-rack/6e54eef3-6492-4f15-a243-31255825725e
2019-07-30 19:00:30,263 INFO  node.SCMNodeManager (SCMNodeManager.java:register(273)) - Registered Data node : 6e54eef3-6492-4f15-a243-31255825725e{ip: 192.168.5.147, host: byscane-nightly-d7s94-1643579034, networkLocation: /default-rack, certSerialId: null}
2019-07-30 19:00:30,264 INFO  impl.RaftServerImpl (ServerState.java:<init>(105)) - a2aedc9e-fe15-44ce-8e5f-5a23ce18be61:group-A9161C6CC3CF ConfigurationManager, init=-1: [a2aedc9e-fe15-44ce-8e5f-5a23ce18be61:192.168.5.147:36941], old=null, confs=<EMPTY_MAP>
2019-07-30 19:00:30,264 INFO  server.RaftServerConfigKeys (ConfUtils.java:logGet(43)) - raft.server.storage.dir = [/workdir/hadoop-ozone/integration-test/target/test-dir/MiniOzoneClusterImpl-cde36970-375a-443a-bf44-429d63a9d0f0/datanode-0/data/ratis] (custom)
2019-07-30 19:00:30,274 INFO  storage.RaftStorageDirectory (RaftStorageDirectory.java:analyzeStorage(246)) - The storage directory /workdir/hadoop-ozone/integration-test/target/test-dir/MiniOzoneClusterImpl-cde36970-375a-443a-bf44-429d63a9d0f0/datanode-0/data/ratis/b7dda276-2a69-4721-b25d-a9161c6cc3cf does not exist. Creating ...
2019-07-30 19:00:30,290 INFO  storage.RaftStorageDirectory (RaftStorageDirectory.java:tryLock(328)) - Lock on /workdir/hadoop-ozone/integration-test/target/test-dir/MiniOzoneClusterImpl-cde36970-375a-443a-bf44-429d63a9d0f0/datanode-0/data/ratis/b7dda276-2a69-4721-b25d-a9161c6cc3cf/in_use.lock acquired by nodename 575@byscane-nightly-d7s94-1643579034
2019-07-30 19:00:30,296 INFO  storage.RaftStorage (RaftStorage.java:format(72)) - Storage directory /workdir/hadoop-ozone/integration-test/target/test-dir/MiniOzoneClusterImpl-cde36970-375a-443a-bf44-429d63a9d0f0/datanode-0/data/ratis/b7dda276-2a69-4721-b25d-a9161c6cc3cf has been successfully formatted.
2019-07-30 19:00:30,299 INFO  ratis.ContainerStateMachine (ContainerStateMachine.java:loadSnapshot(213)) - group-A9161C6CC3CF: The snapshot info is null. Setting the last applied indexto:(t:0, i:~)
2019-07-30 19:00:30,299 INFO  server.RaftServerConfigKeys (ConfUtils.java:logGet(43)) - raft.server.leader.election.timeout = 120s (custom)
2019-07-30 19:00:30,302 INFO  server.RaftServerConfigKeys (ConfUtils.java:logGet(43)) - raft.server.log.use.memory = false (default)
2019-07-30 19:00:30,308 INFO  server.RaftServerConfigKeys (ConfUtils.java:logGet(43)) - raft.server.log.purge.gap = 1000000000 (custom)
2019-07-30 19:00:30,309 INFO  server.RaftServerConfigKeys (ConfUtils.java:logGet(43)) - raft.server.log.appender.buffer.byte-limit = 33554432 (custom)
2019-07-30 19:00:30,311 INFO  server.RaftServerConfigKeys (ConfUtils.java:logGet(43)) - raft.server.log.segment.size.max = 1048576 (custom)
2019-07-30 19:00:30,316 INFO  server.RaftServerConfigKeys (ConfUtils.java:logGet(43)) - raft.server.log.segment.cache.num.max = 2 (custom)
2019-07-30 19:00:30,323 INFO  segmented.SegmentedRaftLogWorker (SegmentedRaftLogWorker.java:<init>(172)) - new a2aedc9e-fe15-44ce-8e5f-5a23ce18be61-SegmentedRaftLogWorker:Storage Directory /workdir/hadoop-ozone/integration-test/target/test-dir/MiniOzoneClusterImpl-cde36970-375a-443a-bf44-429d63a9d0f0/datanode-0/data/ratis/b7dda276-2a69-4721-b25d-a9161c6cc3cf for RaftStorage:Storage Directory /workdir/hadoop-ozone/integration-test/target/test-dir/MiniOzoneClusterImpl-cde36970-375a-443a-bf44-429d63a9d0f0/datanode-0/data/ratis/b7dda276-2a69-4721-b25d-a9161c6cc3cf
2019-07-30 19:00:30,336 INFO  server.RaftServerConfigKeys (ConfUtils.java:logGet(43)) - raft.server.log.queue.byte-limit = 2147483647 (custom)
2019-07-30 19:00:30,337 INFO  server.RaftServerConfigKeys (ConfUtils.java:logGet(43)) - raft.server.log.queue.element-limit = 1024 (custom)
2019-07-30 19:00:30,342 INFO  server.RaftServerConfigKeys (ConfUtils.java:logGet(43)) - raft.server.log.segment.size.max = 1048576 (custom)
2019-07-30 19:00:30,342 INFO  server.RaftServerConfigKeys (ConfUtils.java:logGet(43)) - raft.server.log.preallocated.size = 16384 (custom)
2019-07-30 19:00:30,343 INFO  server.RaftServerConfigKeys (ConfUtils.java:logGet(43)) - raft.server.log.write.buffer.size = 33554432 (custom)
2019-07-30 19:00:30,343 INFO  server.RaftServerConfigKeys (ConfUtils.java:logGet(43)) - raft.server.log.force.sync.num = 128 (default)
2019-07-30 19:00:30,344 INFO  server.RaftServerConfigKeys (ConfUtils.java:logGet(43)) - raft.server.log.statemachine.data.sync = true (default)
2019-07-30 19:00:30,345 INFO  server.RaftServerConfigKeys (ConfUtils.java:logGet(43)) - raft.server.log.statemachine.data.sync.timeout = 10s (default)
2019-07-30 19:00:30,345 INFO  server.RaftServerConfigKeys (ConfUtils.java:logGet(43)) - raft.server.log.statemachine.data.sync.timeout.retry = -1 (default)
2019-07-30 19:00:30,354 INFO  server.RaftServerConfigKeys (ConfUtils.java:logGet(43)) - raft.server.log.statemachine.data.caching.enabled = true (custom)
2019-07-30 19:00:30,359 INFO  segmented.SegmentedRaftLogWorker (SegmentedRaftLogWorker.java:lambda$new$0(132)) - a2aedc9e-fe15-44ce-8e5f-5a23ce18be61-SegmentedRaftLogWorker:Storage Directory /workdir/hadoop-ozone/integration-test/target/test-dir/MiniOzoneClusterImpl-cde36970-375a-443a-bf44-429d63a9d0f0/datanode-0/data/ratis/b7dda276-2a69-4721-b25d-a9161c6cc3cf: flushIndex: setUnconditionally 0 -> -1
2019-07-30 19:00:30,363 INFO  server.RaftServerConfigKeys (ConfUtils.java:logGet(43)) - raft.server.snapshot.auto.trigger.enabled = true (custom)
2019-07-30 19:00:30,364 INFO  server.RaftServerConfigKeys (ConfUtils.java:logGet(43)) - raft.server.snapshot.auto.trigger.threshold = 10000 (custom)
2019-07-30 19:00:30,364 INFO  server.RaftServerConfigKeys (ConfUtils.java:logGet(43)) - raft.server.retrycache.expirytime = 600000ms (custom)
2019-07-30 19:00:30,384 INFO  impl.RaftServerImpl (RaftServerImpl.java:start(180)) - a2aedc9e-fe15-44ce-8e5f-5a23ce18be61: start group-A9161C6CC3CF
2019-07-30 19:00:30,385 INFO  impl.RaftServerImpl (RaftServerImpl.java:setRole(171)) - a2aedc9e-fe15-44ce-8e5f-5a23ce18be61:group-A9161C6CC3CF changes role from null to FOLLOWER at term 0 for startAsFollower
2019-07-30 19:00:30,386 INFO  impl.RoleInfo (RoleInfo.java:updateAndGet(143)) - a2aedc9e-fe15-44ce-8e5f-5a23ce18be61: start FollowerState
2019-07-30 19:00:30,388 INFO  util.JmxRegister (JmxRegister.java:tryRegister(44)) - Successfully registered JMX Bean with object name Ratis:service=RaftServer,group=group-A9161C6CC3CF,id=a2aedc9e-fe15-44ce-8e5f-5a23ce18be61
2019-07-30 19:00:30,455 INFO  pipeline.PipelineStateManager (PipelineStateManager.java:addPipeline(56)) - Created pipeline Pipeline[ Id: b7dda276-2a69-4721-b25d-a9161c6cc3cf, Nodes: a2aedc9e-fe15-44ce-8e5f-5a23ce18be61{ip: 192.168.5.147, host: byscane-nightly-d7s94-1643579034, networkLocation: /default-rack, certSerialId: null}, Type:RATIS, Factor:ONE, State:OPEN]
2019-07-30 19:00:30,488 INFO  impl.RaftServerProxy (RaftServerProxy.java:addNew(89)) - 150de6d3-14ad-4307-adb9-db90f65f5841: addNew group-16F60E065119:[150de6d3-14ad-4307-adb9-db90f65f5841:192.168.5.147:46490] returns group-16F60E065119:java.util.concurrent.CompletableFuture@3ab17130[Not completed]
2019-07-30 19:00:30,554 INFO  impl.RaftServerImpl (RaftServerImpl.java:<init>(93)) - 150de6d3-14ad-4307-adb9-db90f65f5841: new RaftServerImpl for group-16F60E065119:[150de6d3-14ad-4307-adb9-db90f65f5841:192.168.5.147:46490] with ContainerStateMachine:uninitialized
2019-07-30 19:00:30,556 INFO  server.RaftServerConfigKeys (ConfUtils.java:logGet(43)) - raft.server.rpc.timeout.min = 5s (custom)
2019-07-30 19:00:30,556 INFO  server.RaftServerConfigKeys (ConfUtils.java:logGet(43)) - raft.server.rpc.timeout.max = 5200ms (custom)
2019-07-30 19:00:30,556 INFO  server.RaftServerConfigKeys (ConfUtils.java:logGet(43)) - raft.server.rpcslowness.timeout = 120s (custom)
2019-07-30 19:00:30,556 INFO  server.RaftServerConfigKeys (ConfUtils.java:logGet(43)) - raft.server.sleep.deviation.threshold = 300 (default)
2019-07-30 19:00:30,557 INFO  server.RaftServerConfigKeys (ConfUtils.java:logGet(43)) - raft.server.log.appender.install.snapshot.enabled = false (custom)
2019-07-30 19:00:30,557 INFO  impl.RaftServerImpl (ServerState.java:<init>(105)) - 150de6d3-14ad-4307-adb9-db90f65f5841:group-16F60E065119 ConfigurationManager, init=-1: [150de6d3-14ad-4307-adb9-db90f65f5841:192.168.5.147:46490], old=null, confs=<EMPTY_MAP>
2019-07-30 19:00:30,557 INFO  server.RaftServerConfigKeys (ConfUtils.java:logGet(43)) - raft.server.storage.dir = [/workdir/hadoop-ozone/integration-test/target/test-dir/MiniOzoneClusterImpl-cde36970-375a-443a-bf44-429d63a9d0f0/datanode-1/data/ratis] (custom)
2019-07-30 19:00:30,558 INFO  storage.RaftStorageDirectory (RaftStorageDirectory.java:analyzeStorage(246)) - The storage directory /workdir/hadoop-ozone/integration-test/target/test-dir/MiniOzoneClusterImpl-cde36970-375a-443a-bf44-429d63a9d0f0/datanode-1/data/ratis/33d3c79e-9482-496f-b48d-16f60e065119 does not exist. Creating ...
2019-07-30 19:00:30,573 INFO  storage.RaftStorageDirectory (RaftStorageDirectory.java:tryLock(328)) - Lock on /workdir/hadoop-ozone/integration-test/target/test-dir/MiniOzoneClusterImpl-cde36970-375a-443a-bf44-429d63a9d0f0/datanode-1/data/ratis/33d3c79e-9482-496f-b48d-16f60e065119/in_use.lock acquired by nodename 575@byscane-nightly-d7s94-1643579034
2019-07-30 19:00:30,587 INFO  storage.RaftStorage (RaftStorage.java:format(72)) - Storage directory /workdir/hadoop-ozone/integration-test/target/test-dir/MiniOzoneClusterImpl-cde36970-375a-443a-bf44-429d63a9d0f0/datanode-1/data/ratis/33d3c79e-9482-496f-b48d-16f60e065119 has been successfully formatted.
2019-07-30 19:00:30,590 INFO  ratis.ContainerStateMachine (ContainerStateMachine.java:loadSnapshot(213)) - group-16F60E065119: The snapshot info is null. Setting the last applied indexto:(t:0, i:~)
2019-07-30 19:00:30,592 INFO  server.RaftServerConfigKeys (ConfUtils.java:logGet(43)) - raft.server.leader.election.timeout = 120s (custom)
2019-07-30 19:00:30,592 INFO  server.RaftServerConfigKeys (ConfUtils.java:logGet(43)) - raft.server.log.use.memory = false (default)
2019-07-30 19:00:30,592 INFO  server.RaftServerConfigKeys (ConfUtils.java:logGet(43)) - raft.server.log.purge.gap = 1000000000 (custom)
2019-07-30 19:00:30,592 INFO  server.RaftServerConfigKeys (ConfUtils.java:logGet(43)) - raft.server.log.appender.buffer.byte-limit = 33554432 (custom)
2019-07-30 19:00:30,593 INFO  server.RaftServerConfigKeys (ConfUtils.java:logGet(43)) - raft.server.log.segment.size.max = 1048576 (custom)
2019-07-30 19:00:30,593 INFO  server.RaftServerConfigKeys (ConfUtils.java:logGet(43)) - raft.server.log.segment.cache.num.max = 2 (custom)
2019-07-30 19:00:30,593 INFO  segmented.SegmentedRaftLogWorker (SegmentedRaftLogWorker.java:<init>(172)) - new 150de6d3-14ad-4307-adb9-db90f65f5841-SegmentedRaftLogWorker:Storage Directory /workdir/hadoop-ozone/integration-test/target/test-dir/MiniOzoneClusterImpl-cde36970-375a-443a-bf44-429d63a9d0f0/datanode-1/data/ratis/33d3c79e-9482-496f-b48d-16f60e065119 for RaftStorage:Storage Directory /workdir/hadoop-ozone/integration-test/target/test-dir/MiniOzoneClusterImpl-cde36970-375a-443a-bf44-429d63a9d0f0/datanode-1/data/ratis/33d3c79e-9482-496f-b48d-16f60e065119
2019-07-30 19:00:30,595 INFO  server.RaftServerConfigKeys (ConfUtils.java:logGet(43)) - raft.server.log.queue.byte-limit = 2147483647 (custom)
2019-07-30 19:00:30,595 INFO  server.RaftServerConfigKeys (ConfUtils.java:logGet(43)) - raft.server.log.queue.element-limit = 1024 (custom)
2019-07-30 19:00:30,596 INFO  server.RaftServerConfigKeys (ConfUtils.java:logGet(43)) - raft.server.log.segment.size.max = 1048576 (custom)
2019-07-30 19:00:30,596 INFO  server.RaftServerConfigKeys (ConfUtils.java:logGet(43)) - raft.server.log.preallocated.size = 16384 (custom)
2019-07-30 19:00:30,596 INFO  server.RaftServerConfigKeys (ConfUtils.java:logGet(43)) - raft.server.log.write.buffer.size = 33554432 (custom)
2019-07-30 19:00:30,596 INFO  server.RaftServerConfigKeys (ConfUtils.java:logGet(43)) - raft.server.log.force.sync.num = 128 (default)
2019-07-30 19:00:30,597 INFO  server.RaftServerConfigKeys (ConfUtils.java:logGet(43)) - raft.server.log.statemachine.data.sync = true (default)
2019-07-30 19:00:30,597 INFO  server.RaftServerConfigKeys (ConfUtils.java:logGet(43)) - raft.server.log.statemachine.data.sync.timeout = 10s (default)
2019-07-30 19:00:30,597 INFO  server.RaftServerConfigKeys (ConfUtils.java:logGet(43)) - raft.server.log.statemachine.data.sync.timeout.retry = -1 (default)
2019-07-30 19:00:30,597 INFO  server.RaftServerConfigKeys (ConfUtils.java:logGet(43)) - raft.server.log.statemachine.data.caching.enabled = true (custom)
2019-07-30 19:00:30,598 INFO  segmented.SegmentedRaftLogWorker (SegmentedRaftLogWorker.java:lambda$new$0(132)) - 150de6d3-14ad-4307-adb9-db90f65f5841-SegmentedRaftLogWorker:Storage Directory /workdir/hadoop-ozone/integration-test/target/test-dir/MiniOzoneClusterImpl-cde36970-375a-443a-bf44-429d63a9d0f0/datanode-1/data/ratis/33d3c79e-9482-496f-b48d-16f60e065119: flushIndex: setUnconditionally 0 -> -1
2019-07-30 19:00:30,598 INFO  server.RaftServerConfigKeys (ConfUtils.java:logGet(43)) - raft.server.snapshot.auto.trigger.enabled = true (custom)
2019-07-30 19:00:30,599 INFO  server.RaftServerConfigKeys (ConfUtils.java:logGet(43)) - raft.server.snapshot.auto.trigger.threshold = 10000 (custom)
2019-07-30 19:00:30,599 INFO  server.RaftServerConfigKeys (ConfUtils.java:logGet(43)) - raft.server.retrycache.expirytime = 600000ms (custom)
2019-07-30 19:00:30,599 INFO  impl.RaftServerImpl (RaftServerImpl.java:start(180)) - 150de6d3-14ad-4307-adb9-db90f65f5841: start group-16F60E065119
2019-07-30 19:00:30,600 INFO  impl.RaftServerImpl (RaftServerImpl.java:setRole(171)) - 150de6d3-14ad-4307-adb9-db90f65f5841:group-16F60E065119 changes role from null to FOLLOWER at term 0 for startAsFollower
2019-07-30 19:00:30,600 INFO  impl.RoleInfo (RoleInfo.java:updateAndGet(143)) - 150de6d3-14ad-4307-adb9-db90f65f5841: start FollowerState
2019-07-30 19:00:30,602 INFO  util.JmxRegister (JmxRegister.java:tryRegister(44)) - Successfully registered JMX Bean with object name Ratis:service=RaftServer,group=group-16F60E065119,id=150de6d3-14ad-4307-adb9-db90f65f5841
2019-07-30 19:00:30,607 INFO  ozone.MiniOzoneClusterImpl (MiniOzoneClusterImpl.java:lambda$waitForClusterToBeReady$0(142)) - Waiting for cluster to be ready. Got 6 of 7 DN Heartbeats.
2019-07-30 19:00:30,612 INFO  net.NetworkTopology (NetworkTopologyImpl.java:add(110)) - Added a new node: /default-rack/411958a3-ab64-4380-bf36-dfe9236fe105
2019-07-30 19:00:30,613 INFO  node.SCMNodeManager (SCMNodeManager.java:register(273)) - Registered Data node : 411958a3-ab64-4380-bf36-dfe9236fe105{ip: 192.168.5.147, host: byscane-nightly-d7s94-1643579034, networkLocation: /default-rack, certSerialId: null}
2019-07-30 19:00:30,630 INFO  pipeline.PipelineStateManager (PipelineStateManager.java:addPipeline(56)) - Created pipeline Pipeline[ Id: 33d3c79e-9482-496f-b48d-16f60e065119, Nodes: 150de6d3-14ad-4307-adb9-db90f65f5841{ip: 192.168.5.147, host: byscane-nightly-d7s94-1643579034, networkLocation: /default-rack, certSerialId: null}, Type:RATIS, Factor:ONE, State:OPEN]
2019-07-30 19:00:30,658 INFO  impl.RaftServerProxy (RaftServerProxy.java:addNew(89)) - 8a2aa23d-f99d-42d0-8b9e-8177cc389221: addNew group-8791367A7532:[8a2aa23d-f99d-42d0-8b9e-8177cc389221:192.168.5.147:41487] returns group-8791367A7532:java.util.concurrent.CompletableFuture@49d928c5[Not completed]
2019-07-30 19:00:30,670 INFO  impl.RaftServerImpl (RaftServerImpl.java:<init>(93)) - 8a2aa23d-f99d-42d0-8b9e-8177cc389221: new RaftServerImpl for group-8791367A7532:[8a2aa23d-f99d-42d0-8b9e-8177cc389221:192.168.5.147:41487] with ContainerStateMachine:uninitialized
2019-07-30 19:00:30,670 INFO  server.RaftServerConfigKeys (ConfUtils.java:logGet(43)) - raft.server.rpc.timeout.min = 5s (custom)
2019-07-30 19:00:30,670 INFO  server.RaftServerConfigKeys (ConfUtils.java:logGet(43)) - raft.server.rpc.timeout.max = 5200ms (custom)
2019-07-30 19:00:30,671 INFO  server.RaftServerConfigKeys (ConfUtils.java:logGet(43)) - raft.server.rpcslowness.timeout = 120s (custom)
2019-07-30 19:00:30,671 INFO  server.RaftServerConfigKeys (ConfUtils.java:logGet(43)) - raft.server.sleep.deviation.threshold = 300 (default)
2019-07-30 19:00:30,671 INFO  server.RaftServerConfigKeys (ConfUtils.java:logGet(43)) - raft.server.log.appender.install.snapshot.enabled = false (custom)
2019-07-30 19:00:30,671 INFO  impl.RaftServerImpl (ServerState.java:<init>(105)) - 8a2aa23d-f99d-42d0-8b9e-8177cc389221:group-8791367A7532 ConfigurationManager, init=-1: [8a2aa23d-f99d-42d0-8b9e-8177cc389221:192.168.5.147:41487], old=null, confs=<EMPTY_MAP>
2019-07-30 19:00:30,671 INFO  server.RaftServerConfigKeys (ConfUtils.java:logGet(43)) - raft.server.storage.dir = [/workdir/hadoop-ozone/integration-test/target/test-dir/MiniOzoneClusterImpl-cde36970-375a-443a-bf44-429d63a9d0f0/datanode-4/data/ratis] (custom)
2019-07-30 19:00:30,672 INFO  storage.RaftStorageDirectory (RaftStorageDirectory.java:analyzeStorage(246)) - The storage directory /workdir/hadoop-ozone/integration-test/target/test-dir/MiniOzoneClusterImpl-cde36970-375a-443a-bf44-429d63a9d0f0/datanode-4/data/ratis/089e6fc9-8bf0-4fec-9f11-8791367a7532 does not exist. Creating ...
2019-07-30 19:00:30,677 INFO  storage.RaftStorageDirectory (RaftStorageDirectory.java:tryLock(328)) - Lock on /workdir/hadoop-ozone/integration-test/target/test-dir/MiniOzoneClusterImpl-cde36970-375a-443a-bf44-429d63a9d0f0/datanode-4/data/ratis/089e6fc9-8bf0-4fec-9f11-8791367a7532/in_use.lock acquired by nodename 575@byscane-nightly-d7s94-1643579034
2019-07-30 19:00:30,680 INFO  storage.RaftStorage (RaftStorage.java:format(72)) - Storage directory /workdir/hadoop-ozone/integration-test/target/test-dir/MiniOzoneClusterImpl-cde36970-375a-443a-bf44-429d63a9d0f0/datanode-4/data/ratis/089e6fc9-8bf0-4fec-9f11-8791367a7532 has been successfully formatted.
2019-07-30 19:00:30,681 INFO  ratis.ContainerStateMachine (ContainerStateMachine.java:loadSnapshot(213)) - group-8791367A7532: The snapshot info is null. Setting the last applied indexto:(t:0, i:~)
2019-07-30 19:00:30,681 INFO  server.RaftServerConfigKeys (ConfUtils.java:logGet(43)) - raft.server.leader.election.timeout = 120s (custom)
2019-07-30 19:00:30,681 INFO  server.RaftServerConfigKeys (ConfUtils.java:logGet(43)) - raft.server.log.use.memory = false (default)
2019-07-30 19:00:30,681 INFO  server.RaftServerConfigKeys (ConfUtils.java:logGet(43)) - raft.server.log.purge.gap = 1000000000 (custom)
2019-07-30 19:00:30,682 INFO  server.RaftServerConfigKeys (ConfUtils.java:logGet(43)) - raft.server.log.appender.buffer.byte-limit = 33554432 (custom)
2019-07-30 19:00:30,682 INFO  server.RaftServerConfigKeys (ConfUtils.java:logGet(43)) - raft.server.log.segment.size.max = 1048576 (custom)
2019-07-30 19:00:30,682 INFO  server.RaftServerConfigKeys (ConfUtils.java:logGet(43)) - raft.server.log.segment.cache.num.max = 2 (custom)
2019-07-30 19:00:30,682 INFO  segmented.SegmentedRaftLogWorker (SegmentedRaftLogWorker.java:<init>(172)) - new 8a2aa23d-f99d-42d0-8b9e-8177cc389221-SegmentedRaftLogWorker:Storage Directory /workdir/hadoop-ozone/integration-test/target/test-dir/MiniOzoneClusterImpl-cde36970-375a-443a-bf44-429d63a9d0f0/datanode-4/data/ratis/089e6fc9-8bf0-4fec-9f11-8791367a7532 for RaftStorage:Storage Directory /workdir/hadoop-ozone/integration-test/target/test-dir/MiniOzoneClusterImpl-cde36970-375a-443a-bf44-429d63a9d0f0/datanode-4/data/ratis/089e6fc9-8bf0-4fec-9f11-8791367a7532
2019-07-30 19:00:30,682 INFO  server.RaftServerConfigKeys (ConfUtils.java:logGet(43)) - raft.server.log.queue.byte-limit = 2147483647 (custom)
2019-07-30 19:00:30,683 INFO  server.RaftServerConfigKeys (ConfUtils.java:logGet(43)) - raft.server.log.queue.element-limit = 1024 (custom)
2019-07-30 19:00:30,683 INFO  server.RaftServerConfigKeys (ConfUtils.java:logGet(43)) - raft.server.log.segment.size.max = 1048576 (custom)
2019-07-30 19:00:30,683 INFO  server.RaftServerConfigKeys (ConfUtils.java:logGet(43)) - raft.server.log.preallocated.size = 16384 (custom)
2019-07-30 19:00:30,683 INFO  server.RaftServerConfigKeys (ConfUtils.java:logGet(43)) - raft.server.log.write.buffer.size = 33554432 (custom)
2019-07-30 19:00:30,684 INFO  server.RaftServerConfigKeys (ConfUtils.java:logGet(43)) - raft.server.log.force.sync.num = 128 (default)
2019-07-30 19:00:30,684 INFO  server.RaftServerConfigKeys (ConfUtils.java:logGet(43)) - raft.server.log.statemachine.data.sync = true (default)
2019-07-30 19:00:30,684 INFO  server.RaftServerConfigKeys (ConfUtils.java:logGet(43)) - raft.server.log.statemachine.data.sync.timeout = 10s (default)
2019-07-30 19:00:30,684 INFO  server.RaftServerConfigKeys (ConfUtils.java:logGet(43)) - raft.server.log.statemachine.data.sync.timeout.retry = -1 (default)
2019-07-30 19:00:30,685 INFO  server.RaftServerConfigKeys (ConfUtils.java:logGet(43)) - raft.server.log.statemachine.data.caching.enabled = true (custom)
2019-07-30 19:00:30,685 INFO  segmented.SegmentedRaftLogWorker (SegmentedRaftLogWorker.java:lambda$new$0(132)) - 8a2aa23d-f99d-42d0-8b9e-8177cc389221-SegmentedRaftLogWorker:Storage Directory /workdir/hadoop-ozone/integration-test/target/test-dir/MiniOzoneClusterImpl-cde36970-375a-443a-bf44-429d63a9d0f0/datanode-4/data/ratis/089e6fc9-8bf0-4fec-9f11-8791367a7532: flushIndex: setUnconditionally 0 -> -1
2019-07-30 19:00:30,686 INFO  server.RaftServerConfigKeys (ConfUtils.java:logGet(43)) - raft.server.snapshot.auto.trigger.enabled = true (custom)
2019-07-30 19:00:30,686 INFO  server.RaftServerConfigKeys (ConfUtils.java:logGet(43)) - raft.server.snapshot.auto.trigger.threshold = 10000 (custom)
2019-07-30 19:00:30,686 INFO  server.RaftServerConfigKeys (ConfUtils.java:logGet(43)) - raft.server.retrycache.expirytime = 600000ms (custom)
2019-07-30 19:00:30,686 INFO  impl.RaftServerImpl (RaftServerImpl.java:start(180)) - 8a2aa23d-f99d-42d0-8b9e-8177cc389221: start group-8791367A7532
2019-07-30 19:00:30,687 INFO  impl.RaftServerImpl (RaftServerImpl.java:setRole(171)) - 8a2aa23d-f99d-42d0-8b9e-8177cc389221:group-8791367A7532 changes role from null to FOLLOWER at term 0 for startAsFollower
2019-07-30 19:00:30,687 INFO  impl.RoleInfo (RoleInfo.java:updateAndGet(143)) - 8a2aa23d-f99d-42d0-8b9e-8177cc389221: start FollowerState
2019-07-30 19:00:30,687 INFO  util.JmxRegister (JmxRegister.java:tryRegister(44)) - Successfully registered JMX Bean with object name Ratis:service=RaftServer,group=group-8791367A7532,id=8a2aa23d-f99d-42d0-8b9e-8177cc389221
2019-07-30 19:00:30,700 INFO  pipeline.PipelineStateManager (PipelineStateManager.java:addPipeline(56)) - Created pipeline Pipeline[ Id: 089e6fc9-8bf0-4fec-9f11-8791367a7532, Nodes: 8a2aa23d-f99d-42d0-8b9e-8177cc389221{ip: 192.168.5.147, host: byscane-nightly-d7s94-1643579034, networkLocation: /default-rack, certSerialId: null}, Type:RATIS, Factor:ONE, State:OPEN]
2019-07-30 19:00:30,726 INFO  impl.RaftServerProxy (RaftServerProxy.java:addNew(89)) - 411958a3-ab64-4380-bf36-dfe9236fe105: addNew group-ACB42550BEFA:[411958a3-ab64-4380-bf36-dfe9236fe105:192.168.5.147:39259] returns group-ACB42550BEFA:java.util.concurrent.CompletableFuture@73bc9901[Not completed]
2019-07-30 19:00:30,728 INFO  impl.RaftServerImpl (RaftServerImpl.java:<init>(93)) - 411958a3-ab64-4380-bf36-dfe9236fe105: new RaftServerImpl for group-ACB42550BEFA:[411958a3-ab64-4380-bf36-dfe9236fe105:192.168.5.147:39259] with ContainerStateMachine:uninitialized
2019-07-30 19:00:30,729 INFO  server.RaftServerConfigKeys (ConfUtils.java:logGet(43)) - raft.server.rpc.timeout.min = 5s (custom)
2019-07-30 19:00:30,729 INFO  server.RaftServerConfigKeys (ConfUtils.java:logGet(43)) - raft.server.rpc.timeout.max = 5200ms (custom)
2019-07-30 19:00:30,729 INFO  server.RaftServerConfigKeys (ConfUtils.java:logGet(43)) - raft.server.rpcslowness.timeout = 120s (custom)
2019-07-30 19:00:30,729 INFO  server.RaftServerConfigKeys (ConfUtils.java:logGet(43)) - raft.server.sleep.deviation.threshold = 300 (default)
2019-07-30 19:00:30,729 INFO  server.RaftServerConfigKeys (ConfUtils.java:logGet(43)) - raft.server.log.appender.install.snapshot.enabled = false (custom)
2019-07-30 19:00:30,729 INFO  impl.RaftServerImpl (ServerState.java:<init>(105)) - 411958a3-ab64-4380-bf36-dfe9236fe105:group-ACB42550BEFA ConfigurationManager, init=-1: [411958a3-ab64-4380-bf36-dfe9236fe105:192.168.5.147:39259], old=null, confs=<EMPTY_MAP>
2019-07-30 19:00:30,730 INFO  server.RaftServerConfigKeys (ConfUtils.java:logGet(43)) - raft.server.storage.dir = [/workdir/hadoop-ozone/integration-test/target/test-dir/MiniOzoneClusterImpl-cde36970-375a-443a-bf44-429d63a9d0f0/datanode-6/data/ratis] (custom)
2019-07-30 19:00:30,730 INFO  storage.RaftStorageDirectory (RaftStorageDirectory.java:analyzeStorage(246)) - The storage directory /workdir/hadoop-ozone/integration-test/target/test-dir/MiniOzoneClusterImpl-cde36970-375a-443a-bf44-429d63a9d0f0/datanode-6/data/ratis/8bbc0485-31ec-4514-bd7e-acb42550befa does not exist. Creating ...
2019-07-30 19:00:30,741 INFO  storage.RaftStorageDirectory (RaftStorageDirectory.java:tryLock(328)) - Lock on /workdir/hadoop-ozone/integration-test/target/test-dir/MiniOzoneClusterImpl-cde36970-375a-443a-bf44-429d63a9d0f0/datanode-6/data/ratis/8bbc0485-31ec-4514-bd7e-acb42550befa/in_use.lock acquired by nodename 575@byscane-nightly-d7s94-1643579034
2019-07-30 19:00:30,745 INFO  storage.RaftStorage (RaftStorage.java:format(72)) - Storage directory /workdir/hadoop-ozone/integration-test/target/test-dir/MiniOzoneClusterImpl-cde36970-375a-443a-bf44-429d63a9d0f0/datanode-6/data/ratis/8bbc0485-31ec-4514-bd7e-acb42550befa has been successfully formatted.
2019-07-30 19:00:30,745 INFO  ratis.ContainerStateMachine (ContainerStateMachine.java:loadSnapshot(213)) - group-ACB42550BEFA: The snapshot info is null. Setting the last applied indexto:(t:0, i:~)
2019-07-30 19:00:30,745 INFO  server.RaftServerConfigKeys (ConfUtils.java:logGet(43)) - raft.server.leader.election.timeout = 120s (custom)
2019-07-30 19:00:30,746 INFO  server.RaftServerConfigKeys (ConfUtils.java:logGet(43)) - raft.server.log.use.memory = false (default)
2019-07-30 19:00:30,746 INFO  server.RaftServerConfigKeys (ConfUtils.java:logGet(43)) - raft.server.log.purge.gap = 1000000000 (custom)
2019-07-30 19:00:30,746 INFO  server.RaftServerConfigKeys (ConfUtils.java:logGet(43)) - raft.server.log.appender.buffer.byte-limit = 33554432 (custom)
2019-07-30 19:00:30,746 INFO  server.RaftServerConfigKeys (ConfUtils.java:logGet(43)) - raft.server.log.segment.size.max = 1048576 (custom)
2019-07-30 19:00:30,746 INFO  server.RaftServerConfigKeys (ConfUtils.java:logGet(43)) - raft.server.log.segment.cache.num.max = 2 (custom)
2019-07-30 19:00:30,747 INFO  segmented.SegmentedRaftLogWorker (SegmentedRaftLogWorker.java:<init>(172)) - new 411958a3-ab64-4380-bf36-dfe9236fe105-SegmentedRaftLogWorker:Storage Directory /workdir/hadoop-ozone/integration-test/target/test-dir/MiniOzoneClusterImpl-cde36970-375a-443a-bf44-429d63a9d0f0/datanode-6/data/ratis/8bbc0485-31ec-4514-bd7e-acb42550befa for RaftStorage:Storage Directory /workdir/hadoop-ozone/integration-test/target/test-dir/MiniOzoneClusterImpl-cde36970-375a-443a-bf44-429d63a9d0f0/datanode-6/data/ratis/8bbc0485-31ec-4514-bd7e-acb42550befa
2019-07-30 19:00:30,747 INFO  server.RaftServerConfigKeys (ConfUtils.java:logGet(43)) - raft.server.log.queue.byte-limit = 2147483647 (custom)
2019-07-30 19:00:30,747 INFO  server.RaftServerConfigKeys (ConfUtils.java:logGet(43)) - raft.server.log.queue.element-limit = 1024 (custom)
2019-07-30 19:00:30,747 INFO  server.RaftServerConfigKeys (ConfUtils.java:logGet(43)) - raft.server.log.segment.size.max = 1048576 (custom)
2019-07-30 19:00:30,747 INFO  server.RaftServerConfigKeys (ConfUtils.java:logGet(43)) - raft.server.log.preallocated.size = 16384 (custom)
2019-07-30 19:00:30,748 INFO  server.RaftServerConfigKeys (ConfUtils.java:logGet(43)) - raft.server.log.write.buffer.size = 33554432 (custom)
2019-07-30 19:00:30,748 INFO  server.RaftServerConfigKeys (ConfUtils.java:logGet(43)) - raft.server.log.force.sync.num = 128 (default)
2019-07-30 19:00:30,748 INFO  server.RaftServerConfigKeys (ConfUtils.java:logGet(43)) - raft.server.log.statemachine.data.sync = true (default)
2019-07-30 19:00:30,748 INFO  server.RaftServerConfigKeys (ConfUtils.java:logGet(43)) - raft.server.log.statemachine.data.sync.timeout = 10s (default)
2019-07-30 19:00:30,748 INFO  server.RaftServerConfigKeys (ConfUtils.java:logGet(43)) - raft.server.log.statemachine.data.sync.timeout.retry = -1 (default)
2019-07-30 19:00:30,749 INFO  server.RaftServerConfigKeys (ConfUtils.java:logGet(43)) - raft.server.log.statemachine.data.caching.enabled = true (custom)
2019-07-30 19:00:30,749 INFO  segmented.SegmentedRaftLogWorker (SegmentedRaftLogWorker.java:lambda$new$0(132)) - 411958a3-ab64-4380-bf36-dfe9236fe105-SegmentedRaftLogWorker:Storage Directory /workdir/hadoop-ozone/integration-test/target/test-dir/MiniOzoneClusterImpl-cde36970-375a-443a-bf44-429d63a9d0f0/datanode-6/data/ratis/8bbc0485-31ec-4514-bd7e-acb42550befa: flushIndex: setUnconditionally 0 -> -1
2019-07-30 19:00:30,749 INFO  server.RaftServerConfigKeys (ConfUtils.java:logGet(43)) - raft.server.snapshot.auto.trigger.enabled = true (custom)
2019-07-30 19:00:30,750 INFO  server.RaftServerConfigKeys (ConfUtils.java:logGet(43)) - raft.server.snapshot.auto.trigger.threshold = 10000 (custom)
2019-07-30 19:00:30,750 INFO  server.RaftServerConfigKeys (ConfUtils.java:logGet(43)) - raft.server.retrycache.expirytime = 600000ms (custom)
2019-07-30 19:00:30,750 INFO  impl.RaftServerImpl (RaftServerImpl.java:start(180)) - 411958a3-ab64-4380-bf36-dfe9236fe105: start group-ACB42550BEFA
2019-07-30 19:00:30,750 INFO  impl.RaftServerImpl (RaftServerImpl.java:setRole(171)) - 411958a3-ab64-4380-bf36-dfe9236fe105:group-ACB42550BEFA changes role from null to FOLLOWER at term 0 for startAsFollower
2019-07-30 19:00:30,750 INFO  impl.RoleInfo (RoleInfo.java:updateAndGet(143)) - 411958a3-ab64-4380-bf36-dfe9236fe105: start FollowerState
2019-07-30 19:00:30,751 INFO  util.JmxRegister (JmxRegister.java:tryRegister(44)) - Successfully registered JMX Bean with object name Ratis:service=RaftServer,group=group-ACB42550BEFA,id=411958a3-ab64-4380-bf36-dfe9236fe105
2019-07-30 19:00:30,766 INFO  pipeline.PipelineStateManager (PipelineStateManager.java:addPipeline(56)) - Created pipeline Pipeline[ Id: 8bbc0485-31ec-4514-bd7e-acb42550befa, Nodes: 411958a3-ab64-4380-bf36-dfe9236fe105{ip: 192.168.5.147, host: byscane-nightly-d7s94-1643579034, networkLocation: /default-rack, certSerialId: null}, Type:RATIS, Factor:ONE, State:OPEN]
2019-07-30 19:00:30,791 INFO  impl.RaftServerProxy (RaftServerProxy.java:addNew(89)) - 17897573-112e-4610-9ad8-55c3ed9a9698: addNew group-B2711E4838B8:[17897573-112e-4610-9ad8-55c3ed9a9698:192.168.5.147:36911] returns group-B2711E4838B8:java.util.concurrent.CompletableFuture@337b50c7[Not completed]
2019-07-30 19:00:30,793 INFO  impl.RaftServerImpl (RaftServerImpl.java:<init>(93)) - 17897573-112e-4610-9ad8-55c3ed9a9698: new RaftServerImpl for group-B2711E4838B8:[17897573-112e-4610-9ad8-55c3ed9a9698:192.168.5.147:36911] with ContainerStateMachine:uninitialized
2019-07-30 19:00:30,793 INFO  server.RaftServerConfigKeys (ConfUtils.java:logGet(43)) - raft.server.rpc.timeout.min = 5s (custom)
2019-07-30 19:00:30,793 INFO  server.RaftServerConfigKeys (ConfUtils.java:logGet(43)) - raft.server.rpc.timeout.max = 5200ms (custom)
2019-07-30 19:00:30,793 INFO  server.RaftServerConfigKeys (ConfUtils.java:logGet(43)) - raft.server.rpcslowness.timeout = 120s (custom)
2019-07-30 19:00:30,794 INFO  server.RaftServerConfigKeys (ConfUtils.java:logGet(43)) - raft.server.sleep.deviation.threshold = 300 (default)
2019-07-30 19:00:30,794 INFO  server.RaftServerConfigKeys (ConfUtils.java:logGet(43)) - raft.server.log.appender.install.snapshot.enabled = false (custom)
2019-07-30 19:00:30,794 INFO  impl.RaftServerImpl (ServerState.java:<init>(105)) - 17897573-112e-4610-9ad8-55c3ed9a9698:group-B2711E4838B8 ConfigurationManager, init=-1: [17897573-112e-4610-9ad8-55c3ed9a9698:192.168.5.147:36911], old=null, confs=<EMPTY_MAP>
2019-07-30 19:00:30,794 INFO  server.RaftServerConfigKeys (ConfUtils.java:logGet(43)) - raft.server.storage.dir = [/workdir/hadoop-ozone/integration-test/target/test-dir/MiniOzoneClusterImpl-cde36970-375a-443a-bf44-429d63a9d0f0/datanode-2/data/ratis] (custom)
2019-07-30 19:00:30,795 INFO  storage.RaftStorageDirectory (RaftStorageDirectory.java:analyzeStorage(246)) - The storage directory /workdir/hadoop-ozone/integration-test/target/test-dir/MiniOzoneClusterImpl-cde36970-375a-443a-bf44-429d63a9d0f0/datanode-2/data/ratis/d743aa35-f14b-4a38-8692-b2711e4838b8 does not exist. Creating ...
2019-07-30 19:00:30,799 INFO  storage.RaftStorageDirectory (RaftStorageDirectory.java:tryLock(328)) - Lock on /workdir/hadoop-ozone/integration-test/target/test-dir/MiniOzoneClusterImpl-cde36970-375a-443a-bf44-429d63a9d0f0/datanode-2/data/ratis/d743aa35-f14b-4a38-8692-b2711e4838b8/in_use.lock acquired by nodename 575@byscane-nightly-d7s94-1643579034
2019-07-30 19:00:30,804 INFO  storage.RaftStorage (RaftStorage.java:format(72)) - Storage directory /workdir/hadoop-ozone/integration-test/target/test-dir/MiniOzoneClusterImpl-cde36970-375a-443a-bf44-429d63a9d0f0/datanode-2/data/ratis/d743aa35-f14b-4a38-8692-b2711e4838b8 has been successfully formatted.
2019-07-30 19:00:30,804 INFO  ratis.ContainerStateMachine (ContainerStateMachine.java:loadSnapshot(213)) - group-B2711E4838B8: The snapshot info is null. Setting the last applied indexto:(t:0, i:~)
2019-07-30 19:00:30,805 INFO  server.RaftServerConfigKeys (ConfUtils.java:logGet(43)) - raft.server.leader.election.timeout = 120s (custom)
2019-07-30 19:00:30,805 INFO  server.RaftServerConfigKeys (ConfUtils.java:logGet(43)) - raft.server.log.use.memory = false (default)
2019-07-30 19:00:30,805 INFO  server.RaftServerConfigKeys (ConfUtils.java:logGet(43)) - raft.server.log.purge.gap = 1000000000 (custom)
2019-07-30 19:00:30,805 INFO  server.RaftServerConfigKeys (ConfUtils.java:logGet(43)) - raft.server.log.appender.buffer.byte-limit = 33554432 (custom)
2019-07-30 19:00:30,805 INFO  server.RaftServerConfigKeys (ConfUtils.java:logGet(43)) - raft.server.log.segment.size.max = 1048576 (custom)
2019-07-30 19:00:30,806 INFO  server.RaftServerConfigKeys (ConfUtils.java:logGet(43)) - raft.server.log.segment.cache.num.max = 2 (custom)
2019-07-30 19:00:30,806 INFO  segmented.SegmentedRaftLogWorker (SegmentedRaftLogWorker.java:<init>(172)) - new 17897573-112e-4610-9ad8-55c3ed9a9698-SegmentedRaftLogWorker:Storage Directory /workdir/hadoop-ozone/integration-test/target/test-dir/MiniOzoneClusterImpl-cde36970-375a-443a-bf44-429d63a9d0f0/datanode-2/data/ratis/d743aa35-f14b-4a38-8692-b2711e4838b8 for RaftStorage:Storage Directory /workdir/hadoop-ozone/integration-test/target/test-dir/MiniOzoneClusterImpl-cde36970-375a-443a-bf44-429d63a9d0f0/datanode-2/data/ratis/d743aa35-f14b-4a38-8692-b2711e4838b8
2019-07-30 19:00:30,806 INFO  server.RaftServerConfigKeys (ConfUtils.java:logGet(43)) - raft.server.log.queue.byte-limit = 2147483647 (custom)
2019-07-30 19:00:30,806 INFO  server.RaftServerConfigKeys (ConfUtils.java:logGet(43)) - raft.server.log.queue.element-limit = 1024 (custom)
2019-07-30 19:00:30,807 INFO  server.RaftServerConfigKeys (ConfUtils.java:logGet(43)) - raft.server.log.segment.size.max = 1048576 (custom)
2019-07-30 19:00:30,807 INFO  server.RaftServerConfigKeys (ConfUtils.java:logGet(43)) - raft.server.log.preallocated.size = 16384 (custom)
2019-07-30 19:00:30,807 INFO  server.RaftServerConfigKeys (ConfUtils.java:logGet(43)) - raft.server.log.write.buffer.size = 33554432 (custom)
2019-07-30 19:00:30,807 INFO  server.RaftServerConfigKeys (ConfUtils.java:logGet(43)) - raft.server.log.force.sync.num = 128 (default)
2019-07-30 19:00:30,807 INFO  server.RaftServerConfigKeys (ConfUtils.java:logGet(43)) - raft.server.log.statemachine.data.sync = true (default)
2019-07-30 19:00:30,808 INFO  server.RaftServerConfigKeys (ConfUtils.java:logGet(43)) - raft.server.log.statemachine.data.sync.timeout = 10s (default)
2019-07-30 19:00:30,808 INFO  server.RaftServerConfigKeys (ConfUtils.java:logGet(43)) - raft.server.log.statemachine.data.sync.timeout.retry = -1 (default)
2019-07-30 19:00:30,808 INFO  server.RaftServerConfigKeys (ConfUtils.java:logGet(43)) - raft.server.log.statemachine.data.caching.enabled = true (custom)
2019-07-30 19:00:30,809 INFO  segmented.SegmentedRaftLogWorker (SegmentedRaftLogWorker.java:lambda$new$0(132)) - 17897573-112e-4610-9ad8-55c3ed9a9698-SegmentedRaftLogWorker:Storage Directory /workdir/hadoop-ozone/integration-test/target/test-dir/MiniOzoneClusterImpl-cde36970-375a-443a-bf44-429d63a9d0f0/datanode-2/data/ratis/d743aa35-f14b-4a38-8692-b2711e4838b8: flushIndex: setUnconditionally 0 -> -1
2019-07-30 19:00:30,809 INFO  server.RaftServerConfigKeys (ConfUtils.java:logGet(43)) - raft.server.snapshot.auto.trigger.enabled = true (custom)
2019-07-30 19:00:30,809 INFO  server.RaftServerConfigKeys (ConfUtils.java:logGet(43)) - raft.server.snapshot.auto.trigger.threshold = 10000 (custom)
2019-07-30 19:00:30,810 INFO  server.RaftServerConfigKeys (ConfUtils.java:logGet(43)) - raft.server.retrycache.expirytime = 600000ms (custom)
2019-07-30 19:00:30,810 INFO  impl.RaftServerImpl (RaftServerImpl.java:start(180)) - 17897573-112e-4610-9ad8-55c3ed9a9698: start group-B2711E4838B8
2019-07-30 19:00:30,810 INFO  impl.RaftServerImpl (RaftServerImpl.java:setRole(171)) - 17897573-112e-4610-9ad8-55c3ed9a9698:group-B2711E4838B8 changes role from null to FOLLOWER at term 0 for startAsFollower
2019-07-30 19:00:30,811 INFO  impl.RoleInfo (RoleInfo.java:updateAndGet(143)) - 17897573-112e-4610-9ad8-55c3ed9a9698: start FollowerState
2019-07-30 19:00:30,811 INFO  util.JmxRegister (JmxRegister.java:tryRegister(44)) - Successfully registered JMX Bean with object name Ratis:service=RaftServer,group=group-B2711E4838B8,id=17897573-112e-4610-9ad8-55c3ed9a9698
2019-07-30 19:00:30,824 INFO  pipeline.PipelineStateManager (PipelineStateManager.java:addPipeline(56)) - Created pipeline Pipeline[ Id: d743aa35-f14b-4a38-8692-b2711e4838b8, Nodes: 17897573-112e-4610-9ad8-55c3ed9a9698{ip: 192.168.5.147, host: byscane-nightly-d7s94-1643579034, networkLocation: /default-rack, certSerialId: null}, Type:RATIS, Factor:ONE, State:OPEN]
2019-07-30 19:00:30,849 INFO  impl.RaftServerProxy (RaftServerProxy.java:addNew(89)) - a12d8726-0518-4346-9bf2-61984692d4d0: addNew group-F3ADCD36B8C4:[a12d8726-0518-4346-9bf2-61984692d4d0:192.168.5.147:44269] returns group-F3ADCD36B8C4:java.util.concurrent.CompletableFuture@2f87fd55[Not completed]
2019-07-30 19:00:30,851 INFO  impl.RaftServerImpl (RaftServerImpl.java:<init>(93)) - a12d8726-0518-4346-9bf2-61984692d4d0: new RaftServerImpl for group-F3ADCD36B8C4:[a12d8726-0518-4346-9bf2-61984692d4d0:192.168.5.147:44269] with ContainerStateMachine:uninitialized
2019-07-30 19:00:30,851 INFO  server.RaftServerConfigKeys (ConfUtils.java:logGet(43)) - raft.server.rpc.timeout.min = 5s (custom)
2019-07-30 19:00:30,851 INFO  server.RaftServerConfigKeys (ConfUtils.java:logGet(43)) - raft.server.rpc.timeout.max = 5200ms (custom)
2019-07-30 19:00:30,852 INFO  server.RaftServerConfigKeys (ConfUtils.java:logGet(43)) - raft.server.rpcslowness.timeout = 120s (custom)
2019-07-30 19:00:30,852 INFO  server.RaftServerConfigKeys (ConfUtils.java:logGet(43)) - raft.server.sleep.deviation.threshold = 300 (default)
2019-07-30 19:00:30,852 INFO  server.RaftServerConfigKeys (ConfUtils.java:logGet(43)) - raft.server.log.appender.install.snapshot.enabled = false (custom)
2019-07-30 19:00:30,852 INFO  impl.RaftServerImpl (ServerState.java:<init>(105)) - a12d8726-0518-4346-9bf2-61984692d4d0:group-F3ADCD36B8C4 ConfigurationManager, init=-1: [a12d8726-0518-4346-9bf2-61984692d4d0:192.168.5.147:44269], old=null, confs=<EMPTY_MAP>
2019-07-30 19:00:30,852 INFO  server.RaftServerConfigKeys (ConfUtils.java:logGet(43)) - raft.server.storage.dir = [/workdir/hadoop-ozone/integration-test/target/test-dir/MiniOzoneClusterImpl-cde36970-375a-443a-bf44-429d63a9d0f0/datanode-3/data/ratis] (custom)
2019-07-30 19:00:30,853 INFO  storage.RaftStorageDirectory (RaftStorageDirectory.java:analyzeStorage(246)) - The storage directory /workdir/hadoop-ozone/integration-test/target/test-dir/MiniOzoneClusterImpl-cde36970-375a-443a-bf44-429d63a9d0f0/datanode-3/data/ratis/04509c25-9f14-4f6e-b802-f3adcd36b8c4 does not exist. Creating ...
2019-07-30 19:00:30,867 INFO  storage.RaftStorageDirectory (RaftStorageDirectory.java:tryLock(328)) - Lock on /workdir/hadoop-ozone/integration-test/target/test-dir/MiniOzoneClusterImpl-cde36970-375a-443a-bf44-429d63a9d0f0/datanode-3/data/ratis/04509c25-9f14-4f6e-b802-f3adcd36b8c4/in_use.lock acquired by nodename 575@byscane-nightly-d7s94-1643579034
2019-07-30 19:00:30,873 INFO  storage.RaftStorage (RaftStorage.java:format(72)) - Storage directory /workdir/hadoop-ozone/integration-test/target/test-dir/MiniOzoneClusterImpl-cde36970-375a-443a-bf44-429d63a9d0f0/datanode-3/data/ratis/04509c25-9f14-4f6e-b802-f3adcd36b8c4 has been successfully formatted.
2019-07-30 19:00:30,874 INFO  ratis.ContainerStateMachine (ContainerStateMachine.java:loadSnapshot(213)) - group-F3ADCD36B8C4: The snapshot info is null. Setting the last applied indexto:(t:0, i:~)
2019-07-30 19:00:30,874 INFO  server.RaftServerConfigKeys (ConfUtils.java:logGet(43)) - raft.server.leader.election.timeout = 120s (custom)
2019-07-30 19:00:30,874 INFO  server.RaftServerConfigKeys (ConfUtils.java:logGet(43)) - raft.server.log.use.memory = false (default)
2019-07-30 19:00:30,874 INFO  server.RaftServerConfigKeys (ConfUtils.java:logGet(43)) - raft.server.log.purge.gap = 1000000000 (custom)
2019-07-30 19:00:30,874 INFO  server.RaftServerConfigKeys (ConfUtils.java:logGet(43)) - raft.server.log.appender.buffer.byte-limit = 33554432 (custom)
2019-07-30 19:00:30,875 INFO  server.RaftServerConfigKeys (ConfUtils.java:logGet(43)) - raft.server.log.segment.size.max = 1048576 (custom)
2019-07-30 19:00:30,875 INFO  server.RaftServerConfigKeys (ConfUtils.java:logGet(43)) - raft.server.log.segment.cache.num.max = 2 (custom)
2019-07-30 19:00:30,875 INFO  segmented.SegmentedRaftLogWorker (SegmentedRaftLogWorker.java:<init>(172)) - new a12d8726-0518-4346-9bf2-61984692d4d0-SegmentedRaftLogWorker:Storage Directory /workdir/hadoop-ozone/integration-test/target/test-dir/MiniOzoneClusterImpl-cde36970-375a-443a-bf44-429d63a9d0f0/datanode-3/data/ratis/04509c25-9f14-4f6e-b802-f3adcd36b8c4 for RaftStorage:Storage Directory /workdir/hadoop-ozone/integration-test/target/test-dir/MiniOzoneClusterImpl-cde36970-375a-443a-bf44-429d63a9d0f0/datanode-3/data/ratis/04509c25-9f14-4f6e-b802-f3adcd36b8c4
2019-07-30 19:00:30,875 INFO  server.RaftServerConfigKeys (ConfUtils.java:logGet(43)) - raft.server.log.queue.byte-limit = 2147483647 (custom)
2019-07-30 19:00:30,876 INFO  server.RaftServerConfigKeys (ConfUtils.java:logGet(43)) - raft.server.log.queue.element-limit = 1024 (custom)
2019-07-30 19:00:30,876 INFO  server.RaftServerConfigKeys (ConfUtils.java:logGet(43)) - raft.server.log.segment.size.max = 1048576 (custom)
2019-07-30 19:00:30,876 INFO  server.RaftServerConfigKeys (ConfUtils.java:logGet(43)) - raft.server.log.preallocated.size = 16384 (custom)
2019-07-30 19:00:30,876 INFO  server.RaftServerConfigKeys (ConfUtils.java:logGet(43)) - raft.server.log.write.buffer.size = 33554432 (custom)
2019-07-30 19:00:30,876 INFO  server.RaftServerConfigKeys (ConfUtils.java:logGet(43)) - raft.server.log.force.sync.num = 128 (default)
2019-07-30 19:00:30,877 INFO  server.RaftServerConfigKeys (ConfUtils.java:logGet(43)) - raft.server.log.statemachine.data.sync = true (default)
2019-07-30 19:00:30,877 INFO  server.RaftServerConfigKeys (ConfUtils.java:logGet(43)) - raft.server.log.statemachine.data.sync.timeout = 10s (default)
2019-07-30 19:00:30,877 INFO  server.RaftServerConfigKeys (ConfUtils.java:logGet(43)) - raft.server.log.statemachine.data.sync.timeout.retry = -1 (default)
2019-07-30 19:00:30,878 INFO  server.RaftServerConfigKeys (ConfUtils.java:logGet(43)) - raft.server.log.statemachine.data.caching.enabled = true (custom)
2019-07-30 19:00:30,878 INFO  segmented.SegmentedRaftLogWorker (SegmentedRaftLogWorker.java:lambda$new$0(132)) - a12d8726-0518-4346-9bf2-61984692d4d0-SegmentedRaftLogWorker:Storage Directory /workdir/hadoop-ozone/integration-test/target/test-dir/MiniOzoneClusterImpl-cde36970-375a-443a-bf44-429d63a9d0f0/datanode-3/data/ratis/04509c25-9f14-4f6e-b802-f3adcd36b8c4: flushIndex: setUnconditionally 0 -> -1
2019-07-30 19:00:30,878 INFO  server.RaftServerConfigKeys (ConfUtils.java:logGet(43)) - raft.server.snapshot.auto.trigger.enabled = true (custom)
2019-07-30 19:00:30,879 INFO  server.RaftServerConfigKeys (ConfUtils.java:logGet(43)) - raft.server.snapshot.auto.trigger.threshold = 10000 (custom)
2019-07-30 19:00:30,879 INFO  server.RaftServerConfigKeys (ConfUtils.java:logGet(43)) - raft.server.retrycache.expirytime = 600000ms (custom)
2019-07-30 19:00:30,879 INFO  impl.RaftServerImpl (RaftServerImpl.java:start(180)) - a12d8726-0518-4346-9bf2-61984692d4d0: start group-F3ADCD36B8C4
2019-07-30 19:00:30,879 INFO  impl.RaftServerImpl (RaftServerImpl.java:setRole(171)) - a12d8726-0518-4346-9bf2-61984692d4d0:group-F3ADCD36B8C4 changes role from null to FOLLOWER at term 0 for startAsFollower
2019-07-30 19:00:30,880 INFO  impl.RoleInfo (RoleInfo.java:updateAndGet(143)) - a12d8726-0518-4346-9bf2-61984692d4d0: start FollowerState
2019-07-30 19:00:30,880 INFO  util.JmxRegister (JmxRegister.java:tryRegister(44)) - Successfully registered JMX Bean with object name Ratis:service=RaftServer,group=group-F3ADCD36B8C4,id=a12d8726-0518-4346-9bf2-61984692d4d0
2019-07-30 19:00:30,894 INFO  pipeline.PipelineStateManager (PipelineStateManager.java:addPipeline(56)) - Created pipeline Pipeline[ Id: 04509c25-9f14-4f6e-b802-f3adcd36b8c4, Nodes: a12d8726-0518-4346-9bf2-61984692d4d0{ip: 192.168.5.147, host: byscane-nightly-d7s94-1643579034, networkLocation: /default-rack, certSerialId: null}, Type:RATIS, Factor:ONE, State:OPEN]
2019-07-30 19:00:30,915 INFO  impl.RaftServerProxy (RaftServerProxy.java:addNew(89)) - 6e54eef3-6492-4f15-a243-31255825725e: addNew group-6F65D1112315:[6e54eef3-6492-4f15-a243-31255825725e:192.168.5.147:44710] returns group-6F65D1112315:java.util.concurrent.CompletableFuture@460b0b64[Not completed]
2019-07-30 19:00:30,919 INFO  impl.RaftServerImpl (RaftServerImpl.java:<init>(93)) - 6e54eef3-6492-4f15-a243-31255825725e: new RaftServerImpl for group-6F65D1112315:[6e54eef3-6492-4f15-a243-31255825725e:192.168.5.147:44710] with ContainerStateMachine:uninitialized
2019-07-30 19:00:30,919 INFO  server.RaftServerConfigKeys (ConfUtils.java:logGet(43)) - raft.server.rpc.timeout.min = 5s (custom)
2019-07-30 19:00:30,919 INFO  server.RaftServerConfigKeys (ConfUtils.java:logGet(43)) - raft.server.rpc.timeout.max = 5200ms (custom)
2019-07-30 19:00:30,919 INFO  server.RaftServerConfigKeys (ConfUtils.java:logGet(43)) - raft.server.rpcslowness.timeout = 120s (custom)
2019-07-30 19:00:30,920 INFO  server.RaftServerConfigKeys (ConfUtils.java:logGet(43)) - raft.server.sleep.deviation.threshold = 300 (default)
2019-07-30 19:00:30,920 INFO  server.RaftServerConfigKeys (ConfUtils.java:logGet(43)) - raft.server.log.appender.install.snapshot.enabled = false (custom)
2019-07-30 19:00:30,920 INFO  impl.RaftServerImpl (ServerState.java:<init>(105)) - 6e54eef3-6492-4f15-a243-31255825725e:group-6F65D1112315 ConfigurationManager, init=-1: [6e54eef3-6492-4f15-a243-31255825725e:192.168.5.147:44710], old=null, confs=<EMPTY_MAP>
2019-07-30 19:00:30,920 INFO  server.RaftServerConfigKeys (ConfUtils.java:logGet(43)) - raft.server.storage.dir = [/workdir/hadoop-ozone/integration-test/target/test-dir/MiniOzoneClusterImpl-cde36970-375a-443a-bf44-429d63a9d0f0/datanode-5/data/ratis] (custom)
2019-07-30 19:00:30,921 INFO  storage.RaftStorageDirectory (RaftStorageDirectory.java:analyzeStorage(246)) - The storage directory /workdir/hadoop-ozone/integration-test/target/test-dir/MiniOzoneClusterImpl-cde36970-375a-443a-bf44-429d63a9d0f0/datanode-5/data/ratis/b33a0452-0f7d-4ff0-b246-6f65d1112315 does not exist. Creating ...
2019-07-30 19:00:30,925 INFO  storage.RaftStorageDirectory (RaftStorageDirectory.java:tryLock(328)) - Lock on /workdir/hadoop-ozone/integration-test/target/test-dir/MiniOzoneClusterImpl-cde36970-375a-443a-bf44-429d63a9d0f0/datanode-5/data/ratis/b33a0452-0f7d-4ff0-b246-6f65d1112315/in_use.lock acquired by nodename 575@byscane-nightly-d7s94-1643579034
2019-07-30 19:00:30,929 INFO  storage.RaftStorage (RaftStorage.java:format(72)) - Storage directory /workdir/hadoop-ozone/integration-test/target/test-dir/MiniOzoneClusterImpl-cde36970-375a-443a-bf44-429d63a9d0f0/datanode-5/data/ratis/b33a0452-0f7d-4ff0-b246-6f65d1112315 has been successfully formatted.
2019-07-30 19:00:30,929 INFO  ratis.ContainerStateMachine (ContainerStateMachine.java:loadSnapshot(213)) - group-6F65D1112315: The snapshot info is null. Setting the last applied indexto:(t:0, i:~)
2019-07-30 19:00:30,929 INFO  server.RaftServerConfigKeys (ConfUtils.java:logGet(43)) - raft.server.leader.election.timeout = 120s (custom)
2019-07-30 19:00:30,930 INFO  server.RaftServerConfigKeys (ConfUtils.java:logGet(43)) - raft.server.log.use.memory = false (default)
2019-07-30 19:00:30,930 INFO  server.RaftServerConfigKeys (ConfUtils.java:logGet(43)) - raft.server.log.purge.gap = 1000000000 (custom)
2019-07-30 19:00:30,930 INFO  server.RaftServerConfigKeys (ConfUtils.java:logGet(43)) - raft.server.log.appender.buffer.byte-limit = 33554432 (custom)
2019-07-30 19:00:30,930 INFO  server.RaftServerConfigKeys (ConfUtils.java:logGet(43)) - raft.server.log.segment.size.max = 1048576 (custom)
2019-07-30 19:00:30,930 INFO  server.RaftServerConfigKeys (ConfUtils.java:logGet(43)) - raft.server.log.segment.cache.num.max = 2 (custom)
2019-07-30 19:00:30,931 INFO  segmented.SegmentedRaftLogWorker (SegmentedRaftLogWorker.java:<init>(172)) - new 6e54eef3-6492-4f15-a243-31255825725e-SegmentedRaftLogWorker:Storage Directory /workdir/hadoop-ozone/integration-test/target/test-dir/MiniOzoneClusterImpl-cde36970-375a-443a-bf44-429d63a9d0f0/datanode-5/data/ratis/b33a0452-0f7d-4ff0-b246-6f65d1112315 for RaftStorage:Storage Directory /workdir/hadoop-ozone/integration-test/target/test-dir/MiniOzoneClusterImpl-cde36970-375a-443a-bf44-429d63a9d0f0/datanode-5/data/ratis/b33a0452-0f7d-4ff0-b246-6f65d1112315
2019-07-30 19:00:30,931 INFO  server.RaftServerConfigKeys (ConfUtils.java:logGet(43)) - raft.server.log.queue.byte-limit = 2147483647 (custom)
2019-07-30 19:00:30,931 INFO  server.RaftServerConfigKeys (ConfUtils.java:logGet(43)) - raft.server.log.queue.element-limit = 1024 (custom)
2019-07-30 19:00:30,932 INFO  server.RaftServerConfigKeys (ConfUtils.java:logGet(43)) - raft.server.log.segment.size.max = 1048576 (custom)
2019-07-30 19:00:30,932 INFO  server.RaftServerConfigKeys (ConfUtils.java:logGet(43)) - raft.server.log.preallocated.size = 16384 (custom)
2019-07-30 19:00:30,932 INFO  server.RaftServerConfigKeys (ConfUtils.java:logGet(43)) - raft.server.log.write.buffer.size = 33554432 (custom)
2019-07-30 19:00:30,932 INFO  server.RaftServerConfigKeys (ConfUtils.java:logGet(43)) - raft.server.log.force.sync.num = 128 (default)
2019-07-30 19:00:30,932 INFO  server.RaftServerConfigKeys (ConfUtils.java:logGet(43)) - raft.server.log.statemachine.data.sync = true (default)
2019-07-30 19:00:30,933 INFO  server.RaftServerConfigKeys (ConfUtils.java:logGet(43)) - raft.server.log.statemachine.data.sync.timeout = 10s (default)
2019-07-30 19:00:30,933 INFO  server.RaftServerConfigKeys (ConfUtils.java:logGet(43)) - raft.server.log.statemachine.data.sync.timeout.retry = -1 (default)
2019-07-30 19:00:30,933 INFO  server.RaftServerConfigKeys (ConfUtils.java:logGet(43)) - raft.server.log.statemachine.data.caching.enabled = true (custom)
2019-07-30 19:00:30,934 INFO  segmented.SegmentedRaftLogWorker (SegmentedRaftLogWorker.java:lambda$new$0(132)) - 6e54eef3-6492-4f15-a243-31255825725e-SegmentedRaftLogWorker:Storage Directory /workdir/hadoop-ozone/integration-test/target/test-dir/MiniOzoneClusterImpl-cde36970-375a-443a-bf44-429d63a9d0f0/datanode-5/data/ratis/b33a0452-0f7d-4ff0-b246-6f65d1112315: flushIndex: setUnconditionally 0 -> -1
2019-07-30 19:00:30,934 INFO  server.RaftServerConfigKeys (ConfUtils.java:logGet(43)) - raft.server.snapshot.auto.trigger.enabled = true (custom)
2019-07-30 19:00:30,934 INFO  server.RaftServerConfigKeys (ConfUtils.java:logGet(43)) - raft.server.snapshot.auto.trigger.threshold = 10000 (custom)
2019-07-30 19:00:30,935 INFO  server.RaftServerConfigKeys (ConfUtils.java:logGet(43)) - raft.server.retrycache.expirytime = 600000ms (custom)
2019-07-30 19:00:30,935 INFO  impl.RaftServerImpl (RaftServerImpl.java:start(180)) - 6e54eef3-6492-4f15-a243-31255825725e: start group-6F65D1112315
2019-07-30 19:00:30,935 INFO  impl.RaftServerImpl (RaftServerImpl.java:setRole(171)) - 6e54eef3-6492-4f15-a243-31255825725e:group-6F65D1112315 changes role from null to FOLLOWER at term 0 for startAsFollower
2019-07-30 19:00:30,935 INFO  impl.RoleInfo (RoleInfo.java:updateAndGet(143)) - 6e54eef3-6492-4f15-a243-31255825725e: start FollowerState
2019-07-30 19:00:30,936 INFO  util.JmxRegister (JmxRegister.java:tryRegister(44)) - Successfully registered JMX Bean with object name Ratis:service=RaftServer,group=group-6F65D1112315,id=6e54eef3-6492-4f15-a243-31255825725e
2019-07-30 19:00:30,954 INFO  pipeline.PipelineStateManager (PipelineStateManager.java:addPipeline(56)) - Created pipeline Pipeline[ Id: b33a0452-0f7d-4ff0-b246-6f65d1112315, Nodes: 6e54eef3-6492-4f15-a243-31255825725e{ip: 192.168.5.147, host: byscane-nightly-d7s94-1643579034, networkLocation: /default-rack, certSerialId: null}, Type:RATIS, Factor:ONE, State:OPEN]
2019-07-30 19:00:30,994 INFO  impl.RaftServerProxy (RaftServerProxy.java:addNew(89)) - 8a2aa23d-f99d-42d0-8b9e-8177cc389221: addNew group-B287FE940F30:[150de6d3-14ad-4307-adb9-db90f65f5841:192.168.5.147:46490, 8a2aa23d-f99d-42d0-8b9e-8177cc389221:192.168.5.147:41487, 411958a3-ab64-4380-bf36-dfe9236fe105:192.168.5.147:39259] returns group-B287FE940F30:java.util.concurrent.CompletableFuture@2aeecbe1[Not completed]
2019-07-30 19:00:30,995 INFO  impl.RaftServerProxy (RaftServerProxy.java:addNew(89)) - 150de6d3-14ad-4307-adb9-db90f65f5841: addNew group-B287FE940F30:[150de6d3-14ad-4307-adb9-db90f65f5841:192.168.5.147:46490, 8a2aa23d-f99d-42d0-8b9e-8177cc389221:192.168.5.147:41487, 411958a3-ab64-4380-bf36-dfe9236fe105:192.168.5.147:39259] returns group-B287FE940F30:java.util.concurrent.CompletableFuture@1ef8a904[Not completed]
2019-07-30 19:00:30,995 INFO  impl.RaftServerProxy (RaftServerProxy.java:addNew(89)) - 411958a3-ab64-4380-bf36-dfe9236fe105: addNew group-B287FE940F30:[150de6d3-14ad-4307-adb9-db90f65f5841:192.168.5.147:46490, 8a2aa23d-f99d-42d0-8b9e-8177cc389221:192.168.5.147:41487, 411958a3-ab64-4380-bf36-dfe9236fe105:192.168.5.147:39259] returns group-B287FE940F30:java.util.concurrent.CompletableFuture@5c23c64e[Not completed]
2019-07-30 19:00:30,996 INFO  impl.RaftServerImpl (RaftServerImpl.java:<init>(93)) - 8a2aa23d-f99d-42d0-8b9e-8177cc389221: new RaftServerImpl for group-B287FE940F30:[150de6d3-14ad-4307-adb9-db90f65f5841:192.168.5.147:46490, 8a2aa23d-f99d-42d0-8b9e-8177cc389221:192.168.5.147:41487, 411958a3-ab64-4380-bf36-dfe9236fe105:192.168.5.147:39259] with ContainerStateMachine:uninitialized
2019-07-30 19:00:30,997 INFO  server.RaftServerConfigKeys (ConfUtils.java:logGet(43)) - raft.server.rpc.timeout.min = 5s (custom)
2019-07-30 19:00:30,997 INFO  server.RaftServerConfigKeys (ConfUtils.java:logGet(43)) - raft.server.rpc.timeout.max = 5200ms (custom)
2019-07-30 19:00:30,997 INFO  server.RaftServerConfigKeys (ConfUtils.java:logGet(43)) - raft.server.rpcslowness.timeout = 120s (custom)
2019-07-30 19:00:30,997 INFO  server.RaftServerConfigKeys (ConfUtils.java:logGet(43)) - raft.server.sleep.deviation.threshold = 300 (default)
2019-07-30 19:00:30,997 INFO  server.RaftServerConfigKeys (ConfUtils.java:logGet(43)) - raft.server.log.appender.install.snapshot.enabled = false (custom)
2019-07-30 19:00:30,998 INFO  impl.RaftServerImpl (ServerState.java:<init>(105)) - 8a2aa23d-f99d-42d0-8b9e-8177cc389221:group-B287FE940F30 ConfigurationManager, init=-1: [150de6d3-14ad-4307-adb9-db90f65f5841:192.168.5.147:46490, 8a2aa23d-f99d-42d0-8b9e-8177cc389221:192.168.5.147:41487, 411958a3-ab64-4380-bf36-dfe9236fe105:192.168.5.147:39259], old=null, confs=<EMPTY_MAP>
2019-07-30 19:00:30,998 INFO  server.RaftServerConfigKeys (ConfUtils.java:logGet(43)) - raft.server.storage.dir = [/workdir/hadoop-ozone/integration-test/target/test-dir/MiniOzoneClusterImpl-cde36970-375a-443a-bf44-429d63a9d0f0/datanode-4/data/ratis] (custom)
2019-07-30 19:00:30,998 INFO  impl.RaftServerImpl (RaftServerImpl.java:<init>(93)) - 411958a3-ab64-4380-bf36-dfe9236fe105: new RaftServerImpl for group-B287FE940F30:[150de6d3-14ad-4307-adb9-db90f65f5841:192.168.5.147:46490, 8a2aa23d-f99d-42d0-8b9e-8177cc389221:192.168.5.147:41487, 411958a3-ab64-4380-bf36-dfe9236fe105:192.168.5.147:39259] with ContainerStateMachine:uninitialized
2019-07-30 19:00:30,999 INFO  storage.RaftStorageDirectory (RaftStorageDirectory.java:analyzeStorage(246)) - The storage directory /workdir/hadoop-ozone/integration-test/target/test-dir/MiniOzoneClusterImpl-cde36970-375a-443a-bf44-429d63a9d0f0/datanode-4/data/ratis/8debd10f-040f-4a7a-85ee-b287fe940f30 does not exist. Creating ...
2019-07-30 19:00:30,999 INFO  server.RaftServerConfigKeys (ConfUtils.java:logGet(43)) - raft.server.rpc.timeout.min = 5s (custom)
2019-07-30 19:00:30,999 INFO  server.RaftServerConfigKeys (ConfUtils.java:logGet(43)) - raft.server.rpc.timeout.max = 5200ms (custom)
2019-07-30 19:00:30,999 INFO  server.RaftServerConfigKeys (ConfUtils.java:logGet(43)) - raft.server.rpcslowness.timeout = 120s (custom)
2019-07-30 19:00:30,999 INFO  server.RaftServerConfigKeys (ConfUtils.java:logGet(43)) - raft.server.sleep.deviation.threshold = 300 (default)
2019-07-30 19:00:31,000 INFO  server.RaftServerConfigKeys (ConfUtils.java:logGet(43)) - raft.server.log.appender.install.snapshot.enabled = false (custom)
2019-07-30 19:00:31,000 INFO  impl.RaftServerImpl (RaftServerImpl.java:<init>(93)) - 150de6d3-14ad-4307-adb9-db90f65f5841: new RaftServerImpl for group-B287FE940F30:[150de6d3-14ad-4307-adb9-db90f65f5841:192.168.5.147:46490, 8a2aa23d-f99d-42d0-8b9e-8177cc389221:192.168.5.147:41487, 411958a3-ab64-4380-bf36-dfe9236fe105:192.168.5.147:39259] with ContainerStateMachine:uninitialized
2019-07-30 19:00:31,000 INFO  impl.RaftServerImpl (ServerState.java:<init>(105)) - 411958a3-ab64-4380-bf36-dfe9236fe105:group-B287FE940F30 ConfigurationManager, init=-1: [150de6d3-14ad-4307-adb9-db90f65f5841:192.168.5.147:46490, 8a2aa23d-f99d-42d0-8b9e-8177cc389221:192.168.5.147:41487, 411958a3-ab64-4380-bf36-dfe9236fe105:192.168.5.147:39259], old=null, confs=<EMPTY_MAP>
2019-07-30 19:00:31,000 INFO  server.RaftServerConfigKeys (ConfUtils.java:logGet(43)) - raft.server.rpc.timeout.min = 5s (custom)
2019-07-30 19:00:31,000 INFO  server.RaftServerConfigKeys (ConfUtils.java:logGet(43)) - raft.server.storage.dir = [/workdir/hadoop-ozone/integration-test/target/test-dir/MiniOzoneClusterImpl-cde36970-375a-443a-bf44-429d63a9d0f0/datanode-6/data/ratis] (custom)
2019-07-30 19:00:31,000 INFO  server.RaftServerConfigKeys (ConfUtils.java:logGet(43)) - raft.server.rpc.timeout.max = 5200ms (custom)
2019-07-30 19:00:31,001 INFO  server.RaftServerConfigKeys (ConfUtils.java:logGet(43)) - raft.server.rpcslowness.timeout = 120s (custom)
2019-07-30 19:00:31,001 INFO  server.RaftServerConfigKeys (ConfUtils.java:logGet(43)) - raft.server.sleep.deviation.threshold = 300 (default)
2019-07-30 19:00:31,001 INFO  storage.RaftStorageDirectory (RaftStorageDirectory.java:analyzeStorage(246)) - The storage directory /workdir/hadoop-ozone/integration-test/target/test-dir/MiniOzoneClusterImpl-cde36970-375a-443a-bf44-429d63a9d0f0/datanode-6/data/ratis/8debd10f-040f-4a7a-85ee-b287fe940f30 does not exist. Creating ...
2019-07-30 19:00:31,001 INFO  server.RaftServerConfigKeys (ConfUtils.java:logGet(43)) - raft.server.log.appender.install.snapshot.enabled = false (custom)
2019-07-30 19:00:31,001 INFO  impl.RaftServerImpl (ServerState.java:<init>(105)) - 150de6d3-14ad-4307-adb9-db90f65f5841:group-B287FE940F30 ConfigurationManager, init=-1: [150de6d3-14ad-4307-adb9-db90f65f5841:192.168.5.147:46490, 8a2aa23d-f99d-42d0-8b9e-8177cc389221:192.168.5.147:41487, 411958a3-ab64-4380-bf36-dfe9236fe105:192.168.5.147:39259], old=null, confs=<EMPTY_MAP>
2019-07-30 19:00:31,002 INFO  server.RaftServerConfigKeys (ConfUtils.java:logGet(43)) - raft.server.storage.dir = [/workdir/hadoop-ozone/integration-test/target/test-dir/MiniOzoneClusterImpl-cde36970-375a-443a-bf44-429d63a9d0f0/datanode-1/data/ratis] (custom)
2019-07-30 19:00:31,002 INFO  storage.RaftStorageDirectory (RaftStorageDirectory.java:analyzeStorage(246)) - The storage directory /workdir/hadoop-ozone/integration-test/target/test-dir/MiniOzoneClusterImpl-cde36970-375a-443a-bf44-429d63a9d0f0/datanode-1/data/ratis/8debd10f-040f-4a7a-85ee-b287fe940f30 does not exist. Creating ...
2019-07-30 19:00:31,012 INFO  storage.RaftStorageDirectory (RaftStorageDirectory.java:tryLock(328)) - Lock on /workdir/hadoop-ozone/integration-test/target/test-dir/MiniOzoneClusterImpl-cde36970-375a-443a-bf44-429d63a9d0f0/datanode-4/data/ratis/8debd10f-040f-4a7a-85ee-b287fe940f30/in_use.lock acquired by nodename 575@byscane-nightly-d7s94-1643579034
2019-07-30 19:00:31,012 INFO  storage.RaftStorageDirectory (RaftStorageDirectory.java:tryLock(328)) - Lock on /workdir/hadoop-ozone/integration-test/target/test-dir/MiniOzoneClusterImpl-cde36970-375a-443a-bf44-429d63a9d0f0/datanode-6/data/ratis/8debd10f-040f-4a7a-85ee-b287fe940f30/in_use.lock acquired by nodename 575@byscane-nightly-d7s94-1643579034
2019-07-30 19:00:31,012 INFO  storage.RaftStorageDirectory (RaftStorageDirectory.java:tryLock(328)) - Lock on /workdir/hadoop-ozone/integration-test/target/test-dir/MiniOzoneClusterImpl-cde36970-375a-443a-bf44-429d63a9d0f0/datanode-1/data/ratis/8debd10f-040f-4a7a-85ee-b287fe940f30/in_use.lock acquired by nodename 575@byscane-nightly-d7s94-1643579034
2019-07-30 19:00:31,018 INFO  storage.RaftStorage (RaftStorage.java:format(72)) - Storage directory /workdir/hadoop-ozone/integration-test/target/test-dir/MiniOzoneClusterImpl-cde36970-375a-443a-bf44-429d63a9d0f0/datanode-1/data/ratis/8debd10f-040f-4a7a-85ee-b287fe940f30 has been successfully formatted.
2019-07-30 19:00:31,019 INFO  storage.RaftStorage (RaftStorage.java:format(72)) - Storage directory /workdir/hadoop-ozone/integration-test/target/test-dir/MiniOzoneClusterImpl-cde36970-375a-443a-bf44-429d63a9d0f0/datanode-4/data/ratis/8debd10f-040f-4a7a-85ee-b287fe940f30 has been successfully formatted.
2019-07-30 19:00:31,019 INFO  storage.RaftStorage (RaftStorage.java:format(72)) - Storage directory /workdir/hadoop-ozone/integration-test/target/test-dir/MiniOzoneClusterImpl-cde36970-375a-443a-bf44-429d63a9d0f0/datanode-6/data/ratis/8debd10f-040f-4a7a-85ee-b287fe940f30 has been successfully formatted.
2019-07-30 19:00:31,019 INFO  ratis.ContainerStateMachine (ContainerStateMachine.java:loadSnapshot(213)) - group-B287FE940F30: The snapshot info is null. Setting the last applied indexto:(t:0, i:~)
2019-07-30 19:00:31,019 INFO  ratis.ContainerStateMachine (ContainerStateMachine.java:loadSnapshot(213)) - group-B287FE940F30: The snapshot info is null. Setting the last applied indexto:(t:0, i:~)
2019-07-30 19:00:31,019 INFO  server.RaftServerConfigKeys (ConfUtils.java:logGet(43)) - raft.server.leader.election.timeout = 120s (custom)
2019-07-30 19:00:31,019 INFO  ratis.ContainerStateMachine (ContainerStateMachine.java:loadSnapshot(213)) - group-B287FE940F30: The snapshot info is null. Setting the last applied indexto:(t:0, i:~)
2019-07-30 19:00:31,019 INFO  server.RaftServerConfigKeys (ConfUtils.java:logGet(43)) - raft.server.log.use.memory = false (default)
2019-07-30 19:00:31,019 INFO  server.RaftServerConfigKeys (ConfUtils.java:logGet(43)) - raft.server.leader.election.timeout = 120s (custom)
2019-07-30 19:00:31,020 INFO  server.RaftServerConfigKeys (ConfUtils.java:logGet(43)) - raft.server.log.purge.gap = 1000000000 (custom)
2019-07-30 19:00:31,020 INFO  server.RaftServerConfigKeys (ConfUtils.java:logGet(43)) - raft.server.leader.election.timeout = 120s (custom)
2019-07-30 19:00:31,020 INFO  server.RaftServerConfigKeys (ConfUtils.java:logGet(43)) - raft.server.log.appender.buffer.byte-limit = 33554432 (custom)
2019-07-30 19:00:31,020 INFO  server.RaftServerConfigKeys (ConfUtils.java:logGet(43)) - raft.server.log.use.memory = false (default)
2019-07-30 19:00:31,020 INFO  server.RaftServerConfigKeys (ConfUtils.java:logGet(43)) - raft.server.log.segment.size.max = 1048576 (custom)
2019-07-30 19:00:31,020 INFO  server.RaftServerConfigKeys (ConfUtils.java:logGet(43)) - raft.server.log.use.memory = false (default)
2019-07-30 19:00:31,021 INFO  server.RaftServerConfigKeys (ConfUtils.java:logGet(43)) - raft.server.log.segment.cache.num.max = 2 (custom)
2019-07-30 19:00:31,020 INFO  server.RaftServerConfigKeys (ConfUtils.java:logGet(43)) - raft.server.log.purge.gap = 1000000000 (custom)
2019-07-30 19:00:31,021 INFO  segmented.SegmentedRaftLogWorker (SegmentedRaftLogWorker.java:<init>(172)) - new 150de6d3-14ad-4307-adb9-db90f65f5841-SegmentedRaftLogWorker:Storage Directory /workdir/hadoop-ozone/integration-test/target/test-dir/MiniOzoneClusterImpl-cde36970-375a-443a-bf44-429d63a9d0f0/datanode-1/data/ratis/8debd10f-040f-4a7a-85ee-b287fe940f30 for RaftStorage:Storage Directory /workdir/hadoop-ozone/integration-test/target/test-dir/MiniOzoneClusterImpl-cde36970-375a-443a-bf44-429d63a9d0f0/datanode-1/data/ratis/8debd10f-040f-4a7a-85ee-b287fe940f30
2019-07-30 19:00:31,021 INFO  server.RaftServerConfigKeys (ConfUtils.java:logGet(43)) - raft.server.log.purge.gap = 1000000000 (custom)
2019-07-30 19:00:31,021 INFO  server.RaftServerConfigKeys (ConfUtils.java:logGet(43)) - raft.server.log.queue.byte-limit = 2147483647 (custom)
2019-07-30 19:00:31,021 INFO  server.RaftServerConfigKeys (ConfUtils.java:logGet(43)) - raft.server.log.appender.buffer.byte-limit = 33554432 (custom)
2019-07-30 19:00:31,023 INFO  server.RaftServerConfigKeys (ConfUtils.java:logGet(43)) - raft.server.log.queue.element-limit = 1024 (custom)
2019-07-30 19:00:31,023 INFO  server.RaftServerConfigKeys (ConfUtils.java:logGet(43)) - raft.server.log.appender.buffer.byte-limit = 33554432 (custom)
2019-07-30 19:00:31,023 INFO  server.RaftServerConfigKeys (ConfUtils.java:logGet(43)) - raft.server.log.segment.size.max = 1048576 (custom)
2019-07-30 19:00:31,023 INFO  server.RaftServerConfigKeys (ConfUtils.java:logGet(43)) - raft.server.log.segment.size.max = 1048576 (custom)
2019-07-30 19:00:31,023 INFO  server.RaftServerConfigKeys (ConfUtils.java:logGet(43)) - raft.server.log.preallocated.size = 16384 (custom)
2019-07-30 19:00:31,023 INFO  server.RaftServerConfigKeys (ConfUtils.java:logGet(43)) - raft.server.log.segment.size.max = 1048576 (custom)
2019-07-30 19:00:31,024 INFO  server.RaftServerConfigKeys (ConfUtils.java:logGet(43)) - raft.server.log.write.buffer.size = 33554432 (custom)
2019-07-30 19:00:31,024 INFO  server.RaftServerConfigKeys (ConfUtils.java:logGet(43)) - raft.server.log.segment.cache.num.max = 2 (custom)
2019-07-30 19:00:31,024 INFO  server.RaftServerConfigKeys (ConfUtils.java:logGet(43)) - raft.server.log.force.sync.num = 128 (default)
2019-07-30 19:00:31,024 INFO  server.RaftServerConfigKeys (ConfUtils.java:logGet(43)) - raft.server.log.segment.cache.num.max = 2 (custom)
2019-07-30 19:00:31,024 INFO  server.RaftServerConfigKeys (ConfUtils.java:logGet(43)) - raft.server.log.statemachine.data.sync = true (default)
2019-07-30 19:00:31,024 INFO  segmented.SegmentedRaftLogWorker (SegmentedRaftLogWorker.java:<init>(172)) - new 8a2aa23d-f99d-42d0-8b9e-8177cc389221-SegmentedRaftLogWorker:Storage Directory /workdir/hadoop-ozone/integration-test/target/test-dir/MiniOzoneClusterImpl-cde36970-375a-443a-bf44-429d63a9d0f0/datanode-4/data/ratis/8debd10f-040f-4a7a-85ee-b287fe940f30 for RaftStorage:Storage Directory /workdir/hadoop-ozone/integration-test/target/test-dir/MiniOzoneClusterImpl-cde36970-375a-443a-bf44-429d63a9d0f0/datanode-4/data/ratis/8debd10f-040f-4a7a-85ee-b287fe940f30
2019-07-30 19:00:31,025 INFO  server.RaftServerConfigKeys (ConfUtils.java:logGet(43)) - raft.server.log.statemachine.data.sync.timeout = 10s (default)
2019-07-30 19:00:31,024 INFO  segmented.SegmentedRaftLogWorker (SegmentedRaftLogWorker.java:<init>(172)) - new 411958a3-ab64-4380-bf36-dfe9236fe105-SegmentedRaftLogWorker:Storage Directory /workdir/hadoop-ozone/integration-test/target/test-dir/MiniOzoneClusterImpl-cde36970-375a-443a-bf44-429d63a9d0f0/datanode-6/data/ratis/8debd10f-040f-4a7a-85ee-b287fe940f30 for RaftStorage:Storage Directory /workdir/hadoop-ozone/integration-test/target/test-dir/MiniOzoneClusterImpl-cde36970-375a-443a-bf44-429d63a9d0f0/datanode-6/data/ratis/8debd10f-040f-4a7a-85ee-b287fe940f30
2019-07-30 19:00:31,026 INFO  server.RaftServerConfigKeys (ConfUtils.java:logGet(43)) - raft.server.log.statemachine.data.sync.timeout.retry = -1 (default)
2019-07-30 19:00:31,025 INFO  server.RaftServerConfigKeys (ConfUtils.java:logGet(43)) - raft.server.log.queue.byte-limit = 2147483647 (custom)
2019-07-30 19:00:31,028 INFO  server.RaftServerConfigKeys (ConfUtils.java:logGet(43)) - raft.server.log.statemachine.data.caching.enabled = true (custom)
2019-07-30 19:00:31,026 INFO  server.RaftServerConfigKeys (ConfUtils.java:logGet(43)) - raft.server.log.queue.byte-limit = 2147483647 (custom)
2019-07-30 19:00:31,028 INFO  segmented.SegmentedRaftLogWorker (SegmentedRaftLogWorker.java:lambda$new$0(132)) - 150de6d3-14ad-4307-adb9-db90f65f5841-SegmentedRaftLogWorker:Storage Directory /workdir/hadoop-ozone/integration-test/target/test-dir/MiniOzoneClusterImpl-cde36970-375a-443a-bf44-429d63a9d0f0/datanode-1/data/ratis/8debd10f-040f-4a7a-85ee-b287fe940f30: flushIndex: setUnconditionally 0 -> -1
2019-07-30 19:00:31,028 INFO  server.RaftServerConfigKeys (ConfUtils.java:logGet(43)) - raft.server.log.queue.element-limit = 1024 (custom)
2019-07-30 19:00:31,029 INFO  server.RaftServerConfigKeys (ConfUtils.java:logGet(43)) - raft.server.snapshot.auto.trigger.enabled = true (custom)
2019-07-30 19:00:31,028 INFO  server.RaftServerConfigKeys (ConfUtils.java:logGet(43)) - raft.server.log.queue.element-limit = 1024 (custom)
2019-07-30 19:00:31,029 INFO  server.RaftServerConfigKeys (ConfUtils.java:logGet(43)) - raft.server.snapshot.auto.trigger.threshold = 10000 (custom)
2019-07-30 19:00:31,029 INFO  server.RaftServerConfigKeys (ConfUtils.java:logGet(43)) - raft.server.log.segment.size.max = 1048576 (custom)
2019-07-30 19:00:31,029 INFO  server.RaftServerConfigKeys (ConfUtils.java:logGet(43)) - raft.server.retrycache.expirytime = 600000ms (custom)
2019-07-30 19:00:31,029 INFO  server.RaftServerConfigKeys (ConfUtils.java:logGet(43)) - raft.server.log.segment.size.max = 1048576 (custom)
2019-07-30 19:00:31,029 INFO  impl.RaftServerImpl (RaftServerImpl.java:start(180)) - 150de6d3-14ad-4307-adb9-db90f65f5841: start group-B287FE940F30
2019-07-30 19:00:31,030 INFO  server.RaftServerConfigKeys (ConfUtils.java:logGet(43)) - raft.server.log.preallocated.size = 16384 (custom)
2019-07-30 19:00:31,029 INFO  server.RaftServerConfigKeys (ConfUtils.java:logGet(43)) - raft.server.log.preallocated.size = 16384 (custom)
2019-07-30 19:00:31,030 INFO  server.RaftServerConfigKeys (ConfUtils.java:logGet(43)) - raft.server.log.write.buffer.size = 33554432 (custom)
2019-07-30 19:00:31,030 INFO  impl.RaftServerImpl (RaftServerImpl.java:setRole(171)) - 150de6d3-14ad-4307-adb9-db90f65f5841:group-B287FE940F30 changes role from null to FOLLOWER at term 0 for startAsFollower
2019-07-30 19:00:31,030 INFO  server.RaftServerConfigKeys (ConfUtils.java:logGet(43)) - raft.server.log.force.sync.num = 128 (default)
2019-07-30 19:00:31,030 INFO  server.RaftServerConfigKeys (ConfUtils.java:logGet(43)) - raft.server.log.write.buffer.size = 33554432 (custom)
2019-07-30 19:00:31,030 INFO  server.RaftServerConfigKeys (ConfUtils.java:logGet(43)) - raft.server.log.statemachine.data.sync = true (default)
2019-07-30 19:00:31,030 INFO  impl.RoleInfo (RoleInfo.java:updateAndGet(143)) - 150de6d3-14ad-4307-adb9-db90f65f5841: start FollowerState
2019-07-30 19:00:31,031 INFO  server.RaftServerConfigKeys (ConfUtils.java:logGet(43)) - raft.server.log.statemachine.data.sync.timeout = 10s (default)
2019-07-30 19:00:31,031 INFO  server.RaftServerConfigKeys (ConfUtils.java:logGet(43)) - raft.server.log.force.sync.num = 128 (default)
2019-07-30 19:00:31,031 INFO  util.JmxRegister (JmxRegister.java:tryRegister(44)) - Successfully registered JMX Bean with object name Ratis:service=RaftServer,group=group-B287FE940F30,id=150de6d3-14ad-4307-adb9-db90f65f5841
2019-07-30 19:00:31,031 INFO  server.RaftServerConfigKeys (ConfUtils.java:logGet(43)) - raft.server.log.statemachine.data.sync.timeout.retry = -1 (default)
2019-07-30 19:00:31,031 INFO  server.RaftServerConfigKeys (ConfUtils.java:logGet(43)) - raft.server.log.statemachine.data.sync = true (default)
2019-07-30 19:00:31,032 INFO  server.RaftServerConfigKeys (ConfUtils.java:logGet(43)) - raft.server.log.statemachine.data.caching.enabled = true (custom)
2019-07-30 19:00:31,032 INFO  server.RaftServerConfigKeys (ConfUtils.java:logGet(43)) - raft.server.log.statemachine.data.sync.timeout = 10s (default)
2019-07-30 19:00:31,032 INFO  server.RaftServerConfigKeys (ConfUtils.java:logGet(43)) - raft.server.log.statemachine.data.sync.timeout.retry = -1 (default)
2019-07-30 19:00:31,032 INFO  segmented.SegmentedRaftLogWorker (SegmentedRaftLogWorker.java:lambda$new$0(132)) - 411958a3-ab64-4380-bf36-dfe9236fe105-SegmentedRaftLogWorker:Storage Directory /workdir/hadoop-ozone/integration-test/target/test-dir/MiniOzoneClusterImpl-cde36970-375a-443a-bf44-429d63a9d0f0/datanode-6/data/ratis/8debd10f-040f-4a7a-85ee-b287fe940f30: flushIndex: setUnconditionally 0 -> -1
2019-07-30 19:00:31,033 INFO  server.RaftServerConfigKeys (ConfUtils.java:logGet(43)) - raft.server.log.statemachine.data.caching.enabled = true (custom)
2019-07-30 19:00:31,033 INFO  server.RaftServerConfigKeys (ConfUtils.java:logGet(43)) - raft.server.snapshot.auto.trigger.enabled = true (custom)
2019-07-30 19:00:31,033 INFO  segmented.SegmentedRaftLogWorker (SegmentedRaftLogWorker.java:lambda$new$0(132)) - 8a2aa23d-f99d-42d0-8b9e-8177cc389221-SegmentedRaftLogWorker:Storage Directory /workdir/hadoop-ozone/integration-test/target/test-dir/MiniOzoneClusterImpl-cde36970-375a-443a-bf44-429d63a9d0f0/datanode-4/data/ratis/8debd10f-040f-4a7a-85ee-b287fe940f30: flushIndex: setUnconditionally 0 -> -1
2019-07-30 19:00:31,033 INFO  server.RaftServerConfigKeys (ConfUtils.java:logGet(43)) - raft.server.snapshot.auto.trigger.threshold = 10000 (custom)
2019-07-30 19:00:31,035 INFO  server.RaftServerConfigKeys (ConfUtils.java:logGet(43)) - raft.server.snapshot.auto.trigger.enabled = true (custom)
2019-07-30 19:00:31,035 INFO  server.RaftServerConfigKeys (ConfUtils.java:logGet(43)) - raft.server.retrycache.expirytime = 600000ms (custom)
2019-07-30 19:00:31,035 INFO  server.RaftServerConfigKeys (ConfUtils.java:logGet(43)) - raft.server.snapshot.auto.trigger.threshold = 10000 (custom)
2019-07-30 19:00:31,037 INFO  impl.RaftServerImpl (RaftServerImpl.java:start(180)) - 411958a3-ab64-4380-bf36-dfe9236fe105: start group-B287FE940F30
2019-07-30 19:00:31,038 INFO  impl.RaftServerImpl (RaftServerImpl.java:setRole(171)) - 411958a3-ab64-4380-bf36-dfe9236fe105:group-B287FE940F30 changes role from null to FOLLOWER at term 0 for startAsFollower
2019-07-30 19:00:31,038 INFO  server.RaftServerConfigKeys (ConfUtils.java:logGet(43)) - raft.server.retrycache.expirytime = 600000ms (custom)
2019-07-30 19:00:31,039 INFO  impl.RoleInfo (RoleInfo.java:updateAndGet(143)) - 411958a3-ab64-4380-bf36-dfe9236fe105: start FollowerState
2019-07-30 19:00:31,041 INFO  impl.RaftServerImpl (RaftServerImpl.java:start(180)) - 8a2aa23d-f99d-42d0-8b9e-8177cc389221: start group-B287FE940F30
2019-07-30 19:00:31,041 INFO  impl.RaftServerImpl (RaftServerImpl.java:setRole(171)) - 8a2aa23d-f99d-42d0-8b9e-8177cc389221:group-B287FE940F30 changes role from null to FOLLOWER at term 0 for startAsFollower
2019-07-30 19:00:31,041 INFO  util.JmxRegister (JmxRegister.java:tryRegister(44)) - Successfully registered JMX Bean with object name Ratis:service=RaftServer,group=group-B287FE940F30,id=411958a3-ab64-4380-bf36-dfe9236fe105
2019-07-30 19:00:31,042 INFO  impl.RoleInfo (RoleInfo.java:updateAndGet(143)) - 8a2aa23d-f99d-42d0-8b9e-8177cc389221: start FollowerState
2019-07-30 19:00:31,042 INFO  util.JmxRegister (JmxRegister.java:tryRegister(44)) - Successfully registered JMX Bean with object name Ratis:service=RaftServer,group=group-B287FE940F30,id=8a2aa23d-f99d-42d0-8b9e-8177cc389221
2019-07-30 19:00:31,060 INFO  pipeline.PipelineStateManager (PipelineStateManager.java:addPipeline(56)) - Created pipeline Pipeline[ Id: 8debd10f-040f-4a7a-85ee-b287fe940f30, Nodes: 150de6d3-14ad-4307-adb9-db90f65f5841{ip: 192.168.5.147, host: byscane-nightly-d7s94-1643579034, networkLocation: /default-rack, certSerialId: null}8a2aa23d-f99d-42d0-8b9e-8177cc389221{ip: 192.168.5.147, host: byscane-nightly-d7s94-1643579034, networkLocation: /default-rack, certSerialId: null}411958a3-ab64-4380-bf36-dfe9236fe105{ip: 192.168.5.147, host: byscane-nightly-d7s94-1643579034, networkLocation: /default-rack, certSerialId: null}, Type:RATIS, Factor:THREE, State:OPEN]
2019-07-30 19:00:31,098 INFO  impl.RaftServerProxy (RaftServerProxy.java:addNew(89)) - 17897573-112e-4610-9ad8-55c3ed9a9698: addNew group-2BA9F1B26B3E:[a12d8726-0518-4346-9bf2-61984692d4d0:192.168.5.147:44269, 6e54eef3-6492-4f15-a243-31255825725e:192.168.5.147:44710, 17897573-112e-4610-9ad8-55c3ed9a9698:192.168.5.147:36911] returns group-2BA9F1B26B3E:java.util.concurrent.CompletableFuture@45401265[Not completed]
2019-07-30 19:00:31,098 INFO  impl.RaftServerProxy (RaftServerProxy.java:addNew(89)) - a12d8726-0518-4346-9bf2-61984692d4d0: addNew group-2BA9F1B26B3E:[a12d8726-0518-4346-9bf2-61984692d4d0:192.168.5.147:44269, 6e54eef3-6492-4f15-a243-31255825725e:192.168.5.147:44710, 17897573-112e-4610-9ad8-55c3ed9a9698:192.168.5.147:36911] returns group-2BA9F1B26B3E:java.util.concurrent.CompletableFuture@56dbad3e[Not completed]
2019-07-30 19:00:31,100 INFO  impl.RaftServerProxy (RaftServerProxy.java:addNew(89)) - 6e54eef3-6492-4f15-a243-31255825725e: addNew group-2BA9F1B26B3E:[a12d8726-0518-4346-9bf2-61984692d4d0:192.168.5.147:44269, 6e54eef3-6492-4f15-a243-31255825725e:192.168.5.147:44710, 17897573-112e-4610-9ad8-55c3ed9a9698:192.168.5.147:36911] returns group-2BA9F1B26B3E:java.util.concurrent.CompletableFuture@497b5ed6[Not completed]
2019-07-30 19:00:31,102 INFO  impl.RaftServerImpl (RaftServerImpl.java:<init>(93)) - 17897573-112e-4610-9ad8-55c3ed9a9698: new RaftServerImpl for group-2BA9F1B26B3E:[a12d8726-0518-4346-9bf2-61984692d4d0:192.168.5.147:44269, 6e54eef3-6492-4f15-a243-31255825725e:192.168.5.147:44710, 17897573-112e-4610-9ad8-55c3ed9a9698:192.168.5.147:36911] with ContainerStateMachine:uninitialized
2019-07-30 19:00:31,102 INFO  server.RaftServerConfigKeys (ConfUtils.java:logGet(43)) - raft.server.rpc.timeout.min = 5s (custom)
2019-07-30 19:00:31,102 INFO  server.RaftServerConfigKeys (ConfUtils.java:logGet(43)) - raft.server.rpc.timeout.max = 5200ms (custom)
2019-07-30 19:00:31,102 INFO  server.RaftServerConfigKeys (ConfUtils.java:logGet(43)) - raft.server.rpcslowness.timeout = 120s (custom)
2019-07-30 19:00:31,102 INFO  server.RaftServerConfigKeys (ConfUtils.java:logGet(43)) - raft.server.sleep.deviation.threshold = 300 (default)
2019-07-30 19:00:31,102 INFO  server.RaftServerConfigKeys (ConfUtils.java:logGet(43)) - raft.server.log.appender.install.snapshot.enabled = false (custom)
2019-07-30 19:00:31,103 INFO  impl.RaftServerImpl (RaftServerImpl.java:<init>(93)) - 6e54eef3-6492-4f15-a243-31255825725e: new RaftServerImpl for group-2BA9F1B26B3E:[a12d8726-0518-4346-9bf2-61984692d4d0:192.168.5.147:44269, 6e54eef3-6492-4f15-a243-31255825725e:192.168.5.147:44710, 17897573-112e-4610-9ad8-55c3ed9a9698:192.168.5.147:36911] with ContainerStateMachine:uninitialized
2019-07-30 19:00:31,103 INFO  impl.RaftServerImpl (ServerState.java:<init>(105)) - 17897573-112e-4610-9ad8-55c3ed9a9698:group-2BA9F1B26B3E ConfigurationManager, init=-1: [a12d8726-0518-4346-9bf2-61984692d4d0:192.168.5.147:44269, 6e54eef3-6492-4f15-a243-31255825725e:192.168.5.147:44710, 17897573-112e-4610-9ad8-55c3ed9a9698:192.168.5.147:36911], old=null, confs=<EMPTY_MAP>
2019-07-30 19:00:31,103 INFO  server.RaftServerConfigKeys (ConfUtils.java:logGet(43)) - raft.server.rpc.timeout.min = 5s (custom)
2019-07-30 19:00:31,103 INFO  server.RaftServerConfigKeys (ConfUtils.java:logGet(43)) - raft.server.storage.dir = [/workdir/hadoop-ozone/integration-test/target/test-dir/MiniOzoneClusterImpl-cde36970-375a-443a-bf44-429d63a9d0f0/datanode-2/data/ratis] (custom)
2019-07-30 19:00:31,103 INFO  server.RaftServerConfigKeys (ConfUtils.java:logGet(43)) - raft.server.rpc.timeout.max = 5200ms (custom)
2019-07-30 19:00:31,103 INFO  server.RaftServerConfigKeys (ConfUtils.java:logGet(43)) - raft.server.rpcslowness.timeout = 120s (custom)
2019-07-30 19:00:31,103 INFO  storage.RaftStorageDirectory (RaftStorageDirectory.java:analyzeStorage(246)) - The storage directory /workdir/hadoop-ozone/integration-test/target/test-dir/MiniOzoneClusterImpl-cde36970-375a-443a-bf44-429d63a9d0f0/datanode-2/data/ratis/0fe0d6aa-7afd-40ad-bd9c-2ba9f1b26b3e does not exist. Creating ...
2019-07-30 19:00:31,103 INFO  server.RaftServerConfigKeys (ConfUtils.java:logGet(43)) - raft.server.sleep.deviation.threshold = 300 (default)
2019-07-30 19:00:31,104 INFO  impl.RaftServerImpl (RaftServerImpl.java:<init>(93)) - a12d8726-0518-4346-9bf2-61984692d4d0: new RaftServerImpl for group-2BA9F1B26B3E:[a12d8726-0518-4346-9bf2-61984692d4d0:192.168.5.147:44269, 6e54eef3-6492-4f15-a243-31255825725e:192.168.5.147:44710, 17897573-112e-4610-9ad8-55c3ed9a9698:192.168.5.147:36911] with ContainerStateMachine:uninitialized
2019-07-30 19:00:31,104 INFO  server.RaftServerConfigKeys (ConfUtils.java:logGet(43)) - raft.server.log.appender.install.snapshot.enabled = false (custom)
2019-07-30 19:00:31,104 INFO  server.RaftServerConfigKeys (ConfUtils.java:logGet(43)) - raft.server.rpc.timeout.min = 5s (custom)
2019-07-30 19:00:31,104 INFO  impl.RaftServerImpl (ServerState.java:<init>(105)) - 6e54eef3-6492-4f15-a243-31255825725e:group-2BA9F1B26B3E ConfigurationManager, init=-1: [a12d8726-0518-4346-9bf2-61984692d4d0:192.168.5.147:44269, 6e54eef3-6492-4f15-a243-31255825725e:192.168.5.147:44710, 17897573-112e-4610-9ad8-55c3ed9a9698:192.168.5.147:36911], old=null, confs=<EMPTY_MAP>
2019-07-30 19:00:31,104 INFO  server.RaftServerConfigKeys (ConfUtils.java:logGet(43)) - raft.server.rpc.timeout.max = 5200ms (custom)
2019-07-30 19:00:31,104 INFO  server.RaftServerConfigKeys (ConfUtils.java:logGet(43)) - raft.server.storage.dir = [/workdir/hadoop-ozone/integration-test/target/test-dir/MiniOzoneClusterImpl-cde36970-375a-443a-bf44-429d63a9d0f0/datanode-5/data/ratis] (custom)
2019-07-30 19:00:31,105 INFO  server.RaftServerConfigKeys (ConfUtils.java:logGet(43)) - raft.server.rpcslowness.timeout = 120s (custom)
2019-07-30 19:00:31,105 INFO  server.RaftServerConfigKeys (ConfUtils.java:logGet(43)) - raft.server.sleep.deviation.threshold = 300 (default)
2019-07-30 19:00:31,105 INFO  storage.RaftStorageDirectory (RaftStorageDirectory.java:analyzeStorage(246)) - The storage directory /workdir/hadoop-ozone/integration-test/target/test-dir/MiniOzoneClusterImpl-cde36970-375a-443a-bf44-429d63a9d0f0/datanode-5/data/ratis/0fe0d6aa-7afd-40ad-bd9c-2ba9f1b26b3e does not exist. Creating ...
2019-07-30 19:00:31,105 INFO  server.RaftServerConfigKeys (ConfUtils.java:logGet(43)) - raft.server.log.appender.install.snapshot.enabled = false (custom)
2019-07-30 19:00:31,105 INFO  impl.RaftServerImpl (ServerState.java:<init>(105)) - a12d8726-0518-4346-9bf2-61984692d4d0:group-2BA9F1B26B3E ConfigurationManager, init=-1: [a12d8726-0518-4346-9bf2-61984692d4d0:192.168.5.147:44269, 6e54eef3-6492-4f15-a243-31255825725e:192.168.5.147:44710, 17897573-112e-4610-9ad8-55c3ed9a9698:192.168.5.147:36911], old=null, confs=<EMPTY_MAP>
2019-07-30 19:00:31,106 INFO  server.RaftServerConfigKeys (ConfUtils.java:logGet(43)) - raft.server.storage.dir = [/workdir/hadoop-ozone/integration-test/target/test-dir/MiniOzoneClusterImpl-cde36970-375a-443a-bf44-429d63a9d0f0/datanode-3/data/ratis] (custom)
2019-07-30 19:00:31,106 INFO  storage.RaftStorageDirectory (RaftStorageDirectory.java:analyzeStorage(246)) - The storage directory /workdir/hadoop-ozone/integration-test/target/test-dir/MiniOzoneClusterImpl-cde36970-375a-443a-bf44-429d63a9d0f0/datanode-3/data/ratis/0fe0d6aa-7afd-40ad-bd9c-2ba9f1b26b3e does not exist. Creating ...
2019-07-30 19:00:31,116 INFO  storage.RaftStorageDirectory (RaftStorageDirectory.java:tryLock(328)) - Lock on /workdir/hadoop-ozone/integration-test/target/test-dir/MiniOzoneClusterImpl-cde36970-375a-443a-bf44-429d63a9d0f0/datanode-2/data/ratis/0fe0d6aa-7afd-40ad-bd9c-2ba9f1b26b3e/in_use.lock acquired by nodename 575@byscane-nightly-d7s94-1643579034
2019-07-30 19:00:31,116 INFO  storage.RaftStorageDirectory (RaftStorageDirectory.java:tryLock(328)) - Lock on /workdir/hadoop-ozone/integration-test/target/test-dir/MiniOzoneClusterImpl-cde36970-375a-443a-bf44-429d63a9d0f0/datanode-3/data/ratis/0fe0d6aa-7afd-40ad-bd9c-2ba9f1b26b3e/in_use.lock acquired by nodename 575@byscane-nightly-d7s94-1643579034
2019-07-30 19:00:31,116 INFO  storage.RaftStorageDirectory (RaftStorageDirectory.java:tryLock(328)) - Lock on /workdir/hadoop-ozone/integration-test/target/test-dir/MiniOzoneClusterImpl-cde36970-375a-443a-bf44-429d63a9d0f0/datanode-5/data/ratis/0fe0d6aa-7afd-40ad-bd9c-2ba9f1b26b3e/in_use.lock acquired by nodename 575@byscane-nightly-d7s94-1643579034
2019-07-30 19:00:31,127 INFO  storage.RaftStorage (RaftStorage.java:format(72)) - Storage directory /workdir/hadoop-ozone/integration-test/target/test-dir/MiniOzoneClusterImpl-cde36970-375a-443a-bf44-429d63a9d0f0/datanode-5/data/ratis/0fe0d6aa-7afd-40ad-bd9c-2ba9f1b26b3e has been successfully formatted.
2019-07-30 19:00:31,127 INFO  storage.RaftStorage (RaftStorage.java:format(72)) - Storage directory /workdir/hadoop-ozone/integration-test/target/test-dir/MiniOzoneClusterImpl-cde36970-375a-443a-bf44-429d63a9d0f0/datanode-2/data/ratis/0fe0d6aa-7afd-40ad-bd9c-2ba9f1b26b3e has been successfully formatted.
2019-07-30 19:00:31,127 INFO  storage.RaftStorage (RaftStorage.java:format(72)) - Storage directory /workdir/hadoop-ozone/integration-test/target/test-dir/MiniOzoneClusterImpl-cde36970-375a-443a-bf44-429d63a9d0f0/datanode-3/data/ratis/0fe0d6aa-7afd-40ad-bd9c-2ba9f1b26b3e has been successfully formatted.
2019-07-30 19:00:31,128 INFO  ratis.ContainerStateMachine (ContainerStateMachine.java:loadSnapshot(213)) - group-2BA9F1B26B3E: The snapshot info is null. Setting the last applied indexto:(t:0, i:~)
2019-07-30 19:00:31,128 INFO  ratis.ContainerStateMachine (ContainerStateMachine.java:loadSnapshot(213)) - group-2BA9F1B26B3E: The snapshot info is null. Setting the last applied indexto:(t:0, i:~)
2019-07-30 19:00:31,128 INFO  server.RaftServerConfigKeys (ConfUtils.java:logGet(43)) - raft.server.leader.election.timeout = 120s (custom)
2019-07-30 19:00:31,128 INFO  ratis.ContainerStateMachine (ContainerStateMachine.java:loadSnapshot(213)) - group-2BA9F1B26B3E: The snapshot info is null. Setting the last applied indexto:(t:0, i:~)
2019-07-30 19:00:31,128 INFO  server.RaftServerConfigKeys (ConfUtils.java:logGet(43)) - raft.server.log.use.memory = false (default)
2019-07-30 19:00:31,128 INFO  server.RaftServerConfigKeys (ConfUtils.java:logGet(43)) - raft.server.leader.election.timeout = 120s (custom)
2019-07-30 19:00:31,128 INFO  server.RaftServerConfigKeys (ConfUtils.java:logGet(43)) - raft.server.log.purge.gap = 1000000000 (custom)
2019-07-30 19:00:31,128 INFO  server.RaftServerConfigKeys (ConfUtils.java:logGet(43)) - raft.server.leader.election.timeout = 120s (custom)
2019-07-30 19:00:31,129 INFO  server.RaftServerConfigKeys (ConfUtils.java:logGet(43)) - raft.server.log.appender.buffer.byte-limit = 33554432 (custom)
2019-07-30 19:00:31,128 INFO  server.RaftServerConfigKeys (ConfUtils.java:logGet(43)) - raft.server.log.use.memory = false (default)
2019-07-30 19:00:31,129 INFO  server.RaftServerConfigKeys (ConfUtils.java:logGet(43)) - raft.server.log.segment.size.max = 1048576 (custom)
2019-07-30 19:00:31,129 INFO  server.RaftServerConfigKeys (ConfUtils.java:logGet(43)) - raft.server.log.use.memory = false (default)
2019-07-30 19:00:31,129 INFO  server.RaftServerConfigKeys (ConfUtils.java:logGet(43)) - raft.server.log.segment.cache.num.max = 2 (custom)
2019-07-30 19:00:31,129 INFO  server.RaftServerConfigKeys (ConfUtils.java:logGet(43)) - raft.server.log.purge.gap = 1000000000 (custom)
2019-07-30 19:00:31,129 INFO  server.RaftServerConfigKeys (ConfUtils.java:logGet(43)) - raft.server.log.purge.gap = 1000000000 (custom)
2019-07-30 19:00:31,129 INFO  server.RaftServerConfigKeys (ConfUtils.java:logGet(43)) - raft.server.log.appender.buffer.byte-limit = 33554432 (custom)
2019-07-30 19:00:31,129 INFO  segmented.SegmentedRaftLogWorker (SegmentedRaftLogWorker.java:<init>(172)) - new 6e54eef3-6492-4f15-a243-31255825725e-SegmentedRaftLogWorker:Storage Directory /workdir/hadoop-ozone/integration-test/target/test-dir/MiniOzoneClusterImpl-cde36970-375a-443a-bf44-429d63a9d0f0/datanode-5/data/ratis/0fe0d6aa-7afd-40ad-bd9c-2ba9f1b26b3e for RaftStorage:Storage Directory /workdir/hadoop-ozone/integration-test/target/test-dir/MiniOzoneClusterImpl-cde36970-375a-443a-bf44-429d63a9d0f0/datanode-5/data/ratis/0fe0d6aa-7afd-40ad-bd9c-2ba9f1b26b3e
2019-07-30 19:00:31,130 INFO  server.RaftServerConfigKeys (ConfUtils.java:logGet(43)) - raft.server.log.segment.size.max = 1048576 (custom)
2019-07-30 19:00:31,130 INFO  server.RaftServerConfigKeys (ConfUtils.java:logGet(43)) - raft.server.log.appender.buffer.byte-limit = 33554432 (custom)
2019-07-30 19:00:31,130 INFO  server.RaftServerConfigKeys (ConfUtils.java:logGet(43)) - raft.server.log.segment.cache.num.max = 2 (custom)
2019-07-30 19:00:31,130 INFO  server.RaftServerConfigKeys (ConfUtils.java:logGet(43)) - raft.server.log.queue.byte-limit = 2147483647 (custom)
2019-07-30 19:00:31,132 INFO  segmented.SegmentedRaftLogWorker (SegmentedRaftLogWorker.java:<init>(172)) - new a12d8726-0518-4346-9bf2-61984692d4d0-SegmentedRaftLogWorker:Storage Directory /workdir/hadoop-ozone/integration-test/target/test-dir/MiniOzoneClusterImpl-cde36970-375a-443a-bf44-429d63a9d0f0/datanode-3/data/ratis/0fe0d6aa-7afd-40ad-bd9c-2ba9f1b26b3e for RaftStorage:Storage Directory /workdir/hadoop-ozone/integration-test/target/test-dir/MiniOzoneClusterImpl-cde36970-375a-443a-bf44-429d63a9d0f0/datanode-3/data/ratis/0fe0d6aa-7afd-40ad-bd9c-2ba9f1b26b3e
2019-07-30 19:00:31,132 INFO  server.RaftServerConfigKeys (ConfUtils.java:logGet(43)) - raft.server.log.segment.size.max = 1048576 (custom)
2019-07-30 19:00:31,132 INFO  server.RaftServerConfigKeys (ConfUtils.java:logGet(43)) - raft.server.log.queue.byte-limit = 2147483647 (custom)
2019-07-30 19:00:31,132 INFO  server.RaftServerConfigKeys (ConfUtils.java:logGet(43)) - raft.server.log.queue.element-limit = 1024 (custom)
2019-07-30 19:00:31,134 INFO  server.RaftServerConfigKeys (ConfUtils.java:logGet(43)) - raft.server.log.queue.element-limit = 1024 (custom)
2019-07-30 19:00:31,132 INFO  server.RaftServerConfigKeys (ConfUtils.java:logGet(43)) - raft.server.log.segment.cache.num.max = 2 (custom)
2019-07-30 19:00:31,135 INFO  server.RaftServerConfigKeys (ConfUtils.java:logGet(43)) - raft.server.log.segment.size.max = 1048576 (custom)
2019-07-30 19:00:31,134 INFO  server.RaftServerConfigKeys (ConfUtils.java:logGet(43)) - raft.server.log.segment.size.max = 1048576 (custom)
2019-07-30 19:00:31,135 INFO  server.RaftServerConfigKeys (ConfUtils.java:logGet(43)) - raft.server.log.preallocated.size = 16384 (custom)
2019-07-30 19:00:31,135 INFO  segmented.SegmentedRaftLogWorker (SegmentedRaftLogWorker.java:<init>(172)) - new 17897573-112e-4610-9ad8-55c3ed9a9698-SegmentedRaftLogWorker:Storage Directory /workdir/hadoop-ozone/integration-test/target/test-dir/MiniOzoneClusterImpl-cde36970-375a-443a-bf44-429d63a9d0f0/datanode-2/data/ratis/0fe0d6aa-7afd-40ad-bd9c-2ba9f1b26b3e for RaftStorage:Storage Directory /workdir/hadoop-ozone/integration-test/target/test-dir/MiniOzoneClusterImpl-cde36970-375a-443a-bf44-429d63a9d0f0/datanode-2/data/ratis/0fe0d6aa-7afd-40ad-bd9c-2ba9f1b26b3e
2019-07-30 19:00:31,135 INFO  server.RaftServerConfigKeys (ConfUtils.java:logGet(43)) - raft.server.log.write.buffer.size = 33554432 (custom)
2019-07-30 19:00:31,135 INFO  server.RaftServerConfigKeys (ConfUtils.java:logGet(43)) - raft.server.log.preallocated.size = 16384 (custom)
2019-07-30 19:00:31,136 INFO  server.RaftServerConfigKeys (ConfUtils.java:logGet(43)) - raft.server.log.force.sync.num = 128 (default)
2019-07-30 19:00:31,135 INFO  server.RaftServerConfigKeys (ConfUtils.java:logGet(43)) - raft.server.log.queue.byte-limit = 2147483647 (custom)
2019-07-30 19:00:31,137 INFO  server.RaftServerConfigKeys (ConfUtils.java:logGet(43)) - raft.server.log.statemachine.data.sync = true (default)
2019-07-30 19:00:31,137 INFO  server.RaftServerConfigKeys (ConfUtils.java:logGet(43)) - raft.server.log.write.buffer.size = 33554432 (custom)
2019-07-30 19:00:31,138 INFO  server.RaftServerConfigKeys (ConfUtils.java:logGet(43)) - raft.server.log.statemachine.data.sync.timeout = 10s (default)
2019-07-30 19:00:31,138 INFO  server.RaftServerConfigKeys (ConfUtils.java:logGet(43)) - raft.server.log.queue.element-limit = 1024 (custom)
2019-07-30 19:00:31,138 INFO  server.RaftServerConfigKeys (ConfUtils.java:logGet(43)) - raft.server.log.statemachine.data.sync.timeout.retry = -1 (default)
2019-07-30 19:00:31,138 INFO  server.RaftServerConfigKeys (ConfUtils.java:logGet(43)) - raft.server.log.force.sync.num = 128 (default)
2019-07-30 19:00:31,138 INFO  server.RaftServerConfigKeys (ConfUtils.java:logGet(43)) - raft.server.log.statemachine.data.caching.enabled = true (custom)
2019-07-30 19:00:31,138 INFO  server.RaftServerConfigKeys (ConfUtils.java:logGet(43)) - raft.server.log.segment.size.max = 1048576 (custom)
2019-07-30 19:00:31,138 INFO  server.RaftServerConfigKeys (ConfUtils.java:logGet(43)) - raft.server.log.statemachine.data.sync = true (default)
2019-07-30 19:00:31,139 INFO  segmented.SegmentedRaftLogWorker (SegmentedRaftLogWorker.java:lambda$new$0(132)) - a12d8726-0518-4346-9bf2-61984692d4d0-SegmentedRaftLogWorker:Storage Directory /workdir/hadoop-ozone/integration-test/target/test-dir/MiniOzoneClusterImpl-cde36970-375a-443a-bf44-429d63a9d0f0/datanode-3/data/ratis/0fe0d6aa-7afd-40ad-bd9c-2ba9f1b26b3e: flushIndex: setUnconditionally 0 -> -1
2019-07-30 19:00:31,139 INFO  server.RaftServerConfigKeys (ConfUtils.java:logGet(43)) - raft.server.log.preallocated.size = 16384 (custom)
2019-07-30 19:00:31,139 INFO  server.RaftServerConfigKeys (ConfUtils.java:logGet(43)) - raft.server.log.statemachine.data.sync.timeout = 10s (default)
2019-07-30 19:00:31,139 INFO  server.RaftServerConfigKeys (ConfUtils.java:logGet(43)) - raft.server.snapshot.auto.trigger.enabled = true (custom)
2019-07-30 19:00:31,139 INFO  server.RaftServerConfigKeys (ConfUtils.java:logGet(43)) - raft.server.log.write.buffer.size = 33554432 (custom)
2019-07-30 19:00:31,139 INFO  server.RaftServerConfigKeys (ConfUtils.java:logGet(43)) - raft.server.snapshot.auto.trigger.threshold = 10000 (custom)
2019-07-30 19:00:31,139 INFO  server.RaftServerConfigKeys (ConfUtils.java:logGet(43)) - raft.server.log.statemachine.data.sync.timeout.retry = -1 (default)
2019-07-30 19:00:31,140 INFO  server.RaftServerConfigKeys (ConfUtils.java:logGet(43)) - raft.server.retrycache.expirytime = 600000ms (custom)
2019-07-30 19:00:31,139 INFO  server.RaftServerConfigKeys (ConfUtils.java:logGet(43)) - raft.server.log.force.sync.num = 128 (default)
2019-07-30 19:00:31,140 INFO  impl.RaftServerImpl (RaftServerImpl.java:start(180)) - a12d8726-0518-4346-9bf2-61984692d4d0: start group-2BA9F1B26B3E
2019-07-30 19:00:31,140 INFO  server.RaftServerConfigKeys (ConfUtils.java:logGet(43)) - raft.server.log.statemachine.data.caching.enabled = true (custom)
2019-07-30 19:00:31,140 INFO  impl.RaftServerImpl (RaftServerImpl.java:setRole(171)) - a12d8726-0518-4346-9bf2-61984692d4d0:group-2BA9F1B26B3E changes role from null to FOLLOWER at term 0 for startAsFollower
2019-07-30 19:00:31,140 INFO  server.RaftServerConfigKeys (ConfUtils.java:logGet(43)) - raft.server.log.statemachine.data.sync = true (default)
2019-07-30 19:00:31,140 INFO  impl.RoleInfo (RoleInfo.java:updateAndGet(143)) - a12d8726-0518-4346-9bf2-61984692d4d0: start FollowerState
2019-07-30 19:00:31,140 INFO  segmented.SegmentedRaftLogWorker (SegmentedRaftLogWorker.java:lambda$new$0(132)) - 6e54eef3-6492-4f15-a243-31255825725e-SegmentedRaftLogWorker:Storage Directory /workdir/hadoop-ozone/integration-test/target/test-dir/MiniOzoneClusterImpl-cde36970-375a-443a-bf44-429d63a9d0f0/datanode-5/data/ratis/0fe0d6aa-7afd-40ad-bd9c-2ba9f1b26b3e: flushIndex: setUnconditionally 0 -> -1
2019-07-30 19:00:31,141 INFO  server.RaftServerConfigKeys (ConfUtils.java:logGet(43)) - raft.server.log.statemachine.data.sync.timeout = 10s (default)
2019-07-30 19:00:31,141 INFO  server.RaftServerConfigKeys (ConfUtils.java:logGet(43)) - raft.server.log.statemachine.data.sync.timeout.retry = -1 (default)
2019-07-30 19:00:31,141 INFO  server.RaftServerConfigKeys (ConfUtils.java:logGet(43)) - raft.server.snapshot.auto.trigger.enabled = true (custom)
2019-07-30 19:00:31,141 INFO  util.JmxRegister (JmxRegister.java:tryRegister(44)) - Successfully registered JMX Bean with object name Ratis:service=RaftServer,group=group-2BA9F1B26B3E,id=a12d8726-0518-4346-9bf2-61984692d4d0
2019-07-30 19:00:31,141 INFO  server.RaftServerConfigKeys (ConfUtils.java:logGet(43)) - raft.server.snapshot.auto.trigger.threshold = 10000 (custom)
2019-07-30 19:00:31,141 INFO  server.RaftServerConfigKeys (ConfUtils.java:logGet(43)) - raft.server.log.statemachine.data.caching.enabled = true (custom)
2019-07-30 19:00:31,141 INFO  server.RaftServerConfigKeys (ConfUtils.java:logGet(43)) - raft.server.retrycache.expirytime = 600000ms (custom)
2019-07-30 19:00:31,142 INFO  impl.RaftServerImpl (RaftServerImpl.java:start(180)) - 6e54eef3-6492-4f15-a243-31255825725e: start group-2BA9F1B26B3E
2019-07-30 19:00:31,142 INFO  segmented.SegmentedRaftLogWorker (SegmentedRaftLogWorker.java:lambda$new$0(132)) - 17897573-112e-4610-9ad8-55c3ed9a9698-SegmentedRaftLogWorker:Storage Directory /workdir/hadoop-ozone/integration-test/target/test-dir/MiniOzoneClusterImpl-cde36970-375a-443a-bf44-429d63a9d0f0/datanode-2/data/ratis/0fe0d6aa-7afd-40ad-bd9c-2ba9f1b26b3e: flushIndex: setUnconditionally 0 -> -1
2019-07-30 19:00:31,142 INFO  impl.RaftServerImpl (RaftServerImpl.java:setRole(171)) - 6e54eef3-6492-4f15-a243-31255825725e:group-2BA9F1B26B3E changes role from null to FOLLOWER at term 0 for startAsFollower
2019-07-30 19:00:31,142 INFO  impl.RoleInfo (RoleInfo.java:updateAndGet(143)) - 6e54eef3-6492-4f15-a243-31255825725e: start FollowerState
2019-07-30 19:00:31,142 INFO  server.RaftServerConfigKeys (ConfUtils.java:logGet(43)) - raft.server.snapshot.auto.trigger.enabled = true (custom)
2019-07-30 19:00:31,142 INFO  server.RaftServerConfigKeys (ConfUtils.java:logGet(43)) - raft.server.snapshot.auto.trigger.threshold = 10000 (custom)
2019-07-30 19:00:31,143 INFO  util.JmxRegister (JmxRegister.java:tryRegister(44)) - Successfully registered JMX Bean with object name Ratis:service=RaftServer,group=group-2BA9F1B26B3E,id=6e54eef3-6492-4f15-a243-31255825725e
2019-07-30 19:00:31,143 INFO  server.RaftServerConfigKeys (ConfUtils.java:logGet(43)) - raft.server.retrycache.expirytime = 600000ms (custom)
2019-07-30 19:00:31,143 INFO  impl.RaftServerImpl (RaftServerImpl.java:start(180)) - 17897573-112e-4610-9ad8-55c3ed9a9698: start group-2BA9F1B26B3E
2019-07-30 19:00:31,143 INFO  impl.RaftServerImpl (RaftServerImpl.java:setRole(171)) - 17897573-112e-4610-9ad8-55c3ed9a9698:group-2BA9F1B26B3E changes role from null to FOLLOWER at term 0 for startAsFollower
2019-07-30 19:00:31,145 INFO  impl.RoleInfo (RoleInfo.java:updateAndGet(143)) - 17897573-112e-4610-9ad8-55c3ed9a9698: start FollowerState
2019-07-30 19:00:31,145 INFO  util.JmxRegister (JmxRegister.java:tryRegister(44)) - Successfully registered JMX Bean with object name Ratis:service=RaftServer,group=group-2BA9F1B26B3E,id=17897573-112e-4610-9ad8-55c3ed9a9698
2019-07-30 19:00:31,169 INFO  pipeline.PipelineStateManager (PipelineStateManager.java:addPipeline(56)) - Created pipeline Pipeline[ Id: 0fe0d6aa-7afd-40ad-bd9c-2ba9f1b26b3e, Nodes: 17897573-112e-4610-9ad8-55c3ed9a9698{ip: 192.168.5.147, host: byscane-nightly-d7s94-1643579034, networkLocation: /default-rack, certSerialId: null}a12d8726-0518-4346-9bf2-61984692d4d0{ip: 192.168.5.147, host: byscane-nightly-d7s94-1643579034, networkLocation: /default-rack, certSerialId: null}6e54eef3-6492-4f15-a243-31255825725e{ip: 192.168.5.147, host: byscane-nightly-d7s94-1643579034, networkLocation: /default-rack, certSerialId: null}, Type:RATIS, Factor:THREE, State:OPEN]
2019-07-30 19:00:31,610 INFO  ozone.MiniOzoneClusterImpl (MiniOzoneClusterImpl.java:lambda$waitForClusterToBeReady$0(142)) - Cluster is ready. Got 7 of 7 DN Heartbeats.
2019-07-30 19:00:31,938 INFO  rpc.RpcClient (RpcClient.java:createVolume(288)) - Creating Volume: testblockoutputstream, with jenkins1000 as owner.
2019-07-30 19:00:31,989 INFO  rpc.RpcClient (RpcClient.java:createBucket(425)) - Creating Bucket: testblockoutputstream/testblockoutputstream, with Versioning false and Storage Type set to DISK and Encryption set to false 
2019-07-30 19:00:32,010 INFO  impl.MetricsSystemImpl (MetricsSystemImpl.java:init(158)) - XceiverClientMetrics metrics system started (again)
2019-07-30 19:00:32,214 INFO  container.ReplicationManager (ReplicationManager.java:start(155)) - Starting Replication Monitor Thread.
2019-07-30 19:00:32,217 INFO  client.GrpcClientProtocolClient (GrpcClientProtocolClient.java:onNext(255)) - client-4175C1DF2935->150de6d3-14ad-4307-adb9-db90f65f5841: receive RaftClientReply:client-4175C1DF2935->150de6d3-14ad-4307-adb9-db90f65f5841@group-B287FE940F30, cid=13, FAILED org.apache.ratis.protocol.NotLeaderException: Server 150de6d3-14ad-4307-adb9-db90f65f5841 is not the leader (null). Request must be sent to leader., logIndex=0, commits[150de6d3-14ad-4307-adb9-db90f65f5841:c-1]
2019-07-30 19:00:32,224 INFO  container.ReplicationManager (ReplicationManager.java:run(207)) - Replication Monitor Thread took 8 milliseconds for processing 1 containers.
2019-07-30 19:00:33,266 INFO  client.GrpcClientProtocolClient (GrpcClientProtocolClient.java:onNext(255)) - client-4175C1DF2935->411958a3-ab64-4380-bf36-dfe9236fe105: receive RaftClientReply:client-4175C1DF2935->411958a3-ab64-4380-bf36-dfe9236fe105@group-B287FE940F30, cid=13, FAILED org.apache.ratis.protocol.NotLeaderException: Server 411958a3-ab64-4380-bf36-dfe9236fe105 is not the leader (null). Request must be sent to leader., logIndex=0, commits[411958a3-ab64-4380-bf36-dfe9236fe105:c-1]
2019-07-30 19:00:34,292 INFO  client.GrpcClientProtocolClient (GrpcClientProtocolClient.java:onNext(255)) - client-4175C1DF2935->150de6d3-14ad-4307-adb9-db90f65f5841: receive RaftClientReply:client-4175C1DF2935->150de6d3-14ad-4307-adb9-db90f65f5841@group-B287FE940F30, cid=13, FAILED org.apache.ratis.protocol.NotLeaderException: Server 150de6d3-14ad-4307-adb9-db90f65f5841 is not the leader (null). Request must be sent to leader., logIndex=0, commits[150de6d3-14ad-4307-adb9-db90f65f5841:c-1]
2019-07-30 19:00:35,315 INFO  client.GrpcClientProtocolClient (GrpcClientProtocolClient.java:onNext(255)) - client-4175C1DF2935->411958a3-ab64-4380-bf36-dfe9236fe105: receive RaftClientReply:client-4175C1DF2935->411958a3-ab64-4380-bf36-dfe9236fe105@group-B287FE940F30, cid=13, FAILED org.apache.ratis.protocol.NotLeaderException: Server 411958a3-ab64-4380-bf36-dfe9236fe105 is not the leader (null). Request must be sent to leader., logIndex=0, commits[411958a3-ab64-4380-bf36-dfe9236fe105:c-1]
2019-07-30 19:00:35,473 INFO  impl.FollowerState (FollowerState.java:run(106)) - a2aedc9e-fe15-44ce-8e5f-5a23ce18be61:group-A9161C6CC3CF changes to CANDIDATE, lastRpcTime:5087, electionTimeout:5086ms
2019-07-30 19:00:35,473 INFO  impl.RoleInfo (RoleInfo.java:shutdownFollowerState(121)) - a2aedc9e-fe15-44ce-8e5f-5a23ce18be61: shutdown FollowerState
2019-07-30 19:00:35,474 INFO  impl.RaftServerImpl (RaftServerImpl.java:setRole(171)) - a2aedc9e-fe15-44ce-8e5f-5a23ce18be61:group-A9161C6CC3CF changes role from FOLLOWER to CANDIDATE at term 0 for changeToCandidate
2019-07-30 19:00:35,477 INFO  impl.RoleInfo (RoleInfo.java:updateAndGet(143)) - a2aedc9e-fe15-44ce-8e5f-5a23ce18be61: start LeaderElection
2019-07-30 19:00:35,490 INFO  impl.LeaderElection (LeaderElection.java:askForVotes(181)) - a2aedc9e-fe15-44ce-8e5f-5a23ce18be61:group-A9161C6CC3CF:LeaderElection1: begin an election at term 1 for -1: [a2aedc9e-fe15-44ce-8e5f-5a23ce18be61:192.168.5.147:36941], old=null
2019-07-30 19:00:35,492 INFO  impl.RoleInfo (RoleInfo.java:shutdownLeaderElection(134)) - a2aedc9e-fe15-44ce-8e5f-5a23ce18be61: shutdown LeaderElection
2019-07-30 19:00:35,493 INFO  impl.RaftServerImpl (RaftServerImpl.java:setRole(171)) - a2aedc9e-fe15-44ce-8e5f-5a23ce18be61:group-A9161C6CC3CF changes role from CANDIDATE to LEADER at term 1 for changeToLeader
2019-07-30 19:00:35,493 INFO  impl.RaftServerImpl (ServerState.java:setLeader(263)) - a2aedc9e-fe15-44ce-8e5f-5a23ce18be61:group-A9161C6CC3CF change Leader from null to a2aedc9e-fe15-44ce-8e5f-5a23ce18be61 at term 1 for becomeLeader, leader elected after 5194ms
2019-07-30 19:00:35,504 INFO  server.RaftServerConfigKeys (ConfUtils.java:logGet(43)) - raft.server.staging.catchup.gap = 1000 (default)
2019-07-30 19:00:35,504 INFO  server.RaftServerConfigKeys (ConfUtils.java:logGet(43)) - raft.server.rpc.sleep.time = 25ms (default)
2019-07-30 19:00:35,508 INFO  server.RaftServerConfigKeys (ConfUtils.java:logGet(43)) - raft.server.write.element-limit = 4096 (default)
2019-07-30 19:00:35,512 INFO  server.RaftServerConfigKeys (ConfUtils.java:logGet(43)) - raft.server.watch.timeout = 10s (default)
2019-07-30 19:00:35,512 INFO  server.RaftServerConfigKeys (ConfUtils.java:logGet(43)) - raft.server.watch.timeout.denomination = 1s (default)
2019-07-30 19:00:35,513 INFO  server.RaftServerConfigKeys (ConfUtils.java:logGet(43)) - raft.server.watch.element-limit = 65536 (default)
2019-07-30 19:00:35,524 INFO  impl.RoleInfo (RoleInfo.java:updateAndGet(143)) - a2aedc9e-fe15-44ce-8e5f-5a23ce18be61: start LeaderState
2019-07-30 19:00:35,556 INFO  segmented.SegmentedRaftLogWorker (SegmentedRaftLogWorker.java:startLogSegment(380)) - a2aedc9e-fe15-44ce-8e5f-5a23ce18be61-SegmentedRaftLogWorker:Storage Directory /workdir/hadoop-ozone/integration-test/target/test-dir/MiniOzoneClusterImpl-cde36970-375a-443a-bf44-429d63a9d0f0/datanode-0/data/ratis/b7dda276-2a69-4721-b25d-a9161c6cc3cf: Starting segment from index:0
2019-07-30 19:00:35,566 INFO  impl.RaftServerImpl (ServerState.java:setRaftConf(361)) - a2aedc9e-fe15-44ce-8e5f-5a23ce18be61:group-A9161C6CC3CF set configuration 0: [a2aedc9e-fe15-44ce-8e5f-5a23ce18be61:192.168.5.147:36941], old=null at 0
2019-07-30 19:00:35,609 INFO  impl.FollowerState (FollowerState.java:run(106)) - 150de6d3-14ad-4307-adb9-db90f65f5841:group-16F60E065119 changes to CANDIDATE, lastRpcTime:5009, electionTimeout:5007ms
2019-07-30 19:00:35,611 INFO  impl.RoleInfo (RoleInfo.java:shutdownFollowerState(121)) - 150de6d3-14ad-4307-adb9-db90f65f5841: shutdown FollowerState
2019-07-30 19:00:35,611 INFO  impl.RaftServerImpl (RaftServerImpl.java:setRole(171)) - 150de6d3-14ad-4307-adb9-db90f65f5841:group-16F60E065119 changes role from FOLLOWER to CANDIDATE at term 0 for changeToCandidate
2019-07-30 19:00:35,612 INFO  impl.RoleInfo (RoleInfo.java:updateAndGet(143)) - 150de6d3-14ad-4307-adb9-db90f65f5841: start LeaderElection
2019-07-30 19:00:35,630 INFO  impl.LeaderElection (LeaderElection.java:askForVotes(181)) - 150de6d3-14ad-4307-adb9-db90f65f5841:group-16F60E065119:LeaderElection2: begin an election at term 1 for -1: [150de6d3-14ad-4307-adb9-db90f65f5841:192.168.5.147:46490], old=null
2019-07-30 19:00:35,630 INFO  impl.RoleInfo (RoleInfo.java:shutdownLeaderElection(134)) - 150de6d3-14ad-4307-adb9-db90f65f5841: shutdown LeaderElection
2019-07-30 19:00:35,630 INFO  impl.RaftServerImpl (RaftServerImpl.java:setRole(171)) - 150de6d3-14ad-4307-adb9-db90f65f5841:group-16F60E065119 changes role from CANDIDATE to LEADER at term 1 for changeToLeader
2019-07-30 19:00:35,631 INFO  impl.RaftServerImpl (ServerState.java:setLeader(263)) - 150de6d3-14ad-4307-adb9-db90f65f5841:group-16F60E065119 change Leader from null to 150de6d3-14ad-4307-adb9-db90f65f5841 at term 1 for becomeLeader, leader elected after 5038ms
2019-07-30 19:00:35,635 INFO  server.RaftServerConfigKeys (ConfUtils.java:logGet(43)) - raft.server.staging.catchup.gap = 1000 (default)
2019-07-30 19:00:35,635 INFO  server.RaftServerConfigKeys (ConfUtils.java:logGet(43)) - raft.server.rpc.sleep.time = 25ms (default)
2019-07-30 19:00:35,635 INFO  server.RaftServerConfigKeys (ConfUtils.java:logGet(43)) - raft.server.write.element-limit = 4096 (default)
2019-07-30 19:00:35,635 INFO  server.RaftServerConfigKeys (ConfUtils.java:logGet(43)) - raft.server.watch.timeout = 10s (default)
2019-07-30 19:00:35,635 INFO  server.RaftServerConfigKeys (ConfUtils.java:logGet(43)) - raft.server.watch.timeout.denomination = 1s (default)
2019-07-30 19:00:35,636 INFO  server.RaftServerConfigKeys (ConfUtils.java:logGet(43)) - raft.server.watch.element-limit = 65536 (default)
2019-07-30 19:00:35,636 INFO  impl.RoleInfo (RoleInfo.java:updateAndGet(143)) - 150de6d3-14ad-4307-adb9-db90f65f5841: start LeaderState
2019-07-30 19:00:35,636 INFO  segmented.SegmentedRaftLogWorker (SegmentedRaftLogWorker.java:startLogSegment(380)) - 150de6d3-14ad-4307-adb9-db90f65f5841-SegmentedRaftLogWorker:Storage Directory /workdir/hadoop-ozone/integration-test/target/test-dir/MiniOzoneClusterImpl-cde36970-375a-443a-bf44-429d63a9d0f0/datanode-1/data/ratis/33d3c79e-9482-496f-b48d-16f60e065119: Starting segment from index:0
2019-07-30 19:00:35,637 INFO  impl.RaftServerImpl (ServerState.java:setRaftConf(361)) - 150de6d3-14ad-4307-adb9-db90f65f5841:group-16F60E065119 set configuration 0: [150de6d3-14ad-4307-adb9-db90f65f5841:192.168.5.147:46490], old=null at 0
2019-07-30 19:00:35,764 INFO  segmented.SegmentedRaftLogWorker (SegmentedRaftLogWorker.java:execute(569)) - a2aedc9e-fe15-44ce-8e5f-5a23ce18be61-SegmentedRaftLogWorker:Storage Directory /workdir/hadoop-ozone/integration-test/target/test-dir/MiniOzoneClusterImpl-cde36970-375a-443a-bf44-429d63a9d0f0/datanode-0/data/ratis/b7dda276-2a69-4721-b25d-a9161c6cc3cf: created new log segment /workdir/hadoop-ozone/integration-test/target/test-dir/MiniOzoneClusterImpl-cde36970-375a-443a-bf44-429d63a9d0f0/datanode-0/data/ratis/b7dda276-2a69-4721-b25d-a9161c6cc3cf/current/log_inprogress_0
2019-07-30 19:00:35,788 INFO  segmented.SegmentedRaftLogWorker (SegmentedRaftLogWorker.java:execute(569)) - 150de6d3-14ad-4307-adb9-db90f65f5841-SegmentedRaftLogWorker:Storage Directory /workdir/hadoop-ozone/integration-test/target/test-dir/MiniOzoneClusterImpl-cde36970-375a-443a-bf44-429d63a9d0f0/datanode-1/data/ratis/33d3c79e-9482-496f-b48d-16f60e065119: created new log segment /workdir/hadoop-ozone/integration-test/target/test-dir/MiniOzoneClusterImpl-cde36970-375a-443a-bf44-429d63a9d0f0/datanode-1/data/ratis/33d3c79e-9482-496f-b48d-16f60e065119/current/log_inprogress_0
2019-07-30 19:00:35,793 INFO  impl.FollowerState (FollowerState.java:run(106)) - 411958a3-ab64-4380-bf36-dfe9236fe105:group-ACB42550BEFA changes to CANDIDATE, lastRpcTime:5042, electionTimeout:5042ms
2019-07-30 19:00:35,795 INFO  impl.RoleInfo (RoleInfo.java:shutdownFollowerState(121)) - 411958a3-ab64-4380-bf36-dfe9236fe105: shutdown FollowerState
2019-07-30 19:00:35,795 INFO  impl.RaftServerImpl (RaftServerImpl.java:setRole(171)) - 411958a3-ab64-4380-bf36-dfe9236fe105:group-ACB42550BEFA changes role from FOLLOWER to CANDIDATE at term 0 for changeToCandidate
2019-07-30 19:00:35,796 INFO  impl.RoleInfo (RoleInfo.java:updateAndGet(143)) - 411958a3-ab64-4380-bf36-dfe9236fe105: start LeaderElection
2019-07-30 19:00:35,814 INFO  impl.LeaderElection (LeaderElection.java:askForVotes(181)) - 411958a3-ab64-4380-bf36-dfe9236fe105:group-ACB42550BEFA:LeaderElection3: begin an election at term 1 for -1: [411958a3-ab64-4380-bf36-dfe9236fe105:192.168.5.147:39259], old=null
2019-07-30 19:00:35,818 INFO  impl.RoleInfo (RoleInfo.java:shutdownLeaderElection(134)) - 411958a3-ab64-4380-bf36-dfe9236fe105: shutdown LeaderElection
2019-07-30 19:00:35,818 INFO  impl.RaftServerImpl (RaftServerImpl.java:setRole(171)) - 411958a3-ab64-4380-bf36-dfe9236fe105:group-ACB42550BEFA changes role from CANDIDATE to LEADER at term 1 for changeToLeader
2019-07-30 19:00:35,818 INFO  impl.RaftServerImpl (ServerState.java:setLeader(263)) - 411958a3-ab64-4380-bf36-dfe9236fe105:group-ACB42550BEFA change Leader from null to 411958a3-ab64-4380-bf36-dfe9236fe105 at term 1 for becomeLeader, leader elected after 5072ms
2019-07-30 19:00:35,820 INFO  server.RaftServerConfigKeys (ConfUtils.java:logGet(43)) - raft.server.staging.catchup.gap = 1000 (default)
2019-07-30 19:00:35,820 INFO  server.RaftServerConfigKeys (ConfUtils.java:logGet(43)) - raft.server.rpc.sleep.time = 25ms (default)
2019-07-30 19:00:35,820 INFO  server.RaftServerConfigKeys (ConfUtils.java:logGet(43)) - raft.server.write.element-limit = 4096 (default)
2019-07-30 19:00:35,821 INFO  server.RaftServerConfigKeys (ConfUtils.java:logGet(43)) - raft.server.watch.timeout = 10s (default)
2019-07-30 19:00:35,821 INFO  server.RaftServerConfigKeys (ConfUtils.java:logGet(43)) - raft.server.watch.timeout.denomination = 1s (default)
2019-07-30 19:00:35,821 INFO  server.RaftServerConfigKeys (ConfUtils.java:logGet(43)) - raft.server.watch.element-limit = 65536 (default)
2019-07-30 19:00:35,821 INFO  impl.RoleInfo (RoleInfo.java:updateAndGet(143)) - 411958a3-ab64-4380-bf36-dfe9236fe105: start LeaderState
2019-07-30 19:00:35,822 INFO  segmented.SegmentedRaftLogWorker (SegmentedRaftLogWorker.java:startLogSegment(380)) - 411958a3-ab64-4380-bf36-dfe9236fe105-SegmentedRaftLogWorker:Storage Directory /workdir/hadoop-ozone/integration-test/target/test-dir/MiniOzoneClusterImpl-cde36970-375a-443a-bf44-429d63a9d0f0/datanode-6/data/ratis/8bbc0485-31ec-4514-bd7e-acb42550befa: Starting segment from index:0
2019-07-30 19:00:35,822 INFO  impl.RaftServerImpl (ServerState.java:setRaftConf(361)) - 411958a3-ab64-4380-bf36-dfe9236fe105:group-ACB42550BEFA set configuration 0: [411958a3-ab64-4380-bf36-dfe9236fe105:192.168.5.147:39259], old=null at 0
2019-07-30 19:00:35,862 INFO  impl.FollowerState (FollowerState.java:run(106)) - 8a2aa23d-f99d-42d0-8b9e-8177cc389221:group-8791367A7532 changes to CANDIDATE, lastRpcTime:5175, electionTimeout:5163ms
2019-07-30 19:00:35,862 INFO  impl.RoleInfo (RoleInfo.java:shutdownFollowerState(121)) - 8a2aa23d-f99d-42d0-8b9e-8177cc389221: shutdown FollowerState
2019-07-30 19:00:35,862 INFO  impl.RaftServerImpl (RaftServerImpl.java:setRole(171)) - 8a2aa23d-f99d-42d0-8b9e-8177cc389221:group-8791367A7532 changes role from FOLLOWER to CANDIDATE at term 0 for changeToCandidate
2019-07-30 19:00:35,863 INFO  impl.RoleInfo (RoleInfo.java:updateAndGet(143)) - 8a2aa23d-f99d-42d0-8b9e-8177cc389221: start LeaderElection
2019-07-30 19:00:35,869 INFO  segmented.SegmentedRaftLogWorker (SegmentedRaftLogWorker.java:execute(569)) - 411958a3-ab64-4380-bf36-dfe9236fe105-SegmentedRaftLogWorker:Storage Directory /workdir/hadoop-ozone/integration-test/target/test-dir/MiniOzoneClusterImpl-cde36970-375a-443a-bf44-429d63a9d0f0/datanode-6/data/ratis/8bbc0485-31ec-4514-bd7e-acb42550befa: created new log segment /workdir/hadoop-ozone/integration-test/target/test-dir/MiniOzoneClusterImpl-cde36970-375a-443a-bf44-429d63a9d0f0/datanode-6/data/ratis/8bbc0485-31ec-4514-bd7e-acb42550befa/current/log_inprogress_0
2019-07-30 19:00:35,873 INFO  impl.LeaderElection (LeaderElection.java:askForVotes(181)) - 8a2aa23d-f99d-42d0-8b9e-8177cc389221:group-8791367A7532:LeaderElection4: begin an election at term 1 for -1: [8a2aa23d-f99d-42d0-8b9e-8177cc389221:192.168.5.147:41487], old=null
2019-07-30 19:00:35,873 INFO  impl.RoleInfo (RoleInfo.java:shutdownLeaderElection(134)) - 8a2aa23d-f99d-42d0-8b9e-8177cc389221: shutdown LeaderElection
2019-07-30 19:00:35,873 INFO  impl.RaftServerImpl (RaftServerImpl.java:setRole(171)) - 8a2aa23d-f99d-42d0-8b9e-8177cc389221:group-8791367A7532 changes role from CANDIDATE to LEADER at term 1 for changeToLeader
2019-07-30 19:00:35,874 INFO  impl.RaftServerImpl (ServerState.java:setLeader(263)) - 8a2aa23d-f99d-42d0-8b9e-8177cc389221:group-8791367A7532 change Leader from null to 8a2aa23d-f99d-42d0-8b9e-8177cc389221 at term 1 for becomeLeader, leader elected after 5192ms
2019-07-30 19:00:35,876 INFO  server.RaftServerConfigKeys (ConfUtils.java:logGet(43)) - raft.server.staging.catchup.gap = 1000 (default)
2019-07-30 19:00:35,876 INFO  server.RaftServerConfigKeys (ConfUtils.java:logGet(43)) - raft.server.rpc.sleep.time = 25ms (default)
2019-07-30 19:00:35,876 INFO  server.RaftServerConfigKeys (ConfUtils.java:logGet(43)) - raft.server.write.element-limit = 4096 (default)
2019-07-30 19:00:35,877 INFO  server.RaftServerConfigKeys (ConfUtils.java:logGet(43)) - raft.server.watch.timeout = 10s (default)
2019-07-30 19:00:35,877 INFO  server.RaftServerConfigKeys (ConfUtils.java:logGet(43)) - raft.server.watch.timeout.denomination = 1s (default)
2019-07-30 19:00:35,877 INFO  server.RaftServerConfigKeys (ConfUtils.java:logGet(43)) - raft.server.watch.element-limit = 65536 (default)
2019-07-30 19:00:35,877 INFO  impl.RoleInfo (RoleInfo.java:updateAndGet(143)) - 8a2aa23d-f99d-42d0-8b9e-8177cc389221: start LeaderState
2019-07-30 19:00:35,878 INFO  segmented.SegmentedRaftLogWorker (SegmentedRaftLogWorker.java:startLogSegment(380)) - 8a2aa23d-f99d-42d0-8b9e-8177cc389221-SegmentedRaftLogWorker:Storage Directory /workdir/hadoop-ozone/integration-test/target/test-dir/MiniOzoneClusterImpl-cde36970-375a-443a-bf44-429d63a9d0f0/datanode-4/data/ratis/089e6fc9-8bf0-4fec-9f11-8791367a7532: Starting segment from index:0
2019-07-30 19:00:35,878 INFO  impl.RaftServerImpl (ServerState.java:setRaftConf(361)) - 8a2aa23d-f99d-42d0-8b9e-8177cc389221:group-8791367A7532 set configuration 0: [8a2aa23d-f99d-42d0-8b9e-8177cc389221:192.168.5.147:41487], old=null at 0
2019-07-30 19:00:35,911 INFO  impl.FollowerState (FollowerState.java:run(106)) - 17897573-112e-4610-9ad8-55c3ed9a9698:group-B2711E4838B8 changes to CANDIDATE, lastRpcTime:5100, electionTimeout:5069ms
2019-07-30 19:00:35,913 INFO  impl.RoleInfo (RoleInfo.java:shutdownFollowerState(121)) - 17897573-112e-4610-9ad8-55c3ed9a9698: shutdown FollowerState
2019-07-30 19:00:35,913 INFO  impl.RaftServerImpl (RaftServerImpl.java:setRole(171)) - 17897573-112e-4610-9ad8-55c3ed9a9698:group-B2711E4838B8 changes role from FOLLOWER to CANDIDATE at term 0 for changeToCandidate
2019-07-30 19:00:35,913 INFO  impl.RoleInfo (RoleInfo.java:updateAndGet(143)) - 17897573-112e-4610-9ad8-55c3ed9a9698: start LeaderElection
2019-07-30 19:00:35,924 INFO  segmented.SegmentedRaftLogWorker (SegmentedRaftLogWorker.java:execute(569)) - 8a2aa23d-f99d-42d0-8b9e-8177cc389221-SegmentedRaftLogWorker:Storage Directory /workdir/hadoop-ozone/integration-test/target/test-dir/MiniOzoneClusterImpl-cde36970-375a-443a-bf44-429d63a9d0f0/datanode-4/data/ratis/089e6fc9-8bf0-4fec-9f11-8791367a7532: created new log segment /workdir/hadoop-ozone/integration-test/target/test-dir/MiniOzoneClusterImpl-cde36970-375a-443a-bf44-429d63a9d0f0/datanode-4/data/ratis/089e6fc9-8bf0-4fec-9f11-8791367a7532/current/log_inprogress_0
2019-07-30 19:00:35,926 INFO  impl.LeaderElection (LeaderElection.java:askForVotes(181)) - 17897573-112e-4610-9ad8-55c3ed9a9698:group-B2711E4838B8:LeaderElection5: begin an election at term 1 for -1: [17897573-112e-4610-9ad8-55c3ed9a9698:192.168.5.147:36911], old=null
2019-07-30 19:00:35,927 INFO  impl.RoleInfo (RoleInfo.java:shutdownLeaderElection(134)) - 17897573-112e-4610-9ad8-55c3ed9a9698: shutdown LeaderElection
2019-07-30 19:00:35,927 INFO  impl.RaftServerImpl (RaftServerImpl.java:setRole(171)) - 17897573-112e-4610-9ad8-55c3ed9a9698:group-B2711E4838B8 changes role from CANDIDATE to LEADER at term 1 for changeToLeader
2019-07-30 19:00:35,927 INFO  impl.RaftServerImpl (ServerState.java:setLeader(263)) - 17897573-112e-4610-9ad8-55c3ed9a9698:group-B2711E4838B8 change Leader from null to 17897573-112e-4610-9ad8-55c3ed9a9698 at term 1 for becomeLeader, leader elected after 5122ms
2019-07-30 19:00:35,929 INFO  server.RaftServerConfigKeys (ConfUtils.java:logGet(43)) - raft.server.staging.catchup.gap = 1000 (default)
2019-07-30 19:00:35,929 INFO  server.RaftServerConfigKeys (ConfUtils.java:logGet(43)) - raft.server.rpc.sleep.time = 25ms (default)
2019-07-30 19:00:35,929 INFO  server.RaftServerConfigKeys (ConfUtils.java:logGet(43)) - raft.server.write.element-limit = 4096 (default)
2019-07-30 19:00:35,929 INFO  server.RaftServerConfigKeys (ConfUtils.java:logGet(43)) - raft.server.watch.timeout = 10s (default)
2019-07-30 19:00:35,930 INFO  server.RaftServerConfigKeys (ConfUtils.java:logGet(43)) - raft.server.watch.timeout.denomination = 1s (default)
2019-07-30 19:00:35,930 INFO  server.RaftServerConfigKeys (ConfUtils.java:logGet(43)) - raft.server.watch.element-limit = 65536 (default)
2019-07-30 19:00:35,930 INFO  impl.RoleInfo (RoleInfo.java:updateAndGet(143)) - 17897573-112e-4610-9ad8-55c3ed9a9698: start LeaderState
2019-07-30 19:00:35,930 INFO  segmented.SegmentedRaftLogWorker (SegmentedRaftLogWorker.java:startLogSegment(380)) - 17897573-112e-4610-9ad8-55c3ed9a9698-SegmentedRaftLogWorker:Storage Directory /workdir/hadoop-ozone/integration-test/target/test-dir/MiniOzoneClusterImpl-cde36970-375a-443a-bf44-429d63a9d0f0/datanode-2/data/ratis/d743aa35-f14b-4a38-8692-b2711e4838b8: Starting segment from index:0
2019-07-30 19:00:35,931 INFO  impl.RaftServerImpl (ServerState.java:setRaftConf(361)) - 17897573-112e-4610-9ad8-55c3ed9a9698:group-B2711E4838B8 set configuration 0: [17897573-112e-4610-9ad8-55c3ed9a9698:192.168.5.147:36911], old=null at 0
2019-07-30 19:00:35,967 INFO  impl.FollowerState (FollowerState.java:run(106)) - a12d8726-0518-4346-9bf2-61984692d4d0:group-F3ADCD36B8C4 changes to CANDIDATE, lastRpcTime:5087, electionTimeout:5070ms
2019-07-30 19:00:35,967 INFO  impl.FollowerState (FollowerState.java:run(106)) - 6e54eef3-6492-4f15-a243-31255825725e:group-6F65D1112315 changes to CANDIDATE, lastRpcTime:5031, electionTimeout:5004ms
2019-07-30 19:00:35,971 INFO  impl.RoleInfo (RoleInfo.java:shutdownFollowerState(121)) - a12d8726-0518-4346-9bf2-61984692d4d0: shutdown FollowerState
2019-07-30 19:00:35,971 INFO  impl.RoleInfo (RoleInfo.java:shutdownFollowerState(121)) - 6e54eef3-6492-4f15-a243-31255825725e: shutdown FollowerState
2019-07-30 19:00:35,971 INFO  impl.RaftServerImpl (RaftServerImpl.java:setRole(171)) - a12d8726-0518-4346-9bf2-61984692d4d0:group-F3ADCD36B8C4 changes role from FOLLOWER to CANDIDATE at term 0 for changeToCandidate
2019-07-30 19:00:35,972 INFO  impl.RaftServerImpl (RaftServerImpl.java:setRole(171)) - 6e54eef3-6492-4f15-a243-31255825725e:group-6F65D1112315 changes role from FOLLOWER to CANDIDATE at term 0 for changeToCandidate
2019-07-30 19:00:35,972 INFO  impl.RoleInfo (RoleInfo.java:updateAndGet(143)) - a12d8726-0518-4346-9bf2-61984692d4d0: start LeaderElection
2019-07-30 19:00:35,972 INFO  impl.RoleInfo (RoleInfo.java:updateAndGet(143)) - 6e54eef3-6492-4f15-a243-31255825725e: start LeaderElection
2019-07-30 19:00:35,984 INFO  segmented.SegmentedRaftLogWorker (SegmentedRaftLogWorker.java:execute(569)) - 17897573-112e-4610-9ad8-55c3ed9a9698-SegmentedRaftLogWorker:Storage Directory /workdir/hadoop-ozone/integration-test/target/test-dir/MiniOzoneClusterImpl-cde36970-375a-443a-bf44-429d63a9d0f0/datanode-2/data/ratis/d743aa35-f14b-4a38-8692-b2711e4838b8: created new log segment /workdir/hadoop-ozone/integration-test/target/test-dir/MiniOzoneClusterImpl-cde36970-375a-443a-bf44-429d63a9d0f0/datanode-2/data/ratis/d743aa35-f14b-4a38-8692-b2711e4838b8/current/log_inprogress_0
2019-07-30 19:00:35,991 INFO  impl.LeaderElection (LeaderElection.java:askForVotes(181)) - a12d8726-0518-4346-9bf2-61984692d4d0:group-F3ADCD36B8C4:LeaderElection6: begin an election at term 1 for -1: [a12d8726-0518-4346-9bf2-61984692d4d0:192.168.5.147:44269], old=null
2019-07-30 19:00:35,991 INFO  impl.LeaderElection (LeaderElection.java:askForVotes(181)) - 6e54eef3-6492-4f15-a243-31255825725e:group-6F65D1112315:LeaderElection7: begin an election at term 1 for -1: [6e54eef3-6492-4f15-a243-31255825725e:192.168.5.147:44710], old=null
2019-07-30 19:00:35,999 INFO  impl.RoleInfo (RoleInfo.java:shutdownLeaderElection(134)) - a12d8726-0518-4346-9bf2-61984692d4d0: shutdown LeaderElection
2019-07-30 19:00:36,001 INFO  impl.RoleInfo (RoleInfo.java:shutdownLeaderElection(134)) - 6e54eef3-6492-4f15-a243-31255825725e: shutdown LeaderElection
2019-07-30 19:00:36,001 INFO  impl.RaftServerImpl (RaftServerImpl.java:setRole(171)) - a12d8726-0518-4346-9bf2-61984692d4d0:group-F3ADCD36B8C4 changes role from CANDIDATE to LEADER at term 1 for changeToLeader
2019-07-30 19:00:36,001 INFO  impl.RaftServerImpl (RaftServerImpl.java:setRole(171)) - 6e54eef3-6492-4f15-a243-31255825725e:group-6F65D1112315 changes role from CANDIDATE to LEADER at term 1 for changeToLeader
2019-07-30 19:00:36,002 INFO  impl.RaftServerImpl (ServerState.java:setLeader(263)) - a12d8726-0518-4346-9bf2-61984692d4d0:group-F3ADCD36B8C4 change Leader from null to a12d8726-0518-4346-9bf2-61984692d4d0 at term 1 for becomeLeader, leader elected after 5127ms
2019-07-30 19:00:36,002 INFO  impl.RaftServerImpl (ServerState.java:setLeader(263)) - 6e54eef3-6492-4f15-a243-31255825725e:group-6F65D1112315 change Leader from null to 6e54eef3-6492-4f15-a243-31255825725e at term 1 for becomeLeader, leader elected after 5072ms
2019-07-30 19:00:36,004 INFO  server.RaftServerConfigKeys (ConfUtils.java:logGet(43)) - raft.server.staging.catchup.gap = 1000 (default)
2019-07-30 19:00:36,005 INFO  server.RaftServerConfigKeys (ConfUtils.java:logGet(43)) - raft.server.staging.catchup.gap = 1000 (default)
2019-07-30 19:00:36,006 INFO  server.RaftServerConfigKeys (ConfUtils.java:logGet(43)) - raft.server.rpc.sleep.time = 25ms (default)
2019-07-30 19:00:36,006 INFO  server.RaftServerConfigKeys (ConfUtils.java:logGet(43)) - raft.server.rpc.sleep.time = 25ms (default)
2019-07-30 19:00:36,006 INFO  server.RaftServerConfigKeys (ConfUtils.java:logGet(43)) - raft.server.write.element-limit = 4096 (default)
2019-07-30 19:00:36,006 INFO  server.RaftServerConfigKeys (ConfUtils.java:logGet(43)) - raft.server.write.element-limit = 4096 (default)
2019-07-30 19:00:36,006 INFO  server.RaftServerConfigKeys (ConfUtils.java:logGet(43)) - raft.server.watch.timeout = 10s (default)
2019-07-30 19:00:36,006 INFO  server.RaftServerConfigKeys (ConfUtils.java:logGet(43)) - raft.server.watch.timeout = 10s (default)
2019-07-30 19:00:36,006 INFO  server.RaftServerConfigKeys (ConfUtils.java:logGet(43)) - raft.server.watch.timeout.denomination = 1s (default)
2019-07-30 19:00:36,007 INFO  server.RaftServerConfigKeys (ConfUtils.java:logGet(43)) - raft.server.watch.timeout.denomination = 1s (default)
2019-07-30 19:00:36,007 INFO  server.RaftServerConfigKeys (ConfUtils.java:logGet(43)) - raft.server.watch.element-limit = 65536 (default)
2019-07-30 19:00:36,007 INFO  server.RaftServerConfigKeys (ConfUtils.java:logGet(43)) - raft.server.watch.element-limit = 65536 (default)
2019-07-30 19:00:36,007 INFO  impl.RoleInfo (RoleInfo.java:updateAndGet(143)) - a12d8726-0518-4346-9bf2-61984692d4d0: start LeaderState
2019-07-30 19:00:36,007 INFO  impl.RoleInfo (RoleInfo.java:updateAndGet(143)) - 6e54eef3-6492-4f15-a243-31255825725e: start LeaderState
2019-07-30 19:00:36,008 INFO  segmented.SegmentedRaftLogWorker (SegmentedRaftLogWorker.java:startLogSegment(380)) - a12d8726-0518-4346-9bf2-61984692d4d0-SegmentedRaftLogWorker:Storage Directory /workdir/hadoop-ozone/integration-test/target/test-dir/MiniOzoneClusterImpl-cde36970-375a-443a-bf44-429d63a9d0f0/datanode-3/data/ratis/04509c25-9f14-4f6e-b802-f3adcd36b8c4: Starting segment from index:0
2019-07-30 19:00:36,008 INFO  segmented.SegmentedRaftLogWorker (SegmentedRaftLogWorker.java:startLogSegment(380)) - 6e54eef3-6492-4f15-a243-31255825725e-SegmentedRaftLogWorker:Storage Directory /workdir/hadoop-ozone/integration-test/target/test-dir/MiniOzoneClusterImpl-cde36970-375a-443a-bf44-429d63a9d0f0/datanode-5/data/ratis/b33a0452-0f7d-4ff0-b246-6f65d1112315: Starting segment from index:0
2019-07-30 19:00:36,008 INFO  impl.RaftServerImpl (ServerState.java:setRaftConf(361)) - a12d8726-0518-4346-9bf2-61984692d4d0:group-F3ADCD36B8C4 set configuration 0: [a12d8726-0518-4346-9bf2-61984692d4d0:192.168.5.147:44269], old=null at 0
2019-07-30 19:00:36,043 INFO  impl.RaftServerImpl (ServerState.java:setRaftConf(361)) - 6e54eef3-6492-4f15-a243-31255825725e:group-6F65D1112315 set configuration 0: [6e54eef3-6492-4f15-a243-31255825725e:192.168.5.147:44710], old=null at 0
2019-07-30 19:00:36,084 INFO  segmented.SegmentedRaftLogWorker (SegmentedRaftLogWorker.java:execute(569)) - a12d8726-0518-4346-9bf2-61984692d4d0-SegmentedRaftLogWorker:Storage Directory /workdir/hadoop-ozone/integration-test/target/test-dir/MiniOzoneClusterImpl-cde36970-375a-443a-bf44-429d63a9d0f0/datanode-3/data/ratis/04509c25-9f14-4f6e-b802-f3adcd36b8c4: created new log segment /workdir/hadoop-ozone/integration-test/target/test-dir/MiniOzoneClusterImpl-cde36970-375a-443a-bf44-429d63a9d0f0/datanode-3/data/ratis/04509c25-9f14-4f6e-b802-f3adcd36b8c4/current/log_inprogress_0
2019-07-30 19:00:36,088 INFO  segmented.SegmentedRaftLogWorker (SegmentedRaftLogWorker.java:execute(569)) - 6e54eef3-6492-4f15-a243-31255825725e-SegmentedRaftLogWorker:Storage Directory /workdir/hadoop-ozone/integration-test/target/test-dir/MiniOzoneClusterImpl-cde36970-375a-443a-bf44-429d63a9d0f0/datanode-5/data/ratis/b33a0452-0f7d-4ff0-b246-6f65d1112315: created new log segment /workdir/hadoop-ozone/integration-test/target/test-dir/MiniOzoneClusterImpl-cde36970-375a-443a-bf44-429d63a9d0f0/datanode-5/data/ratis/b33a0452-0f7d-4ff0-b246-6f65d1112315/current/log_inprogress_0
2019-07-30 19:00:36,116 INFO  impl.FollowerState (FollowerState.java:run(106)) - 411958a3-ab64-4380-bf36-dfe9236fe105:group-B287FE940F30 changes to CANDIDATE, lastRpcTime:5077, electionTimeout:5075ms
2019-07-30 19:00:36,120 INFO  impl.RoleInfo (RoleInfo.java:shutdownFollowerState(121)) - 411958a3-ab64-4380-bf36-dfe9236fe105: shutdown FollowerState
2019-07-30 19:00:36,120 INFO  impl.RaftServerImpl (RaftServerImpl.java:setRole(171)) - 411958a3-ab64-4380-bf36-dfe9236fe105:group-B287FE940F30 changes role from FOLLOWER to CANDIDATE at term 0 for changeToCandidate
2019-07-30 19:00:36,120 INFO  impl.RoleInfo (RoleInfo.java:updateAndGet(143)) - 411958a3-ab64-4380-bf36-dfe9236fe105: start LeaderElection
2019-07-30 19:00:36,125 INFO  impl.FollowerState (FollowerState.java:run(106)) - 150de6d3-14ad-4307-adb9-db90f65f5841:group-B287FE940F30 changes to CANDIDATE, lastRpcTime:5092, electionTimeout:5090ms
2019-07-30 19:00:36,127 INFO  impl.RoleInfo (RoleInfo.java:shutdownFollowerState(121)) - 150de6d3-14ad-4307-adb9-db90f65f5841: shutdown FollowerState
2019-07-30 19:00:36,127 INFO  impl.RaftServerImpl (RaftServerImpl.java:setRole(171)) - 150de6d3-14ad-4307-adb9-db90f65f5841:group-B287FE940F30 changes role from FOLLOWER to CANDIDATE at term 0 for changeToCandidate
2019-07-30 19:00:36,127 INFO  impl.RoleInfo (RoleInfo.java:updateAndGet(143)) - 150de6d3-14ad-4307-adb9-db90f65f5841: start LeaderElection
2019-07-30 19:00:36,142 INFO  impl.LeaderElection (LeaderElection.java:askForVotes(181)) - 150de6d3-14ad-4307-adb9-db90f65f5841:group-B287FE940F30:LeaderElection9: begin an election at term 1 for -1: [150de6d3-14ad-4307-adb9-db90f65f5841:192.168.5.147:46490, 8a2aa23d-f99d-42d0-8b9e-8177cc389221:192.168.5.147:41487, 411958a3-ab64-4380-bf36-dfe9236fe105:192.168.5.147:39259], old=null
2019-07-30 19:00:36,142 INFO  impl.LeaderElection (LeaderElection.java:askForVotes(181)) - 411958a3-ab64-4380-bf36-dfe9236fe105:group-B287FE940F30:LeaderElection8: begin an election at term 1 for -1: [150de6d3-14ad-4307-adb9-db90f65f5841:192.168.5.147:46490, 8a2aa23d-f99d-42d0-8b9e-8177cc389221:192.168.5.147:41487, 411958a3-ab64-4380-bf36-dfe9236fe105:192.168.5.147:39259], old=null
2019-07-30 19:00:36,190 INFO  impl.RaftServerImpl (RaftServerImpl.java:setRole(171)) - 8a2aa23d-f99d-42d0-8b9e-8177cc389221:group-B287FE940F30 changes role from FOLLOWER to FOLLOWER at term 1 for recognizeCandidate:411958a3-ab64-4380-bf36-dfe9236fe105
2019-07-30 19:00:36,190 INFO  impl.RoleInfo (RoleInfo.java:shutdownFollowerState(121)) - 8a2aa23d-f99d-42d0-8b9e-8177cc389221: shutdown FollowerState
2019-07-30 19:00:36,190 INFO  impl.RoleInfo (RoleInfo.java:updateAndGet(143)) - 8a2aa23d-f99d-42d0-8b9e-8177cc389221: start FollowerState
2019-07-30 19:00:36,191 INFO  impl.FollowerState (FollowerState.java:run(114)) - 8a2aa23d-f99d-42d0-8b9e-8177cc389221: FollowerState was interrupted: java.lang.InterruptedException: sleep interrupted
2019-07-30 19:00:36,194 INFO  impl.FollowerState (FollowerState.java:run(106)) - 17897573-112e-4610-9ad8-55c3ed9a9698:group-2BA9F1B26B3E changes to CANDIDATE, lastRpcTime:5048, electionTimeout:5047ms
2019-07-30 19:00:36,194 INFO  impl.RoleInfo (RoleInfo.java:shutdownFollowerState(121)) - 17897573-112e-4610-9ad8-55c3ed9a9698: shutdown FollowerState
2019-07-30 19:00:36,194 INFO  impl.RaftServerImpl (RaftServerImpl.java:setRole(171)) - 17897573-112e-4610-9ad8-55c3ed9a9698:group-2BA9F1B26B3E changes role from FOLLOWER to CANDIDATE at term 0 for changeToCandidate
2019-07-30 19:00:36,194 INFO  impl.RoleInfo (RoleInfo.java:updateAndGet(143)) - 17897573-112e-4610-9ad8-55c3ed9a9698: start LeaderElection
2019-07-30 19:00:36,205 INFO  impl.LeaderElection (LeaderElection.java:askForVotes(181)) - 17897573-112e-4610-9ad8-55c3ed9a9698:group-2BA9F1B26B3E:LeaderElection10: begin an election at term 1 for -1: [a12d8726-0518-4346-9bf2-61984692d4d0:192.168.5.147:44269, 6e54eef3-6492-4f15-a243-31255825725e:192.168.5.147:44710, 17897573-112e-4610-9ad8-55c3ed9a9698:192.168.5.147:36911], old=null
2019-07-30 19:00:36,231 INFO  impl.RaftServerImpl (RaftServerImpl.java:setRole(171)) - a12d8726-0518-4346-9bf2-61984692d4d0:group-2BA9F1B26B3E changes role from FOLLOWER to FOLLOWER at term 1 for recognizeCandidate:17897573-112e-4610-9ad8-55c3ed9a9698
2019-07-30 19:00:36,232 INFO  impl.RoleInfo (RoleInfo.java:shutdownFollowerState(121)) - a12d8726-0518-4346-9bf2-61984692d4d0: shutdown FollowerState
2019-07-30 19:00:36,232 INFO  impl.FollowerState (FollowerState.java:run(114)) - a12d8726-0518-4346-9bf2-61984692d4d0: FollowerState was interrupted: java.lang.InterruptedException: sleep interrupted
2019-07-30 19:00:36,232 INFO  impl.RoleInfo (RoleInfo.java:updateAndGet(143)) - a12d8726-0518-4346-9bf2-61984692d4d0: start FollowerState
2019-07-30 19:00:36,236 INFO  impl.RaftServerImpl (RaftServerImpl.java:setRole(171)) - 6e54eef3-6492-4f15-a243-31255825725e:group-2BA9F1B26B3E changes role from FOLLOWER to FOLLOWER at term 1 for recognizeCandidate:17897573-112e-4610-9ad8-55c3ed9a9698
2019-07-30 19:00:36,236 INFO  impl.RoleInfo (RoleInfo.java:shutdownFollowerState(121)) - 6e54eef3-6492-4f15-a243-31255825725e: shutdown FollowerState
2019-07-30 19:00:36,237 INFO  impl.RoleInfo (RoleInfo.java:updateAndGet(143)) - 6e54eef3-6492-4f15-a243-31255825725e: start FollowerState
2019-07-30 19:00:36,237 INFO  impl.FollowerState (FollowerState.java:run(114)) - 6e54eef3-6492-4f15-a243-31255825725e: FollowerState was interrupted: java.lang.InterruptedException: sleep interrupted
2019-07-30 19:00:36,239 INFO  impl.LeaderElection (LeaderElection.java:logAndReturn(56)) - 150de6d3-14ad-4307-adb9-db90f65f5841:group-B287FE940F30:LeaderElection9: Election REJECTED; received 2 response(s) [150de6d3-14ad-4307-adb9-db90f65f5841<-8a2aa23d-f99d-42d0-8b9e-8177cc389221#0:FAIL-t1, 150de6d3-14ad-4307-adb9-db90f65f5841<-411958a3-ab64-4380-bf36-dfe9236fe105#0:FAIL-t1] and 0 exception(s); 150de6d3-14ad-4307-adb9-db90f65f5841:t1, leader=null, voted=150de6d3-14ad-4307-adb9-db90f65f5841, raftlog=150de6d3-14ad-4307-adb9-db90f65f5841-SegmentedRaftLog:OPENED:c-1,f-1,i0, conf=-1: [150de6d3-14ad-4307-adb9-db90f65f5841:192.168.5.147:46490, 8a2aa23d-f99d-42d0-8b9e-8177cc389221:192.168.5.147:41487, 411958a3-ab64-4380-bf36-dfe9236fe105:192.168.5.147:39259], old=null
2019-07-30 19:00:36,239 INFO  impl.LeaderElection (LeaderElection.java:logAndReturn(56)) - 411958a3-ab64-4380-bf36-dfe9236fe105:group-B287FE940F30:LeaderElection8: Election PASSED; received 2 response(s) [411958a3-ab64-4380-bf36-dfe9236fe105<-150de6d3-14ad-4307-adb9-db90f65f5841#0:FAIL-t1, 411958a3-ab64-4380-bf36-dfe9236fe105<-8a2aa23d-f99d-42d0-8b9e-8177cc389221#0:OK-t1] and 0 exception(s); 411958a3-ab64-4380-bf36-dfe9236fe105:t1, leader=null, voted=411958a3-ab64-4380-bf36-dfe9236fe105, raftlog=411958a3-ab64-4380-bf36-dfe9236fe105-SegmentedRaftLog:OPENED:c-1,f-1,i0, conf=-1: [150de6d3-14ad-4307-adb9-db90f65f5841:192.168.5.147:46490, 8a2aa23d-f99d-42d0-8b9e-8177cc389221:192.168.5.147:41487, 411958a3-ab64-4380-bf36-dfe9236fe105:192.168.5.147:39259], old=null
2019-07-30 19:00:36,239 INFO  impl.RoleInfo (RoleInfo.java:shutdownLeaderElection(134)) - 411958a3-ab64-4380-bf36-dfe9236fe105: shutdown LeaderElection
2019-07-30 19:00:36,239 INFO  impl.RaftServerImpl (RaftServerImpl.java:setRole(171)) - 150de6d3-14ad-4307-adb9-db90f65f5841:group-B287FE940F30 changes role from CANDIDATE to FOLLOWER at term 1 for DISCOVERED_A_NEW_TERM
2019-07-30 19:00:36,239 INFO  impl.RaftServerImpl (RaftServerImpl.java:setRole(171)) - 411958a3-ab64-4380-bf36-dfe9236fe105:group-B287FE940F30 changes role from CANDIDATE to LEADER at term 1 for changeToLeader
2019-07-30 19:00:36,249 INFO  impl.RaftServerImpl (ServerState.java:setLeader(263)) - 411958a3-ab64-4380-bf36-dfe9236fe105:group-B287FE940F30 change Leader from null to 411958a3-ab64-4380-bf36-dfe9236fe105 at term 1 for becomeLeader, leader elected after 5229ms
2019-07-30 19:00:36,246 INFO  impl.RoleInfo (RoleInfo.java:shutdownLeaderElection(134)) - 150de6d3-14ad-4307-adb9-db90f65f5841: shutdown LeaderElection
2019-07-30 19:00:36,251 INFO  server.RaftServerConfigKeys (ConfUtils.java:logGet(43)) - raft.server.staging.catchup.gap = 1000 (default)
2019-07-30 19:00:36,251 INFO  impl.RoleInfo (RoleInfo.java:updateAndGet(143)) - 150de6d3-14ad-4307-adb9-db90f65f5841: start FollowerState
2019-07-30 19:00:36,251 INFO  server.RaftServerConfigKeys (ConfUtils.java:logGet(43)) - raft.server.rpc.sleep.time = 25ms (default)
2019-07-30 19:00:36,254 INFO  server.RaftServerConfigKeys (ConfUtils.java:logGet(43)) - raft.server.write.element-limit = 4096 (default)
2019-07-30 19:00:36,254 INFO  server.RaftServerConfigKeys (ConfUtils.java:logGet(43)) - raft.server.watch.timeout = 10s (default)
2019-07-30 19:00:36,254 INFO  server.RaftServerConfigKeys (ConfUtils.java:logGet(43)) - raft.server.watch.timeout.denomination = 1s (default)
2019-07-30 19:00:36,254 INFO  server.RaftServerConfigKeys (ConfUtils.java:logGet(43)) - raft.server.watch.element-limit = 65536 (default)
2019-07-30 19:00:36,255 INFO  impl.LeaderElection (LeaderElection.java:logAndReturn(56)) - 17897573-112e-4610-9ad8-55c3ed9a9698:group-2BA9F1B26B3E:LeaderElection10: Election PASSED; received 1 response(s) [17897573-112e-4610-9ad8-55c3ed9a9698<-6e54eef3-6492-4f15-a243-31255825725e#0:OK-t1] and 0 exception(s); 17897573-112e-4610-9ad8-55c3ed9a9698:t1, leader=null, voted=17897573-112e-4610-9ad8-55c3ed9a9698, raftlog=17897573-112e-4610-9ad8-55c3ed9a9698-SegmentedRaftLog:OPENED:c-1,f-1,i0, conf=-1: [a12d8726-0518-4346-9bf2-61984692d4d0:192.168.5.147:44269, 6e54eef3-6492-4f15-a243-31255825725e:192.168.5.147:44710, 17897573-112e-4610-9ad8-55c3ed9a9698:192.168.5.147:36911], old=null
2019-07-30 19:00:36,255 INFO  impl.RoleInfo (RoleInfo.java:shutdownLeaderElection(134)) - 17897573-112e-4610-9ad8-55c3ed9a9698: shutdown LeaderElection
2019-07-30 19:00:36,256 INFO  impl.RaftServerImpl (RaftServerImpl.java:setRole(171)) - 17897573-112e-4610-9ad8-55c3ed9a9698:group-2BA9F1B26B3E changes role from CANDIDATE to LEADER at term 1 for changeToLeader
2019-07-30 19:00:36,260 INFO  impl.RaftServerImpl (ServerState.java:setLeader(263)) - 17897573-112e-4610-9ad8-55c3ed9a9698:group-2BA9F1B26B3E change Leader from null to 17897573-112e-4610-9ad8-55c3ed9a9698 at term 1 for becomeLeader, leader elected after 5127ms
2019-07-30 19:00:36,261 INFO  server.RaftServerConfigKeys (ConfUtils.java:logGet(43)) - raft.server.staging.catchup.gap = 1000 (default)
2019-07-30 19:00:36,261 INFO  server.RaftServerConfigKeys (ConfUtils.java:logGet(43)) - raft.server.rpc.sleep.time = 25ms (default)
2019-07-30 19:00:36,261 INFO  server.RaftServerConfigKeys (ConfUtils.java:logGet(43)) - raft.server.write.element-limit = 4096 (default)
2019-07-30 19:00:36,261 INFO  server.RaftServerConfigKeys (ConfUtils.java:logGet(43)) - raft.server.log.appender.snapshot.chunk.size.max = 16MB (=16777216) (default)
2019-07-30 19:00:36,263 INFO  server.RaftServerConfigKeys (ConfUtils.java:logGet(43)) - raft.server.watch.timeout = 10s (default)
2019-07-30 19:00:36,263 INFO  server.RaftServerConfigKeys (ConfUtils.java:logGet(43)) - raft.server.log.appender.buffer.byte-limit = 33554432 (custom)
2019-07-30 19:00:36,264 INFO  server.RaftServerConfigKeys (ConfUtils.java:logGet(43)) - raft.server.watch.timeout.denomination = 1s (default)
2019-07-30 19:00:36,264 INFO  server.RaftServerConfigKeys (ConfUtils.java:logGet(43)) - raft.server.watch.element-limit = 65536 (default)
2019-07-30 19:00:36,264 INFO  server.RaftServerConfigKeys (ConfUtils.java:logGet(43)) - raft.server.log.appender.snapshot.chunk.size.max = 16MB (=16777216) (default)
2019-07-30 19:00:36,264 INFO  server.RaftServerConfigKeys (ConfUtils.java:logGet(43)) - raft.server.log.appender.buffer.element-limit = 1 (custom)
2019-07-30 19:00:36,265 INFO  server.RaftServerConfigKeys (ConfUtils.java:logGet(43)) - raft.server.log.appender.buffer.byte-limit = 33554432 (custom)
2019-07-30 19:00:36,265 INFO  server.RaftServerConfigKeys (ConfUtils.java:logGet(43)) - raft.server.log.appender.buffer.element-limit = 1 (custom)
2019-07-30 19:00:36,268 INFO  grpc.GrpcConfigKeys$Server (ConfUtils.java:logGet(43)) - raft.grpc.server.leader.outstanding.appends.max = 128 (default)
2019-07-30 19:00:36,270 INFO  grpc.GrpcConfigKeys$Server (ConfUtils.java:logGet(43)) - raft.grpc.server.leader.outstanding.appends.max = 128 (default)
2019-07-30 19:00:36,270 INFO  server.RaftServerConfigKeys (ConfUtils.java:logGet(43)) - raft.server.rpc.request.timeout = 3000ms (default)
2019-07-30 19:00:36,270 INFO  server.RaftServerConfigKeys (ConfUtils.java:logGet(43)) - raft.server.rpc.request.timeout = 3000ms (default)
2019-07-30 19:00:36,271 INFO  server.RaftServerConfigKeys (ConfUtils.java:logGet(43)) - raft.server.log.appender.install.snapshot.enabled = false (custom)
2019-07-30 19:00:36,271 INFO  server.RaftServerConfigKeys (ConfUtils.java:logGet(43)) - raft.server.log.appender.install.snapshot.enabled = false (custom)
2019-07-30 19:00:36,271 INFO  server.RaftServerConfigKeys (ConfUtils.java:logGet(43)) - raft.server.log.appender.snapshot.chunk.size.max = 16MB (=16777216) (default)
2019-07-30 19:00:36,271 INFO  server.RaftServerConfigKeys (ConfUtils.java:logGet(43)) - raft.server.log.appender.snapshot.chunk.size.max = 16MB (=16777216) (default)
2019-07-30 19:00:36,271 INFO  server.RaftServerConfigKeys (ConfUtils.java:logGet(43)) - raft.server.log.appender.buffer.byte-limit = 33554432 (custom)
2019-07-30 19:00:36,272 INFO  server.RaftServerConfigKeys (ConfUtils.java:logGet(43)) - raft.server.log.appender.buffer.byte-limit = 33554432 (custom)
2019-07-30 19:00:36,272 INFO  server.RaftServerConfigKeys (ConfUtils.java:logGet(43)) - raft.server.log.appender.buffer.element-limit = 1 (custom)
2019-07-30 19:00:36,272 INFO  server.RaftServerConfigKeys (ConfUtils.java:logGet(43)) - raft.server.log.appender.buffer.element-limit = 1 (custom)
2019-07-30 19:00:36,272 INFO  grpc.GrpcConfigKeys$Server (ConfUtils.java:logGet(43)) - raft.grpc.server.leader.outstanding.appends.max = 128 (default)
2019-07-30 19:00:36,272 INFO  grpc.GrpcConfigKeys$Server (ConfUtils.java:logGet(43)) - raft.grpc.server.leader.outstanding.appends.max = 128 (default)
2019-07-30 19:00:36,272 INFO  server.RaftServerConfigKeys (ConfUtils.java:logGet(43)) - raft.server.rpc.request.timeout = 3000ms (default)
2019-07-30 19:00:36,273 INFO  server.RaftServerConfigKeys (ConfUtils.java:logGet(43)) - raft.server.rpc.request.timeout = 3000ms (default)
2019-07-30 19:00:36,273 INFO  server.RaftServerConfigKeys (ConfUtils.java:logGet(43)) - raft.server.log.appender.install.snapshot.enabled = false (custom)
2019-07-30 19:00:36,273 INFO  server.RaftServerConfigKeys (ConfUtils.java:logGet(43)) - raft.server.log.appender.install.snapshot.enabled = false (custom)
2019-07-30 19:00:36,275 INFO  impl.RoleInfo (RoleInfo.java:updateAndGet(143)) - 17897573-112e-4610-9ad8-55c3ed9a9698: start LeaderState
2019-07-30 19:00:36,275 INFO  impl.RoleInfo (RoleInfo.java:updateAndGet(143)) - 411958a3-ab64-4380-bf36-dfe9236fe105: start LeaderState
2019-07-30 19:00:36,275 INFO  segmented.SegmentedRaftLogWorker (SegmentedRaftLogWorker.java:startLogSegment(380)) - 17897573-112e-4610-9ad8-55c3ed9a9698-SegmentedRaftLogWorker:Storage Directory /workdir/hadoop-ozone/integration-test/target/test-dir/MiniOzoneClusterImpl-cde36970-375a-443a-bf44-429d63a9d0f0/datanode-2/data/ratis/0fe0d6aa-7afd-40ad-bd9c-2ba9f1b26b3e: Starting segment from index:0
2019-07-30 19:00:36,275 INFO  segmented.SegmentedRaftLogWorker (SegmentedRaftLogWorker.java:startLogSegment(380)) - 411958a3-ab64-4380-bf36-dfe9236fe105-SegmentedRaftLogWorker:Storage Directory /workdir/hadoop-ozone/integration-test/target/test-dir/MiniOzoneClusterImpl-cde36970-375a-443a-bf44-429d63a9d0f0/datanode-6/data/ratis/8debd10f-040f-4a7a-85ee-b287fe940f30: Starting segment from index:0
2019-07-30 19:00:36,276 INFO  impl.RaftServerImpl (ServerState.java:setRaftConf(361)) - 17897573-112e-4610-9ad8-55c3ed9a9698:group-2BA9F1B26B3E set configuration 0: [a12d8726-0518-4346-9bf2-61984692d4d0:192.168.5.147:44269, 6e54eef3-6492-4f15-a243-31255825725e:192.168.5.147:44710, 17897573-112e-4610-9ad8-55c3ed9a9698:192.168.5.147:36911], old=null at 0
2019-07-30 19:00:36,276 INFO  impl.RaftServerImpl (ServerState.java:setRaftConf(361)) - 411958a3-ab64-4380-bf36-dfe9236fe105:group-B287FE940F30 set configuration 0: [150de6d3-14ad-4307-adb9-db90f65f5841:192.168.5.147:46490, 8a2aa23d-f99d-42d0-8b9e-8177cc389221:192.168.5.147:41487, 411958a3-ab64-4380-bf36-dfe9236fe105:192.168.5.147:39259], old=null at 0
2019-07-30 19:00:36,319 INFO  segmented.SegmentedRaftLogWorker (SegmentedRaftLogWorker.java:execute(569)) - 411958a3-ab64-4380-bf36-dfe9236fe105-SegmentedRaftLogWorker:Storage Directory /workdir/hadoop-ozone/integration-test/target/test-dir/MiniOzoneClusterImpl-cde36970-375a-443a-bf44-429d63a9d0f0/datanode-6/data/ratis/8debd10f-040f-4a7a-85ee-b287fe940f30: created new log segment /workdir/hadoop-ozone/integration-test/target/test-dir/MiniOzoneClusterImpl-cde36970-375a-443a-bf44-429d63a9d0f0/datanode-6/data/ratis/8debd10f-040f-4a7a-85ee-b287fe940f30/current/log_inprogress_0
2019-07-30 19:00:36,319 INFO  segmented.SegmentedRaftLogWorker (SegmentedRaftLogWorker.java:execute(569)) - 17897573-112e-4610-9ad8-55c3ed9a9698-SegmentedRaftLogWorker:Storage Directory /workdir/hadoop-ozone/integration-test/target/test-dir/MiniOzoneClusterImpl-cde36970-375a-443a-bf44-429d63a9d0f0/datanode-2/data/ratis/0fe0d6aa-7afd-40ad-bd9c-2ba9f1b26b3e: created new log segment /workdir/hadoop-ozone/integration-test/target/test-dir/MiniOzoneClusterImpl-cde36970-375a-443a-bf44-429d63a9d0f0/datanode-2/data/ratis/0fe0d6aa-7afd-40ad-bd9c-2ba9f1b26b3e/current/log_inprogress_0
2019-07-30 19:00:36,353 INFO  impl.RaftServerImpl (ServerState.java:setLeader(263)) - a12d8726-0518-4346-9bf2-61984692d4d0:group-2BA9F1B26B3E change Leader from null to 17897573-112e-4610-9ad8-55c3ed9a9698 at term 1 for appendEntries, leader elected after 5225ms
2019-07-30 19:00:36,355 INFO  impl.RaftServerImpl (ServerState.java:setLeader(263)) - 150de6d3-14ad-4307-adb9-db90f65f5841:group-B287FE940F30 change Leader from null to 411958a3-ab64-4380-bf36-dfe9236fe105 at term 1 for appendEntries, leader elected after 5336ms
2019-07-30 19:00:36,357 INFO  client.GrpcClientProtocolClient (GrpcClientProtocolClient.java:onNext(255)) - client-4175C1DF2935->150de6d3-14ad-4307-adb9-db90f65f5841: receive RaftClientReply:client-4175C1DF2935->150de6d3-14ad-4307-adb9-db90f65f5841@group-B287FE940F30, cid=13, FAILED org.apache.ratis.protocol.NotLeaderException: Server 150de6d3-14ad-4307-adb9-db90f65f5841 is not the leader (null). Request must be sent to leader., logIndex=0, commits[150de6d3-14ad-4307-adb9-db90f65f5841:c-1]
2019-07-30 19:00:36,357 INFO  impl.RaftServerImpl (ServerState.java:setLeader(263)) - 8a2aa23d-f99d-42d0-8b9e-8177cc389221:group-B287FE940F30 change Leader from null to 411958a3-ab64-4380-bf36-dfe9236fe105 at term 1 for appendEntries, leader elected after 5337ms
2019-07-30 19:00:36,355 INFO  impl.RaftServerImpl (ServerState.java:setLeader(263)) - 6e54eef3-6492-4f15-a243-31255825725e:group-2BA9F1B26B3E change Leader from null to 17897573-112e-4610-9ad8-55c3ed9a9698 at term 1 for appendEntries, leader elected after 5227ms
2019-07-30 19:00:36,410 INFO  impl.RaftServerImpl (ServerState.java:setRaftConf(361)) - a12d8726-0518-4346-9bf2-61984692d4d0:group-2BA9F1B26B3E set configuration 0: [a12d8726-0518-4346-9bf2-61984692d4d0:192.168.5.147:44269, 6e54eef3-6492-4f15-a243-31255825725e:192.168.5.147:44710, 17897573-112e-4610-9ad8-55c3ed9a9698:192.168.5.147:36911], old=null at 0
2019-07-30 19:00:36,410 INFO  impl.RaftServerImpl (ServerState.java:setRaftConf(361)) - 8a2aa23d-f99d-42d0-8b9e-8177cc389221:group-B287FE940F30 set configuration 0: [150de6d3-14ad-4307-adb9-db90f65f5841:192.168.5.147:46490, 8a2aa23d-f99d-42d0-8b9e-8177cc389221:192.168.5.147:41487, 411958a3-ab64-4380-bf36-dfe9236fe105:192.168.5.147:39259], old=null at 0
2019-07-30 19:00:36,410 INFO  impl.RaftServerImpl (ServerState.java:setRaftConf(361)) - 150de6d3-14ad-4307-adb9-db90f65f5841:group-B287FE940F30 set configuration 0: [150de6d3-14ad-4307-adb9-db90f65f5841:192.168.5.147:46490, 8a2aa23d-f99d-42d0-8b9e-8177cc389221:192.168.5.147:41487, 411958a3-ab64-4380-bf36-dfe9236fe105:192.168.5.147:39259], old=null at 0
2019-07-30 19:00:36,410 INFO  impl.RaftServerImpl (ServerState.java:setRaftConf(361)) - 6e54eef3-6492-4f15-a243-31255825725e:group-2BA9F1B26B3E set configuration 0: [a12d8726-0518-4346-9bf2-61984692d4d0:192.168.5.147:44269, 6e54eef3-6492-4f15-a243-31255825725e:192.168.5.147:44710, 17897573-112e-4610-9ad8-55c3ed9a9698:192.168.5.147:36911], old=null at 0
2019-07-30 19:00:36,411 INFO  segmented.SegmentedRaftLogWorker (SegmentedRaftLogWorker.java:startLogSegment(380)) - 150de6d3-14ad-4307-adb9-db90f65f5841-SegmentedRaftLogWorker:Storage Directory /workdir/hadoop-ozone/integration-test/target/test-dir/MiniOzoneClusterImpl-cde36970-375a-443a-bf44-429d63a9d0f0/datanode-1/data/ratis/8debd10f-040f-4a7a-85ee-b287fe940f30: Starting segment from index:0
2019-07-30 19:00:36,411 INFO  segmented.SegmentedRaftLogWorker (SegmentedRaftLogWorker.java:startLogSegment(380)) - 8a2aa23d-f99d-42d0-8b9e-8177cc389221-SegmentedRaftLogWorker:Storage Directory /workdir/hadoop-ozone/integration-test/target/test-dir/MiniOzoneClusterImpl-cde36970-375a-443a-bf44-429d63a9d0f0/datanode-4/data/ratis/8debd10f-040f-4a7a-85ee-b287fe940f30: Starting segment from index:0
2019-07-30 19:00:36,410 INFO  segmented.SegmentedRaftLogWorker (SegmentedRaftLogWorker.java:startLogSegment(380)) - a12d8726-0518-4346-9bf2-61984692d4d0-SegmentedRaftLogWorker:Storage Directory /workdir/hadoop-ozone/integration-test/target/test-dir/MiniOzoneClusterImpl-cde36970-375a-443a-bf44-429d63a9d0f0/datanode-3/data/ratis/0fe0d6aa-7afd-40ad-bd9c-2ba9f1b26b3e: Starting segment from index:0
2019-07-30 19:00:36,411 INFO  segmented.SegmentedRaftLogWorker (SegmentedRaftLogWorker.java:startLogSegment(380)) - 6e54eef3-6492-4f15-a243-31255825725e-SegmentedRaftLogWorker:Storage Directory /workdir/hadoop-ozone/integration-test/target/test-dir/MiniOzoneClusterImpl-cde36970-375a-443a-bf44-429d63a9d0f0/datanode-5/data/ratis/0fe0d6aa-7afd-40ad-bd9c-2ba9f1b26b3e: Starting segment from index:0
2019-07-30 19:00:36,436 INFO  segmented.SegmentedRaftLogWorker (SegmentedRaftLogWorker.java:execute(569)) - 8a2aa23d-f99d-42d0-8b9e-8177cc389221-SegmentedRaftLogWorker:Storage Directory /workdir/hadoop-ozone/integration-test/target/test-dir/MiniOzoneClusterImpl-cde36970-375a-443a-bf44-429d63a9d0f0/datanode-4/data/ratis/8debd10f-040f-4a7a-85ee-b287fe940f30: created new log segment /workdir/hadoop-ozone/integration-test/target/test-dir/MiniOzoneClusterImpl-cde36970-375a-443a-bf44-429d63a9d0f0/datanode-4/data/ratis/8debd10f-040f-4a7a-85ee-b287fe940f30/current/log_inprogress_0
2019-07-30 19:00:36,446 INFO  segmented.SegmentedRaftLogWorker (SegmentedRaftLogWorker.java:execute(569)) - 6e54eef3-6492-4f15-a243-31255825725e-SegmentedRaftLogWorker:Storage Directory /workdir/hadoop-ozone/integration-test/target/test-dir/MiniOzoneClusterImpl-cde36970-375a-443a-bf44-429d63a9d0f0/datanode-5/data/ratis/0fe0d6aa-7afd-40ad-bd9c-2ba9f1b26b3e: created new log segment /workdir/hadoop-ozone/integration-test/target/test-dir/MiniOzoneClusterImpl-cde36970-375a-443a-bf44-429d63a9d0f0/datanode-5/data/ratis/0fe0d6aa-7afd-40ad-bd9c-2ba9f1b26b3e/current/log_inprogress_0
2019-07-30 19:00:36,449 INFO  segmented.SegmentedRaftLogWorker (SegmentedRaftLogWorker.java:execute(569)) - 150de6d3-14ad-4307-adb9-db90f65f5841-SegmentedRaftLogWorker:Storage Directory /workdir/hadoop-ozone/integration-test/target/test-dir/MiniOzoneClusterImpl-cde36970-375a-443a-bf44-429d63a9d0f0/datanode-1/data/ratis/8debd10f-040f-4a7a-85ee-b287fe940f30: created new log segment /workdir/hadoop-ozone/integration-test/target/test-dir/MiniOzoneClusterImpl-cde36970-375a-443a-bf44-429d63a9d0f0/datanode-1/data/ratis/8debd10f-040f-4a7a-85ee-b287fe940f30/current/log_inprogress_0
2019-07-30 19:00:36,449 INFO  segmented.SegmentedRaftLogWorker (SegmentedRaftLogWorker.java:execute(569)) - a12d8726-0518-4346-9bf2-61984692d4d0-SegmentedRaftLogWorker:Storage Directory /workdir/hadoop-ozone/integration-test/target/test-dir/MiniOzoneClusterImpl-cde36970-375a-443a-bf44-429d63a9d0f0/datanode-3/data/ratis/0fe0d6aa-7afd-40ad-bd9c-2ba9f1b26b3e: created new log segment /workdir/hadoop-ozone/integration-test/target/test-dir/MiniOzoneClusterImpl-cde36970-375a-443a-bf44-429d63a9d0f0/datanode-3/data/ratis/0fe0d6aa-7afd-40ad-bd9c-2ba9f1b26b3e/current/log_inprogress_0
2019-07-30 19:00:37,591 INFO  client.GrpcClientProtocolClient (GrpcClientProtocolClient.java:onNext(255)) - client-4175C1DF2935->411958a3-ab64-4380-bf36-dfe9236fe105: receive RaftClientReply:client-4175C1DF2935->411958a3-ab64-4380-bf36-dfe9236fe105@group-B287FE940F30, cid=13, SUCCESS, logIndex=1, commits[411958a3-ab64-4380-bf36-dfe9236fe105:c1, 150de6d3-14ad-4307-adb9-db90f65f5841:c0, 8a2aa23d-f99d-42d0-8b9e-8177cc389221:c0]
2019-07-30 19:00:37,628 INFO  client.GrpcClientProtocolClient (GrpcClientProtocolClient.java:onNext(255)) - client-4175C1DF2935->411958a3-ab64-4380-bf36-dfe9236fe105: receive RaftClientReply:client-4175C1DF2935->411958a3-ab64-4380-bf36-dfe9236fe105@group-B287FE940F30, cid=14, SUCCESS, logIndex=3, commits[411958a3-ab64-4380-bf36-dfe9236fe105:c3, 150de6d3-14ad-4307-adb9-db90f65f5841:c2, 8a2aa23d-f99d-42d0-8b9e-8177cc389221:c2]
2019-07-30 19:00:37,677 INFO  client.GrpcClientProtocolClient (GrpcClientProtocolClient.java:onNext(255)) - client-4175C1DF2935->411958a3-ab64-4380-bf36-dfe9236fe105: receive RaftClientReply:client-4175C1DF2935->411958a3-ab64-4380-bf36-dfe9236fe105@group-B287FE940F30, cid=15, SUCCESS, logIndex=4, commits[411958a3-ab64-4380-bf36-dfe9236fe105:c12, 150de6d3-14ad-4307-adb9-db90f65f5841:c9, 8a2aa23d-f99d-42d0-8b9e-8177cc389221:c8]
2019-07-30 19:00:37,681 INFO  client.GrpcClientProtocolClient (GrpcClientProtocolClient.java:onNext(255)) - client-4175C1DF2935->411958a3-ab64-4380-bf36-dfe9236fe105: receive RaftClientReply:client-4175C1DF2935->411958a3-ab64-4380-bf36-dfe9236fe105@group-B287FE940F30, cid=16, SUCCESS, logIndex=6, commits[411958a3-ab64-4380-bf36-dfe9236fe105:c12, 150de6d3-14ad-4307-adb9-db90f65f5841:c9, 8a2aa23d-f99d-42d0-8b9e-8177cc389221:c8]
2019-07-30 19:00:37,681 INFO  client.GrpcClientProtocolClient (GrpcClientProtocolClient.java:onNext(255)) - client-4175C1DF2935->411958a3-ab64-4380-bf36-dfe9236fe105: receive RaftClientReply:client-4175C1DF2935->411958a3-ab64-4380-bf36-dfe9236fe105@group-B287FE940F30, cid=17, SUCCESS, logIndex=7, commits[411958a3-ab64-4380-bf36-dfe9236fe105:c12, 150de6d3-14ad-4307-adb9-db90f65f5841:c9, 8a2aa23d-f99d-42d0-8b9e-8177cc389221:c8]
2019-07-30 19:00:37,725 INFO  client.GrpcClientProtocolClient (GrpcClientProtocolClient.java:onNext(255)) - client-4175C1DF2935->411958a3-ab64-4380-bf36-dfe9236fe105: receive RaftClientReply:client-4175C1DF2935->411958a3-ab64-4380-bf36-dfe9236fe105@group-B287FE940F30, cid=18, SUCCESS, logIndex=8, commits[411958a3-ab64-4380-bf36-dfe9236fe105:c12, 150de6d3-14ad-4307-adb9-db90f65f5841:c9, 8a2aa23d-f99d-42d0-8b9e-8177cc389221:c8]
2019-07-30 19:00:37,749 INFO  client.GrpcClientProtocolClient (GrpcClientProtocolClient.java:onNext(255)) - client-4175C1DF2935->411958a3-ab64-4380-bf36-dfe9236fe105: receive RaftClientReply:client-4175C1DF2935->411958a3-ab64-4380-bf36-dfe9236fe105@group-B287FE940F30, cid=19, SUCCESS, logIndex=13, commits[411958a3-ab64-4380-bf36-dfe9236fe105:c14, 150de6d3-14ad-4307-adb9-db90f65f5841:c12, 8a2aa23d-f99d-42d0-8b9e-8177cc389221:c12]
2019-07-30 19:00:37,753 INFO  client.GrpcClientProtocolClient (GrpcClientProtocolClient.java:onNext(255)) - client-4175C1DF2935->411958a3-ab64-4380-bf36-dfe9236fe105: receive RaftClientReply:client-4175C1DF2935->411958a3-ab64-4380-bf36-dfe9236fe105@group-B287FE940F30, cid=20, SUCCESS, logIndex=14, commits[411958a3-ab64-4380-bf36-dfe9236fe105:c14, 150de6d3-14ad-4307-adb9-db90f65f5841:c12, 8a2aa23d-f99d-42d0-8b9e-8177cc389221:c12]
2019-07-30 19:00:37,782 INFO  client.GrpcClientProtocolClient (GrpcClientProtocolClient.java:onNext(255)) - client-4175C1DF2935->411958a3-ab64-4380-bf36-dfe9236fe105: receive RaftClientReply:client-4175C1DF2935->411958a3-ab64-4380-bf36-dfe9236fe105@group-B287FE940F30, cid=21, SUCCESS, logIndex=0, commits[411958a3-ab64-4380-bf36-dfe9236fe105:c16, 150de6d3-14ad-4307-adb9-db90f65f5841:c14, 8a2aa23d-f99d-42d0-8b9e-8177cc389221:c14]
2019-07-30 19:00:37,784 INFO  datanode.ObjectStoreHandler (ObjectStoreHandler.java:close(155)) - Closing ObjectStoreHandler.
2019-07-30 19:00:37,785 INFO  ozone.HddsDatanodeService (HddsDatanodeService.java:stop(451)) - Stopped plug-in org.apache.hadoop.ozone.web.OzoneHddsDatanodeService@20d19f2c
2019-07-30 19:00:38,564 INFO  statemachine.DatanodeStateMachine (DatanodeStateMachine.java:lambda$startDaemon$0(350)) - Ozone container server started.
2019-07-30 19:00:42,665 INFO  node.StaleNodeHandler (StaleNodeHandler.java:onMessage(58)) - Datanode 150de6d3-14ad-4307-adb9-db90f65f5841{ip: 192.168.5.147, host: byscane-nightly-d7s94-1643579034, networkLocation: /default-rack, certSerialId: null} moved to stale state. Finalizing its pipelines [PipelineID=33d3c79e-9482-496f-b48d-16f60e065119, PipelineID=8debd10f-040f-4a7a-85ee-b287fe940f30]
2019-07-30 19:00:42,665 INFO  pipeline.SCMPipelineManager (SCMPipelineManager.java:finalizeAndDestroyPipeline(309)) - destroying pipeline:Pipeline[ Id: 33d3c79e-9482-496f-b48d-16f60e065119, Nodes: 150de6d3-14ad-4307-adb9-db90f65f5841{ip: 192.168.5.147, host: byscane-nightly-d7s94-1643579034, networkLocation: /default-rack, certSerialId: null}, Type:RATIS, Factor:ONE, State:OPEN]
2019-07-30 19:00:42,667 INFO  pipeline.PipelineStateManager (PipelineStateManager.java:finalizePipeline(123)) - Pipeline Pipeline[ Id: 33d3c79e-9482-496f-b48d-16f60e065119, Nodes: 150de6d3-14ad-4307-adb9-db90f65f5841{ip: 192.168.5.147, host: byscane-nightly-d7s94-1643579034, networkLocation: /default-rack, certSerialId: null}, Type:RATIS, Factor:ONE, State:CLOSED] moved to CLOSED state
2019-07-30 19:00:42,669 INFO  pipeline.SCMPipelineManager (SCMPipelineManager.java:finalizeAndDestroyPipeline(309)) - destroying pipeline:Pipeline[ Id: 8debd10f-040f-4a7a-85ee-b287fe940f30, Nodes: 150de6d3-14ad-4307-adb9-db90f65f5841{ip: 192.168.5.147, host: byscane-nightly-d7s94-1643579034, networkLocation: /default-rack, certSerialId: null}8a2aa23d-f99d-42d0-8b9e-8177cc389221{ip: 192.168.5.147, host: byscane-nightly-d7s94-1643579034, networkLocation: /default-rack, certSerialId: null}411958a3-ab64-4380-bf36-dfe9236fe105{ip: 192.168.5.147, host: byscane-nightly-d7s94-1643579034, networkLocation: /default-rack, certSerialId: null}, Type:RATIS, Factor:THREE, State:OPEN]
2019-07-30 19:00:42,670 INFO  pipeline.PipelineStateManager (PipelineStateManager.java:finalizePipeline(123)) - Pipeline Pipeline[ Id: 8debd10f-040f-4a7a-85ee-b287fe940f30, Nodes: 150de6d3-14ad-4307-adb9-db90f65f5841{ip: 192.168.5.147, host: byscane-nightly-d7s94-1643579034, networkLocation: /default-rack, certSerialId: null}8a2aa23d-f99d-42d0-8b9e-8177cc389221{ip: 192.168.5.147, host: byscane-nightly-d7s94-1643579034, networkLocation: /default-rack, certSerialId: null}411958a3-ab64-4380-bf36-dfe9236fe105{ip: 192.168.5.147, host: byscane-nightly-d7s94-1643579034, networkLocation: /default-rack, certSerialId: null}, Type:RATIS, Factor:THREE, State:CLOSED] moved to CLOSED state
2019-07-30 19:00:42,671 INFO  container.CloseContainerEventHandler (CloseContainerEventHandler.java:onMessage(61)) - Close container Event triggered for container : #1
2019-07-30 19:00:42,787 INFO  ozoneimpl.OzoneContainer (OzoneContainer.java:stop(199)) - Attempting to stop container services.
2019-07-30 19:00:42,791 INFO  impl.RaftServerProxy (RaftServerProxy.java:lambda$close$4(314)) - 150de6d3-14ad-4307-adb9-db90f65f5841: close
2019-07-30 19:00:42,793 INFO  impl.RaftServerImpl (RaftServerImpl.java:lambda$shutdown$3(245)) - 150de6d3-14ad-4307-adb9-db90f65f5841: shutdown group-16F60E065119
2019-07-30 19:00:42,793 INFO  impl.RaftServerImpl (RaftServerImpl.java:lambda$shutdown$3(245)) - 150de6d3-14ad-4307-adb9-db90f65f5841: shutdown group-B287FE940F30
2019-07-30 19:00:42,794 INFO  util.JmxRegister (JmxRegister.java:unregister(73)) - Successfully un-registered JMX Bean with object name Ratis:service=RaftServer,group=group-16F60E065119,id=150de6d3-14ad-4307-adb9-db90f65f5841
2019-07-30 19:00:42,794 INFO  util.JmxRegister (JmxRegister.java:unregister(73)) - Successfully un-registered JMX Bean with object name Ratis:service=RaftServer,group=group-B287FE940F30,id=150de6d3-14ad-4307-adb9-db90f65f5841
2019-07-30 19:00:42,794 INFO  impl.RoleInfo (RoleInfo.java:shutdownLeaderState(104)) - 150de6d3-14ad-4307-adb9-db90f65f5841: shutdown LeaderState
2019-07-30 19:00:42,794 INFO  impl.RoleInfo (RoleInfo.java:shutdownFollowerState(121)) - 150de6d3-14ad-4307-adb9-db90f65f5841: shutdown FollowerState
2019-07-30 19:00:42,795 INFO  impl.StateMachineUpdater (StateMachineUpdater.java:stopAndJoin(115)) - StateMachineUpdater:150de6d3-14ad-4307-adb9-db90f65f5841:group-B287FE940F30: set stopIndex = 16
2019-07-30 19:00:42,795 INFO  impl.PendingRequests (PendingRequests.java:sendNotLeaderResponses(202)) - 150de6d3-14ad-4307-adb9-db90f65f5841-PendingRequests: sendNotLeaderResponses
2019-07-30 19:00:42,795 INFO  impl.FollowerState (FollowerState.java:run(114)) - 150de6d3-14ad-4307-adb9-db90f65f5841: FollowerState was interrupted: java.lang.InterruptedException: sleep interrupted
2019-07-30 19:00:42,795 INFO  ratis.ContainerStateMachine (ContainerStateMachine.java:takeSnapshot(262)) - group-B287FE940F30: Taking a snapshot at:(t:1, i:14) file /workdir/hadoop-ozone/integration-test/target/test-dir/MiniOzoneClusterImpl-cde36970-375a-443a-bf44-429d63a9d0f0/datanode-1/data/ratis/8debd10f-040f-4a7a-85ee-b287fe940f30/sm/snapshot.1_14
2019-07-30 19:00:42,800 INFO  impl.StateMachineUpdater (StateMachineUpdater.java:stopAndJoin(115)) - StateMachineUpdater:150de6d3-14ad-4307-adb9-db90f65f5841:group-16F60E065119: set stopIndex = 0
2019-07-30 19:00:42,804 INFO  impl.RaftServerImpl (ServerState.java:close(394)) - 150de6d3-14ad-4307-adb9-db90f65f5841:group-16F60E065119 closes. The last applied log index is 0
2019-07-30 19:00:42,806 INFO  segmented.SegmentedRaftLogWorker (SegmentedRaftLogWorker.java:run(313)) - 150de6d3-14ad-4307-adb9-db90f65f5841-SegmentedRaftLogWorker:Storage Directory /workdir/hadoop-ozone/integration-test/target/test-dir/MiniOzoneClusterImpl-cde36970-375a-443a-bf44-429d63a9d0f0/datanode-1/data/ratis/33d3c79e-9482-496f-b48d-16f60e065119 was interrupted, exiting. There are 0 tasks remaining in the queue.
2019-07-30 19:00:42,809 INFO  segmented.SegmentedRaftLogWorker (SegmentedRaftLogWorker.java:close(228)) - 150de6d3-14ad-4307-adb9-db90f65f5841-SegmentedRaftLogWorker:Storage Directory /workdir/hadoop-ozone/integration-test/target/test-dir/MiniOzoneClusterImpl-cde36970-375a-443a-bf44-429d63a9d0f0/datanode-1/data/ratis/33d3c79e-9482-496f-b48d-16f60e065119 close()
2019-07-30 19:00:42,827 INFO  ratis.ContainerStateMachine (ContainerStateMachine.java:takeSnapshot(273)) - group-B287FE940F30: Finished taking a snapshot at:(t:1, i:14) file:/workdir/hadoop-ozone/integration-test/target/test-dir/MiniOzoneClusterImpl-cde36970-375a-443a-bf44-429d63a9d0f0/datanode-1/data/ratis/8debd10f-040f-4a7a-85ee-b287fe940f30/sm/snapshot.1_14 time:32
2019-07-30 19:00:42,827 INFO  impl.StateMachineUpdater (StateMachineUpdater.java:takeSnapshot(242)) - StateMachineUpdater:150de6d3-14ad-4307-adb9-db90f65f5841:group-B287FE940F30: Took a snapshot at index 14
2019-07-30 19:00:42,827 INFO  impl.StateMachineUpdater (StateMachineUpdater.java:lambda$new$0(80)) - StateMachineUpdater:150de6d3-14ad-4307-adb9-db90f65f5841:group-B287FE940F30: snapshotIndex: updateIncreasingly -1 -> 14
2019-07-30 19:00:42,832 INFO  impl.RaftServerImpl (ServerState.java:close(394)) - 150de6d3-14ad-4307-adb9-db90f65f5841:group-B287FE940F30 closes. The last applied log index is 16
2019-07-30 19:00:42,833 INFO  segmented.SegmentedRaftLogWorker (SegmentedRaftLogWorker.java:run(313)) - 150de6d3-14ad-4307-adb9-db90f65f5841-SegmentedRaftLogWorker:Storage Directory /workdir/hadoop-ozone/integration-test/target/test-dir/MiniOzoneClusterImpl-cde36970-375a-443a-bf44-429d63a9d0f0/datanode-1/data/ratis/8debd10f-040f-4a7a-85ee-b287fe940f30 was interrupted, exiting. There are 0 tasks remaining in the queue.
2019-07-30 19:00:42,835 INFO  segmented.SegmentedRaftLogWorker (SegmentedRaftLogWorker.java:close(228)) - 150de6d3-14ad-4307-adb9-db90f65f5841-SegmentedRaftLogWorker:Storage Directory /workdir/hadoop-ozone/integration-test/target/test-dir/MiniOzoneClusterImpl-cde36970-375a-443a-bf44-429d63a9d0f0/datanode-1/data/ratis/8debd10f-040f-4a7a-85ee-b287fe940f30 close()
2019-07-30 19:00:42,836 INFO  server.GrpcService (GrpcService.java:closeImpl(155)) - 150de6d3-14ad-4307-adb9-db90f65f5841: shutdown server with port 46490 now
2019-07-30 19:00:42,849 INFO  server.GrpcService (GrpcService.java:closeImpl(163)) - 150de6d3-14ad-4307-adb9-db90f65f5841: shutdown server with port 46490 successfully
2019-07-30 19:00:42,849 WARN  server.GrpcServerProtocolService (LogUtils.java:warn(134)) - 150de6d3-14ad-4307-adb9-db90f65f5841: appendEntries onError: org.apache.ratis.thirdparty.io.grpc.StatusRuntimeException: CANCELLED: cancelled before receiving half close
2019-07-30 19:00:42,851 INFO  utils.BackgroundService (BackgroundService.java:shutdown(148)) - Shutting down service BlockDeletingService
2019-07-30 19:00:42,853 WARN  fs.CachingGetSpaceUsed (CachingGetSpaceUsed.java:run(183)) - Thread Interrupted waiting to refresh disk information: sleep interrupted
2019-07-30 19:00:42,853 WARN  server.GrpcLogAppender (LogUtils.java:warn(134)) - 411958a3-ab64-4380-bf36-dfe9236fe105->150de6d3-14ad-4307-adb9-db90f65f5841: Failed appendEntries: org.apache.ratis.thirdparty.io.grpc.StatusRuntimeException: CANCELLED: HTTP/2 error code: CANCEL
Received Rst Stream
2019-07-30 19:00:42,860 INFO  impl.FollowerInfo (FollowerInfo.java:lambda$new$0(50)) - 411958a3-ab64-4380-bf36-dfe9236fe105->150de6d3-14ad-4307-adb9-db90f65f5841: nextIndex: updateUnconditionally 17 -> 16
2019-07-30 19:00:42,882 INFO  statemachine.DatanodeStateMachine (DatanodeStateMachine.java:stopDaemon(395)) - Ozone container server stopped.
2019-07-30 19:00:42,896 INFO  handler.ContextHandler (ContextHandler.java:doStop(910)) - Stopped o.e.j.w.WebAppContext@747835f5{/,null,UNAVAILABLE}{/hddsDatanode}
2019-07-30 19:00:42,904 INFO  server.AbstractConnector (AbstractConnector.java:doStop(318)) - Stopped ServerConnector@594131f2{HTTP/1.1,[http/1.1]}{0.0.0.0:0}
2019-07-30 19:00:42,905 INFO  handler.ContextHandler (ContextHandler.java:doStop(910)) - Stopped o.e.j.s.ServletContextHandler@32a4ecbe{/static,jar:file:/home/user/.m2/repository/org/apache/hadoop/hadoop-hdds-container-service/0.4.1-SNAPSHOT/hadoop-hdds-container-service-0.4.1-SNAPSHOT.jar!/webapps/static,UNAVAILABLE}
2019-07-30 19:00:42,905 INFO  handler.ContextHandler (ContextHandler.java:doStop(910)) - Stopped o.e.j.s.ServletContextHandler@515b9d4a{/logs,file:///workdir/hadoop-ozone/integration-test/target/log,UNAVAILABLE}
2019-07-30 19:00:42,908 INFO  datanode.ObjectStoreHandler (ObjectStoreHandler.java:close(155)) - Closing ObjectStoreHandler.
2019-07-30 19:00:42,909 INFO  ozone.HddsDatanodeService (HddsDatanodeService.java:stop(451)) - Stopped plug-in org.apache.hadoop.ozone.web.OzoneHddsDatanodeService@7364f68
2019-07-30 19:00:43,565 INFO  statemachine.DatanodeStateMachine (DatanodeStateMachine.java:lambda$startDaemon$0(350)) - Ozone container server started.
2019-07-30 19:00:45,284 WARN  server.GrpcLogAppender (LogUtils.java:warn(134)) - 411958a3-ab64-4380-bf36-dfe9236fe105->150de6d3-14ad-4307-adb9-db90f65f5841: Failed appendEntries: org.apache.ratis.thirdparty.io.grpc.StatusRuntimeException: UNAVAILABLE: io exception
2019-07-30 19:00:45,287 INFO  impl.FollowerInfo (FollowerInfo.java:lambda$new$0(50)) - 411958a3-ab64-4380-bf36-dfe9236fe105->150de6d3-14ad-4307-adb9-db90f65f5841: nextIndex: updateUnconditionally 16 -> 15
2019-07-30 19:00:45,537 WARN  server.GrpcLogAppender (LogUtils.java:warn(134)) - 411958a3-ab64-4380-bf36-dfe9236fe105->150de6d3-14ad-4307-adb9-db90f65f5841: Failed appendEntries: org.apache.ratis.thirdparty.io.grpc.StatusRuntimeException: UNAVAILABLE: io exception
2019-07-30 19:00:45,541 INFO  impl.FollowerInfo (FollowerInfo.java:lambda$new$0(50)) - 411958a3-ab64-4380-bf36-dfe9236fe105->150de6d3-14ad-4307-adb9-db90f65f5841: nextIndex: updateUnconditionally 16 -> 15
2019-07-30 19:00:45,554 WARN  server.GrpcLogAppender (LogUtils.java:warn(134)) - 411958a3-ab64-4380-bf36-dfe9236fe105->150de6d3-14ad-4307-adb9-db90f65f5841: Failed appendEntries: org.apache.ratis.thirdparty.io.grpc.StatusRuntimeException: UNAVAILABLE: io exception
2019-07-30 19:00:45,556 INFO  impl.FollowerInfo (FollowerInfo.java:lambda$new$0(50)) - 411958a3-ab64-4380-bf36-dfe9236fe105->150de6d3-14ad-4307-adb9-db90f65f5841: nextIndex: updateUnconditionally 16 -> 15
2019-07-30 19:00:45,564 WARN  server.GrpcLogAppender (LogUtils.java:warn(134)) - 411958a3-ab64-4380-bf36-dfe9236fe105->150de6d3-14ad-4307-adb9-db90f65f5841: Failed appendEntries: org.apache.ratis.thirdparty.io.grpc.StatusRuntimeException: UNAVAILABLE: io exception
2019-07-30 19:00:45,567 INFO  impl.FollowerInfo (FollowerInfo.java:lambda$new$0(50)) - 411958a3-ab64-4380-bf36-dfe9236fe105->150de6d3-14ad-4307-adb9-db90f65f5841: nextIndex: updateUnconditionally 16 -> 15
2019-07-30 19:00:45,583 INFO  interfaces.Container (KeyValueContainer.java:compactDB(356)) - Container 1 is closed with bcsId 14.
2019-07-30 19:00:45,588 INFO  container.IncrementalContainerReportHandler (AbstractContainerReportHandler.java:updateContainerState(176)) - Moving container #1 to CLOSED state, datanode 411958a3-ab64-4380-bf36-dfe9236fe105{ip: 192.168.5.147, host: byscane-nightly-d7s94-1643579034, networkLocation: /default-rack, certSerialId: null} reported CLOSED replica.
2019-07-30 19:00:45,598 INFO  interfaces.Container (KeyValueContainer.java:compactDB(356)) - Container 1 is closed with bcsId 14.
2019-07-30 19:00:47,577 INFO  node.StaleNodeHandler (StaleNodeHandler.java:onMessage(58)) - Datanode 8a2aa23d-f99d-42d0-8b9e-8177cc389221{ip: 192.168.5.147, host: byscane-nightly-d7s94-1643579034, networkLocation: /default-rack, certSerialId: null} moved to stale state. Finalizing its pipelines [PipelineID=089e6fc9-8bf0-4fec-9f11-8791367a7532, PipelineID=8debd10f-040f-4a7a-85ee-b287fe940f30]
2019-07-30 19:00:47,577 INFO  pipeline.SCMPipelineManager (SCMPipelineManager.java:finalizeAndDestroyPipeline(309)) - destroying pipeline:Pipeline[ Id: 089e6fc9-8bf0-4fec-9f11-8791367a7532, Nodes: 8a2aa23d-f99d-42d0-8b9e-8177cc389221{ip: 192.168.5.147, host: byscane-nightly-d7s94-1643579034, networkLocation: /default-rack, certSerialId: null}, Type:RATIS, Factor:ONE, State:OPEN]
2019-07-30 19:00:47,578 INFO  pipeline.PipelineStateManager (PipelineStateManager.java:finalizePipeline(123)) - Pipeline Pipeline[ Id: 089e6fc9-8bf0-4fec-9f11-8791367a7532, Nodes: 8a2aa23d-f99d-42d0-8b9e-8177cc389221{ip: 192.168.5.147, host: byscane-nightly-d7s94-1643579034, networkLocation: /default-rack, certSerialId: null}, Type:RATIS, Factor:ONE, State:CLOSED] moved to CLOSED state
2019-07-30 19:00:47,578 INFO  pipeline.SCMPipelineManager (SCMPipelineManager.java:finalizeAndDestroyPipeline(309)) - destroying pipeline:Pipeline[ Id: 8debd10f-040f-4a7a-85ee-b287fe940f30, Nodes: 150de6d3-14ad-4307-adb9-db90f65f5841{ip: 192.168.5.147, host: byscane-nightly-d7s94-1643579034, networkLocation: /default-rack, certSerialId: null}8a2aa23d-f99d-42d0-8b9e-8177cc389221{ip: 192.168.5.147, host: byscane-nightly-d7s94-1643579034, networkLocation: /default-rack, certSerialId: null}411958a3-ab64-4380-bf36-dfe9236fe105{ip: 192.168.5.147, host: byscane-nightly-d7s94-1643579034, networkLocation: /default-rack, certSerialId: null}, Type:RATIS, Factor:THREE, State:CLOSED]
2019-07-30 19:00:47,910 INFO  ozoneimpl.OzoneContainer (OzoneContainer.java:stop(199)) - Attempting to stop container services.
2019-07-30 19:00:47,911 INFO  impl.RaftServerProxy (RaftServerProxy.java:lambda$close$4(314)) - 8a2aa23d-f99d-42d0-8b9e-8177cc389221: close
2019-07-30 19:00:47,911 INFO  impl.RaftServerImpl (RaftServerImpl.java:lambda$shutdown$3(245)) - 8a2aa23d-f99d-42d0-8b9e-8177cc389221: shutdown group-8791367A7532
2019-07-30 19:00:47,912 INFO  impl.RaftServerImpl (RaftServerImpl.java:lambda$shutdown$3(245)) - 8a2aa23d-f99d-42d0-8b9e-8177cc389221: shutdown group-B287FE940F30
2019-07-30 19:00:47,912 INFO  util.JmxRegister (JmxRegister.java:unregister(73)) - Successfully un-registered JMX Bean with object name Ratis:service=RaftServer,group=group-8791367A7532,id=8a2aa23d-f99d-42d0-8b9e-8177cc389221
2019-07-30 19:00:47,915 INFO  util.JmxRegister (JmxRegister.java:unregister(73)) - Successfully un-registered JMX Bean with object name Ratis:service=RaftServer,group=group-B287FE940F30,id=8a2aa23d-f99d-42d0-8b9e-8177cc389221
2019-07-30 19:00:47,916 INFO  impl.RoleInfo (RoleInfo.java:shutdownLeaderState(104)) - 8a2aa23d-f99d-42d0-8b9e-8177cc389221: shutdown LeaderState
2019-07-30 19:00:47,916 INFO  impl.RoleInfo (RoleInfo.java:shutdownFollowerState(121)) - 8a2aa23d-f99d-42d0-8b9e-8177cc389221: shutdown FollowerState
2019-07-30 19:00:47,916 INFO  impl.PendingRequests (PendingRequests.java:sendNotLeaderResponses(202)) - 8a2aa23d-f99d-42d0-8b9e-8177cc389221-PendingRequests: sendNotLeaderResponses
2019-07-30 19:00:47,917 INFO  ratis.ContainerStateMachine (ContainerStateMachine.java:takeSnapshot(262)) - group-B287FE940F30: Taking a snapshot at:(t:1, i:17) file /workdir/hadoop-ozone/integration-test/target/test-dir/MiniOzoneClusterImpl-cde36970-375a-443a-bf44-429d63a9d0f0/datanode-4/data/ratis/8debd10f-040f-4a7a-85ee-b287fe940f30/sm/snapshot.1_17
2019-07-30 19:00:47,917 INFO  impl.FollowerState (FollowerState.java:run(114)) - 8a2aa23d-f99d-42d0-8b9e-8177cc389221: FollowerState was interrupted: java.lang.InterruptedException: sleep interrupted
2019-07-30 19:00:47,916 INFO  impl.StateMachineUpdater (StateMachineUpdater.java:stopAndJoin(115)) - StateMachineUpdater:8a2aa23d-f99d-42d0-8b9e-8177cc389221:group-B287FE940F30: set stopIndex = 17
2019-07-30 19:00:47,917 INFO  impl.StateMachineUpdater (StateMachineUpdater.java:stopAndJoin(115)) - StateMachineUpdater:8a2aa23d-f99d-42d0-8b9e-8177cc389221:group-8791367A7532: set stopIndex = 0
2019-07-30 19:00:47,928 INFO  impl.RaftServerImpl (ServerState.java:close(394)) - 8a2aa23d-f99d-42d0-8b9e-8177cc389221:group-8791367A7532 closes. The last applied log index is 0
2019-07-30 19:00:47,929 INFO  segmented.SegmentedRaftLogWorker (SegmentedRaftLogWorker.java:run(313)) - 8a2aa23d-f99d-42d0-8b9e-8177cc389221-SegmentedRaftLogWorker:Storage Directory /workdir/hadoop-ozone/integration-test/target/test-dir/MiniOzoneClusterImpl-cde36970-375a-443a-bf44-429d63a9d0f0/datanode-4/data/ratis/089e6fc9-8bf0-4fec-9f11-8791367a7532 was interrupted, exiting. There are 0 tasks remaining in the queue.
2019-07-30 19:00:47,930 INFO  segmented.SegmentedRaftLogWorker (SegmentedRaftLogWorker.java:close(228)) - 8a2aa23d-f99d-42d0-8b9e-8177cc389221-SegmentedRaftLogWorker:Storage Directory /workdir/hadoop-ozone/integration-test/target/test-dir/MiniOzoneClusterImpl-cde36970-375a-443a-bf44-429d63a9d0f0/datanode-4/data/ratis/089e6fc9-8bf0-4fec-9f11-8791367a7532 close()
2019-07-30 19:00:47,940 INFO  ratis.ContainerStateMachine (ContainerStateMachine.java:takeSnapshot(273)) - group-B287FE940F30: Finished taking a snapshot at:(t:1, i:17) file:/workdir/hadoop-ozone/integration-test/target/test-dir/MiniOzoneClusterImpl-cde36970-375a-443a-bf44-429d63a9d0f0/datanode-4/data/ratis/8debd10f-040f-4a7a-85ee-b287fe940f30/sm/snapshot.1_17 time:24
2019-07-30 19:00:47,941 INFO  impl.StateMachineUpdater (StateMachineUpdater.java:takeSnapshot(242)) - StateMachineUpdater:8a2aa23d-f99d-42d0-8b9e-8177cc389221:group-B287FE940F30: Took a snapshot at index 17
2019-07-30 19:00:47,941 INFO  impl.StateMachineUpdater (StateMachineUpdater.java:lambda$new$0(80)) - StateMachineUpdater:8a2aa23d-f99d-42d0-8b9e-8177cc389221:group-B287FE940F30: snapshotIndex: updateIncreasingly -1 -> 17
2019-07-30 19:00:47,941 INFO  impl.RaftServerImpl (ServerState.java:close(394)) - 8a2aa23d-f99d-42d0-8b9e-8177cc389221:group-B287FE940F30 closes. The last applied log index is 17
2019-07-30 19:00:47,942 INFO  segmented.SegmentedRaftLogWorker (SegmentedRaftLogWorker.java:run(313)) - 8a2aa23d-f99d-42d0-8b9e-8177cc389221-SegmentedRaftLogWorker:Storage Directory /workdir/hadoop-ozone/integration-test/target/test-dir/MiniOzoneClusterImpl-cde36970-375a-443a-bf44-429d63a9d0f0/datanode-4/data/ratis/8debd10f-040f-4a7a-85ee-b287fe940f30 was interrupted, exiting. There are 0 tasks remaining in the queue.
2019-07-30 19:00:47,944 INFO  segmented.SegmentedRaftLogWorker (SegmentedRaftLogWorker.java:close(228)) - 8a2aa23d-f99d-42d0-8b9e-8177cc389221-SegmentedRaftLogWorker:Storage Directory /workdir/hadoop-ozone/integration-test/target/test-dir/MiniOzoneClusterImpl-cde36970-375a-443a-bf44-429d63a9d0f0/datanode-4/data/ratis/8debd10f-040f-4a7a-85ee-b287fe940f30 close()
2019-07-30 19:00:47,948 INFO  server.GrpcService (GrpcService.java:closeImpl(155)) - 8a2aa23d-f99d-42d0-8b9e-8177cc389221: shutdown server with port 41487 now
2019-07-30 19:00:47,951 WARN  server.GrpcServerProtocolService (LogUtils.java:warn(134)) - 8a2aa23d-f99d-42d0-8b9e-8177cc389221: appendEntries onError: org.apache.ratis.thirdparty.io.grpc.StatusRuntimeException: CANCELLED: cancelled before receiving half close
2019-07-30 19:00:47,951 INFO  server.GrpcService (GrpcService.java:closeImpl(163)) - 8a2aa23d-f99d-42d0-8b9e-8177cc389221: shutdown server with port 41487 successfully
2019-07-30 19:00:47,951 WARN  server.GrpcLogAppender (LogUtils.java:warn(134)) - 411958a3-ab64-4380-bf36-dfe9236fe105->8a2aa23d-f99d-42d0-8b9e-8177cc389221: Failed appendEntries: org.apache.ratis.thirdparty.io.grpc.StatusRuntimeException: CANCELLED: HTTP/2 error code: CANCEL
Received Rst Stream
2019-07-30 19:00:47,954 INFO  impl.FollowerInfo (FollowerInfo.java:lambda$new$0(50)) - 411958a3-ab64-4380-bf36-dfe9236fe105->8a2aa23d-f99d-42d0-8b9e-8177cc389221: nextIndex: updateUnconditionally 19 -> 18
2019-07-30 19:00:47,955 INFO  utils.BackgroundService (BackgroundService.java:shutdown(148)) - Shutting down service BlockDeletingService
2019-07-30 19:00:47,957 WARN  fs.CachingGetSpaceUsed (CachingGetSpaceUsed.java:run(183)) - Thread Interrupted waiting to refresh disk information: sleep interrupted
2019-07-30 19:00:47,981 INFO  statemachine.DatanodeStateMachine (DatanodeStateMachine.java:stopDaemon(395)) - Ozone container server stopped.
2019-07-30 19:00:47,983 INFO  handler.ContextHandler (ContextHandler.java:doStop(910)) - Stopped o.e.j.w.WebAppContext@6629643d{/,null,UNAVAILABLE}{/hddsDatanode}
2019-07-30 19:00:47,984 INFO  server.AbstractConnector (AbstractConnector.java:doStop(318)) - Stopped ServerConnector@2dd178f3{HTTP/1.1,[http/1.1]}{0.0.0.0:0}
2019-07-30 19:00:47,984 INFO  handler.ContextHandler (ContextHandler.java:doStop(910)) - Stopped o.e.j.s.ServletContextHandler@41aebbb4{/static,jar:file:/home/user/.m2/repository/org/apache/hadoop/hadoop-hdds-container-service/0.4.1-SNAPSHOT/hadoop-hdds-container-service-0.4.1-SNAPSHOT.jar!/webapps/static,UNAVAILABLE}
2019-07-30 19:00:47,985 INFO  handler.ContextHandler (ContextHandler.java:doStop(910)) - Stopped o.e.j.s.ServletContextHandler@2dbfa972{/logs,file:///workdir/hadoop-ozone/integration-test/target/log,UNAVAILABLE}
19:00:47.993 [grpc-default-executor-3] ERROR DNAudit - user=null | ip=null | op=WRITE_CHUNK {blockData=conID: 1 locID: 102531939177529345 bcsId: 14} | ret=FAILURE
org.apache.hadoop.hdds.scm.container.common.helpers.ContainerNotOpenException: Container 1 in CLOSED state
	at org.apache.hadoop.ozone.container.common.impl.HddsDispatcher.validateContainerCommand(HddsDispatcher.java:408) ~[hadoop-hdds-container-service-0.4.1-SNAPSHOT.jar:?]
	at org.apache.hadoop.ozone.container.common.transport.server.ratis.ContainerStateMachine.startTransaction(ContainerStateMachine.java:288) ~[hadoop-hdds-container-service-0.4.1-SNAPSHOT.jar:?]
	at org.apache.ratis.server.impl.RaftServerImpl.submitClientRequestAsync(RaftServerImpl.java:566) ~[ratis-server-0.4.0-2337318-SNAPSHOT.jar:0.4.0-2337318-SNAPSHOT]
	at org.apache.ratis.server.impl.RaftServerProxy.lambda$submitClientRequestAsync$7(RaftServerProxy.java:333) ~[ratis-server-0.4.0-2337318-SNAPSHOT.jar:0.4.0-2337318-SNAPSHOT]
	at org.apache.ratis.server.impl.RaftServerProxy.lambda$null$5(RaftServerProxy.java:328) ~[ratis-server-0.4.0-2337318-SNAPSHOT.jar:0.4.0-2337318-SNAPSHOT]
	at org.apache.ratis.util.JavaUtils.callAsUnchecked(JavaUtils.java:109) ~[ratis-common-0.4.0-2337318-SNAPSHOT.jar:0.4.0-2337318-SNAPSHOT]
	at org.apache.ratis.server.impl.RaftServerProxy.lambda$submitRequest$6(RaftServerProxy.java:328) ~[ratis-server-0.4.0-2337318-SNAPSHOT.jar:0.4.0-2337318-SNAPSHOT]
	at java.util.concurrent.CompletableFuture.uniComposeStage(CompletableFuture.java:981) ~[?:1.8.0_212]
	at java.util.concurrent.CompletableFuture.thenCompose(CompletableFuture.java:2124) ~[?:1.8.0_212]
	at org.apache.ratis.server.impl.RaftServerProxy.submitRequest(RaftServerProxy.java:327) ~[ratis-server-0.4.0-2337318-SNAPSHOT.jar:0.4.0-2337318-SNAPSHOT]
	at org.apache.ratis.server.impl.RaftServerProxy.submitClientRequestAsync(RaftServerProxy.java:333) ~[ratis-server-0.4.0-2337318-SNAPSHOT.jar:0.4.0-2337318-SNAPSHOT]
	at org.apache.ratis.grpc.client.GrpcClientProtocolService$RequestStreamObserver.processClientRequest(GrpcClientProtocolService.java:220) ~[ratis-grpc-0.4.0-2337318-SNAPSHOT.jar:0.4.0-2337318-SNAPSHOT]
	at org.apache.ratis.grpc.client.GrpcClientProtocolService$OrderedRequestStreamObserver.processClientRequest(GrpcClientProtocolService.java:326) ~[ratis-grpc-0.4.0-2337318-SNAPSHOT.jar:0.4.0-2337318-SNAPSHOT]
	at org.apache.ratis.util.SlidingWindow$Server.processRequestsFromHead(SlidingWindow.java:429) [ratis-common-0.4.0-2337318-SNAPSHOT.jar:0.4.0-2337318-SNAPSHOT]
	at org.apache.ratis.util.SlidingWindow$Server.receivedRequest(SlidingWindow.java:421) [ratis-common-0.4.0-2337318-SNAPSHOT.jar:0.4.0-2337318-SNAPSHOT]
	at org.apache.ratis.grpc.client.GrpcClientProtocolService$OrderedRequestStreamObserver.processClientRequest(GrpcClientProtocolService.java:345) [ratis-grpc-0.4.0-2337318-SNAPSHOT.jar:0.4.0-2337318-SNAPSHOT]
	at org.apache.ratis.grpc.client.GrpcClientProtocolService$RequestStreamObserver.onNext(GrpcClientProtocolService.java:240) [ratis-grpc-0.4.0-2337318-SNAPSHOT.jar:0.4.0-2337318-SNAPSHOT]
	at org.apache.ratis.grpc.client.GrpcClientProtocolService$RequestStreamObserver.onNext(GrpcClientProtocolService.java:168) [ratis-grpc-0.4.0-2337318-SNAPSHOT.jar:0.4.0-2337318-SNAPSHOT]
	at org.apache.ratis.thirdparty.io.grpc.stub.ServerCalls$StreamingServerCallHandler$StreamingServerCallListener.onMessage(ServerCalls.java:248) [ratis-thirdparty-misc-0.2.0.jar:0.2.0]
	at org.apache.ratis.thirdparty.io.grpc.internal.ServerCallImpl$ServerStreamListenerImpl.messagesAvailable(ServerCallImpl.java:263) [ratis-thirdparty-misc-0.2.0.jar:0.2.0]
	at org.apache.ratis.thirdparty.io.grpc.internal.ServerImpl$JumpToApplicationThreadServerStreamListener$1MessagesAvailable.runInContext(ServerImpl.java:686) [ratis-thirdparty-misc-0.2.0.jar:0.2.0]
	at org.apache.ratis.thirdparty.io.grpc.internal.ContextRunnable.run(ContextRunnable.java:37) [ratis-thirdparty-misc-0.2.0.jar:0.2.0]
	at org.apache.ratis.thirdparty.io.grpc.internal.SerializingExecutor.run(SerializingExecutor.java:123) [ratis-thirdparty-misc-0.2.0.jar:0.2.0]
	at java.util.concurrent.ThreadPoolExecutor.runWorker(ThreadPoolExecutor.java:1149) [?:1.8.0_212]
	at java.util.concurrent.ThreadPoolExecutor$Worker.run(ThreadPoolExecutor.java:624) [?:1.8.0_212]
	at java.lang.Thread.run(Thread.java:748) [?:1.8.0_212]
19:00:48.033 [grpc-default-executor-3] ERROR DNAudit - user=null | ip=null | op=WRITE_CHUNK {blockData=conID: 1 locID: 102531939177529345 bcsId: 14} | ret=FAILURE
org.apache.hadoop.hdds.scm.container.common.helpers.ContainerNotOpenException: Container 1 in CLOSED state
	at org.apache.hadoop.ozone.container.common.impl.HddsDispatcher.validateContainerCommand(HddsDispatcher.java:408) ~[hadoop-hdds-container-service-0.4.1-SNAPSHOT.jar:?]
	at org.apache.hadoop.ozone.container.common.transport.server.ratis.ContainerStateMachine.startTransaction(ContainerStateMachine.java:288) ~[hadoop-hdds-container-service-0.4.1-SNAPSHOT.jar:?]
	at org.apache.ratis.server.impl.RaftServerImpl.submitClientRequestAsync(RaftServerImpl.java:566) ~[ratis-server-0.4.0-2337318-SNAPSHOT.jar:0.4.0-2337318-SNAPSHOT]
	at org.apache.ratis.server.impl.RaftServerProxy.lambda$submitClientRequestAsync$7(RaftServerProxy.java:333) ~[ratis-server-0.4.0-2337318-SNAPSHOT.jar:0.4.0-2337318-SNAPSHOT]
	at org.apache.ratis.server.impl.RaftServerProxy.lambda$null$5(RaftServerProxy.java:328) ~[ratis-server-0.4.0-2337318-SNAPSHOT.jar:0.4.0-2337318-SNAPSHOT]
	at org.apache.ratis.util.JavaUtils.callAsUnchecked(JavaUtils.java:109) ~[ratis-common-0.4.0-2337318-SNAPSHOT.jar:0.4.0-2337318-SNAPSHOT]
	at org.apache.ratis.server.impl.RaftServerProxy.lambda$submitRequest$6(RaftServerProxy.java:328) ~[ratis-server-0.4.0-2337318-SNAPSHOT.jar:0.4.0-2337318-SNAPSHOT]
	at java.util.concurrent.CompletableFuture.uniComposeStage(CompletableFuture.java:981) ~[?:1.8.0_212]
	at java.util.concurrent.CompletableFuture.thenCompose(CompletableFuture.java:2124) ~[?:1.8.0_212]
	at org.apache.ratis.server.impl.RaftServerProxy.submitRequest(RaftServerProxy.java:327) ~[ratis-server-0.4.0-2337318-SNAPSHOT.jar:0.4.0-2337318-SNAPSHOT]
	at org.apache.ratis.server.impl.RaftServerProxy.submitClientRequestAsync(RaftServerProxy.java:333) ~[ratis-server-0.4.0-2337318-SNAPSHOT.jar:0.4.0-2337318-SNAPSHOT]
	at org.apache.ratis.grpc.client.GrpcClientProtocolService$RequestStreamObserver.processClientRequest(GrpcClientProtocolService.java:220) ~[ratis-grpc-0.4.0-2337318-SNAPSHOT.jar:0.4.0-2337318-SNAPSHOT]
	at org.apache.ratis.grpc.client.GrpcClientProtocolService$OrderedRequestStreamObserver.processClientRequest(GrpcClientProtocolService.java:326) ~[ratis-grpc-0.4.0-2337318-SNAPSHOT.jar:0.4.0-2337318-SNAPSHOT]
	at org.apache.ratis.util.SlidingWindow$Server.processRequestsFromHead(SlidingWindow.java:429) [ratis-common-0.4.0-2337318-SNAPSHOT.jar:0.4.0-2337318-SNAPSHOT]
	at org.apache.ratis.util.SlidingWindow$Server.receivedRequest(SlidingWindow.java:421) [ratis-common-0.4.0-2337318-SNAPSHOT.jar:0.4.0-2337318-SNAPSHOT]
	at org.apache.ratis.grpc.client.GrpcClientProtocolService$OrderedRequestStreamObserver.processClientRequest(GrpcClientProtocolService.java:345) [ratis-grpc-0.4.0-2337318-SNAPSHOT.jar:0.4.0-2337318-SNAPSHOT]
	at org.apache.ratis.grpc.client.GrpcClientProtocolService$RequestStreamObserver.onNext(GrpcClientProtocolService.java:240) [ratis-grpc-0.4.0-2337318-SNAPSHOT.jar:0.4.0-2337318-SNAPSHOT]
	at org.apache.ratis.grpc.client.GrpcClientProtocolService$RequestStreamObserver.onNext(GrpcClientProtocolService.java:168) [ratis-grpc-0.4.0-2337318-SNAPSHOT.jar:0.4.0-2337318-SNAPSHOT]
	at org.apache.ratis.thirdparty.io.grpc.stub.ServerCalls$StreamingServerCallHandler$StreamingServerCallListener.onMessage(ServerCalls.java:248) [ratis-thirdparty-misc-0.2.0.jar:0.2.0]
	at org.apache.ratis.thirdparty.io.grpc.internal.ServerCallImpl$ServerStreamListenerImpl.messagesAvailable(ServerCallImpl.java:263) [ratis-thirdparty-misc-0.2.0.jar:0.2.0]
	at org.apache.ratis.thirdparty.io.grpc.internal.ServerImpl$JumpToApplicationThreadServerStreamListener$1MessagesAvailable.runInContext(ServerImpl.java:686) [ratis-thirdparty-misc-0.2.0.jar:0.2.0]
	at org.apache.ratis.thirdparty.io.grpc.internal.ContextRunnable.run(ContextRunnable.java:37) [ratis-thirdparty-misc-0.2.0.jar:0.2.0]
	at org.apache.ratis.thirdparty.io.grpc.internal.SerializingExecutor.run(SerializingExecutor.java:123) [ratis-thirdparty-misc-0.2.0.jar:0.2.0]
	at java.util.concurrent.ThreadPoolExecutor.runWorker(ThreadPoolExecutor.java:1149) [?:1.8.0_212]
	at java.util.concurrent.ThreadPoolExecutor$Worker.run(ThreadPoolExecutor.java:624) [?:1.8.0_212]
	at java.lang.Thread.run(Thread.java:748) [?:1.8.0_212]
19:00:48.044 [grpc-default-executor-3] ERROR DNAudit - user=null | ip=null | op=PUT_BLOCK {blockData=[blockId=conID: 1 locID: 102531939177529345 bcsId: 0,size=650]} | ret=FAILURE
org.apache.hadoop.hdds.scm.container.common.helpers.ContainerNotOpenException: Container 1 in CLOSED state
	at org.apache.hadoop.ozone.container.common.impl.HddsDispatcher.validateContainerCommand(HddsDispatcher.java:408) ~[hadoop-hdds-container-service-0.4.1-SNAPSHOT.jar:?]
	at org.apache.hadoop.ozone.container.common.transport.server.ratis.ContainerStateMachine.startTransaction(ContainerStateMachine.java:288) ~[hadoop-hdds-container-service-0.4.1-SNAPSHOT.jar:?]
	at org.apache.ratis.server.impl.RaftServerImpl.submitClientRequestAsync(RaftServerImpl.java:566) ~[ratis-server-0.4.0-2337318-SNAPSHOT.jar:0.4.0-2337318-SNAPSHOT]
	at org.apache.ratis.server.impl.RaftServerProxy.lambda$submitClientRequestAsync$7(RaftServerProxy.java:333) ~[ratis-server-0.4.0-2337318-SNAPSHOT.jar:0.4.0-2337318-SNAPSHOT]
	at org.apache.ratis.server.impl.RaftServerProxy.lambda$null$5(RaftServerProxy.java:328) ~[ratis-server-0.4.0-2337318-SNAPSHOT.jar:0.4.0-2337318-SNAPSHOT]
	at org.apache.ratis.util.JavaUtils.callAsUnchecked(JavaUtils.java:109) ~[ratis-common-0.4.0-2337318-SNAPSHOT.jar:0.4.0-2337318-SNAPSHOT]
	at org.apache.ratis.server.impl.RaftServerProxy.lambda$submitRequest$6(RaftServerProxy.java:328) ~[ratis-server-0.4.0-2337318-SNAPSHOT.jar:0.4.0-2337318-SNAPSHOT]
	at java.util.concurrent.CompletableFuture.uniComposeStage(CompletableFuture.java:981) ~[?:1.8.0_212]
	at java.util.concurrent.CompletableFuture.thenCompose(CompletableFuture.java:2124) ~[?:1.8.0_212]
	at org.apache.ratis.server.impl.RaftServerProxy.submitRequest(RaftServerProxy.java:327) ~[ratis-server-0.4.0-2337318-SNAPSHOT.jar:0.4.0-2337318-SNAPSHOT]
	at org.apache.ratis.server.impl.RaftServerProxy.submitClientRequestAsync(RaftServerProxy.java:333) ~[ratis-server-0.4.0-2337318-SNAPSHOT.jar:0.4.0-2337318-SNAPSHOT]
	at org.apache.ratis.grpc.client.GrpcClientProtocolService$RequestStreamObserver.processClientRequest(GrpcClientProtocolService.java:220) ~[ratis-grpc-0.4.0-2337318-SNAPSHOT.jar:0.4.0-2337318-SNAPSHOT]
	at org.apache.ratis.grpc.client.GrpcClientProtocolService$OrderedRequestStreamObserver.processClientRequest(GrpcClientProtocolService.java:326) ~[ratis-grpc-0.4.0-2337318-SNAPSHOT.jar:0.4.0-2337318-SNAPSHOT]
	at org.apache.ratis.util.SlidingWindow$Server.processRequestsFromHead(SlidingWindow.java:429) [ratis-common-0.4.0-2337318-SNAPSHOT.jar:0.4.0-2337318-SNAPSHOT]
	at org.apache.ratis.util.SlidingWindow$Server.receivedRequest(SlidingWindow.java:421) [ratis-common-0.4.0-2337318-SNAPSHOT.jar:0.4.0-2337318-SNAPSHOT]
	at org.apache.ratis.grpc.client.GrpcClientProtocolService$OrderedRequestStreamObserver.processClientRequest(GrpcClientProtocolService.java:345) [ratis-grpc-0.4.0-2337318-SNAPSHOT.jar:0.4.0-2337318-SNAPSHOT]
	at org.apache.ratis.grpc.client.GrpcClientProtocolService$RequestStreamObserver.onNext(GrpcClientProtocolService.java:240) [ratis-grpc-0.4.0-2337318-SNAPSHOT.jar:0.4.0-2337318-SNAPSHOT]
	at org.apache.ratis.grpc.client.GrpcClientProtocolService$RequestStreamObserver.onNext(GrpcClientProtocolService.java:168) [ratis-grpc-0.4.0-2337318-SNAPSHOT.jar:0.4.0-2337318-SNAPSHOT]
	at org.apache.ratis.thirdparty.io.grpc.stub.ServerCalls$StreamingServerCallHandler$StreamingServerCallListener.onMessage(ServerCalls.java:248) [ratis-thirdparty-misc-0.2.0.jar:0.2.0]
	at org.apache.ratis.thirdparty.io.grpc.internal.ServerCallImpl$ServerStreamListenerImpl.messagesAvailable(ServerCallImpl.java:263) [ratis-thirdparty-misc-0.2.0.jar:0.2.0]
	at org.apache.ratis.thirdparty.io.grpc.internal.ServerImpl$JumpToApplicationThreadServerStreamListener$1MessagesAvailable.runInContext(ServerImpl.java:686) [ratis-thirdparty-misc-0.2.0.jar:0.2.0]
	at org.apache.ratis.thirdparty.io.grpc.internal.ContextRunnable.run(ContextRunnable.java:37) [ratis-thirdparty-misc-0.2.0.jar:0.2.0]
	at org.apache.ratis.thirdparty.io.grpc.internal.SerializingExecutor.run(SerializingExecutor.java:123) [ratis-thirdparty-misc-0.2.0.jar:0.2.0]
	at java.util.concurrent.ThreadPoolExecutor.runWorker(ThreadPoolExecutor.java:1149) [?:1.8.0_212]
	at java.util.concurrent.ThreadPoolExecutor$Worker.run(ThreadPoolExecutor.java:624) [?:1.8.0_212]
	at java.lang.Thread.run(Thread.java:748) [?:1.8.0_212]
2019-07-30 19:00:48,049 INFO  client.GrpcClientProtocolClient (GrpcClientProtocolClient.java:onNext(255)) - client-4175C1DF2935->411958a3-ab64-4380-bf36-dfe9236fe105: receive RaftClientReply:client-4175C1DF2935->411958a3-ab64-4380-bf36-dfe9236fe105@group-B287FE940F30, cid=22, FAILED org.apache.ratis.protocol.StateMachineException: org.apache.hadoop.hdds.scm.container.common.helpers.ContainerNotOpenException from Server 411958a3-ab64-4380-bf36-dfe9236fe105: Container 1 in CLOSED state, logIndex=0, commits[411958a3-ab64-4380-bf36-dfe9236fe105:c18, 150de6d3-14ad-4307-adb9-db90f65f5841:c16, 8a2aa23d-f99d-42d0-8b9e-8177cc389221:c17]
19:00:48.050 [grpc-default-executor-3] ERROR DNAudit - user=null | ip=null | op=WRITE_CHUNK {blockData=conID: 1 locID: 102531939177529345 bcsId: 14} | ret=FAILURE
org.apache.hadoop.hdds.scm.container.common.helpers.ContainerNotOpenException: Container 1 in CLOSED state
	at org.apache.hadoop.ozone.container.common.impl.HddsDispatcher.validateContainerCommand(HddsDispatcher.java:408) ~[hadoop-hdds-container-service-0.4.1-SNAPSHOT.jar:?]
	at org.apache.hadoop.ozone.container.common.transport.server.ratis.ContainerStateMachine.startTransaction(ContainerStateMachine.java:288) ~[hadoop-hdds-container-service-0.4.1-SNAPSHOT.jar:?]
	at org.apache.ratis.server.impl.RaftServerImpl.submitClientRequestAsync(RaftServerImpl.java:566) ~[ratis-server-0.4.0-2337318-SNAPSHOT.jar:0.4.0-2337318-SNAPSHOT]
	at org.apache.ratis.server.impl.RaftServerProxy.lambda$submitClientRequestAsync$7(RaftServerProxy.java:333) ~[ratis-server-0.4.0-2337318-SNAPSHOT.jar:0.4.0-2337318-SNAPSHOT]
	at org.apache.ratis.server.impl.RaftServerProxy.lambda$null$5(RaftServerProxy.java:328) ~[ratis-server-0.4.0-2337318-SNAPSHOT.jar:0.4.0-2337318-SNAPSHOT]
	at org.apache.ratis.util.JavaUtils.callAsUnchecked(JavaUtils.java:109) ~[ratis-common-0.4.0-2337318-SNAPSHOT.jar:0.4.0-2337318-SNAPSHOT]
	at org.apache.ratis.server.impl.RaftServerProxy.lambda$submitRequest$6(RaftServerProxy.java:328) ~[ratis-server-0.4.0-2337318-SNAPSHOT.jar:0.4.0-2337318-SNAPSHOT]
	at java.util.concurrent.CompletableFuture.uniComposeStage(CompletableFuture.java:981) ~[?:1.8.0_212]
	at java.util.concurrent.CompletableFuture.thenCompose(CompletableFuture.java:2124) ~[?:1.8.0_212]
	at org.apache.ratis.server.impl.RaftServerProxy.submitRequest(RaftServerProxy.java:327) ~[ratis-server-0.4.0-2337318-SNAPSHOT.jar:0.4.0-2337318-SNAPSHOT]
	at org.apache.ratis.server.impl.RaftServerProxy.submitClientRequestAsync(RaftServerProxy.java:333) ~[ratis-server-0.4.0-2337318-SNAPSHOT.jar:0.4.0-2337318-SNAPSHOT]
	at org.apache.ratis.grpc.client.GrpcClientProtocolService$RequestStreamObserver.processClientRequest(GrpcClientProtocolService.java:220) ~[ratis-grpc-0.4.0-2337318-SNAPSHOT.jar:0.4.0-2337318-SNAPSHOT]
	at org.apache.ratis.grpc.client.GrpcClientProtocolService$OrderedRequestStreamObserver.processClientRequest(GrpcClientProtocolService.java:326) ~[ratis-grpc-0.4.0-2337318-SNAPSHOT.jar:0.4.0-2337318-SNAPSHOT]
	at org.apache.ratis.util.SlidingWindow$Server.processRequestsFromHead(SlidingWindow.java:429) [ratis-common-0.4.0-2337318-SNAPSHOT.jar:0.4.0-2337318-SNAPSHOT]
	at org.apache.ratis.util.SlidingWindow$Server.receivedRequest(SlidingWindow.java:421) [ratis-common-0.4.0-2337318-SNAPSHOT.jar:0.4.0-2337318-SNAPSHOT]
	at org.apache.ratis.grpc.client.GrpcClientProtocolService$OrderedRequestStreamObserver.processClientRequest(GrpcClientProtocolService.java:345) [ratis-grpc-0.4.0-2337318-SNAPSHOT.jar:0.4.0-2337318-SNAPSHOT]
	at org.apache.ratis.grpc.client.GrpcClientProtocolService$RequestStreamObserver.onNext(GrpcClientProtocolService.java:240) [ratis-grpc-0.4.0-2337318-SNAPSHOT.jar:0.4.0-2337318-SNAPSHOT]
	at org.apache.ratis.grpc.client.GrpcClientProtocolService$RequestStreamObserver.onNext(GrpcClientProtocolService.java:168) [ratis-grpc-0.4.0-2337318-SNAPSHOT.jar:0.4.0-2337318-SNAPSHOT]
	at org.apache.ratis.thirdparty.io.grpc.stub.ServerCalls$StreamingServerCallHandler$StreamingServerCallListener.onMessage(ServerCalls.java:248) [ratis-thirdparty-misc-0.2.0.jar:0.2.0]
	at org.apache.ratis.thirdparty.io.grpc.internal.ServerCallImpl$ServerStreamListenerImpl.messagesAvailable(ServerCallImpl.java:263) [ratis-thirdparty-misc-0.2.0.jar:0.2.0]
	at org.apache.ratis.thirdparty.io.grpc.internal.ServerImpl$JumpToApplicationThreadServerStreamListener$1MessagesAvailable.runInContext(ServerImpl.java:686) [ratis-thirdparty-misc-0.2.0.jar:0.2.0]
	at org.apache.ratis.thirdparty.io.grpc.internal.ContextRunnable.run(ContextRunnable.java:37) [ratis-thirdparty-misc-0.2.0.jar:0.2.0]
	at org.apache.ratis.thirdparty.io.grpc.internal.SerializingExecutor.run(SerializingExecutor.java:123) [ratis-thirdparty-misc-0.2.0.jar:0.2.0]
	at java.util.concurrent.ThreadPoolExecutor.runWorker(ThreadPoolExecutor.java:1149) [?:1.8.0_212]
	at java.util.concurrent.ThreadPoolExecutor$Worker.run(ThreadPoolExecutor.java:624) [?:1.8.0_212]
	at java.lang.Thread.run(Thread.java:748) [?:1.8.0_212]
2019-07-30 19:00:48,055 INFO  client.GrpcClientProtocolClient (GrpcClientProtocolClient.java:onNext(255)) - client-4175C1DF2935->411958a3-ab64-4380-bf36-dfe9236fe105: receive RaftClientReply:client-4175C1DF2935->411958a3-ab64-4380-bf36-dfe9236fe105@group-B287FE940F30, cid=23, FAILED org.apache.ratis.protocol.StateMachineException: org.apache.hadoop.hdds.scm.container.common.helpers.ContainerNotOpenException from Server 411958a3-ab64-4380-bf36-dfe9236fe105: Container 1 in CLOSED state, logIndex=0, commits[411958a3-ab64-4380-bf36-dfe9236fe105:c18, 150de6d3-14ad-4307-adb9-db90f65f5841:c16, 8a2aa23d-f99d-42d0-8b9e-8177cc389221:c17]
19:00:48.056 [grpc-default-executor-3] ERROR DNAudit - user=null | ip=null | op=WRITE_CHUNK {blockData=conID: 1 locID: 102531939177529345 bcsId: 14} | ret=FAILURE
org.apache.hadoop.hdds.scm.container.common.helpers.ContainerNotOpenException: Container 1 in CLOSED state
	at org.apache.hadoop.ozone.container.common.impl.HddsDispatcher.validateContainerCommand(HddsDispatcher.java:408) ~[hadoop-hdds-container-service-0.4.1-SNAPSHOT.jar:?]
	at org.apache.hadoop.ozone.container.common.transport.server.ratis.ContainerStateMachine.startTransaction(ContainerStateMachine.java:288) ~[hadoop-hdds-container-service-0.4.1-SNAPSHOT.jar:?]
	at org.apache.ratis.server.impl.RaftServerImpl.submitClientRequestAsync(RaftServerImpl.java:566) ~[ratis-server-0.4.0-2337318-SNAPSHOT.jar:0.4.0-2337318-SNAPSHOT]
	at org.apache.ratis.server.impl.RaftServerProxy.lambda$submitClientRequestAsync$7(RaftServerProxy.java:333) ~[ratis-server-0.4.0-2337318-SNAPSHOT.jar:0.4.0-2337318-SNAPSHOT]
	at org.apache.ratis.server.impl.RaftServerProxy.lambda$null$5(RaftServerProxy.java:328) ~[ratis-server-0.4.0-2337318-SNAPSHOT.jar:0.4.0-2337318-SNAPSHOT]
	at org.apache.ratis.util.JavaUtils.callAsUnchecked(JavaUtils.java:109) ~[ratis-common-0.4.0-2337318-SNAPSHOT.jar:0.4.0-2337318-SNAPSHOT]
	at org.apache.ratis.server.impl.RaftServerProxy.lambda$submitRequest$6(RaftServerProxy.java:328) ~[ratis-server-0.4.0-2337318-SNAPSHOT.jar:0.4.0-2337318-SNAPSHOT]
	at java.util.concurrent.CompletableFuture.uniComposeStage(CompletableFuture.java:981) ~[?:1.8.0_212]
	at java.util.concurrent.CompletableFuture.thenCompose(CompletableFuture.java:2124) ~[?:1.8.0_212]
	at org.apache.ratis.server.impl.RaftServerProxy.submitRequest(RaftServerProxy.java:327) ~[ratis-server-0.4.0-2337318-SNAPSHOT.jar:0.4.0-2337318-SNAPSHOT]
	at org.apache.ratis.server.impl.RaftServerProxy.submitClientRequestAsync(RaftServerProxy.java:333) ~[ratis-server-0.4.0-2337318-SNAPSHOT.jar:0.4.0-2337318-SNAPSHOT]
	at org.apache.ratis.grpc.client.GrpcClientProtocolService$RequestStreamObserver.processClientRequest(GrpcClientProtocolService.java:220) ~[ratis-grpc-0.4.0-2337318-SNAPSHOT.jar:0.4.0-2337318-SNAPSHOT]
	at org.apache.ratis.grpc.client.GrpcClientProtocolService$OrderedRequestStreamObserver.processClientRequest(GrpcClientProtocolService.java:326) ~[ratis-grpc-0.4.0-2337318-SNAPSHOT.jar:0.4.0-2337318-SNAPSHOT]
	at org.apache.ratis.util.SlidingWindow$Server.processRequestsFromHead(SlidingWindow.java:429) [ratis-common-0.4.0-2337318-SNAPSHOT.jar:0.4.0-2337318-SNAPSHOT]
	at org.apache.ratis.util.SlidingWindow$Server.receivedRequest(SlidingWindow.java:421) [ratis-common-0.4.0-2337318-SNAPSHOT.jar:0.4.0-2337318-SNAPSHOT]
	at org.apache.ratis.grpc.client.GrpcClientProtocolService$OrderedRequestStreamObserver.processClientRequest(GrpcClientProtocolService.java:345) [ratis-grpc-0.4.0-2337318-SNAPSHOT.jar:0.4.0-2337318-SNAPSHOT]
	at org.apache.ratis.grpc.client.GrpcClientProtocolService$RequestStreamObserver.onNext(GrpcClientProtocolService.java:240) [ratis-grpc-0.4.0-2337318-SNAPSHOT.jar:0.4.0-2337318-SNAPSHOT]
	at org.apache.ratis.grpc.client.GrpcClientProtocolService$RequestStreamObserver.onNext(GrpcClientProtocolService.java:168) [ratis-grpc-0.4.0-2337318-SNAPSHOT.jar:0.4.0-2337318-SNAPSHOT]
	at org.apache.ratis.thirdparty.io.grpc.stub.ServerCalls$StreamingServerCallHandler$StreamingServerCallListener.onMessage(ServerCalls.java:248) [ratis-thirdparty-misc-0.2.0.jar:0.2.0]
	at org.apache.ratis.thirdparty.io.grpc.internal.ServerCallImpl$ServerStreamListenerImpl.messagesAvailable(ServerCallImpl.java:263) [ratis-thirdparty-misc-0.2.0.jar:0.2.0]
	at org.apache.ratis.thirdparty.io.grpc.internal.ServerImpl$JumpToApplicationThreadServerStreamListener$1MessagesAvailable.runInContext(ServerImpl.java:686) [ratis-thirdparty-misc-0.2.0.jar:0.2.0]
	at org.apache.ratis.thirdparty.io.grpc.internal.ContextRunnable.run(ContextRunnable.java:37) [ratis-thirdparty-misc-0.2.0.jar:0.2.0]
	at org.apache.ratis.thirdparty.io.grpc.internal.SerializingExecutor.run(SerializingExecutor.java:123) [ratis-thirdparty-misc-0.2.0.jar:0.2.0]
	at java.util.concurrent.ThreadPoolExecutor.runWorker(ThreadPoolExecutor.java:1149) [?:1.8.0_212]
	at java.util.concurrent.ThreadPoolExecutor$Worker.run(ThreadPoolExecutor.java:624) [?:1.8.0_212]
	at java.lang.Thread.run(Thread.java:748) [?:1.8.0_212]
2019-07-30 19:00:48,058 INFO  client.GrpcClientProtocolClient (GrpcClientProtocolClient.java:onNext(255)) - client-4175C1DF2935->411958a3-ab64-4380-bf36-dfe9236fe105: receive RaftClientReply:client-4175C1DF2935->411958a3-ab64-4380-bf36-dfe9236fe105@group-B287FE940F30, cid=24, FAILED org.apache.ratis.protocol.StateMachineException: org.apache.hadoop.hdds.scm.container.common.helpers.ContainerNotOpenException from Server 411958a3-ab64-4380-bf36-dfe9236fe105: Container 1 in CLOSED state, logIndex=0, commits[411958a3-ab64-4380-bf36-dfe9236fe105:c18, 150de6d3-14ad-4307-adb9-db90f65f5841:c16, 8a2aa23d-f99d-42d0-8b9e-8177cc389221:c17]
2019-07-30 19:00:48,067 INFO  client.GrpcClientProtocolClient (GrpcClientProtocolClient.java:onNext(255)) - client-4175C1DF2935->411958a3-ab64-4380-bf36-dfe9236fe105: receive RaftClientReply:client-4175C1DF2935->411958a3-ab64-4380-bf36-dfe9236fe105@group-B287FE940F30, cid=25, FAILED org.apache.ratis.protocol.StateMachineException: org.apache.hadoop.hdds.scm.container.common.helpers.ContainerNotOpenException from Server 411958a3-ab64-4380-bf36-dfe9236fe105: Container 1 in CLOSED state, logIndex=0, commits[411958a3-ab64-4380-bf36-dfe9236fe105:c18, 150de6d3-14ad-4307-adb9-db90f65f5841:c16, 8a2aa23d-f99d-42d0-8b9e-8177cc389221:c17]
19:00:48.065 [grpc-default-executor-3] ERROR DNAudit - user=null | ip=null | op=PUT_BLOCK {blockData=[blockId=conID: 1 locID: 102531939177529345 bcsId: 0,size=800]} | ret=FAILURE
org.apache.hadoop.hdds.scm.container.common.helpers.ContainerNotOpenException: Container 1 in CLOSED state
	at org.apache.hadoop.ozone.container.common.impl.HddsDispatcher.validateContainerCommand(HddsDispatcher.java:408) ~[hadoop-hdds-container-service-0.4.1-SNAPSHOT.jar:?]
	at org.apache.hadoop.ozone.container.common.transport.server.ratis.ContainerStateMachine.startTransaction(ContainerStateMachine.java:288) ~[hadoop-hdds-container-service-0.4.1-SNAPSHOT.jar:?]
	at org.apache.ratis.server.impl.RaftServerImpl.submitClientRequestAsync(RaftServerImpl.java:566) ~[ratis-server-0.4.0-2337318-SNAPSHOT.jar:0.4.0-2337318-SNAPSHOT]
	at org.apache.ratis.server.impl.RaftServerProxy.lambda$submitClientRequestAsync$7(RaftServerProxy.java:333) ~[ratis-server-0.4.0-2337318-SNAPSHOT.jar:0.4.0-2337318-SNAPSHOT]
	at org.apache.ratis.server.impl.RaftServerProxy.lambda$null$5(RaftServerProxy.java:328) ~[ratis-server-0.4.0-2337318-SNAPSHOT.jar:0.4.0-2337318-SNAPSHOT]
	at org.apache.ratis.util.JavaUtils.callAsUnchecked(JavaUtils.java:109) ~[ratis-common-0.4.0-2337318-SNAPSHOT.jar:0.4.0-2337318-SNAPSHOT]
	at org.apache.ratis.server.impl.RaftServerProxy.lambda$submitRequest$6(RaftServerProxy.java:328) ~[ratis-server-0.4.0-2337318-SNAPSHOT.jar:0.4.0-2337318-SNAPSHOT]
	at java.util.concurrent.CompletableFuture.uniComposeStage(CompletableFuture.java:981) ~[?:1.8.0_212]
	at java.util.concurrent.CompletableFuture.thenCompose(CompletableFuture.java:2124) ~[?:1.8.0_212]
	at org.apache.ratis.server.impl.RaftServerProxy.submitRequest(RaftServerProxy.java:327) ~[ratis-server-0.4.0-2337318-SNAPSHOT.jar:0.4.0-2337318-SNAPSHOT]
	at org.apache.ratis.server.impl.RaftServerProxy.submitClientRequestAsync(RaftServerProxy.java:333) ~[ratis-server-0.4.0-2337318-SNAPSHOT.jar:0.4.0-2337318-SNAPSHOT]
	at org.apache.ratis.grpc.client.GrpcClientProtocolService$RequestStreamObserver.processClientRequest(GrpcClientProtocolService.java:220) ~[ratis-grpc-0.4.0-2337318-SNAPSHOT.jar:0.4.0-2337318-SNAPSHOT]
	at org.apache.ratis.grpc.client.GrpcClientProtocolService$OrderedRequestStreamObserver.processClientRequest(GrpcClientProtocolService.java:326) ~[ratis-grpc-0.4.0-2337318-SNAPSHOT.jar:0.4.0-2337318-SNAPSHOT]
	at org.apache.ratis.util.SlidingWindow$Server.processRequestsFromHead(SlidingWindow.java:429) [ratis-common-0.4.0-2337318-SNAPSHOT.jar:0.4.0-2337318-SNAPSHOT]
	at org.apache.ratis.util.SlidingWindow$Server.receivedRequest(SlidingWindow.java:421) [ratis-common-0.4.0-2337318-SNAPSHOT.jar:0.4.0-2337318-SNAPSHOT]
	at org.apache.ratis.grpc.client.GrpcClientProtocolService$OrderedRequestStreamObserver.processClientRequest(GrpcClientProtocolService.java:345) [ratis-grpc-0.4.0-2337318-SNAPSHOT.jar:0.4.0-2337318-SNAPSHOT]
	at org.apache.ratis.grpc.client.GrpcClientProtocolService$RequestStreamObserver.onNext(GrpcClientProtocolService.java:240) [ratis-grpc-0.4.0-2337318-SNAPSHOT.jar:0.4.0-2337318-SNAPSHOT]
	at org.apache.ratis.grpc.client.GrpcClientProtocolService$RequestStreamObserver.onNext(GrpcClientProtocolService.java:168) [ratis-grpc-0.4.0-2337318-SNAPSHOT.jar:0.4.0-2337318-SNAPSHOT]
	at org.apache.ratis.thirdparty.io.grpc.stub.ServerCalls$StreamingServerCallHandler$StreamingServerCallListener.onMessage(ServerCalls.java:248) [ratis-thirdparty-misc-0.2.0.jar:0.2.0]
	at org.apache.ratis.thirdparty.io.grpc.internal.ServerCallImpl$ServerStreamListenerImpl.messagesAvailable(ServerCallImpl.java:263) [ratis-thirdparty-misc-0.2.0.jar:0.2.0]
	at org.apache.ratis.thirdparty.io.grpc.internal.ServerImpl$JumpToApplicationThreadServerStreamListener$1MessagesAvailable.runInContext(ServerImpl.java:686) [ratis-thirdparty-misc-0.2.0.jar:0.2.0]
	at org.apache.ratis.thirdparty.io.grpc.internal.ContextRunnable.run(ContextRunnable.java:37) [ratis-thirdparty-misc-0.2.0.jar:0.2.0]
	at org.apache.ratis.thirdparty.io.grpc.internal.SerializingExecutor.run(SerializingExecutor.java:123) [ratis-thirdparty-misc-0.2.0.jar:0.2.0]
	at java.util.concurrent.ThreadPoolExecutor.runWorker(ThreadPoolExecutor.java:1149) [?:1.8.0_212]
	at java.util.concurrent.ThreadPoolExecutor$Worker.run(ThreadPoolExecutor.java:624) [?:1.8.0_212]
	at java.lang.Thread.run(Thread.java:748) [?:1.8.0_212]
2019-07-30 19:00:48,071 WARN  server.GrpcLogAppender (LogUtils.java:warn(134)) - 411958a3-ab64-4380-bf36-dfe9236fe105->8a2aa23d-f99d-42d0-8b9e-8177cc389221: Failed appendEntries: org.apache.ratis.thirdparty.io.grpc.StatusRuntimeException: UNAVAILABLE: io exception
2019-07-30 19:00:48,073 WARN  server.GrpcLogAppender (LogUtils.java:warn(134)) - 411958a3-ab64-4380-bf36-dfe9236fe105->150de6d3-14ad-4307-adb9-db90f65f5841: Failed appendEntries: org.apache.ratis.thirdparty.io.grpc.StatusRuntimeException: UNAVAILABLE: io exception
2019-07-30 19:00:48,076 INFO  impl.FollowerInfo (FollowerInfo.java:lambda$new$0(50)) - 411958a3-ab64-4380-bf36-dfe9236fe105->8a2aa23d-f99d-42d0-8b9e-8177cc389221: nextIndex: updateUnconditionally 18 -> 17
2019-07-30 19:00:48,076 INFO  impl.FollowerInfo (FollowerInfo.java:lambda$new$0(50)) - 411958a3-ab64-4380-bf36-dfe9236fe105->150de6d3-14ad-4307-adb9-db90f65f5841: nextIndex: updateUnconditionally 15 -> 14
2019-07-30 19:00:48,077 INFO  client.GrpcClientProtocolClient (GrpcClientProtocolClient.java:onNext(255)) - client-4175C1DF2935->411958a3-ab64-4380-bf36-dfe9236fe105: receive RaftClientReply:client-4175C1DF2935->411958a3-ab64-4380-bf36-dfe9236fe105@group-B287FE940F30, cid=26, FAILED org.apache.ratis.protocol.StateMachineException: org.apache.hadoop.hdds.scm.container.common.helpers.ContainerNotOpenException from Server 411958a3-ab64-4380-bf36-dfe9236fe105: Container 1 in CLOSED state, logIndex=0, commits[411958a3-ab64-4380-bf36-dfe9236fe105:c18, 150de6d3-14ad-4307-adb9-db90f65f5841:c16, 8a2aa23d-f99d-42d0-8b9e-8177cc389221:c17]
2019-07-30 19:00:48,080 INFO  client.GrpcClientProtocolClient (GrpcClientProtocolClient.java:onNext(255)) - client-4175C1DF2935->411958a3-ab64-4380-bf36-dfe9236fe105: receive RaftClientReply:client-4175C1DF2935->411958a3-ab64-4380-bf36-dfe9236fe105@group-B287FE940F30, cid=27, FAILED org.apache.ratis.protocol.StateMachineException: org.apache.hadoop.hdds.scm.container.common.helpers.ContainerNotOpenException from Server 411958a3-ab64-4380-bf36-dfe9236fe105: Container 1 in CLOSED state, logIndex=0, commits[411958a3-ab64-4380-bf36-dfe9236fe105:c18, 150de6d3-14ad-4307-adb9-db90f65f5841:c16, 8a2aa23d-f99d-42d0-8b9e-8177cc389221:c17]
2019-07-30 19:00:48,238 INFO  client.GrpcClientProtocolClient (GrpcClientProtocolClient.java:onNext(255)) - client-CA6AC596AFBF->17897573-112e-4610-9ad8-55c3ed9a9698: receive RaftClientReply:client-CA6AC596AFBF->17897573-112e-4610-9ad8-55c3ed9a9698@group-2BA9F1B26B3E, cid=28, SUCCESS, logIndex=1, commits[17897573-112e-4610-9ad8-55c3ed9a9698:c1, a12d8726-0518-4346-9bf2-61984692d4d0:c0, 6e54eef3-6492-4f15-a243-31255825725e:c0]
2019-07-30 19:00:48,272 INFO  client.GrpcClientProtocolClient (GrpcClientProtocolClient.java:onNext(255)) - client-CA6AC596AFBF->17897573-112e-4610-9ad8-55c3ed9a9698: receive RaftClientReply:client-CA6AC596AFBF->17897573-112e-4610-9ad8-55c3ed9a9698@group-2BA9F1B26B3E, cid=29, SUCCESS, logIndex=3, commits[17897573-112e-4610-9ad8-55c3ed9a9698:c5, a12d8726-0518-4346-9bf2-61984692d4d0:c2, 6e54eef3-6492-4f15-a243-31255825725e:c2]
2019-07-30 19:00:48,300 INFO  client.GrpcClientProtocolClient (GrpcClientProtocolClient.java:onNext(255)) - client-CA6AC596AFBF->17897573-112e-4610-9ad8-55c3ed9a9698: receive RaftClientReply:client-CA6AC596AFBF->17897573-112e-4610-9ad8-55c3ed9a9698@group-2BA9F1B26B3E, cid=30, SUCCESS, logIndex=4, commits[17897573-112e-4610-9ad8-55c3ed9a9698:c12, a12d8726-0518-4346-9bf2-61984692d4d0:c7, 6e54eef3-6492-4f15-a243-31255825725e:c7]
2019-07-30 19:00:48,302 INFO  client.GrpcClientProtocolClient (GrpcClientProtocolClient.java:onNext(255)) - client-CA6AC596AFBF->17897573-112e-4610-9ad8-55c3ed9a9698: receive RaftClientReply:client-CA6AC596AFBF->17897573-112e-4610-9ad8-55c3ed9a9698@group-2BA9F1B26B3E, cid=31, SUCCESS, logIndex=5, commits[17897573-112e-4610-9ad8-55c3ed9a9698:c12, a12d8726-0518-4346-9bf2-61984692d4d0:c7, 6e54eef3-6492-4f15-a243-31255825725e:c7]
2019-07-30 19:00:48,303 INFO  client.GrpcClientProtocolClient (GrpcClientProtocolClient.java:onNext(255)) - client-CA6AC596AFBF->17897573-112e-4610-9ad8-55c3ed9a9698: receive RaftClientReply:client-CA6AC596AFBF->17897573-112e-4610-9ad8-55c3ed9a9698@group-2BA9F1B26B3E, cid=32, SUCCESS, logIndex=6, commits[17897573-112e-4610-9ad8-55c3ed9a9698:c12, a12d8726-0518-4346-9bf2-61984692d4d0:c7, 6e54eef3-6492-4f15-a243-31255825725e:c7]
2019-07-30 19:00:48,339 INFO  client.GrpcClientProtocolClient (GrpcClientProtocolClient.java:onNext(255)) - client-CA6AC596AFBF->17897573-112e-4610-9ad8-55c3ed9a9698: receive RaftClientReply:client-CA6AC596AFBF->17897573-112e-4610-9ad8-55c3ed9a9698@group-2BA9F1B26B3E, cid=33, SUCCESS, logIndex=7, commits[17897573-112e-4610-9ad8-55c3ed9a9698:c12, a12d8726-0518-4346-9bf2-61984692d4d0:c7, 6e54eef3-6492-4f15-a243-31255825725e:c7]
2019-07-30 19:00:48,353 INFO  client.GrpcClientProtocolClient (GrpcClientProtocolClient.java:onNext(255)) - client-CA6AC596AFBF->17897573-112e-4610-9ad8-55c3ed9a9698: receive RaftClientReply:client-CA6AC596AFBF->17897573-112e-4610-9ad8-55c3ed9a9698@group-2BA9F1B26B3E, cid=34, SUCCESS, logIndex=13, commits[17897573-112e-4610-9ad8-55c3ed9a9698:c14, a12d8726-0518-4346-9bf2-61984692d4d0:c12, 6e54eef3-6492-4f15-a243-31255825725e:c12]
2019-07-30 19:00:48,354 INFO  client.GrpcClientProtocolClient (GrpcClientProtocolClient.java:onNext(255)) - client-CA6AC596AFBF->17897573-112e-4610-9ad8-55c3ed9a9698: receive RaftClientReply:client-CA6AC596AFBF->17897573-112e-4610-9ad8-55c3ed9a9698@group-2BA9F1B26B3E, cid=35, SUCCESS, logIndex=14, commits[17897573-112e-4610-9ad8-55c3ed9a9698:c14, a12d8726-0518-4346-9bf2-61984692d4d0:c12, 6e54eef3-6492-4f15-a243-31255825725e:c12]
2019-07-30 19:00:48,369 INFO  client.GrpcClientProtocolClient (GrpcClientProtocolClient.java:onNext(255)) - client-CA6AC596AFBF->17897573-112e-4610-9ad8-55c3ed9a9698: receive RaftClientReply:client-CA6AC596AFBF->17897573-112e-4610-9ad8-55c3ed9a9698@group-2BA9F1B26B3E, cid=36, SUCCESS, logIndex=0, commits[17897573-112e-4610-9ad8-55c3ed9a9698:c15, a12d8726-0518-4346-9bf2-61984692d4d0:c14, 6e54eef3-6492-4f15-a243-31255825725e:c14]
2019-07-30 19:00:48,370 INFO  ozone.MiniOzoneClusterImpl (MiniOzoneClusterImpl.java:shutdown(321)) - Shutting down the Mini Ozone Cluster
2019-07-30 19:00:48,371 INFO  ozone.MiniOzoneClusterImpl (MiniOzoneClusterImpl.java:stop(336)) - Stopping the Mini Ozone Cluster
2019-07-30 19:00:48,371 INFO  ozone.MiniOzoneClusterImpl (MiniOzoneClusterImpl.java:stop(338)) - Stopping the OzoneManager
2019-07-30 19:00:48,371 INFO  ipc.Server (Server.java:stop(3082)) - Stopping server on 46542
2019-07-30 19:00:48,372 INFO  ipc.Server (Server.java:run(1185)) - Stopping IPC Server listener on 46542
2019-07-30 19:00:48,372 INFO  utils.BackgroundService (BackgroundService.java:shutdown(148)) - Shutting down service KeyDeletingService
2019-07-30 19:00:48,373 INFO  ipc.Server (Server.java:run(1319)) - Stopping IPC Server Responder
2019-07-30 19:00:48,375 INFO  handler.ContextHandler (ContextHandler.java:doStop(910)) - Stopped o.e.j.w.WebAppContext@61d01788{/,null,UNAVAILABLE}{/ozoneManager}
2019-07-30 19:00:48,376 INFO  server.AbstractConnector (AbstractConnector.java:doStop(318)) - Stopped ServerConnector@2b9b7f1f{HTTP/1.1,[http/1.1]}{0.0.0.0:0}
2019-07-30 19:00:48,377 INFO  handler.ContextHandler (ContextHandler.java:doStop(910)) - Stopped o.e.j.s.ServletContextHandler@6ce90bc5{/static,file:///workdir/hadoop-ozone/integration-test/target/test-classes/webapps/static,UNAVAILABLE}
2019-07-30 19:00:48,377 INFO  handler.ContextHandler (ContextHandler.java:doStop(910)) - Stopped o.e.j.s.ServletContextHandler@6e6fce47{/logs,file:///workdir/hadoop-ozone/integration-test/target/log,UNAVAILABLE}
2019-07-30 19:00:48,381 INFO  ozone.MiniOzoneClusterImpl (MiniOzoneClusterImpl.java:stop(344)) - Shutting the HddsDatanodes
2019-07-30 19:00:48,382 INFO  datanode.ObjectStoreHandler (ObjectStoreHandler.java:close(155)) - Closing ObjectStoreHandler.
2019-07-30 19:00:48,382 INFO  datanode.ObjectStoreHandler (ObjectStoreHandler.java:close(155)) - Closing ObjectStoreHandler.
2019-07-30 19:00:48,384 INFO  ozone.HddsDatanodeService (HddsDatanodeService.java:stop(451)) - Stopped plug-in org.apache.hadoop.ozone.web.OzoneHddsDatanodeService@2589d787
2019-07-30 19:00:48,384 INFO  ozone.HddsDatanodeService (HddsDatanodeService.java:stop(451)) - Stopped plug-in org.apache.hadoop.ozone.web.OzoneHddsDatanodeService@4702e7a5
2019-07-30 19:00:49,208 INFO  statemachine.DatanodeStateMachine (DatanodeStateMachine.java:lambda$startDaemon$0(350)) - Ozone container server started.
2019-07-30 19:00:49,220 INFO  statemachine.DatanodeStateMachine (DatanodeStateMachine.java:lambda$startDaemon$0(350)) - Ozone container server started.
2019-07-30 19:00:50,572 WARN  server.GrpcLogAppender (LogUtils.java:warn(134)) - 411958a3-ab64-4380-bf36-dfe9236fe105->8a2aa23d-f99d-42d0-8b9e-8177cc389221: Failed appendEntries: org.apache.ratis.thirdparty.io.grpc.StatusRuntimeException: UNAVAILABLE: io exception
2019-07-30 19:00:50,574 WARN  server.GrpcLogAppender (LogUtils.java:warn(134)) - 411958a3-ab64-4380-bf36-dfe9236fe105->150de6d3-14ad-4307-adb9-db90f65f5841: Failed appendEntries: org.apache.ratis.thirdparty.io.grpc.StatusRuntimeException: UNAVAILABLE: io exception
2019-07-30 19:00:50,575 INFO  impl.FollowerInfo (FollowerInfo.java:lambda$new$0(50)) - 411958a3-ab64-4380-bf36-dfe9236fe105->8a2aa23d-f99d-42d0-8b9e-8177cc389221: nextIndex: updateUnconditionally 17 -> 16
2019-07-30 19:00:50,576 INFO  impl.FollowerInfo (FollowerInfo.java:lambda$new$0(50)) - 411958a3-ab64-4380-bf36-dfe9236fe105->150de6d3-14ad-4307-adb9-db90f65f5841: nextIndex: updateUnconditionally 14 -> 13
2019-07-30 19:00:53,077 WARN  server.GrpcLogAppender (LogUtils.java:warn(134)) - 411958a3-ab64-4380-bf36-dfe9236fe105->8a2aa23d-f99d-42d0-8b9e-8177cc389221: Failed appendEntries: org.apache.ratis.thirdparty.io.grpc.StatusRuntimeException: UNAVAILABLE: io exception
2019-07-30 19:00:53,078 WARN  server.GrpcLogAppender (LogUtils.java:warn(134)) - 411958a3-ab64-4380-bf36-dfe9236fe105->150de6d3-14ad-4307-adb9-db90f65f5841: Failed appendEntries: org.apache.ratis.thirdparty.io.grpc.StatusRuntimeException: UNAVAILABLE: io exception
2019-07-30 19:00:53,080 INFO  impl.FollowerInfo (FollowerInfo.java:lambda$new$0(50)) - 411958a3-ab64-4380-bf36-dfe9236fe105->8a2aa23d-f99d-42d0-8b9e-8177cc389221: nextIndex: updateUnconditionally 16 -> 15
2019-07-30 19:00:53,088 INFO  impl.FollowerInfo (FollowerInfo.java:lambda$new$0(50)) - 411958a3-ab64-4380-bf36-dfe9236fe105->150de6d3-14ad-4307-adb9-db90f65f5841: nextIndex: updateUnconditionally 13 -> 12
2019-07-30 19:00:53,288 INFO  node.StaleNodeHandler (StaleNodeHandler.java:onMessage(58)) - Datanode 17897573-112e-4610-9ad8-55c3ed9a9698{ip: 192.168.5.147, host: byscane-nightly-d7s94-1643579034, networkLocation: /default-rack, certSerialId: null} moved to stale state. Finalizing its pipelines [PipelineID=0fe0d6aa-7afd-40ad-bd9c-2ba9f1b26b3e, PipelineID=d743aa35-f14b-4a38-8692-b2711e4838b8]
2019-07-30 19:00:53,289 INFO  pipeline.SCMPipelineManager (SCMPipelineManager.java:finalizeAndDestroyPipeline(309)) - destroying pipeline:Pipeline[ Id: 0fe0d6aa-7afd-40ad-bd9c-2ba9f1b26b3e, Nodes: 17897573-112e-4610-9ad8-55c3ed9a9698{ip: 192.168.5.147, host: byscane-nightly-d7s94-1643579034, networkLocation: /default-rack, certSerialId: null}a12d8726-0518-4346-9bf2-61984692d4d0{ip: 192.168.5.147, host: byscane-nightly-d7s94-1643579034, networkLocation: /default-rack, certSerialId: null}6e54eef3-6492-4f15-a243-31255825725e{ip: 192.168.5.147, host: byscane-nightly-d7s94-1643579034, networkLocation: /default-rack, certSerialId: null}, Type:RATIS, Factor:THREE, State:OPEN]
2019-07-30 19:00:53,289 INFO  pipeline.PipelineStateManager (PipelineStateManager.java:finalizePipeline(123)) - Pipeline Pipeline[ Id: 0fe0d6aa-7afd-40ad-bd9c-2ba9f1b26b3e, Nodes: 17897573-112e-4610-9ad8-55c3ed9a9698{ip: 192.168.5.147, host: byscane-nightly-d7s94-1643579034, networkLocation: /default-rack, certSerialId: null}a12d8726-0518-4346-9bf2-61984692d4d0{ip: 192.168.5.147, host: byscane-nightly-d7s94-1643579034, networkLocation: /default-rack, certSerialId: null}6e54eef3-6492-4f15-a243-31255825725e{ip: 192.168.5.147, host: byscane-nightly-d7s94-1643579034, networkLocation: /default-rack, certSerialId: null}, Type:RATIS, Factor:THREE, State:CLOSED] moved to CLOSED state
2019-07-30 19:00:53,289 INFO  container.CloseContainerEventHandler (CloseContainerEventHandler.java:onMessage(61)) - Close container Event triggered for container : #2
2019-07-30 19:00:53,292 INFO  pipeline.SCMPipelineManager (SCMPipelineManager.java:finalizeAndDestroyPipeline(309)) - destroying pipeline:Pipeline[ Id: d743aa35-f14b-4a38-8692-b2711e4838b8, Nodes: 17897573-112e-4610-9ad8-55c3ed9a9698{ip: 192.168.5.147, host: byscane-nightly-d7s94-1643579034, networkLocation: /default-rack, certSerialId: null}, Type:RATIS, Factor:ONE, State:OPEN]
2019-07-30 19:00:53,299 INFO  pipeline.PipelineStateManager (PipelineStateManager.java:finalizePipeline(123)) - Pipeline Pipeline[ Id: d743aa35-f14b-4a38-8692-b2711e4838b8, Nodes: 17897573-112e-4610-9ad8-55c3ed9a9698{ip: 192.168.5.147, host: byscane-nightly-d7s94-1643579034, networkLocation: /default-rack, certSerialId: null}, Type:RATIS, Factor:ONE, State:CLOSED] moved to CLOSED state
2019-07-30 19:00:53,299 INFO  node.StaleNodeHandler (StaleNodeHandler.java:onMessage(58)) - Datanode a12d8726-0518-4346-9bf2-61984692d4d0{ip: 192.168.5.147, host: byscane-nightly-d7s94-1643579034, networkLocation: /default-rack, certSerialId: null} moved to stale state. Finalizing its pipelines [PipelineID=04509c25-9f14-4f6e-b802-f3adcd36b8c4, PipelineID=0fe0d6aa-7afd-40ad-bd9c-2ba9f1b26b3e]
2019-07-30 19:00:53,300 INFO  pipeline.SCMPipelineManager (SCMPipelineManager.java:finalizeAndDestroyPipeline(309)) - destroying pipeline:Pipeline[ Id: 04509c25-9f14-4f6e-b802-f3adcd36b8c4, Nodes: a12d8726-0518-4346-9bf2-61984692d4d0{ip: 192.168.5.147, host: byscane-nightly-d7s94-1643579034, networkLocation: /default-rack, certSerialId: null}, Type:RATIS, Factor:ONE, State:OPEN]
2019-07-30 19:00:53,300 INFO  pipeline.PipelineStateManager (PipelineStateManager.java:finalizePipeline(123)) - Pipeline Pipeline[ Id: 04509c25-9f14-4f6e-b802-f3adcd36b8c4, Nodes: a12d8726-0518-4346-9bf2-61984692d4d0{ip: 192.168.5.147, host: byscane-nightly-d7s94-1643579034, networkLocation: /default-rack, certSerialId: null}, Type:RATIS, Factor:ONE, State:CLOSED] moved to CLOSED state
2019-07-30 19:00:53,300 INFO  pipeline.SCMPipelineManager (SCMPipelineManager.java:finalizeAndDestroyPipeline(309)) - destroying pipeline:Pipeline[ Id: 0fe0d6aa-7afd-40ad-bd9c-2ba9f1b26b3e, Nodes: 17897573-112e-4610-9ad8-55c3ed9a9698{ip: 192.168.5.147, host: byscane-nightly-d7s94-1643579034, networkLocation: /default-rack, certSerialId: null}a12d8726-0518-4346-9bf2-61984692d4d0{ip: 192.168.5.147, host: byscane-nightly-d7s94-1643579034, networkLocation: /default-rack, certSerialId: null}6e54eef3-6492-4f15-a243-31255825725e{ip: 192.168.5.147, host: byscane-nightly-d7s94-1643579034, networkLocation: /default-rack, certSerialId: null}, Type:RATIS, Factor:THREE, State:CLOSED]
2019-07-30 19:00:53,386 INFO  ozoneimpl.OzoneContainer (OzoneContainer.java:stop(199)) - Attempting to stop container services.
2019-07-30 19:00:53,386 INFO  ozoneimpl.OzoneContainer (OzoneContainer.java:stop(199)) - Attempting to stop container services.
2019-07-30 19:00:53,386 INFO  impl.RaftServerProxy (RaftServerProxy.java:lambda$close$4(314)) - a12d8726-0518-4346-9bf2-61984692d4d0: close
2019-07-30 19:00:53,387 INFO  impl.RaftServerProxy (RaftServerProxy.java:lambda$close$4(314)) - 17897573-112e-4610-9ad8-55c3ed9a9698: close
2019-07-30 19:00:53,387 INFO  impl.RaftServerImpl (RaftServerImpl.java:lambda$shutdown$3(245)) - a12d8726-0518-4346-9bf2-61984692d4d0: shutdown group-F3ADCD36B8C4
2019-07-30 19:00:53,387 INFO  impl.RaftServerImpl (RaftServerImpl.java:lambda$shutdown$3(245)) - 17897573-112e-4610-9ad8-55c3ed9a9698: shutdown group-2BA9F1B26B3E
2019-07-30 19:00:53,388 INFO  util.JmxRegister (JmxRegister.java:unregister(73)) - Successfully un-registered JMX Bean with object name Ratis:service=RaftServer,group=group-F3ADCD36B8C4,id=a12d8726-0518-4346-9bf2-61984692d4d0
2019-07-30 19:00:53,388 INFO  util.JmxRegister (JmxRegister.java:unregister(73)) - Successfully un-registered JMX Bean with object name Ratis:service=RaftServer,group=group-2BA9F1B26B3E,id=17897573-112e-4610-9ad8-55c3ed9a9698
2019-07-30 19:00:53,388 INFO  impl.RoleInfo (RoleInfo.java:shutdownLeaderState(104)) - a12d8726-0518-4346-9bf2-61984692d4d0: shutdown LeaderState
2019-07-30 19:00:53,389 INFO  impl.RoleInfo (RoleInfo.java:shutdownLeaderState(104)) - 17897573-112e-4610-9ad8-55c3ed9a9698: shutdown LeaderState
2019-07-30 19:00:53,389 INFO  impl.PendingRequests (PendingRequests.java:sendNotLeaderResponses(202)) - a12d8726-0518-4346-9bf2-61984692d4d0-PendingRequests: sendNotLeaderResponses
2019-07-30 19:00:53,393 WARN  server.GrpcLogAppender (GrpcLogAppender.java:mayWait(143)) - GrpcLogAppender(17897573-112e-4610-9ad8-55c3ed9a9698->a12d8726-0518-4346-9bf2-61984692d4d0): Wait interrupted by java.lang.InterruptedException
2019-07-30 19:00:53,393 WARN  server.GrpcLogAppender (GrpcLogAppender.java:mayWait(143)) - GrpcLogAppender(17897573-112e-4610-9ad8-55c3ed9a9698->6e54eef3-6492-4f15-a243-31255825725e): Wait interrupted by java.lang.InterruptedException
2019-07-30 19:00:53,393 INFO  impl.PendingRequests (PendingRequests.java:sendNotLeaderResponses(202)) - 17897573-112e-4610-9ad8-55c3ed9a9698-PendingRequests: sendNotLeaderResponses
2019-07-30 19:00:53,395 INFO  impl.StateMachineUpdater (StateMachineUpdater.java:stopAndJoin(115)) - StateMachineUpdater:a12d8726-0518-4346-9bf2-61984692d4d0:group-F3ADCD36B8C4: set stopIndex = 0
2019-07-30 19:00:53,400 INFO  impl.RaftServerImpl (ServerState.java:close(394)) - a12d8726-0518-4346-9bf2-61984692d4d0:group-F3ADCD36B8C4 closes. The last applied log index is 0
2019-07-30 19:00:53,400 INFO  server.GrpcServerProtocolService (GrpcServerProtocolService.java:onCompleted(104)) - 6e54eef3-6492-4f15-a243-31255825725e: appendEntries completed
2019-07-30 19:00:53,400 INFO  server.GrpcServerProtocolService (GrpcServerProtocolService.java:onCompleted(104)) - a12d8726-0518-4346-9bf2-61984692d4d0: appendEntries completed
2019-07-30 19:00:53,400 INFO  ratis.ContainerStateMachine (ContainerStateMachine.java:takeSnapshot(262)) - group-2BA9F1B26B3E: Taking a snapshot at:(t:1, i:14) file /workdir/hadoop-ozone/integration-test/target/test-dir/MiniOzoneClusterImpl-cde36970-375a-443a-bf44-429d63a9d0f0/datanode-2/data/ratis/0fe0d6aa-7afd-40ad-bd9c-2ba9f1b26b3e/sm/snapshot.1_14
2019-07-30 19:00:53,400 INFO  impl.StateMachineUpdater (StateMachineUpdater.java:stopAndJoin(115)) - StateMachineUpdater:17897573-112e-4610-9ad8-55c3ed9a9698:group-2BA9F1B26B3E: set stopIndex = 16
2019-07-30 19:00:53,402 INFO  segmented.SegmentedRaftLogWorker (SegmentedRaftLogWorker.java:run(313)) - a12d8726-0518-4346-9bf2-61984692d4d0-SegmentedRaftLogWorker:Storage Directory /workdir/hadoop-ozone/integration-test/target/test-dir/MiniOzoneClusterImpl-cde36970-375a-443a-bf44-429d63a9d0f0/datanode-3/data/ratis/04509c25-9f14-4f6e-b802-f3adcd36b8c4 was interrupted, exiting. There are 0 tasks remaining in the queue.
2019-07-30 19:00:53,406 INFO  server.GrpcLogAppender (GrpcLogAppender.java:onCompleted(292)) - 17897573-112e-4610-9ad8-55c3ed9a9698->6e54eef3-6492-4f15-a243-31255825725e: follower responses appendEntries COMPLETED
2019-07-30 19:00:53,409 INFO  segmented.SegmentedRaftLogWorker (SegmentedRaftLogWorker.java:close(228)) - a12d8726-0518-4346-9bf2-61984692d4d0-SegmentedRaftLogWorker:Storage Directory /workdir/hadoop-ozone/integration-test/target/test-dir/MiniOzoneClusterImpl-cde36970-375a-443a-bf44-429d63a9d0f0/datanode-3/data/ratis/04509c25-9f14-4f6e-b802-f3adcd36b8c4 close()
2019-07-30 19:00:53,412 INFO  impl.FollowerInfo (FollowerInfo.java:lambda$new$0(50)) - 17897573-112e-4610-9ad8-55c3ed9a9698->6e54eef3-6492-4f15-a243-31255825725e: nextIndex: updateUnconditionally 17 -> 16
2019-07-30 19:00:53,416 INFO  server.GrpcLogAppender (GrpcLogAppender.java:onCompleted(292)) - 17897573-112e-4610-9ad8-55c3ed9a9698->a12d8726-0518-4346-9bf2-61984692d4d0: follower responses appendEntries COMPLETED
2019-07-30 19:00:53,416 INFO  impl.RaftServerImpl (RaftServerImpl.java:lambda$shutdown$3(245)) - a12d8726-0518-4346-9bf2-61984692d4d0: shutdown group-2BA9F1B26B3E
2019-07-30 19:00:53,417 INFO  impl.FollowerInfo (FollowerInfo.java:lambda$new$0(50)) - 17897573-112e-4610-9ad8-55c3ed9a9698->a12d8726-0518-4346-9bf2-61984692d4d0: nextIndex: updateUnconditionally 17 -> 16
2019-07-30 19:00:53,417 INFO  util.JmxRegister (JmxRegister.java:unregister(73)) - Successfully un-registered JMX Bean with object name Ratis:service=RaftServer,group=group-2BA9F1B26B3E,id=a12d8726-0518-4346-9bf2-61984692d4d0
2019-07-30 19:00:53,418 INFO  impl.RoleInfo (RoleInfo.java:shutdownFollowerState(121)) - a12d8726-0518-4346-9bf2-61984692d4d0: shutdown FollowerState
2019-07-30 19:00:53,418 INFO  impl.StateMachineUpdater (StateMachineUpdater.java:stopAndJoin(115)) - StateMachineUpdater:a12d8726-0518-4346-9bf2-61984692d4d0:group-2BA9F1B26B3E: set stopIndex = 16
2019-07-30 19:00:53,418 INFO  ratis.ContainerStateMachine (ContainerStateMachine.java:takeSnapshot(262)) - group-2BA9F1B26B3E: Taking a snapshot at:(t:1, i:14) file /workdir/hadoop-ozone/integration-test/target/test-dir/MiniOzoneClusterImpl-cde36970-375a-443a-bf44-429d63a9d0f0/datanode-3/data/ratis/0fe0d6aa-7afd-40ad-bd9c-2ba9f1b26b3e/sm/snapshot.1_14
2019-07-30 19:00:53,418 INFO  impl.FollowerState (FollowerState.java:run(114)) - a12d8726-0518-4346-9bf2-61984692d4d0: FollowerState was interrupted: java.lang.InterruptedException: sleep interrupted
2019-07-30 19:00:53,422 INFO  ratis.ContainerStateMachine (ContainerStateMachine.java:takeSnapshot(273)) - group-2BA9F1B26B3E: Finished taking a snapshot at:(t:1, i:14) file:/workdir/hadoop-ozone/integration-test/target/test-dir/MiniOzoneClusterImpl-cde36970-375a-443a-bf44-429d63a9d0f0/datanode-2/data/ratis/0fe0d6aa-7afd-40ad-bd9c-2ba9f1b26b3e/sm/snapshot.1_14 time:22
2019-07-30 19:00:53,422 INFO  impl.StateMachineUpdater (StateMachineUpdater.java:takeSnapshot(242)) - StateMachineUpdater:17897573-112e-4610-9ad8-55c3ed9a9698:group-2BA9F1B26B3E: Took a snapshot at index 14
2019-07-30 19:00:53,422 INFO  impl.StateMachineUpdater (StateMachineUpdater.java:lambda$new$0(80)) - StateMachineUpdater:17897573-112e-4610-9ad8-55c3ed9a9698:group-2BA9F1B26B3E: snapshotIndex: updateIncreasingly -1 -> 14
2019-07-30 19:00:53,423 INFO  impl.RaftServerImpl (ServerState.java:close(394)) - 17897573-112e-4610-9ad8-55c3ed9a9698:group-2BA9F1B26B3E closes. The last applied log index is 16
2019-07-30 19:00:53,423 INFO  segmented.SegmentedRaftLogWorker (SegmentedRaftLogWorker.java:run(313)) - 17897573-112e-4610-9ad8-55c3ed9a9698-SegmentedRaftLogWorker:Storage Directory /workdir/hadoop-ozone/integration-test/target/test-dir/MiniOzoneClusterImpl-cde36970-375a-443a-bf44-429d63a9d0f0/datanode-2/data/ratis/0fe0d6aa-7afd-40ad-bd9c-2ba9f1b26b3e was interrupted, exiting. There are 0 tasks remaining in the queue.
2019-07-30 19:00:53,423 INFO  ratis.ContainerStateMachine (ContainerStateMachine.java:takeSnapshot(273)) - group-2BA9F1B26B3E: Finished taking a snapshot at:(t:1, i:14) file:/workdir/hadoop-ozone/integration-test/target/test-dir/MiniOzoneClusterImpl-cde36970-375a-443a-bf44-429d63a9d0f0/datanode-3/data/ratis/0fe0d6aa-7afd-40ad-bd9c-2ba9f1b26b3e/sm/snapshot.1_14 time:5
2019-07-30 19:00:53,426 INFO  impl.StateMachineUpdater (StateMachineUpdater.java:takeSnapshot(242)) - StateMachineUpdater:a12d8726-0518-4346-9bf2-61984692d4d0:group-2BA9F1B26B3E: Took a snapshot at index 14
2019-07-30 19:00:53,426 INFO  segmented.SegmentedRaftLogWorker (SegmentedRaftLogWorker.java:close(228)) - 17897573-112e-4610-9ad8-55c3ed9a9698-SegmentedRaftLogWorker:Storage Directory /workdir/hadoop-ozone/integration-test/target/test-dir/MiniOzoneClusterImpl-cde36970-375a-443a-bf44-429d63a9d0f0/datanode-2/data/ratis/0fe0d6aa-7afd-40ad-bd9c-2ba9f1b26b3e close()
2019-07-30 19:00:53,426 INFO  impl.StateMachineUpdater (StateMachineUpdater.java:lambda$new$0(80)) - StateMachineUpdater:a12d8726-0518-4346-9bf2-61984692d4d0:group-2BA9F1B26B3E: snapshotIndex: updateIncreasingly -1 -> 14
2019-07-30 19:00:53,431 INFO  impl.RaftServerImpl (RaftServerImpl.java:lambda$shutdown$3(245)) - 17897573-112e-4610-9ad8-55c3ed9a9698: shutdown group-B2711E4838B8
2019-07-30 19:00:53,431 INFO  impl.RaftServerImpl (ServerState.java:close(394)) - a12d8726-0518-4346-9bf2-61984692d4d0:group-2BA9F1B26B3E closes. The last applied log index is 16
2019-07-30 19:00:53,431 INFO  util.JmxRegister (JmxRegister.java:unregister(73)) - Successfully un-registered JMX Bean with object name Ratis:service=RaftServer,group=group-B2711E4838B8,id=17897573-112e-4610-9ad8-55c3ed9a9698
2019-07-30 19:00:53,432 INFO  segmented.SegmentedRaftLogWorker (SegmentedRaftLogWorker.java:run(313)) - a12d8726-0518-4346-9bf2-61984692d4d0-SegmentedRaftLogWorker:Storage Directory /workdir/hadoop-ozone/integration-test/target/test-dir/MiniOzoneClusterImpl-cde36970-375a-443a-bf44-429d63a9d0f0/datanode-3/data/ratis/0fe0d6aa-7afd-40ad-bd9c-2ba9f1b26b3e was interrupted, exiting. There are 0 tasks remaining in the queue.
2019-07-30 19:00:53,432 INFO  impl.RoleInfo (RoleInfo.java:shutdownLeaderState(104)) - 17897573-112e-4610-9ad8-55c3ed9a9698: shutdown LeaderState
2019-07-30 19:00:53,434 INFO  segmented.SegmentedRaftLogWorker (SegmentedRaftLogWorker.java:close(228)) - a12d8726-0518-4346-9bf2-61984692d4d0-SegmentedRaftLogWorker:Storage Directory /workdir/hadoop-ozone/integration-test/target/test-dir/MiniOzoneClusterImpl-cde36970-375a-443a-bf44-429d63a9d0f0/datanode-3/data/ratis/0fe0d6aa-7afd-40ad-bd9c-2ba9f1b26b3e close()
2019-07-30 19:00:53,434 INFO  impl.PendingRequests (PendingRequests.java:sendNotLeaderResponses(202)) - 17897573-112e-4610-9ad8-55c3ed9a9698-PendingRequests: sendNotLeaderResponses
2019-07-30 19:00:53,439 INFO  server.GrpcService (GrpcService.java:closeImpl(155)) - a12d8726-0518-4346-9bf2-61984692d4d0: shutdown server with port 44269 now
2019-07-30 19:00:53,439 INFO  impl.StateMachineUpdater (StateMachineUpdater.java:stopAndJoin(115)) - StateMachineUpdater:17897573-112e-4610-9ad8-55c3ed9a9698:group-B2711E4838B8: set stopIndex = 0
2019-07-30 19:00:53,440 INFO  impl.RaftServerImpl (ServerState.java:close(394)) - 17897573-112e-4610-9ad8-55c3ed9a9698:group-B2711E4838B8 closes. The last applied log index is 0
2019-07-30 19:00:53,440 INFO  server.GrpcService (GrpcService.java:closeImpl(163)) - a12d8726-0518-4346-9bf2-61984692d4d0: shutdown server with port 44269 successfully
2019-07-30 19:00:53,440 INFO  segmented.SegmentedRaftLogWorker (SegmentedRaftLogWorker.java:run(313)) - 17897573-112e-4610-9ad8-55c3ed9a9698-SegmentedRaftLogWorker:Storage Directory /workdir/hadoop-ozone/integration-test/target/test-dir/MiniOzoneClusterImpl-cde36970-375a-443a-bf44-429d63a9d0f0/datanode-2/data/ratis/d743aa35-f14b-4a38-8692-b2711e4838b8 was interrupted, exiting. There are 0 tasks remaining in the queue.
2019-07-30 19:00:53,442 INFO  segmented.SegmentedRaftLogWorker (SegmentedRaftLogWorker.java:close(228)) - 17897573-112e-4610-9ad8-55c3ed9a9698-SegmentedRaftLogWorker:Storage Directory /workdir/hadoop-ozone/integration-test/target/test-dir/MiniOzoneClusterImpl-cde36970-375a-443a-bf44-429d63a9d0f0/datanode-2/data/ratis/d743aa35-f14b-4a38-8692-b2711e4838b8 close()
2019-07-30 19:00:53,445 INFO  server.GrpcService (GrpcService.java:closeImpl(155)) - 17897573-112e-4610-9ad8-55c3ed9a9698: shutdown server with port 36911 now
2019-07-30 19:00:53,449 INFO  server.GrpcService (GrpcService.java:closeImpl(163)) - 17897573-112e-4610-9ad8-55c3ed9a9698: shutdown server with port 36911 successfully
2019-07-30 19:00:53,451 WARN  client.GrpcClientProtocolService (LogUtils.java:warn(134)) - 1-UnorderedRequestStreamObserver1: onError: org.apache.ratis.thirdparty.io.grpc.StatusRuntimeException: CANCELLED: cancelled before receiving half close
2019-07-30 19:00:53,452 INFO  utils.BackgroundService (BackgroundService.java:shutdown(148)) - Shutting down service BlockDeletingService
2019-07-30 19:00:53,453 WARN  fs.CachingGetSpaceUsed (CachingGetSpaceUsed.java:run(183)) - Thread Interrupted waiting to refresh disk information: sleep interrupted
2019-07-30 19:00:53,468 INFO  utils.BackgroundService (BackgroundService.java:shutdown(148)) - Shutting down service BlockDeletingService
2019-07-30 19:00:53,473 WARN  fs.CachingGetSpaceUsed (CachingGetSpaceUsed.java:run(183)) - Thread Interrupted waiting to refresh disk information: sleep interrupted
2019-07-30 19:00:53,481 INFO  statemachine.DatanodeStateMachine (DatanodeStateMachine.java:stopDaemon(395)) - Ozone container server stopped.
2019-07-30 19:00:53,486 INFO  handler.ContextHandler (ContextHandler.java:doStop(910)) - Stopped o.e.j.w.WebAppContext@37e0056e{/,null,UNAVAILABLE}{/hddsDatanode}
2019-07-30 19:00:53,487 INFO  server.AbstractConnector (AbstractConnector.java:doStop(318)) - Stopped ServerConnector@415795f3{HTTP/1.1,[http/1.1]}{0.0.0.0:0}
2019-07-30 19:00:53,489 INFO  handler.ContextHandler (ContextHandler.java:doStop(910)) - Stopped o.e.j.s.ServletContextHandler@a1691c0{/static,jar:file:/home/user/.m2/repository/org/apache/hadoop/hadoop-hdds-container-service/0.4.1-SNAPSHOT/hadoop-hdds-container-service-0.4.1-SNAPSHOT.jar!/webapps/static,UNAVAILABLE}
2019-07-30 19:00:53,490 INFO  handler.ContextHandler (ContextHandler.java:doStop(910)) - Stopped o.e.j.s.ServletContextHandler@7b351446{/logs,file:///workdir/hadoop-ozone/integration-test/target/log,UNAVAILABLE}
2019-07-30 19:00:53,492 INFO  datanode.ObjectStoreHandler (ObjectStoreHandler.java:close(155)) - Closing ObjectStoreHandler.
2019-07-30 19:00:53,492 INFO  ozone.HddsDatanodeService (HddsDatanodeService.java:stop(451)) - Stopped plug-in org.apache.hadoop.ozone.web.OzoneHddsDatanodeService@364fd4ae
2019-07-30 19:00:53,499 INFO  statemachine.DatanodeStateMachine (DatanodeStateMachine.java:stopDaemon(395)) - Ozone container server stopped.
2019-07-30 19:00:53,501 INFO  handler.ContextHandler (ContextHandler.java:doStop(910)) - Stopped o.e.j.w.WebAppContext@69ed5ea2{/,null,UNAVAILABLE}{/hddsDatanode}
2019-07-30 19:00:53,501 INFO  server.AbstractConnector (AbstractConnector.java:doStop(318)) - Stopped ServerConnector@56a4abd0{HTTP/1.1,[http/1.1]}{0.0.0.0:0}
2019-07-30 19:00:53,502 INFO  handler.ContextHandler (ContextHandler.java:doStop(910)) - Stopped o.e.j.s.ServletContextHandler@4b957db0{/static,jar:file:/home/user/.m2/repository/org/apache/hadoop/hadoop-hdds-container-service/0.4.1-SNAPSHOT/hadoop-hdds-container-service-0.4.1-SNAPSHOT.jar!/webapps/static,UNAVAILABLE}
2019-07-30 19:00:53,502 INFO  handler.ContextHandler (ContextHandler.java:doStop(910)) - Stopped o.e.j.s.ServletContextHandler@5c313224{/logs,file:///workdir/hadoop-ozone/integration-test/target/log,UNAVAILABLE}
2019-07-30 19:00:53,504 INFO  datanode.ObjectStoreHandler (ObjectStoreHandler.java:close(155)) - Closing ObjectStoreHandler.
2019-07-30 19:00:53,504 INFO  ozone.HddsDatanodeService (HddsDatanodeService.java:stop(451)) - Stopped plug-in org.apache.hadoop.ozone.web.OzoneHddsDatanodeService@33627576
2019-07-30 19:00:53,587 INFO  statemachine.DatanodeStateMachine (DatanodeStateMachine.java:lambda$startDaemon$0(350)) - Ozone container server started.
2019-07-30 19:00:54,162 INFO  statemachine.DatanodeStateMachine (DatanodeStateMachine.java:lambda$startDaemon$0(350)) - Ozone container server started.
2019-07-30 19:00:55,580 WARN  server.GrpcLogAppender (LogUtils.java:warn(134)) - 411958a3-ab64-4380-bf36-dfe9236fe105->8a2aa23d-f99d-42d0-8b9e-8177cc389221: Failed appendEntries: org.apache.ratis.thirdparty.io.grpc.StatusRuntimeException: UNAVAILABLE: io exception
2019-07-30 19:00:55,582 INFO  impl.FollowerInfo (FollowerInfo.java:lambda$new$0(50)) - 411958a3-ab64-4380-bf36-dfe9236fe105->8a2aa23d-f99d-42d0-8b9e-8177cc389221: nextIndex: updateUnconditionally 15 -> 14
2019-07-30 19:00:55,582 WARN  server.GrpcLogAppender (LogUtils.java:warn(134)) - 411958a3-ab64-4380-bf36-dfe9236fe105->150de6d3-14ad-4307-adb9-db90f65f5841: Failed appendEntries: org.apache.ratis.thirdparty.io.grpc.StatusRuntimeException: UNAVAILABLE: io exception
2019-07-30 19:00:55,584 INFO  impl.FollowerInfo (FollowerInfo.java:lambda$new$0(50)) - 411958a3-ab64-4380-bf36-dfe9236fe105->150de6d3-14ad-4307-adb9-db90f65f5841: nextIndex: updateUnconditionally 12 -> 11
2019-07-30 19:00:57,597 INFO  node.StaleNodeHandler (StaleNodeHandler.java:onMessage(58)) - Datanode 411958a3-ab64-4380-bf36-dfe9236fe105{ip: 192.168.5.147, host: byscane-nightly-d7s94-1643579034, networkLocation: /default-rack, certSerialId: null} moved to stale state. Finalizing its pipelines [PipelineID=8bbc0485-31ec-4514-bd7e-acb42550befa, PipelineID=8debd10f-040f-4a7a-85ee-b287fe940f30]
2019-07-30 19:00:57,597 INFO  pipeline.SCMPipelineManager (SCMPipelineManager.java:finalizeAndDestroyPipeline(309)) - destroying pipeline:Pipeline[ Id: 8bbc0485-31ec-4514-bd7e-acb42550befa, Nodes: 411958a3-ab64-4380-bf36-dfe9236fe105{ip: 192.168.5.147, host: byscane-nightly-d7s94-1643579034, networkLocation: /default-rack, certSerialId: null}, Type:RATIS, Factor:ONE, State:OPEN]
2019-07-30 19:00:57,597 INFO  pipeline.PipelineStateManager (PipelineStateManager.java:finalizePipeline(123)) - Pipeline Pipeline[ Id: 8bbc0485-31ec-4514-bd7e-acb42550befa, Nodes: 411958a3-ab64-4380-bf36-dfe9236fe105{ip: 192.168.5.147, host: byscane-nightly-d7s94-1643579034, networkLocation: /default-rack, certSerialId: null}, Type:RATIS, Factor:ONE, State:CLOSED] moved to CLOSED state
2019-07-30 19:00:57,598 INFO  pipeline.SCMPipelineManager (SCMPipelineManager.java:finalizeAndDestroyPipeline(309)) - destroying pipeline:Pipeline[ Id: 8debd10f-040f-4a7a-85ee-b287fe940f30, Nodes: 150de6d3-14ad-4307-adb9-db90f65f5841{ip: 192.168.5.147, host: byscane-nightly-d7s94-1643579034, networkLocation: /default-rack, certSerialId: null}8a2aa23d-f99d-42d0-8b9e-8177cc389221{ip: 192.168.5.147, host: byscane-nightly-d7s94-1643579034, networkLocation: /default-rack, certSerialId: null}411958a3-ab64-4380-bf36-dfe9236fe105{ip: 192.168.5.147, host: byscane-nightly-d7s94-1643579034, networkLocation: /default-rack, certSerialId: null}, Type:RATIS, Factor:THREE, State:CLOSED]
2019-07-30 19:00:58,087 WARN  server.GrpcLogAppender (LogUtils.java:warn(134)) - 411958a3-ab64-4380-bf36-dfe9236fe105->8a2aa23d-f99d-42d0-8b9e-8177cc389221: Failed appendEntries: org.apache.ratis.thirdparty.io.grpc.StatusRuntimeException: UNAVAILABLE: io exception
2019-07-30 19:00:58,088 WARN  server.GrpcLogAppender (LogUtils.java:warn(134)) - 411958a3-ab64-4380-bf36-dfe9236fe105->150de6d3-14ad-4307-adb9-db90f65f5841: Failed appendEntries: org.apache.ratis.thirdparty.io.grpc.StatusRuntimeException: UNAVAILABLE: io exception
2019-07-30 19:00:58,089 INFO  impl.FollowerInfo (FollowerInfo.java:lambda$new$0(50)) - 411958a3-ab64-4380-bf36-dfe9236fe105->8a2aa23d-f99d-42d0-8b9e-8177cc389221: nextIndex: updateUnconditionally 14 -> 13
2019-07-30 19:00:58,091 INFO  impl.FollowerInfo (FollowerInfo.java:lambda$new$0(50)) - 411958a3-ab64-4380-bf36-dfe9236fe105->150de6d3-14ad-4307-adb9-db90f65f5841: nextIndex: updateUnconditionally 11 -> 10
2019-07-30 19:00:58,198 INFO  node.StaleNodeHandler (StaleNodeHandler.java:onMessage(58)) - Datanode a2aedc9e-fe15-44ce-8e5f-5a23ce18be61{ip: 192.168.5.147, host: byscane-nightly-d7s94-1643579034, networkLocation: /default-rack, certSerialId: null} moved to stale state. Finalizing its pipelines [PipelineID=b7dda276-2a69-4721-b25d-a9161c6cc3cf]
2019-07-30 19:00:58,198 INFO  pipeline.SCMPipelineManager (SCMPipelineManager.java:finalizeAndDestroyPipeline(309)) - destroying pipeline:Pipeline[ Id: b7dda276-2a69-4721-b25d-a9161c6cc3cf, Nodes: a2aedc9e-fe15-44ce-8e5f-5a23ce18be61{ip: 192.168.5.147, host: byscane-nightly-d7s94-1643579034, networkLocation: /default-rack, certSerialId: null}, Type:RATIS, Factor:ONE, State:OPEN]
2019-07-30 19:00:58,198 INFO  pipeline.PipelineStateManager (PipelineStateManager.java:finalizePipeline(123)) - Pipeline Pipeline[ Id: b7dda276-2a69-4721-b25d-a9161c6cc3cf, Nodes: a2aedc9e-fe15-44ce-8e5f-5a23ce18be61{ip: 192.168.5.147, host: byscane-nightly-d7s94-1643579034, networkLocation: /default-rack, certSerialId: null}, Type:RATIS, Factor:ONE, State:CLOSED] moved to CLOSED state
2019-07-30 19:00:58,493 INFO  ozoneimpl.OzoneContainer (OzoneContainer.java:stop(199)) - Attempting to stop container services.
2019-07-30 19:00:58,494 INFO  impl.RaftServerProxy (RaftServerProxy.java:lambda$close$4(314)) - a2aedc9e-fe15-44ce-8e5f-5a23ce18be61: close
2019-07-30 19:00:58,494 INFO  impl.RaftServerImpl (RaftServerImpl.java:lambda$shutdown$3(245)) - a2aedc9e-fe15-44ce-8e5f-5a23ce18be61: shutdown group-A9161C6CC3CF
2019-07-30 19:00:58,495 INFO  util.JmxRegister (JmxRegister.java:unregister(73)) - Successfully un-registered JMX Bean with object name Ratis:service=RaftServer,group=group-A9161C6CC3CF,id=a2aedc9e-fe15-44ce-8e5f-5a23ce18be61
2019-07-30 19:00:58,495 INFO  impl.RoleInfo (RoleInfo.java:shutdownLeaderState(104)) - a2aedc9e-fe15-44ce-8e5f-5a23ce18be61: shutdown LeaderState
2019-07-30 19:00:58,495 INFO  impl.PendingRequests (PendingRequests.java:sendNotLeaderResponses(202)) - a2aedc9e-fe15-44ce-8e5f-5a23ce18be61-PendingRequests: sendNotLeaderResponses
2019-07-30 19:00:58,496 INFO  impl.StateMachineUpdater (StateMachineUpdater.java:stopAndJoin(115)) - StateMachineUpdater:a2aedc9e-fe15-44ce-8e5f-5a23ce18be61:group-A9161C6CC3CF: set stopIndex = 0
2019-07-30 19:00:58,496 INFO  impl.RaftServerImpl (ServerState.java:close(394)) - a2aedc9e-fe15-44ce-8e5f-5a23ce18be61:group-A9161C6CC3CF closes. The last applied log index is 0
2019-07-30 19:00:58,496 INFO  segmented.SegmentedRaftLogWorker (SegmentedRaftLogWorker.java:run(313)) - a2aedc9e-fe15-44ce-8e5f-5a23ce18be61-SegmentedRaftLogWorker:Storage Directory /workdir/hadoop-ozone/integration-test/target/test-dir/MiniOzoneClusterImpl-cde36970-375a-443a-bf44-429d63a9d0f0/datanode-0/data/ratis/b7dda276-2a69-4721-b25d-a9161c6cc3cf was interrupted, exiting. There are 0 tasks remaining in the queue.
2019-07-30 19:00:58,498 INFO  segmented.SegmentedRaftLogWorker (SegmentedRaftLogWorker.java:close(228)) - a2aedc9e-fe15-44ce-8e5f-5a23ce18be61-SegmentedRaftLogWorker:Storage Directory /workdir/hadoop-ozone/integration-test/target/test-dir/MiniOzoneClusterImpl-cde36970-375a-443a-bf44-429d63a9d0f0/datanode-0/data/ratis/b7dda276-2a69-4721-b25d-a9161c6cc3cf close()
2019-07-30 19:00:58,501 INFO  server.GrpcService (GrpcService.java:closeImpl(155)) - a2aedc9e-fe15-44ce-8e5f-5a23ce18be61: shutdown server with port 36941 now
2019-07-30 19:00:58,503 INFO  server.GrpcService (GrpcService.java:closeImpl(163)) - a2aedc9e-fe15-44ce-8e5f-5a23ce18be61: shutdown server with port 36941 successfully
2019-07-30 19:00:58,505 INFO  ozoneimpl.OzoneContainer (OzoneContainer.java:stop(199)) - Attempting to stop container services.
2019-07-30 19:00:58,505 INFO  impl.RaftServerProxy (RaftServerProxy.java:lambda$close$4(314)) - 411958a3-ab64-4380-bf36-dfe9236fe105: close
2019-07-30 19:00:58,505 INFO  impl.RaftServerImpl (RaftServerImpl.java:lambda$shutdown$3(245)) - 411958a3-ab64-4380-bf36-dfe9236fe105: shutdown group-ACB42550BEFA
2019-07-30 19:00:58,506 INFO  util.JmxRegister (JmxRegister.java:unregister(73)) - Successfully un-registered JMX Bean with object name Ratis:service=RaftServer,group=group-ACB42550BEFA,id=411958a3-ab64-4380-bf36-dfe9236fe105
2019-07-30 19:00:58,506 INFO  impl.RoleInfo (RoleInfo.java:shutdownLeaderState(104)) - 411958a3-ab64-4380-bf36-dfe9236fe105: shutdown LeaderState
2019-07-30 19:00:58,506 INFO  impl.PendingRequests (PendingRequests.java:sendNotLeaderResponses(202)) - 411958a3-ab64-4380-bf36-dfe9236fe105-PendingRequests: sendNotLeaderResponses
2019-07-30 19:00:58,507 INFO  impl.StateMachineUpdater (StateMachineUpdater.java:stopAndJoin(115)) - StateMachineUpdater:411958a3-ab64-4380-bf36-dfe9236fe105:group-ACB42550BEFA: set stopIndex = 0
2019-07-30 19:00:58,507 INFO  impl.RaftServerImpl (ServerState.java:close(394)) - 411958a3-ab64-4380-bf36-dfe9236fe105:group-ACB42550BEFA closes. The last applied log index is 0
2019-07-30 19:00:58,508 INFO  segmented.SegmentedRaftLogWorker (SegmentedRaftLogWorker.java:run(313)) - 411958a3-ab64-4380-bf36-dfe9236fe105-SegmentedRaftLogWorker:Storage Directory /workdir/hadoop-ozone/integration-test/target/test-dir/MiniOzoneClusterImpl-cde36970-375a-443a-bf44-429d63a9d0f0/datanode-6/data/ratis/8bbc0485-31ec-4514-bd7e-acb42550befa was interrupted, exiting. There are 0 tasks remaining in the queue.
2019-07-30 19:00:58,509 INFO  segmented.SegmentedRaftLogWorker (SegmentedRaftLogWorker.java:close(228)) - 411958a3-ab64-4380-bf36-dfe9236fe105-SegmentedRaftLogWorker:Storage Directory /workdir/hadoop-ozone/integration-test/target/test-dir/MiniOzoneClusterImpl-cde36970-375a-443a-bf44-429d63a9d0f0/datanode-6/data/ratis/8bbc0485-31ec-4514-bd7e-acb42550befa close()
2019-07-30 19:00:58,512 INFO  impl.RaftServerImpl (RaftServerImpl.java:lambda$shutdown$3(245)) - 411958a3-ab64-4380-bf36-dfe9236fe105: shutdown group-B287FE940F30
2019-07-30 19:00:58,512 INFO  util.JmxRegister (JmxRegister.java:unregister(73)) - Successfully un-registered JMX Bean with object name Ratis:service=RaftServer,group=group-B287FE940F30,id=411958a3-ab64-4380-bf36-dfe9236fe105
2019-07-30 19:00:58,513 INFO  impl.RoleInfo (RoleInfo.java:shutdownLeaderState(104)) - 411958a3-ab64-4380-bf36-dfe9236fe105: shutdown LeaderState
2019-07-30 19:00:58,515 INFO  impl.PendingRequests (PendingRequests.java:sendNotLeaderResponses(202)) - 411958a3-ab64-4380-bf36-dfe9236fe105-PendingRequests: sendNotLeaderResponses
2019-07-30 19:00:58,515 WARN  server.GrpcLogAppender (GrpcLogAppender.java:mayWait(143)) - GrpcLogAppender(411958a3-ab64-4380-bf36-dfe9236fe105->8a2aa23d-f99d-42d0-8b9e-8177cc389221): Wait interrupted by java.lang.InterruptedException
2019-07-30 19:00:58,518 INFO  impl.StateMachineUpdater (StateMachineUpdater.java:stopAndJoin(115)) - StateMachineUpdater:411958a3-ab64-4380-bf36-dfe9236fe105:group-B287FE940F30: set stopIndex = 18
2019-07-30 19:00:58,515 WARN  server.GrpcLogAppender (GrpcLogAppender.java:mayWait(143)) - GrpcLogAppender(411958a3-ab64-4380-bf36-dfe9236fe105->150de6d3-14ad-4307-adb9-db90f65f5841): Wait interrupted by java.lang.InterruptedException
2019-07-30 19:00:58,518 INFO  ratis.ContainerStateMachine (ContainerStateMachine.java:takeSnapshot(262)) - group-B287FE940F30: Taking a snapshot at:(t:1, i:18) file /workdir/hadoop-ozone/integration-test/target/test-dir/MiniOzoneClusterImpl-cde36970-375a-443a-bf44-429d63a9d0f0/datanode-6/data/ratis/8debd10f-040f-4a7a-85ee-b287fe940f30/sm/snapshot.1_18
2019-07-30 19:00:58,520 INFO  utils.BackgroundService (BackgroundService.java:shutdown(148)) - Shutting down service BlockDeletingService
2019-07-30 19:00:58,524 WARN  fs.CachingGetSpaceUsed (CachingGetSpaceUsed.java:run(183)) - Thread Interrupted waiting to refresh disk information: sleep interrupted
2019-07-30 19:00:58,546 INFO  statemachine.DatanodeStateMachine (DatanodeStateMachine.java:stopDaemon(395)) - Ozone container server stopped.
2019-07-30 19:00:58,551 INFO  handler.ContextHandler (ContextHandler.java:doStop(910)) - Stopped o.e.j.w.WebAppContext@dc79225{/,null,UNAVAILABLE}{/hddsDatanode}
2019-07-30 19:00:58,552 INFO  server.AbstractConnector (AbstractConnector.java:doStop(318)) - Stopped ServerConnector@30e9ca13{HTTP/1.1,[http/1.1]}{0.0.0.0:0}
2019-07-30 19:00:58,553 INFO  handler.ContextHandler (ContextHandler.java:doStop(910)) - Stopped o.e.j.s.ServletContextHandler@1f0b3cfe{/static,jar:file:/home/user/.m2/repository/org/apache/hadoop/hadoop-hdds-container-service/0.4.1-SNAPSHOT/hadoop-hdds-container-service-0.4.1-SNAPSHOT.jar!/webapps/static,UNAVAILABLE}
2019-07-30 19:00:58,555 INFO  handler.ContextHandler (ContextHandler.java:doStop(910)) - Stopped o.e.j.s.ServletContextHandler@42ea287{/logs,file:///workdir/hadoop-ozone/integration-test/target/log,UNAVAILABLE}
2019-07-30 19:00:58,556 INFO  datanode.ObjectStoreHandler (ObjectStoreHandler.java:close(155)) - Closing ObjectStoreHandler.
2019-07-30 19:00:58,557 INFO  ozone.HddsDatanodeService (HddsDatanodeService.java:stop(451)) - Stopped plug-in org.apache.hadoop.ozone.web.OzoneHddsDatanodeService@5b742bc8
2019-07-30 19:00:58,710 INFO  ratis.ContainerStateMachine (ContainerStateMachine.java:takeSnapshot(273)) - group-B287FE940F30: Finished taking a snapshot at:(t:1, i:18) file:/workdir/hadoop-ozone/integration-test/target/test-dir/MiniOzoneClusterImpl-cde36970-375a-443a-bf44-429d63a9d0f0/datanode-6/data/ratis/8debd10f-040f-4a7a-85ee-b287fe940f30/sm/snapshot.1_18 time:192
2019-07-30 19:00:58,710 INFO  impl.StateMachineUpdater (StateMachineUpdater.java:takeSnapshot(242)) - StateMachineUpdater:411958a3-ab64-4380-bf36-dfe9236fe105:group-B287FE940F30: Took a snapshot at index 18
2019-07-30 19:00:58,711 INFO  impl.StateMachineUpdater (StateMachineUpdater.java:lambda$new$0(80)) - StateMachineUpdater:411958a3-ab64-4380-bf36-dfe9236fe105:group-B287FE940F30: snapshotIndex: updateIncreasingly -1 -> 18
2019-07-30 19:00:58,711 INFO  impl.RaftServerImpl (ServerState.java:close(394)) - 411958a3-ab64-4380-bf36-dfe9236fe105:group-B287FE940F30 closes. The last applied log index is 18
2019-07-30 19:00:58,712 INFO  segmented.SegmentedRaftLogWorker (SegmentedRaftLogWorker.java:run(313)) - 411958a3-ab64-4380-bf36-dfe9236fe105-SegmentedRaftLogWorker:Storage Directory /workdir/hadoop-ozone/integration-test/target/test-dir/MiniOzoneClusterImpl-cde36970-375a-443a-bf44-429d63a9d0f0/datanode-6/data/ratis/8debd10f-040f-4a7a-85ee-b287fe940f30 was interrupted, exiting. There are 0 tasks remaining in the queue.
2019-07-30 19:00:58,716 INFO  segmented.SegmentedRaftLogWorker (SegmentedRaftLogWorker.java:close(228)) - 411958a3-ab64-4380-bf36-dfe9236fe105-SegmentedRaftLogWorker:Storage Directory /workdir/hadoop-ozone/integration-test/target/test-dir/MiniOzoneClusterImpl-cde36970-375a-443a-bf44-429d63a9d0f0/datanode-6/data/ratis/8debd10f-040f-4a7a-85ee-b287fe940f30 close()
2019-07-30 19:00:58,718 INFO  server.GrpcService (GrpcService.java:closeImpl(155)) - 411958a3-ab64-4380-bf36-dfe9236fe105: shutdown server with port 39259 now
2019-07-30 19:00:58,718 INFO  server.GrpcService (GrpcService.java:closeImpl(163)) - 411958a3-ab64-4380-bf36-dfe9236fe105: shutdown server with port 39259 successfully
2019-07-30 19:00:58,720 INFO  utils.BackgroundService (BackgroundService.java:shutdown(148)) - Shutting down service BlockDeletingService
2019-07-30 19:00:58,722 WARN  fs.CachingGetSpaceUsed (CachingGetSpaceUsed.java:run(183)) - Thread Interrupted waiting to refresh disk information: sleep interrupted
2019-07-30 19:00:58,748 INFO  statemachine.DatanodeStateMachine (DatanodeStateMachine.java:stopDaemon(395)) - Ozone container server stopped.
2019-07-30 19:00:58,749 INFO  handler.ContextHandler (ContextHandler.java:doStop(910)) - Stopped o.e.j.w.WebAppContext@61a87366{/,null,UNAVAILABLE}{/hddsDatanode}
2019-07-30 19:00:58,751 INFO  server.AbstractConnector (AbstractConnector.java:doStop(318)) - Stopped ServerConnector@3c33fcf8{HTTP/1.1,[http/1.1]}{0.0.0.0:0}
2019-07-30 19:00:58,751 INFO  handler.ContextHandler (ContextHandler.java:doStop(910)) - Stopped o.e.j.s.ServletContextHandler@2450256f{/static,jar:file:/home/user/.m2/repository/org/apache/hadoop/hadoop-hdds-container-service/0.4.1-SNAPSHOT/hadoop-hdds-container-service-0.4.1-SNAPSHOT.jar!/webapps/static,UNAVAILABLE}
2019-07-30 19:00:58,752 INFO  handler.ContextHandler (ContextHandler.java:doStop(910)) - Stopped o.e.j.s.ServletContextHandler@4466cf5d{/logs,file:///workdir/hadoop-ozone/integration-test/target/log,UNAVAILABLE}
2019-07-30 19:00:59,270 INFO  statemachine.DatanodeStateMachine (DatanodeStateMachine.java:lambda$startDaemon$0(350)) - Ozone container server started.
2019-07-30 19:01:01,899 INFO  impl.FollowerState (FollowerState.java:run(106)) - 6e54eef3-6492-4f15-a243-31255825725e:group-2BA9F1B26B3E changes to CANDIDATE, lastRpcTime:8522, electionTimeout:5188ms
2019-07-30 19:01:01,899 INFO  impl.RoleInfo (RoleInfo.java:shutdownFollowerState(121)) - 6e54eef3-6492-4f15-a243-31255825725e: shutdown FollowerState
2019-07-30 19:01:01,899 INFO  impl.RaftServerImpl (RaftServerImpl.java:setRole(171)) - 6e54eef3-6492-4f15-a243-31255825725e:group-2BA9F1B26B3E changes role from FOLLOWER to CANDIDATE at term 1 for changeToCandidate
2019-07-30 19:01:01,899 INFO  impl.RoleInfo (RoleInfo.java:updateAndGet(143)) - 6e54eef3-6492-4f15-a243-31255825725e: start LeaderElection
2019-07-30 19:01:01,901 INFO  impl.RaftServerImpl (ServerState.java:setLeader(263)) - 6e54eef3-6492-4f15-a243-31255825725e:group-2BA9F1B26B3E change Leader from 17897573-112e-4610-9ad8-55c3ed9a9698 to null at term 1 for initElection
2019-07-30 19:01:01,913 INFO  impl.LeaderElection (LeaderElection.java:askForVotes(181)) - 6e54eef3-6492-4f15-a243-31255825725e:group-2BA9F1B26B3E:LeaderElection11: begin an election at term 2 for 0: [a12d8726-0518-4346-9bf2-61984692d4d0:192.168.5.147:44269, 6e54eef3-6492-4f15-a243-31255825725e:192.168.5.147:44710, 17897573-112e-4610-9ad8-55c3ed9a9698:192.168.5.147:36911], old=null
2019-07-30 19:01:01,921 INFO  impl.LeaderElection (LogUtils.java:infoOrTrace(149)) - 6e54eef3-6492-4f15-a243-31255825725e:group-2BA9F1B26B3E:LeaderElection11 got exception when requesting votes: {}
java.util.concurrent.ExecutionException: org.apache.ratis.thirdparty.io.grpc.StatusRuntimeException: UNAVAILABLE: io exception
	at java.util.concurrent.FutureTask.report(FutureTask.java:122)
	at java.util.concurrent.FutureTask.get(FutureTask.java:192)
	at org.apache.ratis.server.impl.LeaderElection.waitForResults(LeaderElection.java:262)
	at org.apache.ratis.server.impl.LeaderElection.askForVotes(LeaderElection.java:200)
	at org.apache.ratis.server.impl.LeaderElection.run(LeaderElection.java:130)
	at java.lang.Thread.run(Thread.java:748)
Caused by: org.apache.ratis.thirdparty.io.grpc.StatusRuntimeException: UNAVAILABLE: io exception
	at org.apache.ratis.thirdparty.io.grpc.stub.ClientCalls.toStatusRuntimeException(ClientCalls.java:233)
	at org.apache.ratis.thirdparty.io.grpc.stub.ClientCalls.getUnchecked(ClientCalls.java:214)
	at org.apache.ratis.thirdparty.io.grpc.stub.ClientCalls.blockingUnaryCall(ClientCalls.java:139)
	at org.apache.ratis.proto.grpc.RaftServerProtocolServiceGrpc$RaftServerProtocolServiceBlockingStub.requestVote(RaftServerProtocolServiceGrpc.java:265)
	at org.apache.ratis.grpc.server.GrpcServerProtocolClient.requestVote(GrpcServerProtocolClient.java:83)
	at org.apache.ratis.grpc.server.GrpcService.requestVote(GrpcService.java:195)
	at org.apache.ratis.server.impl.LeaderElection.lambda$submitRequests$1(LeaderElection.java:237)
	at java.util.concurrent.FutureTask.run(FutureTask.java:266)
	at java.util.concurrent.Executors$RunnableAdapter.call(Executors.java:511)
	at java.util.concurrent.FutureTask.run(FutureTask.java:266)
	at java.util.concurrent.ThreadPoolExecutor.runWorker(ThreadPoolExecutor.java:1149)
	at java.util.concurrent.ThreadPoolExecutor$Worker.run(ThreadPoolExecutor.java:624)
	... 1 more
Caused by: org.apache.ratis.thirdparty.io.netty.channel.AbstractChannel$AnnotatedConnectException: Connection refused: /192.168.5.147:36911
	at sun.nio.ch.SocketChannelImpl.checkConnect(Native Method)
	at sun.nio.ch.SocketChannelImpl.finishConnect(SocketChannelImpl.java:717)
	at org.apache.ratis.thirdparty.io.netty.channel.socket.nio.NioSocketChannel.doFinishConnect(NioSocketChannel.java:327)
	at org.apache.ratis.thirdparty.io.netty.channel.nio.AbstractNioChannel$AbstractNioUnsafe.finishConnect(AbstractNioChannel.java:340)
	at org.apache.ratis.thirdparty.io.netty.channel.nio.NioEventLoop.processSelectedKey(NioEventLoop.java:632)
	at org.apache.ratis.thirdparty.io.netty.channel.nio.NioEventLoop.processSelectedKeysOptimized(NioEventLoop.java:579)
	at org.apache.ratis.thirdparty.io.netty.channel.nio.NioEventLoop.processSelectedKeys(NioEventLoop.java:496)
	at org.apache.ratis.thirdparty.io.netty.channel.nio.NioEventLoop.run(NioEventLoop.java:458)
	at org.apache.ratis.thirdparty.io.netty.util.concurrent.SingleThreadEventExecutor$5.run(SingleThreadEventExecutor.java:897)
	at org.apache.ratis.thirdparty.io.netty.util.concurrent.FastThreadLocalRunnable.run(FastThreadLocalRunnable.java:30)
	... 1 more
Caused by: java.net.ConnectException: Connection refused
	... 11 more
2019-07-30 19:01:01,924 INFO  impl.LeaderElection (LogUtils.java:infoOrTrace(149)) - 6e54eef3-6492-4f15-a243-31255825725e:group-2BA9F1B26B3E:LeaderElection11 got exception when requesting votes: {}
java.util.concurrent.ExecutionException: org.apache.ratis.thirdparty.io.grpc.StatusRuntimeException: UNAVAILABLE: io exception
	at java.util.concurrent.FutureTask.report(FutureTask.java:122)
	at java.util.concurrent.FutureTask.get(FutureTask.java:192)
	at org.apache.ratis.server.impl.LeaderElection.waitForResults(LeaderElection.java:262)
	at org.apache.ratis.server.impl.LeaderElection.askForVotes(LeaderElection.java:200)
	at org.apache.ratis.server.impl.LeaderElection.run(LeaderElection.java:130)
	at java.lang.Thread.run(Thread.java:748)
Caused by: org.apache.ratis.thirdparty.io.grpc.StatusRuntimeException: UNAVAILABLE: io exception
	at org.apache.ratis.thirdparty.io.grpc.stub.ClientCalls.toStatusRuntimeException(ClientCalls.java:233)
	at org.apache.ratis.thirdparty.io.grpc.stub.ClientCalls.getUnchecked(ClientCalls.java:214)
	at org.apache.ratis.thirdparty.io.grpc.stub.ClientCalls.blockingUnaryCall(ClientCalls.java:139)
	at org.apache.ratis.proto.grpc.RaftServerProtocolServiceGrpc$RaftServerProtocolServiceBlockingStub.requestVote(RaftServerProtocolServiceGrpc.java:265)
	at org.apache.ratis.grpc.server.GrpcServerProtocolClient.requestVote(GrpcServerProtocolClient.java:83)
	at org.apache.ratis.grpc.server.GrpcService.requestVote(GrpcService.java:195)
	at org.apache.ratis.server.impl.LeaderElection.lambda$submitRequests$1(LeaderElection.java:237)
	at java.util.concurrent.FutureTask.run(FutureTask.java:266)
	at java.util.concurrent.Executors$RunnableAdapter.call(Executors.java:511)
	at java.util.concurrent.FutureTask.run(FutureTask.java:266)
	at java.util.concurrent.ThreadPoolExecutor.runWorker(ThreadPoolExecutor.java:1149)
	at java.util.concurrent.ThreadPoolExecutor$Worker.run(ThreadPoolExecutor.java:624)
	... 1 more
Caused by: org.apache.ratis.thirdparty.io.netty.channel.AbstractChannel$AnnotatedConnectException: Connection refused: /192.168.5.147:44269
	at sun.nio.ch.SocketChannelImpl.checkConnect(Native Method)
	at sun.nio.ch.SocketChannelImpl.finishConnect(SocketChannelImpl.java:717)
	at org.apache.ratis.thirdparty.io.netty.channel.socket.nio.NioSocketChannel.doFinishConnect(NioSocketChannel.java:327)
	at org.apache.ratis.thirdparty.io.netty.channel.nio.AbstractNioChannel$AbstractNioUnsafe.finishConnect(AbstractNioChannel.java:340)
	at org.apache.ratis.thirdparty.io.netty.channel.nio.NioEventLoop.processSelectedKey(NioEventLoop.java:632)
	at org.apache.ratis.thirdparty.io.netty.channel.nio.NioEventLoop.processSelectedKeysOptimized(NioEventLoop.java:579)
	at org.apache.ratis.thirdparty.io.netty.channel.nio.NioEventLoop.processSelectedKeys(NioEventLoop.java:496)
	at org.apache.ratis.thirdparty.io.netty.channel.nio.NioEventLoop.run(NioEventLoop.java:458)
	at org.apache.ratis.thirdparty.io.netty.util.concurrent.SingleThreadEventExecutor$5.run(SingleThreadEventExecutor.java:897)
	at org.apache.ratis.thirdparty.io.netty.util.concurrent.FastThreadLocalRunnable.run(FastThreadLocalRunnable.java:30)
	... 1 more
Caused by: java.net.ConnectException: Connection refused
	... 11 more
2019-07-30 19:01:01,926 INFO  impl.LeaderElection (LeaderElection.java:logAndReturn(56)) - 6e54eef3-6492-4f15-a243-31255825725e:group-2BA9F1B26B3E:LeaderElection11: Election REJECTED; received 0 response(s) [] and 2 exception(s); 6e54eef3-6492-4f15-a243-31255825725e:t2, leader=null, voted=6e54eef3-6492-4f15-a243-31255825725e, raftlog=6e54eef3-6492-4f15-a243-31255825725e-SegmentedRaftLog:OPENED:c16,f16,i16, conf=0: [a12d8726-0518-4346-9bf2-61984692d4d0:192.168.5.147:44269, 6e54eef3-6492-4f15-a243-31255825725e:192.168.5.147:44710, 17897573-112e-4610-9ad8-55c3ed9a9698:192.168.5.147:36911], old=null
2019-07-30 19:01:01,927 INFO  impl.LeaderElection (LogUtils.java:infoOrTrace(149)) -   Exception 0: {}
java.util.concurrent.ExecutionException: org.apache.ratis.thirdparty.io.grpc.StatusRuntimeException: UNAVAILABLE: io exception
	at java.util.concurrent.FutureTask.report(FutureTask.java:122)
	at java.util.concurrent.FutureTask.get(FutureTask.java:192)
	at org.apache.ratis.server.impl.LeaderElection.waitForResults(LeaderElection.java:262)
	at org.apache.ratis.server.impl.LeaderElection.askForVotes(LeaderElection.java:200)
	at org.apache.ratis.server.impl.LeaderElection.run(LeaderElection.java:130)
	at java.lang.Thread.run(Thread.java:748)
Caused by: org.apache.ratis.thirdparty.io.grpc.StatusRuntimeException: UNAVAILABLE: io exception
	at org.apache.ratis.thirdparty.io.grpc.stub.ClientCalls.toStatusRuntimeException(ClientCalls.java:233)
	at org.apache.ratis.thirdparty.io.grpc.stub.ClientCalls.getUnchecked(ClientCalls.java:214)
	at org.apache.ratis.thirdparty.io.grpc.stub.ClientCalls.blockingUnaryCall(ClientCalls.java:139)
	at org.apache.ratis.proto.grpc.RaftServerProtocolServiceGrpc$RaftServerProtocolServiceBlockingStub.requestVote(RaftServerProtocolServiceGrpc.java:265)
	at org.apache.ratis.grpc.server.GrpcServerProtocolClient.requestVote(GrpcServerProtocolClient.java:83)
	at org.apache.ratis.grpc.server.GrpcService.requestVote(GrpcService.java:195)
	at org.apache.ratis.server.impl.LeaderElection.lambda$submitRequests$1(LeaderElection.java:237)
	at java.util.concurrent.FutureTask.run(FutureTask.java:266)
	at java.util.concurrent.Executors$RunnableAdapter.call(Executors.java:511)
	at java.util.concurrent.FutureTask.run(FutureTask.java:266)
	at java.util.concurrent.ThreadPoolExecutor.runWorker(ThreadPoolExecutor.java:1149)
	at java.util.concurrent.ThreadPoolExecutor$Worker.run(ThreadPoolExecutor.java:624)
	... 1 more
Caused by: org.apache.ratis.thirdparty.io.netty.channel.AbstractChannel$AnnotatedConnectException: Connection refused: /192.168.5.147:36911
	at sun.nio.ch.SocketChannelImpl.checkConnect(Native Method)
	at sun.nio.ch.SocketChannelImpl.finishConnect(SocketChannelImpl.java:717)
	at org.apache.ratis.thirdparty.io.netty.channel.socket.nio.NioSocketChannel.doFinishConnect(NioSocketChannel.java:327)
	at org.apache.ratis.thirdparty.io.netty.channel.nio.AbstractNioChannel$AbstractNioUnsafe.finishConnect(AbstractNioChannel.java:340)
	at org.apache.ratis.thirdparty.io.netty.channel.nio.NioEventLoop.processSelectedKey(NioEventLoop.java:632)
	at org.apache.ratis.thirdparty.io.netty.channel.nio.NioEventLoop.processSelectedKeysOptimized(NioEventLoop.java:579)
	at org.apache.ratis.thirdparty.io.netty.channel.nio.NioEventLoop.processSelectedKeys(NioEventLoop.java:496)
	at org.apache.ratis.thirdparty.io.netty.channel.nio.NioEventLoop.run(NioEventLoop.java:458)
	at org.apache.ratis.thirdparty.io.netty.util.concurrent.SingleThreadEventExecutor$5.run(SingleThreadEventExecutor.java:897)
	at org.apache.ratis.thirdparty.io.netty.util.concurrent.FastThreadLocalRunnable.run(FastThreadLocalRunnable.java:30)
	... 1 more
Caused by: java.net.ConnectException: Connection refused
	... 11 more
2019-07-30 19:01:01,927 INFO  impl.LeaderElection (LogUtils.java:infoOrTrace(149)) -   Exception 1: {}
java.util.concurrent.ExecutionException: org.apache.ratis.thirdparty.io.grpc.StatusRuntimeException: UNAVAILABLE: io exception
	at java.util.concurrent.FutureTask.report(FutureTask.java:122)
	at java.util.concurrent.FutureTask.get(FutureTask.java:192)
	at org.apache.ratis.server.impl.LeaderElection.waitForResults(LeaderElection.java:262)
	at org.apache.ratis.server.impl.LeaderElection.askForVotes(LeaderElection.java:200)
	at org.apache.ratis.server.impl.LeaderElection.run(LeaderElection.java:130)
	at java.lang.Thread.run(Thread.java:748)
Caused by: org.apache.ratis.thirdparty.io.grpc.StatusRuntimeException: UNAVAILABLE: io exception
	at org.apache.ratis.thirdparty.io.grpc.stub.ClientCalls.toStatusRuntimeException(ClientCalls.java:233)
	at org.apache.ratis.thirdparty.io.grpc.stub.ClientCalls.getUnchecked(ClientCalls.java:214)
	at org.apache.ratis.thirdparty.io.grpc.stub.ClientCalls.blockingUnaryCall(ClientCalls.java:139)
	at org.apache.ratis.proto.grpc.RaftServerProtocolServiceGrpc$RaftServerProtocolServiceBlockingStub.requestVote(RaftServerProtocolServiceGrpc.java:265)
	at org.apache.ratis.grpc.server.GrpcServerProtocolClient.requestVote(GrpcServerProtocolClient.java:83)
	at org.apache.ratis.grpc.server.GrpcService.requestVote(GrpcService.java:195)
	at org.apache.ratis.server.impl.LeaderElection.lambda$submitRequests$1(LeaderElection.java:237)
	at java.util.concurrent.FutureTask.run(FutureTask.java:266)
	at java.util.concurrent.Executors$RunnableAdapter.call(Executors.java:511)
	at java.util.concurrent.FutureTask.run(FutureTask.java:266)
	at java.util.concurrent.ThreadPoolExecutor.runWorker(ThreadPoolExecutor.java:1149)
	at java.util.concurrent.ThreadPoolExecutor$Worker.run(ThreadPoolExecutor.java:624)
	... 1 more
Caused by: org.apache.ratis.thirdparty.io.netty.channel.AbstractChannel$AnnotatedConnectException: Connection refused: /192.168.5.147:44269
	at sun.nio.ch.SocketChannelImpl.checkConnect(Native Method)
	at sun.nio.ch.SocketChannelImpl.finishConnect(SocketChannelImpl.java:717)
	at org.apache.ratis.thirdparty.io.netty.channel.socket.nio.NioSocketChannel.doFinishConnect(NioSocketChannel.java:327)
	at org.apache.ratis.thirdparty.io.netty.channel.nio.AbstractNioChannel$AbstractNioUnsafe.finishConnect(AbstractNioChannel.java:340)
	at org.apache.ratis.thirdparty.io.netty.channel.nio.NioEventLoop.processSelectedKey(NioEventLoop.java:632)
	at org.apache.ratis.thirdparty.io.netty.channel.nio.NioEventLoop.processSelectedKeysOptimized(NioEventLoop.java:579)
	at org.apache.ratis.thirdparty.io.netty.channel.nio.NioEventLoop.processSelectedKeys(NioEventLoop.java:496)
	at org.apache.ratis.thirdparty.io.netty.channel.nio.NioEventLoop.run(NioEventLoop.java:458)
	at org.apache.ratis.thirdparty.io.netty.util.concurrent.SingleThreadEventExecutor$5.run(SingleThreadEventExecutor.java:897)
	at org.apache.ratis.thirdparty.io.netty.util.concurrent.FastThreadLocalRunnable.run(FastThreadLocalRunnable.java:30)
	... 1 more
Caused by: java.net.ConnectException: Connection refused
	... 11 more
2019-07-30 19:01:01,928 INFO  impl.RaftServerImpl (RaftServerImpl.java:setRole(171)) - 6e54eef3-6492-4f15-a243-31255825725e:group-2BA9F1B26B3E changes role from CANDIDATE to FOLLOWER at term 2 for DISCOVERED_A_NEW_TERM
2019-07-30 19:01:01,928 INFO  impl.RoleInfo (RoleInfo.java:shutdownLeaderElection(134)) - 6e54eef3-6492-4f15-a243-31255825725e: shutdown LeaderElection
2019-07-30 19:01:01,929 INFO  impl.RoleInfo (RoleInfo.java:updateAndGet(143)) - 6e54eef3-6492-4f15-a243-31255825725e: start FollowerState
2019-07-30 19:01:03,308 INFO  node.StaleNodeHandler (StaleNodeHandler.java:onMessage(58)) - Datanode 6e54eef3-6492-4f15-a243-31255825725e{ip: 192.168.5.147, host: byscane-nightly-d7s94-1643579034, networkLocation: /default-rack, certSerialId: null} moved to stale state. Finalizing its pipelines [PipelineID=b33a0452-0f7d-4ff0-b246-6f65d1112315, PipelineID=0fe0d6aa-7afd-40ad-bd9c-2ba9f1b26b3e]
2019-07-30 19:01:03,308 INFO  pipeline.SCMPipelineManager (SCMPipelineManager.java:finalizeAndDestroyPipeline(309)) - destroying pipeline:Pipeline[ Id: b33a0452-0f7d-4ff0-b246-6f65d1112315, Nodes: 6e54eef3-6492-4f15-a243-31255825725e{ip: 192.168.5.147, host: byscane-nightly-d7s94-1643579034, networkLocation: /default-rack, certSerialId: null}, Type:RATIS, Factor:ONE, State:OPEN]
2019-07-30 19:01:03,309 INFO  pipeline.PipelineStateManager (PipelineStateManager.java:finalizePipeline(123)) - Pipeline Pipeline[ Id: b33a0452-0f7d-4ff0-b246-6f65d1112315, Nodes: 6e54eef3-6492-4f15-a243-31255825725e{ip: 192.168.5.147, host: byscane-nightly-d7s94-1643579034, networkLocation: /default-rack, certSerialId: null}, Type:RATIS, Factor:ONE, State:CLOSED] moved to CLOSED state
2019-07-30 19:01:03,309 INFO  pipeline.SCMPipelineManager (SCMPipelineManager.java:finalizeAndDestroyPipeline(309)) - destroying pipeline:Pipeline[ Id: 0fe0d6aa-7afd-40ad-bd9c-2ba9f1b26b3e, Nodes: 17897573-112e-4610-9ad8-55c3ed9a9698{ip: 192.168.5.147, host: byscane-nightly-d7s94-1643579034, networkLocation: /default-rack, certSerialId: null}a12d8726-0518-4346-9bf2-61984692d4d0{ip: 192.168.5.147, host: byscane-nightly-d7s94-1643579034, networkLocation: /default-rack, certSerialId: null}6e54eef3-6492-4f15-a243-31255825725e{ip: 192.168.5.147, host: byscane-nightly-d7s94-1643579034, networkLocation: /default-rack, certSerialId: null}, Type:RATIS, Factor:THREE, State:CLOSED]
2019-07-30 19:01:03,558 INFO  ozoneimpl.OzoneContainer (OzoneContainer.java:stop(199)) - Attempting to stop container services.
2019-07-30 19:01:03,558 INFO  impl.RaftServerProxy (RaftServerProxy.java:lambda$close$4(314)) - 6e54eef3-6492-4f15-a243-31255825725e: close
2019-07-30 19:01:03,558 INFO  impl.RaftServerImpl (RaftServerImpl.java:lambda$shutdown$3(245)) - 6e54eef3-6492-4f15-a243-31255825725e: shutdown group-6F65D1112315
2019-07-30 19:01:03,559 INFO  util.JmxRegister (JmxRegister.java:unregister(73)) - Successfully un-registered JMX Bean with object name Ratis:service=RaftServer,group=group-6F65D1112315,id=6e54eef3-6492-4f15-a243-31255825725e
2019-07-30 19:01:03,559 INFO  impl.RoleInfo (RoleInfo.java:shutdownLeaderState(104)) - 6e54eef3-6492-4f15-a243-31255825725e: shutdown LeaderState
2019-07-30 19:01:03,559 INFO  impl.PendingRequests (PendingRequests.java:sendNotLeaderResponses(202)) - 6e54eef3-6492-4f15-a243-31255825725e-PendingRequests: sendNotLeaderResponses
2019-07-30 19:01:03,560 INFO  impl.StateMachineUpdater (StateMachineUpdater.java:stopAndJoin(115)) - StateMachineUpdater:6e54eef3-6492-4f15-a243-31255825725e:group-6F65D1112315: set stopIndex = 0
2019-07-30 19:01:03,560 INFO  impl.RaftServerImpl (ServerState.java:close(394)) - 6e54eef3-6492-4f15-a243-31255825725e:group-6F65D1112315 closes. The last applied log index is 0
2019-07-30 19:01:03,561 INFO  segmented.SegmentedRaftLogWorker (SegmentedRaftLogWorker.java:run(313)) - 6e54eef3-6492-4f15-a243-31255825725e-SegmentedRaftLogWorker:Storage Directory /workdir/hadoop-ozone/integration-test/target/test-dir/MiniOzoneClusterImpl-cde36970-375a-443a-bf44-429d63a9d0f0/datanode-5/data/ratis/b33a0452-0f7d-4ff0-b246-6f65d1112315 was interrupted, exiting. There are 0 tasks remaining in the queue.
2019-07-30 19:01:03,561 INFO  segmented.SegmentedRaftLogWorker (SegmentedRaftLogWorker.java:close(228)) - 6e54eef3-6492-4f15-a243-31255825725e-SegmentedRaftLogWorker:Storage Directory /workdir/hadoop-ozone/integration-test/target/test-dir/MiniOzoneClusterImpl-cde36970-375a-443a-bf44-429d63a9d0f0/datanode-5/data/ratis/b33a0452-0f7d-4ff0-b246-6f65d1112315 close()
2019-07-30 19:01:03,562 INFO  impl.RaftServerImpl (RaftServerImpl.java:lambda$shutdown$3(245)) - 6e54eef3-6492-4f15-a243-31255825725e: shutdown group-2BA9F1B26B3E
2019-07-30 19:01:03,563 INFO  util.JmxRegister (JmxRegister.java:unregister(73)) - Successfully un-registered JMX Bean with object name Ratis:service=RaftServer,group=group-2BA9F1B26B3E,id=6e54eef3-6492-4f15-a243-31255825725e
2019-07-30 19:01:03,563 INFO  impl.RoleInfo (RoleInfo.java:shutdownFollowerState(121)) - 6e54eef3-6492-4f15-a243-31255825725e: shutdown FollowerState
2019-07-30 19:01:03,563 INFO  impl.StateMachineUpdater (StateMachineUpdater.java:stopAndJoin(115)) - StateMachineUpdater:6e54eef3-6492-4f15-a243-31255825725e:group-2BA9F1B26B3E: set stopIndex = 16
2019-07-30 19:01:03,563 INFO  ratis.ContainerStateMachine (ContainerStateMachine.java:takeSnapshot(262)) - group-2BA9F1B26B3E: Taking a snapshot at:(t:1, i:14) file /workdir/hadoop-ozone/integration-test/target/test-dir/MiniOzoneClusterImpl-cde36970-375a-443a-bf44-429d63a9d0f0/datanode-5/data/ratis/0fe0d6aa-7afd-40ad-bd9c-2ba9f1b26b3e/sm/snapshot.1_14
2019-07-30 19:01:03,563 INFO  impl.FollowerState (FollowerState.java:run(114)) - 6e54eef3-6492-4f15-a243-31255825725e: FollowerState was interrupted: java.lang.InterruptedException: sleep interrupted
2019-07-30 19:01:03,590 INFO  ratis.ContainerStateMachine (ContainerStateMachine.java:takeSnapshot(273)) - group-2BA9F1B26B3E: Finished taking a snapshot at:(t:1, i:14) file:/workdir/hadoop-ozone/integration-test/target/test-dir/MiniOzoneClusterImpl-cde36970-375a-443a-bf44-429d63a9d0f0/datanode-5/data/ratis/0fe0d6aa-7afd-40ad-bd9c-2ba9f1b26b3e/sm/snapshot.1_14 time:27
2019-07-30 19:01:03,590 INFO  impl.StateMachineUpdater (StateMachineUpdater.java:takeSnapshot(242)) - StateMachineUpdater:6e54eef3-6492-4f15-a243-31255825725e:group-2BA9F1B26B3E: Took a snapshot at index 14
2019-07-30 19:01:03,590 INFO  impl.StateMachineUpdater (StateMachineUpdater.java:lambda$new$0(80)) - StateMachineUpdater:6e54eef3-6492-4f15-a243-31255825725e:group-2BA9F1B26B3E: snapshotIndex: updateIncreasingly -1 -> 14
2019-07-30 19:01:03,591 INFO  impl.RaftServerImpl (ServerState.java:close(394)) - 6e54eef3-6492-4f15-a243-31255825725e:group-2BA9F1B26B3E closes. The last applied log index is 16
2019-07-30 19:01:03,591 INFO  segmented.SegmentedRaftLogWorker (SegmentedRaftLogWorker.java:run(313)) - 6e54eef3-6492-4f15-a243-31255825725e-SegmentedRaftLogWorker:Storage Directory /workdir/hadoop-ozone/integration-test/target/test-dir/MiniOzoneClusterImpl-cde36970-375a-443a-bf44-429d63a9d0f0/datanode-5/data/ratis/0fe0d6aa-7afd-40ad-bd9c-2ba9f1b26b3e was interrupted, exiting. There are 0 tasks remaining in the queue.
2019-07-30 19:01:03,592 INFO  segmented.SegmentedRaftLogWorker (SegmentedRaftLogWorker.java:close(228)) - 6e54eef3-6492-4f15-a243-31255825725e-SegmentedRaftLogWorker:Storage Directory /workdir/hadoop-ozone/integration-test/target/test-dir/MiniOzoneClusterImpl-cde36970-375a-443a-bf44-429d63a9d0f0/datanode-5/data/ratis/0fe0d6aa-7afd-40ad-bd9c-2ba9f1b26b3e close()
2019-07-30 19:01:03,593 INFO  server.GrpcService (GrpcService.java:closeImpl(155)) - 6e54eef3-6492-4f15-a243-31255825725e: shutdown server with port 44710 now
2019-07-30 19:01:03,596 INFO  server.GrpcService (GrpcService.java:closeImpl(163)) - 6e54eef3-6492-4f15-a243-31255825725e: shutdown server with port 44710 successfully
2019-07-30 19:01:03,600 INFO  utils.BackgroundService (BackgroundService.java:shutdown(148)) - Shutting down service BlockDeletingService
2019-07-30 19:01:03,602 WARN  fs.CachingGetSpaceUsed (CachingGetSpaceUsed.java:run(183)) - Thread Interrupted waiting to refresh disk information: sleep interrupted
2019-07-30 19:01:03,622 INFO  statemachine.DatanodeStateMachine (DatanodeStateMachine.java:stopDaemon(395)) - Ozone container server stopped.
2019-07-30 19:01:03,626 INFO  handler.ContextHandler (ContextHandler.java:doStop(910)) - Stopped o.e.j.w.WebAppContext@935493d{/,null,UNAVAILABLE}{/hddsDatanode}
2019-07-30 19:01:03,626 INFO  server.AbstractConnector (AbstractConnector.java:doStop(318)) - Stopped ServerConnector@9b367c8{HTTP/1.1,[http/1.1]}{0.0.0.0:0}
2019-07-30 19:01:03,628 INFO  handler.ContextHandler (ContextHandler.java:doStop(910)) - Stopped o.e.j.s.ServletContextHandler@7e191fda{/static,jar:file:/home/user/.m2/repository/org/apache/hadoop/hadoop-hdds-container-service/0.4.1-SNAPSHOT/hadoop-hdds-container-service-0.4.1-SNAPSHOT.jar!/webapps/static,UNAVAILABLE}
2019-07-30 19:01:03,629 INFO  handler.ContextHandler (ContextHandler.java:doStop(910)) - Stopped o.e.j.s.ServletContextHandler@255d9277{/logs,file:///workdir/hadoop-ozone/integration-test/target/log,UNAVAILABLE}
2019-07-30 19:01:03,631 INFO  ozone.MiniOzoneClusterImpl (MiniOzoneClusterImpl.java:stop(353)) - Stopping the StorageContainerManager
2019-07-30 19:01:03,632 INFO  server.StorageContainerManager (StorageContainerManager.java:stop(796)) - Stopping Replication Manager Service.
2019-07-30 19:01:03,632 INFO  container.ReplicationManager (ReplicationManager.java:stop(187)) - Stopping Replication Monitor Thread.
2019-07-30 19:01:03,632 INFO  server.StorageContainerManager (StorageContainerManager.java:stop(803)) - Stopping Lease Manager of the command watchers
2019-07-30 19:01:03,633 INFO  server.StorageContainerManager (StorageContainerManager.java:stop(810)) - Stopping datanode service RPC server
2019-07-30 19:01:03,633 INFO  server.SCMDatanodeProtocolServer (SCMDatanodeProtocolServer.java:stop(367)) - Stopping the RPC server for DataNodes
2019-07-30 19:01:03,634 INFO  ipc.Server (Server.java:stop(3082)) - Stopping server on 34929
2019-07-30 19:01:03,636 INFO  ipc.Server (Server.java:run(1185)) - Stopping IPC Server listener on 34929
2019-07-30 19:01:03,636 INFO  ipc.Server (Server.java:run(1319)) - Stopping IPC Server Responder
2019-07-30 19:01:03,708 WARN  node.NodeStateManager (NodeStateManager.java:scheduleNextHealthCheck(631)) - Current Thread is interrupted, shutting down HB processing thread for Node Manager.
2019-07-30 19:01:03,709 INFO  server.StorageContainerManager (StorageContainerManager.java:stop(818)) - Stopping block service RPC server
2019-07-30 19:01:03,709 INFO  server.SCMBlockProtocolServer (SCMBlockProtocolServer.java:stop(148)) - Stopping the RPC server for Block Protocol
2019-07-30 19:01:03,709 INFO  ipc.Server (Server.java:stop(3082)) - Stopping server on 34764
2019-07-30 19:01:03,710 INFO  ipc.Server (Server.java:run(1185)) - Stopping IPC Server listener on 34764
2019-07-30 19:01:03,710 INFO  server.StorageContainerManager (StorageContainerManager.java:stop(825)) - Stopping the StorageContainerLocationProtocol RPC server
2019-07-30 19:01:03,712 INFO  server.SCMClientProtocolServer (SCMClientProtocolServer.java:stop(159)) - Stopping the RPC server for Client Protocol
2019-07-30 19:01:03,712 INFO  ipc.Server (Server.java:stop(3082)) - Stopping server on 33074
2019-07-30 19:01:03,712 INFO  ipc.Server (Server.java:run(1319)) - Stopping IPC Server Responder
2019-07-30 19:01:03,712 INFO  server.StorageContainerManager (StorageContainerManager.java:stop(832)) - Stopping Storage Container Manager HTTP server.
2019-07-30 19:01:03,714 INFO  ipc.Server (Server.java:run(1319)) - Stopping IPC Server Responder
2019-07-30 19:01:03,714 INFO  ipc.Server (Server.java:run(1185)) - Stopping IPC Server listener on 33074
2019-07-30 19:01:03,714 INFO  handler.ContextHandler (ContextHandler.java:doStop(910)) - Stopped o.e.j.w.WebAppContext@15a902e7{/,null,UNAVAILABLE}{/scm}
2019-07-30 19:01:03,715 INFO  server.AbstractConnector (AbstractConnector.java:doStop(318)) - Stopped ServerConnector@2416a51{HTTP/1.1,[http/1.1]}{0.0.0.0:0}
2019-07-30 19:01:03,716 INFO  handler.ContextHandler (ContextHandler.java:doStop(910)) - Stopped o.e.j.s.ServletContextHandler@79d94571{/static,file:///workdir/hadoop-ozone/integration-test/target/test-classes/webapps/static,UNAVAILABLE}
2019-07-30 19:01:03,716 INFO  handler.ContextHandler (ContextHandler.java:doStop(910)) - Stopped o.e.j.s.ServletContextHandler@76012793{/logs,file:///workdir/hadoop-ozone/integration-test/target/log,UNAVAILABLE}
2019-07-30 19:01:03,717 INFO  server.StorageContainerManager (StorageContainerManager.java:stop(843)) - Stopping Block Manager Service.
2019-07-30 19:01:03,718 INFO  utils.BackgroundService (BackgroundService.java:shutdown(148)) - Shutting down service SCMBlockDeletingService
2019-07-30 19:01:03,718 INFO  utils.BackgroundService (BackgroundService.java:shutdown(148)) - Shutting down service SCMBlockDeletingService
2019-07-30 19:01:03,718 INFO  server.StorageContainerManager (StorageContainerManager.java:stop(865)) - Stopping SCM Event Queue.
2019-07-30 19:01:03,724 INFO  impl.MetricsSystemImpl (MetricsSystemImpl.java:stop(210)) - Stopping XceiverClientMetrics metrics system...
2019-07-30 19:01:03,730 INFO  impl.MetricsSystemImpl (MetricsSystemImpl.java:stop(216)) - XceiverClientMetrics metrics system stopped.
]]></system-out>
    <system-err><![CDATA[ERROR StatusLogger No Log4j 2 configuration file found. Using default configuration (logging only errors to the console), or user programmatically provided configurations. Set system property 'log4j2.debug' to show Log4j 2 internal initialization logging. See https://logging.apache.org/log4j/2.x/manual/configuration.html for instructions on how to configure Log4j 2
Jul 30, 2019 7:00:24 PM com.sun.jersey.server.impl.application.WebApplicationImpl _initiate
INFO: Initiating Jersey application, version 'Jersey: 1.19 02/11/2015 03:25 AM'
Jul 30, 2019 7:00:25 PM com.sun.jersey.server.impl.application.WebApplicationImpl _initiate
INFO: Initiating Jersey application, version 'Jersey: 1.19 02/11/2015 03:25 AM'
Jul 30, 2019 7:00:25 PM com.sun.jersey.server.impl.application.WebApplicationImpl _initiate
INFO: Initiating Jersey application, version 'Jersey: 1.19 02/11/2015 03:25 AM'
Jul 30, 2019 7:00:25 PM com.sun.jersey.server.impl.application.WebApplicationImpl _initiate
INFO: Initiating Jersey application, version 'Jersey: 1.19 02/11/2015 03:25 AM'
Jul 30, 2019 7:00:25 PM com.sun.jersey.server.impl.application.WebApplicationImpl _initiate
INFO: Initiating Jersey application, version 'Jersey: 1.19 02/11/2015 03:25 AM'
Jul 30, 2019 7:00:26 PM com.sun.jersey.server.impl.application.WebApplicationImpl _initiate
INFO: Initiating Jersey application, version 'Jersey: 1.19 02/11/2015 03:25 AM'
Jul 30, 2019 7:00:26 PM com.sun.jersey.server.impl.application.WebApplicationImpl _initiate
INFO: Initiating Jersey application, version 'Jersey: 1.19 02/11/2015 03:25 AM'
]]></system-err>
  </testcase>
  <testcase name="testDatanodeFailureWithPreAllocation" classname="org.apache.hadoop.ozone.client.rpc.TestBlockOutputStreamWithFailures" time="225.206"/>
  <testcase name="testDatanodeFailureWithSingleNodeRatis" classname="org.apache.hadoop.ozone.client.rpc.TestBlockOutputStreamWithFailures" time="224.531"/>
  <testcase name="testWatchForCommitWithSingleNodeRatis" classname="org.apache.hadoop.ozone.client.rpc.TestBlockOutputStreamWithFailures" time="34.443"/>
  <testcase name="testWatchForCommitDatanodeFailure" classname="org.apache.hadoop.ozone.client.rpc.TestBlockOutputStreamWithFailures" time="41.423">
    <failure message="expected:&lt;2&gt; but was:&lt;3&gt;" type="java.lang.AssertionError"><![CDATA[java.lang.AssertionError: expected:<2> but was:<3>
	at org.junit.Assert.fail(Assert.java:88)
	at org.junit.Assert.failNotEquals(Assert.java:743)
	at org.junit.Assert.assertEquals(Assert.java:118)
	at org.junit.Assert.assertEquals(Assert.java:555)
	at org.junit.Assert.assertEquals(Assert.java:542)
	at org.apache.hadoop.ozone.client.rpc.TestBlockOutputStreamWithFailures.testWatchForCommitDatanodeFailure(TestBlockOutputStreamWithFailures.java:366)
	at sun.reflect.NativeMethodAccessorImpl.invoke0(Native Method)
	at sun.reflect.NativeMethodAccessorImpl.invoke(NativeMethodAccessorImpl.java:62)
	at sun.reflect.DelegatingMethodAccessorImpl.invoke(DelegatingMethodAccessorImpl.java:43)
	at java.lang.reflect.Method.invoke(Method.java:498)
	at org.junit.runners.model.FrameworkMethod$1.runReflectiveCall(FrameworkMethod.java:47)
	at org.junit.internal.runners.model.ReflectiveCallable.run(ReflectiveCallable.java:12)
	at org.junit.runners.model.FrameworkMethod.invokeExplosively(FrameworkMethod.java:44)
	at org.junit.internal.runners.statements.InvokeMethod.evaluate(InvokeMethod.java:17)
	at org.junit.internal.runners.statements.RunBefores.evaluate(RunBefores.java:26)
	at org.junit.internal.runners.statements.RunAfters.evaluate(RunAfters.java:27)
	at org.junit.runners.ParentRunner.runLeaf(ParentRunner.java:271)
	at org.junit.runners.BlockJUnit4ClassRunner.runChild(BlockJUnit4ClassRunner.java:70)
	at org.junit.runners.BlockJUnit4ClassRunner.runChild(BlockJUnit4ClassRunner.java:50)
	at org.junit.runners.ParentRunner$3.run(ParentRunner.java:238)
	at org.junit.runners.ParentRunner$1.schedule(ParentRunner.java:63)
	at org.junit.runners.ParentRunner.runChildren(ParentRunner.java:236)
	at org.junit.runners.ParentRunner.access$000(ParentRunner.java:53)
	at org.junit.runners.ParentRunner$2.evaluate(ParentRunner.java:229)
	at org.junit.runners.ParentRunner.run(ParentRunner.java:309)
	at org.apache.maven.surefire.junit4.JUnit4Provider.execute(JUnit4Provider.java:365)
	at org.apache.maven.surefire.junit4.JUnit4Provider.executeWithRerun(JUnit4Provider.java:273)
	at org.apache.maven.surefire.junit4.JUnit4Provider.executeTestSet(JUnit4Provider.java:238)
	at org.apache.maven.surefire.junit4.JUnit4Provider.invoke(JUnit4Provider.java:159)
	at org.apache.maven.surefire.booter.ForkedBooter.invokeProviderInSameClassLoader(ForkedBooter.java:384)
	at org.apache.maven.surefire.booter.ForkedBooter.runSuitesInProcess(ForkedBooter.java:345)
	at org.apache.maven.surefire.booter.ForkedBooter.execute(ForkedBooter.java:126)
	at org.apache.maven.surefire.booter.ForkedBooter.main(ForkedBooter.java:418)
]]></failure>
    <system-out><![CDATA[2019-07-30 19:09:07,975 WARN  server.ServerUtils (ServerUtils.java:getScmDbDir(145)) - ozone.scm.db.dirs is not configured. We recommend adding this setting. Falling back to ozone.metadata.dirs instead.
2019-07-30 19:09:07,991 WARN  server.ServerUtils (ServerUtils.java:getScmDbDir(145)) - ozone.scm.db.dirs is not configured. We recommend adding this setting. Falling back to ozone.metadata.dirs instead.
2019-07-30 19:09:07,991 WARN  server.ServerUtils (ServerUtils.java:getScmDbDir(145)) - ozone.scm.db.dirs is not configured. We recommend adding this setting. Falling back to ozone.metadata.dirs instead.
2019-07-30 19:09:07,992 INFO  db.DBStoreBuilder (DBStoreBuilder.java:addTable(110)) - using custom profile for table: deletedBlocks
2019-07-30 19:09:07,992 INFO  db.DBStoreBuilder (DBStoreBuilder.java:processTables(161)) - Using default column profile:DBProfile.DISK for Table:deletedBlocks
2019-07-30 19:09:07,992 INFO  db.DBStoreBuilder (DBStoreBuilder.java:addTable(110)) - using custom profile for table: validCerts
2019-07-30 19:09:07,992 INFO  db.DBStoreBuilder (DBStoreBuilder.java:processTables(161)) - Using default column profile:DBProfile.DISK for Table:validCerts
2019-07-30 19:09:07,993 INFO  db.DBStoreBuilder (DBStoreBuilder.java:addTable(110)) - using custom profile for table: revokedCerts
2019-07-30 19:09:07,993 INFO  db.DBStoreBuilder (DBStoreBuilder.java:processTables(161)) - Using default column profile:DBProfile.DISK for Table:revokedCerts
2019-07-30 19:09:07,993 INFO  db.DBStoreBuilder (DBStoreBuilder.java:addTable(110)) - using custom profile for table: default
2019-07-30 19:09:07,993 INFO  db.DBStoreBuilder (DBStoreBuilder.java:processTables(167)) - Using default column profile:DBProfile.DISK for Table:default
2019-07-30 19:09:07,993 INFO  db.DBStoreBuilder (DBStoreBuilder.java:getDbProfile(198)) - Using default options. DBProfile.DISK
2019-07-30 19:09:08,095 INFO  net.NodeSchemaLoader (NodeSchemaLoader.java:loadSchemaFromFile(125)) - Loading file from sun.misc.CompoundEnumeration@2693e39c
2019-07-30 19:09:08,095 INFO  net.NodeSchemaLoader (NodeSchemaLoader.java:loadSchema(171)) - Loading network topology layer schema file
2019-07-30 19:09:08,100 INFO  node.SCMNodeManager (SCMNodeManager.java:<init>(121)) - Entering startup safe mode.
2019-07-30 19:09:08,100 WARN  server.ServerUtils (ServerUtils.java:getScmDbDir(145)) - ozone.scm.db.dirs is not configured. We recommend adding this setting. Falling back to ozone.metadata.dirs instead.
2019-07-30 19:09:08,119 INFO  pipeline.SCMPipelineManager (SCMPipelineManager.java:initializePipelineState(126)) - No pipeline exists in current db
2019-07-30 19:09:08,119 WARN  server.ServerUtils (ServerUtils.java:getScmDbDir(145)) - ozone.scm.db.dirs is not configured. We recommend adding this setting. Falling back to ozone.metadata.dirs instead.
2019-07-30 19:09:08,138 WARN  events.EventQueue (EventQueue.java:fireEvent(175)) - No event handler registered for event TypedEvent{payloadType=SafeModeStatus, name='SafeModeStatus'}
2019-07-30 19:09:08,139 INFO  ipc.CallQueueManager (CallQueueManager.java:<init>(84)) - Using callQueue: class java.util.concurrent.LinkedBlockingQueue, queueCapacity: 2000, scheduler: class org.apache.hadoop.ipc.DefaultRpcScheduler, ipcBackoff: false.
2019-07-30 19:09:08,140 INFO  ipc.Server (Server.java:run(1074)) - Starting Socket Reader #1 for port 44852
2019-07-30 19:09:08,141 INFO  ipc.CallQueueManager (CallQueueManager.java:<init>(84)) - Using callQueue: class java.util.concurrent.LinkedBlockingQueue, queueCapacity: 2000, scheduler: class org.apache.hadoop.ipc.DefaultRpcScheduler, ipcBackoff: false.
2019-07-30 19:09:08,142 INFO  ipc.Server (Server.java:run(1074)) - Starting Socket Reader #1 for port 33116
2019-07-30 19:09:08,142 INFO  ipc.CallQueueManager (CallQueueManager.java:<init>(84)) - Using callQueue: class java.util.concurrent.LinkedBlockingQueue, queueCapacity: 2000, scheduler: class org.apache.hadoop.ipc.DefaultRpcScheduler, ipcBackoff: false.
2019-07-30 19:09:08,143 INFO  ipc.Server (Server.java:run(1074)) - Starting Socket Reader #1 for port 46492
2019-07-30 19:09:08,145 INFO  hdfs.DFSUtil (DFSUtil.java:httpServerTemplateForNNAndJN(1641)) - Starting Web-server for scm at: http://0.0.0.0:0
2019-07-30 19:09:08,146 INFO  server.AuthenticationFilter (AuthenticationFilter.java:constructSecretProvider(240)) - Unable to initialize FileSignerSecretProvider, falling back to use random secrets.
2019-07-30 19:09:08,147 WARN  http.HttpRequestLog (HttpRequestLog.java:getRequestLog(97)) - Jetty request log can only be enabled using Log4j
2019-07-30 19:09:08,148 INFO  http.HttpServer2 (HttpServer2.java:addGlobalFilter(975)) - Added global filter 'safety' (class=org.apache.hadoop.http.HttpServer2$QuotingInputFilter)
2019-07-30 19:09:08,149 INFO  http.HttpServer2 (HttpServer2.java:addFilter(948)) - Added filter static_user_filter (class=org.apache.hadoop.http.lib.StaticUserWebFilter$StaticUserFilter) to context scm
2019-07-30 19:09:08,149 INFO  http.HttpServer2 (HttpServer2.java:addFilter(958)) - Added filter static_user_filter (class=org.apache.hadoop.http.lib.StaticUserWebFilter$StaticUserFilter) to context static
2019-07-30 19:09:08,149 INFO  http.HttpServer2 (HttpServer2.java:addFilter(958)) - Added filter static_user_filter (class=org.apache.hadoop.http.lib.StaticUserWebFilter$StaticUserFilter) to context logs
2019-07-30 19:09:08,150 INFO  server.StorageContainerManager (StorageContainerManager.java:start(758)) - StorageContainerLocationProtocol RPC server is listening at /0.0.0.0:46492
2019-07-30 19:09:08,152 WARN  impl.MetricsConfig (MetricsConfig.java:loadFirst(134)) - Cannot locate configuration: tried hadoop-metrics2-storagecontainermanager.properties,hadoop-metrics2.properties
2019-07-30 19:09:08,153 INFO  impl.MetricsSystemImpl (MetricsSystemImpl.java:startTimer(374)) - Scheduled Metric snapshot period at 10 second(s).
2019-07-30 19:09:08,153 INFO  impl.MetricsSystemImpl (MetricsSystemImpl.java:start(191)) - StorageContainerManager metrics system started
2019-07-30 19:09:08,220 INFO  server.SCMClientProtocolServer (SCMClientProtocolServer.java:start(151)) - RPC server for Client  is listening at /0.0.0.0:46492
2019-07-30 19:09:08,221 INFO  ipc.Server (Server.java:run(1314)) - IPC Server Responder: starting
2019-07-30 19:09:08,221 INFO  ipc.Server (Server.java:run(1153)) - IPC Server listener on 46492: starting
2019-07-30 19:09:08,225 INFO  server.StorageContainerManager (StorageContainerManager.java:start(768)) - ScmBlockLocationProtocol RPC server is listening at /0.0.0.0:33116
2019-07-30 19:09:08,225 INFO  server.SCMBlockProtocolServer (SCMBlockProtocolServer.java:start(140)) - RPC server for Block Protocol is listening at /0.0.0.0:33116
2019-07-30 19:09:08,225 INFO  ipc.Server (Server.java:run(1314)) - IPC Server Responder: starting
2019-07-30 19:09:08,225 INFO  ipc.Server (Server.java:run(1153)) - IPC Server listener on 33116: starting
2019-07-30 19:09:08,229 INFO  server.StorageContainerManager (StorageContainerManager.java:start(772)) - ScmDatanodeProtocl RPC server is listening at /0.0.0.0:44852
2019-07-30 19:09:08,229 INFO  server.SCMDatanodeProtocolServer (SCMDatanodeProtocolServer.java:start(191)) - RPC server for DataNodes is listening at /0.0.0.0:44852
2019-07-30 19:09:08,230 INFO  ipc.Server (Server.java:run(1314)) - IPC Server Responder: starting
2019-07-30 19:09:08,230 INFO  ipc.Server (Server.java:run(1153)) - IPC Server listener on 44852: starting
2019-07-30 19:09:08,234 INFO  http.HttpServer2 (HttpServer2.java:bindListener(1191)) - Jetty bound to port 40810
2019-07-30 19:09:08,234 INFO  server.Server (Server.java:doStart(351)) - jetty-9.3.24.v20180605, build timestamp: 2018-06-05T17:11:56Z, git hash: 84205aa28f11a4f31f2a3b86d1bba2cc8ab69827
2019-07-30 19:09:08,236 INFO  handler.ContextHandler (ContextHandler.java:doStart(781)) - Started o.e.j.s.ServletContextHandler@36995784{/logs,file:///workdir/hadoop-ozone/integration-test/target/log,AVAILABLE}
2019-07-30 19:09:08,236 INFO  handler.ContextHandler (ContextHandler.java:doStart(781)) - Started o.e.j.s.ServletContextHandler@740530b{/static,file:///workdir/hadoop-ozone/integration-test/target/test-classes/webapps/static,AVAILABLE}
2019-07-30 19:09:08,240 INFO  handler.ContextHandler (ContextHandler.java:doStart(781)) - Started o.e.j.w.WebAppContext@314407dd{/,file:///workdir/hadoop-ozone/integration-test/target/test-classes/webapps/scm/,AVAILABLE}{/scm}
2019-07-30 19:09:08,240 INFO  server.AbstractConnector (AbstractConnector.java:doStart(278)) - Started ServerConnector@7f19430f{HTTP/1.1,[http/1.1]}{0.0.0.0:40810}
2019-07-30 19:09:08,241 INFO  server.Server (Server.java:doStart(419)) - Started @529048ms
2019-07-30 19:09:08,242 INFO  server.BaseHttpServer (BaseHttpServer.java:updateConnectorAddress(207)) - HTTP server of SCM is listening at http://0.0.0.0:40810
2019-07-30 19:09:08,243 WARN  server.ServerUtils (ServerUtils.java:getDBPath(222)) - ozone.om.db.dirs is not configured. We recommend adding this setting. Falling back to ozone.metadata.dirs instead.
2019-07-30 19:09:08,243 INFO  util.JvmPauseMonitor (JvmPauseMonitor.java:run(188)) - Starting JVM pause monitor
2019-07-30 19:09:08,248 WARN  server.ServerUtils (ServerUtils.java:getDBPath(222)) - ozone.om.db.dirs is not configured. We recommend adding this setting. Falling back to ozone.metadata.dirs instead.
2019-07-30 19:09:08,249 WARN  server.ServerUtils (ServerUtils.java:getDBPath(222)) - ozone.om.db.dirs is not configured. We recommend adding this setting. Falling back to ozone.metadata.dirs instead.
2019-07-30 19:09:08,249 INFO  om.OzoneManager (OzoneManager.java:setOMNodeDetails(644)) - OM Service ID is not set. Setting it to the default ID: omServiceIdDefault
2019-07-30 19:09:08,250 INFO  om.OzoneManager (OzoneManager.java:setOMNodeDetails(650)) - OM Node ID is not set. Setting it to the OmStorage's OmID: 2603ead7-b5f5-4172-8763-634c3f5dcc93
2019-07-30 19:09:08,250 INFO  om.OzoneManager (OzoneManager.java:loadOMHAConfigs(601)) - Found matching OM address with OMServiceId: null, OMNodeId: null, RPC Address: localhost:0 and Ratis port: 9872
2019-07-30 19:09:08,257 WARN  server.ServerUtils (ServerUtils.java:getDBPath(222)) - ozone.om.db.dirs is not configured. We recommend adding this setting. Falling back to ozone.metadata.dirs instead.
2019-07-30 19:09:08,258 INFO  db.DBStoreBuilder (DBStoreBuilder.java:addTable(110)) - using custom profile for table: userTable
2019-07-30 19:09:08,258 INFO  db.DBStoreBuilder (DBStoreBuilder.java:processTables(161)) - Using default column profile:DBProfile.DISK for Table:userTable
2019-07-30 19:09:08,258 INFO  db.DBStoreBuilder (DBStoreBuilder.java:addTable(110)) - using custom profile for table: volumeTable
2019-07-30 19:09:08,259 INFO  db.DBStoreBuilder (DBStoreBuilder.java:processTables(161)) - Using default column profile:DBProfile.DISK for Table:volumeTable
2019-07-30 19:09:08,259 INFO  db.DBStoreBuilder (DBStoreBuilder.java:addTable(110)) - using custom profile for table: bucketTable
2019-07-30 19:09:08,259 INFO  db.DBStoreBuilder (DBStoreBuilder.java:processTables(161)) - Using default column profile:DBProfile.DISK for Table:bucketTable
2019-07-30 19:09:08,259 INFO  db.DBStoreBuilder (DBStoreBuilder.java:addTable(110)) - using custom profile for table: keyTable
2019-07-30 19:09:08,260 INFO  db.DBStoreBuilder (DBStoreBuilder.java:processTables(161)) - Using default column profile:DBProfile.DISK for Table:keyTable
2019-07-30 19:09:08,260 INFO  db.DBStoreBuilder (DBStoreBuilder.java:addTable(110)) - using custom profile for table: deletedTable
2019-07-30 19:09:08,260 INFO  db.DBStoreBuilder (DBStoreBuilder.java:processTables(161)) - Using default column profile:DBProfile.DISK for Table:deletedTable
2019-07-30 19:09:08,260 INFO  db.DBStoreBuilder (DBStoreBuilder.java:addTable(110)) - using custom profile for table: openKeyTable
2019-07-30 19:09:08,261 INFO  db.DBStoreBuilder (DBStoreBuilder.java:processTables(161)) - Using default column profile:DBProfile.DISK for Table:openKeyTable
2019-07-30 19:09:08,261 INFO  db.DBStoreBuilder (DBStoreBuilder.java:addTable(110)) - using custom profile for table: s3Table
2019-07-30 19:09:08,261 INFO  db.DBStoreBuilder (DBStoreBuilder.java:processTables(161)) - Using default column profile:DBProfile.DISK for Table:s3Table
2019-07-30 19:09:08,261 INFO  db.DBStoreBuilder (DBStoreBuilder.java:addTable(110)) - using custom profile for table: multipartInfoTable
2019-07-30 19:09:08,262 INFO  db.DBStoreBuilder (DBStoreBuilder.java:processTables(161)) - Using default column profile:DBProfile.DISK for Table:multipartInfoTable
2019-07-30 19:09:08,262 INFO  db.DBStoreBuilder (DBStoreBuilder.java:addTable(110)) - using custom profile for table: dTokenTable
2019-07-30 19:09:08,262 INFO  db.DBStoreBuilder (DBStoreBuilder.java:processTables(161)) - Using default column profile:DBProfile.DISK for Table:dTokenTable
2019-07-30 19:09:08,262 INFO  db.DBStoreBuilder (DBStoreBuilder.java:addTable(110)) - using custom profile for table: s3SecretTable
2019-07-30 19:09:08,262 INFO  db.DBStoreBuilder (DBStoreBuilder.java:processTables(161)) - Using default column profile:DBProfile.DISK for Table:s3SecretTable
2019-07-30 19:09:08,263 INFO  db.DBStoreBuilder (DBStoreBuilder.java:addTable(110)) - using custom profile for table: prefixTable
2019-07-30 19:09:08,263 INFO  db.DBStoreBuilder (DBStoreBuilder.java:processTables(161)) - Using default column profile:DBProfile.DISK for Table:prefixTable
2019-07-30 19:09:08,263 INFO  db.DBStoreBuilder (DBStoreBuilder.java:addTable(110)) - using custom profile for table: default
2019-07-30 19:09:08,263 INFO  db.DBStoreBuilder (DBStoreBuilder.java:processTables(167)) - Using default column profile:DBProfile.DISK for Table:default
2019-07-30 19:09:08,264 INFO  db.DBStoreBuilder (DBStoreBuilder.java:getDbProfile(198)) - Using default options. DBProfile.DISK
2019-07-30 19:09:08,543 INFO  ipc.CallQueueManager (CallQueueManager.java:<init>(84)) - Using callQueue: class java.util.concurrent.LinkedBlockingQueue, queueCapacity: 2000, scheduler: class org.apache.hadoop.ipc.DefaultRpcScheduler, ipcBackoff: false.
2019-07-30 19:09:08,544 INFO  ipc.Server (Server.java:run(1074)) - Starting Socket Reader #1 for port 45484
2019-07-30 19:09:08,558 INFO  om.OzoneManager (OzoneManager.java:start(1255)) - OzoneManager RPC server is listening at localhost/127.0.0.1:45484
2019-07-30 19:09:08,559 INFO  impl.MetricsSystemImpl (MetricsSystemImpl.java:init(158)) - OzoneManager metrics system started (again)
2019-07-30 19:09:08,559 INFO  ipc.Server (Server.java:run(1314)) - IPC Server Responder: starting
2019-07-30 19:09:08,559 INFO  ipc.Server (Server.java:run(1153)) - IPC Server listener on 45484: starting
2019-07-30 19:09:08,565 INFO  hdfs.DFSUtil (DFSUtil.java:httpServerTemplateForNNAndJN(1641)) - Starting Web-server for ozoneManager at: http://0.0.0.0:0
2019-07-30 19:09:08,567 INFO  server.AuthenticationFilter (AuthenticationFilter.java:constructSecretProvider(240)) - Unable to initialize FileSignerSecretProvider, falling back to use random secrets.
2019-07-30 19:09:08,568 WARN  http.HttpRequestLog (HttpRequestLog.java:getRequestLog(97)) - Jetty request log can only be enabled using Log4j
2019-07-30 19:09:08,570 INFO  http.HttpServer2 (HttpServer2.java:addGlobalFilter(975)) - Added global filter 'safety' (class=org.apache.hadoop.http.HttpServer2$QuotingInputFilter)
2019-07-30 19:09:08,571 INFO  http.HttpServer2 (HttpServer2.java:addFilter(948)) - Added filter static_user_filter (class=org.apache.hadoop.http.lib.StaticUserWebFilter$StaticUserFilter) to context ozoneManager
2019-07-30 19:09:08,571 INFO  http.HttpServer2 (HttpServer2.java:addFilter(958)) - Added filter static_user_filter (class=org.apache.hadoop.http.lib.StaticUserWebFilter$StaticUserFilter) to context logs
2019-07-30 19:09:08,571 INFO  http.HttpServer2 (HttpServer2.java:addFilter(958)) - Added filter static_user_filter (class=org.apache.hadoop.http.lib.StaticUserWebFilter$StaticUserFilter) to context static
2019-07-30 19:09:08,572 INFO  http.HttpServer2 (HttpServer2.java:bindListener(1191)) - Jetty bound to port 42719
2019-07-30 19:09:08,573 INFO  server.Server (Server.java:doStart(351)) - jetty-9.3.24.v20180605, build timestamp: 2018-06-05T17:11:56Z, git hash: 84205aa28f11a4f31f2a3b86d1bba2cc8ab69827
2019-07-30 19:09:08,575 INFO  handler.ContextHandler (ContextHandler.java:doStart(781)) - Started o.e.j.s.ServletContextHandler@4d9ad37e{/logs,file:///workdir/hadoop-ozone/integration-test/target/log,AVAILABLE}
2019-07-30 19:09:08,575 INFO  handler.ContextHandler (ContextHandler.java:doStart(781)) - Started o.e.j.s.ServletContextHandler@6e8426aa{/static,file:///workdir/hadoop-ozone/integration-test/target/test-classes/webapps/static,AVAILABLE}
2019-07-30 19:09:08,581 INFO  handler.ContextHandler (ContextHandler.java:doStart(781)) - Started o.e.j.w.WebAppContext@6d76aa05{/,file:///workdir/hadoop-ozone/integration-test/target/test-classes/webapps/ozoneManager/,AVAILABLE}{/ozoneManager}
2019-07-30 19:09:08,581 INFO  server.AbstractConnector (AbstractConnector.java:doStart(278)) - Started ServerConnector@2403c1c5{HTTP/1.1,[http/1.1]}{0.0.0.0:42719}
2019-07-30 19:09:08,582 INFO  server.Server (Server.java:doStart(419)) - Started @529389ms
2019-07-30 19:09:08,583 INFO  server.BaseHttpServer (BaseHttpServer.java:updateConnectorAddress(207)) - HTTP server of OZONEMANAGER is listening at http://0.0.0.0:42719
2019-07-30 19:09:08,603 INFO  impl.MetricsSystemImpl (MetricsSystemImpl.java:init(158)) - HddsDatanode metrics system started (again)
2019-07-30 19:09:08,606 INFO  ozone.HddsDatanodeService (HddsDatanodeService.java:start(184)) - HddsDatanodeService host:byscane-nightly-d7s94-1643579034 ip:192.168.5.147
2019-07-30 19:09:08,618 INFO  volume.HddsVolume (HddsVolume.java:<init>(176)) - Creating Volume: /workdir/hadoop-ozone/integration-test/target/test-dir/MiniOzoneClusterImpl-599158a6-0443-46a4-b5c4-980fc9d60a3e/datanode-0/data/containers/hdds of  storage type : DISK and capacity : 52710309888
2019-07-30 19:09:08,618 INFO  volume.VolumeSet (VolumeSet.java:initializeVolumeSet(170)) - Added Volume : /workdir/hadoop-ozone/integration-test/target/test-dir/MiniOzoneClusterImpl-599158a6-0443-46a4-b5c4-980fc9d60a3e/datanode-0/data/containers/hdds to VolumeSet
2019-07-30 19:09:08,618 INFO  volume.ThrottledAsyncChecker (ThrottledAsyncChecker.java:schedule(140)) - Scheduling a check for org.apache.hadoop.ozone.container.common.volume.HddsVolume@37bac0f4
2019-07-30 19:09:08,619 INFO  volume.HddsVolumeChecker (HddsVolumeChecker.java:checkAllVolumes(203)) - Scheduled health check for volume org.apache.hadoop.ozone.container.common.volume.HddsVolume@37bac0f4
2019-07-30 19:09:08,637 INFO  impl.RaftServerProxy (ConfUtils.java:logGet(43)) - raft.rpc.type = GRPC (default)
2019-07-30 19:09:08,637 INFO  grpc.GrpcFactory (GrpcFactory.java:checkPooledByteBufAllocatorUseCacheForAllThreads(45)) - PERFORMANCE WARNING: useCacheForAllThreads is true that may cause Netty to create a lot garbage objects and, as a result, trigger GC.
	It is recommended to disable useCacheForAllThreads by setting -Dorg.apache.ratis.thirdparty.io.netty.allocator.useCacheForAllThreads=false in command line.
2019-07-30 19:09:08,637 INFO  grpc.GrpcConfigKeys$Server (ConfUtils.java:logGet(43)) - raft.grpc.server.port = 0 (default)
2019-07-30 19:09:08,638 INFO  server.GrpcService (ConfUtils.java:logGet(43)) - raft.grpc.message.size.max = 33570816 (custom)
2019-07-30 19:09:08,638 INFO  server.RaftServerConfigKeys (ConfUtils.java:logGet(43)) - raft.server.log.appender.buffer.byte-limit = 33554432 (custom)
2019-07-30 19:09:08,638 INFO  server.GrpcService (ConfUtils.java:logGet(43)) - raft.grpc.flow.control.window = 1MB (=1048576) (default)
2019-07-30 19:09:08,638 INFO  server.RaftServerConfigKeys (ConfUtils.java:logGet(43)) - raft.server.rpc.request.timeout = 3000ms (default)
2019-07-30 19:09:08,639 INFO  server.RaftServerConfigKeys (ConfUtils.java:logGet(43)) - raft.server.storage.dir = [/workdir/hadoop-ozone/integration-test/target/test-dir/MiniOzoneClusterImpl-599158a6-0443-46a4-b5c4-980fc9d60a3e/datanode-0/data/ratis] (custom)
2019-07-30 19:09:08,640 INFO  replication.SimpleContainerDownloader (SimpleContainerDownloader.java:<init>(72)) - Starting container downloader service to copy containers to replicate.
2019-07-30 19:09:08,641 INFO  hdfs.DFSUtil (DFSUtil.java:httpServerTemplateForNNAndJN(1641)) - Starting Web-server for hddsDatanode at: http://0.0.0.0:0
2019-07-30 19:09:08,642 INFO  server.AuthenticationFilter (AuthenticationFilter.java:constructSecretProvider(240)) - Unable to initialize FileSignerSecretProvider, falling back to use random secrets.
2019-07-30 19:09:08,643 WARN  http.HttpRequestLog (HttpRequestLog.java:getRequestLog(97)) - Jetty request log can only be enabled using Log4j
2019-07-30 19:09:08,644 INFO  http.HttpServer2 (HttpServer2.java:addGlobalFilter(975)) - Added global filter 'safety' (class=org.apache.hadoop.http.HttpServer2$QuotingInputFilter)
2019-07-30 19:09:08,645 INFO  http.HttpServer2 (HttpServer2.java:addFilter(948)) - Added filter static_user_filter (class=org.apache.hadoop.http.lib.StaticUserWebFilter$StaticUserFilter) to context hddsDatanode
2019-07-30 19:09:08,645 INFO  http.HttpServer2 (HttpServer2.java:addFilter(958)) - Added filter static_user_filter (class=org.apache.hadoop.http.lib.StaticUserWebFilter$StaticUserFilter) to context logs
2019-07-30 19:09:08,645 INFO  http.HttpServer2 (HttpServer2.java:addFilter(958)) - Added filter static_user_filter (class=org.apache.hadoop.http.lib.StaticUserWebFilter$StaticUserFilter) to context static
2019-07-30 19:09:08,646 INFO  http.HttpServer2 (HttpServer2.java:bindListener(1191)) - Jetty bound to port 41053
2019-07-30 19:09:08,646 INFO  server.Server (Server.java:doStart(351)) - jetty-9.3.24.v20180605, build timestamp: 2018-06-05T17:11:56Z, git hash: 84205aa28f11a4f31f2a3b86d1bba2cc8ab69827
2019-07-30 19:09:08,648 INFO  handler.ContextHandler (ContextHandler.java:doStart(781)) - Started o.e.j.s.ServletContextHandler@1aade3c{/logs,file:///workdir/hadoop-ozone/integration-test/target/log,AVAILABLE}
2019-07-30 19:09:08,648 INFO  handler.ContextHandler (ContextHandler.java:doStart(781)) - Started o.e.j.s.ServletContextHandler@76a1cc1a{/static,jar:file:/home/user/.m2/repository/org/apache/hadoop/hadoop-hdds-container-service/0.4.1-SNAPSHOT/hadoop-hdds-container-service-0.4.1-SNAPSHOT.jar!/webapps/static,AVAILABLE}
2019-07-30 19:09:08,679 INFO  handler.ContextHandler (ContextHandler.java:doStart(781)) - Started o.e.j.w.WebAppContext@5b166420{/,file:///tmp/jetty-0.0.0.0-41053-hddsDatanode-_-any-1149994197072613639.dir/webapp/,AVAILABLE}{/hddsDatanode}
2019-07-30 19:09:08,679 INFO  server.AbstractConnector (AbstractConnector.java:doStart(278)) - Started ServerConnector@49318c2a{HTTP/1.1,[http/1.1]}{0.0.0.0:41053}
2019-07-30 19:09:08,679 INFO  server.Server (Server.java:doStart(419)) - Started @529486ms
2019-07-30 19:09:08,681 INFO  server.BaseHttpServer (BaseHttpServer.java:updateConnectorAddress(207)) - HTTP server of HDDSDATANODE is listening at http://0.0.0.0:41053
2019-07-30 19:09:08,797 INFO  ozone.HddsDatanodeService (HddsDatanodeService.java:startPlugins(395)) - Started plug-in org.apache.hadoop.ozone.web.OzoneHddsDatanodeService@19993ed
2019-07-30 19:09:08,797 INFO  impl.MetricsSystemImpl (MetricsSystemImpl.java:init(158)) - HddsDatanode metrics system started (again)
2019-07-30 19:09:08,800 INFO  util.JvmPauseMonitor (JvmPauseMonitor.java:run(188)) - Starting JVM pause monitor
2019-07-30 19:09:08,800 INFO  ozone.HddsDatanodeService (HddsDatanodeService.java:start(184)) - HddsDatanodeService host:byscane-nightly-d7s94-1643579034 ip:192.168.5.147
2019-07-30 19:09:08,802 INFO  datanode.InitDatanodeState (InitDatanodeState.java:persistContainerDatanodeDetails(140)) - DatanodeDetails is persisted to /workdir/hadoop-ozone/integration-test/target/test-dir/MiniOzoneClusterImpl-599158a6-0443-46a4-b5c4-980fc9d60a3e/datanode-0/meta/datanode.id
2019-07-30 19:09:08,809 INFO  volume.HddsVolume (HddsVolume.java:<init>(176)) - Creating Volume: /workdir/hadoop-ozone/integration-test/target/test-dir/MiniOzoneClusterImpl-599158a6-0443-46a4-b5c4-980fc9d60a3e/datanode-1/data/containers/hdds of  storage type : DISK and capacity : 52710309888
2019-07-30 19:09:08,809 INFO  volume.VolumeSet (VolumeSet.java:initializeVolumeSet(170)) - Added Volume : /workdir/hadoop-ozone/integration-test/target/test-dir/MiniOzoneClusterImpl-599158a6-0443-46a4-b5c4-980fc9d60a3e/datanode-1/data/containers/hdds to VolumeSet
2019-07-30 19:09:08,809 INFO  volume.ThrottledAsyncChecker (ThrottledAsyncChecker.java:schedule(140)) - Scheduling a check for org.apache.hadoop.ozone.container.common.volume.HddsVolume@396a4dea
2019-07-30 19:09:08,809 INFO  volume.HddsVolumeChecker (HddsVolumeChecker.java:checkAllVolumes(203)) - Scheduled health check for volume org.apache.hadoop.ozone.container.common.volume.HddsVolume@396a4dea
2019-07-30 19:09:08,823 INFO  impl.RaftServerProxy (ConfUtils.java:logGet(43)) - raft.rpc.type = GRPC (default)
2019-07-30 19:09:08,824 INFO  grpc.GrpcFactory (GrpcFactory.java:checkPooledByteBufAllocatorUseCacheForAllThreads(45)) - PERFORMANCE WARNING: useCacheForAllThreads is true that may cause Netty to create a lot garbage objects and, as a result, trigger GC.
	It is recommended to disable useCacheForAllThreads by setting -Dorg.apache.ratis.thirdparty.io.netty.allocator.useCacheForAllThreads=false in command line.
2019-07-30 19:09:08,824 INFO  grpc.GrpcConfigKeys$Server (ConfUtils.java:logGet(43)) - raft.grpc.server.port = 0 (default)
2019-07-30 19:09:08,824 INFO  server.GrpcService (ConfUtils.java:logGet(43)) - raft.grpc.message.size.max = 33570816 (custom)
2019-07-30 19:09:08,824 INFO  server.RaftServerConfigKeys (ConfUtils.java:logGet(43)) - raft.server.log.appender.buffer.byte-limit = 33554432 (custom)
2019-07-30 19:09:08,824 INFO  server.GrpcService (ConfUtils.java:logGet(43)) - raft.grpc.flow.control.window = 1MB (=1048576) (default)
2019-07-30 19:09:08,825 INFO  server.RaftServerConfigKeys (ConfUtils.java:logGet(43)) - raft.server.rpc.request.timeout = 3000ms (default)
2019-07-30 19:09:08,825 INFO  server.RaftServerConfigKeys (ConfUtils.java:logGet(43)) - raft.server.storage.dir = [/workdir/hadoop-ozone/integration-test/target/test-dir/MiniOzoneClusterImpl-599158a6-0443-46a4-b5c4-980fc9d60a3e/datanode-1/data/ratis] (custom)
2019-07-30 19:09:08,825 INFO  replication.SimpleContainerDownloader (SimpleContainerDownloader.java:<init>(72)) - Starting container downloader service to copy containers to replicate.
2019-07-30 19:09:08,826 INFO  hdfs.DFSUtil (DFSUtil.java:httpServerTemplateForNNAndJN(1641)) - Starting Web-server for hddsDatanode at: http://0.0.0.0:0
2019-07-30 19:09:08,828 INFO  server.AuthenticationFilter (AuthenticationFilter.java:constructSecretProvider(240)) - Unable to initialize FileSignerSecretProvider, falling back to use random secrets.
2019-07-30 19:09:08,828 WARN  http.HttpRequestLog (HttpRequestLog.java:getRequestLog(97)) - Jetty request log can only be enabled using Log4j
2019-07-30 19:09:08,829 INFO  http.HttpServer2 (HttpServer2.java:addGlobalFilter(975)) - Added global filter 'safety' (class=org.apache.hadoop.http.HttpServer2$QuotingInputFilter)
2019-07-30 19:09:08,829 INFO  http.HttpServer2 (HttpServer2.java:addFilter(948)) - Added filter static_user_filter (class=org.apache.hadoop.http.lib.StaticUserWebFilter$StaticUserFilter) to context hddsDatanode
2019-07-30 19:09:08,830 INFO  http.HttpServer2 (HttpServer2.java:addFilter(958)) - Added filter static_user_filter (class=org.apache.hadoop.http.lib.StaticUserWebFilter$StaticUserFilter) to context logs
2019-07-30 19:09:08,830 INFO  http.HttpServer2 (HttpServer2.java:addFilter(958)) - Added filter static_user_filter (class=org.apache.hadoop.http.lib.StaticUserWebFilter$StaticUserFilter) to context static
2019-07-30 19:09:08,830 INFO  http.HttpServer2 (HttpServer2.java:bindListener(1191)) - Jetty bound to port 35866
2019-07-30 19:09:08,830 INFO  server.Server (Server.java:doStart(351)) - jetty-9.3.24.v20180605, build timestamp: 2018-06-05T17:11:56Z, git hash: 84205aa28f11a4f31f2a3b86d1bba2cc8ab69827
2019-07-30 19:09:08,832 INFO  handler.ContextHandler (ContextHandler.java:doStart(781)) - Started o.e.j.s.ServletContextHandler@6f8281e6{/logs,file:///workdir/hadoop-ozone/integration-test/target/log,AVAILABLE}
2019-07-30 19:09:08,832 INFO  handler.ContextHandler (ContextHandler.java:doStart(781)) - Started o.e.j.s.ServletContextHandler@206a465f{/static,jar:file:/home/user/.m2/repository/org/apache/hadoop/hadoop-hdds-container-service/0.4.1-SNAPSHOT/hadoop-hdds-container-service-0.4.1-SNAPSHOT.jar!/webapps/static,AVAILABLE}
2019-07-30 19:09:08,858 INFO  handler.ContextHandler (ContextHandler.java:doStart(781)) - Started o.e.j.w.WebAppContext@5f4f198c{/,file:///tmp/jetty-0.0.0.0-35866-hddsDatanode-_-any-5220801772235734200.dir/webapp/,AVAILABLE}{/hddsDatanode}
2019-07-30 19:09:08,858 INFO  server.AbstractConnector (AbstractConnector.java:doStart(278)) - Started ServerConnector@7966a964{HTTP/1.1,[http/1.1]}{0.0.0.0:35866}
2019-07-30 19:09:08,859 INFO  server.Server (Server.java:doStart(419)) - Started @529665ms
2019-07-30 19:09:08,860 INFO  server.BaseHttpServer (BaseHttpServer.java:updateConnectorAddress(207)) - HTTP server of HDDSDATANODE is listening at http://0.0.0.0:35866
2019-07-30 19:09:08,974 INFO  ozone.HddsDatanodeService (HddsDatanodeService.java:startPlugins(395)) - Started plug-in org.apache.hadoop.ozone.web.OzoneHddsDatanodeService@4f66f2dd
2019-07-30 19:09:08,974 INFO  impl.MetricsSystemImpl (MetricsSystemImpl.java:init(158)) - HddsDatanode metrics system started (again)
2019-07-30 19:09:08,977 INFO  util.JvmPauseMonitor (JvmPauseMonitor.java:run(188)) - Starting JVM pause monitor
2019-07-30 19:09:08,977 INFO  ozone.HddsDatanodeService (HddsDatanodeService.java:start(184)) - HddsDatanodeService host:byscane-nightly-d7s94-1643579034 ip:192.168.5.147
2019-07-30 19:09:08,978 INFO  datanode.InitDatanodeState (InitDatanodeState.java:persistContainerDatanodeDetails(140)) - DatanodeDetails is persisted to /workdir/hadoop-ozone/integration-test/target/test-dir/MiniOzoneClusterImpl-599158a6-0443-46a4-b5c4-980fc9d60a3e/datanode-1/meta/datanode.id
2019-07-30 19:09:08,985 INFO  volume.HddsVolume (HddsVolume.java:<init>(176)) - Creating Volume: /workdir/hadoop-ozone/integration-test/target/test-dir/MiniOzoneClusterImpl-599158a6-0443-46a4-b5c4-980fc9d60a3e/datanode-2/data/containers/hdds of  storage type : DISK and capacity : 52710309888
2019-07-30 19:09:08,985 INFO  volume.VolumeSet (VolumeSet.java:initializeVolumeSet(170)) - Added Volume : /workdir/hadoop-ozone/integration-test/target/test-dir/MiniOzoneClusterImpl-599158a6-0443-46a4-b5c4-980fc9d60a3e/datanode-2/data/containers/hdds to VolumeSet
2019-07-30 19:09:08,985 INFO  volume.ThrottledAsyncChecker (ThrottledAsyncChecker.java:schedule(140)) - Scheduling a check for org.apache.hadoop.ozone.container.common.volume.HddsVolume@7d1b96b9
2019-07-30 19:09:08,986 INFO  volume.HddsVolumeChecker (HddsVolumeChecker.java:checkAllVolumes(203)) - Scheduled health check for volume org.apache.hadoop.ozone.container.common.volume.HddsVolume@7d1b96b9
2019-07-30 19:09:08,999 INFO  impl.RaftServerProxy (ConfUtils.java:logGet(43)) - raft.rpc.type = GRPC (default)
2019-07-30 19:09:08,999 INFO  grpc.GrpcFactory (GrpcFactory.java:checkPooledByteBufAllocatorUseCacheForAllThreads(45)) - PERFORMANCE WARNING: useCacheForAllThreads is true that may cause Netty to create a lot garbage objects and, as a result, trigger GC.
	It is recommended to disable useCacheForAllThreads by setting -Dorg.apache.ratis.thirdparty.io.netty.allocator.useCacheForAllThreads=false in command line.
2019-07-30 19:09:08,999 INFO  grpc.GrpcConfigKeys$Server (ConfUtils.java:logGet(43)) - raft.grpc.server.port = 0 (default)
2019-07-30 19:09:08,999 INFO  server.GrpcService (ConfUtils.java:logGet(43)) - raft.grpc.message.size.max = 33570816 (custom)
2019-07-30 19:09:08,999 INFO  server.RaftServerConfigKeys (ConfUtils.java:logGet(43)) - raft.server.log.appender.buffer.byte-limit = 33554432 (custom)
2019-07-30 19:09:09,000 INFO  server.GrpcService (ConfUtils.java:logGet(43)) - raft.grpc.flow.control.window = 1MB (=1048576) (default)
2019-07-30 19:09:09,000 INFO  server.RaftServerConfigKeys (ConfUtils.java:logGet(43)) - raft.server.rpc.request.timeout = 3000ms (default)
2019-07-30 19:09:09,000 INFO  server.RaftServerConfigKeys (ConfUtils.java:logGet(43)) - raft.server.storage.dir = [/workdir/hadoop-ozone/integration-test/target/test-dir/MiniOzoneClusterImpl-599158a6-0443-46a4-b5c4-980fc9d60a3e/datanode-2/data/ratis] (custom)
2019-07-30 19:09:09,000 INFO  replication.SimpleContainerDownloader (SimpleContainerDownloader.java:<init>(72)) - Starting container downloader service to copy containers to replicate.
2019-07-30 19:09:09,001 INFO  hdfs.DFSUtil (DFSUtil.java:httpServerTemplateForNNAndJN(1641)) - Starting Web-server for hddsDatanode at: http://0.0.0.0:0
2019-07-30 19:09:09,002 INFO  server.AuthenticationFilter (AuthenticationFilter.java:constructSecretProvider(240)) - Unable to initialize FileSignerSecretProvider, falling back to use random secrets.
2019-07-30 19:09:09,003 WARN  http.HttpRequestLog (HttpRequestLog.java:getRequestLog(97)) - Jetty request log can only be enabled using Log4j
2019-07-30 19:09:09,004 INFO  http.HttpServer2 (HttpServer2.java:addGlobalFilter(975)) - Added global filter 'safety' (class=org.apache.hadoop.http.HttpServer2$QuotingInputFilter)
2019-07-30 19:09:09,004 INFO  http.HttpServer2 (HttpServer2.java:addFilter(948)) - Added filter static_user_filter (class=org.apache.hadoop.http.lib.StaticUserWebFilter$StaticUserFilter) to context hddsDatanode
2019-07-30 19:09:09,004 INFO  http.HttpServer2 (HttpServer2.java:addFilter(958)) - Added filter static_user_filter (class=org.apache.hadoop.http.lib.StaticUserWebFilter$StaticUserFilter) to context logs
2019-07-30 19:09:09,005 INFO  http.HttpServer2 (HttpServer2.java:addFilter(958)) - Added filter static_user_filter (class=org.apache.hadoop.http.lib.StaticUserWebFilter$StaticUserFilter) to context static
2019-07-30 19:09:09,005 INFO  http.HttpServer2 (HttpServer2.java:bindListener(1191)) - Jetty bound to port 45581
2019-07-30 19:09:09,005 INFO  server.Server (Server.java:doStart(351)) - jetty-9.3.24.v20180605, build timestamp: 2018-06-05T17:11:56Z, git hash: 84205aa28f11a4f31f2a3b86d1bba2cc8ab69827
2019-07-30 19:09:09,006 INFO  handler.ContextHandler (ContextHandler.java:doStart(781)) - Started o.e.j.s.ServletContextHandler@54151d07{/logs,file:///workdir/hadoop-ozone/integration-test/target/log,AVAILABLE}
2019-07-30 19:09:09,007 INFO  handler.ContextHandler (ContextHandler.java:doStart(781)) - Started o.e.j.s.ServletContextHandler@1a345c6c{/static,jar:file:/home/user/.m2/repository/org/apache/hadoop/hadoop-hdds-container-service/0.4.1-SNAPSHOT/hadoop-hdds-container-service-0.4.1-SNAPSHOT.jar!/webapps/static,AVAILABLE}
2019-07-30 19:09:09,032 INFO  handler.ContextHandler (ContextHandler.java:doStart(781)) - Started o.e.j.w.WebAppContext@5ca896af{/,file:///tmp/jetty-0.0.0.0-45581-hddsDatanode-_-any-1776378068199673825.dir/webapp/,AVAILABLE}{/hddsDatanode}
2019-07-30 19:09:09,033 INFO  server.AbstractConnector (AbstractConnector.java:doStart(278)) - Started ServerConnector@7e474bd{HTTP/1.1,[http/1.1]}{0.0.0.0:45581}
2019-07-30 19:09:09,034 INFO  server.Server (Server.java:doStart(419)) - Started @529841ms
2019-07-30 19:09:09,035 INFO  server.BaseHttpServer (BaseHttpServer.java:updateConnectorAddress(207)) - HTTP server of HDDSDATANODE is listening at http://0.0.0.0:45581
2019-07-30 19:09:09,145 INFO  ozone.HddsDatanodeService (HddsDatanodeService.java:startPlugins(395)) - Started plug-in org.apache.hadoop.ozone.web.OzoneHddsDatanodeService@4ed94e6a
2019-07-30 19:09:09,145 INFO  impl.MetricsSystemImpl (MetricsSystemImpl.java:init(158)) - HddsDatanode metrics system started (again)
2019-07-30 19:09:09,148 INFO  ozone.HddsDatanodeService (HddsDatanodeService.java:start(184)) - HddsDatanodeService host:byscane-nightly-d7s94-1643579034 ip:192.168.5.147
2019-07-30 19:09:09,148 INFO  util.JvmPauseMonitor (JvmPauseMonitor.java:run(188)) - Starting JVM pause monitor
2019-07-30 19:09:09,149 INFO  datanode.InitDatanodeState (InitDatanodeState.java:persistContainerDatanodeDetails(140)) - DatanodeDetails is persisted to /workdir/hadoop-ozone/integration-test/target/test-dir/MiniOzoneClusterImpl-599158a6-0443-46a4-b5c4-980fc9d60a3e/datanode-2/meta/datanode.id
2019-07-30 19:09:09,157 INFO  volume.HddsVolume (HddsVolume.java:<init>(176)) - Creating Volume: /workdir/hadoop-ozone/integration-test/target/test-dir/MiniOzoneClusterImpl-599158a6-0443-46a4-b5c4-980fc9d60a3e/datanode-3/data/containers/hdds of  storage type : DISK and capacity : 52710309888
2019-07-30 19:09:09,157 INFO  volume.VolumeSet (VolumeSet.java:initializeVolumeSet(170)) - Added Volume : /workdir/hadoop-ozone/integration-test/target/test-dir/MiniOzoneClusterImpl-599158a6-0443-46a4-b5c4-980fc9d60a3e/datanode-3/data/containers/hdds to VolumeSet
2019-07-30 19:09:09,157 INFO  volume.ThrottledAsyncChecker (ThrottledAsyncChecker.java:schedule(140)) - Scheduling a check for org.apache.hadoop.ozone.container.common.volume.HddsVolume@70c2a046
2019-07-30 19:09:09,158 INFO  volume.HddsVolumeChecker (HddsVolumeChecker.java:checkAllVolumes(203)) - Scheduled health check for volume org.apache.hadoop.ozone.container.common.volume.HddsVolume@70c2a046
2019-07-30 19:09:09,170 INFO  impl.RaftServerProxy (ConfUtils.java:logGet(43)) - raft.rpc.type = GRPC (default)
2019-07-30 19:09:09,170 INFO  grpc.GrpcFactory (GrpcFactory.java:checkPooledByteBufAllocatorUseCacheForAllThreads(45)) - PERFORMANCE WARNING: useCacheForAllThreads is true that may cause Netty to create a lot garbage objects and, as a result, trigger GC.
	It is recommended to disable useCacheForAllThreads by setting -Dorg.apache.ratis.thirdparty.io.netty.allocator.useCacheForAllThreads=false in command line.
2019-07-30 19:09:09,170 INFO  grpc.GrpcConfigKeys$Server (ConfUtils.java:logGet(43)) - raft.grpc.server.port = 0 (default)
2019-07-30 19:09:09,170 INFO  server.GrpcService (ConfUtils.java:logGet(43)) - raft.grpc.message.size.max = 33570816 (custom)
2019-07-30 19:09:09,170 INFO  server.RaftServerConfigKeys (ConfUtils.java:logGet(43)) - raft.server.log.appender.buffer.byte-limit = 33554432 (custom)
2019-07-30 19:09:09,170 INFO  server.GrpcService (ConfUtils.java:logGet(43)) - raft.grpc.flow.control.window = 1MB (=1048576) (default)
2019-07-30 19:09:09,171 INFO  server.RaftServerConfigKeys (ConfUtils.java:logGet(43)) - raft.server.rpc.request.timeout = 3000ms (default)
2019-07-30 19:09:09,171 INFO  server.RaftServerConfigKeys (ConfUtils.java:logGet(43)) - raft.server.storage.dir = [/workdir/hadoop-ozone/integration-test/target/test-dir/MiniOzoneClusterImpl-599158a6-0443-46a4-b5c4-980fc9d60a3e/datanode-3/data/ratis] (custom)
2019-07-30 19:09:09,171 INFO  replication.SimpleContainerDownloader (SimpleContainerDownloader.java:<init>(72)) - Starting container downloader service to copy containers to replicate.
2019-07-30 19:09:09,172 INFO  hdfs.DFSUtil (DFSUtil.java:httpServerTemplateForNNAndJN(1641)) - Starting Web-server for hddsDatanode at: http://0.0.0.0:0
2019-07-30 19:09:09,173 INFO  server.AuthenticationFilter (AuthenticationFilter.java:constructSecretProvider(240)) - Unable to initialize FileSignerSecretProvider, falling back to use random secrets.
2019-07-30 19:09:09,174 WARN  http.HttpRequestLog (HttpRequestLog.java:getRequestLog(97)) - Jetty request log can only be enabled using Log4j
2019-07-30 19:09:09,175 INFO  http.HttpServer2 (HttpServer2.java:addGlobalFilter(975)) - Added global filter 'safety' (class=org.apache.hadoop.http.HttpServer2$QuotingInputFilter)
2019-07-30 19:09:09,175 INFO  http.HttpServer2 (HttpServer2.java:addFilter(948)) - Added filter static_user_filter (class=org.apache.hadoop.http.lib.StaticUserWebFilter$StaticUserFilter) to context hddsDatanode
2019-07-30 19:09:09,175 INFO  http.HttpServer2 (HttpServer2.java:addFilter(958)) - Added filter static_user_filter (class=org.apache.hadoop.http.lib.StaticUserWebFilter$StaticUserFilter) to context static
2019-07-30 19:09:09,175 INFO  http.HttpServer2 (HttpServer2.java:addFilter(958)) - Added filter static_user_filter (class=org.apache.hadoop.http.lib.StaticUserWebFilter$StaticUserFilter) to context logs
2019-07-30 19:09:09,176 INFO  http.HttpServer2 (HttpServer2.java:bindListener(1191)) - Jetty bound to port 40251
2019-07-30 19:09:09,176 INFO  server.Server (Server.java:doStart(351)) - jetty-9.3.24.v20180605, build timestamp: 2018-06-05T17:11:56Z, git hash: 84205aa28f11a4f31f2a3b86d1bba2cc8ab69827
2019-07-30 19:09:09,177 INFO  handler.ContextHandler (ContextHandler.java:doStart(781)) - Started o.e.j.s.ServletContextHandler@7f514dfe{/logs,file:///workdir/hadoop-ozone/integration-test/target/log,AVAILABLE}
2019-07-30 19:09:09,178 INFO  handler.ContextHandler (ContextHandler.java:doStart(781)) - Started o.e.j.s.ServletContextHandler@3f33c5e4{/static,jar:file:/home/user/.m2/repository/org/apache/hadoop/hadoop-hdds-container-service/0.4.1-SNAPSHOT/hadoop-hdds-container-service-0.4.1-SNAPSHOT.jar!/webapps/static,AVAILABLE}
2019-07-30 19:09:09,203 INFO  handler.ContextHandler (ContextHandler.java:doStart(781)) - Started o.e.j.w.WebAppContext@19cad9f0{/,file:///tmp/jetty-0.0.0.0-40251-hddsDatanode-_-any-2659944537453976541.dir/webapp/,AVAILABLE}{/hddsDatanode}
2019-07-30 19:09:09,203 INFO  server.AbstractConnector (AbstractConnector.java:doStart(278)) - Started ServerConnector@4cce421e{HTTP/1.1,[http/1.1]}{0.0.0.0:40251}
2019-07-30 19:09:09,204 INFO  server.Server (Server.java:doStart(419)) - Started @530010ms
2019-07-30 19:09:09,205 INFO  server.BaseHttpServer (BaseHttpServer.java:updateConnectorAddress(207)) - HTTP server of HDDSDATANODE is listening at http://0.0.0.0:40251
2019-07-30 19:09:09,532 INFO  ozone.HddsDatanodeService (HddsDatanodeService.java:startPlugins(395)) - Started plug-in org.apache.hadoop.ozone.web.OzoneHddsDatanodeService@57573880
2019-07-30 19:09:09,532 INFO  impl.MetricsSystemImpl (MetricsSystemImpl.java:init(158)) - HddsDatanode metrics system started (again)
2019-07-30 19:09:09,535 INFO  ozone.HddsDatanodeService (HddsDatanodeService.java:start(184)) - HddsDatanodeService host:byscane-nightly-d7s94-1643579034 ip:192.168.5.147
2019-07-30 19:09:09,535 INFO  util.JvmPauseMonitor (JvmPauseMonitor.java:run(188)) - Starting JVM pause monitor
2019-07-30 19:09:09,536 INFO  datanode.InitDatanodeState (InitDatanodeState.java:persistContainerDatanodeDetails(140)) - DatanodeDetails is persisted to /workdir/hadoop-ozone/integration-test/target/test-dir/MiniOzoneClusterImpl-599158a6-0443-46a4-b5c4-980fc9d60a3e/datanode-3/meta/datanode.id
2019-07-30 19:09:09,545 INFO  volume.HddsVolume (HddsVolume.java:<init>(176)) - Creating Volume: /workdir/hadoop-ozone/integration-test/target/test-dir/MiniOzoneClusterImpl-599158a6-0443-46a4-b5c4-980fc9d60a3e/datanode-4/data/containers/hdds of  storage type : DISK and capacity : 52710309888
2019-07-30 19:09:09,545 INFO  volume.VolumeSet (VolumeSet.java:initializeVolumeSet(170)) - Added Volume : /workdir/hadoop-ozone/integration-test/target/test-dir/MiniOzoneClusterImpl-599158a6-0443-46a4-b5c4-980fc9d60a3e/datanode-4/data/containers/hdds to VolumeSet
2019-07-30 19:09:09,545 INFO  volume.ThrottledAsyncChecker (ThrottledAsyncChecker.java:schedule(140)) - Scheduling a check for org.apache.hadoop.ozone.container.common.volume.HddsVolume@4adb2b87
2019-07-30 19:09:09,546 INFO  volume.HddsVolumeChecker (HddsVolumeChecker.java:checkAllVolumes(203)) - Scheduled health check for volume org.apache.hadoop.ozone.container.common.volume.HddsVolume@4adb2b87
2019-07-30 19:09:09,557 INFO  impl.RaftServerProxy (ConfUtils.java:logGet(43)) - raft.rpc.type = GRPC (default)
2019-07-30 19:09:09,558 INFO  grpc.GrpcFactory (GrpcFactory.java:checkPooledByteBufAllocatorUseCacheForAllThreads(45)) - PERFORMANCE WARNING: useCacheForAllThreads is true that may cause Netty to create a lot garbage objects and, as a result, trigger GC.
	It is recommended to disable useCacheForAllThreads by setting -Dorg.apache.ratis.thirdparty.io.netty.allocator.useCacheForAllThreads=false in command line.
2019-07-30 19:09:09,558 INFO  grpc.GrpcConfigKeys$Server (ConfUtils.java:logGet(43)) - raft.grpc.server.port = 0 (default)
2019-07-30 19:09:09,558 INFO  server.GrpcService (ConfUtils.java:logGet(43)) - raft.grpc.message.size.max = 33570816 (custom)
2019-07-30 19:09:09,558 INFO  server.RaftServerConfigKeys (ConfUtils.java:logGet(43)) - raft.server.log.appender.buffer.byte-limit = 33554432 (custom)
2019-07-30 19:09:09,558 INFO  server.GrpcService (ConfUtils.java:logGet(43)) - raft.grpc.flow.control.window = 1MB (=1048576) (default)
2019-07-30 19:09:09,558 INFO  server.RaftServerConfigKeys (ConfUtils.java:logGet(43)) - raft.server.rpc.request.timeout = 3000ms (default)
2019-07-30 19:09:09,559 INFO  server.RaftServerConfigKeys (ConfUtils.java:logGet(43)) - raft.server.storage.dir = [/workdir/hadoop-ozone/integration-test/target/test-dir/MiniOzoneClusterImpl-599158a6-0443-46a4-b5c4-980fc9d60a3e/datanode-4/data/ratis] (custom)
2019-07-30 19:09:09,559 INFO  replication.SimpleContainerDownloader (SimpleContainerDownloader.java:<init>(72)) - Starting container downloader service to copy containers to replicate.
2019-07-30 19:09:09,560 INFO  hdfs.DFSUtil (DFSUtil.java:httpServerTemplateForNNAndJN(1641)) - Starting Web-server for hddsDatanode at: http://0.0.0.0:0
2019-07-30 19:09:09,562 INFO  server.AuthenticationFilter (AuthenticationFilter.java:constructSecretProvider(240)) - Unable to initialize FileSignerSecretProvider, falling back to use random secrets.
2019-07-30 19:09:09,562 WARN  http.HttpRequestLog (HttpRequestLog.java:getRequestLog(97)) - Jetty request log can only be enabled using Log4j
2019-07-30 19:09:09,564 INFO  http.HttpServer2 (HttpServer2.java:addGlobalFilter(975)) - Added global filter 'safety' (class=org.apache.hadoop.http.HttpServer2$QuotingInputFilter)
2019-07-30 19:09:09,565 INFO  http.HttpServer2 (HttpServer2.java:addFilter(948)) - Added filter static_user_filter (class=org.apache.hadoop.http.lib.StaticUserWebFilter$StaticUserFilter) to context hddsDatanode
2019-07-30 19:09:09,565 INFO  http.HttpServer2 (HttpServer2.java:addFilter(958)) - Added filter static_user_filter (class=org.apache.hadoop.http.lib.StaticUserWebFilter$StaticUserFilter) to context logs
2019-07-30 19:09:09,565 INFO  http.HttpServer2 (HttpServer2.java:addFilter(958)) - Added filter static_user_filter (class=org.apache.hadoop.http.lib.StaticUserWebFilter$StaticUserFilter) to context static
2019-07-30 19:09:09,566 INFO  http.HttpServer2 (HttpServer2.java:bindListener(1191)) - Jetty bound to port 42063
2019-07-30 19:09:09,566 INFO  server.Server (Server.java:doStart(351)) - jetty-9.3.24.v20180605, build timestamp: 2018-06-05T17:11:56Z, git hash: 84205aa28f11a4f31f2a3b86d1bba2cc8ab69827
2019-07-30 19:09:09,568 INFO  handler.ContextHandler (ContextHandler.java:doStart(781)) - Started o.e.j.s.ServletContextHandler@1aa7d66e{/logs,file:///workdir/hadoop-ozone/integration-test/target/log,AVAILABLE}
2019-07-30 19:09:09,568 INFO  handler.ContextHandler (ContextHandler.java:doStart(781)) - Started o.e.j.s.ServletContextHandler@189f2184{/static,jar:file:/home/user/.m2/repository/org/apache/hadoop/hadoop-hdds-container-service/0.4.1-SNAPSHOT/hadoop-hdds-container-service-0.4.1-SNAPSHOT.jar!/webapps/static,AVAILABLE}
2019-07-30 19:09:09,608 INFO  handler.ContextHandler (ContextHandler.java:doStart(781)) - Started o.e.j.w.WebAppContext@1676e501{/,file:///tmp/jetty-0.0.0.0-42063-hddsDatanode-_-any-3895109779742581704.dir/webapp/,AVAILABLE}{/hddsDatanode}
2019-07-30 19:09:09,608 INFO  server.AbstractConnector (AbstractConnector.java:doStart(278)) - Started ServerConnector@1ed763aa{HTTP/1.1,[http/1.1]}{0.0.0.0:42063}
2019-07-30 19:09:09,610 INFO  server.Server (Server.java:doStart(419)) - Started @530416ms
2019-07-30 19:09:09,611 INFO  server.BaseHttpServer (BaseHttpServer.java:updateConnectorAddress(207)) - HTTP server of HDDSDATANODE is listening at http://0.0.0.0:42063
2019-07-30 19:09:09,726 INFO  ozone.HddsDatanodeService (HddsDatanodeService.java:startPlugins(395)) - Started plug-in org.apache.hadoop.ozone.web.OzoneHddsDatanodeService@45bde54d
2019-07-30 19:09:09,726 INFO  impl.MetricsSystemImpl (MetricsSystemImpl.java:init(158)) - HddsDatanode metrics system started (again)
2019-07-30 19:09:09,729 INFO  util.JvmPauseMonitor (JvmPauseMonitor.java:run(188)) - Starting JVM pause monitor
2019-07-30 19:09:09,730 INFO  ozone.HddsDatanodeService (HddsDatanodeService.java:start(184)) - HddsDatanodeService host:byscane-nightly-d7s94-1643579034 ip:192.168.5.147
2019-07-30 19:09:09,731 INFO  datanode.InitDatanodeState (InitDatanodeState.java:persistContainerDatanodeDetails(140)) - DatanodeDetails is persisted to /workdir/hadoop-ozone/integration-test/target/test-dir/MiniOzoneClusterImpl-599158a6-0443-46a4-b5c4-980fc9d60a3e/datanode-4/meta/datanode.id
2019-07-30 19:09:09,740 INFO  volume.HddsVolume (HddsVolume.java:<init>(176)) - Creating Volume: /workdir/hadoop-ozone/integration-test/target/test-dir/MiniOzoneClusterImpl-599158a6-0443-46a4-b5c4-980fc9d60a3e/datanode-5/data/containers/hdds of  storage type : DISK and capacity : 52710309888
2019-07-30 19:09:09,740 INFO  volume.VolumeSet (VolumeSet.java:initializeVolumeSet(170)) - Added Volume : /workdir/hadoop-ozone/integration-test/target/test-dir/MiniOzoneClusterImpl-599158a6-0443-46a4-b5c4-980fc9d60a3e/datanode-5/data/containers/hdds to VolumeSet
2019-07-30 19:09:09,740 INFO  volume.ThrottledAsyncChecker (ThrottledAsyncChecker.java:schedule(140)) - Scheduling a check for org.apache.hadoop.ozone.container.common.volume.HddsVolume@f61f06e
2019-07-30 19:09:09,741 INFO  volume.HddsVolumeChecker (HddsVolumeChecker.java:checkAllVolumes(203)) - Scheduled health check for volume org.apache.hadoop.ozone.container.common.volume.HddsVolume@f61f06e
2019-07-30 19:09:09,755 INFO  impl.RaftServerProxy (ConfUtils.java:logGet(43)) - raft.rpc.type = GRPC (default)
2019-07-30 19:09:09,755 INFO  grpc.GrpcFactory (GrpcFactory.java:checkPooledByteBufAllocatorUseCacheForAllThreads(45)) - PERFORMANCE WARNING: useCacheForAllThreads is true that may cause Netty to create a lot garbage objects and, as a result, trigger GC.
	It is recommended to disable useCacheForAllThreads by setting -Dorg.apache.ratis.thirdparty.io.netty.allocator.useCacheForAllThreads=false in command line.
2019-07-30 19:09:09,755 INFO  grpc.GrpcConfigKeys$Server (ConfUtils.java:logGet(43)) - raft.grpc.server.port = 0 (default)
2019-07-30 19:09:09,756 INFO  server.GrpcService (ConfUtils.java:logGet(43)) - raft.grpc.message.size.max = 33570816 (custom)
2019-07-30 19:09:09,756 INFO  server.RaftServerConfigKeys (ConfUtils.java:logGet(43)) - raft.server.log.appender.buffer.byte-limit = 33554432 (custom)
2019-07-30 19:09:09,756 INFO  server.GrpcService (ConfUtils.java:logGet(43)) - raft.grpc.flow.control.window = 1MB (=1048576) (default)
2019-07-30 19:09:09,756 INFO  server.RaftServerConfigKeys (ConfUtils.java:logGet(43)) - raft.server.rpc.request.timeout = 3000ms (default)
2019-07-30 19:09:09,757 INFO  server.RaftServerConfigKeys (ConfUtils.java:logGet(43)) - raft.server.storage.dir = [/workdir/hadoop-ozone/integration-test/target/test-dir/MiniOzoneClusterImpl-599158a6-0443-46a4-b5c4-980fc9d60a3e/datanode-5/data/ratis] (custom)
2019-07-30 19:09:09,757 INFO  replication.SimpleContainerDownloader (SimpleContainerDownloader.java:<init>(72)) - Starting container downloader service to copy containers to replicate.
2019-07-30 19:09:09,758 INFO  hdfs.DFSUtil (DFSUtil.java:httpServerTemplateForNNAndJN(1641)) - Starting Web-server for hddsDatanode at: http://0.0.0.0:0
2019-07-30 19:09:09,759 INFO  server.AuthenticationFilter (AuthenticationFilter.java:constructSecretProvider(240)) - Unable to initialize FileSignerSecretProvider, falling back to use random secrets.
2019-07-30 19:09:09,759 WARN  http.HttpRequestLog (HttpRequestLog.java:getRequestLog(97)) - Jetty request log can only be enabled using Log4j
2019-07-30 19:09:09,760 INFO  http.HttpServer2 (HttpServer2.java:addGlobalFilter(975)) - Added global filter 'safety' (class=org.apache.hadoop.http.HttpServer2$QuotingInputFilter)
2019-07-30 19:09:09,761 INFO  http.HttpServer2 (HttpServer2.java:addFilter(948)) - Added filter static_user_filter (class=org.apache.hadoop.http.lib.StaticUserWebFilter$StaticUserFilter) to context hddsDatanode
2019-07-30 19:09:09,761 INFO  http.HttpServer2 (HttpServer2.java:addFilter(958)) - Added filter static_user_filter (class=org.apache.hadoop.http.lib.StaticUserWebFilter$StaticUserFilter) to context logs
2019-07-30 19:09:09,761 INFO  http.HttpServer2 (HttpServer2.java:addFilter(958)) - Added filter static_user_filter (class=org.apache.hadoop.http.lib.StaticUserWebFilter$StaticUserFilter) to context static
2019-07-30 19:09:09,761 INFO  http.HttpServer2 (HttpServer2.java:bindListener(1191)) - Jetty bound to port 35076
2019-07-30 19:09:09,762 INFO  server.Server (Server.java:doStart(351)) - jetty-9.3.24.v20180605, build timestamp: 2018-06-05T17:11:56Z, git hash: 84205aa28f11a4f31f2a3b86d1bba2cc8ab69827
2019-07-30 19:09:09,764 INFO  handler.ContextHandler (ContextHandler.java:doStart(781)) - Started o.e.j.s.ServletContextHandler@375f276e{/logs,file:///workdir/hadoop-ozone/integration-test/target/log,AVAILABLE}
2019-07-30 19:09:09,764 INFO  handler.ContextHandler (ContextHandler.java:doStart(781)) - Started o.e.j.s.ServletContextHandler@3b5f72fa{/static,jar:file:/home/user/.m2/repository/org/apache/hadoop/hadoop-hdds-container-service/0.4.1-SNAPSHOT/hadoop-hdds-container-service-0.4.1-SNAPSHOT.jar!/webapps/static,AVAILABLE}
2019-07-30 19:09:09,790 INFO  handler.ContextHandler (ContextHandler.java:doStart(781)) - Started o.e.j.w.WebAppContext@52dfd7f5{/,file:///tmp/jetty-0.0.0.0-35076-hddsDatanode-_-any-6571879682501179733.dir/webapp/,AVAILABLE}{/hddsDatanode}
2019-07-30 19:09:09,791 INFO  server.AbstractConnector (AbstractConnector.java:doStart(278)) - Started ServerConnector@5b5f48d5{HTTP/1.1,[http/1.1]}{0.0.0.0:35076}
2019-07-30 19:09:09,791 INFO  server.Server (Server.java:doStart(419)) - Started @530598ms
2019-07-30 19:09:09,793 INFO  server.BaseHttpServer (BaseHttpServer.java:updateConnectorAddress(207)) - HTTP server of HDDSDATANODE is listening at http://0.0.0.0:35076
2019-07-30 19:09:09,905 INFO  ozone.HddsDatanodeService (HddsDatanodeService.java:startPlugins(395)) - Started plug-in org.apache.hadoop.ozone.web.OzoneHddsDatanodeService@2ea2f965
2019-07-30 19:09:09,906 INFO  impl.MetricsSystemImpl (MetricsSystemImpl.java:init(158)) - HddsDatanode metrics system started (again)
2019-07-30 19:09:09,909 INFO  util.JvmPauseMonitor (JvmPauseMonitor.java:run(188)) - Starting JVM pause monitor
2019-07-30 19:09:09,910 INFO  ozone.HddsDatanodeService (HddsDatanodeService.java:start(184)) - HddsDatanodeService host:byscane-nightly-d7s94-1643579034 ip:192.168.5.147
2019-07-30 19:09:09,911 INFO  datanode.InitDatanodeState (InitDatanodeState.java:persistContainerDatanodeDetails(140)) - DatanodeDetails is persisted to /workdir/hadoop-ozone/integration-test/target/test-dir/MiniOzoneClusterImpl-599158a6-0443-46a4-b5c4-980fc9d60a3e/datanode-5/meta/datanode.id
2019-07-30 19:09:09,920 INFO  volume.HddsVolume (HddsVolume.java:<init>(176)) - Creating Volume: /workdir/hadoop-ozone/integration-test/target/test-dir/MiniOzoneClusterImpl-599158a6-0443-46a4-b5c4-980fc9d60a3e/datanode-6/data/containers/hdds of  storage type : DISK and capacity : 52710309888
2019-07-30 19:09:09,920 INFO  volume.VolumeSet (VolumeSet.java:initializeVolumeSet(170)) - Added Volume : /workdir/hadoop-ozone/integration-test/target/test-dir/MiniOzoneClusterImpl-599158a6-0443-46a4-b5c4-980fc9d60a3e/datanode-6/data/containers/hdds to VolumeSet
2019-07-30 19:09:09,920 INFO  volume.ThrottledAsyncChecker (ThrottledAsyncChecker.java:schedule(140)) - Scheduling a check for org.apache.hadoop.ozone.container.common.volume.HddsVolume@25058759
2019-07-30 19:09:09,921 INFO  volume.HddsVolumeChecker (HddsVolumeChecker.java:checkAllVolumes(203)) - Scheduled health check for volume org.apache.hadoop.ozone.container.common.volume.HddsVolume@25058759
2019-07-30 19:09:09,939 INFO  impl.RaftServerProxy (ConfUtils.java:logGet(43)) - raft.rpc.type = GRPC (default)
2019-07-30 19:09:09,939 INFO  grpc.GrpcFactory (GrpcFactory.java:checkPooledByteBufAllocatorUseCacheForAllThreads(45)) - PERFORMANCE WARNING: useCacheForAllThreads is true that may cause Netty to create a lot garbage objects and, as a result, trigger GC.
	It is recommended to disable useCacheForAllThreads by setting -Dorg.apache.ratis.thirdparty.io.netty.allocator.useCacheForAllThreads=false in command line.
2019-07-30 19:09:09,939 INFO  grpc.GrpcConfigKeys$Server (ConfUtils.java:logGet(43)) - raft.grpc.server.port = 0 (default)
2019-07-30 19:09:09,940 INFO  server.GrpcService (ConfUtils.java:logGet(43)) - raft.grpc.message.size.max = 33570816 (custom)
2019-07-30 19:09:09,940 INFO  server.RaftServerConfigKeys (ConfUtils.java:logGet(43)) - raft.server.log.appender.buffer.byte-limit = 33554432 (custom)
2019-07-30 19:09:09,940 INFO  server.GrpcService (ConfUtils.java:logGet(43)) - raft.grpc.flow.control.window = 1MB (=1048576) (default)
2019-07-30 19:09:09,940 INFO  server.RaftServerConfigKeys (ConfUtils.java:logGet(43)) - raft.server.rpc.request.timeout = 3000ms (default)
2019-07-30 19:09:09,941 INFO  server.RaftServerConfigKeys (ConfUtils.java:logGet(43)) - raft.server.storage.dir = [/workdir/hadoop-ozone/integration-test/target/test-dir/MiniOzoneClusterImpl-599158a6-0443-46a4-b5c4-980fc9d60a3e/datanode-6/data/ratis] (custom)
2019-07-30 19:09:09,941 INFO  replication.SimpleContainerDownloader (SimpleContainerDownloader.java:<init>(72)) - Starting container downloader service to copy containers to replicate.
2019-07-30 19:09:09,942 INFO  hdfs.DFSUtil (DFSUtil.java:httpServerTemplateForNNAndJN(1641)) - Starting Web-server for hddsDatanode at: http://0.0.0.0:0
2019-07-30 19:09:09,943 INFO  server.AuthenticationFilter (AuthenticationFilter.java:constructSecretProvider(240)) - Unable to initialize FileSignerSecretProvider, falling back to use random secrets.
2019-07-30 19:09:09,943 WARN  http.HttpRequestLog (HttpRequestLog.java:getRequestLog(97)) - Jetty request log can only be enabled using Log4j
2019-07-30 19:09:09,945 INFO  http.HttpServer2 (HttpServer2.java:addGlobalFilter(975)) - Added global filter 'safety' (class=org.apache.hadoop.http.HttpServer2$QuotingInputFilter)
2019-07-30 19:09:09,945 INFO  http.HttpServer2 (HttpServer2.java:addFilter(948)) - Added filter static_user_filter (class=org.apache.hadoop.http.lib.StaticUserWebFilter$StaticUserFilter) to context hddsDatanode
2019-07-30 19:09:09,945 INFO  http.HttpServer2 (HttpServer2.java:addFilter(958)) - Added filter static_user_filter (class=org.apache.hadoop.http.lib.StaticUserWebFilter$StaticUserFilter) to context logs
2019-07-30 19:09:09,945 INFO  http.HttpServer2 (HttpServer2.java:addFilter(958)) - Added filter static_user_filter (class=org.apache.hadoop.http.lib.StaticUserWebFilter$StaticUserFilter) to context static
2019-07-30 19:09:09,946 INFO  http.HttpServer2 (HttpServer2.java:bindListener(1191)) - Jetty bound to port 41109
2019-07-30 19:09:09,946 INFO  server.Server (Server.java:doStart(351)) - jetty-9.3.24.v20180605, build timestamp: 2018-06-05T17:11:56Z, git hash: 84205aa28f11a4f31f2a3b86d1bba2cc8ab69827
2019-07-30 19:09:09,948 INFO  handler.ContextHandler (ContextHandler.java:doStart(781)) - Started o.e.j.s.ServletContextHandler@3edc999f{/logs,file:///workdir/hadoop-ozone/integration-test/target/log,AVAILABLE}
2019-07-30 19:09:09,948 INFO  handler.ContextHandler (ContextHandler.java:doStart(781)) - Started o.e.j.s.ServletContextHandler@3a8ae302{/static,jar:file:/home/user/.m2/repository/org/apache/hadoop/hadoop-hdds-container-service/0.4.1-SNAPSHOT/hadoop-hdds-container-service-0.4.1-SNAPSHOT.jar!/webapps/static,AVAILABLE}
2019-07-30 19:09:09,974 INFO  handler.ContextHandler (ContextHandler.java:doStart(781)) - Started o.e.j.w.WebAppContext@6419726f{/,file:///tmp/jetty-0.0.0.0-41109-hddsDatanode-_-any-7676881591913184587.dir/webapp/,AVAILABLE}{/hddsDatanode}
2019-07-30 19:09:09,975 INFO  server.AbstractConnector (AbstractConnector.java:doStart(278)) - Started ServerConnector@5d4a1d2c{HTTP/1.1,[http/1.1]}{0.0.0.0:41109}
2019-07-30 19:09:09,975 INFO  server.Server (Server.java:doStart(419)) - Started @530781ms
2019-07-30 19:09:09,985 INFO  server.BaseHttpServer (BaseHttpServer.java:updateConnectorAddress(207)) - HTTP server of HDDSDATANODE is listening at http://0.0.0.0:41109
2019-07-30 19:09:10,095 INFO  ozone.HddsDatanodeService (HddsDatanodeService.java:startPlugins(395)) - Started plug-in org.apache.hadoop.ozone.web.OzoneHddsDatanodeService@72090a80
2019-07-30 19:09:10,096 INFO  ozone.MiniOzoneClusterImpl (MiniOzoneClusterImpl.java:lambda$waitForClusterToBeReady$0(142)) - Waiting for cluster to be ready. Got 0 of 7 DN Heartbeats.
2019-07-30 19:09:10,097 INFO  util.JvmPauseMonitor (JvmPauseMonitor.java:run(188)) - Starting JVM pause monitor
2019-07-30 19:09:10,098 INFO  datanode.InitDatanodeState (InitDatanodeState.java:persistContainerDatanodeDetails(140)) - DatanodeDetails is persisted to /workdir/hadoop-ozone/integration-test/target/test-dir/MiniOzoneClusterImpl-599158a6-0443-46a4-b5c4-980fc9d60a3e/datanode-6/meta/datanode.id
2019-07-30 19:09:10,810 INFO  ozoneimpl.OzoneContainer (OzoneContainer.java:start(186)) - Attempting to start container services.
2019-07-30 19:09:10,810 INFO  ozoneimpl.OzoneContainer (OzoneContainer.java:startContainerScrub(160)) - Background container scrubber has been disabled by hdds.containerscrub.enabled
2019-07-30 19:09:10,810 INFO  ratis.XceiverServerRatis (XceiverServerRatis.java:start(404)) - Starting XceiverServerRatis 8c2f1eda-c807-47b9-b017-472574b97a9c at port 0
2019-07-30 19:09:10,816 INFO  impl.RaftServerProxy (RaftServerProxy.java:lambda$start$3(299)) - 8c2f1eda-c807-47b9-b017-472574b97a9c: start RPC server
2019-07-30 19:09:10,817 INFO  server.GrpcService (GrpcService.java:startImpl(149)) - 8c2f1eda-c807-47b9-b017-472574b97a9c: GrpcService started, listening on 0.0.0.0/0.0.0.0:42899
2019-07-30 19:09:10,817 INFO  ratis.XceiverServerRatis (XceiverServerRatis.java:start(414)) - XceiverServerRatis 8c2f1eda-c807-47b9-b017-472574b97a9c is started using port 42899
2019-07-30 19:09:10,817 INFO  server.XceiverServerGrpc (XceiverServerGrpc.java:start(161)) - XceiverServerGrpc 8c2f1eda-c807-47b9-b017-472574b97a9c is started using port 35738
2019-07-30 19:09:10,992 INFO  ozoneimpl.OzoneContainer (OzoneContainer.java:start(186)) - Attempting to start container services.
2019-07-30 19:09:10,992 INFO  ozoneimpl.OzoneContainer (OzoneContainer.java:startContainerScrub(160)) - Background container scrubber has been disabled by hdds.containerscrub.enabled
2019-07-30 19:09:10,992 INFO  ratis.XceiverServerRatis (XceiverServerRatis.java:start(404)) - Starting XceiverServerRatis d4a1584e-cb70-4ee5-af95-55a8048f0ebc at port 0
2019-07-30 19:09:10,997 INFO  impl.RaftServerProxy (RaftServerProxy.java:lambda$start$3(299)) - d4a1584e-cb70-4ee5-af95-55a8048f0ebc: start RPC server
2019-07-30 19:09:10,999 INFO  server.GrpcService (GrpcService.java:startImpl(149)) - d4a1584e-cb70-4ee5-af95-55a8048f0ebc: GrpcService started, listening on 0.0.0.0/0.0.0.0:42231
2019-07-30 19:09:10,999 INFO  ratis.XceiverServerRatis (XceiverServerRatis.java:start(414)) - XceiverServerRatis d4a1584e-cb70-4ee5-af95-55a8048f0ebc is started using port 42231
2019-07-30 19:09:10,999 INFO  server.XceiverServerGrpc (XceiverServerGrpc.java:start(161)) - XceiverServerGrpc d4a1584e-cb70-4ee5-af95-55a8048f0ebc is started using port 45284
2019-07-30 19:09:11,096 INFO  ozone.MiniOzoneClusterImpl (MiniOzoneClusterImpl.java:lambda$waitForClusterToBeReady$0(142)) - Waiting for cluster to be ready. Got 0 of 7 DN Heartbeats.
2019-07-30 19:09:11,155 INFO  ozoneimpl.OzoneContainer (OzoneContainer.java:start(186)) - Attempting to start container services.
2019-07-30 19:09:11,156 INFO  ozoneimpl.OzoneContainer (OzoneContainer.java:startContainerScrub(160)) - Background container scrubber has been disabled by hdds.containerscrub.enabled
2019-07-30 19:09:11,156 INFO  ratis.XceiverServerRatis (XceiverServerRatis.java:start(404)) - Starting XceiverServerRatis 17e40c1e-c940-4ebb-a12b-9c31941c5380 at port 0
2019-07-30 19:09:11,162 INFO  impl.RaftServerProxy (RaftServerProxy.java:lambda$start$3(299)) - 17e40c1e-c940-4ebb-a12b-9c31941c5380: start RPC server
2019-07-30 19:09:11,163 INFO  server.GrpcService (GrpcService.java:startImpl(149)) - 17e40c1e-c940-4ebb-a12b-9c31941c5380: GrpcService started, listening on 0.0.0.0/0.0.0.0:44489
2019-07-30 19:09:11,163 INFO  ratis.XceiverServerRatis (XceiverServerRatis.java:start(414)) - XceiverServerRatis 17e40c1e-c940-4ebb-a12b-9c31941c5380 is started using port 44489
2019-07-30 19:09:11,164 INFO  server.XceiverServerGrpc (XceiverServerGrpc.java:start(161)) - XceiverServerGrpc 17e40c1e-c940-4ebb-a12b-9c31941c5380 is started using port 41234
2019-07-30 19:09:11,550 INFO  ozoneimpl.OzoneContainer (OzoneContainer.java:start(186)) - Attempting to start container services.
2019-07-30 19:09:11,551 INFO  ozoneimpl.OzoneContainer (OzoneContainer.java:startContainerScrub(160)) - Background container scrubber has been disabled by hdds.containerscrub.enabled
2019-07-30 19:09:11,551 INFO  ratis.XceiverServerRatis (XceiverServerRatis.java:start(404)) - Starting XceiverServerRatis d02ed320-20ae-4dd8-aaaa-32c3d015d6d9 at port 0
2019-07-30 19:09:11,556 INFO  impl.RaftServerProxy (RaftServerProxy.java:lambda$start$3(299)) - d02ed320-20ae-4dd8-aaaa-32c3d015d6d9: start RPC server
2019-07-30 19:09:11,559 INFO  server.GrpcService (GrpcService.java:startImpl(149)) - d02ed320-20ae-4dd8-aaaa-32c3d015d6d9: GrpcService started, listening on 0.0.0.0/0.0.0.0:38936
2019-07-30 19:09:11,559 INFO  ratis.XceiverServerRatis (XceiverServerRatis.java:start(414)) - XceiverServerRatis d02ed320-20ae-4dd8-aaaa-32c3d015d6d9 is started using port 38936
2019-07-30 19:09:11,560 INFO  server.XceiverServerGrpc (XceiverServerGrpc.java:start(161)) - XceiverServerGrpc d02ed320-20ae-4dd8-aaaa-32c3d015d6d9 is started using port 42336
2019-07-30 19:09:11,735 INFO  ozoneimpl.OzoneContainer (OzoneContainer.java:start(186)) - Attempting to start container services.
2019-07-30 19:09:11,735 INFO  ozoneimpl.OzoneContainer (OzoneContainer.java:startContainerScrub(160)) - Background container scrubber has been disabled by hdds.containerscrub.enabled
2019-07-30 19:09:11,736 INFO  ratis.XceiverServerRatis (XceiverServerRatis.java:start(404)) - Starting XceiverServerRatis b5d25f3d-c3f0-492e-8269-30589e3acfee at port 0
2019-07-30 19:09:11,742 INFO  impl.RaftServerProxy (RaftServerProxy.java:lambda$start$3(299)) - b5d25f3d-c3f0-492e-8269-30589e3acfee: start RPC server
2019-07-30 19:09:11,745 INFO  server.GrpcService (GrpcService.java:startImpl(149)) - b5d25f3d-c3f0-492e-8269-30589e3acfee: GrpcService started, listening on 0.0.0.0/0.0.0.0:42427
2019-07-30 19:09:11,745 INFO  ratis.XceiverServerRatis (XceiverServerRatis.java:start(414)) - XceiverServerRatis b5d25f3d-c3f0-492e-8269-30589e3acfee is started using port 42427
2019-07-30 19:09:11,746 INFO  server.XceiverServerGrpc (XceiverServerGrpc.java:start(161)) - XceiverServerGrpc b5d25f3d-c3f0-492e-8269-30589e3acfee is started using port 42162
2019-07-30 19:09:11,922 INFO  ozoneimpl.OzoneContainer (OzoneContainer.java:start(186)) - Attempting to start container services.
2019-07-30 19:09:11,922 INFO  ozoneimpl.OzoneContainer (OzoneContainer.java:startContainerScrub(160)) - Background container scrubber has been disabled by hdds.containerscrub.enabled
2019-07-30 19:09:11,922 INFO  ratis.XceiverServerRatis (XceiverServerRatis.java:start(404)) - Starting XceiverServerRatis 32c46067-d1ab-4dfa-87a4-aaa4f48110f6 at port 0
2019-07-30 19:09:11,928 INFO  impl.RaftServerProxy (RaftServerProxy.java:lambda$start$3(299)) - 32c46067-d1ab-4dfa-87a4-aaa4f48110f6: start RPC server
2019-07-30 19:09:11,929 INFO  server.GrpcService (GrpcService.java:startImpl(149)) - 32c46067-d1ab-4dfa-87a4-aaa4f48110f6: GrpcService started, listening on 0.0.0.0/0.0.0.0:40176
2019-07-30 19:09:11,929 INFO  ratis.XceiverServerRatis (XceiverServerRatis.java:start(414)) - XceiverServerRatis 32c46067-d1ab-4dfa-87a4-aaa4f48110f6 is started using port 40176
2019-07-30 19:09:11,938 INFO  server.XceiverServerGrpc (XceiverServerGrpc.java:start(161)) - XceiverServerGrpc 32c46067-d1ab-4dfa-87a4-aaa4f48110f6 is started using port 39568
2019-07-30 19:09:12,096 INFO  ozone.MiniOzoneClusterImpl (MiniOzoneClusterImpl.java:lambda$waitForClusterToBeReady$0(142)) - Waiting for cluster to be ready. Got 0 of 7 DN Heartbeats.
2019-07-30 19:09:12,104 INFO  ozoneimpl.OzoneContainer (OzoneContainer.java:start(186)) - Attempting to start container services.
2019-07-30 19:09:12,104 INFO  ozoneimpl.OzoneContainer (OzoneContainer.java:startContainerScrub(160)) - Background container scrubber has been disabled by hdds.containerscrub.enabled
2019-07-30 19:09:12,104 INFO  ratis.XceiverServerRatis (XceiverServerRatis.java:start(404)) - Starting XceiverServerRatis d638511a-5e24-4087-9c21-c954537bb38f at port 0
2019-07-30 19:09:12,109 INFO  impl.RaftServerProxy (RaftServerProxy.java:lambda$start$3(299)) - d638511a-5e24-4087-9c21-c954537bb38f: start RPC server
2019-07-30 19:09:12,110 INFO  server.GrpcService (GrpcService.java:startImpl(149)) - d638511a-5e24-4087-9c21-c954537bb38f: GrpcService started, listening on 0.0.0.0/0.0.0.0:39982
2019-07-30 19:09:12,110 INFO  ratis.XceiverServerRatis (XceiverServerRatis.java:start(414)) - XceiverServerRatis d638511a-5e24-4087-9c21-c954537bb38f is started using port 39982
2019-07-30 19:09:12,111 INFO  server.XceiverServerGrpc (XceiverServerGrpc.java:start(161)) - XceiverServerGrpc d638511a-5e24-4087-9c21-c954537bb38f is started using port 38504
2019-07-30 19:09:12,806 INFO  net.NetworkTopology (NetworkTopologyImpl.java:add(110)) - Added a new node: /default-rack/8c2f1eda-c807-47b9-b017-472574b97a9c
2019-07-30 19:09:12,809 INFO  node.SCMNodeManager (SCMNodeManager.java:register(273)) - Registered Data node : 8c2f1eda-c807-47b9-b017-472574b97a9c{ip: 192.168.5.147, host: byscane-nightly-d7s94-1643579034, networkLocation: /default-rack, certSerialId: null}
2019-07-30 19:09:12,810 INFO  safemode.SCMSafeModeManager (DataNodeSafeModeRule.java:process(71)) - SCM in safe mode. 1 DataNodes registered, 1 required.
2019-07-30 19:09:12,815 INFO  safemode.SCMSafeModeManager (SCMSafeModeManager.java:validateSafeModeExitRules(177)) - ScmSafeModeManager, all rules are successfully validated
2019-07-30 19:09:12,816 INFO  safemode.SCMSafeModeManager (SCMSafeModeManager.java:exitSafeMode(193)) - SCM exiting safe mode.
2019-07-30 19:09:12,844 INFO  impl.RaftServerProxy (RaftServerProxy.java:addNew(89)) - 8c2f1eda-c807-47b9-b017-472574b97a9c: addNew group-6598C072D42B:[8c2f1eda-c807-47b9-b017-472574b97a9c:192.168.5.147:42899] returns group-6598C072D42B:java.util.concurrent.CompletableFuture@6687a30c[Not completed]
2019-07-30 19:09:12,846 INFO  impl.RaftServerImpl (RaftServerImpl.java:<init>(93)) - 8c2f1eda-c807-47b9-b017-472574b97a9c: new RaftServerImpl for group-6598C072D42B:[8c2f1eda-c807-47b9-b017-472574b97a9c:192.168.5.147:42899] with ContainerStateMachine:uninitialized
2019-07-30 19:09:12,847 INFO  server.RaftServerConfigKeys (ConfUtils.java:logGet(43)) - raft.server.rpc.timeout.min = 5s (custom)
2019-07-30 19:09:12,847 INFO  server.RaftServerConfigKeys (ConfUtils.java:logGet(43)) - raft.server.rpc.timeout.max = 5200ms (custom)
2019-07-30 19:09:12,847 INFO  server.RaftServerConfigKeys (ConfUtils.java:logGet(43)) - raft.server.rpcslowness.timeout = 120s (custom)
2019-07-30 19:09:12,847 INFO  server.RaftServerConfigKeys (ConfUtils.java:logGet(43)) - raft.server.sleep.deviation.threshold = 300 (default)
2019-07-30 19:09:12,847 INFO  server.RaftServerConfigKeys (ConfUtils.java:logGet(43)) - raft.server.log.appender.install.snapshot.enabled = false (custom)
2019-07-30 19:09:12,847 INFO  impl.RaftServerImpl (ServerState.java:<init>(105)) - 8c2f1eda-c807-47b9-b017-472574b97a9c:group-6598C072D42B ConfigurationManager, init=-1: [8c2f1eda-c807-47b9-b017-472574b97a9c:192.168.5.147:42899], old=null, confs=<EMPTY_MAP>
2019-07-30 19:09:12,848 INFO  server.RaftServerConfigKeys (ConfUtils.java:logGet(43)) - raft.server.storage.dir = [/workdir/hadoop-ozone/integration-test/target/test-dir/MiniOzoneClusterImpl-599158a6-0443-46a4-b5c4-980fc9d60a3e/datanode-0/data/ratis] (custom)
2019-07-30 19:09:12,849 INFO  storage.RaftStorageDirectory (RaftStorageDirectory.java:analyzeStorage(246)) - The storage directory /workdir/hadoop-ozone/integration-test/target/test-dir/MiniOzoneClusterImpl-599158a6-0443-46a4-b5c4-980fc9d60a3e/datanode-0/data/ratis/fb1a140c-66b4-43b9-8456-6598c072d42b does not exist. Creating ...
2019-07-30 19:09:12,854 INFO  storage.RaftStorageDirectory (RaftStorageDirectory.java:tryLock(328)) - Lock on /workdir/hadoop-ozone/integration-test/target/test-dir/MiniOzoneClusterImpl-599158a6-0443-46a4-b5c4-980fc9d60a3e/datanode-0/data/ratis/fb1a140c-66b4-43b9-8456-6598c072d42b/in_use.lock acquired by nodename 575@byscane-nightly-d7s94-1643579034
2019-07-30 19:09:12,866 INFO  storage.RaftStorage (RaftStorage.java:format(72)) - Storage directory /workdir/hadoop-ozone/integration-test/target/test-dir/MiniOzoneClusterImpl-599158a6-0443-46a4-b5c4-980fc9d60a3e/datanode-0/data/ratis/fb1a140c-66b4-43b9-8456-6598c072d42b has been successfully formatted.
2019-07-30 19:09:12,866 INFO  ratis.ContainerStateMachine (ContainerStateMachine.java:loadSnapshot(213)) - group-6598C072D42B: The snapshot info is null. Setting the last applied indexto:(t:0, i:~)
2019-07-30 19:09:12,867 INFO  server.RaftServerConfigKeys (ConfUtils.java:logGet(43)) - raft.server.leader.election.timeout = 120s (custom)
2019-07-30 19:09:12,867 INFO  server.RaftServerConfigKeys (ConfUtils.java:logGet(43)) - raft.server.log.use.memory = false (default)
2019-07-30 19:09:12,867 INFO  server.RaftServerConfigKeys (ConfUtils.java:logGet(43)) - raft.server.log.purge.gap = 1000000000 (custom)
2019-07-30 19:09:12,867 INFO  server.RaftServerConfigKeys (ConfUtils.java:logGet(43)) - raft.server.log.appender.buffer.byte-limit = 33554432 (custom)
2019-07-30 19:09:12,867 INFO  server.RaftServerConfigKeys (ConfUtils.java:logGet(43)) - raft.server.log.segment.size.max = 1048576 (custom)
2019-07-30 19:09:12,867 INFO  server.RaftServerConfigKeys (ConfUtils.java:logGet(43)) - raft.server.log.segment.cache.num.max = 2 (custom)
2019-07-30 19:09:12,868 INFO  segmented.SegmentedRaftLogWorker (SegmentedRaftLogWorker.java:<init>(172)) - new 8c2f1eda-c807-47b9-b017-472574b97a9c-SegmentedRaftLogWorker:Storage Directory /workdir/hadoop-ozone/integration-test/target/test-dir/MiniOzoneClusterImpl-599158a6-0443-46a4-b5c4-980fc9d60a3e/datanode-0/data/ratis/fb1a140c-66b4-43b9-8456-6598c072d42b for RaftStorage:Storage Directory /workdir/hadoop-ozone/integration-test/target/test-dir/MiniOzoneClusterImpl-599158a6-0443-46a4-b5c4-980fc9d60a3e/datanode-0/data/ratis/fb1a140c-66b4-43b9-8456-6598c072d42b
2019-07-30 19:09:12,868 INFO  server.RaftServerConfigKeys (ConfUtils.java:logGet(43)) - raft.server.log.queue.byte-limit = 2147483647 (custom)
2019-07-30 19:09:12,868 INFO  server.RaftServerConfigKeys (ConfUtils.java:logGet(43)) - raft.server.log.queue.element-limit = 1024 (custom)
2019-07-30 19:09:12,869 INFO  server.RaftServerConfigKeys (ConfUtils.java:logGet(43)) - raft.server.log.segment.size.max = 1048576 (custom)
2019-07-30 19:09:12,869 INFO  server.RaftServerConfigKeys (ConfUtils.java:logGet(43)) - raft.server.log.preallocated.size = 16384 (custom)
2019-07-30 19:09:12,869 INFO  server.RaftServerConfigKeys (ConfUtils.java:logGet(43)) - raft.server.log.write.buffer.size = 33554432 (custom)
2019-07-30 19:09:12,869 INFO  server.RaftServerConfigKeys (ConfUtils.java:logGet(43)) - raft.server.log.force.sync.num = 128 (default)
2019-07-30 19:09:12,869 INFO  server.RaftServerConfigKeys (ConfUtils.java:logGet(43)) - raft.server.log.statemachine.data.sync = true (default)
2019-07-30 19:09:12,869 INFO  server.RaftServerConfigKeys (ConfUtils.java:logGet(43)) - raft.server.log.statemachine.data.sync.timeout = 10s (default)
2019-07-30 19:09:12,869 INFO  server.RaftServerConfigKeys (ConfUtils.java:logGet(43)) - raft.server.log.statemachine.data.sync.timeout.retry = -1 (default)
2019-07-30 19:09:12,870 INFO  server.RaftServerConfigKeys (ConfUtils.java:logGet(43)) - raft.server.log.statemachine.data.caching.enabled = true (custom)
2019-07-30 19:09:12,870 INFO  segmented.SegmentedRaftLogWorker (SegmentedRaftLogWorker.java:lambda$new$0(132)) - 8c2f1eda-c807-47b9-b017-472574b97a9c-SegmentedRaftLogWorker:Storage Directory /workdir/hadoop-ozone/integration-test/target/test-dir/MiniOzoneClusterImpl-599158a6-0443-46a4-b5c4-980fc9d60a3e/datanode-0/data/ratis/fb1a140c-66b4-43b9-8456-6598c072d42b: flushIndex: setUnconditionally 0 -> -1
2019-07-30 19:09:12,871 INFO  server.RaftServerConfigKeys (ConfUtils.java:logGet(43)) - raft.server.snapshot.auto.trigger.enabled = true (custom)
2019-07-30 19:09:12,871 INFO  server.RaftServerConfigKeys (ConfUtils.java:logGet(43)) - raft.server.snapshot.auto.trigger.threshold = 10000 (custom)
2019-07-30 19:09:12,871 INFO  server.RaftServerConfigKeys (ConfUtils.java:logGet(43)) - raft.server.retrycache.expirytime = 600000ms (custom)
2019-07-30 19:09:12,871 INFO  impl.RaftServerImpl (RaftServerImpl.java:start(180)) - 8c2f1eda-c807-47b9-b017-472574b97a9c: start group-6598C072D42B
2019-07-30 19:09:12,872 INFO  impl.RaftServerImpl (RaftServerImpl.java:setRole(171)) - 8c2f1eda-c807-47b9-b017-472574b97a9c:group-6598C072D42B changes role from null to FOLLOWER at term 0 for startAsFollower
2019-07-30 19:09:12,872 INFO  impl.RoleInfo (RoleInfo.java:updateAndGet(143)) - 8c2f1eda-c807-47b9-b017-472574b97a9c: start FollowerState
2019-07-30 19:09:12,885 INFO  util.JmxRegister (JmxRegister.java:tryRegister(44)) - Successfully registered JMX Bean with object name Ratis:service=RaftServer,group=group-6598C072D42B,id=8c2f1eda-c807-47b9-b017-472574b97a9c
2019-07-30 19:09:12,896 INFO  pipeline.PipelineStateManager (PipelineStateManager.java:addPipeline(56)) - Created pipeline Pipeline[ Id: fb1a140c-66b4-43b9-8456-6598c072d42b, Nodes: 8c2f1eda-c807-47b9-b017-472574b97a9c{ip: 192.168.5.147, host: byscane-nightly-d7s94-1643579034, networkLocation: /default-rack, certSerialId: null}, Type:RATIS, Factor:ONE, State:OPEN]
2019-07-30 19:09:12,979 INFO  net.NetworkTopology (NetworkTopologyImpl.java:add(110)) - Added a new node: /default-rack/d4a1584e-cb70-4ee5-af95-55a8048f0ebc
2019-07-30 19:09:12,979 INFO  node.SCMNodeManager (SCMNodeManager.java:register(273)) - Registered Data node : d4a1584e-cb70-4ee5-af95-55a8048f0ebc{ip: 192.168.5.147, host: byscane-nightly-d7s94-1643579034, networkLocation: /default-rack, certSerialId: null}
2019-07-30 19:09:12,988 INFO  impl.RaftServerProxy (RaftServerProxy.java:addNew(89)) - d4a1584e-cb70-4ee5-af95-55a8048f0ebc: addNew group-DFB00C36D98F:[d4a1584e-cb70-4ee5-af95-55a8048f0ebc:192.168.5.147:42231] returns group-DFB00C36D98F:java.util.concurrent.CompletableFuture@5ce4cb9c[Not completed]
2019-07-30 19:09:12,989 INFO  impl.RaftServerImpl (RaftServerImpl.java:<init>(93)) - d4a1584e-cb70-4ee5-af95-55a8048f0ebc: new RaftServerImpl for group-DFB00C36D98F:[d4a1584e-cb70-4ee5-af95-55a8048f0ebc:192.168.5.147:42231] with ContainerStateMachine:uninitialized
2019-07-30 19:09:12,989 INFO  server.RaftServerConfigKeys (ConfUtils.java:logGet(43)) - raft.server.rpc.timeout.min = 5s (custom)
2019-07-30 19:09:12,989 INFO  server.RaftServerConfigKeys (ConfUtils.java:logGet(43)) - raft.server.rpc.timeout.max = 5200ms (custom)
2019-07-30 19:09:12,989 INFO  server.RaftServerConfigKeys (ConfUtils.java:logGet(43)) - raft.server.rpcslowness.timeout = 120s (custom)
2019-07-30 19:09:12,989 INFO  server.RaftServerConfigKeys (ConfUtils.java:logGet(43)) - raft.server.sleep.deviation.threshold = 300 (default)
2019-07-30 19:09:12,989 INFO  server.RaftServerConfigKeys (ConfUtils.java:logGet(43)) - raft.server.log.appender.install.snapshot.enabled = false (custom)
2019-07-30 19:09:12,990 INFO  impl.RaftServerImpl (ServerState.java:<init>(105)) - d4a1584e-cb70-4ee5-af95-55a8048f0ebc:group-DFB00C36D98F ConfigurationManager, init=-1: [d4a1584e-cb70-4ee5-af95-55a8048f0ebc:192.168.5.147:42231], old=null, confs=<EMPTY_MAP>
2019-07-30 19:09:12,990 INFO  server.RaftServerConfigKeys (ConfUtils.java:logGet(43)) - raft.server.storage.dir = [/workdir/hadoop-ozone/integration-test/target/test-dir/MiniOzoneClusterImpl-599158a6-0443-46a4-b5c4-980fc9d60a3e/datanode-1/data/ratis] (custom)
2019-07-30 19:09:12,990 INFO  storage.RaftStorageDirectory (RaftStorageDirectory.java:analyzeStorage(246)) - The storage directory /workdir/hadoop-ozone/integration-test/target/test-dir/MiniOzoneClusterImpl-599158a6-0443-46a4-b5c4-980fc9d60a3e/datanode-1/data/ratis/bc22d391-f464-4c4d-aebc-dfb00c36d98f does not exist. Creating ...
2019-07-30 19:09:13,002 INFO  storage.RaftStorageDirectory (RaftStorageDirectory.java:tryLock(328)) - Lock on /workdir/hadoop-ozone/integration-test/target/test-dir/MiniOzoneClusterImpl-599158a6-0443-46a4-b5c4-980fc9d60a3e/datanode-1/data/ratis/bc22d391-f464-4c4d-aebc-dfb00c36d98f/in_use.lock acquired by nodename 575@byscane-nightly-d7s94-1643579034
2019-07-30 19:09:13,005 INFO  storage.RaftStorage (RaftStorage.java:format(72)) - Storage directory /workdir/hadoop-ozone/integration-test/target/test-dir/MiniOzoneClusterImpl-599158a6-0443-46a4-b5c4-980fc9d60a3e/datanode-1/data/ratis/bc22d391-f464-4c4d-aebc-dfb00c36d98f has been successfully formatted.
2019-07-30 19:09:13,006 INFO  ratis.ContainerStateMachine (ContainerStateMachine.java:loadSnapshot(213)) - group-DFB00C36D98F: The snapshot info is null. Setting the last applied indexto:(t:0, i:~)
2019-07-30 19:09:13,006 INFO  server.RaftServerConfigKeys (ConfUtils.java:logGet(43)) - raft.server.leader.election.timeout = 120s (custom)
2019-07-30 19:09:13,006 INFO  server.RaftServerConfigKeys (ConfUtils.java:logGet(43)) - raft.server.log.use.memory = false (default)
2019-07-30 19:09:13,006 INFO  server.RaftServerConfigKeys (ConfUtils.java:logGet(43)) - raft.server.log.purge.gap = 1000000000 (custom)
2019-07-30 19:09:13,006 INFO  server.RaftServerConfigKeys (ConfUtils.java:logGet(43)) - raft.server.log.appender.buffer.byte-limit = 33554432 (custom)
2019-07-30 19:09:13,006 INFO  server.RaftServerConfigKeys (ConfUtils.java:logGet(43)) - raft.server.log.segment.size.max = 1048576 (custom)
2019-07-30 19:09:13,006 INFO  server.RaftServerConfigKeys (ConfUtils.java:logGet(43)) - raft.server.log.segment.cache.num.max = 2 (custom)
2019-07-30 19:09:13,007 INFO  segmented.SegmentedRaftLogWorker (SegmentedRaftLogWorker.java:<init>(172)) - new d4a1584e-cb70-4ee5-af95-55a8048f0ebc-SegmentedRaftLogWorker:Storage Directory /workdir/hadoop-ozone/integration-test/target/test-dir/MiniOzoneClusterImpl-599158a6-0443-46a4-b5c4-980fc9d60a3e/datanode-1/data/ratis/bc22d391-f464-4c4d-aebc-dfb00c36d98f for RaftStorage:Storage Directory /workdir/hadoop-ozone/integration-test/target/test-dir/MiniOzoneClusterImpl-599158a6-0443-46a4-b5c4-980fc9d60a3e/datanode-1/data/ratis/bc22d391-f464-4c4d-aebc-dfb00c36d98f
2019-07-30 19:09:13,007 INFO  server.RaftServerConfigKeys (ConfUtils.java:logGet(43)) - raft.server.log.queue.byte-limit = 2147483647 (custom)
2019-07-30 19:09:13,007 INFO  server.RaftServerConfigKeys (ConfUtils.java:logGet(43)) - raft.server.log.queue.element-limit = 1024 (custom)
2019-07-30 19:09:13,007 INFO  server.RaftServerConfigKeys (ConfUtils.java:logGet(43)) - raft.server.log.segment.size.max = 1048576 (custom)
2019-07-30 19:09:13,007 INFO  server.RaftServerConfigKeys (ConfUtils.java:logGet(43)) - raft.server.log.preallocated.size = 16384 (custom)
2019-07-30 19:09:13,007 INFO  server.RaftServerConfigKeys (ConfUtils.java:logGet(43)) - raft.server.log.write.buffer.size = 33554432 (custom)
2019-07-30 19:09:13,007 INFO  server.RaftServerConfigKeys (ConfUtils.java:logGet(43)) - raft.server.log.force.sync.num = 128 (default)
2019-07-30 19:09:13,007 INFO  server.RaftServerConfigKeys (ConfUtils.java:logGet(43)) - raft.server.log.statemachine.data.sync = true (default)
2019-07-30 19:09:13,008 INFO  server.RaftServerConfigKeys (ConfUtils.java:logGet(43)) - raft.server.log.statemachine.data.sync.timeout = 10s (default)
2019-07-30 19:09:13,008 INFO  server.RaftServerConfigKeys (ConfUtils.java:logGet(43)) - raft.server.log.statemachine.data.sync.timeout.retry = -1 (default)
2019-07-30 19:09:13,008 INFO  server.RaftServerConfigKeys (ConfUtils.java:logGet(43)) - raft.server.log.statemachine.data.caching.enabled = true (custom)
2019-07-30 19:09:13,008 INFO  segmented.SegmentedRaftLogWorker (SegmentedRaftLogWorker.java:lambda$new$0(132)) - d4a1584e-cb70-4ee5-af95-55a8048f0ebc-SegmentedRaftLogWorker:Storage Directory /workdir/hadoop-ozone/integration-test/target/test-dir/MiniOzoneClusterImpl-599158a6-0443-46a4-b5c4-980fc9d60a3e/datanode-1/data/ratis/bc22d391-f464-4c4d-aebc-dfb00c36d98f: flushIndex: setUnconditionally 0 -> -1
2019-07-30 19:09:13,008 INFO  server.RaftServerConfigKeys (ConfUtils.java:logGet(43)) - raft.server.snapshot.auto.trigger.enabled = true (custom)
2019-07-30 19:09:13,009 INFO  server.RaftServerConfigKeys (ConfUtils.java:logGet(43)) - raft.server.snapshot.auto.trigger.threshold = 10000 (custom)
2019-07-30 19:09:13,009 INFO  server.RaftServerConfigKeys (ConfUtils.java:logGet(43)) - raft.server.retrycache.expirytime = 600000ms (custom)
2019-07-30 19:09:13,009 INFO  impl.RaftServerImpl (RaftServerImpl.java:start(180)) - d4a1584e-cb70-4ee5-af95-55a8048f0ebc: start group-DFB00C36D98F
2019-07-30 19:09:13,009 INFO  impl.RaftServerImpl (RaftServerImpl.java:setRole(171)) - d4a1584e-cb70-4ee5-af95-55a8048f0ebc:group-DFB00C36D98F changes role from null to FOLLOWER at term 0 for startAsFollower
2019-07-30 19:09:13,009 INFO  impl.RoleInfo (RoleInfo.java:updateAndGet(143)) - d4a1584e-cb70-4ee5-af95-55a8048f0ebc: start FollowerState
2019-07-30 19:09:13,009 INFO  util.JmxRegister (JmxRegister.java:tryRegister(44)) - Successfully registered JMX Bean with object name Ratis:service=RaftServer,group=group-DFB00C36D98F,id=d4a1584e-cb70-4ee5-af95-55a8048f0ebc
2019-07-30 19:09:13,012 INFO  pipeline.PipelineStateManager (PipelineStateManager.java:addPipeline(56)) - Created pipeline Pipeline[ Id: bc22d391-f464-4c4d-aebc-dfb00c36d98f, Nodes: d4a1584e-cb70-4ee5-af95-55a8048f0ebc{ip: 192.168.5.147, host: byscane-nightly-d7s94-1643579034, networkLocation: /default-rack, certSerialId: null}, Type:RATIS, Factor:ONE, State:OPEN]
2019-07-30 19:09:13,097 INFO  ozone.MiniOzoneClusterImpl (MiniOzoneClusterImpl.java:lambda$waitForClusterToBeReady$0(142)) - Waiting for cluster to be ready. Got 2 of 7 DN Heartbeats.
2019-07-30 19:09:13,150 INFO  net.NetworkTopology (NetworkTopologyImpl.java:add(110)) - Added a new node: /default-rack/17e40c1e-c940-4ebb-a12b-9c31941c5380
2019-07-30 19:09:13,150 INFO  node.SCMNodeManager (SCMNodeManager.java:register(273)) - Registered Data node : 17e40c1e-c940-4ebb-a12b-9c31941c5380{ip: 192.168.5.147, host: byscane-nightly-d7s94-1643579034, networkLocation: /default-rack, certSerialId: null}
2019-07-30 19:09:13,161 INFO  impl.RaftServerProxy (RaftServerProxy.java:addNew(89)) - 17e40c1e-c940-4ebb-a12b-9c31941c5380: addNew group-7459B1BC3961:[17e40c1e-c940-4ebb-a12b-9c31941c5380:192.168.5.147:44489] returns group-7459B1BC3961:java.util.concurrent.CompletableFuture@75caec37[Not completed]
2019-07-30 19:09:13,162 INFO  impl.RaftServerImpl (RaftServerImpl.java:<init>(93)) - 17e40c1e-c940-4ebb-a12b-9c31941c5380: new RaftServerImpl for group-7459B1BC3961:[17e40c1e-c940-4ebb-a12b-9c31941c5380:192.168.5.147:44489] with ContainerStateMachine:uninitialized
2019-07-30 19:09:13,162 INFO  server.RaftServerConfigKeys (ConfUtils.java:logGet(43)) - raft.server.rpc.timeout.min = 5s (custom)
2019-07-30 19:09:13,163 INFO  server.RaftServerConfigKeys (ConfUtils.java:logGet(43)) - raft.server.rpc.timeout.max = 5200ms (custom)
2019-07-30 19:09:13,163 INFO  server.RaftServerConfigKeys (ConfUtils.java:logGet(43)) - raft.server.rpcslowness.timeout = 120s (custom)
2019-07-30 19:09:13,163 INFO  server.RaftServerConfigKeys (ConfUtils.java:logGet(43)) - raft.server.sleep.deviation.threshold = 300 (default)
2019-07-30 19:09:13,163 INFO  server.RaftServerConfigKeys (ConfUtils.java:logGet(43)) - raft.server.log.appender.install.snapshot.enabled = false (custom)
2019-07-30 19:09:13,163 INFO  impl.RaftServerImpl (ServerState.java:<init>(105)) - 17e40c1e-c940-4ebb-a12b-9c31941c5380:group-7459B1BC3961 ConfigurationManager, init=-1: [17e40c1e-c940-4ebb-a12b-9c31941c5380:192.168.5.147:44489], old=null, confs=<EMPTY_MAP>
2019-07-30 19:09:13,163 INFO  server.RaftServerConfigKeys (ConfUtils.java:logGet(43)) - raft.server.storage.dir = [/workdir/hadoop-ozone/integration-test/target/test-dir/MiniOzoneClusterImpl-599158a6-0443-46a4-b5c4-980fc9d60a3e/datanode-2/data/ratis] (custom)
2019-07-30 19:09:13,164 INFO  storage.RaftStorageDirectory (RaftStorageDirectory.java:analyzeStorage(246)) - The storage directory /workdir/hadoop-ozone/integration-test/target/test-dir/MiniOzoneClusterImpl-599158a6-0443-46a4-b5c4-980fc9d60a3e/datanode-2/data/ratis/bb304cb6-4066-4875-b6f9-7459b1bc3961 does not exist. Creating ...
2019-07-30 19:09:13,169 INFO  storage.RaftStorageDirectory (RaftStorageDirectory.java:tryLock(328)) - Lock on /workdir/hadoop-ozone/integration-test/target/test-dir/MiniOzoneClusterImpl-599158a6-0443-46a4-b5c4-980fc9d60a3e/datanode-2/data/ratis/bb304cb6-4066-4875-b6f9-7459b1bc3961/in_use.lock acquired by nodename 575@byscane-nightly-d7s94-1643579034
2019-07-30 19:09:13,181 INFO  storage.RaftStorage (RaftStorage.java:format(72)) - Storage directory /workdir/hadoop-ozone/integration-test/target/test-dir/MiniOzoneClusterImpl-599158a6-0443-46a4-b5c4-980fc9d60a3e/datanode-2/data/ratis/bb304cb6-4066-4875-b6f9-7459b1bc3961 has been successfully formatted.
2019-07-30 19:09:13,181 INFO  ratis.ContainerStateMachine (ContainerStateMachine.java:loadSnapshot(213)) - group-7459B1BC3961: The snapshot info is null. Setting the last applied indexto:(t:0, i:~)
2019-07-30 19:09:13,181 INFO  server.RaftServerConfigKeys (ConfUtils.java:logGet(43)) - raft.server.leader.election.timeout = 120s (custom)
2019-07-30 19:09:13,181 INFO  server.RaftServerConfigKeys (ConfUtils.java:logGet(43)) - raft.server.log.use.memory = false (default)
2019-07-30 19:09:13,181 INFO  server.RaftServerConfigKeys (ConfUtils.java:logGet(43)) - raft.server.log.purge.gap = 1000000000 (custom)
2019-07-30 19:09:13,181 INFO  server.RaftServerConfigKeys (ConfUtils.java:logGet(43)) - raft.server.log.appender.buffer.byte-limit = 33554432 (custom)
2019-07-30 19:09:13,182 INFO  server.RaftServerConfigKeys (ConfUtils.java:logGet(43)) - raft.server.log.segment.size.max = 1048576 (custom)
2019-07-30 19:09:13,182 INFO  server.RaftServerConfigKeys (ConfUtils.java:logGet(43)) - raft.server.log.segment.cache.num.max = 2 (custom)
2019-07-30 19:09:13,182 INFO  segmented.SegmentedRaftLogWorker (SegmentedRaftLogWorker.java:<init>(172)) - new 17e40c1e-c940-4ebb-a12b-9c31941c5380-SegmentedRaftLogWorker:Storage Directory /workdir/hadoop-ozone/integration-test/target/test-dir/MiniOzoneClusterImpl-599158a6-0443-46a4-b5c4-980fc9d60a3e/datanode-2/data/ratis/bb304cb6-4066-4875-b6f9-7459b1bc3961 for RaftStorage:Storage Directory /workdir/hadoop-ozone/integration-test/target/test-dir/MiniOzoneClusterImpl-599158a6-0443-46a4-b5c4-980fc9d60a3e/datanode-2/data/ratis/bb304cb6-4066-4875-b6f9-7459b1bc3961
2019-07-30 19:09:13,182 INFO  server.RaftServerConfigKeys (ConfUtils.java:logGet(43)) - raft.server.log.queue.byte-limit = 2147483647 (custom)
2019-07-30 19:09:13,182 INFO  server.RaftServerConfigKeys (ConfUtils.java:logGet(43)) - raft.server.log.queue.element-limit = 1024 (custom)
2019-07-30 19:09:13,182 INFO  server.RaftServerConfigKeys (ConfUtils.java:logGet(43)) - raft.server.log.segment.size.max = 1048576 (custom)
2019-07-30 19:09:13,182 INFO  server.RaftServerConfigKeys (ConfUtils.java:logGet(43)) - raft.server.log.preallocated.size = 16384 (custom)
2019-07-30 19:09:13,183 INFO  server.RaftServerConfigKeys (ConfUtils.java:logGet(43)) - raft.server.log.write.buffer.size = 33554432 (custom)
2019-07-30 19:09:13,183 INFO  server.RaftServerConfigKeys (ConfUtils.java:logGet(43)) - raft.server.log.force.sync.num = 128 (default)
2019-07-30 19:09:13,183 INFO  server.RaftServerConfigKeys (ConfUtils.java:logGet(43)) - raft.server.log.statemachine.data.sync = true (default)
2019-07-30 19:09:13,183 INFO  server.RaftServerConfigKeys (ConfUtils.java:logGet(43)) - raft.server.log.statemachine.data.sync.timeout = 10s (default)
2019-07-30 19:09:13,183 INFO  server.RaftServerConfigKeys (ConfUtils.java:logGet(43)) - raft.server.log.statemachine.data.sync.timeout.retry = -1 (default)
2019-07-30 19:09:13,183 INFO  server.RaftServerConfigKeys (ConfUtils.java:logGet(43)) - raft.server.log.statemachine.data.caching.enabled = true (custom)
2019-07-30 19:09:13,184 INFO  segmented.SegmentedRaftLogWorker (SegmentedRaftLogWorker.java:lambda$new$0(132)) - 17e40c1e-c940-4ebb-a12b-9c31941c5380-SegmentedRaftLogWorker:Storage Directory /workdir/hadoop-ozone/integration-test/target/test-dir/MiniOzoneClusterImpl-599158a6-0443-46a4-b5c4-980fc9d60a3e/datanode-2/data/ratis/bb304cb6-4066-4875-b6f9-7459b1bc3961: flushIndex: setUnconditionally 0 -> -1
2019-07-30 19:09:13,184 INFO  server.RaftServerConfigKeys (ConfUtils.java:logGet(43)) - raft.server.snapshot.auto.trigger.enabled = true (custom)
2019-07-30 19:09:13,184 INFO  server.RaftServerConfigKeys (ConfUtils.java:logGet(43)) - raft.server.snapshot.auto.trigger.threshold = 10000 (custom)
2019-07-30 19:09:13,184 INFO  server.RaftServerConfigKeys (ConfUtils.java:logGet(43)) - raft.server.retrycache.expirytime = 600000ms (custom)
2019-07-30 19:09:13,184 INFO  impl.RaftServerImpl (RaftServerImpl.java:start(180)) - 17e40c1e-c940-4ebb-a12b-9c31941c5380: start group-7459B1BC3961
2019-07-30 19:09:13,185 INFO  impl.RaftServerImpl (RaftServerImpl.java:setRole(171)) - 17e40c1e-c940-4ebb-a12b-9c31941c5380:group-7459B1BC3961 changes role from null to FOLLOWER at term 0 for startAsFollower
2019-07-30 19:09:13,185 INFO  impl.RoleInfo (RoleInfo.java:updateAndGet(143)) - 17e40c1e-c940-4ebb-a12b-9c31941c5380: start FollowerState
2019-07-30 19:09:13,185 INFO  util.JmxRegister (JmxRegister.java:tryRegister(44)) - Successfully registered JMX Bean with object name Ratis:service=RaftServer,group=group-7459B1BC3961,id=17e40c1e-c940-4ebb-a12b-9c31941c5380
2019-07-30 19:09:13,187 INFO  pipeline.PipelineStateManager (PipelineStateManager.java:addPipeline(56)) - Created pipeline Pipeline[ Id: bb304cb6-4066-4875-b6f9-7459b1bc3961, Nodes: 17e40c1e-c940-4ebb-a12b-9c31941c5380{ip: 192.168.5.147, host: byscane-nightly-d7s94-1643579034, networkLocation: /default-rack, certSerialId: null}, Type:RATIS, Factor:ONE, State:OPEN]
2019-07-30 19:09:13,198 INFO  impl.RaftServerProxy (RaftServerProxy.java:addNew(89)) - 17e40c1e-c940-4ebb-a12b-9c31941c5380: addNew group-718A249F18BF:[d4a1584e-cb70-4ee5-af95-55a8048f0ebc:192.168.5.147:42231, 8c2f1eda-c807-47b9-b017-472574b97a9c:192.168.5.147:42899, 17e40c1e-c940-4ebb-a12b-9c31941c5380:192.168.5.147:44489] returns group-718A249F18BF:java.util.concurrent.CompletableFuture@ccd52f3[Not completed]
2019-07-30 19:09:13,198 INFO  impl.RaftServerProxy (RaftServerProxy.java:addNew(89)) - 8c2f1eda-c807-47b9-b017-472574b97a9c: addNew group-718A249F18BF:[d4a1584e-cb70-4ee5-af95-55a8048f0ebc:192.168.5.147:42231, 8c2f1eda-c807-47b9-b017-472574b97a9c:192.168.5.147:42899, 17e40c1e-c940-4ebb-a12b-9c31941c5380:192.168.5.147:44489] returns group-718A249F18BF:java.util.concurrent.CompletableFuture@4f406518[Not completed]
2019-07-30 19:09:13,198 INFO  impl.RaftServerProxy (RaftServerProxy.java:addNew(89)) - d4a1584e-cb70-4ee5-af95-55a8048f0ebc: addNew group-718A249F18BF:[d4a1584e-cb70-4ee5-af95-55a8048f0ebc:192.168.5.147:42231, 8c2f1eda-c807-47b9-b017-472574b97a9c:192.168.5.147:42899, 17e40c1e-c940-4ebb-a12b-9c31941c5380:192.168.5.147:44489] returns group-718A249F18BF:java.util.concurrent.CompletableFuture@468dc0f[Not completed]
2019-07-30 19:09:13,199 INFO  impl.RaftServerImpl (RaftServerImpl.java:<init>(93)) - 8c2f1eda-c807-47b9-b017-472574b97a9c: new RaftServerImpl for group-718A249F18BF:[d4a1584e-cb70-4ee5-af95-55a8048f0ebc:192.168.5.147:42231, 8c2f1eda-c807-47b9-b017-472574b97a9c:192.168.5.147:42899, 17e40c1e-c940-4ebb-a12b-9c31941c5380:192.168.5.147:44489] with ContainerStateMachine:uninitialized
2019-07-30 19:09:13,199 INFO  server.RaftServerConfigKeys (ConfUtils.java:logGet(43)) - raft.server.rpc.timeout.min = 5s (custom)
2019-07-30 19:09:13,199 INFO  server.RaftServerConfigKeys (ConfUtils.java:logGet(43)) - raft.server.rpc.timeout.max = 5200ms (custom)
2019-07-30 19:09:13,199 INFO  server.RaftServerConfigKeys (ConfUtils.java:logGet(43)) - raft.server.rpcslowness.timeout = 120s (custom)
2019-07-30 19:09:13,199 INFO  server.RaftServerConfigKeys (ConfUtils.java:logGet(43)) - raft.server.sleep.deviation.threshold = 300 (default)
2019-07-30 19:09:13,199 INFO  server.RaftServerConfigKeys (ConfUtils.java:logGet(43)) - raft.server.log.appender.install.snapshot.enabled = false (custom)
2019-07-30 19:09:13,200 INFO  impl.RaftServerImpl (ServerState.java:<init>(105)) - 8c2f1eda-c807-47b9-b017-472574b97a9c:group-718A249F18BF ConfigurationManager, init=-1: [d4a1584e-cb70-4ee5-af95-55a8048f0ebc:192.168.5.147:42231, 8c2f1eda-c807-47b9-b017-472574b97a9c:192.168.5.147:42899, 17e40c1e-c940-4ebb-a12b-9c31941c5380:192.168.5.147:44489], old=null, confs=<EMPTY_MAP>
2019-07-30 19:09:13,200 INFO  impl.RaftServerImpl (RaftServerImpl.java:<init>(93)) - d4a1584e-cb70-4ee5-af95-55a8048f0ebc: new RaftServerImpl for group-718A249F18BF:[d4a1584e-cb70-4ee5-af95-55a8048f0ebc:192.168.5.147:42231, 8c2f1eda-c807-47b9-b017-472574b97a9c:192.168.5.147:42899, 17e40c1e-c940-4ebb-a12b-9c31941c5380:192.168.5.147:44489] with ContainerStateMachine:uninitialized
2019-07-30 19:09:13,200 INFO  server.RaftServerConfigKeys (ConfUtils.java:logGet(43)) - raft.server.storage.dir = [/workdir/hadoop-ozone/integration-test/target/test-dir/MiniOzoneClusterImpl-599158a6-0443-46a4-b5c4-980fc9d60a3e/datanode-0/data/ratis] (custom)
2019-07-30 19:09:13,200 INFO  impl.RaftServerImpl (RaftServerImpl.java:<init>(93)) - 17e40c1e-c940-4ebb-a12b-9c31941c5380: new RaftServerImpl for group-718A249F18BF:[d4a1584e-cb70-4ee5-af95-55a8048f0ebc:192.168.5.147:42231, 8c2f1eda-c807-47b9-b017-472574b97a9c:192.168.5.147:42899, 17e40c1e-c940-4ebb-a12b-9c31941c5380:192.168.5.147:44489] with ContainerStateMachine:uninitialized
2019-07-30 19:09:13,200 INFO  server.RaftServerConfigKeys (ConfUtils.java:logGet(43)) - raft.server.rpc.timeout.min = 5s (custom)
2019-07-30 19:09:13,200 INFO  storage.RaftStorageDirectory (RaftStorageDirectory.java:analyzeStorage(246)) - The storage directory /workdir/hadoop-ozone/integration-test/target/test-dir/MiniOzoneClusterImpl-599158a6-0443-46a4-b5c4-980fc9d60a3e/datanode-0/data/ratis/c3c9a71f-b313-4d7c-917d-718a249f18bf does not exist. Creating ...
2019-07-30 19:09:13,200 INFO  server.RaftServerConfigKeys (ConfUtils.java:logGet(43)) - raft.server.rpc.timeout.min = 5s (custom)
2019-07-30 19:09:13,200 INFO  server.RaftServerConfigKeys (ConfUtils.java:logGet(43)) - raft.server.rpc.timeout.max = 5200ms (custom)
2019-07-30 19:09:13,200 INFO  server.RaftServerConfigKeys (ConfUtils.java:logGet(43)) - raft.server.rpc.timeout.max = 5200ms (custom)
2019-07-30 19:09:13,201 INFO  server.RaftServerConfigKeys (ConfUtils.java:logGet(43)) - raft.server.rpcslowness.timeout = 120s (custom)
2019-07-30 19:09:13,201 INFO  server.RaftServerConfigKeys (ConfUtils.java:logGet(43)) - raft.server.rpcslowness.timeout = 120s (custom)
2019-07-30 19:09:13,201 INFO  server.RaftServerConfigKeys (ConfUtils.java:logGet(43)) - raft.server.sleep.deviation.threshold = 300 (default)
2019-07-30 19:09:13,201 INFO  server.RaftServerConfigKeys (ConfUtils.java:logGet(43)) - raft.server.sleep.deviation.threshold = 300 (default)
2019-07-30 19:09:13,201 INFO  server.RaftServerConfigKeys (ConfUtils.java:logGet(43)) - raft.server.log.appender.install.snapshot.enabled = false (custom)
2019-07-30 19:09:13,201 INFO  server.RaftServerConfigKeys (ConfUtils.java:logGet(43)) - raft.server.log.appender.install.snapshot.enabled = false (custom)
2019-07-30 19:09:13,201 INFO  impl.RaftServerImpl (ServerState.java:<init>(105)) - d4a1584e-cb70-4ee5-af95-55a8048f0ebc:group-718A249F18BF ConfigurationManager, init=-1: [d4a1584e-cb70-4ee5-af95-55a8048f0ebc:192.168.5.147:42231, 8c2f1eda-c807-47b9-b017-472574b97a9c:192.168.5.147:42899, 17e40c1e-c940-4ebb-a12b-9c31941c5380:192.168.5.147:44489], old=null, confs=<EMPTY_MAP>
2019-07-30 19:09:13,201 INFO  impl.RaftServerImpl (ServerState.java:<init>(105)) - 17e40c1e-c940-4ebb-a12b-9c31941c5380:group-718A249F18BF ConfigurationManager, init=-1: [d4a1584e-cb70-4ee5-af95-55a8048f0ebc:192.168.5.147:42231, 8c2f1eda-c807-47b9-b017-472574b97a9c:192.168.5.147:42899, 17e40c1e-c940-4ebb-a12b-9c31941c5380:192.168.5.147:44489], old=null, confs=<EMPTY_MAP>
2019-07-30 19:09:13,202 INFO  server.RaftServerConfigKeys (ConfUtils.java:logGet(43)) - raft.server.storage.dir = [/workdir/hadoop-ozone/integration-test/target/test-dir/MiniOzoneClusterImpl-599158a6-0443-46a4-b5c4-980fc9d60a3e/datanode-1/data/ratis] (custom)
2019-07-30 19:09:13,202 INFO  server.RaftServerConfigKeys (ConfUtils.java:logGet(43)) - raft.server.storage.dir = [/workdir/hadoop-ozone/integration-test/target/test-dir/MiniOzoneClusterImpl-599158a6-0443-46a4-b5c4-980fc9d60a3e/datanode-2/data/ratis] (custom)
2019-07-30 19:09:13,202 INFO  storage.RaftStorageDirectory (RaftStorageDirectory.java:analyzeStorage(246)) - The storage directory /workdir/hadoop-ozone/integration-test/target/test-dir/MiniOzoneClusterImpl-599158a6-0443-46a4-b5c4-980fc9d60a3e/datanode-1/data/ratis/c3c9a71f-b313-4d7c-917d-718a249f18bf does not exist. Creating ...
2019-07-30 19:09:13,202 INFO  storage.RaftStorageDirectory (RaftStorageDirectory.java:analyzeStorage(246)) - The storage directory /workdir/hadoop-ozone/integration-test/target/test-dir/MiniOzoneClusterImpl-599158a6-0443-46a4-b5c4-980fc9d60a3e/datanode-2/data/ratis/c3c9a71f-b313-4d7c-917d-718a249f18bf does not exist. Creating ...
2019-07-30 19:09:13,204 INFO  storage.RaftStorageDirectory (RaftStorageDirectory.java:tryLock(328)) - Lock on /workdir/hadoop-ozone/integration-test/target/test-dir/MiniOzoneClusterImpl-599158a6-0443-46a4-b5c4-980fc9d60a3e/datanode-0/data/ratis/c3c9a71f-b313-4d7c-917d-718a249f18bf/in_use.lock acquired by nodename 575@byscane-nightly-d7s94-1643579034
2019-07-30 19:09:13,205 INFO  storage.RaftStorageDirectory (RaftStorageDirectory.java:tryLock(328)) - Lock on /workdir/hadoop-ozone/integration-test/target/test-dir/MiniOzoneClusterImpl-599158a6-0443-46a4-b5c4-980fc9d60a3e/datanode-1/data/ratis/c3c9a71f-b313-4d7c-917d-718a249f18bf/in_use.lock acquired by nodename 575@byscane-nightly-d7s94-1643579034
2019-07-30 19:09:13,205 INFO  storage.RaftStorageDirectory (RaftStorageDirectory.java:tryLock(328)) - Lock on /workdir/hadoop-ozone/integration-test/target/test-dir/MiniOzoneClusterImpl-599158a6-0443-46a4-b5c4-980fc9d60a3e/datanode-2/data/ratis/c3c9a71f-b313-4d7c-917d-718a249f18bf/in_use.lock acquired by nodename 575@byscane-nightly-d7s94-1643579034
2019-07-30 19:09:13,210 INFO  storage.RaftStorage (RaftStorage.java:format(72)) - Storage directory /workdir/hadoop-ozone/integration-test/target/test-dir/MiniOzoneClusterImpl-599158a6-0443-46a4-b5c4-980fc9d60a3e/datanode-0/data/ratis/c3c9a71f-b313-4d7c-917d-718a249f18bf has been successfully formatted.
2019-07-30 19:09:13,210 INFO  ratis.ContainerStateMachine (ContainerStateMachine.java:loadSnapshot(213)) - group-718A249F18BF: The snapshot info is null. Setting the last applied indexto:(t:0, i:~)
2019-07-30 19:09:13,210 INFO  server.RaftServerConfigKeys (ConfUtils.java:logGet(43)) - raft.server.leader.election.timeout = 120s (custom)
2019-07-30 19:09:13,210 INFO  server.RaftServerConfigKeys (ConfUtils.java:logGet(43)) - raft.server.log.use.memory = false (default)
2019-07-30 19:09:13,210 INFO  server.RaftServerConfigKeys (ConfUtils.java:logGet(43)) - raft.server.log.purge.gap = 1000000000 (custom)
2019-07-30 19:09:13,210 INFO  storage.RaftStorage (RaftStorage.java:format(72)) - Storage directory /workdir/hadoop-ozone/integration-test/target/test-dir/MiniOzoneClusterImpl-599158a6-0443-46a4-b5c4-980fc9d60a3e/datanode-2/data/ratis/c3c9a71f-b313-4d7c-917d-718a249f18bf has been successfully formatted.
2019-07-30 19:09:13,210 INFO  storage.RaftStorage (RaftStorage.java:format(72)) - Storage directory /workdir/hadoop-ozone/integration-test/target/test-dir/MiniOzoneClusterImpl-599158a6-0443-46a4-b5c4-980fc9d60a3e/datanode-1/data/ratis/c3c9a71f-b313-4d7c-917d-718a249f18bf has been successfully formatted.
2019-07-30 19:09:13,211 INFO  ratis.ContainerStateMachine (ContainerStateMachine.java:loadSnapshot(213)) - group-718A249F18BF: The snapshot info is null. Setting the last applied indexto:(t:0, i:~)
2019-07-30 19:09:13,211 INFO  ratis.ContainerStateMachine (ContainerStateMachine.java:loadSnapshot(213)) - group-718A249F18BF: The snapshot info is null. Setting the last applied indexto:(t:0, i:~)
2019-07-30 19:09:13,210 INFO  server.RaftServerConfigKeys (ConfUtils.java:logGet(43)) - raft.server.log.appender.buffer.byte-limit = 33554432 (custom)
2019-07-30 19:09:13,211 INFO  server.RaftServerConfigKeys (ConfUtils.java:logGet(43)) - raft.server.leader.election.timeout = 120s (custom)
2019-07-30 19:09:13,211 INFO  server.RaftServerConfigKeys (ConfUtils.java:logGet(43)) - raft.server.leader.election.timeout = 120s (custom)
2019-07-30 19:09:13,211 INFO  server.RaftServerConfigKeys (ConfUtils.java:logGet(43)) - raft.server.log.use.memory = false (default)
2019-07-30 19:09:13,211 INFO  server.RaftServerConfigKeys (ConfUtils.java:logGet(43)) - raft.server.log.segment.size.max = 1048576 (custom)
2019-07-30 19:09:13,212 INFO  server.RaftServerConfigKeys (ConfUtils.java:logGet(43)) - raft.server.log.purge.gap = 1000000000 (custom)
2019-07-30 19:09:13,212 INFO  server.RaftServerConfigKeys (ConfUtils.java:logGet(43)) - raft.server.log.appender.buffer.byte-limit = 33554432 (custom)
2019-07-30 19:09:13,212 INFO  server.RaftServerConfigKeys (ConfUtils.java:logGet(43)) - raft.server.log.use.memory = false (default)
2019-07-30 19:09:13,212 INFO  server.RaftServerConfigKeys (ConfUtils.java:logGet(43)) - raft.server.log.segment.size.max = 1048576 (custom)
2019-07-30 19:09:13,212 INFO  server.RaftServerConfigKeys (ConfUtils.java:logGet(43)) - raft.server.log.segment.cache.num.max = 2 (custom)
2019-07-30 19:09:13,213 INFO  server.RaftServerConfigKeys (ConfUtils.java:logGet(43)) - raft.server.log.segment.cache.num.max = 2 (custom)
2019-07-30 19:09:13,212 INFO  server.RaftServerConfigKeys (ConfUtils.java:logGet(43)) - raft.server.log.purge.gap = 1000000000 (custom)
2019-07-30 19:09:13,213 INFO  segmented.SegmentedRaftLogWorker (SegmentedRaftLogWorker.java:<init>(172)) - new d4a1584e-cb70-4ee5-af95-55a8048f0ebc-SegmentedRaftLogWorker:Storage Directory /workdir/hadoop-ozone/integration-test/target/test-dir/MiniOzoneClusterImpl-599158a6-0443-46a4-b5c4-980fc9d60a3e/datanode-1/data/ratis/c3c9a71f-b313-4d7c-917d-718a249f18bf for RaftStorage:Storage Directory /workdir/hadoop-ozone/integration-test/target/test-dir/MiniOzoneClusterImpl-599158a6-0443-46a4-b5c4-980fc9d60a3e/datanode-1/data/ratis/c3c9a71f-b313-4d7c-917d-718a249f18bf
2019-07-30 19:09:13,213 INFO  segmented.SegmentedRaftLogWorker (SegmentedRaftLogWorker.java:<init>(172)) - new 8c2f1eda-c807-47b9-b017-472574b97a9c-SegmentedRaftLogWorker:Storage Directory /workdir/hadoop-ozone/integration-test/target/test-dir/MiniOzoneClusterImpl-599158a6-0443-46a4-b5c4-980fc9d60a3e/datanode-0/data/ratis/c3c9a71f-b313-4d7c-917d-718a249f18bf for RaftStorage:Storage Directory /workdir/hadoop-ozone/integration-test/target/test-dir/MiniOzoneClusterImpl-599158a6-0443-46a4-b5c4-980fc9d60a3e/datanode-0/data/ratis/c3c9a71f-b313-4d7c-917d-718a249f18bf
2019-07-30 19:09:13,213 INFO  server.RaftServerConfigKeys (ConfUtils.java:logGet(43)) - raft.server.log.queue.byte-limit = 2147483647 (custom)
2019-07-30 19:09:13,213 INFO  server.RaftServerConfigKeys (ConfUtils.java:logGet(43)) - raft.server.log.appender.buffer.byte-limit = 33554432 (custom)
2019-07-30 19:09:13,213 INFO  server.RaftServerConfigKeys (ConfUtils.java:logGet(43)) - raft.server.log.queue.element-limit = 1024 (custom)
2019-07-30 19:09:13,213 INFO  server.RaftServerConfigKeys (ConfUtils.java:logGet(43)) - raft.server.log.queue.byte-limit = 2147483647 (custom)
2019-07-30 19:09:13,214 INFO  server.RaftServerConfigKeys (ConfUtils.java:logGet(43)) - raft.server.log.segment.size.max = 1048576 (custom)
2019-07-30 19:09:13,214 INFO  server.RaftServerConfigKeys (ConfUtils.java:logGet(43)) - raft.server.log.preallocated.size = 16384 (custom)
2019-07-30 19:09:13,214 INFO  server.RaftServerConfigKeys (ConfUtils.java:logGet(43)) - raft.server.log.segment.size.max = 1048576 (custom)
2019-07-30 19:09:13,214 INFO  server.RaftServerConfigKeys (ConfUtils.java:logGet(43)) - raft.server.log.write.buffer.size = 33554432 (custom)
2019-07-30 19:09:13,214 INFO  server.RaftServerConfigKeys (ConfUtils.java:logGet(43)) - raft.server.log.queue.element-limit = 1024 (custom)
2019-07-30 19:09:13,215 INFO  server.RaftServerConfigKeys (ConfUtils.java:logGet(43)) - raft.server.log.force.sync.num = 128 (default)
2019-07-30 19:09:13,215 INFO  server.RaftServerConfigKeys (ConfUtils.java:logGet(43)) - raft.server.log.statemachine.data.sync = true (default)
2019-07-30 19:09:13,214 INFO  server.RaftServerConfigKeys (ConfUtils.java:logGet(43)) - raft.server.log.segment.cache.num.max = 2 (custom)
2019-07-30 19:09:13,215 INFO  server.RaftServerConfigKeys (ConfUtils.java:logGet(43)) - raft.server.log.statemachine.data.sync.timeout = 10s (default)
2019-07-30 19:09:13,215 INFO  server.RaftServerConfigKeys (ConfUtils.java:logGet(43)) - raft.server.log.segment.size.max = 1048576 (custom)
2019-07-30 19:09:13,216 INFO  server.RaftServerConfigKeys (ConfUtils.java:logGet(43)) - raft.server.log.statemachine.data.sync.timeout.retry = -1 (default)
2019-07-30 19:09:13,215 INFO  segmented.SegmentedRaftLogWorker (SegmentedRaftLogWorker.java:<init>(172)) - new 17e40c1e-c940-4ebb-a12b-9c31941c5380-SegmentedRaftLogWorker:Storage Directory /workdir/hadoop-ozone/integration-test/target/test-dir/MiniOzoneClusterImpl-599158a6-0443-46a4-b5c4-980fc9d60a3e/datanode-2/data/ratis/c3c9a71f-b313-4d7c-917d-718a249f18bf for RaftStorage:Storage Directory /workdir/hadoop-ozone/integration-test/target/test-dir/MiniOzoneClusterImpl-599158a6-0443-46a4-b5c4-980fc9d60a3e/datanode-2/data/ratis/c3c9a71f-b313-4d7c-917d-718a249f18bf
2019-07-30 19:09:13,216 INFO  server.RaftServerConfigKeys (ConfUtils.java:logGet(43)) - raft.server.log.statemachine.data.caching.enabled = true (custom)
2019-07-30 19:09:13,216 INFO  server.RaftServerConfigKeys (ConfUtils.java:logGet(43)) - raft.server.log.preallocated.size = 16384 (custom)
2019-07-30 19:09:13,216 INFO  server.RaftServerConfigKeys (ConfUtils.java:logGet(43)) - raft.server.log.queue.byte-limit = 2147483647 (custom)
2019-07-30 19:09:13,216 INFO  segmented.SegmentedRaftLogWorker (SegmentedRaftLogWorker.java:lambda$new$0(132)) - d4a1584e-cb70-4ee5-af95-55a8048f0ebc-SegmentedRaftLogWorker:Storage Directory /workdir/hadoop-ozone/integration-test/target/test-dir/MiniOzoneClusterImpl-599158a6-0443-46a4-b5c4-980fc9d60a3e/datanode-1/data/ratis/c3c9a71f-b313-4d7c-917d-718a249f18bf: flushIndex: setUnconditionally 0 -> -1
2019-07-30 19:09:13,216 INFO  server.RaftServerConfigKeys (ConfUtils.java:logGet(43)) - raft.server.log.write.buffer.size = 33554432 (custom)
2019-07-30 19:09:13,217 INFO  server.RaftServerConfigKeys (ConfUtils.java:logGet(43)) - raft.server.log.force.sync.num = 128 (default)
2019-07-30 19:09:13,216 INFO  server.RaftServerConfigKeys (ConfUtils.java:logGet(43)) - raft.server.log.queue.element-limit = 1024 (custom)
2019-07-30 19:09:13,217 INFO  server.RaftServerConfigKeys (ConfUtils.java:logGet(43)) - raft.server.log.statemachine.data.sync = true (default)
2019-07-30 19:09:13,217 INFO  server.RaftServerConfigKeys (ConfUtils.java:logGet(43)) - raft.server.snapshot.auto.trigger.enabled = true (custom)
2019-07-30 19:09:13,217 INFO  server.RaftServerConfigKeys (ConfUtils.java:logGet(43)) - raft.server.log.statemachine.data.sync.timeout = 10s (default)
2019-07-30 19:09:13,217 INFO  server.RaftServerConfigKeys (ConfUtils.java:logGet(43)) - raft.server.log.statemachine.data.sync.timeout.retry = -1 (default)
2019-07-30 19:09:13,217 INFO  server.RaftServerConfigKeys (ConfUtils.java:logGet(43)) - raft.server.log.segment.size.max = 1048576 (custom)
2019-07-30 19:09:13,218 INFO  server.RaftServerConfigKeys (ConfUtils.java:logGet(43)) - raft.server.log.statemachine.data.caching.enabled = true (custom)
2019-07-30 19:09:13,217 INFO  server.RaftServerConfigKeys (ConfUtils.java:logGet(43)) - raft.server.snapshot.auto.trigger.threshold = 10000 (custom)
2019-07-30 19:09:13,218 INFO  segmented.SegmentedRaftLogWorker (SegmentedRaftLogWorker.java:lambda$new$0(132)) - 8c2f1eda-c807-47b9-b017-472574b97a9c-SegmentedRaftLogWorker:Storage Directory /workdir/hadoop-ozone/integration-test/target/test-dir/MiniOzoneClusterImpl-599158a6-0443-46a4-b5c4-980fc9d60a3e/datanode-0/data/ratis/c3c9a71f-b313-4d7c-917d-718a249f18bf: flushIndex: setUnconditionally 0 -> -1
2019-07-30 19:09:13,218 INFO  server.RaftServerConfigKeys (ConfUtils.java:logGet(43)) - raft.server.log.preallocated.size = 16384 (custom)
2019-07-30 19:09:13,218 INFO  server.RaftServerConfigKeys (ConfUtils.java:logGet(43)) - raft.server.retrycache.expirytime = 600000ms (custom)
2019-07-30 19:09:13,218 INFO  server.RaftServerConfigKeys (ConfUtils.java:logGet(43)) - raft.server.snapshot.auto.trigger.enabled = true (custom)
2019-07-30 19:09:13,219 INFO  impl.RaftServerImpl (RaftServerImpl.java:start(180)) - d4a1584e-cb70-4ee5-af95-55a8048f0ebc: start group-718A249F18BF
2019-07-30 19:09:13,218 INFO  server.RaftServerConfigKeys (ConfUtils.java:logGet(43)) - raft.server.log.write.buffer.size = 33554432 (custom)
2019-07-30 19:09:13,219 INFO  impl.RaftServerImpl (RaftServerImpl.java:setRole(171)) - d4a1584e-cb70-4ee5-af95-55a8048f0ebc:group-718A249F18BF changes role from null to FOLLOWER at term 0 for startAsFollower
2019-07-30 19:09:13,219 INFO  server.RaftServerConfigKeys (ConfUtils.java:logGet(43)) - raft.server.snapshot.auto.trigger.threshold = 10000 (custom)
2019-07-30 19:09:13,219 INFO  impl.RoleInfo (RoleInfo.java:updateAndGet(143)) - d4a1584e-cb70-4ee5-af95-55a8048f0ebc: start FollowerState
2019-07-30 19:09:13,219 INFO  server.RaftServerConfigKeys (ConfUtils.java:logGet(43)) - raft.server.log.force.sync.num = 128 (default)
2019-07-30 19:09:13,219 INFO  server.RaftServerConfigKeys (ConfUtils.java:logGet(43)) - raft.server.retrycache.expirytime = 600000ms (custom)
2019-07-30 19:09:13,219 INFO  server.RaftServerConfigKeys (ConfUtils.java:logGet(43)) - raft.server.log.statemachine.data.sync = true (default)
2019-07-30 19:09:13,220 INFO  util.JmxRegister (JmxRegister.java:tryRegister(44)) - Successfully registered JMX Bean with object name Ratis:service=RaftServer,group=group-718A249F18BF,id=d4a1584e-cb70-4ee5-af95-55a8048f0ebc
2019-07-30 19:09:13,220 INFO  server.RaftServerConfigKeys (ConfUtils.java:logGet(43)) - raft.server.log.statemachine.data.sync.timeout = 10s (default)
2019-07-30 19:09:13,220 INFO  server.RaftServerConfigKeys (ConfUtils.java:logGet(43)) - raft.server.log.statemachine.data.sync.timeout.retry = -1 (default)
2019-07-30 19:09:13,220 INFO  impl.RaftServerImpl (RaftServerImpl.java:start(180)) - 8c2f1eda-c807-47b9-b017-472574b97a9c: start group-718A249F18BF
2019-07-30 19:09:13,220 INFO  impl.RaftServerImpl (RaftServerImpl.java:setRole(171)) - 8c2f1eda-c807-47b9-b017-472574b97a9c:group-718A249F18BF changes role from null to FOLLOWER at term 0 for startAsFollower
2019-07-30 19:09:13,220 INFO  server.RaftServerConfigKeys (ConfUtils.java:logGet(43)) - raft.server.log.statemachine.data.caching.enabled = true (custom)
2019-07-30 19:09:13,220 INFO  impl.RoleInfo (RoleInfo.java:updateAndGet(143)) - 8c2f1eda-c807-47b9-b017-472574b97a9c: start FollowerState
2019-07-30 19:09:13,221 INFO  segmented.SegmentedRaftLogWorker (SegmentedRaftLogWorker.java:lambda$new$0(132)) - 17e40c1e-c940-4ebb-a12b-9c31941c5380-SegmentedRaftLogWorker:Storage Directory /workdir/hadoop-ozone/integration-test/target/test-dir/MiniOzoneClusterImpl-599158a6-0443-46a4-b5c4-980fc9d60a3e/datanode-2/data/ratis/c3c9a71f-b313-4d7c-917d-718a249f18bf: flushIndex: setUnconditionally 0 -> -1
2019-07-30 19:09:13,221 INFO  util.JmxRegister (JmxRegister.java:tryRegister(44)) - Successfully registered JMX Bean with object name Ratis:service=RaftServer,group=group-718A249F18BF,id=8c2f1eda-c807-47b9-b017-472574b97a9c
2019-07-30 19:09:13,221 INFO  server.RaftServerConfigKeys (ConfUtils.java:logGet(43)) - raft.server.snapshot.auto.trigger.enabled = true (custom)
2019-07-30 19:09:13,221 INFO  server.RaftServerConfigKeys (ConfUtils.java:logGet(43)) - raft.server.snapshot.auto.trigger.threshold = 10000 (custom)
2019-07-30 19:09:13,221 INFO  server.RaftServerConfigKeys (ConfUtils.java:logGet(43)) - raft.server.retrycache.expirytime = 600000ms (custom)
2019-07-30 19:09:13,221 INFO  impl.RaftServerImpl (RaftServerImpl.java:start(180)) - 17e40c1e-c940-4ebb-a12b-9c31941c5380: start group-718A249F18BF
2019-07-30 19:09:13,221 INFO  impl.RaftServerImpl (RaftServerImpl.java:setRole(171)) - 17e40c1e-c940-4ebb-a12b-9c31941c5380:group-718A249F18BF changes role from null to FOLLOWER at term 0 for startAsFollower
2019-07-30 19:09:13,221 INFO  impl.RoleInfo (RoleInfo.java:updateAndGet(143)) - 17e40c1e-c940-4ebb-a12b-9c31941c5380: start FollowerState
2019-07-30 19:09:13,222 INFO  util.JmxRegister (JmxRegister.java:tryRegister(44)) - Successfully registered JMX Bean with object name Ratis:service=RaftServer,group=group-718A249F18BF,id=17e40c1e-c940-4ebb-a12b-9c31941c5380
2019-07-30 19:09:13,224 INFO  pipeline.PipelineStateManager (PipelineStateManager.java:addPipeline(56)) - Created pipeline Pipeline[ Id: c3c9a71f-b313-4d7c-917d-718a249f18bf, Nodes: d4a1584e-cb70-4ee5-af95-55a8048f0ebc{ip: 192.168.5.147, host: byscane-nightly-d7s94-1643579034, networkLocation: /default-rack, certSerialId: null}17e40c1e-c940-4ebb-a12b-9c31941c5380{ip: 192.168.5.147, host: byscane-nightly-d7s94-1643579034, networkLocation: /default-rack, certSerialId: null}8c2f1eda-c807-47b9-b017-472574b97a9c{ip: 192.168.5.147, host: byscane-nightly-d7s94-1643579034, networkLocation: /default-rack, certSerialId: null}, Type:RATIS, Factor:THREE, State:OPEN]
2019-07-30 19:09:13,537 INFO  net.NetworkTopology (NetworkTopologyImpl.java:add(110)) - Added a new node: /default-rack/d02ed320-20ae-4dd8-aaaa-32c3d015d6d9
2019-07-30 19:09:13,537 INFO  node.SCMNodeManager (SCMNodeManager.java:register(273)) - Registered Data node : d02ed320-20ae-4dd8-aaaa-32c3d015d6d9{ip: 192.168.5.147, host: byscane-nightly-d7s94-1643579034, networkLocation: /default-rack, certSerialId: null}
2019-07-30 19:09:13,545 INFO  impl.RaftServerProxy (RaftServerProxy.java:addNew(89)) - d02ed320-20ae-4dd8-aaaa-32c3d015d6d9: addNew group-0FFBC94D425A:[d02ed320-20ae-4dd8-aaaa-32c3d015d6d9:192.168.5.147:38936] returns group-0FFBC94D425A:java.util.concurrent.CompletableFuture@7e2793[Not completed]
2019-07-30 19:09:13,547 INFO  impl.RaftServerImpl (RaftServerImpl.java:<init>(93)) - d02ed320-20ae-4dd8-aaaa-32c3d015d6d9: new RaftServerImpl for group-0FFBC94D425A:[d02ed320-20ae-4dd8-aaaa-32c3d015d6d9:192.168.5.147:38936] with ContainerStateMachine:uninitialized
2019-07-30 19:09:13,547 INFO  server.RaftServerConfigKeys (ConfUtils.java:logGet(43)) - raft.server.rpc.timeout.min = 5s (custom)
2019-07-30 19:09:13,547 INFO  server.RaftServerConfigKeys (ConfUtils.java:logGet(43)) - raft.server.rpc.timeout.max = 5200ms (custom)
2019-07-30 19:09:13,547 INFO  server.RaftServerConfigKeys (ConfUtils.java:logGet(43)) - raft.server.rpcslowness.timeout = 120s (custom)
2019-07-30 19:09:13,547 INFO  server.RaftServerConfigKeys (ConfUtils.java:logGet(43)) - raft.server.sleep.deviation.threshold = 300 (default)
2019-07-30 19:09:13,547 INFO  server.RaftServerConfigKeys (ConfUtils.java:logGet(43)) - raft.server.log.appender.install.snapshot.enabled = false (custom)
2019-07-30 19:09:13,548 INFO  impl.RaftServerImpl (ServerState.java:<init>(105)) - d02ed320-20ae-4dd8-aaaa-32c3d015d6d9:group-0FFBC94D425A ConfigurationManager, init=-1: [d02ed320-20ae-4dd8-aaaa-32c3d015d6d9:192.168.5.147:38936], old=null, confs=<EMPTY_MAP>
2019-07-30 19:09:13,548 INFO  server.RaftServerConfigKeys (ConfUtils.java:logGet(43)) - raft.server.storage.dir = [/workdir/hadoop-ozone/integration-test/target/test-dir/MiniOzoneClusterImpl-599158a6-0443-46a4-b5c4-980fc9d60a3e/datanode-3/data/ratis] (custom)
2019-07-30 19:09:13,548 INFO  storage.RaftStorageDirectory (RaftStorageDirectory.java:analyzeStorage(246)) - The storage directory /workdir/hadoop-ozone/integration-test/target/test-dir/MiniOzoneClusterImpl-599158a6-0443-46a4-b5c4-980fc9d60a3e/datanode-3/data/ratis/6d17b593-8c89-4878-807d-0ffbc94d425a does not exist. Creating ...
2019-07-30 19:09:13,553 INFO  storage.RaftStorageDirectory (RaftStorageDirectory.java:tryLock(328)) - Lock on /workdir/hadoop-ozone/integration-test/target/test-dir/MiniOzoneClusterImpl-599158a6-0443-46a4-b5c4-980fc9d60a3e/datanode-3/data/ratis/6d17b593-8c89-4878-807d-0ffbc94d425a/in_use.lock acquired by nodename 575@byscane-nightly-d7s94-1643579034
2019-07-30 19:09:13,573 INFO  storage.RaftStorage (RaftStorage.java:format(72)) - Storage directory /workdir/hadoop-ozone/integration-test/target/test-dir/MiniOzoneClusterImpl-599158a6-0443-46a4-b5c4-980fc9d60a3e/datanode-3/data/ratis/6d17b593-8c89-4878-807d-0ffbc94d425a has been successfully formatted.
2019-07-30 19:09:13,573 INFO  ratis.ContainerStateMachine (ContainerStateMachine.java:loadSnapshot(213)) - group-0FFBC94D425A: The snapshot info is null. Setting the last applied indexto:(t:0, i:~)
2019-07-30 19:09:13,573 INFO  server.RaftServerConfigKeys (ConfUtils.java:logGet(43)) - raft.server.leader.election.timeout = 120s (custom)
2019-07-30 19:09:13,574 INFO  server.RaftServerConfigKeys (ConfUtils.java:logGet(43)) - raft.server.log.use.memory = false (default)
2019-07-30 19:09:13,574 INFO  server.RaftServerConfigKeys (ConfUtils.java:logGet(43)) - raft.server.log.purge.gap = 1000000000 (custom)
2019-07-30 19:09:13,574 INFO  server.RaftServerConfigKeys (ConfUtils.java:logGet(43)) - raft.server.log.appender.buffer.byte-limit = 33554432 (custom)
2019-07-30 19:09:13,574 INFO  server.RaftServerConfigKeys (ConfUtils.java:logGet(43)) - raft.server.log.segment.size.max = 1048576 (custom)
2019-07-30 19:09:13,574 INFO  server.RaftServerConfigKeys (ConfUtils.java:logGet(43)) - raft.server.log.segment.cache.num.max = 2 (custom)
2019-07-30 19:09:13,574 INFO  segmented.SegmentedRaftLogWorker (SegmentedRaftLogWorker.java:<init>(172)) - new d02ed320-20ae-4dd8-aaaa-32c3d015d6d9-SegmentedRaftLogWorker:Storage Directory /workdir/hadoop-ozone/integration-test/target/test-dir/MiniOzoneClusterImpl-599158a6-0443-46a4-b5c4-980fc9d60a3e/datanode-3/data/ratis/6d17b593-8c89-4878-807d-0ffbc94d425a for RaftStorage:Storage Directory /workdir/hadoop-ozone/integration-test/target/test-dir/MiniOzoneClusterImpl-599158a6-0443-46a4-b5c4-980fc9d60a3e/datanode-3/data/ratis/6d17b593-8c89-4878-807d-0ffbc94d425a
2019-07-30 19:09:13,574 INFO  server.RaftServerConfigKeys (ConfUtils.java:logGet(43)) - raft.server.log.queue.byte-limit = 2147483647 (custom)
2019-07-30 19:09:13,575 INFO  server.RaftServerConfigKeys (ConfUtils.java:logGet(43)) - raft.server.log.queue.element-limit = 1024 (custom)
2019-07-30 19:09:13,575 INFO  server.RaftServerConfigKeys (ConfUtils.java:logGet(43)) - raft.server.log.segment.size.max = 1048576 (custom)
2019-07-30 19:09:13,575 INFO  server.RaftServerConfigKeys (ConfUtils.java:logGet(43)) - raft.server.log.preallocated.size = 16384 (custom)
2019-07-30 19:09:13,575 INFO  server.RaftServerConfigKeys (ConfUtils.java:logGet(43)) - raft.server.log.write.buffer.size = 33554432 (custom)
2019-07-30 19:09:13,575 INFO  server.RaftServerConfigKeys (ConfUtils.java:logGet(43)) - raft.server.log.force.sync.num = 128 (default)
2019-07-30 19:09:13,575 INFO  server.RaftServerConfigKeys (ConfUtils.java:logGet(43)) - raft.server.log.statemachine.data.sync = true (default)
2019-07-30 19:09:13,576 INFO  server.RaftServerConfigKeys (ConfUtils.java:logGet(43)) - raft.server.log.statemachine.data.sync.timeout = 10s (default)
2019-07-30 19:09:13,576 INFO  server.RaftServerConfigKeys (ConfUtils.java:logGet(43)) - raft.server.log.statemachine.data.sync.timeout.retry = -1 (default)
2019-07-30 19:09:13,576 INFO  server.RaftServerConfigKeys (ConfUtils.java:logGet(43)) - raft.server.log.statemachine.data.caching.enabled = true (custom)
2019-07-30 19:09:13,576 INFO  segmented.SegmentedRaftLogWorker (SegmentedRaftLogWorker.java:lambda$new$0(132)) - d02ed320-20ae-4dd8-aaaa-32c3d015d6d9-SegmentedRaftLogWorker:Storage Directory /workdir/hadoop-ozone/integration-test/target/test-dir/MiniOzoneClusterImpl-599158a6-0443-46a4-b5c4-980fc9d60a3e/datanode-3/data/ratis/6d17b593-8c89-4878-807d-0ffbc94d425a: flushIndex: setUnconditionally 0 -> -1
2019-07-30 19:09:13,577 INFO  server.RaftServerConfigKeys (ConfUtils.java:logGet(43)) - raft.server.snapshot.auto.trigger.enabled = true (custom)
2019-07-30 19:09:13,577 INFO  server.RaftServerConfigKeys (ConfUtils.java:logGet(43)) - raft.server.snapshot.auto.trigger.threshold = 10000 (custom)
2019-07-30 19:09:13,577 INFO  server.RaftServerConfigKeys (ConfUtils.java:logGet(43)) - raft.server.retrycache.expirytime = 600000ms (custom)
2019-07-30 19:09:13,577 INFO  impl.RaftServerImpl (RaftServerImpl.java:start(180)) - d02ed320-20ae-4dd8-aaaa-32c3d015d6d9: start group-0FFBC94D425A
2019-07-30 19:09:13,577 INFO  impl.RaftServerImpl (RaftServerImpl.java:setRole(171)) - d02ed320-20ae-4dd8-aaaa-32c3d015d6d9:group-0FFBC94D425A changes role from null to FOLLOWER at term 0 for startAsFollower
2019-07-30 19:09:13,577 INFO  impl.RoleInfo (RoleInfo.java:updateAndGet(143)) - d02ed320-20ae-4dd8-aaaa-32c3d015d6d9: start FollowerState
2019-07-30 19:09:13,578 INFO  util.JmxRegister (JmxRegister.java:tryRegister(44)) - Successfully registered JMX Bean with object name Ratis:service=RaftServer,group=group-0FFBC94D425A,id=d02ed320-20ae-4dd8-aaaa-32c3d015d6d9
2019-07-30 19:09:13,580 INFO  pipeline.PipelineStateManager (PipelineStateManager.java:addPipeline(56)) - Created pipeline Pipeline[ Id: 6d17b593-8c89-4878-807d-0ffbc94d425a, Nodes: d02ed320-20ae-4dd8-aaaa-32c3d015d6d9{ip: 192.168.5.147, host: byscane-nightly-d7s94-1643579034, networkLocation: /default-rack, certSerialId: null}, Type:RATIS, Factor:ONE, State:OPEN]
2019-07-30 19:09:13,730 INFO  net.NetworkTopology (NetworkTopologyImpl.java:add(110)) - Added a new node: /default-rack/b5d25f3d-c3f0-492e-8269-30589e3acfee
2019-07-30 19:09:13,731 INFO  node.SCMNodeManager (SCMNodeManager.java:register(273)) - Registered Data node : b5d25f3d-c3f0-492e-8269-30589e3acfee{ip: 192.168.5.147, host: byscane-nightly-d7s94-1643579034, networkLocation: /default-rack, certSerialId: null}
2019-07-30 19:09:13,737 INFO  impl.RaftServerProxy (RaftServerProxy.java:addNew(89)) - b5d25f3d-c3f0-492e-8269-30589e3acfee: addNew group-F52E5DF855AD:[b5d25f3d-c3f0-492e-8269-30589e3acfee:192.168.5.147:42427] returns group-F52E5DF855AD:java.util.concurrent.CompletableFuture@22b26c08[Not completed]
2019-07-30 19:09:13,738 INFO  impl.RaftServerImpl (RaftServerImpl.java:<init>(93)) - b5d25f3d-c3f0-492e-8269-30589e3acfee: new RaftServerImpl for group-F52E5DF855AD:[b5d25f3d-c3f0-492e-8269-30589e3acfee:192.168.5.147:42427] with ContainerStateMachine:uninitialized
2019-07-30 19:09:13,738 INFO  server.RaftServerConfigKeys (ConfUtils.java:logGet(43)) - raft.server.rpc.timeout.min = 5s (custom)
2019-07-30 19:09:13,739 INFO  server.RaftServerConfigKeys (ConfUtils.java:logGet(43)) - raft.server.rpc.timeout.max = 5200ms (custom)
2019-07-30 19:09:13,739 INFO  server.RaftServerConfigKeys (ConfUtils.java:logGet(43)) - raft.server.rpcslowness.timeout = 120s (custom)
2019-07-30 19:09:13,739 INFO  server.RaftServerConfigKeys (ConfUtils.java:logGet(43)) - raft.server.sleep.deviation.threshold = 300 (default)
2019-07-30 19:09:13,739 INFO  server.RaftServerConfigKeys (ConfUtils.java:logGet(43)) - raft.server.log.appender.install.snapshot.enabled = false (custom)
2019-07-30 19:09:13,739 INFO  impl.RaftServerImpl (ServerState.java:<init>(105)) - b5d25f3d-c3f0-492e-8269-30589e3acfee:group-F52E5DF855AD ConfigurationManager, init=-1: [b5d25f3d-c3f0-492e-8269-30589e3acfee:192.168.5.147:42427], old=null, confs=<EMPTY_MAP>
2019-07-30 19:09:13,739 INFO  server.RaftServerConfigKeys (ConfUtils.java:logGet(43)) - raft.server.storage.dir = [/workdir/hadoop-ozone/integration-test/target/test-dir/MiniOzoneClusterImpl-599158a6-0443-46a4-b5c4-980fc9d60a3e/datanode-4/data/ratis] (custom)
2019-07-30 19:09:13,740 INFO  storage.RaftStorageDirectory (RaftStorageDirectory.java:analyzeStorage(246)) - The storage directory /workdir/hadoop-ozone/integration-test/target/test-dir/MiniOzoneClusterImpl-599158a6-0443-46a4-b5c4-980fc9d60a3e/datanode-4/data/ratis/c33c3c59-2b04-40c9-9930-f52e5df855ad does not exist. Creating ...
2019-07-30 19:09:13,744 INFO  storage.RaftStorageDirectory (RaftStorageDirectory.java:tryLock(328)) - Lock on /workdir/hadoop-ozone/integration-test/target/test-dir/MiniOzoneClusterImpl-599158a6-0443-46a4-b5c4-980fc9d60a3e/datanode-4/data/ratis/c33c3c59-2b04-40c9-9930-f52e5df855ad/in_use.lock acquired by nodename 575@byscane-nightly-d7s94-1643579034
2019-07-30 19:09:13,748 INFO  storage.RaftStorage (RaftStorage.java:format(72)) - Storage directory /workdir/hadoop-ozone/integration-test/target/test-dir/MiniOzoneClusterImpl-599158a6-0443-46a4-b5c4-980fc9d60a3e/datanode-4/data/ratis/c33c3c59-2b04-40c9-9930-f52e5df855ad has been successfully formatted.
2019-07-30 19:09:13,748 INFO  ratis.ContainerStateMachine (ContainerStateMachine.java:loadSnapshot(213)) - group-F52E5DF855AD: The snapshot info is null. Setting the last applied indexto:(t:0, i:~)
2019-07-30 19:09:13,748 INFO  server.RaftServerConfigKeys (ConfUtils.java:logGet(43)) - raft.server.leader.election.timeout = 120s (custom)
2019-07-30 19:09:13,748 INFO  server.RaftServerConfigKeys (ConfUtils.java:logGet(43)) - raft.server.log.use.memory = false (default)
2019-07-30 19:09:13,748 INFO  server.RaftServerConfigKeys (ConfUtils.java:logGet(43)) - raft.server.log.purge.gap = 1000000000 (custom)
2019-07-30 19:09:13,748 INFO  server.RaftServerConfigKeys (ConfUtils.java:logGet(43)) - raft.server.log.appender.buffer.byte-limit = 33554432 (custom)
2019-07-30 19:09:13,749 INFO  server.RaftServerConfigKeys (ConfUtils.java:logGet(43)) - raft.server.log.segment.size.max = 1048576 (custom)
2019-07-30 19:09:13,749 INFO  server.RaftServerConfigKeys (ConfUtils.java:logGet(43)) - raft.server.log.segment.cache.num.max = 2 (custom)
2019-07-30 19:09:13,749 INFO  segmented.SegmentedRaftLogWorker (SegmentedRaftLogWorker.java:<init>(172)) - new b5d25f3d-c3f0-492e-8269-30589e3acfee-SegmentedRaftLogWorker:Storage Directory /workdir/hadoop-ozone/integration-test/target/test-dir/MiniOzoneClusterImpl-599158a6-0443-46a4-b5c4-980fc9d60a3e/datanode-4/data/ratis/c33c3c59-2b04-40c9-9930-f52e5df855ad for RaftStorage:Storage Directory /workdir/hadoop-ozone/integration-test/target/test-dir/MiniOzoneClusterImpl-599158a6-0443-46a4-b5c4-980fc9d60a3e/datanode-4/data/ratis/c33c3c59-2b04-40c9-9930-f52e5df855ad
2019-07-30 19:09:13,749 INFO  server.RaftServerConfigKeys (ConfUtils.java:logGet(43)) - raft.server.log.queue.byte-limit = 2147483647 (custom)
2019-07-30 19:09:13,749 INFO  server.RaftServerConfigKeys (ConfUtils.java:logGet(43)) - raft.server.log.queue.element-limit = 1024 (custom)
2019-07-30 19:09:13,750 INFO  server.RaftServerConfigKeys (ConfUtils.java:logGet(43)) - raft.server.log.segment.size.max = 1048576 (custom)
2019-07-30 19:09:13,750 INFO  server.RaftServerConfigKeys (ConfUtils.java:logGet(43)) - raft.server.log.preallocated.size = 16384 (custom)
2019-07-30 19:09:13,750 INFO  server.RaftServerConfigKeys (ConfUtils.java:logGet(43)) - raft.server.log.write.buffer.size = 33554432 (custom)
2019-07-30 19:09:13,750 INFO  server.RaftServerConfigKeys (ConfUtils.java:logGet(43)) - raft.server.log.force.sync.num = 128 (default)
2019-07-30 19:09:13,750 INFO  server.RaftServerConfigKeys (ConfUtils.java:logGet(43)) - raft.server.log.statemachine.data.sync = true (default)
2019-07-30 19:09:13,750 INFO  server.RaftServerConfigKeys (ConfUtils.java:logGet(43)) - raft.server.log.statemachine.data.sync.timeout = 10s (default)
2019-07-30 19:09:13,750 INFO  server.RaftServerConfigKeys (ConfUtils.java:logGet(43)) - raft.server.log.statemachine.data.sync.timeout.retry = -1 (default)
2019-07-30 19:09:13,751 INFO  server.RaftServerConfigKeys (ConfUtils.java:logGet(43)) - raft.server.log.statemachine.data.caching.enabled = true (custom)
2019-07-30 19:09:13,751 INFO  segmented.SegmentedRaftLogWorker (SegmentedRaftLogWorker.java:lambda$new$0(132)) - b5d25f3d-c3f0-492e-8269-30589e3acfee-SegmentedRaftLogWorker:Storage Directory /workdir/hadoop-ozone/integration-test/target/test-dir/MiniOzoneClusterImpl-599158a6-0443-46a4-b5c4-980fc9d60a3e/datanode-4/data/ratis/c33c3c59-2b04-40c9-9930-f52e5df855ad: flushIndex: setUnconditionally 0 -> -1
2019-07-30 19:09:13,751 INFO  server.RaftServerConfigKeys (ConfUtils.java:logGet(43)) - raft.server.snapshot.auto.trigger.enabled = true (custom)
2019-07-30 19:09:13,751 INFO  server.RaftServerConfigKeys (ConfUtils.java:logGet(43)) - raft.server.snapshot.auto.trigger.threshold = 10000 (custom)
2019-07-30 19:09:13,752 INFO  server.RaftServerConfigKeys (ConfUtils.java:logGet(43)) - raft.server.retrycache.expirytime = 600000ms (custom)
2019-07-30 19:09:13,752 INFO  impl.RaftServerImpl (RaftServerImpl.java:start(180)) - b5d25f3d-c3f0-492e-8269-30589e3acfee: start group-F52E5DF855AD
2019-07-30 19:09:13,752 INFO  impl.RaftServerImpl (RaftServerImpl.java:setRole(171)) - b5d25f3d-c3f0-492e-8269-30589e3acfee:group-F52E5DF855AD changes role from null to FOLLOWER at term 0 for startAsFollower
2019-07-30 19:09:13,752 INFO  impl.RoleInfo (RoleInfo.java:updateAndGet(143)) - b5d25f3d-c3f0-492e-8269-30589e3acfee: start FollowerState
2019-07-30 19:09:13,753 INFO  util.JmxRegister (JmxRegister.java:tryRegister(44)) - Successfully registered JMX Bean with object name Ratis:service=RaftServer,group=group-F52E5DF855AD,id=b5d25f3d-c3f0-492e-8269-30589e3acfee
2019-07-30 19:09:13,754 INFO  pipeline.PipelineStateManager (PipelineStateManager.java:addPipeline(56)) - Created pipeline Pipeline[ Id: c33c3c59-2b04-40c9-9930-f52e5df855ad, Nodes: b5d25f3d-c3f0-492e-8269-30589e3acfee{ip: 192.168.5.147, host: byscane-nightly-d7s94-1643579034, networkLocation: /default-rack, certSerialId: null}, Type:RATIS, Factor:ONE, State:OPEN]
2019-07-30 19:09:13,910 INFO  net.NetworkTopology (NetworkTopologyImpl.java:add(110)) - Added a new node: /default-rack/32c46067-d1ab-4dfa-87a4-aaa4f48110f6
2019-07-30 19:09:13,910 INFO  node.SCMNodeManager (SCMNodeManager.java:register(273)) - Registered Data node : 32c46067-d1ab-4dfa-87a4-aaa4f48110f6{ip: 192.168.5.147, host: byscane-nightly-d7s94-1643579034, networkLocation: /default-rack, certSerialId: null}
2019-07-30 19:09:13,918 INFO  impl.RaftServerProxy (RaftServerProxy.java:addNew(89)) - 32c46067-d1ab-4dfa-87a4-aaa4f48110f6: addNew group-486301D5B6C1:[32c46067-d1ab-4dfa-87a4-aaa4f48110f6:192.168.5.147:40176] returns group-486301D5B6C1:java.util.concurrent.CompletableFuture@7133ee57[Not completed]
2019-07-30 19:09:13,919 INFO  impl.RaftServerImpl (RaftServerImpl.java:<init>(93)) - 32c46067-d1ab-4dfa-87a4-aaa4f48110f6: new RaftServerImpl for group-486301D5B6C1:[32c46067-d1ab-4dfa-87a4-aaa4f48110f6:192.168.5.147:40176] with ContainerStateMachine:uninitialized
2019-07-30 19:09:13,919 INFO  server.RaftServerConfigKeys (ConfUtils.java:logGet(43)) - raft.server.rpc.timeout.min = 5s (custom)
2019-07-30 19:09:13,919 INFO  server.RaftServerConfigKeys (ConfUtils.java:logGet(43)) - raft.server.rpc.timeout.max = 5200ms (custom)
2019-07-30 19:09:13,919 INFO  server.RaftServerConfigKeys (ConfUtils.java:logGet(43)) - raft.server.rpcslowness.timeout = 120s (custom)
2019-07-30 19:09:13,919 INFO  server.RaftServerConfigKeys (ConfUtils.java:logGet(43)) - raft.server.sleep.deviation.threshold = 300 (default)
2019-07-30 19:09:13,920 INFO  server.RaftServerConfigKeys (ConfUtils.java:logGet(43)) - raft.server.log.appender.install.snapshot.enabled = false (custom)
2019-07-30 19:09:13,920 INFO  impl.RaftServerImpl (ServerState.java:<init>(105)) - 32c46067-d1ab-4dfa-87a4-aaa4f48110f6:group-486301D5B6C1 ConfigurationManager, init=-1: [32c46067-d1ab-4dfa-87a4-aaa4f48110f6:192.168.5.147:40176], old=null, confs=<EMPTY_MAP>
2019-07-30 19:09:13,920 INFO  server.RaftServerConfigKeys (ConfUtils.java:logGet(43)) - raft.server.storage.dir = [/workdir/hadoop-ozone/integration-test/target/test-dir/MiniOzoneClusterImpl-599158a6-0443-46a4-b5c4-980fc9d60a3e/datanode-5/data/ratis] (custom)
2019-07-30 19:09:13,920 INFO  storage.RaftStorageDirectory (RaftStorageDirectory.java:analyzeStorage(246)) - The storage directory /workdir/hadoop-ozone/integration-test/target/test-dir/MiniOzoneClusterImpl-599158a6-0443-46a4-b5c4-980fc9d60a3e/datanode-5/data/ratis/80743cba-adc1-4733-ac80-486301d5b6c1 does not exist. Creating ...
2019-07-30 19:09:13,925 INFO  storage.RaftStorageDirectory (RaftStorageDirectory.java:tryLock(328)) - Lock on /workdir/hadoop-ozone/integration-test/target/test-dir/MiniOzoneClusterImpl-599158a6-0443-46a4-b5c4-980fc9d60a3e/datanode-5/data/ratis/80743cba-adc1-4733-ac80-486301d5b6c1/in_use.lock acquired by nodename 575@byscane-nightly-d7s94-1643579034
2019-07-30 19:09:13,929 INFO  storage.RaftStorage (RaftStorage.java:format(72)) - Storage directory /workdir/hadoop-ozone/integration-test/target/test-dir/MiniOzoneClusterImpl-599158a6-0443-46a4-b5c4-980fc9d60a3e/datanode-5/data/ratis/80743cba-adc1-4733-ac80-486301d5b6c1 has been successfully formatted.
2019-07-30 19:09:13,929 INFO  ratis.ContainerStateMachine (ContainerStateMachine.java:loadSnapshot(213)) - group-486301D5B6C1: The snapshot info is null. Setting the last applied indexto:(t:0, i:~)
2019-07-30 19:09:13,929 INFO  server.RaftServerConfigKeys (ConfUtils.java:logGet(43)) - raft.server.leader.election.timeout = 120s (custom)
2019-07-30 19:09:13,929 INFO  server.RaftServerConfigKeys (ConfUtils.java:logGet(43)) - raft.server.log.use.memory = false (default)
2019-07-30 19:09:13,929 INFO  server.RaftServerConfigKeys (ConfUtils.java:logGet(43)) - raft.server.log.purge.gap = 1000000000 (custom)
2019-07-30 19:09:13,930 INFO  server.RaftServerConfigKeys (ConfUtils.java:logGet(43)) - raft.server.log.appender.buffer.byte-limit = 33554432 (custom)
2019-07-30 19:09:13,930 INFO  server.RaftServerConfigKeys (ConfUtils.java:logGet(43)) - raft.server.log.segment.size.max = 1048576 (custom)
2019-07-30 19:09:13,930 INFO  server.RaftServerConfigKeys (ConfUtils.java:logGet(43)) - raft.server.log.segment.cache.num.max = 2 (custom)
2019-07-30 19:09:13,930 INFO  segmented.SegmentedRaftLogWorker (SegmentedRaftLogWorker.java:<init>(172)) - new 32c46067-d1ab-4dfa-87a4-aaa4f48110f6-SegmentedRaftLogWorker:Storage Directory /workdir/hadoop-ozone/integration-test/target/test-dir/MiniOzoneClusterImpl-599158a6-0443-46a4-b5c4-980fc9d60a3e/datanode-5/data/ratis/80743cba-adc1-4733-ac80-486301d5b6c1 for RaftStorage:Storage Directory /workdir/hadoop-ozone/integration-test/target/test-dir/MiniOzoneClusterImpl-599158a6-0443-46a4-b5c4-980fc9d60a3e/datanode-5/data/ratis/80743cba-adc1-4733-ac80-486301d5b6c1
2019-07-30 19:09:13,930 INFO  server.RaftServerConfigKeys (ConfUtils.java:logGet(43)) - raft.server.log.queue.byte-limit = 2147483647 (custom)
2019-07-30 19:09:13,930 INFO  server.RaftServerConfigKeys (ConfUtils.java:logGet(43)) - raft.server.log.queue.element-limit = 1024 (custom)
2019-07-30 19:09:13,931 INFO  server.RaftServerConfigKeys (ConfUtils.java:logGet(43)) - raft.server.log.segment.size.max = 1048576 (custom)
2019-07-30 19:09:13,931 INFO  server.RaftServerConfigKeys (ConfUtils.java:logGet(43)) - raft.server.log.preallocated.size = 16384 (custom)
2019-07-30 19:09:13,931 INFO  server.RaftServerConfigKeys (ConfUtils.java:logGet(43)) - raft.server.log.write.buffer.size = 33554432 (custom)
2019-07-30 19:09:13,931 INFO  server.RaftServerConfigKeys (ConfUtils.java:logGet(43)) - raft.server.log.force.sync.num = 128 (default)
2019-07-30 19:09:13,931 INFO  server.RaftServerConfigKeys (ConfUtils.java:logGet(43)) - raft.server.log.statemachine.data.sync = true (default)
2019-07-30 19:09:13,931 INFO  server.RaftServerConfigKeys (ConfUtils.java:logGet(43)) - raft.server.log.statemachine.data.sync.timeout = 10s (default)
2019-07-30 19:09:13,932 INFO  server.RaftServerConfigKeys (ConfUtils.java:logGet(43)) - raft.server.log.statemachine.data.sync.timeout.retry = -1 (default)
2019-07-30 19:09:13,932 INFO  server.RaftServerConfigKeys (ConfUtils.java:logGet(43)) - raft.server.log.statemachine.data.caching.enabled = true (custom)
2019-07-30 19:09:13,932 INFO  segmented.SegmentedRaftLogWorker (SegmentedRaftLogWorker.java:lambda$new$0(132)) - 32c46067-d1ab-4dfa-87a4-aaa4f48110f6-SegmentedRaftLogWorker:Storage Directory /workdir/hadoop-ozone/integration-test/target/test-dir/MiniOzoneClusterImpl-599158a6-0443-46a4-b5c4-980fc9d60a3e/datanode-5/data/ratis/80743cba-adc1-4733-ac80-486301d5b6c1: flushIndex: setUnconditionally 0 -> -1
2019-07-30 19:09:13,933 INFO  server.RaftServerConfigKeys (ConfUtils.java:logGet(43)) - raft.server.snapshot.auto.trigger.enabled = true (custom)
2019-07-30 19:09:13,933 INFO  server.RaftServerConfigKeys (ConfUtils.java:logGet(43)) - raft.server.snapshot.auto.trigger.threshold = 10000 (custom)
2019-07-30 19:09:13,933 INFO  server.RaftServerConfigKeys (ConfUtils.java:logGet(43)) - raft.server.retrycache.expirytime = 600000ms (custom)
2019-07-30 19:09:13,933 INFO  impl.RaftServerImpl (RaftServerImpl.java:start(180)) - 32c46067-d1ab-4dfa-87a4-aaa4f48110f6: start group-486301D5B6C1
2019-07-30 19:09:13,933 INFO  impl.RaftServerImpl (RaftServerImpl.java:setRole(171)) - 32c46067-d1ab-4dfa-87a4-aaa4f48110f6:group-486301D5B6C1 changes role from null to FOLLOWER at term 0 for startAsFollower
2019-07-30 19:09:13,933 INFO  impl.RoleInfo (RoleInfo.java:updateAndGet(143)) - 32c46067-d1ab-4dfa-87a4-aaa4f48110f6: start FollowerState
2019-07-30 19:09:13,934 INFO  util.JmxRegister (JmxRegister.java:tryRegister(44)) - Successfully registered JMX Bean with object name Ratis:service=RaftServer,group=group-486301D5B6C1,id=32c46067-d1ab-4dfa-87a4-aaa4f48110f6
2019-07-30 19:09:13,936 INFO  pipeline.PipelineStateManager (PipelineStateManager.java:addPipeline(56)) - Created pipeline Pipeline[ Id: 80743cba-adc1-4733-ac80-486301d5b6c1, Nodes: 32c46067-d1ab-4dfa-87a4-aaa4f48110f6{ip: 192.168.5.147, host: byscane-nightly-d7s94-1643579034, networkLocation: /default-rack, certSerialId: null}, Type:RATIS, Factor:ONE, State:OPEN]
2019-07-30 19:09:13,945 INFO  impl.RaftServerProxy (RaftServerProxy.java:addNew(89)) - 32c46067-d1ab-4dfa-87a4-aaa4f48110f6: addNew group-327082EC483C:[32c46067-d1ab-4dfa-87a4-aaa4f48110f6:192.168.5.147:40176, b5d25f3d-c3f0-492e-8269-30589e3acfee:192.168.5.147:42427, d02ed320-20ae-4dd8-aaaa-32c3d015d6d9:192.168.5.147:38936] returns group-327082EC483C:java.util.concurrent.CompletableFuture@7d5a53a0[Not completed]
2019-07-30 19:09:13,946 INFO  impl.RaftServerProxy (RaftServerProxy.java:addNew(89)) - b5d25f3d-c3f0-492e-8269-30589e3acfee: addNew group-327082EC483C:[32c46067-d1ab-4dfa-87a4-aaa4f48110f6:192.168.5.147:40176, b5d25f3d-c3f0-492e-8269-30589e3acfee:192.168.5.147:42427, d02ed320-20ae-4dd8-aaaa-32c3d015d6d9:192.168.5.147:38936] returns group-327082EC483C:java.util.concurrent.CompletableFuture@58727430[Not completed]
2019-07-30 19:09:13,946 INFO  impl.RaftServerProxy (RaftServerProxy.java:addNew(89)) - d02ed320-20ae-4dd8-aaaa-32c3d015d6d9: addNew group-327082EC483C:[32c46067-d1ab-4dfa-87a4-aaa4f48110f6:192.168.5.147:40176, b5d25f3d-c3f0-492e-8269-30589e3acfee:192.168.5.147:42427, d02ed320-20ae-4dd8-aaaa-32c3d015d6d9:192.168.5.147:38936] returns group-327082EC483C:java.util.concurrent.CompletableFuture@1f252928[Not completed]
2019-07-30 19:09:13,946 INFO  impl.RaftServerImpl (RaftServerImpl.java:<init>(93)) - 32c46067-d1ab-4dfa-87a4-aaa4f48110f6: new RaftServerImpl for group-327082EC483C:[32c46067-d1ab-4dfa-87a4-aaa4f48110f6:192.168.5.147:40176, b5d25f3d-c3f0-492e-8269-30589e3acfee:192.168.5.147:42427, d02ed320-20ae-4dd8-aaaa-32c3d015d6d9:192.168.5.147:38936] with ContainerStateMachine:uninitialized
2019-07-30 19:09:13,947 INFO  server.RaftServerConfigKeys (ConfUtils.java:logGet(43)) - raft.server.rpc.timeout.min = 5s (custom)
2019-07-30 19:09:13,947 INFO  server.RaftServerConfigKeys (ConfUtils.java:logGet(43)) - raft.server.rpc.timeout.max = 5200ms (custom)
2019-07-30 19:09:13,947 INFO  server.RaftServerConfigKeys (ConfUtils.java:logGet(43)) - raft.server.rpcslowness.timeout = 120s (custom)
2019-07-30 19:09:13,947 INFO  server.RaftServerConfigKeys (ConfUtils.java:logGet(43)) - raft.server.sleep.deviation.threshold = 300 (default)
2019-07-30 19:09:13,947 INFO  impl.RaftServerImpl (RaftServerImpl.java:<init>(93)) - b5d25f3d-c3f0-492e-8269-30589e3acfee: new RaftServerImpl for group-327082EC483C:[32c46067-d1ab-4dfa-87a4-aaa4f48110f6:192.168.5.147:40176, b5d25f3d-c3f0-492e-8269-30589e3acfee:192.168.5.147:42427, d02ed320-20ae-4dd8-aaaa-32c3d015d6d9:192.168.5.147:38936] with ContainerStateMachine:uninitialized
2019-07-30 19:09:13,947 INFO  server.RaftServerConfigKeys (ConfUtils.java:logGet(43)) - raft.server.log.appender.install.snapshot.enabled = false (custom)
2019-07-30 19:09:13,947 INFO  server.RaftServerConfigKeys (ConfUtils.java:logGet(43)) - raft.server.rpc.timeout.min = 5s (custom)
2019-07-30 19:09:13,947 INFO  impl.RaftServerImpl (ServerState.java:<init>(105)) - 32c46067-d1ab-4dfa-87a4-aaa4f48110f6:group-327082EC483C ConfigurationManager, init=-1: [32c46067-d1ab-4dfa-87a4-aaa4f48110f6:192.168.5.147:40176, b5d25f3d-c3f0-492e-8269-30589e3acfee:192.168.5.147:42427, d02ed320-20ae-4dd8-aaaa-32c3d015d6d9:192.168.5.147:38936], old=null, confs=<EMPTY_MAP>
2019-07-30 19:09:13,948 INFO  impl.RaftServerImpl (RaftServerImpl.java:<init>(93)) - d02ed320-20ae-4dd8-aaaa-32c3d015d6d9: new RaftServerImpl for group-327082EC483C:[32c46067-d1ab-4dfa-87a4-aaa4f48110f6:192.168.5.147:40176, b5d25f3d-c3f0-492e-8269-30589e3acfee:192.168.5.147:42427, d02ed320-20ae-4dd8-aaaa-32c3d015d6d9:192.168.5.147:38936] with ContainerStateMachine:uninitialized
2019-07-30 19:09:13,948 INFO  server.RaftServerConfigKeys (ConfUtils.java:logGet(43)) - raft.server.rpc.timeout.max = 5200ms (custom)
2019-07-30 19:09:13,948 INFO  server.RaftServerConfigKeys (ConfUtils.java:logGet(43)) - raft.server.rpc.timeout.min = 5s (custom)
2019-07-30 19:09:13,948 INFO  server.RaftServerConfigKeys (ConfUtils.java:logGet(43)) - raft.server.storage.dir = [/workdir/hadoop-ozone/integration-test/target/test-dir/MiniOzoneClusterImpl-599158a6-0443-46a4-b5c4-980fc9d60a3e/datanode-5/data/ratis] (custom)
2019-07-30 19:09:13,948 INFO  server.RaftServerConfigKeys (ConfUtils.java:logGet(43)) - raft.server.rpc.timeout.max = 5200ms (custom)
2019-07-30 19:09:13,948 INFO  server.RaftServerConfigKeys (ConfUtils.java:logGet(43)) - raft.server.rpcslowness.timeout = 120s (custom)
2019-07-30 19:09:13,948 INFO  server.RaftServerConfigKeys (ConfUtils.java:logGet(43)) - raft.server.rpcslowness.timeout = 120s (custom)
2019-07-30 19:09:13,949 INFO  server.RaftServerConfigKeys (ConfUtils.java:logGet(43)) - raft.server.sleep.deviation.threshold = 300 (default)
2019-07-30 19:09:13,949 INFO  storage.RaftStorageDirectory (RaftStorageDirectory.java:analyzeStorage(246)) - The storage directory /workdir/hadoop-ozone/integration-test/target/test-dir/MiniOzoneClusterImpl-599158a6-0443-46a4-b5c4-980fc9d60a3e/datanode-5/data/ratis/ea96c4ab-f3ce-4ba5-8671-327082ec483c does not exist. Creating ...
2019-07-30 19:09:13,949 INFO  server.RaftServerConfigKeys (ConfUtils.java:logGet(43)) - raft.server.log.appender.install.snapshot.enabled = false (custom)
2019-07-30 19:09:13,949 INFO  server.RaftServerConfigKeys (ConfUtils.java:logGet(43)) - raft.server.sleep.deviation.threshold = 300 (default)
2019-07-30 19:09:13,949 INFO  impl.RaftServerImpl (ServerState.java:<init>(105)) - b5d25f3d-c3f0-492e-8269-30589e3acfee:group-327082EC483C ConfigurationManager, init=-1: [32c46067-d1ab-4dfa-87a4-aaa4f48110f6:192.168.5.147:40176, b5d25f3d-c3f0-492e-8269-30589e3acfee:192.168.5.147:42427, d02ed320-20ae-4dd8-aaaa-32c3d015d6d9:192.168.5.147:38936], old=null, confs=<EMPTY_MAP>
2019-07-30 19:09:13,949 INFO  server.RaftServerConfigKeys (ConfUtils.java:logGet(43)) - raft.server.log.appender.install.snapshot.enabled = false (custom)
2019-07-30 19:09:13,950 INFO  server.RaftServerConfigKeys (ConfUtils.java:logGet(43)) - raft.server.storage.dir = [/workdir/hadoop-ozone/integration-test/target/test-dir/MiniOzoneClusterImpl-599158a6-0443-46a4-b5c4-980fc9d60a3e/datanode-4/data/ratis] (custom)
2019-07-30 19:09:13,950 INFO  impl.RaftServerImpl (ServerState.java:<init>(105)) - d02ed320-20ae-4dd8-aaaa-32c3d015d6d9:group-327082EC483C ConfigurationManager, init=-1: [32c46067-d1ab-4dfa-87a4-aaa4f48110f6:192.168.5.147:40176, b5d25f3d-c3f0-492e-8269-30589e3acfee:192.168.5.147:42427, d02ed320-20ae-4dd8-aaaa-32c3d015d6d9:192.168.5.147:38936], old=null, confs=<EMPTY_MAP>
2019-07-30 19:09:13,950 INFO  server.RaftServerConfigKeys (ConfUtils.java:logGet(43)) - raft.server.storage.dir = [/workdir/hadoop-ozone/integration-test/target/test-dir/MiniOzoneClusterImpl-599158a6-0443-46a4-b5c4-980fc9d60a3e/datanode-3/data/ratis] (custom)
2019-07-30 19:09:13,950 INFO  storage.RaftStorageDirectory (RaftStorageDirectory.java:analyzeStorage(246)) - The storage directory /workdir/hadoop-ozone/integration-test/target/test-dir/MiniOzoneClusterImpl-599158a6-0443-46a4-b5c4-980fc9d60a3e/datanode-4/data/ratis/ea96c4ab-f3ce-4ba5-8671-327082ec483c does not exist. Creating ...
2019-07-30 19:09:13,950 INFO  storage.RaftStorageDirectory (RaftStorageDirectory.java:analyzeStorage(246)) - The storage directory /workdir/hadoop-ozone/integration-test/target/test-dir/MiniOzoneClusterImpl-599158a6-0443-46a4-b5c4-980fc9d60a3e/datanode-3/data/ratis/ea96c4ab-f3ce-4ba5-8671-327082ec483c does not exist. Creating ...
2019-07-30 19:09:13,953 INFO  storage.RaftStorageDirectory (RaftStorageDirectory.java:tryLock(328)) - Lock on /workdir/hadoop-ozone/integration-test/target/test-dir/MiniOzoneClusterImpl-599158a6-0443-46a4-b5c4-980fc9d60a3e/datanode-5/data/ratis/ea96c4ab-f3ce-4ba5-8671-327082ec483c/in_use.lock acquired by nodename 575@byscane-nightly-d7s94-1643579034
2019-07-30 19:09:13,956 INFO  storage.RaftStorageDirectory (RaftStorageDirectory.java:tryLock(328)) - Lock on /workdir/hadoop-ozone/integration-test/target/test-dir/MiniOzoneClusterImpl-599158a6-0443-46a4-b5c4-980fc9d60a3e/datanode-3/data/ratis/ea96c4ab-f3ce-4ba5-8671-327082ec483c/in_use.lock acquired by nodename 575@byscane-nightly-d7s94-1643579034
2019-07-30 19:09:13,956 INFO  storage.RaftStorageDirectory (RaftStorageDirectory.java:tryLock(328)) - Lock on /workdir/hadoop-ozone/integration-test/target/test-dir/MiniOzoneClusterImpl-599158a6-0443-46a4-b5c4-980fc9d60a3e/datanode-4/data/ratis/ea96c4ab-f3ce-4ba5-8671-327082ec483c/in_use.lock acquired by nodename 575@byscane-nightly-d7s94-1643579034
2019-07-30 19:09:13,959 INFO  storage.RaftStorage (RaftStorage.java:format(72)) - Storage directory /workdir/hadoop-ozone/integration-test/target/test-dir/MiniOzoneClusterImpl-599158a6-0443-46a4-b5c4-980fc9d60a3e/datanode-5/data/ratis/ea96c4ab-f3ce-4ba5-8671-327082ec483c has been successfully formatted.
2019-07-30 19:09:13,959 INFO  ratis.ContainerStateMachine (ContainerStateMachine.java:loadSnapshot(213)) - group-327082EC483C: The snapshot info is null. Setting the last applied indexto:(t:0, i:~)
2019-07-30 19:09:13,959 INFO  server.RaftServerConfigKeys (ConfUtils.java:logGet(43)) - raft.server.leader.election.timeout = 120s (custom)
2019-07-30 19:09:13,960 INFO  server.RaftServerConfigKeys (ConfUtils.java:logGet(43)) - raft.server.log.use.memory = false (default)
2019-07-30 19:09:13,960 INFO  server.RaftServerConfigKeys (ConfUtils.java:logGet(43)) - raft.server.log.purge.gap = 1000000000 (custom)
2019-07-30 19:09:13,960 INFO  server.RaftServerConfigKeys (ConfUtils.java:logGet(43)) - raft.server.log.appender.buffer.byte-limit = 33554432 (custom)
2019-07-30 19:09:13,960 INFO  server.RaftServerConfigKeys (ConfUtils.java:logGet(43)) - raft.server.log.segment.size.max = 1048576 (custom)
2019-07-30 19:09:13,960 INFO  server.RaftServerConfigKeys (ConfUtils.java:logGet(43)) - raft.server.log.segment.cache.num.max = 2 (custom)
2019-07-30 19:09:13,960 INFO  segmented.SegmentedRaftLogWorker (SegmentedRaftLogWorker.java:<init>(172)) - new 32c46067-d1ab-4dfa-87a4-aaa4f48110f6-SegmentedRaftLogWorker:Storage Directory /workdir/hadoop-ozone/integration-test/target/test-dir/MiniOzoneClusterImpl-599158a6-0443-46a4-b5c4-980fc9d60a3e/datanode-5/data/ratis/ea96c4ab-f3ce-4ba5-8671-327082ec483c for RaftStorage:Storage Directory /workdir/hadoop-ozone/integration-test/target/test-dir/MiniOzoneClusterImpl-599158a6-0443-46a4-b5c4-980fc9d60a3e/datanode-5/data/ratis/ea96c4ab-f3ce-4ba5-8671-327082ec483c
2019-07-30 19:09:13,960 INFO  server.RaftServerConfigKeys (ConfUtils.java:logGet(43)) - raft.server.log.queue.byte-limit = 2147483647 (custom)
2019-07-30 19:09:13,961 INFO  server.RaftServerConfigKeys (ConfUtils.java:logGet(43)) - raft.server.log.queue.element-limit = 1024 (custom)
2019-07-30 19:09:13,961 INFO  storage.RaftStorage (RaftStorage.java:format(72)) - Storage directory /workdir/hadoop-ozone/integration-test/target/test-dir/MiniOzoneClusterImpl-599158a6-0443-46a4-b5c4-980fc9d60a3e/datanode-3/data/ratis/ea96c4ab-f3ce-4ba5-8671-327082ec483c has been successfully formatted.
2019-07-30 19:09:13,961 INFO  server.RaftServerConfigKeys (ConfUtils.java:logGet(43)) - raft.server.log.segment.size.max = 1048576 (custom)
2019-07-30 19:09:13,961 INFO  storage.RaftStorage (RaftStorage.java:format(72)) - Storage directory /workdir/hadoop-ozone/integration-test/target/test-dir/MiniOzoneClusterImpl-599158a6-0443-46a4-b5c4-980fc9d60a3e/datanode-4/data/ratis/ea96c4ab-f3ce-4ba5-8671-327082ec483c has been successfully formatted.
2019-07-30 19:09:13,961 INFO  server.RaftServerConfigKeys (ConfUtils.java:logGet(43)) - raft.server.log.preallocated.size = 16384 (custom)
2019-07-30 19:09:13,961 INFO  ratis.ContainerStateMachine (ContainerStateMachine.java:loadSnapshot(213)) - group-327082EC483C: The snapshot info is null. Setting the last applied indexto:(t:0, i:~)
2019-07-30 19:09:13,961 INFO  ratis.ContainerStateMachine (ContainerStateMachine.java:loadSnapshot(213)) - group-327082EC483C: The snapshot info is null. Setting the last applied indexto:(t:0, i:~)
2019-07-30 19:09:13,962 INFO  server.RaftServerConfigKeys (ConfUtils.java:logGet(43)) - raft.server.leader.election.timeout = 120s (custom)
2019-07-30 19:09:13,961 INFO  server.RaftServerConfigKeys (ConfUtils.java:logGet(43)) - raft.server.log.write.buffer.size = 33554432 (custom)
2019-07-30 19:09:13,962 INFO  server.RaftServerConfigKeys (ConfUtils.java:logGet(43)) - raft.server.log.use.memory = false (default)
2019-07-30 19:09:13,962 INFO  server.RaftServerConfigKeys (ConfUtils.java:logGet(43)) - raft.server.leader.election.timeout = 120s (custom)
2019-07-30 19:09:13,962 INFO  server.RaftServerConfigKeys (ConfUtils.java:logGet(43)) - raft.server.log.purge.gap = 1000000000 (custom)
2019-07-30 19:09:13,962 INFO  server.RaftServerConfigKeys (ConfUtils.java:logGet(43)) - raft.server.log.force.sync.num = 128 (default)
2019-07-30 19:09:13,962 INFO  server.RaftServerConfigKeys (ConfUtils.java:logGet(43)) - raft.server.log.appender.buffer.byte-limit = 33554432 (custom)
2019-07-30 19:09:13,962 INFO  server.RaftServerConfigKeys (ConfUtils.java:logGet(43)) - raft.server.log.use.memory = false (default)
2019-07-30 19:09:13,963 INFO  server.RaftServerConfigKeys (ConfUtils.java:logGet(43)) - raft.server.log.segment.size.max = 1048576 (custom)
2019-07-30 19:09:13,963 INFO  server.RaftServerConfigKeys (ConfUtils.java:logGet(43)) - raft.server.log.segment.cache.num.max = 2 (custom)
2019-07-30 19:09:13,963 INFO  server.RaftServerConfigKeys (ConfUtils.java:logGet(43)) - raft.server.log.statemachine.data.sync = true (default)
2019-07-30 19:09:13,963 INFO  segmented.SegmentedRaftLogWorker (SegmentedRaftLogWorker.java:<init>(172)) - new b5d25f3d-c3f0-492e-8269-30589e3acfee-SegmentedRaftLogWorker:Storage Directory /workdir/hadoop-ozone/integration-test/target/test-dir/MiniOzoneClusterImpl-599158a6-0443-46a4-b5c4-980fc9d60a3e/datanode-4/data/ratis/ea96c4ab-f3ce-4ba5-8671-327082ec483c for RaftStorage:Storage Directory /workdir/hadoop-ozone/integration-test/target/test-dir/MiniOzoneClusterImpl-599158a6-0443-46a4-b5c4-980fc9d60a3e/datanode-4/data/ratis/ea96c4ab-f3ce-4ba5-8671-327082ec483c
2019-07-30 19:09:13,963 INFO  server.RaftServerConfigKeys (ConfUtils.java:logGet(43)) - raft.server.log.purge.gap = 1000000000 (custom)
2019-07-30 19:09:13,963 INFO  server.RaftServerConfigKeys (ConfUtils.java:logGet(43)) - raft.server.log.queue.byte-limit = 2147483647 (custom)
2019-07-30 19:09:13,963 INFO  server.RaftServerConfigKeys (ConfUtils.java:logGet(43)) - raft.server.log.statemachine.data.sync.timeout = 10s (default)
2019-07-30 19:09:13,964 INFO  server.RaftServerConfigKeys (ConfUtils.java:logGet(43)) - raft.server.log.queue.element-limit = 1024 (custom)
2019-07-30 19:09:13,964 INFO  server.RaftServerConfigKeys (ConfUtils.java:logGet(43)) - raft.server.log.appender.buffer.byte-limit = 33554432 (custom)
2019-07-30 19:09:13,964 INFO  server.RaftServerConfigKeys (ConfUtils.java:logGet(43)) - raft.server.log.segment.size.max = 1048576 (custom)
2019-07-30 19:09:13,964 INFO  server.RaftServerConfigKeys (ConfUtils.java:logGet(43)) - raft.server.log.preallocated.size = 16384 (custom)
2019-07-30 19:09:13,964 INFO  server.RaftServerConfigKeys (ConfUtils.java:logGet(43)) - raft.server.log.statemachine.data.sync.timeout.retry = -1 (default)
2019-07-30 19:09:13,965 INFO  server.RaftServerConfigKeys (ConfUtils.java:logGet(43)) - raft.server.log.write.buffer.size = 33554432 (custom)
2019-07-30 19:09:13,964 INFO  server.RaftServerConfigKeys (ConfUtils.java:logGet(43)) - raft.server.log.segment.size.max = 1048576 (custom)
2019-07-30 19:09:13,965 INFO  server.RaftServerConfigKeys (ConfUtils.java:logGet(43)) - raft.server.log.force.sync.num = 128 (default)
2019-07-30 19:09:13,965 INFO  server.RaftServerConfigKeys (ConfUtils.java:logGet(43)) - raft.server.log.statemachine.data.caching.enabled = true (custom)
2019-07-30 19:09:13,965 INFO  server.RaftServerConfigKeys (ConfUtils.java:logGet(43)) - raft.server.log.statemachine.data.sync = true (default)
2019-07-30 19:09:13,965 INFO  server.RaftServerConfigKeys (ConfUtils.java:logGet(43)) - raft.server.log.segment.cache.num.max = 2 (custom)
2019-07-30 19:09:13,965 INFO  segmented.SegmentedRaftLogWorker (SegmentedRaftLogWorker.java:lambda$new$0(132)) - 32c46067-d1ab-4dfa-87a4-aaa4f48110f6-SegmentedRaftLogWorker:Storage Directory /workdir/hadoop-ozone/integration-test/target/test-dir/MiniOzoneClusterImpl-599158a6-0443-46a4-b5c4-980fc9d60a3e/datanode-5/data/ratis/ea96c4ab-f3ce-4ba5-8671-327082ec483c: flushIndex: setUnconditionally 0 -> -1
2019-07-30 19:09:13,965 INFO  server.RaftServerConfigKeys (ConfUtils.java:logGet(43)) - raft.server.log.statemachine.data.sync.timeout = 10s (default)
2019-07-30 19:09:13,966 INFO  segmented.SegmentedRaftLogWorker (SegmentedRaftLogWorker.java:<init>(172)) - new d02ed320-20ae-4dd8-aaaa-32c3d015d6d9-SegmentedRaftLogWorker:Storage Directory /workdir/hadoop-ozone/integration-test/target/test-dir/MiniOzoneClusterImpl-599158a6-0443-46a4-b5c4-980fc9d60a3e/datanode-3/data/ratis/ea96c4ab-f3ce-4ba5-8671-327082ec483c for RaftStorage:Storage Directory /workdir/hadoop-ozone/integration-test/target/test-dir/MiniOzoneClusterImpl-599158a6-0443-46a4-b5c4-980fc9d60a3e/datanode-3/data/ratis/ea96c4ab-f3ce-4ba5-8671-327082ec483c
2019-07-30 19:09:13,966 INFO  server.RaftServerConfigKeys (ConfUtils.java:logGet(43)) - raft.server.snapshot.auto.trigger.enabled = true (custom)
2019-07-30 19:09:13,966 INFO  server.RaftServerConfigKeys (ConfUtils.java:logGet(43)) - raft.server.log.statemachine.data.sync.timeout.retry = -1 (default)
2019-07-30 19:09:13,966 INFO  server.RaftServerConfigKeys (ConfUtils.java:logGet(43)) - raft.server.snapshot.auto.trigger.threshold = 10000 (custom)
2019-07-30 19:09:13,966 INFO  server.RaftServerConfigKeys (ConfUtils.java:logGet(43)) - raft.server.log.queue.byte-limit = 2147483647 (custom)
2019-07-30 19:09:13,967 INFO  server.RaftServerConfigKeys (ConfUtils.java:logGet(43)) - raft.server.retrycache.expirytime = 600000ms (custom)
2019-07-30 19:09:13,966 INFO  server.RaftServerConfigKeys (ConfUtils.java:logGet(43)) - raft.server.log.statemachine.data.caching.enabled = true (custom)
2019-07-30 19:09:13,967 INFO  impl.RaftServerImpl (RaftServerImpl.java:start(180)) - 32c46067-d1ab-4dfa-87a4-aaa4f48110f6: start group-327082EC483C
2019-07-30 19:09:13,967 INFO  server.RaftServerConfigKeys (ConfUtils.java:logGet(43)) - raft.server.log.queue.element-limit = 1024 (custom)
2019-07-30 19:09:13,967 INFO  segmented.SegmentedRaftLogWorker (SegmentedRaftLogWorker.java:lambda$new$0(132)) - b5d25f3d-c3f0-492e-8269-30589e3acfee-SegmentedRaftLogWorker:Storage Directory /workdir/hadoop-ozone/integration-test/target/test-dir/MiniOzoneClusterImpl-599158a6-0443-46a4-b5c4-980fc9d60a3e/datanode-4/data/ratis/ea96c4ab-f3ce-4ba5-8671-327082ec483c: flushIndex: setUnconditionally 0 -> -1
2019-07-30 19:09:13,967 INFO  impl.RaftServerImpl (RaftServerImpl.java:setRole(171)) - 32c46067-d1ab-4dfa-87a4-aaa4f48110f6:group-327082EC483C changes role from null to FOLLOWER at term 0 for startAsFollower
2019-07-30 19:09:13,967 INFO  server.RaftServerConfigKeys (ConfUtils.java:logGet(43)) - raft.server.log.segment.size.max = 1048576 (custom)
2019-07-30 19:09:13,968 INFO  server.RaftServerConfigKeys (ConfUtils.java:logGet(43)) - raft.server.snapshot.auto.trigger.enabled = true (custom)
2019-07-30 19:09:13,968 INFO  impl.RoleInfo (RoleInfo.java:updateAndGet(143)) - 32c46067-d1ab-4dfa-87a4-aaa4f48110f6: start FollowerState
2019-07-30 19:09:13,968 INFO  server.RaftServerConfigKeys (ConfUtils.java:logGet(43)) - raft.server.snapshot.auto.trigger.threshold = 10000 (custom)
2019-07-30 19:09:13,968 INFO  server.RaftServerConfigKeys (ConfUtils.java:logGet(43)) - raft.server.log.preallocated.size = 16384 (custom)
2019-07-30 19:09:13,968 INFO  server.RaftServerConfigKeys (ConfUtils.java:logGet(43)) - raft.server.retrycache.expirytime = 600000ms (custom)
2019-07-30 19:09:13,968 INFO  util.JmxRegister (JmxRegister.java:tryRegister(44)) - Successfully registered JMX Bean with object name Ratis:service=RaftServer,group=group-327082EC483C,id=32c46067-d1ab-4dfa-87a4-aaa4f48110f6
2019-07-30 19:09:13,968 INFO  server.RaftServerConfigKeys (ConfUtils.java:logGet(43)) - raft.server.log.write.buffer.size = 33554432 (custom)
2019-07-30 19:09:13,968 INFO  impl.RaftServerImpl (RaftServerImpl.java:start(180)) - b5d25f3d-c3f0-492e-8269-30589e3acfee: start group-327082EC483C
2019-07-30 19:09:13,969 INFO  server.RaftServerConfigKeys (ConfUtils.java:logGet(43)) - raft.server.log.force.sync.num = 128 (default)
2019-07-30 19:09:13,969 INFO  impl.RaftServerImpl (RaftServerImpl.java:setRole(171)) - b5d25f3d-c3f0-492e-8269-30589e3acfee:group-327082EC483C changes role from null to FOLLOWER at term 0 for startAsFollower
2019-07-30 19:09:13,969 INFO  server.RaftServerConfigKeys (ConfUtils.java:logGet(43)) - raft.server.log.statemachine.data.sync = true (default)
2019-07-30 19:09:13,969 INFO  impl.RoleInfo (RoleInfo.java:updateAndGet(143)) - b5d25f3d-c3f0-492e-8269-30589e3acfee: start FollowerState
2019-07-30 19:09:13,969 INFO  server.RaftServerConfigKeys (ConfUtils.java:logGet(43)) - raft.server.log.statemachine.data.sync.timeout = 10s (default)
2019-07-30 19:09:13,969 INFO  server.RaftServerConfigKeys (ConfUtils.java:logGet(43)) - raft.server.log.statemachine.data.sync.timeout.retry = -1 (default)
2019-07-30 19:09:13,970 INFO  util.JmxRegister (JmxRegister.java:tryRegister(44)) - Successfully registered JMX Bean with object name Ratis:service=RaftServer,group=group-327082EC483C,id=b5d25f3d-c3f0-492e-8269-30589e3acfee
2019-07-30 19:09:13,970 INFO  server.RaftServerConfigKeys (ConfUtils.java:logGet(43)) - raft.server.log.statemachine.data.caching.enabled = true (custom)
2019-07-30 19:09:13,970 INFO  segmented.SegmentedRaftLogWorker (SegmentedRaftLogWorker.java:lambda$new$0(132)) - d02ed320-20ae-4dd8-aaaa-32c3d015d6d9-SegmentedRaftLogWorker:Storage Directory /workdir/hadoop-ozone/integration-test/target/test-dir/MiniOzoneClusterImpl-599158a6-0443-46a4-b5c4-980fc9d60a3e/datanode-3/data/ratis/ea96c4ab-f3ce-4ba5-8671-327082ec483c: flushIndex: setUnconditionally 0 -> -1
2019-07-30 19:09:13,970 INFO  server.RaftServerConfigKeys (ConfUtils.java:logGet(43)) - raft.server.snapshot.auto.trigger.enabled = true (custom)
2019-07-30 19:09:13,970 INFO  server.RaftServerConfigKeys (ConfUtils.java:logGet(43)) - raft.server.snapshot.auto.trigger.threshold = 10000 (custom)
2019-07-30 19:09:13,971 INFO  server.RaftServerConfigKeys (ConfUtils.java:logGet(43)) - raft.server.retrycache.expirytime = 600000ms (custom)
2019-07-30 19:09:13,971 INFO  impl.RaftServerImpl (RaftServerImpl.java:start(180)) - d02ed320-20ae-4dd8-aaaa-32c3d015d6d9: start group-327082EC483C
2019-07-30 19:09:13,971 INFO  impl.RaftServerImpl (RaftServerImpl.java:setRole(171)) - d02ed320-20ae-4dd8-aaaa-32c3d015d6d9:group-327082EC483C changes role from null to FOLLOWER at term 0 for startAsFollower
2019-07-30 19:09:13,971 INFO  impl.RoleInfo (RoleInfo.java:updateAndGet(143)) - d02ed320-20ae-4dd8-aaaa-32c3d015d6d9: start FollowerState
2019-07-30 19:09:13,971 INFO  util.JmxRegister (JmxRegister.java:tryRegister(44)) - Successfully registered JMX Bean with object name Ratis:service=RaftServer,group=group-327082EC483C,id=d02ed320-20ae-4dd8-aaaa-32c3d015d6d9
2019-07-30 19:09:13,973 INFO  pipeline.PipelineStateManager (PipelineStateManager.java:addPipeline(56)) - Created pipeline Pipeline[ Id: ea96c4ab-f3ce-4ba5-8671-327082ec483c, Nodes: b5d25f3d-c3f0-492e-8269-30589e3acfee{ip: 192.168.5.147, host: byscane-nightly-d7s94-1643579034, networkLocation: /default-rack, certSerialId: null}32c46067-d1ab-4dfa-87a4-aaa4f48110f6{ip: 192.168.5.147, host: byscane-nightly-d7s94-1643579034, networkLocation: /default-rack, certSerialId: null}d02ed320-20ae-4dd8-aaaa-32c3d015d6d9{ip: 192.168.5.147, host: byscane-nightly-d7s94-1643579034, networkLocation: /default-rack, certSerialId: null}, Type:RATIS, Factor:THREE, State:OPEN]
2019-07-30 19:09:14,097 INFO  ozone.MiniOzoneClusterImpl (MiniOzoneClusterImpl.java:lambda$waitForClusterToBeReady$0(142)) - Waiting for cluster to be ready. Got 6 of 7 DN Heartbeats.
2019-07-30 19:09:14,098 INFO  net.NetworkTopology (NetworkTopologyImpl.java:add(110)) - Added a new node: /default-rack/d638511a-5e24-4087-9c21-c954537bb38f
2019-07-30 19:09:14,098 INFO  node.SCMNodeManager (SCMNodeManager.java:register(273)) - Registered Data node : d638511a-5e24-4087-9c21-c954537bb38f{ip: 192.168.5.147, host: byscane-nightly-d7s94-1643579034, networkLocation: /default-rack, certSerialId: null}
2019-07-30 19:09:14,107 INFO  impl.RaftServerProxy (RaftServerProxy.java:addNew(89)) - d638511a-5e24-4087-9c21-c954537bb38f: addNew group-7CF380F90C95:[d638511a-5e24-4087-9c21-c954537bb38f:192.168.5.147:39982] returns group-7CF380F90C95:java.util.concurrent.CompletableFuture@762dd70c[Not completed]
2019-07-30 19:09:14,108 INFO  impl.RaftServerImpl (RaftServerImpl.java:<init>(93)) - d638511a-5e24-4087-9c21-c954537bb38f: new RaftServerImpl for group-7CF380F90C95:[d638511a-5e24-4087-9c21-c954537bb38f:192.168.5.147:39982] with ContainerStateMachine:uninitialized
2019-07-30 19:09:14,109 INFO  server.RaftServerConfigKeys (ConfUtils.java:logGet(43)) - raft.server.rpc.timeout.min = 5s (custom)
2019-07-30 19:09:14,109 INFO  server.RaftServerConfigKeys (ConfUtils.java:logGet(43)) - raft.server.rpc.timeout.max = 5200ms (custom)
2019-07-30 19:09:14,109 INFO  server.RaftServerConfigKeys (ConfUtils.java:logGet(43)) - raft.server.rpcslowness.timeout = 120s (custom)
2019-07-30 19:09:14,109 INFO  server.RaftServerConfigKeys (ConfUtils.java:logGet(43)) - raft.server.sleep.deviation.threshold = 300 (default)
2019-07-30 19:09:14,109 INFO  server.RaftServerConfigKeys (ConfUtils.java:logGet(43)) - raft.server.log.appender.install.snapshot.enabled = false (custom)
2019-07-30 19:09:14,109 INFO  impl.RaftServerImpl (ServerState.java:<init>(105)) - d638511a-5e24-4087-9c21-c954537bb38f:group-7CF380F90C95 ConfigurationManager, init=-1: [d638511a-5e24-4087-9c21-c954537bb38f:192.168.5.147:39982], old=null, confs=<EMPTY_MAP>
2019-07-30 19:09:14,109 INFO  server.RaftServerConfigKeys (ConfUtils.java:logGet(43)) - raft.server.storage.dir = [/workdir/hadoop-ozone/integration-test/target/test-dir/MiniOzoneClusterImpl-599158a6-0443-46a4-b5c4-980fc9d60a3e/datanode-6/data/ratis] (custom)
2019-07-30 19:09:14,110 INFO  storage.RaftStorageDirectory (RaftStorageDirectory.java:analyzeStorage(246)) - The storage directory /workdir/hadoop-ozone/integration-test/target/test-dir/MiniOzoneClusterImpl-599158a6-0443-46a4-b5c4-980fc9d60a3e/datanode-6/data/ratis/e6361a10-7497-419f-bd63-7cf380f90c95 does not exist. Creating ...
2019-07-30 19:09:14,122 INFO  storage.RaftStorageDirectory (RaftStorageDirectory.java:tryLock(328)) - Lock on /workdir/hadoop-ozone/integration-test/target/test-dir/MiniOzoneClusterImpl-599158a6-0443-46a4-b5c4-980fc9d60a3e/datanode-6/data/ratis/e6361a10-7497-419f-bd63-7cf380f90c95/in_use.lock acquired by nodename 575@byscane-nightly-d7s94-1643579034
2019-07-30 19:09:14,131 INFO  storage.RaftStorage (RaftStorage.java:format(72)) - Storage directory /workdir/hadoop-ozone/integration-test/target/test-dir/MiniOzoneClusterImpl-599158a6-0443-46a4-b5c4-980fc9d60a3e/datanode-6/data/ratis/e6361a10-7497-419f-bd63-7cf380f90c95 has been successfully formatted.
2019-07-30 19:09:14,131 INFO  ratis.ContainerStateMachine (ContainerStateMachine.java:loadSnapshot(213)) - group-7CF380F90C95: The snapshot info is null. Setting the last applied indexto:(t:0, i:~)
2019-07-30 19:09:14,132 INFO  server.RaftServerConfigKeys (ConfUtils.java:logGet(43)) - raft.server.leader.election.timeout = 120s (custom)
2019-07-30 19:09:14,132 INFO  server.RaftServerConfigKeys (ConfUtils.java:logGet(43)) - raft.server.log.use.memory = false (default)
2019-07-30 19:09:14,132 INFO  server.RaftServerConfigKeys (ConfUtils.java:logGet(43)) - raft.server.log.purge.gap = 1000000000 (custom)
2019-07-30 19:09:14,132 INFO  server.RaftServerConfigKeys (ConfUtils.java:logGet(43)) - raft.server.log.appender.buffer.byte-limit = 33554432 (custom)
2019-07-30 19:09:14,132 INFO  server.RaftServerConfigKeys (ConfUtils.java:logGet(43)) - raft.server.log.segment.size.max = 1048576 (custom)
2019-07-30 19:09:14,132 INFO  server.RaftServerConfigKeys (ConfUtils.java:logGet(43)) - raft.server.log.segment.cache.num.max = 2 (custom)
2019-07-30 19:09:14,133 INFO  segmented.SegmentedRaftLogWorker (SegmentedRaftLogWorker.java:<init>(172)) - new d638511a-5e24-4087-9c21-c954537bb38f-SegmentedRaftLogWorker:Storage Directory /workdir/hadoop-ozone/integration-test/target/test-dir/MiniOzoneClusterImpl-599158a6-0443-46a4-b5c4-980fc9d60a3e/datanode-6/data/ratis/e6361a10-7497-419f-bd63-7cf380f90c95 for RaftStorage:Storage Directory /workdir/hadoop-ozone/integration-test/target/test-dir/MiniOzoneClusterImpl-599158a6-0443-46a4-b5c4-980fc9d60a3e/datanode-6/data/ratis/e6361a10-7497-419f-bd63-7cf380f90c95
2019-07-30 19:09:14,133 INFO  server.RaftServerConfigKeys (ConfUtils.java:logGet(43)) - raft.server.log.queue.byte-limit = 2147483647 (custom)
2019-07-30 19:09:14,133 INFO  server.RaftServerConfigKeys (ConfUtils.java:logGet(43)) - raft.server.log.queue.element-limit = 1024 (custom)
2019-07-30 19:09:14,133 INFO  server.RaftServerConfigKeys (ConfUtils.java:logGet(43)) - raft.server.log.segment.size.max = 1048576 (custom)
2019-07-30 19:09:14,133 INFO  server.RaftServerConfigKeys (ConfUtils.java:logGet(43)) - raft.server.log.preallocated.size = 16384 (custom)
2019-07-30 19:09:14,133 INFO  server.RaftServerConfigKeys (ConfUtils.java:logGet(43)) - raft.server.log.write.buffer.size = 33554432 (custom)
2019-07-30 19:09:14,134 INFO  server.RaftServerConfigKeys (ConfUtils.java:logGet(43)) - raft.server.log.force.sync.num = 128 (default)
2019-07-30 19:09:14,134 INFO  server.RaftServerConfigKeys (ConfUtils.java:logGet(43)) - raft.server.log.statemachine.data.sync = true (default)
2019-07-30 19:09:14,134 INFO  server.RaftServerConfigKeys (ConfUtils.java:logGet(43)) - raft.server.log.statemachine.data.sync.timeout = 10s (default)
2019-07-30 19:09:14,134 INFO  server.RaftServerConfigKeys (ConfUtils.java:logGet(43)) - raft.server.log.statemachine.data.sync.timeout.retry = -1 (default)
2019-07-30 19:09:14,134 INFO  server.RaftServerConfigKeys (ConfUtils.java:logGet(43)) - raft.server.log.statemachine.data.caching.enabled = true (custom)
2019-07-30 19:09:14,135 INFO  segmented.SegmentedRaftLogWorker (SegmentedRaftLogWorker.java:lambda$new$0(132)) - d638511a-5e24-4087-9c21-c954537bb38f-SegmentedRaftLogWorker:Storage Directory /workdir/hadoop-ozone/integration-test/target/test-dir/MiniOzoneClusterImpl-599158a6-0443-46a4-b5c4-980fc9d60a3e/datanode-6/data/ratis/e6361a10-7497-419f-bd63-7cf380f90c95: flushIndex: setUnconditionally 0 -> -1
2019-07-30 19:09:14,135 INFO  server.RaftServerConfigKeys (ConfUtils.java:logGet(43)) - raft.server.snapshot.auto.trigger.enabled = true (custom)
2019-07-30 19:09:14,135 INFO  server.RaftServerConfigKeys (ConfUtils.java:logGet(43)) - raft.server.snapshot.auto.trigger.threshold = 10000 (custom)
2019-07-30 19:09:14,135 INFO  server.RaftServerConfigKeys (ConfUtils.java:logGet(43)) - raft.server.retrycache.expirytime = 600000ms (custom)
2019-07-30 19:09:14,136 INFO  impl.RaftServerImpl (RaftServerImpl.java:start(180)) - d638511a-5e24-4087-9c21-c954537bb38f: start group-7CF380F90C95
2019-07-30 19:09:14,136 INFO  impl.RaftServerImpl (RaftServerImpl.java:setRole(171)) - d638511a-5e24-4087-9c21-c954537bb38f:group-7CF380F90C95 changes role from null to FOLLOWER at term 0 for startAsFollower
2019-07-30 19:09:14,136 INFO  impl.RoleInfo (RoleInfo.java:updateAndGet(143)) - d638511a-5e24-4087-9c21-c954537bb38f: start FollowerState
2019-07-30 19:09:14,136 INFO  util.JmxRegister (JmxRegister.java:tryRegister(44)) - Successfully registered JMX Bean with object name Ratis:service=RaftServer,group=group-7CF380F90C95,id=d638511a-5e24-4087-9c21-c954537bb38f
2019-07-30 19:09:14,139 INFO  pipeline.PipelineStateManager (PipelineStateManager.java:addPipeline(56)) - Created pipeline Pipeline[ Id: e6361a10-7497-419f-bd63-7cf380f90c95, Nodes: d638511a-5e24-4087-9c21-c954537bb38f{ip: 192.168.5.147, host: byscane-nightly-d7s94-1643579034, networkLocation: /default-rack, certSerialId: null}, Type:RATIS, Factor:ONE, State:OPEN]
2019-07-30 19:09:15,098 INFO  ozone.MiniOzoneClusterImpl (MiniOzoneClusterImpl.java:lambda$waitForClusterToBeReady$0(142)) - Cluster is ready. Got 7 of 7 DN Heartbeats.
2019-07-30 19:09:15,129 INFO  rpc.RpcClient (RpcClient.java:createVolume(288)) - Creating Volume: testblockoutputstream, with jenkins1000 as owner.
2019-07-30 19:09:15,143 INFO  rpc.RpcClient (RpcClient.java:createBucket(425)) - Creating Bucket: testblockoutputstream/testblockoutputstream, with Versioning false and Storage Type set to DISK and Encryption set to false 
2019-07-30 19:09:15,174 INFO  client.GrpcClientProtocolClient (GrpcClientProtocolClient.java:onNext(255)) - client-255BF5B60197->d4a1584e-cb70-4ee5-af95-55a8048f0ebc: receive RaftClientReply:client-255BF5B60197->d4a1584e-cb70-4ee5-af95-55a8048f0ebc@group-718A249F18BF, cid=181, FAILED org.apache.ratis.protocol.NotLeaderException: Server d4a1584e-cb70-4ee5-af95-55a8048f0ebc is not the leader (null). Request must be sent to leader., logIndex=0, commits[d4a1584e-cb70-4ee5-af95-55a8048f0ebc:c-1]
2019-07-30 19:09:15,818 INFO  container.ReplicationManager (ReplicationManager.java:start(155)) - Starting Replication Monitor Thread.
2019-07-30 19:09:15,822 INFO  container.ReplicationManager (ReplicationManager.java:run(207)) - Replication Monitor Thread took 0 milliseconds for processing 1 containers.
2019-07-30 19:09:16,196 INFO  client.GrpcClientProtocolClient (GrpcClientProtocolClient.java:onNext(255)) - client-255BF5B60197->17e40c1e-c940-4ebb-a12b-9c31941c5380: receive RaftClientReply:client-255BF5B60197->17e40c1e-c940-4ebb-a12b-9c31941c5380@group-718A249F18BF, cid=181, FAILED org.apache.ratis.protocol.NotLeaderException: Server 17e40c1e-c940-4ebb-a12b-9c31941c5380 is not the leader (null). Request must be sent to leader., logIndex=0, commits[17e40c1e-c940-4ebb-a12b-9c31941c5380:c-1]
2019-07-30 19:09:17,205 INFO  client.GrpcClientProtocolClient (GrpcClientProtocolClient.java:onNext(255)) - client-255BF5B60197->8c2f1eda-c807-47b9-b017-472574b97a9c: receive RaftClientReply:client-255BF5B60197->8c2f1eda-c807-47b9-b017-472574b97a9c@group-718A249F18BF, cid=181, FAILED org.apache.ratis.protocol.NotLeaderException: Server 8c2f1eda-c807-47b9-b017-472574b97a9c is not the leader (null). Request must be sent to leader., logIndex=0, commits[8c2f1eda-c807-47b9-b017-472574b97a9c:c-1]
2019-07-30 19:09:18,048 INFO  impl.FollowerState (FollowerState.java:run(106)) - 8c2f1eda-c807-47b9-b017-472574b97a9c:group-6598C072D42B changes to CANDIDATE, lastRpcTime:5176, electionTimeout:5176ms
2019-07-30 19:09:18,049 INFO  impl.RoleInfo (RoleInfo.java:shutdownFollowerState(121)) - 8c2f1eda-c807-47b9-b017-472574b97a9c: shutdown FollowerState
2019-07-30 19:09:18,049 INFO  impl.RaftServerImpl (RaftServerImpl.java:setRole(171)) - 8c2f1eda-c807-47b9-b017-472574b97a9c:group-6598C072D42B changes role from FOLLOWER to CANDIDATE at term 0 for changeToCandidate
2019-07-30 19:09:18,049 INFO  impl.RoleInfo (RoleInfo.java:updateAndGet(143)) - 8c2f1eda-c807-47b9-b017-472574b97a9c: start LeaderElection
2019-07-30 19:09:18,062 INFO  impl.LeaderElection (LeaderElection.java:askForVotes(181)) - 8c2f1eda-c807-47b9-b017-472574b97a9c:group-6598C072D42B:LeaderElection66: begin an election at term 1 for -1: [8c2f1eda-c807-47b9-b017-472574b97a9c:192.168.5.147:42899], old=null
2019-07-30 19:09:18,062 INFO  impl.RoleInfo (RoleInfo.java:shutdownLeaderElection(134)) - 8c2f1eda-c807-47b9-b017-472574b97a9c: shutdown LeaderElection
2019-07-30 19:09:18,062 INFO  impl.RaftServerImpl (RaftServerImpl.java:setRole(171)) - 8c2f1eda-c807-47b9-b017-472574b97a9c:group-6598C072D42B changes role from CANDIDATE to LEADER at term 1 for changeToLeader
2019-07-30 19:09:18,063 INFO  impl.RaftServerImpl (ServerState.java:setLeader(263)) - 8c2f1eda-c807-47b9-b017-472574b97a9c:group-6598C072D42B change Leader from null to 8c2f1eda-c807-47b9-b017-472574b97a9c at term 1 for becomeLeader, leader elected after 5195ms
2019-07-30 19:09:18,063 INFO  impl.FollowerState (FollowerState.java:run(106)) - d4a1584e-cb70-4ee5-af95-55a8048f0ebc:group-DFB00C36D98F changes to CANDIDATE, lastRpcTime:5053, electionTimeout:5053ms
2019-07-30 19:09:18,063 INFO  server.RaftServerConfigKeys (ConfUtils.java:logGet(43)) - raft.server.staging.catchup.gap = 1000 (default)
2019-07-30 19:09:18,063 INFO  impl.RoleInfo (RoleInfo.java:shutdownFollowerState(121)) - d4a1584e-cb70-4ee5-af95-55a8048f0ebc: shutdown FollowerState
2019-07-30 19:09:18,063 INFO  server.RaftServerConfigKeys (ConfUtils.java:logGet(43)) - raft.server.rpc.sleep.time = 25ms (default)
2019-07-30 19:09:18,063 INFO  impl.RaftServerImpl (RaftServerImpl.java:setRole(171)) - d4a1584e-cb70-4ee5-af95-55a8048f0ebc:group-DFB00C36D98F changes role from FOLLOWER to CANDIDATE at term 0 for changeToCandidate
2019-07-30 19:09:18,063 INFO  server.RaftServerConfigKeys (ConfUtils.java:logGet(43)) - raft.server.write.element-limit = 4096 (default)
2019-07-30 19:09:18,063 INFO  impl.RoleInfo (RoleInfo.java:updateAndGet(143)) - d4a1584e-cb70-4ee5-af95-55a8048f0ebc: start LeaderElection
2019-07-30 19:09:18,063 INFO  server.RaftServerConfigKeys (ConfUtils.java:logGet(43)) - raft.server.watch.timeout = 10s (default)
2019-07-30 19:09:18,064 INFO  server.RaftServerConfigKeys (ConfUtils.java:logGet(43)) - raft.server.watch.timeout.denomination = 1s (default)
2019-07-30 19:09:18,066 INFO  server.RaftServerConfigKeys (ConfUtils.java:logGet(43)) - raft.server.watch.element-limit = 65536 (default)
2019-07-30 19:09:18,070 INFO  impl.RoleInfo (RoleInfo.java:updateAndGet(143)) - 8c2f1eda-c807-47b9-b017-472574b97a9c: start LeaderState
2019-07-30 19:09:18,070 INFO  segmented.SegmentedRaftLogWorker (SegmentedRaftLogWorker.java:startLogSegment(380)) - 8c2f1eda-c807-47b9-b017-472574b97a9c-SegmentedRaftLogWorker:Storage Directory /workdir/hadoop-ozone/integration-test/target/test-dir/MiniOzoneClusterImpl-599158a6-0443-46a4-b5c4-980fc9d60a3e/datanode-0/data/ratis/fb1a140c-66b4-43b9-8456-6598c072d42b: Starting segment from index:0
2019-07-30 19:09:18,071 INFO  impl.RaftServerImpl (ServerState.java:setRaftConf(361)) - 8c2f1eda-c807-47b9-b017-472574b97a9c:group-6598C072D42B set configuration 0: [8c2f1eda-c807-47b9-b017-472574b97a9c:192.168.5.147:42899], old=null at 0
2019-07-30 19:09:18,108 INFO  impl.LeaderElection (LeaderElection.java:askForVotes(181)) - d4a1584e-cb70-4ee5-af95-55a8048f0ebc:group-DFB00C36D98F:LeaderElection67: begin an election at term 1 for -1: [d4a1584e-cb70-4ee5-af95-55a8048f0ebc:192.168.5.147:42231], old=null
2019-07-30 19:09:18,108 INFO  impl.RoleInfo (RoleInfo.java:shutdownLeaderElection(134)) - d4a1584e-cb70-4ee5-af95-55a8048f0ebc: shutdown LeaderElection
2019-07-30 19:09:18,108 INFO  impl.RaftServerImpl (RaftServerImpl.java:setRole(171)) - d4a1584e-cb70-4ee5-af95-55a8048f0ebc:group-DFB00C36D98F changes role from CANDIDATE to LEADER at term 1 for changeToLeader
2019-07-30 19:09:18,108 INFO  impl.RaftServerImpl (ServerState.java:setLeader(263)) - d4a1584e-cb70-4ee5-af95-55a8048f0ebc:group-DFB00C36D98F change Leader from null to d4a1584e-cb70-4ee5-af95-55a8048f0ebc at term 1 for becomeLeader, leader elected after 5102ms
2019-07-30 19:09:18,109 INFO  server.RaftServerConfigKeys (ConfUtils.java:logGet(43)) - raft.server.staging.catchup.gap = 1000 (default)
2019-07-30 19:09:18,109 INFO  server.RaftServerConfigKeys (ConfUtils.java:logGet(43)) - raft.server.rpc.sleep.time = 25ms (default)
2019-07-30 19:09:18,109 INFO  server.RaftServerConfigKeys (ConfUtils.java:logGet(43)) - raft.server.write.element-limit = 4096 (default)
2019-07-30 19:09:18,109 INFO  server.RaftServerConfigKeys (ConfUtils.java:logGet(43)) - raft.server.watch.timeout = 10s (default)
2019-07-30 19:09:18,109 INFO  server.RaftServerConfigKeys (ConfUtils.java:logGet(43)) - raft.server.watch.timeout.denomination = 1s (default)
2019-07-30 19:09:18,109 INFO  server.RaftServerConfigKeys (ConfUtils.java:logGet(43)) - raft.server.watch.element-limit = 65536 (default)
2019-07-30 19:09:18,110 INFO  impl.RoleInfo (RoleInfo.java:updateAndGet(143)) - d4a1584e-cb70-4ee5-af95-55a8048f0ebc: start LeaderState
2019-07-30 19:09:18,110 INFO  segmented.SegmentedRaftLogWorker (SegmentedRaftLogWorker.java:startLogSegment(380)) - d4a1584e-cb70-4ee5-af95-55a8048f0ebc-SegmentedRaftLogWorker:Storage Directory /workdir/hadoop-ozone/integration-test/target/test-dir/MiniOzoneClusterImpl-599158a6-0443-46a4-b5c4-980fc9d60a3e/datanode-1/data/ratis/bc22d391-f464-4c4d-aebc-dfb00c36d98f: Starting segment from index:0
2019-07-30 19:09:18,111 INFO  impl.RaftServerImpl (ServerState.java:setRaftConf(361)) - d4a1584e-cb70-4ee5-af95-55a8048f0ebc:group-DFB00C36D98F set configuration 0: [d4a1584e-cb70-4ee5-af95-55a8048f0ebc:192.168.5.147:42231], old=null at 0
2019-07-30 19:09:18,144 INFO  segmented.SegmentedRaftLogWorker (SegmentedRaftLogWorker.java:execute(569)) - 8c2f1eda-c807-47b9-b017-472574b97a9c-SegmentedRaftLogWorker:Storage Directory /workdir/hadoop-ozone/integration-test/target/test-dir/MiniOzoneClusterImpl-599158a6-0443-46a4-b5c4-980fc9d60a3e/datanode-0/data/ratis/fb1a140c-66b4-43b9-8456-6598c072d42b: created new log segment /workdir/hadoop-ozone/integration-test/target/test-dir/MiniOzoneClusterImpl-599158a6-0443-46a4-b5c4-980fc9d60a3e/datanode-0/data/ratis/fb1a140c-66b4-43b9-8456-6598c072d42b/current/log_inprogress_0
2019-07-30 19:09:18,148 INFO  segmented.SegmentedRaftLogWorker (SegmentedRaftLogWorker.java:execute(569)) - d4a1584e-cb70-4ee5-af95-55a8048f0ebc-SegmentedRaftLogWorker:Storage Directory /workdir/hadoop-ozone/integration-test/target/test-dir/MiniOzoneClusterImpl-599158a6-0443-46a4-b5c4-980fc9d60a3e/datanode-1/data/ratis/bc22d391-f464-4c4d-aebc-dfb00c36d98f: created new log segment /workdir/hadoop-ozone/integration-test/target/test-dir/MiniOzoneClusterImpl-599158a6-0443-46a4-b5c4-980fc9d60a3e/datanode-1/data/ratis/bc22d391-f464-4c4d-aebc-dfb00c36d98f/current/log_inprogress_0
2019-07-30 19:09:18,216 INFO  client.GrpcClientProtocolClient (GrpcClientProtocolClient.java:onNext(255)) - client-255BF5B60197->d4a1584e-cb70-4ee5-af95-55a8048f0ebc: receive RaftClientReply:client-255BF5B60197->d4a1584e-cb70-4ee5-af95-55a8048f0ebc@group-718A249F18BF, cid=181, FAILED org.apache.ratis.protocol.NotLeaderException: Server d4a1584e-cb70-4ee5-af95-55a8048f0ebc is not the leader (null). Request must be sent to leader., logIndex=0, commits[d4a1584e-cb70-4ee5-af95-55a8048f0ebc:c-1]
2019-07-30 19:09:18,230 INFO  impl.FollowerState (FollowerState.java:run(106)) - d4a1584e-cb70-4ee5-af95-55a8048f0ebc:group-718A249F18BF changes to CANDIDATE, lastRpcTime:5010, electionTimeout:5010ms
2019-07-30 19:09:18,230 INFO  impl.RoleInfo (RoleInfo.java:shutdownFollowerState(121)) - d4a1584e-cb70-4ee5-af95-55a8048f0ebc: shutdown FollowerState
2019-07-30 19:09:18,230 INFO  impl.RaftServerImpl (RaftServerImpl.java:setRole(171)) - d4a1584e-cb70-4ee5-af95-55a8048f0ebc:group-718A249F18BF changes role from FOLLOWER to CANDIDATE at term 0 for changeToCandidate
2019-07-30 19:09:18,230 INFO  impl.RoleInfo (RoleInfo.java:updateAndGet(143)) - d4a1584e-cb70-4ee5-af95-55a8048f0ebc: start LeaderElection
2019-07-30 19:09:18,256 INFO  impl.LeaderElection (LeaderElection.java:askForVotes(181)) - d4a1584e-cb70-4ee5-af95-55a8048f0ebc:group-718A249F18BF:LeaderElection68: begin an election at term 1 for -1: [d4a1584e-cb70-4ee5-af95-55a8048f0ebc:192.168.5.147:42231, 8c2f1eda-c807-47b9-b017-472574b97a9c:192.168.5.147:42899, 17e40c1e-c940-4ebb-a12b-9c31941c5380:192.168.5.147:44489], old=null
2019-07-30 19:09:18,262 INFO  impl.RaftServerImpl (RaftServerImpl.java:setRole(171)) - 8c2f1eda-c807-47b9-b017-472574b97a9c:group-718A249F18BF changes role from FOLLOWER to FOLLOWER at term 1 for recognizeCandidate:d4a1584e-cb70-4ee5-af95-55a8048f0ebc
2019-07-30 19:09:18,262 INFO  impl.RoleInfo (RoleInfo.java:shutdownFollowerState(121)) - 8c2f1eda-c807-47b9-b017-472574b97a9c: shutdown FollowerState
2019-07-30 19:09:18,262 INFO  impl.RaftServerImpl (RaftServerImpl.java:setRole(171)) - 17e40c1e-c940-4ebb-a12b-9c31941c5380:group-718A249F18BF changes role from FOLLOWER to FOLLOWER at term 1 for recognizeCandidate:d4a1584e-cb70-4ee5-af95-55a8048f0ebc
2019-07-30 19:09:18,263 INFO  impl.FollowerState (FollowerState.java:run(114)) - 8c2f1eda-c807-47b9-b017-472574b97a9c: FollowerState was interrupted: java.lang.InterruptedException: sleep interrupted
2019-07-30 19:09:18,263 INFO  impl.RoleInfo (RoleInfo.java:updateAndGet(143)) - 8c2f1eda-c807-47b9-b017-472574b97a9c: start FollowerState
2019-07-30 19:09:18,263 INFO  impl.RoleInfo (RoleInfo.java:shutdownFollowerState(121)) - 17e40c1e-c940-4ebb-a12b-9c31941c5380: shutdown FollowerState
2019-07-30 19:09:18,266 INFO  impl.RoleInfo (RoleInfo.java:updateAndGet(143)) - 17e40c1e-c940-4ebb-a12b-9c31941c5380: start FollowerState
2019-07-30 19:09:18,266 INFO  impl.FollowerState (FollowerState.java:run(114)) - 17e40c1e-c940-4ebb-a12b-9c31941c5380: FollowerState was interrupted: java.lang.InterruptedException: sleep interrupted
2019-07-30 19:09:18,274 INFO  impl.LeaderElection (LeaderElection.java:logAndReturn(56)) - d4a1584e-cb70-4ee5-af95-55a8048f0ebc:group-718A249F18BF:LeaderElection68: Election PASSED; received 1 response(s) [d4a1584e-cb70-4ee5-af95-55a8048f0ebc<-8c2f1eda-c807-47b9-b017-472574b97a9c#0:OK-t1] and 0 exception(s); d4a1584e-cb70-4ee5-af95-55a8048f0ebc:t1, leader=null, voted=d4a1584e-cb70-4ee5-af95-55a8048f0ebc, raftlog=d4a1584e-cb70-4ee5-af95-55a8048f0ebc-SegmentedRaftLog:OPENED:c-1,f-1,i0, conf=-1: [d4a1584e-cb70-4ee5-af95-55a8048f0ebc:192.168.5.147:42231, 8c2f1eda-c807-47b9-b017-472574b97a9c:192.168.5.147:42899, 17e40c1e-c940-4ebb-a12b-9c31941c5380:192.168.5.147:44489], old=null
2019-07-30 19:09:18,274 INFO  impl.RoleInfo (RoleInfo.java:shutdownLeaderElection(134)) - d4a1584e-cb70-4ee5-af95-55a8048f0ebc: shutdown LeaderElection
2019-07-30 19:09:18,274 INFO  impl.RaftServerImpl (RaftServerImpl.java:setRole(171)) - d4a1584e-cb70-4ee5-af95-55a8048f0ebc:group-718A249F18BF changes role from CANDIDATE to LEADER at term 1 for changeToLeader
2019-07-30 19:09:18,274 INFO  impl.RaftServerImpl (ServerState.java:setLeader(263)) - d4a1584e-cb70-4ee5-af95-55a8048f0ebc:group-718A249F18BF change Leader from null to d4a1584e-cb70-4ee5-af95-55a8048f0ebc at term 1 for becomeLeader, leader elected after 5063ms
2019-07-30 19:09:18,275 INFO  server.RaftServerConfigKeys (ConfUtils.java:logGet(43)) - raft.server.staging.catchup.gap = 1000 (default)
2019-07-30 19:09:18,275 INFO  server.RaftServerConfigKeys (ConfUtils.java:logGet(43)) - raft.server.rpc.sleep.time = 25ms (default)
2019-07-30 19:09:18,275 INFO  server.RaftServerConfigKeys (ConfUtils.java:logGet(43)) - raft.server.write.element-limit = 4096 (default)
2019-07-30 19:09:18,275 INFO  server.RaftServerConfigKeys (ConfUtils.java:logGet(43)) - raft.server.watch.timeout = 10s (default)
2019-07-30 19:09:18,275 INFO  server.RaftServerConfigKeys (ConfUtils.java:logGet(43)) - raft.server.watch.timeout.denomination = 1s (default)
2019-07-30 19:09:18,275 INFO  server.RaftServerConfigKeys (ConfUtils.java:logGet(43)) - raft.server.watch.element-limit = 65536 (default)
2019-07-30 19:09:18,276 INFO  server.RaftServerConfigKeys (ConfUtils.java:logGet(43)) - raft.server.log.appender.snapshot.chunk.size.max = 16MB (=16777216) (default)
2019-07-30 19:09:18,276 INFO  server.RaftServerConfigKeys (ConfUtils.java:logGet(43)) - raft.server.log.appender.buffer.byte-limit = 33554432 (custom)
2019-07-30 19:09:18,276 INFO  server.RaftServerConfigKeys (ConfUtils.java:logGet(43)) - raft.server.log.appender.buffer.element-limit = 1 (custom)
2019-07-30 19:09:18,276 INFO  grpc.GrpcConfigKeys$Server (ConfUtils.java:logGet(43)) - raft.grpc.server.leader.outstanding.appends.max = 128 (default)
2019-07-30 19:09:18,277 INFO  server.RaftServerConfigKeys (ConfUtils.java:logGet(43)) - raft.server.rpc.request.timeout = 3000ms (default)
2019-07-30 19:09:18,277 INFO  server.RaftServerConfigKeys (ConfUtils.java:logGet(43)) - raft.server.log.appender.install.snapshot.enabled = false (custom)
2019-07-30 19:09:18,277 INFO  server.RaftServerConfigKeys (ConfUtils.java:logGet(43)) - raft.server.log.appender.snapshot.chunk.size.max = 16MB (=16777216) (default)
2019-07-30 19:09:18,277 INFO  server.RaftServerConfigKeys (ConfUtils.java:logGet(43)) - raft.server.log.appender.buffer.byte-limit = 33554432 (custom)
2019-07-30 19:09:18,277 INFO  server.RaftServerConfigKeys (ConfUtils.java:logGet(43)) - raft.server.log.appender.buffer.element-limit = 1 (custom)
2019-07-30 19:09:18,277 INFO  grpc.GrpcConfigKeys$Server (ConfUtils.java:logGet(43)) - raft.grpc.server.leader.outstanding.appends.max = 128 (default)
2019-07-30 19:09:18,278 INFO  server.RaftServerConfigKeys (ConfUtils.java:logGet(43)) - raft.server.rpc.request.timeout = 3000ms (default)
2019-07-30 19:09:18,278 INFO  server.RaftServerConfigKeys (ConfUtils.java:logGet(43)) - raft.server.log.appender.install.snapshot.enabled = false (custom)
2019-07-30 19:09:18,278 INFO  impl.RoleInfo (RoleInfo.java:updateAndGet(143)) - d4a1584e-cb70-4ee5-af95-55a8048f0ebc: start LeaderState
2019-07-30 19:09:18,278 INFO  segmented.SegmentedRaftLogWorker (SegmentedRaftLogWorker.java:startLogSegment(380)) - d4a1584e-cb70-4ee5-af95-55a8048f0ebc-SegmentedRaftLogWorker:Storage Directory /workdir/hadoop-ozone/integration-test/target/test-dir/MiniOzoneClusterImpl-599158a6-0443-46a4-b5c4-980fc9d60a3e/datanode-1/data/ratis/c3c9a71f-b313-4d7c-917d-718a249f18bf: Starting segment from index:0
2019-07-30 19:09:18,299 INFO  impl.RaftServerImpl (ServerState.java:setRaftConf(361)) - d4a1584e-cb70-4ee5-af95-55a8048f0ebc:group-718A249F18BF set configuration 0: [d4a1584e-cb70-4ee5-af95-55a8048f0ebc:192.168.5.147:42231, 8c2f1eda-c807-47b9-b017-472574b97a9c:192.168.5.147:42899, 17e40c1e-c940-4ebb-a12b-9c31941c5380:192.168.5.147:44489], old=null at 0
2019-07-30 19:09:18,303 INFO  impl.RaftServerImpl (ServerState.java:setLeader(263)) - 17e40c1e-c940-4ebb-a12b-9c31941c5380:group-718A249F18BF change Leader from null to d4a1584e-cb70-4ee5-af95-55a8048f0ebc at term 1 for appendEntries, leader elected after 5092ms
2019-07-30 19:09:18,306 INFO  impl.RaftServerImpl (ServerState.java:setLeader(263)) - 8c2f1eda-c807-47b9-b017-472574b97a9c:group-718A249F18BF change Leader from null to d4a1584e-cb70-4ee5-af95-55a8048f0ebc at term 1 for appendEntries, leader elected after 5095ms
2019-07-30 19:09:18,308 INFO  impl.RaftServerImpl (ServerState.java:setRaftConf(361)) - 17e40c1e-c940-4ebb-a12b-9c31941c5380:group-718A249F18BF set configuration 0: [d4a1584e-cb70-4ee5-af95-55a8048f0ebc:192.168.5.147:42231, 8c2f1eda-c807-47b9-b017-472574b97a9c:192.168.5.147:42899, 17e40c1e-c940-4ebb-a12b-9c31941c5380:192.168.5.147:44489], old=null at 0
2019-07-30 19:09:18,308 INFO  impl.RaftServerImpl (ServerState.java:setRaftConf(361)) - 8c2f1eda-c807-47b9-b017-472574b97a9c:group-718A249F18BF set configuration 0: [d4a1584e-cb70-4ee5-af95-55a8048f0ebc:192.168.5.147:42231, 8c2f1eda-c807-47b9-b017-472574b97a9c:192.168.5.147:42899, 17e40c1e-c940-4ebb-a12b-9c31941c5380:192.168.5.147:44489], old=null at 0
2019-07-30 19:09:18,308 INFO  segmented.SegmentedRaftLogWorker (SegmentedRaftLogWorker.java:startLogSegment(380)) - 17e40c1e-c940-4ebb-a12b-9c31941c5380-SegmentedRaftLogWorker:Storage Directory /workdir/hadoop-ozone/integration-test/target/test-dir/MiniOzoneClusterImpl-599158a6-0443-46a4-b5c4-980fc9d60a3e/datanode-2/data/ratis/c3c9a71f-b313-4d7c-917d-718a249f18bf: Starting segment from index:0
2019-07-30 19:09:18,309 INFO  segmented.SegmentedRaftLogWorker (SegmentedRaftLogWorker.java:startLogSegment(380)) - 8c2f1eda-c807-47b9-b017-472574b97a9c-SegmentedRaftLogWorker:Storage Directory /workdir/hadoop-ozone/integration-test/target/test-dir/MiniOzoneClusterImpl-599158a6-0443-46a4-b5c4-980fc9d60a3e/datanode-0/data/ratis/c3c9a71f-b313-4d7c-917d-718a249f18bf: Starting segment from index:0
2019-07-30 19:09:18,310 INFO  segmented.SegmentedRaftLogWorker (SegmentedRaftLogWorker.java:execute(569)) - d4a1584e-cb70-4ee5-af95-55a8048f0ebc-SegmentedRaftLogWorker:Storage Directory /workdir/hadoop-ozone/integration-test/target/test-dir/MiniOzoneClusterImpl-599158a6-0443-46a4-b5c4-980fc9d60a3e/datanode-1/data/ratis/c3c9a71f-b313-4d7c-917d-718a249f18bf: created new log segment /workdir/hadoop-ozone/integration-test/target/test-dir/MiniOzoneClusterImpl-599158a6-0443-46a4-b5c4-980fc9d60a3e/datanode-1/data/ratis/c3c9a71f-b313-4d7c-917d-718a249f18bf/current/log_inprogress_0
2019-07-30 19:09:18,344 INFO  segmented.SegmentedRaftLogWorker (SegmentedRaftLogWorker.java:execute(569)) - 17e40c1e-c940-4ebb-a12b-9c31941c5380-SegmentedRaftLogWorker:Storage Directory /workdir/hadoop-ozone/integration-test/target/test-dir/MiniOzoneClusterImpl-599158a6-0443-46a4-b5c4-980fc9d60a3e/datanode-2/data/ratis/c3c9a71f-b313-4d7c-917d-718a249f18bf: created new log segment /workdir/hadoop-ozone/integration-test/target/test-dir/MiniOzoneClusterImpl-599158a6-0443-46a4-b5c4-980fc9d60a3e/datanode-2/data/ratis/c3c9a71f-b313-4d7c-917d-718a249f18bf/current/log_inprogress_0
2019-07-30 19:09:18,344 INFO  segmented.SegmentedRaftLogWorker (SegmentedRaftLogWorker.java:execute(569)) - 8c2f1eda-c807-47b9-b017-472574b97a9c-SegmentedRaftLogWorker:Storage Directory /workdir/hadoop-ozone/integration-test/target/test-dir/MiniOzoneClusterImpl-599158a6-0443-46a4-b5c4-980fc9d60a3e/datanode-0/data/ratis/c3c9a71f-b313-4d7c-917d-718a249f18bf: created new log segment /workdir/hadoop-ozone/integration-test/target/test-dir/MiniOzoneClusterImpl-599158a6-0443-46a4-b5c4-980fc9d60a3e/datanode-0/data/ratis/c3c9a71f-b313-4d7c-917d-718a249f18bf/current/log_inprogress_0
2019-07-30 19:09:18,363 INFO  impl.FollowerState (FollowerState.java:run(106)) - 17e40c1e-c940-4ebb-a12b-9c31941c5380:group-7459B1BC3961 changes to CANDIDATE, lastRpcTime:5178, electionTimeout:5178ms
2019-07-30 19:09:18,363 INFO  impl.RoleInfo (RoleInfo.java:shutdownFollowerState(121)) - 17e40c1e-c940-4ebb-a12b-9c31941c5380: shutdown FollowerState
2019-07-30 19:09:18,363 INFO  impl.RaftServerImpl (RaftServerImpl.java:setRole(171)) - 17e40c1e-c940-4ebb-a12b-9c31941c5380:group-7459B1BC3961 changes role from FOLLOWER to CANDIDATE at term 0 for changeToCandidate
2019-07-30 19:09:18,363 INFO  impl.RoleInfo (RoleInfo.java:updateAndGet(143)) - 17e40c1e-c940-4ebb-a12b-9c31941c5380: start LeaderElection
2019-07-30 19:09:18,373 INFO  impl.LeaderElection (LeaderElection.java:askForVotes(181)) - 17e40c1e-c940-4ebb-a12b-9c31941c5380:group-7459B1BC3961:LeaderElection69: begin an election at term 1 for -1: [17e40c1e-c940-4ebb-a12b-9c31941c5380:192.168.5.147:44489], old=null
2019-07-30 19:09:18,373 INFO  impl.RoleInfo (RoleInfo.java:shutdownLeaderElection(134)) - 17e40c1e-c940-4ebb-a12b-9c31941c5380: shutdown LeaderElection
2019-07-30 19:09:18,373 INFO  impl.RaftServerImpl (RaftServerImpl.java:setRole(171)) - 17e40c1e-c940-4ebb-a12b-9c31941c5380:group-7459B1BC3961 changes role from CANDIDATE to LEADER at term 1 for changeToLeader
2019-07-30 19:09:18,373 INFO  impl.RaftServerImpl (ServerState.java:setLeader(263)) - 17e40c1e-c940-4ebb-a12b-9c31941c5380:group-7459B1BC3961 change Leader from null to 17e40c1e-c940-4ebb-a12b-9c31941c5380 at term 1 for becomeLeader, leader elected after 5192ms
2019-07-30 19:09:18,373 INFO  server.RaftServerConfigKeys (ConfUtils.java:logGet(43)) - raft.server.staging.catchup.gap = 1000 (default)
2019-07-30 19:09:18,373 INFO  server.RaftServerConfigKeys (ConfUtils.java:logGet(43)) - raft.server.rpc.sleep.time = 25ms (default)
2019-07-30 19:09:18,374 INFO  server.RaftServerConfigKeys (ConfUtils.java:logGet(43)) - raft.server.write.element-limit = 4096 (default)
2019-07-30 19:09:18,374 INFO  server.RaftServerConfigKeys (ConfUtils.java:logGet(43)) - raft.server.watch.timeout = 10s (default)
2019-07-30 19:09:18,374 INFO  server.RaftServerConfigKeys (ConfUtils.java:logGet(43)) - raft.server.watch.timeout.denomination = 1s (default)
2019-07-30 19:09:18,374 INFO  server.RaftServerConfigKeys (ConfUtils.java:logGet(43)) - raft.server.watch.element-limit = 65536 (default)
2019-07-30 19:09:18,374 INFO  impl.RoleInfo (RoleInfo.java:updateAndGet(143)) - 17e40c1e-c940-4ebb-a12b-9c31941c5380: start LeaderState
2019-07-30 19:09:18,374 INFO  segmented.SegmentedRaftLogWorker (SegmentedRaftLogWorker.java:startLogSegment(380)) - 17e40c1e-c940-4ebb-a12b-9c31941c5380-SegmentedRaftLogWorker:Storage Directory /workdir/hadoop-ozone/integration-test/target/test-dir/MiniOzoneClusterImpl-599158a6-0443-46a4-b5c4-980fc9d60a3e/datanode-2/data/ratis/bb304cb6-4066-4875-b6f9-7459b1bc3961: Starting segment from index:0
2019-07-30 19:09:18,375 INFO  impl.RaftServerImpl (ServerState.java:setRaftConf(361)) - 17e40c1e-c940-4ebb-a12b-9c31941c5380:group-7459B1BC3961 set configuration 0: [17e40c1e-c940-4ebb-a12b-9c31941c5380:192.168.5.147:44489], old=null at 0
2019-07-30 19:09:18,427 INFO  segmented.SegmentedRaftLogWorker (SegmentedRaftLogWorker.java:execute(569)) - 17e40c1e-c940-4ebb-a12b-9c31941c5380-SegmentedRaftLogWorker:Storage Directory /workdir/hadoop-ozone/integration-test/target/test-dir/MiniOzoneClusterImpl-599158a6-0443-46a4-b5c4-980fc9d60a3e/datanode-2/data/ratis/bb304cb6-4066-4875-b6f9-7459b1bc3961: created new log segment /workdir/hadoop-ozone/integration-test/target/test-dir/MiniOzoneClusterImpl-599158a6-0443-46a4-b5c4-980fc9d60a3e/datanode-2/data/ratis/bb304cb6-4066-4875-b6f9-7459b1bc3961/current/log_inprogress_0
2019-07-30 19:09:18,664 INFO  impl.FollowerState (FollowerState.java:run(106)) - d02ed320-20ae-4dd8-aaaa-32c3d015d6d9:group-0FFBC94D425A changes to CANDIDATE, lastRpcTime:5086, electionTimeout:5086ms
2019-07-30 19:09:18,664 INFO  impl.RoleInfo (RoleInfo.java:shutdownFollowerState(121)) - d02ed320-20ae-4dd8-aaaa-32c3d015d6d9: shutdown FollowerState
2019-07-30 19:09:18,664 INFO  impl.RaftServerImpl (RaftServerImpl.java:setRole(171)) - d02ed320-20ae-4dd8-aaaa-32c3d015d6d9:group-0FFBC94D425A changes role from FOLLOWER to CANDIDATE at term 0 for changeToCandidate
2019-07-30 19:09:18,665 INFO  impl.RoleInfo (RoleInfo.java:updateAndGet(143)) - d02ed320-20ae-4dd8-aaaa-32c3d015d6d9: start LeaderElection
2019-07-30 19:09:18,676 INFO  impl.LeaderElection (LeaderElection.java:askForVotes(181)) - d02ed320-20ae-4dd8-aaaa-32c3d015d6d9:group-0FFBC94D425A:LeaderElection70: begin an election at term 1 for -1: [d02ed320-20ae-4dd8-aaaa-32c3d015d6d9:192.168.5.147:38936], old=null
2019-07-30 19:09:18,676 INFO  impl.RoleInfo (RoleInfo.java:shutdownLeaderElection(134)) - d02ed320-20ae-4dd8-aaaa-32c3d015d6d9: shutdown LeaderElection
2019-07-30 19:09:18,677 INFO  impl.RaftServerImpl (RaftServerImpl.java:setRole(171)) - d02ed320-20ae-4dd8-aaaa-32c3d015d6d9:group-0FFBC94D425A changes role from CANDIDATE to LEADER at term 1 for changeToLeader
2019-07-30 19:09:18,677 INFO  impl.RaftServerImpl (ServerState.java:setLeader(263)) - d02ed320-20ae-4dd8-aaaa-32c3d015d6d9:group-0FFBC94D425A change Leader from null to d02ed320-20ae-4dd8-aaaa-32c3d015d6d9 at term 1 for becomeLeader, leader elected after 5103ms
2019-07-30 19:09:18,677 INFO  server.RaftServerConfigKeys (ConfUtils.java:logGet(43)) - raft.server.staging.catchup.gap = 1000 (default)
2019-07-30 19:09:18,677 INFO  server.RaftServerConfigKeys (ConfUtils.java:logGet(43)) - raft.server.rpc.sleep.time = 25ms (default)
2019-07-30 19:09:18,677 INFO  server.RaftServerConfigKeys (ConfUtils.java:logGet(43)) - raft.server.write.element-limit = 4096 (default)
2019-07-30 19:09:18,677 INFO  server.RaftServerConfigKeys (ConfUtils.java:logGet(43)) - raft.server.watch.timeout = 10s (default)
2019-07-30 19:09:18,678 INFO  server.RaftServerConfigKeys (ConfUtils.java:logGet(43)) - raft.server.watch.timeout.denomination = 1s (default)
2019-07-30 19:09:18,678 INFO  server.RaftServerConfigKeys (ConfUtils.java:logGet(43)) - raft.server.watch.element-limit = 65536 (default)
2019-07-30 19:09:18,678 INFO  impl.RoleInfo (RoleInfo.java:updateAndGet(143)) - d02ed320-20ae-4dd8-aaaa-32c3d015d6d9: start LeaderState
2019-07-30 19:09:18,678 INFO  segmented.SegmentedRaftLogWorker (SegmentedRaftLogWorker.java:startLogSegment(380)) - d02ed320-20ae-4dd8-aaaa-32c3d015d6d9-SegmentedRaftLogWorker:Storage Directory /workdir/hadoop-ozone/integration-test/target/test-dir/MiniOzoneClusterImpl-599158a6-0443-46a4-b5c4-980fc9d60a3e/datanode-3/data/ratis/6d17b593-8c89-4878-807d-0ffbc94d425a: Starting segment from index:0
2019-07-30 19:09:18,679 INFO  impl.RaftServerImpl (ServerState.java:setRaftConf(361)) - d02ed320-20ae-4dd8-aaaa-32c3d015d6d9:group-0FFBC94D425A set configuration 0: [d02ed320-20ae-4dd8-aaaa-32c3d015d6d9:192.168.5.147:38936], old=null at 0
2019-07-30 19:09:18,707 INFO  segmented.SegmentedRaftLogWorker (SegmentedRaftLogWorker.java:execute(569)) - d02ed320-20ae-4dd8-aaaa-32c3d015d6d9-SegmentedRaftLogWorker:Storage Directory /workdir/hadoop-ozone/integration-test/target/test-dir/MiniOzoneClusterImpl-599158a6-0443-46a4-b5c4-980fc9d60a3e/datanode-3/data/ratis/6d17b593-8c89-4878-807d-0ffbc94d425a: created new log segment /workdir/hadoop-ozone/integration-test/target/test-dir/MiniOzoneClusterImpl-599158a6-0443-46a4-b5c4-980fc9d60a3e/datanode-3/data/ratis/6d17b593-8c89-4878-807d-0ffbc94d425a/current/log_inprogress_0
2019-07-30 19:09:18,832 INFO  impl.FollowerState (FollowerState.java:run(106)) - b5d25f3d-c3f0-492e-8269-30589e3acfee:group-F52E5DF855AD changes to CANDIDATE, lastRpcTime:5079, electionTimeout:5079ms
2019-07-30 19:09:18,832 INFO  impl.RoleInfo (RoleInfo.java:shutdownFollowerState(121)) - b5d25f3d-c3f0-492e-8269-30589e3acfee: shutdown FollowerState
2019-07-30 19:09:18,832 INFO  impl.RaftServerImpl (RaftServerImpl.java:setRole(171)) - b5d25f3d-c3f0-492e-8269-30589e3acfee:group-F52E5DF855AD changes role from FOLLOWER to CANDIDATE at term 0 for changeToCandidate
2019-07-30 19:09:18,832 INFO  impl.RoleInfo (RoleInfo.java:updateAndGet(143)) - b5d25f3d-c3f0-492e-8269-30589e3acfee: start LeaderElection
2019-07-30 19:09:18,850 INFO  impl.LeaderElection (LeaderElection.java:askForVotes(181)) - b5d25f3d-c3f0-492e-8269-30589e3acfee:group-F52E5DF855AD:LeaderElection71: begin an election at term 1 for -1: [b5d25f3d-c3f0-492e-8269-30589e3acfee:192.168.5.147:42427], old=null
2019-07-30 19:09:18,850 INFO  impl.RoleInfo (RoleInfo.java:shutdownLeaderElection(134)) - b5d25f3d-c3f0-492e-8269-30589e3acfee: shutdown LeaderElection
2019-07-30 19:09:18,850 INFO  impl.RaftServerImpl (RaftServerImpl.java:setRole(171)) - b5d25f3d-c3f0-492e-8269-30589e3acfee:group-F52E5DF855AD changes role from CANDIDATE to LEADER at term 1 for changeToLeader
2019-07-30 19:09:18,850 INFO  impl.RaftServerImpl (ServerState.java:setLeader(263)) - b5d25f3d-c3f0-492e-8269-30589e3acfee:group-F52E5DF855AD change Leader from null to b5d25f3d-c3f0-492e-8269-30589e3acfee at term 1 for becomeLeader, leader elected after 5102ms
2019-07-30 19:09:18,851 INFO  server.RaftServerConfigKeys (ConfUtils.java:logGet(43)) - raft.server.staging.catchup.gap = 1000 (default)
2019-07-30 19:09:18,851 INFO  server.RaftServerConfigKeys (ConfUtils.java:logGet(43)) - raft.server.rpc.sleep.time = 25ms (default)
2019-07-30 19:09:18,851 INFO  server.RaftServerConfigKeys (ConfUtils.java:logGet(43)) - raft.server.write.element-limit = 4096 (default)
2019-07-30 19:09:18,851 INFO  server.RaftServerConfigKeys (ConfUtils.java:logGet(43)) - raft.server.watch.timeout = 10s (default)
2019-07-30 19:09:18,851 INFO  server.RaftServerConfigKeys (ConfUtils.java:logGet(43)) - raft.server.watch.timeout.denomination = 1s (default)
2019-07-30 19:09:18,851 INFO  server.RaftServerConfigKeys (ConfUtils.java:logGet(43)) - raft.server.watch.element-limit = 65536 (default)
2019-07-30 19:09:18,852 INFO  impl.RoleInfo (RoleInfo.java:updateAndGet(143)) - b5d25f3d-c3f0-492e-8269-30589e3acfee: start LeaderState
2019-07-30 19:09:18,852 INFO  segmented.SegmentedRaftLogWorker (SegmentedRaftLogWorker.java:startLogSegment(380)) - b5d25f3d-c3f0-492e-8269-30589e3acfee-SegmentedRaftLogWorker:Storage Directory /workdir/hadoop-ozone/integration-test/target/test-dir/MiniOzoneClusterImpl-599158a6-0443-46a4-b5c4-980fc9d60a3e/datanode-4/data/ratis/c33c3c59-2b04-40c9-9930-f52e5df855ad: Starting segment from index:0
2019-07-30 19:09:18,852 INFO  impl.RaftServerImpl (ServerState.java:setRaftConf(361)) - b5d25f3d-c3f0-492e-8269-30589e3acfee:group-F52E5DF855AD set configuration 0: [b5d25f3d-c3f0-492e-8269-30589e3acfee:192.168.5.147:42427], old=null at 0
2019-07-30 19:09:18,878 INFO  segmented.SegmentedRaftLogWorker (SegmentedRaftLogWorker.java:execute(569)) - b5d25f3d-c3f0-492e-8269-30589e3acfee-SegmentedRaftLogWorker:Storage Directory /workdir/hadoop-ozone/integration-test/target/test-dir/MiniOzoneClusterImpl-599158a6-0443-46a4-b5c4-980fc9d60a3e/datanode-4/data/ratis/c33c3c59-2b04-40c9-9930-f52e5df855ad: created new log segment /workdir/hadoop-ozone/integration-test/target/test-dir/MiniOzoneClusterImpl-599158a6-0443-46a4-b5c4-980fc9d60a3e/datanode-4/data/ratis/c33c3c59-2b04-40c9-9930-f52e5df855ad/current/log_inprogress_0
2019-07-30 19:09:19,038 INFO  impl.FollowerState (FollowerState.java:run(106)) - b5d25f3d-c3f0-492e-8269-30589e3acfee:group-327082EC483C changes to CANDIDATE, lastRpcTime:5068, electionTimeout:5068ms
2019-07-30 19:09:19,038 INFO  impl.RoleInfo (RoleInfo.java:shutdownFollowerState(121)) - b5d25f3d-c3f0-492e-8269-30589e3acfee: shutdown FollowerState
2019-07-30 19:09:19,038 INFO  impl.RaftServerImpl (RaftServerImpl.java:setRole(171)) - b5d25f3d-c3f0-492e-8269-30589e3acfee:group-327082EC483C changes role from FOLLOWER to CANDIDATE at term 0 for changeToCandidate
2019-07-30 19:09:19,038 INFO  impl.RoleInfo (RoleInfo.java:updateAndGet(143)) - b5d25f3d-c3f0-492e-8269-30589e3acfee: start LeaderElection
2019-07-30 19:09:19,049 INFO  impl.LeaderElection (LeaderElection.java:askForVotes(181)) - b5d25f3d-c3f0-492e-8269-30589e3acfee:group-327082EC483C:LeaderElection72: begin an election at term 1 for -1: [32c46067-d1ab-4dfa-87a4-aaa4f48110f6:192.168.5.147:40176, b5d25f3d-c3f0-492e-8269-30589e3acfee:192.168.5.147:42427, d02ed320-20ae-4dd8-aaaa-32c3d015d6d9:192.168.5.147:38936], old=null
2019-07-30 19:09:19,053 INFO  impl.RaftServerImpl (RaftServerImpl.java:setRole(171)) - 32c46067-d1ab-4dfa-87a4-aaa4f48110f6:group-327082EC483C changes role from FOLLOWER to FOLLOWER at term 1 for recognizeCandidate:b5d25f3d-c3f0-492e-8269-30589e3acfee
2019-07-30 19:09:19,053 INFO  impl.RaftServerImpl (RaftServerImpl.java:setRole(171)) - d02ed320-20ae-4dd8-aaaa-32c3d015d6d9:group-327082EC483C changes role from FOLLOWER to FOLLOWER at term 1 for recognizeCandidate:b5d25f3d-c3f0-492e-8269-30589e3acfee
2019-07-30 19:09:19,053 INFO  impl.RoleInfo (RoleInfo.java:shutdownFollowerState(121)) - 32c46067-d1ab-4dfa-87a4-aaa4f48110f6: shutdown FollowerState
2019-07-30 19:09:19,054 INFO  impl.RoleInfo (RoleInfo.java:shutdownFollowerState(121)) - d02ed320-20ae-4dd8-aaaa-32c3d015d6d9: shutdown FollowerState
2019-07-30 19:09:19,054 INFO  impl.FollowerState (FollowerState.java:run(114)) - 32c46067-d1ab-4dfa-87a4-aaa4f48110f6: FollowerState was interrupted: java.lang.InterruptedException: sleep interrupted
2019-07-30 19:09:19,054 INFO  impl.FollowerState (FollowerState.java:run(114)) - d02ed320-20ae-4dd8-aaaa-32c3d015d6d9: FollowerState was interrupted: java.lang.InterruptedException: sleep interrupted
2019-07-30 19:09:19,054 INFO  impl.RoleInfo (RoleInfo.java:updateAndGet(143)) - 32c46067-d1ab-4dfa-87a4-aaa4f48110f6: start FollowerState
2019-07-30 19:09:19,054 INFO  impl.RoleInfo (RoleInfo.java:updateAndGet(143)) - d02ed320-20ae-4dd8-aaaa-32c3d015d6d9: start FollowerState
2019-07-30 19:09:19,073 INFO  impl.LeaderElection (LeaderElection.java:logAndReturn(56)) - b5d25f3d-c3f0-492e-8269-30589e3acfee:group-327082EC483C:LeaderElection72: Election PASSED; received 1 response(s) [b5d25f3d-c3f0-492e-8269-30589e3acfee<-d02ed320-20ae-4dd8-aaaa-32c3d015d6d9#0:OK-t1] and 0 exception(s); b5d25f3d-c3f0-492e-8269-30589e3acfee:t1, leader=null, voted=b5d25f3d-c3f0-492e-8269-30589e3acfee, raftlog=b5d25f3d-c3f0-492e-8269-30589e3acfee-SegmentedRaftLog:OPENED:c-1,f-1,i0, conf=-1: [32c46067-d1ab-4dfa-87a4-aaa4f48110f6:192.168.5.147:40176, b5d25f3d-c3f0-492e-8269-30589e3acfee:192.168.5.147:42427, d02ed320-20ae-4dd8-aaaa-32c3d015d6d9:192.168.5.147:38936], old=null
2019-07-30 19:09:19,073 INFO  impl.RoleInfo (RoleInfo.java:shutdownLeaderElection(134)) - b5d25f3d-c3f0-492e-8269-30589e3acfee: shutdown LeaderElection
2019-07-30 19:09:19,073 INFO  impl.RaftServerImpl (RaftServerImpl.java:setRole(171)) - b5d25f3d-c3f0-492e-8269-30589e3acfee:group-327082EC483C changes role from CANDIDATE to LEADER at term 1 for changeToLeader
2019-07-30 19:09:19,073 INFO  impl.RaftServerImpl (ServerState.java:setLeader(263)) - b5d25f3d-c3f0-492e-8269-30589e3acfee:group-327082EC483C change Leader from null to b5d25f3d-c3f0-492e-8269-30589e3acfee at term 1 for becomeLeader, leader elected after 5111ms
2019-07-30 19:09:19,073 INFO  server.RaftServerConfigKeys (ConfUtils.java:logGet(43)) - raft.server.staging.catchup.gap = 1000 (default)
2019-07-30 19:09:19,073 INFO  server.RaftServerConfigKeys (ConfUtils.java:logGet(43)) - raft.server.rpc.sleep.time = 25ms (default)
2019-07-30 19:09:19,073 INFO  server.RaftServerConfigKeys (ConfUtils.java:logGet(43)) - raft.server.write.element-limit = 4096 (default)
2019-07-30 19:09:19,074 INFO  server.RaftServerConfigKeys (ConfUtils.java:logGet(43)) - raft.server.watch.timeout = 10s (default)
2019-07-30 19:09:19,074 INFO  server.RaftServerConfigKeys (ConfUtils.java:logGet(43)) - raft.server.watch.timeout.denomination = 1s (default)
2019-07-30 19:09:19,074 INFO  server.RaftServerConfigKeys (ConfUtils.java:logGet(43)) - raft.server.watch.element-limit = 65536 (default)
2019-07-30 19:09:19,074 INFO  server.RaftServerConfigKeys (ConfUtils.java:logGet(43)) - raft.server.log.appender.snapshot.chunk.size.max = 16MB (=16777216) (default)
2019-07-30 19:09:19,074 INFO  server.RaftServerConfigKeys (ConfUtils.java:logGet(43)) - raft.server.log.appender.buffer.byte-limit = 33554432 (custom)
2019-07-30 19:09:19,074 INFO  server.RaftServerConfigKeys (ConfUtils.java:logGet(43)) - raft.server.log.appender.buffer.element-limit = 1 (custom)
2019-07-30 19:09:19,075 INFO  grpc.GrpcConfigKeys$Server (ConfUtils.java:logGet(43)) - raft.grpc.server.leader.outstanding.appends.max = 128 (default)
2019-07-30 19:09:19,075 INFO  server.RaftServerConfigKeys (ConfUtils.java:logGet(43)) - raft.server.rpc.request.timeout = 3000ms (default)
2019-07-30 19:09:19,075 INFO  server.RaftServerConfigKeys (ConfUtils.java:logGet(43)) - raft.server.log.appender.install.snapshot.enabled = false (custom)
2019-07-30 19:09:19,075 INFO  server.RaftServerConfigKeys (ConfUtils.java:logGet(43)) - raft.server.log.appender.snapshot.chunk.size.max = 16MB (=16777216) (default)
2019-07-30 19:09:19,075 INFO  server.RaftServerConfigKeys (ConfUtils.java:logGet(43)) - raft.server.log.appender.buffer.byte-limit = 33554432 (custom)
2019-07-30 19:09:19,075 INFO  server.RaftServerConfigKeys (ConfUtils.java:logGet(43)) - raft.server.log.appender.buffer.element-limit = 1 (custom)
2019-07-30 19:09:19,076 INFO  grpc.GrpcConfigKeys$Server (ConfUtils.java:logGet(43)) - raft.grpc.server.leader.outstanding.appends.max = 128 (default)
2019-07-30 19:09:19,076 INFO  server.RaftServerConfigKeys (ConfUtils.java:logGet(43)) - raft.server.rpc.request.timeout = 3000ms (default)
2019-07-30 19:09:19,076 INFO  server.RaftServerConfigKeys (ConfUtils.java:logGet(43)) - raft.server.log.appender.install.snapshot.enabled = false (custom)
2019-07-30 19:09:19,076 INFO  impl.RoleInfo (RoleInfo.java:updateAndGet(143)) - b5d25f3d-c3f0-492e-8269-30589e3acfee: start LeaderState
2019-07-30 19:09:19,076 INFO  segmented.SegmentedRaftLogWorker (SegmentedRaftLogWorker.java:startLogSegment(380)) - b5d25f3d-c3f0-492e-8269-30589e3acfee-SegmentedRaftLogWorker:Storage Directory /workdir/hadoop-ozone/integration-test/target/test-dir/MiniOzoneClusterImpl-599158a6-0443-46a4-b5c4-980fc9d60a3e/datanode-4/data/ratis/ea96c4ab-f3ce-4ba5-8671-327082ec483c: Starting segment from index:0
2019-07-30 19:09:19,077 INFO  impl.RaftServerImpl (ServerState.java:setRaftConf(361)) - b5d25f3d-c3f0-492e-8269-30589e3acfee:group-327082EC483C set configuration 0: [32c46067-d1ab-4dfa-87a4-aaa4f48110f6:192.168.5.147:40176, b5d25f3d-c3f0-492e-8269-30589e3acfee:192.168.5.147:42427, d02ed320-20ae-4dd8-aaaa-32c3d015d6d9:192.168.5.147:38936], old=null at 0
2019-07-30 19:09:19,104 INFO  impl.FollowerState (FollowerState.java:run(106)) - 32c46067-d1ab-4dfa-87a4-aaa4f48110f6:group-486301D5B6C1 changes to CANDIDATE, lastRpcTime:5170, electionTimeout:5161ms
2019-07-30 19:09:19,104 INFO  impl.RoleInfo (RoleInfo.java:shutdownFollowerState(121)) - 32c46067-d1ab-4dfa-87a4-aaa4f48110f6: shutdown FollowerState
2019-07-30 19:09:19,104 INFO  impl.RaftServerImpl (RaftServerImpl.java:setRole(171)) - 32c46067-d1ab-4dfa-87a4-aaa4f48110f6:group-486301D5B6C1 changes role from FOLLOWER to CANDIDATE at term 0 for changeToCandidate
2019-07-30 19:09:19,104 INFO  impl.RoleInfo (RoleInfo.java:updateAndGet(143)) - 32c46067-d1ab-4dfa-87a4-aaa4f48110f6: start LeaderElection
2019-07-30 19:09:19,113 INFO  impl.RaftServerImpl (ServerState.java:setLeader(263)) - d02ed320-20ae-4dd8-aaaa-32c3d015d6d9:group-327082EC483C change Leader from null to b5d25f3d-c3f0-492e-8269-30589e3acfee at term 1 for appendEntries, leader elected after 5150ms
2019-07-30 19:09:19,113 INFO  impl.RaftServerImpl (ServerState.java:setLeader(263)) - 32c46067-d1ab-4dfa-87a4-aaa4f48110f6:group-327082EC483C change Leader from null to b5d25f3d-c3f0-492e-8269-30589e3acfee at term 1 for appendEntries, leader elected after 5153ms
2019-07-30 19:09:19,114 INFO  impl.RaftServerImpl (ServerState.java:setRaftConf(361)) - d02ed320-20ae-4dd8-aaaa-32c3d015d6d9:group-327082EC483C set configuration 0: [32c46067-d1ab-4dfa-87a4-aaa4f48110f6:192.168.5.147:40176, b5d25f3d-c3f0-492e-8269-30589e3acfee:192.168.5.147:42427, d02ed320-20ae-4dd8-aaaa-32c3d015d6d9:192.168.5.147:38936], old=null at 0
2019-07-30 19:09:19,115 INFO  segmented.SegmentedRaftLogWorker (SegmentedRaftLogWorker.java:startLogSegment(380)) - d02ed320-20ae-4dd8-aaaa-32c3d015d6d9-SegmentedRaftLogWorker:Storage Directory /workdir/hadoop-ozone/integration-test/target/test-dir/MiniOzoneClusterImpl-599158a6-0443-46a4-b5c4-980fc9d60a3e/datanode-3/data/ratis/ea96c4ab-f3ce-4ba5-8671-327082ec483c: Starting segment from index:0
2019-07-30 19:09:19,115 INFO  impl.RaftServerImpl (ServerState.java:setRaftConf(361)) - 32c46067-d1ab-4dfa-87a4-aaa4f48110f6:group-327082EC483C set configuration 0: [32c46067-d1ab-4dfa-87a4-aaa4f48110f6:192.168.5.147:40176, b5d25f3d-c3f0-492e-8269-30589e3acfee:192.168.5.147:42427, d02ed320-20ae-4dd8-aaaa-32c3d015d6d9:192.168.5.147:38936], old=null at 0
2019-07-30 19:09:19,115 INFO  segmented.SegmentedRaftLogWorker (SegmentedRaftLogWorker.java:startLogSegment(380)) - 32c46067-d1ab-4dfa-87a4-aaa4f48110f6-SegmentedRaftLogWorker:Storage Directory /workdir/hadoop-ozone/integration-test/target/test-dir/MiniOzoneClusterImpl-599158a6-0443-46a4-b5c4-980fc9d60a3e/datanode-5/data/ratis/ea96c4ab-f3ce-4ba5-8671-327082ec483c: Starting segment from index:0
2019-07-30 19:09:19,116 INFO  segmented.SegmentedRaftLogWorker (SegmentedRaftLogWorker.java:execute(569)) - b5d25f3d-c3f0-492e-8269-30589e3acfee-SegmentedRaftLogWorker:Storage Directory /workdir/hadoop-ozone/integration-test/target/test-dir/MiniOzoneClusterImpl-599158a6-0443-46a4-b5c4-980fc9d60a3e/datanode-4/data/ratis/ea96c4ab-f3ce-4ba5-8671-327082ec483c: created new log segment /workdir/hadoop-ozone/integration-test/target/test-dir/MiniOzoneClusterImpl-599158a6-0443-46a4-b5c4-980fc9d60a3e/datanode-4/data/ratis/ea96c4ab-f3ce-4ba5-8671-327082ec483c/current/log_inprogress_0
2019-07-30 19:09:19,116 INFO  impl.LeaderElection (LeaderElection.java:askForVotes(181)) - 32c46067-d1ab-4dfa-87a4-aaa4f48110f6:group-486301D5B6C1:LeaderElection73: begin an election at term 1 for -1: [32c46067-d1ab-4dfa-87a4-aaa4f48110f6:192.168.5.147:40176], old=null
2019-07-30 19:09:19,116 INFO  impl.RoleInfo (RoleInfo.java:shutdownLeaderElection(134)) - 32c46067-d1ab-4dfa-87a4-aaa4f48110f6: shutdown LeaderElection
2019-07-30 19:09:19,116 INFO  impl.RaftServerImpl (RaftServerImpl.java:setRole(171)) - 32c46067-d1ab-4dfa-87a4-aaa4f48110f6:group-486301D5B6C1 changes role from CANDIDATE to LEADER at term 1 for changeToLeader
2019-07-30 19:09:19,116 INFO  impl.RaftServerImpl (ServerState.java:setLeader(263)) - 32c46067-d1ab-4dfa-87a4-aaa4f48110f6:group-486301D5B6C1 change Leader from null to 32c46067-d1ab-4dfa-87a4-aaa4f48110f6 at term 1 for becomeLeader, leader elected after 5187ms
2019-07-30 19:09:19,116 INFO  server.RaftServerConfigKeys (ConfUtils.java:logGet(43)) - raft.server.staging.catchup.gap = 1000 (default)
2019-07-30 19:09:19,117 INFO  server.RaftServerConfigKeys (ConfUtils.java:logGet(43)) - raft.server.rpc.sleep.time = 25ms (default)
2019-07-30 19:09:19,117 INFO  server.RaftServerConfigKeys (ConfUtils.java:logGet(43)) - raft.server.write.element-limit = 4096 (default)
2019-07-30 19:09:19,117 INFO  server.RaftServerConfigKeys (ConfUtils.java:logGet(43)) - raft.server.watch.timeout = 10s (default)
2019-07-30 19:09:19,117 INFO  server.RaftServerConfigKeys (ConfUtils.java:logGet(43)) - raft.server.watch.timeout.denomination = 1s (default)
2019-07-30 19:09:19,117 INFO  server.RaftServerConfigKeys (ConfUtils.java:logGet(43)) - raft.server.watch.element-limit = 65536 (default)
2019-07-30 19:09:19,117 INFO  impl.RoleInfo (RoleInfo.java:updateAndGet(143)) - 32c46067-d1ab-4dfa-87a4-aaa4f48110f6: start LeaderState
2019-07-30 19:09:19,118 INFO  segmented.SegmentedRaftLogWorker (SegmentedRaftLogWorker.java:startLogSegment(380)) - 32c46067-d1ab-4dfa-87a4-aaa4f48110f6-SegmentedRaftLogWorker:Storage Directory /workdir/hadoop-ozone/integration-test/target/test-dir/MiniOzoneClusterImpl-599158a6-0443-46a4-b5c4-980fc9d60a3e/datanode-5/data/ratis/80743cba-adc1-4733-ac80-486301d5b6c1: Starting segment from index:0
2019-07-30 19:09:19,119 INFO  impl.RaftServerImpl (ServerState.java:setRaftConf(361)) - 32c46067-d1ab-4dfa-87a4-aaa4f48110f6:group-486301D5B6C1 set configuration 0: [32c46067-d1ab-4dfa-87a4-aaa4f48110f6:192.168.5.147:40176], old=null at 0
2019-07-30 19:09:19,157 INFO  segmented.SegmentedRaftLogWorker (SegmentedRaftLogWorker.java:execute(569)) - 32c46067-d1ab-4dfa-87a4-aaa4f48110f6-SegmentedRaftLogWorker:Storage Directory /workdir/hadoop-ozone/integration-test/target/test-dir/MiniOzoneClusterImpl-599158a6-0443-46a4-b5c4-980fc9d60a3e/datanode-5/data/ratis/ea96c4ab-f3ce-4ba5-8671-327082ec483c: created new log segment /workdir/hadoop-ozone/integration-test/target/test-dir/MiniOzoneClusterImpl-599158a6-0443-46a4-b5c4-980fc9d60a3e/datanode-5/data/ratis/ea96c4ab-f3ce-4ba5-8671-327082ec483c/current/log_inprogress_0
2019-07-30 19:09:19,157 INFO  segmented.SegmentedRaftLogWorker (SegmentedRaftLogWorker.java:execute(569)) - d02ed320-20ae-4dd8-aaaa-32c3d015d6d9-SegmentedRaftLogWorker:Storage Directory /workdir/hadoop-ozone/integration-test/target/test-dir/MiniOzoneClusterImpl-599158a6-0443-46a4-b5c4-980fc9d60a3e/datanode-3/data/ratis/ea96c4ab-f3ce-4ba5-8671-327082ec483c: created new log segment /workdir/hadoop-ozone/integration-test/target/test-dir/MiniOzoneClusterImpl-599158a6-0443-46a4-b5c4-980fc9d60a3e/datanode-3/data/ratis/ea96c4ab-f3ce-4ba5-8671-327082ec483c/current/log_inprogress_0
2019-07-30 19:09:19,157 INFO  segmented.SegmentedRaftLogWorker (SegmentedRaftLogWorker.java:execute(569)) - 32c46067-d1ab-4dfa-87a4-aaa4f48110f6-SegmentedRaftLogWorker:Storage Directory /workdir/hadoop-ozone/integration-test/target/test-dir/MiniOzoneClusterImpl-599158a6-0443-46a4-b5c4-980fc9d60a3e/datanode-5/data/ratis/80743cba-adc1-4733-ac80-486301d5b6c1: created new log segment /workdir/hadoop-ozone/integration-test/target/test-dir/MiniOzoneClusterImpl-599158a6-0443-46a4-b5c4-980fc9d60a3e/datanode-5/data/ratis/80743cba-adc1-4733-ac80-486301d5b6c1/current/log_inprogress_0
2019-07-30 19:09:19,226 INFO  client.GrpcClientProtocolClient (GrpcClientProtocolClient.java:onNext(255)) - client-255BF5B60197->8c2f1eda-c807-47b9-b017-472574b97a9c: receive RaftClientReply:client-255BF5B60197->8c2f1eda-c807-47b9-b017-472574b97a9c@group-718A249F18BF, cid=181, FAILED org.apache.ratis.protocol.NotLeaderException: Server 8c2f1eda-c807-47b9-b017-472574b97a9c is not the leader (d4a1584e-cb70-4ee5-af95-55a8048f0ebc:192.168.5.147:42231). Request must be sent to leader., logIndex=0, commits[8c2f1eda-c807-47b9-b017-472574b97a9c:c-1, d4a1584e-cb70-4ee5-af95-55a8048f0ebc:c-1, 17e40c1e-c940-4ebb-a12b-9c31941c5380:c-1]
2019-07-30 19:09:19,231 INFO  impl.FollowerState (FollowerState.java:run(106)) - d638511a-5e24-4087-9c21-c954537bb38f:group-7CF380F90C95 changes to CANDIDATE, lastRpcTime:5094, electionTimeout:5094ms
2019-07-30 19:09:19,231 INFO  impl.RoleInfo (RoleInfo.java:shutdownFollowerState(121)) - d638511a-5e24-4087-9c21-c954537bb38f: shutdown FollowerState
2019-07-30 19:09:19,231 INFO  impl.RaftServerImpl (RaftServerImpl.java:setRole(171)) - d638511a-5e24-4087-9c21-c954537bb38f:group-7CF380F90C95 changes role from FOLLOWER to CANDIDATE at term 0 for changeToCandidate
2019-07-30 19:09:19,231 INFO  impl.RoleInfo (RoleInfo.java:updateAndGet(143)) - d638511a-5e24-4087-9c21-c954537bb38f: start LeaderElection
2019-07-30 19:09:19,250 INFO  impl.LeaderElection (LeaderElection.java:askForVotes(181)) - d638511a-5e24-4087-9c21-c954537bb38f:group-7CF380F90C95:LeaderElection74: begin an election at term 1 for -1: [d638511a-5e24-4087-9c21-c954537bb38f:192.168.5.147:39982], old=null
2019-07-30 19:09:19,250 INFO  impl.RoleInfo (RoleInfo.java:shutdownLeaderElection(134)) - d638511a-5e24-4087-9c21-c954537bb38f: shutdown LeaderElection
2019-07-30 19:09:19,250 INFO  impl.RaftServerImpl (RaftServerImpl.java:setRole(171)) - d638511a-5e24-4087-9c21-c954537bb38f:group-7CF380F90C95 changes role from CANDIDATE to LEADER at term 1 for changeToLeader
2019-07-30 19:09:19,250 INFO  impl.RaftServerImpl (ServerState.java:setLeader(263)) - d638511a-5e24-4087-9c21-c954537bb38f:group-7CF380F90C95 change Leader from null to d638511a-5e24-4087-9c21-c954537bb38f at term 1 for becomeLeader, leader elected after 5118ms
2019-07-30 19:09:19,250 INFO  server.RaftServerConfigKeys (ConfUtils.java:logGet(43)) - raft.server.staging.catchup.gap = 1000 (default)
2019-07-30 19:09:19,250 INFO  server.RaftServerConfigKeys (ConfUtils.java:logGet(43)) - raft.server.rpc.sleep.time = 25ms (default)
2019-07-30 19:09:19,250 INFO  server.RaftServerConfigKeys (ConfUtils.java:logGet(43)) - raft.server.write.element-limit = 4096 (default)
2019-07-30 19:09:19,251 INFO  server.RaftServerConfigKeys (ConfUtils.java:logGet(43)) - raft.server.watch.timeout = 10s (default)
2019-07-30 19:09:19,251 INFO  server.RaftServerConfigKeys (ConfUtils.java:logGet(43)) - raft.server.watch.timeout.denomination = 1s (default)
2019-07-30 19:09:19,251 INFO  server.RaftServerConfigKeys (ConfUtils.java:logGet(43)) - raft.server.watch.element-limit = 65536 (default)
2019-07-30 19:09:19,251 INFO  impl.RoleInfo (RoleInfo.java:updateAndGet(143)) - d638511a-5e24-4087-9c21-c954537bb38f: start LeaderState
2019-07-30 19:09:19,251 INFO  segmented.SegmentedRaftLogWorker (SegmentedRaftLogWorker.java:startLogSegment(380)) - d638511a-5e24-4087-9c21-c954537bb38f-SegmentedRaftLogWorker:Storage Directory /workdir/hadoop-ozone/integration-test/target/test-dir/MiniOzoneClusterImpl-599158a6-0443-46a4-b5c4-980fc9d60a3e/datanode-6/data/ratis/e6361a10-7497-419f-bd63-7cf380f90c95: Starting segment from index:0
2019-07-30 19:09:19,252 INFO  impl.RaftServerImpl (ServerState.java:setRaftConf(361)) - d638511a-5e24-4087-9c21-c954537bb38f:group-7CF380F90C95 set configuration 0: [d638511a-5e24-4087-9c21-c954537bb38f:192.168.5.147:39982], old=null at 0
2019-07-30 19:09:19,293 INFO  segmented.SegmentedRaftLogWorker (SegmentedRaftLogWorker.java:execute(569)) - d638511a-5e24-4087-9c21-c954537bb38f-SegmentedRaftLogWorker:Storage Directory /workdir/hadoop-ozone/integration-test/target/test-dir/MiniOzoneClusterImpl-599158a6-0443-46a4-b5c4-980fc9d60a3e/datanode-6/data/ratis/e6361a10-7497-419f-bd63-7cf380f90c95: created new log segment /workdir/hadoop-ozone/integration-test/target/test-dir/MiniOzoneClusterImpl-599158a6-0443-46a4-b5c4-980fc9d60a3e/datanode-6/data/ratis/e6361a10-7497-419f-bd63-7cf380f90c95/current/log_inprogress_0
2019-07-30 19:09:19,314 INFO  client.GrpcClientProtocolClient (GrpcClientProtocolClient.java:onNext(255)) - client-255BF5B60197->d4a1584e-cb70-4ee5-af95-55a8048f0ebc: receive RaftClientReply:client-255BF5B60197->d4a1584e-cb70-4ee5-af95-55a8048f0ebc@group-718A249F18BF, cid=181, SUCCESS, logIndex=1, commits[d4a1584e-cb70-4ee5-af95-55a8048f0ebc:c1, 8c2f1eda-c807-47b9-b017-472574b97a9c:c-1, 17e40c1e-c940-4ebb-a12b-9c31941c5380:c0]
2019-07-30 19:09:19,355 INFO  client.GrpcClientProtocolClient (GrpcClientProtocolClient.java:onNext(255)) - client-255BF5B60197->d4a1584e-cb70-4ee5-af95-55a8048f0ebc: receive RaftClientReply:client-255BF5B60197->d4a1584e-cb70-4ee5-af95-55a8048f0ebc@group-718A249F18BF, cid=182, SUCCESS, logIndex=3, commits[d4a1584e-cb70-4ee5-af95-55a8048f0ebc:c5, 8c2f1eda-c807-47b9-b017-472574b97a9c:c2, 17e40c1e-c940-4ebb-a12b-9c31941c5380:c2]
2019-07-30 19:09:19,379 INFO  client.GrpcClientProtocolClient (GrpcClientProtocolClient.java:onNext(255)) - client-255BF5B60197->d4a1584e-cb70-4ee5-af95-55a8048f0ebc: receive RaftClientReply:client-255BF5B60197->d4a1584e-cb70-4ee5-af95-55a8048f0ebc@group-718A249F18BF, cid=183, SUCCESS, logIndex=4, commits[d4a1584e-cb70-4ee5-af95-55a8048f0ebc:c12, 8c2f1eda-c807-47b9-b017-472574b97a9c:c7, 17e40c1e-c940-4ebb-a12b-9c31941c5380:c7]
2019-07-30 19:09:19,379 INFO  client.GrpcClientProtocolClient (GrpcClientProtocolClient.java:onNext(255)) - client-255BF5B60197->d4a1584e-cb70-4ee5-af95-55a8048f0ebc: receive RaftClientReply:client-255BF5B60197->d4a1584e-cb70-4ee5-af95-55a8048f0ebc@group-718A249F18BF, cid=184, SUCCESS, logIndex=5, commits[d4a1584e-cb70-4ee5-af95-55a8048f0ebc:c12, 8c2f1eda-c807-47b9-b017-472574b97a9c:c7, 17e40c1e-c940-4ebb-a12b-9c31941c5380:c7]
2019-07-30 19:09:19,380 INFO  client.GrpcClientProtocolClient (GrpcClientProtocolClient.java:onNext(255)) - client-255BF5B60197->d4a1584e-cb70-4ee5-af95-55a8048f0ebc: receive RaftClientReply:client-255BF5B60197->d4a1584e-cb70-4ee5-af95-55a8048f0ebc@group-718A249F18BF, cid=185, SUCCESS, logIndex=6, commits[d4a1584e-cb70-4ee5-af95-55a8048f0ebc:c12, 8c2f1eda-c807-47b9-b017-472574b97a9c:c7, 17e40c1e-c940-4ebb-a12b-9c31941c5380:c7]
2019-07-30 19:09:19,435 INFO  client.GrpcClientProtocolClient (GrpcClientProtocolClient.java:onNext(255)) - client-255BF5B60197->d4a1584e-cb70-4ee5-af95-55a8048f0ebc: receive RaftClientReply:client-255BF5B60197->d4a1584e-cb70-4ee5-af95-55a8048f0ebc@group-718A249F18BF, cid=186, SUCCESS, logIndex=7, commits[d4a1584e-cb70-4ee5-af95-55a8048f0ebc:c12, 8c2f1eda-c807-47b9-b017-472574b97a9c:c7, 17e40c1e-c940-4ebb-a12b-9c31941c5380:c7]
2019-07-30 19:09:19,444 INFO  client.GrpcClientProtocolClient (GrpcClientProtocolClient.java:onNext(255)) - client-255BF5B60197->d4a1584e-cb70-4ee5-af95-55a8048f0ebc: receive RaftClientReply:client-255BF5B60197->d4a1584e-cb70-4ee5-af95-55a8048f0ebc@group-718A249F18BF, cid=187, SUCCESS, logIndex=13, commits[d4a1584e-cb70-4ee5-af95-55a8048f0ebc:c14, 8c2f1eda-c807-47b9-b017-472574b97a9c:c12, 17e40c1e-c940-4ebb-a12b-9c31941c5380:c12]
2019-07-30 19:09:19,445 INFO  client.GrpcClientProtocolClient (GrpcClientProtocolClient.java:onNext(255)) - client-255BF5B60197->d4a1584e-cb70-4ee5-af95-55a8048f0ebc: receive RaftClientReply:client-255BF5B60197->d4a1584e-cb70-4ee5-af95-55a8048f0ebc@group-718A249F18BF, cid=188, SUCCESS, logIndex=14, commits[d4a1584e-cb70-4ee5-af95-55a8048f0ebc:c14, 8c2f1eda-c807-47b9-b017-472574b97a9c:c12, 17e40c1e-c940-4ebb-a12b-9c31941c5380:c12]
2019-07-30 19:09:19,451 INFO  client.GrpcClientProtocolClient (GrpcClientProtocolClient.java:onNext(255)) - client-255BF5B60197->d4a1584e-cb70-4ee5-af95-55a8048f0ebc: receive RaftClientReply:client-255BF5B60197->d4a1584e-cb70-4ee5-af95-55a8048f0ebc@group-718A249F18BF, cid=189, SUCCESS, logIndex=0, commits[d4a1584e-cb70-4ee5-af95-55a8048f0ebc:c16, 8c2f1eda-c807-47b9-b017-472574b97a9c:c14, 17e40c1e-c940-4ebb-a12b-9c31941c5380:c14]
2019-07-30 19:09:19,452 INFO  datanode.ObjectStoreHandler (ObjectStoreHandler.java:close(155)) - Closing ObjectStoreHandler.
2019-07-30 19:09:19,453 INFO  ozone.HddsDatanodeService (HddsDatanodeService.java:stop(451)) - Stopped plug-in org.apache.hadoop.ozone.web.OzoneHddsDatanodeService@4f66f2dd
2019-07-30 19:09:20,308 INFO  statemachine.DatanodeStateMachine (DatanodeStateMachine.java:lambda$startDaemon$0(350)) - Ozone container server started.
2019-07-30 19:09:24,382 INFO  node.StaleNodeHandler (StaleNodeHandler.java:onMessage(58)) - Datanode d4a1584e-cb70-4ee5-af95-55a8048f0ebc{ip: 192.168.5.147, host: byscane-nightly-d7s94-1643579034, networkLocation: /default-rack, certSerialId: null} moved to stale state. Finalizing its pipelines [PipelineID=c3c9a71f-b313-4d7c-917d-718a249f18bf, PipelineID=bc22d391-f464-4c4d-aebc-dfb00c36d98f]
2019-07-30 19:09:24,382 INFO  pipeline.SCMPipelineManager (SCMPipelineManager.java:finalizeAndDestroyPipeline(309)) - destroying pipeline:Pipeline[ Id: c3c9a71f-b313-4d7c-917d-718a249f18bf, Nodes: d4a1584e-cb70-4ee5-af95-55a8048f0ebc{ip: 192.168.5.147, host: byscane-nightly-d7s94-1643579034, networkLocation: /default-rack, certSerialId: null}17e40c1e-c940-4ebb-a12b-9c31941c5380{ip: 192.168.5.147, host: byscane-nightly-d7s94-1643579034, networkLocation: /default-rack, certSerialId: null}8c2f1eda-c807-47b9-b017-472574b97a9c{ip: 192.168.5.147, host: byscane-nightly-d7s94-1643579034, networkLocation: /default-rack, certSerialId: null}, Type:RATIS, Factor:THREE, State:OPEN]
2019-07-30 19:09:24,383 INFO  pipeline.PipelineStateManager (PipelineStateManager.java:finalizePipeline(123)) - Pipeline Pipeline[ Id: c3c9a71f-b313-4d7c-917d-718a249f18bf, Nodes: d4a1584e-cb70-4ee5-af95-55a8048f0ebc{ip: 192.168.5.147, host: byscane-nightly-d7s94-1643579034, networkLocation: /default-rack, certSerialId: null}17e40c1e-c940-4ebb-a12b-9c31941c5380{ip: 192.168.5.147, host: byscane-nightly-d7s94-1643579034, networkLocation: /default-rack, certSerialId: null}8c2f1eda-c807-47b9-b017-472574b97a9c{ip: 192.168.5.147, host: byscane-nightly-d7s94-1643579034, networkLocation: /default-rack, certSerialId: null}, Type:RATIS, Factor:THREE, State:CLOSED] moved to CLOSED state
2019-07-30 19:09:24,383 INFO  pipeline.SCMPipelineManager (SCMPipelineManager.java:finalizeAndDestroyPipeline(309)) - destroying pipeline:Pipeline[ Id: bc22d391-f464-4c4d-aebc-dfb00c36d98f, Nodes: d4a1584e-cb70-4ee5-af95-55a8048f0ebc{ip: 192.168.5.147, host: byscane-nightly-d7s94-1643579034, networkLocation: /default-rack, certSerialId: null}, Type:RATIS, Factor:ONE, State:OPEN]
2019-07-30 19:09:24,383 INFO  container.CloseContainerEventHandler (CloseContainerEventHandler.java:onMessage(61)) - Close container Event triggered for container : #1
2019-07-30 19:09:24,383 INFO  pipeline.PipelineStateManager (PipelineStateManager.java:finalizePipeline(123)) - Pipeline Pipeline[ Id: bc22d391-f464-4c4d-aebc-dfb00c36d98f, Nodes: d4a1584e-cb70-4ee5-af95-55a8048f0ebc{ip: 192.168.5.147, host: byscane-nightly-d7s94-1643579034, networkLocation: /default-rack, certSerialId: null}, Type:RATIS, Factor:ONE, State:CLOSED] moved to CLOSED state
2019-07-30 19:09:24,453 INFO  ozoneimpl.OzoneContainer (OzoneContainer.java:stop(199)) - Attempting to stop container services.
2019-07-30 19:09:24,454 INFO  impl.RaftServerProxy (RaftServerProxy.java:lambda$close$4(314)) - d4a1584e-cb70-4ee5-af95-55a8048f0ebc: close
2019-07-30 19:09:24,455 INFO  impl.RaftServerImpl (RaftServerImpl.java:lambda$shutdown$3(245)) - d4a1584e-cb70-4ee5-af95-55a8048f0ebc: shutdown group-718A249F18BF
2019-07-30 19:09:24,455 INFO  util.JmxRegister (JmxRegister.java:unregister(73)) - Successfully un-registered JMX Bean with object name Ratis:service=RaftServer,group=group-718A249F18BF,id=d4a1584e-cb70-4ee5-af95-55a8048f0ebc
2019-07-30 19:09:24,456 INFO  impl.RoleInfo (RoleInfo.java:shutdownLeaderState(104)) - d4a1584e-cb70-4ee5-af95-55a8048f0ebc: shutdown LeaderState
2019-07-30 19:09:24,462 WARN  server.GrpcLogAppender (GrpcLogAppender.java:mayWait(143)) - GrpcLogAppender(d4a1584e-cb70-4ee5-af95-55a8048f0ebc->8c2f1eda-c807-47b9-b017-472574b97a9c): Wait interrupted by java.lang.InterruptedException
2019-07-30 19:09:24,462 WARN  server.GrpcLogAppender (GrpcLogAppender.java:mayWait(143)) - GrpcLogAppender(d4a1584e-cb70-4ee5-af95-55a8048f0ebc->17e40c1e-c940-4ebb-a12b-9c31941c5380): Wait interrupted by java.lang.InterruptedException
2019-07-30 19:09:24,462 INFO  impl.PendingRequests (PendingRequests.java:sendNotLeaderResponses(202)) - d4a1584e-cb70-4ee5-af95-55a8048f0ebc-PendingRequests: sendNotLeaderResponses
2019-07-30 19:09:24,463 INFO  server.GrpcServerProtocolService (GrpcServerProtocolService.java:onCompleted(104)) - 17e40c1e-c940-4ebb-a12b-9c31941c5380: appendEntries completed
2019-07-30 19:09:24,463 INFO  server.GrpcServerProtocolService (GrpcServerProtocolService.java:onCompleted(104)) - 8c2f1eda-c807-47b9-b017-472574b97a9c: appendEntries completed
2019-07-30 19:09:24,468 INFO  impl.StateMachineUpdater (StateMachineUpdater.java:stopAndJoin(115)) - StateMachineUpdater:d4a1584e-cb70-4ee5-af95-55a8048f0ebc:group-718A249F18BF: set stopIndex = 16
2019-07-30 19:09:24,468 INFO  server.GrpcLogAppender (GrpcLogAppender.java:onCompleted(292)) - d4a1584e-cb70-4ee5-af95-55a8048f0ebc->17e40c1e-c940-4ebb-a12b-9c31941c5380: follower responses appendEntries COMPLETED
2019-07-30 19:09:24,468 INFO  ratis.ContainerStateMachine (ContainerStateMachine.java:takeSnapshot(262)) - group-718A249F18BF: Taking a snapshot at:(t:1, i:14) file /workdir/hadoop-ozone/integration-test/target/test-dir/MiniOzoneClusterImpl-599158a6-0443-46a4-b5c4-980fc9d60a3e/datanode-1/data/ratis/c3c9a71f-b313-4d7c-917d-718a249f18bf/sm/snapshot.1_14
2019-07-30 19:09:24,469 INFO  impl.FollowerInfo (FollowerInfo.java:lambda$new$0(50)) - d4a1584e-cb70-4ee5-af95-55a8048f0ebc->17e40c1e-c940-4ebb-a12b-9c31941c5380: nextIndex: updateUnconditionally 17 -> 16
2019-07-30 19:09:24,468 INFO  server.GrpcLogAppender (GrpcLogAppender.java:onCompleted(292)) - d4a1584e-cb70-4ee5-af95-55a8048f0ebc->8c2f1eda-c807-47b9-b017-472574b97a9c: follower responses appendEntries COMPLETED
2019-07-30 19:09:24,469 INFO  impl.FollowerInfo (FollowerInfo.java:lambda$new$0(50)) - d4a1584e-cb70-4ee5-af95-55a8048f0ebc->8c2f1eda-c807-47b9-b017-472574b97a9c: nextIndex: updateUnconditionally 17 -> 16
2019-07-30 19:09:24,483 INFO  ratis.ContainerStateMachine (ContainerStateMachine.java:takeSnapshot(273)) - group-718A249F18BF: Finished taking a snapshot at:(t:1, i:14) file:/workdir/hadoop-ozone/integration-test/target/test-dir/MiniOzoneClusterImpl-599158a6-0443-46a4-b5c4-980fc9d60a3e/datanode-1/data/ratis/c3c9a71f-b313-4d7c-917d-718a249f18bf/sm/snapshot.1_14 time:15
2019-07-30 19:09:24,483 INFO  impl.StateMachineUpdater (StateMachineUpdater.java:takeSnapshot(242)) - StateMachineUpdater:d4a1584e-cb70-4ee5-af95-55a8048f0ebc:group-718A249F18BF: Took a snapshot at index 14
2019-07-30 19:09:24,483 INFO  impl.StateMachineUpdater (StateMachineUpdater.java:lambda$new$0(80)) - StateMachineUpdater:d4a1584e-cb70-4ee5-af95-55a8048f0ebc:group-718A249F18BF: snapshotIndex: updateIncreasingly -1 -> 14
2019-07-30 19:09:24,483 INFO  impl.RaftServerImpl (ServerState.java:close(394)) - d4a1584e-cb70-4ee5-af95-55a8048f0ebc:group-718A249F18BF closes. The last applied log index is 16
2019-07-30 19:09:24,484 INFO  segmented.SegmentedRaftLogWorker (SegmentedRaftLogWorker.java:run(313)) - d4a1584e-cb70-4ee5-af95-55a8048f0ebc-SegmentedRaftLogWorker:Storage Directory /workdir/hadoop-ozone/integration-test/target/test-dir/MiniOzoneClusterImpl-599158a6-0443-46a4-b5c4-980fc9d60a3e/datanode-1/data/ratis/c3c9a71f-b313-4d7c-917d-718a249f18bf was interrupted, exiting. There are 0 tasks remaining in the queue.
2019-07-30 19:09:24,487 INFO  segmented.SegmentedRaftLogWorker (SegmentedRaftLogWorker.java:close(228)) - d4a1584e-cb70-4ee5-af95-55a8048f0ebc-SegmentedRaftLogWorker:Storage Directory /workdir/hadoop-ozone/integration-test/target/test-dir/MiniOzoneClusterImpl-599158a6-0443-46a4-b5c4-980fc9d60a3e/datanode-1/data/ratis/c3c9a71f-b313-4d7c-917d-718a249f18bf close()
2019-07-30 19:09:24,492 INFO  impl.RaftServerImpl (RaftServerImpl.java:lambda$shutdown$3(245)) - d4a1584e-cb70-4ee5-af95-55a8048f0ebc: shutdown group-DFB00C36D98F
2019-07-30 19:09:24,492 INFO  util.JmxRegister (JmxRegister.java:unregister(73)) - Successfully un-registered JMX Bean with object name Ratis:service=RaftServer,group=group-DFB00C36D98F,id=d4a1584e-cb70-4ee5-af95-55a8048f0ebc
2019-07-30 19:09:24,492 INFO  impl.RoleInfo (RoleInfo.java:shutdownLeaderState(104)) - d4a1584e-cb70-4ee5-af95-55a8048f0ebc: shutdown LeaderState
2019-07-30 19:09:24,493 INFO  impl.PendingRequests (PendingRequests.java:sendNotLeaderResponses(202)) - d4a1584e-cb70-4ee5-af95-55a8048f0ebc-PendingRequests: sendNotLeaderResponses
2019-07-30 19:09:24,493 INFO  impl.StateMachineUpdater (StateMachineUpdater.java:stopAndJoin(115)) - StateMachineUpdater:d4a1584e-cb70-4ee5-af95-55a8048f0ebc:group-DFB00C36D98F: set stopIndex = 0
2019-07-30 19:09:24,494 INFO  impl.RaftServerImpl (ServerState.java:close(394)) - d4a1584e-cb70-4ee5-af95-55a8048f0ebc:group-DFB00C36D98F closes. The last applied log index is 0
2019-07-30 19:09:24,494 INFO  segmented.SegmentedRaftLogWorker (SegmentedRaftLogWorker.java:run(313)) - d4a1584e-cb70-4ee5-af95-55a8048f0ebc-SegmentedRaftLogWorker:Storage Directory /workdir/hadoop-ozone/integration-test/target/test-dir/MiniOzoneClusterImpl-599158a6-0443-46a4-b5c4-980fc9d60a3e/datanode-1/data/ratis/bc22d391-f464-4c4d-aebc-dfb00c36d98f was interrupted, exiting. There are 0 tasks remaining in the queue.
2019-07-30 19:09:24,497 INFO  segmented.SegmentedRaftLogWorker (SegmentedRaftLogWorker.java:close(228)) - d4a1584e-cb70-4ee5-af95-55a8048f0ebc-SegmentedRaftLogWorker:Storage Directory /workdir/hadoop-ozone/integration-test/target/test-dir/MiniOzoneClusterImpl-599158a6-0443-46a4-b5c4-980fc9d60a3e/datanode-1/data/ratis/bc22d391-f464-4c4d-aebc-dfb00c36d98f close()
2019-07-30 19:09:24,501 INFO  server.GrpcService (GrpcService.java:closeImpl(155)) - d4a1584e-cb70-4ee5-af95-55a8048f0ebc: shutdown server with port 42231 now
2019-07-30 19:09:24,502 WARN  client.GrpcClientProtocolService (LogUtils.java:warn(134)) - 3-UnorderedRequestStreamObserver3: onError: org.apache.ratis.thirdparty.io.grpc.StatusRuntimeException: CANCELLED: cancelled before receiving half close
2019-07-30 19:09:24,505 INFO  server.GrpcService (GrpcService.java:closeImpl(163)) - d4a1584e-cb70-4ee5-af95-55a8048f0ebc: shutdown server with port 42231 successfully
2019-07-30 19:09:24,506 INFO  utils.BackgroundService (BackgroundService.java:shutdown(148)) - Shutting down service BlockDeletingService
2019-07-30 19:09:24,507 WARN  fs.CachingGetSpaceUsed (CachingGetSpaceUsed.java:run(183)) - Thread Interrupted waiting to refresh disk information: sleep interrupted
2019-07-30 19:09:24,531 INFO  statemachine.DatanodeStateMachine (DatanodeStateMachine.java:stopDaemon(395)) - Ozone container server stopped.
2019-07-30 19:09:24,532 INFO  handler.ContextHandler (ContextHandler.java:doStop(910)) - Stopped o.e.j.w.WebAppContext@5f4f198c{/,null,UNAVAILABLE}{/hddsDatanode}
2019-07-30 19:09:24,532 INFO  server.AbstractConnector (AbstractConnector.java:doStop(318)) - Stopped ServerConnector@7966a964{HTTP/1.1,[http/1.1]}{0.0.0.0:0}
2019-07-30 19:09:24,533 INFO  handler.ContextHandler (ContextHandler.java:doStop(910)) - Stopped o.e.j.s.ServletContextHandler@206a465f{/static,jar:file:/home/user/.m2/repository/org/apache/hadoop/hadoop-hdds-container-service/0.4.1-SNAPSHOT/hadoop-hdds-container-service-0.4.1-SNAPSHOT.jar!/webapps/static,UNAVAILABLE}
2019-07-30 19:09:24,533 INFO  handler.ContextHandler (ContextHandler.java:doStop(910)) - Stopped o.e.j.s.ServletContextHandler@6f8281e6{/logs,file:///workdir/hadoop-ozone/integration-test/target/log,UNAVAILABLE}
2019-07-30 19:09:26,547 INFO  client.GrpcClientProtocolClient (GrpcClientProtocolClient.java:onNext(255)) - client-255BF5B60197->8c2f1eda-c807-47b9-b017-472574b97a9c: receive RaftClientReply:client-255BF5B60197->8c2f1eda-c807-47b9-b017-472574b97a9c@group-718A249F18BF, cid=190, FAILED org.apache.ratis.protocol.NotLeaderException: Server 8c2f1eda-c807-47b9-b017-472574b97a9c is not the leader (d4a1584e-cb70-4ee5-af95-55a8048f0ebc:192.168.5.147:42231). Request must be sent to leader., logIndex=0, commits[8c2f1eda-c807-47b9-b017-472574b97a9c:c16, d4a1584e-cb70-4ee5-af95-55a8048f0ebc:c16, 17e40c1e-c940-4ebb-a12b-9c31941c5380:c16]
2019-07-30 19:09:27,563 INFO  client.GrpcClientProtocolClient (GrpcClientProtocolClient.java:onNext(255)) - client-255BF5B60197->17e40c1e-c940-4ebb-a12b-9c31941c5380: receive RaftClientReply:client-255BF5B60197->17e40c1e-c940-4ebb-a12b-9c31941c5380@group-718A249F18BF, cid=190, FAILED org.apache.ratis.protocol.NotLeaderException: Server 17e40c1e-c940-4ebb-a12b-9c31941c5380 is not the leader (d4a1584e-cb70-4ee5-af95-55a8048f0ebc:192.168.5.147:42231). Request must be sent to leader., logIndex=0, commits[17e40c1e-c940-4ebb-a12b-9c31941c5380:c16, d4a1584e-cb70-4ee5-af95-55a8048f0ebc:c16, 8c2f1eda-c807-47b9-b017-472574b97a9c:c16]
2019-07-30 19:09:28,576 INFO  client.GrpcClientProtocolClient (GrpcClientProtocolClient.java:onNext(255)) - client-255BF5B60197->8c2f1eda-c807-47b9-b017-472574b97a9c: receive RaftClientReply:client-255BF5B60197->8c2f1eda-c807-47b9-b017-472574b97a9c@group-718A249F18BF, cid=190, FAILED org.apache.ratis.protocol.NotLeaderException: Server 8c2f1eda-c807-47b9-b017-472574b97a9c is not the leader (d4a1584e-cb70-4ee5-af95-55a8048f0ebc:192.168.5.147:42231). Request must be sent to leader., logIndex=0, commits[8c2f1eda-c807-47b9-b017-472574b97a9c:c16, d4a1584e-cb70-4ee5-af95-55a8048f0ebc:c16, 17e40c1e-c940-4ebb-a12b-9c31941c5380:c16]
2019-07-30 19:09:29,591 INFO  client.GrpcClientProtocolClient (GrpcClientProtocolClient.java:onNext(255)) - client-255BF5B60197->17e40c1e-c940-4ebb-a12b-9c31941c5380: receive RaftClientReply:client-255BF5B60197->17e40c1e-c940-4ebb-a12b-9c31941c5380@group-718A249F18BF, cid=190, FAILED org.apache.ratis.protocol.NotLeaderException: Server 17e40c1e-c940-4ebb-a12b-9c31941c5380 is not the leader (d4a1584e-cb70-4ee5-af95-55a8048f0ebc:192.168.5.147:42231). Request must be sent to leader., logIndex=0, commits[17e40c1e-c940-4ebb-a12b-9c31941c5380:c16, d4a1584e-cb70-4ee5-af95-55a8048f0ebc:c16, 8c2f1eda-c807-47b9-b017-472574b97a9c:c16]
2019-07-30 19:09:30,606 INFO  client.GrpcClientProtocolClient (GrpcClientProtocolClient.java:onNext(255)) - client-255BF5B60197->17e40c1e-c940-4ebb-a12b-9c31941c5380: receive RaftClientReply:client-255BF5B60197->17e40c1e-c940-4ebb-a12b-9c31941c5380@group-718A249F18BF, cid=190, FAILED org.apache.ratis.protocol.NotLeaderException: Server 17e40c1e-c940-4ebb-a12b-9c31941c5380 is not the leader (d4a1584e-cb70-4ee5-af95-55a8048f0ebc:192.168.5.147:42231). Request must be sent to leader., logIndex=0, commits[17e40c1e-c940-4ebb-a12b-9c31941c5380:c16, d4a1584e-cb70-4ee5-af95-55a8048f0ebc:c16, 8c2f1eda-c807-47b9-b017-472574b97a9c:c16]
2019-07-30 19:09:31,619 INFO  client.GrpcClientProtocolClient (GrpcClientProtocolClient.java:onNext(255)) - client-255BF5B60197->8c2f1eda-c807-47b9-b017-472574b97a9c: receive RaftClientReply:client-255BF5B60197->8c2f1eda-c807-47b9-b017-472574b97a9c@group-718A249F18BF, cid=190, FAILED org.apache.ratis.protocol.NotLeaderException: Server 8c2f1eda-c807-47b9-b017-472574b97a9c is not the leader (d4a1584e-cb70-4ee5-af95-55a8048f0ebc:192.168.5.147:42231). Request must be sent to leader., logIndex=0, commits[8c2f1eda-c807-47b9-b017-472574b97a9c:c16, d4a1584e-cb70-4ee5-af95-55a8048f0ebc:c16, 17e40c1e-c940-4ebb-a12b-9c31941c5380:c16]
2019-07-30 19:09:32,632 INFO  client.GrpcClientProtocolClient (GrpcClientProtocolClient.java:onNext(255)) - client-255BF5B60197->17e40c1e-c940-4ebb-a12b-9c31941c5380: receive RaftClientReply:client-255BF5B60197->17e40c1e-c940-4ebb-a12b-9c31941c5380@group-718A249F18BF, cid=190, FAILED org.apache.ratis.protocol.NotLeaderException: Server 17e40c1e-c940-4ebb-a12b-9c31941c5380 is not the leader (d4a1584e-cb70-4ee5-af95-55a8048f0ebc:192.168.5.147:42231). Request must be sent to leader., logIndex=0, commits[17e40c1e-c940-4ebb-a12b-9c31941c5380:c16, d4a1584e-cb70-4ee5-af95-55a8048f0ebc:c16, 8c2f1eda-c807-47b9-b017-472574b97a9c:c16]
2019-07-30 19:09:33,403 INFO  impl.FollowerState (FollowerState.java:run(106)) - 8c2f1eda-c807-47b9-b017-472574b97a9c:group-718A249F18BF changes to CANDIDATE, lastRpcTime:8952, electionTimeout:5023ms
2019-07-30 19:09:33,403 INFO  impl.RoleInfo (RoleInfo.java:shutdownFollowerState(121)) - 8c2f1eda-c807-47b9-b017-472574b97a9c: shutdown FollowerState
2019-07-30 19:09:33,403 INFO  impl.RaftServerImpl (RaftServerImpl.java:setRole(171)) - 8c2f1eda-c807-47b9-b017-472574b97a9c:group-718A249F18BF changes role from FOLLOWER to CANDIDATE at term 1 for changeToCandidate
2019-07-30 19:09:33,404 INFO  impl.RoleInfo (RoleInfo.java:updateAndGet(143)) - 8c2f1eda-c807-47b9-b017-472574b97a9c: start LeaderElection
2019-07-30 19:09:33,408 INFO  impl.RaftServerImpl (ServerState.java:setLeader(263)) - 8c2f1eda-c807-47b9-b017-472574b97a9c:group-718A249F18BF change Leader from d4a1584e-cb70-4ee5-af95-55a8048f0ebc to null at term 1 for initElection
2019-07-30 19:09:33,415 INFO  impl.LeaderElection (LeaderElection.java:askForVotes(181)) - 8c2f1eda-c807-47b9-b017-472574b97a9c:group-718A249F18BF:LeaderElection75: begin an election at term 2 for 0: [d4a1584e-cb70-4ee5-af95-55a8048f0ebc:192.168.5.147:42231, 8c2f1eda-c807-47b9-b017-472574b97a9c:192.168.5.147:42899, 17e40c1e-c940-4ebb-a12b-9c31941c5380:192.168.5.147:44489], old=null
2019-07-30 19:09:33,418 INFO  impl.LeaderElection (LogUtils.java:infoOrTrace(149)) - 8c2f1eda-c807-47b9-b017-472574b97a9c:group-718A249F18BF:LeaderElection75 got exception when requesting votes: {}
java.util.concurrent.ExecutionException: org.apache.ratis.thirdparty.io.grpc.StatusRuntimeException: UNAVAILABLE: io exception
	at java.util.concurrent.FutureTask.report(FutureTask.java:122)
	at java.util.concurrent.FutureTask.get(FutureTask.java:192)
	at org.apache.ratis.server.impl.LeaderElection.waitForResults(LeaderElection.java:262)
	at org.apache.ratis.server.impl.LeaderElection.askForVotes(LeaderElection.java:200)
	at org.apache.ratis.server.impl.LeaderElection.run(LeaderElection.java:130)
	at java.lang.Thread.run(Thread.java:748)
Caused by: org.apache.ratis.thirdparty.io.grpc.StatusRuntimeException: UNAVAILABLE: io exception
	at org.apache.ratis.thirdparty.io.grpc.stub.ClientCalls.toStatusRuntimeException(ClientCalls.java:233)
	at org.apache.ratis.thirdparty.io.grpc.stub.ClientCalls.getUnchecked(ClientCalls.java:214)
	at org.apache.ratis.thirdparty.io.grpc.stub.ClientCalls.blockingUnaryCall(ClientCalls.java:139)
	at org.apache.ratis.proto.grpc.RaftServerProtocolServiceGrpc$RaftServerProtocolServiceBlockingStub.requestVote(RaftServerProtocolServiceGrpc.java:265)
	at org.apache.ratis.grpc.server.GrpcServerProtocolClient.requestVote(GrpcServerProtocolClient.java:83)
	at org.apache.ratis.grpc.server.GrpcService.requestVote(GrpcService.java:195)
	at org.apache.ratis.server.impl.LeaderElection.lambda$submitRequests$1(LeaderElection.java:237)
	at java.util.concurrent.FutureTask.run(FutureTask.java:266)
	at java.util.concurrent.Executors$RunnableAdapter.call(Executors.java:511)
	at java.util.concurrent.FutureTask.run(FutureTask.java:266)
	at java.util.concurrent.ThreadPoolExecutor.runWorker(ThreadPoolExecutor.java:1149)
	at java.util.concurrent.ThreadPoolExecutor$Worker.run(ThreadPoolExecutor.java:624)
	... 1 more
Caused by: org.apache.ratis.thirdparty.io.netty.channel.AbstractChannel$AnnotatedConnectException: Connection refused: /192.168.5.147:42231
	at sun.nio.ch.SocketChannelImpl.checkConnect(Native Method)
	at sun.nio.ch.SocketChannelImpl.finishConnect(SocketChannelImpl.java:717)
	at org.apache.ratis.thirdparty.io.netty.channel.socket.nio.NioSocketChannel.doFinishConnect(NioSocketChannel.java:327)
	at org.apache.ratis.thirdparty.io.netty.channel.nio.AbstractNioChannel$AbstractNioUnsafe.finishConnect(AbstractNioChannel.java:340)
	at org.apache.ratis.thirdparty.io.netty.channel.nio.NioEventLoop.processSelectedKey(NioEventLoop.java:632)
	at org.apache.ratis.thirdparty.io.netty.channel.nio.NioEventLoop.processSelectedKeysOptimized(NioEventLoop.java:579)
	at org.apache.ratis.thirdparty.io.netty.channel.nio.NioEventLoop.processSelectedKeys(NioEventLoop.java:496)
	at org.apache.ratis.thirdparty.io.netty.channel.nio.NioEventLoop.run(NioEventLoop.java:458)
	at org.apache.ratis.thirdparty.io.netty.util.concurrent.SingleThreadEventExecutor$5.run(SingleThreadEventExecutor.java:897)
	at org.apache.ratis.thirdparty.io.netty.util.concurrent.FastThreadLocalRunnable.run(FastThreadLocalRunnable.java:30)
	... 1 more
Caused by: java.net.ConnectException: Connection refused
	... 11 more
2019-07-30 19:09:33,422 INFO  impl.RaftServerImpl (ServerState.java:setLeader(263)) - 17e40c1e-c940-4ebb-a12b-9c31941c5380:group-718A249F18BF change Leader from d4a1584e-cb70-4ee5-af95-55a8048f0ebc to null at term 2 for updateCurrentTerm
2019-07-30 19:09:33,422 INFO  impl.RaftServerImpl (RaftServerImpl.java:setRole(171)) - 17e40c1e-c940-4ebb-a12b-9c31941c5380:group-718A249F18BF changes role from FOLLOWER to FOLLOWER at term 2 for recognizeCandidate:8c2f1eda-c807-47b9-b017-472574b97a9c
2019-07-30 19:09:33,423 INFO  impl.RoleInfo (RoleInfo.java:shutdownFollowerState(121)) - 17e40c1e-c940-4ebb-a12b-9c31941c5380: shutdown FollowerState
2019-07-30 19:09:33,423 INFO  impl.RoleInfo (RoleInfo.java:updateAndGet(143)) - 17e40c1e-c940-4ebb-a12b-9c31941c5380: start FollowerState
2019-07-30 19:09:33,423 INFO  impl.FollowerState (FollowerState.java:run(114)) - 17e40c1e-c940-4ebb-a12b-9c31941c5380: FollowerState was interrupted: java.lang.InterruptedException: sleep interrupted
2019-07-30 19:09:33,438 INFO  impl.LeaderElection (LeaderElection.java:logAndReturn(56)) - 8c2f1eda-c807-47b9-b017-472574b97a9c:group-718A249F18BF:LeaderElection75: Election PASSED; received 1 response(s) [8c2f1eda-c807-47b9-b017-472574b97a9c<-17e40c1e-c940-4ebb-a12b-9c31941c5380#0:OK-t2] and 1 exception(s); 8c2f1eda-c807-47b9-b017-472574b97a9c:t2, leader=null, voted=8c2f1eda-c807-47b9-b017-472574b97a9c, raftlog=8c2f1eda-c807-47b9-b017-472574b97a9c-SegmentedRaftLog:OPENED:c16,f16,i16, conf=0: [d4a1584e-cb70-4ee5-af95-55a8048f0ebc:192.168.5.147:42231, 8c2f1eda-c807-47b9-b017-472574b97a9c:192.168.5.147:42899, 17e40c1e-c940-4ebb-a12b-9c31941c5380:192.168.5.147:44489], old=null
2019-07-30 19:09:33,438 INFO  impl.LeaderElection (LogUtils.java:infoOrTrace(149)) -   Exception 0: {}
java.util.concurrent.ExecutionException: org.apache.ratis.thirdparty.io.grpc.StatusRuntimeException: UNAVAILABLE: io exception
	at java.util.concurrent.FutureTask.report(FutureTask.java:122)
	at java.util.concurrent.FutureTask.get(FutureTask.java:192)
	at org.apache.ratis.server.impl.LeaderElection.waitForResults(LeaderElection.java:262)
	at org.apache.ratis.server.impl.LeaderElection.askForVotes(LeaderElection.java:200)
	at org.apache.ratis.server.impl.LeaderElection.run(LeaderElection.java:130)
	at java.lang.Thread.run(Thread.java:748)
Caused by: org.apache.ratis.thirdparty.io.grpc.StatusRuntimeException: UNAVAILABLE: io exception
	at org.apache.ratis.thirdparty.io.grpc.stub.ClientCalls.toStatusRuntimeException(ClientCalls.java:233)
	at org.apache.ratis.thirdparty.io.grpc.stub.ClientCalls.getUnchecked(ClientCalls.java:214)
	at org.apache.ratis.thirdparty.io.grpc.stub.ClientCalls.blockingUnaryCall(ClientCalls.java:139)
	at org.apache.ratis.proto.grpc.RaftServerProtocolServiceGrpc$RaftServerProtocolServiceBlockingStub.requestVote(RaftServerProtocolServiceGrpc.java:265)
	at org.apache.ratis.grpc.server.GrpcServerProtocolClient.requestVote(GrpcServerProtocolClient.java:83)
	at org.apache.ratis.grpc.server.GrpcService.requestVote(GrpcService.java:195)
	at org.apache.ratis.server.impl.LeaderElection.lambda$submitRequests$1(LeaderElection.java:237)
	at java.util.concurrent.FutureTask.run(FutureTask.java:266)
	at java.util.concurrent.Executors$RunnableAdapter.call(Executors.java:511)
	at java.util.concurrent.FutureTask.run(FutureTask.java:266)
	at java.util.concurrent.ThreadPoolExecutor.runWorker(ThreadPoolExecutor.java:1149)
	at java.util.concurrent.ThreadPoolExecutor$Worker.run(ThreadPoolExecutor.java:624)
	... 1 more
Caused by: org.apache.ratis.thirdparty.io.netty.channel.AbstractChannel$AnnotatedConnectException: Connection refused: /192.168.5.147:42231
	at sun.nio.ch.SocketChannelImpl.checkConnect(Native Method)
	at sun.nio.ch.SocketChannelImpl.finishConnect(SocketChannelImpl.java:717)
	at org.apache.ratis.thirdparty.io.netty.channel.socket.nio.NioSocketChannel.doFinishConnect(NioSocketChannel.java:327)
	at org.apache.ratis.thirdparty.io.netty.channel.nio.AbstractNioChannel$AbstractNioUnsafe.finishConnect(AbstractNioChannel.java:340)
	at org.apache.ratis.thirdparty.io.netty.channel.nio.NioEventLoop.processSelectedKey(NioEventLoop.java:632)
	at org.apache.ratis.thirdparty.io.netty.channel.nio.NioEventLoop.processSelectedKeysOptimized(NioEventLoop.java:579)
	at org.apache.ratis.thirdparty.io.netty.channel.nio.NioEventLoop.processSelectedKeys(NioEventLoop.java:496)
	at org.apache.ratis.thirdparty.io.netty.channel.nio.NioEventLoop.run(NioEventLoop.java:458)
	at org.apache.ratis.thirdparty.io.netty.util.concurrent.SingleThreadEventExecutor$5.run(SingleThreadEventExecutor.java:897)
	at org.apache.ratis.thirdparty.io.netty.util.concurrent.FastThreadLocalRunnable.run(FastThreadLocalRunnable.java:30)
	... 1 more
Caused by: java.net.ConnectException: Connection refused
	... 11 more
2019-07-30 19:09:33,439 INFO  impl.RoleInfo (RoleInfo.java:shutdownLeaderElection(134)) - 8c2f1eda-c807-47b9-b017-472574b97a9c: shutdown LeaderElection
2019-07-30 19:09:33,439 INFO  impl.RaftServerImpl (RaftServerImpl.java:setRole(171)) - 8c2f1eda-c807-47b9-b017-472574b97a9c:group-718A249F18BF changes role from CANDIDATE to LEADER at term 2 for changeToLeader
2019-07-30 19:09:33,439 INFO  impl.RaftServerImpl (ServerState.java:setLeader(263)) - 8c2f1eda-c807-47b9-b017-472574b97a9c:group-718A249F18BF change Leader from null to 8c2f1eda-c807-47b9-b017-472574b97a9c at term 2 for becomeLeader, leader elected after 31ms
2019-07-30 19:09:33,439 INFO  server.RaftServerConfigKeys (ConfUtils.java:logGet(43)) - raft.server.staging.catchup.gap = 1000 (default)
2019-07-30 19:09:33,439 INFO  server.RaftServerConfigKeys (ConfUtils.java:logGet(43)) - raft.server.rpc.sleep.time = 25ms (default)
2019-07-30 19:09:33,440 INFO  server.RaftServerConfigKeys (ConfUtils.java:logGet(43)) - raft.server.write.element-limit = 4096 (default)
2019-07-30 19:09:33,440 INFO  server.RaftServerConfigKeys (ConfUtils.java:logGet(43)) - raft.server.watch.timeout = 10s (default)
2019-07-30 19:09:33,440 INFO  server.RaftServerConfigKeys (ConfUtils.java:logGet(43)) - raft.server.watch.timeout.denomination = 1s (default)
2019-07-30 19:09:33,440 INFO  server.RaftServerConfigKeys (ConfUtils.java:logGet(43)) - raft.server.watch.element-limit = 65536 (default)
2019-07-30 19:09:33,440 INFO  server.RaftServerConfigKeys (ConfUtils.java:logGet(43)) - raft.server.log.appender.snapshot.chunk.size.max = 16MB (=16777216) (default)
2019-07-30 19:09:33,441 INFO  server.RaftServerConfigKeys (ConfUtils.java:logGet(43)) - raft.server.log.appender.buffer.byte-limit = 33554432 (custom)
2019-07-30 19:09:33,441 INFO  server.RaftServerConfigKeys (ConfUtils.java:logGet(43)) - raft.server.log.appender.buffer.element-limit = 1 (custom)
2019-07-30 19:09:33,441 INFO  grpc.GrpcConfigKeys$Server (ConfUtils.java:logGet(43)) - raft.grpc.server.leader.outstanding.appends.max = 128 (default)
2019-07-30 19:09:33,441 INFO  server.RaftServerConfigKeys (ConfUtils.java:logGet(43)) - raft.server.rpc.request.timeout = 3000ms (default)
2019-07-30 19:09:33,441 INFO  server.RaftServerConfigKeys (ConfUtils.java:logGet(43)) - raft.server.log.appender.install.snapshot.enabled = false (custom)
2019-07-30 19:09:33,442 INFO  server.RaftServerConfigKeys (ConfUtils.java:logGet(43)) - raft.server.log.appender.snapshot.chunk.size.max = 16MB (=16777216) (default)
2019-07-30 19:09:33,442 INFO  server.RaftServerConfigKeys (ConfUtils.java:logGet(43)) - raft.server.log.appender.buffer.byte-limit = 33554432 (custom)
2019-07-30 19:09:33,442 INFO  server.RaftServerConfigKeys (ConfUtils.java:logGet(43)) - raft.server.log.appender.buffer.element-limit = 1 (custom)
2019-07-30 19:09:33,442 INFO  grpc.GrpcConfigKeys$Server (ConfUtils.java:logGet(43)) - raft.grpc.server.leader.outstanding.appends.max = 128 (default)
2019-07-30 19:09:33,442 INFO  server.RaftServerConfigKeys (ConfUtils.java:logGet(43)) - raft.server.rpc.request.timeout = 3000ms (default)
2019-07-30 19:09:33,442 INFO  server.RaftServerConfigKeys (ConfUtils.java:logGet(43)) - raft.server.log.appender.install.snapshot.enabled = false (custom)
2019-07-30 19:09:33,443 INFO  impl.RoleInfo (RoleInfo.java:updateAndGet(143)) - 8c2f1eda-c807-47b9-b017-472574b97a9c: start LeaderState
2019-07-30 19:09:33,443 INFO  segmented.SegmentedRaftLogWorker (SegmentedRaftLogWorker.java:rollLogSegment(385)) - 8c2f1eda-c807-47b9-b017-472574b97a9c-SegmentedRaftLogWorker:Storage Directory /workdir/hadoop-ozone/integration-test/target/test-dir/MiniOzoneClusterImpl-599158a6-0443-46a4-b5c4-980fc9d60a3e/datanode-0/data/ratis/c3c9a71f-b313-4d7c-917d-718a249f18bf: Rolling segment log-0_16 to index:16
2019-07-30 19:09:33,444 INFO  segmented.SegmentedRaftLogWorker (SegmentedRaftLogWorker.java:execute(526)) - 8c2f1eda-c807-47b9-b017-472574b97a9c-SegmentedRaftLogWorker:Storage Directory /workdir/hadoop-ozone/integration-test/target/test-dir/MiniOzoneClusterImpl-599158a6-0443-46a4-b5c4-980fc9d60a3e/datanode-0/data/ratis/c3c9a71f-b313-4d7c-917d-718a249f18bf: Rolled log segment from /workdir/hadoop-ozone/integration-test/target/test-dir/MiniOzoneClusterImpl-599158a6-0443-46a4-b5c4-980fc9d60a3e/datanode-0/data/ratis/c3c9a71f-b313-4d7c-917d-718a249f18bf/current/log_inprogress_0 to /workdir/hadoop-ozone/integration-test/target/test-dir/MiniOzoneClusterImpl-599158a6-0443-46a4-b5c4-980fc9d60a3e/datanode-0/data/ratis/c3c9a71f-b313-4d7c-917d-718a249f18bf/current/log_0-16
2019-07-30 19:09:33,444 INFO  impl.RaftServerImpl (ServerState.java:setRaftConf(361)) - 8c2f1eda-c807-47b9-b017-472574b97a9c:group-718A249F18BF set configuration 17: [d4a1584e-cb70-4ee5-af95-55a8048f0ebc:192.168.5.147:42231, 8c2f1eda-c807-47b9-b017-472574b97a9c:192.168.5.147:42899, 17e40c1e-c940-4ebb-a12b-9c31941c5380:192.168.5.147:44489], old=null at 17
2019-07-30 19:09:33,444 WARN  server.GrpcLogAppender (LogUtils.java:warn(134)) - 8c2f1eda-c807-47b9-b017-472574b97a9c->d4a1584e-cb70-4ee5-af95-55a8048f0ebc: Failed appendEntries: org.apache.ratis.thirdparty.io.grpc.StatusRuntimeException: UNAVAILABLE: io exception
2019-07-30 19:09:33,445 INFO  impl.FollowerInfo (FollowerInfo.java:lambda$new$0(50)) - 8c2f1eda-c807-47b9-b017-472574b97a9c->d4a1584e-cb70-4ee5-af95-55a8048f0ebc: nextIndex: updateUnconditionally 17 -> 1
2019-07-30 19:09:33,446 INFO  impl.RaftServerImpl (ServerState.java:setLeader(263)) - 17e40c1e-c940-4ebb-a12b-9c31941c5380:group-718A249F18BF change Leader from null to 8c2f1eda-c807-47b9-b017-472574b97a9c at term 2 for appendEntries, leader elected after 23ms
2019-07-30 19:09:33,449 INFO  impl.RaftServerImpl (ServerState.java:setRaftConf(361)) - 17e40c1e-c940-4ebb-a12b-9c31941c5380:group-718A249F18BF set configuration 17: [d4a1584e-cb70-4ee5-af95-55a8048f0ebc:192.168.5.147:42231, 8c2f1eda-c807-47b9-b017-472574b97a9c:192.168.5.147:42899, 17e40c1e-c940-4ebb-a12b-9c31941c5380:192.168.5.147:44489], old=null at 17
2019-07-30 19:09:33,449 INFO  segmented.SegmentedRaftLogWorker (SegmentedRaftLogWorker.java:rollLogSegment(385)) - 17e40c1e-c940-4ebb-a12b-9c31941c5380-SegmentedRaftLogWorker:Storage Directory /workdir/hadoop-ozone/integration-test/target/test-dir/MiniOzoneClusterImpl-599158a6-0443-46a4-b5c4-980fc9d60a3e/datanode-2/data/ratis/c3c9a71f-b313-4d7c-917d-718a249f18bf: Rolling segment log-0_16 to index:16
2019-07-30 19:09:33,450 INFO  segmented.SegmentedRaftLogWorker (SegmentedRaftLogWorker.java:execute(526)) - 17e40c1e-c940-4ebb-a12b-9c31941c5380-SegmentedRaftLogWorker:Storage Directory /workdir/hadoop-ozone/integration-test/target/test-dir/MiniOzoneClusterImpl-599158a6-0443-46a4-b5c4-980fc9d60a3e/datanode-2/data/ratis/c3c9a71f-b313-4d7c-917d-718a249f18bf: Rolled log segment from /workdir/hadoop-ozone/integration-test/target/test-dir/MiniOzoneClusterImpl-599158a6-0443-46a4-b5c4-980fc9d60a3e/datanode-2/data/ratis/c3c9a71f-b313-4d7c-917d-718a249f18bf/current/log_inprogress_0 to /workdir/hadoop-ozone/integration-test/target/test-dir/MiniOzoneClusterImpl-599158a6-0443-46a4-b5c4-980fc9d60a3e/datanode-2/data/ratis/c3c9a71f-b313-4d7c-917d-718a249f18bf/current/log_0-16
2019-07-30 19:09:33,481 INFO  segmented.SegmentedRaftLogWorker (SegmentedRaftLogWorker.java:execute(569)) - 17e40c1e-c940-4ebb-a12b-9c31941c5380-SegmentedRaftLogWorker:Storage Directory /workdir/hadoop-ozone/integration-test/target/test-dir/MiniOzoneClusterImpl-599158a6-0443-46a4-b5c4-980fc9d60a3e/datanode-2/data/ratis/c3c9a71f-b313-4d7c-917d-718a249f18bf: created new log segment /workdir/hadoop-ozone/integration-test/target/test-dir/MiniOzoneClusterImpl-599158a6-0443-46a4-b5c4-980fc9d60a3e/datanode-2/data/ratis/c3c9a71f-b313-4d7c-917d-718a249f18bf/current/log_inprogress_17
2019-07-30 19:09:33,482 INFO  segmented.SegmentedRaftLogWorker (SegmentedRaftLogWorker.java:execute(569)) - 8c2f1eda-c807-47b9-b017-472574b97a9c-SegmentedRaftLogWorker:Storage Directory /workdir/hadoop-ozone/integration-test/target/test-dir/MiniOzoneClusterImpl-599158a6-0443-46a4-b5c4-980fc9d60a3e/datanode-0/data/ratis/c3c9a71f-b313-4d7c-917d-718a249f18bf: created new log segment /workdir/hadoop-ozone/integration-test/target/test-dir/MiniOzoneClusterImpl-599158a6-0443-46a4-b5c4-980fc9d60a3e/datanode-0/data/ratis/c3c9a71f-b313-4d7c-917d-718a249f18bf/current/log_inprogress_17
2019-07-30 19:09:33,501 WARN  server.GrpcLogAppender (LogUtils.java:warn(134)) - 8c2f1eda-c807-47b9-b017-472574b97a9c->d4a1584e-cb70-4ee5-af95-55a8048f0ebc: Failed appendEntries: org.apache.ratis.thirdparty.io.grpc.StatusRuntimeException: UNAVAILABLE: io exception
2019-07-30 19:09:33,501 INFO  impl.FollowerInfo (FollowerInfo.java:lambda$new$0(50)) - 8c2f1eda-c807-47b9-b017-472574b97a9c->d4a1584e-cb70-4ee5-af95-55a8048f0ebc: nextIndex: updateUnconditionally 2 -> 1
19:09:33.642 [grpc-default-executor-2] ERROR DNAudit - user=null | ip=null | op=WRITE_CHUNK {blockData=conID: 1 locID: 102531973457707022 bcsId: 14} | ret=FAILURE
org.apache.hadoop.hdds.scm.container.common.helpers.ContainerNotOpenException: Container 1 in CLOSING state
	at org.apache.hadoop.ozone.container.common.impl.HddsDispatcher.validateContainerCommand(HddsDispatcher.java:408) ~[hadoop-hdds-container-service-0.4.1-SNAPSHOT.jar:?]
	at org.apache.hadoop.ozone.container.common.transport.server.ratis.ContainerStateMachine.startTransaction(ContainerStateMachine.java:288) ~[hadoop-hdds-container-service-0.4.1-SNAPSHOT.jar:?]
	at org.apache.ratis.server.impl.RaftServerImpl.submitClientRequestAsync(RaftServerImpl.java:566) ~[ratis-server-0.4.0-2337318-SNAPSHOT.jar:0.4.0-2337318-SNAPSHOT]
	at org.apache.ratis.server.impl.RaftServerProxy.lambda$submitClientRequestAsync$7(RaftServerProxy.java:333) ~[ratis-server-0.4.0-2337318-SNAPSHOT.jar:0.4.0-2337318-SNAPSHOT]
	at org.apache.ratis.server.impl.RaftServerProxy.lambda$null$5(RaftServerProxy.java:328) ~[ratis-server-0.4.0-2337318-SNAPSHOT.jar:0.4.0-2337318-SNAPSHOT]
	at org.apache.ratis.util.JavaUtils.callAsUnchecked(JavaUtils.java:109) ~[ratis-common-0.4.0-2337318-SNAPSHOT.jar:0.4.0-2337318-SNAPSHOT]
	at org.apache.ratis.server.impl.RaftServerProxy.lambda$submitRequest$6(RaftServerProxy.java:328) ~[ratis-server-0.4.0-2337318-SNAPSHOT.jar:0.4.0-2337318-SNAPSHOT]
	at java.util.concurrent.CompletableFuture.uniComposeStage(CompletableFuture.java:981) ~[?:1.8.0_212]
	at java.util.concurrent.CompletableFuture.thenCompose(CompletableFuture.java:2124) ~[?:1.8.0_212]
	at org.apache.ratis.server.impl.RaftServerProxy.submitRequest(RaftServerProxy.java:327) ~[ratis-server-0.4.0-2337318-SNAPSHOT.jar:0.4.0-2337318-SNAPSHOT]
	at org.apache.ratis.server.impl.RaftServerProxy.submitClientRequestAsync(RaftServerProxy.java:333) ~[ratis-server-0.4.0-2337318-SNAPSHOT.jar:0.4.0-2337318-SNAPSHOT]
	at org.apache.ratis.grpc.client.GrpcClientProtocolService$RequestStreamObserver.processClientRequest(GrpcClientProtocolService.java:220) ~[ratis-grpc-0.4.0-2337318-SNAPSHOT.jar:0.4.0-2337318-SNAPSHOT]
	at org.apache.ratis.grpc.client.GrpcClientProtocolService$OrderedRequestStreamObserver.processClientRequest(GrpcClientProtocolService.java:326) ~[ratis-grpc-0.4.0-2337318-SNAPSHOT.jar:0.4.0-2337318-SNAPSHOT]
	at org.apache.ratis.util.SlidingWindow$Server.processRequestsFromHead(SlidingWindow.java:429) [ratis-common-0.4.0-2337318-SNAPSHOT.jar:0.4.0-2337318-SNAPSHOT]
	at org.apache.ratis.util.SlidingWindow$Server.receivedRequest(SlidingWindow.java:421) [ratis-common-0.4.0-2337318-SNAPSHOT.jar:0.4.0-2337318-SNAPSHOT]
	at org.apache.ratis.grpc.client.GrpcClientProtocolService$OrderedRequestStreamObserver.processClientRequest(GrpcClientProtocolService.java:345) [ratis-grpc-0.4.0-2337318-SNAPSHOT.jar:0.4.0-2337318-SNAPSHOT]
	at org.apache.ratis.grpc.client.GrpcClientProtocolService$RequestStreamObserver.onNext(GrpcClientProtocolService.java:240) [ratis-grpc-0.4.0-2337318-SNAPSHOT.jar:0.4.0-2337318-SNAPSHOT]
	at org.apache.ratis.grpc.client.GrpcClientProtocolService$RequestStreamObserver.onNext(GrpcClientProtocolService.java:168) [ratis-grpc-0.4.0-2337318-SNAPSHOT.jar:0.4.0-2337318-SNAPSHOT]
	at org.apache.ratis.thirdparty.io.grpc.stub.ServerCalls$StreamingServerCallHandler$StreamingServerCallListener.onMessage(ServerCalls.java:248) [ratis-thirdparty-misc-0.2.0.jar:0.2.0]
	at org.apache.ratis.thirdparty.io.grpc.internal.ServerCallImpl$ServerStreamListenerImpl.messagesAvailable(ServerCallImpl.java:263) [ratis-thirdparty-misc-0.2.0.jar:0.2.0]
	at org.apache.ratis.thirdparty.io.grpc.internal.ServerImpl$JumpToApplicationThreadServerStreamListener$1MessagesAvailable.runInContext(ServerImpl.java:686) [ratis-thirdparty-misc-0.2.0.jar:0.2.0]
	at org.apache.ratis.thirdparty.io.grpc.internal.ContextRunnable.run(ContextRunnable.java:37) [ratis-thirdparty-misc-0.2.0.jar:0.2.0]
	at org.apache.ratis.thirdparty.io.grpc.internal.SerializingExecutor.run(SerializingExecutor.java:123) [ratis-thirdparty-misc-0.2.0.jar:0.2.0]
	at java.util.concurrent.ThreadPoolExecutor.runWorker(ThreadPoolExecutor.java:1149) [?:1.8.0_212]
	at java.util.concurrent.ThreadPoolExecutor$Worker.run(ThreadPoolExecutor.java:624) [?:1.8.0_212]
	at java.lang.Thread.run(Thread.java:748) [?:1.8.0_212]
2019-07-30 19:09:33,654 INFO  client.GrpcClientProtocolClient (GrpcClientProtocolClient.java:onNext(255)) - client-255BF5B60197->8c2f1eda-c807-47b9-b017-472574b97a9c: receive RaftClientReply:client-255BF5B60197->8c2f1eda-c807-47b9-b017-472574b97a9c@group-718A249F18BF, cid=190, FAILED org.apache.ratis.protocol.StateMachineException: org.apache.hadoop.hdds.scm.container.common.helpers.ContainerNotOpenException from Server 8c2f1eda-c807-47b9-b017-472574b97a9c: Container 1 in CLOSING state, logIndex=0, commits[8c2f1eda-c807-47b9-b017-472574b97a9c:c18, d4a1584e-cb70-4ee5-af95-55a8048f0ebc:c16, 17e40c1e-c940-4ebb-a12b-9c31941c5380:c17]
19:09:33.656 [grpc-default-executor-8] ERROR DNAudit - user=null | ip=null | op=WRITE_CHUNK {blockData=conID: 1 locID: 102531973457707022 bcsId: 14} | ret=FAILURE
org.apache.hadoop.hdds.scm.container.common.helpers.ContainerNotOpenException: Container 1 in CLOSING state
	at org.apache.hadoop.ozone.container.common.impl.HddsDispatcher.validateContainerCommand(HddsDispatcher.java:408) ~[hadoop-hdds-container-service-0.4.1-SNAPSHOT.jar:?]
	at org.apache.hadoop.ozone.container.common.transport.server.ratis.ContainerStateMachine.startTransaction(ContainerStateMachine.java:288) ~[hadoop-hdds-container-service-0.4.1-SNAPSHOT.jar:?]
	at org.apache.ratis.server.impl.RaftServerImpl.submitClientRequestAsync(RaftServerImpl.java:566) ~[ratis-server-0.4.0-2337318-SNAPSHOT.jar:0.4.0-2337318-SNAPSHOT]
	at org.apache.ratis.server.impl.RaftServerProxy.lambda$submitClientRequestAsync$7(RaftServerProxy.java:333) ~[ratis-server-0.4.0-2337318-SNAPSHOT.jar:0.4.0-2337318-SNAPSHOT]
	at org.apache.ratis.server.impl.RaftServerProxy.lambda$null$5(RaftServerProxy.java:328) ~[ratis-server-0.4.0-2337318-SNAPSHOT.jar:0.4.0-2337318-SNAPSHOT]
	at org.apache.ratis.util.JavaUtils.callAsUnchecked(JavaUtils.java:109) ~[ratis-common-0.4.0-2337318-SNAPSHOT.jar:0.4.0-2337318-SNAPSHOT]
	at org.apache.ratis.server.impl.RaftServerProxy.lambda$submitRequest$6(RaftServerProxy.java:328) ~[ratis-server-0.4.0-2337318-SNAPSHOT.jar:0.4.0-2337318-SNAPSHOT]
	at java.util.concurrent.CompletableFuture.uniComposeStage(CompletableFuture.java:981) ~[?:1.8.0_212]
	at java.util.concurrent.CompletableFuture.thenCompose(CompletableFuture.java:2124) ~[?:1.8.0_212]
	at org.apache.ratis.server.impl.RaftServerProxy.submitRequest(RaftServerProxy.java:327) ~[ratis-server-0.4.0-2337318-SNAPSHOT.jar:0.4.0-2337318-SNAPSHOT]
	at org.apache.ratis.server.impl.RaftServerProxy.submitClientRequestAsync(RaftServerProxy.java:333) ~[ratis-server-0.4.0-2337318-SNAPSHOT.jar:0.4.0-2337318-SNAPSHOT]
	at org.apache.ratis.grpc.client.GrpcClientProtocolService$RequestStreamObserver.processClientRequest(GrpcClientProtocolService.java:220) ~[ratis-grpc-0.4.0-2337318-SNAPSHOT.jar:0.4.0-2337318-SNAPSHOT]
	at org.apache.ratis.grpc.client.GrpcClientProtocolService$OrderedRequestStreamObserver.processClientRequest(GrpcClientProtocolService.java:326) ~[ratis-grpc-0.4.0-2337318-SNAPSHOT.jar:0.4.0-2337318-SNAPSHOT]
	at org.apache.ratis.util.SlidingWindow$Server.processRequestsFromHead(SlidingWindow.java:429) [ratis-common-0.4.0-2337318-SNAPSHOT.jar:0.4.0-2337318-SNAPSHOT]
	at org.apache.ratis.util.SlidingWindow$Server.receivedRequest(SlidingWindow.java:421) [ratis-common-0.4.0-2337318-SNAPSHOT.jar:0.4.0-2337318-SNAPSHOT]
	at org.apache.ratis.grpc.client.GrpcClientProtocolService$OrderedRequestStreamObserver.processClientRequest(GrpcClientProtocolService.java:345) [ratis-grpc-0.4.0-2337318-SNAPSHOT.jar:0.4.0-2337318-SNAPSHOT]
	at org.apache.ratis.grpc.client.GrpcClientProtocolService$RequestStreamObserver.onNext(GrpcClientProtocolService.java:240) [ratis-grpc-0.4.0-2337318-SNAPSHOT.jar:0.4.0-2337318-SNAPSHOT]
	at org.apache.ratis.grpc.client.GrpcClientProtocolService$RequestStreamObserver.onNext(GrpcClientProtocolService.java:168) [ratis-grpc-0.4.0-2337318-SNAPSHOT.jar:0.4.0-2337318-SNAPSHOT]
	at org.apache.ratis.thirdparty.io.grpc.stub.ServerCalls$StreamingServerCallHandler$StreamingServerCallListener.onMessage(ServerCalls.java:248) [ratis-thirdparty-misc-0.2.0.jar:0.2.0]
	at org.apache.ratis.thirdparty.io.grpc.internal.ServerCallImpl$ServerStreamListenerImpl.messagesAvailable(ServerCallImpl.java:263) [ratis-thirdparty-misc-0.2.0.jar:0.2.0]
	at org.apache.ratis.thirdparty.io.grpc.internal.ServerImpl$JumpToApplicationThreadServerStreamListener$1MessagesAvailable.runInContext(ServerImpl.java:686) [ratis-thirdparty-misc-0.2.0.jar:0.2.0]
	at org.apache.ratis.thirdparty.io.grpc.internal.ContextRunnable.run(ContextRunnable.java:37) [ratis-thirdparty-misc-0.2.0.jar:0.2.0]
	at org.apache.ratis.thirdparty.io.grpc.internal.SerializingExecutor.run(SerializingExecutor.java:123) [ratis-thirdparty-misc-0.2.0.jar:0.2.0]
	at java.util.concurrent.ThreadPoolExecutor.runWorker(ThreadPoolExecutor.java:1149) [?:1.8.0_212]
	at java.util.concurrent.ThreadPoolExecutor$Worker.run(ThreadPoolExecutor.java:624) [?:1.8.0_212]
	at java.lang.Thread.run(Thread.java:748) [?:1.8.0_212]
2019-07-30 19:09:33,667 INFO  client.GrpcClientProtocolClient (GrpcClientProtocolClient.java:onNext(255)) - client-255BF5B60197->8c2f1eda-c807-47b9-b017-472574b97a9c: receive RaftClientReply:client-255BF5B60197->8c2f1eda-c807-47b9-b017-472574b97a9c@group-718A249F18BF, cid=191, FAILED org.apache.ratis.protocol.StateMachineException: org.apache.hadoop.hdds.scm.container.common.helpers.ContainerNotOpenException from Server 8c2f1eda-c807-47b9-b017-472574b97a9c: Container 1 in CLOSING state, logIndex=0, commits[8c2f1eda-c807-47b9-b017-472574b97a9c:c18, d4a1584e-cb70-4ee5-af95-55a8048f0ebc:c16, 17e40c1e-c940-4ebb-a12b-9c31941c5380:c17]
19:09:33.666 [grpc-default-executor-8] ERROR DNAudit - user=null | ip=null | op=PUT_BLOCK {blockData=[blockId=conID: 1 locID: 102531973457707022 bcsId: 0,size=650]} | ret=FAILURE
org.apache.hadoop.hdds.scm.container.common.helpers.ContainerNotOpenException: Container 1 in CLOSING state
	at org.apache.hadoop.ozone.container.common.impl.HddsDispatcher.validateContainerCommand(HddsDispatcher.java:408) ~[hadoop-hdds-container-service-0.4.1-SNAPSHOT.jar:?]
	at org.apache.hadoop.ozone.container.common.transport.server.ratis.ContainerStateMachine.startTransaction(ContainerStateMachine.java:288) ~[hadoop-hdds-container-service-0.4.1-SNAPSHOT.jar:?]
	at org.apache.ratis.server.impl.RaftServerImpl.submitClientRequestAsync(RaftServerImpl.java:566) ~[ratis-server-0.4.0-2337318-SNAPSHOT.jar:0.4.0-2337318-SNAPSHOT]
	at org.apache.ratis.server.impl.RaftServerProxy.lambda$submitClientRequestAsync$7(RaftServerProxy.java:333) ~[ratis-server-0.4.0-2337318-SNAPSHOT.jar:0.4.0-2337318-SNAPSHOT]
	at org.apache.ratis.server.impl.RaftServerProxy.lambda$null$5(RaftServerProxy.java:328) ~[ratis-server-0.4.0-2337318-SNAPSHOT.jar:0.4.0-2337318-SNAPSHOT]
	at org.apache.ratis.util.JavaUtils.callAsUnchecked(JavaUtils.java:109) ~[ratis-common-0.4.0-2337318-SNAPSHOT.jar:0.4.0-2337318-SNAPSHOT]
	at org.apache.ratis.server.impl.RaftServerProxy.lambda$submitRequest$6(RaftServerProxy.java:328) ~[ratis-server-0.4.0-2337318-SNAPSHOT.jar:0.4.0-2337318-SNAPSHOT]
	at java.util.concurrent.CompletableFuture.uniComposeStage(CompletableFuture.java:981) ~[?:1.8.0_212]
	at java.util.concurrent.CompletableFuture.thenCompose(CompletableFuture.java:2124) ~[?:1.8.0_212]
	at org.apache.ratis.server.impl.RaftServerProxy.submitRequest(RaftServerProxy.java:327) ~[ratis-server-0.4.0-2337318-SNAPSHOT.jar:0.4.0-2337318-SNAPSHOT]
	at org.apache.ratis.server.impl.RaftServerProxy.submitClientRequestAsync(RaftServerProxy.java:333) ~[ratis-server-0.4.0-2337318-SNAPSHOT.jar:0.4.0-2337318-SNAPSHOT]
	at org.apache.ratis.grpc.client.GrpcClientProtocolService$RequestStreamObserver.processClientRequest(GrpcClientProtocolService.java:220) ~[ratis-grpc-0.4.0-2337318-SNAPSHOT.jar:0.4.0-2337318-SNAPSHOT]
	at org.apache.ratis.grpc.client.GrpcClientProtocolService$OrderedRequestStreamObserver.processClientRequest(GrpcClientProtocolService.java:326) ~[ratis-grpc-0.4.0-2337318-SNAPSHOT.jar:0.4.0-2337318-SNAPSHOT]
	at org.apache.ratis.util.SlidingWindow$Server.processRequestsFromHead(SlidingWindow.java:429) [ratis-common-0.4.0-2337318-SNAPSHOT.jar:0.4.0-2337318-SNAPSHOT]
	at org.apache.ratis.util.SlidingWindow$Server.receivedRequest(SlidingWindow.java:421) [ratis-common-0.4.0-2337318-SNAPSHOT.jar:0.4.0-2337318-SNAPSHOT]
	at org.apache.ratis.grpc.client.GrpcClientProtocolService$OrderedRequestStreamObserver.processClientRequest(GrpcClientProtocolService.java:345) [ratis-grpc-0.4.0-2337318-SNAPSHOT.jar:0.4.0-2337318-SNAPSHOT]
	at org.apache.ratis.grpc.client.GrpcClientProtocolService$RequestStreamObserver.onNext(GrpcClientProtocolService.java:240) [ratis-grpc-0.4.0-2337318-SNAPSHOT.jar:0.4.0-2337318-SNAPSHOT]
	at org.apache.ratis.grpc.client.GrpcClientProtocolService$RequestStreamObserver.onNext(GrpcClientProtocolService.java:168) [ratis-grpc-0.4.0-2337318-SNAPSHOT.jar:0.4.0-2337318-SNAPSHOT]
	at org.apache.ratis.thirdparty.io.grpc.stub.ServerCalls$StreamingServerCallHandler$StreamingServerCallListener.onMessage(ServerCalls.java:248) [ratis-thirdparty-misc-0.2.0.jar:0.2.0]
	at org.apache.ratis.thirdparty.io.grpc.internal.ServerCallImpl$ServerStreamListenerImpl.messagesAvailable(ServerCallImpl.java:263) [ratis-thirdparty-misc-0.2.0.jar:0.2.0]
	at org.apache.ratis.thirdparty.io.grpc.internal.ServerImpl$JumpToApplicationThreadServerStreamListener$1MessagesAvailable.runInContext(ServerImpl.java:686) [ratis-thirdparty-misc-0.2.0.jar:0.2.0]
	at org.apache.ratis.thirdparty.io.grpc.internal.ContextRunnable.run(ContextRunnable.java:37) [ratis-thirdparty-misc-0.2.0.jar:0.2.0]
	at org.apache.ratis.thirdparty.io.grpc.internal.SerializingExecutor.run(SerializingExecutor.java:123) [ratis-thirdparty-misc-0.2.0.jar:0.2.0]
	at java.util.concurrent.ThreadPoolExecutor.runWorker(ThreadPoolExecutor.java:1149) [?:1.8.0_212]
	at java.util.concurrent.ThreadPoolExecutor$Worker.run(ThreadPoolExecutor.java:624) [?:1.8.0_212]
	at java.lang.Thread.run(Thread.java:748) [?:1.8.0_212]
19:09:33.673 [grpc-default-executor-8] ERROR DNAudit - user=null | ip=null | op=WRITE_CHUNK {blockData=conID: 1 locID: 102531973457707022 bcsId: 14} | ret=FAILURE
org.apache.hadoop.hdds.scm.container.common.helpers.ContainerNotOpenException: Container 1 in CLOSING state
	at org.apache.hadoop.ozone.container.common.impl.HddsDispatcher.validateContainerCommand(HddsDispatcher.java:408) ~[hadoop-hdds-container-service-0.4.1-SNAPSHOT.jar:?]
	at org.apache.hadoop.ozone.container.common.transport.server.ratis.ContainerStateMachine.startTransaction(ContainerStateMachine.java:288) ~[hadoop-hdds-container-service-0.4.1-SNAPSHOT.jar:?]
	at org.apache.ratis.server.impl.RaftServerImpl.submitClientRequestAsync(RaftServerImpl.java:566) ~[ratis-server-0.4.0-2337318-SNAPSHOT.jar:0.4.0-2337318-SNAPSHOT]
	at org.apache.ratis.server.impl.RaftServerProxy.lambda$submitClientRequestAsync$7(RaftServerProxy.java:333) ~[ratis-server-0.4.0-2337318-SNAPSHOT.jar:0.4.0-2337318-SNAPSHOT]
	at org.apache.ratis.server.impl.RaftServerProxy.lambda$null$5(RaftServerProxy.java:328) ~[ratis-server-0.4.0-2337318-SNAPSHOT.jar:0.4.0-2337318-SNAPSHOT]
	at org.apache.ratis.util.JavaUtils.callAsUnchecked(JavaUtils.java:109) ~[ratis-common-0.4.0-2337318-SNAPSHOT.jar:0.4.0-2337318-SNAPSHOT]
	at org.apache.ratis.server.impl.RaftServerProxy.lambda$submitRequest$6(RaftServerProxy.java:328) ~[ratis-server-0.4.0-2337318-SNAPSHOT.jar:0.4.0-2337318-SNAPSHOT]
	at java.util.concurrent.CompletableFuture.uniComposeStage(CompletableFuture.java:981) ~[?:1.8.0_212]
	at java.util.concurrent.CompletableFuture.thenCompose(CompletableFuture.java:2124) ~[?:1.8.0_212]
	at org.apache.ratis.server.impl.RaftServerProxy.submitRequest(RaftServerProxy.java:327) ~[ratis-server-0.4.0-2337318-SNAPSHOT.jar:0.4.0-2337318-SNAPSHOT]
	at org.apache.ratis.server.impl.RaftServerProxy.submitClientRequestAsync(RaftServerProxy.java:333) ~[ratis-server-0.4.0-2337318-SNAPSHOT.jar:0.4.0-2337318-SNAPSHOT]
	at org.apache.ratis.grpc.client.GrpcClientProtocolService$RequestStreamObserver.processClientRequest(GrpcClientProtocolService.java:220) ~[ratis-grpc-0.4.0-2337318-SNAPSHOT.jar:0.4.0-2337318-SNAPSHOT]
	at org.apache.ratis.grpc.client.GrpcClientProtocolService$OrderedRequestStreamObserver.processClientRequest(GrpcClientProtocolService.java:326) ~[ratis-grpc-0.4.0-2337318-SNAPSHOT.jar:0.4.0-2337318-SNAPSHOT]
	at org.apache.ratis.util.SlidingWindow$Server.processRequestsFromHead(SlidingWindow.java:429) [ratis-common-0.4.0-2337318-SNAPSHOT.jar:0.4.0-2337318-SNAPSHOT]
	at org.apache.ratis.util.SlidingWindow$Server.receivedRequest(SlidingWindow.java:421) [ratis-common-0.4.0-2337318-SNAPSHOT.jar:0.4.0-2337318-SNAPSHOT]
	at org.apache.ratis.grpc.client.GrpcClientProtocolService$OrderedRequestStreamObserver.processClientRequest(GrpcClientProtocolService.java:345) [ratis-grpc-0.4.0-2337318-SNAPSHOT.jar:0.4.0-2337318-SNAPSHOT]
	at org.apache.ratis.grpc.client.GrpcClientProtocolService$RequestStreamObserver.onNext(GrpcClientProtocolService.java:240) [ratis-grpc-0.4.0-2337318-SNAPSHOT.jar:0.4.0-2337318-SNAPSHOT]
	at org.apache.ratis.grpc.client.GrpcClientProtocolService$RequestStreamObserver.onNext(GrpcClientProtocolService.java:168) [ratis-grpc-0.4.0-2337318-SNAPSHOT.jar:0.4.0-2337318-SNAPSHOT]
	at org.apache.ratis.thirdparty.io.grpc.stub.ServerCalls$StreamingServerCallHandler$StreamingServerCallListener.onMessage(ServerCalls.java:248) [ratis-thirdparty-misc-0.2.0.jar:0.2.0]
	at org.apache.ratis.thirdparty.io.grpc.internal.ServerCallImpl$ServerStreamListenerImpl.messagesAvailable(ServerCallImpl.java:263) [ratis-thirdparty-misc-0.2.0.jar:0.2.0]
	at org.apache.ratis.thirdparty.io.grpc.internal.ServerImpl$JumpToApplicationThreadServerStreamListener$1MessagesAvailable.runInContext(ServerImpl.java:686) [ratis-thirdparty-misc-0.2.0.jar:0.2.0]
	at org.apache.ratis.thirdparty.io.grpc.internal.ContextRunnable.run(ContextRunnable.java:37) [ratis-thirdparty-misc-0.2.0.jar:0.2.0]
	at org.apache.ratis.thirdparty.io.grpc.internal.SerializingExecutor.run(SerializingExecutor.java:123) [ratis-thirdparty-misc-0.2.0.jar:0.2.0]
	at java.util.concurrent.ThreadPoolExecutor.runWorker(ThreadPoolExecutor.java:1149) [?:1.8.0_212]
	at java.util.concurrent.ThreadPoolExecutor$Worker.run(ThreadPoolExecutor.java:624) [?:1.8.0_212]
	at java.lang.Thread.run(Thread.java:748) [?:1.8.0_212]
2019-07-30 19:09:33,675 INFO  client.GrpcClientProtocolClient (GrpcClientProtocolClient.java:onNext(255)) - client-255BF5B60197->8c2f1eda-c807-47b9-b017-472574b97a9c: receive RaftClientReply:client-255BF5B60197->8c2f1eda-c807-47b9-b017-472574b97a9c@group-718A249F18BF, cid=192, FAILED org.apache.ratis.protocol.StateMachineException: org.apache.hadoop.hdds.scm.container.common.helpers.ContainerNotOpenException from Server 8c2f1eda-c807-47b9-b017-472574b97a9c: Container 1 in CLOSING state, logIndex=0, commits[8c2f1eda-c807-47b9-b017-472574b97a9c:c18, d4a1584e-cb70-4ee5-af95-55a8048f0ebc:c16, 17e40c1e-c940-4ebb-a12b-9c31941c5380:c17]
19:09:33.680 [grpc-default-executor-8] ERROR DNAudit - user=null | ip=null | op=WRITE_CHUNK {blockData=conID: 1 locID: 102531973457707022 bcsId: 14} | ret=FAILURE
org.apache.hadoop.hdds.scm.container.common.helpers.ContainerNotOpenException: Container 1 in CLOSING state
	at org.apache.hadoop.ozone.container.common.impl.HddsDispatcher.validateContainerCommand(HddsDispatcher.java:408) ~[hadoop-hdds-container-service-0.4.1-SNAPSHOT.jar:?]
	at org.apache.hadoop.ozone.container.common.transport.server.ratis.ContainerStateMachine.startTransaction(ContainerStateMachine.java:288) ~[hadoop-hdds-container-service-0.4.1-SNAPSHOT.jar:?]
	at org.apache.ratis.server.impl.RaftServerImpl.submitClientRequestAsync(RaftServerImpl.java:566) ~[ratis-server-0.4.0-2337318-SNAPSHOT.jar:0.4.0-2337318-SNAPSHOT]
	at org.apache.ratis.server.impl.RaftServerProxy.lambda$submitClientRequestAsync$7(RaftServerProxy.java:333) ~[ratis-server-0.4.0-2337318-SNAPSHOT.jar:0.4.0-2337318-SNAPSHOT]
	at org.apache.ratis.server.impl.RaftServerProxy.lambda$null$5(RaftServerProxy.java:328) ~[ratis-server-0.4.0-2337318-SNAPSHOT.jar:0.4.0-2337318-SNAPSHOT]
	at org.apache.ratis.util.JavaUtils.callAsUnchecked(JavaUtils.java:109) ~[ratis-common-0.4.0-2337318-SNAPSHOT.jar:0.4.0-2337318-SNAPSHOT]
	at org.apache.ratis.server.impl.RaftServerProxy.lambda$submitRequest$6(RaftServerProxy.java:328) ~[ratis-server-0.4.0-2337318-SNAPSHOT.jar:0.4.0-2337318-SNAPSHOT]
	at java.util.concurrent.CompletableFuture.uniComposeStage(CompletableFuture.java:981) ~[?:1.8.0_212]
	at java.util.concurrent.CompletableFuture.thenCompose(CompletableFuture.java:2124) ~[?:1.8.0_212]
	at org.apache.ratis.server.impl.RaftServerProxy.submitRequest(RaftServerProxy.java:327) ~[ratis-server-0.4.0-2337318-SNAPSHOT.jar:0.4.0-2337318-SNAPSHOT]
	at org.apache.ratis.server.impl.RaftServerProxy.submitClientRequestAsync(RaftServerProxy.java:333) ~[ratis-server-0.4.0-2337318-SNAPSHOT.jar:0.4.0-2337318-SNAPSHOT]
	at org.apache.ratis.grpc.client.GrpcClientProtocolService$RequestStreamObserver.processClientRequest(GrpcClientProtocolService.java:220) ~[ratis-grpc-0.4.0-2337318-SNAPSHOT.jar:0.4.0-2337318-SNAPSHOT]
	at org.apache.ratis.grpc.client.GrpcClientProtocolService$OrderedRequestStreamObserver.processClientRequest(GrpcClientProtocolService.java:326) ~[ratis-grpc-0.4.0-2337318-SNAPSHOT.jar:0.4.0-2337318-SNAPSHOT]
	at org.apache.ratis.util.SlidingWindow$Server.processRequestsFromHead(SlidingWindow.java:429) [ratis-common-0.4.0-2337318-SNAPSHOT.jar:0.4.0-2337318-SNAPSHOT]
	at org.apache.ratis.util.SlidingWindow$Server.receivedRequest(SlidingWindow.java:421) [ratis-common-0.4.0-2337318-SNAPSHOT.jar:0.4.0-2337318-SNAPSHOT]
	at org.apache.ratis.grpc.client.GrpcClientProtocolService$OrderedRequestStreamObserver.processClientRequest(GrpcClientProtocolService.java:345) [ratis-grpc-0.4.0-2337318-SNAPSHOT.jar:0.4.0-2337318-SNAPSHOT]
	at org.apache.ratis.grpc.client.GrpcClientProtocolService$RequestStreamObserver.onNext(GrpcClientProtocolService.java:240) [ratis-grpc-0.4.0-2337318-SNAPSHOT.jar:0.4.0-2337318-SNAPSHOT]
	at org.apache.ratis.grpc.client.GrpcClientProtocolService$RequestStreamObserver.onNext(GrpcClientProtocolService.java:168) [ratis-grpc-0.4.0-2337318-SNAPSHOT.jar:0.4.0-2337318-SNAPSHOT]
	at org.apache.ratis.thirdparty.io.grpc.stub.ServerCalls$StreamingServerCallHandler$StreamingServerCallListener.onMessage(ServerCalls.java:248) [ratis-thirdparty-misc-0.2.0.jar:0.2.0]
	at org.apache.ratis.thirdparty.io.grpc.internal.ServerCallImpl$ServerStreamListenerImpl.messagesAvailable(ServerCallImpl.java:263) [ratis-thirdparty-misc-0.2.0.jar:0.2.0]
	at org.apache.ratis.thirdparty.io.grpc.internal.ServerImpl$JumpToApplicationThreadServerStreamListener$1MessagesAvailable.runInContext(ServerImpl.java:686) [ratis-thirdparty-misc-0.2.0.jar:0.2.0]
	at org.apache.ratis.thirdparty.io.grpc.internal.ContextRunnable.run(ContextRunnable.java:37) [ratis-thirdparty-misc-0.2.0.jar:0.2.0]
	at org.apache.ratis.thirdparty.io.grpc.internal.SerializingExecutor.run(SerializingExecutor.java:123) [ratis-thirdparty-misc-0.2.0.jar:0.2.0]
	at java.util.concurrent.ThreadPoolExecutor.runWorker(ThreadPoolExecutor.java:1149) [?:1.8.0_212]
	at java.util.concurrent.ThreadPoolExecutor$Worker.run(ThreadPoolExecutor.java:624) [?:1.8.0_212]
	at java.lang.Thread.run(Thread.java:748) [?:1.8.0_212]
2019-07-30 19:09:33,684 INFO  client.GrpcClientProtocolClient (GrpcClientProtocolClient.java:onNext(255)) - client-255BF5B60197->8c2f1eda-c807-47b9-b017-472574b97a9c: receive RaftClientReply:client-255BF5B60197->8c2f1eda-c807-47b9-b017-472574b97a9c@group-718A249F18BF, cid=193, FAILED org.apache.ratis.protocol.StateMachineException: org.apache.hadoop.hdds.scm.container.common.helpers.ContainerNotOpenException from Server 8c2f1eda-c807-47b9-b017-472574b97a9c: Container 1 in CLOSING state, logIndex=0, commits[8c2f1eda-c807-47b9-b017-472574b97a9c:c18, d4a1584e-cb70-4ee5-af95-55a8048f0ebc:c16, 17e40c1e-c940-4ebb-a12b-9c31941c5380:c17]
2019-07-30 19:09:33,687 INFO  client.GrpcClientProtocolClient (GrpcClientProtocolClient.java:onNext(255)) - client-255BF5B60197->8c2f1eda-c807-47b9-b017-472574b97a9c: receive RaftClientReply:client-255BF5B60197->8c2f1eda-c807-47b9-b017-472574b97a9c@group-718A249F18BF, cid=194, FAILED org.apache.ratis.protocol.StateMachineException: org.apache.hadoop.hdds.scm.container.common.helpers.ContainerNotOpenException from Server 8c2f1eda-c807-47b9-b017-472574b97a9c: Container 1 in CLOSING state, logIndex=0, commits[8c2f1eda-c807-47b9-b017-472574b97a9c:c18, d4a1584e-cb70-4ee5-af95-55a8048f0ebc:c16, 17e40c1e-c940-4ebb-a12b-9c31941c5380:c17]
19:09:33.687 [grpc-default-executor-8] ERROR DNAudit - user=null | ip=null | op=PUT_BLOCK {blockData=[blockId=conID: 1 locID: 102531973457707022 bcsId: 0,size=800]} | ret=FAILURE
org.apache.hadoop.hdds.scm.container.common.helpers.ContainerNotOpenException: Container 1 in CLOSING state
	at org.apache.hadoop.ozone.container.common.impl.HddsDispatcher.validateContainerCommand(HddsDispatcher.java:408) ~[hadoop-hdds-container-service-0.4.1-SNAPSHOT.jar:?]
	at org.apache.hadoop.ozone.container.common.transport.server.ratis.ContainerStateMachine.startTransaction(ContainerStateMachine.java:288) ~[hadoop-hdds-container-service-0.4.1-SNAPSHOT.jar:?]
	at org.apache.ratis.server.impl.RaftServerImpl.submitClientRequestAsync(RaftServerImpl.java:566) ~[ratis-server-0.4.0-2337318-SNAPSHOT.jar:0.4.0-2337318-SNAPSHOT]
	at org.apache.ratis.server.impl.RaftServerProxy.lambda$submitClientRequestAsync$7(RaftServerProxy.java:333) ~[ratis-server-0.4.0-2337318-SNAPSHOT.jar:0.4.0-2337318-SNAPSHOT]
	at org.apache.ratis.server.impl.RaftServerProxy.lambda$null$5(RaftServerProxy.java:328) ~[ratis-server-0.4.0-2337318-SNAPSHOT.jar:0.4.0-2337318-SNAPSHOT]
	at org.apache.ratis.util.JavaUtils.callAsUnchecked(JavaUtils.java:109) ~[ratis-common-0.4.0-2337318-SNAPSHOT.jar:0.4.0-2337318-SNAPSHOT]
	at org.apache.ratis.server.impl.RaftServerProxy.lambda$submitRequest$6(RaftServerProxy.java:328) ~[ratis-server-0.4.0-2337318-SNAPSHOT.jar:0.4.0-2337318-SNAPSHOT]
	at java.util.concurrent.CompletableFuture.uniComposeStage(CompletableFuture.java:981) ~[?:1.8.0_212]
	at java.util.concurrent.CompletableFuture.thenCompose(CompletableFuture.java:2124) ~[?:1.8.0_212]
	at org.apache.ratis.server.impl.RaftServerProxy.submitRequest(RaftServerProxy.java:327) ~[ratis-server-0.4.0-2337318-SNAPSHOT.jar:0.4.0-2337318-SNAPSHOT]
	at org.apache.ratis.server.impl.RaftServerProxy.submitClientRequestAsync(RaftServerProxy.java:333) ~[ratis-server-0.4.0-2337318-SNAPSHOT.jar:0.4.0-2337318-SNAPSHOT]
	at org.apache.ratis.grpc.client.GrpcClientProtocolService$RequestStreamObserver.processClientRequest(GrpcClientProtocolService.java:220) ~[ratis-grpc-0.4.0-2337318-SNAPSHOT.jar:0.4.0-2337318-SNAPSHOT]
	at org.apache.ratis.grpc.client.GrpcClientProtocolService$OrderedRequestStreamObserver.processClientRequest(GrpcClientProtocolService.java:326) ~[ratis-grpc-0.4.0-2337318-SNAPSHOT.jar:0.4.0-2337318-SNAPSHOT]
	at org.apache.ratis.util.SlidingWindow$Server.processRequestsFromHead(SlidingWindow.java:429) [ratis-common-0.4.0-2337318-SNAPSHOT.jar:0.4.0-2337318-SNAPSHOT]
	at org.apache.ratis.util.SlidingWindow$Server.receivedRequest(SlidingWindow.java:421) [ratis-common-0.4.0-2337318-SNAPSHOT.jar:0.4.0-2337318-SNAPSHOT]
	at org.apache.ratis.grpc.client.GrpcClientProtocolService$OrderedRequestStreamObserver.processClientRequest(GrpcClientProtocolService.java:345) [ratis-grpc-0.4.0-2337318-SNAPSHOT.jar:0.4.0-2337318-SNAPSHOT]
	at org.apache.ratis.grpc.client.GrpcClientProtocolService$RequestStreamObserver.onNext(GrpcClientProtocolService.java:240) [ratis-grpc-0.4.0-2337318-SNAPSHOT.jar:0.4.0-2337318-SNAPSHOT]
	at org.apache.ratis.grpc.client.GrpcClientProtocolService$RequestStreamObserver.onNext(GrpcClientProtocolService.java:168) [ratis-grpc-0.4.0-2337318-SNAPSHOT.jar:0.4.0-2337318-SNAPSHOT]
	at org.apache.ratis.thirdparty.io.grpc.stub.ServerCalls$StreamingServerCallHandler$StreamingServerCallListener.onMessage(ServerCalls.java:248) [ratis-thirdparty-misc-0.2.0.jar:0.2.0]
	at org.apache.ratis.thirdparty.io.grpc.internal.ServerCallImpl$ServerStreamListenerImpl.messagesAvailable(ServerCallImpl.java:263) [ratis-thirdparty-misc-0.2.0.jar:0.2.0]
	at org.apache.ratis.thirdparty.io.grpc.internal.ServerImpl$JumpToApplicationThreadServerStreamListener$1MessagesAvailable.runInContext(ServerImpl.java:686) [ratis-thirdparty-misc-0.2.0.jar:0.2.0]
	at org.apache.ratis.thirdparty.io.grpc.internal.ContextRunnable.run(ContextRunnable.java:37) [ratis-thirdparty-misc-0.2.0.jar:0.2.0]
	at org.apache.ratis.thirdparty.io.grpc.internal.SerializingExecutor.run(SerializingExecutor.java:123) [ratis-thirdparty-misc-0.2.0.jar:0.2.0]
	at java.util.concurrent.ThreadPoolExecutor.runWorker(ThreadPoolExecutor.java:1149) [?:1.8.0_212]
	at java.util.concurrent.ThreadPoolExecutor$Worker.run(ThreadPoolExecutor.java:624) [?:1.8.0_212]
	at java.lang.Thread.run(Thread.java:748) [?:1.8.0_212]
2019-07-30 19:09:33,703 INFO  client.GrpcClientProtocolClient (GrpcClientProtocolClient.java:onNext(255)) - client-255BF5B60197->8c2f1eda-c807-47b9-b017-472574b97a9c: receive RaftClientReply:client-255BF5B60197->8c2f1eda-c807-47b9-b017-472574b97a9c@group-718A249F18BF, cid=195, FAILED org.apache.ratis.protocol.StateMachineException: org.apache.hadoop.hdds.scm.container.common.helpers.ContainerNotOpenException from Server 8c2f1eda-c807-47b9-b017-472574b97a9c: Container 1 in CLOSING state, logIndex=0, commits[8c2f1eda-c807-47b9-b017-472574b97a9c:c18, d4a1584e-cb70-4ee5-af95-55a8048f0ebc:c16, 17e40c1e-c940-4ebb-a12b-9c31941c5380:c17]
2019-07-30 19:09:33,841 INFO  client.GrpcClientProtocolClient (GrpcClientProtocolClient.java:onNext(255)) - client-D0BD2A8471B3->b5d25f3d-c3f0-492e-8269-30589e3acfee: receive RaftClientReply:client-D0BD2A8471B3->b5d25f3d-c3f0-492e-8269-30589e3acfee@group-327082EC483C, cid=196, SUCCESS, logIndex=1, commits[b5d25f3d-c3f0-492e-8269-30589e3acfee:c1, 32c46067-d1ab-4dfa-87a4-aaa4f48110f6:c0, d02ed320-20ae-4dd8-aaaa-32c3d015d6d9:c0]
2019-07-30 19:09:33,868 INFO  client.GrpcClientProtocolClient (GrpcClientProtocolClient.java:onNext(255)) - client-D0BD2A8471B3->b5d25f3d-c3f0-492e-8269-30589e3acfee: receive RaftClientReply:client-D0BD2A8471B3->b5d25f3d-c3f0-492e-8269-30589e3acfee@group-327082EC483C, cid=197, SUCCESS, logIndex=3, commits[b5d25f3d-c3f0-492e-8269-30589e3acfee:c4, 32c46067-d1ab-4dfa-87a4-aaa4f48110f6:c2, d02ed320-20ae-4dd8-aaaa-32c3d015d6d9:c1]
2019-07-30 19:09:33,888 INFO  client.GrpcClientProtocolClient (GrpcClientProtocolClient.java:onNext(255)) - client-D0BD2A8471B3->b5d25f3d-c3f0-492e-8269-30589e3acfee: receive RaftClientReply:client-D0BD2A8471B3->b5d25f3d-c3f0-492e-8269-30589e3acfee@group-327082EC483C, cid=198, SUCCESS, logIndex=4, commits[b5d25f3d-c3f0-492e-8269-30589e3acfee:c12, 32c46067-d1ab-4dfa-87a4-aaa4f48110f6:c8, d02ed320-20ae-4dd8-aaaa-32c3d015d6d9:c8]
2019-07-30 19:09:33,890 INFO  client.GrpcClientProtocolClient (GrpcClientProtocolClient.java:onNext(255)) - client-D0BD2A8471B3->b5d25f3d-c3f0-492e-8269-30589e3acfee: receive RaftClientReply:client-D0BD2A8471B3->b5d25f3d-c3f0-492e-8269-30589e3acfee@group-327082EC483C, cid=199, SUCCESS, logIndex=5, commits[b5d25f3d-c3f0-492e-8269-30589e3acfee:c12, 32c46067-d1ab-4dfa-87a4-aaa4f48110f6:c8, d02ed320-20ae-4dd8-aaaa-32c3d015d6d9:c8]
2019-07-30 19:09:33,890 INFO  client.GrpcClientProtocolClient (GrpcClientProtocolClient.java:onNext(255)) - client-D0BD2A8471B3->b5d25f3d-c3f0-492e-8269-30589e3acfee: receive RaftClientReply:client-D0BD2A8471B3->b5d25f3d-c3f0-492e-8269-30589e3acfee@group-327082EC483C, cid=200, SUCCESS, logIndex=6, commits[b5d25f3d-c3f0-492e-8269-30589e3acfee:c12, 32c46067-d1ab-4dfa-87a4-aaa4f48110f6:c8, d02ed320-20ae-4dd8-aaaa-32c3d015d6d9:c8]
2019-07-30 19:09:33,938 INFO  client.GrpcClientProtocolClient (GrpcClientProtocolClient.java:onNext(255)) - client-D0BD2A8471B3->b5d25f3d-c3f0-492e-8269-30589e3acfee: receive RaftClientReply:client-D0BD2A8471B3->b5d25f3d-c3f0-492e-8269-30589e3acfee@group-327082EC483C, cid=201, SUCCESS, logIndex=7, commits[b5d25f3d-c3f0-492e-8269-30589e3acfee:c12, 32c46067-d1ab-4dfa-87a4-aaa4f48110f6:c8, d02ed320-20ae-4dd8-aaaa-32c3d015d6d9:c8]
2019-07-30 19:09:33,955 INFO  client.GrpcClientProtocolClient (GrpcClientProtocolClient.java:onNext(255)) - client-D0BD2A8471B3->b5d25f3d-c3f0-492e-8269-30589e3acfee: receive RaftClientReply:client-D0BD2A8471B3->b5d25f3d-c3f0-492e-8269-30589e3acfee@group-327082EC483C, cid=202, SUCCESS, logIndex=13, commits[b5d25f3d-c3f0-492e-8269-30589e3acfee:c14, 32c46067-d1ab-4dfa-87a4-aaa4f48110f6:c12, d02ed320-20ae-4dd8-aaaa-32c3d015d6d9:c12]
2019-07-30 19:09:33,956 INFO  client.GrpcClientProtocolClient (GrpcClientProtocolClient.java:onNext(255)) - client-D0BD2A8471B3->b5d25f3d-c3f0-492e-8269-30589e3acfee: receive RaftClientReply:client-D0BD2A8471B3->b5d25f3d-c3f0-492e-8269-30589e3acfee@group-327082EC483C, cid=203, SUCCESS, logIndex=14, commits[b5d25f3d-c3f0-492e-8269-30589e3acfee:c14, 32c46067-d1ab-4dfa-87a4-aaa4f48110f6:c12, d02ed320-20ae-4dd8-aaaa-32c3d015d6d9:c12]
2019-07-30 19:09:33,971 INFO  client.GrpcClientProtocolClient (GrpcClientProtocolClient.java:onNext(255)) - client-D0BD2A8471B3->b5d25f3d-c3f0-492e-8269-30589e3acfee: receive RaftClientReply:client-D0BD2A8471B3->b5d25f3d-c3f0-492e-8269-30589e3acfee@group-327082EC483C, cid=204, SUCCESS, logIndex=0, commits[b5d25f3d-c3f0-492e-8269-30589e3acfee:c16, 32c46067-d1ab-4dfa-87a4-aaa4f48110f6:c14, d02ed320-20ae-4dd8-aaaa-32c3d015d6d9:c14]
2019-07-30 19:09:33,972 INFO  ozone.MiniOzoneClusterImpl (MiniOzoneClusterImpl.java:shutdown(321)) - Shutting down the Mini Ozone Cluster
2019-07-30 19:09:33,972 INFO  ozone.MiniOzoneClusterImpl (MiniOzoneClusterImpl.java:stop(336)) - Stopping the Mini Ozone Cluster
2019-07-30 19:09:33,972 INFO  ozone.MiniOzoneClusterImpl (MiniOzoneClusterImpl.java:stop(338)) - Stopping the OzoneManager
2019-07-30 19:09:33,973 INFO  ipc.Server (Server.java:stop(3082)) - Stopping server on 45484
2019-07-30 19:09:33,986 INFO  ipc.Server (Server.java:run(1185)) - Stopping IPC Server listener on 45484
2019-07-30 19:09:33,987 INFO  utils.BackgroundService (BackgroundService.java:shutdown(148)) - Shutting down service KeyDeletingService
2019-07-30 19:09:33,996 INFO  ipc.Server (Server.java:run(1319)) - Stopping IPC Server Responder
2019-07-30 19:09:34,006 INFO  handler.ContextHandler (ContextHandler.java:doStop(910)) - Stopped o.e.j.w.WebAppContext@6d76aa05{/,null,UNAVAILABLE}{/ozoneManager}
2019-07-30 19:09:34,007 INFO  server.AbstractConnector (AbstractConnector.java:doStop(318)) - Stopped ServerConnector@2403c1c5{HTTP/1.1,[http/1.1]}{0.0.0.0:0}
2019-07-30 19:09:34,007 INFO  handler.ContextHandler (ContextHandler.java:doStop(910)) - Stopped o.e.j.s.ServletContextHandler@6e8426aa{/static,file:///workdir/hadoop-ozone/integration-test/target/test-classes/webapps/static,UNAVAILABLE}
2019-07-30 19:09:34,008 INFO  handler.ContextHandler (ContextHandler.java:doStop(910)) - Stopped o.e.j.s.ServletContextHandler@4d9ad37e{/logs,file:///workdir/hadoop-ozone/integration-test/target/log,UNAVAILABLE}
2019-07-30 19:09:34,019 INFO  ozone.MiniOzoneClusterImpl (MiniOzoneClusterImpl.java:stop(344)) - Shutting the HddsDatanodes
2019-07-30 19:09:34,020 INFO  datanode.ObjectStoreHandler (ObjectStoreHandler.java:close(155)) - Closing ObjectStoreHandler.
2019-07-30 19:09:34,020 INFO  datanode.ObjectStoreHandler (ObjectStoreHandler.java:close(155)) - Closing ObjectStoreHandler.
2019-07-30 19:09:34,020 INFO  ozone.HddsDatanodeService (HddsDatanodeService.java:stop(451)) - Stopped plug-in org.apache.hadoop.ozone.web.OzoneHddsDatanodeService@45bde54d
2019-07-30 19:09:34,020 INFO  ozone.HddsDatanodeService (HddsDatanodeService.java:stop(451)) - Stopped plug-in org.apache.hadoop.ozone.web.OzoneHddsDatanodeService@4ed94e6a
2019-07-30 19:09:34,309 INFO  statemachine.DatanodeStateMachine (DatanodeStateMachine.java:lambda$startDaemon$0(350)) - Ozone container server started.
2019-07-30 19:09:34,829 INFO  statemachine.DatanodeStateMachine (DatanodeStateMachine.java:lambda$startDaemon$0(350)) - Ozone container server started.
2019-07-30 19:09:36,002 WARN  server.GrpcLogAppender (LogUtils.java:warn(134)) - 8c2f1eda-c807-47b9-b017-472574b97a9c->d4a1584e-cb70-4ee5-af95-55a8048f0ebc: Failed appendEntries: org.apache.ratis.thirdparty.io.grpc.StatusRuntimeException: UNAVAILABLE: io exception
2019-07-30 19:09:36,005 INFO  impl.FollowerInfo (FollowerInfo.java:lambda$new$0(50)) - 8c2f1eda-c807-47b9-b017-472574b97a9c->d4a1584e-cb70-4ee5-af95-55a8048f0ebc: nextIndex: updateUnconditionally 1 -> 0
2019-07-30 19:09:38,314 INFO  node.StaleNodeHandler (StaleNodeHandler.java:onMessage(58)) - Datanode 17e40c1e-c940-4ebb-a12b-9c31941c5380{ip: 192.168.5.147, host: byscane-nightly-d7s94-1643579034, networkLocation: /default-rack, certSerialId: null} moved to stale state. Finalizing its pipelines [PipelineID=bb304cb6-4066-4875-b6f9-7459b1bc3961, PipelineID=c3c9a71f-b313-4d7c-917d-718a249f18bf]
2019-07-30 19:09:38,315 INFO  pipeline.SCMPipelineManager (SCMPipelineManager.java:finalizeAndDestroyPipeline(309)) - destroying pipeline:Pipeline[ Id: bb304cb6-4066-4875-b6f9-7459b1bc3961, Nodes: 17e40c1e-c940-4ebb-a12b-9c31941c5380{ip: 192.168.5.147, host: byscane-nightly-d7s94-1643579034, networkLocation: /default-rack, certSerialId: null}, Type:RATIS, Factor:ONE, State:OPEN]
2019-07-30 19:09:38,315 INFO  pipeline.PipelineStateManager (PipelineStateManager.java:finalizePipeline(123)) - Pipeline Pipeline[ Id: bb304cb6-4066-4875-b6f9-7459b1bc3961, Nodes: 17e40c1e-c940-4ebb-a12b-9c31941c5380{ip: 192.168.5.147, host: byscane-nightly-d7s94-1643579034, networkLocation: /default-rack, certSerialId: null}, Type:RATIS, Factor:ONE, State:CLOSED] moved to CLOSED state
2019-07-30 19:09:38,315 INFO  pipeline.SCMPipelineManager (SCMPipelineManager.java:finalizeAndDestroyPipeline(309)) - destroying pipeline:Pipeline[ Id: c3c9a71f-b313-4d7c-917d-718a249f18bf, Nodes: d4a1584e-cb70-4ee5-af95-55a8048f0ebc{ip: 192.168.5.147, host: byscane-nightly-d7s94-1643579034, networkLocation: /default-rack, certSerialId: null}17e40c1e-c940-4ebb-a12b-9c31941c5380{ip: 192.168.5.147, host: byscane-nightly-d7s94-1643579034, networkLocation: /default-rack, certSerialId: null}8c2f1eda-c807-47b9-b017-472574b97a9c{ip: 192.168.5.147, host: byscane-nightly-d7s94-1643579034, networkLocation: /default-rack, certSerialId: null}, Type:RATIS, Factor:THREE, State:CLOSED]
2019-07-30 19:09:38,503 WARN  server.GrpcLogAppender (LogUtils.java:warn(134)) - 8c2f1eda-c807-47b9-b017-472574b97a9c->d4a1584e-cb70-4ee5-af95-55a8048f0ebc: Failed appendEntries: org.apache.ratis.thirdparty.io.grpc.StatusRuntimeException: UNAVAILABLE: io exception
2019-07-30 19:09:38,503 INFO  impl.FollowerInfo (FollowerInfo.java:lambda$new$0(50)) - 8c2f1eda-c807-47b9-b017-472574b97a9c->d4a1584e-cb70-4ee5-af95-55a8048f0ebc: nextIndex: updateUnconditionally 0 -> 0
2019-07-30 19:09:38,915 INFO  node.StaleNodeHandler (StaleNodeHandler.java:onMessage(58)) - Datanode b5d25f3d-c3f0-492e-8269-30589e3acfee{ip: 192.168.5.147, host: byscane-nightly-d7s94-1643579034, networkLocation: /default-rack, certSerialId: null} moved to stale state. Finalizing its pipelines [PipelineID=c33c3c59-2b04-40c9-9930-f52e5df855ad, PipelineID=ea96c4ab-f3ce-4ba5-8671-327082ec483c]
2019-07-30 19:09:38,916 INFO  pipeline.SCMPipelineManager (SCMPipelineManager.java:finalizeAndDestroyPipeline(309)) - destroying pipeline:Pipeline[ Id: c33c3c59-2b04-40c9-9930-f52e5df855ad, Nodes: b5d25f3d-c3f0-492e-8269-30589e3acfee{ip: 192.168.5.147, host: byscane-nightly-d7s94-1643579034, networkLocation: /default-rack, certSerialId: null}, Type:RATIS, Factor:ONE, State:OPEN]
2019-07-30 19:09:38,916 INFO  pipeline.PipelineStateManager (PipelineStateManager.java:finalizePipeline(123)) - Pipeline Pipeline[ Id: c33c3c59-2b04-40c9-9930-f52e5df855ad, Nodes: b5d25f3d-c3f0-492e-8269-30589e3acfee{ip: 192.168.5.147, host: byscane-nightly-d7s94-1643579034, networkLocation: /default-rack, certSerialId: null}, Type:RATIS, Factor:ONE, State:CLOSED] moved to CLOSED state
2019-07-30 19:09:38,916 INFO  pipeline.SCMPipelineManager (SCMPipelineManager.java:finalizeAndDestroyPipeline(309)) - destroying pipeline:Pipeline[ Id: ea96c4ab-f3ce-4ba5-8671-327082ec483c, Nodes: b5d25f3d-c3f0-492e-8269-30589e3acfee{ip: 192.168.5.147, host: byscane-nightly-d7s94-1643579034, networkLocation: /default-rack, certSerialId: null}32c46067-d1ab-4dfa-87a4-aaa4f48110f6{ip: 192.168.5.147, host: byscane-nightly-d7s94-1643579034, networkLocation: /default-rack, certSerialId: null}d02ed320-20ae-4dd8-aaaa-32c3d015d6d9{ip: 192.168.5.147, host: byscane-nightly-d7s94-1643579034, networkLocation: /default-rack, certSerialId: null}, Type:RATIS, Factor:THREE, State:OPEN]
2019-07-30 19:09:38,916 INFO  pipeline.PipelineStateManager (PipelineStateManager.java:finalizePipeline(123)) - Pipeline Pipeline[ Id: ea96c4ab-f3ce-4ba5-8671-327082ec483c, Nodes: b5d25f3d-c3f0-492e-8269-30589e3acfee{ip: 192.168.5.147, host: byscane-nightly-d7s94-1643579034, networkLocation: /default-rack, certSerialId: null}32c46067-d1ab-4dfa-87a4-aaa4f48110f6{ip: 192.168.5.147, host: byscane-nightly-d7s94-1643579034, networkLocation: /default-rack, certSerialId: null}d02ed320-20ae-4dd8-aaaa-32c3d015d6d9{ip: 192.168.5.147, host: byscane-nightly-d7s94-1643579034, networkLocation: /default-rack, certSerialId: null}, Type:RATIS, Factor:THREE, State:CLOSED] moved to CLOSED state
2019-07-30 19:09:38,917 INFO  container.CloseContainerEventHandler (CloseContainerEventHandler.java:onMessage(61)) - Close container Event triggered for container : #2
2019-07-30 19:09:39,021 INFO  ozoneimpl.OzoneContainer (OzoneContainer.java:stop(199)) - Attempting to stop container services.
2019-07-30 19:09:39,021 INFO  ozoneimpl.OzoneContainer (OzoneContainer.java:stop(199)) - Attempting to stop container services.
2019-07-30 19:09:39,022 INFO  impl.RaftServerProxy (RaftServerProxy.java:lambda$close$4(314)) - b5d25f3d-c3f0-492e-8269-30589e3acfee: close
2019-07-30 19:09:39,022 INFO  impl.RaftServerProxy (RaftServerProxy.java:lambda$close$4(314)) - 17e40c1e-c940-4ebb-a12b-9c31941c5380: close
2019-07-30 19:09:39,022 INFO  impl.RaftServerImpl (RaftServerImpl.java:lambda$shutdown$3(245)) - b5d25f3d-c3f0-492e-8269-30589e3acfee: shutdown group-F52E5DF855AD
2019-07-30 19:09:39,022 INFO  impl.RaftServerImpl (RaftServerImpl.java:lambda$shutdown$3(245)) - 17e40c1e-c940-4ebb-a12b-9c31941c5380: shutdown group-7459B1BC3961
2019-07-30 19:09:39,023 INFO  util.JmxRegister (JmxRegister.java:unregister(73)) - Successfully un-registered JMX Bean with object name Ratis:service=RaftServer,group=group-F52E5DF855AD,id=b5d25f3d-c3f0-492e-8269-30589e3acfee
2019-07-30 19:09:39,023 INFO  util.JmxRegister (JmxRegister.java:unregister(73)) - Successfully un-registered JMX Bean with object name Ratis:service=RaftServer,group=group-7459B1BC3961,id=17e40c1e-c940-4ebb-a12b-9c31941c5380
2019-07-30 19:09:39,024 INFO  impl.RoleInfo (RoleInfo.java:shutdownLeaderState(104)) - 17e40c1e-c940-4ebb-a12b-9c31941c5380: shutdown LeaderState
2019-07-30 19:09:39,023 INFO  impl.RoleInfo (RoleInfo.java:shutdownLeaderState(104)) - b5d25f3d-c3f0-492e-8269-30589e3acfee: shutdown LeaderState
2019-07-30 19:09:39,024 INFO  impl.PendingRequests (PendingRequests.java:sendNotLeaderResponses(202)) - 17e40c1e-c940-4ebb-a12b-9c31941c5380-PendingRequests: sendNotLeaderResponses
2019-07-30 19:09:39,024 INFO  impl.PendingRequests (PendingRequests.java:sendNotLeaderResponses(202)) - b5d25f3d-c3f0-492e-8269-30589e3acfee-PendingRequests: sendNotLeaderResponses
2019-07-30 19:09:39,025 INFO  impl.StateMachineUpdater (StateMachineUpdater.java:stopAndJoin(115)) - StateMachineUpdater:17e40c1e-c940-4ebb-a12b-9c31941c5380:group-7459B1BC3961: set stopIndex = 0
2019-07-30 19:09:39,025 INFO  impl.StateMachineUpdater (StateMachineUpdater.java:stopAndJoin(115)) - StateMachineUpdater:b5d25f3d-c3f0-492e-8269-30589e3acfee:group-F52E5DF855AD: set stopIndex = 0
2019-07-30 19:09:39,026 INFO  impl.RaftServerImpl (ServerState.java:close(394)) - 17e40c1e-c940-4ebb-a12b-9c31941c5380:group-7459B1BC3961 closes. The last applied log index is 0
2019-07-30 19:09:39,026 INFO  impl.RaftServerImpl (ServerState.java:close(394)) - b5d25f3d-c3f0-492e-8269-30589e3acfee:group-F52E5DF855AD closes. The last applied log index is 0
2019-07-30 19:09:39,027 INFO  segmented.SegmentedRaftLogWorker (SegmentedRaftLogWorker.java:run(313)) - 17e40c1e-c940-4ebb-a12b-9c31941c5380-SegmentedRaftLogWorker:Storage Directory /workdir/hadoop-ozone/integration-test/target/test-dir/MiniOzoneClusterImpl-599158a6-0443-46a4-b5c4-980fc9d60a3e/datanode-2/data/ratis/bb304cb6-4066-4875-b6f9-7459b1bc3961 was interrupted, exiting. There are 0 tasks remaining in the queue.
2019-07-30 19:09:39,027 INFO  segmented.SegmentedRaftLogWorker (SegmentedRaftLogWorker.java:run(313)) - b5d25f3d-c3f0-492e-8269-30589e3acfee-SegmentedRaftLogWorker:Storage Directory /workdir/hadoop-ozone/integration-test/target/test-dir/MiniOzoneClusterImpl-599158a6-0443-46a4-b5c4-980fc9d60a3e/datanode-4/data/ratis/c33c3c59-2b04-40c9-9930-f52e5df855ad was interrupted, exiting. There are 0 tasks remaining in the queue.
2019-07-30 19:09:39,032 INFO  segmented.SegmentedRaftLogWorker (SegmentedRaftLogWorker.java:close(228)) - 17e40c1e-c940-4ebb-a12b-9c31941c5380-SegmentedRaftLogWorker:Storage Directory /workdir/hadoop-ozone/integration-test/target/test-dir/MiniOzoneClusterImpl-599158a6-0443-46a4-b5c4-980fc9d60a3e/datanode-2/data/ratis/bb304cb6-4066-4875-b6f9-7459b1bc3961 close()
2019-07-30 19:09:39,032 INFO  segmented.SegmentedRaftLogWorker (SegmentedRaftLogWorker.java:close(228)) - b5d25f3d-c3f0-492e-8269-30589e3acfee-SegmentedRaftLogWorker:Storage Directory /workdir/hadoop-ozone/integration-test/target/test-dir/MiniOzoneClusterImpl-599158a6-0443-46a4-b5c4-980fc9d60a3e/datanode-4/data/ratis/c33c3c59-2b04-40c9-9930-f52e5df855ad close()
2019-07-30 19:09:39,036 INFO  impl.RaftServerImpl (RaftServerImpl.java:lambda$shutdown$3(245)) - 17e40c1e-c940-4ebb-a12b-9c31941c5380: shutdown group-718A249F18BF
2019-07-30 19:09:39,041 INFO  impl.RaftServerImpl (RaftServerImpl.java:lambda$shutdown$3(245)) - b5d25f3d-c3f0-492e-8269-30589e3acfee: shutdown group-327082EC483C
2019-07-30 19:09:39,041 INFO  util.JmxRegister (JmxRegister.java:unregister(73)) - Successfully un-registered JMX Bean with object name Ratis:service=RaftServer,group=group-718A249F18BF,id=17e40c1e-c940-4ebb-a12b-9c31941c5380
2019-07-30 19:09:39,042 INFO  util.JmxRegister (JmxRegister.java:unregister(73)) - Successfully un-registered JMX Bean with object name Ratis:service=RaftServer,group=group-327082EC483C,id=b5d25f3d-c3f0-492e-8269-30589e3acfee
2019-07-30 19:09:39,042 INFO  impl.RoleInfo (RoleInfo.java:shutdownLeaderState(104)) - b5d25f3d-c3f0-492e-8269-30589e3acfee: shutdown LeaderState
2019-07-30 19:09:39,042 INFO  impl.RoleInfo (RoleInfo.java:shutdownFollowerState(121)) - 17e40c1e-c940-4ebb-a12b-9c31941c5380: shutdown FollowerState
2019-07-30 19:09:39,047 WARN  server.GrpcLogAppender (GrpcLogAppender.java:mayWait(143)) - GrpcLogAppender(b5d25f3d-c3f0-492e-8269-30589e3acfee->32c46067-d1ab-4dfa-87a4-aaa4f48110f6): Wait interrupted by java.lang.InterruptedException
2019-07-30 19:09:39,048 INFO  ratis.ContainerStateMachine (ContainerStateMachine.java:takeSnapshot(262)) - group-718A249F18BF: Taking a snapshot at:(t:1, i:14) file /workdir/hadoop-ozone/integration-test/target/test-dir/MiniOzoneClusterImpl-599158a6-0443-46a4-b5c4-980fc9d60a3e/datanode-2/data/ratis/c3c9a71f-b313-4d7c-917d-718a249f18bf/sm/snapshot.1_14
2019-07-30 19:09:39,047 WARN  server.GrpcLogAppender (GrpcLogAppender.java:mayWait(143)) - GrpcLogAppender(b5d25f3d-c3f0-492e-8269-30589e3acfee->d02ed320-20ae-4dd8-aaaa-32c3d015d6d9): Wait interrupted by java.lang.InterruptedException
2019-07-30 19:09:39,047 INFO  impl.PendingRequests (PendingRequests.java:sendNotLeaderResponses(202)) - b5d25f3d-c3f0-492e-8269-30589e3acfee-PendingRequests: sendNotLeaderResponses
2019-07-30 19:09:39,048 INFO  server.GrpcServerProtocolService (GrpcServerProtocolService.java:onCompleted(104)) - d02ed320-20ae-4dd8-aaaa-32c3d015d6d9: appendEntries completed
2019-07-30 19:09:39,048 INFO  server.GrpcServerProtocolService (GrpcServerProtocolService.java:onCompleted(104)) - 32c46067-d1ab-4dfa-87a4-aaa4f48110f6: appendEntries completed
2019-07-30 19:09:39,053 INFO  ratis.ContainerStateMachine (ContainerStateMachine.java:takeSnapshot(262)) - group-327082EC483C: Taking a snapshot at:(t:1, i:14) file /workdir/hadoop-ozone/integration-test/target/test-dir/MiniOzoneClusterImpl-599158a6-0443-46a4-b5c4-980fc9d60a3e/datanode-4/data/ratis/ea96c4ab-f3ce-4ba5-8671-327082ec483c/sm/snapshot.1_14
2019-07-30 19:09:39,048 INFO  impl.FollowerState (FollowerState.java:run(114)) - 17e40c1e-c940-4ebb-a12b-9c31941c5380: FollowerState was interrupted: java.lang.InterruptedException: sleep interrupted
2019-07-30 19:09:39,047 INFO  impl.StateMachineUpdater (StateMachineUpdater.java:stopAndJoin(115)) - StateMachineUpdater:17e40c1e-c940-4ebb-a12b-9c31941c5380:group-718A249F18BF: set stopIndex = 18
2019-07-30 19:09:39,056 INFO  server.GrpcLogAppender (GrpcLogAppender.java:onCompleted(292)) - b5d25f3d-c3f0-492e-8269-30589e3acfee->32c46067-d1ab-4dfa-87a4-aaa4f48110f6: follower responses appendEntries COMPLETED
2019-07-30 19:09:39,055 INFO  ratis.ContainerStateMachine (ContainerStateMachine.java:takeSnapshot(273)) - group-718A249F18BF: Finished taking a snapshot at:(t:1, i:14) file:/workdir/hadoop-ozone/integration-test/target/test-dir/MiniOzoneClusterImpl-599158a6-0443-46a4-b5c4-980fc9d60a3e/datanode-2/data/ratis/c3c9a71f-b313-4d7c-917d-718a249f18bf/sm/snapshot.1_14 time:8
2019-07-30 19:09:39,053 INFO  server.GrpcLogAppender (GrpcLogAppender.java:onCompleted(292)) - b5d25f3d-c3f0-492e-8269-30589e3acfee->d02ed320-20ae-4dd8-aaaa-32c3d015d6d9: follower responses appendEntries COMPLETED
2019-07-30 19:09:39,053 INFO  impl.StateMachineUpdater (StateMachineUpdater.java:stopAndJoin(115)) - StateMachineUpdater:b5d25f3d-c3f0-492e-8269-30589e3acfee:group-327082EC483C: set stopIndex = 16
2019-07-30 19:09:39,057 INFO  impl.FollowerInfo (FollowerInfo.java:lambda$new$0(50)) - b5d25f3d-c3f0-492e-8269-30589e3acfee->d02ed320-20ae-4dd8-aaaa-32c3d015d6d9: nextIndex: updateUnconditionally 17 -> 16
2019-07-30 19:09:39,056 INFO  impl.StateMachineUpdater (StateMachineUpdater.java:takeSnapshot(242)) - StateMachineUpdater:17e40c1e-c940-4ebb-a12b-9c31941c5380:group-718A249F18BF: Took a snapshot at index 14
2019-07-30 19:09:39,056 INFO  impl.FollowerInfo (FollowerInfo.java:lambda$new$0(50)) - b5d25f3d-c3f0-492e-8269-30589e3acfee->32c46067-d1ab-4dfa-87a4-aaa4f48110f6: nextIndex: updateUnconditionally 17 -> 16
2019-07-30 19:09:39,058 INFO  impl.StateMachineUpdater (StateMachineUpdater.java:lambda$new$0(80)) - StateMachineUpdater:17e40c1e-c940-4ebb-a12b-9c31941c5380:group-718A249F18BF: snapshotIndex: updateIncreasingly -1 -> 14
2019-07-30 19:09:39,058 INFO  ratis.ContainerStateMachine (ContainerStateMachine.java:takeSnapshot(273)) - group-327082EC483C: Finished taking a snapshot at:(t:1, i:14) file:/workdir/hadoop-ozone/integration-test/target/test-dir/MiniOzoneClusterImpl-599158a6-0443-46a4-b5c4-980fc9d60a3e/datanode-4/data/ratis/ea96c4ab-f3ce-4ba5-8671-327082ec483c/sm/snapshot.1_14 time:5
2019-07-30 19:09:39,058 INFO  impl.StateMachineUpdater (StateMachineUpdater.java:takeSnapshot(242)) - StateMachineUpdater:b5d25f3d-c3f0-492e-8269-30589e3acfee:group-327082EC483C: Took a snapshot at index 14
2019-07-30 19:09:39,058 INFO  impl.StateMachineUpdater (StateMachineUpdater.java:lambda$new$0(80)) - StateMachineUpdater:b5d25f3d-c3f0-492e-8269-30589e3acfee:group-327082EC483C: snapshotIndex: updateIncreasingly -1 -> 14
2019-07-30 19:09:39,058 INFO  impl.RaftServerImpl (ServerState.java:close(394)) - 17e40c1e-c940-4ebb-a12b-9c31941c5380:group-718A249F18BF closes. The last applied log index is 18
2019-07-30 19:09:39,058 INFO  impl.RaftServerImpl (ServerState.java:close(394)) - b5d25f3d-c3f0-492e-8269-30589e3acfee:group-327082EC483C closes. The last applied log index is 16
2019-07-30 19:09:39,059 INFO  segmented.SegmentedRaftLogWorker (SegmentedRaftLogWorker.java:run(313)) - 17e40c1e-c940-4ebb-a12b-9c31941c5380-SegmentedRaftLogWorker:Storage Directory /workdir/hadoop-ozone/integration-test/target/test-dir/MiniOzoneClusterImpl-599158a6-0443-46a4-b5c4-980fc9d60a3e/datanode-2/data/ratis/c3c9a71f-b313-4d7c-917d-718a249f18bf was interrupted, exiting. There are 0 tasks remaining in the queue.
2019-07-30 19:09:39,059 INFO  segmented.SegmentedRaftLogWorker (SegmentedRaftLogWorker.java:run(313)) - b5d25f3d-c3f0-492e-8269-30589e3acfee-SegmentedRaftLogWorker:Storage Directory /workdir/hadoop-ozone/integration-test/target/test-dir/MiniOzoneClusterImpl-599158a6-0443-46a4-b5c4-980fc9d60a3e/datanode-4/data/ratis/ea96c4ab-f3ce-4ba5-8671-327082ec483c was interrupted, exiting. There are 0 tasks remaining in the queue.
2019-07-30 19:09:39,061 INFO  segmented.SegmentedRaftLogWorker (SegmentedRaftLogWorker.java:close(228)) - 17e40c1e-c940-4ebb-a12b-9c31941c5380-SegmentedRaftLogWorker:Storage Directory /workdir/hadoop-ozone/integration-test/target/test-dir/MiniOzoneClusterImpl-599158a6-0443-46a4-b5c4-980fc9d60a3e/datanode-2/data/ratis/c3c9a71f-b313-4d7c-917d-718a249f18bf close()
2019-07-30 19:09:39,064 INFO  segmented.SegmentedRaftLogWorker (SegmentedRaftLogWorker.java:close(228)) - b5d25f3d-c3f0-492e-8269-30589e3acfee-SegmentedRaftLogWorker:Storage Directory /workdir/hadoop-ozone/integration-test/target/test-dir/MiniOzoneClusterImpl-599158a6-0443-46a4-b5c4-980fc9d60a3e/datanode-4/data/ratis/ea96c4ab-f3ce-4ba5-8671-327082ec483c close()
2019-07-30 19:09:39,068 INFO  server.GrpcService (GrpcService.java:closeImpl(155)) - 17e40c1e-c940-4ebb-a12b-9c31941c5380: shutdown server with port 44489 now
2019-07-30 19:09:39,072 INFO  server.GrpcService (GrpcService.java:closeImpl(155)) - b5d25f3d-c3f0-492e-8269-30589e3acfee: shutdown server with port 42427 now
2019-07-30 19:09:39,073 WARN  server.GrpcServerProtocolService (LogUtils.java:warn(134)) - 17e40c1e-c940-4ebb-a12b-9c31941c5380: appendEntries onError: org.apache.ratis.thirdparty.io.grpc.StatusRuntimeException: CANCELLED: cancelled before receiving half close
2019-07-30 19:09:39,073 INFO  server.GrpcService (GrpcService.java:closeImpl(163)) - 17e40c1e-c940-4ebb-a12b-9c31941c5380: shutdown server with port 44489 successfully
2019-07-30 19:09:39,073 INFO  server.GrpcService (GrpcService.java:closeImpl(163)) - b5d25f3d-c3f0-492e-8269-30589e3acfee: shutdown server with port 42427 successfully
2019-07-30 19:09:39,073 WARN  server.GrpcLogAppender (LogUtils.java:warn(134)) - 8c2f1eda-c807-47b9-b017-472574b97a9c->17e40c1e-c940-4ebb-a12b-9c31941c5380: Failed appendEntries: org.apache.ratis.thirdparty.io.grpc.StatusRuntimeException: CANCELLED: HTTP/2 error code: CANCEL
Received Rst Stream
2019-07-30 19:09:39,073 WARN  client.GrpcClientProtocolService (LogUtils.java:warn(134)) - 1-UnorderedRequestStreamObserver1: onError: org.apache.ratis.thirdparty.io.grpc.StatusRuntimeException: CANCELLED: cancelled before receiving half close
2019-07-30 19:09:39,074 INFO  impl.FollowerInfo (FollowerInfo.java:lambda$new$0(50)) - 8c2f1eda-c807-47b9-b017-472574b97a9c->17e40c1e-c940-4ebb-a12b-9c31941c5380: nextIndex: updateUnconditionally 19 -> 18
2019-07-30 19:09:39,075 INFO  utils.BackgroundService (BackgroundService.java:shutdown(148)) - Shutting down service BlockDeletingService
2019-07-30 19:09:39,076 WARN  fs.CachingGetSpaceUsed (CachingGetSpaceUsed.java:run(183)) - Thread Interrupted waiting to refresh disk information: sleep interrupted
2019-07-30 19:09:39,081 INFO  utils.BackgroundService (BackgroundService.java:shutdown(148)) - Shutting down service BlockDeletingService
2019-07-30 19:09:39,082 WARN  fs.CachingGetSpaceUsed (CachingGetSpaceUsed.java:run(183)) - Thread Interrupted waiting to refresh disk information: sleep interrupted
2019-07-30 19:09:39,101 INFO  statemachine.DatanodeStateMachine (DatanodeStateMachine.java:stopDaemon(395)) - Ozone container server stopped.
2019-07-30 19:09:39,102 INFO  handler.ContextHandler (ContextHandler.java:doStop(910)) - Stopped o.e.j.w.WebAppContext@1676e501{/,null,UNAVAILABLE}{/hddsDatanode}
2019-07-30 19:09:39,107 INFO  statemachine.DatanodeStateMachine (DatanodeStateMachine.java:stopDaemon(395)) - Ozone container server stopped.
2019-07-30 19:09:39,107 INFO  server.AbstractConnector (AbstractConnector.java:doStop(318)) - Stopped ServerConnector@1ed763aa{HTTP/1.1,[http/1.1]}{0.0.0.0:0}
2019-07-30 19:09:39,110 INFO  handler.ContextHandler (ContextHandler.java:doStop(910)) - Stopped o.e.j.s.ServletContextHandler@189f2184{/static,jar:file:/home/user/.m2/repository/org/apache/hadoop/hadoop-hdds-container-service/0.4.1-SNAPSHOT/hadoop-hdds-container-service-0.4.1-SNAPSHOT.jar!/webapps/static,UNAVAILABLE}
2019-07-30 19:09:39,112 INFO  handler.ContextHandler (ContextHandler.java:doStop(910)) - Stopped o.e.j.w.WebAppContext@5ca896af{/,null,UNAVAILABLE}{/hddsDatanode}
2019-07-30 19:09:39,112 INFO  handler.ContextHandler (ContextHandler.java:doStop(910)) - Stopped o.e.j.s.ServletContextHandler@1aa7d66e{/logs,file:///workdir/hadoop-ozone/integration-test/target/log,UNAVAILABLE}
2019-07-30 19:09:39,113 INFO  server.AbstractConnector (AbstractConnector.java:doStop(318)) - Stopped ServerConnector@7e474bd{HTTP/1.1,[http/1.1]}{0.0.0.0:0}
2019-07-30 19:09:39,115 INFO  handler.ContextHandler (ContextHandler.java:doStop(910)) - Stopped o.e.j.s.ServletContextHandler@1a345c6c{/static,jar:file:/home/user/.m2/repository/org/apache/hadoop/hadoop-hdds-container-service/0.4.1-SNAPSHOT/hadoop-hdds-container-service-0.4.1-SNAPSHOT.jar!/webapps/static,UNAVAILABLE}
2019-07-30 19:09:39,115 INFO  datanode.ObjectStoreHandler (ObjectStoreHandler.java:close(155)) - Closing ObjectStoreHandler.
2019-07-30 19:09:39,117 INFO  handler.ContextHandler (ContextHandler.java:doStop(910)) - Stopped o.e.j.s.ServletContextHandler@54151d07{/logs,file:///workdir/hadoop-ozone/integration-test/target/log,UNAVAILABLE}
2019-07-30 19:09:39,117 INFO  ozone.HddsDatanodeService (HddsDatanodeService.java:stop(451)) - Stopped plug-in org.apache.hadoop.ozone.web.OzoneHddsDatanodeService@57573880
2019-07-30 19:09:39,118 INFO  datanode.ObjectStoreHandler (ObjectStoreHandler.java:close(155)) - Closing ObjectStoreHandler.
2019-07-30 19:09:39,118 INFO  ozone.HddsDatanodeService (HddsDatanodeService.java:stop(451)) - Stopped plug-in org.apache.hadoop.ozone.web.OzoneHddsDatanodeService@19993ed
2019-07-30 19:09:39,315 INFO  statemachine.DatanodeStateMachine (DatanodeStateMachine.java:lambda$startDaemon$0(350)) - Ozone container server started.
2019-07-30 19:09:39,829 INFO  statemachine.DatanodeStateMachine (DatanodeStateMachine.java:lambda$startDaemon$0(350)) - Ozone container server started.
2019-07-30 19:09:41,003 WARN  server.GrpcLogAppender (LogUtils.java:warn(134)) - 8c2f1eda-c807-47b9-b017-472574b97a9c->d4a1584e-cb70-4ee5-af95-55a8048f0ebc: Failed appendEntries: org.apache.ratis.thirdparty.io.grpc.StatusRuntimeException: UNAVAILABLE: io exception
2019-07-30 19:09:41,004 INFO  impl.FollowerInfo (FollowerInfo.java:lambda$new$0(50)) - 8c2f1eda-c807-47b9-b017-472574b97a9c->d4a1584e-cb70-4ee5-af95-55a8048f0ebc: nextIndex: updateUnconditionally 0 -> 0
2019-07-30 19:09:41,007 WARN  server.GrpcLogAppender (LogUtils.java:warn(134)) - 8c2f1eda-c807-47b9-b017-472574b97a9c->17e40c1e-c940-4ebb-a12b-9c31941c5380: Failed appendEntries: org.apache.ratis.thirdparty.io.grpc.StatusRuntimeException: UNAVAILABLE: io exception
2019-07-30 19:09:41,007 INFO  impl.FollowerInfo (FollowerInfo.java:lambda$new$0(50)) - 8c2f1eda-c807-47b9-b017-472574b97a9c->17e40c1e-c940-4ebb-a12b-9c31941c5380: nextIndex: updateUnconditionally 18 -> 17
2019-07-30 19:09:43,322 INFO  node.StaleNodeHandler (StaleNodeHandler.java:onMessage(58)) - Datanode 8c2f1eda-c807-47b9-b017-472574b97a9c{ip: 192.168.5.147, host: byscane-nightly-d7s94-1643579034, networkLocation: /default-rack, certSerialId: null} moved to stale state. Finalizing its pipelines [PipelineID=fb1a140c-66b4-43b9-8456-6598c072d42b, PipelineID=c3c9a71f-b313-4d7c-917d-718a249f18bf]
2019-07-30 19:09:43,323 INFO  pipeline.SCMPipelineManager (SCMPipelineManager.java:finalizeAndDestroyPipeline(309)) - destroying pipeline:Pipeline[ Id: fb1a140c-66b4-43b9-8456-6598c072d42b, Nodes: 8c2f1eda-c807-47b9-b017-472574b97a9c{ip: 192.168.5.147, host: byscane-nightly-d7s94-1643579034, networkLocation: /default-rack, certSerialId: null}, Type:RATIS, Factor:ONE, State:OPEN]
2019-07-30 19:09:43,323 INFO  pipeline.PipelineStateManager (PipelineStateManager.java:finalizePipeline(123)) - Pipeline Pipeline[ Id: fb1a140c-66b4-43b9-8456-6598c072d42b, Nodes: 8c2f1eda-c807-47b9-b017-472574b97a9c{ip: 192.168.5.147, host: byscane-nightly-d7s94-1643579034, networkLocation: /default-rack, certSerialId: null}, Type:RATIS, Factor:ONE, State:CLOSED] moved to CLOSED state
2019-07-30 19:09:43,323 INFO  pipeline.SCMPipelineManager (SCMPipelineManager.java:finalizeAndDestroyPipeline(309)) - destroying pipeline:Pipeline[ Id: c3c9a71f-b313-4d7c-917d-718a249f18bf, Nodes: d4a1584e-cb70-4ee5-af95-55a8048f0ebc{ip: 192.168.5.147, host: byscane-nightly-d7s94-1643579034, networkLocation: /default-rack, certSerialId: null}17e40c1e-c940-4ebb-a12b-9c31941c5380{ip: 192.168.5.147, host: byscane-nightly-d7s94-1643579034, networkLocation: /default-rack, certSerialId: null}8c2f1eda-c807-47b9-b017-472574b97a9c{ip: 192.168.5.147, host: byscane-nightly-d7s94-1643579034, networkLocation: /default-rack, certSerialId: null}, Type:RATIS, Factor:THREE, State:CLOSED]
2019-07-30 19:09:43,504 WARN  server.GrpcLogAppender (LogUtils.java:warn(134)) - 8c2f1eda-c807-47b9-b017-472574b97a9c->d4a1584e-cb70-4ee5-af95-55a8048f0ebc: Failed appendEntries: org.apache.ratis.thirdparty.io.grpc.StatusRuntimeException: UNAVAILABLE: io exception
2019-07-30 19:09:43,505 INFO  impl.FollowerInfo (FollowerInfo.java:lambda$new$0(50)) - 8c2f1eda-c807-47b9-b017-472574b97a9c->d4a1584e-cb70-4ee5-af95-55a8048f0ebc: nextIndex: updateUnconditionally 0 -> 0
2019-07-30 19:09:43,507 WARN  server.GrpcLogAppender (LogUtils.java:warn(134)) - 8c2f1eda-c807-47b9-b017-472574b97a9c->17e40c1e-c940-4ebb-a12b-9c31941c5380: Failed appendEntries: org.apache.ratis.thirdparty.io.grpc.StatusRuntimeException: UNAVAILABLE: io exception
2019-07-30 19:09:43,508 INFO  impl.FollowerInfo (FollowerInfo.java:lambda$new$0(50)) - 8c2f1eda-c807-47b9-b017-472574b97a9c->17e40c1e-c940-4ebb-a12b-9c31941c5380: nextIndex: updateUnconditionally 17 -> 16
2019-07-30 19:09:43,923 INFO  node.StaleNodeHandler (StaleNodeHandler.java:onMessage(58)) - Datanode d02ed320-20ae-4dd8-aaaa-32c3d015d6d9{ip: 192.168.5.147, host: byscane-nightly-d7s94-1643579034, networkLocation: /default-rack, certSerialId: null} moved to stale state. Finalizing its pipelines [PipelineID=6d17b593-8c89-4878-807d-0ffbc94d425a, PipelineID=ea96c4ab-f3ce-4ba5-8671-327082ec483c]
2019-07-30 19:09:43,923 INFO  pipeline.SCMPipelineManager (SCMPipelineManager.java:finalizeAndDestroyPipeline(309)) - destroying pipeline:Pipeline[ Id: 6d17b593-8c89-4878-807d-0ffbc94d425a, Nodes: d02ed320-20ae-4dd8-aaaa-32c3d015d6d9{ip: 192.168.5.147, host: byscane-nightly-d7s94-1643579034, networkLocation: /default-rack, certSerialId: null}, Type:RATIS, Factor:ONE, State:OPEN]
2019-07-30 19:09:43,924 INFO  pipeline.PipelineStateManager (PipelineStateManager.java:finalizePipeline(123)) - Pipeline Pipeline[ Id: 6d17b593-8c89-4878-807d-0ffbc94d425a, Nodes: d02ed320-20ae-4dd8-aaaa-32c3d015d6d9{ip: 192.168.5.147, host: byscane-nightly-d7s94-1643579034, networkLocation: /default-rack, certSerialId: null}, Type:RATIS, Factor:ONE, State:CLOSED] moved to CLOSED state
2019-07-30 19:09:43,924 INFO  pipeline.SCMPipelineManager (SCMPipelineManager.java:finalizeAndDestroyPipeline(309)) - destroying pipeline:Pipeline[ Id: ea96c4ab-f3ce-4ba5-8671-327082ec483c, Nodes: b5d25f3d-c3f0-492e-8269-30589e3acfee{ip: 192.168.5.147, host: byscane-nightly-d7s94-1643579034, networkLocation: /default-rack, certSerialId: null}32c46067-d1ab-4dfa-87a4-aaa4f48110f6{ip: 192.168.5.147, host: byscane-nightly-d7s94-1643579034, networkLocation: /default-rack, certSerialId: null}d02ed320-20ae-4dd8-aaaa-32c3d015d6d9{ip: 192.168.5.147, host: byscane-nightly-d7s94-1643579034, networkLocation: /default-rack, certSerialId: null}, Type:RATIS, Factor:THREE, State:CLOSED]
2019-07-30 19:09:44,118 INFO  ozoneimpl.OzoneContainer (OzoneContainer.java:stop(199)) - Attempting to stop container services.
2019-07-30 19:09:44,118 INFO  ozoneimpl.OzoneContainer (OzoneContainer.java:stop(199)) - Attempting to stop container services.
2019-07-30 19:09:44,119 INFO  impl.RaftServerProxy (RaftServerProxy.java:lambda$close$4(314)) - d02ed320-20ae-4dd8-aaaa-32c3d015d6d9: close
2019-07-30 19:09:44,119 INFO  impl.RaftServerProxy (RaftServerProxy.java:lambda$close$4(314)) - 8c2f1eda-c807-47b9-b017-472574b97a9c: close
2019-07-30 19:09:44,119 INFO  impl.RaftServerImpl (RaftServerImpl.java:lambda$shutdown$3(245)) - d02ed320-20ae-4dd8-aaaa-32c3d015d6d9: shutdown group-0FFBC94D425A
2019-07-30 19:09:44,120 INFO  impl.RaftServerImpl (RaftServerImpl.java:lambda$shutdown$3(245)) - 8c2f1eda-c807-47b9-b017-472574b97a9c: shutdown group-6598C072D42B
2019-07-30 19:09:44,120 INFO  util.JmxRegister (JmxRegister.java:unregister(73)) - Successfully un-registered JMX Bean with object name Ratis:service=RaftServer,group=group-0FFBC94D425A,id=d02ed320-20ae-4dd8-aaaa-32c3d015d6d9
2019-07-30 19:09:44,120 INFO  util.JmxRegister (JmxRegister.java:unregister(73)) - Successfully un-registered JMX Bean with object name Ratis:service=RaftServer,group=group-6598C072D42B,id=8c2f1eda-c807-47b9-b017-472574b97a9c
2019-07-30 19:09:44,121 INFO  impl.RoleInfo (RoleInfo.java:shutdownLeaderState(104)) - d02ed320-20ae-4dd8-aaaa-32c3d015d6d9: shutdown LeaderState
2019-07-30 19:09:44,121 INFO  impl.RoleInfo (RoleInfo.java:shutdownLeaderState(104)) - 8c2f1eda-c807-47b9-b017-472574b97a9c: shutdown LeaderState
2019-07-30 19:09:44,121 INFO  impl.PendingRequests (PendingRequests.java:sendNotLeaderResponses(202)) - d02ed320-20ae-4dd8-aaaa-32c3d015d6d9-PendingRequests: sendNotLeaderResponses
2019-07-30 19:09:44,121 INFO  impl.PendingRequests (PendingRequests.java:sendNotLeaderResponses(202)) - 8c2f1eda-c807-47b9-b017-472574b97a9c-PendingRequests: sendNotLeaderResponses
2019-07-30 19:09:44,122 INFO  impl.StateMachineUpdater (StateMachineUpdater.java:stopAndJoin(115)) - StateMachineUpdater:d02ed320-20ae-4dd8-aaaa-32c3d015d6d9:group-0FFBC94D425A: set stopIndex = 0
2019-07-30 19:09:44,123 INFO  impl.RaftServerImpl (ServerState.java:close(394)) - d02ed320-20ae-4dd8-aaaa-32c3d015d6d9:group-0FFBC94D425A closes. The last applied log index is 0
2019-07-30 19:09:44,122 INFO  impl.StateMachineUpdater (StateMachineUpdater.java:stopAndJoin(115)) - StateMachineUpdater:8c2f1eda-c807-47b9-b017-472574b97a9c:group-6598C072D42B: set stopIndex = 0
2019-07-30 19:09:44,123 INFO  impl.RaftServerImpl (ServerState.java:close(394)) - 8c2f1eda-c807-47b9-b017-472574b97a9c:group-6598C072D42B closes. The last applied log index is 0
2019-07-30 19:09:44,123 INFO  segmented.SegmentedRaftLogWorker (SegmentedRaftLogWorker.java:run(313)) - d02ed320-20ae-4dd8-aaaa-32c3d015d6d9-SegmentedRaftLogWorker:Storage Directory /workdir/hadoop-ozone/integration-test/target/test-dir/MiniOzoneClusterImpl-599158a6-0443-46a4-b5c4-980fc9d60a3e/datanode-3/data/ratis/6d17b593-8c89-4878-807d-0ffbc94d425a was interrupted, exiting. There are 0 tasks remaining in the queue.
2019-07-30 19:09:44,124 INFO  segmented.SegmentedRaftLogWorker (SegmentedRaftLogWorker.java:run(313)) - 8c2f1eda-c807-47b9-b017-472574b97a9c-SegmentedRaftLogWorker:Storage Directory /workdir/hadoop-ozone/integration-test/target/test-dir/MiniOzoneClusterImpl-599158a6-0443-46a4-b5c4-980fc9d60a3e/datanode-0/data/ratis/fb1a140c-66b4-43b9-8456-6598c072d42b was interrupted, exiting. There are 0 tasks remaining in the queue.
2019-07-30 19:09:44,126 INFO  segmented.SegmentedRaftLogWorker (SegmentedRaftLogWorker.java:close(228)) - d02ed320-20ae-4dd8-aaaa-32c3d015d6d9-SegmentedRaftLogWorker:Storage Directory /workdir/hadoop-ozone/integration-test/target/test-dir/MiniOzoneClusterImpl-599158a6-0443-46a4-b5c4-980fc9d60a3e/datanode-3/data/ratis/6d17b593-8c89-4878-807d-0ffbc94d425a close()
2019-07-30 19:09:44,128 INFO  segmented.SegmentedRaftLogWorker (SegmentedRaftLogWorker.java:close(228)) - 8c2f1eda-c807-47b9-b017-472574b97a9c-SegmentedRaftLogWorker:Storage Directory /workdir/hadoop-ozone/integration-test/target/test-dir/MiniOzoneClusterImpl-599158a6-0443-46a4-b5c4-980fc9d60a3e/datanode-0/data/ratis/fb1a140c-66b4-43b9-8456-6598c072d42b close()
2019-07-30 19:09:44,132 INFO  impl.RaftServerImpl (RaftServerImpl.java:lambda$shutdown$3(245)) - d02ed320-20ae-4dd8-aaaa-32c3d015d6d9: shutdown group-327082EC483C
2019-07-30 19:09:44,136 INFO  impl.RaftServerImpl (RaftServerImpl.java:lambda$shutdown$3(245)) - 8c2f1eda-c807-47b9-b017-472574b97a9c: shutdown group-718A249F18BF
2019-07-30 19:09:44,136 INFO  util.JmxRegister (JmxRegister.java:unregister(73)) - Successfully un-registered JMX Bean with object name Ratis:service=RaftServer,group=group-327082EC483C,id=d02ed320-20ae-4dd8-aaaa-32c3d015d6d9
2019-07-30 19:09:44,136 INFO  util.JmxRegister (JmxRegister.java:unregister(73)) - Successfully un-registered JMX Bean with object name Ratis:service=RaftServer,group=group-718A249F18BF,id=8c2f1eda-c807-47b9-b017-472574b97a9c
2019-07-30 19:09:44,137 INFO  impl.RoleInfo (RoleInfo.java:shutdownFollowerState(121)) - d02ed320-20ae-4dd8-aaaa-32c3d015d6d9: shutdown FollowerState
2019-07-30 19:09:44,137 INFO  impl.RoleInfo (RoleInfo.java:shutdownLeaderState(104)) - 8c2f1eda-c807-47b9-b017-472574b97a9c: shutdown LeaderState
2019-07-30 19:09:44,138 INFO  impl.FollowerState (FollowerState.java:run(114)) - d02ed320-20ae-4dd8-aaaa-32c3d015d6d9: FollowerState was interrupted: java.lang.InterruptedException: sleep interrupted
2019-07-30 19:09:44,138 INFO  ratis.ContainerStateMachine (ContainerStateMachine.java:takeSnapshot(262)) - group-327082EC483C: Taking a snapshot at:(t:1, i:14) file /workdir/hadoop-ozone/integration-test/target/test-dir/MiniOzoneClusterImpl-599158a6-0443-46a4-b5c4-980fc9d60a3e/datanode-3/data/ratis/ea96c4ab-f3ce-4ba5-8671-327082ec483c/sm/snapshot.1_14
2019-07-30 19:09:44,137 INFO  impl.StateMachineUpdater (StateMachineUpdater.java:stopAndJoin(115)) - StateMachineUpdater:d02ed320-20ae-4dd8-aaaa-32c3d015d6d9:group-327082EC483C: set stopIndex = 16
2019-07-30 19:09:44,141 WARN  server.GrpcLogAppender (GrpcLogAppender.java:mayWait(143)) - GrpcLogAppender(8c2f1eda-c807-47b9-b017-472574b97a9c->17e40c1e-c940-4ebb-a12b-9c31941c5380): Wait interrupted by java.lang.InterruptedException
2019-07-30 19:09:44,141 INFO  impl.PendingRequests (PendingRequests.java:sendNotLeaderResponses(202)) - 8c2f1eda-c807-47b9-b017-472574b97a9c-PendingRequests: sendNotLeaderResponses
2019-07-30 19:09:44,139 WARN  server.GrpcLogAppender (GrpcLogAppender.java:mayWait(143)) - GrpcLogAppender(8c2f1eda-c807-47b9-b017-472574b97a9c->d4a1584e-cb70-4ee5-af95-55a8048f0ebc): Wait interrupted by java.lang.InterruptedException
2019-07-30 19:09:44,143 INFO  impl.StateMachineUpdater (StateMachineUpdater.java:stopAndJoin(115)) - StateMachineUpdater:8c2f1eda-c807-47b9-b017-472574b97a9c:group-718A249F18BF: set stopIndex = 18
2019-07-30 19:09:44,143 INFO  ratis.ContainerStateMachine (ContainerStateMachine.java:takeSnapshot(262)) - group-718A249F18BF: Taking a snapshot at:(t:1, i:14) file /workdir/hadoop-ozone/integration-test/target/test-dir/MiniOzoneClusterImpl-599158a6-0443-46a4-b5c4-980fc9d60a3e/datanode-0/data/ratis/c3c9a71f-b313-4d7c-917d-718a249f18bf/sm/snapshot.1_14
2019-07-30 19:09:44,155 INFO  ratis.ContainerStateMachine (ContainerStateMachine.java:takeSnapshot(273)) - group-718A249F18BF: Finished taking a snapshot at:(t:1, i:14) file:/workdir/hadoop-ozone/integration-test/target/test-dir/MiniOzoneClusterImpl-599158a6-0443-46a4-b5c4-980fc9d60a3e/datanode-0/data/ratis/c3c9a71f-b313-4d7c-917d-718a249f18bf/sm/snapshot.1_14 time:13
2019-07-30 19:09:44,156 INFO  ratis.ContainerStateMachine (ContainerStateMachine.java:takeSnapshot(273)) - group-327082EC483C: Finished taking a snapshot at:(t:1, i:14) file:/workdir/hadoop-ozone/integration-test/target/test-dir/MiniOzoneClusterImpl-599158a6-0443-46a4-b5c4-980fc9d60a3e/datanode-3/data/ratis/ea96c4ab-f3ce-4ba5-8671-327082ec483c/sm/snapshot.1_14 time:18
2019-07-30 19:09:44,156 INFO  impl.StateMachineUpdater (StateMachineUpdater.java:takeSnapshot(242)) - StateMachineUpdater:d02ed320-20ae-4dd8-aaaa-32c3d015d6d9:group-327082EC483C: Took a snapshot at index 14
2019-07-30 19:09:44,156 INFO  impl.StateMachineUpdater (StateMachineUpdater.java:takeSnapshot(242)) - StateMachineUpdater:8c2f1eda-c807-47b9-b017-472574b97a9c:group-718A249F18BF: Took a snapshot at index 14
2019-07-30 19:09:44,156 INFO  impl.StateMachineUpdater (StateMachineUpdater.java:lambda$new$0(80)) - StateMachineUpdater:d02ed320-20ae-4dd8-aaaa-32c3d015d6d9:group-327082EC483C: snapshotIndex: updateIncreasingly -1 -> 14
2019-07-30 19:09:44,156 INFO  impl.StateMachineUpdater (StateMachineUpdater.java:lambda$new$0(80)) - StateMachineUpdater:8c2f1eda-c807-47b9-b017-472574b97a9c:group-718A249F18BF: snapshotIndex: updateIncreasingly -1 -> 14
2019-07-30 19:09:44,156 INFO  impl.RaftServerImpl (ServerState.java:close(394)) - d02ed320-20ae-4dd8-aaaa-32c3d015d6d9:group-327082EC483C closes. The last applied log index is 16
2019-07-30 19:09:44,156 INFO  impl.RaftServerImpl (ServerState.java:close(394)) - 8c2f1eda-c807-47b9-b017-472574b97a9c:group-718A249F18BF closes. The last applied log index is 18
2019-07-30 19:09:44,157 INFO  segmented.SegmentedRaftLogWorker (SegmentedRaftLogWorker.java:run(313)) - d02ed320-20ae-4dd8-aaaa-32c3d015d6d9-SegmentedRaftLogWorker:Storage Directory /workdir/hadoop-ozone/integration-test/target/test-dir/MiniOzoneClusterImpl-599158a6-0443-46a4-b5c4-980fc9d60a3e/datanode-3/data/ratis/ea96c4ab-f3ce-4ba5-8671-327082ec483c was interrupted, exiting. There are 0 tasks remaining in the queue.
2019-07-30 19:09:44,157 INFO  segmented.SegmentedRaftLogWorker (SegmentedRaftLogWorker.java:run(313)) - 8c2f1eda-c807-47b9-b017-472574b97a9c-SegmentedRaftLogWorker:Storage Directory /workdir/hadoop-ozone/integration-test/target/test-dir/MiniOzoneClusterImpl-599158a6-0443-46a4-b5c4-980fc9d60a3e/datanode-0/data/ratis/c3c9a71f-b313-4d7c-917d-718a249f18bf was interrupted, exiting. There are 0 tasks remaining in the queue.
2019-07-30 19:09:44,161 INFO  segmented.SegmentedRaftLogWorker (SegmentedRaftLogWorker.java:close(228)) - d02ed320-20ae-4dd8-aaaa-32c3d015d6d9-SegmentedRaftLogWorker:Storage Directory /workdir/hadoop-ozone/integration-test/target/test-dir/MiniOzoneClusterImpl-599158a6-0443-46a4-b5c4-980fc9d60a3e/datanode-3/data/ratis/ea96c4ab-f3ce-4ba5-8671-327082ec483c close()
2019-07-30 19:09:44,161 INFO  segmented.SegmentedRaftLogWorker (SegmentedRaftLogWorker.java:close(228)) - 8c2f1eda-c807-47b9-b017-472574b97a9c-SegmentedRaftLogWorker:Storage Directory /workdir/hadoop-ozone/integration-test/target/test-dir/MiniOzoneClusterImpl-599158a6-0443-46a4-b5c4-980fc9d60a3e/datanode-0/data/ratis/c3c9a71f-b313-4d7c-917d-718a249f18bf close()
2019-07-30 19:09:44,170 INFO  server.GrpcService (GrpcService.java:closeImpl(155)) - d02ed320-20ae-4dd8-aaaa-32c3d015d6d9: shutdown server with port 38936 now
2019-07-30 19:09:44,172 INFO  server.GrpcService (GrpcService.java:closeImpl(155)) - 8c2f1eda-c807-47b9-b017-472574b97a9c: shutdown server with port 42899 now
2019-07-30 19:09:44,174 INFO  server.GrpcService (GrpcService.java:closeImpl(163)) - d02ed320-20ae-4dd8-aaaa-32c3d015d6d9: shutdown server with port 38936 successfully
2019-07-30 19:09:44,174 INFO  server.GrpcService (GrpcService.java:closeImpl(163)) - 8c2f1eda-c807-47b9-b017-472574b97a9c: shutdown server with port 42899 successfully
2019-07-30 19:09:44,177 INFO  utils.BackgroundService (BackgroundService.java:shutdown(148)) - Shutting down service BlockDeletingService
2019-07-30 19:09:44,179 INFO  utils.BackgroundService (BackgroundService.java:shutdown(148)) - Shutting down service BlockDeletingService
2019-07-30 19:09:44,182 WARN  fs.CachingGetSpaceUsed (CachingGetSpaceUsed.java:run(183)) - Thread Interrupted waiting to refresh disk information: sleep interrupted
2019-07-30 19:09:44,182 WARN  fs.CachingGetSpaceUsed (CachingGetSpaceUsed.java:run(183)) - Thread Interrupted waiting to refresh disk information: sleep interrupted
2019-07-30 19:09:44,201 INFO  statemachine.DatanodeStateMachine (DatanodeStateMachine.java:stopDaemon(395)) - Ozone container server stopped.
2019-07-30 19:09:44,202 INFO  statemachine.DatanodeStateMachine (DatanodeStateMachine.java:stopDaemon(395)) - Ozone container server stopped.
2019-07-30 19:09:44,205 INFO  handler.ContextHandler (ContextHandler.java:doStop(910)) - Stopped o.e.j.w.WebAppContext@19cad9f0{/,null,UNAVAILABLE}{/hddsDatanode}
2019-07-30 19:09:44,206 INFO  handler.ContextHandler (ContextHandler.java:doStop(910)) - Stopped o.e.j.w.WebAppContext@5b166420{/,null,UNAVAILABLE}{/hddsDatanode}
2019-07-30 19:09:44,207 INFO  server.AbstractConnector (AbstractConnector.java:doStop(318)) - Stopped ServerConnector@4cce421e{HTTP/1.1,[http/1.1]}{0.0.0.0:0}
2019-07-30 19:09:44,207 INFO  server.AbstractConnector (AbstractConnector.java:doStop(318)) - Stopped ServerConnector@49318c2a{HTTP/1.1,[http/1.1]}{0.0.0.0:0}
2019-07-30 19:09:44,207 INFO  handler.ContextHandler (ContextHandler.java:doStop(910)) - Stopped o.e.j.s.ServletContextHandler@3f33c5e4{/static,jar:file:/home/user/.m2/repository/org/apache/hadoop/hadoop-hdds-container-service/0.4.1-SNAPSHOT/hadoop-hdds-container-service-0.4.1-SNAPSHOT.jar!/webapps/static,UNAVAILABLE}
2019-07-30 19:09:44,209 INFO  handler.ContextHandler (ContextHandler.java:doStop(910)) - Stopped o.e.j.s.ServletContextHandler@76a1cc1a{/static,jar:file:/home/user/.m2/repository/org/apache/hadoop/hadoop-hdds-container-service/0.4.1-SNAPSHOT/hadoop-hdds-container-service-0.4.1-SNAPSHOT.jar!/webapps/static,UNAVAILABLE}
2019-07-30 19:09:44,209 INFO  handler.ContextHandler (ContextHandler.java:doStop(910)) - Stopped o.e.j.s.ServletContextHandler@7f514dfe{/logs,file:///workdir/hadoop-ozone/integration-test/target/log,UNAVAILABLE}
2019-07-30 19:09:44,210 INFO  handler.ContextHandler (ContextHandler.java:doStop(910)) - Stopped o.e.j.s.ServletContextHandler@1aade3c{/logs,file:///workdir/hadoop-ozone/integration-test/target/log,UNAVAILABLE}
2019-07-30 19:09:44,211 INFO  datanode.ObjectStoreHandler (ObjectStoreHandler.java:close(155)) - Closing ObjectStoreHandler.
2019-07-30 19:09:44,211 INFO  datanode.ObjectStoreHandler (ObjectStoreHandler.java:close(155)) - Closing ObjectStoreHandler.
2019-07-30 19:09:44,212 INFO  ozone.HddsDatanodeService (HddsDatanodeService.java:stop(451)) - Stopped plug-in org.apache.hadoop.ozone.web.OzoneHddsDatanodeService@72090a80
2019-07-30 19:09:44,212 INFO  ozone.HddsDatanodeService (HddsDatanodeService.java:stop(451)) - Stopped plug-in org.apache.hadoop.ozone.web.OzoneHddsDatanodeService@2ea2f965
2019-07-30 19:09:44,654 INFO  impl.FollowerState (FollowerState.java:run(106)) - 32c46067-d1ab-4dfa-87a4-aaa4f48110f6:group-327082EC483C changes to CANDIDATE, lastRpcTime:5684, electionTimeout:5037ms
2019-07-30 19:09:44,654 INFO  impl.RoleInfo (RoleInfo.java:shutdownFollowerState(121)) - 32c46067-d1ab-4dfa-87a4-aaa4f48110f6: shutdown FollowerState
2019-07-30 19:09:44,654 INFO  impl.RaftServerImpl (RaftServerImpl.java:setRole(171)) - 32c46067-d1ab-4dfa-87a4-aaa4f48110f6:group-327082EC483C changes role from FOLLOWER to CANDIDATE at term 1 for changeToCandidate
2019-07-30 19:09:44,654 INFO  impl.RoleInfo (RoleInfo.java:updateAndGet(143)) - 32c46067-d1ab-4dfa-87a4-aaa4f48110f6: start LeaderElection
2019-07-30 19:09:44,657 INFO  impl.RaftServerImpl (ServerState.java:setLeader(263)) - 32c46067-d1ab-4dfa-87a4-aaa4f48110f6:group-327082EC483C change Leader from b5d25f3d-c3f0-492e-8269-30589e3acfee to null at term 1 for initElection
2019-07-30 19:09:44,672 INFO  impl.LeaderElection (LeaderElection.java:askForVotes(181)) - 32c46067-d1ab-4dfa-87a4-aaa4f48110f6:group-327082EC483C:LeaderElection76: begin an election at term 2 for 0: [32c46067-d1ab-4dfa-87a4-aaa4f48110f6:192.168.5.147:40176, b5d25f3d-c3f0-492e-8269-30589e3acfee:192.168.5.147:42427, d02ed320-20ae-4dd8-aaaa-32c3d015d6d9:192.168.5.147:38936], old=null
2019-07-30 19:09:44,674 INFO  impl.LeaderElection (LogUtils.java:infoOrTrace(149)) - 32c46067-d1ab-4dfa-87a4-aaa4f48110f6:group-327082EC483C:LeaderElection76 got exception when requesting votes: {}
java.util.concurrent.ExecutionException: org.apache.ratis.thirdparty.io.grpc.StatusRuntimeException: UNAVAILABLE: io exception
	at java.util.concurrent.FutureTask.report(FutureTask.java:122)
	at java.util.concurrent.FutureTask.get(FutureTask.java:192)
	at org.apache.ratis.server.impl.LeaderElection.waitForResults(LeaderElection.java:262)
	at org.apache.ratis.server.impl.LeaderElection.askForVotes(LeaderElection.java:200)
	at org.apache.ratis.server.impl.LeaderElection.run(LeaderElection.java:130)
	at java.lang.Thread.run(Thread.java:748)
Caused by: org.apache.ratis.thirdparty.io.grpc.StatusRuntimeException: UNAVAILABLE: io exception
	at org.apache.ratis.thirdparty.io.grpc.stub.ClientCalls.toStatusRuntimeException(ClientCalls.java:233)
	at org.apache.ratis.thirdparty.io.grpc.stub.ClientCalls.getUnchecked(ClientCalls.java:214)
	at org.apache.ratis.thirdparty.io.grpc.stub.ClientCalls.blockingUnaryCall(ClientCalls.java:139)
	at org.apache.ratis.proto.grpc.RaftServerProtocolServiceGrpc$RaftServerProtocolServiceBlockingStub.requestVote(RaftServerProtocolServiceGrpc.java:265)
	at org.apache.ratis.grpc.server.GrpcServerProtocolClient.requestVote(GrpcServerProtocolClient.java:83)
	at org.apache.ratis.grpc.server.GrpcService.requestVote(GrpcService.java:195)
	at org.apache.ratis.server.impl.LeaderElection.lambda$submitRequests$1(LeaderElection.java:237)
	at java.util.concurrent.FutureTask.run(FutureTask.java:266)
	at java.util.concurrent.Executors$RunnableAdapter.call(Executors.java:511)
	at java.util.concurrent.FutureTask.run(FutureTask.java:266)
	at java.util.concurrent.ThreadPoolExecutor.runWorker(ThreadPoolExecutor.java:1149)
	at java.util.concurrent.ThreadPoolExecutor$Worker.run(ThreadPoolExecutor.java:624)
	... 1 more
Caused by: org.apache.ratis.thirdparty.io.netty.channel.AbstractChannel$AnnotatedConnectException: Connection refused: /192.168.5.147:42427
	at sun.nio.ch.SocketChannelImpl.checkConnect(Native Method)
	at sun.nio.ch.SocketChannelImpl.finishConnect(SocketChannelImpl.java:717)
	at org.apache.ratis.thirdparty.io.netty.channel.socket.nio.NioSocketChannel.doFinishConnect(NioSocketChannel.java:327)
	at org.apache.ratis.thirdparty.io.netty.channel.nio.AbstractNioChannel$AbstractNioUnsafe.finishConnect(AbstractNioChannel.java:340)
	at org.apache.ratis.thirdparty.io.netty.channel.nio.NioEventLoop.processSelectedKey(NioEventLoop.java:632)
	at org.apache.ratis.thirdparty.io.netty.channel.nio.NioEventLoop.processSelectedKeysOptimized(NioEventLoop.java:579)
	at org.apache.ratis.thirdparty.io.netty.channel.nio.NioEventLoop.processSelectedKeys(NioEventLoop.java:496)
	at org.apache.ratis.thirdparty.io.netty.channel.nio.NioEventLoop.run(NioEventLoop.java:458)
	at org.apache.ratis.thirdparty.io.netty.util.concurrent.SingleThreadEventExecutor$5.run(SingleThreadEventExecutor.java:897)
	at org.apache.ratis.thirdparty.io.netty.util.concurrent.FastThreadLocalRunnable.run(FastThreadLocalRunnable.java:30)
	... 1 more
Caused by: java.net.ConnectException: Connection refused
	... 11 more
2019-07-30 19:09:44,676 INFO  impl.LeaderElection (LogUtils.java:infoOrTrace(149)) - 32c46067-d1ab-4dfa-87a4-aaa4f48110f6:group-327082EC483C:LeaderElection76 got exception when requesting votes: {}
java.util.concurrent.ExecutionException: org.apache.ratis.thirdparty.io.grpc.StatusRuntimeException: UNAVAILABLE: io exception
	at java.util.concurrent.FutureTask.report(FutureTask.java:122)
	at java.util.concurrent.FutureTask.get(FutureTask.java:192)
	at org.apache.ratis.server.impl.LeaderElection.waitForResults(LeaderElection.java:262)
	at org.apache.ratis.server.impl.LeaderElection.askForVotes(LeaderElection.java:200)
	at org.apache.ratis.server.impl.LeaderElection.run(LeaderElection.java:130)
	at java.lang.Thread.run(Thread.java:748)
Caused by: org.apache.ratis.thirdparty.io.grpc.StatusRuntimeException: UNAVAILABLE: io exception
	at org.apache.ratis.thirdparty.io.grpc.stub.ClientCalls.toStatusRuntimeException(ClientCalls.java:233)
	at org.apache.ratis.thirdparty.io.grpc.stub.ClientCalls.getUnchecked(ClientCalls.java:214)
	at org.apache.ratis.thirdparty.io.grpc.stub.ClientCalls.blockingUnaryCall(ClientCalls.java:139)
	at org.apache.ratis.proto.grpc.RaftServerProtocolServiceGrpc$RaftServerProtocolServiceBlockingStub.requestVote(RaftServerProtocolServiceGrpc.java:265)
	at org.apache.ratis.grpc.server.GrpcServerProtocolClient.requestVote(GrpcServerProtocolClient.java:83)
	at org.apache.ratis.grpc.server.GrpcService.requestVote(GrpcService.java:195)
	at org.apache.ratis.server.impl.LeaderElection.lambda$submitRequests$1(LeaderElection.java:237)
	at java.util.concurrent.FutureTask.run(FutureTask.java:266)
	at java.util.concurrent.Executors$RunnableAdapter.call(Executors.java:511)
	at java.util.concurrent.FutureTask.run(FutureTask.java:266)
	at java.util.concurrent.ThreadPoolExecutor.runWorker(ThreadPoolExecutor.java:1149)
	at java.util.concurrent.ThreadPoolExecutor$Worker.run(ThreadPoolExecutor.java:624)
	... 1 more
Caused by: org.apache.ratis.thirdparty.io.netty.channel.AbstractChannel$AnnotatedConnectException: Connection refused: /192.168.5.147:38936
	at sun.nio.ch.SocketChannelImpl.checkConnect(Native Method)
	at sun.nio.ch.SocketChannelImpl.finishConnect(SocketChannelImpl.java:717)
	at org.apache.ratis.thirdparty.io.netty.channel.socket.nio.NioSocketChannel.doFinishConnect(NioSocketChannel.java:327)
	at org.apache.ratis.thirdparty.io.netty.channel.nio.AbstractNioChannel$AbstractNioUnsafe.finishConnect(AbstractNioChannel.java:340)
	at org.apache.ratis.thirdparty.io.netty.channel.nio.NioEventLoop.processSelectedKey(NioEventLoop.java:632)
	at org.apache.ratis.thirdparty.io.netty.channel.nio.NioEventLoop.processSelectedKeysOptimized(NioEventLoop.java:579)
	at org.apache.ratis.thirdparty.io.netty.channel.nio.NioEventLoop.processSelectedKeys(NioEventLoop.java:496)
	at org.apache.ratis.thirdparty.io.netty.channel.nio.NioEventLoop.run(NioEventLoop.java:458)
	at org.apache.ratis.thirdparty.io.netty.util.concurrent.SingleThreadEventExecutor$5.run(SingleThreadEventExecutor.java:897)
	at org.apache.ratis.thirdparty.io.netty.util.concurrent.FastThreadLocalRunnable.run(FastThreadLocalRunnable.java:30)
	... 1 more
Caused by: java.net.ConnectException: Connection refused
	... 11 more
2019-07-30 19:09:44,678 INFO  impl.LeaderElection (LeaderElection.java:logAndReturn(56)) - 32c46067-d1ab-4dfa-87a4-aaa4f48110f6:group-327082EC483C:LeaderElection76: Election REJECTED; received 0 response(s) [] and 2 exception(s); 32c46067-d1ab-4dfa-87a4-aaa4f48110f6:t2, leader=null, voted=32c46067-d1ab-4dfa-87a4-aaa4f48110f6, raftlog=32c46067-d1ab-4dfa-87a4-aaa4f48110f6-SegmentedRaftLog:OPENED:c16,f16,i16, conf=0: [32c46067-d1ab-4dfa-87a4-aaa4f48110f6:192.168.5.147:40176, b5d25f3d-c3f0-492e-8269-30589e3acfee:192.168.5.147:42427, d02ed320-20ae-4dd8-aaaa-32c3d015d6d9:192.168.5.147:38936], old=null
2019-07-30 19:09:44,678 INFO  impl.LeaderElection (LogUtils.java:infoOrTrace(149)) -   Exception 0: {}
java.util.concurrent.ExecutionException: org.apache.ratis.thirdparty.io.grpc.StatusRuntimeException: UNAVAILABLE: io exception
	at java.util.concurrent.FutureTask.report(FutureTask.java:122)
	at java.util.concurrent.FutureTask.get(FutureTask.java:192)
	at org.apache.ratis.server.impl.LeaderElection.waitForResults(LeaderElection.java:262)
	at org.apache.ratis.server.impl.LeaderElection.askForVotes(LeaderElection.java:200)
	at org.apache.ratis.server.impl.LeaderElection.run(LeaderElection.java:130)
	at java.lang.Thread.run(Thread.java:748)
Caused by: org.apache.ratis.thirdparty.io.grpc.StatusRuntimeException: UNAVAILABLE: io exception
	at org.apache.ratis.thirdparty.io.grpc.stub.ClientCalls.toStatusRuntimeException(ClientCalls.java:233)
	at org.apache.ratis.thirdparty.io.grpc.stub.ClientCalls.getUnchecked(ClientCalls.java:214)
	at org.apache.ratis.thirdparty.io.grpc.stub.ClientCalls.blockingUnaryCall(ClientCalls.java:139)
	at org.apache.ratis.proto.grpc.RaftServerProtocolServiceGrpc$RaftServerProtocolServiceBlockingStub.requestVote(RaftServerProtocolServiceGrpc.java:265)
	at org.apache.ratis.grpc.server.GrpcServerProtocolClient.requestVote(GrpcServerProtocolClient.java:83)
	at org.apache.ratis.grpc.server.GrpcService.requestVote(GrpcService.java:195)
	at org.apache.ratis.server.impl.LeaderElection.lambda$submitRequests$1(LeaderElection.java:237)
	at java.util.concurrent.FutureTask.run(FutureTask.java:266)
	at java.util.concurrent.Executors$RunnableAdapter.call(Executors.java:511)
	at java.util.concurrent.FutureTask.run(FutureTask.java:266)
	at java.util.concurrent.ThreadPoolExecutor.runWorker(ThreadPoolExecutor.java:1149)
	at java.util.concurrent.ThreadPoolExecutor$Worker.run(ThreadPoolExecutor.java:624)
	... 1 more
Caused by: org.apache.ratis.thirdparty.io.netty.channel.AbstractChannel$AnnotatedConnectException: Connection refused: /192.168.5.147:42427
	at sun.nio.ch.SocketChannelImpl.checkConnect(Native Method)
	at sun.nio.ch.SocketChannelImpl.finishConnect(SocketChannelImpl.java:717)
	at org.apache.ratis.thirdparty.io.netty.channel.socket.nio.NioSocketChannel.doFinishConnect(NioSocketChannel.java:327)
	at org.apache.ratis.thirdparty.io.netty.channel.nio.AbstractNioChannel$AbstractNioUnsafe.finishConnect(AbstractNioChannel.java:340)
	at org.apache.ratis.thirdparty.io.netty.channel.nio.NioEventLoop.processSelectedKey(NioEventLoop.java:632)
	at org.apache.ratis.thirdparty.io.netty.channel.nio.NioEventLoop.processSelectedKeysOptimized(NioEventLoop.java:579)
	at org.apache.ratis.thirdparty.io.netty.channel.nio.NioEventLoop.processSelectedKeys(NioEventLoop.java:496)
	at org.apache.ratis.thirdparty.io.netty.channel.nio.NioEventLoop.run(NioEventLoop.java:458)
	at org.apache.ratis.thirdparty.io.netty.util.concurrent.SingleThreadEventExecutor$5.run(SingleThreadEventExecutor.java:897)
	at org.apache.ratis.thirdparty.io.netty.util.concurrent.FastThreadLocalRunnable.run(FastThreadLocalRunnable.java:30)
	... 1 more
Caused by: java.net.ConnectException: Connection refused
	... 11 more
2019-07-30 19:09:44,678 INFO  impl.LeaderElection (LogUtils.java:infoOrTrace(149)) -   Exception 1: {}
java.util.concurrent.ExecutionException: org.apache.ratis.thirdparty.io.grpc.StatusRuntimeException: UNAVAILABLE: io exception
	at java.util.concurrent.FutureTask.report(FutureTask.java:122)
	at java.util.concurrent.FutureTask.get(FutureTask.java:192)
	at org.apache.ratis.server.impl.LeaderElection.waitForResults(LeaderElection.java:262)
	at org.apache.ratis.server.impl.LeaderElection.askForVotes(LeaderElection.java:200)
	at org.apache.ratis.server.impl.LeaderElection.run(LeaderElection.java:130)
	at java.lang.Thread.run(Thread.java:748)
Caused by: org.apache.ratis.thirdparty.io.grpc.StatusRuntimeException: UNAVAILABLE: io exception
	at org.apache.ratis.thirdparty.io.grpc.stub.ClientCalls.toStatusRuntimeException(ClientCalls.java:233)
	at org.apache.ratis.thirdparty.io.grpc.stub.ClientCalls.getUnchecked(ClientCalls.java:214)
	at org.apache.ratis.thirdparty.io.grpc.stub.ClientCalls.blockingUnaryCall(ClientCalls.java:139)
	at org.apache.ratis.proto.grpc.RaftServerProtocolServiceGrpc$RaftServerProtocolServiceBlockingStub.requestVote(RaftServerProtocolServiceGrpc.java:265)
	at org.apache.ratis.grpc.server.GrpcServerProtocolClient.requestVote(GrpcServerProtocolClient.java:83)
	at org.apache.ratis.grpc.server.GrpcService.requestVote(GrpcService.java:195)
	at org.apache.ratis.server.impl.LeaderElection.lambda$submitRequests$1(LeaderElection.java:237)
	at java.util.concurrent.FutureTask.run(FutureTask.java:266)
	at java.util.concurrent.Executors$RunnableAdapter.call(Executors.java:511)
	at java.util.concurrent.FutureTask.run(FutureTask.java:266)
	at java.util.concurrent.ThreadPoolExecutor.runWorker(ThreadPoolExecutor.java:1149)
	at java.util.concurrent.ThreadPoolExecutor$Worker.run(ThreadPoolExecutor.java:624)
	... 1 more
Caused by: org.apache.ratis.thirdparty.io.netty.channel.AbstractChannel$AnnotatedConnectException: Connection refused: /192.168.5.147:38936
	at sun.nio.ch.SocketChannelImpl.checkConnect(Native Method)
	at sun.nio.ch.SocketChannelImpl.finishConnect(SocketChannelImpl.java:717)
	at org.apache.ratis.thirdparty.io.netty.channel.socket.nio.NioSocketChannel.doFinishConnect(NioSocketChannel.java:327)
	at org.apache.ratis.thirdparty.io.netty.channel.nio.AbstractNioChannel$AbstractNioUnsafe.finishConnect(AbstractNioChannel.java:340)
	at org.apache.ratis.thirdparty.io.netty.channel.nio.NioEventLoop.processSelectedKey(NioEventLoop.java:632)
	at org.apache.ratis.thirdparty.io.netty.channel.nio.NioEventLoop.processSelectedKeysOptimized(NioEventLoop.java:579)
	at org.apache.ratis.thirdparty.io.netty.channel.nio.NioEventLoop.processSelectedKeys(NioEventLoop.java:496)
	at org.apache.ratis.thirdparty.io.netty.channel.nio.NioEventLoop.run(NioEventLoop.java:458)
	at org.apache.ratis.thirdparty.io.netty.util.concurrent.SingleThreadEventExecutor$5.run(SingleThreadEventExecutor.java:897)
	at org.apache.ratis.thirdparty.io.netty.util.concurrent.FastThreadLocalRunnable.run(FastThreadLocalRunnable.java:30)
	... 1 more
Caused by: java.net.ConnectException: Connection refused
	... 11 more
2019-07-30 19:09:44,679 INFO  impl.RaftServerImpl (RaftServerImpl.java:setRole(171)) - 32c46067-d1ab-4dfa-87a4-aaa4f48110f6:group-327082EC483C changes role from CANDIDATE to FOLLOWER at term 2 for DISCOVERED_A_NEW_TERM
2019-07-30 19:09:44,679 INFO  impl.RoleInfo (RoleInfo.java:shutdownLeaderElection(134)) - 32c46067-d1ab-4dfa-87a4-aaa4f48110f6: shutdown LeaderElection
2019-07-30 19:09:44,679 INFO  impl.RoleInfo (RoleInfo.java:updateAndGet(143)) - 32c46067-d1ab-4dfa-87a4-aaa4f48110f6: start FollowerState
2019-07-30 19:09:44,844 INFO  statemachine.DatanodeStateMachine (DatanodeStateMachine.java:lambda$startDaemon$0(350)) - Ozone container server started.
2019-07-30 19:09:45,113 INFO  statemachine.DatanodeStateMachine (DatanodeStateMachine.java:lambda$startDaemon$0(350)) - Ozone container server started.
2019-07-30 19:09:48,930 INFO  node.StaleNodeHandler (StaleNodeHandler.java:onMessage(58)) - Datanode 32c46067-d1ab-4dfa-87a4-aaa4f48110f6{ip: 192.168.5.147, host: byscane-nightly-d7s94-1643579034, networkLocation: /default-rack, certSerialId: null} moved to stale state. Finalizing its pipelines [PipelineID=ea96c4ab-f3ce-4ba5-8671-327082ec483c, PipelineID=80743cba-adc1-4733-ac80-486301d5b6c1]
2019-07-30 19:09:48,930 INFO  pipeline.SCMPipelineManager (SCMPipelineManager.java:finalizeAndDestroyPipeline(309)) - destroying pipeline:Pipeline[ Id: ea96c4ab-f3ce-4ba5-8671-327082ec483c, Nodes: b5d25f3d-c3f0-492e-8269-30589e3acfee{ip: 192.168.5.147, host: byscane-nightly-d7s94-1643579034, networkLocation: /default-rack, certSerialId: null}32c46067-d1ab-4dfa-87a4-aaa4f48110f6{ip: 192.168.5.147, host: byscane-nightly-d7s94-1643579034, networkLocation: /default-rack, certSerialId: null}d02ed320-20ae-4dd8-aaaa-32c3d015d6d9{ip: 192.168.5.147, host: byscane-nightly-d7s94-1643579034, networkLocation: /default-rack, certSerialId: null}, Type:RATIS, Factor:THREE, State:CLOSED]
2019-07-30 19:09:48,930 INFO  pipeline.SCMPipelineManager (SCMPipelineManager.java:finalizeAndDestroyPipeline(309)) - destroying pipeline:Pipeline[ Id: 80743cba-adc1-4733-ac80-486301d5b6c1, Nodes: 32c46067-d1ab-4dfa-87a4-aaa4f48110f6{ip: 192.168.5.147, host: byscane-nightly-d7s94-1643579034, networkLocation: /default-rack, certSerialId: null}, Type:RATIS, Factor:ONE, State:OPEN]
2019-07-30 19:09:48,930 INFO  pipeline.PipelineStateManager (PipelineStateManager.java:finalizePipeline(123)) - Pipeline Pipeline[ Id: 80743cba-adc1-4733-ac80-486301d5b6c1, Nodes: 32c46067-d1ab-4dfa-87a4-aaa4f48110f6{ip: 192.168.5.147, host: byscane-nightly-d7s94-1643579034, networkLocation: /default-rack, certSerialId: null}, Type:RATIS, Factor:ONE, State:CLOSED] moved to CLOSED state
2019-07-30 19:09:49,130 INFO  node.StaleNodeHandler (StaleNodeHandler.java:onMessage(58)) - Datanode d638511a-5e24-4087-9c21-c954537bb38f{ip: 192.168.5.147, host: byscane-nightly-d7s94-1643579034, networkLocation: /default-rack, certSerialId: null} moved to stale state. Finalizing its pipelines [PipelineID=e6361a10-7497-419f-bd63-7cf380f90c95]
2019-07-30 19:09:49,130 INFO  pipeline.SCMPipelineManager (SCMPipelineManager.java:finalizeAndDestroyPipeline(309)) - destroying pipeline:Pipeline[ Id: e6361a10-7497-419f-bd63-7cf380f90c95, Nodes: d638511a-5e24-4087-9c21-c954537bb38f{ip: 192.168.5.147, host: byscane-nightly-d7s94-1643579034, networkLocation: /default-rack, certSerialId: null}, Type:RATIS, Factor:ONE, State:OPEN]
2019-07-30 19:09:49,130 INFO  pipeline.PipelineStateManager (PipelineStateManager.java:finalizePipeline(123)) - Pipeline Pipeline[ Id: e6361a10-7497-419f-bd63-7cf380f90c95, Nodes: d638511a-5e24-4087-9c21-c954537bb38f{ip: 192.168.5.147, host: byscane-nightly-d7s94-1643579034, networkLocation: /default-rack, certSerialId: null}, Type:RATIS, Factor:ONE, State:CLOSED] moved to CLOSED state
2019-07-30 19:09:49,212 INFO  ozoneimpl.OzoneContainer (OzoneContainer.java:stop(199)) - Attempting to stop container services.
2019-07-30 19:09:49,213 INFO  ozoneimpl.OzoneContainer (OzoneContainer.java:stop(199)) - Attempting to stop container services.
2019-07-30 19:09:49,213 INFO  impl.RaftServerProxy (RaftServerProxy.java:lambda$close$4(314)) - d638511a-5e24-4087-9c21-c954537bb38f: close
2019-07-30 19:09:49,213 INFO  impl.RaftServerProxy (RaftServerProxy.java:lambda$close$4(314)) - 32c46067-d1ab-4dfa-87a4-aaa4f48110f6: close
2019-07-30 19:09:49,214 INFO  impl.RaftServerImpl (RaftServerImpl.java:lambda$shutdown$3(245)) - d638511a-5e24-4087-9c21-c954537bb38f: shutdown group-7CF380F90C95
2019-07-30 19:09:49,214 INFO  impl.RaftServerImpl (RaftServerImpl.java:lambda$shutdown$3(245)) - 32c46067-d1ab-4dfa-87a4-aaa4f48110f6: shutdown group-327082EC483C
2019-07-30 19:09:49,214 INFO  util.JmxRegister (JmxRegister.java:unregister(73)) - Successfully un-registered JMX Bean with object name Ratis:service=RaftServer,group=group-7CF380F90C95,id=d638511a-5e24-4087-9c21-c954537bb38f
2019-07-30 19:09:49,215 INFO  util.JmxRegister (JmxRegister.java:unregister(73)) - Successfully un-registered JMX Bean with object name Ratis:service=RaftServer,group=group-327082EC483C,id=32c46067-d1ab-4dfa-87a4-aaa4f48110f6
2019-07-30 19:09:49,215 INFO  impl.RoleInfo (RoleInfo.java:shutdownLeaderState(104)) - d638511a-5e24-4087-9c21-c954537bb38f: shutdown LeaderState
2019-07-30 19:09:49,215 INFO  impl.RoleInfo (RoleInfo.java:shutdownFollowerState(121)) - 32c46067-d1ab-4dfa-87a4-aaa4f48110f6: shutdown FollowerState
2019-07-30 19:09:49,216 INFO  impl.PendingRequests (PendingRequests.java:sendNotLeaderResponses(202)) - d638511a-5e24-4087-9c21-c954537bb38f-PendingRequests: sendNotLeaderResponses
2019-07-30 19:09:49,216 INFO  impl.FollowerState (FollowerState.java:run(114)) - 32c46067-d1ab-4dfa-87a4-aaa4f48110f6: FollowerState was interrupted: java.lang.InterruptedException: sleep interrupted
2019-07-30 19:09:49,216 INFO  impl.StateMachineUpdater (StateMachineUpdater.java:stopAndJoin(115)) - StateMachineUpdater:d638511a-5e24-4087-9c21-c954537bb38f:group-7CF380F90C95: set stopIndex = 0
2019-07-30 19:09:49,216 INFO  ratis.ContainerStateMachine (ContainerStateMachine.java:takeSnapshot(262)) - group-327082EC483C: Taking a snapshot at:(t:1, i:14) file /workdir/hadoop-ozone/integration-test/target/test-dir/MiniOzoneClusterImpl-599158a6-0443-46a4-b5c4-980fc9d60a3e/datanode-5/data/ratis/ea96c4ab-f3ce-4ba5-8671-327082ec483c/sm/snapshot.1_14
2019-07-30 19:09:49,216 INFO  impl.StateMachineUpdater (StateMachineUpdater.java:stopAndJoin(115)) - StateMachineUpdater:32c46067-d1ab-4dfa-87a4-aaa4f48110f6:group-327082EC483C: set stopIndex = 16
2019-07-30 19:09:49,219 INFO  impl.RaftServerImpl (ServerState.java:close(394)) - d638511a-5e24-4087-9c21-c954537bb38f:group-7CF380F90C95 closes. The last applied log index is 0
2019-07-30 19:09:49,220 INFO  segmented.SegmentedRaftLogWorker (SegmentedRaftLogWorker.java:run(313)) - d638511a-5e24-4087-9c21-c954537bb38f-SegmentedRaftLogWorker:Storage Directory /workdir/hadoop-ozone/integration-test/target/test-dir/MiniOzoneClusterImpl-599158a6-0443-46a4-b5c4-980fc9d60a3e/datanode-6/data/ratis/e6361a10-7497-419f-bd63-7cf380f90c95 was interrupted, exiting. There are 0 tasks remaining in the queue.
2019-07-30 19:09:49,220 INFO  segmented.SegmentedRaftLogWorker (SegmentedRaftLogWorker.java:close(228)) - d638511a-5e24-4087-9c21-c954537bb38f-SegmentedRaftLogWorker:Storage Directory /workdir/hadoop-ozone/integration-test/target/test-dir/MiniOzoneClusterImpl-599158a6-0443-46a4-b5c4-980fc9d60a3e/datanode-6/data/ratis/e6361a10-7497-419f-bd63-7cf380f90c95 close()
2019-07-30 19:09:49,226 INFO  server.GrpcService (GrpcService.java:closeImpl(155)) - d638511a-5e24-4087-9c21-c954537bb38f: shutdown server with port 39982 now
2019-07-30 19:09:49,226 INFO  server.GrpcService (GrpcService.java:closeImpl(163)) - d638511a-5e24-4087-9c21-c954537bb38f: shutdown server with port 39982 successfully
2019-07-30 19:09:49,227 INFO  ratis.ContainerStateMachine (ContainerStateMachine.java:takeSnapshot(273)) - group-327082EC483C: Finished taking a snapshot at:(t:1, i:14) file:/workdir/hadoop-ozone/integration-test/target/test-dir/MiniOzoneClusterImpl-599158a6-0443-46a4-b5c4-980fc9d60a3e/datanode-5/data/ratis/ea96c4ab-f3ce-4ba5-8671-327082ec483c/sm/snapshot.1_14 time:10
2019-07-30 19:09:49,227 INFO  impl.StateMachineUpdater (StateMachineUpdater.java:takeSnapshot(242)) - StateMachineUpdater:32c46067-d1ab-4dfa-87a4-aaa4f48110f6:group-327082EC483C: Took a snapshot at index 14
2019-07-30 19:09:49,227 INFO  impl.StateMachineUpdater (StateMachineUpdater.java:lambda$new$0(80)) - StateMachineUpdater:32c46067-d1ab-4dfa-87a4-aaa4f48110f6:group-327082EC483C: snapshotIndex: updateIncreasingly -1 -> 14
2019-07-30 19:09:49,228 INFO  impl.RaftServerImpl (ServerState.java:close(394)) - 32c46067-d1ab-4dfa-87a4-aaa4f48110f6:group-327082EC483C closes. The last applied log index is 16
2019-07-30 19:09:49,228 INFO  utils.BackgroundService (BackgroundService.java:shutdown(148)) - Shutting down service BlockDeletingService
2019-07-30 19:09:49,228 INFO  segmented.SegmentedRaftLogWorker (SegmentedRaftLogWorker.java:run(313)) - 32c46067-d1ab-4dfa-87a4-aaa4f48110f6-SegmentedRaftLogWorker:Storage Directory /workdir/hadoop-ozone/integration-test/target/test-dir/MiniOzoneClusterImpl-599158a6-0443-46a4-b5c4-980fc9d60a3e/datanode-5/data/ratis/ea96c4ab-f3ce-4ba5-8671-327082ec483c was interrupted, exiting. There are 0 tasks remaining in the queue.
2019-07-30 19:09:49,229 INFO  segmented.SegmentedRaftLogWorker (SegmentedRaftLogWorker.java:close(228)) - 32c46067-d1ab-4dfa-87a4-aaa4f48110f6-SegmentedRaftLogWorker:Storage Directory /workdir/hadoop-ozone/integration-test/target/test-dir/MiniOzoneClusterImpl-599158a6-0443-46a4-b5c4-980fc9d60a3e/datanode-5/data/ratis/ea96c4ab-f3ce-4ba5-8671-327082ec483c close()
2019-07-30 19:09:49,229 INFO  impl.RaftServerImpl (RaftServerImpl.java:lambda$shutdown$3(245)) - 32c46067-d1ab-4dfa-87a4-aaa4f48110f6: shutdown group-486301D5B6C1
2019-07-30 19:09:49,231 WARN  fs.CachingGetSpaceUsed (CachingGetSpaceUsed.java:run(183)) - Thread Interrupted waiting to refresh disk information: sleep interrupted
2019-07-30 19:09:49,231 INFO  util.JmxRegister (JmxRegister.java:unregister(73)) - Successfully un-registered JMX Bean with object name Ratis:service=RaftServer,group=group-486301D5B6C1,id=32c46067-d1ab-4dfa-87a4-aaa4f48110f6
2019-07-30 19:09:49,233 INFO  impl.RoleInfo (RoleInfo.java:shutdownLeaderState(104)) - 32c46067-d1ab-4dfa-87a4-aaa4f48110f6: shutdown LeaderState
2019-07-30 19:09:49,233 INFO  impl.PendingRequests (PendingRequests.java:sendNotLeaderResponses(202)) - 32c46067-d1ab-4dfa-87a4-aaa4f48110f6-PendingRequests: sendNotLeaderResponses
2019-07-30 19:09:49,233 INFO  impl.StateMachineUpdater (StateMachineUpdater.java:stopAndJoin(115)) - StateMachineUpdater:32c46067-d1ab-4dfa-87a4-aaa4f48110f6:group-486301D5B6C1: set stopIndex = 0
2019-07-30 19:09:49,233 INFO  impl.RaftServerImpl (ServerState.java:close(394)) - 32c46067-d1ab-4dfa-87a4-aaa4f48110f6:group-486301D5B6C1 closes. The last applied log index is 0
2019-07-30 19:09:49,234 INFO  segmented.SegmentedRaftLogWorker (SegmentedRaftLogWorker.java:run(313)) - 32c46067-d1ab-4dfa-87a4-aaa4f48110f6-SegmentedRaftLogWorker:Storage Directory /workdir/hadoop-ozone/integration-test/target/test-dir/MiniOzoneClusterImpl-599158a6-0443-46a4-b5c4-980fc9d60a3e/datanode-5/data/ratis/80743cba-adc1-4733-ac80-486301d5b6c1 was interrupted, exiting. There are 0 tasks remaining in the queue.
2019-07-30 19:09:49,234 INFO  segmented.SegmentedRaftLogWorker (SegmentedRaftLogWorker.java:close(228)) - 32c46067-d1ab-4dfa-87a4-aaa4f48110f6-SegmentedRaftLogWorker:Storage Directory /workdir/hadoop-ozone/integration-test/target/test-dir/MiniOzoneClusterImpl-599158a6-0443-46a4-b5c4-980fc9d60a3e/datanode-5/data/ratis/80743cba-adc1-4733-ac80-486301d5b6c1 close()
2019-07-30 19:09:49,234 INFO  server.GrpcService (GrpcService.java:closeImpl(155)) - 32c46067-d1ab-4dfa-87a4-aaa4f48110f6: shutdown server with port 40176 now
2019-07-30 19:09:49,235 INFO  server.GrpcService (GrpcService.java:closeImpl(163)) - 32c46067-d1ab-4dfa-87a4-aaa4f48110f6: shutdown server with port 40176 successfully
2019-07-30 19:09:49,238 INFO  utils.BackgroundService (BackgroundService.java:shutdown(148)) - Shutting down service BlockDeletingService
2019-07-30 19:09:49,239 WARN  fs.CachingGetSpaceUsed (CachingGetSpaceUsed.java:run(183)) - Thread Interrupted waiting to refresh disk information: sleep interrupted
2019-07-30 19:09:49,255 INFO  statemachine.DatanodeStateMachine (DatanodeStateMachine.java:stopDaemon(395)) - Ozone container server stopped.
2019-07-30 19:09:49,256 INFO  handler.ContextHandler (ContextHandler.java:doStop(910)) - Stopped o.e.j.w.WebAppContext@6419726f{/,null,UNAVAILABLE}{/hddsDatanode}
2019-07-30 19:09:49,258 INFO  server.AbstractConnector (AbstractConnector.java:doStop(318)) - Stopped ServerConnector@5d4a1d2c{HTTP/1.1,[http/1.1]}{0.0.0.0:0}
2019-07-30 19:09:49,258 INFO  handler.ContextHandler (ContextHandler.java:doStop(910)) - Stopped o.e.j.s.ServletContextHandler@3a8ae302{/static,jar:file:/home/user/.m2/repository/org/apache/hadoop/hadoop-hdds-container-service/0.4.1-SNAPSHOT/hadoop-hdds-container-service-0.4.1-SNAPSHOT.jar!/webapps/static,UNAVAILABLE}
2019-07-30 19:09:49,258 INFO  handler.ContextHandler (ContextHandler.java:doStop(910)) - Stopped o.e.j.s.ServletContextHandler@3edc999f{/logs,file:///workdir/hadoop-ozone/integration-test/target/log,UNAVAILABLE}
2019-07-30 19:09:49,261 INFO  statemachine.DatanodeStateMachine (DatanodeStateMachine.java:stopDaemon(395)) - Ozone container server stopped.
2019-07-30 19:09:49,266 INFO  handler.ContextHandler (ContextHandler.java:doStop(910)) - Stopped o.e.j.w.WebAppContext@52dfd7f5{/,null,UNAVAILABLE}{/hddsDatanode}
2019-07-30 19:09:49,266 INFO  server.AbstractConnector (AbstractConnector.java:doStop(318)) - Stopped ServerConnector@5b5f48d5{HTTP/1.1,[http/1.1]}{0.0.0.0:0}
2019-07-30 19:09:49,268 INFO  handler.ContextHandler (ContextHandler.java:doStop(910)) - Stopped o.e.j.s.ServletContextHandler@3b5f72fa{/static,jar:file:/home/user/.m2/repository/org/apache/hadoop/hadoop-hdds-container-service/0.4.1-SNAPSHOT/hadoop-hdds-container-service-0.4.1-SNAPSHOT.jar!/webapps/static,UNAVAILABLE}
2019-07-30 19:09:49,269 INFO  handler.ContextHandler (ContextHandler.java:doStop(910)) - Stopped o.e.j.s.ServletContextHandler@375f276e{/logs,file:///workdir/hadoop-ozone/integration-test/target/log,UNAVAILABLE}
2019-07-30 19:09:49,269 INFO  ozone.MiniOzoneClusterImpl (MiniOzoneClusterImpl.java:stop(353)) - Stopping the StorageContainerManager
2019-07-30 19:09:49,270 INFO  server.StorageContainerManager (StorageContainerManager.java:stop(796)) - Stopping Replication Manager Service.
2019-07-30 19:09:49,270 INFO  container.ReplicationManager (ReplicationManager.java:stop(187)) - Stopping Replication Monitor Thread.
2019-07-30 19:09:49,270 INFO  server.StorageContainerManager (StorageContainerManager.java:stop(803)) - Stopping Lease Manager of the command watchers
2019-07-30 19:09:49,270 INFO  server.StorageContainerManager (StorageContainerManager.java:stop(810)) - Stopping datanode service RPC server
2019-07-30 19:09:49,270 INFO  server.SCMDatanodeProtocolServer (SCMDatanodeProtocolServer.java:stop(367)) - Stopping the RPC server for DataNodes
2019-07-30 19:09:49,271 INFO  ipc.Server (Server.java:stop(3082)) - Stopping server on 44852
2019-07-30 19:09:49,272 INFO  ipc.Server (Server.java:run(1185)) - Stopping IPC Server listener on 44852
2019-07-30 19:09:49,272 INFO  ipc.Server (Server.java:run(1319)) - Stopping IPC Server Responder
2019-07-30 19:09:49,330 WARN  node.NodeStateManager (NodeStateManager.java:scheduleNextHealthCheck(631)) - Current Thread is interrupted, shutting down HB processing thread for Node Manager.
2019-07-30 19:09:49,331 INFO  server.StorageContainerManager (StorageContainerManager.java:stop(818)) - Stopping block service RPC server
2019-07-30 19:09:49,331 INFO  server.SCMBlockProtocolServer (SCMBlockProtocolServer.java:stop(148)) - Stopping the RPC server for Block Protocol
2019-07-30 19:09:49,331 INFO  ipc.Server (Server.java:stop(3082)) - Stopping server on 33116
2019-07-30 19:09:49,333 INFO  ipc.Server (Server.java:run(1185)) - Stopping IPC Server listener on 33116
2019-07-30 19:09:49,333 INFO  server.StorageContainerManager (StorageContainerManager.java:stop(825)) - Stopping the StorageContainerLocationProtocol RPC server
2019-07-30 19:09:49,333 INFO  server.SCMClientProtocolServer (SCMClientProtocolServer.java:stop(159)) - Stopping the RPC server for Client Protocol
2019-07-30 19:09:49,334 INFO  ipc.Server (Server.java:stop(3082)) - Stopping server on 46492
2019-07-30 19:09:49,333 INFO  ipc.Server (Server.java:run(1319)) - Stopping IPC Server Responder
2019-07-30 19:09:49,336 INFO  ipc.Server (Server.java:run(1185)) - Stopping IPC Server listener on 46492
2019-07-30 19:09:49,336 INFO  ipc.Server (Server.java:run(1319)) - Stopping IPC Server Responder
2019-07-30 19:09:49,336 INFO  server.StorageContainerManager (StorageContainerManager.java:stop(832)) - Stopping Storage Container Manager HTTP server.
2019-07-30 19:09:49,337 INFO  handler.ContextHandler (ContextHandler.java:doStop(910)) - Stopped o.e.j.w.WebAppContext@314407dd{/,null,UNAVAILABLE}{/scm}
2019-07-30 19:09:49,338 INFO  server.AbstractConnector (AbstractConnector.java:doStop(318)) - Stopped ServerConnector@7f19430f{HTTP/1.1,[http/1.1]}{0.0.0.0:0}
2019-07-30 19:09:49,338 INFO  handler.ContextHandler (ContextHandler.java:doStop(910)) - Stopped o.e.j.s.ServletContextHandler@740530b{/static,file:///workdir/hadoop-ozone/integration-test/target/test-classes/webapps/static,UNAVAILABLE}
2019-07-30 19:09:49,338 INFO  handler.ContextHandler (ContextHandler.java:doStop(910)) - Stopped o.e.j.s.ServletContextHandler@36995784{/logs,file:///workdir/hadoop-ozone/integration-test/target/log,UNAVAILABLE}
2019-07-30 19:09:49,339 INFO  server.StorageContainerManager (StorageContainerManager.java:stop(843)) - Stopping Block Manager Service.
2019-07-30 19:09:49,339 INFO  utils.BackgroundService (BackgroundService.java:shutdown(148)) - Shutting down service SCMBlockDeletingService
2019-07-30 19:09:49,340 INFO  utils.BackgroundService (BackgroundService.java:shutdown(148)) - Shutting down service SCMBlockDeletingService
2019-07-30 19:09:49,340 INFO  server.StorageContainerManager (StorageContainerManager.java:stop(865)) - Stopping SCM Event Queue.
2019-07-30 19:09:49,343 INFO  impl.MetricsSystemImpl (MetricsSystemImpl.java:stop(210)) - Stopping HddsDatanode metrics system...
2019-07-30 19:09:49,352 INFO  impl.MetricsSystemImpl (MetricsSystemImpl.java:stop(216)) - HddsDatanode metrics system stopped.
]]></system-out>
    <system-err><![CDATA[Jul 30, 2019 7:09:08 PM com.sun.jersey.server.impl.application.WebApplicationImpl _initiate
INFO: Initiating Jersey application, version 'Jersey: 1.19 02/11/2015 03:25 AM'
Jul 30, 2019 7:09:08 PM com.sun.jersey.server.impl.application.WebApplicationImpl _initiate
INFO: Initiating Jersey application, version 'Jersey: 1.19 02/11/2015 03:25 AM'
Jul 30, 2019 7:09:09 PM com.sun.jersey.server.impl.application.WebApplicationImpl _initiate
INFO: Initiating Jersey application, version 'Jersey: 1.19 02/11/2015 03:25 AM'
Jul 30, 2019 7:09:09 PM com.sun.jersey.server.impl.application.WebApplicationImpl _initiate
INFO: Initiating Jersey application, version 'Jersey: 1.19 02/11/2015 03:25 AM'
Jul 30, 2019 7:09:09 PM com.sun.jersey.server.impl.application.WebApplicationImpl _initiate
INFO: Initiating Jersey application, version 'Jersey: 1.19 02/11/2015 03:25 AM'
Jul 30, 2019 7:09:09 PM com.sun.jersey.server.impl.application.WebApplicationImpl _initiate
INFO: Initiating Jersey application, version 'Jersey: 1.19 02/11/2015 03:25 AM'
Jul 30, 2019 7:09:09 PM com.sun.jersey.server.impl.application.WebApplicationImpl _initiate
INFO: Initiating Jersey application, version 'Jersey: 1.19 02/11/2015 03:25 AM'
Jul 30, 2019 7:09:12 PM org.apache.ratis.thirdparty.io.grpc.internal.ManagedChannelOrphanWrapper$ManagedChannelReference cleanQueue
SEVERE: *~*~*~ Channel ManagedChannelImpl{logId=2695, target=192.168.5.147:45043} was not shutdown properly!!! ~*~*~*
    Make sure to call shutdown()/shutdownNow() and wait until awaitTermination() returns true.
java.lang.RuntimeException: ManagedChannel allocation site
	at org.apache.ratis.thirdparty.io.grpc.internal.ManagedChannelOrphanWrapper$ManagedChannelReference.<init>(ManagedChannelOrphanWrapper.java:103)
	at org.apache.ratis.thirdparty.io.grpc.internal.ManagedChannelOrphanWrapper.<init>(ManagedChannelOrphanWrapper.java:53)
	at org.apache.ratis.thirdparty.io.grpc.internal.ManagedChannelOrphanWrapper.<init>(ManagedChannelOrphanWrapper.java:44)
	at org.apache.ratis.thirdparty.io.grpc.internal.AbstractManagedChannelImplBuilder.build(AbstractManagedChannelImplBuilder.java:411)
	at org.apache.ratis.grpc.client.GrpcClientProtocolClient.<init>(GrpcClientProtocolClient.java:119)
	at org.apache.ratis.grpc.client.GrpcClientRpc.lambda$new$0(GrpcClientRpc.java:55)
	at org.apache.ratis.util.PeerProxyMap$PeerAndProxy.lambda$getProxy$0(PeerProxyMap.java:61)
	at org.apache.ratis.util.LifeCycle.startAndTransition(LifeCycle.java:202)
	at org.apache.ratis.util.PeerProxyMap$PeerAndProxy.getProxy(PeerProxyMap.java:60)
	at org.apache.ratis.util.PeerProxyMap.getProxy(PeerProxyMap.java:107)
	at org.apache.ratis.grpc.client.GrpcClientRpc.sendRequestAsync(GrpcClientRpc.java:66)
	at org.apache.ratis.client.impl.OrderedAsync.sendRequest(OrderedAsync.java:208)
	at org.apache.ratis.client.impl.OrderedAsync.sendRequestWithRetry(OrderedAsync.java:169)
	at org.apache.ratis.util.SlidingWindow$Client.sendOrDelayRequest(SlidingWindow.java:278)
	at org.apache.ratis.util.SlidingWindow$Client.submitNewRequest(SlidingWindow.java:257)
	at org.apache.ratis.client.impl.OrderedAsync.send(OrderedAsync.java:155)
	at org.apache.ratis.client.impl.RaftClientImpl.sendAsync(RaftClientImpl.java:145)
	at org.apache.ratis.client.impl.RaftClientImpl.sendAsync(RaftClientImpl.java:125)
	at org.apache.hadoop.hdds.scm.XceiverClientRatis.sendRequestAsync(XceiverClientRatis.java:224)
	at org.apache.hadoop.hdds.scm.XceiverClientRatis.sendCommandAsync(XceiverClientRatis.java:302)
	at org.apache.hadoop.hdds.scm.storage.ContainerProtocolCalls.writeChunkAsync(ContainerProtocolCalls.java:310)
	at org.apache.hadoop.hdds.scm.storage.BlockOutputStream.writeChunkToContainer(BlockOutputStream.java:601)
	at org.apache.hadoop.hdds.scm.storage.BlockOutputStream.writeChunk(BlockOutputStream.java:459)
	at org.apache.hadoop.hdds.scm.storage.BlockOutputStream.writeOnRetry(BlockOutputStream.java:285)
	at org.apache.hadoop.ozone.client.io.BlockOutputStreamEntry.writeOnRetry(BlockOutputStreamEntry.java:200)
	at org.apache.hadoop.ozone.client.io.KeyOutputStream.handleWrite(KeyOutputStream.java:209)
	at org.apache.hadoop.ozone.client.io.KeyOutputStream.handleRetry(KeyOutputStream.java:376)
	at org.apache.hadoop.ozone.client.io.KeyOutputStream.handleException(KeyOutputStream.java:325)
	at org.apache.hadoop.ozone.client.io.KeyOutputStream.handleFlushOrClose(KeyOutputStream.java:448)
	at org.apache.hadoop.ozone.client.io.KeyOutputStream.handleWrite(KeyOutputStream.java:235)
	at org.apache.hadoop.ozone.client.io.KeyOutputStream.write(KeyOutputStream.java:193)
	at org.apache.hadoop.ozone.client.io.OzoneOutputStream.write(OzoneOutputStream.java:49)
	at java.io.OutputStream.write(OutputStream.java:75)
	at org.apache.hadoop.ozone.client.rpc.TestBlockOutputStreamWithFailures.testWatchForCommitWithSingleNodeRatis(TestBlockOutputStreamWithFailures.java:881)
	at sun.reflect.NativeMethodAccessorImpl.invoke0(Native Method)
	at sun.reflect.NativeMethodAccessorImpl.invoke(NativeMethodAccessorImpl.java:62)
	at sun.reflect.DelegatingMethodAccessorImpl.invoke(DelegatingMethodAccessorImpl.java:43)
	at java.lang.reflect.Method.invoke(Method.java:498)
	at org.junit.runners.model.FrameworkMethod$1.runReflectiveCall(FrameworkMethod.java:47)
	at org.junit.internal.runners.model.ReflectiveCallable.run(ReflectiveCallable.java:12)
	at org.junit.runners.model.FrameworkMethod.invokeExplosively(FrameworkMethod.java:44)
	at org.junit.internal.runners.statements.InvokeMethod.evaluate(InvokeMethod.java:17)
	at org.junit.internal.runners.statements.RunBefores.evaluate(RunBefores.java:26)
	at org.junit.internal.runners.statements.RunAfters.evaluate(RunAfters.java:27)
	at org.junit.runners.ParentRunner.runLeaf(ParentRunner.java:271)
	at org.junit.runners.BlockJUnit4ClassRunner.runChild(BlockJUnit4ClassRunner.java:70)
	at org.junit.runners.BlockJUnit4ClassRunner.runChild(BlockJUnit4ClassRunner.java:50)
	at org.junit.runners.ParentRunner$3.run(ParentRunner.java:238)
	at org.junit.runners.ParentRunner$1.schedule(ParentRunner.java:63)
	at org.junit.runners.ParentRunner.runChildren(ParentRunner.java:236)
	at org.junit.runners.ParentRunner.access$000(ParentRunner.java:53)
	at org.junit.runners.ParentRunner$2.evaluate(ParentRunner.java:229)
	at org.junit.runners.ParentRunner.run(ParentRunner.java:309)
	at org.apache.maven.surefire.junit4.JUnit4Provider.execute(JUnit4Provider.java:365)
	at org.apache.maven.surefire.junit4.JUnit4Provider.executeWithRerun(JUnit4Provider.java:273)
	at org.apache.maven.surefire.junit4.JUnit4Provider.executeTestSet(JUnit4Provider.java:238)
	at org.apache.maven.surefire.junit4.JUnit4Provider.invoke(JUnit4Provider.java:159)
	at org.apache.maven.surefire.booter.ForkedBooter.invokeProviderInSameClassLoader(ForkedBooter.java:384)
	at org.apache.maven.surefire.booter.ForkedBooter.runSuitesInProcess(ForkedBooter.java:345)
	at org.apache.maven.surefire.booter.ForkedBooter.execute(ForkedBooter.java:126)
	at org.apache.maven.surefire.booter.ForkedBooter.main(ForkedBooter.java:418)

Jul 30, 2019 7:09:12 PM org.apache.ratis.thirdparty.io.grpc.internal.ManagedChannelOrphanWrapper$ManagedChannelReference cleanQueue
SEVERE: *~*~*~ Channel ManagedChannelImpl{logId=2700, target=192.168.5.147:37847} was not shutdown properly!!! ~*~*~*
    Make sure to call shutdown()/shutdownNow() and wait until awaitTermination() returns true.
java.lang.RuntimeException: ManagedChannel allocation site
	at org.apache.ratis.thirdparty.io.grpc.internal.ManagedChannelOrphanWrapper$ManagedChannelReference.<init>(ManagedChannelOrphanWrapper.java:103)
	at org.apache.ratis.thirdparty.io.grpc.internal.ManagedChannelOrphanWrapper.<init>(ManagedChannelOrphanWrapper.java:53)
	at org.apache.ratis.thirdparty.io.grpc.internal.ManagedChannelOrphanWrapper.<init>(ManagedChannelOrphanWrapper.java:44)
	at org.apache.ratis.thirdparty.io.grpc.internal.AbstractManagedChannelImplBuilder.build(AbstractManagedChannelImplBuilder.java:411)
	at org.apache.hadoop.hdds.scm.XceiverClientGrpc.connectToDatanode(XceiverClientGrpc.java:174)
	at org.apache.hadoop.hdds.scm.XceiverClientGrpc.reconnect(XceiverClientGrpc.java:422)
	at org.apache.hadoop.hdds.scm.XceiverClientGrpc.sendCommandAsync(XceiverClientGrpc.java:371)
	at org.apache.hadoop.hdds.scm.XceiverClientGrpc.sendCommandWithRetry(XceiverClientGrpc.java:284)
	at org.apache.hadoop.hdds.scm.XceiverClientGrpc.sendCommandWithTraceIDAndRetry(XceiverClientGrpc.java:250)
	at org.apache.hadoop.hdds.scm.XceiverClientGrpc.sendCommand(XceiverClientGrpc.java:233)
	at org.apache.hadoop.hdds.scm.storage.ContainerProtocolCalls.getBlock(ContainerProtocolCalls.java:118)
	at org.apache.hadoop.hdds.scm.storage.BlockInputStream.getChunkInfos(BlockInputStream.java:167)
	at org.apache.hadoop.hdds.scm.storage.BlockInputStream.initialize(BlockInputStream.java:118)
	at org.apache.hadoop.hdds.scm.storage.BlockInputStream.read(BlockInputStream.java:222)
	at org.apache.hadoop.ozone.client.io.KeyInputStream.read(KeyInputStream.java:171)
	at org.apache.hadoop.ozone.client.io.OzoneInputStream.read(OzoneInputStream.java:47)
	at java.io.InputStream.read(InputStream.java:101)
	at org.apache.hadoop.ozone.container.ContainerTestHelper.validateData(ContainerTestHelper.java:709)
	at org.apache.hadoop.ozone.client.rpc.TestBlockOutputStreamWithFailures.validateData(TestBlockOutputStreamWithFailures.java:1212)
	at org.apache.hadoop.ozone.client.rpc.TestBlockOutputStreamWithFailures.testWatchForCommitWithSingleNodeRatis(TestBlockOutputStreamWithFailures.java:914)
	at sun.reflect.NativeMethodAccessorImpl.invoke0(Native Method)
	at sun.reflect.NativeMethodAccessorImpl.invoke(NativeMethodAccessorImpl.java:62)
	at sun.reflect.DelegatingMethodAccessorImpl.invoke(DelegatingMethodAccessorImpl.java:43)
	at java.lang.reflect.Method.invoke(Method.java:498)
	at org.junit.runners.model.FrameworkMethod$1.runReflectiveCall(FrameworkMethod.java:47)
	at org.junit.internal.runners.model.ReflectiveCallable.run(ReflectiveCallable.java:12)
	at org.junit.runners.model.FrameworkMethod.invokeExplosively(FrameworkMethod.java:44)
	at org.junit.internal.runners.statements.InvokeMethod.evaluate(InvokeMethod.java:17)
	at org.junit.internal.runners.statements.RunBefores.evaluate(RunBefores.java:26)
	at org.junit.internal.runners.statements.RunAfters.evaluate(RunAfters.java:27)
	at org.junit.runners.ParentRunner.runLeaf(ParentRunner.java:271)
	at org.junit.runners.BlockJUnit4ClassRunner.runChild(BlockJUnit4ClassRunner.java:70)
	at org.junit.runners.BlockJUnit4ClassRunner.runChild(BlockJUnit4ClassRunner.java:50)
	at org.junit.runners.ParentRunner$3.run(ParentRunner.java:238)
	at org.junit.runners.ParentRunner$1.schedule(ParentRunner.java:63)
	at org.junit.runners.ParentRunner.runChildren(ParentRunner.java:236)
	at org.junit.runners.ParentRunner.access$000(ParentRunner.java:53)
	at org.junit.runners.ParentRunner$2.evaluate(ParentRunner.java:229)
	at org.junit.runners.ParentRunner.run(ParentRunner.java:309)
	at org.apache.maven.surefire.junit4.JUnit4Provider.execute(JUnit4Provider.java:365)
	at org.apache.maven.surefire.junit4.JUnit4Provider.executeWithRerun(JUnit4Provider.java:273)
	at org.apache.maven.surefire.junit4.JUnit4Provider.executeTestSet(JUnit4Provider.java:238)
	at org.apache.maven.surefire.junit4.JUnit4Provider.invoke(JUnit4Provider.java:159)
	at org.apache.maven.surefire.booter.ForkedBooter.invokeProviderInSameClassLoader(ForkedBooter.java:384)
	at org.apache.maven.surefire.booter.ForkedBooter.runSuitesInProcess(ForkedBooter.java:345)
	at org.apache.maven.surefire.booter.ForkedBooter.execute(ForkedBooter.java:126)
	at org.apache.maven.surefire.booter.ForkedBooter.main(ForkedBooter.java:418)

Jul 30, 2019 7:09:12 PM org.apache.ratis.thirdparty.io.grpc.internal.ManagedChannelOrphanWrapper$ManagedChannelReference cleanQueue
SEVERE: *~*~*~ Channel ManagedChannelImpl{logId=2705, target=192.168.5.147:36151} was not shutdown properly!!! ~*~*~*
    Make sure to call shutdown()/shutdownNow() and wait until awaitTermination() returns true.
java.lang.RuntimeException: ManagedChannel allocation site
	at org.apache.ratis.thirdparty.io.grpc.internal.ManagedChannelOrphanWrapper$ManagedChannelReference.<init>(ManagedChannelOrphanWrapper.java:103)
	at org.apache.ratis.thirdparty.io.grpc.internal.ManagedChannelOrphanWrapper.<init>(ManagedChannelOrphanWrapper.java:53)
	at org.apache.ratis.thirdparty.io.grpc.internal.ManagedChannelOrphanWrapper.<init>(ManagedChannelOrphanWrapper.java:44)
	at org.apache.ratis.thirdparty.io.grpc.internal.AbstractManagedChannelImplBuilder.build(AbstractManagedChannelImplBuilder.java:411)
	at org.apache.hadoop.hdds.scm.XceiverClientGrpc.connectToDatanode(XceiverClientGrpc.java:174)
	at org.apache.hadoop.hdds.scm.XceiverClientGrpc.reconnect(XceiverClientGrpc.java:422)
	at org.apache.hadoop.hdds.scm.XceiverClientGrpc.sendCommandAsync(XceiverClientGrpc.java:371)
	at org.apache.hadoop.hdds.scm.XceiverClientGrpc.sendCommandWithRetry(XceiverClientGrpc.java:284)
	at org.apache.hadoop.hdds.scm.XceiverClientGrpc.sendCommandWithTraceIDAndRetry(XceiverClientGrpc.java:250)
	at org.apache.hadoop.hdds.scm.XceiverClientGrpc.sendCommand(XceiverClientGrpc.java:233)
	at org.apache.hadoop.hdds.scm.storage.ContainerProtocolCalls.getBlock(ContainerProtocolCalls.java:118)
	at org.apache.hadoop.hdds.scm.storage.BlockInputStream.getChunkInfos(BlockInputStream.java:167)
	at org.apache.hadoop.hdds.scm.storage.BlockInputStream.initialize(BlockInputStream.java:118)
	at org.apache.hadoop.hdds.scm.storage.BlockInputStream.read(BlockInputStream.java:222)
	at org.apache.hadoop.ozone.client.io.KeyInputStream.read(KeyInputStream.java:171)
	at org.apache.hadoop.ozone.client.io.OzoneInputStream.read(OzoneInputStream.java:47)
	at java.io.InputStream.read(InputStream.java:101)
	at org.apache.hadoop.ozone.container.ContainerTestHelper.validateData(ContainerTestHelper.java:709)
	at org.apache.hadoop.ozone.client.rpc.TestBlockOutputStreamWithFailures.validateData(TestBlockOutputStreamWithFailures.java:1212)
	at org.apache.hadoop.ozone.client.rpc.TestBlockOutputStreamWithFailures.testWatchForCommitWithSingleNodeRatis(TestBlockOutputStreamWithFailures.java:914)
	at sun.reflect.NativeMethodAccessorImpl.invoke0(Native Method)
	at sun.reflect.NativeMethodAccessorImpl.invoke(NativeMethodAccessorImpl.java:62)
	at sun.reflect.DelegatingMethodAccessorImpl.invoke(DelegatingMethodAccessorImpl.java:43)
	at java.lang.reflect.Method.invoke(Method.java:498)
	at org.junit.runners.model.FrameworkMethod$1.runReflectiveCall(FrameworkMethod.java:47)
	at org.junit.internal.runners.model.ReflectiveCallable.run(ReflectiveCallable.java:12)
	at org.junit.runners.model.FrameworkMethod.invokeExplosively(FrameworkMethod.java:44)
	at org.junit.internal.runners.statements.InvokeMethod.evaluate(InvokeMethod.java:17)
	at org.junit.internal.runners.statements.RunBefores.evaluate(RunBefores.java:26)
	at org.junit.internal.runners.statements.RunAfters.evaluate(RunAfters.java:27)
	at org.junit.runners.ParentRunner.runLeaf(ParentRunner.java:271)
	at org.junit.runners.BlockJUnit4ClassRunner.runChild(BlockJUnit4ClassRunner.java:70)
	at org.junit.runners.BlockJUnit4ClassRunner.runChild(BlockJUnit4ClassRunner.java:50)
	at org.junit.runners.ParentRunner$3.run(ParentRunner.java:238)
	at org.junit.runners.ParentRunner$1.schedule(ParentRunner.java:63)
	at org.junit.runners.ParentRunner.runChildren(ParentRunner.java:236)
	at org.junit.runners.ParentRunner.access$000(ParentRunner.java:53)
	at org.junit.runners.ParentRunner$2.evaluate(ParentRunner.java:229)
	at org.junit.runners.ParentRunner.run(ParentRunner.java:309)
	at org.apache.maven.surefire.junit4.JUnit4Provider.execute(JUnit4Provider.java:365)
	at org.apache.maven.surefire.junit4.JUnit4Provider.executeWithRerun(JUnit4Provider.java:273)
	at org.apache.maven.surefire.junit4.JUnit4Provider.executeTestSet(JUnit4Provider.java:238)
	at org.apache.maven.surefire.junit4.JUnit4Provider.invoke(JUnit4Provider.java:159)
	at org.apache.maven.surefire.booter.ForkedBooter.invokeProviderInSameClassLoader(ForkedBooter.java:384)
	at org.apache.maven.surefire.booter.ForkedBooter.runSuitesInProcess(ForkedBooter.java:345)
	at org.apache.maven.surefire.booter.ForkedBooter.execute(ForkedBooter.java:126)
	at org.apache.maven.surefire.booter.ForkedBooter.main(ForkedBooter.java:418)

Jul 30, 2019 7:09:12 PM org.apache.ratis.thirdparty.io.grpc.internal.ManagedChannelOrphanWrapper$ManagedChannelReference cleanQueue
SEVERE: *~*~*~ Channel ManagedChannelImpl{logId=2690, target=192.168.5.147:35428} was not shutdown properly!!! ~*~*~*
    Make sure to call shutdown()/shutdownNow() and wait until awaitTermination() returns true.
java.lang.RuntimeException: ManagedChannel allocation site
	at org.apache.ratis.thirdparty.io.grpc.internal.ManagedChannelOrphanWrapper$ManagedChannelReference.<init>(ManagedChannelOrphanWrapper.java:103)
	at org.apache.ratis.thirdparty.io.grpc.internal.ManagedChannelOrphanWrapper.<init>(ManagedChannelOrphanWrapper.java:53)
	at org.apache.ratis.thirdparty.io.grpc.internal.ManagedChannelOrphanWrapper.<init>(ManagedChannelOrphanWrapper.java:44)
	at org.apache.ratis.thirdparty.io.grpc.internal.AbstractManagedChannelImplBuilder.build(AbstractManagedChannelImplBuilder.java:411)
	at org.apache.ratis.grpc.client.GrpcClientProtocolClient.<init>(GrpcClientProtocolClient.java:119)
	at org.apache.ratis.grpc.client.GrpcClientRpc.lambda$new$0(GrpcClientRpc.java:55)
	at org.apache.ratis.util.PeerProxyMap$PeerAndProxy.lambda$getProxy$0(PeerProxyMap.java:61)
	at org.apache.ratis.util.LifeCycle.startAndTransition(LifeCycle.java:202)
	at org.apache.ratis.util.PeerProxyMap$PeerAndProxy.getProxy(PeerProxyMap.java:60)
	at org.apache.ratis.util.PeerProxyMap.getProxy(PeerProxyMap.java:107)
	at org.apache.ratis.grpc.client.GrpcClientRpc.sendRequestAsync(GrpcClientRpc.java:66)
	at org.apache.ratis.client.impl.OrderedAsync.sendRequest(OrderedAsync.java:208)
	at org.apache.ratis.client.impl.OrderedAsync.sendRequestWithRetry(OrderedAsync.java:169)
	at org.apache.ratis.util.SlidingWindow$Client.sendOrDelayRequest(SlidingWindow.java:278)
	at org.apache.ratis.util.SlidingWindow$Client.retry(SlidingWindow.java:294)
	at org.apache.ratis.client.impl.OrderedAsync.lambda$scheduleWithTimeout$7(OrderedAsync.java:195)
	at org.apache.ratis.util.TimeoutScheduler.lambda$onTimeout$0(TimeoutScheduler.java:85)
	at org.apache.ratis.util.TimeoutScheduler.lambda$onTimeout$1(TimeoutScheduler.java:104)
	at org.apache.ratis.util.LogUtils.runAndLog(LogUtils.java:50)
	at org.apache.ratis.util.LogUtils$1.run(LogUtils.java:91)
	at java.util.concurrent.Executors$RunnableAdapter.call(Executors.java:511)
	at java.util.concurrent.FutureTask.run(FutureTask.java:266)
	at java.util.concurrent.ScheduledThreadPoolExecutor$ScheduledFutureTask.access$201(ScheduledThreadPoolExecutor.java:180)
	at java.util.concurrent.ScheduledThreadPoolExecutor$ScheduledFutureTask.run(ScheduledThreadPoolExecutor.java:293)
	at java.util.concurrent.ThreadPoolExecutor.runWorker(ThreadPoolExecutor.java:1149)
	at java.util.concurrent.ThreadPoolExecutor$Worker.run(ThreadPoolExecutor.java:624)
	at java.lang.Thread.run(Thread.java:748)

]]></system-err>
  </testcase>
  <testcase name="testFailureWithPrimeSizedData" classname="org.apache.hadoop.ozone.client.rpc.TestBlockOutputStreamWithFailures" time="38.245"/>
  <testcase name="testWatchForCommitWithCloseContainerException" classname="org.apache.hadoop.ozone.client.rpc.TestBlockOutputStreamWithFailures" time="34.378"/>
  <testcase name="testExceptionDuringClose" classname="org.apache.hadoop.ozone.client.rpc.TestBlockOutputStreamWithFailures" time="33.926"/>
</testsuite>